[2022-06-14T19:15:58.705Z] ================================================================================
[2022-06-14T19:15:58.705Z]                              setup (RelWithDebInfo)
[2022-06-14T19:15:58.705Z] ================================================================================
[Pipeline] }
[Pipeline] // withEnv
[Pipeline] }
[Pipeline] // stage
[Pipeline] }
[Pipeline] // timestamps
[Pipeline] }
[Pipeline] // timeout
[Pipeline] timeout
Timeout set to expire in 6 hr 0 min
[Pipeline] {
[Pipeline] timestamps
[Pipeline] {
[Pipeline] stage
[Pipeline] { (Clean)
[Pipeline] withEnv
[Pipeline] {
[Pipeline] sh
[2022-06-14T19:16:01.999Z] + scl enable devtoolset-6 -
[2022-06-14T19:16:02.000Z] python ecg-maya-usd/build.py --stages=clean --workspace-dir=/local/S/jenkins/workspace/ECP/ecg-maya-usd/ecg-mayausd-branch-preflight-2022-python3-linux --artifactory-dir=/local/S/jenkins/workspace/shared/Artifactory --build-dir=/local/S/jenkins/workspace/ECP/ecg-maya-usd/ecg-mayausd-branch-preflight-2022-python3-linux/build --install-dir=/local/S/jenkins/workspace/ECP/ecg-maya-usd/ecg-mayausd-branch-preflight-2022-python3-linux/install --signing-dir=/local/S/jenkins/workspace/ECP/ecg-maya-usd/ecg-mayausd-branch-preflight-2022-python3-linux/signing --package-dir=/local/S/jenkins/workspace/ECP/ecg-maya-usd/ecg-mayausd-branch-preflight-2022-python3-linux/package --output-dir=/local/S/jenkins/workspace/ECP/ecg-maya-usd/ecg-mayausd-branch-preflight-2022-python3-linux/output --stash-dir=/local/S/jenkins/workspace/ECP/ecg-maya-usd/ecg-mayausd-branch-preflight-2022-python3-linux/stash --jenkins-build=4 --git-commit=69bc0d588da47c39f7a93340b1896e7595728f12 --git-branch=master --variants=RelWithDebInfo --python=3.7 --post-zips=false --maya-cut-config=maya-rundev-2022.yaml --stage-banner
[2022-06-14T19:16:02.447Z] Using Maya cut from /local/S/jenkins/workspace/shared/Artifactory/Linux/rundev-2022/202205171752/runtime/997a494
[2022-06-14T19:16:02.447Z] 
[2022-06-14T19:16:02.447Z] ================================================================================
[2022-06-14T19:16:02.447Z]                              clean (RelWithDebInfo)
[2022-06-14T19:16:02.447Z] ================================================================================
[2022-06-14T19:16:02.447Z] Maya Python RelWithDebInfo Info:
[2022-06-14T19:16:02.447Z]   mayapy executable   = /local/S/jenkins/workspace/shared/Artifactory/Linux/rundev-2022/202205171752/runtime/997a494/runTime/bin/mayapy
[2022-06-14T19:16:02.447Z]   Include Folder      = /local/S/jenkins/workspace/shared/Artifactory/Linux/rundev-2022/202205171752/runtime/997a494/runTime/include/Python37/Python
[2022-06-14T19:16:02.447Z]   Library             = /local/S/jenkins/workspace/shared/Artifactory/Linux/rundev-2022/202205171752/runtime/997a494/runTime/lib/libpython3.7m.so.1.0
[2022-06-14T19:16:02.447Z]   site-package Folder = /local/S/jenkins/workspace/shared/Artifactory/Linux/rundev-2022/202205171752/runtime/997a494/runTime/lib/python3.7/site-packages
[2022-06-14T19:16:03.313Z] In workdir: /home/S/jenkins/workspace/ECP/ecg-maya-usd/ecg-mayausd-branch-preflight-2022-python3-linux/ecg-maya-usd/maya-usd
[2022-06-14T19:16:03.313Z] Executing: /local/S/jenkins/workspace/shared/Artifactory/Linux/rundev-2022/202205171752/runtime/997a494/runTime/bin/mayapy /home/S/jenkins/workspace/ECP/ecg-maya-usd/ecg-mayausd-branch-preflight-2022-python3-linux/ecg-maya-usd/maya-usd/build.py --generator Ninja --build-relwithdebug --maya-location /local/S/jenkins/workspace/shared/Artifactory/Linux/rundev-2022/202205171752/runtime/997a494/runTime --devkit-location /local/S/jenkins/workspace/shared/Artifactory/Linux/rundev-2022/202205171752/runtime/997a494/devkitBase --pxrusd-location /local/S/jenkins/workspace/shared/Artifactory/Linux/USD/d547a10 --qt-location /local/S/jenkins/workspace/shared/Artifactory/Linux/qt/5.15.2/49402fc --build-args=-DCMAKE_MAKE_PROGRAM=/local/S/jenkins/workspace/shared/Artifactory/Linux/ninja/1.9.0/aca9939/ninja,-DPYTHON_INCLUDE_DIR=/local/S/jenkins/workspace/shared/Artifactory/Linux/rundev-2022/202205171752/runtime/997a494/runTime/include/Python37/Python,-DPython_EXECUTABLE=/local/S/jenkins/workspace/shared/Artifactory/Linux/rundev-2022/202205171752/runtime/997a494/runTime/bin/mayapy,-DPYTHON_LIBRARIES=/local/S/jenkins/workspace/shared/Artifactory/Linux/rundev-2022/202205171752/runtime/997a494/runTime/lib/libpython3.7m.so.1.0,-DBUILD_WITH_PYTHON_3=ON,-DUSD_LIB_PREFIX=lib,-DCMAKE_WANT_MATERIALX_BUILD=ON,-DCMAKE_PREFIX_PATH=/local/S/jenkins/workspace/shared/Artifactory/Linux/USD/d547a10 '--ctest-args=-E testUsdReferenceAssemblySelection|testUsdMayaAppDir,-LE interactive,--parallel 16' --stages=clean --redirect-outstream-file=False --install-location /local/S/jenkins/workspace/ECP/ecg-maya-usd/ecg-mayausd-branch-preflight-2022-python3-linux/install/RelWithDebInfo/MayaUSD /local/S/jenkins/workspace/ECP/ecg-maya-usd/ecg-mayausd-branch-preflight-2022-python3-linux
[2022-06-14T19:16:03.313Z] Modified environment variables:
[2022-06-14T19:16:03.313Z]     PATH=/local/S/jenkins/workspace/shared/Artifactory/Linux/cmake/3.14.4/656573b/bin:/opt/rh/devtoolset-6/root/usr/bin:/usr/local/bin:/usr/bin
[2022-06-14T19:16:03.313Z]     LD_LIBRARY_PATH=/opt/rh/devtoolset-6/root/usr/lib64:/opt/rh/devtoolset-6/root/usr/lib64:/opt/rh/devtoolset-6/root/usr/lib
[2022-06-14T19:16:03.313Z]     
[2022-06-14T19:16:03.313Z]         Building with settings:
[2022-06-14T19:16:03.313Z]           Source directory          /home/S/jenkins/workspace/ECP/ecg-maya-usd/ecg-mayausd-branch-preflight-2022-python3-linux/ecg-maya-usd/maya-usd
[2022-06-14T19:16:03.313Z]           Workspace directory       /local/S/jenkins/workspace/ECP/ecg-maya-usd/ecg-mayausd-branch-preflight-2022-python3-linux
[2022-06-14T19:16:03.313Z]           Build directory           /local/S/jenkins/workspace/ECP/ecg-maya-usd/ecg-mayausd-branch-preflight-2022-python3-linux/build/RelWithDebInfo
[2022-06-14T19:16:03.313Z]           Install directory         /local/S/jenkins/workspace/ECP/ecg-maya-usd/ecg-mayausd-branch-preflight-2022-python3-linux/install/RelWithDebInfo/MayaUSD
[2022-06-14T19:16:03.313Z]           Variant                   RelWithDebInfo
[2022-06-14T19:16:03.313Z]           Python Debug              Off
[2022-06-14T19:16:03.313Z]           CMake generator           Ninja
[2022-06-14T19:16:03.313Z]           Build arguments           ['-DCMAKE_MAKE_PROGRAM=/local/S/jenkins/workspace/shared/Artifactory/Linux/ninja/1.9.0/aca9939/ninja', '-DPYTHON_INCLUDE_DIR=/local/S/jenkins/workspace/shared/Artifactory/Linux/rundev-2022/202205171752/runtime/997a494/runTime/include/Python37/Python', '-DPython_EXECUTABLE=/local/S/jenkins/workspace/shared/Artifactory/Linux/rundev-2022/202205171752/runtime/997a494/runTime/bin/mayapy', '-DPYTHON_LIBRARIES=/local/S/jenkins/workspace/shared/Artifactory/Linux/rundev-2022/202205171752/runtime/997a494/runTime/lib/libpython3.7m.so.1.0', '-DBUILD_WITH_PYTHON_3=ON', '-DUSD_LIB_PREFIX=lib', '-DCMAKE_WANT_MATERIALX_BUILD=ON', '-DCMAKE_PREFIX_PATH=/local/S/jenkins/workspace/shared/Artifactory/Linux/USD/d547a10']
[2022-06-14T19:16:03.313Z]           Stages arguments          ['clean']
[2022-06-14T19:16:03.313Z]           CTest arguments           ['-E testUsdReferenceAssemblySelection|testUsdMayaAppDir', '-LE interactive', '--parallel 16']
[2022-06-14T19:16:03.313Z]     Success MayaUSD build and install !!!!
[2022-06-14T19:16:03.313Z]     Elapsed time: 00:00:00
[Pipeline] }
[Pipeline] // withEnv
[Pipeline] }
[Pipeline] // stage
[Pipeline] }
[Pipeline] // timestamps
[Pipeline] }
[Pipeline] // timeout
[Pipeline] timeout
Timeout set to expire in 6 hr 0 min
[Pipeline] {
[Pipeline] timestamps
[Pipeline] {
[Pipeline] stage
[Pipeline] { (Configure)
[Pipeline] withEnv
[Pipeline] {
[Pipeline] sh
[2022-06-14T19:16:05.479Z] + scl enable devtoolset-6 -
[2022-06-14T19:16:05.479Z] python ecg-maya-usd/build.py --stages=configure --workspace-dir=/local/S/jenkins/workspace/ECP/ecg-maya-usd/ecg-mayausd-branch-preflight-2022-python3-linux --artifactory-dir=/local/S/jenkins/workspace/shared/Artifactory --build-dir=/local/S/jenkins/workspace/ECP/ecg-maya-usd/ecg-mayausd-branch-preflight-2022-python3-linux/build --install-dir=/local/S/jenkins/workspace/ECP/ecg-maya-usd/ecg-mayausd-branch-preflight-2022-python3-linux/install --signing-dir=/local/S/jenkins/workspace/ECP/ecg-maya-usd/ecg-mayausd-branch-preflight-2022-python3-linux/signing --package-dir=/local/S/jenkins/workspace/ECP/ecg-maya-usd/ecg-mayausd-branch-preflight-2022-python3-linux/package --output-dir=/local/S/jenkins/workspace/ECP/ecg-maya-usd/ecg-mayausd-branch-preflight-2022-python3-linux/output --stash-dir=/local/S/jenkins/workspace/ECP/ecg-maya-usd/ecg-mayausd-branch-preflight-2022-python3-linux/stash --jenkins-build=4 --git-commit=69bc0d588da47c39f7a93340b1896e7595728f12 --git-branch=master --variants=RelWithDebInfo --python=3.7 --post-zips=false --maya-cut-config=maya-rundev-2022.yaml --stage-banner
[2022-06-14T19:16:05.872Z] Using Maya cut from /local/S/jenkins/workspace/shared/Artifactory/Linux/rundev-2022/202205171752/runtime/997a494
[2022-06-14T19:16:05.872Z] 
[2022-06-14T19:16:05.872Z] ================================================================================
[2022-06-14T19:16:05.872Z]                            configure (RelWithDebInfo)
[2022-06-14T19:16:05.872Z] ================================================================================
[2022-06-14T19:16:05.872Z] Maya Python RelWithDebInfo Info:
[2022-06-14T19:16:05.872Z]   mayapy executable   = /local/S/jenkins/workspace/shared/Artifactory/Linux/rundev-2022/202205171752/runtime/997a494/runTime/bin/mayapy
[2022-06-14T19:16:05.872Z]   Include Folder      = /local/S/jenkins/workspace/shared/Artifactory/Linux/rundev-2022/202205171752/runtime/997a494/runTime/include/Python37/Python
[2022-06-14T19:16:05.872Z]   Library             = /local/S/jenkins/workspace/shared/Artifactory/Linux/rundev-2022/202205171752/runtime/997a494/runTime/lib/libpython3.7m.so.1.0
[2022-06-14T19:16:05.872Z]   site-package Folder = /local/S/jenkins/workspace/shared/Artifactory/Linux/rundev-2022/202205171752/runtime/997a494/runTime/lib/python3.7/site-packages
[2022-06-14T19:16:06.299Z] In workdir: /home/S/jenkins/workspace/ECP/ecg-maya-usd/ecg-mayausd-branch-preflight-2022-python3-linux/ecg-maya-usd/maya-usd
[2022-06-14T19:16:06.299Z] Executing: /local/S/jenkins/workspace/shared/Artifactory/Linux/rundev-2022/202205171752/runtime/997a494/runTime/bin/mayapy /home/S/jenkins/workspace/ECP/ecg-maya-usd/ecg-mayausd-branch-preflight-2022-python3-linux/ecg-maya-usd/maya-usd/build.py --generator Ninja --build-relwithdebug --maya-location /local/S/jenkins/workspace/shared/Artifactory/Linux/rundev-2022/202205171752/runtime/997a494/runTime --devkit-location /local/S/jenkins/workspace/shared/Artifactory/Linux/rundev-2022/202205171752/runtime/997a494/devkitBase --pxrusd-location /local/S/jenkins/workspace/shared/Artifactory/Linux/USD/d547a10 --qt-location /local/S/jenkins/workspace/shared/Artifactory/Linux/qt/5.15.2/49402fc --build-args=-DCMAKE_MAKE_PROGRAM=/local/S/jenkins/workspace/shared/Artifactory/Linux/ninja/1.9.0/aca9939/ninja,-DPYTHON_INCLUDE_DIR=/local/S/jenkins/workspace/shared/Artifactory/Linux/rundev-2022/202205171752/runtime/997a494/runTime/include/Python37/Python,-DPython_EXECUTABLE=/local/S/jenkins/workspace/shared/Artifactory/Linux/rundev-2022/202205171752/runtime/997a494/runTime/bin/mayapy,-DPYTHON_LIBRARIES=/local/S/jenkins/workspace/shared/Artifactory/Linux/rundev-2022/202205171752/runtime/997a494/runTime/lib/libpython3.7m.so.1.0,-DBUILD_WITH_PYTHON_3=ON,-DUSD_LIB_PREFIX=lib,-DCMAKE_WANT_MATERIALX_BUILD=ON,-DCMAKE_PREFIX_PATH=/local/S/jenkins/workspace/shared/Artifactory/Linux/USD/d547a10 '--ctest-args=-E testUsdReferenceAssemblySelection|testUsdMayaAppDir,-LE interactive,--parallel 16' --stages=configure --redirect-outstream-file=False --install-location /local/S/jenkins/workspace/ECP/ecg-maya-usd/ecg-mayausd-branch-preflight-2022-python3-linux/install/RelWithDebInfo/MayaUSD /local/S/jenkins/workspace/ECP/ecg-maya-usd/ecg-mayausd-branch-preflight-2022-python3-linux
[2022-06-14T19:16:06.299Z] Modified environment variables:
[2022-06-14T19:16:06.299Z]     PATH=/local/S/jenkins/workspace/shared/Artifactory/Linux/cmake/3.14.4/656573b/bin:/opt/rh/devtoolset-6/root/usr/bin:/usr/local/bin:/usr/bin
[2022-06-14T19:16:06.299Z]     LD_LIBRARY_PATH=/opt/rh/devtoolset-6/root/usr/lib64:/opt/rh/devtoolset-6/root/usr/lib64:/opt/rh/devtoolset-6/root/usr/lib
[2022-06-14T19:16:06.733Z]     -- The C compiler identification is GNU 6.3.1
[2022-06-14T19:16:06.733Z]     -- The CXX compiler identification is GNU 6.3.1
[2022-06-14T19:16:06.733Z]     -- Check for working C compiler: /opt/rh/devtoolset-6/root/usr/bin/cc
[2022-06-14T19:16:07.157Z]     -- Check for working C compiler: /opt/rh/devtoolset-6/root/usr/bin/cc -- works
[2022-06-14T19:16:07.157Z]     -- Detecting C compiler ABI info
[2022-06-14T19:16:07.157Z]     -- Detecting C compiler ABI info - done
[2022-06-14T19:16:07.157Z]     -- Detecting C compile features
[2022-06-14T19:16:08.108Z]     -- Detecting C compile features - done
[2022-06-14T19:16:08.108Z]     -- Check for working CXX compiler: /opt/rh/devtoolset-6/root/usr/bin/c++
[2022-06-14T19:16:08.108Z]     -- Check for working CXX compiler: /opt/rh/devtoolset-6/root/usr/bin/c++ -- works
[2022-06-14T19:16:08.108Z]     -- Detecting CXX compiler ABI info
[2022-06-14T19:16:08.108Z]     -- Detecting CXX compiler ABI info - done
[2022-06-14T19:16:08.108Z]     -- Detecting CXX compile features
[2022-06-14T19:16:09.003Z]     -- Detecting CXX compile features - done
[2022-06-14T19:16:09.451Z]     -- Using Maya Light API Version 2
[2022-06-14T19:16:09.451Z]     -- Maya has setDefaultMaterialHandling API
[2022-06-14T19:16:09.451Z]     -- Maya has new point snapping API
[2022-06-14T19:16:09.451Z]     -- Maya has setUfeIdentifiers API
[2022-06-14T19:16:09.451Z]     -- Maya has updateUfeIdentifiers API
[2022-06-14T19:16:09.451Z]     -- Maya array iterator has difference_type trait
[2022-06-14T19:16:09.451Z]     -- Found Maya: /local/S/jenkins/workspace/shared/Artifactory/Linux/rundev-2022/202205171752/runtime/997a494/runTime/bin/maya (found suitable version "2022", minimum required is "2018")
[2022-06-14T19:16:09.880Z]     -- Found Python: /local/S/jenkins/workspace/shared/Artifactory/Linux/rundev-2022/202205171752/runtime/997a494/runTime/bin/mayapy (found suitable exact version "3.7.7") found components:  Interpreter
[2022-06-14T19:16:09.880Z]     -- Build MayaUSD with Python3 = ON
[2022-06-14T19:16:09.880Z]     --    PYTHON_INCLUDE_DIRS = /local/S/jenkins/workspace/shared/Artifactory/Linux/rundev-2022/202205171752/runtime/997a494/runTime/include/Python37/Python
[2022-06-14T19:16:09.880Z]     --    PYTHON_LIBRARIES    = /local/S/jenkins/workspace/shared/Artifactory/Linux/rundev-2022/202205171752/runtime/997a494/runTime/lib/libpython3.7m.so.1.0
[2022-06-14T19:16:09.880Z]     --    Python_EXECUTABLE   = /local/S/jenkins/workspace/shared/Artifactory/Linux/rundev-2022/202205171752/runtime/997a494/runTime/bin/mayapy
[2022-06-14T19:16:10.341Z]     -- USD include dir: /local/S/jenkins/workspace/shared/Artifactory/Linux/USD/d547a10/include
[2022-06-14T19:16:10.341Z]     -- USD library dir: /local/S/jenkins/workspace/shared/Artifactory/Linux/USD/d547a10/lib
[2022-06-14T19:16:10.341Z]     -- USD version: 0.21.11
[2022-06-14T19:16:10.341Z]     -- Found USD: /local/S/jenkins/workspace/shared/Artifactory/Linux/USD/d547a10 (found suitable version "0.21.11", minimum required is "0.20.05")
[2022-06-14T19:16:10.341Z]     Updated PYTHONPATH: /opt/rh/devtoolset-6/root/usr/lib64/python2.7/site-packages:/opt/rh/devtoolset-6/root/usr/lib/python2.7/site-packages:/local/S/jenkins/workspace/shared/Artifactory/Linux/USD/d547a10/lib/python
[2022-06-14T19:16:10.341Z]     -- UFE include dir: /local/S/jenkins/workspace/shared/Artifactory/Linux/rundev-2022/202205171752/runtime/997a494/devkitBase/devkit/ufe/include
[2022-06-14T19:16:10.341Z]     -- UFE library: /local/S/jenkins/workspace/shared/Artifactory/Linux/rundev-2022/202205171752/runtime/997a494/devkitBase/devkit/ufe/lib/libufe_2.so
[2022-06-14T19:16:10.341Z]     -- UFE version: 2.1.0
[2022-06-14T19:16:10.341Z]     -- Building with UFE 2.1.0 features enabled.
[2022-06-14T19:16:10.341Z]     -- Found MaterialX
[2022-06-14T19:16:10.341Z]     -- Building with Qt features enabled.
[2022-06-14T19:16:10.341Z]     -- **** Building Gulrak From Github Repository.
[2022-06-14T19:16:10.341Z]     -- Populating gulrak
[2022-06-14T19:16:10.341Z]     -- Configuring done
[2022-06-14T19:16:10.341Z]     -- Generating done
[2022-06-14T19:16:10.341Z]     -- Build files have been written to: /home/S/jenkins/workspace/ECP/ecg-maya-usd/ecg-mayausd-branch-preflight-2022-python3-linux/build/RelWithDebInfo/_deps/gulrak-subbuild
[2022-06-14T19:16:10.727Z]     [1/9] Creating directories for 'gulrak-populate'
[2022-06-14T19:16:10.727Z]     [1/9] Performing download step (git clone) for 'gulrak-populate'
[2022-06-14T19:16:10.727Z]     Cloning into 'gulrak-src'...
[2022-06-14T19:16:12.231Z]     HEAD is now at 4e21ab3 Version bump and updated readme.
[2022-06-14T19:16:13.126Z]     [2/9] Performing update step for 'gulrak-populate'
[2022-06-14T19:16:13.545Z]     [3/9] No patch step for 'gulrak-populate'
[2022-06-14T19:16:13.545Z]     [5/9] No configure step for 'gulrak-populate'
[2022-06-14T19:16:13.545Z]     [6/9] No build step for 'gulrak-populate'
[2022-06-14T19:16:13.545Z]     [7/9] No install step for 'gulrak-populate'
[2022-06-14T19:16:13.545Z]     [8/9] No test step for 'gulrak-populate'
[2022-06-14T19:16:13.545Z]     [9/9] Completed 'gulrak-populate'
[2022-06-14T19:16:13.545Z]     -- ========== Installing GoogleTest... ==========
[2022-06-14T19:16:13.545Z]     -- Configuring done
[2022-06-14T19:16:13.545Z]     -- Generating done
[2022-06-14T19:16:13.545Z]     -- Build files have been written to: /home/S/jenkins/workspace/ECP/ecg-maya-usd/ecg-mayausd-branch-preflight-2022-python3-linux/build/RelWithDebInfo/googletest-config
[2022-06-14T19:16:13.956Z]     [1/8] Creating directories for 'googletest'
[2022-06-14T19:16:18.709Z]     [2/8] Performing download step (git clone) for 'googletest'
[2022-06-14T19:16:18.709Z]     Cloning into 'googletest-src'...
[2022-06-14T19:16:18.709Z]     HEAD is now at 703bd9ca Googletest export
[2022-06-14T19:16:18.709Z]     [3/8] No patch step for 'googletest'
[2022-06-14T19:16:18.709Z]     [4/8] Performing update step for 'googletest'
[2022-06-14T19:16:22.547Z]     [5/8] Performing configure step for 'googletest'
[2022-06-14T19:16:22.547Z]     -- The C compiler identification is GNU 6.3.1
[2022-06-14T19:16:22.547Z]     -- The CXX compiler identification is GNU 6.3.1
[2022-06-14T19:16:22.547Z]     -- Check for working C compiler: /opt/rh/devtoolset-6/root/usr/bin/cc
[2022-06-14T19:16:22.547Z]     -- Check for working C compiler: /opt/rh/devtoolset-6/root/usr/bin/cc -- works
[2022-06-14T19:16:22.547Z]     -- Detecting C compiler ABI info
[2022-06-14T19:16:22.547Z]     -- Detecting C compiler ABI info - done
[2022-06-14T19:16:22.547Z]     -- Detecting C compile features
[2022-06-14T19:16:22.547Z]     -- Detecting C compile features - done
[2022-06-14T19:16:22.547Z]     -- Check for working CXX compiler: /opt/rh/devtoolset-6/root/usr/bin/c++
[2022-06-14T19:16:22.547Z]     -- Check for working CXX compiler: /opt/rh/devtoolset-6/root/usr/bin/c++ -- works
[2022-06-14T19:16:22.547Z]     -- Detecting CXX compiler ABI info
[2022-06-14T19:16:22.547Z]     -- Detecting CXX compiler ABI info - done
[2022-06-14T19:16:22.547Z]     -- Detecting CXX compile features
[2022-06-14T19:16:22.547Z]     -- Detecting CXX compile features - done
[2022-06-14T19:16:22.547Z]     -- Found PythonInterp: /usr/bin/python (found version "2.7.11")
[2022-06-14T19:16:22.547Z]     -- Looking for pthread.h
[2022-06-14T19:16:22.547Z]     -- Looking for pthread.h - found
[2022-06-14T19:16:22.547Z]     -- Looking for pthread_create
[2022-06-14T19:16:22.547Z]     -- Looking for pthread_create - not found
[2022-06-14T19:16:22.547Z]     -- Looking for pthread_create in pthreads
[2022-06-14T19:16:22.547Z]     -- Looking for pthread_create in pthreads - not found
[2022-06-14T19:16:22.547Z]     -- Looking for pthread_create in pthread
[2022-06-14T19:16:22.547Z]     -- Looking for pthread_create in pthread - found
[2022-06-14T19:16:22.547Z]     -- Found Threads: TRUE
[2022-06-14T19:16:22.547Z]     -- Configuring done
[2022-06-14T19:16:22.547Z]     -- Generating done
[2022-06-14T19:16:22.547Z]     -- Build files have been written to: /home/S/jenkins/workspace/ECP/ecg-maya-usd/ecg-mayausd-branch-preflight-2022-python3-linux/build/RelWithDebInfo/googletest-build
[2022-06-14T19:16:30.665Z]     [6/8] Performing build step for 'googletest'
[2022-06-14T19:16:30.665Z]     [1/4] Building CXX object googletest/CMakeFiles/gtest_main.dir/src/gtest_main.cc.o
[2022-06-14T19:16:30.665Z]     [2/4] Building CXX object googletest/CMakeFiles/gtest.dir/src/gtest-all.cc.o
[2022-06-14T19:16:30.665Z]     [3/4] Linking CXX shared library lib/libgtest.so
[2022-06-14T19:16:30.666Z]     [4/4] Linking CXX shared library lib/libgtest_main.so
[2022-06-14T19:16:30.666Z]     [7/8] Performing install step for 'googletest'
[2022-06-14T19:16:30.666Z]     [0/1] Install the project...
[2022-06-14T19:16:30.666Z]     -- Install configuration: "RelWithDebInfo"
[2022-06-14T19:16:30.666Z]     -- Installing: /home/S/jenkins/workspace/ECP/ecg-maya-usd/ecg-mayausd-branch-preflight-2022-python3-linux/build/RelWithDebInfo/googletest-install/lib64/cmake/GTest/GTestTargets.cmake
[2022-06-14T19:16:30.666Z]     -- Installing: /home/S/jenkins/workspace/ECP/ecg-maya-usd/ecg-mayausd-branch-preflight-2022-python3-linux/build/RelWithDebInfo/googletest-install/lib64/cmake/GTest/GTestTargets-relwithdebinfo.cmake
[2022-06-14T19:16:30.666Z]     -- Installing: /home/S/jenkins/workspace/ECP/ecg-maya-usd/ecg-mayausd-branch-preflight-2022-python3-linux/build/RelWithDebInfo/googletest-install/lib64/cmake/GTest/GTestConfigVersion.cmake
[2022-06-14T19:16:30.666Z]     -- Installing: /home/S/jenkins/workspace/ECP/ecg-maya-usd/ecg-mayausd-branch-preflight-2022-python3-linux/build/RelWithDebInfo/googletest-install/lib64/cmake/GTest/GTestConfig.cmake
[2022-06-14T19:16:30.666Z]     -- Installing: /home/S/jenkins/workspace/ECP/ecg-maya-usd/ecg-mayausd-branch-preflight-2022-python3-linux/build/RelWithDebInfo/googletest-install/include
[2022-06-14T19:16:30.666Z]     -- Installing: /home/S/jenkins/workspace/ECP/ecg-maya-usd/ecg-mayausd-branch-preflight-2022-python3-linux/build/RelWithDebInfo/googletest-install/include/gtest
[2022-06-14T19:16:30.666Z]     -- Installing: /home/S/jenkins/workspace/ECP/ecg-maya-usd/ecg-mayausd-branch-preflight-2022-python3-linux/build/RelWithDebInfo/googletest-install/include/gtest/internal
[2022-06-14T19:16:30.666Z]     -- Installing: /home/S/jenkins/workspace/ECP/ecg-maya-usd/ecg-mayausd-branch-preflight-2022-python3-linux/build/RelWithDebInfo/googletest-install/include/gtest/internal/custom
[2022-06-14T19:16:30.666Z]     -- Installing: /home/S/jenkins/workspace/ECP/ecg-maya-usd/ecg-mayausd-branch-preflight-2022-python3-linux/build/RelWithDebInfo/googletest-install/include/gtest/internal/custom/README.md
[2022-06-14T19:16:30.666Z]     -- Installing: /home/S/jenkins/workspace/ECP/ecg-maya-usd/ecg-mayausd-branch-preflight-2022-python3-linux/build/RelWithDebInfo/googletest-install/include/gtest/internal/custom/gtest-port.h
[2022-06-14T19:16:30.666Z]     -- Installing: /home/S/jenkins/workspace/ECP/ecg-maya-usd/ecg-mayausd-branch-preflight-2022-python3-linux/build/RelWithDebInfo/googletest-install/include/gtest/internal/custom/gtest-printers.h
[2022-06-14T19:16:30.666Z]     -- Installing: /home/S/jenkins/workspace/ECP/ecg-maya-usd/ecg-mayausd-branch-preflight-2022-python3-linux/build/RelWithDebInfo/googletest-install/include/gtest/internal/custom/gtest.h
[2022-06-14T19:16:30.666Z]     -- Installing: /home/S/jenkins/workspace/ECP/ecg-maya-usd/ecg-mayausd-branch-preflight-2022-python3-linux/build/RelWithDebInfo/googletest-install/include/gtest/internal/gtest-death-test-internal.h
[2022-06-14T19:16:30.666Z]     -- Installing: /home/S/jenkins/workspace/ECP/ecg-maya-usd/ecg-mayausd-branch-preflight-2022-python3-linux/build/RelWithDebInfo/googletest-install/include/gtest/internal/gtest-filepath.h
[2022-06-14T19:16:30.666Z]     -- Installing: /home/S/jenkins/workspace/ECP/ecg-maya-usd/ecg-mayausd-branch-preflight-2022-python3-linux/build/RelWithDebInfo/googletest-install/include/gtest/internal/gtest-internal.h
[2022-06-14T19:16:30.666Z]     -- Installing: /home/S/jenkins/workspace/ECP/ecg-maya-usd/ecg-mayausd-branch-preflight-2022-python3-linux/build/RelWithDebInfo/googletest-install/include/gtest/internal/gtest-param-util.h
[2022-06-14T19:16:30.666Z]     -- Installing: /home/S/jenkins/workspace/ECP/ecg-maya-usd/ecg-mayausd-branch-preflight-2022-python3-linux/build/RelWithDebInfo/googletest-install/include/gtest/internal/gtest-port-arch.h
[2022-06-14T19:16:30.666Z]     -- Installing: /home/S/jenkins/workspace/ECP/ecg-maya-usd/ecg-mayausd-branch-preflight-2022-python3-linux/build/RelWithDebInfo/googletest-install/include/gtest/internal/gtest-port.h
[2022-06-14T19:16:30.666Z]     -- Installing: /home/S/jenkins/workspace/ECP/ecg-maya-usd/ecg-mayausd-branch-preflight-2022-python3-linux/build/RelWithDebInfo/googletest-install/include/gtest/internal/gtest-string.h
[2022-06-14T19:16:30.666Z]     -- Installing: /home/S/jenkins/workspace/ECP/ecg-maya-usd/ecg-mayausd-branch-preflight-2022-python3-linux/build/RelWithDebInfo/googletest-install/include/gtest/internal/gtest-type-util.h
[2022-06-14T19:16:30.666Z]     -- Installing: /home/S/jenkins/workspace/ECP/ecg-maya-usd/ecg-mayausd-branch-preflight-2022-python3-linux/build/RelWithDebInfo/googletest-install/include/gtest/internal/gtest-type-util.h.pump
[2022-06-14T19:16:30.666Z]     -- Installing: /home/S/jenkins/workspace/ECP/ecg-maya-usd/ecg-mayausd-branch-preflight-2022-python3-linux/build/RelWithDebInfo/googletest-install/include/gtest/gtest-death-test.h
[2022-06-14T19:16:30.666Z]     -- Installing: /home/S/jenkins/workspace/ECP/ecg-maya-usd/ecg-mayausd-branch-preflight-2022-python3-linux/build/RelWithDebInfo/googletest-install/include/gtest/gtest-matchers.h
[2022-06-14T19:16:30.666Z]     -- Installing: /home/S/jenkins/workspace/ECP/ecg-maya-usd/ecg-mayausd-branch-preflight-2022-python3-linux/build/RelWithDebInfo/googletest-install/include/gtest/gtest-message.h
[2022-06-14T19:16:30.666Z]     -- Installing: /home/S/jenkins/workspace/ECP/ecg-maya-usd/ecg-mayausd-branch-preflight-2022-python3-linux/build/RelWithDebInfo/googletest-install/include/gtest/gtest-param-test.h
[2022-06-14T19:16:30.666Z]     -- Installing: /home/S/jenkins/workspace/ECP/ecg-maya-usd/ecg-mayausd-branch-preflight-2022-python3-linux/build/RelWithDebInfo/googletest-install/include/gtest/gtest-printers.h
[2022-06-14T19:16:30.666Z]     -- Installing: /home/S/jenkins/workspace/ECP/ecg-maya-usd/ecg-mayausd-branch-preflight-2022-python3-linux/build/RelWithDebInfo/googletest-install/include/gtest/gtest-spi.h
[2022-06-14T19:16:30.666Z]     -- Installing: /home/S/jenkins/workspace/ECP/ecg-maya-usd/ecg-mayausd-branch-preflight-2022-python3-linux/build/RelWithDebInfo/googletest-install/include/gtest/gtest-test-part.h
[2022-06-14T19:16:30.666Z]     -- Installing: /home/S/jenkins/workspace/ECP/ecg-maya-usd/ecg-mayausd-branch-preflight-2022-python3-linux/build/RelWithDebInfo/googletest-install/include/gtest/gtest-typed-test.h
[2022-06-14T19:16:30.666Z]     -- Installing: /home/S/jenkins/workspace/ECP/ecg-maya-usd/ecg-mayausd-branch-preflight-2022-python3-linux/build/RelWithDebInfo/googletest-install/include/gtest/gtest.h
[2022-06-14T19:16:30.666Z]     -- Installing: /home/S/jenkins/workspace/ECP/ecg-maya-usd/ecg-mayausd-branch-preflight-2022-python3-linux/build/RelWithDebInfo/googletest-install/include/gtest/gtest_pred_impl.h
[2022-06-14T19:16:30.666Z]     -- Installing: /home/S/jenkins/workspace/ECP/ecg-maya-usd/ecg-mayausd-branch-preflight-2022-python3-linux/build/RelWithDebInfo/googletest-install/include/gtest/gtest_prod.h
[2022-06-14T19:16:30.666Z]     -- Installing: /home/S/jenkins/workspace/ECP/ecg-maya-usd/ecg-mayausd-branch-preflight-2022-python3-linux/build/RelWithDebInfo/googletest-install/lib64/libgtest.so
[2022-06-14T19:16:30.666Z]     -- Installing: /home/S/jenkins/workspace/ECP/ecg-maya-usd/ecg-mayausd-branch-preflight-2022-python3-linux/build/RelWithDebInfo/googletest-install/lib64/libgtest_main.so
[2022-06-14T19:16:30.666Z]     -- Set runtime path of "/home/S/jenkins/workspace/ECP/ecg-maya-usd/ecg-mayausd-branch-preflight-2022-python3-linux/build/RelWithDebInfo/googletest-install/lib64/libgtest_main.so" to ""
[2022-06-14T19:16:30.666Z]     -- Installing: /home/S/jenkins/workspace/ECP/ecg-maya-usd/ecg-mayausd-branch-preflight-2022-python3-linux/build/RelWithDebInfo/googletest-install/lib64/pkgconfig/gtest.pc
[2022-06-14T19:16:30.666Z]     -- Installing: /home/S/jenkins/workspace/ECP/ecg-maya-usd/ecg-mayausd-branch-preflight-2022-python3-linux/build/RelWithDebInfo/googletest-install/lib64/pkgconfig/gtest_main.pc
[2022-06-14T19:16:30.666Z]     [8/8] Completed 'googletest'
[2022-06-14T19:16:30.666Z]     -- ========== ...  GoogleTest installed. ==========
[2022-06-14T19:16:31.606Z]     -- MAYA_HAS_DEFAULT_MATERIAL_API is TRUE
[2022-06-14T19:16:31.606Z]     -- MAYA_NEW_POINT_SNAPPING_SUPPORT is TRUE
[2022-06-14T19:16:31.606Z]     -- MAYA_HAS_CRASH_DETECTION is FALSE
[2022-06-14T19:16:31.606Z]     -- MAYA_CURRENT_UFE_CAMERA_SUPPORT is FALSE
[2022-06-14T19:16:31.606Z]     -- MAYA_MRENDERITEM_UFE_IDENTIFIER_SUPPORT is TRUE
[2022-06-14T19:16:31.606Z]     -- MAYA_UPDATE_UFE_IDENTIFIER_SUPPORT is TRUE
[2022-06-14T19:16:31.606Z]     -- MAYA_HAS_DISPLAY_STYLE_ALL_VIEWPORTS is FALSE
[2022-06-14T19:16:31.606Z]     -- MAYA_ARRAY_ITERATOR_DIFFERENCE_TYPE_SUPPORT is TRUE
[2022-06-14T19:16:31.606Z]     -- MAYA_HAS_GET_MEMBER_PATHS is FALSE
[2022-06-14T19:16:31.606Z]     -- promoting: /home/S/jenkins/workspace/ECP/ecg-maya-usd/ecg-mayausd-branch-preflight-2022-python3-linux/ecg-maya-usd/maya-usd/lib/mayaUsd/base/mayaUsd.h.src
[2022-06-14T19:16:31.606Z]     -- promoting: /home/S/jenkins/workspace/ECP/ecg-maya-usd/ecg-mayausd-branch-preflight-2022-python3-linux/ecg-maya-usd/maya-usd/lib/mayaUsd/base/api.h
[2022-06-14T19:16:31.606Z]     -- promoting: /home/S/jenkins/workspace/ECP/ecg-maya-usd/ecg-mayausd-branch-preflight-2022-python3-linux/ecg-maya-usd/maya-usd/lib/mayaUsd/base/debugCodes.h
[2022-06-14T19:16:31.606Z]     -- promoting: /home/S/jenkins/workspace/ECP/ecg-maya-usd/ecg-mayausd-branch-preflight-2022-python3-linux/ecg-maya-usd/maya-usd/lib/mayaUsd/base/id.h
[2022-06-14T19:16:31.606Z]     -- promoting: /home/S/jenkins/workspace/ECP/ecg-maya-usd/ecg-mayausd-branch-preflight-2022-python3-linux/ecg-maya-usd/maya-usd/lib/mayaUsd/base/syncId.h
[2022-06-14T19:16:31.606Z]     -- promoting: /home/S/jenkins/workspace/ECP/ecg-maya-usd/ecg-mayausd-branch-preflight-2022-python3-linux/ecg-maya-usd/maya-usd/lib/mayaUsd/base/tokens.h
[2022-06-14T19:16:31.606Z]     -- promoting: /home/S/jenkins/workspace/ECP/ecg-maya-usd/ecg-mayausd-branch-preflight-2022-python3-linux/ecg-maya-usd/maya-usd/lib/mayaUsd/commands/abstractLayerEditorWindow.h
[2022-06-14T19:16:31.606Z]     -- promoting: /home/S/jenkins/workspace/ECP/ecg-maya-usd/ecg-mayausd-branch-preflight-2022-python3-linux/ecg-maya-usd/maya-usd/lib/mayaUsd/commands/baseExportCommand.h
[2022-06-14T19:16:31.606Z]     -- promoting: /home/S/jenkins/workspace/ECP/ecg-maya-usd/ecg-mayausd-branch-preflight-2022-python3-linux/ecg-maya-usd/maya-usd/lib/mayaUsd/commands/baseImportCommand.h
[2022-06-14T19:16:31.606Z]     -- promoting: /home/S/jenkins/workspace/ECP/ecg-maya-usd/ecg-mayausd-branch-preflight-2022-python3-linux/ecg-maya-usd/maya-usd/lib/mayaUsd/commands/baseListJobContextsCommand.h
[2022-06-14T19:16:31.606Z]     -- promoting: /home/S/jenkins/workspace/ECP/ecg-maya-usd/ecg-mayausd-branch-preflight-2022-python3-linux/ecg-maya-usd/maya-usd/lib/mayaUsd/commands/baseListShadingModesCommand.h
[2022-06-14T19:16:31.606Z]     -- promoting: /home/S/jenkins/workspace/ECP/ecg-maya-usd/ecg-mayausd-branch-preflight-2022-python3-linux/ecg-maya-usd/maya-usd/lib/mayaUsd/commands/editTargetCommand.h
[2022-06-14T19:16:31.606Z]     -- promoting: /home/S/jenkins/workspace/ECP/ecg-maya-usd/ecg-mayausd-branch-preflight-2022-python3-linux/ecg-maya-usd/maya-usd/lib/mayaUsd/commands/layerEditorCommand.h
[2022-06-14T19:16:31.606Z]     -- promoting: /home/S/jenkins/workspace/ECP/ecg-maya-usd/ecg-mayausd-branch-preflight-2022-python3-linux/ecg-maya-usd/maya-usd/lib/mayaUsd/commands/layerEditorWindowCommand.h
[2022-06-14T19:16:31.606Z]     -- promoting: /home/S/jenkins/workspace/ECP/ecg-maya-usd/ecg-mayausd-branch-preflight-2022-python3-linux/ecg-maya-usd/maya-usd/lib/mayaUsd/fileio/fallbackPrimReader.h
[2022-06-14T19:16:31.606Z]     -- promoting: /home/S/jenkins/workspace/ECP/ecg-maya-usd/ecg-mayausd-branch-preflight-2022-python3-linux/ecg-maya-usd/maya-usd/lib/mayaUsd/fileio/functorPrimReader.h
[2022-06-14T19:16:31.606Z]     -- promoting: /home/S/jenkins/workspace/ECP/ecg-maya-usd/ecg-mayausd-branch-preflight-2022-python3-linux/ecg-maya-usd/maya-usd/lib/mayaUsd/fileio/functorPrimWriter.h
[2022-06-14T19:16:31.606Z]     -- promoting: /home/S/jenkins/workspace/ECP/ecg-maya-usd/ecg-mayausd-branch-preflight-2022-python3-linux/ecg-maya-usd/maya-usd/lib/mayaUsd/fileio/importData.h
[2022-06-14T19:16:31.606Z]     -- promoting: /home/S/jenkins/workspace/ECP/ecg-maya-usd/ecg-mayausd-branch-preflight-2022-python3-linux/ecg-maya-usd/maya-usd/lib/mayaUsd/fileio/instancedNodeWriter.h
[2022-06-14T19:16:31.606Z]     -- promoting: /home/S/jenkins/workspace/ECP/ecg-maya-usd/ecg-mayausd-branch-preflight-2022-python3-linux/ecg-maya-usd/maya-usd/lib/mayaUsd/fileio/jobContextRegistry.h
[2022-06-14T19:16:31.606Z]     -- promoting: /home/S/jenkins/workspace/ECP/ecg-maya-usd/ecg-mayausd-branch-preflight-2022-python3-linux/ecg-maya-usd/maya-usd/lib/mayaUsd/fileio/primReader.h
[2022-06-14T19:16:31.606Z]     -- promoting: /home/S/jenkins/workspace/ECP/ecg-maya-usd/ecg-mayausd-branch-preflight-2022-python3-linux/ecg-maya-usd/maya-usd/lib/mayaUsd/fileio/primReaderArgs.h
[2022-06-14T19:16:31.606Z]     -- promoting: /home/S/jenkins/workspace/ECP/ecg-maya-usd/ecg-mayausd-branch-preflight-2022-python3-linux/ecg-maya-usd/maya-usd/lib/mayaUsd/fileio/primReaderContext.h
[2022-06-14T19:16:31.606Z]     -- promoting: /home/S/jenkins/workspace/ECP/ecg-maya-usd/ecg-mayausd-branch-preflight-2022-python3-linux/ecg-maya-usd/maya-usd/lib/mayaUsd/fileio/primReaderRegistry.h
[2022-06-14T19:16:31.606Z]     -- promoting: /home/S/jenkins/workspace/ECP/ecg-maya-usd/ecg-mayausd-branch-preflight-2022-python3-linux/ecg-maya-usd/maya-usd/lib/mayaUsd/fileio/primWriter.h
[2022-06-14T19:16:31.606Z]     -- promoting: /home/S/jenkins/workspace/ECP/ecg-maya-usd/ecg-mayausd-branch-preflight-2022-python3-linux/ecg-maya-usd/maya-usd/lib/mayaUsd/fileio/primWriterArgs.h
[2022-06-14T19:16:31.606Z]     -- promoting: /home/S/jenkins/workspace/ECP/ecg-maya-usd/ecg-mayausd-branch-preflight-2022-python3-linux/ecg-maya-usd/maya-usd/lib/mayaUsd/fileio/primWriterContext.h
[2022-06-14T19:16:31.606Z]     -- promoting: /home/S/jenkins/workspace/ECP/ecg-maya-usd/ecg-mayausd-branch-preflight-2022-python3-linux/ecg-maya-usd/maya-usd/lib/mayaUsd/fileio/primWriterRegistry.h
[2022-06-14T19:16:31.606Z]     -- promoting: /home/S/jenkins/workspace/ECP/ecg-maya-usd/ecg-mayausd-branch-preflight-2022-python3-linux/ecg-maya-usd/maya-usd/lib/mayaUsd/fileio/registryHelper.h
[2022-06-14T19:16:31.606Z]     -- promoting: /home/S/jenkins/workspace/ECP/ecg-maya-usd/ecg-mayausd-branch-preflight-2022-python3-linux/ecg-maya-usd/maya-usd/lib/mayaUsd/fileio/schemaApiAdaptor.h
[2022-06-14T19:16:31.606Z]     -- promoting: /home/S/jenkins/workspace/ECP/ecg-maya-usd/ecg-mayausd-branch-preflight-2022-python3-linux/ecg-maya-usd/maya-usd/lib/mayaUsd/fileio/schemaApiAdaptorRegistry.h
[2022-06-14T19:16:31.606Z]     -- promoting: /home/S/jenkins/workspace/ECP/ecg-maya-usd/ecg-mayausd-branch-preflight-2022-python3-linux/ecg-maya-usd/maya-usd/lib/mayaUsd/fileio/shaderReader.h
[2022-06-14T19:16:31.606Z]     -- promoting: /home/S/jenkins/workspace/ECP/ecg-maya-usd/ecg-mayausd-branch-preflight-2022-python3-linux/ecg-maya-usd/maya-usd/lib/mayaUsd/fileio/shaderReaderRegistry.h
[2022-06-14T19:16:31.606Z]     -- promoting: /home/S/jenkins/workspace/ECP/ecg-maya-usd/ecg-mayausd-branch-preflight-2022-python3-linux/ecg-maya-usd/maya-usd/lib/mayaUsd/fileio/shaderWriter.h
[2022-06-14T19:16:31.606Z]     -- promoting: /home/S/jenkins/workspace/ECP/ecg-maya-usd/ecg-mayausd-branch-preflight-2022-python3-linux/ecg-maya-usd/maya-usd/lib/mayaUsd/fileio/shaderWriterRegistry.h
[2022-06-14T19:16:31.606Z]     -- promoting: /home/S/jenkins/workspace/ECP/ecg-maya-usd/ecg-mayausd-branch-preflight-2022-python3-linux/ecg-maya-usd/maya-usd/lib/mayaUsd/fileio/transformWriter.h
[2022-06-14T19:16:31.606Z]     -- promoting: /home/S/jenkins/workspace/ECP/ecg-maya-usd/ecg-mayausd-branch-preflight-2022-python3-linux/ecg-maya-usd/maya-usd/lib/mayaUsd/fileio/writeJobContext.h
[2022-06-14T19:16:31.606Z]     -- promoting: /home/S/jenkins/workspace/ECP/ecg-maya-usd/ecg-mayausd-branch-preflight-2022-python3-linux/ecg-maya-usd/maya-usd/lib/mayaUsd/fileio/chaser/exportChaser.h
[2022-06-14T19:16:31.606Z]     -- promoting: /home/S/jenkins/workspace/ECP/ecg-maya-usd/ecg-mayausd-branch-preflight-2022-python3-linux/ecg-maya-usd/maya-usd/lib/mayaUsd/fileio/chaser/exportChaserRegistry.h
[2022-06-14T19:16:31.606Z]     -- promoting: /home/S/jenkins/workspace/ECP/ecg-maya-usd/ecg-mayausd-branch-preflight-2022-python3-linux/ecg-maya-usd/maya-usd/lib/mayaUsd/fileio/chaser/importChaserRegistry.h
[2022-06-14T19:16:31.606Z]     -- promoting: /home/S/jenkins/workspace/ECP/ecg-maya-usd/ecg-mayausd-branch-preflight-2022-python3-linux/ecg-maya-usd/maya-usd/lib/mayaUsd/fileio/chaser/importChaser.h
[2022-06-14T19:16:31.606Z]     -- promoting: /home/S/jenkins/workspace/ECP/ecg-maya-usd/ecg-mayausd-branch-preflight-2022-python3-linux/ecg-maya-usd/maya-usd/lib/mayaUsd/fileio/jobs/jobArgs.h
[2022-06-14T19:16:31.606Z]     -- promoting: /home/S/jenkins/workspace/ECP/ecg-maya-usd/ecg-mayausd-branch-preflight-2022-python3-linux/ecg-maya-usd/maya-usd/lib/mayaUsd/fileio/jobs/meshDataReadJob.h
[2022-06-14T19:16:31.606Z]     -- promoting: /home/S/jenkins/workspace/ECP/ecg-maya-usd/ecg-mayausd-branch-preflight-2022-python3-linux/ecg-maya-usd/maya-usd/lib/mayaUsd/fileio/jobs/modelKindProcessor.h
[2022-06-14T19:16:31.606Z]     -- promoting: /home/S/jenkins/workspace/ECP/ecg-maya-usd/ecg-mayausd-branch-preflight-2022-python3-linux/ecg-maya-usd/maya-usd/lib/mayaUsd/fileio/jobs/readJob.h
[2022-06-14T19:16:31.606Z]     -- promoting: /home/S/jenkins/workspace/ECP/ecg-maya-usd/ecg-mayausd-branch-preflight-2022-python3-linux/ecg-maya-usd/maya-usd/lib/mayaUsd/fileio/jobs/writeJob.h
[2022-06-14T19:16:31.606Z]     -- promoting: /home/S/jenkins/workspace/ECP/ecg-maya-usd/ecg-mayausd-branch-preflight-2022-python3-linux/ecg-maya-usd/maya-usd/lib/mayaUsd/fileio/shading/rfmShaderMap.h
[2022-06-14T19:16:31.606Z]     -- promoting: /home/S/jenkins/workspace/ECP/ecg-maya-usd/ecg-mayausd-branch-preflight-2022-python3-linux/ecg-maya-usd/maya-usd/lib/mayaUsd/fileio/shading/shadingModeExporter.h
[2022-06-14T19:16:31.606Z]     -- promoting: /home/S/jenkins/workspace/ECP/ecg-maya-usd/ecg-mayausd-branch-preflight-2022-python3-linux/ecg-maya-usd/maya-usd/lib/mayaUsd/fileio/shading/shadingModeExporterContext.h
[2022-06-14T19:16:31.606Z]     -- promoting: /home/S/jenkins/workspace/ECP/ecg-maya-usd/ecg-mayausd-branch-preflight-2022-python3-linux/ecg-maya-usd/maya-usd/lib/mayaUsd/fileio/shading/shadingModeImporter.h
[2022-06-14T19:16:31.606Z]     -- promoting: /home/S/jenkins/workspace/ECP/ecg-maya-usd/ecg-mayausd-branch-preflight-2022-python3-linux/ecg-maya-usd/maya-usd/lib/mayaUsd/fileio/shading/shadingModeRegistry.h
[2022-06-14T19:16:31.606Z]     -- promoting: /home/S/jenkins/workspace/ECP/ecg-maya-usd/ecg-mayausd-branch-preflight-2022-python3-linux/ecg-maya-usd/maya-usd/lib/mayaUsd/fileio/shading/symmetricShaderReader.h
[2022-06-14T19:16:31.606Z]     -- promoting: /home/S/jenkins/workspace/ECP/ecg-maya-usd/ecg-mayausd-branch-preflight-2022-python3-linux/ecg-maya-usd/maya-usd/lib/mayaUsd/fileio/shading/symmetricShaderWriter.h
[2022-06-14T19:16:31.606Z]     -- promoting: /home/S/jenkins/workspace/ECP/ecg-maya-usd/ecg-mayausd-branch-preflight-2022-python3-linux/ecg-maya-usd/maya-usd/lib/mayaUsd/fileio/translators/skelBindingsProcessor.h
[2022-06-14T19:16:31.606Z]     -- promoting: /home/S/jenkins/workspace/ECP/ecg-maya-usd/ecg-mayausd-branch-preflight-2022-python3-linux/ecg-maya-usd/maya-usd/lib/mayaUsd/fileio/translators/translatorCamera.h
[2022-06-14T19:16:31.606Z]     -- promoting: /home/S/jenkins/workspace/ECP/ecg-maya-usd/ecg-mayausd-branch-preflight-2022-python3-linux/ecg-maya-usd/maya-usd/lib/mayaUsd/fileio/translators/translatorCurves.h
[2022-06-14T19:16:31.606Z]     -- promoting: /home/S/jenkins/workspace/ECP/ecg-maya-usd/ecg-mayausd-branch-preflight-2022-python3-linux/ecg-maya-usd/maya-usd/lib/mayaUsd/fileio/translators/translatorGprim.h
[2022-06-14T19:16:31.606Z]     -- promoting: /home/S/jenkins/workspace/ECP/ecg-maya-usd/ecg-mayausd-branch-preflight-2022-python3-linux/ecg-maya-usd/maya-usd/lib/mayaUsd/fileio/translators/translatorLight.h
[2022-06-14T19:16:31.606Z]     -- promoting: /home/S/jenkins/workspace/ECP/ecg-maya-usd/ecg-mayausd-branch-preflight-2022-python3-linux/ecg-maya-usd/maya-usd/lib/mayaUsd/fileio/translators/translatorMaterial.h
[2022-06-14T19:16:31.606Z]     -- promoting: /home/S/jenkins/workspace/ECP/ecg-maya-usd/ecg-mayausd-branch-preflight-2022-python3-linux/ecg-maya-usd/maya-usd/lib/mayaUsd/fileio/translators/translatorMayaReference.h
[2022-06-14T19:16:31.606Z]     -- promoting: /home/S/jenkins/workspace/ECP/ecg-maya-usd/ecg-mayausd-branch-preflight-2022-python3-linux/ecg-maya-usd/maya-usd/lib/mayaUsd/fileio/translators/translatorMesh.h
[2022-06-14T19:16:31.606Z]     -- promoting: /home/S/jenkins/workspace/ECP/ecg-maya-usd/ecg-mayausd-branch-preflight-2022-python3-linux/ecg-maya-usd/maya-usd/lib/mayaUsd/fileio/translators/translatorNurbsPatch.h
[2022-06-14T19:16:31.606Z]     -- promoting: /home/S/jenkins/workspace/ECP/ecg-maya-usd/ecg-mayausd-branch-preflight-2022-python3-linux/ecg-maya-usd/maya-usd/lib/mayaUsd/fileio/translators/translatorPrim.h
[2022-06-14T19:16:31.606Z]     -- promoting: /home/S/jenkins/workspace/ECP/ecg-maya-usd/ecg-mayausd-branch-preflight-2022-python3-linux/ecg-maya-usd/maya-usd/lib/mayaUsd/fileio/translators/translatorRfMLight.h
[2022-06-14T19:16:31.606Z]     -- promoting: /home/S/jenkins/workspace/ECP/ecg-maya-usd/ecg-mayausd-branch-preflight-2022-python3-linux/ecg-maya-usd/maya-usd/lib/mayaUsd/fileio/translators/translatorSkel.h
[2022-06-14T19:16:31.606Z]     -- promoting: /home/S/jenkins/workspace/ECP/ecg-maya-usd/ecg-mayausd-branch-preflight-2022-python3-linux/ecg-maya-usd/maya-usd/lib/mayaUsd/fileio/translators/translatorUtil.h
[2022-06-14T19:16:31.606Z]     -- promoting: /home/S/jenkins/workspace/ECP/ecg-maya-usd/ecg-mayausd-branch-preflight-2022-python3-linux/ecg-maya-usd/maya-usd/lib/mayaUsd/fileio/translators/translatorXformable.h
[2022-06-14T19:16:31.606Z]     -- promoting: /home/S/jenkins/workspace/ECP/ecg-maya-usd/ecg-mayausd-branch-preflight-2022-python3-linux/ecg-maya-usd/maya-usd/lib/mayaUsd/fileio/utils/adaptor.h
[2022-06-14T19:16:31.606Z]     -- promoting: /home/S/jenkins/workspace/ECP/ecg-maya-usd/ecg-mayausd-branch-preflight-2022-python3-linux/ecg-maya-usd/maya-usd/lib/mayaUsd/fileio/utils/jointWriteUtils.h
[2022-06-14T19:16:31.606Z]     -- promoting: /home/S/jenkins/workspace/ECP/ecg-maya-usd/ecg-mayausd-branch-preflight-2022-python3-linux/ecg-maya-usd/maya-usd/lib/mayaUsd/fileio/utils/meshReadUtils.h
[2022-06-14T19:16:31.606Z]     -- promoting: /home/S/jenkins/workspace/ECP/ecg-maya-usd/ecg-mayausd-branch-preflight-2022-python3-linux/ecg-maya-usd/maya-usd/lib/mayaUsd/fileio/utils/meshWriteUtils.h
[2022-06-14T19:16:31.606Z]     -- promoting: /home/S/jenkins/workspace/ECP/ecg-maya-usd/ecg-mayausd-branch-preflight-2022-python3-linux/ecg-maya-usd/maya-usd/lib/mayaUsd/fileio/utils/readUtil.h
[2022-06-14T19:16:31.606Z]     -- promoting: /home/S/jenkins/workspace/ECP/ecg-maya-usd/ecg-mayausd-branch-preflight-2022-python3-linux/ecg-maya-usd/maya-usd/lib/mayaUsd/fileio/utils/roundTripUtil.h
[2022-06-14T19:16:31.606Z]     -- promoting: /home/S/jenkins/workspace/ECP/ecg-maya-usd/ecg-mayausd-branch-preflight-2022-python3-linux/ecg-maya-usd/maya-usd/lib/mayaUsd/fileio/utils/shadingUtil.h
[2022-06-14T19:16:31.606Z]     -- promoting: /home/S/jenkins/workspace/ECP/ecg-maya-usd/ecg-mayausd-branch-preflight-2022-python3-linux/ecg-maya-usd/maya-usd/lib/mayaUsd/fileio/utils/userTaggedAttribute.h
[2022-06-14T19:16:31.606Z]     -- promoting: /home/S/jenkins/workspace/ECP/ecg-maya-usd/ecg-mayausd-branch-preflight-2022-python3-linux/ecg-maya-usd/maya-usd/lib/mayaUsd/fileio/utils/writeUtil.h
[2022-06-14T19:16:31.606Z]     -- promoting: /home/S/jenkins/workspace/ECP/ecg-maya-usd/ecg-mayausd-branch-preflight-2022-python3-linux/ecg-maya-usd/maya-usd/lib/mayaUsd/fileio/utils/xformStack.h
[2022-06-14T19:16:31.606Z]     -- promoting: /home/S/jenkins/workspace/ECP/ecg-maya-usd/ecg-mayausd-branch-preflight-2022-python3-linux/ecg-maya-usd/maya-usd/lib/mayaUsd/listeners/notice.h
[2022-06-14T19:16:31.606Z]     -- promoting: /home/S/jenkins/workspace/ECP/ecg-maya-usd/ecg-mayausd-branch-preflight-2022-python3-linux/ecg-maya-usd/maya-usd/lib/mayaUsd/listeners/proxyShapeNotice.h
[2022-06-14T19:16:31.606Z]     -- promoting: /home/S/jenkins/workspace/ECP/ecg-maya-usd/ecg-mayausd-branch-preflight-2022-python3-linux/ecg-maya-usd/maya-usd/lib/mayaUsd/listeners/stageNoticeListener.h
[2022-06-14T19:16:31.606Z]     -- promoting: /home/S/jenkins/workspace/ECP/ecg-maya-usd/ecg-mayausd-branch-preflight-2022-python3-linux/ecg-maya-usd/maya-usd/lib/mayaUsd/nodes/hdImagingShape.h
[2022-06-14T19:16:31.606Z]     -- promoting: /home/S/jenkins/workspace/ECP/ecg-maya-usd/ecg-mayausd-branch-preflight-2022-python3-linux/ecg-maya-usd/maya-usd/lib/mayaUsd/nodes/pointBasedDeformerNode.h
[2022-06-14T19:16:31.606Z]     -- promoting: /home/S/jenkins/workspace/ECP/ecg-maya-usd/ecg-mayausd-branch-preflight-2022-python3-linux/ecg-maya-usd/maya-usd/lib/mayaUsd/nodes/proxyAccessor.h
[2022-06-14T19:16:31.607Z]     -- promoting: /home/S/jenkins/workspace/ECP/ecg-maya-usd/ecg-mayausd-branch-preflight-2022-python3-linux/ecg-maya-usd/maya-usd/lib/mayaUsd/nodes/proxyShapeBase.h
[2022-06-14T19:16:31.607Z]     -- promoting: /home/S/jenkins/workspace/ECP/ecg-maya-usd/ecg-mayausd-branch-preflight-2022-python3-linux/ecg-maya-usd/maya-usd/lib/mayaUsd/nodes/proxyShapeLoadRules.h
[2022-06-14T19:16:31.607Z]     -- promoting: /home/S/jenkins/workspace/ECP/ecg-maya-usd/ecg-mayausd-branch-preflight-2022-python3-linux/ecg-maya-usd/maya-usd/lib/mayaUsd/nodes/proxyShapePlugin.h
[2022-06-14T19:16:31.607Z]     -- promoting: /home/S/jenkins/workspace/ECP/ecg-maya-usd/ecg-mayausd-branch-preflight-2022-python3-linux/ecg-maya-usd/maya-usd/lib/mayaUsd/nodes/proxyStageProvider.h
[2022-06-14T19:16:31.607Z]     -- promoting: /home/S/jenkins/workspace/ECP/ecg-maya-usd/ecg-mayausd-branch-preflight-2022-python3-linux/ecg-maya-usd/maya-usd/lib/mayaUsd/nodes/stageData.h
[2022-06-14T19:16:31.607Z]     -- promoting: /home/S/jenkins/workspace/ECP/ecg-maya-usd/ecg-mayausd-branch-preflight-2022-python3-linux/ecg-maya-usd/maya-usd/lib/mayaUsd/nodes/stageNode.h
[2022-06-14T19:16:31.607Z]     -- promoting: /home/S/jenkins/workspace/ECP/ecg-maya-usd/ecg-mayausd-branch-preflight-2022-python3-linux/ecg-maya-usd/maya-usd/lib/mayaUsd/nodes/usdPrimProvider.h
[2022-06-14T19:16:31.607Z]     -- promoting: /home/S/jenkins/workspace/ECP/ecg-maya-usd/ecg-mayausd-branch-preflight-2022-python3-linux/ecg-maya-usd/maya-usd/lib/mayaUsd/nodes/layerManager.h
[2022-06-14T19:16:31.607Z]     -- promoting: /home/S/jenkins/workspace/ECP/ecg-maya-usd/ecg-mayausd-branch-preflight-2022-python3-linux/ecg-maya-usd/maya-usd/lib/mayaUsd/render/px_vp20/glslProgram.h
[2022-06-14T19:16:31.607Z]     -- promoting: /home/S/jenkins/workspace/ECP/ecg-maya-usd/ecg-mayausd-branch-preflight-2022-python3-linux/ecg-maya-usd/maya-usd/lib/mayaUsd/render/px_vp20/utils.h
[2022-06-14T19:16:31.607Z]     -- promoting: /home/S/jenkins/workspace/ECP/ecg-maya-usd/ecg-mayausd-branch-preflight-2022-python3-linux/ecg-maya-usd/maya-usd/lib/mayaUsd/render/px_vp20/utils_legacy.h
[2022-06-14T19:16:31.607Z]     -- promoting: /home/S/jenkins/workspace/ECP/ecg-maya-usd/ecg-mayausd-branch-preflight-2022-python3-linux/ecg-maya-usd/maya-usd/lib/mayaUsd/render/pxrUsdMayaGL/batchRenderer.h
[2022-06-14T19:16:31.607Z]     -- promoting: /home/S/jenkins/workspace/ECP/ecg-maya-usd/ecg-mayausd-branch-preflight-2022-python3-linux/ecg-maya-usd/maya-usd/lib/mayaUsd/render/pxrUsdMayaGL/debugCodes.h
[2022-06-14T19:16:31.607Z]     -- promoting: /home/S/jenkins/workspace/ECP/ecg-maya-usd/ecg-mayausd-branch-preflight-2022-python3-linux/ecg-maya-usd/maya-usd/lib/mayaUsd/render/pxrUsdMayaGL/hdImagingShapeDrawOverride.h
[2022-06-14T19:16:31.607Z]     -- promoting: /home/S/jenkins/workspace/ECP/ecg-maya-usd/ecg-mayausd-branch-preflight-2022-python3-linux/ecg-maya-usd/maya-usd/lib/mayaUsd/render/pxrUsdMayaGL/hdImagingShapeUI.h
[2022-06-14T19:16:31.607Z]     -- promoting: /home/S/jenkins/workspace/ECP/ecg-maya-usd/ecg-mayausd-branch-preflight-2022-python3-linux/ecg-maya-usd/maya-usd/lib/mayaUsd/render/pxrUsdMayaGL/instancerImager.h
[2022-06-14T19:16:31.607Z]     -- promoting: /home/S/jenkins/workspace/ECP/ecg-maya-usd/ecg-mayausd-branch-preflight-2022-python3-linux/ecg-maya-usd/maya-usd/lib/mayaUsd/render/pxrUsdMayaGL/instancerShapeAdapter.h
[2022-06-14T19:16:31.607Z]     -- promoting: /home/S/jenkins/workspace/ECP/ecg-maya-usd/ecg-mayausd-branch-preflight-2022-python3-linux/ecg-maya-usd/maya-usd/lib/mayaUsd/render/pxrUsdMayaGL/proxyDrawOverride.h
[2022-06-14T19:16:31.607Z]     -- promoting: /home/S/jenkins/workspace/ECP/ecg-maya-usd/ecg-mayausd-branch-preflight-2022-python3-linux/ecg-maya-usd/maya-usd/lib/mayaUsd/render/pxrUsdMayaGL/proxyShapeUI.h
[2022-06-14T19:16:31.607Z]     -- promoting: /home/S/jenkins/workspace/ECP/ecg-maya-usd/ecg-mayausd-branch-preflight-2022-python3-linux/ecg-maya-usd/maya-usd/lib/mayaUsd/render/pxrUsdMayaGL/renderParams.h
[2022-06-14T19:16:31.607Z]     -- promoting: /home/S/jenkins/workspace/ECP/ecg-maya-usd/ecg-mayausd-branch-preflight-2022-python3-linux/ecg-maya-usd/maya-usd/lib/mayaUsd/render/pxrUsdMayaGL/sceneDelegate.h
[2022-06-14T19:16:31.607Z]     -- promoting: /home/S/jenkins/workspace/ECP/ecg-maya-usd/ecg-mayausd-branch-preflight-2022-python3-linux/ecg-maya-usd/maya-usd/lib/mayaUsd/render/pxrUsdMayaGL/shapeAdapter.h
[2022-06-14T19:16:31.607Z]     -- promoting: /home/S/jenkins/workspace/ECP/ecg-maya-usd/ecg-mayausd-branch-preflight-2022-python3-linux/ecg-maya-usd/maya-usd/lib/mayaUsd/render/pxrUsdMayaGL/softSelectHelper.h
[2022-06-14T19:16:31.607Z]     -- promoting: /home/S/jenkins/workspace/ECP/ecg-maya-usd/ecg-mayausd-branch-preflight-2022-python3-linux/ecg-maya-usd/maya-usd/lib/mayaUsd/render/pxrUsdMayaGL/usdProxyShapeAdapter.h
[2022-06-14T19:16:31.607Z]     -- promoting: /home/S/jenkins/workspace/ECP/ecg-maya-usd/ecg-mayausd-branch-preflight-2022-python3-linux/ecg-maya-usd/maya-usd/lib/mayaUsd/render/pxrUsdMayaGL/userData.h
[2022-06-14T19:16:31.607Z]     -- promoting: /home/S/jenkins/workspace/ECP/ecg-maya-usd/ecg-mayausd-branch-preflight-2022-python3-linux/ecg-maya-usd/maya-usd/lib/mayaUsd/render/vp2RenderDelegate/proxyRenderDelegate.h
[2022-06-14T19:16:31.607Z]     -- promoting: /home/S/jenkins/workspace/ECP/ecg-maya-usd/ecg-mayausd-branch-preflight-2022-python3-linux/ecg-maya-usd/maya-usd/lib/mayaUsd/render/vp2ShaderFragments/shaderFragments.h
[2022-06-14T19:16:31.607Z]     -- promoting: /home/S/jenkins/workspace/ECP/ecg-maya-usd/ecg-mayausd-branch-preflight-2022-python3-linux/ecg-maya-usd/maya-usd/lib/mayaUsd/render/MaterialXGenOgsXml/GlslFragmentGenerator.h
[2022-06-14T19:16:31.607Z]     -- promoting: /home/S/jenkins/workspace/ECP/ecg-maya-usd/ecg-mayausd-branch-preflight-2022-python3-linux/ecg-maya-usd/maya-usd/lib/mayaUsd/render/MaterialXGenOgsXml/OgsFragment.h
[2022-06-14T19:16:31.607Z]     -- promoting: /home/S/jenkins/workspace/ECP/ecg-maya-usd/ecg-mayausd-branch-preflight-2022-python3-linux/ecg-maya-usd/maya-usd/lib/mayaUsd/render/MaterialXGenOgsXml/OgsXmlGenerator.h
[2022-06-14T19:16:31.607Z]     -- Using 1.38.3 libraries with MaterialX 1.38.3
[2022-06-14T19:16:31.607Z]     -- promoting: /home/S/jenkins/workspace/ECP/ecg-maya-usd/ecg-mayausd-branch-preflight-2022-python3-linux/ecg-maya-usd/maya-usd/lib/mayaUsd/ufe/Global.h
[2022-06-14T19:16:31.607Z]     -- promoting: /home/S/jenkins/workspace/ECP/ecg-maya-usd/ecg-mayausd-branch-preflight-2022-python3-linux/ecg-maya-usd/maya-usd/lib/mayaUsd/ufe/ProxyShapeHandler.h
[2022-06-14T19:16:31.607Z]     -- promoting: /home/S/jenkins/workspace/ECP/ecg-maya-usd/ecg-mayausd-branch-preflight-2022-python3-linux/ecg-maya-usd/maya-usd/lib/mayaUsd/ufe/ProxyShapeHierarchy.h
[2022-06-14T19:16:31.607Z]     -- promoting: /home/S/jenkins/workspace/ECP/ecg-maya-usd/ecg-mayausd-branch-preflight-2022-python3-linux/ecg-maya-usd/maya-usd/lib/mayaUsd/ufe/ProxyShapeHierarchyHandler.h
[2022-06-14T19:16:31.607Z]     -- promoting: /home/S/jenkins/workspace/ECP/ecg-maya-usd/ecg-mayausd-branch-preflight-2022-python3-linux/ecg-maya-usd/maya-usd/lib/mayaUsd/ufe/StagesSubject.h
[2022-06-14T19:16:31.607Z]     -- promoting: /home/S/jenkins/workspace/ECP/ecg-maya-usd/ecg-mayausd-branch-preflight-2022-python3-linux/ecg-maya-usd/maya-usd/lib/mayaUsd/ufe/UsdHierarchy.h
[2022-06-14T19:16:31.607Z]     -- promoting: /home/S/jenkins/workspace/ECP/ecg-maya-usd/ecg-mayausd-branch-preflight-2022-python3-linux/ecg-maya-usd/maya-usd/lib/mayaUsd/ufe/UsdHierarchyHandler.h
[2022-06-14T19:16:31.607Z]     -- promoting: /home/S/jenkins/workspace/ECP/ecg-maya-usd/ecg-mayausd-branch-preflight-2022-python3-linux/ecg-maya-usd/maya-usd/lib/mayaUsd/ufe/UsdPointInstanceModifierBase.h
[2022-06-14T19:16:31.607Z]     -- promoting: /home/S/jenkins/workspace/ECP/ecg-maya-usd/ecg-mayausd-branch-preflight-2022-python3-linux/ecg-maya-usd/maya-usd/lib/mayaUsd/ufe/UsdPointInstanceOrientationModifier.h
[2022-06-14T19:16:31.607Z]     -- promoting: /home/S/jenkins/workspace/ECP/ecg-maya-usd/ecg-mayausd-branch-preflight-2022-python3-linux/ecg-maya-usd/maya-usd/lib/mayaUsd/ufe/UsdPointInstancePositionModifier.h
[2022-06-14T19:16:31.607Z]     -- promoting: /home/S/jenkins/workspace/ECP/ecg-maya-usd/ecg-mayausd-branch-preflight-2022-python3-linux/ecg-maya-usd/maya-usd/lib/mayaUsd/ufe/UsdPointInstanceScaleModifier.h
[2022-06-14T19:16:31.607Z]     -- promoting: /home/S/jenkins/workspace/ECP/ecg-maya-usd/ecg-mayausd-branch-preflight-2022-python3-linux/ecg-maya-usd/maya-usd/lib/mayaUsd/ufe/UsdRootChildHierarchy.h
[2022-06-14T19:16:31.607Z]     -- promoting: /home/S/jenkins/workspace/ECP/ecg-maya-usd/ecg-mayausd-branch-preflight-2022-python3-linux/ecg-maya-usd/maya-usd/lib/mayaUsd/ufe/UsdRotatePivotTranslateUndoableCommand.h
[2022-06-14T19:16:31.607Z]     -- promoting: /home/S/jenkins/workspace/ECP/ecg-maya-usd/ecg-mayausd-branch-preflight-2022-python3-linux/ecg-maya-usd/maya-usd/lib/mayaUsd/ufe/UsdRotateUndoableCommand.h
[2022-06-14T19:16:31.607Z]     -- promoting: /home/S/jenkins/workspace/ECP/ecg-maya-usd/ecg-mayausd-branch-preflight-2022-python3-linux/ecg-maya-usd/maya-usd/lib/mayaUsd/ufe/UsdScaleUndoableCommand.h
[2022-06-14T19:16:31.607Z]     -- promoting: /home/S/jenkins/workspace/ECP/ecg-maya-usd/ecg-mayausd-branch-preflight-2022-python3-linux/ecg-maya-usd/maya-usd/lib/mayaUsd/ufe/UsdSceneItem.h
[2022-06-14T19:16:31.607Z]     -- promoting: /home/S/jenkins/workspace/ECP/ecg-maya-usd/ecg-mayausd-branch-preflight-2022-python3-linux/ecg-maya-usd/maya-usd/lib/mayaUsd/ufe/UsdSceneItemOps.h
[2022-06-14T19:16:31.607Z]     -- promoting: /home/S/jenkins/workspace/ECP/ecg-maya-usd/ecg-mayausd-branch-preflight-2022-python3-linux/ecg-maya-usd/maya-usd/lib/mayaUsd/ufe/UsdSceneItemOpsHandler.h
[2022-06-14T19:16:31.607Z]     -- promoting: /home/S/jenkins/workspace/ECP/ecg-maya-usd/ecg-mayausd-branch-preflight-2022-python3-linux/ecg-maya-usd/maya-usd/lib/mayaUsd/ufe/UsdStageMap.h
[2022-06-14T19:16:31.607Z]     -- promoting: /home/S/jenkins/workspace/ECP/ecg-maya-usd/ecg-mayausd-branch-preflight-2022-python3-linux/ecg-maya-usd/maya-usd/lib/mayaUsd/ufe/UsdTRSUndoableCommandBase.h
[2022-06-14T19:16:31.607Z]     -- promoting: /home/S/jenkins/workspace/ECP/ecg-maya-usd/ecg-mayausd-branch-preflight-2022-python3-linux/ecg-maya-usd/maya-usd/lib/mayaUsd/ufe/UsdTransform3d.h
[2022-06-14T19:16:31.607Z]     -- promoting: /home/S/jenkins/workspace/ECP/ecg-maya-usd/ecg-mayausd-branch-preflight-2022-python3-linux/ecg-maya-usd/maya-usd/lib/mayaUsd/ufe/UsdTransform3dHandler.h
[2022-06-14T19:16:31.607Z]     -- promoting: /home/S/jenkins/workspace/ECP/ecg-maya-usd/ecg-mayausd-branch-preflight-2022-python3-linux/ecg-maya-usd/maya-usd/lib/mayaUsd/ufe/UsdTranslateUndoableCommand.h
[2022-06-14T19:16:31.607Z]     -- promoting: /home/S/jenkins/workspace/ECP/ecg-maya-usd/ecg-mayausd-branch-preflight-2022-python3-linux/ecg-maya-usd/maya-usd/lib/mayaUsd/ufe/UsdUndoDeleteCommand.h
[2022-06-14T19:16:31.607Z]     -- promoting: /home/S/jenkins/workspace/ECP/ecg-maya-usd/ecg-mayausd-branch-preflight-2022-python3-linux/ecg-maya-usd/maya-usd/lib/mayaUsd/ufe/UsdUndoDuplicateCommand.h
[2022-06-14T19:16:31.607Z]     -- promoting: /home/S/jenkins/workspace/ECP/ecg-maya-usd/ecg-mayausd-branch-preflight-2022-python3-linux/ecg-maya-usd/maya-usd/lib/mayaUsd/ufe/UsdUndoRenameCommand.h
[2022-06-14T19:16:31.607Z]     -- promoting: /home/S/jenkins/workspace/ECP/ecg-maya-usd/ecg-mayausd-branch-preflight-2022-python3-linux/ecg-maya-usd/maya-usd/lib/mayaUsd/ufe/Utils.h
[2022-06-14T19:16:31.607Z]     -- promoting: /home/S/jenkins/workspace/ECP/ecg-maya-usd/ecg-mayausd-branch-preflight-2022-python3-linux/ecg-maya-usd/maya-usd/lib/mayaUsd/ufe/UfeVersionCompat.h
[2022-06-14T19:16:31.607Z]     -- promoting: /home/S/jenkins/workspace/ECP/ecg-maya-usd/ecg-mayausd-branch-preflight-2022-python3-linux/ecg-maya-usd/maya-usd/lib/mayaUsd/ufe/ProxyShapeContextOpsHandler.h
[2022-06-14T19:16:31.607Z]     -- promoting: /home/S/jenkins/workspace/ECP/ecg-maya-usd/ecg-mayausd-branch-preflight-2022-python3-linux/ecg-maya-usd/maya-usd/lib/mayaUsd/ufe/RotationUtils.h
[2022-06-14T19:16:31.607Z]     -- promoting: /home/S/jenkins/workspace/ECP/ecg-maya-usd/ecg-mayausd-branch-preflight-2022-python3-linux/ecg-maya-usd/maya-usd/lib/mayaUsd/ufe/UsdAttribute.h
[2022-06-14T19:16:31.607Z]     -- promoting: /home/S/jenkins/workspace/ECP/ecg-maya-usd/ecg-mayausd-branch-preflight-2022-python3-linux/ecg-maya-usd/maya-usd/lib/mayaUsd/ufe/UsdAttributes.h
[2022-06-14T19:16:31.607Z]     -- promoting: /home/S/jenkins/workspace/ECP/ecg-maya-usd/ecg-mayausd-branch-preflight-2022-python3-linux/ecg-maya-usd/maya-usd/lib/mayaUsd/ufe/UsdAttributesHandler.h
[2022-06-14T19:16:31.607Z]     -- promoting: /home/S/jenkins/workspace/ECP/ecg-maya-usd/ecg-mayausd-branch-preflight-2022-python3-linux/ecg-maya-usd/maya-usd/lib/mayaUsd/ufe/UsdCamera.h
[2022-06-14T19:16:31.607Z]     -- promoting: /home/S/jenkins/workspace/ECP/ecg-maya-usd/ecg-mayausd-branch-preflight-2022-python3-linux/ecg-maya-usd/maya-usd/lib/mayaUsd/ufe/UsdCameraHandler.h
[2022-06-14T19:16:31.607Z]     -- promoting: /home/S/jenkins/workspace/ECP/ecg-maya-usd/ecg-mayausd-branch-preflight-2022-python3-linux/ecg-maya-usd/maya-usd/lib/mayaUsd/ufe/UsdContextOps.h
[2022-06-14T19:16:31.607Z]     -- promoting: /home/S/jenkins/workspace/ECP/ecg-maya-usd/ecg-mayausd-branch-preflight-2022-python3-linux/ecg-maya-usd/maya-usd/lib/mayaUsd/ufe/UsdContextOpsHandler.h
[2022-06-14T19:16:31.607Z]     -- promoting: /home/S/jenkins/workspace/ECP/ecg-maya-usd/ecg-mayausd-branch-preflight-2022-python3-linux/ecg-maya-usd/maya-usd/lib/mayaUsd/ufe/UsdObject3d.h
[2022-06-14T19:16:31.607Z]     -- promoting: /home/S/jenkins/workspace/ECP/ecg-maya-usd/ecg-mayausd-branch-preflight-2022-python3-linux/ecg-maya-usd/maya-usd/lib/mayaUsd/ufe/UsdObject3dHandler.h
[2022-06-14T19:16:31.607Z]     -- promoting: /home/S/jenkins/workspace/ECP/ecg-maya-usd/ecg-mayausd-branch-preflight-2022-python3-linux/ecg-maya-usd/maya-usd/lib/mayaUsd/ufe/UsdPointInstanceUndoableCommands.h
[2022-06-14T19:16:31.607Z]     -- promoting: /home/S/jenkins/workspace/ECP/ecg-maya-usd/ecg-mayausd-branch-preflight-2022-python3-linux/ecg-maya-usd/maya-usd/lib/mayaUsd/ufe/UsdSetXformOpUndoableCommandBase.h
[2022-06-14T19:16:31.607Z]     -- promoting: /home/S/jenkins/workspace/ECP/ecg-maya-usd/ecg-mayausd-branch-preflight-2022-python3-linux/ecg-maya-usd/maya-usd/lib/mayaUsd/ufe/UsdTransform3dBase.h
[2022-06-14T19:16:31.607Z]     -- promoting: /home/S/jenkins/workspace/ECP/ecg-maya-usd/ecg-mayausd-branch-preflight-2022-python3-linux/ecg-maya-usd/maya-usd/lib/mayaUsd/ufe/UsdTransform3dCommonAPI.h
[2022-06-14T19:16:31.607Z]     -- promoting: /home/S/jenkins/workspace/ECP/ecg-maya-usd/ecg-mayausd-branch-preflight-2022-python3-linux/ecg-maya-usd/maya-usd/lib/mayaUsd/ufe/UsdTransform3dFallbackMayaXformStack.h
[2022-06-14T19:16:31.607Z]     -- promoting: /home/S/jenkins/workspace/ECP/ecg-maya-usd/ecg-mayausd-branch-preflight-2022-python3-linux/ecg-maya-usd/maya-usd/lib/mayaUsd/ufe/UsdTransform3dMatrixOp.h
[2022-06-14T19:16:31.607Z]     -- promoting: /home/S/jenkins/workspace/ECP/ecg-maya-usd/ecg-mayausd-branch-preflight-2022-python3-linux/ecg-maya-usd/maya-usd/lib/mayaUsd/ufe/UsdTransform3dMayaXformStack.h
[2022-06-14T19:16:31.607Z]     -- promoting: /home/S/jenkins/workspace/ECP/ecg-maya-usd/ecg-mayausd-branch-preflight-2022-python3-linux/ecg-maya-usd/maya-usd/lib/mayaUsd/ufe/UsdTransform3dPointInstance.h
[2022-06-14T19:16:31.607Z]     -- promoting: /home/S/jenkins/workspace/ECP/ecg-maya-usd/ecg-mayausd-branch-preflight-2022-python3-linux/ecg-maya-usd/maya-usd/lib/mayaUsd/ufe/UsdTransform3dSetObjectMatrix.h
[2022-06-14T19:16:31.607Z]     -- promoting: /home/S/jenkins/workspace/ECP/ecg-maya-usd/ecg-mayausd-branch-preflight-2022-python3-linux/ecg-maya-usd/maya-usd/lib/mayaUsd/ufe/UsdTransform3dUndoableCommands.h
[2022-06-14T19:16:31.607Z]     -- promoting: /home/S/jenkins/workspace/ECP/ecg-maya-usd/ecg-mayausd-branch-preflight-2022-python3-linux/ecg-maya-usd/maya-usd/lib/mayaUsd/ufe/UsdUIInfoHandler.h
[2022-06-14T19:16:31.607Z]     -- promoting: /home/S/jenkins/workspace/ECP/ecg-maya-usd/ecg-mayausd-branch-preflight-2022-python3-linux/ecg-maya-usd/maya-usd/lib/mayaUsd/ufe/UsdUIUfeObserver.h
[2022-06-14T19:16:31.607Z]     -- promoting: /home/S/jenkins/workspace/ECP/ecg-maya-usd/ecg-mayausd-branch-preflight-2022-python3-linux/ecg-maya-usd/maya-usd/lib/mayaUsd/ufe/UsdUndoableCommand.h
[2022-06-14T19:16:31.607Z]     -- promoting: /home/S/jenkins/workspace/ECP/ecg-maya-usd/ecg-mayausd-branch-preflight-2022-python3-linux/ecg-maya-usd/maya-usd/lib/mayaUsd/ufe/UsdUndoAddNewPrimCommand.h
[2022-06-14T19:16:31.607Z]     -- promoting: /home/S/jenkins/workspace/ECP/ecg-maya-usd/ecg-mayausd-branch-preflight-2022-python3-linux/ecg-maya-usd/maya-usd/lib/mayaUsd/ufe/UsdUndoCreateGroupCommand.h
[2022-06-14T19:16:31.608Z]     -- promoting: /home/S/jenkins/workspace/ECP/ecg-maya-usd/ecg-mayausd-branch-preflight-2022-python3-linux/ecg-maya-usd/maya-usd/lib/mayaUsd/ufe/UsdUndoInsertChildCommand.h
[2022-06-14T19:16:31.608Z]     -- promoting: /home/S/jenkins/workspace/ECP/ecg-maya-usd/ecg-mayausd-branch-preflight-2022-python3-linux/ecg-maya-usd/maya-usd/lib/mayaUsd/ufe/UsdUndoReorderCommand.h
[2022-06-14T19:16:31.608Z]     -- promoting: /home/S/jenkins/workspace/ECP/ecg-maya-usd/ecg-mayausd-branch-preflight-2022-python3-linux/ecg-maya-usd/maya-usd/lib/mayaUsd/ufe/UsdUndoSetKindCommand.h
[2022-06-14T19:16:31.608Z]     -- promoting: /home/S/jenkins/workspace/ECP/ecg-maya-usd/ecg-mayausd-branch-preflight-2022-python3-linux/ecg-maya-usd/maya-usd/lib/mayaUsd/ufe/UsdUndoVisibleCommand.h
[2022-06-14T19:16:31.608Z]     -- promoting: /home/S/jenkins/workspace/ECP/ecg-maya-usd/ecg-mayausd-branch-preflight-2022-python3-linux/ecg-maya-usd/maya-usd/lib/mayaUsd/ufe/XformOpUtils.h
[2022-06-14T19:16:31.608Z]     -- promoting: /home/S/jenkins/workspace/ECP/ecg-maya-usd/ecg-mayausd-branch-preflight-2022-python3-linux/ecg-maya-usd/maya-usd/lib/mayaUsd/undo/OpUndoItemList.h
[2022-06-14T19:16:31.608Z]     -- promoting: /home/S/jenkins/workspace/ECP/ecg-maya-usd/ecg-mayausd-branch-preflight-2022-python3-linux/ecg-maya-usd/maya-usd/lib/mayaUsd/undo/OpUndoItemMuting.h
[2022-06-14T19:16:31.608Z]     -- promoting: /home/S/jenkins/workspace/ECP/ecg-maya-usd/ecg-mayausd-branch-preflight-2022-python3-linux/ecg-maya-usd/maya-usd/lib/mayaUsd/undo/OpUndoItemRecorder.h
[2022-06-14T19:16:31.608Z]     -- promoting: /home/S/jenkins/workspace/ECP/ecg-maya-usd/ecg-mayausd-branch-preflight-2022-python3-linux/ecg-maya-usd/maya-usd/lib/mayaUsd/undo/OpUndoItems.h
[2022-06-14T19:16:31.608Z]     -- promoting: /home/S/jenkins/workspace/ECP/ecg-maya-usd/ecg-mayausd-branch-preflight-2022-python3-linux/ecg-maya-usd/maya-usd/lib/mayaUsd/undo/UsdUndoBlock.h
[2022-06-14T19:16:31.608Z]     -- promoting: /home/S/jenkins/workspace/ECP/ecg-maya-usd/ecg-mayausd-branch-preflight-2022-python3-linux/ecg-maya-usd/maya-usd/lib/mayaUsd/undo/UsdUndoManager.h
[2022-06-14T19:16:31.608Z]     -- promoting: /home/S/jenkins/workspace/ECP/ecg-maya-usd/ecg-mayausd-branch-preflight-2022-python3-linux/ecg-maya-usd/maya-usd/lib/mayaUsd/undo/UsdUndoStateDelegate.h
[2022-06-14T19:16:31.608Z]     -- promoting: /home/S/jenkins/workspace/ECP/ecg-maya-usd/ecg-mayausd-branch-preflight-2022-python3-linux/ecg-maya-usd/maya-usd/lib/mayaUsd/undo/UsdUndoableItem.h
[2022-06-14T19:16:31.608Z]     -- promoting: /home/S/jenkins/workspace/ECP/ecg-maya-usd/ecg-mayausd-branch-preflight-2022-python3-linux/ecg-maya-usd/maya-usd/lib/mayaUsd/utils/blockSceneModificationContext.h
[2022-06-14T19:16:31.608Z]     -- promoting: /home/S/jenkins/workspace/ECP/ecg-maya-usd/ecg-mayausd-branch-preflight-2022-python3-linux/ecg-maya-usd/maya-usd/lib/mayaUsd/utils/colorSpace.h
[2022-06-14T19:16:31.608Z]     -- promoting: /home/S/jenkins/workspace/ECP/ecg-maya-usd/ecg-mayausd-branch-preflight-2022-python3-linux/ecg-maya-usd/maya-usd/lib/mayaUsd/utils/customLayerData.h
[2022-06-14T19:16:31.608Z]     -- promoting: /home/S/jenkins/workspace/ECP/ecg-maya-usd/ecg-mayausd-branch-preflight-2022-python3-linux/ecg-maya-usd/maya-usd/lib/mayaUsd/utils/converter.h
[2022-06-14T19:16:31.608Z]     -- promoting: /home/S/jenkins/workspace/ECP/ecg-maya-usd/ecg-mayausd-branch-preflight-2022-python3-linux/ecg-maya-usd/maya-usd/lib/mayaUsd/utils/diagnosticDelegate.h
[2022-06-14T19:16:31.608Z]     -- promoting: /home/S/jenkins/workspace/ECP/ecg-maya-usd/ecg-mayausd-branch-preflight-2022-python3-linux/ecg-maya-usd/maya-usd/lib/mayaUsd/utils/editability.h
[2022-06-14T19:16:31.608Z]     -- promoting: /home/S/jenkins/workspace/ECP/ecg-maya-usd/ecg-mayausd-branch-preflight-2022-python3-linux/ecg-maya-usd/maya-usd/lib/mayaUsd/utils/editRouter.h
[2022-06-14T19:16:31.608Z]     -- promoting: /home/S/jenkins/workspace/ECP/ecg-maya-usd/ecg-mayausd-branch-preflight-2022-python3-linux/ecg-maya-usd/maya-usd/lib/mayaUsd/utils/hash.h
[2022-06-14T19:16:31.608Z]     -- promoting: /home/S/jenkins/workspace/ECP/ecg-maya-usd/ecg-mayausd-branch-preflight-2022-python3-linux/ecg-maya-usd/maya-usd/lib/mayaUsd/utils/loadRules.h
[2022-06-14T19:16:31.608Z]     -- promoting: /home/S/jenkins/workspace/ECP/ecg-maya-usd/ecg-mayausd-branch-preflight-2022-python3-linux/ecg-maya-usd/maya-usd/lib/mayaUsd/utils/query.h
[2022-06-14T19:16:31.608Z]     -- promoting: /home/S/jenkins/workspace/ECP/ecg-maya-usd/ecg-mayausd-branch-preflight-2022-python3-linux/ecg-maya-usd/maya-usd/lib/mayaUsd/utils/plugRegistryHelper.h
[2022-06-14T19:16:31.608Z]     -- promoting: /home/S/jenkins/workspace/ECP/ecg-maya-usd/ecg-mayausd-branch-preflight-2022-python3-linux/ecg-maya-usd/maya-usd/lib/mayaUsd/utils/selectability.h
[2022-06-14T19:16:31.608Z]     -- promoting: /home/S/jenkins/workspace/ECP/ecg-maya-usd/ecg-mayausd-branch-preflight-2022-python3-linux/ecg-maya-usd/maya-usd/lib/mayaUsd/utils/stageCache.h
[2022-06-14T19:16:31.608Z]     -- promoting: /home/S/jenkins/workspace/ECP/ecg-maya-usd/ecg-mayausd-branch-preflight-2022-python3-linux/ecg-maya-usd/maya-usd/lib/mayaUsd/utils/traverseLayer.h
[2022-06-14T19:16:31.608Z]     -- promoting: /home/S/jenkins/workspace/ECP/ecg-maya-usd/ecg-mayausd-branch-preflight-2022-python3-linux/ecg-maya-usd/maya-usd/lib/mayaUsd/utils/undoHelperCommand.h
[2022-06-14T19:16:31.608Z]     -- promoting: /home/S/jenkins/workspace/ECP/ecg-maya-usd/ecg-mayausd-branch-preflight-2022-python3-linux/ecg-maya-usd/maya-usd/lib/mayaUsd/utils/util.h
[2022-06-14T19:16:31.608Z]     -- promoting: /home/S/jenkins/workspace/ECP/ecg-maya-usd/ecg-mayausd-branch-preflight-2022-python3-linux/ecg-maya-usd/maya-usd/lib/mayaUsd/utils/utilFileSystem.h
[2022-06-14T19:16:31.608Z]     -- promoting: /home/S/jenkins/workspace/ECP/ecg-maya-usd/ecg-mayausd-branch-preflight-2022-python3-linux/ecg-maya-usd/maya-usd/lib/mayaUsd/utils/utilSerialization.h
[2022-06-14T19:16:31.608Z]     -- promoting: /home/S/jenkins/workspace/ECP/ecg-maya-usd/ecg-mayausd-branch-preflight-2022-python3-linux/ecg-maya-usd/maya-usd/lib/mayaUsd/utils/variants.h
[2022-06-14T19:16:31.608Z]     -- promoting: /home/S/jenkins/workspace/ECP/ecg-maya-usd/ecg-mayausd-branch-preflight-2022-python3-linux/ecg-maya-usd/maya-usd/lib/mayaUsd/render/mayaToHydra/utils.h
[2022-06-14T19:16:31.608Z]     -- promoting: /home/S/jenkins/workspace/ECP/ecg-maya-usd/ecg-mayausd-branch-preflight-2022-python3-linux/ecg-maya-usd/maya-usd/lib/usd/hdMaya/api.h
[2022-06-14T19:16:31.608Z]     -- promoting: /home/S/jenkins/workspace/ECP/ecg-maya-usd/ecg-mayausd-branch-preflight-2022-python3-linux/ecg-maya-usd/maya-usd/lib/usd/hdMaya/utils.h
[2022-06-14T19:16:31.608Z]     -- promoting: /home/S/jenkins/workspace/ECP/ecg-maya-usd/ecg-mayausd-branch-preflight-2022-python3-linux/ecg-maya-usd/maya-usd/lib/usd/hdMaya/debugCodes.h
[2022-06-14T19:16:31.608Z]     -- promoting: /home/S/jenkins/workspace/ECP/ecg-maya-usd/ecg-mayausd-branch-preflight-2022-python3-linux/ecg-maya-usd/maya-usd/lib/usd/hdMaya/adapters/adapter.h
[2022-06-14T19:16:31.608Z]     -- promoting: /home/S/jenkins/workspace/ECP/ecg-maya-usd/ecg-mayausd-branch-preflight-2022-python3-linux/ecg-maya-usd/maya-usd/lib/usd/hdMaya/adapters/adapterDebugCodes.h
[2022-06-14T19:16:31.608Z]     -- promoting: /home/S/jenkins/workspace/ECP/ecg-maya-usd/ecg-mayausd-branch-preflight-2022-python3-linux/ecg-maya-usd/maya-usd/lib/usd/hdMaya/adapters/adapterRegistry.h
[2022-06-14T19:16:31.608Z]     -- promoting: /home/S/jenkins/workspace/ECP/ecg-maya-usd/ecg-mayausd-branch-preflight-2022-python3-linux/ecg-maya-usd/maya-usd/lib/usd/hdMaya/adapters/cameraAdapter.h
[2022-06-14T19:16:31.608Z]     -- promoting: /home/S/jenkins/workspace/ECP/ecg-maya-usd/ecg-mayausd-branch-preflight-2022-python3-linux/ecg-maya-usd/maya-usd/lib/usd/hdMaya/adapters/constantShadowMatrix.h
[2022-06-14T19:16:31.608Z]     -- promoting: /home/S/jenkins/workspace/ECP/ecg-maya-usd/ecg-mayausd-branch-preflight-2022-python3-linux/ecg-maya-usd/maya-usd/lib/usd/hdMaya/adapters/dagAdapter.h
[2022-06-14T19:16:31.608Z]     -- promoting: /home/S/jenkins/workspace/ECP/ecg-maya-usd/ecg-mayausd-branch-preflight-2022-python3-linux/ecg-maya-usd/maya-usd/lib/usd/hdMaya/adapters/lightAdapter.h
[2022-06-14T19:16:31.608Z]     -- promoting: /home/S/jenkins/workspace/ECP/ecg-maya-usd/ecg-mayausd-branch-preflight-2022-python3-linux/ecg-maya-usd/maya-usd/lib/usd/hdMaya/adapters/proxyAdapter.h
[2022-06-14T19:16:31.608Z]     -- promoting: /home/S/jenkins/workspace/ECP/ecg-maya-usd/ecg-mayausd-branch-preflight-2022-python3-linux/ecg-maya-usd/maya-usd/lib/usd/hdMaya/adapters/materialAdapter.h
[2022-06-14T19:16:31.608Z]     -- promoting: /home/S/jenkins/workspace/ECP/ecg-maya-usd/ecg-mayausd-branch-preflight-2022-python3-linux/ecg-maya-usd/maya-usd/lib/usd/hdMaya/adapters/materialNetworkConverter.h
[2022-06-14T19:16:31.608Z]     -- promoting: /home/S/jenkins/workspace/ECP/ecg-maya-usd/ecg-mayausd-branch-preflight-2022-python3-linux/ecg-maya-usd/maya-usd/lib/usd/hdMaya/adapters/mayaAttrs.h
[2022-06-14T19:16:31.608Z]     -- promoting: /home/S/jenkins/workspace/ECP/ecg-maya-usd/ecg-mayausd-branch-preflight-2022-python3-linux/ecg-maya-usd/maya-usd/lib/usd/hdMaya/adapters/shapeAdapter.h
[2022-06-14T19:16:31.608Z]     -- promoting: /home/S/jenkins/workspace/ECP/ecg-maya-usd/ecg-mayausd-branch-preflight-2022-python3-linux/ecg-maya-usd/maya-usd/lib/usd/hdMaya/adapters/tokens.h
[2022-06-14T19:16:31.608Z]     -- promoting: /home/S/jenkins/workspace/ECP/ecg-maya-usd/ecg-mayausd-branch-preflight-2022-python3-linux/ecg-maya-usd/maya-usd/lib/usd/hdMaya/delegates/delegate.h
[2022-06-14T19:16:31.608Z]     -- promoting: /home/S/jenkins/workspace/ECP/ecg-maya-usd/ecg-mayausd-branch-preflight-2022-python3-linux/ecg-maya-usd/maya-usd/lib/usd/hdMaya/delegates/delegateCtx.h
[2022-06-14T19:16:31.608Z]     -- promoting: /home/S/jenkins/workspace/ECP/ecg-maya-usd/ecg-mayausd-branch-preflight-2022-python3-linux/ecg-maya-usd/maya-usd/lib/usd/hdMaya/delegates/delegateDebugCodes.h
[2022-06-14T19:16:31.608Z]     -- promoting: /home/S/jenkins/workspace/ECP/ecg-maya-usd/ecg-mayausd-branch-preflight-2022-python3-linux/ecg-maya-usd/maya-usd/lib/usd/hdMaya/delegates/delegateRegistry.h
[2022-06-14T19:16:31.608Z]     -- promoting: /home/S/jenkins/workspace/ECP/ecg-maya-usd/ecg-mayausd-branch-preflight-2022-python3-linux/ecg-maya-usd/maya-usd/lib/usd/hdMaya/delegates/params.h
[2022-06-14T19:16:31.608Z]     -- promoting: /home/S/jenkins/workspace/ECP/ecg-maya-usd/ecg-mayausd-branch-preflight-2022-python3-linux/ecg-maya-usd/maya-usd/lib/usd/hdMaya/delegates/proxyDelegate.h
[2022-06-14T19:16:31.608Z]     -- promoting: /home/S/jenkins/workspace/ECP/ecg-maya-usd/ecg-mayausd-branch-preflight-2022-python3-linux/ecg-maya-usd/maya-usd/lib/usd/hdMaya/delegates/proxyUsdImagingDelegate.h
[2022-06-14T19:16:31.608Z]     -- promoting: /home/S/jenkins/workspace/ECP/ecg-maya-usd/ecg-mayausd-branch-preflight-2022-python3-linux/ecg-maya-usd/maya-usd/lib/usd/hdMaya/delegates/sceneDelegate.h
[2022-06-14T19:16:31.608Z]     -- promoting: /home/S/jenkins/workspace/ECP/ecg-maya-usd/ecg-mayausd-branch-preflight-2022-python3-linux/ecg-maya-usd/maya-usd/lib/usd/hdMaya/delegates/testDelegate.h
[2022-06-14T19:16:31.608Z]     -- promoting: /home/S/jenkins/workspace/ECP/ecg-maya-usd/ecg-mayausd-branch-preflight-2022-python3-linux/ecg-maya-usd/maya-usd/lib/usd/pxrUsdPreviewSurface/usdPreviewSurface.h
[2022-06-14T19:16:31.608Z]     -- promoting: /home/S/jenkins/workspace/ECP/ecg-maya-usd/ecg-mayausd-branch-preflight-2022-python3-linux/ecg-maya-usd/maya-usd/lib/usd/pxrUsdPreviewSurface/usdPreviewSurfacePlugin.h
[2022-06-14T19:16:31.608Z]     -- promoting: /home/S/jenkins/workspace/ECP/ecg-maya-usd/ecg-mayausd-branch-preflight-2022-python3-linux/ecg-maya-usd/maya-usd/lib/usd/schemas/api.h
[2022-06-14T19:16:31.608Z]     -- promoting: /home/S/jenkins/workspace/ECP/ecg-maya-usd/ecg-mayausd-branch-preflight-2022-python3-linux/ecg-maya-usd/maya-usd/lib/usd/schemas/ALMayaReference.h
[2022-06-14T19:16:31.608Z]     -- promoting: /home/S/jenkins/workspace/ECP/ecg-maya-usd/ecg-mayausd-branch-preflight-2022-python3-linux/ecg-maya-usd/maya-usd/lib/usd/schemas/MayaReference.h
[2022-06-14T19:16:31.608Z]     -- promoting: /home/S/jenkins/workspace/ECP/ecg-maya-usd/ecg-mayausd-branch-preflight-2022-python3-linux/ecg-maya-usd/maya-usd/lib/usd/schemas/tokens.h
[2022-06-14T19:16:31.608Z]     #################################################################################################
[2022-06-14T19:16:31.608Z]     #  USD_DISABLE_PRIM_DEFINITIONS_FOR_USDGENSCHEMA is overridden to 'true'.  Default is 'false'.  #
[2022-06-14T19:16:31.608Z]     #################################################################################################
[2022-06-14T19:16:32.041Z]     Processing schema classes:
[2022-06-14T19:16:32.041Z]     MayaReference, ALMayaReference
[2022-06-14T19:16:32.041Z]     Loading Templates from /local/S/jenkins/workspace/shared/Artifactory/Linux/USD/d547a10/lib/usd/usd/resources/codegenTemplates
[2022-06-14T19:16:32.041Z]     Writing API:
[2022-06-14T19:16:32.041Z]     	    wrote /home/S/jenkins/workspace/ECP/ecg-maya-usd/ecg-mayausd-branch-preflight-2022-python3-linux/build/RelWithDebInfo/lib/usd/schemas/api.h
[2022-06-14T19:16:32.041Z]     Writing Schema Tokens:
[2022-06-14T19:16:32.041Z]     	    wrote /home/S/jenkins/workspace/ECP/ecg-maya-usd/ecg-mayausd-branch-preflight-2022-python3-linux/build/RelWithDebInfo/lib/usd/schemas/tokens.h
[2022-06-14T19:16:32.041Z]     	    wrote /home/S/jenkins/workspace/ECP/ecg-maya-usd/ecg-mayausd-branch-preflight-2022-python3-linux/build/RelWithDebInfo/lib/usd/schemas/tokens.cpp
[2022-06-14T19:16:32.041Z]     	    wrote /home/S/jenkins/workspace/ECP/ecg-maya-usd/ecg-mayausd-branch-preflight-2022-python3-linux/build/RelWithDebInfo/lib/usd/schemas/wrapTokens.cpp
[2022-06-14T19:16:32.041Z]     Generating Classes:
[2022-06-14T19:16:32.041Z]     	    wrote /home/S/jenkins/workspace/ECP/ecg-maya-usd/ecg-mayausd-branch-preflight-2022-python3-linux/build/RelWithDebInfo/lib/usd/schemas/MayaReference.h
[2022-06-14T19:16:32.041Z]     	    wrote /home/S/jenkins/workspace/ECP/ecg-maya-usd/ecg-mayausd-branch-preflight-2022-python3-linux/build/RelWithDebInfo/lib/usd/schemas/MayaReference.cpp
[2022-06-14T19:16:32.041Z]     	    wrote /home/S/jenkins/workspace/ECP/ecg-maya-usd/ecg-mayausd-branch-preflight-2022-python3-linux/build/RelWithDebInfo/lib/usd/schemas/wrapMayaReference.cpp
[2022-06-14T19:16:32.041Z]     	    wrote /home/S/jenkins/workspace/ECP/ecg-maya-usd/ecg-mayausd-branch-preflight-2022-python3-linux/build/RelWithDebInfo/lib/usd/schemas/ALMayaReference.h
[2022-06-14T19:16:32.041Z]     	    wrote /home/S/jenkins/workspace/ECP/ecg-maya-usd/ecg-mayausd-branch-preflight-2022-python3-linux/build/RelWithDebInfo/lib/usd/schemas/ALMayaReference.cpp
[2022-06-14T19:16:32.041Z]     	    wrote /home/S/jenkins/workspace/ECP/ecg-maya-usd/ecg-mayausd-branch-preflight-2022-python3-linux/build/RelWithDebInfo/lib/usd/schemas/wrapALMayaReference.cpp
[2022-06-14T19:16:32.041Z]     Loading Templates from /local/S/jenkins/workspace/shared/Artifactory/Linux/USD/d547a10/lib/usd/usd/resources/codegenTemplates
[2022-06-14T19:16:32.041Z]     	    wrote /home/S/jenkins/workspace/ECP/ecg-maya-usd/ecg-mayausd-branch-preflight-2022-python3-linux/build/RelWithDebInfo/lib/usd/schemas/plugInfo.json
[2022-06-14T19:16:32.041Z]     Generating Schematics:
[2022-06-14T19:16:32.041Z]     	    wrote /home/S/jenkins/workspace/ECP/ecg-maya-usd/ecg-mayausd-branch-preflight-2022-python3-linux/build/RelWithDebInfo/lib/usd/schemas/generatedSchema.usda
[2022-06-14T19:16:32.041Z]     -- promoting: /home/S/jenkins/workspace/ECP/ecg-maya-usd/ecg-mayausd-branch-preflight-2022-python3-linux/ecg-maya-usd/maya-usd/lib/usd/utils/ALHalf.h
[2022-06-14T19:16:32.041Z]     -- promoting: /home/S/jenkins/workspace/ECP/ecg-maya-usd/ecg-mayausd-branch-preflight-2022-python3-linux/ecg-maya-usd/maya-usd/lib/usd/utils/Api.h
[2022-06-14T19:16:32.041Z]     -- promoting: /home/S/jenkins/workspace/ECP/ecg-maya-usd/ecg-mayausd-branch-preflight-2022-python3-linux/ecg-maya-usd/maya-usd/lib/usd/utils/DebugCodes.h
[2022-06-14T19:16:32.041Z]     -- promoting: /home/S/jenkins/workspace/ECP/ecg-maya-usd/ecg-mayausd-branch-preflight-2022-python3-linux/ecg-maya-usd/maya-usd/lib/usd/utils/DiffCore.h
[2022-06-14T19:16:32.041Z]     -- promoting: /home/S/jenkins/workspace/ECP/ecg-maya-usd/ecg-mayausd-branch-preflight-2022-python3-linux/ecg-maya-usd/maya-usd/lib/usd/utils/DiffPrims.h
[2022-06-14T19:16:32.041Z]     -- promoting: /home/S/jenkins/workspace/ECP/ecg-maya-usd/ecg-mayausd-branch-preflight-2022-python3-linux/ecg-maya-usd/maya-usd/lib/usd/utils/MergePrims.h
[2022-06-14T19:16:32.041Z]     -- promoting: /home/S/jenkins/workspace/ECP/ecg-maya-usd/ecg-mayausd-branch-preflight-2022-python3-linux/ecg-maya-usd/maya-usd/lib/usd/utils/MergePrimsOptions.h
[2022-06-14T19:16:32.041Z]     -- promoting: /home/S/jenkins/workspace/ECP/ecg-maya-usd/ecg-mayausd-branch-preflight-2022-python3-linux/ecg-maya-usd/maya-usd/lib/usd/utils/ForwardDeclares.h
[2022-06-14T19:16:32.041Z]     -- promoting: /home/S/jenkins/workspace/ECP/ecg-maya-usd/ecg-mayausd-branch-preflight-2022-python3-linux/ecg-maya-usd/maya-usd/lib/usd/utils/SIMD.h
[2022-06-14T19:16:32.041Z]     -- promoting: /home/S/jenkins/workspace/ECP/ecg-maya-usd/ecg-mayausd-branch-preflight-2022-python3-linux/ecg-maya-usd/maya-usd/lib/usd/utils/util.h
[2022-06-14T19:16:32.041Z]     -- promoting: /home/S/jenkins/workspace/ECP/ecg-maya-usd/ecg-mayausd-branch-preflight-2022-python3-linux/ecg-maya-usd/maya-usd/lib/usd/ui/layerEditor/batchSaveLayersUIDelegate.h
[2022-06-14T19:16:32.041Z]     -- promoting: /home/S/jenkins/workspace/ECP/ecg-maya-usd/ecg-mayausd-branch-preflight-2022-python3-linux/ecg-maya-usd/maya-usd/lib/usd/ui/importDialog/IMayaMQtUtil.h
[2022-06-14T19:16:32.041Z]     -- promoting: /home/S/jenkins/workspace/ECP/ecg-maya-usd/ecg-mayausd-branch-preflight-2022-python3-linux/ecg-maya-usd/maya-usd/lib/usd/ui/importDialog/ItemDelegate.h
[2022-06-14T19:16:32.041Z]     -- promoting: /home/S/jenkins/workspace/ECP/ecg-maya-usd/ecg-mayausd-branch-preflight-2022-python3-linux/ecg-maya-usd/maya-usd/lib/usd/ui/importDialog/IUSDImportView.h
[2022-06-14T19:16:32.041Z]     -- promoting: /home/S/jenkins/workspace/ECP/ecg-maya-usd/ecg-mayausd-branch-preflight-2022-python3-linux/ecg-maya-usd/maya-usd/lib/usd/ui/importDialog/TreeItem.h
[2022-06-14T19:16:32.041Z]     -- promoting: /home/S/jenkins/workspace/ECP/ecg-maya-usd/ecg-mayausd-branch-preflight-2022-python3-linux/ecg-maya-usd/maya-usd/lib/usd/ui/importDialog/TreeModel.h
[2022-06-14T19:16:32.041Z]     -- promoting: /home/S/jenkins/workspace/ECP/ecg-maya-usd/ecg-mayausd-branch-preflight-2022-python3-linux/ecg-maya-usd/maya-usd/lib/usd/ui/importDialog/TreeModelFactory.h
[2022-06-14T19:16:32.041Z]     -- promoting: /home/S/jenkins/workspace/ECP/ecg-maya-usd/ecg-mayausd-branch-preflight-2022-python3-linux/ecg-maya-usd/maya-usd/lib/usd/ui/importDialog/USDImportDialog.h
[2022-06-14T19:16:32.041Z]     -- promoting: /home/S/jenkins/workspace/ECP/ecg-maya-usd/ecg-mayausd-branch-preflight-2022-python3-linux/ecg-maya-usd/maya-usd/lib/usd/ui/importDialog/USDImportDialogCmd.h
[2022-06-14T19:16:32.041Z]     -- promoting: /home/S/jenkins/workspace/ECP/ecg-maya-usd/ecg-mayausd-branch-preflight-2022-python3-linux/ecg-maya-usd/maya-usd/lib/usd/ui/importDialog/USDQtUtil.h
[2022-06-14T19:16:32.041Z]     -- promoting: /home/S/jenkins/workspace/ECP/ecg-maya-usd/ecg-mayausd-branch-preflight-2022-python3-linux/ecg-maya-usd/maya-usd/lib/usd/ui/api.h
[2022-06-14T19:16:32.041Z]     -- promoting: /home/S/jenkins/workspace/ECP/ecg-maya-usd/ecg-mayausd-branch-preflight-2022-python3-linux/ecg-maya-usd/maya-usd/lib/usd/ui/initStringResources.h
[2022-06-14T19:16:32.041Z]     ========== Pixar USD Plugin ==========
[2022-06-14T19:16:32.444Z]     Compiling '/home/S/jenkins/workspace/ECP/ecg-maya-usd/ecg-mayausd-branch-preflight-2022-python3-linux/build/RelWithDebInfo/plugin/pxr/__init__.py'...
[2022-06-14T19:16:32.444Z]     ========== AL USD Plugin ==========
[2022-06-14T19:16:32.444Z]     CMake Deprecation Warning at plugin/al/CMakeLists.txt:7 (cmake_policy):
[2022-06-14T19:16:32.444Z]       The OLD behavior for policy CMP0026 will be removed from a future version
[2022-06-14T19:16:32.444Z]       of CMake.
[2022-06-14T19:16:32.444Z]     
[2022-06-14T19:16:32.444Z]       The cmake-policies(7) manual explains that the OLD behaviors of all
[2022-06-14T19:16:32.444Z]       policies are deprecated and that a policy should be set to OLD only under
[2022-06-14T19:16:32.444Z]       specific short-term circumstances.  Projects should be ported to the NEW
[2022-06-14T19:16:32.444Z]       behavior and not rely on setting a policy to OLD.
[2022-06-14T19:16:32.444Z]     
[2022-06-14T19:16:32.444Z]     
[2022-06-14T19:16:32.444Z]     -- Found Boost 1.70.0 at /local/S/jenkins/workspace/shared/Artifactory/Linux/USD/d547a10/lib/cmake/Boost-1.70.0
[2022-06-14T19:16:32.444Z]     --   Requested configuration: QUIET REQUIRED
[2022-06-14T19:16:32.444Z]     -- Found boost_headers 1.70.0 at /local/S/jenkins/workspace/shared/Artifactory/Linux/USD/d547a10/lib/cmake/boost_headers-1.70.0
[2022-06-14T19:16:32.444Z]     -- Boost  found.
[2022-06-14T19:16:32.444Z]     -- Found Boost 1.70.0 at /local/S/jenkins/workspace/shared/Artifactory/Linux/USD/d547a10/lib/cmake/Boost-1.70.0
[2022-06-14T19:16:32.444Z]     --   Requested configuration: QUIET REQUIRED COMPONENTS python
[2022-06-14T19:16:32.444Z]     -- Found boost_python 1.70.0 at /local/S/jenkins/workspace/shared/Artifactory/Linux/USD/d547a10/lib/cmake/boost_python-1.70.0
[2022-06-14T19:16:32.444Z]     --   libboost_python37.so.1.70.0
[2022-06-14T19:16:32.444Z]     -- Adding boost_python dependencies: headers
[2022-06-14T19:16:32.444Z]     -- Boost  found.
[2022-06-14T19:16:32.444Z]     -- Found Boost components:
[2022-06-14T19:16:32.444Z]        python
[2022-06-14T19:16:32.444Z]     -- Found GTest: /home/S/jenkins/workspace/ECP/ecg-maya-usd/ecg-mayausd-branch-preflight-2022-python3-linux/build/RelWithDebInfo/googletest-install/lib64/libgtest.so
[2022-06-14T19:16:32.444Z]     -- Building AL_USDMayaSchemas
[2022-06-14T19:16:32.845Z]     #################################################################################################
[2022-06-14T19:16:32.845Z]     #  USD_DISABLE_PRIM_DEFINITIONS_FOR_USDGENSCHEMA is overridden to 'true'.  Default is 'false'.  #
[2022-06-14T19:16:32.845Z]     #################################################################################################
[2022-06-14T19:16:33.259Z]     Processing schema classes:
[2022-06-14T19:16:33.259Z]     ALModelAPI, ALFrameRange
[2022-06-14T19:16:33.259Z]     Loading Templates from /local/S/jenkins/workspace/shared/Artifactory/Linux/USD/d547a10/lib/usd/usd/resources/codegenTemplates
[2022-06-14T19:16:33.259Z]     Writing API:
[2022-06-14T19:16:33.259Z]     	    wrote /home/S/jenkins/workspace/ECP/ecg-maya-usd/ecg-mayausd-branch-preflight-2022-python3-linux/build/RelWithDebInfo/plugin/al/schemas/AL/usd/schemas/maya/api.h
[2022-06-14T19:16:33.259Z]     Writing Schema Tokens:
[2022-06-14T19:16:33.259Z]     	    wrote /home/S/jenkins/workspace/ECP/ecg-maya-usd/ecg-mayausd-branch-preflight-2022-python3-linux/build/RelWithDebInfo/plugin/al/schemas/AL/usd/schemas/maya/tokens.h
[2022-06-14T19:16:33.259Z]     	    wrote /home/S/jenkins/workspace/ECP/ecg-maya-usd/ecg-mayausd-branch-preflight-2022-python3-linux/build/RelWithDebInfo/plugin/al/schemas/AL/usd/schemas/maya/tokens.cpp
[2022-06-14T19:16:33.259Z]     	    wrote /home/S/jenkins/workspace/ECP/ecg-maya-usd/ecg-mayausd-branch-preflight-2022-python3-linux/build/RelWithDebInfo/plugin/al/schemas/AL/usd/schemas/maya/wrapTokens.cpp
[2022-06-14T19:16:33.259Z]     Generating Classes:
[2022-06-14T19:16:33.259Z]     	    wrote /home/S/jenkins/workspace/ECP/ecg-maya-usd/ecg-mayausd-branch-preflight-2022-python3-linux/build/RelWithDebInfo/plugin/al/schemas/AL/usd/schemas/maya/ModelAPI.h
[2022-06-14T19:16:33.259Z]     	    wrote /home/S/jenkins/workspace/ECP/ecg-maya-usd/ecg-mayausd-branch-preflight-2022-python3-linux/build/RelWithDebInfo/plugin/al/schemas/AL/usd/schemas/maya/ModelAPI.cpp
[2022-06-14T19:16:33.259Z]     	    wrote /home/S/jenkins/workspace/ECP/ecg-maya-usd/ecg-mayausd-branch-preflight-2022-python3-linux/build/RelWithDebInfo/plugin/al/schemas/AL/usd/schemas/maya/wrapModelAPI.cpp
[2022-06-14T19:16:33.259Z]     	    wrote /home/S/jenkins/workspace/ECP/ecg-maya-usd/ecg-mayausd-branch-preflight-2022-python3-linux/build/RelWithDebInfo/plugin/al/schemas/AL/usd/schemas/maya/FrameRange.h
[2022-06-14T19:16:33.259Z]     	    wrote /home/S/jenkins/workspace/ECP/ecg-maya-usd/ecg-mayausd-branch-preflight-2022-python3-linux/build/RelWithDebInfo/plugin/al/schemas/AL/usd/schemas/maya/FrameRange.cpp
[2022-06-14T19:16:33.259Z]     	    wrote /home/S/jenkins/workspace/ECP/ecg-maya-usd/ecg-mayausd-branch-preflight-2022-python3-linux/build/RelWithDebInfo/plugin/al/schemas/AL/usd/schemas/maya/wrapFrameRange.cpp
[2022-06-14T19:16:33.259Z]     Loading Templates from /local/S/jenkins/workspace/shared/Artifactory/Linux/USD/d547a10/lib/usd/usd/resources/codegenTemplates
[2022-06-14T19:16:33.259Z]     	    wrote /home/S/jenkins/workspace/ECP/ecg-maya-usd/ecg-mayausd-branch-preflight-2022-python3-linux/build/RelWithDebInfo/plugin/al/schemas/AL/usd/schemas/maya/plugInfo.json
[2022-06-14T19:16:33.259Z]     Generating Schematics:
[2022-06-14T19:16:33.259Z]     	    wrote /home/S/jenkins/workspace/ECP/ecg-maya-usd/ecg-mayausd-branch-preflight-2022-python3-linux/build/RelWithDebInfo/plugin/al/schemas/AL/usd/schemas/maya/generatedSchema.usda
[2022-06-14T19:16:33.665Z]     #################################################################################################
[2022-06-14T19:16:33.665Z]     #  USD_DISABLE_PRIM_DEFINITIONS_FOR_USDGENSCHEMA is overridden to 'true'.  Default is 'false'.  #
[2022-06-14T19:16:33.665Z]     #################################################################################################
[2022-06-14T19:16:34.155Z]     Processing schema classes:
[2022-06-14T19:16:34.155Z]     ALExamplePolyCubeNode
[2022-06-14T19:16:34.155Z]     Loading Templates from /local/S/jenkins/workspace/shared/Artifactory/Linux/USD/d547a10/lib/usd/usd/resources/codegenTemplates
[2022-06-14T19:16:34.155Z]     Writing API:
[2022-06-14T19:16:34.155Z]     	    wrote /home/S/jenkins/workspace/ECP/ecg-maya-usd/ecg-mayausd-branch-preflight-2022-python3-linux/build/RelWithDebInfo/plugin/al/schemas/AL/usd/schemas/mayatest/api.h
[2022-06-14T19:16:34.155Z]     Writing Schema Tokens:
[2022-06-14T19:16:34.155Z]     	    wrote /home/S/jenkins/workspace/ECP/ecg-maya-usd/ecg-mayausd-branch-preflight-2022-python3-linux/build/RelWithDebInfo/plugin/al/schemas/AL/usd/schemas/mayatest/tokens.h
[2022-06-14T19:16:34.155Z]     	    wrote /home/S/jenkins/workspace/ECP/ecg-maya-usd/ecg-mayausd-branch-preflight-2022-python3-linux/build/RelWithDebInfo/plugin/al/schemas/AL/usd/schemas/mayatest/tokens.cpp
[2022-06-14T19:16:34.155Z]     	    wrote /home/S/jenkins/workspace/ECP/ecg-maya-usd/ecg-mayausd-branch-preflight-2022-python3-linux/build/RelWithDebInfo/plugin/al/schemas/AL/usd/schemas/mayatest/wrapTokens.cpp
[2022-06-14T19:16:34.155Z]     Generating Classes:
[2022-06-14T19:16:34.155Z]     	    wrote /home/S/jenkins/workspace/ECP/ecg-maya-usd/ecg-mayausd-branch-preflight-2022-python3-linux/build/RelWithDebInfo/plugin/al/schemas/AL/usd/schemas/mayatest/ExamplePolyCubeNode.h
[2022-06-14T19:16:34.155Z]     	    wrote /home/S/jenkins/workspace/ECP/ecg-maya-usd/ecg-mayausd-branch-preflight-2022-python3-linux/build/RelWithDebInfo/plugin/al/schemas/AL/usd/schemas/mayatest/ExamplePolyCubeNode.cpp
[2022-06-14T19:16:34.155Z]     	    wrote /home/S/jenkins/workspace/ECP/ecg-maya-usd/ecg-mayausd-branch-preflight-2022-python3-linux/build/RelWithDebInfo/plugin/al/schemas/AL/usd/schemas/mayatest/wrapExamplePolyCubeNode.cpp
[2022-06-14T19:16:34.155Z]     Loading Templates from /local/S/jenkins/workspace/shared/Artifactory/Linux/USD/d547a10/lib/usd/usd/resources/codegenTemplates
[2022-06-14T19:16:34.155Z]     	    wrote /home/S/jenkins/workspace/ECP/ecg-maya-usd/ecg-mayausd-branch-preflight-2022-python3-linux/build/RelWithDebInfo/plugin/al/schemas/AL/usd/schemas/mayatest/plugInfo.json
[2022-06-14T19:16:34.155Z]     Generating Schematics:
[2022-06-14T19:16:34.155Z]     	    wrote /home/S/jenkins/workspace/ECP/ecg-maya-usd/ecg-mayausd-branch-preflight-2022-python3-linux/build/RelWithDebInfo/plugin/al/schemas/AL/usd/schemas/mayatest/generatedSchema.usda
[2022-06-14T19:16:34.155Z]     -- Building AL_USDMayaTranslators
[2022-06-14T19:16:34.155Z]     ========== ADSK USD Plugin ==========
[2022-06-14T19:16:34.155Z]     -- Configuring done
[2022-06-14T19:16:35.079Z]     -- Generating done
[2022-06-14T19:16:35.079Z]     -- Build files have been written to: /home/S/jenkins/workspace/ECP/ecg-maya-usd/ecg-mayausd-branch-preflight-2022-python3-linux/build/RelWithDebInfo
[2022-06-14T19:16:35.079Z]     
[2022-06-14T19:16:35.079Z]         Building with settings:
[2022-06-14T19:16:35.079Z]           Source directory          /home/S/jenkins/workspace/ECP/ecg-maya-usd/ecg-mayausd-branch-preflight-2022-python3-linux/ecg-maya-usd/maya-usd
[2022-06-14T19:16:35.079Z]           Workspace directory       /local/S/jenkins/workspace/ECP/ecg-maya-usd/ecg-mayausd-branch-preflight-2022-python3-linux
[2022-06-14T19:16:35.079Z]           Build directory           /local/S/jenkins/workspace/ECP/ecg-maya-usd/ecg-mayausd-branch-preflight-2022-python3-linux/build/RelWithDebInfo
[2022-06-14T19:16:35.079Z]           Install directory         /local/S/jenkins/workspace/ECP/ecg-maya-usd/ecg-mayausd-branch-preflight-2022-python3-linux/install/RelWithDebInfo/MayaUSD
[2022-06-14T19:16:35.079Z]           Variant                   RelWithDebInfo
[2022-06-14T19:16:35.079Z]           Python Debug              Off
[2022-06-14T19:16:35.079Z]           CMake generator           Ninja
[2022-06-14T19:16:35.079Z]           Build arguments           ['-DCMAKE_MAKE_PROGRAM=/local/S/jenkins/workspace/shared/Artifactory/Linux/ninja/1.9.0/aca9939/ninja', '-DPYTHON_INCLUDE_DIR=/local/S/jenkins/workspace/shared/Artifactory/Linux/rundev-2022/202205171752/runtime/997a494/runTime/include/Python37/Python', '-DPython_EXECUTABLE=/local/S/jenkins/workspace/shared/Artifactory/Linux/rundev-2022/202205171752/runtime/997a494/runTime/bin/mayapy', '-DPYTHON_LIBRARIES=/local/S/jenkins/workspace/shared/Artifactory/Linux/rundev-2022/202205171752/runtime/997a494/runTime/lib/libpython3.7m.so.1.0', '-DBUILD_WITH_PYTHON_3=ON', '-DUSD_LIB_PREFIX=lib', '-DCMAKE_WANT_MATERIALX_BUILD=ON', '-DCMAKE_PREFIX_PATH=/local/S/jenkins/workspace/shared/Artifactory/Linux/USD/d547a10']
[2022-06-14T19:16:35.079Z]           Stages arguments          ['configure']
[2022-06-14T19:16:35.079Z]           CTest arguments           ['-E testUsdReferenceAssemblySelection|testUsdMayaAppDir', '-LE interactive', '--parallel 16']
[2022-06-14T19:16:35.079Z]     Success MayaUSD build and install !!!!
[2022-06-14T19:16:35.079Z]     Elapsed time: 00:00:28
[Pipeline] }
[Pipeline] // withEnv
[Pipeline] }
[Pipeline] // stage
[Pipeline] }
[Pipeline] // timestamps
[Pipeline] }
[Pipeline] // timeout
[Pipeline] timeout
Timeout set to expire in 6 hr 0 min
[Pipeline] {
[Pipeline] timestamps
[Pipeline] {
[Pipeline] stage
[Pipeline] { (Build)
[Pipeline] withEnv
[Pipeline] {
[Pipeline] sh
[2022-06-14T19:16:39.639Z] + scl enable devtoolset-6 -
[2022-06-14T19:16:39.639Z] python ecg-maya-usd/build.py --stages=build --workspace-dir=/local/S/jenkins/workspace/ECP/ecg-maya-usd/ecg-mayausd-branch-preflight-2022-python3-linux --artifactory-dir=/local/S/jenkins/workspace/shared/Artifactory --build-dir=/local/S/jenkins/workspace/ECP/ecg-maya-usd/ecg-mayausd-branch-preflight-2022-python3-linux/build --install-dir=/local/S/jenkins/workspace/ECP/ecg-maya-usd/ecg-mayausd-branch-preflight-2022-python3-linux/install --signing-dir=/local/S/jenkins/workspace/ECP/ecg-maya-usd/ecg-mayausd-branch-preflight-2022-python3-linux/signing --package-dir=/local/S/jenkins/workspace/ECP/ecg-maya-usd/ecg-mayausd-branch-preflight-2022-python3-linux/package --output-dir=/local/S/jenkins/workspace/ECP/ecg-maya-usd/ecg-mayausd-branch-preflight-2022-python3-linux/output --stash-dir=/local/S/jenkins/workspace/ECP/ecg-maya-usd/ecg-mayausd-branch-preflight-2022-python3-linux/stash --jenkins-build=4 --git-commit=69bc0d588da47c39f7a93340b1896e7595728f12 --git-branch=master --variants=RelWithDebInfo --python=3.7 --post-zips=false --build-retry=3 --maya-cut-config=maya-rundev-2022.yaml --stage-banner
[2022-06-14T19:16:40.508Z] Using Maya cut from /local/S/jenkins/workspace/shared/Artifactory/Linux/rundev-2022/202205171752/runtime/997a494
[2022-06-14T19:16:40.508Z] 
[2022-06-14T19:16:40.508Z] ================================================================================
[2022-06-14T19:16:40.508Z]                              build (RelWithDebInfo)
[2022-06-14T19:16:40.508Z] ================================================================================
[2022-06-14T19:16:40.508Z] Maya Python RelWithDebInfo Info:
[2022-06-14T19:16:40.508Z]   mayapy executable   = /local/S/jenkins/workspace/shared/Artifactory/Linux/rundev-2022/202205171752/runtime/997a494/runTime/bin/mayapy
[2022-06-14T19:16:40.508Z]   Include Folder      = /local/S/jenkins/workspace/shared/Artifactory/Linux/rundev-2022/202205171752/runtime/997a494/runTime/include/Python37/Python
[2022-06-14T19:16:40.508Z]   Library             = /local/S/jenkins/workspace/shared/Artifactory/Linux/rundev-2022/202205171752/runtime/997a494/runTime/lib/libpython3.7m.so.1.0
[2022-06-14T19:16:40.508Z]   site-package Folder = /local/S/jenkins/workspace/shared/Artifactory/Linux/rundev-2022/202205171752/runtime/997a494/runTime/lib/python3.7/site-packages
[2022-06-14T19:16:40.508Z] In workdir: /home/S/jenkins/workspace/ECP/ecg-maya-usd/ecg-mayausd-branch-preflight-2022-python3-linux/ecg-maya-usd/maya-usd
[2022-06-14T19:16:40.508Z] Executing: /local/S/jenkins/workspace/shared/Artifactory/Linux/rundev-2022/202205171752/runtime/997a494/runTime/bin/mayapy /home/S/jenkins/workspace/ECP/ecg-maya-usd/ecg-mayausd-branch-preflight-2022-python3-linux/ecg-maya-usd/maya-usd/build.py --generator Ninja --build-relwithdebug --maya-location /local/S/jenkins/workspace/shared/Artifactory/Linux/rundev-2022/202205171752/runtime/997a494/runTime --devkit-location /local/S/jenkins/workspace/shared/Artifactory/Linux/rundev-2022/202205171752/runtime/997a494/devkitBase --pxrusd-location /local/S/jenkins/workspace/shared/Artifactory/Linux/USD/d547a10 --qt-location /local/S/jenkins/workspace/shared/Artifactory/Linux/qt/5.15.2/49402fc --build-args=-DCMAKE_MAKE_PROGRAM=/local/S/jenkins/workspace/shared/Artifactory/Linux/ninja/1.9.0/aca9939/ninja,-DPYTHON_INCLUDE_DIR=/local/S/jenkins/workspace/shared/Artifactory/Linux/rundev-2022/202205171752/runtime/997a494/runTime/include/Python37/Python,-DPython_EXECUTABLE=/local/S/jenkins/workspace/shared/Artifactory/Linux/rundev-2022/202205171752/runtime/997a494/runTime/bin/mayapy,-DPYTHON_LIBRARIES=/local/S/jenkins/workspace/shared/Artifactory/Linux/rundev-2022/202205171752/runtime/997a494/runTime/lib/libpython3.7m.so.1.0,-DBUILD_WITH_PYTHON_3=ON,-DUSD_LIB_PREFIX=lib,-DCMAKE_WANT_MATERIALX_BUILD=ON,-DCMAKE_PREFIX_PATH=/local/S/jenkins/workspace/shared/Artifactory/Linux/USD/d547a10 '--ctest-args=-E testUsdReferenceAssemblySelection|testUsdMayaAppDir,-LE interactive,--parallel 16' --stages=build --redirect-outstream-file=False --install-location /local/S/jenkins/workspace/ECP/ecg-maya-usd/ecg-mayausd-branch-preflight-2022-python3-linux/install/RelWithDebInfo/MayaUSD /local/S/jenkins/workspace/ECP/ecg-maya-usd/ecg-mayausd-branch-preflight-2022-python3-linux
[2022-06-14T19:16:40.508Z] Modified environment variables:
[2022-06-14T19:16:40.508Z]     PATH=/local/S/jenkins/workspace/shared/Artifactory/Linux/cmake/3.14.4/656573b/bin:/opt/rh/devtoolset-6/root/usr/bin:/usr/local/bin:/usr/bin
[2022-06-14T19:16:40.508Z]     LD_LIBRARY_PATH=/opt/rh/devtoolset-6/root/usr/lib64:/opt/rh/devtoolset-6/root/usr/lib64:/opt/rh/devtoolset-6/root/usr/lib
[2022-06-14T19:16:41.446Z]     [1/690] Building CXX object test/lib/usd/plugin/CMakeFiles/usdTestMayaPlugin.dir/plugin.cpp.o
[2022-06-14T19:16:41.446Z]     [2/690] Building CXX object test/lib/usd/plugin/CMakeFiles/usdTestInfoImportChaser.dir/plugin.cpp.o
[2022-06-14T19:16:41.446Z]     [3/690] Building CXX object test/lib/usd/plugin/CMakeFiles/usdTestApiWriter.dir/plugin.cpp.o
[2022-06-14T19:16:41.993Z]     [4/690] Building CXX object test/lib/usd/utils/CMakeFiles/testDiffCore.dir/main.cpp.o
[2022-06-14T19:16:41.993Z]     [5/690] Building CXX object test/lib/usd/utils/CMakeFiles/testDiffDictionaries.dir/main.cpp.o
[2022-06-14T19:16:42.494Z]     [6/690] Building CXX object test/lib/usd/utils/CMakeFiles/testDiffLists.dir/main.cpp.o
[2022-06-14T19:16:42.494Z]     [7/690] Building CXX object test/lib/usd/utils/CMakeFiles/testMergePrims.dir/main.cpp.o
[2022-06-14T19:16:42.494Z]     [8/690] Building CXX object test/lib/usd/utils/CMakeFiles/testDiffAttributes.dir/main.cpp.o
[2022-06-14T19:16:43.996Z]     [9/690] Building CXX object test/lib/usd/utils/CMakeFiles/testDiffMetadatas.dir/main.cpp.o
[2022-06-14T19:16:43.996Z]     [10/690] Building CXX object test/lib/usd/utils/CMakeFiles/testDiffRelationships.dir/main.cpp.o
Calling Pipeline was cancelled
[2022-06-14T19:16:47.506Z] Sending interrupt signal to process
[2022-06-14T19:16:47.538Z]     [11/690] Building CXX object test/lib/usd/utils/CMakeFiles/testDiffCore.dir/test_DiffCore.cpp.o
[2022-06-14T19:16:48.237Z]     [12/690] Building CXX object test/lib/usd/plugin/CMakeFiles/usdTestMayaPlugin.dir/mayaShaderTranslation.cpp.o
[2022-06-14T19:16:48.237Z]     FAILED: test/lib/usd/plugin/CMakeFiles/usdTestMayaPlugin.dir/mayaShaderTranslation.cpp.o
[2022-06-14T19:16:48.237Z]     /opt/rh/devtoolset-6/root/usr/bin/c++  -DLINUX -DLINUX_64 -DMATERIALX_BUILD_SHARED_LIBS -DPXR_PLUGINPATH_NAME=PXR_PLUGINPATH_NAME -DPXR_PYTHON_ENABLED=1 -DREQUIRE_IOSTREAM -DTBB_SUPPRESS_DEPRECATED_MESSAGES -DWANT_UFE_BUILD -D_BOOL -D_GLIBCXX_USE_CXX11_ABI=0 -DusdTestMayaPlugin_EXPORTS -I/local/S/jenkins/workspace/shared/Artifactory/Linux/rundev-2022/202205171752/runtime/997a494/runTime/include -I/local/S/jenkins/workspace/shared/Artifactory/Linux/rundev-2022/202205171752/runtime/997a494/devkitBase/devkit/ufe/include -Iinclude -isystem /local/S/jenkins/workspace/shared/Artifactory/Linux/USD/d547a10/include -isystem /local/S/jenkins/workspace/shared/Artifactory/Linux/rundev-2022/202205171752/runtime/997a494/runTime/include/Python37/Python -O2 -g -DNDEBUG -fPIC   -Wall -Werror -msse4.2 -Wno-deprecated -Wno-deprecated-declarations -Wno-unused-local-typedefs -std=c++14 -MD -MT test/lib/usd/plugin/CMakeFiles/usdTestMayaPlugin.dir/mayaShaderTranslation.cpp.o -MF test/lib/usd/plugin/CMakeFiles/usdTestMayaPlugin.dir/mayaShaderTranslation.cpp.o.d -o test/lib/usd/plugin/CMakeFiles/usdTestMayaPlugin.dir/mayaShaderTranslation.cpp.o -c /home/S/jenkins/workspace/ECP/ecg-maya-usd/ecg-mayausd-branch-preflight-2022-python3-linux/ecg-maya-usd/maya-usd/test/lib/usd/plugin/mayaShaderTranslation.cpp
[2022-06-14T19:16:48.237Z]     c++: internal compiler error: Terminated (program cc1plus)
[2022-06-14T19:16:48.237Z]     Please submit a full bug report,
[2022-06-14T19:16:48.237Z]     with preprocessed source if appropriate.
[2022-06-14T19:16:48.237Z]     See <http://bugzilla.redhat.com/bugzilla> for instructions.
[2022-06-14T19:16:48.237Z]     [13/690] Building CXX object test/lib/usd/plugin/CMakeFiles/usdTestInfoImportChaser.dir/infoImportChaser.cpp.o
[2022-06-14T19:16:48.237Z]     FAILED: test/lib/usd/plugin/CMakeFiles/usdTestInfoImportChaser.dir/infoImportChaser.cpp.o
[2022-06-14T19:16:48.237Z]     /opt/rh/devtoolset-6/root/usr/bin/c++  -DLINUX -DLINUX_64 -DMATERIALX_BUILD_SHARED_LIBS -DPXR_PLUGINPATH_NAME=PXR_PLUGINPATH_NAME -DPXR_PYTHON_ENABLED=1 -DREQUIRE_IOSTREAM -DTBB_SUPPRESS_DEPRECATED_MESSAGES -DWANT_UFE_BUILD -D_BOOL -D_GLIBCXX_USE_CXX11_ABI=0 -DusdTestInfoImportChaser_EXPORTS -I/local/S/jenkins/workspace/shared/Artifactory/Linux/rundev-2022/202205171752/runtime/997a494/runTime/include -I/local/S/jenkins/workspace/shared/Artifactory/Linux/rundev-2022/202205171752/runtime/997a494/devkitBase/devkit/ufe/include -Iinclude -isystem /local/S/jenkins/workspace/shared/Artifactory/Linux/USD/d547a10/include -isystem /local/S/jenkins/workspace/shared/Artifactory/Linux/rundev-2022/202205171752/runtime/997a494/runTime/include/Python37/Python -O2 -g -DNDEBUG -fPIC   -Wall -Werror -msse4.2 -Wno-deprecated -Wno-deprecated-declarations -Wno-unused-local-typedefs -std=c++14 -MD -MT test/lib/usd/plugin/CMakeFiles/usdTestInfoImportChaser.dir/infoImportChaser.cpp.o -MF test/lib/usd/plugin/CMakeFiles/usdTestInfoImportChaser.dir/infoImportChaser.cpp.o.d -o test/lib/usd/plugin/CMakeFiles/usdTestInfoImportChaser.dir/infoImportChaser.cpp.o -c /home/S/jenkins/workspace/ECP/ecg-maya-usd/ecg-mayausd-branch-preflight-2022-python3-linux/ecg-maya-usd/maya-usd/test/lib/usd/plugin/infoImportChaser.cpp
[2022-06-14T19:16:48.237Z]     c++: internal compiler error: Terminated (program cc1plus)
[2022-06-14T19:16:48.237Z]     Please submit a full bug report,
[2022-06-14T19:16:48.237Z]     with preprocessed source if appropriate.
[2022-06-14T19:16:48.237Z]     See <http://bugzilla.redhat.com/bugzilla> for instructions.
[2022-06-14T19:16:48.237Z]     [14/690] Building CXX object test/lib/usd/plugin/CMakeFiles/usdTestApiWriter.dir/bulletAdaptor.cpp.o
[2022-06-14T19:16:48.237Z]     FAILED: test/lib/usd/plugin/CMakeFiles/usdTestApiWriter.dir/bulletAdaptor.cpp.o
[2022-06-14T19:16:48.237Z]     /opt/rh/devtoolset-6/root/usr/bin/c++  -DMATERIALX_BUILD_SHARED_LIBS -DPXR_PLUGINPATH_NAME=PXR_PLUGINPATH_NAME -DPXR_PYTHON_ENABLED=1 -DTBB_SUPPRESS_DEPRECATED_MESSAGES -DWANT_UFE_BUILD -D_GLIBCXX_USE_CXX11_ABI=0 -DusdTestApiWriter_EXPORTS -I/local/S/jenkins/workspace/shared/Artifactory/Linux/rundev-2022/202205171752/runtime/997a494/runTime/include -I/local/S/jenkins/workspace/shared/Artifactory/Linux/rundev-2022/202205171752/runtime/997a494/devkitBase/devkit/ufe/include -Iinclude -isystem /local/S/jenkins/workspace/shared/Artifactory/Linux/USD/d547a10/include -isystem /local/S/jenkins/workspace/shared/Artifactory/Linux/rundev-2022/202205171752/runtime/997a494/runTime/include/Python37/Python -O2 -g -DNDEBUG -fPIC   -Wall -Werror -msse4.2 -Wno-deprecated -Wno-deprecated-declarations -Wno-unused-local-typedefs -std=c++14 -MD -MT test/lib/usd/plugin/CMakeFiles/usdTestApiWriter.dir/bulletAdaptor.cpp.o -MF test/lib/usd/plugin/CMakeFiles/usdTestApiWriter.dir/bulletAdaptor.cpp.o.d -o test/lib/usd/plugin/CMakeFiles/usdTestApiWriter.dir/bulletAdaptor.cpp.o -c /home/S/jenkins/workspace/ECP/ecg-maya-usd/ecg-mayausd-branch-preflight-2022-python3-linux/ecg-maya-usd/maya-usd/test/lib/usd/plugin/bulletAdaptor.cpp
[2022-06-14T19:16:48.237Z]     c++: internal compiler error: Terminated (program cc1plus)
[2022-06-14T19:16:48.237Z]     Please submit a full bug report,
[2022-06-14T19:16:48.237Z]     with preprocessed source if appropriate.
[2022-06-14T19:16:48.237Z]     See <http://bugzilla.redhat.com/bugzilla> for instructions.
[2022-06-14T19:16:48.237Z]     [15/690] Building CXX object test/lib/usd/plugin/CMakeFiles/usdTestUsdPlugin.dir/mayaShaderTranslation.cpp.o
[2022-06-14T19:16:48.237Z]     FAILED: test/lib/usd/plugin/CMakeFiles/usdTestUsdPlugin.dir/mayaShaderTranslation.cpp.o
[2022-06-14T19:16:48.238Z]     /opt/rh/devtoolset-6/root/usr/bin/c++  -DMATERIALX_BUILD_SHARED_LIBS -DPXR_PLUGINPATH_NAME=PXR_PLUGINPATH_NAME -DPXR_PYTHON_ENABLED=1 -DTBB_SUPPRESS_DEPRECATED_MESSAGES -DWANT_UFE_BUILD -D_GLIBCXX_USE_CXX11_ABI=0 -DusdTestUsdPlugin_EXPORTS -I/local/S/jenkins/workspace/shared/Artifactory/Linux/rundev-2022/202205171752/runtime/997a494/runTime/include -I/local/S/jenkins/workspace/shared/Artifactory/Linux/rundev-2022/202205171752/runtime/997a494/devkitBase/devkit/ufe/include -Iinclude -isystem /local/S/jenkins/workspace/shared/Artifactory/Linux/USD/d547a10/include -isystem /local/S/jenkins/workspace/shared/Artifactory/Linux/rundev-2022/202205171752/runtime/997a494/runTime/include/Python37/Python -O2 -g -DNDEBUG -fPIC   -Wall -Werror -msse4.2 -Wno-deprecated -Wno-deprecated-declarations -Wno-unused-local-typedefs -std=c++14 -MD -MT test/lib/usd/plugin/CMakeFiles/usdTestUsdPlugin.dir/mayaShaderTranslation.cpp.o -MF test/lib/usd/plugin/CMakeFiles/usdTestUsdPlugin.dir/mayaShaderTranslation.cpp.o.d -o test/lib/usd/plugin/CMakeFiles/usdTestUsdPlugin.dir/mayaShaderTranslation.cpp.o -c /home/S/jenkins/workspace/ECP/ecg-maya-usd/ecg-mayausd-branch-preflight-2022-python3-linux/ecg-maya-usd/maya-usd/test/lib/usd/plugin/mayaShaderTranslation.cpp
[2022-06-14T19:16:48.238Z]     c++: internal compiler error: Terminated (program cc1plus)
[2022-06-14T19:16:48.238Z]     Please submit a full bug report,
[2022-06-14T19:16:48.238Z]     with preprocessed source if appropriate.
[2022-06-14T19:16:48.238Z]     See <http://bugzilla.redhat.com/bugzilla> for instructions.
[2022-06-14T19:16:48.859Z]     [16/690] Building CXX object test/lib/usd/plugin/CMakeFiles/usdTestApiWriter.dir/nullApiExporter.cpp.o
[2022-06-14T19:16:48.859Z]     FAILED: test/lib/usd/plugin/CMakeFiles/usdTestApiWriter.dir/nullApiExporter.cpp.o
[2022-06-14T19:16:48.859Z]     /opt/rh/devtoolset-6/root/usr/bin/c++  -DMATERIALX_BUILD_SHARED_LIBS -DPXR_PLUGINPATH_NAME=PXR_PLUGINPATH_NAME -DPXR_PYTHON_ENABLED=1 -DTBB_SUPPRESS_DEPRECATED_MESSAGES -DWANT_UFE_BUILD -D_GLIBCXX_USE_CXX11_ABI=0 -DusdTestApiWriter_EXPORTS -I/local/S/jenkins/workspace/shared/Artifactory/Linux/rundev-2022/202205171752/runtime/997a494/runTime/include -I/local/S/jenkins/workspace/shared/Artifactory/Linux/rundev-2022/202205171752/runtime/997a494/devkitBase/devkit/ufe/include -Iinclude -isystem /local/S/jenkins/workspace/shared/Artifactory/Linux/USD/d547a10/include -isystem /local/S/jenkins/workspace/shared/Artifactory/Linux/rundev-2022/202205171752/runtime/997a494/runTime/include/Python37/Python -O2 -g -DNDEBUG -fPIC   -Wall -Werror -msse4.2 -Wno-deprecated -Wno-deprecated-declarations -Wno-unused-local-typedefs -std=c++14 -MD -MT test/lib/usd/plugin/CMakeFiles/usdTestApiWriter.dir/nullApiExporter.cpp.o -MF test/lib/usd/plugin/CMakeFiles/usdTestApiWriter.dir/nullApiExporter.cpp.o.d -o test/lib/usd/plugin/CMakeFiles/usdTestApiWriter.dir/nullApiExporter.cpp.o -c /home/S/jenkins/workspace/ECP/ecg-maya-usd/ecg-mayausd-branch-preflight-2022-python3-linux/ecg-maya-usd/maya-usd/test/lib/usd/plugin/nullApiExporter.cpp
[2022-06-14T19:16:48.859Z]     c++: internal compiler error: Terminated (program cc1plus)
[2022-06-14T19:16:48.859Z]     Please submit a full bug report,
[2022-06-14T19:16:48.859Z]     with preprocessed source if appropriate.
[2022-06-14T19:16:48.859Z]     See <http://bugzilla.redhat.com/bugzilla> for instructions.
[2022-06-14T19:16:48.859Z]     [17/690] Building CXX object lib/mayaUsd/CMakeFiles/mayaUsd.dir/ufe/UsdUndoDuplicateCommand.cpp.o
[2022-06-14T19:16:48.859Z]     FAILED: lib/mayaUsd/CMakeFiles/mayaUsd.dir/ufe/UsdUndoDuplicateCommand.cpp.o
[2022-06-14T19:16:48.859Z]     /opt/rh/devtoolset-6/root/usr/bin/c++  -DBUILD_HDMAYA -DGLX_GLXEXT_PROTOTYPES -DGL_GLEXT_PROTOTYPES -DHAS_DEFAULT_MATERIAL_SUPPORT_API=1 -DLINUX -DMATERIALX_BUILD_SHARED_LIBS -DMAYAUSD_CORE_EXPORT -DMAYAUSD_MACROS_EXPORT -DMAYAUSD_VERSION=0.19.0 -DMAYA_ARRAY_ITERATOR_DIFFERENCE_TYPE_SUPPORT=1 -DMAYA_LIGHTAPI_VERSION_2=2 -DMAYA_MRENDERITEM_UFE_IDENTIFIER_SUPPORT=1 -DMAYA_NEW_POINT_SNAPPING_SUPPORT=1 -DMAYA_PY_VERSION=3 -DMAYA_UPDATE_UFE_IDENTIFIER_SUPPORT=1 -DMAYA_USD_VERSION=0.21.11 -DMFB_ALT_PACKAGE_NAME=\"mayaUsd\" -DMFB_PACKAGE_MODULE=\"mayaUsd\" -DMFB_PACKAGE_NAME=\"mayaUsd\" -DMaterialX_DIR=\"/local/S/jenkins/workspace/shared/Artifactory/Linux/USD/d547a10/lib/cmake/MaterialX\" -DPXR_PLUGINPATH_NAME=PXR_PLUGINPATH_NAME -DPXR_PYTHON_ENABLED=1 -DTBB_SUPPRESS_DEPRECATED_MESSAGES -DWANT_MATERIALX_BUILD -DWANT_QT_BUILD -DWANT_UFE_BUILD -D_GLIBCXX_USE_CXX11_ABI=0 -DmayaUsd_EXPORTS -I/local/S/jenkins/workspace/shared/Artifactory/Linux/rundev-2022/202205171752/runtime/997a494/runTime/include -I/local/S/jenkins/workspace/shared/Artifactory/Linux/rundev-2022/202205171752/runtime/997a494/devkitBase/devkit/ufe/include -Iinclude -I_deps/gulrak-src/include -isystem /local/S/jenkins/workspace/shared/Artifactory/Linux/USD/d547a10/include -isystem /local/S/jenkins/workspace/shared/Artifactory/Linux/rundev-2022/202205171752/runtime/997a494/runTime/include/Python37/Python -O2 -g -DNDEBUG -fPIC   -Wall -Werror -msse4.2 -Wno-deprecated -Wno-deprecated-declarations -Wno-unused-local-typedefs -std=c++14 -MD -MT lib/mayaUsd/CMakeFiles/mayaUsd.dir/ufe/UsdUndoDuplicateCommand.cpp.o -MF lib/mayaUsd/CMakeFiles/mayaUsd.dir/ufe/UsdUndoDuplicateCommand.cpp.o.d -o lib/mayaUsd/CMakeFiles/mayaUsd.dir/ufe/UsdUndoDuplicateCommand.cpp.o -c /home/S/jenkins/workspace/ECP/ecg-maya-usd/ecg-mayausd-branch-preflight-2022-python3-linux/ecg-maya-usd/maya-usd/lib/mayaUsd/ufe/UsdUndoDuplicateCommand.cpp
[2022-06-14T19:16:48.859Z]     c++: internal compiler error: Terminated (program cc1plus)
[2022-06-14T19:16:48.859Z]     Please submit a full bug report,
[2022-06-14T19:16:48.859Z]     with preprocessed source if appropriate.
[2022-06-14T19:16:48.859Z]     See <http://bugzilla.redhat.com/bugzilla> for instructions.
[2022-06-14T19:16:48.859Z]     [18/690] Building CXX object test/lib/usd/utils/CMakeFiles/testDiffLists.dir/test_DiffLists.cpp.o
[2022-06-14T19:16:48.859Z]     FAILED: test/lib/usd/utils/CMakeFiles/testDiffLists.dir/test_DiffLists.cpp.o
[2022-06-14T19:16:48.859Z]     /opt/rh/devtoolset-6/root/usr/bin/c++  -DPXR_PYTHON_ENABLED=1 -DTBB_SUPPRESS_DEPRECATED_MESSAGES -D_GLIBCXX_USE_CXX11_ABI=0 -Iinclude -isystem googletest-install/include -isystem /local/S/jenkins/workspace/shared/Artifactory/Linux/USD/d547a10/include -isystem /local/S/jenkins/workspace/shared/Artifactory/Linux/rundev-2022/202205171752/runtime/997a494/runTime/include/Python37/Python -O2 -g -DNDEBUG   -Wall -Werror -msse4.2 -Wno-deprecated -Wno-deprecated-declarations -Wno-unused-local-typedefs -std=c++14 -MD -MT test/lib/usd/utils/CMakeFiles/testDiffLists.dir/test_DiffLists.cpp.o -MF test/lib/usd/utils/CMakeFiles/testDiffLists.dir/test_DiffLists.cpp.o.d -o test/lib/usd/utils/CMakeFiles/testDiffLists.dir/test_DiffLists.cpp.o -c /home/S/jenkins/workspace/ECP/ecg-maya-usd/ecg-mayausd-branch-preflight-2022-python3-linux/ecg-maya-usd/maya-usd/test/lib/usd/utils/test_DiffLists.cpp
[2022-06-14T19:16:48.859Z]     c++: internal compiler error: Terminated (program cc1plus)
[2022-06-14T19:16:48.859Z]     Please submit a full bug report,
[2022-06-14T19:16:48.859Z]     with preprocessed source if appropriate.
[2022-06-14T19:16:48.859Z]     See <http://bugzilla.redhat.com/bugzilla> for instructions.
[2022-06-14T19:16:48.859Z]     [19/690] Building CXX object test/lib/usd/utils/CMakeFiles/testDiffRelationships.dir/test_DiffRelationships.cpp.o
[2022-06-14T19:16:48.859Z]     FAILED: test/lib/usd/utils/CMakeFiles/testDiffRelationships.dir/test_DiffRelationships.cpp.o
[2022-06-14T19:16:48.859Z]     /opt/rh/devtoolset-6/root/usr/bin/c++  -DPXR_PYTHON_ENABLED=1 -DTBB_SUPPRESS_DEPRECATED_MESSAGES -D_GLIBCXX_USE_CXX11_ABI=0 -Iinclude -isystem googletest-install/include -isystem /local/S/jenkins/workspace/shared/Artifactory/Linux/USD/d547a10/include -isystem /local/S/jenkins/workspace/shared/Artifactory/Linux/rundev-2022/202205171752/runtime/997a494/runTime/include/Python37/Python -O2 -g -DNDEBUG   -Wall -Werror -msse4.2 -Wno-deprecated -Wno-deprecated-declarations -Wno-unused-local-typedefs -std=c++14 -MD -MT test/lib/usd/utils/CMakeFiles/testDiffRelationships.dir/test_DiffRelationships.cpp.o -MF test/lib/usd/utils/CMakeFiles/testDiffRelationships.dir/test_DiffRelationships.cpp.o.d -o test/lib/usd/utils/CMakeFiles/testDiffRelationships.dir/test_DiffRelationships.cpp.o -c /home/S/jenkins/workspace/ECP/ecg-maya-usd/ecg-mayausd-branch-preflight-2022-python3-linux/ecg-maya-usd/maya-usd/test/lib/usd/utils/test_DiffRelationships.cpp
[2022-06-14T19:16:48.859Z]     c++: internal compiler error: Terminated (program cc1plus)
[2022-06-14T19:16:48.859Z]     Please submit a full bug report,
[2022-06-14T19:16:48.859Z]     with preprocessed source if appropriate.
[2022-06-14T19:16:48.859Z]     See <http://bugzilla.redhat.com/bugzilla> for instructions.
[2022-06-14T19:16:49.615Z]     [20/690] Building CXX object test/lib/usd/utils/CMakeFiles/testDiffDictionaries.dir/test_DiffDictionaries.cpp.o
[2022-06-14T19:16:49.615Z]     FAILED: test/lib/usd/utils/CMakeFiles/testDiffDictionaries.dir/test_DiffDictionaries.cpp.o
[2022-06-14T19:16:49.615Z]     /opt/rh/devtoolset-6/root/usr/bin/c++  -DPXR_PYTHON_ENABLED=1 -DTBB_SUPPRESS_DEPRECATED_MESSAGES -D_GLIBCXX_USE_CXX11_ABI=0 -Iinclude -isystem googletest-install/include -isystem /local/S/jenkins/workspace/shared/Artifactory/Linux/USD/d547a10/include -isystem /local/S/jenkins/workspace/shared/Artifactory/Linux/rundev-2022/202205171752/runtime/997a494/runTime/include/Python37/Python -O2 -g -DNDEBUG   -Wall -Werror -msse4.2 -Wno-deprecated -Wno-deprecated-declarations -Wno-unused-local-typedefs -std=c++14 -MD -MT test/lib/usd/utils/CMakeFiles/testDiffDictionaries.dir/test_DiffDictionaries.cpp.o -MF test/lib/usd/utils/CMakeFiles/testDiffDictionaries.dir/test_DiffDictionaries.cpp.o.d -o test/lib/usd/utils/CMakeFiles/testDiffDictionaries.dir/test_DiffDictionaries.cpp.o -c /home/S/jenkins/workspace/ECP/ecg-maya-usd/ecg-mayausd-branch-preflight-2022-python3-linux/ecg-maya-usd/maya-usd/test/lib/usd/utils/test_DiffDictionaries.cpp
[2022-06-14T19:16:49.615Z]     c++: internal compiler error: Terminated (program cc1plus)
[2022-06-14T19:16:49.615Z]     Please submit a full bug report,
[2022-06-14T19:16:49.615Z]     with preprocessed source if appropriate.
[2022-06-14T19:16:49.615Z]     See <http://bugzilla.redhat.com/bugzilla> for instructions.
[2022-06-14T19:16:49.615Z]     [21/690] Building CXX object test/lib/usd/utils/CMakeFiles/testMergePrims.dir/test_MergePrims.cpp.o
[2022-06-14T19:16:49.615Z]     FAILED: test/lib/usd/utils/CMakeFiles/testMergePrims.dir/test_MergePrims.cpp.o
[2022-06-14T19:16:49.615Z]     /opt/rh/devtoolset-6/root/usr/bin/c++  -DPXR_PYTHON_ENABLED=1 -DTBB_SUPPRESS_DEPRECATED_MESSAGES -D_GLIBCXX_USE_CXX11_ABI=0 -Iinclude -isystem googletest-install/include -isystem /local/S/jenkins/workspace/shared/Artifactory/Linux/USD/d547a10/include -isystem /local/S/jenkins/workspace/shared/Artifactory/Linux/rundev-2022/202205171752/runtime/997a494/runTime/include/Python37/Python -O2 -g -DNDEBUG   -Wall -Werror -msse4.2 -Wno-deprecated -Wno-deprecated-declarations -Wno-unused-local-typedefs -std=c++14 -MD -MT test/lib/usd/utils/CMakeFiles/testMergePrims.dir/test_MergePrims.cpp.o -MF test/lib/usd/utils/CMakeFiles/testMergePrims.dir/test_MergePrims.cpp.o.d -o test/lib/usd/utils/CMakeFiles/testMergePrims.dir/test_MergePrims.cpp.o -c /home/S/jenkins/workspace/ECP/ecg-maya-usd/ecg-mayausd-branch-preflight-2022-python3-linux/ecg-maya-usd/maya-usd/test/lib/usd/utils/test_MergePrims.cpp
[2022-06-14T19:16:49.615Z]     c++: internal compiler error: Terminated (program cc1plus)
[2022-06-14T19:16:49.615Z]     Please submit a full bug report,
[2022-06-14T19:16:49.615Z]     with preprocessed source if appropriate.
[2022-06-14T19:16:49.615Z]     See <http://bugzilla.redhat.com/bugzilla> for instructions.
[2022-06-14T19:16:49.615Z]     [22/690] Building CXX object test/lib/usd/utils/CMakeFiles/testDiffPrims.dir/test_DiffPrimsChildren.cpp.o
[2022-06-14T19:16:49.615Z]     FAILED: test/lib/usd/utils/CMakeFiles/testDiffPrims.dir/test_DiffPrimsChildren.cpp.o
[2022-06-14T19:16:49.615Z]     /opt/rh/devtoolset-6/root/usr/bin/c++  -DPXR_PYTHON_ENABLED=1 -DTBB_SUPPRESS_DEPRECATED_MESSAGES -D_GLIBCXX_USE_CXX11_ABI=0 -Iinclude -isystem googletest-install/include -isystem /local/S/jenkins/workspace/shared/Artifactory/Linux/USD/d547a10/include -isystem /local/S/jenkins/workspace/shared/Artifactory/Linux/rundev-2022/202205171752/runtime/997a494/runTime/include/Python37/Python -O2 -g -DNDEBUG   -Wall -Werror -msse4.2 -Wno-deprecated -Wno-deprecated-declarations -Wno-unused-local-typedefs -std=c++14 -MD -MT test/lib/usd/utils/CMakeFiles/testDiffPrims.dir/test_DiffPrimsChildren.cpp.o -MF test/lib/usd/utils/CMakeFiles/testDiffPrims.dir/test_DiffPrimsChildren.cpp.o.d -o test/lib/usd/utils/CMakeFiles/testDiffPrims.dir/test_DiffPrimsChildren.cpp.o -c /home/S/jenkins/workspace/ECP/ecg-maya-usd/ecg-mayausd-branch-preflight-2022-python3-linux/ecg-maya-usd/maya-usd/test/lib/usd/utils/test_DiffPrimsChildren.cpp
[2022-06-14T19:16:49.615Z]     c++: internal compiler error: Terminated (program cc1plus)
[2022-06-14T19:16:49.615Z]     Please submit a full bug report,
[2022-06-14T19:16:49.615Z]     with preprocessed source if appropriate.
[2022-06-14T19:16:49.615Z]     See <http://bugzilla.redhat.com/bugzilla> for instructions.
[2022-06-14T19:16:49.615Z]     [23/690] Building CXX object test/lib/usd/utils/CMakeFiles/testDiffAttributes.dir/test_DiffAttributes.cpp.o
[2022-06-14T19:16:49.615Z]     FAILED: test/lib/usd/utils/CMakeFiles/testDiffAttributes.dir/test_DiffAttributes.cpp.o
[2022-06-14T19:16:49.615Z]     /opt/rh/devtoolset-6/root/usr/bin/c++  -DPXR_PYTHON_ENABLED=1 -DTBB_SUPPRESS_DEPRECATED_MESSAGES -D_GLIBCXX_USE_CXX11_ABI=0 -Iinclude -isystem googletest-install/include -isystem /local/S/jenkins/workspace/shared/Artifactory/Linux/USD/d547a10/include -isystem /local/S/jenkins/workspace/shared/Artifactory/Linux/rundev-2022/202205171752/runtime/997a494/runTime/include/Python37/Python -O2 -g -DNDEBUG   -Wall -Werror -msse4.2 -Wno-deprecated -Wno-deprecated-declarations -Wno-unused-local-typedefs -std=c++14 -MD -MT test/lib/usd/utils/CMakeFiles/testDiffAttributes.dir/test_DiffAttributes.cpp.o -MF test/lib/usd/utils/CMakeFiles/testDiffAttributes.dir/test_DiffAttributes.cpp.o.d -o test/lib/usd/utils/CMakeFiles/testDiffAttributes.dir/test_DiffAttributes.cpp.o -c /home/S/jenkins/workspace/ECP/ecg-maya-usd/ecg-mayausd-branch-preflight-2022-python3-linux/ecg-maya-usd/maya-usd/test/lib/usd/utils/test_DiffAttributes.cpp
[2022-06-14T19:16:49.615Z]     c++: internal compiler error: Terminated (program cc1plus)
[2022-06-14T19:16:49.615Z]     Please submit a full bug report,
[2022-06-14T19:16:49.615Z]     with preprocessed source if appropriate.
[2022-06-14T19:16:49.615Z]     See <http://bugzilla.redhat.com/bugzilla> for instructions.
[2022-06-14T19:16:49.615Z]     [24/690] Building CXX object test/lib/usd/utils/CMakeFiles/testDiffMetadatas.dir/test_DiffMetadatas.cpp.o
[2022-06-14T19:16:49.615Z]     FAILED: test/lib/usd/utils/CMakeFiles/testDiffMetadatas.dir/test_DiffMetadatas.cpp.o
[2022-06-14T19:16:49.615Z]     /opt/rh/devtoolset-6/root/usr/bin/c++  -DPXR_PYTHON_ENABLED=1 -DTBB_SUPPRESS_DEPRECATED_MESSAGES -D_GLIBCXX_USE_CXX11_ABI=0 -Iinclude -isystem googletest-install/include -isystem /local/S/jenkins/workspace/shared/Artifactory/Linux/USD/d547a10/include -isystem /local/S/jenkins/workspace/shared/Artifactory/Linux/rundev-2022/202205171752/runtime/997a494/runTime/include/Python37/Python -O2 -g -DNDEBUG   -Wall -Werror -msse4.2 -Wno-deprecated -Wno-deprecated-declarations -Wno-unused-local-typedefs -std=c++14 -MD -MT test/lib/usd/utils/CMakeFiles/testDiffMetadatas.dir/test_DiffMetadatas.cpp.o -MF test/lib/usd/utils/CMakeFiles/testDiffMetadatas.dir/test_DiffMetadatas.cpp.o.d -o test/lib/usd/utils/CMakeFiles/testDiffMetadatas.dir/test_DiffMetadatas.cpp.o -c /home/S/jenkins/workspace/ECP/ecg-maya-usd/ecg-mayausd-branch-preflight-2022-python3-linux/ecg-maya-usd/maya-usd/test/lib/usd/utils/test_DiffMetadatas.cpp
[2022-06-14T19:16:49.615Z]     c++: internal compiler error: Terminated (program cc1plus)
[2022-06-14T19:16:49.615Z]     Please submit a full bug report,
[2022-06-14T19:16:49.615Z]     with preprocessed source if appropriate.
[2022-06-14T19:16:49.615Z]     See <http://bugzilla.redhat.com/bugzilla> for instructions.
[2022-06-14T19:16:50.379Z]     [25/690] Building CXX object lib/mayaUsd/CMakeFiles/mayaUsd.dir/ufe/UsdSceneItemOpsHandler.cpp.o
[2022-06-14T19:16:50.379Z]     FAILED: lib/mayaUsd/CMakeFiles/mayaUsd.dir/ufe/UsdSceneItemOpsHandler.cpp.o
[2022-06-14T19:16:50.379Z]     /opt/rh/devtoolset-6/root/usr/bin/c++  -DBUILD_HDMAYA -DGLX_GLXEXT_PROTOTYPES -DGL_GLEXT_PROTOTYPES -DHAS_DEFAULT_MATERIAL_SUPPORT_API=1 -DLINUX -DMATERIALX_BUILD_SHARED_LIBS -DMAYAUSD_CORE_EXPORT -DMAYAUSD_MACROS_EXPORT -DMAYAUSD_VERSION=0.19.0 -DMAYA_ARRAY_ITERATOR_DIFFERENCE_TYPE_SUPPORT=1 -DMAYA_LIGHTAPI_VERSION_2=2 -DMAYA_MRENDERITEM_UFE_IDENTIFIER_SUPPORT=1 -DMAYA_NEW_POINT_SNAPPING_SUPPORT=1 -DMAYA_PY_VERSION=3 -DMAYA_UPDATE_UFE_IDENTIFIER_SUPPORT=1 -DMAYA_USD_VERSION=0.21.11 -DMFB_ALT_PACKAGE_NAME=\"mayaUsd\" -DMFB_PACKAGE_MODULE=\"mayaUsd\" -DMFB_PACKAGE_NAME=\"mayaUsd\" -DMaterialX_DIR=\"/local/S/jenkins/workspace/shared/Artifactory/Linux/USD/d547a10/lib/cmake/MaterialX\" -DPXR_PLUGINPATH_NAME=PXR_PLUGINPATH_NAME -DPXR_PYTHON_ENABLED=1 -DTBB_SUPPRESS_DEPRECATED_MESSAGES -DWANT_MATERIALX_BUILD -DWANT_QT_BUILD -DWANT_UFE_BUILD -D_GLIBCXX_USE_CXX11_ABI=0 -DmayaUsd_EXPORTS -I/local/S/jenkins/workspace/shared/Artifactory/Linux/rundev-2022/202205171752/runtime/997a494/runTime/include -I/local/S/jenkins/workspace/shared/Artifactory/Linux/rundev-2022/202205171752/runtime/997a494/devkitBase/devkit/ufe/include -Iinclude -I_deps/gulrak-src/include -isystem /local/S/jenkins/workspace/shared/Artifactory/Linux/USD/d547a10/include -isystem /local/S/jenkins/workspace/shared/Artifactory/Linux/rundev-2022/202205171752/runtime/997a494/runTime/include/Python37/Python -O2 -g -DNDEBUG -fPIC   -Wall -Werror -msse4.2 -Wno-deprecated -Wno-deprecated-declarations -Wno-unused-local-typedefs -std=c++14 -MD -MT lib/mayaUsd/CMakeFiles/mayaUsd.dir/ufe/UsdSceneItemOpsHandler.cpp.o -MF lib/mayaUsd/CMakeFiles/mayaUsd.dir/ufe/UsdSceneItemOpsHandler.cpp.o.d -o lib/mayaUsd/CMakeFiles/mayaUsd.dir/ufe/UsdSceneItemOpsHandler.cpp.o -c /home/S/jenkins/workspace/ECP/ecg-maya-usd/ecg-mayausd-branch-preflight-2022-python3-linux/ecg-maya-usd/maya-usd/lib/mayaUsd/ufe/UsdSceneItemOpsHandler.cpp
[2022-06-14T19:16:50.379Z]     c++: internal compiler error: Terminated (program cc1plus)
[2022-06-14T19:16:50.379Z]     Please submit a full bug report,
[2022-06-14T19:16:50.379Z]     with preprocessed source if appropriate.
[2022-06-14T19:16:50.379Z]     See <http://bugzilla.redhat.com/bugzilla> for instructions.
[2022-06-14T19:16:50.379Z]     [26/690] Building CXX object lib/mayaUsd/CMakeFiles/mayaUsd.dir/ufe/UsdTransform3d.cpp.o
[2022-06-14T19:16:50.379Z]     FAILED: lib/mayaUsd/CMakeFiles/mayaUsd.dir/ufe/UsdTransform3d.cpp.o
[2022-06-14T19:16:50.379Z]     /opt/rh/devtoolset-6/root/usr/bin/c++  -DBUILD_HDMAYA -DGLX_GLXEXT_PROTOTYPES -DGL_GLEXT_PROTOTYPES -DHAS_DEFAULT_MATERIAL_SUPPORT_API=1 -DLINUX -DMATERIALX_BUILD_SHARED_LIBS -DMAYAUSD_CORE_EXPORT -DMAYAUSD_MACROS_EXPORT -DMAYAUSD_VERSION=0.19.0 -DMAYA_ARRAY_ITERATOR_DIFFERENCE_TYPE_SUPPORT=1 -DMAYA_LIGHTAPI_VERSION_2=2 -DMAYA_MRENDERITEM_UFE_IDENTIFIER_SUPPORT=1 -DMAYA_NEW_POINT_SNAPPING_SUPPORT=1 -DMAYA_PY_VERSION=3 -DMAYA_UPDATE_UFE_IDENTIFIER_SUPPORT=1 -DMAYA_USD_VERSION=0.21.11 -DMFB_ALT_PACKAGE_NAME=\"mayaUsd\" -DMFB_PACKAGE_MODULE=\"mayaUsd\" -DMFB_PACKAGE_NAME=\"mayaUsd\" -DMaterialX_DIR=\"/local/S/jenkins/workspace/shared/Artifactory/Linux/USD/d547a10/lib/cmake/MaterialX\" -DPXR_PLUGINPATH_NAME=PXR_PLUGINPATH_NAME -DPXR_PYTHON_ENABLED=1 -DTBB_SUPPRESS_DEPRECATED_MESSAGES -DWANT_MATERIALX_BUILD -DWANT_QT_BUILD -DWANT_UFE_BUILD -D_GLIBCXX_USE_CXX11_ABI=0 -DmayaUsd_EXPORTS -I/local/S/jenkins/workspace/shared/Artifactory/Linux/rundev-2022/202205171752/runtime/997a494/runTime/include -I/local/S/jenkins/workspace/shared/Artifactory/Linux/rundev-2022/202205171752/runtime/997a494/devkitBase/devkit/ufe/include -Iinclude -I_deps/gulrak-src/include -isystem /local/S/jenkins/workspace/shared/Artifactory/Linux/USD/d547a10/include -isystem /local/S/jenkins/workspace/shared/Artifactory/Linux/rundev-2022/202205171752/runtime/997a494/runTime/include/Python37/Python -O2 -g -DNDEBUG -fPIC   -Wall -Werror -msse4.2 -Wno-deprecated -Wno-deprecated-declarations -Wno-unused-local-typedefs -std=c++14 -MD -MT lib/mayaUsd/CMakeFiles/mayaUsd.dir/ufe/UsdTransform3d.cpp.o -MF lib/mayaUsd/CMakeFiles/mayaUsd.dir/ufe/UsdTransform3d.cpp.o.d -o lib/mayaUsd/CMakeFiles/mayaUsd.dir/ufe/UsdTransform3d.cpp.o -c /home/S/jenkins/workspace/ECP/ecg-maya-usd/ecg-mayausd-branch-preflight-2022-python3-linux/ecg-maya-usd/maya-usd/lib/mayaUsd/ufe/UsdTransform3d.cpp
[2022-06-14T19:16:50.379Z]     c++: internal compiler error: Terminated (program cc1plus)
[2022-06-14T19:16:50.379Z]     Please submit a full bug report,
[2022-06-14T19:16:50.379Z]     with preprocessed source if appropriate.
[2022-06-14T19:16:50.379Z]     See <http://bugzilla.redhat.com/bugzilla> for instructions.
[2022-06-14T19:16:50.380Z]     [27/690] Building CXX object test/lib/usd/utils/CMakeFiles/testDiffComputeOverall.dir/test_DiffComputeOverall.cpp.o
[2022-06-14T19:16:50.380Z]     FAILED: test/lib/usd/utils/CMakeFiles/testDiffComputeOverall.dir/test_DiffComputeOverall.cpp.o
[2022-06-14T19:16:50.380Z]     /opt/rh/devtoolset-6/root/usr/bin/c++  -DPXR_PYTHON_ENABLED=1 -DTBB_SUPPRESS_DEPRECATED_MESSAGES -D_GLIBCXX_USE_CXX11_ABI=0 -Iinclude -isystem googletest-install/include -isystem /local/S/jenkins/workspace/shared/Artifactory/Linux/USD/d547a10/include -isystem /local/S/jenkins/workspace/shared/Artifactory/Linux/rundev-2022/202205171752/runtime/997a494/runTime/include/Python37/Python -O2 -g -DNDEBUG   -Wall -Werror -msse4.2 -Wno-deprecated -Wno-deprecated-declarations -Wno-unused-local-typedefs -std=c++14 -MD -MT test/lib/usd/utils/CMakeFiles/testDiffComputeOverall.dir/test_DiffComputeOverall.cpp.o -MF test/lib/usd/utils/CMakeFiles/testDiffComputeOverall.dir/test_DiffComputeOverall.cpp.o.d -o test/lib/usd/utils/CMakeFiles/testDiffComputeOverall.dir/test_DiffComputeOverall.cpp.o -c /home/S/jenkins/workspace/ECP/ecg-maya-usd/ecg-mayausd-branch-preflight-2022-python3-linux/ecg-maya-usd/maya-usd/test/lib/usd/utils/test_DiffComputeOverall.cpp
[2022-06-14T19:16:50.380Z]     c++: internal compiler error: Terminated (program cc1plus)
[2022-06-14T19:16:50.380Z]     Please submit a full bug report,
[2022-06-14T19:16:50.380Z]     with preprocessed source if appropriate.
[2022-06-14T19:16:50.380Z]     See <http://bugzilla.redhat.com/bugzilla> for instructions.
[2022-06-14T19:16:50.380Z]     ninja: build stopped: subcommand failed.
[2022-06-14T19:16:50.380Z]     
[2022-06-14T19:16:50.380Z]         Building with settings:
[2022-06-14T19:16:50.380Z]           Source directory          /home/S/jenkins/workspace/ECP/ecg-maya-usd/ecg-mayausd-branch-preflight-2022-python3-linux/ecg-maya-usd/maya-usd
[2022-06-14T19:16:50.380Z]           Workspace directory       /local/S/jenkins/workspace/ECP/ecg-maya-usd/ecg-mayausd-branch-preflight-2022-python3-linux
[2022-06-14T19:16:50.380Z]           Build directory           /local/S/jenkins/workspace/ECP/ecg-maya-usd/ecg-mayausd-branch-preflight-2022-python3-linux/build/RelWithDebInfo
[2022-06-14T19:16:50.380Z]           Install directory         /local/S/jenkins/workspace/ECP/ecg-maya-usd/ecg-mayausd-branch-preflight-2022-python3-linux/install/RelWithDebInfo/MayaUSD
[2022-06-14T19:16:50.380Z]           Variant                   RelWithDebInfo
[2022-06-14T19:16:50.380Z]           Python Debug              Off
[2022-06-14T19:16:50.380Z]           CMake generator           Ninja
[2022-06-14T19:16:50.380Z]           Build arguments           ['-DCMAKE_MAKE_PROGRAM=/local/S/jenkins/workspace/shared/Artifactory/Linux/ninja/1.9.0/aca9939/ninja', '-DPYTHON_INCLUDE_DIR=/local/S/jenkins/workspace/shared/Artifactory/Linux/rundev-2022/202205171752/runtime/997a494/runTime/include/Python37/Python', '-DPython_EXECUTABLE=/local/S/jenkins/workspace/shared/Artifactory/Linux/rundev-2022/202205171752/runtime/997a494/runTime/bin/mayapy', '-DPYTHON_LIBRARIES=/local/S/jenkins/workspace/shared/Artifactory/Linux/rundev-2022/202205171752/runtime/997a494/runTime/lib/libpython3.7m.so.1.0', '-DBUILD_WITH_PYTHON_3=ON', '-DUSD_LIB_PREFIX=lib', '-DCMAKE_WANT_MATERIALX_BUILD=ON', '-DCMAKE_PREFIX_PATH=/local/S/jenkins/workspace/shared/Artifactory/Linux/USD/d547a10']
[2022-06-14T19:16:50.380Z]           Stages arguments          ['build']
[2022-06-14T19:16:50.380Z]           CTest arguments           ['-E testUsdReferenceAssemblySelection|testUsdMayaAppDir', '-LE interactive', '--parallel 16']
[2022-06-14T19:16:50.380Z]     #####################################################################################
[2022-06-14T19:16:50.380Z]     log date: 2022-06-14 12:16
[2022-06-14T19:16:50.380Z]     commit sha: b82ba4c5ef95361026d369dbfc63ff38ae26e7ab
[2022-06-14T19:16:50.380Z]     commit date: Tue Jun 14 12:11:19 2022 -0700
[2022-06-14T19:16:50.380Z]     #####################################################################################
[2022-06-14T19:16:50.380Z]     
[2022-06-14T19:16:50.380Z]     cmake --build . --config RelWithDebInfo  -- -j16
[2022-06-14T19:16:50.380Z]     
[2022-06-14T19:16:50.380Z]     Traceback (most recent call last):
[2022-06-14T19:16:50.380Z]       File "/home/S/jenkins/workspace/ECP/ecg-maya-usd/ecg-mayausd-branch-preflight-2022-python3-linux/ecg-maya-usd/maya-usd/build.py", line 602, in <module>
[2022-06-14T19:16:50.380Z]         BuildAndInstall(context, context.buildArgs, context.stagesArgs)
[2022-06-14T19:16:50.380Z]       File "/home/S/jenkins/workspace/ECP/ecg-maya-usd/ecg-mayausd-branch-preflight-2022-python3-linux/ecg-maya-usd/maya-usd/build.py", line 371, in BuildAndInstall
[2022-06-14T19:16:50.380Z]         RunCMake(context, extraArgs, stagesArgs)
[2022-06-14T19:16:50.380Z]       File "/home/S/jenkins/workspace/ECP/ecg-maya-usd/ecg-mayausd-branch-preflight-2022-python3-linux/ecg-maya-usd/maya-usd/build.py", line 287, in RunCMake
[2022-06-14T19:16:50.380Z]         multiproc=FormatMultiProcs(context.numJobs, generator)))
[2022-06-14T19:16:50.380Z]       File "/home/S/jenkins/workspace/ECP/ecg-maya-usd/ecg-mayausd-branch-preflight-2022-python3-linux/ecg-maya-usd/maya-usd/build.py", line 165, in Run
[2022-06-14T19:16:50.380Z]         .format(cmd=cmd, log=os.path.abspath(context.logFileLocation)))
[2022-06-14T19:16:50.380Z]     RuntimeError: Failed to run 'cmake --build . --config RelWithDebInfo  -- -j16'
[2022-06-14T19:16:50.380Z]     See /local/S/jenkins/workspace/ECP/ecg-maya-usd/ecg-mayausd-branch-preflight-2022-python3-linux/build/RelWithDebInfo/build_log.txt for more details.
[2022-06-14T19:16:50.380Z] build.py: error: Command failed with error code: 1
[2022-06-14T19:16:50.380Z] /var/tmp/sclRSaWuE: line 9: 38645 Terminated              python ecg-maya-usd/build.py --stages=build --workspace-dir=/local/S/jenkins/workspace/ECP/ecg-maya-usd/ecg-mayausd-branch-preflight-2022-python3-linux --artifactory-dir=/local/S/jenkins/workspace/shared/Artifactory --build-dir=/local/S/jenkins/workspace/ECP/ecg-maya-usd/ecg-mayausd-branch-preflight-2022-python3-linux/build --install-dir=/local/S/jenkins/workspace/ECP/ecg-maya-usd/ecg-mayausd-branch-preflight-2022-python3-linux/install --signing-dir=/local/S/jenkins/workspace/ECP/ecg-maya-usd/ecg-mayausd-branch-preflight-2022-python3-linux/signing --package-dir=/local/S/jenkins/workspace/ECP/ecg-maya-usd/ecg-mayausd-branch-preflight-2022-python3-linux/package --output-dir=/local/S/jenkins/workspace/ECP/ecg-maya-usd/ecg-mayausd-branch-preflight-2022-python3-linux/output --stash-dir=/local/S/jenkins/workspace/ECP/ecg-maya-usd/ecg-mayausd-branch-preflight-2022-python3-linux/stash --jenkins-build=4 --git-commit=69bc0d588da47c39f7a93340b1896e7595728f12 --git-branch=master --variants=RelWithDebInfo --python=3.7 --post-zips=false --build-retry=3 --maya-cut-config=maya-rundev-2022.yaml --stage-banner
[2022-06-14T19:16:50.465Z] script returned exit code 143
[Pipeline] }
[Pipeline] // withEnv
[Pipeline] }
[Pipeline] // stage
[Pipeline] }
[Pipeline] // timestamps
[Pipeline] }
[Pipeline] // timeout
[Pipeline] emailextrecipients
Not sending mail to unregistered user notifications@git.autodesk.com because your SCM claimed this was associated with a user ID notifications' which your security realm does not recognize; you may need changes in your SCM plugin
Not sending mail to unregistered user ecg.jenkins@autodesk.com because your SCM claimed this was associated with a user ID ecg.jenkins' which your security realm does not recognize; you may need changes in your SCM plugin
Not sending mail to unregistered user notifications@git.autodesk.com because your SCM claimed this was associated with a user ID notifications' which your security realm does not recognize; you may need changes in your SCM plugin
Not sending mail to unregistered user ecg.jenkins@autodesk.com because your SCM claimed this was associated with a user ID ecg.jenkins' which your security realm does not recognize; you may need changes in your SCM plugin
[Pipeline] isUnix
[Pipeline] echo
Sending notification via SendGrid.
Sending email to jean.remond@autodesk.com
[Pipeline] withCredentials
Masking supported pattern matches of $TOKEN
[Pipeline] {
[Pipeline] sh
[Pipeline] }
[Pipeline] // withCredentials
[Pipeline] }
[Pipeline] // node
[Pipeline] End of Pipeline
[Checks API] No suitable checks publisher found.
Finished: ABORTED
