[2023-05-11T13:32:37.821Z] ================================================================================
[2023-05-11T13:32:37.821Z]                              setup (RelWithDebInfo)
[2023-05-11T13:32:37.821Z] ================================================================================
[2023-05-11T13:32:37.821Z] Installing license file 'melicense.lic'.
[Pipeline] bat
[2023-05-11T13:32:38.292Z] Deleting alias drive W:
[Pipeline] bat
[2023-05-11T13:32:38.758Z] Deleting alias drive P:
[Pipeline] }
[Pipeline] // withEnv
[Pipeline] }
[Pipeline] // timeout
[Pipeline] }
[Pipeline] // stage
[Pipeline] }
[Pipeline] // timestamps
[Pipeline] timestamps
[Pipeline] {
[Pipeline] stage
[Pipeline] { (Clean)
[Pipeline] timeout
[2023-05-11T13:32:39.144Z] Timeout set to expire in 6 hr 0 min
[Pipeline] {
[Pipeline] withEnv
[Pipeline] {
[Pipeline] bat
[2023-05-11T13:32:39.499Z] Creating alias drive P: to S:\jenkins\workspace
[Pipeline] bat
[2023-05-11T13:32:39.860Z] Creating alias drive W: to S:\jenkins\workspace\ECP\ecg-maya-usd\ecg-mayausd-branch-preflight-2022-python3-windows
[Pipeline] bat
[2023-05-11T13:32:40.381Z] "C:\Program Files (x86)\Microsoft Visual Studio\2017\Professional\VC\Auxiliary\Build\vcvarsall.bat" x64
[2023-05-11T13:32:40.490Z] **********************************************************************
[2023-05-11T13:32:40.490Z] ** Visual Studio 2017 Developer Command Prompt v15.9.15
[2023-05-11T13:32:40.490Z] ** Copyright (c) 2017 Microsoft Corporation
[2023-05-11T13:32:40.490Z] **********************************************************************
[2023-05-11T13:32:41.508Z] [vcvarsall.bat] Environment initialized for: 'x64'
[2023-05-11T13:32:41.508Z] python ecg-maya-usd/build.py --stages=clean --workspace-dir=W:\ --artifactory-dir=P:\shared\Artifactory --build-dir=W:\build --install-dir=W:\install --signing-dir=W:\signing --package-dir=W:\package --output-dir=W:\output --stash-dir=W:\stash --jenkins-build=921 --git-commit=7a9971d0ce8a2da859477ecee43fff7e676e8bd9 --git-branch=master --variants=RelWithDebInfo --python=3.7 --post-zips=false --maya-cut-config=maya-rundev-2022.yaml --maya-package=rundev-2022 --stage-banner
[2023-05-11T13:32:42.331Z] Using Maya cut from P:\shared\Artifactory\Windows\rundev-2022\202305092215\runtime\d163ad0
[2023-05-11T13:32:42.331Z] Using Maya ADSK Signatures from P:\shared\Artifactory\Windows\adsk-plugin-signatures-maya\2023\3ae1ae7
[2023-05-11T13:32:42.331Z] Using Maya Security Library from P:\shared\Artifactory\Windows\maya-security-library\3.1.0\084709f
[2023-05-11T13:32:42.441Z] 
[2023-05-11T13:32:42.441Z] ================================================================================
[2023-05-11T13:32:42.441Z]                              clean (RelWithDebInfo)
[2023-05-11T13:32:42.441Z] ================================================================================
[2023-05-11T13:32:42.441Z] Maya Python RelWithDebInfo Info:
[2023-05-11T13:32:42.441Z]   mayapy executable   = P:\shared\Artifactory\Windows\rundev-2022\202305092215\runtime\d163ad0\runTime\bin\mayapy.exe
[2023-05-11T13:32:42.441Z]   Include Folder      = P:\shared\Artifactory\Windows\rundev-2022\202305092215\runtime\d163ad0\runTime\include\Python37\Python
[2023-05-11T13:32:42.441Z]   Library             = P:\shared\Artifactory\Windows\rundev-2022\202305092215\runtime\d163ad0\runTime\lib\python37.lib
[2023-05-11T13:32:42.441Z]   site-package Folder = P:\shared\Artifactory\Windows\rundev-2022\202305092215\runtime\d163ad0\runTime\Python37\Lib\site-packages
[2023-05-11T13:32:44.459Z] Adding Python package requirements: ['P:\\shared\\Artifactory\\Windows\\rundev-2022\\202305092215\\runtime\\d163ad0\\runTime\\bin\\mayapy.exe', '-m', 'pip', 'install', '-t', 'P:\\shared\\Artifactory\\Windows\\rundev-2022\\202305092215\\runtime\\d163ad0\\runTime\\Python37\\Lib\\site-packages', '-r', 'python_requirements.txt']
[2023-05-11T13:32:51.052Z] In workdir: S:\jenkins\workspace\ECP\ecg-maya-usd\ecg-mayausd-branch-preflight-2022-python3-windows\ecg-maya-usd\maya-usd
[2023-05-11T13:32:51.052Z] Executing: 'P:\\shared\\Artifactory\\Windows\\rundev-2022\\202305092215\\runtime\\d163ad0\\runTime\\bin\\mayapy.exe' 'S:\\jenkins\\workspace\\ECP\\ecg-maya-usd\\ecg-mayausd-branch-preflight-2022-python3-windows\\ecg-maya-usd\\maya-usd\\build.py' --generator Ninja --build-relwithdebug --maya-location 'P:\\shared\\Artifactory\\Windows\\rundev-2022\\202305092215\\runtime\\d163ad0\\runTime' --devkit-location 'P:\\shared\\Artifactory\\Windows\\rundev-2022\\202305092215\\runtime\\d163ad0\\devkitBase' --pxrusd-location 'P:\\shared\\Artifactory\\Windows\\USD\\84f2fc3' --qt-location 'P:\\shared\\Artifactory\\Windows\\qt\\5.15.2\\c545fea' --materialx '--build-args=-DCMAKE_MAKE_PROGRAM=P:/shared/Artifactory/Windows/ninja/1.9.0/c68f192/ninja.exe,-DPYTHON_INCLUDE_DIR=P:/shared/Artifactory/Windows/rundev-2022/202305092215/runtime/d163ad0/runTime/include/Python37/Python,-DPython_EXECUTABLE=P:/shared/Artifactory/Windows/rundev-2022/202305092215/runtime/d163ad0/runTime/bin/mayapy.exe,-DPYTHON_LIBRARIES=P:/shared/Artifactory/Windows/rundev-2022/202305092215/runtime/d163ad0/runTime/lib/python37.lib,-DBUILD_WITH_PYTHON_3=ON,-DUSD_LIB_PREFIX=,-DBUILD_HDMAYA=OFF' '--ctest-args=-E testUsdReferenceAssemblySelection|testUsdMayaAppDir|testVP2RenderDelegateIsolateSelect,-LE interactive,--parallel 16' --stages=clean --redirect-outstream-file=False --install-location 'W:\\install\\RelWithDebInfo\\MayaUSD' 'W:\\'
[2023-05-11T13:32:51.052Z] Modified environment variables:
[2023-05-11T13:32:51.052Z]     PATH=P:\shared\Artifactory\Windows\cmake\3.20.3\afe857a\bin;C:\Python27\lib\site-packages\pywin32_system32;C:\Program Files (x86)\Microsoft Visual Studio\2017\Professional\VC\Tools\MSVC\14.16.27023\bin\HostX64\x64;C:\Program Files (x86)\Microsoft Visual Studio\2017\Professional\Common7\IDE\VC\VCPackages;C:\Program Files (x86)\Microsoft Visual Studio\2017\Professional\Common7\IDE\CommonExtensions\Microsoft\TestWindow;C:\Program Files (x86)\Microsoft Visual Studio\2017\Professional\Common7\IDE\CommonExtensions\Microsoft\TeamFoundation\Team Explorer;C:\Program Files (x86)\Microsoft Visual Studio\2017\Professional\MSBuild\15.0\bin\Roslyn;C:\Program Files (x86)\Microsoft Visual Studio\2017\Professional\Team Tools\Performance Tools\x64;C:\Program Files (x86)\Microsoft Visual Studio\2017\Professional\Team Tools\Performance Tools;C:\Program Files (x86)\Microsoft Visual Studio\Shared\Common\VSPerfCollectionTools\\x64;C:\Program Files (x86)\Microsoft Visual Studio\Shared\Common\VSPerfCollectionTools\;C:\Program Files (x86)\Microsoft SDKs\Windows\v10.0A\bin\NETFX 4.6.1 Tools\x64\;C:\Program Files (x86)\HTML Help Workshop;C:\Program Files (x86)\Windows Kits\10\bin\10.0.18362.0\x64;C:\Program Files (x86)\Windows Kits\10\bin\x64;C:\Program Files (x86)\Microsoft Visual Studio\2017\Professional\\MSBuild\15.0\bin;C:\WINDOWS\Microsoft.NET\Framework64\v4.0.30319;C:\Program Files (x86)\Microsoft Visual Studio\2017\Professional\Common7\IDE\;C:\Program Files (x86)\Microsoft Visual Studio\2017\Professional\Common7\Tools\;C:\Python27\;C:\Python27\Scripts;C:\WINDOWS\system32;C:\WINDOWS;C:\WINDOWS\System32\Wbem;C:\WINDOWS\System32\WindowsPowerShell\v1.0\;C:\WINDOWS\System32\OpenSSH\;C:\ProgramData\chocolatey\bin;C:\Program Files (x86)\WiX Toolset v3.7\bin;C:\Program Files\dotnet\;C:\Program Files (x86)\Windows Kits\10\bin\10.0.18362.0\x64;C:\Program Files\Zulu\zulu-11\bin\;C:\Program Files (x86)\Windows Kits\10\bin\10.0.17763.0\x64;C:\Program Files (x86)\Windows Kits\10\bin\x64;C:\Program Files\Git\cmd;C:\Program Files\Git\usr\bin;C:\Program Files\Git\mingw64\bin;C:\Program Files\Git\bin;C:\Python38\;C:\Python38\Scripts;C:\StoreBoxClientWindows;C:\Program Files\Electric Cloud\ElectricCommander\bin;C:\Program Files\WinRAR;C:\Program Files\7-Zip;C:\Users\Administrator\AppData\Local\Microsoft\WindowsApps;C:\Program Files (x86)\Microsoft Visual Studio\2017\Professional\Common7\IDE\CommonExtensions\Microsoft\CMake\CMake\bin;C:\Program Files (x86)\Microsoft Visual Studio\2017\Professional\Common7\IDE\CommonExtensions\Microsoft\CMake\Ninja
[2023-05-11T13:32:51.154Z]     
[2023-05-11T13:32:51.154Z]         Building with settings:
[2023-05-11T13:32:51.154Z]           Source directory          S:\jenkins\workspace\ECP\ecg-maya-usd\ecg-mayausd-branch-preflight-2022-python3-windows\ecg-maya-usd\maya-usd
[2023-05-11T13:32:51.154Z]           Workspace directory       W:\
[2023-05-11T13:32:51.154Z]           Build directory           W:\build\RelWithDebInfo
[2023-05-11T13:32:51.154Z]           Install directory         W:\install\RelWithDebInfo\MayaUSD
[2023-05-11T13:32:51.154Z]           Variant                   RelWithDebInfo
[2023-05-11T13:32:51.154Z]           Python Debug              Off
[2023-05-11T13:32:51.154Z]           CMake generator           Ninja
[2023-05-11T13:32:51.154Z]           Build arguments           ['-DCMAKE_MAKE_PROGRAM=P:/shared/Artifactory/Windows/ninja/1.9.0/c68f192/ninja.exe', '-DPYTHON_INCLUDE_DIR=P:/shared/Artifactory/Windows/rundev-2022/202305092215/runtime/d163ad0/runTime/include/Python37/Python', '-DPython_EXECUTABLE=P:/shared/Artifactory/Windows/rundev-2022/202305092215/runtime/d163ad0/runTime/bin/mayapy.exe', '-DPYTHON_LIBRARIES=P:/shared/Artifactory/Windows/rundev-2022/202305092215/runtime/d163ad0/runTime/lib/python37.lib', '-DBUILD_WITH_PYTHON_3=ON', '-DUSD_LIB_PREFIX=', '-DBUILD_HDMAYA=OFF']
[2023-05-11T13:32:51.154Z]           Stages arguments          ['clean']
[2023-05-11T13:32:51.154Z]           CTest arguments           ['-E testUsdReferenceAssemblySelection|testUsdMayaAppDir|testVP2RenderDelegateIsolateSelect', '-LE interactive', '--parallel 16']
[2023-05-11T13:32:51.154Z]     Success MayaUSD build and install !!!!
[2023-05-11T13:32:51.154Z]     Elapsed time: 00:00:00
[Pipeline] bat
[2023-05-11T13:32:51.612Z] Deleting alias drive W:
[Pipeline] bat
[2023-05-11T13:32:52.037Z] Deleting alias drive P:
[Pipeline] }
[Pipeline] // withEnv
[Pipeline] }
[Pipeline] // timeout
[Pipeline] }
[Pipeline] // stage
[Pipeline] }
[Pipeline] // timestamps
[Pipeline] timestamps
[Pipeline] {
[Pipeline] stage
[Pipeline] { (Configure)
[Pipeline] timeout
[2023-05-11T13:32:52.481Z] Timeout set to expire in 6 hr 0 min
[Pipeline] {
[Pipeline] withEnv
[Pipeline] {
[Pipeline] bat
[2023-05-11T13:32:52.859Z] Creating alias drive P: to S:\jenkins\workspace
[Pipeline] bat
[2023-05-11T13:32:53.281Z] Creating alias drive W: to S:\jenkins\workspace\ECP\ecg-maya-usd\ecg-mayausd-branch-preflight-2022-python3-windows
[Pipeline] bat
[2023-05-11T13:32:54.306Z] "C:\Program Files (x86)\Microsoft Visual Studio\2017\Professional\VC\Auxiliary\Build\vcvarsall.bat" x64
[2023-05-11T13:32:54.416Z] **********************************************************************
[2023-05-11T13:32:54.416Z] ** Visual Studio 2017 Developer Command Prompt v15.9.15
[2023-05-11T13:32:54.416Z] ** Copyright (c) 2017 Microsoft Corporation
[2023-05-11T13:32:54.416Z] **********************************************************************
[2023-05-11T13:32:55.335Z] [vcvarsall.bat] Environment initialized for: 'x64'
[2023-05-11T13:32:55.335Z] python ecg-maya-usd/build.py --stages=configure --workspace-dir=W:\ --artifactory-dir=P:\shared\Artifactory --build-dir=W:\build --install-dir=W:\install --signing-dir=W:\signing --package-dir=W:\package --output-dir=W:\output --stash-dir=W:\stash --jenkins-build=921 --git-commit=7a9971d0ce8a2da859477ecee43fff7e676e8bd9 --git-branch=master --variants=RelWithDebInfo --python=3.7 --post-zips=false --maya-cut-config=maya-rundev-2022.yaml --maya-package=rundev-2022 --stage-banner
[2023-05-11T13:32:56.257Z] Using Maya cut from P:\shared\Artifactory\Windows\rundev-2022\202305092215\runtime\d163ad0
[2023-05-11T13:32:56.257Z] Using Maya ADSK Signatures from P:\shared\Artifactory\Windows\adsk-plugin-signatures-maya\2023\3ae1ae7
[2023-05-11T13:32:56.257Z] Using Maya Security Library from P:\shared\Artifactory\Windows\maya-security-library\3.1.0\084709f
[2023-05-11T13:32:56.257Z] 
[2023-05-11T13:32:56.257Z] ================================================================================
[2023-05-11T13:32:56.257Z]                            configure (RelWithDebInfo)
[2023-05-11T13:32:56.257Z] ================================================================================
[2023-05-11T13:32:56.257Z] Maya Python RelWithDebInfo Info:
[2023-05-11T13:32:56.257Z]   mayapy executable   = P:\shared\Artifactory\Windows\rundev-2022\202305092215\runtime\d163ad0\runTime\bin\mayapy.exe
[2023-05-11T13:32:56.257Z]   Include Folder      = P:\shared\Artifactory\Windows\rundev-2022\202305092215\runtime\d163ad0\runTime\include\Python37\Python
[2023-05-11T13:32:56.257Z]   Library             = P:\shared\Artifactory\Windows\rundev-2022\202305092215\runtime\d163ad0\runTime\lib\python37.lib
[2023-05-11T13:32:56.257Z]   site-package Folder = P:\shared\Artifactory\Windows\rundev-2022\202305092215\runtime\d163ad0\runTime\Python37\Lib\site-packages
[2023-05-11T13:32:56.675Z] In workdir: S:\jenkins\workspace\ECP\ecg-maya-usd\ecg-mayausd-branch-preflight-2022-python3-windows\ecg-maya-usd\maya-usd
[2023-05-11T13:32:56.675Z] Executing: 'P:\\shared\\Artifactory\\Windows\\rundev-2022\\202305092215\\runtime\\d163ad0\\runTime\\bin\\mayapy.exe' 'S:\\jenkins\\workspace\\ECP\\ecg-maya-usd\\ecg-mayausd-branch-preflight-2022-python3-windows\\ecg-maya-usd\\maya-usd\\build.py' --generator Ninja --build-relwithdebug --maya-location 'P:\\shared\\Artifactory\\Windows\\rundev-2022\\202305092215\\runtime\\d163ad0\\runTime' --devkit-location 'P:\\shared\\Artifactory\\Windows\\rundev-2022\\202305092215\\runtime\\d163ad0\\devkitBase' --pxrusd-location 'P:\\shared\\Artifactory\\Windows\\USD\\84f2fc3' --qt-location 'P:\\shared\\Artifactory\\Windows\\qt\\5.15.2\\c545fea' --materialx '--build-args=-DCMAKE_MAKE_PROGRAM=P:/shared/Artifactory/Windows/ninja/1.9.0/c68f192/ninja.exe,-DPYTHON_INCLUDE_DIR=P:/shared/Artifactory/Windows/rundev-2022/202305092215/runtime/d163ad0/runTime/include/Python37/Python,-DPython_EXECUTABLE=P:/shared/Artifactory/Windows/rundev-2022/202305092215/runtime/d163ad0/runTime/bin/mayapy.exe,-DPYTHON_LIBRARIES=P:/shared/Artifactory/Windows/rundev-2022/202305092215/runtime/d163ad0/runTime/lib/python37.lib,-DBUILD_WITH_PYTHON_3=ON,-DUSD_LIB_PREFIX=,-DBUILD_HDMAYA=OFF' '--ctest-args=-E testUsdReferenceAssemblySelection|testUsdMayaAppDir|testVP2RenderDelegateIsolateSelect,-LE interactive,--parallel 16' --stages=configure --redirect-outstream-file=False --install-location 'W:\\install\\RelWithDebInfo\\MayaUSD' 'W:\\'
[2023-05-11T13:32:56.675Z] Modified environment variables:
[2023-05-11T13:32:56.675Z]     PATH=P:\shared\Artifactory\Windows\cmake\3.20.3\afe857a\bin;C:\Python27\lib\site-packages\pywin32_system32;C:\Program Files (x86)\Microsoft Visual Studio\2017\Professional\VC\Tools\MSVC\14.16.27023\bin\HostX64\x64;C:\Program Files (x86)\Microsoft Visual Studio\2017\Professional\Common7\IDE\VC\VCPackages;C:\Program Files (x86)\Microsoft Visual Studio\2017\Professional\Common7\IDE\CommonExtensions\Microsoft\TestWindow;C:\Program Files (x86)\Microsoft Visual Studio\2017\Professional\Common7\IDE\CommonExtensions\Microsoft\TeamFoundation\Team Explorer;C:\Program Files (x86)\Microsoft Visual Studio\2017\Professional\MSBuild\15.0\bin\Roslyn;C:\Program Files (x86)\Microsoft Visual Studio\2017\Professional\Team Tools\Performance Tools\x64;C:\Program Files (x86)\Microsoft Visual Studio\2017\Professional\Team Tools\Performance Tools;C:\Program Files (x86)\Microsoft Visual Studio\Shared\Common\VSPerfCollectionTools\\x64;C:\Program Files (x86)\Microsoft Visual Studio\Shared\Common\VSPerfCollectionTools\;C:\Program Files (x86)\Microsoft SDKs\Windows\v10.0A\bin\NETFX 4.6.1 Tools\x64\;C:\Program Files (x86)\HTML Help Workshop;C:\Program Files (x86)\Windows Kits\10\bin\10.0.18362.0\x64;C:\Program Files (x86)\Windows Kits\10\bin\x64;C:\Program Files (x86)\Microsoft Visual Studio\2017\Professional\\MSBuild\15.0\bin;C:\WINDOWS\Microsoft.NET\Framework64\v4.0.30319;C:\Program Files (x86)\Microsoft Visual Studio\2017\Professional\Common7\IDE\;C:\Program Files (x86)\Microsoft Visual Studio\2017\Professional\Common7\Tools\;C:\Python27\;C:\Python27\Scripts;C:\WINDOWS\system32;C:\WINDOWS;C:\WINDOWS\System32\Wbem;C:\WINDOWS\System32\WindowsPowerShell\v1.0\;C:\WINDOWS\System32\OpenSSH\;C:\ProgramData\chocolatey\bin;C:\Program Files (x86)\WiX Toolset v3.7\bin;C:\Program Files\dotnet\;C:\Program Files (x86)\Windows Kits\10\bin\10.0.18362.0\x64;C:\Program Files\Zulu\zulu-11\bin\;C:\Program Files (x86)\Windows Kits\10\bin\10.0.17763.0\x64;C:\Program Files (x86)\Windows Kits\10\bin\x64;C:\Program Files\Git\cmd;C:\Program Files\Git\usr\bin;C:\Program Files\Git\mingw64\bin;C:\Program Files\Git\bin;C:\Python38\;C:\Python38\Scripts;C:\StoreBoxClientWindows;C:\Program Files\Electric Cloud\ElectricCommander\bin;C:\Program Files\WinRAR;C:\Program Files\7-Zip;C:\Users\Administrator\AppData\Local\Microsoft\WindowsApps;C:\Program Files (x86)\Microsoft Visual Studio\2017\Professional\Common7\IDE\CommonExtensions\Microsoft\CMake\CMake\bin;C:\Program Files (x86)\Microsoft Visual Studio\2017\Professional\Common7\IDE\CommonExtensions\Microsoft\CMake\Ninja
[2023-05-11T13:32:57.393Z]     -- The C compiler identification is MSVC 19.16.27032.1
[2023-05-11T13:32:57.603Z]     -- The CXX compiler identification is MSVC 19.16.27032.1
[2023-05-11T13:32:57.716Z]     -- Detecting C compiler ABI info
[2023-05-11T13:32:58.534Z]     -- Detecting C compiler ABI info - done
[2023-05-11T13:32:58.534Z]     -- Check for working C compiler: C:/Program Files (x86)/Microsoft Visual Studio/2017/Professional/VC/Tools/MSVC/14.16.27023/bin/Hostx64/x64/cl.exe - skipped
[2023-05-11T13:32:58.534Z]     -- Detecting C compile features
[2023-05-11T13:32:58.534Z]     -- Detecting C compile features - done
[2023-05-11T13:32:58.534Z]     -- Detecting CXX compiler ABI info
[2023-05-11T13:32:59.150Z]     -- Detecting CXX compiler ABI info - done
[2023-05-11T13:32:59.150Z]     -- Check for working CXX compiler: C:/Program Files (x86)/Microsoft Visual Studio/2017/Professional/VC/Tools/MSVC/14.16.27023/bin/Hostx64/x64/cl.exe - skipped
[2023-05-11T13:32:59.150Z]     -- Detecting CXX compile features
[2023-05-11T13:32:59.150Z]     -- Detecting CXX compile features - done
[2023-05-11T13:33:00.069Z]     -- Using Maya Light API Version 2
[2023-05-11T13:33:00.069Z]     -- Maya has setDefaultMaterialHandling API
[2023-05-11T13:33:00.069Z]     -- Maya has new point snapping API
[2023-05-11T13:33:00.069Z]     -- Maya has setUfeIdentifiers API
[2023-05-11T13:33:00.069Z]     -- Maya has updateUfeIdentifiers API
[2023-05-11T13:33:00.069Z]     -- Maya has getDisplayStyleOfAllViewports API
[2023-05-11T13:33:00.069Z]     -- Maya array iterator has difference_type trait
[2023-05-11T13:33:00.069Z]     -- Found Maya: P:/shared/Artifactory/Windows/rundev-2022/202305092215/runtime/d163ad0/runTime/bin/maya.exe (found suitable version "2022", minimum required is "2018")
[2023-05-11T13:33:00.281Z]     -- Found Python: P:/shared/Artifactory/Windows/rundev-2022/202305092215/runtime/d163ad0/runTime/bin/mayapy.exe (found suitable exact version "3.7.7") found components: Interpreter
[2023-05-11T13:33:00.281Z]     -- Build MayaUSD with Python3 = ON
[2023-05-11T13:33:00.281Z]     --    PYTHON_INCLUDE_DIRS = P:/shared/Artifactory/Windows/rundev-2022/202305092215/runtime/d163ad0/runTime/include/Python37/Python
[2023-05-11T13:33:00.281Z]     --    PYTHON_LIBRARIES    = P:/shared/Artifactory/Windows/rundev-2022/202305092215/runtime/d163ad0/runTime/lib/python37.lib
[2023-05-11T13:33:00.281Z]     --    Python_EXECUTABLE   = P:/shared/Artifactory/Windows/rundev-2022/202305092215/runtime/d163ad0/runTime/bin/mayapy.exe
[2023-05-11T13:33:00.492Z]     -- USD v0.21.11 has security patches.
[2023-05-11T13:33:00.602Z]     -- USD include dir: P:/shared/Artifactory/Windows/USD/84f2fc3/include
[2023-05-11T13:33:00.602Z]     -- USD library dir: P:/shared/Artifactory/Windows/USD/84f2fc3/lib
[2023-05-11T13:33:00.602Z]     -- USD version: 0.21.11
[2023-05-11T13:33:00.602Z]     -- Autodesk USD version: 0.21.11-ad1
[2023-05-11T13:33:00.602Z]     -- USD Boost::boost version: 107000
[2023-05-11T13:33:00.602Z]     -- Found USD: P:/shared/Artifactory/Windows/USD/84f2fc3 (found suitable version "0.21.11", minimum required is "0.20.05")
[2023-05-11T13:33:00.602Z]     Updated PYTHONPATH: P:\shared\Artifactory\Windows\USD\84f2fc3\lib\python
[2023-05-11T13:33:00.602Z]     Updated PATH: P:\shared\Artifactory\Windows\rundev-2022\202305092215\runtime\d163ad0\runTime\bin;P:\shared\Artifactory\Windows\rundev-2022\202305092215\runtime\d163ad0\runTime\bin3;P:\shared\Artifactory\Windows\cmake\3.20.3\afe857a\bin;C:\Python27\lib\site-packages\pywin32_system32;C:\Program Files (x86)\Microsoft Visual Studio\2017\Professional\VC\Tools\MSVC\14.16.27023\bin\HostX64\x64;C:\Program Files (x86)\Microsoft Visual Studio\2017\Professional\Common7\IDE\VC\VCPackages;C:\Program Files (x86)\Microsoft Visual Studio\2017\Professional\Common7\IDE\CommonExtensions\Microsoft\TestWindow;C:\Program Files (x86)\Microsoft Visual Studio\2017\Professional\Common7\IDE\CommonExtensions\Microsoft\TeamFoundation\Team Explorer;C:\Program Files (x86)\Microsoft Visual Studio\2017\Professional\MSBuild\15.0\bin\Roslyn;C:\Program Files (x86)\Microsoft Visual Studio\2017\Professional\Team Tools\Performance Tools\x64;C:\Program Files (x86)\Microsoft Visual Studio\2017\Professional\Team Tools\Performance Tools;C:\Program Files (x86)\Microsoft Visual Studio\Shared\Common\VSPerfCollectionTools\\x64;C:\Program Files (x86)\Microsoft Visual Studio\Shared\Common\VSPerfCollectionTools\;C:\Program Files (x86)\Microsoft SDKs\Windows\v10.0A\bin\NETFX 4.6.1 Tools\x64\;C:\Program Files (x86)\HTML Help Workshop;C:\Program Files (x86)\Windows Kits\10\bin\10.0.18362.0\x64;C:\Program Files (x86)\Windows Kits\10\bin\x64;C:\Program Files (x86)\Microsoft Visual Studio\2017\Professional\\MSBuild\15.0\bin;C:\WINDOWS\Microsoft.NET\Framework64\v4.0.30319;C:\Program Files (x86)\Microsoft Visual Studio\2017\Professional\Common7\IDE\;C:\Program Files (x86)\Microsoft Visual Studio\2017\Professional\Common7\Tools\;C:\Python27\;C:\Python27\Scripts;C:\WINDOWS\system32;C:\WINDOWS;C:\WINDOWS\System32\Wbem;C:\WINDOWS\System32\WindowsPowerShell\v1.0\;C:\WINDOWS\System32\OpenSSH\;C:\ProgramData\chocolatey\bin;C:\Program Files (x86)\WiX Toolset v3.7\bin;C:\Program Files\dotnet\;C:\Program Files (x86)\Windows Kits\10\bin\10.0.18362.0\x64;C:\Program Files\Zulu\zulu-11\bin\;C:\Program Files (x86)\Windows Kits\10\bin\10.0.17763.0\x64;C:\Program Files (x86)\Windows Kits\10\bin\x64;C:\Program Files\Git\cmd;C:\Program Files\Git\usr\bin;C:\Program Files\Git\mingw64\bin;C:\Program Files\Git\bin;C:\Python38\;C:\Python38\Scripts;C:\StoreBoxClientWindows;C:\Program Files\Electric Cloud\ElectricCommander\bin;C:\Program Files\WinRAR;C:\Program Files\7-Zip;C:\Users\Administrator\AppData\Local\Microsoft\WindowsApps;C:\Program Files (x86)\Microsoft Visual Studio\2017\Professional\Common7\IDE\CommonExtensions\Microsoft\CMake\CMake\bin;C:\Program Files (x86)\Microsoft Visual Studio\2017\Professional\Common7\IDE\CommonExtensions\Microsoft\CMake\Ninja;P:\shared\Artifactory\Windows\USD\84f2fc3\bin;P:\shared\Artifactory\Windows\USD\84f2fc3\lib
[2023-05-11T13:33:00.602Z]     -- UFE include dir: P:/shared/Artifactory/Windows/rundev-2022/202305092215/runtime/d163ad0/devkitBase/devkit/ufe/include
[2023-05-11T13:33:00.602Z]     -- UFE library: P:/shared/Artifactory/Windows/rundev-2022/202305092215/runtime/d163ad0/devkitBase/devkit/ufe/lib/ufe_2.lib
[2023-05-11T13:33:00.602Z]     -- UFE version: 2.1.1
[2023-05-11T13:33:00.602Z]     -- UFE preview features: ufe
[2023-05-11T13:33:00.602Z]     -- Building with UFE 2.1.1 features enabled.
[2023-05-11T13:33:00.602Z]     -- Found MaterialX
[2023-05-11T13:33:00.919Z]     -- Building with Qt features enabled.
[2023-05-11T13:33:00.919Z]     -- **** Building Gulrak From Github Repository.
[2023-05-11T13:33:00.919Z]     -- Populating gulrak
[2023-05-11T13:33:01.135Z]     -- Configuring done
[2023-05-11T13:33:01.135Z]     -- Generating done
[2023-05-11T13:33:01.135Z]     -- Build files have been written to: W:/build/RelWithDebInfo/_deps/gulrak-subbuild
[2023-05-11T13:33:01.351Z]     [1/9] Creating directories for 'gulrak-populate'
[2023-05-11T13:33:01.351Z]     [1/9] Performing download step (git clone) for 'gulrak-populate'
[2023-05-11T13:33:01.463Z]     Cloning into 'gulrak-src'...
[2023-05-11T13:33:09.078Z]     error: RPC failed; HTTP 500 curl 22 The requested URL returned error: 500
[2023-05-11T13:33:09.078Z]     fatal: error reading section header 'shallow-info'
[2023-05-11T13:33:09.078Z]     Cloning into 'gulrak-src'...
[2023-05-11T13:33:16.488Z]     error: RPC failed; HTTP 500 curl 22 The requested URL returned error: 500
[2023-05-11T13:33:16.488Z]     fatal: expected flush after ref listing
[2023-05-11T13:33:16.488Z]     Cloning into 'gulrak-src'...
[2023-05-11T13:33:27.858Z]     error: RPC failed; HTTP 500 curl 22 The requested URL returned error: 500
[2023-05-11T13:33:27.858Z]     fatal: expected flush after ref listing
[2023-05-11T13:33:27.858Z]     -- Had to git clone more than once:
[2023-05-11T13:33:27.858Z]     CMake Error at gulrak-subbuild/gulrak-populate-prefix/tmp/gulrak-populate-gitclone.cmake:31 (message):
[2023-05-11T13:33:27.858Z]               3 times.
[2023-05-11T13:33:27.858Z]       Failed to clone repository: 'https://github.com/gulrak/filesystem.git'
[2023-05-11T13:33:27.858Z]     
[2023-05-11T13:33:27.858Z]     
[2023-05-11T13:33:27.858Z]     FAILED: gulrak-populate-prefix/src/gulrak-populate-stamp/gulrak-populate-download
[2023-05-11T13:33:27.858Z]     cmd.exe /C "cd /D W:\build\RelWithDebInfo\_deps && S:\jenkins\workspace\shared\Artifactory\Windows\cmake\3.20.3\afe857a\bin\cmake.exe -P W:/build/RelWithDebInfo/_deps/gulrak-subbuild/gulrak-populate-prefix/tmp/gulrak-populate-gitclone.cmake && S:\jenkins\workspace\shared\Artifactory\Windows\cmake\3.20.3\afe857a\bin\cmake.exe -E touch W:/build/RelWithDebInfo/_deps/gulrak-subbuild/gulrak-populate-prefix/src/gulrak-populate-stamp/gulrak-populate-download"
[2023-05-11T13:33:27.858Z]     ninja: build stopped: subcommand failed.
[2023-05-11T13:33:27.858Z]     CMake Error at S:/jenkins/workspace/shared/Artifactory/Windows/cmake/3.20.3/afe857a/share/cmake-3.20/Modules/FetchContent.cmake:1012 (message):
[2023-05-11T13:33:27.858Z]       Build step for gulrak failed: 1
[2023-05-11T13:33:27.858Z]     Call Stack (most recent call first):
[2023-05-11T13:33:27.858Z]       S:/jenkins/workspace/shared/Artifactory/Windows/cmake/3.20.3/afe857a/share/cmake-3.20/Modules/FetchContent.cmake:1141:EVAL:2 (__FetchContent_directPopulate)
[2023-05-11T13:33:27.858Z]       S:/jenkins/workspace/shared/Artifactory/Windows/cmake/3.20.3/afe857a/share/cmake-3.20/Modules/FetchContent.cmake:1141 (cmake_language)
[2023-05-11T13:33:27.858Z]       S:/jenkins/workspace/shared/Artifactory/Windows/cmake/3.20.3/afe857a/share/cmake-3.20/Modules/FetchContent.cmake:1184 (FetchContent_Populate)
[2023-05-11T13:33:27.858Z]       cmake/gulrak.cmake:48 (FetchContent_MakeAvailable)
[2023-05-11T13:33:27.858Z]       CMakeLists.txt:184 (include)
[2023-05-11T13:33:27.858Z]     
[2023-05-11T13:33:27.858Z]     
[2023-05-11T13:33:27.858Z]     -- Configuring incomplete, errors occurred!
[2023-05-11T13:33:27.858Z]     See also "W:/build/RelWithDebInfo/CMakeFiles/CMakeOutput.log".
[2023-05-11T13:33:27.964Z]     
[2023-05-11T13:33:27.964Z]         Building with settings:
[2023-05-11T13:33:27.964Z]           Source directory          S:\jenkins\workspace\ECP\ecg-maya-usd\ecg-mayausd-branch-preflight-2022-python3-windows\ecg-maya-usd\maya-usd
[2023-05-11T13:33:27.964Z]           Workspace directory       W:\
[2023-05-11T13:33:27.964Z]           Build directory           W:\build\RelWithDebInfo
[2023-05-11T13:33:27.964Z]           Install directory         W:\install\RelWithDebInfo\MayaUSD
[2023-05-11T13:33:27.964Z]           Variant                   RelWithDebInfo
[2023-05-11T13:33:27.964Z]           Python Debug              Off
[2023-05-11T13:33:27.964Z]           CMake generator           Ninja
[2023-05-11T13:33:27.964Z]           Build arguments           ['-DCMAKE_MAKE_PROGRAM=P:/shared/Artifactory/Windows/ninja/1.9.0/c68f192/ninja.exe', '-DPYTHON_INCLUDE_DIR=P:/shared/Artifactory/Windows/rundev-2022/202305092215/runtime/d163ad0/runTime/include/Python37/Python', '-DPython_EXECUTABLE=P:/shared/Artifactory/Windows/rundev-2022/202305092215/runtime/d163ad0/runTime/bin/mayapy.exe', '-DPYTHON_LIBRARIES=P:/shared/Artifactory/Windows/rundev-2022/202305092215/runtime/d163ad0/runTime/lib/python37.lib', '-DBUILD_WITH_PYTHON_3=ON', '-DUSD_LIB_PREFIX=', '-DBUILD_HDMAYA=OFF']
[2023-05-11T13:33:27.964Z]           Stages arguments          ['configure']
[2023-05-11T13:33:27.964Z]           CTest arguments           ['-E testUsdReferenceAssemblySelection|testUsdMayaAppDir|testVP2RenderDelegateIsolateSelect', '-LE interactive', '--parallel 16']
[2023-05-11T13:33:27.964Z]     #####################################################################################
[2023-05-11T13:33:27.964Z]     log date: 2023-05-11 06:32
[2023-05-11T13:33:27.964Z]     commit sha: e3a2d2aa6a1beb021dc8d7cca4f6276abfbda2fa
[2023-05-11T13:33:27.964Z]     commit date: Wed May 10 13:15:33 2023 -0400
[2023-05-11T13:33:27.964Z]     #####################################################################################
[2023-05-11T13:33:27.964Z]     
[2023-05-11T13:33:27.964Z]     cmake -DCMAKE_INSTALL_PREFIX="W:\install\RelWithDebInfo\MayaUSD" -DCMAKE_BUILD_TYPE=RelWithDebInfo -DCMAKE_EXPORT_COMPILE_COMMANDS=ON -G "Ninja" -DMAYA_LOCATION="P:\shared\Artifactory\Windows\rundev-2022\202305092215\runtime\d163ad0\runTime" -DPXR_USD_LOCATION="P:\shared\Artifactory\Windows\USD\84f2fc3" -DMAYA_DEVKIT_LOCATION="P:\shared\Artifactory\Windows\rundev-2022\202305092215\runtime\d163ad0\devkitBase" -DCMAKE_WANT_MATERIALX_BUILD=ON -DCMAKE_PREFIX_PATH="P:\shared\Artifactory\Windows\USD\84f2fc3" -DMAYAUSD_DEFINE_BOOST_DEBUG_PYTHON_FLAG=OFF -DQT_LOCATION="P:\shared\Artifactory\Windows\qt\5.15.2\c545fea" -DCMAKE_MAKE_PROGRAM=P:/shared/Artifactory/Windows/ninja/1.9.0/c68f192/ninja.exe -DPYTHON_INCLUDE_DIR=P:/shared/Artifactory/Windows/rundev-2022/202305092215/runtime/d163ad0/runTime/include/Python37/Python -DPython_EXECUTABLE=P:/shared/Artifactory/Windows/rundev-2022/202305092215/runtime/d163ad0/runTime/bin/mayapy.exe -DPYTHON_LIBRARIES=P:/shared/Artifactory/Windows/rundev-2022/202305092215/runtime/d163ad0/runTime/lib/python37.lib -DBUILD_WITH_PYTHON_3=ON -DUSD_LIB_PREFIX= -DBUILD_HDMAYA=OFF "S:\jenkins\workspace\ECP\ecg-maya-usd\ecg-mayausd-branch-preflight-2022-python3-windows\ecg-maya-usd\maya-usd"
[2023-05-11T13:33:27.964Z]     
[2023-05-11T13:33:27.964Z]     Traceback (most recent call last):
[2023-05-11T13:33:27.964Z]       File "S:\jenkins\workspace\ECP\ecg-maya-usd\ecg-mayausd-branch-preflight-2022-python3-windows\ecg-maya-usd\maya-usd\build.py", line 636, in <module>
[2023-05-11T13:33:27.964Z]         BuildAndInstall(context, context.buildArgs, context.stagesArgs)
[2023-05-11T13:33:27.964Z]       File "S:\jenkins\workspace\ECP\ecg-maya-usd\ecg-mayausd-branch-preflight-2022-python3-windows\ecg-maya-usd\maya-usd\build.py", line 397, in BuildAndInstall
[2023-05-11T13:33:27.964Z]         RunCMake(context, extraArgs, stagesArgs)
[2023-05-11T13:33:27.964Z]       File "S:\jenkins\workspace\ECP\ecg-maya-usd\ecg-mayausd-branch-preflight-2022-python3-windows\ecg-maya-usd\maya-usd\build.py", line 298, in RunCMake
[2023-05-11T13:33:27.964Z]         extraArgs=(" ".join(extraArgs) if extraArgs else "")))
[2023-05-11T13:33:27.964Z]       File "S:\jenkins\workspace\ECP\ecg-maya-usd\ecg-mayausd-branch-preflight-2022-python3-windows\ecg-maya-usd\maya-usd\build.py", line 179, in Run
[2023-05-11T13:33:27.964Z]         .format(cmd=cmd, log=os.path.abspath(context.logFileLocation)))
[2023-05-11T13:33:27.964Z]     RuntimeError: Failed to run 'cmake -DCMAKE_INSTALL_PREFIX="W:\install\RelWithDebInfo\MayaUSD" -DCMAKE_BUILD_TYPE=RelWithDebInfo -DCMAKE_EXPORT_COMPILE_COMMANDS=ON -G "Ninja" -DMAYA_LOCATION="P:\shared\Artifactory\Windows\rundev-2022\202305092215\runtime\d163ad0\runTime" -DPXR_USD_LOCATION="P:\shared\Artifactory\Windows\USD\84f2fc3" -DMAYA_DEVKIT_LOCATION="P:\shared\Artifactory\Windows\rundev-2022\202305092215\runtime\d163ad0\devkitBase" -DCMAKE_WANT_MATERIALX_BUILD=ON -DCMAKE_PREFIX_PATH="P:\shared\Artifactory\Windows\USD\84f2fc3" -DMAYAUSD_DEFINE_BOOST_DEBUG_PYTHON_FLAG=OFF -DQT_LOCATION="P:\shared\Artifactory\Windows\qt\5.15.2\c545fea" -DCMAKE_MAKE_PROGRAM=P:/shared/Artifactory/Windows/ninja/1.9.0/c68f192/ninja.exe -DPYTHON_INCLUDE_DIR=P:/shared/Artifactory/Windows/rundev-2022/202305092215/runtime/d163ad0/runTime/include/Python37/Python -DPython_EXECUTABLE=P:/shared/Artifactory/Windows/rundev-2022/202305092215/runtime/d163ad0/runTime/bin/mayapy.exe -DPYTHON_LIBRARIES=P:/shared/Artifactory/Windows/rundev-2022/202305092215/runtime/d163ad0/runTime/lib/python37.lib -DBUILD_WITH_PYTHON_3=ON -DUSD_LIB_PREFIX= -DBUILD_HDMAYA=OFF "S:\jenkins\workspace\ECP\ecg-maya-usd\ecg-mayausd-branch-preflight-2022-python3-windows\ecg-maya-usd\maya-usd"'
[2023-05-11T13:33:27.964Z]     See W:\build\RelWithDebInfo\build_log.txt for more details.
[2023-05-11T13:33:27.964Z] build.py: error: Command failed with error code: 1
[Pipeline] bat
[2023-05-11T13:33:28.404Z] Deleting alias drive W:
[Pipeline] bat
[2023-05-11T13:33:28.799Z] Deleting alias drive P:
[Pipeline] }
[Pipeline] // withEnv
[Pipeline] }
[Pipeline] // timeout
[Pipeline] }
[Pipeline] // stage
[Pipeline] }
[Pipeline] // timestamps
[Pipeline] emailextrecipients
Not sending mail to unregistered user ecg.jenkins@autodesk.com because your SCM claimed this was associated with a user ID ‘ecg.jenkins' which your security realm does not recognize; you may need changes in your SCM plugin
Not sending mail to unregistered user ecg.jenkins@autodesk.com because your SCM claimed this was associated with a user ID ‘ecg.jenkins' which your security realm does not recognize; you may need changes in your SCM plugin
[Pipeline] isUnix
[Pipeline] echo
Sending notification via SendGrid.
Sending email to sean.donnelly@autodesk.com
[Pipeline] withCredentials
Masking supported pattern matches of %TOKEN%
[Pipeline] {
[Pipeline] isUnix
[Pipeline] bat
[Pipeline] }
[Pipeline] // withCredentials
[Pipeline] }
[Pipeline] // node
[Pipeline] End of Pipeline
ERROR: script returned exit code 1
[Checks API] No suitable checks publisher found.
Finished: FAILURE
