[2023-04-24T22:48:12.743Z] ================================================================================
[2023-04-24T22:48:12.743Z]                              setup (RelWithDebInfo)
[2023-04-24T22:48:12.743Z] ================================================================================
[Pipeline] bat
[2023-04-24T22:48:13.050Z] Deleting alias drive W:
[Pipeline] bat
[2023-04-24T22:48:13.357Z] Deleting alias drive P:
[Pipeline] }
[Pipeline] // withEnv
[Pipeline] }
[Pipeline] // timeout
[Pipeline] }
[Pipeline] // stage
[Pipeline] }
[Pipeline] // timestamps
[Pipeline] timestamps
[Pipeline] {
[Pipeline] stage
[Pipeline] { (Clean)
[Pipeline] timeout
[2023-04-24T22:48:13.574Z] Timeout set to expire in 6 hr 0 min
[Pipeline] {
[Pipeline] withEnv
[Pipeline] {
[Pipeline] bat
[2023-04-24T22:48:13.955Z] Creating alias drive P: to S:\jenkins\workspace
[Pipeline] bat
[2023-04-24T22:48:14.308Z] Creating alias drive W: to S:\jenkins\workspace\ECP\ecg-maya-usd\ecg-mayausd-branch-preflight-2022-windows
[Pipeline] bat
[2023-04-24T22:48:14.872Z] "C:\Program Files (x86)\Microsoft Visual Studio\2017\Professional\VC\Auxiliary\Build\vcvarsall.bat" x64
[2023-04-24T22:48:14.976Z] **********************************************************************
[2023-04-24T22:48:14.976Z] ** Visual Studio 2017 Developer Command Prompt v15.9.15
[2023-04-24T22:48:14.976Z] ** Copyright (c) 2017 Microsoft Corporation
[2023-04-24T22:48:14.976Z] **********************************************************************
[2023-04-24T22:48:15.996Z] [vcvarsall.bat] Environment initialized for: 'x64'
[2023-04-24T22:48:15.996Z] python ecg-maya-usd/build.py --stages=clean --workspace-dir=W:\ --artifactory-dir=P:\shared\Artifactory --build-dir=W:\build --install-dir=W:\install --signing-dir=W:\signing --package-dir=W:\package --output-dir=W:\output --stash-dir=W:\stash --jenkins-build=859 --git-commit=173d6ea93fed5f1ecd175d365202c3c3a2e66ba5 --git-branch=master --variants=RelWithDebInfo --python=2.7 --post-zips=false --maya-cut-config=maya-rundev-2022.yaml --maya-package=rundev-2022 --stage-banner
[2023-04-24T22:48:16.915Z] Using Maya cut from P:\shared\Artifactory\Windows\rundev-2022\202304182215\runtime\3bb2a2f
[2023-04-24T22:48:16.915Z] Using Maya ADSK Signatures from P:\shared\Artifactory\Windows\adsk-plugin-signatures-maya\2023\3ae1ae7
[2023-04-24T22:48:16.915Z] Using Maya Security Library from P:\shared\Artifactory\Windows\maya-security-library\3.1.0\084709f
[2023-04-24T22:48:16.915Z] 
[2023-04-24T22:48:16.915Z] ================================================================================
[2023-04-24T22:48:16.915Z]                              clean (RelWithDebInfo)
[2023-04-24T22:48:16.915Z] ================================================================================
[2023-04-24T22:48:16.915Z] Maya Python RelWithDebInfo Info:
[2023-04-24T22:48:16.915Z]   mayapy executable   = P:\shared\Artifactory\Windows\rundev-2022\202304182215\runtime\3bb2a2f\runTime\bin\mayapy2.exe
[2023-04-24T22:48:16.915Z]   Include Folder      = P:\shared\Artifactory\Windows\rundev-2022\202304182215\runtime\3bb2a2f\runTime\include\Python27\Python
[2023-04-24T22:48:16.915Z]   Library             = P:\shared\Artifactory\Windows\rundev-2022\202304182215\runtime\3bb2a2f\runTime\lib\python27.lib
[2023-04-24T22:48:16.915Z]   site-package Folder = P:\shared\Artifactory\Windows\rundev-2022\202304182215\runtime\3bb2a2f\runTime\Python27\Lib\site-packages
[2023-04-24T22:48:24.419Z] In workdir: S:\jenkins\workspace\ECP\ecg-maya-usd\ecg-mayausd-branch-preflight-2022-windows\ecg-maya-usd\maya-usd
[2023-04-24T22:48:24.419Z] Executing: 'P:\\shared\\Artifactory\\Windows\\rundev-2022\\202304182215\\runtime\\3bb2a2f\\runTime\\bin\\mayapy2.exe' 'S:\\jenkins\\workspace\\ECP\\ecg-maya-usd\\ecg-mayausd-branch-preflight-2022-windows\\ecg-maya-usd\\maya-usd\\build.py' --generator Ninja --build-relwithdebug --maya-location 'P:\\shared\\Artifactory\\Windows\\rundev-2022\\202304182215\\runtime\\3bb2a2f\\runTime' --devkit-location 'P:\\shared\\Artifactory\\Windows\\rundev-2022\\202304182215\\runtime\\3bb2a2f\\devkitBase' --pxrusd-location 'P:\\shared\\Artifactory\\Windows\\USD\\9ab6422' --qt-location 'P:\\shared\\Artifactory\\Windows\\qt\\5.15.2\\c545fea' --materialx '--build-args=-DCMAKE_MAKE_PROGRAM=P:/shared/Artifactory/Windows/ninja/1.9.0/c68f192/ninja.exe,-DPYTHON_INCLUDE_DIR=P:/shared/Artifactory/Windows/rundev-2022/202304182215/runtime/3bb2a2f/runTime/include/Python27/Python,-DPython_EXECUTABLE=P:/shared/Artifactory/Windows/rundev-2022/202304182215/runtime/3bb2a2f/runTime/bin/mayapy2.exe,-DPYTHON_LIBRARIES=P:/shared/Artifactory/Windows/rundev-2022/202304182215/runtime/3bb2a2f/runTime/lib/python27.lib,-DUSD_LIB_PREFIX=,-DBUILD_HDMAYA=OFF' '--ctest-args=-E testUsdReferenceAssemblySelection|testUsdMayaAppDir,-LE interactive,--parallel 16' --stages=clean --redirect-outstream-file=False --install-location 'W:\\install\\RelWithDebInfo\\MayaUSD' 'W:\\'
[2023-04-24T22:48:24.419Z] Modified environment variables:
[2023-04-24T22:48:24.419Z]     PATH=P:\shared\Artifactory\Windows\cmake\3.20.3\afe857a\bin;C:\Python27\lib\site-packages\pywin32_system32;C:\Program Files (x86)\Microsoft Visual Studio\2017\Professional\VC\Tools\MSVC\14.16.27023\bin\HostX64\x64;C:\Program Files (x86)\Microsoft Visual Studio\2017\Professional\Common7\IDE\VC\VCPackages;C:\Program Files (x86)\Microsoft Visual Studio\2017\Professional\Common7\IDE\CommonExtensions\Microsoft\TestWindow;C:\Program Files (x86)\Microsoft Visual Studio\2017\Professional\Common7\IDE\CommonExtensions\Microsoft\TeamFoundation\Team Explorer;C:\Program Files (x86)\Microsoft Visual Studio\2017\Professional\MSBuild\15.0\bin\Roslyn;C:\Program Files (x86)\Microsoft Visual Studio\2017\Professional\Team Tools\Performance Tools\x64;C:\Program Files (x86)\Microsoft Visual Studio\2017\Professional\Team Tools\Performance Tools;C:\Program Files (x86)\Microsoft Visual Studio\Shared\Common\VSPerfCollectionTools\\x64;C:\Program Files (x86)\Microsoft Visual Studio\Shared\Common\VSPerfCollectionTools\;C:\Program Files (x86)\Microsoft SDKs\Windows\v10.0A\bin\NETFX 4.6.1 Tools\x64\;C:\Program Files (x86)\HTML Help Workshop;C:\Program Files (x86)\Windows Kits\10\bin\10.0.18362.0\x64;C:\Program Files (x86)\Windows Kits\10\bin\x64;C:\Program Files (x86)\Microsoft Visual Studio\2017\Professional\\MSBuild\15.0\bin;C:\WINDOWS\Microsoft.NET\Framework64\v4.0.30319;C:\Program Files (x86)\Microsoft Visual Studio\2017\Professional\Common7\IDE\;C:\Program Files (x86)\Microsoft Visual Studio\2017\Professional\Common7\Tools\;C:\Python27\;C:\Python27\Scripts;C:\WINDOWS\system32;C:\WINDOWS;C:\WINDOWS\System32\Wbem;C:\WINDOWS\System32\WindowsPowerShell\v1.0\;C:\WINDOWS\System32\OpenSSH\;C:\ProgramData\chocolatey\bin;C:\Program Files (x86)\WiX Toolset v3.7\bin;C:\Program Files\dotnet\;C:\Program Files (x86)\Windows Kits\10\bin\10.0.18362.0\x64;C:\Program Files\Zulu\zulu-11\bin\;C:\Program Files (x86)\Windows Kits\10\bin\10.0.17763.0\x64;C:\Program Files (x86)\Windows Kits\10\bin\x64;C:\Program Files\Git\cmd;C:\Program Files\Git\usr\bin;C:\Program Files\Git\mingw64\bin;C:\Program Files\Git\bin;C:\Python38\;C:\Python38\Scripts;C:\StoreBoxClientWindows;C:\Program Files\Electric Cloud\ElectricCommander\bin;C:\Program Files\WinRAR;C:\Program Files\7-Zip;C:\Users\Administrator\AppData\Local\Microsoft\WindowsApps;C:\Program Files (x86)\Microsoft Visual Studio\2017\Professional\Common7\IDE\CommonExtensions\Microsoft\CMake\CMake\bin;C:\Program Files (x86)\Microsoft Visual Studio\2017\Professional\Common7\IDE\CommonExtensions\Microsoft\CMake\Ninja
[2023-04-24T22:48:24.622Z]     
[2023-04-24T22:48:24.622Z]         Building with settings:
[2023-04-24T22:48:24.622Z]           Source directory          S:\jenkins\workspace\ECP\ecg-maya-usd\ecg-mayausd-branch-preflight-2022-windows\ecg-maya-usd\maya-usd
[2023-04-24T22:48:24.622Z]           Workspace directory       W:\
[2023-04-24T22:48:24.622Z]           Build directory           W:\build\RelWithDebInfo
[2023-04-24T22:48:24.622Z]           Install directory         W:\install\RelWithDebInfo\MayaUSD
[2023-04-24T22:48:24.622Z]           Variant                   RelWithDebInfo
[2023-04-24T22:48:24.622Z]           Python Debug              Off
[2023-04-24T22:48:24.622Z]           CMake generator           Ninja
[2023-04-24T22:48:24.622Z]           Build arguments           ['-DCMAKE_MAKE_PROGRAM=P:/shared/Artifactory/Windows/ninja/1.9.0/c68f192/ninja.exe', '-DPYTHON_INCLUDE_DIR=P:/shared/Artifactory/Windows/rundev-2022/202304182215/runtime/3bb2a2f/runTime/include/Python27/Python', '-DPython_EXECUTABLE=P:/shared/Artifactory/Windows/rundev-2022/202304182215/runtime/3bb2a2f/runTime/bin/mayapy2.exe', '-DPYTHON_LIBRARIES=P:/shared/Artifactory/Windows/rundev-2022/202304182215/runtime/3bb2a2f/runTime/lib/python27.lib', '-DUSD_LIB_PREFIX=', '-DBUILD_HDMAYA=OFF']
[2023-04-24T22:48:24.622Z]           Stages arguments          ['clean']
[2023-04-24T22:48:24.622Z]           CTest arguments           ['-E testUsdReferenceAssemblySelection|testUsdMayaAppDir', '-LE interactive', '--parallel 16']
[2023-04-24T22:48:24.622Z]     Success MayaUSD build and install !!!!
[2023-04-24T22:48:24.622Z]     Elapsed time: 00:00:00
[Pipeline] bat
[2023-04-24T22:48:24.942Z] Deleting alias drive W:
[Pipeline] bat
[2023-04-24T22:48:25.247Z] Deleting alias drive P:
[Pipeline] }
[Pipeline] // withEnv
[Pipeline] }
[Pipeline] // timeout
[Pipeline] }
[Pipeline] // stage
[Pipeline] }
[Pipeline] // timestamps
[Pipeline] timestamps
[Pipeline] {
[Pipeline] stage
[Pipeline] { (Configure)
[Pipeline] timeout
[2023-04-24T22:48:25.440Z] Timeout set to expire in 6 hr 0 min
[Pipeline] {
[Pipeline] withEnv
[Pipeline] {
[Pipeline] bat
[2023-04-24T22:48:25.774Z] Creating alias drive P: to S:\jenkins\workspace
[Pipeline] bat
[2023-04-24T22:48:26.083Z] Creating alias drive W: to S:\jenkins\workspace\ECP\ecg-maya-usd\ecg-mayausd-branch-preflight-2022-windows
[Pipeline] bat
[2023-04-24T22:48:26.684Z] "C:\Program Files (x86)\Microsoft Visual Studio\2017\Professional\VC\Auxiliary\Build\vcvarsall.bat" x64
[2023-04-24T22:48:26.792Z] **********************************************************************
[2023-04-24T22:48:26.792Z] ** Visual Studio 2017 Developer Command Prompt v15.9.15
[2023-04-24T22:48:26.792Z] ** Copyright (c) 2017 Microsoft Corporation
[2023-04-24T22:48:26.792Z] **********************************************************************
[2023-04-24T22:48:27.812Z] [vcvarsall.bat] Environment initialized for: 'x64'
[2023-04-24T22:48:27.812Z] python ecg-maya-usd/build.py --stages=configure --workspace-dir=W:\ --artifactory-dir=P:\shared\Artifactory --build-dir=W:\build --install-dir=W:\install --signing-dir=W:\signing --package-dir=W:\package --output-dir=W:\output --stash-dir=W:\stash --jenkins-build=859 --git-commit=173d6ea93fed5f1ecd175d365202c3c3a2e66ba5 --git-branch=master --variants=RelWithDebInfo --python=2.7 --post-zips=false --maya-cut-config=maya-rundev-2022.yaml --maya-package=rundev-2022 --stage-banner
[2023-04-24T22:48:28.734Z] Using Maya cut from P:\shared\Artifactory\Windows\rundev-2022\202304182215\runtime\3bb2a2f
[2023-04-24T22:48:28.734Z] Using Maya ADSK Signatures from P:\shared\Artifactory\Windows\adsk-plugin-signatures-maya\2023\3ae1ae7
[2023-04-24T22:48:28.734Z] Using Maya Security Library from P:\shared\Artifactory\Windows\maya-security-library\3.1.0\084709f
[2023-04-24T22:48:28.844Z] 
[2023-04-24T22:48:28.844Z] ================================================================================
[2023-04-24T22:48:28.844Z]                            configure (RelWithDebInfo)
[2023-04-24T22:48:28.844Z] ================================================================================
[2023-04-24T22:48:28.844Z] Maya Python RelWithDebInfo Info:
[2023-04-24T22:48:28.844Z]   mayapy executable   = P:\shared\Artifactory\Windows\rundev-2022\202304182215\runtime\3bb2a2f\runTime\bin\mayapy2.exe
[2023-04-24T22:48:28.844Z]   Include Folder      = P:\shared\Artifactory\Windows\rundev-2022\202304182215\runtime\3bb2a2f\runTime\include\Python27\Python
[2023-04-24T22:48:28.844Z]   Library             = P:\shared\Artifactory\Windows\rundev-2022\202304182215\runtime\3bb2a2f\runTime\lib\python27.lib
[2023-04-24T22:48:28.844Z]   site-package Folder = P:\shared\Artifactory\Windows\rundev-2022\202304182215\runtime\3bb2a2f\runTime\Python27\Lib\site-packages
[2023-04-24T22:48:29.156Z] In workdir: S:\jenkins\workspace\ECP\ecg-maya-usd\ecg-mayausd-branch-preflight-2022-windows\ecg-maya-usd\maya-usd
[2023-04-24T22:48:29.156Z] Executing: 'P:\\shared\\Artifactory\\Windows\\rundev-2022\\202304182215\\runtime\\3bb2a2f\\runTime\\bin\\mayapy2.exe' 'S:\\jenkins\\workspace\\ECP\\ecg-maya-usd\\ecg-mayausd-branch-preflight-2022-windows\\ecg-maya-usd\\maya-usd\\build.py' --generator Ninja --build-relwithdebug --maya-location 'P:\\shared\\Artifactory\\Windows\\rundev-2022\\202304182215\\runtime\\3bb2a2f\\runTime' --devkit-location 'P:\\shared\\Artifactory\\Windows\\rundev-2022\\202304182215\\runtime\\3bb2a2f\\devkitBase' --pxrusd-location 'P:\\shared\\Artifactory\\Windows\\USD\\9ab6422' --qt-location 'P:\\shared\\Artifactory\\Windows\\qt\\5.15.2\\c545fea' --materialx '--build-args=-DCMAKE_MAKE_PROGRAM=P:/shared/Artifactory/Windows/ninja/1.9.0/c68f192/ninja.exe,-DPYTHON_INCLUDE_DIR=P:/shared/Artifactory/Windows/rundev-2022/202304182215/runtime/3bb2a2f/runTime/include/Python27/Python,-DPython_EXECUTABLE=P:/shared/Artifactory/Windows/rundev-2022/202304182215/runtime/3bb2a2f/runTime/bin/mayapy2.exe,-DPYTHON_LIBRARIES=P:/shared/Artifactory/Windows/rundev-2022/202304182215/runtime/3bb2a2f/runTime/lib/python27.lib,-DUSD_LIB_PREFIX=,-DBUILD_HDMAYA=OFF' '--ctest-args=-E testUsdReferenceAssemblySelection|testUsdMayaAppDir,-LE interactive,--parallel 16' --stages=configure --redirect-outstream-file=False --install-location 'W:\\install\\RelWithDebInfo\\MayaUSD' 'W:\\'
[2023-04-24T22:48:29.156Z] Modified environment variables:
[2023-04-24T22:48:29.156Z]     PATH=P:\shared\Artifactory\Windows\cmake\3.20.3\afe857a\bin;C:\Python27\lib\site-packages\pywin32_system32;C:\Program Files (x86)\Microsoft Visual Studio\2017\Professional\VC\Tools\MSVC\14.16.27023\bin\HostX64\x64;C:\Program Files (x86)\Microsoft Visual Studio\2017\Professional\Common7\IDE\VC\VCPackages;C:\Program Files (x86)\Microsoft Visual Studio\2017\Professional\Common7\IDE\CommonExtensions\Microsoft\TestWindow;C:\Program Files (x86)\Microsoft Visual Studio\2017\Professional\Common7\IDE\CommonExtensions\Microsoft\TeamFoundation\Team Explorer;C:\Program Files (x86)\Microsoft Visual Studio\2017\Professional\MSBuild\15.0\bin\Roslyn;C:\Program Files (x86)\Microsoft Visual Studio\2017\Professional\Team Tools\Performance Tools\x64;C:\Program Files (x86)\Microsoft Visual Studio\2017\Professional\Team Tools\Performance Tools;C:\Program Files (x86)\Microsoft Visual Studio\Shared\Common\VSPerfCollectionTools\\x64;C:\Program Files (x86)\Microsoft Visual Studio\Shared\Common\VSPerfCollectionTools\;C:\Program Files (x86)\Microsoft SDKs\Windows\v10.0A\bin\NETFX 4.6.1 Tools\x64\;C:\Program Files (x86)\HTML Help Workshop;C:\Program Files (x86)\Windows Kits\10\bin\10.0.18362.0\x64;C:\Program Files (x86)\Windows Kits\10\bin\x64;C:\Program Files (x86)\Microsoft Visual Studio\2017\Professional\\MSBuild\15.0\bin;C:\WINDOWS\Microsoft.NET\Framework64\v4.0.30319;C:\Program Files (x86)\Microsoft Visual Studio\2017\Professional\Common7\IDE\;C:\Program Files (x86)\Microsoft Visual Studio\2017\Professional\Common7\Tools\;C:\Python27\;C:\Python27\Scripts;C:\WINDOWS\system32;C:\WINDOWS;C:\WINDOWS\System32\Wbem;C:\WINDOWS\System32\WindowsPowerShell\v1.0\;C:\WINDOWS\System32\OpenSSH\;C:\ProgramData\chocolatey\bin;C:\Program Files (x86)\WiX Toolset v3.7\bin;C:\Program Files\dotnet\;C:\Program Files (x86)\Windows Kits\10\bin\10.0.18362.0\x64;C:\Program Files\Zulu\zulu-11\bin\;C:\Program Files (x86)\Windows Kits\10\bin\10.0.17763.0\x64;C:\Program Files (x86)\Windows Kits\10\bin\x64;C:\Program Files\Git\cmd;C:\Program Files\Git\usr\bin;C:\Program Files\Git\mingw64\bin;C:\Program Files\Git\bin;C:\Python38\;C:\Python38\Scripts;C:\StoreBoxClientWindows;C:\Program Files\Electric Cloud\ElectricCommander\bin;C:\Program Files\WinRAR;C:\Program Files\7-Zip;C:\Users\Administrator\AppData\Local\Microsoft\WindowsApps;C:\Program Files (x86)\Microsoft Visual Studio\2017\Professional\Common7\IDE\CommonExtensions\Microsoft\CMake\CMake\bin;C:\Program Files (x86)\Microsoft Visual Studio\2017\Professional\Common7\IDE\CommonExtensions\Microsoft\CMake\Ninja
[2023-04-24T22:48:31.218Z]     -- The C compiler identification is MSVC 19.16.27032.1
[2023-04-24T22:48:31.733Z]     -- The CXX compiler identification is MSVC 19.16.27032.1
[2023-04-24T22:48:31.942Z]     -- Detecting C compiler ABI info
[2023-04-24T22:48:33.061Z]     -- Detecting C compiler ABI info - done
[2023-04-24T22:48:33.061Z]     -- Check for working C compiler: C:/Program Files (x86)/Microsoft Visual Studio/2017/Professional/VC/Tools/MSVC/14.16.27023/bin/Hostx64/x64/cl.exe - skipped
[2023-04-24T22:48:33.061Z]     -- Detecting C compile features
[2023-04-24T22:48:33.061Z]     -- Detecting C compile features - done
[2023-04-24T22:48:33.169Z]     -- Detecting CXX compiler ABI info
[2023-04-24T22:48:33.685Z]     -- Detecting CXX compiler ABI info - done
[2023-04-24T22:48:33.823Z]     -- Check for working CXX compiler: C:/Program Files (x86)/Microsoft Visual Studio/2017/Professional/VC/Tools/MSVC/14.16.27023/bin/Hostx64/x64/cl.exe - skipped
[2023-04-24T22:48:33.823Z]     -- Detecting CXX compile features
[2023-04-24T22:48:33.823Z]     -- Detecting CXX compile features - done
[2023-04-24T22:48:35.050Z]     -- Using Maya Light API Version 2
[2023-04-24T22:48:35.050Z]     -- Maya has setDefaultMaterialHandling API
[2023-04-24T22:48:35.050Z]     -- Maya has new point snapping API
[2023-04-24T22:48:35.050Z]     -- Maya has setUfeIdentifiers API
[2023-04-24T22:48:35.050Z]     -- Maya has updateUfeIdentifiers API
[2023-04-24T22:48:35.050Z]     -- Maya has getDisplayStyleOfAllViewports API
[2023-04-24T22:48:35.050Z]     -- Maya array iterator has difference_type trait
[2023-04-24T22:48:35.159Z]     -- Found Maya: P:/shared/Artifactory/Windows/rundev-2022/202304182215/runtime/3bb2a2f/runTime/bin/maya.exe (found suitable version "2022", minimum required is "2018")
[2023-04-24T22:48:35.373Z]     -- Found Python: P:/shared/Artifactory/Windows/rundev-2022/202304182215/runtime/3bb2a2f/runTime/bin/mayapy2.exe (found suitable exact version "2.7.11") found components: Interpreter
[2023-04-24T22:48:35.373Z]     -- Build MayaUSD with Python3 = OFF
[2023-04-24T22:48:35.373Z]     --    PYTHON_INCLUDE_DIRS = P:/shared/Artifactory/Windows/rundev-2022/202304182215/runtime/3bb2a2f/runTime/include/Python27/Python
[2023-04-24T22:48:35.373Z]     --    PYTHON_LIBRARIES    = P:/shared/Artifactory/Windows/rundev-2022/202304182215/runtime/3bb2a2f/runTime/lib/python27.lib
[2023-04-24T22:48:35.373Z]     --    Python_EXECUTABLE   = P:/shared/Artifactory/Windows/rundev-2022/202304182215/runtime/3bb2a2f/runTime/bin/mayapy2.exe
[2023-04-24T22:48:36.117Z]     -- USD v0.21.11 has security patches.
[2023-04-24T22:48:36.117Z]     -- USD include dir: P:/shared/Artifactory/Windows/USD/9ab6422/include
[2023-04-24T22:48:36.117Z]     -- USD library dir: P:/shared/Artifactory/Windows/USD/9ab6422/lib
[2023-04-24T22:48:36.117Z]     -- USD version: 0.21.11
[2023-04-24T22:48:36.117Z]     -- Autodesk USD version: 0.21.11-ad1
[2023-04-24T22:48:36.117Z]     -- USD Boost::boost version: 107000
[2023-04-24T22:48:36.117Z]     -- Found USD: P:/shared/Artifactory/Windows/USD/9ab6422 (found suitable version "0.21.11", minimum required is "0.20.05")
[2023-04-24T22:48:36.117Z]     Updated PYTHONPATH: P:\shared\Artifactory\Windows\USD\9ab6422\lib\python
[2023-04-24T22:48:36.117Z]     Updated PATH: P:\shared\Artifactory\Windows\rundev-2022\202304182215\runtime\3bb2a2f\runTime\bin;P:\shared\Artifactory\Windows\rundev-2022\202304182215\runtime\3bb2a2f\runTime\bin2;P:\shared\Artifactory\Windows\cmake\3.20.3\afe857a\bin;C:\Python27\lib\site-packages\pywin32_system32;C:\Program Files (x86)\Microsoft Visual Studio\2017\Professional\VC\Tools\MSVC\14.16.27023\bin\HostX64\x64;C:\Program Files (x86)\Microsoft Visual Studio\2017\Professional\Common7\IDE\VC\VCPackages;C:\Program Files (x86)\Microsoft Visual Studio\2017\Professional\Common7\IDE\CommonExtensions\Microsoft\TestWindow;C:\Program Files (x86)\Microsoft Visual Studio\2017\Professional\Common7\IDE\CommonExtensions\Microsoft\TeamFoundation\Team Explorer;C:\Program Files (x86)\Microsoft Visual Studio\2017\Professional\MSBuild\15.0\bin\Roslyn;C:\Program Files (x86)\Microsoft Visual Studio\2017\Professional\Team Tools\Performance Tools\x64;C:\Program Files (x86)\Microsoft Visual Studio\2017\Professional\Team Tools\Performance Tools;C:\Program Files (x86)\Microsoft Visual Studio\Shared\Common\VSPerfCollectionTools\\x64;C:\Program Files (x86)\Microsoft Visual Studio\Shared\Common\VSPerfCollectionTools\;C:\Program Files (x86)\Microsoft SDKs\Windows\v10.0A\bin\NETFX 4.6.1 Tools\x64\;C:\Program Files (x86)\HTML Help Workshop;C:\Program Files (x86)\Windows Kits\10\bin\10.0.18362.0\x64;C:\Program Files (x86)\Windows Kits\10\bin\x64;C:\Program Files (x86)\Microsoft Visual Studio\2017\Professional\\MSBuild\15.0\bin;C:\WINDOWS\Microsoft.NET\Framework64\v4.0.30319;C:\Program Files (x86)\Microsoft Visual Studio\2017\Professional\Common7\IDE\;C:\Program Files (x86)\Microsoft Visual Studio\2017\Professional\Common7\Tools\;C:\Python27\;C:\Python27\Scripts;C:\WINDOWS\system32;C:\WINDOWS;C:\WINDOWS\System32\Wbem;C:\WINDOWS\System32\WindowsPowerShell\v1.0\;C:\WINDOWS\System32\OpenSSH\;C:\ProgramData\chocolatey\bin;C:\Program Files (x86)\WiX Toolset v3.7\bin;C:\Program Files\dotnet\;C:\Program Files (x86)\Windows Kits\10\bin\10.0.18362.0\x64;C:\Program Files\Zulu\zulu-11\bin\;C:\Program Files (x86)\Windows Kits\10\bin\10.0.17763.0\x64;C:\Program Files (x86)\Windows Kits\10\bin\x64;C:\Program Files\Git\cmd;C:\Program Files\Git\usr\bin;C:\Program Files\Git\mingw64\bin;C:\Program Files\Git\bin;C:\Python38\;C:\Python38\Scripts;C:\StoreBoxClientWindows;C:\Program Files\Electric Cloud\ElectricCommander\bin;C:\Program Files\WinRAR;C:\Program Files\7-Zip;C:\Users\Administrator\AppData\Local\Microsoft\WindowsApps;C:\Program Files (x86)\Microsoft Visual Studio\2017\Professional\Common7\IDE\CommonExtensions\Microsoft\CMake\CMake\bin;C:\Program Files (x86)\Microsoft Visual Studio\2017\Professional\Common7\IDE\CommonExtensions\Microsoft\CMake\Ninja;P:\shared\Artifactory\Windows\USD\9ab6422\bin;P:\shared\Artifactory\Windows\USD\9ab6422\lib
[2023-04-24T22:48:36.117Z]     -- UFE include dir: P:/shared/Artifactory/Windows/rundev-2022/202304182215/runtime/3bb2a2f/devkitBase/devkit/ufe/include
[2023-04-24T22:48:36.117Z]     -- UFE library: P:/shared/Artifactory/Windows/rundev-2022/202304182215/runtime/3bb2a2f/devkitBase/devkit/ufe/lib/ufe_2.lib
[2023-04-24T22:48:36.117Z]     -- UFE version: 2.1.1
[2023-04-24T22:48:36.117Z]     -- UFE preview features: ufe
[2023-04-24T22:48:36.117Z]     -- Building with UFE 2.1.1 features enabled.
[2023-04-24T22:48:36.233Z]     -- Found MaterialX
[2023-04-24T22:48:36.449Z]     -- Building with Qt features enabled.
[2023-04-24T22:48:36.449Z]     -- **** Building Gulrak From Github Repository.
[2023-04-24T22:48:36.449Z]     -- Populating gulrak
[2023-04-24T22:48:36.767Z]     -- Configuring done
[2023-04-24T22:48:36.767Z]     -- Generating done
[2023-04-24T22:48:36.767Z]     -- Build files have been written to: W:/build/RelWithDebInfo/_deps/gulrak-subbuild
[2023-04-24T22:48:36.981Z]     [1/9] Creating directories for 'gulrak-populate'
[2023-04-24T22:48:36.981Z]     [1/9] Performing download step (git clone) for 'gulrak-populate'
[2023-04-24T22:48:37.094Z]     Cloning into 'gulrak-src'...
[2023-04-24T22:48:46.639Z]     fatal: unable to access 'https://github.com/gulrak/filesystem.git/': OpenSSL SSL_connect: SSL_ERROR_SYSCALL in connection to github.com:443
[2023-04-24T22:48:46.755Z]     Cloning into 'gulrak-src'...
[2023-04-24T22:48:46.755Z]     fatal: unable to access 'https://github.com/gulrak/filesystem.git/': OpenSSL SSL_connect: SSL_ERROR_SYSCALL in connection to github.com:443
[2023-04-24T22:48:46.870Z]     Cloning into 'gulrak-src'...
[2023-04-24T22:48:46.977Z]     fatal: unable to access 'https://github.com/gulrak/filesystem.git/': OpenSSL SSL_connect: SSL_ERROR_SYSCALL in connection to github.com:443
[2023-04-24T22:48:46.977Z]     -- Had to git clone more than once:
[2023-04-24T22:48:46.977Z]     CMake Error at gulrak-subbuild/gulrak-populate-prefix/tmp/gulrak-populate-gitclone.cmake:31 (message):
[2023-04-24T22:48:46.977Z]               3 times.
[2023-04-24T22:48:46.977Z]       Failed to clone repository: 'https://github.com/gulrak/filesystem.git'
[2023-04-24T22:48:46.977Z]     
[2023-04-24T22:48:46.977Z]     
[2023-04-24T22:48:46.977Z]     FAILED: gulrak-populate-prefix/src/gulrak-populate-stamp/gulrak-populate-download
[2023-04-24T22:48:46.977Z]     cmd.exe /C "cd /D W:\build\RelWithDebInfo\_deps && S:\jenkins\workspace\shared\Artifactory\Windows\cmake\3.20.3\afe857a\bin\cmake.exe -P W:/build/RelWithDebInfo/_deps/gulrak-subbuild/gulrak-populate-prefix/tmp/gulrak-populate-gitclone.cmake && S:\jenkins\workspace\shared\Artifactory\Windows\cmake\3.20.3\afe857a\bin\cmake.exe -E touch W:/build/RelWithDebInfo/_deps/gulrak-subbuild/gulrak-populate-prefix/src/gulrak-populate-stamp/gulrak-populate-download"
[2023-04-24T22:48:46.977Z]     ninja: build stopped: subcommand failed.
[2023-04-24T22:48:46.977Z]     CMake Error at S:/jenkins/workspace/shared/Artifactory/Windows/cmake/3.20.3/afe857a/share/cmake-3.20/Modules/FetchContent.cmake:1012 (message):
[2023-04-24T22:48:46.977Z]       Build step for gulrak failed: 1
[2023-04-24T22:48:46.977Z]     Call Stack (most recent call first):
[2023-04-24T22:48:46.977Z]       S:/jenkins/workspace/shared/Artifactory/Windows/cmake/3.20.3/afe857a/share/cmake-3.20/Modules/FetchContent.cmake:1141:EVAL:2 (__FetchContent_directPopulate)
[2023-04-24T22:48:46.977Z]       S:/jenkins/workspace/shared/Artifactory/Windows/cmake/3.20.3/afe857a/share/cmake-3.20/Modules/FetchContent.cmake:1141 (cmake_language)
[2023-04-24T22:48:46.977Z]       S:/jenkins/workspace/shared/Artifactory/Windows/cmake/3.20.3/afe857a/share/cmake-3.20/Modules/FetchContent.cmake:1184 (FetchContent_Populate)
[2023-04-24T22:48:46.977Z]       cmake/gulrak.cmake:48 (FetchContent_MakeAvailable)
[2023-04-24T22:48:46.977Z]       CMakeLists.txt:184 (include)
[2023-04-24T22:48:46.977Z]     
[2023-04-24T22:48:46.977Z]     
[2023-04-24T22:48:46.977Z]     -- Configuring incomplete, errors occurred!
[2023-04-24T22:48:46.977Z]     See also "W:/build/RelWithDebInfo/CMakeFiles/CMakeOutput.log".
[2023-04-24T22:48:46.977Z]     
[2023-04-24T22:48:46.977Z]         Building with settings:
[2023-04-24T22:48:46.977Z]           Source directory          S:\jenkins\workspace\ECP\ecg-maya-usd\ecg-mayausd-branch-preflight-2022-windows\ecg-maya-usd\maya-usd
[2023-04-24T22:48:46.977Z]           Workspace directory       W:\
[2023-04-24T22:48:46.977Z]           Build directory           W:\build\RelWithDebInfo
[2023-04-24T22:48:46.977Z]           Install directory         W:\install\RelWithDebInfo\MayaUSD
[2023-04-24T22:48:46.977Z]           Variant                   RelWithDebInfo
[2023-04-24T22:48:46.977Z]           Python Debug              Off
[2023-04-24T22:48:46.977Z]           CMake generator           Ninja
[2023-04-24T22:48:46.977Z]           Build arguments           ['-DCMAKE_MAKE_PROGRAM=P:/shared/Artifactory/Windows/ninja/1.9.0/c68f192/ninja.exe', '-DPYTHON_INCLUDE_DIR=P:/shared/Artifactory/Windows/rundev-2022/202304182215/runtime/3bb2a2f/runTime/include/Python27/Python', '-DPython_EXECUTABLE=P:/shared/Artifactory/Windows/rundev-2022/202304182215/runtime/3bb2a2f/runTime/bin/mayapy2.exe', '-DPYTHON_LIBRARIES=P:/shared/Artifactory/Windows/rundev-2022/202304182215/runtime/3bb2a2f/runTime/lib/python27.lib', '-DUSD_LIB_PREFIX=', '-DBUILD_HDMAYA=OFF']
[2023-04-24T22:48:46.977Z]           Stages arguments          ['configure']
[2023-04-24T22:48:46.977Z]           CTest arguments           ['-E testUsdReferenceAssemblySelection|testUsdMayaAppDir', '-LE interactive', '--parallel 16']
[2023-04-24T22:48:46.977Z]     #####################################################################################
[2023-04-24T22:48:46.977Z]     log date: 2023-04-24 15:48
[2023-04-24T22:48:46.977Z]     commit sha: fa0626538cdab1051001f0bfccc477d3bec36c99
[2023-04-24T22:48:46.977Z]     commit date: Thu Apr 20 08:44:50 2023 -0400
[2023-04-24T22:48:46.977Z]     #####################################################################################
[2023-04-24T22:48:46.977Z]     
[2023-04-24T22:48:46.977Z]     cmake -DCMAKE_INSTALL_PREFIX="W:\install\RelWithDebInfo\MayaUSD" -DCMAKE_BUILD_TYPE=RelWithDebInfo -DCMAKE_EXPORT_COMPILE_COMMANDS=ON -G "Ninja" -DMAYA_LOCATION="P:\shared\Artifactory\Windows\rundev-2022\202304182215\runtime\3bb2a2f\runTime" -DPXR_USD_LOCATION="P:\shared\Artifactory\Windows\USD\9ab6422" -DMAYA_DEVKIT_LOCATION="P:\shared\Artifactory\Windows\rundev-2022\202304182215\runtime\3bb2a2f\devkitBase" -DCMAKE_WANT_MATERIALX_BUILD=ON -DCMAKE_PREFIX_PATH="P:\shared\Artifactory\Windows\USD\9ab6422" -DMAYAUSD_DEFINE_BOOST_DEBUG_PYTHON_FLAG=OFF -DQT_LOCATION="P:\shared\Artifactory\Windows\qt\5.15.2\c545fea" -DCMAKE_MAKE_PROGRAM=P:/shared/Artifactory/Windows/ninja/1.9.0/c68f192/ninja.exe -DPYTHON_INCLUDE_DIR=P:/shared/Artifactory/Windows/rundev-2022/202304182215/runtime/3bb2a2f/runTime/include/Python27/Python -DPython_EXECUTABLE=P:/shared/Artifactory/Windows/rundev-2022/202304182215/runtime/3bb2a2f/runTime/bin/mayapy2.exe -DPYTHON_LIBRARIES=P:/shared/Artifactory/Windows/rundev-2022/202304182215/runtime/3bb2a2f/runTime/lib/python27.lib -DUSD_LIB_PREFIX= -DBUILD_HDMAYA=OFF "S:\jenkins\workspace\ECP\ecg-maya-usd\ecg-mayausd-branch-preflight-2022-windows\ecg-maya-usd\maya-usd"
[2023-04-24T22:48:46.977Z]     
[2023-04-24T22:48:46.977Z]     Traceback (most recent call last):
[2023-04-24T22:48:46.977Z]       File "S:\jenkins\workspace\ECP\ecg-maya-usd\ecg-mayausd-branch-preflight-2022-windows\ecg-maya-usd\maya-usd\build.py", line 636, in <module>
[2023-04-24T22:48:46.977Z]         BuildAndInstall(context, context.buildArgs, context.stagesArgs)
[2023-04-24T22:48:46.977Z]       File "S:\jenkins\workspace\ECP\ecg-maya-usd\ecg-mayausd-branch-preflight-2022-windows\ecg-maya-usd\maya-usd\build.py", line 397, in BuildAndInstall
[2023-04-24T22:48:46.977Z]         RunCMake(context, extraArgs, stagesArgs)
[2023-04-24T22:48:46.977Z]       File "S:\jenkins\workspace\ECP\ecg-maya-usd\ecg-mayausd-branch-preflight-2022-windows\ecg-maya-usd\maya-usd\build.py", line 298, in RunCMake
[2023-04-24T22:48:46.977Z]         extraArgs=(" ".join(extraArgs) if extraArgs else "")))
[2023-04-24T22:48:46.977Z]       File "S:\jenkins\workspace\ECP\ecg-maya-usd\ecg-mayausd-branch-preflight-2022-windows\ecg-maya-usd\maya-usd\build.py", line 179, in Run
[2023-04-24T22:48:46.977Z]         .format(cmd=cmd, log=os.path.abspath(context.logFileLocation)))
[2023-04-24T22:48:46.977Z]     RuntimeError: Failed to run 'cmake -DCMAKE_INSTALL_PREFIX="W:\install\RelWithDebInfo\MayaUSD" -DCMAKE_BUILD_TYPE=RelWithDebInfo -DCMAKE_EXPORT_COMPILE_COMMANDS=ON -G "Ninja" -DMAYA_LOCATION="P:\shared\Artifactory\Windows\rundev-2022\202304182215\runtime\3bb2a2f\runTime" -DPXR_USD_LOCATION="P:\shared\Artifactory\Windows\USD\9ab6422" -DMAYA_DEVKIT_LOCATION="P:\shared\Artifactory\Windows\rundev-2022\202304182215\runtime\3bb2a2f\devkitBase" -DCMAKE_WANT_MATERIALX_BUILD=ON -DCMAKE_PREFIX_PATH="P:\shared\Artifactory\Windows\USD\9ab6422" -DMAYAUSD_DEFINE_BOOST_DEBUG_PYTHON_FLAG=OFF -DQT_LOCATION="P:\shared\Artifactory\Windows\qt\5.15.2\c545fea" -DCMAKE_MAKE_PROGRAM=P:/shared/Artifactory/Windows/ninja/1.9.0/c68f192/ninja.exe -DPYTHON_INCLUDE_DIR=P:/shared/Artifactory/Windows/rundev-2022/202304182215/runtime/3bb2a2f/runTime/include/Python27/Python -DPython_EXECUTABLE=P:/shared/Artifactory/Windows/rundev-2022/202304182215/runtime/3bb2a2f/runTime/bin/mayapy2.exe -DPYTHON_LIBRARIES=P:/shared/Artifactory/Windows/rundev-2022/202304182215/runtime/3bb2a2f/runTime/lib/python27.lib -DUSD_LIB_PREFIX= -DBUILD_HDMAYA=OFF "S:\jenkins\workspace\ECP\ecg-maya-usd\ecg-mayausd-branch-preflight-2022-windows\ecg-maya-usd\maya-usd"'
[2023-04-24T22:48:46.977Z]     See W:\build\RelWithDebInfo\build_log.txt for more details.
[2023-04-24T22:48:46.977Z] build.py: error: Command failed with error code: 1
[Pipeline] bat
[2023-04-24T22:48:47.315Z] Deleting alias drive W:
[Pipeline] bat
[2023-04-24T22:48:47.621Z] Deleting alias drive P:
[Pipeline] }
[Pipeline] // withEnv
[Pipeline] }
[Pipeline] // timeout
[Pipeline] }
[Pipeline] // stage
[Pipeline] }
[Pipeline] // timestamps
[Pipeline] emailextrecipients
Not sending mail to unregistered user notifications@git.autodesk.com because your SCM claimed this was associated with a user ID ‘notifications' which your security realm does not recognize; you may need changes in your SCM plugin
Not sending mail to unregistered user ecg.jenkins@autodesk.com because your SCM claimed this was associated with a user ID ‘ecg.jenkins' which your security realm does not recognize; you may need changes in your SCM plugin
Not sending mail to unregistered user notifications@git.autodesk.com because your SCM claimed this was associated with a user ID ‘notifications' which your security realm does not recognize; you may need changes in your SCM plugin
Not sending mail to unregistered user ecg.jenkins@autodesk.com because your SCM claimed this was associated with a user ID ‘ecg.jenkins' which your security realm does not recognize; you may need changes in your SCM plugin
[Pipeline] isUnix
[Pipeline] echo
Sending notification via SendGrid.
Sending email to olivier.perrault@autodesk.com
[Pipeline] withCredentials
Masking supported pattern matches of %TOKEN%
[Pipeline] {
[Pipeline] isUnix
[Pipeline] bat
[Pipeline] }
[Pipeline] // withCredentials
[Pipeline] }
[Pipeline] // node
[Pipeline] End of Pipeline
ERROR: script returned exit code 1
[Checks API] No suitable checks publisher found.
Finished: FAILURE
