[2023-04-28T17:09:08.804Z] ================================================================================
[2023-04-28T17:09:08.804Z]                              setup (RelWithDebInfo)
[2023-04-28T17:09:08.804Z] ================================================================================
[Pipeline] bat
[2023-04-28T17:09:09.208Z] Deleting alias drive W:
[Pipeline] bat
[2023-04-28T17:09:09.807Z] Deleting alias drive P:
[Pipeline] }
[Pipeline] // withEnv
[Pipeline] }
[Pipeline] // timeout
[Pipeline] }
[Pipeline] // stage
[Pipeline] }
[Pipeline] // timestamps
[Pipeline] timestamps
[Pipeline] {
[Pipeline] stage
[Pipeline] { (Clean)
[Pipeline] timeout
[2023-04-28T17:09:10.239Z] Timeout set to expire in 6 hr 0 min
[Pipeline] {
[Pipeline] withEnv
[Pipeline] {
[Pipeline] bat
[2023-04-28T17:09:10.656Z] Creating alias drive P: to S:\jenkins\workspace
[Pipeline] bat
[2023-04-28T17:09:11.158Z] Creating alias drive W: to S:\jenkins\workspace\ECP\ecg-maya-usd\ecg-mayausd-branch-preflight-2019-no-ufe-windows
[Pipeline] bat
[2023-04-28T17:09:12.508Z] "C:\Program Files (x86)\Microsoft Visual Studio\2017\Professional\VC\Auxiliary\Build\vcvarsall.bat" x64
[2023-04-28T17:09:12.611Z] **********************************************************************
[2023-04-28T17:09:12.611Z] ** Visual Studio 2017 Developer Command Prompt v15.9.15
[2023-04-28T17:09:12.611Z] ** Copyright (c) 2017 Microsoft Corporation
[2023-04-28T17:09:12.611Z] **********************************************************************
[2023-04-28T17:09:13.631Z] [vcvarsall.bat] Environment initialized for: 'x64'
[2023-04-28T17:09:13.631Z] python ecg-maya-usd/build.py --stages=clean --workspace-dir=W:\ --artifactory-dir=P:\shared\Artifactory --build-dir=W:\build --install-dir=W:\install --signing-dir=W:\signing --package-dir=W:\package --output-dir=W:\output --stash-dir=W:\stash --jenkins-build=878 --git-commit=5d507ea421524b6a0e3df629b6b430eefdc9a766 --git-branch=master --variants=RelWithDebInfo --python=2.7 --ufe=false --pxrusd-version=0.21.05-gold --post-zips=false --maya-cut-config=maya-rundev-2019.yaml --maya-package=rundev-2019 --stage-banner
[2023-04-28T17:09:14.670Z] Using Maya cut from P:\shared\Artifactory\Windows\rundev-2019\202003131251\runtime\155eb96
[2023-04-28T17:09:14.670Z] 
[2023-04-28T17:09:14.670Z] ================================================================================
[2023-04-28T17:09:14.670Z]                              clean (RelWithDebInfo)
[2023-04-28T17:09:14.670Z] ================================================================================
[2023-04-28T17:09:14.670Z] Maya Python RelWithDebInfo Info:
[2023-04-28T17:09:14.670Z]   mayapy executable   = P:\shared\Artifactory\Windows\rundev-2019\202003131251\runtime\155eb96\runTime\bin\mayapy.exe
[2023-04-28T17:09:14.670Z]   Include Folder      = P:\shared\Artifactory\Windows\rundev-2019\202003131251\runtime\155eb96\runTime\include\Python2.7
[2023-04-28T17:09:14.670Z]   Library             = P:\shared\Artifactory\Windows\rundev-2019\202003131251\runtime\155eb96\runTime\lib\python27.lib
[2023-04-28T17:09:14.670Z]   site-package Folder = P:\shared\Artifactory\Windows\rundev-2019\202003131251\runtime\155eb96\runTime\Python\Lib\site-packages
[2023-04-28T17:09:20.757Z] In workdir: S:\jenkins\workspace\ECP\ecg-maya-usd\ecg-mayausd-branch-preflight-2019-no-ufe-windows\ecg-maya-usd\maya-usd
[2023-04-28T17:09:20.757Z] Executing: 'P:\\shared\\Artifactory\\Windows\\rundev-2019\\202003131251\\runtime\\155eb96\\runTime\\bin\\mayapy.exe' 'S:\\jenkins\\workspace\\ECP\\ecg-maya-usd\\ecg-mayausd-branch-preflight-2019-no-ufe-windows\\ecg-maya-usd\\maya-usd\\build.py' --generator Ninja --build-relwithdebug --maya-location 'P:\\shared\\Artifactory\\Windows\\rundev-2019\\202003131251\\runtime\\155eb96\\runTime' --devkit-location 'P:\\shared\\Artifactory\\Windows\\rundev-2019\\202003131251\\runtime\\155eb96\\devkitBase' --pxrusd-location 'P:\\shared\\Artifactory\\Windows\\USD\\cfb3d8a' --qt-location 'P:\\shared\\Artifactory\\Windows\\qt\\5.6.1\\1acd0ba' --materialx '--build-args=-DCMAKE_MAKE_PROGRAM=P:/shared/Artifactory/Windows/ninja/1.9.0/c68f192/ninja.exe,-DPYTHON_INCLUDE_DIR=P:/shared/Artifactory/Windows/rundev-2019/202003131251/runtime/155eb96/runTime/include/Python2.7,-DPython_EXECUTABLE=P:/shared/Artifactory/Windows/rundev-2019/202003131251/runtime/155eb96/runTime/bin/mayapy.exe,-DPYTHON_LIBRARIES=P:/shared/Artifactory/Windows/rundev-2019/202003131251/runtime/155eb96/runTime/lib/python27.lib,-DCMAKE_WANT_UFE_BUILD=OFF,-DUSD_LIB_PREFIX=,-DBUILD_HDMAYA=OFF' '--ctest-args=-E testUsdReferenceAssemblySelection|testUsdMayaAppDir,-LE interactive,--parallel 16' --stages=clean --redirect-outstream-file=False --install-location 'W:\\install\\RelWithDebInfo\\MayaUSD' 'W:\\'
[2023-04-28T17:09:20.757Z] Modified environment variables:
[2023-04-28T17:09:20.757Z]     PATH=P:\shared\Artifactory\Windows\cmake\3.20.3\afe857a\bin;C:\Python27\lib\site-packages\pywin32_system32;C:\Program Files (x86)\Microsoft Visual Studio\2017\Professional\VC\Tools\MSVC\14.16.27023\bin\HostX64\x64;C:\Program Files (x86)\Microsoft Visual Studio\2017\Professional\Common7\IDE\VC\VCPackages;C:\Program Files (x86)\Microsoft Visual Studio\2017\Professional\Common7\IDE\CommonExtensions\Microsoft\TestWindow;C:\Program Files (x86)\Microsoft Visual Studio\2017\Professional\Common7\IDE\CommonExtensions\Microsoft\TeamFoundation\Team Explorer;C:\Program Files (x86)\Microsoft Visual Studio\2017\Professional\MSBuild\15.0\bin\Roslyn;C:\Program Files (x86)\Microsoft Visual Studio\2017\Professional\Team Tools\Performance Tools\x64;C:\Program Files (x86)\Microsoft Visual Studio\2017\Professional\Team Tools\Performance Tools;C:\Program Files (x86)\Microsoft Visual Studio\Shared\Common\VSPerfCollectionTools\\x64;C:\Program Files (x86)\Microsoft Visual Studio\Shared\Common\VSPerfCollectionTools\;C:\Program Files (x86)\Microsoft SDKs\Windows\v10.0A\bin\NETFX 4.6.1 Tools\x64\;C:\Program Files (x86)\HTML Help Workshop;C:\Program Files (x86)\Windows Kits\10\bin\10.0.18362.0\x64;C:\Program Files (x86)\Windows Kits\10\bin\x64;C:\Program Files (x86)\Microsoft Visual Studio\2017\Professional\\MSBuild\15.0\bin;C:\WINDOWS\Microsoft.NET\Framework64\v4.0.30319;C:\Program Files (x86)\Microsoft Visual Studio\2017\Professional\Common7\IDE\;C:\Program Files (x86)\Microsoft Visual Studio\2017\Professional\Common7\Tools\;C:\Python27\;C:\Python27\Scripts;C:\WINDOWS\system32;C:\WINDOWS;C:\WINDOWS\System32\Wbem;C:\WINDOWS\System32\WindowsPowerShell\v1.0\;C:\WINDOWS\System32\OpenSSH\;C:\ProgramData\chocolatey\bin;C:\Program Files (x86)\WiX Toolset v3.7\bin;C:\Program Files\dotnet\;C:\Program Files (x86)\Windows Kits\10\bin\10.0.18362.0\x64;C:\Program Files\Zulu\zulu-11\bin\;C:\Program Files (x86)\Windows Kits\10\bin\10.0.17763.0\x64;C:\Program Files (x86)\Windows Kits\10\bin\x64;C:\Program Files\Git\cmd;C:\Program Files\Git\usr\bin;C:\Program Files\Git\mingw64\bin;C:\Program Files\Git\bin;C:\Python38\;C:\Python38\Scripts;C:\StoreBoxClientWindows;C:\Program Files\Electric Cloud\ElectricCommander\bin;C:\Program Files\WinRAR;C:\Program Files\7-Zip;C:\Users\Administrator\AppData\Local\Microsoft\WindowsApps;C:\Program Files (x86)\Microsoft Visual Studio\2017\Professional\Common7\IDE\CommonExtensions\Microsoft\CMake\CMake\bin;C:\Program Files (x86)\Microsoft Visual Studio\2017\Professional\Common7\IDE\CommonExtensions\Microsoft\CMake\Ninja
[2023-04-28T17:09:20.960Z]     
[2023-04-28T17:09:20.960Z]         Building with settings:
[2023-04-28T17:09:20.960Z]           Source directory          S:\jenkins\workspace\ECP\ecg-maya-usd\ecg-mayausd-branch-preflight-2019-no-ufe-windows\ecg-maya-usd\maya-usd
[2023-04-28T17:09:20.960Z]           Workspace directory       W:\
[2023-04-28T17:09:20.960Z]           Build directory           W:\build\RelWithDebInfo
[2023-04-28T17:09:20.960Z]           Install directory         W:\install\RelWithDebInfo\MayaUSD
[2023-04-28T17:09:20.960Z]           Variant                   RelWithDebInfo
[2023-04-28T17:09:20.960Z]           Python Debug              Off
[2023-04-28T17:09:20.960Z]           CMake generator           Ninja
[2023-04-28T17:09:20.960Z]           Build arguments           ['-DCMAKE_MAKE_PROGRAM=P:/shared/Artifactory/Windows/ninja/1.9.0/c68f192/ninja.exe', '-DPYTHON_INCLUDE_DIR=P:/shared/Artifactory/Windows/rundev-2019/202003131251/runtime/155eb96/runTime/include/Python2.7', '-DPython_EXECUTABLE=P:/shared/Artifactory/Windows/rundev-2019/202003131251/runtime/155eb96/runTime/bin/mayapy.exe', '-DPYTHON_LIBRARIES=P:/shared/Artifactory/Windows/rundev-2019/202003131251/runtime/155eb96/runTime/lib/python27.lib', '-DCMAKE_WANT_UFE_BUILD=OFF', '-DUSD_LIB_PREFIX=', '-DBUILD_HDMAYA=OFF']
[2023-04-28T17:09:20.960Z]           Stages arguments          ['clean']
[2023-04-28T17:09:20.960Z]           CTest arguments           ['-E testUsdReferenceAssemblySelection|testUsdMayaAppDir', '-LE interactive', '--parallel 16']
[2023-04-28T17:09:20.960Z]     Success MayaUSD build and install !!!!
[2023-04-28T17:09:20.960Z]     Elapsed time: 00:00:00
[Pipeline] bat
[2023-04-28T17:09:21.230Z] Deleting alias drive W:
[Pipeline] bat
[2023-04-28T17:09:21.606Z] Deleting alias drive P:
[Pipeline] }
[Pipeline] // withEnv
[Pipeline] }
[Pipeline] // timeout
[Pipeline] }
[Pipeline] // stage
[Pipeline] }
[Pipeline] // timestamps
[Pipeline] timestamps
[Pipeline] {
[Pipeline] stage
[Pipeline] { (Configure)
[Pipeline] timeout
[2023-04-28T17:09:21.961Z] Timeout set to expire in 6 hr 0 min
[Pipeline] {
[Pipeline] withEnv
[Pipeline] {
[Pipeline] bat
[2023-04-28T17:09:22.228Z] Creating alias drive P: to S:\jenkins\workspace
[Pipeline] bat
[2023-04-28T17:09:22.618Z] Creating alias drive W: to S:\jenkins\workspace\ECP\ecg-maya-usd\ecg-mayausd-branch-preflight-2019-no-ufe-windows
[Pipeline] bat
[2023-04-28T17:09:23.214Z] "C:\Program Files (x86)\Microsoft Visual Studio\2017\Professional\VC\Auxiliary\Build\vcvarsall.bat" x64
[2023-04-28T17:09:23.417Z] **********************************************************************
[2023-04-28T17:09:23.417Z] ** Visual Studio 2017 Developer Command Prompt v15.9.15
[2023-04-28T17:09:23.417Z] ** Copyright (c) 2017 Microsoft Corporation
[2023-04-28T17:09:23.417Z] **********************************************************************
[2023-04-28T17:09:24.336Z] [vcvarsall.bat] Environment initialized for: 'x64'
[2023-04-28T17:09:24.336Z] python ecg-maya-usd/build.py --stages=configure --workspace-dir=W:\ --artifactory-dir=P:\shared\Artifactory --build-dir=W:\build --install-dir=W:\install --signing-dir=W:\signing --package-dir=W:\package --output-dir=W:\output --stash-dir=W:\stash --jenkins-build=878 --git-commit=5d507ea421524b6a0e3df629b6b430eefdc9a766 --git-branch=master --variants=RelWithDebInfo --python=2.7 --ufe=false --pxrusd-version=0.21.05-gold --post-zips=false --maya-cut-config=maya-rundev-2019.yaml --maya-package=rundev-2019 --stage-banner
[2023-04-28T17:09:25.359Z] Using Maya cut from P:\shared\Artifactory\Windows\rundev-2019\202003131251\runtime\155eb96
[2023-04-28T17:09:25.359Z] 
[2023-04-28T17:09:25.359Z] ================================================================================
[2023-04-28T17:09:25.359Z]                            configure (RelWithDebInfo)
[2023-04-28T17:09:25.359Z] ================================================================================
[2023-04-28T17:09:25.359Z] Maya Python RelWithDebInfo Info:
[2023-04-28T17:09:25.359Z]   mayapy executable   = P:\shared\Artifactory\Windows\rundev-2019\202003131251\runtime\155eb96\runTime\bin\mayapy.exe
[2023-04-28T17:09:25.359Z]   Include Folder      = P:\shared\Artifactory\Windows\rundev-2019\202003131251\runtime\155eb96\runTime\include\Python2.7
[2023-04-28T17:09:25.359Z]   Library             = P:\shared\Artifactory\Windows\rundev-2019\202003131251\runtime\155eb96\runTime\lib\python27.lib
[2023-04-28T17:09:25.359Z]   site-package Folder = P:\shared\Artifactory\Windows\rundev-2019\202003131251\runtime\155eb96\runTime\Python\Lib\site-packages
[2023-04-28T17:09:26.076Z] In workdir: S:\jenkins\workspace\ECP\ecg-maya-usd\ecg-mayausd-branch-preflight-2019-no-ufe-windows\ecg-maya-usd\maya-usd
[2023-04-28T17:09:26.076Z] Executing: 'P:\\shared\\Artifactory\\Windows\\rundev-2019\\202003131251\\runtime\\155eb96\\runTime\\bin\\mayapy.exe' 'S:\\jenkins\\workspace\\ECP\\ecg-maya-usd\\ecg-mayausd-branch-preflight-2019-no-ufe-windows\\ecg-maya-usd\\maya-usd\\build.py' --generator Ninja --build-relwithdebug --maya-location 'P:\\shared\\Artifactory\\Windows\\rundev-2019\\202003131251\\runtime\\155eb96\\runTime' --devkit-location 'P:\\shared\\Artifactory\\Windows\\rundev-2019\\202003131251\\runtime\\155eb96\\devkitBase' --pxrusd-location 'P:\\shared\\Artifactory\\Windows\\USD\\cfb3d8a' --qt-location 'P:\\shared\\Artifactory\\Windows\\qt\\5.6.1\\1acd0ba' --materialx '--build-args=-DCMAKE_MAKE_PROGRAM=P:/shared/Artifactory/Windows/ninja/1.9.0/c68f192/ninja.exe,-DPYTHON_INCLUDE_DIR=P:/shared/Artifactory/Windows/rundev-2019/202003131251/runtime/155eb96/runTime/include/Python2.7,-DPython_EXECUTABLE=P:/shared/Artifactory/Windows/rundev-2019/202003131251/runtime/155eb96/runTime/bin/mayapy.exe,-DPYTHON_LIBRARIES=P:/shared/Artifactory/Windows/rundev-2019/202003131251/runtime/155eb96/runTime/lib/python27.lib,-DCMAKE_WANT_UFE_BUILD=OFF,-DUSD_LIB_PREFIX=,-DBUILD_HDMAYA=OFF' '--ctest-args=-E testUsdReferenceAssemblySelection|testUsdMayaAppDir,-LE interactive,--parallel 16' --stages=configure --redirect-outstream-file=False --install-location 'W:\\install\\RelWithDebInfo\\MayaUSD' 'W:\\'
[2023-04-28T17:09:26.076Z] Modified environment variables:
[2023-04-28T17:09:26.076Z]     PATH=P:\shared\Artifactory\Windows\cmake\3.20.3\afe857a\bin;C:\Python27\lib\site-packages\pywin32_system32;C:\Program Files (x86)\Microsoft Visual Studio\2017\Professional\VC\Tools\MSVC\14.16.27023\bin\HostX64\x64;C:\Program Files (x86)\Microsoft Visual Studio\2017\Professional\Common7\IDE\VC\VCPackages;C:\Program Files (x86)\Microsoft Visual Studio\2017\Professional\Common7\IDE\CommonExtensions\Microsoft\TestWindow;C:\Program Files (x86)\Microsoft Visual Studio\2017\Professional\Common7\IDE\CommonExtensions\Microsoft\TeamFoundation\Team Explorer;C:\Program Files (x86)\Microsoft Visual Studio\2017\Professional\MSBuild\15.0\bin\Roslyn;C:\Program Files (x86)\Microsoft Visual Studio\2017\Professional\Team Tools\Performance Tools\x64;C:\Program Files (x86)\Microsoft Visual Studio\2017\Professional\Team Tools\Performance Tools;C:\Program Files (x86)\Microsoft Visual Studio\Shared\Common\VSPerfCollectionTools\\x64;C:\Program Files (x86)\Microsoft Visual Studio\Shared\Common\VSPerfCollectionTools\;C:\Program Files (x86)\Microsoft SDKs\Windows\v10.0A\bin\NETFX 4.6.1 Tools\x64\;C:\Program Files (x86)\HTML Help Workshop;C:\Program Files (x86)\Windows Kits\10\bin\10.0.18362.0\x64;C:\Program Files (x86)\Windows Kits\10\bin\x64;C:\Program Files (x86)\Microsoft Visual Studio\2017\Professional\\MSBuild\15.0\bin;C:\WINDOWS\Microsoft.NET\Framework64\v4.0.30319;C:\Program Files (x86)\Microsoft Visual Studio\2017\Professional\Common7\IDE\;C:\Program Files (x86)\Microsoft Visual Studio\2017\Professional\Common7\Tools\;C:\Python27\;C:\Python27\Scripts;C:\WINDOWS\system32;C:\WINDOWS;C:\WINDOWS\System32\Wbem;C:\WINDOWS\System32\WindowsPowerShell\v1.0\;C:\WINDOWS\System32\OpenSSH\;C:\ProgramData\chocolatey\bin;C:\Program Files (x86)\WiX Toolset v3.7\bin;C:\Program Files\dotnet\;C:\Program Files (x86)\Windows Kits\10\bin\10.0.18362.0\x64;C:\Program Files\Zulu\zulu-11\bin\;C:\Program Files (x86)\Windows Kits\10\bin\10.0.17763.0\x64;C:\Program Files (x86)\Windows Kits\10\bin\x64;C:\Program Files\Git\cmd;C:\Program Files\Git\usr\bin;C:\Program Files\Git\mingw64\bin;C:\Program Files\Git\bin;C:\Python38\;C:\Python38\Scripts;C:\StoreBoxClientWindows;C:\Program Files\Electric Cloud\ElectricCommander\bin;C:\Program Files\WinRAR;C:\Program Files\7-Zip;C:\Users\Administrator\AppData\Local\Microsoft\WindowsApps;C:\Program Files (x86)\Microsoft Visual Studio\2017\Professional\Common7\IDE\CommonExtensions\Microsoft\CMake\CMake\bin;C:\Program Files (x86)\Microsoft Visual Studio\2017\Professional\Common7\IDE\CommonExtensions\Microsoft\CMake\Ninja
[2023-04-28T17:09:27.201Z]     -- The C compiler identification is MSVC 19.16.27032.1
[2023-04-28T17:09:27.516Z]     -- The CXX compiler identification is MSVC 19.16.27032.1
[2023-04-28T17:09:27.727Z]     -- Detecting C compiler ABI info
[2023-04-28T17:09:28.545Z]     -- Detecting C compiler ABI info - done
[2023-04-28T17:09:28.545Z]     -- Check for working C compiler: C:/Program Files (x86)/Microsoft Visual Studio/2017/Professional/VC/Tools/MSVC/14.16.27023/bin/Hostx64/x64/cl.exe - skipped
[2023-04-28T17:09:28.545Z]     -- Detecting C compile features
[2023-04-28T17:09:28.545Z]     -- Detecting C compile features - done
[2023-04-28T17:09:28.654Z]     -- Detecting CXX compiler ABI info
[2023-04-28T17:09:29.172Z]     -- Detecting CXX compiler ABI info - done
[2023-04-28T17:09:29.172Z]     -- Check for working CXX compiler: C:/Program Files (x86)/Microsoft Visual Studio/2017/Professional/VC/Tools/MSVC/14.16.27023/bin/Hostx64/x64/cl.exe - skipped
[2023-04-28T17:09:29.172Z]     -- Detecting CXX compile features
[2023-04-28T17:09:29.172Z]     -- Detecting CXX compile features - done
[2023-04-28T17:09:29.385Z]     -- Using Maya Light API Version 1
[2023-04-28T17:09:29.385Z]     -- Found Maya: P:/shared/Artifactory/Windows/rundev-2019/202003131251/runtime/155eb96/runTime/bin/maya.exe (found suitable version "2019", minimum required is "2018")
[2023-04-28T17:09:29.901Z]     -- Found Python: P:/shared/Artifactory/Windows/rundev-2019/202003131251/runtime/155eb96/runTime/bin/mayapy.exe (found suitable exact version "2.7.11") found components: Interpreter
[2023-04-28T17:09:29.901Z]     -- Build MayaUSD with Python3 = OFF
[2023-04-28T17:09:29.901Z]     --    PYTHON_INCLUDE_DIRS = P:/shared/Artifactory/Windows/rundev-2019/202003131251/runtime/155eb96/runTime/include/Python2.7
[2023-04-28T17:09:29.901Z]     --    PYTHON_LIBRARIES    = P:/shared/Artifactory/Windows/rundev-2019/202003131251/runtime/155eb96/runTime/lib/python27.lib
[2023-04-28T17:09:29.901Z]     --    Python_EXECUTABLE   = P:/shared/Artifactory/Windows/rundev-2019/202003131251/runtime/155eb96/runTime/bin/mayapy.exe
[2023-04-28T17:09:30.822Z]     -- USD include dir: P:/shared/Artifactory/Windows/USD/cfb3d8a/include
[2023-04-28T17:09:30.822Z]     -- USD library dir: P:/shared/Artifactory/Windows/USD/cfb3d8a/lib
[2023-04-28T17:09:30.822Z]     -- USD version: 0.21.05
[2023-04-28T17:09:30.822Z]     -- Autodesk USD version: 0.21.05
[2023-04-28T17:09:30.822Z]     -- USD Boost::boost version: 107000
[2023-04-28T17:09:30.822Z]     -- Found USD: P:/shared/Artifactory/Windows/USD/cfb3d8a (found suitable version "0.21.05", minimum required is "0.20.05")
[2023-04-28T17:09:30.822Z]     CMake Warning at CMakeLists.txt:125 (message):
[2023-04-28T17:09:30.822Z]       Disabling MaterialX VP2 rendering: it is not supported by this USD package.
[2023-04-28T17:09:30.822Z]     
[2023-04-28T17:09:30.822Z]     
[2023-04-28T17:09:30.822Z]     Updated PYTHONPATH: P:\shared\Artifactory\Windows\USD\cfb3d8a\lib\python
[2023-04-28T17:09:30.822Z]     Updated PATH: P:\shared\Artifactory\Windows\rundev-2019\202003131251\runtime\155eb96\runTime\bin;P:\shared\Artifactory\Windows\cmake\3.20.3\afe857a\bin;C:\Python27\lib\site-packages\pywin32_system32;C:\Program Files (x86)\Microsoft Visual Studio\2017\Professional\VC\Tools\MSVC\14.16.27023\bin\HostX64\x64;C:\Program Files (x86)\Microsoft Visual Studio\2017\Professional\Common7\IDE\VC\VCPackages;C:\Program Files (x86)\Microsoft Visual Studio\2017\Professional\Common7\IDE\CommonExtensions\Microsoft\TestWindow;C:\Program Files (x86)\Microsoft Visual Studio\2017\Professional\Common7\IDE\CommonExtensions\Microsoft\TeamFoundation\Team Explorer;C:\Program Files (x86)\Microsoft Visual Studio\2017\Professional\MSBuild\15.0\bin\Roslyn;C:\Program Files (x86)\Microsoft Visual Studio\2017\Professional\Team Tools\Performance Tools\x64;C:\Program Files (x86)\Microsoft Visual Studio\2017\Professional\Team Tools\Performance Tools;C:\Program Files (x86)\Microsoft Visual Studio\Shared\Common\VSPerfCollectionTools\\x64;C:\Program Files (x86)\Microsoft Visual Studio\Shared\Common\VSPerfCollectionTools\;C:\Program Files (x86)\Microsoft SDKs\Windows\v10.0A\bin\NETFX 4.6.1 Tools\x64\;C:\Program Files (x86)\HTML Help Workshop;C:\Program Files (x86)\Windows Kits\10\bin\10.0.18362.0\x64;C:\Program Files (x86)\Windows Kits\10\bin\x64;C:\Program Files (x86)\Microsoft Visual Studio\2017\Professional\\MSBuild\15.0\bin;C:\WINDOWS\Microsoft.NET\Framework64\v4.0.30319;C:\Program Files (x86)\Microsoft Visual Studio\2017\Professional\Common7\IDE\;C:\Program Files (x86)\Microsoft Visual Studio\2017\Professional\Common7\Tools\;C:\Python27\;C:\Python27\Scripts;C:\WINDOWS\system32;C:\WINDOWS;C:\WINDOWS\System32\Wbem;C:\WINDOWS\System32\WindowsPowerShell\v1.0\;C:\WINDOWS\System32\OpenSSH\;C:\ProgramData\chocolatey\bin;C:\Program Files (x86)\WiX Toolset v3.7\bin;C:\Program Files\dotnet\;C:\Program Files (x86)\Windows Kits\10\bin\10.0.18362.0\x64;C:\Program Files\Zulu\zulu-11\bin\;C:\Program Files (x86)\Windows Kits\10\bin\10.0.17763.0\x64;C:\Program Files (x86)\Windows Kits\10\bin\x64;C:\Program Files\Git\cmd;C:\Program Files\Git\usr\bin;C:\Program Files\Git\mingw64\bin;C:\Program Files\Git\bin;C:\Python38\;C:\Python38\Scripts;C:\StoreBoxClientWindows;C:\Program Files\Electric Cloud\ElectricCommander\bin;C:\Program Files\WinRAR;C:\Program Files\7-Zip;C:\Users\Administrator\AppData\Local\Microsoft\WindowsApps;C:\Program Files (x86)\Microsoft Visual Studio\2017\Professional\Common7\IDE\CommonExtensions\Microsoft\CMake\CMake\bin;C:\Program Files (x86)\Microsoft Visual Studio\2017\Professional\Common7\IDE\CommonExtensions\Microsoft\CMake\Ninja;P:\shared\Artifactory\Windows\USD\cfb3d8a\bin;P:\shared\Artifactory\Windows\USD\cfb3d8a\lib
[2023-04-28T17:09:31.040Z]     -- Building with Qt features enabled.
[2023-04-28T17:09:31.040Z]     -- **** Building Gulrak From Github Repository.
[2023-04-28T17:09:31.040Z]     -- Populating gulrak
[2023-04-28T17:09:31.355Z]     -- Configuring done
[2023-04-28T17:09:31.355Z]     -- Generating done
[2023-04-28T17:09:31.355Z]     -- Build files have been written to: W:/build/RelWithDebInfo/_deps/gulrak-subbuild
[2023-04-28T17:09:31.572Z]     [1/9] Creating directories for 'gulrak-populate'
[2023-04-28T17:09:31.572Z]     [1/9] Performing download step (git clone) for 'gulrak-populate'
[2023-04-28T17:09:31.686Z]     Cloning into 'gulrak-src'...
[2023-04-28T17:09:41.935Z]     HEAD is now at 4e21ab3 Version bump and updated readme.
[2023-04-28T17:09:42.659Z]     [2/9] Performing update step for 'gulrak-populate'
[2023-04-28T17:09:42.877Z]     [4/9] No patch step for 'gulrak-populate'
[2023-04-28T17:09:42.994Z]     [5/9] No configure step for 'gulrak-populate'
[2023-04-28T17:09:42.994Z]     [6/9] No build step for 'gulrak-populate'
[2023-04-28T17:09:43.110Z]     [7/9] No install step for 'gulrak-populate'
[2023-04-28T17:09:43.110Z]     [8/9] No test step for 'gulrak-populate'
[2023-04-28T17:09:43.227Z]     [9/9] Completed 'gulrak-populate'
[2023-04-28T17:09:44.054Z]     -- ========== Installing GoogleTest... ==========
[2023-04-28T17:09:44.269Z]     -- Configuring done
[2023-04-28T17:09:44.269Z]     -- Generating done
[2023-04-28T17:09:44.269Z]     -- Build files have been written to: W:/build/RelWithDebInfo/googletest-config
[2023-04-28T17:09:44.487Z]     [1/8] Creating directories for 'googletest'
[2023-04-28T17:09:48.048Z]     [2/8] Performing download step (git clone) for 'googletest'
[2023-04-28T17:09:48.048Z]     Cloning into 'googletest-src'...
[2023-04-28T17:09:48.048Z]     HEAD is now at 703bd9ca Googletest export
[2023-04-28T17:09:48.269Z]     [3/8] Performing update step for 'googletest'
[2023-04-28T17:09:48.269Z]     [4/8] No patch step for 'googletest'
[2023-04-28T17:09:50.715Z]     [5/8] Performing configure step for 'googletest'
[2023-04-28T17:09:50.715Z]     Not searching for unused variables given on the command line.
[2023-04-28T17:09:50.715Z]     CMake Deprecation Warning at CMakeLists.txt:4 (cmake_minimum_required):
[2023-04-28T17:09:50.715Z]       Compatibility with CMake < 2.8.12 will be removed from a future version of
[2023-04-28T17:09:50.715Z]       CMake.
[2023-04-28T17:09:50.715Z]     
[2023-04-28T17:09:50.715Z]       Update the VERSION argument <min> value or use a ...<max> suffix to tell
[2023-04-28T17:09:50.715Z]       CMake that the project does not need compatibility with older versions.
[2023-04-28T17:09:50.715Z]     
[2023-04-28T17:09:50.715Z]     
[2023-04-28T17:09:50.715Z]     -- The C compiler identification is MSVC 19.16.27032.1
[2023-04-28T17:09:50.715Z]     -- The CXX compiler identification is MSVC 19.16.27032.1
[2023-04-28T17:09:50.715Z]     -- Detecting C compiler ABI info
[2023-04-28T17:09:50.715Z]     -- Detecting C compiler ABI info - done
[2023-04-28T17:09:50.715Z]     -- Check for working C compiler: C:/Program Files (x86)/Microsoft Visual Studio/2017/Professional/VC/Tools/MSVC/14.16.27023/bin/Hostx64/x64/cl.exe - skipped
[2023-04-28T17:09:50.715Z]     -- Detecting C compile features
[2023-04-28T17:09:50.715Z]     -- Detecting C compile features - done
[2023-04-28T17:09:50.715Z]     -- Detecting CXX compiler ABI info
[2023-04-28T17:09:50.715Z]     -- Detecting CXX compiler ABI info - done
[2023-04-28T17:09:50.715Z]     -- Check for working CXX compiler: C:/Program Files (x86)/Microsoft Visual Studio/2017/Professional/VC/Tools/MSVC/14.16.27023/bin/Hostx64/x64/cl.exe - skipped
[2023-04-28T17:09:50.715Z]     -- Detecting CXX compile features
[2023-04-28T17:09:50.715Z]     -- Detecting CXX compile features - done
[2023-04-28T17:09:50.715Z]     CMake Deprecation Warning at googletest/CMakeLists.txt:56 (cmake_minimum_required):
[2023-04-28T17:09:50.715Z]       Compatibility with CMake < 2.8.12 will be removed from a future version of
[2023-04-28T17:09:50.715Z]       CMake.
[2023-04-28T17:09:50.715Z]     
[2023-04-28T17:09:50.715Z]       Update the VERSION argument <min> value or use a ...<max> suffix to tell
[2023-04-28T17:09:50.715Z]       CMake that the project does not need compatibility with older versions.
[2023-04-28T17:09:50.715Z]     
[2023-04-28T17:09:50.715Z]     
[2023-04-28T17:09:50.715Z]     -- Found PythonInterp: C:/Python27/python.exe
[2023-04-28T17:09:50.715Z]     -- Looking for pthread.h
[2023-04-28T17:09:50.715Z]     -- Looking for pthread.h - not found
[2023-04-28T17:09:50.715Z]     -- Found Threads: TRUE
[2023-04-28T17:09:50.715Z]     -- Configuring done
[2023-04-28T17:09:50.715Z]     -- Generating done
[2023-04-28T17:09:50.715Z]     -- Build files have been written to: W:/build/RelWithDebInfo/googletest-build
[2023-04-28T17:09:55.589Z]     [6/8] Performing build step for 'googletest'
[2023-04-28T17:09:55.589Z]     [1/4] Building CXX object googletest\CMakeFiles\gtest_main.dir\src\gtest_main.cc.obj
[2023-04-28T17:09:55.589Z]     [2/4] Building CXX object googletest\CMakeFiles\gtest.dir\src\gtest-all.cc.obj
[2023-04-28T17:09:55.589Z]     [3/4] Linking CXX shared library bin\gtest.dll
[2023-04-28T17:09:55.589Z]     [4/4] Linking CXX shared library bin\gtest_main.dll
[2023-04-28T17:09:56.010Z]     [7/8] Performing install step for 'googletest'
[2023-04-28T17:09:56.010Z]     [0/1] Install the project...
[2023-04-28T17:09:56.010Z]     -- Install configuration: "RelWithDebInfo"
[2023-04-28T17:09:56.128Z]     [8/8] Completed 'googletest'
[2023-04-28T17:09:56.128Z]     -- ========== ...  GoogleTest installed. ==========
[2023-04-28T17:09:57.156Z]     -- MAYA_HAS_DEFAULT_MATERIAL_API is FALSE
[2023-04-28T17:09:57.156Z]     -- MAYA_NEW_POINT_SNAPPING_SUPPORT is FALSE
[2023-04-28T17:09:57.156Z]     -- MAYA_HAS_CRASH_DETECTION is FALSE
[2023-04-28T17:09:57.156Z]     -- MAYA_CURRENT_UFE_CAMERA_SUPPORT is FALSE
[2023-04-28T17:09:57.156Z]     -- MAYA_MRENDERITEM_UFE_IDENTIFIER_SUPPORT is FALSE
[2023-04-28T17:09:57.156Z]     -- MAYA_UPDATE_UFE_IDENTIFIER_SUPPORT is FALSE
[2023-04-28T17:09:57.156Z]     -- MAYA_HAS_DISPLAY_STYLE_ALL_VIEWPORTS is FALSE
[2023-04-28T17:09:57.156Z]     -- MAYA_ARRAY_ITERATOR_DIFFERENCE_TYPE_SUPPORT is FALSE
[2023-04-28T17:09:57.156Z]     -- MAYA_HAS_GET_MEMBER_PATHS is FALSE
[2023-04-28T17:09:57.156Z]     -- USD_HAS_COLOR4_SDR_SUPPORT is FALSE
[2023-04-28T17:09:57.156Z]     -- MAYA_HAS_DISPLAY_LAYER_API is FALSE
[2023-04-28T17:09:57.156Z]     -- MAYA_HAS_NEW_DISPLAY_LAYER_MESSAGING_API is FALSE
[2023-04-28T17:09:57.156Z]     -- MAYA_HAS_RENDER_ITEM_HIDE_ON_PLAYBACK_API is FALSE
[2023-04-28T17:09:57.156Z]     -- promoting: S:/jenkins/workspace/ECP/ecg-maya-usd/ecg-mayausd-branch-preflight-2019-no-ufe-windows/ecg-maya-usd/maya-usd/lib/mayaUsd/base/mayaUsd.h.src
[2023-04-28T17:09:57.156Z]     -- promoting: S:/jenkins/workspace/ECP/ecg-maya-usd/ecg-mayausd-branch-preflight-2019-no-ufe-windows/ecg-maya-usd/maya-usd/lib/mayaUsd/base/api.h
[2023-04-28T17:09:57.156Z]     -- promoting: S:/jenkins/workspace/ECP/ecg-maya-usd/ecg-mayausd-branch-preflight-2019-no-ufe-windows/ecg-maya-usd/maya-usd/lib/mayaUsd/base/debugCodes.h
[2023-04-28T17:09:57.156Z]     -- promoting: S:/jenkins/workspace/ECP/ecg-maya-usd/ecg-mayausd-branch-preflight-2019-no-ufe-windows/ecg-maya-usd/maya-usd/lib/mayaUsd/base/id.h
[2023-04-28T17:09:57.156Z]     -- promoting: S:/jenkins/workspace/ECP/ecg-maya-usd/ecg-mayausd-branch-preflight-2019-no-ufe-windows/ecg-maya-usd/maya-usd/lib/mayaUsd/base/syncId.h
[2023-04-28T17:09:57.156Z]     -- promoting: S:/jenkins/workspace/ECP/ecg-maya-usd/ecg-mayausd-branch-preflight-2019-no-ufe-windows/ecg-maya-usd/maya-usd/lib/mayaUsd/base/tokens.h
[2023-04-28T17:09:57.156Z]     -- promoting: S:/jenkins/workspace/ECP/ecg-maya-usd/ecg-mayausd-branch-preflight-2019-no-ufe-windows/ecg-maya-usd/maya-usd/lib/mayaUsd/commands/abstractLayerEditorWindow.h
[2023-04-28T17:09:57.156Z]     -- promoting: S:/jenkins/workspace/ECP/ecg-maya-usd/ecg-mayausd-branch-preflight-2019-no-ufe-windows/ecg-maya-usd/maya-usd/lib/mayaUsd/commands/baseExportCommand.h
[2023-04-28T17:09:57.156Z]     -- promoting: S:/jenkins/workspace/ECP/ecg-maya-usd/ecg-mayausd-branch-preflight-2019-no-ufe-windows/ecg-maya-usd/maya-usd/lib/mayaUsd/commands/baseImportCommand.h
[2023-04-28T17:09:57.156Z]     -- promoting: S:/jenkins/workspace/ECP/ecg-maya-usd/ecg-mayausd-branch-preflight-2019-no-ufe-windows/ecg-maya-usd/maya-usd/lib/mayaUsd/commands/baseListJobContextsCommand.h
[2023-04-28T17:09:57.156Z]     -- promoting: S:/jenkins/workspace/ECP/ecg-maya-usd/ecg-mayausd-branch-preflight-2019-no-ufe-windows/ecg-maya-usd/maya-usd/lib/mayaUsd/commands/baseListShadingModesCommand.h
[2023-04-28T17:09:57.156Z]     -- promoting: S:/jenkins/workspace/ECP/ecg-maya-usd/ecg-mayausd-branch-preflight-2019-no-ufe-windows/ecg-maya-usd/maya-usd/lib/mayaUsd/commands/editTargetCommand.h
[2023-04-28T17:09:57.156Z]     -- promoting: S:/jenkins/workspace/ECP/ecg-maya-usd/ecg-mayausd-branch-preflight-2019-no-ufe-windows/ecg-maya-usd/maya-usd/lib/mayaUsd/commands/layerEditorCommand.h
[2023-04-28T17:09:57.156Z]     -- promoting: S:/jenkins/workspace/ECP/ecg-maya-usd/ecg-mayausd-branch-preflight-2019-no-ufe-windows/ecg-maya-usd/maya-usd/lib/mayaUsd/commands/layerEditorWindowCommand.h
[2023-04-28T17:09:57.270Z]     -- promoting: S:/jenkins/workspace/ECP/ecg-maya-usd/ecg-mayausd-branch-preflight-2019-no-ufe-windows/ecg-maya-usd/maya-usd/lib/mayaUsd/fileio/fallbackPrimReader.h
[2023-04-28T17:09:57.270Z]     -- promoting: S:/jenkins/workspace/ECP/ecg-maya-usd/ecg-mayausd-branch-preflight-2019-no-ufe-windows/ecg-maya-usd/maya-usd/lib/mayaUsd/fileio/functorPrimReader.h
[2023-04-28T17:09:57.270Z]     -- promoting: S:/jenkins/workspace/ECP/ecg-maya-usd/ecg-mayausd-branch-preflight-2019-no-ufe-windows/ecg-maya-usd/maya-usd/lib/mayaUsd/fileio/functorPrimWriter.h
[2023-04-28T17:09:57.270Z]     -- promoting: S:/jenkins/workspace/ECP/ecg-maya-usd/ecg-mayausd-branch-preflight-2019-no-ufe-windows/ecg-maya-usd/maya-usd/lib/mayaUsd/fileio/importData.h
[2023-04-28T17:09:57.270Z]     -- promoting: S:/jenkins/workspace/ECP/ecg-maya-usd/ecg-mayausd-branch-preflight-2019-no-ufe-windows/ecg-maya-usd/maya-usd/lib/mayaUsd/fileio/instancedNodeWriter.h
[2023-04-28T17:09:57.270Z]     -- promoting: S:/jenkins/workspace/ECP/ecg-maya-usd/ecg-mayausd-branch-preflight-2019-no-ufe-windows/ecg-maya-usd/maya-usd/lib/mayaUsd/fileio/jobContextRegistry.h
[2023-04-28T17:09:57.270Z]     -- promoting: S:/jenkins/workspace/ECP/ecg-maya-usd/ecg-mayausd-branch-preflight-2019-no-ufe-windows/ecg-maya-usd/maya-usd/lib/mayaUsd/fileio/primReader.h
[2023-04-28T17:09:57.270Z]     -- promoting: S:/jenkins/workspace/ECP/ecg-maya-usd/ecg-mayausd-branch-preflight-2019-no-ufe-windows/ecg-maya-usd/maya-usd/lib/mayaUsd/fileio/primReaderArgs.h
[2023-04-28T17:09:57.270Z]     -- promoting: S:/jenkins/workspace/ECP/ecg-maya-usd/ecg-mayausd-branch-preflight-2019-no-ufe-windows/ecg-maya-usd/maya-usd/lib/mayaUsd/fileio/primReaderContext.h
[2023-04-28T17:09:57.270Z]     -- promoting: S:/jenkins/workspace/ECP/ecg-maya-usd/ecg-mayausd-branch-preflight-2019-no-ufe-windows/ecg-maya-usd/maya-usd/lib/mayaUsd/fileio/primReaderRegistry.h
[2023-04-28T17:09:57.270Z]     -- promoting: S:/jenkins/workspace/ECP/ecg-maya-usd/ecg-mayausd-branch-preflight-2019-no-ufe-windows/ecg-maya-usd/maya-usd/lib/mayaUsd/fileio/primWriter.h
[2023-04-28T17:09:57.270Z]     -- promoting: S:/jenkins/workspace/ECP/ecg-maya-usd/ecg-mayausd-branch-preflight-2019-no-ufe-windows/ecg-maya-usd/maya-usd/lib/mayaUsd/fileio/primWriterArgs.h
[2023-04-28T17:09:57.270Z]     -- promoting: S:/jenkins/workspace/ECP/ecg-maya-usd/ecg-mayausd-branch-preflight-2019-no-ufe-windows/ecg-maya-usd/maya-usd/lib/mayaUsd/fileio/primWriterContext.h
[2023-04-28T17:09:57.270Z]     -- promoting: S:/jenkins/workspace/ECP/ecg-maya-usd/ecg-mayausd-branch-preflight-2019-no-ufe-windows/ecg-maya-usd/maya-usd/lib/mayaUsd/fileio/primWriterRegistry.h
[2023-04-28T17:09:57.270Z]     -- promoting: S:/jenkins/workspace/ECP/ecg-maya-usd/ecg-mayausd-branch-preflight-2019-no-ufe-windows/ecg-maya-usd/maya-usd/lib/mayaUsd/fileio/registryHelper.h
[2023-04-28T17:09:57.270Z]     -- promoting: S:/jenkins/workspace/ECP/ecg-maya-usd/ecg-mayausd-branch-preflight-2019-no-ufe-windows/ecg-maya-usd/maya-usd/lib/mayaUsd/fileio/schemaApiAdaptor.h
[2023-04-28T17:09:57.270Z]     -- promoting: S:/jenkins/workspace/ECP/ecg-maya-usd/ecg-mayausd-branch-preflight-2019-no-ufe-windows/ecg-maya-usd/maya-usd/lib/mayaUsd/fileio/schemaApiAdaptorRegistry.h
[2023-04-28T17:09:57.270Z]     -- promoting: S:/jenkins/workspace/ECP/ecg-maya-usd/ecg-mayausd-branch-preflight-2019-no-ufe-windows/ecg-maya-usd/maya-usd/lib/mayaUsd/fileio/shaderReader.h
[2023-04-28T17:09:57.270Z]     -- promoting: S:/jenkins/workspace/ECP/ecg-maya-usd/ecg-mayausd-branch-preflight-2019-no-ufe-windows/ecg-maya-usd/maya-usd/lib/mayaUsd/fileio/shaderReaderRegistry.h
[2023-04-28T17:09:57.270Z]     -- promoting: S:/jenkins/workspace/ECP/ecg-maya-usd/ecg-mayausd-branch-preflight-2019-no-ufe-windows/ecg-maya-usd/maya-usd/lib/mayaUsd/fileio/shaderWriter.h
[2023-04-28T17:09:57.270Z]     -- promoting: S:/jenkins/workspace/ECP/ecg-maya-usd/ecg-mayausd-branch-preflight-2019-no-ufe-windows/ecg-maya-usd/maya-usd/lib/mayaUsd/fileio/shaderWriterRegistry.h
[2023-04-28T17:09:57.270Z]     -- promoting: S:/jenkins/workspace/ECP/ecg-maya-usd/ecg-mayausd-branch-preflight-2019-no-ufe-windows/ecg-maya-usd/maya-usd/lib/mayaUsd/fileio/transformWriter.h
[2023-04-28T17:09:57.270Z]     -- promoting: S:/jenkins/workspace/ECP/ecg-maya-usd/ecg-mayausd-branch-preflight-2019-no-ufe-windows/ecg-maya-usd/maya-usd/lib/mayaUsd/fileio/writeJobContext.h
[2023-04-28T17:09:57.270Z]     -- promoting: S:/jenkins/workspace/ECP/ecg-maya-usd/ecg-mayausd-branch-preflight-2019-no-ufe-windows/ecg-maya-usd/maya-usd/lib/mayaUsd/fileio/chaser/exportChaser.h
[2023-04-28T17:09:57.270Z]     -- promoting: S:/jenkins/workspace/ECP/ecg-maya-usd/ecg-mayausd-branch-preflight-2019-no-ufe-windows/ecg-maya-usd/maya-usd/lib/mayaUsd/fileio/chaser/exportChaserRegistry.h
[2023-04-28T17:09:57.270Z]     -- promoting: S:/jenkins/workspace/ECP/ecg-maya-usd/ecg-mayausd-branch-preflight-2019-no-ufe-windows/ecg-maya-usd/maya-usd/lib/mayaUsd/fileio/chaser/importChaserRegistry.h
[2023-04-28T17:09:57.270Z]     -- promoting: S:/jenkins/workspace/ECP/ecg-maya-usd/ecg-mayausd-branch-preflight-2019-no-ufe-windows/ecg-maya-usd/maya-usd/lib/mayaUsd/fileio/chaser/importChaser.h
[2023-04-28T17:09:57.270Z]     -- promoting: S:/jenkins/workspace/ECP/ecg-maya-usd/ecg-mayausd-branch-preflight-2019-no-ufe-windows/ecg-maya-usd/maya-usd/lib/mayaUsd/fileio/jobs/jobArgs.h
[2023-04-28T17:09:57.270Z]     -- promoting: S:/jenkins/workspace/ECP/ecg-maya-usd/ecg-mayausd-branch-preflight-2019-no-ufe-windows/ecg-maya-usd/maya-usd/lib/mayaUsd/fileio/jobs/meshDataReadJob.h
[2023-04-28T17:09:57.270Z]     -- promoting: S:/jenkins/workspace/ECP/ecg-maya-usd/ecg-mayausd-branch-preflight-2019-no-ufe-windows/ecg-maya-usd/maya-usd/lib/mayaUsd/fileio/jobs/modelKindProcessor.h
[2023-04-28T17:09:57.270Z]     -- promoting: S:/jenkins/workspace/ECP/ecg-maya-usd/ecg-mayausd-branch-preflight-2019-no-ufe-windows/ecg-maya-usd/maya-usd/lib/mayaUsd/fileio/jobs/readJob.h
[2023-04-28T17:09:57.270Z]     -- promoting: S:/jenkins/workspace/ECP/ecg-maya-usd/ecg-mayausd-branch-preflight-2019-no-ufe-windows/ecg-maya-usd/maya-usd/lib/mayaUsd/fileio/jobs/writeJob.h
[2023-04-28T17:09:57.270Z]     -- promoting: S:/jenkins/workspace/ECP/ecg-maya-usd/ecg-mayausd-branch-preflight-2019-no-ufe-windows/ecg-maya-usd/maya-usd/lib/mayaUsd/fileio/shading/rfmShaderMap.h
[2023-04-28T17:09:57.270Z]     -- promoting: S:/jenkins/workspace/ECP/ecg-maya-usd/ecg-mayausd-branch-preflight-2019-no-ufe-windows/ecg-maya-usd/maya-usd/lib/mayaUsd/fileio/shading/shadingModeExporter.h
[2023-04-28T17:09:57.270Z]     -- promoting: S:/jenkins/workspace/ECP/ecg-maya-usd/ecg-mayausd-branch-preflight-2019-no-ufe-windows/ecg-maya-usd/maya-usd/lib/mayaUsd/fileio/shading/shadingModeExporterContext.h
[2023-04-28T17:09:57.270Z]     -- promoting: S:/jenkins/workspace/ECP/ecg-maya-usd/ecg-mayausd-branch-preflight-2019-no-ufe-windows/ecg-maya-usd/maya-usd/lib/mayaUsd/fileio/shading/shadingModeImporter.h
[2023-04-28T17:09:57.270Z]     -- promoting: S:/jenkins/workspace/ECP/ecg-maya-usd/ecg-mayausd-branch-preflight-2019-no-ufe-windows/ecg-maya-usd/maya-usd/lib/mayaUsd/fileio/shading/shadingModeRegistry.h
[2023-04-28T17:09:57.270Z]     -- promoting: S:/jenkins/workspace/ECP/ecg-maya-usd/ecg-mayausd-branch-preflight-2019-no-ufe-windows/ecg-maya-usd/maya-usd/lib/mayaUsd/fileio/shading/symmetricShaderReader.h
[2023-04-28T17:09:57.270Z]     -- promoting: S:/jenkins/workspace/ECP/ecg-maya-usd/ecg-mayausd-branch-preflight-2019-no-ufe-windows/ecg-maya-usd/maya-usd/lib/mayaUsd/fileio/shading/symmetricShaderWriter.h
[2023-04-28T17:09:57.270Z]     -- promoting: S:/jenkins/workspace/ECP/ecg-maya-usd/ecg-mayausd-branch-preflight-2019-no-ufe-windows/ecg-maya-usd/maya-usd/lib/mayaUsd/fileio/translators/skelBindingsProcessor.h
[2023-04-28T17:09:57.270Z]     -- promoting: S:/jenkins/workspace/ECP/ecg-maya-usd/ecg-mayausd-branch-preflight-2019-no-ufe-windows/ecg-maya-usd/maya-usd/lib/mayaUsd/fileio/translators/translatorCamera.h
[2023-04-28T17:09:57.270Z]     -- promoting: S:/jenkins/workspace/ECP/ecg-maya-usd/ecg-mayausd-branch-preflight-2019-no-ufe-windows/ecg-maya-usd/maya-usd/lib/mayaUsd/fileio/translators/translatorCurves.h
[2023-04-28T17:09:57.270Z]     -- promoting: S:/jenkins/workspace/ECP/ecg-maya-usd/ecg-mayausd-branch-preflight-2019-no-ufe-windows/ecg-maya-usd/maya-usd/lib/mayaUsd/fileio/translators/translatorGprim.h
[2023-04-28T17:09:57.270Z]     -- promoting: S:/jenkins/workspace/ECP/ecg-maya-usd/ecg-mayausd-branch-preflight-2019-no-ufe-windows/ecg-maya-usd/maya-usd/lib/mayaUsd/fileio/translators/translatorLight.h
[2023-04-28T17:09:57.270Z]     -- promoting: S:/jenkins/workspace/ECP/ecg-maya-usd/ecg-mayausd-branch-preflight-2019-no-ufe-windows/ecg-maya-usd/maya-usd/lib/mayaUsd/fileio/translators/translatorMaterial.h
[2023-04-28T17:09:57.270Z]     -- promoting: S:/jenkins/workspace/ECP/ecg-maya-usd/ecg-mayausd-branch-preflight-2019-no-ufe-windows/ecg-maya-usd/maya-usd/lib/mayaUsd/fileio/translators/translatorMayaReference.h
[2023-04-28T17:09:57.270Z]     -- promoting: S:/jenkins/workspace/ECP/ecg-maya-usd/ecg-mayausd-branch-preflight-2019-no-ufe-windows/ecg-maya-usd/maya-usd/lib/mayaUsd/fileio/translators/translatorMesh.h
[2023-04-28T17:09:57.270Z]     -- promoting: S:/jenkins/workspace/ECP/ecg-maya-usd/ecg-mayausd-branch-preflight-2019-no-ufe-windows/ecg-maya-usd/maya-usd/lib/mayaUsd/fileio/translators/translatorNurbsPatch.h
[2023-04-28T17:09:57.270Z]     -- promoting: S:/jenkins/workspace/ECP/ecg-maya-usd/ecg-mayausd-branch-preflight-2019-no-ufe-windows/ecg-maya-usd/maya-usd/lib/mayaUsd/fileio/translators/translatorPrim.h
[2023-04-28T17:09:57.270Z]     -- promoting: S:/jenkins/workspace/ECP/ecg-maya-usd/ecg-mayausd-branch-preflight-2019-no-ufe-windows/ecg-maya-usd/maya-usd/lib/mayaUsd/fileio/translators/translatorRfMLight.h
[2023-04-28T17:09:57.270Z]     -- promoting: S:/jenkins/workspace/ECP/ecg-maya-usd/ecg-mayausd-branch-preflight-2019-no-ufe-windows/ecg-maya-usd/maya-usd/lib/mayaUsd/fileio/translators/translatorSkel.h
[2023-04-28T17:09:57.270Z]     -- promoting: S:/jenkins/workspace/ECP/ecg-maya-usd/ecg-mayausd-branch-preflight-2019-no-ufe-windows/ecg-maya-usd/maya-usd/lib/mayaUsd/fileio/translators/translatorUtil.h
[2023-04-28T17:09:57.270Z]     -- promoting: S:/jenkins/workspace/ECP/ecg-maya-usd/ecg-mayausd-branch-preflight-2019-no-ufe-windows/ecg-maya-usd/maya-usd/lib/mayaUsd/fileio/translators/translatorXformable.h
[2023-04-28T17:09:57.270Z]     -- promoting: S:/jenkins/workspace/ECP/ecg-maya-usd/ecg-mayausd-branch-preflight-2019-no-ufe-windows/ecg-maya-usd/maya-usd/lib/mayaUsd/fileio/utils/adaptor.h
[2023-04-28T17:09:57.270Z]     -- promoting: S:/jenkins/workspace/ECP/ecg-maya-usd/ecg-mayausd-branch-preflight-2019-no-ufe-windows/ecg-maya-usd/maya-usd/lib/mayaUsd/fileio/utils/jointWriteUtils.h
[2023-04-28T17:09:57.270Z]     -- promoting: S:/jenkins/workspace/ECP/ecg-maya-usd/ecg-mayausd-branch-preflight-2019-no-ufe-windows/ecg-maya-usd/maya-usd/lib/mayaUsd/fileio/utils/meshReadUtils.h
[2023-04-28T17:09:57.270Z]     -- promoting: S:/jenkins/workspace/ECP/ecg-maya-usd/ecg-mayausd-branch-preflight-2019-no-ufe-windows/ecg-maya-usd/maya-usd/lib/mayaUsd/fileio/utils/meshWriteUtils.h
[2023-04-28T17:09:57.270Z]     -- promoting: S:/jenkins/workspace/ECP/ecg-maya-usd/ecg-mayausd-branch-preflight-2019-no-ufe-windows/ecg-maya-usd/maya-usd/lib/mayaUsd/fileio/utils/readUtil.h
[2023-04-28T17:09:57.270Z]     -- promoting: S:/jenkins/workspace/ECP/ecg-maya-usd/ecg-mayausd-branch-preflight-2019-no-ufe-windows/ecg-maya-usd/maya-usd/lib/mayaUsd/fileio/utils/roundTripUtil.h
[2023-04-28T17:09:57.270Z]     -- promoting: S:/jenkins/workspace/ECP/ecg-maya-usd/ecg-mayausd-branch-preflight-2019-no-ufe-windows/ecg-maya-usd/maya-usd/lib/mayaUsd/fileio/utils/shadingUtil.h
[2023-04-28T17:09:57.270Z]     -- promoting: S:/jenkins/workspace/ECP/ecg-maya-usd/ecg-mayausd-branch-preflight-2019-no-ufe-windows/ecg-maya-usd/maya-usd/lib/mayaUsd/fileio/utils/userTaggedAttribute.h
[2023-04-28T17:09:57.270Z]     -- promoting: S:/jenkins/workspace/ECP/ecg-maya-usd/ecg-mayausd-branch-preflight-2019-no-ufe-windows/ecg-maya-usd/maya-usd/lib/mayaUsd/fileio/utils/writeUtil.h
[2023-04-28T17:09:57.270Z]     -- promoting: S:/jenkins/workspace/ECP/ecg-maya-usd/ecg-mayausd-branch-preflight-2019-no-ufe-windows/ecg-maya-usd/maya-usd/lib/mayaUsd/fileio/utils/xformStack.h
[2023-04-28T17:09:57.270Z]     -- promoting: S:/jenkins/workspace/ECP/ecg-maya-usd/ecg-mayausd-branch-preflight-2019-no-ufe-windows/ecg-maya-usd/maya-usd/lib/mayaUsd/listeners/notice.h
[2023-04-28T17:09:57.270Z]     -- promoting: S:/jenkins/workspace/ECP/ecg-maya-usd/ecg-mayausd-branch-preflight-2019-no-ufe-windows/ecg-maya-usd/maya-usd/lib/mayaUsd/listeners/proxyShapeNotice.h
[2023-04-28T17:09:57.270Z]     -- promoting: S:/jenkins/workspace/ECP/ecg-maya-usd/ecg-mayausd-branch-preflight-2019-no-ufe-windows/ecg-maya-usd/maya-usd/lib/mayaUsd/listeners/stageNoticeListener.h
[2023-04-28T17:09:57.270Z]     -- promoting: S:/jenkins/workspace/ECP/ecg-maya-usd/ecg-mayausd-branch-preflight-2019-no-ufe-windows/ecg-maya-usd/maya-usd/lib/mayaUsd/nodes/hdImagingShape.h
[2023-04-28T17:09:57.270Z]     -- promoting: S:/jenkins/workspace/ECP/ecg-maya-usd/ecg-mayausd-branch-preflight-2019-no-ufe-windows/ecg-maya-usd/maya-usd/lib/mayaUsd/nodes/pointBasedDeformerNode.h
[2023-04-28T17:09:57.270Z]     -- promoting: S:/jenkins/workspace/ECP/ecg-maya-usd/ecg-mayausd-branch-preflight-2019-no-ufe-windows/ecg-maya-usd/maya-usd/lib/mayaUsd/nodes/proxyAccessor.h
[2023-04-28T17:09:57.270Z]     -- promoting: S:/jenkins/workspace/ECP/ecg-maya-usd/ecg-mayausd-branch-preflight-2019-no-ufe-windows/ecg-maya-usd/maya-usd/lib/mayaUsd/nodes/proxyShapeBase.h
[2023-04-28T17:09:57.270Z]     -- promoting: S:/jenkins/workspace/ECP/ecg-maya-usd/ecg-mayausd-branch-preflight-2019-no-ufe-windows/ecg-maya-usd/maya-usd/lib/mayaUsd/nodes/proxyShapePlugin.h
[2023-04-28T17:09:57.270Z]     -- promoting: S:/jenkins/workspace/ECP/ecg-maya-usd/ecg-mayausd-branch-preflight-2019-no-ufe-windows/ecg-maya-usd/maya-usd/lib/mayaUsd/nodes/proxyStageProvider.h
[2023-04-28T17:09:57.270Z]     -- promoting: S:/jenkins/workspace/ECP/ecg-maya-usd/ecg-mayausd-branch-preflight-2019-no-ufe-windows/ecg-maya-usd/maya-usd/lib/mayaUsd/nodes/proxyShapeStageExtraData.h
[2023-04-28T17:09:57.270Z]     -- promoting: S:/jenkins/workspace/ECP/ecg-maya-usd/ecg-mayausd-branch-preflight-2019-no-ufe-windows/ecg-maya-usd/maya-usd/lib/mayaUsd/nodes/proxyShapeListenerBase.h
[2023-04-28T17:09:57.270Z]     -- promoting: S:/jenkins/workspace/ECP/ecg-maya-usd/ecg-mayausd-branch-preflight-2019-no-ufe-windows/ecg-maya-usd/maya-usd/lib/mayaUsd/nodes/stageData.h
[2023-04-28T17:09:57.270Z]     -- promoting: S:/jenkins/workspace/ECP/ecg-maya-usd/ecg-mayausd-branch-preflight-2019-no-ufe-windows/ecg-maya-usd/maya-usd/lib/mayaUsd/nodes/stageNode.h
[2023-04-28T17:09:57.270Z]     -- promoting: S:/jenkins/workspace/ECP/ecg-maya-usd/ecg-mayausd-branch-preflight-2019-no-ufe-windows/ecg-maya-usd/maya-usd/lib/mayaUsd/nodes/usdPrimProvider.h
[2023-04-28T17:09:57.383Z]     -- promoting: S:/jenkins/workspace/ECP/ecg-maya-usd/ecg-mayausd-branch-preflight-2019-no-ufe-windows/ecg-maya-usd/maya-usd/lib/mayaUsd/render/px_vp20/glslProgram.h
[2023-04-28T17:09:57.383Z]     -- promoting: S:/jenkins/workspace/ECP/ecg-maya-usd/ecg-mayausd-branch-preflight-2019-no-ufe-windows/ecg-maya-usd/maya-usd/lib/mayaUsd/render/px_vp20/utils.h
[2023-04-28T17:09:57.383Z]     -- promoting: S:/jenkins/workspace/ECP/ecg-maya-usd/ecg-mayausd-branch-preflight-2019-no-ufe-windows/ecg-maya-usd/maya-usd/lib/mayaUsd/render/px_vp20/utils_legacy.h
[2023-04-28T17:09:57.383Z]     -- promoting: S:/jenkins/workspace/ECP/ecg-maya-usd/ecg-mayausd-branch-preflight-2019-no-ufe-windows/ecg-maya-usd/maya-usd/lib/mayaUsd/render/pxrUsdMayaGL/batchRenderer.h
[2023-04-28T17:09:57.383Z]     -- promoting: S:/jenkins/workspace/ECP/ecg-maya-usd/ecg-mayausd-branch-preflight-2019-no-ufe-windows/ecg-maya-usd/maya-usd/lib/mayaUsd/render/pxrUsdMayaGL/debugCodes.h
[2023-04-28T17:09:57.383Z]     -- promoting: S:/jenkins/workspace/ECP/ecg-maya-usd/ecg-mayausd-branch-preflight-2019-no-ufe-windows/ecg-maya-usd/maya-usd/lib/mayaUsd/render/pxrUsdMayaGL/hdImagingShapeDrawOverride.h
[2023-04-28T17:09:57.383Z]     -- promoting: S:/jenkins/workspace/ECP/ecg-maya-usd/ecg-mayausd-branch-preflight-2019-no-ufe-windows/ecg-maya-usd/maya-usd/lib/mayaUsd/render/pxrUsdMayaGL/hdImagingShapeUI.h
[2023-04-28T17:09:57.383Z]     -- promoting: S:/jenkins/workspace/ECP/ecg-maya-usd/ecg-mayausd-branch-preflight-2019-no-ufe-windows/ecg-maya-usd/maya-usd/lib/mayaUsd/render/pxrUsdMayaGL/instancerImager.h
[2023-04-28T17:09:57.383Z]     -- promoting: S:/jenkins/workspace/ECP/ecg-maya-usd/ecg-mayausd-branch-preflight-2019-no-ufe-windows/ecg-maya-usd/maya-usd/lib/mayaUsd/render/pxrUsdMayaGL/instancerShapeAdapter.h
[2023-04-28T17:09:57.383Z]     -- promoting: S:/jenkins/workspace/ECP/ecg-maya-usd/ecg-mayausd-branch-preflight-2019-no-ufe-windows/ecg-maya-usd/maya-usd/lib/mayaUsd/render/pxrUsdMayaGL/proxyDrawOverride.h
[2023-04-28T17:09:57.383Z]     -- promoting: S:/jenkins/workspace/ECP/ecg-maya-usd/ecg-mayausd-branch-preflight-2019-no-ufe-windows/ecg-maya-usd/maya-usd/lib/mayaUsd/render/pxrUsdMayaGL/proxyShapeUI.h
[2023-04-28T17:09:57.383Z]     -- promoting: S:/jenkins/workspace/ECP/ecg-maya-usd/ecg-mayausd-branch-preflight-2019-no-ufe-windows/ecg-maya-usd/maya-usd/lib/mayaUsd/render/pxrUsdMayaGL/renderParams.h
[2023-04-28T17:09:57.383Z]     -- promoting: S:/jenkins/workspace/ECP/ecg-maya-usd/ecg-mayausd-branch-preflight-2019-no-ufe-windows/ecg-maya-usd/maya-usd/lib/mayaUsd/render/pxrUsdMayaGL/sceneDelegate.h
[2023-04-28T17:09:57.383Z]     -- promoting: S:/jenkins/workspace/ECP/ecg-maya-usd/ecg-mayausd-branch-preflight-2019-no-ufe-windows/ecg-maya-usd/maya-usd/lib/mayaUsd/render/pxrUsdMayaGL/shapeAdapter.h
[2023-04-28T17:09:57.383Z]     -- promoting: S:/jenkins/workspace/ECP/ecg-maya-usd/ecg-mayausd-branch-preflight-2019-no-ufe-windows/ecg-maya-usd/maya-usd/lib/mayaUsd/render/pxrUsdMayaGL/softSelectHelper.h
[2023-04-28T17:09:57.383Z]     -- promoting: S:/jenkins/workspace/ECP/ecg-maya-usd/ecg-mayausd-branch-preflight-2019-no-ufe-windows/ecg-maya-usd/maya-usd/lib/mayaUsd/render/pxrUsdMayaGL/usdProxyShapeAdapter.h
[2023-04-28T17:09:57.383Z]     -- promoting: S:/jenkins/workspace/ECP/ecg-maya-usd/ecg-mayausd-branch-preflight-2019-no-ufe-windows/ecg-maya-usd/maya-usd/lib/mayaUsd/render/pxrUsdMayaGL/userData.h
[2023-04-28T17:09:57.383Z]     -- promoting: S:/jenkins/workspace/ECP/ecg-maya-usd/ecg-mayausd-branch-preflight-2019-no-ufe-windows/ecg-maya-usd/maya-usd/lib/mayaUsd/render/vp2RenderDelegate/proxyRenderDelegate.h
[2023-04-28T17:09:57.383Z]     -- promoting: S:/jenkins/workspace/ECP/ecg-maya-usd/ecg-mayausd-branch-preflight-2019-no-ufe-windows/ecg-maya-usd/maya-usd/lib/mayaUsd/render/vp2ShaderFragments/shaderFragments.h
[2023-04-28T17:09:57.383Z]     -- promoting: S:/jenkins/workspace/ECP/ecg-maya-usd/ecg-mayausd-branch-preflight-2019-no-ufe-windows/ecg-maya-usd/maya-usd/lib/mayaUsd/undo/OpUndoItemList.h
[2023-04-28T17:09:57.383Z]     -- promoting: S:/jenkins/workspace/ECP/ecg-maya-usd/ecg-mayausd-branch-preflight-2019-no-ufe-windows/ecg-maya-usd/maya-usd/lib/mayaUsd/undo/OpUndoItemMuting.h
[2023-04-28T17:09:57.383Z]     -- promoting: S:/jenkins/workspace/ECP/ecg-maya-usd/ecg-mayausd-branch-preflight-2019-no-ufe-windows/ecg-maya-usd/maya-usd/lib/mayaUsd/undo/OpUndoItemRecorder.h
[2023-04-28T17:09:57.383Z]     -- promoting: S:/jenkins/workspace/ECP/ecg-maya-usd/ecg-mayausd-branch-preflight-2019-no-ufe-windows/ecg-maya-usd/maya-usd/lib/mayaUsd/undo/OpUndoItems.h
[2023-04-28T17:09:57.383Z]     -- promoting: S:/jenkins/workspace/ECP/ecg-maya-usd/ecg-mayausd-branch-preflight-2019-no-ufe-windows/ecg-maya-usd/maya-usd/lib/mayaUsd/undo/UsdUndoBlock.h
[2023-04-28T17:09:57.383Z]     -- promoting: S:/jenkins/workspace/ECP/ecg-maya-usd/ecg-mayausd-branch-preflight-2019-no-ufe-windows/ecg-maya-usd/maya-usd/lib/mayaUsd/undo/UsdUndoManager.h
[2023-04-28T17:09:57.383Z]     -- promoting: S:/jenkins/workspace/ECP/ecg-maya-usd/ecg-mayausd-branch-preflight-2019-no-ufe-windows/ecg-maya-usd/maya-usd/lib/mayaUsd/undo/UsdUndoStateDelegate.h
[2023-04-28T17:09:57.383Z]     -- promoting: S:/jenkins/workspace/ECP/ecg-maya-usd/ecg-mayausd-branch-preflight-2019-no-ufe-windows/ecg-maya-usd/maya-usd/lib/mayaUsd/undo/UsdUndoableItem.h
[2023-04-28T17:09:57.496Z]     -- promoting: S:/jenkins/workspace/ECP/ecg-maya-usd/ecg-mayausd-branch-preflight-2019-no-ufe-windows/ecg-maya-usd/maya-usd/lib/mayaUsd/utils/blockSceneModificationContext.h
[2023-04-28T17:09:57.496Z]     -- promoting: S:/jenkins/workspace/ECP/ecg-maya-usd/ecg-mayausd-branch-preflight-2019-no-ufe-windows/ecg-maya-usd/maya-usd/lib/mayaUsd/utils/colorSpace.h
[2023-04-28T17:09:57.496Z]     -- promoting: S:/jenkins/workspace/ECP/ecg-maya-usd/ecg-mayausd-branch-preflight-2019-no-ufe-windows/ecg-maya-usd/maya-usd/lib/mayaUsd/utils/customLayerData.h
[2023-04-28T17:09:57.496Z]     -- promoting: S:/jenkins/workspace/ECP/ecg-maya-usd/ecg-mayausd-branch-preflight-2019-no-ufe-windows/ecg-maya-usd/maya-usd/lib/mayaUsd/utils/converter.h
[2023-04-28T17:09:57.496Z]     -- promoting: S:/jenkins/workspace/ECP/ecg-maya-usd/ecg-mayausd-branch-preflight-2019-no-ufe-windows/ecg-maya-usd/maya-usd/lib/mayaUsd/utils/diagnosticDelegate.h
[2023-04-28T17:09:57.496Z]     -- promoting: S:/jenkins/workspace/ECP/ecg-maya-usd/ecg-mayausd-branch-preflight-2019-no-ufe-windows/ecg-maya-usd/maya-usd/lib/mayaUsd/utils/dynamicAttribute.h
[2023-04-28T17:09:57.496Z]     -- promoting: S:/jenkins/workspace/ECP/ecg-maya-usd/ecg-mayausd-branch-preflight-2019-no-ufe-windows/ecg-maya-usd/maya-usd/lib/mayaUsd/utils/editability.h
[2023-04-28T17:09:57.496Z]     -- promoting: S:/jenkins/workspace/ECP/ecg-maya-usd/ecg-mayausd-branch-preflight-2019-no-ufe-windows/ecg-maya-usd/maya-usd/lib/mayaUsd/utils/editRouter.h
[2023-04-28T17:09:57.496Z]     -- promoting: S:/jenkins/workspace/ECP/ecg-maya-usd/ecg-mayausd-branch-preflight-2019-no-ufe-windows/ecg-maya-usd/maya-usd/lib/mayaUsd/utils/editRouterContext.h
[2023-04-28T17:09:57.496Z]     -- promoting: S:/jenkins/workspace/ECP/ecg-maya-usd/ecg-mayausd-branch-preflight-2019-no-ufe-windows/ecg-maya-usd/maya-usd/lib/mayaUsd/utils/hash.h
[2023-04-28T17:09:57.496Z]     -- promoting: S:/jenkins/workspace/ECP/ecg-maya-usd/ecg-mayausd-branch-preflight-2019-no-ufe-windows/ecg-maya-usd/maya-usd/lib/mayaUsd/utils/layerMuting.h
[2023-04-28T17:09:57.496Z]     -- promoting: S:/jenkins/workspace/ECP/ecg-maya-usd/ecg-mayausd-branch-preflight-2019-no-ufe-windows/ecg-maya-usd/maya-usd/lib/mayaUsd/utils/layers.h
[2023-04-28T17:09:57.496Z]     -- promoting: S:/jenkins/workspace/ECP/ecg-maya-usd/ecg-mayausd-branch-preflight-2019-no-ufe-windows/ecg-maya-usd/maya-usd/lib/mayaUsd/utils/loadRules.h
[2023-04-28T17:09:57.496Z]     -- promoting: S:/jenkins/workspace/ECP/ecg-maya-usd/ecg-mayausd-branch-preflight-2019-no-ufe-windows/ecg-maya-usd/maya-usd/lib/mayaUsd/utils/query.h
[2023-04-28T17:09:57.496Z]     -- promoting: S:/jenkins/workspace/ECP/ecg-maya-usd/ecg-mayausd-branch-preflight-2019-no-ufe-windows/ecg-maya-usd/maya-usd/lib/mayaUsd/utils/plugRegistryHelper.h
[2023-04-28T17:09:57.496Z]     -- promoting: S:/jenkins/workspace/ECP/ecg-maya-usd/ecg-mayausd-branch-preflight-2019-no-ufe-windows/ecg-maya-usd/maya-usd/lib/mayaUsd/utils/progressBarScope.h
[2023-04-28T17:09:57.496Z]     -- promoting: S:/jenkins/workspace/ECP/ecg-maya-usd/ecg-mayausd-branch-preflight-2019-no-ufe-windows/ecg-maya-usd/maya-usd/lib/mayaUsd/utils/selectability.h
[2023-04-28T17:09:57.496Z]     -- promoting: S:/jenkins/workspace/ECP/ecg-maya-usd/ecg-mayausd-branch-preflight-2019-no-ufe-windows/ecg-maya-usd/maya-usd/lib/mayaUsd/utils/stageCache.h
[2023-04-28T17:09:57.496Z]     -- promoting: S:/jenkins/workspace/ECP/ecg-maya-usd/ecg-mayausd-branch-preflight-2019-no-ufe-windows/ecg-maya-usd/maya-usd/lib/mayaUsd/utils/targetLayer.h
[2023-04-28T17:09:57.496Z]     -- promoting: S:/jenkins/workspace/ECP/ecg-maya-usd/ecg-mayausd-branch-preflight-2019-no-ufe-windows/ecg-maya-usd/maya-usd/lib/mayaUsd/utils/traverseLayer.h
[2023-04-28T17:09:57.496Z]     -- promoting: S:/jenkins/workspace/ECP/ecg-maya-usd/ecg-mayausd-branch-preflight-2019-no-ufe-windows/ecg-maya-usd/maya-usd/lib/mayaUsd/utils/undoHelperCommand.h
[2023-04-28T17:09:57.496Z]     -- promoting: S:/jenkins/workspace/ECP/ecg-maya-usd/ecg-mayausd-branch-preflight-2019-no-ufe-windows/ecg-maya-usd/maya-usd/lib/mayaUsd/utils/util.h
[2023-04-28T17:09:57.496Z]     -- promoting: S:/jenkins/workspace/ECP/ecg-maya-usd/ecg-mayausd-branch-preflight-2019-no-ufe-windows/ecg-maya-usd/maya-usd/lib/mayaUsd/utils/utilDictionary.h
[2023-04-28T17:09:57.496Z]     -- promoting: S:/jenkins/workspace/ECP/ecg-maya-usd/ecg-mayausd-branch-preflight-2019-no-ufe-windows/ecg-maya-usd/maya-usd/lib/mayaUsd/utils/utilFileSystem.h
[2023-04-28T17:09:57.496Z]     -- promoting: S:/jenkins/workspace/ECP/ecg-maya-usd/ecg-mayausd-branch-preflight-2019-no-ufe-windows/ecg-maya-usd/maya-usd/lib/mayaUsd/utils/utilSerialization.h
[2023-04-28T17:09:57.496Z]     -- promoting: S:/jenkins/workspace/ECP/ecg-maya-usd/ecg-mayausd-branch-preflight-2019-no-ufe-windows/ecg-maya-usd/maya-usd/lib/mayaUsd/utils/variants.h
[2023-04-28T17:09:57.496Z]     -- promoting: S:/jenkins/workspace/ECP/ecg-maya-usd/ecg-mayausd-branch-preflight-2019-no-ufe-windows/ecg-maya-usd/maya-usd/lib/usd/pxrUsdPreviewSurface/usdPreviewSurface.h
[2023-04-28T17:09:57.496Z]     -- promoting: S:/jenkins/workspace/ECP/ecg-maya-usd/ecg-mayausd-branch-preflight-2019-no-ufe-windows/ecg-maya-usd/maya-usd/lib/usd/pxrUsdPreviewSurface/usdPreviewSurfacePlugin.h
[2023-04-28T17:09:57.496Z]     -- promoting: S:/jenkins/workspace/ECP/ecg-maya-usd/ecg-mayausd-branch-preflight-2019-no-ufe-windows/ecg-maya-usd/maya-usd/lib/usd/schemas/api.h
[2023-04-28T17:09:57.496Z]     -- promoting: S:/jenkins/workspace/ECP/ecg-maya-usd/ecg-mayausd-branch-preflight-2019-no-ufe-windows/ecg-maya-usd/maya-usd/lib/usd/schemas/ALMayaReference.h
[2023-04-28T17:09:57.496Z]     -- promoting: S:/jenkins/workspace/ECP/ecg-maya-usd/ecg-mayausd-branch-preflight-2019-no-ufe-windows/ecg-maya-usd/maya-usd/lib/usd/schemas/MayaReference.h
[2023-04-28T17:09:57.496Z]     -- promoting: S:/jenkins/workspace/ECP/ecg-maya-usd/ecg-mayausd-branch-preflight-2019-no-ufe-windows/ecg-maya-usd/maya-usd/lib/usd/schemas/tokens.h
[2023-04-28T17:10:00.449Z]     Processing schema classes:
[2023-04-28T17:10:00.449Z]     MayaReference, ALMayaReference
[2023-04-28T17:10:00.449Z]     Loading Templates from p:\shared\Artifactory\Windows\USD\cfb3d8a\lib\usd\usd\resources\codegenTemplates
[2023-04-28T17:10:00.449Z]     Writing API:
[2023-04-28T17:10:00.449Z]     	    wrote W:\build\RelWithDebInfo\lib\usd\schemas\api.h
[2023-04-28T17:10:00.449Z]     Writing Schema Tokens:
[2023-04-28T17:10:00.449Z]     	    wrote W:\build\RelWithDebInfo\lib\usd\schemas\tokens.h
[2023-04-28T17:10:00.449Z]     	    wrote W:\build\RelWithDebInfo\lib\usd\schemas\tokens.cpp
[2023-04-28T17:10:00.449Z]     	    wrote W:\build\RelWithDebInfo\lib\usd\schemas\wrapTokens.cpp
[2023-04-28T17:10:00.449Z]     Generating Classes:
[2023-04-28T17:10:00.449Z]     	    wrote W:\build\RelWithDebInfo\lib\usd\schemas\MayaReference.h
[2023-04-28T17:10:00.449Z]     	    wrote W:\build\RelWithDebInfo\lib\usd\schemas\MayaReference.cpp
[2023-04-28T17:10:00.449Z]     	    wrote W:\build\RelWithDebInfo\lib\usd\schemas\wrapMayaReference.cpp
[2023-04-28T17:10:00.449Z]     	    wrote W:\build\RelWithDebInfo\lib\usd\schemas\ALMayaReference.h
[2023-04-28T17:10:00.449Z]     	    wrote W:\build\RelWithDebInfo\lib\usd\schemas\ALMayaReference.cpp
[2023-04-28T17:10:00.449Z]     	    wrote W:\build\RelWithDebInfo\lib\usd\schemas\wrapALMayaReference.cpp
[2023-04-28T17:10:00.449Z]     Loading Templates from p:\shared\Artifactory\Windows\USD\cfb3d8a\lib\usd\usd\resources\codegenTemplates
[2023-04-28T17:10:00.449Z]     	    wrote W:\build\RelWithDebInfo\lib\usd\schemas\plugInfo.json
[2023-04-28T17:10:00.449Z]     Generating Schematics:
[2023-04-28T17:10:00.449Z]     	    wrote W:\build\RelWithDebInfo\lib\usd\schemas\generatedSchema.usda
[2023-04-28T17:10:00.563Z]     -- promoting: S:/jenkins/workspace/ECP/ecg-maya-usd/ecg-mayausd-branch-preflight-2019-no-ufe-windows/ecg-maya-usd/maya-usd/lib/usd/utils/ALHalf.h
[2023-04-28T17:10:00.563Z]     -- promoting: S:/jenkins/workspace/ECP/ecg-maya-usd/ecg-mayausd-branch-preflight-2019-no-ufe-windows/ecg-maya-usd/maya-usd/lib/usd/utils/Api.h
[2023-04-28T17:10:00.563Z]     -- promoting: S:/jenkins/workspace/ECP/ecg-maya-usd/ecg-mayausd-branch-preflight-2019-no-ufe-windows/ecg-maya-usd/maya-usd/lib/usd/utils/DebugCodes.h
[2023-04-28T17:10:00.563Z]     -- promoting: S:/jenkins/workspace/ECP/ecg-maya-usd/ecg-mayausd-branch-preflight-2019-no-ufe-windows/ecg-maya-usd/maya-usd/lib/usd/utils/DiffCore.h
[2023-04-28T17:10:00.563Z]     -- promoting: S:/jenkins/workspace/ECP/ecg-maya-usd/ecg-mayausd-branch-preflight-2019-no-ufe-windows/ecg-maya-usd/maya-usd/lib/usd/utils/DiffPrims.h
[2023-04-28T17:10:00.563Z]     -- promoting: S:/jenkins/workspace/ECP/ecg-maya-usd/ecg-mayausd-branch-preflight-2019-no-ufe-windows/ecg-maya-usd/maya-usd/lib/usd/utils/MergePrims.h
[2023-04-28T17:10:00.563Z]     -- promoting: S:/jenkins/workspace/ECP/ecg-maya-usd/ecg-mayausd-branch-preflight-2019-no-ufe-windows/ecg-maya-usd/maya-usd/lib/usd/utils/MergePrimsOptions.h
[2023-04-28T17:10:00.563Z]     -- promoting: S:/jenkins/workspace/ECP/ecg-maya-usd/ecg-mayausd-branch-preflight-2019-no-ufe-windows/ecg-maya-usd/maya-usd/lib/usd/utils/ForwardDeclares.h
[2023-04-28T17:10:00.563Z]     -- promoting: S:/jenkins/workspace/ECP/ecg-maya-usd/ecg-mayausd-branch-preflight-2019-no-ufe-windows/ecg-maya-usd/maya-usd/lib/usd/utils/SIMD.h
[2023-04-28T17:10:00.563Z]     -- promoting: S:/jenkins/workspace/ECP/ecg-maya-usd/ecg-mayausd-branch-preflight-2019-no-ufe-windows/ecg-maya-usd/maya-usd/lib/usd/utils/util.h
[2023-04-28T17:10:00.563Z]     -- promoting: S:/jenkins/workspace/ECP/ecg-maya-usd/ecg-mayausd-branch-preflight-2019-no-ufe-windows/ecg-maya-usd/maya-usd/lib/usd/ui/importDialog/IMayaMQtUtil.h
[2023-04-28T17:10:00.563Z]     -- promoting: S:/jenkins/workspace/ECP/ecg-maya-usd/ecg-mayausd-branch-preflight-2019-no-ufe-windows/ecg-maya-usd/maya-usd/lib/usd/ui/importDialog/ItemDelegate.h
[2023-04-28T17:10:00.563Z]     -- promoting: S:/jenkins/workspace/ECP/ecg-maya-usd/ecg-mayausd-branch-preflight-2019-no-ufe-windows/ecg-maya-usd/maya-usd/lib/usd/ui/importDialog/IUSDImportView.h
[2023-04-28T17:10:00.563Z]     -- promoting: S:/jenkins/workspace/ECP/ecg-maya-usd/ecg-mayausd-branch-preflight-2019-no-ufe-windows/ecg-maya-usd/maya-usd/lib/usd/ui/importDialog/TreeItem.h
[2023-04-28T17:10:00.563Z]     -- promoting: S:/jenkins/workspace/ECP/ecg-maya-usd/ecg-mayausd-branch-preflight-2019-no-ufe-windows/ecg-maya-usd/maya-usd/lib/usd/ui/importDialog/TreeModel.h
[2023-04-28T17:10:00.563Z]     -- promoting: S:/jenkins/workspace/ECP/ecg-maya-usd/ecg-mayausd-branch-preflight-2019-no-ufe-windows/ecg-maya-usd/maya-usd/lib/usd/ui/importDialog/TreeModelFactory.h
[2023-04-28T17:10:00.563Z]     -- promoting: S:/jenkins/workspace/ECP/ecg-maya-usd/ecg-mayausd-branch-preflight-2019-no-ufe-windows/ecg-maya-usd/maya-usd/lib/usd/ui/importDialog/USDImportDialog.h
[2023-04-28T17:10:00.563Z]     -- promoting: S:/jenkins/workspace/ECP/ecg-maya-usd/ecg-mayausd-branch-preflight-2019-no-ufe-windows/ecg-maya-usd/maya-usd/lib/usd/ui/importDialog/USDImportDialogCmd.h
[2023-04-28T17:10:00.563Z]     -- promoting: S:/jenkins/workspace/ECP/ecg-maya-usd/ecg-mayausd-branch-preflight-2019-no-ufe-windows/ecg-maya-usd/maya-usd/lib/usd/ui/importDialog/USDQtUtil.h
[2023-04-28T17:10:00.563Z]     -- promoting: S:/jenkins/workspace/ECP/ecg-maya-usd/ecg-mayausd-branch-preflight-2019-no-ufe-windows/ecg-maya-usd/maya-usd/lib/usd/ui/api.h
[2023-04-28T17:10:00.563Z]     -- promoting: S:/jenkins/workspace/ECP/ecg-maya-usd/ecg-mayausd-branch-preflight-2019-no-ufe-windows/ecg-maya-usd/maya-usd/lib/usd/ui/initStringResources.h
[2023-04-28T17:10:00.563Z]     ========== Pixar USD Plugin ==========
[2023-04-28T17:10:00.675Z]     Compiling W:/build/RelWithDebInfo/plugin/pxr/__init__.py ...
[2023-04-28T17:10:00.791Z]     ========== AL USD Plugin ==========
[2023-04-28T17:10:00.791Z]     CMake Deprecation Warning at plugin/al/CMakeLists.txt:7 (cmake_policy):
[2023-04-28T17:10:00.791Z]       The OLD behavior for policy CMP0026 will be removed from a future version
[2023-04-28T17:10:00.791Z]       of CMake.
[2023-04-28T17:10:00.791Z]     
[2023-04-28T17:10:00.791Z]       The cmake-policies(7) manual explains that the OLD behaviors of all
[2023-04-28T17:10:00.791Z]       policies are deprecated and that a policy should be set to OLD only under
[2023-04-28T17:10:00.791Z]       specific short-term circumstances.  Projects should be ported to the NEW
[2023-04-28T17:10:00.791Z]       behavior and not rely on setting a policy to OLD.
[2023-04-28T17:10:00.791Z]     
[2023-04-28T17:10:00.791Z]     
[2023-04-28T17:10:00.792Z]     -- Found Boost 1.70.0 at P:/shared/Artifactory/Windows/USD/cfb3d8a/lib/cmake/Boost-1.70.0
[2023-04-28T17:10:00.792Z]     --   Requested configuration: QUIET REQUIRED
[2023-04-28T17:10:00.908Z]     -- Found boost_headers 1.70.0 at P:/shared/Artifactory/Windows/USD/cfb3d8a/lib/cmake/boost_headers-1.70.0
[2023-04-28T17:10:00.908Z]     -- Found Boost: P:/shared/Artifactory/Windows/USD/cfb3d8a/lib/cmake/Boost-1.70.0/BoostConfig.cmake (found version "1.70.0")
[2023-04-28T17:10:00.908Z]     -- Found Boost 1.70.0 at P:/shared/Artifactory/Windows/USD/cfb3d8a/lib/cmake/Boost-1.70.0
[2023-04-28T17:10:00.908Z]     --   Requested configuration: QUIET REQUIRED COMPONENTS python
[2023-04-28T17:10:00.908Z]     -- Found boost_python 1.70.0 at P:/shared/Artifactory/Windows/USD/cfb3d8a/lib/cmake/boost_python-1.70.0
[2023-04-28T17:10:00.908Z]     --   boost_python27-vc141-mt-x64-1_70.lib
[2023-04-28T17:10:00.908Z]     -- Adding boost_python dependencies: headers
[2023-04-28T17:10:00.908Z]     -- Found Boost: P:/shared/Artifactory/Windows/USD/cfb3d8a/lib/cmake/Boost-1.70.0/BoostConfig.cmake (found version "1.70.0") found components: python
[2023-04-28T17:10:01.530Z]     -- Found GTest: W:/build/RelWithDebInfo/googletest-install/lib/gtest.lib
[2023-04-28T17:10:03.469Z]     -- Building AL_USDMayaSchemas
[2023-04-28T17:10:04.194Z]     Processing schema classes:
[2023-04-28T17:10:04.194Z]     ALModelAPI, ALFrameRange
[2023-04-28T17:10:04.194Z]     Loading Templates from p:\shared\Artifactory\Windows\USD\cfb3d8a\lib\usd\usd\resources\codegenTemplates
[2023-04-28T17:10:04.194Z]     Writing API:
[2023-04-28T17:10:04.194Z]     	    wrote W:\build\RelWithDebInfo\plugin\al\schemas\AL\usd\schemas\maya\api.h
[2023-04-28T17:10:04.194Z]     Writing Schema Tokens:
[2023-04-28T17:10:04.194Z]     	    wrote W:\build\RelWithDebInfo\plugin\al\schemas\AL\usd\schemas\maya\tokens.h
[2023-04-28T17:10:04.194Z]     	    wrote W:\build\RelWithDebInfo\plugin\al\schemas\AL\usd\schemas\maya\tokens.cpp
[2023-04-28T17:10:04.194Z]     	    wrote W:\build\RelWithDebInfo\plugin\al\schemas\AL\usd\schemas\maya\wrapTokens.cpp
[2023-04-28T17:10:04.194Z]     Generating Classes:
[2023-04-28T17:10:04.194Z]     	    wrote W:\build\RelWithDebInfo\plugin\al\schemas\AL\usd\schemas\maya\ModelAPI.h
[2023-04-28T17:10:04.194Z]     	    wrote W:\build\RelWithDebInfo\plugin\al\schemas\AL\usd\schemas\maya\ModelAPI.cpp
[2023-04-28T17:10:04.194Z]     	    wrote W:\build\RelWithDebInfo\plugin\al\schemas\AL\usd\schemas\maya\wrapModelAPI.cpp
[2023-04-28T17:10:04.194Z]     	    wrote W:\build\RelWithDebInfo\plugin\al\schemas\AL\usd\schemas\maya\FrameRange.h
[2023-04-28T17:10:04.194Z]     	    wrote W:\build\RelWithDebInfo\plugin\al\schemas\AL\usd\schemas\maya\FrameRange.cpp
[2023-04-28T17:10:04.194Z]     	    wrote W:\build\RelWithDebInfo\plugin\al\schemas\AL\usd\schemas\maya\wrapFrameRange.cpp
[2023-04-28T17:10:04.194Z]     Loading Templates from p:\shared\Artifactory\Windows\USD\cfb3d8a\lib\usd\usd\resources\codegenTemplates
[2023-04-28T17:10:04.194Z]     	    wrote W:\build\RelWithDebInfo\plugin\al\schemas\AL\usd\schemas\maya\plugInfo.json
[2023-04-28T17:10:04.194Z]     Generating Schematics:
[2023-04-28T17:10:04.194Z]     	    wrote W:\build\RelWithDebInfo\plugin\al\schemas\AL\usd\schemas\maya\generatedSchema.usda
[2023-04-28T17:10:05.532Z]     Processing schema classes:
[2023-04-28T17:10:05.532Z]     ALExamplePolyCubeNode
[2023-04-28T17:10:05.532Z]     Loading Templates from p:\shared\Artifactory\Windows\USD\cfb3d8a\lib\usd\usd\resources\codegenTemplates
[2023-04-28T17:10:05.532Z]     Writing API:
[2023-04-28T17:10:05.532Z]     	    wrote W:\build\RelWithDebInfo\plugin\al\schemas\AL\usd\schemas\mayatest\api.h
[2023-04-28T17:10:05.532Z]     Writing Schema Tokens:
[2023-04-28T17:10:05.532Z]     	    wrote W:\build\RelWithDebInfo\plugin\al\schemas\AL\usd\schemas\mayatest\tokens.h
[2023-04-28T17:10:05.532Z]     	    wrote W:\build\RelWithDebInfo\plugin\al\schemas\AL\usd\schemas\mayatest\tokens.cpp
[2023-04-28T17:10:05.532Z]     	    wrote W:\build\RelWithDebInfo\plugin\al\schemas\AL\usd\schemas\mayatest\wrapTokens.cpp
[2023-04-28T17:10:05.532Z]     Generating Classes:
[2023-04-28T17:10:05.532Z]     	    wrote W:\build\RelWithDebInfo\plugin\al\schemas\AL\usd\schemas\mayatest\ExamplePolyCubeNode.h
[2023-04-28T17:10:05.532Z]     	    wrote W:\build\RelWithDebInfo\plugin\al\schemas\AL\usd\schemas\mayatest\ExamplePolyCubeNode.cpp
[2023-04-28T17:10:05.532Z]     	    wrote W:\build\RelWithDebInfo\plugin\al\schemas\AL\usd\schemas\mayatest\wrapExamplePolyCubeNode.cpp
[2023-04-28T17:10:05.532Z]     Loading Templates from p:\shared\Artifactory\Windows\USD\cfb3d8a\lib\usd\usd\resources\codegenTemplates
[2023-04-28T17:10:05.532Z]     	    wrote W:\build\RelWithDebInfo\plugin\al\schemas\AL\usd\schemas\mayatest\plugInfo.json
[2023-04-28T17:10:05.532Z]     Generating Schematics:
[2023-04-28T17:10:05.532Z]     	    wrote W:\build\RelWithDebInfo\plugin\al\schemas\AL\usd\schemas\mayatest\generatedSchema.usda
[2023-04-28T17:10:05.532Z]     -- Building AL_USDMayaTranslators
[2023-04-28T17:10:05.647Z]     ========== ADSK USD Plugin ==========
[2023-04-28T17:10:05.647Z]     -- Configuring done
[2023-04-28T17:10:07.889Z]     -- Generating done
[2023-04-28T17:10:07.889Z]     CMake Warning:
[2023-04-28T17:10:07.889Z]       Manually-specified variables were not used by the project:
[2023-04-28T17:10:07.889Z]     
[2023-04-28T17:10:07.889Z]         MAYA_DEVKIT_LOCATION
[2023-04-28T17:10:07.889Z]     
[2023-04-28T17:10:07.889Z]     
[2023-04-28T17:10:07.889Z]     -- Build files have been written to: W:/build/RelWithDebInfo
[2023-04-28T17:10:07.996Z]     
[2023-04-28T17:10:07.996Z]         Building with settings:
[2023-04-28T17:10:07.996Z]           Source directory          S:\jenkins\workspace\ECP\ecg-maya-usd\ecg-mayausd-branch-preflight-2019-no-ufe-windows\ecg-maya-usd\maya-usd
[2023-04-28T17:10:07.996Z]           Workspace directory       W:\
[2023-04-28T17:10:07.996Z]           Build directory           W:\build\RelWithDebInfo
[2023-04-28T17:10:07.996Z]           Install directory         W:\install\RelWithDebInfo\MayaUSD
[2023-04-28T17:10:07.996Z]           Variant                   RelWithDebInfo
[2023-04-28T17:10:07.996Z]           Python Debug              Off
[2023-04-28T17:10:07.996Z]           CMake generator           Ninja
[2023-04-28T17:10:07.996Z]           Build arguments           ['-DCMAKE_MAKE_PROGRAM=P:/shared/Artifactory/Windows/ninja/1.9.0/c68f192/ninja.exe', '-DPYTHON_INCLUDE_DIR=P:/shared/Artifactory/Windows/rundev-2019/202003131251/runtime/155eb96/runTime/include/Python2.7', '-DPython_EXECUTABLE=P:/shared/Artifactory/Windows/rundev-2019/202003131251/runtime/155eb96/runTime/bin/mayapy.exe', '-DPYTHON_LIBRARIES=P:/shared/Artifactory/Windows/rundev-2019/202003131251/runtime/155eb96/runTime/lib/python27.lib', '-DCMAKE_WANT_UFE_BUILD=OFF', '-DUSD_LIB_PREFIX=', '-DBUILD_HDMAYA=OFF']
[2023-04-28T17:10:07.996Z]           Stages arguments          ['configure']
[2023-04-28T17:10:07.996Z]           CTest arguments           ['-E testUsdReferenceAssemblySelection|testUsdMayaAppDir', '-LE interactive', '--parallel 16']
[2023-04-28T17:10:07.996Z]     Success MayaUSD build and install !!!!
[2023-04-28T17:10:07.996Z]     Elapsed time: 00:00:41
[Pipeline] bat
[2023-04-28T17:10:08.463Z] Deleting alias drive W:
[Pipeline] bat
[2023-04-28T17:10:08.845Z] Deleting alias drive P:
[Pipeline] }
[Pipeline] // withEnv
[Pipeline] }
[Pipeline] // timeout
[Pipeline] }
[Pipeline] // stage
[Pipeline] }
[Pipeline] // timestamps
[Pipeline] timestamps
[Pipeline] {
[Pipeline] stage
[Pipeline] { (Build)
[Pipeline] timeout
[2023-04-28T17:10:09.089Z] Timeout set to expire in 6 hr 0 min
[Pipeline] {
[Pipeline] withEnv
[Pipeline] {
[Pipeline] bat
[2023-04-28T17:10:09.441Z] Creating alias drive P: to S:\jenkins\workspace
[Pipeline] bat
[2023-04-28T17:10:09.728Z] Creating alias drive W: to S:\jenkins\workspace\ECP\ecg-maya-usd\ecg-mayausd-branch-preflight-2019-no-ufe-windows
[Pipeline] bat
[2023-04-28T17:10:10.303Z] "C:\Program Files (x86)\Microsoft Visual Studio\2017\Professional\VC\Auxiliary\Build\vcvarsall.bat" x64
[2023-04-28T17:10:10.513Z] **********************************************************************
[2023-04-28T17:10:10.513Z] ** Visual Studio 2017 Developer Command Prompt v15.9.15
[2023-04-28T17:10:10.513Z] ** Copyright (c) 2017 Microsoft Corporation
[2023-04-28T17:10:10.513Z] **********************************************************************
[2023-04-28T17:10:11.536Z] [vcvarsall.bat] Environment initialized for: 'x64'
[2023-04-28T17:10:11.536Z] python ecg-maya-usd/build.py --stages=build --workspace-dir=W:\ --artifactory-dir=P:\shared\Artifactory --build-dir=W:\build --install-dir=W:\install --signing-dir=W:\signing --package-dir=W:\package --output-dir=W:\output --stash-dir=W:\stash --jenkins-build=878 --git-commit=5d507ea421524b6a0e3df629b6b430eefdc9a766 --git-branch=master --variants=RelWithDebInfo --python=2.7 --ufe=false --pxrusd-version=0.21.05-gold --post-zips=false --build-retry=3 --maya-cut-config=maya-rundev-2019.yaml --maya-package=rundev-2019 --stage-banner
[2023-04-28T17:10:12.559Z] Using Maya cut from P:\shared\Artifactory\Windows\rundev-2019\202003131251\runtime\155eb96
[2023-04-28T17:10:12.559Z] 
[2023-04-28T17:10:12.559Z] ================================================================================
[2023-04-28T17:10:12.559Z]                              build (RelWithDebInfo)
[2023-04-28T17:10:12.559Z] ================================================================================
[2023-04-28T17:10:12.559Z] Maya Python RelWithDebInfo Info:
[2023-04-28T17:10:12.559Z]   mayapy executable   = P:\shared\Artifactory\Windows\rundev-2019\202003131251\runtime\155eb96\runTime\bin\mayapy.exe
[2023-04-28T17:10:12.559Z]   Include Folder      = P:\shared\Artifactory\Windows\rundev-2019\202003131251\runtime\155eb96\runTime\include\Python2.7
[2023-04-28T17:10:12.559Z]   Library             = P:\shared\Artifactory\Windows\rundev-2019\202003131251\runtime\155eb96\runTime\lib\python27.lib
[2023-04-28T17:10:12.559Z]   site-package Folder = P:\shared\Artifactory\Windows\rundev-2019\202003131251\runtime\155eb96\runTime\Python\Lib\site-packages
[2023-04-28T17:10:13.276Z] In workdir: S:\jenkins\workspace\ECP\ecg-maya-usd\ecg-mayausd-branch-preflight-2019-no-ufe-windows\ecg-maya-usd\maya-usd
[2023-04-28T17:10:13.276Z] Executing: 'P:\\shared\\Artifactory\\Windows\\rundev-2019\\202003131251\\runtime\\155eb96\\runTime\\bin\\mayapy.exe' 'S:\\jenkins\\workspace\\ECP\\ecg-maya-usd\\ecg-mayausd-branch-preflight-2019-no-ufe-windows\\ecg-maya-usd\\maya-usd\\build.py' --generator Ninja --build-relwithdebug --maya-location 'P:\\shared\\Artifactory\\Windows\\rundev-2019\\202003131251\\runtime\\155eb96\\runTime' --devkit-location 'P:\\shared\\Artifactory\\Windows\\rundev-2019\\202003131251\\runtime\\155eb96\\devkitBase' --pxrusd-location 'P:\\shared\\Artifactory\\Windows\\USD\\cfb3d8a' --qt-location 'P:\\shared\\Artifactory\\Windows\\qt\\5.6.1\\1acd0ba' --materialx '--build-args=-DCMAKE_MAKE_PROGRAM=P:/shared/Artifactory/Windows/ninja/1.9.0/c68f192/ninja.exe,-DPYTHON_INCLUDE_DIR=P:/shared/Artifactory/Windows/rundev-2019/202003131251/runtime/155eb96/runTime/include/Python2.7,-DPython_EXECUTABLE=P:/shared/Artifactory/Windows/rundev-2019/202003131251/runtime/155eb96/runTime/bin/mayapy.exe,-DPYTHON_LIBRARIES=P:/shared/Artifactory/Windows/rundev-2019/202003131251/runtime/155eb96/runTime/lib/python27.lib,-DCMAKE_WANT_UFE_BUILD=OFF,-DUSD_LIB_PREFIX=,-DBUILD_HDMAYA=OFF' '--ctest-args=-E testUsdReferenceAssemblySelection|testUsdMayaAppDir,-LE interactive,--parallel 16' --stages=build --redirect-outstream-file=False --install-location 'W:\\install\\RelWithDebInfo\\MayaUSD' 'W:\\'
[2023-04-28T17:10:13.276Z] Modified environment variables:
[2023-04-28T17:10:13.276Z]     PATH=P:\shared\Artifactory\Windows\cmake\3.20.3\afe857a\bin;C:\Python27\lib\site-packages\pywin32_system32;C:\Program Files (x86)\Microsoft Visual Studio\2017\Professional\VC\Tools\MSVC\14.16.27023\bin\HostX64\x64;C:\Program Files (x86)\Microsoft Visual Studio\2017\Professional\Common7\IDE\VC\VCPackages;C:\Program Files (x86)\Microsoft Visual Studio\2017\Professional\Common7\IDE\CommonExtensions\Microsoft\TestWindow;C:\Program Files (x86)\Microsoft Visual Studio\2017\Professional\Common7\IDE\CommonExtensions\Microsoft\TeamFoundation\Team Explorer;C:\Program Files (x86)\Microsoft Visual Studio\2017\Professional\MSBuild\15.0\bin\Roslyn;C:\Program Files (x86)\Microsoft Visual Studio\2017\Professional\Team Tools\Performance Tools\x64;C:\Program Files (x86)\Microsoft Visual Studio\2017\Professional\Team Tools\Performance Tools;C:\Program Files (x86)\Microsoft Visual Studio\Shared\Common\VSPerfCollectionTools\\x64;C:\Program Files (x86)\Microsoft Visual Studio\Shared\Common\VSPerfCollectionTools\;C:\Program Files (x86)\Microsoft SDKs\Windows\v10.0A\bin\NETFX 4.6.1 Tools\x64\;C:\Program Files (x86)\HTML Help Workshop;C:\Program Files (x86)\Windows Kits\10\bin\10.0.18362.0\x64;C:\Program Files (x86)\Windows Kits\10\bin\x64;C:\Program Files (x86)\Microsoft Visual Studio\2017\Professional\\MSBuild\15.0\bin;C:\WINDOWS\Microsoft.NET\Framework64\v4.0.30319;C:\Program Files (x86)\Microsoft Visual Studio\2017\Professional\Common7\IDE\;C:\Program Files (x86)\Microsoft Visual Studio\2017\Professional\Common7\Tools\;C:\Python27\;C:\Python27\Scripts;C:\WINDOWS\system32;C:\WINDOWS;C:\WINDOWS\System32\Wbem;C:\WINDOWS\System32\WindowsPowerShell\v1.0\;C:\WINDOWS\System32\OpenSSH\;C:\ProgramData\chocolatey\bin;C:\Program Files (x86)\WiX Toolset v3.7\bin;C:\Program Files\dotnet\;C:\Program Files (x86)\Windows Kits\10\bin\10.0.18362.0\x64;C:\Program Files\Zulu\zulu-11\bin\;C:\Program Files (x86)\Windows Kits\10\bin\10.0.17763.0\x64;C:\Program Files (x86)\Windows Kits\10\bin\x64;C:\Program Files\Git\cmd;C:\Program Files\Git\usr\bin;C:\Program Files\Git\mingw64\bin;C:\Program Files\Git\bin;C:\Python38\;C:\Python38\Scripts;C:\StoreBoxClientWindows;C:\Program Files\Electric Cloud\ElectricCommander\bin;C:\Program Files\WinRAR;C:\Program Files\7-Zip;C:\Users\Administrator\AppData\Local\Microsoft\WindowsApps;C:\Program Files (x86)\Microsoft Visual Studio\2017\Professional\Common7\IDE\CommonExtensions\Microsoft\CMake\CMake\bin;C:\Program Files (x86)\Microsoft Visual Studio\2017\Professional\Common7\IDE\CommonExtensions\Microsoft\CMake\Ninja
[2023-04-28T17:10:15.124Z]     [1/586] Building CXX object test\lib\usd\utils\CMakeFiles\testDiffValues.dir\main.cpp.obj
[2023-04-28T17:10:15.540Z]     [2/586] Building CXX object test\lib\usd\utils\CMakeFiles\testDiffCore.dir\main.cpp.obj
[2023-04-28T17:10:15.540Z]     [3/586] Building CXX object test\lib\usd\utils\CMakeFiles\testDiffPrims.dir\main.cpp.obj
[2023-04-28T17:10:15.652Z]     [4/586] Building CXX object test\lib\usd\utils\CMakeFiles\testDiffCore.dir\test_DiffCore.cpp.obj
[2023-04-28T17:10:16.574Z]     [5/586] Building CXX object test\lib\usd\utils\CMakeFiles\testDiffLists.dir\main.cpp.obj
[2023-04-28T17:10:16.574Z]     [6/586] Building CXX object test\lib\usd\utils\CMakeFiles\testDiffRelationships.dir\main.cpp.obj
[2023-04-28T17:10:17.606Z]     [7/586] Building CXX object test\lib\usd\utils\CMakeFiles\testDiffAttributes.dir\main.cpp.obj
[2023-04-28T17:10:27.928Z]     [8/586] Building CXX object test\lib\usd\utils\CMakeFiles\testDiffPrims.dir\test_DiffPrimsAttributes.cpp.obj
[2023-04-28T17:10:28.168Z]     [9/586] Building CXX object test\lib\usd\utils\CMakeFiles\testDiffPrims.dir\test_DiffPrims.cpp.obj
[2023-04-28T17:10:28.168Z]     [10/586] Building CXX object test\lib\usd\utils\CMakeFiles\testDiffRelationships.dir\test_DiffRelationships.cpp.obj
[2023-04-28T17:10:28.374Z]     [11/586] Building CXX object test\lib\usd\utils\CMakeFiles\testDiffPrims.dir\test_DiffPrimsChildren.cpp.obj
[2023-04-28T17:10:28.374Z]     [12/586] Building CXX object test\lib\usd\utils\CMakeFiles\testDiffAttributes.dir\test_DiffAttributes.cpp.obj
[2023-04-28T17:10:28.561Z]     [13/586] Building CXX object test\lib\usd\utils\CMakeFiles\testDiffPrims.dir\test_DiffPrimsRelations.cpp.obj
[2023-04-28T17:10:28.561Z]     [14/586] Building CXX object test\lib\usd\utils\CMakeFiles\testDiffValues.dir\test_DiffValues.cpp.obj
[2023-04-28T17:10:28.730Z]     [15/586] Building CXX object test\lib\usd\utils\CMakeFiles\testDiffValues.dir\test_DiffValuesMatrices.cpp.obj
[2023-04-28T17:10:28.730Z]     [16/586] Building CXX object test\lib\usd\utils\CMakeFiles\testDiffValues.dir\test_DiffValuesIntVecs.cpp.obj
[2023-04-28T17:10:29.122Z]     [17/586] Building CXX object test\lib\usd\utils\CMakeFiles\testDiffValues.dir\test_DiffValuesQuaternions.cpp.obj
[2023-04-28T17:10:29.250Z]     [18/586] Building CXX object test\lib\usd\utils\CMakeFiles\testDiffValues.dir\test_DiffValuesGeneric.cpp.obj
[2023-04-28T17:10:29.371Z]     [19/586] Building CXX object test\lib\usd\utils\CMakeFiles\testDiffLists.dir\test_DiffLists.cpp.obj
[2023-04-28T17:10:29.813Z]     [20/586] Building CXX object test\lib\usd\utils\CMakeFiles\testDiffValues.dir\test_DiffValuesHalfVecs.cpp.obj
[2023-04-28T17:10:30.026Z]     [21/586] Building CXX object test\lib\usd\utils\CMakeFiles\testDiffValues.dir\test_DiffValuesDoubleVecs.cpp.obj
[2023-04-28T17:10:30.026Z]     [22/586] Building CXX object test\lib\usd\utils\CMakeFiles\testDiffValues.dir\test_DiffValuesArrays.cpp.obj
[2023-04-28T17:10:30.244Z]     [23/586] Building CXX object test\lib\usd\utils\CMakeFiles\testDiffValues.dir\test_DiffValuesFloatVecs.cpp.obj
[2023-04-28T17:10:30.664Z]     [24/586] Building CXX object test\lib\usd\utils\CMakeFiles\testDiffDictionaries.dir\main.cpp.obj
[2023-04-28T17:10:30.664Z]     [25/586] Building CXX object lib\mayaUsd\CMakeFiles\mayaUsd.dir\base\debugCodes.cpp.obj
[2023-04-28T17:10:30.664Z]     [26/586] Building CXX object test\lib\usd\utils\CMakeFiles\testMergePrims.dir\main.cpp.obj
[2023-04-28T17:10:30.664Z]     [27/586] Building CXX object test\lib\usd\utils\CMakeFiles\testDiffComputeOverall.dir\main.cpp.obj
[2023-04-28T17:10:30.664Z]     [28/586] Building CXX object test\lib\usd\utils\CMakeFiles\testDiffMetadatas.dir\main.cpp.obj
[2023-04-28T17:10:30.879Z]     [29/586] Building CXX object lib\mayaUsd\CMakeFiles\mayaUsd.dir\base\tokens.cpp.obj
[2023-04-28T17:10:36.335Z]     [30/586] Building CXX object lib\mayaUsd\CMakeFiles\mayaUsd.dir\commands\baseListJobContextsCommand.cpp.obj
[2023-04-28T17:10:36.657Z]     [31/586] Building CXX object test\lib\usd\utils\CMakeFiles\testDiffMetadatas.dir\test_DiffMetadatas.cpp.obj
[2023-04-28T17:10:36.657Z]     [32/586] Building CXX object test\lib\usd\utils\CMakeFiles\testDiffDictionaries.dir\test_DiffDictionaries.cpp.obj
[2023-04-28T17:10:36.875Z]     [33/586] Building CXX object test\lib\usd\utils\CMakeFiles\testDiffComputeOverall.dir\test_DiffComputeOverall.cpp.obj
[2023-04-28T17:10:36.875Z]     [34/586] Building CXX object lib\mayaUsd\CMakeFiles\mayaUsd.dir\fileio\shaderWriter.cpp.obj
[2023-04-28T17:10:36.875Z]     [35/586] Building CXX object lib\mayaUsd\CMakeFiles\mayaUsd.dir\commands\baseImportCommand.cpp.obj
[2023-04-28T17:10:36.985Z]     [36/586] Building CXX object test\lib\usd\utils\CMakeFiles\testMergePrims.dir\test_MergePrims.cpp.obj
[2023-04-28T17:10:37.240Z]     [37/586] Building CXX object lib\mayaUsd\CMakeFiles\mayaUsd.dir\commands\layerEditorWindowCommand.cpp.obj
[2023-04-28T17:10:37.904Z]     [38/586] Building CXX object lib\mayaUsd\CMakeFiles\mayaUsd.dir\commands\editTargetCommand.cpp.obj
[2023-04-28T17:10:38.017Z]     [39/586] Building CXX object lib\mayaUsd\CMakeFiles\mayaUsd.dir\commands\baseExportCommand.cpp.obj
[2023-04-28T17:10:38.242Z]     [40/586] Building CXX object lib\mayaUsd\CMakeFiles\mayaUsd.dir\fileio\fallbackPrimReader.cpp.obj
[2023-04-28T17:10:38.383Z]     [41/586] Building CXX object lib\mayaUsd\CMakeFiles\mayaUsd.dir\fileio\shaderReaderRegistry.cpp.obj
[2023-04-28T17:10:38.513Z]     [42/586] Building CXX object lib\mayaUsd\CMakeFiles\mayaUsd.dir\fileio\shaderReader.cpp.obj
[2023-04-28T17:10:38.884Z]     [43/586] Building CXX object lib\mayaUsd\CMakeFiles\mayaUsd.dir\commands\baseListShadingModesCommand.cpp.obj
[2023-04-28T17:10:39.036Z]     [44/586] Building CXX object lib\mayaUsd\CMakeFiles\mayaUsd.dir\fileio\shaderWriterRegistry.cpp.obj
[2023-04-28T17:10:39.479Z]     [45/586] Building CXX object lib\mayaUsd\CMakeFiles\mayaUsd.dir\fileio\transformWriter.cpp.obj
[2023-04-28T17:10:39.703Z]     [46/586] Building CXX object lib\mayaUsd\CMakeFiles\mayaUsd.dir\fileio\writeJobContext.cpp.obj
[2023-04-28T17:10:40.833Z]     [47/586] Building CXX object lib\mayaUsd\CMakeFiles\mayaUsd.dir\fileio\jobContextRegistry.cpp.obj
[2023-04-28T17:10:43.285Z]     [48/586] Building CXX object lib\mayaUsd\CMakeFiles\mayaUsd.dir\fileio\importData.cpp.obj
[2023-04-28T17:10:43.285Z]     [49/586] Building CXX object lib\mayaUsd\CMakeFiles\mayaUsd.dir\fileio\primReaderArgs.cpp.obj
[2023-04-28T17:10:44.016Z]     [50/586] Building CXX object lib\mayaUsd\CMakeFiles\mayaUsd.dir\fileio\instancedNodeWriter.cpp.obj
[2023-04-28T17:10:44.360Z]     [51/586] Building CXX object lib\mayaUsd\CMakeFiles\mayaUsd.dir\fileio\functorPrimReader.cpp.obj
[2023-04-28T17:10:44.588Z]     [52/586] Building CXX object lib\mayaUsd\CMakeFiles\mayaUsd.dir\fileio\primWriterContext.cpp.obj
[2023-04-28T17:10:45.120Z]     [53/586] Building CXX object lib\mayaUsd\CMakeFiles\mayaUsd.dir\commands\layerEditorCommand.cpp.obj
[2023-04-28T17:10:45.349Z]     [54/586] Building CXX object lib\mayaUsd\CMakeFiles\mayaUsd.dir\fileio\primReader.cpp.obj
[2023-04-28T17:10:45.577Z]     [55/586] Building CXX object lib\mayaUsd\CMakeFiles\mayaUsd.dir\fileio\registryHelper.cpp.obj
[2023-04-28T17:10:45.577Z]     [56/586] Building CXX object lib\mayaUsd\CMakeFiles\mayaUsd.dir\fileio\primReaderContext.cpp.obj
[2023-04-28T17:10:46.506Z]     [57/586] Building CXX object lib\mayaUsd\CMakeFiles\mayaUsd.dir\fileio\chaser\exportChaser.cpp.obj
[2023-04-28T17:10:46.506Z]     [58/586] Building CXX object lib\mayaUsd\CMakeFiles\mayaUsd.dir\fileio\primWriterArgs.cpp.obj
[2023-04-28T17:10:46.506Z]     [59/586] Building CXX object lib\mayaUsd\CMakeFiles\mayaUsd.dir\fileio\primReaderRegistry.cpp.obj
[2023-04-28T17:10:46.840Z]     [60/586] Building CXX object lib\mayaUsd\CMakeFiles\mayaUsd.dir\fileio\schemaApiAdaptor.cpp.obj
[2023-04-28T17:10:46.969Z]     [61/586] Building CXX object lib\mayaUsd\CMakeFiles\mayaUsd.dir\fileio\functorPrimWriter.cpp.obj
[2023-04-28T17:10:47.308Z]     [62/586] Building CXX object lib\mayaUsd\CMakeFiles\mayaUsd.dir\fileio\primWriterRegistry.cpp.obj
[2023-04-28T17:10:47.530Z]     [63/586] Building CXX object lib\mayaUsd\CMakeFiles\mayaUsd.dir\fileio\schemaApiAdaptorRegistry.cpp.obj
[2023-04-28T17:10:47.954Z]     [64/586] Building CXX object lib\mayaUsd\CMakeFiles\mayaUsd.dir\fileio\primWriter.cpp.obj
[2023-04-28T17:10:50.209Z]     [65/586] Building CXX object lib\mayaUsd\CMakeFiles\mayaUsd.dir\fileio\chaser\importChaserRegistry.cpp.obj
[2023-04-28T17:10:50.750Z]     [66/586] Building CXX object lib\mayaUsd\CMakeFiles\mayaUsd.dir\fileio\chaser\importChaser.cpp.obj
[2023-04-28T17:10:50.965Z]     [67/586] Building CXX object lib\mayaUsd\CMakeFiles\mayaUsd.dir\fileio\chaser\exportChaserRegistry.cpp.obj
[2023-04-28T17:10:51.998Z]     [68/586] Building CXX object lib\mayaUsd\CMakeFiles\mayaUsd.dir\fileio\jobs\meshDataReadJob.cpp.obj
[2023-04-28T17:10:54.360Z]     [69/586] Building CXX object lib\mayaUsd\CMakeFiles\mayaUsd.dir\fileio\shading\shadingModeExporter.cpp.obj
[2023-04-28T17:10:54.619Z]     [70/586] Building CXX object lib\mayaUsd\CMakeFiles\mayaUsd.dir\fileio\shading\shadingModeDisplayColor.cpp.obj
[2023-04-28T17:10:54.964Z]     [71/586] Building CXX object lib\mayaUsd\CMakeFiles\mayaUsd.dir\fileio\shading\symmetricShaderReader.cpp.obj
[2023-04-28T17:10:55.421Z]     [72/586] Building CXX object lib\mayaUsd\CMakeFiles\mayaUsd.dir\fileio\shading\shadingModeImporter.cpp.obj
[2023-04-28T17:10:55.578Z]     [73/586] Building CXX object lib\mayaUsd\CMakeFiles\mayaUsd.dir\fileio\jobs\modelKindProcessor.cpp.obj
[2023-04-28T17:10:55.745Z]     [74/586] Building CXX object lib\mayaUsd\CMakeFiles\mayaUsd.dir\fileio\jobs\jobArgs.cpp.obj
[2023-04-28T17:10:56.086Z]     [75/586] Building CXX object lib\mayaUsd\CMakeFiles\mayaUsd.dir\fileio\shading\shadingModeRegistry.cpp.obj
[2023-04-28T17:10:56.612Z]     [76/586] Building CXX object lib\mayaUsd\CMakeFiles\mayaUsd.dir\fileio\shading\shadingModeExporterContext.cpp.obj
[2023-04-28T17:10:56.840Z]     [77/586] Building CXX object lib\mayaUsd\CMakeFiles\mayaUsd.dir\fileio\jobs\writeJob.cpp.obj
[2023-04-28T17:10:58.327Z]     [78/586] Building CXX object lib\mayaUsd\CMakeFiles\mayaUsd.dir\fileio\shading\shadingModeUseRegistry.cpp.obj
[2023-04-28T17:10:58.653Z]     [79/586] Building CXX object lib\mayaUsd\CMakeFiles\mayaUsd.dir\fileio\shading\symmetricShaderWriter.cpp.obj
[2023-04-28T17:10:59.182Z]     [80/586] Building CXX object lib\mayaUsd\CMakeFiles\mayaUsd.dir\fileio\translators\translatorCurves.cpp.obj
[2023-04-28T17:10:59.401Z]     [81/586] Building CXX object lib\mayaUsd\CMakeFiles\mayaUsd.dir\fileio\jobs\readJob.cpp.obj
[2023-04-28T17:10:59.622Z]     [82/586] Building CXX object lib\mayaUsd\CMakeFiles\mayaUsd.dir\fileio\translators\translatorGprim.cpp.obj
[2023-04-28T17:10:59.840Z]     [83/586] Building CXX object lib\mayaUsd\CMakeFiles\mayaUsd.dir\fileio\translators\translatorCamera.cpp.obj
[2023-04-28T17:11:00.059Z]     [84/586] Building CXX object lib\mayaUsd\CMakeFiles\mayaUsd.dir\fileio\shading\shadingModePxrRis.cpp.obj
[2023-04-28T17:11:04.081Z]     [85/586] Building CXX object lib\mayaUsd\CMakeFiles\mayaUsd.dir\fileio\translators\translatorMayaReference.cpp.obj
[2023-04-28T17:11:04.081Z]     [86/586] Building CXX object lib\mayaUsd\CMakeFiles\mayaUsd.dir\fileio\translators\skelBindingsProcessor.cpp.obj
[2023-04-28T17:11:04.754Z]     [87/586] Building CXX object lib\mayaUsd\CMakeFiles\mayaUsd.dir\fileio\translators\translatorRfMLight.cpp.obj
[2023-04-28T17:11:04.754Z]     [88/586] Building CXX object lib\mayaUsd\CMakeFiles\mayaUsd.dir\fileio\translators\translatorLight.cpp.obj
[2023-04-28T17:11:05.325Z]     [89/586] Building CXX object lib\mayaUsd\CMakeFiles\mayaUsd.dir\fileio\translators\translatorMesh.cpp.obj
[2023-04-28T17:11:05.778Z]     [90/586] Building CXX object lib\mayaUsd\CMakeFiles\mayaUsd.dir\fileio\translators\translatorMaterial.cpp.obj
[2023-04-28T17:11:05.778Z]     [91/586] Building CXX object lib\mayaUsd\CMakeFiles\mayaUsd.dir\fileio\translators\translatorNurbsPatch.cpp.obj
[2023-04-28T17:11:05.923Z]     [92/586] Building CXX object lib\mayaUsd\CMakeFiles\mayaUsd.dir\fileio\translators\translatorPrim.cpp.obj
[2023-04-28T17:11:05.923Z]     [93/586] Building CXX object lib\mayaUsd\CMakeFiles\mayaUsd.dir\fileio\translators\translatorRfMLight_deprecated.cpp.obj
[2023-04-28T17:11:06.246Z]     [94/586] Building CXX object lib\mayaUsd\CMakeFiles\mayaUsd.dir\fileio\translators\translatorSkel.cpp.obj
[2023-04-28T17:11:06.577Z]     [95/586] Building CXX object lib\mayaUsd\CMakeFiles\mayaUsd.dir\fileio\translators\translatorXformable_decompose.cpp.obj
[2023-04-28T17:11:06.577Z]     [96/586] Building CXX object lib\mayaUsd\CMakeFiles\mayaUsd.dir\fileio\utils\jointWriteUtils.cpp.obj
[2023-04-28T17:11:06.997Z]     [97/586] Building CXX object lib\mayaUsd\CMakeFiles\mayaUsd.dir\fileio\translators\translatorXformable.cpp.obj
[2023-04-28T17:11:07.419Z]     [98/586] Building CXX object lib\mayaUsd\CMakeFiles\mayaUsd.dir\fileio\translators\translatorUtil.cpp.obj
[2023-04-28T17:11:08.357Z]     [99/586] Building CXX object lib\mayaUsd\CMakeFiles\mayaUsd.dir\fileio\utils\adaptor.cpp.obj
[2023-04-28T17:11:09.184Z]     [100/586] Building CXX object lib\mayaUsd\CMakeFiles\mayaUsd.dir\listeners\notice.cpp.obj
[2023-04-28T17:11:09.702Z]     [101/586] Building CXX object lib\mayaUsd\CMakeFiles\mayaUsd.dir\fileio\utils\meshReadUtils.cpp.obj
[2023-04-28T17:11:12.060Z]     [102/586] Building CXX object lib\mayaUsd\CMakeFiles\mayaUsd.dir\fileio\utils\roundTripUtil.cpp.obj
[2023-04-28T17:11:12.531Z]     [103/586] Building CXX object lib\mayaUsd\CMakeFiles\mayaUsd.dir\listeners\proxyShapeNotice.cpp.obj
[2023-04-28T17:11:12.657Z]     [104/586] Building CXX object lib\mayaUsd\CMakeFiles\mayaUsd.dir\listeners\stageNoticeListener.cpp.obj
[2023-04-28T17:11:12.773Z]     [105/586] Building CXX object lib\mayaUsd\CMakeFiles\mayaUsd.dir\nodes\pointBasedDeformerNode.cpp.obj
[2023-04-28T17:11:13.010Z]     [106/586] Building CXX object lib\mayaUsd\CMakeFiles\mayaUsd.dir\fileio\utils\userTaggedAttribute.cpp.obj
[2023-04-28T17:11:13.440Z]     [107/586] Building CXX object lib\mayaUsd\CMakeFiles\mayaUsd.dir\nodes\hdImagingShape.cpp.obj
[2023-04-28T17:11:13.780Z]     [108/586] Building CXX object lib\mayaUsd\CMakeFiles\mayaUsd.dir\fileio\utils\xformStack.cpp.obj
[2023-04-28T17:11:13.895Z]     [109/586] Building CXX object lib\mayaUsd\CMakeFiles\mayaUsd.dir\nodes\proxyAccessor.cpp.obj
[2023-04-28T17:11:14.316Z]     [110/586] Building CXX object lib\mayaUsd\CMakeFiles\mayaUsd.dir\fileio\utils\readUtil.cpp.obj
[2023-04-28T17:11:14.548Z]     [111/586] Building CXX object lib\mayaUsd\CMakeFiles\mayaUsd.dir\fileio\utils\meshWriteUtils.cpp.obj
[2023-04-28T17:11:14.983Z]     [112/586] Building CXX object lib\mayaUsd\CMakeFiles\mayaUsd.dir\render\pxrUsdMayaGL\debugCodes.cpp.obj
[2023-04-28T17:11:15.308Z]     [113/586] Building CXX object lib\mayaUsd\CMakeFiles\mayaUsd.dir\render\px_vp20\glslProgram.cpp.obj
[2023-04-28T17:11:15.833Z]     [114/586] Building CXX object lib\mayaUsd\CMakeFiles\mayaUsd.dir\fileio\utils\shadingUtil.cpp.obj
[2023-04-28T17:11:16.356Z]     [115/586] Building CXX object lib\mayaUsd\CMakeFiles\mayaUsd.dir\fileio\utils\writeUtil.cpp.obj
[2023-04-28T17:11:16.575Z]     [116/586] Building CXX object lib\mayaUsd\CMakeFiles\mayaUsd.dir\python\moduleDeps.cpp.obj
[2023-04-28T17:11:17.308Z]     [117/586] Building CXX object lib\mayaUsd\CMakeFiles\mayaUsd.dir\nodes\usdPrimProvider.cpp.obj
[2023-04-28T17:11:17.533Z]     [118/586] Building CXX object lib\mayaUsd\CMakeFiles\mayaUsd.dir\nodes\proxyShapeStageExtraData.cpp.obj
[2023-04-28T17:11:17.767Z]     [119/586] Building CXX object lib\mayaUsd\CMakeFiles\mayaUsd.dir\render\px_vp20\utils_legacy.cpp.obj
[2023-04-28T17:11:17.990Z]     [120/586] Building CXX object lib\mayaUsd\CMakeFiles\mayaUsd.dir\render\px_vp20\utils.cpp.obj
[2023-04-28T17:11:18.315Z]     [121/586] Building CXX object lib\mayaUsd\CMakeFiles\mayaUsd.dir\render\pxrUsdMayaGL\softSelectHelper.cpp.obj
[2023-04-28T17:11:18.850Z]     [122/586] Building CXX object lib\mayaUsd\CMakeFiles\mayaUsd.dir\render\pxrUsdMayaGL\userData.cpp.obj
[2023-04-28T17:11:19.774Z]     [123/586] Building CXX object lib\mayaUsd\CMakeFiles\mayaUsd.dir\nodes\proxyShapePlugin.cpp.obj
[2023-04-28T17:11:20.403Z]     [124/586] Building CXX object lib\mayaUsd\CMakeFiles\mayaUsd.dir\nodes\stageData.cpp.obj
[2023-04-28T17:11:20.824Z]     [125/586] Building CXX object lib\mayaUsd\CMakeFiles\mayaUsd.dir\nodes\proxyShapeListenerBase.cpp.obj
[2023-04-28T17:11:20.941Z]     [126/586] Building CXX object lib\mayaUsd\CMakeFiles\mayaUsd.dir\nodes\proxyShapeBase.cpp.obj
[2023-04-28T17:11:21.264Z]     [127/586] Building CXX object lib\mayaUsd\CMakeFiles\mayaUsd.dir\render\vp2RenderDelegate\debugCodes.cpp.obj
[2023-04-28T17:11:21.481Z]     [128/586] Building CXX object lib\mayaUsd\CMakeFiles\mayaUsd.dir\nodes\stageNode.cpp.obj
[2023-04-28T17:11:21.800Z]     [129/586] Building CXX object lib\mayaUsd\CMakeFiles\mayaUsd.dir\render\vp2RenderDelegate\bboxGeom.cpp.obj
[2023-04-28T17:11:23.572Z]     [130/586] Building CXX object lib\mayaUsd\CMakeFiles\mayaUsd.dir\render\pxrUsdMayaGL\hdImagingShapeDrawOverride.cpp.obj
[2023-04-28T17:11:24.107Z]     [131/586] Building CXX object lib\mayaUsd\python\CMakeFiles\_mayaUsd.dir\wrapBlockSceneModificationContext.cpp.obj
[2023-04-28T17:11:24.107Z]     [132/586] Building CXX object lib\mayaUsd\CMakeFiles\mayaUsd.dir\render\pxrUsdMayaGL\batchRenderer.cpp.obj
[2023-04-28T17:11:24.328Z]     [133/586] Building CXX object lib\mayaUsd\CMakeFiles\mayaUsd.dir\render\pxrUsdMayaGL\proxyDrawOverride.cpp.obj
[2023-04-28T17:11:24.447Z]     [134/586] Building CXX object lib\mayaUsd\CMakeFiles\mayaUsd.dir\render\pxrUsdMayaGL\instancerShapeAdapter.cpp.obj
[2023-04-28T17:11:25.789Z]     [135/586] Building CXX object lib\mayaUsd\CMakeFiles\mayaUsd.dir\render\pxrUsdMayaGL\proxyShapeDelegate.cpp.obj
[2023-04-28T17:11:26.851Z]     [136/586] Building CXX object lib\mayaUsd\CMakeFiles\mayaUsd.dir\render\pxrUsdMayaGL\hdImagingShapeUI.cpp.obj
[2023-04-28T17:11:27.505Z]     [137/586] Building CXX object lib\mayaUsd\CMakeFiles\mayaUsd.dir\render\pxrUsdMayaGL\shapeAdapter.cpp.obj
[2023-04-28T17:11:27.505Z]     [138/586] Building CXX object lib\mayaUsd\CMakeFiles\mayaUsd.dir\utils\variants.cpp.obj
[2023-04-28T17:11:27.654Z]     [139/586] Building CXX object lib\mayaUsd\CMakeFiles\mayaUsd.dir\render\pxrUsdMayaGL\sceneDelegate.cpp.obj
[2023-04-28T17:11:27.780Z]     [140/586] Building CXX object lib\mayaUsd\python\CMakeFiles\_mayaUsd.dir\wrapColorSpace.cpp.obj
[2023-04-28T17:11:28.035Z]     [141/586] Building CXX object lib\mayaUsd\CMakeFiles\mayaUsd.dir\render\pxrUsdMayaGL\instancerImager.cpp.obj
[2023-04-28T17:11:28.162Z]     [142/586] Building CXX object lib\mayaUsd\CMakeFiles\mayaUsd.dir\render\vp2RenderDelegate\meshViewportCompute.cpp.obj
[2023-04-28T17:11:28.596Z]     [143/586] Building CXX object lib\mayaUsd\CMakeFiles\mayaUsd.dir\utils\utilSerialization.cpp.obj
[2023-04-28T17:11:28.720Z]     [144/586] Building CXX object lib\mayaUsd\CMakeFiles\mayaUsd.dir\render\pxrUsdMayaGL\proxyShapeUI.cpp.obj
[2023-04-28T17:11:29.050Z]     [145/586] Building CXX object lib\mayaUsd\python\CMakeFiles\_mayaUsd.dir\wrapConverter.cpp.obj
[2023-04-28T17:11:29.167Z]     [146/586] Building CXX object lib\mayaUsd\CMakeFiles\mayaUsd.dir\render\pxrUsdMayaGL\usdProxyShapeAdapter.cpp.obj
[2023-04-28T17:11:29.167Z]     [147/586] Building CXX object lib\mayaUsd\CMakeFiles\mayaUsd.dir\render\vp2RenderDelegate\shader.cpp.obj
[2023-04-28T17:11:29.795Z]     [148/586] Building CXX object lib\mayaUsd\CMakeFiles\mayaUsd.dir\undo\OpUndoItemRecorder.cpp.obj
[2023-04-28T17:11:30.113Z]     [149/586] Building CXX object lib\mayaUsd\CMakeFiles\mayaUsd.dir\render\vp2RenderDelegate\tokens.cpp.obj
[2023-04-28T17:11:30.541Z]     [150/586] Building CXX object lib\mayaUsd\CMakeFiles\mayaUsd.dir\render\vp2RenderDelegate\draw_item.cpp.obj
[2023-04-28T17:11:31.167Z]     [151/586] Building CXX object lib\mayaUsd\CMakeFiles\mayaUsd.dir\render\vp2RenderDelegate\instancer.cpp.obj
[2023-04-28T17:11:31.496Z]     [152/586] Building CXX object lib\mayaUsd\CMakeFiles\mayaUsd.dir\undo\OpUndoItemList.cpp.obj
[2023-04-28T17:11:31.818Z]     [153/586] Building CXX object lib\mayaUsd\CMakeFiles\mayaUsd.dir\undo\UsdUndoableItem.cpp.obj
[2023-04-28T17:11:31.938Z]     [154/586] Building CXX object lib\mayaUsd\CMakeFiles\mayaUsd.dir\render\vp2ShaderFragments\shaderFragments.cpp.obj
[2023-04-28T17:11:32.054Z]     [155/586] Building CXX object lib\mayaUsd\CMakeFiles\mayaUsd.dir\utils\blockSceneModificationContext.cpp.obj
[2023-04-28T17:11:32.269Z]     [156/586] Building CXX object lib\mayaUsd\CMakeFiles\mayaUsd.dir\render\vp2RenderDelegate\basisCurves.cpp.obj
[2023-04-28T17:11:32.487Z]     [157/586] Building CXX object lib\mayaUsd\CMakeFiles\mayaUsd.dir\utils\dynamicAttribute.cpp.obj
[2023-04-28T17:11:32.609Z]     [158/586] Building CXX object lib\mayaUsd\CMakeFiles\mayaUsd.dir\render\vp2RenderDelegate\render_param.cpp.obj
[2023-04-28T17:11:32.728Z]     [159/586] Building CXX object lib\mayaUsd\CMakeFiles\mayaUsd.dir\render\vp2RenderDelegate\sampler.cpp.obj
[2023-04-28T17:11:33.153Z]     [160/586] Building CXX object lib\mayaUsd\CMakeFiles\mayaUsd.dir\utils\colorSpace.cpp.obj
[2023-04-28T17:11:33.370Z]     [161/586] Building CXX object lib\mayaUsd\CMakeFiles\mayaUsd.dir\render\vp2RenderDelegate\extComputation.cpp.obj
[2023-04-28T17:11:34.613Z]     [162/586] Building CXX object lib\mayaUsd\CMakeFiles\mayaUsd.dir\utils\diagnosticDelegate.cpp.obj
[2023-04-28T17:11:35.877Z]     [163/586] Building CXX object lib\mayaUsd\CMakeFiles\mayaUsd.dir\render\vp2RenderDelegate\mayaPrimCommon.cpp.obj
[2023-04-28T17:11:36.922Z]     [164/586] Building CXX object lib\mayaUsd\CMakeFiles\mayaUsd.dir\render\vp2RenderDelegate\material.cpp.obj
[2023-04-28T17:11:37.045Z]     [165/586] Building CXX object lib\mayaUsd\CMakeFiles\mayaUsd.dir\render\vp2RenderDelegate\render_delegate.cpp.obj
[2023-04-28T17:11:37.691Z]     [166/586] Building CXX object lib\mayaUsd\CMakeFiles\mayaUsd.dir\utils\customLayerData.cpp.obj
[2023-04-28T17:11:38.676Z]     [167/586] Building CXX object lib\mayaUsd\CMakeFiles\mayaUsd.dir\undo\OpUndoItems.cpp.obj
[2023-04-28T17:11:38.676Z]     [168/586] Building CXX object lib\mayaUsd\CMakeFiles\mayaUsd.dir\undo\UsdUndoBlock.cpp.obj
[2023-04-28T17:11:38.799Z]     [169/586] Building CXX object lib\mayaUsd\CMakeFiles\mayaUsd.dir\undo\UsdUndoStateDelegate.cpp.obj
[2023-04-28T17:11:39.122Z]     [170/586] Building CXX object lib\mayaUsd\CMakeFiles\mayaUsd.dir\undo\UsdUndoManager.cpp.obj
[2023-04-28T17:11:39.442Z]     [171/586] Building CXX object lib\mayaUsd\CMakeFiles\mayaUsd.dir\utils\editRouterContext.cpp.obj
[2023-04-28T17:11:39.676Z]     [172/586] Building CXX object lib\mayaUsd\CMakeFiles\mayaUsd.dir\render\vp2RenderDelegate\mesh.cpp.obj
[2023-04-28T17:11:40.009Z]     [173/586] Building CXX object lib\mayaUsd\CMakeFiles\mayaUsd.dir\utils\converter.cpp.obj
[2023-04-28T17:11:40.130Z]     [174/586] Building CXX object lib\mayaUsd\CMakeFiles\mayaUsd.dir\utils\progressBarScope.cpp.obj
[2023-04-28T17:11:40.130Z]     [175/586] Building CXX object lib\mayaUsd\CMakeFiles\mayaUsd.dir\render\vp2RenderDelegate\points.cpp.obj
[2023-04-28T17:11:40.254Z]     [176/586] Building CXX object lib\mayaUsd\CMakeFiles\mayaUsd.dir\utils\editRouter.cpp.obj
[2023-04-28T17:11:40.483Z]     [177/586] Building CXX object lib\mayaUsd\CMakeFiles\mayaUsd.dir\render\vp2RenderDelegate\proxyRenderDelegate.cpp.obj
[2023-04-28T17:11:41.206Z]     [178/586] Building CXX object lib\mayaUsd\CMakeFiles\mayaUsd.dir\utils\plugRegistryHelper.cpp.obj
[2023-04-28T17:11:41.727Z]     [179/586] Building CXX object test\lib\usd\plugin\CMakeFiles\usdTestMayaPlugin.dir\plugin.cpp.obj
[2023-04-28T17:11:43.070Z]     [180/586] Building CXX object lib\mayaUsd\CMakeFiles\mayaUsd.dir\utils\loadRules.cpp.obj
[2023-04-28T17:11:43.592Z]     [181/586] Building CXX object test\lib\usd\plugin\CMakeFiles\usdTestInfoImportChaser.dir\plugin.cpp.obj
[2023-04-28T17:11:43.710Z]     [182/586] Building CXX object lib\mayaUsd\CMakeFiles\mayaUsd.dir\utils\layerMuting.cpp.obj
[2023-04-28T17:11:44.554Z]     [183/586] Building CXX object lib\mayaUsd\CMakeFiles\mayaUsd.dir\utils\traverseLayer.cpp.obj
[2023-04-28T17:11:44.554Z]     [184/586] Building CXX object lib\mayaUsd\CMakeFiles\mayaUsd.dir\utils\editability.cpp.obj
[2023-04-28T17:11:45.090Z]     [185/586] Building CXX object lib\mayaUsd\CMakeFiles\mayaUsd.dir\utils\selectability.cpp.obj
[2023-04-28T17:11:45.327Z]     [186/586] Building CXX object test\lib\usd\plugin\CMakeFiles\usdTestApiWriter.dir\plugin.cpp.obj
[2023-04-28T17:11:45.446Z]     [187/586] Building CXX object lib\mayaUsd\CMakeFiles\mayaUsd.dir\utils\layers.cpp.obj
[2023-04-28T17:11:45.674Z]     [188/586] Building CXX object lib\mayaUsd\CMakeFiles\mayaUsd.dir\utils\query.cpp.obj
[2023-04-28T17:11:45.913Z]     [189/586] Building CXX object lib\mayaUsd\CMakeFiles\mayaUsd.dir\utils\undoHelperCommand.cpp.obj
[2023-04-28T17:11:46.047Z]     [190/586] Building CXX object lib\mayaUsd\CMakeFiles\mayaUsd.dir\utils\loadRulesAttribute.cpp.obj
[2023-04-28T17:11:46.278Z]     [191/586] Building CXX object plugin\al\utils\AL\CMakeFiles\AL_EventSystem.dir\event\EventHandler.cpp.obj
[2023-04-28T17:11:46.278Z]     [192/586] Building CXX object lib\mayaUsd\CMakeFiles\mayaUsd.dir\utils\targetLayer.cpp.obj
[2023-04-28T17:11:46.396Z]     [193/586] Building CXX object lib\mayaUsd\CMakeFiles\mayaUsd.dir\utils\loadRulesText.cpp.obj
[2023-04-28T17:11:46.512Z]     [194/586] Building CXX object lib\mayaUsd\CMakeFiles\mayaUsd.dir\utils\utilDictionary.cpp.obj
[2023-04-28T17:11:46.634Z]     [195/586] Building CXX object lib\mayaUsd\CMakeFiles\mayaUsd.dir\utils\stageCache.cpp.obj
[2023-04-28T17:11:46.761Z]     [196/586] Building CXX object plugin\al\mayatest\AL\maya\test\CMakeFiles\AL_MayaTest.dir\testHarness.cpp.obj
[2023-04-28T17:11:46.896Z]     [197/586] Linking CXX shared library plugin\al\utils\AL\AL_EventSystem.dll
[2023-04-28T17:11:47.021Z]     [198/586] Building CXX object plugin\al\mayautils\AL\maya\CMakeFiles\AL_MayaUtils.dir\utils\Utils.cpp.obj
[2023-04-28T17:11:47.021Z]     [199/586] Building CXX object plugin\al\mayautils\AL\maya\CMakeFiles\AL_MayaUtils.dir\utils\FileTranslatorOptions.cpp.obj
[2023-04-28T17:11:47.238Z]     [200/586] Building CXX object plugin\al\mayautils\AL\maya\CMakeFiles\AL_MayaUtils.dir\utils\PluginTranslatorOptions.cpp.obj
[2023-04-28T17:11:47.238Z]     [201/586] Building CXX object plugin\al\mayatest\AL\maya\test\CMakeFiles\AL_MayaTest.dir\testHelpers.cpp.obj
[2023-04-28T17:11:47.459Z]     [202/586] Building CXX object plugin\al\mayautils\AL\maya\CMakeFiles\AL_MayaUtils.dir\utils\CommandGuiHelper.cpp.obj
[2023-04-28T17:11:47.679Z]     [203/586] Building CXX object plugin\al\mayautils\AL\maya\CMakeFiles\AL_MayaUtils.dir\utils\MenuBuilder.cpp.obj
[2023-04-28T17:11:47.679Z]     [204/586] Building CXX object plugin\al\mayautils\AL\maya\tests\mayaplugintest\CMakeFiles\AL_MayaUtilsTests.dir\plugin.cpp.obj
[2023-04-28T17:11:47.679Z]     [205/586] Building CXX object plugin\al\mayautils\AL\maya\CMakeFiles\AL_MayaUtils.dir\utils\NodeHelper.cpp.obj
[2023-04-28T17:11:47.796Z]     [206/586] Building CXX object plugin\al\mayautils\AL\maya\tests\mayaplugintest\CMakeFiles\AL_MayaUtilsTests.dir\utils\NodeHelperUnitTest.cpp.obj
[2023-04-28T17:11:48.015Z]     [207/586] Building CXX object plugin\al\mayautils\AL\maya\tests\mayaplugintest\CMakeFiles\AL_MayaUtilsTests.dir\utils\CommandGuiHelperTest.cpp.obj
[2023-04-28T17:11:48.135Z]     [208/586] Building CXX object plugin\al\mayautils\AL\maya\CMakeFiles\AL_MayaUtils.dir\event\MayaEventManager.cpp.obj
[2023-04-28T17:11:48.250Z]     [209/586] Linking CXX shared library plugin\al\mayatest\AL\maya\test\AL_MayaTest.dll
[2023-04-28T17:11:48.949Z]     [210/586] Building CXX object plugin\al\mayautils\AL\maya\tests\mayaplugintest\CMakeFiles\AL_MayaUtilsTests.dir\test_mobjectmap.cpp.obj
[2023-04-28T17:11:48.949Z]     [211/586] Building CXX object lib\mayaUsd\CMakeFiles\mayaUsd.dir\utils\utilFileSystem.cpp.obj
[2023-04-28T17:11:49.081Z]     [212/586] Building CXX object plugin\al\mayautils\AL\maya\tests\mayaplugintest\CMakeFiles\AL_MayaUtilsTests.dir\test_maya_NodeHelper.cpp.obj
[2023-04-28T17:11:49.399Z]     [213/586] Building CXX object plugin\al\mayautils\AL\maya\tests\mayaplugintest\CMakeFiles\AL_MayaUtilsTests.dir\test_maya_MenuBuilder.cpp.obj
[2023-04-28T17:11:49.614Z]     [214/586] Building CXX object plugin\al\mayautils\AL\maya\tests\mayaplugintest\CMakeFiles\AL_MayaUtilsTests.dir\utils\PluginTranslatorOptionsTest.cpp.obj
[2023-04-28T17:11:50.849Z]     [215/586] Building CXX object test\lib\usd\plugin\CMakeFiles\usdTestMayaPlugin.dir\mayaShaderTranslation.cpp.obj
[2023-04-28T17:11:51.480Z]     [216/586] Building CXX object lib\mayaUsd\CMakeFiles\mayaUsd.dir\utils\util.cpp.obj
[2023-04-28T17:11:51.695Z]     [217/586] Building CXX object plugin\al\usdtransaction\AL\usd\transaction\CMakeFiles\_AL_USDTransaction.dir\module.cpp.obj
[2023-04-28T17:11:52.421Z]     [218/586] Building CXX object test\lib\usd\plugin\CMakeFiles\usdTestInfoImportChaser.dir\infoImportChaser.cpp.obj
[2023-04-28T17:11:52.944Z]     [219/586] Building CXX object test\lib\usd\plugin\CMakeFiles\usdTestUsdPlugin.dir\mayaShaderTranslation.cpp.obj
[2023-04-28T17:11:53.374Z]     [220/586] Building CXX object plugin\al\usdtransaction\AL\usd\transaction\tests\CMakeFiles\AL_USDTransactionTests.dir\testMain.cpp.obj
[2023-04-28T17:11:53.595Z]     [221/586] Building CXX object test\lib\usd\plugin\CMakeFiles\usdTestApiWriter.dir\nullApiExporter.cpp.obj
[2023-04-28T17:11:55.044Z]     [222/586] Building CXX object plugin\al\usdtransaction\AL\usd\transaction\CMakeFiles\AL_USDTransaction.dir\Transaction.cpp.obj
[2023-04-28T17:11:55.216Z]     [223/586] Building CXX object plugin\al\usdtransaction\AL\usd\transaction\CMakeFiles\AL_USDTransaction.dir\Notice.cpp.obj
[2023-04-28T17:11:55.432Z]     [224/586] Building CXX object plugin\al\usdmayautils\AL\usdmaya\utils\CMakeFiles\AL_USDMayaUtils.dir\AttributeType.cpp.obj
[2023-04-28T17:11:55.550Z]     [225/586] Building CXX object plugin\al\usdtransaction\AL\usd\transaction\CMakeFiles\AL_USDTransaction.dir\TransactionManager.cpp.obj
[2023-04-28T17:11:55.879Z]     [226/586] Building CXX object plugin\al\usdmayautils\AL\usdmaya\utils\CMakeFiles\AL_USDMayaUtils.dir\Utils.cpp.obj
[2023-04-28T17:11:56.013Z]     [227/586] Building CXX object plugin\al\usdmayautils\AL\usdmaya\utils\CMakeFiles\AL_USDMayaUtils.dir\AnimationTranslator.cpp.obj
[2023-04-28T17:11:56.380Z]     [228/586] Building CXX object plugin\al\usdmayautils\AL\usdmaya\utils\CMakeFiles\AL_USDMayaUtils.dir\DiffPrimVar.cpp.obj
[2023-04-28T17:11:56.380Z]     [229/586] Linking CXX shared library plugin\al\usdtransaction\AL\usd\transaction\AL_USDTransaction.dll
[2023-04-28T17:11:56.496Z]     [230/586] Building CXX object plugin\al\lib\AL_USDMaya\CMakeFiles\AL_USDMaya.dir\AL\usdmaya\Metadata.cpp.obj
[2023-04-28T17:11:56.648Z]     [231/586] Building CXX object plugin\al\lib\AL_USDMaya\CMakeFiles\AL_USDMaya.dir\AL\usdmaya\DebugCodes.cpp.obj
[2023-04-28T17:11:56.763Z]     [232/586] Building CXX object plugin\al\lib\AL_USDMaya\CMakeFiles\AL_USDMaya.dir\AL\usdmaya\StageCache.cpp.obj
[2023-04-28T17:11:56.887Z]     [233/586] Building CXX object plugin\al\usdmayautils\AL\usdmaya\utils\CMakeFiles\AL_USDMayaUtils.dir\NurbsCurveUtils.cpp.obj
[2023-04-28T17:11:57.309Z]     [234/586] Building CXX object plugin\al\usdmayautils\AL\usdmaya\utils\CMakeFiles\AL_USDMayaUtils.dir\MeshUtils.cpp.obj
[2023-04-28T17:11:57.626Z]     [235/586] Building CXX object plugin\al\lib\AL_USDMaya\CMakeFiles\AL_USDMaya.dir\AL\usdmaya\cmds\DebugCommands.cpp.obj
[2023-04-28T17:11:58.149Z]     [236/586] Building CXX object plugin\al\usdtransaction\AL\usd\transaction\CMakeFiles\_AL_USDTransaction.dir\wrapNotice.cpp.obj
[2023-04-28T17:11:58.466Z]     [237/586] Building CXX object plugin\al\usdmayautils\AL\usdmaya\utils\CMakeFiles\AL_USDMayaUtils.dir\DgNodeHelper.cpp.obj
[2023-04-28T17:11:58.910Z]     [238/586] Building CXX object plugin\al\lib\AL_USDMaya\CMakeFiles\AL_USDMaya.dir\AL\usdmaya\moduleDeps.cpp.obj
[2023-04-28T17:11:59.128Z]     [239/586] Building CXX object plugin\al\lib\AL_USDMaya\CMakeFiles\AL_USDMaya.dir\AL\usdmaya\cmds\EventCommand.cpp.obj
[2023-04-28T17:11:59.345Z]     [240/586] Building CXX object plugin\al\usdtransaction\AL\usd\transaction\tests\CMakeFiles\AL_USDTransactionTests.dir\testTransactionManager.cpp.obj
[2023-04-28T17:11:59.560Z]     [241/586] Building CXX object plugin\al\lib\AL_USDMaya\CMakeFiles\AL_USDMaya.dir\AL\usdmaya\cmds\RendererCommands.cpp.obj
[2023-04-28T17:11:59.689Z]     [242/586] Building CXX object plugin\al\lib\AL_USDMaya\CMakeFiles\AL_USDMaya.dir\AL\usdmaya\cmds\SyncFileIOGui.cpp.obj
[2023-04-28T17:11:59.933Z]     [243/586] Building CXX object plugin\al\usdtransaction\AL\usd\transaction\CMakeFiles\_AL_USDTransaction.dir\wrapTransaction.cpp.obj
[2023-04-28T17:12:00.158Z]     [244/586] Building CXX object plugin\al\usdtransaction\AL\usd\transaction\CMakeFiles\_AL_USDTransaction.dir\wrapTransactionManager.cpp.obj
[2023-04-28T17:12:00.380Z]     [245/586] Building CXX object plugin\al\usdtransaction\AL\usd\transaction\tests\CMakeFiles\AL_USDTransactionTests.dir\testTransaction.cpp.obj
[2023-04-28T17:12:00.699Z]     [246/586] Linking CXX shared library plugin\al\usdtransaction\AL\usd\transaction\_AL_USDTransaction.pyd
[2023-04-28T17:12:00.914Z]     [247/586] Linking CXX executable plugin\al\usdtransaction\AL\usd\transaction\tests\AL_USDTransactionTests.exe
[2023-04-28T17:12:02.953Z]     [248/586] Building CXX object plugin\al\lib\AL_USDMaya\CMakeFiles\AL_USDMaya.dir\AL\usdmaya\TransformOperation.cpp.obj
[2023-04-28T17:12:03.984Z]     [249/586] Building CXX object plugin\al\lib\AL_USDMaya\CMakeFiles\AL_USDMaya.dir\AL\usdmaya\Global.cpp.obj
[2023-04-28T17:12:05.236Z]     [250/586] Building CXX object plugin\al\lib\AL_USDMaya\CMakeFiles\AL_USDMaya.dir\AL\usdmaya\cmds\CreateUsdPrim.cpp.obj
[2023-04-28T17:12:05.236Z]     [251/586] Building CXX object plugin\al\lib\AL_USDMaya\CMakeFiles\AL_USDMaya.dir\AL\usdmaya\cmds\ListTranslators.cpp.obj
[2023-04-28T17:12:05.866Z]     [252/586] Building CXX object plugin\al\lib\AL_USDMaya\CMakeFiles\AL_USDMaya.dir\AL\usdmaya\fileio\ImportTranslator.cpp.obj
[2023-04-28T17:12:06.503Z]     [253/586] Building CXX object plugin\al\lib\AL_USDMaya\CMakeFiles\AL_USDMaya.dir\AL\usdmaya\cmds\UnloadPrim.cpp.obj
[2023-04-28T17:12:06.628Z]     [254/586] Building CXX object plugin\al\lib\AL_USDMaya\CMakeFiles\AL_USDMaya.dir\AL\usdmaya\cmds\ProxyShapePostLoadProcess.cpp.obj
[2023-04-28T17:12:06.628Z]     [255/586] Building CXX object plugin\al\lib\AL_USDMaya\CMakeFiles\AL_USDMaya.dir\AL\usdmaya\fileio\AnimationTranslator.cpp.obj
[2023-04-28T17:12:06.748Z]     [256/586] Building CXX object plugin\al\lib\AL_USDMaya\CMakeFiles\AL_USDMaya.dir\AL\usdmaya\fileio\Import.cpp.obj
[2023-04-28T17:12:07.074Z]     [257/586] Building CXX object plugin\al\lib\AL_USDMaya\CMakeFiles\AL_USDMaya.dir\AL\usdmaya\cmds\LayerCommands.cpp.obj
[2023-04-28T17:12:08.129Z]     [258/586] Building CXX object plugin\al\lib\AL_USDMaya\CMakeFiles\AL_USDMaya.dir\AL\usdmaya\fileio\ExportTranslator.cpp.obj
[2023-04-28T17:12:08.346Z]     [259/586] Building CXX object plugin\al\lib\AL_USDMaya\CMakeFiles\AL_USDMaya.dir\AL\usdmaya\cmds\ProxyShapeCommands.cpp.obj
[2023-04-28T17:12:08.673Z]     [260/586] Building CXX object plugin\al\lib\AL_USDMaya\CMakeFiles\AL_USDMaya.dir\AL\usdmaya\fileio\NodeFactory.cpp.obj
[2023-04-28T17:12:08.794Z]     [261/586] Building CXX object plugin\al\lib\AL_USDMaya\CMakeFiles\AL_USDMaya.dir\AL\usdmaya\fileio\translators\DgNodeTranslator.cpp.obj
[2023-04-28T17:12:09.011Z]     [262/586] Building CXX object plugin\al\lib\AL_USDMaya\CMakeFiles\AL_USDMaya.dir\AL\usdmaya\fileio\Export.cpp.obj
[2023-04-28T17:12:09.945Z]     [263/586] Building CXX object plugin\al\lib\AL_USDMaya\CMakeFiles\AL_USDMaya.dir\AL\usdmaya\nodes\Layer.cpp.obj
[2023-04-28T17:12:10.264Z]     [264/586] Building CXX object plugin\al\lib\AL_USDMaya\CMakeFiles\AL_USDMaya.dir\AL\usdmaya\fileio\translators\TransformTranslator.cpp.obj
[2023-04-28T17:12:11.498Z]     [265/586] Building CXX object plugin\al\lib\AL_USDMaya\CMakeFiles\AL_USDMaya.dir\AL\usdmaya\fileio\translators\DagNodeTranslator.cpp.obj
[2023-04-28T17:12:12.027Z]     [266/586] Building CXX object plugin\al\lib\AL_USDMaya\CMakeFiles\AL_USDMaya.dir\AL\usdmaya\fileio\TransformIterator.cpp.obj
[2023-04-28T17:12:12.243Z]     [267/586] Building CXX object plugin\al\lib\AL_USDMaya\CMakeFiles\AL_USDMaya.dir\AL\usdmaya\fileio\SchemaPrims.cpp.obj
[2023-04-28T17:12:12.672Z]     [268/586] Building CXX object plugin\al\lib\AL_USDMaya\CMakeFiles\AL_USDMaya.dir\AL\usdmaya\fileio\translators\ExtraDataPlugin.cpp.obj
[2023-04-28T17:12:12.891Z]     [269/586] Building CXX object plugin\al\lib\AL_USDMaya\CMakeFiles\AL_USDMaya.dir\AL\usdmaya\fileio\translators\TranslatorTestType.cpp.obj
[2023-04-28T17:12:13.412Z]     [270/586] Building CXX object plugin\al\lib\AL_USDMaya\CMakeFiles\AL_USDMaya.dir\AL\usdmaya\fileio\translators\TranslatorContext.cpp.obj
[2023-04-28T17:12:14.966Z]     [271/586] Building CXX object plugin\al\lib\AL_USDMaya\CMakeFiles\AL_USDMaya.dir\AL\usdmaya\fileio\translators\TestExtraDataPlugin.cpp.obj
[2023-04-28T17:12:14.966Z]     [272/586] Building CXX object plugin\al\lib\AL_USDMaya\CMakeFiles\AL_USDMaya.dir\AL\usdmaya\fileio\translators\TranslatorTestPlugin.cpp.obj
[2023-04-28T17:12:15.519Z]     [273/586] Building CXX object plugin\al\lib\AL_USDMaya\CMakeFiles\AL_USDMaya.dir\AL\usdmaya\fileio\translators\TranslatorBase.cpp.obj
[2023-04-28T17:12:15.636Z]     [274/586] Building CXX object plugin\al\lib\AL_USDMaya\CMakeFiles\AL_USDMaya.dir\AL\usdmaya\nodes\LayerManager.cpp.obj
[2023-04-28T17:12:15.958Z]     [275/586] Building CXX object plugin\al\lib\AL_USDMaya\CMakeFiles\AL_USDMaya.dir\AL\usdmaya\nodes\MeshAnimDeformer.cpp.obj
[2023-04-28T17:12:16.177Z]     [276/586] Building CXX object plugin\al\lib\AL_USDMaya\CMakeFiles\_AL_USDMaya.dir\AL\usdmaya\module.cpp.obj
[2023-04-28T17:12:17.310Z]     [277/586] Building CXX object plugin\al\lib\AL_USDMaya\CMakeFiles\AL_USDMaya.dir\AL\usdmaya\nodes\MeshAnimCreator.cpp.obj
[2023-04-28T17:12:17.830Z]     [278/586] Building CXX object plugin\al\lib\AL_USDMaya\CMakeFiles\AL_USDMaya.dir\AL\usdmaya\nodes\ProxyShapeSelection.cpp.obj
[2023-04-28T17:12:18.255Z]     [279/586] Building CXX object plugin\al\lib\AL_USDMaya\CMakeFiles\AL_USDMaya.dir\AL\usdmaya\nodes\Transform.cpp.obj
[2023-04-28T17:12:18.994Z]     [280/586] Building CXX object plugin\al\lib\AL_USDMaya\CMakeFiles\AL_USDMaya.dir\AL\usdmaya\nodes\ProxyUsdGeomCamera.cpp.obj
[2023-04-28T17:12:19.110Z]     [281/586] Building CXX object plugin\al\lib\AL_USDMaya\CMakeFiles\AL_USDMaya.dir\AL\usdmaya\nodes\Engine.cpp.obj
[2023-04-28T17:12:19.739Z]     [282/586] Building CXX object plugin\al\lib\AL_USDMaya\CMakeFiles\AL_USDMaya.dir\AL\usdmaya\nodes\proxy\ProxyShapeMetaData.cpp.obj
[2023-04-28T17:12:19.862Z]     [283/586] Building CXX object plugin\al\lib\AL_USDMaya\CMakeFiles\AL_USDMaya.dir\AL\usdmaya\nodes\Scope.cpp.obj
[2023-04-28T17:12:20.800Z]     [284/586] Building CXX object plugin\al\lib\AL_USDMaya\CMakeFiles\AL_USDMaya.dir\AL\usdmaya\nodes\RendererManager.cpp.obj
[2023-04-28T17:12:21.017Z]     [285/586] Building CXX object plugin\al\lib\AL_USDMaya\CMakeFiles\AL_USDMaya.dir\AL\usdmaya\nodes\TransformationMatrix.cpp.obj
[2023-04-28T17:12:21.444Z]     [286/586] Building CXX object plugin\al\lib\AL_USDMaya\CMakeFiles\_AL_USDMaya.dir\AL\usdmaya\wrapStageCache.cpp.obj
[2023-04-28T17:12:21.965Z]     [287/586] Building CXX object plugin\al\lib\AL_USDMaya\CMakeFiles\AL_USDMaya.dir\AL\usdmaya\nodes\proxy\PrimFilter.cpp.obj
[2023-04-28T17:12:22.592Z]     [288/586] Building CXX object plugin\al\plugin\AL_USDMayaTestPlugin\CMakeFiles\AL_USDMayaTestPlugin.dir\AL\maya\test_EventHandler.cpp.obj
[2023-04-28T17:12:22.719Z]     [289/586] Building CXX object plugin\al\lib\AL_USDMaya\CMakeFiles\AL_USDMaya.dir\AL\usdmaya\nodes\BasicTransformationMatrix.cpp.obj
[2023-04-28T17:12:23.850Z]     [290/586] Building CXX object plugin\al\lib\AL_USDMaya\CMakeFiles\AL_USDMaya.dir\AL\usdmaya\nodes\proxy\ProxyShapeVariantFallbacks.cpp.obj
[2023-04-28T17:12:24.477Z]     [291/586] Building CXX object plugin\al\lib\AL_USDMaya\CMakeFiles\AL_USDMaya.dir\AL\usdmaya\nodes\ProxyShape.cpp.obj
[2023-04-28T17:12:25.208Z]     [292/586] Building CXX object plugin\al\lib\AL_USDMaya\CMakeFiles\_AL_USDMaya.dir\AL\usdmaya\nodes\wrapLayerManager.cpp.obj
[2023-04-28T17:12:27.050Z]     [293/586] Building CXX object plugin\al\lib\AL_USDMaya\CMakeFiles\_AL_USDMaya.dir\AL\usdmaya\nodes\wrapProxyShape.cpp.obj
[2023-04-28T17:12:27.794Z]     [294/586] Building CXX object plugin\al\plugin\AL_USDMayaTestPlugin\CMakeFiles\AL_USDMayaTestPlugin.dir\AL\maya\test_MatrixToSRT.cpp.obj
[2023-04-28T17:12:27.794Z]     [295/586] Building CXX object plugin\al\plugin\AL_USDMayaTestPlugin\CMakeFiles\AL_USDMayaTestPlugin.dir\AL\maya\test_MayaEventManager.cpp.obj
[2023-04-28T17:12:28.545Z]     [296/586] Building CXX object plugin\al\lib\AL_USDMaya\CMakeFiles\_AL_USDMaya.dir\AL\usdmaya\fileio\translators\wrapTranslatorContext.cpp.obj
[2023-04-28T17:12:28.660Z]     [297/586] Building CXX object plugin\al\plugin\AL_USDMayaTestPlugin\CMakeFiles\AL_USDMayaTestPlugin.dir\AL\usdmaya\commands\test_LayerCommands.cpp.obj
[2023-04-28T17:12:28.781Z]     [298/586] Building CXX object plugin\al\plugin\AL_USDMayaPlugin\CMakeFiles\AL_USDMayaPlugin.dir\plugin.cpp.obj
[2023-04-28T17:12:28.781Z]     [299/586] Building CXX object lib\mayaUsd\python\CMakeFiles\_mayaUsd.dir\module.cpp.obj
[2023-04-28T17:12:29.102Z]     [300/586] Building CXX object plugin\al\plugin\AL_USDMayaTestPlugin\CMakeFiles\AL_USDMayaTestPlugin.dir\AL\usdmaya\commands\test_ExportCommands.cpp.obj
[2023-04-28T17:12:30.461Z]     [301/586] Building CXX object plugin\al\lib\AL_USDMaya\CMakeFiles\_AL_USDMaya.dir\AL\usdmaya\fileio\translators\wrapTranslatorBase.cpp.obj
[2023-04-28T17:12:30.679Z]     [302/586] Building CXX object plugin\al\plugin\AL_USDMayaTestPlugin\CMakeFiles\AL_USDMayaTestPlugin.dir\plugin.cpp.obj
[2023-04-28T17:12:31.711Z]     [303/586] Building CXX object plugin\al\plugin\AL_USDMayaTestPlugin\CMakeFiles\AL_USDMayaTestPlugin.dir\AL\usdmaya\fileio\export_misc.cpp.obj
[2023-04-28T17:12:31.940Z]     [304/586] Building CXX object plugin\al\plugin\AL_USDMayaTestPlugin\CMakeFiles\AL_USDMayaTestPlugin.dir\AL\usdmaya\fileio\export_blendshape.cpp.obj
[2023-04-28T17:12:32.163Z]     [305/586] Building CXX object plugin\al\plugin\AL_USDMayaTestPlugin\CMakeFiles\AL_USDMayaTestPlugin.dir\AL\usdmaya\commands\test_TranslateCommand.cpp.obj
[2023-04-28T17:12:32.163Z]     [306/586] Building CXX object lib\mayaUsd\python\CMakeFiles\_mayaUsd.dir\wrapOpUndoItem.cpp.obj
[2023-04-28T17:12:32.694Z]     [307/586] Building CXX object plugin\al\plugin\AL_USDMayaTestPlugin\CMakeFiles\AL_USDMayaTestPlugin.dir\AL\usdmaya\commands\test_LayerManagerCommands.cpp.obj
[2023-04-28T17:12:32.915Z]     [308/586] Building CXX object lib\mayaUsd\python\CMakeFiles\_mayaUsd.dir\pythonObjectRegistry.cpp.obj
[2023-04-28T17:12:33.947Z]     [309/586] Building CXX object plugin\al\plugin\AL_USDMayaTestPlugin\CMakeFiles\AL_USDMayaTestPlugin.dir\AL\usdmaya\fileio\export_constraints.cpp.obj
[2023-04-28T17:12:34.579Z]     [310/586] Building CXX object lib\mayaUsd\python\CMakeFiles\_mayaUsd.dir\wrapQuery.cpp.obj
[2023-04-28T17:12:34.579Z]     [311/586] Building CXX object plugin\al\plugin\AL_USDMayaTestPlugin\CMakeFiles\AL_USDMayaTestPlugin.dir\AL\usdmaya\commands\test_ProxyShapeImport.cpp.obj
[2023-04-28T17:12:35.522Z]     [312/586] Building CXX object plugin\al\plugin\AL_USDMayaTestPlugin\CMakeFiles\AL_USDMayaTestPlugin.dir\AL\usdmaya\fileio\export_ik.cpp.obj
[2023-04-28T17:12:35.640Z]     [313/586] Building CXX object lib\mayaUsd\python\CMakeFiles\_mayaUsd.dir\wrapSparseValueWriter.cpp.obj
[2023-04-28T17:12:35.865Z]     [314/586] Building CXX object lib\mayaUsd\python\CMakeFiles\_mayaUsd.dir\wrapEditRouter.cpp.obj
[2023-04-28T17:12:35.987Z]     [315/586] Building CXX object lib\mayaUsd\python\CMakeFiles\_mayaUsd.dir\wrapDiagnosticDelegate.cpp.obj
[2023-04-28T17:12:36.310Z]     [316/586] Building CXX object lib\mayaUsd\python\CMakeFiles\_mayaUsd.dir\wrapTokens.cpp.obj
[2023-04-28T17:12:36.734Z]     [317/586] Building CXX object plugin\al\plugin\AL_USDMayaTestPlugin\CMakeFiles\AL_USDMayaTestPlugin.dir\AL\usdmaya\fileio\export_import_instancing.cpp.obj
[2023-04-28T17:12:37.263Z]     [318/586] Building CXX object lib\mayaUsd\python\CMakeFiles\_mayaUsd.dir\wrapAdaptor.cpp.obj
[2023-04-28T17:12:38.097Z]     [319/586] Building CXX object lib\mayaUsd\python\CMakeFiles\_mayaUsd.dir\wrapUsdUndoManager.cpp.obj
[2023-04-28T17:12:39.339Z]     [320/586] Building CXX object lib\mayaUsd\python\CMakeFiles\_mayaUsd.dir\wrapMeshWriteUtils.cpp.obj
[2023-04-28T17:12:39.863Z]     [321/586] Building CXX object lib\mayaUsd\python\CMakeFiles\_mayaUsd.dir\wrapStageCache.cpp.obj
[2023-04-28T17:12:40.491Z]     [322/586] Building CXX object lib\mayaUsd\python\CMakeFiles\_mayaUsd.dir\wrapRoundTripUtil.cpp.obj
[2023-04-28T17:12:40.609Z]     [323/586] Building CXX object lib\mayaUsd\python\CMakeFiles\_mayaUsd.dir\wrapReadUtil.cpp.obj
[2023-04-28T17:12:40.724Z]     [324/586] Building CXX object lib\mayaUsd\python\CMakeFiles\_mayaUsd.dir\wrapTranslatorUtil.cpp.obj
[2023-04-28T17:12:41.851Z]     [325/586] Building CXX object lib\mayaUsd\python\CMakeFiles\_mayaUsd.dir\wrapOpenMaya.cpp.obj
[2023-04-28T17:12:42.206Z]     [326/586] Building CXX object lib\mayaUsd\python\CMakeFiles\_mayaUsd.dir\wrapUtil.cpp.obj
[2023-04-28T17:12:42.736Z]     [327/586] Building CXX object lib\mayaUsd\python\CMakeFiles\_mayaUsd.dir\wrapXformStack.cpp.obj
[2023-04-28T17:12:42.736Z]     [328/586] Building CXX object lib\mayaUsd\python\CMakeFiles\_mayaUsd.dir\wrapWriteUtil.cpp.obj
[2023-04-28T17:12:42.959Z]     [329/586] Building CXX object lib\mayaUsd\python\CMakeFiles\_mayaUsd.dir\wrapUserTaggedAttribute.cpp.obj
[2023-04-28T17:12:43.491Z]     [330/586] Building CXX object lib\usd\pxrUsdPreviewSurface\CMakeFiles\basePxrUsdPreviewSurface.dir\cpvColor.cpp.obj
[2023-04-28T17:12:43.636Z]     [331/586] Building CXX object lib\mayaUsd\python\CMakeFiles\_mayaUsd.dir\wrapJobContextRegistry.cpp.obj
[2023-04-28T17:12:43.957Z]     [332/586] Building CXX object lib\mayaUsd\python\CMakeFiles\_mayaUsd.dir\wrapImportChaser.cpp.obj
[2023-04-28T17:12:44.180Z]     [333/586] Building CXX object lib\mayaUsd\python\CMakeFiles\_mayaUsd.dir\wrapShadingUtil.cpp.obj
[2023-04-28T17:12:44.822Z]     [334/586] Building CXX object lib\usd\pxrUsdPreviewSurface\CMakeFiles\basePxrUsdPreviewSurface.dir\usdPreviewSurfaceShadingNodeOverride.cpp.obj
[2023-04-28T17:12:45.162Z]     [335/586] Building CXX object lib\mayaUsd\python\CMakeFiles\_mayaUsd.dir\wrapSchemaApiAdaptor.cpp.obj
[2023-04-28T17:12:46.811Z]     [336/586] Building CXX object lib\mayaUsd\python\CMakeFiles\_mayaUsd.dir\wrapPrimReader.cpp.obj
[2023-04-28T17:12:47.242Z]     [337/586] Building CXX object lib\usd\pxrUsdPreviewSurface\CMakeFiles\basePxrUsdPreviewSurface.dir\usdPreviewSurface.cpp.obj
[2023-04-28T17:12:49.284Z]     [338/586] Building CXX object lib\usd\translators\CMakeFiles\mayaUsd_Translators.dir\cameraWriter.cpp.obj
[2023-04-28T17:12:49.284Z]     [339/586] Building CXX object lib\mayaUsd\python\CMakeFiles\_mayaUsd.dir\wrapShadingMode.cpp.obj
[2023-04-28T17:12:49.446Z]     [340/586] Building CXX object lib\usd\translators\CMakeFiles\mayaUsd_Translators.dir\lightRfMWriter.cpp.obj
[2023-04-28T17:12:49.808Z]     [341/586] Building CXX object lib\mayaUsd\python\CMakeFiles\_mayaUsd.dir\wrapExportChaser.cpp.obj
[2023-04-28T17:12:49.809Z]     [342/586] Building CXX object lib\usd\translators\CMakeFiles\mayaUsd_Translators.dir\lightRfMReader.cpp.obj
[2023-04-28T17:12:50.347Z]     [343/586] Building CXX object lib\usd\translators\CMakeFiles\mayaUsd_Translators.dir\instancerWriter.cpp.obj
[2023-04-28T17:12:50.465Z]     [344/586] Building CXX object lib\usd\translators\CMakeFiles\mayaUsd_Translators.dir\cameraReader.cpp.obj
[2023-04-28T17:12:50.790Z]     [345/586] Building CXX object lib\usd\translators\CMakeFiles\mayaUsd_Translators.dir\jointWriter.cpp.obj
[2023-04-28T17:12:50.790Z]     [346/586] Building CXX object lib\mayaUsd\python\CMakeFiles\_mayaUsd.dir\wrapPrimWriter.cpp.obj
[2023-04-28T17:12:51.318Z]     [347/586] Building CXX object lib\usd\translators\CMakeFiles\mayaUsd_Translators.dir\lightReader.cpp.obj
[2023-04-28T17:12:51.318Z]     [348/586] Building CXX object lib\usd\pxrUsdPreviewSurface\CMakeFiles\basePxrUsdPreviewSurface.dir\usdPreviewSurfaceReader.cpp.obj
[2023-04-28T17:12:51.436Z]     [349/586] Building CXX object lib\usd\pxrUsdPreviewSurface\CMakeFiles\basePxrUsdPreviewSurface.dir\usdPreviewSurfaceWriter.cpp.obj
[2023-04-28T17:12:51.856Z]     [350/586] Building CXX object lib\usd\translators\CMakeFiles\mayaUsd_Translators.dir\plugin.cpp.obj
[2023-04-28T17:12:53.596Z]     [351/586] Building CXX object lib\usd\pxrUsdPreviewSurface\CMakeFiles\basePxrUsdPreviewSurface.dir\usdPreviewSurfacePlugin.cpp.obj
[2023-04-28T17:12:53.940Z]     [352/586] Building CXX object lib\usd\translators\CMakeFiles\mayaUsd_Translators.dir\lightWriter.cpp.obj
[2023-04-28T17:12:55.580Z]     [353/586] Building CXX object lib\usd\translators\CMakeFiles\mayaUsd_Translators.dir\locatorWriter.cpp.obj
[2023-04-28T17:12:56.004Z]     [354/586] Building CXX object lib\usd\translators\CMakeFiles\mayaUsd_Translators.dir\mayaReferenceReader.cpp.obj
[2023-04-28T17:12:56.943Z]     [355/586] Building CXX object lib\usd\translators\CMakeFiles\mayaUsd_Translators.dir\xformReader.cpp.obj
[2023-04-28T17:12:57.164Z]     [356/586] Building CXX object lib\usd\translators\CMakeFiles\mayaUsd_Translators.dir\nurbsCurvesReader.cpp.obj
[2023-04-28T17:12:57.487Z]     [357/586] Building CXX object lib\usd\translators\CMakeFiles\mayaUsd_Translators.dir\materialReader.cpp.obj
[2023-04-28T17:12:57.605Z]     [358/586] Building CXX object lib\usd\translators\CMakeFiles\mayaUsd_Translators.dir\nurbsPatchReader.cpp.obj
[2023-04-28T17:12:57.739Z]     [359/586] Building CXX object lib\usd\translators\CMakeFiles\mayaUsd_Translators.dir\shading\shadingTokens.cpp.obj
[2023-04-28T17:12:57.890Z]     [360/586] Building CXX object lib\usd\translators\CMakeFiles\mayaUsd_Translators.dir\meshReader.cpp.obj
[2023-04-28T17:12:58.077Z]     [361/586] Building CXX object lib\usd\translators\CMakeFiles\mayaUsd_Translators.dir\scopeReader.cpp.obj
[2023-04-28T17:12:58.657Z]     [362/586] Building CXX object lib\usd\translators\CMakeFiles\mayaUsd_Translators.dir\meshWriter.cpp.obj
[2023-04-28T17:12:58.808Z]     [363/586] Building CXX object lib\usd\translators\CMakeFiles\mayaUsd_Translators.dir\nurbsCurveWriter.cpp.obj
[2023-04-28T17:12:59.239Z]     [364/586] Building CXX object lib\usd\translators\CMakeFiles\mayaUsd_Translators.dir\skelReader.cpp.obj
[2023-04-28T17:12:59.368Z]     [365/586] Building CXX object lib\usd\translators\CMakeFiles\mayaUsd_Translators.dir\nurbsSurfaceWriter.cpp.obj
[2023-04-28T17:13:00.597Z]     [366/586] Building CXX object lib\usd\translators\CMakeFiles\mayaUsd_Translators.dir\strokeWriter.cpp.obj
[2023-04-28T17:13:00.819Z]     [367/586] Building CXX object lib\usd\translators\CMakeFiles\mayaUsd_Translators.dir\meshWriter_BlendShapes.cpp.obj
[2023-04-28T17:13:02.763Z]     [368/586] Building CXX object lib\usd\translators\CMakeFiles\mayaUsd_Translators.dir\shading\usdDisplacementShaderWriter.cpp.obj
[2023-04-28T17:13:03.286Z]     [369/586] Building CXX object lib\usd\translators\CMakeFiles\mayaUsd_Translators.dir\particleWriter.cpp.obj
[2023-04-28T17:13:05.040Z]     [370/586] Building CXX object lib\usd\translators\CMakeFiles\mayaUsd_Translators.dir\shading\usdLambertWriter.cpp.obj
[2023-04-28T17:13:05.199Z]     [371/586] Building CXX object lib\usd\translators\CMakeFiles\mayaUsd_Translators.dir\shading\usdPhongWriter.cpp.obj
[2023-04-28T17:13:05.327Z]     [372/586] Building CXX object lib\usd\translators\CMakeFiles\mayaUsd_Translators.dir\shading\usdBlinnReader.cpp.obj
[2023-04-28T17:13:05.327Z]     [373/586] Building CXX object lib\usd\translators\CMakeFiles\mayaUsd_Translators.dir\shading\usdBlinnWriter.cpp.obj
[2023-04-28T17:13:05.470Z]     [374/586] Building CXX object lib\usd\translators\CMakeFiles\mayaUsd_Translators.dir\shading\usdMaterialReader.cpp.obj
[2023-04-28T17:13:06.007Z]     [375/586] Building CXX object lib\usd\schemas\CMakeFiles\_schemas.dir\module.cpp.obj
[2023-04-28T17:13:06.127Z]     [376/586] Building CXX object lib\usd\translators\CMakeFiles\mayaUsd_Translators.dir\shading\usdPhongReader.cpp.obj
[2023-04-28T17:13:06.127Z]     [377/586] Building CXX object lib\usd\translators\CMakeFiles\mayaUsd_Translators.dir\shading\usdLambertReader.cpp.obj
[2023-04-28T17:13:06.127Z]     [378/586] Building CXX object lib\usd\schemas\CMakeFiles\mayaUsd_Schemas.dir\tokens.cpp.obj
[2023-04-28T17:13:06.251Z]     [379/586] Building CXX object lib\usd\translators\CMakeFiles\mayaUsd_Translators.dir\shading\usdFileTextureWriter.cpp.obj
[2023-04-28T17:13:06.367Z]     [380/586] Building CXX object lib\usd\translators\CMakeFiles\mayaUsd_Translators.dir\shading\usdMaterialWriter.cpp.obj
[2023-04-28T17:13:06.488Z]     [381/586] Building CXX object lib\usd\utils\CMakeFiles\mayaUsdUtils.dir\DiffCore.cpp.obj
[2023-04-28T17:13:06.909Z]     [382/586] Building CXX object lib\usd\utils\CMakeFiles\mayaUsdUtils.dir\DebugCodes.cpp.obj
[2023-04-28T17:13:07.134Z]     [383/586] Building CXX object lib\usd\translators\CMakeFiles\mayaUsd_Translators.dir\shading\usdReflectWriter.cpp.obj
[2023-04-28T17:13:08.469Z]     [384/586] Building CXX object lib\usd\translators\CMakeFiles\mayaUsd_Translators.dir\shading\rfmShaderTranslation.cpp.obj
[2023-04-28T17:13:08.469Z]     [385/586] Building CXX object lib\usd\schemas\CMakeFiles\mayaUsd_Schemas.dir\ModuleDeps.cpp.obj
[2023-04-28T17:13:08.590Z]     [386/586] Building CXX object lib\usd\translators\CMakeFiles\mayaUsd_Translators.dir\shading\usdPrimvarReaderFloat3Reader.cpp.obj
[2023-04-28T17:13:08.817Z]     [387/586] Building CXX object lib\usd\translators\CMakeFiles\mayaUsd_Translators.dir\shading\usdUVTextureReader.cpp.obj
[2023-04-28T17:13:08.943Z]     [388/586] Building CXX object lib\usd\translators\CMakeFiles\mayaUsd_Translators.dir\shading\usdPhongEWriter.cpp.obj
[2023-04-28T17:13:08.943Z]     [389/586] Copying api.h ...
[2023-04-28T17:13:09.062Z]     [390/586] Building CXX object lib\usd\schemas\CMakeFiles\_schemas.dir\wrapTokens.cpp.obj
[2023-04-28T17:13:09.062Z]     [391/586] Copying importCommand.h ...
[2023-04-28T17:13:09.062Z]     [392/586] Copying proxyShape.h ...
[2023-04-28T17:13:09.181Z]     [393/586] Copying referenceAssembly.h ...
[2023-04-28T17:13:09.181Z]     [394/586] Copying exportCommand.h ...
[2023-04-28T17:13:09.181Z]     [395/586] Copying readJobWithSceneAssembly.h ...
[2023-04-28T17:13:09.181Z]     [396/586] Copying listShadingModesCommand.h ...
[2023-04-28T17:13:09.296Z]     [397/586] Copying importTranslator.h ...
[2023-04-28T17:13:09.296Z]     [398/586] Copying translatorModelAssembly.h ...
[2023-04-28T17:13:09.296Z]     [399/586] Copying editUtil.h ...
[2023-04-28T17:13:09.411Z]     [400/586] Copying exportTranslator.h ...
[2023-04-28T17:13:09.531Z]     [401/586] Generating userExportedAttributesUI.pyc
[2023-04-28T17:13:09.531Z]     [402/586] Generating __init__.pyc
[2023-04-28T17:13:09.531Z]     [403/586] Copying instancerShapeAdapterWithSceneAssembly.h ...
[2023-04-28T17:13:09.646Z]     [404/586] Generating AEpxrUsdReferenceAssemblyTemplate.pyc
[2023-04-28T17:13:10.073Z]     [405/586] Building CXX object lib\usd\schemas\CMakeFiles\mayaUsd_Schemas.dir\MayaReference.cpp.obj
[2023-04-28T17:13:10.498Z]     [406/586] Building CXX object lib\usd\schemas\CMakeFiles\mayaUsd_Schemas.dir\ALMayaReference.cpp.obj
[2023-04-28T17:13:11.018Z]     [407/586] Linking CXX shared library lib\usd\schemas\mayaUsd_Schemas.dll
[2023-04-28T17:13:12.046Z]     [408/586] Building CXX object lib\usd\utils\CMakeFiles\mayaUsdUtils.dir\DiffDictionaries.cpp.obj
[2023-04-28T17:13:12.367Z]     [409/586] Building CXX object lib\usd\utils\CMakeFiles\mayaUsdUtils.dir\MergePrimsOptions.cpp.obj
[2023-04-28T17:13:12.695Z]     [410/586] Building CXX object lib\usd\utils\CMakeFiles\mayaUsdUtils.dir\DiffAttributes.cpp.obj
[2023-04-28T17:13:13.223Z]     [411/586] Building CXX object lib\usd\utils\CMakeFiles\mayaUsdUtils.dir\DiffLists.cpp.obj
[2023-04-28T17:13:13.882Z]     [412/586] Building CXX object lib\usd\schemas\CMakeFiles\_schemas.dir\wrapMayaReference.cpp.obj
[2023-04-28T17:13:14.101Z]     [413/586] Building CXX object lib\usd\schemas\CMakeFiles\_schemas.dir\wrapALMayaReference.cpp.obj
[2023-04-28T17:13:14.217Z]     [414/586] Building CXX object lib\usd\utils\CMakeFiles\mayaUsdUtils.dir\DiffPrims.cpp.obj
[2023-04-28T17:13:14.333Z]     [415/586] Building CXX object lib\usd\utils\CMakeFiles\mayaUsdUtils.dir\DiffMetadatas.cpp.obj
[2023-04-28T17:13:14.751Z]     [416/586] Linking CXX shared library lib\usd\schemas\_schemas.pyd
[2023-04-28T17:13:15.076Z]     [417/586] Building CXX object lib\usd\utils\CMakeFiles\mayaUsdUtils.dir\DiffValues.cpp.obj
[2023-04-28T17:13:15.197Z]     [418/586] Building CXX object lib\usd\utils\CMakeFiles\mayaUsdUtils.dir\DiffRelationships.cpp.obj
[2023-04-28T17:13:15.197Z]     [419/586] Building CXX object plugin\pxr\maya\lib\usdMaya\CMakeFiles\usdMaya.dir\listShadingModesCommand.cpp.obj
[2023-04-28T17:13:15.416Z]     [420/586] Building CXX object plugin\pxr\maya\lib\usdMaya\CMakeFiles\_usdMaya.dir\module.cpp.obj
[2023-04-28T17:13:15.416Z]     [421/586] Copying api.h ...
[2023-04-28T17:13:16.444Z]     [422/586] Building CXX object lib\usd\utils\CMakeFiles\mayaUsdUtils.dir\util.cpp.obj
[2023-04-28T17:13:17.286Z]     [423/586] Building CXX object plugin\pxr\maya\lib\usdMaya\CMakeFiles\usdMaya.dir\exportCommand.cpp.obj
[2023-04-28T17:13:17.920Z]     [424/586] Building CXX object lib\usd\utils\CMakeFiles\mayaUsdUtils.dir\MergePrims.cpp.obj
[2023-04-28T17:13:18.245Z]     [425/586] Building CXX object plugin\pxr\maya\lib\usdMaya\CMakeFiles\usdMaya.dir\readJob_ImportWithProxies.cpp.obj
[2023-04-28T17:13:18.364Z]     [426/586] Copying api.h ...
[2023-04-28T17:13:18.692Z]     [427/586] Linking CXX shared library lib\usd\utils\mayaUsdUtils.dll
[2023-04-28T17:13:19.112Z]     [428/586] Linking CXX executable test\lib\usd\utils\testDiffCore.exe
[2023-04-28T17:13:19.432Z]     [429/586] Building CXX object plugin\pxr\maya\lib\usdMaya\CMakeFiles\usdMaya.dir\readJobWithSceneAssembly.cpp.obj
[2023-04-28T17:13:20.062Z]     [430/586] Linking CXX executable test\lib\usd\utils\testDiffPrims.exe
[2023-04-28T17:13:20.062Z]     [431/586] Linking CXX executable test\lib\usd\utils\testDiffValues.exe
[2023-04-28T17:13:20.386Z]     [432/586] Building CXX object plugin\pxr\maya\lib\usdMaya\CMakeFiles\usdMaya.dir\editUtil.cpp.obj
[2023-04-28T17:13:20.615Z]     [433/586] Linking CXX executable test\lib\usd\utils\testDiffLists.exe
[2023-04-28T17:13:20.743Z]     [434/586] Building CXX object plugin\pxr\maya\lib\usdMaya\CMakeFiles\usdMaya.dir\instancerShapeAdapterWithSceneAssembly.cpp.obj
[2023-04-28T17:13:20.743Z]     [435/586] Linking CXX executable test\lib\usd\utils\testDiffAttributes.exe
[2023-04-28T17:13:20.963Z]     [436/586] Linking CXX executable test\lib\usd\utils\testDiffRelationships.exe
[2023-04-28T17:13:21.343Z]     [437/586] Linking CXX executable test\lib\usd\utils\testDiffDictionaries.exe
[2023-04-28T17:13:21.344Z]     [438/586] Linking CXX executable test\lib\usd\utils\testDiffMetadatas.exe
[2023-04-28T17:13:21.344Z]     [439/586] Building CXX object plugin\pxr\maya\lib\usdMaya\CMakeFiles\usdMaya.dir\importCommand.cpp.obj
[2023-04-28T17:13:21.500Z]     [440/586] Linking CXX executable test\lib\usd\utils\testMergePrims.exe
[2023-04-28T17:13:21.628Z]     [441/586] Building CXX object plugin\pxr\maya\lib\usdMaya\CMakeFiles\usdMaya.dir\importTranslator.cpp.obj
[2023-04-28T17:13:21.750Z]     [442/586] Linking CXX executable test\lib\usd\utils\testDiffComputeOverall.exe
[2023-04-28T17:13:21.972Z]     [443/586] Building CXX object plugin\pxr\maya\lib\usdMaya\CMakeFiles\usdMaya.dir\translatorModelAssembly.cpp.obj
[2023-04-28T17:13:22.091Z]     [444/586] Linking CXX shared library plugin\al\mayautils\AL\maya\AL_MayaUtils.dll
[2023-04-28T17:13:22.212Z]     [445/586] Building CXX object plugin\al\translators\pxrUsdTranslators\CMakeFiles\AL_USDMayaPxrTranslators.dir\plugin.cpp.obj
[2023-04-28T17:13:22.333Z]     [446/586] Building CXX object plugin\pxr\maya\lib\usdMaya\CMakeFiles\usdMaya.dir\exportTranslator.cpp.obj
[2023-04-28T17:13:22.857Z]     [447/586] Linking CXX shared library plugin\al\mayautils\AL\maya\tests\mayaplugintest\AL_MayaUtilsTests.mll
[2023-04-28T17:13:23.087Z]     [448/586] Linking CXX shared library plugin\al\usdmayautils\AL\usdmaya\utils\AL_USDMayaUtils.dll
[2023-04-28T17:13:23.304Z]     [449/586] Building CXX object plugin\pxr\maya\lib\usdMaya\CMakeFiles\usdMaya.dir\proxyShape.cpp.obj
[2023-04-28T17:13:23.304Z]     [450/586] Building CXX object plugin\pxr\maya\lib\usdMaya\CMakeFiles\_usdMaya.dir\wrapAssembly.cpp.obj
[2023-04-28T17:13:23.827Z]     [451/586] Building CXX object plugin\pxr\maya\plugin\pxrUsd\CMakeFiles\pxrUsd.dir\usdTranslator.cpp.obj
[2023-04-28T17:13:24.664Z]     [452/586] Building CXX object plugin\pxr\maya\plugin\pxrUsd\CMakeFiles\pxrUsd.dir\alembicChaser.cpp.obj
[2023-04-28T17:13:25.398Z]     [453/586] Building CXX object plugin\pxr\maya\lib\usdMaya\CMakeFiles\_usdMaya.dir\wrapEditUtil.cpp.obj
[2023-04-28T17:13:25.520Z]     [454/586] Linking CXX shared library lib\mayaUsd\mayaUsd.dll
[2023-04-28T17:13:26.267Z]     [455/586] Building CXX object plugin\pxr\maya\plugin\pxrUsdPreviewSurface\CMakeFiles\pxrUsdPreviewSurface.dir\plugin.cpp.obj
[2023-04-28T17:13:26.267Z]     [456/586] Linking CXX shared library test\lib\usd\plugin\usdTestMayaPlugin.mll
[2023-04-28T17:13:26.387Z]     [457/586] Building CXX object plugin\pxr\maya\plugin\pxrUsd\CMakeFiles\pxrUsd.dir\plugin.cpp.obj
[2023-04-28T17:13:26.504Z]     [458/586] Building CXX object plugin\pxr\maya\lib\usdMaya\CMakeFiles\usdMaya.dir\referenceAssembly.cpp.obj
[2023-04-28T17:13:27.027Z]     [459/586] Linking CXX shared library test\lib\usd\plugin\usdTestUsdPlugin.dll
[2023-04-28T17:13:27.027Z]     [460/586] Linking CXX shared library test\lib\usd\plugin\usdTestApiWriter.dll
[2023-04-28T17:13:27.326Z]     [461/586] Linking CXX shared library test\lib\usd\plugin\usdTestInfoImportChaser.mll
[2023-04-28T17:13:27.971Z]     [462/586] Linking CXX shared library lib\usd\pxrUsdPreviewSurface\basePxrUsdPreviewSurface.dll
[2023-04-28T17:13:28.512Z]     [463/586] Linking CXX shared library plugin\al\lib\AL_USDMaya\AL_USDMaya.dll
[2023-04-28T17:13:28.870Z]     [464/586] Linking CXX shared library lib\mayaUsd\python\_mayaUsd.pyd
[2023-04-28T17:13:29.840Z]     [465/586] Linking CXX shared library lib\usd\translators\mayaUsd_Translators.dll
[2023-04-28T17:13:29.960Z]     [466/586] Linking CXX shared library plugin\al\lib\AL_USDMaya\_AL_USDMaya.pyd
[2023-04-28T17:13:30.074Z]     [467/586] Linking CXX shared library plugin\al\plugin\AL_USDMayaPlugin\AL_USDMayaPlugin.mll
[2023-04-28T17:13:30.497Z]     [468/586] Building CXX object plugin\al\plugin\AL_USDMayaTestPlugin\CMakeFiles\AL_USDMayaTestPlugin.dir\AL\usdmaya\fileio\export_nonlinear.cpp.obj
[2023-04-28T17:13:30.820Z]     [469/586] Building CXX object plugin\al\translators\pxrUsdTranslators\CMakeFiles\AL_USDMayaPxrTranslators.dir\ProxyShapeTranslator.cpp.obj
[2023-04-28T17:13:30.820Z]     [470/586] Linking CXX shared library plugin\pxr\maya\plugin\pxrUsdPreviewSurface\pxrUsdPreviewSurface.mll
[2023-04-28T17:13:31.044Z]     [471/586] Linking CXX shared library plugin\pxr\maya\lib\usdMaya\usdMaya.dll
[2023-04-28T17:13:31.586Z]     [472/586] Building CXX object plugin\al\plugin\AL_USDMayaTestPlugin\CMakeFiles\AL_USDMayaTestPlugin.dir\AL\usdmaya\fileio\import_instances.cpp.obj
[2023-04-28T17:13:31.819Z]     [473/586] Building CXX object plugin\al\plugin\AL_USDMayaTestPlugin\CMakeFiles\AL_USDMayaTestPlugin.dir\AL\usdmaya\fileio\export_unmerged.cpp.obj
[2023-04-28T17:13:31.943Z]     [474/586] Linking CXX shared library plugin\pxr\maya\lib\usdMaya\_usdMaya.pyd
[2023-04-28T17:13:32.823Z]     [475/586] Linking CXX shared library plugin\pxr\maya\plugin\pxrUsd\pxrUsd.mll
[2023-04-28T17:13:33.434Z]     [476/586] Building CXX object plugin\al\plugin\AL_USDMayaTestPlugin\CMakeFiles\AL_USDMayaTestPlugin.dir\AL\usdmaya\fileio\export_multiple_shapes.cpp.obj
[2023-04-28T17:13:34.322Z]     [477/586] Building CXX object plugin\al\plugin\AL_USDMayaTestPlugin\CMakeFiles\AL_USDMayaTestPlugin.dir\AL\usdmaya\fileio\export_lattice.cpp.obj
[2023-04-28T17:13:35.208Z]     [478/586] Automatic MOC and UIC for target mayaUsdUI
[2023-04-28T17:13:35.527Z]     [479/586] Building CXX object plugin\al\plugin\AL_USDMayaTestPlugin\CMakeFiles\AL_USDMayaTestPlugin.dir\AL\usdmaya\nodes\test_LayerManager.cpp.obj
[2023-04-28T17:13:35.527Z]     [480/586] Automatic RCC for layerEditor/resources.qrc
[2023-04-28T17:13:35.642Z]     [481/586] Automatic RCC for importDialog/images/ui.qrc
[2023-04-28T17:13:35.766Z]     [482/586] Building CXX object plugin\al\plugin\AL_USDMayaTestPlugin\CMakeFiles\AL_USDMayaTestPlugin.dir\AL\usdmaya\nodes\proxy\test_PrimFilter.cpp.obj
[2023-04-28T17:13:36.095Z]     [483/586] Building CXX object plugin\al\plugin\AL_USDMayaTestPlugin\CMakeFiles\AL_USDMayaTestPlugin.dir\AL\usdmaya\nodes\test_ExtraDataPlugin.cpp.obj
[2023-04-28T17:13:36.525Z]     [484/586] Building CXX object plugin\al\plugin\AL_USDMayaTestPlugin\CMakeFiles\AL_USDMayaTestPlugin.dir\AL\usdmaya\fileio\import_playback_range.cpp.obj
[2023-04-28T17:13:36.842Z]     [485/586] Building CXX object plugin\al\plugin\AL_USDMayaTestPlugin\CMakeFiles\AL_USDMayaTestPlugin.dir\AL\usdmaya\nodes\test_ActiveInactive.cpp.obj
[2023-04-28T17:13:37.871Z]     [486/586] Building CXX object plugin\al\plugin\AL_USDMayaTestPlugin\CMakeFiles\AL_USDMayaTestPlugin.dir\AL\usdmaya\fileio\test_activeInActiveTranslators.cpp.obj
[2023-04-28T17:13:39.102Z]     [487/586] Building CXX object lib\usd\ui\CMakeFiles\mayaUsdUI.dir\layerEditor\dirtyLayersCountBadge.cpp.obj
[2023-04-28T17:13:39.421Z]     [488/586] Building CXX object lib\usd\ui\CMakeFiles\mayaUsdUI.dir\layerEditor\generatedIconButton.cpp.obj
[2023-04-28T17:13:41.668Z]     [489/586] Building CXX object plugin\al\plugin\AL_USDMayaTestPlugin\CMakeFiles\AL_USDMayaTestPlugin.dir\AL\usdmaya\nodes\test_Transform.cpp.obj
[2023-04-28T17:13:42.878Z]     [490/586] Building CXX object plugin\al\plugin\AL_USDMayaTestPlugin\CMakeFiles\AL_USDMayaTestPlugin.dir\AL\usdmaya\nodes\test_ProxyShapeSelectabilityDB.cpp.obj
[2023-04-28T17:13:43.250Z]     [491/586] Building CXX object plugin\al\plugin\AL_USDMayaTestPlugin\CMakeFiles\AL_USDMayaTestPlugin.dir\AL\usdmaya\nodes\test_lockPrims.cpp.obj
[2023-04-28T17:13:43.473Z]     [492/586] Building CXX object plugin\al\plugin\AL_USDMayaTestPlugin\CMakeFiles\AL_USDMayaTestPlugin.dir\AL\usdmaya\nodes\test_ProxyUsdGeomCamera.cpp.obj
[2023-04-28T17:13:43.590Z]     [493/586] Building CXX object plugin\al\plugin\AL_USDMayaTestPlugin\CMakeFiles\AL_USDMayaTestPlugin.dir\AL\usdmaya\nodes\test_TranslatorContext.cpp.obj
[2023-04-28T17:13:43.739Z]     [494/586] Building CXX object plugin\al\plugin\AL_USDMayaTestPlugin\CMakeFiles\AL_USDMayaTestPlugin.dir\AL\usdmaya\nodes\test_ScopeMatrix.cpp.obj
[2023-04-28T17:13:43.859Z]     [495/586] Building CXX object plugin\al\plugin\AL_USDMayaTestPlugin\CMakeFiles\AL_USDMayaTestPlugin.dir\AL\usdmaya\test_DiffGeom.cpp.obj
[2023-04-28T17:13:44.502Z]     [496/586] Building CXX object lib\usd\ui\CMakeFiles\mayaUsdUI.dir\layerEditor\layerEditorWidget.cpp.obj
[2023-04-28T17:13:44.621Z]     [497/586] Building CXX object lib\usd\ui\CMakeFiles\mayaUsdUI.dir\layerEditor\layerTreeItemDelegate.cpp.obj
[2023-04-28T17:13:45.174Z]     [498/586] Building CXX object plugin\al\plugin\AL_USDMayaTestPlugin\CMakeFiles\AL_USDMayaTestPlugin.dir\AL\usdmaya\nodes\test_ProxyShape.cpp.obj
[2023-04-28T17:13:45.493Z]     [499/586] Building CXX object lib\usd\ui\CMakeFiles\mayaUsdUI.dir\layerEditor\layerTreeItem.cpp.obj
[2023-04-28T17:13:45.706Z]     [500/586] Building CXX object plugin\al\plugin\AL_USDMayaTestPlugin\CMakeFiles\AL_USDMayaTestPlugin.dir\AL\usdmaya\nodes\test_VariantFallbacks.cpp.obj
[2023-04-28T17:13:45.921Z]     [501/586] Building CXX object lib\usd\ui\CMakeFiles\mayaUsdUI.dir\mayaUsdUI_autogen\mocs_compilation.cpp.obj
[2023-04-28T17:13:46.750Z]     [502/586] Building CXX object lib\usd\ui\CMakeFiles\mayaUsdUI.dir\layerEditor\stringResources.cpp.obj
[2023-04-28T17:13:47.178Z]     [503/586] Building CXX object plugin\al\plugin\AL_USDMayaTestPlugin\CMakeFiles\AL_USDMayaTestPlugin.dir\AL\usdmaya\nodes\test_TransformMatrix.cpp.obj
[2023-04-28T17:13:47.178Z]     [504/586] Building CXX object lib\usd\ui\CMakeFiles\mayaUsdUI.dir\layerEditor\qtUtils.cpp.obj
[2023-04-28T17:13:47.810Z]     [505/586] Building CXX object lib\usd\ui\CMakeFiles\mayaUsdUI.dir\layerEditor\mayaQtUtils.cpp.obj
[2023-04-28T17:13:49.345Z]     [506/586] Building CXX object lib\usd\ui\CMakeFiles\mayaUsdUI.dir\layerEditor\warningDialogs.cpp.obj
[2023-04-28T17:13:49.460Z]     [507/586] Building CXX object lib\usd\ui\CMakeFiles\mayaUsdUI.dir\mayaUsdUI_autogen\5WMDHDZAMM\qrc_resources.cpp.obj
[2023-04-28T17:13:49.882Z]     [508/586] Building CXX object lib\usd\ui\CMakeFiles\mayaUsdUI.dir\layerEditor\layerTreeView.cpp.obj
[2023-04-28T17:13:50.216Z]     [509/586] Building CXX object lib\usd\ui\CMakeFiles\mayaUsdUI.dir\layerEditor\sessionState.cpp.obj
[2023-04-28T17:13:50.354Z]     [510/586] Building CXX object lib\usd\ui\CMakeFiles\mayaUsdUI.dir\mayaUsdUI_autogen\AUCU3ACLTF\qrc_ui.cpp.obj
[2023-04-28T17:13:50.508Z]     [511/586] Building CXX object lib\usd\ui\CMakeFiles\mayaUsdUI.dir\importDialog\USDQtUtil.cpp.obj
[2023-04-28T17:13:50.875Z]     [512/586] Building CXX object lib\usd\ui\CMakeFiles\mayaUsdUI.dir\layerEditor\layerTreeModel.cpp.obj
[2023-04-28T17:13:50.999Z]     [513/586] Building CXX object lib\usd\ui\CMakeFiles\mayaUsdUI.dir\initStringResources.cpp.obj
[2023-04-28T17:13:51.118Z]     [514/586] Building CXX object lib\usd\ui\CMakeFiles\mayaUsdUI.dir\layerEditor\mayaCommandHook.cpp.obj
[2023-04-28T17:13:51.753Z]     [515/586] Building CXX object lib\usd\ui\CMakeFiles\mayaUsdUI.dir\importDialog\TreeItem.cpp.obj
[2023-04-28T17:13:52.199Z]     [516/586] Building CXX object lib\usd\ui\CMakeFiles\mayaUsdUI.dir\layerEditor\loadLayersDialog.cpp.obj
[2023-04-28T17:13:52.627Z]     [517/586] Building CXX object lib\usd\ui\CMakeFiles\mayaUsdUI.dir\layerEditor\pathChecker.cpp.obj
[2023-04-28T17:13:52.627Z]     [518/586] Building CXX object lib\usd\ui\CMakeFiles\mayaUsdUI.dir\importDialog\ItemDelegate.cpp.obj
[2023-04-28T17:13:52.627Z]     [519/586] Building CXX object lib\usd\ui\CMakeFiles\mayaUsdUI.dir\layerEditor\stageSelectorWidget.cpp.obj
[2023-04-28T17:13:53.049Z]     [520/586] Building CXX object lib\usd\ui\CMakeFiles\mayaUsdUI.dir\layerEditor\mayaLayerEditorWindow.cpp.obj
[2023-04-28T17:13:53.882Z]     [521/586] Building CXX object lib\usd\ui\CMakeFiles\mayaUsdUI.dir\layerEditor\mayaSessionState.cpp.obj
[2023-04-28T17:13:54.506Z]     [522/586] Building CXX object lib\usd\ui\CMakeFiles\mayaUsdUI.dir\layerEditor\saveLayersDialog.cpp.obj
[2023-04-28T17:13:55.237Z]     [523/586] Building CXX object lib\usd\ui\CMakeFiles\mayaUsdUI.dir\importDialog\TreeModel.cpp.obj
[2023-04-28T17:13:55.355Z]     [524/586] Building CXX object lib\usd\ui\CMakeFiles\mayaUsdUI.dir\importDialog\USDImportDialog.cpp.obj
[2023-04-28T17:13:55.878Z]     [525/586] Building CXX object lib\usd\ui\CMakeFiles\mayaUsdUI.dir\importDialog\TreeModelFactory.cpp.obj
[2023-04-28T17:13:56.198Z]     [526/586] Building CXX object plugin\al\schemas\AL\usd\schemas\maya\CMakeFiles\AL_USDMayaSchemas.dir\tokens.cpp.obj
[2023-04-28T17:13:58.140Z]     [527/586] Building CXX object lib\usd\ui\CMakeFiles\mayaUsdUI.dir\importDialog\USDImportDialogCmd.cpp.obj
[2023-04-28T17:13:58.358Z]     [528/586] Building CXX object plugin\al\schemas\AL\usd\schemas\maya\CMakeFiles\AL_USDMayaSchemas.dir\ModuleDeps.cpp.obj
[2023-04-28T17:13:59.827Z]     [529/586] Linking CXX shared library lib\usd\ui\mayaUsdUI.dll
[2023-04-28T17:13:59.955Z]     [530/586] Automatic MOC and UIC for target testMayaUsdUI
[2023-04-28T17:13:59.955Z]     [531/586] Building CXX object lib\usd\ui\importDialogDemo\CMakeFiles\testMayaUsdUI.dir\testMayaUsdUI_autogen\mocs_compilation.cpp.obj
[2023-04-28T17:14:00.206Z]     [532/586] Building CXX object plugin\al\plugin\AL_USDMayaTestPlugin\CMakeFiles\AL_USDMayaTestPlugin.dir\test_usdmaya.cpp.obj
[2023-04-28T17:14:00.514Z]     [533/586] Building CXX object plugin\al\plugin\AL_USDMayaTestPlugin\CMakeFiles\AL_USDMayaTestPlugin.dir\test_translators_AnimationTranslator.cpp.obj
[2023-04-28T17:14:00.514Z]     [534/586] Building CXX object plugin\al\plugin\AL_USDMayaTestPlugin\CMakeFiles\AL_USDMayaTestPlugin.dir\AL\usdmaya\test_DiffPrimVar.cpp.obj
[2023-04-28T17:14:00.659Z]     [535/586] Building CXX object plugin\al\plugin\AL_USDMayaTestPlugin\CMakeFiles\AL_USDMayaTestPlugin.dir\test_translators_NurbsCurveTranslator.cpp.obj
[2023-04-28T17:14:01.158Z]     [536/586] Building CXX object plugin\al\schemas\AL\usd\schemas\maya\CMakeFiles\_AL_USDMayaSchemas.dir\module.cpp.obj
[2023-04-28T17:14:01.158Z]     [537/586] Building CXX object plugin\al\plugin\AL_USDMayaTestPlugin\CMakeFiles\AL_USDMayaTestPlugin.dir\test_translators_CameraTranslator.cpp.obj
[2023-04-28T17:14:01.919Z]     [538/586] Building CXX object plugin\al\schemas\AL\usd\schemas\maya\CMakeFiles\AL_USDMayaSchemas.dir\ModelAPI.cpp.obj
[2023-04-28T17:14:02.144Z]     [539/586] Building CXX object plugin\al\plugin\AL_USDMayaTestPlugin\CMakeFiles\AL_USDMayaTestPlugin.dir\test_translators_DgTranslator.cpp.obj
[2023-04-28T17:14:02.144Z]     [540/586] Building CXX object plugin\al\plugin\AL_USDMayaTestPlugin\CMakeFiles\AL_USDMayaTestPlugin.dir\test_translators_MeshTranslator.cpp.obj
[2023-04-28T17:14:02.144Z]     [541/586] Building CXX object plugin\al\plugin\AL_USDMayaTestPlugin\CMakeFiles\AL_USDMayaTestPlugin.dir\test_usdmaya_AttributeType.cpp.obj
[2023-04-28T17:14:02.468Z]     [542/586] Building CXX object plugin\al\schemas\AL\usd\schemas\mayatest\CMakeFiles\_AL_USDMayaSchemasTest.dir\module.cpp.obj
[2023-04-28T17:14:02.700Z]     [543/586] Building CXX object plugin\al\plugin\AL_USDMayaTestPlugin\CMakeFiles\AL_USDMayaTestPlugin.dir\test_translators_Translator.cpp.obj
[2023-04-28T17:14:02.700Z]     [544/586] Building CXX object plugin\al\schemas\AL\usd\schemas\maya\tests\CMakeFiles\testMayaSchemas.dir\main.cpp.obj
[2023-04-28T17:14:02.700Z]     [545/586] Building CXX object plugin\al\schemas\AL\usd\schemas\mayatest\CMakeFiles\AL_USDMayaSchemasTest.dir\tokens.cpp.obj
[2023-04-28T17:14:03.628Z]     [546/586] Building CXX object plugin\al\plugin\AL_USDMayaTestPlugin\CMakeFiles\AL_USDMayaTestPlugin.dir\test_translators_PythonBindings.cpp.obj
[2023-04-28T17:14:03.852Z]     [547/586] Building CXX object plugin\al\schemas\AL\usd\schemas\maya\CMakeFiles\AL_USDMayaSchemas.dir\FrameRange.cpp.obj
[2023-04-28T17:14:03.852Z]     [548/586] Building CXX object plugin\al\translators\CMakeFiles\AL_USDMayaTranslators.dir\CommonTranslatorOptions.cpp.obj
[2023-04-28T17:14:04.382Z]     [549/586] Linking CXX shared library plugin\al\schemas\AL\usd\schemas\maya\AL_USDMayaSchemas.dll
[2023-04-28T17:14:04.382Z]     [550/586] Building CXX object plugin\al\schemas\AL\usd\schemas\maya\CMakeFiles\_AL_USDMayaSchemas.dir\wrapTokens.cpp.obj
[2023-04-28T17:14:05.315Z]     [551/586] Building CXX object plugin\al\schemas\AL\usd\schemas\mayatest\CMakeFiles\AL_USDMayaSchemasTest.dir\ModuleDeps.cpp.obj
[2023-04-28T17:14:05.545Z]     [552/586] Building CXX object plugin\al\plugin\AL_USDMayaTestPlugin\CMakeFiles\AL_USDMayaTestPlugin.dir\test_translators_TransformTranslator.cpp.obj
[2023-04-28T17:14:05.864Z]     [553/586] Building CXX object plugin\al\schemas\AL\usd\schemas\maya\CMakeFiles\_AL_USDMayaSchemas.dir\wrapModelAPI.cpp.obj
[2023-04-28T17:14:06.086Z]     [554/586] Linking CXX shared library plugin\al\translators\pxrUsdTranslators\AL_USDMayaPxrTranslators.mll
[2023-04-28T17:14:06.086Z]     [555/586] Building CXX object plugin\al\schemas\AL\usd\schemas\mayatest\CMakeFiles\_AL_USDMayaSchemasTest.dir\wrapTokens.cpp.obj
[2023-04-28T17:14:06.409Z]     [556/586] Building CXX object plugin\adsk\plugin\CMakeFiles\mayaUsdPlugin.dir\adskListJobContextsCommand.cpp.obj
[2023-04-28T17:14:07.234Z]     [557/586] Building CXX object plugin\al\schemas\AL\usd\schemas\maya\CMakeFiles\_AL_USDMayaSchemas.dir\wrapFrameRange.cpp.obj
[2023-04-28T17:14:07.871Z]     [558/586] Linking CXX shared library plugin\al\schemas\AL\usd\schemas\maya\_AL_USDMayaSchemas.pyd
[2023-04-28T17:14:08.207Z]     [559/586] Building CXX object plugin\al\schemas\AL\usd\schemas\maya\tests\CMakeFiles\testMayaSchemas.dir\testMayaSchemas.cpp.obj
[2023-04-28T17:14:08.325Z]     [560/586] Building CXX object plugin\al\schemas\AL\usd\schemas\maya\tests\CMakeFiles\testMayaSchemas.dir\testModelAPI.cpp.obj
[2023-04-28T17:14:08.325Z]     [561/586] Building CXX object lib\usd\ui\importDialogDemo\CMakeFiles\testMayaUsdUI.dir\testMayaUsdUI.cpp.obj
[2023-04-28T17:14:08.751Z]     [562/586] Building CXX object plugin\al\schemas\AL\usd\schemas\mayatest\CMakeFiles\AL_USDMayaSchemasTest.dir\ExamplePolyCubeNode.cpp.obj
[2023-04-28T17:14:08.751Z]     [563/586] Building CXX object plugin\adsk\plugin\CMakeFiles\mayaUsdPlugin.dir\adskListShadingModesCommand.cpp.obj
[2023-04-28T17:14:08.967Z]     [564/586] Linking CXX executable plugin\al\schemas\AL\usd\schemas\maya\tests\testMayaSchemas.exe
[2023-04-28T17:14:09.183Z]     [565/586] Linking CXX executable lib\usd\ui\importDialogDemo\testMayaUsdUI.exe
[2023-04-28T17:14:09.297Z]     [566/586] Linking CXX shared library plugin\al\schemas\AL\usd\schemas\mayatest\AL_USDMayaSchemasTest.dll
[2023-04-28T17:14:10.971Z]     [567/586] Building CXX object plugin\al\translators\CMakeFiles\AL_USDMayaTranslators.dir\MayaReference.cpp.obj
[2023-04-28T17:14:11.095Z]     [568/586] Building CXX object plugin\al\schemas\AL\usd\schemas\mayatest\CMakeFiles\_AL_USDMayaSchemasTest.dir\wrapExamplePolyCubeNode.cpp.obj
[2023-04-28T17:14:11.423Z]     [569/586] Building CXX object plugin\al\translators\CMakeFiles\AL_USDMayaTranslators.dir\Camera.cpp.obj
[2023-04-28T17:14:11.540Z]     [570/586] Linking CXX shared library plugin\al\plugin\AL_USDMayaTestPlugin\AL_USDMayaTestPlugin.mll
[2023-04-28T17:14:11.660Z]     [571/586] Building CXX object plugin\al\translators\CMakeFiles\AL_USDMayaTranslators.dir\DirectionalLight.cpp.obj
[2023-04-28T17:14:11.787Z]     [572/586] Linking CXX shared library plugin\al\schemas\AL\usd\schemas\mayatest\_AL_USDMayaSchemasTest.pyd
[2023-04-28T17:14:11.901Z]     [573/586] Building CXX object plugin\adsk\plugin\CMakeFiles\mayaUsdPlugin.dir\adskImportCommand.cpp.obj
[2023-04-28T17:14:11.901Z]     [574/586] Building CXX object plugin\al\translators\CMakeFiles\AL_USDMayaTranslators.dir\FrameRange.cpp.obj
[2023-04-28T17:14:12.015Z]     [575/586] Building CXX object plugin\al\translators\CMakeFiles\AL_USDMayaTranslators.dir\NurbsCurve.cpp.obj
[2023-04-28T17:14:13.244Z]     [576/586] Building CXX object plugin\adsk\plugin\CMakeFiles\mayaUsdPlugin.dir\adskExportCommand.cpp.obj
[2023-04-28T17:14:13.357Z]     [577/586] Building CXX object plugin\al\translators\CMakeFiles\AL_USDMayaTranslators.dir\Mesh.cpp.obj
[2023-04-28T17:14:14.179Z]     [578/586] Linking CXX shared library plugin\al\translators\AL_USDMayaTranslators.dll
[2023-04-28T17:14:14.292Z]     [579/586] Building CXX object plugin\adsk\plugin\CMakeFiles\mayaUsdPlugin.dir\geomNode.cpp.obj
[2023-04-28T17:14:15.117Z]     [580/586] Building CXX object plugin\adsk\plugin\CMakeFiles\mayaUsdPlugin.dir\ProxyShape.cpp.obj
[2023-04-28T17:14:15.232Z]     [581/586] Building CXX object plugin\adsk\plugin\CMakeFiles\mayaUsdPlugin.dir\adskStageLoadUnloadCommands.cpp.obj
[2023-04-28T17:14:15.650Z]     [582/586] Building CXX object plugin\adsk\plugin\CMakeFiles\mayaUsdPlugin.dir\exportTranslator.cpp.obj
[2023-04-28T17:14:16.172Z]     [583/586] Building CXX object plugin\adsk\plugin\CMakeFiles\mayaUsdPlugin.dir\plugin.cpp.obj
[2023-04-28T17:14:16.389Z]     [584/586] Building CXX object plugin\adsk\plugin\CMakeFiles\mayaUsdPlugin.dir\ProxyShapeListener.cpp.obj
[2023-04-28T17:14:16.604Z]     [585/586] Building CXX object plugin\adsk\plugin\CMakeFiles\mayaUsdPlugin.dir\importTranslator.cpp.obj
[2023-04-28T17:14:17.421Z]     [586/586] Linking CXX shared module plugin\adsk\plugin\mayaUsdPlugin.mll
[2023-04-28T17:14:17.421Z]     
[2023-04-28T17:14:17.421Z]         Building with settings:
[2023-04-28T17:14:17.421Z]           Source directory          S:\jenkins\workspace\ECP\ecg-maya-usd\ecg-mayausd-branch-preflight-2019-no-ufe-windows\ecg-maya-usd\maya-usd
[2023-04-28T17:14:17.421Z]           Workspace directory       W:\
[2023-04-28T17:14:17.421Z]           Build directory           W:\build\RelWithDebInfo
[2023-04-28T17:14:17.421Z]           Install directory         W:\install\RelWithDebInfo\MayaUSD
[2023-04-28T17:14:17.421Z]           Variant                   RelWithDebInfo
[2023-04-28T17:14:17.421Z]           Python Debug              Off
[2023-04-28T17:14:17.421Z]           CMake generator           Ninja
[2023-04-28T17:14:17.421Z]           Build arguments           ['-DCMAKE_MAKE_PROGRAM=P:/shared/Artifactory/Windows/ninja/1.9.0/c68f192/ninja.exe', '-DPYTHON_INCLUDE_DIR=P:/shared/Artifactory/Windows/rundev-2019/202003131251/runtime/155eb96/runTime/include/Python2.7', '-DPython_EXECUTABLE=P:/shared/Artifactory/Windows/rundev-2019/202003131251/runtime/155eb96/runTime/bin/mayapy.exe', '-DPYTHON_LIBRARIES=P:/shared/Artifactory/Windows/rundev-2019/202003131251/runtime/155eb96/runTime/lib/python27.lib', '-DCMAKE_WANT_UFE_BUILD=OFF', '-DUSD_LIB_PREFIX=', '-DBUILD_HDMAYA=OFF']
[2023-04-28T17:14:17.421Z]           Stages arguments          ['build']
[2023-04-28T17:14:17.421Z]           CTest arguments           ['-E testUsdReferenceAssemblySelection|testUsdMayaAppDir', '-LE interactive', '--parallel 16']
[2023-04-28T17:14:17.421Z]     Success MayaUSD build and install !!!!
[2023-04-28T17:14:17.421Z]     Elapsed time: 00:04:03
[Pipeline] bat
[2023-04-28T17:14:17.722Z] Deleting alias drive W:
[Pipeline] bat
[2023-04-28T17:14:18.005Z] Deleting alias drive P:
[Pipeline] }
[Pipeline] // withEnv
[Pipeline] }
[Pipeline] // timeout
[Pipeline] }
[Pipeline] // stage
[Pipeline] }
[Pipeline] // timestamps
[Pipeline] timestamps
[Pipeline] {
[Pipeline] stage
[Pipeline] { (Install)
[Pipeline] timeout
[2023-04-28T17:14:18.248Z] Timeout set to expire in 6 hr 0 min
[Pipeline] {
[Pipeline] withEnv
[Pipeline] {
[Pipeline] bat
[2023-04-28T17:14:18.501Z] Creating alias drive P: to S:\jenkins\workspace
[Pipeline] bat
[2023-04-28T17:14:18.880Z] Creating alias drive W: to S:\jenkins\workspace\ECP\ecg-maya-usd\ecg-mayausd-branch-preflight-2019-no-ufe-windows
[Pipeline] bat
[2023-04-28T17:14:19.305Z] "C:\Program Files (x86)\Microsoft Visual Studio\2017\Professional\VC\Auxiliary\Build\vcvarsall.bat" x64
[2023-04-28T17:14:19.414Z] **********************************************************************
[2023-04-28T17:14:19.414Z] ** Visual Studio 2017 Developer Command Prompt v15.9.15
[2023-04-28T17:14:19.414Z] ** Copyright (c) 2017 Microsoft Corporation
[2023-04-28T17:14:19.414Z] **********************************************************************
[2023-04-28T17:14:20.334Z] [vcvarsall.bat] Environment initialized for: 'x64'
[2023-04-28T17:14:20.334Z] python ecg-maya-usd/build.py --stages=install --workspace-dir=W:\ --artifactory-dir=P:\shared\Artifactory --build-dir=W:\build --install-dir=W:\install --signing-dir=W:\signing --package-dir=W:\package --output-dir=W:\output --stash-dir=W:\stash --jenkins-build=878 --git-commit=5d507ea421524b6a0e3df629b6b430eefdc9a766 --git-branch=master --variants=RelWithDebInfo --python=2.7 --ufe=false --pxrusd-version=0.21.05-gold --post-zips=false --maya-cut-config=maya-rundev-2019.yaml --maya-package=rundev-2019 --stage-banner
[2023-04-28T17:14:21.255Z] Using Maya cut from P:\shared\Artifactory\Windows\rundev-2019\202003131251\runtime\155eb96
[2023-04-28T17:14:21.255Z] 
[2023-04-28T17:14:21.255Z] ================================================================================
[2023-04-28T17:14:21.255Z]                             install (RelWithDebInfo)
[2023-04-28T17:14:21.255Z] ================================================================================
[2023-04-28T17:14:21.255Z] Maya Python RelWithDebInfo Info:
[2023-04-28T17:14:21.255Z]   mayapy executable   = P:\shared\Artifactory\Windows\rundev-2019\202003131251\runtime\155eb96\runTime\bin\mayapy.exe
[2023-04-28T17:14:21.255Z]   Include Folder      = P:\shared\Artifactory\Windows\rundev-2019\202003131251\runtime\155eb96\runTime\include\Python2.7
[2023-04-28T17:14:21.255Z]   Library             = P:\shared\Artifactory\Windows\rundev-2019\202003131251\runtime\155eb96\runTime\lib\python27.lib
[2023-04-28T17:14:21.255Z]   site-package Folder = P:\shared\Artifactory\Windows\rundev-2019\202003131251\runtime\155eb96\runTime\Python\Lib\site-packages
[2023-04-28T17:14:21.972Z] In workdir: S:\jenkins\workspace\ECP\ecg-maya-usd\ecg-mayausd-branch-preflight-2019-no-ufe-windows\ecg-maya-usd\maya-usd
[2023-04-28T17:14:21.972Z] Executing: 'P:\\shared\\Artifactory\\Windows\\rundev-2019\\202003131251\\runtime\\155eb96\\runTime\\bin\\mayapy.exe' 'S:\\jenkins\\workspace\\ECP\\ecg-maya-usd\\ecg-mayausd-branch-preflight-2019-no-ufe-windows\\ecg-maya-usd\\maya-usd\\build.py' --generator Ninja --build-relwithdebug --maya-location 'P:\\shared\\Artifactory\\Windows\\rundev-2019\\202003131251\\runtime\\155eb96\\runTime' --devkit-location 'P:\\shared\\Artifactory\\Windows\\rundev-2019\\202003131251\\runtime\\155eb96\\devkitBase' --pxrusd-location 'P:\\shared\\Artifactory\\Windows\\USD\\cfb3d8a' --qt-location 'P:\\shared\\Artifactory\\Windows\\qt\\5.6.1\\1acd0ba' --materialx '--build-args=-DCMAKE_MAKE_PROGRAM=P:/shared/Artifactory/Windows/ninja/1.9.0/c68f192/ninja.exe,-DPYTHON_INCLUDE_DIR=P:/shared/Artifactory/Windows/rundev-2019/202003131251/runtime/155eb96/runTime/include/Python2.7,-DPython_EXECUTABLE=P:/shared/Artifactory/Windows/rundev-2019/202003131251/runtime/155eb96/runTime/bin/mayapy.exe,-DPYTHON_LIBRARIES=P:/shared/Artifactory/Windows/rundev-2019/202003131251/runtime/155eb96/runTime/lib/python27.lib,-DCMAKE_WANT_UFE_BUILD=OFF,-DUSD_LIB_PREFIX=,-DBUILD_HDMAYA=OFF' '--ctest-args=-E testUsdReferenceAssemblySelection|testUsdMayaAppDir,-LE interactive,--parallel 16' --stages=install --redirect-outstream-file=False --install-location 'W:\\install\\RelWithDebInfo\\MayaUSD' 'W:\\'
[2023-04-28T17:14:21.972Z] Modified environment variables:
[2023-04-28T17:14:21.972Z]     PATH=P:\shared\Artifactory\Windows\cmake\3.20.3\afe857a\bin;C:\Python27\lib\site-packages\pywin32_system32;C:\Program Files (x86)\Microsoft Visual Studio\2017\Professional\VC\Tools\MSVC\14.16.27023\bin\HostX64\x64;C:\Program Files (x86)\Microsoft Visual Studio\2017\Professional\Common7\IDE\VC\VCPackages;C:\Program Files (x86)\Microsoft Visual Studio\2017\Professional\Common7\IDE\CommonExtensions\Microsoft\TestWindow;C:\Program Files (x86)\Microsoft Visual Studio\2017\Professional\Common7\IDE\CommonExtensions\Microsoft\TeamFoundation\Team Explorer;C:\Program Files (x86)\Microsoft Visual Studio\2017\Professional\MSBuild\15.0\bin\Roslyn;C:\Program Files (x86)\Microsoft Visual Studio\2017\Professional\Team Tools\Performance Tools\x64;C:\Program Files (x86)\Microsoft Visual Studio\2017\Professional\Team Tools\Performance Tools;C:\Program Files (x86)\Microsoft Visual Studio\Shared\Common\VSPerfCollectionTools\\x64;C:\Program Files (x86)\Microsoft Visual Studio\Shared\Common\VSPerfCollectionTools\;C:\Program Files (x86)\Microsoft SDKs\Windows\v10.0A\bin\NETFX 4.6.1 Tools\x64\;C:\Program Files (x86)\HTML Help Workshop;C:\Program Files (x86)\Windows Kits\10\bin\10.0.18362.0\x64;C:\Program Files (x86)\Windows Kits\10\bin\x64;C:\Program Files (x86)\Microsoft Visual Studio\2017\Professional\\MSBuild\15.0\bin;C:\WINDOWS\Microsoft.NET\Framework64\v4.0.30319;C:\Program Files (x86)\Microsoft Visual Studio\2017\Professional\Common7\IDE\;C:\Program Files (x86)\Microsoft Visual Studio\2017\Professional\Common7\Tools\;C:\Python27\;C:\Python27\Scripts;C:\WINDOWS\system32;C:\WINDOWS;C:\WINDOWS\System32\Wbem;C:\WINDOWS\System32\WindowsPowerShell\v1.0\;C:\WINDOWS\System32\OpenSSH\;C:\ProgramData\chocolatey\bin;C:\Program Files (x86)\WiX Toolset v3.7\bin;C:\Program Files\dotnet\;C:\Program Files (x86)\Windows Kits\10\bin\10.0.18362.0\x64;C:\Program Files\Zulu\zulu-11\bin\;C:\Program Files (x86)\Windows Kits\10\bin\10.0.17763.0\x64;C:\Program Files (x86)\Windows Kits\10\bin\x64;C:\Program Files\Git\cmd;C:\Program Files\Git\usr\bin;C:\Program Files\Git\mingw64\bin;C:\Program Files\Git\bin;C:\Python38\;C:\Python38\Scripts;C:\StoreBoxClientWindows;C:\Program Files\Electric Cloud\ElectricCommander\bin;C:\Program Files\WinRAR;C:\Program Files\7-Zip;C:\Users\Administrator\AppData\Local\Microsoft\WindowsApps;C:\Program Files (x86)\Microsoft Visual Studio\2017\Professional\Common7\IDE\CommonExtensions\Microsoft\CMake\CMake\bin;C:\Program Files (x86)\Microsoft Visual Studio\2017\Professional\Common7\IDE\CommonExtensions\Microsoft\CMake\Ninja
[2023-04-28T17:14:22.389Z]     [1/8] Automatic MOC and UIC for target mayaUsdUI
[2023-04-28T17:14:22.500Z]     [2/5] Automatic MOC and UIC for target testMayaUsdUI
[2023-04-28T17:14:22.500Z]     [2/3] Install the project...
[2023-04-28T17:14:22.500Z]     -- Install configuration: "RelWithDebInfo"
[2023-04-28T17:14:28.278Z]     
[2023-04-28T17:14:28.278Z]         Building with settings:
[2023-04-28T17:14:28.278Z]           Source directory          S:\jenkins\workspace\ECP\ecg-maya-usd\ecg-mayausd-branch-preflight-2019-no-ufe-windows\ecg-maya-usd\maya-usd
[2023-04-28T17:14:28.278Z]           Workspace directory       W:\
[2023-04-28T17:14:28.278Z]           Build directory           W:\build\RelWithDebInfo
[2023-04-28T17:14:28.278Z]           Install directory         W:\install\RelWithDebInfo\MayaUSD
[2023-04-28T17:14:28.278Z]           Variant                   RelWithDebInfo
[2023-04-28T17:14:28.278Z]           Python Debug              Off
[2023-04-28T17:14:28.278Z]           CMake generator           Ninja
[2023-04-28T17:14:28.278Z]           Build arguments           ['-DCMAKE_MAKE_PROGRAM=P:/shared/Artifactory/Windows/ninja/1.9.0/c68f192/ninja.exe', '-DPYTHON_INCLUDE_DIR=P:/shared/Artifactory/Windows/rundev-2019/202003131251/runtime/155eb96/runTime/include/Python2.7', '-DPython_EXECUTABLE=P:/shared/Artifactory/Windows/rundev-2019/202003131251/runtime/155eb96/runTime/bin/mayapy.exe', '-DPYTHON_LIBRARIES=P:/shared/Artifactory/Windows/rundev-2019/202003131251/runtime/155eb96/runTime/lib/python27.lib', '-DCMAKE_WANT_UFE_BUILD=OFF', '-DUSD_LIB_PREFIX=', '-DBUILD_HDMAYA=OFF']
[2023-04-28T17:14:28.278Z]           Stages arguments          ['install']
[2023-04-28T17:14:28.278Z]           CTest arguments           ['-E testUsdReferenceAssemblySelection|testUsdMayaAppDir', '-LE interactive', '--parallel 16']
[2023-04-28T17:14:28.278Z]     Success MayaUSD build and install !!!!
[2023-04-28T17:14:28.278Z]     Elapsed time: 00:00:06
[Pipeline] bat
[2023-04-28T17:14:28.583Z] Deleting alias drive W:
[Pipeline] bat
[2023-04-28T17:14:28.961Z] Deleting alias drive P:
[Pipeline] }
[Pipeline] // withEnv
[Pipeline] }
[Pipeline] // timeout
[Pipeline] }
[Pipeline] // stage
[Pipeline] }
[Pipeline] // timestamps
[Pipeline] timestamps
[Pipeline] {
[Pipeline] stage
[Pipeline] { (Test)
[Pipeline] timeout
[2023-04-28T17:14:29.241Z] Timeout set to expire in 6 hr 0 min
[Pipeline] {
[Pipeline] withEnv
[Pipeline] {
[Pipeline] bat
[2023-04-28T17:14:29.505Z] Creating alias drive P: to S:\jenkins\workspace
[Pipeline] bat
[2023-04-28T17:14:29.790Z] Creating alias drive W: to S:\jenkins\workspace\ECP\ecg-maya-usd\ecg-mayausd-branch-preflight-2019-no-ufe-windows
[Pipeline] bat
[2023-04-28T17:14:30.323Z] "C:\Program Files (x86)\Microsoft Visual Studio\2017\Professional\VC\Auxiliary\Build\vcvarsall.bat" x64
[2023-04-28T17:14:30.526Z] **********************************************************************
[2023-04-28T17:14:30.526Z] ** Visual Studio 2017 Developer Command Prompt v15.9.15
[2023-04-28T17:14:30.526Z] ** Copyright (c) 2017 Microsoft Corporation
[2023-04-28T17:14:30.526Z] **********************************************************************
[2023-04-28T17:14:31.445Z] [vcvarsall.bat] Environment initialized for: 'x64'
[2023-04-28T17:14:31.445Z] python ecg-maya-usd/build.py --stages=test --workspace-dir=W:\ --artifactory-dir=P:\shared\Artifactory --build-dir=W:\build --install-dir=W:\install --signing-dir=W:\signing --package-dir=W:\package --output-dir=W:\output --stash-dir=W:\stash --jenkins-build=878 --git-commit=5d507ea421524b6a0e3df629b6b430eefdc9a766 --git-branch=master --variants=RelWithDebInfo --python=2.7 --ufe=false --pxrusd-version=0.21.05-gold --post-zips=false --test-jobs=0 --failed-test-retry=3 --maya-cut-config=maya-rundev-2019.yaml --maya-package=rundev-2019 --stage-banner --progressive-timeout
[2023-04-28T17:14:32.364Z] Using Maya cut from P:\shared\Artifactory\Windows\rundev-2019\202003131251\runtime\155eb96
[2023-04-28T17:14:32.364Z] 
[2023-04-28T17:14:32.364Z] ================================================================================
[2023-04-28T17:14:32.364Z]                              test (RelWithDebInfo)
[2023-04-28T17:14:32.364Z] ================================================================================
[2023-04-28T17:14:32.364Z] Maya Python RelWithDebInfo Info:
[2023-04-28T17:14:32.364Z]   mayapy executable   = P:\shared\Artifactory\Windows\rundev-2019\202003131251\runtime\155eb96\runTime\bin\mayapy.exe
[2023-04-28T17:14:32.364Z]   Include Folder      = P:\shared\Artifactory\Windows\rundev-2019\202003131251\runtime\155eb96\runTime\include\Python2.7
[2023-04-28T17:14:32.364Z]   Library             = P:\shared\Artifactory\Windows\rundev-2019\202003131251\runtime\155eb96\runTime\lib\python27.lib
[2023-04-28T17:14:32.364Z]   site-package Folder = P:\shared\Artifactory\Windows\rundev-2019\202003131251\runtime\155eb96\runTime\Python\Lib\site-packages
[2023-04-28T17:14:33.080Z] In workdir: S:\jenkins\workspace\ECP\ecg-maya-usd\ecg-mayausd-branch-preflight-2019-no-ufe-windows\ecg-maya-usd\maya-usd
[2023-04-28T17:14:33.080Z] Executing: 'P:\\shared\\Artifactory\\Windows\\rundev-2019\\202003131251\\runtime\\155eb96\\runTime\\bin\\mayapy.exe' 'S:\\jenkins\\workspace\\ECP\\ecg-maya-usd\\ecg-mayausd-branch-preflight-2019-no-ufe-windows\\ecg-maya-usd\\maya-usd\\build.py' --generator Ninja --build-relwithdebug --maya-location 'P:\\shared\\Artifactory\\Windows\\rundev-2019\\202003131251\\runtime\\155eb96\\runTime' --devkit-location 'P:\\shared\\Artifactory\\Windows\\rundev-2019\\202003131251\\runtime\\155eb96\\devkitBase' --pxrusd-location 'P:\\shared\\Artifactory\\Windows\\USD\\cfb3d8a' --qt-location 'P:\\shared\\Artifactory\\Windows\\qt\\5.6.1\\1acd0ba' --materialx '--build-args=-DCMAKE_MAKE_PROGRAM=P:/shared/Artifactory/Windows/ninja/1.9.0/c68f192/ninja.exe,-DPYTHON_INCLUDE_DIR=P:/shared/Artifactory/Windows/rundev-2019/202003131251/runtime/155eb96/runTime/include/Python2.7,-DPython_EXECUTABLE=P:/shared/Artifactory/Windows/rundev-2019/202003131251/runtime/155eb96/runTime/bin/mayapy.exe,-DPYTHON_LIBRARIES=P:/shared/Artifactory/Windows/rundev-2019/202003131251/runtime/155eb96/runTime/lib/python27.lib,-DCMAKE_WANT_UFE_BUILD=OFF,-DUSD_LIB_PREFIX=,-DBUILD_HDMAYA=OFF' '--ctest-args=-E testUsdReferenceAssemblySelection|testUsdMayaAppDir,-LE interactive,--parallel 16' --stages=test --redirect-outstream-file=False --install-location 'W:\\install\\RelWithDebInfo\\MayaUSD' 'W:\\'
[2023-04-28T17:14:33.080Z] Modified environment variables:
[2023-04-28T17:14:33.080Z]     PATH=P:\shared\Artifactory\Windows\cmake\3.20.3\afe857a\bin;C:\Python27\lib\site-packages\pywin32_system32;C:\Program Files (x86)\Microsoft Visual Studio\2017\Professional\VC\Tools\MSVC\14.16.27023\bin\HostX64\x64;C:\Program Files (x86)\Microsoft Visual Studio\2017\Professional\Common7\IDE\VC\VCPackages;C:\Program Files (x86)\Microsoft Visual Studio\2017\Professional\Common7\IDE\CommonExtensions\Microsoft\TestWindow;C:\Program Files (x86)\Microsoft Visual Studio\2017\Professional\Common7\IDE\CommonExtensions\Microsoft\TeamFoundation\Team Explorer;C:\Program Files (x86)\Microsoft Visual Studio\2017\Professional\MSBuild\15.0\bin\Roslyn;C:\Program Files (x86)\Microsoft Visual Studio\2017\Professional\Team Tools\Performance Tools\x64;C:\Program Files (x86)\Microsoft Visual Studio\2017\Professional\Team Tools\Performance Tools;C:\Program Files (x86)\Microsoft Visual Studio\Shared\Common\VSPerfCollectionTools\\x64;C:\Program Files (x86)\Microsoft Visual Studio\Shared\Common\VSPerfCollectionTools\;C:\Program Files (x86)\Microsoft SDKs\Windows\v10.0A\bin\NETFX 4.6.1 Tools\x64\;C:\Program Files (x86)\HTML Help Workshop;C:\Program Files (x86)\Windows Kits\10\bin\10.0.18362.0\x64;C:\Program Files (x86)\Windows Kits\10\bin\x64;C:\Program Files (x86)\Microsoft Visual Studio\2017\Professional\\MSBuild\15.0\bin;C:\WINDOWS\Microsoft.NET\Framework64\v4.0.30319;C:\Program Files (x86)\Microsoft Visual Studio\2017\Professional\Common7\IDE\;C:\Program Files (x86)\Microsoft Visual Studio\2017\Professional\Common7\Tools\;C:\Python27\;C:\Python27\Scripts;C:\WINDOWS\system32;C:\WINDOWS;C:\WINDOWS\System32\Wbem;C:\WINDOWS\System32\WindowsPowerShell\v1.0\;C:\WINDOWS\System32\OpenSSH\;C:\ProgramData\chocolatey\bin;C:\Program Files (x86)\WiX Toolset v3.7\bin;C:\Program Files\dotnet\;C:\Program Files (x86)\Windows Kits\10\bin\10.0.18362.0\x64;C:\Program Files\Zulu\zulu-11\bin\;C:\Program Files (x86)\Windows Kits\10\bin\10.0.17763.0\x64;C:\Program Files (x86)\Windows Kits\10\bin\x64;C:\Program Files\Git\cmd;C:\Program Files\Git\usr\bin;C:\Program Files\Git\mingw64\bin;C:\Program Files\Git\bin;C:\Python38\;C:\Python38\Scripts;C:\StoreBoxClientWindows;C:\Program Files\Electric Cloud\ElectricCommander\bin;C:\Program Files\WinRAR;C:\Program Files\7-Zip;C:\Users\Administrator\AppData\Local\Microsoft\WindowsApps;C:\Program Files (x86)\Microsoft Visual Studio\2017\Professional\Common7\IDE\CommonExtensions\Microsoft\CMake\CMake\bin;C:\Program Files (x86)\Microsoft Visual Studio\2017\Professional\Common7\IDE\CommonExtensions\Microsoft\CMake\Ninja
[2023-04-28T17:14:33.391Z]     Test project W:/build/RelWithDebInfo
[2023-04-28T17:14:34.317Z]             Start   1: testMayaUsdConverter
[2023-04-28T17:14:34.317Z]             Start   2: testMayaUsdCreateStageCommands
[2023-04-28T17:14:34.317Z]             Start   3: testMayaUsdPythonImport
[2023-04-28T17:14:34.317Z]             Start   4: testMayaUsdLayerEditorCommands
[2023-04-28T17:14:34.317Z]             Start   5: testMayaUsdCacheId
[2023-04-28T17:14:34.317Z]             Start   7: _Interactive_Maya
[2023-04-28T17:14:34.317Z]       1/130 Test   #7: _Interactive_Maya ...............................***Not Run (Disabled)   0.00 sec
[2023-04-28T17:14:34.317Z]             Start   8: testMayaUsdPlugVersionCheck
[2023-04-28T17:14:34.317Z]             Start   9: testPxrUsdPreviewSurfaceDraw
[2023-04-28T17:14:34.317Z]             Start  10: testPxrUsdPreviewSurfaceExport
[2023-04-28T17:14:34.317Z]             Start  11: testMayaUsdSchemasPythonImport
[2023-04-28T17:14:34.317Z]             Start  12: testMayaUsdSchemasMayaReference
[2023-04-28T17:14:34.317Z]             Start  13: testDiffCore
[2023-04-28T17:14:34.463Z]             Start  14: testDiffValues
[2023-04-28T17:14:34.463Z]             Start  15: testDiffAttributes
[2023-04-28T17:14:37.122Z]             Start  16: testDiffRelationships
[2023-04-28T17:14:37.122Z]             Start  17: testDiffDictionaries
[2023-04-28T17:14:37.122Z]             Start  18: testDiffLists
[2023-04-28T17:14:37.122Z]       2/130 Test  #13: testDiffCore ....................................   Passed    1.00 sec
[2023-04-28T17:14:37.122Z]             Start  19: testDiffComputeOverall
[2023-04-28T17:14:37.122Z]       3/130 Test  #17: testDiffDictionaries ............................   Passed    1.00 sec
[2023-04-28T17:14:37.122Z]             Start  20: testDiffPrims
[2023-04-28T17:14:37.122Z]       4/130 Test  #18: testDiffLists ...................................   Passed    1.01 sec
[2023-04-28T17:14:37.122Z]             Start  21: testMergePrims
[2023-04-28T17:14:37.122Z]       5/130 Test  #19: testDiffComputeOverall ..........................   Passed    1.08 sec
[2023-04-28T17:14:37.122Z]             Start  22: testDiffMetadatas
[2023-04-28T17:14:38.483Z]       6/130 Test  #14: testDiffValues ..................................   Passed    4.05 sec
[2023-04-28T17:14:38.483Z]             Start  23: testUsdExportAnimation
[2023-04-28T17:14:38.860Z]       7/130 Test  #22: testDiffMetadatas ...............................   Passed    2.16 sec
[2023-04-28T17:14:38.860Z]             Start  24: testUsdExportAsClip
[2023-04-28T17:14:38.860Z]       8/130 Test  #16: testDiffRelationships ...........................   Passed    4.11 sec
[2023-04-28T17:14:38.860Z]             Start  25: testUsdExportBindTransform
[2023-04-28T17:14:38.969Z]       9/130 Test  #20: testDiffPrims ...................................   Passed    2.68 sec
[2023-04-28T17:14:38.969Z]             Start  26: testUsdExportBlendshapes
[2023-04-28T17:14:38.969Z]      10/130 Test  #15: testDiffAttributes ..............................   Passed    4.48 sec
[2023-04-28T17:14:38.969Z]             Start  27: testUsdExportCamera
[2023-04-28T17:14:38.969Z]      11/130 Test  #21: testMergePrims ..................................   Passed    2.62 sec
[2023-04-28T17:14:38.969Z]             Start  28: testUsdExportColorSets
[2023-04-28T17:15:04.268Z]      12/130 Test   #9: testPxrUsdPreviewSurfaceDraw ....................   Passed   29.92 sec
[2023-04-28T17:15:04.268Z]             Start  29: testUsdExportConnected
[2023-04-28T17:15:05.202Z]      13/130 Test  #11: testMayaUsdSchemasPythonImport ..................   Passed   30.88 sec
[2023-04-28T17:15:05.202Z]             Start  30: testUsdExportDisplayColor
[2023-04-28T17:15:05.321Z]      14/130 Test  #12: testMayaUsdSchemasMayaReference .................   Passed   30.91 sec
[2023-04-28T17:15:05.321Z]             Start  31: testUsdExportEulerFilter
[2023-04-28T17:15:05.740Z]      15/130 Test   #3: testMayaUsdPythonImport .........................   Passed   31.41 sec
[2023-04-28T17:15:05.740Z]             Start  32: testUsdExportFileFormat
[2023-04-28T17:15:06.173Z]      16/130 Test   #8: testMayaUsdPlugVersionCheck .....................   Passed   31.79 sec
[2023-04-28T17:15:06.173Z]             Start  33: testUsdExportFilterTypes
[2023-04-28T17:15:06.291Z]      17/130 Test   #1: testMayaUsdConverter ............................   Passed   31.98 sec
[2023-04-28T17:15:06.291Z]             Start  34: testUsdExportFrameOffset
[2023-04-28T17:15:06.709Z]      18/130 Test  #23: testUsdExportAnimation ..........................   Passed   28.25 sec
[2023-04-28T17:15:06.709Z]             Start  35: testUsdExportGeomSubset
[2023-04-28T17:15:07.025Z]      19/130 Test  #26: testUsdExportBlendshapes ........................   Passed   28.11 sec
[2023-04-28T17:15:07.026Z]             Start  36: testUsdExportInstances
[2023-04-28T17:15:07.026Z]      20/130 Test  #25: testUsdExportBindTransform ......................   Passed   28.40 sec
[2023-04-28T17:15:07.026Z]             Start  37: testUsdExportLayerAttributes
[2023-04-28T17:15:08.871Z]      21/130 Test   #4: testMayaUsdLayerEditorCommands ..................***Failed   34.51 sec
[2023-04-28T17:15:08.871Z]     MAYA_DEBUG_NO_SAVE_ON_CRASH is set.
[2023-04-28T17:15:08.871Z]     EEEEWarning: This file is from an older version of Maya.  If saved, it will not be readable by previous versions.
[2023-04-28T17:15:08.871Z]     File read in  2.6 seconds.
[2023-04-28T17:15:08.871Z]     .EEE
[2023-04-28T17:15:08.871Z]     ======================================================================
[2023-04-28T17:15:08.871Z]     ERROR: testEditTarget (testMayaUsdLayerEditorCommands.MayaUsdLayerEditorCommandsTestCase)
[2023-04-28T17:15:08.871Z]     tests 'mayaUsdEditTarget' command, but also touches on adding anon layers
[2023-04-28T17:15:08.871Z]     ----------------------------------------------------------------------
[2023-04-28T17:15:08.871Z]     Traceback (most recent call last):
[2023-04-28T17:15:08.871Z]       File "S:\jenkins\workspace\ECP\ecg-maya-usd\ecg-mayausd-branch-preflight-2019-no-ufe-windows\ecg-maya-usd\maya-usd\test\lib\testMayaUsdLayerEditorCommands.py", line 58, in testEditTarget
[2023-04-28T17:15:08.871Z]         shapePath, stage = getCleanMayaStage()
[2023-04-28T17:15:08.871Z]       File "S:\jenkins\workspace\ECP\ecg-maya-usd\ecg-mayausd-branch-preflight-2019-no-ufe-windows\ecg-maya-usd\maya-usd\test\lib\testMayaUsdLayerEditorCommands.py", line 44, in getCleanMayaStage
[2023-04-28T17:15:08.871Z]         shapePath = mayaUsd_createStageWithNewLayer.createStageWithNewLayer()
[2023-04-28T17:15:08.871Z]       File "W:\install\RelWithDebInfo\MayaUSD\plugin\adsk\scripts\mayaUsd_createStageWithNewLayer.py", line 33, in createStageWithNewLayer
[2023-04-28T17:15:08.871Z]         if hasattr(mayaUsd.ufe, "createStageWithNewLayer"):
[2023-04-28T17:15:08.871Z]     AttributeError: 'module' object has no attribute 'ufe'
[2023-04-28T17:15:08.871Z]     
[2023-04-28T17:15:08.871Z]     ======================================================================
[2023-04-28T17:15:08.871Z]     ERROR: testMoveRelativeSubPath (testMayaUsdLayerEditorCommands.MayaUsdLayerEditorCommandsTestCase)
[2023-04-28T17:15:08.871Z]     test 'mayaUsdLayerEditor' command 'moveSubPath' paramater for relative subpaths
[2023-04-28T17:15:08.871Z]     ----------------------------------------------------------------------
[2023-04-28T17:15:08.871Z]     Traceback (most recent call last):
[2023-04-28T17:15:08.871Z]       File "S:\jenkins\workspace\ECP\ecg-maya-usd\ecg-mayausd-branch-preflight-2019-no-ufe-windows\ecg-maya-usd\maya-usd\test\lib\testMayaUsdLayerEditorCommands.py", line 495, in testMoveRelativeSubPath
[2023-04-28T17:15:08.871Z]         shapePath, stage = getCleanMayaStage()
[2023-04-28T17:15:08.871Z]       File "S:\jenkins\workspace\ECP\ecg-maya-usd\ecg-mayausd-branch-preflight-2019-no-ufe-windows\ecg-maya-usd\maya-usd\test\lib\testMayaUsdLayerEditorCommands.py", line 44, in getCleanMayaStage
[2023-04-28T17:15:08.871Z]         shapePath = mayaUsd_createStageWithNewLayer.createStageWithNewLayer()
[2023-04-28T17:15:08.871Z]       File "W:\install\RelWithDebInfo\MayaUSD\plugin\adsk\scripts\mayaUsd_createStageWithNewLayer.py", line 33, in createStageWithNewLayer
[2023-04-28T17:15:08.871Z]         if hasattr(mayaUsd.ufe, "createStageWithNewLayer"):
[2023-04-28T17:15:08.871Z]     AttributeError: 'module' object has no attribute 'ufe'
[2023-04-28T17:15:08.871Z]     
[2023-04-28T17:15:08.871Z]     ======================================================================
[2023-04-28T17:15:08.871Z]     ERROR: testMoveSubPath (testMayaUsdLayerEditorCommands.MayaUsdLayerEditorCommandsTestCase)
[2023-04-28T17:15:08.871Z]     test 'mayaUsdLayerEditor' command 'moveSubPath' paramater
[2023-04-28T17:15:08.871Z]     ----------------------------------------------------------------------
[2023-04-28T17:15:08.871Z]     Traceback (most recent call last):
[2023-04-28T17:15:08.871Z]       File "S:\jenkins\workspace\ECP\ecg-maya-usd\ecg-mayausd-branch-preflight-2019-no-ufe-windows\ecg-maya-usd\maya-usd\test\lib\testMayaUsdLayerEditorCommands.py", line 420, in testMoveSubPath
[2023-04-28T17:15:08.871Z]         shapePath, stage = getCleanMayaStage()
[2023-04-28T17:15:08.871Z]       File "S:\jenkins\workspace\ECP\ecg-maya-usd\ecg-mayausd-branch-preflight-2019-no-ufe-windows\ecg-maya-usd\maya-usd\test\lib\testMayaUsdLayerEditorCommands.py", line 44, in getCleanMayaStage
[2023-04-28T17:15:08.871Z]         shapePath = mayaUsd_createStageWithNewLayer.createStageWithNewLayer()
[2023-04-28T17:15:08.871Z]       File "W:\install\RelWithDebInfo\MayaUSD\plugin\adsk\scripts\mayaUsd_createStageWithNewLayer.py", line 33, in createStageWithNewLayer
[2023-04-28T17:15:08.871Z]         if hasattr(mayaUsd.ufe, "createStageWithNewLayer"):
[2023-04-28T17:15:08.871Z]     AttributeError: 'module' object has no attribute 'ufe'
[2023-04-28T17:15:08.871Z]     
[2023-04-28T17:15:08.871Z]     ======================================================================
[2023-04-28T17:15:08.871Z]     ERROR: testMuteLayer (testMayaUsdLayerEditorCommands.MayaUsdLayerEditorCommandsTestCase)
[2023-04-28T17:15:08.871Z]     test 'mayaUsdLayerEditor' command 'muteLayer' paramater
[2023-04-28T17:15:08.871Z]     ----------------------------------------------------------------------
[2023-04-28T17:15:08.871Z]     Traceback (most recent call last):
[2023-04-28T17:15:08.871Z]       File "S:\jenkins\workspace\ECP\ecg-maya-usd\ecg-mayausd-branch-preflight-2019-no-ufe-windows\ecg-maya-usd\maya-usd\test\lib\testMayaUsdLayerEditorCommands.py", line 599, in testMuteLayer
[2023-04-28T17:15:08.871Z]         testMuteLayerImpl(addAnonymousLayer)
[2023-04-28T17:15:08.871Z]       File "S:\jenkins\workspace\ECP\ecg-maya-usd\ecg-mayausd-branch-preflight-2019-no-ufe-windows\ecg-maya-usd\maya-usd\test\lib\testMayaUsdLayerEditorCommands.py", line 552, in testMuteLayerImpl
[2023-04-28T17:15:08.871Z]         shapePath, stage = getCleanMayaStage()
[2023-04-28T17:15:08.871Z]       File "S:\jenkins\workspace\ECP\ecg-maya-usd\ecg-mayausd-branch-preflight-2019-no-ufe-windows\ecg-maya-usd\maya-usd\test\lib\testMayaUsdLayerEditorCommands.py", line 44, in getCleanMayaStage
[2023-04-28T17:15:08.871Z]         shapePath = mayaUsd_createStageWithNewLayer.createStageWithNewLayer()
[2023-04-28T17:15:08.871Z]       File "W:\install\RelWithDebInfo\MayaUSD\plugin\adsk\scripts\mayaUsd_createStageWithNewLayer.py", line 33, in createStageWithNewLayer
[2023-04-28T17:15:08.871Z]         if hasattr(mayaUsd.ufe, "createStageWithNewLayer"):
[2023-04-28T17:15:08.871Z]     AttributeError: 'module' object has no attribute 'ufe'
[2023-04-28T17:15:08.871Z]     
[2023-04-28T17:15:08.871Z]     ======================================================================
[2023-04-28T17:15:08.871Z]     ERROR: testRemoveEditTarget (testMayaUsdLayerEditorCommands.MayaUsdLayerEditorCommandsTestCase)
[2023-04-28T17:15:08.871Z]     ----------------------------------------------------------------------
[2023-04-28T17:15:08.871Z]     Traceback (most recent call last):
[2023-04-28T17:15:08.871Z]       File "S:\jenkins\workspace\ECP\ecg-maya-usd\ecg-mayausd-branch-preflight-2019-no-ufe-windows\ecg-maya-usd\maya-usd\test\lib\testMayaUsdLayerEditorCommands.py", line 266, in testRemoveEditTarget
[2023-04-28T17:15:08.871Z]         shapePath, stage = getCleanMayaStage()
[2023-04-28T17:15:08.871Z]       File "S:\jenkins\workspace\ECP\ecg-maya-usd\ecg-mayausd-branch-preflight-2019-no-ufe-windows\ecg-maya-usd\maya-usd\test\lib\testMayaUsdLayerEditorCommands.py", line 44, in getCleanMayaStage
[2023-04-28T17:15:08.871Z]         shapePath = mayaUsd_createStageWithNewLayer.createStageWithNewLayer()
[2023-04-28T17:15:08.871Z]       File "W:\install\RelWithDebInfo\MayaUSD\plugin\adsk\scripts\mayaUsd_createStageWithNewLayer.py", line 33, in createStageWithNewLayer
[2023-04-28T17:15:08.871Z]         if hasattr(mayaUsd.ufe, "createStageWithNewLayer"):
[2023-04-28T17:15:08.871Z]     AttributeError: 'module' object has no attribute 'ufe'
[2023-04-28T17:15:08.871Z]     
[2023-04-28T17:15:08.871Z]     ======================================================================
[2023-04-28T17:15:08.871Z]     ERROR: testRemoveMultipleLayers (testMayaUsdLayerEditorCommands.MayaUsdLayerEditorCommandsTestCase)
[2023-04-28T17:15:08.871Z]     ----------------------------------------------------------------------
[2023-04-28T17:15:08.871Z]     Traceback (most recent call last):
[2023-04-28T17:15:08.871Z]       File "S:\jenkins\workspace\ECP\ecg-maya-usd\ecg-mayausd-branch-preflight-2019-no-ufe-windows\ecg-maya-usd\maya-usd\test\lib\testMayaUsdLayerEditorCommands.py", line 368, in testRemoveMultipleLayers
[2023-04-28T17:15:08.871Z]         shapePath, stage = getCleanMayaStage()
[2023-04-28T17:15:08.871Z]       File "S:\jenkins\workspace\ECP\ecg-maya-usd\ecg-mayausd-branch-preflight-2019-no-ufe-windows\ecg-maya-usd\maya-usd\test\lib\testMayaUsdLayerEditorCommands.py", line 44, in getCleanMayaStage
[2023-04-28T17:15:08.871Z]         shapePath = mayaUsd_createStageWithNewLayer.createStageWithNewLayer()
[2023-04-28T17:15:08.871Z]       File "W:\install\RelWithDebInfo\MayaUSD\plugin\adsk\scripts\mayaUsd_createStageWithNewLayer.py", line 33, in createStageWithNewLayer
[2023-04-28T17:15:08.871Z]         if hasattr(mayaUsd.ufe, "createStageWithNewLayer"):
[2023-04-28T17:15:08.871Z]     AttributeError: 'module' object has no attribute 'ufe'
[2023-04-28T17:15:08.871Z]     
[2023-04-28T17:15:08.871Z]     ======================================================================
[2023-04-28T17:15:08.871Z]     ERROR: testSubLayerEditing (testMayaUsdLayerEditorCommands.MayaUsdLayerEditorCommandsTestCase)
[2023-04-28T17:15:08.871Z]     test 'mayaUsdLayerEditor' command
[2023-04-28T17:15:08.871Z]     ----------------------------------------------------------------------
[2023-04-28T17:15:08.871Z]     Traceback (most recent call last):
[2023-04-28T17:15:08.871Z]       File "S:\jenkins\workspace\ECP\ecg-maya-usd\ecg-mayausd-branch-preflight-2019-no-ufe-windows\ecg-maya-usd\maya-usd\test\lib\testMayaUsdLayerEditorCommands.py", line 122, in testSubLayerEditing
[2023-04-28T17:15:08.871Z]         _shapePath, stage = getCleanMayaStage()
[2023-04-28T17:15:08.871Z]       File "S:\jenkins\workspace\ECP\ecg-maya-usd\ecg-mayausd-branch-preflight-2019-no-ufe-windows\ecg-maya-usd\maya-usd\test\lib\testMayaUsdLayerEditorCommands.py", line 44, in getCleanMayaStage
[2023-04-28T17:15:08.871Z]         shapePath = mayaUsd_createStageWithNewLayer.createStageWithNewLayer()
[2023-04-28T17:15:08.871Z]       File "W:\install\RelWithDebInfo\MayaUSD\plugin\adsk\scripts\mayaUsd_createStageWithNewLayer.py", line 33, in createStageWithNewLayer
[2023-04-28T17:15:08.871Z]         if hasattr(mayaUsd.ufe, "createStageWithNewLayer"):
[2023-04-28T17:15:08.871Z]     AttributeError: 'module' object has no attribute 'ufe'
[2023-04-28T17:15:08.871Z]     
[2023-04-28T17:15:08.871Z]     ----------------------------------------------------------------------
[2023-04-28T17:15:08.871Z]     Ran 8 tests in 3.788s
[2023-04-28T17:15:08.871Z]     
[2023-04-28T17:15:08.871Z]     FAILED (errors=7)
[2023-04-28T17:15:08.871Z]     
[2023-04-28T17:15:08.871Z]             Start  38: testUsdExportLight
[2023-04-28T17:15:08.871Z]      22/130 Test   #5: testMayaUsdCacheId ..............................   Passed   34.55 sec
[2023-04-28T17:15:08.871Z]             Start  39: testUsdExportLocator
[2023-04-28T17:15:08.871Z]      23/130 Test  #29: testUsdExportConnected ..........................   Passed    4.62 sec
[2023-04-28T17:15:08.871Z]             Start  40: testUsdExportMayaInstancer
[2023-04-28T17:15:08.990Z]      24/130 Test   #2: testMayaUsdCreateStageCommands ..................***Failed   34.69 sec
[2023-04-28T17:15:08.990Z]     MAYA_DEBUG_NO_SAVE_ON_CRASH is set.
[2023-04-28T17:15:08.990Z]     Warning: This file is from an older version of Maya.  If saved, it will not be readable by previous versions.
[2023-04-28T17:15:08.990Z]     File read in  2.7 seconds.
[2023-04-28T17:15:08.990Z]     .E
[2023-04-28T17:15:08.990Z]     ======================================================================
[2023-04-28T17:15:08.990Z]     ERROR: testCreateStageWithNewLayer (testMayaUsdCreateStageCommands.MayaUsdCreateStageCommandsTestCase)
[2023-04-28T17:15:08.990Z]     ----------------------------------------------------------------------
[2023-04-28T17:15:08.990Z]     Traceback (most recent call last):
[2023-04-28T17:15:08.990Z]       File "S:\jenkins\workspace\ECP\ecg-maya-usd\ecg-mayausd-branch-preflight-2019-no-ufe-windows\ecg-maya-usd\maya-usd\test\lib\testMayaUsdCreateStageCommands.py", line 44, in testCreateStageWithNewLayer
[2023-04-28T17:15:08.990Z]         shapeNode = mayaUsd_createStageWithNewLayer.createStageWithNewLayer()
[2023-04-28T17:15:08.990Z]       File "W:\install\RelWithDebInfo\MayaUSD\plugin\adsk\scripts\mayaUsd_createStageWithNewLayer.py", line 33, in createStageWithNewLayer
[2023-04-28T17:15:08.990Z]         if hasattr(mayaUsd.ufe, "createStageWithNewLayer"):
[2023-04-28T17:15:08.990Z]     AttributeError: 'module' object has no attribute 'ufe'
[2023-04-28T17:15:08.990Z]     
[2023-04-28T17:15:08.991Z]     ----------------------------------------------------------------------
[2023-04-28T17:15:08.991Z]     Ran 2 tests in 5.419s
[2023-04-28T17:15:08.991Z]     
[2023-04-28T17:15:08.991Z]     FAILED (errors=1)
[2023-04-28T17:15:08.991Z]     
[2023-04-28T17:15:08.991Z]             Start  41: testUsdExportMesh
[2023-04-28T17:15:08.991Z]      25/130 Test  #27: testUsdExportCamera .............................   Passed   30.05 sec
[2023-04-28T17:15:08.991Z]             Start  42: testUsdExportNurbsCurve
[2023-04-28T17:15:09.119Z]      26/130 Test  #10: testPxrUsdPreviewSurfaceExport ..................   Passed   34.78 sec
[2023-04-28T17:15:09.119Z]             Start  43: testUsdExportOpenLayer
[2023-04-28T17:15:09.243Z]      27/130 Test  #24: testUsdExportAsClip .............................   Passed   30.58 sec
[2023-04-28T17:15:09.243Z]             Start  44: testUsdExportOverImport
[2023-04-28T17:15:09.367Z]      28/130 Test  #28: testUsdExportColorSets ..........................   Passed   30.42 sec
[2023-04-28T17:15:09.367Z]             Start  45: testUsdExportUsdPreviewSurface
[2023-04-28T17:15:09.811Z]      29/130 Test  #31: testUsdExportEulerFilter ........................   Passed    4.52 sec
[2023-04-28T17:15:09.811Z]             Start  46: testUsdExportParentScope
[2023-04-28T17:15:09.811Z]      30/130 Test  #30: testUsdExportDisplayColor .......................   Passed    4.57 sec
[2023-04-28T17:15:09.811Z]             Start  47: testUsdExportParticles
[2023-04-28T17:15:09.938Z]      31/130 Test  #32: testUsdExportFileFormat .........................   Passed    4.19 sec
[2023-04-28T17:15:09.938Z]             Start  48: testUsdExportPref
[2023-04-28T17:15:11.531Z]      32/130 Test  #34: testUsdExportFrameOffset ........................   Passed    5.23 sec
[2023-04-28T17:15:11.531Z]             Start  49: testUsdExportRenderLayerMode
[2023-04-28T17:15:11.759Z]      33/130 Test  #36: testUsdExportInstances ..........................   Passed    4.71 sec
[2023-04-28T17:15:11.759Z]             Start  50: testUsdExportRoots
[2023-04-28T17:15:12.003Z]      34/130 Test  #35: testUsdExportGeomSubset .........................   Passed    5.29 sec
[2023-04-28T17:15:12.003Z]             Start  51: testUsdExportRootsAndParentScope
[2023-04-28T17:15:12.136Z]      35/130 Test  #37: testUsdExportLayerAttributes ....................   Passed    4.99 sec
[2023-04-28T17:15:12.136Z]             Start  52: testUsdExportSelection
[2023-04-28T17:15:12.361Z]      36/130 Test  #33: testUsdExportFilterTypes ........................   Passed    6.26 sec
[2023-04-28T17:15:12.361Z]             Start  53: testUsdExportSelectionHierarchy
[2023-04-28T17:15:13.517Z]      37/130 Test  #43: testUsdExportOpenLayer ..........................   Passed    4.36 sec
[2023-04-28T17:15:13.517Z]             Start  54: testUsdExportSkeleton
[2023-04-28T17:15:13.784Z]      38/130 Test  #44: testUsdExportOverImport .........................   Passed    4.54 sec
[2023-04-28T17:15:13.784Z]             Start  55: testUsdExportSkin
[2023-04-28T17:15:14.107Z]      39/130 Test  #41: testUsdExportMesh ...............................   Passed    5.12 sec
[2023-04-28T17:15:14.108Z]             Start  56: testUsdExportStripNamespaces
[2023-04-28T17:15:14.108Z]      40/130 Test  #38: testUsdExportLight ..............................   Passed    5.29 sec
[2023-04-28T17:15:14.108Z]             Start  57: testUsdExportStroke
[2023-04-28T17:15:14.108Z]      41/130 Test  #39: testUsdExportLocator ............................   Passed    5.28 sec
[2023-04-28T17:15:14.108Z]             Start  58: testUsdExportUserTaggedAttributes
[2023-04-28T17:15:14.228Z]      42/130 Test  #42: testUsdExportNurbsCurve .........................   Passed    5.21 sec
[2023-04-28T17:15:14.228Z]             Start  59: testUsdExportVisibilityDefault
[2023-04-28T17:15:14.228Z]      43/130 Test  #40: testUsdExportMayaInstancer ......................   Passed    5.37 sec
[2023-04-28T17:15:14.228Z]             Start  60: testUsdImportAnonymousLayer
[2023-04-28T17:15:15.266Z]      44/130 Test  #47: testUsdExportParticles ..........................   Passed    5.42 sec
[2023-04-28T17:15:15.266Z]             Start  61: testUsdImportCamera
[2023-04-28T17:15:15.385Z]      45/130 Test  #46: testUsdExportParentScope ........................   Passed    5.59 sec
[2023-04-28T17:15:15.386Z]             Start  62: testUsdImportBasisCurves
[2023-04-28T17:15:15.516Z]      46/130 Test  #45: testUsdExportUsdPreviewSurface ..................   Passed    6.08 sec
[2023-04-28T17:15:15.516Z]             Start  63: testUsdImportBatchNurbsCurves
[2023-04-28T17:15:15.516Z]      47/130 Test  #49: testUsdExportRenderLayerMode ....................   Passed    3.98 sec
[2023-04-28T17:15:15.516Z]             Start  64: testUsdImportLinearCurves
[2023-04-28T17:15:15.640Z]      48/130 Test  #48: testUsdExportPref ...............................   Passed    5.72 sec
[2023-04-28T17:15:15.640Z]             Start  65: testUsdImportHighDegreeNurbsCurves
[2023-04-28T17:15:16.700Z]      49/130 Test  #51: testUsdExportRootsAndParentScope ................   Passed    4.74 sec
[2023-04-28T17:15:16.700Z]             Start  66: testUsdImportNurbsCurves
[2023-04-28T17:15:17.137Z]      50/130 Test  #52: testUsdExportSelection ..........................   Passed    5.05 sec
[2023-04-28T17:15:17.137Z]             Start  67: testUsdImportBatchBezierCurves
[2023-04-28T17:15:17.469Z]      51/130 Test  #53: testUsdExportSelectionHierarchy .................   Passed    5.06 sec
[2023-04-28T17:15:17.469Z]             Start  68: testUsdImportColorSets
[2023-04-28T17:15:18.500Z]      52/130 Test  #56: testUsdExportStripNamespaces ....................   Passed    4.37 sec
[2023-04-28T17:15:18.500Z]             Start  69: testUsdImportDisplacement
[2023-04-28T17:15:18.624Z]      53/130 Test  #55: testUsdExportSkin ...............................   Passed    4.77 sec
[2023-04-28T17:15:18.624Z]             Start  70: testUsdImportExportScope
[2023-04-28T17:15:18.768Z]      54/130 Test  #60: testUsdImportAnonymousLayer .....................   Passed    4.44 sec
[2023-04-28T17:15:18.768Z]             Start  71: testUsdImportExportTypelessDefs
[2023-04-28T17:15:18.903Z]      55/130 Test  #59: testUsdExportVisibilityDefault ..................   Passed    4.71 sec
[2023-04-28T17:15:18.903Z]             Start  72: testUsdImportFrameRange
[2023-04-28T17:15:18.903Z]      56/130 Test  #57: testUsdExportStroke .............................   Passed    4.83 sec
[2023-04-28T17:15:18.903Z]             Start  73: testUsdImportFramerates
[2023-04-28T17:15:19.140Z]      57/130 Test  #58: testUsdExportUserTaggedAttributes ...............   Passed    4.99 sec
[2023-04-28T17:15:19.140Z]             Start  74: testUsdImportInstances
[2023-04-28T17:15:19.908Z]      58/130 Test  #54: testUsdExportSkeleton ...........................   Passed    6.39 sec
[2023-04-28T17:15:19.908Z]             Start  75: testUsdImportLight
[2023-04-28T17:15:20.024Z]      59/130 Test  #50: testUsdExportRoots ..............................   Passed    8.21 sec
[2023-04-28T17:15:20.024Z]             Start  76: testUsdImportMayaReference
[2023-04-28T17:15:20.244Z]      60/130 Test  #61: testUsdImportCamera .............................   Passed    4.97 sec
[2023-04-28T17:15:20.244Z]             Start  77: testUsdImportMesh
[2023-04-28T17:15:21.288Z]      61/130 Test  #62: testUsdImportBasisCurves ........................   Passed    5.86 sec
[2023-04-28T17:15:21.288Z]             Start  78: testUsdImportPointCache
[2023-04-28T17:15:21.288Z]      62/130 Test  #63: testUsdImportBatchNurbsCurves ...................   Passed    5.80 sec
[2023-04-28T17:15:21.288Z]             Start  79: testUsdImportPreviewSurface
[2023-04-28T17:15:21.288Z]      63/130 Test  #64: testUsdImportLinearCurves .......................   Passed    5.77 sec
[2023-04-28T17:15:21.288Z]             Start  80: testUsdImportSessionLayer
[2023-04-28T17:15:21.288Z]      64/130 Test  #65: testUsdImportHighDegreeNurbsCurves ..............   Passed    5.65 sec
[2023-04-28T17:15:21.288Z]             Start  81: testUsdImportShadingModeDisplayColor
[2023-04-28T17:15:21.850Z]      65/130 Test  #66: testUsdImportNurbsCurves ........................   Passed    5.09 sec
[2023-04-28T17:15:21.850Z]             Start  82: testUsdImportShadingModePxrRis
[2023-04-28T17:15:21.850Z]      66/130 Test  #67: testUsdImportBatchBezierCurves ..................   Passed    4.75 sec
[2023-04-28T17:15:21.850Z]             Start  83: testUsdImportUVSetMappings
[2023-04-28T17:15:22.292Z]      67/130 Test  #68: testUsdImportColorSets ..........................   Passed    4.79 sec
[2023-04-28T17:15:22.292Z]             Start  84: testUsdImportUSDZTextures
[2023-04-28T17:15:23.343Z]      68/130 Test  #70: testUsdImportExportScope ........................   Passed    4.82 sec
[2023-04-28T17:15:23.343Z]             Start  85: testUsdExportImportRoundtripPreviewSurface
[2023-04-28T17:15:23.343Z]      69/130 Test  #69: testUsdImportDisplacement .......................   Passed    4.90 sec
[2023-04-28T17:15:23.343Z]             Start  86: testUsdImportSkeleton
[2023-04-28T17:15:23.463Z]      70/130 Test  #71: testUsdImportExportTypelessDefs .................   Passed    4.71 sec
[2023-04-28T17:15:23.463Z]             Start  87: testUsdImportXforms
[2023-04-28T17:15:23.585Z]      71/130 Test  #73: testUsdImportFramerates .........................   Passed    4.58 sec
[2023-04-28T17:15:23.585Z]             Start  88: testUsdImportXformAnim
[2023-04-28T17:15:23.585Z]      72/130 Test  #72: testUsdImportFrameRange .........................   Passed    4.64 sec
[2023-04-28T17:15:23.585Z]             Start  89: testUsdImportEulerFilter
[2023-04-28T17:15:23.702Z]      73/130 Test  #74: testUsdImportInstances ..........................   Passed    4.54 sec
[2023-04-28T17:15:23.702Z]             Start  90: testUsdMayaAdaptor
[2023-04-28T17:15:24.528Z]      74/130 Test  #75: testUsdImportLight ..............................   Passed    4.66 sec
[2023-04-28T17:15:24.528Z]             Start  91: testUsdMayaAdaptorGeom
[2023-04-28T17:15:25.663Z]      75/130 Test  #77: testUsdImportMesh ...............................   Passed    5.40 sec
[2023-04-28T17:15:25.663Z]             Start  92: testUsdMayaAdaptorMetadata
[2023-04-28T17:15:26.113Z]      76/130 Test  #76: testUsdImportMayaReference ......................   Passed    6.15 sec
[2023-04-28T17:15:26.113Z]             Start  93: testUsdMayaAdaptorUndoRedo
[2023-04-28T17:15:27.272Z]      77/130 Test  #82: testUsdImportShadingModePxrRis ..................   Passed    5.43 sec
[2023-04-28T17:15:27.272Z]             Start  94: testUsdExportUVTransforms
[2023-04-28T17:15:27.272Z]      78/130 Test  #81: testUsdImportShadingModeDisplayColor ............   Passed    5.99 sec
[2023-04-28T17:15:27.272Z]             Start  95: testUsdExportUsdzPackage
[2023-04-28T17:15:27.272Z]      79/130 Test  #78: testUsdImportPointCache .........................   Passed    6.03 sec
[2023-04-28T17:15:27.272Z]             Start  96: testUsdImportRfMShaders
[2023-04-28T17:15:27.272Z]      80/130 Test  #80: testUsdImportSessionLayer .......................   Passed    6.02 sec
[2023-04-28T17:15:27.272Z]             Start  97: testUsdExportDisplacement
[2023-04-28T17:15:27.272Z]      81/130 Test  #83: testUsdImportUVSetMappings ......................   Passed    5.45 sec
[2023-04-28T17:15:27.272Z]             Start  98: testUsdExportShadingInstanced
[2023-04-28T17:15:27.495Z]      82/130 Test  #79: testUsdImportPreviewSurface .....................   Passed    6.27 sec
[2023-04-28T17:15:27.495Z]             Start  99: testUsdExportShadingModePxrRis
[2023-04-28T17:15:27.614Z]      83/130 Test  #84: testUsdImportUSDZTextures .......................   Passed    5.37 sec
[2023-04-28T17:15:27.614Z]             Start 100: testUsdExportImportUDIM
[2023-04-28T17:15:28.566Z]      84/130 Test  #88: testUsdImportXformAnim ..........................   Passed    5.05 sec
[2023-04-28T17:15:28.566Z]             Start 101: testUsdExportRfMShaders
[2023-04-28T17:15:28.691Z]      85/130 Test  #90: testUsdMayaAdaptor ..............................   Passed    4.96 sec
[2023-04-28T17:15:28.691Z]             Start 102: testUsdExportUVSets
[2023-04-28T17:15:29.423Z]      86/130 Test  #85: testUsdExportImportRoundtripPreviewSurface ......   Passed    6.09 sec
[2023-04-28T17:15:29.423Z]             Start 103: testUsdExportUVSetsFloat
[2023-04-28T17:15:29.959Z]      87/130 Test  #91: testUsdMayaAdaptorGeom ..........................   Passed    5.43 sec
[2023-04-28T17:15:29.959Z]             Start 104: testUsdExportUVSetMappings
[2023-04-28T17:15:30.078Z]      88/130 Test  #89: testUsdImportEulerFilter ........................   Passed    6.47 sec
[2023-04-28T17:15:30.078Z]             Start 105: testUsdImportUVSets
[2023-04-28T17:15:30.078Z]      89/130 Test  #86: testUsdImportSkeleton ...........................   Passed    6.70 sec
[2023-04-28T17:15:30.078Z]             Start 106: testUsdImportUVSetsFloat
[2023-04-28T17:15:30.206Z]      90/130 Test  #92: testUsdMayaAdaptorMetadata ......................   Passed    4.59 sec
[2023-04-28T17:15:30.206Z]             Start 107: testUsdImportChaser
[2023-04-28T17:15:31.443Z]      91/130 Test  #93: testUsdMayaAdaptorUndoRedo ......................   Passed    5.28 sec
[2023-04-28T17:15:31.443Z]             Start 108: testUsdMayaListShadingModesCommand
[2023-04-28T17:15:31.580Z]      92/130 Test  #96: testUsdImportRfMShaders .........................   Passed    4.27 sec
[2023-04-28T17:15:31.580Z]             Start 109: testUsdImportExportSiteSpecificConfig
[2023-04-28T17:15:31.580Z]      93/130 Test  #95: testUsdExportUsdzPackage ........................   Passed    4.30 sec
[2023-04-28T17:15:31.580Z]             Start 110: testUsdExportAssembly
[2023-04-28T17:15:31.929Z]      94/130 Test  #94: testUsdExportUVTransforms .......................   Passed    4.63 sec
[2023-04-28T17:15:31.929Z]             Start 111: testUsdExportAssemblyEdits
[2023-04-28T17:15:32.570Z]      95/130 Test  #97: testUsdExportDisplacement .......................   Passed    5.28 sec
[2023-04-28T17:15:32.570Z]             Start 112: testUsdExportPackage
[2023-04-28T17:15:32.834Z]      96/130 Test #101: testUsdExportRfMShaders .........................   Passed    4.21 sec
[2023-04-28T17:15:32.834Z]             Start 113: testUsdExportPointInstancer
[2023-04-28T17:15:33.171Z]      97/130 Test #102: testUsdExportUVSets .............................   Passed    4.53 sec
[2023-04-28T17:15:33.171Z]             Start 114: testUsdImportAsAssemblies
[2023-04-28T17:15:33.302Z]      98/130 Test  #99: testUsdExportShadingModePxrRis ..................   Passed    5.70 sec
[2023-04-28T17:15:33.302Z]             Start 115: testUsdImportNestedAssemblyAnimation
[2023-04-28T17:15:33.302Z]      99/130 Test  #98: testUsdExportShadingInstanced ...................   Passed    5.98 sec
[2023-04-28T17:15:33.302Z]             Start 116: testUsdMayaGetVariantSetSelections
[2023-04-28T17:15:33.302Z]     100/130 Test #100: testUsdExportImportUDIM .........................   Passed    5.71 sec
[2023-04-28T17:15:33.302Z]             Start 117: testUsdMayaModelKindProcessor
[2023-04-28T17:15:34.298Z]     101/130 Test #105: testUsdImportUVSets .............................   Passed    4.22 sec
[2023-04-28T17:15:34.298Z]             Start 118: testUsdMayaReferenceAssemblyEdits
[2023-04-28T17:15:34.533Z]     102/130 Test #106: testUsdImportUVSetsFloat ........................   Passed    4.40 sec
[2023-04-28T17:15:34.535Z]             Start 119: testUsdReferenceAssemblyChangeRepresentations
[2023-04-28T17:15:34.652Z]     103/130 Test #103: testUsdExportUVSetsFloat ........................   Passed    5.22 sec
[2023-04-28T17:15:34.652Z]             Start 120: testPxrUsdAlembicChaser
[2023-04-28T17:15:34.779Z]     104/130 Test #107: testUsdImportChaser .............................   Passed    4.57 sec
[2023-04-28T17:15:34.779Z]             Start 121: AL_MayaUtilsTests
[2023-04-28T17:15:34.905Z]     105/130 Test #104: testUsdExportUVSetMappings ......................   Passed    4.86 sec
[2023-04-28T17:15:34.905Z]             Start 122: GTest:AL_USDTransactionTests
[2023-04-28T17:15:35.181Z]     106/130 Test #122: GTest:AL_USDTransactionTests ....................   Passed    0.23 sec
[2023-04-28T17:15:35.181Z]             Start 123: Python:AL_USDTransactionTests
[2023-04-28T17:15:35.814Z]     107/130 Test #108: testUsdMayaListShadingModesCommand ..............   Passed    4.36 sec
[2023-04-28T17:15:35.814Z]             Start 124: AL_USDMayaTestPlugin
[2023-04-28T17:15:35.958Z]     108/130 Test #123: Python:AL_USDTransactionTests ...................   Passed    0.81 sec
[2023-04-28T17:15:35.958Z]             Start 125: TestALUSDMayaPython_ProxyShape
[2023-04-28T17:15:35.958Z]     109/130 Test #109: testUsdImportExportSiteSpecificConfig ...........   Passed    4.34 sec
[2023-04-28T17:15:35.958Z]             Start 126: TestALUSDMayaPython_Translators
[2023-04-28T17:15:36.717Z]     110/130 Test #110: testUsdExportAssembly ...........................   Passed    5.13 sec
[2023-04-28T17:15:36.717Z]             Start 127: TestALUSDMayaPython_LayerManager
[2023-04-28T17:15:36.717Z]     111/130 Test #111: testUsdExportAssemblyEdits ......................   Passed    4.87 sec
[2023-04-28T17:15:36.717Z]             Start 128: TestALUSDMayaPython_ImportModule
[2023-04-28T17:15:37.588Z]     112/130 Test #115: testUsdImportNestedAssemblyAnimation ............   Passed    4.35 sec
[2023-04-28T17:15:37.589Z]             Start 129: testMayaSchemas
[2023-04-28T17:15:37.711Z]     113/130 Test #112: testUsdExportPackage ............................   Passed    5.08 sec
[2023-04-28T17:15:37.711Z]             Start 130: TestAdditionalTranslators
[2023-04-28T17:15:37.828Z]     114/130 Test #129: testMayaSchemas .................................   Passed    0.21 sec
[2023-04-28T17:15:37.828Z]             Start 131: TestPxrUsdTranslators
[2023-04-28T17:15:37.828Z]     115/130 Test #114: testUsdImportAsAssemblies .......................   Passed    4.65 sec
[2023-04-28T17:15:37.828Z]     116/130 Test #116: testUsdMayaGetVariantSetSelections ..............   Passed    4.55 sec
[2023-04-28T17:15:38.052Z]     117/130 Test #128: TestALUSDMayaPython_ImportModule ................   Passed    1.30 sec
[2023-04-28T17:15:38.372Z]     118/130 Test #121: AL_MayaUtilsTests ...............................   Passed    3.53 sec
[2023-04-28T17:15:38.488Z]     119/130 Test #118: testUsdMayaReferenceAssemblyEdits ...............   Passed    4.23 sec
[2023-04-28T17:15:38.705Z]     120/130 Test #117: testUsdMayaModelKindProcessor ...................   Passed    5.41 sec
[2023-04-28T17:15:39.225Z]     121/130 Test #119: testUsdReferenceAssemblyChangeRepresentations ...   Passed    4.68 sec
[2023-04-28T17:15:39.439Z]     122/130 Test #120: testPxrUsdAlembicChaser .........................   Passed    4.73 sec
[2023-04-28T17:15:40.061Z]     123/130 Test #125: TestALUSDMayaPython_ProxyShape ..................   Passed    4.17 sec
[2023-04-28T17:15:40.681Z]     124/130 Test #126: TestALUSDMayaPython_Translators .................   Passed    4.79 sec
[2023-04-28T17:15:40.798Z]     125/130 Test #127: TestALUSDMayaPython_LayerManager ................   Passed    4.08 sec
[2023-04-28T17:15:41.627Z]     126/130 Test #131: TestPxrUsdTranslators ...........................   Passed    3.78 sec
[2023-04-28T17:15:43.565Z]     127/130 Test #130: TestAdditionalTranslators .......................   Passed    5.85 sec
[2023-04-28T17:15:57.160Z]     128/130 Test #124: AL_USDMayaTestPlugin ............................   Passed   21.36 sec
[2023-04-28T17:16:02.335Z]     129/130 Test #113: testUsdExportPointInstancer .....................   Passed   29.50 sec
[2023-04-28T17:16:35.406Z]     130/130 Test  #87: testUsdImportXforms .............................   Passed   71.99 sec
[2023-04-28T17:16:35.406Z]     
[2023-04-28T17:16:35.406Z]     98% tests passed, 2 tests failed out of 129
[2023-04-28T17:16:35.406Z]     
[2023-04-28T17:16:35.406Z]     Label Time Summary:
[2023-04-28T17:16:35.406Z]     Debugging            =   0.00 sec*proc (1 test)
[2023-04-28T17:16:35.406Z]     MayaUsd              = 198.94 sec*proc (6 tests)
[2023-04-28T17:16:35.406Z]     translators          = 660.48 sec*proc (87 tests)
[2023-04-28T17:16:35.406Z]     usdPreviewSurface    =  64.71 sec*proc (2 tests)
[2023-04-28T17:16:35.406Z]     
[2023-04-28T17:16:35.406Z]     Total Test time (real) = 121.97 sec
[2023-04-28T17:16:35.406Z]     
[2023-04-28T17:16:35.406Z]     The following tests did not run:
[2023-04-28T17:16:35.406Z]     	  7 - _Interactive_Maya (Disabled)
[2023-04-28T17:16:35.406Z]     
[2023-04-28T17:16:35.406Z]     The following tests FAILED:
[2023-04-28T17:16:35.406Z]     	  2 - testMayaUsdCreateStageCommands (Failed)
[2023-04-28T17:16:35.406Z]     	  4 - testMayaUsdLayerEditorCommands (Failed)
[2023-04-28T17:16:35.406Z]     Errors while running CTest
[2023-04-28T17:16:35.406Z]     
[2023-04-28T17:16:35.406Z]         Building with settings:
[2023-04-28T17:16:35.406Z]           Source directory          S:\jenkins\workspace\ECP\ecg-maya-usd\ecg-mayausd-branch-preflight-2019-no-ufe-windows\ecg-maya-usd\maya-usd
[2023-04-28T17:16:35.406Z]           Workspace directory       W:\
[2023-04-28T17:16:35.406Z]           Build directory           W:\build\RelWithDebInfo
[2023-04-28T17:16:35.406Z]           Install directory         W:\install\RelWithDebInfo\MayaUSD
[2023-04-28T17:16:35.406Z]           Variant                   RelWithDebInfo
[2023-04-28T17:16:35.406Z]           Python Debug              Off
[2023-04-28T17:16:35.406Z]           CMake generator           Ninja
[2023-04-28T17:16:35.406Z]           Build arguments           ['-DCMAKE_MAKE_PROGRAM=P:/shared/Artifactory/Windows/ninja/1.9.0/c68f192/ninja.exe', '-DPYTHON_INCLUDE_DIR=P:/shared/Artifactory/Windows/rundev-2019/202003131251/runtime/155eb96/runTime/include/Python2.7', '-DPython_EXECUTABLE=P:/shared/Artifactory/Windows/rundev-2019/202003131251/runtime/155eb96/runTime/bin/mayapy.exe', '-DPYTHON_LIBRARIES=P:/shared/Artifactory/Windows/rundev-2019/202003131251/runtime/155eb96/runTime/lib/python27.lib', '-DCMAKE_WANT_UFE_BUILD=OFF', '-DUSD_LIB_PREFIX=', '-DBUILD_HDMAYA=OFF']
[2023-04-28T17:16:35.406Z]           Stages arguments          ['test']
[2023-04-28T17:16:35.406Z]           CTest arguments           ['-E testUsdReferenceAssemblySelection|testUsdMayaAppDir', '-LE interactive', '--parallel 16']
[2023-04-28T17:16:35.406Z]     #####################################################################################
[2023-04-28T17:16:35.406Z]     log date: 2023-04-28 10:14
[2023-04-28T17:16:35.406Z]     commit sha: 6c82da4b2ebf240e422bc7699741e7caf2335051
[2023-04-28T17:16:35.406Z]     commit date: Thu Apr 27 14:09:54 2023 +0200
[2023-04-28T17:16:35.406Z]     #####################################################################################
[2023-04-28T17:16:35.406Z]     
[2023-04-28T17:16:35.406Z]     cmake --build . --config RelWithDebInfo --target install -- -j16
[2023-04-28T17:16:35.406Z]     #####################################################################################
[2023-04-28T17:16:35.406Z]     log date: 2023-04-28 10:14
[2023-04-28T17:16:35.406Z]     commit sha: 6c82da4b2ebf240e422bc7699741e7caf2335051
[2023-04-28T17:16:35.406Z]     commit date: Thu Apr 27 14:09:54 2023 +0200
[2023-04-28T17:16:35.406Z]     #####################################################################################
[2023-04-28T17:16:35.406Z]     
[2023-04-28T17:16:35.406Z]     ctest --output-on-failure --timeout 500 -C RelWithDebInfo -E testUsdReferenceAssemblySelection|testUsdMayaAppDir -LE interactive --parallel 16
[2023-04-28T17:16:35.406Z]     
[2023-04-28T17:16:35.406Z]     Traceback (most recent call last):
[2023-04-28T17:16:35.406Z]       File "S:\jenkins\workspace\ECP\ecg-maya-usd\ecg-mayausd-branch-preflight-2019-no-ufe-windows\ecg-maya-usd\maya-usd\build.py", line 641, in <module>
[2023-04-28T17:16:35.406Z]         RunTests(context, context.ctestArgs)
[2023-04-28T17:16:35.406Z]       File "S:\jenkins\workspace\ECP\ecg-maya-usd\ecg-mayausd-branch-preflight-2019-no-ufe-windows\ecg-maya-usd\maya-usd\build.py", line 416, in RunTests
[2023-04-28T17:16:35.406Z]         RunCTest(context,extraArgs)
[2023-04-28T17:16:35.406Z]       File "S:\jenkins\workspace\ECP\ecg-maya-usd\ecg-mayausd-branch-preflight-2019-no-ufe-windows\ecg-maya-usd\maya-usd\build.py", line 322, in RunCTest
[2023-04-28T17:16:35.406Z]         extraArgs=(" ".join(extraArgs) if extraArgs else "")))
[2023-04-28T17:16:35.406Z]       File "S:\jenkins\workspace\ECP\ecg-maya-usd\ecg-mayausd-branch-preflight-2019-no-ufe-windows\ecg-maya-usd\maya-usd\build.py", line 179, in Run
[2023-04-28T17:16:35.406Z]         .format(cmd=cmd, log=os.path.abspath(context.logFileLocation)))
[2023-04-28T17:16:35.406Z]     RuntimeError: Failed to run 'ctest --output-on-failure --timeout 500 -C RelWithDebInfo -E testUsdReferenceAssemblySelection|testUsdMayaAppDir -LE interactive --parallel 16 '
[2023-04-28T17:16:35.406Z]     See W:\build\RelWithDebInfo\build_log.txt for more details.
[2023-04-28T17:16:35.406Z] build.py: error: Command failed with error code: 1
[Pipeline] bat
[2023-04-28T17:16:35.818Z] Deleting alias drive W:
[Pipeline] bat
[2023-04-28T17:16:36.199Z] Deleting alias drive P:
[Pipeline] }
[Pipeline] // withEnv
[Pipeline] }
[Pipeline] // timeout
[Pipeline] }
[Pipeline] // stage
[Pipeline] }
[Pipeline] // timestamps
[Pipeline] emailextrecipients
Not sending mail to unregistered user ecg.jenkins@autodesk.com because your SCM claimed this was associated with a user ID ecg.jenkins' which your security realm does not recognize; you may need changes in your SCM plugin
Not sending mail to unregistered user ecg.jenkins@autodesk.com because your SCM claimed this was associated with a user ID ecg.jenkins' which your security realm does not recognize; you may need changes in your SCM plugin
[Pipeline] isUnix
[Pipeline] echo
Sending notification via SendGrid.
Sending email to jannik.frohne@autodesk.com
[Pipeline] withCredentials
Masking supported pattern matches of %TOKEN%
[Pipeline] {
[Pipeline] isUnix
[Pipeline] bat
[Pipeline] }
[Pipeline] // withCredentials
[Pipeline] }
[Pipeline] // node
[Pipeline] End of Pipeline
ERROR: script returned exit code 1
[Checks API] No suitable checks publisher found.
Finished: FAILURE
