================================================================================
                                 setup (Debug)
================================================================================
[Pipeline] }
[Pipeline] // withEnv
[Pipeline] withEnv
[Pipeline] {
[Pipeline] sh
[ecg-mayausd-branch-preflight-python3-osx] Running shell script
+ python ecg-maya-usd/build.py --stages=setup --workspace-dir=/local/S/jenkins/workspace/ecg-mayausd-branch-preflight-python3-osx --artifactory-dir=/local/S/jenkins/workspace/shared/Artifactory --build-dir=/local/S/jenkins/workspace/ecg-mayausd-branch-preflight-python3-osx/build --install-dir=/local/S/jenkins/workspace/ecg-mayausd-branch-preflight-python3-osx/install --signing-dir=/local/S/jenkins/workspace/ecg-mayausd-branch-preflight-python3-osx/signing --package-dir=/local/S/jenkins/workspace/ecg-mayausd-branch-preflight-python3-osx/package --output-dir=/local/S/jenkins/workspace/ecg-mayausd-branch-preflight-python3-osx/output --stash-dir=/local/S/jenkins/workspace/ecg-mayausd-branch-preflight-python3-osx/stash --jenkins-build=1018 --git-commit=d101ea4ebe2b927e1ec1c62d60e35ede5dcbf1c4 --git-branch=master --variants=RelWithDebInfo --python=3 --post-zips=false --extra-license-file=ecg-maya-usd/jenkins/melicense.lic --prune-versions=2 --prune-revisions=2 --maya-cut-config=maya-rundev-master.yaml --stage-banner --prune-artifacts --force-pruning
Using Maya cut from /local/S/jenkins/workspace/shared/Artifactory/OSX/rundev-master/202107070915/runtime/bd7a1b1

================================================================================
                             setup (RelWithDebInfo)
================================================================================
[Pipeline] }
[Pipeline] // withEnv
[Pipeline] }
[Pipeline] // stage
[Pipeline] }
[Pipeline] // timestamps
[Pipeline] }
[Pipeline] // timeout
[Pipeline] timeout
Timeout set to expire in 6 hr 0 min
[Pipeline] {
[Pipeline] timestamps
[Pipeline] {
[Pipeline] stage
[Pipeline] { (Clean)
[Pipeline] withEnv
[Pipeline] {
[Pipeline] sh
[ecg-mayausd-branch-preflight-python3-osx] Running shell script
+ python ecg-maya-usd/build.py --stages=clean --workspace-dir=/local/S/jenkins/workspace/ecg-mayausd-branch-preflight-python3-osx --artifactory-dir=/local/S/jenkins/workspace/shared/Artifactory --build-dir=/local/S/jenkins/workspace/ecg-mayausd-branch-preflight-python3-osx/build --install-dir=/local/S/jenkins/workspace/ecg-mayausd-branch-preflight-python3-osx/install --signing-dir=/local/S/jenkins/workspace/ecg-mayausd-branch-preflight-python3-osx/signing --package-dir=/local/S/jenkins/workspace/ecg-mayausd-branch-preflight-python3-osx/package --output-dir=/local/S/jenkins/workspace/ecg-mayausd-branch-preflight-python3-osx/output --stash-dir=/local/S/jenkins/workspace/ecg-mayausd-branch-preflight-python3-osx/stash --jenkins-build=1018 --git-commit=d101ea4ebe2b927e1ec1c62d60e35ede5dcbf1c4 --git-branch=master --variants=Debug --python=3 --post-zips=false --maya-cut-config=maya-rundev-master-debug.yaml --stage-banner
Using Maya cut from /local/S/jenkins/workspace/shared/Artifactory/OSX/rundev-master-debug/202107061515/runtime/f4d7a96

================================================================================
                                 clean (Debug)
================================================================================
Maya Python Debug Info:
  mayapy executable   = /local/S/jenkins/workspace/shared/Artifactory/OSX/rundev-master-debug/202107061515/runtime/f4d7a96/runTime/Maya.app/Contents/bin/mayapy
  Include Folder      = /local/S/jenkins/workspace/shared/Artifactory/OSX/rundev-master-debug/202107061515/runtime/f4d7a96/runTime/Maya.app/Contents/Frameworks/Python.framework/Versions/Current/include/python3.7m
  Library             = /local/S/jenkins/workspace/shared/Artifactory/OSX/rundev-master-debug/202107061515/runtime/f4d7a96/runTime/Maya.app/Contents/Frameworks/Python.framework/Versions/Current/lib/libpython3.7m.dylib
  site-package Folder = /local/S/jenkins/workspace/shared/Artifactory/OSX/rundev-master-debug/202107061515/runtime/f4d7a96/runTime/Maya.app/Contents/Frameworks/Python.framework/Versions/Current/lib/python3.7/site-packages
In workdir: /local/S/jenkins/workspace/ecg-mayausd-branch-preflight-python3-osx/ecg-maya-usd/maya-usd
Executing: /local/S/jenkins/workspace/shared/Artifactory/OSX/rundev-master-debug/202107061515/runtime/f4d7a96/runTime/Maya.app/Contents/bin/mayapy /local/S/jenkins/workspace/ecg-mayausd-branch-preflight-python3-osx/ecg-maya-usd/maya-usd/build.py --generator Ninja --build-debug --maya-location /local/S/jenkins/workspace/shared/Artifactory/OSX/rundev-master-debug/202107061515/runtime/f4d7a96/runTime --devkit-location /local/S/jenkins/workspace/shared/Artifactory/OSX/rundev-master-debug/202107061515/runtime/f4d7a96/devkitBase --pxrusd-location /local/S/jenkins/workspace/shared/Artifactory/OSX/USD/d1c1a7c --qt-location /local/S/jenkins/workspace/shared/Artifactory/OSX/qt/5.15.2/06692ed --build-args=-DCMAKE_MAKE_PROGRAM=/local/S/jenkins/workspace/shared/Artifactory/OSX/ninja/1.9.0/41005eb/ninja,-DPYTHON_INCLUDE_DIR=/local/S/jenkins/workspace/shared/Artifactory/OSX/rundev-master-debug/202107061515/runtime/f4d7a96/runTime/Maya.app/Contents/Frameworks/Python.framework/Versions/Current/include/python3.7m,-DPython_EXECUTABLE=/local/S/jenkins/workspace/shared/Artifactory/OSX/rundev-master-debug/202107061515/runtime/f4d7a96/runTime/Maya.app/Contents/bin/mayapy,-DPYTHON_LIBRARIES=/local/S/jenkins/workspace/shared/Artifactory/OSX/rundev-master-debug/202107061515/runtime/f4d7a96/runTime/Maya.app/Contents/Frameworks/Python.framework/Versions/Current/lib/libpython3.7m.dylib,-DBUILD_WITH_PYTHON_3=ON '--ctest-args=-E testUsdReferenceAssemblySelection|testUsdMayaAppDir|testUsdExportAsClip,-LE interactive,--parallel 4' --stages=clean --redirect-outstream-file=False --install-location /local/S/jenkins/workspace/ecg-mayausd-branch-preflight-python3-osx/install/Debug/MayaUSD /local/S/jenkins/workspace/ecg-mayausd-branch-preflight-python3-osx
Modified environment variables:
    PATH=/local/S/jenkins/workspace/shared/Artifactory/OSX/cmake/3.14.4/e159059/bin:/usr/local/bin:/bin:/usr/sbin:/sbin:/usr/bin
    
        Building with settings:
          Source directory          /local/S/jenkins/workspace/ecg-mayausd-branch-preflight-python3-osx/ecg-maya-usd/maya-usd
          Workspace directory       /local/S/jenkins/workspace/ecg-mayausd-branch-preflight-python3-osx
          Build directory           /local/S/jenkins/workspace/ecg-mayausd-branch-preflight-python3-osx/build/Debug
          Install directory         /local/S/jenkins/workspace/ecg-mayausd-branch-preflight-python3-osx/install/Debug/MayaUSD
          Variant                   Debug
          Python Debug              Off
          CMake generator           Ninja
          Build arguments           ['-DCMAKE_MAKE_PROGRAM=/local/S/jenkins/workspace/shared/Artifactory/OSX/ninja/1.9.0/41005eb/ninja', '-DPYTHON_INCLUDE_DIR=/local/S/jenkins/workspace/shared/Artifactory/OSX/rundev-master-debug/202107061515/runtime/f4d7a96/runTime/Maya.app/Contents/Frameworks/Python.framework/Versions/Current/include/python3.7m', '-DPython_EXECUTABLE=/local/S/jenkins/workspace/shared/Artifactory/OSX/rundev-master-debug/202107061515/runtime/f4d7a96/runTime/Maya.app/Contents/bin/mayapy', '-DPYTHON_LIBRARIES=/local/S/jenkins/workspace/shared/Artifactory/OSX/rundev-master-debug/202107061515/runtime/f4d7a96/runTime/Maya.app/Contents/Frameworks/Python.framework/Versions/Current/lib/libpython3.7m.dylib', '-DBUILD_WITH_PYTHON_3=ON']
          Stages arguments          ['clean']
          CTest arguments           ['-E testUsdReferenceAssemblySelection|testUsdMayaAppDir|testUsdExportAsClip', '-LE interactive', '--parallel 4']
    Success MayaUSD build and install !!!!
    Elapsed time: 00:00:00
[Pipeline] }
[Pipeline] // withEnv
[Pipeline] withEnv
[Pipeline] {
[Pipeline] sh
[ecg-mayausd-branch-preflight-python3-osx] Running shell script
+ python ecg-maya-usd/build.py --stages=clean --workspace-dir=/local/S/jenkins/workspace/ecg-mayausd-branch-preflight-python3-osx --artifactory-dir=/local/S/jenkins/workspace/shared/Artifactory --build-dir=/local/S/jenkins/workspace/ecg-mayausd-branch-preflight-python3-osx/build --install-dir=/local/S/jenkins/workspace/ecg-mayausd-branch-preflight-python3-osx/install --signing-dir=/local/S/jenkins/workspace/ecg-mayausd-branch-preflight-python3-osx/signing --package-dir=/local/S/jenkins/workspace/ecg-mayausd-branch-preflight-python3-osx/package --output-dir=/local/S/jenkins/workspace/ecg-mayausd-branch-preflight-python3-osx/output --stash-dir=/local/S/jenkins/workspace/ecg-mayausd-branch-preflight-python3-osx/stash --jenkins-build=1018 --git-commit=d101ea4ebe2b927e1ec1c62d60e35ede5dcbf1c4 --git-branch=master --variants=RelWithDebInfo --python=3 --post-zips=false --maya-cut-config=maya-rundev-master.yaml --stage-banner
Using Maya cut from /local/S/jenkins/workspace/shared/Artifactory/OSX/rundev-master/202107070915/runtime/bd7a1b1

================================================================================
                             clean (RelWithDebInfo)
================================================================================
Maya Python RelWithDebInfo Info:
  mayapy executable   = /local/S/jenkins/workspace/shared/Artifactory/OSX/rundev-master/202107070915/runtime/bd7a1b1/runTime/Maya.app/Contents/bin/mayapy
  Include Folder      = /local/S/jenkins/workspace/shared/Artifactory/OSX/rundev-master/202107070915/runtime/bd7a1b1/runTime/Maya.app/Contents/Frameworks/Python.framework/Versions/Current/include/python3.7m
  Library             = /local/S/jenkins/workspace/shared/Artifactory/OSX/rundev-master/202107070915/runtime/bd7a1b1/runTime/Maya.app/Contents/Frameworks/Python.framework/Versions/Current/lib/libpython3.7m.dylib
  site-package Folder = /local/S/jenkins/workspace/shared/Artifactory/OSX/rundev-master/202107070915/runtime/bd7a1b1/runTime/Maya.app/Contents/Frameworks/Python.framework/Versions/Current/lib/python3.7/site-packages
In workdir: /local/S/jenkins/workspace/ecg-mayausd-branch-preflight-python3-osx/ecg-maya-usd/maya-usd
Executing: /local/S/jenkins/workspace/shared/Artifactory/OSX/rundev-master/202107070915/runtime/bd7a1b1/runTime/Maya.app/Contents/bin/mayapy /local/S/jenkins/workspace/ecg-mayausd-branch-preflight-python3-osx/ecg-maya-usd/maya-usd/build.py --generator Ninja --build-relwithdebug --maya-location /local/S/jenkins/workspace/shared/Artifactory/OSX/rundev-master/202107070915/runtime/bd7a1b1/runTime --devkit-location /local/S/jenkins/workspace/shared/Artifactory/OSX/rundev-master/202107070915/runtime/bd7a1b1/devkitBase --pxrusd-location /local/S/jenkins/workspace/shared/Artifactory/OSX/USD/cde0c86 --qt-location /local/S/jenkins/workspace/shared/Artifactory/OSX/qt/5.15.2/06692ed --build-args=-DCMAKE_MAKE_PROGRAM=/local/S/jenkins/workspace/shared/Artifactory/OSX/ninja/1.9.0/41005eb/ninja,-DPYTHON_INCLUDE_DIR=/local/S/jenkins/workspace/shared/Artifactory/OSX/rundev-master/202107070915/runtime/bd7a1b1/runTime/Maya.app/Contents/Frameworks/Python.framework/Versions/Current/include/python3.7m,-DPython_EXECUTABLE=/local/S/jenkins/workspace/shared/Artifactory/OSX/rundev-master/202107070915/runtime/bd7a1b1/runTime/Maya.app/Contents/bin/mayapy,-DPYTHON_LIBRARIES=/local/S/jenkins/workspace/shared/Artifactory/OSX/rundev-master/202107070915/runtime/bd7a1b1/runTime/Maya.app/Contents/Frameworks/Python.framework/Versions/Current/lib/libpython3.7m.dylib,-DBUILD_WITH_PYTHON_3=ON '--ctest-args=-E testUsdReferenceAssemblySelection|testUsdMayaAppDir|testUsdExportAsClip,-LE interactive,--parallel 4' --stages=clean --redirect-outstream-file=False --install-location /local/S/jenkins/workspace/ecg-mayausd-branch-preflight-python3-osx/install/RelWithDebInfo/MayaUSD /local/S/jenkins/workspace/ecg-mayausd-branch-preflight-python3-osx
Modified environment variables:
    PATH=/local/S/jenkins/workspace/shared/Artifactory/OSX/cmake/3.14.4/e159059/bin:/usr/local/bin:/bin:/usr/sbin:/sbin:/usr/bin
    
        Building with settings:
          Source directory          /local/S/jenkins/workspace/ecg-mayausd-branch-preflight-python3-osx/ecg-maya-usd/maya-usd
          Workspace directory       /local/S/jenkins/workspace/ecg-mayausd-branch-preflight-python3-osx
          Build directory           /local/S/jenkins/workspace/ecg-mayausd-branch-preflight-python3-osx/build/RelWithDebInfo
          Install directory         /local/S/jenkins/workspace/ecg-mayausd-branch-preflight-python3-osx/install/RelWithDebInfo/MayaUSD
          Variant                   RelWithDebInfo
          Python Debug              Off
          CMake generator           Ninja
          Build arguments           ['-DCMAKE_MAKE_PROGRAM=/local/S/jenkins/workspace/shared/Artifactory/OSX/ninja/1.9.0/41005eb/ninja', '-DPYTHON_INCLUDE_DIR=/local/S/jenkins/workspace/shared/Artifactory/OSX/rundev-master/202107070915/runtime/bd7a1b1/runTime/Maya.app/Contents/Frameworks/Python.framework/Versions/Current/include/python3.7m', '-DPython_EXECUTABLE=/local/S/jenkins/workspace/shared/Artifactory/OSX/rundev-master/202107070915/runtime/bd7a1b1/runTime/Maya.app/Contents/bin/mayapy', '-DPYTHON_LIBRARIES=/local/S/jenkins/workspace/shared/Artifactory/OSX/rundev-master/202107070915/runtime/bd7a1b1/runTime/Maya.app/Contents/Frameworks/Python.framework/Versions/Current/lib/libpython3.7m.dylib', '-DBUILD_WITH_PYTHON_3=ON']
          Stages arguments          ['clean']
          CTest arguments           ['-E testUsdReferenceAssemblySelection|testUsdMayaAppDir|testUsdExportAsClip', '-LE interactive', '--parallel 4']
    Success MayaUSD build and install !!!!
    Elapsed time: 00:00:00
[Pipeline] }
[Pipeline] // withEnv
[Pipeline] }
[Pipeline] // stage
[Pipeline] }
[Pipeline] // timestamps
[Pipeline] }
[Pipeline] // timeout
[Pipeline] timeout
Timeout set to expire in 6 hr 0 min
[Pipeline] {
[Pipeline] timestamps
[Pipeline] {
[Pipeline] stage
[Pipeline] { (Configure)
[Pipeline] withEnv
[Pipeline] {
[Pipeline] sh
[ecg-mayausd-branch-preflight-python3-osx] Running shell script
+ python ecg-maya-usd/build.py --stages=configure --workspace-dir=/local/S/jenkins/workspace/ecg-mayausd-branch-preflight-python3-osx --artifactory-dir=/local/S/jenkins/workspace/shared/Artifactory --build-dir=/local/S/jenkins/workspace/ecg-mayausd-branch-preflight-python3-osx/build --install-dir=/local/S/jenkins/workspace/ecg-mayausd-branch-preflight-python3-osx/install --signing-dir=/local/S/jenkins/workspace/ecg-mayausd-branch-preflight-python3-osx/signing --package-dir=/local/S/jenkins/workspace/ecg-mayausd-branch-preflight-python3-osx/package --output-dir=/local/S/jenkins/workspace/ecg-mayausd-branch-preflight-python3-osx/output --stash-dir=/local/S/jenkins/workspace/ecg-mayausd-branch-preflight-python3-osx/stash --jenkins-build=1018 --git-commit=d101ea4ebe2b927e1ec1c62d60e35ede5dcbf1c4 --git-branch=master --variants=Debug --python=3 --post-zips=false --maya-cut-config=maya-rundev-master-debug.yaml --stage-banner
Using Maya cut from /local/S/jenkins/workspace/shared/Artifactory/OSX/rundev-master-debug/202107061515/runtime/f4d7a96

================================================================================
                               configure (Debug)
================================================================================
Maya Python Debug Info:
  mayapy executable   = /local/S/jenkins/workspace/shared/Artifactory/OSX/rundev-master-debug/202107061515/runtime/f4d7a96/runTime/Maya.app/Contents/bin/mayapy
  Include Folder      = /local/S/jenkins/workspace/shared/Artifactory/OSX/rundev-master-debug/202107061515/runtime/f4d7a96/runTime/Maya.app/Contents/Frameworks/Python.framework/Versions/Current/include/python3.7m
  Library             = /local/S/jenkins/workspace/shared/Artifactory/OSX/rundev-master-debug/202107061515/runtime/f4d7a96/runTime/Maya.app/Contents/Frameworks/Python.framework/Versions/Current/lib/libpython3.7m.dylib
  site-package Folder = /local/S/jenkins/workspace/shared/Artifactory/OSX/rundev-master-debug/202107061515/runtime/f4d7a96/runTime/Maya.app/Contents/Frameworks/Python.framework/Versions/Current/lib/python3.7/site-packages
In workdir: /local/S/jenkins/workspace/ecg-mayausd-branch-preflight-python3-osx/ecg-maya-usd/maya-usd
Executing: /local/S/jenkins/workspace/shared/Artifactory/OSX/rundev-master-debug/202107061515/runtime/f4d7a96/runTime/Maya.app/Contents/bin/mayapy /local/S/jenkins/workspace/ecg-mayausd-branch-preflight-python3-osx/ecg-maya-usd/maya-usd/build.py --generator Ninja --build-debug --maya-location /local/S/jenkins/workspace/shared/Artifactory/OSX/rundev-master-debug/202107061515/runtime/f4d7a96/runTime --devkit-location /local/S/jenkins/workspace/shared/Artifactory/OSX/rundev-master-debug/202107061515/runtime/f4d7a96/devkitBase --pxrusd-location /local/S/jenkins/workspace/shared/Artifactory/OSX/USD/d1c1a7c --qt-location /local/S/jenkins/workspace/shared/Artifactory/OSX/qt/5.15.2/06692ed --build-args=-DCMAKE_MAKE_PROGRAM=/local/S/jenkins/workspace/shared/Artifactory/OSX/ninja/1.9.0/41005eb/ninja,-DPYTHON_INCLUDE_DIR=/local/S/jenkins/workspace/shared/Artifactory/OSX/rundev-master-debug/202107061515/runtime/f4d7a96/runTime/Maya.app/Contents/Frameworks/Python.framework/Versions/Current/include/python3.7m,-DPython_EXECUTABLE=/local/S/jenkins/workspace/shared/Artifactory/OSX/rundev-master-debug/202107061515/runtime/f4d7a96/runTime/Maya.app/Contents/bin/mayapy,-DPYTHON_LIBRARIES=/local/S/jenkins/workspace/shared/Artifactory/OSX/rundev-master-debug/202107061515/runtime/f4d7a96/runTime/Maya.app/Contents/Frameworks/Python.framework/Versions/Current/lib/libpython3.7m.dylib,-DBUILD_WITH_PYTHON_3=ON '--ctest-args=-E testUsdReferenceAssemblySelection|testUsdMayaAppDir|testUsdExportAsClip,-LE interactive,--parallel 4' --stages=configure --redirect-outstream-file=False --install-location /local/S/jenkins/workspace/ecg-mayausd-branch-preflight-python3-osx/install/Debug/MayaUSD /local/S/jenkins/workspace/ecg-mayausd-branch-preflight-python3-osx
Modified environment variables:
    PATH=/local/S/jenkins/workspace/shared/Artifactory/OSX/cmake/3.14.4/e159059/bin:/usr/local/bin:/bin:/usr/sbin:/sbin:/usr/bin
    -- The C compiler identification is AppleClang 10.0.1.10010046
    -- The CXX compiler identification is AppleClang 10.0.1.10010046
    -- Check for working C compiler: /Applications/Xcode.app/Contents/Developer/Toolchains/XcodeDefault.xctoolchain/usr/bin/cc
    -- Check for working C compiler: /Applications/Xcode.app/Contents/Developer/Toolchains/XcodeDefault.xctoolchain/usr/bin/cc -- works
    -- Detecting C compiler ABI info
    -- Detecting C compiler ABI info - done
    -- Detecting C compile features
    -- Detecting C compile features - done
    -- Check for working CXX compiler: /Applications/Xcode.app/Contents/Developer/Toolchains/XcodeDefault.xctoolchain/usr/bin/c++
    -- Check for working CXX compiler: /Applications/Xcode.app/Contents/Developer/Toolchains/XcodeDefault.xctoolchain/usr/bin/c++ -- works
    -- Detecting CXX compiler ABI info
    -- Detecting CXX compiler ABI info - done
    -- Detecting CXX compile features
    -- Detecting CXX compile features - done
    -- Found Python: /local/S/jenkins/workspace/shared/Artifactory/OSX/rundev-master-debug/202107061515/runtime/f4d7a96/runTime/Maya.app/Contents/bin/mayapy (found suitable exact version "3.7.7") found components:  Interpreter
    -- Build MayaUSD with Python3 = ON
    --    PYTHON_INCLUDE_DIRS = /local/S/jenkins/workspace/shared/Artifactory/OSX/rundev-master-debug/202107061515/runtime/f4d7a96/runTime/Maya.app/Contents/Frameworks/Python.framework/Versions/Current/include/python3.7m
    --    PYTHON_LIBRARIES    = /local/S/jenkins/workspace/shared/Artifactory/OSX/rundev-master-debug/202107061515/runtime/f4d7a96/runTime/Maya.app/Contents/Frameworks/Python.framework/Versions/Current/lib/libpython3.7m.dylib
    --    Python_EXECUTABLE   = /local/S/jenkins/workspace/shared/Artifactory/OSX/rundev-master-debug/202107061515/runtime/f4d7a96/runTime/Maya.app/Contents/bin/mayapy
    -- Using Maya Light API Version 2
    -- Maya has setDefaultMaterialHandling API
    -- Maya has new point snapping API
    -- Found Maya: /local/S/jenkins/workspace/shared/Artifactory/OSX/rundev-master-debug/202107061515/runtime/f4d7a96/runTime/maya.app/Contents/MacOS/Maya (found suitable version "2023", minimum required is "2018")
    -- USD include dir: /local/S/jenkins/workspace/shared/Artifactory/OSX/USD/d1c1a7c/include
    -- USD library dir: /local/S/jenkins/workspace/shared/Artifactory/OSX/USD/d1c1a7c/lib
    -- USD version: 0.21.05
    -- Found USD: /local/S/jenkins/workspace/shared/Artifactory/OSX/USD/d1c1a7c (found suitable version "0.21.05", minimum required is "0.20.02")
    Updated PYTHONPATH: /local/S/jenkins/workspace/shared/Artifactory/OSX/USD/d1c1a7c/lib/python
    -- UFE include dir: /local/S/jenkins/workspace/shared/Artifactory/OSX/rundev-master-debug/202107061515/runtime/f4d7a96/devkitBase/devkit/ufe/include
    -- UFE library: /local/S/jenkins/workspace/shared/Artifactory/OSX/rundev-master-debug/202107061515/runtime/f4d7a96/devkitBase/devkit/ufe/lib/libufe_0.dylib
    -- UFE version: 0.3.0
    -- Building with UFE 0.3.0 features enabled.
    -- Building with Qt features enabled.
    -- **** Building Gulark From Github Repository.
    -- Populating gulark
    -- Configuring done
    -- Generating done
    -- Build files have been written to: /local/S/jenkins/workspace/ecg-mayausd-branch-preflight-python3-osx/build/Debug/_deps/gulark-subbuild
    [1/9] Creating directories for 'gulark-populate'
    [1/9] Performing download step (git clone) for 'gulark-populate'
    Cloning into 'gulark-src'...
    HEAD is now at 4e21ab3 Version bump and updated readme.
    [2/9] Performing update step for 'gulark-populate'
    [3/9] No patch step for 'gulark-populate'
    [5/9] No configure step for 'gulark-populate'
    [6/9] No build step for 'gulark-populate'
    [7/9] No install step for 'gulark-populate'
    [8/9] No test step for 'gulark-populate'
    [9/9] Completed 'gulark-populate'
    -- ========== Installing GoogleTest... ==========
    -- Configuring done
    -- Generating done
    -- Build files have been written to: /local/S/jenkins/workspace/ecg-mayausd-branch-preflight-python3-osx/build/Debug/googletest-config
    [1/8] Creating directories for 'googletest'
    [2/8] Performing download step (git clone) for 'googletest'
    Cloning into 'googletest-src'...
    HEAD is now at 703bd9ca Googletest export
    [3/8] No patch step for 'googletest'
    [4/8] Performing update step for 'googletest'
    [5/8] Performing configure step for 'googletest'
    -- The C compiler identification is AppleClang 10.0.1.10010046
    -- The CXX compiler identification is AppleClang 10.0.1.10010046
    -- Check for working C compiler: /Applications/Xcode.app/Contents/Developer/Toolchains/XcodeDefault.xctoolchain/usr/bin/cc
    -- Check for working C compiler: /Applications/Xcode.app/Contents/Developer/Toolchains/XcodeDefault.xctoolchain/usr/bin/cc -- works
    -- Detecting C compiler ABI info
    -- Detecting C compiler ABI info - done
    -- Detecting C compile features
    -- Detecting C compile features - done
    -- Check for working CXX compiler: /Applications/Xcode.app/Contents/Developer/Toolchains/XcodeDefault.xctoolchain/usr/bin/c++
    -- Check for working CXX compiler: /Applications/Xcode.app/Contents/Developer/Toolchains/XcodeDefault.xctoolchain/usr/bin/c++ -- works
    -- Detecting CXX compiler ABI info
    -- Detecting CXX compiler ABI info - done
    -- Detecting CXX compile features
    -- Detecting CXX compile features - done
    -- Found PythonInterp: /usr/local/bin/python
    -- Looking for pthread.h
    -- Looking for pthread.h - found
    -- Looking for pthread_create
    -- Looking for pthread_create - found
    -- Found Threads: TRUE
    -- Configuring done
    -- Generating done
    -- Build files have been written to: /local/S/jenkins/workspace/ecg-mayausd-branch-preflight-python3-osx/build/Debug/googletest-build
    [6/8] Performing build step for 'googletest'
    [1/8] Building CXX object googletest/CMakeFiles/gtest_main.dir/src/gtest_main.cc.o
    [2/8] Building CXX object googlemock/CMakeFiles/gmock_main.dir/src/gmock_main.cc.o
    [3/8] Building CXX object googlemock/CMakeFiles/gmock.dir/src/gmock-all.cc.o
    [4/8] Building CXX object googletest/CMakeFiles/gtest.dir/src/gtest-all.cc.o
    [5/8] Linking CXX shared library lib/libgtestd.dylib
    [6/8] Linking CXX shared library lib/libgtest_maind.dylib
    [7/8] Linking CXX shared library lib/libgmockd.dylib
    [8/8] Linking CXX shared library lib/libgmock_maind.dylib
    [7/8] Performing install step for 'googletest'
    [0/1] Install the project...
    -- Install configuration: "Debug"
    -- Installing: /local/S/jenkins/workspace/ecg-mayausd-branch-preflight-python3-osx/build/Debug/googletest-install/include
    -- Installing: /local/S/jenkins/workspace/ecg-mayausd-branch-preflight-python3-osx/build/Debug/googletest-install/include/gmock
    -- Installing: /local/S/jenkins/workspace/ecg-mayausd-branch-preflight-python3-osx/build/Debug/googletest-install/include/gmock/gmock-actions.h
    -- Installing: /local/S/jenkins/workspace/ecg-mayausd-branch-preflight-python3-osx/build/Debug/googletest-install/include/gmock/gmock-cardinalities.h
    -- Installing: /local/S/jenkins/workspace/ecg-mayausd-branch-preflight-python3-osx/build/Debug/googletest-install/include/gmock/gmock-function-mocker.h
    -- Installing: /local/S/jenkins/workspace/ecg-mayausd-branch-preflight-python3-osx/build/Debug/googletest-install/include/gmock/gmock-generated-actions.h
    -- Installing: /local/S/jenkins/workspace/ecg-mayausd-branch-preflight-python3-osx/build/Debug/googletest-install/include/gmock/gmock-generated-actions.h.pump
    -- Installing: /local/S/jenkins/workspace/ecg-mayausd-branch-preflight-python3-osx/build/Debug/googletest-install/include/gmock/gmock-generated-function-mockers.h
    -- Installing: /local/S/jenkins/workspace/ecg-mayausd-branch-preflight-python3-osx/build/Debug/googletest-install/include/gmock/gmock-generated-function-mockers.h.pump
    -- Installing: /local/S/jenkins/workspace/ecg-mayausd-branch-preflight-python3-osx/build/Debug/googletest-install/include/gmock/gmock-generated-matchers.h
    -- Installing: /local/S/jenkins/workspace/ecg-mayausd-branch-preflight-python3-osx/build/Debug/googletest-install/include/gmock/gmock-generated-matchers.h.pump
    -- Installing: /local/S/jenkins/workspace/ecg-mayausd-branch-preflight-python3-osx/build/Debug/googletest-install/include/gmock/gmock-matchers.h
    -- Installing: /local/S/jenkins/workspace/ecg-mayausd-branch-preflight-python3-osx/build/Debug/googletest-install/include/gmock/gmock-more-actions.h
    -- Installing: /local/S/jenkins/workspace/ecg-mayausd-branch-preflight-python3-osx/build/Debug/googletest-install/include/gmock/gmock-more-matchers.h
    -- Installing: /local/S/jenkins/workspace/ecg-mayausd-branch-preflight-python3-osx/build/Debug/googletest-install/include/gmock/gmock-nice-strict.h
    -- Installing: /local/S/jenkins/workspace/ecg-mayausd-branch-preflight-python3-osx/build/Debug/googletest-install/include/gmock/gmock-spec-builders.h
    -- Installing: /local/S/jenkins/workspace/ecg-mayausd-branch-preflight-python3-osx/build/Debug/googletest-install/include/gmock/gmock.h
    -- Installing: /local/S/jenkins/workspace/ecg-mayausd-branch-preflight-python3-osx/build/Debug/googletest-install/include/gmock/internal
    -- Installing: /local/S/jenkins/workspace/ecg-mayausd-branch-preflight-python3-osx/build/Debug/googletest-install/include/gmock/internal/custom
    -- Installing: /local/S/jenkins/workspace/ecg-mayausd-branch-preflight-python3-osx/build/Debug/googletest-install/include/gmock/internal/custom/gmock-generated-actions.h
    -- Installing: /local/S/jenkins/workspace/ecg-mayausd-branch-preflight-python3-osx/build/Debug/googletest-install/include/gmock/internal/custom/gmock-generated-actions.h.pump
    -- Installing: /local/S/jenkins/workspace/ecg-mayausd-branch-preflight-python3-osx/build/Debug/googletest-install/include/gmock/internal/custom/gmock-matchers.h
    -- Installing: /local/S/jenkins/workspace/ecg-mayausd-branch-preflight-python3-osx/build/Debug/googletest-install/include/gmock/internal/custom/gmock-port.h
    -- Installing: /local/S/jenkins/workspace/ecg-mayausd-branch-preflight-python3-osx/build/Debug/googletest-install/include/gmock/internal/custom/README.md
    -- Installing: /local/S/jenkins/workspace/ecg-mayausd-branch-preflight-python3-osx/build/Debug/googletest-install/include/gmock/internal/gmock-internal-utils.h
    -- Installing: /local/S/jenkins/workspace/ecg-mayausd-branch-preflight-python3-osx/build/Debug/googletest-install/include/gmock/internal/gmock-port.h
    -- Installing: /local/S/jenkins/workspace/ecg-mayausd-branch-preflight-python3-osx/build/Debug/googletest-install/include/gmock/internal/gmock-pp.h
    -- Installing: /local/S/jenkins/workspace/ecg-mayausd-branch-preflight-python3-osx/build/Debug/googletest-install/lib/libgmockd.dylib
    -- Installing: /local/S/jenkins/workspace/ecg-mayausd-branch-preflight-python3-osx/build/Debug/googletest-install/lib/libgmock_maind.dylib
    -- Installing: /local/S/jenkins/workspace/ecg-mayausd-branch-preflight-python3-osx/build/Debug/googletest-install/lib/pkgconfig/gmock.pc
    -- Installing: /local/S/jenkins/workspace/ecg-mayausd-branch-preflight-python3-osx/build/Debug/googletest-install/lib/pkgconfig/gmock_main.pc
    -- Installing: /local/S/jenkins/workspace/ecg-mayausd-branch-preflight-python3-osx/build/Debug/googletest-install/lib/cmake/GTest/GTestTargets.cmake
    -- Installing: /local/S/jenkins/workspace/ecg-mayausd-branch-preflight-python3-osx/build/Debug/googletest-install/lib/cmake/GTest/GTestTargets-debug.cmake
    -- Installing: /local/S/jenkins/workspace/ecg-mayausd-branch-preflight-python3-osx/build/Debug/googletest-install/lib/cmake/GTest/GTestConfigVersion.cmake
    -- Installing: /local/S/jenkins/workspace/ecg-mayausd-branch-preflight-python3-osx/build/Debug/googletest-install/lib/cmake/GTest/GTestConfig.cmake
    -- Up-to-date: /local/S/jenkins/workspace/ecg-mayausd-branch-preflight-python3-osx/build/Debug/googletest-install/include
    -- Installing: /local/S/jenkins/workspace/ecg-mayausd-branch-preflight-python3-osx/build/Debug/googletest-install/include/gtest
    -- Installing: /local/S/jenkins/workspace/ecg-mayausd-branch-preflight-python3-osx/build/Debug/googletest-install/include/gtest/gtest-death-test.h
    -- Installing: /local/S/jenkins/workspace/ecg-mayausd-branch-preflight-python3-osx/build/Debug/googletest-install/include/gtest/gtest-matchers.h
    -- Installing: /local/S/jenkins/workspace/ecg-mayausd-branch-preflight-python3-osx/build/Debug/googletest-install/include/gtest/gtest-message.h
    -- Installing: /local/S/jenkins/workspace/ecg-mayausd-branch-preflight-python3-osx/build/Debug/googletest-install/include/gtest/gtest-param-test.h
    -- Installing: /local/S/jenkins/workspace/ecg-mayausd-branch-preflight-python3-osx/build/Debug/googletest-install/include/gtest/gtest-printers.h
    -- Installing: /local/S/jenkins/workspace/ecg-mayausd-branch-preflight-python3-osx/build/Debug/googletest-install/include/gtest/gtest-spi.h
    -- Installing: /local/S/jenkins/workspace/ecg-mayausd-branch-preflight-python3-osx/build/Debug/googletest-install/include/gtest/gtest-test-part.h
    -- Installing: /local/S/jenkins/workspace/ecg-mayausd-branch-preflight-python3-osx/build/Debug/googletest-install/include/gtest/gtest-typed-test.h
    -- Installing: /local/S/jenkins/workspace/ecg-mayausd-branch-preflight-python3-osx/build/Debug/googletest-install/include/gtest/gtest.h
    -- Installing: /local/S/jenkins/workspace/ecg-mayausd-branch-preflight-python3-osx/build/Debug/googletest-install/include/gtest/gtest_pred_impl.h
    -- Installing: /local/S/jenkins/workspace/ecg-mayausd-branch-preflight-python3-osx/build/Debug/googletest-install/include/gtest/gtest_prod.h
    -- Installing: /local/S/jenkins/workspace/ecg-mayausd-branch-preflight-python3-osx/build/Debug/googletest-install/include/gtest/internal
    -- Installing: /local/S/jenkins/workspace/ecg-mayausd-branch-preflight-python3-osx/build/Debug/googletest-install/include/gtest/internal/custom
    -- Installing: /local/S/jenkins/workspace/ecg-mayausd-branch-preflight-python3-osx/build/Debug/googletest-install/include/gtest/internal/custom/gtest-port.h
    -- Installing: /local/S/jenkins/workspace/ecg-mayausd-branch-preflight-python3-osx/build/Debug/googletest-install/include/gtest/internal/custom/gtest-printers.h
    -- Installing: /local/S/jenkins/workspace/ecg-mayausd-branch-preflight-python3-osx/build/Debug/googletest-install/include/gtest/internal/custom/gtest.h
    -- Installing: /local/S/jenkins/workspace/ecg-mayausd-branch-preflight-python3-osx/build/Debug/googletest-install/include/gtest/internal/custom/README.md
    -- Installing: /local/S/jenkins/workspace/ecg-mayausd-branch-preflight-python3-osx/build/Debug/googletest-install/include/gtest/internal/gtest-death-test-internal.h
    -- Installing: /local/S/jenkins/workspace/ecg-mayausd-branch-preflight-python3-osx/build/Debug/googletest-install/include/gtest/internal/gtest-filepath.h
    -- Installing: /local/S/jenkins/workspace/ecg-mayausd-branch-preflight-python3-osx/build/Debug/googletest-install/include/gtest/internal/gtest-internal.h
    -- Installing: /local/S/jenkins/workspace/ecg-mayausd-branch-preflight-python3-osx/build/Debug/googletest-install/include/gtest/internal/gtest-param-util.h
    -- Installing: /local/S/jenkins/workspace/ecg-mayausd-branch-preflight-python3-osx/build/Debug/googletest-install/include/gtest/internal/gtest-port-arch.h
    -- Installing: /local/S/jenkins/workspace/ecg-mayausd-branch-preflight-python3-osx/build/Debug/googletest-install/include/gtest/internal/gtest-port.h
    -- Installing: /local/S/jenkins/workspace/ecg-mayausd-branch-preflight-python3-osx/build/Debug/googletest-install/include/gtest/internal/gtest-string.h
    -- Installing: /local/S/jenkins/workspace/ecg-mayausd-branch-preflight-python3-osx/build/Debug/googletest-install/include/gtest/internal/gtest-type-util.h
    -- Installing: /local/S/jenkins/workspace/ecg-mayausd-branch-preflight-python3-osx/build/Debug/googletest-install/include/gtest/internal/gtest-type-util.h.pump
    -- Installing: /local/S/jenkins/workspace/ecg-mayausd-branch-preflight-python3-osx/build/Debug/googletest-install/lib/libgtestd.dylib
    -- Installing: /local/S/jenkins/workspace/ecg-mayausd-branch-preflight-python3-osx/build/Debug/googletest-install/lib/libgtest_maind.dylib
    -- Installing: /local/S/jenkins/workspace/ecg-mayausd-branch-preflight-python3-osx/build/Debug/googletest-install/lib/pkgconfig/gtest.pc
    -- Installing: /local/S/jenkins/workspace/ecg-mayausd-branch-preflight-python3-osx/build/Debug/googletest-install/lib/pkgconfig/gtest_main.pc
    [8/8] Completed 'googletest'
    -- ========== ...  GoogleTest installed. ==========
    -- MAYA_HAS_DEFAULT_MATERIAL_API is TRUE
    -- MAYA_NEW_POINT_SNAPPING_SUPPORT is TRUE
    -- promoting: /local/S/jenkins/workspace/ecg-mayausd-branch-preflight-python3-osx/ecg-maya-usd/maya-usd/lib/mayaUsd/base/mayaUsd.h.src
    -- promoting: /local/S/jenkins/workspace/ecg-mayausd-branch-preflight-python3-osx/ecg-maya-usd/maya-usd/lib/mayaUsd/base/api.h
    -- promoting: /local/S/jenkins/workspace/ecg-mayausd-branch-preflight-python3-osx/ecg-maya-usd/maya-usd/lib/mayaUsd/base/debugCodes.h
    -- promoting: /local/S/jenkins/workspace/ecg-mayausd-branch-preflight-python3-osx/ecg-maya-usd/maya-usd/lib/mayaUsd/base/id.h
    -- promoting: /local/S/jenkins/workspace/ecg-mayausd-branch-preflight-python3-osx/ecg-maya-usd/maya-usd/lib/mayaUsd/base/syncId.h
    -- promoting: /local/S/jenkins/workspace/ecg-mayausd-branch-preflight-python3-osx/ecg-maya-usd/maya-usd/lib/mayaUsd/base/tokens.h
    -- promoting: /local/S/jenkins/workspace/ecg-mayausd-branch-preflight-python3-osx/ecg-maya-usd/maya-usd/lib/mayaUsd/commands/abstractLayerEditorWindow.h
    -- promoting: /local/S/jenkins/workspace/ecg-mayausd-branch-preflight-python3-osx/ecg-maya-usd/maya-usd/lib/mayaUsd/commands/baseExportCommand.h
    -- promoting: /local/S/jenkins/workspace/ecg-mayausd-branch-preflight-python3-osx/ecg-maya-usd/maya-usd/lib/mayaUsd/commands/baseImportCommand.h
    -- promoting: /local/S/jenkins/workspace/ecg-mayausd-branch-preflight-python3-osx/ecg-maya-usd/maya-usd/lib/mayaUsd/commands/baseListShadingModesCommand.h
    -- promoting: /local/S/jenkins/workspace/ecg-mayausd-branch-preflight-python3-osx/ecg-maya-usd/maya-usd/lib/mayaUsd/commands/editTargetCommand.h
    -- promoting: /local/S/jenkins/workspace/ecg-mayausd-branch-preflight-python3-osx/ecg-maya-usd/maya-usd/lib/mayaUsd/commands/layerEditorCommand.h
    -- promoting: /local/S/jenkins/workspace/ecg-mayausd-branch-preflight-python3-osx/ecg-maya-usd/maya-usd/lib/mayaUsd/commands/layerEditorWindowCommand.h
    -- promoting: /local/S/jenkins/workspace/ecg-mayausd-branch-preflight-python3-osx/ecg-maya-usd/maya-usd/lib/mayaUsd/fileio/fallbackPrimReader.h
    -- promoting: /local/S/jenkins/workspace/ecg-mayausd-branch-preflight-python3-osx/ecg-maya-usd/maya-usd/lib/mayaUsd/fileio/functorPrimReader.h
    -- promoting: /local/S/jenkins/workspace/ecg-mayausd-branch-preflight-python3-osx/ecg-maya-usd/maya-usd/lib/mayaUsd/fileio/functorPrimWriter.h
    -- promoting: /local/S/jenkins/workspace/ecg-mayausd-branch-preflight-python3-osx/ecg-maya-usd/maya-usd/lib/mayaUsd/fileio/importData.h
    -- promoting: /local/S/jenkins/workspace/ecg-mayausd-branch-preflight-python3-osx/ecg-maya-usd/maya-usd/lib/mayaUsd/fileio/instancedNodeWriter.h
    -- promoting: /local/S/jenkins/workspace/ecg-mayausd-branch-preflight-python3-osx/ecg-maya-usd/maya-usd/lib/mayaUsd/fileio/primReader.h
    -- promoting: /local/S/jenkins/workspace/ecg-mayausd-branch-preflight-python3-osx/ecg-maya-usd/maya-usd/lib/mayaUsd/fileio/primReaderArgs.h
    -- promoting: /local/S/jenkins/workspace/ecg-mayausd-branch-preflight-python3-osx/ecg-maya-usd/maya-usd/lib/mayaUsd/fileio/primReaderContext.h
    -- promoting: /local/S/jenkins/workspace/ecg-mayausd-branch-preflight-python3-osx/ecg-maya-usd/maya-usd/lib/mayaUsd/fileio/primReaderRegistry.h
    -- promoting: /local/S/jenkins/workspace/ecg-mayausd-branch-preflight-python3-osx/ecg-maya-usd/maya-usd/lib/mayaUsd/fileio/primUpdater.h
    -- promoting: /local/S/jenkins/workspace/ecg-mayausd-branch-preflight-python3-osx/ecg-maya-usd/maya-usd/lib/mayaUsd/fileio/primUpdaterContext.h
    -- promoting: /local/S/jenkins/workspace/ecg-mayausd-branch-preflight-python3-osx/ecg-maya-usd/maya-usd/lib/mayaUsd/fileio/primUpdaterRegistry.h
    -- promoting: /local/S/jenkins/workspace/ecg-mayausd-branch-preflight-python3-osx/ecg-maya-usd/maya-usd/lib/mayaUsd/fileio/primWriter.h
    -- promoting: /local/S/jenkins/workspace/ecg-mayausd-branch-preflight-python3-osx/ecg-maya-usd/maya-usd/lib/mayaUsd/fileio/primWriterArgs.h
    -- promoting: /local/S/jenkins/workspace/ecg-mayausd-branch-preflight-python3-osx/ecg-maya-usd/maya-usd/lib/mayaUsd/fileio/primWriterContext.h
    -- promoting: /local/S/jenkins/workspace/ecg-mayausd-branch-preflight-python3-osx/ecg-maya-usd/maya-usd/lib/mayaUsd/fileio/primWriterRegistry.h
    -- promoting: /local/S/jenkins/workspace/ecg-mayausd-branch-preflight-python3-osx/ecg-maya-usd/maya-usd/lib/mayaUsd/fileio/registryHelper.h
    -- promoting: /local/S/jenkins/workspace/ecg-mayausd-branch-preflight-python3-osx/ecg-maya-usd/maya-usd/lib/mayaUsd/fileio/shaderReader.h
    -- promoting: /local/S/jenkins/workspace/ecg-mayausd-branch-preflight-python3-osx/ecg-maya-usd/maya-usd/lib/mayaUsd/fileio/shaderReaderRegistry.h
    -- promoting: /local/S/jenkins/workspace/ecg-mayausd-branch-preflight-python3-osx/ecg-maya-usd/maya-usd/lib/mayaUsd/fileio/shaderWriter.h
    -- promoting: /local/S/jenkins/workspace/ecg-mayausd-branch-preflight-python3-osx/ecg-maya-usd/maya-usd/lib/mayaUsd/fileio/shaderWriterRegistry.h
    -- promoting: /local/S/jenkins/workspace/ecg-mayausd-branch-preflight-python3-osx/ecg-maya-usd/maya-usd/lib/mayaUsd/fileio/transformWriter.h
    -- promoting: /local/S/jenkins/workspace/ecg-mayausd-branch-preflight-python3-osx/ecg-maya-usd/maya-usd/lib/mayaUsd/fileio/writeJobContext.h
    -- promoting: /local/S/jenkins/workspace/ecg-mayausd-branch-preflight-python3-osx/ecg-maya-usd/maya-usd/lib/mayaUsd/fileio/chaser/exportChaser.h
    -- promoting: /local/S/jenkins/workspace/ecg-mayausd-branch-preflight-python3-osx/ecg-maya-usd/maya-usd/lib/mayaUsd/fileio/chaser/exportChaserRegistry.h
    -- promoting: /local/S/jenkins/workspace/ecg-mayausd-branch-preflight-python3-osx/ecg-maya-usd/maya-usd/lib/mayaUsd/fileio/chaser/importChaserRegistry.h
    -- promoting: /local/S/jenkins/workspace/ecg-mayausd-branch-preflight-python3-osx/ecg-maya-usd/maya-usd/lib/mayaUsd/fileio/chaser/importChaser.h
    -- promoting: /local/S/jenkins/workspace/ecg-mayausd-branch-preflight-python3-osx/ecg-maya-usd/maya-usd/lib/mayaUsd/fileio/jobs/jobArgs.h
    -- promoting: /local/S/jenkins/workspace/ecg-mayausd-branch-preflight-python3-osx/ecg-maya-usd/maya-usd/lib/mayaUsd/fileio/jobs/modelKindProcessor.h
    -- promoting: /local/S/jenkins/workspace/ecg-mayausd-branch-preflight-python3-osx/ecg-maya-usd/maya-usd/lib/mayaUsd/fileio/jobs/readJob.h
    -- promoting: /local/S/jenkins/workspace/ecg-mayausd-branch-preflight-python3-osx/ecg-maya-usd/maya-usd/lib/mayaUsd/fileio/jobs/writeJob.h
    -- promoting: /local/S/jenkins/workspace/ecg-mayausd-branch-preflight-python3-osx/ecg-maya-usd/maya-usd/lib/mayaUsd/fileio/shading/rfmShaderMap.h
    -- promoting: /local/S/jenkins/workspace/ecg-mayausd-branch-preflight-python3-osx/ecg-maya-usd/maya-usd/lib/mayaUsd/fileio/shading/shadingModeExporter.h
    -- promoting: /local/S/jenkins/workspace/ecg-mayausd-branch-preflight-python3-osx/ecg-maya-usd/maya-usd/lib/mayaUsd/fileio/shading/shadingModeExporterContext.h
    -- promoting: /local/S/jenkins/workspace/ecg-mayausd-branch-preflight-python3-osx/ecg-maya-usd/maya-usd/lib/mayaUsd/fileio/shading/shadingModeImporter.h
    -- promoting: /local/S/jenkins/workspace/ecg-mayausd-branch-preflight-python3-osx/ecg-maya-usd/maya-usd/lib/mayaUsd/fileio/shading/shadingModeRegistry.h
    -- promoting: /local/S/jenkins/workspace/ecg-mayausd-branch-preflight-python3-osx/ecg-maya-usd/maya-usd/lib/mayaUsd/fileio/shading/symmetricShaderReader.h
    -- promoting: /local/S/jenkins/workspace/ecg-mayausd-branch-preflight-python3-osx/ecg-maya-usd/maya-usd/lib/mayaUsd/fileio/shading/symmetricShaderWriter.h
    -- promoting: /local/S/jenkins/workspace/ecg-mayausd-branch-preflight-python3-osx/ecg-maya-usd/maya-usd/lib/mayaUsd/fileio/translators/skelBindingsProcessor.h
    -- promoting: /local/S/jenkins/workspace/ecg-mayausd-branch-preflight-python3-osx/ecg-maya-usd/maya-usd/lib/mayaUsd/fileio/translators/translatorCamera.h
    -- promoting: /local/S/jenkins/workspace/ecg-mayausd-branch-preflight-python3-osx/ecg-maya-usd/maya-usd/lib/mayaUsd/fileio/translators/translatorCurves.h
    -- promoting: /local/S/jenkins/workspace/ecg-mayausd-branch-preflight-python3-osx/ecg-maya-usd/maya-usd/lib/mayaUsd/fileio/translators/translatorGprim.h
    -- promoting: /local/S/jenkins/workspace/ecg-mayausd-branch-preflight-python3-osx/ecg-maya-usd/maya-usd/lib/mayaUsd/fileio/translators/translatorMaterial.h
    -- promoting: /local/S/jenkins/workspace/ecg-mayausd-branch-preflight-python3-osx/ecg-maya-usd/maya-usd/lib/mayaUsd/fileio/translators/translatorMayaReference.h
    -- promoting: /local/S/jenkins/workspace/ecg-mayausd-branch-preflight-python3-osx/ecg-maya-usd/maya-usd/lib/mayaUsd/fileio/translators/translatorMesh.h
    -- promoting: /local/S/jenkins/workspace/ecg-mayausd-branch-preflight-python3-osx/ecg-maya-usd/maya-usd/lib/mayaUsd/fileio/translators/translatorNurbsPatch.h
    -- promoting: /local/S/jenkins/workspace/ecg-mayausd-branch-preflight-python3-osx/ecg-maya-usd/maya-usd/lib/mayaUsd/fileio/translators/translatorPrim.h
    -- promoting: /local/S/jenkins/workspace/ecg-mayausd-branch-preflight-python3-osx/ecg-maya-usd/maya-usd/lib/mayaUsd/fileio/translators/translatorRfMLight.h
    -- promoting: /local/S/jenkins/workspace/ecg-mayausd-branch-preflight-python3-osx/ecg-maya-usd/maya-usd/lib/mayaUsd/fileio/translators/translatorSkel.h
    -- promoting: /local/S/jenkins/workspace/ecg-mayausd-branch-preflight-python3-osx/ecg-maya-usd/maya-usd/lib/mayaUsd/fileio/translators/translatorUtil.h
    -- promoting: /local/S/jenkins/workspace/ecg-mayausd-branch-preflight-python3-osx/ecg-maya-usd/maya-usd/lib/mayaUsd/fileio/translators/translatorXformable.h
    -- promoting: /local/S/jenkins/workspace/ecg-mayausd-branch-preflight-python3-osx/ecg-maya-usd/maya-usd/lib/mayaUsd/fileio/utils/adaptor.h
    -- promoting: /local/S/jenkins/workspace/ecg-mayausd-branch-preflight-python3-osx/ecg-maya-usd/maya-usd/lib/mayaUsd/fileio/utils/jointWriteUtils.h
    -- promoting: /local/S/jenkins/workspace/ecg-mayausd-branch-preflight-python3-osx/ecg-maya-usd/maya-usd/lib/mayaUsd/fileio/utils/meshReadUtils.h
    -- promoting: /local/S/jenkins/workspace/ecg-mayausd-branch-preflight-python3-osx/ecg-maya-usd/maya-usd/lib/mayaUsd/fileio/utils/meshWriteUtils.h
    -- promoting: /local/S/jenkins/workspace/ecg-mayausd-branch-preflight-python3-osx/ecg-maya-usd/maya-usd/lib/mayaUsd/fileio/utils/readUtil.h
    -- promoting: /local/S/jenkins/workspace/ecg-mayausd-branch-preflight-python3-osx/ecg-maya-usd/maya-usd/lib/mayaUsd/fileio/utils/roundTripUtil.h
    -- promoting: /local/S/jenkins/workspace/ecg-mayausd-branch-preflight-python3-osx/ecg-maya-usd/maya-usd/lib/mayaUsd/fileio/utils/shadingUtil.h
    -- promoting: /local/S/jenkins/workspace/ecg-mayausd-branch-preflight-python3-osx/ecg-maya-usd/maya-usd/lib/mayaUsd/fileio/utils/userTaggedAttribute.h
    -- promoting: /local/S/jenkins/workspace/ecg-mayausd-branch-preflight-python3-osx/ecg-maya-usd/maya-usd/lib/mayaUsd/fileio/utils/writeUtil.h
    -- promoting: /local/S/jenkins/workspace/ecg-mayausd-branch-preflight-python3-osx/ecg-maya-usd/maya-usd/lib/mayaUsd/fileio/utils/xformStack.h
    -- promoting: /local/S/jenkins/workspace/ecg-mayausd-branch-preflight-python3-osx/ecg-maya-usd/maya-usd/lib/mayaUsd/listeners/notice.h
    -- promoting: /local/S/jenkins/workspace/ecg-mayausd-branch-preflight-python3-osx/ecg-maya-usd/maya-usd/lib/mayaUsd/listeners/proxyShapeNotice.h
    -- promoting: /local/S/jenkins/workspace/ecg-mayausd-branch-preflight-python3-osx/ecg-maya-usd/maya-usd/lib/mayaUsd/listeners/stageNoticeListener.h
    -- promoting: /local/S/jenkins/workspace/ecg-mayausd-branch-preflight-python3-osx/ecg-maya-usd/maya-usd/lib/mayaUsd/nodes/hdImagingShape.h
    -- promoting: /local/S/jenkins/workspace/ecg-mayausd-branch-preflight-python3-osx/ecg-maya-usd/maya-usd/lib/mayaUsd/nodes/pointBasedDeformerNode.h
    -- promoting: /local/S/jenkins/workspace/ecg-mayausd-branch-preflight-python3-osx/ecg-maya-usd/maya-usd/lib/mayaUsd/nodes/proxyAccessor.h
    -- promoting: /local/S/jenkins/workspace/ecg-mayausd-branch-preflight-python3-osx/ecg-maya-usd/maya-usd/lib/mayaUsd/nodes/proxyShapeBase.h
    -- promoting: /local/S/jenkins/workspace/ecg-mayausd-branch-preflight-python3-osx/ecg-maya-usd/maya-usd/lib/mayaUsd/nodes/proxyShapePlugin.h
    -- promoting: /local/S/jenkins/workspace/ecg-mayausd-branch-preflight-python3-osx/ecg-maya-usd/maya-usd/lib/mayaUsd/nodes/proxyStageProvider.h
    -- promoting: /local/S/jenkins/workspace/ecg-mayausd-branch-preflight-python3-osx/ecg-maya-usd/maya-usd/lib/mayaUsd/nodes/stageData.h
    -- promoting: /local/S/jenkins/workspace/ecg-mayausd-branch-preflight-python3-osx/ecg-maya-usd/maya-usd/lib/mayaUsd/nodes/stageNode.h
    -- promoting: /local/S/jenkins/workspace/ecg-mayausd-branch-preflight-python3-osx/ecg-maya-usd/maya-usd/lib/mayaUsd/nodes/usdPrimProvider.h
    -- promoting: /local/S/jenkins/workspace/ecg-mayausd-branch-preflight-python3-osx/ecg-maya-usd/maya-usd/lib/mayaUsd/nodes/layerManager.h
    -- promoting: /local/S/jenkins/workspace/ecg-mayausd-branch-preflight-python3-osx/ecg-maya-usd/maya-usd/lib/mayaUsd/render/px_vp20/glslProgram.h
    -- promoting: /local/S/jenkins/workspace/ecg-mayausd-branch-preflight-python3-osx/ecg-maya-usd/maya-usd/lib/mayaUsd/render/px_vp20/utils.h
    -- promoting: /local/S/jenkins/workspace/ecg-mayausd-branch-preflight-python3-osx/ecg-maya-usd/maya-usd/lib/mayaUsd/render/px_vp20/utils_legacy.h
    -- promoting: /local/S/jenkins/workspace/ecg-mayausd-branch-preflight-python3-osx/ecg-maya-usd/maya-usd/lib/mayaUsd/render/pxrUsdMayaGL/batchRenderer.h
    -- promoting: /local/S/jenkins/workspace/ecg-mayausd-branch-preflight-python3-osx/ecg-maya-usd/maya-usd/lib/mayaUsd/render/pxrUsdMayaGL/debugCodes.h
    -- promoting: /local/S/jenkins/workspace/ecg-mayausd-branch-preflight-python3-osx/ecg-maya-usd/maya-usd/lib/mayaUsd/render/pxrUsdMayaGL/hdImagingShapeDrawOverride.h
    -- promoting: /local/S/jenkins/workspace/ecg-mayausd-branch-preflight-python3-osx/ecg-maya-usd/maya-usd/lib/mayaUsd/render/pxrUsdMayaGL/hdImagingShapeUI.h
    -- promoting: /local/S/jenkins/workspace/ecg-mayausd-branch-preflight-python3-osx/ecg-maya-usd/maya-usd/lib/mayaUsd/render/pxrUsdMayaGL/instancerImager.h
    -- promoting: /local/S/jenkins/workspace/ecg-mayausd-branch-preflight-python3-osx/ecg-maya-usd/maya-usd/lib/mayaUsd/render/pxrUsdMayaGL/instancerShapeAdapter.h
    -- promoting: /local/S/jenkins/workspace/ecg-mayausd-branch-preflight-python3-osx/ecg-maya-usd/maya-usd/lib/mayaUsd/render/pxrUsdMayaGL/proxyDrawOverride.h
    -- promoting: /local/S/jenkins/workspace/ecg-mayausd-branch-preflight-python3-osx/ecg-maya-usd/maya-usd/lib/mayaUsd/render/pxrUsdMayaGL/proxyShapeUI.h
    -- promoting: /local/S/jenkins/workspace/ecg-mayausd-branch-preflight-python3-osx/ecg-maya-usd/maya-usd/lib/mayaUsd/render/pxrUsdMayaGL/renderParams.h
    -- promoting: /local/S/jenkins/workspace/ecg-mayausd-branch-preflight-python3-osx/ecg-maya-usd/maya-usd/lib/mayaUsd/render/pxrUsdMayaGL/sceneDelegate.h
    -- promoting: /local/S/jenkins/workspace/ecg-mayausd-branch-preflight-python3-osx/ecg-maya-usd/maya-usd/lib/mayaUsd/render/pxrUsdMayaGL/shapeAdapter.h
    -- promoting: /local/S/jenkins/workspace/ecg-mayausd-branch-preflight-python3-osx/ecg-maya-usd/maya-usd/lib/mayaUsd/render/pxrUsdMayaGL/softSelectHelper.h
    -- promoting: /local/S/jenkins/workspace/ecg-mayausd-branch-preflight-python3-osx/ecg-maya-usd/maya-usd/lib/mayaUsd/render/pxrUsdMayaGL/usdProxyShapeAdapter.h
    -- promoting: /local/S/jenkins/workspace/ecg-mayausd-branch-preflight-python3-osx/ecg-maya-usd/maya-usd/lib/mayaUsd/render/pxrUsdMayaGL/userData.h
    -- promoting: /local/S/jenkins/workspace/ecg-mayausd-branch-preflight-python3-osx/ecg-maya-usd/maya-usd/lib/mayaUsd/render/vp2RenderDelegate/proxyRenderDelegate.h
    -- promoting: /local/S/jenkins/workspace/ecg-mayausd-branch-preflight-python3-osx/ecg-maya-usd/maya-usd/lib/mayaUsd/render/vp2ShaderFragments/shaderFragments.h
    -- promoting: /local/S/jenkins/workspace/ecg-mayausd-branch-preflight-python3-osx/ecg-maya-usd/maya-usd/lib/mayaUsd/ufe/Global.h
    -- promoting: /local/S/jenkins/workspace/ecg-mayausd-branch-preflight-python3-osx/ecg-maya-usd/maya-usd/lib/mayaUsd/ufe/ProxyShapeHandler.h
    -- promoting: /local/S/jenkins/workspace/ecg-mayausd-branch-preflight-python3-osx/ecg-maya-usd/maya-usd/lib/mayaUsd/ufe/ProxyShapeHierarchy.h
    -- promoting: /local/S/jenkins/workspace/ecg-mayausd-branch-preflight-python3-osx/ecg-maya-usd/maya-usd/lib/mayaUsd/ufe/ProxyShapeHierarchyHandler.h
    -- promoting: /local/S/jenkins/workspace/ecg-mayausd-branch-preflight-python3-osx/ecg-maya-usd/maya-usd/lib/mayaUsd/ufe/StagesSubject.h
    -- promoting: /local/S/jenkins/workspace/ecg-mayausd-branch-preflight-python3-osx/ecg-maya-usd/maya-usd/lib/mayaUsd/ufe/UsdHierarchy.h
    -- promoting: /local/S/jenkins/workspace/ecg-mayausd-branch-preflight-python3-osx/ecg-maya-usd/maya-usd/lib/mayaUsd/ufe/UsdHierarchyHandler.h
    -- promoting: /local/S/jenkins/workspace/ecg-mayausd-branch-preflight-python3-osx/ecg-maya-usd/maya-usd/lib/mayaUsd/ufe/UsdPointInstanceModifierBase.h
    -- promoting: /local/S/jenkins/workspace/ecg-mayausd-branch-preflight-python3-osx/ecg-maya-usd/maya-usd/lib/mayaUsd/ufe/UsdPointInstanceOrientationModifier.h
    -- promoting: /local/S/jenkins/workspace/ecg-mayausd-branch-preflight-python3-osx/ecg-maya-usd/maya-usd/lib/mayaUsd/ufe/UsdPointInstancePositionModifier.h
    -- promoting: /local/S/jenkins/workspace/ecg-mayausd-branch-preflight-python3-osx/ecg-maya-usd/maya-usd/lib/mayaUsd/ufe/UsdPointInstanceScaleModifier.h
    -- promoting: /local/S/jenkins/workspace/ecg-mayausd-branch-preflight-python3-osx/ecg-maya-usd/maya-usd/lib/mayaUsd/ufe/UsdRootChildHierarchy.h
    -- promoting: /local/S/jenkins/workspace/ecg-mayausd-branch-preflight-python3-osx/ecg-maya-usd/maya-usd/lib/mayaUsd/ufe/UsdRotatePivotTranslateUndoableCommand.h
    -- promoting: /local/S/jenkins/workspace/ecg-mayausd-branch-preflight-python3-osx/ecg-maya-usd/maya-usd/lib/mayaUsd/ufe/UsdRotateUndoableCommand.h
    -- promoting: /local/S/jenkins/workspace/ecg-mayausd-branch-preflight-python3-osx/ecg-maya-usd/maya-usd/lib/mayaUsd/ufe/UsdScaleUndoableCommand.h
    -- promoting: /local/S/jenkins/workspace/ecg-mayausd-branch-preflight-python3-osx/ecg-maya-usd/maya-usd/lib/mayaUsd/ufe/UsdSceneItem.h
    -- promoting: /local/S/jenkins/workspace/ecg-mayausd-branch-preflight-python3-osx/ecg-maya-usd/maya-usd/lib/mayaUsd/ufe/UsdSceneItemOps.h
    -- promoting: /local/S/jenkins/workspace/ecg-mayausd-branch-preflight-python3-osx/ecg-maya-usd/maya-usd/lib/mayaUsd/ufe/UsdSceneItemOpsHandler.h
    -- promoting: /local/S/jenkins/workspace/ecg-mayausd-branch-preflight-python3-osx/ecg-maya-usd/maya-usd/lib/mayaUsd/ufe/UsdStageMap.h
    -- promoting: /local/S/jenkins/workspace/ecg-mayausd-branch-preflight-python3-osx/ecg-maya-usd/maya-usd/lib/mayaUsd/ufe/UsdTRSUndoableCommandBase.h
    -- promoting: /local/S/jenkins/workspace/ecg-mayausd-branch-preflight-python3-osx/ecg-maya-usd/maya-usd/lib/mayaUsd/ufe/UsdTransform3d.h
    -- promoting: /local/S/jenkins/workspace/ecg-mayausd-branch-preflight-python3-osx/ecg-maya-usd/maya-usd/lib/mayaUsd/ufe/UsdTransform3dHandler.h
    -- promoting: /local/S/jenkins/workspace/ecg-mayausd-branch-preflight-python3-osx/ecg-maya-usd/maya-usd/lib/mayaUsd/ufe/UsdTranslateUndoableCommand.h
    -- promoting: /local/S/jenkins/workspace/ecg-mayausd-branch-preflight-python3-osx/ecg-maya-usd/maya-usd/lib/mayaUsd/ufe/UsdUndoDeleteCommand.h
    -- promoting: /local/S/jenkins/workspace/ecg-mayausd-branch-preflight-python3-osx/ecg-maya-usd/maya-usd/lib/mayaUsd/ufe/UsdUndoDuplicateCommand.h
    -- promoting: /local/S/jenkins/workspace/ecg-mayausd-branch-preflight-python3-osx/ecg-maya-usd/maya-usd/lib/mayaUsd/ufe/UsdUndoRenameCommand.h
    -- promoting: /local/S/jenkins/workspace/ecg-mayausd-branch-preflight-python3-osx/ecg-maya-usd/maya-usd/lib/mayaUsd/ufe/Utils.h
    -- promoting: /local/S/jenkins/workspace/ecg-mayausd-branch-preflight-python3-osx/ecg-maya-usd/maya-usd/lib/mayaUsd/ufe/UfeVersionCompat.h
    -- promoting: /local/S/jenkins/workspace/ecg-mayausd-branch-preflight-python3-osx/ecg-maya-usd/maya-usd/lib/mayaUsd/ufe/ProxyShapeContextOpsHandler.h
    -- promoting: /local/S/jenkins/workspace/ecg-mayausd-branch-preflight-python3-osx/ecg-maya-usd/maya-usd/lib/mayaUsd/ufe/RotationUtils.h
    -- promoting: /local/S/jenkins/workspace/ecg-mayausd-branch-preflight-python3-osx/ecg-maya-usd/maya-usd/lib/mayaUsd/ufe/UsdAttribute.h
    -- promoting: /local/S/jenkins/workspace/ecg-mayausd-branch-preflight-python3-osx/ecg-maya-usd/maya-usd/lib/mayaUsd/ufe/UsdAttributes.h
    -- promoting: /local/S/jenkins/workspace/ecg-mayausd-branch-preflight-python3-osx/ecg-maya-usd/maya-usd/lib/mayaUsd/ufe/UsdAttributesHandler.h
    -- promoting: /local/S/jenkins/workspace/ecg-mayausd-branch-preflight-python3-osx/ecg-maya-usd/maya-usd/lib/mayaUsd/ufe/UsdCamera.h
    -- promoting: /local/S/jenkins/workspace/ecg-mayausd-branch-preflight-python3-osx/ecg-maya-usd/maya-usd/lib/mayaUsd/ufe/UsdCameraHandler.h
    -- promoting: /local/S/jenkins/workspace/ecg-mayausd-branch-preflight-python3-osx/ecg-maya-usd/maya-usd/lib/mayaUsd/ufe/UsdContextOps.h
    -- promoting: /local/S/jenkins/workspace/ecg-mayausd-branch-preflight-python3-osx/ecg-maya-usd/maya-usd/lib/mayaUsd/ufe/UsdContextOpsHandler.h
    -- promoting: /local/S/jenkins/workspace/ecg-mayausd-branch-preflight-python3-osx/ecg-maya-usd/maya-usd/lib/mayaUsd/ufe/UsdObject3d.h
    -- promoting: /local/S/jenkins/workspace/ecg-mayausd-branch-preflight-python3-osx/ecg-maya-usd/maya-usd/lib/mayaUsd/ufe/UsdObject3dHandler.h
    -- promoting: /local/S/jenkins/workspace/ecg-mayausd-branch-preflight-python3-osx/ecg-maya-usd/maya-usd/lib/mayaUsd/ufe/UsdPointInstanceUndoableCommands.h
    -- promoting: /local/S/jenkins/workspace/ecg-mayausd-branch-preflight-python3-osx/ecg-maya-usd/maya-usd/lib/mayaUsd/ufe/UsdTransform3dBase.h
    -- promoting: /local/S/jenkins/workspace/ecg-mayausd-branch-preflight-python3-osx/ecg-maya-usd/maya-usd/lib/mayaUsd/ufe/UsdTransform3dCommonAPI.h
    -- promoting: /local/S/jenkins/workspace/ecg-mayausd-branch-preflight-python3-osx/ecg-maya-usd/maya-usd/lib/mayaUsd/ufe/UsdTransform3dFallbackMayaXformStack.h
    -- promoting: /local/S/jenkins/workspace/ecg-mayausd-branch-preflight-python3-osx/ecg-maya-usd/maya-usd/lib/mayaUsd/ufe/UsdTransform3dMatrixOp.h
    -- promoting: /local/S/jenkins/workspace/ecg-mayausd-branch-preflight-python3-osx/ecg-maya-usd/maya-usd/lib/mayaUsd/ufe/UsdTransform3dMayaXformStack.h
    -- promoting: /local/S/jenkins/workspace/ecg-mayausd-branch-preflight-python3-osx/ecg-maya-usd/maya-usd/lib/mayaUsd/ufe/UsdTransform3dPointInstance.h
    -- promoting: /local/S/jenkins/workspace/ecg-mayausd-branch-preflight-python3-osx/ecg-maya-usd/maya-usd/lib/mayaUsd/ufe/UsdTransform3dSetObjectMatrix.h
    -- promoting: /local/S/jenkins/workspace/ecg-mayausd-branch-preflight-python3-osx/ecg-maya-usd/maya-usd/lib/mayaUsd/ufe/UsdTransform3dUndoableCommands.h
    -- promoting: /local/S/jenkins/workspace/ecg-mayausd-branch-preflight-python3-osx/ecg-maya-usd/maya-usd/lib/mayaUsd/ufe/UsdUIInfoHandler.h
    -- promoting: /local/S/jenkins/workspace/ecg-mayausd-branch-preflight-python3-osx/ecg-maya-usd/maya-usd/lib/mayaUsd/ufe/UsdUndoableCommand.h
    -- promoting: /local/S/jenkins/workspace/ecg-mayausd-branch-preflight-python3-osx/ecg-maya-usd/maya-usd/lib/mayaUsd/ufe/UsdUndoAddNewPrimCommand.h
    -- promoting: /local/S/jenkins/workspace/ecg-mayausd-branch-preflight-python3-osx/ecg-maya-usd/maya-usd/lib/mayaUsd/ufe/UsdUndoCreateGroupCommand.h
    -- promoting: /local/S/jenkins/workspace/ecg-mayausd-branch-preflight-python3-osx/ecg-maya-usd/maya-usd/lib/mayaUsd/ufe/UsdUndoInsertChildCommand.h
    -- promoting: /local/S/jenkins/workspace/ecg-mayausd-branch-preflight-python3-osx/ecg-maya-usd/maya-usd/lib/mayaUsd/ufe/UsdUndoReorderCommand.h
    -- promoting: /local/S/jenkins/workspace/ecg-mayausd-branch-preflight-python3-osx/ecg-maya-usd/maya-usd/lib/mayaUsd/ufe/UsdUndoSetKindCommand.h
    -- promoting: /local/S/jenkins/workspace/ecg-mayausd-branch-preflight-python3-osx/ecg-maya-usd/maya-usd/lib/mayaUsd/ufe/UsdUndoVisibleCommand.h
    -- promoting: /local/S/jenkins/workspace/ecg-mayausd-branch-preflight-python3-osx/ecg-maya-usd/maya-usd/lib/mayaUsd/ufe/XformOpUtils.h
    -- promoting: /local/S/jenkins/workspace/ecg-mayausd-branch-preflight-python3-osx/ecg-maya-usd/maya-usd/lib/mayaUsd/ufe/UsdUndoUngroupCommand.h
    -- promoting: /local/S/jenkins/workspace/ecg-mayausd-branch-preflight-python3-osx/ecg-maya-usd/maya-usd/lib/mayaUsd/undo/UsdUndoBlock.h
    -- promoting: /local/S/jenkins/workspace/ecg-mayausd-branch-preflight-python3-osx/ecg-maya-usd/maya-usd/lib/mayaUsd/undo/UsdUndoManager.h
    -- promoting: /local/S/jenkins/workspace/ecg-mayausd-branch-preflight-python3-osx/ecg-maya-usd/maya-usd/lib/mayaUsd/undo/UsdUndoStateDelegate.h
    -- promoting: /local/S/jenkins/workspace/ecg-mayausd-branch-preflight-python3-osx/ecg-maya-usd/maya-usd/lib/mayaUsd/undo/UsdUndoableItem.h
    -- promoting: /local/S/jenkins/workspace/ecg-mayausd-branch-preflight-python3-osx/ecg-maya-usd/maya-usd/lib/mayaUsd/utils/blockSceneModificationContext.h
    -- promoting: /local/S/jenkins/workspace/ecg-mayausd-branch-preflight-python3-osx/ecg-maya-usd/maya-usd/lib/mayaUsd/utils/colorSpace.h
    -- promoting: /local/S/jenkins/workspace/ecg-mayausd-branch-preflight-python3-osx/ecg-maya-usd/maya-usd/lib/mayaUsd/utils/converter.h
    -- promoting: /local/S/jenkins/workspace/ecg-mayausd-branch-preflight-python3-osx/ecg-maya-usd/maya-usd/lib/mayaUsd/utils/diagnosticDelegate.h
    -- promoting: /local/S/jenkins/workspace/ecg-mayausd-branch-preflight-python3-osx/ecg-maya-usd/maya-usd/lib/mayaUsd/utils/query.h
    -- promoting: /local/S/jenkins/workspace/ecg-mayausd-branch-preflight-python3-osx/ecg-maya-usd/maya-usd/lib/mayaUsd/utils/plugRegistryHelper.h
    -- promoting: /local/S/jenkins/workspace/ecg-mayausd-branch-preflight-python3-osx/ecg-maya-usd/maya-usd/lib/mayaUsd/utils/stageCache.h
    -- promoting: /local/S/jenkins/workspace/ecg-mayausd-branch-preflight-python3-osx/ecg-maya-usd/maya-usd/lib/mayaUsd/utils/undoHelperCommand.h
    -- promoting: /local/S/jenkins/workspace/ecg-mayausd-branch-preflight-python3-osx/ecg-maya-usd/maya-usd/lib/mayaUsd/utils/util.h
    -- promoting: /local/S/jenkins/workspace/ecg-mayausd-branch-preflight-python3-osx/ecg-maya-usd/maya-usd/lib/mayaUsd/utils/utilFileSystem.h
    -- promoting: /local/S/jenkins/workspace/ecg-mayausd-branch-preflight-python3-osx/ecg-maya-usd/maya-usd/lib/mayaUsd/utils/utilSerialization.h
    -- promoting: /local/S/jenkins/workspace/ecg-mayausd-branch-preflight-python3-osx/ecg-maya-usd/maya-usd/lib/mayaUsd/utils/hash.h
    -- promoting: /local/S/jenkins/workspace/ecg-mayausd-branch-preflight-python3-osx/ecg-maya-usd/maya-usd/lib/mayaUsd/render/mayaToHydra/utils.h
    -- promoting: /local/S/jenkins/workspace/ecg-mayausd-branch-preflight-python3-osx/ecg-maya-usd/maya-usd/lib/usd/hdMaya/api.h
    -- promoting: /local/S/jenkins/workspace/ecg-mayausd-branch-preflight-python3-osx/ecg-maya-usd/maya-usd/lib/usd/hdMaya/utils.h
    -- promoting: /local/S/jenkins/workspace/ecg-mayausd-branch-preflight-python3-osx/ecg-maya-usd/maya-usd/lib/usd/hdMaya/debugCodes.h
    -- promoting: /local/S/jenkins/workspace/ecg-mayausd-branch-preflight-python3-osx/ecg-maya-usd/maya-usd/lib/usd/hdMaya/adapters/adapter.h
    -- promoting: /local/S/jenkins/workspace/ecg-mayausd-branch-preflight-python3-osx/ecg-maya-usd/maya-usd/lib/usd/hdMaya/adapters/adapterDebugCodes.h
    -- promoting: /local/S/jenkins/workspace/ecg-mayausd-branch-preflight-python3-osx/ecg-maya-usd/maya-usd/lib/usd/hdMaya/adapters/adapterRegistry.h
    -- promoting: /local/S/jenkins/workspace/ecg-mayausd-branch-preflight-python3-osx/ecg-maya-usd/maya-usd/lib/usd/hdMaya/adapters/cameraAdapter.h
    -- promoting: /local/S/jenkins/workspace/ecg-mayausd-branch-preflight-python3-osx/ecg-maya-usd/maya-usd/lib/usd/hdMaya/adapters/constantShadowMatrix.h
    -- promoting: /local/S/jenkins/workspace/ecg-mayausd-branch-preflight-python3-osx/ecg-maya-usd/maya-usd/lib/usd/hdMaya/adapters/dagAdapter.h
    -- promoting: /local/S/jenkins/workspace/ecg-mayausd-branch-preflight-python3-osx/ecg-maya-usd/maya-usd/lib/usd/hdMaya/adapters/lightAdapter.h
    -- promoting: /local/S/jenkins/workspace/ecg-mayausd-branch-preflight-python3-osx/ecg-maya-usd/maya-usd/lib/usd/hdMaya/adapters/proxyAdapter.h
    -- promoting: /local/S/jenkins/workspace/ecg-mayausd-branch-preflight-python3-osx/ecg-maya-usd/maya-usd/lib/usd/hdMaya/adapters/materialAdapter.h
    -- promoting: /local/S/jenkins/workspace/ecg-mayausd-branch-preflight-python3-osx/ecg-maya-usd/maya-usd/lib/usd/hdMaya/adapters/materialNetworkConverter.h
    -- promoting: /local/S/jenkins/workspace/ecg-mayausd-branch-preflight-python3-osx/ecg-maya-usd/maya-usd/lib/usd/hdMaya/adapters/mayaAttrs.h
    -- promoting: /local/S/jenkins/workspace/ecg-mayausd-branch-preflight-python3-osx/ecg-maya-usd/maya-usd/lib/usd/hdMaya/adapters/shapeAdapter.h
    -- promoting: /local/S/jenkins/workspace/ecg-mayausd-branch-preflight-python3-osx/ecg-maya-usd/maya-usd/lib/usd/hdMaya/adapters/tokens.h
    -- promoting: /local/S/jenkins/workspace/ecg-mayausd-branch-preflight-python3-osx/ecg-maya-usd/maya-usd/lib/usd/hdMaya/delegates/delegate.h
    -- promoting: /local/S/jenkins/workspace/ecg-mayausd-branch-preflight-python3-osx/ecg-maya-usd/maya-usd/lib/usd/hdMaya/delegates/delegateCtx.h
    -- promoting: /local/S/jenkins/workspace/ecg-mayausd-branch-preflight-python3-osx/ecg-maya-usd/maya-usd/lib/usd/hdMaya/delegates/delegateDebugCodes.h
    -- promoting: /local/S/jenkins/workspace/ecg-mayausd-branch-preflight-python3-osx/ecg-maya-usd/maya-usd/lib/usd/hdMaya/delegates/delegateRegistry.h
    -- promoting: /local/S/jenkins/workspace/ecg-mayausd-branch-preflight-python3-osx/ecg-maya-usd/maya-usd/lib/usd/hdMaya/delegates/params.h
    -- promoting: /local/S/jenkins/workspace/ecg-mayausd-branch-preflight-python3-osx/ecg-maya-usd/maya-usd/lib/usd/hdMaya/delegates/proxyDelegate.h
    -- promoting: /local/S/jenkins/workspace/ecg-mayausd-branch-preflight-python3-osx/ecg-maya-usd/maya-usd/lib/usd/hdMaya/delegates/proxyUsdImagingDelegate.h
    -- promoting: /local/S/jenkins/workspace/ecg-mayausd-branch-preflight-python3-osx/ecg-maya-usd/maya-usd/lib/usd/hdMaya/delegates/sceneDelegate.h
    -- promoting: /local/S/jenkins/workspace/ecg-mayausd-branch-preflight-python3-osx/ecg-maya-usd/maya-usd/lib/usd/hdMaya/delegates/testDelegate.h
    -- promoting: /local/S/jenkins/workspace/ecg-mayausd-branch-preflight-python3-osx/ecg-maya-usd/maya-usd/lib/usd/pxrUsdPreviewSurface/usdPreviewSurface.h
    -- promoting: /local/S/jenkins/workspace/ecg-mayausd-branch-preflight-python3-osx/ecg-maya-usd/maya-usd/lib/usd/pxrUsdPreviewSurface/usdPreviewSurfacePlugin.h
    -- promoting: /local/S/jenkins/workspace/ecg-mayausd-branch-preflight-python3-osx/ecg-maya-usd/maya-usd/lib/usd/schemas/api.h
    -- promoting: /local/S/jenkins/workspace/ecg-mayausd-branch-preflight-python3-osx/ecg-maya-usd/maya-usd/lib/usd/schemas/ALMayaReference.h
    -- promoting: /local/S/jenkins/workspace/ecg-mayausd-branch-preflight-python3-osx/ecg-maya-usd/maya-usd/lib/usd/schemas/MayaReference.h
    -- promoting: /local/S/jenkins/workspace/ecg-mayausd-branch-preflight-python3-osx/ecg-maya-usd/maya-usd/lib/usd/schemas/tokens.h
    Processing schema classes:
    MayaReference, ALMayaReference
    Loading Templates from /local/S/jenkins/workspace/shared/Artifactory/OSX/USD/d1c1a7c/lib/usd/usd/resources/codegenTemplates
    Writing API:
    	    wrote /local/S/jenkins/workspace/ecg-mayausd-branch-preflight-python3-osx/build/Debug/lib/usd/schemas/api.h
    Writing Schema Tokens:
    	    wrote /local/S/jenkins/workspace/ecg-mayausd-branch-preflight-python3-osx/build/Debug/lib/usd/schemas/tokens.h
    	    wrote /local/S/jenkins/workspace/ecg-mayausd-branch-preflight-python3-osx/build/Debug/lib/usd/schemas/tokens.cpp
    	    wrote /local/S/jenkins/workspace/ecg-mayausd-branch-preflight-python3-osx/build/Debug/lib/usd/schemas/wrapTokens.cpp
    Generating Classes:
    	    wrote /local/S/jenkins/workspace/ecg-mayausd-branch-preflight-python3-osx/build/Debug/lib/usd/schemas/MayaReference.h
    	    wrote /local/S/jenkins/workspace/ecg-mayausd-branch-preflight-python3-osx/build/Debug/lib/usd/schemas/MayaReference.cpp
    	    wrote /local/S/jenkins/workspace/ecg-mayausd-branch-preflight-python3-osx/build/Debug/lib/usd/schemas/wrapMayaReference.cpp
    	    wrote /local/S/jenkins/workspace/ecg-mayausd-branch-preflight-python3-osx/build/Debug/lib/usd/schemas/ALMayaReference.h
    	    wrote /local/S/jenkins/workspace/ecg-mayausd-branch-preflight-python3-osx/build/Debug/lib/usd/schemas/ALMayaReference.cpp
    	    wrote /local/S/jenkins/workspace/ecg-mayausd-branch-preflight-python3-osx/build/Debug/lib/usd/schemas/wrapALMayaReference.cpp
    Loading Templates from /local/S/jenkins/workspace/shared/Artifactory/OSX/USD/d1c1a7c/lib/usd/usd/resources/codegenTemplates
    	    wrote /local/S/jenkins/workspace/ecg-mayausd-branch-preflight-python3-osx/build/Debug/lib/usd/schemas/plugInfo.json
    Generating Schematics:
    	    wrote /local/S/jenkins/workspace/ecg-mayausd-branch-preflight-python3-osx/build/Debug/lib/usd/schemas/generatedSchema.usda
    -- promoting: /local/S/jenkins/workspace/ecg-mayausd-branch-preflight-python3-osx/ecg-maya-usd/maya-usd/lib/usd/utils/ALHalf.h
    -- promoting: /local/S/jenkins/workspace/ecg-mayausd-branch-preflight-python3-osx/ecg-maya-usd/maya-usd/lib/usd/utils/Api.h
    -- promoting: /local/S/jenkins/workspace/ecg-mayausd-branch-preflight-python3-osx/ecg-maya-usd/maya-usd/lib/usd/utils/DebugCodes.h
    -- promoting: /local/S/jenkins/workspace/ecg-mayausd-branch-preflight-python3-osx/ecg-maya-usd/maya-usd/lib/usd/utils/DiffCore.h
    -- promoting: /local/S/jenkins/workspace/ecg-mayausd-branch-preflight-python3-osx/ecg-maya-usd/maya-usd/lib/usd/utils/ForwardDeclares.h
    -- promoting: /local/S/jenkins/workspace/ecg-mayausd-branch-preflight-python3-osx/ecg-maya-usd/maya-usd/lib/usd/utils/SIMD.h
    -- promoting: /local/S/jenkins/workspace/ecg-mayausd-branch-preflight-python3-osx/ecg-maya-usd/maya-usd/lib/usd/utils/util.h
    -- promoting: /local/S/jenkins/workspace/ecg-mayausd-branch-preflight-python3-osx/ecg-maya-usd/maya-usd/lib/usd/ui/layerEditor/batchSaveLayersUIDelegate.h
    -- promoting: /local/S/jenkins/workspace/ecg-mayausd-branch-preflight-python3-osx/ecg-maya-usd/maya-usd/lib/usd/ui/importDialog/IMayaMQtUtil.h
    -- promoting: /local/S/jenkins/workspace/ecg-mayausd-branch-preflight-python3-osx/ecg-maya-usd/maya-usd/lib/usd/ui/importDialog/ItemDelegate.h
    -- promoting: /local/S/jenkins/workspace/ecg-mayausd-branch-preflight-python3-osx/ecg-maya-usd/maya-usd/lib/usd/ui/importDialog/IUSDImportView.h
    -- promoting: /local/S/jenkins/workspace/ecg-mayausd-branch-preflight-python3-osx/ecg-maya-usd/maya-usd/lib/usd/ui/importDialog/TreeItem.h
    -- promoting: /local/S/jenkins/workspace/ecg-mayausd-branch-preflight-python3-osx/ecg-maya-usd/maya-usd/lib/usd/ui/importDialog/TreeModel.h
    -- promoting: /local/S/jenkins/workspace/ecg-mayausd-branch-preflight-python3-osx/ecg-maya-usd/maya-usd/lib/usd/ui/importDialog/TreeModelFactory.h
    -- promoting: /local/S/jenkins/workspace/ecg-mayausd-branch-preflight-python3-osx/ecg-maya-usd/maya-usd/lib/usd/ui/importDialog/USDImportDialog.h
    -- promoting: /local/S/jenkins/workspace/ecg-mayausd-branch-preflight-python3-osx/ecg-maya-usd/maya-usd/lib/usd/ui/importDialog/USDImportDialogCmd.h
    -- promoting: /local/S/jenkins/workspace/ecg-mayausd-branch-preflight-python3-osx/ecg-maya-usd/maya-usd/lib/usd/ui/importDialog/USDQtUtil.h
    -- promoting: /local/S/jenkins/workspace/ecg-mayausd-branch-preflight-python3-osx/ecg-maya-usd/maya-usd/lib/usd/ui/api.h
    -- promoting: /local/S/jenkins/workspace/ecg-mayausd-branch-preflight-python3-osx/ecg-maya-usd/maya-usd/lib/usd/ui/initStringResources.h
    ========== Pixar USD Plugin ==========
    Compiling '/local/S/jenkins/workspace/ecg-mayausd-branch-preflight-python3-osx/build/Debug/plugin/pxr/__init__.py'...
    ========== AL USD Plugin ==========
    CMake Deprecation Warning at plugin/al/CMakeLists.txt:7 (cmake_policy):
      The OLD behavior for policy CMP0026 will be removed from a future version
      of CMake.
    
      The cmake-policies(7) manual explains that the OLD behaviors of all
      policies are deprecated and that a policy should be set to OLD only under
      specific short-term circumstances.  Projects should be ported to the NEW
      behavior and not rely on setting a policy to OLD.
    
    
    -- Found Boost 1.70.0 at /local/S/jenkins/workspace/shared/Artifactory/OSX/USD/d1c1a7c/lib/cmake/Boost-1.70.0
    --   Requested configuration: QUIET REQUIRED
    -- Found boost_headers 1.70.0 at /local/S/jenkins/workspace/shared/Artifactory/OSX/USD/d1c1a7c/lib/cmake/boost_headers-1.70.0
    -- Boost  found.
    -- Found Boost 1.70.0 at /local/S/jenkins/workspace/shared/Artifactory/OSX/USD/d1c1a7c/lib/cmake/Boost-1.70.0
    --   Requested configuration: QUIET REQUIRED COMPONENTS python
    -- Found boost_python 1.70.0 at /local/S/jenkins/workspace/shared/Artifactory/OSX/USD/d1c1a7c/lib/cmake/boost_python-1.70.0
    --   libboost_python37.dylib
    -- Adding boost_python dependencies: headers
    -- Boost  found.
    -- Found Boost components:
       python
    -- Found GTest: /local/S/jenkins/workspace/ecg-mayausd-branch-preflight-python3-osx/build/Debug/googletest-install/lib/libgtestd.dylib
    Compiling '/local/S/jenkins/workspace/ecg-mayausd-branch-preflight-python3-osx/build/Debug/plugin/al/lib/AL_USDMaya/lib/python/AL/usdmaya/__init__.py'...
    -- Building AL_USDMayaSchemas
    Processing schema classes:
    ALModelAPI, ALFrameRange
    Loading Templates from /local/S/jenkins/workspace/shared/Artifactory/OSX/USD/d1c1a7c/lib/usd/usd/resources/codegenTemplates
    Writing API:
    	    wrote /local/S/jenkins/workspace/ecg-mayausd-branch-preflight-python3-osx/build/Debug/plugin/al/schemas/AL/usd/schemas/maya/api.h
    Writing Schema Tokens:
    	    wrote /local/S/jenkins/workspace/ecg-mayausd-branch-preflight-python3-osx/build/Debug/plugin/al/schemas/AL/usd/schemas/maya/tokens.h
    	    wrote /local/S/jenkins/workspace/ecg-mayausd-branch-preflight-python3-osx/build/Debug/plugin/al/schemas/AL/usd/schemas/maya/tokens.cpp
    	    wrote /local/S/jenkins/workspace/ecg-mayausd-branch-preflight-python3-osx/build/Debug/plugin/al/schemas/AL/usd/schemas/maya/wrapTokens.cpp
    Generating Classes:
    	    wrote /local/S/jenkins/workspace/ecg-mayausd-branch-preflight-python3-osx/build/Debug/plugin/al/schemas/AL/usd/schemas/maya/ModelAPI.h
    	    wrote /local/S/jenkins/workspace/ecg-mayausd-branch-preflight-python3-osx/build/Debug/plugin/al/schemas/AL/usd/schemas/maya/ModelAPI.cpp
    	    wrote /local/S/jenkins/workspace/ecg-mayausd-branch-preflight-python3-osx/build/Debug/plugin/al/schemas/AL/usd/schemas/maya/wrapModelAPI.cpp
    	    wrote /local/S/jenkins/workspace/ecg-mayausd-branch-preflight-python3-osx/build/Debug/plugin/al/schemas/AL/usd/schemas/maya/FrameRange.h
    	    wrote /local/S/jenkins/workspace/ecg-mayausd-branch-preflight-python3-osx/build/Debug/plugin/al/schemas/AL/usd/schemas/maya/FrameRange.cpp
    	    wrote /local/S/jenkins/workspace/ecg-mayausd-branch-preflight-python3-osx/build/Debug/plugin/al/schemas/AL/usd/schemas/maya/wrapFrameRange.cpp
    Loading Templates from /local/S/jenkins/workspace/shared/Artifactory/OSX/USD/d1c1a7c/lib/usd/usd/resources/codegenTemplates
    	    wrote /local/S/jenkins/workspace/ecg-mayausd-branch-preflight-python3-osx/build/Debug/plugin/al/schemas/AL/usd/schemas/maya/plugInfo.json
    Generating Schematics:
    	    wrote /local/S/jenkins/workspace/ecg-mayausd-branch-preflight-python3-osx/build/Debug/plugin/al/schemas/AL/usd/schemas/maya/generatedSchema.usda
    Compiling '/local/S/jenkins/workspace/ecg-mayausd-branch-preflight-python3-osx/build/Debug/AL/usd/schemas/maya/__init__.py'...
    Compiling '/local/S/jenkins/workspace/ecg-mayausd-branch-preflight-python3-osx/build/Debug/AL/__init__.py'...
    Compiling '/local/S/jenkins/workspace/ecg-mayausd-branch-preflight-python3-osx/build/Debug/AL/usd/__init__.py'...
    Compiling '/local/S/jenkins/workspace/ecg-mayausd-branch-preflight-python3-osx/build/Debug/AL/usd/schemas/__init__.py'...
    Processing schema classes:
    ALExamplePolyCubeNode
    Loading Templates from /local/S/jenkins/workspace/shared/Artifactory/OSX/USD/d1c1a7c/lib/usd/usd/resources/codegenTemplates
    Writing API:
    	    wrote /local/S/jenkins/workspace/ecg-mayausd-branch-preflight-python3-osx/build/Debug/plugin/al/schemas/AL/usd/schemas/mayatest/api.h
    Writing Schema Tokens:
    	    wrote /local/S/jenkins/workspace/ecg-mayausd-branch-preflight-python3-osx/build/Debug/plugin/al/schemas/AL/usd/schemas/mayatest/tokens.h
    	    wrote /local/S/jenkins/workspace/ecg-mayausd-branch-preflight-python3-osx/build/Debug/plugin/al/schemas/AL/usd/schemas/mayatest/tokens.cpp
    	    wrote /local/S/jenkins/workspace/ecg-mayausd-branch-preflight-python3-osx/build/Debug/plugin/al/schemas/AL/usd/schemas/mayatest/wrapTokens.cpp
    Generating Classes:
    	    wrote /local/S/jenkins/workspace/ecg-mayausd-branch-preflight-python3-osx/build/Debug/plugin/al/schemas/AL/usd/schemas/mayatest/ExamplePolyCubeNode.h
    	    wrote /local/S/jenkins/workspace/ecg-mayausd-branch-preflight-python3-osx/build/Debug/plugin/al/schemas/AL/usd/schemas/mayatest/ExamplePolyCubeNode.cpp
    	    wrote /local/S/jenkins/workspace/ecg-mayausd-branch-preflight-python3-osx/build/Debug/plugin/al/schemas/AL/usd/schemas/mayatest/wrapExamplePolyCubeNode.cpp
    Loading Templates from /local/S/jenkins/workspace/shared/Artifactory/OSX/USD/d1c1a7c/lib/usd/usd/resources/codegenTemplates
    	    wrote /local/S/jenkins/workspace/ecg-mayausd-branch-preflight-python3-osx/build/Debug/plugin/al/schemas/AL/usd/schemas/mayatest/plugInfo.json
    Generating Schematics:
    	    wrote /local/S/jenkins/workspace/ecg-mayausd-branch-preflight-python3-osx/build/Debug/plugin/al/schemas/AL/usd/schemas/mayatest/generatedSchema.usda
    Compiling '/local/S/jenkins/workspace/ecg-mayausd-branch-preflight-python3-osx/build/Debug/AL/usd/schemas/mayatest/__init__.py'...
    Compiling '/local/S/jenkins/workspace/ecg-mayausd-branch-preflight-python3-osx/build/Debug/AL/__init__.py'...
    Compiling '/local/S/jenkins/workspace/ecg-mayausd-branch-preflight-python3-osx/build/Debug/AL/usd/__init__.py'...
    Compiling '/local/S/jenkins/workspace/ecg-mayausd-branch-preflight-python3-osx/build/Debug/AL/usd/schemas/__init__.py'...
    -- Building AL_USDMayaTranslators
    ========== ADSK USD Plugin ==========
    -- Configuring done
    CMake Warning at test/lib/usd/plugin/CMakeLists.txt:74 (add_library):
      Cannot generate a safe runtime search path for target usdTestUsdPlugin
      because there is a cycle in the constraint graph:
    
        dir 0 is [/local/S/jenkins/workspace/ecg-mayausd-branch-preflight-python3-osx/build/Debug/lib/mayaUsd]
        dir 1 is [/local/S/jenkins/workspace/shared/Artifactory/OSX/USD/d1c1a7c/lib]
          dir 3 must precede it due to runtime library [libtbb_debug.dylib]
        dir 2 is [/local/S/jenkins/workspace/shared/Artifactory/OSX/rundev-master-debug/202107061515/runtime/f4d7a96/devkitBase/devkit/ufe/lib]
        dir 3 is [/local/S/jenkins/workspace/shared/Artifactory/OSX/rundev-master-debug/202107061515/runtime/f4d7a96/runTime/Maya.app/Contents/MacOS]
          dir 1 must precede it due to runtime library [libosdCPU.dylib]
          dir 2 must precede it due to runtime library [libufe_0.dylib]
        dir 4 is [/local/S/jenkins/workspace/ecg-mayausd-branch-preflight-python3-osx/build/Debug/lib/usd/utils]
    
      Some of these libraries may not be found correctly.
    
    
    CMake Warning at test/lib/usd/plugin/CMakeLists.txt:18 (add_library):
      Cannot generate a safe runtime search path for target usdTestMayaPlugin
      because there is a cycle in the constraint graph:
    
        dir 0 is [/local/S/jenkins/workspace/ecg-mayausd-branch-preflight-python3-osx/build/Debug/lib/mayaUsd]
        dir 1 is [/local/S/jenkins/workspace/shared/Artifactory/OSX/USD/d1c1a7c/lib]
          dir 3 must precede it due to runtime library [libtbb_debug.dylib]
        dir 2 is [/local/S/jenkins/workspace/shared/Artifactory/OSX/rundev-master-debug/202107061515/runtime/f4d7a96/devkitBase/devkit/ufe/lib]
        dir 3 is [/local/S/jenkins/workspace/shared/Artifactory/OSX/rundev-master-debug/202107061515/runtime/f4d7a96/runTime/Maya.app/Contents/MacOS]
          dir 1 must precede it due to runtime library [libosdCPU.dylib]
          dir 2 must precede it due to runtime library [libufe_0.dylib]
        dir 4 is [/local/S/jenkins/workspace/ecg-mayausd-branch-preflight-python3-osx/build/Debug/lib/usd/utils]
    
      Some of these libraries may not be found correctly.
    
    
    CMake Warning at test/lib/usd/plugin/CMakeLists.txt:139 (add_library):
      Cannot generate a safe runtime search path for target
      usdTestInfoImportChaser because there is a cycle in the constraint graph:
    
        dir 0 is [/local/S/jenkins/workspace/ecg-mayausd-branch-preflight-python3-osx/build/Debug/lib/mayaUsd]
        dir 1 is [/local/S/jenkins/workspace/shared/Artifactory/OSX/USD/d1c1a7c/lib]
          dir 3 must precede it due to runtime library [libtbb_debug.dylib]
        dir 2 is [/local/S/jenkins/workspace/shared/Artifactory/OSX/rundev-master-debug/202107061515/runtime/f4d7a96/devkitBase/devkit/ufe/lib]
        dir 3 is [/local/S/jenkins/workspace/shared/Artifactory/OSX/rundev-master-debug/202107061515/runtime/f4d7a96/runTime/Maya.app/Contents/MacOS]
          dir 1 must precede it due to runtime library [libosdCPU.dylib]
          dir 2 must precede it due to runtime library [libufe_0.dylib]
        dir 4 is [/local/S/jenkins/workspace/ecg-mayausd-branch-preflight-python3-osx/build/Debug/lib/usd/utils]
    
      Some of these libraries may not be found correctly.
    
    
    CMake Warning at lib/mayaUsd/CMakeLists.txt:18 (add_library):
      Cannot generate a safe runtime search path for target mayaUsd because there
      is a cycle in the constraint graph:
    
        dir 0 is [/local/S/jenkins/workspace/shared/Artifactory/OSX/USD/d1c1a7c/lib]
          dir 2 must precede it due to runtime library [libtbb_debug.dylib]
        dir 1 is [/local/S/jenkins/workspace/shared/Artifactory/OSX/rundev-master-debug/202107061515/runtime/f4d7a96/devkitBase/devkit/ufe/lib]
        dir 2 is [/local/S/jenkins/workspace/shared/Artifactory/OSX/rundev-master-debug/202107061515/runtime/f4d7a96/runTime/Maya.app/Contents/MacOS]
          dir 0 must precede it due to runtime library [libosdCPU.dylib]
          dir 1 must precede it due to runtime library [libufe_0.dylib]
        dir 3 is [/local/S/jenkins/workspace/ecg-mayausd-branch-preflight-python3-osx/build/Debug/lib/usd/utils]
    
      Some of these libraries may not be found correctly.
    
    
    CMake Warning at lib/mayaUsd/python/CMakeLists.txt:20 (add_library):
      Cannot generate a safe runtime search path for target _mayaUsd because
      there is a cycle in the constraint graph:
    
        dir 0 is [/local/S/jenkins/workspace/ecg-mayausd-branch-preflight-python3-osx/build/Debug/lib/mayaUsd]
        dir 1 is [/local/S/jenkins/workspace/shared/Artifactory/OSX/USD/d1c1a7c/lib]
          dir 3 must precede it due to runtime library [libtbb_debug.dylib]
        dir 2 is [/local/S/jenkins/workspace/shared/Artifactory/OSX/rundev-master-debug/202107061515/runtime/f4d7a96/devkitBase/devkit/ufe/lib]
        dir 3 is [/local/S/jenkins/workspace/shared/Artifactory/OSX/rundev-master-debug/202107061515/runtime/f4d7a96/runTime/Maya.app/Contents/MacOS]
          dir 1 must precede it due to runtime library [libosdCPU.dylib]
          dir 2 must precede it due to runtime library [libufe_0.dylib]
        dir 4 is [/local/S/jenkins/workspace/ecg-mayausd-branch-preflight-python3-osx/build/Debug/lib/usd/utils]
    
      Some of these libraries may not be found correctly.
    
    
    CMake Warning at lib/mayaUsd/ufe/CMakeLists.txt:177 (add_library):
      Cannot generate a safe runtime search path for target _ufe because there is
      a cycle in the constraint graph:
    
        dir 0 is [/local/S/jenkins/workspace/ecg-mayausd-branch-preflight-python3-osx/build/Debug/lib/mayaUsd]
        dir 1 is [/local/S/jenkins/workspace/shared/Artifactory/OSX/USD/d1c1a7c/lib]
          dir 3 must precede it due to runtime library [libtbb_debug.dylib]
        dir 2 is [/local/S/jenkins/workspace/shared/Artifactory/OSX/rundev-master-debug/202107061515/runtime/f4d7a96/devkitBase/devkit/ufe/lib]
        dir 3 is [/local/S/jenkins/workspace/shared/Artifactory/OSX/rundev-master-debug/202107061515/runtime/f4d7a96/runTime/Maya.app/Contents/MacOS]
          dir 1 must precede it due to runtime library [libosdCPU.dylib]
          dir 2 must precede it due to runtime library [libufe_0.dylib]
        dir 4 is [/local/S/jenkins/workspace/ecg-mayausd-branch-preflight-python3-osx/build/Debug/lib/usd/utils]
    
      Some of these libraries may not be found correctly.
    
    
    CMake Warning at lib/mayaUsd/render/mayaToHydra/CMakeLists.txt:3 (add_library):
      Cannot generate a safe runtime search path for target mtoh because there is
      a cycle in the constraint graph:
    
        dir 0 is [/local/S/jenkins/workspace/ecg-mayausd-branch-preflight-python3-osx/build/Debug/lib/usd/hdMaya]
        dir 1 is [/local/S/jenkins/workspace/ecg-mayausd-branch-preflight-python3-osx/build/Debug/lib/mayaUsd]
        dir 2 is [/local/S/jenkins/workspace/shared/Artifactory/OSX/USD/d1c1a7c/lib]
          dir 4 must precede it due to runtime library [libtbb_debug.dylib]
        dir 3 is [/local/S/jenkins/workspace/shared/Artifactory/OSX/rundev-master-debug/202107061515/runtime/f4d7a96/devkitBase/devkit/ufe/lib]
        dir 4 is [/local/S/jenkins/workspace/shared/Artifactory/OSX/rundev-master-debug/202107061515/runtime/f4d7a96/runTime/Maya.app/Contents/MacOS]
          dir 2 must precede it due to runtime library [libosdCPU.dylib]
          dir 3 must precede it due to runtime library [libufe_0.dylib]
        dir 5 is [/local/S/jenkins/workspace/ecg-mayausd-branch-preflight-python3-osx/build/Debug/lib/usd/utils]
    
      Some of these libraries may not be found correctly.
    
    
    CMake Warning at lib/usd/hdMaya/CMakeLists.txt:3 (add_library):
      Cannot generate a safe runtime search path for target hdMaya because there
      is a cycle in the constraint graph:
    
        dir 0 is [/local/S/jenkins/workspace/ecg-mayausd-branch-preflight-python3-osx/build/Debug/lib/mayaUsd]
        dir 1 is [/local/S/jenkins/workspace/shared/Artifactory/OSX/USD/d1c1a7c/lib]
          dir 3 must precede it due to runtime library [libtbb_debug.dylib]
        dir 2 is [/local/S/jenkins/workspace/shared/Artifactory/OSX/rundev-master-debug/202107061515/runtime/f4d7a96/devkitBase/devkit/ufe/lib]
        dir 3 is [/local/S/jenkins/workspace/shared/Artifactory/OSX/rundev-master-debug/202107061515/runtime/f4d7a96/runTime/Maya.app/Contents/MacOS]
          dir 1 must precede it due to runtime library [libosdCPU.dylib]
          dir 2 must precede it due to runtime library [libufe_0.dylib]
        dir 4 is [/local/S/jenkins/workspace/ecg-mayausd-branch-preflight-python3-osx/build/Debug/lib/usd/utils]
    
      Some of these libraries may not be found correctly.
    
    
    CMake Warning at lib/usd/pxrUsdPreviewSurface/CMakeLists.txt:26 (add_library):
      Cannot generate a safe runtime search path for target
      basePxrUsdPreviewSurface because there is a cycle in the constraint graph:
    
        dir 0 is [/local/S/jenkins/workspace/shared/Artifactory/OSX/rundev-master-debug/202107061515/runtime/f4d7a96/runTime/Maya.app/Contents/MacOS]
          dir 2 must precede it due to runtime library [libosdCPU.dylib]
          dir 3 must precede it due to runtime library [libufe_0.dylib]
        dir 1 is [/local/S/jenkins/workspace/ecg-mayausd-branch-preflight-python3-osx/build/Debug/lib/mayaUsd]
        dir 2 is [/local/S/jenkins/workspace/shared/Artifactory/OSX/USD/d1c1a7c/lib]
          dir 0 must precede it due to runtime library [libtbb_debug.dylib]
        dir 3 is [/local/S/jenkins/workspace/shared/Artifactory/OSX/rundev-master-debug/202107061515/runtime/f4d7a96/devkitBase/devkit/ufe/lib]
        dir 4 is [/local/S/jenkins/workspace/ecg-mayausd-branch-preflight-python3-osx/build/Debug/lib/usd/utils]
    
      Some of these libraries may not be found correctly.
    
    
    CMake Warning at lib/usd/translators/CMakeLists.txt:11 (add_library):
      Cannot generate a safe runtime search path for target mayaUsd_Translators
      because there is a cycle in the constraint graph:
    
        dir 0 is [/local/S/jenkins/workspace/shared/Artifactory/OSX/rundev-master-debug/202107061515/runtime/f4d7a96/runTime/Maya.app/Contents/MacOS]
          dir 4 must precede it due to runtime library [libosdCPU.dylib]
          dir 5 must precede it due to runtime library [libufe_0.dylib]
        dir 1 is [/local/S/jenkins/workspace/ecg-mayausd-branch-preflight-python3-osx/build/Debug/lib/usd/schemas]
        dir 2 is [/local/S/jenkins/workspace/ecg-mayausd-branch-preflight-python3-osx/build/Debug/lib/usd/pxrUsdPreviewSurface]
        dir 3 is [/local/S/jenkins/workspace/ecg-mayausd-branch-preflight-python3-osx/build/Debug/lib/mayaUsd]
        dir 4 is [/local/S/jenkins/workspace/shared/Artifactory/OSX/USD/d1c1a7c/lib]
          dir 0 must precede it due to runtime library [libtbb_debug.dylib]
        dir 5 is [/local/S/jenkins/workspace/shared/Artifactory/OSX/rundev-master-debug/202107061515/runtime/f4d7a96/devkitBase/devkit/ufe/lib]
        dir 6 is [/local/S/jenkins/workspace/ecg-mayausd-branch-preflight-python3-osx/build/Debug/lib/usd/utils]
    
      Some of these libraries may not be found correctly.
    
    
    CMake Warning at lib/usd/ui/CMakeLists.txt:23 (add_library):
      Cannot generate a safe runtime search path for target mayaUsdUI because
      there is a cycle in the constraint graph:
    
        dir 0 is [/local/S/jenkins/workspace/ecg-mayausd-branch-preflight-python3-osx/build/Debug/lib/mayaUsd]
        dir 1 is [/local/S/jenkins/workspace/shared/Artifactory/OSX/qt/5.15.2/06692ed/lib]
        dir 2 is [/local/S/jenkins/workspace/shared/Artifactory/OSX/USD/d1c1a7c/lib]
          dir 4 must precede it due to runtime library [libtbb_debug.dylib]
        dir 3 is [/local/S/jenkins/workspace/shared/Artifactory/OSX/rundev-master-debug/202107061515/runtime/f4d7a96/devkitBase/devkit/ufe/lib]
        dir 4 is [/local/S/jenkins/workspace/shared/Artifactory/OSX/rundev-master-debug/202107061515/runtime/f4d7a96/runTime/Maya.app/Contents/MacOS]
          dir 1 must precede it due to runtime library [libQt5Widgets_debug.5.15.2.dylib]
          dir 2 must precede it due to runtime library [libosdCPU.dylib]
          dir 3 must precede it due to runtime library [libufe_0.dylib]
        dir 5 is [/local/S/jenkins/workspace/ecg-mayausd-branch-preflight-python3-osx/build/Debug/lib/usd/utils]
    
      Some of these libraries may not be found correctly.
    
    
    CMake Warning at lib/usd/ui/importDialogDemo/CMakeLists.txt:18 (add_executable):
      Cannot generate a safe runtime search path for target testMayaUsdUI because
      there is a cycle in the constraint graph:
    
        dir 0 is [/local/S/jenkins/workspace/ecg-mayausd-branch-preflight-python3-osx/build/Debug/lib/usd/ui]
        dir 1 is [/local/S/jenkins/workspace/shared/Artifactory/OSX/qt/5.15.2/06692ed/lib]
        dir 2 is [/local/S/jenkins/workspace/ecg-mayausd-branch-preflight-python3-osx/build/Debug/lib/mayaUsd]
        dir 3 is [/local/S/jenkins/workspace/shared/Artifactory/OSX/USD/d1c1a7c/lib]
          dir 5 must precede it due to runtime library [libtbb_debug.dylib]
        dir 4 is [/local/S/jenkins/workspace/shared/Artifactory/OSX/rundev-master-debug/202107061515/runtime/f4d7a96/devkitBase/devkit/ufe/lib]
        dir 5 is [/local/S/jenkins/workspace/shared/Artifactory/OSX/rundev-master-debug/202107061515/runtime/f4d7a96/runTime/Maya.app/Contents/MacOS]
          dir 1 must precede it due to runtime library [libQt5Widgets_debug.5.15.2.dylib]
          dir 3 must precede it due to runtime library [libosdCPU.dylib]
          dir 4 must precede it due to runtime library [libufe_0.dylib]
        dir 6 is [/local/S/jenkins/workspace/ecg-mayausd-branch-preflight-python3-osx/build/Debug/lib/usd/utils]
    
      Some of these libraries may not be found correctly.
    
    
    CMake Warning at plugin/pxr/cmake/macros/Private.cmake:1060 (add_library):
      Cannot generate a safe runtime search path for target usdMaya because there
      is a cycle in the constraint graph:
    
        dir 0 is [/local/S/jenkins/workspace/ecg-mayausd-branch-preflight-python3-osx/build/Debug/lib/mayaUsd]
        dir 1 is [/local/S/jenkins/workspace/shared/Artifactory/OSX/USD/d1c1a7c/lib]
          dir 3 must precede it due to runtime library [libtbb_debug.dylib]
        dir 2 is [/local/S/jenkins/workspace/shared/Artifactory/OSX/rundev-master-debug/202107061515/runtime/f4d7a96/devkitBase/devkit/ufe/lib]
        dir 3 is [/local/S/jenkins/workspace/shared/Artifactory/OSX/rundev-master-debug/202107061515/runtime/f4d7a96/runTime/Maya.app/Contents/MacOS]
          dir 1 must precede it due to runtime library [libosdCPU.dylib]
          dir 2 must precede it due to runtime library [libufe_0.dylib]
        dir 4 is [/local/S/jenkins/workspace/ecg-mayausd-branch-preflight-python3-osx/build/Debug/lib/usd/utils]
    
      Some of these libraries may not be found correctly.
    Call Stack (most recent call first):
      plugin/pxr/cmake/macros/Public.cmake:131 (_pxr_library)
      plugin/pxr/cmake/macros/Public.cmake:162 (pxr_library)
      plugin/pxr/maya/lib/usdMaya/CMakeLists.txt:3 (pxr_shared_library)
    
    
    CMake Warning at plugin/pxr/cmake/macros/Private.cmake:842 (add_library):
      Cannot generate a safe runtime search path for target _usdMaya because
      there is a cycle in the constraint graph:
    
        dir 0 is [/local/S/jenkins/workspace/ecg-mayausd-branch-preflight-python3-osx/build/Debug/plugin/pxr/maya/lib/usdMaya]
        dir 1 is [/local/S/jenkins/workspace/ecg-mayausd-branch-preflight-python3-osx/build/Debug/lib/mayaUsd]
        dir 2 is [/local/S/jenkins/workspace/shared/Artifactory/OSX/USD/d1c1a7c/lib]
          dir 4 must precede it due to runtime library [libtbb_debug.dylib]
        dir 3 is [/local/S/jenkins/workspace/shared/Artifactory/OSX/rundev-master-debug/202107061515/runtime/f4d7a96/devkitBase/devkit/ufe/lib]
        dir 4 is [/local/S/jenkins/workspace/shared/Artifactory/OSX/rundev-master-debug/202107061515/runtime/f4d7a96/runTime/Maya.app/Contents/MacOS]
          dir 2 must precede it due to runtime library [libosdCPU.dylib]
          dir 3 must precede it due to runtime library [libufe_0.dylib]
        dir 5 is [/local/S/jenkins/workspace/ecg-mayausd-branch-preflight-python3-osx/build/Debug/lib/usd/utils]
    
      Some of these libraries may not be found correctly.
    Call Stack (most recent call first):
      plugin/pxr/cmake/macros/Public.cmake:148 (_pxr_python_module)
      plugin/pxr/cmake/macros/Public.cmake:162 (pxr_library)
      plugin/pxr/maya/lib/usdMaya/CMakeLists.txt:3 (pxr_shared_library)
    
    
    CMake Warning at plugin/pxr/cmake/macros/Private.cmake:1060 (add_library):
      Cannot generate a safe runtime search path for target pxrUsd because there
      is a cycle in the constraint graph:
    
        dir 0 is [/local/S/jenkins/workspace/ecg-mayausd-branch-preflight-python3-osx/build/Debug/plugin/pxr/maya/lib/usdMaya]
        dir 1 is [/local/S/jenkins/workspace/shared/Artifactory/OSX/rundev-master-debug/202107061515/runtime/f4d7a96/devkitBase/devkit/ufe/lib]
        dir 2 is [/local/S/jenkins/workspace/ecg-mayausd-branch-preflight-python3-osx/build/Debug/lib/mayaUsd]
        dir 3 is [/local/S/jenkins/workspace/shared/Artifactory/OSX/USD/d1c1a7c/lib]
          dir 4 must precede it due to runtime library [libtbb_debug.dylib]
        dir 4 is [/local/S/jenkins/workspace/shared/Artifactory/OSX/rundev-master-debug/202107061515/runtime/f4d7a96/runTime/Maya.app/Contents/MacOS]
          dir 1 must precede it due to runtime library [libufe_0.dylib]
          dir 3 must precede it due to runtime library [libosdCPU.dylib]
        dir 5 is [/local/S/jenkins/workspace/ecg-mayausd-branch-preflight-python3-osx/build/Debug/lib/usd/utils]
    
      Some of these libraries may not be found correctly.
    Call Stack (most recent call first):
      plugin/pxr/cmake/macros/Public.cmake:131 (_pxr_library)
      plugin/pxr/cmake/macros/Public.cmake:166 (pxr_library)
      plugin/pxr/maya/plugin/pxrUsd/CMakeLists.txt:3 (pxr_plugin)
    
    
    CMake Warning at plugin/pxr/cmake/macros/Private.cmake:1060 (add_library):
      Cannot generate a safe runtime search path for target pxrUsdPreviewSurface
      because there is a cycle in the constraint graph:
    
        dir 0 is [/local/S/jenkins/workspace/ecg-mayausd-branch-preflight-python3-osx/build/Debug/lib/usd/pxrUsdPreviewSurface]
        dir 1 is [/local/S/jenkins/workspace/ecg-mayausd-branch-preflight-python3-osx/build/Debug/lib/mayaUsd]
        dir 2 is [/local/S/jenkins/workspace/shared/Artifactory/OSX/USD/d1c1a7c/lib]
          dir 4 must precede it due to runtime library [libtbb_debug.dylib]
        dir 3 is [/local/S/jenkins/workspace/shared/Artifactory/OSX/rundev-master-debug/202107061515/runtime/f4d7a96/devkitBase/devkit/ufe/lib]
        dir 4 is [/local/S/jenkins/workspace/shared/Artifactory/OSX/rundev-master-debug/202107061515/runtime/f4d7a96/runTime/Maya.app/Contents/MacOS]
          dir 2 must precede it due to runtime library [libosdCPU.dylib]
          dir 3 must precede it due to runtime library [libufe_0.dylib]
        dir 5 is [/local/S/jenkins/workspace/ecg-mayausd-branch-preflight-python3-osx/build/Debug/lib/usd/utils]
    
      Some of these libraries may not be found correctly.
    Call Stack (most recent call first):
      plugin/pxr/cmake/macros/Public.cmake:131 (_pxr_library)
      plugin/pxr/cmake/macros/Public.cmake:166 (pxr_library)
      plugin/pxr/maya/plugin/pxrUsdPreviewSurface/CMakeLists.txt:3 (pxr_plugin)
    
    
    CMake Warning at plugin/al/mayatest/AL/maya/test/CMakeLists.txt:13 (add_library):
      Cannot generate a safe runtime search path for target AL_MayaTest because
      there is a cycle in the constraint graph:
    
        dir 0 is [/local/S/jenkins/workspace/ecg-mayausd-branch-preflight-python3-osx/build/Debug/googletest-install/lib]
        dir 1 is [/local/S/jenkins/workspace/shared/Artifactory/OSX/rundev-master-debug/202107061515/runtime/f4d7a96/runTime/Maya.app/Contents/MacOS]
          dir 2 must precede it due to runtime library [libtbb_debug.dylib]
        dir 2 is [/local/S/jenkins/workspace/shared/Artifactory/OSX/USD/d1c1a7c/lib]
          dir 1 must precede it due to runtime library [libtbb_debug.dylib]
    
      Some of these libraries may not be found correctly.
    
    
    CMake Warning at plugin/al/mayautils/AL/maya/tests/mayaplugintest/CMakeLists.txt:5 (add_library):
      Cannot generate a safe runtime search path for target AL_MayaUtilsTests
      because there is a cycle in the constraint graph:
    
        dir 0 is [/local/S/jenkins/workspace/ecg-mayausd-branch-preflight-python3-osx/build/Debug/googletest-install/lib]
        dir 1 is [/local/S/jenkins/workspace/ecg-mayausd-branch-preflight-python3-osx/build/Debug/plugin/al/mayatest/AL/maya/test]
        dir 2 is [/local/S/jenkins/workspace/ecg-mayausd-branch-preflight-python3-osx/build/Debug/plugin/al/mayautils/AL/maya]
        dir 3 is [/local/S/jenkins/workspace/shared/Artifactory/OSX/rundev-master-debug/202107061515/runtime/f4d7a96/runTime/Maya.app/Contents/MacOS]
          dir 6 must precede it due to runtime library [libtbb_debug.dylib]
        dir 4 is [/local/S/jenkins/workspace/ecg-mayausd-branch-preflight-python3-osx/build/Debug/plugin/al/utils/AL]
        dir 5 is [/local/S/jenkins/workspace/ecg-mayausd-branch-preflight-python3-osx/build/Debug/lib/usd/utils]
        dir 6 is [/local/S/jenkins/workspace/shared/Artifactory/OSX/USD/d1c1a7c/lib]
          dir 3 must precede it due to runtime library [libtbb_debug.dylib]
    
      Some of these libraries may not be found correctly.
    
    
    CMake Warning at plugin/al/lib/AL_USDMaya/CMakeLists.txt:242 (add_library):
      Cannot generate a safe runtime search path for target _AL_USDMaya because
      there is a cycle in the constraint graph:
    
        dir 0 is [/local/S/jenkins/workspace/ecg-mayausd-branch-preflight-python3-osx/build/Debug/plugin/al/lib/AL_USDMaya]
        dir 1 is [/local/S/jenkins/workspace/ecg-mayausd-branch-preflight-python3-osx/build/Debug/plugin/al/usdmayautils/AL/usdmaya/utils]
        dir 2 is [/local/S/jenkins/workspace/ecg-mayausd-branch-preflight-python3-osx/build/Debug/plugin/al/mayautils/AL/maya]
        dir 3 is [/local/S/jenkins/workspace/ecg-mayausd-branch-preflight-python3-osx/build/Debug/plugin/al/utils/AL]
        dir 4 is [/local/S/jenkins/workspace/ecg-mayausd-branch-preflight-python3-osx/build/Debug/plugin/al/usdtransaction/AL/usd/transaction]
        dir 5 is [/local/S/jenkins/workspace/ecg-mayausd-branch-preflight-python3-osx/build/Debug/lib/mayaUsd]
        dir 6 is [/local/S/jenkins/workspace/ecg-mayausd-branch-preflight-python3-osx/build/Debug/lib/usd/utils]
        dir 7 is [/local/S/jenkins/workspace/shared/Artifactory/OSX/USD/d1c1a7c/lib]
          dir 8 must precede it due to runtime library [libtbb_debug.dylib]
        dir 8 is [/local/S/jenkins/workspace/shared/Artifactory/OSX/rundev-master-debug/202107061515/runtime/f4d7a96/runTime/Maya.app/Contents/MacOS]
          dir 7 must precede it due to runtime library [libosdCPU.dylib]
          dir 9 must precede it due to runtime library [libufe_0.dylib]
        dir 9 is [/local/S/jenkins/workspace/shared/Artifactory/OSX/rundev-master-debug/202107061515/runtime/f4d7a96/devkitBase/devkit/ufe/lib]
    
      Some of these libraries may not be found correctly.
    
    
    CMake Warning at plugin/al/lib/AL_USDMaya/CMakeLists.txt:154 (add_library):
      Cannot generate a safe runtime search path for target AL_USDMaya because
      there is a cycle in the constraint graph:
    
        dir 0 is [/local/S/jenkins/workspace/ecg-mayausd-branch-preflight-python3-osx/build/Debug/plugin/al/usdmayautils/AL/usdmaya/utils]
        dir 1 is [/local/S/jenkins/workspace/ecg-mayausd-branch-preflight-python3-osx/build/Debug/plugin/al/mayautils/AL/maya]
        dir 2 is [/local/S/jenkins/workspace/ecg-mayausd-branch-preflight-python3-osx/build/Debug/plugin/al/usdtransaction/AL/usd/transaction]
        dir 3 is [/local/S/jenkins/workspace/ecg-mayausd-branch-preflight-python3-osx/build/Debug/lib/mayaUsd]
        dir 4 is [/local/S/jenkins/workspace/shared/Artifactory/OSX/rundev-master-debug/202107061515/runtime/f4d7a96/devkitBase/devkit/ufe/lib]
        dir 5 is [/local/S/jenkins/workspace/ecg-mayausd-branch-preflight-python3-osx/build/Debug/plugin/al/utils/AL]
        dir 6 is [/local/S/jenkins/workspace/ecg-mayausd-branch-preflight-python3-osx/build/Debug/lib/usd/utils]
        dir 7 is [/local/S/jenkins/workspace/shared/Artifactory/OSX/USD/d1c1a7c/lib]
          dir 8 must precede it due to runtime library [libtbb_debug.dylib]
        dir 8 is [/local/S/jenkins/workspace/shared/Artifactory/OSX/rundev-master-debug/202107061515/runtime/f4d7a96/runTime/Maya.app/Contents/MacOS]
          dir 4 must precede it due to runtime library [libufe_0.dylib]
          dir 7 must precede it due to runtime library [libosdCPU.dylib]
    
      Some of these libraries may not be found correctly.
    
    
    CMake Warning at plugin/al/plugin/AL_USDMayaPlugin/CMakeLists.txt:3 (add_library):
      Cannot generate a safe runtime search path for target AL_USDMayaPlugin
      because there is a cycle in the constraint graph:
    
        dir 0 is [/local/S/jenkins/workspace/ecg-mayausd-branch-preflight-python3-osx/build/Debug/plugin/al/lib/AL_USDMaya]
        dir 1 is [/local/S/jenkins/workspace/shared/Artifactory/OSX/rundev-master-debug/202107061515/runtime/f4d7a96/runTime/Maya.app/Contents/MacOS]
          dir 7 must precede it due to runtime library [libosdCPU.dylib]
          dir 9 must precede it due to runtime library [libufe_0.dylib]
        dir 2 is [/local/S/jenkins/workspace/ecg-mayausd-branch-preflight-python3-osx/build/Debug/plugin/al/usdmayautils/AL/usdmaya/utils]
        dir 3 is [/local/S/jenkins/workspace/ecg-mayausd-branch-preflight-python3-osx/build/Debug/plugin/al/mayautils/AL/maya]
        dir 4 is [/local/S/jenkins/workspace/ecg-mayausd-branch-preflight-python3-osx/build/Debug/plugin/al/utils/AL]
        dir 5 is [/local/S/jenkins/workspace/ecg-mayausd-branch-preflight-python3-osx/build/Debug/plugin/al/usdtransaction/AL/usd/transaction]
        dir 6 is [/local/S/jenkins/workspace/ecg-mayausd-branch-preflight-python3-osx/build/Debug/lib/mayaUsd]
        dir 7 is [/local/S/jenkins/workspace/shared/Artifactory/OSX/USD/d1c1a7c/lib]
          dir 1 must precede it due to runtime library [libtbb_debug.dylib]
        dir 8 is [/local/S/jenkins/workspace/ecg-mayausd-branch-preflight-python3-osx/build/Debug/lib/usd/utils]
        dir 9 is [/local/S/jenkins/workspace/shared/Artifactory/OSX/rundev-master-debug/202107061515/runtime/f4d7a96/devkitBase/devkit/ufe/lib]
    
      Some of these libraries may not be found correctly.
    
    
    CMake Warning at plugin/al/plugin/AL_USDMayaTestPlugin/CMakeLists.txt:5 (add_library):
      Cannot generate a safe runtime search path for target AL_USDMayaTestPlugin
      because there is a cycle in the constraint graph:
    
        dir 0 is [/local/S/jenkins/workspace/ecg-mayausd-branch-preflight-python3-osx/build/Debug/plugin/al/lib/AL_USDMaya]
        dir 1 is [/local/S/jenkins/workspace/ecg-mayausd-branch-preflight-python3-osx/build/Debug/plugin/al/mayatest/AL/maya/test]
        dir 2 is [/local/S/jenkins/workspace/ecg-mayausd-branch-preflight-python3-osx/build/Debug/plugin/al/schemas/AL/usd/schemas/maya]
        dir 3 is [/local/S/jenkins/workspace/ecg-mayausd-branch-preflight-python3-osx/build/Debug/plugin/al/schemas/AL/usd/schemas/mayatest]
        dir 4 is [/local/S/jenkins/workspace/ecg-mayausd-branch-preflight-python3-osx/build/Debug/googletest-install/lib]
        dir 5 is [/local/S/jenkins/workspace/ecg-mayausd-branch-preflight-python3-osx/build/Debug/plugin/al/usdmayautils/AL/usdmaya/utils]
        dir 6 is [/local/S/jenkins/workspace/ecg-mayausd-branch-preflight-python3-osx/build/Debug/plugin/al/mayautils/AL/maya]
        dir 7 is [/local/S/jenkins/workspace/ecg-mayausd-branch-preflight-python3-osx/build/Debug/plugin/al/utils/AL]
        dir 8 is [/local/S/jenkins/workspace/ecg-mayausd-branch-preflight-python3-osx/build/Debug/plugin/al/usdtransaction/AL/usd/transaction]
        dir 9 is [/local/S/jenkins/workspace/ecg-mayausd-branch-preflight-python3-osx/build/Debug/lib/mayaUsd]
        dir 10 is [/local/S/jenkins/workspace/ecg-mayausd-branch-preflight-python3-osx/build/Debug/lib/usd/utils]
        dir 11 is [/local/S/jenkins/workspace/shared/Artifactory/OSX/USD/d1c1a7c/lib]
          dir 13 must precede it due to runtime library [libtbb_debug.dylib]
        dir 12 is [/local/S/jenkins/workspace/shared/Artifactory/OSX/rundev-master-debug/202107061515/runtime/f4d7a96/devkitBase/devkit/ufe/lib]
        dir 13 is [/local/S/jenkins/workspace/shared/Artifactory/OSX/rundev-master-debug/202107061515/runtime/f4d7a96/runTime/Maya.app/Contents/MacOS]
          dir 11 must precede it due to runtime library [libosdCPU.dylib]
          dir 12 must precede it due to runtime library [libufe_0.dylib]
    
      Some of these libraries may not be found correctly.
    
    
    CMake Warning at plugin/al/translators/CMakeLists.txt:16 (add_library):
      Cannot generate a safe runtime search path for target AL_USDMayaTranslators
      because there is a cycle in the constraint graph:
    
        dir 0 is [/local/S/jenkins/workspace/ecg-mayausd-branch-preflight-python3-osx/build/Debug/plugin/al/lib/AL_USDMaya]
        dir 1 is [/local/S/jenkins/workspace/ecg-mayausd-branch-preflight-python3-osx/build/Debug/plugin/al/schemas/AL/usd/schemas/maya]
        dir 2 is [/local/S/jenkins/workspace/ecg-mayausd-branch-preflight-python3-osx/build/Debug/lib/mayaUsd]
        dir 3 is [/local/S/jenkins/workspace/ecg-mayausd-branch-preflight-python3-osx/build/Debug/lib/usd/schemas]
        dir 4 is [/local/S/jenkins/workspace/shared/Artifactory/OSX/USD/d1c1a7c/lib]
          dir 5 must precede it due to runtime library [libtbb_debug.dylib]
        dir 5 is [/local/S/jenkins/workspace/shared/Artifactory/OSX/rundev-master-debug/202107061515/runtime/f4d7a96/runTime/Maya.app/Contents/MacOS]
          dir 4 must precede it due to runtime library [libosdCPU.dylib]
          dir 11 must precede it due to runtime library [libufe_0.dylib]
        dir 6 is [/local/S/jenkins/workspace/ecg-mayausd-branch-preflight-python3-osx/build/Debug/plugin/al/usdmayautils/AL/usdmaya/utils]
        dir 7 is [/local/S/jenkins/workspace/ecg-mayausd-branch-preflight-python3-osx/build/Debug/plugin/al/mayautils/AL/maya]
        dir 8 is [/local/S/jenkins/workspace/ecg-mayausd-branch-preflight-python3-osx/build/Debug/plugin/al/utils/AL]
        dir 9 is [/local/S/jenkins/workspace/ecg-mayausd-branch-preflight-python3-osx/build/Debug/lib/usd/utils]
        dir 10 is [/local/S/jenkins/workspace/ecg-mayausd-branch-preflight-python3-osx/build/Debug/plugin/al/usdtransaction/AL/usd/transaction]
        dir 11 is [/local/S/jenkins/workspace/shared/Artifactory/OSX/rundev-master-debug/202107061515/runtime/f4d7a96/devkitBase/devkit/ufe/lib]
    
      Some of these libraries may not be found correctly.
    
    
    CMake Warning at plugin/al/translators/pxrUsdTranslators/CMakeLists.txt:27 (add_library):
      Cannot generate a safe runtime search path for target
      AL_USDMayaPxrTranslators because there is a cycle in the constraint graph:
    
        dir 0 is [/local/S/jenkins/workspace/ecg-mayausd-branch-preflight-python3-osx/build/Debug/plugin/al/schemas/AL/usd/schemas/maya]
        dir 1 is [/local/S/jenkins/workspace/ecg-mayausd-branch-preflight-python3-osx/build/Debug/lib/usd/schemas]
        dir 2 is [/local/S/jenkins/workspace/ecg-mayausd-branch-preflight-python3-osx/build/Debug/plugin/al/lib/AL_USDMaya]
        dir 3 is [/local/S/jenkins/workspace/ecg-mayausd-branch-preflight-python3-osx/build/Debug/plugin/pxr/maya/lib/usdMaya]
        dir 4 is [/local/S/jenkins/workspace/ecg-mayausd-branch-preflight-python3-osx/build/Debug/plugin/al/usdmayautils/AL/usdmaya/utils]
        dir 5 is [/local/S/jenkins/workspace/ecg-mayausd-branch-preflight-python3-osx/build/Debug/plugin/al/mayautils/AL/maya]
        dir 6 is [/local/S/jenkins/workspace/ecg-mayausd-branch-preflight-python3-osx/build/Debug/plugin/al/utils/AL]
        dir 7 is [/local/S/jenkins/workspace/ecg-mayausd-branch-preflight-python3-osx/build/Debug/plugin/al/usdtransaction/AL/usd/transaction]
        dir 8 is [/local/S/jenkins/workspace/ecg-mayausd-branch-preflight-python3-osx/build/Debug/lib/mayaUsd]
        dir 9 is [/local/S/jenkins/workspace/ecg-mayausd-branch-preflight-python3-osx/build/Debug/lib/usd/utils]
        dir 10 is [/local/S/jenkins/workspace/shared/Artifactory/OSX/USD/d1c1a7c/lib]
          dir 12 must precede it due to runtime library [libtbb_debug.dylib]
        dir 11 is [/local/S/jenkins/workspace/shared/Artifactory/OSX/rundev-master-debug/202107061515/runtime/f4d7a96/devkitBase/devkit/ufe/lib]
        dir 12 is [/local/S/jenkins/workspace/shared/Artifactory/OSX/rundev-master-debug/202107061515/runtime/f4d7a96/runTime/Maya.app/Contents/MacOS]
          dir 10 must precede it due to runtime library [libosdCPU.dylib]
          dir 11 must precede it due to runtime library [libufe_0.dylib]
    
      Some of these libraries may not be found correctly.
    
    
    CMake Warning at plugin/adsk/plugin/CMakeLists.txt:18 (add_library):
      Cannot generate a safe runtime search path for target mayaUsdPlugin because
      there is a cycle in the constraint graph:
    
        dir 0 is [/local/S/jenkins/workspace/shared/Artifactory/OSX/rundev-master-debug/202107061515/runtime/f4d7a96/devkitBase/devkit/ufe/lib]
        dir 1 is [/local/S/jenkins/workspace/ecg-mayausd-branch-preflight-python3-osx/build/Debug/lib/usd/pxrUsdPreviewSurface]
        dir 2 is [/local/S/jenkins/workspace/ecg-mayausd-branch-preflight-python3-osx/build/Debug/lib/usd/ui]
        dir 3 is [/local/S/jenkins/workspace/ecg-mayausd-branch-preflight-python3-osx/build/Debug/lib/mayaUsd]
        dir 4 is [/local/S/jenkins/workspace/shared/Artifactory/OSX/USD/d1c1a7c/lib]
          dir 5 must precede it due to runtime library [libtbb_debug.dylib]
        dir 5 is [/local/S/jenkins/workspace/shared/Artifactory/OSX/rundev-master-debug/202107061515/runtime/f4d7a96/runTime/Maya.app/Contents/MacOS]
          dir 0 must precede it due to runtime library [libufe_0.dylib]
          dir 4 must precede it due to runtime library [libosdCPU.dylib]
        dir 6 is [/local/S/jenkins/workspace/ecg-mayausd-branch-preflight-python3-osx/build/Debug/lib/usd/utils]
    
      Some of these libraries may not be found correctly.
    
    
    -- Generating done
    -- Build files have been written to: /local/S/jenkins/workspace/ecg-mayausd-branch-preflight-python3-osx/build/Debug
    
        Building with settings:
          Source directory          /local/S/jenkins/workspace/ecg-mayausd-branch-preflight-python3-osx/ecg-maya-usd/maya-usd
          Workspace directory       /local/S/jenkins/workspace/ecg-mayausd-branch-preflight-python3-osx
          Build directory           /local/S/jenkins/workspace/ecg-mayausd-branch-preflight-python3-osx/build/Debug
          Install directory         /local/S/jenkins/workspace/ecg-mayausd-branch-preflight-python3-osx/install/Debug/MayaUSD
          Variant                   Debug
          Python Debug              Off
          CMake generator           Ninja
          Build arguments           ['-DCMAKE_MAKE_PROGRAM=/local/S/jenkins/workspace/shared/Artifactory/OSX/ninja/1.9.0/41005eb/ninja', '-DPYTHON_INCLUDE_DIR=/local/S/jenkins/workspace/shared/Artifactory/OSX/rundev-master-debug/202107061515/runtime/f4d7a96/runTime/Maya.app/Contents/Frameworks/Python.framework/Versions/Current/include/python3.7m', '-DPython_EXECUTABLE=/local/S/jenkins/workspace/shared/Artifactory/OSX/rundev-master-debug/202107061515/runtime/f4d7a96/runTime/Maya.app/Contents/bin/mayapy', '-DPYTHON_LIBRARIES=/local/S/jenkins/workspace/shared/Artifactory/OSX/rundev-master-debug/202107061515/runtime/f4d7a96/runTime/Maya.app/Contents/Frameworks/Python.framework/Versions/Current/lib/libpython3.7m.dylib', '-DBUILD_WITH_PYTHON_3=ON']
          Stages arguments          ['configure']
          CTest arguments           ['-E testUsdReferenceAssemblySelection|testUsdMayaAppDir|testUsdExportAsClip', '-LE interactive', '--parallel 4']
    Success MayaUSD build and install !!!!
    Elapsed time: 00:00:21
[Pipeline] }
[Pipeline] // withEnv
[Pipeline] withEnv
[Pipeline] {
[Pipeline] sh
[ecg-mayausd-branch-preflight-python3-osx] Running shell script
+ python ecg-maya-usd/build.py --stages=configure --workspace-dir=/local/S/jenkins/workspace/ecg-mayausd-branch-preflight-python3-osx --artifactory-dir=/local/S/jenkins/workspace/shared/Artifactory --build-dir=/local/S/jenkins/workspace/ecg-mayausd-branch-preflight-python3-osx/build --install-dir=/local/S/jenkins/workspace/ecg-mayausd-branch-preflight-python3-osx/install --signing-dir=/local/S/jenkins/workspace/ecg-mayausd-branch-preflight-python3-osx/signing --package-dir=/local/S/jenkins/workspace/ecg-mayausd-branch-preflight-python3-osx/package --output-dir=/local/S/jenkins/workspace/ecg-mayausd-branch-preflight-python3-osx/output --stash-dir=/local/S/jenkins/workspace/ecg-mayausd-branch-preflight-python3-osx/stash --jenkins-build=1018 --git-commit=d101ea4ebe2b927e1ec1c62d60e35ede5dcbf1c4 --git-branch=master --variants=RelWithDebInfo --python=3 --post-zips=false --maya-cut-config=maya-rundev-master.yaml --stage-banner
Using Maya cut from /local/S/jenkins/workspace/shared/Artifactory/OSX/rundev-master/202107070915/runtime/bd7a1b1

================================================================================
                           configure (RelWithDebInfo)
================================================================================
Maya Python RelWithDebInfo Info:
  mayapy executable   = /local/S/jenkins/workspace/shared/Artifactory/OSX/rundev-master/202107070915/runtime/bd7a1b1/runTime/Maya.app/Contents/bin/mayapy
  Include Folder      = /local/S/jenkins/workspace/shared/Artifactory/OSX/rundev-master/202107070915/runtime/bd7a1b1/runTime/Maya.app/Contents/Frameworks/Python.framework/Versions/Current/include/python3.7m
  Library             = /local/S/jenkins/workspace/shared/Artifactory/OSX/rundev-master/202107070915/runtime/bd7a1b1/runTime/Maya.app/Contents/Frameworks/Python.framework/Versions/Current/lib/libpython3.7m.dylib
  site-package Folder = /local/S/jenkins/workspace/shared/Artifactory/OSX/rundev-master/202107070915/runtime/bd7a1b1/runTime/Maya.app/Contents/Frameworks/Python.framework/Versions/Current/lib/python3.7/site-packages
In workdir: /local/S/jenkins/workspace/ecg-mayausd-branch-preflight-python3-osx/ecg-maya-usd/maya-usd
Executing: /local/S/jenkins/workspace/shared/Artifactory/OSX/rundev-master/202107070915/runtime/bd7a1b1/runTime/Maya.app/Contents/bin/mayapy /local/S/jenkins/workspace/ecg-mayausd-branch-preflight-python3-osx/ecg-maya-usd/maya-usd/build.py --generator Ninja --build-relwithdebug --maya-location /local/S/jenkins/workspace/shared/Artifactory/OSX/rundev-master/202107070915/runtime/bd7a1b1/runTime --devkit-location /local/S/jenkins/workspace/shared/Artifactory/OSX/rundev-master/202107070915/runtime/bd7a1b1/devkitBase --pxrusd-location /local/S/jenkins/workspace/shared/Artifactory/OSX/USD/cde0c86 --qt-location /local/S/jenkins/workspace/shared/Artifactory/OSX/qt/5.15.2/06692ed --build-args=-DCMAKE_MAKE_PROGRAM=/local/S/jenkins/workspace/shared/Artifactory/OSX/ninja/1.9.0/41005eb/ninja,-DPYTHON_INCLUDE_DIR=/local/S/jenkins/workspace/shared/Artifactory/OSX/rundev-master/202107070915/runtime/bd7a1b1/runTime/Maya.app/Contents/Frameworks/Python.framework/Versions/Current/include/python3.7m,-DPython_EXECUTABLE=/local/S/jenkins/workspace/shared/Artifactory/OSX/rundev-master/202107070915/runtime/bd7a1b1/runTime/Maya.app/Contents/bin/mayapy,-DPYTHON_LIBRARIES=/local/S/jenkins/workspace/shared/Artifactory/OSX/rundev-master/202107070915/runtime/bd7a1b1/runTime/Maya.app/Contents/Frameworks/Python.framework/Versions/Current/lib/libpython3.7m.dylib,-DBUILD_WITH_PYTHON_3=ON '--ctest-args=-E testUsdReferenceAssemblySelection|testUsdMayaAppDir|testUsdExportAsClip,-LE interactive,--parallel 4' --stages=configure --redirect-outstream-file=False --install-location /local/S/jenkins/workspace/ecg-mayausd-branch-preflight-python3-osx/install/RelWithDebInfo/MayaUSD /local/S/jenkins/workspace/ecg-mayausd-branch-preflight-python3-osx
Modified environment variables:
    PATH=/local/S/jenkins/workspace/shared/Artifactory/OSX/cmake/3.14.4/e159059/bin:/usr/local/bin:/bin:/usr/sbin:/sbin:/usr/bin
    -- The C compiler identification is AppleClang 10.0.1.10010046
    -- The CXX compiler identification is AppleClang 10.0.1.10010046
    -- Check for working C compiler: /Applications/Xcode.app/Contents/Developer/Toolchains/XcodeDefault.xctoolchain/usr/bin/cc
    -- Check for working C compiler: /Applications/Xcode.app/Contents/Developer/Toolchains/XcodeDefault.xctoolchain/usr/bin/cc -- works
    -- Detecting C compiler ABI info
    -- Detecting C compiler ABI info - done
    -- Detecting C compile features
    -- Detecting C compile features - done
    -- Check for working CXX compiler: /Applications/Xcode.app/Contents/Developer/Toolchains/XcodeDefault.xctoolchain/usr/bin/c++
    -- Check for working CXX compiler: /Applications/Xcode.app/Contents/Developer/Toolchains/XcodeDefault.xctoolchain/usr/bin/c++ -- works
    -- Detecting CXX compiler ABI info
    -- Detecting CXX compiler ABI info - done
    -- Detecting CXX compile features
    -- Detecting CXX compile features - done
    -- Found Python: /local/S/jenkins/workspace/shared/Artifactory/OSX/rundev-master/202107070915/runtime/bd7a1b1/runTime/Maya.app/Contents/bin/mayapy (found suitable exact version "3.7.7") found components:  Interpreter
    -- Build MayaUSD with Python3 = ON
    --    PYTHON_INCLUDE_DIRS = /local/S/jenkins/workspace/shared/Artifactory/OSX/rundev-master/202107070915/runtime/bd7a1b1/runTime/Maya.app/Contents/Frameworks/Python.framework/Versions/Current/include/python3.7m
    --    PYTHON_LIBRARIES    = /local/S/jenkins/workspace/shared/Artifactory/OSX/rundev-master/202107070915/runtime/bd7a1b1/runTime/Maya.app/Contents/Frameworks/Python.framework/Versions/Current/lib/libpython3.7m.dylib
    --    Python_EXECUTABLE   = /local/S/jenkins/workspace/shared/Artifactory/OSX/rundev-master/202107070915/runtime/bd7a1b1/runTime/Maya.app/Contents/bin/mayapy
    -- Using Maya Light API Version 2
    -- Maya has setDefaultMaterialHandling API
    -- Maya has new point snapping API
    -- Found Maya: /local/S/jenkins/workspace/shared/Artifactory/OSX/rundev-master/202107070915/runtime/bd7a1b1/runTime/maya.app/Contents/MacOS/Maya (found suitable version "2023", minimum required is "2018")
    -- USD include dir: /local/S/jenkins/workspace/shared/Artifactory/OSX/USD/cde0c86/include
    -- USD library dir: /local/S/jenkins/workspace/shared/Artifactory/OSX/USD/cde0c86/lib
    -- USD version: 0.21.05
    -- Found USD: /local/S/jenkins/workspace/shared/Artifactory/OSX/USD/cde0c86 (found suitable version "0.21.05", minimum required is "0.20.02")
    Updated PYTHONPATH: /local/S/jenkins/workspace/shared/Artifactory/OSX/USD/cde0c86/lib/python
    -- UFE include dir: /local/S/jenkins/workspace/shared/Artifactory/OSX/rundev-master/202107070915/runtime/bd7a1b1/devkitBase/devkit/ufe/include
    -- UFE library: /local/S/jenkins/workspace/shared/Artifactory/OSX/rundev-master/202107070915/runtime/bd7a1b1/devkitBase/devkit/ufe/lib/libufe_0.dylib
    -- UFE version: 0.3.0
    -- Building with UFE 0.3.0 features enabled.
    -- Building with Qt features enabled.
    -- **** Building Gulark From Github Repository.
    -- Populating gulark
    -- Configuring done
    -- Generating done
    -- Build files have been written to: /local/S/jenkins/workspace/ecg-mayausd-branch-preflight-python3-osx/build/RelWithDebInfo/_deps/gulark-subbuild
    [1/9] Creating directories for 'gulark-populate'
    [1/9] Performing download step (git clone) for 'gulark-populate'
    Cloning into 'gulark-src'...
    HEAD is now at 4e21ab3 Version bump and updated readme.
    [2/9] Performing update step for 'gulark-populate'
    [3/9] No patch step for 'gulark-populate'
    [5/9] No configure step for 'gulark-populate'
    [6/9] No build step for 'gulark-populate'
    [7/9] No install step for 'gulark-populate'
    [8/9] No test step for 'gulark-populate'
    [9/9] Completed 'gulark-populate'
    -- ========== Installing GoogleTest... ==========
    -- Configuring done
    -- Generating done
    -- Build files have been written to: /local/S/jenkins/workspace/ecg-mayausd-branch-preflight-python3-osx/build/RelWithDebInfo/googletest-config
    [1/8] Creating directories for 'googletest'
    [2/8] Performing download step (git clone) for 'googletest'
    Cloning into 'googletest-src'...
    HEAD is now at 703bd9ca Googletest export
    [3/8] No patch step for 'googletest'
    [4/8] Performing update step for 'googletest'
    [5/8] Performing configure step for 'googletest'
    -- The C compiler identification is AppleClang 10.0.1.10010046
    -- The CXX compiler identification is AppleClang 10.0.1.10010046
    -- Check for working C compiler: /Applications/Xcode.app/Contents/Developer/Toolchains/XcodeDefault.xctoolchain/usr/bin/cc
    -- Check for working C compiler: /Applications/Xcode.app/Contents/Developer/Toolchains/XcodeDefault.xctoolchain/usr/bin/cc -- works
    -- Detecting C compiler ABI info
    -- Detecting C compiler ABI info - done
    -- Detecting C compile features
    -- Detecting C compile features - done
    -- Check for working CXX compiler: /Applications/Xcode.app/Contents/Developer/Toolchains/XcodeDefault.xctoolchain/usr/bin/c++
    -- Check for working CXX compiler: /Applications/Xcode.app/Contents/Developer/Toolchains/XcodeDefault.xctoolchain/usr/bin/c++ -- works
    -- Detecting CXX compiler ABI info
    -- Detecting CXX compiler ABI info - done
    -- Detecting CXX compile features
    -- Detecting CXX compile features - done
    -- Found PythonInterp: /usr/local/bin/python
    -- Looking for pthread.h
    -- Looking for pthread.h - found
    -- Looking for pthread_create
    -- Looking for pthread_create - found
    -- Found Threads: TRUE
    -- Configuring done
    -- Generating done
    -- Build files have been written to: /local/S/jenkins/workspace/ecg-mayausd-branch-preflight-python3-osx/build/RelWithDebInfo/googletest-build
    [6/8] Performing build step for 'googletest'
    [1/8] Building CXX object googletest/CMakeFiles/gtest_main.dir/src/gtest_main.cc.o
    [2/8] Building CXX object googlemock/CMakeFiles/gmock_main.dir/src/gmock_main.cc.o
    [3/8] Building CXX object googlemock/CMakeFiles/gmock.dir/src/gmock-all.cc.o
    [4/8] Building CXX object googletest/CMakeFiles/gtest.dir/src/gtest-all.cc.o
    [5/8] Linking CXX shared library lib/libgtest.dylib
    [6/8] Linking CXX shared library lib/libgtest_main.dylib
    [7/8] Linking CXX shared library lib/libgmock.dylib
    [8/8] Linking CXX shared library lib/libgmock_main.dylib
    [7/8] Performing install step for 'googletest'
    [0/1] Install the project...
    -- Install configuration: "RelWithDebInfo"
    -- Installing: /local/S/jenkins/workspace/ecg-mayausd-branch-preflight-python3-osx/build/RelWithDebInfo/googletest-install/include
    -- Installing: /local/S/jenkins/workspace/ecg-mayausd-branch-preflight-python3-osx/build/RelWithDebInfo/googletest-install/include/gmock
    -- Installing: /local/S/jenkins/workspace/ecg-mayausd-branch-preflight-python3-osx/build/RelWithDebInfo/googletest-install/include/gmock/gmock-actions.h
    -- Installing: /local/S/jenkins/workspace/ecg-mayausd-branch-preflight-python3-osx/build/RelWithDebInfo/googletest-install/include/gmock/gmock-cardinalities.h
    -- Installing: /local/S/jenkins/workspace/ecg-mayausd-branch-preflight-python3-osx/build/RelWithDebInfo/googletest-install/include/gmock/gmock-function-mocker.h
    -- Installing: /local/S/jenkins/workspace/ecg-mayausd-branch-preflight-python3-osx/build/RelWithDebInfo/googletest-install/include/gmock/gmock-generated-actions.h
    -- Installing: /local/S/jenkins/workspace/ecg-mayausd-branch-preflight-python3-osx/build/RelWithDebInfo/googletest-install/include/gmock/gmock-generated-actions.h.pump
    -- Installing: /local/S/jenkins/workspace/ecg-mayausd-branch-preflight-python3-osx/build/RelWithDebInfo/googletest-install/include/gmock/gmock-generated-function-mockers.h
    -- Installing: /local/S/jenkins/workspace/ecg-mayausd-branch-preflight-python3-osx/build/RelWithDebInfo/googletest-install/include/gmock/gmock-generated-function-mockers.h.pump
    -- Installing: /local/S/jenkins/workspace/ecg-mayausd-branch-preflight-python3-osx/build/RelWithDebInfo/googletest-install/include/gmock/gmock-generated-matchers.h
    -- Installing: /local/S/jenkins/workspace/ecg-mayausd-branch-preflight-python3-osx/build/RelWithDebInfo/googletest-install/include/gmock/gmock-generated-matchers.h.pump
    -- Installing: /local/S/jenkins/workspace/ecg-mayausd-branch-preflight-python3-osx/build/RelWithDebInfo/googletest-install/include/gmock/gmock-matchers.h
    -- Installing: /local/S/jenkins/workspace/ecg-mayausd-branch-preflight-python3-osx/build/RelWithDebInfo/googletest-install/include/gmock/gmock-more-actions.h
    -- Installing: /local/S/jenkins/workspace/ecg-mayausd-branch-preflight-python3-osx/build/RelWithDebInfo/googletest-install/include/gmock/gmock-more-matchers.h
    -- Installing: /local/S/jenkins/workspace/ecg-mayausd-branch-preflight-python3-osx/build/RelWithDebInfo/googletest-install/include/gmock/gmock-nice-strict.h
    -- Installing: /local/S/jenkins/workspace/ecg-mayausd-branch-preflight-python3-osx/build/RelWithDebInfo/googletest-install/include/gmock/gmock-spec-builders.h
    -- Installing: /local/S/jenkins/workspace/ecg-mayausd-branch-preflight-python3-osx/build/RelWithDebInfo/googletest-install/include/gmock/gmock.h
    -- Installing: /local/S/jenkins/workspace/ecg-mayausd-branch-preflight-python3-osx/build/RelWithDebInfo/googletest-install/include/gmock/internal
    -- Installing: /local/S/jenkins/workspace/ecg-mayausd-branch-preflight-python3-osx/build/RelWithDebInfo/googletest-install/include/gmock/internal/custom
    -- Installing: /local/S/jenkins/workspace/ecg-mayausd-branch-preflight-python3-osx/build/RelWithDebInfo/googletest-install/include/gmock/internal/custom/gmock-generated-actions.h
    -- Installing: /local/S/jenkins/workspace/ecg-mayausd-branch-preflight-python3-osx/build/RelWithDebInfo/googletest-install/include/gmock/internal/custom/gmock-generated-actions.h.pump
    -- Installing: /local/S/jenkins/workspace/ecg-mayausd-branch-preflight-python3-osx/build/RelWithDebInfo/googletest-install/include/gmock/internal/custom/gmock-matchers.h
    -- Installing: /local/S/jenkins/workspace/ecg-mayausd-branch-preflight-python3-osx/build/RelWithDebInfo/googletest-install/include/gmock/internal/custom/gmock-port.h
    -- Installing: /local/S/jenkins/workspace/ecg-mayausd-branch-preflight-python3-osx/build/RelWithDebInfo/googletest-install/include/gmock/internal/custom/README.md
    -- Installing: /local/S/jenkins/workspace/ecg-mayausd-branch-preflight-python3-osx/build/RelWithDebInfo/googletest-install/include/gmock/internal/gmock-internal-utils.h
    -- Installing: /local/S/jenkins/workspace/ecg-mayausd-branch-preflight-python3-osx/build/RelWithDebInfo/googletest-install/include/gmock/internal/gmock-port.h
    -- Installing: /local/S/jenkins/workspace/ecg-mayausd-branch-preflight-python3-osx/build/RelWithDebInfo/googletest-install/include/gmock/internal/gmock-pp.h
    -- Installing: /local/S/jenkins/workspace/ecg-mayausd-branch-preflight-python3-osx/build/RelWithDebInfo/googletest-install/lib/libgmock.dylib
    -- Installing: /local/S/jenkins/workspace/ecg-mayausd-branch-preflight-python3-osx/build/RelWithDebInfo/googletest-install/lib/libgmock_main.dylib
    -- Installing: /local/S/jenkins/workspace/ecg-mayausd-branch-preflight-python3-osx/build/RelWithDebInfo/googletest-install/lib/pkgconfig/gmock.pc
    -- Installing: /local/S/jenkins/workspace/ecg-mayausd-branch-preflight-python3-osx/build/RelWithDebInfo/googletest-install/lib/pkgconfig/gmock_main.pc
    -- Installing: /local/S/jenkins/workspace/ecg-mayausd-branch-preflight-python3-osx/build/RelWithDebInfo/googletest-install/lib/cmake/GTest/GTestTargets.cmake
    -- Installing: /local/S/jenkins/workspace/ecg-mayausd-branch-preflight-python3-osx/build/RelWithDebInfo/googletest-install/lib/cmake/GTest/GTestTargets-relwithdebinfo.cmake
    -- Installing: /local/S/jenkins/workspace/ecg-mayausd-branch-preflight-python3-osx/build/RelWithDebInfo/googletest-install/lib/cmake/GTest/GTestConfigVersion.cmake
    -- Installing: /local/S/jenkins/workspace/ecg-mayausd-branch-preflight-python3-osx/build/RelWithDebInfo/googletest-install/lib/cmake/GTest/GTestConfig.cmake
    -- Up-to-date: /local/S/jenkins/workspace/ecg-mayausd-branch-preflight-python3-osx/build/RelWithDebInfo/googletest-install/include
    -- Installing: /local/S/jenkins/workspace/ecg-mayausd-branch-preflight-python3-osx/build/RelWithDebInfo/googletest-install/include/gtest
    -- Installing: /local/S/jenkins/workspace/ecg-mayausd-branch-preflight-python3-osx/build/RelWithDebInfo/googletest-install/include/gtest/gtest-death-test.h
    -- Installing: /local/S/jenkins/workspace/ecg-mayausd-branch-preflight-python3-osx/build/RelWithDebInfo/googletest-install/include/gtest/gtest-matchers.h
    -- Installing: /local/S/jenkins/workspace/ecg-mayausd-branch-preflight-python3-osx/build/RelWithDebInfo/googletest-install/include/gtest/gtest-message.h
    -- Installing: /local/S/jenkins/workspace/ecg-mayausd-branch-preflight-python3-osx/build/RelWithDebInfo/googletest-install/include/gtest/gtest-param-test.h
    -- Installing: /local/S/jenkins/workspace/ecg-mayausd-branch-preflight-python3-osx/build/RelWithDebInfo/googletest-install/include/gtest/gtest-printers.h
    -- Installing: /local/S/jenkins/workspace/ecg-mayausd-branch-preflight-python3-osx/build/RelWithDebInfo/googletest-install/include/gtest/gtest-spi.h
    -- Installing: /local/S/jenkins/workspace/ecg-mayausd-branch-preflight-python3-osx/build/RelWithDebInfo/googletest-install/include/gtest/gtest-test-part.h
    -- Installing: /local/S/jenkins/workspace/ecg-mayausd-branch-preflight-python3-osx/build/RelWithDebInfo/googletest-install/include/gtest/gtest-typed-test.h
    -- Installing: /local/S/jenkins/workspace/ecg-mayausd-branch-preflight-python3-osx/build/RelWithDebInfo/googletest-install/include/gtest/gtest.h
    -- Installing: /local/S/jenkins/workspace/ecg-mayausd-branch-preflight-python3-osx/build/RelWithDebInfo/googletest-install/include/gtest/gtest_pred_impl.h
    -- Installing: /local/S/jenkins/workspace/ecg-mayausd-branch-preflight-python3-osx/build/RelWithDebInfo/googletest-install/include/gtest/gtest_prod.h
    -- Installing: /local/S/jenkins/workspace/ecg-mayausd-branch-preflight-python3-osx/build/RelWithDebInfo/googletest-install/include/gtest/internal
    -- Installing: /local/S/jenkins/workspace/ecg-mayausd-branch-preflight-python3-osx/build/RelWithDebInfo/googletest-install/include/gtest/internal/custom
    -- Installing: /local/S/jenkins/workspace/ecg-mayausd-branch-preflight-python3-osx/build/RelWithDebInfo/googletest-install/include/gtest/internal/custom/gtest-port.h
    -- Installing: /local/S/jenkins/workspace/ecg-mayausd-branch-preflight-python3-osx/build/RelWithDebInfo/googletest-install/include/gtest/internal/custom/gtest-printers.h
    -- Installing: /local/S/jenkins/workspace/ecg-mayausd-branch-preflight-python3-osx/build/RelWithDebInfo/googletest-install/include/gtest/internal/custom/gtest.h
    -- Installing: /local/S/jenkins/workspace/ecg-mayausd-branch-preflight-python3-osx/build/RelWithDebInfo/googletest-install/include/gtest/internal/custom/README.md
    -- Installing: /local/S/jenkins/workspace/ecg-mayausd-branch-preflight-python3-osx/build/RelWithDebInfo/googletest-install/include/gtest/internal/gtest-death-test-internal.h
    -- Installing: /local/S/jenkins/workspace/ecg-mayausd-branch-preflight-python3-osx/build/RelWithDebInfo/googletest-install/include/gtest/internal/gtest-filepath.h
    -- Installing: /local/S/jenkins/workspace/ecg-mayausd-branch-preflight-python3-osx/build/RelWithDebInfo/googletest-install/include/gtest/internal/gtest-internal.h
    -- Installing: /local/S/jenkins/workspace/ecg-mayausd-branch-preflight-python3-osx/build/RelWithDebInfo/googletest-install/include/gtest/internal/gtest-param-util.h
    -- Installing: /local/S/jenkins/workspace/ecg-mayausd-branch-preflight-python3-osx/build/RelWithDebInfo/googletest-install/include/gtest/internal/gtest-port-arch.h
    -- Installing: /local/S/jenkins/workspace/ecg-mayausd-branch-preflight-python3-osx/build/RelWithDebInfo/googletest-install/include/gtest/internal/gtest-port.h
    -- Installing: /local/S/jenkins/workspace/ecg-mayausd-branch-preflight-python3-osx/build/RelWithDebInfo/googletest-install/include/gtest/internal/gtest-string.h
    -- Installing: /local/S/jenkins/workspace/ecg-mayausd-branch-preflight-python3-osx/build/RelWithDebInfo/googletest-install/include/gtest/internal/gtest-type-util.h
    -- Installing: /local/S/jenkins/workspace/ecg-mayausd-branch-preflight-python3-osx/build/RelWithDebInfo/googletest-install/include/gtest/internal/gtest-type-util.h.pump
    -- Installing: /local/S/jenkins/workspace/ecg-mayausd-branch-preflight-python3-osx/build/RelWithDebInfo/googletest-install/lib/libgtest.dylib
    -- Installing: /local/S/jenkins/workspace/ecg-mayausd-branch-preflight-python3-osx/build/RelWithDebInfo/googletest-install/lib/libgtest_main.dylib
    -- Installing: /local/S/jenkins/workspace/ecg-mayausd-branch-preflight-python3-osx/build/RelWithDebInfo/googletest-install/lib/pkgconfig/gtest.pc
    -- Installing: /local/S/jenkins/workspace/ecg-mayausd-branch-preflight-python3-osx/build/RelWithDebInfo/googletest-install/lib/pkgconfig/gtest_main.pc
    [8/8] Completed 'googletest'
    -- ========== ...  GoogleTest installed. ==========
    -- MAYA_HAS_DEFAULT_MATERIAL_API is TRUE
    -- MAYA_NEW_POINT_SNAPPING_SUPPORT is TRUE
    -- promoting: /local/S/jenkins/workspace/ecg-mayausd-branch-preflight-python3-osx/ecg-maya-usd/maya-usd/lib/mayaUsd/base/mayaUsd.h.src
    -- promoting: /local/S/jenkins/workspace/ecg-mayausd-branch-preflight-python3-osx/ecg-maya-usd/maya-usd/lib/mayaUsd/base/api.h
    -- promoting: /local/S/jenkins/workspace/ecg-mayausd-branch-preflight-python3-osx/ecg-maya-usd/maya-usd/lib/mayaUsd/base/debugCodes.h
    -- promoting: /local/S/jenkins/workspace/ecg-mayausd-branch-preflight-python3-osx/ecg-maya-usd/maya-usd/lib/mayaUsd/base/id.h
    -- promoting: /local/S/jenkins/workspace/ecg-mayausd-branch-preflight-python3-osx/ecg-maya-usd/maya-usd/lib/mayaUsd/base/syncId.h
    -- promoting: /local/S/jenkins/workspace/ecg-mayausd-branch-preflight-python3-osx/ecg-maya-usd/maya-usd/lib/mayaUsd/base/tokens.h
    -- promoting: /local/S/jenkins/workspace/ecg-mayausd-branch-preflight-python3-osx/ecg-maya-usd/maya-usd/lib/mayaUsd/commands/abstractLayerEditorWindow.h
    -- promoting: /local/S/jenkins/workspace/ecg-mayausd-branch-preflight-python3-osx/ecg-maya-usd/maya-usd/lib/mayaUsd/commands/baseExportCommand.h
    -- promoting: /local/S/jenkins/workspace/ecg-mayausd-branch-preflight-python3-osx/ecg-maya-usd/maya-usd/lib/mayaUsd/commands/baseImportCommand.h
    -- promoting: /local/S/jenkins/workspace/ecg-mayausd-branch-preflight-python3-osx/ecg-maya-usd/maya-usd/lib/mayaUsd/commands/baseListShadingModesCommand.h
    -- promoting: /local/S/jenkins/workspace/ecg-mayausd-branch-preflight-python3-osx/ecg-maya-usd/maya-usd/lib/mayaUsd/commands/editTargetCommand.h
    -- promoting: /local/S/jenkins/workspace/ecg-mayausd-branch-preflight-python3-osx/ecg-maya-usd/maya-usd/lib/mayaUsd/commands/layerEditorCommand.h
    -- promoting: /local/S/jenkins/workspace/ecg-mayausd-branch-preflight-python3-osx/ecg-maya-usd/maya-usd/lib/mayaUsd/commands/layerEditorWindowCommand.h
    -- promoting: /local/S/jenkins/workspace/ecg-mayausd-branch-preflight-python3-osx/ecg-maya-usd/maya-usd/lib/mayaUsd/fileio/fallbackPrimReader.h
    -- promoting: /local/S/jenkins/workspace/ecg-mayausd-branch-preflight-python3-osx/ecg-maya-usd/maya-usd/lib/mayaUsd/fileio/functorPrimReader.h
    -- promoting: /local/S/jenkins/workspace/ecg-mayausd-branch-preflight-python3-osx/ecg-maya-usd/maya-usd/lib/mayaUsd/fileio/functorPrimWriter.h
    -- promoting: /local/S/jenkins/workspace/ecg-mayausd-branch-preflight-python3-osx/ecg-maya-usd/maya-usd/lib/mayaUsd/fileio/importData.h
    -- promoting: /local/S/jenkins/workspace/ecg-mayausd-branch-preflight-python3-osx/ecg-maya-usd/maya-usd/lib/mayaUsd/fileio/instancedNodeWriter.h
    -- promoting: /local/S/jenkins/workspace/ecg-mayausd-branch-preflight-python3-osx/ecg-maya-usd/maya-usd/lib/mayaUsd/fileio/primReader.h
    -- promoting: /local/S/jenkins/workspace/ecg-mayausd-branch-preflight-python3-osx/ecg-maya-usd/maya-usd/lib/mayaUsd/fileio/primReaderArgs.h
    -- promoting: /local/S/jenkins/workspace/ecg-mayausd-branch-preflight-python3-osx/ecg-maya-usd/maya-usd/lib/mayaUsd/fileio/primReaderContext.h
    -- promoting: /local/S/jenkins/workspace/ecg-mayausd-branch-preflight-python3-osx/ecg-maya-usd/maya-usd/lib/mayaUsd/fileio/primReaderRegistry.h
    -- promoting: /local/S/jenkins/workspace/ecg-mayausd-branch-preflight-python3-osx/ecg-maya-usd/maya-usd/lib/mayaUsd/fileio/primUpdater.h
    -- promoting: /local/S/jenkins/workspace/ecg-mayausd-branch-preflight-python3-osx/ecg-maya-usd/maya-usd/lib/mayaUsd/fileio/primUpdaterContext.h
    -- promoting: /local/S/jenkins/workspace/ecg-mayausd-branch-preflight-python3-osx/ecg-maya-usd/maya-usd/lib/mayaUsd/fileio/primUpdaterRegistry.h
    -- promoting: /local/S/jenkins/workspace/ecg-mayausd-branch-preflight-python3-osx/ecg-maya-usd/maya-usd/lib/mayaUsd/fileio/primWriter.h
    -- promoting: /local/S/jenkins/workspace/ecg-mayausd-branch-preflight-python3-osx/ecg-maya-usd/maya-usd/lib/mayaUsd/fileio/primWriterArgs.h
    -- promoting: /local/S/jenkins/workspace/ecg-mayausd-branch-preflight-python3-osx/ecg-maya-usd/maya-usd/lib/mayaUsd/fileio/primWriterContext.h
    -- promoting: /local/S/jenkins/workspace/ecg-mayausd-branch-preflight-python3-osx/ecg-maya-usd/maya-usd/lib/mayaUsd/fileio/primWriterRegistry.h
    -- promoting: /local/S/jenkins/workspace/ecg-mayausd-branch-preflight-python3-osx/ecg-maya-usd/maya-usd/lib/mayaUsd/fileio/registryHelper.h
    -- promoting: /local/S/jenkins/workspace/ecg-mayausd-branch-preflight-python3-osx/ecg-maya-usd/maya-usd/lib/mayaUsd/fileio/shaderReader.h
    -- promoting: /local/S/jenkins/workspace/ecg-mayausd-branch-preflight-python3-osx/ecg-maya-usd/maya-usd/lib/mayaUsd/fileio/shaderReaderRegistry.h
    -- promoting: /local/S/jenkins/workspace/ecg-mayausd-branch-preflight-python3-osx/ecg-maya-usd/maya-usd/lib/mayaUsd/fileio/shaderWriter.h
    -- promoting: /local/S/jenkins/workspace/ecg-mayausd-branch-preflight-python3-osx/ecg-maya-usd/maya-usd/lib/mayaUsd/fileio/shaderWriterRegistry.h
    -- promoting: /local/S/jenkins/workspace/ecg-mayausd-branch-preflight-python3-osx/ecg-maya-usd/maya-usd/lib/mayaUsd/fileio/transformWriter.h
    -- promoting: /local/S/jenkins/workspace/ecg-mayausd-branch-preflight-python3-osx/ecg-maya-usd/maya-usd/lib/mayaUsd/fileio/writeJobContext.h
    -- promoting: /local/S/jenkins/workspace/ecg-mayausd-branch-preflight-python3-osx/ecg-maya-usd/maya-usd/lib/mayaUsd/fileio/chaser/exportChaser.h
    -- promoting: /local/S/jenkins/workspace/ecg-mayausd-branch-preflight-python3-osx/ecg-maya-usd/maya-usd/lib/mayaUsd/fileio/chaser/exportChaserRegistry.h
    -- promoting: /local/S/jenkins/workspace/ecg-mayausd-branch-preflight-python3-osx/ecg-maya-usd/maya-usd/lib/mayaUsd/fileio/chaser/importChaserRegistry.h
    -- promoting: /local/S/jenkins/workspace/ecg-mayausd-branch-preflight-python3-osx/ecg-maya-usd/maya-usd/lib/mayaUsd/fileio/chaser/importChaser.h
    -- promoting: /local/S/jenkins/workspace/ecg-mayausd-branch-preflight-python3-osx/ecg-maya-usd/maya-usd/lib/mayaUsd/fileio/jobs/jobArgs.h
    -- promoting: /local/S/jenkins/workspace/ecg-mayausd-branch-preflight-python3-osx/ecg-maya-usd/maya-usd/lib/mayaUsd/fileio/jobs/modelKindProcessor.h
    -- promoting: /local/S/jenkins/workspace/ecg-mayausd-branch-preflight-python3-osx/ecg-maya-usd/maya-usd/lib/mayaUsd/fileio/jobs/readJob.h
    -- promoting: /local/S/jenkins/workspace/ecg-mayausd-branch-preflight-python3-osx/ecg-maya-usd/maya-usd/lib/mayaUsd/fileio/jobs/writeJob.h
    -- promoting: /local/S/jenkins/workspace/ecg-mayausd-branch-preflight-python3-osx/ecg-maya-usd/maya-usd/lib/mayaUsd/fileio/shading/rfmShaderMap.h
    -- promoting: /local/S/jenkins/workspace/ecg-mayausd-branch-preflight-python3-osx/ecg-maya-usd/maya-usd/lib/mayaUsd/fileio/shading/shadingModeExporter.h
    -- promoting: /local/S/jenkins/workspace/ecg-mayausd-branch-preflight-python3-osx/ecg-maya-usd/maya-usd/lib/mayaUsd/fileio/shading/shadingModeExporterContext.h
    -- promoting: /local/S/jenkins/workspace/ecg-mayausd-branch-preflight-python3-osx/ecg-maya-usd/maya-usd/lib/mayaUsd/fileio/shading/shadingModeImporter.h
    -- promoting: /local/S/jenkins/workspace/ecg-mayausd-branch-preflight-python3-osx/ecg-maya-usd/maya-usd/lib/mayaUsd/fileio/shading/shadingModeRegistry.h
    -- promoting: /local/S/jenkins/workspace/ecg-mayausd-branch-preflight-python3-osx/ecg-maya-usd/maya-usd/lib/mayaUsd/fileio/shading/symmetricShaderReader.h
    -- promoting: /local/S/jenkins/workspace/ecg-mayausd-branch-preflight-python3-osx/ecg-maya-usd/maya-usd/lib/mayaUsd/fileio/shading/symmetricShaderWriter.h
    -- promoting: /local/S/jenkins/workspace/ecg-mayausd-branch-preflight-python3-osx/ecg-maya-usd/maya-usd/lib/mayaUsd/fileio/translators/skelBindingsProcessor.h
    -- promoting: /local/S/jenkins/workspace/ecg-mayausd-branch-preflight-python3-osx/ecg-maya-usd/maya-usd/lib/mayaUsd/fileio/translators/translatorCamera.h
    -- promoting: /local/S/jenkins/workspace/ecg-mayausd-branch-preflight-python3-osx/ecg-maya-usd/maya-usd/lib/mayaUsd/fileio/translators/translatorCurves.h
    -- promoting: /local/S/jenkins/workspace/ecg-mayausd-branch-preflight-python3-osx/ecg-maya-usd/maya-usd/lib/mayaUsd/fileio/translators/translatorGprim.h
    -- promoting: /local/S/jenkins/workspace/ecg-mayausd-branch-preflight-python3-osx/ecg-maya-usd/maya-usd/lib/mayaUsd/fileio/translators/translatorMaterial.h
    -- promoting: /local/S/jenkins/workspace/ecg-mayausd-branch-preflight-python3-osx/ecg-maya-usd/maya-usd/lib/mayaUsd/fileio/translators/translatorMayaReference.h
    -- promoting: /local/S/jenkins/workspace/ecg-mayausd-branch-preflight-python3-osx/ecg-maya-usd/maya-usd/lib/mayaUsd/fileio/translators/translatorMesh.h
    -- promoting: /local/S/jenkins/workspace/ecg-mayausd-branch-preflight-python3-osx/ecg-maya-usd/maya-usd/lib/mayaUsd/fileio/translators/translatorNurbsPatch.h
    -- promoting: /local/S/jenkins/workspace/ecg-mayausd-branch-preflight-python3-osx/ecg-maya-usd/maya-usd/lib/mayaUsd/fileio/translators/translatorPrim.h
    -- promoting: /local/S/jenkins/workspace/ecg-mayausd-branch-preflight-python3-osx/ecg-maya-usd/maya-usd/lib/mayaUsd/fileio/translators/translatorRfMLight.h
    -- promoting: /local/S/jenkins/workspace/ecg-mayausd-branch-preflight-python3-osx/ecg-maya-usd/maya-usd/lib/mayaUsd/fileio/translators/translatorSkel.h
    -- promoting: /local/S/jenkins/workspace/ecg-mayausd-branch-preflight-python3-osx/ecg-maya-usd/maya-usd/lib/mayaUsd/fileio/translators/translatorUtil.h
    -- promoting: /local/S/jenkins/workspace/ecg-mayausd-branch-preflight-python3-osx/ecg-maya-usd/maya-usd/lib/mayaUsd/fileio/translators/translatorXformable.h
    -- promoting: /local/S/jenkins/workspace/ecg-mayausd-branch-preflight-python3-osx/ecg-maya-usd/maya-usd/lib/mayaUsd/fileio/utils/adaptor.h
    -- promoting: /local/S/jenkins/workspace/ecg-mayausd-branch-preflight-python3-osx/ecg-maya-usd/maya-usd/lib/mayaUsd/fileio/utils/jointWriteUtils.h
    -- promoting: /local/S/jenkins/workspace/ecg-mayausd-branch-preflight-python3-osx/ecg-maya-usd/maya-usd/lib/mayaUsd/fileio/utils/meshReadUtils.h
    -- promoting: /local/S/jenkins/workspace/ecg-mayausd-branch-preflight-python3-osx/ecg-maya-usd/maya-usd/lib/mayaUsd/fileio/utils/meshWriteUtils.h
    -- promoting: /local/S/jenkins/workspace/ecg-mayausd-branch-preflight-python3-osx/ecg-maya-usd/maya-usd/lib/mayaUsd/fileio/utils/readUtil.h
    -- promoting: /local/S/jenkins/workspace/ecg-mayausd-branch-preflight-python3-osx/ecg-maya-usd/maya-usd/lib/mayaUsd/fileio/utils/roundTripUtil.h
    -- promoting: /local/S/jenkins/workspace/ecg-mayausd-branch-preflight-python3-osx/ecg-maya-usd/maya-usd/lib/mayaUsd/fileio/utils/shadingUtil.h
    -- promoting: /local/S/jenkins/workspace/ecg-mayausd-branch-preflight-python3-osx/ecg-maya-usd/maya-usd/lib/mayaUsd/fileio/utils/userTaggedAttribute.h
    -- promoting: /local/S/jenkins/workspace/ecg-mayausd-branch-preflight-python3-osx/ecg-maya-usd/maya-usd/lib/mayaUsd/fileio/utils/writeUtil.h
    -- promoting: /local/S/jenkins/workspace/ecg-mayausd-branch-preflight-python3-osx/ecg-maya-usd/maya-usd/lib/mayaUsd/fileio/utils/xformStack.h
    -- promoting: /local/S/jenkins/workspace/ecg-mayausd-branch-preflight-python3-osx/ecg-maya-usd/maya-usd/lib/mayaUsd/listeners/notice.h
    -- promoting: /local/S/jenkins/workspace/ecg-mayausd-branch-preflight-python3-osx/ecg-maya-usd/maya-usd/lib/mayaUsd/listeners/proxyShapeNotice.h
    -- promoting: /local/S/jenkins/workspace/ecg-mayausd-branch-preflight-python3-osx/ecg-maya-usd/maya-usd/lib/mayaUsd/listeners/stageNoticeListener.h
    -- promoting: /local/S/jenkins/workspace/ecg-mayausd-branch-preflight-python3-osx/ecg-maya-usd/maya-usd/lib/mayaUsd/nodes/hdImagingShape.h
    -- promoting: /local/S/jenkins/workspace/ecg-mayausd-branch-preflight-python3-osx/ecg-maya-usd/maya-usd/lib/mayaUsd/nodes/pointBasedDeformerNode.h
    -- promoting: /local/S/jenkins/workspace/ecg-mayausd-branch-preflight-python3-osx/ecg-maya-usd/maya-usd/lib/mayaUsd/nodes/proxyAccessor.h
    -- promoting: /local/S/jenkins/workspace/ecg-mayausd-branch-preflight-python3-osx/ecg-maya-usd/maya-usd/lib/mayaUsd/nodes/proxyShapeBase.h
    -- promoting: /local/S/jenkins/workspace/ecg-mayausd-branch-preflight-python3-osx/ecg-maya-usd/maya-usd/lib/mayaUsd/nodes/proxyShapePlugin.h
    -- promoting: /local/S/jenkins/workspace/ecg-mayausd-branch-preflight-python3-osx/ecg-maya-usd/maya-usd/lib/mayaUsd/nodes/proxyStageProvider.h
    -- promoting: /local/S/jenkins/workspace/ecg-mayausd-branch-preflight-python3-osx/ecg-maya-usd/maya-usd/lib/mayaUsd/nodes/stageData.h
    -- promoting: /local/S/jenkins/workspace/ecg-mayausd-branch-preflight-python3-osx/ecg-maya-usd/maya-usd/lib/mayaUsd/nodes/stageNode.h
    -- promoting: /local/S/jenkins/workspace/ecg-mayausd-branch-preflight-python3-osx/ecg-maya-usd/maya-usd/lib/mayaUsd/nodes/usdPrimProvider.h
    -- promoting: /local/S/jenkins/workspace/ecg-mayausd-branch-preflight-python3-osx/ecg-maya-usd/maya-usd/lib/mayaUsd/nodes/layerManager.h
    -- promoting: /local/S/jenkins/workspace/ecg-mayausd-branch-preflight-python3-osx/ecg-maya-usd/maya-usd/lib/mayaUsd/render/px_vp20/glslProgram.h
    -- promoting: /local/S/jenkins/workspace/ecg-mayausd-branch-preflight-python3-osx/ecg-maya-usd/maya-usd/lib/mayaUsd/render/px_vp20/utils.h
    -- promoting: /local/S/jenkins/workspace/ecg-mayausd-branch-preflight-python3-osx/ecg-maya-usd/maya-usd/lib/mayaUsd/render/px_vp20/utils_legacy.h
    -- promoting: /local/S/jenkins/workspace/ecg-mayausd-branch-preflight-python3-osx/ecg-maya-usd/maya-usd/lib/mayaUsd/render/pxrUsdMayaGL/batchRenderer.h
    -- promoting: /local/S/jenkins/workspace/ecg-mayausd-branch-preflight-python3-osx/ecg-maya-usd/maya-usd/lib/mayaUsd/render/pxrUsdMayaGL/debugCodes.h
    -- promoting: /local/S/jenkins/workspace/ecg-mayausd-branch-preflight-python3-osx/ecg-maya-usd/maya-usd/lib/mayaUsd/render/pxrUsdMayaGL/hdImagingShapeDrawOverride.h
    -- promoting: /local/S/jenkins/workspace/ecg-mayausd-branch-preflight-python3-osx/ecg-maya-usd/maya-usd/lib/mayaUsd/render/pxrUsdMayaGL/hdImagingShapeUI.h
    -- promoting: /local/S/jenkins/workspace/ecg-mayausd-branch-preflight-python3-osx/ecg-maya-usd/maya-usd/lib/mayaUsd/render/pxrUsdMayaGL/instancerImager.h
    -- promoting: /local/S/jenkins/workspace/ecg-mayausd-branch-preflight-python3-osx/ecg-maya-usd/maya-usd/lib/mayaUsd/render/pxrUsdMayaGL/instancerShapeAdapter.h
    -- promoting: /local/S/jenkins/workspace/ecg-mayausd-branch-preflight-python3-osx/ecg-maya-usd/maya-usd/lib/mayaUsd/render/pxrUsdMayaGL/proxyDrawOverride.h
    -- promoting: /local/S/jenkins/workspace/ecg-mayausd-branch-preflight-python3-osx/ecg-maya-usd/maya-usd/lib/mayaUsd/render/pxrUsdMayaGL/proxyShapeUI.h
    -- promoting: /local/S/jenkins/workspace/ecg-mayausd-branch-preflight-python3-osx/ecg-maya-usd/maya-usd/lib/mayaUsd/render/pxrUsdMayaGL/renderParams.h
    -- promoting: /local/S/jenkins/workspace/ecg-mayausd-branch-preflight-python3-osx/ecg-maya-usd/maya-usd/lib/mayaUsd/render/pxrUsdMayaGL/sceneDelegate.h
    -- promoting: /local/S/jenkins/workspace/ecg-mayausd-branch-preflight-python3-osx/ecg-maya-usd/maya-usd/lib/mayaUsd/render/pxrUsdMayaGL/shapeAdapter.h
    -- promoting: /local/S/jenkins/workspace/ecg-mayausd-branch-preflight-python3-osx/ecg-maya-usd/maya-usd/lib/mayaUsd/render/pxrUsdMayaGL/softSelectHelper.h
    -- promoting: /local/S/jenkins/workspace/ecg-mayausd-branch-preflight-python3-osx/ecg-maya-usd/maya-usd/lib/mayaUsd/render/pxrUsdMayaGL/usdProxyShapeAdapter.h
    -- promoting: /local/S/jenkins/workspace/ecg-mayausd-branch-preflight-python3-osx/ecg-maya-usd/maya-usd/lib/mayaUsd/render/pxrUsdMayaGL/userData.h
    -- promoting: /local/S/jenkins/workspace/ecg-mayausd-branch-preflight-python3-osx/ecg-maya-usd/maya-usd/lib/mayaUsd/render/vp2RenderDelegate/proxyRenderDelegate.h
    -- promoting: /local/S/jenkins/workspace/ecg-mayausd-branch-preflight-python3-osx/ecg-maya-usd/maya-usd/lib/mayaUsd/render/vp2ShaderFragments/shaderFragments.h
    -- promoting: /local/S/jenkins/workspace/ecg-mayausd-branch-preflight-python3-osx/ecg-maya-usd/maya-usd/lib/mayaUsd/ufe/Global.h
    -- promoting: /local/S/jenkins/workspace/ecg-mayausd-branch-preflight-python3-osx/ecg-maya-usd/maya-usd/lib/mayaUsd/ufe/ProxyShapeHandler.h
    -- promoting: /local/S/jenkins/workspace/ecg-mayausd-branch-preflight-python3-osx/ecg-maya-usd/maya-usd/lib/mayaUsd/ufe/ProxyShapeHierarchy.h
    -- promoting: /local/S/jenkins/workspace/ecg-mayausd-branch-preflight-python3-osx/ecg-maya-usd/maya-usd/lib/mayaUsd/ufe/ProxyShapeHierarchyHandler.h
    -- promoting: /local/S/jenkins/workspace/ecg-mayausd-branch-preflight-python3-osx/ecg-maya-usd/maya-usd/lib/mayaUsd/ufe/StagesSubject.h
    -- promoting: /local/S/jenkins/workspace/ecg-mayausd-branch-preflight-python3-osx/ecg-maya-usd/maya-usd/lib/mayaUsd/ufe/UsdHierarchy.h
    -- promoting: /local/S/jenkins/workspace/ecg-mayausd-branch-preflight-python3-osx/ecg-maya-usd/maya-usd/lib/mayaUsd/ufe/UsdHierarchyHandler.h
    -- promoting: /local/S/jenkins/workspace/ecg-mayausd-branch-preflight-python3-osx/ecg-maya-usd/maya-usd/lib/mayaUsd/ufe/UsdPointInstanceModifierBase.h
    -- promoting: /local/S/jenkins/workspace/ecg-mayausd-branch-preflight-python3-osx/ecg-maya-usd/maya-usd/lib/mayaUsd/ufe/UsdPointInstanceOrientationModifier.h
    -- promoting: /local/S/jenkins/workspace/ecg-mayausd-branch-preflight-python3-osx/ecg-maya-usd/maya-usd/lib/mayaUsd/ufe/UsdPointInstancePositionModifier.h
    -- promoting: /local/S/jenkins/workspace/ecg-mayausd-branch-preflight-python3-osx/ecg-maya-usd/maya-usd/lib/mayaUsd/ufe/UsdPointInstanceScaleModifier.h
    -- promoting: /local/S/jenkins/workspace/ecg-mayausd-branch-preflight-python3-osx/ecg-maya-usd/maya-usd/lib/mayaUsd/ufe/UsdRootChildHierarchy.h
    -- promoting: /local/S/jenkins/workspace/ecg-mayausd-branch-preflight-python3-osx/ecg-maya-usd/maya-usd/lib/mayaUsd/ufe/UsdRotatePivotTranslateUndoableCommand.h
    -- promoting: /local/S/jenkins/workspace/ecg-mayausd-branch-preflight-python3-osx/ecg-maya-usd/maya-usd/lib/mayaUsd/ufe/UsdRotateUndoableCommand.h
    -- promoting: /local/S/jenkins/workspace/ecg-mayausd-branch-preflight-python3-osx/ecg-maya-usd/maya-usd/lib/mayaUsd/ufe/UsdScaleUndoableCommand.h
    -- promoting: /local/S/jenkins/workspace/ecg-mayausd-branch-preflight-python3-osx/ecg-maya-usd/maya-usd/lib/mayaUsd/ufe/UsdSceneItem.h
    -- promoting: /local/S/jenkins/workspace/ecg-mayausd-branch-preflight-python3-osx/ecg-maya-usd/maya-usd/lib/mayaUsd/ufe/UsdSceneItemOps.h
    -- promoting: /local/S/jenkins/workspace/ecg-mayausd-branch-preflight-python3-osx/ecg-maya-usd/maya-usd/lib/mayaUsd/ufe/UsdSceneItemOpsHandler.h
    -- promoting: /local/S/jenkins/workspace/ecg-mayausd-branch-preflight-python3-osx/ecg-maya-usd/maya-usd/lib/mayaUsd/ufe/UsdStageMap.h
    -- promoting: /local/S/jenkins/workspace/ecg-mayausd-branch-preflight-python3-osx/ecg-maya-usd/maya-usd/lib/mayaUsd/ufe/UsdTRSUndoableCommandBase.h
    -- promoting: /local/S/jenkins/workspace/ecg-mayausd-branch-preflight-python3-osx/ecg-maya-usd/maya-usd/lib/mayaUsd/ufe/UsdTransform3d.h
    -- promoting: /local/S/jenkins/workspace/ecg-mayausd-branch-preflight-python3-osx/ecg-maya-usd/maya-usd/lib/mayaUsd/ufe/UsdTransform3dHandler.h
    -- promoting: /local/S/jenkins/workspace/ecg-mayausd-branch-preflight-python3-osx/ecg-maya-usd/maya-usd/lib/mayaUsd/ufe/UsdTranslateUndoableCommand.h
    -- promoting: /local/S/jenkins/workspace/ecg-mayausd-branch-preflight-python3-osx/ecg-maya-usd/maya-usd/lib/mayaUsd/ufe/UsdUndoDeleteCommand.h
    -- promoting: /local/S/jenkins/workspace/ecg-mayausd-branch-preflight-python3-osx/ecg-maya-usd/maya-usd/lib/mayaUsd/ufe/UsdUndoDuplicateCommand.h
    -- promoting: /local/S/jenkins/workspace/ecg-mayausd-branch-preflight-python3-osx/ecg-maya-usd/maya-usd/lib/mayaUsd/ufe/UsdUndoRenameCommand.h
    -- promoting: /local/S/jenkins/workspace/ecg-mayausd-branch-preflight-python3-osx/ecg-maya-usd/maya-usd/lib/mayaUsd/ufe/Utils.h
    -- promoting: /local/S/jenkins/workspace/ecg-mayausd-branch-preflight-python3-osx/ecg-maya-usd/maya-usd/lib/mayaUsd/ufe/UfeVersionCompat.h
    -- promoting: /local/S/jenkins/workspace/ecg-mayausd-branch-preflight-python3-osx/ecg-maya-usd/maya-usd/lib/mayaUsd/ufe/ProxyShapeContextOpsHandler.h
    -- promoting: /local/S/jenkins/workspace/ecg-mayausd-branch-preflight-python3-osx/ecg-maya-usd/maya-usd/lib/mayaUsd/ufe/RotationUtils.h
    -- promoting: /local/S/jenkins/workspace/ecg-mayausd-branch-preflight-python3-osx/ecg-maya-usd/maya-usd/lib/mayaUsd/ufe/UsdAttribute.h
    -- promoting: /local/S/jenkins/workspace/ecg-mayausd-branch-preflight-python3-osx/ecg-maya-usd/maya-usd/lib/mayaUsd/ufe/UsdAttributes.h
    -- promoting: /local/S/jenkins/workspace/ecg-mayausd-branch-preflight-python3-osx/ecg-maya-usd/maya-usd/lib/mayaUsd/ufe/UsdAttributesHandler.h
    -- promoting: /local/S/jenkins/workspace/ecg-mayausd-branch-preflight-python3-osx/ecg-maya-usd/maya-usd/lib/mayaUsd/ufe/UsdCamera.h
    -- promoting: /local/S/jenkins/workspace/ecg-mayausd-branch-preflight-python3-osx/ecg-maya-usd/maya-usd/lib/mayaUsd/ufe/UsdCameraHandler.h
    -- promoting: /local/S/jenkins/workspace/ecg-mayausd-branch-preflight-python3-osx/ecg-maya-usd/maya-usd/lib/mayaUsd/ufe/UsdContextOps.h
    -- promoting: /local/S/jenkins/workspace/ecg-mayausd-branch-preflight-python3-osx/ecg-maya-usd/maya-usd/lib/mayaUsd/ufe/UsdContextOpsHandler.h
    -- promoting: /local/S/jenkins/workspace/ecg-mayausd-branch-preflight-python3-osx/ecg-maya-usd/maya-usd/lib/mayaUsd/ufe/UsdObject3d.h
    -- promoting: /local/S/jenkins/workspace/ecg-mayausd-branch-preflight-python3-osx/ecg-maya-usd/maya-usd/lib/mayaUsd/ufe/UsdObject3dHandler.h
    -- promoting: /local/S/jenkins/workspace/ecg-mayausd-branch-preflight-python3-osx/ecg-maya-usd/maya-usd/lib/mayaUsd/ufe/UsdPointInstanceUndoableCommands.h
    -- promoting: /local/S/jenkins/workspace/ecg-mayausd-branch-preflight-python3-osx/ecg-maya-usd/maya-usd/lib/mayaUsd/ufe/UsdTransform3dBase.h
    -- promoting: /local/S/jenkins/workspace/ecg-mayausd-branch-preflight-python3-osx/ecg-maya-usd/maya-usd/lib/mayaUsd/ufe/UsdTransform3dCommonAPI.h
    -- promoting: /local/S/jenkins/workspace/ecg-mayausd-branch-preflight-python3-osx/ecg-maya-usd/maya-usd/lib/mayaUsd/ufe/UsdTransform3dFallbackMayaXformStack.h
    -- promoting: /local/S/jenkins/workspace/ecg-mayausd-branch-preflight-python3-osx/ecg-maya-usd/maya-usd/lib/mayaUsd/ufe/UsdTransform3dMatrixOp.h
    -- promoting: /local/S/jenkins/workspace/ecg-mayausd-branch-preflight-python3-osx/ecg-maya-usd/maya-usd/lib/mayaUsd/ufe/UsdTransform3dMayaXformStack.h
    -- promoting: /local/S/jenkins/workspace/ecg-mayausd-branch-preflight-python3-osx/ecg-maya-usd/maya-usd/lib/mayaUsd/ufe/UsdTransform3dPointInstance.h
    -- promoting: /local/S/jenkins/workspace/ecg-mayausd-branch-preflight-python3-osx/ecg-maya-usd/maya-usd/lib/mayaUsd/ufe/UsdTransform3dSetObjectMatrix.h
    -- promoting: /local/S/jenkins/workspace/ecg-mayausd-branch-preflight-python3-osx/ecg-maya-usd/maya-usd/lib/mayaUsd/ufe/UsdTransform3dUndoableCommands.h
    -- promoting: /local/S/jenkins/workspace/ecg-mayausd-branch-preflight-python3-osx/ecg-maya-usd/maya-usd/lib/mayaUsd/ufe/UsdUIInfoHandler.h
    -- promoting: /local/S/jenkins/workspace/ecg-mayausd-branch-preflight-python3-osx/ecg-maya-usd/maya-usd/lib/mayaUsd/ufe/UsdUndoableCommand.h
    -- promoting: /local/S/jenkins/workspace/ecg-mayausd-branch-preflight-python3-osx/ecg-maya-usd/maya-usd/lib/mayaUsd/ufe/UsdUndoAddNewPrimCommand.h
    -- promoting: /local/S/jenkins/workspace/ecg-mayausd-branch-preflight-python3-osx/ecg-maya-usd/maya-usd/lib/mayaUsd/ufe/UsdUndoCreateGroupCommand.h
    -- promoting: /local/S/jenkins/workspace/ecg-mayausd-branch-preflight-python3-osx/ecg-maya-usd/maya-usd/lib/mayaUsd/ufe/UsdUndoInsertChildCommand.h
    -- promoting: /local/S/jenkins/workspace/ecg-mayausd-branch-preflight-python3-osx/ecg-maya-usd/maya-usd/lib/mayaUsd/ufe/UsdUndoReorderCommand.h
    -- promoting: /local/S/jenkins/workspace/ecg-mayausd-branch-preflight-python3-osx/ecg-maya-usd/maya-usd/lib/mayaUsd/ufe/UsdUndoSetKindCommand.h
    -- promoting: /local/S/jenkins/workspace/ecg-mayausd-branch-preflight-python3-osx/ecg-maya-usd/maya-usd/lib/mayaUsd/ufe/UsdUndoVisibleCommand.h
    -- promoting: /local/S/jenkins/workspace/ecg-mayausd-branch-preflight-python3-osx/ecg-maya-usd/maya-usd/lib/mayaUsd/ufe/XformOpUtils.h
    -- promoting: /local/S/jenkins/workspace/ecg-mayausd-branch-preflight-python3-osx/ecg-maya-usd/maya-usd/lib/mayaUsd/ufe/UsdUndoUngroupCommand.h
    -- promoting: /local/S/jenkins/workspace/ecg-mayausd-branch-preflight-python3-osx/ecg-maya-usd/maya-usd/lib/mayaUsd/undo/UsdUndoBlock.h
    -- promoting: /local/S/jenkins/workspace/ecg-mayausd-branch-preflight-python3-osx/ecg-maya-usd/maya-usd/lib/mayaUsd/undo/UsdUndoManager.h
    -- promoting: /local/S/jenkins/workspace/ecg-mayausd-branch-preflight-python3-osx/ecg-maya-usd/maya-usd/lib/mayaUsd/undo/UsdUndoStateDelegate.h
    -- promoting: /local/S/jenkins/workspace/ecg-mayausd-branch-preflight-python3-osx/ecg-maya-usd/maya-usd/lib/mayaUsd/undo/UsdUndoableItem.h
    -- promoting: /local/S/jenkins/workspace/ecg-mayausd-branch-preflight-python3-osx/ecg-maya-usd/maya-usd/lib/mayaUsd/utils/blockSceneModificationContext.h
    -- promoting: /local/S/jenkins/workspace/ecg-mayausd-branch-preflight-python3-osx/ecg-maya-usd/maya-usd/lib/mayaUsd/utils/colorSpace.h
    -- promoting: /local/S/jenkins/workspace/ecg-mayausd-branch-preflight-python3-osx/ecg-maya-usd/maya-usd/lib/mayaUsd/utils/converter.h
    -- promoting: /local/S/jenkins/workspace/ecg-mayausd-branch-preflight-python3-osx/ecg-maya-usd/maya-usd/lib/mayaUsd/utils/diagnosticDelegate.h
    -- promoting: /local/S/jenkins/workspace/ecg-mayausd-branch-preflight-python3-osx/ecg-maya-usd/maya-usd/lib/mayaUsd/utils/query.h
    -- promoting: /local/S/jenkins/workspace/ecg-mayausd-branch-preflight-python3-osx/ecg-maya-usd/maya-usd/lib/mayaUsd/utils/plugRegistryHelper.h
    -- promoting: /local/S/jenkins/workspace/ecg-mayausd-branch-preflight-python3-osx/ecg-maya-usd/maya-usd/lib/mayaUsd/utils/stageCache.h
    -- promoting: /local/S/jenkins/workspace/ecg-mayausd-branch-preflight-python3-osx/ecg-maya-usd/maya-usd/lib/mayaUsd/utils/undoHelperCommand.h
    -- promoting: /local/S/jenkins/workspace/ecg-mayausd-branch-preflight-python3-osx/ecg-maya-usd/maya-usd/lib/mayaUsd/utils/util.h
    -- promoting: /local/S/jenkins/workspace/ecg-mayausd-branch-preflight-python3-osx/ecg-maya-usd/maya-usd/lib/mayaUsd/utils/utilFileSystem.h
    -- promoting: /local/S/jenkins/workspace/ecg-mayausd-branch-preflight-python3-osx/ecg-maya-usd/maya-usd/lib/mayaUsd/utils/utilSerialization.h
    -- promoting: /local/S/jenkins/workspace/ecg-mayausd-branch-preflight-python3-osx/ecg-maya-usd/maya-usd/lib/mayaUsd/utils/hash.h
    -- promoting: /local/S/jenkins/workspace/ecg-mayausd-branch-preflight-python3-osx/ecg-maya-usd/maya-usd/lib/mayaUsd/render/mayaToHydra/utils.h
    -- promoting: /local/S/jenkins/workspace/ecg-mayausd-branch-preflight-python3-osx/ecg-maya-usd/maya-usd/lib/usd/hdMaya/api.h
    -- promoting: /local/S/jenkins/workspace/ecg-mayausd-branch-preflight-python3-osx/ecg-maya-usd/maya-usd/lib/usd/hdMaya/utils.h
    -- promoting: /local/S/jenkins/workspace/ecg-mayausd-branch-preflight-python3-osx/ecg-maya-usd/maya-usd/lib/usd/hdMaya/debugCodes.h
    -- promoting: /local/S/jenkins/workspace/ecg-mayausd-branch-preflight-python3-osx/ecg-maya-usd/maya-usd/lib/usd/hdMaya/adapters/adapter.h
    -- promoting: /local/S/jenkins/workspace/ecg-mayausd-branch-preflight-python3-osx/ecg-maya-usd/maya-usd/lib/usd/hdMaya/adapters/adapterDebugCodes.h
    -- promoting: /local/S/jenkins/workspace/ecg-mayausd-branch-preflight-python3-osx/ecg-maya-usd/maya-usd/lib/usd/hdMaya/adapters/adapterRegistry.h
    -- promoting: /local/S/jenkins/workspace/ecg-mayausd-branch-preflight-python3-osx/ecg-maya-usd/maya-usd/lib/usd/hdMaya/adapters/cameraAdapter.h
    -- promoting: /local/S/jenkins/workspace/ecg-mayausd-branch-preflight-python3-osx/ecg-maya-usd/maya-usd/lib/usd/hdMaya/adapters/constantShadowMatrix.h
    -- promoting: /local/S/jenkins/workspace/ecg-mayausd-branch-preflight-python3-osx/ecg-maya-usd/maya-usd/lib/usd/hdMaya/adapters/dagAdapter.h
    -- promoting: /local/S/jenkins/workspace/ecg-mayausd-branch-preflight-python3-osx/ecg-maya-usd/maya-usd/lib/usd/hdMaya/adapters/lightAdapter.h
    -- promoting: /local/S/jenkins/workspace/ecg-mayausd-branch-preflight-python3-osx/ecg-maya-usd/maya-usd/lib/usd/hdMaya/adapters/proxyAdapter.h
    -- promoting: /local/S/jenkins/workspace/ecg-mayausd-branch-preflight-python3-osx/ecg-maya-usd/maya-usd/lib/usd/hdMaya/adapters/materialAdapter.h
    -- promoting: /local/S/jenkins/workspace/ecg-mayausd-branch-preflight-python3-osx/ecg-maya-usd/maya-usd/lib/usd/hdMaya/adapters/materialNetworkConverter.h
    -- promoting: /local/S/jenkins/workspace/ecg-mayausd-branch-preflight-python3-osx/ecg-maya-usd/maya-usd/lib/usd/hdMaya/adapters/mayaAttrs.h
    -- promoting: /local/S/jenkins/workspace/ecg-mayausd-branch-preflight-python3-osx/ecg-maya-usd/maya-usd/lib/usd/hdMaya/adapters/shapeAdapter.h
    -- promoting: /local/S/jenkins/workspace/ecg-mayausd-branch-preflight-python3-osx/ecg-maya-usd/maya-usd/lib/usd/hdMaya/adapters/tokens.h
    -- promoting: /local/S/jenkins/workspace/ecg-mayausd-branch-preflight-python3-osx/ecg-maya-usd/maya-usd/lib/usd/hdMaya/delegates/delegate.h
    -- promoting: /local/S/jenkins/workspace/ecg-mayausd-branch-preflight-python3-osx/ecg-maya-usd/maya-usd/lib/usd/hdMaya/delegates/delegateCtx.h
    -- promoting: /local/S/jenkins/workspace/ecg-mayausd-branch-preflight-python3-osx/ecg-maya-usd/maya-usd/lib/usd/hdMaya/delegates/delegateDebugCodes.h
    -- promoting: /local/S/jenkins/workspace/ecg-mayausd-branch-preflight-python3-osx/ecg-maya-usd/maya-usd/lib/usd/hdMaya/delegates/delegateRegistry.h
    -- promoting: /local/S/jenkins/workspace/ecg-mayausd-branch-preflight-python3-osx/ecg-maya-usd/maya-usd/lib/usd/hdMaya/delegates/params.h
    -- promoting: /local/S/jenkins/workspace/ecg-mayausd-branch-preflight-python3-osx/ecg-maya-usd/maya-usd/lib/usd/hdMaya/delegates/proxyDelegate.h
    -- promoting: /local/S/jenkins/workspace/ecg-mayausd-branch-preflight-python3-osx/ecg-maya-usd/maya-usd/lib/usd/hdMaya/delegates/proxyUsdImagingDelegate.h
    -- promoting: /local/S/jenkins/workspace/ecg-mayausd-branch-preflight-python3-osx/ecg-maya-usd/maya-usd/lib/usd/hdMaya/delegates/sceneDelegate.h
    -- promoting: /local/S/jenkins/workspace/ecg-mayausd-branch-preflight-python3-osx/ecg-maya-usd/maya-usd/lib/usd/hdMaya/delegates/testDelegate.h
    -- promoting: /local/S/jenkins/workspace/ecg-mayausd-branch-preflight-python3-osx/ecg-maya-usd/maya-usd/lib/usd/pxrUsdPreviewSurface/usdPreviewSurface.h
    -- promoting: /local/S/jenkins/workspace/ecg-mayausd-branch-preflight-python3-osx/ecg-maya-usd/maya-usd/lib/usd/pxrUsdPreviewSurface/usdPreviewSurfacePlugin.h
    -- promoting: /local/S/jenkins/workspace/ecg-mayausd-branch-preflight-python3-osx/ecg-maya-usd/maya-usd/lib/usd/schemas/api.h
    -- promoting: /local/S/jenkins/workspace/ecg-mayausd-branch-preflight-python3-osx/ecg-maya-usd/maya-usd/lib/usd/schemas/ALMayaReference.h
    -- promoting: /local/S/jenkins/workspace/ecg-mayausd-branch-preflight-python3-osx/ecg-maya-usd/maya-usd/lib/usd/schemas/MayaReference.h
    -- promoting: /local/S/jenkins/workspace/ecg-mayausd-branch-preflight-python3-osx/ecg-maya-usd/maya-usd/lib/usd/schemas/tokens.h
    Processing schema classes:
    MayaReference, ALMayaReference
    Loading Templates from /local/S/jenkins/workspace/shared/Artifactory/OSX/USD/cde0c86/lib/usd/usd/resources/codegenTemplates
    Writing API:
    	    wrote /local/S/jenkins/workspace/ecg-mayausd-branch-preflight-python3-osx/build/RelWithDebInfo/lib/usd/schemas/api.h
    Writing Schema Tokens:
    	    wrote /local/S/jenkins/workspace/ecg-mayausd-branch-preflight-python3-osx/build/RelWithDebInfo/lib/usd/schemas/tokens.h
    	    wrote /local/S/jenkins/workspace/ecg-mayausd-branch-preflight-python3-osx/build/RelWithDebInfo/lib/usd/schemas/tokens.cpp
    	    wrote /local/S/jenkins/workspace/ecg-mayausd-branch-preflight-python3-osx/build/RelWithDebInfo/lib/usd/schemas/wrapTokens.cpp
    Generating Classes:
    	    wrote /local/S/jenkins/workspace/ecg-mayausd-branch-preflight-python3-osx/build/RelWithDebInfo/lib/usd/schemas/MayaReference.h
    	    wrote /local/S/jenkins/workspace/ecg-mayausd-branch-preflight-python3-osx/build/RelWithDebInfo/lib/usd/schemas/MayaReference.cpp
    	    wrote /local/S/jenkins/workspace/ecg-mayausd-branch-preflight-python3-osx/build/RelWithDebInfo/lib/usd/schemas/wrapMayaReference.cpp
    	    wrote /local/S/jenkins/workspace/ecg-mayausd-branch-preflight-python3-osx/build/RelWithDebInfo/lib/usd/schemas/ALMayaReference.h
    	    wrote /local/S/jenkins/workspace/ecg-mayausd-branch-preflight-python3-osx/build/RelWithDebInfo/lib/usd/schemas/ALMayaReference.cpp
    	    wrote /local/S/jenkins/workspace/ecg-mayausd-branch-preflight-python3-osx/build/RelWithDebInfo/lib/usd/schemas/wrapALMayaReference.cpp
    Loading Templates from /local/S/jenkins/workspace/shared/Artifactory/OSX/USD/cde0c86/lib/usd/usd/resources/codegenTemplates
    	    wrote /local/S/jenkins/workspace/ecg-mayausd-branch-preflight-python3-osx/build/RelWithDebInfo/lib/usd/schemas/plugInfo.json
    Generating Schematics:
    	    wrote /local/S/jenkins/workspace/ecg-mayausd-branch-preflight-python3-osx/build/RelWithDebInfo/lib/usd/schemas/generatedSchema.usda
    -- promoting: /local/S/jenkins/workspace/ecg-mayausd-branch-preflight-python3-osx/ecg-maya-usd/maya-usd/lib/usd/utils/ALHalf.h
    -- promoting: /local/S/jenkins/workspace/ecg-mayausd-branch-preflight-python3-osx/ecg-maya-usd/maya-usd/lib/usd/utils/Api.h
    -- promoting: /local/S/jenkins/workspace/ecg-mayausd-branch-preflight-python3-osx/ecg-maya-usd/maya-usd/lib/usd/utils/DebugCodes.h
    -- promoting: /local/S/jenkins/workspace/ecg-mayausd-branch-preflight-python3-osx/ecg-maya-usd/maya-usd/lib/usd/utils/DiffCore.h
    -- promoting: /local/S/jenkins/workspace/ecg-mayausd-branch-preflight-python3-osx/ecg-maya-usd/maya-usd/lib/usd/utils/ForwardDeclares.h
    -- promoting: /local/S/jenkins/workspace/ecg-mayausd-branch-preflight-python3-osx/ecg-maya-usd/maya-usd/lib/usd/utils/SIMD.h
    -- promoting: /local/S/jenkins/workspace/ecg-mayausd-branch-preflight-python3-osx/ecg-maya-usd/maya-usd/lib/usd/utils/util.h
    -- promoting: /local/S/jenkins/workspace/ecg-mayausd-branch-preflight-python3-osx/ecg-maya-usd/maya-usd/lib/usd/ui/layerEditor/batchSaveLayersUIDelegate.h
    -- promoting: /local/S/jenkins/workspace/ecg-mayausd-branch-preflight-python3-osx/ecg-maya-usd/maya-usd/lib/usd/ui/importDialog/IMayaMQtUtil.h
    -- promoting: /local/S/jenkins/workspace/ecg-mayausd-branch-preflight-python3-osx/ecg-maya-usd/maya-usd/lib/usd/ui/importDialog/ItemDelegate.h
    -- promoting: /local/S/jenkins/workspace/ecg-mayausd-branch-preflight-python3-osx/ecg-maya-usd/maya-usd/lib/usd/ui/importDialog/IUSDImportView.h
    -- promoting: /local/S/jenkins/workspace/ecg-mayausd-branch-preflight-python3-osx/ecg-maya-usd/maya-usd/lib/usd/ui/importDialog/TreeItem.h
    -- promoting: /local/S/jenkins/workspace/ecg-mayausd-branch-preflight-python3-osx/ecg-maya-usd/maya-usd/lib/usd/ui/importDialog/TreeModel.h
    -- promoting: /local/S/jenkins/workspace/ecg-mayausd-branch-preflight-python3-osx/ecg-maya-usd/maya-usd/lib/usd/ui/importDialog/TreeModelFactory.h
    -- promoting: /local/S/jenkins/workspace/ecg-mayausd-branch-preflight-python3-osx/ecg-maya-usd/maya-usd/lib/usd/ui/importDialog/USDImportDialog.h
    -- promoting: /local/S/jenkins/workspace/ecg-mayausd-branch-preflight-python3-osx/ecg-maya-usd/maya-usd/lib/usd/ui/importDialog/USDImportDialogCmd.h
    -- promoting: /local/S/jenkins/workspace/ecg-mayausd-branch-preflight-python3-osx/ecg-maya-usd/maya-usd/lib/usd/ui/importDialog/USDQtUtil.h
    -- promoting: /local/S/jenkins/workspace/ecg-mayausd-branch-preflight-python3-osx/ecg-maya-usd/maya-usd/lib/usd/ui/api.h
    -- promoting: /local/S/jenkins/workspace/ecg-mayausd-branch-preflight-python3-osx/ecg-maya-usd/maya-usd/lib/usd/ui/initStringResources.h
    ========== Pixar USD Plugin ==========
    Compiling '/local/S/jenkins/workspace/ecg-mayausd-branch-preflight-python3-osx/build/RelWithDebInfo/plugin/pxr/__init__.py'...
    ========== AL USD Plugin ==========
    CMake Deprecation Warning at plugin/al/CMakeLists.txt:7 (cmake_policy):
      The OLD behavior for policy CMP0026 will be removed from a future version
      of CMake.
    
      The cmake-policies(7) manual explains that the OLD behaviors of all
      policies are deprecated and that a policy should be set to OLD only under
      specific short-term circumstances.  Projects should be ported to the NEW
      behavior and not rely on setting a policy to OLD.
    
    
    -- Found Boost 1.70.0 at /local/S/jenkins/workspace/shared/Artifactory/OSX/USD/cde0c86/lib/cmake/Boost-1.70.0
    --   Requested configuration: QUIET REQUIRED
    -- Found boost_headers 1.70.0 at /local/S/jenkins/workspace/shared/Artifactory/OSX/USD/cde0c86/lib/cmake/boost_headers-1.70.0
    -- Boost  found.
    -- Found Boost 1.70.0 at /local/S/jenkins/workspace/shared/Artifactory/OSX/USD/cde0c86/lib/cmake/Boost-1.70.0
    --   Requested configuration: QUIET REQUIRED COMPONENTS python
    -- Found boost_python 1.70.0 at /local/S/jenkins/workspace/shared/Artifactory/OSX/USD/cde0c86/lib/cmake/boost_python-1.70.0
    --   libboost_python37.dylib
    -- Adding boost_python dependencies: headers
    -- Boost  found.
    -- Found Boost components:
       python
    -- Found GTest: /local/S/jenkins/workspace/ecg-mayausd-branch-preflight-python3-osx/build/RelWithDebInfo/googletest-install/lib/libgtest.dylib
    Compiling '/local/S/jenkins/workspace/ecg-mayausd-branch-preflight-python3-osx/build/RelWithDebInfo/plugin/al/lib/AL_USDMaya/lib/python/AL/usdmaya/__init__.py'...
    -- Building AL_USDMayaSchemas
    Processing schema classes:
    ALModelAPI, ALFrameRange
    Loading Templates from /local/S/jenkins/workspace/shared/Artifactory/OSX/USD/cde0c86/lib/usd/usd/resources/codegenTemplates
    Writing API:
    	    wrote /local/S/jenkins/workspace/ecg-mayausd-branch-preflight-python3-osx/build/RelWithDebInfo/plugin/al/schemas/AL/usd/schemas/maya/api.h
    Writing Schema Tokens:
    	    wrote /local/S/jenkins/workspace/ecg-mayausd-branch-preflight-python3-osx/build/RelWithDebInfo/plugin/al/schemas/AL/usd/schemas/maya/tokens.h
    	    wrote /local/S/jenkins/workspace/ecg-mayausd-branch-preflight-python3-osx/build/RelWithDebInfo/plugin/al/schemas/AL/usd/schemas/maya/tokens.cpp
    	    wrote /local/S/jenkins/workspace/ecg-mayausd-branch-preflight-python3-osx/build/RelWithDebInfo/plugin/al/schemas/AL/usd/schemas/maya/wrapTokens.cpp
    Generating Classes:
    	    wrote /local/S/jenkins/workspace/ecg-mayausd-branch-preflight-python3-osx/build/RelWithDebInfo/plugin/al/schemas/AL/usd/schemas/maya/ModelAPI.h
    	    wrote /local/S/jenkins/workspace/ecg-mayausd-branch-preflight-python3-osx/build/RelWithDebInfo/plugin/al/schemas/AL/usd/schemas/maya/ModelAPI.cpp
    	    wrote /local/S/jenkins/workspace/ecg-mayausd-branch-preflight-python3-osx/build/RelWithDebInfo/plugin/al/schemas/AL/usd/schemas/maya/wrapModelAPI.cpp
    	    wrote /local/S/jenkins/workspace/ecg-mayausd-branch-preflight-python3-osx/build/RelWithDebInfo/plugin/al/schemas/AL/usd/schemas/maya/FrameRange.h
    	    wrote /local/S/jenkins/workspace/ecg-mayausd-branch-preflight-python3-osx/build/RelWithDebInfo/plugin/al/schemas/AL/usd/schemas/maya/FrameRange.cpp
    	    wrote /local/S/jenkins/workspace/ecg-mayausd-branch-preflight-python3-osx/build/RelWithDebInfo/plugin/al/schemas/AL/usd/schemas/maya/wrapFrameRange.cpp
    Loading Templates from /local/S/jenkins/workspace/shared/Artifactory/OSX/USD/cde0c86/lib/usd/usd/resources/codegenTemplates
    	    wrote /local/S/jenkins/workspace/ecg-mayausd-branch-preflight-python3-osx/build/RelWithDebInfo/plugin/al/schemas/AL/usd/schemas/maya/plugInfo.json
    Generating Schematics:
    	    wrote /local/S/jenkins/workspace/ecg-mayausd-branch-preflight-python3-osx/build/RelWithDebInfo/plugin/al/schemas/AL/usd/schemas/maya/generatedSchema.usda
    Compiling '/local/S/jenkins/workspace/ecg-mayausd-branch-preflight-python3-osx/build/RelWithDebInfo/AL/usd/schemas/maya/__init__.py'...
    Compiling '/local/S/jenkins/workspace/ecg-mayausd-branch-preflight-python3-osx/build/RelWithDebInfo/AL/__init__.py'...
    Compiling '/local/S/jenkins/workspace/ecg-mayausd-branch-preflight-python3-osx/build/RelWithDebInfo/AL/usd/__init__.py'...
    Compiling '/local/S/jenkins/workspace/ecg-mayausd-branch-preflight-python3-osx/build/RelWithDebInfo/AL/usd/schemas/__init__.py'...
    Processing schema classes:
    ALExamplePolyCubeNode
    Loading Templates from /local/S/jenkins/workspace/shared/Artifactory/OSX/USD/cde0c86/lib/usd/usd/resources/codegenTemplates
    Writing API:
    	    wrote /local/S/jenkins/workspace/ecg-mayausd-branch-preflight-python3-osx/build/RelWithDebInfo/plugin/al/schemas/AL/usd/schemas/mayatest/api.h
    Writing Schema Tokens:
    	    wrote /local/S/jenkins/workspace/ecg-mayausd-branch-preflight-python3-osx/build/RelWithDebInfo/plugin/al/schemas/AL/usd/schemas/mayatest/tokens.h
    	    wrote /local/S/jenkins/workspace/ecg-mayausd-branch-preflight-python3-osx/build/RelWithDebInfo/plugin/al/schemas/AL/usd/schemas/mayatest/tokens.cpp
    	    wrote /local/S/jenkins/workspace/ecg-mayausd-branch-preflight-python3-osx/build/RelWithDebInfo/plugin/al/schemas/AL/usd/schemas/mayatest/wrapTokens.cpp
    Generating Classes:
    	    wrote /local/S/jenkins/workspace/ecg-mayausd-branch-preflight-python3-osx/build/RelWithDebInfo/plugin/al/schemas/AL/usd/schemas/mayatest/ExamplePolyCubeNode.h
    	    wrote /local/S/jenkins/workspace/ecg-mayausd-branch-preflight-python3-osx/build/RelWithDebInfo/plugin/al/schemas/AL/usd/schemas/mayatest/ExamplePolyCubeNode.cpp
    	    wrote /local/S/jenkins/workspace/ecg-mayausd-branch-preflight-python3-osx/build/RelWithDebInfo/plugin/al/schemas/AL/usd/schemas/mayatest/wrapExamplePolyCubeNode.cpp
    Loading Templates from /local/S/jenkins/workspace/shared/Artifactory/OSX/USD/cde0c86/lib/usd/usd/resources/codegenTemplates
    	    wrote /local/S/jenkins/workspace/ecg-mayausd-branch-preflight-python3-osx/build/RelWithDebInfo/plugin/al/schemas/AL/usd/schemas/mayatest/plugInfo.json
    Generating Schematics:
    	    wrote /local/S/jenkins/workspace/ecg-mayausd-branch-preflight-python3-osx/build/RelWithDebInfo/plugin/al/schemas/AL/usd/schemas/mayatest/generatedSchema.usda
    Compiling '/local/S/jenkins/workspace/ecg-mayausd-branch-preflight-python3-osx/build/RelWithDebInfo/AL/usd/schemas/mayatest/__init__.py'...
    -- Building AL_USDMayaTranslators
    ========== ADSK USD Plugin ==========
    -- Configuring done
    CMake Warning at test/lib/usd/plugin/CMakeLists.txt:74 (add_library):
      Cannot generate a safe runtime search path for target usdTestUsdPlugin
      because there is a cycle in the constraint graph:
    
        dir 0 is [/local/S/jenkins/workspace/ecg-mayausd-branch-preflight-python3-osx/build/RelWithDebInfo/lib/mayaUsd]
        dir 1 is [/local/S/jenkins/workspace/shared/Artifactory/OSX/USD/cde0c86/lib]
          dir 3 must precede it due to runtime library [libtbb.dylib]
        dir 2 is [/local/S/jenkins/workspace/shared/Artifactory/OSX/rundev-master/202107070915/runtime/bd7a1b1/devkitBase/devkit/ufe/lib]
        dir 3 is [/local/S/jenkins/workspace/shared/Artifactory/OSX/rundev-master/202107070915/runtime/bd7a1b1/runTime/Maya.app/Contents/MacOS]
          dir 1 must precede it due to runtime library [libosdCPU.dylib]
          dir 2 must precede it due to runtime library [libufe_0.dylib]
        dir 4 is [/local/S/jenkins/workspace/ecg-mayausd-branch-preflight-python3-osx/build/RelWithDebInfo/lib/usd/utils]
    
      Some of these libraries may not be found correctly.
    
    
    CMake Warning at test/lib/usd/plugin/CMakeLists.txt:18 (add_library):
      Cannot generate a safe runtime search path for target usdTestMayaPlugin
      because there is a cycle in the constraint graph:
    
        dir 0 is [/local/S/jenkins/workspace/ecg-mayausd-branch-preflight-python3-osx/build/RelWithDebInfo/lib/mayaUsd]
        dir 1 is [/local/S/jenkins/workspace/shared/Artifactory/OSX/USD/cde0c86/lib]
          dir 3 must precede it due to runtime library [libtbb.dylib]
        dir 2 is [/local/S/jenkins/workspace/shared/Artifactory/OSX/rundev-master/202107070915/runtime/bd7a1b1/devkitBase/devkit/ufe/lib]
        dir 3 is [/local/S/jenkins/workspace/shared/Artifactory/OSX/rundev-master/202107070915/runtime/bd7a1b1/runTime/Maya.app/Contents/MacOS]
          dir 1 must precede it due to runtime library [libosdCPU.dylib]
          dir 2 must precede it due to runtime library [libufe_0.dylib]
        dir 4 is [/local/S/jenkins/workspace/ecg-mayausd-branch-preflight-python3-osx/build/RelWithDebInfo/lib/usd/utils]
    
      Some of these libraries may not be found correctly.
    
    
    CMake Warning at test/lib/usd/plugin/CMakeLists.txt:139 (add_library):
      Cannot generate a safe runtime search path for target
      usdTestInfoImportChaser because there is a cycle in the constraint graph:
    
        dir 0 is [/local/S/jenkins/workspace/ecg-mayausd-branch-preflight-python3-osx/build/RelWithDebInfo/lib/mayaUsd]
        dir 1 is [/local/S/jenkins/workspace/shared/Artifactory/OSX/USD/cde0c86/lib]
          dir 3 must precede it due to runtime library [libtbb.dylib]
        dir 2 is [/local/S/jenkins/workspace/shared/Artifactory/OSX/rundev-master/202107070915/runtime/bd7a1b1/devkitBase/devkit/ufe/lib]
        dir 3 is [/local/S/jenkins/workspace/shared/Artifactory/OSX/rundev-master/202107070915/runtime/bd7a1b1/runTime/Maya.app/Contents/MacOS]
          dir 1 must precede it due to runtime library [libosdCPU.dylib]
          dir 2 must precede it due to runtime library [libufe_0.dylib]
        dir 4 is [/local/S/jenkins/workspace/ecg-mayausd-branch-preflight-python3-osx/build/RelWithDebInfo/lib/usd/utils]
    
      Some of these libraries may not be found correctly.
    
    
    CMake Warning at lib/mayaUsd/CMakeLists.txt:18 (add_library):
      Cannot generate a safe runtime search path for target mayaUsd because there
      is a cycle in the constraint graph:
    
        dir 0 is [/local/S/jenkins/workspace/shared/Artifactory/OSX/USD/cde0c86/lib]
          dir 2 must precede it due to runtime library [libtbb.dylib]
        dir 1 is [/local/S/jenkins/workspace/shared/Artifactory/OSX/rundev-master/202107070915/runtime/bd7a1b1/devkitBase/devkit/ufe/lib]
        dir 2 is [/local/S/jenkins/workspace/shared/Artifactory/OSX/rundev-master/202107070915/runtime/bd7a1b1/runTime/Maya.app/Contents/MacOS]
          dir 0 must precede it due to runtime library [libosdCPU.dylib]
          dir 1 must precede it due to runtime library [libufe_0.dylib]
        dir 3 is [/local/S/jenkins/workspace/ecg-mayausd-branch-preflight-python3-osx/build/RelWithDebInfo/lib/usd/utils]
    
      Some of these libraries may not be found correctly.
    
    
    CMake Warning at lib/mayaUsd/python/CMakeLists.txt:20 (add_library):
      Cannot generate a safe runtime search path for target _mayaUsd because
      there is a cycle in the constraint graph:
    
        dir 0 is [/local/S/jenkins/workspace/ecg-mayausd-branch-preflight-python3-osx/build/RelWithDebInfo/lib/mayaUsd]
        dir 1 is [/local/S/jenkins/workspace/shared/Artifactory/OSX/USD/cde0c86/lib]
          dir 3 must precede it due to runtime library [libtbb.dylib]
        dir 2 is [/local/S/jenkins/workspace/shared/Artifactory/OSX/rundev-master/202107070915/runtime/bd7a1b1/devkitBase/devkit/ufe/lib]
        dir 3 is [/local/S/jenkins/workspace/shared/Artifactory/OSX/rundev-master/202107070915/runtime/bd7a1b1/runTime/Maya.app/Contents/MacOS]
          dir 1 must precede it due to runtime library [libosdCPU.dylib]
          dir 2 must precede it due to runtime library [libufe_0.dylib]
        dir 4 is [/local/S/jenkins/workspace/ecg-mayausd-branch-preflight-python3-osx/build/RelWithDebInfo/lib/usd/utils]
    
      Some of these libraries may not be found correctly.
    
    
    CMake Warning at lib/mayaUsd/ufe/CMakeLists.txt:177 (add_library):
      Cannot generate a safe runtime search path for target _ufe because there is
      a cycle in the constraint graph:
    
        dir 0 is [/local/S/jenkins/workspace/ecg-mayausd-branch-preflight-python3-osx/build/RelWithDebInfo/lib/mayaUsd]
        dir 1 is [/local/S/jenkins/workspace/shared/Artifactory/OSX/USD/cde0c86/lib]
          dir 3 must precede it due to runtime library [libtbb.dylib]
        dir 2 is [/local/S/jenkins/workspace/shared/Artifactory/OSX/rundev-master/202107070915/runtime/bd7a1b1/devkitBase/devkit/ufe/lib]
        dir 3 is [/local/S/jenkins/workspace/shared/Artifactory/OSX/rundev-master/202107070915/runtime/bd7a1b1/runTime/Maya.app/Contents/MacOS]
          dir 1 must precede it due to runtime library [libosdCPU.dylib]
          dir 2 must precede it due to runtime library [libufe_0.dylib]
        dir 4 is [/local/S/jenkins/workspace/ecg-mayausd-branch-preflight-python3-osx/build/RelWithDebInfo/lib/usd/utils]
    
      Some of these libraries may not be found correctly.
    
    
    CMake Warning at lib/mayaUsd/render/mayaToHydra/CMakeLists.txt:3 (add_library):
      Cannot generate a safe runtime search path for target mtoh because there is
      a cycle in the constraint graph:
    
        dir 0 is [/local/S/jenkins/workspace/ecg-mayausd-branch-preflight-python3-osx/build/RelWithDebInfo/lib/usd/hdMaya]
        dir 1 is [/local/S/jenkins/workspace/ecg-mayausd-branch-preflight-python3-osx/build/RelWithDebInfo/lib/mayaUsd]
        dir 2 is [/local/S/jenkins/workspace/shared/Artifactory/OSX/USD/cde0c86/lib]
          dir 4 must precede it due to runtime library [libtbb.dylib]
        dir 3 is [/local/S/jenkins/workspace/shared/Artifactory/OSX/rundev-master/202107070915/runtime/bd7a1b1/devkitBase/devkit/ufe/lib]
        dir 4 is [/local/S/jenkins/workspace/shared/Artifactory/OSX/rundev-master/202107070915/runtime/bd7a1b1/runTime/Maya.app/Contents/MacOS]
          dir 2 must precede it due to runtime library [libosdCPU.dylib]
          dir 3 must precede it due to runtime library [libufe_0.dylib]
        dir 5 is [/local/S/jenkins/workspace/ecg-mayausd-branch-preflight-python3-osx/build/RelWithDebInfo/lib/usd/utils]
    
      Some of these libraries may not be found correctly.
    
    
    CMake Warning at lib/usd/hdMaya/CMakeLists.txt:3 (add_library):
      Cannot generate a safe runtime search path for target hdMaya because there
      is a cycle in the constraint graph:
    
        dir 0 is [/local/S/jenkins/workspace/ecg-mayausd-branch-preflight-python3-osx/build/RelWithDebInfo/lib/mayaUsd]
        dir 1 is [/local/S/jenkins/workspace/shared/Artifactory/OSX/USD/cde0c86/lib]
          dir 3 must precede it due to runtime library [libtbb.dylib]
        dir 2 is [/local/S/jenkins/workspace/shared/Artifactory/OSX/rundev-master/202107070915/runtime/bd7a1b1/devkitBase/devkit/ufe/lib]
        dir 3 is [/local/S/jenkins/workspace/shared/Artifactory/OSX/rundev-master/202107070915/runtime/bd7a1b1/runTime/Maya.app/Contents/MacOS]
          dir 1 must precede it due to runtime library [libosdCPU.dylib]
          dir 2 must precede it due to runtime library [libufe_0.dylib]
        dir 4 is [/local/S/jenkins/workspace/ecg-mayausd-branch-preflight-python3-osx/build/RelWithDebInfo/lib/usd/utils]
    
      Some of these libraries may not be found correctly.
    
    
    CMake Warning at lib/usd/pxrUsdPreviewSurface/CMakeLists.txt:26 (add_library):
      Cannot generate a safe runtime search path for target
      basePxrUsdPreviewSurface because there is a cycle in the constraint graph:
    
        dir 0 is [/local/S/jenkins/workspace/shared/Artifactory/OSX/rundev-master/202107070915/runtime/bd7a1b1/runTime/Maya.app/Contents/MacOS]
          dir 2 must precede it due to runtime library [libosdCPU.dylib]
          dir 3 must precede it due to runtime library [libufe_0.dylib]
        dir 1 is [/local/S/jenkins/workspace/ecg-mayausd-branch-preflight-python3-osx/build/RelWithDebInfo/lib/mayaUsd]
        dir 2 is [/local/S/jenkins/workspace/shared/Artifactory/OSX/USD/cde0c86/lib]
          dir 0 must precede it due to runtime library [libtbb.dylib]
        dir 3 is [/local/S/jenkins/workspace/shared/Artifactory/OSX/rundev-master/202107070915/runtime/bd7a1b1/devkitBase/devkit/ufe/lib]
        dir 4 is [/local/S/jenkins/workspace/ecg-mayausd-branch-preflight-python3-osx/build/RelWithDebInfo/lib/usd/utils]
    
      Some of these libraries may not be found correctly.
    
    
    CMake Warning at lib/usd/translators/CMakeLists.txt:11 (add_library):
      Cannot generate a safe runtime search path for target mayaUsd_Translators
      because there is a cycle in the constraint graph:
    
        dir 0 is [/local/S/jenkins/workspace/shared/Artifactory/OSX/rundev-master/202107070915/runtime/bd7a1b1/runTime/Maya.app/Contents/MacOS]
          dir 4 must precede it due to runtime library [libosdCPU.dylib]
          dir 5 must precede it due to runtime library [libufe_0.dylib]
        dir 1 is [/local/S/jenkins/workspace/ecg-mayausd-branch-preflight-python3-osx/build/RelWithDebInfo/lib/usd/schemas]
        dir 2 is [/local/S/jenkins/workspace/ecg-mayausd-branch-preflight-python3-osx/build/RelWithDebInfo/lib/usd/pxrUsdPreviewSurface]
        dir 3 is [/local/S/jenkins/workspace/ecg-mayausd-branch-preflight-python3-osx/build/RelWithDebInfo/lib/mayaUsd]
        dir 4 is [/local/S/jenkins/workspace/shared/Artifactory/OSX/USD/cde0c86/lib]
          dir 0 must precede it due to runtime library [libtbb.dylib]
        dir 5 is [/local/S/jenkins/workspace/shared/Artifactory/OSX/rundev-master/202107070915/runtime/bd7a1b1/devkitBase/devkit/ufe/lib]
        dir 6 is [/local/S/jenkins/workspace/ecg-mayausd-branch-preflight-python3-osx/build/RelWithDebInfo/lib/usd/utils]
    
      Some of these libraries may not be found correctly.
    
    
    CMake Warning at lib/usd/ui/CMakeLists.txt:23 (add_library):
      Cannot generate a safe runtime search path for target mayaUsdUI because
      there is a cycle in the constraint graph:
    
        dir 0 is [/local/S/jenkins/workspace/ecg-mayausd-branch-preflight-python3-osx/build/RelWithDebInfo/lib/mayaUsd]
        dir 1 is [/local/S/jenkins/workspace/shared/Artifactory/OSX/qt/5.15.2/06692ed/lib]
        dir 2 is [/local/S/jenkins/workspace/shared/Artifactory/OSX/USD/cde0c86/lib]
          dir 4 must precede it due to runtime library [libtbb.dylib]
        dir 3 is [/local/S/jenkins/workspace/shared/Artifactory/OSX/rundev-master/202107070915/runtime/bd7a1b1/devkitBase/devkit/ufe/lib]
        dir 4 is [/local/S/jenkins/workspace/shared/Artifactory/OSX/rundev-master/202107070915/runtime/bd7a1b1/runTime/Maya.app/Contents/MacOS]
          dir 1 must precede it due to runtime library [libQt5Widgets.5.15.2.dylib]
          dir 2 must precede it due to runtime library [libosdCPU.dylib]
          dir 3 must precede it due to runtime library [libufe_0.dylib]
        dir 5 is [/local/S/jenkins/workspace/ecg-mayausd-branch-preflight-python3-osx/build/RelWithDebInfo/lib/usd/utils]
    
      Some of these libraries may not be found correctly.
    
    
    CMake Warning at lib/usd/ui/importDialogDemo/CMakeLists.txt:18 (add_executable):
      Cannot generate a safe runtime search path for target testMayaUsdUI because
      there is a cycle in the constraint graph:
    
        dir 0 is [/local/S/jenkins/workspace/ecg-mayausd-branch-preflight-python3-osx/build/RelWithDebInfo/lib/usd/ui]
        dir 1 is [/local/S/jenkins/workspace/shared/Artifactory/OSX/qt/5.15.2/06692ed/lib]
        dir 2 is [/local/S/jenkins/workspace/ecg-mayausd-branch-preflight-python3-osx/build/RelWithDebInfo/lib/mayaUsd]
        dir 3 is [/local/S/jenkins/workspace/shared/Artifactory/OSX/USD/cde0c86/lib]
          dir 5 must precede it due to runtime library [libtbb.dylib]
        dir 4 is [/local/S/jenkins/workspace/shared/Artifactory/OSX/rundev-master/202107070915/runtime/bd7a1b1/devkitBase/devkit/ufe/lib]
        dir 5 is [/local/S/jenkins/workspace/shared/Artifactory/OSX/rundev-master/202107070915/runtime/bd7a1b1/runTime/Maya.app/Contents/MacOS]
          dir 1 must precede it due to runtime library [libQt5Widgets.5.15.2.dylib]
          dir 3 must precede it due to runtime library [libosdCPU.dylib]
          dir 4 must precede it due to runtime library [libufe_0.dylib]
        dir 6 is [/local/S/jenkins/workspace/ecg-mayausd-branch-preflight-python3-osx/build/RelWithDebInfo/lib/usd/utils]
    
      Some of these libraries may not be found correctly.
    
    
    CMake Warning at plugin/pxr/cmake/macros/Private.cmake:1060 (add_library):
      Cannot generate a safe runtime search path for target usdMaya because there
      is a cycle in the constraint graph:
    
        dir 0 is [/local/S/jenkins/workspace/ecg-mayausd-branch-preflight-python3-osx/build/RelWithDebInfo/lib/mayaUsd]
        dir 1 is [/local/S/jenkins/workspace/shared/Artifactory/OSX/USD/cde0c86/lib]
          dir 3 must precede it due to runtime library [libtbb.dylib]
        dir 2 is [/local/S/jenkins/workspace/shared/Artifactory/OSX/rundev-master/202107070915/runtime/bd7a1b1/devkitBase/devkit/ufe/lib]
        dir 3 is [/local/S/jenkins/workspace/shared/Artifactory/OSX/rundev-master/202107070915/runtime/bd7a1b1/runTime/Maya.app/Contents/MacOS]
          dir 1 must precede it due to runtime library [libosdCPU.dylib]
          dir 2 must precede it due to runtime library [libufe_0.dylib]
        dir 4 is [/local/S/jenkins/workspace/ecg-mayausd-branch-preflight-python3-osx/build/RelWithDebInfo/lib/usd/utils]
    
      Some of these libraries may not be found correctly.
    Call Stack (most recent call first):
      plugin/pxr/cmake/macros/Public.cmake:131 (_pxr_library)
      plugin/pxr/cmake/macros/Public.cmake:162 (pxr_library)
      plugin/pxr/maya/lib/usdMaya/CMakeLists.txt:3 (pxr_shared_library)
    
    
    CMake Warning at plugin/pxr/cmake/macros/Private.cmake:842 (add_library):
      Cannot generate a safe runtime search path for target _usdMaya because
      there is a cycle in the constraint graph:
    
        dir 0 is [/local/S/jenkins/workspace/ecg-mayausd-branch-preflight-python3-osx/build/RelWithDebInfo/plugin/pxr/maya/lib/usdMaya]
        dir 1 is [/local/S/jenkins/workspace/ecg-mayausd-branch-preflight-python3-osx/build/RelWithDebInfo/lib/mayaUsd]
        dir 2 is [/local/S/jenkins/workspace/shared/Artifactory/OSX/USD/cde0c86/lib]
          dir 4 must precede it due to runtime library [libtbb.dylib]
        dir 3 is [/local/S/jenkins/workspace/shared/Artifactory/OSX/rundev-master/202107070915/runtime/bd7a1b1/devkitBase/devkit/ufe/lib]
        dir 4 is [/local/S/jenkins/workspace/shared/Artifactory/OSX/rundev-master/202107070915/runtime/bd7a1b1/runTime/Maya.app/Contents/MacOS]
          dir 2 must precede it due to runtime library [libosdCPU.dylib]
          dir 3 must precede it due to runtime library [libufe_0.dylib]
        dir 5 is [/local/S/jenkins/workspace/ecg-mayausd-branch-preflight-python3-osx/build/RelWithDebInfo/lib/usd/utils]
    
      Some of these libraries may not be found correctly.
    Call Stack (most recent call first):
      plugin/pxr/cmake/macros/Public.cmake:148 (_pxr_python_module)
      plugin/pxr/cmake/macros/Public.cmake:162 (pxr_library)
      plugin/pxr/maya/lib/usdMaya/CMakeLists.txt:3 (pxr_shared_library)
    
    
    CMake Warning at plugin/pxr/cmake/macros/Private.cmake:1060 (add_library):
      Cannot generate a safe runtime search path for target pxrUsd because there
      is a cycle in the constraint graph:
    
        dir 0 is [/local/S/jenkins/workspace/ecg-mayausd-branch-preflight-python3-osx/build/RelWithDebInfo/plugin/pxr/maya/lib/usdMaya]
        dir 1 is [/local/S/jenkins/workspace/shared/Artifactory/OSX/rundev-master/202107070915/runtime/bd7a1b1/devkitBase/devkit/ufe/lib]
        dir 2 is [/local/S/jenkins/workspace/ecg-mayausd-branch-preflight-python3-osx/build/RelWithDebInfo/lib/mayaUsd]
        dir 3 is [/local/S/jenkins/workspace/shared/Artifactory/OSX/USD/cde0c86/lib]
          dir 4 must precede it due to runtime library [libtbb.dylib]
        dir 4 is [/local/S/jenkins/workspace/shared/Artifactory/OSX/rundev-master/202107070915/runtime/bd7a1b1/runTime/Maya.app/Contents/MacOS]
          dir 1 must precede it due to runtime library [libufe_0.dylib]
          dir 3 must precede it due to runtime library [libosdCPU.dylib]
        dir 5 is [/local/S/jenkins/workspace/ecg-mayausd-branch-preflight-python3-osx/build/RelWithDebInfo/lib/usd/utils]
    
      Some of these libraries may not be found correctly.
    Call Stack (most recent call first):
      plugin/pxr/cmake/macros/Public.cmake:131 (_pxr_library)
      plugin/pxr/cmake/macros/Public.cmake:166 (pxr_library)
      plugin/pxr/maya/plugin/pxrUsd/CMakeLists.txt:3 (pxr_plugin)
    
    
    CMake Warning at plugin/pxr/cmake/macros/Private.cmake:1060 (add_library):
      Cannot generate a safe runtime search path for target pxrUsdPreviewSurface
      because there is a cycle in the constraint graph:
    
        dir 0 is [/local/S/jenkins/workspace/ecg-mayausd-branch-preflight-python3-osx/build/RelWithDebInfo/lib/usd/pxrUsdPreviewSurface]
        dir 1 is [/local/S/jenkins/workspace/ecg-mayausd-branch-preflight-python3-osx/build/RelWithDebInfo/lib/mayaUsd]
        dir 2 is [/local/S/jenkins/workspace/shared/Artifactory/OSX/USD/cde0c86/lib]
          dir 4 must precede it due to runtime library [libtbb.dylib]
        dir 3 is [/local/S/jenkins/workspace/shared/Artifactory/OSX/rundev-master/202107070915/runtime/bd7a1b1/devkitBase/devkit/ufe/lib]
        dir 4 is [/local/S/jenkins/workspace/shared/Artifactory/OSX/rundev-master/202107070915/runtime/bd7a1b1/runTime/Maya.app/Contents/MacOS]
          dir 2 must precede it due to runtime library [libosdCPU.dylib]
          dir 3 must precede it due to runtime library [libufe_0.dylib]
        dir 5 is [/local/S/jenkins/workspace/ecg-mayausd-branch-preflight-python3-osx/build/RelWithDebInfo/lib/usd/utils]
    
      Some of these libraries may not be found correctly.
    Call Stack (most recent call first):
      plugin/pxr/cmake/macros/Public.cmake:131 (_pxr_library)
      plugin/pxr/cmake/macros/Public.cmake:166 (pxr_library)
      plugin/pxr/maya/plugin/pxrUsdPreviewSurface/CMakeLists.txt:3 (pxr_plugin)
    
    
    CMake Warning at plugin/al/mayatest/AL/maya/test/CMakeLists.txt:13 (add_library):
      Cannot generate a safe runtime search path for target AL_MayaTest because
      there is a cycle in the constraint graph:
    
        dir 0 is [/local/S/jenkins/workspace/ecg-mayausd-branch-preflight-python3-osx/build/RelWithDebInfo/googletest-install/lib]
        dir 1 is [/local/S/jenkins/workspace/shared/Artifactory/OSX/rundev-master/202107070915/runtime/bd7a1b1/runTime/Maya.app/Contents/MacOS]
          dir 2 must precede it due to runtime library [libtbb.dylib]
        dir 2 is [/local/S/jenkins/workspace/shared/Artifactory/OSX/USD/cde0c86/lib]
          dir 1 must precede it due to runtime library [libtbb.dylib]
    
      Some of these libraries may not be found correctly.
    
    
    CMake Warning at plugin/al/mayautils/AL/maya/tests/mayaplugintest/CMakeLists.txt:5 (add_library):
      Cannot generate a safe runtime search path for target AL_MayaUtilsTests
      because there is a cycle in the constraint graph:
    
        dir 0 is [/local/S/jenkins/workspace/ecg-mayausd-branch-preflight-python3-osx/build/RelWithDebInfo/googletest-install/lib]
        dir 1 is [/local/S/jenkins/workspace/ecg-mayausd-branch-preflight-python3-osx/build/RelWithDebInfo/plugin/al/mayatest/AL/maya/test]
        dir 2 is [/local/S/jenkins/workspace/ecg-mayausd-branch-preflight-python3-osx/build/RelWithDebInfo/plugin/al/mayautils/AL/maya]
        dir 3 is [/local/S/jenkins/workspace/shared/Artifactory/OSX/rundev-master/202107070915/runtime/bd7a1b1/runTime/Maya.app/Contents/MacOS]
          dir 6 must precede it due to runtime library [libtbb.dylib]
        dir 4 is [/local/S/jenkins/workspace/ecg-mayausd-branch-preflight-python3-osx/build/RelWithDebInfo/plugin/al/utils/AL]
        dir 5 is [/local/S/jenkins/workspace/ecg-mayausd-branch-preflight-python3-osx/build/RelWithDebInfo/lib/usd/utils]
        dir 6 is [/local/S/jenkins/workspace/shared/Artifactory/OSX/USD/cde0c86/lib]
          dir 3 must precede it due to runtime library [libtbb.dylib]
    
      Some of these libraries may not be found correctly.
    
    
    CMake Warning at plugin/al/lib/AL_USDMaya/CMakeLists.txt:242 (add_library):
      Cannot generate a safe runtime search path for target _AL_USDMaya because
      there is a cycle in the constraint graph:
    
        dir 0 is [/local/S/jenkins/workspace/ecg-mayausd-branch-preflight-python3-osx/build/RelWithDebInfo/plugin/al/lib/AL_USDMaya]
        dir 1 is [/local/S/jenkins/workspace/ecg-mayausd-branch-preflight-python3-osx/build/RelWithDebInfo/plugin/al/usdmayautils/AL/usdmaya/utils]
        dir 2 is [/local/S/jenkins/workspace/ecg-mayausd-branch-preflight-python3-osx/build/RelWithDebInfo/plugin/al/mayautils/AL/maya]
        dir 3 is [/local/S/jenkins/workspace/ecg-mayausd-branch-preflight-python3-osx/build/RelWithDebInfo/plugin/al/utils/AL]
        dir 4 is [/local/S/jenkins/workspace/ecg-mayausd-branch-preflight-python3-osx/build/RelWithDebInfo/plugin/al/usdtransaction/AL/usd/transaction]
        dir 5 is [/local/S/jenkins/workspace/ecg-mayausd-branch-preflight-python3-osx/build/RelWithDebInfo/lib/mayaUsd]
        dir 6 is [/local/S/jenkins/workspace/ecg-mayausd-branch-preflight-python3-osx/build/RelWithDebInfo/lib/usd/utils]
        dir 7 is [/local/S/jenkins/workspace/shared/Artifactory/OSX/USD/cde0c86/lib]
          dir 8 must precede it due to runtime library [libtbb.dylib]
        dir 8 is [/local/S/jenkins/workspace/shared/Artifactory/OSX/rundev-master/202107070915/runtime/bd7a1b1/runTime/Maya.app/Contents/MacOS]
          dir 7 must precede it due to runtime library [libosdCPU.dylib]
          dir 9 must precede it due to runtime library [libufe_0.dylib]
        dir 9 is [/local/S/jenkins/workspace/shared/Artifactory/OSX/rundev-master/202107070915/runtime/bd7a1b1/devkitBase/devkit/ufe/lib]
    
      Some of these libraries may not be found correctly.
    
    
    CMake Warning at plugin/al/lib/AL_USDMaya/CMakeLists.txt:154 (add_library):
      Cannot generate a safe runtime search path for target AL_USDMaya because
      there is a cycle in the constraint graph:
    
        dir 0 is [/local/S/jenkins/workspace/ecg-mayausd-branch-preflight-python3-osx/build/RelWithDebInfo/plugin/al/usdmayautils/AL/usdmaya/utils]
        dir 1 is [/local/S/jenkins/workspace/ecg-mayausd-branch-preflight-python3-osx/build/RelWithDebInfo/plugin/al/mayautils/AL/maya]
        dir 2 is [/local/S/jenkins/workspace/ecg-mayausd-branch-preflight-python3-osx/build/RelWithDebInfo/plugin/al/usdtransaction/AL/usd/transaction]
        dir 3 is [/local/S/jenkins/workspace/ecg-mayausd-branch-preflight-python3-osx/build/RelWithDebInfo/lib/mayaUsd]
        dir 4 is [/local/S/jenkins/workspace/shared/Artifactory/OSX/rundev-master/202107070915/runtime/bd7a1b1/devkitBase/devkit/ufe/lib]
        dir 5 is [/local/S/jenkins/workspace/ecg-mayausd-branch-preflight-python3-osx/build/RelWithDebInfo/plugin/al/utils/AL]
        dir 6 is [/local/S/jenkins/workspace/ecg-mayausd-branch-preflight-python3-osx/build/RelWithDebInfo/lib/usd/utils]
        dir 7 is [/local/S/jenkins/workspace/shared/Artifactory/OSX/USD/cde0c86/lib]
          dir 8 must precede it due to runtime library [libtbb.dylib]
        dir 8 is [/local/S/jenkins/workspace/shared/Artifactory/OSX/rundev-master/202107070915/runtime/bd7a1b1/runTime/Maya.app/Contents/MacOS]
          dir 4 must precede it due to runtime library [libufe_0.dylib]
          dir 7 must precede it due to runtime library [libosdCPU.dylib]
    
      Some of these libraries may not be found correctly.
    
    
    CMake Warning at plugin/al/plugin/AL_USDMayaPlugin/CMakeLists.txt:3 (add_library):
      Cannot generate a safe runtime search path for target AL_USDMayaPlugin
      because there is a cycle in the constraint graph:
    
        dir 0 is [/local/S/jenkins/workspace/ecg-mayausd-branch-preflight-python3-osx/build/RelWithDebInfo/plugin/al/lib/AL_USDMaya]
        dir 1 is [/local/S/jenkins/workspace/shared/Artifactory/OSX/rundev-master/202107070915/runtime/bd7a1b1/runTime/Maya.app/Contents/MacOS]
          dir 7 must precede it due to runtime library [libosdCPU.dylib]
          dir 9 must precede it due to runtime library [libufe_0.dylib]
        dir 2 is [/local/S/jenkins/workspace/ecg-mayausd-branch-preflight-python3-osx/build/RelWithDebInfo/plugin/al/usdmayautils/AL/usdmaya/utils]
        dir 3 is [/local/S/jenkins/workspace/ecg-mayausd-branch-preflight-python3-osx/build/RelWithDebInfo/plugin/al/mayautils/AL/maya]
        dir 4 is [/local/S/jenkins/workspace/ecg-mayausd-branch-preflight-python3-osx/build/RelWithDebInfo/plugin/al/utils/AL]
        dir 5 is [/local/S/jenkins/workspace/ecg-mayausd-branch-preflight-python3-osx/build/RelWithDebInfo/plugin/al/usdtransaction/AL/usd/transaction]
        dir 6 is [/local/S/jenkins/workspace/ecg-mayausd-branch-preflight-python3-osx/build/RelWithDebInfo/lib/mayaUsd]
        dir 7 is [/local/S/jenkins/workspace/shared/Artifactory/OSX/USD/cde0c86/lib]
          dir 1 must precede it due to runtime library [libtbb.dylib]
        dir 8 is [/local/S/jenkins/workspace/ecg-mayausd-branch-preflight-python3-osx/build/RelWithDebInfo/lib/usd/utils]
        dir 9 is [/local/S/jenkins/workspace/shared/Artifactory/OSX/rundev-master/202107070915/runtime/bd7a1b1/devkitBase/devkit/ufe/lib]
    
      Some of these libraries may not be found correctly.
    
    
    CMake Warning at plugin/al/plugin/AL_USDMayaTestPlugin/CMakeLists.txt:5 (add_library):
      Cannot generate a safe runtime search path for target AL_USDMayaTestPlugin
      because there is a cycle in the constraint graph:
    
        dir 0 is [/local/S/jenkins/workspace/ecg-mayausd-branch-preflight-python3-osx/build/RelWithDebInfo/plugin/al/lib/AL_USDMaya]
        dir 1 is [/local/S/jenkins/workspace/ecg-mayausd-branch-preflight-python3-osx/build/RelWithDebInfo/plugin/al/mayatest/AL/maya/test]
        dir 2 is [/local/S/jenkins/workspace/ecg-mayausd-branch-preflight-python3-osx/build/RelWithDebInfo/plugin/al/schemas/AL/usd/schemas/maya]
        dir 3 is [/local/S/jenkins/workspace/ecg-mayausd-branch-preflight-python3-osx/build/RelWithDebInfo/plugin/al/schemas/AL/usd/schemas/mayatest]
        dir 4 is [/local/S/jenkins/workspace/ecg-mayausd-branch-preflight-python3-osx/build/RelWithDebInfo/googletest-install/lib]
        dir 5 is [/local/S/jenkins/workspace/ecg-mayausd-branch-preflight-python3-osx/build/RelWithDebInfo/plugin/al/usdmayautils/AL/usdmaya/utils]
        dir 6 is [/local/S/jenkins/workspace/ecg-mayausd-branch-preflight-python3-osx/build/RelWithDebInfo/plugin/al/mayautils/AL/maya]
        dir 7 is [/local/S/jenkins/workspace/ecg-mayausd-branch-preflight-python3-osx/build/RelWithDebInfo/plugin/al/utils/AL]
        dir 8 is [/local/S/jenkins/workspace/ecg-mayausd-branch-preflight-python3-osx/build/RelWithDebInfo/plugin/al/usdtransaction/AL/usd/transaction]
        dir 9 is [/local/S/jenkins/workspace/ecg-mayausd-branch-preflight-python3-osx/build/RelWithDebInfo/lib/mayaUsd]
        dir 10 is [/local/S/jenkins/workspace/ecg-mayausd-branch-preflight-python3-osx/build/RelWithDebInfo/lib/usd/utils]
        dir 11 is [/local/S/jenkins/workspace/shared/Artifactory/OSX/USD/cde0c86/lib]
          dir 13 must precede it due to runtime library [libtbb.dylib]
        dir 12 is [/local/S/jenkins/workspace/shared/Artifactory/OSX/rundev-master/202107070915/runtime/bd7a1b1/devkitBase/devkit/ufe/lib]
        dir 13 is [/local/S/jenkins/workspace/shared/Artifactory/OSX/rundev-master/202107070915/runtime/bd7a1b1/runTime/Maya.app/Contents/MacOS]
          dir 11 must precede it due to runtime library [libosdCPU.dylib]
          dir 12 must precede it due to runtime library [libufe_0.dylib]
    
      Some of these libraries may not be found correctly.
    
    
    CMake Warning at plugin/al/translators/CMakeLists.txt:16 (add_library):
      Cannot generate a safe runtime search path for target AL_USDMayaTranslators
      because there is a cycle in the constraint graph:
    
        dir 0 is [/local/S/jenkins/workspace/ecg-mayausd-branch-preflight-python3-osx/build/RelWithDebInfo/plugin/al/lib/AL_USDMaya]
        dir 1 is [/local/S/jenkins/workspace/ecg-mayausd-branch-preflight-python3-osx/build/RelWithDebInfo/plugin/al/schemas/AL/usd/schemas/maya]
        dir 2 is [/local/S/jenkins/workspace/ecg-mayausd-branch-preflight-python3-osx/build/RelWithDebInfo/lib/mayaUsd]
        dir 3 is [/local/S/jenkins/workspace/ecg-mayausd-branch-preflight-python3-osx/build/RelWithDebInfo/lib/usd/schemas]
        dir 4 is [/local/S/jenkins/workspace/shared/Artifactory/OSX/USD/cde0c86/lib]
          dir 5 must precede it due to runtime library [libtbb.dylib]
        dir 5 is [/local/S/jenkins/workspace/shared/Artifactory/OSX/rundev-master/202107070915/runtime/bd7a1b1/runTime/Maya.app/Contents/MacOS]
          dir 4 must precede it due to runtime library [libosdCPU.dylib]
          dir 11 must precede it due to runtime library [libufe_0.dylib]
        dir 6 is [/local/S/jenkins/workspace/ecg-mayausd-branch-preflight-python3-osx/build/RelWithDebInfo/plugin/al/usdmayautils/AL/usdmaya/utils]
        dir 7 is [/local/S/jenkins/workspace/ecg-mayausd-branch-preflight-python3-osx/build/RelWithDebInfo/plugin/al/mayautils/AL/maya]
        dir 8 is [/local/S/jenkins/workspace/ecg-mayausd-branch-preflight-python3-osx/build/RelWithDebInfo/plugin/al/utils/AL]
        dir 9 is [/local/S/jenkins/workspace/ecg-mayausd-branch-preflight-python3-osx/build/RelWithDebInfo/lib/usd/utils]
        dir 10 is [/local/S/jenkins/workspace/ecg-mayausd-branch-preflight-python3-osx/build/RelWithDebInfo/plugin/al/usdtransaction/AL/usd/transaction]
        dir 11 is [/local/S/jenkins/workspace/shared/Artifactory/OSX/rundev-master/202107070915/runtime/bd7a1b1/devkitBase/devkit/ufe/lib]
    
      Some of these libraries may not be found correctly.
    
    
    CMake Warning at plugin/al/translators/pxrUsdTranslators/CMakeLists.txt:27 (add_library):
      Cannot generate a safe runtime search path for target
      AL_USDMayaPxrTranslators because there is a cycle in the constraint graph:
    
        dir 0 is [/local/S/jenkins/workspace/ecg-mayausd-branch-preflight-python3-osx/build/RelWithDebInfo/plugin/al/schemas/AL/usd/schemas/maya]
        dir 1 is [/local/S/jenkins/workspace/ecg-mayausd-branch-preflight-python3-osx/build/RelWithDebInfo/lib/usd/schemas]
        dir 2 is [/local/S/jenkins/workspace/ecg-mayausd-branch-preflight-python3-osx/build/RelWithDebInfo/plugin/al/lib/AL_USDMaya]
        dir 3 is [/local/S/jenkins/workspace/ecg-mayausd-branch-preflight-python3-osx/build/RelWithDebInfo/plugin/pxr/maya/lib/usdMaya]
        dir 4 is [/local/S/jenkins/workspace/ecg-mayausd-branch-preflight-python3-osx/build/RelWithDebInfo/plugin/al/usdmayautils/AL/usdmaya/utils]
        dir 5 is [/local/S/jenkins/workspace/ecg-mayausd-branch-preflight-python3-osx/build/RelWithDebInfo/plugin/al/mayautils/AL/maya]
        dir 6 is [/local/S/jenkins/workspace/ecg-mayausd-branch-preflight-python3-osx/build/RelWithDebInfo/plugin/al/utils/AL]
        dir 7 is [/local/S/jenkins/workspace/ecg-mayausd-branch-preflight-python3-osx/build/RelWithDebInfo/plugin/al/usdtransaction/AL/usd/transaction]
        dir 8 is [/local/S/jenkins/workspace/ecg-mayausd-branch-preflight-python3-osx/build/RelWithDebInfo/lib/mayaUsd]
        dir 9 is [/local/S/jenkins/workspace/ecg-mayausd-branch-preflight-python3-osx/build/RelWithDebInfo/lib/usd/utils]
        dir 10 is [/local/S/jenkins/workspace/shared/Artifactory/OSX/USD/cde0c86/lib]
          dir 12 must precede it due to runtime library [libtbb.dylib]
        dir 11 is [/local/S/jenkins/workspace/shared/Artifactory/OSX/rundev-master/202107070915/runtime/bd7a1b1/devkitBase/devkit/ufe/lib]
        dir 12 is [/local/S/jenkins/workspace/shared/Artifactory/OSX/rundev-master/202107070915/runtime/bd7a1b1/runTime/Maya.app/Contents/MacOS]
          dir 10 must precede it due to runtime library [libosdCPU.dylib]
          dir 11 must precede it due to runtime library [libufe_0.dylib]
    
      Some of these libraries may not be found correctly.
    
    
    CMake Warning at plugin/adsk/plugin/CMakeLists.txt:18 (add_library):
      Cannot generate a safe runtime search path for target mayaUsdPlugin because
      there is a cycle in the constraint graph:
    
        dir 0 is [/local/S/jenkins/workspace/shared/Artifactory/OSX/rundev-master/202107070915/runtime/bd7a1b1/devkitBase/devkit/ufe/lib]
        dir 1 is [/local/S/jenkins/workspace/ecg-mayausd-branch-preflight-python3-osx/build/RelWithDebInfo/lib/usd/pxrUsdPreviewSurface]
        dir 2 is [/local/S/jenkins/workspace/ecg-mayausd-branch-preflight-python3-osx/build/RelWithDebInfo/lib/usd/ui]
        dir 3 is [/local/S/jenkins/workspace/ecg-mayausd-branch-preflight-python3-osx/build/RelWithDebInfo/lib/mayaUsd]
        dir 4 is [/local/S/jenkins/workspace/shared/Artifactory/OSX/USD/cde0c86/lib]
          dir 5 must precede it due to runtime library [libtbb.dylib]
        dir 5 is [/local/S/jenkins/workspace/shared/Artifactory/OSX/rundev-master/202107070915/runtime/bd7a1b1/runTime/Maya.app/Contents/MacOS]
          dir 0 must precede it due to runtime library [libufe_0.dylib]
          dir 4 must precede it due to runtime library [libosdCPU.dylib]
        dir 6 is [/local/S/jenkins/workspace/ecg-mayausd-branch-preflight-python3-osx/build/RelWithDebInfo/lib/usd/utils]
    
      Some of these libraries may not be found correctly.
    
    
    -- Generating done
    -- Build files have been written to: /local/S/jenkins/workspace/ecg-mayausd-branch-preflight-python3-osx/build/RelWithDebInfo
    
        Building with settings:
          Source directory          /local/S/jenkins/workspace/ecg-mayausd-branch-preflight-python3-osx/ecg-maya-usd/maya-usd
          Workspace directory       /local/S/jenkins/workspace/ecg-mayausd-branch-preflight-python3-osx
          Build directory           /local/S/jenkins/workspace/ecg-mayausd-branch-preflight-python3-osx/build/RelWithDebInfo
          Install directory         /local/S/jenkins/workspace/ecg-mayausd-branch-preflight-python3-osx/install/RelWithDebInfo/MayaUSD
          Variant                   RelWithDebInfo
          Python Debug              Off
          CMake generator           Ninja
          Build arguments           ['-DCMAKE_MAKE_PROGRAM=/local/S/jenkins/workspace/shared/Artifactory/OSX/ninja/1.9.0/41005eb/ninja', '-DPYTHON_INCLUDE_DIR=/local/S/jenkins/workspace/shared/Artifactory/OSX/rundev-master/202107070915/runtime/bd7a1b1/runTime/Maya.app/Contents/Frameworks/Python.framework/Versions/Current/include/python3.7m', '-DPython_EXECUTABLE=/local/S/jenkins/workspace/shared/Artifactory/OSX/rundev-master/202107070915/runtime/bd7a1b1/runTime/Maya.app/Contents/bin/mayapy', '-DPYTHON_LIBRARIES=/local/S/jenkins/workspace/shared/Artifactory/OSX/rundev-master/202107070915/runtime/bd7a1b1/runTime/Maya.app/Contents/Frameworks/Python.framework/Versions/Current/lib/libpython3.7m.dylib', '-DBUILD_WITH_PYTHON_3=ON']
          Stages arguments          ['configure']
          CTest arguments           ['-E testUsdReferenceAssemblySelection|testUsdMayaAppDir|testUsdExportAsClip', '-LE interactive', '--parallel 4']
    Success MayaUSD build and install !!!!
    Elapsed time: 00:00:20
[Pipeline] }
[Pipeline] // withEnv
[Pipeline] }
[Pipeline] // stage
[Pipeline] }
[Pipeline] // timestamps
[Pipeline] }
[Pipeline] // timeout
[Pipeline] timeout
Timeout set to expire in 6 hr 0 min
[Pipeline] {
[Pipeline] timestamps
[Pipeline] {
[Pipeline] stage
[Pipeline] { (Build)
[Pipeline] withEnv
[Pipeline] {
[Pipeline] sh
[Pipeline] }
[Pipeline] // withEnv
[Pipeline] }
[Pipeline] // stage
[Pipeline] }
[Pipeline] // timestamps
[Pipeline] }
[Pipeline] // timeout
[Pipeline] emailextrecipients
[Pipeline] echo
No recipients to send notification.
[Pipeline] }
[Pipeline] // node
[Pipeline] End of Pipeline
java.io.IOException: remote file operation failed: /local/S/jenkins/workspace/ecg-mayausd-branch-preflight-python3-osx at hudson.remoting.Channel@5ebceb2:MayaUSD-osx-15: hudson.remoting.ChannelClosedException: channel is already closed
	at hudson.FilePath.act(FilePath.java:992)
	at hudson.FilePath.act(FilePath.java:974)
	at hudson.FilePath.mkdirs(FilePath.java:1157)
	at org.jenkinsci.plugins.durabletask.FileMonitoringTask$FileMonitoringController.<init>(FileMonitoringTask.java:112)
	at org.jenkinsci.plugins.durabletask.BourneShellScript$ShellController.<init>(BourneShellScript.java:167)
	at org.jenkinsci.plugins.durabletask.BourneShellScript$ShellController.<init>(BourneShellScript.java:161)
	at org.jenkinsci.plugins.durabletask.BourneShellScript.launchWithCookie(BourneShellScript.java:90)
	at org.jenkinsci.plugins.durabletask.FileMonitoringTask.launch(FileMonitoringTask.java:63)
	at org.jenkinsci.plugins.workflow.steps.durable_task.DurableTaskStep$Execution.start(DurableTaskStep.java:172)
	at org.jenkinsci.plugins.workflow.cps.DSL.invokeStep(DSL.java:184)
	at org.jenkinsci.plugins.workflow.cps.DSL.invokeMethod(DSL.java:126)
	at org.jenkinsci.plugins.workflow.cps.CpsScript.invokeMethod(CpsScript.java:108)
	at groovy.lang.GroovyObject$invokeMethod.call(Unknown Source)
	at org.codehaus.groovy.runtime.callsite.CallSiteArray.defaultCall(CallSiteArray.java:48)
	at org.codehaus.groovy.runtime.callsite.AbstractCallSite.call(AbstractCallSite.java:113)
	at org.kohsuke.groovy.sandbox.impl.Checker$1.call(Checker.java:151)
	at org.kohsuke.groovy.sandbox.GroovyInterceptor.onMethodCall(GroovyInterceptor.java:21)
	at org.jenkinsci.plugins.scriptsecurity.sandbox.groovy.SandboxInterceptor.onMethodCall(SandboxInterceptor.java:115)
	at org.jenkinsci.plugins.scriptsecurity.sandbox.groovy.SandboxInterceptor.onMethodCall(SandboxInterceptor.java:103)
	at org.kohsuke.groovy.sandbox.impl.Checker$1.call(Checker.java:149)
	at org.kohsuke.groovy.sandbox.impl.Checker.checkedCall(Checker.java:146)
	at com.cloudbees.groovy.cps.sandbox.SandboxInvoker.methodCall(SandboxInvoker.java:16)
	at ScriptStageRunner.getCommandLauncher(Script4.groovy:1182)
	at ScriptStageRunner.runCommand(Script4.groovy:1226)
	at ___cps.transform___(Native Method)
	at com.cloudbees.groovy.cps.impl.ContinuationGroup.methodCall(ContinuationGroup.java:57)
	at com.cloudbees.groovy.cps.impl.FunctionCallBlock$ContinuationImpl.dispatchOrArg(FunctionCallBlock.java:109)
	at com.cloudbees.groovy.cps.impl.FunctionCallBlock$ContinuationImpl.fixArg(FunctionCallBlock.java:82)
	at sun.reflect.GeneratedMethodAccessor468.invoke(Unknown Source)
	at sun.reflect.DelegatingMethodAccessorImpl.invoke(DelegatingMethodAccessorImpl.java:43)
	at java.lang.reflect.Method.invoke(Method.java:498)
	at com.cloudbees.groovy.cps.impl.ContinuationPtr$ContinuationImpl.receive(ContinuationPtr.java:72)
	at com.cloudbees.groovy.cps.impl.LocalVariableBlock$LocalVariable.get(LocalVariableBlock.java:39)
	at com.cloudbees.groovy.cps.LValueBlock$GetAdapter.receive(LValueBlock.java:30)
	at com.cloudbees.groovy.cps.impl.LocalVariableBlock.evalLValue(LocalVariableBlock.java:28)
	at com.cloudbees.groovy.cps.LValueBlock$BlockImpl.eval(LValueBlock.java:55)
	at com.cloudbees.groovy.cps.LValueBlock.eval(LValueBlock.java:16)
	at com.cloudbees.groovy.cps.Next.step(Next.java:74)
	at com.cloudbees.groovy.cps.Continuable.run0(Continuable.java:154)
	at org.jenkinsci.plugins.workflow.cps.SandboxContinuable.access$001(SandboxContinuable.java:18)
	at org.jenkinsci.plugins.workflow.cps.SandboxContinuable$1.call(SandboxContinuable.java:33)
	at org.jenkinsci.plugins.workflow.cps.SandboxContinuable$1.call(SandboxContinuable.java:30)
	at org.jenkinsci.plugins.scriptsecurity.sandbox.groovy.GroovySandbox.runInSandbox(GroovySandbox.java:108)
	at org.jenkinsci.plugins.workflow.cps.SandboxContinuable.run0(SandboxContinuable.java:30)
	at org.jenkinsci.plugins.workflow.cps.CpsThread.runNextChunk(CpsThread.java:163)
	at org.jenkinsci.plugins.workflow.cps.CpsThreadGroup.run(CpsThreadGroup.java:328)
	at org.jenkinsci.plugins.workflow.cps.CpsThreadGroup.access$100(CpsThreadGroup.java:80)
	at org.jenkinsci.plugins.workflow.cps.CpsThreadGroup$2.call(CpsThreadGroup.java:240)
	at org.jenkinsci.plugins.workflow.cps.CpsThreadGroup$2.call(CpsThreadGroup.java:228)
	at org.jenkinsci.plugins.workflow.cps.CpsVmExecutorService$2.call(CpsVmExecutorService.java:63)
	at java.util.concurrent.FutureTask.run(FutureTask.java:266)
	at hudson.remoting.SingleLaneExecutorService$1.run(SingleLaneExecutorService.java:112)
	at jenkins.util.ContextResettingExecutorService$1.run(ContextResettingExecutorService.java:28)
	at java.util.concurrent.Executors$RunnableAdapter.call(Executors.java:511)
	at java.util.concurrent.FutureTask.run(FutureTask.java:266)
	at java.util.concurrent.ThreadPoolExecutor.runWorker(ThreadPoolExecutor.java:1142)
	at java.util.concurrent.ThreadPoolExecutor$Worker.run(ThreadPoolExecutor.java:617)
	at java.lang.Thread.run(Thread.java:745)
Caused by: hudson.remoting.ChannelClosedException: channel is already closed
	at hudson.remoting.Channel.send(Channel.java:604)
	at hudson.remoting.Request.call(Request.java:130)
	at hudson.remoting.Channel.call(Channel.java:821)
	at hudson.FilePath.act(FilePath.java:985)
	at hudson.FilePath.act(FilePath.java:974)
	at hudson.FilePath.mkdirs(FilePath.java:1157)
	at org.jenkinsci.plugins.durabletask.FileMonitoringTask$FileMonitoringController.<init>(FileMonitoringTask.java:112)
	at org.jenkinsci.plugins.durabletask.BourneShellScript$ShellController.<init>(BourneShellScript.java:167)
	at org.jenkinsci.plugins.durabletask.BourneShellScript$ShellController.<init>(BourneShellScript.java:161)
	at org.jenkinsci.plugins.durabletask.BourneShellScript.launchWithCookie(BourneShellScript.java:90)
	at org.jenkinsci.plugins.durabletask.FileMonitoringTask.launch(FileMonitoringTask.java:63)
	at org.jenkinsci.plugins.workflow.steps.durable_task.DurableTaskStep$Execution.start(DurableTaskStep.java:172)
	at org.jenkinsci.plugins.workflow.cps.DSL.invokeStep(DSL.java:184)
	at org.jenkinsci.plugins.workflow.cps.DSL.invokeMethod(DSL.java:126)
	at org.jenkinsci.plugins.workflow.cps.CpsScript.invokeMethod(CpsScript.java:108)
	at groovy.lang.GroovyObject$invokeMethod.call(Unknown Source)
	at org.codehaus.groovy.runtime.callsite.CallSiteArray.defaultCall(CallSiteArray.java:48)
	at org.codehaus.groovy.runtime.callsite.AbstractCallSite.call(AbstractCallSite.java:113)
	at org.kohsuke.groovy.sandbox.impl.Checker$1.call(Checker.java:151)
	at org.kohsuke.groovy.sandbox.GroovyInterceptor.onMethodCall(GroovyInterceptor.java:21)
	at org.jenkinsci.plugins.scriptsecurity.sandbox.groovy.SandboxInterceptor.onMethodCall(SandboxInterceptor.java:115)
	at org.jenkinsci.plugins.scriptsecurity.sandbox.groovy.SandboxInterceptor.onMethodCall(SandboxInterceptor.java:103)
	at org.kohsuke.groovy.sandbox.impl.Checker$1.call(Checker.java:149)
	at org.kohsuke.groovy.sandbox.impl.Checker.checkedCall(Checker.java:146)
	at com.cloudbees.groovy.cps.sandbox.SandboxInvoker.methodCall(SandboxInvoker.java:16)
	... 33 more
Caused by: java.io.IOException: Unexpected termination of the channel
	at hudson.remoting.SynchronousCommandTransport$ReaderThread.run(SynchronousCommandTransport.java:73)
Caused by: java.io.EOFException
	at java.io.ObjectInputStream$PeekInputStream.readFully(ObjectInputStream.java:2624)
	at java.io.ObjectInputStream$BlockDataInputStream.readShort(ObjectInputStream.java:3099)
	at java.io.ObjectInputStream.readStreamHeader(ObjectInputStream.java:853)
	at java.io.ObjectInputStream.<init>(ObjectInputStream.java:349)
	at hudson.remoting.ObjectInputStreamEx.<init>(ObjectInputStreamEx.java:48)
	at hudson.remoting.AbstractSynchronousByteArrayCommandTransport.read(AbstractSynchronousByteArrayCommandTransport.java:34)
	at hudson.remoting.SynchronousCommandTransport$ReaderThread.run(SynchronousCommandTransport.java:59)
Finished: FAILURE
