================================================================================
                                 setup (Debug)
================================================================================

================================================================================
                             setup (RelWithDebInfo)
================================================================================
[Pipeline] }
[Pipeline] // withEnv
[Pipeline] }
[Pipeline] // stage
[Pipeline] }
[Pipeline] // timestamps
[Pipeline] }
[Pipeline] // timeout
[Pipeline] timeout
Timeout set to expire in 6 hr 0 min
[Pipeline] {
[Pipeline] timestamps
[Pipeline] {
[Pipeline] stage
[Pipeline] { (Clean)
[Pipeline] withEnv
[Pipeline] {
[Pipeline] sh
[ecg-mayausd-branch-preflight-osx] Running shell script
+ python ecg-maya-usd/build.py --stages=clean --workspace-dir=/local/S/jenkins/workspace/ecg-mayausd-branch-preflight-osx --artifactory-dir=/local/S/jenkins/workspace/shared/Artifactory --build-dir=/local/S/jenkins/workspace/ecg-mayausd-branch-preflight-osx/build --install-dir=/local/S/jenkins/workspace/ecg-mayausd-branch-preflight-osx/install --signing-dir=/local/S/jenkins/workspace/ecg-mayausd-branch-preflight-osx/signing --package-dir=/local/S/jenkins/workspace/ecg-mayausd-branch-preflight-osx/package --output-dir=/local/S/jenkins/workspace/ecg-mayausd-branch-preflight-osx/output --stash-dir=/local/S/jenkins/workspace/ecg-mayausd-branch-preflight-osx/stash --jenkins-build=184 --git-commit=50af2b767bace3c098f6509a9a19071e0b45af23 --git-branch=master --stage-banner
Searching for available Maya cuts in /local/S/jenkins/workspace/shared/Artifactory/OSX/rundev-master-python2
Using Maya cut from /local/S/jenkins/workspace/shared/Artifactory/OSX/rundev-master-python2/202006012130/runtime/c11cad5

================================================================================
                                 clean (Debug)
================================================================================
running clean stage....................
In workdir: /local/S/jenkins/workspace/ecg-mayausd-branch-preflight-osx/ecg-maya-usd/maya-usd
Executing: python /local/S/jenkins/workspace/ecg-mayausd-branch-preflight-osx/ecg-maya-usd/maya-usd/build.py --generator Ninja --build-debug --maya-location /local/S/jenkins/workspace/shared/Artifactory/OSX/rundev-master-python2/202006012130/runtime/c11cad5/runTime --devkit-location /local/S/jenkins/workspace/shared/Artifactory/OSX/rundev-master-python2/202006012130/runtime/c11cad5/devkitBase --pxrusd-location /local/S/jenkins/workspace/shared/Artifactory/OSX/USD/05015ee --qt-location /local/S/jenkins/workspace/shared/Artifactory/OSX/qt/5.12.8/28a4ebf --build-args=-DCMAKE_MAKE_PROGRAM=/local/S/jenkins/workspace/shared/Artifactory/OSX/ninja/1.9.0/41005eb/ninja,DMAYAUSD_TO_USD_RELATIVE_PATH=../../../bin/USD '--ctest-args=-E testUsdImportColorSets|testUsdImportUVSets|testUsdImportUVSetsFloat' --redirect-outstream-file=False /local/S/jenkins/workspace/ecg-mayausd-branch-preflight-osx --stages=clean
Modified environment variables:
    PATH=/local/S/jenkins/workspace/shared/Artifactory/OSX/cmake/3.14.4/e159059/bin:/usr/local/bin:/bin:/usr/sbin:/sbin:/usr/bin
    
        Building with settings:
          Source directory          /local/S/jenkins/workspace/ecg-mayausd-branch-preflight-osx/ecg-maya-usd/maya-usd
          Workspace directory       /local/S/jenkins/workspace/ecg-mayausd-branch-preflight-osx
          Build directory           /local/S/jenkins/workspace/ecg-mayausd-branch-preflight-osx/build/Debug
          Install directory         /local/S/jenkins/workspace/ecg-mayausd-branch-preflight-osx/install/Debug
          Variant                   Debug
          Python 3:                 Off
          Python Debug              Off
          CMake generator           Ninja
          Build arguments           ['-DCMAKE_MAKE_PROGRAM=/local/S/jenkins/workspace/shared/Artifactory/OSX/ninja/1.9.0/41005eb/ninja', 'DMAYAUSD_TO_USD_RELATIVE_PATH=../../../bin/USD']
          Stages arguments          ['clean']
          CTest arguments           ['-E testUsdImportColorSets|testUsdImportUVSets|testUsdImportUVSetsFloat']
    Success MayaUSD build and install !!!!
    Elapsed time: 00:00:00

================================================================================
                             clean (RelWithDebInfo)
================================================================================
running clean stage....................
In workdir: /local/S/jenkins/workspace/ecg-mayausd-branch-preflight-osx/ecg-maya-usd/maya-usd
Executing: python /local/S/jenkins/workspace/ecg-mayausd-branch-preflight-osx/ecg-maya-usd/maya-usd/build.py --generator Ninja --build-relwithdebug --maya-location /local/S/jenkins/workspace/shared/Artifactory/OSX/rundev-master-python2/202006012130/runtime/c11cad5/runTime --devkit-location /local/S/jenkins/workspace/shared/Artifactory/OSX/rundev-master-python2/202006012130/runtime/c11cad5/devkitBase --pxrusd-location /local/S/jenkins/workspace/shared/Artifactory/OSX/USD/3d4d982 --qt-location /local/S/jenkins/workspace/shared/Artifactory/OSX/qt/5.12.8/28a4ebf --build-args=-DCMAKE_MAKE_PROGRAM=/local/S/jenkins/workspace/shared/Artifactory/OSX/ninja/1.9.0/41005eb/ninja,DMAYAUSD_TO_USD_RELATIVE_PATH=../../../bin/USD '--ctest-args=-E testUsdImportColorSets|testUsdImportUVSets|testUsdImportUVSetsFloat' --redirect-outstream-file=False /local/S/jenkins/workspace/ecg-mayausd-branch-preflight-osx --stages=clean
Modified environment variables:
    PATH=/local/S/jenkins/workspace/shared/Artifactory/OSX/cmake/3.14.4/e159059/bin:/usr/local/bin:/bin:/usr/sbin:/sbin:/usr/bin
    
        Building with settings:
          Source directory          /local/S/jenkins/workspace/ecg-mayausd-branch-preflight-osx/ecg-maya-usd/maya-usd
          Workspace directory       /local/S/jenkins/workspace/ecg-mayausd-branch-preflight-osx
          Build directory           /local/S/jenkins/workspace/ecg-mayausd-branch-preflight-osx/build/RelWithDebInfo
          Install directory         /local/S/jenkins/workspace/ecg-mayausd-branch-preflight-osx/install/RelWithDebInfo
          Variant                   RelWithDebInfo
          Python 3:                 Off
          Python Debug              Off
          CMake generator           Ninja
          Build arguments           ['-DCMAKE_MAKE_PROGRAM=/local/S/jenkins/workspace/shared/Artifactory/OSX/ninja/1.9.0/41005eb/ninja', 'DMAYAUSD_TO_USD_RELATIVE_PATH=../../../bin/USD']
          Stages arguments          ['clean']
          CTest arguments           ['-E testUsdImportColorSets|testUsdImportUVSets|testUsdImportUVSetsFloat']
    Success MayaUSD build and install !!!!
    Elapsed time: 00:00:00
[Pipeline] }
[Pipeline] // withEnv
[Pipeline] }
[Pipeline] // stage
[Pipeline] }
[Pipeline] // timestamps
[Pipeline] }
[Pipeline] // timeout
[Pipeline] timeout
Timeout set to expire in 6 hr 0 min
[Pipeline] {
[Pipeline] timestamps
[Pipeline] {
[Pipeline] stage
[Pipeline] { (Configure)
[Pipeline] withEnv
[Pipeline] {
[Pipeline] sh
[ecg-mayausd-branch-preflight-osx] Running shell script
+ python ecg-maya-usd/build.py --stages=configure --workspace-dir=/local/S/jenkins/workspace/ecg-mayausd-branch-preflight-osx --artifactory-dir=/local/S/jenkins/workspace/shared/Artifactory --build-dir=/local/S/jenkins/workspace/ecg-mayausd-branch-preflight-osx/build --install-dir=/local/S/jenkins/workspace/ecg-mayausd-branch-preflight-osx/install --signing-dir=/local/S/jenkins/workspace/ecg-mayausd-branch-preflight-osx/signing --package-dir=/local/S/jenkins/workspace/ecg-mayausd-branch-preflight-osx/package --output-dir=/local/S/jenkins/workspace/ecg-mayausd-branch-preflight-osx/output --stash-dir=/local/S/jenkins/workspace/ecg-mayausd-branch-preflight-osx/stash --jenkins-build=184 --git-commit=50af2b767bace3c098f6509a9a19071e0b45af23 --git-branch=master --stage-banner
Searching for available Maya cuts in /local/S/jenkins/workspace/shared/Artifactory/OSX/rundev-master-python2
Using Maya cut from /local/S/jenkins/workspace/shared/Artifactory/OSX/rundev-master-python2/202006012130/runtime/c11cad5

================================================================================
                               configure (Debug)
================================================================================
running configure stage....................
In workdir: /local/S/jenkins/workspace/ecg-mayausd-branch-preflight-osx/ecg-maya-usd/maya-usd
Executing: python /local/S/jenkins/workspace/ecg-mayausd-branch-preflight-osx/ecg-maya-usd/maya-usd/build.py --generator Ninja --build-debug --maya-location /local/S/jenkins/workspace/shared/Artifactory/OSX/rundev-master-python2/202006012130/runtime/c11cad5/runTime --devkit-location /local/S/jenkins/workspace/shared/Artifactory/OSX/rundev-master-python2/202006012130/runtime/c11cad5/devkitBase --pxrusd-location /local/S/jenkins/workspace/shared/Artifactory/OSX/USD/05015ee --qt-location /local/S/jenkins/workspace/shared/Artifactory/OSX/qt/5.12.8/28a4ebf --build-args=-DCMAKE_MAKE_PROGRAM=/local/S/jenkins/workspace/shared/Artifactory/OSX/ninja/1.9.0/41005eb/ninja,DMAYAUSD_TO_USD_RELATIVE_PATH=../../../bin/USD '--ctest-args=-E testUsdImportColorSets|testUsdImportUVSets|testUsdImportUVSetsFloat' --redirect-outstream-file=False /local/S/jenkins/workspace/ecg-mayausd-branch-preflight-osx --stages=configure
Modified environment variables:
    PATH=/local/S/jenkins/workspace/shared/Artifactory/OSX/cmake/3.14.4/e159059/bin:/usr/local/bin:/bin:/usr/sbin:/sbin:/usr/bin
    -- The C compiler identification is AppleClang 10.0.1.10010046
    -- The CXX compiler identification is AppleClang 10.0.1.10010046
    -- Check for working C compiler: /Applications/Xcode.app/Contents/Developer/Toolchains/XcodeDefault.xctoolchain/usr/bin/cc
    -- Check for working C compiler: /Applications/Xcode.app/Contents/Developer/Toolchains/XcodeDefault.xctoolchain/usr/bin/cc -- works
    -- Detecting C compiler ABI info
    -- Detecting C compiler ABI info - done
    -- Detecting C compile features
    -- Detecting C compile features - done
    -- Check for working CXX compiler: /Applications/Xcode.app/Contents/Developer/Toolchains/XcodeDefault.xctoolchain/usr/bin/c++
    -- Check for working CXX compiler: /Applications/Xcode.app/Contents/Developer/Toolchains/XcodeDefault.xctoolchain/usr/bin/c++ -- works
    -- Detecting CXX compiler ABI info
    -- Detecting CXX compiler ABI info - done
    -- Detecting CXX compile features
    -- Detecting CXX compile features - done
    -- Found Python: /Library/Frameworks/Python.framework/Versions/2.7/bin/python2.7 (found suitable exact version "2.7.15") found components:  Interpreter
    -- _PYTHON_VERSION_LIST: 2.7.15.final.0
    -- PYTHON_PREFIX: /Library/Frameworks/Python.framework/Versions/2.7
    -- PYTHON_INCLUDE_DIR: /Library/Frameworks/Python.framework/Versions/2.7/include/python2.7
    -- PYTHON_SITE_PACKAGES: /Library/Frameworks/Python.framework/Versions/2.7/lib/python2.7/site-packages
    -- PYTHON_MODULE_EXTENSION: .so
    -- PYTHON_IS_DEBUG: 0
    -- PYTHON_SIZEOF_VOID_P: 8
    -- PYTHON_LIBRARY_SUFFIX: 2.7
    -- PYTHON_LIBDIR: /Library/Frameworks/Python.framework/Versions/2.7/lib
    -- PYTHON_MULTIARCH:
    -- Found PythonLibs: /Library/Frameworks/Python.framework/Versions/2.7/lib/libpython2.7.dylib
    -- Building with Python:
    --    PYTHON_INCLUDE_DIRS = /Library/Frameworks/Python.framework/Versions/2.7/include/python2.7
    --    PYTHON_LIBRARIES    = /Library/Frameworks/Python.framework/Versions/2.7/lib/libpython2.7.dylib
    --    Python_EXECUTABLE   = /Library/Frameworks/Python.framework/Versions/2.7/bin/python2.7
    CMake Error at /local/S/jenkins/workspace/shared/Artifactory/OSX/cmake/3.14.4/e159059/share/cmake-3.14/Modules/FindPackageHandleStandardArgs.cmake:137 (message):
      Could NOT find Maya (missing: MAYA_PY_EXECUTABLE) (found suitable version
      "2021", minimum required is "2018")
    Call Stack (most recent call first):
      /local/S/jenkins/workspace/shared/Artifactory/OSX/cmake/3.14.4/e159059/share/cmake-3.14/Modules/FindPackageHandleStandardArgs.cmake:378 (_FPHSA_FAILURE_MESSAGE)
      cmake/modules/FindMaya.cmake:281 (find_package_handle_standard_args)
      CMakeLists.txt:93 (find_package)
    
    
    -- Configuring incomplete, errors occurred!
    See also "/local/S/jenkins/workspace/ecg-mayausd-branch-preflight-osx/build/Debug/CMakeFiles/CMakeOutput.log".
    
        Building with settings:
          Source directory          /local/S/jenkins/workspace/ecg-mayausd-branch-preflight-osx/ecg-maya-usd/maya-usd
          Workspace directory       /local/S/jenkins/workspace/ecg-mayausd-branch-preflight-osx
          Build directory           /local/S/jenkins/workspace/ecg-mayausd-branch-preflight-osx/build/Debug
          Install directory         /local/S/jenkins/workspace/ecg-mayausd-branch-preflight-osx/install/Debug
          Variant                   Debug
          Python 3:                 Off
          Python Debug              Off
          CMake generator           Ninja
          Build arguments           ['-DCMAKE_MAKE_PROGRAM=/local/S/jenkins/workspace/shared/Artifactory/OSX/ninja/1.9.0/41005eb/ninja', 'DMAYAUSD_TO_USD_RELATIVE_PATH=../../../bin/USD']
          Stages arguments          ['configure']
          CTest arguments           ['-E testUsdImportColorSets|testUsdImportUVSets|testUsdImportUVSetsFloat']
    #####################################################################################
    log date: 2020-06-02 15:09
    commit sha: 66b2255ab7c55c6f86ac5415171a44146b5661f0
    commit date: Tue Jun 2 15:35:28 2020 -0400
    #####################################################################################
    
    cmake -DCMAKE_INSTALL_PREFIX="/local/S/jenkins/workspace/ecg-mayausd-branch-preflight-osx/install/Debug" -DCMAKE_BUILD_TYPE=Debug -DCMAKE_EXPORT_COMPILE_COMMANDS=ON -G "Ninja" -DMAYA_LOCATION="/local/S/jenkins/workspace/shared/Artifactory/OSX/rundev-master-python2/202006012130/runtime/c11cad5/runTime" -DPXR_USD_LOCATION="/local/S/jenkins/workspace/shared/Artifactory/OSX/USD/05015ee" -DMAYA_DEVKIT_LOCATION="/local/S/jenkins/workspace/shared/Artifactory/OSX/rundev-master-python2/202006012130/runtime/c11cad5/devkitBase" -DMAYAUSD_DEFINE_BOOST_DEBUG_PYTHON_FLAG=OFF -DQT_LOCATION="/local/S/jenkins/workspace/shared/Artifactory/OSX/qt/5.12.8/28a4ebf" -DCMAKE_MAKE_PROGRAM=/local/S/jenkins/workspace/shared/Artifactory/OSX/ninja/1.9.0/41005eb/ninja DMAYAUSD_TO_USD_RELATIVE_PATH=../../../bin/USD "/local/S/jenkins/workspace/ecg-mayausd-branch-preflight-osx/ecg-maya-usd/maya-usd"
    
    Traceback (most recent call last):
      File "/local/S/jenkins/workspace/ecg-mayausd-branch-preflight-osx/ecg-maya-usd/maya-usd/build.py", line 604, in <module>
        BuildAndInstall(context, context.buildArgs, context.stagesArgs)
      File "/local/S/jenkins/workspace/ecg-mayausd-branch-preflight-osx/ecg-maya-usd/maya-usd/build.py", line 371, in BuildAndInstall
        RunCMake(context, extraArgs, stagesArgs)
      File "/local/S/jenkins/workspace/ecg-mayausd-branch-preflight-osx/ecg-maya-usd/maya-usd/build.py", line 273, in RunCMake
        extraArgs=(" ".join(extraArgs) if extraArgs else "")))
      File "/local/S/jenkins/workspace/ecg-mayausd-branch-preflight-osx/ecg-maya-usd/maya-usd/build.py", line 161, in Run
        .format(cmd=cmd, log=os.path.abspath(context.logFileLocation)))
    RuntimeError: Failed to run 'cmake -DCMAKE_INSTALL_PREFIX="/local/S/jenkins/workspace/ecg-mayausd-branch-preflight-osx/install/Debug" -DCMAKE_BUILD_TYPE=Debug -DCMAKE_EXPORT_COMPILE_COMMANDS=ON -G "Ninja" -DMAYA_LOCATION="/local/S/jenkins/workspace/shared/Artifactory/OSX/rundev-master-python2/202006012130/runtime/c11cad5/runTime" -DPXR_USD_LOCATION="/local/S/jenkins/workspace/shared/Artifactory/OSX/USD/05015ee" -DMAYA_DEVKIT_LOCATION="/local/S/jenkins/workspace/shared/Artifactory/OSX/rundev-master-python2/202006012130/runtime/c11cad5/devkitBase" -DMAYAUSD_DEFINE_BOOST_DEBUG_PYTHON_FLAG=OFF -DQT_LOCATION="/local/S/jenkins/workspace/shared/Artifactory/OSX/qt/5.12.8/28a4ebf" -DCMAKE_MAKE_PROGRAM=/local/S/jenkins/workspace/shared/Artifactory/OSX/ninja/1.9.0/41005eb/ninja DMAYAUSD_TO_USD_RELATIVE_PATH=../../../bin/USD "/local/S/jenkins/workspace/ecg-mayausd-branch-preflight-osx/ecg-maya-usd/maya-usd"'
    See /local/S/jenkins/workspace/ecg-mayausd-branch-preflight-osx/build/Debug/build_log.txt for more details.
build.py: error: Command failed with error code: 1
[Pipeline] }
[Pipeline] // withEnv
[Pipeline] }
[Pipeline] // stage
[Pipeline] }
[Pipeline] // timestamps
[Pipeline] }
[Pipeline] // timeout
[Pipeline] emailextrecipients
[Pipeline] echo
No recipients to send notification.
[Pipeline] }
[Pipeline] // node
[Pipeline] End of Pipeline
ERROR: script returned exit code 1
Finished: FAILURE
