================================================================================
                                 setup (Debug)
================================================================================

================================================================================
                             setup (RelWithDebInfo)
================================================================================
Deleting subst P:
Deleting subst W:
[Pipeline] }
[Pipeline] // withEnv
[Pipeline] }
[Pipeline] // stage
[Pipeline] }
[Pipeline] // timestamps
[Pipeline] }
[Pipeline] // timeout
[Pipeline] timeout
Timeout set to expire in 6 hr 0 min
[Pipeline] {
[Pipeline] timestamps
[Pipeline] {
[Pipeline] stage
[Pipeline] { (Clean)
[Pipeline] withEnv
[Pipeline] {
[Pipeline] bat
[ecg-mayausd-branch-preflight-windows] Running batch script
Subst W: S:\jenkins\workspace\ecg-mayausd-branch-preflight-windows
Subst P: S:\jenkins\workspace
"C:\Program Files (x86)\Microsoft Visual Studio\2017\Professional\VC\Auxiliary\Build\vcvarsall.bat" x64
**********************************************************************
** Visual Studio 2017 Developer Command Prompt v15.9.15
** Copyright (c) 2017 Microsoft Corporation
**********************************************************************
[vcvarsall.bat] Environment initialized for: 'x64'
python ecg-maya-usd/build.py --stages=clean --workspace-dir=W:\ --artifactory-dir=P:\shared\Artifactory --build-dir=W:\build --install-dir=W:\install --signing-dir=W:\signing --package-dir=W:\package --output-dir=W:\output --stash-dir=W:\stash --jenkins-build=196 --git-commit=50af2b767bace3c098f6509a9a19071e0b45af23 --git-branch=master --stage-banner
Searching for available Maya cuts in P:\shared\Artifactory\Windows\rundev-master-python2
Using Maya cut from P:\shared\Artifactory\Windows\rundev-master-python2\202006012130\runtime\34ce5f6

================================================================================
                                 clean (Debug)
================================================================================
running clean stage....................
In workdir: S:\jenkins\workspace\ecg-mayausd-branch-preflight-windows\ecg-maya-usd\maya-usd
Executing: python 'S:\\jenkins\\workspace\\ecg-mayausd-branch-preflight-windows\\ecg-maya-usd\\maya-usd\\build.py' --generator Ninja --build-debug --maya-location 'P:\\shared\\Artifactory\\Windows\\rundev-master-python2\\202006012130\\runtime\\34ce5f6\\runTime' --devkit-location 'P:\\shared\\Artifactory\\Windows\\rundev-master-python2\\202006012130\\runtime\\34ce5f6\\devkitBase' --pxrusd-location 'P:\\shared\\Artifactory\\Windows\\USD\\b1bad7a' --qt-location 'P:\\shared\\Artifactory\\Windows\\qt\\5.12.8\\397faa2' '--build-args=-DCMAKE_MAKE_PROGRAM=P:/shared/Artifactory/Windows/ninja/1.9.0/c68f192/ninja.exe,-DPYTHON_INCLUDE_DIR=P:/shared/Artifactory/Windows/python/2.7.11/833881c/Python/2.7.11/common/Include;P:/shared/Artifactory/Windows/python/2.7.11/fb03c9a/Python/2.7.11,-DPython_EXECUTABLE=P:/shared/Artifactory/Windows/python/2.7.11/fb03c9a/Python/2.7.11/DLLs/python_d.exe,-DPYTHON_LIBRARIES=P:/shared/Artifactory/Windows/python/2.7.11/fb03c9a/Python/2.7.11/python27_d.lib,DMAYAUSD_TO_USD_RELATIVE_PATH=../../../bin/USD' --debug-python '--ctest-args=-E testUsdImportColorSets|testUsdImportUVSets|testUsdImportUVSetsFloat' --redirect-outstream-file=False 'S:\\jenkins\\workspace\\ecg-mayausd-branch-preflight-windows' --stages=clean
Modified environment variables:
    PATH=P:\shared\Artifactory\Windows\cmake\3.14.4\c5af748\bin;P:\shared\Artifactory\Windows\python\2.7.11\fb03c9a\Python\2.7.11;C:\Program Files (x86)\Microsoft Visual Studio\2017\Professional\VC\Tools\MSVC\14.16.27023\bin\HostX64\x64;C:\Program Files (x86)\Microsoft Visual Studio\2017\Professional\Common7\IDE\VC\VCPackages;C:\Program Files (x86)\Microsoft Visual Studio\2017\Professional\Common7\IDE\CommonExtensions\Microsoft\TestWindow;C:\Program Files (x86)\Microsoft Visual Studio\2017\Professional\Common7\IDE\CommonExtensions\Microsoft\TeamFoundation\Team Explorer;C:\Program Files (x86)\Microsoft Visual Studio\2017\Professional\MSBuild\15.0\bin\Roslyn;C:\Program Files (x86)\Microsoft Visual Studio\2017\Professional\Team Tools\Performance Tools\x64;C:\Program Files (x86)\Microsoft Visual Studio\2017\Professional\Team Tools\Performance Tools;C:\Program Files (x86)\Microsoft Visual Studio\Shared\Common\VSPerfCollectionTools\\x64;C:\Program Files (x86)\Microsoft Visual Studio\Shared\Common\VSPerfCollectionTools\;C:\Program Files (x86)\Microsoft SDKs\Windows\v10.0A\bin\NETFX 4.6.1 Tools\x64\;C:\Program Files (x86)\HTML Help Workshop;C:\Program Files (x86)\Windows Kits\10\bin\10.0.17763.0\x64;C:\Program Files (x86)\Windows Kits\10\bin\x64;C:\Program Files (x86)\Microsoft Visual Studio\2017\Professional\\MSBuild\15.0\bin;C:\WINDOWS\Microsoft.NET\Framework64\v4.0.30319;C:\Program Files (x86)\Microsoft Visual Studio\2017\Professional\Common7\IDE\;C:\Program Files (x86)\Microsoft Visual Studio\2017\Professional\Common7\Tools\;C:\Python27\;C:\Python27\Scripts;C:\Program Files (x86)\Common Files\Oracle\Java\javapath;C:\WINDOWS\system32;C:\WINDOWS;C:\WINDOWS\System32\Wbem;C:\WINDOWS\System32\WindowsPowerShell\v1.0\;C:\WINDOWS\System32\OpenSSH\;C:\PathVerify;C:\Program Files (x86)\WiX Toolset v3.7\bin;C:\Program Files (x86)\Windows Kits\10\bin\10.0.17763.0\x64;C:\Program Files (x86)\Windows Kits\10\bin\x64;C:\Program Files\Git\cmd;C:\Program Files\Git\usr\bin;C:\Program Files\Git\mingw64\bin;C:\Program Files\Git\bin;C:\StoreBoxClientWindows;C:\Program Files\Electric Cloud\ElectricCommander\bin;C:\Program Files\WinRAR;C:\Program Files\7-Zip;C:\Users\Administrator\AppData\Local\Microsoft\WindowsApps;C:\Program Files (x86)\Microsoft Visual Studio\2017\Professional\Common7\IDE\CommonExtensions\Microsoft\CMake\CMake\bin;C:\Program Files (x86)\Microsoft Visual Studio\2017\Professional\Common7\IDE\CommonExtensions\Microsoft\CMake\Ninja
    PYTHONPATH=P:\shared\Artifactory\Windows\python\2.7.11\833881c\Python\2.7.11\common\Lib.zip;C:\Python27\Lib\site-packages
    
        Building with settings:
          Source directory          S:\jenkins\workspace\ecg-mayausd-branch-preflight-windows\ecg-maya-usd\maya-usd
          Workspace directory       S:\jenkins\workspace\ecg-mayausd-branch-preflight-windows
          Build directory           S:\jenkins\workspace\ecg-mayausd-branch-preflight-windows\build\Debug
          Install directory         S:\jenkins\workspace\ecg-mayausd-branch-preflight-windows\install\Debug
          Variant                   Debug
          Python 3:                 Off
          Python Debug              On
          CMake generator           Ninja
          Build arguments           ['-DCMAKE_MAKE_PROGRAM=P:/shared/Artifactory/Windows/ninja/1.9.0/c68f192/ninja.exe', '-DPYTHON_INCLUDE_DIR=P:/shared/Artifactory/Windows/python/2.7.11/833881c/Python/2.7.11/common/Include;P:/shared/Artifactory/Windows/python/2.7.11/fb03c9a/Python/2.7.11', '-DPython_EXECUTABLE=P:/shared/Artifactory/Windows/python/2.7.11/fb03c9a/Python/2.7.11/DLLs/python_d.exe', '-DPYTHON_LIBRARIES=P:/shared/Artifactory/Windows/python/2.7.11/fb03c9a/Python/2.7.11/python27_d.lib', 'DMAYAUSD_TO_USD_RELATIVE_PATH=../../../bin/USD']
          Stages arguments          ['clean']
          CTest arguments           ['-E testUsdImportColorSets|testUsdImportUVSets|testUsdImportUVSetsFloat']
    Success MayaUSD build and install !!!!
    Elapsed time: 00:00:00

================================================================================
                             clean (RelWithDebInfo)
================================================================================
running clean stage....................
In workdir: S:\jenkins\workspace\ecg-mayausd-branch-preflight-windows\ecg-maya-usd\maya-usd
Executing: python 'S:\\jenkins\\workspace\\ecg-mayausd-branch-preflight-windows\\ecg-maya-usd\\maya-usd\\build.py' --generator Ninja --build-relwithdebug --maya-location 'P:\\shared\\Artifactory\\Windows\\rundev-master-python2\\202006012130\\runtime\\34ce5f6\\runTime' --devkit-location 'P:\\shared\\Artifactory\\Windows\\rundev-master-python2\\202006012130\\runtime\\34ce5f6\\devkitBase' --pxrusd-location 'P:\\shared\\Artifactory\\Windows\\USD\\710c498' --qt-location 'P:\\shared\\Artifactory\\Windows\\qt\\5.12.8\\397faa2' '--build-args=-DCMAKE_MAKE_PROGRAM=P:/shared/Artifactory/Windows/ninja/1.9.0/c68f192/ninja.exe,-DPYTHON_INCLUDE_DIR=P:/shared/Artifactory/Windows/python/2.7.11/833881c/Python/2.7.11/common/Include;P:/shared/Artifactory/Windows/python/2.7.11/fb03c9a/Python/2.7.11,-DPython_EXECUTABLE=P:/shared/Artifactory/Windows/python/2.7.11/fb03c9a/Python/2.7.11/DLLs/python.exe,-DPYTHON_LIBRARIES=P:/shared/Artifactory/Windows/python/2.7.11/fb03c9a/Python/2.7.11/python27.lib,DMAYAUSD_TO_USD_RELATIVE_PATH=../../../bin/USD' '--ctest-args=-E testUsdImportColorSets|testUsdImportUVSets|testUsdImportUVSetsFloat' --redirect-outstream-file=False 'S:\\jenkins\\workspace\\ecg-mayausd-branch-preflight-windows' --stages=clean
Modified environment variables:
    PATH=P:\shared\Artifactory\Windows\cmake\3.14.4\c5af748\bin;P:\shared\Artifactory\Windows\python\2.7.11\fb03c9a\Python\2.7.11;C:\Program Files (x86)\Microsoft Visual Studio\2017\Professional\VC\Tools\MSVC\14.16.27023\bin\HostX64\x64;C:\Program Files (x86)\Microsoft Visual Studio\2017\Professional\Common7\IDE\VC\VCPackages;C:\Program Files (x86)\Microsoft Visual Studio\2017\Professional\Common7\IDE\CommonExtensions\Microsoft\TestWindow;C:\Program Files (x86)\Microsoft Visual Studio\2017\Professional\Common7\IDE\CommonExtensions\Microsoft\TeamFoundation\Team Explorer;C:\Program Files (x86)\Microsoft Visual Studio\2017\Professional\MSBuild\15.0\bin\Roslyn;C:\Program Files (x86)\Microsoft Visual Studio\2017\Professional\Team Tools\Performance Tools\x64;C:\Program Files (x86)\Microsoft Visual Studio\2017\Professional\Team Tools\Performance Tools;C:\Program Files (x86)\Microsoft Visual Studio\Shared\Common\VSPerfCollectionTools\\x64;C:\Program Files (x86)\Microsoft Visual Studio\Shared\Common\VSPerfCollectionTools\;C:\Program Files (x86)\Microsoft SDKs\Windows\v10.0A\bin\NETFX 4.6.1 Tools\x64\;C:\Program Files (x86)\HTML Help Workshop;C:\Program Files (x86)\Windows Kits\10\bin\10.0.17763.0\x64;C:\Program Files (x86)\Windows Kits\10\bin\x64;C:\Program Files (x86)\Microsoft Visual Studio\2017\Professional\\MSBuild\15.0\bin;C:\WINDOWS\Microsoft.NET\Framework64\v4.0.30319;C:\Program Files (x86)\Microsoft Visual Studio\2017\Professional\Common7\IDE\;C:\Program Files (x86)\Microsoft Visual Studio\2017\Professional\Common7\Tools\;C:\Python27\;C:\Python27\Scripts;C:\Program Files (x86)\Common Files\Oracle\Java\javapath;C:\WINDOWS\system32;C:\WINDOWS;C:\WINDOWS\System32\Wbem;C:\WINDOWS\System32\WindowsPowerShell\v1.0\;C:\WINDOWS\System32\OpenSSH\;C:\PathVerify;C:\Program Files (x86)\WiX Toolset v3.7\bin;C:\Program Files (x86)\Windows Kits\10\bin\10.0.17763.0\x64;C:\Program Files (x86)\Windows Kits\10\bin\x64;C:\Program Files\Git\cmd;C:\Program Files\Git\usr\bin;C:\Program Files\Git\mingw64\bin;C:\Program Files\Git\bin;C:\StoreBoxClientWindows;C:\Program Files\Electric Cloud\ElectricCommander\bin;C:\Program Files\WinRAR;C:\Program Files\7-Zip;C:\Users\Administrator\AppData\Local\Microsoft\WindowsApps;C:\Program Files (x86)\Microsoft Visual Studio\2017\Professional\Common7\IDE\CommonExtensions\Microsoft\CMake\CMake\bin;C:\Program Files (x86)\Microsoft Visual Studio\2017\Professional\Common7\IDE\CommonExtensions\Microsoft\CMake\Ninja
    PYTHONPATH=P:\shared\Artifactory\Windows\python\2.7.11\833881c\Python\2.7.11\common\Lib.zip;C:\Python27\Lib\site-packages
    
        Building with settings:
          Source directory          S:\jenkins\workspace\ecg-mayausd-branch-preflight-windows\ecg-maya-usd\maya-usd
          Workspace directory       S:\jenkins\workspace\ecg-mayausd-branch-preflight-windows
          Build directory           S:\jenkins\workspace\ecg-mayausd-branch-preflight-windows\build\RelWithDebInfo
          Install directory         S:\jenkins\workspace\ecg-mayausd-branch-preflight-windows\install\RelWithDebInfo
          Variant                   RelWithDebInfo
          Python 3:                 Off
          Python Debug              Off
          CMake generator           Ninja
          Build arguments           ['-DCMAKE_MAKE_PROGRAM=P:/shared/Artifactory/Windows/ninja/1.9.0/c68f192/ninja.exe', '-DPYTHON_INCLUDE_DIR=P:/shared/Artifactory/Windows/python/2.7.11/833881c/Python/2.7.11/common/Include;P:/shared/Artifactory/Windows/python/2.7.11/fb03c9a/Python/2.7.11', '-DPython_EXECUTABLE=P:/shared/Artifactory/Windows/python/2.7.11/fb03c9a/Python/2.7.11/DLLs/python.exe', '-DPYTHON_LIBRARIES=P:/shared/Artifactory/Windows/python/2.7.11/fb03c9a/Python/2.7.11/python27.lib', 'DMAYAUSD_TO_USD_RELATIVE_PATH=../../../bin/USD']
          Stages arguments          ['clean']
          CTest arguments           ['-E testUsdImportColorSets|testUsdImportUVSets|testUsdImportUVSetsFloat']
    Success MayaUSD build and install !!!!
    Elapsed time: 00:00:00
Deleting subst P:
Deleting subst W:
[Pipeline] }
[Pipeline] // withEnv
[Pipeline] }
[Pipeline] // stage
[Pipeline] }
[Pipeline] // timestamps
[Pipeline] }
[Pipeline] // timeout
[Pipeline] timeout
Timeout set to expire in 6 hr 0 min
[Pipeline] {
[Pipeline] timestamps
[Pipeline] {
[Pipeline] stage
[Pipeline] { (Configure)
[Pipeline] withEnv
[Pipeline] {
[Pipeline] bat
[ecg-mayausd-branch-preflight-windows] Running batch script
Subst W: S:\jenkins\workspace\ecg-mayausd-branch-preflight-windows
Subst P: S:\jenkins\workspace
"C:\Program Files (x86)\Microsoft Visual Studio\2017\Professional\VC\Auxiliary\Build\vcvarsall.bat" x64
**********************************************************************
** Visual Studio 2017 Developer Command Prompt v15.9.15
** Copyright (c) 2017 Microsoft Corporation
**********************************************************************
[vcvarsall.bat] Environment initialized for: 'x64'
python ecg-maya-usd/build.py --stages=configure --workspace-dir=W:\ --artifactory-dir=P:\shared\Artifactory --build-dir=W:\build --install-dir=W:\install --signing-dir=W:\signing --package-dir=W:\package --output-dir=W:\output --stash-dir=W:\stash --jenkins-build=196 --git-commit=50af2b767bace3c098f6509a9a19071e0b45af23 --git-branch=master --stage-banner
Searching for available Maya cuts in P:\shared\Artifactory\Windows\rundev-master-python2
Using Maya cut from P:\shared\Artifactory\Windows\rundev-master-python2\202006012130\runtime\34ce5f6

================================================================================
                               configure (Debug)
================================================================================
running configure stage....................
In workdir: S:\jenkins\workspace\ecg-mayausd-branch-preflight-windows\ecg-maya-usd\maya-usd
Executing: python 'S:\\jenkins\\workspace\\ecg-mayausd-branch-preflight-windows\\ecg-maya-usd\\maya-usd\\build.py' --generator Ninja --build-debug --maya-location 'P:\\shared\\Artifactory\\Windows\\rundev-master-python2\\202006012130\\runtime\\34ce5f6\\runTime' --devkit-location 'P:\\shared\\Artifactory\\Windows\\rundev-master-python2\\202006012130\\runtime\\34ce5f6\\devkitBase' --pxrusd-location 'P:\\shared\\Artifactory\\Windows\\USD\\b1bad7a' --qt-location 'P:\\shared\\Artifactory\\Windows\\qt\\5.12.8\\397faa2' '--build-args=-DCMAKE_MAKE_PROGRAM=P:/shared/Artifactory/Windows/ninja/1.9.0/c68f192/ninja.exe,-DPYTHON_INCLUDE_DIR=P:/shared/Artifactory/Windows/python/2.7.11/833881c/Python/2.7.11/common/Include;P:/shared/Artifactory/Windows/python/2.7.11/fb03c9a/Python/2.7.11,-DPython_EXECUTABLE=P:/shared/Artifactory/Windows/python/2.7.11/fb03c9a/Python/2.7.11/DLLs/python_d.exe,-DPYTHON_LIBRARIES=P:/shared/Artifactory/Windows/python/2.7.11/fb03c9a/Python/2.7.11/python27_d.lib,DMAYAUSD_TO_USD_RELATIVE_PATH=../../../bin/USD' --debug-python '--ctest-args=-E testUsdImportColorSets|testUsdImportUVSets|testUsdImportUVSetsFloat' --redirect-outstream-file=False 'S:\\jenkins\\workspace\\ecg-mayausd-branch-preflight-windows' --stages=configure
Modified environment variables:
    PATH=P:\shared\Artifactory\Windows\cmake\3.14.4\c5af748\bin;P:\shared\Artifactory\Windows\python\2.7.11\fb03c9a\Python\2.7.11;C:\Program Files (x86)\Microsoft Visual Studio\2017\Professional\VC\Tools\MSVC\14.16.27023\bin\HostX64\x64;C:\Program Files (x86)\Microsoft Visual Studio\2017\Professional\Common7\IDE\VC\VCPackages;C:\Program Files (x86)\Microsoft Visual Studio\2017\Professional\Common7\IDE\CommonExtensions\Microsoft\TestWindow;C:\Program Files (x86)\Microsoft Visual Studio\2017\Professional\Common7\IDE\CommonExtensions\Microsoft\TeamFoundation\Team Explorer;C:\Program Files (x86)\Microsoft Visual Studio\2017\Professional\MSBuild\15.0\bin\Roslyn;C:\Program Files (x86)\Microsoft Visual Studio\2017\Professional\Team Tools\Performance Tools\x64;C:\Program Files (x86)\Microsoft Visual Studio\2017\Professional\Team Tools\Performance Tools;C:\Program Files (x86)\Microsoft Visual Studio\Shared\Common\VSPerfCollectionTools\\x64;C:\Program Files (x86)\Microsoft Visual Studio\Shared\Common\VSPerfCollectionTools\;C:\Program Files (x86)\Microsoft SDKs\Windows\v10.0A\bin\NETFX 4.6.1 Tools\x64\;C:\Program Files (x86)\HTML Help Workshop;C:\Program Files (x86)\Windows Kits\10\bin\10.0.17763.0\x64;C:\Program Files (x86)\Windows Kits\10\bin\x64;C:\Program Files (x86)\Microsoft Visual Studio\2017\Professional\\MSBuild\15.0\bin;C:\WINDOWS\Microsoft.NET\Framework64\v4.0.30319;C:\Program Files (x86)\Microsoft Visual Studio\2017\Professional\Common7\IDE\;C:\Program Files (x86)\Microsoft Visual Studio\2017\Professional\Common7\Tools\;C:\Python27\;C:\Python27\Scripts;C:\Program Files (x86)\Common Files\Oracle\Java\javapath;C:\WINDOWS\system32;C:\WINDOWS;C:\WINDOWS\System32\Wbem;C:\WINDOWS\System32\WindowsPowerShell\v1.0\;C:\WINDOWS\System32\OpenSSH\;C:\PathVerify;C:\Program Files (x86)\WiX Toolset v3.7\bin;C:\Program Files (x86)\Windows Kits\10\bin\10.0.17763.0\x64;C:\Program Files (x86)\Windows Kits\10\bin\x64;C:\Program Files\Git\cmd;C:\Program Files\Git\usr\bin;C:\Program Files\Git\mingw64\bin;C:\Program Files\Git\bin;C:\StoreBoxClientWindows;C:\Program Files\Electric Cloud\ElectricCommander\bin;C:\Program Files\WinRAR;C:\Program Files\7-Zip;C:\Users\Administrator\AppData\Local\Microsoft\WindowsApps;C:\Program Files (x86)\Microsoft Visual Studio\2017\Professional\Common7\IDE\CommonExtensions\Microsoft\CMake\CMake\bin;C:\Program Files (x86)\Microsoft Visual Studio\2017\Professional\Common7\IDE\CommonExtensions\Microsoft\CMake\Ninja
    PYTHONPATH=P:\shared\Artifactory\Windows\python\2.7.11\833881c\Python\2.7.11\common\Lib.zip;C:\Python27\Lib\site-packages
    -- The C compiler identification is MSVC 19.16.27032.1
    -- The CXX compiler identification is MSVC 19.16.27032.1
    -- Check for working C compiler: C:/Program Files (x86)/Microsoft Visual Studio/2017/Professional/VC/Tools/MSVC/14.16.27023/bin/Hostx64/x64/cl.exe
    -- Check for working C compiler: C:/Program Files (x86)/Microsoft Visual Studio/2017/Professional/VC/Tools/MSVC/14.16.27023/bin/Hostx64/x64/cl.exe -- works
    -- Detecting C compiler ABI info
    -- Detecting C compiler ABI info - done
    -- Detecting C compile features
    -- Detecting C compile features - done
    -- Check for working CXX compiler: C:/Program Files (x86)/Microsoft Visual Studio/2017/Professional/VC/Tools/MSVC/14.16.27023/bin/Hostx64/x64/cl.exe
    -- Check for working CXX compiler: C:/Program Files (x86)/Microsoft Visual Studio/2017/Professional/VC/Tools/MSVC/14.16.27023/bin/Hostx64/x64/cl.exe -- works
    -- Detecting CXX compiler ABI info
    -- Detecting CXX compiler ABI info - done
    -- Detecting CXX compile features
    -- Detecting CXX compile features - done
    -- Found Python: P:/shared/Artifactory/Windows/python/2.7.11/fb03c9a/Python/2.7.11/DLLs/python_d.exe (found suitable exact version "2.7.11") found components:  Interpreter
    -- Building with Python:
    --    PYTHON_INCLUDE_DIRS = P:/shared/Artifactory/Windows/python/2.7.11/833881c/Python/2.7.11/common/Include;P:/shared/Artifactory/Windows/python/2.7.11/fb03c9a/Python/2.7.11
    --    PYTHON_LIBRARIES    = P:/shared/Artifactory/Windows/python/2.7.11/fb03c9a/Python/2.7.11/python27_d.lib
    --    Python_EXECUTABLE   = P:/shared/Artifactory/Windows/python/2.7.11/fb03c9a/Python/2.7.11/DLLs/python_d.exe
    CMake Error at S:/jenkins/workspace/shared/Artifactory/Windows/cmake/3.14.4/c5af748/share/cmake-3.14/Modules/FindPackageHandleStandardArgs.cmake:137 (message):
      Could NOT find Maya (missing: MAYA_PY_EXECUTABLE) (found suitable version
      "2021", minimum required is "2018")
    Call Stack (most recent call first):
      S:/jenkins/workspace/shared/Artifactory/Windows/cmake/3.14.4/c5af748/share/cmake-3.14/Modules/FindPackageHandleStandardArgs.cmake:378 (_FPHSA_FAILURE_MESSAGE)
      cmake/modules/FindMaya.cmake:281 (find_package_handle_standard_args)
      CMakeLists.txt:93 (find_package)
    
    
    -- Configuring incomplete, errors occurred!
    See also "S:/jenkins/workspace/ecg-mayausd-branch-preflight-windows/build/Debug/CMakeFiles/CMakeOutput.log".
    
        Building with settings:
          Source directory          S:\jenkins\workspace\ecg-mayausd-branch-preflight-windows\ecg-maya-usd\maya-usd
          Workspace directory       S:\jenkins\workspace\ecg-mayausd-branch-preflight-windows
          Build directory           S:\jenkins\workspace\ecg-mayausd-branch-preflight-windows\build\Debug
          Install directory         S:\jenkins\workspace\ecg-mayausd-branch-preflight-windows\install\Debug
          Variant                   Debug
          Python 3:                 Off
          Python Debug              On
          CMake generator           Ninja
          Build arguments           ['-DCMAKE_MAKE_PROGRAM=P:/shared/Artifactory/Windows/ninja/1.9.0/c68f192/ninja.exe', '-DPYTHON_INCLUDE_DIR=P:/shared/Artifactory/Windows/python/2.7.11/833881c/Python/2.7.11/common/Include;P:/shared/Artifactory/Windows/python/2.7.11/fb03c9a/Python/2.7.11', '-DPython_EXECUTABLE=P:/shared/Artifactory/Windows/python/2.7.11/fb03c9a/Python/2.7.11/DLLs/python_d.exe', '-DPYTHON_LIBRARIES=P:/shared/Artifactory/Windows/python/2.7.11/fb03c9a/Python/2.7.11/python27_d.lib', 'DMAYAUSD_TO_USD_RELATIVE_PATH=../../../bin/USD']
          Stages arguments          ['configure']
          CTest arguments           ['-E testUsdImportColorSets|testUsdImportUVSets|testUsdImportUVSetsFloat']
    #####################################################################################
    log date: 2020-06-02 15:08
    commit sha: 66b2255ab7c55c6f86ac5415171a44146b5661f0
    commit date: Tue Jun 2 15:35:28 2020 -0400
    #####################################################################################
    
    cmake -DCMAKE_INSTALL_PREFIX="S:\jenkins\workspace\ecg-mayausd-branch-preflight-windows\install\Debug" -DCMAKE_BUILD_TYPE=Debug -DCMAKE_EXPORT_COMPILE_COMMANDS=ON -G "Ninja" -DMAYA_LOCATION="P:\shared\Artifactory\Windows\rundev-master-python2\202006012130\runtime\34ce5f6\runTime" -DPXR_USD_LOCATION="P:\shared\Artifactory\Windows\USD\b1bad7a" -DMAYA_DEVKIT_LOCATION="P:\shared\Artifactory\Windows\rundev-master-python2\202006012130\runtime\34ce5f6\devkitBase" -DMAYAUSD_DEFINE_BOOST_DEBUG_PYTHON_FLAG=ON -DQT_LOCATION="P:\shared\Artifactory\Windows\qt\5.12.8\397faa2" -DCMAKE_MAKE_PROGRAM=P:/shared/Artifactory/Windows/ninja/1.9.0/c68f192/ninja.exe -DPYTHON_INCLUDE_DIR=P:/shared/Artifactory/Windows/python/2.7.11/833881c/Python/2.7.11/common/Include;P:/shared/Artifactory/Windows/python/2.7.11/fb03c9a/Python/2.7.11 -DPython_EXECUTABLE=P:/shared/Artifactory/Windows/python/2.7.11/fb03c9a/Python/2.7.11/DLLs/python_d.exe -DPYTHON_LIBRARIES=P:/shared/Artifactory/Windows/python/2.7.11/fb03c9a/Python/2.7.11/python27_d.lib DMAYAUSD_TO_USD_RELATIVE_PATH=../../../bin/USD "S:\jenkins\workspace\ecg-mayausd-branch-preflight-windows\ecg-maya-usd\maya-usd"
    
    Traceback (most recent call last):
      File "S:\jenkins\workspace\ecg-mayausd-branch-preflight-windows\ecg-maya-usd\maya-usd\build.py", line 604, in <module>
        BuildAndInstall(context, context.buildArgs, context.stagesArgs)
      File "S:\jenkins\workspace\ecg-mayausd-branch-preflight-windows\ecg-maya-usd\maya-usd\build.py", line 371, in BuildAndInstall
        RunCMake(context, extraArgs, stagesArgs)
      File "S:\jenkins\workspace\ecg-mayausd-branch-preflight-windows\ecg-maya-usd\maya-usd\build.py", line 273, in RunCMake
        extraArgs=(" ".join(extraArgs) if extraArgs else "")))
      File "S:\jenkins\workspace\ecg-mayausd-branch-preflight-windows\ecg-maya-usd\maya-usd\build.py", line 161, in Run
        .format(cmd=cmd, log=os.path.abspath(context.logFileLocation)))
    RuntimeError: Failed to run 'cmake -DCMAKE_INSTALL_PREFIX="S:\jenkins\workspace\ecg-mayausd-branch-preflight-windows\install\Debug" -DCMAKE_BUILD_TYPE=Debug -DCMAKE_EXPORT_COMPILE_COMMANDS=ON -G "Ninja" -DMAYA_LOCATION="P:\shared\Artifactory\Windows\rundev-master-python2\202006012130\runtime\34ce5f6\runTime" -DPXR_USD_LOCATION="P:\shared\Artifactory\Windows\USD\b1bad7a" -DMAYA_DEVKIT_LOCATION="P:\shared\Artifactory\Windows\rundev-master-python2\202006012130\runtime\34ce5f6\devkitBase" -DMAYAUSD_DEFINE_BOOST_DEBUG_PYTHON_FLAG=ON -DQT_LOCATION="P:\shared\Artifactory\Windows\qt\5.12.8\397faa2" -DCMAKE_MAKE_PROGRAM=P:/shared/Artifactory/Windows/ninja/1.9.0/c68f192/ninja.exe -DPYTHON_INCLUDE_DIR=P:/shared/Artifactory/Windows/python/2.7.11/833881c/Python/2.7.11/common/Include;P:/shared/Artifactory/Windows/python/2.7.11/fb03c9a/Python/2.7.11 -DPython_EXECUTABLE=P:/shared/Artifactory/Windows/python/2.7.11/fb03c9a/Python/2.7.11/DLLs/python_d.exe -DPYTHON_LIBRARIES=P:/shared/Artifactory/Windows/python/2.7.11/fb03c9a/Python/2.7.11/python27_d.lib DMAYAUSD_TO_USD_RELATIVE_PATH=../../../bin/USD "S:\jenkins\workspace\ecg-mayausd-branch-preflight-windows\ecg-maya-usd\maya-usd"'
    See S:\jenkins\workspace\ecg-mayausd-branch-preflight-windows\build\Debug\build_log.txt for more details.
build.py: error: Command failed with error code: 1
Deleting subst P:
[Pipeline] }
[Pipeline] // withEnv
[Pipeline] }
[Pipeline] // stage
[Pipeline] }
[Pipeline] // timestamps
[Pipeline] }
[Pipeline] // timeout
[Pipeline] emailextrecipients
[Pipeline] echo
No recipients to send notification.
[Pipeline] }
[Pipeline] // node
[Pipeline] End of Pipeline
ERROR: script returned exit code 1
Finished: FAILURE
