================================================================================
                                 setup (Debug)
================================================================================

================================================================================
                             setup (RelWithDebInfo)
================================================================================
[Pipeline] }
[Pipeline] // withEnv
[Pipeline] }
[Pipeline] // stage
[Pipeline] }
[Pipeline] // timestamps
[Pipeline] }
[Pipeline] // timeout
[Pipeline] timeout
Timeout set to expire in 6 hr 0 min
[Pipeline] {
[Pipeline] timestamps
[Pipeline] {
[Pipeline] stage
[Pipeline] { (Clean)
[Pipeline] withEnv
[Pipeline] {
[Pipeline] sh
[ecg-mayausd-branch-preflight-linux] Running shell script
+ scl enable devtoolset-6 -
python ecg-maya-usd/build.py --stages=clean --workspace-dir=/local/S/jenkins/workspace/ecg-mayausd-branch-preflight-linux --artifactory-dir=/local/S/jenkins/workspace/shared/Artifactory --build-dir=/local/S/jenkins/workspace/ecg-mayausd-branch-preflight-linux/build --install-dir=/local/S/jenkins/workspace/ecg-mayausd-branch-preflight-linux/install --signing-dir=/local/S/jenkins/workspace/ecg-mayausd-branch-preflight-linux/signing --package-dir=/local/S/jenkins/workspace/ecg-mayausd-branch-preflight-linux/package --output-dir=/local/S/jenkins/workspace/ecg-mayausd-branch-preflight-linux/output --stash-dir=/local/S/jenkins/workspace/ecg-mayausd-branch-preflight-linux/stash --jenkins-build=184 --git-commit=50af2b767bace3c098f6509a9a19071e0b45af23 --git-branch=master --stage-banner
Searching for available Maya cuts in /local/S/jenkins/workspace/shared/Artifactory/Linux/rundev-master-python2
Using Maya cut from /local/S/jenkins/workspace/shared/Artifactory/Linux/rundev-master-python2/202006012130/runtime/dd6a3f4

================================================================================
                                 clean (Debug)
================================================================================
running clean stage....................
In workdir: /home/S/jenkins/workspace/ecg-mayausd-branch-preflight-linux/ecg-maya-usd/maya-usd
Executing: python /home/S/jenkins/workspace/ecg-mayausd-branch-preflight-linux/ecg-maya-usd/maya-usd/build.py --generator Ninja --build-debug --maya-location /local/S/jenkins/workspace/shared/Artifactory/Linux/rundev-master-python2/202006012130/runtime/dd6a3f4/runTime --devkit-location /local/S/jenkins/workspace/shared/Artifactory/Linux/rundev-master-python2/202006012130/runtime/dd6a3f4/devkitBase --pxrusd-location /local/S/jenkins/workspace/shared/Artifactory/Linux/USD/faf4860 --qt-location /local/S/jenkins/workspace/shared/Artifactory/Linux/qt/5.12.8/364d2f7 --build-args=-DCMAKE_MAKE_PROGRAM=/local/S/jenkins/workspace/shared/Artifactory/Linux/ninja/1.9.0/aca9939/ninja,DMAYAUSD_TO_USD_RELATIVE_PATH=../../../bin/USD '--ctest-args=-E testUsdImportColorSets|testUsdImportUVSets|testUsdImportUVSetsFloat' --redirect-outstream-file=False /home/S/jenkins/workspace/ecg-mayausd-branch-preflight-linux --stages=clean
Modified environment variables:
    PATH=/local/S/jenkins/workspace/shared/Artifactory/Linux/cmake/3.14.4/656573b/bin:/opt/rh/devtoolset-6/root/usr/bin:/home/administrator/perl5/bin:/usr/local/bin:/usr/bin
    LD_LIBRARY_PATH=/opt/rh/devtoolset-6/root/usr/lib64:/opt/rh/devtoolset-6/root/usr/lib64:/opt/rh/devtoolset-6/root/usr/lib
    
        Building with settings:
          Source directory          /home/S/jenkins/workspace/ecg-mayausd-branch-preflight-linux/ecg-maya-usd/maya-usd
          Workspace directory       /home/S/jenkins/workspace/ecg-mayausd-branch-preflight-linux
          Build directory           /home/S/jenkins/workspace/ecg-mayausd-branch-preflight-linux/build/Debug
          Install directory         /home/S/jenkins/workspace/ecg-mayausd-branch-preflight-linux/install/Debug
          Variant                   Debug
          Python 3:                 Off
          Python Debug              Off
          CMake generator           Ninja
          Build arguments           ['-DCMAKE_MAKE_PROGRAM=/local/S/jenkins/workspace/shared/Artifactory/Linux/ninja/1.9.0/aca9939/ninja', 'DMAYAUSD_TO_USD_RELATIVE_PATH=../../../bin/USD']
          Stages arguments          ['clean']
          CTest arguments           ['-E testUsdImportColorSets|testUsdImportUVSets|testUsdImportUVSetsFloat']
    Success MayaUSD build and install !!!!
    Elapsed time: 00:00:00

================================================================================
                             clean (RelWithDebInfo)
================================================================================
running clean stage....................
In workdir: /home/S/jenkins/workspace/ecg-mayausd-branch-preflight-linux/ecg-maya-usd/maya-usd
Executing: python /home/S/jenkins/workspace/ecg-mayausd-branch-preflight-linux/ecg-maya-usd/maya-usd/build.py --generator Ninja --build-relwithdebug --maya-location /local/S/jenkins/workspace/shared/Artifactory/Linux/rundev-master-python2/202006012130/runtime/dd6a3f4/runTime --devkit-location /local/S/jenkins/workspace/shared/Artifactory/Linux/rundev-master-python2/202006012130/runtime/dd6a3f4/devkitBase --pxrusd-location /local/S/jenkins/workspace/shared/Artifactory/Linux/USD/4d542f1 --qt-location /local/S/jenkins/workspace/shared/Artifactory/Linux/qt/5.12.8/364d2f7 --build-args=-DCMAKE_MAKE_PROGRAM=/local/S/jenkins/workspace/shared/Artifactory/Linux/ninja/1.9.0/aca9939/ninja,DMAYAUSD_TO_USD_RELATIVE_PATH=../../../bin/USD '--ctest-args=-E testUsdImportColorSets|testUsdImportUVSets|testUsdImportUVSetsFloat' --redirect-outstream-file=False /home/S/jenkins/workspace/ecg-mayausd-branch-preflight-linux --stages=clean
Modified environment variables:
    PATH=/local/S/jenkins/workspace/shared/Artifactory/Linux/cmake/3.14.4/656573b/bin:/opt/rh/devtoolset-6/root/usr/bin:/home/administrator/perl5/bin:/usr/local/bin:/usr/bin
    LD_LIBRARY_PATH=/opt/rh/devtoolset-6/root/usr/lib64:/opt/rh/devtoolset-6/root/usr/lib64:/opt/rh/devtoolset-6/root/usr/lib
    
        Building with settings:
          Source directory          /home/S/jenkins/workspace/ecg-mayausd-branch-preflight-linux/ecg-maya-usd/maya-usd
          Workspace directory       /home/S/jenkins/workspace/ecg-mayausd-branch-preflight-linux
          Build directory           /home/S/jenkins/workspace/ecg-mayausd-branch-preflight-linux/build/RelWithDebInfo
          Install directory         /home/S/jenkins/workspace/ecg-mayausd-branch-preflight-linux/install/RelWithDebInfo
          Variant                   RelWithDebInfo
          Python 3:                 Off
          Python Debug              Off
          CMake generator           Ninja
          Build arguments           ['-DCMAKE_MAKE_PROGRAM=/local/S/jenkins/workspace/shared/Artifactory/Linux/ninja/1.9.0/aca9939/ninja', 'DMAYAUSD_TO_USD_RELATIVE_PATH=../../../bin/USD']
          Stages arguments          ['clean']
          CTest arguments           ['-E testUsdImportColorSets|testUsdImportUVSets|testUsdImportUVSetsFloat']
    Success MayaUSD build and install !!!!
    Elapsed time: 00:00:00
[Pipeline] }
[Pipeline] // withEnv
[Pipeline] }
[Pipeline] // stage
[Pipeline] }
[Pipeline] // timestamps
[Pipeline] }
[Pipeline] // timeout
[Pipeline] timeout
Timeout set to expire in 6 hr 0 min
[Pipeline] {
[Pipeline] timestamps
[Pipeline] {
[Pipeline] stage
[Pipeline] { (Configure)
[Pipeline] withEnv
[Pipeline] {
[Pipeline] sh
[ecg-mayausd-branch-preflight-linux] Running shell script
+ scl enable devtoolset-6 -
python ecg-maya-usd/build.py --stages=configure --workspace-dir=/local/S/jenkins/workspace/ecg-mayausd-branch-preflight-linux --artifactory-dir=/local/S/jenkins/workspace/shared/Artifactory --build-dir=/local/S/jenkins/workspace/ecg-mayausd-branch-preflight-linux/build --install-dir=/local/S/jenkins/workspace/ecg-mayausd-branch-preflight-linux/install --signing-dir=/local/S/jenkins/workspace/ecg-mayausd-branch-preflight-linux/signing --package-dir=/local/S/jenkins/workspace/ecg-mayausd-branch-preflight-linux/package --output-dir=/local/S/jenkins/workspace/ecg-mayausd-branch-preflight-linux/output --stash-dir=/local/S/jenkins/workspace/ecg-mayausd-branch-preflight-linux/stash --jenkins-build=184 --git-commit=50af2b767bace3c098f6509a9a19071e0b45af23 --git-branch=master --stage-banner
Searching for available Maya cuts in /local/S/jenkins/workspace/shared/Artifactory/Linux/rundev-master-python2
Using Maya cut from /local/S/jenkins/workspace/shared/Artifactory/Linux/rundev-master-python2/202006012130/runtime/dd6a3f4

================================================================================
                               configure (Debug)
================================================================================
running configure stage....................
In workdir: /home/S/jenkins/workspace/ecg-mayausd-branch-preflight-linux/ecg-maya-usd/maya-usd
Executing: python /home/S/jenkins/workspace/ecg-mayausd-branch-preflight-linux/ecg-maya-usd/maya-usd/build.py --generator Ninja --build-debug --maya-location /local/S/jenkins/workspace/shared/Artifactory/Linux/rundev-master-python2/202006012130/runtime/dd6a3f4/runTime --devkit-location /local/S/jenkins/workspace/shared/Artifactory/Linux/rundev-master-python2/202006012130/runtime/dd6a3f4/devkitBase --pxrusd-location /local/S/jenkins/workspace/shared/Artifactory/Linux/USD/faf4860 --qt-location /local/S/jenkins/workspace/shared/Artifactory/Linux/qt/5.12.8/364d2f7 --build-args=-DCMAKE_MAKE_PROGRAM=/local/S/jenkins/workspace/shared/Artifactory/Linux/ninja/1.9.0/aca9939/ninja,DMAYAUSD_TO_USD_RELATIVE_PATH=../../../bin/USD '--ctest-args=-E testUsdImportColorSets|testUsdImportUVSets|testUsdImportUVSetsFloat' --redirect-outstream-file=False /home/S/jenkins/workspace/ecg-mayausd-branch-preflight-linux --stages=configure
Modified environment variables:
    PATH=/local/S/jenkins/workspace/shared/Artifactory/Linux/cmake/3.14.4/656573b/bin:/opt/rh/devtoolset-6/root/usr/bin:/home/administrator/perl5/bin:/usr/local/bin:/usr/bin
    LD_LIBRARY_PATH=/opt/rh/devtoolset-6/root/usr/lib64:/opt/rh/devtoolset-6/root/usr/lib64:/opt/rh/devtoolset-6/root/usr/lib
    -- The C compiler identification is GNU 6.3.1
    -- The CXX compiler identification is GNU 6.3.1
    -- Check for working C compiler: /opt/rh/devtoolset-6/root/usr/bin/cc
    -- Check for working C compiler: /opt/rh/devtoolset-6/root/usr/bin/cc -- works
    -- Detecting C compiler ABI info
    -- Detecting C compiler ABI info - done
    -- Detecting C compile features
    -- Detecting C compile features - done
    -- Check for working CXX compiler: /opt/rh/devtoolset-6/root/usr/bin/c++
    -- Check for working CXX compiler: /opt/rh/devtoolset-6/root/usr/bin/c++ -- works
    -- Detecting CXX compiler ABI info
    -- Detecting CXX compiler ABI info - done
    -- Detecting CXX compile features
    -- Detecting CXX compile features - done
    -- Found Python: /usr/bin/python2.7 (found suitable exact version "2.7.5") found components:  Interpreter
    -- _PYTHON_VERSION_LIST: 2.7.5.final.0
    -- PYTHON_PREFIX: /usr
    -- PYTHON_INCLUDE_DIR: /usr/include/python2.7
    -- PYTHON_SITE_PACKAGES: /usr/lib64/python2.7/site-packages
    -- PYTHON_MODULE_EXTENSION: .so
    -- PYTHON_IS_DEBUG: 0
    -- PYTHON_SIZEOF_VOID_P: 8
    -- PYTHON_LIBRARY_SUFFIX: 2.7
    -- PYTHON_LIBDIR: /usr/lib64
    -- PYTHON_MULTIARCH:
    -- Found PythonLibs: /usr/lib64/libpython2.7.so
    -- Building with Python:
    --    PYTHON_INCLUDE_DIRS = /usr/include/python2.7
    --    PYTHON_LIBRARIES    = /usr/lib64/libpython2.7.so
    --    Python_EXECUTABLE   = /usr/bin/python2.7
    CMake Error at /home/S/jenkins/workspace/shared/Artifactory/Linux/cmake/3.14.4/656573b/share/cmake-3.14/Modules/FindPackageHandleStandardArgs.cmake:137 (message):
      Could NOT find Maya (missing: MAYA_PY_EXECUTABLE) (found suitable version
      "2021", minimum required is "2018")
    Call Stack (most recent call first):
      /home/S/jenkins/workspace/shared/Artifactory/Linux/cmake/3.14.4/656573b/share/cmake-3.14/Modules/FindPackageHandleStandardArgs.cmake:378 (_FPHSA_FAILURE_MESSAGE)
      cmake/modules/FindMaya.cmake:281 (find_package_handle_standard_args)
      CMakeLists.txt:93 (find_package)
    
    
    -- Configuring incomplete, errors occurred!
    See also "/home/S/jenkins/workspace/ecg-mayausd-branch-preflight-linux/build/Debug/CMakeFiles/CMakeOutput.log".
    
        Building with settings:
          Source directory          /home/S/jenkins/workspace/ecg-mayausd-branch-preflight-linux/ecg-maya-usd/maya-usd
          Workspace directory       /home/S/jenkins/workspace/ecg-mayausd-branch-preflight-linux
          Build directory           /home/S/jenkins/workspace/ecg-mayausd-branch-preflight-linux/build/Debug
          Install directory         /home/S/jenkins/workspace/ecg-mayausd-branch-preflight-linux/install/Debug
          Variant                   Debug
          Python 3:                 Off
          Python Debug              Off
          CMake generator           Ninja
          Build arguments           ['-DCMAKE_MAKE_PROGRAM=/local/S/jenkins/workspace/shared/Artifactory/Linux/ninja/1.9.0/aca9939/ninja', 'DMAYAUSD_TO_USD_RELATIVE_PATH=../../../bin/USD']
          Stages arguments          ['configure']
          CTest arguments           ['-E testUsdImportColorSets|testUsdImportUVSets|testUsdImportUVSetsFloat']
    #####################################################################################
    log date: 2020-06-02 15:08
    commit sha: 66b2255ab7c55c6f86ac5415171a44146b5661f0
    commit date: Tue Jun 2 15:35:28 2020 -0400
    #####################################################################################
    
    cmake -DCMAKE_INSTALL_PREFIX="/home/S/jenkins/workspace/ecg-mayausd-branch-preflight-linux/install/Debug" -DCMAKE_BUILD_TYPE=Debug -DCMAKE_EXPORT_COMPILE_COMMANDS=ON -G "Ninja" -DMAYA_LOCATION="/local/S/jenkins/workspace/shared/Artifactory/Linux/rundev-master-python2/202006012130/runtime/dd6a3f4/runTime" -DPXR_USD_LOCATION="/local/S/jenkins/workspace/shared/Artifactory/Linux/USD/faf4860" -DMAYA_DEVKIT_LOCATION="/local/S/jenkins/workspace/shared/Artifactory/Linux/rundev-master-python2/202006012130/runtime/dd6a3f4/devkitBase" -DMAYAUSD_DEFINE_BOOST_DEBUG_PYTHON_FLAG=OFF -DQT_LOCATION="/local/S/jenkins/workspace/shared/Artifactory/Linux/qt/5.12.8/364d2f7" -DCMAKE_MAKE_PROGRAM=/local/S/jenkins/workspace/shared/Artifactory/Linux/ninja/1.9.0/aca9939/ninja DMAYAUSD_TO_USD_RELATIVE_PATH=../../../bin/USD "/home/S/jenkins/workspace/ecg-mayausd-branch-preflight-linux/ecg-maya-usd/maya-usd"
    
    Traceback (most recent call last):
      File "/home/S/jenkins/workspace/ecg-mayausd-branch-preflight-linux/ecg-maya-usd/maya-usd/build.py", line 604, in <module>
        BuildAndInstall(context, context.buildArgs, context.stagesArgs)
      File "/home/S/jenkins/workspace/ecg-mayausd-branch-preflight-linux/ecg-maya-usd/maya-usd/build.py", line 371, in BuildAndInstall
        RunCMake(context, extraArgs, stagesArgs)
      File "/home/S/jenkins/workspace/ecg-mayausd-branch-preflight-linux/ecg-maya-usd/maya-usd/build.py", line 273, in RunCMake
        extraArgs=(" ".join(extraArgs) if extraArgs else "")))
      File "/home/S/jenkins/workspace/ecg-mayausd-branch-preflight-linux/ecg-maya-usd/maya-usd/build.py", line 161, in Run
        .format(cmd=cmd, log=os.path.abspath(context.logFileLocation)))
    RuntimeError: Failed to run 'cmake -DCMAKE_INSTALL_PREFIX="/home/S/jenkins/workspace/ecg-mayausd-branch-preflight-linux/install/Debug" -DCMAKE_BUILD_TYPE=Debug -DCMAKE_EXPORT_COMPILE_COMMANDS=ON -G "Ninja" -DMAYA_LOCATION="/local/S/jenkins/workspace/shared/Artifactory/Linux/rundev-master-python2/202006012130/runtime/dd6a3f4/runTime" -DPXR_USD_LOCATION="/local/S/jenkins/workspace/shared/Artifactory/Linux/USD/faf4860" -DMAYA_DEVKIT_LOCATION="/local/S/jenkins/workspace/shared/Artifactory/Linux/rundev-master-python2/202006012130/runtime/dd6a3f4/devkitBase" -DMAYAUSD_DEFINE_BOOST_DEBUG_PYTHON_FLAG=OFF -DQT_LOCATION="/local/S/jenkins/workspace/shared/Artifactory/Linux/qt/5.12.8/364d2f7" -DCMAKE_MAKE_PROGRAM=/local/S/jenkins/workspace/shared/Artifactory/Linux/ninja/1.9.0/aca9939/ninja DMAYAUSD_TO_USD_RELATIVE_PATH=../../../bin/USD "/home/S/jenkins/workspace/ecg-mayausd-branch-preflight-linux/ecg-maya-usd/maya-usd"'
    See /home/S/jenkins/workspace/ecg-mayausd-branch-preflight-linux/build/Debug/build_log.txt for more details.
build.py: error: Command failed with error code: 1
[Pipeline] }
[Pipeline] // withEnv
[Pipeline] }
[Pipeline] // stage
[Pipeline] }
[Pipeline] // timestamps
[Pipeline] }
[Pipeline] // timeout
[Pipeline] emailextrecipients
[Pipeline] echo
No recipients to send notification.
[Pipeline] }
[Pipeline] // node
[Pipeline] End of Pipeline
ERROR: script returned exit code 1
Finished: FAILURE
