================================================================================
                                 setup (Debug)
================================================================================
[Pipeline] }
[Pipeline] // withEnv
[Pipeline] withEnv
[Pipeline] {
[Pipeline] sh
[ecg-mayausd-branch-preflight-cotd-python3-pxrusd-max-interactive-linux] Running shell script
+ scl enable devtoolset-6 -
python ecg-maya-usd/build.py --stages=setup --workspace-dir=/local/S/jenkins/workspace/ecg-mayausd-branch-preflight-cotd-python3-pxrusd-max-interactive-linux --artifactory-dir=/local/S/jenkins/workspace/shared/Artifactory --build-dir=/local/S/jenkins/workspace/ecg-mayausd-branch-preflight-cotd-python3-pxrusd-max-interactive-linux/build --install-dir=/local/S/jenkins/workspace/ecg-mayausd-branch-preflight-cotd-python3-pxrusd-max-interactive-linux/install --signing-dir=/local/S/jenkins/workspace/ecg-mayausd-branch-preflight-cotd-python3-pxrusd-max-interactive-linux/signing --package-dir=/local/S/jenkins/workspace/ecg-mayausd-branch-preflight-cotd-python3-pxrusd-max-interactive-linux/package --output-dir=/local/S/jenkins/workspace/ecg-mayausd-branch-preflight-cotd-python3-pxrusd-max-interactive-linux/output --stash-dir=/local/S/jenkins/workspace/ecg-mayausd-branch-preflight-cotd-python3-pxrusd-max-interactive-linux/stash --jenkins-build=936 --git-commit=163d7781121257ef6577827bd52f8e6d65d9fe35 --git-branch=master --variants=RelWithDebInfo --python=3.9 --interactive-tests=true --post-zips=false --extra-license-file=ecg-maya-usd/jenkins/melicense.lic --prune-versions=3 --prune-revisions=3 --maya-cut-config=maya-rundev-master.yaml --stage-banner --prune-artifacts --force-pruning
Using Maya cut from /local/S/jenkins/workspace/shared/Artifactory/Linux/rundev-master/202203071515/runtime/a4eec64

================================================================================
                             setup (RelWithDebInfo)
================================================================================
[Pipeline] }
[Pipeline] // withEnv
[Pipeline] }
[Pipeline] // stage
[Pipeline] }
[Pipeline] // timestamps
[Pipeline] }
[Pipeline] // timeout
[Pipeline] timeout
Timeout set to expire in 6 hr 0 min
[Pipeline] {
[Pipeline] timestamps
[Pipeline] {
[Pipeline] stage
[Pipeline] { (Clean)
[Pipeline] withEnv
[Pipeline] {
[Pipeline] sh
[ecg-mayausd-branch-preflight-cotd-python3-pxrusd-max-interactive-linux] Running shell script
+ scl enable devtoolset-6 -
python ecg-maya-usd/build.py --stages=clean --workspace-dir=/local/S/jenkins/workspace/ecg-mayausd-branch-preflight-cotd-python3-pxrusd-max-interactive-linux --artifactory-dir=/local/S/jenkins/workspace/shared/Artifactory --build-dir=/local/S/jenkins/workspace/ecg-mayausd-branch-preflight-cotd-python3-pxrusd-max-interactive-linux/build --install-dir=/local/S/jenkins/workspace/ecg-mayausd-branch-preflight-cotd-python3-pxrusd-max-interactive-linux/install --signing-dir=/local/S/jenkins/workspace/ecg-mayausd-branch-preflight-cotd-python3-pxrusd-max-interactive-linux/signing --package-dir=/local/S/jenkins/workspace/ecg-mayausd-branch-preflight-cotd-python3-pxrusd-max-interactive-linux/package --output-dir=/local/S/jenkins/workspace/ecg-mayausd-branch-preflight-cotd-python3-pxrusd-max-interactive-linux/output --stash-dir=/local/S/jenkins/workspace/ecg-mayausd-branch-preflight-cotd-python3-pxrusd-max-interactive-linux/stash --jenkins-build=936 --git-commit=163d7781121257ef6577827bd52f8e6d65d9fe35 --git-branch=master --variants=Debug --python=3.9 --interactive-tests=true --post-zips=false --maya-cut-config=maya-rundev-master-debug.yaml --stage-banner
Using Maya cut from /local/S/jenkins/workspace/shared/Artifactory/Linux/rundev-master-debug/202203061515/runtime/de58161

================================================================================
                                 clean (Debug)
================================================================================
Maya Python Debug Info:
  mayapy executable   = /local/S/jenkins/workspace/shared/Artifactory/Linux/rundev-master-debug/202203061515/runtime/de58161/runTime/bin/mayapy
  Include Folder      = /local/S/jenkins/workspace/shared/Artifactory/Linux/rundev-master-debug/202203061515/runtime/de58161/runTime/include/Python39/Python
  Library             = /local/S/jenkins/workspace/shared/Artifactory/Linux/rundev-master-debug/202203061515/runtime/de58161/runTime/lib/libpython3.9d.so.1.0
  site-package Folder = /local/S/jenkins/workspace/shared/Artifactory/Linux/rundev-master-debug/202203061515/runtime/de58161/runTime/lib/python3.9/site-packages
In workdir: /home/S/jenkins/workspace/ecg-mayausd-branch-preflight-cotd-python3-pxrusd-max-interactive-linux/ecg-maya-usd/maya-usd
Executing: /local/S/jenkins/workspace/shared/Artifactory/Linux/rundev-master-debug/202203061515/runtime/de58161/runTime/bin/mayapy /home/S/jenkins/workspace/ecg-mayausd-branch-preflight-cotd-python3-pxrusd-max-interactive-linux/ecg-maya-usd/maya-usd/build.py --generator Ninja --build-debug --maya-location /local/S/jenkins/workspace/shared/Artifactory/Linux/rundev-master-debug/202203061515/runtime/de58161/runTime --devkit-location /local/S/jenkins/workspace/shared/Artifactory/Linux/rundev-master-debug/202203061515/runtime/de58161/devkitBase --pxrusd-location /local/S/jenkins/workspace/shared/Artifactory/Linux/USD/e8231c9 --qt-location /local/S/jenkins/workspace/shared/Artifactory/Linux/qt/5.15.2/95656d9 --build-args=-DCMAKE_MAKE_PROGRAM=/local/S/jenkins/workspace/shared/Artifactory/Linux/ninja/1.9.0/aca9939/ninja,-DPYTHON_INCLUDE_DIR=/local/S/jenkins/workspace/shared/Artifactory/Linux/rundev-master-debug/202203061515/runtime/de58161/runTime/include/Python39/Python,-DPython_EXECUTABLE=/local/S/jenkins/workspace/shared/Artifactory/Linux/rundev-master-debug/202203061515/runtime/de58161/runTime/bin/mayapy,-DPYTHON_LIBRARIES=/local/S/jenkins/workspace/shared/Artifactory/Linux/rundev-master-debug/202203061515/runtime/de58161/runTime/lib/libpython3.9d.so.1.0,-DBUILD_WITH_PYTHON_3=ON,-DBUILD_WITH_PYTHON_3_VERSION=3.9,-DUSD_LIB_PREFIX=lib,-DCMAKE_WANT_MATERIALX_BUILD=ON,-DCMAKE_PREFIX_PATH=/local/S/jenkins/workspace/shared/Artifactory/Linux/USD/e8231c9 --debug-python '--ctest-args=-E testUsdReferenceAssemblySelection|testUsdMayaAppDir,--parallel 16' --stages=clean --redirect-outstream-file=False --install-location /local/S/jenkins/workspace/ecg-mayausd-branch-preflight-cotd-python3-pxrusd-max-interactive-linux/install/Debug/MayaUSD /local/S/jenkins/workspace/ecg-mayausd-branch-preflight-cotd-python3-pxrusd-max-interactive-linux
Modified environment variables:
    PATH=/local/S/jenkins/workspace/shared/Artifactory/Linux/cmake/3.14.4/656573b/bin:/opt/rh/devtoolset-6/root/usr/bin:/usr/local/bin:/usr/local/sbin:/usr/bin:/usr/sbin:/bin:/sbin:/home/administrator/.local/bin:/home/administrator/bin
    LD_LIBRARY_PATH=/opt/rh/devtoolset-6/root/usr/lib64:/opt/rh/devtoolset-6/root/usr/lib64:/opt/rh/devtoolset-6/root/usr/lib
    
        Building with settings:
          Source directory          /home/S/jenkins/workspace/ecg-mayausd-branch-preflight-cotd-python3-pxrusd-max-interactive-linux/ecg-maya-usd/maya-usd
          Workspace directory       /local/S/jenkins/workspace/ecg-mayausd-branch-preflight-cotd-python3-pxrusd-max-interactive-linux
          Build directory           /local/S/jenkins/workspace/ecg-mayausd-branch-preflight-cotd-python3-pxrusd-max-interactive-linux/build/Debug
          Install directory         /local/S/jenkins/workspace/ecg-mayausd-branch-preflight-cotd-python3-pxrusd-max-interactive-linux/install/Debug/MayaUSD
          Variant                   Debug
          Python Debug              On
          CMake generator           Ninja
          Build arguments           ['-DCMAKE_MAKE_PROGRAM=/local/S/jenkins/workspace/shared/Artifactory/Linux/ninja/1.9.0/aca9939/ninja', '-DPYTHON_INCLUDE_DIR=/local/S/jenkins/workspace/shared/Artifactory/Linux/rundev-master-debug/202203061515/runtime/de58161/runTime/include/Python39/Python', '-DPython_EXECUTABLE=/local/S/jenkins/workspace/shared/Artifactory/Linux/rundev-master-debug/202203061515/runtime/de58161/runTime/bin/mayapy', '-DPYTHON_LIBRARIES=/local/S/jenkins/workspace/shared/Artifactory/Linux/rundev-master-debug/202203061515/runtime/de58161/runTime/lib/libpython3.9d.so.1.0', '-DBUILD_WITH_PYTHON_3=ON', '-DBUILD_WITH_PYTHON_3_VERSION=3.9', '-DUSD_LIB_PREFIX=lib', '-DCMAKE_WANT_MATERIALX_BUILD=ON', '-DCMAKE_PREFIX_PATH=/local/S/jenkins/workspace/shared/Artifactory/Linux/USD/e8231c9']
          Stages arguments          ['clean']
          CTest arguments           ['-E testUsdReferenceAssemblySelection|testUsdMayaAppDir', '--parallel 16']
    Success MayaUSD build and install !!!!
    Elapsed time: 00:00:00
[Pipeline] }
[Pipeline] // withEnv
[Pipeline] withEnv
[Pipeline] {
[Pipeline] sh
[ecg-mayausd-branch-preflight-cotd-python3-pxrusd-max-interactive-linux] Running shell script
+ scl enable devtoolset-6 -
python ecg-maya-usd/build.py --stages=clean --workspace-dir=/local/S/jenkins/workspace/ecg-mayausd-branch-preflight-cotd-python3-pxrusd-max-interactive-linux --artifactory-dir=/local/S/jenkins/workspace/shared/Artifactory --build-dir=/local/S/jenkins/workspace/ecg-mayausd-branch-preflight-cotd-python3-pxrusd-max-interactive-linux/build --install-dir=/local/S/jenkins/workspace/ecg-mayausd-branch-preflight-cotd-python3-pxrusd-max-interactive-linux/install --signing-dir=/local/S/jenkins/workspace/ecg-mayausd-branch-preflight-cotd-python3-pxrusd-max-interactive-linux/signing --package-dir=/local/S/jenkins/workspace/ecg-mayausd-branch-preflight-cotd-python3-pxrusd-max-interactive-linux/package --output-dir=/local/S/jenkins/workspace/ecg-mayausd-branch-preflight-cotd-python3-pxrusd-max-interactive-linux/output --stash-dir=/local/S/jenkins/workspace/ecg-mayausd-branch-preflight-cotd-python3-pxrusd-max-interactive-linux/stash --jenkins-build=936 --git-commit=163d7781121257ef6577827bd52f8e6d65d9fe35 --git-branch=master --variants=RelWithDebInfo --python=3.9 --interactive-tests=true --post-zips=false --maya-cut-config=maya-rundev-master.yaml --stage-banner
Using Maya cut from /local/S/jenkins/workspace/shared/Artifactory/Linux/rundev-master/202203071515/runtime/a4eec64

================================================================================
                             clean (RelWithDebInfo)
================================================================================
Maya Python RelWithDebInfo Info:
  mayapy executable   = /local/S/jenkins/workspace/shared/Artifactory/Linux/rundev-master/202203071515/runtime/a4eec64/runTime/bin/mayapy
  Include Folder      = /local/S/jenkins/workspace/shared/Artifactory/Linux/rundev-master/202203071515/runtime/a4eec64/runTime/include/Python39/Python
  Library             = /local/S/jenkins/workspace/shared/Artifactory/Linux/rundev-master/202203071515/runtime/a4eec64/runTime/lib/libpython3.9.so.1.0
  site-package Folder = /local/S/jenkins/workspace/shared/Artifactory/Linux/rundev-master/202203071515/runtime/a4eec64/runTime/lib/python3.9/site-packages
In workdir: /home/S/jenkins/workspace/ecg-mayausd-branch-preflight-cotd-python3-pxrusd-max-interactive-linux/ecg-maya-usd/maya-usd
Executing: /local/S/jenkins/workspace/shared/Artifactory/Linux/rundev-master/202203071515/runtime/a4eec64/runTime/bin/mayapy /home/S/jenkins/workspace/ecg-mayausd-branch-preflight-cotd-python3-pxrusd-max-interactive-linux/ecg-maya-usd/maya-usd/build.py --generator Ninja --build-relwithdebug --maya-location /local/S/jenkins/workspace/shared/Artifactory/Linux/rundev-master/202203071515/runtime/a4eec64/runTime --devkit-location /local/S/jenkins/workspace/shared/Artifactory/Linux/rundev-master/202203071515/runtime/a4eec64/devkitBase --pxrusd-location /local/S/jenkins/workspace/shared/Artifactory/Linux/USD/e2b89ce --qt-location /local/S/jenkins/workspace/shared/Artifactory/Linux/qt/5.15.2/95656d9 --build-args=-DCMAKE_MAKE_PROGRAM=/local/S/jenkins/workspace/shared/Artifactory/Linux/ninja/1.9.0/aca9939/ninja,-DPYTHON_INCLUDE_DIR=/local/S/jenkins/workspace/shared/Artifactory/Linux/rundev-master/202203071515/runtime/a4eec64/runTime/include/Python39/Python,-DPython_EXECUTABLE=/local/S/jenkins/workspace/shared/Artifactory/Linux/rundev-master/202203071515/runtime/a4eec64/runTime/bin/mayapy,-DPYTHON_LIBRARIES=/local/S/jenkins/workspace/shared/Artifactory/Linux/rundev-master/202203071515/runtime/a4eec64/runTime/lib/libpython3.9.so.1.0,-DBUILD_WITH_PYTHON_3=ON,-DBUILD_WITH_PYTHON_3_VERSION=3.9,-DUSD_LIB_PREFIX=lib,-DCMAKE_WANT_MATERIALX_BUILD=ON,-DCMAKE_PREFIX_PATH=/local/S/jenkins/workspace/shared/Artifactory/Linux/USD/e2b89ce '--ctest-args=-E testUsdReferenceAssemblySelection|testUsdMayaAppDir,--parallel 16' --stages=clean --redirect-outstream-file=False --install-location /local/S/jenkins/workspace/ecg-mayausd-branch-preflight-cotd-python3-pxrusd-max-interactive-linux/install/RelWithDebInfo/MayaUSD /local/S/jenkins/workspace/ecg-mayausd-branch-preflight-cotd-python3-pxrusd-max-interactive-linux
Modified environment variables:
    PATH=/local/S/jenkins/workspace/shared/Artifactory/Linux/cmake/3.14.4/656573b/bin:/opt/rh/devtoolset-6/root/usr/bin:/usr/local/bin:/usr/local/sbin:/usr/bin:/usr/sbin:/bin:/sbin:/home/administrator/.local/bin:/home/administrator/bin
    LD_LIBRARY_PATH=/opt/rh/devtoolset-6/root/usr/lib64:/opt/rh/devtoolset-6/root/usr/lib64:/opt/rh/devtoolset-6/root/usr/lib
    
        Building with settings:
          Source directory          /home/S/jenkins/workspace/ecg-mayausd-branch-preflight-cotd-python3-pxrusd-max-interactive-linux/ecg-maya-usd/maya-usd
          Workspace directory       /local/S/jenkins/workspace/ecg-mayausd-branch-preflight-cotd-python3-pxrusd-max-interactive-linux
          Build directory           /local/S/jenkins/workspace/ecg-mayausd-branch-preflight-cotd-python3-pxrusd-max-interactive-linux/build/RelWithDebInfo
          Install directory         /local/S/jenkins/workspace/ecg-mayausd-branch-preflight-cotd-python3-pxrusd-max-interactive-linux/install/RelWithDebInfo/MayaUSD
          Variant                   RelWithDebInfo
          Python Debug              Off
          CMake generator           Ninja
          Build arguments           ['-DCMAKE_MAKE_PROGRAM=/local/S/jenkins/workspace/shared/Artifactory/Linux/ninja/1.9.0/aca9939/ninja', '-DPYTHON_INCLUDE_DIR=/local/S/jenkins/workspace/shared/Artifactory/Linux/rundev-master/202203071515/runtime/a4eec64/runTime/include/Python39/Python', '-DPython_EXECUTABLE=/local/S/jenkins/workspace/shared/Artifactory/Linux/rundev-master/202203071515/runtime/a4eec64/runTime/bin/mayapy', '-DPYTHON_LIBRARIES=/local/S/jenkins/workspace/shared/Artifactory/Linux/rundev-master/202203071515/runtime/a4eec64/runTime/lib/libpython3.9.so.1.0', '-DBUILD_WITH_PYTHON_3=ON', '-DBUILD_WITH_PYTHON_3_VERSION=3.9', '-DUSD_LIB_PREFIX=lib', '-DCMAKE_WANT_MATERIALX_BUILD=ON', '-DCMAKE_PREFIX_PATH=/local/S/jenkins/workspace/shared/Artifactory/Linux/USD/e2b89ce']
          Stages arguments          ['clean']
          CTest arguments           ['-E testUsdReferenceAssemblySelection|testUsdMayaAppDir', '--parallel 16']
    Success MayaUSD build and install !!!!
    Elapsed time: 00:00:00
[Pipeline] }
[Pipeline] // withEnv
[Pipeline] }
[Pipeline] // stage
[Pipeline] }
[Pipeline] // timestamps
[Pipeline] }
[Pipeline] // timeout
[Pipeline] timeout
Timeout set to expire in 6 hr 0 min
[Pipeline] {
[Pipeline] timestamps
[Pipeline] {
[Pipeline] stage
[Pipeline] { (Configure)
[Pipeline] withEnv
[Pipeline] {
[Pipeline] sh
[ecg-mayausd-branch-preflight-cotd-python3-pxrusd-max-interactive-linux] Running shell script
+ scl enable devtoolset-6 -
python ecg-maya-usd/build.py --stages=configure --workspace-dir=/local/S/jenkins/workspace/ecg-mayausd-branch-preflight-cotd-python3-pxrusd-max-interactive-linux --artifactory-dir=/local/S/jenkins/workspace/shared/Artifactory --build-dir=/local/S/jenkins/workspace/ecg-mayausd-branch-preflight-cotd-python3-pxrusd-max-interactive-linux/build --install-dir=/local/S/jenkins/workspace/ecg-mayausd-branch-preflight-cotd-python3-pxrusd-max-interactive-linux/install --signing-dir=/local/S/jenkins/workspace/ecg-mayausd-branch-preflight-cotd-python3-pxrusd-max-interactive-linux/signing --package-dir=/local/S/jenkins/workspace/ecg-mayausd-branch-preflight-cotd-python3-pxrusd-max-interactive-linux/package --output-dir=/local/S/jenkins/workspace/ecg-mayausd-branch-preflight-cotd-python3-pxrusd-max-interactive-linux/output --stash-dir=/local/S/jenkins/workspace/ecg-mayausd-branch-preflight-cotd-python3-pxrusd-max-interactive-linux/stash --jenkins-build=936 --git-commit=163d7781121257ef6577827bd52f8e6d65d9fe35 --git-branch=master --variants=Debug --python=3.9 --interactive-tests=true --post-zips=false --maya-cut-config=maya-rundev-master-debug.yaml --stage-banner
Using Maya cut from /local/S/jenkins/workspace/shared/Artifactory/Linux/rundev-master-debug/202203061515/runtime/de58161

================================================================================
                               configure (Debug)
================================================================================
Maya Python Debug Info:
  mayapy executable   = /local/S/jenkins/workspace/shared/Artifactory/Linux/rundev-master-debug/202203061515/runtime/de58161/runTime/bin/mayapy
  Include Folder      = /local/S/jenkins/workspace/shared/Artifactory/Linux/rundev-master-debug/202203061515/runtime/de58161/runTime/include/Python39/Python
  Library             = /local/S/jenkins/workspace/shared/Artifactory/Linux/rundev-master-debug/202203061515/runtime/de58161/runTime/lib/libpython3.9d.so.1.0
  site-package Folder = /local/S/jenkins/workspace/shared/Artifactory/Linux/rundev-master-debug/202203061515/runtime/de58161/runTime/lib/python3.9/site-packages
In workdir: /home/S/jenkins/workspace/ecg-mayausd-branch-preflight-cotd-python3-pxrusd-max-interactive-linux/ecg-maya-usd/maya-usd
Executing: /local/S/jenkins/workspace/shared/Artifactory/Linux/rundev-master-debug/202203061515/runtime/de58161/runTime/bin/mayapy /home/S/jenkins/workspace/ecg-mayausd-branch-preflight-cotd-python3-pxrusd-max-interactive-linux/ecg-maya-usd/maya-usd/build.py --generator Ninja --build-debug --maya-location /local/S/jenkins/workspace/shared/Artifactory/Linux/rundev-master-debug/202203061515/runtime/de58161/runTime --devkit-location /local/S/jenkins/workspace/shared/Artifactory/Linux/rundev-master-debug/202203061515/runtime/de58161/devkitBase --pxrusd-location /local/S/jenkins/workspace/shared/Artifactory/Linux/USD/e8231c9 --qt-location /local/S/jenkins/workspace/shared/Artifactory/Linux/qt/5.15.2/95656d9 --build-args=-DCMAKE_MAKE_PROGRAM=/local/S/jenkins/workspace/shared/Artifactory/Linux/ninja/1.9.0/aca9939/ninja,-DPYTHON_INCLUDE_DIR=/local/S/jenkins/workspace/shared/Artifactory/Linux/rundev-master-debug/202203061515/runtime/de58161/runTime/include/Python39/Python,-DPython_EXECUTABLE=/local/S/jenkins/workspace/shared/Artifactory/Linux/rundev-master-debug/202203061515/runtime/de58161/runTime/bin/mayapy,-DPYTHON_LIBRARIES=/local/S/jenkins/workspace/shared/Artifactory/Linux/rundev-master-debug/202203061515/runtime/de58161/runTime/lib/libpython3.9d.so.1.0,-DBUILD_WITH_PYTHON_3=ON,-DBUILD_WITH_PYTHON_3_VERSION=3.9,-DUSD_LIB_PREFIX=lib,-DCMAKE_WANT_MATERIALX_BUILD=ON,-DCMAKE_PREFIX_PATH=/local/S/jenkins/workspace/shared/Artifactory/Linux/USD/e8231c9 --debug-python '--ctest-args=-E testUsdReferenceAssemblySelection|testUsdMayaAppDir,--parallel 16' --stages=configure --redirect-outstream-file=False --install-location /local/S/jenkins/workspace/ecg-mayausd-branch-preflight-cotd-python3-pxrusd-max-interactive-linux/install/Debug/MayaUSD /local/S/jenkins/workspace/ecg-mayausd-branch-preflight-cotd-python3-pxrusd-max-interactive-linux
Modified environment variables:
    PATH=/local/S/jenkins/workspace/shared/Artifactory/Linux/cmake/3.14.4/656573b/bin:/opt/rh/devtoolset-6/root/usr/bin:/usr/local/bin:/usr/local/sbin:/usr/bin:/usr/sbin:/bin:/sbin:/home/administrator/.local/bin:/home/administrator/bin
    LD_LIBRARY_PATH=/opt/rh/devtoolset-6/root/usr/lib64:/opt/rh/devtoolset-6/root/usr/lib64:/opt/rh/devtoolset-6/root/usr/lib
    -- The C compiler identification is GNU 6.3.1
    -- The CXX compiler identification is GNU 6.3.1
    -- Check for working C compiler: /opt/rh/devtoolset-6/root/usr/bin/cc
    -- Check for working C compiler: /opt/rh/devtoolset-6/root/usr/bin/cc -- works
    -- Detecting C compiler ABI info
    -- Detecting C compiler ABI info - done
    -- Detecting C compile features
    -- Detecting C compile features - done
    -- Check for working CXX compiler: /opt/rh/devtoolset-6/root/usr/bin/c++
    -- Check for working CXX compiler: /opt/rh/devtoolset-6/root/usr/bin/c++ -- works
    -- Detecting CXX compiler ABI info
    -- Detecting CXX compiler ABI info - done
    -- Detecting CXX compile features
    -- Detecting CXX compile features - done
    -- Using Maya Light API Version 2
    -- Maya has setDefaultMaterialHandling API
    -- Maya has new point snapping API
    -- Maya has getCurrentUfeCameraPath
    -- Maya has isInCrashHandler API
    -- Maya has setUfeIdentifiers API
    -- Maya has updateUfeIdentifiers API
    -- Maya has getDisplayStyleOfAllViewports API
    -- Maya array iterator has difference_type trait
    -- Found Maya: /local/S/jenkins/workspace/shared/Artifactory/Linux/rundev-master-debug/202203061515/runtime/de58161/runTime/bin/maya (found suitable version "2024", minimum required is "2018")
    -- Found Python: /local/S/jenkins/workspace/shared/Artifactory/Linux/rundev-master-debug/202203061515/runtime/de58161/runTime/bin/mayapy (found suitable exact version "3.9.7") found components:  Interpreter
    -- Build MayaUSD with Python3 = ON
    --    PYTHON_INCLUDE_DIRS = /local/S/jenkins/workspace/shared/Artifactory/Linux/rundev-master-debug/202203061515/runtime/de58161/runTime/include/Python39/Python
    --    PYTHON_LIBRARIES    = /local/S/jenkins/workspace/shared/Artifactory/Linux/rundev-master-debug/202203061515/runtime/de58161/runTime/lib/libpython3.9d.so.1.0
    --    Python_EXECUTABLE   = /local/S/jenkins/workspace/shared/Artifactory/Linux/rundev-master-debug/202203061515/runtime/de58161/runTime/bin/mayapy
    -- Searching for main USD library libusd_usd.so
    -- USD include dir: /local/S/jenkins/workspace/shared/Artifactory/Linux/USD/e8231c9/include
    -- USD library dir:
    -- USD version: 0.21.11
    CMake Error at /home/S/jenkins/workspace/shared/Artifactory/Linux/cmake/3.14.4/656573b/share/cmake-3.14/Modules/FindPackageHandleStandardArgs.cmake:137 (message):
      Could NOT find USD (missing: USD_LIBRARY_DIR) (found suitable version
      "0.21.11", minimum required is "0.20.05")
    Call Stack (most recent call first):
      /home/S/jenkins/workspace/shared/Artifactory/Linux/cmake/3.14.4/656573b/share/cmake-3.14/Modules/FindPackageHandleStandardArgs.cmake:378 (_FPHSA_FAILURE_MESSAGE)
      cmake/modules/FindUSD.cmake:138 (find_package_handle_standard_args)
      CMakeLists.txt:104 (find_package)
    
    
    -- Configuring incomplete, errors occurred!
    See also "/home/S/jenkins/workspace/ecg-mayausd-branch-preflight-cotd-python3-pxrusd-max-interactive-linux/build/Debug/CMakeFiles/CMakeOutput.log".
    
        Building with settings:
          Source directory          /home/S/jenkins/workspace/ecg-mayausd-branch-preflight-cotd-python3-pxrusd-max-interactive-linux/ecg-maya-usd/maya-usd
          Workspace directory       /local/S/jenkins/workspace/ecg-mayausd-branch-preflight-cotd-python3-pxrusd-max-interactive-linux
          Build directory           /local/S/jenkins/workspace/ecg-mayausd-branch-preflight-cotd-python3-pxrusd-max-interactive-linux/build/Debug
          Install directory         /local/S/jenkins/workspace/ecg-mayausd-branch-preflight-cotd-python3-pxrusd-max-interactive-linux/install/Debug/MayaUSD
          Variant                   Debug
          Python Debug              On
          CMake generator           Ninja
          Build arguments           ['-DCMAKE_MAKE_PROGRAM=/local/S/jenkins/workspace/shared/Artifactory/Linux/ninja/1.9.0/aca9939/ninja', '-DPYTHON_INCLUDE_DIR=/local/S/jenkins/workspace/shared/Artifactory/Linux/rundev-master-debug/202203061515/runtime/de58161/runTime/include/Python39/Python', '-DPython_EXECUTABLE=/local/S/jenkins/workspace/shared/Artifactory/Linux/rundev-master-debug/202203061515/runtime/de58161/runTime/bin/mayapy', '-DPYTHON_LIBRARIES=/local/S/jenkins/workspace/shared/Artifactory/Linux/rundev-master-debug/202203061515/runtime/de58161/runTime/lib/libpython3.9d.so.1.0', '-DBUILD_WITH_PYTHON_3=ON', '-DBUILD_WITH_PYTHON_3_VERSION=3.9', '-DUSD_LIB_PREFIX=lib', '-DCMAKE_WANT_MATERIALX_BUILD=ON', '-DCMAKE_PREFIX_PATH=/local/S/jenkins/workspace/shared/Artifactory/Linux/USD/e8231c9']
          Stages arguments          ['configure']
          CTest arguments           ['-E testUsdReferenceAssemblySelection|testUsdMayaAppDir', '--parallel 16']
    #####################################################################################
    log date: 2022-03-08 07:08
    commit sha: 99013000993b716ae164c6d972b382f9c97f3c62
    commit date: Tue Mar 8 09:51:46 2022 -0500
    #####################################################################################
    
    cmake -DCMAKE_INSTALL_PREFIX="/local/S/jenkins/workspace/ecg-mayausd-branch-preflight-cotd-python3-pxrusd-max-interactive-linux/install/Debug/MayaUSD" -DCMAKE_BUILD_TYPE=Debug -DCMAKE_EXPORT_COMPILE_COMMANDS=ON -G "Ninja" -DMAYA_LOCATION="/local/S/jenkins/workspace/shared/Artifactory/Linux/rundev-master-debug/202203061515/runtime/de58161/runTime" -DPXR_USD_LOCATION="/local/S/jenkins/workspace/shared/Artifactory/Linux/USD/e8231c9" -DMAYA_DEVKIT_LOCATION="/local/S/jenkins/workspace/shared/Artifactory/Linux/rundev-master-debug/202203061515/runtime/de58161/devkitBase" -DMAYAUSD_DEFINE_BOOST_DEBUG_PYTHON_FLAG=ON -DQT_LOCATION="/local/S/jenkins/workspace/shared/Artifactory/Linux/qt/5.15.2/95656d9" -DCMAKE_MAKE_PROGRAM=/local/S/jenkins/workspace/shared/Artifactory/Linux/ninja/1.9.0/aca9939/ninja -DPYTHON_INCLUDE_DIR=/local/S/jenkins/workspace/shared/Artifactory/Linux/rundev-master-debug/202203061515/runtime/de58161/runTime/include/Python39/Python -DPython_EXECUTABLE=/local/S/jenkins/workspace/shared/Artifactory/Linux/rundev-master-debug/202203061515/runtime/de58161/runTime/bin/mayapy -DPYTHON_LIBRARIES=/local/S/jenkins/workspace/shared/Artifactory/Linux/rundev-master-debug/202203061515/runtime/de58161/runTime/lib/libpython3.9d.so.1.0 -DBUILD_WITH_PYTHON_3=ON -DBUILD_WITH_PYTHON_3_VERSION=3.9 -DUSD_LIB_PREFIX=lib -DCMAKE_WANT_MATERIALX_BUILD=ON -DCMAKE_PREFIX_PATH=/local/S/jenkins/workspace/shared/Artifactory/Linux/USD/e8231c9 "/home/S/jenkins/workspace/ecg-mayausd-branch-preflight-cotd-python3-pxrusd-max-interactive-linux/ecg-maya-usd/maya-usd"
    
    Traceback (most recent call last):
      File "/home/S/jenkins/workspace/ecg-mayausd-branch-preflight-cotd-python3-pxrusd-max-interactive-linux/ecg-maya-usd/maya-usd/build.py", line 602, in <module>
        BuildAndInstall(context, context.buildArgs, context.stagesArgs)
      File "/home/S/jenkins/workspace/ecg-mayausd-branch-preflight-cotd-python3-pxrusd-max-interactive-linux/ecg-maya-usd/maya-usd/build.py", line 371, in BuildAndInstall
        RunCMake(context, extraArgs, stagesArgs)
      File "/home/S/jenkins/workspace/ecg-mayausd-branch-preflight-cotd-python3-pxrusd-max-interactive-linux/ecg-maya-usd/maya-usd/build.py", line 265, in RunCMake
        Run(context,
      File "/home/S/jenkins/workspace/ecg-mayausd-branch-preflight-cotd-python3-pxrusd-max-interactive-linux/ecg-maya-usd/maya-usd/build.py", line 164, in Run
        raise RuntimeError("Failed to run '{cmd}'\nSee {log} for more details."
    RuntimeError: Failed to run 'cmake -DCMAKE_INSTALL_PREFIX="/local/S/jenkins/workspace/ecg-mayausd-branch-preflight-cotd-python3-pxrusd-max-interactive-linux/install/Debug/MayaUSD" -DCMAKE_BUILD_TYPE=Debug -DCMAKE_EXPORT_COMPILE_COMMANDS=ON -G "Ninja" -DMAYA_LOCATION="/local/S/jenkins/workspace/shared/Artifactory/Linux/rundev-master-debug/202203061515/runtime/de58161/runTime" -DPXR_USD_LOCATION="/local/S/jenkins/workspace/shared/Artifactory/Linux/USD/e8231c9" -DMAYA_DEVKIT_LOCATION="/local/S/jenkins/workspace/shared/Artifactory/Linux/rundev-master-debug/202203061515/runtime/de58161/devkitBase" -DMAYAUSD_DEFINE_BOOST_DEBUG_PYTHON_FLAG=ON -DQT_LOCATION="/local/S/jenkins/workspace/shared/Artifactory/Linux/qt/5.15.2/95656d9" -DCMAKE_MAKE_PROGRAM=/local/S/jenkins/workspace/shared/Artifactory/Linux/ninja/1.9.0/aca9939/ninja -DPYTHON_INCLUDE_DIR=/local/S/jenkins/workspace/shared/Artifactory/Linux/rundev-master-debug/202203061515/runtime/de58161/runTime/include/Python39/Python -DPython_EXECUTABLE=/local/S/jenkins/workspace/shared/Artifactory/Linux/rundev-master-debug/202203061515/runtime/de58161/runTime/bin/mayapy -DPYTHON_LIBRARIES=/local/S/jenkins/workspace/shared/Artifactory/Linux/rundev-master-debug/202203061515/runtime/de58161/runTime/lib/libpython3.9d.so.1.0 -DBUILD_WITH_PYTHON_3=ON -DBUILD_WITH_PYTHON_3_VERSION=3.9 -DUSD_LIB_PREFIX=lib -DCMAKE_WANT_MATERIALX_BUILD=ON -DCMAKE_PREFIX_PATH=/local/S/jenkins/workspace/shared/Artifactory/Linux/USD/e8231c9 "/home/S/jenkins/workspace/ecg-mayausd-branch-preflight-cotd-python3-pxrusd-max-interactive-linux/ecg-maya-usd/maya-usd"'
    See /local/S/jenkins/workspace/ecg-mayausd-branch-preflight-cotd-python3-pxrusd-max-interactive-linux/build/Debug/build_log.txt for more details.
build.py: error: Command failed with error code: 1
[Pipeline] }
[Pipeline] // withEnv
[Pipeline] }
[Pipeline] // stage
[Pipeline] }
[Pipeline] // timestamps
[Pipeline] }
[Pipeline] // timeout
[Pipeline] emailextrecipients
[Pipeline] echo
No recipients to send notification.
[Pipeline] }
[Pipeline] // node
[Pipeline] End of Pipeline
ERROR: script returned exit code 1
Finished: FAILURE
