================================================================================
                             setup (RelWithDebInfo)
================================================================================
Installing license file 'melicense.lic'.
[Pipeline] }
[Pipeline] // withEnv
[Pipeline] }
[Pipeline] // stage
[Pipeline] }
[Pipeline] // timestamps
[Pipeline] }
[Pipeline] // timeout
[Pipeline] timeout
Timeout set to expire in 6 hr 0 min
[Pipeline] {
[Pipeline] timestamps
[Pipeline] {
[Pipeline] stage
[Pipeline] { (Clean)
[Pipeline] withEnv
[Pipeline] {
[Pipeline] sh
[ecg-mayausd-branch-preflight-2022-python3-linux] Running shell script
+ scl enable devtoolset-6 -
python ecg-maya-usd/build.py --stages=clean --workspace-dir=/local/S/jenkins/workspace/ecg-mayausd-branch-preflight-2022-python3-linux --artifactory-dir=/local/S/jenkins/workspace/shared/Artifactory --build-dir=/local/S/jenkins/workspace/ecg-mayausd-branch-preflight-2022-python3-linux/build --install-dir=/local/S/jenkins/workspace/ecg-mayausd-branch-preflight-2022-python3-linux/install --signing-dir=/local/S/jenkins/workspace/ecg-mayausd-branch-preflight-2022-python3-linux/signing --package-dir=/local/S/jenkins/workspace/ecg-mayausd-branch-preflight-2022-python3-linux/package --output-dir=/local/S/jenkins/workspace/ecg-mayausd-branch-preflight-2022-python3-linux/output --stash-dir=/local/S/jenkins/workspace/ecg-mayausd-branch-preflight-2022-python3-linux/stash --jenkins-build=1509 --git-commit=72058a0fb70c17bf13db99a0dd13a0d74ea7f6ab --git-branch=master --variants=RelWithDebInfo --python=3.7 --post-zips=false --maya-cut-config=maya-rundev-2022.yaml --stage-banner
Using Maya cut from /local/S/jenkins/workspace/shared/Artifactory/Linux/rundev-2022/202204211415/runtime/d9026d4

================================================================================
                             clean (RelWithDebInfo)
================================================================================
Maya Python RelWithDebInfo Info:
  mayapy executable   = /local/S/jenkins/workspace/shared/Artifactory/Linux/rundev-2022/202204211415/runtime/d9026d4/runTime/bin/mayapy
  Include Folder      = /local/S/jenkins/workspace/shared/Artifactory/Linux/rundev-2022/202204211415/runtime/d9026d4/runTime/include/Python37/Python
  Library             = /local/S/jenkins/workspace/shared/Artifactory/Linux/rundev-2022/202204211415/runtime/d9026d4/runTime/lib/libpython3.7m.so.1.0
  site-package Folder = /local/S/jenkins/workspace/shared/Artifactory/Linux/rundev-2022/202204211415/runtime/d9026d4/runTime/lib/python3.7/site-packages
Adding Python package requirements: ['/local/S/jenkins/workspace/shared/Artifactory/Linux/rundev-2022/202204211415/runtime/d9026d4/runTime/bin/mayapy', '-m', 'pip', 'install', '-t', '/local/S/jenkins/workspace/shared/Artifactory/Linux/rundev-2022/202204211415/runtime/d9026d4/runTime/lib/python3.7/site-packages', '-r', 'python_requirements.txt']
In workdir: /home/S/jenkins/workspace/ecg-mayausd-branch-preflight-2022-python3-linux/ecg-maya-usd/maya-usd
Executing: /local/S/jenkins/workspace/shared/Artifactory/Linux/rundev-2022/202204211415/runtime/d9026d4/runTime/bin/mayapy /home/S/jenkins/workspace/ecg-mayausd-branch-preflight-2022-python3-linux/ecg-maya-usd/maya-usd/build.py --generator Ninja --build-relwithdebug --maya-location /local/S/jenkins/workspace/shared/Artifactory/Linux/rundev-2022/202204211415/runtime/d9026d4/runTime --devkit-location /local/S/jenkins/workspace/shared/Artifactory/Linux/rundev-2022/202204211415/runtime/d9026d4/devkitBase --pxrusd-location /local/S/jenkins/workspace/shared/Artifactory/Linux/USD/d547a10 --qt-location /local/S/jenkins/workspace/shared/Artifactory/Linux/qt/5.15.2/49402fc --build-args=-DCMAKE_MAKE_PROGRAM=/local/S/jenkins/workspace/shared/Artifactory/Linux/ninja/1.9.0/aca9939/ninja,-DPYTHON_INCLUDE_DIR=/local/S/jenkins/workspace/shared/Artifactory/Linux/rundev-2022/202204211415/runtime/d9026d4/runTime/include/Python37/Python,-DPython_EXECUTABLE=/local/S/jenkins/workspace/shared/Artifactory/Linux/rundev-2022/202204211415/runtime/d9026d4/runTime/bin/mayapy,-DPYTHON_LIBRARIES=/local/S/jenkins/workspace/shared/Artifactory/Linux/rundev-2022/202204211415/runtime/d9026d4/runTime/lib/libpython3.7m.so.1.0,-DBUILD_WITH_PYTHON_3=ON,-DUSD_LIB_PREFIX=lib,-DCMAKE_WANT_MATERIALX_BUILD=ON,-DCMAKE_PREFIX_PATH=/local/S/jenkins/workspace/shared/Artifactory/Linux/USD/d547a10 '--ctest-args=-E testUsdReferenceAssemblySelection|testUsdMayaAppDir,-LE interactive,--parallel 16' --stages=clean --redirect-outstream-file=False --install-location /local/S/jenkins/workspace/ecg-mayausd-branch-preflight-2022-python3-linux/install/RelWithDebInfo/MayaUSD /local/S/jenkins/workspace/ecg-mayausd-branch-preflight-2022-python3-linux
Modified environment variables:
    PATH=/local/S/jenkins/workspace/shared/Artifactory/Linux/cmake/3.14.4/656573b/bin:/opt/rh/devtoolset-6/root/usr/bin:/usr/local/bin:/usr/bin
    LD_LIBRARY_PATH=/opt/rh/devtoolset-6/root/usr/lib64:/opt/rh/devtoolset-6/root/usr/lib64:/opt/rh/devtoolset-6/root/usr/lib
    
        Building with settings:
          Source directory          /home/S/jenkins/workspace/ecg-mayausd-branch-preflight-2022-python3-linux/ecg-maya-usd/maya-usd
          Workspace directory       /local/S/jenkins/workspace/ecg-mayausd-branch-preflight-2022-python3-linux
          Build directory           /local/S/jenkins/workspace/ecg-mayausd-branch-preflight-2022-python3-linux/build/RelWithDebInfo
          Install directory         /local/S/jenkins/workspace/ecg-mayausd-branch-preflight-2022-python3-linux/install/RelWithDebInfo/MayaUSD
          Variant                   RelWithDebInfo
          Python Debug              Off
          CMake generator           Ninja
          Build arguments           ['-DCMAKE_MAKE_PROGRAM=/local/S/jenkins/workspace/shared/Artifactory/Linux/ninja/1.9.0/aca9939/ninja', '-DPYTHON_INCLUDE_DIR=/local/S/jenkins/workspace/shared/Artifactory/Linux/rundev-2022/202204211415/runtime/d9026d4/runTime/include/Python37/Python', '-DPython_EXECUTABLE=/local/S/jenkins/workspace/shared/Artifactory/Linux/rundev-2022/202204211415/runtime/d9026d4/runTime/bin/mayapy', '-DPYTHON_LIBRARIES=/local/S/jenkins/workspace/shared/Artifactory/Linux/rundev-2022/202204211415/runtime/d9026d4/runTime/lib/libpython3.7m.so.1.0', '-DBUILD_WITH_PYTHON_3=ON', '-DUSD_LIB_PREFIX=lib', '-DCMAKE_WANT_MATERIALX_BUILD=ON', '-DCMAKE_PREFIX_PATH=/local/S/jenkins/workspace/shared/Artifactory/Linux/USD/d547a10']
          Stages arguments          ['clean']
          CTest arguments           ['-E testUsdReferenceAssemblySelection|testUsdMayaAppDir', '-LE interactive', '--parallel 16']
    Success MayaUSD build and install !!!!
    Elapsed time: 00:00:00
[Pipeline] }
[Pipeline] // withEnv
[Pipeline] }
[Pipeline] // stage
[Pipeline] }
[Pipeline] // timestamps
[Pipeline] }
[Pipeline] // timeout
[Pipeline] timeout
Timeout set to expire in 6 hr 0 min
[Pipeline] {
[Pipeline] timestamps
[Pipeline] {
[Pipeline] stage
[Pipeline] { (Configure)
[Pipeline] withEnv
[Pipeline] {
[Pipeline] sh
[ecg-mayausd-branch-preflight-2022-python3-linux] Running shell script
+ scl enable devtoolset-6 -
python ecg-maya-usd/build.py --stages=configure --workspace-dir=/local/S/jenkins/workspace/ecg-mayausd-branch-preflight-2022-python3-linux --artifactory-dir=/local/S/jenkins/workspace/shared/Artifactory --build-dir=/local/S/jenkins/workspace/ecg-mayausd-branch-preflight-2022-python3-linux/build --install-dir=/local/S/jenkins/workspace/ecg-mayausd-branch-preflight-2022-python3-linux/install --signing-dir=/local/S/jenkins/workspace/ecg-mayausd-branch-preflight-2022-python3-linux/signing --package-dir=/local/S/jenkins/workspace/ecg-mayausd-branch-preflight-2022-python3-linux/package --output-dir=/local/S/jenkins/workspace/ecg-mayausd-branch-preflight-2022-python3-linux/output --stash-dir=/local/S/jenkins/workspace/ecg-mayausd-branch-preflight-2022-python3-linux/stash --jenkins-build=1509 --git-commit=72058a0fb70c17bf13db99a0dd13a0d74ea7f6ab --git-branch=master --variants=RelWithDebInfo --python=3.7 --post-zips=false --maya-cut-config=maya-rundev-2022.yaml --stage-banner
Using Maya cut from /local/S/jenkins/workspace/shared/Artifactory/Linux/rundev-2022/202204211415/runtime/d9026d4

================================================================================
                           configure (RelWithDebInfo)
================================================================================
Maya Python RelWithDebInfo Info:
  mayapy executable   = /local/S/jenkins/workspace/shared/Artifactory/Linux/rundev-2022/202204211415/runtime/d9026d4/runTime/bin/mayapy
  Include Folder      = /local/S/jenkins/workspace/shared/Artifactory/Linux/rundev-2022/202204211415/runtime/d9026d4/runTime/include/Python37/Python
  Library             = /local/S/jenkins/workspace/shared/Artifactory/Linux/rundev-2022/202204211415/runtime/d9026d4/runTime/lib/libpython3.7m.so.1.0
  site-package Folder = /local/S/jenkins/workspace/shared/Artifactory/Linux/rundev-2022/202204211415/runtime/d9026d4/runTime/lib/python3.7/site-packages
In workdir: /home/S/jenkins/workspace/ecg-mayausd-branch-preflight-2022-python3-linux/ecg-maya-usd/maya-usd
Executing: /local/S/jenkins/workspace/shared/Artifactory/Linux/rundev-2022/202204211415/runtime/d9026d4/runTime/bin/mayapy /home/S/jenkins/workspace/ecg-mayausd-branch-preflight-2022-python3-linux/ecg-maya-usd/maya-usd/build.py --generator Ninja --build-relwithdebug --maya-location /local/S/jenkins/workspace/shared/Artifactory/Linux/rundev-2022/202204211415/runtime/d9026d4/runTime --devkit-location /local/S/jenkins/workspace/shared/Artifactory/Linux/rundev-2022/202204211415/runtime/d9026d4/devkitBase --pxrusd-location /local/S/jenkins/workspace/shared/Artifactory/Linux/USD/d547a10 --qt-location /local/S/jenkins/workspace/shared/Artifactory/Linux/qt/5.15.2/49402fc --build-args=-DCMAKE_MAKE_PROGRAM=/local/S/jenkins/workspace/shared/Artifactory/Linux/ninja/1.9.0/aca9939/ninja,-DPYTHON_INCLUDE_DIR=/local/S/jenkins/workspace/shared/Artifactory/Linux/rundev-2022/202204211415/runtime/d9026d4/runTime/include/Python37/Python,-DPython_EXECUTABLE=/local/S/jenkins/workspace/shared/Artifactory/Linux/rundev-2022/202204211415/runtime/d9026d4/runTime/bin/mayapy,-DPYTHON_LIBRARIES=/local/S/jenkins/workspace/shared/Artifactory/Linux/rundev-2022/202204211415/runtime/d9026d4/runTime/lib/libpython3.7m.so.1.0,-DBUILD_WITH_PYTHON_3=ON,-DUSD_LIB_PREFIX=lib,-DCMAKE_WANT_MATERIALX_BUILD=ON,-DCMAKE_PREFIX_PATH=/local/S/jenkins/workspace/shared/Artifactory/Linux/USD/d547a10 '--ctest-args=-E testUsdReferenceAssemblySelection|testUsdMayaAppDir,-LE interactive,--parallel 16' --stages=configure --redirect-outstream-file=False --install-location /local/S/jenkins/workspace/ecg-mayausd-branch-preflight-2022-python3-linux/install/RelWithDebInfo/MayaUSD /local/S/jenkins/workspace/ecg-mayausd-branch-preflight-2022-python3-linux
Modified environment variables:
    PATH=/local/S/jenkins/workspace/shared/Artifactory/Linux/cmake/3.14.4/656573b/bin:/opt/rh/devtoolset-6/root/usr/bin:/usr/local/bin:/usr/bin
    LD_LIBRARY_PATH=/opt/rh/devtoolset-6/root/usr/lib64:/opt/rh/devtoolset-6/root/usr/lib64:/opt/rh/devtoolset-6/root/usr/lib
    -- The C compiler identification is GNU 6.3.1
    -- The CXX compiler identification is GNU 6.3.1
    -- Check for working C compiler: /opt/rh/devtoolset-6/root/usr/bin/cc
    -- Check for working C compiler: /opt/rh/devtoolset-6/root/usr/bin/cc -- works
    -- Detecting C compiler ABI info
    -- Detecting C compiler ABI info - done
    -- Detecting C compile features
    -- Detecting C compile features - done
    -- Check for working CXX compiler: /opt/rh/devtoolset-6/root/usr/bin/c++
    -- Check for working CXX compiler: /opt/rh/devtoolset-6/root/usr/bin/c++ -- works
    -- Detecting CXX compiler ABI info
    -- Detecting CXX compiler ABI info - done
    -- Detecting CXX compile features
    -- Detecting CXX compile features - done
    -- Using Maya Light API Version 2
    -- Maya has setDefaultMaterialHandling API
    -- Maya has new point snapping API
    -- Maya has setUfeIdentifiers API
    -- Maya has updateUfeIdentifiers API
    -- Maya array iterator has difference_type trait
    -- Found Maya: /local/S/jenkins/workspace/shared/Artifactory/Linux/rundev-2022/202204211415/runtime/d9026d4/runTime/bin/maya (found suitable version "2022", minimum required is "2018")
    -- Found Python: /local/S/jenkins/workspace/shared/Artifactory/Linux/rundev-2022/202204211415/runtime/d9026d4/runTime/bin/mayapy (found suitable exact version "3.7.7") found components:  Interpreter
    -- Build MayaUSD with Python3 = ON
    --    PYTHON_INCLUDE_DIRS = /local/S/jenkins/workspace/shared/Artifactory/Linux/rundev-2022/202204211415/runtime/d9026d4/runTime/include/Python37/Python
    --    PYTHON_LIBRARIES    = /local/S/jenkins/workspace/shared/Artifactory/Linux/rundev-2022/202204211415/runtime/d9026d4/runTime/lib/libpython3.7m.so.1.0
    --    Python_EXECUTABLE   = /local/S/jenkins/workspace/shared/Artifactory/Linux/rundev-2022/202204211415/runtime/d9026d4/runTime/bin/mayapy
    -- USD include dir: /local/S/jenkins/workspace/shared/Artifactory/Linux/USD/d547a10/include
    -- USD library dir: /local/S/jenkins/workspace/shared/Artifactory/Linux/USD/d547a10/lib
    -- USD version: 0.21.11
    -- Found USD: /local/S/jenkins/workspace/shared/Artifactory/Linux/USD/d547a10 (found suitable version "0.21.11", minimum required is "0.20.05")
    Updated PYTHONPATH: /opt/rh/devtoolset-6/root/usr/lib64/python2.7/site-packages:/opt/rh/devtoolset-6/root/usr/lib/python2.7/site-packages:/local/S/jenkins/workspace/shared/Artifactory/Linux/USD/d547a10/lib/python
    -- UFE include dir: /local/S/jenkins/workspace/shared/Artifactory/Linux/rundev-2022/202204211415/runtime/d9026d4/devkitBase/devkit/ufe/include
    -- UFE library: /local/S/jenkins/workspace/shared/Artifactory/Linux/rundev-2022/202204211415/runtime/d9026d4/devkitBase/devkit/ufe/lib/libufe_2.so
    -- UFE version: 2.1.0
    -- Building with UFE 2.1.0 features enabled.
    -- Found MaterialX
    -- Building with Qt features enabled.
    -- **** Building Gulrak From Github Repository.
    -- Populating gulrak
    -- Configuring done
    -- Generating done
    -- Build files have been written to: /home/S/jenkins/workspace/ecg-mayausd-branch-preflight-2022-python3-linux/build/RelWithDebInfo/_deps/gulrak-subbuild
    [1/9] Creating directories for 'gulrak-populate'
    [1/9] Performing download step (git clone) for 'gulrak-populate'
    Cloning into 'gulrak-src'...
    HEAD is now at 4e21ab3 Version bump and updated readme.
    [2/9] Performing update step for 'gulrak-populate'
    [3/9] No patch step for 'gulrak-populate'
    [5/9] No configure step for 'gulrak-populate'
    [6/9] No build step for 'gulrak-populate'
    [7/9] No install step for 'gulrak-populate'
    [8/9] No test step for 'gulrak-populate'
    [9/9] Completed 'gulrak-populate'
    -- ========== Installing GoogleTest... ==========
    -- Configuring done
    -- Generating done
    -- Build files have been written to: /home/S/jenkins/workspace/ecg-mayausd-branch-preflight-2022-python3-linux/build/RelWithDebInfo/googletest-config
    [1/8] Creating directories for 'googletest'
    [2/8] Performing download step (git clone) for 'googletest'
    Cloning into 'googletest-src'...
    HEAD is now at 703bd9ca Googletest export
    [3/8] No patch step for 'googletest'
    [4/8] Performing update step for 'googletest'
    [5/8] Performing configure step for 'googletest'
    -- The C compiler identification is GNU 6.3.1
    -- The CXX compiler identification is GNU 6.3.1
    -- Check for working C compiler: /opt/rh/devtoolset-6/root/usr/bin/cc
    -- Check for working C compiler: /opt/rh/devtoolset-6/root/usr/bin/cc -- works
    -- Detecting C compiler ABI info
    -- Detecting C compiler ABI info - done
    -- Detecting C compile features
    -- Detecting C compile features - done
    -- Check for working CXX compiler: /opt/rh/devtoolset-6/root/usr/bin/c++
    -- Check for working CXX compiler: /opt/rh/devtoolset-6/root/usr/bin/c++ -- works
    -- Detecting CXX compiler ABI info
    -- Detecting CXX compiler ABI info - done
    -- Detecting CXX compile features
    -- Detecting CXX compile features - done
    -- Found PythonInterp: /usr/bin/python (found version "2.7.11")
    -- Looking for pthread.h
    -- Looking for pthread.h - found
    -- Looking for pthread_create
    -- Looking for pthread_create - not found
    -- Looking for pthread_create in pthreads
    -- Looking for pthread_create in pthreads - not found
    -- Looking for pthread_create in pthread
    -- Looking for pthread_create in pthread - found
    -- Found Threads: TRUE
    -- Configuring done
    -- Generating done
    -- Build files have been written to: /home/S/jenkins/workspace/ecg-mayausd-branch-preflight-2022-python3-linux/build/RelWithDebInfo/googletest-build
    [6/8] Performing build step for 'googletest'
    [1/4] Building CXX object googletest/CMakeFiles/gtest_main.dir/src/gtest_main.cc.o
    [2/4] Building CXX object googletest/CMakeFiles/gtest.dir/src/gtest-all.cc.o
    [3/4] Linking CXX shared library lib/libgtest.so
    [4/4] Linking CXX shared library lib/libgtest_main.so
    [7/8] Performing install step for 'googletest'
    [0/1] Install the project...
    -- Install configuration: "RelWithDebInfo"
    -- Installing: /home/S/jenkins/workspace/ecg-mayausd-branch-preflight-2022-python3-linux/build/RelWithDebInfo/googletest-install/lib64/cmake/GTest/GTestTargets.cmake
    -- Installing: /home/S/jenkins/workspace/ecg-mayausd-branch-preflight-2022-python3-linux/build/RelWithDebInfo/googletest-install/lib64/cmake/GTest/GTestTargets-relwithdebinfo.cmake
    -- Installing: /home/S/jenkins/workspace/ecg-mayausd-branch-preflight-2022-python3-linux/build/RelWithDebInfo/googletest-install/lib64/cmake/GTest/GTestConfigVersion.cmake
    -- Installing: /home/S/jenkins/workspace/ecg-mayausd-branch-preflight-2022-python3-linux/build/RelWithDebInfo/googletest-install/lib64/cmake/GTest/GTestConfig.cmake
    -- Installing: /home/S/jenkins/workspace/ecg-mayausd-branch-preflight-2022-python3-linux/build/RelWithDebInfo/googletest-install/include
    -- Installing: /home/S/jenkins/workspace/ecg-mayausd-branch-preflight-2022-python3-linux/build/RelWithDebInfo/googletest-install/include/gtest
    -- Installing: /home/S/jenkins/workspace/ecg-mayausd-branch-preflight-2022-python3-linux/build/RelWithDebInfo/googletest-install/include/gtest/internal
    -- Installing: /home/S/jenkins/workspace/ecg-mayausd-branch-preflight-2022-python3-linux/build/RelWithDebInfo/googletest-install/include/gtest/internal/custom
    -- Installing: /home/S/jenkins/workspace/ecg-mayausd-branch-preflight-2022-python3-linux/build/RelWithDebInfo/googletest-install/include/gtest/internal/custom/README.md
    -- Installing: /home/S/jenkins/workspace/ecg-mayausd-branch-preflight-2022-python3-linux/build/RelWithDebInfo/googletest-install/include/gtest/internal/custom/gtest-port.h
    -- Installing: /home/S/jenkins/workspace/ecg-mayausd-branch-preflight-2022-python3-linux/build/RelWithDebInfo/googletest-install/include/gtest/internal/custom/gtest-printers.h
    -- Installing: /home/S/jenkins/workspace/ecg-mayausd-branch-preflight-2022-python3-linux/build/RelWithDebInfo/googletest-install/include/gtest/internal/custom/gtest.h
    -- Installing: /home/S/jenkins/workspace/ecg-mayausd-branch-preflight-2022-python3-linux/build/RelWithDebInfo/googletest-install/include/gtest/internal/gtest-death-test-internal.h
    -- Installing: /home/S/jenkins/workspace/ecg-mayausd-branch-preflight-2022-python3-linux/build/RelWithDebInfo/googletest-install/include/gtest/internal/gtest-filepath.h
    -- Installing: /home/S/jenkins/workspace/ecg-mayausd-branch-preflight-2022-python3-linux/build/RelWithDebInfo/googletest-install/include/gtest/internal/gtest-internal.h
    -- Installing: /home/S/jenkins/workspace/ecg-mayausd-branch-preflight-2022-python3-linux/build/RelWithDebInfo/googletest-install/include/gtest/internal/gtest-param-util.h
    -- Installing: /home/S/jenkins/workspace/ecg-mayausd-branch-preflight-2022-python3-linux/build/RelWithDebInfo/googletest-install/include/gtest/internal/gtest-port-arch.h
    -- Installing: /home/S/jenkins/workspace/ecg-mayausd-branch-preflight-2022-python3-linux/build/RelWithDebInfo/googletest-install/include/gtest/internal/gtest-port.h
    -- Installing: /home/S/jenkins/workspace/ecg-mayausd-branch-preflight-2022-python3-linux/build/RelWithDebInfo/googletest-install/include/gtest/internal/gtest-string.h
    -- Installing: /home/S/jenkins/workspace/ecg-mayausd-branch-preflight-2022-python3-linux/build/RelWithDebInfo/googletest-install/include/gtest/internal/gtest-type-util.h
    -- Installing: /home/S/jenkins/workspace/ecg-mayausd-branch-preflight-2022-python3-linux/build/RelWithDebInfo/googletest-install/include/gtest/internal/gtest-type-util.h.pump
    -- Installing: /home/S/jenkins/workspace/ecg-mayausd-branch-preflight-2022-python3-linux/build/RelWithDebInfo/googletest-install/include/gtest/gtest-death-test.h
    -- Installing: /home/S/jenkins/workspace/ecg-mayausd-branch-preflight-2022-python3-linux/build/RelWithDebInfo/googletest-install/include/gtest/gtest-matchers.h
    -- Installing: /home/S/jenkins/workspace/ecg-mayausd-branch-preflight-2022-python3-linux/build/RelWithDebInfo/googletest-install/include/gtest/gtest-message.h
    -- Installing: /home/S/jenkins/workspace/ecg-mayausd-branch-preflight-2022-python3-linux/build/RelWithDebInfo/googletest-install/include/gtest/gtest-param-test.h
    -- Installing: /home/S/jenkins/workspace/ecg-mayausd-branch-preflight-2022-python3-linux/build/RelWithDebInfo/googletest-install/include/gtest/gtest-printers.h
    -- Installing: /home/S/jenkins/workspace/ecg-mayausd-branch-preflight-2022-python3-linux/build/RelWithDebInfo/googletest-install/include/gtest/gtest-spi.h
    -- Installing: /home/S/jenkins/workspace/ecg-mayausd-branch-preflight-2022-python3-linux/build/RelWithDebInfo/googletest-install/include/gtest/gtest-test-part.h
    -- Installing: /home/S/jenkins/workspace/ecg-mayausd-branch-preflight-2022-python3-linux/build/RelWithDebInfo/googletest-install/include/gtest/gtest-typed-test.h
    -- Installing: /home/S/jenkins/workspace/ecg-mayausd-branch-preflight-2022-python3-linux/build/RelWithDebInfo/googletest-install/include/gtest/gtest.h
    -- Installing: /home/S/jenkins/workspace/ecg-mayausd-branch-preflight-2022-python3-linux/build/RelWithDebInfo/googletest-install/include/gtest/gtest_pred_impl.h
    -- Installing: /home/S/jenkins/workspace/ecg-mayausd-branch-preflight-2022-python3-linux/build/RelWithDebInfo/googletest-install/include/gtest/gtest_prod.h
    -- Installing: /home/S/jenkins/workspace/ecg-mayausd-branch-preflight-2022-python3-linux/build/RelWithDebInfo/googletest-install/lib64/libgtest.so
    -- Installing: /home/S/jenkins/workspace/ecg-mayausd-branch-preflight-2022-python3-linux/build/RelWithDebInfo/googletest-install/lib64/libgtest_main.so
    -- Set runtime path of "/home/S/jenkins/workspace/ecg-mayausd-branch-preflight-2022-python3-linux/build/RelWithDebInfo/googletest-install/lib64/libgtest_main.so" to ""
    -- Installing: /home/S/jenkins/workspace/ecg-mayausd-branch-preflight-2022-python3-linux/build/RelWithDebInfo/googletest-install/lib64/pkgconfig/gtest.pc
    -- Installing: /home/S/jenkins/workspace/ecg-mayausd-branch-preflight-2022-python3-linux/build/RelWithDebInfo/googletest-install/lib64/pkgconfig/gtest_main.pc
    [8/8] Completed 'googletest'
    -- ========== ...  GoogleTest installed. ==========
    -- MAYA_HAS_DEFAULT_MATERIAL_API is TRUE
    -- MAYA_NEW_POINT_SNAPPING_SUPPORT is TRUE
    -- MAYA_HAS_CRASH_DETECTION is FALSE
    -- MAYA_CURRENT_UFE_CAMERA_SUPPORT is FALSE
    -- MAYA_MRENDERITEM_UFE_IDENTIFIER_SUPPORT is TRUE
    -- MAYA_UPDATE_UFE_IDENTIFIER_SUPPORT is TRUE
    -- MAYA_HAS_DISPLAY_STYLE_ALL_VIEWPORTS is FALSE
    -- MAYA_ARRAY_ITERATOR_DIFFERENCE_TYPE_SUPPORT is TRUE
    -- promoting: /home/S/jenkins/workspace/ecg-mayausd-branch-preflight-2022-python3-linux/ecg-maya-usd/maya-usd/lib/mayaUsd/base/mayaUsd.h.src
    -- promoting: /home/S/jenkins/workspace/ecg-mayausd-branch-preflight-2022-python3-linux/ecg-maya-usd/maya-usd/lib/mayaUsd/base/api.h
    -- promoting: /home/S/jenkins/workspace/ecg-mayausd-branch-preflight-2022-python3-linux/ecg-maya-usd/maya-usd/lib/mayaUsd/base/debugCodes.h
    -- promoting: /home/S/jenkins/workspace/ecg-mayausd-branch-preflight-2022-python3-linux/ecg-maya-usd/maya-usd/lib/mayaUsd/base/id.h
    -- promoting: /home/S/jenkins/workspace/ecg-mayausd-branch-preflight-2022-python3-linux/ecg-maya-usd/maya-usd/lib/mayaUsd/base/syncId.h
    -- promoting: /home/S/jenkins/workspace/ecg-mayausd-branch-preflight-2022-python3-linux/ecg-maya-usd/maya-usd/lib/mayaUsd/base/tokens.h
    -- promoting: /home/S/jenkins/workspace/ecg-mayausd-branch-preflight-2022-python3-linux/ecg-maya-usd/maya-usd/lib/mayaUsd/commands/abstractLayerEditorWindow.h
    -- promoting: /home/S/jenkins/workspace/ecg-mayausd-branch-preflight-2022-python3-linux/ecg-maya-usd/maya-usd/lib/mayaUsd/commands/baseExportCommand.h
    -- promoting: /home/S/jenkins/workspace/ecg-mayausd-branch-preflight-2022-python3-linux/ecg-maya-usd/maya-usd/lib/mayaUsd/commands/baseImportCommand.h
    -- promoting: /home/S/jenkins/workspace/ecg-mayausd-branch-preflight-2022-python3-linux/ecg-maya-usd/maya-usd/lib/mayaUsd/commands/baseListJobContextsCommand.h
    -- promoting: /home/S/jenkins/workspace/ecg-mayausd-branch-preflight-2022-python3-linux/ecg-maya-usd/maya-usd/lib/mayaUsd/commands/baseListShadingModesCommand.h
    -- promoting: /home/S/jenkins/workspace/ecg-mayausd-branch-preflight-2022-python3-linux/ecg-maya-usd/maya-usd/lib/mayaUsd/commands/editTargetCommand.h
    -- promoting: /home/S/jenkins/workspace/ecg-mayausd-branch-preflight-2022-python3-linux/ecg-maya-usd/maya-usd/lib/mayaUsd/commands/layerEditorCommand.h
    -- promoting: /home/S/jenkins/workspace/ecg-mayausd-branch-preflight-2022-python3-linux/ecg-maya-usd/maya-usd/lib/mayaUsd/commands/layerEditorWindowCommand.h
    -- promoting: /home/S/jenkins/workspace/ecg-mayausd-branch-preflight-2022-python3-linux/ecg-maya-usd/maya-usd/lib/mayaUsd/fileio/fallbackPrimReader.h
    -- promoting: /home/S/jenkins/workspace/ecg-mayausd-branch-preflight-2022-python3-linux/ecg-maya-usd/maya-usd/lib/mayaUsd/fileio/functorPrimReader.h
    -- promoting: /home/S/jenkins/workspace/ecg-mayausd-branch-preflight-2022-python3-linux/ecg-maya-usd/maya-usd/lib/mayaUsd/fileio/functorPrimWriter.h
    -- promoting: /home/S/jenkins/workspace/ecg-mayausd-branch-preflight-2022-python3-linux/ecg-maya-usd/maya-usd/lib/mayaUsd/fileio/importData.h
    -- promoting: /home/S/jenkins/workspace/ecg-mayausd-branch-preflight-2022-python3-linux/ecg-maya-usd/maya-usd/lib/mayaUsd/fileio/instancedNodeWriter.h
    -- promoting: /home/S/jenkins/workspace/ecg-mayausd-branch-preflight-2022-python3-linux/ecg-maya-usd/maya-usd/lib/mayaUsd/fileio/jobContextRegistry.h
    -- promoting: /home/S/jenkins/workspace/ecg-mayausd-branch-preflight-2022-python3-linux/ecg-maya-usd/maya-usd/lib/mayaUsd/fileio/primReader.h
    -- promoting: /home/S/jenkins/workspace/ecg-mayausd-branch-preflight-2022-python3-linux/ecg-maya-usd/maya-usd/lib/mayaUsd/fileio/primReaderArgs.h
    -- promoting: /home/S/jenkins/workspace/ecg-mayausd-branch-preflight-2022-python3-linux/ecg-maya-usd/maya-usd/lib/mayaUsd/fileio/primReaderContext.h
    -- promoting: /home/S/jenkins/workspace/ecg-mayausd-branch-preflight-2022-python3-linux/ecg-maya-usd/maya-usd/lib/mayaUsd/fileio/primReaderRegistry.h
    -- promoting: /home/S/jenkins/workspace/ecg-mayausd-branch-preflight-2022-python3-linux/ecg-maya-usd/maya-usd/lib/mayaUsd/fileio/primWriter.h
    -- promoting: /home/S/jenkins/workspace/ecg-mayausd-branch-preflight-2022-python3-linux/ecg-maya-usd/maya-usd/lib/mayaUsd/fileio/primWriterArgs.h
    -- promoting: /home/S/jenkins/workspace/ecg-mayausd-branch-preflight-2022-python3-linux/ecg-maya-usd/maya-usd/lib/mayaUsd/fileio/primWriterContext.h
    -- promoting: /home/S/jenkins/workspace/ecg-mayausd-branch-preflight-2022-python3-linux/ecg-maya-usd/maya-usd/lib/mayaUsd/fileio/primWriterRegistry.h
    -- promoting: /home/S/jenkins/workspace/ecg-mayausd-branch-preflight-2022-python3-linux/ecg-maya-usd/maya-usd/lib/mayaUsd/fileio/registryHelper.h
    -- promoting: /home/S/jenkins/workspace/ecg-mayausd-branch-preflight-2022-python3-linux/ecg-maya-usd/maya-usd/lib/mayaUsd/fileio/schemaApiAdaptor.h
    -- promoting: /home/S/jenkins/workspace/ecg-mayausd-branch-preflight-2022-python3-linux/ecg-maya-usd/maya-usd/lib/mayaUsd/fileio/schemaApiAdaptorRegistry.h
    -- promoting: /home/S/jenkins/workspace/ecg-mayausd-branch-preflight-2022-python3-linux/ecg-maya-usd/maya-usd/lib/mayaUsd/fileio/shaderReader.h
    -- promoting: /home/S/jenkins/workspace/ecg-mayausd-branch-preflight-2022-python3-linux/ecg-maya-usd/maya-usd/lib/mayaUsd/fileio/shaderReaderRegistry.h
    -- promoting: /home/S/jenkins/workspace/ecg-mayausd-branch-preflight-2022-python3-linux/ecg-maya-usd/maya-usd/lib/mayaUsd/fileio/shaderWriter.h
    -- promoting: /home/S/jenkins/workspace/ecg-mayausd-branch-preflight-2022-python3-linux/ecg-maya-usd/maya-usd/lib/mayaUsd/fileio/shaderWriterRegistry.h
    -- promoting: /home/S/jenkins/workspace/ecg-mayausd-branch-preflight-2022-python3-linux/ecg-maya-usd/maya-usd/lib/mayaUsd/fileio/transformWriter.h
    -- promoting: /home/S/jenkins/workspace/ecg-mayausd-branch-preflight-2022-python3-linux/ecg-maya-usd/maya-usd/lib/mayaUsd/fileio/writeJobContext.h
    -- promoting: /home/S/jenkins/workspace/ecg-mayausd-branch-preflight-2022-python3-linux/ecg-maya-usd/maya-usd/lib/mayaUsd/fileio/chaser/exportChaser.h
    -- promoting: /home/S/jenkins/workspace/ecg-mayausd-branch-preflight-2022-python3-linux/ecg-maya-usd/maya-usd/lib/mayaUsd/fileio/chaser/exportChaserRegistry.h
    -- promoting: /home/S/jenkins/workspace/ecg-mayausd-branch-preflight-2022-python3-linux/ecg-maya-usd/maya-usd/lib/mayaUsd/fileio/chaser/importChaserRegistry.h
    -- promoting: /home/S/jenkins/workspace/ecg-mayausd-branch-preflight-2022-python3-linux/ecg-maya-usd/maya-usd/lib/mayaUsd/fileio/chaser/importChaser.h
    -- promoting: /home/S/jenkins/workspace/ecg-mayausd-branch-preflight-2022-python3-linux/ecg-maya-usd/maya-usd/lib/mayaUsd/fileio/jobs/jobArgs.h
    -- promoting: /home/S/jenkins/workspace/ecg-mayausd-branch-preflight-2022-python3-linux/ecg-maya-usd/maya-usd/lib/mayaUsd/fileio/jobs/meshDataReadJob.h
    -- promoting: /home/S/jenkins/workspace/ecg-mayausd-branch-preflight-2022-python3-linux/ecg-maya-usd/maya-usd/lib/mayaUsd/fileio/jobs/modelKindProcessor.h
    -- promoting: /home/S/jenkins/workspace/ecg-mayausd-branch-preflight-2022-python3-linux/ecg-maya-usd/maya-usd/lib/mayaUsd/fileio/jobs/readJob.h
    -- promoting: /home/S/jenkins/workspace/ecg-mayausd-branch-preflight-2022-python3-linux/ecg-maya-usd/maya-usd/lib/mayaUsd/fileio/jobs/writeJob.h
    -- promoting: /home/S/jenkins/workspace/ecg-mayausd-branch-preflight-2022-python3-linux/ecg-maya-usd/maya-usd/lib/mayaUsd/fileio/shading/rfmShaderMap.h
    -- promoting: /home/S/jenkins/workspace/ecg-mayausd-branch-preflight-2022-python3-linux/ecg-maya-usd/maya-usd/lib/mayaUsd/fileio/shading/shadingModeExporter.h
    -- promoting: /home/S/jenkins/workspace/ecg-mayausd-branch-preflight-2022-python3-linux/ecg-maya-usd/maya-usd/lib/mayaUsd/fileio/shading/shadingModeExporterContext.h
    -- promoting: /home/S/jenkins/workspace/ecg-mayausd-branch-preflight-2022-python3-linux/ecg-maya-usd/maya-usd/lib/mayaUsd/fileio/shading/shadingModeImporter.h
    -- promoting: /home/S/jenkins/workspace/ecg-mayausd-branch-preflight-2022-python3-linux/ecg-maya-usd/maya-usd/lib/mayaUsd/fileio/shading/shadingModeRegistry.h
    -- promoting: /home/S/jenkins/workspace/ecg-mayausd-branch-preflight-2022-python3-linux/ecg-maya-usd/maya-usd/lib/mayaUsd/fileio/shading/symmetricShaderReader.h
    -- promoting: /home/S/jenkins/workspace/ecg-mayausd-branch-preflight-2022-python3-linux/ecg-maya-usd/maya-usd/lib/mayaUsd/fileio/shading/symmetricShaderWriter.h
    -- promoting: /home/S/jenkins/workspace/ecg-mayausd-branch-preflight-2022-python3-linux/ecg-maya-usd/maya-usd/lib/mayaUsd/fileio/translators/skelBindingsProcessor.h
    -- promoting: /home/S/jenkins/workspace/ecg-mayausd-branch-preflight-2022-python3-linux/ecg-maya-usd/maya-usd/lib/mayaUsd/fileio/translators/translatorCamera.h
    -- promoting: /home/S/jenkins/workspace/ecg-mayausd-branch-preflight-2022-python3-linux/ecg-maya-usd/maya-usd/lib/mayaUsd/fileio/translators/translatorCurves.h
    -- promoting: /home/S/jenkins/workspace/ecg-mayausd-branch-preflight-2022-python3-linux/ecg-maya-usd/maya-usd/lib/mayaUsd/fileio/translators/translatorGprim.h
    -- promoting: /home/S/jenkins/workspace/ecg-mayausd-branch-preflight-2022-python3-linux/ecg-maya-usd/maya-usd/lib/mayaUsd/fileio/translators/translatorLight.h
    -- promoting: /home/S/jenkins/workspace/ecg-mayausd-branch-preflight-2022-python3-linux/ecg-maya-usd/maya-usd/lib/mayaUsd/fileio/translators/translatorMaterial.h
    -- promoting: /home/S/jenkins/workspace/ecg-mayausd-branch-preflight-2022-python3-linux/ecg-maya-usd/maya-usd/lib/mayaUsd/fileio/translators/translatorMayaReference.h
    -- promoting: /home/S/jenkins/workspace/ecg-mayausd-branch-preflight-2022-python3-linux/ecg-maya-usd/maya-usd/lib/mayaUsd/fileio/translators/translatorMesh.h
    -- promoting: /home/S/jenkins/workspace/ecg-mayausd-branch-preflight-2022-python3-linux/ecg-maya-usd/maya-usd/lib/mayaUsd/fileio/translators/translatorNurbsPatch.h
    -- promoting: /home/S/jenkins/workspace/ecg-mayausd-branch-preflight-2022-python3-linux/ecg-maya-usd/maya-usd/lib/mayaUsd/fileio/translators/translatorPrim.h
    -- promoting: /home/S/jenkins/workspace/ecg-mayausd-branch-preflight-2022-python3-linux/ecg-maya-usd/maya-usd/lib/mayaUsd/fileio/translators/translatorRfMLight.h
    -- promoting: /home/S/jenkins/workspace/ecg-mayausd-branch-preflight-2022-python3-linux/ecg-maya-usd/maya-usd/lib/mayaUsd/fileio/translators/translatorSkel.h
    -- promoting: /home/S/jenkins/workspace/ecg-mayausd-branch-preflight-2022-python3-linux/ecg-maya-usd/maya-usd/lib/mayaUsd/fileio/translators/translatorUtil.h
    -- promoting: /home/S/jenkins/workspace/ecg-mayausd-branch-preflight-2022-python3-linux/ecg-maya-usd/maya-usd/lib/mayaUsd/fileio/translators/translatorXformable.h
    -- promoting: /home/S/jenkins/workspace/ecg-mayausd-branch-preflight-2022-python3-linux/ecg-maya-usd/maya-usd/lib/mayaUsd/fileio/utils/adaptor.h
    -- promoting: /home/S/jenkins/workspace/ecg-mayausd-branch-preflight-2022-python3-linux/ecg-maya-usd/maya-usd/lib/mayaUsd/fileio/utils/jointWriteUtils.h
    -- promoting: /home/S/jenkins/workspace/ecg-mayausd-branch-preflight-2022-python3-linux/ecg-maya-usd/maya-usd/lib/mayaUsd/fileio/utils/meshReadUtils.h
    -- promoting: /home/S/jenkins/workspace/ecg-mayausd-branch-preflight-2022-python3-linux/ecg-maya-usd/maya-usd/lib/mayaUsd/fileio/utils/meshWriteUtils.h
    -- promoting: /home/S/jenkins/workspace/ecg-mayausd-branch-preflight-2022-python3-linux/ecg-maya-usd/maya-usd/lib/mayaUsd/fileio/utils/readUtil.h
    -- promoting: /home/S/jenkins/workspace/ecg-mayausd-branch-preflight-2022-python3-linux/ecg-maya-usd/maya-usd/lib/mayaUsd/fileio/utils/roundTripUtil.h
    -- promoting: /home/S/jenkins/workspace/ecg-mayausd-branch-preflight-2022-python3-linux/ecg-maya-usd/maya-usd/lib/mayaUsd/fileio/utils/shadingUtil.h
    -- promoting: /home/S/jenkins/workspace/ecg-mayausd-branch-preflight-2022-python3-linux/ecg-maya-usd/maya-usd/lib/mayaUsd/fileio/utils/userTaggedAttribute.h
    -- promoting: /home/S/jenkins/workspace/ecg-mayausd-branch-preflight-2022-python3-linux/ecg-maya-usd/maya-usd/lib/mayaUsd/fileio/utils/writeUtil.h
    -- promoting: /home/S/jenkins/workspace/ecg-mayausd-branch-preflight-2022-python3-linux/ecg-maya-usd/maya-usd/lib/mayaUsd/fileio/utils/xformStack.h
    -- promoting: /home/S/jenkins/workspace/ecg-mayausd-branch-preflight-2022-python3-linux/ecg-maya-usd/maya-usd/lib/mayaUsd/listeners/notice.h
    -- promoting: /home/S/jenkins/workspace/ecg-mayausd-branch-preflight-2022-python3-linux/ecg-maya-usd/maya-usd/lib/mayaUsd/listeners/proxyShapeNotice.h
    -- promoting: /home/S/jenkins/workspace/ecg-mayausd-branch-preflight-2022-python3-linux/ecg-maya-usd/maya-usd/lib/mayaUsd/listeners/stageNoticeListener.h
    -- promoting: /home/S/jenkins/workspace/ecg-mayausd-branch-preflight-2022-python3-linux/ecg-maya-usd/maya-usd/lib/mayaUsd/nodes/hdImagingShape.h
    -- promoting: /home/S/jenkins/workspace/ecg-mayausd-branch-preflight-2022-python3-linux/ecg-maya-usd/maya-usd/lib/mayaUsd/nodes/pointBasedDeformerNode.h
    -- promoting: /home/S/jenkins/workspace/ecg-mayausd-branch-preflight-2022-python3-linux/ecg-maya-usd/maya-usd/lib/mayaUsd/nodes/proxyAccessor.h
    -- promoting: /home/S/jenkins/workspace/ecg-mayausd-branch-preflight-2022-python3-linux/ecg-maya-usd/maya-usd/lib/mayaUsd/nodes/proxyShapeBase.h
    -- promoting: /home/S/jenkins/workspace/ecg-mayausd-branch-preflight-2022-python3-linux/ecg-maya-usd/maya-usd/lib/mayaUsd/nodes/proxyShapeLoadRules.h
    -- promoting: /home/S/jenkins/workspace/ecg-mayausd-branch-preflight-2022-python3-linux/ecg-maya-usd/maya-usd/lib/mayaUsd/nodes/proxyShapePlugin.h
    -- promoting: /home/S/jenkins/workspace/ecg-mayausd-branch-preflight-2022-python3-linux/ecg-maya-usd/maya-usd/lib/mayaUsd/nodes/proxyStageProvider.h
    -- promoting: /home/S/jenkins/workspace/ecg-mayausd-branch-preflight-2022-python3-linux/ecg-maya-usd/maya-usd/lib/mayaUsd/nodes/stageData.h
    -- promoting: /home/S/jenkins/workspace/ecg-mayausd-branch-preflight-2022-python3-linux/ecg-maya-usd/maya-usd/lib/mayaUsd/nodes/stageNode.h
    -- promoting: /home/S/jenkins/workspace/ecg-mayausd-branch-preflight-2022-python3-linux/ecg-maya-usd/maya-usd/lib/mayaUsd/nodes/usdPrimProvider.h
    -- promoting: /home/S/jenkins/workspace/ecg-mayausd-branch-preflight-2022-python3-linux/ecg-maya-usd/maya-usd/lib/mayaUsd/nodes/layerManager.h
    -- promoting: /home/S/jenkins/workspace/ecg-mayausd-branch-preflight-2022-python3-linux/ecg-maya-usd/maya-usd/lib/mayaUsd/render/px_vp20/glslProgram.h
    -- promoting: /home/S/jenkins/workspace/ecg-mayausd-branch-preflight-2022-python3-linux/ecg-maya-usd/maya-usd/lib/mayaUsd/render/px_vp20/utils.h
    -- promoting: /home/S/jenkins/workspace/ecg-mayausd-branch-preflight-2022-python3-linux/ecg-maya-usd/maya-usd/lib/mayaUsd/render/px_vp20/utils_legacy.h
    -- promoting: /home/S/jenkins/workspace/ecg-mayausd-branch-preflight-2022-python3-linux/ecg-maya-usd/maya-usd/lib/mayaUsd/render/pxrUsdMayaGL/batchRenderer.h
    -- promoting: /home/S/jenkins/workspace/ecg-mayausd-branch-preflight-2022-python3-linux/ecg-maya-usd/maya-usd/lib/mayaUsd/render/pxrUsdMayaGL/debugCodes.h
    -- promoting: /home/S/jenkins/workspace/ecg-mayausd-branch-preflight-2022-python3-linux/ecg-maya-usd/maya-usd/lib/mayaUsd/render/pxrUsdMayaGL/hdImagingShapeDrawOverride.h
    -- promoting: /home/S/jenkins/workspace/ecg-mayausd-branch-preflight-2022-python3-linux/ecg-maya-usd/maya-usd/lib/mayaUsd/render/pxrUsdMayaGL/hdImagingShapeUI.h
    -- promoting: /home/S/jenkins/workspace/ecg-mayausd-branch-preflight-2022-python3-linux/ecg-maya-usd/maya-usd/lib/mayaUsd/render/pxrUsdMayaGL/instancerImager.h
    -- promoting: /home/S/jenkins/workspace/ecg-mayausd-branch-preflight-2022-python3-linux/ecg-maya-usd/maya-usd/lib/mayaUsd/render/pxrUsdMayaGL/instancerShapeAdapter.h
    -- promoting: /home/S/jenkins/workspace/ecg-mayausd-branch-preflight-2022-python3-linux/ecg-maya-usd/maya-usd/lib/mayaUsd/render/pxrUsdMayaGL/proxyDrawOverride.h
    -- promoting: /home/S/jenkins/workspace/ecg-mayausd-branch-preflight-2022-python3-linux/ecg-maya-usd/maya-usd/lib/mayaUsd/render/pxrUsdMayaGL/proxyShapeUI.h
    -- promoting: /home/S/jenkins/workspace/ecg-mayausd-branch-preflight-2022-python3-linux/ecg-maya-usd/maya-usd/lib/mayaUsd/render/pxrUsdMayaGL/renderParams.h
    -- promoting: /home/S/jenkins/workspace/ecg-mayausd-branch-preflight-2022-python3-linux/ecg-maya-usd/maya-usd/lib/mayaUsd/render/pxrUsdMayaGL/sceneDelegate.h
    -- promoting: /home/S/jenkins/workspace/ecg-mayausd-branch-preflight-2022-python3-linux/ecg-maya-usd/maya-usd/lib/mayaUsd/render/pxrUsdMayaGL/shapeAdapter.h
    -- promoting: /home/S/jenkins/workspace/ecg-mayausd-branch-preflight-2022-python3-linux/ecg-maya-usd/maya-usd/lib/mayaUsd/render/pxrUsdMayaGL/softSelectHelper.h
    -- promoting: /home/S/jenkins/workspace/ecg-mayausd-branch-preflight-2022-python3-linux/ecg-maya-usd/maya-usd/lib/mayaUsd/render/pxrUsdMayaGL/usdProxyShapeAdapter.h
    -- promoting: /home/S/jenkins/workspace/ecg-mayausd-branch-preflight-2022-python3-linux/ecg-maya-usd/maya-usd/lib/mayaUsd/render/pxrUsdMayaGL/userData.h
    -- promoting: /home/S/jenkins/workspace/ecg-mayausd-branch-preflight-2022-python3-linux/ecg-maya-usd/maya-usd/lib/mayaUsd/render/vp2RenderDelegate/proxyRenderDelegate.h
    -- promoting: /home/S/jenkins/workspace/ecg-mayausd-branch-preflight-2022-python3-linux/ecg-maya-usd/maya-usd/lib/mayaUsd/render/vp2ShaderFragments/shaderFragments.h
    -- promoting: /home/S/jenkins/workspace/ecg-mayausd-branch-preflight-2022-python3-linux/ecg-maya-usd/maya-usd/lib/mayaUsd/render/MaterialXGenOgsXml/GlslFragmentGenerator.h
    -- promoting: /home/S/jenkins/workspace/ecg-mayausd-branch-preflight-2022-python3-linux/ecg-maya-usd/maya-usd/lib/mayaUsd/render/MaterialXGenOgsXml/OgsFragment.h
    -- promoting: /home/S/jenkins/workspace/ecg-mayausd-branch-preflight-2022-python3-linux/ecg-maya-usd/maya-usd/lib/mayaUsd/render/MaterialXGenOgsXml/OgsXmlGenerator.h
    -- Using 1.38.3 libraries with MaterialX 1.38.3
    -- promoting: /home/S/jenkins/workspace/ecg-mayausd-branch-preflight-2022-python3-linux/ecg-maya-usd/maya-usd/lib/mayaUsd/ufe/Global.h
    -- promoting: /home/S/jenkins/workspace/ecg-mayausd-branch-preflight-2022-python3-linux/ecg-maya-usd/maya-usd/lib/mayaUsd/ufe/ProxyShapeHandler.h
    -- promoting: /home/S/jenkins/workspace/ecg-mayausd-branch-preflight-2022-python3-linux/ecg-maya-usd/maya-usd/lib/mayaUsd/ufe/ProxyShapeHierarchy.h
    -- promoting: /home/S/jenkins/workspace/ecg-mayausd-branch-preflight-2022-python3-linux/ecg-maya-usd/maya-usd/lib/mayaUsd/ufe/ProxyShapeHierarchyHandler.h
    -- promoting: /home/S/jenkins/workspace/ecg-mayausd-branch-preflight-2022-python3-linux/ecg-maya-usd/maya-usd/lib/mayaUsd/ufe/StagesSubject.h
    -- promoting: /home/S/jenkins/workspace/ecg-mayausd-branch-preflight-2022-python3-linux/ecg-maya-usd/maya-usd/lib/mayaUsd/ufe/UsdHierarchy.h
    -- promoting: /home/S/jenkins/workspace/ecg-mayausd-branch-preflight-2022-python3-linux/ecg-maya-usd/maya-usd/lib/mayaUsd/ufe/UsdHierarchyHandler.h
    -- promoting: /home/S/jenkins/workspace/ecg-mayausd-branch-preflight-2022-python3-linux/ecg-maya-usd/maya-usd/lib/mayaUsd/ufe/UsdPointInstanceModifierBase.h
    -- promoting: /home/S/jenkins/workspace/ecg-mayausd-branch-preflight-2022-python3-linux/ecg-maya-usd/maya-usd/lib/mayaUsd/ufe/UsdPointInstanceOrientationModifier.h
    -- promoting: /home/S/jenkins/workspace/ecg-mayausd-branch-preflight-2022-python3-linux/ecg-maya-usd/maya-usd/lib/mayaUsd/ufe/UsdPointInstancePositionModifier.h
    -- promoting: /home/S/jenkins/workspace/ecg-mayausd-branch-preflight-2022-python3-linux/ecg-maya-usd/maya-usd/lib/mayaUsd/ufe/UsdPointInstanceScaleModifier.h
    -- promoting: /home/S/jenkins/workspace/ecg-mayausd-branch-preflight-2022-python3-linux/ecg-maya-usd/maya-usd/lib/mayaUsd/ufe/UsdRootChildHierarchy.h
    -- promoting: /home/S/jenkins/workspace/ecg-mayausd-branch-preflight-2022-python3-linux/ecg-maya-usd/maya-usd/lib/mayaUsd/ufe/UsdRotatePivotTranslateUndoableCommand.h
    -- promoting: /home/S/jenkins/workspace/ecg-mayausd-branch-preflight-2022-python3-linux/ecg-maya-usd/maya-usd/lib/mayaUsd/ufe/UsdRotateUndoableCommand.h
    -- promoting: /home/S/jenkins/workspace/ecg-mayausd-branch-preflight-2022-python3-linux/ecg-maya-usd/maya-usd/lib/mayaUsd/ufe/UsdScaleUndoableCommand.h
    -- promoting: /home/S/jenkins/workspace/ecg-mayausd-branch-preflight-2022-python3-linux/ecg-maya-usd/maya-usd/lib/mayaUsd/ufe/UsdSceneItem.h
    -- promoting: /home/S/jenkins/workspace/ecg-mayausd-branch-preflight-2022-python3-linux/ecg-maya-usd/maya-usd/lib/mayaUsd/ufe/UsdSceneItemOps.h
    -- promoting: /home/S/jenkins/workspace/ecg-mayausd-branch-preflight-2022-python3-linux/ecg-maya-usd/maya-usd/lib/mayaUsd/ufe/UsdSceneItemOpsHandler.h
    -- promoting: /home/S/jenkins/workspace/ecg-mayausd-branch-preflight-2022-python3-linux/ecg-maya-usd/maya-usd/lib/mayaUsd/ufe/UsdStageMap.h
    -- promoting: /home/S/jenkins/workspace/ecg-mayausd-branch-preflight-2022-python3-linux/ecg-maya-usd/maya-usd/lib/mayaUsd/ufe/UsdTRSUndoableCommandBase.h
    -- promoting: /home/S/jenkins/workspace/ecg-mayausd-branch-preflight-2022-python3-linux/ecg-maya-usd/maya-usd/lib/mayaUsd/ufe/UsdTransform3d.h
    -- promoting: /home/S/jenkins/workspace/ecg-mayausd-branch-preflight-2022-python3-linux/ecg-maya-usd/maya-usd/lib/mayaUsd/ufe/UsdTransform3dHandler.h
    -- promoting: /home/S/jenkins/workspace/ecg-mayausd-branch-preflight-2022-python3-linux/ecg-maya-usd/maya-usd/lib/mayaUsd/ufe/UsdTranslateUndoableCommand.h
    -- promoting: /home/S/jenkins/workspace/ecg-mayausd-branch-preflight-2022-python3-linux/ecg-maya-usd/maya-usd/lib/mayaUsd/ufe/UsdUndoDeleteCommand.h
    -- promoting: /home/S/jenkins/workspace/ecg-mayausd-branch-preflight-2022-python3-linux/ecg-maya-usd/maya-usd/lib/mayaUsd/ufe/UsdUndoDuplicateCommand.h
    -- promoting: /home/S/jenkins/workspace/ecg-mayausd-branch-preflight-2022-python3-linux/ecg-maya-usd/maya-usd/lib/mayaUsd/ufe/UsdUndoRenameCommand.h
    -- promoting: /home/S/jenkins/workspace/ecg-mayausd-branch-preflight-2022-python3-linux/ecg-maya-usd/maya-usd/lib/mayaUsd/ufe/Utils.h
    -- promoting: /home/S/jenkins/workspace/ecg-mayausd-branch-preflight-2022-python3-linux/ecg-maya-usd/maya-usd/lib/mayaUsd/ufe/UfeVersionCompat.h
    -- promoting: /home/S/jenkins/workspace/ecg-mayausd-branch-preflight-2022-python3-linux/ecg-maya-usd/maya-usd/lib/mayaUsd/ufe/ProxyShapeContextOpsHandler.h
    -- promoting: /home/S/jenkins/workspace/ecg-mayausd-branch-preflight-2022-python3-linux/ecg-maya-usd/maya-usd/lib/mayaUsd/ufe/RotationUtils.h
    -- promoting: /home/S/jenkins/workspace/ecg-mayausd-branch-preflight-2022-python3-linux/ecg-maya-usd/maya-usd/lib/mayaUsd/ufe/UsdAttribute.h
    -- promoting: /home/S/jenkins/workspace/ecg-mayausd-branch-preflight-2022-python3-linux/ecg-maya-usd/maya-usd/lib/mayaUsd/ufe/UsdAttributes.h
    -- promoting: /home/S/jenkins/workspace/ecg-mayausd-branch-preflight-2022-python3-linux/ecg-maya-usd/maya-usd/lib/mayaUsd/ufe/UsdAttributesHandler.h
    -- promoting: /home/S/jenkins/workspace/ecg-mayausd-branch-preflight-2022-python3-linux/ecg-maya-usd/maya-usd/lib/mayaUsd/ufe/UsdCamera.h
    -- promoting: /home/S/jenkins/workspace/ecg-mayausd-branch-preflight-2022-python3-linux/ecg-maya-usd/maya-usd/lib/mayaUsd/ufe/UsdCameraHandler.h
    -- promoting: /home/S/jenkins/workspace/ecg-mayausd-branch-preflight-2022-python3-linux/ecg-maya-usd/maya-usd/lib/mayaUsd/ufe/UsdContextOps.h
    -- promoting: /home/S/jenkins/workspace/ecg-mayausd-branch-preflight-2022-python3-linux/ecg-maya-usd/maya-usd/lib/mayaUsd/ufe/UsdContextOpsHandler.h
    -- promoting: /home/S/jenkins/workspace/ecg-mayausd-branch-preflight-2022-python3-linux/ecg-maya-usd/maya-usd/lib/mayaUsd/ufe/UsdObject3d.h
    -- promoting: /home/S/jenkins/workspace/ecg-mayausd-branch-preflight-2022-python3-linux/ecg-maya-usd/maya-usd/lib/mayaUsd/ufe/UsdObject3dHandler.h
    -- promoting: /home/S/jenkins/workspace/ecg-mayausd-branch-preflight-2022-python3-linux/ecg-maya-usd/maya-usd/lib/mayaUsd/ufe/UsdPointInstanceUndoableCommands.h
    -- promoting: /home/S/jenkins/workspace/ecg-mayausd-branch-preflight-2022-python3-linux/ecg-maya-usd/maya-usd/lib/mayaUsd/ufe/UsdSetXformOpUndoableCommandBase.h
    -- promoting: /home/S/jenkins/workspace/ecg-mayausd-branch-preflight-2022-python3-linux/ecg-maya-usd/maya-usd/lib/mayaUsd/ufe/UsdTransform3dBase.h
    -- promoting: /home/S/jenkins/workspace/ecg-mayausd-branch-preflight-2022-python3-linux/ecg-maya-usd/maya-usd/lib/mayaUsd/ufe/UsdTransform3dCommonAPI.h
    -- promoting: /home/S/jenkins/workspace/ecg-mayausd-branch-preflight-2022-python3-linux/ecg-maya-usd/maya-usd/lib/mayaUsd/ufe/UsdTransform3dFallbackMayaXformStack.h
    -- promoting: /home/S/jenkins/workspace/ecg-mayausd-branch-preflight-2022-python3-linux/ecg-maya-usd/maya-usd/lib/mayaUsd/ufe/UsdTransform3dMatrixOp.h
    -- promoting: /home/S/jenkins/workspace/ecg-mayausd-branch-preflight-2022-python3-linux/ecg-maya-usd/maya-usd/lib/mayaUsd/ufe/UsdTransform3dMayaXformStack.h
    -- promoting: /home/S/jenkins/workspace/ecg-mayausd-branch-preflight-2022-python3-linux/ecg-maya-usd/maya-usd/lib/mayaUsd/ufe/UsdTransform3dPointInstance.h
    -- promoting: /home/S/jenkins/workspace/ecg-mayausd-branch-preflight-2022-python3-linux/ecg-maya-usd/maya-usd/lib/mayaUsd/ufe/UsdTransform3dSetObjectMatrix.h
    -- promoting: /home/S/jenkins/workspace/ecg-mayausd-branch-preflight-2022-python3-linux/ecg-maya-usd/maya-usd/lib/mayaUsd/ufe/UsdTransform3dUndoableCommands.h
    -- promoting: /home/S/jenkins/workspace/ecg-mayausd-branch-preflight-2022-python3-linux/ecg-maya-usd/maya-usd/lib/mayaUsd/ufe/UsdUIInfoHandler.h
    -- promoting: /home/S/jenkins/workspace/ecg-mayausd-branch-preflight-2022-python3-linux/ecg-maya-usd/maya-usd/lib/mayaUsd/ufe/UsdUIUfeObserver.h
    -- promoting: /home/S/jenkins/workspace/ecg-mayausd-branch-preflight-2022-python3-linux/ecg-maya-usd/maya-usd/lib/mayaUsd/ufe/UsdUndoableCommand.h
    -- promoting: /home/S/jenkins/workspace/ecg-mayausd-branch-preflight-2022-python3-linux/ecg-maya-usd/maya-usd/lib/mayaUsd/ufe/UsdUndoAddNewPrimCommand.h
    -- promoting: /home/S/jenkins/workspace/ecg-mayausd-branch-preflight-2022-python3-linux/ecg-maya-usd/maya-usd/lib/mayaUsd/ufe/UsdUndoCreateGroupCommand.h
    -- promoting: /home/S/jenkins/workspace/ecg-mayausd-branch-preflight-2022-python3-linux/ecg-maya-usd/maya-usd/lib/mayaUsd/ufe/UsdUndoInsertChildCommand.h
    -- promoting: /home/S/jenkins/workspace/ecg-mayausd-branch-preflight-2022-python3-linux/ecg-maya-usd/maya-usd/lib/mayaUsd/ufe/UsdUndoReorderCommand.h
    -- promoting: /home/S/jenkins/workspace/ecg-mayausd-branch-preflight-2022-python3-linux/ecg-maya-usd/maya-usd/lib/mayaUsd/ufe/UsdUndoSetKindCommand.h
    -- promoting: /home/S/jenkins/workspace/ecg-mayausd-branch-preflight-2022-python3-linux/ecg-maya-usd/maya-usd/lib/mayaUsd/ufe/UsdUndoVisibleCommand.h
    -- promoting: /home/S/jenkins/workspace/ecg-mayausd-branch-preflight-2022-python3-linux/ecg-maya-usd/maya-usd/lib/mayaUsd/ufe/XformOpUtils.h
    -- promoting: /home/S/jenkins/workspace/ecg-mayausd-branch-preflight-2022-python3-linux/ecg-maya-usd/maya-usd/lib/mayaUsd/undo/OpUndoItemList.h
    -- promoting: /home/S/jenkins/workspace/ecg-mayausd-branch-preflight-2022-python3-linux/ecg-maya-usd/maya-usd/lib/mayaUsd/undo/OpUndoItemMuting.h
    -- promoting: /home/S/jenkins/workspace/ecg-mayausd-branch-preflight-2022-python3-linux/ecg-maya-usd/maya-usd/lib/mayaUsd/undo/OpUndoItemRecorder.h
    -- promoting: /home/S/jenkins/workspace/ecg-mayausd-branch-preflight-2022-python3-linux/ecg-maya-usd/maya-usd/lib/mayaUsd/undo/OpUndoItems.h
    -- promoting: /home/S/jenkins/workspace/ecg-mayausd-branch-preflight-2022-python3-linux/ecg-maya-usd/maya-usd/lib/mayaUsd/undo/UsdUndoBlock.h
    -- promoting: /home/S/jenkins/workspace/ecg-mayausd-branch-preflight-2022-python3-linux/ecg-maya-usd/maya-usd/lib/mayaUsd/undo/UsdUndoManager.h
    -- promoting: /home/S/jenkins/workspace/ecg-mayausd-branch-preflight-2022-python3-linux/ecg-maya-usd/maya-usd/lib/mayaUsd/undo/UsdUndoStateDelegate.h
    -- promoting: /home/S/jenkins/workspace/ecg-mayausd-branch-preflight-2022-python3-linux/ecg-maya-usd/maya-usd/lib/mayaUsd/undo/UsdUndoableItem.h
    -- promoting: /home/S/jenkins/workspace/ecg-mayausd-branch-preflight-2022-python3-linux/ecg-maya-usd/maya-usd/lib/mayaUsd/utils/blockSceneModificationContext.h
    -- promoting: /home/S/jenkins/workspace/ecg-mayausd-branch-preflight-2022-python3-linux/ecg-maya-usd/maya-usd/lib/mayaUsd/utils/colorSpace.h
    -- promoting: /home/S/jenkins/workspace/ecg-mayausd-branch-preflight-2022-python3-linux/ecg-maya-usd/maya-usd/lib/mayaUsd/utils/customLayerData.h
    -- promoting: /home/S/jenkins/workspace/ecg-mayausd-branch-preflight-2022-python3-linux/ecg-maya-usd/maya-usd/lib/mayaUsd/utils/converter.h
    -- promoting: /home/S/jenkins/workspace/ecg-mayausd-branch-preflight-2022-python3-linux/ecg-maya-usd/maya-usd/lib/mayaUsd/utils/diagnosticDelegate.h
    -- promoting: /home/S/jenkins/workspace/ecg-mayausd-branch-preflight-2022-python3-linux/ecg-maya-usd/maya-usd/lib/mayaUsd/utils/editability.h
    -- promoting: /home/S/jenkins/workspace/ecg-mayausd-branch-preflight-2022-python3-linux/ecg-maya-usd/maya-usd/lib/mayaUsd/utils/editRouter.h
    -- promoting: /home/S/jenkins/workspace/ecg-mayausd-branch-preflight-2022-python3-linux/ecg-maya-usd/maya-usd/lib/mayaUsd/utils/hash.h
    -- promoting: /home/S/jenkins/workspace/ecg-mayausd-branch-preflight-2022-python3-linux/ecg-maya-usd/maya-usd/lib/mayaUsd/utils/loadRules.h
    -- promoting: /home/S/jenkins/workspace/ecg-mayausd-branch-preflight-2022-python3-linux/ecg-maya-usd/maya-usd/lib/mayaUsd/utils/query.h
    -- promoting: /home/S/jenkins/workspace/ecg-mayausd-branch-preflight-2022-python3-linux/ecg-maya-usd/maya-usd/lib/mayaUsd/utils/plugRegistryHelper.h
    -- promoting: /home/S/jenkins/workspace/ecg-mayausd-branch-preflight-2022-python3-linux/ecg-maya-usd/maya-usd/lib/mayaUsd/utils/selectability.h
    -- promoting: /home/S/jenkins/workspace/ecg-mayausd-branch-preflight-2022-python3-linux/ecg-maya-usd/maya-usd/lib/mayaUsd/utils/stageCache.h
    -- promoting: /home/S/jenkins/workspace/ecg-mayausd-branch-preflight-2022-python3-linux/ecg-maya-usd/maya-usd/lib/mayaUsd/utils/traverseLayer.h
    -- promoting: /home/S/jenkins/workspace/ecg-mayausd-branch-preflight-2022-python3-linux/ecg-maya-usd/maya-usd/lib/mayaUsd/utils/undoHelperCommand.h
    -- promoting: /home/S/jenkins/workspace/ecg-mayausd-branch-preflight-2022-python3-linux/ecg-maya-usd/maya-usd/lib/mayaUsd/utils/util.h
    -- promoting: /home/S/jenkins/workspace/ecg-mayausd-branch-preflight-2022-python3-linux/ecg-maya-usd/maya-usd/lib/mayaUsd/utils/utilFileSystem.h
    -- promoting: /home/S/jenkins/workspace/ecg-mayausd-branch-preflight-2022-python3-linux/ecg-maya-usd/maya-usd/lib/mayaUsd/utils/utilSerialization.h
    -- promoting: /home/S/jenkins/workspace/ecg-mayausd-branch-preflight-2022-python3-linux/ecg-maya-usd/maya-usd/lib/mayaUsd/render/mayaToHydra/utils.h
    -- promoting: /home/S/jenkins/workspace/ecg-mayausd-branch-preflight-2022-python3-linux/ecg-maya-usd/maya-usd/lib/usd/hdMaya/api.h
    -- promoting: /home/S/jenkins/workspace/ecg-mayausd-branch-preflight-2022-python3-linux/ecg-maya-usd/maya-usd/lib/usd/hdMaya/utils.h
    -- promoting: /home/S/jenkins/workspace/ecg-mayausd-branch-preflight-2022-python3-linux/ecg-maya-usd/maya-usd/lib/usd/hdMaya/debugCodes.h
    -- promoting: /home/S/jenkins/workspace/ecg-mayausd-branch-preflight-2022-python3-linux/ecg-maya-usd/maya-usd/lib/usd/hdMaya/adapters/adapter.h
    -- promoting: /home/S/jenkins/workspace/ecg-mayausd-branch-preflight-2022-python3-linux/ecg-maya-usd/maya-usd/lib/usd/hdMaya/adapters/adapterDebugCodes.h
    -- promoting: /home/S/jenkins/workspace/ecg-mayausd-branch-preflight-2022-python3-linux/ecg-maya-usd/maya-usd/lib/usd/hdMaya/adapters/adapterRegistry.h
    -- promoting: /home/S/jenkins/workspace/ecg-mayausd-branch-preflight-2022-python3-linux/ecg-maya-usd/maya-usd/lib/usd/hdMaya/adapters/cameraAdapter.h
    -- promoting: /home/S/jenkins/workspace/ecg-mayausd-branch-preflight-2022-python3-linux/ecg-maya-usd/maya-usd/lib/usd/hdMaya/adapters/constantShadowMatrix.h
    -- promoting: /home/S/jenkins/workspace/ecg-mayausd-branch-preflight-2022-python3-linux/ecg-maya-usd/maya-usd/lib/usd/hdMaya/adapters/dagAdapter.h
    -- promoting: /home/S/jenkins/workspace/ecg-mayausd-branch-preflight-2022-python3-linux/ecg-maya-usd/maya-usd/lib/usd/hdMaya/adapters/lightAdapter.h
    -- promoting: /home/S/jenkins/workspace/ecg-mayausd-branch-preflight-2022-python3-linux/ecg-maya-usd/maya-usd/lib/usd/hdMaya/adapters/proxyAdapter.h
    -- promoting: /home/S/jenkins/workspace/ecg-mayausd-branch-preflight-2022-python3-linux/ecg-maya-usd/maya-usd/lib/usd/hdMaya/adapters/materialAdapter.h
    -- promoting: /home/S/jenkins/workspace/ecg-mayausd-branch-preflight-2022-python3-linux/ecg-maya-usd/maya-usd/lib/usd/hdMaya/adapters/materialNetworkConverter.h
    -- promoting: /home/S/jenkins/workspace/ecg-mayausd-branch-preflight-2022-python3-linux/ecg-maya-usd/maya-usd/lib/usd/hdMaya/adapters/mayaAttrs.h
    -- promoting: /home/S/jenkins/workspace/ecg-mayausd-branch-preflight-2022-python3-linux/ecg-maya-usd/maya-usd/lib/usd/hdMaya/adapters/shapeAdapter.h
    -- promoting: /home/S/jenkins/workspace/ecg-mayausd-branch-preflight-2022-python3-linux/ecg-maya-usd/maya-usd/lib/usd/hdMaya/adapters/tokens.h
    -- promoting: /home/S/jenkins/workspace/ecg-mayausd-branch-preflight-2022-python3-linux/ecg-maya-usd/maya-usd/lib/usd/hdMaya/delegates/delegate.h
    -- promoting: /home/S/jenkins/workspace/ecg-mayausd-branch-preflight-2022-python3-linux/ecg-maya-usd/maya-usd/lib/usd/hdMaya/delegates/delegateCtx.h
    -- promoting: /home/S/jenkins/workspace/ecg-mayausd-branch-preflight-2022-python3-linux/ecg-maya-usd/maya-usd/lib/usd/hdMaya/delegates/delegateDebugCodes.h
    -- promoting: /home/S/jenkins/workspace/ecg-mayausd-branch-preflight-2022-python3-linux/ecg-maya-usd/maya-usd/lib/usd/hdMaya/delegates/delegateRegistry.h
    -- promoting: /home/S/jenkins/workspace/ecg-mayausd-branch-preflight-2022-python3-linux/ecg-maya-usd/maya-usd/lib/usd/hdMaya/delegates/params.h
    -- promoting: /home/S/jenkins/workspace/ecg-mayausd-branch-preflight-2022-python3-linux/ecg-maya-usd/maya-usd/lib/usd/hdMaya/delegates/proxyDelegate.h
    -- promoting: /home/S/jenkins/workspace/ecg-mayausd-branch-preflight-2022-python3-linux/ecg-maya-usd/maya-usd/lib/usd/hdMaya/delegates/proxyUsdImagingDelegate.h
    -- promoting: /home/S/jenkins/workspace/ecg-mayausd-branch-preflight-2022-python3-linux/ecg-maya-usd/maya-usd/lib/usd/hdMaya/delegates/sceneDelegate.h
    -- promoting: /home/S/jenkins/workspace/ecg-mayausd-branch-preflight-2022-python3-linux/ecg-maya-usd/maya-usd/lib/usd/hdMaya/delegates/testDelegate.h
    -- promoting: /home/S/jenkins/workspace/ecg-mayausd-branch-preflight-2022-python3-linux/ecg-maya-usd/maya-usd/lib/usd/pxrUsdPreviewSurface/usdPreviewSurface.h
    -- promoting: /home/S/jenkins/workspace/ecg-mayausd-branch-preflight-2022-python3-linux/ecg-maya-usd/maya-usd/lib/usd/pxrUsdPreviewSurface/usdPreviewSurfacePlugin.h
    -- promoting: /home/S/jenkins/workspace/ecg-mayausd-branch-preflight-2022-python3-linux/ecg-maya-usd/maya-usd/lib/usd/schemas/api.h
    -- promoting: /home/S/jenkins/workspace/ecg-mayausd-branch-preflight-2022-python3-linux/ecg-maya-usd/maya-usd/lib/usd/schemas/ALMayaReference.h
    -- promoting: /home/S/jenkins/workspace/ecg-mayausd-branch-preflight-2022-python3-linux/ecg-maya-usd/maya-usd/lib/usd/schemas/MayaReference.h
    -- promoting: /home/S/jenkins/workspace/ecg-mayausd-branch-preflight-2022-python3-linux/ecg-maya-usd/maya-usd/lib/usd/schemas/tokens.h
    #################################################################################################
    #  USD_DISABLE_PRIM_DEFINITIONS_FOR_USDGENSCHEMA is overridden to 'true'.  Default is 'false'.  #
    #################################################################################################
    Processing schema classes:
    MayaReference, ALMayaReference
    Loading Templates from /local/S/jenkins/workspace/shared/Artifactory/Linux/USD/d547a10/lib/usd/usd/resources/codegenTemplates
    Writing API:
    	    wrote /home/S/jenkins/workspace/ecg-mayausd-branch-preflight-2022-python3-linux/build/RelWithDebInfo/lib/usd/schemas/api.h
    Writing Schema Tokens:
    	    wrote /home/S/jenkins/workspace/ecg-mayausd-branch-preflight-2022-python3-linux/build/RelWithDebInfo/lib/usd/schemas/tokens.h
    	    wrote /home/S/jenkins/workspace/ecg-mayausd-branch-preflight-2022-python3-linux/build/RelWithDebInfo/lib/usd/schemas/tokens.cpp
    	    wrote /home/S/jenkins/workspace/ecg-mayausd-branch-preflight-2022-python3-linux/build/RelWithDebInfo/lib/usd/schemas/wrapTokens.cpp
    Generating Classes:
    	    wrote /home/S/jenkins/workspace/ecg-mayausd-branch-preflight-2022-python3-linux/build/RelWithDebInfo/lib/usd/schemas/MayaReference.h
    	    wrote /home/S/jenkins/workspace/ecg-mayausd-branch-preflight-2022-python3-linux/build/RelWithDebInfo/lib/usd/schemas/MayaReference.cpp
    	    wrote /home/S/jenkins/workspace/ecg-mayausd-branch-preflight-2022-python3-linux/build/RelWithDebInfo/lib/usd/schemas/wrapMayaReference.cpp
    	    wrote /home/S/jenkins/workspace/ecg-mayausd-branch-preflight-2022-python3-linux/build/RelWithDebInfo/lib/usd/schemas/ALMayaReference.h
    	    wrote /home/S/jenkins/workspace/ecg-mayausd-branch-preflight-2022-python3-linux/build/RelWithDebInfo/lib/usd/schemas/ALMayaReference.cpp
    	    wrote /home/S/jenkins/workspace/ecg-mayausd-branch-preflight-2022-python3-linux/build/RelWithDebInfo/lib/usd/schemas/wrapALMayaReference.cpp
    Loading Templates from /local/S/jenkins/workspace/shared/Artifactory/Linux/USD/d547a10/lib/usd/usd/resources/codegenTemplates
    	    wrote /home/S/jenkins/workspace/ecg-mayausd-branch-preflight-2022-python3-linux/build/RelWithDebInfo/lib/usd/schemas/plugInfo.json
    Generating Schematics:
    	    wrote /home/S/jenkins/workspace/ecg-mayausd-branch-preflight-2022-python3-linux/build/RelWithDebInfo/lib/usd/schemas/generatedSchema.usda
    -- promoting: /home/S/jenkins/workspace/ecg-mayausd-branch-preflight-2022-python3-linux/ecg-maya-usd/maya-usd/lib/usd/utils/ALHalf.h
    -- promoting: /home/S/jenkins/workspace/ecg-mayausd-branch-preflight-2022-python3-linux/ecg-maya-usd/maya-usd/lib/usd/utils/Api.h
    -- promoting: /home/S/jenkins/workspace/ecg-mayausd-branch-preflight-2022-python3-linux/ecg-maya-usd/maya-usd/lib/usd/utils/DebugCodes.h
    -- promoting: /home/S/jenkins/workspace/ecg-mayausd-branch-preflight-2022-python3-linux/ecg-maya-usd/maya-usd/lib/usd/utils/DiffCore.h
    -- promoting: /home/S/jenkins/workspace/ecg-mayausd-branch-preflight-2022-python3-linux/ecg-maya-usd/maya-usd/lib/usd/utils/DiffPrims.h
    -- promoting: /home/S/jenkins/workspace/ecg-mayausd-branch-preflight-2022-python3-linux/ecg-maya-usd/maya-usd/lib/usd/utils/MergePrims.h
    -- promoting: /home/S/jenkins/workspace/ecg-mayausd-branch-preflight-2022-python3-linux/ecg-maya-usd/maya-usd/lib/usd/utils/MergePrimsOptions.h
    -- promoting: /home/S/jenkins/workspace/ecg-mayausd-branch-preflight-2022-python3-linux/ecg-maya-usd/maya-usd/lib/usd/utils/ForwardDeclares.h
    -- promoting: /home/S/jenkins/workspace/ecg-mayausd-branch-preflight-2022-python3-linux/ecg-maya-usd/maya-usd/lib/usd/utils/SIMD.h
    -- promoting: /home/S/jenkins/workspace/ecg-mayausd-branch-preflight-2022-python3-linux/ecg-maya-usd/maya-usd/lib/usd/utils/util.h
    -- promoting: /home/S/jenkins/workspace/ecg-mayausd-branch-preflight-2022-python3-linux/ecg-maya-usd/maya-usd/lib/usd/ui/layerEditor/batchSaveLayersUIDelegate.h
    -- promoting: /home/S/jenkins/workspace/ecg-mayausd-branch-preflight-2022-python3-linux/ecg-maya-usd/maya-usd/lib/usd/ui/importDialog/IMayaMQtUtil.h
    -- promoting: /home/S/jenkins/workspace/ecg-mayausd-branch-preflight-2022-python3-linux/ecg-maya-usd/maya-usd/lib/usd/ui/importDialog/ItemDelegate.h
    -- promoting: /home/S/jenkins/workspace/ecg-mayausd-branch-preflight-2022-python3-linux/ecg-maya-usd/maya-usd/lib/usd/ui/importDialog/IUSDImportView.h
    -- promoting: /home/S/jenkins/workspace/ecg-mayausd-branch-preflight-2022-python3-linux/ecg-maya-usd/maya-usd/lib/usd/ui/importDialog/TreeItem.h
    -- promoting: /home/S/jenkins/workspace/ecg-mayausd-branch-preflight-2022-python3-linux/ecg-maya-usd/maya-usd/lib/usd/ui/importDialog/TreeModel.h
    -- promoting: /home/S/jenkins/workspace/ecg-mayausd-branch-preflight-2022-python3-linux/ecg-maya-usd/maya-usd/lib/usd/ui/importDialog/TreeModelFactory.h
    -- promoting: /home/S/jenkins/workspace/ecg-mayausd-branch-preflight-2022-python3-linux/ecg-maya-usd/maya-usd/lib/usd/ui/importDialog/USDImportDialog.h
    -- promoting: /home/S/jenkins/workspace/ecg-mayausd-branch-preflight-2022-python3-linux/ecg-maya-usd/maya-usd/lib/usd/ui/importDialog/USDImportDialogCmd.h
    -- promoting: /home/S/jenkins/workspace/ecg-mayausd-branch-preflight-2022-python3-linux/ecg-maya-usd/maya-usd/lib/usd/ui/importDialog/USDQtUtil.h
    -- promoting: /home/S/jenkins/workspace/ecg-mayausd-branch-preflight-2022-python3-linux/ecg-maya-usd/maya-usd/lib/usd/ui/api.h
    -- promoting: /home/S/jenkins/workspace/ecg-mayausd-branch-preflight-2022-python3-linux/ecg-maya-usd/maya-usd/lib/usd/ui/initStringResources.h
    ========== Pixar USD Plugin ==========
    Compiling '/home/S/jenkins/workspace/ecg-mayausd-branch-preflight-2022-python3-linux/build/RelWithDebInfo/plugin/pxr/__init__.py'...
    ========== AL USD Plugin ==========
    CMake Deprecation Warning at plugin/al/CMakeLists.txt:7 (cmake_policy):
      The OLD behavior for policy CMP0026 will be removed from a future version
      of CMake.
    
      The cmake-policies(7) manual explains that the OLD behaviors of all
      policies are deprecated and that a policy should be set to OLD only under
      specific short-term circumstances.  Projects should be ported to the NEW
      behavior and not rely on setting a policy to OLD.
    
    
    -- Found Boost 1.70.0 at /local/S/jenkins/workspace/shared/Artifactory/Linux/USD/d547a10/lib/cmake/Boost-1.70.0
    --   Requested configuration: QUIET REQUIRED
    -- Found boost_headers 1.70.0 at /local/S/jenkins/workspace/shared/Artifactory/Linux/USD/d547a10/lib/cmake/boost_headers-1.70.0
    -- Boost  found.
    -- Found Boost 1.70.0 at /local/S/jenkins/workspace/shared/Artifactory/Linux/USD/d547a10/lib/cmake/Boost-1.70.0
    --   Requested configuration: QUIET REQUIRED COMPONENTS python
    -- Found boost_python 1.70.0 at /local/S/jenkins/workspace/shared/Artifactory/Linux/USD/d547a10/lib/cmake/boost_python-1.70.0
    --   libboost_python37.so.1.70.0
    -- Adding boost_python dependencies: headers
    -- Boost  found.
    -- Found Boost components:
       python
    -- Found GTest: /home/S/jenkins/workspace/ecg-mayausd-branch-preflight-2022-python3-linux/build/RelWithDebInfo/googletest-install/lib64/libgtest.so
    -- Building AL_USDMayaSchemas
    #################################################################################################
    #  USD_DISABLE_PRIM_DEFINITIONS_FOR_USDGENSCHEMA is overridden to 'true'.  Default is 'false'.  #
    #################################################################################################
    Processing schema classes:
    ALModelAPI, ALFrameRange
    Loading Templates from /local/S/jenkins/workspace/shared/Artifactory/Linux/USD/d547a10/lib/usd/usd/resources/codegenTemplates
    Writing API:
    	    wrote /home/S/jenkins/workspace/ecg-mayausd-branch-preflight-2022-python3-linux/build/RelWithDebInfo/plugin/al/schemas/AL/usd/schemas/maya/api.h
    Writing Schema Tokens:
    	    wrote /home/S/jenkins/workspace/ecg-mayausd-branch-preflight-2022-python3-linux/build/RelWithDebInfo/plugin/al/schemas/AL/usd/schemas/maya/tokens.h
    	    wrote /home/S/jenkins/workspace/ecg-mayausd-branch-preflight-2022-python3-linux/build/RelWithDebInfo/plugin/al/schemas/AL/usd/schemas/maya/tokens.cpp
    	    wrote /home/S/jenkins/workspace/ecg-mayausd-branch-preflight-2022-python3-linux/build/RelWithDebInfo/plugin/al/schemas/AL/usd/schemas/maya/wrapTokens.cpp
    Generating Classes:
    	    wrote /home/S/jenkins/workspace/ecg-mayausd-branch-preflight-2022-python3-linux/build/RelWithDebInfo/plugin/al/schemas/AL/usd/schemas/maya/ModelAPI.h
    	    wrote /home/S/jenkins/workspace/ecg-mayausd-branch-preflight-2022-python3-linux/build/RelWithDebInfo/plugin/al/schemas/AL/usd/schemas/maya/ModelAPI.cpp
    	    wrote /home/S/jenkins/workspace/ecg-mayausd-branch-preflight-2022-python3-linux/build/RelWithDebInfo/plugin/al/schemas/AL/usd/schemas/maya/wrapModelAPI.cpp
    	    wrote /home/S/jenkins/workspace/ecg-mayausd-branch-preflight-2022-python3-linux/build/RelWithDebInfo/plugin/al/schemas/AL/usd/schemas/maya/FrameRange.h
    	    wrote /home/S/jenkins/workspace/ecg-mayausd-branch-preflight-2022-python3-linux/build/RelWithDebInfo/plugin/al/schemas/AL/usd/schemas/maya/FrameRange.cpp
    	    wrote /home/S/jenkins/workspace/ecg-mayausd-branch-preflight-2022-python3-linux/build/RelWithDebInfo/plugin/al/schemas/AL/usd/schemas/maya/wrapFrameRange.cpp
    Loading Templates from /local/S/jenkins/workspace/shared/Artifactory/Linux/USD/d547a10/lib/usd/usd/resources/codegenTemplates
    	    wrote /home/S/jenkins/workspace/ecg-mayausd-branch-preflight-2022-python3-linux/build/RelWithDebInfo/plugin/al/schemas/AL/usd/schemas/maya/plugInfo.json
    Generating Schematics:
    	    wrote /home/S/jenkins/workspace/ecg-mayausd-branch-preflight-2022-python3-linux/build/RelWithDebInfo/plugin/al/schemas/AL/usd/schemas/maya/generatedSchema.usda
    #################################################################################################
    #  USD_DISABLE_PRIM_DEFINITIONS_FOR_USDGENSCHEMA is overridden to 'true'.  Default is 'false'.  #
    #################################################################################################
    Processing schema classes:
    ALExamplePolyCubeNode
    Loading Templates from /local/S/jenkins/workspace/shared/Artifactory/Linux/USD/d547a10/lib/usd/usd/resources/codegenTemplates
    Writing API:
    	    wrote /home/S/jenkins/workspace/ecg-mayausd-branch-preflight-2022-python3-linux/build/RelWithDebInfo/plugin/al/schemas/AL/usd/schemas/mayatest/api.h
    Writing Schema Tokens:
    	    wrote /home/S/jenkins/workspace/ecg-mayausd-branch-preflight-2022-python3-linux/build/RelWithDebInfo/plugin/al/schemas/AL/usd/schemas/mayatest/tokens.h
    	    wrote /home/S/jenkins/workspace/ecg-mayausd-branch-preflight-2022-python3-linux/build/RelWithDebInfo/plugin/al/schemas/AL/usd/schemas/mayatest/tokens.cpp
    	    wrote /home/S/jenkins/workspace/ecg-mayausd-branch-preflight-2022-python3-linux/build/RelWithDebInfo/plugin/al/schemas/AL/usd/schemas/mayatest/wrapTokens.cpp
    Generating Classes:
    	    wrote /home/S/jenkins/workspace/ecg-mayausd-branch-preflight-2022-python3-linux/build/RelWithDebInfo/plugin/al/schemas/AL/usd/schemas/mayatest/ExamplePolyCubeNode.h
    	    wrote /home/S/jenkins/workspace/ecg-mayausd-branch-preflight-2022-python3-linux/build/RelWithDebInfo/plugin/al/schemas/AL/usd/schemas/mayatest/ExamplePolyCubeNode.cpp
    	    wrote /home/S/jenkins/workspace/ecg-mayausd-branch-preflight-2022-python3-linux/build/RelWithDebInfo/plugin/al/schemas/AL/usd/schemas/mayatest/wrapExamplePolyCubeNode.cpp
    Loading Templates from /local/S/jenkins/workspace/shared/Artifactory/Linux/USD/d547a10/lib/usd/usd/resources/codegenTemplates
    	    wrote /home/S/jenkins/workspace/ecg-mayausd-branch-preflight-2022-python3-linux/build/RelWithDebInfo/plugin/al/schemas/AL/usd/schemas/mayatest/plugInfo.json
    Generating Schematics:
    	    wrote /home/S/jenkins/workspace/ecg-mayausd-branch-preflight-2022-python3-linux/build/RelWithDebInfo/plugin/al/schemas/AL/usd/schemas/mayatest/generatedSchema.usda
    -- Building AL_USDMayaTranslators
    ========== ADSK USD Plugin ==========
    -- Configuring done
    -- Generating done
    -- Build files have been written to: /home/S/jenkins/workspace/ecg-mayausd-branch-preflight-2022-python3-linux/build/RelWithDebInfo
    
        Building with settings:
          Source directory          /home/S/jenkins/workspace/ecg-mayausd-branch-preflight-2022-python3-linux/ecg-maya-usd/maya-usd
          Workspace directory       /local/S/jenkins/workspace/ecg-mayausd-branch-preflight-2022-python3-linux
          Build directory           /local/S/jenkins/workspace/ecg-mayausd-branch-preflight-2022-python3-linux/build/RelWithDebInfo
          Install directory         /local/S/jenkins/workspace/ecg-mayausd-branch-preflight-2022-python3-linux/install/RelWithDebInfo/MayaUSD
          Variant                   RelWithDebInfo
          Python Debug              Off
          CMake generator           Ninja
          Build arguments           ['-DCMAKE_MAKE_PROGRAM=/local/S/jenkins/workspace/shared/Artifactory/Linux/ninja/1.9.0/aca9939/ninja', '-DPYTHON_INCLUDE_DIR=/local/S/jenkins/workspace/shared/Artifactory/Linux/rundev-2022/202204211415/runtime/d9026d4/runTime/include/Python37/Python', '-DPython_EXECUTABLE=/local/S/jenkins/workspace/shared/Artifactory/Linux/rundev-2022/202204211415/runtime/d9026d4/runTime/bin/mayapy', '-DPYTHON_LIBRARIES=/local/S/jenkins/workspace/shared/Artifactory/Linux/rundev-2022/202204211415/runtime/d9026d4/runTime/lib/libpython3.7m.so.1.0', '-DBUILD_WITH_PYTHON_3=ON', '-DUSD_LIB_PREFIX=lib', '-DCMAKE_WANT_MATERIALX_BUILD=ON', '-DCMAKE_PREFIX_PATH=/local/S/jenkins/workspace/shared/Artifactory/Linux/USD/d547a10']
          Stages arguments          ['configure']
          CTest arguments           ['-E testUsdReferenceAssemblySelection|testUsdMayaAppDir', '-LE interactive', '--parallel 16']
    Success MayaUSD build and install !!!!
    Elapsed time: 00:00:16
[Pipeline] }
[Pipeline] // withEnv
[Pipeline] }
[Pipeline] // stage
[Pipeline] }
[Pipeline] // timestamps
[Pipeline] }
[Pipeline] // timeout
[Pipeline] timeout
Timeout set to expire in 6 hr 0 min
[Pipeline] {
[Pipeline] timestamps
[Pipeline] {
[Pipeline] stage
[Pipeline] { (Build)
[Pipeline] withEnv
[Pipeline] {
[Pipeline] sh
[ecg-mayausd-branch-preflight-2022-python3-linux] Running shell script
+ scl enable devtoolset-6 -
python ecg-maya-usd/build.py --stages=build --workspace-dir=/local/S/jenkins/workspace/ecg-mayausd-branch-preflight-2022-python3-linux --artifactory-dir=/local/S/jenkins/workspace/shared/Artifactory --build-dir=/local/S/jenkins/workspace/ecg-mayausd-branch-preflight-2022-python3-linux/build --install-dir=/local/S/jenkins/workspace/ecg-mayausd-branch-preflight-2022-python3-linux/install --signing-dir=/local/S/jenkins/workspace/ecg-mayausd-branch-preflight-2022-python3-linux/signing --package-dir=/local/S/jenkins/workspace/ecg-mayausd-branch-preflight-2022-python3-linux/package --output-dir=/local/S/jenkins/workspace/ecg-mayausd-branch-preflight-2022-python3-linux/output --stash-dir=/local/S/jenkins/workspace/ecg-mayausd-branch-preflight-2022-python3-linux/stash --jenkins-build=1509 --git-commit=72058a0fb70c17bf13db99a0dd13a0d74ea7f6ab --git-branch=master --variants=RelWithDebInfo --python=3.7 --post-zips=false --build-retry=3 --maya-cut-config=maya-rundev-2022.yaml --stage-banner
Using Maya cut from /local/S/jenkins/workspace/shared/Artifactory/Linux/rundev-2022/202204211415/runtime/d9026d4

================================================================================
                             build (RelWithDebInfo)
================================================================================
Maya Python RelWithDebInfo Info:
  mayapy executable   = /local/S/jenkins/workspace/shared/Artifactory/Linux/rundev-2022/202204211415/runtime/d9026d4/runTime/bin/mayapy
  Include Folder      = /local/S/jenkins/workspace/shared/Artifactory/Linux/rundev-2022/202204211415/runtime/d9026d4/runTime/include/Python37/Python
  Library             = /local/S/jenkins/workspace/shared/Artifactory/Linux/rundev-2022/202204211415/runtime/d9026d4/runTime/lib/libpython3.7m.so.1.0
  site-package Folder = /local/S/jenkins/workspace/shared/Artifactory/Linux/rundev-2022/202204211415/runtime/d9026d4/runTime/lib/python3.7/site-packages
In workdir: /home/S/jenkins/workspace/ecg-mayausd-branch-preflight-2022-python3-linux/ecg-maya-usd/maya-usd
Executing: /local/S/jenkins/workspace/shared/Artifactory/Linux/rundev-2022/202204211415/runtime/d9026d4/runTime/bin/mayapy /home/S/jenkins/workspace/ecg-mayausd-branch-preflight-2022-python3-linux/ecg-maya-usd/maya-usd/build.py --generator Ninja --build-relwithdebug --maya-location /local/S/jenkins/workspace/shared/Artifactory/Linux/rundev-2022/202204211415/runtime/d9026d4/runTime --devkit-location /local/S/jenkins/workspace/shared/Artifactory/Linux/rundev-2022/202204211415/runtime/d9026d4/devkitBase --pxrusd-location /local/S/jenkins/workspace/shared/Artifactory/Linux/USD/d547a10 --qt-location /local/S/jenkins/workspace/shared/Artifactory/Linux/qt/5.15.2/49402fc --build-args=-DCMAKE_MAKE_PROGRAM=/local/S/jenkins/workspace/shared/Artifactory/Linux/ninja/1.9.0/aca9939/ninja,-DPYTHON_INCLUDE_DIR=/local/S/jenkins/workspace/shared/Artifactory/Linux/rundev-2022/202204211415/runtime/d9026d4/runTime/include/Python37/Python,-DPython_EXECUTABLE=/local/S/jenkins/workspace/shared/Artifactory/Linux/rundev-2022/202204211415/runtime/d9026d4/runTime/bin/mayapy,-DPYTHON_LIBRARIES=/local/S/jenkins/workspace/shared/Artifactory/Linux/rundev-2022/202204211415/runtime/d9026d4/runTime/lib/libpython3.7m.so.1.0,-DBUILD_WITH_PYTHON_3=ON,-DUSD_LIB_PREFIX=lib,-DCMAKE_WANT_MATERIALX_BUILD=ON,-DCMAKE_PREFIX_PATH=/local/S/jenkins/workspace/shared/Artifactory/Linux/USD/d547a10 '--ctest-args=-E testUsdReferenceAssemblySelection|testUsdMayaAppDir,-LE interactive,--parallel 16' --stages=build --redirect-outstream-file=False --install-location /local/S/jenkins/workspace/ecg-mayausd-branch-preflight-2022-python3-linux/install/RelWithDebInfo/MayaUSD /local/S/jenkins/workspace/ecg-mayausd-branch-preflight-2022-python3-linux
Modified environment variables:
    PATH=/local/S/jenkins/workspace/shared/Artifactory/Linux/cmake/3.14.4/656573b/bin:/opt/rh/devtoolset-6/root/usr/bin:/usr/local/bin:/usr/bin
    LD_LIBRARY_PATH=/opt/rh/devtoolset-6/root/usr/lib64:/opt/rh/devtoolset-6/root/usr/lib64:/opt/rh/devtoolset-6/root/usr/lib
    [1/689] Building CXX object test/lib/usd/plugin/CMakeFiles/usdTestMayaPlugin.dir/plugin.cpp.o
    [2/689] Building CXX object test/lib/usd/plugin/CMakeFiles/usdTestApiWriter.dir/plugin.cpp.o
    [3/689] Building CXX object test/lib/usd/plugin/CMakeFiles/usdTestInfoImportChaser.dir/plugin.cpp.o
    [4/689] Building CXX object test/lib/usd/utils/CMakeFiles/testDiffLists.dir/main.cpp.o
    [5/689] Building CXX object test/lib/usd/utils/CMakeFiles/testDiffCore.dir/main.cpp.o
    [6/689] Building CXX object test/lib/usd/utils/CMakeFiles/testDiffDictionaries.dir/main.cpp.o
    [7/689] Building CXX object test/lib/usd/utils/CMakeFiles/testMergePrims.dir/main.cpp.o
    [8/689] Building CXX object test/lib/usd/utils/CMakeFiles/testDiffAttributes.dir/main.cpp.o
    [9/689] Building CXX object test/lib/usd/utils/CMakeFiles/testDiffMetadatas.dir/main.cpp.o
    [10/689] Building CXX object test/lib/usd/utils/CMakeFiles/testDiffRelationships.dir/main.cpp.o
    [11/689] Building CXX object test/lib/usd/utils/CMakeFiles/testDiffCore.dir/test_DiffCore.cpp.o
    [12/689] Building CXX object test/lib/usd/plugin/CMakeFiles/usdTestInfoImportChaser.dir/infoImportChaser.cpp.o
    [13/689] Building CXX object test/lib/usd/plugin/CMakeFiles/usdTestMayaPlugin.dir/mayaShaderTranslation.cpp.o
    [14/689] Building CXX object test/lib/usd/utils/CMakeFiles/testDiffPrims.dir/test_DiffPrimsChildren.cpp.o
    [15/689] Building CXX object test/lib/usd/plugin/CMakeFiles/usdTestUsdPlugin.dir/mayaShaderTranslation.cpp.o
    [16/689] Building CXX object test/lib/usd/utils/CMakeFiles/testDiffRelationships.dir/test_DiffRelationships.cpp.o
    [17/689] Building CXX object test/lib/usd/utils/CMakeFiles/testDiffAttributes.dir/test_DiffAttributes.cpp.o
    [18/689] Building CXX object test/lib/usd/utils/CMakeFiles/testDiffPrims.dir/test_DiffPrims.cpp.o
    [19/689] Building CXX object test/lib/usd/utils/CMakeFiles/testDiffDictionaries.dir/test_DiffDictionaries.cpp.o
    [20/689] Building CXX object test/lib/usd/utils/CMakeFiles/testDiffComputeOverall.dir/main.cpp.o
    [21/689] Building CXX object test/lib/usd/plugin/CMakeFiles/usdTestApiWriter.dir/nullApiExporter.cpp.o
    [22/689] Building CXX object test/lib/usd/utils/CMakeFiles/testDiffPrims.dir/main.cpp.o
    [23/689] Building CXX object test/lib/usd/utils/CMakeFiles/testDiffValues.dir/main.cpp.o
    [24/689] Building CXX object test/lib/usd/utils/CMakeFiles/testDiffMetadatas.dir/test_DiffMetadatas.cpp.o
    [25/689] Building CXX object test/lib/usd/plugin/CMakeFiles/usdTestApiWriter.dir/bulletAdaptor.cpp.o
    [26/689] Building CXX object test/lib/usd/utils/CMakeFiles/testMergePrims.dir/test_MergePrims.cpp.o
    [27/689] Building CXX object test/lib/usd/utils/CMakeFiles/testDiffLists.dir/test_DiffLists.cpp.o
    [28/689] Building CXX object lib/mayaUsd/CMakeFiles/mayaUsd.dir/ufe/UsdUndoDuplicateCommand.cpp.o
    [29/689] Building CXX object lib/mayaUsd/CMakeFiles/mayaUsd.dir/ufe/UsdSceneItemOpsHandler.cpp.o
    [30/689] Building CXX object lib/mayaUsd/CMakeFiles/mayaUsd.dir/base/debugCodes.cpp.o
    [31/689] Building CXX object lib/mayaUsd/CMakeFiles/mayaUsd.dir/base/tokens.cpp.o
    [32/689] Building CXX object lib/mayaUsd/CMakeFiles/mayaUsd.dir/ufe/UsdTransform3d.cpp.o
    [33/689] Building CXX object test/lib/usd/utils/CMakeFiles/testDiffComputeOverall.dir/test_DiffComputeOverall.cpp.o
    [34/689] Building CXX object test/lib/usd/utils/CMakeFiles/testDiffPrims.dir/test_DiffPrimsAttributes.cpp.o
    [35/689] Building CXX object test/lib/usd/utils/CMakeFiles/testDiffPrims.dir/test_DiffPrimsRelations.cpp.o
    [36/689] Building CXX object test/lib/usd/utils/CMakeFiles/testDiffValues.dir/test_DiffValues.cpp.o
    [37/689] Building CXX object lib/mayaUsd/CMakeFiles/mayaUsd.dir/fileio/importData.cpp.o
    [38/689] Building CXX object test/lib/usd/utils/CMakeFiles/testDiffValues.dir/test_DiffValuesMatrices.cpp.o
    [39/689] Building CXX object lib/mayaUsd/CMakeFiles/mayaUsd.dir/commands/layerEditorWindowCommand.cpp.o
    [40/689] Building CXX object test/lib/usd/utils/CMakeFiles/testDiffValues.dir/test_DiffValuesIntVecs.cpp.o
    [41/689] Building CXX object test/lib/usd/utils/CMakeFiles/testDiffValues.dir/test_DiffValuesGeneric.cpp.o
    [42/689] Building CXX object test/lib/usd/utils/CMakeFiles/testDiffValues.dir/test_DiffValuesQuaternions.cpp.o
    [43/689] Building CXX object test/lib/usd/utils/CMakeFiles/testDiffValues.dir/test_DiffValuesArrays.cpp.o
    [44/689] Building CXX object test/lib/usd/utils/CMakeFiles/testDiffValues.dir/test_DiffValuesDoubleVecs.cpp.o
    [45/689] Building CXX object test/lib/usd/utils/CMakeFiles/testDiffValues.dir/test_DiffValuesFloatVecs.cpp.o
    [46/689] Building CXX object lib/mayaUsd/CMakeFiles/mayaUsd.dir/commands/baseListJobContextsCommand.cpp.o
    [47/689] Building CXX object lib/mayaUsd/CMakeFiles/mayaUsd.dir/commands/baseExportCommand.cpp.o
    [48/689] Building CXX object test/lib/usd/utils/CMakeFiles/testDiffValues.dir/test_DiffValuesHalfVecs.cpp.o
    [49/689] Building CXX object lib/mayaUsd/CMakeFiles/mayaUsd.dir/commands/baseImportCommand.cpp.o
    [50/689] Building CXX object lib/mayaUsd/CMakeFiles/mayaUsd.dir/fileio/jobContextRegistry.cpp.o
    [51/689] Building CXX object lib/mayaUsd/CMakeFiles/mayaUsd.dir/commands/editTargetCommand.cpp.o
    [52/689] Building CXX object lib/mayaUsd/CMakeFiles/mayaUsd.dir/fileio/fallbackPrimReader.cpp.o
    [53/689] Building CXX object lib/mayaUsd/CMakeFiles/mayaUsd.dir/commands/baseListShadingModesCommand.cpp.o
    [54/689] Building CXX object lib/mayaUsd/CMakeFiles/mayaUsd.dir/fileio/primReader.cpp.o
    [55/689] Building CXX object lib/mayaUsd/CMakeFiles/mayaUsd.dir/fileio/functorPrimReader.cpp.o
    [56/689] Building CXX object lib/mayaUsd/CMakeFiles/mayaUsd.dir/fileio/primReaderArgs.cpp.o
    [57/689] Building CXX object lib/mayaUsd/CMakeFiles/mayaUsd.dir/fileio/functorPrimWriter.cpp.o
    [58/689] Building CXX object lib/mayaUsd/CMakeFiles/mayaUsd.dir/fileio/primWriterContext.cpp.o
    [59/689] Building CXX object lib/mayaUsd/CMakeFiles/mayaUsd.dir/fileio/instancedNodeWriter.cpp.o
    [60/689] Building CXX object lib/mayaUsd/CMakeFiles/mayaUsd.dir/fileio/primReaderContext.cpp.o
    [61/689] Building CXX object lib/mayaUsd/CMakeFiles/mayaUsd.dir/fileio/chaser/exportChaser.cpp.o
    [62/689] Building CXX object lib/mayaUsd/CMakeFiles/mayaUsd.dir/fileio/primReaderRegistry.cpp.o
    [63/689] Building CXX object lib/mayaUsd/CMakeFiles/mayaUsd.dir/fileio/primWriterArgs.cpp.o
    [64/689] Building CXX object lib/mayaUsd/CMakeFiles/mayaUsd.dir/fileio/primWriterRegistry.cpp.o
    [65/689] Building CXX object lib/mayaUsd/CMakeFiles/mayaUsd.dir/fileio/registryHelper.cpp.o
    [66/689] Building CXX object lib/mayaUsd/CMakeFiles/mayaUsd.dir/commands/layerEditorCommand.cpp.o
    [67/689] Building CXX object lib/mayaUsd/CMakeFiles/mayaUsd.dir/fileio/primWriter.cpp.o
    [68/689] Building CXX object lib/mayaUsd/CMakeFiles/mayaUsd.dir/fileio/schemaApiAdaptor.cpp.o
    [69/689] Building CXX object lib/mayaUsd/CMakeFiles/mayaUsd.dir/fileio/shaderWriter.cpp.o
    [70/689] Building CXX object lib/mayaUsd/CMakeFiles/mayaUsd.dir/fileio/shaderReader.cpp.o
    [71/689] Building CXX object lib/mayaUsd/CMakeFiles/mayaUsd.dir/fileio/shaderReaderRegistry.cpp.o
    [72/689] Building CXX object lib/mayaUsd/CMakeFiles/mayaUsd.dir/fileio/schemaApiAdaptorRegistry.cpp.o
    [73/689] Building CXX object lib/mayaUsd/CMakeFiles/mayaUsd.dir/fileio/shaderWriterRegistry.cpp.o
    [74/689] Building CXX object lib/mayaUsd/CMakeFiles/mayaUsd.dir/fileio/chaser/exportChaserRegistry.cpp.o
    [75/689] Building CXX object lib/mayaUsd/CMakeFiles/mayaUsd.dir/fileio/chaser/importChaserRegistry.cpp.o
    [76/689] Building CXX object lib/mayaUsd/CMakeFiles/mayaUsd.dir/fileio/chaser/importChaser.cpp.o
    [77/689] Building CXX object lib/mayaUsd/CMakeFiles/mayaUsd.dir/fileio/transformWriter.cpp.o
    [78/689] Building CXX object lib/mayaUsd/CMakeFiles/mayaUsd.dir/fileio/writeJobContext.cpp.o
    [79/689] Building CXX object lib/mayaUsd/CMakeFiles/mayaUsd.dir/fileio/jobs/meshDataReadJob.cpp.o
    [80/689] Building CXX object lib/mayaUsd/CMakeFiles/mayaUsd.dir/fileio/shading/shadingModeImporter.cpp.o
    [81/689] Building CXX object lib/mayaUsd/CMakeFiles/mayaUsd.dir/fileio/jobs/modelKindProcessor.cpp.o
    [82/689] Building CXX object lib/mayaUsd/CMakeFiles/mayaUsd.dir/fileio/translators/skelBindingsProcessor.cpp.o
    [83/689] Building CXX object lib/mayaUsd/CMakeFiles/mayaUsd.dir/fileio/shading/shadingModeExporter.cpp.o
    [84/689] Building CXX object lib/mayaUsd/CMakeFiles/mayaUsd.dir/fileio/jobs/readJob.cpp.o
    [85/689] Building CXX object lib/mayaUsd/CMakeFiles/mayaUsd.dir/fileio/shading/shadingModeDisplayColor.cpp.o
    [86/689] Building CXX object lib/mayaUsd/CMakeFiles/mayaUsd.dir/fileio/jobs/jobArgs.cpp.o
    [87/689] Building CXX object lib/mayaUsd/CMakeFiles/mayaUsd.dir/fileio/jobs/writeJob.cpp.o
    [88/689] Building CXX object lib/mayaUsd/CMakeFiles/mayaUsd.dir/fileio/shading/shadingModeExporterContext.cpp.o
    [89/689] Building CXX object lib/mayaUsd/CMakeFiles/mayaUsd.dir/fileio/shading/symmetricShaderReader.cpp.o
    [90/689] Building CXX object lib/mayaUsd/CMakeFiles/mayaUsd.dir/fileio/shading/shadingModeRegistry.cpp.o
    [91/689] Building CXX object lib/mayaUsd/CMakeFiles/mayaUsd.dir/fileio/shading/shadingModePxrRis.cpp.o
    [92/689] Building CXX object lib/mayaUsd/CMakeFiles/mayaUsd.dir/fileio/shading/shadingModeUseRegistry.cpp.o
    [93/689] Building CXX object lib/mayaUsd/CMakeFiles/mayaUsd.dir/fileio/translators/translatorCurves.cpp.o
    [94/689] Building CXX object lib/mayaUsd/CMakeFiles/mayaUsd.dir/fileio/shading/symmetricShaderWriter.cpp.o
    [95/689] Building CXX object lib/mayaUsd/CMakeFiles/mayaUsd.dir/fileio/translators/translatorCamera.cpp.o
    [96/689] Building CXX object lib/mayaUsd/CMakeFiles/mayaUsd.dir/fileio/translators/translatorGprim.cpp.o
    [97/689] Building CXX object lib/mayaUsd/CMakeFiles/mayaUsd.dir/fileio/translators/translatorMayaReference.cpp.o
    [98/689] Building CXX object lib/mayaUsd/CMakeFiles/mayaUsd.dir/fileio/translators/translatorPrim.cpp.o
    [99/689] Building CXX object lib/mayaUsd/CMakeFiles/mayaUsd.dir/fileio/translators/translatorLight.cpp.o
    [100/689] Building CXX object lib/mayaUsd/CMakeFiles/mayaUsd.dir/fileio/translators/translatorNurbsPatch.cpp.o
    [101/689] Building CXX object lib/mayaUsd/CMakeFiles/mayaUsd.dir/fileio/translators/translatorMesh.cpp.o
    [102/689] Building CXX object lib/mayaUsd/CMakeFiles/mayaUsd.dir/fileio/translators/translatorMaterial.cpp.o
    [103/689] Building CXX object lib/mayaUsd/CMakeFiles/mayaUsd.dir/fileio/translators/translatorUtil.cpp.o
    [104/689] Building CXX object lib/mayaUsd/CMakeFiles/mayaUsd.dir/fileio/translators/translatorXformable.cpp.o
    [105/689] Building CXX object lib/mayaUsd/CMakeFiles/mayaUsd.dir/fileio/translators/translatorRfMLight.cpp.o
    [106/689] Building CXX object lib/mayaUsd/CMakeFiles/mayaUsd.dir/fileio/translators/translatorXformable_decompose.cpp.o
    [107/689] Building CXX object lib/mayaUsd/CMakeFiles/mayaUsd.dir/listeners/notice.cpp.o
    [108/689] Building CXX object lib/mayaUsd/CMakeFiles/mayaUsd.dir/fileio/translators/translatorSkel.cpp.o
    [109/689] Building CXX object lib/mayaUsd/CMakeFiles/mayaUsd.dir/fileio/utils/readUtil.cpp.o
    [110/689] Building CXX object lib/mayaUsd/CMakeFiles/mayaUsd.dir/fileio/utils/jointWriteUtils.cpp.o
    [111/689] Building CXX object lib/mayaUsd/CMakeFiles/mayaUsd.dir/fileio/utils/adaptor.cpp.o
    [112/689] Building CXX object lib/mayaUsd/CMakeFiles/mayaUsd.dir/fileio/utils/roundTripUtil.cpp.o
    [113/689] Building CXX object lib/mayaUsd/CMakeFiles/mayaUsd.dir/fileio/utils/meshReadUtils.cpp.o
    [114/689] Building CXX object lib/mayaUsd/CMakeFiles/mayaUsd.dir/fileio/utils/userTaggedAttribute.cpp.o
    [115/689] Building CXX object lib/mayaUsd/CMakeFiles/mayaUsd.dir/listeners/stageNoticeListener.cpp.o
    [116/689] Building CXX object lib/mayaUsd/CMakeFiles/mayaUsd.dir/fileio/utils/meshWriteUtils.cpp.o
    [117/689] Building CXX object lib/mayaUsd/CMakeFiles/mayaUsd.dir/listeners/proxyShapeNotice.cpp.o
    [118/689] Building CXX object lib/mayaUsd/CMakeFiles/mayaUsd.dir/render/px_vp20/glslProgram.cpp.o
    [119/689] Building CXX object lib/mayaUsd/CMakeFiles/mayaUsd.dir/nodes/hdImagingShape.cpp.o
    [120/689] Building CXX object lib/mayaUsd/CMakeFiles/mayaUsd.dir/fileio/utils/xformStack.cpp.o
    [121/689] Building CXX object lib/mayaUsd/CMakeFiles/mayaUsd.dir/fileio/utils/writeUtil.cpp.o
    [122/689] Building CXX object lib/mayaUsd/CMakeFiles/mayaUsd.dir/nodes/pointBasedDeformerNode.cpp.o
    [123/689] Building CXX object lib/mayaUsd/CMakeFiles/mayaUsd.dir/render/pxrUsdMayaGL/debugCodes.cpp.o
    [124/689] Building CXX object lib/mayaUsd/CMakeFiles/mayaUsd.dir/python/moduleDeps.cpp.o
    [125/689] Building CXX object lib/mayaUsd/CMakeFiles/mayaUsd.dir/nodes/proxyAccessor.cpp.o
    [126/689] Building CXX object lib/mayaUsd/CMakeFiles/mayaUsd.dir/nodes/proxyShapePlugin.cpp.o
    [127/689] Building CXX object lib/mayaUsd/CMakeFiles/mayaUsd.dir/render/px_vp20/utils_legacy.cpp.o
    [128/689] Building CXX object lib/mayaUsd/CMakeFiles/mayaUsd.dir/nodes/stageData.cpp.o
    [129/689] Building CXX object lib/mayaUsd/CMakeFiles/mayaUsd.dir/fileio/utils/shadingUtil.cpp.o
    [130/689] Building CXX object lib/mayaUsd/CMakeFiles/mayaUsd.dir/nodes/proxyShapeLoadRules.cpp.o
    [131/689] Building CXX object lib/mayaUsd/CMakeFiles/mayaUsd.dir/render/px_vp20/utils.cpp.o
    [132/689] Building CXX object lib/mayaUsd/CMakeFiles/mayaUsd.dir/nodes/usdPrimProvider.cpp.o
    [133/689] Building CXX object lib/mayaUsd/CMakeFiles/mayaUsd.dir/render/pxrUsdMayaGL/softSelectHelper.cpp.o
    [134/689] Building CXX object lib/mayaUsd/CMakeFiles/mayaUsd.dir/render/pxrUsdMayaGL/userData.cpp.o
    [135/689] Building CXX object lib/mayaUsd/CMakeFiles/mayaUsd.dir/nodes/stageNode.cpp.o
    [136/689] Building CXX object lib/mayaUsd/CMakeFiles/mayaUsd.dir/render/vp2RenderDelegate/bboxGeom.cpp.o
    [137/689] Building CXX object lib/mayaUsd/CMakeFiles/mayaUsd.dir/render/vp2RenderDelegate/debugCodes.cpp.o
    [138/689] Building CXX object lib/mayaUsd/CMakeFiles/mayaUsd.dir/nodes/proxyShapeBase.cpp.o
    [139/689] Building CXX object lib/mayaUsd/CMakeFiles/mayaUsd.dir/render/vp2RenderDelegate/extComputation.cpp.o
    [140/689] Building CXX object lib/mayaUsd/CMakeFiles/mayaUsd.dir/nodes/layerManager.cpp.o
    [141/689] Building CXX object lib/mayaUsd/CMakeFiles/mayaUsd.dir/render/pxrUsdMayaGL/proxyShapeDelegate.cpp.o
    [142/689] Building CXX object lib/mayaUsd/CMakeFiles/mayaUsd.dir/render/pxrUsdMayaGL/hdImagingShapeUI.cpp.o
    [143/689] Building CXX object lib/mayaUsd/CMakeFiles/mayaUsd.dir/render/pxrUsdMayaGL/hdImagingShapeDrawOverride.cpp.o
    [144/689] Building CXX object lib/mayaUsd/CMakeFiles/mayaUsd.dir/render/pxrUsdMayaGL/shapeAdapter.cpp.o
    [145/689] Building CXX object lib/mayaUsd/CMakeFiles/mayaUsd.dir/render/vp2RenderDelegate/draw_item.cpp.o
    [146/689] Building CXX object lib/mayaUsd/CMakeFiles/mayaUsd.dir/render/pxrUsdMayaGL/usdProxyShapeAdapter.cpp.o
    [147/689] Building CXX object lib/mayaUsd/CMakeFiles/mayaUsd.dir/render/pxrUsdMayaGL/batchRenderer.cpp.o
    [148/689] Building CXX object lib/mayaUsd/CMakeFiles/mayaUsd.dir/render/pxrUsdMayaGL/instancerImager.cpp.o
    [149/689] Building CXX object lib/mayaUsd/CMakeFiles/mayaUsd.dir/render/pxrUsdMayaGL/proxyDrawOverride.cpp.o
    [150/689] Building CXX object lib/mayaUsd/CMakeFiles/mayaUsd.dir/render/pxrUsdMayaGL/proxyShapeUI.cpp.o
    [151/689] Building CXX object lib/mayaUsd/CMakeFiles/mayaUsd.dir/render/pxrUsdMayaGL/sceneDelegate.cpp.o
    [152/689] Building CXX object lib/mayaUsd/CMakeFiles/mayaUsd.dir/render/vp2RenderDelegate/tokens.cpp.o
    [153/689] Building CXX object lib/mayaUsd/CMakeFiles/mayaUsd.dir/render/vp2RenderDelegate/shader.cpp.o
    [154/689] Building CXX object lib/mayaUsd/CMakeFiles/mayaUsd.dir/render/pxrUsdMayaGL/instancerShapeAdapter.cpp.o
    [155/689] Building CXX object lib/mayaUsd/CMakeFiles/mayaUsd.dir/render/vp2RenderDelegate/instancer.cpp.o
    [156/689] Building CXX object lib/mayaUsd/CMakeFiles/mayaUsd.dir/render/vp2RenderDelegate/sampler.cpp.o
    [157/689] Building CXX object lib/mayaUsd/CMakeFiles/mayaUsd.dir/render/vp2RenderDelegate/render_param.cpp.o
    [158/689] Building CXX object lib/mayaUsd/CMakeFiles/mayaUsd.dir/render/MaterialXGenOgsXml/Nodes/SurfaceNodeMaya.cpp.o
    [159/689] Building CXX object lib/mayaUsd/CMakeFiles/mayaUsd.dir/render/MaterialXGenOgsXml/GlslFragmentGenerator.cpp.o
    [160/689] Building CXX object lib/mayaUsd/CMakeFiles/mayaUsd.dir/render/MaterialXGenOgsXml/OgsXmlGenerator.cpp.o
    [161/689] Building CXX object lib/mayaUsd/CMakeFiles/mayaUsd.dir/render/vp2RenderDelegate/basisCurves.cpp.o
    [162/689] Building CXX object lib/mayaUsd/CMakeFiles/mayaUsd.dir/render/MaterialXGenOgsXml/OgsFragment.cpp.o
    [163/689] Building CXX object lib/mayaUsd/CMakeFiles/mayaUsd.dir/render/MaterialXGenOgsXml/PugiXML/pugixml.cpp.o
    [164/689] Building CXX object lib/mayaUsd/CMakeFiles/mayaUsd.dir/render/vp2ShaderFragments/shaderFragments.cpp.o
    [165/689] Building CXX object lib/mayaUsd/CMakeFiles/mayaUsd.dir/render/vp2RenderDelegate/meshViewportCompute.cpp.o
    [166/689] Building CXX object lib/mayaUsd/CMakeFiles/mayaUsd.dir/render/vp2RenderDelegate/mayaPrimCommon.cpp.o
    [167/689] Building CXX object lib/mayaUsd/CMakeFiles/mayaUsd.dir/ufe/ProxyShapeHandler.cpp.o
    [168/689] Building CXX object lib/mayaUsd/CMakeFiles/mayaUsd.dir/render/vp2RenderDelegate/render_delegate.cpp.o
    [169/689] Building CXX object lib/mayaUsd/CMakeFiles/mayaUsd.dir/ufe/Global.cpp.o
    [170/689] Building CXX object lib/mayaUsd/CMakeFiles/mayaUsd.dir/render/vp2RenderDelegate/proxyRenderDelegate.cpp.o
    [171/689] Building CXX object lib/mayaUsd/CMakeFiles/mayaUsd.dir/render/vp2RenderDelegate/points.cpp.o
    [172/689] Building CXX object lib/mayaUsd/CMakeFiles/mayaUsd.dir/render/vp2RenderDelegate/mesh.cpp.o
    [173/689] Building CXX object lib/mayaUsd/CMakeFiles/mayaUsd.dir/ufe/ProxyShapeHierarchyHandler.cpp.o
    [174/689] Building CXX object lib/mayaUsd/CMakeFiles/mayaUsd.dir/ufe/UsdHierarchyHandler.cpp.o
    [175/689] Building CXX object lib/mayaUsd/CMakeFiles/mayaUsd.dir/ufe/UsdPointInstanceOrientationModifier.cpp.o
    [176/689] Building CXX object lib/mayaUsd/CMakeFiles/mayaUsd.dir/ufe/UsdRotatePivotTranslateUndoableCommand.cpp.o
    [177/689] Building CXX object lib/mayaUsd/CMakeFiles/mayaUsd.dir/ufe/ProxyShapeHierarchy.cpp.o
    [178/689] Building CXX object lib/mayaUsd/CMakeFiles/mayaUsd.dir/ufe/UsdPointInstancePositionModifier.cpp.o
    [179/689] Building CXX object lib/mayaUsd/CMakeFiles/mayaUsd.dir/ufe/UsdPointInstanceScaleModifier.cpp.o
    [180/689] Building CXX object lib/mayaUsd/CMakeFiles/mayaUsd.dir/ufe/UsdHierarchy.cpp.o
    [181/689] Building CXX object lib/mayaUsd/CMakeFiles/mayaUsd.dir/ufe/StagesSubject.cpp.o
    [182/689] Building CXX object lib/mayaUsd/CMakeFiles/mayaUsd.dir/render/vp2RenderDelegate/material.cpp.o
    [183/689] Building CXX object lib/mayaUsd/CMakeFiles/mayaUsd.dir/ufe/UsdRootChildHierarchy.cpp.o
    [184/689] Building CXX object lib/mayaUsd/CMakeFiles/mayaUsd.dir/ufe/UsdSceneItem.cpp.o
    [185/689] Building CXX object lib/usd/pxrUsdPreviewSurface/CMakeFiles/basePxrUsdPreviewSurface.dir/cpvColor.cpp.o
    [186/689] Building CXX object lib/usd/translators/CMakeFiles/mayaUsd_Translators.dir/lightRfMWriter.cpp.o
    [187/689] Building CXX object lib/mayaUsd/CMakeFiles/mayaUsd.dir/ufe/UsdRotateUndoableCommand.cpp.o
    [188/689] Building CXX object lib/mayaUsd/CMakeFiles/mayaUsd.dir/ufe/UsdScaleUndoableCommand.cpp.o
    [189/689] Building CXX object lib/mayaUsd/CMakeFiles/mayaUsd.dir/ufe/UsdStageMap.cpp.o
    [190/689] Building CXX object lib/usd/translators/CMakeFiles/mayaUsd_Translators.dir/materialReader.cpp.o
    [191/689] Building CXX object lib/usd/translators/CMakeFiles/mayaUsd_Translators.dir/lightWriter.cpp.o
    [192/689] Building CXX object lib/usd/translators/CMakeFiles/mayaUsd_Translators.dir/locatorWriter.cpp.o
    [193/689] Building CXX object lib/mayaUsd/CMakeFiles/mayaUsd.dir/ufe/moduleDeps.cpp.o
    [194/689] Building CXX object lib/usd/hdMaya/CMakeFiles/hdMaya.dir/delegates/delegate.cpp.o
    [195/689] Building CXX object lib/mayaUsd/CMakeFiles/mayaUsd.dir/ufe/UsdSceneItemOps.cpp.o
    [196/689] Building CXX object lib/mayaUsd/CMakeFiles/mayaUsd.dir/ufe/RotationUtils.cpp.o
    [197/689] Building CXX object lib/usd/hdMaya/CMakeFiles/hdMaya.dir/delegates/delegateCtx.cpp.o
    [198/689] Building CXX object lib/mayaUsd/CMakeFiles/mayaUsd.dir/ufe/UsdTranslateUndoableCommand.cpp.o
    [199/689] Building CXX object lib/mayaUsd/CMakeFiles/mayaUsd.dir/ufe/UsdTransform3dHandler.cpp.o
    [200/689] Building CXX object lib/mayaUsd/CMakeFiles/mayaUsd.dir/ufe/UsdTRSUndoableCommandBase.cpp.o
    [201/689] Building CXX object lib/mayaUsd/CMakeFiles/mayaUsd.dir/ufe/UsdUndoDeleteCommand.cpp.o
    [202/689] Building CXX object lib/mayaUsd/CMakeFiles/mayaUsd.dir/ufe/UsdUndoRenameCommand.cpp.o
    [203/689] Building CXX object lib/mayaUsd/CMakeFiles/mayaUsd.dir/ufe/ProxyShapeContextOpsHandler.cpp.o
    [204/689] Building CXX object lib/mayaUsd/CMakeFiles/mayaUsd.dir/ufe/UsdAttributesHandler.cpp.o
    [205/689] Building CXX object lib/mayaUsd/CMakeFiles/mayaUsd.dir/ufe/UsdAttributes.cpp.o
    [206/689] Building CXX object lib/mayaUsd/CMakeFiles/mayaUsd.dir/ufe/UsdCameraHandler.cpp.o
    [207/689] Building CXX object lib/mayaUsd/CMakeFiles/mayaUsd.dir/ufe/UsdContextOpsHandler.cpp.o
    [208/689] Building CXX object lib/mayaUsd/CMakeFiles/mayaUsd.dir/ufe/UsdCamera.cpp.o
    [209/689] Building CXX object lib/mayaUsd/CMakeFiles/mayaUsd.dir/ufe/UsdTransform3dUndoableCommands.cpp.o
    [210/689] Building CXX object lib/mayaUsd/CMakeFiles/mayaUsd.dir/ufe/UsdObject3d.cpp.o
    [211/689] Building CXX object lib/mayaUsd/CMakeFiles/mayaUsd.dir/ufe/UsdObject3dHandler.cpp.o
    [212/689] Building CXX object lib/mayaUsd/CMakeFiles/mayaUsd.dir/ufe/UsdSetXformOpUndoableCommandBase.cpp.o
    [213/689] Building CXX object lib/mayaUsd/CMakeFiles/mayaUsd.dir/ufe/Utils.cpp.o
    [214/689] Building CXX object lib/mayaUsd/CMakeFiles/mayaUsd.dir/ufe/UsdAttribute.cpp.o
    [215/689] Building CXX object lib/mayaUsd/CMakeFiles/mayaUsd.dir/ufe/UsdTransform3dBase.cpp.o
    [216/689] Building CXX object lib/mayaUsd/CMakeFiles/mayaUsd.dir/ufe/UsdUIUfeObserver.cpp.o
    [217/689] Building CXX object lib/mayaUsd/CMakeFiles/mayaUsd.dir/ufe/UsdTransform3dCommonAPI.cpp.o
    [218/689] Building CXX object lib/mayaUsd/CMakeFiles/mayaUsd.dir/ufe/UsdContextOps.cpp.o
    [219/689] Building CXX object lib/mayaUsd/CMakeFiles/mayaUsd.dir/ufe/private/UfeNotifGuard.cpp.o
    [220/689] Building CXX object lib/mayaUsd/CMakeFiles/mayaUsd.dir/ufe/UsdUIInfoHandler.cpp.o
    [221/689] Building CXX object lib/mayaUsd/CMakeFiles/mayaUsd.dir/undo/OpUndoItemRecorder.cpp.o
    [222/689] Building CXX object lib/mayaUsd/CMakeFiles/mayaUsd.dir/undo/OpUndoItemList.cpp.o
    [223/689] Building CXX object lib/mayaUsd/CMakeFiles/mayaUsd.dir/ufe/XformOpUtils.cpp.o
    [224/689] Building CXX object lib/mayaUsd/CMakeFiles/mayaUsd.dir/ufe/UsdTransform3dFallbackMayaXformStack.cpp.o
    [225/689] Building CXX object lib/mayaUsd/CMakeFiles/mayaUsd.dir/ufe/UsdUndoSetKindCommand.cpp.o
    [226/689] Building CXX object lib/mayaUsd/CMakeFiles/mayaUsd.dir/undo/UsdUndoableItem.cpp.o
    [227/689] Building CXX object lib/mayaUsd/CMakeFiles/mayaUsd.dir/ufe/UsdUndoReorderCommand.cpp.o
    [228/689] Building CXX object lib/mayaUsd/CMakeFiles/mayaUsd.dir/utils/colorSpace.cpp.o
    [229/689] Building CXX object lib/mayaUsd/CMakeFiles/mayaUsd.dir/utils/blockSceneModificationContext.cpp.o
    [230/689] Building CXX object lib/mayaUsd/CMakeFiles/mayaUsd.dir/ufe/UsdTransform3dMatrixOp.cpp.o
    [231/689] Building CXX object lib/mayaUsd/CMakeFiles/mayaUsd.dir/ufe/UsdTransform3dSetObjectMatrix.cpp.o
    [232/689] Building CXX object lib/mayaUsd/CMakeFiles/mayaUsd.dir/ufe/private/Utils.cpp.o
    [233/689] Building CXX object lib/mayaUsd/CMakeFiles/mayaUsd.dir/ufe/UsdTransform3dPointInstance.cpp.o
    [234/689] Building CXX object lib/mayaUsd/CMakeFiles/mayaUsd.dir/ufe/UsdUndoCreateGroupCommand.cpp.o
    [235/689] Building CXX object lib/mayaUsd/CMakeFiles/mayaUsd.dir/utils/diagnosticDelegate.cpp.o
    [236/689] Building CXX object lib/mayaUsd/CMakeFiles/mayaUsd.dir/ufe/UsdTransform3dMayaXformStack.cpp.o
    [237/689] Building CXX object lib/mayaUsd/CMakeFiles/mayaUsd.dir/ufe/UsdUndoVisibleCommand.cpp.o
    [238/689] Building CXX object lib/mayaUsd/CMakeFiles/mayaUsd.dir/ufe/UsdUndoAddNewPrimCommand.cpp.o
    [239/689] Building CXX object lib/mayaUsd/CMakeFiles/mayaUsd.dir/ufe/UsdUndoInsertChildCommand.cpp.o
    [240/689] Building CXX object lib/mayaUsd/CMakeFiles/mayaUsd.dir/undo/UsdUndoBlock.cpp.o
    [241/689] Building CXX object lib/mayaUsd/CMakeFiles/mayaUsd.dir/undo/UsdUndoManager.cpp.o
    [242/689] Building CXX object lib/mayaUsd/CMakeFiles/mayaUsd.dir/ufe/UsdUndoUngroupCommand.cpp.o
    [243/689] Building CXX object lib/mayaUsd/CMakeFiles/mayaUsd.dir/utils/customLayerData.cpp.o
    [244/689] Building CXX object lib/mayaUsd/CMakeFiles/mayaUsd.dir/utils/plugRegistryHelper.cpp.o
    [245/689] Building CXX object lib/mayaUsd/CMakeFiles/mayaUsd.dir/undo/OpUndoItems.cpp.o
    [246/689] Building CXX object lib/mayaUsd/CMakeFiles/mayaUsd.dir/utils/editability.cpp.o
    [247/689] Building CXX object lib/mayaUsd/python/CMakeFiles/_mayaUsd.dir/module.cpp.o
    [248/689] Building CXX object lib/mayaUsd/CMakeFiles/mayaUsd.dir/undo/UsdUndoStateDelegate.cpp.o
    [249/689] Building CXX object lib/mayaUsd/CMakeFiles/mayaUsd.dir/utils/loadRulesAttribute.cpp.o
    [250/689] Building CXX object lib/mayaUsd/CMakeFiles/mayaUsd.dir/utils/loadRulesText.cpp.o
    [251/689] Building CXX object lib/mayaUsd/CMakeFiles/mayaUsd.dir/utils/loadRules.cpp.o
    [252/689] Building CXX object lib/mayaUsd/CMakeFiles/mayaUsd.dir/utils/traverseLayer.cpp.o
    [253/689] Building CXX object lib/mayaUsd/CMakeFiles/mayaUsd.dir/utils/query.cpp.o
    [254/689] Building CXX object lib/mayaUsd/CMakeFiles/mayaUsd.dir/utils/selectability.cpp.o
    [255/689] Building CXX object lib/mayaUsd/CMakeFiles/mayaUsd.dir/utils/converter.cpp.o
    [256/689] Building CXX object lib/mayaUsd/CMakeFiles/mayaUsd.dir/utils/undoHelperCommand.cpp.o
    [257/689] Building CXX object lib/mayaUsd/CMakeFiles/mayaUsd.dir/utils/stageCache.cpp.o
    [258/689] Building CXX object lib/mayaUsd/python/CMakeFiles/_mayaUsd.dir/wrapColorSpace.cpp.o
    [259/689] Building CXX object lib/mayaUsd/python/CMakeFiles/_mayaUsd.dir/wrapBlockSceneModificationContext.cpp.o
    [260/689] Building CXX object lib/mayaUsd/CMakeFiles/mayaUsd.dir/utils/editRouter.cpp.o
    [261/689] Building CXX object lib/mayaUsd/python/CMakeFiles/_mayaUsd.dir/pythonObjectRegistry.cpp.o
    [262/689] Building CXX object lib/mayaUsd/python/CMakeFiles/_mayaUsd.dir/wrapDiagnosticDelegate.cpp.o
    [263/689] Building CXX object lib/mayaUsd/python/CMakeFiles/_mayaUsd.dir/wrapOpUndoItem.cpp.o
    [264/689] Building CXX object lib/mayaUsd/CMakeFiles/mayaUsd.dir/utils/utilSerialization.cpp.o
    [265/689] Building CXX object lib/mayaUsd/python/CMakeFiles/_mayaUsd.dir/wrapTokens.cpp.o
    [266/689] Building CXX object lib/mayaUsd/CMakeFiles/mayaUsd.dir/utils/utilFileSystem.cpp.o
    [267/689] Building CXX object lib/mayaUsd/python/CMakeFiles/_mayaUsd.dir/wrapSparseValueWriter.cpp.o
    [268/689] Building CXX object lib/mayaUsd/python/CMakeFiles/_mayaUsd.dir/wrapStageCache.cpp.o
    [269/689] Building CXX object lib/mayaUsd/python/CMakeFiles/_mayaUsd.dir/wrapQuery.cpp.o
    [270/689] Building CXX object lib/mayaUsd/python/CMakeFiles/_mayaUsd.dir/wrapEditRouter.cpp.o
    [271/689] Building CXX object lib/mayaUsd/python/CMakeFiles/_mayaUsd.dir/wrapConverter.cpp.o
    [272/689] Building CXX object lib/mayaUsd/CMakeFiles/mayaUsd.dir/utils/util.cpp.o
    [273/689] Building CXX object lib/mayaUsd/python/CMakeFiles/_mayaUsd.dir/wrapMeshWriteUtils.cpp.o
    [274/689] Building CXX object lib/mayaUsd/python/CMakeFiles/_mayaUsd.dir/wrapUsdUndoManager.cpp.o
    [275/689] Building CXX object lib/mayaUsd/python/CMakeFiles/_mayaUsd.dir/wrapRoundTripUtil.cpp.o
    [276/689] Building CXX object lib/mayaUsd/python/CMakeFiles/_mayaUsd.dir/wrapAdaptor.cpp.o
    [277/689] Building CXX object lib/mayaUsd/ufe/CMakeFiles/_ufe.dir/module.cpp.o
    [278/689] Building CXX object lib/mayaUsd/python/CMakeFiles/_mayaUsd.dir/wrapTranslatorUtil.cpp.o
    [279/689] Building CXX object lib/mayaUsd/python/CMakeFiles/_mayaUsd.dir/wrapReadUtil.cpp.o
    [280/689] Building CXX object lib/mayaUsd/ufe/CMakeFiles/_ufe.dir/wrapGlobal.cpp.o
    [281/689] Building CXX object lib/mayaUsd/python/CMakeFiles/_mayaUsd.dir/wrapUserTaggedAttribute.cpp.o
    [282/689] Building CXX object lib/mayaUsd/python/CMakeFiles/_mayaUsd.dir/wrapUtil.cpp.o
    [283/689] Building CXX object lib/mayaUsd/render/mayaToHydra/CMakeFiles/mtoh.dir/tokens.cpp.o
    [284/689] Building CXX object lib/mayaUsd/python/CMakeFiles/_mayaUsd.dir/wrapOpenMaya.cpp.o
    [285/689] Building CXX object lib/mayaUsd/python/CMakeFiles/_mayaUsd.dir/wrapWriteUtil.cpp.o
    [286/689] Building CXX object lib/mayaUsd/render/mayaToHydra/CMakeFiles/mtoh.dir/pluginDebugCodes.cpp.o
    [287/689] Building CXX object lib/mayaUsd/python/CMakeFiles/_mayaUsd.dir/wrapJobContextRegistry.cpp.o
    [288/689] Building CXX object lib/mayaUsd/python/CMakeFiles/_mayaUsd.dir/wrapXformStack.cpp.o
    [289/689] Building CXX object lib/mayaUsd/python/CMakeFiles/_mayaUsd.dir/wrapShadingUtil.cpp.o
    [290/689] Building CXX object lib/mayaUsd/python/CMakeFiles/_mayaUsd.dir/wrapExportChaser.cpp.o
    [291/689] Building CXX object lib/usd/hdMaya/CMakeFiles/hdMaya.dir/adapters/adapterDebugCodes.cpp.o
    [292/689] Building CXX object lib/usd/hdMaya/CMakeFiles/hdMaya.dir/utils.cpp.o
    [293/689] Building CXX object lib/mayaUsd/python/CMakeFiles/_mayaUsd.dir/wrapImportChaser.cpp.o
    [294/689] Building CXX object lib/mayaUsd/python/CMakeFiles/_mayaUsd.dir/wrapShadingMode.cpp.o
    [295/689] Building CXX object lib/mayaUsd/ufe/CMakeFiles/_ufe.dir/wrapNotice.cpp.o
    [296/689] Building CXX object lib/mayaUsd/render/mayaToHydra/CMakeFiles/mtoh.dir/utils.cpp.o
    [297/689] Building CXX object lib/usd/hdMaya/CMakeFiles/hdMaya.dir/debugCodes.cpp.o
    [298/689] Building CXX object lib/mayaUsd/python/CMakeFiles/_mayaUsd.dir/wrapSchemaApiAdaptor.cpp.o
    [299/689] Building CXX object lib/mayaUsd/ufe/CMakeFiles/_ufe.dir/wrapUtils.cpp.o
    [300/689] Building CXX object lib/mayaUsd/python/CMakeFiles/_mayaUsd.dir/wrapPrimWriter.cpp.o
    [301/689] Building CXX object lib/mayaUsd/python/CMakeFiles/_mayaUsd.dir/wrapPrimReader.cpp.o
    [302/689] Building CXX object lib/mayaUsd/render/mayaToHydra/CMakeFiles/mtoh.dir/shadingModeExporter.cpp.o
    [303/689] Building CXX object lib/mayaUsd/render/mayaToHydra/CMakeFiles/mtoh.dir/plugin.cpp.o
    [304/689] Building CXX object lib/usd/hdMaya/CMakeFiles/hdMaya.dir/adapters/adapter.cpp.o
    [305/689] Building CXX object lib/usd/hdMaya/CMakeFiles/hdMaya.dir/adapters/mayaAttrs.cpp.o
    [306/689] Building CXX object lib/mayaUsd/render/mayaToHydra/CMakeFiles/mtoh.dir/defaultLightDelegate.cpp.o
    [307/689] Building CXX object lib/usd/hdMaya/CMakeFiles/hdMaya.dir/adapters/areaLightAdapter.cpp.o
    [308/689] Building CXX object lib/usd/hdMaya/CMakeFiles/hdMaya.dir/adapters/dagAdapter.cpp.o
    [309/689] Building CXX object lib/usd/hdMaya/CMakeFiles/hdMaya.dir/adapters/cameraAdapter.cpp.o
    [310/689] Building CXX object lib/usd/hdMaya/CMakeFiles/hdMaya.dir/adapters/aiSkydomeLightAdapter.cpp.o
    [311/689] Building CXX object lib/usd/hdMaya/CMakeFiles/hdMaya.dir/adapters/tokens.cpp.o
    [312/689] Building CXX object lib/usd/hdMaya/CMakeFiles/hdMaya.dir/adapters/directionalLightAdapter.cpp.o
    [313/689] Building CXX object lib/mayaUsd/render/mayaToHydra/CMakeFiles/mtoh.dir/viewCommand.cpp.o
    [314/689] Building CXX object lib/mayaUsd/render/mayaToHydra/CMakeFiles/mtoh.dir/renderGlobals.cpp.o
    [315/689] Building CXX object lib/usd/hdMaya/CMakeFiles/hdMaya.dir/adapters/adapterRegistry.cpp.o
    [316/689] Building CXX object lib/usd/hdMaya/CMakeFiles/hdMaya.dir/delegates/delegateDebugCodes.cpp.o
    [317/689] Copying editUtil.h ...
    [318/689] Building CXX object lib/mayaUsd/render/mayaToHydra/CMakeFiles/mtoh.dir/renderOverride.cpp.o
    [319/689] Building CXX object lib/usd/hdMaya/CMakeFiles/hdMaya.dir/adapters/lightAdapter.cpp.o
    [320/689] Building CXX object lib/usd/pxrUsdPreviewSurface/CMakeFiles/basePxrUsdPreviewSurface.dir/usdPreviewSurface.cpp.o
    [321/689] Building CXX object lib/usd/pxrUsdPreviewSurface/CMakeFiles/basePxrUsdPreviewSurface.dir/usdPreviewSurfaceShadingNodeOverride.cpp.o
    [322/689] Building CXX object lib/usd/hdMaya/CMakeFiles/hdMaya.dir/adapters/shapeAdapter.cpp.o
    [323/689] Building CXX object lib/usd/hdMaya/CMakeFiles/hdMaya.dir/adapters/pointLightAdapter.cpp.o
    [324/689] Building CXX object lib/usd/hdMaya/CMakeFiles/hdMaya.dir/adapters/nurbsCurveAdapter.cpp.o
    [325/689] Building CXX object lib/usd/hdMaya/CMakeFiles/hdMaya.dir/adapters/materialAdapter.cpp.o
    [326/689] Building CXX object lib/usd/hdMaya/CMakeFiles/hdMaya.dir/adapters/spotLightAdapter.cpp.o
    [327/689] Building CXX object lib/usd/hdMaya/CMakeFiles/hdMaya.dir/adapters/meshAdapter.cpp.o
    [328/689] Building CXX object lib/usd/hdMaya/CMakeFiles/hdMaya.dir/delegates/delegateRegistry.cpp.o
    [329/689] Building CXX object lib/usd/hdMaya/CMakeFiles/hdMaya.dir/adapters/proxyAdapter.cpp.o
    [330/689] Building CXX object lib/usd/hdMaya/CMakeFiles/hdMaya.dir/delegates/proxyUsdImagingDelegate.cpp.o
    [331/689] Building CXX object lib/usd/pxrUsdPreviewSurface/CMakeFiles/basePxrUsdPreviewSurface.dir/usdPreviewSurfacePlugin.cpp.o
    [332/689] Building CXX object lib/usd/hdMaya/CMakeFiles/hdMaya.dir/adapters/materialNetworkConverter.cpp.o
    [333/689] Building CXX object lib/usd/pxrUsdPreviewSurface/CMakeFiles/basePxrUsdPreviewSurface.dir/usdPreviewSurfaceReader.cpp.o
    [334/689] Building CXX object lib/usd/hdMaya/CMakeFiles/hdMaya.dir/delegates/sceneDelegate.cpp.o
    [335/689] Building CXX object lib/usd/translators/CMakeFiles/mayaUsd_Translators.dir/cameraReader.cpp.o
    [336/689] Building CXX object lib/usd/pxrUsdPreviewSurface/CMakeFiles/basePxrUsdPreviewSurface.dir/usdPreviewSurfaceWriter.cpp.o
    [337/689] Building CXX object lib/usd/hdMaya/CMakeFiles/hdMaya.dir/delegates/testDelegate.cpp.o
    [338/689] Building CXX object lib/usd/translators/CMakeFiles/mayaUsd_Translators.dir/lightReader.cpp.o
    [339/689] Building CXX object lib/usd/translators/CMakeFiles/mayaUsd_Translators.dir/mayaReferenceReader.cpp.o
    [340/689] Building CXX object lib/usd/translators/CMakeFiles/mayaUsd_Translators.dir/cameraWriter.cpp.o
    [341/689] Building CXX object lib/usd/hdMaya/CMakeFiles/hdMaya.dir/delegates/proxyDelegate.cpp.o
    [342/689] Building CXX object lib/usd/translators/CMakeFiles/mayaUsd_Translators.dir/plugin.cpp.o
    [343/689] Building CXX object lib/usd/translators/CMakeFiles/mayaUsd_Translators.dir/lightRfMReader.cpp.o
    [344/689] Building CXX object lib/usd/translators/CMakeFiles/mayaUsd_Translators.dir/jointWriter.cpp.o
    [345/689] Building CXX object lib/usd/translators/CMakeFiles/mayaUsd_Translators.dir/shading/shadingTokens.cpp.o
    [346/689] Building CXX object lib/usd/translators/CMakeFiles/mayaUsd_Translators.dir/instancerWriter.cpp.o
    [347/689] Building CXX object lib/usd/translators/CMakeFiles/mayaUsd_Translators.dir/meshReader.cpp.o
    [348/689] Building CXX object lib/usd/translators/CMakeFiles/mayaUsd_Translators.dir/nurbsCurvesReader.cpp.o
    [349/689] Building CXX object lib/usd/translators/CMakeFiles/mayaUsd_Translators.dir/nurbsPatchReader.cpp.o
    [350/689] Building CXX object lib/usd/translators/CMakeFiles/mayaUsd_Translators.dir/meshWriter_BlendShapes.cpp.o
    [351/689] Building CXX object lib/usd/translators/CMakeFiles/mayaUsd_Translators.dir/xformReader.cpp.o
    [352/689] Building CXX object lib/usd/translators/CMakeFiles/mayaUsd_Translators.dir/scopeReader.cpp.o
    [353/689] Building CXX object lib/usd/translators/CMakeFiles/mayaUsd_Translators.dir/meshWriter.cpp.o
    [354/689] Building CXX object lib/usd/translators/CMakeFiles/mayaUsd_Translators.dir/nurbsCurveWriter.cpp.o
    [355/689] Building CXX object lib/usd/translators/CMakeFiles/mayaUsd_Translators.dir/shading/usdBlinnReader.cpp.o
    [356/689] Building CXX object lib/usd/translators/CMakeFiles/mayaUsd_Translators.dir/strokeWriter.cpp.o
    [357/689] Building CXX object lib/usd/translators/CMakeFiles/mayaUsd_Translators.dir/skelReader.cpp.o
    [358/689] Building CXX object lib/usd/translators/CMakeFiles/mayaUsd_Translators.dir/shading/usdBlinnWriter.cpp.o
    [359/689] Building CXX object lib/usd/translators/CMakeFiles/mayaUsd_Translators.dir/particleWriter.cpp.o
    [360/689] Building CXX object lib/usd/translators/CMakeFiles/mayaUsd_Translators.dir/nurbsSurfaceWriter.cpp.o
    [361/689] Building CXX object lib/usd/translators/CMakeFiles/mayaUsd_Translators.dir/shading/usdDisplacementShaderWriter.cpp.o
    [362/689] Building CXX object lib/usd/translators/CMakeFiles/mayaUsd_Translators.dir/shading/usdLambertReader.cpp.o
    [363/689] Building CXX object lib/usd/translators/CMakeFiles/mayaUsd_Translators.dir/shading/usdLambertWriter.cpp.o
    [364/689] Building CXX object lib/usd/schemas/CMakeFiles/mayaUsd_Schemas.dir/tokens.cpp.o
    [365/689] Building CXX object lib/usd/translators/CMakeFiles/mayaUsd_Translators.dir/shading/usdMaterialReader.cpp.o
    [366/689] Building CXX object lib/usd/schemas/CMakeFiles/mayaUsd_Schemas.dir/ModuleDeps.cpp.o
    [367/689] Building CXX object lib/usd/translators/CMakeFiles/mayaUsd_Translators.dir/shading/usdFileTextureWriter.cpp.o
    [368/689] Building CXX object lib/usd/schemas/CMakeFiles/_schemas.dir/module.cpp.o
    [369/689] Building CXX object lib/usd/utils/CMakeFiles/mayaUsdUtils.dir/DebugCodes.cpp.o
    [370/689] Building CXX object lib/usd/translators/CMakeFiles/mayaUsd_Translators.dir/shading/usdPhongEWriter.cpp.o
    [371/689] Building CXX object lib/usd/translators/CMakeFiles/mayaUsd_Translators.dir/shading/usdPhongReader.cpp.o
    [372/689] Building CXX object lib/usd/translators/CMakeFiles/mayaUsd_Translators.dir/shading/usdPhongWriter.cpp.o
    [373/689] Building CXX object lib/usd/translators/CMakeFiles/mayaUsd_Translators.dir/shading/usdReflectWriter.cpp.o
    [374/689] Building CXX object lib/usd/schemas/CMakeFiles/_schemas.dir/wrapTokens.cpp.o
    [375/689] Building CXX object lib/usd/utils/CMakeFiles/mayaUsdUtils.dir/DiffCore.cpp.o
    [376/689] Building CXX object lib/usd/translators/CMakeFiles/mayaUsd_Translators.dir/shading/usdMaterialWriter.cpp.o
    [377/689] Building CXX object lib/usd/translators/CMakeFiles/mayaUsd_Translators.dir/shading/usdPrimvarReaderFloat3Reader.cpp.o
    [378/689] Building CXX object lib/usd/translators/CMakeFiles/mayaUsd_Translators.dir/shading/usdStandardSurfaceWriter.cpp.o
    [379/689] Building CXX object lib/usd/schemas/CMakeFiles/mayaUsd_Schemas.dir/ALMayaReference.cpp.o
    [380/689] Building CXX object lib/usd/translators/CMakeFiles/mayaUsd_Translators.dir/shading/usdStandardSurfaceReader.cpp.o
    [381/689] Copying listShadingModesCommand.h ...
    [382/689] Copying translatorModelAssembly.h ...
    [383/689] Copying api.h ...
    [384/689] Copying importCommand.h ...
    [385/689] Copying exportTranslator.h ...
    [386/689] Copying importTranslator.h ...
    [387/689] Copying exportCommand.h ...
    [388/689] Copying proxyShape.h ...
    [389/689] Copying referenceAssembly.h ...
    [390/689] Copying readJobWithSceneAssembly.h ...
    [391/689] Generating __init__.pyc
    [392/689] Copying instancerShapeAdapterWithSceneAssembly.h ...
    [393/689] Building CXX object lib/usd/translators/CMakeFiles/mayaUsd_Translators.dir/shading/usdUVTextureReader.cpp.o
    [394/689] Building CXX object lib/usd/translators/CMakeFiles/mayaUsd_Translators.dir/shading/rfmShaderTranslation.cpp.o
    [395/689] Building CXX object lib/usd/schemas/CMakeFiles/mayaUsd_Schemas.dir/MayaReference.cpp.o
    [396/689] Linking CXX shared library lib/usd/schemas/libmayaUsd_Schemas.so
    [397/689] Building CXX object lib/usd/utils/CMakeFiles/mayaUsdUtils.dir/DiffAttributes.cpp.o
    [398/689] Building CXX object plugin/pxr/maya/lib/usdMaya/CMakeFiles/usdMaya.dir/listShadingModesCommand.cpp.o
    [399/689] Building CXX object lib/usd/utils/CMakeFiles/mayaUsdUtils.dir/MergePrimsOptions.cpp.o
    [400/689] Building CXX object lib/usd/schemas/CMakeFiles/_schemas.dir/wrapALMayaReference.cpp.o
    [401/689] Building CXX object lib/usd/utils/CMakeFiles/mayaUsdUtils.dir/DiffDictionaries.cpp.o
    [402/689] Building CXX object lib/usd/utils/CMakeFiles/mayaUsdUtils.dir/DiffRelationships.cpp.o
    [403/689] Building CXX object lib/usd/utils/CMakeFiles/mayaUsdUtils.dir/DiffMetadatas.cpp.o
    [404/689] Building CXX object lib/usd/schemas/CMakeFiles/_schemas.dir/wrapMayaReference.cpp.o
    [405/689] Linking CXX shared library lib/usd/schemas/_schemas.so
    [406/689] Building CXX object lib/usd/utils/CMakeFiles/mayaUsdUtils.dir/DiffLists.cpp.o
    [407/689] Generating userExportedAttributesUI.pyc
    [408/689] Generating AEpxrUsdReferenceAssemblyTemplate.pyc
    [409/689] Building CXX object plugin/pxr/maya/lib/usdMaya/CMakeFiles/_usdMaya.dir/module.cpp.o
    [410/689] Building CXX object lib/usd/utils/CMakeFiles/mayaUsdUtils.dir/DiffPrims.cpp.o
    [411/689] Building CXX object lib/usd/utils/CMakeFiles/mayaUsdUtils.dir/DiffValues.cpp.o
    [412/689] Copying api.h ...
    [413/689] Building CXX object plugin/pxr/maya/lib/usdMaya/CMakeFiles/usdMaya.dir/readJobWithSceneAssembly.cpp.o
    [414/689] Building CXX object lib/usd/utils/CMakeFiles/mayaUsdUtils.dir/util.cpp.o
    [415/689] Building CXX object lib/usd/utils/CMakeFiles/mayaUsdUtils.dir/MergePrims.cpp.o
    [416/689] Linking CXX shared library lib/usd/utils/libmayaUsdUtils.so
    [417/689] Linking CXX executable test/lib/usd/utils/testDiffLists
    [418/689] Linking CXX executable test/lib/usd/utils/testDiffCore
    [419/689] Building CXX object plugin/pxr/maya/lib/usdMaya/CMakeFiles/usdMaya.dir/readJob_ImportWithProxies.cpp.o
    [420/689] Linking CXX executable test/lib/usd/utils/testDiffDictionaries
    [421/689] Linking CXX executable test/lib/usd/utils/testMergePrims
    [422/689] Linking CXX executable test/lib/usd/utils/testDiffAttributes
    [423/689] Linking CXX executable test/lib/usd/utils/testDiffMetadatas
    [424/689] Building CXX object plugin/pxr/maya/lib/usdMaya/CMakeFiles/usdMaya.dir/exportCommand.cpp.o
    [425/689] Linking CXX executable test/lib/usd/utils/testDiffRelationships
    [426/689] Linking CXX executable test/lib/usd/utils/testDiffComputeOverall
    [427/689] Building CXX object plugin/pxr/maya/lib/usdMaya/CMakeFiles/usdMaya.dir/editUtil.cpp.o
    [428/689] Copying api.h ...
    [429/689] Linking CXX executable test/lib/usd/utils/testDiffPrims
    [430/689] Building CXX object plugin/pxr/maya/lib/usdMaya/CMakeFiles/usdMaya.dir/importCommand.cpp.o
    [431/689] Linking CXX executable test/lib/usd/utils/testDiffValues
    [432/689] Building CXX object plugin/pxr/maya/lib/usdMaya/CMakeFiles/usdMaya.dir/exportTranslator.cpp.o
    [433/689] Building CXX object plugin/al/utils/AL/CMakeFiles/AL_EventSystem.dir/event/EventHandler.cpp.o
    [434/689] Linking CXX shared library plugin/al/utils/AL/libAL_EventSystem.so
    [435/689] Building CXX object plugin/pxr/maya/lib/usdMaya/CMakeFiles/usdMaya.dir/instancerShapeAdapterWithSceneAssembly.cpp.o
    [436/689] Building CXX object plugin/al/mayatest/AL/maya/test/CMakeFiles/AL_MayaTest.dir/testHarness.cpp.o
    [437/689] Building CXX object plugin/pxr/maya/lib/usdMaya/CMakeFiles/usdMaya.dir/importTranslator.cpp.o
    [438/689] Building CXX object plugin/al/mayautils/AL/maya/CMakeFiles/AL_MayaUtils.dir/utils/MenuBuilder.cpp.o
    [439/689] Building CXX object plugin/al/mayautils/AL/maya/CMakeFiles/AL_MayaUtils.dir/utils/FileTranslatorOptions.cpp.o
    [440/689] Building CXX object plugin/al/mayautils/AL/maya/CMakeFiles/AL_MayaUtils.dir/utils/Utils.cpp.o
    [441/689] Building CXX object plugin/al/mayatest/AL/maya/test/CMakeFiles/AL_MayaTest.dir/testHelpers.cpp.o
    [442/689] Linking CXX shared library plugin/al/mayatest/AL/maya/test/libAL_MayaTest.so
    [443/689] Building CXX object plugin/pxr/maya/lib/usdMaya/CMakeFiles/_usdMaya.dir/wrapAssembly.cpp.o
    [444/689] Building CXX object plugin/al/mayautils/AL/maya/CMakeFiles/AL_MayaUtils.dir/utils/PluginTranslatorOptions.cpp.o
    [445/689] Building CXX object plugin/al/mayautils/AL/maya/tests/mayaplugintest/CMakeFiles/AL_MayaUtilsTests.dir/plugin.cpp.o
    [446/689] Building CXX object plugin/al/mayautils/AL/maya/CMakeFiles/AL_MayaUtils.dir/utils/CommandGuiHelper.cpp.o
    [447/689] Building CXX object plugin/al/mayautils/AL/maya/CMakeFiles/AL_MayaUtils.dir/event/MayaEventManager.cpp.o
    [448/689] Building CXX object plugin/pxr/maya/lib/usdMaya/CMakeFiles/usdMaya.dir/translatorModelAssembly.cpp.o
    [449/689] Building CXX object plugin/pxr/maya/lib/usdMaya/CMakeFiles/usdMaya.dir/proxyShape.cpp.o
    [450/689] Building CXX object plugin/al/mayautils/AL/maya/tests/mayaplugintest/CMakeFiles/AL_MayaUtilsTests.dir/utils/NodeHelperUnitTest.cpp.o
    [451/689] Building CXX object plugin/al/mayautils/AL/maya/CMakeFiles/AL_MayaUtils.dir/utils/NodeHelper.cpp.o
    [452/689] Building CXX object plugin/al/mayautils/AL/maya/tests/mayaplugintest/CMakeFiles/AL_MayaUtilsTests.dir/utils/CommandGuiHelperTest.cpp.o
    [453/689] Building CXX object plugin/pxr/maya/plugin/pxrUsd/CMakeFiles/pxrUsd.dir/usdTranslator.cpp.o
    [454/689] Building CXX object plugin/al/mayautils/AL/maya/tests/mayaplugintest/CMakeFiles/AL_MayaUtilsTests.dir/test_mobjectmap.cpp.o
    [455/689] Linking CXX shared library plugin/al/mayautils/AL/maya/libAL_MayaUtils.so
    [456/689] Building CXX object plugin/al/mayautils/AL/maya/tests/mayaplugintest/CMakeFiles/AL_MayaUtilsTests.dir/test_maya_MenuBuilder.cpp.o
    [457/689] Building CXX object plugin/al/usdtransaction/AL/usd/transaction/CMakeFiles/_AL_USDTransaction.dir/module.cpp.o
    [458/689] Building CXX object plugin/pxr/maya/lib/usdMaya/CMakeFiles/_usdMaya.dir/wrapEditUtil.cpp.o
    [459/689] Building CXX object plugin/pxr/maya/plugin/pxrUsdPreviewSurface/CMakeFiles/pxrUsdPreviewSurface.dir/plugin.cpp.o
    [460/689] Building CXX object plugin/al/mayautils/AL/maya/tests/mayaplugintest/CMakeFiles/AL_MayaUtilsTests.dir/utils/PluginTranslatorOptionsTest.cpp.o
    [461/689] Building CXX object plugin/pxr/maya/plugin/pxrUsd/CMakeFiles/pxrUsd.dir/alembicChaser.cpp.o
    [462/689] Building CXX object plugin/al/mayautils/AL/maya/tests/mayaplugintest/CMakeFiles/AL_MayaUtilsTests.dir/test_maya_NodeHelper.cpp.o
    [463/689] Linking CXX shared library plugin/al/mayautils/AL/maya/tests/mayaplugintest/AL_MayaUtilsTests.so
    [464/689] Linking CXX shared library lib/mayaUsd/libmayaUsd.so
    [465/689] Building CXX object plugin/pxr/maya/plugin/pxrUsd/CMakeFiles/pxrUsd.dir/plugin.cpp.o
    [466/689] Linking CXX shared library test/lib/usd/plugin/usdTestMayaPlugin.so
    [467/689] Linking CXX shared library test/lib/usd/plugin/libusdTestUsdPlugin.so
    [468/689] Linking CXX shared library test/lib/usd/plugin/usdTestInfoImportChaser.so
    [469/689] Building CXX object plugin/pxr/maya/lib/usdMaya/CMakeFiles/usdMaya.dir/referenceAssembly.cpp.o
    [470/689] Linking CXX shared library test/lib/usd/plugin/libusdTestApiWriter.so
    [471/689] Linking CXX shared library lib/mayaUsd/ufe/_ufe.so
    [472/689] Linking CXX shared library lib/usd/pxrUsdPreviewSurface/libbasePxrUsdPreviewSurface.so
    [473/689] Building CXX object plugin/al/usdmayautils/AL/usdmaya/utils/CMakeFiles/AL_USDMayaUtils.dir/AttributeType.cpp.o
    [474/689] Linking CXX shared library lib/mayaUsd/python/_mayaUsd.so
    [475/689] Building CXX object plugin/al/usdmayautils/AL/usdmaya/utils/CMakeFiles/AL_USDMayaUtils.dir/Utils.cpp.o
    [476/689] Linking CXX shared library lib/usd/hdMaya/libhdMaya.so
    [477/689] Linking CXX shared library plugin/pxr/maya/lib/usdMaya/libusdMaya.so
    [478/689] Building CXX object plugin/al/usdmayautils/AL/usdmaya/utils/CMakeFiles/AL_USDMayaUtils.dir/AnimationTranslator.cpp.o
    [479/689] Linking CXX shared library lib/usd/translators/libmayaUsd_Translators.so
    [480/689] Linking CXX shared library plugin/pxr/maya/plugin/pxrUsdPreviewSurface/pxrUsdPreviewSurface.so
    [481/689] Linking CXX shared library lib/mayaUsd/render/mayaToHydra/mtoh.so
    [482/689] Linking CXX shared library plugin/pxr/maya/plugin/pxrUsd/pxrUsd.so
    [483/689] Building CXX object plugin/al/usdtransaction/AL/usd/transaction/CMakeFiles/AL_USDTransaction.dir/Notice.cpp.o
    [484/689] Building CXX object plugin/al/lib/AL_USDMaya/CMakeFiles/_AL_USDMaya.dir/AL/usdmaya/module.cpp.o
    [485/689] Linking CXX shared library plugin/pxr/maya/lib/usdMaya/_usdMaya.so
    [486/689] Building CXX object plugin/al/usdtransaction/AL/usd/transaction/tests/CMakeFiles/AL_USDTransactionTests.dir/testMain.cpp.o
    [487/689] Building CXX object plugin/al/lib/AL_USDMaya/CMakeFiles/AL_USDMaya.dir/AL/usdmaya/DebugCodes.cpp.o
    [488/689] Building CXX object plugin/al/usdtransaction/AL/usd/transaction/CMakeFiles/AL_USDTransaction.dir/Transaction.cpp.o
    [489/689] Building CXX object plugin/al/usdmayautils/AL/usdmaya/utils/CMakeFiles/AL_USDMayaUtils.dir/DiffPrimVar.cpp.o
    [490/689] Building CXX object plugin/al/usdmayautils/AL/usdmaya/utils/CMakeFiles/AL_USDMayaUtils.dir/NurbsCurveUtils.cpp.o
    [491/689] Building CXX object plugin/al/usdmayautils/AL/usdmaya/utils/CMakeFiles/AL_USDMayaUtils.dir/MeshUtils.cpp.o
    [492/689] Building CXX object plugin/al/lib/AL_USDMaya/CMakeFiles/AL_USDMaya.dir/AL/usdmaya/Metadata.cpp.o
    [493/689] Automatic MOC and UIC for target mayaUsdUI
    [494/689] Building CXX object plugin/al/usdtransaction/AL/usd/transaction/CMakeFiles/_AL_USDTransaction.dir/wrapNotice.cpp.o
    [495/689] Automatic RCC for layerEditor/resources.qrc
    [496/689] Automatic RCC for importDialog/images/ui.qrc
    [497/689] Building CXX object plugin/al/usdtransaction/AL/usd/transaction/CMakeFiles/AL_USDTransaction.dir/TransactionManager.cpp.o
    [498/689] Building CXX object plugin/al/usdtransaction/AL/usd/transaction/CMakeFiles/_AL_USDTransaction.dir/wrapTransaction.cpp.o
    [499/689] Building CXX object plugin/al/usdtransaction/AL/usd/transaction/CMakeFiles/_AL_USDTransaction.dir/wrapTransactionManager.cpp.o
    [500/689] Building CXX object plugin/al/lib/AL_USDMaya/CMakeFiles/_AL_USDMaya.dir/AL/usdmaya/wrapStageCache.cpp.o
    [501/689] Building CXX object plugin/al/lib/AL_USDMaya/CMakeFiles/AL_USDMaya.dir/AL/usdmaya/StageCache.cpp.o
    [502/689] Building CXX object plugin/al/lib/AL_USDMaya/CMakeFiles/AL_USDMaya.dir/AL/usdmaya/moduleDeps.cpp.o
    [503/689] Building CXX object plugin/al/usdtransaction/AL/usd/transaction/tests/CMakeFiles/AL_USDTransactionTests.dir/testTransactionManager.cpp.o
    [504/689] Building CXX object lib/usd/ui/CMakeFiles/mayaUsdUI.dir/layerEditor/dirtyLayersCountBadge.cpp.o
    [505/689] Building CXX object plugin/al/usdtransaction/AL/usd/transaction/tests/CMakeFiles/AL_USDTransactionTests.dir/testTransaction.cpp.o
    [506/689] Building CXX object lib/usd/ui/CMakeFiles/mayaUsdUI.dir/layerEditor/generatedIconButton.cpp.o
    [507/689] Building CXX object plugin/al/lib/AL_USDMaya/CMakeFiles/_AL_USDMaya.dir/AL/usdmaya/nodes/wrapLayerManager.cpp.o
    [508/689] Building CXX object plugin/al/lib/AL_USDMaya/CMakeFiles/AL_USDMaya.dir/AL/usdmaya/TransformOperation.cpp.o
    [509/689] Building CXX object plugin/al/usdmayautils/AL/usdmaya/utils/CMakeFiles/AL_USDMayaUtils.dir/DgNodeHelper.cpp.o
    [510/689] Building CXX object plugin/adsk/plugin/CMakeFiles/mayaUsdPlugin.dir/adskExportCommand.cpp.o
    [511/689] Building CXX object plugin/al/lib/AL_USDMaya/CMakeFiles/AL_USDMaya.dir/AL/usdmaya/Global.cpp.o
    [512/689] Building CXX object plugin/al/lib/AL_USDMaya/CMakeFiles/_AL_USDMaya.dir/AL/usdmaya/nodes/wrapProxyShape.cpp.o
    [513/689] Building CXX object plugin/al/lib/AL_USDMaya/CMakeFiles/_AL_USDMaya.dir/AL/usdmaya/fileio/translators/wrapTranslatorContext.cpp.o
    [514/689] Building CXX object lib/usd/ui/CMakeFiles/mayaUsdUI.dir/layerEditor/mayaQtUtils.cpp.o
    [515/689] Building CXX object lib/usd/ui/CMakeFiles/mayaUsdUI.dir/mayaUsdUI_autogen/mocs_compilation.cpp.o
    [516/689] Building CXX object plugin/adsk/plugin/CMakeFiles/mayaUsdPlugin.dir/plugin.cpp.o
    [517/689] Building CXX object lib/usd/ui/CMakeFiles/mayaUsdUI.dir/layerEditor/layerEditorWidget.cpp.o
    [518/689] Building CXX object lib/usd/ui/CMakeFiles/mayaUsdUI.dir/layerEditor/qtUtils.cpp.o
    [519/689] Building CXX object plugin/al/lib/AL_USDMaya/CMakeFiles/_AL_USDMaya.dir/AL/usdmaya/fileio/translators/wrapTranslatorBase.cpp.o
    [520/689] Building CXX object lib/usd/ui/CMakeFiles/mayaUsdUI.dir/layerEditor/mayaCommandHook.cpp.o
    [521/689] Building CXX object lib/usd/ui/CMakeFiles/mayaUsdUI.dir/layerEditor/stringResources.cpp.o
    [522/689] Building CXX object lib/usd/ui/CMakeFiles/mayaUsdUI.dir/layerEditor/layerTreeItemDelegate.cpp.o
    [523/689] Building CXX object lib/usd/ui/CMakeFiles/mayaUsdUI.dir/layerEditor/layerTreeItem.cpp.o
    [524/689] Building CXX object lib/usd/ui/CMakeFiles/mayaUsdUI.dir/layerEditor/loadLayersDialog.cpp.o
    [525/689] Building CXX object lib/usd/ui/CMakeFiles/mayaUsdUI.dir/layerEditor/pathChecker.cpp.o
    [526/689] Building CXX object lib/usd/ui/CMakeFiles/mayaUsdUI.dir/layerEditor/layerTreeView.cpp.o
    [527/689] Building CXX object lib/usd/ui/CMakeFiles/mayaUsdUI.dir/layerEditor/mayaLayerEditorWindow.cpp.o
    [528/689] Building CXX object lib/usd/ui/CMakeFiles/mayaUsdUI.dir/layerEditor/sessionState.cpp.o
    [529/689] Building CXX object lib/usd/ui/CMakeFiles/mayaUsdUI.dir/initStringResources.cpp.o
    [530/689] Building CXX object lib/usd/ui/CMakeFiles/mayaUsdUI.dir/mayaUsdUI_autogen/5WMDHDZAMM/qrc_resources.cpp.o
    [531/689] Building CXX object lib/usd/ui/CMakeFiles/mayaUsdUI.dir/mayaUsdUI_autogen/AUCU3ACLTF/qrc_ui.cpp.o
    [532/689] Linking CXX shared library plugin/al/usdtransaction/AL/usd/transaction/libAL_USDTransaction.so
    [533/689] Building CXX object lib/usd/ui/CMakeFiles/mayaUsdUI.dir/importDialog/USDQtUtil.cpp.o
    [534/689] Linking CXX shared library plugin/al/usdtransaction/AL/usd/transaction/_AL_USDTransaction.so
    [535/689] Linking CXX executable plugin/al/usdtransaction/AL/usd/transaction/tests/AL_USDTransactionTests
    [536/689] Linking CXX shared library plugin/al/usdmayautils/AL/usdmaya/utils/libAL_USDMayaUtils.so
    [537/689] Building CXX object lib/usd/ui/CMakeFiles/mayaUsdUI.dir/layerEditor/warningDialogs.cpp.o
    [538/689] Building CXX object plugin/adsk/plugin/CMakeFiles/mayaUsdPlugin.dir/adskImportCommand.cpp.o
    [539/689] Building CXX object lib/usd/ui/CMakeFiles/mayaUsdUI.dir/layerEditor/layerTreeModel.cpp.o
    [540/689] Building CXX object lib/usd/ui/CMakeFiles/mayaUsdUI.dir/layerEditor/mayaSessionState.cpp.o
    [541/689] Building CXX object plugin/al/lib/AL_USDMaya/CMakeFiles/AL_USDMaya.dir/AL/usdmaya/cmds/DebugCommands.cpp.o
    [542/689] Building CXX object plugin/al/lib/AL_USDMaya/CMakeFiles/AL_USDMaya.dir/AL/usdmaya/cmds/RendererCommands.cpp.o
    [543/689] Building CXX object plugin/al/lib/AL_USDMaya/CMakeFiles/AL_USDMaya.dir/AL/usdmaya/cmds/EventCommand.cpp.o
    [544/689] Building CXX object plugin/al/lib/AL_USDMaya/CMakeFiles/AL_USDMaya.dir/AL/usdmaya/cmds/SyncFileIOGui.cpp.o
    [545/689] Building CXX object lib/usd/ui/CMakeFiles/mayaUsdUI.dir/importDialog/ItemDelegate.cpp.o
    [546/689] Building CXX object lib/usd/ui/CMakeFiles/mayaUsdUI.dir/importDialog/TreeItem.cpp.o
    [547/689] Building CXX object lib/usd/ui/CMakeFiles/mayaUsdUI.dir/layerEditor/stageSelectorWidget.cpp.o
    [548/689] Building CXX object lib/usd/ui/CMakeFiles/mayaUsdUI.dir/importDialog/TreeModel.cpp.o
    [549/689] Building CXX object lib/usd/ui/CMakeFiles/mayaUsdUI.dir/importDialog/TreeModelFactory.cpp.o
    [550/689] Building CXX object lib/usd/ui/CMakeFiles/mayaUsdUI.dir/importDialog/USDImportDialog.cpp.o
    [551/689] Building CXX object lib/usd/ui/CMakeFiles/mayaUsdUI.dir/importDialog/USDImportDialogCmd.cpp.o
    [552/689] Building CXX object plugin/al/lib/AL_USDMaya/CMakeFiles/AL_USDMaya.dir/AL/usdmaya/cmds/ListTranslators.cpp.o
    [553/689] Building CXX object lib/usd/ui/CMakeFiles/mayaUsdUI.dir/layerEditor/batchSaveLayersUIDelegate.cpp.o
    [554/689] Building CXX object plugin/al/lib/AL_USDMaya/CMakeFiles/AL_USDMaya.dir/AL/usdmaya/cmds/CreateUsdPrim.cpp.o
    [555/689] Building CXX object plugin/al/lib/AL_USDMaya/CMakeFiles/AL_USDMaya.dir/AL/usdmaya/cmds/LayerCommands.cpp.o
    [556/689] Building CXX object plugin/al/lib/AL_USDMaya/CMakeFiles/AL_USDMaya.dir/AL/usdmaya/cmds/UnloadPrim.cpp.o
    [557/689] Building CXX object lib/usd/ui/CMakeFiles/mayaUsdUI.dir/layerEditor/saveLayersDialog.cpp.o
    [558/689] Building CXX object plugin/al/lib/AL_USDMaya/CMakeFiles/AL_USDMaya.dir/AL/usdmaya/cmds/ProxyShapePostLoadProcess.cpp.o
    [559/689] Building CXX object plugin/al/lib/AL_USDMaya/CMakeFiles/AL_USDMaya.dir/AL/usdmaya/cmds/ProxyShapeCommands.cpp.o
    [560/689] Building CXX object plugin/al/lib/AL_USDMaya/CMakeFiles/AL_USDMaya.dir/AL/usdmaya/fileio/AnimationTranslator.cpp.o
    [561/689] Linking CXX shared library lib/usd/ui/libmayaUsdUI.so
    [562/689] Automatic MOC and UIC for target testMayaUsdUI
    [563/689] Building CXX object lib/usd/ui/importDialogDemo/CMakeFiles/testMayaUsdUI.dir/testMayaUsdUI_autogen/mocs_compilation.cpp.o
    [564/689] Building CXX object plugin/al/lib/AL_USDMaya/CMakeFiles/AL_USDMaya.dir/AL/usdmaya/fileio/ExportTranslator.cpp.o
    [565/689] Building CXX object plugin/al/lib/AL_USDMaya/CMakeFiles/AL_USDMaya.dir/AL/usdmaya/fileio/ImportTranslator.cpp.o
    [566/689] Building CXX object plugin/al/lib/AL_USDMaya/CMakeFiles/AL_USDMaya.dir/AL/usdmaya/fileio/SchemaPrims.cpp.o
    [567/689] Building CXX object plugin/al/lib/AL_USDMaya/CMakeFiles/AL_USDMaya.dir/AL/usdmaya/fileio/NodeFactory.cpp.o
    [568/689] Building CXX object plugin/al/lib/AL_USDMaya/CMakeFiles/AL_USDMaya.dir/AL/usdmaya/nodes/Layer.cpp.o
    [569/689] Building CXX object plugin/al/lib/AL_USDMaya/CMakeFiles/AL_USDMaya.dir/AL/usdmaya/fileio/translators/DagNodeTranslator.cpp.o
    [570/689] Building CXX object plugin/al/lib/AL_USDMaya/CMakeFiles/AL_USDMaya.dir/AL/usdmaya/fileio/translators/DgNodeTranslator.cpp.o
    [571/689] Building CXX object plugin/al/lib/AL_USDMaya/CMakeFiles/AL_USDMaya.dir/AL/usdmaya/fileio/TransformIterator.cpp.o
    [572/689] Building CXX object plugin/al/lib/AL_USDMaya/CMakeFiles/AL_USDMaya.dir/AL/usdmaya/fileio/Import.cpp.o
    [573/689] Building CXX object plugin/al/lib/AL_USDMaya/CMakeFiles/AL_USDMaya.dir/AL/usdmaya/fileio/Export.cpp.o
    [574/689] Building CXX object plugin/al/lib/AL_USDMaya/CMakeFiles/AL_USDMaya.dir/AL/usdmaya/fileio/translators/TransformTranslator.cpp.o
    [575/689] Building CXX object plugin/al/lib/AL_USDMaya/CMakeFiles/AL_USDMaya.dir/AL/usdmaya/fileio/translators/TranslatorTestType.cpp.o
    [576/689] Building CXX object plugin/al/lib/AL_USDMaya/CMakeFiles/AL_USDMaya.dir/AL/usdmaya/fileio/translators/TranslatorTestPlugin.cpp.o
    [577/689] Building CXX object plugin/al/lib/AL_USDMaya/CMakeFiles/AL_USDMaya.dir/AL/usdmaya/fileio/translators/TranslatorBase.cpp.o
    [578/689] Building CXX object plugin/al/lib/AL_USDMaya/CMakeFiles/AL_USDMaya.dir/AL/usdmaya/fileio/translators/ExtraDataPlugin.cpp.o
    [579/689] Building CXX object plugin/al/lib/AL_USDMaya/CMakeFiles/AL_USDMaya.dir/AL/usdmaya/fileio/translators/TestExtraDataPlugin.cpp.o
    [580/689] Building CXX object plugin/al/lib/AL_USDMaya/CMakeFiles/AL_USDMaya.dir/AL/usdmaya/fileio/translators/TranslatorContext.cpp.o
    [581/689] Building CXX object lib/usd/ui/importDialogDemo/CMakeFiles/testMayaUsdUI.dir/testMayaUsdUI.cpp.o
    [582/689] Linking CXX executable lib/usd/ui/importDialogDemo/testMayaUsdUI
    [583/689] Building CXX object plugin/al/lib/AL_USDMaya/CMakeFiles/AL_USDMaya.dir/AL/usdmaya/nodes/LayerManager.cpp.o
    [584/689] Building CXX object plugin/al/lib/AL_USDMaya/CMakeFiles/AL_USDMaya.dir/AL/usdmaya/nodes/MeshAnimDeformer.cpp.o
    [585/689] Building CXX object plugin/al/lib/AL_USDMaya/CMakeFiles/AL_USDMaya.dir/AL/usdmaya/nodes/MeshAnimCreator.cpp.o
    [586/689] Building CXX object plugin/al/lib/AL_USDMaya/CMakeFiles/AL_USDMaya.dir/AL/usdmaya/nodes/ProxyUsdGeomCamera.cpp.o
    [587/689] Building CXX object plugin/al/lib/AL_USDMaya/CMakeFiles/AL_USDMaya.dir/AL/usdmaya/nodes/BasicTransformationMatrix.cpp.o
    [588/689] Building CXX object plugin/al/lib/AL_USDMaya/CMakeFiles/AL_USDMaya.dir/AL/usdmaya/nodes/ProxyShapeSelection.cpp.o
    [589/689] Building CXX object plugin/al/lib/AL_USDMaya/CMakeFiles/AL_USDMaya.dir/AL/usdmaya/nodes/RendererManager.cpp.o
    [590/689] Building CXX object plugin/al/lib/AL_USDMaya/CMakeFiles/AL_USDMaya.dir/AL/usdmaya/nodes/Transform.cpp.o
    [591/689] Building CXX object plugin/al/lib/AL_USDMaya/CMakeFiles/AL_USDMaya.dir/AL/usdmaya/nodes/Scope.cpp.o
    [592/689] Building CXX object plugin/al/lib/AL_USDMaya/CMakeFiles/AL_USDMaya.dir/AL/usdmaya/nodes/proxy/PrimFilter.cpp.o
    [593/689] Building CXX object plugin/al/plugin/AL_USDMayaTestPlugin/CMakeFiles/AL_USDMayaTestPlugin.dir/AL/maya/test_EventHandler.cpp.o
    [594/689] Building CXX object plugin/al/lib/AL_USDMaya/CMakeFiles/AL_USDMaya.dir/AL/usdmaya/nodes/Engine.cpp.o
    [595/689] Building CXX object plugin/al/lib/AL_USDMaya/CMakeFiles/AL_USDMaya.dir/AL/usdmaya/nodes/TransformationMatrix.cpp.o
    [596/689] Building CXX object plugin/al/lib/AL_USDMaya/CMakeFiles/AL_USDMaya.dir/AL/usdmaya/nodes/proxy/ProxyShapeVariantFallbacks.cpp.o
    [597/689] Building CXX object plugin/al/lib/AL_USDMaya/CMakeFiles/AL_USDMaya.dir/AL/usdmaya/nodes/proxy/ProxyShapeMetaData.cpp.o
    [598/689] Building CXX object plugin/al/plugin/AL_USDMayaPlugin/CMakeFiles/AL_USDMayaPlugin.dir/plugin.cpp.o
    [599/689] Building CXX object plugin/al/plugin/AL_USDMayaTestPlugin/CMakeFiles/AL_USDMayaTestPlugin.dir/AL/maya/test_MatrixToSRT.cpp.o
    [600/689] Building CXX object plugin/al/plugin/AL_USDMayaTestPlugin/CMakeFiles/AL_USDMayaTestPlugin.dir/AL/maya/test_MayaEventManager.cpp.o
    [601/689] Building CXX object plugin/al/plugin/AL_USDMayaTestPlugin/CMakeFiles/AL_USDMayaTestPlugin.dir/AL/usdmaya/commands/test_ExportCommands.cpp.o
    [602/689] Building CXX object plugin/al/plugin/AL_USDMayaTestPlugin/CMakeFiles/AL_USDMayaTestPlugin.dir/plugin.cpp.o
    [603/689] Building CXX object plugin/al/lib/AL_USDMaya/CMakeFiles/AL_USDMaya.dir/AL/usdmaya/nodes/ProxyShape.cpp.o
    [604/689] Building CXX object plugin/al/plugin/AL_USDMayaTestPlugin/CMakeFiles/AL_USDMayaTestPlugin.dir/AL/usdmaya/commands/test_LayerCommands.cpp.o
    [605/689] Building CXX object plugin/al/plugin/AL_USDMayaTestPlugin/CMakeFiles/AL_USDMayaTestPlugin.dir/AL/usdmaya/commands/test_TranslateCommand.cpp.o
    [606/689] Building CXX object plugin/al/plugin/AL_USDMayaTestPlugin/CMakeFiles/AL_USDMayaTestPlugin.dir/AL/usdmaya/commands/test_LayerManagerCommands.cpp.o
    [607/689] Building CXX object plugin/al/plugin/AL_USDMayaTestPlugin/CMakeFiles/AL_USDMayaTestPlugin.dir/AL/usdmaya/fileio/export_blendshape.cpp.o
    [608/689] Building CXX object plugin/al/plugin/AL_USDMayaTestPlugin/CMakeFiles/AL_USDMayaTestPlugin.dir/AL/usdmaya/fileio/export_misc.cpp.o
    [609/689] Linking CXX shared library plugin/al/lib/AL_USDMaya/libAL_USDMaya.so
    [610/689] Building CXX object plugin/al/plugin/AL_USDMayaTestPlugin/CMakeFiles/AL_USDMayaTestPlugin.dir/AL/usdmaya/fileio/export_constraints.cpp.o
    [611/689] Linking CXX shared library plugin/al/lib/AL_USDMaya/_AL_USDMaya.so
    [612/689] Linking CXX shared library plugin/al/plugin/AL_USDMayaPlugin/AL_USDMayaPlugin.so
    [613/689] Building CXX object plugin/al/plugin/AL_USDMayaTestPlugin/CMakeFiles/AL_USDMayaTestPlugin.dir/AL/usdmaya/commands/test_ProxyShapeImport.cpp.o
    [614/689] Building CXX object plugin/al/plugin/AL_USDMayaTestPlugin/CMakeFiles/AL_USDMayaTestPlugin.dir/AL/usdmaya/fileio/export_ik.cpp.o
    [615/689] Building CXX object plugin/al/plugin/AL_USDMayaTestPlugin/CMakeFiles/AL_USDMayaTestPlugin.dir/AL/usdmaya/fileio/export_lattice.cpp.o
    [616/689] Building CXX object plugin/al/plugin/AL_USDMayaTestPlugin/CMakeFiles/AL_USDMayaTestPlugin.dir/AL/usdmaya/fileio/export_import_instancing.cpp.o
    [617/689] Building CXX object plugin/al/plugin/AL_USDMayaTestPlugin/CMakeFiles/AL_USDMayaTestPlugin.dir/AL/usdmaya/fileio/export_multiple_shapes.cpp.o
    [618/689] Building CXX object plugin/al/plugin/AL_USDMayaTestPlugin/CMakeFiles/AL_USDMayaTestPlugin.dir/AL/usdmaya/fileio/export_nonlinear.cpp.o
    [619/689] Building CXX object plugin/al/plugin/AL_USDMayaTestPlugin/CMakeFiles/AL_USDMayaTestPlugin.dir/AL/usdmaya/fileio/export_unmerged.cpp.o
    [620/689] Building CXX object plugin/al/plugin/AL_USDMayaTestPlugin/CMakeFiles/AL_USDMayaTestPlugin.dir/AL/usdmaya/fileio/import_instances.cpp.o
    [621/689] Building CXX object plugin/al/plugin/AL_USDMayaTestPlugin/CMakeFiles/AL_USDMayaTestPlugin.dir/AL/usdmaya/fileio/import_playback_range.cpp.o
    [622/689] Building CXX object plugin/al/plugin/AL_USDMayaTestPlugin/CMakeFiles/AL_USDMayaTestPlugin.dir/AL/usdmaya/fileio/test_activeInActiveTranslators.cpp.o
    [623/689] Building CXX object plugin/al/plugin/AL_USDMayaTestPlugin/CMakeFiles/AL_USDMayaTestPlugin.dir/AL/usdmaya/nodes/test_ExtraDataPlugin.cpp.o
    [624/689] Building CXX object plugin/al/plugin/AL_USDMayaTestPlugin/CMakeFiles/AL_USDMayaTestPlugin.dir/AL/usdmaya/nodes/test_ProxyShapeSelectabilityDB.cpp.o
    [625/689] Building CXX object plugin/al/plugin/AL_USDMayaTestPlugin/CMakeFiles/AL_USDMayaTestPlugin.dir/AL/usdmaya/nodes/proxy/test_PrimFilter.cpp.o
    [626/689] Building CXX object plugin/al/plugin/AL_USDMayaTestPlugin/CMakeFiles/AL_USDMayaTestPlugin.dir/AL/usdmaya/nodes/test_LayerManager.cpp.o
    [627/689] Building CXX object plugin/al/plugin/AL_USDMayaTestPlugin/CMakeFiles/AL_USDMayaTestPlugin.dir/AL/usdmaya/nodes/test_lockPrims.cpp.o
    [628/689] Building CXX object plugin/al/plugin/AL_USDMayaTestPlugin/CMakeFiles/AL_USDMayaTestPlugin.dir/AL/usdmaya/nodes/test_Transform.cpp.o
    [629/689] Building CXX object plugin/al/plugin/AL_USDMayaTestPlugin/CMakeFiles/AL_USDMayaTestPlugin.dir/AL/usdmaya/nodes/test_ProxyUsdGeomCamera.cpp.o
    [630/689] Building CXX object plugin/al/plugin/AL_USDMayaTestPlugin/CMakeFiles/AL_USDMayaTestPlugin.dir/AL/usdmaya/nodes/test_ScopeMatrix.cpp.o
    [631/689] Building CXX object plugin/al/plugin/AL_USDMayaTestPlugin/CMakeFiles/AL_USDMayaTestPlugin.dir/AL/usdmaya/nodes/test_ActiveInactive.cpp.o
    [632/689] Building CXX object plugin/al/plugin/AL_USDMayaTestPlugin/CMakeFiles/AL_USDMayaTestPlugin.dir/AL/usdmaya/nodes/test_TranslatorContext.cpp.o
    [633/689] Building CXX object plugin/al/plugin/AL_USDMayaTestPlugin/CMakeFiles/AL_USDMayaTestPlugin.dir/AL/usdmaya/nodes/test_VariantFallbacks.cpp.o
    [634/689] Building CXX object plugin/al/schemas/AL/usd/schemas/maya/CMakeFiles/_AL_USDMayaSchemas.dir/module.cpp.o
    [635/689] Building CXX object plugin/al/plugin/AL_USDMayaTestPlugin/CMakeFiles/AL_USDMayaTestPlugin.dir/AL/usdmaya/test_DiffGeom.cpp.o
    [636/689] Building CXX object plugin/al/plugin/AL_USDMayaTestPlugin/CMakeFiles/AL_USDMayaTestPlugin.dir/test_translators_AnimationTranslator.cpp.o
    [637/689] Building CXX object plugin/al/plugin/AL_USDMayaTestPlugin/CMakeFiles/AL_USDMayaTestPlugin.dir/AL/usdmaya/nodes/test_ProxyShape.cpp.o
    [638/689] Building CXX object plugin/al/plugin/AL_USDMayaTestPlugin/CMakeFiles/AL_USDMayaTestPlugin.dir/AL/usdmaya/test_DiffPrimVar.cpp.o
    [639/689] Building CXX object plugin/al/schemas/AL/usd/schemas/maya/CMakeFiles/AL_USDMayaSchemas.dir/tokens.cpp.o
    [640/689] Building CXX object plugin/al/schemas/AL/usd/schemas/maya/CMakeFiles/_AL_USDMayaSchemas.dir/wrapTokens.cpp.o
    [641/689] Building CXX object plugin/al/plugin/AL_USDMayaTestPlugin/CMakeFiles/AL_USDMayaTestPlugin.dir/test_translators_PythonBindings.cpp.o
    [642/689] Building CXX object plugin/al/plugin/AL_USDMayaTestPlugin/CMakeFiles/AL_USDMayaTestPlugin.dir/test_usdmaya.cpp.o
    [643/689] Building CXX object plugin/al/plugin/AL_USDMayaTestPlugin/CMakeFiles/AL_USDMayaTestPlugin.dir/test_translators_Translator.cpp.o
    [644/689] Building CXX object plugin/al/schemas/AL/usd/schemas/mayatest/CMakeFiles/_AL_USDMayaSchemasTest.dir/module.cpp.o
    [645/689] Building CXX object plugin/al/plugin/AL_USDMayaTestPlugin/CMakeFiles/AL_USDMayaTestPlugin.dir/test_translators_NurbsCurveTranslator.cpp.o
    [646/689] Building CXX object plugin/al/schemas/AL/usd/schemas/maya/tests/CMakeFiles/testMayaSchemas.dir/main.cpp.o
    [647/689] Building CXX object plugin/al/plugin/AL_USDMayaTestPlugin/CMakeFiles/AL_USDMayaTestPlugin.dir/AL/usdmaya/nodes/test_TransformMatrix.cpp.o
    [648/689] Building CXX object plugin/al/plugin/AL_USDMayaTestPlugin/CMakeFiles/AL_USDMayaTestPlugin.dir/test_translators_CameraTranslator.cpp.o
    [649/689] Building CXX object plugin/al/schemas/AL/usd/schemas/mayatest/CMakeFiles/AL_USDMayaSchemasTest.dir/tokens.cpp.o
    [650/689] Building CXX object plugin/al/schemas/AL/usd/schemas/maya/CMakeFiles/AL_USDMayaSchemas.dir/FrameRange.cpp.o
    [651/689] Building CXX object plugin/al/schemas/AL/usd/schemas/maya/CMakeFiles/AL_USDMayaSchemas.dir/ModuleDeps.cpp.o
    [652/689] Building CXX object plugin/al/translators/CMakeFiles/AL_USDMayaTranslators.dir/CommonTranslatorOptions.cpp.o
    [653/689] Building CXX object plugin/al/schemas/AL/usd/schemas/mayatest/CMakeFiles/AL_USDMayaSchemasTest.dir/ModuleDeps.cpp.o
    [654/689] Building CXX object plugin/al/schemas/AL/usd/schemas/mayatest/CMakeFiles/_AL_USDMayaSchemasTest.dir/wrapTokens.cpp.o
    [655/689] Building CXX object plugin/al/schemas/AL/usd/schemas/maya/CMakeFiles/_AL_USDMayaSchemas.dir/wrapModelAPI.cpp.o
    [656/689] Building CXX object plugin/al/plugin/AL_USDMayaTestPlugin/CMakeFiles/AL_USDMayaTestPlugin.dir/test_translators_MeshTranslator.cpp.o
    [657/689] Building CXX object plugin/al/plugin/AL_USDMayaTestPlugin/CMakeFiles/AL_USDMayaTestPlugin.dir/test_usdmaya_AttributeType.cpp.o
    [658/689] Building CXX object plugin/al/plugin/AL_USDMayaTestPlugin/CMakeFiles/AL_USDMayaTestPlugin.dir/test_translators_TransformTranslator.cpp.o
    [659/689] Building CXX object plugin/al/translators/pxrUsdTranslators/CMakeFiles/AL_USDMayaPxrTranslators.dir/plugin.cpp.o
    [660/689] Building CXX object plugin/adsk/plugin/CMakeFiles/mayaUsdPlugin.dir/adskListJobContextsCommand.cpp.o
    [661/689] Building CXX object plugin/adsk/plugin/CMakeFiles/mayaUsdPlugin.dir/adskListShadingModesCommand.cpp.o
    [662/689] Building CXX object plugin/al/schemas/AL/usd/schemas/maya/CMakeFiles/AL_USDMayaSchemas.dir/ModelAPI.cpp.o
    [663/689] Linking CXX shared library plugin/al/schemas/AL/usd/schemas/maya/libAL_USDMayaSchemas.so
    [664/689] Building CXX object plugin/al/schemas/AL/usd/schemas/maya/CMakeFiles/_AL_USDMayaSchemas.dir/wrapFrameRange.cpp.o
    [665/689] Linking CXX shared library plugin/al/schemas/AL/usd/schemas/maya/_AL_USDMayaSchemas.so
    [666/689] Building CXX object plugin/al/schemas/AL/usd/schemas/maya/tests/CMakeFiles/testMayaSchemas.dir/testMayaSchemas.cpp.o
    [667/689] Building CXX object plugin/al/schemas/AL/usd/schemas/mayatest/CMakeFiles/AL_USDMayaSchemasTest.dir/ExamplePolyCubeNode.cpp.o
    [668/689] Linking CXX shared library plugin/al/schemas/AL/usd/schemas/mayatest/libAL_USDMayaSchemasTest.so
    [669/689] Building CXX object plugin/al/schemas/AL/usd/schemas/maya/tests/CMakeFiles/testMayaSchemas.dir/testModelAPI.cpp.o
    [670/689] Linking CXX executable plugin/al/schemas/AL/usd/schemas/maya/tests/testMayaSchemas
    [671/689] Building CXX object plugin/al/plugin/AL_USDMayaTestPlugin/CMakeFiles/AL_USDMayaTestPlugin.dir/test_translators_DgTranslator.cpp.o
    [672/689] Building CXX object plugin/al/schemas/AL/usd/schemas/mayatest/CMakeFiles/_AL_USDMayaSchemasTest.dir/wrapExamplePolyCubeNode.cpp.o
    [673/689] Linking CXX shared library plugin/al/plugin/AL_USDMayaTestPlugin/AL_USDMayaTestPlugin.so
    [674/689] Linking CXX shared library plugin/al/schemas/AL/usd/schemas/mayatest/_AL_USDMayaSchemasTest.so
    [675/689] Building CXX object plugin/al/translators/CMakeFiles/AL_USDMayaTranslators.dir/DirectionalLight.cpp.o
    [676/689] Building CXX object plugin/al/translators/CMakeFiles/AL_USDMayaTranslators.dir/MayaReference.cpp.o
    [677/689] Building CXX object plugin/al/translators/CMakeFiles/AL_USDMayaTranslators.dir/Camera.cpp.o
    [678/689] Building CXX object plugin/al/translators/CMakeFiles/AL_USDMayaTranslators.dir/FrameRange.cpp.o
    [679/689] Building CXX object plugin/adsk/plugin/CMakeFiles/mayaUsdPlugin.dir/adskStageLoadUnloadCommands.cpp.o
    [680/689] Building CXX object plugin/adsk/plugin/CMakeFiles/mayaUsdPlugin.dir/ProxyShape.cpp.o
    [681/689] Building CXX object plugin/al/translators/CMakeFiles/AL_USDMayaTranslators.dir/NurbsCurve.cpp.o
    [682/689] Building CXX object plugin/al/translators/pxrUsdTranslators/CMakeFiles/AL_USDMayaPxrTranslators.dir/ProxyShapeTranslator.cpp.o
    [683/689] Building CXX object plugin/adsk/plugin/CMakeFiles/mayaUsdPlugin.dir/geomNode.cpp.o
    [684/689] Building CXX object plugin/al/translators/CMakeFiles/AL_USDMayaTranslators.dir/Mesh.cpp.o
    [685/689] Linking CXX shared library plugin/al/translators/pxrUsdTranslators/AL_USDMayaPxrTranslators.so
    [686/689] Linking CXX shared library plugin/al/translators/libAL_USDMayaTranslators.so
    [687/689] Building CXX object plugin/adsk/plugin/CMakeFiles/mayaUsdPlugin.dir/exportTranslator.cpp.o
    [688/689] Building CXX object plugin/adsk/plugin/CMakeFiles/mayaUsdPlugin.dir/importTranslator.cpp.o
    [689/689] Linking CXX shared module plugin/adsk/plugin/mayaUsdPlugin.so
    
        Building with settings:
          Source directory          /home/S/jenkins/workspace/ecg-mayausd-branch-preflight-2022-python3-linux/ecg-maya-usd/maya-usd
          Workspace directory       /local/S/jenkins/workspace/ecg-mayausd-branch-preflight-2022-python3-linux
          Build directory           /local/S/jenkins/workspace/ecg-mayausd-branch-preflight-2022-python3-linux/build/RelWithDebInfo
          Install directory         /local/S/jenkins/workspace/ecg-mayausd-branch-preflight-2022-python3-linux/install/RelWithDebInfo/MayaUSD
          Variant                   RelWithDebInfo
          Python Debug              Off
          CMake generator           Ninja
          Build arguments           ['-DCMAKE_MAKE_PROGRAM=/local/S/jenkins/workspace/shared/Artifactory/Linux/ninja/1.9.0/aca9939/ninja', '-DPYTHON_INCLUDE_DIR=/local/S/jenkins/workspace/shared/Artifactory/Linux/rundev-2022/202204211415/runtime/d9026d4/runTime/include/Python37/Python', '-DPython_EXECUTABLE=/local/S/jenkins/workspace/shared/Artifactory/Linux/rundev-2022/202204211415/runtime/d9026d4/runTime/bin/mayapy', '-DPYTHON_LIBRARIES=/local/S/jenkins/workspace/shared/Artifactory/Linux/rundev-2022/202204211415/runtime/d9026d4/runTime/lib/libpython3.7m.so.1.0', '-DBUILD_WITH_PYTHON_3=ON', '-DUSD_LIB_PREFIX=lib', '-DCMAKE_WANT_MATERIALX_BUILD=ON', '-DCMAKE_PREFIX_PATH=/local/S/jenkins/workspace/shared/Artifactory/Linux/USD/d547a10']
          Stages arguments          ['build']
          CTest arguments           ['-E testUsdReferenceAssemblySelection|testUsdMayaAppDir', '-LE interactive', '--parallel 16']
    Success MayaUSD build and install !!!!
    Elapsed time: 00:03:40
[Pipeline] }
[Pipeline] // withEnv
[Pipeline] }
[Pipeline] // stage
[Pipeline] }
[Pipeline] // timestamps
[Pipeline] }
[Pipeline] // timeout
[Pipeline] timeout
Timeout set to expire in 6 hr 0 min
[Pipeline] {
[Pipeline] timestamps
[Pipeline] {
[Pipeline] stage
[Pipeline] { (Install)
[Pipeline] withEnv
[Pipeline] {
[Pipeline] sh
[ecg-mayausd-branch-preflight-2022-python3-linux] Running shell script
+ scl enable devtoolset-6 -
python ecg-maya-usd/build.py --stages=install --workspace-dir=/local/S/jenkins/workspace/ecg-mayausd-branch-preflight-2022-python3-linux --artifactory-dir=/local/S/jenkins/workspace/shared/Artifactory --build-dir=/local/S/jenkins/workspace/ecg-mayausd-branch-preflight-2022-python3-linux/build --install-dir=/local/S/jenkins/workspace/ecg-mayausd-branch-preflight-2022-python3-linux/install --signing-dir=/local/S/jenkins/workspace/ecg-mayausd-branch-preflight-2022-python3-linux/signing --package-dir=/local/S/jenkins/workspace/ecg-mayausd-branch-preflight-2022-python3-linux/package --output-dir=/local/S/jenkins/workspace/ecg-mayausd-branch-preflight-2022-python3-linux/output --stash-dir=/local/S/jenkins/workspace/ecg-mayausd-branch-preflight-2022-python3-linux/stash --jenkins-build=1509 --git-commit=72058a0fb70c17bf13db99a0dd13a0d74ea7f6ab --git-branch=master --variants=RelWithDebInfo --python=3.7 --post-zips=false --maya-cut-config=maya-rundev-2022.yaml --stage-banner
Using Maya cut from /local/S/jenkins/workspace/shared/Artifactory/Linux/rundev-2022/202204211415/runtime/d9026d4

================================================================================
                            install (RelWithDebInfo)
================================================================================
Maya Python RelWithDebInfo Info:
  mayapy executable   = /local/S/jenkins/workspace/shared/Artifactory/Linux/rundev-2022/202204211415/runtime/d9026d4/runTime/bin/mayapy
  Include Folder      = /local/S/jenkins/workspace/shared/Artifactory/Linux/rundev-2022/202204211415/runtime/d9026d4/runTime/include/Python37/Python
  Library             = /local/S/jenkins/workspace/shared/Artifactory/Linux/rundev-2022/202204211415/runtime/d9026d4/runTime/lib/libpython3.7m.so.1.0
  site-package Folder = /local/S/jenkins/workspace/shared/Artifactory/Linux/rundev-2022/202204211415/runtime/d9026d4/runTime/lib/python3.7/site-packages
In workdir: /home/S/jenkins/workspace/ecg-mayausd-branch-preflight-2022-python3-linux/ecg-maya-usd/maya-usd
Executing: /local/S/jenkins/workspace/shared/Artifactory/Linux/rundev-2022/202204211415/runtime/d9026d4/runTime/bin/mayapy /home/S/jenkins/workspace/ecg-mayausd-branch-preflight-2022-python3-linux/ecg-maya-usd/maya-usd/build.py --generator Ninja --build-relwithdebug --maya-location /local/S/jenkins/workspace/shared/Artifactory/Linux/rundev-2022/202204211415/runtime/d9026d4/runTime --devkit-location /local/S/jenkins/workspace/shared/Artifactory/Linux/rundev-2022/202204211415/runtime/d9026d4/devkitBase --pxrusd-location /local/S/jenkins/workspace/shared/Artifactory/Linux/USD/d547a10 --qt-location /local/S/jenkins/workspace/shared/Artifactory/Linux/qt/5.15.2/49402fc --build-args=-DCMAKE_MAKE_PROGRAM=/local/S/jenkins/workspace/shared/Artifactory/Linux/ninja/1.9.0/aca9939/ninja,-DPYTHON_INCLUDE_DIR=/local/S/jenkins/workspace/shared/Artifactory/Linux/rundev-2022/202204211415/runtime/d9026d4/runTime/include/Python37/Python,-DPython_EXECUTABLE=/local/S/jenkins/workspace/shared/Artifactory/Linux/rundev-2022/202204211415/runtime/d9026d4/runTime/bin/mayapy,-DPYTHON_LIBRARIES=/local/S/jenkins/workspace/shared/Artifactory/Linux/rundev-2022/202204211415/runtime/d9026d4/runTime/lib/libpython3.7m.so.1.0,-DBUILD_WITH_PYTHON_3=ON,-DUSD_LIB_PREFIX=lib,-DCMAKE_WANT_MATERIALX_BUILD=ON,-DCMAKE_PREFIX_PATH=/local/S/jenkins/workspace/shared/Artifactory/Linux/USD/d547a10 '--ctest-args=-E testUsdReferenceAssemblySelection|testUsdMayaAppDir,-LE interactive,--parallel 16' --stages=install --redirect-outstream-file=False --install-location /local/S/jenkins/workspace/ecg-mayausd-branch-preflight-2022-python3-linux/install/RelWithDebInfo/MayaUSD /local/S/jenkins/workspace/ecg-mayausd-branch-preflight-2022-python3-linux
Modified environment variables:
    PATH=/local/S/jenkins/workspace/shared/Artifactory/Linux/cmake/3.14.4/656573b/bin:/opt/rh/devtoolset-6/root/usr/bin:/usr/local/bin:/usr/bin
    LD_LIBRARY_PATH=/opt/rh/devtoolset-6/root/usr/lib64:/opt/rh/devtoolset-6/root/usr/lib64:/opt/rh/devtoolset-6/root/usr/lib
    [1/8] Automatic MOC and UIC for target mayaUsdUI
    [2/5] Automatic MOC and UIC for target testMayaUsdUI
    [2/3] Install the project...
    -- Install configuration: "RelWithDebInfo"
    -- Set runtime path of "/local/S/jenkins/workspace/ecg-mayausd-branch-preflight-2022-python3-linux/install/RelWithDebInfo/MayaUSD/lib/libmayaUsd.so" to "$ORIGIN/../../../../../../../../../home/S/jenkins/workspace/shared/Artifactory/Linux/USD/d547a10/lib:/local/S/jenkins/workspace/shared/Artifactory/Linux/USD/d547a10/lib:/local/S/jenkins/workspace/shared/Artifactory/Linux/rundev-2022/202204211415/runtime/d9026d4/devkitBase/devkit/ufe/lib:/local/S/jenkins/workspace/shared/Artifactory/Linux/rundev-2022/202204211415/runtime/d9026d4/runTime/lib"
    -- Set runtime path of "/local/S/jenkins/workspace/ecg-mayausd-branch-preflight-2022-python3-linux/install/RelWithDebInfo/MayaUSD/lib/python/mayaUsd/lib/_mayaUsd.so" to "$ORIGIN/../../..:/local/S/jenkins/workspace/shared/Artifactory/Linux/USD/d547a10/lib:/local/S/jenkins/workspace/shared/Artifactory/Linux/rundev-2022/202204211415/runtime/d9026d4/devkitBase/devkit/ufe/lib:/local/S/jenkins/workspace/shared/Artifactory/Linux/rundev-2022/202204211415/runtime/d9026d4/runTime/lib"
    -- Set runtime path of "/local/S/jenkins/workspace/ecg-mayausd-branch-preflight-2022-python3-linux/install/RelWithDebInfo/MayaUSD/lib/python/mayaUsd/ufe/_ufe.so" to "$ORIGIN/../../..:/local/S/jenkins/workspace/shared/Artifactory/Linux/USD/d547a10/lib:/local/S/jenkins/workspace/shared/Artifactory/Linux/rundev-2022/202204211415/runtime/d9026d4/devkitBase/devkit/ufe/lib:/local/S/jenkins/workspace/shared/Artifactory/Linux/rundev-2022/202204211415/runtime/d9026d4/runTime/lib"
    -- Set runtime path of "/local/S/jenkins/workspace/ecg-mayausd-branch-preflight-2022-python3-linux/install/RelWithDebInfo/MayaUSD/lib/maya/mtoh.so" to "$ORIGIN/../../../../../../../../../../home/S/jenkins/workspace/shared/Artifactory/Linux/USD/d547a10/lib:$ORIGIN/..:/local/S/jenkins/workspace/shared/Artifactory/Linux/USD/d547a10/lib:/local/S/jenkins/workspace/shared/Artifactory/Linux/rundev-2022/202204211415/runtime/d9026d4/devkitBase/devkit/ufe/lib:/local/S/jenkins/workspace/shared/Artifactory/Linux/rundev-2022/202204211415/runtime/d9026d4/runTime/lib"
    -- Set runtime path of "/local/S/jenkins/workspace/ecg-mayausd-branch-preflight-2022-python3-linux/install/RelWithDebInfo/MayaUSD/lib/libhdMaya.so" to ""
    -- Set runtime path of "/local/S/jenkins/workspace/ecg-mayausd-branch-preflight-2022-python3-linux/install/RelWithDebInfo/MayaUSD/lib/libbasePxrUsdPreviewSurface.so" to "$ORIGIN/.:$ORIGIN/../../../../../../../../../home/S/jenkins/workspace/shared/Artifactory/Linux/USD/d547a10/lib:/local/S/jenkins/workspace/shared/Artifactory/Linux/USD/d547a10/lib:/local/S/jenkins/workspace/shared/Artifactory/Linux/rundev-2022/202204211415/runtime/d9026d4/devkitBase/devkit/ufe/lib:/local/S/jenkins/workspace/shared/Artifactory/Linux/rundev-2022/202204211415/runtime/d9026d4/runTime/lib"
    -- Set runtime path of "/local/S/jenkins/workspace/ecg-mayausd-branch-preflight-2022-python3-linux/install/RelWithDebInfo/MayaUSD/lib/libmayaUsd_Translators.so" to "$ORIGIN/.:$ORIGIN/../../../../../../../../../home/S/jenkins/workspace/shared/Artifactory/Linux/USD/d547a10/lib:/local/S/jenkins/workspace/shared/Artifactory/Linux/USD/d547a10/lib:/local/S/jenkins/workspace/shared/Artifactory/Linux/rundev-2022/202204211415/runtime/d9026d4/devkitBase/devkit/ufe/lib:/local/S/jenkins/workspace/shared/Artifactory/Linux/rundev-2022/202204211415/runtime/d9026d4/runTime/lib"
    -- Set runtime path of "/local/S/jenkins/workspace/ecg-mayausd-branch-preflight-2022-python3-linux/install/RelWithDebInfo/MayaUSD/lib/libmayaUsd_Schemas.so" to "$ORIGIN/.:$ORIGIN/../../../../../../../../../home/S/jenkins/workspace/shared/Artifactory/Linux/USD/d547a10/lib:/local/S/jenkins/workspace/shared/Artifactory/Linux/USD/d547a10/lib:/local/S/jenkins/workspace/shared/Artifactory/Linux/rundev-2022/202204211415/runtime/d9026d4/runTime/lib"
    -- Set runtime path of "/local/S/jenkins/workspace/ecg-mayausd-branch-preflight-2022-python3-linux/install/RelWithDebInfo/MayaUSD/lib/python/mayaUsd/schemas/_schemas.so" to "$ORIGIN/../../..:/local/S/jenkins/workspace/shared/Artifactory/Linux/USD/d547a10/lib:/local/S/jenkins/workspace/shared/Artifactory/Linux/rundev-2022/202204211415/runtime/d9026d4/runTime/lib"
    -- Set runtime path of "/local/S/jenkins/workspace/ecg-mayausd-branch-preflight-2022-python3-linux/install/RelWithDebInfo/MayaUSD/lib/libmayaUsdUtils.so" to ""
    -- Set runtime path of "/local/S/jenkins/workspace/ecg-mayausd-branch-preflight-2022-python3-linux/install/RelWithDebInfo/MayaUSD/lib/libmayaUsdUI.so" to "$ORIGIN/../../../../../../../../../home/S/jenkins/workspace/shared/Artifactory/Linux/USD/d547a10/lib:$ORIGIN/.:/local/S/jenkins/workspace/shared/Artifactory/Linux/qt/5.15.2/49402fc/lib:/local/S/jenkins/workspace/shared/Artifactory/Linux/USD/d547a10/lib:/local/S/jenkins/workspace/shared/Artifactory/Linux/rundev-2022/202204211415/runtime/d9026d4/devkitBase/devkit/ufe/lib:/local/S/jenkins/workspace/shared/Artifactory/Linux/rundev-2022/202204211415/runtime/d9026d4/runTime/lib"
    -- Set runtime path of "/local/S/jenkins/workspace/ecg-mayausd-branch-preflight-2022-python3-linux/install/RelWithDebInfo/MayaUSD/plugin/pxr/maya/lib/libusdMaya.so" to "$ORIGIN/.:$ORIGIN/../../../../lib:$ORIGIN/../../../../../../../../../../../../home/S/jenkins/workspace/shared/Artifactory/Linux/USD/d547a10/lib:$ORIGIN/../../../../../../../../../../../../home/S/jenkins/workspace/shared/Artifactory/Linux/USD/d547a10/lib64:/local/S/jenkins/workspace/shared/Artifactory/Linux/rundev-2022/202204211415/runtime/d9026d4/devkitBase/devkit/ufe/lib:/local/S/jenkins/workspace/shared/Artifactory/Linux/USD/d547a10/lib:/local/S/jenkins/workspace/shared/Artifactory/Linux/rundev-2022/202204211415/runtime/d9026d4/runTime/lib"
    -- Set runtime path of "/local/S/jenkins/workspace/ecg-mayausd-branch-preflight-2022-python3-linux/install/RelWithDebInfo/MayaUSD/plugin/pxr/lib/python/pxr/UsdMaya/_usdMaya.so" to "$ORIGIN/../../../../maya/lib:$ORIGIN/../../../../../../lib:$ORIGIN/../../../../../../../../../../../../../../home/S/jenkins/workspace/shared/Artifactory/Linux/USD/d547a10/lib:$ORIGIN/../../../../../../../../../../../../../../home/S/jenkins/workspace/shared/Artifactory/Linux/USD/d547a10/lib64:/local/S/jenkins/workspace/shared/Artifactory/Linux/USD/d547a10/lib:/local/S/jenkins/workspace/shared/Artifactory/Linux/rundev-2022/202204211415/runtime/d9026d4/devkitBase/devkit/ufe/lib:/local/S/jenkins/workspace/shared/Artifactory/Linux/rundev-2022/202204211415/runtime/d9026d4/runTime/lib"
    -- Set runtime path of "/local/S/jenkins/workspace/ecg-mayausd-branch-preflight-2022-python3-linux/install/RelWithDebInfo/MayaUSD/plugin/pxr/maya/plugin/pxrUsd.so" to "$ORIGIN/../lib:$ORIGIN/../../../../lib:$ORIGIN/../../../../../../../../../../../../home/S/jenkins/workspace/shared/Artifactory/Linux/USD/d547a10/lib:$ORIGIN/../../../../../../../../../../../../home/S/jenkins/workspace/shared/Artifactory/Linux/USD/d547a10/lib64:/local/S/jenkins/workspace/shared/Artifactory/Linux/rundev-2022/202204211415/runtime/d9026d4/devkitBase/devkit/ufe/lib:/local/S/jenkins/workspace/shared/Artifactory/Linux/USD/d547a10/lib:/local/S/jenkins/workspace/shared/Artifactory/Linux/rundev-2022/202204211415/runtime/d9026d4/runTime/lib"
    -- Set runtime path of "/local/S/jenkins/workspace/ecg-mayausd-branch-preflight-2022-python3-linux/install/RelWithDebInfo/MayaUSD/plugin/pxr/maya/plugin/pxrUsdPreviewSurface.so" to "$ORIGIN/../lib:$ORIGIN/../../../../lib:$ORIGIN/../../../../../../../../../../../../home/S/jenkins/workspace/shared/Artifactory/Linux/USD/d547a10/lib:$ORIGIN/../../../../../../../../../../../../home/S/jenkins/workspace/shared/Artifactory/Linux/USD/d547a10/lib64:/local/S/jenkins/workspace/shared/Artifactory/Linux/USD/d547a10/lib:/local/S/jenkins/workspace/shared/Artifactory/Linux/rundev-2022/202204211415/runtime/d9026d4/devkitBase/devkit/ufe/lib:/local/S/jenkins/workspace/shared/Artifactory/Linux/rundev-2022/202204211415/runtime/d9026d4/runTime/lib"
    -- Set runtime path of "/local/S/jenkins/workspace/ecg-mayausd-branch-preflight-2022-python3-linux/install/RelWithDebInfo/MayaUSD/plugin/al/lib/libAL_MayaTest.so" to ""
    -- Set runtime path of "/local/S/jenkins/workspace/ecg-mayausd-branch-preflight-2022-python3-linux/install/RelWithDebInfo/MayaUSD/plugin/al/lib/libAL_MayaUtils.so" to ""
    -- Set runtime path of "/local/S/jenkins/workspace/ecg-mayausd-branch-preflight-2022-python3-linux/install/RelWithDebInfo/MayaUSD/plugin/al/testplugins/AL_MayaUtilsTests.so" to "$ORIGIN/../lib:$ORIGIN/../../../lib/gtest:$ORIGIN/../../../../../../../../../../../home/S/jenkins/workspace/shared/Artifactory/Linux/rundev-2022/202204211415/runtime/d9026d4/runTime/lib:$ORIGIN/../../../lib:$ORIGIN/../../../../../../../../../../../home/S/jenkins/workspace/shared/Artifactory/Linux/USD/d547a10/lib:/local/S/jenkins/workspace/shared/Artifactory/Linux/USD/d547a10/lib:/local/S/jenkins/workspace/shared/Artifactory/Linux/rundev-2022/202204211415/runtime/d9026d4/runTime/lib"
    -- Set runtime path of "/local/S/jenkins/workspace/ecg-mayausd-branch-preflight-2022-python3-linux/install/RelWithDebInfo/MayaUSD/plugin/al/lib/libAL_USDMayaUtils.so" to ""
    -- Set runtime path of "/local/S/jenkins/workspace/ecg-mayausd-branch-preflight-2022-python3-linux/install/RelWithDebInfo/MayaUSD/plugin/al/lib/libAL_USDTransaction.so" to ""
    -- Set runtime path of "/local/S/jenkins/workspace/ecg-mayausd-branch-preflight-2022-python3-linux/install/RelWithDebInfo/MayaUSD/plugin/al/lib/python/AL/usd/transaction/_AL_USDTransaction.so" to "$ORIGIN/../../../..:/local/S/jenkins/workspace/shared/Artifactory/Linux/USD/d547a10/lib:/local/S/jenkins/workspace/shared/Artifactory/Linux/rundev-2022/202204211415/runtime/d9026d4/runTime/lib"
    -- Set runtime path of "/local/S/jenkins/workspace/ecg-mayausd-branch-preflight-2022-python3-linux/install/RelWithDebInfo/MayaUSD/plugin/al/lib/libAL_USDMaya.so" to ""
    -- Set runtime path of "/local/S/jenkins/workspace/ecg-mayausd-branch-preflight-2022-python3-linux/install/RelWithDebInfo/MayaUSD/plugin/al/lib/python/AL/usdmaya/_AL_USDMaya.so" to "$ORIGIN/../../..:$ORIGIN/../../../../../../lib:/local/S/jenkins/workspace/shared/Artifactory/Linux/USD/d547a10/lib:/local/S/jenkins/workspace/shared/Artifactory/Linux/rundev-2022/202204211415/runtime/d9026d4/devkitBase/devkit/ufe/lib:/local/S/jenkins/workspace/shared/Artifactory/Linux/rundev-2022/202204211415/runtime/d9026d4/runTime/lib"
    -- Set runtime path of "/local/S/jenkins/workspace/ecg-mayausd-branch-preflight-2022-python3-linux/install/RelWithDebInfo/MayaUSD/plugin/al/plugin/AL_USDMayaPlugin.so" to "$ORIGIN/../lib:$ORIGIN/../../../../../../../../../../../home/S/jenkins/workspace/shared/Artifactory/Linux/USD/d547a10/lib:$ORIGIN/../../../lib:$ORIGIN/../../pxr/lib:$ORIGIN/../../pxr/maya/lib:/local/S/jenkins/workspace/shared/Artifactory/Linux/USD/d547a10/lib:/local/S/jenkins/workspace/shared/Artifactory/Linux/rundev-2022/202204211415/runtime/d9026d4/devkitBase/devkit/ufe/lib:/local/S/jenkins/workspace/shared/Artifactory/Linux/rundev-2022/202204211415/runtime/d9026d4/runTime/lib"
    -- Set runtime path of "/local/S/jenkins/workspace/ecg-mayausd-branch-preflight-2022-python3-linux/install/RelWithDebInfo/MayaUSD/plugin/al/plugin/AL_USDMayaTestPlugin.so" to "$ORIGIN/../lib:$ORIGIN/../../../lib/gtest:$ORIGIN/../../../../../../../../../../../home/S/jenkins/workspace/shared/Artifactory/Linux/USD/d547a10/lib:$ORIGIN/../../../lib:$ORIGIN/../../pxr/lib:$ORIGIN/../../pxr/maya/lib:/local/S/jenkins/workspace/shared/Artifactory/Linux/USD/d547a10/lib:/local/S/jenkins/workspace/shared/Artifactory/Linux/rundev-2022/202204211415/runtime/d9026d4/devkitBase/devkit/ufe/lib:/local/S/jenkins/workspace/shared/Artifactory/Linux/rundev-2022/202204211415/runtime/d9026d4/runTime/lib"
    -- Set runtime path of "/local/S/jenkins/workspace/ecg-mayausd-branch-preflight-2022-python3-linux/install/RelWithDebInfo/MayaUSD/plugin/al/lib/libAL_USDMayaSchemas.so" to ""
    -- Set runtime path of "/local/S/jenkins/workspace/ecg-mayausd-branch-preflight-2022-python3-linux/install/RelWithDebInfo/MayaUSD/plugin/al/lib/python/AL/usd/schemas/maya/_AL_USDMayaSchemas.so" to ""
    -- Set runtime path of "/local/S/jenkins/workspace/ecg-mayausd-branch-preflight-2022-python3-linux/install/RelWithDebInfo/MayaUSD/plugin/al/bin/testMayaSchemas" to "$ORIGIN/../../../lib/gtest:$ORIGIN/../lib:/local/S/jenkins/workspace/shared/Artifactory/Linux/USD/d547a10/lib:/local/S/jenkins/workspace/shared/Artifactory/Linux/rundev-2022/202204211415/runtime/d9026d4/runTime/lib"
    -- Set runtime path of "/local/S/jenkins/workspace/ecg-mayausd-branch-preflight-2022-python3-linux/install/RelWithDebInfo/MayaUSD/plugin/al/lib/libAL_USDMayaSchemasTest.so" to ""
    -- Set runtime path of "/local/S/jenkins/workspace/ecg-mayausd-branch-preflight-2022-python3-linux/install/RelWithDebInfo/MayaUSD/plugin/al/lib/python/AL/usd/schemas/mayatest/_AL_USDMayaSchemasTest.so" to ""
    -- Set runtime path of "/local/S/jenkins/workspace/ecg-mayausd-branch-preflight-2022-python3-linux/install/RelWithDebInfo/MayaUSD/plugin/al/lib/libAL_USDMayaTranslators.so" to "$ORIGIN/../lib:$ORIGIN/../../../../../../../../../../../home/S/jenkins/workspace/shared/Artifactory/Linux/USD/d547a10/lib:$ORIGIN/../../../lib:/local/S/jenkins/workspace/shared/Artifactory/Linux/USD/d547a10/lib:/local/S/jenkins/workspace/shared/Artifactory/Linux/rundev-2022/202204211415/runtime/d9026d4/devkitBase/devkit/ufe/lib:/local/S/jenkins/workspace/shared/Artifactory/Linux/rundev-2022/202204211415/runtime/d9026d4/runTime/lib"
    -- Set runtime path of "/local/S/jenkins/workspace/ecg-mayausd-branch-preflight-2022-python3-linux/install/RelWithDebInfo/MayaUSD/plugin/al/plugin/AL_USDMayaPxrTranslators.so" to "$ORIGIN/../lib:$ORIGIN/../../../../../../../../../../../home/S/jenkins/workspace/shared/Artifactory/Linux/USD/d547a10/lib:$ORIGIN/../../../lib:$ORIGIN/../../pxr/lib:$ORIGIN/../../pxr/maya/lib:/local/S/jenkins/workspace/shared/Artifactory/Linux/USD/d547a10/lib:/local/S/jenkins/workspace/shared/Artifactory/Linux/rundev-2022/202204211415/runtime/d9026d4/devkitBase/devkit/ufe/lib:/local/S/jenkins/workspace/shared/Artifactory/Linux/rundev-2022/202204211415/runtime/d9026d4/runTime/lib"
    -- Set runtime path of "/local/S/jenkins/workspace/ecg-mayausd-branch-preflight-2022-python3-linux/install/RelWithDebInfo/MayaUSD/plugin/adsk/plugin/mayaUsdPlugin.so" to "$ORIGIN/../../../../../../../../../../../home/S/jenkins/workspace/shared/Artifactory/Linux/USD/d547a10/lib:$ORIGIN/../../../lib:/local/S/jenkins/workspace/shared/Artifactory/Linux/rundev-2022/202204211415/runtime/d9026d4/devkitBase/devkit/ufe/lib:/local/S/jenkins/workspace/shared/Artifactory/Linux/USD/d547a10/lib:/local/S/jenkins/workspace/shared/Artifactory/Linux/qt/5.15.2/49402fc/lib:/local/S/jenkins/workspace/shared/Artifactory/Linux/rundev-2022/202204211415/runtime/d9026d4/runTime/lib"
    
        Building with settings:
          Source directory          /home/S/jenkins/workspace/ecg-mayausd-branch-preflight-2022-python3-linux/ecg-maya-usd/maya-usd
          Workspace directory       /local/S/jenkins/workspace/ecg-mayausd-branch-preflight-2022-python3-linux
          Build directory           /local/S/jenkins/workspace/ecg-mayausd-branch-preflight-2022-python3-linux/build/RelWithDebInfo
          Install directory         /local/S/jenkins/workspace/ecg-mayausd-branch-preflight-2022-python3-linux/install/RelWithDebInfo/MayaUSD
          Variant                   RelWithDebInfo
          Python Debug              Off
          CMake generator           Ninja
          Build arguments           ['-DCMAKE_MAKE_PROGRAM=/local/S/jenkins/workspace/shared/Artifactory/Linux/ninja/1.9.0/aca9939/ninja', '-DPYTHON_INCLUDE_DIR=/local/S/jenkins/workspace/shared/Artifactory/Linux/rundev-2022/202204211415/runtime/d9026d4/runTime/include/Python37/Python', '-DPython_EXECUTABLE=/local/S/jenkins/workspace/shared/Artifactory/Linux/rundev-2022/202204211415/runtime/d9026d4/runTime/bin/mayapy', '-DPYTHON_LIBRARIES=/local/S/jenkins/workspace/shared/Artifactory/Linux/rundev-2022/202204211415/runtime/d9026d4/runTime/lib/libpython3.7m.so.1.0', '-DBUILD_WITH_PYTHON_3=ON', '-DUSD_LIB_PREFIX=lib', '-DCMAKE_WANT_MATERIALX_BUILD=ON', '-DCMAKE_PREFIX_PATH=/local/S/jenkins/workspace/shared/Artifactory/Linux/USD/d547a10']
          Stages arguments          ['install']
          CTest arguments           ['-E testUsdReferenceAssemblySelection|testUsdMayaAppDir', '-LE interactive', '--parallel 16']
    Success MayaUSD build and install !!!!
    Elapsed time: 00:00:01
[Pipeline] }
[Pipeline] // withEnv
[Pipeline] }
[Pipeline] // stage
[Pipeline] }
[Pipeline] // timestamps
[Pipeline] }
[Pipeline] // timeout
[Pipeline] timeout
Timeout set to expire in 6 hr 0 min
[Pipeline] {
[Pipeline] timestamps
[Pipeline] {
[Pipeline] stage
[Pipeline] { (Test)
[Pipeline] withEnv
[Pipeline] {
[Pipeline] sh
[ecg-mayausd-branch-preflight-2022-python3-linux] Running shell script
+ scl enable devtoolset-6 -
python ecg-maya-usd/build.py --stages=test --workspace-dir=/local/S/jenkins/workspace/ecg-mayausd-branch-preflight-2022-python3-linux --artifactory-dir=/local/S/jenkins/workspace/shared/Artifactory --build-dir=/local/S/jenkins/workspace/ecg-mayausd-branch-preflight-2022-python3-linux/build --install-dir=/local/S/jenkins/workspace/ecg-mayausd-branch-preflight-2022-python3-linux/install --signing-dir=/local/S/jenkins/workspace/ecg-mayausd-branch-preflight-2022-python3-linux/signing --package-dir=/local/S/jenkins/workspace/ecg-mayausd-branch-preflight-2022-python3-linux/package --output-dir=/local/S/jenkins/workspace/ecg-mayausd-branch-preflight-2022-python3-linux/output --stash-dir=/local/S/jenkins/workspace/ecg-mayausd-branch-preflight-2022-python3-linux/stash --jenkins-build=1509 --git-commit=72058a0fb70c17bf13db99a0dd13a0d74ea7f6ab --git-branch=master --variants=RelWithDebInfo --python=3.7 --post-zips=false --test-jobs=0 --failed-test-retry=3 --maya-cut-config=maya-rundev-2022.yaml --stage-banner --progressive-timeout
Using Maya cut from /local/S/jenkins/workspace/shared/Artifactory/Linux/rundev-2022/202204211415/runtime/d9026d4

================================================================================
                             test (RelWithDebInfo)
================================================================================
Maya Python RelWithDebInfo Info:
  mayapy executable   = /local/S/jenkins/workspace/shared/Artifactory/Linux/rundev-2022/202204211415/runtime/d9026d4/runTime/bin/mayapy
  Include Folder      = /local/S/jenkins/workspace/shared/Artifactory/Linux/rundev-2022/202204211415/runtime/d9026d4/runTime/include/Python37/Python
  Library             = /local/S/jenkins/workspace/shared/Artifactory/Linux/rundev-2022/202204211415/runtime/d9026d4/runTime/lib/libpython3.7m.so.1.0
  site-package Folder = /local/S/jenkins/workspace/shared/Artifactory/Linux/rundev-2022/202204211415/runtime/d9026d4/runTime/lib/python3.7/site-packages
In workdir: /home/S/jenkins/workspace/ecg-mayausd-branch-preflight-2022-python3-linux/ecg-maya-usd/maya-usd
Executing: /local/S/jenkins/workspace/shared/Artifactory/Linux/rundev-2022/202204211415/runtime/d9026d4/runTime/bin/mayapy /home/S/jenkins/workspace/ecg-mayausd-branch-preflight-2022-python3-linux/ecg-maya-usd/maya-usd/build.py --generator Ninja --build-relwithdebug --maya-location /local/S/jenkins/workspace/shared/Artifactory/Linux/rundev-2022/202204211415/runtime/d9026d4/runTime --devkit-location /local/S/jenkins/workspace/shared/Artifactory/Linux/rundev-2022/202204211415/runtime/d9026d4/devkitBase --pxrusd-location /local/S/jenkins/workspace/shared/Artifactory/Linux/USD/d547a10 --qt-location /local/S/jenkins/workspace/shared/Artifactory/Linux/qt/5.15.2/49402fc --build-args=-DCMAKE_MAKE_PROGRAM=/local/S/jenkins/workspace/shared/Artifactory/Linux/ninja/1.9.0/aca9939/ninja,-DPYTHON_INCLUDE_DIR=/local/S/jenkins/workspace/shared/Artifactory/Linux/rundev-2022/202204211415/runtime/d9026d4/runTime/include/Python37/Python,-DPython_EXECUTABLE=/local/S/jenkins/workspace/shared/Artifactory/Linux/rundev-2022/202204211415/runtime/d9026d4/runTime/bin/mayapy,-DPYTHON_LIBRARIES=/local/S/jenkins/workspace/shared/Artifactory/Linux/rundev-2022/202204211415/runtime/d9026d4/runTime/lib/libpython3.7m.so.1.0,-DBUILD_WITH_PYTHON_3=ON,-DUSD_LIB_PREFIX=lib,-DCMAKE_WANT_MATERIALX_BUILD=ON,-DCMAKE_PREFIX_PATH=/local/S/jenkins/workspace/shared/Artifactory/Linux/USD/d547a10 '--ctest-args=-E testUsdReferenceAssemblySelection|testUsdMayaAppDir,-LE interactive,--parallel 16' --stages=test --redirect-outstream-file=False --install-location /local/S/jenkins/workspace/ecg-mayausd-branch-preflight-2022-python3-linux/install/RelWithDebInfo/MayaUSD /local/S/jenkins/workspace/ecg-mayausd-branch-preflight-2022-python3-linux
Modified environment variables:
    PATH=/local/S/jenkins/workspace/shared/Artifactory/Linux/cmake/3.14.4/656573b/bin:/opt/rh/devtoolset-6/root/usr/bin:/usr/local/bin:/usr/bin
    LD_LIBRARY_PATH=/opt/rh/devtoolset-6/root/usr/lib64:/opt/rh/devtoolset-6/root/usr/lib64:/opt/rh/devtoolset-6/root/usr/lib
    Test project /home/S/jenkins/workspace/ecg-mayausd-branch-preflight-2022-python3-linux/build/RelWithDebInfo
            Start   1: testMayaUsdConverter
            Start   2: testMayaUsdCreateStageCommands
            Start   3: testMayaUsdPythonImport
            Start   4: testMayaUsdLayerEditorCommands
            Start   5: testMayaUsdCacheId
            Start   6: testMayaUsdDirtyScene
            Start   7: testMayaUsdProxyAccessor
            Start   9: _Interactive_Maya
      1/184 Test   #9: _Interactive_Maya ...............................***Not Run (Disabled)   0.00 sec
            Start  10: testMayaUsdPlugVersionCheck
            Start  11: testMatrices
            Start  12: testMayaPickwalk
            Start  13: testPythonWrappers
            Start  14: testSelection
            Start  15: testSelectionByArray
            Start  16: testUfePythonImport
            Start  17: testAttributeBlock
            Start  18: testBlockedLayerEdit
      2/184 Test  #16: testUfePythonImport .............................   Passed    6.27 sec
            Start  19: testAttribute
      3/184 Test   #3: testMayaUsdPythonImport .........................   Passed    6.29 sec
            Start  20: testAttributes
      4/184 Test  #10: testMayaUsdPlugVersionCheck .....................   Passed    6.37 sec
            Start  21: testChildFilter
      5/184 Test  #13: testPythonWrappers ..............................   Passed    6.38 sec
            Start  22: testComboCmd
      6/184 Test  #15: testSelectionByArray ............................   Passed    6.39 sec
            Start  23: testContextOps
      7/184 Test   #5: testMayaUsdCacheId ..............................   Passed    6.43 sec
            Start  24: testDuplicateCmd
      8/184 Test   #4: testMayaUsdLayerEditorCommands ..................   Passed    6.54 sec
            Start  25: testGroupCmd
      9/184 Test  #11: testMatrices ....................................   Passed    6.59 sec
            Start  26: testMoveCmd
     10/184 Test   #2: testMayaUsdCreateStageCommands ..................   Passed    6.62 sec
            Start  27: testObject3d
     11/184 Test  #12: testMayaPickwalk ................................   Passed    6.61 sec
            Start  28: testRename
     12/184 Test  #18: testBlockedLayerEdit ............................   Passed    6.68 sec
            Start  29: testParentCmd
     13/184 Test  #14: testSelection ...................................   Passed    6.71 sec
            Start  30: testPointInstances
     14/184 Test   #1: testMayaUsdConverter ............................   Passed    6.74 sec
            Start  31: testReorderCmd
     15/184 Test  #17: testAttributeBlock ..............................   Passed    6.76 sec
            Start  32: testRotateCmd
     16/184 Test   #6: testMayaUsdDirtyScene ...........................   Passed    6.85 sec
            Start  33: testRotatePivot
     17/184 Test   #7: testMayaUsdProxyAccessor ........................   Passed    8.64 sec
            Start  34: testScaleCmd
     18/184 Test  #21: testChildFilter .................................   Passed    4.81 sec
            Start  35: testSceneItem
     19/184 Test  #22: testComboCmd ....................................   Passed    4.91 sec
            Start  36: testTransform3dChainOfResponsibility
     20/184 Test  #25: testGroupCmd ....................................   Passed    4.83 sec
            Start  37: testTransform3dTranslate
     21/184 Test  #27: testObject3d ....................................   Passed    4.83 sec
            Start  38: testUIInfoHandler
     22/184 Test  #20: testAttributes ..................................   Passed    5.25 sec
            Start  39: testObservableScene
     23/184 Test  #23: testContextOps ..................................   Passed    5.19 sec
            Start  40: testCamera
     24/184 Test  #31: testReorderCmd ..................................   Passed    4.86 sec
            Start  41: testSetsCmd
     25/184 Test  #24: testDuplicateCmd ................................   Passed    5.22 sec
            Start  42: testLegacyDeleteCmd
     26/184 Test  #19: testAttribute ...................................   Passed    5.40 sec
            Start  43: testPrimReader
     27/184 Test  #26: testMoveCmd .....................................   Passed    5.12 sec
            Start  44: testPrimWriter
     28/184 Test  #32: testRotateCmd ...................................   Passed    5.02 sec
            Start  45: testExportChaser
     29/184 Test  #33: testRotatePivot .................................   Passed    5.00 sec
            Start  46: testImportChaser
     30/184 Test  #28: testRename ......................................   Passed    5.26 sec
            Start  47: testImportWithNamespace
     31/184 Test  #30: testPointInstances ..............................   Passed    5.21 sec
            Start  48: testJobContextRegistry
     32/184 Test  #29: testParentCmd ...................................   Passed    5.42 sec
            Start  49: testSchemaApiAdaptor
     33/184 Test  #34: testScaleCmd ....................................   Passed    5.31 sec
            Start  50: testComponentTags
     34/184 Test  #39: testObservableScene .............................   Passed    3.94 sec
            Start  51: testReadWriteUtils
     35/184 Test  #36: testTransform3dChainOfResponsibility ............   Passed    4.77 sec
            Start  52: testXformStack
     36/184 Test  #38: testUIInfoHandler ...............................   Passed    4.65 sec
            Start  53: testGeomNode
     37/184 Test  #40: testCamera ......................................   Passed    4.54 sec
            Start  54: testLayerManagerSerialization
     38/184 Test  #35: testSceneItem ...................................   Passed    4.96 sec
            Start  55: testPointBasedDeformerNode
     39/184 Test  #41: testSetsCmd .....................................   Passed    4.60 sec
            Start  56: testProxyShapeBase
     40/184 Test  #37: testTransform3dTranslate ........................   Passed    4.84 sec
            Start  57: testHdImagingShape
     41/184 Test  #45: testExportChaser ................................   Passed    4.51 sec
            Start  94: testUsdUndoManager
     42/184 Test  #46: testImportChaser ................................   Passed    4.48 sec
            Start  95: testBlockSceneModificationContext
     43/184 Test  #43: testPrimReader ..................................   Passed    4.67 sec
            Start  96: testDiagnosticDelegate
     44/184 Test  #48: testJobContextRegistry ..........................   Passed    4.41 sec
            Start  97: testUtilsEditability
     45/184 Test  #44: testPrimWriter ..................................   Passed    4.76 sec
            Start 100: testPxrUsdPreviewSurfaceDraw
     46/184 Test  #42: testLegacyDeleteCmd .............................   Passed    4.83 sec
            Start 101: testPxrUsdPreviewSurfaceExport
     47/184 Test  #47: testImportWithNamespace .........................   Passed    4.62 sec
            Start 102: testMayaUsdSchemasPythonImport
     48/184 Test  #49: testSchemaApiAdaptor ............................   Passed    4.70 sec
            Start 103: testMayaUsdSchemasMayaReference
     49/184 Test  #50: testComponentTags ...............................   Passed    4.63 sec
            Start 104: testDiffCore
     50/184 Test #104: testDiffCore ....................................   Passed    0.02 sec
            Start 105: testDiffValues
     51/184 Test #105: testDiffValues ..................................   Passed    0.02 sec
            Start 106: testDiffAttributes
     52/184 Test #106: testDiffAttributes ..............................   Passed    0.11 sec
            Start 107: testDiffRelationships
     53/184 Test #107: testDiffRelationships ...........................   Passed    0.11 sec
            Start 108: testDiffDictionaries
     54/184 Test #108: testDiffDictionaries ............................   Passed    0.02 sec
            Start 109: testDiffLists
     55/184 Test #109: testDiffLists ...................................   Passed    0.02 sec
            Start 110: testDiffComputeOverall
     56/184 Test #110: testDiffComputeOverall ..........................   Passed    0.02 sec
            Start 111: testDiffPrims
     57/184 Test #111: testDiffPrims ...................................   Passed    0.27 sec
            Start 112: testMergePrims
     58/184 Test #112: testMergePrims ..................................   Passed    0.16 sec
            Start 113: testDiffMetadatas
     59/184 Test #113: testDiffMetadatas ...............................   Passed    0.05 sec
            Start 114: testUsdExportAnimation
     60/184 Test  #51: testReadWriteUtils ..............................   Passed    4.50 sec
            Start 115: testUsdExportAsClip
     61/184 Test  #52: testXformStack ..................................   Passed    4.36 sec
            Start 116: testUsdExportBindTransform
     62/184 Test #100: testPxrUsdPreviewSurfaceDraw ....................   Passed    4.05 sec
            Start 117: testUsdExportBlendshapes
     63/184 Test #102: testMayaUsdSchemasPythonImport ..................   Passed    4.14 sec
            Start 118: testUsdExportCamera
     64/184 Test  #53: testGeomNode ....................................   Passed    4.57 sec
            Start 119: testUsdExportColorSets
     65/184 Test  #55: testPointBasedDeformerNode ......................   Passed    4.57 sec
            Start 120: testUsdExportConnected
     66/184 Test  #96: testDiagnosticDelegate ..........................   Passed    4.46 sec
            Start 121: testUsdExportDisplacement
     67/184 Test  #95: testBlockSceneModificationContext ...............   Passed    4.52 sec
            Start 122: testUsdExportDisplayColor
     68/184 Test  #54: testLayerManagerSerialization ...................   Passed    4.76 sec
            Start 123: testUsdExportEulerFilter
     69/184 Test #103: testMayaUsdSchemasMayaReference .................   Passed    4.09 sec
            Start 124: testUsdExportFileFormat
     70/184 Test  #94: testUsdUndoManager ..............................   Passed    4.62 sec
            Start 125: testUsdExportFilterTypes
     71/184 Test  #57: testHdImagingShape ..............................   Passed    4.86 sec
            Start 126: testUsdExportFrameOffset
     72/184 Test  #97: testUtilsEditability ............................   Passed    4.74 sec
            Start 127: testUsdExportGeomSubset
     73/184 Test  #56: testProxyShapeBase ..............................   Passed    5.00 sec
            Start 128: testUsdExportInstances
     74/184 Test #101: testPxrUsdPreviewSurfaceExport ..................   Passed    4.77 sec
            Start 129: testUsdExportLayerAttributes
     75/184 Test #114: testUsdExportAnimation ..........................   Passed    4.93 sec
            Start 130: testUsdExportLight
     76/184 Test #115: testUsdExportAsClip .............................   Passed    4.68 sec
            Start 131: testUsdExportLocator
     77/184 Test #116: testUsdExportBindTransform ......................   Passed    4.54 sec
            Start 132: testUsdExportMayaInstancer
     78/184 Test #118: testUsdExportCamera .............................   Passed    4.70 sec
            Start 133: testUsdExportMesh
     79/184 Test #120: testUsdExportConnected ..........................   Passed    4.67 sec
            Start 134: testUsdExportNurbsCurve
     80/184 Test #122: testUsdExportDisplayColor .......................   Passed    4.55 sec
            Start 135: testUsdExportOpenLayer
     81/184 Test #117: testUsdExportBlendshapes ........................   Passed    4.97 sec
            Start 136: testUsdExportOverImport
     82/184 Test #123: testUsdExportEulerFilter ........................   Passed    4.72 sec
            Start 137: testUsdExportUsdPreviewSurface
     83/184 Test #124: testUsdExportFileFormat .........................   Passed    4.74 sec
            Start 138: testUsdExportParentScope
     84/184 Test #121: testUsdExportDisplacement .......................   Passed    4.88 sec
            Start 139: testUsdExportParticles
     85/184 Test #119: testUsdExportColorSets ..........................   Passed    5.04 sec
            Start 140: testUsdExportPref
     86/184 Test #128: testUsdExportInstances ..........................   Passed    4.63 sec
            Start 141: testUsdExportRenderLayerMode
     87/184 Test #125: testUsdExportFilterTypes ........................   Passed    4.92 sec
            Start 142: testUsdExportRoots
     88/184 Test #129: testUsdExportLayerAttributes ....................   Passed    4.63 sec
            Start 143: testUsdExportRootsAndParentScope
     89/184 Test #126: testUsdExportFrameOffset ........................   Passed    4.96 sec
            Start 144: testUsdExportSelection
     90/184 Test #127: testUsdExportGeomSubset .........................   Passed    4.98 sec
            Start 145: testUsdExportSelectionHierarchy
     91/184 Test #130: testUsdExportLight ..............................   Passed    4.42 sec
            Start 146: testUsdExportShadingInstanced
     92/184 Test #131: testUsdExportLocator ............................   Passed    4.66 sec
            Start 147: testUsdExportShadingModePxrRis
     93/184 Test #132: testUsdExportMayaInstancer ......................   Passed    5.04 sec
            Start 148: testUsdExportSkeleton
     94/184 Test #135: testUsdExportOpenLayer ..........................   Passed    4.65 sec
            Start 149: testUsdExportStripNamespaces
     95/184 Test #141: testUsdExportRenderLayerMode ....................   Passed    4.31 sec
            Start 150: testUsdExportStroke
     96/184 Test #133: testUsdExportMesh ...............................   Passed    4.84 sec
            Start 151: testUsdExportUserTaggedAttributes
     97/184 Test #134: testUsdExportNurbsCurve .........................   Passed    4.83 sec
            Start 152: testUsdExportVisibilityDefault
     98/184 Test #136: testUsdExportOverImport .........................   Passed    4.82 sec
            Start 153: testUsdImportAnonymousLayer
     99/184 Test #140: testUsdExportPref ...............................   Passed    4.63 sec
            Start 154: testUsdImportCamera
    100/184 Test #137: testUsdExportUsdPreviewSurface ..................   Passed    4.78 sec
            Start 155: testUsdImportBasisCurves
    101/184 Test #138: testUsdExportParentScope ........................   Passed    4.80 sec
            Start 156: testUsdImportBatchNurbsCurves
    102/184 Test #139: testUsdExportParticles ..........................   Passed    4.92 sec
            Start 157: testUsdImportLinearCurves
    103/184 Test #144: testUsdExportSelection ..........................   Passed    4.64 sec
            Start 158: testUsdImportNurbsCurves
    104/184 Test #143: testUsdExportRootsAndParentScope ................   Passed    4.91 sec
            Start 159: testUsdImportBatchBezierCurves
    105/184 Test #142: testUsdExportRoots ..............................   Passed    5.05 sec
            Start 160: testUsdImportColorSets
    106/184 Test #145: testUsdExportSelectionHierarchy .................   Passed    5.33 sec
            Start 161: testUsdImportDisplacement
    107/184 Test #146: testUsdExportShadingInstanced ...................   Passed    4.67 sec
            Start 162: testUsdImportExportScope
    108/184 Test #147: testUsdExportShadingModePxrRis ..................   Passed    5.11 sec
            Start 163: testUsdImportExportTypelessDefs
    109/184 Test #149: testUsdExportStripNamespaces ....................   Passed    4.42 sec
            Start 164: testUsdImportFrameRange
    110/184 Test #152: testUsdExportVisibilityDefault ..................   Passed    4.49 sec
            Start 165: testUsdImportFramerates
    111/184 Test #150: testUsdExportStroke .............................   Passed    4.67 sec
            Start 166: testUsdImportInstances
    112/184 Test #153: testUsdImportAnonymousLayer .....................   Passed    4.65 sec
            Start 167: testUsdImportLight
    113/184 Test #156: testUsdImportBatchNurbsCurves ...................   Passed    4.54 sec
            Start 168: testUsdImportMayaReference
    114/184 Test #151: testUsdExportUserTaggedAttributes ...............   Passed    4.85 sec
            Start 169: testUsdImportMesh
    115/184 Test #155: testUsdImportBasisCurves ........................   Passed    4.76 sec
            Start 170: testUsdImportPreviewSurface
    116/184 Test #157: testUsdImportLinearCurves .......................   Passed    4.61 sec
            Start 171: testUsdImportSessionLayer
    117/184 Test #160: testUsdImportColorSets ..........................   Passed    4.42 sec
            Start 172: testUsdImportShadingModeDisplayColor
    118/184 Test #154: testUsdImportCamera .............................   Passed    5.01 sec
            Start 173: testUsdImportShadingModePxrRis
    119/184 Test #158: testUsdImportNurbsCurves ........................   Passed    4.82 sec
            Start 174: testUsdImportUVSetMappings
    120/184 Test #159: testUsdImportBatchBezierCurves ..................   Passed    4.73 sec
            Start 175: testUsdImportUSDZTextures
    121/184 Test #148: testUsdExportSkeleton ...........................   Passed    5.56 sec
            Start 176: testUsdExportImportRoundtripPreviewSurface
    122/184 Test #161: testUsdImportDisplacement .......................***Failed    4.99 sec
    QStandardPaths: XDG_RUNTIME_DIR not set, defaulting to '/var/tmp/runtime-administrator'
    This plugin does not support createPlatformOpenGLContext!
    MAYA_DEBUG_NO_SAVE_ON_CRASH is set.
    File read in  0.51 seconds.
    E
    ======================================================================
    ERROR: testDisplacement (testUsdImportDisplacement.testUsdImportDisplacement)
    Tests that a UsdPreviewSurface file with displacement imports correctly.
    ----------------------------------------------------------------------
    Traceback (most recent call last):
      File "/home/S/jenkins/workspace/ecg-mayausd-branch-preflight-2022-python3-linux/ecg-maya-usd/maya-usd/test/lib/usd/translators/testUsdImportDisplacement.py", line 57, in testDisplacement
        sgs = cmds.listConnections("pPlane16Shape", type="shadingEngine")
    ValueError: No object matches name: pPlane16Shape
    
    ----------------------------------------------------------------------
    Ran 1 test in 0.911s
    
    FAILED (errors=1)
    
            Start 177: testUsdExportImportUDIM
    123/184 Test #162: testUsdImportExportScope ........................   Passed    4.66 sec
            Start 178: testUsdImportSkeleton
    124/184 Test #163: testUsdImportExportTypelessDefs .................   Passed    4.61 sec
            Start 179: testUsdImportXforms
    125/184 Test #164: testUsdImportFrameRange .........................   Passed    4.57 sec
            Start 180: testUsdImportXformAnim
    126/184 Test #165: testUsdImportFramerates .........................   Passed    4.46 sec
            Start 181: testUsdMayaAdaptor
    127/184 Test #166: testUsdImportInstances ..........................   Passed    4.71 sec
            Start 182: testUsdMayaAdaptorGeom
    128/184 Test #169: testUsdImportMesh ...............................   Passed    4.50 sec
            Start 183: testUsdMayaAdaptorMetadata
    129/184 Test #167: testUsdImportLight ..............................   Passed    4.64 sec
            Start 184: testUsdMayaAdaptorUndoRedo
    130/184 Test #170: testUsdImportPreviewSurface .....................***Failed    4.59 sec
    QStandardPaths: XDG_RUNTIME_DIR not set, defaulting to '/var/tmp/runtime-administrator'
    This plugin does not support createPlatformOpenGLContext!
    MAYA_DEBUG_NO_SAVE_ON_CRASH is set.
    File read in  0.11 seconds.
    EFile read in  0.0078 seconds.
    E
    ======================================================================
    ERROR: testImportReferenceWithRelativeFilePath (testUsdImportPreviewSurface.testUsdImportPreviewSurface)
    Tests that a nested file node with a reference file path resolves
    ----------------------------------------------------------------------
    Traceback (most recent call last):
      File "/home/S/jenkins/workspace/ecg-mayausd-branch-preflight-2022-python3-linux/ecg-maya-usd/maya-usd/test/lib/usd/translators/testUsdImportPreviewSurface.py", line 74, in testImportReferenceWithRelativeFilePath
        filename = cmds.getAttr("%s.fileTextureName" % node_name)
    ValueError: No object matches name: nestedFile.fileTextureName
    
    ======================================================================
    ERROR: testImportUSDZWithUnresolvableRelativeFilePath (testUsdImportPreviewSurface.testUsdImportPreviewSurface)
    Tests that a USDZ texture path does not resolve as
    ----------------------------------------------------------------------
    Traceback (most recent call last):
      File "/home/S/jenkins/workspace/ecg-mayausd-branch-preflight-2022-python3-linux/ecg-maya-usd/maya-usd/test/lib/usd/translators/testUsdImportPreviewSurface.py", line 109, in testImportUSDZWithUnresolvableRelativeFilePath
        filename = cmds.getAttr("file1.fileTextureName")
    ValueError: No object matches name: file1.fileTextureName
    
    ----------------------------------------------------------------------
    Ran 2 tests in 0.602s
    
    FAILED (errors=2)
    
            Start 185: testUsdExportUVTransforms
    131/184 Test #171: testUsdImportSessionLayer .......................   Passed    4.55 sec
            Start 186: testUsdExportUsdzPackage
    132/184 Test #173: testUsdImportShadingModePxrRis ..................   Passed    4.45 sec
            Start 187: testUsdExportRfMShaders
    133/184 Test #168: testUsdImportMayaReference ......................   Passed    4.85 sec
            Start 188: testUsdImportRfMShaders
    134/184 Test #172: testUsdImportShadingModeDisplayColor ............   Passed    4.54 sec
            Start 189: testUsdExportUVSets
    135/184 Test #174: testUsdImportUVSetMappings ......................***Failed    4.58 sec
    QStandardPaths: XDG_RUNTIME_DIR not set, defaulting to '/var/tmp/runtime-administrator'
    This plugin does not support createPlatformOpenGLContext!
    MAYA_DEBUG_NO_SAVE_ON_CRASH is set.
    File read in  0.13 seconds.
    F
    ======================================================================
    FAIL: testImportUVSetMappings (testUsdImportUVSetMappings.testUsdImportUVSetMappings)
    Tests that importing complex UV set mappings work:
    ----------------------------------------------------------------------
    Traceback (most recent call last):
      File "/home/S/jenkins/workspace/ecg-mayausd-branch-preflight-2022-python3-linux/ecg-maya-usd/maya-usd/test/lib/usd/translators/testUsdImportUVSetMappings.py", line 66, in testImportUVSetMappings
        self.assertEqual(set(cmds.ls(type="shadingEngine")), expected_sg)
    AssertionError: Items in the first set but not the second:
    'Test:blinn2SG'
    'Test:blinn4SG_uvSet2'
    'Test:blinn3SG'
    'Test:blinn3SG_uvSet1'
    'Test:blinn4SG'
    'Test:blinn1SG'
    Items in the second set but not the first:
    'blinn3SG'
    'blinn4SG_uvSet2'
    'blinn1SG'
    'blinn2SG'
    'blinn4SG'
    'blinn3SG_uvSet1'
    
    ----------------------------------------------------------------------
    Ran 1 test in 0.389s
    
    FAILED (failures=1)
    
            Start 190: testUsdExportUVSetsFloat
    136/184 Test #175: testUsdImportUSDZTextures .......................   Passed    4.82 sec
            Start 191: testUsdExportUVSetMappings
    137/184 Test #176: testUsdExportImportRoundtripPreviewSurface ......***Failed    5.10 sec
    QStandardPaths: XDG_RUNTIME_DIR not set, defaulting to '/var/tmp/runtime-administrator'
    This plugin does not support createPlatformOpenGLContext!
    MAYA_DEBUG_NO_SAVE_ON_CRASH is set.
    Opening layer '/home/S/jenkins/workspace/ecg-mayausd-branch-preflight-2022-python3-linux/build/RelWithDebInfo/test/lib/usd/translators/testUsdExportImportRoundtripPreviewSurfaceOutput/DisplayColorRoundtripTest.usda' for writing
    Saving stage
    File read in  0.013 seconds.
    EWarning: This file is from an older version of Maya.  If saved, it will not be readable by previous versions.
    File read in  0.15 seconds.
    Viewport 2.0 floating point render target is turned off.
    Viewport 2.0 floating point render target is turned on for color management.
    Opening layer '/home/S/jenkins/workspace/ecg-mayausd-branch-preflight-2022-python3-linux/build/RelWithDebInfo/test/lib/usd/translators/testUsdExportImportRoundtripPreviewSurfaceOutput/OpacityRoundtripTest.usda' for writing
    Warning: Arbitrarily connecting the red channel of ../../../../../../../ecg-maya-usd/maya-usd/test/lib/usd/translators/textures/RGB.png on file3 might result in unexpected opacity results. Try a monochrome texture, a texture with an alpha channel, or explicit connections.
    Saving stage
    File read in  0.03 seconds.
    EOpening layer '/home/S/jenkins/workspace/ecg-mayausd-branch-preflight-2022-python3-linux/build/RelWithDebInfo/test/lib/usd/translators/testUsdExportImportRoundtripPreviewSurfaceOutput/bobRoundtripTest.usda' for writing
    Saving stage
    File read in  0.0066 seconds.
    EOpening layer '/home/S/jenkins/workspace/ecg-mayausd-branch-preflight-2022-python3-linux/build/RelWithDebInfo/test/lib/usd/translators/testUsdExportImportRoundtripPreviewSurfaceOutput/MinimalUVReader.usda' for writing
    Saving stage
    .sOpening layer '/home/S/jenkins/workspace/ecg-mayausd-branch-preflight-2022-python3-linux/build/RelWithDebInfo/test/lib/usd/translators/testUsdExportImportRoundtripPreviewSurfaceOutput/UsdPreviewSurfaceRoundtripTest_UsdPreviewSurface_Metallic.usda' for writing
    Saving stage
    File read in  0.0079 seconds.
    EOpening layer '/home/S/jenkins/workspace/ecg-mayausd-branch-preflight-2022-python3-linux/build/RelWithDebInfo/test/lib/usd/translators/testUsdExportImportRoundtripPreviewSurfaceOutput/UsdPreviewSurfaceRoundtripTest_UsdPreviewSurface_Specular.usda' for writing
    Saving stage
    File read in  0.0076 seconds.
    E
    ======================================================================
    ERROR: testDisplayColorLossyRoundtrip (testUsdExportImportRoundtripPreviewSurface.testUsdExportImportRoundtripPreviewSurface)
    Test that shading group names created for display color import are in
    ----------------------------------------------------------------------
    Traceback (most recent call last):
      File "/home/S/jenkins/workspace/ecg-mayausd-branch-preflight-2022-python3-linux/ecg-maya-usd/maya-usd/test/lib/usd/translators/testUsdExportImportRoundtripPreviewSurface.py", line 358, in testDisplayColorLossyRoundtrip
        cmds.connectionInfo(final_surf+".outColor", dfs=True),
    ValueError: No object matches name: blinn.outColor
    
    ======================================================================
    ERROR: testOpacityRoundtrip (testUsdExportImportRoundtripPreviewSurface.testUsdExportImportRoundtripPreviewSurface)
    Test that opacity roundtrips as expected.
    ----------------------------------------------------------------------
    Traceback (most recent call last):
      File "/home/S/jenkins/workspace/ecg-mayausd-branch-preflight-2022-python3-linux/ecg-maya-usd/maya-usd/test/lib/usd/translators/testUsdExportImportRoundtripPreviewSurface.py", line 524, in testOpacityRoundtrip
        d=False, c=True, p=True)
    ValueError: No object matches name: standardSurface2
    
    ======================================================================
    ERROR: testShadingRoundtrip (testUsdExportImportRoundtripPreviewSurface.testUsdExportImportRoundtripPreviewSurface)
    Test that shading group and surface node names will survive a roundtrip
    ----------------------------------------------------------------------
    Traceback (most recent call last):
      File "/home/S/jenkins/workspace/ecg-mayausd-branch-preflight-2022-python3-linux/ecg-maya-usd/maya-usd/test/lib/usd/translators/testUsdExportImportRoundtripPreviewSurface.py", line 297, in testShadingRoundtrip
        self.assertTrue(cmds.sets("pSphere1Shape", isMember=final_sg))
    TypeError: No object matches name: bobSG
    
    ======================================================================
    ERROR: testUsdPreviewSurfaceRoundtripMetallic (testUsdExportImportRoundtripPreviewSurface.testUsdExportImportRoundtripPreviewSurface)
    ----------------------------------------------------------------------
    Traceback (most recent call last):
      File "/home/S/jenkins/workspace/ecg-mayausd-branch-preflight-2022-python3-linux/ecg-maya-usd/maya-usd/test/lib/usd/translators/testUsdExportImportRoundtripPreviewSurface.py", line 64, in testUsdPreviewSurfaceRoundtripMetallic
        self.__testUsdPreviewSurfaceRoundtrip(metallic=True)
      File "/home/S/jenkins/workspace/ecg-mayausd-branch-preflight-2022-python3-linux/ecg-maya-usd/maya-usd/test/lib/usd/translators/testUsdExportImportRoundtripPreviewSurface.py", line 156, in __testUsdPreviewSurfaceRoundtrip
        isMember=material_sg))
    TypeError: No object matches name: usdPreviewSurface42SG
    
    ======================================================================
    ERROR: testUsdPreviewSurfaceRoundtripSpecular (testUsdExportImportRoundtripPreviewSurface.testUsdExportImportRoundtripPreviewSurface)
    ----------------------------------------------------------------------
    Traceback (most recent call last):
      File "/home/S/jenkins/workspace/ecg-mayausd-branch-preflight-2022-python3-linux/ecg-maya-usd/maya-usd/test/lib/usd/translators/testUsdExportImportRoundtripPreviewSurface.py", line 61, in testUsdPreviewSurfaceRoundtripSpecular
        self.__testUsdPreviewSurfaceRoundtrip(metallic=False)
      File "/home/S/jenkins/workspace/ecg-mayausd-branch-preflight-2022-python3-linux/ecg-maya-usd/maya-usd/test/lib/usd/translators/testUsdExportImportRoundtripPreviewSurface.py", line 156, in __testUsdPreviewSurfaceRoundtrip
        isMember=material_sg))
    TypeError: No object matches name: usdPreviewSurface42SG
    
    ----------------------------------------------------------------------
    Ran 7 tests in 0.908s
    
    FAILED (errors=5, skipped=1)
    
            Start 192: testUsdImportUVSets
    138/184 Test #177: testUsdExportImportUDIM .........................   Passed    5.28 sec
            Start 193: testUsdImportUVSetsFloat
    139/184 Test #178: testUsdImportSkeleton ...........................   Passed    4.37 sec
            Start 194: testUsdImportChaser
    140/184 Test #180: testUsdImportXformAnim ..........................   Passed    4.52 sec
            Start 195: testUsdExportCustomConverter-Maya
    141/184 Test #181: testUsdMayaAdaptor ..............................   Passed    4.57 sec
            Start 196: testUsdExportCustomConverter-USD
    142/184 Test #182: testUsdMayaAdaptorGeom ..........................   Passed    4.49 sec
            Start 197: testUsdImportCustomConverter-Maya
    143/184 Test #183: testUsdMayaAdaptorMetadata ......................   Passed    4.57 sec
            Start 198: testUsdImportCustomConverter-USD
    144/184 Test #188: testUsdImportRfMShaders .........................   Passed    4.47 sec
            Start 199: testUsdMayaListShadingModesCommand
    145/184 Test #184: testUsdMayaAdaptorUndoRedo ......................   Passed    4.86 sec
            Start 200: testUsdExportSchemaApi
    146/184 Test #185: testUsdExportUVTransforms .......................   Passed    4.83 sec
            Start 201: testUsdImportExportSiteSpecificConfig
    147/184 Test #189: testUsdExportUVSets .............................   Passed    4.73 sec
            Start 202: testUsdExportAssembly
    148/184 Test #187: testUsdExportRfMShaders .........................   Passed    4.90 sec
            Start 203: testUsdExportAssemblyEdits
    149/184 Test #190: testUsdExportUVSetsFloat ........................   Passed    4.68 sec
            Start 204: testUsdExportPackage
    150/184 Test #186: testUsdExportUsdzPackage ........................   Passed    5.01 sec
            Start 205: testUsdExportPointInstancer
    151/184 Test #191: testUsdExportUVSetMappings ......................***Failed    4.57 sec
    QStandardPaths: XDG_RUNTIME_DIR not set, defaulting to '/var/tmp/runtime-administrator'
    This plugin does not support createPlatformOpenGLContext!
    MAYA_DEBUG_NO_SAVE_ON_CRASH is set.
    Warning: This file is from an older version of Maya.  If saved, it will not be readable by previous versions.
    File read in  0.15 seconds.
    Viewport 2.0 floating point render target is turned off.
    Viewport 2.0 floating point render target is turned on for color management.
    Opening layer '/home/S/jenkins/workspace/ecg-mayausd-branch-preflight-2022-python3-linux/build/RelWithDebInfo/test/lib/usd/translators/testUsdExportUVSetMappingsOutput/UsdExportUVSetMappingsTest.usda' for writing
    Saving stage
    File read in  0.04 seconds.
    E.
    ======================================================================
    ERROR: testExportUVSetMappings (testUsdExportUVSetMappings.testUsdExportUVSetMappings)
    Tests that exporting multiple Maya planes with varying UV mappings
    ----------------------------------------------------------------------
    Traceback (most recent call last):
      File "/home/S/jenkins/workspace/ecg-mayausd-branch-preflight-2022-python3-linux/ecg-maya-usd/maya-usd/test/lib/usd/translators/testUsdExportUVSetMappings.py", line 136, in testExportUVSetMappings
        selectionList.add(mesh_name)
    RuntimeError: (kInvalidParameter): Object does not exist
    
    ----------------------------------------------------------------------
    Ran 2 tests in 0.408s
    
    FAILED (errors=1)
    
            Start 206: testUsdImportAsAssemblies
    152/184 Test #192: testUsdImportUVSets .............................   Passed    4.43 sec
            Start 207: testUsdImportNestedAssemblyAnimation
    153/184 Test #193: testUsdImportUVSetsFloat ........................   Passed    4.45 sec
            Start 208: testUsdMayaGetVariantSetSelections
    154/184 Test #194: testUsdImportChaser .............................   Passed    4.65 sec
            Start 209: testUsdMayaModelKindProcessor
    155/184 Test #195: testUsdExportCustomConverter-Maya ...............   Passed    4.72 sec
            Start 210: testUsdMayaReferenceAssemblyEdits
    156/184 Test #199: testUsdMayaListShadingModesCommand ..............   Passed    4.32 sec
            Start 211: testUsdReferenceAssemblyChangeRepresentations
    157/184 Test #197: testUsdImportCustomConverter-Maya ...............***Failed    4.69 sec
    QStandardPaths: XDG_RUNTIME_DIR not set, defaulting to '/var/tmp/runtime-administrator'
    This plugin does not support createPlatformOpenGLContext!
    MAYA_DEBUG_NO_SAVE_ON_CRASH is set.
    File read in  0.22 seconds.
    EFile read in  0.012 seconds.
    EFile read in  0.011 seconds.
    EImporting '/home/S/jenkins/workspace/ecg-mayausd-branch-preflight-2022-python3-linux/ecg-maya-usd/maya-usd/test/lib/usd/translators/UsdImportCustomConverterTest/UsdImportCustomConverterTest.usda'
    .Importing '/home/S/jenkins/workspace/ecg-mayausd-branch-preflight-2022-python3-linux/ecg-maya-usd/maya-usd/test/lib/usd/translators/UsdImportCustomConverterTest/UsdImportCustomConverterTest.usda'
    .Importing '/home/S/jenkins/workspace/ecg-mayausd-branch-preflight-2022-python3-linux/ecg-maya-usd/maya-usd/test/lib/usd/translators/UsdImportCustomConverterTest/UsdImportCustomConverterTest.usda'
    .
    ======================================================================
    ERROR: testAsMayaDoesItNoConversion (testUsdImportCustomConverter.testUsdImportCustomConverter)
    Tests using the full importer list to make sure we get the expected
    ----------------------------------------------------------------------
    Traceback (most recent call last):
      File "/home/S/jenkins/workspace/ecg-mayausd-branch-preflight-2022-python3-linux/build/RelWithDebInfo/test/lib/usd/translators/testUsdImportCustomConverter.py", line 160, in testAsMayaDoesItNoConversion
        self.checkMaterials(expected)
      File "/home/S/jenkins/workspace/ecg-mayausd-branch-preflight-2022-python3-linux/build/RelWithDebInfo/test/lib/usd/translators/testUsdImportCustomConverter.py", line 63, in checkMaterials
        sgs = cmds.listConnections(cube_name, type="shadingEngine")
    ValueError: No object matches name: pCube1Shape
    
    ======================================================================
    ERROR: testAsMayaDoesItWithConversion (testUsdImportCustomConverter.testUsdImportCustomConverter)
    Tests using the full importer list to make sure we get the expected
    ----------------------------------------------------------------------
    Traceback (most recent call last):
      File "/home/S/jenkins/workspace/ecg-mayausd-branch-preflight-2022-python3-linux/build/RelWithDebInfo/test/lib/usd/translators/testUsdImportCustomConverter.py", line 185, in testAsMayaDoesItWithConversion
        self.checkMaterials(expected)
      File "/home/S/jenkins/workspace/ecg-mayausd-branch-preflight-2022-python3-linux/build/RelWithDebInfo/test/lib/usd/translators/testUsdImportCustomConverter.py", line 63, in checkMaterials
        sgs = cmds.listConnections(cube_name, type="shadingEngine")
    ValueError: No object matches name: pCube1Shape
    
    ======================================================================
    ERROR: testFileCommand (testUsdImportCustomConverter.testUsdImportCustomConverter)
    Tests a custom exporter for a conversion that exists in an unloaded
    ----------------------------------------------------------------------
    Traceback (most recent call last):
      File "/home/S/jenkins/workspace/ecg-mayausd-branch-preflight-2022-python3-linux/build/RelWithDebInfo/test/lib/usd/translators/testUsdImportCustomConverter.py", line 136, in testFileCommand
        self.checkMaterials(expected)
      File "/home/S/jenkins/workspace/ecg-mayausd-branch-preflight-2022-python3-linux/build/RelWithDebInfo/test/lib/usd/translators/testUsdImportCustomConverter.py", line 63, in checkMaterials
        sgs = cmds.listConnections(cube_name, type="shadingEngine")
    ValueError: No object matches name: pCube1Shape
    
    ----------------------------------------------------------------------
    Ran 6 tests in 0.840s
    
    FAILED (errors=3)
    
            Start 212: testPxrUsdAlembicChaser
    158/184 Test #196: testUsdExportCustomConverter-USD ................   Passed    5.03 sec
            Start 213: AL_MayaUtilsTests
    159/184 Test #198: testUsdImportCustomConverter-USD ................***Failed    4.70 sec
    QStandardPaths: XDG_RUNTIME_DIR not set, defaulting to '/var/tmp/runtime-administrator'
    This plugin does not support createPlatformOpenGLContext!
    MAYA_DEBUG_NO_SAVE_ON_CRASH is set.
    File read in  0.17 seconds.
    EFile read in  0.012 seconds.
    EFile read in  0.014 seconds.
    EImporting '/home/S/jenkins/workspace/ecg-mayausd-branch-preflight-2022-python3-linux/ecg-maya-usd/maya-usd/test/lib/usd/translators/UsdImportCustomConverterTest/UsdImportCustomConverterTest.usda'
    .Importing '/home/S/jenkins/workspace/ecg-mayausd-branch-preflight-2022-python3-linux/ecg-maya-usd/maya-usd/test/lib/usd/translators/UsdImportCustomConverterTest/UsdImportCustomConverterTest.usda'
    .Importing '/home/S/jenkins/workspace/ecg-mayausd-branch-preflight-2022-python3-linux/ecg-maya-usd/maya-usd/test/lib/usd/translators/UsdImportCustomConverterTest/UsdImportCustomConverterTest.usda'
    .
    ======================================================================
    ERROR: testAsMayaDoesItNoConversion (testUsdImportCustomConverter.testUsdImportCustomConverter)
    Tests using the full importer list to make sure we get the expected
    ----------------------------------------------------------------------
    Traceback (most recent call last):
      File "/home/S/jenkins/workspace/ecg-mayausd-branch-preflight-2022-python3-linux/build/RelWithDebInfo/test/lib/usd/translators/testUsdImportCustomConverter.py", line 160, in testAsMayaDoesItNoConversion
        self.checkMaterials(expected)
      File "/home/S/jenkins/workspace/ecg-mayausd-branch-preflight-2022-python3-linux/build/RelWithDebInfo/test/lib/usd/translators/testUsdImportCustomConverter.py", line 63, in checkMaterials
        sgs = cmds.listConnections(cube_name, type="shadingEngine")
    ValueError: No object matches name: pCube1Shape
    
    ======================================================================
    ERROR: testAsMayaDoesItWithConversion (testUsdImportCustomConverter.testUsdImportCustomConverter)
    Tests using the full importer list to make sure we get the expected
    ----------------------------------------------------------------------
    Traceback (most recent call last):
      File "/home/S/jenkins/workspace/ecg-mayausd-branch-preflight-2022-python3-linux/build/RelWithDebInfo/test/lib/usd/translators/testUsdImportCustomConverter.py", line 185, in testAsMayaDoesItWithConversion
        self.checkMaterials(expected)
      File "/home/S/jenkins/workspace/ecg-mayausd-branch-preflight-2022-python3-linux/build/RelWithDebInfo/test/lib/usd/translators/testUsdImportCustomConverter.py", line 63, in checkMaterials
        sgs = cmds.listConnections(cube_name, type="shadingEngine")
    ValueError: No object matches name: pCube1Shape
    
    ======================================================================
    ERROR: testFileCommand (testUsdImportCustomConverter.testUsdImportCustomConverter)
    Tests a custom exporter for a conversion that exists in an unloaded
    ----------------------------------------------------------------------
    Traceback (most recent call last):
      File "/home/S/jenkins/workspace/ecg-mayausd-branch-preflight-2022-python3-linux/build/RelWithDebInfo/test/lib/usd/translators/testUsdImportCustomConverter.py", line 136, in testFileCommand
        self.checkMaterials(expected)
      File "/home/S/jenkins/workspace/ecg-mayausd-branch-preflight-2022-python3-linux/build/RelWithDebInfo/test/lib/usd/translators/testUsdImportCustomConverter.py", line 63, in checkMaterials
        sgs = cmds.listConnections(cube_name, type="shadingEngine")
    ValueError: No object matches name: pCube1Shape
    
    ----------------------------------------------------------------------
    Ran 6 tests in 0.743s
    
    FAILED (errors=3)
    
            Start 214: GTest:AL_USDTransactionTests
    160/184 Test #214: GTest:AL_USDTransactionTests ....................   Passed    0.22 sec
            Start 215: Python:AL_USDTransactionTests
    161/184 Test #201: testUsdImportExportSiteSpecificConfig ...........   Passed    4.47 sec
            Start 216: AL_USDMayaTestPlugin
    162/184 Test #200: testUsdExportSchemaApi ..........................   Passed    4.70 sec
            Start 217: TestALUSDMayaPython_ProxyShape
    163/184 Test #202: testUsdExportAssembly ...........................   Passed    4.71 sec
            Start 218: TestALUSDMayaPython_Translators
    164/184 Test #204: testUsdExportPackage ............................   Passed    4.73 sec
            Start 219: TestALUSDMayaPython_LayerManager
    165/184 Test #215: Python:AL_USDTransactionTests ...................   Passed    0.57 sec
            Start 220: TestALUSDMayaPython_ImportModule
    166/184 Test #206: testUsdImportAsAssemblies .......................   Passed    4.68 sec
            Start 221: testMayaSchemas
    167/184 Test #208: testUsdMayaGetVariantSetSelections ..............   Passed    3.50 sec
            Start 222: TestAdditionalTranslators
    168/184 Test #203: testUsdExportAssemblyEdits ......................   Passed    4.95 sec
            Start 223: TestPxrUsdTranslators
    169/184 Test #221: testMayaSchemas .................................   Passed    0.16 sec
    170/184 Test #207: testUsdImportNestedAssemblyAnimation ............   Passed    4.66 sec
    171/184 Test #220: TestALUSDMayaPython_ImportModule ................   Passed    1.88 sec
    172/184 Test #209: testUsdMayaModelKindProcessor ...................   Passed    4.65 sec
    173/184 Test #210: testUsdMayaReferenceAssemblyEdits ...............   Passed    3.63 sec
    174/184 Test #211: testUsdReferenceAssemblyChangeRepresentations ...   Passed    3.70 sec
    175/184 Test #213: AL_MayaUtilsTests ...............................   Passed    4.13 sec
    176/184 Test #212: testPxrUsdAlembicChaser .........................   Passed    4.73 sec
    177/184 Test #217: TestALUSDMayaPython_ProxyShape ..................   Passed    4.50 sec
    178/184 Test #218: TestALUSDMayaPython_Translators .................   Passed    4.47 sec
    179/184 Test #219: TestALUSDMayaPython_LayerManager ................   Passed    4.53 sec
    180/184 Test #223: TestPxrUsdTranslators ...........................   Passed    4.47 sec
    181/184 Test #222: TestAdditionalTranslators .......................   Passed    5.52 sec
    182/184 Test #205: testUsdExportPointInstancer .....................   Passed   15.66 sec
    183/184 Test #216: AL_USDMayaTestPlugin ............................   Passed   17.15 sec
    184/184 Test #179: testUsdImportXforms .............................   Passed   69.47 sec
    
    96% tests passed, 7 tests failed out of 183
    
    Label Time Summary:
    Debugging            =   0.00 sec*proc (1 test)
    MayaUsd              =  54.47 sec*proc (8 tests)
    fileio               =  36.79 sec*proc (8 tests)
    fileio_utils         =   8.86 sec*proc (2 tests)
    nodes                =  23.75 sec*proc (5 tests)
    translators          = 480.60 sec*proc (88 tests)
    ufe                  = 171.19 sec*proc (32 tests)
    undo                 =   4.62 sec*proc (1 test)
    usdPreviewSurface    =   8.82 sec*proc (2 tests)
    utils                =  13.72 sec*proc (3 tests)
    
    Total Test time (real) = 108.55 sec
    
    The following tests did not run:
    	  9 - _Interactive_Maya (Disabled)
    
    The following tests FAILED:
    	161 - testUsdImportDisplacement (Failed)
    	170 - testUsdImportPreviewSurface (Failed)
    	174 - testUsdImportUVSetMappings (Failed)
    	176 - testUsdExportImportRoundtripPreviewSurface (Failed)
    	191 - testUsdExportUVSetMappings (Failed)
    	197 - testUsdImportCustomConverter-Maya (Failed)
    	198 - testUsdImportCustomConverter-USD (Failed)
    Errors while running CTest
    
        Building with settings:
          Source directory          /home/S/jenkins/workspace/ecg-mayausd-branch-preflight-2022-python3-linux/ecg-maya-usd/maya-usd
          Workspace directory       /local/S/jenkins/workspace/ecg-mayausd-branch-preflight-2022-python3-linux
          Build directory           /local/S/jenkins/workspace/ecg-mayausd-branch-preflight-2022-python3-linux/build/RelWithDebInfo
          Install directory         /local/S/jenkins/workspace/ecg-mayausd-branch-preflight-2022-python3-linux/install/RelWithDebInfo/MayaUSD
          Variant                   RelWithDebInfo
          Python Debug              Off
          CMake generator           Ninja
          Build arguments           ['-DCMAKE_MAKE_PROGRAM=/local/S/jenkins/workspace/shared/Artifactory/Linux/ninja/1.9.0/aca9939/ninja', '-DPYTHON_INCLUDE_DIR=/local/S/jenkins/workspace/shared/Artifactory/Linux/rundev-2022/202204211415/runtime/d9026d4/runTime/include/Python37/Python', '-DPython_EXECUTABLE=/local/S/jenkins/workspace/shared/Artifactory/Linux/rundev-2022/202204211415/runtime/d9026d4/runTime/bin/mayapy', '-DPYTHON_LIBRARIES=/local/S/jenkins/workspace/shared/Artifactory/Linux/rundev-2022/202204211415/runtime/d9026d4/runTime/lib/libpython3.7m.so.1.0', '-DBUILD_WITH_PYTHON_3=ON', '-DUSD_LIB_PREFIX=lib', '-DCMAKE_WANT_MATERIALX_BUILD=ON', '-DCMAKE_PREFIX_PATH=/local/S/jenkins/workspace/shared/Artifactory/Linux/USD/d547a10']
          Stages arguments          ['test']
          CTest arguments           ['-E testUsdReferenceAssemblySelection|testUsdMayaAppDir', '-LE interactive', '--parallel 16']
    #####################################################################################
    log date: 2022-04-22 13:27
    commit sha: 146d86056d6232d688c40fe38bfa1122d1b46460
    commit date: Fri Apr 22 13:22:37 2022 -0700
    #####################################################################################
    
    cmake --build . --config RelWithDebInfo --target install -- -j16
    #####################################################################################
    log date: 2022-04-22 13:27
    commit sha: 146d86056d6232d688c40fe38bfa1122d1b46460
    commit date: Fri Apr 22 13:22:37 2022 -0700
    #####################################################################################
    
    ctest --output-on-failure --timeout 500 -C RelWithDebInfo -E testUsdReferenceAssemblySelection|testUsdMayaAppDir -LE interactive --parallel 16
    
    Traceback (most recent call last):
      File "/home/S/jenkins/workspace/ecg-mayausd-branch-preflight-2022-python3-linux/ecg-maya-usd/maya-usd/build.py", line 607, in <module>
        RunTests(context, context.ctestArgs)
      File "/home/S/jenkins/workspace/ecg-mayausd-branch-preflight-2022-python3-linux/ecg-maya-usd/maya-usd/build.py", line 390, in RunTests
        RunCTest(context,extraArgs)
      File "/home/S/jenkins/workspace/ecg-mayausd-branch-preflight-2022-python3-linux/ecg-maya-usd/maya-usd/build.py", line 301, in RunCTest
        extraArgs=(" ".join(extraArgs) if extraArgs else "")))
      File "/home/S/jenkins/workspace/ecg-mayausd-branch-preflight-2022-python3-linux/ecg-maya-usd/maya-usd/build.py", line 165, in Run
        .format(cmd=cmd, log=os.path.abspath(context.logFileLocation)))
    RuntimeError: Failed to run 'ctest --output-on-failure --timeout 500 -C RelWithDebInfo -E testUsdReferenceAssemblySelection|testUsdMayaAppDir -LE interactive --parallel 16 '
    See /local/S/jenkins/workspace/ecg-mayausd-branch-preflight-2022-python3-linux/build/RelWithDebInfo/build_log.txt for more details.
build.py: error: Command failed with error code: 1
[Pipeline] }
[Pipeline] // withEnv
[Pipeline] }
[Pipeline] // stage
[Pipeline] }
[Pipeline] // timestamps
[Pipeline] }
[Pipeline] // timeout
[Pipeline] emailextrecipients
[Pipeline] echo
No recipients to send notification.
[Pipeline] }
[Pipeline] // node
[Pipeline] End of Pipeline
ERROR: script returned exit code 1
Finished: FAILURE
