[2022-06-20T14:48:44.408Z] ================================================================================
[2022-06-20T14:48:44.408Z]                              setup (RelWithDebInfo)
[2022-06-20T14:48:44.408Z] ================================================================================
[Pipeline] bat
[2022-06-20T14:48:45.136Z] Deleting alias drive W:
[Pipeline] bat
[2022-06-20T14:48:46.001Z] Deleting alias drive P:
[Pipeline] }
[Pipeline] // withEnv
[Pipeline] }
[Pipeline] // timeout
[Pipeline] }
[Pipeline] // stage
[Pipeline] }
[Pipeline] // timestamps
[Pipeline] timestamps
[Pipeline] {
[Pipeline] stage
[Pipeline] { (Clean)
[Pipeline] timeout
[2022-06-20T14:48:47.848Z] Timeout set to expire in 6 hr 0 min
[Pipeline] {
[Pipeline] withEnv
[Pipeline] {
[Pipeline] bat
[2022-06-20T14:48:49.217Z] Creating alias drive P: to S:\jenkins\workspace
[Pipeline] bat
[2022-06-20T14:48:50.371Z] Creating alias drive W: to S:\jenkins\workspace\ECP\ecg-maya-usd\ecg-mayausd-branch-preflight-2020-windows
[Pipeline] bat
[2022-06-20T14:48:52.429Z] "C:\Program Files (x86)\Microsoft Visual Studio\2017\Professional\VC\Auxiliary\Build\vcvarsall.bat" x64
[2022-06-20T14:48:52.429Z] **********************************************************************
[2022-06-20T14:48:52.429Z] ** Visual Studio 2017 Developer Command Prompt v15.9.15
[2022-06-20T14:48:52.429Z] ** Copyright (c) 2017 Microsoft Corporation
[2022-06-20T14:48:52.429Z] **********************************************************************
[2022-06-20T14:48:53.715Z] [vcvarsall.bat] Environment initialized for: 'x64'
[2022-06-20T14:48:53.715Z] python ecg-maya-usd/build.py --stages=clean --workspace-dir=W:\ --artifactory-dir=P:\shared\Artifactory --build-dir=W:\build --install-dir=W:\install --signing-dir=W:\signing --package-dir=W:\package --output-dir=W:\output --stash-dir=W:\stash --jenkins-build=37 --git-commit=cac2a7af578730a5aa15a0a6736f60bddae180f5 --git-branch=master --variants=RelWithDebInfo --python=2.7 --post-zips=false --maya-cut-config=maya-rundev-2020.yaml --maya-package=rundev-2020 --stage-banner
[2022-06-20T14:48:54.874Z] Using Maya cut from P:\shared\Artifactory\Windows\rundev-2020\202107140359\runtime\5d64bf0
[2022-06-20T14:48:54.874Z] Using Maya ADSK Signatures from P:\shared\Artifactory\Windows\adsk-plugin-signatures-maya\2023\c1dbfce
[2022-06-20T14:48:54.874Z] Using Maya Security Library from P:\shared\Artifactory\Windows\maya-security-library\3.1.0\084709f
[2022-06-20T14:48:54.874Z] 
[2022-06-20T14:48:54.874Z] ================================================================================
[2022-06-20T14:48:54.874Z]                              clean (RelWithDebInfo)
[2022-06-20T14:48:54.874Z] ================================================================================
[2022-06-20T14:48:54.874Z] Maya Python RelWithDebInfo Info:
[2022-06-20T14:48:54.874Z]   mayapy executable   = P:\shared\Artifactory\Windows\rundev-2020\202107140359\runtime\5d64bf0\runTime\bin\mayapy.exe
[2022-06-20T14:48:54.874Z]   Include Folder      = P:\shared\Artifactory\Windows\rundev-2020\202107140359\runtime\5d64bf0\runTime\include\Python
[2022-06-20T14:48:54.874Z]   Library             = P:\shared\Artifactory\Windows\rundev-2020\202107140359\runtime\5d64bf0\runTime\lib\python27.lib
[2022-06-20T14:48:54.874Z]   site-package Folder = P:\shared\Artifactory\Windows\rundev-2020\202107140359\runtime\5d64bf0\runTime\Python\Lib\site-packages
[2022-06-20T14:48:55.664Z] In workdir: S:\jenkins\workspace\ECP\ecg-maya-usd\ecg-mayausd-branch-preflight-2020-windows\ecg-maya-usd\maya-usd
[2022-06-20T14:48:55.664Z] Executing: 'P:\\shared\\Artifactory\\Windows\\rundev-2020\\202107140359\\runtime\\5d64bf0\\runTime\\bin\\mayapy.exe' 'S:\\jenkins\\workspace\\ECP\\ecg-maya-usd\\ecg-mayausd-branch-preflight-2020-windows\\ecg-maya-usd\\maya-usd\\build.py' --generator Ninja --build-relwithdebug --maya-location 'P:\\shared\\Artifactory\\Windows\\rundev-2020\\202107140359\\runtime\\5d64bf0\\runTime' --devkit-location 'P:\\shared\\Artifactory\\Windows\\rundev-2020\\202107140359\\runtime\\5d64bf0\\devkitBase' --pxrusd-location 'P:\\shared\\Artifactory\\Windows\\USD\\c1313e5' --qt-location 'P:\\shared\\Artifactory\\Windows\\qt\\5.12.5\\4755980' '--build-args=-DCMAKE_MAKE_PROGRAM=P:/shared/Artifactory/Windows/ninja/1.9.0/c68f192/ninja.exe,-DPYTHON_INCLUDE_DIR=P:/shared/Artifactory/Windows/rundev-2020/202107140359/runtime/5d64bf0/runTime/include/Python,-DPython_EXECUTABLE=P:/shared/Artifactory/Windows/rundev-2020/202107140359/runtime/5d64bf0/runTime/bin/mayapy.exe,-DPYTHON_LIBRARIES=P:/shared/Artifactory/Windows/rundev-2020/202107140359/runtime/5d64bf0/runTime/lib/python27.lib,-DUSD_LIB_PREFIX=,-DCMAKE_WANT_MATERIALX_BUILD=ON,-DCMAKE_PREFIX_PATH=P:\\shared\\Artifactory\\Windows\\USD\\c1313e5' '--ctest-args=-E testUsdReferenceAssemblySelection|testUsdMayaAppDir,-LE interactive,--parallel 16' --stages=clean --redirect-outstream-file=False --install-location 'W:\\install\\RelWithDebInfo\\MayaUSD' 'W:\\'
[2022-06-20T14:48:55.664Z] Modified environment variables:
[2022-06-20T14:48:55.664Z]     PATH=P:\shared\Artifactory\Windows\cmake\3.20.3\afe857a\bin;C:\Python27\lib\site-packages\pywin32_system32;C:\Program Files (x86)\Microsoft Visual Studio\2017\Professional\VC\Tools\MSVC\14.16.27023\bin\HostX64\x64;C:\Program Files (x86)\Microsoft Visual Studio\2017\Professional\Common7\IDE\VC\VCPackages;C:\Program Files (x86)\Microsoft Visual Studio\2017\Professional\Common7\IDE\CommonExtensions\Microsoft\TestWindow;C:\Program Files (x86)\Microsoft Visual Studio\2017\Professional\Common7\IDE\CommonExtensions\Microsoft\TeamFoundation\Team Explorer;C:\Program Files (x86)\Microsoft Visual Studio\2017\Professional\MSBuild\15.0\bin\Roslyn;C:\Program Files (x86)\Microsoft Visual Studio\2017\Professional\Team Tools\Performance Tools\x64;C:\Program Files (x86)\Microsoft Visual Studio\2017\Professional\Team Tools\Performance Tools;C:\Program Files (x86)\Microsoft Visual Studio\Shared\Common\VSPerfCollectionTools\\x64;C:\Program Files (x86)\Microsoft Visual Studio\Shared\Common\VSPerfCollectionTools\;C:\Program Files (x86)\Microsoft SDKs\Windows\v10.0A\bin\NETFX 4.6.1 Tools\x64\;C:\Program Files (x86)\HTML Help Workshop;C:\Program Files (x86)\Windows Kits\10\bin\10.0.18362.0\x64;C:\Program Files (x86)\Windows Kits\10\bin\x64;C:\Program Files (x86)\Microsoft Visual Studio\2017\Professional\\MSBuild\15.0\bin;C:\WINDOWS\Microsoft.NET\Framework64\v4.0.30319;C:\Program Files (x86)\Microsoft Visual Studio\2017\Professional\Common7\IDE\;C:\Program Files (x86)\Microsoft Visual Studio\2017\Professional\Common7\Tools\;C:\Python27\;C:\Python27\Scripts;C:\WINDOWS\system32;C:\WINDOWS;C:\WINDOWS\System32\Wbem;C:\WINDOWS\System32\WindowsPowerShell\v1.0\;C:\WINDOWS\System32\OpenSSH\;C:\ProgramData\chocolatey\bin;C:\Program Files (x86)\WiX Toolset v3.7\bin;C:\Program Files\dotnet\;C:\Program Files (x86)\Windows Kits\10\bin\10.0.18362.0\x64;C:\Program Files\Zulu\zulu-11\bin\;C:\Program Files (x86)\Windows Kits\10\bin\10.0.17763.0\x64;C:\Program Files (x86)\Windows Kits\10\bin\x64;C:\Program Files\Git\cmd;C:\Program Files\Git\usr\bin;C:\Program Files\Git\mingw64\bin;C:\Program Files\Git\bin;C:\Python38\;C:\Python38\Scripts;C:\StoreBoxClientWindows;C:\Program Files\Electric Cloud\ElectricCommander\bin;C:\Program Files\WinRAR;C:\Program Files\7-Zip;C:\Users\Administrator\AppData\Local\Microsoft\WindowsApps;C:\Program Files (x86)\Microsoft Visual Studio\2017\Professional\Common7\IDE\CommonExtensions\Microsoft\CMake\CMake\bin;C:\Program Files (x86)\Microsoft Visual Studio\2017\Professional\Common7\IDE\CommonExtensions\Microsoft\CMake\Ninja
[2022-06-20T14:48:55.664Z]     
[2022-06-20T14:48:55.664Z]         Building with settings:
[2022-06-20T14:48:55.664Z]           Source directory          S:\jenkins\workspace\ECP\ecg-maya-usd\ecg-mayausd-branch-preflight-2020-windows\ecg-maya-usd\maya-usd
[2022-06-20T14:48:55.664Z]           Workspace directory       W:\
[2022-06-20T14:48:55.664Z]           Build directory           W:\build\RelWithDebInfo
[2022-06-20T14:48:55.664Z]           Install directory         W:\install\RelWithDebInfo\MayaUSD
[2022-06-20T14:48:55.664Z]           Variant                   RelWithDebInfo
[2022-06-20T14:48:55.664Z]           Python Debug              Off
[2022-06-20T14:48:55.664Z]           CMake generator           Ninja
[2022-06-20T14:48:55.664Z]           Build arguments           ['-DCMAKE_MAKE_PROGRAM=P:/shared/Artifactory/Windows/ninja/1.9.0/c68f192/ninja.exe', '-DPYTHON_INCLUDE_DIR=P:/shared/Artifactory/Windows/rundev-2020/202107140359/runtime/5d64bf0/runTime/include/Python', '-DPython_EXECUTABLE=P:/shared/Artifactory/Windows/rundev-2020/202107140359/runtime/5d64bf0/runTime/bin/mayapy.exe', '-DPYTHON_LIBRARIES=P:/shared/Artifactory/Windows/rundev-2020/202107140359/runtime/5d64bf0/runTime/lib/python27.lib', '-DUSD_LIB_PREFIX=', '-DCMAKE_WANT_MATERIALX_BUILD=ON', '-DCMAKE_PREFIX_PATH=P:\\shared\\Artifactory\\Windows\\USD\\c1313e5']
[2022-06-20T14:48:55.664Z]           Stages arguments          ['clean']
[2022-06-20T14:48:55.664Z]           CTest arguments           ['-E testUsdReferenceAssemblySelection|testUsdMayaAppDir', '-LE interactive', '--parallel 16']
[2022-06-20T14:48:55.664Z]     Success MayaUSD build and install !!!!
[2022-06-20T14:48:55.664Z]     Elapsed time: 00:00:00
[Pipeline] bat
[2022-06-20T14:48:57.337Z] Deleting alias drive W:
[Pipeline] bat
[2022-06-20T14:48:58.270Z] Deleting alias drive P:
[Pipeline] }
[Pipeline] // withEnv
[Pipeline] }
[Pipeline] // timeout
[Pipeline] }
[Pipeline] // stage
[Pipeline] }
[Pipeline] // timestamps
[Pipeline] timestamps
[Pipeline] {
[Pipeline] stage
[Pipeline] { (Configure)
[Pipeline] timeout
[2022-06-20T14:48:59.743Z] Timeout set to expire in 6 hr 0 min
[Pipeline] {
[Pipeline] withEnv
[Pipeline] {
[Pipeline] bat
[2022-06-20T14:49:00.968Z] Creating alias drive P: to S:\jenkins\workspace
[Pipeline] bat
[2022-06-20T14:49:01.986Z] Creating alias drive W: to S:\jenkins\workspace\ECP\ecg-maya-usd\ecg-mayausd-branch-preflight-2020-windows
[Pipeline] bat
[2022-06-20T14:49:03.559Z] "C:\Program Files (x86)\Microsoft Visual Studio\2017\Professional\VC\Auxiliary\Build\vcvarsall.bat" x64
[2022-06-20T14:49:03.559Z] **********************************************************************
[2022-06-20T14:49:03.559Z] ** Visual Studio 2017 Developer Command Prompt v15.9.15
[2022-06-20T14:49:03.559Z] ** Copyright (c) 2017 Microsoft Corporation
[2022-06-20T14:49:03.559Z] **********************************************************************
[2022-06-20T14:49:04.791Z] [vcvarsall.bat] Environment initialized for: 'x64'
[2022-06-20T14:49:04.791Z] python ecg-maya-usd/build.py --stages=configure --workspace-dir=W:\ --artifactory-dir=P:\shared\Artifactory --build-dir=W:\build --install-dir=W:\install --signing-dir=W:\signing --package-dir=W:\package --output-dir=W:\output --stash-dir=W:\stash --jenkins-build=37 --git-commit=cac2a7af578730a5aa15a0a6736f60bddae180f5 --git-branch=master --variants=RelWithDebInfo --python=2.7 --post-zips=false --maya-cut-config=maya-rundev-2020.yaml --maya-package=rundev-2020 --stage-banner
[2022-06-20T14:49:05.622Z] Using Maya cut from P:\shared\Artifactory\Windows\rundev-2020\202107140359\runtime\5d64bf0
[2022-06-20T14:49:05.622Z] Using Maya ADSK Signatures from P:\shared\Artifactory\Windows\adsk-plugin-signatures-maya\2023\c1dbfce
[2022-06-20T14:49:05.622Z] Using Maya Security Library from P:\shared\Artifactory\Windows\maya-security-library\3.1.0\084709f
[2022-06-20T14:49:05.986Z] 
[2022-06-20T14:49:05.986Z] ================================================================================
[2022-06-20T14:49:05.986Z]                            configure (RelWithDebInfo)
[2022-06-20T14:49:05.986Z] ================================================================================
[2022-06-20T14:49:05.986Z] Maya Python RelWithDebInfo Info:
[2022-06-20T14:49:05.986Z]   mayapy executable   = P:\shared\Artifactory\Windows\rundev-2020\202107140359\runtime\5d64bf0\runTime\bin\mayapy.exe
[2022-06-20T14:49:05.986Z]   Include Folder      = P:\shared\Artifactory\Windows\rundev-2020\202107140359\runtime\5d64bf0\runTime\include\Python
[2022-06-20T14:49:05.986Z]   Library             = P:\shared\Artifactory\Windows\rundev-2020\202107140359\runtime\5d64bf0\runTime\lib\python27.lib
[2022-06-20T14:49:05.986Z]   site-package Folder = P:\shared\Artifactory\Windows\rundev-2020\202107140359\runtime\5d64bf0\runTime\Python\Lib\site-packages
[2022-06-20T14:49:06.881Z] In workdir: S:\jenkins\workspace\ECP\ecg-maya-usd\ecg-mayausd-branch-preflight-2020-windows\ecg-maya-usd\maya-usd
[2022-06-20T14:49:06.882Z] Executing: 'P:\\shared\\Artifactory\\Windows\\rundev-2020\\202107140359\\runtime\\5d64bf0\\runTime\\bin\\mayapy.exe' 'S:\\jenkins\\workspace\\ECP\\ecg-maya-usd\\ecg-mayausd-branch-preflight-2020-windows\\ecg-maya-usd\\maya-usd\\build.py' --generator Ninja --build-relwithdebug --maya-location 'P:\\shared\\Artifactory\\Windows\\rundev-2020\\202107140359\\runtime\\5d64bf0\\runTime' --devkit-location 'P:\\shared\\Artifactory\\Windows\\rundev-2020\\202107140359\\runtime\\5d64bf0\\devkitBase' --pxrusd-location 'P:\\shared\\Artifactory\\Windows\\USD\\c1313e5' --qt-location 'P:\\shared\\Artifactory\\Windows\\qt\\5.12.5\\4755980' '--build-args=-DCMAKE_MAKE_PROGRAM=P:/shared/Artifactory/Windows/ninja/1.9.0/c68f192/ninja.exe,-DPYTHON_INCLUDE_DIR=P:/shared/Artifactory/Windows/rundev-2020/202107140359/runtime/5d64bf0/runTime/include/Python,-DPython_EXECUTABLE=P:/shared/Artifactory/Windows/rundev-2020/202107140359/runtime/5d64bf0/runTime/bin/mayapy.exe,-DPYTHON_LIBRARIES=P:/shared/Artifactory/Windows/rundev-2020/202107140359/runtime/5d64bf0/runTime/lib/python27.lib,-DUSD_LIB_PREFIX=,-DCMAKE_WANT_MATERIALX_BUILD=ON,-DCMAKE_PREFIX_PATH=P:\\shared\\Artifactory\\Windows\\USD\\c1313e5' '--ctest-args=-E testUsdReferenceAssemblySelection|testUsdMayaAppDir,-LE interactive,--parallel 16' --stages=configure --redirect-outstream-file=False --install-location 'W:\\install\\RelWithDebInfo\\MayaUSD' 'W:\\'
[2022-06-20T14:49:06.882Z] Modified environment variables:
[2022-06-20T14:49:06.882Z]     PATH=P:\shared\Artifactory\Windows\cmake\3.20.3\afe857a\bin;C:\Python27\lib\site-packages\pywin32_system32;C:\Program Files (x86)\Microsoft Visual Studio\2017\Professional\VC\Tools\MSVC\14.16.27023\bin\HostX64\x64;C:\Program Files (x86)\Microsoft Visual Studio\2017\Professional\Common7\IDE\VC\VCPackages;C:\Program Files (x86)\Microsoft Visual Studio\2017\Professional\Common7\IDE\CommonExtensions\Microsoft\TestWindow;C:\Program Files (x86)\Microsoft Visual Studio\2017\Professional\Common7\IDE\CommonExtensions\Microsoft\TeamFoundation\Team Explorer;C:\Program Files (x86)\Microsoft Visual Studio\2017\Professional\MSBuild\15.0\bin\Roslyn;C:\Program Files (x86)\Microsoft Visual Studio\2017\Professional\Team Tools\Performance Tools\x64;C:\Program Files (x86)\Microsoft Visual Studio\2017\Professional\Team Tools\Performance Tools;C:\Program Files (x86)\Microsoft Visual Studio\Shared\Common\VSPerfCollectionTools\\x64;C:\Program Files (x86)\Microsoft Visual Studio\Shared\Common\VSPerfCollectionTools\;C:\Program Files (x86)\Microsoft SDKs\Windows\v10.0A\bin\NETFX 4.6.1 Tools\x64\;C:\Program Files (x86)\HTML Help Workshop;C:\Program Files (x86)\Windows Kits\10\bin\10.0.18362.0\x64;C:\Program Files (x86)\Windows Kits\10\bin\x64;C:\Program Files (x86)\Microsoft Visual Studio\2017\Professional\\MSBuild\15.0\bin;C:\WINDOWS\Microsoft.NET\Framework64\v4.0.30319;C:\Program Files (x86)\Microsoft Visual Studio\2017\Professional\Common7\IDE\;C:\Program Files (x86)\Microsoft Visual Studio\2017\Professional\Common7\Tools\;C:\Python27\;C:\Python27\Scripts;C:\WINDOWS\system32;C:\WINDOWS;C:\WINDOWS\System32\Wbem;C:\WINDOWS\System32\WindowsPowerShell\v1.0\;C:\WINDOWS\System32\OpenSSH\;C:\ProgramData\chocolatey\bin;C:\Program Files (x86)\WiX Toolset v3.7\bin;C:\Program Files\dotnet\;C:\Program Files (x86)\Windows Kits\10\bin\10.0.18362.0\x64;C:\Program Files\Zulu\zulu-11\bin\;C:\Program Files (x86)\Windows Kits\10\bin\10.0.17763.0\x64;C:\Program Files (x86)\Windows Kits\10\bin\x64;C:\Program Files\Git\cmd;C:\Program Files\Git\usr\bin;C:\Program Files\Git\mingw64\bin;C:\Program Files\Git\bin;C:\Python38\;C:\Python38\Scripts;C:\StoreBoxClientWindows;C:\Program Files\Electric Cloud\ElectricCommander\bin;C:\Program Files\WinRAR;C:\Program Files\7-Zip;C:\Users\Administrator\AppData\Local\Microsoft\WindowsApps;C:\Program Files (x86)\Microsoft Visual Studio\2017\Professional\Common7\IDE\CommonExtensions\Microsoft\CMake\CMake\bin;C:\Program Files (x86)\Microsoft Visual Studio\2017\Professional\Common7\IDE\CommonExtensions\Microsoft\CMake\Ninja
[2022-06-20T14:49:08.630Z]     -- The C compiler identification is MSVC 19.16.27032.1
[2022-06-20T14:49:08.630Z]     -- The CXX compiler identification is MSVC 19.16.27032.1
[2022-06-20T14:49:08.630Z]     -- Detecting C compiler ABI info
[2022-06-20T14:49:10.723Z]     -- Detecting C compiler ABI info - done
[2022-06-20T14:49:10.723Z]     -- Check for working C compiler: C:/Program Files (x86)/Microsoft Visual Studio/2017/Professional/VC/Tools/MSVC/14.16.27023/bin/Hostx64/x64/cl.exe - skipped
[2022-06-20T14:49:10.723Z]     -- Detecting C compile features
[2022-06-20T14:49:10.723Z]     -- Detecting C compile features - done
[2022-06-20T14:49:10.723Z]     -- Detecting CXX compiler ABI info
[2022-06-20T14:49:12.260Z]     -- Detecting CXX compiler ABI info - done
[2022-06-20T14:49:12.260Z]     -- Check for working CXX compiler: C:/Program Files (x86)/Microsoft Visual Studio/2017/Professional/VC/Tools/MSVC/14.16.27023/bin/Hostx64/x64/cl.exe - skipped
[2022-06-20T14:49:12.260Z]     -- Detecting CXX compile features
[2022-06-20T14:49:12.260Z]     -- Detecting CXX compile features - done
[2022-06-20T14:49:12.760Z]     -- Using Maya Light API Version 1
[2022-06-20T14:49:12.760Z]     -- Maya array iterator has difference_type trait
[2022-06-20T14:49:12.760Z]     -- Found Maya: P:/shared/Artifactory/Windows/rundev-2020/202107140359/runtime/5d64bf0/runTime/bin/maya.exe (found suitable version "2020", minimum required is "2018")
[2022-06-20T14:49:13.135Z]     -- Found Python: P:/shared/Artifactory/Windows/rundev-2020/202107140359/runtime/5d64bf0/runTime/bin/mayapy.exe (found suitable exact version "2.7.11") found components: Interpreter
[2022-06-20T14:49:13.135Z]     -- Build MayaUSD with Python3 = OFF
[2022-06-20T14:49:13.135Z]     --    PYTHON_INCLUDE_DIRS = P:/shared/Artifactory/Windows/rundev-2020/202107140359/runtime/5d64bf0/runTime/include/Python
[2022-06-20T14:49:13.135Z]     --    PYTHON_LIBRARIES    = P:/shared/Artifactory/Windows/rundev-2020/202107140359/runtime/5d64bf0/runTime/lib/python27.lib
[2022-06-20T14:49:13.135Z]     --    Python_EXECUTABLE   = P:/shared/Artifactory/Windows/rundev-2020/202107140359/runtime/5d64bf0/runTime/bin/mayapy.exe
[2022-06-20T14:49:13.520Z]     -- USD include dir: P:/shared/Artifactory/Windows/USD/c1313e5/include
[2022-06-20T14:49:13.520Z]     -- USD library dir: P:/shared/Artifactory/Windows/USD/c1313e5/lib
[2022-06-20T14:49:13.520Z]     -- USD version: 0.21.11
[2022-06-20T14:49:13.520Z]     -- USD Boost::boost version: 107000
[2022-06-20T14:49:13.520Z]     -- Found USD: P:/shared/Artifactory/Windows/USD/c1313e5 (found suitable version "0.21.11", minimum required is "0.20.05")
[2022-06-20T14:49:13.520Z]     Updated PYTHONPATH: P:\shared\Artifactory\Windows\USD\c1313e5\lib\python
[2022-06-20T14:49:13.520Z]     Updated PATH: P:\shared\Artifactory\Windows\rundev-2020\202107140359\runtime\5d64bf0\runTime\bin;P:\shared\Artifactory\Windows\cmake\3.20.3\afe857a\bin;C:\Python27\lib\site-packages\pywin32_system32;C:\Program Files (x86)\Microsoft Visual Studio\2017\Professional\VC\Tools\MSVC\14.16.27023\bin\HostX64\x64;C:\Program Files (x86)\Microsoft Visual Studio\2017\Professional\Common7\IDE\VC\VCPackages;C:\Program Files (x86)\Microsoft Visual Studio\2017\Professional\Common7\IDE\CommonExtensions\Microsoft\TestWindow;C:\Program Files (x86)\Microsoft Visual Studio\2017\Professional\Common7\IDE\CommonExtensions\Microsoft\TeamFoundation\Team Explorer;C:\Program Files (x86)\Microsoft Visual Studio\2017\Professional\MSBuild\15.0\bin\Roslyn;C:\Program Files (x86)\Microsoft Visual Studio\2017\Professional\Team Tools\Performance Tools\x64;C:\Program Files (x86)\Microsoft Visual Studio\2017\Professional\Team Tools\Performance Tools;C:\Program Files (x86)\Microsoft Visual Studio\Shared\Common\VSPerfCollectionTools\\x64;C:\Program Files (x86)\Microsoft Visual Studio\Shared\Common\VSPerfCollectionTools\;C:\Program Files (x86)\Microsoft SDKs\Windows\v10.0A\bin\NETFX 4.6.1 Tools\x64\;C:\Program Files (x86)\HTML Help Workshop;C:\Program Files (x86)\Windows Kits\10\bin\10.0.18362.0\x64;C:\Program Files (x86)\Windows Kits\10\bin\x64;C:\Program Files (x86)\Microsoft Visual Studio\2017\Professional\\MSBuild\15.0\bin;C:\WINDOWS\Microsoft.NET\Framework64\v4.0.30319;C:\Program Files (x86)\Microsoft Visual Studio\2017\Professional\Common7\IDE\;C:\Program Files (x86)\Microsoft Visual Studio\2017\Professional\Common7\Tools\;C:\Python27\;C:\Python27\Scripts;C:\WINDOWS\system32;C:\WINDOWS;C:\WINDOWS\System32\Wbem;C:\WINDOWS\System32\WindowsPowerShell\v1.0\;C:\WINDOWS\System32\OpenSSH\;C:\ProgramData\chocolatey\bin;C:\Program Files (x86)\WiX Toolset v3.7\bin;C:\Program Files\dotnet\;C:\Program Files (x86)\Windows Kits\10\bin\10.0.18362.0\x64;C:\Program Files\Zulu\zulu-11\bin\;C:\Program Files (x86)\Windows Kits\10\bin\10.0.17763.0\x64;C:\Program Files (x86)\Windows Kits\10\bin\x64;C:\Program Files\Git\cmd;C:\Program Files\Git\usr\bin;C:\Program Files\Git\mingw64\bin;C:\Program Files\Git\bin;C:\Python38\;C:\Python38\Scripts;C:\StoreBoxClientWindows;C:\Program Files\Electric Cloud\ElectricCommander\bin;C:\Program Files\WinRAR;C:\Program Files\7-Zip;C:\Users\Administrator\AppData\Local\Microsoft\WindowsApps;C:\Program Files (x86)\Microsoft Visual Studio\2017\Professional\Common7\IDE\CommonExtensions\Microsoft\CMake\CMake\bin;C:\Program Files (x86)\Microsoft Visual Studio\2017\Professional\Common7\IDE\CommonExtensions\Microsoft\CMake\Ninja;P:\shared\Artifactory\Windows\USD\c1313e5\bin;P:\shared\Artifactory\Windows\USD\c1313e5\lib
[2022-06-20T14:49:13.520Z]     -- UFE include dir: P:/shared/Artifactory/Windows/rundev-2020/202107140359/runtime/5d64bf0/devkitBase/devkit/ufe/include
[2022-06-20T14:49:13.520Z]     -- UFE library: P:/shared/Artifactory/Windows/rundev-2020/202107140359/runtime/5d64bf0/devkitBase/devkit/ufe/lib/ufe_1.lib
[2022-06-20T14:49:13.520Z]     -- UFE version: 1.0.0
[2022-06-20T14:49:13.520Z]     -- Building with UFE 1.0.0 features enabled.
[2022-06-20T14:49:13.520Z]     CMake Warning at CMakeLists.txt:150 (message):
[2022-06-20T14:49:13.520Z]       Disabling MaterialX VP2 rendering: it is not supported by this version of
[2022-06-20T14:49:13.520Z]       Maya.
[2022-06-20T14:49:13.520Z]     
[2022-06-20T14:49:13.520Z]     
[2022-06-20T14:49:13.877Z]     -- Found MaterialX
[2022-06-20T14:49:13.877Z]     -- Building with Qt features enabled.
[2022-06-20T14:49:13.877Z]     -- **** Building Gulrak From Github Repository.
[2022-06-20T14:49:13.877Z]     -- Populating gulrak
[2022-06-20T14:49:14.257Z]     -- Configuring done
[2022-06-20T14:49:14.257Z]     -- Generating done
[2022-06-20T14:49:14.257Z]     -- Build files have been written to: W:/build/RelWithDebInfo/_deps/gulrak-subbuild
[2022-06-20T14:49:14.630Z]     [1/9] Creating directories for 'gulrak-populate'
[2022-06-20T14:49:14.630Z]     [1/9] Performing download step (git clone) for 'gulrak-populate'
[2022-06-20T14:49:14.995Z]     Cloning into 'gulrak-src'...
[2022-06-20T14:49:17.725Z]     HEAD is now at 4e21ab3 Version bump and updated readme.
[2022-06-20T14:49:18.556Z]     [2/9] Performing update step for 'gulrak-populate'
[2022-06-20T14:49:18.920Z]     [4/9] No patch step for 'gulrak-populate'
[2022-06-20T14:49:18.920Z]     [5/9] No configure step for 'gulrak-populate'
[2022-06-20T14:49:18.920Z]     [6/9] No build step for 'gulrak-populate'
[2022-06-20T14:49:18.920Z]     [7/9] No install step for 'gulrak-populate'
[2022-06-20T14:49:19.287Z]     [8/9] No test step for 'gulrak-populate'
[2022-06-20T14:49:19.287Z]     [9/9] Completed 'gulrak-populate'
[2022-06-20T14:49:19.695Z]     -- ========== Installing GoogleTest... ==========
[2022-06-20T14:49:20.144Z]     -- Configuring done
[2022-06-20T14:49:20.144Z]     -- Generating done
[2022-06-20T14:49:20.144Z]     -- Build files have been written to: W:/build/RelWithDebInfo/googletest-config
[2022-06-20T14:49:20.517Z]     [1/8] Creating directories for 'googletest'
[2022-06-20T14:49:23.211Z]     [2/8] Performing download step (git clone) for 'googletest'
[2022-06-20T14:49:23.211Z]     Cloning into 'googletest-src'...
[2022-06-20T14:49:23.211Z]     HEAD is now at 703bd9ca Googletest export
[2022-06-20T14:49:23.654Z]     [3/8] Performing update step for 'googletest'
[2022-06-20T14:49:23.654Z]     [4/8] No patch step for 'googletest'
[2022-06-20T14:49:26.677Z]     [5/8] Performing configure step for 'googletest'
[2022-06-20T14:49:26.677Z]     CMake Deprecation Warning at CMakeLists.txt:4 (cmake_minimum_required):
[2022-06-20T14:49:26.677Z]       Compatibility with CMake < 2.8.12 will be removed from a future version of
[2022-06-20T14:49:26.677Z]       CMake.
[2022-06-20T14:49:26.677Z]     
[2022-06-20T14:49:26.677Z]       Update the VERSION argument <min> value or use a ...<max> suffix to tell
[2022-06-20T14:49:26.677Z]       CMake that the project does not need compatibility with older versions.
[2022-06-20T14:49:26.677Z]     
[2022-06-20T14:49:26.677Z]     
[2022-06-20T14:49:26.677Z]     -- The C compiler identification is MSVC 19.16.27032.1
[2022-06-20T14:49:26.677Z]     -- The CXX compiler identification is MSVC 19.16.27032.1
[2022-06-20T14:49:26.677Z]     -- Detecting C compiler ABI info
[2022-06-20T14:49:26.677Z]     -- Detecting C compiler ABI info - done
[2022-06-20T14:49:26.677Z]     -- Check for working C compiler: C:/Program Files (x86)/Microsoft Visual Studio/2017/Professional/VC/Tools/MSVC/14.16.27023/bin/Hostx64/x64/cl.exe - skipped
[2022-06-20T14:49:26.677Z]     -- Detecting C compile features
[2022-06-20T14:49:26.677Z]     -- Detecting C compile features - done
[2022-06-20T14:49:26.677Z]     -- Detecting CXX compiler ABI info
[2022-06-20T14:49:26.677Z]     -- Detecting CXX compiler ABI info - done
[2022-06-20T14:49:26.677Z]     -- Check for working CXX compiler: C:/Program Files (x86)/Microsoft Visual Studio/2017/Professional/VC/Tools/MSVC/14.16.27023/bin/Hostx64/x64/cl.exe - skipped
[2022-06-20T14:49:26.677Z]     -- Detecting CXX compile features
[2022-06-20T14:49:26.677Z]     -- Detecting CXX compile features - done
[2022-06-20T14:49:26.677Z]     CMake Deprecation Warning at googletest/CMakeLists.txt:56 (cmake_minimum_required):
[2022-06-20T14:49:26.677Z]       Compatibility with CMake < 2.8.12 will be removed from a future version of
[2022-06-20T14:49:26.677Z]       CMake.
[2022-06-20T14:49:26.677Z]     
[2022-06-20T14:49:26.677Z]       Update the VERSION argument <min> value or use a ...<max> suffix to tell
[2022-06-20T14:49:26.677Z]       CMake that the project does not need compatibility with older versions.
[2022-06-20T14:49:26.677Z]     
[2022-06-20T14:49:26.677Z]     
[2022-06-20T14:49:26.677Z]     -- Found PythonInterp: C:/Python27/python.exe
[2022-06-20T14:49:26.677Z]     -- Looking for pthread.h
[2022-06-20T14:49:26.677Z]     -- Looking for pthread.h - not found
[2022-06-20T14:49:26.677Z]     -- Found Threads: TRUE
[2022-06-20T14:49:26.677Z]     -- Configuring done
[2022-06-20T14:49:26.677Z]     -- Generating done
[2022-06-20T14:49:26.677Z]     -- Build files have been written to: W:/build/RelWithDebInfo/googletest-build
[2022-06-20T14:49:40.473Z]     [6/8] Performing build step for 'googletest'
[2022-06-20T14:49:40.473Z]     [1/4] Building CXX object googletest\CMakeFiles\gtest_main.dir\src\gtest_main.cc.obj
[2022-06-20T14:49:40.473Z]     [2/4] Building CXX object googletest\CMakeFiles\gtest.dir\src\gtest-all.cc.obj
[2022-06-20T14:49:40.473Z]     [3/4] Linking CXX shared library bin\gtest.dll
[2022-06-20T14:49:40.473Z]     [4/4] Linking CXX shared library bin\gtest_main.dll
[2022-06-20T14:49:42.313Z]     [7/8] Performing install step for 'googletest'
[2022-06-20T14:49:42.313Z]     [0/1] Install the project...
[2022-06-20T14:49:42.313Z]     -- Install configuration: "RelWithDebInfo"
[2022-06-20T14:49:42.313Z]     -- Installing: W:/build/RelWithDebInfo/googletest-install/lib/cmake/GTest/GTestTargets.cmake
[2022-06-20T14:49:42.313Z]     -- Installing: W:/build/RelWithDebInfo/googletest-install/lib/cmake/GTest/GTestTargets-relwithdebinfo.cmake
[2022-06-20T14:49:42.313Z]     -- Installing: W:/build/RelWithDebInfo/googletest-install/lib/cmake/GTest/GTestConfigVersion.cmake
[2022-06-20T14:49:42.313Z]     -- Installing: W:/build/RelWithDebInfo/googletest-install/lib/cmake/GTest/GTestConfig.cmake
[2022-06-20T14:49:42.313Z]     -- Installing: W:/build/RelWithDebInfo/googletest-install/include
[2022-06-20T14:49:42.313Z]     -- Installing: W:/build/RelWithDebInfo/googletest-install/include/gtest
[2022-06-20T14:49:42.313Z]     -- Installing: W:/build/RelWithDebInfo/googletest-install/include/gtest/gtest-death-test.h
[2022-06-20T14:49:42.313Z]     -- Installing: W:/build/RelWithDebInfo/googletest-install/include/gtest/gtest-matchers.h
[2022-06-20T14:49:42.313Z]     -- Installing: W:/build/RelWithDebInfo/googletest-install/include/gtest/gtest-message.h
[2022-06-20T14:49:42.313Z]     -- Installing: W:/build/RelWithDebInfo/googletest-install/include/gtest/gtest-param-test.h
[2022-06-20T14:49:42.313Z]     -- Installing: W:/build/RelWithDebInfo/googletest-install/include/gtest/gtest-printers.h
[2022-06-20T14:49:42.313Z]     -- Installing: W:/build/RelWithDebInfo/googletest-install/include/gtest/gtest-spi.h
[2022-06-20T14:49:42.313Z]     -- Installing: W:/build/RelWithDebInfo/googletest-install/include/gtest/gtest-test-part.h
[2022-06-20T14:49:42.313Z]     -- Installing: W:/build/RelWithDebInfo/googletest-install/include/gtest/gtest-typed-test.h
[2022-06-20T14:49:42.313Z]     -- Installing: W:/build/RelWithDebInfo/googletest-install/include/gtest/gtest.h
[2022-06-20T14:49:42.313Z]     -- Installing: W:/build/RelWithDebInfo/googletest-install/include/gtest/gtest_pred_impl.h
[2022-06-20T14:49:42.313Z]     -- Installing: W:/build/RelWithDebInfo/googletest-install/include/gtest/gtest_prod.h
[2022-06-20T14:49:42.313Z]     -- Installing: W:/build/RelWithDebInfo/googletest-install/include/gtest/internal
[2022-06-20T14:49:42.313Z]     -- Installing: W:/build/RelWithDebInfo/googletest-install/include/gtest/internal/custom
[2022-06-20T14:49:42.313Z]     -- Installing: W:/build/RelWithDebInfo/googletest-install/include/gtest/internal/custom/gtest-port.h
[2022-06-20T14:49:42.313Z]     -- Installing: W:/build/RelWithDebInfo/googletest-install/include/gtest/internal/custom/gtest-printers.h
[2022-06-20T14:49:42.313Z]     -- Installing: W:/build/RelWithDebInfo/googletest-install/include/gtest/internal/custom/gtest.h
[2022-06-20T14:49:42.313Z]     -- Installing: W:/build/RelWithDebInfo/googletest-install/include/gtest/internal/custom/README.md
[2022-06-20T14:49:42.313Z]     -- Installing: W:/build/RelWithDebInfo/googletest-install/include/gtest/internal/gtest-death-test-internal.h
[2022-06-20T14:49:42.313Z]     -- Installing: W:/build/RelWithDebInfo/googletest-install/include/gtest/internal/gtest-filepath.h
[2022-06-20T14:49:42.313Z]     -- Installing: W:/build/RelWithDebInfo/googletest-install/include/gtest/internal/gtest-internal.h
[2022-06-20T14:49:42.313Z]     -- Installing: W:/build/RelWithDebInfo/googletest-install/include/gtest/internal/gtest-param-util.h
[2022-06-20T14:49:42.313Z]     -- Installing: W:/build/RelWithDebInfo/googletest-install/include/gtest/internal/gtest-port-arch.h
[2022-06-20T14:49:42.313Z]     -- Installing: W:/build/RelWithDebInfo/googletest-install/include/gtest/internal/gtest-port.h
[2022-06-20T14:49:42.313Z]     -- Installing: W:/build/RelWithDebInfo/googletest-install/include/gtest/internal/gtest-string.h
[2022-06-20T14:49:42.313Z]     -- Installing: W:/build/RelWithDebInfo/googletest-install/include/gtest/internal/gtest-type-util.h
[2022-06-20T14:49:42.313Z]     -- Installing: W:/build/RelWithDebInfo/googletest-install/include/gtest/internal/gtest-type-util.h.pump
[2022-06-20T14:49:42.313Z]     -- Installing: W:/build/RelWithDebInfo/googletest-install/lib/gtest.lib
[2022-06-20T14:49:42.313Z]     -- Installing: W:/build/RelWithDebInfo/googletest-install/bin/gtest.dll
[2022-06-20T14:49:42.313Z]     -- Installing: W:/build/RelWithDebInfo/googletest-install/lib/gtest_main.lib
[2022-06-20T14:49:42.313Z]     -- Installing: W:/build/RelWithDebInfo/googletest-install/bin/gtest_main.dll
[2022-06-20T14:49:42.313Z]     -- Installing: W:/build/RelWithDebInfo/googletest-install/lib/pkgconfig/gtest.pc
[2022-06-20T14:49:42.313Z]     -- Installing: W:/build/RelWithDebInfo/googletest-install/lib/pkgconfig/gtest_main.pc
[2022-06-20T14:49:42.313Z]     [8/8] Completed 'googletest'
[2022-06-20T14:49:42.313Z]     -- ========== ...  GoogleTest installed. ==========
[2022-06-20T14:49:54.155Z]     -- MAYA_HAS_DEFAULT_MATERIAL_API is FALSE
[2022-06-20T14:49:54.155Z]     -- MAYA_NEW_POINT_SNAPPING_SUPPORT is FALSE
[2022-06-20T14:49:54.155Z]     -- MAYA_HAS_CRASH_DETECTION is FALSE
[2022-06-20T14:49:54.155Z]     -- MAYA_CURRENT_UFE_CAMERA_SUPPORT is FALSE
[2022-06-20T14:49:54.155Z]     -- MAYA_MRENDERITEM_UFE_IDENTIFIER_SUPPORT is FALSE
[2022-06-20T14:49:54.155Z]     -- MAYA_UPDATE_UFE_IDENTIFIER_SUPPORT is FALSE
[2022-06-20T14:49:54.155Z]     -- MAYA_HAS_DISPLAY_STYLE_ALL_VIEWPORTS is FALSE
[2022-06-20T14:49:54.155Z]     -- MAYA_ARRAY_ITERATOR_DIFFERENCE_TYPE_SUPPORT is TRUE
[2022-06-20T14:49:54.155Z]     -- MAYA_HAS_GET_MEMBER_PATHS is FALSE
[2022-06-20T14:49:54.155Z]     -- promoting: S:/jenkins/workspace/ECP/ecg-maya-usd/ecg-mayausd-branch-preflight-2020-windows/ecg-maya-usd/maya-usd/lib/mayaUsd/base/mayaUsd.h.src
[2022-06-20T14:49:54.155Z]     -- promoting: S:/jenkins/workspace/ECP/ecg-maya-usd/ecg-mayausd-branch-preflight-2020-windows/ecg-maya-usd/maya-usd/lib/mayaUsd/base/api.h
[2022-06-20T14:49:54.155Z]     -- promoting: S:/jenkins/workspace/ECP/ecg-maya-usd/ecg-mayausd-branch-preflight-2020-windows/ecg-maya-usd/maya-usd/lib/mayaUsd/base/debugCodes.h
[2022-06-20T14:49:54.155Z]     -- promoting: S:/jenkins/workspace/ECP/ecg-maya-usd/ecg-mayausd-branch-preflight-2020-windows/ecg-maya-usd/maya-usd/lib/mayaUsd/base/id.h
[2022-06-20T14:49:54.155Z]     -- promoting: S:/jenkins/workspace/ECP/ecg-maya-usd/ecg-mayausd-branch-preflight-2020-windows/ecg-maya-usd/maya-usd/lib/mayaUsd/base/syncId.h
[2022-06-20T14:49:54.155Z]     -- promoting: S:/jenkins/workspace/ECP/ecg-maya-usd/ecg-mayausd-branch-preflight-2020-windows/ecg-maya-usd/maya-usd/lib/mayaUsd/base/tokens.h
[2022-06-20T14:49:54.155Z]     -- promoting: S:/jenkins/workspace/ECP/ecg-maya-usd/ecg-mayausd-branch-preflight-2020-windows/ecg-maya-usd/maya-usd/lib/mayaUsd/commands/abstractLayerEditorWindow.h
[2022-06-20T14:49:54.155Z]     -- promoting: S:/jenkins/workspace/ECP/ecg-maya-usd/ecg-mayausd-branch-preflight-2020-windows/ecg-maya-usd/maya-usd/lib/mayaUsd/commands/baseExportCommand.h
[2022-06-20T14:49:54.155Z]     -- promoting: S:/jenkins/workspace/ECP/ecg-maya-usd/ecg-mayausd-branch-preflight-2020-windows/ecg-maya-usd/maya-usd/lib/mayaUsd/commands/baseImportCommand.h
[2022-06-20T14:49:54.155Z]     -- promoting: S:/jenkins/workspace/ECP/ecg-maya-usd/ecg-mayausd-branch-preflight-2020-windows/ecg-maya-usd/maya-usd/lib/mayaUsd/commands/baseListJobContextsCommand.h
[2022-06-20T14:49:54.155Z]     -- promoting: S:/jenkins/workspace/ECP/ecg-maya-usd/ecg-mayausd-branch-preflight-2020-windows/ecg-maya-usd/maya-usd/lib/mayaUsd/commands/baseListShadingModesCommand.h
[2022-06-20T14:49:54.155Z]     -- promoting: S:/jenkins/workspace/ECP/ecg-maya-usd/ecg-mayausd-branch-preflight-2020-windows/ecg-maya-usd/maya-usd/lib/mayaUsd/commands/editTargetCommand.h
[2022-06-20T14:49:54.155Z]     -- promoting: S:/jenkins/workspace/ECP/ecg-maya-usd/ecg-mayausd-branch-preflight-2020-windows/ecg-maya-usd/maya-usd/lib/mayaUsd/commands/layerEditorCommand.h
[2022-06-20T14:49:54.155Z]     -- promoting: S:/jenkins/workspace/ECP/ecg-maya-usd/ecg-mayausd-branch-preflight-2020-windows/ecg-maya-usd/maya-usd/lib/mayaUsd/commands/layerEditorWindowCommand.h
[2022-06-20T14:49:54.155Z]     -- promoting: S:/jenkins/workspace/ECP/ecg-maya-usd/ecg-mayausd-branch-preflight-2020-windows/ecg-maya-usd/maya-usd/lib/mayaUsd/fileio/fallbackPrimReader.h
[2022-06-20T14:49:54.155Z]     -- promoting: S:/jenkins/workspace/ECP/ecg-maya-usd/ecg-mayausd-branch-preflight-2020-windows/ecg-maya-usd/maya-usd/lib/mayaUsd/fileio/functorPrimReader.h
[2022-06-20T14:49:54.155Z]     -- promoting: S:/jenkins/workspace/ECP/ecg-maya-usd/ecg-mayausd-branch-preflight-2020-windows/ecg-maya-usd/maya-usd/lib/mayaUsd/fileio/functorPrimWriter.h
[2022-06-20T14:49:54.155Z]     -- promoting: S:/jenkins/workspace/ECP/ecg-maya-usd/ecg-mayausd-branch-preflight-2020-windows/ecg-maya-usd/maya-usd/lib/mayaUsd/fileio/importData.h
[2022-06-20T14:49:54.155Z]     -- promoting: S:/jenkins/workspace/ECP/ecg-maya-usd/ecg-mayausd-branch-preflight-2020-windows/ecg-maya-usd/maya-usd/lib/mayaUsd/fileio/instancedNodeWriter.h
[2022-06-20T14:49:54.155Z]     -- promoting: S:/jenkins/workspace/ECP/ecg-maya-usd/ecg-mayausd-branch-preflight-2020-windows/ecg-maya-usd/maya-usd/lib/mayaUsd/fileio/jobContextRegistry.h
[2022-06-20T14:49:54.155Z]     -- promoting: S:/jenkins/workspace/ECP/ecg-maya-usd/ecg-mayausd-branch-preflight-2020-windows/ecg-maya-usd/maya-usd/lib/mayaUsd/fileio/primReader.h
[2022-06-20T14:49:54.155Z]     -- promoting: S:/jenkins/workspace/ECP/ecg-maya-usd/ecg-mayausd-branch-preflight-2020-windows/ecg-maya-usd/maya-usd/lib/mayaUsd/fileio/primReaderArgs.h
[2022-06-20T14:49:54.155Z]     -- promoting: S:/jenkins/workspace/ECP/ecg-maya-usd/ecg-mayausd-branch-preflight-2020-windows/ecg-maya-usd/maya-usd/lib/mayaUsd/fileio/primReaderContext.h
[2022-06-20T14:49:54.155Z]     -- promoting: S:/jenkins/workspace/ECP/ecg-maya-usd/ecg-mayausd-branch-preflight-2020-windows/ecg-maya-usd/maya-usd/lib/mayaUsd/fileio/primReaderRegistry.h
[2022-06-20T14:49:54.155Z]     -- promoting: S:/jenkins/workspace/ECP/ecg-maya-usd/ecg-mayausd-branch-preflight-2020-windows/ecg-maya-usd/maya-usd/lib/mayaUsd/fileio/primWriter.h
[2022-06-20T14:49:54.155Z]     -- promoting: S:/jenkins/workspace/ECP/ecg-maya-usd/ecg-mayausd-branch-preflight-2020-windows/ecg-maya-usd/maya-usd/lib/mayaUsd/fileio/primWriterArgs.h
[2022-06-20T14:49:54.155Z]     -- promoting: S:/jenkins/workspace/ECP/ecg-maya-usd/ecg-mayausd-branch-preflight-2020-windows/ecg-maya-usd/maya-usd/lib/mayaUsd/fileio/primWriterContext.h
[2022-06-20T14:49:54.155Z]     -- promoting: S:/jenkins/workspace/ECP/ecg-maya-usd/ecg-mayausd-branch-preflight-2020-windows/ecg-maya-usd/maya-usd/lib/mayaUsd/fileio/primWriterRegistry.h
[2022-06-20T14:49:54.155Z]     -- promoting: S:/jenkins/workspace/ECP/ecg-maya-usd/ecg-mayausd-branch-preflight-2020-windows/ecg-maya-usd/maya-usd/lib/mayaUsd/fileio/registryHelper.h
[2022-06-20T14:49:54.155Z]     -- promoting: S:/jenkins/workspace/ECP/ecg-maya-usd/ecg-mayausd-branch-preflight-2020-windows/ecg-maya-usd/maya-usd/lib/mayaUsd/fileio/schemaApiAdaptor.h
[2022-06-20T14:49:54.155Z]     -- promoting: S:/jenkins/workspace/ECP/ecg-maya-usd/ecg-mayausd-branch-preflight-2020-windows/ecg-maya-usd/maya-usd/lib/mayaUsd/fileio/schemaApiAdaptorRegistry.h
[2022-06-20T14:49:54.155Z]     -- promoting: S:/jenkins/workspace/ECP/ecg-maya-usd/ecg-mayausd-branch-preflight-2020-windows/ecg-maya-usd/maya-usd/lib/mayaUsd/fileio/shaderReader.h
[2022-06-20T14:49:54.155Z]     -- promoting: S:/jenkins/workspace/ECP/ecg-maya-usd/ecg-mayausd-branch-preflight-2020-windows/ecg-maya-usd/maya-usd/lib/mayaUsd/fileio/shaderReaderRegistry.h
[2022-06-20T14:49:54.155Z]     -- promoting: S:/jenkins/workspace/ECP/ecg-maya-usd/ecg-mayausd-branch-preflight-2020-windows/ecg-maya-usd/maya-usd/lib/mayaUsd/fileio/shaderWriter.h
[2022-06-20T14:49:54.155Z]     -- promoting: S:/jenkins/workspace/ECP/ecg-maya-usd/ecg-mayausd-branch-preflight-2020-windows/ecg-maya-usd/maya-usd/lib/mayaUsd/fileio/shaderWriterRegistry.h
[2022-06-20T14:49:54.155Z]     -- promoting: S:/jenkins/workspace/ECP/ecg-maya-usd/ecg-mayausd-branch-preflight-2020-windows/ecg-maya-usd/maya-usd/lib/mayaUsd/fileio/transformWriter.h
[2022-06-20T14:49:54.155Z]     -- promoting: S:/jenkins/workspace/ECP/ecg-maya-usd/ecg-mayausd-branch-preflight-2020-windows/ecg-maya-usd/maya-usd/lib/mayaUsd/fileio/writeJobContext.h
[2022-06-20T14:49:54.155Z]     -- promoting: S:/jenkins/workspace/ECP/ecg-maya-usd/ecg-mayausd-branch-preflight-2020-windows/ecg-maya-usd/maya-usd/lib/mayaUsd/fileio/chaser/exportChaser.h
[2022-06-20T14:49:54.155Z]     -- promoting: S:/jenkins/workspace/ECP/ecg-maya-usd/ecg-mayausd-branch-preflight-2020-windows/ecg-maya-usd/maya-usd/lib/mayaUsd/fileio/chaser/exportChaserRegistry.h
[2022-06-20T14:49:54.155Z]     -- promoting: S:/jenkins/workspace/ECP/ecg-maya-usd/ecg-mayausd-branch-preflight-2020-windows/ecg-maya-usd/maya-usd/lib/mayaUsd/fileio/chaser/importChaserRegistry.h
[2022-06-20T14:49:54.155Z]     -- promoting: S:/jenkins/workspace/ECP/ecg-maya-usd/ecg-mayausd-branch-preflight-2020-windows/ecg-maya-usd/maya-usd/lib/mayaUsd/fileio/chaser/importChaser.h
[2022-06-20T14:49:54.155Z]     -- promoting: S:/jenkins/workspace/ECP/ecg-maya-usd/ecg-mayausd-branch-preflight-2020-windows/ecg-maya-usd/maya-usd/lib/mayaUsd/fileio/jobs/jobArgs.h
[2022-06-20T14:49:54.155Z]     -- promoting: S:/jenkins/workspace/ECP/ecg-maya-usd/ecg-mayausd-branch-preflight-2020-windows/ecg-maya-usd/maya-usd/lib/mayaUsd/fileio/jobs/meshDataReadJob.h
[2022-06-20T14:49:54.155Z]     -- promoting: S:/jenkins/workspace/ECP/ecg-maya-usd/ecg-mayausd-branch-preflight-2020-windows/ecg-maya-usd/maya-usd/lib/mayaUsd/fileio/jobs/modelKindProcessor.h
[2022-06-20T14:49:54.155Z]     -- promoting: S:/jenkins/workspace/ECP/ecg-maya-usd/ecg-mayausd-branch-preflight-2020-windows/ecg-maya-usd/maya-usd/lib/mayaUsd/fileio/jobs/readJob.h
[2022-06-20T14:49:54.155Z]     -- promoting: S:/jenkins/workspace/ECP/ecg-maya-usd/ecg-mayausd-branch-preflight-2020-windows/ecg-maya-usd/maya-usd/lib/mayaUsd/fileio/jobs/writeJob.h
[2022-06-20T14:49:54.155Z]     -- promoting: S:/jenkins/workspace/ECP/ecg-maya-usd/ecg-mayausd-branch-preflight-2020-windows/ecg-maya-usd/maya-usd/lib/mayaUsd/fileio/shading/rfmShaderMap.h
[2022-06-20T14:49:54.155Z]     -- promoting: S:/jenkins/workspace/ECP/ecg-maya-usd/ecg-mayausd-branch-preflight-2020-windows/ecg-maya-usd/maya-usd/lib/mayaUsd/fileio/shading/shadingModeExporter.h
[2022-06-20T14:49:54.156Z]     -- promoting: S:/jenkins/workspace/ECP/ecg-maya-usd/ecg-mayausd-branch-preflight-2020-windows/ecg-maya-usd/maya-usd/lib/mayaUsd/fileio/shading/shadingModeExporterContext.h
[2022-06-20T14:49:54.156Z]     -- promoting: S:/jenkins/workspace/ECP/ecg-maya-usd/ecg-mayausd-branch-preflight-2020-windows/ecg-maya-usd/maya-usd/lib/mayaUsd/fileio/shading/shadingModeImporter.h
[2022-06-20T14:49:54.156Z]     -- promoting: S:/jenkins/workspace/ECP/ecg-maya-usd/ecg-mayausd-branch-preflight-2020-windows/ecg-maya-usd/maya-usd/lib/mayaUsd/fileio/shading/shadingModeRegistry.h
[2022-06-20T14:49:54.156Z]     -- promoting: S:/jenkins/workspace/ECP/ecg-maya-usd/ecg-mayausd-branch-preflight-2020-windows/ecg-maya-usd/maya-usd/lib/mayaUsd/fileio/shading/symmetricShaderReader.h
[2022-06-20T14:49:54.156Z]     -- promoting: S:/jenkins/workspace/ECP/ecg-maya-usd/ecg-mayausd-branch-preflight-2020-windows/ecg-maya-usd/maya-usd/lib/mayaUsd/fileio/shading/symmetricShaderWriter.h
[2022-06-20T14:49:54.156Z]     -- promoting: S:/jenkins/workspace/ECP/ecg-maya-usd/ecg-mayausd-branch-preflight-2020-windows/ecg-maya-usd/maya-usd/lib/mayaUsd/fileio/translators/skelBindingsProcessor.h
[2022-06-20T14:49:54.156Z]     -- promoting: S:/jenkins/workspace/ECP/ecg-maya-usd/ecg-mayausd-branch-preflight-2020-windows/ecg-maya-usd/maya-usd/lib/mayaUsd/fileio/translators/translatorCamera.h
[2022-06-20T14:49:54.156Z]     -- promoting: S:/jenkins/workspace/ECP/ecg-maya-usd/ecg-mayausd-branch-preflight-2020-windows/ecg-maya-usd/maya-usd/lib/mayaUsd/fileio/translators/translatorCurves.h
[2022-06-20T14:49:54.156Z]     -- promoting: S:/jenkins/workspace/ECP/ecg-maya-usd/ecg-mayausd-branch-preflight-2020-windows/ecg-maya-usd/maya-usd/lib/mayaUsd/fileio/translators/translatorGprim.h
[2022-06-20T14:49:54.156Z]     -- promoting: S:/jenkins/workspace/ECP/ecg-maya-usd/ecg-mayausd-branch-preflight-2020-windows/ecg-maya-usd/maya-usd/lib/mayaUsd/fileio/translators/translatorLight.h
[2022-06-20T14:49:54.156Z]     -- promoting: S:/jenkins/workspace/ECP/ecg-maya-usd/ecg-mayausd-branch-preflight-2020-windows/ecg-maya-usd/maya-usd/lib/mayaUsd/fileio/translators/translatorMaterial.h
[2022-06-20T14:49:54.156Z]     -- promoting: S:/jenkins/workspace/ECP/ecg-maya-usd/ecg-mayausd-branch-preflight-2020-windows/ecg-maya-usd/maya-usd/lib/mayaUsd/fileio/translators/translatorMayaReference.h
[2022-06-20T14:49:54.156Z]     -- promoting: S:/jenkins/workspace/ECP/ecg-maya-usd/ecg-mayausd-branch-preflight-2020-windows/ecg-maya-usd/maya-usd/lib/mayaUsd/fileio/translators/translatorMesh.h
[2022-06-20T14:49:54.156Z]     -- promoting: S:/jenkins/workspace/ECP/ecg-maya-usd/ecg-mayausd-branch-preflight-2020-windows/ecg-maya-usd/maya-usd/lib/mayaUsd/fileio/translators/translatorNurbsPatch.h
[2022-06-20T14:49:54.156Z]     -- promoting: S:/jenkins/workspace/ECP/ecg-maya-usd/ecg-mayausd-branch-preflight-2020-windows/ecg-maya-usd/maya-usd/lib/mayaUsd/fileio/translators/translatorPrim.h
[2022-06-20T14:49:54.156Z]     -- promoting: S:/jenkins/workspace/ECP/ecg-maya-usd/ecg-mayausd-branch-preflight-2020-windows/ecg-maya-usd/maya-usd/lib/mayaUsd/fileio/translators/translatorRfMLight.h
[2022-06-20T14:49:54.156Z]     -- promoting: S:/jenkins/workspace/ECP/ecg-maya-usd/ecg-mayausd-branch-preflight-2020-windows/ecg-maya-usd/maya-usd/lib/mayaUsd/fileio/translators/translatorSkel.h
[2022-06-20T14:49:54.156Z]     -- promoting: S:/jenkins/workspace/ECP/ecg-maya-usd/ecg-mayausd-branch-preflight-2020-windows/ecg-maya-usd/maya-usd/lib/mayaUsd/fileio/translators/translatorUtil.h
[2022-06-20T14:49:54.156Z]     -- promoting: S:/jenkins/workspace/ECP/ecg-maya-usd/ecg-mayausd-branch-preflight-2020-windows/ecg-maya-usd/maya-usd/lib/mayaUsd/fileio/translators/translatorXformable.h
[2022-06-20T14:49:54.156Z]     -- promoting: S:/jenkins/workspace/ECP/ecg-maya-usd/ecg-mayausd-branch-preflight-2020-windows/ecg-maya-usd/maya-usd/lib/mayaUsd/fileio/utils/adaptor.h
[2022-06-20T14:49:54.156Z]     -- promoting: S:/jenkins/workspace/ECP/ecg-maya-usd/ecg-mayausd-branch-preflight-2020-windows/ecg-maya-usd/maya-usd/lib/mayaUsd/fileio/utils/jointWriteUtils.h
[2022-06-20T14:49:54.156Z]     -- promoting: S:/jenkins/workspace/ECP/ecg-maya-usd/ecg-mayausd-branch-preflight-2020-windows/ecg-maya-usd/maya-usd/lib/mayaUsd/fileio/utils/meshReadUtils.h
[2022-06-20T14:49:54.156Z]     -- promoting: S:/jenkins/workspace/ECP/ecg-maya-usd/ecg-mayausd-branch-preflight-2020-windows/ecg-maya-usd/maya-usd/lib/mayaUsd/fileio/utils/meshWriteUtils.h
[2022-06-20T14:49:54.156Z]     -- promoting: S:/jenkins/workspace/ECP/ecg-maya-usd/ecg-mayausd-branch-preflight-2020-windows/ecg-maya-usd/maya-usd/lib/mayaUsd/fileio/utils/readUtil.h
[2022-06-20T14:49:54.156Z]     -- promoting: S:/jenkins/workspace/ECP/ecg-maya-usd/ecg-mayausd-branch-preflight-2020-windows/ecg-maya-usd/maya-usd/lib/mayaUsd/fileio/utils/roundTripUtil.h
[2022-06-20T14:49:54.156Z]     -- promoting: S:/jenkins/workspace/ECP/ecg-maya-usd/ecg-mayausd-branch-preflight-2020-windows/ecg-maya-usd/maya-usd/lib/mayaUsd/fileio/utils/shadingUtil.h
[2022-06-20T14:49:54.156Z]     -- promoting: S:/jenkins/workspace/ECP/ecg-maya-usd/ecg-mayausd-branch-preflight-2020-windows/ecg-maya-usd/maya-usd/lib/mayaUsd/fileio/utils/userTaggedAttribute.h
[2022-06-20T14:49:54.156Z]     -- promoting: S:/jenkins/workspace/ECP/ecg-maya-usd/ecg-mayausd-branch-preflight-2020-windows/ecg-maya-usd/maya-usd/lib/mayaUsd/fileio/utils/writeUtil.h
[2022-06-20T14:49:54.156Z]     -- promoting: S:/jenkins/workspace/ECP/ecg-maya-usd/ecg-mayausd-branch-preflight-2020-windows/ecg-maya-usd/maya-usd/lib/mayaUsd/fileio/utils/xformStack.h
[2022-06-20T14:49:54.156Z]     -- promoting: S:/jenkins/workspace/ECP/ecg-maya-usd/ecg-mayausd-branch-preflight-2020-windows/ecg-maya-usd/maya-usd/lib/mayaUsd/listeners/notice.h
[2022-06-20T14:49:54.156Z]     -- promoting: S:/jenkins/workspace/ECP/ecg-maya-usd/ecg-mayausd-branch-preflight-2020-windows/ecg-maya-usd/maya-usd/lib/mayaUsd/listeners/proxyShapeNotice.h
[2022-06-20T14:49:54.156Z]     -- promoting: S:/jenkins/workspace/ECP/ecg-maya-usd/ecg-mayausd-branch-preflight-2020-windows/ecg-maya-usd/maya-usd/lib/mayaUsd/listeners/stageNoticeListener.h
[2022-06-20T14:49:54.156Z]     -- promoting: S:/jenkins/workspace/ECP/ecg-maya-usd/ecg-mayausd-branch-preflight-2020-windows/ecg-maya-usd/maya-usd/lib/mayaUsd/nodes/hdImagingShape.h
[2022-06-20T14:49:54.156Z]     -- promoting: S:/jenkins/workspace/ECP/ecg-maya-usd/ecg-mayausd-branch-preflight-2020-windows/ecg-maya-usd/maya-usd/lib/mayaUsd/nodes/pointBasedDeformerNode.h
[2022-06-20T14:49:54.156Z]     -- promoting: S:/jenkins/workspace/ECP/ecg-maya-usd/ecg-mayausd-branch-preflight-2020-windows/ecg-maya-usd/maya-usd/lib/mayaUsd/nodes/proxyAccessor.h
[2022-06-20T14:49:54.156Z]     -- promoting: S:/jenkins/workspace/ECP/ecg-maya-usd/ecg-mayausd-branch-preflight-2020-windows/ecg-maya-usd/maya-usd/lib/mayaUsd/nodes/proxyShapeBase.h
[2022-06-20T14:49:54.156Z]     -- promoting: S:/jenkins/workspace/ECP/ecg-maya-usd/ecg-mayausd-branch-preflight-2020-windows/ecg-maya-usd/maya-usd/lib/mayaUsd/nodes/proxyShapeLoadRules.h
[2022-06-20T14:49:54.156Z]     -- promoting: S:/jenkins/workspace/ECP/ecg-maya-usd/ecg-mayausd-branch-preflight-2020-windows/ecg-maya-usd/maya-usd/lib/mayaUsd/nodes/proxyShapePlugin.h
[2022-06-20T14:49:54.156Z]     -- promoting: S:/jenkins/workspace/ECP/ecg-maya-usd/ecg-mayausd-branch-preflight-2020-windows/ecg-maya-usd/maya-usd/lib/mayaUsd/nodes/proxyStageProvider.h
[2022-06-20T14:49:54.156Z]     -- promoting: S:/jenkins/workspace/ECP/ecg-maya-usd/ecg-mayausd-branch-preflight-2020-windows/ecg-maya-usd/maya-usd/lib/mayaUsd/nodes/stageData.h
[2022-06-20T14:49:54.156Z]     -- promoting: S:/jenkins/workspace/ECP/ecg-maya-usd/ecg-mayausd-branch-preflight-2020-windows/ecg-maya-usd/maya-usd/lib/mayaUsd/nodes/stageNode.h
[2022-06-20T14:49:54.156Z]     -- promoting: S:/jenkins/workspace/ECP/ecg-maya-usd/ecg-mayausd-branch-preflight-2020-windows/ecg-maya-usd/maya-usd/lib/mayaUsd/nodes/usdPrimProvider.h
[2022-06-20T14:49:54.156Z]     -- promoting: S:/jenkins/workspace/ECP/ecg-maya-usd/ecg-mayausd-branch-preflight-2020-windows/ecg-maya-usd/maya-usd/lib/mayaUsd/nodes/layerManager.h
[2022-06-20T14:49:54.534Z]     -- promoting: S:/jenkins/workspace/ECP/ecg-maya-usd/ecg-mayausd-branch-preflight-2020-windows/ecg-maya-usd/maya-usd/lib/mayaUsd/render/px_vp20/glslProgram.h
[2022-06-20T14:49:54.889Z]     -- promoting: S:/jenkins/workspace/ECP/ecg-maya-usd/ecg-mayausd-branch-preflight-2020-windows/ecg-maya-usd/maya-usd/lib/mayaUsd/render/px_vp20/utils.h
[2022-06-20T14:49:54.889Z]     -- promoting: S:/jenkins/workspace/ECP/ecg-maya-usd/ecg-mayausd-branch-preflight-2020-windows/ecg-maya-usd/maya-usd/lib/mayaUsd/render/px_vp20/utils_legacy.h
[2022-06-20T14:49:54.890Z]     -- promoting: S:/jenkins/workspace/ECP/ecg-maya-usd/ecg-mayausd-branch-preflight-2020-windows/ecg-maya-usd/maya-usd/lib/mayaUsd/render/pxrUsdMayaGL/batchRenderer.h
[2022-06-20T14:49:54.890Z]     -- promoting: S:/jenkins/workspace/ECP/ecg-maya-usd/ecg-mayausd-branch-preflight-2020-windows/ecg-maya-usd/maya-usd/lib/mayaUsd/render/pxrUsdMayaGL/debugCodes.h
[2022-06-20T14:49:54.890Z]     -- promoting: S:/jenkins/workspace/ECP/ecg-maya-usd/ecg-mayausd-branch-preflight-2020-windows/ecg-maya-usd/maya-usd/lib/mayaUsd/render/pxrUsdMayaGL/hdImagingShapeDrawOverride.h
[2022-06-20T14:49:54.890Z]     -- promoting: S:/jenkins/workspace/ECP/ecg-maya-usd/ecg-mayausd-branch-preflight-2020-windows/ecg-maya-usd/maya-usd/lib/mayaUsd/render/pxrUsdMayaGL/hdImagingShapeUI.h
[2022-06-20T14:49:54.890Z]     -- promoting: S:/jenkins/workspace/ECP/ecg-maya-usd/ecg-mayausd-branch-preflight-2020-windows/ecg-maya-usd/maya-usd/lib/mayaUsd/render/pxrUsdMayaGL/instancerImager.h
[2022-06-20T14:49:54.890Z]     -- promoting: S:/jenkins/workspace/ECP/ecg-maya-usd/ecg-mayausd-branch-preflight-2020-windows/ecg-maya-usd/maya-usd/lib/mayaUsd/render/pxrUsdMayaGL/instancerShapeAdapter.h
[2022-06-20T14:49:54.890Z]     -- promoting: S:/jenkins/workspace/ECP/ecg-maya-usd/ecg-mayausd-branch-preflight-2020-windows/ecg-maya-usd/maya-usd/lib/mayaUsd/render/pxrUsdMayaGL/proxyDrawOverride.h
[2022-06-20T14:49:54.890Z]     -- promoting: S:/jenkins/workspace/ECP/ecg-maya-usd/ecg-mayausd-branch-preflight-2020-windows/ecg-maya-usd/maya-usd/lib/mayaUsd/render/pxrUsdMayaGL/proxyShapeUI.h
[2022-06-20T14:49:54.890Z]     -- promoting: S:/jenkins/workspace/ECP/ecg-maya-usd/ecg-mayausd-branch-preflight-2020-windows/ecg-maya-usd/maya-usd/lib/mayaUsd/render/pxrUsdMayaGL/renderParams.h
[2022-06-20T14:49:54.890Z]     -- promoting: S:/jenkins/workspace/ECP/ecg-maya-usd/ecg-mayausd-branch-preflight-2020-windows/ecg-maya-usd/maya-usd/lib/mayaUsd/render/pxrUsdMayaGL/sceneDelegate.h
[2022-06-20T14:49:54.890Z]     -- promoting: S:/jenkins/workspace/ECP/ecg-maya-usd/ecg-mayausd-branch-preflight-2020-windows/ecg-maya-usd/maya-usd/lib/mayaUsd/render/pxrUsdMayaGL/shapeAdapter.h
[2022-06-20T14:49:54.890Z]     -- promoting: S:/jenkins/workspace/ECP/ecg-maya-usd/ecg-mayausd-branch-preflight-2020-windows/ecg-maya-usd/maya-usd/lib/mayaUsd/render/pxrUsdMayaGL/softSelectHelper.h
[2022-06-20T14:49:54.890Z]     -- promoting: S:/jenkins/workspace/ECP/ecg-maya-usd/ecg-mayausd-branch-preflight-2020-windows/ecg-maya-usd/maya-usd/lib/mayaUsd/render/pxrUsdMayaGL/usdProxyShapeAdapter.h
[2022-06-20T14:49:54.890Z]     -- promoting: S:/jenkins/workspace/ECP/ecg-maya-usd/ecg-mayausd-branch-preflight-2020-windows/ecg-maya-usd/maya-usd/lib/mayaUsd/render/pxrUsdMayaGL/userData.h
[2022-06-20T14:49:54.890Z]     -- promoting: S:/jenkins/workspace/ECP/ecg-maya-usd/ecg-mayausd-branch-preflight-2020-windows/ecg-maya-usd/maya-usd/lib/mayaUsd/render/vp2RenderDelegate/proxyRenderDelegate.h
[2022-06-20T14:49:54.890Z]     -- promoting: S:/jenkins/workspace/ECP/ecg-maya-usd/ecg-mayausd-branch-preflight-2020-windows/ecg-maya-usd/maya-usd/lib/mayaUsd/render/vp2ShaderFragments/shaderFragments.h
[2022-06-20T14:49:54.890Z]     -- UFE_LIGHTS_SUPPORT is FALSE
[2022-06-20T14:49:54.890Z]     -- promoting: S:/jenkins/workspace/ECP/ecg-maya-usd/ecg-mayausd-branch-preflight-2020-windows/ecg-maya-usd/maya-usd/lib/mayaUsd/ufe/Global.h
[2022-06-20T14:49:54.890Z]     -- promoting: S:/jenkins/workspace/ECP/ecg-maya-usd/ecg-mayausd-branch-preflight-2020-windows/ecg-maya-usd/maya-usd/lib/mayaUsd/ufe/ProxyShapeHandler.h
[2022-06-20T14:49:54.890Z]     -- promoting: S:/jenkins/workspace/ECP/ecg-maya-usd/ecg-mayausd-branch-preflight-2020-windows/ecg-maya-usd/maya-usd/lib/mayaUsd/ufe/ProxyShapeHierarchy.h
[2022-06-20T14:49:54.890Z]     -- promoting: S:/jenkins/workspace/ECP/ecg-maya-usd/ecg-mayausd-branch-preflight-2020-windows/ecg-maya-usd/maya-usd/lib/mayaUsd/ufe/ProxyShapeHierarchyHandler.h
[2022-06-20T14:49:54.890Z]     -- promoting: S:/jenkins/workspace/ECP/ecg-maya-usd/ecg-mayausd-branch-preflight-2020-windows/ecg-maya-usd/maya-usd/lib/mayaUsd/ufe/StagesSubject.h
[2022-06-20T14:49:54.890Z]     -- promoting: S:/jenkins/workspace/ECP/ecg-maya-usd/ecg-mayausd-branch-preflight-2020-windows/ecg-maya-usd/maya-usd/lib/mayaUsd/ufe/UsdHierarchy.h
[2022-06-20T14:49:54.890Z]     -- promoting: S:/jenkins/workspace/ECP/ecg-maya-usd/ecg-mayausd-branch-preflight-2020-windows/ecg-maya-usd/maya-usd/lib/mayaUsd/ufe/UsdHierarchyHandler.h
[2022-06-20T14:49:54.890Z]     -- promoting: S:/jenkins/workspace/ECP/ecg-maya-usd/ecg-mayausd-branch-preflight-2020-windows/ecg-maya-usd/maya-usd/lib/mayaUsd/ufe/UsdPointInstanceModifierBase.h
[2022-06-20T14:49:54.890Z]     -- promoting: S:/jenkins/workspace/ECP/ecg-maya-usd/ecg-mayausd-branch-preflight-2020-windows/ecg-maya-usd/maya-usd/lib/mayaUsd/ufe/UsdPointInstanceOrientationModifier.h
[2022-06-20T14:49:54.890Z]     -- promoting: S:/jenkins/workspace/ECP/ecg-maya-usd/ecg-mayausd-branch-preflight-2020-windows/ecg-maya-usd/maya-usd/lib/mayaUsd/ufe/UsdPointInstancePositionModifier.h
[2022-06-20T14:49:54.890Z]     -- promoting: S:/jenkins/workspace/ECP/ecg-maya-usd/ecg-mayausd-branch-preflight-2020-windows/ecg-maya-usd/maya-usd/lib/mayaUsd/ufe/UsdPointInstanceScaleModifier.h
[2022-06-20T14:49:54.890Z]     -- promoting: S:/jenkins/workspace/ECP/ecg-maya-usd/ecg-mayausd-branch-preflight-2020-windows/ecg-maya-usd/maya-usd/lib/mayaUsd/ufe/UsdRootChildHierarchy.h
[2022-06-20T14:49:54.890Z]     -- promoting: S:/jenkins/workspace/ECP/ecg-maya-usd/ecg-mayausd-branch-preflight-2020-windows/ecg-maya-usd/maya-usd/lib/mayaUsd/ufe/UsdRotatePivotTranslateUndoableCommand.h
[2022-06-20T14:49:54.890Z]     -- promoting: S:/jenkins/workspace/ECP/ecg-maya-usd/ecg-mayausd-branch-preflight-2020-windows/ecg-maya-usd/maya-usd/lib/mayaUsd/ufe/UsdRotateUndoableCommand.h
[2022-06-20T14:49:54.890Z]     -- promoting: S:/jenkins/workspace/ECP/ecg-maya-usd/ecg-mayausd-branch-preflight-2020-windows/ecg-maya-usd/maya-usd/lib/mayaUsd/ufe/UsdScaleUndoableCommand.h
[2022-06-20T14:49:54.890Z]     -- promoting: S:/jenkins/workspace/ECP/ecg-maya-usd/ecg-mayausd-branch-preflight-2020-windows/ecg-maya-usd/maya-usd/lib/mayaUsd/ufe/UsdSceneItem.h
[2022-06-20T14:49:54.890Z]     -- promoting: S:/jenkins/workspace/ECP/ecg-maya-usd/ecg-mayausd-branch-preflight-2020-windows/ecg-maya-usd/maya-usd/lib/mayaUsd/ufe/UsdSceneItemOps.h
[2022-06-20T14:49:54.890Z]     -- promoting: S:/jenkins/workspace/ECP/ecg-maya-usd/ecg-mayausd-branch-preflight-2020-windows/ecg-maya-usd/maya-usd/lib/mayaUsd/ufe/UsdSceneItemOpsHandler.h
[2022-06-20T14:49:54.890Z]     -- promoting: S:/jenkins/workspace/ECP/ecg-maya-usd/ecg-mayausd-branch-preflight-2020-windows/ecg-maya-usd/maya-usd/lib/mayaUsd/ufe/UsdStageMap.h
[2022-06-20T14:49:54.890Z]     -- promoting: S:/jenkins/workspace/ECP/ecg-maya-usd/ecg-mayausd-branch-preflight-2020-windows/ecg-maya-usd/maya-usd/lib/mayaUsd/ufe/UsdTRSUndoableCommandBase.h
[2022-06-20T14:49:54.890Z]     -- promoting: S:/jenkins/workspace/ECP/ecg-maya-usd/ecg-mayausd-branch-preflight-2020-windows/ecg-maya-usd/maya-usd/lib/mayaUsd/ufe/UsdTransform3d.h
[2022-06-20T14:49:54.890Z]     -- promoting: S:/jenkins/workspace/ECP/ecg-maya-usd/ecg-mayausd-branch-preflight-2020-windows/ecg-maya-usd/maya-usd/lib/mayaUsd/ufe/UsdTransform3dHandler.h
[2022-06-20T14:49:54.890Z]     -- promoting: S:/jenkins/workspace/ECP/ecg-maya-usd/ecg-mayausd-branch-preflight-2020-windows/ecg-maya-usd/maya-usd/lib/mayaUsd/ufe/UsdTranslateUndoableCommand.h
[2022-06-20T14:49:54.890Z]     -- promoting: S:/jenkins/workspace/ECP/ecg-maya-usd/ecg-mayausd-branch-preflight-2020-windows/ecg-maya-usd/maya-usd/lib/mayaUsd/ufe/UsdUndoDeleteCommand.h
[2022-06-20T14:49:54.890Z]     -- promoting: S:/jenkins/workspace/ECP/ecg-maya-usd/ecg-mayausd-branch-preflight-2020-windows/ecg-maya-usd/maya-usd/lib/mayaUsd/ufe/UsdUndoDuplicateCommand.h
[2022-06-20T14:49:54.890Z]     -- promoting: S:/jenkins/workspace/ECP/ecg-maya-usd/ecg-mayausd-branch-preflight-2020-windows/ecg-maya-usd/maya-usd/lib/mayaUsd/ufe/UsdUndoRenameCommand.h
[2022-06-20T14:49:54.890Z]     -- promoting: S:/jenkins/workspace/ECP/ecg-maya-usd/ecg-mayausd-branch-preflight-2020-windows/ecg-maya-usd/maya-usd/lib/mayaUsd/ufe/Utils.h
[2022-06-20T14:49:54.890Z]     -- promoting: S:/jenkins/workspace/ECP/ecg-maya-usd/ecg-mayausd-branch-preflight-2020-windows/ecg-maya-usd/maya-usd/lib/mayaUsd/ufe/UfeVersionCompat.h
[2022-06-20T14:49:54.890Z]     -- promoting: S:/jenkins/workspace/ECP/ecg-maya-usd/ecg-mayausd-branch-preflight-2020-windows/ecg-maya-usd/maya-usd/lib/mayaUsd/undo/OpUndoItemList.h
[2022-06-20T14:49:54.890Z]     -- promoting: S:/jenkins/workspace/ECP/ecg-maya-usd/ecg-mayausd-branch-preflight-2020-windows/ecg-maya-usd/maya-usd/lib/mayaUsd/undo/OpUndoItemMuting.h
[2022-06-20T14:49:54.890Z]     -- promoting: S:/jenkins/workspace/ECP/ecg-maya-usd/ecg-mayausd-branch-preflight-2020-windows/ecg-maya-usd/maya-usd/lib/mayaUsd/undo/OpUndoItemRecorder.h
[2022-06-20T14:49:54.890Z]     -- promoting: S:/jenkins/workspace/ECP/ecg-maya-usd/ecg-mayausd-branch-preflight-2020-windows/ecg-maya-usd/maya-usd/lib/mayaUsd/undo/OpUndoItems.h
[2022-06-20T14:49:54.890Z]     -- promoting: S:/jenkins/workspace/ECP/ecg-maya-usd/ecg-mayausd-branch-preflight-2020-windows/ecg-maya-usd/maya-usd/lib/mayaUsd/undo/UsdUndoBlock.h
[2022-06-20T14:49:54.890Z]     -- promoting: S:/jenkins/workspace/ECP/ecg-maya-usd/ecg-mayausd-branch-preflight-2020-windows/ecg-maya-usd/maya-usd/lib/mayaUsd/undo/UsdUndoManager.h
[2022-06-20T14:49:54.890Z]     -- promoting: S:/jenkins/workspace/ECP/ecg-maya-usd/ecg-mayausd-branch-preflight-2020-windows/ecg-maya-usd/maya-usd/lib/mayaUsd/undo/UsdUndoStateDelegate.h
[2022-06-20T14:49:54.890Z]     -- promoting: S:/jenkins/workspace/ECP/ecg-maya-usd/ecg-mayausd-branch-preflight-2020-windows/ecg-maya-usd/maya-usd/lib/mayaUsd/undo/UsdUndoableItem.h
[2022-06-20T14:49:54.890Z]     -- promoting: S:/jenkins/workspace/ECP/ecg-maya-usd/ecg-mayausd-branch-preflight-2020-windows/ecg-maya-usd/maya-usd/lib/mayaUsd/utils/blockSceneModificationContext.h
[2022-06-20T14:49:54.890Z]     -- promoting: S:/jenkins/workspace/ECP/ecg-maya-usd/ecg-mayausd-branch-preflight-2020-windows/ecg-maya-usd/maya-usd/lib/mayaUsd/utils/colorSpace.h
[2022-06-20T14:49:54.890Z]     -- promoting: S:/jenkins/workspace/ECP/ecg-maya-usd/ecg-mayausd-branch-preflight-2020-windows/ecg-maya-usd/maya-usd/lib/mayaUsd/utils/customLayerData.h
[2022-06-20T14:49:54.890Z]     -- promoting: S:/jenkins/workspace/ECP/ecg-maya-usd/ecg-mayausd-branch-preflight-2020-windows/ecg-maya-usd/maya-usd/lib/mayaUsd/utils/converter.h
[2022-06-20T14:49:54.890Z]     -- promoting: S:/jenkins/workspace/ECP/ecg-maya-usd/ecg-mayausd-branch-preflight-2020-windows/ecg-maya-usd/maya-usd/lib/mayaUsd/utils/diagnosticDelegate.h
[2022-06-20T14:49:54.890Z]     -- promoting: S:/jenkins/workspace/ECP/ecg-maya-usd/ecg-mayausd-branch-preflight-2020-windows/ecg-maya-usd/maya-usd/lib/mayaUsd/utils/editability.h
[2022-06-20T14:49:54.890Z]     -- promoting: S:/jenkins/workspace/ECP/ecg-maya-usd/ecg-mayausd-branch-preflight-2020-windows/ecg-maya-usd/maya-usd/lib/mayaUsd/utils/editRouter.h
[2022-06-20T14:49:54.890Z]     -- promoting: S:/jenkins/workspace/ECP/ecg-maya-usd/ecg-mayausd-branch-preflight-2020-windows/ecg-maya-usd/maya-usd/lib/mayaUsd/utils/hash.h
[2022-06-20T14:49:54.890Z]     -- promoting: S:/jenkins/workspace/ECP/ecg-maya-usd/ecg-mayausd-branch-preflight-2020-windows/ecg-maya-usd/maya-usd/lib/mayaUsd/utils/loadRules.h
[2022-06-20T14:49:54.890Z]     -- promoting: S:/jenkins/workspace/ECP/ecg-maya-usd/ecg-mayausd-branch-preflight-2020-windows/ecg-maya-usd/maya-usd/lib/mayaUsd/utils/query.h
[2022-06-20T14:49:54.890Z]     -- promoting: S:/jenkins/workspace/ECP/ecg-maya-usd/ecg-mayausd-branch-preflight-2020-windows/ecg-maya-usd/maya-usd/lib/mayaUsd/utils/plugRegistryHelper.h
[2022-06-20T14:49:54.890Z]     -- promoting: S:/jenkins/workspace/ECP/ecg-maya-usd/ecg-mayausd-branch-preflight-2020-windows/ecg-maya-usd/maya-usd/lib/mayaUsd/utils/selectability.h
[2022-06-20T14:49:54.890Z]     -- promoting: S:/jenkins/workspace/ECP/ecg-maya-usd/ecg-mayausd-branch-preflight-2020-windows/ecg-maya-usd/maya-usd/lib/mayaUsd/utils/stageCache.h
[2022-06-20T14:49:54.890Z]     -- promoting: S:/jenkins/workspace/ECP/ecg-maya-usd/ecg-mayausd-branch-preflight-2020-windows/ecg-maya-usd/maya-usd/lib/mayaUsd/utils/traverseLayer.h
[2022-06-20T14:49:54.890Z]     -- promoting: S:/jenkins/workspace/ECP/ecg-maya-usd/ecg-mayausd-branch-preflight-2020-windows/ecg-maya-usd/maya-usd/lib/mayaUsd/utils/undoHelperCommand.h
[2022-06-20T14:49:54.890Z]     -- promoting: S:/jenkins/workspace/ECP/ecg-maya-usd/ecg-mayausd-branch-preflight-2020-windows/ecg-maya-usd/maya-usd/lib/mayaUsd/utils/util.h
[2022-06-20T14:49:54.890Z]     -- promoting: S:/jenkins/workspace/ECP/ecg-maya-usd/ecg-mayausd-branch-preflight-2020-windows/ecg-maya-usd/maya-usd/lib/mayaUsd/utils/utilFileSystem.h
[2022-06-20T14:49:54.890Z]     -- promoting: S:/jenkins/workspace/ECP/ecg-maya-usd/ecg-mayausd-branch-preflight-2020-windows/ecg-maya-usd/maya-usd/lib/mayaUsd/utils/utilSerialization.h
[2022-06-20T14:49:54.890Z]     -- promoting: S:/jenkins/workspace/ECP/ecg-maya-usd/ecg-mayausd-branch-preflight-2020-windows/ecg-maya-usd/maya-usd/lib/mayaUsd/utils/variants.h
[2022-06-20T14:49:54.890Z]     -- promoting: S:/jenkins/workspace/ECP/ecg-maya-usd/ecg-mayausd-branch-preflight-2020-windows/ecg-maya-usd/maya-usd/lib/mayaUsd/render/mayaToHydra/utils.h
[2022-06-20T14:49:54.890Z]     -- promoting: S:/jenkins/workspace/ECP/ecg-maya-usd/ecg-mayausd-branch-preflight-2020-windows/ecg-maya-usd/maya-usd/lib/usd/hdMaya/api.h
[2022-06-20T14:49:54.890Z]     -- promoting: S:/jenkins/workspace/ECP/ecg-maya-usd/ecg-mayausd-branch-preflight-2020-windows/ecg-maya-usd/maya-usd/lib/usd/hdMaya/utils.h
[2022-06-20T14:49:54.890Z]     -- promoting: S:/jenkins/workspace/ECP/ecg-maya-usd/ecg-mayausd-branch-preflight-2020-windows/ecg-maya-usd/maya-usd/lib/usd/hdMaya/debugCodes.h
[2022-06-20T14:49:54.890Z]     -- promoting: S:/jenkins/workspace/ECP/ecg-maya-usd/ecg-mayausd-branch-preflight-2020-windows/ecg-maya-usd/maya-usd/lib/usd/hdMaya/adapters/adapter.h
[2022-06-20T14:49:54.890Z]     -- promoting: S:/jenkins/workspace/ECP/ecg-maya-usd/ecg-mayausd-branch-preflight-2020-windows/ecg-maya-usd/maya-usd/lib/usd/hdMaya/adapters/adapterDebugCodes.h
[2022-06-20T14:49:54.890Z]     -- promoting: S:/jenkins/workspace/ECP/ecg-maya-usd/ecg-mayausd-branch-preflight-2020-windows/ecg-maya-usd/maya-usd/lib/usd/hdMaya/adapters/adapterRegistry.h
[2022-06-20T14:49:54.890Z]     -- promoting: S:/jenkins/workspace/ECP/ecg-maya-usd/ecg-mayausd-branch-preflight-2020-windows/ecg-maya-usd/maya-usd/lib/usd/hdMaya/adapters/cameraAdapter.h
[2022-06-20T14:49:54.890Z]     -- promoting: S:/jenkins/workspace/ECP/ecg-maya-usd/ecg-mayausd-branch-preflight-2020-windows/ecg-maya-usd/maya-usd/lib/usd/hdMaya/adapters/constantShadowMatrix.h
[2022-06-20T14:49:54.890Z]     -- promoting: S:/jenkins/workspace/ECP/ecg-maya-usd/ecg-mayausd-branch-preflight-2020-windows/ecg-maya-usd/maya-usd/lib/usd/hdMaya/adapters/dagAdapter.h
[2022-06-20T14:49:54.890Z]     -- promoting: S:/jenkins/workspace/ECP/ecg-maya-usd/ecg-mayausd-branch-preflight-2020-windows/ecg-maya-usd/maya-usd/lib/usd/hdMaya/adapters/lightAdapter.h
[2022-06-20T14:49:54.890Z]     -- promoting: S:/jenkins/workspace/ECP/ecg-maya-usd/ecg-mayausd-branch-preflight-2020-windows/ecg-maya-usd/maya-usd/lib/usd/hdMaya/adapters/proxyAdapter.h
[2022-06-20T14:49:54.890Z]     -- promoting: S:/jenkins/workspace/ECP/ecg-maya-usd/ecg-mayausd-branch-preflight-2020-windows/ecg-maya-usd/maya-usd/lib/usd/hdMaya/adapters/materialAdapter.h
[2022-06-20T14:49:54.890Z]     -- promoting: S:/jenkins/workspace/ECP/ecg-maya-usd/ecg-mayausd-branch-preflight-2020-windows/ecg-maya-usd/maya-usd/lib/usd/hdMaya/adapters/materialNetworkConverter.h
[2022-06-20T14:49:54.890Z]     -- promoting: S:/jenkins/workspace/ECP/ecg-maya-usd/ecg-mayausd-branch-preflight-2020-windows/ecg-maya-usd/maya-usd/lib/usd/hdMaya/adapters/mayaAttrs.h
[2022-06-20T14:49:54.890Z]     -- promoting: S:/jenkins/workspace/ECP/ecg-maya-usd/ecg-mayausd-branch-preflight-2020-windows/ecg-maya-usd/maya-usd/lib/usd/hdMaya/adapters/shapeAdapter.h
[2022-06-20T14:49:54.890Z]     -- promoting: S:/jenkins/workspace/ECP/ecg-maya-usd/ecg-mayausd-branch-preflight-2020-windows/ecg-maya-usd/maya-usd/lib/usd/hdMaya/adapters/tokens.h
[2022-06-20T14:49:54.890Z]     -- promoting: S:/jenkins/workspace/ECP/ecg-maya-usd/ecg-mayausd-branch-preflight-2020-windows/ecg-maya-usd/maya-usd/lib/usd/hdMaya/delegates/delegate.h
[2022-06-20T14:49:54.891Z]     -- promoting: S:/jenkins/workspace/ECP/ecg-maya-usd/ecg-mayausd-branch-preflight-2020-windows/ecg-maya-usd/maya-usd/lib/usd/hdMaya/delegates/delegateCtx.h
[2022-06-20T14:49:54.891Z]     -- promoting: S:/jenkins/workspace/ECP/ecg-maya-usd/ecg-mayausd-branch-preflight-2020-windows/ecg-maya-usd/maya-usd/lib/usd/hdMaya/delegates/delegateDebugCodes.h
[2022-06-20T14:49:54.891Z]     -- promoting: S:/jenkins/workspace/ECP/ecg-maya-usd/ecg-mayausd-branch-preflight-2020-windows/ecg-maya-usd/maya-usd/lib/usd/hdMaya/delegates/delegateRegistry.h
[2022-06-20T14:49:54.891Z]     -- promoting: S:/jenkins/workspace/ECP/ecg-maya-usd/ecg-mayausd-branch-preflight-2020-windows/ecg-maya-usd/maya-usd/lib/usd/hdMaya/delegates/params.h
[2022-06-20T14:49:54.891Z]     -- promoting: S:/jenkins/workspace/ECP/ecg-maya-usd/ecg-mayausd-branch-preflight-2020-windows/ecg-maya-usd/maya-usd/lib/usd/hdMaya/delegates/proxyDelegate.h
[2022-06-20T14:49:54.891Z]     -- promoting: S:/jenkins/workspace/ECP/ecg-maya-usd/ecg-mayausd-branch-preflight-2020-windows/ecg-maya-usd/maya-usd/lib/usd/hdMaya/delegates/proxyUsdImagingDelegate.h
[2022-06-20T14:49:54.891Z]     -- promoting: S:/jenkins/workspace/ECP/ecg-maya-usd/ecg-mayausd-branch-preflight-2020-windows/ecg-maya-usd/maya-usd/lib/usd/hdMaya/delegates/sceneDelegate.h
[2022-06-20T14:49:54.891Z]     -- promoting: S:/jenkins/workspace/ECP/ecg-maya-usd/ecg-mayausd-branch-preflight-2020-windows/ecg-maya-usd/maya-usd/lib/usd/hdMaya/delegates/testDelegate.h
[2022-06-20T14:49:54.891Z]     -- promoting: S:/jenkins/workspace/ECP/ecg-maya-usd/ecg-mayausd-branch-preflight-2020-windows/ecg-maya-usd/maya-usd/lib/usd/pxrUsdPreviewSurface/usdPreviewSurface.h
[2022-06-20T14:49:54.891Z]     -- promoting: S:/jenkins/workspace/ECP/ecg-maya-usd/ecg-mayausd-branch-preflight-2020-windows/ecg-maya-usd/maya-usd/lib/usd/pxrUsdPreviewSurface/usdPreviewSurfacePlugin.h
[2022-06-20T14:49:54.892Z]     -- promoting: S:/jenkins/workspace/ECP/ecg-maya-usd/ecg-mayausd-branch-preflight-2020-windows/ecg-maya-usd/maya-usd/lib/usd/schemas/api.h
[2022-06-20T14:49:54.892Z]     -- promoting: S:/jenkins/workspace/ECP/ecg-maya-usd/ecg-mayausd-branch-preflight-2020-windows/ecg-maya-usd/maya-usd/lib/usd/schemas/ALMayaReference.h
[2022-06-20T14:49:54.892Z]     -- promoting: S:/jenkins/workspace/ECP/ecg-maya-usd/ecg-mayausd-branch-preflight-2020-windows/ecg-maya-usd/maya-usd/lib/usd/schemas/MayaReference.h
[2022-06-20T14:49:54.892Z]     -- promoting: S:/jenkins/workspace/ECP/ecg-maya-usd/ecg-mayausd-branch-preflight-2020-windows/ecg-maya-usd/maya-usd/lib/usd/schemas/tokens.h
[2022-06-20T14:49:55.261Z]     #################################################################################################
[2022-06-20T14:49:55.261Z]     #  USD_DISABLE_PRIM_DEFINITIONS_FOR_USDGENSCHEMA is overridden to 'true'.  Default is 'false'.  #
[2022-06-20T14:49:55.261Z]     #################################################################################################
[2022-06-20T14:49:55.639Z]     Processing schema classes:
[2022-06-20T14:49:55.639Z]     MayaReference, ALMayaReference
[2022-06-20T14:49:55.639Z]     Loading Templates from p:\shared\Artifactory\Windows\USD\c1313e5\lib\usd\usd\resources\codegenTemplates
[2022-06-20T14:49:55.639Z]     Writing API:
[2022-06-20T14:49:55.639Z]     	    wrote W:\build\RelWithDebInfo\lib\usd\schemas\api.h
[2022-06-20T14:49:55.639Z]     Writing Schema Tokens:
[2022-06-20T14:49:55.639Z]     	    wrote W:\build\RelWithDebInfo\lib\usd\schemas\tokens.h
[2022-06-20T14:49:55.639Z]     	    wrote W:\build\RelWithDebInfo\lib\usd\schemas\tokens.cpp
[2022-06-20T14:49:55.639Z]     	    wrote W:\build\RelWithDebInfo\lib\usd\schemas\wrapTokens.cpp
[2022-06-20T14:49:55.639Z]     Generating Classes:
[2022-06-20T14:49:55.639Z]     	    wrote W:\build\RelWithDebInfo\lib\usd\schemas\MayaReference.h
[2022-06-20T14:49:55.639Z]     	    wrote W:\build\RelWithDebInfo\lib\usd\schemas\MayaReference.cpp
[2022-06-20T14:49:55.639Z]     	    wrote W:\build\RelWithDebInfo\lib\usd\schemas\wrapMayaReference.cpp
[2022-06-20T14:49:55.639Z]     	    wrote W:\build\RelWithDebInfo\lib\usd\schemas\ALMayaReference.h
[2022-06-20T14:49:55.639Z]     	    wrote W:\build\RelWithDebInfo\lib\usd\schemas\ALMayaReference.cpp
[2022-06-20T14:49:55.639Z]     	    wrote W:\build\RelWithDebInfo\lib\usd\schemas\wrapALMayaReference.cpp
[2022-06-20T14:49:55.639Z]     Loading Templates from p:\shared\Artifactory\Windows\USD\c1313e5\lib\usd\usd\resources\codegenTemplates
[2022-06-20T14:49:55.639Z]     	    wrote W:\build\RelWithDebInfo\lib\usd\schemas\plugInfo.json
[2022-06-20T14:49:55.639Z]     Generating Schematics:
[2022-06-20T14:49:55.639Z]     	    wrote W:\build\RelWithDebInfo\lib\usd\schemas\generatedSchema.usda
[2022-06-20T14:49:55.639Z]     -- promoting: S:/jenkins/workspace/ECP/ecg-maya-usd/ecg-mayausd-branch-preflight-2020-windows/ecg-maya-usd/maya-usd/lib/usd/utils/ALHalf.h
[2022-06-20T14:49:55.639Z]     -- promoting: S:/jenkins/workspace/ECP/ecg-maya-usd/ecg-mayausd-branch-preflight-2020-windows/ecg-maya-usd/maya-usd/lib/usd/utils/Api.h
[2022-06-20T14:49:55.639Z]     -- promoting: S:/jenkins/workspace/ECP/ecg-maya-usd/ecg-mayausd-branch-preflight-2020-windows/ecg-maya-usd/maya-usd/lib/usd/utils/DebugCodes.h
[2022-06-20T14:49:55.639Z]     -- promoting: S:/jenkins/workspace/ECP/ecg-maya-usd/ecg-mayausd-branch-preflight-2020-windows/ecg-maya-usd/maya-usd/lib/usd/utils/DiffCore.h
[2022-06-20T14:49:55.639Z]     -- promoting: S:/jenkins/workspace/ECP/ecg-maya-usd/ecg-mayausd-branch-preflight-2020-windows/ecg-maya-usd/maya-usd/lib/usd/utils/DiffPrims.h
[2022-06-20T14:49:55.639Z]     -- promoting: S:/jenkins/workspace/ECP/ecg-maya-usd/ecg-mayausd-branch-preflight-2020-windows/ecg-maya-usd/maya-usd/lib/usd/utils/MergePrims.h
[2022-06-20T14:49:55.639Z]     -- promoting: S:/jenkins/workspace/ECP/ecg-maya-usd/ecg-mayausd-branch-preflight-2020-windows/ecg-maya-usd/maya-usd/lib/usd/utils/MergePrimsOptions.h
[2022-06-20T14:49:55.639Z]     -- promoting: S:/jenkins/workspace/ECP/ecg-maya-usd/ecg-mayausd-branch-preflight-2020-windows/ecg-maya-usd/maya-usd/lib/usd/utils/ForwardDeclares.h
[2022-06-20T14:49:55.639Z]     -- promoting: S:/jenkins/workspace/ECP/ecg-maya-usd/ecg-mayausd-branch-preflight-2020-windows/ecg-maya-usd/maya-usd/lib/usd/utils/SIMD.h
[2022-06-20T14:49:55.639Z]     -- promoting: S:/jenkins/workspace/ECP/ecg-maya-usd/ecg-mayausd-branch-preflight-2020-windows/ecg-maya-usd/maya-usd/lib/usd/utils/util.h
[2022-06-20T14:49:55.639Z]     -- promoting: S:/jenkins/workspace/ECP/ecg-maya-usd/ecg-mayausd-branch-preflight-2020-windows/ecg-maya-usd/maya-usd/lib/usd/ui/layerEditor/batchSaveLayersUIDelegate.h
[2022-06-20T14:49:55.639Z]     -- promoting: S:/jenkins/workspace/ECP/ecg-maya-usd/ecg-mayausd-branch-preflight-2020-windows/ecg-maya-usd/maya-usd/lib/usd/ui/importDialog/IMayaMQtUtil.h
[2022-06-20T14:49:55.639Z]     -- promoting: S:/jenkins/workspace/ECP/ecg-maya-usd/ecg-mayausd-branch-preflight-2020-windows/ecg-maya-usd/maya-usd/lib/usd/ui/importDialog/ItemDelegate.h
[2022-06-20T14:49:55.639Z]     -- promoting: S:/jenkins/workspace/ECP/ecg-maya-usd/ecg-mayausd-branch-preflight-2020-windows/ecg-maya-usd/maya-usd/lib/usd/ui/importDialog/IUSDImportView.h
[2022-06-20T14:49:55.639Z]     -- promoting: S:/jenkins/workspace/ECP/ecg-maya-usd/ecg-mayausd-branch-preflight-2020-windows/ecg-maya-usd/maya-usd/lib/usd/ui/importDialog/TreeItem.h
[2022-06-20T14:49:55.639Z]     -- promoting: S:/jenkins/workspace/ECP/ecg-maya-usd/ecg-mayausd-branch-preflight-2020-windows/ecg-maya-usd/maya-usd/lib/usd/ui/importDialog/TreeModel.h
[2022-06-20T14:49:55.639Z]     -- promoting: S:/jenkins/workspace/ECP/ecg-maya-usd/ecg-mayausd-branch-preflight-2020-windows/ecg-maya-usd/maya-usd/lib/usd/ui/importDialog/TreeModelFactory.h
[2022-06-20T14:49:55.639Z]     -- promoting: S:/jenkins/workspace/ECP/ecg-maya-usd/ecg-mayausd-branch-preflight-2020-windows/ecg-maya-usd/maya-usd/lib/usd/ui/importDialog/USDImportDialog.h
[2022-06-20T14:49:55.639Z]     -- promoting: S:/jenkins/workspace/ECP/ecg-maya-usd/ecg-mayausd-branch-preflight-2020-windows/ecg-maya-usd/maya-usd/lib/usd/ui/importDialog/USDImportDialogCmd.h
[2022-06-20T14:49:55.639Z]     -- promoting: S:/jenkins/workspace/ECP/ecg-maya-usd/ecg-mayausd-branch-preflight-2020-windows/ecg-maya-usd/maya-usd/lib/usd/ui/importDialog/USDQtUtil.h
[2022-06-20T14:49:55.639Z]     -- promoting: S:/jenkins/workspace/ECP/ecg-maya-usd/ecg-mayausd-branch-preflight-2020-windows/ecg-maya-usd/maya-usd/lib/usd/ui/api.h
[2022-06-20T14:49:55.639Z]     -- promoting: S:/jenkins/workspace/ECP/ecg-maya-usd/ecg-mayausd-branch-preflight-2020-windows/ecg-maya-usd/maya-usd/lib/usd/ui/initStringResources.h
[2022-06-20T14:49:55.639Z]     ========== Pixar USD Plugin ==========
[2022-06-20T14:49:55.639Z]     Compiling W:/build/RelWithDebInfo/plugin/pxr/__init__.py ...
[2022-06-20T14:49:56.007Z]     ========== AL USD Plugin ==========
[2022-06-20T14:49:56.007Z]     CMake Deprecation Warning at plugin/al/CMakeLists.txt:7 (cmake_policy):
[2022-06-20T14:49:56.007Z]       The OLD behavior for policy CMP0026 will be removed from a future version
[2022-06-20T14:49:56.007Z]       of CMake.
[2022-06-20T14:49:56.007Z]     
[2022-06-20T14:49:56.007Z]       The cmake-policies(7) manual explains that the OLD behaviors of all
[2022-06-20T14:49:56.007Z]       policies are deprecated and that a policy should be set to OLD only under
[2022-06-20T14:49:56.007Z]       specific short-term circumstances.  Projects should be ported to the NEW
[2022-06-20T14:49:56.007Z]       behavior and not rely on setting a policy to OLD.
[2022-06-20T14:49:56.007Z]     
[2022-06-20T14:49:56.007Z]     
[2022-06-20T14:49:56.007Z]     -- Found Boost 1.70.0 at P:/shared/Artifactory/Windows/USD/c1313e5/lib/cmake/Boost-1.70.0
[2022-06-20T14:49:56.007Z]     --   Requested configuration: QUIET REQUIRED
[2022-06-20T14:49:56.007Z]     -- Found boost_headers 1.70.0 at P:/shared/Artifactory/Windows/USD/c1313e5/lib/cmake/boost_headers-1.70.0
[2022-06-20T14:49:56.007Z]     -- Found Boost: P:/shared/Artifactory/Windows/USD/c1313e5/lib/cmake/Boost-1.70.0/BoostConfig.cmake (found version "1.70.0")
[2022-06-20T14:49:56.007Z]     -- Found Boost 1.70.0 at P:/shared/Artifactory/Windows/USD/c1313e5/lib/cmake/Boost-1.70.0
[2022-06-20T14:49:56.007Z]     --   Requested configuration: QUIET REQUIRED COMPONENTS python
[2022-06-20T14:49:56.007Z]     -- Found boost_python 1.70.0 at P:/shared/Artifactory/Windows/USD/c1313e5/lib/cmake/boost_python-1.70.0
[2022-06-20T14:49:56.007Z]     --   boost_python27-vc141-mt-x64-1_70.lib
[2022-06-20T14:49:56.007Z]     -- Adding boost_python dependencies: headers
[2022-06-20T14:49:56.007Z]     -- Found Boost: P:/shared/Artifactory/Windows/USD/c1313e5/lib/cmake/Boost-1.70.0/BoostConfig.cmake (found version "1.70.0") found components: python
[2022-06-20T14:49:56.400Z]     -- Found GTest: W:/build/RelWithDebInfo/googletest-install/lib/gtest.lib
[2022-06-20T14:49:57.845Z]     -- Building AL_USDMayaSchemas
[2022-06-20T14:49:58.222Z]     #################################################################################################
[2022-06-20T14:49:58.222Z]     #  USD_DISABLE_PRIM_DEFINITIONS_FOR_USDGENSCHEMA is overridden to 'true'.  Default is 'false'.  #
[2022-06-20T14:49:58.222Z]     #################################################################################################
[2022-06-20T14:49:58.626Z]     Processing schema classes:
[2022-06-20T14:49:58.626Z]     ALModelAPI, ALFrameRange
[2022-06-20T14:49:58.626Z]     Loading Templates from p:\shared\Artifactory\Windows\USD\c1313e5\lib\usd\usd\resources\codegenTemplates
[2022-06-20T14:49:58.626Z]     Writing API:
[2022-06-20T14:49:58.626Z]     	    wrote W:\build\RelWithDebInfo\plugin\al\schemas\AL\usd\schemas\maya\api.h
[2022-06-20T14:49:58.626Z]     Writing Schema Tokens:
[2022-06-20T14:49:58.626Z]     	    wrote W:\build\RelWithDebInfo\plugin\al\schemas\AL\usd\schemas\maya\tokens.h
[2022-06-20T14:49:58.626Z]     	    wrote W:\build\RelWithDebInfo\plugin\al\schemas\AL\usd\schemas\maya\tokens.cpp
[2022-06-20T14:49:58.626Z]     	    wrote W:\build\RelWithDebInfo\plugin\al\schemas\AL\usd\schemas\maya\wrapTokens.cpp
[2022-06-20T14:49:58.626Z]     Generating Classes:
[2022-06-20T14:49:58.626Z]     	    wrote W:\build\RelWithDebInfo\plugin\al\schemas\AL\usd\schemas\maya\ModelAPI.h
[2022-06-20T14:49:58.626Z]     	    wrote W:\build\RelWithDebInfo\plugin\al\schemas\AL\usd\schemas\maya\ModelAPI.cpp
[2022-06-20T14:49:58.626Z]     	    wrote W:\build\RelWithDebInfo\plugin\al\schemas\AL\usd\schemas\maya\wrapModelAPI.cpp
[2022-06-20T14:49:58.626Z]     	    wrote W:\build\RelWithDebInfo\plugin\al\schemas\AL\usd\schemas\maya\FrameRange.h
[2022-06-20T14:49:58.626Z]     	    wrote W:\build\RelWithDebInfo\plugin\al\schemas\AL\usd\schemas\maya\FrameRange.cpp
[2022-06-20T14:49:58.626Z]     	    wrote W:\build\RelWithDebInfo\plugin\al\schemas\AL\usd\schemas\maya\wrapFrameRange.cpp
[2022-06-20T14:49:58.626Z]     Loading Templates from p:\shared\Artifactory\Windows\USD\c1313e5\lib\usd\usd\resources\codegenTemplates
[2022-06-20T14:49:58.626Z]     	    wrote W:\build\RelWithDebInfo\plugin\al\schemas\AL\usd\schemas\maya\plugInfo.json
[2022-06-20T14:49:58.626Z]     Generating Schematics:
[2022-06-20T14:49:58.626Z]     	    wrote W:\build\RelWithDebInfo\plugin\al\schemas\AL\usd\schemas\maya\generatedSchema.usda
[2022-06-20T14:49:59.410Z]     #################################################################################################
[2022-06-20T14:49:59.410Z]     #  USD_DISABLE_PRIM_DEFINITIONS_FOR_USDGENSCHEMA is overridden to 'true'.  Default is 'false'.  #
[2022-06-20T14:49:59.410Z]     #################################################################################################
[2022-06-20T14:49:59.782Z]     Processing schema classes:
[2022-06-20T14:49:59.782Z]     ALExamplePolyCubeNode
[2022-06-20T14:49:59.782Z]     Loading Templates from p:\shared\Artifactory\Windows\USD\c1313e5\lib\usd\usd\resources\codegenTemplates
[2022-06-20T14:49:59.782Z]     Writing API:
[2022-06-20T14:49:59.782Z]     	    wrote W:\build\RelWithDebInfo\plugin\al\schemas\AL\usd\schemas\mayatest\api.h
[2022-06-20T14:49:59.782Z]     Writing Schema Tokens:
[2022-06-20T14:49:59.782Z]     	    wrote W:\build\RelWithDebInfo\plugin\al\schemas\AL\usd\schemas\mayatest\tokens.h
[2022-06-20T14:49:59.782Z]     	    wrote W:\build\RelWithDebInfo\plugin\al\schemas\AL\usd\schemas\mayatest\tokens.cpp
[2022-06-20T14:49:59.782Z]     	    wrote W:\build\RelWithDebInfo\plugin\al\schemas\AL\usd\schemas\mayatest\wrapTokens.cpp
[2022-06-20T14:49:59.782Z]     Generating Classes:
[2022-06-20T14:49:59.782Z]     	    wrote W:\build\RelWithDebInfo\plugin\al\schemas\AL\usd\schemas\mayatest\ExamplePolyCubeNode.h
[2022-06-20T14:49:59.782Z]     	    wrote W:\build\RelWithDebInfo\plugin\al\schemas\AL\usd\schemas\mayatest\ExamplePolyCubeNode.cpp
[2022-06-20T14:49:59.782Z]     	    wrote W:\build\RelWithDebInfo\plugin\al\schemas\AL\usd\schemas\mayatest\wrapExamplePolyCubeNode.cpp
[2022-06-20T14:49:59.782Z]     Loading Templates from p:\shared\Artifactory\Windows\USD\c1313e5\lib\usd\usd\resources\codegenTemplates
[2022-06-20T14:49:59.782Z]     	    wrote W:\build\RelWithDebInfo\plugin\al\schemas\AL\usd\schemas\mayatest\plugInfo.json
[2022-06-20T14:49:59.782Z]     Generating Schematics:
[2022-06-20T14:49:59.782Z]     	    wrote W:\build\RelWithDebInfo\plugin\al\schemas\AL\usd\schemas\mayatest\generatedSchema.usda
[2022-06-20T14:49:59.782Z]     -- Building AL_USDMayaTranslators
[2022-06-20T14:49:59.782Z]     ========== ADSK USD Plugin ==========
[2022-06-20T14:49:59.782Z]     -- Configuring done
[2022-06-20T14:50:01.679Z]     -- Generating done
[2022-06-20T14:50:01.679Z]     -- Build files have been written to: W:/build/RelWithDebInfo
[2022-06-20T14:50:01.679Z]     
[2022-06-20T14:50:01.679Z]         Building with settings:
[2022-06-20T14:50:01.679Z]           Source directory          S:\jenkins\workspace\ECP\ecg-maya-usd\ecg-mayausd-branch-preflight-2020-windows\ecg-maya-usd\maya-usd
[2022-06-20T14:50:01.679Z]           Workspace directory       W:\
[2022-06-20T14:50:01.679Z]           Build directory           W:\build\RelWithDebInfo
[2022-06-20T14:50:01.679Z]           Install directory         W:\install\RelWithDebInfo\MayaUSD
[2022-06-20T14:50:01.679Z]           Variant                   RelWithDebInfo
[2022-06-20T14:50:01.679Z]           Python Debug              Off
[2022-06-20T14:50:01.679Z]           CMake generator           Ninja
[2022-06-20T14:50:01.679Z]           Build arguments           ['-DCMAKE_MAKE_PROGRAM=P:/shared/Artifactory/Windows/ninja/1.9.0/c68f192/ninja.exe', '-DPYTHON_INCLUDE_DIR=P:/shared/Artifactory/Windows/rundev-2020/202107140359/runtime/5d64bf0/runTime/include/Python', '-DPython_EXECUTABLE=P:/shared/Artifactory/Windows/rundev-2020/202107140359/runtime/5d64bf0/runTime/bin/mayapy.exe', '-DPYTHON_LIBRARIES=P:/shared/Artifactory/Windows/rundev-2020/202107140359/runtime/5d64bf0/runTime/lib/python27.lib', '-DUSD_LIB_PREFIX=', '-DCMAKE_WANT_MATERIALX_BUILD=ON', '-DCMAKE_PREFIX_PATH=P:\\shared\\Artifactory\\Windows\\USD\\c1313e5']
[2022-06-20T14:50:01.679Z]           Stages arguments          ['configure']
[2022-06-20T14:50:01.679Z]           CTest arguments           ['-E testUsdReferenceAssemblySelection|testUsdMayaAppDir', '-LE interactive', '--parallel 16']
[2022-06-20T14:50:01.679Z]     Success MayaUSD build and install !!!!
[2022-06-20T14:50:01.679Z]     Elapsed time: 00:00:54
[Pipeline] bat
[2022-06-20T14:50:02.504Z] Deleting alias drive W:
[Pipeline] bat
[2022-06-20T14:50:03.319Z] Deleting alias drive P:
[Pipeline] }
[Pipeline] // withEnv
[Pipeline] }
[Pipeline] // timeout
[Pipeline] }
[Pipeline] // stage
[Pipeline] }
[Pipeline] // timestamps
[Pipeline] timestamps
[Pipeline] {
[Pipeline] stage
[Pipeline] { (Build)
[Pipeline] timeout
[2022-06-20T14:50:03.995Z] Timeout set to expire in 6 hr 0 min
[Pipeline] {
[Pipeline] withEnv
[Pipeline] {
[Pipeline] bat
[2022-06-20T14:50:04.995Z] Creating alias drive P: to S:\jenkins\workspace
[Pipeline] bat
[2022-06-20T14:50:05.885Z] Creating alias drive W: to S:\jenkins\workspace\ECP\ecg-maya-usd\ecg-mayausd-branch-preflight-2020-windows
[Pipeline] bat
[2022-06-20T14:50:07.358Z] "C:\Program Files (x86)\Microsoft Visual Studio\2017\Professional\VC\Auxiliary\Build\vcvarsall.bat" x64
[2022-06-20T14:50:07.358Z] **********************************************************************
[2022-06-20T14:50:07.358Z] ** Visual Studio 2017 Developer Command Prompt v15.9.15
[2022-06-20T14:50:07.358Z] ** Copyright (c) 2017 Microsoft Corporation
[2022-06-20T14:50:07.358Z] **********************************************************************
[2022-06-20T14:50:08.270Z] [vcvarsall.bat] Environment initialized for: 'x64'
[2022-06-20T14:50:08.270Z] python ecg-maya-usd/build.py --stages=build --workspace-dir=W:\ --artifactory-dir=P:\shared\Artifactory --build-dir=W:\build --install-dir=W:\install --signing-dir=W:\signing --package-dir=W:\package --output-dir=W:\output --stash-dir=W:\stash --jenkins-build=37 --git-commit=cac2a7af578730a5aa15a0a6736f60bddae180f5 --git-branch=master --variants=RelWithDebInfo --python=2.7 --post-zips=false --build-retry=3 --maya-cut-config=maya-rundev-2020.yaml --maya-package=rundev-2020 --stage-banner
[2022-06-20T14:50:09.620Z] Using Maya cut from P:\shared\Artifactory\Windows\rundev-2020\202107140359\runtime\5d64bf0
[2022-06-20T14:50:09.620Z] Using Maya ADSK Signatures from P:\shared\Artifactory\Windows\adsk-plugin-signatures-maya\2023\c1dbfce
[2022-06-20T14:50:09.620Z] Using Maya Security Library from P:\shared\Artifactory\Windows\maya-security-library\3.1.0\084709f
[2022-06-20T14:50:09.620Z] 
[2022-06-20T14:50:09.620Z] ================================================================================
[2022-06-20T14:50:09.620Z]                              build (RelWithDebInfo)
[2022-06-20T14:50:09.620Z] ================================================================================
[2022-06-20T14:50:09.620Z] Maya Python RelWithDebInfo Info:
[2022-06-20T14:50:09.620Z]   mayapy executable   = P:\shared\Artifactory\Windows\rundev-2020\202107140359\runtime\5d64bf0\runTime\bin\mayapy.exe
[2022-06-20T14:50:09.620Z]   Include Folder      = P:\shared\Artifactory\Windows\rundev-2020\202107140359\runtime\5d64bf0\runTime\include\Python
[2022-06-20T14:50:09.620Z]   Library             = P:\shared\Artifactory\Windows\rundev-2020\202107140359\runtime\5d64bf0\runTime\lib\python27.lib
[2022-06-20T14:50:09.620Z]   site-package Folder = P:\shared\Artifactory\Windows\rundev-2020\202107140359\runtime\5d64bf0\runTime\Python\Lib\site-packages
[2022-06-20T14:50:09.989Z] In workdir: S:\jenkins\workspace\ECP\ecg-maya-usd\ecg-mayausd-branch-preflight-2020-windows\ecg-maya-usd\maya-usd
[2022-06-20T14:50:09.989Z] Executing: 'P:\\shared\\Artifactory\\Windows\\rundev-2020\\202107140359\\runtime\\5d64bf0\\runTime\\bin\\mayapy.exe' 'S:\\jenkins\\workspace\\ECP\\ecg-maya-usd\\ecg-mayausd-branch-preflight-2020-windows\\ecg-maya-usd\\maya-usd\\build.py' --generator Ninja --build-relwithdebug --maya-location 'P:\\shared\\Artifactory\\Windows\\rundev-2020\\202107140359\\runtime\\5d64bf0\\runTime' --devkit-location 'P:\\shared\\Artifactory\\Windows\\rundev-2020\\202107140359\\runtime\\5d64bf0\\devkitBase' --pxrusd-location 'P:\\shared\\Artifactory\\Windows\\USD\\c1313e5' --qt-location 'P:\\shared\\Artifactory\\Windows\\qt\\5.12.5\\4755980' '--build-args=-DCMAKE_MAKE_PROGRAM=P:/shared/Artifactory/Windows/ninja/1.9.0/c68f192/ninja.exe,-DPYTHON_INCLUDE_DIR=P:/shared/Artifactory/Windows/rundev-2020/202107140359/runtime/5d64bf0/runTime/include/Python,-DPython_EXECUTABLE=P:/shared/Artifactory/Windows/rundev-2020/202107140359/runtime/5d64bf0/runTime/bin/mayapy.exe,-DPYTHON_LIBRARIES=P:/shared/Artifactory/Windows/rundev-2020/202107140359/runtime/5d64bf0/runTime/lib/python27.lib,-DUSD_LIB_PREFIX=,-DCMAKE_WANT_MATERIALX_BUILD=ON,-DCMAKE_PREFIX_PATH=P:\\shared\\Artifactory\\Windows\\USD\\c1313e5' '--ctest-args=-E testUsdReferenceAssemblySelection|testUsdMayaAppDir,-LE interactive,--parallel 16' --stages=build --redirect-outstream-file=False --install-location 'W:\\install\\RelWithDebInfo\\MayaUSD' 'W:\\'
[2022-06-20T14:50:09.989Z] Modified environment variables:
[2022-06-20T14:50:09.989Z]     PATH=P:\shared\Artifactory\Windows\cmake\3.20.3\afe857a\bin;C:\Python27\lib\site-packages\pywin32_system32;C:\Program Files (x86)\Microsoft Visual Studio\2017\Professional\VC\Tools\MSVC\14.16.27023\bin\HostX64\x64;C:\Program Files (x86)\Microsoft Visual Studio\2017\Professional\Common7\IDE\VC\VCPackages;C:\Program Files (x86)\Microsoft Visual Studio\2017\Professional\Common7\IDE\CommonExtensions\Microsoft\TestWindow;C:\Program Files (x86)\Microsoft Visual Studio\2017\Professional\Common7\IDE\CommonExtensions\Microsoft\TeamFoundation\Team Explorer;C:\Program Files (x86)\Microsoft Visual Studio\2017\Professional\MSBuild\15.0\bin\Roslyn;C:\Program Files (x86)\Microsoft Visual Studio\2017\Professional\Team Tools\Performance Tools\x64;C:\Program Files (x86)\Microsoft Visual Studio\2017\Professional\Team Tools\Performance Tools;C:\Program Files (x86)\Microsoft Visual Studio\Shared\Common\VSPerfCollectionTools\\x64;C:\Program Files (x86)\Microsoft Visual Studio\Shared\Common\VSPerfCollectionTools\;C:\Program Files (x86)\Microsoft SDKs\Windows\v10.0A\bin\NETFX 4.6.1 Tools\x64\;C:\Program Files (x86)\HTML Help Workshop;C:\Program Files (x86)\Windows Kits\10\bin\10.0.18362.0\x64;C:\Program Files (x86)\Windows Kits\10\bin\x64;C:\Program Files (x86)\Microsoft Visual Studio\2017\Professional\\MSBuild\15.0\bin;C:\WINDOWS\Microsoft.NET\Framework64\v4.0.30319;C:\Program Files (x86)\Microsoft Visual Studio\2017\Professional\Common7\IDE\;C:\Program Files (x86)\Microsoft Visual Studio\2017\Professional\Common7\Tools\;C:\Python27\;C:\Python27\Scripts;C:\WINDOWS\system32;C:\WINDOWS;C:\WINDOWS\System32\Wbem;C:\WINDOWS\System32\WindowsPowerShell\v1.0\;C:\WINDOWS\System32\OpenSSH\;C:\ProgramData\chocolatey\bin;C:\Program Files (x86)\WiX Toolset v3.7\bin;C:\Program Files\dotnet\;C:\Program Files (x86)\Windows Kits\10\bin\10.0.18362.0\x64;C:\Program Files\Zulu\zulu-11\bin\;C:\Program Files (x86)\Windows Kits\10\bin\10.0.17763.0\x64;C:\Program Files (x86)\Windows Kits\10\bin\x64;C:\Program Files\Git\cmd;C:\Program Files\Git\usr\bin;C:\Program Files\Git\mingw64\bin;C:\Program Files\Git\bin;C:\Python38\;C:\Python38\Scripts;C:\StoreBoxClientWindows;C:\Program Files\Electric Cloud\ElectricCommander\bin;C:\Program Files\WinRAR;C:\Program Files\7-Zip;C:\Users\Administrator\AppData\Local\Microsoft\WindowsApps;C:\Program Files (x86)\Microsoft Visual Studio\2017\Professional\Common7\IDE\CommonExtensions\Microsoft\CMake\CMake\bin;C:\Program Files (x86)\Microsoft Visual Studio\2017\Professional\Common7\IDE\CommonExtensions\Microsoft\CMake\Ninja
[2022-06-20T14:50:11.674Z]     [1/661] Building CXX object test\lib\usd\plugin\CMakeFiles\usdTestInfoImportChaser.dir\plugin.cpp.obj
[2022-06-20T14:50:11.674Z]     [2/661] Building CXX object test\lib\usd\plugin\CMakeFiles\usdTestApiWriter.dir\plugin.cpp.obj
[2022-06-20T14:50:11.674Z]     [3/661] Building CXX object test\lib\usd\plugin\CMakeFiles\usdTestMayaPlugin.dir\plugin.cpp.obj
[2022-06-20T14:50:12.110Z]     [4/661] Building CXX object test\lib\usd\utils\CMakeFiles\testDiffValues.dir\main.cpp.obj
[2022-06-20T14:50:12.110Z]     [5/661] Building CXX object test\lib\usd\utils\CMakeFiles\testDiffCore.dir\main.cpp.obj
[2022-06-20T14:50:12.110Z]     [6/661] Building CXX object test\lib\mayaUsd\utils\CMakeFiles\testSplitString.dir\main.cpp.obj
[2022-06-20T14:50:12.524Z]     [7/661] Building CXX object test\lib\usd\utils\CMakeFiles\testDiffCore.dir\test_DiffCore.cpp.obj
[2022-06-20T14:50:14.192Z]     [8/661] Building CXX object test\lib\usd\utils\CMakeFiles\testDiffPrims.dir\main.cpp.obj
[2022-06-20T14:50:18.417Z]     [9/661] Building CXX object test\lib\usd\utils\CMakeFiles\testDiffValues.dir\test_DiffValues.cpp.obj
[2022-06-20T14:50:19.256Z]     [10/661] Building CXX object test\lib\usd\plugin\CMakeFiles\usdTestApiWriter.dir\nullApiExporter.cpp.obj
[2022-06-20T14:50:19.710Z]     [11/661] Building CXX object test\lib\usd\plugin\CMakeFiles\usdTestInfoImportChaser.dir\infoImportChaser.cpp.obj
[2022-06-20T14:50:19.710Z]     [12/661] Building CXX object test\lib\usd\plugin\CMakeFiles\usdTestApiWriter.dir\bulletAdaptor.cpp.obj
[2022-06-20T14:50:19.710Z]     [13/661] Building CXX object test\lib\usd\plugin\CMakeFiles\usdTestUsdPlugin.dir\mayaShaderTranslation.cpp.obj
[2022-06-20T14:50:20.150Z]     [14/661] Building CXX object test\lib\usd\plugin\CMakeFiles\usdTestMayaPlugin.dir\mayaShaderTranslation.cpp.obj
[2022-06-20T14:50:20.150Z]     [15/661] Building CXX object test\lib\usd\utils\CMakeFiles\testDiffValues.dir\test_DiffValuesMatrices.cpp.obj
[2022-06-20T14:50:20.150Z]     [16/661] Building CXX object test\lib\usd\utils\CMakeFiles\testDiffValues.dir\test_DiffValuesArrays.cpp.obj
[2022-06-20T14:50:20.513Z]     [17/661] Building CXX object test\lib\usd\utils\CMakeFiles\testDiffValues.dir\test_DiffValuesFloatVecs.cpp.obj
[2022-06-20T14:50:20.513Z]     [18/661] Building CXX object test\lib\usd\utils\CMakeFiles\testDiffValues.dir\test_DiffValuesQuaternions.cpp.obj
[2022-06-20T14:50:20.905Z]     [19/661] Building CXX object test\lib\usd\utils\CMakeFiles\testDiffPrims.dir\test_DiffPrimsAttributes.cpp.obj
[2022-06-20T14:50:20.905Z]     [20/661] Building CXX object test\lib\usd\utils\CMakeFiles\testDiffValues.dir\test_DiffValuesIntVecs.cpp.obj
[2022-06-20T14:50:21.348Z]     [21/661] Building CXX object test\lib\usd\utils\CMakeFiles\testDiffValues.dir\test_DiffValuesGeneric.cpp.obj
[2022-06-20T14:50:21.738Z]     [22/661] Building CXX object test\lib\usd\utils\CMakeFiles\testDiffValues.dir\test_DiffValuesDoubleVecs.cpp.obj
[2022-06-20T14:50:21.738Z]     [23/661] Building CXX object test\lib\usd\utils\CMakeFiles\testDiffLists.dir\main.cpp.obj
[2022-06-20T14:50:22.143Z]     [24/661] Building CXX object lib\mayaUsd\CMakeFiles\mayaUsd.dir\base\debugCodes.cpp.obj
[2022-06-20T14:50:22.143Z]     [25/661] Building CXX object lib\mayaUsd\CMakeFiles\mayaUsd.dir\base\tokens.cpp.obj
[2022-06-20T14:50:22.143Z]     [26/661] Building CXX object test\lib\usd\utils\CMakeFiles\testDiffAttributes.dir\main.cpp.obj
[2022-06-20T14:50:22.514Z]     [27/661] Building CXX object test\lib\usd\utils\CMakeFiles\testDiffRelationships.dir\main.cpp.obj
[2022-06-20T14:50:22.514Z]     [28/661] Building CXX object test\lib\usd\utils\CMakeFiles\testDiffMetadatas.dir\main.cpp.obj
[2022-06-20T14:50:22.879Z]     [29/661] Building CXX object test\lib\usd\utils\CMakeFiles\testDiffDictionaries.dir\main.cpp.obj
[2022-06-20T14:50:23.245Z]     [30/661] Building CXX object test\lib\usd\utils\CMakeFiles\testDiffComputeOverall.dir\main.cpp.obj
[2022-06-20T14:50:23.245Z]     [31/661] Building CXX object test\lib\usd\utils\CMakeFiles\testMergePrims.dir\main.cpp.obj
[2022-06-20T14:50:23.629Z]     [32/661] Building CXX object test\lib\usd\utils\CMakeFiles\testDiffPrims.dir\test_DiffPrimsRelations.cpp.obj
[2022-06-20T14:50:24.464Z]     [33/661] Building CXX object test\lib\mayaUsd\utils\CMakeFiles\testSplitString.dir\testSplitString.cpp.obj
[2022-06-20T14:50:28.448Z]     [34/661] Building CXX object test\lib\usd\utils\CMakeFiles\testDiffPrims.dir\test_DiffPrims.cpp.obj
[2022-06-20T14:50:28.448Z]     [35/661] Building CXX object test\lib\usd\utils\CMakeFiles\testDiffPrims.dir\test_DiffPrimsChildren.cpp.obj
[2022-06-20T14:50:28.795Z]     [36/661] Building CXX object test\lib\usd\utils\CMakeFiles\testDiffAttributes.dir\test_DiffAttributes.cpp.obj
[2022-06-20T14:50:29.169Z]     [37/661] Building CXX object test\lib\usd\utils\CMakeFiles\testDiffRelationships.dir\test_DiffRelationships.cpp.obj
[2022-06-20T14:50:29.531Z]     [38/661] Building CXX object test\lib\usd\utils\CMakeFiles\testDiffDictionaries.dir\test_DiffDictionaries.cpp.obj
[2022-06-20T14:50:29.920Z]     [39/661] Building CXX object lib\mayaUsd\CMakeFiles\mayaUsd.dir\commands\editTargetCommand.cpp.obj
[2022-06-20T14:50:29.920Z]     [40/661] Building CXX object test\lib\usd\utils\CMakeFiles\testDiffComputeOverall.dir\test_DiffComputeOverall.cpp.obj
[2022-06-20T14:50:29.920Z]     [41/661] Building CXX object test\lib\usd\utils\CMakeFiles\testDiffMetadatas.dir\test_DiffMetadatas.cpp.obj
[2022-06-20T14:50:29.920Z]     [42/661] Building CXX object test\lib\usd\utils\CMakeFiles\testDiffLists.dir\test_DiffLists.cpp.obj
[2022-06-20T14:50:30.298Z]     [43/661] Building CXX object test\lib\usd\utils\CMakeFiles\testDiffValues.dir\test_DiffValuesHalfVecs.cpp.obj
[2022-06-20T14:50:30.659Z]     [44/661] Building CXX object test\lib\usd\utils\CMakeFiles\testMergePrims.dir\test_MergePrims.cpp.obj
[2022-06-20T14:50:30.659Z]     [45/661] Building CXX object lib\mayaUsd\CMakeFiles\mayaUsd.dir\commands\layerEditorWindowCommand.cpp.obj
[2022-06-20T14:50:32.466Z]     [46/661] Building CXX object lib\mayaUsd\CMakeFiles\mayaUsd.dir\commands\baseListJobContextsCommand.cpp.obj
[2022-06-20T14:50:32.873Z]     [47/661] Building CXX object lib\mayaUsd\CMakeFiles\mayaUsd.dir\commands\baseImportCommand.cpp.obj
[2022-06-20T14:50:33.637Z]     [48/661] Building CXX object lib\mayaUsd\CMakeFiles\mayaUsd.dir\commands\baseExportCommand.cpp.obj
[2022-06-20T14:50:34.024Z]     [49/661] Building CXX object lib\mayaUsd\CMakeFiles\mayaUsd.dir\fileio\jobContextRegistry.cpp.obj
[2022-06-20T14:50:34.815Z]     [50/661] Building CXX object lib\mayaUsd\CMakeFiles\mayaUsd.dir\commands\baseListShadingModesCommand.cpp.obj
[2022-06-20T14:50:35.174Z]     [51/661] Building CXX object lib\mayaUsd\CMakeFiles\mayaUsd.dir\commands\layerEditorCommand.cpp.obj
[2022-06-20T14:50:36.673Z]     [52/661] Building CXX object lib\mayaUsd\CMakeFiles\mayaUsd.dir\fileio\primReaderContext.cpp.obj
[2022-06-20T14:50:37.049Z]     [53/661] Building CXX object lib\mayaUsd\CMakeFiles\mayaUsd.dir\fileio\primReader.cpp.obj
[2022-06-20T14:50:37.427Z]     [54/661] Building CXX object lib\mayaUsd\CMakeFiles\mayaUsd.dir\fileio\primReaderArgs.cpp.obj
[2022-06-20T14:50:37.427Z]     [55/661] Building CXX object lib\mayaUsd\CMakeFiles\mayaUsd.dir\fileio\functorPrimReader.cpp.obj
[2022-06-20T14:50:37.797Z]     [56/661] Building CXX object lib\mayaUsd\CMakeFiles\mayaUsd.dir\fileio\fallbackPrimReader.cpp.obj
[2022-06-20T14:50:37.797Z]     [57/661] Building CXX object lib\mayaUsd\CMakeFiles\mayaUsd.dir\fileio\primWriterContext.cpp.obj
[2022-06-20T14:50:37.797Z]     [58/661] Building CXX object lib\mayaUsd\CMakeFiles\mayaUsd.dir\fileio\importData.cpp.obj
[2022-06-20T14:50:38.186Z]     [59/661] Building CXX object lib\mayaUsd\CMakeFiles\mayaUsd.dir\fileio\instancedNodeWriter.cpp.obj
[2022-06-20T14:50:38.658Z]     [60/661] Building CXX object lib\mayaUsd\CMakeFiles\mayaUsd.dir\fileio\registryHelper.cpp.obj
[2022-06-20T14:50:38.658Z]     [61/661] Building CXX object lib\mayaUsd\CMakeFiles\mayaUsd.dir\fileio\functorPrimWriter.cpp.obj
[2022-06-20T14:50:39.427Z]     [62/661] Building CXX object lib\mayaUsd\CMakeFiles\mayaUsd.dir\fileio\primReaderRegistry.cpp.obj
[2022-06-20T14:50:40.850Z]     [63/661] Building CXX object lib\mayaUsd\CMakeFiles\mayaUsd.dir\fileio\schemaApiAdaptor.cpp.obj
[2022-06-20T14:50:42.694Z]     [64/661] Building CXX object lib\mayaUsd\CMakeFiles\mayaUsd.dir\fileio\chaser\exportChaser.cpp.obj
[2022-06-20T14:50:42.694Z]     [65/661] Building CXX object lib\mayaUsd\CMakeFiles\mayaUsd.dir\fileio\primWriterRegistry.cpp.obj
[2022-06-20T14:50:43.072Z]     [66/661] Building CXX object lib\mayaUsd\CMakeFiles\mayaUsd.dir\fileio\primWriterArgs.cpp.obj
[2022-06-20T14:50:44.392Z]     [67/661] Building CXX object lib\mayaUsd\CMakeFiles\mayaUsd.dir\fileio\shaderReader.cpp.obj
[2022-06-20T14:50:44.779Z]     [68/661] Building CXX object lib\mayaUsd\CMakeFiles\mayaUsd.dir\fileio\primWriter.cpp.obj
[2022-06-20T14:50:45.384Z]     [69/661] Building CXX object lib\mayaUsd\CMakeFiles\mayaUsd.dir\fileio\shaderReaderRegistry.cpp.obj
[2022-06-20T14:50:45.384Z]     [70/661] Building CXX object lib\mayaUsd\CMakeFiles\mayaUsd.dir\fileio\schemaApiAdaptorRegistry.cpp.obj
[2022-06-20T14:50:45.750Z]     [71/661] Building CXX object lib\mayaUsd\CMakeFiles\mayaUsd.dir\fileio\translators\skelBindingsProcessor.cpp.obj
[2022-06-20T14:50:45.750Z]     [72/661] Building CXX object lib\mayaUsd\CMakeFiles\mayaUsd.dir\fileio\shaderWriter.cpp.obj
[2022-06-20T14:50:45.750Z]     [73/661] Building CXX object lib\mayaUsd\CMakeFiles\mayaUsd.dir\fileio\shading\symmetricShaderWriter.cpp.obj
[2022-06-20T14:50:45.750Z]     [74/661] Building CXX object lib\mayaUsd\CMakeFiles\mayaUsd.dir\fileio\translators\translatorGprim.cpp.obj
[2022-06-20T14:50:46.494Z]     [75/661] Building CXX object lib\mayaUsd\CMakeFiles\mayaUsd.dir\fileio\translators\translatorCurves.cpp.obj
[2022-06-20T14:50:47.039Z]     [76/661] Building CXX object lib\mayaUsd\CMakeFiles\mayaUsd.dir\fileio\translators\translatorCamera.cpp.obj
[2022-06-20T14:50:47.753Z]     [77/661] Building CXX object lib\mayaUsd\CMakeFiles\mayaUsd.dir\fileio\shaderWriterRegistry.cpp.obj
[2022-06-20T14:50:48.291Z]     [78/661] Building CXX object lib\mayaUsd\CMakeFiles\mayaUsd.dir\fileio\translators\translatorLight.cpp.obj
[2022-06-20T14:50:49.526Z]     [79/661] Building CXX object lib\mayaUsd\CMakeFiles\mayaUsd.dir\fileio\writeJobContext.cpp.obj
[2022-06-20T14:50:50.855Z]     [80/661] Building CXX object lib\mayaUsd\CMakeFiles\mayaUsd.dir\fileio\chaser\exportChaserRegistry.cpp.obj
[2022-06-20T14:50:53.550Z]     [81/661] Building CXX object lib\mayaUsd\CMakeFiles\mayaUsd.dir\fileio\chaser\importChaser.cpp.obj
[2022-06-20T14:50:53.550Z]     [82/661] Building CXX object lib\mayaUsd\CMakeFiles\mayaUsd.dir\fileio\chaser\importChaserRegistry.cpp.obj
[2022-06-20T14:50:53.550Z]     [83/661] Building CXX object lib\mayaUsd\CMakeFiles\mayaUsd.dir\fileio\jobs\meshDataReadJob.cpp.obj
[2022-06-20T14:50:53.550Z]     [84/661] Building CXX object lib\mayaUsd\CMakeFiles\mayaUsd.dir\fileio\transformWriter.cpp.obj
[2022-06-20T14:50:53.550Z]     [85/661] Building CXX object lib\mayaUsd\CMakeFiles\mayaUsd.dir\fileio\shading\shadingModeImporter.cpp.obj
[2022-06-20T14:50:53.923Z]     [86/661] Building CXX object lib\mayaUsd\CMakeFiles\mayaUsd.dir\fileio\jobs\modelKindProcessor.cpp.obj
[2022-06-20T14:50:55.244Z]     [87/661] Building CXX object lib\mayaUsd\CMakeFiles\mayaUsd.dir\fileio\jobs\writeJob.cpp.obj
[2022-06-20T14:50:56.376Z]     [88/661] Building CXX object lib\mayaUsd\CMakeFiles\mayaUsd.dir\fileio\shading\shadingModeDisplayColor.cpp.obj
[2022-06-20T14:50:57.140Z]     [89/661] Building CXX object lib\mayaUsd\CMakeFiles\mayaUsd.dir\fileio\shading\shadingModeExporterContext.cpp.obj
[2022-06-20T14:50:57.140Z]     [90/661] Building CXX object lib\mayaUsd\CMakeFiles\mayaUsd.dir\fileio\shading\shadingModeExporter.cpp.obj
[2022-06-20T14:50:57.491Z]     [91/661] Building CXX object lib\mayaUsd\CMakeFiles\mayaUsd.dir\fileio\jobs\jobArgs.cpp.obj
[2022-06-20T14:50:58.253Z]     [92/661] Building CXX object lib\mayaUsd\CMakeFiles\mayaUsd.dir\fileio\jobs\readJob.cpp.obj
[2022-06-20T14:50:58.253Z]     [93/661] Building CXX object lib\mayaUsd\CMakeFiles\mayaUsd.dir\fileio\shading\shadingModePxrRis.cpp.obj
[2022-06-20T14:50:59.095Z]     [94/661] Building CXX object lib\mayaUsd\CMakeFiles\mayaUsd.dir\fileio\shading\symmetricShaderReader.cpp.obj
[2022-06-20T14:50:59.095Z]     [95/661] Building CXX object lib\mayaUsd\CMakeFiles\mayaUsd.dir\fileio\shading\shadingModeUseRegistry.cpp.obj
[2022-06-20T14:51:01.984Z]     [96/661] Building CXX object lib\mayaUsd\CMakeFiles\mayaUsd.dir\fileio\shading\shadingModeRegistry.cpp.obj
[2022-06-20T14:51:03.233Z]     [97/661] Building CXX object lib\mayaUsd\CMakeFiles\mayaUsd.dir\fileio\translators\translatorMayaReference.cpp.obj
[2022-06-20T14:51:03.989Z]     [98/661] Building CXX object lib\mayaUsd\CMakeFiles\mayaUsd.dir\fileio\translators\translatorXformable_decompose.cpp.obj
[2022-06-20T14:51:04.347Z]     [99/661] Building CXX object lib\mayaUsd\CMakeFiles\mayaUsd.dir\fileio\translators\translatorPrim.cpp.obj
[2022-06-20T14:51:04.844Z]     [100/661] Building CXX object lib\mayaUsd\CMakeFiles\mayaUsd.dir\fileio\translators\translatorMaterial.cpp.obj
[2022-06-20T14:51:05.215Z]     [101/661] Building CXX object lib\mayaUsd\CMakeFiles\mayaUsd.dir\fileio\translators\translatorUtil.cpp.obj
[2022-06-20T14:51:05.590Z]     [102/661] Building CXX object lib\mayaUsd\CMakeFiles\mayaUsd.dir\fileio\translators\translatorSkel.cpp.obj
[2022-06-20T14:51:05.590Z]     [103/661] Building CXX object lib\mayaUsd\CMakeFiles\mayaUsd.dir\fileio\translators\translatorXformable.cpp.obj
[2022-06-20T14:51:05.971Z]     [104/661] Building CXX object lib\mayaUsd\CMakeFiles\mayaUsd.dir\fileio\translators\translatorRfMLight.cpp.obj
[2022-06-20T14:51:07.629Z]     [105/661] Building CXX object lib\mayaUsd\CMakeFiles\mayaUsd.dir\fileio\translators\translatorMesh.cpp.obj
[2022-06-20T14:51:07.629Z]     [106/661] Building CXX object lib\mayaUsd\CMakeFiles\mayaUsd.dir\fileio\translators\translatorNurbsPatch.cpp.obj
[2022-06-20T14:51:07.629Z]     [107/661] Building CXX object lib\mayaUsd\CMakeFiles\mayaUsd.dir\fileio\utils\readUtil.cpp.obj
[2022-06-20T14:51:07.629Z]     [108/661] Building CXX object lib\mayaUsd\CMakeFiles\mayaUsd.dir\fileio\utils\roundTripUtil.cpp.obj
[2022-06-20T14:51:08.880Z]     [109/661] Building CXX object lib\mayaUsd\CMakeFiles\mayaUsd.dir\fileio\utils\meshReadUtils.cpp.obj
[2022-06-20T14:51:09.265Z]     [110/661] Building CXX object lib\mayaUsd\CMakeFiles\mayaUsd.dir\fileio\utils\adaptor.cpp.obj
[2022-06-20T14:51:09.265Z]     [111/661] Building CXX object lib\mayaUsd\CMakeFiles\mayaUsd.dir\fileio\utils\jointWriteUtils.cpp.obj
[2022-06-20T14:51:09.265Z]     [112/661] Building CXX object lib\mayaUsd\CMakeFiles\mayaUsd.dir\listeners\notice.cpp.obj
[2022-06-20T14:51:12.227Z]     [113/661] Building CXX object lib\mayaUsd\CMakeFiles\mayaUsd.dir\listeners\stageNoticeListener.cpp.obj
[2022-06-20T14:51:13.010Z]     [114/661] Building CXX object lib\mayaUsd\CMakeFiles\mayaUsd.dir\python\moduleDeps.cpp.obj
[2022-06-20T14:51:13.010Z]     [115/661] Building CXX object lib\mayaUsd\CMakeFiles\mayaUsd.dir\listeners\proxyShapeNotice.cpp.obj
[2022-06-20T14:51:13.377Z]     [116/661] Building CXX object lib\mayaUsd\CMakeFiles\mayaUsd.dir\fileio\utils\userTaggedAttribute.cpp.obj
[2022-06-20T14:51:13.377Z]     [117/661] Building CXX object lib\mayaUsd\CMakeFiles\mayaUsd.dir\fileio\utils\meshWriteUtils.cpp.obj
[2022-06-20T14:51:14.191Z]     [118/661] Building CXX object lib\mayaUsd\CMakeFiles\mayaUsd.dir\nodes\proxyAccessor.cpp.obj
[2022-06-20T14:51:14.191Z]     [119/661] Building CXX object lib\mayaUsd\CMakeFiles\mayaUsd.dir\nodes\proxyShapeLoadRules.cpp.obj
[2022-06-20T14:51:14.561Z]     [120/661] Building CXX object lib\mayaUsd\CMakeFiles\mayaUsd.dir\render\pxrUsdMayaGL\debugCodes.cpp.obj
[2022-06-20T14:51:14.561Z]     [121/661] Building CXX object lib\mayaUsd\CMakeFiles\mayaUsd.dir\fileio\utils\xformStack.cpp.obj
[2022-06-20T14:51:15.336Z]     [122/661] Building CXX object lib\mayaUsd\CMakeFiles\mayaUsd.dir\nodes\hdImagingShape.cpp.obj
[2022-06-20T14:51:15.336Z]     [123/661] Building CXX object lib\mayaUsd\CMakeFiles\mayaUsd.dir\fileio\utils\shadingUtil.cpp.obj
[2022-06-20T14:51:15.804Z]     [124/661] Building CXX object lib\mayaUsd\CMakeFiles\mayaUsd.dir\render\px_vp20\glslProgram.cpp.obj
[2022-06-20T14:51:15.804Z]     [125/661] Building CXX object lib\mayaUsd\CMakeFiles\mayaUsd.dir\nodes\pointBasedDeformerNode.cpp.obj
[2022-06-20T14:51:16.629Z]     [126/661] Building CXX object lib\mayaUsd\CMakeFiles\mayaUsd.dir\fileio\utils\writeUtil.cpp.obj
[2022-06-20T14:51:17.023Z]     [127/661] Building CXX object lib\mayaUsd\CMakeFiles\mayaUsd.dir\nodes\proxyShapeBase.cpp.obj
[2022-06-20T14:51:17.409Z]     [128/661] Building CXX object lib\mayaUsd\CMakeFiles\mayaUsd.dir\nodes\usdPrimProvider.cpp.obj
[2022-06-20T14:51:17.409Z]     [129/661] Building CXX object lib\mayaUsd\CMakeFiles\mayaUsd.dir\render\pxrUsdMayaGL\userData.cpp.obj
[2022-06-20T14:51:18.310Z]     [130/661] Building CXX object lib\mayaUsd\CMakeFiles\mayaUsd.dir\render\px_vp20\utils_legacy.cpp.obj
[2022-06-20T14:51:19.577Z]     [131/661] Building CXX object lib\mayaUsd\CMakeFiles\mayaUsd.dir\nodes\stageNode.cpp.obj
[2022-06-20T14:51:20.371Z]     [132/661] Building CXX object lib\mayaUsd\CMakeFiles\mayaUsd.dir\render\pxrUsdMayaGL\softSelectHelper.cpp.obj
[2022-06-20T14:51:20.371Z]     [133/661] Building CXX object lib\mayaUsd\CMakeFiles\mayaUsd.dir\render\px_vp20\utils.cpp.obj
[2022-06-20T14:51:21.655Z]     [134/661] Building CXX object lib\mayaUsd\CMakeFiles\mayaUsd.dir\nodes\proxyShapePlugin.cpp.obj
[2022-06-20T14:51:22.457Z]     [135/661] Building CXX object lib\mayaUsd\CMakeFiles\mayaUsd.dir\nodes\stageData.cpp.obj
[2022-06-20T14:51:23.733Z]     [136/661] Building CXX object lib\mayaUsd\CMakeFiles\mayaUsd.dir\render\pxrUsdMayaGL\proxyShapeDelegate.cpp.obj
[2022-06-20T14:51:24.507Z]     [137/661] Building CXX object lib\usd\schemas\CMakeFiles\mayaUsd_Schemas.dir\tokens.cpp.obj
[2022-06-20T14:51:25.285Z]     [138/661] Building CXX object lib\mayaUsd\CMakeFiles\mayaUsd.dir\render\pxrUsdMayaGL\proxyDrawOverride.cpp.obj
[2022-06-20T14:51:25.671Z]     [139/661] Building CXX object lib\mayaUsd\CMakeFiles\mayaUsd.dir\render\pxrUsdMayaGL\batchRenderer.cpp.obj
[2022-06-20T14:51:25.671Z]     [140/661] Building CXX object lib\mayaUsd\CMakeFiles\mayaUsd.dir\render\pxrUsdMayaGL\hdImagingShapeDrawOverride.cpp.obj
[2022-06-20T14:51:26.070Z]     [141/661] Building CXX object lib\mayaUsd\CMakeFiles\mayaUsd.dir\render\pxrUsdMayaGL\instancerShapeAdapter.cpp.obj
[2022-06-20T14:51:27.320Z]     [142/661] Building CXX object lib\usd\schemas\CMakeFiles\mayaUsd_Schemas.dir\ModuleDeps.cpp.obj
[2022-06-20T14:51:27.320Z]     [143/661] Building CXX object lib\usd\hdMaya\CMakeFiles\hdMaya.dir\adapters\mayaAttrs.cpp.obj
[2022-06-20T14:51:27.892Z]     [144/661] Building CXX object lib\mayaUsd\CMakeFiles\mayaUsd.dir\render\pxrUsdMayaGL\hdImagingShapeUI.cpp.obj
[2022-06-20T14:51:27.892Z]     [145/661] Building CXX object lib\mayaUsd\CMakeFiles\mayaUsd.dir\render\pxrUsdMayaGL\instancerImager.cpp.obj
[2022-06-20T14:51:27.892Z]     [146/661] Building CXX object lib\mayaUsd\CMakeFiles\mayaUsd.dir\nodes\layerManager.cpp.obj
[2022-06-20T14:51:27.892Z]     [147/661] Building CXX object lib\mayaUsd\CMakeFiles\mayaUsd.dir\render\pxrUsdMayaGL\sceneDelegate.cpp.obj
[2022-06-20T14:51:28.676Z]     [148/661] Building CXX object lib\usd\hdMaya\CMakeFiles\hdMaya.dir\delegates\delegateDebugCodes.cpp.obj
[2022-06-20T14:51:29.150Z]     [149/661] Building CXX object lib\mayaUsd\CMakeFiles\mayaUsd.dir\render\pxrUsdMayaGL\usdProxyShapeAdapter.cpp.obj
[2022-06-20T14:51:29.150Z]     [150/661] Building CXX object lib\usd\schemas\CMakeFiles\mayaUsd_Schemas.dir\MayaReference.cpp.obj
[2022-06-20T14:51:29.512Z]     [151/661] Building CXX object lib\mayaUsd\CMakeFiles\mayaUsd.dir\render\pxrUsdMayaGL\shapeAdapter.cpp.obj
[2022-06-20T14:51:29.512Z]     [152/661] Building CXX object lib\usd\hdMaya\CMakeFiles\hdMaya.dir\adapters\tokens.cpp.obj
[2022-06-20T14:51:30.395Z]     [153/661] Building CXX object lib\usd\schemas\CMakeFiles\mayaUsd_Schemas.dir\ALMayaReference.cpp.obj
[2022-06-20T14:51:30.395Z]     [154/661] Building CXX object lib\usd\pxrUsdPreviewSurface\CMakeFiles\basePxrUsdPreviewSurface.dir\usdPreviewSurfaceShadingNodeOverride.cpp.obj
[2022-06-20T14:51:30.876Z]     [155/661] Linking CXX shared library lib\usd\schemas\mayaUsd_Schemas.dll
[2022-06-20T14:51:31.754Z]     [156/661] Building CXX object lib\usd\pxrUsdPreviewSurface\CMakeFiles\basePxrUsdPreviewSurface.dir\cpvColor.cpp.obj
[2022-06-20T14:51:32.132Z]     [157/661] Building CXX object lib\usd\hdMaya\CMakeFiles\hdMaya.dir\adapters\shapeAdapter.cpp.obj
[2022-06-20T14:51:32.498Z]     [158/661] Building CXX object lib\usd\hdMaya\CMakeFiles\hdMaya.dir\adapters\meshAdapter.cpp.obj
[2022-06-20T14:51:32.498Z]     [159/661] Building CXX object lib\usd\hdMaya\CMakeFiles\hdMaya.dir\adapters\spotLightAdapter.cpp.obj
[2022-06-20T14:51:33.249Z]     [160/661] Building CXX object lib\mayaUsd\CMakeFiles\mayaUsd.dir\render\pxrUsdMayaGL\proxyShapeUI.cpp.obj
[2022-06-20T14:51:34.458Z]     [161/661] Building CXX object lib\mayaUsd\CMakeFiles\mayaUsd.dir\render\vp2RenderDelegate\basisCurves.cpp.obj
[2022-06-20T14:51:34.843Z]     [162/661] Building CXX object lib\usd\pxrUsdPreviewSurface\CMakeFiles\basePxrUsdPreviewSurface.dir\usdPreviewSurface.cpp.obj
[2022-06-20T14:51:34.843Z]     [163/661] Building CXX object lib\usd\hdMaya\CMakeFiles\hdMaya.dir\adapters\pointLightAdapter.cpp.obj
[2022-06-20T14:51:35.590Z]     [164/661] Building CXX object lib\usd\hdMaya\CMakeFiles\hdMaya.dir\adapters\nurbsCurveAdapter.cpp.obj
[2022-06-20T14:51:35.952Z]     [165/661] Building CXX object lib\usd\hdMaya\CMakeFiles\hdMaya.dir\delegates\delegateRegistry.cpp.obj
[2022-06-20T14:51:36.311Z]     [166/661] Building CXX object lib\usd\hdMaya\CMakeFiles\hdMaya.dir\delegates\delegate.cpp.obj
[2022-06-20T14:51:38.243Z]     [167/661] Building CXX object lib\usd\hdMaya\CMakeFiles\hdMaya.dir\delegates\delegateCtx.cpp.obj
[2022-06-20T14:51:38.243Z]     [168/661] Building CXX object lib\usd\hdMaya\CMakeFiles\hdMaya.dir\delegates\sceneDelegate.cpp.obj
[2022-06-20T14:51:39.714Z]     [169/661] Building CXX object lib\usd\pxrUsdPreviewSurface\CMakeFiles\basePxrUsdPreviewSurface.dir\usdPreviewSurfacePlugin.cpp.obj
[2022-06-20T14:51:39.714Z]     [170/661] Building CXX object lib\usd\hdMaya\CMakeFiles\hdMaya.dir\delegates\proxyUsdImagingDelegate.cpp.obj
[2022-06-20T14:51:40.662Z]     [171/661] Building CXX object lib\usd\pxrUsdPreviewSurface\CMakeFiles\basePxrUsdPreviewSurface.dir\usdPreviewSurfaceWriter.cpp.obj
[2022-06-20T14:51:47.415Z]     [172/661] Building CXX object lib\usd\translators\CMakeFiles\mayaUsd_Translators.dir\instancerWriter.cpp.obj
[2022-06-20T14:51:47.415Z]     [173/661] Building CXX object lib\usd\translators\CMakeFiles\mayaUsd_Translators.dir\jointWriter.cpp.obj
[2022-06-20T14:51:47.415Z]     [174/661] Building CXX object lib\usd\hdMaya\CMakeFiles\hdMaya.dir\delegates\proxyDelegate.cpp.obj
[2022-06-20T14:51:47.415Z]     [175/661] Building CXX object lib\usd\hdMaya\CMakeFiles\hdMaya.dir\delegates\testDelegate.cpp.obj
[2022-06-20T14:51:47.415Z]     [176/661] Building CXX object lib\usd\pxrUsdPreviewSurface\CMakeFiles\basePxrUsdPreviewSurface.dir\usdPreviewSurfaceReader.cpp.obj
[2022-06-20T14:51:47.415Z]     [177/661] Building CXX object lib\usd\translators\CMakeFiles\mayaUsd_Translators.dir\cameraReader.cpp.obj
[2022-06-20T14:51:47.415Z]     [178/661] Building CXX object lib\usd\translators\CMakeFiles\mayaUsd_Translators.dir\lightReader.cpp.obj
[2022-06-20T14:51:47.415Z]     [179/661] Building CXX object lib\usd\translators\CMakeFiles\mayaUsd_Translators.dir\cameraWriter.cpp.obj
[2022-06-20T14:51:47.415Z]     [180/661] Building CXX object lib\usd\translators\CMakeFiles\mayaUsd_Translators.dir\lightRfMWriter.cpp.obj
[2022-06-20T14:51:47.415Z]     [181/661] Building CXX object lib\usd\translators\CMakeFiles\mayaUsd_Translators.dir\plugin.cpp.obj
[2022-06-20T14:51:47.415Z]     [182/661] Building CXX object lib\usd\translators\CMakeFiles\mayaUsd_Translators.dir\lightRfMReader.cpp.obj
[2022-06-20T14:51:47.415Z]     [183/661] Building CXX object lib\usd\translators\CMakeFiles\mayaUsd_Translators.dir\locatorWriter.cpp.obj
[2022-06-20T14:51:47.415Z]     [184/661] Building CXX object lib\usd\translators\CMakeFiles\mayaUsd_Translators.dir\lightWriter.cpp.obj
[2022-06-20T14:51:47.415Z]     [185/661] Building CXX object lib\usd\translators\CMakeFiles\mayaUsd_Translators.dir\materialReader.cpp.obj
[2022-06-20T14:51:48.190Z]     [186/661] Building CXX object lib\usd\translators\CMakeFiles\mayaUsd_Translators.dir\nurbsCurvesReader.cpp.obj
[2022-06-20T14:51:48.939Z]     [187/661] Building CXX object lib\usd\translators\CMakeFiles\mayaUsd_Translators.dir\mayaReferenceReader.cpp.obj
[2022-06-20T14:51:49.348Z]     [188/661] Building CXX object lib\usd\translators\CMakeFiles\mayaUsd_Translators.dir\shading\shadingTokens.cpp.obj
[2022-06-20T14:51:49.723Z]     [189/661] Building CXX object lib\usd\translators\CMakeFiles\mayaUsd_Translators.dir\nurbsCurveWriter.cpp.obj
[2022-06-20T14:51:50.083Z]     [190/661] Building CXX object lib\usd\translators\CMakeFiles\mayaUsd_Translators.dir\scopeReader.cpp.obj
[2022-06-20T14:51:50.958Z]     [191/661] Building CXX object lib\usd\translators\CMakeFiles\mayaUsd_Translators.dir\meshWriter.cpp.obj
[2022-06-20T14:51:51.743Z]     [192/661] Building CXX object lib\usd\translators\CMakeFiles\mayaUsd_Translators.dir\meshReader.cpp.obj
[2022-06-20T14:51:51.743Z]     [193/661] Building CXX object lib\usd\translators\CMakeFiles\mayaUsd_Translators.dir\particleWriter.cpp.obj
[2022-06-20T14:51:51.743Z]     [194/661] Building CXX object lib\usd\translators\CMakeFiles\mayaUsd_Translators.dir\nurbsPatchReader.cpp.obj
[2022-06-20T14:51:52.994Z]     [195/661] Building CXX object lib\usd\translators\CMakeFiles\mayaUsd_Translators.dir\meshWriter_BlendShapes.cpp.obj
[2022-06-20T14:51:52.994Z]     [196/661] Building CXX object lib\usd\translators\CMakeFiles\mayaUsd_Translators.dir\skelReader.cpp.obj
[2022-06-20T14:51:53.365Z]     [197/661] Building CXX object lib\usd\translators\CMakeFiles\mayaUsd_Translators.dir\nurbsSurfaceWriter.cpp.obj
[2022-06-20T14:51:54.648Z]     [198/661] Building CXX object lib\usd\translators\CMakeFiles\mayaUsd_Translators.dir\strokeWriter.cpp.obj
[2022-06-20T14:51:54.997Z]     [199/661] Building CXX object lib\usd\translators\CMakeFiles\mayaUsd_Translators.dir\xformReader.cpp.obj
[2022-06-20T14:51:55.765Z]     [200/661] Building CXX object lib\usd\translators\CMakeFiles\mayaUsd_Translators.dir\shading\usdBlinnWriter.cpp.obj
[2022-06-20T14:51:55.765Z]     [201/661] Building CXX object lib\usd\schemas\CMakeFiles\_schemas.dir\module.cpp.obj
[2022-06-20T14:51:56.524Z]     [202/661] Building CXX object lib\usd\translators\CMakeFiles\mayaUsd_Translators.dir\shading\usdBlinnReader.cpp.obj
[2022-06-20T14:51:57.296Z]     [203/661] Building CXX object lib\usd\translators\CMakeFiles\mayaUsd_Translators.dir\shading\usdMaterialReader.cpp.obj
[2022-06-20T14:51:58.067Z]     [204/661] Building CXX object lib\usd\translators\CMakeFiles\mayaUsd_Translators.dir\shading\usdReflectWriter.cpp.obj
[2022-06-20T14:51:58.447Z]     [205/661] Building CXX object lib\usd\translators\CMakeFiles\mayaUsd_Translators.dir\shading\usdLambertReader.cpp.obj
[2022-06-20T14:51:58.822Z]     [206/661] Building CXX object lib\usd\translators\CMakeFiles\mayaUsd_Translators.dir\shading\usdDisplacementShaderWriter.cpp.obj
[2022-06-20T14:51:58.822Z]     [207/661] Building CXX object lib\usd\translators\CMakeFiles\mayaUsd_Translators.dir\shading\usdFileTextureWriter.cpp.obj
[2022-06-20T14:51:59.178Z]     [208/661] Building CXX object lib\usd\translators\CMakeFiles\mayaUsd_Translators.dir\shading\usdPhongWriter.cpp.obj
[2022-06-20T14:52:00.045Z]     [209/661] Building CXX object test\lib\mayaUsd\utils\CMakeFiles\testLoadRules.dir\main.cpp.obj
[2022-06-20T14:52:00.045Z]     [210/661] Building CXX object lib\usd\schemas\CMakeFiles\_schemas.dir\wrapTokens.cpp.obj
[2022-06-20T14:52:00.045Z]     [211/661] Building CXX object lib\usd\translators\CMakeFiles\mayaUsd_Translators.dir\shading\usdLambertWriter.cpp.obj
[2022-06-20T14:52:00.045Z]     [212/661] Building CXX object lib\usd\utils\CMakeFiles\mayaUsdUtils.dir\DiffCore.cpp.obj
[2022-06-20T14:52:00.045Z]     [213/661] Building CXX object lib\usd\translators\CMakeFiles\mayaUsd_Translators.dir\shading\usdPhongEWriter.cpp.obj
[2022-06-20T14:52:00.664Z]     [214/661] Building CXX object lib\usd\translators\CMakeFiles\mayaUsd_Translators.dir\shading\usdMaterialWriter.cpp.obj
[2022-06-20T14:52:00.664Z]     [215/661] Building CXX object lib\usd\utils\CMakeFiles\mayaUsdUtils.dir\DebugCodes.cpp.obj
[2022-06-20T14:52:02.037Z]     [216/661] Building CXX object lib\usd\translators\CMakeFiles\mayaUsd_Translators.dir\shading\usdPhongReader.cpp.obj
[2022-06-20T14:52:03.788Z]     [217/661] Building CXX object lib\usd\translators\CMakeFiles\mayaUsd_Translators.dir\shading\usdUVTextureReader.cpp.obj
[2022-06-20T14:52:03.788Z]     [218/661] Building CXX object lib\usd\translators\CMakeFiles\mayaUsd_Translators.dir\shading\usdStandardSurfaceReader.cpp.obj
[2022-06-20T14:52:04.194Z]     [219/661] Building CXX object test\lib\mayaUsd\utils\CMakeFiles\testLoadRules.dir\testLoadRules.cpp.obj
[2022-06-20T14:52:04.565Z]     [220/661] Building CXX object lib\usd\translators\CMakeFiles\mayaUsd_Translators.dir\shading\usdPrimvarReaderFloat3Reader.cpp.obj
[2022-06-20T14:52:04.936Z]     [221/661] Building CXX object plugin\al\mayautils\AL\maya\tests\mayaplugintest\CMakeFiles\AL_MayaUtilsTests.dir\utils\CommandGuiHelperTest.cpp.obj
[2022-06-20T14:52:04.936Z]     [222/661] Building CXX object lib\usd\utils\CMakeFiles\mayaUsdUtils.dir\DiffAttributes.cpp.obj
[2022-06-20T14:52:05.297Z]     [223/661] Copying exportCommand.h ...
[2022-06-20T14:52:05.297Z]     [224/661] Building CXX object lib\usd\utils\CMakeFiles\mayaUsdUtils.dir\DiffDictionaries.cpp.obj
[2022-06-20T14:52:05.297Z]     [225/661] Copying importTranslator.h ...
[2022-06-20T14:52:05.297Z]     [226/661] Building CXX object lib\usd\translators\CMakeFiles\mayaUsd_Translators.dir\shading\usdStandardSurfaceWriter.cpp.obj
[2022-06-20T14:52:05.667Z]     [227/661] Copying editUtil.h ...
[2022-06-20T14:52:05.667Z]     [228/661] Copying exportTranslator.h ...
[2022-06-20T14:52:05.667Z]     [229/661] Copying translatorModelAssembly.h ...
[2022-06-20T14:52:05.667Z]     [230/661] Copying importCommand.h ...
[2022-06-20T14:52:05.667Z]     [231/661] Copying api.h ...
[2022-06-20T14:52:05.667Z]     [232/661] Copying instancerShapeAdapterWithSceneAssembly.h ...
[2022-06-20T14:52:05.667Z]     [233/661] Building CXX object plugin\al\mayautils\AL\maya\tests\mayaplugintest\CMakeFiles\AL_MayaUtilsTests.dir\test_mobjectmap.cpp.obj
[2022-06-20T14:52:05.667Z]     [234/661] Copying readJobWithSceneAssembly.h ...
[2022-06-20T14:52:05.667Z]     [235/661] Generating __init__.pyc
[2022-06-20T14:52:05.667Z]     [236/661] Copying referenceAssembly.h ...
[2022-06-20T14:52:06.034Z]     [237/661] Copying proxyShape.h ...
[2022-06-20T14:52:06.034Z]     [238/661] Generating AEpxrUsdReferenceAssemblyTemplate.pyc
[2022-06-20T14:52:06.034Z]     [239/661] Copying listShadingModesCommand.h ...
[2022-06-20T14:52:06.034Z]     [240/661] Generating userExportedAttributesUI.pyc
[2022-06-20T14:52:06.034Z]     [241/661] Copying api.h ...
[2022-06-20T14:52:06.034Z]     [242/661] Building CXX object plugin\al\mayautils\AL\maya\tests\mayaplugintest\CMakeFiles\AL_MayaUtilsTests.dir\test_maya_NodeHelper.cpp.obj
[2022-06-20T14:52:06.034Z]     [243/661] Copying api.h ...
[2022-06-20T14:52:06.465Z]     [244/661] Building CXX object plugin\pxr\maya\lib\usdMaya\CMakeFiles\usdMaya.dir\listShadingModesCommand.cpp.obj
[2022-06-20T14:52:06.839Z]     [245/661] Building CXX object lib\usd\utils\CMakeFiles\mayaUsdUtils.dir\DiffRelationships.cpp.obj
[2022-06-20T14:52:06.839Z]     [246/661] Building CXX object lib\usd\schemas\CMakeFiles\_schemas.dir\wrapALMayaReference.cpp.obj
[2022-06-20T14:52:07.188Z]     [247/661] Building CXX object plugin\al\mayautils\AL\maya\tests\mayaplugintest\CMakeFiles\AL_MayaUtilsTests.dir\test_maya_MenuBuilder.cpp.obj
[2022-06-20T14:52:07.553Z]     [248/661] Building CXX object lib\usd\translators\CMakeFiles\mayaUsd_Translators.dir\shading\rfmShaderTranslation.cpp.obj
[2022-06-20T14:52:08.345Z]     [249/661] Building CXX object lib\usd\utils\CMakeFiles\mayaUsdUtils.dir\DiffLists.cpp.obj
[2022-06-20T14:52:08.721Z]     [250/661] Building CXX object lib\usd\utils\CMakeFiles\mayaUsdUtils.dir\MergePrimsOptions.cpp.obj
[2022-06-20T14:52:09.103Z]     [251/661] Building CXX object plugin\pxr\maya\lib\usdMaya\CMakeFiles\_usdMaya.dir\module.cpp.obj
[2022-06-20T14:52:09.547Z]     [252/661] Building CXX object lib\usd\utils\CMakeFiles\mayaUsdUtils.dir\DiffMetadatas.cpp.obj
[2022-06-20T14:52:10.344Z]     [253/661] Building CXX object lib\usd\utils\CMakeFiles\mayaUsdUtils.dir\util.cpp.obj
[2022-06-20T14:52:10.344Z]     [254/661] Building CXX object lib\usd\utils\CMakeFiles\mayaUsdUtils.dir\DiffPrims.cpp.obj
[2022-06-20T14:52:11.167Z]     [255/661] Building CXX object lib\usd\utils\CMakeFiles\mayaUsdUtils.dir\MergePrims.cpp.obj
[2022-06-20T14:52:11.936Z]     [256/661] Building CXX object lib\usd\utils\CMakeFiles\mayaUsdUtils.dir\DiffValues.cpp.obj
[2022-06-20T14:52:12.703Z]     [257/661] Linking CXX shared library lib\usd\utils\mayaUsdUtils.dll
[2022-06-20T14:52:13.450Z]     [258/661] Linking CXX executable test\lib\usd\utils\testDiffCore.exe
[2022-06-20T14:52:14.236Z]     [259/661] Building CXX object plugin\pxr\maya\lib\usdMaya\CMakeFiles\usdMaya.dir\editUtil.cpp.obj
[2022-06-20T14:52:14.607Z]     [260/661] Linking CXX executable test\lib\usd\utils\testDiffValues.exe
[2022-06-20T14:52:14.974Z]     [261/661] Building CXX object plugin\pxr\maya\lib\usdMaya\CMakeFiles\usdMaya.dir\translatorModelAssembly.cpp.obj
[2022-06-20T14:52:14.974Z]     [262/661] Linking CXX executable test\lib\usd\utils\testDiffPrims.exe
[2022-06-20T14:52:15.341Z]     [263/661] Linking CXX executable test\lib\usd\utils\testDiffLists.exe
[2022-06-20T14:52:15.703Z]     [264/661] Linking CXX executable test\lib\usd\utils\testDiffAttributes.exe
[2022-06-20T14:52:15.703Z]     [265/661] Linking CXX executable test\lib\usd\utils\testDiffDictionaries.exe
[2022-06-20T14:52:16.074Z]     [266/661] Building CXX object plugin\pxr\maya\lib\usdMaya\CMakeFiles\usdMaya.dir\readJobWithSceneAssembly.cpp.obj
[2022-06-20T14:52:16.588Z]     [267/661] Linking CXX executable test\lib\usd\utils\testDiffRelationships.exe
[2022-06-20T14:52:16.588Z]     [268/661] Linking CXX executable test\lib\usd\utils\testDiffComputeOverall.exe
[2022-06-20T14:52:16.588Z]     [269/661] Linking CXX executable test\lib\usd\utils\testDiffMetadatas.exe
[2022-06-20T14:52:16.952Z]     [270/661] Building CXX object plugin\pxr\maya\lib\usdMaya\CMakeFiles\usdMaya.dir\exportCommand.cpp.obj
[2022-06-20T14:52:16.952Z]     [271/661] Building CXX object plugin\pxr\maya\lib\usdMaya\CMakeFiles\_usdMaya.dir\wrapAssembly.cpp.obj
[2022-06-20T14:52:17.339Z]     [272/661] Linking CXX executable test\lib\usd\utils\testMergePrims.exe
[2022-06-20T14:52:17.711Z]     [273/661] Building CXX object plugin\al\utils\AL\CMakeFiles\AL_EventSystem.dir\event\EventHandler.cpp.obj
[2022-06-20T14:52:17.711Z]     [274/661] Building CXX object plugin\pxr\maya\lib\usdMaya\CMakeFiles\usdMaya.dir\exportTranslator.cpp.obj
[2022-06-20T14:52:17.711Z]     [275/661] Building CXX object plugin\pxr\maya\lib\usdMaya\CMakeFiles\usdMaya.dir\readJob_ImportWithProxies.cpp.obj
[2022-06-20T14:52:18.700Z]     [276/661] Linking CXX shared library plugin\al\utils\AL\AL_EventSystem.dll
[2022-06-20T14:52:18.700Z]     [277/661] Building CXX object plugin\al\mayatest\AL\maya\test\CMakeFiles\AL_MayaTest.dir\testHarness.cpp.obj
[2022-06-20T14:52:18.700Z]     [278/661] Building CXX object plugin\al\mayautils\AL\maya\CMakeFiles\AL_MayaUtils.dir\utils\FileTranslatorOptions.cpp.obj
[2022-06-20T14:52:18.700Z]     [279/661] Building CXX object plugin\al\mayautils\AL\maya\CMakeFiles\AL_MayaUtils.dir\utils\NodeHelper.cpp.obj
[2022-06-20T14:52:18.700Z]     [280/661] Building CXX object plugin\al\mayautils\AL\maya\CMakeFiles\AL_MayaUtils.dir\utils\Utils.cpp.obj
[2022-06-20T14:52:19.075Z]     [281/661] Building CXX object plugin\al\mayautils\AL\maya\CMakeFiles\AL_MayaUtils.dir\utils\MenuBuilder.cpp.obj
[2022-06-20T14:52:19.075Z]     [282/661] Building CXX object plugin\pxr\maya\plugin\pxrUsd\CMakeFiles\pxrUsd.dir\alembicChaser.cpp.obj
[2022-06-20T14:52:19.075Z]     [283/661] Building CXX object plugin\pxr\maya\lib\usdMaya\CMakeFiles\usdMaya.dir\instancerShapeAdapterWithSceneAssembly.cpp.obj
[2022-06-20T14:52:19.075Z]     [284/661] Building CXX object plugin\al\mayautils\AL\maya\CMakeFiles\AL_MayaUtils.dir\utils\CommandGuiHelper.cpp.obj
[2022-06-20T14:52:19.473Z]     [285/661] Building CXX object plugin\pxr\maya\plugin\pxrUsd\CMakeFiles\pxrUsd.dir\usdTranslator.cpp.obj
[2022-06-20T14:52:19.473Z]     [286/661] Building CXX object plugin\al\mayatest\AL\maya\test\CMakeFiles\AL_MayaTest.dir\testHelpers.cpp.obj
[2022-06-20T14:52:19.860Z]     [287/661] Building CXX object lib\mayaUsd\CMakeFiles\mayaUsd.dir\undo\OpUndoItemRecorder.cpp.obj
[2022-06-20T14:52:19.860Z]     [288/661] Building CXX object plugin\pxr\maya\plugin\pxrUsdPreviewSurface\CMakeFiles\pxrUsdPreviewSurface.dir\plugin.cpp.obj
[2022-06-20T14:52:19.860Z]     [289/661] Building CXX object plugin\pxr\maya\lib\usdMaya\CMakeFiles\usdMaya.dir\proxyShape.cpp.obj
[2022-06-20T14:52:19.860Z]     [290/661] Building CXX object plugin\al\mayautils\AL\maya\tests\mayaplugintest\CMakeFiles\AL_MayaUtilsTests.dir\plugin.cpp.obj
[2022-06-20T14:52:20.251Z]     [291/661] Building CXX object plugin\al\mayautils\AL\maya\CMakeFiles\AL_MayaUtils.dir\event\MayaEventManager.cpp.obj
[2022-06-20T14:52:20.251Z]     [292/661] Building CXX object plugin\al\mayautils\AL\maya\CMakeFiles\AL_MayaUtils.dir\utils\PluginTranslatorOptions.cpp.obj
[2022-06-20T14:52:20.639Z]     [293/661] Linking CXX shared library plugin\al\mayatest\AL\maya\test\AL_MayaTest.dll
[2022-06-20T14:52:20.994Z]     [294/661] Building CXX object lib\mayaUsd\CMakeFiles\mayaUsd.dir\render\vp2RenderDelegate\debugCodes.cpp.obj
[2022-06-20T14:52:20.994Z]     [295/661] Building CXX object lib\mayaUsd\CMakeFiles\mayaUsd.dir\render\vp2RenderDelegate\meshViewportCompute.cpp.obj
[2022-06-20T14:52:21.377Z]     [296/661] Linking CXX shared library plugin\al\mayautils\AL\maya\AL_MayaUtils.dll
[2022-06-20T14:52:21.377Z]     [297/661] Building CXX object plugin\pxr\maya\lib\usdMaya\CMakeFiles\_usdMaya.dir\wrapEditUtil.cpp.obj
[2022-06-20T14:52:21.377Z]     [298/661] Building CXX object lib\mayaUsd\CMakeFiles\mayaUsd.dir\render\vp2RenderDelegate\bboxGeom.cpp.obj
[2022-06-20T14:52:22.621Z]     [299/661] Building CXX object plugin\pxr\maya\plugin\pxrUsd\CMakeFiles\pxrUsd.dir\plugin.cpp.obj
[2022-06-20T14:52:22.984Z]     [300/661] Building CXX object lib\mayaUsd\CMakeFiles\mayaUsd.dir\undo\OpUndoItemList.cpp.obj
[2022-06-20T14:52:24.285Z]     [301/661] Building CXX object lib\mayaUsd\CMakeFiles\mayaUsd.dir\render\vp2RenderDelegate\shader.cpp.obj
[2022-06-20T14:52:25.489Z]     [302/661] Building CXX object plugin\pxr\maya\lib\usdMaya\CMakeFiles\usdMaya.dir\referenceAssembly.cpp.obj
[2022-06-20T14:52:25.489Z]     [303/661] Building CXX object lib\mayaUsd\CMakeFiles\mayaUsd.dir\render\vp2RenderDelegate\tokens.cpp.obj
[2022-06-20T14:52:25.489Z]     [304/661] Building CXX object lib\mayaUsd\CMakeFiles\mayaUsd.dir\undo\UsdUndoManager.cpp.obj
[2022-06-20T14:52:25.920Z]     [305/661] Building CXX object lib\mayaUsd\CMakeFiles\mayaUsd.dir\render\vp2RenderDelegate\draw_item.cpp.obj
[2022-06-20T14:52:26.295Z]     [306/661] Building CXX object lib\mayaUsd\CMakeFiles\mayaUsd.dir\render\vp2RenderDelegate\extComputation.cpp.obj
[2022-06-20T14:52:26.781Z]     [307/661] Building CXX object lib\mayaUsd\CMakeFiles\mayaUsd.dir\render\vp2RenderDelegate\instancer.cpp.obj
[2022-06-20T14:52:26.781Z]     [308/661] Building CXX object lib\mayaUsd\CMakeFiles\mayaUsd.dir\undo\UsdUndoBlock.cpp.obj
[2022-06-20T14:52:28.050Z]     [309/661] Building CXX object lib\mayaUsd\CMakeFiles\mayaUsd.dir\undo\UsdUndoStateDelegate.cpp.obj
[2022-06-20T14:52:28.832Z]     [310/661] Building CXX object lib\mayaUsd\CMakeFiles\mayaUsd.dir\render\vp2RenderDelegate\sampler.cpp.obj
[2022-06-20T14:52:28.832Z]     [311/661] Building CXX object lib\mayaUsd\CMakeFiles\mayaUsd.dir\render\vp2RenderDelegate\render_param.cpp.obj
[2022-06-20T14:52:29.231Z]     [312/661] Building CXX object lib\mayaUsd\CMakeFiles\mayaUsd.dir\render\vp2ShaderFragments\shaderFragments.cpp.obj
[2022-06-20T14:52:30.771Z]     [313/661] Building CXX object lib\mayaUsd\CMakeFiles\mayaUsd.dir\undo\OpUndoItems.cpp.obj
[2022-06-20T14:52:31.653Z]     [314/661] Building CXX object lib\mayaUsd\CMakeFiles\mayaUsd.dir\render\vp2RenderDelegate\material.cpp.obj
[2022-06-20T14:52:33.579Z]     [315/661] Building CXX object lib\mayaUsd\CMakeFiles\mayaUsd.dir\ufe\ProxyShapeHandler.cpp.obj
[2022-06-20T14:52:33.579Z]     [316/661] Building CXX object lib\mayaUsd\CMakeFiles\mayaUsd.dir\render\vp2RenderDelegate\mayaPrimCommon.cpp.obj
[2022-06-20T14:52:33.579Z]     [317/661] Building CXX object lib\mayaUsd\CMakeFiles\mayaUsd.dir\render\vp2RenderDelegate\render_delegate.cpp.obj
[2022-06-20T14:52:34.371Z]     [318/661] Building CXX object lib\mayaUsd\CMakeFiles\mayaUsd.dir\render\vp2RenderDelegate\proxyRenderDelegate.cpp.obj
[2022-06-20T14:52:34.739Z]     [319/661] Building CXX object lib\mayaUsd\CMakeFiles\mayaUsd.dir\render\vp2RenderDelegate\points.cpp.obj
[2022-06-20T14:52:36.512Z]     [320/661] Building CXX object lib\mayaUsd\CMakeFiles\mayaUsd.dir\ufe\ProxyShapeHierarchyHandler.cpp.obj
[2022-06-20T14:52:37.431Z]     [321/661] Building CXX object lib\mayaUsd\CMakeFiles\mayaUsd.dir\ufe\Global.cpp.obj
[2022-06-20T14:52:37.431Z]     [322/661] Building CXX object lib\mayaUsd\CMakeFiles\mayaUsd.dir\ufe\ProxyShapeHierarchy.cpp.obj
[2022-06-20T14:52:37.431Z]     [323/661] Building CXX object lib\mayaUsd\CMakeFiles\mayaUsd.dir\render\vp2RenderDelegate\mesh.cpp.obj
[2022-06-20T14:52:37.813Z]     [324/661] Building CXX object lib\mayaUsd\CMakeFiles\mayaUsd.dir\ufe\StagesSubject.cpp.obj
[2022-06-20T14:52:40.337Z]     [325/661] Building CXX object lib\mayaUsd\CMakeFiles\mayaUsd.dir\ufe\UsdRootChildHierarchy.cpp.obj
[2022-06-20T14:52:40.716Z]     [326/661] Building CXX object lib\mayaUsd\CMakeFiles\mayaUsd.dir\ufe\UsdPointInstanceScaleModifier.cpp.obj
[2022-06-20T14:52:40.716Z]     [327/661] Building CXX object lib\mayaUsd\CMakeFiles\mayaUsd.dir\ufe\UsdHierarchy.cpp.obj
[2022-06-20T14:52:43.849Z]     [328/661] Building CXX object lib\mayaUsd\CMakeFiles\mayaUsd.dir\ufe\UsdPointInstanceOrientationModifier.cpp.obj
[2022-06-20T14:52:44.337Z]     [329/661] Building CXX object lib\mayaUsd\CMakeFiles\mayaUsd.dir\ufe\UsdRotatePivotTranslateUndoableCommand.cpp.obj
[2022-06-20T14:52:44.337Z]     [330/661] Building CXX object lib\mayaUsd\CMakeFiles\mayaUsd.dir\ufe\UsdHierarchyHandler.cpp.obj
[2022-06-20T14:52:44.709Z]     [331/661] Building CXX object lib\mayaUsd\CMakeFiles\mayaUsd.dir\ufe\UsdSceneItemOps.cpp.obj
[2022-06-20T14:52:44.709Z]     [332/661] Building CXX object lib\mayaUsd\CMakeFiles\mayaUsd.dir\ufe\UsdSceneItemOpsHandler.cpp.obj
[2022-06-20T14:52:45.084Z]     [333/661] Building CXX object lib\mayaUsd\CMakeFiles\mayaUsd.dir\ufe\UsdPointInstancePositionModifier.cpp.obj
[2022-06-20T14:52:45.456Z]     [334/661] Building CXX object lib\mayaUsd\CMakeFiles\mayaUsd.dir\ufe\UsdRotateUndoableCommand.cpp.obj
[2022-06-20T14:52:45.456Z]     [335/661] Building CXX object lib\mayaUsd\CMakeFiles\mayaUsd.dir\ufe\private\UfeNotifGuard.cpp.obj
[2022-06-20T14:52:46.253Z]     [336/661] Building CXX object lib\mayaUsd\CMakeFiles\mayaUsd.dir\ufe\UsdSceneItem.cpp.obj
[2022-06-20T14:52:46.623Z]     [337/661] Building CXX object lib\mayaUsd\CMakeFiles\mayaUsd.dir\undo\UsdUndoableItem.cpp.obj
[2022-06-20T14:52:46.997Z]     [338/661] Building CXX object lib\mayaUsd\CMakeFiles\mayaUsd.dir\ufe\UsdTranslateUndoableCommand.cpp.obj
[2022-06-20T14:52:46.997Z]     [339/661] Building CXX object lib\mayaUsd\CMakeFiles\mayaUsd.dir\ufe\UsdTransform3dHandler.cpp.obj
[2022-06-20T14:52:46.997Z]     [340/661] Building CXX object lib\mayaUsd\CMakeFiles\mayaUsd.dir\utils\colorSpace.cpp.obj
[2022-06-20T14:52:47.420Z]     [341/661] Building CXX object lib\mayaUsd\CMakeFiles\mayaUsd.dir\ufe\UsdTRSUndoableCommandBase.cpp.obj
[2022-06-20T14:52:47.420Z]     [342/661] Building CXX object lib\mayaUsd\CMakeFiles\mayaUsd.dir\utils\blockSceneModificationContext.cpp.obj
[2022-06-20T14:52:47.420Z]     [343/661] Building CXX object lib\mayaUsd\CMakeFiles\mayaUsd.dir\ufe\UsdScaleUndoableCommand.cpp.obj
[2022-06-20T14:52:48.185Z]     [344/661] Building CXX object lib\mayaUsd\CMakeFiles\mayaUsd.dir\ufe\moduleDeps.cpp.obj
[2022-06-20T14:52:48.531Z]     [345/661] Building CXX object lib\mayaUsd\CMakeFiles\mayaUsd.dir\utils\diagnosticDelegate.cpp.obj
[2022-06-20T14:52:48.903Z]     [346/661] Building CXX object lib\mayaUsd\CMakeFiles\mayaUsd.dir\ufe\UsdTransform3d.cpp.obj
[2022-06-20T14:52:51.335Z]     [347/661] Building CXX object lib\mayaUsd\CMakeFiles\mayaUsd.dir\utils\customLayerData.cpp.obj
[2022-06-20T14:52:52.153Z]     [348/661] Building CXX object lib\mayaUsd\CMakeFiles\mayaUsd.dir\ufe\UsdUndoDuplicateCommand.cpp.obj
[2022-06-20T14:52:52.153Z]     [349/661] Building CXX object lib\mayaUsd\CMakeFiles\mayaUsd.dir\ufe\UsdStageMap.cpp.obj
[2022-06-20T14:52:52.525Z]     [350/661] Building CXX object lib\mayaUsd\CMakeFiles\mayaUsd.dir\utils\loadRulesText.cpp.obj
[2022-06-20T14:52:52.904Z]     [351/661] Building CXX object lib\mayaUsd\CMakeFiles\mayaUsd.dir\ufe\private\Utils.cpp.obj
[2022-06-20T14:52:54.136Z]     [352/661] Building CXX object lib\mayaUsd\CMakeFiles\mayaUsd.dir\ufe\Utils.cpp.obj
[2022-06-20T14:52:54.136Z]     [353/661] Building CXX object lib\mayaUsd\CMakeFiles\mayaUsd.dir\utils\loadRulesAttribute.cpp.obj
[2022-06-20T14:52:54.136Z]     [354/661] Building CXX object lib\mayaUsd\CMakeFiles\mayaUsd.dir\utils\loadRules.cpp.obj
[2022-06-20T14:52:54.507Z]     [355/661] Building CXX object lib\mayaUsd\python\CMakeFiles\_mayaUsd.dir\module.cpp.obj
[2022-06-20T14:52:54.507Z]     [356/661] Building CXX object lib\mayaUsd\CMakeFiles\mayaUsd.dir\utils\converter.cpp.obj
[2022-06-20T14:52:54.857Z]     [357/661] Building CXX object lib\mayaUsd\CMakeFiles\mayaUsd.dir\utils\editability.cpp.obj
[2022-06-20T14:52:55.251Z]     [358/661] Building CXX object lib\mayaUsd\CMakeFiles\mayaUsd.dir\utils\plugRegistryHelper.cpp.obj
[2022-06-20T14:52:56.505Z]     [359/661] Building CXX object lib\mayaUsd\CMakeFiles\mayaUsd.dir\ufe\UsdUndoRenameCommand.cpp.obj
[2022-06-20T14:52:56.505Z]     [360/661] Building CXX object lib\mayaUsd\CMakeFiles\mayaUsd.dir\ufe\UsdUndoDeleteCommand.cpp.obj
[2022-06-20T14:52:56.890Z]     [361/661] Building CXX object lib\mayaUsd\CMakeFiles\mayaUsd.dir\utils\editRouter.cpp.obj
[2022-06-20T14:52:57.647Z]     [362/661] Building CXX object lib\mayaUsd\CMakeFiles\mayaUsd.dir\utils\query.cpp.obj
[2022-06-20T14:52:58.346Z]     [363/661] Building CXX object lib\mayaUsd\CMakeFiles\mayaUsd.dir\utils\undoHelperCommand.cpp.obj
[2022-06-20T14:52:58.346Z]     [364/661] Building CXX object lib\mayaUsd\CMakeFiles\mayaUsd.dir\utils\selectability.cpp.obj
[2022-06-20T14:52:58.799Z]     [365/661] Building CXX object lib\mayaUsd\CMakeFiles\mayaUsd.dir\utils\traverseLayer.cpp.obj
[2022-06-20T14:52:59.386Z]     [366/661] Building CXX object lib\mayaUsd\python\CMakeFiles\_mayaUsd.dir\pythonObjectRegistry.cpp.obj
[2022-06-20T14:53:00.158Z]     [367/661] Building CXX object lib\mayaUsd\python\CMakeFiles\_mayaUsd.dir\wrapBlockSceneModificationContext.cpp.obj
[2022-06-20T14:53:00.159Z]     [368/661] Building CXX object lib\mayaUsd\CMakeFiles\mayaUsd.dir\utils\stageCache.cpp.obj
[2022-06-20T14:53:00.159Z]     [369/661] Building CXX object lib\mayaUsd\python\CMakeFiles\_mayaUsd.dir\wrapColorSpace.cpp.obj
[2022-06-20T14:53:00.529Z]     [370/661] Building CXX object lib\mayaUsd\CMakeFiles\mayaUsd.dir\utils\variants.cpp.obj
[2022-06-20T14:53:01.830Z]     [371/661] Building CXX object lib\mayaUsd\python\CMakeFiles\_mayaUsd.dir\wrapOpUndoItem.cpp.obj
[2022-06-20T14:53:01.830Z]     [372/661] Building CXX object lib\mayaUsd\CMakeFiles\mayaUsd.dir\utils\utilFileSystem.cpp.obj
[2022-06-20T14:53:02.651Z]     [373/661] Building CXX object lib\mayaUsd\CMakeFiles\mayaUsd.dir\utils\utilSerialization.cpp.obj
[2022-06-20T14:53:03.030Z]     [374/661] Building CXX object lib\mayaUsd\python\CMakeFiles\_mayaUsd.dir\wrapSparseValueWriter.cpp.obj
[2022-06-20T14:53:03.410Z]     [375/661] Building CXX object lib\mayaUsd\python\CMakeFiles\_mayaUsd.dir\wrapDiagnosticDelegate.cpp.obj
[2022-06-20T14:53:03.410Z]     [376/661] Building CXX object lib\mayaUsd\python\CMakeFiles\_mayaUsd.dir\wrapTokens.cpp.obj
[2022-06-20T14:53:05.211Z]     [377/661] Building CXX object lib\mayaUsd\CMakeFiles\mayaUsd.dir\utils\util.cpp.obj
[2022-06-20T14:53:06.020Z]     [378/661] Building CXX object lib\mayaUsd\python\CMakeFiles\_mayaUsd.dir\wrapAdaptor.cpp.obj
[2022-06-20T14:53:06.459Z]     [379/661] Building CXX object lib\mayaUsd\python\CMakeFiles\_mayaUsd.dir\wrapQuery.cpp.obj
[2022-06-20T14:53:06.831Z]     [380/661] Building CXX object lib\mayaUsd\python\CMakeFiles\_mayaUsd.dir\wrapConverter.cpp.obj
[2022-06-20T14:53:07.208Z]     [381/661] Building CXX object lib\mayaUsd\python\CMakeFiles\_mayaUsd.dir\wrapEditRouter.cpp.obj
[2022-06-20T14:53:07.587Z]     [382/661] Building CXX object lib\mayaUsd\python\CMakeFiles\_mayaUsd.dir\wrapRoundTripUtil.cpp.obj
[2022-06-20T14:53:08.362Z]     [383/661] Building CXX object lib\mayaUsd\python\CMakeFiles\_mayaUsd.dir\wrapMeshWriteUtils.cpp.obj
[2022-06-20T14:53:08.362Z]     [384/661] Building CXX object lib\mayaUsd\python\CMakeFiles\_mayaUsd.dir\wrapReadUtil.cpp.obj
[2022-06-20T14:53:08.362Z]     [385/661] Building CXX object lib\mayaUsd\python\CMakeFiles\_mayaUsd.dir\wrapStageCache.cpp.obj
[2022-06-20T14:53:09.715Z]     [386/661] Building CXX object lib\mayaUsd\python\CMakeFiles\_mayaUsd.dir\wrapTranslatorUtil.cpp.obj
[2022-06-20T14:53:10.067Z]     [387/661] Linking CXX shared library lib\mayaUsd\mayaUsd.dll
[2022-06-20T14:53:10.827Z]     [388/661] Building CXX object lib\mayaUsd\python\CMakeFiles\_mayaUsd.dir\wrapUsdUndoManager.cpp.obj
[2022-06-20T14:53:10.827Z]     [389/661] Building CXX object lib\mayaUsd\python\CMakeFiles\_mayaUsd.dir\wrapOpenMaya.cpp.obj
[2022-06-20T14:53:10.827Z]     [390/661] Linking CXX executable test\lib\mayaUsd\utils\testSplitString.exe
[2022-06-20T14:53:11.607Z]     [391/661] Linking CXX shared library test\lib\usd\plugin\usdTestMayaPlugin.mll
[2022-06-20T14:53:11.982Z]     [392/661] Linking CXX shared library test\lib\usd\plugin\usdTestInfoImportChaser.mll
[2022-06-20T14:53:11.982Z]     [393/661] Linking CXX shared library test\lib\usd\plugin\usdTestUsdPlugin.dll
[2022-06-20T14:53:12.804Z]     [394/661] Linking CXX shared library test\lib\usd\plugin\usdTestApiWriter.dll
[2022-06-20T14:53:12.804Z]     [395/661] Building CXX object lib\mayaUsd\python\CMakeFiles\_mayaUsd.dir\wrapJobContextRegistry.cpp.obj
[2022-06-20T14:53:12.804Z]     [396/661] Linking CXX shared library lib\usd\pxrUsdPreviewSurface\basePxrUsdPreviewSurface.dll
[2022-06-20T14:53:12.804Z]     [397/661] Linking CXX executable test\lib\mayaUsd\utils\testLoadRules.exe
[2022-06-20T14:53:12.804Z]     [398/661] Building CXX object lib\mayaUsd\python\CMakeFiles\_mayaUsd.dir\wrapXformStack.cpp.obj
[2022-06-20T14:53:13.259Z]     [399/661] Building CXX object lib\mayaUsd\python\CMakeFiles\_mayaUsd.dir\wrapUtil.cpp.obj
[2022-06-20T14:53:14.818Z]     [400/661] Building CXX object lib\mayaUsd\python\CMakeFiles\_mayaUsd.dir\wrapUserTaggedAttribute.cpp.obj
[2022-06-20T14:53:14.818Z]     [401/661] Building CXX object lib\mayaUsd\ufe\CMakeFiles\_ufe.dir\module.cpp.obj
[2022-06-20T14:53:15.654Z]     [402/661] Linking CXX shared library plugin\pxr\maya\plugin\pxrUsdPreviewSurface\pxrUsdPreviewSurface.mll
[2022-06-20T14:53:15.654Z]     [403/661] Building CXX object lib\mayaUsd\python\CMakeFiles\_mayaUsd.dir\wrapWriteUtil.cpp.obj
[2022-06-20T14:53:15.654Z]     [404/661] Linking CXX shared library lib\usd\translators\mayaUsd_Translators.dll
[2022-06-20T14:53:16.025Z]     [405/661] Automatic MOC and UIC for target mayaUsdUI
[2022-06-20T14:53:16.390Z]     [406/661] Automatic RCC for layerEditor/resources.qrc
[2022-06-20T14:53:16.390Z]     [407/661] Automatic RCC for importDialog/images/ui.qrc
[2022-06-20T14:53:17.226Z]     [408/661] Building CXX object lib\mayaUsd\render\mayaToHydra\CMakeFiles\mtoh.dir\pluginDebugCodes.cpp.obj
[2022-06-20T14:53:17.588Z]     [409/661] Building CXX object lib\mayaUsd\python\CMakeFiles\_mayaUsd.dir\wrapExportChaser.cpp.obj
[2022-06-20T14:53:18.873Z]     [410/661] Building CXX object lib\mayaUsd\python\CMakeFiles\_mayaUsd.dir\wrapSchemaApiAdaptor.cpp.obj
[2022-06-20T14:53:18.873Z]     [411/661] Building CXX object lib\mayaUsd\ufe\CMakeFiles\_ufe.dir\wrapGlobal.cpp.obj
[2022-06-20T14:53:20.111Z]     [412/661] Building CXX object lib\mayaUsd\python\CMakeFiles\_mayaUsd.dir\wrapShadingUtil.cpp.obj
[2022-06-20T14:53:21.120Z]     [413/661] Building CXX object lib\mayaUsd\python\CMakeFiles\_mayaUsd.dir\wrapPrimWriter.cpp.obj
[2022-06-20T14:53:21.580Z]     [414/661] Building CXX object lib\mayaUsd\python\CMakeFiles\_mayaUsd.dir\wrapImportChaser.cpp.obj
[2022-06-20T14:53:21.580Z]     [415/661] Building CXX object lib\mayaUsd\python\CMakeFiles\_mayaUsd.dir\wrapShadingMode.cpp.obj
[2022-06-20T14:53:22.352Z]     [416/661] Building CXX object lib\mayaUsd\python\CMakeFiles\_mayaUsd.dir\wrapPrimReader.cpp.obj
[2022-06-20T14:53:24.208Z]     [417/661] Building CXX object lib\usd\schemas\CMakeFiles\_schemas.dir\wrapMayaReference.cpp.obj
[2022-06-20T14:53:24.639Z]     [418/661] Building CXX object lib\usd\ui\CMakeFiles\mayaUsdUI.dir\layerEditor\generatedIconButton.cpp.obj
[2022-06-20T14:53:24.639Z]     [419/661] Building CXX object lib\mayaUsd\render\mayaToHydra\CMakeFiles\mtoh.dir\shadingModeExporter.cpp.obj
[2022-06-20T14:53:24.639Z]     [420/661] Building CXX object lib\usd\ui\CMakeFiles\mayaUsdUI.dir\layerEditor\dirtyLayersCountBadge.cpp.obj
[2022-06-20T14:53:24.639Z]     [421/661] Linking CXX shared library lib\usd\schemas\_schemas.pyd
[2022-06-20T14:53:25.861Z]     [422/661] Building CXX object lib\mayaUsd\ufe\CMakeFiles\_ufe.dir\wrapNotice.cpp.obj
[2022-06-20T14:53:27.690Z]     [423/661] Building CXX object lib\mayaUsd\render\mayaToHydra\CMakeFiles\mtoh.dir\renderOverride.cpp.obj
[2022-06-20T14:53:28.045Z]     [424/661] Building CXX object lib\mayaUsd\render\mayaToHydra\CMakeFiles\mtoh.dir\plugin.cpp.obj
[2022-06-20T14:53:28.859Z]     [425/661] Building CXX object lib\mayaUsd\ufe\CMakeFiles\_ufe.dir\wrapUtils.cpp.obj
[2022-06-20T14:53:29.243Z]     [426/661] Building CXX object lib\usd\ui\CMakeFiles\mayaUsdUI.dir\layerEditor\mayaQtUtils.cpp.obj
[2022-06-20T14:53:29.656Z]     [427/661] Building CXX object lib\usd\ui\CMakeFiles\mayaUsdUI.dir\mayaUsdUI_autogen\mocs_compilation.cpp.obj
[2022-06-20T14:53:30.824Z]     [428/661] Building CXX object lib\usd\ui\CMakeFiles\mayaUsdUI.dir\layerEditor\layerEditorWidget.cpp.obj
[2022-06-20T14:53:30.824Z]     [429/661] Building CXX object lib\usd\ui\CMakeFiles\mayaUsdUI.dir\layerEditor\layerTreeItemDelegate.cpp.obj
[2022-06-20T14:53:30.824Z]     [430/661] Building CXX object lib\usd\ui\CMakeFiles\mayaUsdUI.dir\layerEditor\mayaCommandHook.cpp.obj
[2022-06-20T14:53:31.182Z]     [431/661] Building CXX object lib\usd\ui\CMakeFiles\mayaUsdUI.dir\layerEditor\layerTreeItem.cpp.obj
[2022-06-20T14:53:31.635Z]     [432/661] Building CXX object lib\usd\ui\CMakeFiles\mayaUsdUI.dir\layerEditor\loadLayersDialog.cpp.obj
[2022-06-20T14:53:32.009Z]     [433/661] Building CXX object lib\usd\ui\CMakeFiles\mayaUsdUI.dir\layerEditor\sessionState.cpp.obj
[2022-06-20T14:53:32.009Z]     [434/661] Building CXX object lib\usd\ui\CMakeFiles\mayaUsdUI.dir\layerEditor\stringResources.cpp.obj
[2022-06-20T14:53:32.009Z]     [435/661] Building CXX object lib\usd\ui\CMakeFiles\mayaUsdUI.dir\layerEditor\layerTreeView.cpp.obj
[2022-06-20T14:53:32.373Z]     [436/661] Building CXX object lib\usd\ui\CMakeFiles\mayaUsdUI.dir\layerEditor\mayaLayerEditorWindow.cpp.obj
[2022-06-20T14:53:32.739Z]     [437/661] Building CXX object lib\usd\ui\CMakeFiles\mayaUsdUI.dir\mayaUsdUI_autogen\AUCU3ACLTF\qrc_ui.cpp.obj
[2022-06-20T14:53:33.113Z]     [438/661] Building CXX object lib\usd\ui\CMakeFiles\mayaUsdUI.dir\importDialog\USDQtUtil.cpp.obj
[2022-06-20T14:53:33.113Z]     [439/661] Building CXX object lib\usd\ui\CMakeFiles\mayaUsdUI.dir\mayaUsdUI_autogen\5WMDHDZAMM\qrc_resources.cpp.obj
[2022-06-20T14:53:33.113Z]     [440/661] Building CXX object lib\usd\ui\CMakeFiles\mayaUsdUI.dir\layerEditor\qtUtils.cpp.obj
[2022-06-20T14:53:33.113Z]     [441/661] Building CXX object lib\usd\ui\CMakeFiles\mayaUsdUI.dir\initStringResources.cpp.obj
[2022-06-20T14:53:33.952Z]     [442/661] Linking CXX shared library lib\mayaUsd\ufe\_ufe.pyd
[2022-06-20T14:53:34.740Z]     [443/661] Building CXX object lib\usd\ui\CMakeFiles\mayaUsdUI.dir\layerEditor\warningDialogs.cpp.obj
[2022-06-20T14:53:34.740Z]     [444/661] Linking CXX shared library lib\mayaUsd\python\_mayaUsd.pyd
[2022-06-20T14:53:35.966Z]     [445/661] Building CXX object lib\usd\ui\CMakeFiles\mayaUsdUI.dir\layerEditor\mayaSessionState.cpp.obj
[2022-06-20T14:53:35.966Z]     [446/661] Building CXX object lib\mayaUsd\render\mayaToHydra\CMakeFiles\mtoh.dir\tokens.cpp.obj
[2022-06-20T14:53:36.725Z]     [447/661] Building CXX object lib\usd\ui\CMakeFiles\mayaUsdUI.dir\layerEditor\layerTreeModel.cpp.obj
[2022-06-20T14:53:37.099Z]     [448/661] Building CXX object lib\usd\ui\CMakeFiles\mayaUsdUI.dir\layerEditor\pathChecker.cpp.obj
[2022-06-20T14:53:37.867Z]     [449/661] Building CXX object lib\usd\hdMaya\CMakeFiles\hdMaya.dir\debugCodes.cpp.obj
[2022-06-20T14:53:39.153Z]     [450/661] Building CXX object lib\usd\ui\CMakeFiles\mayaUsdUI.dir\importDialog\TreeModelFactory.cpp.obj
[2022-06-20T14:53:39.524Z]     [451/661] Building CXX object lib\usd\ui\CMakeFiles\mayaUsdUI.dir\importDialog\TreeItem.cpp.obj
[2022-06-20T14:53:39.524Z]     [452/661] Building CXX object lib\usd\ui\CMakeFiles\mayaUsdUI.dir\importDialog\ItemDelegate.cpp.obj
[2022-06-20T14:53:39.897Z]     [453/661] Building CXX object lib\usd\ui\CMakeFiles\mayaUsdUI.dir\importDialog\USDImportDialog.cpp.obj
[2022-06-20T14:53:40.235Z]     [454/661] Building CXX object lib\usd\ui\CMakeFiles\mayaUsdUI.dir\importDialog\TreeModel.cpp.obj
[2022-06-20T14:53:40.612Z]     [455/661] Building CXX object lib\usd\ui\CMakeFiles\mayaUsdUI.dir\layerEditor\stageSelectorWidget.cpp.obj
[2022-06-20T14:53:40.612Z]     [456/661] Building CXX object lib\mayaUsd\render\mayaToHydra\CMakeFiles\mtoh.dir\utils.cpp.obj
[2022-06-20T14:53:40.612Z]     [457/661] Building CXX object lib\usd\hdMaya\CMakeFiles\hdMaya.dir\adapters\adapterDebugCodes.cpp.obj
[2022-06-20T14:53:41.405Z]     [458/661] Building CXX object lib\usd\ui\CMakeFiles\mayaUsdUI.dir\importDialog\USDImportDialogCmd.cpp.obj
[2022-06-20T14:53:41.405Z]     [459/661] Building CXX object lib\usd\hdMaya\CMakeFiles\hdMaya.dir\utils.cpp.obj
[2022-06-20T14:53:41.405Z]     [460/661] Building CXX object lib\usd\ui\CMakeFiles\mayaUsdUI.dir\layerEditor\saveLayersDialog.cpp.obj
[2022-06-20T14:53:42.188Z]     [461/661] Building CXX object lib\usd\ui\CMakeFiles\mayaUsdUI.dir\layerEditor\batchSaveLayersUIDelegate.cpp.obj
[2022-06-20T14:53:43.230Z]     [462/661] Building CXX object plugin\pxr\maya\lib\usdMaya\CMakeFiles\usdMaya.dir\importCommand.cpp.obj
[2022-06-20T14:53:44.063Z]     [463/661] Linking CXX shared library lib\usd\ui\mayaUsdUI.dll
[2022-06-20T14:53:44.063Z]     [464/661] Automatic MOC and UIC for target testMayaUsdUI
[2022-06-20T14:53:44.063Z]     [465/661] Building CXX object lib\usd\ui\importDialogDemo\CMakeFiles\testMayaUsdUI.dir\testMayaUsdUI_autogen\mocs_compilation.cpp.obj
[2022-06-20T14:53:45.352Z]     [466/661] Building CXX object plugin\pxr\maya\lib\usdMaya\CMakeFiles\usdMaya.dir\importTranslator.cpp.obj
[2022-06-20T14:53:46.149Z]     [467/661] Building CXX object lib\usd\hdMaya\CMakeFiles\hdMaya.dir\adapters\areaLightAdapter.cpp.obj
[2022-06-20T14:53:46.505Z]     [468/661] Building CXX object lib\mayaUsd\render\mayaToHydra\CMakeFiles\mtoh.dir\defaultLightDelegate.cpp.obj
[2022-06-20T14:53:46.505Z]     [469/661] Linking CXX shared library plugin\pxr\maya\lib\usdMaya\usdMaya.dll
[2022-06-20T14:53:46.505Z]     [470/661] Building CXX object lib\mayaUsd\render\mayaToHydra\CMakeFiles\mtoh.dir\viewCommand.cpp.obj
[2022-06-20T14:53:46.918Z]     [471/661] Building CXX object lib\usd\hdMaya\CMakeFiles\hdMaya.dir\adapters\adapter.cpp.obj
[2022-06-20T14:53:47.510Z]     [472/661] Building CXX object plugin\al\mayautils\AL\maya\tests\mayaplugintest\CMakeFiles\AL_MayaUtilsTests.dir\utils\NodeHelperUnitTest.cpp.obj
[2022-06-20T14:53:47.510Z]     [473/661] Linking CXX shared library plugin\pxr\maya\lib\usdMaya\_usdMaya.pyd
[2022-06-20T14:53:47.510Z]     [474/661] Linking CXX shared library plugin\pxr\maya\plugin\pxrUsd\pxrUsd.mll
[2022-06-20T14:53:48.329Z]     [475/661] Building CXX object lib\mayaUsd\render\mayaToHydra\CMakeFiles\mtoh.dir\renderGlobals.cpp.obj
[2022-06-20T14:53:48.694Z]     [476/661] Building CXX object lib\usd\hdMaya\CMakeFiles\hdMaya.dir\adapters\dagAdapter.cpp.obj
[2022-06-20T14:53:48.694Z]     [477/661] Building CXX object plugin\al\mayautils\AL\maya\tests\mayaplugintest\CMakeFiles\AL_MayaUtilsTests.dir\utils\PluginTranslatorOptionsTest.cpp.obj
[2022-06-20T14:53:48.694Z]     [478/661] Building CXX object lib\usd\hdMaya\CMakeFiles\hdMaya.dir\adapters\aiSkydomeLightAdapter.cpp.obj
[2022-06-20T14:53:49.463Z]     [479/661] Building CXX object lib\usd\hdMaya\CMakeFiles\hdMaya.dir\adapters\cameraAdapter.cpp.obj
[2022-06-20T14:53:49.463Z]     [480/661] Linking CXX shared library plugin\al\mayautils\AL\maya\tests\mayaplugintest\AL_MayaUtilsTests.mll
[2022-06-20T14:53:50.249Z]     [481/661] Building CXX object lib\usd\hdMaya\CMakeFiles\hdMaya.dir\adapters\directionalLightAdapter.cpp.obj
[2022-06-20T14:53:50.249Z]     [482/661] Building CXX object lib\usd\hdMaya\CMakeFiles\hdMaya.dir\adapters\lightAdapter.cpp.obj
[2022-06-20T14:53:51.512Z]     [483/661] Building CXX object lib\usd\hdMaya\CMakeFiles\hdMaya.dir\adapters\materialAdapter.cpp.obj
[2022-06-20T14:53:51.936Z]     [484/661] Building CXX object lib\usd\hdMaya\CMakeFiles\hdMaya.dir\adapters\adapterRegistry.cpp.obj
[2022-06-20T14:53:51.936Z]     [485/661] Building CXX object lib\usd\ui\importDialogDemo\CMakeFiles\testMayaUsdUI.dir\testMayaUsdUI.cpp.obj
[2022-06-20T14:53:53.206Z]     [486/661] Linking CXX executable lib\usd\ui\importDialogDemo\testMayaUsdUI.exe
[2022-06-20T14:53:53.206Z]     [487/661] Building CXX object plugin\al\usdtransaction\AL\usd\transaction\CMakeFiles\_AL_USDTransaction.dir\module.cpp.obj
[2022-06-20T14:53:54.440Z]     [488/661] Building CXX object lib\usd\hdMaya\CMakeFiles\hdMaya.dir\adapters\proxyAdapter.cpp.obj
[2022-06-20T14:53:54.793Z]     [489/661] Building CXX object plugin\al\usdmayautils\AL\usdmaya\utils\CMakeFiles\AL_USDMayaUtils.dir\AttributeType.cpp.obj
[2022-06-20T14:53:55.570Z]     [490/661] Building CXX object plugin\al\usdtransaction\AL\usd\transaction\tests\CMakeFiles\AL_USDTransactionTests.dir\testMain.cpp.obj
[2022-06-20T14:53:55.938Z]     [491/661] Building CXX object lib\usd\hdMaya\CMakeFiles\hdMaya.dir\adapters\materialNetworkConverter.cpp.obj
[2022-06-20T14:53:56.763Z]     [492/661] Building CXX object plugin\al\usdmayautils\AL\usdmaya\utils\CMakeFiles\AL_USDMayaUtils.dir\MeshUtils.cpp.obj
[2022-06-20T14:53:57.188Z]     [493/661] Building CXX object plugin\al\usdmayautils\AL\usdmaya\utils\CMakeFiles\AL_USDMayaUtils.dir\AnimationTranslator.cpp.obj
[2022-06-20T14:53:57.188Z]     [494/661] Linking CXX shared library lib\usd\hdMaya\hdMaya.dll
[2022-06-20T14:53:57.560Z]     [495/661] Building CXX object plugin\al\usdmayautils\AL\usdmaya\utils\CMakeFiles\AL_USDMayaUtils.dir\Utils.cpp.obj
[2022-06-20T14:53:57.560Z]     [496/661] Building CXX object plugin\al\usdtransaction\AL\usd\transaction\CMakeFiles\AL_USDTransaction.dir\Transaction.cpp.obj
[2022-06-20T14:53:58.002Z]     [497/661] Building CXX object plugin\al\lib\AL_USDMaya\CMakeFiles\AL_USDMaya.dir\AL\usdmaya\nodes\Scope.cpp.obj
[2022-06-20T14:53:58.002Z]     [498/661] Building CXX object plugin\al\lib\AL_USDMaya\CMakeFiles\AL_USDMaya.dir\AL\usdmaya\DebugCodes.cpp.obj
[2022-06-20T14:53:58.385Z]     [499/661] Building CXX object plugin\al\usdtransaction\AL\usd\transaction\CMakeFiles\AL_USDTransaction.dir\Notice.cpp.obj
[2022-06-20T14:53:58.385Z]     [500/661] Building CXX object plugin\al\usdtransaction\AL\usd\transaction\CMakeFiles\AL_USDTransaction.dir\TransactionManager.cpp.obj
[2022-06-20T14:53:59.802Z]     [501/661] Building CXX object plugin\al\lib\AL_USDMaya\CMakeFiles\AL_USDMaya.dir\AL\usdmaya\Metadata.cpp.obj
[2022-06-20T14:53:59.802Z]     [502/661] Building CXX object plugin\al\usdmayautils\AL\usdmaya\utils\CMakeFiles\AL_USDMayaUtils.dir\DiffPrimVar.cpp.obj
[2022-06-20T14:53:59.802Z]     [503/661] Linking CXX shared library lib\mayaUsd\render\mayaToHydra\mtoh.mll
[2022-06-20T14:54:00.225Z]     [504/661] Building CXX object plugin\al\lib\AL_USDMaya\CMakeFiles\AL_USDMaya.dir\AL\usdmaya\cmds\DebugCommands.cpp.obj
[2022-06-20T14:54:00.225Z]     [505/661] Building CXX object plugin\al\usdmayautils\AL\usdmaya\utils\CMakeFiles\AL_USDMayaUtils.dir\NurbsCurveUtils.cpp.obj
[2022-06-20T14:54:00.589Z]     [506/661] Linking CXX shared library plugin\al\usdtransaction\AL\usd\transaction\AL_USDTransaction.dll
[2022-06-20T14:54:00.589Z]     [507/661] Building CXX object plugin\al\usdtransaction\AL\usd\transaction\CMakeFiles\_AL_USDTransaction.dir\wrapNotice.cpp.obj
[2022-06-20T14:54:00.984Z]     [508/661] Building CXX object plugin\al\usdtransaction\AL\usd\transaction\CMakeFiles\_AL_USDTransaction.dir\wrapTransaction.cpp.obj
[2022-06-20T14:54:01.750Z]     [509/661] Building CXX object plugin\al\lib\AL_USDMaya\CMakeFiles\AL_USDMaya.dir\AL\usdmaya\cmds\RendererCommands.cpp.obj
[2022-06-20T14:54:01.750Z]     [510/661] Building CXX object plugin\al\usdmayautils\AL\usdmaya\utils\CMakeFiles\AL_USDMayaUtils.dir\DgNodeHelper.cpp.obj
[2022-06-20T14:54:01.750Z]     [511/661] Building CXX object plugin\al\lib\AL_USDMaya\CMakeFiles\AL_USDMaya.dir\AL\usdmaya\cmds\EventCommand.cpp.obj
[2022-06-20T14:54:02.538Z]     [512/661] Linking CXX shared library plugin\al\usdmayautils\AL\usdmaya\utils\AL_USDMayaUtils.dll
[2022-06-20T14:54:03.126Z]     [513/661] Building CXX object plugin\al\lib\AL_USDMaya\CMakeFiles\AL_USDMaya.dir\AL\usdmaya\cmds\SyncFileIOGui.cpp.obj
[2022-06-20T14:54:03.127Z]     [514/661] Building CXX object plugin\al\lib\AL_USDMaya\CMakeFiles\AL_USDMaya.dir\AL\usdmaya\StageCache.cpp.obj
[2022-06-20T14:54:03.467Z]     [515/661] Building CXX object plugin\al\usdtransaction\AL\usd\transaction\tests\CMakeFiles\AL_USDTransactionTests.dir\testTransactionManager.cpp.obj
[2022-06-20T14:54:04.216Z]     [516/661] Building CXX object plugin\al\usdtransaction\AL\usd\transaction\CMakeFiles\_AL_USDTransaction.dir\wrapTransactionManager.cpp.obj
[2022-06-20T14:54:04.637Z]     [517/661] Building CXX object plugin\al\lib\AL_USDMaya\CMakeFiles\AL_USDMaya.dir\AL\usdmaya\moduleDeps.cpp.obj
[2022-06-20T14:54:04.637Z]     [518/661] Linking CXX shared library plugin\al\usdtransaction\AL\usd\transaction\_AL_USDTransaction.pyd
[2022-06-20T14:54:05.885Z]     [519/661] Building CXX object plugin\al\usdtransaction\AL\usd\transaction\tests\CMakeFiles\AL_USDTransactionTests.dir\testTransaction.cpp.obj
[2022-06-20T14:54:06.256Z]     [520/661] Linking CXX executable plugin\al\usdtransaction\AL\usd\transaction\tests\AL_USDTransactionTests.exe
[2022-06-20T14:54:07.053Z]     [521/661] Building CXX object plugin\al\lib\AL_USDMaya\CMakeFiles\AL_USDMaya.dir\AL\usdmaya\cmds\CreateUsdPrim.cpp.obj
[2022-06-20T14:54:07.849Z]     [522/661] Building CXX object plugin\al\lib\AL_USDMaya\CMakeFiles\AL_USDMaya.dir\AL\usdmaya\TransformOperation.cpp.obj
[2022-06-20T14:54:09.111Z]     [523/661] Building CXX object plugin\al\lib\AL_USDMaya\CMakeFiles\AL_USDMaya.dir\AL\usdmaya\cmds\ListTranslators.cpp.obj
[2022-06-20T14:54:09.544Z]     [524/661] Building CXX object plugin\al\lib\AL_USDMaya\CMakeFiles\AL_USDMaya.dir\AL\usdmaya\cmds\ProxyShapePostLoadProcess.cpp.obj
[2022-06-20T14:54:09.544Z]     [525/661] Building CXX object plugin\al\lib\AL_USDMaya\CMakeFiles\AL_USDMaya.dir\AL\usdmaya\Global.cpp.obj
[2022-06-20T14:54:10.788Z]     [526/661] Building CXX object plugin\al\lib\AL_USDMaya\CMakeFiles\AL_USDMaya.dir\AL\usdmaya\fileio\ExportTranslator.cpp.obj
[2022-06-20T14:54:10.788Z]     [527/661] Building CXX object plugin\al\lib\AL_USDMaya\CMakeFiles\AL_USDMaya.dir\AL\usdmaya\cmds\LayerCommands.cpp.obj
[2022-06-20T14:54:12.085Z]     [528/661] Building CXX object plugin\al\lib\AL_USDMaya\CMakeFiles\AL_USDMaya.dir\AL\usdmaya\fileio\Import.cpp.obj
[2022-06-20T14:54:12.565Z]     [529/661] Building CXX object plugin\al\lib\AL_USDMaya\CMakeFiles\AL_USDMaya.dir\AL\usdmaya\fileio\SchemaPrims.cpp.obj
[2022-06-20T14:54:13.321Z]     [530/661] Building CXX object plugin\al\lib\AL_USDMaya\CMakeFiles\AL_USDMaya.dir\AL\usdmaya\fileio\ImportTranslator.cpp.obj
[2022-06-20T14:54:13.321Z]     [531/661] Building CXX object plugin\al\lib\AL_USDMaya\CMakeFiles\AL_USDMaya.dir\AL\usdmaya\cmds\ProxyShapeCommands.cpp.obj
[2022-06-20T14:54:13.800Z]     [532/661] Building CXX object plugin\al\lib\AL_USDMaya\CMakeFiles\AL_USDMaya.dir\AL\usdmaya\fileio\AnimationTranslator.cpp.obj
[2022-06-20T14:54:13.800Z]     [533/661] Building CXX object plugin\al\lib\AL_USDMaya\CMakeFiles\AL_USDMaya.dir\AL\usdmaya\fileio\TransformIterator.cpp.obj
[2022-06-20T14:54:14.621Z]     [534/661] Building CXX object plugin\al\lib\AL_USDMaya\CMakeFiles\AL_USDMaya.dir\AL\usdmaya\nodes\Layer.cpp.obj
[2022-06-20T14:54:14.621Z]     [535/661] Building CXX object plugin\al\lib\AL_USDMaya\CMakeFiles\AL_USDMaya.dir\AL\usdmaya\cmds\UnloadPrim.cpp.obj
[2022-06-20T14:54:15.420Z]     [536/661] Building CXX object plugin\al\lib\AL_USDMaya\CMakeFiles\AL_USDMaya.dir\AL\usdmaya\fileio\translators\DagNodeTranslator.cpp.obj
[2022-06-20T14:54:15.824Z]     [537/661] Building CXX object plugin\al\lib\AL_USDMaya\CMakeFiles\AL_USDMaya.dir\AL\usdmaya\fileio\Export.cpp.obj
[2022-06-20T14:54:17.846Z]     [538/661] Building CXX object plugin\al\lib\AL_USDMaya\CMakeFiles\AL_USDMaya.dir\AL\usdmaya\fileio\NodeFactory.cpp.obj
[2022-06-20T14:54:18.224Z]     [539/661] Building CXX object plugin\al\lib\AL_USDMaya\CMakeFiles\AL_USDMaya.dir\AL\usdmaya\fileio\translators\TranslatorTestType.cpp.obj
[2022-06-20T14:54:18.590Z]     [540/661] Building CXX object plugin\al\lib\AL_USDMaya\CMakeFiles\AL_USDMaya.dir\AL\usdmaya\fileio\translators\TranslatorTestPlugin.cpp.obj
[2022-06-20T14:54:19.465Z]     [541/661] Building CXX object plugin\al\lib\AL_USDMaya\CMakeFiles\AL_USDMaya.dir\AL\usdmaya\fileio\translators\TranslatorBase.cpp.obj
[2022-06-20T14:54:19.465Z]     [542/661] Building CXX object plugin\al\lib\AL_USDMaya\CMakeFiles\AL_USDMaya.dir\AL\usdmaya\fileio\translators\TransformTranslator.cpp.obj
[2022-06-20T14:54:19.845Z]     [543/661] Building CXX object plugin\al\lib\AL_USDMaya\CMakeFiles\AL_USDMaya.dir\AL\usdmaya\fileio\translators\TestExtraDataPlugin.cpp.obj
[2022-06-20T14:54:20.222Z]     [544/661] Building CXX object plugin\al\lib\AL_USDMaya\CMakeFiles\AL_USDMaya.dir\AL\usdmaya\fileio\translators\DgNodeTranslator.cpp.obj
[2022-06-20T14:54:20.222Z]     [545/661] Building CXX object plugin\al\lib\AL_USDMaya\CMakeFiles\AL_USDMaya.dir\AL\usdmaya\fileio\translators\ExtraDataPlugin.cpp.obj
[2022-06-20T14:54:20.594Z]     [546/661] Building CXX object plugin\al\lib\AL_USDMaya\CMakeFiles\AL_USDMaya.dir\AL\usdmaya\fileio\translators\TranslatorContext.cpp.obj
[2022-06-20T14:54:21.926Z]     [547/661] Building CXX object plugin\al\lib\AL_USDMaya\CMakeFiles\AL_USDMaya.dir\AL\usdmaya\nodes\LayerManager.cpp.obj
[2022-06-20T14:54:23.199Z]     [548/661] Building CXX object plugin\al\schemas\AL\usd\schemas\maya\CMakeFiles\_AL_USDMayaSchemas.dir\wrapTokens.cpp.obj
[2022-06-20T14:54:23.595Z]     [549/661] Building CXX object plugin\al\lib\AL_USDMaya\CMakeFiles\_AL_USDMaya.dir\AL\usdmaya\module.cpp.obj
[2022-06-20T14:54:23.595Z]     [550/661] Building CXX object plugin\al\lib\AL_USDMaya\CMakeFiles\AL_USDMaya.dir\AL\usdmaya\nodes\MeshAnimCreator.cpp.obj
[2022-06-20T14:54:23.964Z]     [551/661] Building CXX object plugin\al\lib\AL_USDMaya\CMakeFiles\AL_USDMaya.dir\AL\usdmaya\nodes\ProxyUsdGeomCamera.cpp.obj
[2022-06-20T14:54:25.189Z]     [552/661] Building CXX object plugin\al\lib\AL_USDMaya\CMakeFiles\AL_USDMaya.dir\AL\usdmaya\nodes\Engine.cpp.obj
[2022-06-20T14:54:25.189Z]     [553/661] Building CXX object plugin\al\lib\AL_USDMaya\CMakeFiles\AL_USDMaya.dir\AL\usdmaya\nodes\ProxyShapeSelection.cpp.obj
[2022-06-20T14:54:26.452Z]     [554/661] Building CXX object plugin\al\lib\AL_USDMaya\CMakeFiles\AL_USDMaya.dir\AL\usdmaya\nodes\MeshAnimDeformer.cpp.obj
[2022-06-20T14:54:27.274Z]     [555/661] Building CXX object plugin\al\lib\AL_USDMaya\CMakeFiles\AL_USDMaya.dir\AL\usdmaya\nodes\BasicTransformationMatrix.cpp.obj
[2022-06-20T14:54:28.041Z]     [556/661] Building CXX object plugin\al\schemas\AL\usd\schemas\maya\CMakeFiles\_AL_USDMayaSchemas.dir\wrapModelAPI.cpp.obj
[2022-06-20T14:54:28.041Z]     [557/661] Building CXX object plugin\al\schemas\AL\usd\schemas\maya\CMakeFiles\_AL_USDMayaSchemas.dir\wrapFrameRange.cpp.obj
[2022-06-20T14:54:28.425Z]     [558/661] Building CXX object plugin\al\lib\AL_USDMaya\CMakeFiles\AL_USDMaya.dir\AL\usdmaya\nodes\proxy\ProxyShapeVariantFallbacks.cpp.obj
[2022-06-20T14:54:29.306Z]     [559/661] Building CXX object plugin\al\lib\AL_USDMaya\CMakeFiles\AL_USDMaya.dir\AL\usdmaya\nodes\proxy\PrimFilter.cpp.obj
[2022-06-20T14:54:29.681Z]     [560/661] Building CXX object plugin\al\lib\AL_USDMaya\CMakeFiles\AL_USDMaya.dir\AL\usdmaya\nodes\Transform.cpp.obj
[2022-06-20T14:54:29.681Z]     [561/661] Building CXX object plugin\al\lib\AL_USDMaya\CMakeFiles\_AL_USDMaya.dir\AL\usdmaya\wrapStageCache.cpp.obj
[2022-06-20T14:54:30.061Z]     [562/661] Building CXX object plugin\al\lib\AL_USDMaya\CMakeFiles\AL_USDMaya.dir\AL\usdmaya\nodes\RendererManager.cpp.obj
[2022-06-20T14:54:30.856Z]     [563/661] Building CXX object plugin\al\lib\AL_USDMaya\CMakeFiles\AL_USDMaya.dir\AL\usdmaya\nodes\proxy\ProxyShapeMetaData.cpp.obj
[2022-06-20T14:54:31.223Z]     [564/661] Building CXX object plugin\al\lib\AL_USDMaya\CMakeFiles\AL_USDMaya.dir\AL\usdmaya\nodes\TransformationMatrix.cpp.obj
[2022-06-20T14:54:31.569Z]     [565/661] Building CXX object plugin\al\lib\AL_USDMaya\CMakeFiles\AL_USDMaya.dir\AL\usdmaya\nodes\ProxyShape.cpp.obj
[2022-06-20T14:54:33.358Z]     [566/661] Building CXX object plugin\al\plugin\AL_USDMayaTestPlugin\CMakeFiles\AL_USDMayaTestPlugin.dir\AL\maya\test_EventHandler.cpp.obj
[2022-06-20T14:54:34.601Z]     [567/661] Building CXX object plugin\al\lib\AL_USDMaya\CMakeFiles\_AL_USDMaya.dir\AL\usdmaya\nodes\wrapLayerManager.cpp.obj
[2022-06-20T14:54:34.601Z]     [568/661] Linking CXX shared library plugin\al\lib\AL_USDMaya\AL_USDMaya.dll
[2022-06-20T14:54:37.082Z]     [569/661] Building CXX object plugin\al\lib\AL_USDMaya\CMakeFiles\_AL_USDMaya.dir\AL\usdmaya\nodes\wrapProxyShape.cpp.obj
[2022-06-20T14:54:38.464Z]     [570/661] Building CXX object plugin\al\lib\AL_USDMaya\CMakeFiles\_AL_USDMaya.dir\AL\usdmaya\fileio\translators\wrapTranslatorContext.cpp.obj
[2022-06-20T14:54:38.464Z]     [571/661] Building CXX object plugin\al\plugin\AL_USDMayaTestPlugin\CMakeFiles\AL_USDMayaTestPlugin.dir\AL\maya\test_MayaEventManager.cpp.obj
[2022-06-20T14:54:38.819Z]     [572/661] Building CXX object plugin\al\plugin\AL_USDMayaTestPlugin\CMakeFiles\AL_USDMayaTestPlugin.dir\AL\usdmaya\commands\test_TranslateCommand.cpp.obj
[2022-06-20T14:54:38.819Z]     [573/661] Building CXX object plugin\al\plugin\AL_USDMayaTestPlugin\CMakeFiles\AL_USDMayaTestPlugin.dir\AL\maya\test_MatrixToSRT.cpp.obj
[2022-06-20T14:54:39.178Z]     [574/661] Building CXX object plugin\al\plugin\AL_USDMayaTestPlugin\CMakeFiles\AL_USDMayaTestPlugin.dir\AL\usdmaya\fileio\export_misc.cpp.obj
[2022-06-20T14:54:39.972Z]     [575/661] Building CXX object plugin\al\lib\AL_USDMaya\CMakeFiles\_AL_USDMaya.dir\AL\usdmaya\fileio\translators\wrapTranslatorBase.cpp.obj
[2022-06-20T14:54:41.249Z]     [576/661] Linking CXX shared library plugin\al\lib\AL_USDMaya\_AL_USDMaya.pyd
[2022-06-20T14:54:41.626Z]     [577/661] Building CXX object plugin\al\plugin\AL_USDMayaTestPlugin\CMakeFiles\AL_USDMayaTestPlugin.dir\AL\usdmaya\commands\test_LayerCommands.cpp.obj
[2022-06-20T14:54:41.627Z]     [578/661] Building CXX object plugin\al\plugin\AL_USDMayaPlugin\CMakeFiles\AL_USDMayaPlugin.dir\plugin.cpp.obj
[2022-06-20T14:54:41.627Z]     [579/661] Building CXX object plugin\al\plugin\AL_USDMayaTestPlugin\CMakeFiles\AL_USDMayaTestPlugin.dir\plugin.cpp.obj
[2022-06-20T14:54:41.627Z]     [580/661] Building CXX object plugin\al\plugin\AL_USDMayaTestPlugin\CMakeFiles\AL_USDMayaTestPlugin.dir\AL\usdmaya\fileio\export_blendshape.cpp.obj
[2022-06-20T14:54:41.627Z]     [581/661] Building CXX object plugin\al\plugin\AL_USDMayaTestPlugin\CMakeFiles\AL_USDMayaTestPlugin.dir\AL\usdmaya\commands\test_LayerManagerCommands.cpp.obj
[2022-06-20T14:54:42.398Z]     [582/661] Linking CXX shared library plugin\al\plugin\AL_USDMayaPlugin\AL_USDMayaPlugin.mll
[2022-06-20T14:54:43.161Z]     [583/661] Building CXX object plugin\al\plugin\AL_USDMayaTestPlugin\CMakeFiles\AL_USDMayaTestPlugin.dir\AL\usdmaya\commands\test_ExportCommands.cpp.obj
[2022-06-20T14:54:43.934Z]     [584/661] Building CXX object plugin\al\plugin\AL_USDMayaTestPlugin\CMakeFiles\AL_USDMayaTestPlugin.dir\AL\usdmaya\fileio\export_constraints.cpp.obj
[2022-06-20T14:54:44.448Z]     [585/661] Building CXX object plugin\al\plugin\AL_USDMayaTestPlugin\CMakeFiles\AL_USDMayaTestPlugin.dir\AL\usdmaya\fileio\export_multiple_shapes.cpp.obj
[2022-06-20T14:54:47.324Z]     [586/661] Building CXX object plugin\al\plugin\AL_USDMayaTestPlugin\CMakeFiles\AL_USDMayaTestPlugin.dir\AL\usdmaya\fileio\export_ik.cpp.obj
[2022-06-20T14:54:47.324Z]     [587/661] Building CXX object plugin\al\plugin\AL_USDMayaTestPlugin\CMakeFiles\AL_USDMayaTestPlugin.dir\AL\usdmaya\commands\test_ProxyShapeImport.cpp.obj
[2022-06-20T14:54:48.586Z]     [588/661] Building CXX object plugin\al\plugin\AL_USDMayaTestPlugin\CMakeFiles\AL_USDMayaTestPlugin.dir\AL\usdmaya\fileio\export_unmerged.cpp.obj
[2022-06-20T14:54:49.011Z]     [589/661] Building CXX object plugin\al\plugin\AL_USDMayaTestPlugin\CMakeFiles\AL_USDMayaTestPlugin.dir\AL\usdmaya\fileio\export_nonlinear.cpp.obj
[2022-06-20T14:54:49.011Z]     [590/661] Building CXX object plugin\al\plugin\AL_USDMayaTestPlugin\CMakeFiles\AL_USDMayaTestPlugin.dir\AL\usdmaya\fileio\export_lattice.cpp.obj
[2022-06-20T14:54:49.806Z]     [591/661] Building CXX object plugin\al\plugin\AL_USDMayaTestPlugin\CMakeFiles\AL_USDMayaTestPlugin.dir\AL\usdmaya\fileio\import_instances.cpp.obj
[2022-06-20T14:54:49.806Z]     [592/661] Building CXX object plugin\al\plugin\AL_USDMayaTestPlugin\CMakeFiles\AL_USDMayaTestPlugin.dir\AL\usdmaya\fileio\export_import_instancing.cpp.obj
[2022-06-20T14:54:50.578Z]     [593/661] Building CXX object plugin\al\plugin\AL_USDMayaTestPlugin\CMakeFiles\AL_USDMayaTestPlugin.dir\AL\usdmaya\fileio\test_activeInActiveTranslators.cpp.obj
[2022-06-20T14:54:51.360Z]     [594/661] Building CXX object plugin\al\plugin\AL_USDMayaTestPlugin\CMakeFiles\AL_USDMayaTestPlugin.dir\AL\usdmaya\fileio\import_playback_range.cpp.obj
[2022-06-20T14:54:51.734Z]     [595/661] Building CXX object plugin\al\plugin\AL_USDMayaTestPlugin\CMakeFiles\AL_USDMayaTestPlugin.dir\AL\usdmaya\nodes\test_lockPrims.cpp.obj
[2022-06-20T14:54:53.632Z]     [596/661] Building CXX object plugin\al\plugin\AL_USDMayaTestPlugin\CMakeFiles\AL_USDMayaTestPlugin.dir\AL\usdmaya\nodes\proxy\test_PrimFilter.cpp.obj
[2022-06-20T14:54:53.632Z]     [597/661] Building CXX object plugin\al\plugin\AL_USDMayaTestPlugin\CMakeFiles\AL_USDMayaTestPlugin.dir\AL\usdmaya\nodes\test_LayerManager.cpp.obj
[2022-06-20T14:54:55.457Z]     [598/661] Building CXX object plugin\al\plugin\AL_USDMayaTestPlugin\CMakeFiles\AL_USDMayaTestPlugin.dir\AL\usdmaya\nodes\test_ExtraDataPlugin.cpp.obj
[2022-06-20T14:54:55.457Z]     [599/661] Building CXX object plugin\al\plugin\AL_USDMayaTestPlugin\CMakeFiles\AL_USDMayaTestPlugin.dir\AL\usdmaya\nodes\test_ProxyUsdGeomCamera.cpp.obj
[2022-06-20T14:54:55.855Z]     [600/661] Building CXX object plugin\al\plugin\AL_USDMayaTestPlugin\CMakeFiles\AL_USDMayaTestPlugin.dir\AL\usdmaya\nodes\test_ProxyShape.cpp.obj
[2022-06-20T14:54:56.211Z]     [601/661] Building CXX object plugin\al\plugin\AL_USDMayaTestPlugin\CMakeFiles\AL_USDMayaTestPlugin.dir\AL\usdmaya\nodes\test_ActiveInactive.cpp.obj
[2022-06-20T14:54:59.471Z]     [602/661] Building CXX object plugin\al\plugin\AL_USDMayaTestPlugin\CMakeFiles\AL_USDMayaTestPlugin.dir\AL\usdmaya\nodes\test_Transform.cpp.obj
[2022-06-20T14:55:00.354Z]     [603/661] Building CXX object plugin\al\plugin\AL_USDMayaTestPlugin\CMakeFiles\AL_USDMayaTestPlugin.dir\AL\usdmaya\nodes\test_ProxyShapeSelectabilityDB.cpp.obj
[2022-06-20T14:55:00.704Z]     [604/661] Building CXX object plugin\al\plugin\AL_USDMayaTestPlugin\CMakeFiles\AL_USDMayaTestPlugin.dir\AL\usdmaya\test_DiffGeom.cpp.obj
[2022-06-20T14:55:01.450Z]     [605/661] Building CXX object plugin\al\plugin\AL_USDMayaTestPlugin\CMakeFiles\AL_USDMayaTestPlugin.dir\AL\usdmaya\nodes\test_VariantFallbacks.cpp.obj
[2022-06-20T14:55:01.450Z]     [606/661] Building CXX object plugin\al\plugin\AL_USDMayaTestPlugin\CMakeFiles\AL_USDMayaTestPlugin.dir\AL\usdmaya\nodes\test_ScopeMatrix.cpp.obj
[2022-06-20T14:55:01.450Z]     [607/661] Building CXX object plugin\al\plugin\AL_USDMayaTestPlugin\CMakeFiles\AL_USDMayaTestPlugin.dir\AL\usdmaya\test_DiffPrimVar.cpp.obj
[2022-06-20T14:55:02.249Z]     [608/661] Building CXX object plugin\al\plugin\AL_USDMayaTestPlugin\CMakeFiles\AL_USDMayaTestPlugin.dir\AL\usdmaya\nodes\test_TranslatorContext.cpp.obj
[2022-06-20T14:55:02.249Z]     [609/661] Building CXX object plugin\al\plugin\AL_USDMayaTestPlugin\CMakeFiles\AL_USDMayaTestPlugin.dir\test_translators_Translator.cpp.obj
[2022-06-20T14:55:02.635Z]     [610/661] Building CXX object plugin\al\plugin\AL_USDMayaTestPlugin\CMakeFiles\AL_USDMayaTestPlugin.dir\test_translators_CameraTranslator.cpp.obj
[2022-06-20T14:55:02.635Z]     [611/661] Building CXX object plugin\al\schemas\AL\usd\schemas\maya\CMakeFiles\_AL_USDMayaSchemas.dir\module.cpp.obj
[2022-06-20T14:55:03.096Z]     [612/661] Building CXX object plugin\al\schemas\AL\usd\schemas\maya\CMakeFiles\AL_USDMayaSchemas.dir\tokens.cpp.obj
[2022-06-20T14:55:03.888Z]     [613/661] Building CXX object plugin\al\plugin\AL_USDMayaTestPlugin\CMakeFiles\AL_USDMayaTestPlugin.dir\test_translators_AnimationTranslator.cpp.obj
[2022-06-20T14:55:03.888Z]     [614/661] Building CXX object plugin\al\plugin\AL_USDMayaTestPlugin\CMakeFiles\AL_USDMayaTestPlugin.dir\AL\usdmaya\nodes\test_TransformMatrix.cpp.obj
[2022-06-20T14:55:04.289Z]     [615/661] Building CXX object plugin\al\schemas\AL\usd\schemas\maya\tests\CMakeFiles\testMayaSchemas.dir\main.cpp.obj
[2022-06-20T14:55:05.249Z]     [616/661] Building CXX object plugin\al\schemas\AL\usd\schemas\mayatest\CMakeFiles\AL_USDMayaSchemasTest.dir\tokens.cpp.obj
[2022-06-20T14:55:05.249Z]     [617/661] Building CXX object plugin\al\plugin\AL_USDMayaTestPlugin\CMakeFiles\AL_USDMayaTestPlugin.dir\test_translators_MeshTranslator.cpp.obj
[2022-06-20T14:55:05.249Z]     [618/661] Building CXX object plugin\al\schemas\AL\usd\schemas\mayatest\CMakeFiles\_AL_USDMayaSchemasTest.dir\module.cpp.obj
[2022-06-20T14:55:05.697Z]     [619/661] Building CXX object plugin\al\schemas\AL\usd\schemas\maya\CMakeFiles\AL_USDMayaSchemas.dir\ModuleDeps.cpp.obj
[2022-06-20T14:55:06.076Z]     [620/661] Building CXX object plugin\al\schemas\AL\usd\schemas\mayatest\CMakeFiles\AL_USDMayaSchemasTest.dir\ModuleDeps.cpp.obj
[2022-06-20T14:55:06.433Z]     [621/661] Building CXX object plugin\al\plugin\AL_USDMayaTestPlugin\CMakeFiles\AL_USDMayaTestPlugin.dir\test_translators_PythonBindings.cpp.obj
[2022-06-20T14:55:07.676Z]     [622/661] Building CXX object plugin\al\translators\CMakeFiles\AL_USDMayaTranslators.dir\CommonTranslatorOptions.cpp.obj
[2022-06-20T14:55:08.059Z]     [623/661] Building CXX object plugin\al\schemas\AL\usd\schemas\mayatest\CMakeFiles\_AL_USDMayaSchemasTest.dir\wrapTokens.cpp.obj
[2022-06-20T14:55:09.399Z]     [624/661] Building CXX object plugin\al\schemas\AL\usd\schemas\maya\CMakeFiles\AL_USDMayaSchemas.dir\FrameRange.cpp.obj
[2022-06-20T14:55:09.399Z]     [625/661] Building CXX object plugin\al\schemas\AL\usd\schemas\maya\CMakeFiles\AL_USDMayaSchemas.dir\ModelAPI.cpp.obj
[2022-06-20T14:55:09.399Z]     [626/661] Building CXX object plugin\al\plugin\AL_USDMayaTestPlugin\CMakeFiles\AL_USDMayaTestPlugin.dir\test_translators_NurbsCurveTranslator.cpp.obj
[2022-06-20T14:55:10.161Z]     [627/661] Linking CXX shared library plugin\al\schemas\AL\usd\schemas\maya\AL_USDMayaSchemas.dll
[2022-06-20T14:55:10.161Z]     [628/661] Building CXX object plugin\al\translators\pxrUsdTranslators\CMakeFiles\AL_USDMayaPxrTranslators.dir\plugin.cpp.obj
[2022-06-20T14:55:10.558Z]     [629/661] Building CXX object plugin\al\schemas\AL\usd\schemas\maya\tests\CMakeFiles\testMayaSchemas.dir\testMayaSchemas.cpp.obj
[2022-06-20T14:55:10.558Z]     [630/661] Building CXX object plugin\al\plugin\AL_USDMayaTestPlugin\CMakeFiles\AL_USDMayaTestPlugin.dir\test_translators_DgTranslator.cpp.obj
[2022-06-20T14:55:10.558Z]     [631/661] Building CXX object plugin\al\schemas\AL\usd\schemas\maya\tests\CMakeFiles\testMayaSchemas.dir\testModelAPI.cpp.obj
[2022-06-20T14:55:10.932Z]     [632/661] Linking CXX shared library plugin\al\schemas\AL\usd\schemas\maya\_AL_USDMayaSchemas.pyd
[2022-06-20T14:55:10.932Z]     [633/661] Building CXX object plugin\adsk\plugin\CMakeFiles\mayaUsdPlugin.dir\adskListShadingModesCommand.cpp.obj
[2022-06-20T14:55:10.932Z]     [634/661] Building CXX object plugin\al\plugin\AL_USDMayaTestPlugin\CMakeFiles\AL_USDMayaTestPlugin.dir\test_translators_TransformTranslator.cpp.obj
[2022-06-20T14:55:11.318Z]     [635/661] Linking CXX executable plugin\al\schemas\AL\usd\schemas\maya\tests\testMayaSchemas.exe
[2022-06-20T14:55:11.689Z]     [636/661] Building CXX object plugin\adsk\plugin\CMakeFiles\mayaUsdPlugin.dir\adskListJobContextsCommand.cpp.obj
[2022-06-20T14:55:12.054Z]     [637/661] Building CXX object plugin\al\plugin\AL_USDMayaTestPlugin\CMakeFiles\AL_USDMayaTestPlugin.dir\test_usdmaya.cpp.obj
[2022-06-20T14:55:12.429Z]     [638/661] Building CXX object plugin\al\schemas\AL\usd\schemas\mayatest\CMakeFiles\AL_USDMayaSchemasTest.dir\ExamplePolyCubeNode.cpp.obj
[2022-06-20T14:55:13.223Z]     [639/661] Linking CXX shared library plugin\al\schemas\AL\usd\schemas\mayatest\AL_USDMayaSchemasTest.dll
[2022-06-20T14:55:14.516Z]     [640/661] Building CXX object plugin\al\plugin\AL_USDMayaTestPlugin\CMakeFiles\AL_USDMayaTestPlugin.dir\test_usdmaya_AttributeType.cpp.obj
[2022-06-20T14:55:16.390Z]     [641/661] Building CXX object plugin\al\translators\CMakeFiles\AL_USDMayaTranslators.dir\MayaReference.cpp.obj
[2022-06-20T14:55:16.390Z]     [642/661] Building CXX object plugin\al\translators\CMakeFiles\AL_USDMayaTranslators.dir\Mesh.cpp.obj
[2022-06-20T14:55:16.390Z]     [643/661] Building CXX object plugin\al\translators\CMakeFiles\AL_USDMayaTranslators.dir\Camera.cpp.obj
[2022-06-20T14:55:16.767Z]     [644/661] Linking CXX shared library plugin\al\plugin\AL_USDMayaTestPlugin\AL_USDMayaTestPlugin.mll
[2022-06-20T14:55:16.767Z]     [645/661] Building CXX object plugin\al\schemas\AL\usd\schemas\mayatest\CMakeFiles\_AL_USDMayaSchemasTest.dir\wrapExamplePolyCubeNode.cpp.obj
[2022-06-20T14:55:17.200Z]     [646/661] Building CXX object plugin\al\translators\CMakeFiles\AL_USDMayaTranslators.dir\FrameRange.cpp.obj
[2022-06-20T14:55:17.200Z]     [647/661] Building CXX object plugin\adsk\plugin\CMakeFiles\mayaUsdPlugin.dir\adskImportCommand.cpp.obj
[2022-06-20T14:55:17.566Z]     [648/661] Linking CXX shared library plugin\al\schemas\AL\usd\schemas\mayatest\_AL_USDMayaSchemasTest.pyd
[2022-06-20T14:55:17.566Z]     [649/661] Building CXX object plugin\adsk\plugin\CMakeFiles\mayaUsdPlugin.dir\adskExportCommand.cpp.obj
[2022-06-20T14:55:17.939Z]     [650/661] Building CXX object plugin\al\translators\CMakeFiles\AL_USDMayaTranslators.dir\DirectionalLight.cpp.obj
[2022-06-20T14:55:19.159Z]     [651/661] Building CXX object plugin\al\translators\pxrUsdTranslators\CMakeFiles\AL_USDMayaPxrTranslators.dir\ProxyShapeTranslator.cpp.obj
[2022-06-20T14:55:19.602Z]     [652/661] Linking CXX shared library plugin\al\translators\pxrUsdTranslators\AL_USDMayaPxrTranslators.mll
[2022-06-20T14:55:19.964Z]     [653/661] Building CXX object plugin\adsk\plugin\CMakeFiles\mayaUsdPlugin.dir\adskStageLoadUnloadCommands.cpp.obj
[2022-06-20T14:55:19.964Z]     [654/661] Building CXX object plugin\adsk\plugin\CMakeFiles\mayaUsdPlugin.dir\ProxyShape.cpp.obj
[2022-06-20T14:55:19.964Z]     [655/661] Building CXX object plugin\al\translators\CMakeFiles\AL_USDMayaTranslators.dir\NurbsCurve.cpp.obj
[2022-06-20T14:55:19.964Z]     [656/661] Building CXX object plugin\adsk\plugin\CMakeFiles\mayaUsdPlugin.dir\exportTranslator.cpp.obj
[2022-06-20T14:55:20.744Z]     [657/661] Linking CXX shared library plugin\al\translators\AL_USDMayaTranslators.dll
[2022-06-20T14:55:21.149Z]     [658/661] Building CXX object plugin\adsk\plugin\CMakeFiles\mayaUsdPlugin.dir\importTranslator.cpp.obj
[2022-06-20T14:55:23.025Z]     [659/661] Building CXX object plugin\adsk\plugin\CMakeFiles\mayaUsdPlugin.dir\plugin.cpp.obj
[2022-06-20T14:55:23.025Z]     [660/661] Building CXX object plugin\adsk\plugin\CMakeFiles\mayaUsdPlugin.dir\geomNode.cpp.obj
[2022-06-20T14:55:23.816Z]     [661/661] Linking CXX shared module plugin\adsk\plugin\mayaUsdPlugin.mll
[2022-06-20T14:55:23.816Z]     
[2022-06-20T14:55:23.816Z]         Building with settings:
[2022-06-20T14:55:23.816Z]           Source directory          S:\jenkins\workspace\ECP\ecg-maya-usd\ecg-mayausd-branch-preflight-2020-windows\ecg-maya-usd\maya-usd
[2022-06-20T14:55:23.816Z]           Workspace directory       W:\
[2022-06-20T14:55:23.816Z]           Build directory           W:\build\RelWithDebInfo
[2022-06-20T14:55:23.817Z]           Install directory         W:\install\RelWithDebInfo\MayaUSD
[2022-06-20T14:55:23.817Z]           Variant                   RelWithDebInfo
[2022-06-20T14:55:23.817Z]           Python Debug              Off
[2022-06-20T14:55:23.817Z]           CMake generator           Ninja
[2022-06-20T14:55:23.817Z]           Build arguments           ['-DCMAKE_MAKE_PROGRAM=P:/shared/Artifactory/Windows/ninja/1.9.0/c68f192/ninja.exe', '-DPYTHON_INCLUDE_DIR=P:/shared/Artifactory/Windows/rundev-2020/202107140359/runtime/5d64bf0/runTime/include/Python', '-DPython_EXECUTABLE=P:/shared/Artifactory/Windows/rundev-2020/202107140359/runtime/5d64bf0/runTime/bin/mayapy.exe', '-DPYTHON_LIBRARIES=P:/shared/Artifactory/Windows/rundev-2020/202107140359/runtime/5d64bf0/runTime/lib/python27.lib', '-DUSD_LIB_PREFIX=', '-DCMAKE_WANT_MATERIALX_BUILD=ON', '-DCMAKE_PREFIX_PATH=P:\\shared\\Artifactory\\Windows\\USD\\c1313e5']
[2022-06-20T14:55:23.817Z]           Stages arguments          ['build']
[2022-06-20T14:55:23.817Z]           CTest arguments           ['-E testUsdReferenceAssemblySelection|testUsdMayaAppDir', '-LE interactive', '--parallel 16']
[2022-06-20T14:55:23.817Z]     Success MayaUSD build and install !!!!
[2022-06-20T14:55:23.817Z]     Elapsed time: 00:05:13
[Pipeline] bat
[2022-06-20T14:55:24.603Z] Deleting alias drive W:
[Pipeline] bat
[2022-06-20T14:55:25.406Z] Deleting alias drive P:
[Pipeline] }
[Pipeline] // withEnv
[Pipeline] }
[Pipeline] // timeout
[Pipeline] }
[Pipeline] // stage
[Pipeline] }
[Pipeline] // timestamps
[Pipeline] timestamps
[Pipeline] {
[Pipeline] stage
[Pipeline] { (Install)
[Pipeline] timeout
[2022-06-20T14:55:25.825Z] Timeout set to expire in 6 hr 0 min
[Pipeline] {
[Pipeline] withEnv
[Pipeline] {
[Pipeline] bat
[2022-06-20T14:55:26.681Z] Creating alias drive P: to S:\jenkins\workspace
[Pipeline] bat
[2022-06-20T14:55:27.463Z] Creating alias drive W: to S:\jenkins\workspace\ECP\ecg-maya-usd\ecg-mayausd-branch-preflight-2020-windows
[Pipeline] bat
[2022-06-20T14:55:29.034Z] "C:\Program Files (x86)\Microsoft Visual Studio\2017\Professional\VC\Auxiliary\Build\vcvarsall.bat" x64
[2022-06-20T14:55:29.034Z] **********************************************************************
[2022-06-20T14:55:29.034Z] ** Visual Studio 2017 Developer Command Prompt v15.9.15
[2022-06-20T14:55:29.034Z] ** Copyright (c) 2017 Microsoft Corporation
[2022-06-20T14:55:29.034Z] **********************************************************************
[2022-06-20T14:55:29.836Z] [vcvarsall.bat] Environment initialized for: 'x64'
[2022-06-20T14:55:29.836Z] python ecg-maya-usd/build.py --stages=install --workspace-dir=W:\ --artifactory-dir=P:\shared\Artifactory --build-dir=W:\build --install-dir=W:\install --signing-dir=W:\signing --package-dir=W:\package --output-dir=W:\output --stash-dir=W:\stash --jenkins-build=37 --git-commit=cac2a7af578730a5aa15a0a6736f60bddae180f5 --git-branch=master --variants=RelWithDebInfo --python=2.7 --post-zips=false --maya-cut-config=maya-rundev-2020.yaml --maya-package=rundev-2020 --stage-banner
[2022-06-20T14:55:30.641Z] Using Maya cut from P:\shared\Artifactory\Windows\rundev-2020\202107140359\runtime\5d64bf0
[2022-06-20T14:55:30.641Z] Using Maya ADSK Signatures from P:\shared\Artifactory\Windows\adsk-plugin-signatures-maya\2023\c1dbfce
[2022-06-20T14:55:30.641Z] Using Maya Security Library from P:\shared\Artifactory\Windows\maya-security-library\3.1.0\084709f
[2022-06-20T14:55:30.641Z] 
[2022-06-20T14:55:30.641Z] ================================================================================
[2022-06-20T14:55:30.641Z]                             install (RelWithDebInfo)
[2022-06-20T14:55:30.642Z] ================================================================================
[2022-06-20T14:55:30.642Z] Maya Python RelWithDebInfo Info:
[2022-06-20T14:55:30.642Z]   mayapy executable   = P:\shared\Artifactory\Windows\rundev-2020\202107140359\runtime\5d64bf0\runTime\bin\mayapy.exe
[2022-06-20T14:55:30.642Z]   Include Folder      = P:\shared\Artifactory\Windows\rundev-2020\202107140359\runtime\5d64bf0\runTime\include\Python
[2022-06-20T14:55:30.642Z]   Library             = P:\shared\Artifactory\Windows\rundev-2020\202107140359\runtime\5d64bf0\runTime\lib\python27.lib
[2022-06-20T14:55:30.642Z]   site-package Folder = P:\shared\Artifactory\Windows\rundev-2020\202107140359\runtime\5d64bf0\runTime\Python\Lib\site-packages
[2022-06-20T14:55:31.440Z] In workdir: S:\jenkins\workspace\ECP\ecg-maya-usd\ecg-mayausd-branch-preflight-2020-windows\ecg-maya-usd\maya-usd
[2022-06-20T14:55:31.440Z] Executing: 'P:\\shared\\Artifactory\\Windows\\rundev-2020\\202107140359\\runtime\\5d64bf0\\runTime\\bin\\mayapy.exe' 'S:\\jenkins\\workspace\\ECP\\ecg-maya-usd\\ecg-mayausd-branch-preflight-2020-windows\\ecg-maya-usd\\maya-usd\\build.py' --generator Ninja --build-relwithdebug --maya-location 'P:\\shared\\Artifactory\\Windows\\rundev-2020\\202107140359\\runtime\\5d64bf0\\runTime' --devkit-location 'P:\\shared\\Artifactory\\Windows\\rundev-2020\\202107140359\\runtime\\5d64bf0\\devkitBase' --pxrusd-location 'P:\\shared\\Artifactory\\Windows\\USD\\c1313e5' --qt-location 'P:\\shared\\Artifactory\\Windows\\qt\\5.12.5\\4755980' '--build-args=-DCMAKE_MAKE_PROGRAM=P:/shared/Artifactory/Windows/ninja/1.9.0/c68f192/ninja.exe,-DPYTHON_INCLUDE_DIR=P:/shared/Artifactory/Windows/rundev-2020/202107140359/runtime/5d64bf0/runTime/include/Python,-DPython_EXECUTABLE=P:/shared/Artifactory/Windows/rundev-2020/202107140359/runtime/5d64bf0/runTime/bin/mayapy.exe,-DPYTHON_LIBRARIES=P:/shared/Artifactory/Windows/rundev-2020/202107140359/runtime/5d64bf0/runTime/lib/python27.lib,-DUSD_LIB_PREFIX=,-DCMAKE_WANT_MATERIALX_BUILD=ON,-DCMAKE_PREFIX_PATH=P:\\shared\\Artifactory\\Windows\\USD\\c1313e5' '--ctest-args=-E testUsdReferenceAssemblySelection|testUsdMayaAppDir,-LE interactive,--parallel 16' --stages=install --redirect-outstream-file=False --install-location 'W:\\install\\RelWithDebInfo\\MayaUSD' 'W:\\'
[2022-06-20T14:55:31.440Z] Modified environment variables:
[2022-06-20T14:55:31.440Z]     PATH=P:\shared\Artifactory\Windows\cmake\3.20.3\afe857a\bin;C:\Python27\lib\site-packages\pywin32_system32;C:\Program Files (x86)\Microsoft Visual Studio\2017\Professional\VC\Tools\MSVC\14.16.27023\bin\HostX64\x64;C:\Program Files (x86)\Microsoft Visual Studio\2017\Professional\Common7\IDE\VC\VCPackages;C:\Program Files (x86)\Microsoft Visual Studio\2017\Professional\Common7\IDE\CommonExtensions\Microsoft\TestWindow;C:\Program Files (x86)\Microsoft Visual Studio\2017\Professional\Common7\IDE\CommonExtensions\Microsoft\TeamFoundation\Team Explorer;C:\Program Files (x86)\Microsoft Visual Studio\2017\Professional\MSBuild\15.0\bin\Roslyn;C:\Program Files (x86)\Microsoft Visual Studio\2017\Professional\Team Tools\Performance Tools\x64;C:\Program Files (x86)\Microsoft Visual Studio\2017\Professional\Team Tools\Performance Tools;C:\Program Files (x86)\Microsoft Visual Studio\Shared\Common\VSPerfCollectionTools\\x64;C:\Program Files (x86)\Microsoft Visual Studio\Shared\Common\VSPerfCollectionTools\;C:\Program Files (x86)\Microsoft SDKs\Windows\v10.0A\bin\NETFX 4.6.1 Tools\x64\;C:\Program Files (x86)\HTML Help Workshop;C:\Program Files (x86)\Windows Kits\10\bin\10.0.18362.0\x64;C:\Program Files (x86)\Windows Kits\10\bin\x64;C:\Program Files (x86)\Microsoft Visual Studio\2017\Professional\\MSBuild\15.0\bin;C:\WINDOWS\Microsoft.NET\Framework64\v4.0.30319;C:\Program Files (x86)\Microsoft Visual Studio\2017\Professional\Common7\IDE\;C:\Program Files (x86)\Microsoft Visual Studio\2017\Professional\Common7\Tools\;C:\Python27\;C:\Python27\Scripts;C:\WINDOWS\system32;C:\WINDOWS;C:\WINDOWS\System32\Wbem;C:\WINDOWS\System32\WindowsPowerShell\v1.0\;C:\WINDOWS\System32\OpenSSH\;C:\ProgramData\chocolatey\bin;C:\Program Files (x86)\WiX Toolset v3.7\bin;C:\Program Files\dotnet\;C:\Program Files (x86)\Windows Kits\10\bin\10.0.18362.0\x64;C:\Program Files\Zulu\zulu-11\bin\;C:\Program Files (x86)\Windows Kits\10\bin\10.0.17763.0\x64;C:\Program Files (x86)\Windows Kits\10\bin\x64;C:\Program Files\Git\cmd;C:\Program Files\Git\usr\bin;C:\Program Files\Git\mingw64\bin;C:\Program Files\Git\bin;C:\Python38\;C:\Python38\Scripts;C:\StoreBoxClientWindows;C:\Program Files\Electric Cloud\ElectricCommander\bin;C:\Program Files\WinRAR;C:\Program Files\7-Zip;C:\Users\Administrator\AppData\Local\Microsoft\WindowsApps;C:\Program Files (x86)\Microsoft Visual Studio\2017\Professional\Common7\IDE\CommonExtensions\Microsoft\CMake\CMake\bin;C:\Program Files (x86)\Microsoft Visual Studio\2017\Professional\Common7\IDE\CommonExtensions\Microsoft\CMake\Ninja
[2022-06-20T14:55:31.813Z]     [1/8] Automatic MOC and UIC for target mayaUsdUI
[2022-06-20T14:55:32.227Z]     [2/5] Automatic MOC and UIC for target testMayaUsdUI
[2022-06-20T14:55:32.227Z]     [2/3] Install the project...
[2022-06-20T14:55:32.227Z]     -- Install configuration: "RelWithDebInfo"
[2022-06-20T14:55:35.684Z]     
[2022-06-20T14:55:35.685Z]         Building with settings:
[2022-06-20T14:55:35.685Z]           Source directory          S:\jenkins\workspace\ECP\ecg-maya-usd\ecg-mayausd-branch-preflight-2020-windows\ecg-maya-usd\maya-usd
[2022-06-20T14:55:35.685Z]           Workspace directory       W:\
[2022-06-20T14:55:35.685Z]           Build directory           W:\build\RelWithDebInfo
[2022-06-20T14:55:35.685Z]           Install directory         W:\install\RelWithDebInfo\MayaUSD
[2022-06-20T14:55:35.685Z]           Variant                   RelWithDebInfo
[2022-06-20T14:55:35.685Z]           Python Debug              Off
[2022-06-20T14:55:35.685Z]           CMake generator           Ninja
[2022-06-20T14:55:35.685Z]           Build arguments           ['-DCMAKE_MAKE_PROGRAM=P:/shared/Artifactory/Windows/ninja/1.9.0/c68f192/ninja.exe', '-DPYTHON_INCLUDE_DIR=P:/shared/Artifactory/Windows/rundev-2020/202107140359/runtime/5d64bf0/runTime/include/Python', '-DPython_EXECUTABLE=P:/shared/Artifactory/Windows/rundev-2020/202107140359/runtime/5d64bf0/runTime/bin/mayapy.exe', '-DPYTHON_LIBRARIES=P:/shared/Artifactory/Windows/rundev-2020/202107140359/runtime/5d64bf0/runTime/lib/python27.lib', '-DUSD_LIB_PREFIX=', '-DCMAKE_WANT_MATERIALX_BUILD=ON', '-DCMAKE_PREFIX_PATH=P:\\shared\\Artifactory\\Windows\\USD\\c1313e5']
[2022-06-20T14:55:35.685Z]           Stages arguments          ['install']
[2022-06-20T14:55:35.685Z]           CTest arguments           ['-E testUsdReferenceAssemblySelection|testUsdMayaAppDir', '-LE interactive', '--parallel 16']
[2022-06-20T14:55:35.685Z]     Success MayaUSD build and install !!!!
[2022-06-20T14:55:35.685Z]     Elapsed time: 00:00:03
[Pipeline] bat
[2022-06-20T14:55:36.394Z] Deleting alias drive W:
[Pipeline] bat
[2022-06-20T14:55:37.059Z] Deleting alias drive P:
[Pipeline] }
[Pipeline] // withEnv
[Pipeline] }
[Pipeline] // timeout
[Pipeline] }
[Pipeline] // stage
[Pipeline] }
[Pipeline] // timestamps
[Pipeline] timestamps
[Pipeline] {
[Pipeline] stage
[Pipeline] { (Test)
[Pipeline] timeout
[2022-06-20T14:55:37.726Z] Timeout set to expire in 6 hr 0 min
[Pipeline] {
[Pipeline] withEnv
[Pipeline] {
[Pipeline] bat
[2022-06-20T14:55:38.458Z] Creating alias drive P: to S:\jenkins\workspace
[Pipeline] bat
[2022-06-20T14:55:39.151Z] Creating alias drive W: to S:\jenkins\workspace\ECP\ecg-maya-usd\ecg-mayausd-branch-preflight-2020-windows
[Pipeline] bat
[2022-06-20T14:55:40.668Z] "C:\Program Files (x86)\Microsoft Visual Studio\2017\Professional\VC\Auxiliary\Build\vcvarsall.bat" x64
[2022-06-20T14:55:40.668Z] **********************************************************************
[2022-06-20T14:55:40.668Z] ** Visual Studio 2017 Developer Command Prompt v15.9.15
[2022-06-20T14:55:40.668Z] ** Copyright (c) 2017 Microsoft Corporation
[2022-06-20T14:55:40.668Z] **********************************************************************
[2022-06-20T14:55:41.435Z] [vcvarsall.bat] Environment initialized for: 'x64'
[2022-06-20T14:55:41.435Z] python ecg-maya-usd/build.py --stages=test --workspace-dir=W:\ --artifactory-dir=P:\shared\Artifactory --build-dir=W:\build --install-dir=W:\install --signing-dir=W:\signing --package-dir=W:\package --output-dir=W:\output --stash-dir=W:\stash --jenkins-build=37 --git-commit=cac2a7af578730a5aa15a0a6736f60bddae180f5 --git-branch=master --variants=RelWithDebInfo --python=2.7 --post-zips=false --test-jobs=0 --failed-test-retry=3 --maya-cut-config=maya-rundev-2020.yaml --maya-package=rundev-2020 --stage-banner --progressive-timeout
[2022-06-20T14:55:42.256Z] Using Maya cut from P:\shared\Artifactory\Windows\rundev-2020\202107140359\runtime\5d64bf0
[2022-06-20T14:55:42.256Z] Using Maya ADSK Signatures from P:\shared\Artifactory\Windows\adsk-plugin-signatures-maya\2023\c1dbfce
[2022-06-20T14:55:42.256Z] Using Maya Security Library from P:\shared\Artifactory\Windows\maya-security-library\3.1.0\084709f
[2022-06-20T14:55:42.256Z] 
[2022-06-20T14:55:42.256Z] ================================================================================
[2022-06-20T14:55:42.256Z]                              test (RelWithDebInfo)
[2022-06-20T14:55:42.256Z] ================================================================================
[2022-06-20T14:55:42.256Z] Maya Python RelWithDebInfo Info:
[2022-06-20T14:55:42.256Z]   mayapy executable   = P:\shared\Artifactory\Windows\rundev-2020\202107140359\runtime\5d64bf0\runTime\bin\mayapy.exe
[2022-06-20T14:55:42.256Z]   Include Folder      = P:\shared\Artifactory\Windows\rundev-2020\202107140359\runtime\5d64bf0\runTime\include\Python
[2022-06-20T14:55:42.256Z]   Library             = P:\shared\Artifactory\Windows\rundev-2020\202107140359\runtime\5d64bf0\runTime\lib\python27.lib
[2022-06-20T14:55:42.256Z]   site-package Folder = P:\shared\Artifactory\Windows\rundev-2020\202107140359\runtime\5d64bf0\runTime\Python\Lib\site-packages
[2022-06-20T14:55:43.076Z] In workdir: S:\jenkins\workspace\ECP\ecg-maya-usd\ecg-mayausd-branch-preflight-2020-windows\ecg-maya-usd\maya-usd
[2022-06-20T14:55:43.077Z] Executing: 'P:\\shared\\Artifactory\\Windows\\rundev-2020\\202107140359\\runtime\\5d64bf0\\runTime\\bin\\mayapy.exe' 'S:\\jenkins\\workspace\\ECP\\ecg-maya-usd\\ecg-mayausd-branch-preflight-2020-windows\\ecg-maya-usd\\maya-usd\\build.py' --generator Ninja --build-relwithdebug --maya-location 'P:\\shared\\Artifactory\\Windows\\rundev-2020\\202107140359\\runtime\\5d64bf0\\runTime' --devkit-location 'P:\\shared\\Artifactory\\Windows\\rundev-2020\\202107140359\\runtime\\5d64bf0\\devkitBase' --pxrusd-location 'P:\\shared\\Artifactory\\Windows\\USD\\c1313e5' --qt-location 'P:\\shared\\Artifactory\\Windows\\qt\\5.12.5\\4755980' '--build-args=-DCMAKE_MAKE_PROGRAM=P:/shared/Artifactory/Windows/ninja/1.9.0/c68f192/ninja.exe,-DPYTHON_INCLUDE_DIR=P:/shared/Artifactory/Windows/rundev-2020/202107140359/runtime/5d64bf0/runTime/include/Python,-DPython_EXECUTABLE=P:/shared/Artifactory/Windows/rundev-2020/202107140359/runtime/5d64bf0/runTime/bin/mayapy.exe,-DPYTHON_LIBRARIES=P:/shared/Artifactory/Windows/rundev-2020/202107140359/runtime/5d64bf0/runTime/lib/python27.lib,-DUSD_LIB_PREFIX=,-DCMAKE_WANT_MATERIALX_BUILD=ON,-DCMAKE_PREFIX_PATH=P:\\shared\\Artifactory\\Windows\\USD\\c1313e5' '--ctest-args=-E testUsdReferenceAssemblySelection|testUsdMayaAppDir,-LE interactive,--parallel 16' --stages=test --redirect-outstream-file=False --install-location 'W:\\install\\RelWithDebInfo\\MayaUSD' 'W:\\'
[2022-06-20T14:55:43.077Z] Modified environment variables:
[2022-06-20T14:55:43.077Z]     PATH=P:\shared\Artifactory\Windows\cmake\3.20.3\afe857a\bin;C:\Python27\lib\site-packages\pywin32_system32;C:\Program Files (x86)\Microsoft Visual Studio\2017\Professional\VC\Tools\MSVC\14.16.27023\bin\HostX64\x64;C:\Program Files (x86)\Microsoft Visual Studio\2017\Professional\Common7\IDE\VC\VCPackages;C:\Program Files (x86)\Microsoft Visual Studio\2017\Professional\Common7\IDE\CommonExtensions\Microsoft\TestWindow;C:\Program Files (x86)\Microsoft Visual Studio\2017\Professional\Common7\IDE\CommonExtensions\Microsoft\TeamFoundation\Team Explorer;C:\Program Files (x86)\Microsoft Visual Studio\2017\Professional\MSBuild\15.0\bin\Roslyn;C:\Program Files (x86)\Microsoft Visual Studio\2017\Professional\Team Tools\Performance Tools\x64;C:\Program Files (x86)\Microsoft Visual Studio\2017\Professional\Team Tools\Performance Tools;C:\Program Files (x86)\Microsoft Visual Studio\Shared\Common\VSPerfCollectionTools\\x64;C:\Program Files (x86)\Microsoft Visual Studio\Shared\Common\VSPerfCollectionTools\;C:\Program Files (x86)\Microsoft SDKs\Windows\v10.0A\bin\NETFX 4.6.1 Tools\x64\;C:\Program Files (x86)\HTML Help Workshop;C:\Program Files (x86)\Windows Kits\10\bin\10.0.18362.0\x64;C:\Program Files (x86)\Windows Kits\10\bin\x64;C:\Program Files (x86)\Microsoft Visual Studio\2017\Professional\\MSBuild\15.0\bin;C:\WINDOWS\Microsoft.NET\Framework64\v4.0.30319;C:\Program Files (x86)\Microsoft Visual Studio\2017\Professional\Common7\IDE\;C:\Program Files (x86)\Microsoft Visual Studio\2017\Professional\Common7\Tools\;C:\Python27\;C:\Python27\Scripts;C:\WINDOWS\system32;C:\WINDOWS;C:\WINDOWS\System32\Wbem;C:\WINDOWS\System32\WindowsPowerShell\v1.0\;C:\WINDOWS\System32\OpenSSH\;C:\ProgramData\chocolatey\bin;C:\Program Files (x86)\WiX Toolset v3.7\bin;C:\Program Files\dotnet\;C:\Program Files (x86)\Windows Kits\10\bin\10.0.18362.0\x64;C:\Program Files\Zulu\zulu-11\bin\;C:\Program Files (x86)\Windows Kits\10\bin\10.0.17763.0\x64;C:\Program Files (x86)\Windows Kits\10\bin\x64;C:\Program Files\Git\cmd;C:\Program Files\Git\usr\bin;C:\Program Files\Git\mingw64\bin;C:\Program Files\Git\bin;C:\Python38\;C:\Python38\Scripts;C:\StoreBoxClientWindows;C:\Program Files\Electric Cloud\ElectricCommander\bin;C:\Program Files\WinRAR;C:\Program Files\7-Zip;C:\Users\Administrator\AppData\Local\Microsoft\WindowsApps;C:\Program Files (x86)\Microsoft Visual Studio\2017\Professional\Common7\IDE\CommonExtensions\Microsoft\CMake\CMake\bin;C:\Program Files (x86)\Microsoft Visual Studio\2017\Professional\Common7\IDE\CommonExtensions\Microsoft\CMake\Ninja
[2022-06-20T14:55:43.434Z]     Test project W:/build/RelWithDebInfo
[2022-06-20T14:55:44.705Z]             Start   1: testMayaUsdConverter
[2022-06-20T14:55:44.705Z]             Start   2: testMayaUsdCreateStageCommands
[2022-06-20T14:55:44.705Z]             Start   3: testMayaUsdPythonImport
[2022-06-20T14:55:44.705Z]             Start   4: testMayaUsdLayerEditorCommands
[2022-06-20T14:55:44.705Z]             Start   5: testMayaUsdCacheId
[2022-06-20T14:55:44.705Z]             Start   7: _Interactive_Maya
[2022-06-20T14:55:44.705Z]       1/159 Test   #7: _Interactive_Maya ...............................***Not Run (Disabled)   0.00 sec
[2022-06-20T14:55:44.705Z]             Start   8: testMayaUsdPlugVersionCheck
[2022-06-20T14:55:44.705Z]             Start   9: testMatrices
[2022-06-20T14:55:44.705Z]             Start  10: testMayaPickwalk
[2022-06-20T14:55:44.705Z]             Start  11: testPythonWrappers
[2022-06-20T14:55:44.705Z]             Start  12: testSelection
[2022-06-20T14:55:44.705Z]             Start  13: testSelectionByArray
[2022-06-20T14:55:44.705Z]             Start  14: testUfePythonImport
[2022-06-20T14:55:44.705Z]             Start  15: testAttributeBlock
[2022-06-20T14:55:44.705Z]             Start  16: testBlockedLayerEdit
[2022-06-20T14:55:44.705Z]             Start  17: testLegacyDeleteCmd
[2022-06-20T14:55:44.705Z]             Start  18: testPrimReader
[2022-06-20T14:55:49.833Z]       2/159 Test   #1: testMayaUsdConverter ............................   Passed    4.61 sec
[2022-06-20T14:55:49.833Z]             Start  19: testPrimWriter
[2022-06-20T14:55:49.833Z]       3/159 Test   #8: testMayaUsdPlugVersionCheck .....................   Passed    4.60 sec
[2022-06-20T14:55:49.833Z]             Start  20: testExportChaser
[2022-06-20T14:55:49.833Z]       4/159 Test   #3: testMayaUsdPythonImport .........................   Passed    4.79 sec
[2022-06-20T14:55:49.833Z]             Start  21: testImportChaser
[2022-06-20T14:55:49.833Z]       5/159 Test  #18: testPrimReader ..................................   Passed    4.97 sec
[2022-06-20T14:55:49.833Z]             Start  22: testImportWithNamespace
[2022-06-20T14:55:49.833Z]       6/159 Test  #11: testPythonWrappers ..............................   Passed    5.07 sec
[2022-06-20T14:55:49.833Z]             Start  23: testJobContextRegistry
[2022-06-20T14:55:49.834Z]       7/159 Test  #12: testSelection ...................................   Passed    5.09 sec
[2022-06-20T14:55:49.834Z]             Start  24: testSchemaApiAdaptor
[2022-06-20T14:55:49.834Z]       8/159 Test   #4: testMayaUsdLayerEditorCommands ..................   Passed    5.20 sec
[2022-06-20T14:55:49.834Z]             Start  25: testReadWriteUtils
[2022-06-20T14:55:49.834Z]       9/159 Test   #2: testMayaUsdCreateStageCommands ..................   Passed    5.25 sec
[2022-06-20T14:55:49.834Z]             Start  26: testXformStack
[2022-06-20T14:55:50.266Z]      10/159 Test  #14: testUfePythonImport .............................   Passed    5.46 sec
[2022-06-20T14:55:50.266Z]             Start  27: testGeomNode
[2022-06-20T14:55:50.266Z]      11/159 Test   #9: testMatrices ....................................   Passed    5.51 sec
[2022-06-20T14:55:50.266Z]             Start  28: testLayerManagerSerialization
[2022-06-20T14:55:50.266Z]      12/159 Test  #10: testMayaPickwalk ................................   Passed    5.62 sec
[2022-06-20T14:55:50.266Z]             Start  29: testPointBasedDeformerNode
[2022-06-20T14:55:50.636Z]      13/159 Test   #5: testMayaUsdCacheId ..............................   Passed    5.93 sec
[2022-06-20T14:55:50.636Z]             Start  30: testProxyShapeBase
[2022-06-20T14:55:50.636Z]      14/159 Test  #13: testSelectionByArray ............................   Passed    6.15 sec
[2022-06-20T14:55:50.636Z]             Start  31: testHdImagingShape
[2022-06-20T14:55:51.998Z]      15/159 Test  #15: testAttributeBlock ..............................   Passed    7.18 sec
[2022-06-20T14:55:51.998Z]             Start  54: testUsdUndoManager
[2022-06-20T14:55:51.998Z]      16/159 Test  #17: testLegacyDeleteCmd .............................   Passed    7.20 sec
[2022-06-20T14:55:51.998Z]             Start  55: testBlockSceneModificationContext
[2022-06-20T14:55:51.998Z]      17/159 Test  #16: testBlockedLayerEdit ............................   Passed    7.23 sec
[2022-06-20T14:55:51.998Z]             Start  56: testDiagnosticDelegate
[2022-06-20T14:55:53.336Z]      18/159 Test  #21: testImportChaser ................................   Passed    4.10 sec
[2022-06-20T14:55:53.336Z]             Start  57: testLoadRules
[2022-06-20T14:55:53.705Z]      19/159 Test  #19: testPrimWriter ..................................   Passed    4.45 sec
[2022-06-20T14:55:53.705Z]             Start  58: testSplitString
[2022-06-20T14:55:53.705Z]      20/159 Test  #20: testExportChaser ................................   Passed    4.70 sec
[2022-06-20T14:55:53.705Z]             Start  59: testPxrUsdPreviewSurfaceDraw
[2022-06-20T14:55:54.172Z]      21/159 Test  #26: testXformStack ..................................   Passed    4.47 sec
[2022-06-20T14:55:54.172Z]             Start  60: testPxrUsdPreviewSurfaceExport
[2022-06-20T14:55:54.527Z]      22/159 Test  #29: testPointBasedDeformerNode ......................   Passed    4.30 sec
[2022-06-20T14:55:54.527Z]             Start  61: testMayaUsdSchemasPythonImport
[2022-06-20T14:55:54.527Z]      23/159 Test  #22: testImportWithNamespace .........................   Passed    5.08 sec
[2022-06-20T14:55:54.527Z]             Start  62: testMayaUsdSchemasMayaReference
[2022-06-20T14:55:55.463Z]      24/159 Test  #57: testLoadRules ...................................   Passed    1.43 sec
[2022-06-20T14:55:55.463Z]             Start  63: testDiffCore
[2022-06-20T14:55:55.463Z]      25/159 Test  #28: testLayerManagerSerialization ...................   Passed    4.85 sec
[2022-06-20T14:55:55.463Z]             Start  64: testDiffValues
[2022-06-20T14:55:55.463Z]      26/159 Test  #63: testDiffCore ....................................   Passed    0.13 sec
[2022-06-20T14:55:55.463Z]             Start  65: testDiffAttributes
[2022-06-20T14:55:55.463Z]      27/159 Test  #27: testGeomNode ....................................   Passed    4.98 sec
[2022-06-20T14:55:55.463Z]             Start  66: testDiffRelationships
[2022-06-20T14:55:55.463Z]      28/159 Test  #58: testSplitString .................................   Passed    1.49 sec
[2022-06-20T14:55:55.463Z]             Start  67: testDiffDictionaries
[2022-06-20T14:55:55.463Z]      29/159 Test  #23: testJobContextRegistry ..........................   Passed    5.46 sec
[2022-06-20T14:55:55.463Z]             Start  68: testDiffLists
[2022-06-20T14:55:55.844Z]      30/159 Test  #65: testDiffAttributes ..............................   Passed    0.73 sec
[2022-06-20T14:55:55.844Z]             Start  69: testDiffComputeOverall
[2022-06-20T14:55:55.845Z]      31/159 Test  #66: testDiffRelationships ...........................   Passed    0.75 sec
[2022-06-20T14:55:55.845Z]             Start  70: testDiffPrims
[2022-06-20T14:55:55.845Z]      32/159 Test  #67: testDiffDictionaries ............................   Passed    0.76 sec
[2022-06-20T14:55:55.845Z]             Start  71: testMergePrims
[2022-06-20T14:55:55.845Z]      33/159 Test  #68: testDiffLists ...................................   Passed    0.76 sec
[2022-06-20T14:55:55.845Z]             Start  72: testDiffMetadatas
[2022-06-20T14:55:55.845Z]      34/159 Test  #25: testReadWriteUtils ..............................   Passed    6.15 sec
[2022-06-20T14:55:55.845Z]             Start  73: testUsdExportAnimation
[2022-06-20T14:55:55.845Z]      35/159 Test  #69: testDiffComputeOverall ..........................   Passed    0.18 sec
[2022-06-20T14:55:55.845Z]             Start  74: testUsdExportAsClip
[2022-06-20T14:55:55.845Z]      36/159 Test  #64: testDiffValues ..................................   Passed    1.00 sec
[2022-06-20T14:55:55.845Z]             Start  75: testUsdExportBindTransform
[2022-06-20T14:55:55.845Z]      37/159 Test  #31: testHdImagingShape ..............................   Passed    5.23 sec
[2022-06-20T14:55:55.845Z]             Start  76: testUsdExportBlendshapes
[2022-06-20T14:55:55.845Z]      38/159 Test  #70: testDiffPrims ...................................   Passed    0.20 sec
[2022-06-20T14:55:55.845Z]             Start  77: testUsdExportCamera
[2022-06-20T14:55:55.845Z]      39/159 Test  #24: testSchemaApiAdaptor ............................   Passed    6.36 sec
[2022-06-20T14:55:55.845Z]             Start  78: testUsdExportColorSets
[2022-06-20T14:55:55.845Z]      40/159 Test  #71: testMergePrims ..................................   Passed    0.21 sec
[2022-06-20T14:55:55.845Z]             Start  79: testUsdExportConnected
[2022-06-20T14:55:55.845Z]      41/159 Test  #72: testDiffMetadatas ...............................   Passed    0.19 sec
[2022-06-20T14:55:55.845Z]             Start  80: testUsdExportDisplacement
[2022-06-20T14:55:56.222Z]      42/159 Test  #55: testBlockSceneModificationContext ...............   Passed    4.49 sec
[2022-06-20T14:55:56.222Z]             Start  81: testUsdExportDisplayColor
[2022-06-20T14:55:56.222Z]      43/159 Test  #30: testProxyShapeBase ..............................***Failed    5.83 sec
[2022-06-20T14:55:56.222Z]     MAYA_DEBUG_NO_SAVE_ON_CRASH is set.
[2022-06-20T14:55:56.222Z]     Warning: This file is from an older version of Maya.  If saved, it will not be readable by previous versions.
[2022-06-20T14:55:56.222Z]     File read in  0.43 seconds.
[2022-06-20T14:55:56.222Z]     .sWarning: This file is from an older version of Maya.  If saved, it will not be readable by previous versions.
[2022-06-20T14:55:56.222Z]     File read in  0.016 seconds.
[2022-06-20T14:55:56.222Z]     EssWarning: This file is from an older version of Maya.  If saved, it will not be readable by previous versions.
[2022-06-20T14:55:56.222Z]     File read in  0.016 seconds.
[2022-06-20T14:55:56.222Z]     File read in  0.017 seconds.
[2022-06-20T14:55:56.222Z]     .Warning: This file is from an older version of Maya.  If saved, it will not be readable by previous versions.
[2022-06-20T14:55:56.222Z]     File read in  0.019 seconds.
[2022-06-20T14:55:56.222Z]     .Warning: This file is from an older version of Maya.  If saved, it will not be readable by previous versions.
[2022-06-20T14:55:56.222Z]     File read in  0.015 seconds.
[2022-06-20T14:55:56.222Z]     File read in  0.022 seconds.
[2022-06-20T14:55:56.222Z]     .sWarning: This file is from an older version of Maya.  If saved, it will not be readable by previous versions.
[2022-06-20T14:55:56.222Z]     File read in  0.023 seconds.
[2022-06-20T14:55:56.222Z]     .Warning: This file is from an older version of Maya.  If saved, it will not be readable by previous versions.
[2022-06-20T14:55:56.222Z]     File read in  0.015 seconds.
[2022-06-20T14:55:56.222Z]     .
[2022-06-20T14:55:56.222Z]     ======================================================================
[2022-06-20T14:55:56.222Z]     ERROR: testDeleteStageUndo (testProxyShapeBase.testProxyShapeBase)
[2022-06-20T14:55:56.222Z]     ----------------------------------------------------------------------
[2022-06-20T14:55:56.222Z]     Traceback (most recent call last):
[2022-06-20T14:55:56.222Z]       File "S:\jenkins\workspace\ECP\ecg-maya-usd\ecg-mayausd-branch-preflight-2020-windows\ecg-maya-usd\maya-usd\test\lib\mayaUsd\nodes\testProxyShapeBase.py", line 173, in testDeleteStageUndo
[2022-06-20T14:55:56.222Z]         proxyShapePath = ufe.PathString.path(proxyShapes[0])
[2022-06-20T14:55:56.222Z]     AttributeError: 'module' object has no attribute 'PathString'
[2022-06-20T14:55:56.222Z]     
[2022-06-20T14:55:56.222Z]     ----------------------------------------------------------------------
[2022-06-20T14:55:56.222Z]     Ran 11 tests in 1.365s
[2022-06-20T14:55:56.222Z]     
[2022-06-20T14:55:56.222Z]     FAILED (errors=1, skipped=4)
[2022-06-20T14:55:56.222Z]     
[2022-06-20T14:55:56.222Z]             Start  82: testUsdExportEulerFilter
[2022-06-20T14:55:56.620Z]      44/159 Test  #54: testUsdUndoManager ..............................   Passed    4.75 sec
[2022-06-20T14:55:56.620Z]             Start  83: testUsdExportFileFormat
[2022-06-20T14:55:56.983Z]      45/159 Test  #56: testDiagnosticDelegate ..........................   Passed    5.04 sec
[2022-06-20T14:55:56.983Z]             Start  84: testUsdExportFilterTypes
[2022-06-20T14:55:57.731Z]      46/159 Test  #59: testPxrUsdPreviewSurfaceDraw ....................   Passed    3.81 sec
[2022-06-20T14:55:57.731Z]             Start  85: testUsdExportFrameOffset
[2022-06-20T14:55:58.534Z]      47/159 Test  #61: testMayaUsdSchemasPythonImport ..................   Passed    4.16 sec
[2022-06-20T14:55:58.534Z]             Start  86: testUsdExportGeomSubset
[2022-06-20T14:55:59.007Z]      48/159 Test  #62: testMayaUsdSchemasMayaReference .................   Passed    4.13 sec
[2022-06-20T14:55:59.007Z]             Start  87: testUsdExportInstances
[2022-06-20T14:55:59.406Z]      49/159 Test  #60: testPxrUsdPreviewSurfaceExport ..................   Passed    4.94 sec
[2022-06-20T14:55:59.406Z]             Start  88: testUsdExportLayerAttributes
[2022-06-20T14:56:00.261Z]      50/159 Test  #73: testUsdExportAnimation ..........................   Passed    4.55 sec
[2022-06-20T14:56:00.261Z]             Start  89: testUsdExportLight
[2022-06-20T14:56:00.618Z]      51/159 Test  #76: testUsdExportBlendshapes ........................   Passed    4.87 sec
[2022-06-20T14:56:00.618Z]             Start  90: testUsdExportLocator
[2022-06-20T14:56:01.033Z]      52/159 Test  #75: testUsdExportBindTransform ......................   Passed    5.02 sec
[2022-06-20T14:56:01.033Z]             Start  91: testUsdExportMayaInstancer
[2022-06-20T14:56:01.033Z]      53/159 Test  #79: testUsdExportConnected ..........................   Passed    5.19 sec
[2022-06-20T14:56:01.033Z]             Start  92: testUsdExportMesh
[2022-06-20T14:56:01.412Z]      54/159 Test  #77: testUsdExportCamera .............................   Passed    5.47 sec
[2022-06-20T14:56:01.412Z]             Start  93: testUsdExportNurbsCurve
[2022-06-20T14:56:01.781Z]      55/159 Test  #74: testUsdExportAsClip .............................   Passed    5.78 sec
[2022-06-20T14:56:01.781Z]             Start  94: testUsdExportOpenLayer
[2022-06-20T14:56:01.781Z]      56/159 Test  #81: testUsdExportDisplayColor .......................   Passed    5.45 sec
[2022-06-20T14:56:01.781Z]             Start  95: testUsdExportOverImport
[2022-06-20T14:56:01.781Z]      57/159 Test  #78: testUsdExportColorSets ..........................   Passed    5.80 sec
[2022-06-20T14:56:01.781Z]             Start  96: testUsdExportUsdPreviewSurface
[2022-06-20T14:56:01.781Z]      58/159 Test  #83: testUsdExportFileFormat .........................   Passed    5.31 sec
[2022-06-20T14:56:01.781Z]             Start  97: testUsdExportParentScope
[2022-06-20T14:56:01.781Z]      59/159 Test  #82: testUsdExportEulerFilter ........................   Passed    5.67 sec
[2022-06-20T14:56:01.781Z]             Start  98: testUsdExportParticles
[2022-06-20T14:56:02.302Z]      60/159 Test  #80: testUsdExportDisplacement .......................   Passed    6.05 sec
[2022-06-20T14:56:02.302Z]             Start  99: testUsdExportPref
[2022-06-20T14:56:03.276Z]      61/159 Test  #85: testUsdExportFrameOffset ........................   Passed    5.50 sec
[2022-06-20T14:56:03.276Z]             Start 100: testUsdExportRenderLayerMode
[2022-06-20T14:56:03.276Z]      62/159 Test  #84: testUsdExportFilterTypes ........................   Passed    6.33 sec
[2022-06-20T14:56:03.276Z]             Start 101: testUsdExportRoots
[2022-06-20T14:56:03.655Z]      63/159 Test  #86: testUsdExportGeomSubset .........................   Passed    5.12 sec
[2022-06-20T14:56:03.655Z]             Start 102: testUsdExportRootsAndParentScope
[2022-06-20T14:56:04.010Z]      64/159 Test  #87: testUsdExportInstances ..........................   Passed    5.09 sec
[2022-06-20T14:56:04.010Z]             Start 103: testUsdExportSelection
[2022-06-20T14:56:04.010Z]      65/159 Test  #88: testUsdExportLayerAttributes ....................   Passed    4.83 sec
[2022-06-20T14:56:04.010Z]             Start 104: testUsdExportSelectionHierarchy
[2022-06-20T14:56:05.381Z]      66/159 Test  #89: testUsdExportLight ..............................   Passed    4.69 sec
[2022-06-20T14:56:05.381Z]             Start 105: testUsdExportShadingInstanced
[2022-06-20T14:56:05.758Z]      67/159 Test  #90: testUsdExportLocator ............................   Passed    5.01 sec
[2022-06-20T14:56:05.758Z]             Start 106: testUsdExportShadingModePxrRis
[2022-06-20T14:56:06.262Z]      68/159 Test  #93: testUsdExportNurbsCurve .........................   Passed    4.73 sec
[2022-06-20T14:56:06.262Z]             Start 107: testUsdExportSkeleton
[2022-06-20T14:56:06.262Z]      69/159 Test  #94: testUsdExportOpenLayer ..........................   Passed    4.71 sec
[2022-06-20T14:56:06.262Z]             Start 108: testUsdExportStripNamespaces
[2022-06-20T14:56:07.080Z]      70/159 Test  #95: testUsdExportOverImport .........................   Passed    5.30 sec
[2022-06-20T14:56:07.080Z]             Start 109: testUsdExportStroke
[2022-06-20T14:56:07.477Z]      71/159 Test  #98: testUsdExportParticles ..........................   Passed    5.33 sec
[2022-06-20T14:56:07.477Z]             Start 110: testUsdExportUserTaggedAttributes
[2022-06-20T14:56:07.477Z]      72/159 Test  #99: testUsdExportPref ...............................   Passed    5.29 sec
[2022-06-20T14:56:07.477Z]             Start 111: testUsdExportVisibilityDefault
[2022-06-20T14:56:07.477Z]      73/159 Test  #97: testUsdExportParentScope ........................   Passed    5.56 sec
[2022-06-20T14:56:07.477Z]             Start 112: testUsdImportAnonymousLayer
[2022-06-20T14:56:07.477Z]      74/159 Test  #96: testUsdExportUsdPreviewSurface ..................   Passed    5.65 sec
[2022-06-20T14:56:07.477Z]             Start 113: testUsdImportCamera
[2022-06-20T14:56:07.477Z]      75/159 Test #100: testUsdExportRenderLayerMode ....................   Passed    4.33 sec
[2022-06-20T14:56:07.477Z]             Start 114: testUsdImportBasisCurves
[2022-06-20T14:56:07.477Z]      76/159 Test  #92: testUsdExportMesh ...............................   Passed    6.27 sec
[2022-06-20T14:56:07.477Z]             Start 115: testUsdImportBatchNurbsCurves
[2022-06-20T14:56:07.477Z]      77/159 Test  #91: testUsdExportMayaInstancer ......................   Passed    6.59 sec
[2022-06-20T14:56:07.477Z]             Start 116: testUsdImportLinearCurves
[2022-06-20T14:56:08.322Z]      78/159 Test #102: testUsdExportRootsAndParentScope ................   Passed    4.49 sec
[2022-06-20T14:56:08.322Z]             Start 117: testUsdImportNurbsCurves
[2022-06-20T14:56:08.725Z]      79/159 Test #103: testUsdExportSelection ..........................   Passed    5.00 sec
[2022-06-20T14:56:08.725Z]             Start 118: testUsdImportBatchBezierCurves
[2022-06-20T14:56:09.119Z]      80/159 Test #104: testUsdExportSelectionHierarchy .................   Passed    5.01 sec
[2022-06-20T14:56:09.119Z]             Start 119: testUsdImportColorSets
[2022-06-20T14:56:09.510Z]      81/159 Test #101: testUsdExportRoots ..............................   Passed    6.13 sec
[2022-06-20T14:56:09.510Z]             Start 120: testUsdImportDisplacement
[2022-06-20T14:56:10.326Z]      82/159 Test #105: testUsdExportShadingInstanced ...................   Passed    5.08 sec
[2022-06-20T14:56:10.326Z]             Start 121: testUsdImportExportScope
[2022-06-20T14:56:10.694Z]      83/159 Test #106: testUsdExportShadingModePxrRis ..................   Passed    4.88 sec
[2022-06-20T14:56:10.694Z]             Start 122: testUsdImportExportTypelessDefs
[2022-06-20T14:56:11.512Z]      84/159 Test #108: testUsdExportStripNamespaces ....................   Passed    5.17 sec
[2022-06-20T14:56:11.512Z]             Start 123: testUsdImportFrameRange
[2022-06-20T14:56:11.888Z]      85/159 Test #109: testUsdExportStroke .............................   Passed    4.81 sec
[2022-06-20T14:56:11.888Z]             Start 124: testUsdImportFramerates
[2022-06-20T14:56:12.229Z]      86/159 Test #110: testUsdExportUserTaggedAttributes ...............   Passed    4.95 sec
[2022-06-20T14:56:12.229Z]             Start 125: testUsdImportInstances
[2022-06-20T14:56:12.229Z]      87/159 Test #112: testUsdImportAnonymousLayer .....................   Passed    4.93 sec
[2022-06-20T14:56:12.229Z]             Start 126: testUsdImportLight
[2022-06-20T14:56:12.229Z]      88/159 Test #113: testUsdImportCamera .............................   Passed    4.88 sec
[2022-06-20T14:56:12.229Z]             Start 127: testUsdImportMayaReference
[2022-06-20T14:56:12.611Z]      89/159 Test #111: testUsdExportVisibilityDefault ..................   Passed    5.08 sec
[2022-06-20T14:56:12.611Z]             Start 128: testUsdImportMesh
[2022-06-20T14:56:12.611Z]      90/159 Test #115: testUsdImportBatchNurbsCurves ...................   Passed    5.06 sec
[2022-06-20T14:56:12.611Z]             Start 129: testUsdImportPreviewSurface
[2022-06-20T14:56:12.611Z]      91/159 Test #107: testUsdExportSkeleton ...........................   Passed    6.42 sec
[2022-06-20T14:56:12.611Z]             Start 130: testUsdImportSessionLayer
[2022-06-20T14:56:12.611Z]      92/159 Test #114: testUsdImportBasisCurves ........................   Passed    5.14 sec
[2022-06-20T14:56:12.611Z]             Start 131: testUsdImportShadingModeDisplayColor
[2022-06-20T14:56:12.611Z]      93/159 Test #116: testUsdImportLinearCurves .......................   Passed    5.11 sec
[2022-06-20T14:56:12.611Z]             Start 132: testUsdImportShadingModePxrRis
[2022-06-20T14:56:13.015Z]      94/159 Test #117: testUsdImportNurbsCurves ........................   Passed    4.73 sec
[2022-06-20T14:56:13.015Z]             Start 133: testUsdImportUVSetMappings
[2022-06-20T14:56:13.788Z]      95/159 Test #119: testUsdImportColorSets ..........................   Passed    4.60 sec
[2022-06-20T14:56:13.788Z]             Start 134: testUsdImportUSDZTextures
[2022-06-20T14:56:13.788Z]      96/159 Test #118: testUsdImportBatchBezierCurves ..................   Passed    4.81 sec
[2022-06-20T14:56:13.788Z]             Start 135: testUsdExportImportRoundtripPreviewSurface
[2022-06-20T14:56:14.235Z]      97/159 Test #120: testUsdImportDisplacement .......................   Passed    4.88 sec
[2022-06-20T14:56:14.235Z]             Start 136: testUsdExportImportUDIM
[2022-06-20T14:56:15.104Z]      98/159 Test #122: testUsdImportExportTypelessDefs .................   Passed    4.45 sec
[2022-06-20T14:56:15.104Z]             Start 137: testUsdImportSkeleton
[2022-06-20T14:56:15.104Z]      99/159 Test #121: testUsdImportExportScope ........................   Passed    4.97 sec
[2022-06-20T14:56:15.104Z]             Start 138: testUsdImportXforms
[2022-06-20T14:56:16.330Z]     100/159 Test #123: testUsdImportFrameRange .........................   Passed    4.98 sec
[2022-06-20T14:56:16.330Z]             Start 139: testUsdImportXformAnim
[2022-06-20T14:56:16.330Z]     101/159 Test #124: testUsdImportFramerates .........................   Passed    4.68 sec
[2022-06-20T14:56:16.330Z]             Start 140: testUsdMayaAdaptor
[2022-06-20T14:56:16.705Z]     102/159 Test #125: testUsdImportInstances ..........................   Passed    4.47 sec
[2022-06-20T14:56:16.705Z]             Start 141: testUsdMayaAdaptorGeom
[2022-06-20T14:56:17.080Z]     103/159 Test #128: testUsdImportMesh ...............................   Passed    4.59 sec
[2022-06-20T14:56:17.080Z]             Start 142: testUsdMayaAdaptorMetadata
[2022-06-20T14:56:17.080Z]     104/159 Test #126: testUsdImportLight ..............................   Passed    4.84 sec
[2022-06-20T14:56:17.080Z]             Start 143: testUsdMayaAdaptorUndoRedo
[2022-06-20T14:56:17.080Z]     105/159 Test #130: testUsdImportSessionLayer .......................   Passed    4.67 sec
[2022-06-20T14:56:17.080Z]             Start 144: testUsdExportUVTransforms
[2022-06-20T14:56:17.441Z]     106/159 Test #129: testUsdImportPreviewSurface .....................   Passed    4.73 sec
[2022-06-20T14:56:17.441Z]             Start 145: testUsdExportUsdzPackage
[2022-06-20T14:56:17.441Z]     107/159 Test #131: testUsdImportShadingModeDisplayColor ............   Passed    4.77 sec
[2022-06-20T14:56:17.441Z]             Start 146: testUsdExportRfMShaders
[2022-06-20T14:56:17.441Z]     108/159 Test #133: testUsdImportUVSetMappings ......................   Passed    4.54 sec
[2022-06-20T14:56:17.441Z]             Start 147: testUsdImportRfMShaders
[2022-06-20T14:56:17.441Z]     109/159 Test #132: testUsdImportShadingModePxrRis ..................   Passed    4.92 sec
[2022-06-20T14:56:17.441Z]             Start 148: testUsdExportUVSets
[2022-06-20T14:56:17.441Z]     110/159 Test #127: testUsdImportMayaReference ......................   Passed    5.28 sec
[2022-06-20T14:56:17.441Z]             Start 149: testUsdExportUVSetsFloat
[2022-06-20T14:56:19.281Z]     111/159 Test #134: testUsdImportUSDZTextures .......................   Passed    5.38 sec
[2022-06-20T14:56:19.281Z]             Start 150: testUsdExportUVSetMappings
[2022-06-20T14:56:19.694Z]     112/159 Test #137: testUsdImportSkeleton ...........................   Passed    4.58 sec
[2022-06-20T14:56:19.694Z]             Start 151: testUsdImportUVSets
[2022-06-20T14:56:19.694Z]     113/159 Test #135: testUsdExportImportRoundtripPreviewSurface ......   Passed    6.12 sec
[2022-06-20T14:56:19.694Z]             Start 152: testUsdImportUVSetsFloat
[2022-06-20T14:56:19.694Z]     114/159 Test #136: testUsdExportImportUDIM .........................   Passed    5.63 sec
[2022-06-20T14:56:19.694Z]             Start 153: testUsdImportChaser
[2022-06-20T14:56:21.020Z]     115/159 Test #140: testUsdMayaAdaptor ..............................   Passed    4.45 sec
[2022-06-20T14:56:21.020Z]             Start 154: testUsdExportCustomConverter-Maya
[2022-06-20T14:56:21.418Z]     116/159 Test #141: testUsdMayaAdaptorGeom ..........................   Passed    4.57 sec
[2022-06-20T14:56:21.418Z]             Start 155: testUsdExportCustomConverter-USD
[2022-06-20T14:56:21.418Z]     117/159 Test #139: testUsdImportXformAnim ..........................   Passed    4.79 sec
[2022-06-20T14:56:21.418Z]             Start 156: testUsdImportCustomConverter-Maya
[2022-06-20T14:56:21.825Z]     118/159 Test #143: testUsdMayaAdaptorUndoRedo ......................   Passed    4.51 sec
[2022-06-20T14:56:21.825Z]             Start 157: testUsdImportCustomConverter-USD
[2022-06-20T14:56:21.825Z]     119/159 Test #142: testUsdMayaAdaptorMetadata ......................   Passed    4.65 sec
[2022-06-20T14:56:21.825Z]             Start 158: testUsdMayaListShadingModesCommand
[2022-06-20T14:56:21.825Z]     120/159 Test #145: testUsdExportUsdzPackage ........................   Passed    4.72 sec
[2022-06-20T14:56:21.825Z]             Start 159: testUsdExportSchemaApi
[2022-06-20T14:56:22.190Z]     121/159 Test #147: testUsdImportRfMShaders .........................   Passed    4.71 sec
[2022-06-20T14:56:22.190Z]             Start 160: testUsdImportExportSiteSpecificConfig
[2022-06-20T14:56:22.190Z]     122/159 Test #148: testUsdExportUVSets .............................   Passed    4.79 sec
[2022-06-20T14:56:22.190Z]             Start 161: testUsdExportAssembly
[2022-06-20T14:56:22.548Z]     123/159 Test #146: testUsdExportRfMShaders .........................   Passed    5.12 sec
[2022-06-20T14:56:22.548Z]             Start 162: testUsdExportAssemblyEdits
[2022-06-20T14:56:22.548Z]     124/159 Test #144: testUsdExportUVTransforms .......................   Passed    5.27 sec
[2022-06-20T14:56:22.548Z]             Start 163: testUsdExportPackage
[2022-06-20T14:56:22.548Z]     125/159 Test #149: testUsdExportUVSetsFloat ........................   Passed    5.03 sec
[2022-06-20T14:56:22.548Z]             Start 164: testUsdExportPointInstancer
[2022-06-20T14:56:23.828Z]     126/159 Test #150: testUsdExportUVSetMappings ......................   Passed    4.99 sec
[2022-06-20T14:56:23.828Z]             Start 165: testUsdImportAsAssemblies
[2022-06-20T14:56:24.199Z]     127/159 Test #152: testUsdImportUVSetsFloat ........................   Passed    4.41 sec
[2022-06-20T14:56:24.199Z]             Start 166: testUsdImportNestedAssemblyAnimation
[2022-06-20T14:56:24.199Z]     128/159 Test #151: testUsdImportUVSets .............................   Passed    4.55 sec
[2022-06-20T14:56:24.199Z]             Start 167: testUsdMayaGetVariantSetSelections
[2022-06-20T14:56:24.606Z]     129/159 Test #153: testUsdImportChaser .............................   Passed    4.77 sec
[2022-06-20T14:56:24.606Z]             Start 168: testUsdMayaModelKindProcessor
[2022-06-20T14:56:25.457Z]     130/159 Test #154: testUsdExportCustomConverter-Maya ...............   Passed    4.61 sec
[2022-06-20T14:56:25.457Z]             Start 169: testUsdMayaReferenceAssemblyEdits
[2022-06-20T14:56:25.825Z]     131/159 Test #155: testUsdExportCustomConverter-USD ................   Passed    4.49 sec
[2022-06-20T14:56:25.825Z]             Start 170: testUsdReferenceAssemblyChangeRepresentations
[2022-06-20T14:56:26.240Z]     132/159 Test #156: testUsdImportCustomConverter-Maya ...............   Passed    4.71 sec
[2022-06-20T14:56:26.240Z]             Start 171: testPxrUsdAlembicChaser
[2022-06-20T14:56:26.240Z]     133/159 Test #158: testUsdMayaListShadingModesCommand ..............   Passed    4.42 sec
[2022-06-20T14:56:26.240Z]             Start 172: AL_MayaUtilsTests
[2022-06-20T14:56:26.240Z]     134/159 Test #157: testUsdImportCustomConverter-USD ................   Passed    4.58 sec
[2022-06-20T14:56:26.240Z]             Start 173: GTest:AL_USDTransactionTests
[2022-06-20T14:56:26.609Z]     135/159 Test #173: GTest:AL_USDTransactionTests ....................   Passed    0.33 sec
[2022-06-20T14:56:26.609Z]             Start 174: Python:AL_USDTransactionTests
[2022-06-20T14:56:26.609Z]     136/159 Test #160: testUsdImportExportSiteSpecificConfig ...........   Passed    4.51 sec
[2022-06-20T14:56:26.609Z]             Start 175: AL_USDMayaTestPlugin
[2022-06-20T14:56:27.020Z]     137/159 Test #159: testUsdExportSchemaApi ..........................   Passed    4.99 sec
[2022-06-20T14:56:27.020Z]             Start 176: TestALUSDMayaPython_ProxyShape
[2022-06-20T14:56:27.386Z]     138/159 Test #174: Python:AL_USDTransactionTests ...................   Passed    0.80 sec
[2022-06-20T14:56:27.386Z]             Start 177: TestALUSDMayaPython_Translators
[2022-06-20T14:56:27.779Z]     139/159 Test #161: testUsdExportAssembly ...........................   Passed    5.33 sec
[2022-06-20T14:56:27.779Z]             Start 178: TestALUSDMayaPython_LayerManager
[2022-06-20T14:56:27.779Z]     140/159 Test #162: testUsdExportAssemblyEdits ......................   Passed    5.30 sec
[2022-06-20T14:56:27.779Z]             Start 179: TestALUSDMayaPython_ImportModule
[2022-06-20T14:56:27.779Z]     141/159 Test #163: testUsdExportPackage ............................   Passed    5.34 sec
[2022-06-20T14:56:27.779Z]             Start 180: testMayaSchemas
[2022-06-20T14:56:28.201Z]     142/159 Test #180: testMayaSchemas .................................   Passed    0.26 sec
[2022-06-20T14:56:28.201Z]             Start 181: TestAdditionalTranslators
[2022-06-20T14:56:28.568Z]     143/159 Test #165: testUsdImportAsAssemblies .......................   Passed    4.75 sec
[2022-06-20T14:56:28.568Z]             Start 182: TestPxrUsdTranslators
[2022-06-20T14:56:28.960Z]     144/159 Test #167: testUsdMayaGetVariantSetSelections ..............   Passed    4.57 sec
[2022-06-20T14:56:28.960Z]     145/159 Test #166: testUsdImportNestedAssemblyAnimation ............   Passed    4.73 sec
[2022-06-20T14:56:29.783Z]     146/159 Test #179: TestALUSDMayaPython_ImportModule ................   Passed    1.88 sec
[2022-06-20T14:56:29.783Z]     147/159 Test #172: AL_MayaUtilsTests ...............................   Passed    3.87 sec
[2022-06-20T14:56:30.159Z]     148/159 Test #168: testUsdMayaModelKindProcessor ...................   Passed    5.49 sec
[2022-06-20T14:56:30.159Z]     149/159 Test #169: testUsdMayaReferenceAssemblyEdits ...............   Passed    4.52 sec
[2022-06-20T14:56:30.511Z]     150/159 Test #170: testUsdReferenceAssemblyChangeRepresentations ...   Passed    4.81 sec
[2022-06-20T14:56:30.882Z]     151/159 Test #171: testPxrUsdAlembicChaser .........................   Passed    5.03 sec
[2022-06-20T14:56:31.268Z]     152/159 Test #176: TestALUSDMayaPython_ProxyShape ..................   Passed    4.35 sec
[2022-06-20T14:56:32.123Z]     153/159 Test #178: TestALUSDMayaPython_LayerManager ................   Passed    4.50 sec
[2022-06-20T14:56:32.506Z]     154/159 Test #177: TestALUSDMayaPython_Translators .................   Passed    4.95 sec
[2022-06-20T14:56:32.882Z]     155/159 Test #182: TestPxrUsdTranslators ...........................   Passed    4.32 sec
[2022-06-20T14:56:34.720Z]     156/159 Test #181: TestAdditionalTranslators .......................   Passed    6.61 sec
[2022-06-20T14:56:51.628Z]     157/159 Test #175: AL_USDMayaTestPlugin ............................   Passed   22.65 sec
[2022-06-20T14:56:53.511Z]     158/159 Test #164: testUsdExportPointInstancer .....................   Passed   31.02 sec
[2022-06-20T14:57:43.208Z]     159/159 Test #138: testUsdImportXforms .............................   Passed   80.59 sec
[2022-06-20T14:57:43.208Z]     
[2022-06-20T14:57:43.208Z]     99% tests passed, 1 tests failed out of 158
[2022-06-20T14:57:43.208Z]     
[2022-06-20T14:57:43.208Z]     Label Time Summary:
[2022-06-20T14:57:43.208Z]     Debugging            =   0.00 sec*proc (1 test)
[2022-06-20T14:57:43.208Z]     MayaUsd              =  30.38 sec*proc (6 tests)
[2022-06-20T14:57:43.208Z]     fileio               =  35.12 sec*proc (7 tests)
[2022-06-20T14:57:43.208Z]     fileio_utils         =  10.62 sec*proc (2 tests)
[2022-06-20T14:57:43.208Z]     nodes                =  25.19 sec*proc (5 tests)
[2022-06-20T14:57:43.208Z]     translators          = 518.49 sec*proc (88 tests)
[2022-06-20T14:57:43.208Z]     ufe                  =  54.50 sec*proc (9 tests)
[2022-06-20T14:57:43.208Z]     undo                 =   4.75 sec*proc (1 test)
[2022-06-20T14:57:43.208Z]     usdPreviewSurface    =   8.76 sec*proc (2 tests)
[2022-06-20T14:57:43.208Z]     utils                =   9.53 sec*proc (2 tests)
[2022-06-20T14:57:43.208Z]     
[2022-06-20T14:57:43.208Z]     Total Test time (real) = 112.32 sec
[2022-06-20T14:57:43.208Z]     
[2022-06-20T14:57:43.208Z]     The following tests did not run:
[2022-06-20T14:57:43.208Z]     	  7 - _Interactive_Maya (Disabled)
[2022-06-20T14:57:43.208Z]     
[2022-06-20T14:57:43.208Z]     The following tests FAILED:
[2022-06-20T14:57:43.208Z]     	 30 - testProxyShapeBase (Failed)
[2022-06-20T14:57:43.208Z]     Errors while running CTest
[2022-06-20T14:57:43.208Z]     
[2022-06-20T14:57:43.208Z]         Building with settings:
[2022-06-20T14:57:43.209Z]           Source directory          S:\jenkins\workspace\ECP\ecg-maya-usd\ecg-mayausd-branch-preflight-2020-windows\ecg-maya-usd\maya-usd
[2022-06-20T14:57:43.209Z]           Workspace directory       W:\
[2022-06-20T14:57:43.209Z]           Build directory           W:\build\RelWithDebInfo
[2022-06-20T14:57:43.209Z]           Install directory         W:\install\RelWithDebInfo\MayaUSD
[2022-06-20T14:57:43.209Z]           Variant                   RelWithDebInfo
[2022-06-20T14:57:43.209Z]           Python Debug              Off
[2022-06-20T14:57:43.209Z]           CMake generator           Ninja
[2022-06-20T14:57:43.209Z]           Build arguments           ['-DCMAKE_MAKE_PROGRAM=P:/shared/Artifactory/Windows/ninja/1.9.0/c68f192/ninja.exe', '-DPYTHON_INCLUDE_DIR=P:/shared/Artifactory/Windows/rundev-2020/202107140359/runtime/5d64bf0/runTime/include/Python', '-DPython_EXECUTABLE=P:/shared/Artifactory/Windows/rundev-2020/202107140359/runtime/5d64bf0/runTime/bin/mayapy.exe', '-DPYTHON_LIBRARIES=P:/shared/Artifactory/Windows/rundev-2020/202107140359/runtime/5d64bf0/runTime/lib/python27.lib', '-DUSD_LIB_PREFIX=', '-DCMAKE_WANT_MATERIALX_BUILD=ON', '-DCMAKE_PREFIX_PATH=P:\\shared\\Artifactory\\Windows\\USD\\c1313e5']
[2022-06-20T14:57:43.209Z]           Stages arguments          ['test']
[2022-06-20T14:57:43.209Z]           CTest arguments           ['-E testUsdReferenceAssemblySelection|testUsdMayaAppDir', '-LE interactive', '--parallel 16']
[2022-06-20T14:57:43.209Z]     #####################################################################################
[2022-06-20T14:57:43.209Z]     log date: 2022-06-20 07:55
[2022-06-20T14:57:43.209Z]     commit sha: 141095bf484f34d871dbc05654544dfbf4c116af
[2022-06-20T14:57:43.209Z]     commit date: Mon Jun 20 07:46:32 2022 -0700
[2022-06-20T14:57:43.209Z]     #####################################################################################
[2022-06-20T14:57:43.209Z]     
[2022-06-20T14:57:43.209Z]     cmake --build . --config RelWithDebInfo --target install -- -j16
[2022-06-20T14:57:43.209Z]     #####################################################################################
[2022-06-20T14:57:43.209Z]     log date: 2022-06-20 07:55
[2022-06-20T14:57:43.209Z]     commit sha: 141095bf484f34d871dbc05654544dfbf4c116af
[2022-06-20T14:57:43.209Z]     commit date: Mon Jun 20 07:46:32 2022 -0700
[2022-06-20T14:57:43.209Z]     #####################################################################################
[2022-06-20T14:57:43.209Z]     
[2022-06-20T14:57:43.209Z]     ctest --output-on-failure --timeout 500 -C RelWithDebInfo -E testUsdReferenceAssemblySelection|testUsdMayaAppDir -LE interactive --parallel 16
[2022-06-20T14:57:43.209Z]     
[2022-06-20T14:57:43.209Z]     Traceback (most recent call last):
[2022-06-20T14:57:43.209Z]       File "S:\jenkins\workspace\ECP\ecg-maya-usd\ecg-mayausd-branch-preflight-2020-windows\ecg-maya-usd\maya-usd\build.py", line 607, in <module>
[2022-06-20T14:57:43.209Z]         RunTests(context, context.ctestArgs)
[2022-06-20T14:57:43.209Z]       File "S:\jenkins\workspace\ECP\ecg-maya-usd\ecg-mayausd-branch-preflight-2020-windows\ecg-maya-usd\maya-usd\build.py", line 390, in RunTests
[2022-06-20T14:57:43.209Z]         RunCTest(context,extraArgs)
[2022-06-20T14:57:43.209Z]       File "S:\jenkins\workspace\ECP\ecg-maya-usd\ecg-mayausd-branch-preflight-2020-windows\ecg-maya-usd\maya-usd\build.py", line 301, in RunCTest
[2022-06-20T14:57:43.209Z]         extraArgs=(" ".join(extraArgs) if extraArgs else "")))
[2022-06-20T14:57:43.209Z]       File "S:\jenkins\workspace\ECP\ecg-maya-usd\ecg-mayausd-branch-preflight-2020-windows\ecg-maya-usd\maya-usd\build.py", line 165, in Run
[2022-06-20T14:57:43.209Z]         .format(cmd=cmd, log=os.path.abspath(context.logFileLocation)))
[2022-06-20T14:57:43.209Z]     RuntimeError: Failed to run 'ctest --output-on-failure --timeout 500 -C RelWithDebInfo -E testUsdReferenceAssemblySelection|testUsdMayaAppDir -LE interactive --parallel 16 '
[2022-06-20T14:57:43.209Z]     See W:\build\RelWithDebInfo\build_log.txt for more details.
[2022-06-20T14:57:43.209Z] build.py: error: Command failed with error code: 1
[Pipeline] bat
[2022-06-20T14:57:44.146Z] Deleting alias drive W:
[Pipeline] bat
[2022-06-20T14:57:44.915Z] Deleting alias drive P:
[Pipeline] }
[Pipeline] // withEnv
[Pipeline] }
[Pipeline] // timeout
[Pipeline] }
[Pipeline] // stage
[Pipeline] }
[Pipeline] // timestamps
[Pipeline] emailextrecipients
Not sending mail to unregistered user ecg.jenkins@autodesk.com because your SCM claimed this was associated with a user ID ecg.jenkins' which your security realm does not recognize; you may need changes in your SCM plugin
Not sending mail to unregistered user ecg.jenkins@autodesk.com because your SCM claimed this was associated with a user ID ecg.jenkins' which your security realm does not recognize; you may need changes in your SCM plugin
[Pipeline] echo
No recipients to send notification.
[Pipeline] }
[Pipeline] // node
[Pipeline] End of Pipeline
ERROR: script returned exit code 1
[Checks API] No suitable checks publisher found.
Finished: FAILURE
