[2022-06-29T16:38:55.076Z] ================================================================================
[2022-06-29T16:38:55.076Z]                              setup (RelWithDebInfo)
[2022-06-29T16:38:55.076Z] ================================================================================
[Pipeline] }
[Pipeline] // withEnv
[Pipeline] }
[Pipeline] // timeout
[Pipeline] }
[Pipeline] // stage
[Pipeline] }
[Pipeline] // timestamps
[Pipeline] timestamps
[Pipeline] {
[Pipeline] stage
[Pipeline] { (Clean)
[Pipeline] timeout
[2022-06-29T16:38:55.940Z] Timeout set to expire in 6 hr 0 min
[Pipeline] {
[Pipeline] withEnv
[Pipeline] {
[Pipeline] sh
[2022-06-29T16:38:58.347Z] + python ecg-maya-usd/build.py --stages=clean --workspace-dir=/local/S/jenkins/workspace/ECP/ecg-maya-usd/ecg-mayausd-branch-preflight-2020-osx --artifactory-dir=/local/S/jenkins/workspace/shared/Artifactory --build-dir=/local/S/jenkins/workspace/ECP/ecg-maya-usd/ecg-mayausd-branch-preflight-2020-osx/build --install-dir=/local/S/jenkins/workspace/ECP/ecg-maya-usd/ecg-mayausd-branch-preflight-2020-osx/install --signing-dir=/local/S/jenkins/workspace/ECP/ecg-maya-usd/ecg-mayausd-branch-preflight-2020-osx/signing --package-dir=/local/S/jenkins/workspace/ECP/ecg-maya-usd/ecg-mayausd-branch-preflight-2020-osx/package --output-dir=/local/S/jenkins/workspace/ECP/ecg-maya-usd/ecg-mayausd-branch-preflight-2020-osx/output --stash-dir=/local/S/jenkins/workspace/ECP/ecg-maya-usd/ecg-mayausd-branch-preflight-2020-osx/stash --jenkins-build=67 --git-commit=0c766b3a11068dfbde0e72e125f3581aec5975f5 --git-branch=master --variants=RelWithDebInfo --python=2.7 --post-zips=false --maya-cut-config=maya-rundev-2020.yaml --maya-package=rundev-2020 --stage-banner
[2022-06-29T16:38:58.347Z] Using Maya cut from /local/S/jenkins/workspace/shared/Artifactory/OSX/rundev-2020/202107140359/runtime/446214e
[2022-06-29T16:38:58.347Z] Using Maya ADSK Signatures from /local/S/jenkins/workspace/shared/Artifactory/OSX/adsk-plugin-signatures-maya/2023/c1dbfce
[2022-06-29T16:38:58.347Z] Using Maya Security Library from /local/S/jenkins/workspace/shared/Artifactory/OSX/maya-security-library/3.1.0/5f2130f
[2022-06-29T16:38:58.347Z] 
[2022-06-29T16:38:58.347Z] ================================================================================
[2022-06-29T16:38:58.347Z]                              clean (RelWithDebInfo)
[2022-06-29T16:38:58.347Z] ================================================================================
[2022-06-29T16:38:58.347Z] Maya Python RelWithDebInfo Info:
[2022-06-29T16:38:58.347Z]   mayapy executable   = /local/S/jenkins/workspace/shared/Artifactory/OSX/rundev-2020/202107140359/runtime/446214e/runTime/Maya.app/Contents/bin/mayapy
[2022-06-29T16:38:58.347Z]   Include Folder      = /local/S/jenkins/workspace/shared/Artifactory/OSX/rundev-2020/202107140359/runtime/446214e/runTime/Maya.app/Contents/Frameworks/Python.framework/Versions/Current/include/python2.7
[2022-06-29T16:38:58.347Z]   Library             = /local/S/jenkins/workspace/shared/Artifactory/OSX/rundev-2020/202107140359/runtime/446214e/runTime/Maya.app/Contents/Frameworks/Python.framework/Versions/Current/lib/libpython2.7.dylib
[2022-06-29T16:38:58.347Z]   site-package Folder = /local/S/jenkins/workspace/shared/Artifactory/OSX/rundev-2020/202107140359/runtime/446214e/runTime/Maya.app/Contents/Frameworks/Python.framework/Versions/Current/lib/python2.7/site-packages
[2022-06-29T16:38:59.187Z] In workdir: /local/S/jenkins/workspace/ECP/ecg-maya-usd/ecg-mayausd-branch-preflight-2020-osx/ecg-maya-usd/maya-usd
[2022-06-29T16:38:59.187Z] Executing: /local/S/jenkins/workspace/shared/Artifactory/OSX/rundev-2020/202107140359/runtime/446214e/runTime/Maya.app/Contents/bin/mayapy /local/S/jenkins/workspace/ECP/ecg-maya-usd/ecg-mayausd-branch-preflight-2020-osx/ecg-maya-usd/maya-usd/build.py --generator Ninja --build-relwithdebug --maya-location /local/S/jenkins/workspace/shared/Artifactory/OSX/rundev-2020/202107140359/runtime/446214e/runTime --devkit-location /local/S/jenkins/workspace/shared/Artifactory/OSX/rundev-2020/202107140359/runtime/446214e/devkitBase --pxrusd-location /local/S/jenkins/workspace/shared/Artifactory/OSX/USD/73ca68d --qt-location /local/S/jenkins/workspace/shared/Artifactory/OSX/qt/5.12.5/3ca78fe --build-args=-DCMAKE_MAKE_PROGRAM=/local/S/jenkins/workspace/shared/Artifactory/OSX/ninja/1.9.0/41005eb/ninja,-DPYTHON_INCLUDE_DIR=/local/S/jenkins/workspace/shared/Artifactory/OSX/rundev-2020/202107140359/runtime/446214e/runTime/Maya.app/Contents/Frameworks/Python.framework/Versions/Current/include/python2.7,-DPython_EXECUTABLE=/local/S/jenkins/workspace/shared/Artifactory/OSX/rundev-2020/202107140359/runtime/446214e/runTime/Maya.app/Contents/bin/mayapy,-DPYTHON_LIBRARIES=/local/S/jenkins/workspace/shared/Artifactory/OSX/rundev-2020/202107140359/runtime/446214e/runTime/Maya.app/Contents/Frameworks/Python.framework/Versions/Current/lib/libpython2.7.dylib,-DUSD_LIB_PREFIX=lib,-DCMAKE_WANT_MATERIALX_BUILD=ON,-DCMAKE_PREFIX_PATH=/local/S/jenkins/workspace/shared/Artifactory/OSX/USD/73ca68d '--ctest-args=-E testUsdReferenceAssemblySelection|testUsdMayaAppDir,-LE interactive,--parallel 4' --stages=clean --redirect-outstream-file=False --install-location /local/S/jenkins/workspace/ECP/ecg-maya-usd/ecg-mayausd-branch-preflight-2020-osx/install/RelWithDebInfo/MayaUSD /local/S/jenkins/workspace/ECP/ecg-maya-usd/ecg-mayausd-branch-preflight-2020-osx
[2022-06-29T16:38:59.187Z] Modified environment variables:
[2022-06-29T16:38:59.187Z]     PATH=/local/S/jenkins/workspace/shared/Artifactory/OSX/cmake/3.20.3/2594509/bin:/usr/local/bin:/bin:/usr/sbin:/sbin:/usr/bin
[2022-06-29T16:38:59.187Z]     
[2022-06-29T16:38:59.187Z]         Building with settings:
[2022-06-29T16:38:59.187Z]           Source directory          /local/S/jenkins/workspace/ECP/ecg-maya-usd/ecg-mayausd-branch-preflight-2020-osx/ecg-maya-usd/maya-usd
[2022-06-29T16:38:59.187Z]           Workspace directory       /local/S/jenkins/workspace/ECP/ecg-maya-usd/ecg-mayausd-branch-preflight-2020-osx
[2022-06-29T16:38:59.187Z]           Build directory           /local/S/jenkins/workspace/ECP/ecg-maya-usd/ecg-mayausd-branch-preflight-2020-osx/build/RelWithDebInfo
[2022-06-29T16:38:59.187Z]           Install directory         /local/S/jenkins/workspace/ECP/ecg-maya-usd/ecg-mayausd-branch-preflight-2020-osx/install/RelWithDebInfo/MayaUSD
[2022-06-29T16:38:59.187Z]           Variant                   RelWithDebInfo
[2022-06-29T16:38:59.187Z]           Python Debug              Off
[2022-06-29T16:38:59.187Z]           CMake generator           Ninja
[2022-06-29T16:38:59.187Z]           Build arguments           ['-DCMAKE_MAKE_PROGRAM=/local/S/jenkins/workspace/shared/Artifactory/OSX/ninja/1.9.0/41005eb/ninja', '-DPYTHON_INCLUDE_DIR=/local/S/jenkins/workspace/shared/Artifactory/OSX/rundev-2020/202107140359/runtime/446214e/runTime/Maya.app/Contents/Frameworks/Python.framework/Versions/Current/include/python2.7', '-DPython_EXECUTABLE=/local/S/jenkins/workspace/shared/Artifactory/OSX/rundev-2020/202107140359/runtime/446214e/runTime/Maya.app/Contents/bin/mayapy', '-DPYTHON_LIBRARIES=/local/S/jenkins/workspace/shared/Artifactory/OSX/rundev-2020/202107140359/runtime/446214e/runTime/Maya.app/Contents/Frameworks/Python.framework/Versions/Current/lib/libpython2.7.dylib', '-DUSD_LIB_PREFIX=lib', '-DCMAKE_WANT_MATERIALX_BUILD=ON', '-DCMAKE_PREFIX_PATH=/local/S/jenkins/workspace/shared/Artifactory/OSX/USD/73ca68d']
[2022-06-29T16:38:59.187Z]           Stages arguments          ['clean']
[2022-06-29T16:38:59.481Z]           CTest arguments           ['-E testUsdReferenceAssemblySelection|testUsdMayaAppDir', '-LE interactive', '--parallel 4']
[2022-06-29T16:38:59.481Z]     Success MayaUSD build and install !!!!
[2022-06-29T16:38:59.481Z]     Elapsed time: 00:00:00
[Pipeline] }
[Pipeline] // withEnv
[Pipeline] }
[Pipeline] // timeout
[Pipeline] }
[Pipeline] // stage
[Pipeline] }
[Pipeline] // timestamps
[Pipeline] timestamps
[Pipeline] {
[Pipeline] stage
[Pipeline] { (Configure)
[Pipeline] timeout
[2022-06-29T16:39:00.223Z] Timeout set to expire in 6 hr 0 min
[Pipeline] {
[Pipeline] withEnv
[Pipeline] {
[Pipeline] sh
[2022-06-29T16:39:03.646Z] + python ecg-maya-usd/build.py --stages=configure --workspace-dir=/local/S/jenkins/workspace/ECP/ecg-maya-usd/ecg-mayausd-branch-preflight-2020-osx --artifactory-dir=/local/S/jenkins/workspace/shared/Artifactory --build-dir=/local/S/jenkins/workspace/ECP/ecg-maya-usd/ecg-mayausd-branch-preflight-2020-osx/build --install-dir=/local/S/jenkins/workspace/ECP/ecg-maya-usd/ecg-mayausd-branch-preflight-2020-osx/install --signing-dir=/local/S/jenkins/workspace/ECP/ecg-maya-usd/ecg-mayausd-branch-preflight-2020-osx/signing --package-dir=/local/S/jenkins/workspace/ECP/ecg-maya-usd/ecg-mayausd-branch-preflight-2020-osx/package --output-dir=/local/S/jenkins/workspace/ECP/ecg-maya-usd/ecg-mayausd-branch-preflight-2020-osx/output --stash-dir=/local/S/jenkins/workspace/ECP/ecg-maya-usd/ecg-mayausd-branch-preflight-2020-osx/stash --jenkins-build=67 --git-commit=0c766b3a11068dfbde0e72e125f3581aec5975f5 --git-branch=master --variants=RelWithDebInfo --python=2.7 --post-zips=false --maya-cut-config=maya-rundev-2020.yaml --maya-package=rundev-2020 --stage-banner
[2022-06-29T16:39:03.646Z] Using Maya cut from /local/S/jenkins/workspace/shared/Artifactory/OSX/rundev-2020/202107140359/runtime/446214e
[2022-06-29T16:39:03.646Z] Using Maya ADSK Signatures from /local/S/jenkins/workspace/shared/Artifactory/OSX/adsk-plugin-signatures-maya/2023/c1dbfce
[2022-06-29T16:39:03.646Z] Using Maya Security Library from /local/S/jenkins/workspace/shared/Artifactory/OSX/maya-security-library/3.1.0/5f2130f
[2022-06-29T16:39:03.646Z] 
[2022-06-29T16:39:03.646Z] ================================================================================
[2022-06-29T16:39:03.646Z]                            configure (RelWithDebInfo)
[2022-06-29T16:39:03.646Z] ================================================================================
[2022-06-29T16:39:03.646Z] Maya Python RelWithDebInfo Info:
[2022-06-29T16:39:03.646Z]   mayapy executable   = /local/S/jenkins/workspace/shared/Artifactory/OSX/rundev-2020/202107140359/runtime/446214e/runTime/Maya.app/Contents/bin/mayapy
[2022-06-29T16:39:03.646Z]   Include Folder      = /local/S/jenkins/workspace/shared/Artifactory/OSX/rundev-2020/202107140359/runtime/446214e/runTime/Maya.app/Contents/Frameworks/Python.framework/Versions/Current/include/python2.7
[2022-06-29T16:39:03.646Z]   Library             = /local/S/jenkins/workspace/shared/Artifactory/OSX/rundev-2020/202107140359/runtime/446214e/runTime/Maya.app/Contents/Frameworks/Python.framework/Versions/Current/lib/libpython2.7.dylib
[2022-06-29T16:39:03.646Z]   site-package Folder = /local/S/jenkins/workspace/shared/Artifactory/OSX/rundev-2020/202107140359/runtime/446214e/runTime/Maya.app/Contents/Frameworks/Python.framework/Versions/Current/lib/python2.7/site-packages
[2022-06-29T16:39:04.284Z] In workdir: /local/S/jenkins/workspace/ECP/ecg-maya-usd/ecg-mayausd-branch-preflight-2020-osx/ecg-maya-usd/maya-usd
[2022-06-29T16:39:04.284Z] Executing: /local/S/jenkins/workspace/shared/Artifactory/OSX/rundev-2020/202107140359/runtime/446214e/runTime/Maya.app/Contents/bin/mayapy /local/S/jenkins/workspace/ECP/ecg-maya-usd/ecg-mayausd-branch-preflight-2020-osx/ecg-maya-usd/maya-usd/build.py --generator Ninja --build-relwithdebug --maya-location /local/S/jenkins/workspace/shared/Artifactory/OSX/rundev-2020/202107140359/runtime/446214e/runTime --devkit-location /local/S/jenkins/workspace/shared/Artifactory/OSX/rundev-2020/202107140359/runtime/446214e/devkitBase --pxrusd-location /local/S/jenkins/workspace/shared/Artifactory/OSX/USD/73ca68d --qt-location /local/S/jenkins/workspace/shared/Artifactory/OSX/qt/5.12.5/3ca78fe --build-args=-DCMAKE_MAKE_PROGRAM=/local/S/jenkins/workspace/shared/Artifactory/OSX/ninja/1.9.0/41005eb/ninja,-DPYTHON_INCLUDE_DIR=/local/S/jenkins/workspace/shared/Artifactory/OSX/rundev-2020/202107140359/runtime/446214e/runTime/Maya.app/Contents/Frameworks/Python.framework/Versions/Current/include/python2.7,-DPython_EXECUTABLE=/local/S/jenkins/workspace/shared/Artifactory/OSX/rundev-2020/202107140359/runtime/446214e/runTime/Maya.app/Contents/bin/mayapy,-DPYTHON_LIBRARIES=/local/S/jenkins/workspace/shared/Artifactory/OSX/rundev-2020/202107140359/runtime/446214e/runTime/Maya.app/Contents/Frameworks/Python.framework/Versions/Current/lib/libpython2.7.dylib,-DUSD_LIB_PREFIX=lib,-DCMAKE_WANT_MATERIALX_BUILD=ON,-DCMAKE_PREFIX_PATH=/local/S/jenkins/workspace/shared/Artifactory/OSX/USD/73ca68d '--ctest-args=-E testUsdReferenceAssemblySelection|testUsdMayaAppDir,-LE interactive,--parallel 4' --stages=configure --redirect-outstream-file=False --install-location /local/S/jenkins/workspace/ECP/ecg-maya-usd/ecg-mayausd-branch-preflight-2020-osx/install/RelWithDebInfo/MayaUSD /local/S/jenkins/workspace/ECP/ecg-maya-usd/ecg-mayausd-branch-preflight-2020-osx
[2022-06-29T16:39:04.284Z] Modified environment variables:
[2022-06-29T16:39:04.284Z]     PATH=/local/S/jenkins/workspace/shared/Artifactory/OSX/cmake/3.20.3/2594509/bin:/usr/local/bin:/bin:/usr/sbin:/sbin:/usr/bin
[2022-06-29T16:39:04.947Z]     -- The C compiler identification is AppleClang 10.0.1.10010046
[2022-06-29T16:39:04.947Z]     -- The CXX compiler identification is AppleClang 10.0.1.10010046
[2022-06-29T16:39:04.947Z]     -- Detecting C compiler ABI info
[2022-06-29T16:39:04.947Z]     -- Detecting C compiler ABI info - done
[2022-06-29T16:39:04.947Z]     -- Check for working C compiler: /Applications/Xcode.app/Contents/Developer/Toolchains/XcodeDefault.xctoolchain/usr/bin/cc - skipped
[2022-06-29T16:39:04.947Z]     -- Detecting C compile features
[2022-06-29T16:39:04.947Z]     -- Detecting C compile features - done
[2022-06-29T16:39:04.947Z]     -- Detecting CXX compiler ABI info
[2022-06-29T16:39:04.947Z]     -- Detecting CXX compiler ABI info - done
[2022-06-29T16:39:04.947Z]     -- Check for working CXX compiler: /Applications/Xcode.app/Contents/Developer/Toolchains/XcodeDefault.xctoolchain/usr/bin/c++ - skipped
[2022-06-29T16:39:04.947Z]     -- Detecting CXX compile features
[2022-06-29T16:39:04.947Z]     -- Detecting CXX compile features - done
[2022-06-29T16:39:05.587Z]     -- Using Maya Light API Version 1
[2022-06-29T16:39:05.587Z]     -- Maya array iterator has difference_type trait
[2022-06-29T16:39:05.587Z]     -- Found Maya: /local/S/jenkins/workspace/shared/Artifactory/OSX/rundev-2020/202107140359/runtime/446214e/runTime/maya.app/Contents/MacOS/Maya (found suitable version "2020", minimum required is "2018")
[2022-06-29T16:39:05.587Z]     -- Found Python: /local/S/jenkins/workspace/shared/Artifactory/OSX/rundev-2020/202107140359/runtime/446214e/runTime/Maya.app/Contents/bin/mayapy (found suitable exact version "2.7.15") found components: Interpreter
[2022-06-29T16:39:05.587Z]     -- Build MayaUSD with Python3 = OFF
[2022-06-29T16:39:05.587Z]     --    PYTHON_INCLUDE_DIRS = /local/S/jenkins/workspace/shared/Artifactory/OSX/rundev-2020/202107140359/runtime/446214e/runTime/Maya.app/Contents/Frameworks/Python.framework/Versions/Current/include/python2.7
[2022-06-29T16:39:05.587Z]     --    PYTHON_LIBRARIES    = /local/S/jenkins/workspace/shared/Artifactory/OSX/rundev-2020/202107140359/runtime/446214e/runTime/Maya.app/Contents/Frameworks/Python.framework/Versions/Current/lib/libpython2.7.dylib
[2022-06-29T16:39:05.587Z]     --    Python_EXECUTABLE   = /local/S/jenkins/workspace/shared/Artifactory/OSX/rundev-2020/202107140359/runtime/446214e/runTime/Maya.app/Contents/bin/mayapy
[2022-06-29T16:39:05.587Z]     -- USD include dir: /local/S/jenkins/workspace/shared/Artifactory/OSX/USD/73ca68d/include
[2022-06-29T16:39:05.587Z]     -- USD library dir: /local/S/jenkins/workspace/shared/Artifactory/OSX/USD/73ca68d/lib
[2022-06-29T16:39:05.587Z]     -- USD version: 0.21.11
[2022-06-29T16:39:05.587Z]     -- Found USD: /local/S/jenkins/workspace/shared/Artifactory/OSX/USD/73ca68d (found suitable version "0.21.11", minimum required is "0.20.05")
[2022-06-29T16:39:05.587Z]     Updated PYTHONPATH: /local/S/jenkins/workspace/shared/Artifactory/OSX/USD/73ca68d/lib/python
[2022-06-29T16:39:07.160Z]     -- UFE include dir: /local/S/jenkins/workspace/shared/Artifactory/OSX/rundev-2020/202107140359/runtime/446214e/devkitBase/devkit/ufe/include
[2022-06-29T16:39:07.160Z]     -- UFE library: /local/S/jenkins/workspace/shared/Artifactory/OSX/rundev-2020/202107140359/runtime/446214e/devkitBase/devkit/ufe/lib/libufe_1.dylib
[2022-06-29T16:39:07.160Z]     -- UFE version: 1.0.0
[2022-06-29T16:39:07.160Z]     -- Building with UFE 1.0.0 features enabled.
[2022-06-29T16:39:07.160Z]     CMake Warning at CMakeLists.txt:150 (message):
[2022-06-29T16:39:07.160Z]       Disabling MaterialX VP2 rendering: it is not supported by this version of
[2022-06-29T16:39:07.160Z]       Maya.
[2022-06-29T16:39:07.160Z]     
[2022-06-29T16:39:07.160Z]     
[2022-06-29T16:39:07.160Z]     -- Found MaterialX
[2022-06-29T16:39:07.160Z]     -- Building with Qt features enabled.
[2022-06-29T16:39:07.160Z]     -- **** Building Gulrak From Github Repository.
[2022-06-29T16:39:07.160Z]     -- Populating gulrak
[2022-06-29T16:39:07.160Z]     -- Configuring done
[2022-06-29T16:39:07.160Z]     -- Generating done
[2022-06-29T16:39:07.160Z]     -- Build files have been written to: /local/S/jenkins/workspace/ECP/ecg-maya-usd/ecg-mayausd-branch-preflight-2020-osx/build/RelWithDebInfo/_deps/gulrak-subbuild
[2022-06-29T16:39:07.160Z]     [1/9] Creating directories for 'gulrak-populate'
[2022-06-29T16:39:07.160Z]     [1/9] Performing download step (git clone) for 'gulrak-populate'
[2022-06-29T16:39:07.160Z]     Cloning into 'gulrak-src'...
[2022-06-29T16:39:07.799Z]     HEAD is now at 4e21ab3 Version bump and updated readme.
[2022-06-29T16:39:07.799Z]     [2/9] Performing update step for 'gulrak-populate'
[2022-06-29T16:39:07.799Z]     [4/9] No patch step for 'gulrak-populate'
[2022-06-29T16:39:07.799Z]     [5/9] No configure step for 'gulrak-populate'
[2022-06-29T16:39:07.799Z]     [6/9] No build step for 'gulrak-populate'
[2022-06-29T16:39:07.799Z]     [7/9] No install step for 'gulrak-populate'
[2022-06-29T16:39:07.799Z]     [8/9] No test step for 'gulrak-populate'
[2022-06-29T16:39:07.799Z]     [9/9] Completed 'gulrak-populate'
[2022-06-29T16:39:07.799Z]     -- ========== Installing GoogleTest... ==========
[2022-06-29T16:39:08.439Z]     -- Configuring done
[2022-06-29T16:39:08.439Z]     -- Generating done
[2022-06-29T16:39:08.439Z]     -- Build files have been written to: /local/S/jenkins/workspace/ECP/ecg-maya-usd/ecg-mayausd-branch-preflight-2020-osx/build/RelWithDebInfo/googletest-config
[2022-06-29T16:39:08.439Z]     [1/8] Creating directories for 'googletest'
[2022-06-29T16:39:10.533Z]     [2/8] Performing download step (git clone) for 'googletest'
[2022-06-29T16:39:10.533Z]     Cloning into 'googletest-src'...
[2022-06-29T16:39:10.533Z]     HEAD is now at 703bd9ca Googletest export
[2022-06-29T16:39:10.533Z]     [3/8] Performing update step for 'googletest'
[2022-06-29T16:39:10.533Z]     [4/8] No patch step for 'googletest'
[2022-06-29T16:39:11.880Z]     [5/8] Performing configure step for 'googletest'
[2022-06-29T16:39:11.880Z]     CMake Deprecation Warning at CMakeLists.txt:4 (cmake_minimum_required):
[2022-06-29T16:39:11.880Z]       Compatibility with CMake < 2.8.12 will be removed from a future version of
[2022-06-29T16:39:11.880Z]       CMake.
[2022-06-29T16:39:11.880Z]     
[2022-06-29T16:39:11.880Z]       Update the VERSION argument <min> value or use a ...<max> suffix to tell
[2022-06-29T16:39:11.880Z]       CMake that the project does not need compatibility with older versions.
[2022-06-29T16:39:11.880Z]     
[2022-06-29T16:39:11.880Z]     
[2022-06-29T16:39:11.880Z]     -- The C compiler identification is AppleClang 10.0.1.10010046
[2022-06-29T16:39:11.880Z]     -- The CXX compiler identification is AppleClang 10.0.1.10010046
[2022-06-29T16:39:11.880Z]     -- Detecting C compiler ABI info
[2022-06-29T16:39:11.880Z]     -- Detecting C compiler ABI info - done
[2022-06-29T16:39:11.880Z]     -- Check for working C compiler: /Applications/Xcode.app/Contents/Developer/Toolchains/XcodeDefault.xctoolchain/usr/bin/cc - skipped
[2022-06-29T16:39:11.880Z]     -- Detecting C compile features
[2022-06-29T16:39:11.880Z]     -- Detecting C compile features - done
[2022-06-29T16:39:11.880Z]     -- Detecting CXX compiler ABI info
[2022-06-29T16:39:11.880Z]     -- Detecting CXX compiler ABI info - done
[2022-06-29T16:39:11.880Z]     -- Check for working CXX compiler: /Applications/Xcode.app/Contents/Developer/Toolchains/XcodeDefault.xctoolchain/usr/bin/c++ - skipped
[2022-06-29T16:39:11.880Z]     -- Detecting CXX compile features
[2022-06-29T16:39:11.880Z]     -- Detecting CXX compile features - done
[2022-06-29T16:39:11.880Z]     CMake Deprecation Warning at googletest/CMakeLists.txt:56 (cmake_minimum_required):
[2022-06-29T16:39:11.880Z]       Compatibility with CMake < 2.8.12 will be removed from a future version of
[2022-06-29T16:39:11.880Z]       CMake.
[2022-06-29T16:39:11.880Z]     
[2022-06-29T16:39:11.880Z]       Update the VERSION argument <min> value or use a ...<max> suffix to tell
[2022-06-29T16:39:11.880Z]       CMake that the project does not need compatibility with older versions.
[2022-06-29T16:39:11.880Z]     
[2022-06-29T16:39:11.880Z]     
[2022-06-29T16:39:11.880Z]     -- Found PythonInterp: /usr/local/bin/python (found version "2.7.15")
[2022-06-29T16:39:11.880Z]     -- Looking for pthread.h
[2022-06-29T16:39:11.880Z]     -- Looking for pthread.h - found
[2022-06-29T16:39:11.880Z]     -- Performing Test CMAKE_HAVE_LIBC_PTHREAD
[2022-06-29T16:39:11.880Z]     -- Performing Test CMAKE_HAVE_LIBC_PTHREAD - Success
[2022-06-29T16:39:11.880Z]     -- Found Threads: TRUE
[2022-06-29T16:39:11.880Z]     -- Configuring done
[2022-06-29T16:39:11.880Z]     -- Generating done
[2022-06-29T16:39:11.880Z]     -- Build files have been written to: /local/S/jenkins/workspace/ECP/ecg-maya-usd/ecg-mayausd-branch-preflight-2020-osx/build/RelWithDebInfo/googletest-build
[2022-06-29T16:39:18.114Z]     [6/8] Performing build step for 'googletest'
[2022-06-29T16:39:18.114Z]     [1/4] Building CXX object googletest/CMakeFiles/gtest_main.dir/src/gtest_main.cc.o
[2022-06-29T16:39:18.114Z]     [2/4] Building CXX object googletest/CMakeFiles/gtest.dir/src/gtest-all.cc.o
[2022-06-29T16:39:18.114Z]     [3/4] Linking CXX shared library lib/libgtest.dylib
[2022-06-29T16:39:18.114Z]     [4/4] Linking CXX shared library lib/libgtest_main.dylib
[2022-06-29T16:39:18.114Z]     [7/8] Performing install step for 'googletest'
[2022-06-29T16:39:18.114Z]     [0/1] Install the project...
[2022-06-29T16:39:18.114Z]     -- Install configuration: "RelWithDebInfo"
[2022-06-29T16:39:18.114Z]     -- Installing: /local/S/jenkins/workspace/ECP/ecg-maya-usd/ecg-mayausd-branch-preflight-2020-osx/build/RelWithDebInfo/googletest-install/lib/cmake/GTest/GTestTargets.cmake
[2022-06-29T16:39:18.114Z]     -- Installing: /local/S/jenkins/workspace/ECP/ecg-maya-usd/ecg-mayausd-branch-preflight-2020-osx/build/RelWithDebInfo/googletest-install/lib/cmake/GTest/GTestTargets-relwithdebinfo.cmake
[2022-06-29T16:39:18.114Z]     -- Installing: /local/S/jenkins/workspace/ECP/ecg-maya-usd/ecg-mayausd-branch-preflight-2020-osx/build/RelWithDebInfo/googletest-install/lib/cmake/GTest/GTestConfigVersion.cmake
[2022-06-29T16:39:18.114Z]     -- Installing: /local/S/jenkins/workspace/ECP/ecg-maya-usd/ecg-mayausd-branch-preflight-2020-osx/build/RelWithDebInfo/googletest-install/lib/cmake/GTest/GTestConfig.cmake
[2022-06-29T16:39:18.114Z]     -- Installing: /local/S/jenkins/workspace/ECP/ecg-maya-usd/ecg-mayausd-branch-preflight-2020-osx/build/RelWithDebInfo/googletest-install/include
[2022-06-29T16:39:18.114Z]     -- Installing: /local/S/jenkins/workspace/ECP/ecg-maya-usd/ecg-mayausd-branch-preflight-2020-osx/build/RelWithDebInfo/googletest-install/include/gtest
[2022-06-29T16:39:18.114Z]     -- Installing: /local/S/jenkins/workspace/ECP/ecg-maya-usd/ecg-mayausd-branch-preflight-2020-osx/build/RelWithDebInfo/googletest-install/include/gtest/gtest-death-test.h
[2022-06-29T16:39:18.114Z]     -- Installing: /local/S/jenkins/workspace/ECP/ecg-maya-usd/ecg-mayausd-branch-preflight-2020-osx/build/RelWithDebInfo/googletest-install/include/gtest/gtest-matchers.h
[2022-06-29T16:39:18.114Z]     -- Installing: /local/S/jenkins/workspace/ECP/ecg-maya-usd/ecg-mayausd-branch-preflight-2020-osx/build/RelWithDebInfo/googletest-install/include/gtest/gtest-message.h
[2022-06-29T16:39:18.114Z]     -- Installing: /local/S/jenkins/workspace/ECP/ecg-maya-usd/ecg-mayausd-branch-preflight-2020-osx/build/RelWithDebInfo/googletest-install/include/gtest/gtest-param-test.h
[2022-06-29T16:39:18.114Z]     -- Installing: /local/S/jenkins/workspace/ECP/ecg-maya-usd/ecg-mayausd-branch-preflight-2020-osx/build/RelWithDebInfo/googletest-install/include/gtest/gtest-printers.h
[2022-06-29T16:39:18.114Z]     -- Installing: /local/S/jenkins/workspace/ECP/ecg-maya-usd/ecg-mayausd-branch-preflight-2020-osx/build/RelWithDebInfo/googletest-install/include/gtest/gtest-spi.h
[2022-06-29T16:39:18.114Z]     -- Installing: /local/S/jenkins/workspace/ECP/ecg-maya-usd/ecg-mayausd-branch-preflight-2020-osx/build/RelWithDebInfo/googletest-install/include/gtest/gtest-test-part.h
[2022-06-29T16:39:18.114Z]     -- Installing: /local/S/jenkins/workspace/ECP/ecg-maya-usd/ecg-mayausd-branch-preflight-2020-osx/build/RelWithDebInfo/googletest-install/include/gtest/gtest-typed-test.h
[2022-06-29T16:39:18.114Z]     -- Installing: /local/S/jenkins/workspace/ECP/ecg-maya-usd/ecg-mayausd-branch-preflight-2020-osx/build/RelWithDebInfo/googletest-install/include/gtest/gtest.h
[2022-06-29T16:39:18.114Z]     -- Installing: /local/S/jenkins/workspace/ECP/ecg-maya-usd/ecg-mayausd-branch-preflight-2020-osx/build/RelWithDebInfo/googletest-install/include/gtest/gtest_pred_impl.h
[2022-06-29T16:39:18.114Z]     -- Installing: /local/S/jenkins/workspace/ECP/ecg-maya-usd/ecg-mayausd-branch-preflight-2020-osx/build/RelWithDebInfo/googletest-install/include/gtest/gtest_prod.h
[2022-06-29T16:39:18.114Z]     -- Installing: /local/S/jenkins/workspace/ECP/ecg-maya-usd/ecg-mayausd-branch-preflight-2020-osx/build/RelWithDebInfo/googletest-install/include/gtest/internal
[2022-06-29T16:39:18.114Z]     -- Installing: /local/S/jenkins/workspace/ECP/ecg-maya-usd/ecg-mayausd-branch-preflight-2020-osx/build/RelWithDebInfo/googletest-install/include/gtest/internal/custom
[2022-06-29T16:39:18.114Z]     -- Installing: /local/S/jenkins/workspace/ECP/ecg-maya-usd/ecg-mayausd-branch-preflight-2020-osx/build/RelWithDebInfo/googletest-install/include/gtest/internal/custom/gtest-port.h
[2022-06-29T16:39:18.114Z]     -- Installing: /local/S/jenkins/workspace/ECP/ecg-maya-usd/ecg-mayausd-branch-preflight-2020-osx/build/RelWithDebInfo/googletest-install/include/gtest/internal/custom/gtest-printers.h
[2022-06-29T16:39:18.114Z]     -- Installing: /local/S/jenkins/workspace/ECP/ecg-maya-usd/ecg-mayausd-branch-preflight-2020-osx/build/RelWithDebInfo/googletest-install/include/gtest/internal/custom/gtest.h
[2022-06-29T16:39:18.114Z]     -- Installing: /local/S/jenkins/workspace/ECP/ecg-maya-usd/ecg-mayausd-branch-preflight-2020-osx/build/RelWithDebInfo/googletest-install/include/gtest/internal/custom/README.md
[2022-06-29T16:39:18.114Z]     -- Installing: /local/S/jenkins/workspace/ECP/ecg-maya-usd/ecg-mayausd-branch-preflight-2020-osx/build/RelWithDebInfo/googletest-install/include/gtest/internal/gtest-death-test-internal.h
[2022-06-29T16:39:18.114Z]     -- Installing: /local/S/jenkins/workspace/ECP/ecg-maya-usd/ecg-mayausd-branch-preflight-2020-osx/build/RelWithDebInfo/googletest-install/include/gtest/internal/gtest-filepath.h
[2022-06-29T16:39:18.114Z]     -- Installing: /local/S/jenkins/workspace/ECP/ecg-maya-usd/ecg-mayausd-branch-preflight-2020-osx/build/RelWithDebInfo/googletest-install/include/gtest/internal/gtest-internal.h
[2022-06-29T16:39:18.114Z]     -- Installing: /local/S/jenkins/workspace/ECP/ecg-maya-usd/ecg-mayausd-branch-preflight-2020-osx/build/RelWithDebInfo/googletest-install/include/gtest/internal/gtest-param-util.h
[2022-06-29T16:39:18.114Z]     -- Installing: /local/S/jenkins/workspace/ECP/ecg-maya-usd/ecg-mayausd-branch-preflight-2020-osx/build/RelWithDebInfo/googletest-install/include/gtest/internal/gtest-port-arch.h
[2022-06-29T16:39:18.114Z]     -- Installing: /local/S/jenkins/workspace/ECP/ecg-maya-usd/ecg-mayausd-branch-preflight-2020-osx/build/RelWithDebInfo/googletest-install/include/gtest/internal/gtest-port.h
[2022-06-29T16:39:18.114Z]     -- Installing: /local/S/jenkins/workspace/ECP/ecg-maya-usd/ecg-mayausd-branch-preflight-2020-osx/build/RelWithDebInfo/googletest-install/include/gtest/internal/gtest-string.h
[2022-06-29T16:39:18.114Z]     -- Installing: /local/S/jenkins/workspace/ECP/ecg-maya-usd/ecg-mayausd-branch-preflight-2020-osx/build/RelWithDebInfo/googletest-install/include/gtest/internal/gtest-type-util.h
[2022-06-29T16:39:18.114Z]     -- Installing: /local/S/jenkins/workspace/ECP/ecg-maya-usd/ecg-mayausd-branch-preflight-2020-osx/build/RelWithDebInfo/googletest-install/include/gtest/internal/gtest-type-util.h.pump
[2022-06-29T16:39:18.114Z]     -- Installing: /local/S/jenkins/workspace/ECP/ecg-maya-usd/ecg-mayausd-branch-preflight-2020-osx/build/RelWithDebInfo/googletest-install/lib/libgtest.dylib
[2022-06-29T16:39:18.114Z]     -- Installing: /local/S/jenkins/workspace/ECP/ecg-maya-usd/ecg-mayausd-branch-preflight-2020-osx/build/RelWithDebInfo/googletest-install/lib/libgtest_main.dylib
[2022-06-29T16:39:18.114Z]     -- Installing: /local/S/jenkins/workspace/ECP/ecg-maya-usd/ecg-mayausd-branch-preflight-2020-osx/build/RelWithDebInfo/googletest-install/lib/pkgconfig/gtest.pc
[2022-06-29T16:39:18.114Z]     -- Installing: /local/S/jenkins/workspace/ECP/ecg-maya-usd/ecg-mayausd-branch-preflight-2020-osx/build/RelWithDebInfo/googletest-install/lib/pkgconfig/gtest_main.pc
[2022-06-29T16:39:18.114Z]     [8/8] Completed 'googletest'
[2022-06-29T16:39:18.114Z]     -- ========== ...  GoogleTest installed. ==========
[2022-06-29T16:39:18.114Z]     -- MAYA_HAS_DEFAULT_MATERIAL_API is FALSE
[2022-06-29T16:39:18.114Z]     -- MAYA_NEW_POINT_SNAPPING_SUPPORT is FALSE
[2022-06-29T16:39:18.114Z]     -- MAYA_HAS_CRASH_DETECTION is FALSE
[2022-06-29T16:39:18.114Z]     -- MAYA_CURRENT_UFE_CAMERA_SUPPORT is FALSE
[2022-06-29T16:39:18.114Z]     -- MAYA_MRENDERITEM_UFE_IDENTIFIER_SUPPORT is FALSE
[2022-06-29T16:39:18.114Z]     -- MAYA_UPDATE_UFE_IDENTIFIER_SUPPORT is FALSE
[2022-06-29T16:39:18.114Z]     -- MAYA_HAS_DISPLAY_STYLE_ALL_VIEWPORTS is FALSE
[2022-06-29T16:39:18.114Z]     -- MAYA_ARRAY_ITERATOR_DIFFERENCE_TYPE_SUPPORT is TRUE
[2022-06-29T16:39:18.114Z]     -- MAYA_HAS_GET_MEMBER_PATHS is FALSE
[2022-06-29T16:39:18.114Z]     -- MAYA_HAS_DISPLAY_LAYER_API is FALSE
[2022-06-29T16:39:18.114Z]     -- promoting: /local/S/jenkins/workspace/ECP/ecg-maya-usd/ecg-mayausd-branch-preflight-2020-osx/ecg-maya-usd/maya-usd/lib/mayaUsd/base/mayaUsd.h.src
[2022-06-29T16:39:18.114Z]     -- promoting: /local/S/jenkins/workspace/ECP/ecg-maya-usd/ecg-mayausd-branch-preflight-2020-osx/ecg-maya-usd/maya-usd/lib/mayaUsd/base/api.h
[2022-06-29T16:39:18.114Z]     -- promoting: /local/S/jenkins/workspace/ECP/ecg-maya-usd/ecg-mayausd-branch-preflight-2020-osx/ecg-maya-usd/maya-usd/lib/mayaUsd/base/debugCodes.h
[2022-06-29T16:39:18.114Z]     -- promoting: /local/S/jenkins/workspace/ECP/ecg-maya-usd/ecg-mayausd-branch-preflight-2020-osx/ecg-maya-usd/maya-usd/lib/mayaUsd/base/id.h
[2022-06-29T16:39:18.114Z]     -- promoting: /local/S/jenkins/workspace/ECP/ecg-maya-usd/ecg-mayausd-branch-preflight-2020-osx/ecg-maya-usd/maya-usd/lib/mayaUsd/base/syncId.h
[2022-06-29T16:39:18.114Z]     -- promoting: /local/S/jenkins/workspace/ECP/ecg-maya-usd/ecg-mayausd-branch-preflight-2020-osx/ecg-maya-usd/maya-usd/lib/mayaUsd/base/tokens.h
[2022-06-29T16:39:18.114Z]     -- promoting: /local/S/jenkins/workspace/ECP/ecg-maya-usd/ecg-mayausd-branch-preflight-2020-osx/ecg-maya-usd/maya-usd/lib/mayaUsd/commands/abstractLayerEditorWindow.h
[2022-06-29T16:39:18.114Z]     -- promoting: /local/S/jenkins/workspace/ECP/ecg-maya-usd/ecg-mayausd-branch-preflight-2020-osx/ecg-maya-usd/maya-usd/lib/mayaUsd/commands/baseExportCommand.h
[2022-06-29T16:39:18.114Z]     -- promoting: /local/S/jenkins/workspace/ECP/ecg-maya-usd/ecg-mayausd-branch-preflight-2020-osx/ecg-maya-usd/maya-usd/lib/mayaUsd/commands/baseImportCommand.h
[2022-06-29T16:39:18.114Z]     -- promoting: /local/S/jenkins/workspace/ECP/ecg-maya-usd/ecg-mayausd-branch-preflight-2020-osx/ecg-maya-usd/maya-usd/lib/mayaUsd/commands/baseListJobContextsCommand.h
[2022-06-29T16:39:18.114Z]     -- promoting: /local/S/jenkins/workspace/ECP/ecg-maya-usd/ecg-mayausd-branch-preflight-2020-osx/ecg-maya-usd/maya-usd/lib/mayaUsd/commands/baseListShadingModesCommand.h
[2022-06-29T16:39:18.114Z]     -- promoting: /local/S/jenkins/workspace/ECP/ecg-maya-usd/ecg-mayausd-branch-preflight-2020-osx/ecg-maya-usd/maya-usd/lib/mayaUsd/commands/editTargetCommand.h
[2022-06-29T16:39:18.114Z]     -- promoting: /local/S/jenkins/workspace/ECP/ecg-maya-usd/ecg-mayausd-branch-preflight-2020-osx/ecg-maya-usd/maya-usd/lib/mayaUsd/commands/layerEditorCommand.h
[2022-06-29T16:39:18.114Z]     -- promoting: /local/S/jenkins/workspace/ECP/ecg-maya-usd/ecg-mayausd-branch-preflight-2020-osx/ecg-maya-usd/maya-usd/lib/mayaUsd/commands/layerEditorWindowCommand.h
[2022-06-29T16:39:18.114Z]     -- promoting: /local/S/jenkins/workspace/ECP/ecg-maya-usd/ecg-mayausd-branch-preflight-2020-osx/ecg-maya-usd/maya-usd/lib/mayaUsd/fileio/fallbackPrimReader.h
[2022-06-29T16:39:18.114Z]     -- promoting: /local/S/jenkins/workspace/ECP/ecg-maya-usd/ecg-mayausd-branch-preflight-2020-osx/ecg-maya-usd/maya-usd/lib/mayaUsd/fileio/functorPrimReader.h
[2022-06-29T16:39:18.114Z]     -- promoting: /local/S/jenkins/workspace/ECP/ecg-maya-usd/ecg-mayausd-branch-preflight-2020-osx/ecg-maya-usd/maya-usd/lib/mayaUsd/fileio/functorPrimWriter.h
[2022-06-29T16:39:18.114Z]     -- promoting: /local/S/jenkins/workspace/ECP/ecg-maya-usd/ecg-mayausd-branch-preflight-2020-osx/ecg-maya-usd/maya-usd/lib/mayaUsd/fileio/importData.h
[2022-06-29T16:39:18.114Z]     -- promoting: /local/S/jenkins/workspace/ECP/ecg-maya-usd/ecg-mayausd-branch-preflight-2020-osx/ecg-maya-usd/maya-usd/lib/mayaUsd/fileio/instancedNodeWriter.h
[2022-06-29T16:39:18.114Z]     -- promoting: /local/S/jenkins/workspace/ECP/ecg-maya-usd/ecg-mayausd-branch-preflight-2020-osx/ecg-maya-usd/maya-usd/lib/mayaUsd/fileio/jobContextRegistry.h
[2022-06-29T16:39:18.114Z]     -- promoting: /local/S/jenkins/workspace/ECP/ecg-maya-usd/ecg-mayausd-branch-preflight-2020-osx/ecg-maya-usd/maya-usd/lib/mayaUsd/fileio/primReader.h
[2022-06-29T16:39:18.114Z]     -- promoting: /local/S/jenkins/workspace/ECP/ecg-maya-usd/ecg-mayausd-branch-preflight-2020-osx/ecg-maya-usd/maya-usd/lib/mayaUsd/fileio/primReaderArgs.h
[2022-06-29T16:39:18.114Z]     -- promoting: /local/S/jenkins/workspace/ECP/ecg-maya-usd/ecg-mayausd-branch-preflight-2020-osx/ecg-maya-usd/maya-usd/lib/mayaUsd/fileio/primReaderContext.h
[2022-06-29T16:39:18.114Z]     -- promoting: /local/S/jenkins/workspace/ECP/ecg-maya-usd/ecg-mayausd-branch-preflight-2020-osx/ecg-maya-usd/maya-usd/lib/mayaUsd/fileio/primReaderRegistry.h
[2022-06-29T16:39:18.114Z]     -- promoting: /local/S/jenkins/workspace/ECP/ecg-maya-usd/ecg-mayausd-branch-preflight-2020-osx/ecg-maya-usd/maya-usd/lib/mayaUsd/fileio/primWriter.h
[2022-06-29T16:39:18.114Z]     -- promoting: /local/S/jenkins/workspace/ECP/ecg-maya-usd/ecg-mayausd-branch-preflight-2020-osx/ecg-maya-usd/maya-usd/lib/mayaUsd/fileio/primWriterArgs.h
[2022-06-29T16:39:18.114Z]     -- promoting: /local/S/jenkins/workspace/ECP/ecg-maya-usd/ecg-mayausd-branch-preflight-2020-osx/ecg-maya-usd/maya-usd/lib/mayaUsd/fileio/primWriterContext.h
[2022-06-29T16:39:18.114Z]     -- promoting: /local/S/jenkins/workspace/ECP/ecg-maya-usd/ecg-mayausd-branch-preflight-2020-osx/ecg-maya-usd/maya-usd/lib/mayaUsd/fileio/primWriterRegistry.h
[2022-06-29T16:39:18.114Z]     -- promoting: /local/S/jenkins/workspace/ECP/ecg-maya-usd/ecg-mayausd-branch-preflight-2020-osx/ecg-maya-usd/maya-usd/lib/mayaUsd/fileio/registryHelper.h
[2022-06-29T16:39:18.114Z]     -- promoting: /local/S/jenkins/workspace/ECP/ecg-maya-usd/ecg-mayausd-branch-preflight-2020-osx/ecg-maya-usd/maya-usd/lib/mayaUsd/fileio/schemaApiAdaptor.h
[2022-06-29T16:39:18.114Z]     -- promoting: /local/S/jenkins/workspace/ECP/ecg-maya-usd/ecg-mayausd-branch-preflight-2020-osx/ecg-maya-usd/maya-usd/lib/mayaUsd/fileio/schemaApiAdaptorRegistry.h
[2022-06-29T16:39:18.114Z]     -- promoting: /local/S/jenkins/workspace/ECP/ecg-maya-usd/ecg-mayausd-branch-preflight-2020-osx/ecg-maya-usd/maya-usd/lib/mayaUsd/fileio/shaderReader.h
[2022-06-29T16:39:18.114Z]     -- promoting: /local/S/jenkins/workspace/ECP/ecg-maya-usd/ecg-mayausd-branch-preflight-2020-osx/ecg-maya-usd/maya-usd/lib/mayaUsd/fileio/shaderReaderRegistry.h
[2022-06-29T16:39:18.114Z]     -- promoting: /local/S/jenkins/workspace/ECP/ecg-maya-usd/ecg-mayausd-branch-preflight-2020-osx/ecg-maya-usd/maya-usd/lib/mayaUsd/fileio/shaderWriter.h
[2022-06-29T16:39:18.114Z]     -- promoting: /local/S/jenkins/workspace/ECP/ecg-maya-usd/ecg-mayausd-branch-preflight-2020-osx/ecg-maya-usd/maya-usd/lib/mayaUsd/fileio/shaderWriterRegistry.h
[2022-06-29T16:39:18.114Z]     -- promoting: /local/S/jenkins/workspace/ECP/ecg-maya-usd/ecg-mayausd-branch-preflight-2020-osx/ecg-maya-usd/maya-usd/lib/mayaUsd/fileio/transformWriter.h
[2022-06-29T16:39:18.114Z]     -- promoting: /local/S/jenkins/workspace/ECP/ecg-maya-usd/ecg-mayausd-branch-preflight-2020-osx/ecg-maya-usd/maya-usd/lib/mayaUsd/fileio/writeJobContext.h
[2022-06-29T16:39:18.114Z]     -- promoting: /local/S/jenkins/workspace/ECP/ecg-maya-usd/ecg-mayausd-branch-preflight-2020-osx/ecg-maya-usd/maya-usd/lib/mayaUsd/fileio/chaser/exportChaser.h
[2022-06-29T16:39:18.114Z]     -- promoting: /local/S/jenkins/workspace/ECP/ecg-maya-usd/ecg-mayausd-branch-preflight-2020-osx/ecg-maya-usd/maya-usd/lib/mayaUsd/fileio/chaser/exportChaserRegistry.h
[2022-06-29T16:39:18.114Z]     -- promoting: /local/S/jenkins/workspace/ECP/ecg-maya-usd/ecg-mayausd-branch-preflight-2020-osx/ecg-maya-usd/maya-usd/lib/mayaUsd/fileio/chaser/importChaserRegistry.h
[2022-06-29T16:39:18.114Z]     -- promoting: /local/S/jenkins/workspace/ECP/ecg-maya-usd/ecg-mayausd-branch-preflight-2020-osx/ecg-maya-usd/maya-usd/lib/mayaUsd/fileio/chaser/importChaser.h
[2022-06-29T16:39:18.114Z]     -- promoting: /local/S/jenkins/workspace/ECP/ecg-maya-usd/ecg-mayausd-branch-preflight-2020-osx/ecg-maya-usd/maya-usd/lib/mayaUsd/fileio/jobs/jobArgs.h
[2022-06-29T16:39:18.114Z]     -- promoting: /local/S/jenkins/workspace/ECP/ecg-maya-usd/ecg-mayausd-branch-preflight-2020-osx/ecg-maya-usd/maya-usd/lib/mayaUsd/fileio/jobs/meshDataReadJob.h
[2022-06-29T16:39:18.114Z]     -- promoting: /local/S/jenkins/workspace/ECP/ecg-maya-usd/ecg-mayausd-branch-preflight-2020-osx/ecg-maya-usd/maya-usd/lib/mayaUsd/fileio/jobs/modelKindProcessor.h
[2022-06-29T16:39:18.114Z]     -- promoting: /local/S/jenkins/workspace/ECP/ecg-maya-usd/ecg-mayausd-branch-preflight-2020-osx/ecg-maya-usd/maya-usd/lib/mayaUsd/fileio/jobs/readJob.h
[2022-06-29T16:39:18.114Z]     -- promoting: /local/S/jenkins/workspace/ECP/ecg-maya-usd/ecg-mayausd-branch-preflight-2020-osx/ecg-maya-usd/maya-usd/lib/mayaUsd/fileio/jobs/writeJob.h
[2022-06-29T16:39:18.114Z]     -- promoting: /local/S/jenkins/workspace/ECP/ecg-maya-usd/ecg-mayausd-branch-preflight-2020-osx/ecg-maya-usd/maya-usd/lib/mayaUsd/fileio/shading/rfmShaderMap.h
[2022-06-29T16:39:18.114Z]     -- promoting: /local/S/jenkins/workspace/ECP/ecg-maya-usd/ecg-mayausd-branch-preflight-2020-osx/ecg-maya-usd/maya-usd/lib/mayaUsd/fileio/shading/shadingModeExporter.h
[2022-06-29T16:39:18.114Z]     -- promoting: /local/S/jenkins/workspace/ECP/ecg-maya-usd/ecg-mayausd-branch-preflight-2020-osx/ecg-maya-usd/maya-usd/lib/mayaUsd/fileio/shading/shadingModeExporterContext.h
[2022-06-29T16:39:18.114Z]     -- promoting: /local/S/jenkins/workspace/ECP/ecg-maya-usd/ecg-mayausd-branch-preflight-2020-osx/ecg-maya-usd/maya-usd/lib/mayaUsd/fileio/shading/shadingModeImporter.h
[2022-06-29T16:39:18.114Z]     -- promoting: /local/S/jenkins/workspace/ECP/ecg-maya-usd/ecg-mayausd-branch-preflight-2020-osx/ecg-maya-usd/maya-usd/lib/mayaUsd/fileio/shading/shadingModeRegistry.h
[2022-06-29T16:39:18.114Z]     -- promoting: /local/S/jenkins/workspace/ECP/ecg-maya-usd/ecg-mayausd-branch-preflight-2020-osx/ecg-maya-usd/maya-usd/lib/mayaUsd/fileio/shading/symmetricShaderReader.h
[2022-06-29T16:39:18.115Z]     -- promoting: /local/S/jenkins/workspace/ECP/ecg-maya-usd/ecg-mayausd-branch-preflight-2020-osx/ecg-maya-usd/maya-usd/lib/mayaUsd/fileio/shading/symmetricShaderWriter.h
[2022-06-29T16:39:18.115Z]     -- promoting: /local/S/jenkins/workspace/ECP/ecg-maya-usd/ecg-mayausd-branch-preflight-2020-osx/ecg-maya-usd/maya-usd/lib/mayaUsd/fileio/translators/skelBindingsProcessor.h
[2022-06-29T16:39:18.115Z]     -- promoting: /local/S/jenkins/workspace/ECP/ecg-maya-usd/ecg-mayausd-branch-preflight-2020-osx/ecg-maya-usd/maya-usd/lib/mayaUsd/fileio/translators/translatorCamera.h
[2022-06-29T16:39:18.115Z]     -- promoting: /local/S/jenkins/workspace/ECP/ecg-maya-usd/ecg-mayausd-branch-preflight-2020-osx/ecg-maya-usd/maya-usd/lib/mayaUsd/fileio/translators/translatorCurves.h
[2022-06-29T16:39:18.115Z]     -- promoting: /local/S/jenkins/workspace/ECP/ecg-maya-usd/ecg-mayausd-branch-preflight-2020-osx/ecg-maya-usd/maya-usd/lib/mayaUsd/fileio/translators/translatorGprim.h
[2022-06-29T16:39:18.115Z]     -- promoting: /local/S/jenkins/workspace/ECP/ecg-maya-usd/ecg-mayausd-branch-preflight-2020-osx/ecg-maya-usd/maya-usd/lib/mayaUsd/fileio/translators/translatorLight.h
[2022-06-29T16:39:18.115Z]     -- promoting: /local/S/jenkins/workspace/ECP/ecg-maya-usd/ecg-mayausd-branch-preflight-2020-osx/ecg-maya-usd/maya-usd/lib/mayaUsd/fileio/translators/translatorMaterial.h
[2022-06-29T16:39:18.115Z]     -- promoting: /local/S/jenkins/workspace/ECP/ecg-maya-usd/ecg-mayausd-branch-preflight-2020-osx/ecg-maya-usd/maya-usd/lib/mayaUsd/fileio/translators/translatorMayaReference.h
[2022-06-29T16:39:18.115Z]     -- promoting: /local/S/jenkins/workspace/ECP/ecg-maya-usd/ecg-mayausd-branch-preflight-2020-osx/ecg-maya-usd/maya-usd/lib/mayaUsd/fileio/translators/translatorMesh.h
[2022-06-29T16:39:18.115Z]     -- promoting: /local/S/jenkins/workspace/ECP/ecg-maya-usd/ecg-mayausd-branch-preflight-2020-osx/ecg-maya-usd/maya-usd/lib/mayaUsd/fileio/translators/translatorNurbsPatch.h
[2022-06-29T16:39:18.115Z]     -- promoting: /local/S/jenkins/workspace/ECP/ecg-maya-usd/ecg-mayausd-branch-preflight-2020-osx/ecg-maya-usd/maya-usd/lib/mayaUsd/fileio/translators/translatorPrim.h
[2022-06-29T16:39:18.115Z]     -- promoting: /local/S/jenkins/workspace/ECP/ecg-maya-usd/ecg-mayausd-branch-preflight-2020-osx/ecg-maya-usd/maya-usd/lib/mayaUsd/fileio/translators/translatorRfMLight.h
[2022-06-29T16:39:18.115Z]     -- promoting: /local/S/jenkins/workspace/ECP/ecg-maya-usd/ecg-mayausd-branch-preflight-2020-osx/ecg-maya-usd/maya-usd/lib/mayaUsd/fileio/translators/translatorSkel.h
[2022-06-29T16:39:18.115Z]     -- promoting: /local/S/jenkins/workspace/ECP/ecg-maya-usd/ecg-mayausd-branch-preflight-2020-osx/ecg-maya-usd/maya-usd/lib/mayaUsd/fileio/translators/translatorUtil.h
[2022-06-29T16:39:18.115Z]     -- promoting: /local/S/jenkins/workspace/ECP/ecg-maya-usd/ecg-mayausd-branch-preflight-2020-osx/ecg-maya-usd/maya-usd/lib/mayaUsd/fileio/translators/translatorXformable.h
[2022-06-29T16:39:18.115Z]     -- promoting: /local/S/jenkins/workspace/ECP/ecg-maya-usd/ecg-mayausd-branch-preflight-2020-osx/ecg-maya-usd/maya-usd/lib/mayaUsd/fileio/utils/adaptor.h
[2022-06-29T16:39:18.115Z]     -- promoting: /local/S/jenkins/workspace/ECP/ecg-maya-usd/ecg-mayausd-branch-preflight-2020-osx/ecg-maya-usd/maya-usd/lib/mayaUsd/fileio/utils/jointWriteUtils.h
[2022-06-29T16:39:18.115Z]     -- promoting: /local/S/jenkins/workspace/ECP/ecg-maya-usd/ecg-mayausd-branch-preflight-2020-osx/ecg-maya-usd/maya-usd/lib/mayaUsd/fileio/utils/meshReadUtils.h
[2022-06-29T16:39:18.115Z]     -- promoting: /local/S/jenkins/workspace/ECP/ecg-maya-usd/ecg-mayausd-branch-preflight-2020-osx/ecg-maya-usd/maya-usd/lib/mayaUsd/fileio/utils/meshWriteUtils.h
[2022-06-29T16:39:18.115Z]     -- promoting: /local/S/jenkins/workspace/ECP/ecg-maya-usd/ecg-mayausd-branch-preflight-2020-osx/ecg-maya-usd/maya-usd/lib/mayaUsd/fileio/utils/readUtil.h
[2022-06-29T16:39:18.115Z]     -- promoting: /local/S/jenkins/workspace/ECP/ecg-maya-usd/ecg-mayausd-branch-preflight-2020-osx/ecg-maya-usd/maya-usd/lib/mayaUsd/fileio/utils/roundTripUtil.h
[2022-06-29T16:39:18.115Z]     -- promoting: /local/S/jenkins/workspace/ECP/ecg-maya-usd/ecg-mayausd-branch-preflight-2020-osx/ecg-maya-usd/maya-usd/lib/mayaUsd/fileio/utils/shadingUtil.h
[2022-06-29T16:39:18.115Z]     -- promoting: /local/S/jenkins/workspace/ECP/ecg-maya-usd/ecg-mayausd-branch-preflight-2020-osx/ecg-maya-usd/maya-usd/lib/mayaUsd/fileio/utils/userTaggedAttribute.h
[2022-06-29T16:39:18.115Z]     -- promoting: /local/S/jenkins/workspace/ECP/ecg-maya-usd/ecg-mayausd-branch-preflight-2020-osx/ecg-maya-usd/maya-usd/lib/mayaUsd/fileio/utils/writeUtil.h
[2022-06-29T16:39:18.115Z]     -- promoting: /local/S/jenkins/workspace/ECP/ecg-maya-usd/ecg-mayausd-branch-preflight-2020-osx/ecg-maya-usd/maya-usd/lib/mayaUsd/fileio/utils/xformStack.h
[2022-06-29T16:39:18.115Z]     -- promoting: /local/S/jenkins/workspace/ECP/ecg-maya-usd/ecg-mayausd-branch-preflight-2020-osx/ecg-maya-usd/maya-usd/lib/mayaUsd/listeners/notice.h
[2022-06-29T16:39:18.115Z]     -- promoting: /local/S/jenkins/workspace/ECP/ecg-maya-usd/ecg-mayausd-branch-preflight-2020-osx/ecg-maya-usd/maya-usd/lib/mayaUsd/listeners/proxyShapeNotice.h
[2022-06-29T16:39:18.115Z]     -- promoting: /local/S/jenkins/workspace/ECP/ecg-maya-usd/ecg-mayausd-branch-preflight-2020-osx/ecg-maya-usd/maya-usd/lib/mayaUsd/listeners/stageNoticeListener.h
[2022-06-29T16:39:18.115Z]     -- promoting: /local/S/jenkins/workspace/ECP/ecg-maya-usd/ecg-mayausd-branch-preflight-2020-osx/ecg-maya-usd/maya-usd/lib/mayaUsd/nodes/hdImagingShape.h
[2022-06-29T16:39:18.115Z]     -- promoting: /local/S/jenkins/workspace/ECP/ecg-maya-usd/ecg-mayausd-branch-preflight-2020-osx/ecg-maya-usd/maya-usd/lib/mayaUsd/nodes/pointBasedDeformerNode.h
[2022-06-29T16:39:18.115Z]     -- promoting: /local/S/jenkins/workspace/ECP/ecg-maya-usd/ecg-mayausd-branch-preflight-2020-osx/ecg-maya-usd/maya-usd/lib/mayaUsd/nodes/proxyAccessor.h
[2022-06-29T16:39:18.115Z]     -- promoting: /local/S/jenkins/workspace/ECP/ecg-maya-usd/ecg-mayausd-branch-preflight-2020-osx/ecg-maya-usd/maya-usd/lib/mayaUsd/nodes/proxyShapeBase.h
[2022-06-29T16:39:18.115Z]     -- promoting: /local/S/jenkins/workspace/ECP/ecg-maya-usd/ecg-mayausd-branch-preflight-2020-osx/ecg-maya-usd/maya-usd/lib/mayaUsd/nodes/proxyShapeLoadRules.h
[2022-06-29T16:39:18.115Z]     -- promoting: /local/S/jenkins/workspace/ECP/ecg-maya-usd/ecg-mayausd-branch-preflight-2020-osx/ecg-maya-usd/maya-usd/lib/mayaUsd/nodes/proxyShapePlugin.h
[2022-06-29T16:39:18.115Z]     -- promoting: /local/S/jenkins/workspace/ECP/ecg-maya-usd/ecg-mayausd-branch-preflight-2020-osx/ecg-maya-usd/maya-usd/lib/mayaUsd/nodes/proxyStageProvider.h
[2022-06-29T16:39:18.115Z]     -- promoting: /local/S/jenkins/workspace/ECP/ecg-maya-usd/ecg-mayausd-branch-preflight-2020-osx/ecg-maya-usd/maya-usd/lib/mayaUsd/nodes/stageData.h
[2022-06-29T16:39:18.115Z]     -- promoting: /local/S/jenkins/workspace/ECP/ecg-maya-usd/ecg-mayausd-branch-preflight-2020-osx/ecg-maya-usd/maya-usd/lib/mayaUsd/nodes/stageNode.h
[2022-06-29T16:39:18.115Z]     -- promoting: /local/S/jenkins/workspace/ECP/ecg-maya-usd/ecg-mayausd-branch-preflight-2020-osx/ecg-maya-usd/maya-usd/lib/mayaUsd/nodes/usdPrimProvider.h
[2022-06-29T16:39:18.115Z]     -- promoting: /local/S/jenkins/workspace/ECP/ecg-maya-usd/ecg-mayausd-branch-preflight-2020-osx/ecg-maya-usd/maya-usd/lib/mayaUsd/nodes/layerManager.h
[2022-06-29T16:39:18.115Z]     -- promoting: /local/S/jenkins/workspace/ECP/ecg-maya-usd/ecg-mayausd-branch-preflight-2020-osx/ecg-maya-usd/maya-usd/lib/mayaUsd/render/px_vp20/glslProgram.h
[2022-06-29T16:39:18.115Z]     -- promoting: /local/S/jenkins/workspace/ECP/ecg-maya-usd/ecg-mayausd-branch-preflight-2020-osx/ecg-maya-usd/maya-usd/lib/mayaUsd/render/px_vp20/utils.h
[2022-06-29T16:39:18.115Z]     -- promoting: /local/S/jenkins/workspace/ECP/ecg-maya-usd/ecg-mayausd-branch-preflight-2020-osx/ecg-maya-usd/maya-usd/lib/mayaUsd/render/px_vp20/utils_legacy.h
[2022-06-29T16:39:18.115Z]     -- promoting: /local/S/jenkins/workspace/ECP/ecg-maya-usd/ecg-mayausd-branch-preflight-2020-osx/ecg-maya-usd/maya-usd/lib/mayaUsd/render/pxrUsdMayaGL/batchRenderer.h
[2022-06-29T16:39:18.115Z]     -- promoting: /local/S/jenkins/workspace/ECP/ecg-maya-usd/ecg-mayausd-branch-preflight-2020-osx/ecg-maya-usd/maya-usd/lib/mayaUsd/render/pxrUsdMayaGL/debugCodes.h
[2022-06-29T16:39:18.115Z]     -- promoting: /local/S/jenkins/workspace/ECP/ecg-maya-usd/ecg-mayausd-branch-preflight-2020-osx/ecg-maya-usd/maya-usd/lib/mayaUsd/render/pxrUsdMayaGL/hdImagingShapeDrawOverride.h
[2022-06-29T16:39:18.115Z]     -- promoting: /local/S/jenkins/workspace/ECP/ecg-maya-usd/ecg-mayausd-branch-preflight-2020-osx/ecg-maya-usd/maya-usd/lib/mayaUsd/render/pxrUsdMayaGL/hdImagingShapeUI.h
[2022-06-29T16:39:18.115Z]     -- promoting: /local/S/jenkins/workspace/ECP/ecg-maya-usd/ecg-mayausd-branch-preflight-2020-osx/ecg-maya-usd/maya-usd/lib/mayaUsd/render/pxrUsdMayaGL/instancerImager.h
[2022-06-29T16:39:18.115Z]     -- promoting: /local/S/jenkins/workspace/ECP/ecg-maya-usd/ecg-mayausd-branch-preflight-2020-osx/ecg-maya-usd/maya-usd/lib/mayaUsd/render/pxrUsdMayaGL/instancerShapeAdapter.h
[2022-06-29T16:39:18.115Z]     -- promoting: /local/S/jenkins/workspace/ECP/ecg-maya-usd/ecg-mayausd-branch-preflight-2020-osx/ecg-maya-usd/maya-usd/lib/mayaUsd/render/pxrUsdMayaGL/proxyDrawOverride.h
[2022-06-29T16:39:18.115Z]     -- promoting: /local/S/jenkins/workspace/ECP/ecg-maya-usd/ecg-mayausd-branch-preflight-2020-osx/ecg-maya-usd/maya-usd/lib/mayaUsd/render/pxrUsdMayaGL/proxyShapeUI.h
[2022-06-29T16:39:18.115Z]     -- promoting: /local/S/jenkins/workspace/ECP/ecg-maya-usd/ecg-mayausd-branch-preflight-2020-osx/ecg-maya-usd/maya-usd/lib/mayaUsd/render/pxrUsdMayaGL/renderParams.h
[2022-06-29T16:39:18.115Z]     -- promoting: /local/S/jenkins/workspace/ECP/ecg-maya-usd/ecg-mayausd-branch-preflight-2020-osx/ecg-maya-usd/maya-usd/lib/mayaUsd/render/pxrUsdMayaGL/sceneDelegate.h
[2022-06-29T16:39:18.115Z]     -- promoting: /local/S/jenkins/workspace/ECP/ecg-maya-usd/ecg-mayausd-branch-preflight-2020-osx/ecg-maya-usd/maya-usd/lib/mayaUsd/render/pxrUsdMayaGL/shapeAdapter.h
[2022-06-29T16:39:18.115Z]     -- promoting: /local/S/jenkins/workspace/ECP/ecg-maya-usd/ecg-mayausd-branch-preflight-2020-osx/ecg-maya-usd/maya-usd/lib/mayaUsd/render/pxrUsdMayaGL/softSelectHelper.h
[2022-06-29T16:39:18.115Z]     -- promoting: /local/S/jenkins/workspace/ECP/ecg-maya-usd/ecg-mayausd-branch-preflight-2020-osx/ecg-maya-usd/maya-usd/lib/mayaUsd/render/pxrUsdMayaGL/usdProxyShapeAdapter.h
[2022-06-29T16:39:18.115Z]     -- promoting: /local/S/jenkins/workspace/ECP/ecg-maya-usd/ecg-mayausd-branch-preflight-2020-osx/ecg-maya-usd/maya-usd/lib/mayaUsd/render/pxrUsdMayaGL/userData.h
[2022-06-29T16:39:18.115Z]     -- promoting: /local/S/jenkins/workspace/ECP/ecg-maya-usd/ecg-mayausd-branch-preflight-2020-osx/ecg-maya-usd/maya-usd/lib/mayaUsd/render/vp2RenderDelegate/proxyRenderDelegate.h
[2022-06-29T16:39:18.115Z]     -- promoting: /local/S/jenkins/workspace/ECP/ecg-maya-usd/ecg-mayausd-branch-preflight-2020-osx/ecg-maya-usd/maya-usd/lib/mayaUsd/render/vp2ShaderFragments/shaderFragments.h
[2022-06-29T16:39:18.115Z]     -- UFE_LIGHTS_SUPPORT is FALSE
[2022-06-29T16:39:18.115Z]     -- promoting: /local/S/jenkins/workspace/ECP/ecg-maya-usd/ecg-mayausd-branch-preflight-2020-osx/ecg-maya-usd/maya-usd/lib/mayaUsd/ufe/Global.h
[2022-06-29T16:39:18.115Z]     -- promoting: /local/S/jenkins/workspace/ECP/ecg-maya-usd/ecg-mayausd-branch-preflight-2020-osx/ecg-maya-usd/maya-usd/lib/mayaUsd/ufe/ProxyShapeHandler.h
[2022-06-29T16:39:18.115Z]     -- promoting: /local/S/jenkins/workspace/ECP/ecg-maya-usd/ecg-mayausd-branch-preflight-2020-osx/ecg-maya-usd/maya-usd/lib/mayaUsd/ufe/ProxyShapeHierarchy.h
[2022-06-29T16:39:18.115Z]     -- promoting: /local/S/jenkins/workspace/ECP/ecg-maya-usd/ecg-mayausd-branch-preflight-2020-osx/ecg-maya-usd/maya-usd/lib/mayaUsd/ufe/ProxyShapeHierarchyHandler.h
[2022-06-29T16:39:18.120Z]     -- promoting: /local/S/jenkins/workspace/ECP/ecg-maya-usd/ecg-mayausd-branch-preflight-2020-osx/ecg-maya-usd/maya-usd/lib/mayaUsd/ufe/StagesSubject.h
[2022-06-29T16:39:18.120Z]     -- promoting: /local/S/jenkins/workspace/ECP/ecg-maya-usd/ecg-mayausd-branch-preflight-2020-osx/ecg-maya-usd/maya-usd/lib/mayaUsd/ufe/UsdHierarchy.h
[2022-06-29T16:39:18.120Z]     -- promoting: /local/S/jenkins/workspace/ECP/ecg-maya-usd/ecg-mayausd-branch-preflight-2020-osx/ecg-maya-usd/maya-usd/lib/mayaUsd/ufe/UsdHierarchyHandler.h
[2022-06-29T16:39:18.120Z]     -- promoting: /local/S/jenkins/workspace/ECP/ecg-maya-usd/ecg-mayausd-branch-preflight-2020-osx/ecg-maya-usd/maya-usd/lib/mayaUsd/ufe/UsdPointInstanceModifierBase.h
[2022-06-29T16:39:18.120Z]     -- promoting: /local/S/jenkins/workspace/ECP/ecg-maya-usd/ecg-mayausd-branch-preflight-2020-osx/ecg-maya-usd/maya-usd/lib/mayaUsd/ufe/UsdPointInstanceOrientationModifier.h
[2022-06-29T16:39:18.120Z]     -- promoting: /local/S/jenkins/workspace/ECP/ecg-maya-usd/ecg-mayausd-branch-preflight-2020-osx/ecg-maya-usd/maya-usd/lib/mayaUsd/ufe/UsdPointInstancePositionModifier.h
[2022-06-29T16:39:18.120Z]     -- promoting: /local/S/jenkins/workspace/ECP/ecg-maya-usd/ecg-mayausd-branch-preflight-2020-osx/ecg-maya-usd/maya-usd/lib/mayaUsd/ufe/UsdPointInstanceScaleModifier.h
[2022-06-29T16:39:18.120Z]     -- promoting: /local/S/jenkins/workspace/ECP/ecg-maya-usd/ecg-mayausd-branch-preflight-2020-osx/ecg-maya-usd/maya-usd/lib/mayaUsd/ufe/UsdRootChildHierarchy.h
[2022-06-29T16:39:18.120Z]     -- promoting: /local/S/jenkins/workspace/ECP/ecg-maya-usd/ecg-mayausd-branch-preflight-2020-osx/ecg-maya-usd/maya-usd/lib/mayaUsd/ufe/UsdRotatePivotTranslateUndoableCommand.h
[2022-06-29T16:39:18.120Z]     -- promoting: /local/S/jenkins/workspace/ECP/ecg-maya-usd/ecg-mayausd-branch-preflight-2020-osx/ecg-maya-usd/maya-usd/lib/mayaUsd/ufe/UsdRotateUndoableCommand.h
[2022-06-29T16:39:18.120Z]     -- promoting: /local/S/jenkins/workspace/ECP/ecg-maya-usd/ecg-mayausd-branch-preflight-2020-osx/ecg-maya-usd/maya-usd/lib/mayaUsd/ufe/UsdScaleUndoableCommand.h
[2022-06-29T16:39:18.120Z]     -- promoting: /local/S/jenkins/workspace/ECP/ecg-maya-usd/ecg-mayausd-branch-preflight-2020-osx/ecg-maya-usd/maya-usd/lib/mayaUsd/ufe/UsdSceneItem.h
[2022-06-29T16:39:18.120Z]     -- promoting: /local/S/jenkins/workspace/ECP/ecg-maya-usd/ecg-mayausd-branch-preflight-2020-osx/ecg-maya-usd/maya-usd/lib/mayaUsd/ufe/UsdSceneItemOps.h
[2022-06-29T16:39:18.120Z]     -- promoting: /local/S/jenkins/workspace/ECP/ecg-maya-usd/ecg-mayausd-branch-preflight-2020-osx/ecg-maya-usd/maya-usd/lib/mayaUsd/ufe/UsdSceneItemOpsHandler.h
[2022-06-29T16:39:18.120Z]     -- promoting: /local/S/jenkins/workspace/ECP/ecg-maya-usd/ecg-mayausd-branch-preflight-2020-osx/ecg-maya-usd/maya-usd/lib/mayaUsd/ufe/UsdStageMap.h
[2022-06-29T16:39:18.120Z]     -- promoting: /local/S/jenkins/workspace/ECP/ecg-maya-usd/ecg-mayausd-branch-preflight-2020-osx/ecg-maya-usd/maya-usd/lib/mayaUsd/ufe/UsdTRSUndoableCommandBase.h
[2022-06-29T16:39:18.120Z]     -- promoting: /local/S/jenkins/workspace/ECP/ecg-maya-usd/ecg-mayausd-branch-preflight-2020-osx/ecg-maya-usd/maya-usd/lib/mayaUsd/ufe/UsdTransform3d.h
[2022-06-29T16:39:18.120Z]     -- promoting: /local/S/jenkins/workspace/ECP/ecg-maya-usd/ecg-mayausd-branch-preflight-2020-osx/ecg-maya-usd/maya-usd/lib/mayaUsd/ufe/UsdTransform3dHandler.h
[2022-06-29T16:39:18.120Z]     -- promoting: /local/S/jenkins/workspace/ECP/ecg-maya-usd/ecg-mayausd-branch-preflight-2020-osx/ecg-maya-usd/maya-usd/lib/mayaUsd/ufe/UsdTranslateUndoableCommand.h
[2022-06-29T16:39:18.120Z]     -- promoting: /local/S/jenkins/workspace/ECP/ecg-maya-usd/ecg-mayausd-branch-preflight-2020-osx/ecg-maya-usd/maya-usd/lib/mayaUsd/ufe/UsdUndoDeleteCommand.h
[2022-06-29T16:39:18.120Z]     -- promoting: /local/S/jenkins/workspace/ECP/ecg-maya-usd/ecg-mayausd-branch-preflight-2020-osx/ecg-maya-usd/maya-usd/lib/mayaUsd/ufe/UsdUndoDuplicateCommand.h
[2022-06-29T16:39:18.120Z]     -- promoting: /local/S/jenkins/workspace/ECP/ecg-maya-usd/ecg-mayausd-branch-preflight-2020-osx/ecg-maya-usd/maya-usd/lib/mayaUsd/ufe/UsdUndoRenameCommand.h
[2022-06-29T16:39:18.120Z]     -- promoting: /local/S/jenkins/workspace/ECP/ecg-maya-usd/ecg-mayausd-branch-preflight-2020-osx/ecg-maya-usd/maya-usd/lib/mayaUsd/ufe/Utils.h
[2022-06-29T16:39:18.120Z]     -- promoting: /local/S/jenkins/workspace/ECP/ecg-maya-usd/ecg-mayausd-branch-preflight-2020-osx/ecg-maya-usd/maya-usd/lib/mayaUsd/ufe/UfeVersionCompat.h
[2022-06-29T16:39:18.120Z]     -- promoting: /local/S/jenkins/workspace/ECP/ecg-maya-usd/ecg-mayausd-branch-preflight-2020-osx/ecg-maya-usd/maya-usd/lib/mayaUsd/undo/OpUndoItemList.h
[2022-06-29T16:39:18.120Z]     -- promoting: /local/S/jenkins/workspace/ECP/ecg-maya-usd/ecg-mayausd-branch-preflight-2020-osx/ecg-maya-usd/maya-usd/lib/mayaUsd/undo/OpUndoItemMuting.h
[2022-06-29T16:39:18.120Z]     -- promoting: /local/S/jenkins/workspace/ECP/ecg-maya-usd/ecg-mayausd-branch-preflight-2020-osx/ecg-maya-usd/maya-usd/lib/mayaUsd/undo/OpUndoItemRecorder.h
[2022-06-29T16:39:18.120Z]     -- promoting: /local/S/jenkins/workspace/ECP/ecg-maya-usd/ecg-mayausd-branch-preflight-2020-osx/ecg-maya-usd/maya-usd/lib/mayaUsd/undo/OpUndoItems.h
[2022-06-29T16:39:18.120Z]     -- promoting: /local/S/jenkins/workspace/ECP/ecg-maya-usd/ecg-mayausd-branch-preflight-2020-osx/ecg-maya-usd/maya-usd/lib/mayaUsd/undo/UsdUndoBlock.h
[2022-06-29T16:39:18.120Z]     -- promoting: /local/S/jenkins/workspace/ECP/ecg-maya-usd/ecg-mayausd-branch-preflight-2020-osx/ecg-maya-usd/maya-usd/lib/mayaUsd/undo/UsdUndoManager.h
[2022-06-29T16:39:18.120Z]     -- promoting: /local/S/jenkins/workspace/ECP/ecg-maya-usd/ecg-mayausd-branch-preflight-2020-osx/ecg-maya-usd/maya-usd/lib/mayaUsd/undo/UsdUndoStateDelegate.h
[2022-06-29T16:39:18.120Z]     -- promoting: /local/S/jenkins/workspace/ECP/ecg-maya-usd/ecg-mayausd-branch-preflight-2020-osx/ecg-maya-usd/maya-usd/lib/mayaUsd/undo/UsdUndoableItem.h
[2022-06-29T16:39:18.120Z]     -- promoting: /local/S/jenkins/workspace/ECP/ecg-maya-usd/ecg-mayausd-branch-preflight-2020-osx/ecg-maya-usd/maya-usd/lib/mayaUsd/utils/blockSceneModificationContext.h
[2022-06-29T16:39:18.120Z]     -- promoting: /local/S/jenkins/workspace/ECP/ecg-maya-usd/ecg-mayausd-branch-preflight-2020-osx/ecg-maya-usd/maya-usd/lib/mayaUsd/utils/colorSpace.h
[2022-06-29T16:39:18.120Z]     -- promoting: /local/S/jenkins/workspace/ECP/ecg-maya-usd/ecg-mayausd-branch-preflight-2020-osx/ecg-maya-usd/maya-usd/lib/mayaUsd/utils/customLayerData.h
[2022-06-29T16:39:18.120Z]     -- promoting: /local/S/jenkins/workspace/ECP/ecg-maya-usd/ecg-mayausd-branch-preflight-2020-osx/ecg-maya-usd/maya-usd/lib/mayaUsd/utils/converter.h
[2022-06-29T16:39:18.120Z]     -- promoting: /local/S/jenkins/workspace/ECP/ecg-maya-usd/ecg-mayausd-branch-preflight-2020-osx/ecg-maya-usd/maya-usd/lib/mayaUsd/utils/diagnosticDelegate.h
[2022-06-29T16:39:18.120Z]     -- promoting: /local/S/jenkins/workspace/ECP/ecg-maya-usd/ecg-mayausd-branch-preflight-2020-osx/ecg-maya-usd/maya-usd/lib/mayaUsd/utils/editability.h
[2022-06-29T16:39:18.120Z]     -- promoting: /local/S/jenkins/workspace/ECP/ecg-maya-usd/ecg-mayausd-branch-preflight-2020-osx/ecg-maya-usd/maya-usd/lib/mayaUsd/utils/editRouter.h
[2022-06-29T16:39:18.120Z]     -- promoting: /local/S/jenkins/workspace/ECP/ecg-maya-usd/ecg-mayausd-branch-preflight-2020-osx/ecg-maya-usd/maya-usd/lib/mayaUsd/utils/hash.h
[2022-06-29T16:39:18.120Z]     -- promoting: /local/S/jenkins/workspace/ECP/ecg-maya-usd/ecg-mayausd-branch-preflight-2020-osx/ecg-maya-usd/maya-usd/lib/mayaUsd/utils/loadRules.h
[2022-06-29T16:39:18.120Z]     -- promoting: /local/S/jenkins/workspace/ECP/ecg-maya-usd/ecg-mayausd-branch-preflight-2020-osx/ecg-maya-usd/maya-usd/lib/mayaUsd/utils/query.h
[2022-06-29T16:39:18.120Z]     -- promoting: /local/S/jenkins/workspace/ECP/ecg-maya-usd/ecg-mayausd-branch-preflight-2020-osx/ecg-maya-usd/maya-usd/lib/mayaUsd/utils/plugRegistryHelper.h
[2022-06-29T16:39:18.120Z]     -- promoting: /local/S/jenkins/workspace/ECP/ecg-maya-usd/ecg-mayausd-branch-preflight-2020-osx/ecg-maya-usd/maya-usd/lib/mayaUsd/utils/progressBarScope.h
[2022-06-29T16:39:18.120Z]     -- promoting: /local/S/jenkins/workspace/ECP/ecg-maya-usd/ecg-mayausd-branch-preflight-2020-osx/ecg-maya-usd/maya-usd/lib/mayaUsd/utils/selectability.h
[2022-06-29T16:39:18.120Z]     -- promoting: /local/S/jenkins/workspace/ECP/ecg-maya-usd/ecg-mayausd-branch-preflight-2020-osx/ecg-maya-usd/maya-usd/lib/mayaUsd/utils/stageCache.h
[2022-06-29T16:39:18.120Z]     -- promoting: /local/S/jenkins/workspace/ECP/ecg-maya-usd/ecg-mayausd-branch-preflight-2020-osx/ecg-maya-usd/maya-usd/lib/mayaUsd/utils/traverseLayer.h
[2022-06-29T16:39:18.120Z]     -- promoting: /local/S/jenkins/workspace/ECP/ecg-maya-usd/ecg-mayausd-branch-preflight-2020-osx/ecg-maya-usd/maya-usd/lib/mayaUsd/utils/undoHelperCommand.h
[2022-06-29T16:39:18.120Z]     -- promoting: /local/S/jenkins/workspace/ECP/ecg-maya-usd/ecg-mayausd-branch-preflight-2020-osx/ecg-maya-usd/maya-usd/lib/mayaUsd/utils/util.h
[2022-06-29T16:39:18.120Z]     -- promoting: /local/S/jenkins/workspace/ECP/ecg-maya-usd/ecg-mayausd-branch-preflight-2020-osx/ecg-maya-usd/maya-usd/lib/mayaUsd/utils/utilFileSystem.h
[2022-06-29T16:39:18.120Z]     -- promoting: /local/S/jenkins/workspace/ECP/ecg-maya-usd/ecg-mayausd-branch-preflight-2020-osx/ecg-maya-usd/maya-usd/lib/mayaUsd/utils/utilSerialization.h
[2022-06-29T16:39:18.120Z]     -- promoting: /local/S/jenkins/workspace/ECP/ecg-maya-usd/ecg-mayausd-branch-preflight-2020-osx/ecg-maya-usd/maya-usd/lib/mayaUsd/utils/variants.h
[2022-06-29T16:39:18.120Z]     -- promoting: /local/S/jenkins/workspace/ECP/ecg-maya-usd/ecg-mayausd-branch-preflight-2020-osx/ecg-maya-usd/maya-usd/lib/mayaUsd/render/mayaToHydra/utils.h
[2022-06-29T16:39:18.120Z]     -- promoting: /local/S/jenkins/workspace/ECP/ecg-maya-usd/ecg-mayausd-branch-preflight-2020-osx/ecg-maya-usd/maya-usd/lib/usd/hdMaya/api.h
[2022-06-29T16:39:18.120Z]     -- promoting: /local/S/jenkins/workspace/ECP/ecg-maya-usd/ecg-mayausd-branch-preflight-2020-osx/ecg-maya-usd/maya-usd/lib/usd/hdMaya/utils.h
[2022-06-29T16:39:18.120Z]     -- promoting: /local/S/jenkins/workspace/ECP/ecg-maya-usd/ecg-mayausd-branch-preflight-2020-osx/ecg-maya-usd/maya-usd/lib/usd/hdMaya/debugCodes.h
[2022-06-29T16:39:18.120Z]     -- promoting: /local/S/jenkins/workspace/ECP/ecg-maya-usd/ecg-mayausd-branch-preflight-2020-osx/ecg-maya-usd/maya-usd/lib/usd/hdMaya/adapters/adapter.h
[2022-06-29T16:39:18.120Z]     -- promoting: /local/S/jenkins/workspace/ECP/ecg-maya-usd/ecg-mayausd-branch-preflight-2020-osx/ecg-maya-usd/maya-usd/lib/usd/hdMaya/adapters/adapterDebugCodes.h
[2022-06-29T16:39:18.120Z]     -- promoting: /local/S/jenkins/workspace/ECP/ecg-maya-usd/ecg-mayausd-branch-preflight-2020-osx/ecg-maya-usd/maya-usd/lib/usd/hdMaya/adapters/adapterRegistry.h
[2022-06-29T16:39:18.120Z]     -- promoting: /local/S/jenkins/workspace/ECP/ecg-maya-usd/ecg-mayausd-branch-preflight-2020-osx/ecg-maya-usd/maya-usd/lib/usd/hdMaya/adapters/cameraAdapter.h
[2022-06-29T16:39:18.120Z]     -- promoting: /local/S/jenkins/workspace/ECP/ecg-maya-usd/ecg-mayausd-branch-preflight-2020-osx/ecg-maya-usd/maya-usd/lib/usd/hdMaya/adapters/constantShadowMatrix.h
[2022-06-29T16:39:18.120Z]     -- promoting: /local/S/jenkins/workspace/ECP/ecg-maya-usd/ecg-mayausd-branch-preflight-2020-osx/ecg-maya-usd/maya-usd/lib/usd/hdMaya/adapters/dagAdapter.h
[2022-06-29T16:39:18.120Z]     -- promoting: /local/S/jenkins/workspace/ECP/ecg-maya-usd/ecg-mayausd-branch-preflight-2020-osx/ecg-maya-usd/maya-usd/lib/usd/hdMaya/adapters/lightAdapter.h
[2022-06-29T16:39:18.120Z]     -- promoting: /local/S/jenkins/workspace/ECP/ecg-maya-usd/ecg-mayausd-branch-preflight-2020-osx/ecg-maya-usd/maya-usd/lib/usd/hdMaya/adapters/proxyAdapter.h
[2022-06-29T16:39:18.120Z]     -- promoting: /local/S/jenkins/workspace/ECP/ecg-maya-usd/ecg-mayausd-branch-preflight-2020-osx/ecg-maya-usd/maya-usd/lib/usd/hdMaya/adapters/materialAdapter.h
[2022-06-29T16:39:18.120Z]     -- promoting: /local/S/jenkins/workspace/ECP/ecg-maya-usd/ecg-mayausd-branch-preflight-2020-osx/ecg-maya-usd/maya-usd/lib/usd/hdMaya/adapters/materialNetworkConverter.h
[2022-06-29T16:39:18.120Z]     -- promoting: /local/S/jenkins/workspace/ECP/ecg-maya-usd/ecg-mayausd-branch-preflight-2020-osx/ecg-maya-usd/maya-usd/lib/usd/hdMaya/adapters/mayaAttrs.h
[2022-06-29T16:39:18.120Z]     -- promoting: /local/S/jenkins/workspace/ECP/ecg-maya-usd/ecg-mayausd-branch-preflight-2020-osx/ecg-maya-usd/maya-usd/lib/usd/hdMaya/adapters/shapeAdapter.h
[2022-06-29T16:39:18.120Z]     -- promoting: /local/S/jenkins/workspace/ECP/ecg-maya-usd/ecg-mayausd-branch-preflight-2020-osx/ecg-maya-usd/maya-usd/lib/usd/hdMaya/adapters/tokens.h
[2022-06-29T16:39:18.120Z]     -- promoting: /local/S/jenkins/workspace/ECP/ecg-maya-usd/ecg-mayausd-branch-preflight-2020-osx/ecg-maya-usd/maya-usd/lib/usd/hdMaya/delegates/delegate.h
[2022-06-29T16:39:18.120Z]     -- promoting: /local/S/jenkins/workspace/ECP/ecg-maya-usd/ecg-mayausd-branch-preflight-2020-osx/ecg-maya-usd/maya-usd/lib/usd/hdMaya/delegates/delegateCtx.h
[2022-06-29T16:39:18.120Z]     -- promoting: /local/S/jenkins/workspace/ECP/ecg-maya-usd/ecg-mayausd-branch-preflight-2020-osx/ecg-maya-usd/maya-usd/lib/usd/hdMaya/delegates/delegateDebugCodes.h
[2022-06-29T16:39:18.120Z]     -- promoting: /local/S/jenkins/workspace/ECP/ecg-maya-usd/ecg-mayausd-branch-preflight-2020-osx/ecg-maya-usd/maya-usd/lib/usd/hdMaya/delegates/delegateRegistry.h
[2022-06-29T16:39:18.120Z]     -- promoting: /local/S/jenkins/workspace/ECP/ecg-maya-usd/ecg-mayausd-branch-preflight-2020-osx/ecg-maya-usd/maya-usd/lib/usd/hdMaya/delegates/params.h
[2022-06-29T16:39:18.120Z]     -- promoting: /local/S/jenkins/workspace/ECP/ecg-maya-usd/ecg-mayausd-branch-preflight-2020-osx/ecg-maya-usd/maya-usd/lib/usd/hdMaya/delegates/proxyDelegate.h
[2022-06-29T16:39:18.120Z]     -- promoting: /local/S/jenkins/workspace/ECP/ecg-maya-usd/ecg-mayausd-branch-preflight-2020-osx/ecg-maya-usd/maya-usd/lib/usd/hdMaya/delegates/proxyUsdImagingDelegate.h
[2022-06-29T16:39:18.120Z]     -- promoting: /local/S/jenkins/workspace/ECP/ecg-maya-usd/ecg-mayausd-branch-preflight-2020-osx/ecg-maya-usd/maya-usd/lib/usd/hdMaya/delegates/sceneDelegate.h
[2022-06-29T16:39:18.120Z]     -- promoting: /local/S/jenkins/workspace/ECP/ecg-maya-usd/ecg-mayausd-branch-preflight-2020-osx/ecg-maya-usd/maya-usd/lib/usd/hdMaya/delegates/testDelegate.h
[2022-06-29T16:39:18.120Z]     -- promoting: /local/S/jenkins/workspace/ECP/ecg-maya-usd/ecg-mayausd-branch-preflight-2020-osx/ecg-maya-usd/maya-usd/lib/usd/pxrUsdPreviewSurface/usdPreviewSurface.h
[2022-06-29T16:39:18.121Z]     -- promoting: /local/S/jenkins/workspace/ECP/ecg-maya-usd/ecg-mayausd-branch-preflight-2020-osx/ecg-maya-usd/maya-usd/lib/usd/pxrUsdPreviewSurface/usdPreviewSurfacePlugin.h
[2022-06-29T16:39:18.121Z]     -- promoting: /local/S/jenkins/workspace/ECP/ecg-maya-usd/ecg-mayausd-branch-preflight-2020-osx/ecg-maya-usd/maya-usd/lib/usd/schemas/api.h
[2022-06-29T16:39:18.121Z]     -- promoting: /local/S/jenkins/workspace/ECP/ecg-maya-usd/ecg-mayausd-branch-preflight-2020-osx/ecg-maya-usd/maya-usd/lib/usd/schemas/ALMayaReference.h
[2022-06-29T16:39:18.121Z]     -- promoting: /local/S/jenkins/workspace/ECP/ecg-maya-usd/ecg-mayausd-branch-preflight-2020-osx/ecg-maya-usd/maya-usd/lib/usd/schemas/MayaReference.h
[2022-06-29T16:39:18.121Z]     -- promoting: /local/S/jenkins/workspace/ECP/ecg-maya-usd/ecg-mayausd-branch-preflight-2020-osx/ecg-maya-usd/maya-usd/lib/usd/schemas/tokens.h
[2022-06-29T16:39:18.798Z]     #################################################################################################
[2022-06-29T16:39:18.798Z]     #  USD_DISABLE_PRIM_DEFINITIONS_FOR_USDGENSCHEMA is overridden to 'true'.  Default is 'false'.  #
[2022-06-29T16:39:18.798Z]     #################################################################################################
[2022-06-29T16:39:18.798Z]     Processing schema classes:
[2022-06-29T16:39:18.798Z]     MayaReference, ALMayaReference
[2022-06-29T16:39:18.798Z]     Loading Templates from /local/S/jenkins/workspace/shared/Artifactory/OSX/USD/73ca68d/lib/usd/usd/resources/codegenTemplates
[2022-06-29T16:39:18.798Z]     Writing API:
[2022-06-29T16:39:18.798Z]     	    wrote /local/S/jenkins/workspace/ECP/ecg-maya-usd/ecg-mayausd-branch-preflight-2020-osx/build/RelWithDebInfo/lib/usd/schemas/api.h
[2022-06-29T16:39:18.798Z]     Writing Schema Tokens:
[2022-06-29T16:39:18.798Z]     	    wrote /local/S/jenkins/workspace/ECP/ecg-maya-usd/ecg-mayausd-branch-preflight-2020-osx/build/RelWithDebInfo/lib/usd/schemas/tokens.h
[2022-06-29T16:39:18.798Z]     	    wrote /local/S/jenkins/workspace/ECP/ecg-maya-usd/ecg-mayausd-branch-preflight-2020-osx/build/RelWithDebInfo/lib/usd/schemas/tokens.cpp
[2022-06-29T16:39:18.798Z]     	    wrote /local/S/jenkins/workspace/ECP/ecg-maya-usd/ecg-mayausd-branch-preflight-2020-osx/build/RelWithDebInfo/lib/usd/schemas/wrapTokens.cpp
[2022-06-29T16:39:18.798Z]     Generating Classes:
[2022-06-29T16:39:18.798Z]     	    wrote /local/S/jenkins/workspace/ECP/ecg-maya-usd/ecg-mayausd-branch-preflight-2020-osx/build/RelWithDebInfo/lib/usd/schemas/MayaReference.h
[2022-06-29T16:39:18.798Z]     	    wrote /local/S/jenkins/workspace/ECP/ecg-maya-usd/ecg-mayausd-branch-preflight-2020-osx/build/RelWithDebInfo/lib/usd/schemas/MayaReference.cpp
[2022-06-29T16:39:18.798Z]     	    wrote /local/S/jenkins/workspace/ECP/ecg-maya-usd/ecg-mayausd-branch-preflight-2020-osx/build/RelWithDebInfo/lib/usd/schemas/wrapMayaReference.cpp
[2022-06-29T16:39:18.798Z]     	    wrote /local/S/jenkins/workspace/ECP/ecg-maya-usd/ecg-mayausd-branch-preflight-2020-osx/build/RelWithDebInfo/lib/usd/schemas/ALMayaReference.h
[2022-06-29T16:39:18.798Z]     	    wrote /local/S/jenkins/workspace/ECP/ecg-maya-usd/ecg-mayausd-branch-preflight-2020-osx/build/RelWithDebInfo/lib/usd/schemas/ALMayaReference.cpp
[2022-06-29T16:39:18.798Z]     	    wrote /local/S/jenkins/workspace/ECP/ecg-maya-usd/ecg-mayausd-branch-preflight-2020-osx/build/RelWithDebInfo/lib/usd/schemas/wrapALMayaReference.cpp
[2022-06-29T16:39:18.798Z]     Loading Templates from /local/S/jenkins/workspace/shared/Artifactory/OSX/USD/73ca68d/lib/usd/usd/resources/codegenTemplates
[2022-06-29T16:39:18.798Z]     	    wrote /local/S/jenkins/workspace/ECP/ecg-maya-usd/ecg-mayausd-branch-preflight-2020-osx/build/RelWithDebInfo/lib/usd/schemas/plugInfo.json
[2022-06-29T16:39:18.798Z]     Generating Schematics:
[2022-06-29T16:39:18.798Z]     	    wrote /local/S/jenkins/workspace/ECP/ecg-maya-usd/ecg-mayausd-branch-preflight-2020-osx/build/RelWithDebInfo/lib/usd/schemas/generatedSchema.usda
[2022-06-29T16:39:18.798Z]     -- promoting: /local/S/jenkins/workspace/ECP/ecg-maya-usd/ecg-mayausd-branch-preflight-2020-osx/ecg-maya-usd/maya-usd/lib/usd/utils/ALHalf.h
[2022-06-29T16:39:18.798Z]     -- promoting: /local/S/jenkins/workspace/ECP/ecg-maya-usd/ecg-mayausd-branch-preflight-2020-osx/ecg-maya-usd/maya-usd/lib/usd/utils/Api.h
[2022-06-29T16:39:18.798Z]     -- promoting: /local/S/jenkins/workspace/ECP/ecg-maya-usd/ecg-mayausd-branch-preflight-2020-osx/ecg-maya-usd/maya-usd/lib/usd/utils/DebugCodes.h
[2022-06-29T16:39:18.798Z]     -- promoting: /local/S/jenkins/workspace/ECP/ecg-maya-usd/ecg-mayausd-branch-preflight-2020-osx/ecg-maya-usd/maya-usd/lib/usd/utils/DiffCore.h
[2022-06-29T16:39:18.798Z]     -- promoting: /local/S/jenkins/workspace/ECP/ecg-maya-usd/ecg-mayausd-branch-preflight-2020-osx/ecg-maya-usd/maya-usd/lib/usd/utils/DiffPrims.h
[2022-06-29T16:39:18.798Z]     -- promoting: /local/S/jenkins/workspace/ECP/ecg-maya-usd/ecg-mayausd-branch-preflight-2020-osx/ecg-maya-usd/maya-usd/lib/usd/utils/MergePrims.h
[2022-06-29T16:39:18.798Z]     -- promoting: /local/S/jenkins/workspace/ECP/ecg-maya-usd/ecg-mayausd-branch-preflight-2020-osx/ecg-maya-usd/maya-usd/lib/usd/utils/MergePrimsOptions.h
[2022-06-29T16:39:18.798Z]     -- promoting: /local/S/jenkins/workspace/ECP/ecg-maya-usd/ecg-mayausd-branch-preflight-2020-osx/ecg-maya-usd/maya-usd/lib/usd/utils/ForwardDeclares.h
[2022-06-29T16:39:18.798Z]     -- promoting: /local/S/jenkins/workspace/ECP/ecg-maya-usd/ecg-mayausd-branch-preflight-2020-osx/ecg-maya-usd/maya-usd/lib/usd/utils/SIMD.h
[2022-06-29T16:39:18.798Z]     -- promoting: /local/S/jenkins/workspace/ECP/ecg-maya-usd/ecg-mayausd-branch-preflight-2020-osx/ecg-maya-usd/maya-usd/lib/usd/utils/util.h
[2022-06-29T16:39:18.798Z]     -- promoting: /local/S/jenkins/workspace/ECP/ecg-maya-usd/ecg-mayausd-branch-preflight-2020-osx/ecg-maya-usd/maya-usd/lib/usd/ui/layerEditor/batchSaveLayersUIDelegate.h
[2022-06-29T16:39:18.798Z]     -- promoting: /local/S/jenkins/workspace/ECP/ecg-maya-usd/ecg-mayausd-branch-preflight-2020-osx/ecg-maya-usd/maya-usd/lib/usd/ui/importDialog/IMayaMQtUtil.h
[2022-06-29T16:39:18.798Z]     -- promoting: /local/S/jenkins/workspace/ECP/ecg-maya-usd/ecg-mayausd-branch-preflight-2020-osx/ecg-maya-usd/maya-usd/lib/usd/ui/importDialog/ItemDelegate.h
[2022-06-29T16:39:18.798Z]     -- promoting: /local/S/jenkins/workspace/ECP/ecg-maya-usd/ecg-mayausd-branch-preflight-2020-osx/ecg-maya-usd/maya-usd/lib/usd/ui/importDialog/IUSDImportView.h
[2022-06-29T16:39:18.798Z]     -- promoting: /local/S/jenkins/workspace/ECP/ecg-maya-usd/ecg-mayausd-branch-preflight-2020-osx/ecg-maya-usd/maya-usd/lib/usd/ui/importDialog/TreeItem.h
[2022-06-29T16:39:18.798Z]     -- promoting: /local/S/jenkins/workspace/ECP/ecg-maya-usd/ecg-mayausd-branch-preflight-2020-osx/ecg-maya-usd/maya-usd/lib/usd/ui/importDialog/TreeModel.h
[2022-06-29T16:39:18.798Z]     -- promoting: /local/S/jenkins/workspace/ECP/ecg-maya-usd/ecg-mayausd-branch-preflight-2020-osx/ecg-maya-usd/maya-usd/lib/usd/ui/importDialog/TreeModelFactory.h
[2022-06-29T16:39:18.798Z]     -- promoting: /local/S/jenkins/workspace/ECP/ecg-maya-usd/ecg-mayausd-branch-preflight-2020-osx/ecg-maya-usd/maya-usd/lib/usd/ui/importDialog/USDImportDialog.h
[2022-06-29T16:39:18.798Z]     -- promoting: /local/S/jenkins/workspace/ECP/ecg-maya-usd/ecg-mayausd-branch-preflight-2020-osx/ecg-maya-usd/maya-usd/lib/usd/ui/importDialog/USDImportDialogCmd.h
[2022-06-29T16:39:18.798Z]     -- promoting: /local/S/jenkins/workspace/ECP/ecg-maya-usd/ecg-mayausd-branch-preflight-2020-osx/ecg-maya-usd/maya-usd/lib/usd/ui/importDialog/USDQtUtil.h
[2022-06-29T16:39:18.798Z]     -- promoting: /local/S/jenkins/workspace/ECP/ecg-maya-usd/ecg-mayausd-branch-preflight-2020-osx/ecg-maya-usd/maya-usd/lib/usd/ui/api.h
[2022-06-29T16:39:18.798Z]     -- promoting: /local/S/jenkins/workspace/ECP/ecg-maya-usd/ecg-mayausd-branch-preflight-2020-osx/ecg-maya-usd/maya-usd/lib/usd/ui/initStringResources.h
[2022-06-29T16:39:18.798Z]     ========== Pixar USD Plugin ==========
[2022-06-29T16:39:18.798Z]     Compiling /local/S/jenkins/workspace/ECP/ecg-maya-usd/ecg-mayausd-branch-preflight-2020-osx/build/RelWithDebInfo/plugin/pxr/__init__.py ...
[2022-06-29T16:39:18.798Z]     ========== AL USD Plugin ==========
[2022-06-29T16:39:18.798Z]     CMake Deprecation Warning at plugin/al/CMakeLists.txt:7 (cmake_policy):
[2022-06-29T16:39:18.798Z]       The OLD behavior for policy CMP0026 will be removed from a future version
[2022-06-29T16:39:18.798Z]       of CMake.
[2022-06-29T16:39:18.798Z]     
[2022-06-29T16:39:18.798Z]       The cmake-policies(7) manual explains that the OLD behaviors of all
[2022-06-29T16:39:18.798Z]       policies are deprecated and that a policy should be set to OLD only under
[2022-06-29T16:39:18.798Z]       specific short-term circumstances.  Projects should be ported to the NEW
[2022-06-29T16:39:18.798Z]       behavior and not rely on setting a policy to OLD.
[2022-06-29T16:39:18.798Z]     
[2022-06-29T16:39:18.798Z]     
[2022-06-29T16:39:18.798Z]     -- Found Boost 1.70.0 at /local/S/jenkins/workspace/shared/Artifactory/OSX/USD/73ca68d/lib/cmake/Boost-1.70.0
[2022-06-29T16:39:18.798Z]     --   Requested configuration: QUIET REQUIRED
[2022-06-29T16:39:18.798Z]     -- Found boost_headers 1.70.0 at /local/S/jenkins/workspace/shared/Artifactory/OSX/USD/73ca68d/lib/cmake/boost_headers-1.70.0
[2022-06-29T16:39:18.798Z]     -- Found Boost: /local/S/jenkins/workspace/shared/Artifactory/OSX/USD/73ca68d/lib/cmake/Boost-1.70.0/BoostConfig.cmake (found version "1.70.0")
[2022-06-29T16:39:18.798Z]     -- Found Boost 1.70.0 at /local/S/jenkins/workspace/shared/Artifactory/OSX/USD/73ca68d/lib/cmake/Boost-1.70.0
[2022-06-29T16:39:18.798Z]     --   Requested configuration: QUIET REQUIRED COMPONENTS python
[2022-06-29T16:39:18.798Z]     -- Found boost_python 1.70.0 at /local/S/jenkins/workspace/shared/Artifactory/OSX/USD/73ca68d/lib/cmake/boost_python-1.70.0
[2022-06-29T16:39:18.799Z]     --   libboost_python27.dylib
[2022-06-29T16:39:18.799Z]     -- Adding boost_python dependencies: headers
[2022-06-29T16:39:18.799Z]     -- Found Boost: /local/S/jenkins/workspace/shared/Artifactory/OSX/USD/73ca68d/lib/cmake/Boost-1.70.0/BoostConfig.cmake (found version "1.70.0") found components: python
[2022-06-29T16:39:18.799Z]     -- Found GTest: /local/S/jenkins/workspace/ECP/ecg-maya-usd/ecg-mayausd-branch-preflight-2020-osx/build/RelWithDebInfo/googletest-install/lib/libgtest.dylib
[2022-06-29T16:39:18.799Z]     -- Building AL_USDMayaSchemas
[2022-06-29T16:39:19.470Z]     #################################################################################################
[2022-06-29T16:39:19.470Z]     #  USD_DISABLE_PRIM_DEFINITIONS_FOR_USDGENSCHEMA is overridden to 'true'.  Default is 'false'.  #
[2022-06-29T16:39:19.470Z]     #################################################################################################
[2022-06-29T16:39:19.470Z]     Processing schema classes:
[2022-06-29T16:39:19.470Z]     ALModelAPI, ALFrameRange
[2022-06-29T16:39:19.470Z]     Loading Templates from /local/S/jenkins/workspace/shared/Artifactory/OSX/USD/73ca68d/lib/usd/usd/resources/codegenTemplates
[2022-06-29T16:39:19.470Z]     Writing API:
[2022-06-29T16:39:19.470Z]     	    wrote /local/S/jenkins/workspace/ECP/ecg-maya-usd/ecg-mayausd-branch-preflight-2020-osx/build/RelWithDebInfo/plugin/al/schemas/AL/usd/schemas/maya/api.h
[2022-06-29T16:39:19.470Z]     Writing Schema Tokens:
[2022-06-29T16:39:19.470Z]     	    wrote /local/S/jenkins/workspace/ECP/ecg-maya-usd/ecg-mayausd-branch-preflight-2020-osx/build/RelWithDebInfo/plugin/al/schemas/AL/usd/schemas/maya/tokens.h
[2022-06-29T16:39:19.470Z]     	    wrote /local/S/jenkins/workspace/ECP/ecg-maya-usd/ecg-mayausd-branch-preflight-2020-osx/build/RelWithDebInfo/plugin/al/schemas/AL/usd/schemas/maya/tokens.cpp
[2022-06-29T16:39:19.470Z]     	    wrote /local/S/jenkins/workspace/ECP/ecg-maya-usd/ecg-mayausd-branch-preflight-2020-osx/build/RelWithDebInfo/plugin/al/schemas/AL/usd/schemas/maya/wrapTokens.cpp
[2022-06-29T16:39:19.470Z]     Generating Classes:
[2022-06-29T16:39:19.470Z]     	    wrote /local/S/jenkins/workspace/ECP/ecg-maya-usd/ecg-mayausd-branch-preflight-2020-osx/build/RelWithDebInfo/plugin/al/schemas/AL/usd/schemas/maya/ModelAPI.h
[2022-06-29T16:39:19.470Z]     	    wrote /local/S/jenkins/workspace/ECP/ecg-maya-usd/ecg-mayausd-branch-preflight-2020-osx/build/RelWithDebInfo/plugin/al/schemas/AL/usd/schemas/maya/ModelAPI.cpp
[2022-06-29T16:39:19.470Z]     	    wrote /local/S/jenkins/workspace/ECP/ecg-maya-usd/ecg-mayausd-branch-preflight-2020-osx/build/RelWithDebInfo/plugin/al/schemas/AL/usd/schemas/maya/wrapModelAPI.cpp
[2022-06-29T16:39:19.470Z]     	    wrote /local/S/jenkins/workspace/ECP/ecg-maya-usd/ecg-mayausd-branch-preflight-2020-osx/build/RelWithDebInfo/plugin/al/schemas/AL/usd/schemas/maya/FrameRange.h
[2022-06-29T16:39:19.470Z]     	    wrote /local/S/jenkins/workspace/ECP/ecg-maya-usd/ecg-mayausd-branch-preflight-2020-osx/build/RelWithDebInfo/plugin/al/schemas/AL/usd/schemas/maya/FrameRange.cpp
[2022-06-29T16:39:19.470Z]     	    wrote /local/S/jenkins/workspace/ECP/ecg-maya-usd/ecg-mayausd-branch-preflight-2020-osx/build/RelWithDebInfo/plugin/al/schemas/AL/usd/schemas/maya/wrapFrameRange.cpp
[2022-06-29T16:39:19.470Z]     Loading Templates from /local/S/jenkins/workspace/shared/Artifactory/OSX/USD/73ca68d/lib/usd/usd/resources/codegenTemplates
[2022-06-29T16:39:19.470Z]     	    wrote /local/S/jenkins/workspace/ECP/ecg-maya-usd/ecg-mayausd-branch-preflight-2020-osx/build/RelWithDebInfo/plugin/al/schemas/AL/usd/schemas/maya/plugInfo.json
[2022-06-29T16:39:19.470Z]     Generating Schematics:
[2022-06-29T16:39:19.470Z]     	    wrote /local/S/jenkins/workspace/ECP/ecg-maya-usd/ecg-mayausd-branch-preflight-2020-osx/build/RelWithDebInfo/plugin/al/schemas/AL/usd/schemas/maya/generatedSchema.usda
[2022-06-29T16:39:19.470Z]     #################################################################################################
[2022-06-29T16:39:19.470Z]     #  USD_DISABLE_PRIM_DEFINITIONS_FOR_USDGENSCHEMA is overridden to 'true'.  Default is 'false'.  #
[2022-06-29T16:39:19.470Z]     #################################################################################################
[2022-06-29T16:39:20.235Z]     Processing schema classes:
[2022-06-29T16:39:20.235Z]     ALExamplePolyCubeNode
[2022-06-29T16:39:20.235Z]     Loading Templates from /local/S/jenkins/workspace/shared/Artifactory/OSX/USD/73ca68d/lib/usd/usd/resources/codegenTemplates
[2022-06-29T16:39:20.235Z]     Writing API:
[2022-06-29T16:39:20.235Z]     	    wrote /local/S/jenkins/workspace/ECP/ecg-maya-usd/ecg-mayausd-branch-preflight-2020-osx/build/RelWithDebInfo/plugin/al/schemas/AL/usd/schemas/mayatest/api.h
[2022-06-29T16:39:20.235Z]     Writing Schema Tokens:
[2022-06-29T16:39:20.235Z]     	    wrote /local/S/jenkins/workspace/ECP/ecg-maya-usd/ecg-mayausd-branch-preflight-2020-osx/build/RelWithDebInfo/plugin/al/schemas/AL/usd/schemas/mayatest/tokens.h
[2022-06-29T16:39:20.235Z]     	    wrote /local/S/jenkins/workspace/ECP/ecg-maya-usd/ecg-mayausd-branch-preflight-2020-osx/build/RelWithDebInfo/plugin/al/schemas/AL/usd/schemas/mayatest/tokens.cpp
[2022-06-29T16:39:20.236Z]     	    wrote /local/S/jenkins/workspace/ECP/ecg-maya-usd/ecg-mayausd-branch-preflight-2020-osx/build/RelWithDebInfo/plugin/al/schemas/AL/usd/schemas/mayatest/wrapTokens.cpp
[2022-06-29T16:39:20.236Z]     Generating Classes:
[2022-06-29T16:39:20.236Z]     	    wrote /local/S/jenkins/workspace/ECP/ecg-maya-usd/ecg-mayausd-branch-preflight-2020-osx/build/RelWithDebInfo/plugin/al/schemas/AL/usd/schemas/mayatest/ExamplePolyCubeNode.h
[2022-06-29T16:39:20.236Z]     	    wrote /local/S/jenkins/workspace/ECP/ecg-maya-usd/ecg-mayausd-branch-preflight-2020-osx/build/RelWithDebInfo/plugin/al/schemas/AL/usd/schemas/mayatest/ExamplePolyCubeNode.cpp
[2022-06-29T16:39:20.236Z]     	    wrote /local/S/jenkins/workspace/ECP/ecg-maya-usd/ecg-mayausd-branch-preflight-2020-osx/build/RelWithDebInfo/plugin/al/schemas/AL/usd/schemas/mayatest/wrapExamplePolyCubeNode.cpp
[2022-06-29T16:39:20.236Z]     Loading Templates from /local/S/jenkins/workspace/shared/Artifactory/OSX/USD/73ca68d/lib/usd/usd/resources/codegenTemplates
[2022-06-29T16:39:20.236Z]     	    wrote /local/S/jenkins/workspace/ECP/ecg-maya-usd/ecg-mayausd-branch-preflight-2020-osx/build/RelWithDebInfo/plugin/al/schemas/AL/usd/schemas/mayatest/plugInfo.json
[2022-06-29T16:39:20.236Z]     Generating Schematics:
[2022-06-29T16:39:20.236Z]     	    wrote /local/S/jenkins/workspace/ECP/ecg-maya-usd/ecg-mayausd-branch-preflight-2020-osx/build/RelWithDebInfo/plugin/al/schemas/AL/usd/schemas/mayatest/generatedSchema.usda
[2022-06-29T16:39:20.236Z]     -- Building AL_USDMayaTranslators
[2022-06-29T16:39:20.236Z]     ========== ADSK USD Plugin ==========
[2022-06-29T16:39:20.236Z]     -- Configuring done
[2022-06-29T16:39:22.424Z]     -- Generating done
[2022-06-29T16:39:22.424Z]     -- Build files have been written to: /local/S/jenkins/workspace/ECP/ecg-maya-usd/ecg-mayausd-branch-preflight-2020-osx/build/RelWithDebInfo
[2022-06-29T16:39:22.424Z]     
[2022-06-29T16:39:22.424Z]         Building with settings:
[2022-06-29T16:39:22.424Z]           Source directory          /local/S/jenkins/workspace/ECP/ecg-maya-usd/ecg-mayausd-branch-preflight-2020-osx/ecg-maya-usd/maya-usd
[2022-06-29T16:39:22.424Z]           Workspace directory       /local/S/jenkins/workspace/ECP/ecg-maya-usd/ecg-mayausd-branch-preflight-2020-osx
[2022-06-29T16:39:22.424Z]           Build directory           /local/S/jenkins/workspace/ECP/ecg-maya-usd/ecg-mayausd-branch-preflight-2020-osx/build/RelWithDebInfo
[2022-06-29T16:39:22.424Z]           Install directory         /local/S/jenkins/workspace/ECP/ecg-maya-usd/ecg-mayausd-branch-preflight-2020-osx/install/RelWithDebInfo/MayaUSD
[2022-06-29T16:39:22.424Z]           Variant                   RelWithDebInfo
[2022-06-29T16:39:22.424Z]           Python Debug              Off
[2022-06-29T16:39:22.424Z]           CMake generator           Ninja
[2022-06-29T16:39:22.424Z]           Build arguments           ['-DCMAKE_MAKE_PROGRAM=/local/S/jenkins/workspace/shared/Artifactory/OSX/ninja/1.9.0/41005eb/ninja', '-DPYTHON_INCLUDE_DIR=/local/S/jenkins/workspace/shared/Artifactory/OSX/rundev-2020/202107140359/runtime/446214e/runTime/Maya.app/Contents/Frameworks/Python.framework/Versions/Current/include/python2.7', '-DPython_EXECUTABLE=/local/S/jenkins/workspace/shared/Artifactory/OSX/rundev-2020/202107140359/runtime/446214e/runTime/Maya.app/Contents/bin/mayapy', '-DPYTHON_LIBRARIES=/local/S/jenkins/workspace/shared/Artifactory/OSX/rundev-2020/202107140359/runtime/446214e/runTime/Maya.app/Contents/Frameworks/Python.framework/Versions/Current/lib/libpython2.7.dylib', '-DUSD_LIB_PREFIX=lib', '-DCMAKE_WANT_MATERIALX_BUILD=ON', '-DCMAKE_PREFIX_PATH=/local/S/jenkins/workspace/shared/Artifactory/OSX/USD/73ca68d']
[2022-06-29T16:39:22.424Z]           Stages arguments          ['configure']
[2022-06-29T16:39:22.424Z]           CTest arguments           ['-E testUsdReferenceAssemblySelection|testUsdMayaAppDir', '-LE interactive', '--parallel 4']
[2022-06-29T16:39:22.424Z]     Success MayaUSD build and install !!!!
[2022-06-29T16:39:22.424Z]     Elapsed time: 00:00:17
[Pipeline] }
[Pipeline] // withEnv
[Pipeline] }
[Pipeline] // timeout
[Pipeline] }
[Pipeline] // stage
[Pipeline] }
[Pipeline] // timestamps
[Pipeline] timestamps
[Pipeline] {
[Pipeline] stage
[Pipeline] { (Build)
[Pipeline] timeout
[2022-06-29T16:39:23.687Z] Timeout set to expire in 6 hr 0 min
[Pipeline] {
[Pipeline] withEnv
[Pipeline] {
[Pipeline] sh
[2022-06-29T16:39:26.143Z] + python ecg-maya-usd/build.py --stages=build --workspace-dir=/local/S/jenkins/workspace/ECP/ecg-maya-usd/ecg-mayausd-branch-preflight-2020-osx --artifactory-dir=/local/S/jenkins/workspace/shared/Artifactory --build-dir=/local/S/jenkins/workspace/ECP/ecg-maya-usd/ecg-mayausd-branch-preflight-2020-osx/build --install-dir=/local/S/jenkins/workspace/ECP/ecg-maya-usd/ecg-mayausd-branch-preflight-2020-osx/install --signing-dir=/local/S/jenkins/workspace/ECP/ecg-maya-usd/ecg-mayausd-branch-preflight-2020-osx/signing --package-dir=/local/S/jenkins/workspace/ECP/ecg-maya-usd/ecg-mayausd-branch-preflight-2020-osx/package --output-dir=/local/S/jenkins/workspace/ECP/ecg-maya-usd/ecg-mayausd-branch-preflight-2020-osx/output --stash-dir=/local/S/jenkins/workspace/ECP/ecg-maya-usd/ecg-mayausd-branch-preflight-2020-osx/stash --jenkins-build=67 --git-commit=0c766b3a11068dfbde0e72e125f3581aec5975f5 --git-branch=master --variants=RelWithDebInfo --python=2.7 --post-zips=false --build-retry=3 --maya-cut-config=maya-rundev-2020.yaml --maya-package=rundev-2020 --stage-banner
[2022-06-29T16:39:26.160Z] Using Maya cut from /local/S/jenkins/workspace/shared/Artifactory/OSX/rundev-2020/202107140359/runtime/446214e
[2022-06-29T16:39:26.160Z] Using Maya ADSK Signatures from /local/S/jenkins/workspace/shared/Artifactory/OSX/adsk-plugin-signatures-maya/2023/c1dbfce
[2022-06-29T16:39:26.160Z] Using Maya Security Library from /local/S/jenkins/workspace/shared/Artifactory/OSX/maya-security-library/3.1.0/5f2130f
[2022-06-29T16:39:26.160Z] 
[2022-06-29T16:39:26.160Z] ================================================================================
[2022-06-29T16:39:26.160Z]                              build (RelWithDebInfo)
[2022-06-29T16:39:26.160Z] ================================================================================
[2022-06-29T16:39:26.160Z] Maya Python RelWithDebInfo Info:
[2022-06-29T16:39:26.160Z]   mayapy executable   = /local/S/jenkins/workspace/shared/Artifactory/OSX/rundev-2020/202107140359/runtime/446214e/runTime/Maya.app/Contents/bin/mayapy
[2022-06-29T16:39:26.160Z]   Include Folder      = /local/S/jenkins/workspace/shared/Artifactory/OSX/rundev-2020/202107140359/runtime/446214e/runTime/Maya.app/Contents/Frameworks/Python.framework/Versions/Current/include/python2.7
[2022-06-29T16:39:26.160Z]   Library             = /local/S/jenkins/workspace/shared/Artifactory/OSX/rundev-2020/202107140359/runtime/446214e/runTime/Maya.app/Contents/Frameworks/Python.framework/Versions/Current/lib/libpython2.7.dylib
[2022-06-29T16:39:26.160Z]   site-package Folder = /local/S/jenkins/workspace/shared/Artifactory/OSX/rundev-2020/202107140359/runtime/446214e/runTime/Maya.app/Contents/Frameworks/Python.framework/Versions/Current/lib/python2.7/site-packages
[2022-06-29T16:39:26.812Z] In workdir: /local/S/jenkins/workspace/ECP/ecg-maya-usd/ecg-mayausd-branch-preflight-2020-osx/ecg-maya-usd/maya-usd
[2022-06-29T16:39:26.812Z] Executing: /local/S/jenkins/workspace/shared/Artifactory/OSX/rundev-2020/202107140359/runtime/446214e/runTime/Maya.app/Contents/bin/mayapy /local/S/jenkins/workspace/ECP/ecg-maya-usd/ecg-mayausd-branch-preflight-2020-osx/ecg-maya-usd/maya-usd/build.py --generator Ninja --build-relwithdebug --maya-location /local/S/jenkins/workspace/shared/Artifactory/OSX/rundev-2020/202107140359/runtime/446214e/runTime --devkit-location /local/S/jenkins/workspace/shared/Artifactory/OSX/rundev-2020/202107140359/runtime/446214e/devkitBase --pxrusd-location /local/S/jenkins/workspace/shared/Artifactory/OSX/USD/73ca68d --qt-location /local/S/jenkins/workspace/shared/Artifactory/OSX/qt/5.12.5/3ca78fe --build-args=-DCMAKE_MAKE_PROGRAM=/local/S/jenkins/workspace/shared/Artifactory/OSX/ninja/1.9.0/41005eb/ninja,-DPYTHON_INCLUDE_DIR=/local/S/jenkins/workspace/shared/Artifactory/OSX/rundev-2020/202107140359/runtime/446214e/runTime/Maya.app/Contents/Frameworks/Python.framework/Versions/Current/include/python2.7,-DPython_EXECUTABLE=/local/S/jenkins/workspace/shared/Artifactory/OSX/rundev-2020/202107140359/runtime/446214e/runTime/Maya.app/Contents/bin/mayapy,-DPYTHON_LIBRARIES=/local/S/jenkins/workspace/shared/Artifactory/OSX/rundev-2020/202107140359/runtime/446214e/runTime/Maya.app/Contents/Frameworks/Python.framework/Versions/Current/lib/libpython2.7.dylib,-DUSD_LIB_PREFIX=lib,-DCMAKE_WANT_MATERIALX_BUILD=ON,-DCMAKE_PREFIX_PATH=/local/S/jenkins/workspace/shared/Artifactory/OSX/USD/73ca68d '--ctest-args=-E testUsdReferenceAssemblySelection|testUsdMayaAppDir,-LE interactive,--parallel 4' --stages=build --redirect-outstream-file=False --install-location /local/S/jenkins/workspace/ECP/ecg-maya-usd/ecg-mayausd-branch-preflight-2020-osx/install/RelWithDebInfo/MayaUSD /local/S/jenkins/workspace/ECP/ecg-maya-usd/ecg-mayausd-branch-preflight-2020-osx
[2022-06-29T16:39:26.812Z] Modified environment variables:
[2022-06-29T16:39:26.812Z]     PATH=/local/S/jenkins/workspace/shared/Artifactory/OSX/cmake/3.20.3/2594509/bin:/usr/local/bin:/bin:/usr/sbin:/sbin:/usr/bin
[2022-06-29T16:39:27.531Z]     [1/656] Building CXX object test/lib/usd/plugin/CMakeFiles/usdTestApiWriter.dir/plugin.cpp.o
[2022-06-29T16:39:28.191Z]     [2/656] Building CXX object test/lib/usd/plugin/CMakeFiles/usdTestInfoImportChaser.dir/plugin.cpp.o
[2022-06-29T16:39:31.660Z]     [3/656] Building CXX object test/lib/usd/plugin/CMakeFiles/usdTestUsdPlugin.dir/mayaShaderTranslation.cpp.o
[2022-06-29T16:39:31.660Z]     [4/656] Building CXX object test/lib/usd/plugin/CMakeFiles/usdTestApiWriter.dir/nullApiExporter.cpp.o
[2022-06-29T16:39:31.660Z]     [5/656] Building CXX object test/lib/usd/plugin/CMakeFiles/usdTestMayaPlugin.dir/plugin.cpp.o
[2022-06-29T16:39:31.660Z]     [6/656] Building CXX object test/lib/usd/plugin/CMakeFiles/usdTestInfoImportChaser.dir/infoImportChaser.cpp.o
[2022-06-29T16:39:32.471Z]     [7/656] Building CXX object test/lib/usd/plugin/CMakeFiles/usdTestApiWriter.dir/bulletAdaptor.cpp.o
[2022-06-29T16:39:32.471Z]     [8/656] Building CXX object test/lib/usd/utils/CMakeFiles/testMergePrims.dir/main.cpp.o
[2022-06-29T16:39:32.471Z]     [9/656] Building CXX object test/lib/usd/utils/CMakeFiles/testDiffComputeOverall.dir/main.cpp.o
[2022-06-29T16:39:33.214Z]     [10/656] Building CXX object test/lib/usd/utils/CMakeFiles/testDiffPrims.dir/main.cpp.o
[2022-06-29T16:39:35.924Z]     [11/656] Building CXX object test/lib/usd/plugin/CMakeFiles/usdTestMayaPlugin.dir/mayaShaderTranslation.cpp.o
[2022-06-29T16:39:36.781Z]     [12/656] Building CXX object test/lib/usd/utils/CMakeFiles/testDiffComputeOverall.dir/test_DiffComputeOverall.cpp.o
[2022-06-29T16:39:37.444Z]     [13/656] Building CXX object test/lib/usd/utils/CMakeFiles/testMergePrims.dir/test_MergePrims.cpp.o
[2022-06-29T16:39:37.444Z]     [14/656] Building CXX object test/lib/usd/utils/CMakeFiles/testDiffPrims.dir/test_DiffPrimsAttributes.cpp.o
[2022-06-29T16:39:38.238Z]     [15/656] Building CXX object test/lib/usd/utils/CMakeFiles/testDiffDictionaries.dir/main.cpp.o
[2022-06-29T16:39:40.459Z]     [16/656] Building CXX object test/lib/usd/utils/CMakeFiles/testDiffPrims.dir/test_DiffPrimsRelations.cpp.o
[2022-06-29T16:39:41.155Z]     [17/656] Building CXX object test/lib/usd/utils/CMakeFiles/testDiffLists.dir/main.cpp.o
[2022-06-29T16:39:41.155Z]     [18/656] Building CXX object test/lib/usd/utils/CMakeFiles/testDiffPrims.dir/test_DiffPrimsChildren.cpp.o
[2022-06-29T16:39:41.810Z]     [19/656] Building CXX object test/lib/usd/utils/CMakeFiles/testDiffAttributes.dir/main.cpp.o
[2022-06-29T16:39:41.810Z]     [20/656] Building CXX object test/lib/usd/utils/CMakeFiles/testDiffPrims.dir/test_DiffPrims.cpp.o
[2022-06-29T16:39:42.465Z]     [21/656] Building CXX object test/lib/usd/utils/CMakeFiles/testDiffCore.dir/main.cpp.o
[2022-06-29T16:39:42.465Z]     [22/656] Building CXX object test/lib/usd/utils/CMakeFiles/testDiffDictionaries.dir/test_DiffDictionaries.cpp.o
[2022-06-29T16:39:43.124Z]     [23/656] Building CXX object test/lib/usd/utils/CMakeFiles/testDiffMetadatas.dir/main.cpp.o
[2022-06-29T16:39:44.484Z]     [24/656] Building CXX object test/lib/usd/utils/CMakeFiles/testDiffCore.dir/test_DiffCore.cpp.o
[2022-06-29T16:39:45.121Z]     [25/656] Building CXX object test/lib/usd/utils/CMakeFiles/testDiffValues.dir/main.cpp.o
[2022-06-29T16:39:46.465Z]     [26/656] Building CXX object test/lib/usd/utils/CMakeFiles/testDiffAttributes.dir/test_DiffAttributes.cpp.o
[2022-06-29T16:39:47.122Z]     [27/656] Building CXX object test/lib/usd/utils/CMakeFiles/testDiffLists.dir/test_DiffLists.cpp.o
[2022-06-29T16:39:47.758Z]     [28/656] Building CXX object test/lib/usd/utils/CMakeFiles/testDiffMetadatas.dir/test_DiffMetadatas.cpp.o
[2022-06-29T16:39:49.898Z]     [29/656] Building CXX object test/lib/usd/utils/CMakeFiles/testDiffValues.dir/test_DiffValues.cpp.o
[2022-06-29T16:39:52.846Z]     [30/656] Building CXX object test/lib/usd/utils/CMakeFiles/testDiffValues.dir/test_DiffValuesMatrices.cpp.o
[2022-06-29T16:39:52.846Z]     [31/656] Building CXX object test/lib/usd/utils/CMakeFiles/testDiffValues.dir/test_DiffValuesGeneric.cpp.o
[2022-06-29T16:39:53.489Z]     [32/656] Building CXX object test/lib/usd/utils/CMakeFiles/testDiffValues.dir/test_DiffValuesArrays.cpp.o
[2022-06-29T16:39:55.653Z]     [33/656] Building CXX object test/lib/usd/utils/CMakeFiles/testDiffValues.dir/test_DiffValuesQuaternions.cpp.o
[2022-06-29T16:39:59.539Z]     [34/656] Building CXX object test/lib/usd/utils/CMakeFiles/testDiffValues.dir/test_DiffValuesDoubleVecs.cpp.o
[2022-06-29T16:39:59.539Z]     [35/656] Building CXX object test/lib/usd/utils/CMakeFiles/testDiffValues.dir/test_DiffValuesFloatVecs.cpp.o
[2022-06-29T16:39:59.539Z]     [36/656] Building CXX object test/lib/usd/utils/CMakeFiles/testDiffValues.dir/test_DiffValuesIntVecs.cpp.o
[2022-06-29T16:40:00.186Z]     [37/656] Building CXX object test/lib/usd/utils/CMakeFiles/testDiffRelationships.dir/main.cpp.o
[2022-06-29T16:40:00.187Z]     [38/656] Building CXX object lib/mayaUsd/CMakeFiles/mayaUsd.dir/base/debugCodes.cpp.o
[2022-06-29T16:40:00.187Z]     [39/656] Building CXX object test/lib/usd/utils/CMakeFiles/testDiffValues.dir/test_DiffValuesHalfVecs.cpp.o
[2022-06-29T16:40:00.832Z]     [40/656] Building CXX object lib/mayaUsd/CMakeFiles/mayaUsd.dir/base/tokens.cpp.o
[2022-06-29T16:40:04.677Z]     [41/656] Building CXX object test/lib/usd/utils/CMakeFiles/testDiffRelationships.dir/test_DiffRelationships.cpp.o
[2022-06-29T16:40:04.677Z]     [42/656] Building CXX object lib/mayaUsd/CMakeFiles/mayaUsd.dir/commands/baseListJobContextsCommand.cpp.o
[2022-06-29T16:40:04.677Z]     [43/656] Building CXX object lib/mayaUsd/CMakeFiles/mayaUsd.dir/commands/baseImportCommand.cpp.o
[2022-06-29T16:40:05.329Z]     [44/656] Building CXX object lib/mayaUsd/CMakeFiles/mayaUsd.dir/commands/baseExportCommand.cpp.o
[2022-06-29T16:40:05.970Z]     [45/656] Building CXX object lib/mayaUsd/CMakeFiles/mayaUsd.dir/commands/layerEditorWindowCommand.cpp.o
[2022-06-29T16:40:25.356Z]     [46/656] Building CXX object lib/mayaUsd/CMakeFiles/mayaUsd.dir/commands/editTargetCommand.cpp.o
[2022-06-29T16:40:25.357Z]     [47/656] Building CXX object lib/mayaUsd/CMakeFiles/mayaUsd.dir/commands/baseListShadingModesCommand.cpp.o
[2022-06-29T16:40:25.357Z]     [48/656] Building CXX object lib/mayaUsd/CMakeFiles/mayaUsd.dir/fileio/fallbackPrimReader.cpp.o
[2022-06-29T16:40:25.357Z]     [49/656] Building CXX object lib/mayaUsd/CMakeFiles/mayaUsd.dir/commands/layerEditorCommand.cpp.o
[2022-06-29T16:40:25.357Z]     [50/656] Building CXX object lib/mayaUsd/CMakeFiles/mayaUsd.dir/fileio/functorPrimReader.cpp.o
[2022-06-29T16:40:25.357Z]     [51/656] Building CXX object lib/mayaUsd/CMakeFiles/mayaUsd.dir/fileio/functorPrimWriter.cpp.o
[2022-06-29T16:40:25.357Z]     [52/656] Building CXX object lib/mayaUsd/CMakeFiles/mayaUsd.dir/fileio/importData.cpp.o
[2022-06-29T16:40:25.357Z]     [53/656] Building CXX object lib/mayaUsd/CMakeFiles/mayaUsd.dir/fileio/jobContextRegistry.cpp.o
[2022-06-29T16:40:25.357Z]     [54/656] Building CXX object lib/mayaUsd/CMakeFiles/mayaUsd.dir/fileio/instancedNodeWriter.cpp.o
[2022-06-29T16:40:25.357Z]     [55/656] Building CXX object lib/mayaUsd/CMakeFiles/mayaUsd.dir/fileio/primReader.cpp.o
[2022-06-29T16:40:25.357Z]     [56/656] Building CXX object lib/mayaUsd/CMakeFiles/mayaUsd.dir/fileio/primReaderArgs.cpp.o
[2022-06-29T16:40:25.357Z]     [57/656] Building CXX object lib/mayaUsd/CMakeFiles/mayaUsd.dir/fileio/primReaderContext.cpp.o
[2022-06-29T16:40:25.357Z]     [58/656] Building CXX object lib/mayaUsd/CMakeFiles/mayaUsd.dir/fileio/primReaderRegistry.cpp.o
[2022-06-29T16:40:25.357Z]     [59/656] Building CXX object lib/mayaUsd/CMakeFiles/mayaUsd.dir/fileio/primWriterArgs.cpp.o
[2022-06-29T16:40:25.357Z]     [60/656] Building CXX object lib/mayaUsd/CMakeFiles/mayaUsd.dir/fileio/primWriterContext.cpp.o
[2022-06-29T16:40:25.357Z]     [61/656] Building CXX object lib/mayaUsd/CMakeFiles/mayaUsd.dir/fileio/primWriter.cpp.o
[2022-06-29T16:40:25.357Z]     [62/656] Building CXX object lib/mayaUsd/CMakeFiles/mayaUsd.dir/fileio/registryHelper.cpp.o
[2022-06-29T16:40:25.357Z]     [63/656] Building CXX object lib/mayaUsd/CMakeFiles/mayaUsd.dir/fileio/primWriterRegistry.cpp.o
[2022-06-29T16:40:25.357Z]     [64/656] Building CXX object lib/mayaUsd/CMakeFiles/mayaUsd.dir/fileio/schemaApiAdaptor.cpp.o
[2022-06-29T16:40:26.746Z]     [65/656] Building CXX object lib/mayaUsd/CMakeFiles/mayaUsd.dir/fileio/schemaApiAdaptorRegistry.cpp.o
[2022-06-29T16:40:28.648Z]     [66/656] Building CXX object lib/mayaUsd/CMakeFiles/mayaUsd.dir/fileio/shaderReader.cpp.o
[2022-06-29T16:40:29.304Z]     [67/656] Building CXX object lib/mayaUsd/CMakeFiles/mayaUsd.dir/fileio/shaderWriter.cpp.o
[2022-06-29T16:40:29.304Z]     [68/656] Building CXX object lib/mayaUsd/CMakeFiles/mayaUsd.dir/fileio/shaderReaderRegistry.cpp.o
[2022-06-29T16:40:32.198Z]     [69/656] Building CXX object lib/mayaUsd/CMakeFiles/mayaUsd.dir/fileio/translators/translatorSkel.cpp.o
[2022-06-29T16:40:32.836Z]     [70/656] Building CXX object lib/mayaUsd/CMakeFiles/mayaUsd.dir/fileio/chaser/exportChaser.cpp.o
[2022-06-29T16:40:33.479Z]     [71/656] Building CXX object lib/mayaUsd/CMakeFiles/mayaUsd.dir/fileio/shaderWriterRegistry.cpp.o
[2022-06-29T16:40:34.132Z]     [72/656] Building CXX object lib/mayaUsd/CMakeFiles/mayaUsd.dir/fileio/transformWriter.cpp.o
[2022-06-29T16:40:35.116Z]     [73/656] Building CXX object lib/mayaUsd/CMakeFiles/mayaUsd.dir/fileio/writeJobContext.cpp.o
[2022-06-29T16:40:37.225Z]     [74/656] Building CXX object lib/mayaUsd/CMakeFiles/mayaUsd.dir/fileio/chaser/exportChaserRegistry.cpp.o
[2022-06-29T16:40:37.880Z]     [75/656] Building CXX object lib/mayaUsd/CMakeFiles/mayaUsd.dir/fileio/chaser/importChaserRegistry.cpp.o
[2022-06-29T16:40:37.880Z]     [76/656] Building CXX object lib/mayaUsd/CMakeFiles/mayaUsd.dir/fileio/chaser/importChaser.cpp.o
[2022-06-29T16:40:41.889Z]     [77/656] Building CXX object lib/mayaUsd/CMakeFiles/mayaUsd.dir/fileio/jobs/meshDataReadJob.cpp.o
[2022-06-29T16:40:43.307Z]     [78/656] Building CXX object lib/mayaUsd/CMakeFiles/mayaUsd.dir/fileio/jobs/modelKindProcessor.cpp.o
[2022-06-29T16:40:44.771Z]     [79/656] Building CXX object lib/mayaUsd/CMakeFiles/mayaUsd.dir/fileio/jobs/readJob.cpp.o
[2022-06-29T16:40:46.161Z]     [80/656] Building CXX object lib/mayaUsd/CMakeFiles/mayaUsd.dir/fileio/jobs/jobArgs.cpp.o
[2022-06-29T16:40:48.348Z]     [81/656] Building CXX object lib/mayaUsd/CMakeFiles/mayaUsd.dir/fileio/jobs/writeJob.cpp.o
[2022-06-29T16:40:48.348Z]     [82/656] Building CXX object lib/mayaUsd/CMakeFiles/mayaUsd.dir/fileio/shading/shadingModeDisplayColor.cpp.o
[2022-06-29T16:40:49.838Z]     [83/656] Building CXX object lib/mayaUsd/CMakeFiles/mayaUsd.dir/fileio/shading/shadingModeExporter.cpp.o
[2022-06-29T16:40:52.152Z]     [84/656] Building CXX object lib/mayaUsd/CMakeFiles/mayaUsd.dir/fileio/shading/shadingModeImporter.cpp.o
[2022-06-29T16:40:55.155Z]     [85/656] Building CXX object lib/mayaUsd/CMakeFiles/mayaUsd.dir/fileio/shading/shadingModeRegistry.cpp.o
[2022-06-29T16:40:55.155Z]     [86/656] Building CXX object lib/mayaUsd/CMakeFiles/mayaUsd.dir/fileio/shading/shadingModeExporterContext.cpp.o
[2022-06-29T16:40:56.807Z]     [87/656] Building CXX object lib/mayaUsd/CMakeFiles/mayaUsd.dir/fileio/shading/shadingModePxrRis.cpp.o
[2022-06-29T16:40:58.179Z]     [88/656] Building CXX object lib/mayaUsd/CMakeFiles/mayaUsd.dir/fileio/shading/shadingModeUseRegistry.cpp.o
[2022-06-29T16:40:59.650Z]     [89/656] Building CXX object lib/mayaUsd/CMakeFiles/mayaUsd.dir/fileio/shading/symmetricShaderReader.cpp.o
[2022-06-29T16:41:00.344Z]     [90/656] Building CXX object lib/mayaUsd/CMakeFiles/mayaUsd.dir/fileio/shading/symmetricShaderWriter.cpp.o
[2022-06-29T16:41:01.223Z]     [91/656] Building CXX object lib/mayaUsd/CMakeFiles/mayaUsd.dir/fileio/translators/skelBindingsProcessor.cpp.o
[2022-06-29T16:41:03.395Z]     [92/656] Building CXX object lib/mayaUsd/CMakeFiles/mayaUsd.dir/fileio/translators/translatorCamera.cpp.o
[2022-06-29T16:41:04.045Z]     [93/656] Building CXX object lib/mayaUsd/CMakeFiles/mayaUsd.dir/fileio/translators/translatorGprim.cpp.o
[2022-06-29T16:41:04.045Z]     [94/656] Building CXX object lib/mayaUsd/CMakeFiles/mayaUsd.dir/fileio/translators/translatorCurves.cpp.o
[2022-06-29T16:41:06.164Z]     [95/656] Building CXX object lib/mayaUsd/CMakeFiles/mayaUsd.dir/fileio/translators/translatorLight.cpp.o
[2022-06-29T16:41:08.287Z]     [96/656] Building CXX object lib/mayaUsd/CMakeFiles/mayaUsd.dir/fileio/translators/translatorMayaReference.cpp.o
[2022-06-29T16:41:09.646Z]     [97/656] Building CXX object lib/mayaUsd/CMakeFiles/mayaUsd.dir/fileio/translators/translatorMesh.cpp.o
[2022-06-29T16:41:09.646Z]     [98/656] Building CXX object lib/mayaUsd/CMakeFiles/mayaUsd.dir/fileio/translators/translatorMaterial.cpp.o
[2022-06-29T16:41:11.002Z]     [99/656] Building CXX object lib/mayaUsd/CMakeFiles/mayaUsd.dir/fileio/translators/translatorNurbsPatch.cpp.o
[2022-06-29T16:41:12.348Z]     [100/656] Building CXX object lib/mayaUsd/CMakeFiles/mayaUsd.dir/fileio/translators/translatorPrim.cpp.o
[2022-06-29T16:41:13.722Z]     [101/656] Building CXX object lib/mayaUsd/CMakeFiles/mayaUsd.dir/fileio/translators/translatorUtil.cpp.o
[2022-06-29T16:41:15.552Z]     [102/656] Building CXX object lib/mayaUsd/CMakeFiles/mayaUsd.dir/fileio/translators/translatorXformable.cpp.o
[2022-06-29T16:41:16.202Z]     [103/656] Building CXX object lib/mayaUsd/CMakeFiles/mayaUsd.dir/fileio/translators/translatorRfMLight.cpp.o
[2022-06-29T16:41:16.851Z]     [104/656] Building CXX object lib/mayaUsd/CMakeFiles/mayaUsd.dir/fileio/translators/translatorXformable_decompose.cpp.o
[2022-06-29T16:41:19.953Z]     [105/656] Building CXX object lib/mayaUsd/CMakeFiles/mayaUsd.dir/fileio/utils/adaptor.cpp.o
[2022-06-29T16:41:20.620Z]     [106/656] Building CXX object lib/mayaUsd/CMakeFiles/mayaUsd.dir/fileio/utils/jointWriteUtils.cpp.o
[2022-06-29T16:41:21.986Z]     [107/656] Building CXX object lib/mayaUsd/CMakeFiles/mayaUsd.dir/fileio/utils/meshReadUtils.cpp.o
[2022-06-29T16:41:23.334Z]     [108/656] Building CXX object lib/mayaUsd/CMakeFiles/mayaUsd.dir/fileio/utils/meshWriteUtils.cpp.o
[2022-06-29T16:41:24.668Z]     [109/656] Building CXX object lib/mayaUsd/CMakeFiles/mayaUsd.dir/fileio/utils/roundTripUtil.cpp.o
[2022-06-29T16:41:25.333Z]     [110/656] Building CXX object lib/mayaUsd/CMakeFiles/mayaUsd.dir/fileio/utils/readUtil.cpp.o
[2022-06-29T16:41:27.448Z]     [111/656] Building CXX object lib/mayaUsd/CMakeFiles/mayaUsd.dir/fileio/utils/userTaggedAttribute.cpp.o
[2022-06-29T16:41:28.807Z]     [112/656] Building CXX object lib/mayaUsd/CMakeFiles/mayaUsd.dir/listeners/notice.cpp.o
[2022-06-29T16:41:28.807Z]     [113/656] Building CXX object lib/mayaUsd/CMakeFiles/mayaUsd.dir/fileio/utils/shadingUtil.cpp.o
[2022-06-29T16:41:30.175Z]     [114/656] Building CXX object lib/mayaUsd/CMakeFiles/mayaUsd.dir/fileio/utils/xformStack.cpp.o
[2022-06-29T16:41:32.459Z]     [115/656] Building CXX object lib/mayaUsd/CMakeFiles/mayaUsd.dir/listeners/proxyShapeNotice.cpp.o
[2022-06-29T16:41:32.459Z]     [116/656] Building CXX object lib/mayaUsd/CMakeFiles/mayaUsd.dir/listeners/stageNoticeListener.cpp.o
[2022-06-29T16:41:33.099Z]     [117/656] Building CXX object lib/mayaUsd/CMakeFiles/mayaUsd.dir/fileio/utils/writeUtil.cpp.o
[2022-06-29T16:41:33.750Z]     [118/656] Building CXX object lib/mayaUsd/CMakeFiles/mayaUsd.dir/nodes/hdImagingShape.cpp.o
[2022-06-29T16:41:36.366Z]     [119/656] Building CXX object lib/mayaUsd/CMakeFiles/mayaUsd.dir/nodes/pointBasedDeformerNode.cpp.o
[2022-06-29T16:41:37.032Z]     [120/656] Building CXX object lib/mayaUsd/CMakeFiles/mayaUsd.dir/nodes/proxyAccessor.cpp.o
[2022-06-29T16:41:37.669Z]     [121/656] Building CXX object lib/mayaUsd/CMakeFiles/mayaUsd.dir/nodes/proxyShapeLoadRules.cpp.o
[2022-06-29T16:41:40.602Z]     [122/656] Building CXX object lib/mayaUsd/CMakeFiles/mayaUsd.dir/nodes/stageData.cpp.o
[2022-06-29T16:41:41.264Z]     [123/656] Building CXX object lib/mayaUsd/CMakeFiles/mayaUsd.dir/nodes/proxyShapeBase.cpp.o
[2022-06-29T16:41:41.923Z]     [124/656] Building CXX object lib/mayaUsd/CMakeFiles/mayaUsd.dir/nodes/stageNode.cpp.o
[2022-06-29T16:41:41.923Z]     [125/656] Building CXX object lib/mayaUsd/CMakeFiles/mayaUsd.dir/nodes/proxyShapePlugin.cpp.o
[2022-06-29T16:41:42.609Z]     [126/656] Building CXX object lib/mayaUsd/CMakeFiles/mayaUsd.dir/render/px_vp20/glslProgram.cpp.o
[2022-06-29T16:41:43.254Z]     [127/656] Building CXX object lib/mayaUsd/CMakeFiles/mayaUsd.dir/nodes/usdPrimProvider.cpp.o
[2022-06-29T16:41:43.254Z]     [128/656] Building CXX object lib/mayaUsd/CMakeFiles/mayaUsd.dir/python/moduleDeps.cpp.o
[2022-06-29T16:41:45.359Z]     [129/656] Building CXX object lib/mayaUsd/CMakeFiles/mayaUsd.dir/render/px_vp20/utils.cpp.o
[2022-06-29T16:41:45.359Z]     [130/656] Building CXX object lib/mayaUsd/CMakeFiles/mayaUsd.dir/render/px_vp20/utils_legacy.cpp.o
[2022-06-29T16:41:45.999Z]     [131/656] Building CXX object lib/mayaUsd/CMakeFiles/mayaUsd.dir/render/pxrUsdMayaGL/debugCodes.cpp.o
[2022-06-29T16:41:49.034Z]     [132/656] Building CXX object lib/mayaUsd/CMakeFiles/mayaUsd.dir/nodes/layerManager.cpp.o
[2022-06-29T16:41:51.171Z]     [133/656] Building CXX object lib/mayaUsd/CMakeFiles/mayaUsd.dir/render/pxrUsdMayaGL/hdImagingShapeDrawOverride.cpp.o
[2022-06-29T16:41:51.813Z]     [134/656] Building CXX object lib/mayaUsd/CMakeFiles/mayaUsd.dir/render/pxrUsdMayaGL/batchRenderer.cpp.o
[2022-06-29T16:41:51.814Z]     [135/656] Building CXX object lib/mayaUsd/CMakeFiles/mayaUsd.dir/render/pxrUsdMayaGL/hdImagingShapeUI.cpp.o
[2022-06-29T16:41:55.746Z]     [136/656] Building CXX object lib/mayaUsd/CMakeFiles/mayaUsd.dir/render/pxrUsdMayaGL/instancerImager.cpp.o
[2022-06-29T16:41:57.105Z]     [137/656] Building CXX object lib/mayaUsd/CMakeFiles/mayaUsd.dir/render/pxrUsdMayaGL/proxyShapeDelegate.cpp.o
[2022-06-29T16:41:57.756Z]     [138/656] Building CXX object lib/mayaUsd/CMakeFiles/mayaUsd.dir/render/pxrUsdMayaGL/proxyDrawOverride.cpp.o
[2022-06-29T16:41:58.413Z]     [139/656] Building CXX object lib/mayaUsd/CMakeFiles/mayaUsd.dir/render/pxrUsdMayaGL/instancerShapeAdapter.cpp.o
[2022-06-29T16:41:59.054Z]     [140/656] Building CXX object lib/mayaUsd/CMakeFiles/mayaUsd.dir/render/pxrUsdMayaGL/softSelectHelper.cpp.o
[2022-06-29T16:42:02.028Z]     [141/656] Building CXX object lib/mayaUsd/CMakeFiles/mayaUsd.dir/render/pxrUsdMayaGL/proxyShapeUI.cpp.o
[2022-06-29T16:42:02.028Z]     [142/656] Building CXX object lib/mayaUsd/CMakeFiles/mayaUsd.dir/render/pxrUsdMayaGL/userData.cpp.o
[2022-06-29T16:42:03.397Z]     [143/656] Building CXX object lib/mayaUsd/CMakeFiles/mayaUsd.dir/render/pxrUsdMayaGL/shapeAdapter.cpp.o
[2022-06-29T16:42:03.397Z]     [144/656] Building CXX object lib/mayaUsd/CMakeFiles/mayaUsd.dir/render/pxrUsdMayaGL/sceneDelegate.cpp.o
[2022-06-29T16:42:04.057Z]     [145/656] Building CXX object lib/mayaUsd/CMakeFiles/mayaUsd.dir/render/vp2RenderDelegate/bboxGeom.cpp.o
[2022-06-29T16:42:04.057Z]     [146/656] Building CXX object lib/mayaUsd/CMakeFiles/mayaUsd.dir/render/vp2RenderDelegate/debugCodes.cpp.o
[2022-06-29T16:42:05.474Z]     [147/656] Building CXX object lib/mayaUsd/CMakeFiles/mayaUsd.dir/render/pxrUsdMayaGL/usdProxyShapeAdapter.cpp.o
[2022-06-29T16:42:07.284Z]     [148/656] Building CXX object lib/mayaUsd/CMakeFiles/mayaUsd.dir/render/vp2RenderDelegate/extComputation.cpp.o
[2022-06-29T16:42:07.284Z]     [149/656] Building CXX object lib/mayaUsd/CMakeFiles/mayaUsd.dir/render/vp2RenderDelegate/draw_item.cpp.o
[2022-06-29T16:42:09.412Z]     [150/656] Building CXX object lib/mayaUsd/CMakeFiles/mayaUsd.dir/render/vp2RenderDelegate/instancer.cpp.o
[2022-06-29T16:42:10.783Z]     [151/656] Building CXX object lib/mayaUsd/CMakeFiles/mayaUsd.dir/render/vp2RenderDelegate/basisCurves.cpp.o
[2022-06-29T16:42:10.783Z]     [152/656] Building CXX object lib/mayaUsd/CMakeFiles/mayaUsd.dir/render/vp2RenderDelegate/meshViewportCompute.cpp.o
[2022-06-29T16:42:13.812Z]     [153/656] Building CXX object lib/mayaUsd/CMakeFiles/mayaUsd.dir/render/vp2RenderDelegate/mayaPrimCommon.cpp.o
[2022-06-29T16:42:15.945Z]     [154/656] Building CXX object lib/mayaUsd/CMakeFiles/mayaUsd.dir/render/vp2RenderDelegate/material.cpp.o
[2022-06-29T16:42:19.068Z]     [155/656] Building CXX object lib/mayaUsd/CMakeFiles/mayaUsd.dir/render/vp2RenderDelegate/mesh.cpp.o
[2022-06-29T16:42:19.785Z]     [156/656] Building CXX object lib/mayaUsd/CMakeFiles/mayaUsd.dir/render/vp2RenderDelegate/points.cpp.o
[2022-06-29T16:42:21.171Z]     [157/656] Building CXX object lib/mayaUsd/CMakeFiles/mayaUsd.dir/render/vp2RenderDelegate/sampler.cpp.o
[2022-06-29T16:42:21.171Z]     [158/656] Building CXX object lib/mayaUsd/CMakeFiles/mayaUsd.dir/render/vp2RenderDelegate/render_param.cpp.o
[2022-06-29T16:42:21.893Z]     [159/656] Building CXX object lib/mayaUsd/CMakeFiles/mayaUsd.dir/render/vp2RenderDelegate/shader.cpp.o
[2022-06-29T16:42:21.893Z]     [160/656] Building CXX object lib/mayaUsd/CMakeFiles/mayaUsd.dir/render/vp2RenderDelegate/render_delegate.cpp.o
[2022-06-29T16:42:21.893Z]     [161/656] Building CXX object lib/mayaUsd/CMakeFiles/mayaUsd.dir/render/vp2RenderDelegate/tokens.cpp.o
[2022-06-29T16:42:21.893Z]     [162/656] Building CXX object lib/mayaUsd/CMakeFiles/mayaUsd.dir/render/vp2RenderDelegate/proxyRenderDelegate.cpp.o
[2022-06-29T16:42:25.958Z]     [163/656] Building CXX object lib/mayaUsd/CMakeFiles/mayaUsd.dir/ufe/ProxyShapeHandler.cpp.o
[2022-06-29T16:42:25.958Z]     [164/656] Building CXX object lib/mayaUsd/CMakeFiles/mayaUsd.dir/render/vp2ShaderFragments/shaderFragments.cpp.o
[2022-06-29T16:42:27.350Z]     [165/656] Building CXX object lib/mayaUsd/CMakeFiles/mayaUsd.dir/ufe/Global.cpp.o
[2022-06-29T16:42:28.019Z]     [166/656] Building CXX object lib/mayaUsd/CMakeFiles/mayaUsd.dir/ufe/ProxyShapeHierarchy.cpp.o
[2022-06-29T16:42:31.287Z]     [167/656] Building CXX object lib/mayaUsd/CMakeFiles/mayaUsd.dir/ufe/ProxyShapeHierarchyHandler.cpp.o
[2022-06-29T16:42:33.405Z]     [168/656] Building CXX object lib/mayaUsd/CMakeFiles/mayaUsd.dir/ufe/StagesSubject.cpp.o
[2022-06-29T16:42:33.406Z]     [169/656] Building CXX object lib/mayaUsd/CMakeFiles/mayaUsd.dir/ufe/UsdHierarchyHandler.cpp.o
[2022-06-29T16:42:33.406Z]     [170/656] Building CXX object lib/mayaUsd/CMakeFiles/mayaUsd.dir/ufe/UsdHierarchy.cpp.o
[2022-06-29T16:42:36.353Z]     [171/656] Building CXX object lib/mayaUsd/CMakeFiles/mayaUsd.dir/ufe/UsdPointInstanceOrientationModifier.cpp.o
[2022-06-29T16:42:38.771Z]     [172/656] Building CXX object lib/mayaUsd/CMakeFiles/mayaUsd.dir/ufe/UsdPointInstancePositionModifier.cpp.o
[2022-06-29T16:42:38.771Z]     [173/656] Building CXX object lib/mayaUsd/CMakeFiles/mayaUsd.dir/ufe/UsdRootChildHierarchy.cpp.o
[2022-06-29T16:42:38.771Z]     [174/656] Building CXX object lib/mayaUsd/CMakeFiles/mayaUsd.dir/ufe/UsdPointInstanceScaleModifier.cpp.o
[2022-06-29T16:42:41.715Z]     [175/656] Building CXX object lib/mayaUsd/CMakeFiles/mayaUsd.dir/ufe/UsdRotatePivotTranslateUndoableCommand.cpp.o
[2022-06-29T16:42:43.826Z]     [176/656] Building CXX object lib/mayaUsd/CMakeFiles/mayaUsd.dir/ufe/UsdSceneItem.cpp.o
[2022-06-29T16:42:43.826Z]     [177/656] Building CXX object lib/mayaUsd/CMakeFiles/mayaUsd.dir/ufe/UsdRotateUndoableCommand.cpp.o
[2022-06-29T16:42:44.473Z]     [178/656] Building CXX object lib/mayaUsd/CMakeFiles/mayaUsd.dir/ufe/UsdScaleUndoableCommand.cpp.o
[2022-06-29T16:42:47.431Z]     [179/656] Building CXX object lib/mayaUsd/CMakeFiles/mayaUsd.dir/ufe/UsdSceneItemOpsHandler.cpp.o
[2022-06-29T16:42:49.679Z]     [180/656] Building CXX object lib/mayaUsd/CMakeFiles/mayaUsd.dir/ufe/UsdSceneItemOps.cpp.o
[2022-06-29T16:42:49.679Z]     [181/656] Building CXX object lib/mayaUsd/CMakeFiles/mayaUsd.dir/ufe/UsdTRSUndoableCommandBase.cpp.o
[2022-06-29T16:42:50.350Z]     [182/656] Building CXX object lib/mayaUsd/CMakeFiles/mayaUsd.dir/ufe/UsdStageMap.cpp.o
[2022-06-29T16:42:53.279Z]     [183/656] Building CXX object lib/mayaUsd/CMakeFiles/mayaUsd.dir/ufe/UsdTransform3d.cpp.o
[2022-06-29T16:42:54.651Z]     [184/656] Building CXX object lib/mayaUsd/CMakeFiles/mayaUsd.dir/ufe/UsdTransform3dHandler.cpp.o
[2022-06-29T16:42:55.305Z]     [185/656] Building CXX object lib/mayaUsd/CMakeFiles/mayaUsd.dir/ufe/UsdTranslateUndoableCommand.cpp.o
[2022-06-29T16:42:55.955Z]     [186/656] Building CXX object lib/mayaUsd/CMakeFiles/mayaUsd.dir/ufe/UsdUndoDeleteCommand.cpp.o
[2022-06-29T16:42:57.333Z]     [187/656] Building CXX object lib/mayaUsd/CMakeFiles/mayaUsd.dir/ufe/moduleDeps.cpp.o
[2022-06-29T16:42:57.985Z]     [188/656] Building CXX object lib/mayaUsd/CMakeFiles/mayaUsd.dir/ufe/private/UfeNotifGuard.cpp.o
[2022-06-29T16:42:58.627Z]     [189/656] Building CXX object lib/mayaUsd/CMakeFiles/mayaUsd.dir/ufe/UsdUndoDuplicateCommand.cpp.o
[2022-06-29T16:43:00.749Z]     [190/656] Building CXX object lib/mayaUsd/CMakeFiles/mayaUsd.dir/undo/OpUndoItemList.cpp.o
[2022-06-29T16:43:00.749Z]     [191/656] Building CXX object lib/mayaUsd/CMakeFiles/mayaUsd.dir/ufe/UsdUndoRenameCommand.cpp.o
[2022-06-29T16:43:00.749Z]     [192/656] Building CXX object lib/mayaUsd/CMakeFiles/mayaUsd.dir/undo/OpUndoItemRecorder.cpp.o
[2022-06-29T16:43:02.181Z]     [193/656] Building CXX object lib/mayaUsd/CMakeFiles/mayaUsd.dir/ufe/private/Utils.cpp.o
[2022-06-29T16:43:04.476Z]     [194/656] Building CXX object lib/mayaUsd/CMakeFiles/mayaUsd.dir/undo/UsdUndoBlock.cpp.o
[2022-06-29T16:43:04.476Z]     [195/656] Building CXX object lib/mayaUsd/CMakeFiles/mayaUsd.dir/ufe/Utils.cpp.o
[2022-06-29T16:43:05.117Z]     [196/656] Building CXX object lib/mayaUsd/CMakeFiles/mayaUsd.dir/undo/UsdUndoableItem.cpp.o
[2022-06-29T16:43:05.784Z]     [197/656] Building CXX object lib/mayaUsd/CMakeFiles/mayaUsd.dir/undo/UsdUndoManager.cpp.o
[2022-06-29T16:43:05.784Z]     [198/656] Building CXX object lib/mayaUsd/CMakeFiles/mayaUsd.dir/utils/blockSceneModificationContext.cpp.o
[2022-06-29T16:43:05.784Z]     [199/656] Building CXX object lib/mayaUsd/CMakeFiles/mayaUsd.dir/utils/colorSpace.cpp.o
[2022-06-29T16:43:06.446Z]     [200/656] Building CXX object lib/mayaUsd/CMakeFiles/mayaUsd.dir/undo/OpUndoItems.cpp.o
[2022-06-29T16:43:07.854Z]     [201/656] Building CXX object lib/mayaUsd/CMakeFiles/mayaUsd.dir/utils/diagnosticDelegate.cpp.o
[2022-06-29T16:43:08.551Z]     [202/656] Building CXX object lib/mayaUsd/CMakeFiles/mayaUsd.dir/utils/customLayerData.cpp.o
[2022-06-29T16:43:09.906Z]     [203/656] Building CXX object lib/mayaUsd/CMakeFiles/mayaUsd.dir/undo/UsdUndoStateDelegate.cpp.o
[2022-06-29T16:43:11.270Z]     [204/656] Building CXX object lib/mayaUsd/CMakeFiles/mayaUsd.dir/utils/editability.cpp.o
[2022-06-29T16:43:11.919Z]     [205/656] Building CXX object lib/mayaUsd/CMakeFiles/mayaUsd.dir/utils/converter.cpp.o
[2022-06-29T16:43:13.274Z]     [206/656] Building CXX object lib/mayaUsd/CMakeFiles/mayaUsd.dir/utils/loadRules.cpp.o
[2022-06-29T16:43:14.178Z]     [207/656] Building CXX object lib/mayaUsd/CMakeFiles/mayaUsd.dir/utils/editRouter.cpp.o
[2022-06-29T16:43:14.178Z]     [208/656] Building CXX object lib/mayaUsd/CMakeFiles/mayaUsd.dir/utils/loadRulesText.cpp.o
[2022-06-29T16:43:14.820Z]     [209/656] Building CXX object lib/mayaUsd/CMakeFiles/mayaUsd.dir/utils/loadRulesAttribute.cpp.o
[2022-06-29T16:43:14.820Z]     [210/656] Building CXX object lib/mayaUsd/CMakeFiles/mayaUsd.dir/utils/progressBarScope.cpp.o
[2022-06-29T16:43:15.464Z]     [211/656] Building CXX object lib/mayaUsd/CMakeFiles/mayaUsd.dir/utils/plugRegistryHelper.cpp.o
[2022-06-29T16:43:16.795Z]     [212/656] Building CXX object lib/mayaUsd/CMakeFiles/mayaUsd.dir/utils/query.cpp.o
[2022-06-29T16:43:18.901Z]     [213/656] Building CXX object lib/mayaUsd/CMakeFiles/mayaUsd.dir/utils/selectability.cpp.o
[2022-06-29T16:43:18.901Z]     [214/656] Building CXX object lib/mayaUsd/CMakeFiles/mayaUsd.dir/utils/traverseLayer.cpp.o
[2022-06-29T16:43:18.901Z]     [215/656] Building CXX object lib/mayaUsd/CMakeFiles/mayaUsd.dir/utils/stageCache.cpp.o
[2022-06-29T16:43:20.275Z]     [216/656] Building CXX object lib/mayaUsd/CMakeFiles/mayaUsd.dir/utils/undoHelperCommand.cpp.o
[2022-06-29T16:43:23.233Z]     [217/656] Building CXX object lib/mayaUsd/CMakeFiles/mayaUsd.dir/utils/utilFileSystem.cpp.o
[2022-06-29T16:43:23.233Z]     [218/656] Building CXX object lib/mayaUsd/python/CMakeFiles/_mayaUsd.dir/module.cpp.o
[2022-06-29T16:43:23.233Z]     [219/656] Building CXX object lib/mayaUsd/CMakeFiles/mayaUsd.dir/utils/variants.cpp.o
[2022-06-29T16:43:23.929Z]     [220/656] Building CXX object lib/mayaUsd/CMakeFiles/mayaUsd.dir/utils/utilSerialization.cpp.o
[2022-06-29T16:43:26.034Z]     [221/656] Building CXX object lib/mayaUsd/python/CMakeFiles/_mayaUsd.dir/pythonObjectRegistry.cpp.o
[2022-06-29T16:43:27.396Z]     [222/656] Building CXX object lib/mayaUsd/python/CMakeFiles/_mayaUsd.dir/wrapSparseValueWriter.cpp.o
[2022-06-29T16:43:28.044Z]     [223/656] Building CXX object lib/mayaUsd/CMakeFiles/mayaUsd.dir/utils/util.cpp.o
[2022-06-29T16:43:28.712Z]     [224/656] Building CXX object lib/mayaUsd/python/CMakeFiles/_mayaUsd.dir/wrapBlockSceneModificationContext.cpp.o
[2022-06-29T16:43:29.368Z]     [225/656] Building CXX object lib/mayaUsd/python/CMakeFiles/_mayaUsd.dir/wrapColorSpace.cpp.o
[2022-06-29T16:43:30.748Z]     [226/656] Building CXX object lib/mayaUsd/python/CMakeFiles/_mayaUsd.dir/wrapDiagnosticDelegate.cpp.o
[2022-06-29T16:43:32.086Z]     [227/656] Building CXX object lib/mayaUsd/python/CMakeFiles/_mayaUsd.dir/wrapAdaptor.cpp.o
[2022-06-29T16:43:33.449Z]     [228/656] Building CXX object lib/mayaUsd/python/CMakeFiles/_mayaUsd.dir/wrapConverter.cpp.o
[2022-06-29T16:43:33.449Z]     [229/656] Building CXX object lib/mayaUsd/python/CMakeFiles/_mayaUsd.dir/wrapEditRouter.cpp.o
[2022-06-29T16:43:34.084Z]     [230/656] Building CXX object lib/mayaUsd/python/CMakeFiles/_mayaUsd.dir/wrapOpUndoItem.cpp.o
[2022-06-29T16:43:35.440Z]     [231/656] Building CXX object lib/mayaUsd/python/CMakeFiles/_mayaUsd.dir/wrapMeshWriteUtils.cpp.o
[2022-06-29T16:43:36.769Z]     [232/656] Building CXX object lib/mayaUsd/python/CMakeFiles/_mayaUsd.dir/wrapQuery.cpp.o
[2022-06-29T16:43:38.137Z]     [233/656] Building CXX object lib/mayaUsd/python/CMakeFiles/_mayaUsd.dir/wrapReadUtil.cpp.o
[2022-06-29T16:43:38.137Z]     [234/656] Building CXX object lib/mayaUsd/python/CMakeFiles/_mayaUsd.dir/wrapRoundTripUtil.cpp.o
[2022-06-29T16:43:38.810Z]     [235/656] Building CXX object lib/mayaUsd/python/CMakeFiles/_mayaUsd.dir/wrapTokens.cpp.o
[2022-06-29T16:43:39.483Z]     [236/656] Building CXX object lib/mayaUsd/python/CMakeFiles/_mayaUsd.dir/wrapStageCache.cpp.o
[2022-06-29T16:43:41.619Z]     [237/656] Building CXX object lib/mayaUsd/python/CMakeFiles/_mayaUsd.dir/wrapUsdUndoManager.cpp.o
[2022-06-29T16:43:42.891Z]     [238/656] Building CXX object lib/mayaUsd/python/CMakeFiles/_mayaUsd.dir/wrapTranslatorUtil.cpp.o
[2022-06-29T16:43:43.552Z]     [239/656] Building CXX object lib/mayaUsd/python/CMakeFiles/_mayaUsd.dir/wrapUserTaggedAttribute.cpp.o
[2022-06-29T16:43:43.552Z]     [240/656] Building CXX object lib/mayaUsd/python/CMakeFiles/_mayaUsd.dir/wrapUtil.cpp.o
[2022-06-29T16:43:46.459Z]     [241/656] Building CXX object lib/mayaUsd/python/CMakeFiles/_mayaUsd.dir/wrapWriteUtil.cpp.o
[2022-06-29T16:43:47.120Z]     [242/656] Building CXX object lib/mayaUsd/python/CMakeFiles/_mayaUsd.dir/wrapOpenMaya.cpp.o
[2022-06-29T16:43:48.472Z]     [243/656] Building CXX object lib/mayaUsd/python/CMakeFiles/_mayaUsd.dir/wrapXformStack.cpp.o
[2022-06-29T16:43:52.299Z]     [244/656] Building CXX object lib/mayaUsd/python/CMakeFiles/_mayaUsd.dir/wrapExportChaser.cpp.o
[2022-06-29T16:43:54.384Z]     [245/656] Building CXX object lib/mayaUsd/python/CMakeFiles/_mayaUsd.dir/wrapImportChaser.cpp.o
[2022-06-29T16:43:55.148Z]     [246/656] Building CXX object lib/mayaUsd/python/CMakeFiles/_mayaUsd.dir/wrapPrimReader.cpp.o
[2022-06-29T16:43:55.807Z]     [247/656] Building CXX object lib/mayaUsd/python/CMakeFiles/_mayaUsd.dir/wrapJobContextRegistry.cpp.o
[2022-06-29T16:43:57.914Z]     [248/656] Building CXX object lib/mayaUsd/python/CMakeFiles/_mayaUsd.dir/wrapPrimWriter.cpp.o
[2022-06-29T16:43:57.914Z]     [249/656] Building CXX object lib/mayaUsd/ufe/CMakeFiles/_ufe.dir/module.cpp.o
[2022-06-29T16:43:59.274Z]     [250/656] Building CXX object lib/mayaUsd/python/CMakeFiles/_mayaUsd.dir/wrapShadingUtil.cpp.o
[2022-06-29T16:43:59.274Z]     [251/656] Building CXX object lib/mayaUsd/ufe/CMakeFiles/_ufe.dir/wrapGlobal.cpp.o
[2022-06-29T16:44:01.415Z]     [252/656] Building CXX object lib/mayaUsd/python/CMakeFiles/_mayaUsd.dir/wrapShadingMode.cpp.o
[2022-06-29T16:44:01.415Z]     [253/656] Building CXX object plugin/al/lib/AL_USDMaya/CMakeFiles/AL_USDMaya.dir/AL/usdmaya/DebugCodes.cpp.o
[2022-06-29T16:44:02.797Z]     [254/656] Building CXX object lib/mayaUsd/python/CMakeFiles/_mayaUsd.dir/wrapSchemaApiAdaptor.cpp.o
[2022-06-29T16:44:04.136Z]     [255/656] Building CXX object lib/mayaUsd/ufe/CMakeFiles/_ufe.dir/wrapNotice.cpp.o
[2022-06-29T16:44:04.136Z]     [256/656] Building CXX object lib/mayaUsd/render/mayaToHydra/CMakeFiles/mtoh.dir/pluginDebugCodes.cpp.o
[2022-06-29T16:44:06.260Z]     [257/656] Building CXX object lib/mayaUsd/ufe/CMakeFiles/_ufe.dir/wrapUtils.cpp.o
[2022-06-29T16:44:08.375Z]     [258/656] Building CXX object lib/mayaUsd/render/mayaToHydra/CMakeFiles/mtoh.dir/defaultLightDelegate.cpp.o
[2022-06-29T16:44:09.023Z]     [259/656] Building CXX object lib/mayaUsd/render/mayaToHydra/CMakeFiles/mtoh.dir/plugin.cpp.o
[2022-06-29T16:44:09.687Z]     [260/656] Building CXX object lib/mayaUsd/render/mayaToHydra/CMakeFiles/mtoh.dir/tokens.cpp.o
[2022-06-29T16:44:12.629Z]     [261/656] Building CXX object lib/mayaUsd/render/mayaToHydra/CMakeFiles/mtoh.dir/utils.cpp.o
[2022-06-29T16:44:13.267Z]     [262/656] Building CXX object lib/mayaUsd/render/mayaToHydra/CMakeFiles/mtoh.dir/renderGlobals.cpp.o
[2022-06-29T16:44:13.267Z]     [263/656] Building CXX object lib/usd/hdMaya/CMakeFiles/hdMaya.dir/debugCodes.cpp.o
[2022-06-29T16:44:14.089Z]     [264/656] Building CXX object lib/mayaUsd/render/mayaToHydra/CMakeFiles/mtoh.dir/shadingModeExporter.cpp.o
[2022-06-29T16:44:14.090Z]     [265/656] Building CXX object lib/mayaUsd/render/mayaToHydra/CMakeFiles/mtoh.dir/renderOverride.cpp.o
[2022-06-29T16:44:14.090Z]     [266/656] Building CXX object lib/usd/hdMaya/CMakeFiles/hdMaya.dir/utils.cpp.o
[2022-06-29T16:44:14.731Z]     [267/656] Building CXX object lib/usd/hdMaya/CMakeFiles/hdMaya.dir/adapters/adapterDebugCodes.cpp.o
[2022-06-29T16:44:17.924Z]     [268/656] Building CXX object lib/usd/hdMaya/CMakeFiles/hdMaya.dir/adapters/adapter.cpp.o
[2022-06-29T16:44:18.576Z]     [269/656] Building CXX object lib/mayaUsd/render/mayaToHydra/CMakeFiles/mtoh.dir/viewCommand.cpp.o
[2022-06-29T16:44:19.231Z]     [270/656] Building CXX object lib/usd/hdMaya/CMakeFiles/hdMaya.dir/adapters/aiSkydomeLightAdapter.cpp.o
[2022-06-29T16:44:20.565Z]     [271/656] Building CXX object lib/usd/hdMaya/CMakeFiles/hdMaya.dir/adapters/adapterRegistry.cpp.o
[2022-06-29T16:44:21.208Z]     [272/656] Building CXX object lib/usd/hdMaya/CMakeFiles/hdMaya.dir/adapters/areaLightAdapter.cpp.o
[2022-06-29T16:44:22.551Z]     [273/656] Building CXX object lib/usd/hdMaya/CMakeFiles/hdMaya.dir/adapters/cameraAdapter.cpp.o
[2022-06-29T16:44:23.184Z]     [274/656] Building CXX object lib/usd/hdMaya/CMakeFiles/hdMaya.dir/adapters/dagAdapter.cpp.o
[2022-06-29T16:44:24.523Z]     [275/656] Building CXX object lib/usd/hdMaya/CMakeFiles/hdMaya.dir/adapters/directionalLightAdapter.cpp.o
[2022-06-29T16:44:25.872Z]     [276/656] Building CXX object lib/usd/hdMaya/CMakeFiles/hdMaya.dir/adapters/lightAdapter.cpp.o
[2022-06-29T16:44:26.529Z]     [277/656] Building CXX object lib/usd/hdMaya/CMakeFiles/hdMaya.dir/adapters/mayaAttrs.cpp.o
[2022-06-29T16:44:27.954Z]     [278/656] Building CXX object lib/usd/hdMaya/CMakeFiles/hdMaya.dir/adapters/materialAdapter.cpp.o
[2022-06-29T16:44:30.086Z]     [279/656] Building CXX object lib/usd/hdMaya/CMakeFiles/hdMaya.dir/adapters/proxyAdapter.cpp.o
[2022-06-29T16:44:31.449Z]     [280/656] Building CXX object lib/usd/hdMaya/CMakeFiles/hdMaya.dir/adapters/meshAdapter.cpp.o
[2022-06-29T16:44:32.810Z]     [281/656] Building CXX object lib/usd/hdMaya/CMakeFiles/hdMaya.dir/adapters/nurbsCurveAdapter.cpp.o
[2022-06-29T16:44:32.810Z]     [282/656] Building CXX object lib/usd/hdMaya/CMakeFiles/hdMaya.dir/adapters/materialNetworkConverter.cpp.o
[2022-06-29T16:44:33.474Z]     [283/656] Building CXX object lib/usd/hdMaya/CMakeFiles/hdMaya.dir/adapters/pointLightAdapter.cpp.o
[2022-06-29T16:44:33.474Z]     [284/656] Building CXX object lib/usd/hdMaya/CMakeFiles/hdMaya.dir/adapters/tokens.cpp.o
[2022-06-29T16:44:35.608Z]     [285/656] Building CXX object lib/usd/hdMaya/CMakeFiles/hdMaya.dir/adapters/shapeAdapter.cpp.o
[2022-06-29T16:44:36.267Z]     [286/656] Building CXX object lib/usd/hdMaya/CMakeFiles/hdMaya.dir/delegates/delegateDebugCodes.cpp.o
[2022-06-29T16:44:36.920Z]     [287/656] Building CXX object lib/usd/hdMaya/CMakeFiles/hdMaya.dir/adapters/spotLightAdapter.cpp.o
[2022-06-29T16:44:37.581Z]     [288/656] Building CXX object lib/usd/hdMaya/CMakeFiles/hdMaya.dir/delegates/delegate.cpp.o
[2022-06-29T16:44:38.956Z]     [289/656] Building CXX object lib/usd/hdMaya/CMakeFiles/hdMaya.dir/delegates/delegateCtx.cpp.o
[2022-06-29T16:44:40.406Z]     [290/656] Building CXX object lib/usd/hdMaya/CMakeFiles/hdMaya.dir/delegates/delegateRegistry.cpp.o
[2022-06-29T16:44:43.332Z]     [291/656] Building CXX object lib/usd/hdMaya/CMakeFiles/hdMaya.dir/delegates/proxyUsdImagingDelegate.cpp.o
[2022-06-29T16:44:43.332Z]     [292/656] Building CXX object lib/usd/pxrUsdPreviewSurface/CMakeFiles/basePxrUsdPreviewSurface.dir/cpvColor.cpp.o
[2022-06-29T16:44:43.974Z]     [293/656] Building CXX object lib/usd/hdMaya/CMakeFiles/hdMaya.dir/delegates/proxyDelegate.cpp.o
[2022-06-29T16:44:44.614Z]     [294/656] Building CXX object lib/usd/pxrUsdPreviewSurface/CMakeFiles/basePxrUsdPreviewSurface.dir/usdPreviewSurface.cpp.o
[2022-06-29T16:44:44.614Z]     [295/656] Building CXX object lib/usd/hdMaya/CMakeFiles/hdMaya.dir/delegates/sceneDelegate.cpp.o
[2022-06-29T16:44:45.250Z]     [296/656] Building CXX object lib/usd/pxrUsdPreviewSurface/CMakeFiles/basePxrUsdPreviewSurface.dir/usdPreviewSurfaceShadingNodeOverride.cpp.o
[2022-06-29T16:44:46.623Z]     [297/656] Building CXX object lib/usd/hdMaya/CMakeFiles/hdMaya.dir/delegates/testDelegate.cpp.o
[2022-06-29T16:44:49.341Z]     [298/656] Building CXX object lib/usd/pxrUsdPreviewSurface/CMakeFiles/basePxrUsdPreviewSurface.dir/usdPreviewSurfacePlugin.cpp.o
[2022-06-29T16:44:49.342Z]     [299/656] Building CXX object lib/usd/pxrUsdPreviewSurface/CMakeFiles/basePxrUsdPreviewSurface.dir/usdPreviewSurfaceReader.cpp.o
[2022-06-29T16:44:50.034Z]     [300/656] Building CXX object lib/usd/pxrUsdPreviewSurface/CMakeFiles/basePxrUsdPreviewSurface.dir/usdPreviewSurfaceWriter.cpp.o
[2022-06-29T16:44:52.984Z]     [301/656] Building CXX object lib/usd/translators/CMakeFiles/mayaUsd_Translators.dir/jointWriter.cpp.o
[2022-06-29T16:44:52.984Z]     [302/656] Building CXX object lib/usd/translators/CMakeFiles/mayaUsd_Translators.dir/cameraReader.cpp.o
[2022-06-29T16:44:54.341Z]     [303/656] Building CXX object lib/usd/translators/CMakeFiles/mayaUsd_Translators.dir/cameraWriter.cpp.o
[2022-06-29T16:44:55.693Z]     [304/656] Building CXX object lib/usd/translators/CMakeFiles/mayaUsd_Translators.dir/instancerWriter.cpp.o
[2022-06-29T16:44:57.037Z]     [305/656] Building CXX object lib/usd/translators/CMakeFiles/mayaUsd_Translators.dir/lightRfMReader.cpp.o
[2022-06-29T16:44:57.037Z]     [306/656] Building CXX object lib/usd/translators/CMakeFiles/mayaUsd_Translators.dir/lightReader.cpp.o
[2022-06-29T16:44:57.688Z]     [307/656] Building CXX object lib/usd/translators/CMakeFiles/mayaUsd_Translators.dir/lightRfMWriter.cpp.o
[2022-06-29T16:45:00.624Z]     [308/656] Building CXX object lib/usd/translators/CMakeFiles/mayaUsd_Translators.dir/lightWriter.cpp.o
[2022-06-29T16:45:01.286Z]     [309/656] Building CXX object lib/usd/translators/CMakeFiles/mayaUsd_Translators.dir/locatorWriter.cpp.o
[2022-06-29T16:45:01.286Z]     [310/656] Building CXX object lib/usd/translators/CMakeFiles/mayaUsd_Translators.dir/materialReader.cpp.o
[2022-06-29T16:45:01.931Z]     [311/656] Building CXX object lib/usd/translators/CMakeFiles/mayaUsd_Translators.dir/mayaReferenceReader.cpp.o
[2022-06-29T16:45:04.870Z]     [312/656] Building CXX object lib/usd/translators/CMakeFiles/mayaUsd_Translators.dir/meshReader.cpp.o
[2022-06-29T16:45:06.235Z]     [313/656] Building CXX object lib/usd/translators/CMakeFiles/mayaUsd_Translators.dir/nurbsCurvesReader.cpp.o
[2022-06-29T16:45:06.882Z]     [314/656] Building CXX object lib/usd/translators/CMakeFiles/mayaUsd_Translators.dir/meshWriter.cpp.o
[2022-06-29T16:45:09.006Z]     [315/656] Building CXX object lib/usd/translators/CMakeFiles/mayaUsd_Translators.dir/meshWriter_BlendShapes.cpp.o
[2022-06-29T16:45:10.387Z]     [316/656] Building CXX object lib/usd/translators/CMakeFiles/mayaUsd_Translators.dir/nurbsPatchReader.cpp.o
[2022-06-29T16:45:10.387Z]     [317/656] Building CXX object lib/usd/translators/CMakeFiles/mayaUsd_Translators.dir/plugin.cpp.o
[2022-06-29T16:45:11.107Z]     [318/656] Building CXX object lib/usd/translators/CMakeFiles/mayaUsd_Translators.dir/nurbsCurveWriter.cpp.o
[2022-06-29T16:45:13.220Z]     [319/656] Building CXX object lib/usd/translators/CMakeFiles/mayaUsd_Translators.dir/nurbsSurfaceWriter.cpp.o
[2022-06-29T16:45:14.592Z]     [320/656] Building CXX object lib/usd/translators/CMakeFiles/mayaUsd_Translators.dir/scopeReader.cpp.o
[2022-06-29T16:45:15.257Z]     [321/656] Building CXX object lib/usd/translators/CMakeFiles/mayaUsd_Translators.dir/particleWriter.cpp.o
[2022-06-29T16:45:15.894Z]     [322/656] Building CXX object lib/usd/translators/CMakeFiles/mayaUsd_Translators.dir/skelReader.cpp.o
[2022-06-29T16:45:17.238Z]     [323/656] Building CXX object lib/usd/translators/CMakeFiles/mayaUsd_Translators.dir/shading/shadingTokens.cpp.o
[2022-06-29T16:45:17.883Z]     [324/656] Building CXX object lib/usd/translators/CMakeFiles/mayaUsd_Translators.dir/strokeWriter.cpp.o
[2022-06-29T16:45:19.245Z]     [325/656] Building CXX object lib/usd/translators/CMakeFiles/mayaUsd_Translators.dir/xformReader.cpp.o
[2022-06-29T16:45:20.409Z]     [326/656] Building CXX object lib/usd/translators/CMakeFiles/mayaUsd_Translators.dir/shading/usdBlinnReader.cpp.o
[2022-06-29T16:45:21.762Z]     [327/656] Building CXX object lib/usd/translators/CMakeFiles/mayaUsd_Translators.dir/shading/usdBlinnWriter.cpp.o
[2022-06-29T16:45:23.118Z]     [328/656] Building CXX object lib/usd/translators/CMakeFiles/mayaUsd_Translators.dir/shading/usdDisplacementShaderWriter.cpp.o
[2022-06-29T16:45:24.472Z]     [329/656] Building CXX object lib/usd/translators/CMakeFiles/mayaUsd_Translators.dir/shading/usdFileTextureWriter.cpp.o
[2022-06-29T16:45:25.111Z]     [330/656] Building CXX object lib/usd/translators/CMakeFiles/mayaUsd_Translators.dir/shading/usdLambertReader.cpp.o
[2022-06-29T16:45:26.551Z]     [331/656] Building CXX object lib/usd/translators/CMakeFiles/mayaUsd_Translators.dir/shading/usdLambertWriter.cpp.o
[2022-06-29T16:45:27.320Z]     [332/656] Building CXX object lib/usd/translators/CMakeFiles/mayaUsd_Translators.dir/shading/usdMaterialReader.cpp.o
[2022-06-29T16:45:29.413Z]     [333/656] Building CXX object lib/usd/translators/CMakeFiles/mayaUsd_Translators.dir/shading/usdMaterialWriter.cpp.o
[2022-06-29T16:45:30.061Z]     [334/656] Building CXX object lib/usd/translators/CMakeFiles/mayaUsd_Translators.dir/shading/usdPhongReader.cpp.o
[2022-06-29T16:45:31.422Z]     [335/656] Building CXX object lib/usd/translators/CMakeFiles/mayaUsd_Translators.dir/shading/usdPhongWriter.cpp.o
[2022-06-29T16:45:32.059Z]     [336/656] Building CXX object lib/usd/translators/CMakeFiles/mayaUsd_Translators.dir/shading/usdPhongEWriter.cpp.o
[2022-06-29T16:45:33.405Z]     [337/656] Building CXX object lib/usd/translators/CMakeFiles/mayaUsd_Translators.dir/shading/usdReflectWriter.cpp.o
[2022-06-29T16:45:35.521Z]     [338/656] Building CXX object lib/usd/translators/CMakeFiles/mayaUsd_Translators.dir/shading/usdPrimvarReaderFloat3Reader.cpp.o
[2022-06-29T16:45:35.521Z]     [339/656] Building CXX object lib/usd/translators/CMakeFiles/mayaUsd_Translators.dir/shading/usdUVTextureReader.cpp.o
[2022-06-29T16:45:36.176Z]     [340/656] Building CXX object lib/usd/schemas/CMakeFiles/_schemas.dir/module.cpp.o
[2022-06-29T16:45:38.324Z]     [341/656] Building CXX object lib/usd/schemas/CMakeFiles/_schemas.dir/wrapTokens.cpp.o
[2022-06-29T16:45:38.324Z]     [342/656] Building CXX object lib/usd/translators/CMakeFiles/mayaUsd_Translators.dir/shading/usdStandardSurfaceReader.cpp.o
[2022-06-29T16:45:38.996Z]     [343/656] Building CXX object lib/usd/translators/CMakeFiles/mayaUsd_Translators.dir/shading/rfmShaderTranslation.cpp.o
[2022-06-29T16:45:40.359Z]     [344/656] Building CXX object lib/usd/translators/CMakeFiles/mayaUsd_Translators.dir/shading/usdStandardSurfaceWriter.cpp.o
[2022-06-29T16:45:43.303Z]     [345/656] Building CXX object lib/usd/schemas/CMakeFiles/mayaUsd_Schemas.dir/ALMayaReference.cpp.o
[2022-06-29T16:45:43.303Z]     [346/656] Building CXX object lib/usd/schemas/CMakeFiles/_schemas.dir/wrapMayaReference.cpp.o
[2022-06-29T16:45:43.303Z]     [347/656] Building CXX object lib/usd/schemas/CMakeFiles/_schemas.dir/wrapALMayaReference.cpp.o
[2022-06-29T16:45:43.955Z]     [348/656] Building CXX object lib/usd/schemas/CMakeFiles/mayaUsd_Schemas.dir/tokens.cpp.o
[2022-06-29T16:45:43.955Z]     [349/656] Building CXX object lib/usd/utils/CMakeFiles/mayaUsdUtils.dir/DebugCodes.cpp.o
[2022-06-29T16:45:43.955Z]     [350/656] Building CXX object lib/usd/utils/CMakeFiles/mayaUsdUtils.dir/DiffCore.cpp.o
[2022-06-29T16:45:44.620Z]     [351/656] Building CXX object lib/usd/schemas/CMakeFiles/mayaUsd_Schemas.dir/ModuleDeps.cpp.o
[2022-06-29T16:45:44.620Z]     [352/656] Building CXX object lib/usd/schemas/CMakeFiles/mayaUsd_Schemas.dir/MayaReference.cpp.o
[2022-06-29T16:45:44.620Z]     [353/656] Linking CXX shared library lib/usd/schemas/libmayaUsd_Schemas.dylib
[2022-06-29T16:45:44.620Z]     [354/656] Linking CXX shared library lib/usd/schemas/_schemas.so
[2022-06-29T16:45:47.574Z]     [355/656] Building CXX object lib/usd/utils/CMakeFiles/mayaUsdUtils.dir/DiffAttributes.cpp.o
[2022-06-29T16:45:47.574Z]     [356/656] Building CXX object lib/usd/utils/CMakeFiles/mayaUsdUtils.dir/DiffDictionaries.cpp.o
[2022-06-29T16:45:48.945Z]     [357/656] Building CXX object lib/usd/utils/CMakeFiles/mayaUsdUtils.dir/DiffMetadatas.cpp.o
[2022-06-29T16:45:48.945Z]     [358/656] Building CXX object lib/usd/utils/CMakeFiles/mayaUsdUtils.dir/DiffLists.cpp.o
[2022-06-29T16:45:51.045Z]     [359/656] Building CXX object lib/usd/utils/CMakeFiles/mayaUsdUtils.dir/DiffRelationships.cpp.o
[2022-06-29T16:45:52.523Z]     [360/656] Building CXX object lib/usd/utils/CMakeFiles/mayaUsdUtils.dir/DiffPrims.cpp.o
[2022-06-29T16:45:53.871Z]     [361/656] Building CXX object lib/usd/utils/CMakeFiles/mayaUsdUtils.dir/MergePrimsOptions.cpp.o
[2022-06-29T16:45:53.871Z]     [362/656] Copying importTranslator.h ...
[2022-06-29T16:45:53.871Z]     [363/656] Copying listShadingModesCommand.h ...
[2022-06-29T16:45:53.871Z]     [364/656] Copying api.h ...
[2022-06-29T16:45:53.871Z]     [365/656] Copying editUtil.h ...
[2022-06-29T16:45:53.871Z]     [366/656] Copying translatorModelAssembly.h ...
[2022-06-29T16:45:53.871Z]     [367/656] Copying exportCommand.h ...
[2022-06-29T16:45:53.871Z]     [368/656] Copying exportTranslator.h ...
[2022-06-29T16:45:53.871Z]     [369/656] Building CXX object lib/usd/utils/CMakeFiles/mayaUsdUtils.dir/DiffValues.cpp.o
[2022-06-29T16:45:53.871Z]     [370/656] Copying importCommand.h ...
[2022-06-29T16:45:53.871Z]     [371/656] Copying proxyShape.h ...
[2022-06-29T16:45:53.871Z]     [372/656] Copying referenceAssembly.h ...
[2022-06-29T16:45:53.871Z]     [373/656] Copying readJobWithSceneAssembly.h ...
[2022-06-29T16:45:53.871Z]     [374/656] Copying instancerShapeAdapterWithSceneAssembly.h ...
[2022-06-29T16:45:53.871Z]     [375/656] Generating AEpxrUsdReferenceAssemblyTemplate.pyc
[2022-06-29T16:45:53.871Z]     [376/656] Generating __init__.pyc
[2022-06-29T16:45:53.871Z]     [377/656] Generating userExportedAttributesUI.pyc
[2022-06-29T16:45:56.806Z]     [378/656] Building CXX object lib/usd/utils/CMakeFiles/mayaUsdUtils.dir/util.cpp.o
[2022-06-29T16:45:57.457Z]     [379/656] Building CXX object lib/usd/utils/CMakeFiles/mayaUsdUtils.dir/MergePrims.cpp.o
[2022-06-29T16:45:57.457Z]     [380/656] Linking CXX shared library lib/usd/utils/libmayaUsdUtils.dylib
[2022-06-29T16:45:57.457Z]     [381/656] Linking CXX executable test/lib/usd/utils/testMergePrims
[2022-06-29T16:45:57.457Z]     [382/656] Linking CXX executable test/lib/usd/utils/testDiffComputeOverall
[2022-06-29T16:45:57.457Z]     [383/656] Linking CXX executable test/lib/usd/utils/testDiffPrims
[2022-06-29T16:45:57.457Z]     [384/656] Linking CXX executable test/lib/usd/utils/testDiffDictionaries
[2022-06-29T16:45:57.457Z]     [385/656] Linking CXX executable test/lib/usd/utils/testDiffLists
[2022-06-29T16:45:57.457Z]     [386/656] Linking CXX executable test/lib/usd/utils/testDiffAttributes
[2022-06-29T16:45:57.457Z]     [387/656] Linking CXX executable test/lib/usd/utils/testDiffCore
[2022-06-29T16:45:57.457Z]     [388/656] Linking CXX executable test/lib/usd/utils/testDiffMetadatas
[2022-06-29T16:45:57.457Z]     [389/656] Linking CXX executable test/lib/usd/utils/testDiffValues
[2022-06-29T16:45:58.126Z]     [390/656] Linking CXX executable test/lib/usd/utils/testDiffRelationships
[2022-06-29T16:45:58.126Z]     [391/656] Linking CXX shared library lib/mayaUsd/libmayaUsd.dylib
[2022-06-29T16:45:58.126Z]     [392/656] Linking CXX shared library test/lib/usd/plugin/libusdTestApiWriter.dylib
[2022-06-29T16:45:58.126Z]     [393/656] Linking CXX shared library test/lib/usd/plugin/libusdTestUsdPlugin.dylib
[2022-06-29T16:45:58.811Z]     [394/656] Linking CXX shared library test/lib/usd/plugin/usdTestInfoImportChaser.bundle
[2022-06-29T16:45:58.811Z]     [395/656] Building CXX object plugin/pxr/maya/lib/usdMaya/CMakeFiles/usdMaya.dir/readJobWithSceneAssembly.cpp.o
[2022-06-29T16:45:58.811Z]     [396/656] Linking CXX shared library test/lib/usd/plugin/usdTestMayaPlugin.bundle
[2022-06-29T16:45:58.811Z]     [397/656] Linking CXX shared library lib/mayaUsd/ufe/_ufe.so
[2022-06-29T16:45:58.811Z]     [398/656] Linking CXX shared library lib/usd/hdMaya/libhdMaya.dylib
[2022-06-29T16:45:58.811Z]     [399/656] Linking CXX shared library lib/mayaUsd/python/_mayaUsd.so
[2022-06-29T16:45:58.811Z]     [400/656] Linking CXX shared library lib/mayaUsd/render/mayaToHydra/mtoh.bundle
[2022-06-29T16:45:58.811Z]     [401/656] Linking CXX shared library lib/usd/pxrUsdPreviewSurface/libbasePxrUsdPreviewSurface.dylib
[2022-06-29T16:45:59.468Z]     [402/656] Linking CXX shared library lib/usd/translators/libmayaUsd_Translators.dylib
[2022-06-29T16:46:00.274Z]     [403/656] Building CXX object plugin/pxr/maya/lib/usdMaya/CMakeFiles/usdMaya.dir/readJob_ImportWithProxies.cpp.o
[2022-06-29T16:46:07.623Z]     [404/656] Building CXX object plugin/pxr/maya/lib/usdMaya/CMakeFiles/usdMaya.dir/instancerShapeAdapterWithSceneAssembly.cpp.o
[2022-06-29T16:46:08.264Z]     [405/656] Building CXX object plugin/pxr/maya/lib/usdMaya/CMakeFiles/usdMaya.dir/editUtil.cpp.o
[2022-06-29T16:46:10.387Z]     [406/656] Building CXX object plugin/pxr/maya/lib/usdMaya/CMakeFiles/usdMaya.dir/translatorModelAssembly.cpp.o
[2022-06-29T16:46:12.472Z]     [407/656] Building CXX object plugin/pxr/maya/lib/usdMaya/CMakeFiles/usdMaya.dir/exportCommand.cpp.o
[2022-06-29T16:46:13.120Z]     [408/656] Automatic MOC and UIC for target mayaUsdUI
[2022-06-29T16:46:13.121Z]     [409/656] Automatic RCC for layerEditor/resources.qrc
[2022-06-29T16:46:13.121Z]     [410/656] Automatic RCC for importDialog/images/ui.qrc
[2022-06-29T16:46:14.615Z]     [411/656] Building CXX object plugin/pxr/maya/lib/usdMaya/CMakeFiles/usdMaya.dir/exportTranslator.cpp.o
[2022-06-29T16:46:14.615Z]     [412/656] Building CXX object plugin/pxr/maya/lib/usdMaya/CMakeFiles/usdMaya.dir/importCommand.cpp.o
[2022-06-29T16:46:16.731Z]     [413/656] Building CXX object lib/usd/ui/CMakeFiles/mayaUsdUI.dir/layerEditor/dirtyLayersCountBadge.cpp.o
[2022-06-29T16:46:16.731Z]     [414/656] Building CXX object lib/usd/ui/CMakeFiles/mayaUsdUI.dir/layerEditor/generatedIconButton.cpp.o
[2022-06-29T16:46:17.386Z]     [415/656] Building CXX object plugin/pxr/maya/lib/usdMaya/CMakeFiles/usdMaya.dir/importTranslator.cpp.o
[2022-06-29T16:46:18.745Z]     [416/656] Building CXX object lib/usd/ui/CMakeFiles/mayaUsdUI.dir/mayaUsdUI_autogen/mocs_compilation.cpp.o
[2022-06-29T16:46:21.764Z]     [417/656] Building CXX object lib/usd/ui/CMakeFiles/mayaUsdUI.dir/layerEditor/layerEditorWidget.cpp.o
[2022-06-29T16:46:22.415Z]     [418/656] Building CXX object lib/usd/ui/CMakeFiles/mayaUsdUI.dir/layerEditor/layerTreeItemDelegate.cpp.o
[2022-06-29T16:46:23.072Z]     [419/656] Building CXX object lib/usd/ui/CMakeFiles/mayaUsdUI.dir/layerEditor/layerTreeItem.cpp.o
[2022-06-29T16:46:25.175Z]     [420/656] Building CXX object lib/usd/ui/CMakeFiles/mayaUsdUI.dir/layerEditor/layerTreeModel.cpp.o
[2022-06-29T16:46:27.360Z]     [421/656] Building CXX object lib/usd/ui/CMakeFiles/mayaUsdUI.dir/layerEditor/mayaCommandHook.cpp.o
[2022-06-29T16:46:27.360Z]     [422/656] Building CXX object lib/usd/ui/CMakeFiles/mayaUsdUI.dir/layerEditor/layerTreeView.cpp.o
[2022-06-29T16:46:27.360Z]     [423/656] Building CXX object lib/usd/ui/CMakeFiles/mayaUsdUI.dir/layerEditor/loadLayersDialog.cpp.o
[2022-06-29T16:46:29.472Z]     [424/656] Building CXX object lib/usd/ui/CMakeFiles/mayaUsdUI.dir/layerEditor/mayaQtUtils.cpp.o
[2022-06-29T16:46:30.127Z]     [425/656] Building CXX object lib/usd/ui/CMakeFiles/mayaUsdUI.dir/layerEditor/mayaLayerEditorWindow.cpp.o
[2022-06-29T16:46:31.557Z]     [426/656] Building CXX object lib/usd/ui/CMakeFiles/mayaUsdUI.dir/layerEditor/qtUtils.cpp.o
[2022-06-29T16:46:32.207Z]     [427/656] Building CXX object lib/usd/ui/CMakeFiles/mayaUsdUI.dir/layerEditor/pathChecker.cpp.o
[2022-06-29T16:46:32.887Z]     [428/656] Building CXX object lib/usd/ui/CMakeFiles/mayaUsdUI.dir/layerEditor/mayaSessionState.cpp.o
[2022-06-29T16:46:33.548Z]     [429/656] Building CXX object lib/usd/ui/CMakeFiles/mayaUsdUI.dir/layerEditor/stringResources.cpp.o
[2022-06-29T16:46:34.211Z]     [430/656] Building CXX object lib/usd/ui/CMakeFiles/mayaUsdUI.dir/layerEditor/sessionState.cpp.o
[2022-06-29T16:46:35.575Z]     [431/656] Building CXX object lib/usd/ui/CMakeFiles/mayaUsdUI.dir/layerEditor/warningDialogs.cpp.o
[2022-06-29T16:46:36.953Z]     [432/656] Building CXX object lib/usd/ui/CMakeFiles/mayaUsdUI.dir/layerEditor/stageSelectorWidget.cpp.o
[2022-06-29T16:46:39.085Z]     [433/656] Building CXX object lib/usd/ui/CMakeFiles/mayaUsdUI.dir/layerEditor/saveLayersDialog.cpp.o
[2022-06-29T16:46:39.747Z]     [434/656] Building CXX object lib/usd/ui/CMakeFiles/mayaUsdUI.dir/layerEditor/batchSaveLayersUIDelegate.cpp.o
[2022-06-29T16:46:40.393Z]     [435/656] Building CXX object lib/usd/ui/CMakeFiles/mayaUsdUI.dir/importDialog/ItemDelegate.cpp.o
[2022-06-29T16:46:41.030Z]     [436/656] Building CXX object lib/usd/ui/CMakeFiles/mayaUsdUI.dir/importDialog/TreeItem.cpp.o
[2022-06-29T16:46:43.960Z]     [437/656] Building CXX object lib/usd/ui/CMakeFiles/mayaUsdUI.dir/importDialog/TreeModel.cpp.o
[2022-06-29T16:46:43.960Z]     [438/656] Building CXX object lib/usd/ui/CMakeFiles/mayaUsdUI.dir/importDialog/TreeModelFactory.cpp.o
[2022-06-29T16:46:44.636Z]     [439/656] Building CXX object lib/usd/ui/CMakeFiles/mayaUsdUI.dir/initStringResources.cpp.o
[2022-06-29T16:46:44.636Z]     [440/656] Building CXX object lib/usd/ui/CMakeFiles/mayaUsdUI.dir/importDialog/USDQtUtil.cpp.o
[2022-06-29T16:46:44.637Z]     [441/656] Building CXX object lib/usd/ui/CMakeFiles/mayaUsdUI.dir/mayaUsdUI_autogen/AUCU3ACLTF/qrc_ui.cpp.o
[2022-06-29T16:46:44.637Z]     [442/656] Building CXX object lib/usd/ui/CMakeFiles/mayaUsdUI.dir/mayaUsdUI_autogen/5WMDHDZAMM/qrc_resources.cpp.o
[2022-06-29T16:46:44.637Z]     [443/656] Building CXX object lib/usd/ui/CMakeFiles/mayaUsdUI.dir/importDialog/USDImportDialog.cpp.o
[2022-06-29T16:46:45.289Z]     [444/656] Building CXX object plugin/pxr/maya/lib/usdMaya/CMakeFiles/usdMaya.dir/listShadingModesCommand.cpp.o
[2022-06-29T16:46:45.289Z]     [445/656] Building CXX object plugin/pxr/maya/lib/usdMaya/CMakeFiles/_usdMaya.dir/module.cpp.o
[2022-06-29T16:46:45.289Z]     [446/656] Building CXX object lib/usd/ui/CMakeFiles/mayaUsdUI.dir/importDialog/USDImportDialogCmd.cpp.o
[2022-06-29T16:46:45.950Z]     [447/656] Linking CXX shared library lib/usd/ui/libmayaUsdUI.dylib
[2022-06-29T16:46:45.950Z]     [448/656] Automatic MOC and UIC for target testMayaUsdUI
[2022-06-29T16:46:45.950Z]     [449/656] Building CXX object lib/usd/ui/importDialogDemo/CMakeFiles/testMayaUsdUI.dir/testMayaUsdUI_autogen/mocs_compilation.cpp.o
[2022-06-29T16:46:48.883Z]     [450/656] Building CXX object plugin/pxr/maya/lib/usdMaya/CMakeFiles/_usdMaya.dir/wrapAssembly.cpp.o
[2022-06-29T16:46:50.256Z]     [451/656] Building CXX object lib/usd/ui/importDialogDemo/CMakeFiles/testMayaUsdUI.dir/testMayaUsdUI.cpp.o
[2022-06-29T16:46:50.256Z]     [452/656] Linking CXX executable lib/usd/ui/importDialogDemo/testMayaUsdUI
[2022-06-29T16:46:50.256Z]     [453/656] Copying api.h ...
[2022-06-29T16:46:50.256Z]     [454/656] Building CXX object plugin/pxr/maya/lib/usdMaya/CMakeFiles/usdMaya.dir/proxyShape.cpp.o
[2022-06-29T16:46:54.107Z]     [455/656] Building CXX object plugin/pxr/maya/lib/usdMaya/CMakeFiles/usdMaya.dir/referenceAssembly.cpp.o
[2022-06-29T16:46:54.107Z]     [456/656] Linking CXX shared library plugin/pxr/maya/lib/usdMaya/libusdMaya.dylib
[2022-06-29T16:46:54.773Z]     [457/656] Building CXX object plugin/pxr/maya/lib/usdMaya/CMakeFiles/_usdMaya.dir/wrapEditUtil.cpp.o
[2022-06-29T16:46:54.773Z]     [458/656] Linking CXX shared library plugin/pxr/maya/lib/usdMaya/_usdMaya.so
[2022-06-29T16:46:54.773Z]     [459/656] Copying api.h ...
[2022-06-29T16:46:55.436Z]     [460/656] Building CXX object plugin/pxr/maya/plugin/pxrUsd/CMakeFiles/pxrUsd.dir/alembicChaser.cpp.o
[2022-06-29T16:46:56.782Z]     [461/656] Building CXX object plugin/pxr/maya/plugin/pxrUsd/CMakeFiles/pxrUsd.dir/plugin.cpp.o
[2022-06-29T16:46:56.782Z]     [462/656] Building CXX object plugin/al/utils/AL/CMakeFiles/AL_EventSystem.dir/event/EventHandler.cpp.o
[2022-06-29T16:46:56.782Z]     [463/656] Linking CXX shared library plugin/al/utils/AL/libAL_EventSystem.dylib
[2022-06-29T16:46:57.434Z]     [464/656] Building CXX object plugin/al/mayatest/AL/maya/test/CMakeFiles/AL_MayaTest.dir/testHarness.cpp.o
[2022-06-29T16:46:57.434Z]     [465/656] Building CXX object plugin/pxr/maya/plugin/pxrUsd/CMakeFiles/pxrUsd.dir/usdTranslator.cpp.o
[2022-06-29T16:46:57.434Z]     [466/656] Linking CXX shared library plugin/pxr/maya/plugin/pxrUsd/pxrUsd.bundle
[2022-06-29T16:46:58.091Z]     [467/656] Building CXX object plugin/al/mayatest/AL/maya/test/CMakeFiles/AL_MayaTest.dir/testHelpers.cpp.o
[2022-06-29T16:46:58.091Z]     [468/656] Linking CXX shared library plugin/al/mayatest/AL/maya/test/libAL_MayaTest.dylib
[2022-06-29T16:46:58.747Z]     [469/656] Building CXX object plugin/al/mayautils/AL/maya/CMakeFiles/AL_MayaUtils.dir/utils/MenuBuilder.cpp.o
[2022-06-29T16:46:58.747Z]     [470/656] Building CXX object plugin/al/mayautils/AL/maya/CMakeFiles/AL_MayaUtils.dir/utils/FileTranslatorOptions.cpp.o
[2022-06-29T16:46:58.747Z]     [471/656] Building CXX object plugin/pxr/maya/plugin/pxrUsdPreviewSurface/CMakeFiles/pxrUsdPreviewSurface.dir/plugin.cpp.o
[2022-06-29T16:46:58.747Z]     [472/656] Linking CXX shared library plugin/pxr/maya/plugin/pxrUsdPreviewSurface/pxrUsdPreviewSurface.bundle
[2022-06-29T16:46:59.589Z]     [473/656] Building CXX object plugin/al/mayautils/AL/maya/CMakeFiles/AL_MayaUtils.dir/utils/Utils.cpp.o
[2022-06-29T16:47:00.231Z]     [474/656] Building CXX object plugin/al/mayautils/AL/maya/CMakeFiles/AL_MayaUtils.dir/utils/PluginTranslatorOptions.cpp.o
[2022-06-29T16:47:00.231Z]     [475/656] Building CXX object plugin/al/mayautils/AL/maya/CMakeFiles/AL_MayaUtils.dir/utils/CommandGuiHelper.cpp.o
[2022-06-29T16:47:00.231Z]     [476/656] Building CXX object plugin/al/mayautils/AL/maya/CMakeFiles/AL_MayaUtils.dir/utils/NodeHelper.cpp.o
[2022-06-29T16:47:00.884Z]     [477/656] Building CXX object plugin/al/mayautils/AL/maya/CMakeFiles/AL_MayaUtils.dir/event/MayaEventManager.cpp.o
[2022-06-29T16:47:00.884Z]     [478/656] Linking CXX shared library plugin/al/mayautils/AL/maya/libAL_MayaUtils.dylib
[2022-06-29T16:47:00.884Z]     [479/656] Building CXX object plugin/al/mayautils/AL/maya/tests/mayaplugintest/CMakeFiles/AL_MayaUtilsTests.dir/plugin.cpp.o
[2022-06-29T16:47:01.536Z]     [480/656] Building CXX object plugin/al/mayautils/AL/maya/tests/mayaplugintest/CMakeFiles/AL_MayaUtilsTests.dir/test_mobjectmap.cpp.o
[2022-06-29T16:47:01.536Z]     [481/656] Building CXX object plugin/al/mayautils/AL/maya/tests/mayaplugintest/CMakeFiles/AL_MayaUtilsTests.dir/utils/CommandGuiHelperTest.cpp.o
[2022-06-29T16:47:02.196Z]     [482/656] Building CXX object plugin/al/mayautils/AL/maya/tests/mayaplugintest/CMakeFiles/AL_MayaUtilsTests.dir/test_maya_MenuBuilder.cpp.o
[2022-06-29T16:47:02.196Z]     [483/656] Building CXX object plugin/al/mayautils/AL/maya/tests/mayaplugintest/CMakeFiles/AL_MayaUtilsTests.dir/utils/NodeHelperUnitTest.cpp.o
[2022-06-29T16:47:03.536Z]     [484/656] Building CXX object plugin/al/mayautils/AL/maya/tests/mayaplugintest/CMakeFiles/AL_MayaUtilsTests.dir/test_maya_NodeHelper.cpp.o
[2022-06-29T16:47:03.536Z]     [485/656] Building CXX object plugin/al/mayautils/AL/maya/tests/mayaplugintest/CMakeFiles/AL_MayaUtilsTests.dir/utils/PluginTranslatorOptionsTest.cpp.o
[2022-06-29T16:47:03.536Z]     [486/656] Linking CXX shared library plugin/al/mayautils/AL/maya/tests/mayaplugintest/AL_MayaUtilsTests.bundle
[2022-06-29T16:47:06.569Z]     [487/656] Building CXX object plugin/al/usdmayautils/AL/usdmaya/utils/CMakeFiles/AL_USDMayaUtils.dir/AttributeType.cpp.o
[2022-06-29T16:47:06.569Z]     [488/656] Building CXX object plugin/al/usdmayautils/AL/usdmaya/utils/CMakeFiles/AL_USDMayaUtils.dir/AnimationTranslator.cpp.o
[2022-06-29T16:47:07.216Z]     [489/656] Building CXX object plugin/al/usdmayautils/AL/usdmaya/utils/CMakeFiles/AL_USDMayaUtils.dir/Utils.cpp.o
[2022-06-29T16:47:11.105Z]     [490/656] Building CXX object plugin/al/usdmayautils/AL/usdmaya/utils/CMakeFiles/AL_USDMayaUtils.dir/NurbsCurveUtils.cpp.o
[2022-06-29T16:47:11.754Z]     [491/656] Building CXX object plugin/al/usdtransaction/AL/usd/transaction/CMakeFiles/_AL_USDTransaction.dir/module.cpp.o
[2022-06-29T16:47:12.436Z]     [492/656] Building CXX object plugin/al/usdmayautils/AL/usdmaya/utils/CMakeFiles/AL_USDMayaUtils.dir/MeshUtils.cpp.o
[2022-06-29T16:47:12.436Z]     [493/656] Building CXX object plugin/al/usdmayautils/AL/usdmaya/utils/CMakeFiles/AL_USDMayaUtils.dir/DiffPrimVar.cpp.o
[2022-06-29T16:47:13.100Z]     [494/656] Building CXX object plugin/al/usdmayautils/AL/usdmaya/utils/CMakeFiles/AL_USDMayaUtils.dir/DgNodeHelper.cpp.o
[2022-06-29T16:47:13.100Z]     [495/656] Linking CXX shared library plugin/al/usdmayautils/AL/usdmaya/utils/libAL_USDMayaUtils.dylib
[2022-06-29T16:47:16.338Z]     [496/656] Building CXX object plugin/al/usdtransaction/AL/usd/transaction/CMakeFiles/_AL_USDTransaction.dir/wrapNotice.cpp.o
[2022-06-29T16:47:16.338Z]     [497/656] Building CXX object plugin/al/usdtransaction/AL/usd/transaction/CMakeFiles/AL_USDTransaction.dir/Notice.cpp.o
[2022-06-29T16:47:16.976Z]     [498/656] Building CXX object plugin/al/usdtransaction/AL/usd/transaction/CMakeFiles/_AL_USDTransaction.dir/wrapTransaction.cpp.o
[2022-06-29T16:47:16.976Z]     [499/656] Building CXX object plugin/al/usdtransaction/AL/usd/transaction/CMakeFiles/_AL_USDTransaction.dir/wrapTransactionManager.cpp.o
[2022-06-29T16:47:17.619Z]     [500/656] Building CXX object plugin/al/usdtransaction/AL/usd/transaction/tests/CMakeFiles/AL_USDTransactionTests.dir/testMain.cpp.o
[2022-06-29T16:47:18.973Z]     [501/656] Building CXX object plugin/al/usdtransaction/AL/usd/transaction/CMakeFiles/AL_USDTransaction.dir/Transaction.cpp.o
[2022-06-29T16:47:18.973Z]     [502/656] Building CXX object plugin/al/lib/AL_USDMaya/CMakeFiles/_AL_USDMaya.dir/AL/usdmaya/module.cpp.o
[2022-06-29T16:47:20.356Z]     [503/656] Building CXX object plugin/al/usdtransaction/AL/usd/transaction/CMakeFiles/AL_USDTransaction.dir/TransactionManager.cpp.o
[2022-06-29T16:47:20.356Z]     [504/656] Linking CXX shared library plugin/al/usdtransaction/AL/usd/transaction/libAL_USDTransaction.dylib
[2022-06-29T16:47:20.356Z]     [505/656] Linking CXX shared library plugin/al/usdtransaction/AL/usd/transaction/_AL_USDTransaction.so
[2022-06-29T16:47:21.750Z]     [506/656] Building CXX object plugin/al/usdtransaction/AL/usd/transaction/tests/CMakeFiles/AL_USDTransactionTests.dir/testTransactionManager.cpp.o
[2022-06-29T16:47:22.469Z]     [507/656] Building CXX object plugin/al/lib/AL_USDMaya/CMakeFiles/_AL_USDMaya.dir/AL/usdmaya/wrapStageCache.cpp.o
[2022-06-29T16:47:23.111Z]     [508/656] Building CXX object plugin/al/usdtransaction/AL/usd/transaction/tests/CMakeFiles/AL_USDTransactionTests.dir/testTransaction.cpp.o
[2022-06-29T16:47:23.111Z]     [509/656] Linking CXX executable plugin/al/usdtransaction/AL/usd/transaction/tests/AL_USDTransactionTests
[2022-06-29T16:47:25.207Z]     [510/656] Building CXX object plugin/al/lib/AL_USDMaya/CMakeFiles/_AL_USDMaya.dir/AL/usdmaya/nodes/wrapLayerManager.cpp.o
[2022-06-29T16:47:27.393Z]     [511/656] Building CXX object plugin/al/lib/AL_USDMaya/CMakeFiles/_AL_USDMaya.dir/AL/usdmaya/nodes/wrapProxyShape.cpp.o
[2022-06-29T16:47:28.040Z]     [512/656] Building CXX object plugin/al/lib/AL_USDMaya/CMakeFiles/AL_USDMaya.dir/AL/usdmaya/Metadata.cpp.o
[2022-06-29T16:47:29.418Z]     [513/656] Building CXX object plugin/al/lib/AL_USDMaya/CMakeFiles/AL_USDMaya.dir/AL/usdmaya/StageCache.cpp.o
[2022-06-29T16:47:29.418Z]     [514/656] Building CXX object plugin/al/lib/AL_USDMaya/CMakeFiles/_AL_USDMaya.dir/AL/usdmaya/fileio/translators/wrapTranslatorContext.cpp.o
[2022-06-29T16:47:32.894Z]     [515/656] Building CXX object plugin/al/lib/AL_USDMaya/CMakeFiles/AL_USDMaya.dir/AL/usdmaya/Global.cpp.o
[2022-06-29T16:47:32.894Z]     [516/656] Building CXX object plugin/al/lib/AL_USDMaya/CMakeFiles/AL_USDMaya.dir/AL/usdmaya/moduleDeps.cpp.o
[2022-06-29T16:47:32.894Z]     [517/656] Building CXX object plugin/al/lib/AL_USDMaya/CMakeFiles/_AL_USDMaya.dir/AL/usdmaya/fileio/translators/wrapTranslatorBase.cpp.o
[2022-06-29T16:47:32.894Z]     [518/656] Building CXX object plugin/al/lib/AL_USDMaya/CMakeFiles/AL_USDMaya.dir/AL/usdmaya/cmds/DebugCommands.cpp.o
[2022-06-29T16:47:32.894Z]     [519/656] Building CXX object plugin/al/lib/AL_USDMaya/CMakeFiles/AL_USDMaya.dir/AL/usdmaya/TransformOperation.cpp.o
[2022-06-29T16:47:33.543Z]     [520/656] Building CXX object plugin/al/lib/AL_USDMaya/CMakeFiles/AL_USDMaya.dir/AL/usdmaya/cmds/EventCommand.cpp.o
[2022-06-29T16:47:36.457Z]     [521/656] Building CXX object plugin/al/lib/AL_USDMaya/CMakeFiles/AL_USDMaya.dir/AL/usdmaya/cmds/CreateUsdPrim.cpp.o
[2022-06-29T16:47:36.457Z]     [522/656] Building CXX object plugin/al/lib/AL_USDMaya/CMakeFiles/AL_USDMaya.dir/AL/usdmaya/cmds/ListTranslators.cpp.o
[2022-06-29T16:47:37.575Z]     [523/656] Building CXX object plugin/al/lib/AL_USDMaya/CMakeFiles/AL_USDMaya.dir/AL/usdmaya/cmds/RendererCommands.cpp.o
[2022-06-29T16:47:38.232Z]     [524/656] Building CXX object plugin/al/lib/AL_USDMaya/CMakeFiles/AL_USDMaya.dir/AL/usdmaya/cmds/SyncFileIOGui.cpp.o
[2022-06-29T16:47:40.359Z]     [525/656] Building CXX object plugin/al/lib/AL_USDMaya/CMakeFiles/AL_USDMaya.dir/AL/usdmaya/cmds/LayerCommands.cpp.o
[2022-06-29T16:47:40.359Z]     [526/656] Building CXX object plugin/al/lib/AL_USDMaya/CMakeFiles/AL_USDMaya.dir/AL/usdmaya/cmds/ProxyShapeCommands.cpp.o
[2022-06-29T16:47:41.721Z]     [527/656] Building CXX object plugin/al/lib/AL_USDMaya/CMakeFiles/AL_USDMaya.dir/AL/usdmaya/cmds/ProxyShapePostLoadProcess.cpp.o
[2022-06-29T16:47:42.374Z]     [528/656] Building CXX object plugin/al/lib/AL_USDMaya/CMakeFiles/AL_USDMaya.dir/AL/usdmaya/cmds/UnloadPrim.cpp.o
[2022-06-29T16:47:45.401Z]     [529/656] Building CXX object plugin/al/lib/AL_USDMaya/CMakeFiles/AL_USDMaya.dir/AL/usdmaya/fileio/AnimationTranslator.cpp.o
[2022-06-29T16:47:46.793Z]     [530/656] Building CXX object plugin/al/lib/AL_USDMaya/CMakeFiles/AL_USDMaya.dir/AL/usdmaya/fileio/ExportTranslator.cpp.o
[2022-06-29T16:47:48.167Z]     [531/656] Building CXX object plugin/al/lib/AL_USDMaya/CMakeFiles/AL_USDMaya.dir/AL/usdmaya/fileio/Import.cpp.o
[2022-06-29T16:47:48.167Z]     [532/656] Building CXX object plugin/al/lib/AL_USDMaya/CMakeFiles/AL_USDMaya.dir/AL/usdmaya/fileio/Export.cpp.o
[2022-06-29T16:47:48.838Z]     [533/656] Building CXX object plugin/al/lib/AL_USDMaya/CMakeFiles/AL_USDMaya.dir/AL/usdmaya/fileio/ImportTranslator.cpp.o
[2022-06-29T16:47:51.758Z]     [534/656] Building CXX object plugin/al/lib/AL_USDMaya/CMakeFiles/AL_USDMaya.dir/AL/usdmaya/fileio/NodeFactory.cpp.o
[2022-06-29T16:47:52.413Z]     [535/656] Building CXX object plugin/al/lib/AL_USDMaya/CMakeFiles/AL_USDMaya.dir/AL/usdmaya/fileio/SchemaPrims.cpp.o
[2022-06-29T16:47:52.413Z]     [536/656] Building CXX object plugin/al/lib/AL_USDMaya/CMakeFiles/AL_USDMaya.dir/AL/usdmaya/fileio/TransformIterator.cpp.o
[2022-06-29T16:47:53.175Z]     [537/656] Building CXX object plugin/al/lib/AL_USDMaya/CMakeFiles/AL_USDMaya.dir/AL/usdmaya/fileio/translators/DagNodeTranslator.cpp.o
[2022-06-29T16:47:56.109Z]     [538/656] Building CXX object plugin/al/lib/AL_USDMaya/CMakeFiles/AL_USDMaya.dir/AL/usdmaya/fileio/translators/DgNodeTranslator.cpp.o
[2022-06-29T16:47:57.459Z]     [539/656] Building CXX object plugin/al/lib/AL_USDMaya/CMakeFiles/AL_USDMaya.dir/AL/usdmaya/fileio/translators/TranslatorBase.cpp.o
[2022-06-29T16:47:58.804Z]     [540/656] Building CXX object plugin/al/lib/AL_USDMaya/CMakeFiles/AL_USDMaya.dir/AL/usdmaya/fileio/translators/TransformTranslator.cpp.o
[2022-06-29T16:47:58.804Z]     [541/656] Building CXX object plugin/al/lib/AL_USDMaya/CMakeFiles/AL_USDMaya.dir/AL/usdmaya/fileio/translators/TranslatorContext.cpp.o
[2022-06-29T16:48:00.145Z]     [542/656] Building CXX object plugin/al/lib/AL_USDMaya/CMakeFiles/AL_USDMaya.dir/AL/usdmaya/fileio/translators/TranslatorTestPlugin.cpp.o
[2022-06-29T16:48:00.816Z]     [543/656] Building CXX object plugin/al/lib/AL_USDMaya/CMakeFiles/AL_USDMaya.dir/AL/usdmaya/fileio/translators/TranslatorTestType.cpp.o
[2022-06-29T16:48:01.464Z]     [544/656] Building CXX object plugin/al/lib/AL_USDMaya/CMakeFiles/AL_USDMaya.dir/AL/usdmaya/nodes/Layer.cpp.o
[2022-06-29T16:48:02.843Z]     [545/656] Building CXX object plugin/al/lib/AL_USDMaya/CMakeFiles/AL_USDMaya.dir/AL/usdmaya/fileio/translators/ExtraDataPlugin.cpp.o
[2022-06-29T16:48:02.843Z]     [546/656] Building CXX object plugin/al/lib/AL_USDMaya/CMakeFiles/AL_USDMaya.dir/AL/usdmaya/fileio/translators/TestExtraDataPlugin.cpp.o
[2022-06-29T16:48:05.836Z]     [547/656] Building CXX object plugin/al/lib/AL_USDMaya/CMakeFiles/AL_USDMaya.dir/AL/usdmaya/nodes/LayerManager.cpp.o
[2022-06-29T16:48:07.199Z]     [548/656] Building CXX object plugin/al/lib/AL_USDMaya/CMakeFiles/AL_USDMaya.dir/AL/usdmaya/nodes/Engine.cpp.o
[2022-06-29T16:48:07.199Z]     [549/656] Building CXX object plugin/al/lib/AL_USDMaya/CMakeFiles/AL_USDMaya.dir/AL/usdmaya/nodes/MeshAnimDeformer.cpp.o
[2022-06-29T16:48:07.199Z]     [550/656] Building CXX object plugin/al/lib/AL_USDMaya/CMakeFiles/AL_USDMaya.dir/AL/usdmaya/nodes/MeshAnimCreator.cpp.o
[2022-06-29T16:48:12.071Z]     [551/656] Building CXX object plugin/al/lib/AL_USDMaya/CMakeFiles/AL_USDMaya.dir/AL/usdmaya/nodes/ProxyUsdGeomCamera.cpp.o
[2022-06-29T16:48:12.727Z]     [552/656] Building CXX object plugin/al/lib/AL_USDMaya/CMakeFiles/AL_USDMaya.dir/AL/usdmaya/nodes/ProxyShapeSelection.cpp.o
[2022-06-29T16:48:12.727Z]     [553/656] Building CXX object plugin/al/lib/AL_USDMaya/CMakeFiles/AL_USDMaya.dir/AL/usdmaya/nodes/RendererManager.cpp.o
[2022-06-29T16:48:16.901Z]     [554/656] Building CXX object plugin/al/lib/AL_USDMaya/CMakeFiles/AL_USDMaya.dir/AL/usdmaya/nodes/Transform.cpp.o
[2022-06-29T16:48:17.561Z]     [555/656] Building CXX object plugin/al/lib/AL_USDMaya/CMakeFiles/AL_USDMaya.dir/AL/usdmaya/nodes/BasicTransformationMatrix.cpp.o
[2022-06-29T16:48:17.561Z]     [556/656] Building CXX object plugin/al/lib/AL_USDMaya/CMakeFiles/AL_USDMaya.dir/AL/usdmaya/nodes/ProxyShape.cpp.o
[2022-06-29T16:48:17.561Z]     [557/656] Building CXX object plugin/al/lib/AL_USDMaya/CMakeFiles/AL_USDMaya.dir/AL/usdmaya/nodes/Scope.cpp.o
[2022-06-29T16:48:21.585Z]     [558/656] Building CXX object plugin/al/lib/AL_USDMaya/CMakeFiles/AL_USDMaya.dir/AL/usdmaya/nodes/proxy/PrimFilter.cpp.o
[2022-06-29T16:48:22.245Z]     [559/656] Building CXX object plugin/al/lib/AL_USDMaya/CMakeFiles/AL_USDMaya.dir/AL/usdmaya/nodes/proxy/ProxyShapeVariantFallbacks.cpp.o
[2022-06-29T16:48:22.245Z]     [560/656] Building CXX object plugin/al/lib/AL_USDMaya/CMakeFiles/AL_USDMaya.dir/AL/usdmaya/nodes/proxy/ProxyShapeMetaData.cpp.o
[2022-06-29T16:48:22.914Z]     [561/656] Building CXX object plugin/al/lib/AL_USDMaya/CMakeFiles/AL_USDMaya.dir/AL/usdmaya/nodes/TransformationMatrix.cpp.o
[2022-06-29T16:48:22.914Z]     [562/656] Linking CXX shared library plugin/al/lib/AL_USDMaya/libAL_USDMaya.dylib
[2022-06-29T16:48:22.914Z]     [563/656] Linking CXX shared library plugin/al/lib/AL_USDMaya/_AL_USDMaya.so
[2022-06-29T16:48:25.029Z]     [564/656] Building CXX object plugin/al/plugin/AL_USDMayaTestPlugin/CMakeFiles/AL_USDMayaTestPlugin.dir/AL/maya/test_EventHandler.cpp.o
[2022-06-29T16:48:28.007Z]     [565/656] Building CXX object plugin/al/plugin/AL_USDMayaTestPlugin/CMakeFiles/AL_USDMayaTestPlugin.dir/AL/maya/test_MatrixToSRT.cpp.o
[2022-06-29T16:48:28.008Z]     [566/656] Building CXX object plugin/al/plugin/AL_USDMayaPlugin/CMakeFiles/AL_USDMayaPlugin.dir/plugin.cpp.o
[2022-06-29T16:48:28.008Z]     [567/656] Linking CXX shared library plugin/al/plugin/AL_USDMayaPlugin/AL_USDMayaPlugin.bundle
[2022-06-29T16:48:28.657Z]     [568/656] Building CXX object plugin/al/plugin/AL_USDMayaTestPlugin/CMakeFiles/AL_USDMayaTestPlugin.dir/plugin.cpp.o
[2022-06-29T16:48:29.992Z]     [569/656] Building CXX object plugin/al/plugin/AL_USDMayaTestPlugin/CMakeFiles/AL_USDMayaTestPlugin.dir/AL/maya/test_MayaEventManager.cpp.o
[2022-06-29T16:48:33.877Z]     [570/656] Building CXX object plugin/al/plugin/AL_USDMayaTestPlugin/CMakeFiles/AL_USDMayaTestPlugin.dir/AL/usdmaya/commands/test_ExportCommands.cpp.o
[2022-06-29T16:48:33.877Z]     [571/656] Building CXX object plugin/al/plugin/AL_USDMayaTestPlugin/CMakeFiles/AL_USDMayaTestPlugin.dir/AL/usdmaya/commands/test_LayerCommands.cpp.o
[2022-06-29T16:48:36.002Z]     [572/656] Building CXX object plugin/al/plugin/AL_USDMayaTestPlugin/CMakeFiles/AL_USDMayaTestPlugin.dir/AL/usdmaya/commands/test_LayerManagerCommands.cpp.o
[2022-06-29T16:48:36.651Z]     [573/656] Building CXX object plugin/al/plugin/AL_USDMayaTestPlugin/CMakeFiles/AL_USDMayaTestPlugin.dir/AL/usdmaya/commands/test_ProxyShapeImport.cpp.o
[2022-06-29T16:48:38.740Z]     [574/656] Building CXX object plugin/al/plugin/AL_USDMayaTestPlugin/CMakeFiles/AL_USDMayaTestPlugin.dir/AL/usdmaya/commands/test_TranslateCommand.cpp.o
[2022-06-29T16:48:38.740Z]     [575/656] Building CXX object plugin/al/plugin/AL_USDMayaTestPlugin/CMakeFiles/AL_USDMayaTestPlugin.dir/AL/usdmaya/fileio/export_misc.cpp.o
[2022-06-29T16:48:41.665Z]     [576/656] Building CXX object plugin/al/plugin/AL_USDMayaTestPlugin/CMakeFiles/AL_USDMayaTestPlugin.dir/AL/usdmaya/fileio/export_blendshape.cpp.o
[2022-06-29T16:48:41.665Z]     [577/656] Building CXX object plugin/al/plugin/AL_USDMayaTestPlugin/CMakeFiles/AL_USDMayaTestPlugin.dir/AL/usdmaya/fileio/export_constraints.cpp.o
[2022-06-29T16:48:43.809Z]     [578/656] Building CXX object plugin/al/plugin/AL_USDMayaTestPlugin/CMakeFiles/AL_USDMayaTestPlugin.dir/AL/usdmaya/fileio/export_ik.cpp.o
[2022-06-29T16:48:44.468Z]     [579/656] Building CXX object plugin/al/plugin/AL_USDMayaTestPlugin/CMakeFiles/AL_USDMayaTestPlugin.dir/AL/usdmaya/fileio/export_import_instancing.cpp.o
[2022-06-29T16:48:46.657Z]     [580/656] Building CXX object plugin/al/plugin/AL_USDMayaTestPlugin/CMakeFiles/AL_USDMayaTestPlugin.dir/AL/usdmaya/fileio/export_lattice.cpp.o
[2022-06-29T16:48:46.657Z]     [581/656] Building CXX object plugin/al/plugin/AL_USDMayaTestPlugin/CMakeFiles/AL_USDMayaTestPlugin.dir/AL/usdmaya/fileio/export_multiple_shapes.cpp.o
[2022-06-29T16:48:48.783Z]     [582/656] Building CXX object plugin/al/plugin/AL_USDMayaTestPlugin/CMakeFiles/AL_USDMayaTestPlugin.dir/AL/usdmaya/fileio/export_nonlinear.cpp.o
[2022-06-29T16:48:48.783Z]     [583/656] Building CXX object plugin/al/plugin/AL_USDMayaTestPlugin/CMakeFiles/AL_USDMayaTestPlugin.dir/AL/usdmaya/fileio/export_unmerged.cpp.o
[2022-06-29T16:48:51.767Z]     [584/656] Building CXX object plugin/al/plugin/AL_USDMayaTestPlugin/CMakeFiles/AL_USDMayaTestPlugin.dir/AL/usdmaya/fileio/import_playback_range.cpp.o
[2022-06-29T16:48:51.767Z]     [585/656] Building CXX object plugin/al/plugin/AL_USDMayaTestPlugin/CMakeFiles/AL_USDMayaTestPlugin.dir/AL/usdmaya/fileio/import_instances.cpp.o
[2022-06-29T16:48:53.940Z]     [586/656] Building CXX object plugin/al/plugin/AL_USDMayaTestPlugin/CMakeFiles/AL_USDMayaTestPlugin.dir/AL/usdmaya/fileio/test_activeInActiveTranslators.cpp.o
[2022-06-29T16:48:56.907Z]     [587/656] Building CXX object plugin/al/plugin/AL_USDMayaTestPlugin/CMakeFiles/AL_USDMayaTestPlugin.dir/AL/usdmaya/nodes/proxy/test_PrimFilter.cpp.o
[2022-06-29T16:48:57.554Z]     [588/656] Building CXX object plugin/al/plugin/AL_USDMayaTestPlugin/CMakeFiles/AL_USDMayaTestPlugin.dir/AL/usdmaya/nodes/test_ExtraDataPlugin.cpp.o
[2022-06-29T16:48:59.790Z]     [589/656] Building CXX object plugin/al/plugin/AL_USDMayaTestPlugin/CMakeFiles/AL_USDMayaTestPlugin.dir/AL/usdmaya/nodes/test_ActiveInactive.cpp.o
[2022-06-29T16:49:01.915Z]     [590/656] Building CXX object plugin/al/plugin/AL_USDMayaTestPlugin/CMakeFiles/AL_USDMayaTestPlugin.dir/AL/usdmaya/nodes/test_LayerManager.cpp.o
[2022-06-29T16:49:03.261Z]     [591/656] Building CXX object plugin/al/plugin/AL_USDMayaTestPlugin/CMakeFiles/AL_USDMayaTestPlugin.dir/AL/usdmaya/nodes/test_lockPrims.cpp.o
[2022-06-29T16:49:05.392Z]     [592/656] Building CXX object plugin/al/plugin/AL_USDMayaTestPlugin/CMakeFiles/AL_USDMayaTestPlugin.dir/AL/usdmaya/nodes/test_ProxyShapeSelectabilityDB.cpp.o
[2022-06-29T16:49:07.549Z]     [593/656] Building CXX object plugin/al/plugin/AL_USDMayaTestPlugin/CMakeFiles/AL_USDMayaTestPlugin.dir/AL/usdmaya/nodes/test_ProxyUsdGeomCamera.cpp.o
[2022-06-29T16:49:07.549Z]     [594/656] Building CXX object plugin/al/plugin/AL_USDMayaTestPlugin/CMakeFiles/AL_USDMayaTestPlugin.dir/AL/usdmaya/nodes/test_ProxyShape.cpp.o
[2022-06-29T16:49:08.905Z]     [595/656] Building CXX object plugin/al/plugin/AL_USDMayaTestPlugin/CMakeFiles/AL_USDMayaTestPlugin.dir/AL/usdmaya/nodes/test_Transform.cpp.o
[2022-06-29T16:49:16.364Z]     [596/656] Building CXX object plugin/al/plugin/AL_USDMayaTestPlugin/CMakeFiles/AL_USDMayaTestPlugin.dir/AL/usdmaya/nodes/test_ScopeMatrix.cpp.o
[2022-06-29T16:49:16.364Z]     [597/656] Building CXX object plugin/al/plugin/AL_USDMayaTestPlugin/CMakeFiles/AL_USDMayaTestPlugin.dir/AL/usdmaya/nodes/test_TransformMatrix.cpp.o
[2022-06-29T16:49:16.364Z]     [598/656] Building CXX object plugin/al/plugin/AL_USDMayaTestPlugin/CMakeFiles/AL_USDMayaTestPlugin.dir/AL/usdmaya/nodes/test_TranslatorContext.cpp.o
[2022-06-29T16:49:16.365Z]     [599/656] Building CXX object plugin/al/plugin/AL_USDMayaTestPlugin/CMakeFiles/AL_USDMayaTestPlugin.dir/AL/usdmaya/nodes/test_VariantFallbacks.cpp.o
[2022-06-29T16:49:21.222Z]     [600/656] Building CXX object plugin/al/plugin/AL_USDMayaTestPlugin/CMakeFiles/AL_USDMayaTestPlugin.dir/AL/usdmaya/test_DiffGeom.cpp.o
[2022-06-29T16:49:21.222Z]     [601/656] Building CXX object plugin/al/plugin/AL_USDMayaTestPlugin/CMakeFiles/AL_USDMayaTestPlugin.dir/test_translators_AnimationTranslator.cpp.o
[2022-06-29T16:49:22.561Z]     [602/656] Building CXX object plugin/al/plugin/AL_USDMayaTestPlugin/CMakeFiles/AL_USDMayaTestPlugin.dir/test_translators_CameraTranslator.cpp.o
[2022-06-29T16:49:22.561Z]     [603/656] Building CXX object plugin/al/plugin/AL_USDMayaTestPlugin/CMakeFiles/AL_USDMayaTestPlugin.dir/AL/usdmaya/test_DiffPrimVar.cpp.o
[2022-06-29T16:49:27.430Z]     [604/656] Building CXX object plugin/al/plugin/AL_USDMayaTestPlugin/CMakeFiles/AL_USDMayaTestPlugin.dir/test_translators_PythonBindings.cpp.o
[2022-06-29T16:49:28.180Z]     [605/656] Building CXX object plugin/al/plugin/AL_USDMayaTestPlugin/CMakeFiles/AL_USDMayaTestPlugin.dir/test_translators_NurbsCurveTranslator.cpp.o
[2022-06-29T16:49:29.654Z]     [606/656] Building CXX object plugin/al/plugin/AL_USDMayaTestPlugin/CMakeFiles/AL_USDMayaTestPlugin.dir/test_translators_MeshTranslator.cpp.o
[2022-06-29T16:49:31.389Z]     [607/656] Building CXX object plugin/al/plugin/AL_USDMayaTestPlugin/CMakeFiles/AL_USDMayaTestPlugin.dir/test_translators_DgTranslator.cpp.o
[2022-06-29T16:49:32.739Z]     [608/656] Building CXX object plugin/al/plugin/AL_USDMayaTestPlugin/CMakeFiles/AL_USDMayaTestPlugin.dir/test_translators_Translator.cpp.o
[2022-06-29T16:49:32.739Z]     [609/656] Building CXX object plugin/al/schemas/AL/usd/schemas/maya/CMakeFiles/_AL_USDMayaSchemas.dir/module.cpp.o
[2022-06-29T16:49:34.336Z]     [610/656] Building CXX object plugin/al/plugin/AL_USDMayaTestPlugin/CMakeFiles/AL_USDMayaTestPlugin.dir/test_usdmaya.cpp.o
[2022-06-29T16:49:35.682Z]     [611/656] Building CXX object plugin/al/plugin/AL_USDMayaTestPlugin/CMakeFiles/AL_USDMayaTestPlugin.dir/test_translators_TransformTranslator.cpp.o
[2022-06-29T16:49:37.033Z]     [612/656] Building CXX object plugin/al/schemas/AL/usd/schemas/maya/CMakeFiles/_AL_USDMayaSchemas.dir/wrapTokens.cpp.o
[2022-06-29T16:49:37.684Z]     [613/656] Building CXX object plugin/al/plugin/AL_USDMayaTestPlugin/CMakeFiles/AL_USDMayaTestPlugin.dir/test_usdmaya_AttributeType.cpp.o
[2022-06-29T16:49:37.684Z]     [614/656] Building CXX object plugin/al/schemas/AL/usd/schemas/maya/CMakeFiles/_AL_USDMayaSchemas.dir/wrapModelAPI.cpp.o
[2022-06-29T16:49:38.320Z]     [615/656] Building CXX object plugin/al/schemas/AL/usd/schemas/maya/CMakeFiles/AL_USDMayaSchemas.dir/tokens.cpp.o
[2022-06-29T16:49:39.755Z]     [616/656] Building CXX object plugin/al/schemas/AL/usd/schemas/maya/CMakeFiles/AL_USDMayaSchemas.dir/ModuleDeps.cpp.o
[2022-06-29T16:49:41.862Z]     [617/656] Building CXX object plugin/al/schemas/AL/usd/schemas/maya/CMakeFiles/AL_USDMayaSchemas.dir/ModelAPI.cpp.o
[2022-06-29T16:49:41.862Z]     [618/656] Building CXX object plugin/al/schemas/AL/usd/schemas/maya/CMakeFiles/_AL_USDMayaSchemas.dir/wrapFrameRange.cpp.o
[2022-06-29T16:49:41.862Z]     [619/656] Building CXX object plugin/al/schemas/AL/usd/schemas/maya/CMakeFiles/AL_USDMayaSchemas.dir/FrameRange.cpp.o
[2022-06-29T16:49:41.862Z]     [620/656] Building CXX object plugin/al/schemas/AL/usd/schemas/maya/tests/CMakeFiles/testMayaSchemas.dir/main.cpp.o
[2022-06-29T16:49:41.862Z]     [621/656] Linking CXX shared library plugin/al/schemas/AL/usd/schemas/maya/libAL_USDMayaSchemas.dylib
[2022-06-29T16:49:41.862Z]     [622/656] Linking CXX shared library plugin/al/schemas/AL/usd/schemas/maya/_AL_USDMayaSchemas.so
[2022-06-29T16:49:43.974Z]     [623/656] Building CXX object plugin/al/schemas/AL/usd/schemas/mayatest/CMakeFiles/AL_USDMayaSchemasTest.dir/ModuleDeps.cpp.o
[2022-06-29T16:49:44.637Z]     [624/656] Building CXX object plugin/al/schemas/AL/usd/schemas/mayatest/CMakeFiles/AL_USDMayaSchemasTest.dir/tokens.cpp.o
[2022-06-29T16:49:44.637Z]     [625/656] Building CXX object plugin/al/schemas/AL/usd/schemas/mayatest/CMakeFiles/_AL_USDMayaSchemasTest.dir/module.cpp.o
[2022-06-29T16:49:45.314Z]     [626/656] Building CXX object plugin/al/schemas/AL/usd/schemas/mayatest/CMakeFiles/AL_USDMayaSchemasTest.dir/ExamplePolyCubeNode.cpp.o
[2022-06-29T16:49:45.314Z]     [627/656] Linking CXX shared library plugin/al/schemas/AL/usd/schemas/mayatest/libAL_USDMayaSchemasTest.dylib
[2022-06-29T16:49:45.314Z]     [628/656] Linking CXX shared library plugin/al/plugin/AL_USDMayaTestPlugin/AL_USDMayaTestPlugin.bundle
[2022-06-29T16:49:46.681Z]     [629/656] Building CXX object plugin/al/schemas/AL/usd/schemas/maya/tests/CMakeFiles/testMayaSchemas.dir/testMayaSchemas.cpp.o
[2022-06-29T16:49:46.681Z]     [630/656] Building CXX object plugin/al/schemas/AL/usd/schemas/maya/tests/CMakeFiles/testMayaSchemas.dir/testModelAPI.cpp.o
[2022-06-29T16:49:46.681Z]     [631/656] Building CXX object plugin/al/schemas/AL/usd/schemas/mayatest/CMakeFiles/_AL_USDMayaSchemasTest.dir/wrapTokens.cpp.o
[2022-06-29T16:49:46.681Z]     [632/656] Linking CXX executable plugin/al/schemas/AL/usd/schemas/maya/tests/testMayaSchemas
[2022-06-29T16:49:47.336Z]     [633/656] Building CXX object plugin/al/translators/CMakeFiles/AL_USDMayaTranslators.dir/CommonTranslatorOptions.cpp.o
[2022-06-29T16:49:52.208Z]     [634/656] Building CXX object plugin/al/schemas/AL/usd/schemas/mayatest/CMakeFiles/_AL_USDMayaSchemasTest.dir/wrapExamplePolyCubeNode.cpp.o
[2022-06-29T16:49:52.208Z]     [635/656] Building CXX object plugin/al/translators/CMakeFiles/AL_USDMayaTranslators.dir/Camera.cpp.o
[2022-06-29T16:49:52.208Z]     [636/656] Building CXX object plugin/al/translators/CMakeFiles/AL_USDMayaTranslators.dir/MayaReference.cpp.o
[2022-06-29T16:49:52.208Z]     [637/656] Linking CXX shared library plugin/al/schemas/AL/usd/schemas/mayatest/_AL_USDMayaSchemasTest.so
[2022-06-29T16:49:52.867Z]     [638/656] Building CXX object plugin/al/translators/CMakeFiles/AL_USDMayaTranslators.dir/Mesh.cpp.o
[2022-06-29T16:49:56.769Z]     [639/656] Building CXX object plugin/al/translators/CMakeFiles/AL_USDMayaTranslators.dir/FrameRange.cpp.o
[2022-06-29T16:49:57.440Z]     [640/656] Building CXX object plugin/al/translators/pxrUsdTranslators/CMakeFiles/AL_USDMayaPxrTranslators.dir/plugin.cpp.o
[2022-06-29T16:49:57.440Z]     [641/656] Building CXX object plugin/al/translators/CMakeFiles/AL_USDMayaTranslators.dir/NurbsCurve.cpp.o
[2022-06-29T16:49:57.440Z]     [642/656] Building CXX object plugin/al/translators/CMakeFiles/AL_USDMayaTranslators.dir/DirectionalLight.cpp.o
[2022-06-29T16:49:58.120Z]     [643/656] Linking CXX shared library plugin/al/translators/libAL_USDMayaTranslators.dylib
[2022-06-29T16:49:58.775Z]     [644/656] Building CXX object plugin/al/translators/pxrUsdTranslators/CMakeFiles/AL_USDMayaPxrTranslators.dir/ProxyShapeTranslator.cpp.o
[2022-06-29T16:49:58.775Z]     [645/656] Linking CXX shared library plugin/al/translators/pxrUsdTranslators/AL_USDMayaPxrTranslators.bundle
[2022-06-29T16:49:58.775Z]     [646/656] Building CXX object plugin/adsk/plugin/CMakeFiles/mayaUsdPlugin.dir/adskListJobContextsCommand.cpp.o
[2022-06-29T16:49:59.446Z]     [647/656] Building CXX object plugin/adsk/plugin/CMakeFiles/mayaUsdPlugin.dir/adskListShadingModesCommand.cpp.o
[2022-06-29T16:50:01.556Z]     [648/656] Building CXX object plugin/adsk/plugin/CMakeFiles/mayaUsdPlugin.dir/adskExportCommand.cpp.o
[2022-06-29T16:50:01.556Z]     [649/656] Building CXX object plugin/adsk/plugin/CMakeFiles/mayaUsdPlugin.dir/adskImportCommand.cpp.o
[2022-06-29T16:50:03.767Z]     [650/656] Building CXX object plugin/adsk/plugin/CMakeFiles/mayaUsdPlugin.dir/adskStageLoadUnloadCommands.cpp.o
[2022-06-29T16:50:04.415Z]     [651/656] Building CXX object plugin/adsk/plugin/CMakeFiles/mayaUsdPlugin.dir/plugin.cpp.o
[2022-06-29T16:50:06.180Z]     [652/656] Building CXX object plugin/adsk/plugin/CMakeFiles/mayaUsdPlugin.dir/geomNode.cpp.o
[2022-06-29T16:50:06.180Z]     [653/656] Building CXX object plugin/adsk/plugin/CMakeFiles/mayaUsdPlugin.dir/importTranslator.cpp.o
[2022-06-29T16:50:09.127Z]     [654/656] Building CXX object plugin/adsk/plugin/CMakeFiles/mayaUsdPlugin.dir/exportTranslator.cpp.o
[2022-06-29T16:50:09.127Z]     [655/656] Building CXX object plugin/adsk/plugin/CMakeFiles/mayaUsdPlugin.dir/ProxyShape.cpp.o
[2022-06-29T16:50:09.127Z]     [656/656] Linking CXX shared module plugin/adsk/plugin/mayaUsdPlugin.bundle
[2022-06-29T16:50:09.127Z]     
[2022-06-29T16:50:09.127Z]         Building with settings:
[2022-06-29T16:50:09.127Z]           Source directory          /local/S/jenkins/workspace/ECP/ecg-maya-usd/ecg-mayausd-branch-preflight-2020-osx/ecg-maya-usd/maya-usd
[2022-06-29T16:50:09.127Z]           Workspace directory       /local/S/jenkins/workspace/ECP/ecg-maya-usd/ecg-mayausd-branch-preflight-2020-osx
[2022-06-29T16:50:09.127Z]           Build directory           /local/S/jenkins/workspace/ECP/ecg-maya-usd/ecg-mayausd-branch-preflight-2020-osx/build/RelWithDebInfo
[2022-06-29T16:50:09.127Z]           Install directory         /local/S/jenkins/workspace/ECP/ecg-maya-usd/ecg-mayausd-branch-preflight-2020-osx/install/RelWithDebInfo/MayaUSD
[2022-06-29T16:50:09.127Z]           Variant                   RelWithDebInfo
[2022-06-29T16:50:09.127Z]           Python Debug              Off
[2022-06-29T16:50:09.127Z]           CMake generator           Ninja
[2022-06-29T16:50:09.127Z]           Build arguments           ['-DCMAKE_MAKE_PROGRAM=/local/S/jenkins/workspace/shared/Artifactory/OSX/ninja/1.9.0/41005eb/ninja', '-DPYTHON_INCLUDE_DIR=/local/S/jenkins/workspace/shared/Artifactory/OSX/rundev-2020/202107140359/runtime/446214e/runTime/Maya.app/Contents/Frameworks/Python.framework/Versions/Current/include/python2.7', '-DPython_EXECUTABLE=/local/S/jenkins/workspace/shared/Artifactory/OSX/rundev-2020/202107140359/runtime/446214e/runTime/Maya.app/Contents/bin/mayapy', '-DPYTHON_LIBRARIES=/local/S/jenkins/workspace/shared/Artifactory/OSX/rundev-2020/202107140359/runtime/446214e/runTime/Maya.app/Contents/Frameworks/Python.framework/Versions/Current/lib/libpython2.7.dylib', '-DUSD_LIB_PREFIX=lib', '-DCMAKE_WANT_MATERIALX_BUILD=ON', '-DCMAKE_PREFIX_PATH=/local/S/jenkins/workspace/shared/Artifactory/OSX/USD/73ca68d']
[2022-06-29T16:50:09.127Z]           Stages arguments          ['build']
[2022-06-29T16:50:09.127Z]           CTest arguments           ['-E testUsdReferenceAssemblySelection|testUsdMayaAppDir', '-LE interactive', '--parallel 4']
[2022-06-29T16:50:09.127Z]     Success MayaUSD build and install !!!!
[2022-06-29T16:50:09.127Z]     Elapsed time: 00:10:41
[Pipeline] }
[Pipeline] // withEnv
[Pipeline] }
[Pipeline] // timeout
[Pipeline] }
[Pipeline] // stage
[Pipeline] }
[Pipeline] // timestamps
[Pipeline] timestamps
[Pipeline] {
[Pipeline] stage
[Pipeline] { (Install)
[Pipeline] timeout
[2022-06-29T16:50:10.166Z] Timeout set to expire in 6 hr 0 min
[Pipeline] {
[Pipeline] withEnv
[Pipeline] {
[Pipeline] sh
[2022-06-29T16:50:12.332Z] + python ecg-maya-usd/build.py --stages=install --workspace-dir=/local/S/jenkins/workspace/ECP/ecg-maya-usd/ecg-mayausd-branch-preflight-2020-osx --artifactory-dir=/local/S/jenkins/workspace/shared/Artifactory --build-dir=/local/S/jenkins/workspace/ECP/ecg-maya-usd/ecg-mayausd-branch-preflight-2020-osx/build --install-dir=/local/S/jenkins/workspace/ECP/ecg-maya-usd/ecg-mayausd-branch-preflight-2020-osx/install --signing-dir=/local/S/jenkins/workspace/ECP/ecg-maya-usd/ecg-mayausd-branch-preflight-2020-osx/signing --package-dir=/local/S/jenkins/workspace/ECP/ecg-maya-usd/ecg-mayausd-branch-preflight-2020-osx/package --output-dir=/local/S/jenkins/workspace/ECP/ecg-maya-usd/ecg-mayausd-branch-preflight-2020-osx/output --stash-dir=/local/S/jenkins/workspace/ECP/ecg-maya-usd/ecg-mayausd-branch-preflight-2020-osx/stash --jenkins-build=67 --git-commit=0c766b3a11068dfbde0e72e125f3581aec5975f5 --git-branch=master --variants=RelWithDebInfo --python=2.7 --post-zips=false --maya-cut-config=maya-rundev-2020.yaml --maya-package=rundev-2020 --stage-banner
[2022-06-29T16:50:12.332Z] Using Maya cut from /local/S/jenkins/workspace/shared/Artifactory/OSX/rundev-2020/202107140359/runtime/446214e
[2022-06-29T16:50:12.332Z] Using Maya ADSK Signatures from /local/S/jenkins/workspace/shared/Artifactory/OSX/adsk-plugin-signatures-maya/2023/c1dbfce
[2022-06-29T16:50:12.332Z] Using Maya Security Library from /local/S/jenkins/workspace/shared/Artifactory/OSX/maya-security-library/3.1.0/5f2130f
[2022-06-29T16:50:12.332Z] 
[2022-06-29T16:50:12.332Z] ================================================================================
[2022-06-29T16:50:12.332Z]                             install (RelWithDebInfo)
[2022-06-29T16:50:12.332Z] ================================================================================
[2022-06-29T16:50:12.332Z] Maya Python RelWithDebInfo Info:
[2022-06-29T16:50:12.332Z]   mayapy executable   = /local/S/jenkins/workspace/shared/Artifactory/OSX/rundev-2020/202107140359/runtime/446214e/runTime/Maya.app/Contents/bin/mayapy
[2022-06-29T16:50:12.332Z]   Include Folder      = /local/S/jenkins/workspace/shared/Artifactory/OSX/rundev-2020/202107140359/runtime/446214e/runTime/Maya.app/Contents/Frameworks/Python.framework/Versions/Current/include/python2.7
[2022-06-29T16:50:12.332Z]   Library             = /local/S/jenkins/workspace/shared/Artifactory/OSX/rundev-2020/202107140359/runtime/446214e/runTime/Maya.app/Contents/Frameworks/Python.framework/Versions/Current/lib/libpython2.7.dylib
[2022-06-29T16:50:12.332Z]   site-package Folder = /local/S/jenkins/workspace/shared/Artifactory/OSX/rundev-2020/202107140359/runtime/446214e/runTime/Maya.app/Contents/Frameworks/Python.framework/Versions/Current/lib/python2.7/site-packages
[2022-06-29T16:50:13.000Z] In workdir: /local/S/jenkins/workspace/ECP/ecg-maya-usd/ecg-mayausd-branch-preflight-2020-osx/ecg-maya-usd/maya-usd
[2022-06-29T16:50:13.000Z] Executing: /local/S/jenkins/workspace/shared/Artifactory/OSX/rundev-2020/202107140359/runtime/446214e/runTime/Maya.app/Contents/bin/mayapy /local/S/jenkins/workspace/ECP/ecg-maya-usd/ecg-mayausd-branch-preflight-2020-osx/ecg-maya-usd/maya-usd/build.py --generator Ninja --build-relwithdebug --maya-location /local/S/jenkins/workspace/shared/Artifactory/OSX/rundev-2020/202107140359/runtime/446214e/runTime --devkit-location /local/S/jenkins/workspace/shared/Artifactory/OSX/rundev-2020/202107140359/runtime/446214e/devkitBase --pxrusd-location /local/S/jenkins/workspace/shared/Artifactory/OSX/USD/73ca68d --qt-location /local/S/jenkins/workspace/shared/Artifactory/OSX/qt/5.12.5/3ca78fe --build-args=-DCMAKE_MAKE_PROGRAM=/local/S/jenkins/workspace/shared/Artifactory/OSX/ninja/1.9.0/41005eb/ninja,-DPYTHON_INCLUDE_DIR=/local/S/jenkins/workspace/shared/Artifactory/OSX/rundev-2020/202107140359/runtime/446214e/runTime/Maya.app/Contents/Frameworks/Python.framework/Versions/Current/include/python2.7,-DPython_EXECUTABLE=/local/S/jenkins/workspace/shared/Artifactory/OSX/rundev-2020/202107140359/runtime/446214e/runTime/Maya.app/Contents/bin/mayapy,-DPYTHON_LIBRARIES=/local/S/jenkins/workspace/shared/Artifactory/OSX/rundev-2020/202107140359/runtime/446214e/runTime/Maya.app/Contents/Frameworks/Python.framework/Versions/Current/lib/libpython2.7.dylib,-DUSD_LIB_PREFIX=lib,-DCMAKE_WANT_MATERIALX_BUILD=ON,-DCMAKE_PREFIX_PATH=/local/S/jenkins/workspace/shared/Artifactory/OSX/USD/73ca68d '--ctest-args=-E testUsdReferenceAssemblySelection|testUsdMayaAppDir,-LE interactive,--parallel 4' --stages=install --redirect-outstream-file=False --install-location /local/S/jenkins/workspace/ECP/ecg-maya-usd/ecg-mayausd-branch-preflight-2020-osx/install/RelWithDebInfo/MayaUSD /local/S/jenkins/workspace/ECP/ecg-maya-usd/ecg-mayausd-branch-preflight-2020-osx
[2022-06-29T16:50:13.000Z] Modified environment variables:
[2022-06-29T16:50:13.000Z]     PATH=/local/S/jenkins/workspace/shared/Artifactory/OSX/cmake/3.20.3/2594509/bin:/usr/local/bin:/bin:/usr/sbin:/sbin:/usr/bin
[2022-06-29T16:50:13.727Z]     [1/8] Automatic MOC and UIC for target mayaUsdUI
[2022-06-29T16:50:13.727Z]     [2/5] Automatic MOC and UIC for target testMayaUsdUI
[2022-06-29T16:50:13.727Z]     [2/3] Install the project...
[2022-06-29T16:50:13.727Z]     -- Install configuration: "RelWithDebInfo"
[2022-06-29T16:50:17.599Z]     
[2022-06-29T16:50:17.599Z]         Building with settings:
[2022-06-29T16:50:17.599Z]           Source directory          /local/S/jenkins/workspace/ECP/ecg-maya-usd/ecg-mayausd-branch-preflight-2020-osx/ecg-maya-usd/maya-usd
[2022-06-29T16:50:17.599Z]           Workspace directory       /local/S/jenkins/workspace/ECP/ecg-maya-usd/ecg-mayausd-branch-preflight-2020-osx
[2022-06-29T16:50:17.599Z]           Build directory           /local/S/jenkins/workspace/ECP/ecg-maya-usd/ecg-mayausd-branch-preflight-2020-osx/build/RelWithDebInfo
[2022-06-29T16:50:17.599Z]           Install directory         /local/S/jenkins/workspace/ECP/ecg-maya-usd/ecg-mayausd-branch-preflight-2020-osx/install/RelWithDebInfo/MayaUSD
[2022-06-29T16:50:17.599Z]           Variant                   RelWithDebInfo
[2022-06-29T16:50:17.599Z]           Python Debug              Off
[2022-06-29T16:50:17.599Z]           CMake generator           Ninja
[2022-06-29T16:50:17.599Z]           Build arguments           ['-DCMAKE_MAKE_PROGRAM=/local/S/jenkins/workspace/shared/Artifactory/OSX/ninja/1.9.0/41005eb/ninja', '-DPYTHON_INCLUDE_DIR=/local/S/jenkins/workspace/shared/Artifactory/OSX/rundev-2020/202107140359/runtime/446214e/runTime/Maya.app/Contents/Frameworks/Python.framework/Versions/Current/include/python2.7', '-DPython_EXECUTABLE=/local/S/jenkins/workspace/shared/Artifactory/OSX/rundev-2020/202107140359/runtime/446214e/runTime/Maya.app/Contents/bin/mayapy', '-DPYTHON_LIBRARIES=/local/S/jenkins/workspace/shared/Artifactory/OSX/rundev-2020/202107140359/runtime/446214e/runTime/Maya.app/Contents/Frameworks/Python.framework/Versions/Current/lib/libpython2.7.dylib', '-DUSD_LIB_PREFIX=lib', '-DCMAKE_WANT_MATERIALX_BUILD=ON', '-DCMAKE_PREFIX_PATH=/local/S/jenkins/workspace/shared/Artifactory/OSX/USD/73ca68d']
[2022-06-29T16:50:17.599Z]           Stages arguments          ['install']
[2022-06-29T16:50:17.599Z]           CTest arguments           ['-E testUsdReferenceAssemblySelection|testUsdMayaAppDir', '-LE interactive', '--parallel 4']
[2022-06-29T16:50:17.599Z]     Success MayaUSD build and install !!!!
[2022-06-29T16:50:17.599Z]     Elapsed time: 00:00:04
[Pipeline] }
[Pipeline] // withEnv
[Pipeline] }
[Pipeline] // timeout
[Pipeline] }
[Pipeline] // stage
[Pipeline] }
[Pipeline] // timestamps
[Pipeline] timestamps
[Pipeline] {
[Pipeline] stage
[Pipeline] { (Test)
[Pipeline] timeout
[2022-06-29T16:50:18.330Z] Timeout set to expire in 6 hr 0 min
[Pipeline] {
[Pipeline] withEnv
[Pipeline] {
[Pipeline] sh
[2022-06-29T16:50:20.430Z] + python ecg-maya-usd/build.py --stages=test --workspace-dir=/local/S/jenkins/workspace/ECP/ecg-maya-usd/ecg-mayausd-branch-preflight-2020-osx --artifactory-dir=/local/S/jenkins/workspace/shared/Artifactory --build-dir=/local/S/jenkins/workspace/ECP/ecg-maya-usd/ecg-mayausd-branch-preflight-2020-osx/build --install-dir=/local/S/jenkins/workspace/ECP/ecg-maya-usd/ecg-mayausd-branch-preflight-2020-osx/install --signing-dir=/local/S/jenkins/workspace/ECP/ecg-maya-usd/ecg-mayausd-branch-preflight-2020-osx/signing --package-dir=/local/S/jenkins/workspace/ECP/ecg-maya-usd/ecg-mayausd-branch-preflight-2020-osx/package --output-dir=/local/S/jenkins/workspace/ECP/ecg-maya-usd/ecg-mayausd-branch-preflight-2020-osx/output --stash-dir=/local/S/jenkins/workspace/ECP/ecg-maya-usd/ecg-mayausd-branch-preflight-2020-osx/stash --jenkins-build=67 --git-commit=0c766b3a11068dfbde0e72e125f3581aec5975f5 --git-branch=master --variants=RelWithDebInfo --python=2.7 --post-zips=false --test-jobs=0 --failed-test-retry=3 --maya-cut-config=maya-rundev-2020.yaml --maya-package=rundev-2020 --stage-banner --progressive-timeout
[2022-06-29T16:50:20.431Z] Using Maya cut from /local/S/jenkins/workspace/shared/Artifactory/OSX/rundev-2020/202107140359/runtime/446214e
[2022-06-29T16:50:20.431Z] Using Maya ADSK Signatures from /local/S/jenkins/workspace/shared/Artifactory/OSX/adsk-plugin-signatures-maya/2023/c1dbfce
[2022-06-29T16:50:20.431Z] Using Maya Security Library from /local/S/jenkins/workspace/shared/Artifactory/OSX/maya-security-library/3.1.0/5f2130f
[2022-06-29T16:50:20.431Z] 
[2022-06-29T16:50:20.431Z] ================================================================================
[2022-06-29T16:50:20.431Z]                              test (RelWithDebInfo)
[2022-06-29T16:50:20.431Z] ================================================================================
[2022-06-29T16:50:20.431Z] Maya Python RelWithDebInfo Info:
[2022-06-29T16:50:20.431Z]   mayapy executable   = /local/S/jenkins/workspace/shared/Artifactory/OSX/rundev-2020/202107140359/runtime/446214e/runTime/Maya.app/Contents/bin/mayapy
[2022-06-29T16:50:20.431Z]   Include Folder      = /local/S/jenkins/workspace/shared/Artifactory/OSX/rundev-2020/202107140359/runtime/446214e/runTime/Maya.app/Contents/Frameworks/Python.framework/Versions/Current/include/python2.7
[2022-06-29T16:50:20.431Z]   Library             = /local/S/jenkins/workspace/shared/Artifactory/OSX/rundev-2020/202107140359/runtime/446214e/runTime/Maya.app/Contents/Frameworks/Python.framework/Versions/Current/lib/libpython2.7.dylib
[2022-06-29T16:50:20.431Z]   site-package Folder = /local/S/jenkins/workspace/shared/Artifactory/OSX/rundev-2020/202107140359/runtime/446214e/runTime/Maya.app/Contents/Frameworks/Python.framework/Versions/Current/lib/python2.7/site-packages
[2022-06-29T16:50:21.100Z] In workdir: /local/S/jenkins/workspace/ECP/ecg-maya-usd/ecg-mayausd-branch-preflight-2020-osx/ecg-maya-usd/maya-usd
[2022-06-29T16:50:21.100Z] Executing: /local/S/jenkins/workspace/shared/Artifactory/OSX/rundev-2020/202107140359/runtime/446214e/runTime/Maya.app/Contents/bin/mayapy /local/S/jenkins/workspace/ECP/ecg-maya-usd/ecg-mayausd-branch-preflight-2020-osx/ecg-maya-usd/maya-usd/build.py --generator Ninja --build-relwithdebug --maya-location /local/S/jenkins/workspace/shared/Artifactory/OSX/rundev-2020/202107140359/runtime/446214e/runTime --devkit-location /local/S/jenkins/workspace/shared/Artifactory/OSX/rundev-2020/202107140359/runtime/446214e/devkitBase --pxrusd-location /local/S/jenkins/workspace/shared/Artifactory/OSX/USD/73ca68d --qt-location /local/S/jenkins/workspace/shared/Artifactory/OSX/qt/5.12.5/3ca78fe --build-args=-DCMAKE_MAKE_PROGRAM=/local/S/jenkins/workspace/shared/Artifactory/OSX/ninja/1.9.0/41005eb/ninja,-DPYTHON_INCLUDE_DIR=/local/S/jenkins/workspace/shared/Artifactory/OSX/rundev-2020/202107140359/runtime/446214e/runTime/Maya.app/Contents/Frameworks/Python.framework/Versions/Current/include/python2.7,-DPython_EXECUTABLE=/local/S/jenkins/workspace/shared/Artifactory/OSX/rundev-2020/202107140359/runtime/446214e/runTime/Maya.app/Contents/bin/mayapy,-DPYTHON_LIBRARIES=/local/S/jenkins/workspace/shared/Artifactory/OSX/rundev-2020/202107140359/runtime/446214e/runTime/Maya.app/Contents/Frameworks/Python.framework/Versions/Current/lib/libpython2.7.dylib,-DUSD_LIB_PREFIX=lib,-DCMAKE_WANT_MATERIALX_BUILD=ON,-DCMAKE_PREFIX_PATH=/local/S/jenkins/workspace/shared/Artifactory/OSX/USD/73ca68d '--ctest-args=-E testUsdReferenceAssemblySelection|testUsdMayaAppDir,-LE interactive,--parallel 4' --stages=test --redirect-outstream-file=False --install-location /local/S/jenkins/workspace/ECP/ecg-maya-usd/ecg-mayausd-branch-preflight-2020-osx/install/RelWithDebInfo/MayaUSD /local/S/jenkins/workspace/ECP/ecg-maya-usd/ecg-mayausd-branch-preflight-2020-osx
[2022-06-29T16:50:21.100Z] Modified environment variables:
[2022-06-29T16:50:21.100Z]     PATH=/local/S/jenkins/workspace/shared/Artifactory/OSX/cmake/3.20.3/2594509/bin:/usr/local/bin:/bin:/usr/sbin:/sbin:/usr/bin
[2022-06-29T16:50:21.762Z]     Test project /local/S/jenkins/workspace/ECP/ecg-maya-usd/ecg-mayausd-branch-preflight-2020-osx/build/RelWithDebInfo
[2022-06-29T16:50:21.762Z]             Start   1: testMayaUsdConverter
[2022-06-29T16:50:21.762Z]             Start   2: testMayaUsdCreateStageCommands
[2022-06-29T16:50:21.762Z]             Start   3: testMayaUsdPythonImport
[2022-06-29T16:50:21.762Z]             Start   4: testMayaUsdLayerEditorCommands
[2022-06-29T16:50:27.795Z]       1/157 Test   #3: testMayaUsdPythonImport .........................   Passed    5.77 sec
[2022-06-29T16:50:27.795Z]             Start   5: testMayaUsdCacheId
[2022-06-29T16:50:27.795Z]       2/157 Test   #1: testMayaUsdConverter ............................   Passed    6.12 sec
[2022-06-29T16:50:27.795Z]             Start   7: _Interactive_Maya
[2022-06-29T16:50:27.796Z]       3/157 Test   #7: _Interactive_Maya ...............................***Not Run (Disabled)   0.00 sec
[2022-06-29T16:50:27.796Z]             Start   8: testMayaUsdPlugVersionCheck
[2022-06-29T16:50:28.452Z]       4/157 Test   #2: testMayaUsdCreateStageCommands ..................   Passed    6.82 sec
[2022-06-29T16:50:28.452Z]             Start   9: testMatrices
[2022-06-29T16:50:28.452Z]       5/157 Test   #4: testMayaUsdLayerEditorCommands ..................   Passed    6.86 sec
[2022-06-29T16:50:28.452Z]             Start  10: testMayaPickwalk
[2022-06-29T16:50:33.880Z]       6/157 Test   #8: testMayaUsdPlugVersionCheck .....................   Passed    5.91 sec
[2022-06-29T16:50:33.880Z]             Start  11: testPythonWrappers
[2022-06-29T16:50:33.880Z]       7/157 Test  #10: testMayaPickwalk ................................   Passed    5.65 sec
[2022-06-29T16:50:36.858Z]             Start  12: testSelection
[2022-06-29T16:50:36.858Z]       8/157 Test   #9: testMatrices ....................................   Passed    8.58 sec
[2022-06-29T16:50:36.858Z]             Start  13: testSelectionByArray
[2022-06-29T16:50:36.858Z]       9/157 Test   #5: testMayaUsdCacheId ..............................   Passed    9.83 sec
[2022-06-29T16:50:36.858Z]             Start  14: testUfePythonImport
[2022-06-29T16:50:39.934Z]      10/157 Test  #11: testPythonWrappers ..............................   Passed    5.95 sec
[2022-06-29T16:50:39.934Z]             Start  15: testAttributeBlock
[2022-06-29T16:50:41.369Z]      11/157 Test  #14: testUfePythonImport .............................   Passed    3.98 sec
[2022-06-29T16:50:41.369Z]             Start  16: testBlockedLayerEdit
[2022-06-29T16:50:41.369Z]      12/157 Test  #13: testSelectionByArray ............................   Passed    4.48 sec
[2022-06-29T16:50:41.369Z]             Start  17: testLegacyDeleteCmd
[2022-06-29T16:50:42.723Z]      13/157 Test  #12: testSelection ...................................   Passed    5.61 sec
[2022-06-29T16:50:42.723Z]             Start  18: testPrimReader
[2022-06-29T16:50:45.015Z]      14/157 Test  #15: testAttributeBlock ..............................   Passed    5.71 sec
[2022-06-29T16:50:45.015Z]             Start  19: testPrimWriter
[2022-06-29T16:50:46.366Z]      15/157 Test  #17: testLegacyDeleteCmd .............................   Passed    5.12 sec
[2022-06-29T16:50:46.366Z]             Start  20: testExportChaser
[2022-06-29T16:50:46.366Z]      16/157 Test  #16: testBlockedLayerEdit ............................   Passed    5.47 sec
[2022-06-29T16:50:46.366Z]             Start  21: testImportChaser
[2022-06-29T16:50:47.709Z]      17/157 Test  #18: testPrimReader ..................................   Passed    5.06 sec
[2022-06-29T16:50:47.709Z]             Start  22: testImportWithNamespace
[2022-06-29T16:50:50.651Z]      18/157 Test  #19: testPrimWriter ..................................   Passed    5.43 sec
[2022-06-29T16:50:50.651Z]             Start  23: testJobContextRegistry
[2022-06-29T16:50:57.719Z]      19/157 Test  #20: testExportChaser ................................   Passed    7.11 sec
[2022-06-29T16:50:57.719Z]             Start  24: testSchemaApiAdaptor
[2022-06-29T16:50:57.719Z]      20/157 Test  #21: testImportChaser ................................   Passed    7.58 sec
[2022-06-29T16:50:57.719Z]             Start  25: testReadWriteUtils
[2022-06-29T16:50:57.719Z]      21/157 Test  #22: testImportWithNamespace .........................   Passed    7.10 sec
[2022-06-29T16:50:57.719Z]             Start  26: testXformStack
[2022-06-29T16:50:57.719Z]      22/157 Test  #23: testJobContextRegistry ..........................   Passed    5.44 sec
[2022-06-29T16:50:57.719Z]             Start  27: testGeomNode
[2022-06-29T16:50:59.073Z]      23/157 Test  #25: testReadWriteUtils ..............................   Passed    5.15 sec
[2022-06-29T16:50:59.073Z]             Start  28: testLayerManagerSerialization
[2022-06-29T16:50:59.717Z]      24/157 Test  #26: testXformStack ..................................   Passed    5.13 sec
[2022-06-29T16:50:59.718Z]             Start  29: testPointBasedDeformerNode
[2022-06-29T16:50:59.718Z]      25/157 Test  #24: testSchemaApiAdaptor ............................   Passed    6.18 sec
[2022-06-29T16:50:59.718Z]             Start  30: testProxyShapeBase
[2022-06-29T16:51:01.083Z]      26/157 Test  #27: testGeomNode ....................................   Passed    4.80 sec
[2022-06-29T16:51:01.083Z]             Start  31: testHdImagingShape
[2022-06-29T16:51:04.089Z]      27/157 Test  #29: testPointBasedDeformerNode ......................   Passed    4.58 sec
[2022-06-29T16:51:04.089Z]             Start  54: testUsdUndoManager
[2022-06-29T16:51:04.726Z]      28/157 Test  #28: testLayerManagerSerialization ...................   Passed    5.77 sec
[2022-06-29T16:51:04.726Z]             Start  55: testBlockSceneModificationContext
[2022-06-29T16:51:05.362Z]      29/157 Test  #30: testProxyShapeBase ..............................***Failed    5.29 sec
[2022-06-29T16:51:05.362Z]     MAYA_DEBUG_NO_SAVE_ON_CRASH is set.
[2022-06-29T16:51:05.362Z]     Warning: This file is from an older version of Maya.  If saved, it will not be readable by previous versions.
[2022-06-29T16:51:05.362Z]     File read in  0.3 seconds.
[2022-06-29T16:51:05.362Z]     .sssEEEEWarning: This file is from an older version of Maya.  If saved, it will not be readable by previous versions.
[2022-06-29T16:51:05.362Z]     File read in  0.006 seconds.
[2022-06-29T16:51:05.362Z]     EWarning: This file is from an older version of Maya.  If saved, it will not be readable by previous versions.
[2022-06-29T16:51:05.362Z]     File read in  0.006 seconds.
[2022-06-29T16:51:05.362Z]     .Warning: This file is from an older version of Maya.  If saved, it will not be readable by previous versions.
[2022-06-29T16:51:05.362Z]     File read in  0.0059 seconds.
[2022-06-29T16:51:05.362Z]     EsWarning: This file is from an older version of Maya.  If saved, it will not be readable by previous versions.
[2022-06-29T16:51:05.362Z]     File read in  0.0061 seconds.
[2022-06-29T16:51:05.362Z]     .Warning: This file is from an older version of Maya.  If saved, it will not be readable by previous versions.
[2022-06-29T16:51:05.362Z]     File read in  0.0058 seconds.
[2022-06-29T16:51:05.362Z]     ..
[2022-06-29T16:51:05.362Z]     ======================================================================
[2022-06-29T16:51:05.362Z]     ERROR: testSaveStageToMayaPreserveRootLayer (testProxyShapeBase.testProxyShapeBase)
[2022-06-29T16:51:05.362Z]     ----------------------------------------------------------------------
[2022-06-29T16:51:05.362Z]     Traceback (most recent call last):
[2022-06-29T16:51:05.362Z]       File "/local/S/jenkins/workspace/ECP/ecg-maya-usd/ecg-mayausd-branch-preflight-2020-osx/ecg-maya-usd/maya-usd/test/lib/mayaUsd/nodes/testProxyShapeBase.py", line 382, in testSaveStageToMayaPreserveRootLayer
[2022-06-29T16:51:05.362Z]         self._saveStagePreserveLayerHelper(True, True)
[2022-06-29T16:51:05.362Z]       File "/local/S/jenkins/workspace/ECP/ecg-maya-usd/ecg-mayausd-branch-preflight-2020-osx/ecg-maya-usd/maya-usd/test/lib/mayaUsd/nodes/testProxyShapeBase.py", line 336, in _saveStagePreserveLayerHelper
[2022-06-29T16:51:05.362Z]         with testUtils.TemporaryDirectory(prefix='ProxyShapeBase', ignore_errors=True) as testDir:
[2022-06-29T16:51:05.362Z]       File "/local/S/jenkins/workspace/ECP/ecg-maya-usd/ecg-mayausd-branch-preflight-2020-osx/ecg-maya-usd/maya-usd/test/testUtils/testUtils.py", line 56, in __init__
[2022-06-29T16:51:05.362Z]         self.name = tempfile.mkdtemp(suffix=suffix, prefix=prefix)
[2022-06-29T16:51:05.362Z]       File "/local/S/jenkins/workspace/shared/Artifactory/OSX/rundev-2020/202107140359/runtime/446214e/runTime/Maya.app/Contents/Frameworks/Python.framework/Versions/Current/lib/python2.7/tempfile.py", line 337, in mkdtemp
[2022-06-29T16:51:05.362Z]         file = _os.path.join(dir, prefix + name + suffix)
[2022-06-29T16:51:05.362Z]     TypeError: cannot concatenate 'str' and 'NoneType' objects
[2022-06-29T16:51:05.362Z]     
[2022-06-29T16:51:05.362Z]     ======================================================================
[2022-06-29T16:51:05.362Z]     ERROR: testSaveStageToMayaPreserveSessionLayer (testProxyShapeBase.testProxyShapeBase)
[2022-06-29T16:51:05.362Z]     ----------------------------------------------------------------------
[2022-06-29T16:51:05.362Z]     Traceback (most recent call last):
[2022-06-29T16:51:05.362Z]       File "/local/S/jenkins/workspace/ECP/ecg-maya-usd/ecg-mayausd-branch-preflight-2020-osx/ecg-maya-usd/maya-usd/test/lib/mayaUsd/nodes/testProxyShapeBase.py", line 368, in testSaveStageToMayaPreserveSessionLayer
[2022-06-29T16:51:05.362Z]         self._saveStagePreserveLayerHelper(False, True)
[2022-06-29T16:51:05.362Z]       File "/local/S/jenkins/workspace/ECP/ecg-maya-usd/ecg-mayausd-branch-preflight-2020-osx/ecg-maya-usd/maya-usd/test/lib/mayaUsd/nodes/testProxyShapeBase.py", line 336, in _saveStagePreserveLayerHelper
[2022-06-29T16:51:05.362Z]         with testUtils.TemporaryDirectory(prefix='ProxyShapeBase', ignore_errors=True) as testDir:
[2022-06-29T16:51:05.362Z]       File "/local/S/jenkins/workspace/ECP/ecg-maya-usd/ecg-mayausd-branch-preflight-2020-osx/ecg-maya-usd/maya-usd/test/testUtils/testUtils.py", line 56, in __init__
[2022-06-29T16:51:05.362Z]         self.name = tempfile.mkdtemp(suffix=suffix, prefix=prefix)
[2022-06-29T16:51:05.362Z]       File "/local/S/jenkins/workspace/shared/Artifactory/OSX/rundev-2020/202107140359/runtime/446214e/runTime/Maya.app/Contents/Frameworks/Python.framework/Versions/Current/lib/python2.7/tempfile.py", line 337, in mkdtemp
[2022-06-29T16:51:05.362Z]         file = _os.path.join(dir, prefix + name + suffix)
[2022-06-29T16:51:05.362Z]     TypeError: cannot concatenate 'str' and 'NoneType' objects
[2022-06-29T16:51:05.362Z]     
[2022-06-29T16:51:05.362Z]     ======================================================================
[2022-06-29T16:51:05.362Z]     ERROR: testSaveStageToUSDPreserveRootLayer (testProxyShapeBase.testProxyShapeBase)
[2022-06-29T16:51:05.362Z]     ----------------------------------------------------------------------
[2022-06-29T16:51:05.362Z]     Traceback (most recent call last):
[2022-06-29T16:51:05.362Z]       File "/local/S/jenkins/workspace/ECP/ecg-maya-usd/ecg-mayausd-branch-preflight-2020-osx/ecg-maya-usd/maya-usd/test/lib/mayaUsd/nodes/testProxyShapeBase.py", line 375, in testSaveStageToUSDPreserveRootLayer
[2022-06-29T16:51:05.362Z]         self._saveStagePreserveLayerHelper(True, False)
[2022-06-29T16:51:05.362Z]       File "/local/S/jenkins/workspace/ECP/ecg-maya-usd/ecg-mayausd-branch-preflight-2020-osx/ecg-maya-usd/maya-usd/test/lib/mayaUsd/nodes/testProxyShapeBase.py", line 336, in _saveStagePreserveLayerHelper
[2022-06-29T16:51:05.362Z]         with testUtils.TemporaryDirectory(prefix='ProxyShapeBase', ignore_errors=True) as testDir:
[2022-06-29T16:51:05.362Z]       File "/local/S/jenkins/workspace/ECP/ecg-maya-usd/ecg-mayausd-branch-preflight-2020-osx/ecg-maya-usd/maya-usd/test/testUtils/testUtils.py", line 56, in __init__
[2022-06-29T16:51:05.362Z]         self.name = tempfile.mkdtemp(suffix=suffix, prefix=prefix)
[2022-06-29T16:51:05.362Z]       File "/local/S/jenkins/workspace/shared/Artifactory/OSX/rundev-2020/202107140359/runtime/446214e/runTime/Maya.app/Contents/Frameworks/Python.framework/Versions/Current/lib/python2.7/tempfile.py", line 337, in mkdtemp
[2022-06-29T16:51:05.362Z]         file = _os.path.join(dir, prefix + name + suffix)
[2022-06-29T16:51:05.362Z]     TypeError: cannot concatenate 'str' and 'NoneType' objects
[2022-06-29T16:51:05.362Z]     
[2022-06-29T16:51:05.362Z]     ======================================================================
[2022-06-29T16:51:05.362Z]     ERROR: testSaveStageToUSDPreserveSessionLayer (testProxyShapeBase.testProxyShapeBase)
[2022-06-29T16:51:05.362Z]     ----------------------------------------------------------------------
[2022-06-29T16:51:05.362Z]     Traceback (most recent call last):
[2022-06-29T16:51:05.362Z]       File "/local/S/jenkins/workspace/ECP/ecg-maya-usd/ecg-mayausd-branch-preflight-2020-osx/ecg-maya-usd/maya-usd/test/lib/mayaUsd/nodes/testProxyShapeBase.py", line 361, in testSaveStageToUSDPreserveSessionLayer
[2022-06-29T16:51:05.362Z]         self._saveStagePreserveLayerHelper(False, False)
[2022-06-29T16:51:05.362Z]       File "/local/S/jenkins/workspace/ECP/ecg-maya-usd/ecg-mayausd-branch-preflight-2020-osx/ecg-maya-usd/maya-usd/test/lib/mayaUsd/nodes/testProxyShapeBase.py", line 336, in _saveStagePreserveLayerHelper
[2022-06-29T16:51:05.362Z]         with testUtils.TemporaryDirectory(prefix='ProxyShapeBase', ignore_errors=True) as testDir:
[2022-06-29T16:51:05.363Z]       File "/local/S/jenkins/workspace/ECP/ecg-maya-usd/ecg-mayausd-branch-preflight-2020-osx/ecg-maya-usd/maya-usd/test/testUtils/testUtils.py", line 56, in __init__
[2022-06-29T16:51:05.363Z]         self.name = tempfile.mkdtemp(suffix=suffix, prefix=prefix)
[2022-06-29T16:51:05.363Z]       File "/local/S/jenkins/workspace/shared/Artifactory/OSX/rundev-2020/202107140359/runtime/446214e/runTime/Maya.app/Contents/Frameworks/Python.framework/Versions/Current/lib/python2.7/tempfile.py", line 337, in mkdtemp
[2022-06-29T16:51:05.363Z]         file = _os.path.join(dir, prefix + name + suffix)
[2022-06-29T16:51:05.363Z]     TypeError: cannot concatenate 'str' and 'NoneType' objects
[2022-06-29T16:51:05.363Z]     
[2022-06-29T16:51:05.363Z]     ======================================================================
[2022-06-29T16:51:05.363Z]     ERROR: testSerializationShareStage (testProxyShapeBase.testProxyShapeBase)
[2022-06-29T16:51:05.363Z]     ----------------------------------------------------------------------
[2022-06-29T16:51:05.363Z]     Traceback (most recent call last):
[2022-06-29T16:51:05.363Z]       File "/local/S/jenkins/workspace/ECP/ecg-maya-usd/ecg-mayausd-branch-preflight-2020-osx/ecg-maya-usd/maya-usd/test/lib/mayaUsd/nodes/testProxyShapeBase.py", line 511, in testSerializationShareStage
[2022-06-29T16:51:05.363Z]         with testUtils.TemporaryDirectory(prefix='ProxyShapeBase') as testDir:
[2022-06-29T16:51:05.363Z]       File "/local/S/jenkins/workspace/ECP/ecg-maya-usd/ecg-mayausd-branch-preflight-2020-osx/ecg-maya-usd/maya-usd/test/testUtils/testUtils.py", line 56, in __init__
[2022-06-29T16:51:05.363Z]         self.name = tempfile.mkdtemp(suffix=suffix, prefix=prefix)
[2022-06-29T16:51:05.363Z]       File "/local/S/jenkins/workspace/shared/Artifactory/OSX/rundev-2020/202107140359/runtime/446214e/runTime/Maya.app/Contents/Frameworks/Python.framework/Versions/Current/lib/python2.7/tempfile.py", line 337, in mkdtemp
[2022-06-29T16:51:05.363Z]         file = _os.path.join(dir, prefix + name + suffix)
[2022-06-29T16:51:05.363Z]     TypeError: cannot concatenate 'str' and 'NoneType' objects
[2022-06-29T16:51:05.363Z]     
[2022-06-29T16:51:05.363Z]     ======================================================================
[2022-06-29T16:51:05.363Z]     ERROR: testShareStageComplexHierarchyToggle (testProxyShapeBase.testProxyShapeBase)
[2022-06-29T16:51:05.363Z]     ----------------------------------------------------------------------
[2022-06-29T16:51:05.363Z]     Traceback (most recent call last):
[2022-06-29T16:51:05.363Z]       File "/local/S/jenkins/workspace/ECP/ecg-maya-usd/ecg-mayausd-branch-preflight-2020-osx/ecg-maya-usd/maya-usd/test/lib/mayaUsd/nodes/testProxyShapeBase.py", line 581, in testShareStageComplexHierarchyToggle
[2022-06-29T16:51:05.363Z]         with testUtils.TemporaryDirectory(prefix='ProxyShapeBase') as testDir:
[2022-06-29T16:51:05.363Z]       File "/local/S/jenkins/workspace/ECP/ecg-maya-usd/ecg-mayausd-branch-preflight-2020-osx/ecg-maya-usd/maya-usd/test/testUtils/testUtils.py", line 56, in __init__
[2022-06-29T16:51:05.363Z]         self.name = tempfile.mkdtemp(suffix=suffix, prefix=prefix)
[2022-06-29T16:51:05.363Z]       File "/local/S/jenkins/workspace/shared/Artifactory/OSX/rundev-2020/202107140359/runtime/446214e/runTime/Maya.app/Contents/Frameworks/Python.framework/Versions/Current/lib/python2.7/tempfile.py", line 337, in mkdtemp
[2022-06-29T16:51:05.363Z]         file = _os.path.join(dir, prefix + name + suffix)
[2022-06-29T16:51:05.363Z]     TypeError: cannot concatenate 'str' and 'NoneType' objects
[2022-06-29T16:51:05.363Z]     
[2022-06-29T16:51:05.363Z]     ----------------------------------------------------------------------
[2022-06-29T16:51:05.363Z]     Ran 15 tests in 1.238s
[2022-06-29T16:51:05.363Z]     
[2022-06-29T16:51:05.363Z]     FAILED (errors=6, skipped=4)
[2022-06-29T16:51:05.363Z]     
[2022-06-29T16:51:05.363Z]             Start  56: testDiagnosticDelegate
[2022-06-29T16:51:05.363Z]      30/157 Test  #31: testHdImagingShape ..............................   Passed    4.79 sec
[2022-06-29T16:51:05.363Z]             Start  57: testPxrUsdPreviewSurfaceDraw
[2022-06-29T16:51:08.295Z]      31/157 Test  #57: testPxrUsdPreviewSurfaceDraw ....................   Passed    2.52 sec
[2022-06-29T16:51:08.295Z]             Start  58: testPxrUsdPreviewSurfaceExport
[2022-06-29T16:51:09.631Z]      32/157 Test  #54: testUsdUndoManager ..............................   Passed    5.40 sec
[2022-06-29T16:51:09.631Z]             Start  59: testMayaUsdSchemasPythonImport
[2022-06-29T16:51:10.272Z]      33/157 Test  #56: testDiagnosticDelegate ..........................   Passed    5.04 sec
[2022-06-29T16:51:10.272Z]             Start  60: testMayaUsdSchemasMayaReference
[2022-06-29T16:51:10.272Z]      34/157 Test  #55: testBlockSceneModificationContext ...............   Passed    5.10 sec
[2022-06-29T16:51:10.272Z]             Start  61: testDiffCore
[2022-06-29T16:51:10.272Z]      35/157 Test  #61: testDiffCore ....................................   Passed    0.03 sec
[2022-06-29T16:51:10.272Z]             Start  62: testDiffValues
[2022-06-29T16:51:10.272Z]      36/157 Test  #62: testDiffValues ..................................   Passed    0.03 sec
[2022-06-29T16:51:10.272Z]             Start  63: testDiffAttributes
[2022-06-29T16:51:10.272Z]      37/157 Test  #63: testDiffAttributes ..............................   Passed    0.05 sec
[2022-06-29T16:51:10.272Z]             Start  64: testDiffRelationships
[2022-06-29T16:51:10.272Z]      38/157 Test  #64: testDiffRelationships ...........................   Passed    0.05 sec
[2022-06-29T16:51:10.272Z]             Start  65: testDiffDictionaries
[2022-06-29T16:51:10.272Z]      39/157 Test  #65: testDiffDictionaries ............................   Passed    0.03 sec
[2022-06-29T16:51:10.272Z]             Start  66: testDiffLists
[2022-06-29T16:51:10.272Z]      40/157 Test  #66: testDiffLists ...................................   Passed    0.03 sec
[2022-06-29T16:51:10.272Z]             Start  67: testDiffComputeOverall
[2022-06-29T16:51:10.272Z]      41/157 Test  #67: testDiffComputeOverall ..........................   Passed    0.03 sec
[2022-06-29T16:51:10.272Z]             Start  68: testDiffPrims
[2022-06-29T16:51:10.272Z]      42/157 Test  #68: testDiffPrims ...................................   Passed    0.06 sec
[2022-06-29T16:51:10.272Z]             Start  69: testMergePrims
[2022-06-29T16:51:10.272Z]      43/157 Test  #69: testMergePrims ..................................   Passed    0.06 sec
[2022-06-29T16:51:10.272Z]             Start  70: testDiffMetadatas
[2022-06-29T16:51:10.272Z]      44/157 Test  #70: testDiffMetadatas ...............................   Passed    0.05 sec
[2022-06-29T16:51:10.272Z]             Start  71: testUsdExportAnimation
[2022-06-29T16:51:13.222Z]      45/157 Test  #59: testMayaUsdSchemasPythonImport ..................   Passed    3.12 sec
[2022-06-29T16:51:13.222Z]             Start  72: testUsdExportAsClip
[2022-06-29T16:51:13.222Z]      46/157 Test  #58: testPxrUsdPreviewSurfaceExport ..................   Passed    4.88 sec
[2022-06-29T16:51:13.222Z]             Start  73: testUsdExportBindTransform
[2022-06-29T16:51:13.222Z]      47/157 Test  #60: testMayaUsdSchemasMayaReference .................   Passed    3.16 sec
[2022-06-29T16:51:13.222Z]             Start  74: testUsdExportBlendshapes
[2022-06-29T16:51:15.370Z]      48/157 Test  #71: testUsdExportAnimation ..........................   Passed    5.11 sec
[2022-06-29T16:51:15.370Z]             Start  75: testUsdExportCamera
[2022-06-29T16:51:18.288Z]      49/157 Test  #73: testUsdExportBindTransform ......................   Passed    5.25 sec
[2022-06-29T16:51:18.288Z]             Start  76: testUsdExportColorSets
[2022-06-29T16:51:18.288Z]      50/157 Test  #72: testUsdExportAsClip .............................   Passed    5.41 sec
[2022-06-29T16:51:18.288Z]             Start  77: testUsdExportConnected
[2022-06-29T16:51:18.288Z]      51/157 Test  #74: testUsdExportBlendshapes ........................   Passed    5.29 sec
[2022-06-29T16:51:18.288Z]             Start  78: testUsdExportDisplacement
[2022-06-29T16:51:21.205Z]      52/157 Test  #75: testUsdExportCamera .............................   Passed    5.39 sec
[2022-06-29T16:51:21.205Z]             Start  79: testUsdExportDisplayColor
[2022-06-29T16:51:24.256Z]      53/157 Test  #77: testUsdExportConnected ..........................   Passed    5.50 sec
[2022-06-29T16:51:24.256Z]             Start  80: testUsdExportEulerFilter
[2022-06-29T16:51:24.256Z]      54/157 Test  #76: testUsdExportColorSets ..........................   Passed    6.13 sec
[2022-06-29T16:51:24.256Z]             Start  81: testUsdExportFileFormat
[2022-06-29T16:51:24.256Z]      55/157 Test  #78: testUsdExportDisplacement .......................   Passed    5.86 sec
[2022-06-29T16:51:24.256Z]             Start  82: testUsdExportFilterTypes
[2022-06-29T16:51:26.395Z]      56/157 Test  #79: testUsdExportDisplayColor .......................   Passed    5.45 sec
[2022-06-29T16:51:26.395Z]             Start  83: testUsdExportFrameOffset
[2022-06-29T16:51:29.350Z]      57/157 Test  #80: testUsdExportEulerFilter ........................   Passed    5.46 sec
[2022-06-29T16:51:29.350Z]             Start  84: testUsdExportGeomSubset
[2022-06-29T16:51:29.350Z]      58/157 Test  #81: testUsdExportFileFormat .........................   Passed    4.94 sec
[2022-06-29T16:51:29.350Z]             Start  85: testUsdExportInstances
[2022-06-29T16:51:29.996Z]      59/157 Test  #82: testUsdExportFilterTypes ........................   Passed    5.83 sec
[2022-06-29T16:51:29.996Z]             Start  86: testUsdExportLayerAttributes
[2022-06-29T16:51:32.120Z]      60/157 Test  #83: testUsdExportFrameOffset ........................   Passed    5.60 sec
[2022-06-29T16:51:32.120Z]             Start  87: testUsdExportLight
[2022-06-29T16:51:35.058Z]      61/157 Test  #84: testUsdExportGeomSubset .........................   Passed    5.63 sec
[2022-06-29T16:51:35.058Z]             Start  88: testUsdExportLocator
[2022-06-29T16:51:35.058Z]      62/157 Test  #85: testUsdExportInstances ..........................   Passed    5.62 sec
[2022-06-29T16:51:35.058Z]             Start  89: testUsdExportMayaInstancer
[2022-06-29T16:51:35.058Z]      63/157 Test  #86: testUsdExportLayerAttributes ....................   Passed    4.78 sec
[2022-06-29T16:51:35.058Z]             Start  90: testUsdExportMesh
[2022-06-29T16:51:38.022Z]      64/157 Test  #87: testUsdExportLight ..............................   Passed    5.70 sec
[2022-06-29T16:51:38.022Z]             Start  91: testUsdExportNurbsCurve
[2022-06-29T16:51:40.974Z]      65/157 Test  #88: testUsdExportLocator ............................   Passed    5.94 sec
[2022-06-29T16:51:40.974Z]             Start  92: testUsdExportOpenLayer
[2022-06-29T16:51:40.974Z]      66/157 Test  #89: testUsdExportMayaInstancer ......................   Passed    6.29 sec
[2022-06-29T16:51:40.974Z]             Start  93: testUsdExportOverImport
[2022-06-29T16:51:40.974Z]      67/157 Test  #90: testUsdExportMesh ...............................   Passed    6.24 sec
[2022-06-29T16:51:40.974Z]             Start  94: testUsdExportUsdPreviewSurface
[2022-06-29T16:51:43.968Z]      68/157 Test  #91: testUsdExportNurbsCurve .........................   Passed    6.30 sec
[2022-06-29T16:51:43.968Z]             Start  95: testUsdExportParentScope
[2022-06-29T16:51:47.214Z]      69/157 Test  #92: testUsdExportOpenLayer ..........................   Passed    6.34 sec
[2022-06-29T16:51:47.214Z]             Start  96: testUsdExportParticles
[2022-06-29T16:51:47.214Z]      70/157 Test  #93: testUsdExportOverImport .........................   Passed    5.98 sec
[2022-06-29T16:51:47.214Z]             Start  97: testUsdExportPref
[2022-06-29T16:51:47.214Z]      71/157 Test  #94: testUsdExportUsdPreviewSurface ..................   Passed    6.07 sec
[2022-06-29T16:51:47.214Z]             Start  98: testUsdExportRenderLayerMode
[2022-06-29T16:51:50.145Z]      72/157 Test  #95: testUsdExportParentScope ........................   Passed    6.08 sec
[2022-06-29T16:51:50.145Z]             Start  99: testUsdExportRoots
[2022-06-29T16:51:51.571Z]      73/157 Test  #98: testUsdExportRenderLayerMode ....................   Passed    3.88 sec
[2022-06-29T16:51:51.571Z]             Start 100: testUsdExportRootsAndParentScope
[2022-06-29T16:51:52.932Z]      74/157 Test  #96: testUsdExportParticles ..........................   Passed    5.98 sec
[2022-06-29T16:51:52.932Z]             Start 101: testUsdExportSelection
[2022-06-29T16:51:54.389Z]      75/157 Test  #97: testUsdExportPref ...............................   Passed    6.81 sec
[2022-06-29T16:51:54.389Z]             Start 102: testUsdExportSelectionHierarchy
[2022-06-29T16:51:55.058Z]      76/157 Test  #99: testUsdExportRoots ..............................   Passed    4.91 sec
[2022-06-29T16:51:55.058Z]             Start 103: testUsdExportShadingInstanced
[2022-06-29T16:51:56.399Z]      77/157 Test #100: testUsdExportRootsAndParentScope ................   Passed    5.14 sec
[2022-06-29T16:51:56.399Z]             Start 104: testUsdExportShadingModePxrRis
[2022-06-29T16:51:57.746Z]      78/157 Test #101: testUsdExportSelection ..........................   Passed    4.75 sec
[2022-06-29T16:51:57.746Z]             Start 105: testUsdExportSkeleton
[2022-06-29T16:51:59.096Z]      79/157 Test #102: testUsdExportSelectionHierarchy .................   Passed    5.28 sec
[2022-06-29T16:51:59.096Z]             Start 106: testUsdExportStripNamespaces
[2022-06-29T16:51:59.795Z]      80/157 Test #103: testUsdExportShadingInstanced ...................   Passed    4.69 sec
[2022-06-29T16:51:59.795Z]             Start 107: testUsdExportStroke
[2022-06-29T16:52:02.013Z]      81/157 Test #104: testUsdExportShadingModePxrRis ..................   Passed    5.80 sec
[2022-06-29T16:52:02.013Z]             Start 108: testUsdExportUserTaggedAttributes
[2022-06-29T16:52:03.375Z]      82/157 Test #105: testUsdExportSkeleton ...........................   Passed    5.28 sec
[2022-06-29T16:52:03.375Z]             Start 109: testUsdExportVisibilityDefault
[2022-06-29T16:52:04.094Z]      83/157 Test #106: testUsdExportStripNamespaces ....................   Passed    4.39 sec
[2022-06-29T16:52:04.094Z]             Start 110: testUsdImportAnonymousLayer
[2022-06-29T16:52:05.567Z]      84/157 Test #107: testUsdExportStroke .............................   Passed    5.43 sec
[2022-06-29T16:52:05.568Z]             Start 111: testUsdImportCamera
[2022-06-29T16:52:06.932Z]      85/157 Test #108: testUsdExportUserTaggedAttributes ...............   Passed    4.78 sec
[2022-06-29T16:52:06.932Z]             Start 112: testUsdImportBasisCurves
[2022-06-29T16:52:08.273Z]      86/157 Test #109: testUsdExportVisibilityDefault ..................   Passed    4.94 sec
[2022-06-29T16:52:08.273Z]             Start 113: testUsdImportBatchNurbsCurves
[2022-06-29T16:52:08.273Z]      87/157 Test #110: testUsdImportAnonymousLayer .....................   Passed    4.59 sec
[2022-06-29T16:52:08.273Z]             Start 114: testUsdImportLinearCurves
[2022-06-29T16:52:09.631Z]      88/157 Test #111: testUsdImportCamera .............................   Passed    4.71 sec
[2022-06-29T16:52:09.632Z]             Start 115: testUsdImportNurbsCurves
[2022-06-29T16:52:12.577Z]      89/157 Test #112: testUsdImportBasisCurves ........................   Passed    5.85 sec
[2022-06-29T16:52:12.577Z]             Start 116: testUsdImportBatchBezierCurves
[2022-06-29T16:52:13.927Z]      90/157 Test #113: testUsdImportBatchNurbsCurves ...................   Passed    5.66 sec
[2022-06-29T16:52:13.927Z]             Start 117: testUsdImportColorSets
[2022-06-29T16:52:13.927Z]      91/157 Test #114: testUsdImportLinearCurves .......................   Passed    5.63 sec
[2022-06-29T16:52:13.927Z]             Start 118: testUsdImportDisplacement
[2022-06-29T16:52:16.053Z]      92/157 Test #115: testUsdImportNurbsCurves ........................   Passed    5.67 sec
[2022-06-29T16:52:16.053Z]             Start 119: testUsdImportExportScope
[2022-06-29T16:52:18.369Z]      93/157 Test #117: testUsdImportColorSets ..........................   Passed    4.66 sec
[2022-06-29T16:52:18.369Z]             Start 120: testUsdImportExportTypelessDefs
[2022-06-29T16:52:19.755Z]      94/157 Test #118: testUsdImportDisplacement .......................   Passed    5.56 sec
[2022-06-29T16:52:19.755Z]             Start 121: testUsdImportFrameRange
[2022-06-29T16:52:19.755Z]      95/157 Test #116: testUsdImportBatchBezierCurves ..................   Passed    6.72 sec
[2022-06-29T16:52:19.755Z]             Start 122: testUsdImportFramerates
[2022-06-29T16:52:20.420Z]      96/157 Test #119: testUsdImportExportScope ........................   Passed    4.56 sec
[2022-06-29T16:52:20.420Z]             Start 123: testUsdImportInstances
[2022-06-29T16:52:23.373Z]      97/157 Test #120: testUsdImportExportTypelessDefs .................   Passed    4.62 sec
[2022-06-29T16:52:23.373Z]             Start 124: testUsdImportLight
[2022-06-29T16:52:24.039Z]      98/157 Test #122: testUsdImportFramerates .........................   Passed    4.54 sec
[2022-06-29T16:52:24.039Z]             Start 125: testUsdImportMayaReference
[2022-06-29T16:52:24.039Z]      99/157 Test #121: testUsdImportFrameRange .........................   Passed    4.58 sec
[2022-06-29T16:52:24.039Z]             Start 126: testUsdImportMesh
[2022-06-29T16:52:25.462Z]     100/157 Test #123: testUsdImportInstances ..........................   Passed    5.35 sec
[2022-06-29T16:52:25.462Z]             Start 127: testUsdImportPreviewSurface
[2022-06-29T16:52:27.580Z]     101/157 Test #124: testUsdImportLight ..............................   Passed    4.51 sec
[2022-06-29T16:52:27.580Z]             Start 128: testUsdImportSessionLayer
[2022-06-29T16:52:29.670Z]     102/157 Test #126: testUsdImportMesh ...............................   Passed    5.17 sec
[2022-06-29T16:52:29.670Z]             Start 129: testUsdImportShadingModeDisplayColor
[2022-06-29T16:52:29.670Z]     103/157 Test #125: testUsdImportMayaReference ......................   Passed    5.39 sec
[2022-06-29T16:52:29.670Z]             Start 130: testUsdImportShadingModePxrRis
[2022-06-29T16:52:30.318Z]     104/157 Test #127: testUsdImportPreviewSurface .....................   Passed    4.86 sec
[2022-06-29T16:52:30.318Z]             Start 131: testUsdImportUVSetMappings
[2022-06-29T16:52:32.455Z]     105/157 Test #128: testUsdImportSessionLayer .......................   Passed    4.51 sec
[2022-06-29T16:52:32.455Z]             Start 132: testUsdImportUSDZTextures
[2022-06-29T16:52:33.806Z]     106/157 Test #129: testUsdImportShadingModeDisplayColor ............   Passed    4.31 sec
[2022-06-29T16:52:33.806Z]             Start 133: testUsdExportImportRoundtripPreviewSurface
[2022-06-29T16:52:35.932Z]     107/157 Test #130: testUsdImportShadingModePxrRis ..................   Passed    6.35 sec
[2022-06-29T16:52:35.932Z]             Start 134: testUsdExportImportUDIM
[2022-06-29T16:52:35.932Z]     108/157 Test #131: testUsdImportUVSetMappings ......................   Passed    5.46 sec
[2022-06-29T16:52:35.932Z]             Start 135: testUsdImportSkeleton
[2022-06-29T16:52:38.034Z]     109/157 Test #132: testUsdImportUSDZTextures .......................   Passed    5.46 sec
[2022-06-29T16:52:38.034Z]             Start 136: testUsdImportXforms
[2022-06-29T16:52:39.414Z]     110/157 Test #133: testUsdExportImportRoundtripPreviewSurface ......   Passed    5.55 sec
[2022-06-29T16:52:39.414Z]             Start 137: testUsdImportXformAnim
[2022-06-29T16:52:41.533Z]     111/157 Test #135: testUsdImportSkeleton ...........................   Passed    5.30 sec
[2022-06-29T16:52:41.533Z]             Start 138: testUsdMayaAdaptor
[2022-06-29T16:52:41.533Z]     112/157 Test #134: testUsdExportImportUDIM .........................   Passed    5.79 sec
[2022-06-29T16:52:41.533Z]             Start 139: testUsdMayaAdaptorGeom
[2022-06-29T16:52:44.501Z]     113/157 Test #137: testUsdImportXformAnim ..........................   Passed    4.91 sec
[2022-06-29T16:52:44.501Z]             Start 140: testUsdMayaAdaptorMetadata
[2022-06-29T16:52:45.837Z]     114/157 Test #138: testUsdMayaAdaptor ..............................   Passed    4.54 sec
[2022-06-29T16:52:45.837Z]             Start 141: testUsdMayaAdaptorUndoRedo
[2022-06-29T16:52:47.188Z]     115/157 Test #139: testUsdMayaAdaptorGeom ..........................   Passed    5.54 sec
[2022-06-29T16:52:47.188Z]             Start 142: testUsdExportUVTransforms
[2022-06-29T16:52:50.097Z]     116/157 Test #140: testUsdMayaAdaptorMetadata ......................   Passed    6.03 sec
[2022-06-29T16:52:50.097Z]             Start 143: testUsdExportUsdzPackage
[2022-06-29T16:52:50.778Z]     117/157 Test #141: testUsdMayaAdaptorUndoRedo ......................   Passed    4.63 sec
[2022-06-29T16:52:50.779Z]             Start 144: testUsdExportRfMShaders
[2022-06-29T16:52:52.958Z]     118/157 Test #142: testUsdExportUVTransforms .......................   Passed    5.58 sec
[2022-06-29T16:52:52.958Z]             Start 145: testUsdImportRfMShaders
[2022-06-29T16:52:55.104Z]     119/157 Test #144: testUsdExportRfMShaders .........................   Passed    4.93 sec
[2022-06-29T16:52:55.104Z]             Start 146: testUsdExportUVSets
[2022-06-29T16:52:55.748Z]     120/157 Test #143: testUsdExportUsdzPackage ........................   Passed    5.44 sec
[2022-06-29T16:52:55.748Z]             Start 147: testUsdExportUVSetsFloat
[2022-06-29T16:52:57.105Z]     121/157 Test #145: testUsdImportRfMShaders .........................   Passed    4.60 sec
[2022-06-29T16:52:57.105Z]             Start 148: testUsdExportUVSetMappings
[2022-06-29T16:53:00.150Z]     122/157 Test #146: testUsdExportUVSets .............................   Passed    4.67 sec
[2022-06-29T16:53:00.150Z]             Start 149: testUsdImportUVSets
[2022-06-29T16:53:00.825Z]     123/157 Test #147: testUsdExportUVSetsFloat ........................   Passed    5.28 sec
[2022-06-29T16:53:00.825Z]             Start 150: testUsdImportUVSetsFloat
[2022-06-29T16:53:02.218Z]     124/157 Test #148: testUsdExportUVSetMappings ......................   Passed    4.92 sec
[2022-06-29T16:53:02.218Z]             Start 151: testUsdImportChaser
[2022-06-29T16:53:06.106Z]     125/157 Test #149: testUsdImportUVSets .............................   Passed    5.87 sec
[2022-06-29T16:53:06.106Z]             Start 152: testUsdExportCustomConverter-Maya
[2022-06-29T16:53:06.758Z]     126/157 Test #150: testUsdImportUVSetsFloat ........................   Passed    5.78 sec
[2022-06-29T16:53:06.758Z]             Start 153: testUsdExportCustomConverter-USD
[2022-06-29T16:53:07.403Z]     127/157 Test #151: testUsdImportChaser .............................   Passed    5.17 sec
[2022-06-29T16:53:07.403Z]             Start 154: testUsdImportCustomConverter-Maya
[2022-06-29T16:53:10.356Z]     128/157 Test #152: testUsdExportCustomConverter-Maya ...............   Passed    4.56 sec
[2022-06-29T16:53:10.356Z]             Start 155: testUsdImportCustomConverter-USD
[2022-06-29T16:53:11.681Z]     129/157 Test #153: testUsdExportCustomConverter-USD ................   Passed    4.99 sec
[2022-06-29T16:53:11.681Z]             Start 156: testUsdMayaListShadingModesCommand
[2022-06-29T16:53:12.329Z]     130/157 Test #154: testUsdImportCustomConverter-Maya ...............   Passed    4.85 sec
[2022-06-29T16:53:12.329Z]             Start 157: testUsdExportSchemaApi
[2022-06-29T16:53:16.193Z]     131/157 Test #155: testUsdImportCustomConverter-USD ................   Passed    5.99 sec
[2022-06-29T16:53:16.193Z]             Start 158: testUsdImportExportSiteSpecificConfig
[2022-06-29T16:53:16.837Z]     132/157 Test #156: testUsdMayaListShadingModesCommand ..............   Passed    5.35 sec
[2022-06-29T16:53:16.837Z]             Start 159: testUsdExportAssembly
[2022-06-29T16:53:18.181Z]     133/157 Test #157: testUsdExportSchemaApi ..........................   Passed    5.96 sec
[2022-06-29T16:53:18.182Z]             Start 160: testUsdExportAssemblyEdits
[2022-06-29T16:53:22.055Z]     134/157 Test #158: testUsdImportExportSiteSpecificConfig ...........   Passed    5.04 sec
[2022-06-29T16:53:22.055Z]             Start 161: testUsdExportPackage
[2022-06-29T16:53:22.818Z]     135/157 Test #159: testUsdExportAssembly ...........................   Passed    5.54 sec
[2022-06-29T16:53:22.818Z]             Start 162: testUsdExportPointInstancer
[2022-06-29T16:53:24.236Z]     136/157 Test #160: testUsdExportAssemblyEdits ......................   Passed    6.27 sec
[2022-06-29T16:53:24.236Z]             Start 163: testUsdImportAsAssemblies
[2022-06-29T16:53:27.258Z]     137/157 Test #161: testUsdExportPackage ............................   Passed    5.64 sec
[2022-06-29T16:53:27.258Z]             Start 164: testUsdImportNestedAssemblyAnimation
[2022-06-29T16:53:29.434Z]     138/157 Test #163: testUsdImportAsAssemblies .......................   Passed    5.22 sec
[2022-06-29T16:53:29.434Z]             Start 165: testUsdMayaGetVariantSetSelections
[2022-06-29T16:53:32.454Z]     139/157 Test #164: testUsdImportNestedAssemblyAnimation ............   Passed    4.90 sec
[2022-06-29T16:53:32.454Z]             Start 166: testUsdMayaModelKindProcessor
[2022-06-29T16:53:36.417Z]     140/157 Test #165: testUsdMayaGetVariantSetSelections ..............   Passed    6.36 sec
[2022-06-29T16:53:36.417Z]             Start 167: testUsdMayaReferenceAssemblyEdits
[2022-06-29T16:53:37.069Z]     141/157 Test #166: testUsdMayaModelKindProcessor ...................   Passed    5.22 sec
[2022-06-29T16:53:37.069Z]             Start 168: testUsdReferenceAssemblyChangeRepresentations
[2022-06-29T16:53:43.136Z]     142/157 Test #167: testUsdMayaReferenceAssemblyEdits ...............   Passed    6.24 sec
[2022-06-29T16:53:43.136Z]             Start 169: testPxrUsdAlembicChaser
[2022-06-29T16:53:43.136Z]     143/157 Test #168: testUsdReferenceAssemblyChangeRepresentations ...   Passed    5.61 sec
[2022-06-29T16:53:43.136Z]             Start 170: AL_MayaUtilsTests
[2022-06-29T16:53:45.302Z]     144/157 Test #170: AL_MayaUtilsTests ...............................   Passed    2.71 sec
[2022-06-29T16:53:45.302Z]             Start 171: GTest:AL_USDTransactionTests
[2022-06-29T16:53:45.953Z]     145/157 Test #171: GTest:AL_USDTransactionTests ....................   Passed    0.05 sec
[2022-06-29T16:53:45.953Z]             Start 172: Python:AL_USDTransactionTests
[2022-06-29T16:53:45.953Z]     146/157 Test #172: Python:AL_USDTransactionTests ...................   Passed    0.47 sec
[2022-06-29T16:53:45.953Z]             Start 173: AL_USDMayaTestPlugin
[2022-06-29T16:53:48.065Z]     147/157 Test #162: testUsdExportPointInstancer .....................   Passed   25.30 sec
[2022-06-29T16:53:48.065Z]             Start 174: TestALUSDMayaPython_ProxyShape
[2022-06-29T16:53:48.065Z]     148/157 Test #169: testPxrUsdAlembicChaser .........................   Passed    5.55 sec
[2022-06-29T16:53:48.065Z]             Start 175: TestALUSDMayaPython_Translators
[2022-06-29T16:53:52.936Z]     149/157 Test #175: TestALUSDMayaPython_Translators .................   Passed    5.31 sec
[2022-06-29T16:53:52.936Z]             Start 176: TestALUSDMayaPython_LayerManager
[2022-06-29T16:53:53.592Z]     150/157 Test #174: TestALUSDMayaPython_ProxyShape ..................   Passed    5.67 sec
[2022-06-29T16:53:53.592Z]             Start 177: TestALUSDMayaPython_ImportModule
[2022-06-29T16:53:54.985Z]     151/157 Test #177: TestALUSDMayaPython_ImportModule ................   Passed    1.68 sec
[2022-06-29T16:53:54.985Z]             Start 178: testMayaSchemas
[2022-06-29T16:53:54.985Z]     152/157 Test #178: testMayaSchemas .................................   Passed    0.05 sec
[2022-06-29T16:53:54.985Z]             Start 179: TestAdditionalTranslators
[2022-06-29T16:53:59.868Z]     153/157 Test #176: TestALUSDMayaPython_LayerManager ................   Passed    6.29 sec
[2022-06-29T16:53:59.868Z]             Start 180: TestPxrUsdTranslators
[2022-06-29T16:54:02.969Z]     154/157 Test #179: TestAdditionalTranslators .......................   Passed    7.54 sec
[2022-06-29T16:54:05.056Z]     155/157 Test #180: TestPxrUsdTranslators ...........................   Passed    5.64 sec
[2022-06-29T16:54:07.981Z]     156/157 Test #173: AL_USDMayaTestPlugin ............................   Passed   21.59 sec
[2022-06-29T16:54:28.905Z]     157/157 Test #136: testUsdImportXforms .............................   Passed  109.37 sec
[2022-06-29T16:54:28.905Z]     
[2022-06-29T16:54:28.905Z]     99% tests passed, 1 tests failed out of 156
[2022-06-29T16:54:28.905Z]     
[2022-06-29T16:54:28.905Z]     Label Time Summary:
[2022-06-29T16:54:28.905Z]     Debugging            =   0.00 sec*proc (1 test)
[2022-06-29T16:54:28.905Z]     MayaUsd              =  41.30 sec*proc (6 tests)
[2022-06-29T16:54:28.905Z]     fileio               =  43.92 sec*proc (7 tests)
[2022-06-29T16:54:28.905Z]     fileio_utils         =  10.28 sec*proc (2 tests)
[2022-06-29T16:54:28.905Z]     nodes                =  25.24 sec*proc (5 tests)
[2022-06-29T16:54:28.905Z]     translators          = 573.60 sec*proc (88 tests)
[2022-06-29T16:54:28.905Z]     ufe                  =  50.56 sec*proc (9 tests)
[2022-06-29T16:54:28.905Z]     undo                 =   5.40 sec*proc (1 test)
[2022-06-29T16:54:28.905Z]     usdPreviewSurface    =   7.40 sec*proc (2 tests)
[2022-06-29T16:54:28.905Z]     utils                =  10.14 sec*proc (2 tests)
[2022-06-29T16:54:28.905Z]     
[2022-06-29T16:54:28.905Z]     Total Test time (real) = 245.54 sec
[2022-06-29T16:54:28.905Z]     
[2022-06-29T16:54:28.905Z]     The following tests did not run:
[2022-06-29T16:54:28.905Z]     	  7 - _Interactive_Maya (Disabled)
[2022-06-29T16:54:28.905Z]     
[2022-06-29T16:54:28.905Z]     The following tests FAILED:
[2022-06-29T16:54:28.905Z]     	 30 - testProxyShapeBase (Failed)
[2022-06-29T16:54:28.905Z]     Errors while running CTest
[2022-06-29T16:54:28.905Z]     
[2022-06-29T16:54:28.905Z]         Building with settings:
[2022-06-29T16:54:28.905Z]           Source directory          /local/S/jenkins/workspace/ECP/ecg-maya-usd/ecg-mayausd-branch-preflight-2020-osx/ecg-maya-usd/maya-usd
[2022-06-29T16:54:28.905Z]           Workspace directory       /local/S/jenkins/workspace/ECP/ecg-maya-usd/ecg-mayausd-branch-preflight-2020-osx
[2022-06-29T16:54:28.905Z]           Build directory           /local/S/jenkins/workspace/ECP/ecg-maya-usd/ecg-mayausd-branch-preflight-2020-osx/build/RelWithDebInfo
[2022-06-29T16:54:28.905Z]           Install directory         /local/S/jenkins/workspace/ECP/ecg-maya-usd/ecg-mayausd-branch-preflight-2020-osx/install/RelWithDebInfo/MayaUSD
[2022-06-29T16:54:28.905Z]           Variant                   RelWithDebInfo
[2022-06-29T16:54:28.905Z]           Python Debug              Off
[2022-06-29T16:54:28.905Z]           CMake generator           Ninja
[2022-06-29T16:54:28.905Z]           Build arguments           ['-DCMAKE_MAKE_PROGRAM=/local/S/jenkins/workspace/shared/Artifactory/OSX/ninja/1.9.0/41005eb/ninja', '-DPYTHON_INCLUDE_DIR=/local/S/jenkins/workspace/shared/Artifactory/OSX/rundev-2020/202107140359/runtime/446214e/runTime/Maya.app/Contents/Frameworks/Python.framework/Versions/Current/include/python2.7', '-DPython_EXECUTABLE=/local/S/jenkins/workspace/shared/Artifactory/OSX/rundev-2020/202107140359/runtime/446214e/runTime/Maya.app/Contents/bin/mayapy', '-DPYTHON_LIBRARIES=/local/S/jenkins/workspace/shared/Artifactory/OSX/rundev-2020/202107140359/runtime/446214e/runTime/Maya.app/Contents/Frameworks/Python.framework/Versions/Current/lib/libpython2.7.dylib', '-DUSD_LIB_PREFIX=lib', '-DCMAKE_WANT_MATERIALX_BUILD=ON', '-DCMAKE_PREFIX_PATH=/local/S/jenkins/workspace/shared/Artifactory/OSX/USD/73ca68d']
[2022-06-29T16:54:28.905Z]           Stages arguments          ['test']
[2022-06-29T16:54:28.905Z]           CTest arguments           ['-E testUsdReferenceAssemblySelection|testUsdMayaAppDir', '-LE interactive', '--parallel 4']
[2022-06-29T16:54:28.905Z]     #####################################################################################
[2022-06-29T16:54:28.905Z]     log date: 2022-06-29 09:50
[2022-06-29T16:54:28.905Z]     commit sha: f56f309ed0a10197ca966097e2c364d494026441
[2022-06-29T16:54:28.905Z]     commit date: Wed Jun 29 09:37:04 2022 -0700
[2022-06-29T16:54:28.905Z]     #####################################################################################
[2022-06-29T16:54:28.905Z]     
[2022-06-29T16:54:28.905Z]     cmake --build . --config RelWithDebInfo --target install -- -j4
[2022-06-29T16:54:28.905Z]     #####################################################################################
[2022-06-29T16:54:28.905Z]     log date: 2022-06-29 09:50
[2022-06-29T16:54:28.905Z]     commit sha: f56f309ed0a10197ca966097e2c364d494026441
[2022-06-29T16:54:28.905Z]     commit date: Wed Jun 29 09:37:04 2022 -0700
[2022-06-29T16:54:28.905Z]     #####################################################################################
[2022-06-29T16:54:28.905Z]     
[2022-06-29T16:54:28.905Z]     ctest --output-on-failure --timeout 500 -C RelWithDebInfo -E testUsdReferenceAssemblySelection|testUsdMayaAppDir -LE interactive --parallel 4
[2022-06-29T16:54:28.905Z]     
[2022-06-29T16:54:28.905Z]     Traceback (most recent call last):
[2022-06-29T16:54:28.905Z]       File "/local/S/jenkins/workspace/ECP/ecg-maya-usd/ecg-mayausd-branch-preflight-2020-osx/ecg-maya-usd/maya-usd/build.py", line 607, in <module>
[2022-06-29T16:54:28.905Z]         RunTests(context, context.ctestArgs)
[2022-06-29T16:54:28.905Z]       File "/local/S/jenkins/workspace/ECP/ecg-maya-usd/ecg-mayausd-branch-preflight-2020-osx/ecg-maya-usd/maya-usd/build.py", line 390, in RunTests
[2022-06-29T16:54:28.905Z]         RunCTest(context,extraArgs)
[2022-06-29T16:54:28.905Z]       File "/local/S/jenkins/workspace/ECP/ecg-maya-usd/ecg-mayausd-branch-preflight-2020-osx/ecg-maya-usd/maya-usd/build.py", line 301, in RunCTest
[2022-06-29T16:54:28.905Z]         extraArgs=(" ".join(extraArgs) if extraArgs else "")))
[2022-06-29T16:54:28.905Z]       File "/local/S/jenkins/workspace/ECP/ecg-maya-usd/ecg-mayausd-branch-preflight-2020-osx/ecg-maya-usd/maya-usd/build.py", line 165, in Run
[2022-06-29T16:54:28.905Z]         .format(cmd=cmd, log=os.path.abspath(context.logFileLocation)))
[2022-06-29T16:54:28.905Z]     RuntimeError: Failed to run 'ctest --output-on-failure --timeout 500 -C RelWithDebInfo -E testUsdReferenceAssemblySelection|testUsdMayaAppDir -LE interactive --parallel 4 '
[2022-06-29T16:54:28.905Z]     See /local/S/jenkins/workspace/ECP/ecg-maya-usd/ecg-mayausd-branch-preflight-2020-osx/build/RelWithDebInfo/build_log.txt for more details.
[2022-06-29T16:54:28.905Z] build.py: error: Command failed with error code: 1
[Pipeline] }
[Pipeline] // withEnv
[Pipeline] }
[Pipeline] // timeout
[Pipeline] }
[Pipeline] // stage
[Pipeline] }
[Pipeline] // timestamps
[Pipeline] emailextrecipients
Not sending mail to unregistered user ecg.jenkins@autodesk.com because your SCM claimed this was associated with a user ID ecg.jenkins' which your security realm does not recognize; you may need changes in your SCM plugin
Not sending mail to unregistered user ecg.jenkins@autodesk.com because your SCM claimed this was associated with a user ID ecg.jenkins' which your security realm does not recognize; you may need changes in your SCM plugin
[Pipeline] echo
No recipients to send notification.
[Pipeline] }
[Pipeline] // node
[Pipeline] End of Pipeline
ERROR: script returned exit code 1
[Checks API] No suitable checks publisher found.
Finished: FAILURE
