[2022-06-29T18:23:00.391Z] ================================================================================
[2022-06-29T18:23:00.391Z]                              setup (RelWithDebInfo)
[2022-06-29T18:23:00.391Z] ================================================================================
[Pipeline] }
[Pipeline] // withEnv
[Pipeline] }
[Pipeline] // timeout
[Pipeline] }
[Pipeline] // stage
[Pipeline] }
[Pipeline] // timestamps
[Pipeline] timestamps
[Pipeline] {
[Pipeline] stage
[Pipeline] { (Clean)
[Pipeline] timeout
[2022-06-29T18:23:03.968Z] Timeout set to expire in 6 hr 0 min
[Pipeline] {
[Pipeline] withEnv
[Pipeline] {
[Pipeline] sh
[2022-06-29T18:23:08.168Z] + python ecg-maya-usd/build.py --stages=clean --workspace-dir=/local/S/jenkins/workspace/ECP/ecg-maya-usd/ecg-mayausd-branch-preflight-2020-osx --artifactory-dir=/local/S/jenkins/workspace/shared/Artifactory --build-dir=/local/S/jenkins/workspace/ECP/ecg-maya-usd/ecg-mayausd-branch-preflight-2020-osx/build --install-dir=/local/S/jenkins/workspace/ECP/ecg-maya-usd/ecg-mayausd-branch-preflight-2020-osx/install --signing-dir=/local/S/jenkins/workspace/ECP/ecg-maya-usd/ecg-mayausd-branch-preflight-2020-osx/signing --package-dir=/local/S/jenkins/workspace/ECP/ecg-maya-usd/ecg-mayausd-branch-preflight-2020-osx/package --output-dir=/local/S/jenkins/workspace/ECP/ecg-maya-usd/ecg-mayausd-branch-preflight-2020-osx/output --stash-dir=/local/S/jenkins/workspace/ECP/ecg-maya-usd/ecg-mayausd-branch-preflight-2020-osx/stash --jenkins-build=69 --git-commit=b448e9cd20a72bc8ea53085e455fc85dfb98ab76 --git-branch=master --variants=RelWithDebInfo --python=2.7 --post-zips=false --maya-cut-config=maya-rundev-2020.yaml --maya-package=rundev-2020 --stage-banner
[2022-06-29T18:23:08.810Z] Using Maya cut from /local/S/jenkins/workspace/shared/Artifactory/OSX/rundev-2020/202107140359/runtime/446214e
[2022-06-29T18:23:08.810Z] Using Maya ADSK Signatures from /local/S/jenkins/workspace/shared/Artifactory/OSX/adsk-plugin-signatures-maya/2023/c1dbfce
[2022-06-29T18:23:08.810Z] Using Maya Security Library from /local/S/jenkins/workspace/shared/Artifactory/OSX/maya-security-library/3.1.0/5f2130f
[2022-06-29T18:23:08.810Z] 
[2022-06-29T18:23:08.810Z] ================================================================================
[2022-06-29T18:23:08.810Z]                              clean (RelWithDebInfo)
[2022-06-29T18:23:08.810Z] ================================================================================
[2022-06-29T18:23:08.810Z] Maya Python RelWithDebInfo Info:
[2022-06-29T18:23:08.810Z]   mayapy executable   = /local/S/jenkins/workspace/shared/Artifactory/OSX/rundev-2020/202107140359/runtime/446214e/runTime/Maya.app/Contents/bin/mayapy
[2022-06-29T18:23:08.810Z]   Include Folder      = /local/S/jenkins/workspace/shared/Artifactory/OSX/rundev-2020/202107140359/runtime/446214e/runTime/Maya.app/Contents/Frameworks/Python.framework/Versions/Current/include/python2.7
[2022-06-29T18:23:08.810Z]   Library             = /local/S/jenkins/workspace/shared/Artifactory/OSX/rundev-2020/202107140359/runtime/446214e/runTime/Maya.app/Contents/Frameworks/Python.framework/Versions/Current/lib/libpython2.7.dylib
[2022-06-29T18:23:08.810Z]   site-package Folder = /local/S/jenkins/workspace/shared/Artifactory/OSX/rundev-2020/202107140359/runtime/446214e/runTime/Maya.app/Contents/Frameworks/Python.framework/Versions/Current/lib/python2.7/site-packages
[2022-06-29T18:23:09.729Z] In workdir: /local/S/jenkins/workspace/ECP/ecg-maya-usd/ecg-mayausd-branch-preflight-2020-osx/ecg-maya-usd/maya-usd
[2022-06-29T18:23:09.729Z] Executing: /local/S/jenkins/workspace/shared/Artifactory/OSX/rundev-2020/202107140359/runtime/446214e/runTime/Maya.app/Contents/bin/mayapy /local/S/jenkins/workspace/ECP/ecg-maya-usd/ecg-mayausd-branch-preflight-2020-osx/ecg-maya-usd/maya-usd/build.py --generator Ninja --build-relwithdebug --maya-location /local/S/jenkins/workspace/shared/Artifactory/OSX/rundev-2020/202107140359/runtime/446214e/runTime --devkit-location /local/S/jenkins/workspace/shared/Artifactory/OSX/rundev-2020/202107140359/runtime/446214e/devkitBase --pxrusd-location /local/S/jenkins/workspace/shared/Artifactory/OSX/USD/73ca68d --qt-location /local/S/jenkins/workspace/shared/Artifactory/OSX/qt/5.12.5/3ca78fe --build-args=-DCMAKE_MAKE_PROGRAM=/local/S/jenkins/workspace/shared/Artifactory/OSX/ninja/1.9.0/41005eb/ninja,-DPYTHON_INCLUDE_DIR=/local/S/jenkins/workspace/shared/Artifactory/OSX/rundev-2020/202107140359/runtime/446214e/runTime/Maya.app/Contents/Frameworks/Python.framework/Versions/Current/include/python2.7,-DPython_EXECUTABLE=/local/S/jenkins/workspace/shared/Artifactory/OSX/rundev-2020/202107140359/runtime/446214e/runTime/Maya.app/Contents/bin/mayapy,-DPYTHON_LIBRARIES=/local/S/jenkins/workspace/shared/Artifactory/OSX/rundev-2020/202107140359/runtime/446214e/runTime/Maya.app/Contents/Frameworks/Python.framework/Versions/Current/lib/libpython2.7.dylib,-DUSD_LIB_PREFIX=lib,-DCMAKE_WANT_MATERIALX_BUILD=ON,-DCMAKE_PREFIX_PATH=/local/S/jenkins/workspace/shared/Artifactory/OSX/USD/73ca68d '--ctest-args=-E testUsdReferenceAssemblySelection|testUsdMayaAppDir,-LE interactive,--parallel 4' --stages=clean --redirect-outstream-file=False --install-location /local/S/jenkins/workspace/ECP/ecg-maya-usd/ecg-mayausd-branch-preflight-2020-osx/install/RelWithDebInfo/MayaUSD /local/S/jenkins/workspace/ECP/ecg-maya-usd/ecg-mayausd-branch-preflight-2020-osx
[2022-06-29T18:23:09.729Z] Modified environment variables:
[2022-06-29T18:23:09.729Z]     PATH=/local/S/jenkins/workspace/shared/Artifactory/OSX/cmake/3.20.3/2594509/bin:/usr/local/bin:/bin:/usr/sbin:/sbin:/usr/bin
[2022-06-29T18:23:09.729Z]     
[2022-06-29T18:23:09.729Z]         Building with settings:
[2022-06-29T18:23:09.729Z]           Source directory          /local/S/jenkins/workspace/ECP/ecg-maya-usd/ecg-mayausd-branch-preflight-2020-osx/ecg-maya-usd/maya-usd
[2022-06-29T18:23:09.729Z]           Workspace directory       /local/S/jenkins/workspace/ECP/ecg-maya-usd/ecg-mayausd-branch-preflight-2020-osx
[2022-06-29T18:23:09.729Z]           Build directory           /local/S/jenkins/workspace/ECP/ecg-maya-usd/ecg-mayausd-branch-preflight-2020-osx/build/RelWithDebInfo
[2022-06-29T18:23:09.729Z]           Install directory         /local/S/jenkins/workspace/ECP/ecg-maya-usd/ecg-mayausd-branch-preflight-2020-osx/install/RelWithDebInfo/MayaUSD
[2022-06-29T18:23:09.729Z]           Variant                   RelWithDebInfo
[2022-06-29T18:23:09.729Z]           Python Debug              Off
[2022-06-29T18:23:09.729Z]           CMake generator           Ninja
[2022-06-29T18:23:09.729Z]           Build arguments           ['-DCMAKE_MAKE_PROGRAM=/local/S/jenkins/workspace/shared/Artifactory/OSX/ninja/1.9.0/41005eb/ninja', '-DPYTHON_INCLUDE_DIR=/local/S/jenkins/workspace/shared/Artifactory/OSX/rundev-2020/202107140359/runtime/446214e/runTime/Maya.app/Contents/Frameworks/Python.framework/Versions/Current/include/python2.7', '-DPython_EXECUTABLE=/local/S/jenkins/workspace/shared/Artifactory/OSX/rundev-2020/202107140359/runtime/446214e/runTime/Maya.app/Contents/bin/mayapy', '-DPYTHON_LIBRARIES=/local/S/jenkins/workspace/shared/Artifactory/OSX/rundev-2020/202107140359/runtime/446214e/runTime/Maya.app/Contents/Frameworks/Python.framework/Versions/Current/lib/libpython2.7.dylib', '-DUSD_LIB_PREFIX=lib', '-DCMAKE_WANT_MATERIALX_BUILD=ON', '-DCMAKE_PREFIX_PATH=/local/S/jenkins/workspace/shared/Artifactory/OSX/USD/73ca68d']
[2022-06-29T18:23:09.729Z]           Stages arguments          ['clean']
[2022-06-29T18:23:09.729Z]           CTest arguments           ['-E testUsdReferenceAssemblySelection|testUsdMayaAppDir', '-LE interactive', '--parallel 4']
[2022-06-29T18:23:09.729Z]     Success MayaUSD build and install !!!!
[2022-06-29T18:23:09.729Z]     Elapsed time: 00:00:00
[Pipeline] }
[Pipeline] // withEnv
[Pipeline] }
[Pipeline] // timeout
[Pipeline] }
[Pipeline] // stage
[Pipeline] }
[Pipeline] // timestamps
[Pipeline] timestamps
[Pipeline] {
[Pipeline] stage
[Pipeline] { (Configure)
[Pipeline] timeout
[2022-06-29T18:23:11.119Z] Timeout set to expire in 6 hr 0 min
[Pipeline] {
[Pipeline] withEnv
[Pipeline] {
[Pipeline] sh
[2022-06-29T18:23:14.361Z] + python ecg-maya-usd/build.py --stages=configure --workspace-dir=/local/S/jenkins/workspace/ECP/ecg-maya-usd/ecg-mayausd-branch-preflight-2020-osx --artifactory-dir=/local/S/jenkins/workspace/shared/Artifactory --build-dir=/local/S/jenkins/workspace/ECP/ecg-maya-usd/ecg-mayausd-branch-preflight-2020-osx/build --install-dir=/local/S/jenkins/workspace/ECP/ecg-maya-usd/ecg-mayausd-branch-preflight-2020-osx/install --signing-dir=/local/S/jenkins/workspace/ECP/ecg-maya-usd/ecg-mayausd-branch-preflight-2020-osx/signing --package-dir=/local/S/jenkins/workspace/ECP/ecg-maya-usd/ecg-mayausd-branch-preflight-2020-osx/package --output-dir=/local/S/jenkins/workspace/ECP/ecg-maya-usd/ecg-mayausd-branch-preflight-2020-osx/output --stash-dir=/local/S/jenkins/workspace/ECP/ecg-maya-usd/ecg-mayausd-branch-preflight-2020-osx/stash --jenkins-build=69 --git-commit=b448e9cd20a72bc8ea53085e455fc85dfb98ab76 --git-branch=master --variants=RelWithDebInfo --python=2.7 --post-zips=false --maya-cut-config=maya-rundev-2020.yaml --maya-package=rundev-2020 --stage-banner
[2022-06-29T18:23:14.361Z] Using Maya cut from /local/S/jenkins/workspace/shared/Artifactory/OSX/rundev-2020/202107140359/runtime/446214e
[2022-06-29T18:23:14.361Z] Using Maya ADSK Signatures from /local/S/jenkins/workspace/shared/Artifactory/OSX/adsk-plugin-signatures-maya/2023/c1dbfce
[2022-06-29T18:23:14.361Z] Using Maya Security Library from /local/S/jenkins/workspace/shared/Artifactory/OSX/maya-security-library/3.1.0/5f2130f
[2022-06-29T18:23:14.361Z] 
[2022-06-29T18:23:14.361Z] ================================================================================
[2022-06-29T18:23:14.361Z]                            configure (RelWithDebInfo)
[2022-06-29T18:23:14.361Z] ================================================================================
[2022-06-29T18:23:14.361Z] Maya Python RelWithDebInfo Info:
[2022-06-29T18:23:14.361Z]   mayapy executable   = /local/S/jenkins/workspace/shared/Artifactory/OSX/rundev-2020/202107140359/runtime/446214e/runTime/Maya.app/Contents/bin/mayapy
[2022-06-29T18:23:14.361Z]   Include Folder      = /local/S/jenkins/workspace/shared/Artifactory/OSX/rundev-2020/202107140359/runtime/446214e/runTime/Maya.app/Contents/Frameworks/Python.framework/Versions/Current/include/python2.7
[2022-06-29T18:23:14.361Z]   Library             = /local/S/jenkins/workspace/shared/Artifactory/OSX/rundev-2020/202107140359/runtime/446214e/runTime/Maya.app/Contents/Frameworks/Python.framework/Versions/Current/lib/libpython2.7.dylib
[2022-06-29T18:23:14.361Z]   site-package Folder = /local/S/jenkins/workspace/shared/Artifactory/OSX/rundev-2020/202107140359/runtime/446214e/runTime/Maya.app/Contents/Frameworks/Python.framework/Versions/Current/lib/python2.7/site-packages
[2022-06-29T18:23:15.120Z] In workdir: /local/S/jenkins/workspace/ECP/ecg-maya-usd/ecg-mayausd-branch-preflight-2020-osx/ecg-maya-usd/maya-usd
[2022-06-29T18:23:15.121Z] Executing: /local/S/jenkins/workspace/shared/Artifactory/OSX/rundev-2020/202107140359/runtime/446214e/runTime/Maya.app/Contents/bin/mayapy /local/S/jenkins/workspace/ECP/ecg-maya-usd/ecg-mayausd-branch-preflight-2020-osx/ecg-maya-usd/maya-usd/build.py --generator Ninja --build-relwithdebug --maya-location /local/S/jenkins/workspace/shared/Artifactory/OSX/rundev-2020/202107140359/runtime/446214e/runTime --devkit-location /local/S/jenkins/workspace/shared/Artifactory/OSX/rundev-2020/202107140359/runtime/446214e/devkitBase --pxrusd-location /local/S/jenkins/workspace/shared/Artifactory/OSX/USD/73ca68d --qt-location /local/S/jenkins/workspace/shared/Artifactory/OSX/qt/5.12.5/3ca78fe --build-args=-DCMAKE_MAKE_PROGRAM=/local/S/jenkins/workspace/shared/Artifactory/OSX/ninja/1.9.0/41005eb/ninja,-DPYTHON_INCLUDE_DIR=/local/S/jenkins/workspace/shared/Artifactory/OSX/rundev-2020/202107140359/runtime/446214e/runTime/Maya.app/Contents/Frameworks/Python.framework/Versions/Current/include/python2.7,-DPython_EXECUTABLE=/local/S/jenkins/workspace/shared/Artifactory/OSX/rundev-2020/202107140359/runtime/446214e/runTime/Maya.app/Contents/bin/mayapy,-DPYTHON_LIBRARIES=/local/S/jenkins/workspace/shared/Artifactory/OSX/rundev-2020/202107140359/runtime/446214e/runTime/Maya.app/Contents/Frameworks/Python.framework/Versions/Current/lib/libpython2.7.dylib,-DUSD_LIB_PREFIX=lib,-DCMAKE_WANT_MATERIALX_BUILD=ON,-DCMAKE_PREFIX_PATH=/local/S/jenkins/workspace/shared/Artifactory/OSX/USD/73ca68d '--ctest-args=-E testUsdReferenceAssemblySelection|testUsdMayaAppDir,-LE interactive,--parallel 4' --stages=configure --redirect-outstream-file=False --install-location /local/S/jenkins/workspace/ECP/ecg-maya-usd/ecg-mayausd-branch-preflight-2020-osx/install/RelWithDebInfo/MayaUSD /local/S/jenkins/workspace/ECP/ecg-maya-usd/ecg-mayausd-branch-preflight-2020-osx
[2022-06-29T18:23:15.121Z] Modified environment variables:
[2022-06-29T18:23:15.121Z]     PATH=/local/S/jenkins/workspace/shared/Artifactory/OSX/cmake/3.20.3/2594509/bin:/usr/local/bin:/bin:/usr/sbin:/sbin:/usr/bin
[2022-06-29T18:23:15.121Z]     -- The C compiler identification is AppleClang 10.0.1.10010046
[2022-06-29T18:23:15.783Z]     -- The CXX compiler identification is AppleClang 10.0.1.10010046
[2022-06-29T18:23:15.783Z]     -- Detecting C compiler ABI info
[2022-06-29T18:23:15.783Z]     -- Detecting C compiler ABI info - done
[2022-06-29T18:23:15.783Z]     -- Check for working C compiler: /Applications/Xcode.app/Contents/Developer/Toolchains/XcodeDefault.xctoolchain/usr/bin/cc - skipped
[2022-06-29T18:23:15.783Z]     -- Detecting C compile features
[2022-06-29T18:23:15.783Z]     -- Detecting C compile features - done
[2022-06-29T18:23:15.783Z]     -- Detecting CXX compiler ABI info
[2022-06-29T18:23:15.783Z]     -- Detecting CXX compiler ABI info - done
[2022-06-29T18:23:15.783Z]     -- Check for working CXX compiler: /Applications/Xcode.app/Contents/Developer/Toolchains/XcodeDefault.xctoolchain/usr/bin/c++ - skipped
[2022-06-29T18:23:15.783Z]     -- Detecting CXX compile features
[2022-06-29T18:23:15.783Z]     -- Detecting CXX compile features - done
[2022-06-29T18:23:15.783Z]     -- Using Maya Light API Version 1
[2022-06-29T18:23:15.783Z]     -- Maya array iterator has difference_type trait
[2022-06-29T18:23:15.783Z]     -- Found Maya: /local/S/jenkins/workspace/shared/Artifactory/OSX/rundev-2020/202107140359/runtime/446214e/runTime/maya.app/Contents/MacOS/Maya (found suitable version "2020", minimum required is "2018")
[2022-06-29T18:23:16.488Z]     -- Found Python: /local/S/jenkins/workspace/shared/Artifactory/OSX/rundev-2020/202107140359/runtime/446214e/runTime/Maya.app/Contents/bin/mayapy (found suitable exact version "2.7.15") found components: Interpreter
[2022-06-29T18:23:16.488Z]     -- Build MayaUSD with Python3 = OFF
[2022-06-29T18:23:16.488Z]     --    PYTHON_INCLUDE_DIRS = /local/S/jenkins/workspace/shared/Artifactory/OSX/rundev-2020/202107140359/runtime/446214e/runTime/Maya.app/Contents/Frameworks/Python.framework/Versions/Current/include/python2.7
[2022-06-29T18:23:16.488Z]     --    PYTHON_LIBRARIES    = /local/S/jenkins/workspace/shared/Artifactory/OSX/rundev-2020/202107140359/runtime/446214e/runTime/Maya.app/Contents/Frameworks/Python.framework/Versions/Current/lib/libpython2.7.dylib
[2022-06-29T18:23:16.488Z]     --    Python_EXECUTABLE   = /local/S/jenkins/workspace/shared/Artifactory/OSX/rundev-2020/202107140359/runtime/446214e/runTime/Maya.app/Contents/bin/mayapy
[2022-06-29T18:23:16.488Z]     -- USD include dir: /local/S/jenkins/workspace/shared/Artifactory/OSX/USD/73ca68d/include
[2022-06-29T18:23:16.488Z]     -- USD library dir: /local/S/jenkins/workspace/shared/Artifactory/OSX/USD/73ca68d/lib
[2022-06-29T18:23:16.488Z]     -- USD version: 0.21.11
[2022-06-29T18:23:16.488Z]     -- Found USD: /local/S/jenkins/workspace/shared/Artifactory/OSX/USD/73ca68d (found suitable version "0.21.11", minimum required is "0.20.05")
[2022-06-29T18:23:16.488Z]     Updated PYTHONPATH: /local/S/jenkins/workspace/shared/Artifactory/OSX/USD/73ca68d/lib/python
[2022-06-29T18:23:16.488Z]     -- UFE include dir: /local/S/jenkins/workspace/shared/Artifactory/OSX/rundev-2020/202107140359/runtime/446214e/devkitBase/devkit/ufe/include
[2022-06-29T18:23:16.488Z]     -- UFE library: /local/S/jenkins/workspace/shared/Artifactory/OSX/rundev-2020/202107140359/runtime/446214e/devkitBase/devkit/ufe/lib/libufe_1.dylib
[2022-06-29T18:23:16.488Z]     -- UFE version: 1.0.0
[2022-06-29T18:23:16.488Z]     -- Building with UFE 1.0.0 features enabled.
[2022-06-29T18:23:16.488Z]     CMake Warning at CMakeLists.txt:150 (message):
[2022-06-29T18:23:16.488Z]       Disabling MaterialX VP2 rendering: it is not supported by this version of
[2022-06-29T18:23:16.488Z]       Maya.
[2022-06-29T18:23:16.488Z]     
[2022-06-29T18:23:16.488Z]     
[2022-06-29T18:23:16.488Z]     -- Found MaterialX
[2022-06-29T18:23:17.232Z]     -- Building with Qt features enabled.
[2022-06-29T18:23:17.232Z]     -- **** Building Gulrak From Github Repository.
[2022-06-29T18:23:17.232Z]     -- Populating gulrak
[2022-06-29T18:23:17.232Z]     -- Configuring done
[2022-06-29T18:23:17.232Z]     -- Generating done
[2022-06-29T18:23:17.232Z]     -- Build files have been written to: /local/S/jenkins/workspace/ECP/ecg-maya-usd/ecg-mayausd-branch-preflight-2020-osx/build/RelWithDebInfo/_deps/gulrak-subbuild
[2022-06-29T18:23:17.232Z]     [1/9] Creating directories for 'gulrak-populate'
[2022-06-29T18:23:17.232Z]     [1/9] Performing download step (git clone) for 'gulrak-populate'
[2022-06-29T18:23:17.232Z]     Cloning into 'gulrak-src'...
[2022-06-29T18:23:17.894Z]     HEAD is now at 4e21ab3 Version bump and updated readme.
[2022-06-29T18:23:17.894Z]     [2/9] Performing update step for 'gulrak-populate'
[2022-06-29T18:23:17.894Z]     [4/9] No patch step for 'gulrak-populate'
[2022-06-29T18:23:17.894Z]     [5/9] No configure step for 'gulrak-populate'
[2022-06-29T18:23:17.894Z]     [6/9] No build step for 'gulrak-populate'
[2022-06-29T18:23:17.894Z]     [7/9] No install step for 'gulrak-populate'
[2022-06-29T18:23:17.894Z]     [8/9] No test step for 'gulrak-populate'
[2022-06-29T18:23:17.894Z]     [9/9] Completed 'gulrak-populate'
[2022-06-29T18:23:17.894Z]     -- ========== Installing GoogleTest... ==========
[2022-06-29T18:23:17.894Z]     -- Configuring done
[2022-06-29T18:23:17.894Z]     -- Generating done
[2022-06-29T18:23:17.894Z]     -- Build files have been written to: /local/S/jenkins/workspace/ECP/ecg-maya-usd/ecg-mayausd-branch-preflight-2020-osx/build/RelWithDebInfo/googletest-config
[2022-06-29T18:23:18.559Z]     [1/8] Creating directories for 'googletest'
[2022-06-29T18:23:19.689Z]     [2/8] Performing download step (git clone) for 'googletest'
[2022-06-29T18:23:19.689Z]     Cloning into 'googletest-src'...
[2022-06-29T18:23:19.689Z]     HEAD is now at 703bd9ca Googletest export
[2022-06-29T18:23:19.689Z]     [3/8] Performing update step for 'googletest'
[2022-06-29T18:23:19.689Z]     [4/8] No patch step for 'googletest'
[2022-06-29T18:23:20.735Z]     [5/8] Performing configure step for 'googletest'
[2022-06-29T18:23:20.735Z]     CMake Deprecation Warning at CMakeLists.txt:4 (cmake_minimum_required):
[2022-06-29T18:23:20.735Z]       Compatibility with CMake < 2.8.12 will be removed from a future version of
[2022-06-29T18:23:20.735Z]       CMake.
[2022-06-29T18:23:20.735Z]     
[2022-06-29T18:23:20.735Z]       Update the VERSION argument <min> value or use a ...<max> suffix to tell
[2022-06-29T18:23:20.735Z]       CMake that the project does not need compatibility with older versions.
[2022-06-29T18:23:20.735Z]     
[2022-06-29T18:23:20.735Z]     
[2022-06-29T18:23:20.735Z]     -- The C compiler identification is AppleClang 10.0.1.10010046
[2022-06-29T18:23:20.735Z]     -- The CXX compiler identification is AppleClang 10.0.1.10010046
[2022-06-29T18:23:20.735Z]     -- Detecting C compiler ABI info
[2022-06-29T18:23:20.735Z]     -- Detecting C compiler ABI info - done
[2022-06-29T18:23:20.735Z]     -- Check for working C compiler: /Applications/Xcode.app/Contents/Developer/Toolchains/XcodeDefault.xctoolchain/usr/bin/cc - skipped
[2022-06-29T18:23:20.735Z]     -- Detecting C compile features
[2022-06-29T18:23:20.735Z]     -- Detecting C compile features - done
[2022-06-29T18:23:20.735Z]     -- Detecting CXX compiler ABI info
[2022-06-29T18:23:20.735Z]     -- Detecting CXX compiler ABI info - done
[2022-06-29T18:23:20.735Z]     -- Check for working CXX compiler: /Applications/Xcode.app/Contents/Developer/Toolchains/XcodeDefault.xctoolchain/usr/bin/c++ - skipped
[2022-06-29T18:23:20.735Z]     -- Detecting CXX compile features
[2022-06-29T18:23:20.735Z]     -- Detecting CXX compile features - done
[2022-06-29T18:23:20.735Z]     CMake Deprecation Warning at googletest/CMakeLists.txt:56 (cmake_minimum_required):
[2022-06-29T18:23:20.735Z]       Compatibility with CMake < 2.8.12 will be removed from a future version of
[2022-06-29T18:23:20.735Z]       CMake.
[2022-06-29T18:23:20.735Z]     
[2022-06-29T18:23:20.735Z]       Update the VERSION argument <min> value or use a ...<max> suffix to tell
[2022-06-29T18:23:20.735Z]       CMake that the project does not need compatibility with older versions.
[2022-06-29T18:23:20.735Z]     
[2022-06-29T18:23:20.735Z]     
[2022-06-29T18:23:20.735Z]     -- Found PythonInterp: /usr/local/bin/python (found version "2.7.15")
[2022-06-29T18:23:20.735Z]     -- Looking for pthread.h
[2022-06-29T18:23:20.735Z]     -- Looking for pthread.h - found
[2022-06-29T18:23:20.735Z]     -- Performing Test CMAKE_HAVE_LIBC_PTHREAD
[2022-06-29T18:23:20.735Z]     -- Performing Test CMAKE_HAVE_LIBC_PTHREAD - Success
[2022-06-29T18:23:20.735Z]     -- Found Threads: TRUE
[2022-06-29T18:23:20.735Z]     -- Configuring done
[2022-06-29T18:23:20.735Z]     -- Generating done
[2022-06-29T18:23:20.735Z]     -- Build files have been written to: /local/S/jenkins/workspace/ECP/ecg-maya-usd/ecg-mayausd-branch-preflight-2020-osx/build/RelWithDebInfo/googletest-build
[2022-06-29T18:23:25.952Z]     [6/8] Performing build step for 'googletest'
[2022-06-29T18:23:25.952Z]     [1/4] Building CXX object googletest/CMakeFiles/gtest_main.dir/src/gtest_main.cc.o
[2022-06-29T18:23:25.952Z]     [2/4] Building CXX object googletest/CMakeFiles/gtest.dir/src/gtest-all.cc.o
[2022-06-29T18:23:25.952Z]     [3/4] Linking CXX shared library lib/libgtest.dylib
[2022-06-29T18:23:25.952Z]     [4/4] Linking CXX shared library lib/libgtest_main.dylib
[2022-06-29T18:23:25.952Z]     [7/8] Performing install step for 'googletest'
[2022-06-29T18:23:25.952Z]     [0/1] Install the project...
[2022-06-29T18:23:25.952Z]     -- Install configuration: "RelWithDebInfo"
[2022-06-29T18:23:25.952Z]     -- Installing: /local/S/jenkins/workspace/ECP/ecg-maya-usd/ecg-mayausd-branch-preflight-2020-osx/build/RelWithDebInfo/googletest-install/lib/cmake/GTest/GTestTargets.cmake
[2022-06-29T18:23:25.952Z]     -- Installing: /local/S/jenkins/workspace/ECP/ecg-maya-usd/ecg-mayausd-branch-preflight-2020-osx/build/RelWithDebInfo/googletest-install/lib/cmake/GTest/GTestTargets-relwithdebinfo.cmake
[2022-06-29T18:23:25.952Z]     -- Installing: /local/S/jenkins/workspace/ECP/ecg-maya-usd/ecg-mayausd-branch-preflight-2020-osx/build/RelWithDebInfo/googletest-install/lib/cmake/GTest/GTestConfigVersion.cmake
[2022-06-29T18:23:25.952Z]     -- Installing: /local/S/jenkins/workspace/ECP/ecg-maya-usd/ecg-mayausd-branch-preflight-2020-osx/build/RelWithDebInfo/googletest-install/lib/cmake/GTest/GTestConfig.cmake
[2022-06-29T18:23:25.952Z]     -- Installing: /local/S/jenkins/workspace/ECP/ecg-maya-usd/ecg-mayausd-branch-preflight-2020-osx/build/RelWithDebInfo/googletest-install/include
[2022-06-29T18:23:25.952Z]     -- Installing: /local/S/jenkins/workspace/ECP/ecg-maya-usd/ecg-mayausd-branch-preflight-2020-osx/build/RelWithDebInfo/googletest-install/include/gtest
[2022-06-29T18:23:25.952Z]     -- Installing: /local/S/jenkins/workspace/ECP/ecg-maya-usd/ecg-mayausd-branch-preflight-2020-osx/build/RelWithDebInfo/googletest-install/include/gtest/gtest-death-test.h
[2022-06-29T18:23:25.952Z]     -- Installing: /local/S/jenkins/workspace/ECP/ecg-maya-usd/ecg-mayausd-branch-preflight-2020-osx/build/RelWithDebInfo/googletest-install/include/gtest/gtest-matchers.h
[2022-06-29T18:23:25.952Z]     -- Installing: /local/S/jenkins/workspace/ECP/ecg-maya-usd/ecg-mayausd-branch-preflight-2020-osx/build/RelWithDebInfo/googletest-install/include/gtest/gtest-message.h
[2022-06-29T18:23:25.952Z]     -- Installing: /local/S/jenkins/workspace/ECP/ecg-maya-usd/ecg-mayausd-branch-preflight-2020-osx/build/RelWithDebInfo/googletest-install/include/gtest/gtest-param-test.h
[2022-06-29T18:23:25.952Z]     -- Installing: /local/S/jenkins/workspace/ECP/ecg-maya-usd/ecg-mayausd-branch-preflight-2020-osx/build/RelWithDebInfo/googletest-install/include/gtest/gtest-printers.h
[2022-06-29T18:23:25.952Z]     -- Installing: /local/S/jenkins/workspace/ECP/ecg-maya-usd/ecg-mayausd-branch-preflight-2020-osx/build/RelWithDebInfo/googletest-install/include/gtest/gtest-spi.h
[2022-06-29T18:23:25.952Z]     -- Installing: /local/S/jenkins/workspace/ECP/ecg-maya-usd/ecg-mayausd-branch-preflight-2020-osx/build/RelWithDebInfo/googletest-install/include/gtest/gtest-test-part.h
[2022-06-29T18:23:25.952Z]     -- Installing: /local/S/jenkins/workspace/ECP/ecg-maya-usd/ecg-mayausd-branch-preflight-2020-osx/build/RelWithDebInfo/googletest-install/include/gtest/gtest-typed-test.h
[2022-06-29T18:23:25.952Z]     -- Installing: /local/S/jenkins/workspace/ECP/ecg-maya-usd/ecg-mayausd-branch-preflight-2020-osx/build/RelWithDebInfo/googletest-install/include/gtest/gtest.h
[2022-06-29T18:23:25.952Z]     -- Installing: /local/S/jenkins/workspace/ECP/ecg-maya-usd/ecg-mayausd-branch-preflight-2020-osx/build/RelWithDebInfo/googletest-install/include/gtest/gtest_pred_impl.h
[2022-06-29T18:23:25.952Z]     -- Installing: /local/S/jenkins/workspace/ECP/ecg-maya-usd/ecg-mayausd-branch-preflight-2020-osx/build/RelWithDebInfo/googletest-install/include/gtest/gtest_prod.h
[2022-06-29T18:23:25.952Z]     -- Installing: /local/S/jenkins/workspace/ECP/ecg-maya-usd/ecg-mayausd-branch-preflight-2020-osx/build/RelWithDebInfo/googletest-install/include/gtest/internal
[2022-06-29T18:23:25.952Z]     -- Installing: /local/S/jenkins/workspace/ECP/ecg-maya-usd/ecg-mayausd-branch-preflight-2020-osx/build/RelWithDebInfo/googletest-install/include/gtest/internal/custom
[2022-06-29T18:23:25.952Z]     -- Installing: /local/S/jenkins/workspace/ECP/ecg-maya-usd/ecg-mayausd-branch-preflight-2020-osx/build/RelWithDebInfo/googletest-install/include/gtest/internal/custom/gtest-port.h
[2022-06-29T18:23:25.952Z]     -- Installing: /local/S/jenkins/workspace/ECP/ecg-maya-usd/ecg-mayausd-branch-preflight-2020-osx/build/RelWithDebInfo/googletest-install/include/gtest/internal/custom/gtest-printers.h
[2022-06-29T18:23:25.952Z]     -- Installing: /local/S/jenkins/workspace/ECP/ecg-maya-usd/ecg-mayausd-branch-preflight-2020-osx/build/RelWithDebInfo/googletest-install/include/gtest/internal/custom/gtest.h
[2022-06-29T18:23:25.952Z]     -- Installing: /local/S/jenkins/workspace/ECP/ecg-maya-usd/ecg-mayausd-branch-preflight-2020-osx/build/RelWithDebInfo/googletest-install/include/gtest/internal/custom/README.md
[2022-06-29T18:23:25.952Z]     -- Installing: /local/S/jenkins/workspace/ECP/ecg-maya-usd/ecg-mayausd-branch-preflight-2020-osx/build/RelWithDebInfo/googletest-install/include/gtest/internal/gtest-death-test-internal.h
[2022-06-29T18:23:25.952Z]     -- Installing: /local/S/jenkins/workspace/ECP/ecg-maya-usd/ecg-mayausd-branch-preflight-2020-osx/build/RelWithDebInfo/googletest-install/include/gtest/internal/gtest-filepath.h
[2022-06-29T18:23:25.952Z]     -- Installing: /local/S/jenkins/workspace/ECP/ecg-maya-usd/ecg-mayausd-branch-preflight-2020-osx/build/RelWithDebInfo/googletest-install/include/gtest/internal/gtest-internal.h
[2022-06-29T18:23:25.952Z]     -- Installing: /local/S/jenkins/workspace/ECP/ecg-maya-usd/ecg-mayausd-branch-preflight-2020-osx/build/RelWithDebInfo/googletest-install/include/gtest/internal/gtest-param-util.h
[2022-06-29T18:23:25.952Z]     -- Installing: /local/S/jenkins/workspace/ECP/ecg-maya-usd/ecg-mayausd-branch-preflight-2020-osx/build/RelWithDebInfo/googletest-install/include/gtest/internal/gtest-port-arch.h
[2022-06-29T18:23:25.952Z]     -- Installing: /local/S/jenkins/workspace/ECP/ecg-maya-usd/ecg-mayausd-branch-preflight-2020-osx/build/RelWithDebInfo/googletest-install/include/gtest/internal/gtest-port.h
[2022-06-29T18:23:25.952Z]     -- Installing: /local/S/jenkins/workspace/ECP/ecg-maya-usd/ecg-mayausd-branch-preflight-2020-osx/build/RelWithDebInfo/googletest-install/include/gtest/internal/gtest-string.h
[2022-06-29T18:23:25.952Z]     -- Installing: /local/S/jenkins/workspace/ECP/ecg-maya-usd/ecg-mayausd-branch-preflight-2020-osx/build/RelWithDebInfo/googletest-install/include/gtest/internal/gtest-type-util.h
[2022-06-29T18:23:25.952Z]     -- Installing: /local/S/jenkins/workspace/ECP/ecg-maya-usd/ecg-mayausd-branch-preflight-2020-osx/build/RelWithDebInfo/googletest-install/include/gtest/internal/gtest-type-util.h.pump
[2022-06-29T18:23:25.952Z]     -- Installing: /local/S/jenkins/workspace/ECP/ecg-maya-usd/ecg-mayausd-branch-preflight-2020-osx/build/RelWithDebInfo/googletest-install/lib/libgtest.dylib
[2022-06-29T18:23:25.952Z]     -- Installing: /local/S/jenkins/workspace/ECP/ecg-maya-usd/ecg-mayausd-branch-preflight-2020-osx/build/RelWithDebInfo/googletest-install/lib/libgtest_main.dylib
[2022-06-29T18:23:25.952Z]     -- Installing: /local/S/jenkins/workspace/ECP/ecg-maya-usd/ecg-mayausd-branch-preflight-2020-osx/build/RelWithDebInfo/googletest-install/lib/pkgconfig/gtest.pc
[2022-06-29T18:23:25.952Z]     -- Installing: /local/S/jenkins/workspace/ECP/ecg-maya-usd/ecg-mayausd-branch-preflight-2020-osx/build/RelWithDebInfo/googletest-install/lib/pkgconfig/gtest_main.pc
[2022-06-29T18:23:25.952Z]     [8/8] Completed 'googletest'
[2022-06-29T18:23:25.952Z]     -- ========== ...  GoogleTest installed. ==========
[2022-06-29T18:23:26.621Z]     -- MAYA_HAS_DEFAULT_MATERIAL_API is FALSE
[2022-06-29T18:23:26.621Z]     -- MAYA_NEW_POINT_SNAPPING_SUPPORT is FALSE
[2022-06-29T18:23:26.621Z]     -- MAYA_HAS_CRASH_DETECTION is FALSE
[2022-06-29T18:23:26.621Z]     -- MAYA_CURRENT_UFE_CAMERA_SUPPORT is FALSE
[2022-06-29T18:23:26.621Z]     -- MAYA_MRENDERITEM_UFE_IDENTIFIER_SUPPORT is FALSE
[2022-06-29T18:23:26.621Z]     -- MAYA_UPDATE_UFE_IDENTIFIER_SUPPORT is FALSE
[2022-06-29T18:23:26.621Z]     -- MAYA_HAS_DISPLAY_STYLE_ALL_VIEWPORTS is FALSE
[2022-06-29T18:23:26.621Z]     -- MAYA_ARRAY_ITERATOR_DIFFERENCE_TYPE_SUPPORT is TRUE
[2022-06-29T18:23:26.621Z]     -- MAYA_HAS_GET_MEMBER_PATHS is FALSE
[2022-06-29T18:23:26.621Z]     -- MAYA_HAS_DISPLAY_LAYER_API is FALSE
[2022-06-29T18:23:26.621Z]     -- promoting: /local/S/jenkins/workspace/ECP/ecg-maya-usd/ecg-mayausd-branch-preflight-2020-osx/ecg-maya-usd/maya-usd/lib/mayaUsd/base/mayaUsd.h.src
[2022-06-29T18:23:26.621Z]     -- promoting: /local/S/jenkins/workspace/ECP/ecg-maya-usd/ecg-mayausd-branch-preflight-2020-osx/ecg-maya-usd/maya-usd/lib/mayaUsd/base/api.h
[2022-06-29T18:23:26.621Z]     -- promoting: /local/S/jenkins/workspace/ECP/ecg-maya-usd/ecg-mayausd-branch-preflight-2020-osx/ecg-maya-usd/maya-usd/lib/mayaUsd/base/debugCodes.h
[2022-06-29T18:23:26.621Z]     -- promoting: /local/S/jenkins/workspace/ECP/ecg-maya-usd/ecg-mayausd-branch-preflight-2020-osx/ecg-maya-usd/maya-usd/lib/mayaUsd/base/id.h
[2022-06-29T18:23:26.621Z]     -- promoting: /local/S/jenkins/workspace/ECP/ecg-maya-usd/ecg-mayausd-branch-preflight-2020-osx/ecg-maya-usd/maya-usd/lib/mayaUsd/base/syncId.h
[2022-06-29T18:23:26.621Z]     -- promoting: /local/S/jenkins/workspace/ECP/ecg-maya-usd/ecg-mayausd-branch-preflight-2020-osx/ecg-maya-usd/maya-usd/lib/mayaUsd/base/tokens.h
[2022-06-29T18:23:26.621Z]     -- promoting: /local/S/jenkins/workspace/ECP/ecg-maya-usd/ecg-mayausd-branch-preflight-2020-osx/ecg-maya-usd/maya-usd/lib/mayaUsd/commands/abstractLayerEditorWindow.h
[2022-06-29T18:23:26.621Z]     -- promoting: /local/S/jenkins/workspace/ECP/ecg-maya-usd/ecg-mayausd-branch-preflight-2020-osx/ecg-maya-usd/maya-usd/lib/mayaUsd/commands/baseExportCommand.h
[2022-06-29T18:23:26.621Z]     -- promoting: /local/S/jenkins/workspace/ECP/ecg-maya-usd/ecg-mayausd-branch-preflight-2020-osx/ecg-maya-usd/maya-usd/lib/mayaUsd/commands/baseImportCommand.h
[2022-06-29T18:23:26.621Z]     -- promoting: /local/S/jenkins/workspace/ECP/ecg-maya-usd/ecg-mayausd-branch-preflight-2020-osx/ecg-maya-usd/maya-usd/lib/mayaUsd/commands/baseListJobContextsCommand.h
[2022-06-29T18:23:26.621Z]     -- promoting: /local/S/jenkins/workspace/ECP/ecg-maya-usd/ecg-mayausd-branch-preflight-2020-osx/ecg-maya-usd/maya-usd/lib/mayaUsd/commands/baseListShadingModesCommand.h
[2022-06-29T18:23:26.621Z]     -- promoting: /local/S/jenkins/workspace/ECP/ecg-maya-usd/ecg-mayausd-branch-preflight-2020-osx/ecg-maya-usd/maya-usd/lib/mayaUsd/commands/editTargetCommand.h
[2022-06-29T18:23:26.621Z]     -- promoting: /local/S/jenkins/workspace/ECP/ecg-maya-usd/ecg-mayausd-branch-preflight-2020-osx/ecg-maya-usd/maya-usd/lib/mayaUsd/commands/layerEditorCommand.h
[2022-06-29T18:23:26.621Z]     -- promoting: /local/S/jenkins/workspace/ECP/ecg-maya-usd/ecg-mayausd-branch-preflight-2020-osx/ecg-maya-usd/maya-usd/lib/mayaUsd/commands/layerEditorWindowCommand.h
[2022-06-29T18:23:26.621Z]     -- promoting: /local/S/jenkins/workspace/ECP/ecg-maya-usd/ecg-mayausd-branch-preflight-2020-osx/ecg-maya-usd/maya-usd/lib/mayaUsd/fileio/fallbackPrimReader.h
[2022-06-29T18:23:26.621Z]     -- promoting: /local/S/jenkins/workspace/ECP/ecg-maya-usd/ecg-mayausd-branch-preflight-2020-osx/ecg-maya-usd/maya-usd/lib/mayaUsd/fileio/functorPrimReader.h
[2022-06-29T18:23:26.621Z]     -- promoting: /local/S/jenkins/workspace/ECP/ecg-maya-usd/ecg-mayausd-branch-preflight-2020-osx/ecg-maya-usd/maya-usd/lib/mayaUsd/fileio/functorPrimWriter.h
[2022-06-29T18:23:26.621Z]     -- promoting: /local/S/jenkins/workspace/ECP/ecg-maya-usd/ecg-mayausd-branch-preflight-2020-osx/ecg-maya-usd/maya-usd/lib/mayaUsd/fileio/importData.h
[2022-06-29T18:23:26.621Z]     -- promoting: /local/S/jenkins/workspace/ECP/ecg-maya-usd/ecg-mayausd-branch-preflight-2020-osx/ecg-maya-usd/maya-usd/lib/mayaUsd/fileio/instancedNodeWriter.h
[2022-06-29T18:23:26.621Z]     -- promoting: /local/S/jenkins/workspace/ECP/ecg-maya-usd/ecg-mayausd-branch-preflight-2020-osx/ecg-maya-usd/maya-usd/lib/mayaUsd/fileio/jobContextRegistry.h
[2022-06-29T18:23:26.621Z]     -- promoting: /local/S/jenkins/workspace/ECP/ecg-maya-usd/ecg-mayausd-branch-preflight-2020-osx/ecg-maya-usd/maya-usd/lib/mayaUsd/fileio/primReader.h
[2022-06-29T18:23:26.621Z]     -- promoting: /local/S/jenkins/workspace/ECP/ecg-maya-usd/ecg-mayausd-branch-preflight-2020-osx/ecg-maya-usd/maya-usd/lib/mayaUsd/fileio/primReaderArgs.h
[2022-06-29T18:23:26.621Z]     -- promoting: /local/S/jenkins/workspace/ECP/ecg-maya-usd/ecg-mayausd-branch-preflight-2020-osx/ecg-maya-usd/maya-usd/lib/mayaUsd/fileio/primReaderContext.h
[2022-06-29T18:23:26.621Z]     -- promoting: /local/S/jenkins/workspace/ECP/ecg-maya-usd/ecg-mayausd-branch-preflight-2020-osx/ecg-maya-usd/maya-usd/lib/mayaUsd/fileio/primReaderRegistry.h
[2022-06-29T18:23:26.621Z]     -- promoting: /local/S/jenkins/workspace/ECP/ecg-maya-usd/ecg-mayausd-branch-preflight-2020-osx/ecg-maya-usd/maya-usd/lib/mayaUsd/fileio/primWriter.h
[2022-06-29T18:23:26.621Z]     -- promoting: /local/S/jenkins/workspace/ECP/ecg-maya-usd/ecg-mayausd-branch-preflight-2020-osx/ecg-maya-usd/maya-usd/lib/mayaUsd/fileio/primWriterArgs.h
[2022-06-29T18:23:26.621Z]     -- promoting: /local/S/jenkins/workspace/ECP/ecg-maya-usd/ecg-mayausd-branch-preflight-2020-osx/ecg-maya-usd/maya-usd/lib/mayaUsd/fileio/primWriterContext.h
[2022-06-29T18:23:26.621Z]     -- promoting: /local/S/jenkins/workspace/ECP/ecg-maya-usd/ecg-mayausd-branch-preflight-2020-osx/ecg-maya-usd/maya-usd/lib/mayaUsd/fileio/primWriterRegistry.h
[2022-06-29T18:23:26.621Z]     -- promoting: /local/S/jenkins/workspace/ECP/ecg-maya-usd/ecg-mayausd-branch-preflight-2020-osx/ecg-maya-usd/maya-usd/lib/mayaUsd/fileio/registryHelper.h
[2022-06-29T18:23:26.621Z]     -- promoting: /local/S/jenkins/workspace/ECP/ecg-maya-usd/ecg-mayausd-branch-preflight-2020-osx/ecg-maya-usd/maya-usd/lib/mayaUsd/fileio/schemaApiAdaptor.h
[2022-06-29T18:23:26.621Z]     -- promoting: /local/S/jenkins/workspace/ECP/ecg-maya-usd/ecg-mayausd-branch-preflight-2020-osx/ecg-maya-usd/maya-usd/lib/mayaUsd/fileio/schemaApiAdaptorRegistry.h
[2022-06-29T18:23:26.621Z]     -- promoting: /local/S/jenkins/workspace/ECP/ecg-maya-usd/ecg-mayausd-branch-preflight-2020-osx/ecg-maya-usd/maya-usd/lib/mayaUsd/fileio/shaderReader.h
[2022-06-29T18:23:26.621Z]     -- promoting: /local/S/jenkins/workspace/ECP/ecg-maya-usd/ecg-mayausd-branch-preflight-2020-osx/ecg-maya-usd/maya-usd/lib/mayaUsd/fileio/shaderReaderRegistry.h
[2022-06-29T18:23:26.621Z]     -- promoting: /local/S/jenkins/workspace/ECP/ecg-maya-usd/ecg-mayausd-branch-preflight-2020-osx/ecg-maya-usd/maya-usd/lib/mayaUsd/fileio/shaderWriter.h
[2022-06-29T18:23:26.621Z]     -- promoting: /local/S/jenkins/workspace/ECP/ecg-maya-usd/ecg-mayausd-branch-preflight-2020-osx/ecg-maya-usd/maya-usd/lib/mayaUsd/fileio/shaderWriterRegistry.h
[2022-06-29T18:23:26.621Z]     -- promoting: /local/S/jenkins/workspace/ECP/ecg-maya-usd/ecg-mayausd-branch-preflight-2020-osx/ecg-maya-usd/maya-usd/lib/mayaUsd/fileio/transformWriter.h
[2022-06-29T18:23:26.621Z]     -- promoting: /local/S/jenkins/workspace/ECP/ecg-maya-usd/ecg-mayausd-branch-preflight-2020-osx/ecg-maya-usd/maya-usd/lib/mayaUsd/fileio/writeJobContext.h
[2022-06-29T18:23:26.621Z]     -- promoting: /local/S/jenkins/workspace/ECP/ecg-maya-usd/ecg-mayausd-branch-preflight-2020-osx/ecg-maya-usd/maya-usd/lib/mayaUsd/fileio/chaser/exportChaser.h
[2022-06-29T18:23:26.622Z]     -- promoting: /local/S/jenkins/workspace/ECP/ecg-maya-usd/ecg-mayausd-branch-preflight-2020-osx/ecg-maya-usd/maya-usd/lib/mayaUsd/fileio/chaser/exportChaserRegistry.h
[2022-06-29T18:23:26.622Z]     -- promoting: /local/S/jenkins/workspace/ECP/ecg-maya-usd/ecg-mayausd-branch-preflight-2020-osx/ecg-maya-usd/maya-usd/lib/mayaUsd/fileio/chaser/importChaserRegistry.h
[2022-06-29T18:23:26.622Z]     -- promoting: /local/S/jenkins/workspace/ECP/ecg-maya-usd/ecg-mayausd-branch-preflight-2020-osx/ecg-maya-usd/maya-usd/lib/mayaUsd/fileio/chaser/importChaser.h
[2022-06-29T18:23:26.622Z]     -- promoting: /local/S/jenkins/workspace/ECP/ecg-maya-usd/ecg-mayausd-branch-preflight-2020-osx/ecg-maya-usd/maya-usd/lib/mayaUsd/fileio/jobs/jobArgs.h
[2022-06-29T18:23:26.622Z]     -- promoting: /local/S/jenkins/workspace/ECP/ecg-maya-usd/ecg-mayausd-branch-preflight-2020-osx/ecg-maya-usd/maya-usd/lib/mayaUsd/fileio/jobs/meshDataReadJob.h
[2022-06-29T18:23:26.622Z]     -- promoting: /local/S/jenkins/workspace/ECP/ecg-maya-usd/ecg-mayausd-branch-preflight-2020-osx/ecg-maya-usd/maya-usd/lib/mayaUsd/fileio/jobs/modelKindProcessor.h
[2022-06-29T18:23:26.622Z]     -- promoting: /local/S/jenkins/workspace/ECP/ecg-maya-usd/ecg-mayausd-branch-preflight-2020-osx/ecg-maya-usd/maya-usd/lib/mayaUsd/fileio/jobs/readJob.h
[2022-06-29T18:23:26.622Z]     -- promoting: /local/S/jenkins/workspace/ECP/ecg-maya-usd/ecg-mayausd-branch-preflight-2020-osx/ecg-maya-usd/maya-usd/lib/mayaUsd/fileio/jobs/writeJob.h
[2022-06-29T18:23:26.622Z]     -- promoting: /local/S/jenkins/workspace/ECP/ecg-maya-usd/ecg-mayausd-branch-preflight-2020-osx/ecg-maya-usd/maya-usd/lib/mayaUsd/fileio/shading/rfmShaderMap.h
[2022-06-29T18:23:26.622Z]     -- promoting: /local/S/jenkins/workspace/ECP/ecg-maya-usd/ecg-mayausd-branch-preflight-2020-osx/ecg-maya-usd/maya-usd/lib/mayaUsd/fileio/shading/shadingModeExporter.h
[2022-06-29T18:23:26.622Z]     -- promoting: /local/S/jenkins/workspace/ECP/ecg-maya-usd/ecg-mayausd-branch-preflight-2020-osx/ecg-maya-usd/maya-usd/lib/mayaUsd/fileio/shading/shadingModeExporterContext.h
[2022-06-29T18:23:26.622Z]     -- promoting: /local/S/jenkins/workspace/ECP/ecg-maya-usd/ecg-mayausd-branch-preflight-2020-osx/ecg-maya-usd/maya-usd/lib/mayaUsd/fileio/shading/shadingModeImporter.h
[2022-06-29T18:23:26.622Z]     -- promoting: /local/S/jenkins/workspace/ECP/ecg-maya-usd/ecg-mayausd-branch-preflight-2020-osx/ecg-maya-usd/maya-usd/lib/mayaUsd/fileio/shading/shadingModeRegistry.h
[2022-06-29T18:23:26.622Z]     -- promoting: /local/S/jenkins/workspace/ECP/ecg-maya-usd/ecg-mayausd-branch-preflight-2020-osx/ecg-maya-usd/maya-usd/lib/mayaUsd/fileio/shading/symmetricShaderReader.h
[2022-06-29T18:23:26.622Z]     -- promoting: /local/S/jenkins/workspace/ECP/ecg-maya-usd/ecg-mayausd-branch-preflight-2020-osx/ecg-maya-usd/maya-usd/lib/mayaUsd/fileio/shading/symmetricShaderWriter.h
[2022-06-29T18:23:26.622Z]     -- promoting: /local/S/jenkins/workspace/ECP/ecg-maya-usd/ecg-mayausd-branch-preflight-2020-osx/ecg-maya-usd/maya-usd/lib/mayaUsd/fileio/translators/skelBindingsProcessor.h
[2022-06-29T18:23:26.622Z]     -- promoting: /local/S/jenkins/workspace/ECP/ecg-maya-usd/ecg-mayausd-branch-preflight-2020-osx/ecg-maya-usd/maya-usd/lib/mayaUsd/fileio/translators/translatorCamera.h
[2022-06-29T18:23:26.622Z]     -- promoting: /local/S/jenkins/workspace/ECP/ecg-maya-usd/ecg-mayausd-branch-preflight-2020-osx/ecg-maya-usd/maya-usd/lib/mayaUsd/fileio/translators/translatorCurves.h
[2022-06-29T18:23:26.622Z]     -- promoting: /local/S/jenkins/workspace/ECP/ecg-maya-usd/ecg-mayausd-branch-preflight-2020-osx/ecg-maya-usd/maya-usd/lib/mayaUsd/fileio/translators/translatorGprim.h
[2022-06-29T18:23:26.622Z]     -- promoting: /local/S/jenkins/workspace/ECP/ecg-maya-usd/ecg-mayausd-branch-preflight-2020-osx/ecg-maya-usd/maya-usd/lib/mayaUsd/fileio/translators/translatorLight.h
[2022-06-29T18:23:26.622Z]     -- promoting: /local/S/jenkins/workspace/ECP/ecg-maya-usd/ecg-mayausd-branch-preflight-2020-osx/ecg-maya-usd/maya-usd/lib/mayaUsd/fileio/translators/translatorMaterial.h
[2022-06-29T18:23:26.622Z]     -- promoting: /local/S/jenkins/workspace/ECP/ecg-maya-usd/ecg-mayausd-branch-preflight-2020-osx/ecg-maya-usd/maya-usd/lib/mayaUsd/fileio/translators/translatorMayaReference.h
[2022-06-29T18:23:26.622Z]     -- promoting: /local/S/jenkins/workspace/ECP/ecg-maya-usd/ecg-mayausd-branch-preflight-2020-osx/ecg-maya-usd/maya-usd/lib/mayaUsd/fileio/translators/translatorMesh.h
[2022-06-29T18:23:26.622Z]     -- promoting: /local/S/jenkins/workspace/ECP/ecg-maya-usd/ecg-mayausd-branch-preflight-2020-osx/ecg-maya-usd/maya-usd/lib/mayaUsd/fileio/translators/translatorNurbsPatch.h
[2022-06-29T18:23:26.622Z]     -- promoting: /local/S/jenkins/workspace/ECP/ecg-maya-usd/ecg-mayausd-branch-preflight-2020-osx/ecg-maya-usd/maya-usd/lib/mayaUsd/fileio/translators/translatorPrim.h
[2022-06-29T18:23:26.622Z]     -- promoting: /local/S/jenkins/workspace/ECP/ecg-maya-usd/ecg-mayausd-branch-preflight-2020-osx/ecg-maya-usd/maya-usd/lib/mayaUsd/fileio/translators/translatorRfMLight.h
[2022-06-29T18:23:26.622Z]     -- promoting: /local/S/jenkins/workspace/ECP/ecg-maya-usd/ecg-mayausd-branch-preflight-2020-osx/ecg-maya-usd/maya-usd/lib/mayaUsd/fileio/translators/translatorSkel.h
[2022-06-29T18:23:26.622Z]     -- promoting: /local/S/jenkins/workspace/ECP/ecg-maya-usd/ecg-mayausd-branch-preflight-2020-osx/ecg-maya-usd/maya-usd/lib/mayaUsd/fileio/translators/translatorUtil.h
[2022-06-29T18:23:26.622Z]     -- promoting: /local/S/jenkins/workspace/ECP/ecg-maya-usd/ecg-mayausd-branch-preflight-2020-osx/ecg-maya-usd/maya-usd/lib/mayaUsd/fileio/translators/translatorXformable.h
[2022-06-29T18:23:26.622Z]     -- promoting: /local/S/jenkins/workspace/ECP/ecg-maya-usd/ecg-mayausd-branch-preflight-2020-osx/ecg-maya-usd/maya-usd/lib/mayaUsd/fileio/utils/adaptor.h
[2022-06-29T18:23:26.622Z]     -- promoting: /local/S/jenkins/workspace/ECP/ecg-maya-usd/ecg-mayausd-branch-preflight-2020-osx/ecg-maya-usd/maya-usd/lib/mayaUsd/fileio/utils/jointWriteUtils.h
[2022-06-29T18:23:26.622Z]     -- promoting: /local/S/jenkins/workspace/ECP/ecg-maya-usd/ecg-mayausd-branch-preflight-2020-osx/ecg-maya-usd/maya-usd/lib/mayaUsd/fileio/utils/meshReadUtils.h
[2022-06-29T18:23:26.622Z]     -- promoting: /local/S/jenkins/workspace/ECP/ecg-maya-usd/ecg-mayausd-branch-preflight-2020-osx/ecg-maya-usd/maya-usd/lib/mayaUsd/fileio/utils/meshWriteUtils.h
[2022-06-29T18:23:26.622Z]     -- promoting: /local/S/jenkins/workspace/ECP/ecg-maya-usd/ecg-mayausd-branch-preflight-2020-osx/ecg-maya-usd/maya-usd/lib/mayaUsd/fileio/utils/readUtil.h
[2022-06-29T18:23:26.622Z]     -- promoting: /local/S/jenkins/workspace/ECP/ecg-maya-usd/ecg-mayausd-branch-preflight-2020-osx/ecg-maya-usd/maya-usd/lib/mayaUsd/fileio/utils/roundTripUtil.h
[2022-06-29T18:23:26.622Z]     -- promoting: /local/S/jenkins/workspace/ECP/ecg-maya-usd/ecg-mayausd-branch-preflight-2020-osx/ecg-maya-usd/maya-usd/lib/mayaUsd/fileio/utils/shadingUtil.h
[2022-06-29T18:23:26.622Z]     -- promoting: /local/S/jenkins/workspace/ECP/ecg-maya-usd/ecg-mayausd-branch-preflight-2020-osx/ecg-maya-usd/maya-usd/lib/mayaUsd/fileio/utils/userTaggedAttribute.h
[2022-06-29T18:23:26.622Z]     -- promoting: /local/S/jenkins/workspace/ECP/ecg-maya-usd/ecg-mayausd-branch-preflight-2020-osx/ecg-maya-usd/maya-usd/lib/mayaUsd/fileio/utils/writeUtil.h
[2022-06-29T18:23:26.622Z]     -- promoting: /local/S/jenkins/workspace/ECP/ecg-maya-usd/ecg-mayausd-branch-preflight-2020-osx/ecg-maya-usd/maya-usd/lib/mayaUsd/fileio/utils/xformStack.h
[2022-06-29T18:23:26.622Z]     -- promoting: /local/S/jenkins/workspace/ECP/ecg-maya-usd/ecg-mayausd-branch-preflight-2020-osx/ecg-maya-usd/maya-usd/lib/mayaUsd/listeners/notice.h
[2022-06-29T18:23:26.622Z]     -- promoting: /local/S/jenkins/workspace/ECP/ecg-maya-usd/ecg-mayausd-branch-preflight-2020-osx/ecg-maya-usd/maya-usd/lib/mayaUsd/listeners/proxyShapeNotice.h
[2022-06-29T18:23:26.622Z]     -- promoting: /local/S/jenkins/workspace/ECP/ecg-maya-usd/ecg-mayausd-branch-preflight-2020-osx/ecg-maya-usd/maya-usd/lib/mayaUsd/listeners/stageNoticeListener.h
[2022-06-29T18:23:26.622Z]     -- promoting: /local/S/jenkins/workspace/ECP/ecg-maya-usd/ecg-mayausd-branch-preflight-2020-osx/ecg-maya-usd/maya-usd/lib/mayaUsd/nodes/hdImagingShape.h
[2022-06-29T18:23:26.622Z]     -- promoting: /local/S/jenkins/workspace/ECP/ecg-maya-usd/ecg-mayausd-branch-preflight-2020-osx/ecg-maya-usd/maya-usd/lib/mayaUsd/nodes/pointBasedDeformerNode.h
[2022-06-29T18:23:26.622Z]     -- promoting: /local/S/jenkins/workspace/ECP/ecg-maya-usd/ecg-mayausd-branch-preflight-2020-osx/ecg-maya-usd/maya-usd/lib/mayaUsd/nodes/proxyAccessor.h
[2022-06-29T18:23:26.622Z]     -- promoting: /local/S/jenkins/workspace/ECP/ecg-maya-usd/ecg-mayausd-branch-preflight-2020-osx/ecg-maya-usd/maya-usd/lib/mayaUsd/nodes/proxyShapeBase.h
[2022-06-29T18:23:26.622Z]     -- promoting: /local/S/jenkins/workspace/ECP/ecg-maya-usd/ecg-mayausd-branch-preflight-2020-osx/ecg-maya-usd/maya-usd/lib/mayaUsd/nodes/proxyShapeLoadRules.h
[2022-06-29T18:23:26.622Z]     -- promoting: /local/S/jenkins/workspace/ECP/ecg-maya-usd/ecg-mayausd-branch-preflight-2020-osx/ecg-maya-usd/maya-usd/lib/mayaUsd/nodes/proxyShapePlugin.h
[2022-06-29T18:23:26.622Z]     -- promoting: /local/S/jenkins/workspace/ECP/ecg-maya-usd/ecg-mayausd-branch-preflight-2020-osx/ecg-maya-usd/maya-usd/lib/mayaUsd/nodes/proxyStageProvider.h
[2022-06-29T18:23:26.622Z]     -- promoting: /local/S/jenkins/workspace/ECP/ecg-maya-usd/ecg-mayausd-branch-preflight-2020-osx/ecg-maya-usd/maya-usd/lib/mayaUsd/nodes/stageData.h
[2022-06-29T18:23:26.622Z]     -- promoting: /local/S/jenkins/workspace/ECP/ecg-maya-usd/ecg-mayausd-branch-preflight-2020-osx/ecg-maya-usd/maya-usd/lib/mayaUsd/nodes/stageNode.h
[2022-06-29T18:23:26.622Z]     -- promoting: /local/S/jenkins/workspace/ECP/ecg-maya-usd/ecg-mayausd-branch-preflight-2020-osx/ecg-maya-usd/maya-usd/lib/mayaUsd/nodes/usdPrimProvider.h
[2022-06-29T18:23:26.622Z]     -- promoting: /local/S/jenkins/workspace/ECP/ecg-maya-usd/ecg-mayausd-branch-preflight-2020-osx/ecg-maya-usd/maya-usd/lib/mayaUsd/nodes/layerManager.h
[2022-06-29T18:23:26.622Z]     -- promoting: /local/S/jenkins/workspace/ECP/ecg-maya-usd/ecg-mayausd-branch-preflight-2020-osx/ecg-maya-usd/maya-usd/lib/mayaUsd/render/px_vp20/glslProgram.h
[2022-06-29T18:23:26.622Z]     -- promoting: /local/S/jenkins/workspace/ECP/ecg-maya-usd/ecg-mayausd-branch-preflight-2020-osx/ecg-maya-usd/maya-usd/lib/mayaUsd/render/px_vp20/utils.h
[2022-06-29T18:23:26.622Z]     -- promoting: /local/S/jenkins/workspace/ECP/ecg-maya-usd/ecg-mayausd-branch-preflight-2020-osx/ecg-maya-usd/maya-usd/lib/mayaUsd/render/px_vp20/utils_legacy.h
[2022-06-29T18:23:26.622Z]     -- promoting: /local/S/jenkins/workspace/ECP/ecg-maya-usd/ecg-mayausd-branch-preflight-2020-osx/ecg-maya-usd/maya-usd/lib/mayaUsd/render/pxrUsdMayaGL/batchRenderer.h
[2022-06-29T18:23:26.622Z]     -- promoting: /local/S/jenkins/workspace/ECP/ecg-maya-usd/ecg-mayausd-branch-preflight-2020-osx/ecg-maya-usd/maya-usd/lib/mayaUsd/render/pxrUsdMayaGL/debugCodes.h
[2022-06-29T18:23:26.622Z]     -- promoting: /local/S/jenkins/workspace/ECP/ecg-maya-usd/ecg-mayausd-branch-preflight-2020-osx/ecg-maya-usd/maya-usd/lib/mayaUsd/render/pxrUsdMayaGL/hdImagingShapeDrawOverride.h
[2022-06-29T18:23:26.622Z]     -- promoting: /local/S/jenkins/workspace/ECP/ecg-maya-usd/ecg-mayausd-branch-preflight-2020-osx/ecg-maya-usd/maya-usd/lib/mayaUsd/render/pxrUsdMayaGL/hdImagingShapeUI.h
[2022-06-29T18:23:26.622Z]     -- promoting: /local/S/jenkins/workspace/ECP/ecg-maya-usd/ecg-mayausd-branch-preflight-2020-osx/ecg-maya-usd/maya-usd/lib/mayaUsd/render/pxrUsdMayaGL/instancerImager.h
[2022-06-29T18:23:26.622Z]     -- promoting: /local/S/jenkins/workspace/ECP/ecg-maya-usd/ecg-mayausd-branch-preflight-2020-osx/ecg-maya-usd/maya-usd/lib/mayaUsd/render/pxrUsdMayaGL/instancerShapeAdapter.h
[2022-06-29T18:23:26.622Z]     -- promoting: /local/S/jenkins/workspace/ECP/ecg-maya-usd/ecg-mayausd-branch-preflight-2020-osx/ecg-maya-usd/maya-usd/lib/mayaUsd/render/pxrUsdMayaGL/proxyDrawOverride.h
[2022-06-29T18:23:26.622Z]     -- promoting: /local/S/jenkins/workspace/ECP/ecg-maya-usd/ecg-mayausd-branch-preflight-2020-osx/ecg-maya-usd/maya-usd/lib/mayaUsd/render/pxrUsdMayaGL/proxyShapeUI.h
[2022-06-29T18:23:26.622Z]     -- promoting: /local/S/jenkins/workspace/ECP/ecg-maya-usd/ecg-mayausd-branch-preflight-2020-osx/ecg-maya-usd/maya-usd/lib/mayaUsd/render/pxrUsdMayaGL/renderParams.h
[2022-06-29T18:23:26.622Z]     -- promoting: /local/S/jenkins/workspace/ECP/ecg-maya-usd/ecg-mayausd-branch-preflight-2020-osx/ecg-maya-usd/maya-usd/lib/mayaUsd/render/pxrUsdMayaGL/sceneDelegate.h
[2022-06-29T18:23:26.622Z]     -- promoting: /local/S/jenkins/workspace/ECP/ecg-maya-usd/ecg-mayausd-branch-preflight-2020-osx/ecg-maya-usd/maya-usd/lib/mayaUsd/render/pxrUsdMayaGL/shapeAdapter.h
[2022-06-29T18:23:26.622Z]     -- promoting: /local/S/jenkins/workspace/ECP/ecg-maya-usd/ecg-mayausd-branch-preflight-2020-osx/ecg-maya-usd/maya-usd/lib/mayaUsd/render/pxrUsdMayaGL/softSelectHelper.h
[2022-06-29T18:23:26.622Z]     -- promoting: /local/S/jenkins/workspace/ECP/ecg-maya-usd/ecg-mayausd-branch-preflight-2020-osx/ecg-maya-usd/maya-usd/lib/mayaUsd/render/pxrUsdMayaGL/usdProxyShapeAdapter.h
[2022-06-29T18:23:26.622Z]     -- promoting: /local/S/jenkins/workspace/ECP/ecg-maya-usd/ecg-mayausd-branch-preflight-2020-osx/ecg-maya-usd/maya-usd/lib/mayaUsd/render/pxrUsdMayaGL/userData.h
[2022-06-29T18:23:26.622Z]     -- promoting: /local/S/jenkins/workspace/ECP/ecg-maya-usd/ecg-mayausd-branch-preflight-2020-osx/ecg-maya-usd/maya-usd/lib/mayaUsd/render/vp2RenderDelegate/proxyRenderDelegate.h
[2022-06-29T18:23:26.622Z]     -- promoting: /local/S/jenkins/workspace/ECP/ecg-maya-usd/ecg-mayausd-branch-preflight-2020-osx/ecg-maya-usd/maya-usd/lib/mayaUsd/render/vp2ShaderFragments/shaderFragments.h
[2022-06-29T18:23:26.622Z]     -- UFE_LIGHTS_SUPPORT is FALSE
[2022-06-29T18:23:26.622Z]     -- promoting: /local/S/jenkins/workspace/ECP/ecg-maya-usd/ecg-mayausd-branch-preflight-2020-osx/ecg-maya-usd/maya-usd/lib/mayaUsd/ufe/Global.h
[2022-06-29T18:23:26.622Z]     -- promoting: /local/S/jenkins/workspace/ECP/ecg-maya-usd/ecg-mayausd-branch-preflight-2020-osx/ecg-maya-usd/maya-usd/lib/mayaUsd/ufe/ProxyShapeHandler.h
[2022-06-29T18:23:26.622Z]     -- promoting: /local/S/jenkins/workspace/ECP/ecg-maya-usd/ecg-mayausd-branch-preflight-2020-osx/ecg-maya-usd/maya-usd/lib/mayaUsd/ufe/ProxyShapeHierarchy.h
[2022-06-29T18:23:26.622Z]     -- promoting: /local/S/jenkins/workspace/ECP/ecg-maya-usd/ecg-mayausd-branch-preflight-2020-osx/ecg-maya-usd/maya-usd/lib/mayaUsd/ufe/ProxyShapeHierarchyHandler.h
[2022-06-29T18:23:26.622Z]     -- promoting: /local/S/jenkins/workspace/ECP/ecg-maya-usd/ecg-mayausd-branch-preflight-2020-osx/ecg-maya-usd/maya-usd/lib/mayaUsd/ufe/StagesSubject.h
[2022-06-29T18:23:26.622Z]     -- promoting: /local/S/jenkins/workspace/ECP/ecg-maya-usd/ecg-mayausd-branch-preflight-2020-osx/ecg-maya-usd/maya-usd/lib/mayaUsd/ufe/UsdHierarchy.h
[2022-06-29T18:23:26.622Z]     -- promoting: /local/S/jenkins/workspace/ECP/ecg-maya-usd/ecg-mayausd-branch-preflight-2020-osx/ecg-maya-usd/maya-usd/lib/mayaUsd/ufe/UsdHierarchyHandler.h
[2022-06-29T18:23:26.622Z]     -- promoting: /local/S/jenkins/workspace/ECP/ecg-maya-usd/ecg-mayausd-branch-preflight-2020-osx/ecg-maya-usd/maya-usd/lib/mayaUsd/ufe/UsdPointInstanceModifierBase.h
[2022-06-29T18:23:26.622Z]     -- promoting: /local/S/jenkins/workspace/ECP/ecg-maya-usd/ecg-mayausd-branch-preflight-2020-osx/ecg-maya-usd/maya-usd/lib/mayaUsd/ufe/UsdPointInstanceOrientationModifier.h
[2022-06-29T18:23:26.622Z]     -- promoting: /local/S/jenkins/workspace/ECP/ecg-maya-usd/ecg-mayausd-branch-preflight-2020-osx/ecg-maya-usd/maya-usd/lib/mayaUsd/ufe/UsdPointInstancePositionModifier.h
[2022-06-29T18:23:26.622Z]     -- promoting: /local/S/jenkins/workspace/ECP/ecg-maya-usd/ecg-mayausd-branch-preflight-2020-osx/ecg-maya-usd/maya-usd/lib/mayaUsd/ufe/UsdPointInstanceScaleModifier.h
[2022-06-29T18:23:26.622Z]     -- promoting: /local/S/jenkins/workspace/ECP/ecg-maya-usd/ecg-mayausd-branch-preflight-2020-osx/ecg-maya-usd/maya-usd/lib/mayaUsd/ufe/UsdRootChildHierarchy.h
[2022-06-29T18:23:26.622Z]     -- promoting: /local/S/jenkins/workspace/ECP/ecg-maya-usd/ecg-mayausd-branch-preflight-2020-osx/ecg-maya-usd/maya-usd/lib/mayaUsd/ufe/UsdRotatePivotTranslateUndoableCommand.h
[2022-06-29T18:23:26.622Z]     -- promoting: /local/S/jenkins/workspace/ECP/ecg-maya-usd/ecg-mayausd-branch-preflight-2020-osx/ecg-maya-usd/maya-usd/lib/mayaUsd/ufe/UsdRotateUndoableCommand.h
[2022-06-29T18:23:26.622Z]     -- promoting: /local/S/jenkins/workspace/ECP/ecg-maya-usd/ecg-mayausd-branch-preflight-2020-osx/ecg-maya-usd/maya-usd/lib/mayaUsd/ufe/UsdScaleUndoableCommand.h
[2022-06-29T18:23:26.622Z]     -- promoting: /local/S/jenkins/workspace/ECP/ecg-maya-usd/ecg-mayausd-branch-preflight-2020-osx/ecg-maya-usd/maya-usd/lib/mayaUsd/ufe/UsdSceneItem.h
[2022-06-29T18:23:26.622Z]     -- promoting: /local/S/jenkins/workspace/ECP/ecg-maya-usd/ecg-mayausd-branch-preflight-2020-osx/ecg-maya-usd/maya-usd/lib/mayaUsd/ufe/UsdSceneItemOps.h
[2022-06-29T18:23:26.622Z]     -- promoting: /local/S/jenkins/workspace/ECP/ecg-maya-usd/ecg-mayausd-branch-preflight-2020-osx/ecg-maya-usd/maya-usd/lib/mayaUsd/ufe/UsdSceneItemOpsHandler.h
[2022-06-29T18:23:26.622Z]     -- promoting: /local/S/jenkins/workspace/ECP/ecg-maya-usd/ecg-mayausd-branch-preflight-2020-osx/ecg-maya-usd/maya-usd/lib/mayaUsd/ufe/UsdStageMap.h
[2022-06-29T18:23:26.622Z]     -- promoting: /local/S/jenkins/workspace/ECP/ecg-maya-usd/ecg-mayausd-branch-preflight-2020-osx/ecg-maya-usd/maya-usd/lib/mayaUsd/ufe/UsdTRSUndoableCommandBase.h
[2022-06-29T18:23:26.622Z]     -- promoting: /local/S/jenkins/workspace/ECP/ecg-maya-usd/ecg-mayausd-branch-preflight-2020-osx/ecg-maya-usd/maya-usd/lib/mayaUsd/ufe/UsdTransform3d.h
[2022-06-29T18:23:26.622Z]     -- promoting: /local/S/jenkins/workspace/ECP/ecg-maya-usd/ecg-mayausd-branch-preflight-2020-osx/ecg-maya-usd/maya-usd/lib/mayaUsd/ufe/UsdTransform3dHandler.h
[2022-06-29T18:23:26.622Z]     -- promoting: /local/S/jenkins/workspace/ECP/ecg-maya-usd/ecg-mayausd-branch-preflight-2020-osx/ecg-maya-usd/maya-usd/lib/mayaUsd/ufe/UsdTranslateUndoableCommand.h
[2022-06-29T18:23:26.622Z]     -- promoting: /local/S/jenkins/workspace/ECP/ecg-maya-usd/ecg-mayausd-branch-preflight-2020-osx/ecg-maya-usd/maya-usd/lib/mayaUsd/ufe/UsdUndoDeleteCommand.h
[2022-06-29T18:23:26.622Z]     -- promoting: /local/S/jenkins/workspace/ECP/ecg-maya-usd/ecg-mayausd-branch-preflight-2020-osx/ecg-maya-usd/maya-usd/lib/mayaUsd/ufe/UsdUndoDuplicateCommand.h
[2022-06-29T18:23:26.622Z]     -- promoting: /local/S/jenkins/workspace/ECP/ecg-maya-usd/ecg-mayausd-branch-preflight-2020-osx/ecg-maya-usd/maya-usd/lib/mayaUsd/ufe/UsdUndoRenameCommand.h
[2022-06-29T18:23:26.622Z]     -- promoting: /local/S/jenkins/workspace/ECP/ecg-maya-usd/ecg-mayausd-branch-preflight-2020-osx/ecg-maya-usd/maya-usd/lib/mayaUsd/ufe/Utils.h
[2022-06-29T18:23:26.623Z]     -- promoting: /local/S/jenkins/workspace/ECP/ecg-maya-usd/ecg-mayausd-branch-preflight-2020-osx/ecg-maya-usd/maya-usd/lib/mayaUsd/ufe/UfeVersionCompat.h
[2022-06-29T18:23:26.623Z]     -- promoting: /local/S/jenkins/workspace/ECP/ecg-maya-usd/ecg-mayausd-branch-preflight-2020-osx/ecg-maya-usd/maya-usd/lib/mayaUsd/undo/OpUndoItemList.h
[2022-06-29T18:23:26.623Z]     -- promoting: /local/S/jenkins/workspace/ECP/ecg-maya-usd/ecg-mayausd-branch-preflight-2020-osx/ecg-maya-usd/maya-usd/lib/mayaUsd/undo/OpUndoItemMuting.h
[2022-06-29T18:23:26.623Z]     -- promoting: /local/S/jenkins/workspace/ECP/ecg-maya-usd/ecg-mayausd-branch-preflight-2020-osx/ecg-maya-usd/maya-usd/lib/mayaUsd/undo/OpUndoItemRecorder.h
[2022-06-29T18:23:26.623Z]     -- promoting: /local/S/jenkins/workspace/ECP/ecg-maya-usd/ecg-mayausd-branch-preflight-2020-osx/ecg-maya-usd/maya-usd/lib/mayaUsd/undo/OpUndoItems.h
[2022-06-29T18:23:26.623Z]     -- promoting: /local/S/jenkins/workspace/ECP/ecg-maya-usd/ecg-mayausd-branch-preflight-2020-osx/ecg-maya-usd/maya-usd/lib/mayaUsd/undo/UsdUndoBlock.h
[2022-06-29T18:23:26.623Z]     -- promoting: /local/S/jenkins/workspace/ECP/ecg-maya-usd/ecg-mayausd-branch-preflight-2020-osx/ecg-maya-usd/maya-usd/lib/mayaUsd/undo/UsdUndoManager.h
[2022-06-29T18:23:26.623Z]     -- promoting: /local/S/jenkins/workspace/ECP/ecg-maya-usd/ecg-mayausd-branch-preflight-2020-osx/ecg-maya-usd/maya-usd/lib/mayaUsd/undo/UsdUndoStateDelegate.h
[2022-06-29T18:23:26.623Z]     -- promoting: /local/S/jenkins/workspace/ECP/ecg-maya-usd/ecg-mayausd-branch-preflight-2020-osx/ecg-maya-usd/maya-usd/lib/mayaUsd/undo/UsdUndoableItem.h
[2022-06-29T18:23:26.623Z]     -- promoting: /local/S/jenkins/workspace/ECP/ecg-maya-usd/ecg-mayausd-branch-preflight-2020-osx/ecg-maya-usd/maya-usd/lib/mayaUsd/utils/blockSceneModificationContext.h
[2022-06-29T18:23:26.623Z]     -- promoting: /local/S/jenkins/workspace/ECP/ecg-maya-usd/ecg-mayausd-branch-preflight-2020-osx/ecg-maya-usd/maya-usd/lib/mayaUsd/utils/colorSpace.h
[2022-06-29T18:23:26.623Z]     -- promoting: /local/S/jenkins/workspace/ECP/ecg-maya-usd/ecg-mayausd-branch-preflight-2020-osx/ecg-maya-usd/maya-usd/lib/mayaUsd/utils/customLayerData.h
[2022-06-29T18:23:26.623Z]     -- promoting: /local/S/jenkins/workspace/ECP/ecg-maya-usd/ecg-mayausd-branch-preflight-2020-osx/ecg-maya-usd/maya-usd/lib/mayaUsd/utils/converter.h
[2022-06-29T18:23:26.623Z]     -- promoting: /local/S/jenkins/workspace/ECP/ecg-maya-usd/ecg-mayausd-branch-preflight-2020-osx/ecg-maya-usd/maya-usd/lib/mayaUsd/utils/diagnosticDelegate.h
[2022-06-29T18:23:26.623Z]     -- promoting: /local/S/jenkins/workspace/ECP/ecg-maya-usd/ecg-mayausd-branch-preflight-2020-osx/ecg-maya-usd/maya-usd/lib/mayaUsd/utils/editability.h
[2022-06-29T18:23:26.623Z]     -- promoting: /local/S/jenkins/workspace/ECP/ecg-maya-usd/ecg-mayausd-branch-preflight-2020-osx/ecg-maya-usd/maya-usd/lib/mayaUsd/utils/editRouter.h
[2022-06-29T18:23:26.623Z]     -- promoting: /local/S/jenkins/workspace/ECP/ecg-maya-usd/ecg-mayausd-branch-preflight-2020-osx/ecg-maya-usd/maya-usd/lib/mayaUsd/utils/hash.h
[2022-06-29T18:23:26.623Z]     -- promoting: /local/S/jenkins/workspace/ECP/ecg-maya-usd/ecg-mayausd-branch-preflight-2020-osx/ecg-maya-usd/maya-usd/lib/mayaUsd/utils/loadRules.h
[2022-06-29T18:23:26.623Z]     -- promoting: /local/S/jenkins/workspace/ECP/ecg-maya-usd/ecg-mayausd-branch-preflight-2020-osx/ecg-maya-usd/maya-usd/lib/mayaUsd/utils/query.h
[2022-06-29T18:23:26.623Z]     -- promoting: /local/S/jenkins/workspace/ECP/ecg-maya-usd/ecg-mayausd-branch-preflight-2020-osx/ecg-maya-usd/maya-usd/lib/mayaUsd/utils/plugRegistryHelper.h
[2022-06-29T18:23:26.623Z]     -- promoting: /local/S/jenkins/workspace/ECP/ecg-maya-usd/ecg-mayausd-branch-preflight-2020-osx/ecg-maya-usd/maya-usd/lib/mayaUsd/utils/progressBarScope.h
[2022-06-29T18:23:26.623Z]     -- promoting: /local/S/jenkins/workspace/ECP/ecg-maya-usd/ecg-mayausd-branch-preflight-2020-osx/ecg-maya-usd/maya-usd/lib/mayaUsd/utils/selectability.h
[2022-06-29T18:23:26.623Z]     -- promoting: /local/S/jenkins/workspace/ECP/ecg-maya-usd/ecg-mayausd-branch-preflight-2020-osx/ecg-maya-usd/maya-usd/lib/mayaUsd/utils/stageCache.h
[2022-06-29T18:23:26.623Z]     -- promoting: /local/S/jenkins/workspace/ECP/ecg-maya-usd/ecg-mayausd-branch-preflight-2020-osx/ecg-maya-usd/maya-usd/lib/mayaUsd/utils/traverseLayer.h
[2022-06-29T18:23:26.623Z]     -- promoting: /local/S/jenkins/workspace/ECP/ecg-maya-usd/ecg-mayausd-branch-preflight-2020-osx/ecg-maya-usd/maya-usd/lib/mayaUsd/utils/undoHelperCommand.h
[2022-06-29T18:23:26.623Z]     -- promoting: /local/S/jenkins/workspace/ECP/ecg-maya-usd/ecg-mayausd-branch-preflight-2020-osx/ecg-maya-usd/maya-usd/lib/mayaUsd/utils/util.h
[2022-06-29T18:23:26.623Z]     -- promoting: /local/S/jenkins/workspace/ECP/ecg-maya-usd/ecg-mayausd-branch-preflight-2020-osx/ecg-maya-usd/maya-usd/lib/mayaUsd/utils/utilFileSystem.h
[2022-06-29T18:23:26.623Z]     -- promoting: /local/S/jenkins/workspace/ECP/ecg-maya-usd/ecg-mayausd-branch-preflight-2020-osx/ecg-maya-usd/maya-usd/lib/mayaUsd/utils/utilSerialization.h
[2022-06-29T18:23:26.623Z]     -- promoting: /local/S/jenkins/workspace/ECP/ecg-maya-usd/ecg-mayausd-branch-preflight-2020-osx/ecg-maya-usd/maya-usd/lib/mayaUsd/utils/variants.h
[2022-06-29T18:23:26.623Z]     -- promoting: /local/S/jenkins/workspace/ECP/ecg-maya-usd/ecg-mayausd-branch-preflight-2020-osx/ecg-maya-usd/maya-usd/lib/mayaUsd/render/mayaToHydra/utils.h
[2022-06-29T18:23:26.623Z]     -- promoting: /local/S/jenkins/workspace/ECP/ecg-maya-usd/ecg-mayausd-branch-preflight-2020-osx/ecg-maya-usd/maya-usd/lib/usd/hdMaya/api.h
[2022-06-29T18:23:26.623Z]     -- promoting: /local/S/jenkins/workspace/ECP/ecg-maya-usd/ecg-mayausd-branch-preflight-2020-osx/ecg-maya-usd/maya-usd/lib/usd/hdMaya/utils.h
[2022-06-29T18:23:26.623Z]     -- promoting: /local/S/jenkins/workspace/ECP/ecg-maya-usd/ecg-mayausd-branch-preflight-2020-osx/ecg-maya-usd/maya-usd/lib/usd/hdMaya/debugCodes.h
[2022-06-29T18:23:26.623Z]     -- promoting: /local/S/jenkins/workspace/ECP/ecg-maya-usd/ecg-mayausd-branch-preflight-2020-osx/ecg-maya-usd/maya-usd/lib/usd/hdMaya/adapters/adapter.h
[2022-06-29T18:23:26.623Z]     -- promoting: /local/S/jenkins/workspace/ECP/ecg-maya-usd/ecg-mayausd-branch-preflight-2020-osx/ecg-maya-usd/maya-usd/lib/usd/hdMaya/adapters/adapterDebugCodes.h
[2022-06-29T18:23:26.623Z]     -- promoting: /local/S/jenkins/workspace/ECP/ecg-maya-usd/ecg-mayausd-branch-preflight-2020-osx/ecg-maya-usd/maya-usd/lib/usd/hdMaya/adapters/adapterRegistry.h
[2022-06-29T18:23:26.623Z]     -- promoting: /local/S/jenkins/workspace/ECP/ecg-maya-usd/ecg-mayausd-branch-preflight-2020-osx/ecg-maya-usd/maya-usd/lib/usd/hdMaya/adapters/cameraAdapter.h
[2022-06-29T18:23:26.623Z]     -- promoting: /local/S/jenkins/workspace/ECP/ecg-maya-usd/ecg-mayausd-branch-preflight-2020-osx/ecg-maya-usd/maya-usd/lib/usd/hdMaya/adapters/constantShadowMatrix.h
[2022-06-29T18:23:26.623Z]     -- promoting: /local/S/jenkins/workspace/ECP/ecg-maya-usd/ecg-mayausd-branch-preflight-2020-osx/ecg-maya-usd/maya-usd/lib/usd/hdMaya/adapters/dagAdapter.h
[2022-06-29T18:23:26.623Z]     -- promoting: /local/S/jenkins/workspace/ECP/ecg-maya-usd/ecg-mayausd-branch-preflight-2020-osx/ecg-maya-usd/maya-usd/lib/usd/hdMaya/adapters/lightAdapter.h
[2022-06-29T18:23:26.623Z]     -- promoting: /local/S/jenkins/workspace/ECP/ecg-maya-usd/ecg-mayausd-branch-preflight-2020-osx/ecg-maya-usd/maya-usd/lib/usd/hdMaya/adapters/proxyAdapter.h
[2022-06-29T18:23:26.623Z]     -- promoting: /local/S/jenkins/workspace/ECP/ecg-maya-usd/ecg-mayausd-branch-preflight-2020-osx/ecg-maya-usd/maya-usd/lib/usd/hdMaya/adapters/materialAdapter.h
[2022-06-29T18:23:26.623Z]     -- promoting: /local/S/jenkins/workspace/ECP/ecg-maya-usd/ecg-mayausd-branch-preflight-2020-osx/ecg-maya-usd/maya-usd/lib/usd/hdMaya/adapters/materialNetworkConverter.h
[2022-06-29T18:23:26.623Z]     -- promoting: /local/S/jenkins/workspace/ECP/ecg-maya-usd/ecg-mayausd-branch-preflight-2020-osx/ecg-maya-usd/maya-usd/lib/usd/hdMaya/adapters/mayaAttrs.h
[2022-06-29T18:23:26.623Z]     -- promoting: /local/S/jenkins/workspace/ECP/ecg-maya-usd/ecg-mayausd-branch-preflight-2020-osx/ecg-maya-usd/maya-usd/lib/usd/hdMaya/adapters/shapeAdapter.h
[2022-06-29T18:23:26.623Z]     -- promoting: /local/S/jenkins/workspace/ECP/ecg-maya-usd/ecg-mayausd-branch-preflight-2020-osx/ecg-maya-usd/maya-usd/lib/usd/hdMaya/adapters/tokens.h
[2022-06-29T18:23:26.623Z]     -- promoting: /local/S/jenkins/workspace/ECP/ecg-maya-usd/ecg-mayausd-branch-preflight-2020-osx/ecg-maya-usd/maya-usd/lib/usd/hdMaya/delegates/delegate.h
[2022-06-29T18:23:26.623Z]     -- promoting: /local/S/jenkins/workspace/ECP/ecg-maya-usd/ecg-mayausd-branch-preflight-2020-osx/ecg-maya-usd/maya-usd/lib/usd/hdMaya/delegates/delegateCtx.h
[2022-06-29T18:23:26.623Z]     -- promoting: /local/S/jenkins/workspace/ECP/ecg-maya-usd/ecg-mayausd-branch-preflight-2020-osx/ecg-maya-usd/maya-usd/lib/usd/hdMaya/delegates/delegateDebugCodes.h
[2022-06-29T18:23:26.623Z]     -- promoting: /local/S/jenkins/workspace/ECP/ecg-maya-usd/ecg-mayausd-branch-preflight-2020-osx/ecg-maya-usd/maya-usd/lib/usd/hdMaya/delegates/delegateRegistry.h
[2022-06-29T18:23:26.623Z]     -- promoting: /local/S/jenkins/workspace/ECP/ecg-maya-usd/ecg-mayausd-branch-preflight-2020-osx/ecg-maya-usd/maya-usd/lib/usd/hdMaya/delegates/params.h
[2022-06-29T18:23:26.623Z]     -- promoting: /local/S/jenkins/workspace/ECP/ecg-maya-usd/ecg-mayausd-branch-preflight-2020-osx/ecg-maya-usd/maya-usd/lib/usd/hdMaya/delegates/proxyDelegate.h
[2022-06-29T18:23:26.623Z]     -- promoting: /local/S/jenkins/workspace/ECP/ecg-maya-usd/ecg-mayausd-branch-preflight-2020-osx/ecg-maya-usd/maya-usd/lib/usd/hdMaya/delegates/proxyUsdImagingDelegate.h
[2022-06-29T18:23:26.623Z]     -- promoting: /local/S/jenkins/workspace/ECP/ecg-maya-usd/ecg-mayausd-branch-preflight-2020-osx/ecg-maya-usd/maya-usd/lib/usd/hdMaya/delegates/sceneDelegate.h
[2022-06-29T18:23:26.623Z]     -- promoting: /local/S/jenkins/workspace/ECP/ecg-maya-usd/ecg-mayausd-branch-preflight-2020-osx/ecg-maya-usd/maya-usd/lib/usd/hdMaya/delegates/testDelegate.h
[2022-06-29T18:23:26.623Z]     -- promoting: /local/S/jenkins/workspace/ECP/ecg-maya-usd/ecg-mayausd-branch-preflight-2020-osx/ecg-maya-usd/maya-usd/lib/usd/pxrUsdPreviewSurface/usdPreviewSurface.h
[2022-06-29T18:23:26.623Z]     -- promoting: /local/S/jenkins/workspace/ECP/ecg-maya-usd/ecg-mayausd-branch-preflight-2020-osx/ecg-maya-usd/maya-usd/lib/usd/pxrUsdPreviewSurface/usdPreviewSurfacePlugin.h
[2022-06-29T18:23:26.623Z]     -- promoting: /local/S/jenkins/workspace/ECP/ecg-maya-usd/ecg-mayausd-branch-preflight-2020-osx/ecg-maya-usd/maya-usd/lib/usd/schemas/api.h
[2022-06-29T18:23:26.623Z]     -- promoting: /local/S/jenkins/workspace/ECP/ecg-maya-usd/ecg-mayausd-branch-preflight-2020-osx/ecg-maya-usd/maya-usd/lib/usd/schemas/ALMayaReference.h
[2022-06-29T18:23:26.623Z]     -- promoting: /local/S/jenkins/workspace/ECP/ecg-maya-usd/ecg-mayausd-branch-preflight-2020-osx/ecg-maya-usd/maya-usd/lib/usd/schemas/MayaReference.h
[2022-06-29T18:23:26.623Z]     -- promoting: /local/S/jenkins/workspace/ECP/ecg-maya-usd/ecg-mayausd-branch-preflight-2020-osx/ecg-maya-usd/maya-usd/lib/usd/schemas/tokens.h
[2022-06-29T18:23:27.306Z]     #################################################################################################
[2022-06-29T18:23:27.306Z]     #  USD_DISABLE_PRIM_DEFINITIONS_FOR_USDGENSCHEMA is overridden to 'true'.  Default is 'false'.  #
[2022-06-29T18:23:27.306Z]     #################################################################################################
[2022-06-29T18:23:27.306Z]     Processing schema classes:
[2022-06-29T18:23:27.306Z]     MayaReference, ALMayaReference
[2022-06-29T18:23:27.306Z]     Loading Templates from /local/S/jenkins/workspace/shared/Artifactory/OSX/USD/73ca68d/lib/usd/usd/resources/codegenTemplates
[2022-06-29T18:23:27.306Z]     Writing API:
[2022-06-29T18:23:27.306Z]     	    wrote /local/S/jenkins/workspace/ECP/ecg-maya-usd/ecg-mayausd-branch-preflight-2020-osx/build/RelWithDebInfo/lib/usd/schemas/api.h
[2022-06-29T18:23:27.306Z]     Writing Schema Tokens:
[2022-06-29T18:23:27.306Z]     	    wrote /local/S/jenkins/workspace/ECP/ecg-maya-usd/ecg-mayausd-branch-preflight-2020-osx/build/RelWithDebInfo/lib/usd/schemas/tokens.h
[2022-06-29T18:23:27.306Z]     	    wrote /local/S/jenkins/workspace/ECP/ecg-maya-usd/ecg-mayausd-branch-preflight-2020-osx/build/RelWithDebInfo/lib/usd/schemas/tokens.cpp
[2022-06-29T18:23:27.306Z]     	    wrote /local/S/jenkins/workspace/ECP/ecg-maya-usd/ecg-mayausd-branch-preflight-2020-osx/build/RelWithDebInfo/lib/usd/schemas/wrapTokens.cpp
[2022-06-29T18:23:27.306Z]     Generating Classes:
[2022-06-29T18:23:27.306Z]     	    wrote /local/S/jenkins/workspace/ECP/ecg-maya-usd/ecg-mayausd-branch-preflight-2020-osx/build/RelWithDebInfo/lib/usd/schemas/MayaReference.h
[2022-06-29T18:23:27.306Z]     	    wrote /local/S/jenkins/workspace/ECP/ecg-maya-usd/ecg-mayausd-branch-preflight-2020-osx/build/RelWithDebInfo/lib/usd/schemas/MayaReference.cpp
[2022-06-29T18:23:27.306Z]     	    wrote /local/S/jenkins/workspace/ECP/ecg-maya-usd/ecg-mayausd-branch-preflight-2020-osx/build/RelWithDebInfo/lib/usd/schemas/wrapMayaReference.cpp
[2022-06-29T18:23:27.306Z]     	    wrote /local/S/jenkins/workspace/ECP/ecg-maya-usd/ecg-mayausd-branch-preflight-2020-osx/build/RelWithDebInfo/lib/usd/schemas/ALMayaReference.h
[2022-06-29T18:23:27.306Z]     	    wrote /local/S/jenkins/workspace/ECP/ecg-maya-usd/ecg-mayausd-branch-preflight-2020-osx/build/RelWithDebInfo/lib/usd/schemas/ALMayaReference.cpp
[2022-06-29T18:23:27.306Z]     	    wrote /local/S/jenkins/workspace/ECP/ecg-maya-usd/ecg-mayausd-branch-preflight-2020-osx/build/RelWithDebInfo/lib/usd/schemas/wrapALMayaReference.cpp
[2022-06-29T18:23:27.306Z]     Loading Templates from /local/S/jenkins/workspace/shared/Artifactory/OSX/USD/73ca68d/lib/usd/usd/resources/codegenTemplates
[2022-06-29T18:23:27.306Z]     	    wrote /local/S/jenkins/workspace/ECP/ecg-maya-usd/ecg-mayausd-branch-preflight-2020-osx/build/RelWithDebInfo/lib/usd/schemas/plugInfo.json
[2022-06-29T18:23:27.306Z]     Generating Schematics:
[2022-06-29T18:23:27.306Z]     	    wrote /local/S/jenkins/workspace/ECP/ecg-maya-usd/ecg-mayausd-branch-preflight-2020-osx/build/RelWithDebInfo/lib/usd/schemas/generatedSchema.usda
[2022-06-29T18:23:27.306Z]     -- promoting: /local/S/jenkins/workspace/ECP/ecg-maya-usd/ecg-mayausd-branch-preflight-2020-osx/ecg-maya-usd/maya-usd/lib/usd/utils/ALHalf.h
[2022-06-29T18:23:27.306Z]     -- promoting: /local/S/jenkins/workspace/ECP/ecg-maya-usd/ecg-mayausd-branch-preflight-2020-osx/ecg-maya-usd/maya-usd/lib/usd/utils/Api.h
[2022-06-29T18:23:27.306Z]     -- promoting: /local/S/jenkins/workspace/ECP/ecg-maya-usd/ecg-mayausd-branch-preflight-2020-osx/ecg-maya-usd/maya-usd/lib/usd/utils/DebugCodes.h
[2022-06-29T18:23:27.306Z]     -- promoting: /local/S/jenkins/workspace/ECP/ecg-maya-usd/ecg-mayausd-branch-preflight-2020-osx/ecg-maya-usd/maya-usd/lib/usd/utils/DiffCore.h
[2022-06-29T18:23:27.306Z]     -- promoting: /local/S/jenkins/workspace/ECP/ecg-maya-usd/ecg-mayausd-branch-preflight-2020-osx/ecg-maya-usd/maya-usd/lib/usd/utils/DiffPrims.h
[2022-06-29T18:23:27.306Z]     -- promoting: /local/S/jenkins/workspace/ECP/ecg-maya-usd/ecg-mayausd-branch-preflight-2020-osx/ecg-maya-usd/maya-usd/lib/usd/utils/MergePrims.h
[2022-06-29T18:23:27.306Z]     -- promoting: /local/S/jenkins/workspace/ECP/ecg-maya-usd/ecg-mayausd-branch-preflight-2020-osx/ecg-maya-usd/maya-usd/lib/usd/utils/MergePrimsOptions.h
[2022-06-29T18:23:27.306Z]     -- promoting: /local/S/jenkins/workspace/ECP/ecg-maya-usd/ecg-mayausd-branch-preflight-2020-osx/ecg-maya-usd/maya-usd/lib/usd/utils/ForwardDeclares.h
[2022-06-29T18:23:27.306Z]     -- promoting: /local/S/jenkins/workspace/ECP/ecg-maya-usd/ecg-mayausd-branch-preflight-2020-osx/ecg-maya-usd/maya-usd/lib/usd/utils/SIMD.h
[2022-06-29T18:23:27.306Z]     -- promoting: /local/S/jenkins/workspace/ECP/ecg-maya-usd/ecg-mayausd-branch-preflight-2020-osx/ecg-maya-usd/maya-usd/lib/usd/utils/util.h
[2022-06-29T18:23:27.306Z]     -- promoting: /local/S/jenkins/workspace/ECP/ecg-maya-usd/ecg-mayausd-branch-preflight-2020-osx/ecg-maya-usd/maya-usd/lib/usd/ui/layerEditor/batchSaveLayersUIDelegate.h
[2022-06-29T18:23:27.306Z]     -- promoting: /local/S/jenkins/workspace/ECP/ecg-maya-usd/ecg-mayausd-branch-preflight-2020-osx/ecg-maya-usd/maya-usd/lib/usd/ui/importDialog/IMayaMQtUtil.h
[2022-06-29T18:23:27.306Z]     -- promoting: /local/S/jenkins/workspace/ECP/ecg-maya-usd/ecg-mayausd-branch-preflight-2020-osx/ecg-maya-usd/maya-usd/lib/usd/ui/importDialog/ItemDelegate.h
[2022-06-29T18:23:27.306Z]     -- promoting: /local/S/jenkins/workspace/ECP/ecg-maya-usd/ecg-mayausd-branch-preflight-2020-osx/ecg-maya-usd/maya-usd/lib/usd/ui/importDialog/IUSDImportView.h
[2022-06-29T18:23:27.306Z]     -- promoting: /local/S/jenkins/workspace/ECP/ecg-maya-usd/ecg-mayausd-branch-preflight-2020-osx/ecg-maya-usd/maya-usd/lib/usd/ui/importDialog/TreeItem.h
[2022-06-29T18:23:27.306Z]     -- promoting: /local/S/jenkins/workspace/ECP/ecg-maya-usd/ecg-mayausd-branch-preflight-2020-osx/ecg-maya-usd/maya-usd/lib/usd/ui/importDialog/TreeModel.h
[2022-06-29T18:23:27.306Z]     -- promoting: /local/S/jenkins/workspace/ECP/ecg-maya-usd/ecg-mayausd-branch-preflight-2020-osx/ecg-maya-usd/maya-usd/lib/usd/ui/importDialog/TreeModelFactory.h
[2022-06-29T18:23:27.306Z]     -- promoting: /local/S/jenkins/workspace/ECP/ecg-maya-usd/ecg-mayausd-branch-preflight-2020-osx/ecg-maya-usd/maya-usd/lib/usd/ui/importDialog/USDImportDialog.h
[2022-06-29T18:23:27.306Z]     -- promoting: /local/S/jenkins/workspace/ECP/ecg-maya-usd/ecg-mayausd-branch-preflight-2020-osx/ecg-maya-usd/maya-usd/lib/usd/ui/importDialog/USDImportDialogCmd.h
[2022-06-29T18:23:27.306Z]     -- promoting: /local/S/jenkins/workspace/ECP/ecg-maya-usd/ecg-mayausd-branch-preflight-2020-osx/ecg-maya-usd/maya-usd/lib/usd/ui/importDialog/USDQtUtil.h
[2022-06-29T18:23:27.306Z]     -- promoting: /local/S/jenkins/workspace/ECP/ecg-maya-usd/ecg-mayausd-branch-preflight-2020-osx/ecg-maya-usd/maya-usd/lib/usd/ui/api.h
[2022-06-29T18:23:27.306Z]     -- promoting: /local/S/jenkins/workspace/ECP/ecg-maya-usd/ecg-mayausd-branch-preflight-2020-osx/ecg-maya-usd/maya-usd/lib/usd/ui/initStringResources.h
[2022-06-29T18:23:27.306Z]     ========== Pixar USD Plugin ==========
[2022-06-29T18:23:27.306Z]     Compiling /local/S/jenkins/workspace/ECP/ecg-maya-usd/ecg-mayausd-branch-preflight-2020-osx/build/RelWithDebInfo/plugin/pxr/__init__.py ...
[2022-06-29T18:23:27.306Z]     ========== AL USD Plugin ==========
[2022-06-29T18:23:27.306Z]     CMake Deprecation Warning at plugin/al/CMakeLists.txt:7 (cmake_policy):
[2022-06-29T18:23:27.306Z]       The OLD behavior for policy CMP0026 will be removed from a future version
[2022-06-29T18:23:27.306Z]       of CMake.
[2022-06-29T18:23:27.306Z]     
[2022-06-29T18:23:27.306Z]       The cmake-policies(7) manual explains that the OLD behaviors of all
[2022-06-29T18:23:27.306Z]       policies are deprecated and that a policy should be set to OLD only under
[2022-06-29T18:23:27.306Z]       specific short-term circumstances.  Projects should be ported to the NEW
[2022-06-29T18:23:27.306Z]       behavior and not rely on setting a policy to OLD.
[2022-06-29T18:23:27.306Z]     
[2022-06-29T18:23:27.306Z]     
[2022-06-29T18:23:27.306Z]     -- Found Boost 1.70.0 at /local/S/jenkins/workspace/shared/Artifactory/OSX/USD/73ca68d/lib/cmake/Boost-1.70.0
[2022-06-29T18:23:27.306Z]     --   Requested configuration: QUIET REQUIRED
[2022-06-29T18:23:27.306Z]     -- Found boost_headers 1.70.0 at /local/S/jenkins/workspace/shared/Artifactory/OSX/USD/73ca68d/lib/cmake/boost_headers-1.70.0
[2022-06-29T18:23:27.306Z]     -- Found Boost: /local/S/jenkins/workspace/shared/Artifactory/OSX/USD/73ca68d/lib/cmake/Boost-1.70.0/BoostConfig.cmake (found version "1.70.0")
[2022-06-29T18:23:27.306Z]     -- Found Boost 1.70.0 at /local/S/jenkins/workspace/shared/Artifactory/OSX/USD/73ca68d/lib/cmake/Boost-1.70.0
[2022-06-29T18:23:27.306Z]     --   Requested configuration: QUIET REQUIRED COMPONENTS python
[2022-06-29T18:23:27.306Z]     -- Found boost_python 1.70.0 at /local/S/jenkins/workspace/shared/Artifactory/OSX/USD/73ca68d/lib/cmake/boost_python-1.70.0
[2022-06-29T18:23:27.306Z]     --   libboost_python27.dylib
[2022-06-29T18:23:27.306Z]     -- Adding boost_python dependencies: headers
[2022-06-29T18:23:27.306Z]     -- Found Boost: /local/S/jenkins/workspace/shared/Artifactory/OSX/USD/73ca68d/lib/cmake/Boost-1.70.0/BoostConfig.cmake (found version "1.70.0") found components: python
[2022-06-29T18:23:27.307Z]     -- Found GTest: /local/S/jenkins/workspace/ECP/ecg-maya-usd/ecg-mayausd-branch-preflight-2020-osx/build/RelWithDebInfo/googletest-install/lib/libgtest.dylib
[2022-06-29T18:23:27.955Z]     -- Building AL_USDMayaSchemas
[2022-06-29T18:23:27.955Z]     #################################################################################################
[2022-06-29T18:23:27.955Z]     #  USD_DISABLE_PRIM_DEFINITIONS_FOR_USDGENSCHEMA is overridden to 'true'.  Default is 'false'.  #
[2022-06-29T18:23:27.955Z]     #################################################################################################
[2022-06-29T18:23:27.955Z]     Processing schema classes:
[2022-06-29T18:23:27.955Z]     ALModelAPI, ALFrameRange
[2022-06-29T18:23:27.955Z]     Loading Templates from /local/S/jenkins/workspace/shared/Artifactory/OSX/USD/73ca68d/lib/usd/usd/resources/codegenTemplates
[2022-06-29T18:23:27.955Z]     Writing API:
[2022-06-29T18:23:27.955Z]     	    wrote /local/S/jenkins/workspace/ECP/ecg-maya-usd/ecg-mayausd-branch-preflight-2020-osx/build/RelWithDebInfo/plugin/al/schemas/AL/usd/schemas/maya/api.h
[2022-06-29T18:23:27.955Z]     Writing Schema Tokens:
[2022-06-29T18:23:27.955Z]     	    wrote /local/S/jenkins/workspace/ECP/ecg-maya-usd/ecg-mayausd-branch-preflight-2020-osx/build/RelWithDebInfo/plugin/al/schemas/AL/usd/schemas/maya/tokens.h
[2022-06-29T18:23:27.955Z]     	    wrote /local/S/jenkins/workspace/ECP/ecg-maya-usd/ecg-mayausd-branch-preflight-2020-osx/build/RelWithDebInfo/plugin/al/schemas/AL/usd/schemas/maya/tokens.cpp
[2022-06-29T18:23:27.955Z]     	    wrote /local/S/jenkins/workspace/ECP/ecg-maya-usd/ecg-mayausd-branch-preflight-2020-osx/build/RelWithDebInfo/plugin/al/schemas/AL/usd/schemas/maya/wrapTokens.cpp
[2022-06-29T18:23:27.955Z]     Generating Classes:
[2022-06-29T18:23:27.955Z]     	    wrote /local/S/jenkins/workspace/ECP/ecg-maya-usd/ecg-mayausd-branch-preflight-2020-osx/build/RelWithDebInfo/plugin/al/schemas/AL/usd/schemas/maya/ModelAPI.h
[2022-06-29T18:23:27.955Z]     	    wrote /local/S/jenkins/workspace/ECP/ecg-maya-usd/ecg-mayausd-branch-preflight-2020-osx/build/RelWithDebInfo/plugin/al/schemas/AL/usd/schemas/maya/ModelAPI.cpp
[2022-06-29T18:23:27.955Z]     	    wrote /local/S/jenkins/workspace/ECP/ecg-maya-usd/ecg-mayausd-branch-preflight-2020-osx/build/RelWithDebInfo/plugin/al/schemas/AL/usd/schemas/maya/wrapModelAPI.cpp
[2022-06-29T18:23:27.955Z]     	    wrote /local/S/jenkins/workspace/ECP/ecg-maya-usd/ecg-mayausd-branch-preflight-2020-osx/build/RelWithDebInfo/plugin/al/schemas/AL/usd/schemas/maya/FrameRange.h
[2022-06-29T18:23:27.955Z]     	    wrote /local/S/jenkins/workspace/ECP/ecg-maya-usd/ecg-mayausd-branch-preflight-2020-osx/build/RelWithDebInfo/plugin/al/schemas/AL/usd/schemas/maya/FrameRange.cpp
[2022-06-29T18:23:27.955Z]     	    wrote /local/S/jenkins/workspace/ECP/ecg-maya-usd/ecg-mayausd-branch-preflight-2020-osx/build/RelWithDebInfo/plugin/al/schemas/AL/usd/schemas/maya/wrapFrameRange.cpp
[2022-06-29T18:23:27.955Z]     Loading Templates from /local/S/jenkins/workspace/shared/Artifactory/OSX/USD/73ca68d/lib/usd/usd/resources/codegenTemplates
[2022-06-29T18:23:27.955Z]     	    wrote /local/S/jenkins/workspace/ECP/ecg-maya-usd/ecg-mayausd-branch-preflight-2020-osx/build/RelWithDebInfo/plugin/al/schemas/AL/usd/schemas/maya/plugInfo.json
[2022-06-29T18:23:27.955Z]     Generating Schematics:
[2022-06-29T18:23:27.955Z]     	    wrote /local/S/jenkins/workspace/ECP/ecg-maya-usd/ecg-mayausd-branch-preflight-2020-osx/build/RelWithDebInfo/plugin/al/schemas/AL/usd/schemas/maya/generatedSchema.usda
[2022-06-29T18:23:28.616Z]     #################################################################################################
[2022-06-29T18:23:28.616Z]     #  USD_DISABLE_PRIM_DEFINITIONS_FOR_USDGENSCHEMA is overridden to 'true'.  Default is 'false'.  #
[2022-06-29T18:23:28.616Z]     #################################################################################################
[2022-06-29T18:23:28.616Z]     Processing schema classes:
[2022-06-29T18:23:28.616Z]     ALExamplePolyCubeNode
[2022-06-29T18:23:28.616Z]     Loading Templates from /local/S/jenkins/workspace/shared/Artifactory/OSX/USD/73ca68d/lib/usd/usd/resources/codegenTemplates
[2022-06-29T18:23:28.616Z]     Writing API:
[2022-06-29T18:23:28.616Z]     	    wrote /local/S/jenkins/workspace/ECP/ecg-maya-usd/ecg-mayausd-branch-preflight-2020-osx/build/RelWithDebInfo/plugin/al/schemas/AL/usd/schemas/mayatest/api.h
[2022-06-29T18:23:28.616Z]     Writing Schema Tokens:
[2022-06-29T18:23:28.616Z]     	    wrote /local/S/jenkins/workspace/ECP/ecg-maya-usd/ecg-mayausd-branch-preflight-2020-osx/build/RelWithDebInfo/plugin/al/schemas/AL/usd/schemas/mayatest/tokens.h
[2022-06-29T18:23:28.616Z]     	    wrote /local/S/jenkins/workspace/ECP/ecg-maya-usd/ecg-mayausd-branch-preflight-2020-osx/build/RelWithDebInfo/plugin/al/schemas/AL/usd/schemas/mayatest/tokens.cpp
[2022-06-29T18:23:28.616Z]     	    wrote /local/S/jenkins/workspace/ECP/ecg-maya-usd/ecg-mayausd-branch-preflight-2020-osx/build/RelWithDebInfo/plugin/al/schemas/AL/usd/schemas/mayatest/wrapTokens.cpp
[2022-06-29T18:23:28.616Z]     Generating Classes:
[2022-06-29T18:23:28.616Z]     	    wrote /local/S/jenkins/workspace/ECP/ecg-maya-usd/ecg-mayausd-branch-preflight-2020-osx/build/RelWithDebInfo/plugin/al/schemas/AL/usd/schemas/mayatest/ExamplePolyCubeNode.h
[2022-06-29T18:23:28.616Z]     	    wrote /local/S/jenkins/workspace/ECP/ecg-maya-usd/ecg-mayausd-branch-preflight-2020-osx/build/RelWithDebInfo/plugin/al/schemas/AL/usd/schemas/mayatest/ExamplePolyCubeNode.cpp
[2022-06-29T18:23:28.616Z]     	    wrote /local/S/jenkins/workspace/ECP/ecg-maya-usd/ecg-mayausd-branch-preflight-2020-osx/build/RelWithDebInfo/plugin/al/schemas/AL/usd/schemas/mayatest/wrapExamplePolyCubeNode.cpp
[2022-06-29T18:23:28.616Z]     Loading Templates from /local/S/jenkins/workspace/shared/Artifactory/OSX/USD/73ca68d/lib/usd/usd/resources/codegenTemplates
[2022-06-29T18:23:28.616Z]     	    wrote /local/S/jenkins/workspace/ECP/ecg-maya-usd/ecg-mayausd-branch-preflight-2020-osx/build/RelWithDebInfo/plugin/al/schemas/AL/usd/schemas/mayatest/plugInfo.json
[2022-06-29T18:23:28.616Z]     Generating Schematics:
[2022-06-29T18:23:28.616Z]     	    wrote /local/S/jenkins/workspace/ECP/ecg-maya-usd/ecg-mayausd-branch-preflight-2020-osx/build/RelWithDebInfo/plugin/al/schemas/AL/usd/schemas/mayatest/generatedSchema.usda
[2022-06-29T18:23:28.616Z]     -- Building AL_USDMayaTranslators
[2022-06-29T18:23:28.616Z]     ========== ADSK USD Plugin ==========
[2022-06-29T18:23:28.616Z]     -- Configuring done
[2022-06-29T18:23:30.246Z]     -- Generating done
[2022-06-29T18:23:30.246Z]     -- Build files have been written to: /local/S/jenkins/workspace/ECP/ecg-maya-usd/ecg-mayausd-branch-preflight-2020-osx/build/RelWithDebInfo
[2022-06-29T18:23:30.536Z]     
[2022-06-29T18:23:30.536Z]         Building with settings:
[2022-06-29T18:23:30.536Z]           Source directory          /local/S/jenkins/workspace/ECP/ecg-maya-usd/ecg-mayausd-branch-preflight-2020-osx/ecg-maya-usd/maya-usd
[2022-06-29T18:23:30.536Z]           Workspace directory       /local/S/jenkins/workspace/ECP/ecg-maya-usd/ecg-mayausd-branch-preflight-2020-osx
[2022-06-29T18:23:30.536Z]           Build directory           /local/S/jenkins/workspace/ECP/ecg-maya-usd/ecg-mayausd-branch-preflight-2020-osx/build/RelWithDebInfo
[2022-06-29T18:23:30.536Z]           Install directory         /local/S/jenkins/workspace/ECP/ecg-maya-usd/ecg-mayausd-branch-preflight-2020-osx/install/RelWithDebInfo/MayaUSD
[2022-06-29T18:23:30.536Z]           Variant                   RelWithDebInfo
[2022-06-29T18:23:30.536Z]           Python Debug              Off
[2022-06-29T18:23:30.536Z]           CMake generator           Ninja
[2022-06-29T18:23:30.536Z]           Build arguments           ['-DCMAKE_MAKE_PROGRAM=/local/S/jenkins/workspace/shared/Artifactory/OSX/ninja/1.9.0/41005eb/ninja', '-DPYTHON_INCLUDE_DIR=/local/S/jenkins/workspace/shared/Artifactory/OSX/rundev-2020/202107140359/runtime/446214e/runTime/Maya.app/Contents/Frameworks/Python.framework/Versions/Current/include/python2.7', '-DPython_EXECUTABLE=/local/S/jenkins/workspace/shared/Artifactory/OSX/rundev-2020/202107140359/runtime/446214e/runTime/Maya.app/Contents/bin/mayapy', '-DPYTHON_LIBRARIES=/local/S/jenkins/workspace/shared/Artifactory/OSX/rundev-2020/202107140359/runtime/446214e/runTime/Maya.app/Contents/Frameworks/Python.framework/Versions/Current/lib/libpython2.7.dylib', '-DUSD_LIB_PREFIX=lib', '-DCMAKE_WANT_MATERIALX_BUILD=ON', '-DCMAKE_PREFIX_PATH=/local/S/jenkins/workspace/shared/Artifactory/OSX/USD/73ca68d']
[2022-06-29T18:23:30.536Z]           Stages arguments          ['configure']
[2022-06-29T18:23:30.536Z]           CTest arguments           ['-E testUsdReferenceAssemblySelection|testUsdMayaAppDir', '-LE interactive', '--parallel 4']
[2022-06-29T18:23:30.536Z]     Success MayaUSD build and install !!!!
[2022-06-29T18:23:30.536Z]     Elapsed time: 00:00:15
[Pipeline] }
[Pipeline] // withEnv
[Pipeline] }
[Pipeline] // timeout
[Pipeline] }
[Pipeline] // stage
[Pipeline] }
[Pipeline] // timestamps
[Pipeline] timestamps
[Pipeline] {
[Pipeline] stage
[Pipeline] { (Build)
[Pipeline] timeout
[2022-06-29T18:23:31.721Z] Timeout set to expire in 6 hr 0 min
[Pipeline] {
[Pipeline] withEnv
[Pipeline] {
[Pipeline] sh
[2022-06-29T18:23:34.329Z] + python ecg-maya-usd/build.py --stages=build --workspace-dir=/local/S/jenkins/workspace/ECP/ecg-maya-usd/ecg-mayausd-branch-preflight-2020-osx --artifactory-dir=/local/S/jenkins/workspace/shared/Artifactory --build-dir=/local/S/jenkins/workspace/ECP/ecg-maya-usd/ecg-mayausd-branch-preflight-2020-osx/build --install-dir=/local/S/jenkins/workspace/ECP/ecg-maya-usd/ecg-mayausd-branch-preflight-2020-osx/install --signing-dir=/local/S/jenkins/workspace/ECP/ecg-maya-usd/ecg-mayausd-branch-preflight-2020-osx/signing --package-dir=/local/S/jenkins/workspace/ECP/ecg-maya-usd/ecg-mayausd-branch-preflight-2020-osx/package --output-dir=/local/S/jenkins/workspace/ECP/ecg-maya-usd/ecg-mayausd-branch-preflight-2020-osx/output --stash-dir=/local/S/jenkins/workspace/ECP/ecg-maya-usd/ecg-mayausd-branch-preflight-2020-osx/stash --jenkins-build=69 --git-commit=b448e9cd20a72bc8ea53085e455fc85dfb98ab76 --git-branch=master --variants=RelWithDebInfo --python=2.7 --post-zips=false --build-retry=3 --maya-cut-config=maya-rundev-2020.yaml --maya-package=rundev-2020 --stage-banner
[2022-06-29T18:23:34.330Z] Using Maya cut from /local/S/jenkins/workspace/shared/Artifactory/OSX/rundev-2020/202107140359/runtime/446214e
[2022-06-29T18:23:34.330Z] Using Maya ADSK Signatures from /local/S/jenkins/workspace/shared/Artifactory/OSX/adsk-plugin-signatures-maya/2023/c1dbfce
[2022-06-29T18:23:34.330Z] Using Maya Security Library from /local/S/jenkins/workspace/shared/Artifactory/OSX/maya-security-library/3.1.0/5f2130f
[2022-06-29T18:23:34.330Z] 
[2022-06-29T18:23:34.330Z] ================================================================================
[2022-06-29T18:23:34.330Z]                              build (RelWithDebInfo)
[2022-06-29T18:23:34.330Z] ================================================================================
[2022-06-29T18:23:34.330Z] Maya Python RelWithDebInfo Info:
[2022-06-29T18:23:34.330Z]   mayapy executable   = /local/S/jenkins/workspace/shared/Artifactory/OSX/rundev-2020/202107140359/runtime/446214e/runTime/Maya.app/Contents/bin/mayapy
[2022-06-29T18:23:34.330Z]   Include Folder      = /local/S/jenkins/workspace/shared/Artifactory/OSX/rundev-2020/202107140359/runtime/446214e/runTime/Maya.app/Contents/Frameworks/Python.framework/Versions/Current/include/python2.7
[2022-06-29T18:23:34.330Z]   Library             = /local/S/jenkins/workspace/shared/Artifactory/OSX/rundev-2020/202107140359/runtime/446214e/runTime/Maya.app/Contents/Frameworks/Python.framework/Versions/Current/lib/libpython2.7.dylib
[2022-06-29T18:23:34.330Z]   site-package Folder = /local/S/jenkins/workspace/shared/Artifactory/OSX/rundev-2020/202107140359/runtime/446214e/runTime/Maya.app/Contents/Frameworks/Python.framework/Versions/Current/lib/python2.7/site-packages
[2022-06-29T18:23:35.044Z] In workdir: /local/S/jenkins/workspace/ECP/ecg-maya-usd/ecg-mayausd-branch-preflight-2020-osx/ecg-maya-usd/maya-usd
[2022-06-29T18:23:35.045Z] Executing: /local/S/jenkins/workspace/shared/Artifactory/OSX/rundev-2020/202107140359/runtime/446214e/runTime/Maya.app/Contents/bin/mayapy /local/S/jenkins/workspace/ECP/ecg-maya-usd/ecg-mayausd-branch-preflight-2020-osx/ecg-maya-usd/maya-usd/build.py --generator Ninja --build-relwithdebug --maya-location /local/S/jenkins/workspace/shared/Artifactory/OSX/rundev-2020/202107140359/runtime/446214e/runTime --devkit-location /local/S/jenkins/workspace/shared/Artifactory/OSX/rundev-2020/202107140359/runtime/446214e/devkitBase --pxrusd-location /local/S/jenkins/workspace/shared/Artifactory/OSX/USD/73ca68d --qt-location /local/S/jenkins/workspace/shared/Artifactory/OSX/qt/5.12.5/3ca78fe --build-args=-DCMAKE_MAKE_PROGRAM=/local/S/jenkins/workspace/shared/Artifactory/OSX/ninja/1.9.0/41005eb/ninja,-DPYTHON_INCLUDE_DIR=/local/S/jenkins/workspace/shared/Artifactory/OSX/rundev-2020/202107140359/runtime/446214e/runTime/Maya.app/Contents/Frameworks/Python.framework/Versions/Current/include/python2.7,-DPython_EXECUTABLE=/local/S/jenkins/workspace/shared/Artifactory/OSX/rundev-2020/202107140359/runtime/446214e/runTime/Maya.app/Contents/bin/mayapy,-DPYTHON_LIBRARIES=/local/S/jenkins/workspace/shared/Artifactory/OSX/rundev-2020/202107140359/runtime/446214e/runTime/Maya.app/Contents/Frameworks/Python.framework/Versions/Current/lib/libpython2.7.dylib,-DUSD_LIB_PREFIX=lib,-DCMAKE_WANT_MATERIALX_BUILD=ON,-DCMAKE_PREFIX_PATH=/local/S/jenkins/workspace/shared/Artifactory/OSX/USD/73ca68d '--ctest-args=-E testUsdReferenceAssemblySelection|testUsdMayaAppDir,-LE interactive,--parallel 4' --stages=build --redirect-outstream-file=False --install-location /local/S/jenkins/workspace/ECP/ecg-maya-usd/ecg-mayausd-branch-preflight-2020-osx/install/RelWithDebInfo/MayaUSD /local/S/jenkins/workspace/ECP/ecg-maya-usd/ecg-mayausd-branch-preflight-2020-osx
[2022-06-29T18:23:35.045Z] Modified environment variables:
[2022-06-29T18:23:35.045Z]     PATH=/local/S/jenkins/workspace/shared/Artifactory/OSX/cmake/3.20.3/2594509/bin:/usr/local/bin:/bin:/usr/sbin:/sbin:/usr/bin
[2022-06-29T18:23:35.837Z]     [1/656] Building CXX object test/lib/usd/plugin/CMakeFiles/usdTestApiWriter.dir/plugin.cpp.o
[2022-06-29T18:23:35.837Z]     [2/656] Building CXX object test/lib/usd/plugin/CMakeFiles/usdTestInfoImportChaser.dir/plugin.cpp.o
[2022-06-29T18:23:39.108Z]     [3/656] Building CXX object test/lib/usd/plugin/CMakeFiles/usdTestUsdPlugin.dir/mayaShaderTranslation.cpp.o
[2022-06-29T18:23:39.796Z]     [4/656] Building CXX object test/lib/usd/plugin/CMakeFiles/usdTestApiWriter.dir/nullApiExporter.cpp.o
[2022-06-29T18:23:39.796Z]     [5/656] Building CXX object test/lib/usd/plugin/CMakeFiles/usdTestMayaPlugin.dir/plugin.cpp.o
[2022-06-29T18:23:39.796Z]     [6/656] Building CXX object test/lib/usd/plugin/CMakeFiles/usdTestInfoImportChaser.dir/infoImportChaser.cpp.o
[2022-06-29T18:23:40.594Z]     [7/656] Building CXX object test/lib/usd/plugin/CMakeFiles/usdTestApiWriter.dir/bulletAdaptor.cpp.o
[2022-06-29T18:23:40.594Z]     [8/656] Building CXX object test/lib/usd/utils/CMakeFiles/testMergePrims.dir/main.cpp.o
[2022-06-29T18:23:40.594Z]     [9/656] Building CXX object test/lib/usd/utils/CMakeFiles/testDiffComputeOverall.dir/main.cpp.o
[2022-06-29T18:23:41.279Z]     [10/656] Building CXX object test/lib/usd/utils/CMakeFiles/testDiffPrims.dir/main.cpp.o
[2022-06-29T18:23:43.747Z]     [11/656] Building CXX object test/lib/usd/plugin/CMakeFiles/usdTestMayaPlugin.dir/mayaShaderTranslation.cpp.o
[2022-06-29T18:23:45.273Z]     [12/656] Building CXX object test/lib/usd/utils/CMakeFiles/testDiffComputeOverall.dir/test_DiffComputeOverall.cpp.o
[2022-06-29T18:23:45.924Z]     [13/656] Building CXX object test/lib/usd/utils/CMakeFiles/testDiffPrims.dir/test_DiffPrimsAttributes.cpp.o
[2022-06-29T18:23:45.924Z]     [14/656] Building CXX object test/lib/usd/utils/CMakeFiles/testMergePrims.dir/test_MergePrims.cpp.o
[2022-06-29T18:23:45.924Z]     [15/656] Building CXX object test/lib/usd/utils/CMakeFiles/testDiffDictionaries.dir/main.cpp.o
[2022-06-29T18:23:48.164Z]     [16/656] Building CXX object test/lib/usd/utils/CMakeFiles/testDiffPrims.dir/test_DiffPrimsRelations.cpp.o
[2022-06-29T18:23:49.222Z]     [17/656] Building CXX object test/lib/usd/utils/CMakeFiles/testDiffLists.dir/main.cpp.o
[2022-06-29T18:23:49.222Z]     [18/656] Building CXX object test/lib/usd/utils/CMakeFiles/testDiffPrims.dir/test_DiffPrimsChildren.cpp.o
[2022-06-29T18:23:49.976Z]     [19/656] Building CXX object test/lib/usd/utils/CMakeFiles/testDiffAttributes.dir/main.cpp.o
[2022-06-29T18:23:49.976Z]     [20/656] Building CXX object test/lib/usd/utils/CMakeFiles/testDiffPrims.dir/test_DiffPrims.cpp.o
[2022-06-29T18:23:50.764Z]     [21/656] Building CXX object test/lib/usd/utils/CMakeFiles/testDiffCore.dir/main.cpp.o
[2022-06-29T18:23:50.764Z]     [22/656] Building CXX object test/lib/usd/utils/CMakeFiles/testDiffDictionaries.dir/test_DiffDictionaries.cpp.o
[2022-06-29T18:23:51.570Z]     [23/656] Building CXX object test/lib/usd/utils/CMakeFiles/testDiffMetadatas.dir/main.cpp.o
[2022-06-29T18:23:52.260Z]     [24/656] Building CXX object test/lib/usd/utils/CMakeFiles/testDiffCore.dir/test_DiffCore.cpp.o
[2022-06-29T18:23:52.983Z]     [25/656] Building CXX object test/lib/usd/utils/CMakeFiles/testDiffValues.dir/main.cpp.o
[2022-06-29T18:23:54.504Z]     [26/656] Building CXX object test/lib/usd/utils/CMakeFiles/testDiffAttributes.dir/test_DiffAttributes.cpp.o
[2022-06-29T18:23:55.181Z]     [27/656] Building CXX object test/lib/usd/utils/CMakeFiles/testDiffLists.dir/test_DiffLists.cpp.o
[2022-06-29T18:23:55.875Z]     [28/656] Building CXX object test/lib/usd/utils/CMakeFiles/testDiffMetadatas.dir/test_DiffMetadatas.cpp.o
[2022-06-29T18:23:58.160Z]     [29/656] Building CXX object test/lib/usd/utils/CMakeFiles/testDiffValues.dir/test_DiffValues.cpp.o
[2022-06-29T18:24:00.676Z]     [30/656] Building CXX object test/lib/usd/utils/CMakeFiles/testDiffValues.dir/test_DiffValuesMatrices.cpp.o
[2022-06-29T18:24:00.676Z]     [31/656] Building CXX object test/lib/usd/utils/CMakeFiles/testDiffValues.dir/test_DiffValuesGeneric.cpp.o
[2022-06-29T18:24:01.397Z]     [32/656] Building CXX object test/lib/usd/utils/CMakeFiles/testDiffValues.dir/test_DiffValuesArrays.cpp.o
[2022-06-29T18:24:03.555Z]     [33/656] Building CXX object test/lib/usd/utils/CMakeFiles/testDiffValues.dir/test_DiffValuesQuaternions.cpp.o
[2022-06-29T18:24:07.760Z]     [34/656] Building CXX object test/lib/usd/utils/CMakeFiles/testDiffValues.dir/test_DiffValuesDoubleVecs.cpp.o
[2022-06-29T18:24:07.760Z]     [35/656] Building CXX object test/lib/usd/utils/CMakeFiles/testDiffValues.dir/test_DiffValuesFloatVecs.cpp.o
[2022-06-29T18:24:07.760Z]     [36/656] Building CXX object test/lib/usd/utils/CMakeFiles/testDiffValues.dir/test_DiffValuesIntVecs.cpp.o
[2022-06-29T18:24:07.760Z]     [37/656] Building CXX object test/lib/usd/utils/CMakeFiles/testDiffRelationships.dir/main.cpp.o
[2022-06-29T18:24:08.448Z]     [38/656] Building CXX object test/lib/usd/utils/CMakeFiles/testDiffValues.dir/test_DiffValuesHalfVecs.cpp.o
[2022-06-29T18:24:08.448Z]     [39/656] Building CXX object lib/mayaUsd/CMakeFiles/mayaUsd.dir/base/debugCodes.cpp.o
[2022-06-29T18:24:08.448Z]     [40/656] Building CXX object lib/mayaUsd/CMakeFiles/mayaUsd.dir/base/tokens.cpp.o
[2022-06-29T18:24:12.043Z]     [41/656] Building CXX object test/lib/usd/utils/CMakeFiles/testDiffRelationships.dir/test_DiffRelationships.cpp.o
[2022-06-29T18:24:12.043Z]     [42/656] Building CXX object lib/mayaUsd/CMakeFiles/mayaUsd.dir/commands/baseListJobContextsCommand.cpp.o
[2022-06-29T18:24:12.043Z]     [43/656] Building CXX object lib/mayaUsd/CMakeFiles/mayaUsd.dir/commands/baseImportCommand.cpp.o
[2022-06-29T18:24:13.103Z]     [44/656] Building CXX object lib/mayaUsd/CMakeFiles/mayaUsd.dir/commands/baseExportCommand.cpp.o
[2022-06-29T18:24:13.945Z]     [45/656] Building CXX object lib/mayaUsd/CMakeFiles/mayaUsd.dir/commands/layerEditorWindowCommand.cpp.o
[2022-06-29T18:24:16.408Z]     [46/656] Building CXX object lib/mayaUsd/CMakeFiles/mayaUsd.dir/commands/editTargetCommand.cpp.o
[2022-06-29T18:24:16.408Z]     [47/656] Building CXX object lib/mayaUsd/CMakeFiles/mayaUsd.dir/commands/baseListShadingModesCommand.cpp.o
[2022-06-29T18:24:17.382Z]     [48/656] Building CXX object lib/mayaUsd/CMakeFiles/mayaUsd.dir/fileio/fallbackPrimReader.cpp.o
[2022-06-29T18:24:18.833Z]     [49/656] Building CXX object lib/mayaUsd/CMakeFiles/mayaUsd.dir/commands/layerEditorCommand.cpp.o
[2022-06-29T18:24:19.618Z]     [50/656] Building CXX object lib/mayaUsd/CMakeFiles/mayaUsd.dir/fileio/functorPrimReader.cpp.o
[2022-06-29T18:24:20.352Z]     [51/656] Building CXX object lib/mayaUsd/CMakeFiles/mayaUsd.dir/fileio/functorPrimWriter.cpp.o
[2022-06-29T18:24:21.101Z]     [52/656] Building CXX object lib/mayaUsd/CMakeFiles/mayaUsd.dir/fileio/importData.cpp.o
[2022-06-29T18:24:21.755Z]     [53/656] Building CXX object lib/mayaUsd/CMakeFiles/mayaUsd.dir/fileio/jobContextRegistry.cpp.o
[2022-06-29T18:24:23.158Z]     [54/656] Building CXX object lib/mayaUsd/CMakeFiles/mayaUsd.dir/fileio/instancedNodeWriter.cpp.o
[2022-06-29T18:24:23.888Z]     [55/656] Building CXX object lib/mayaUsd/CMakeFiles/mayaUsd.dir/fileio/primReader.cpp.o
[2022-06-29T18:24:24.648Z]     [56/656] Building CXX object lib/mayaUsd/CMakeFiles/mayaUsd.dir/fileio/primReaderArgs.cpp.o
[2022-06-29T18:24:25.559Z]     [57/656] Building CXX object lib/mayaUsd/CMakeFiles/mayaUsd.dir/fileio/primReaderContext.cpp.o
[2022-06-29T18:24:27.752Z]     [58/656] Building CXX object lib/mayaUsd/CMakeFiles/mayaUsd.dir/fileio/primReaderRegistry.cpp.o
[2022-06-29T18:24:28.481Z]     [59/656] Building CXX object lib/mayaUsd/CMakeFiles/mayaUsd.dir/fileio/primWriterArgs.cpp.o
[2022-06-29T18:24:28.481Z]     [60/656] Building CXX object lib/mayaUsd/CMakeFiles/mayaUsd.dir/fileio/primWriterContext.cpp.o
[2022-06-29T18:24:29.327Z]     [61/656] Building CXX object lib/mayaUsd/CMakeFiles/mayaUsd.dir/fileio/primWriter.cpp.o
[2022-06-29T18:24:32.466Z]     [62/656] Building CXX object lib/mayaUsd/CMakeFiles/mayaUsd.dir/fileio/registryHelper.cpp.o
[2022-06-29T18:24:32.466Z]     [63/656] Building CXX object lib/mayaUsd/CMakeFiles/mayaUsd.dir/fileio/primWriterRegistry.cpp.o
[2022-06-29T18:24:33.217Z]     [64/656] Building CXX object lib/mayaUsd/CMakeFiles/mayaUsd.dir/fileio/schemaApiAdaptor.cpp.o
[2022-06-29T18:24:34.710Z]     [65/656] Building CXX object lib/mayaUsd/CMakeFiles/mayaUsd.dir/fileio/schemaApiAdaptorRegistry.cpp.o
[2022-06-29T18:24:35.574Z]     [66/656] Building CXX object lib/mayaUsd/CMakeFiles/mayaUsd.dir/fileio/shaderReader.cpp.o
[2022-06-29T18:24:36.314Z]     [67/656] Building CXX object lib/mayaUsd/CMakeFiles/mayaUsd.dir/fileio/shaderWriter.cpp.o
[2022-06-29T18:24:36.314Z]     [68/656] Building CXX object lib/mayaUsd/CMakeFiles/mayaUsd.dir/fileio/shaderReaderRegistry.cpp.o
[2022-06-29T18:24:40.007Z]     [69/656] Building CXX object lib/mayaUsd/CMakeFiles/mayaUsd.dir/fileio/translators/translatorSkel.cpp.o
[2022-06-29T18:24:40.839Z]     [70/656] Building CXX object lib/mayaUsd/CMakeFiles/mayaUsd.dir/fileio/chaser/exportChaser.cpp.o
[2022-06-29T18:24:40.839Z]     [71/656] Building CXX object lib/mayaUsd/CMakeFiles/mayaUsd.dir/fileio/shaderWriterRegistry.cpp.o
[2022-06-29T18:24:41.538Z]     [72/656] Building CXX object lib/mayaUsd/CMakeFiles/mayaUsd.dir/fileio/transformWriter.cpp.o
[2022-06-29T18:24:42.965Z]     [73/656] Building CXX object lib/mayaUsd/CMakeFiles/mayaUsd.dir/fileio/writeJobContext.cpp.o
[2022-06-29T18:24:44.622Z]     [74/656] Building CXX object lib/mayaUsd/CMakeFiles/mayaUsd.dir/fileio/chaser/exportChaserRegistry.cpp.o
[2022-06-29T18:24:45.329Z]     [75/656] Building CXX object lib/mayaUsd/CMakeFiles/mayaUsd.dir/fileio/chaser/importChaserRegistry.cpp.o
[2022-06-29T18:24:45.329Z]     [76/656] Building CXX object lib/mayaUsd/CMakeFiles/mayaUsd.dir/fileio/chaser/importChaser.cpp.o
[2022-06-29T18:24:48.764Z]     [77/656] Building CXX object lib/mayaUsd/CMakeFiles/mayaUsd.dir/fileio/jobs/meshDataReadJob.cpp.o
[2022-06-29T18:24:50.339Z]     [78/656] Building CXX object lib/mayaUsd/CMakeFiles/mayaUsd.dir/fileio/jobs/modelKindProcessor.cpp.o
[2022-06-29T18:24:52.086Z]     [79/656] Building CXX object lib/mayaUsd/CMakeFiles/mayaUsd.dir/fileio/jobs/readJob.cpp.o
[2022-06-29T18:24:54.107Z]     [80/656] Building CXX object lib/mayaUsd/CMakeFiles/mayaUsd.dir/fileio/jobs/jobArgs.cpp.o
[2022-06-29T18:24:55.050Z]     [81/656] Building CXX object lib/mayaUsd/CMakeFiles/mayaUsd.dir/fileio/jobs/writeJob.cpp.o
[2022-06-29T18:24:55.886Z]     [82/656] Building CXX object lib/mayaUsd/CMakeFiles/mayaUsd.dir/fileio/shading/shadingModeDisplayColor.cpp.o
[2022-06-29T18:24:56.749Z]     [83/656] Building CXX object lib/mayaUsd/CMakeFiles/mayaUsd.dir/fileio/shading/shadingModeExporter.cpp.o
[2022-06-29T18:24:59.303Z]     [84/656] Building CXX object lib/mayaUsd/CMakeFiles/mayaUsd.dir/fileio/shading/shadingModeImporter.cpp.o
[2022-06-29T18:25:02.584Z]     [85/656] Building CXX object lib/mayaUsd/CMakeFiles/mayaUsd.dir/fileio/shading/shadingModeRegistry.cpp.o
[2022-06-29T18:25:02.584Z]     [86/656] Building CXX object lib/mayaUsd/CMakeFiles/mayaUsd.dir/fileio/shading/shadingModeExporterContext.cpp.o
[2022-06-29T18:25:04.337Z]     [87/656] Building CXX object lib/mayaUsd/CMakeFiles/mayaUsd.dir/fileio/shading/shadingModePxrRis.cpp.o
[2022-06-29T18:25:05.093Z]     [88/656] Building CXX object lib/mayaUsd/CMakeFiles/mayaUsd.dir/fileio/shading/shadingModeUseRegistry.cpp.o
[2022-06-29T18:25:06.617Z]     [89/656] Building CXX object lib/mayaUsd/CMakeFiles/mayaUsd.dir/fileio/shading/symmetricShaderReader.cpp.o
[2022-06-29T18:25:07.326Z]     [90/656] Building CXX object lib/mayaUsd/CMakeFiles/mayaUsd.dir/fileio/shading/symmetricShaderWriter.cpp.o
[2022-06-29T18:25:08.838Z]     [91/656] Building CXX object lib/mayaUsd/CMakeFiles/mayaUsd.dir/fileio/translators/skelBindingsProcessor.cpp.o
[2022-06-29T18:25:10.642Z]     [92/656] Building CXX object lib/mayaUsd/CMakeFiles/mayaUsd.dir/fileio/translators/translatorCamera.cpp.o
[2022-06-29T18:25:11.374Z]     [93/656] Building CXX object lib/mayaUsd/CMakeFiles/mayaUsd.dir/fileio/translators/translatorGprim.cpp.o
[2022-06-29T18:25:11.374Z]     [94/656] Building CXX object lib/mayaUsd/CMakeFiles/mayaUsd.dir/fileio/translators/translatorCurves.cpp.o
[2022-06-29T18:25:13.834Z]     [95/656] Building CXX object lib/mayaUsd/CMakeFiles/mayaUsd.dir/fileio/translators/translatorLight.cpp.o
[2022-06-29T18:25:15.589Z]     [96/656] Building CXX object lib/mayaUsd/CMakeFiles/mayaUsd.dir/fileio/translators/translatorMayaReference.cpp.o
[2022-06-29T18:25:17.155Z]     [97/656] Building CXX object lib/mayaUsd/CMakeFiles/mayaUsd.dir/fileio/translators/translatorMaterial.cpp.o
[2022-06-29T18:25:17.155Z]     [98/656] Building CXX object lib/mayaUsd/CMakeFiles/mayaUsd.dir/fileio/translators/translatorMesh.cpp.o
[2022-06-29T18:25:18.629Z]     [99/656] Building CXX object lib/mayaUsd/CMakeFiles/mayaUsd.dir/fileio/translators/translatorNurbsPatch.cpp.o
[2022-06-29T18:25:20.352Z]     [100/656] Building CXX object lib/mayaUsd/CMakeFiles/mayaUsd.dir/fileio/translators/translatorPrim.cpp.o
[2022-06-29T18:25:21.087Z]     [101/656] Building CXX object lib/mayaUsd/CMakeFiles/mayaUsd.dir/fileio/translators/translatorUtil.cpp.o
[2022-06-29T18:25:23.440Z]     [102/656] Building CXX object lib/mayaUsd/CMakeFiles/mayaUsd.dir/fileio/translators/translatorXformable.cpp.o
[2022-06-29T18:25:23.440Z]     [103/656] Building CXX object lib/mayaUsd/CMakeFiles/mayaUsd.dir/fileio/translators/translatorRfMLight.cpp.o
[2022-06-29T18:25:24.167Z]     [104/656] Building CXX object lib/mayaUsd/CMakeFiles/mayaUsd.dir/fileio/translators/translatorXformable_decompose.cpp.o
[2022-06-29T18:25:27.617Z]     [105/656] Building CXX object lib/mayaUsd/CMakeFiles/mayaUsd.dir/fileio/utils/adaptor.cpp.o
[2022-06-29T18:25:27.617Z]     [106/656] Building CXX object lib/mayaUsd/CMakeFiles/mayaUsd.dir/fileio/utils/jointWriteUtils.cpp.o
[2022-06-29T18:25:29.167Z]     [107/656] Building CXX object lib/mayaUsd/CMakeFiles/mayaUsd.dir/fileio/utils/meshReadUtils.cpp.o
[2022-06-29T18:25:30.835Z]     [108/656] Building CXX object lib/mayaUsd/CMakeFiles/mayaUsd.dir/fileio/utils/meshWriteUtils.cpp.o
[2022-06-29T18:25:31.579Z]     [109/656] Building CXX object lib/mayaUsd/CMakeFiles/mayaUsd.dir/fileio/utils/roundTripUtil.cpp.o
[2022-06-29T18:25:32.436Z]     [110/656] Building CXX object lib/mayaUsd/CMakeFiles/mayaUsd.dir/fileio/utils/readUtil.cpp.o
[2022-06-29T18:25:34.629Z]     [111/656] Building CXX object lib/mayaUsd/CMakeFiles/mayaUsd.dir/fileio/utils/userTaggedAttribute.cpp.o
[2022-06-29T18:25:36.163Z]     [112/656] Building CXX object lib/mayaUsd/CMakeFiles/mayaUsd.dir/listeners/notice.cpp.o
[2022-06-29T18:25:36.163Z]     [113/656] Building CXX object lib/mayaUsd/CMakeFiles/mayaUsd.dir/fileio/utils/shadingUtil.cpp.o
[2022-06-29T18:25:37.729Z]     [114/656] Building CXX object lib/mayaUsd/CMakeFiles/mayaUsd.dir/fileio/utils/xformStack.cpp.o
[2022-06-29T18:25:39.935Z]     [115/656] Building CXX object lib/mayaUsd/CMakeFiles/mayaUsd.dir/listeners/stageNoticeListener.cpp.o
[2022-06-29T18:25:39.935Z]     [116/656] Building CXX object lib/mayaUsd/CMakeFiles/mayaUsd.dir/listeners/proxyShapeNotice.cpp.o
[2022-06-29T18:25:40.719Z]     [117/656] Building CXX object lib/mayaUsd/CMakeFiles/mayaUsd.dir/fileio/utils/writeUtil.cpp.o
[2022-06-29T18:25:41.490Z]     [118/656] Building CXX object lib/mayaUsd/CMakeFiles/mayaUsd.dir/nodes/hdImagingShape.cpp.o
[2022-06-29T18:25:43.815Z]     [119/656] Building CXX object lib/mayaUsd/CMakeFiles/mayaUsd.dir/nodes/pointBasedDeformerNode.cpp.o
[2022-06-29T18:25:44.488Z]     [120/656] Building CXX object lib/mayaUsd/CMakeFiles/mayaUsd.dir/nodes/proxyAccessor.cpp.o
[2022-06-29T18:25:45.147Z]     [121/656] Building CXX object lib/mayaUsd/CMakeFiles/mayaUsd.dir/nodes/proxyShapeLoadRules.cpp.o
[2022-06-29T18:25:47.311Z]     [122/656] Building CXX object lib/mayaUsd/CMakeFiles/mayaUsd.dir/nodes/stageData.cpp.o
[2022-06-29T18:25:48.955Z]     [123/656] Building CXX object lib/mayaUsd/CMakeFiles/mayaUsd.dir/nodes/proxyShapeBase.cpp.o
[2022-06-29T18:25:49.847Z]     [124/656] Building CXX object lib/mayaUsd/CMakeFiles/mayaUsd.dir/nodes/proxyShapePlugin.cpp.o
[2022-06-29T18:25:49.847Z]     [125/656] Building CXX object lib/mayaUsd/CMakeFiles/mayaUsd.dir/nodes/stageNode.cpp.o
[2022-06-29T18:25:49.847Z]     [126/656] Building CXX object lib/mayaUsd/CMakeFiles/mayaUsd.dir/render/px_vp20/glslProgram.cpp.o
[2022-06-29T18:25:51.356Z]     [127/656] Building CXX object lib/mayaUsd/CMakeFiles/mayaUsd.dir/python/moduleDeps.cpp.o
[2022-06-29T18:25:51.356Z]     [128/656] Building CXX object lib/mayaUsd/CMakeFiles/mayaUsd.dir/nodes/usdPrimProvider.cpp.o
[2022-06-29T18:25:53.130Z]     [129/656] Building CXX object lib/mayaUsd/CMakeFiles/mayaUsd.dir/render/px_vp20/utils.cpp.o
[2022-06-29T18:25:53.130Z]     [130/656] Building CXX object lib/mayaUsd/CMakeFiles/mayaUsd.dir/render/px_vp20/utils_legacy.cpp.o
[2022-06-29T18:25:53.130Z]     [131/656] Building CXX object lib/mayaUsd/CMakeFiles/mayaUsd.dir/render/pxrUsdMayaGL/debugCodes.cpp.o
[2022-06-29T18:25:56.570Z]     [132/656] Building CXX object lib/mayaUsd/CMakeFiles/mayaUsd.dir/nodes/layerManager.cpp.o
[2022-06-29T18:25:58.733Z]     [133/656] Building CXX object lib/mayaUsd/CMakeFiles/mayaUsd.dir/render/pxrUsdMayaGL/hdImagingShapeDrawOverride.cpp.o
[2022-06-29T18:25:58.733Z]     [134/656] Building CXX object lib/mayaUsd/CMakeFiles/mayaUsd.dir/render/pxrUsdMayaGL/hdImagingShapeUI.cpp.o
[2022-06-29T18:25:58.733Z]     [135/656] Building CXX object lib/mayaUsd/CMakeFiles/mayaUsd.dir/render/pxrUsdMayaGL/batchRenderer.cpp.o
[2022-06-29T18:26:03.494Z]     [136/656] Building CXX object lib/mayaUsd/CMakeFiles/mayaUsd.dir/render/pxrUsdMayaGL/instancerImager.cpp.o
[2022-06-29T18:26:04.139Z]     [137/656] Building CXX object lib/mayaUsd/CMakeFiles/mayaUsd.dir/render/pxrUsdMayaGL/proxyShapeDelegate.cpp.o
[2022-06-29T18:26:04.799Z]     [138/656] Building CXX object lib/mayaUsd/CMakeFiles/mayaUsd.dir/render/pxrUsdMayaGL/proxyDrawOverride.cpp.o
[2022-06-29T18:26:05.745Z]     [139/656] Building CXX object lib/mayaUsd/CMakeFiles/mayaUsd.dir/render/pxrUsdMayaGL/instancerShapeAdapter.cpp.o
[2022-06-29T18:26:06.458Z]     [140/656] Building CXX object lib/mayaUsd/CMakeFiles/mayaUsd.dir/render/pxrUsdMayaGL/softSelectHelper.cpp.o
[2022-06-29T18:26:08.902Z]     [141/656] Building CXX object lib/mayaUsd/CMakeFiles/mayaUsd.dir/render/pxrUsdMayaGL/proxyShapeUI.cpp.o
[2022-06-29T18:26:09.857Z]     [142/656] Building CXX object lib/mayaUsd/CMakeFiles/mayaUsd.dir/render/pxrUsdMayaGL/userData.cpp.o
[2022-06-29T18:26:10.502Z]     [143/656] Building CXX object lib/mayaUsd/CMakeFiles/mayaUsd.dir/render/pxrUsdMayaGL/shapeAdapter.cpp.o
[2022-06-29T18:26:11.147Z]     [144/656] Building CXX object lib/mayaUsd/CMakeFiles/mayaUsd.dir/render/pxrUsdMayaGL/sceneDelegate.cpp.o
[2022-06-29T18:26:11.147Z]     [145/656] Building CXX object lib/mayaUsd/CMakeFiles/mayaUsd.dir/render/vp2RenderDelegate/bboxGeom.cpp.o
[2022-06-29T18:26:11.147Z]     [146/656] Building CXX object lib/mayaUsd/CMakeFiles/mayaUsd.dir/render/vp2RenderDelegate/debugCodes.cpp.o
[2022-06-29T18:26:12.533Z]     [147/656] Building CXX object lib/mayaUsd/CMakeFiles/mayaUsd.dir/render/pxrUsdMayaGL/usdProxyShapeAdapter.cpp.o
[2022-06-29T18:26:13.963Z]     [148/656] Building CXX object lib/mayaUsd/CMakeFiles/mayaUsd.dir/render/vp2RenderDelegate/draw_item.cpp.o
[2022-06-29T18:26:13.963Z]     [149/656] Building CXX object lib/mayaUsd/CMakeFiles/mayaUsd.dir/render/vp2RenderDelegate/extComputation.cpp.o
[2022-06-29T18:26:16.294Z]     [150/656] Building CXX object lib/mayaUsd/CMakeFiles/mayaUsd.dir/render/vp2RenderDelegate/instancer.cpp.o
[2022-06-29T18:26:18.470Z]     [151/656] Building CXX object lib/mayaUsd/CMakeFiles/mayaUsd.dir/render/vp2RenderDelegate/basisCurves.cpp.o
[2022-06-29T18:26:18.470Z]     [152/656] Building CXX object lib/mayaUsd/CMakeFiles/mayaUsd.dir/render/vp2RenderDelegate/meshViewportCompute.cpp.o
[2022-06-29T18:26:20.632Z]     [153/656] Building CXX object lib/mayaUsd/CMakeFiles/mayaUsd.dir/render/vp2RenderDelegate/mayaPrimCommon.cpp.o
[2022-06-29T18:26:22.770Z]     [154/656] Building CXX object lib/mayaUsd/CMakeFiles/mayaUsd.dir/render/vp2RenderDelegate/material.cpp.o
[2022-06-29T18:26:26.004Z]     [155/656] Building CXX object lib/mayaUsd/CMakeFiles/mayaUsd.dir/render/vp2RenderDelegate/mesh.cpp.o
[2022-06-29T18:26:26.754Z]     [156/656] Building CXX object lib/mayaUsd/CMakeFiles/mayaUsd.dir/render/vp2RenderDelegate/points.cpp.o
[2022-06-29T18:26:28.151Z]     [157/656] Building CXX object lib/mayaUsd/CMakeFiles/mayaUsd.dir/render/vp2RenderDelegate/sampler.cpp.o
[2022-06-29T18:26:28.908Z]     [158/656] Building CXX object lib/mayaUsd/CMakeFiles/mayaUsd.dir/render/vp2RenderDelegate/render_param.cpp.o
[2022-06-29T18:26:28.908Z]     [159/656] Building CXX object lib/mayaUsd/CMakeFiles/mayaUsd.dir/render/vp2RenderDelegate/render_delegate.cpp.o
[2022-06-29T18:26:28.908Z]     [160/656] Building CXX object lib/mayaUsd/CMakeFiles/mayaUsd.dir/render/vp2RenderDelegate/proxyRenderDelegate.cpp.o
[2022-06-29T18:26:28.908Z]     [161/656] Building CXX object lib/mayaUsd/CMakeFiles/mayaUsd.dir/render/vp2RenderDelegate/tokens.cpp.o
[2022-06-29T18:26:28.908Z]     [162/656] Building CXX object lib/mayaUsd/CMakeFiles/mayaUsd.dir/render/vp2RenderDelegate/shader.cpp.o
[2022-06-29T18:26:33.069Z]     [163/656] Building CXX object lib/mayaUsd/CMakeFiles/mayaUsd.dir/ufe/ProxyShapeHandler.cpp.o
[2022-06-29T18:26:33.069Z]     [164/656] Building CXX object lib/mayaUsd/CMakeFiles/mayaUsd.dir/render/vp2ShaderFragments/shaderFragments.cpp.o
[2022-06-29T18:26:34.416Z]     [165/656] Building CXX object lib/mayaUsd/CMakeFiles/mayaUsd.dir/ufe/Global.cpp.o
[2022-06-29T18:26:35.076Z]     [166/656] Building CXX object lib/mayaUsd/CMakeFiles/mayaUsd.dir/ufe/ProxyShapeHierarchy.cpp.o
[2022-06-29T18:26:38.060Z]     [167/656] Building CXX object lib/mayaUsd/CMakeFiles/mayaUsd.dir/ufe/ProxyShapeHierarchyHandler.cpp.o
[2022-06-29T18:26:40.341Z]     [168/656] Building CXX object lib/mayaUsd/CMakeFiles/mayaUsd.dir/ufe/StagesSubject.cpp.o
[2022-06-29T18:26:40.341Z]     [169/656] Building CXX object lib/mayaUsd/CMakeFiles/mayaUsd.dir/ufe/UsdHierarchyHandler.cpp.o
[2022-06-29T18:26:40.341Z]     [170/656] Building CXX object lib/mayaUsd/CMakeFiles/mayaUsd.dir/ufe/UsdHierarchy.cpp.o
[2022-06-29T18:26:43.343Z]     [171/656] Building CXX object lib/mayaUsd/CMakeFiles/mayaUsd.dir/ufe/UsdPointInstanceOrientationModifier.cpp.o
[2022-06-29T18:26:45.633Z]     [172/656] Building CXX object lib/mayaUsd/CMakeFiles/mayaUsd.dir/ufe/UsdPointInstancePositionModifier.cpp.o
[2022-06-29T18:26:45.633Z]     [173/656] Building CXX object lib/mayaUsd/CMakeFiles/mayaUsd.dir/ufe/UsdPointInstanceScaleModifier.cpp.o
[2022-06-29T18:26:45.633Z]     [174/656] Building CXX object lib/mayaUsd/CMakeFiles/mayaUsd.dir/ufe/UsdRootChildHierarchy.cpp.o
[2022-06-29T18:26:48.856Z]     [175/656] Building CXX object lib/mayaUsd/CMakeFiles/mayaUsd.dir/ufe/UsdRotatePivotTranslateUndoableCommand.cpp.o
[2022-06-29T18:26:51.253Z]     [176/656] Building CXX object lib/mayaUsd/CMakeFiles/mayaUsd.dir/ufe/UsdRotateUndoableCommand.cpp.o
[2022-06-29T18:26:51.253Z]     [177/656] Building CXX object lib/mayaUsd/CMakeFiles/mayaUsd.dir/ufe/UsdScaleUndoableCommand.cpp.o
[2022-06-29T18:26:51.253Z]     [178/656] Building CXX object lib/mayaUsd/CMakeFiles/mayaUsd.dir/ufe/UsdSceneItem.cpp.o
[2022-06-29T18:26:54.237Z]     [179/656] Building CXX object lib/mayaUsd/CMakeFiles/mayaUsd.dir/ufe/UsdSceneItemOpsHandler.cpp.o
[2022-06-29T18:26:56.337Z]     [180/656] Building CXX object lib/mayaUsd/CMakeFiles/mayaUsd.dir/ufe/UsdSceneItemOps.cpp.o
[2022-06-29T18:26:56.337Z]     [181/656] Building CXX object lib/mayaUsd/CMakeFiles/mayaUsd.dir/ufe/UsdTRSUndoableCommandBase.cpp.o
[2022-06-29T18:26:57.384Z]     [182/656] Building CXX object lib/mayaUsd/CMakeFiles/mayaUsd.dir/ufe/UsdStageMap.cpp.o
[2022-06-29T18:26:59.664Z]     [183/656] Building CXX object lib/mayaUsd/CMakeFiles/mayaUsd.dir/ufe/UsdTransform3d.cpp.o
[2022-06-29T18:27:01.794Z]     [184/656] Building CXX object lib/mayaUsd/CMakeFiles/mayaUsd.dir/ufe/UsdTransform3dHandler.cpp.o
[2022-06-29T18:27:01.794Z]     [185/656] Building CXX object lib/mayaUsd/CMakeFiles/mayaUsd.dir/ufe/UsdTranslateUndoableCommand.cpp.o
[2022-06-29T18:27:03.239Z]     [186/656] Building CXX object lib/mayaUsd/CMakeFiles/mayaUsd.dir/ufe/UsdUndoDeleteCommand.cpp.o
[2022-06-29T18:27:04.624Z]     [187/656] Building CXX object lib/mayaUsd/CMakeFiles/mayaUsd.dir/ufe/moduleDeps.cpp.o
[2022-06-29T18:27:04.624Z]     [188/656] Building CXX object lib/mayaUsd/CMakeFiles/mayaUsd.dir/ufe/private/UfeNotifGuard.cpp.o
[2022-06-29T18:27:05.340Z]     [189/656] Building CXX object lib/mayaUsd/CMakeFiles/mayaUsd.dir/ufe/UsdUndoDuplicateCommand.cpp.o
[2022-06-29T18:27:06.763Z]     [190/656] Building CXX object lib/mayaUsd/CMakeFiles/mayaUsd.dir/undo/OpUndoItemList.cpp.o
[2022-06-29T18:27:07.413Z]     [191/656] Building CXX object lib/mayaUsd/CMakeFiles/mayaUsd.dir/ufe/UsdUndoRenameCommand.cpp.o
[2022-06-29T18:27:07.413Z]     [192/656] Building CXX object lib/mayaUsd/CMakeFiles/mayaUsd.dir/undo/OpUndoItemRecorder.cpp.o
[2022-06-29T18:27:09.235Z]     [193/656] Building CXX object lib/mayaUsd/CMakeFiles/mayaUsd.dir/ufe/private/Utils.cpp.o
[2022-06-29T18:27:11.491Z]     [194/656] Building CXX object lib/mayaUsd/CMakeFiles/mayaUsd.dir/undo/UsdUndoBlock.cpp.o
[2022-06-29T18:27:11.491Z]     [195/656] Building CXX object lib/mayaUsd/CMakeFiles/mayaUsd.dir/ufe/Utils.cpp.o
[2022-06-29T18:27:12.329Z]     [196/656] Building CXX object lib/mayaUsd/CMakeFiles/mayaUsd.dir/undo/UsdUndoableItem.cpp.o
[2022-06-29T18:27:12.329Z]     [197/656] Building CXX object lib/mayaUsd/CMakeFiles/mayaUsd.dir/utils/blockSceneModificationContext.cpp.o
[2022-06-29T18:27:12.329Z]     [198/656] Building CXX object lib/mayaUsd/CMakeFiles/mayaUsd.dir/undo/UsdUndoManager.cpp.o
[2022-06-29T18:27:13.330Z]     [199/656] Building CXX object lib/mayaUsd/CMakeFiles/mayaUsd.dir/utils/colorSpace.cpp.o
[2022-06-29T18:27:13.330Z]     [200/656] Building CXX object lib/mayaUsd/CMakeFiles/mayaUsd.dir/undo/OpUndoItems.cpp.o
[2022-06-29T18:27:14.737Z]     [201/656] Building CXX object lib/mayaUsd/CMakeFiles/mayaUsd.dir/utils/diagnosticDelegate.cpp.o
[2022-06-29T18:27:15.387Z]     [202/656] Building CXX object lib/mayaUsd/CMakeFiles/mayaUsd.dir/utils/customLayerData.cpp.o
[2022-06-29T18:27:16.855Z]     [203/656] Building CXX object lib/mayaUsd/CMakeFiles/mayaUsd.dir/undo/UsdUndoStateDelegate.cpp.o
[2022-06-29T18:27:17.616Z]     [204/656] Building CXX object lib/mayaUsd/CMakeFiles/mayaUsd.dir/utils/editability.cpp.o
[2022-06-29T18:27:18.307Z]     [205/656] Building CXX object lib/mayaUsd/CMakeFiles/mayaUsd.dir/utils/converter.cpp.o
[2022-06-29T18:27:19.987Z]     [206/656] Building CXX object lib/mayaUsd/CMakeFiles/mayaUsd.dir/utils/loadRules.cpp.o
[2022-06-29T18:27:20.720Z]     [207/656] Building CXX object lib/mayaUsd/CMakeFiles/mayaUsd.dir/utils/editRouter.cpp.o
[2022-06-29T18:27:21.444Z]     [208/656] Building CXX object lib/mayaUsd/CMakeFiles/mayaUsd.dir/utils/loadRulesText.cpp.o
[2022-06-29T18:27:21.444Z]     [209/656] Building CXX object lib/mayaUsd/CMakeFiles/mayaUsd.dir/utils/loadRulesAttribute.cpp.o
[2022-06-29T18:27:21.444Z]     [210/656] Building CXX object lib/mayaUsd/CMakeFiles/mayaUsd.dir/utils/progressBarScope.cpp.o
[2022-06-29T18:27:22.122Z]     [211/656] Building CXX object lib/mayaUsd/CMakeFiles/mayaUsd.dir/utils/plugRegistryHelper.cpp.o
[2022-06-29T18:27:23.726Z]     [212/656] Building CXX object lib/mayaUsd/CMakeFiles/mayaUsd.dir/utils/query.cpp.o
[2022-06-29T18:27:25.245Z]     [213/656] Building CXX object lib/mayaUsd/CMakeFiles/mayaUsd.dir/utils/selectability.cpp.o
[2022-06-29T18:27:25.947Z]     [214/656] Building CXX object lib/mayaUsd/CMakeFiles/mayaUsd.dir/utils/traverseLayer.cpp.o
[2022-06-29T18:27:25.947Z]     [215/656] Building CXX object lib/mayaUsd/CMakeFiles/mayaUsd.dir/utils/stageCache.cpp.o
[2022-06-29T18:27:26.803Z]     [216/656] Building CXX object lib/mayaUsd/CMakeFiles/mayaUsd.dir/utils/undoHelperCommand.cpp.o
[2022-06-29T18:27:29.852Z]     [217/656] Building CXX object lib/mayaUsd/CMakeFiles/mayaUsd.dir/utils/utilFileSystem.cpp.o
[2022-06-29T18:27:29.852Z]     [218/656] Building CXX object lib/mayaUsd/python/CMakeFiles/_mayaUsd.dir/module.cpp.o
[2022-06-29T18:27:29.852Z]     [219/656] Building CXX object lib/mayaUsd/CMakeFiles/mayaUsd.dir/utils/variants.cpp.o
[2022-06-29T18:27:31.304Z]     [220/656] Building CXX object lib/mayaUsd/CMakeFiles/mayaUsd.dir/utils/utilSerialization.cpp.o
[2022-06-29T18:27:32.690Z]     [221/656] Building CXX object lib/mayaUsd/python/CMakeFiles/_mayaUsd.dir/pythonObjectRegistry.cpp.o
[2022-06-29T18:27:34.103Z]     [222/656] Building CXX object lib/mayaUsd/python/CMakeFiles/_mayaUsd.dir/wrapSparseValueWriter.cpp.o
[2022-06-29T18:27:34.785Z]     [223/656] Building CXX object lib/mayaUsd/CMakeFiles/mayaUsd.dir/utils/util.cpp.o
[2022-06-29T18:27:34.785Z]     [224/656] Building CXX object lib/mayaUsd/python/CMakeFiles/_mayaUsd.dir/wrapBlockSceneModificationContext.cpp.o
[2022-06-29T18:27:36.205Z]     [225/656] Building CXX object lib/mayaUsd/python/CMakeFiles/_mayaUsd.dir/wrapColorSpace.cpp.o
[2022-06-29T18:27:37.671Z]     [226/656] Building CXX object lib/mayaUsd/python/CMakeFiles/_mayaUsd.dir/wrapDiagnosticDelegate.cpp.o
[2022-06-29T18:27:38.519Z]     [227/656] Building CXX object lib/mayaUsd/python/CMakeFiles/_mayaUsd.dir/wrapAdaptor.cpp.o
[2022-06-29T18:27:40.225Z]     [228/656] Building CXX object lib/mayaUsd/python/CMakeFiles/_mayaUsd.dir/wrapConverter.cpp.o
[2022-06-29T18:27:40.225Z]     [229/656] Building CXX object lib/mayaUsd/python/CMakeFiles/_mayaUsd.dir/wrapEditRouter.cpp.o
[2022-06-29T18:27:40.996Z]     [230/656] Building CXX object lib/mayaUsd/python/CMakeFiles/_mayaUsd.dir/wrapOpUndoItem.cpp.o
[2022-06-29T18:27:41.702Z]     [231/656] Building CXX object lib/mayaUsd/python/CMakeFiles/_mayaUsd.dir/wrapMeshWriteUtils.cpp.o
[2022-06-29T18:27:43.849Z]     [232/656] Building CXX object lib/mayaUsd/python/CMakeFiles/_mayaUsd.dir/wrapQuery.cpp.o
[2022-06-29T18:27:45.183Z]     [233/656] Building CXX object lib/mayaUsd/python/CMakeFiles/_mayaUsd.dir/wrapReadUtil.cpp.o
[2022-06-29T18:27:45.183Z]     [234/656] Building CXX object lib/mayaUsd/python/CMakeFiles/_mayaUsd.dir/wrapRoundTripUtil.cpp.o
[2022-06-29T18:27:45.872Z]     [235/656] Building CXX object lib/mayaUsd/python/CMakeFiles/_mayaUsd.dir/wrapTokens.cpp.o
[2022-06-29T18:27:45.872Z]     [236/656] Building CXX object lib/mayaUsd/python/CMakeFiles/_mayaUsd.dir/wrapStageCache.cpp.o
[2022-06-29T18:27:48.791Z]     [237/656] Building CXX object lib/mayaUsd/python/CMakeFiles/_mayaUsd.dir/wrapUsdUndoManager.cpp.o
[2022-06-29T18:27:48.791Z]     [238/656] Building CXX object lib/mayaUsd/python/CMakeFiles/_mayaUsd.dir/wrapTranslatorUtil.cpp.o
[2022-06-29T18:27:50.328Z]     [239/656] Building CXX object lib/mayaUsd/python/CMakeFiles/_mayaUsd.dir/wrapUserTaggedAttribute.cpp.o
[2022-06-29T18:27:50.328Z]     [240/656] Building CXX object lib/mayaUsd/python/CMakeFiles/_mayaUsd.dir/wrapUtil.cpp.o
[2022-06-29T18:27:53.338Z]     [241/656] Building CXX object lib/mayaUsd/python/CMakeFiles/_mayaUsd.dir/wrapWriteUtil.cpp.o
[2022-06-29T18:27:53.338Z]     [242/656] Building CXX object lib/mayaUsd/python/CMakeFiles/_mayaUsd.dir/wrapOpenMaya.cpp.o
[2022-06-29T18:27:54.712Z]     [243/656] Building CXX object lib/mayaUsd/python/CMakeFiles/_mayaUsd.dir/wrapXformStack.cpp.o
[2022-06-29T18:27:59.715Z]     [244/656] Building CXX object lib/mayaUsd/python/CMakeFiles/_mayaUsd.dir/wrapExportChaser.cpp.o
[2022-06-29T18:28:01.559Z]     [245/656] Building CXX object lib/mayaUsd/python/CMakeFiles/_mayaUsd.dir/wrapImportChaser.cpp.o
[2022-06-29T18:28:01.559Z]     [246/656] Building CXX object lib/mayaUsd/python/CMakeFiles/_mayaUsd.dir/wrapPrimReader.cpp.o
[2022-06-29T18:28:02.256Z]     [247/656] Building CXX object lib/mayaUsd/python/CMakeFiles/_mayaUsd.dir/wrapJobContextRegistry.cpp.o
[2022-06-29T18:28:04.466Z]     [248/656] Building CXX object lib/mayaUsd/python/CMakeFiles/_mayaUsd.dir/wrapPrimWriter.cpp.o
[2022-06-29T18:28:04.466Z]     [249/656] Building CXX object lib/mayaUsd/ufe/CMakeFiles/_ufe.dir/module.cpp.o
[2022-06-29T18:28:05.126Z]     [250/656] Building CXX object lib/mayaUsd/python/CMakeFiles/_mayaUsd.dir/wrapShadingUtil.cpp.o
[2022-06-29T18:28:05.774Z]     [251/656] Building CXX object lib/mayaUsd/ufe/CMakeFiles/_ufe.dir/wrapGlobal.cpp.o
[2022-06-29T18:28:08.044Z]     [252/656] Building CXX object lib/mayaUsd/python/CMakeFiles/_mayaUsd.dir/wrapShadingMode.cpp.o
[2022-06-29T18:28:08.044Z]     [253/656] Building CXX object plugin/al/lib/AL_USDMaya/CMakeFiles/AL_USDMaya.dir/AL/usdmaya/DebugCodes.cpp.o
[2022-06-29T18:28:09.646Z]     [254/656] Building CXX object lib/mayaUsd/python/CMakeFiles/_mayaUsd.dir/wrapSchemaApiAdaptor.cpp.o
[2022-06-29T18:28:11.432Z]     [255/656] Building CXX object lib/mayaUsd/ufe/CMakeFiles/_ufe.dir/wrapNotice.cpp.o
[2022-06-29T18:28:11.432Z]     [256/656] Building CXX object lib/mayaUsd/render/mayaToHydra/CMakeFiles/mtoh.dir/pluginDebugCodes.cpp.o
[2022-06-29T18:28:12.103Z]     [257/656] Building CXX object lib/mayaUsd/ufe/CMakeFiles/_ufe.dir/wrapUtils.cpp.o
[2022-06-29T18:28:14.499Z]     [258/656] Building CXX object lib/mayaUsd/render/mayaToHydra/CMakeFiles/mtoh.dir/defaultLightDelegate.cpp.o
[2022-06-29T18:28:15.895Z]     [259/656] Building CXX object lib/mayaUsd/render/mayaToHydra/CMakeFiles/mtoh.dir/plugin.cpp.o
[2022-06-29T18:28:15.895Z]     [260/656] Building CXX object lib/mayaUsd/render/mayaToHydra/CMakeFiles/mtoh.dir/tokens.cpp.o
[2022-06-29T18:28:18.869Z]     [261/656] Building CXX object lib/mayaUsd/render/mayaToHydra/CMakeFiles/mtoh.dir/utils.cpp.o
[2022-06-29T18:28:20.261Z]     [262/656] Building CXX object lib/mayaUsd/render/mayaToHydra/CMakeFiles/mtoh.dir/renderGlobals.cpp.o
[2022-06-29T18:28:20.261Z]     [263/656] Building CXX object lib/usd/hdMaya/CMakeFiles/hdMaya.dir/debugCodes.cpp.o
[2022-06-29T18:28:20.261Z]     [264/656] Building CXX object lib/mayaUsd/render/mayaToHydra/CMakeFiles/mtoh.dir/shadingModeExporter.cpp.o
[2022-06-29T18:28:20.261Z]     [265/656] Building CXX object lib/mayaUsd/render/mayaToHydra/CMakeFiles/mtoh.dir/renderOverride.cpp.o
[2022-06-29T18:28:20.913Z]     [266/656] Building CXX object lib/usd/hdMaya/CMakeFiles/hdMaya.dir/adapters/adapterDebugCodes.cpp.o
[2022-06-29T18:28:20.913Z]     [267/656] Building CXX object lib/usd/hdMaya/CMakeFiles/hdMaya.dir/utils.cpp.o
[2022-06-29T18:28:24.090Z]     [268/656] Building CXX object lib/usd/hdMaya/CMakeFiles/hdMaya.dir/adapters/adapter.cpp.o
[2022-06-29T18:28:24.744Z]     [269/656] Building CXX object lib/mayaUsd/render/mayaToHydra/CMakeFiles/mtoh.dir/viewCommand.cpp.o
[2022-06-29T18:28:25.408Z]     [270/656] Building CXX object lib/usd/hdMaya/CMakeFiles/hdMaya.dir/adapters/aiSkydomeLightAdapter.cpp.o
[2022-06-29T18:28:26.771Z]     [271/656] Building CXX object lib/usd/hdMaya/CMakeFiles/hdMaya.dir/adapters/adapterRegistry.cpp.o
[2022-06-29T18:28:28.102Z]     [272/656] Building CXX object lib/usd/hdMaya/CMakeFiles/hdMaya.dir/adapters/areaLightAdapter.cpp.o
[2022-06-29T18:28:29.454Z]     [273/656] Building CXX object lib/usd/hdMaya/CMakeFiles/hdMaya.dir/adapters/cameraAdapter.cpp.o
[2022-06-29T18:28:29.454Z]     [274/656] Building CXX object lib/usd/hdMaya/CMakeFiles/hdMaya.dir/adapters/dagAdapter.cpp.o
[2022-06-29T18:28:30.834Z]     [275/656] Building CXX object lib/usd/hdMaya/CMakeFiles/hdMaya.dir/adapters/directionalLightAdapter.cpp.o
[2022-06-29T18:28:32.376Z]     [276/656] Building CXX object lib/usd/hdMaya/CMakeFiles/hdMaya.dir/adapters/lightAdapter.cpp.o
[2022-06-29T18:28:33.024Z]     [277/656] Building CXX object lib/usd/hdMaya/CMakeFiles/hdMaya.dir/adapters/mayaAttrs.cpp.o
[2022-06-29T18:28:34.364Z]     [278/656] Building CXX object lib/usd/hdMaya/CMakeFiles/hdMaya.dir/adapters/materialAdapter.cpp.o
[2022-06-29T18:28:35.827Z]     [279/656] Building CXX object lib/usd/hdMaya/CMakeFiles/hdMaya.dir/adapters/proxyAdapter.cpp.o
[2022-06-29T18:28:37.959Z]     [280/656] Building CXX object lib/usd/hdMaya/CMakeFiles/hdMaya.dir/adapters/meshAdapter.cpp.o
[2022-06-29T18:28:38.688Z]     [281/656] Building CXX object lib/usd/hdMaya/CMakeFiles/hdMaya.dir/adapters/nurbsCurveAdapter.cpp.o
[2022-06-29T18:28:39.617Z]     [282/656] Building CXX object lib/usd/hdMaya/CMakeFiles/hdMaya.dir/adapters/materialNetworkConverter.cpp.o
[2022-06-29T18:28:40.249Z]     [283/656] Building CXX object lib/usd/hdMaya/CMakeFiles/hdMaya.dir/adapters/pointLightAdapter.cpp.o
[2022-06-29T18:28:40.249Z]     [284/656] Building CXX object lib/usd/hdMaya/CMakeFiles/hdMaya.dir/adapters/tokens.cpp.o
[2022-06-29T18:28:41.644Z]     [285/656] Building CXX object lib/usd/hdMaya/CMakeFiles/hdMaya.dir/adapters/shapeAdapter.cpp.o
[2022-06-29T18:28:42.319Z]     [286/656] Building CXX object lib/usd/hdMaya/CMakeFiles/hdMaya.dir/delegates/delegateDebugCodes.cpp.o
[2022-06-29T18:28:42.982Z]     [287/656] Building CXX object lib/usd/hdMaya/CMakeFiles/hdMaya.dir/adapters/spotLightAdapter.cpp.o
[2022-06-29T18:28:43.624Z]     [288/656] Building CXX object lib/usd/hdMaya/CMakeFiles/hdMaya.dir/delegates/delegate.cpp.o
[2022-06-29T18:28:44.948Z]     [289/656] Building CXX object lib/usd/hdMaya/CMakeFiles/hdMaya.dir/delegates/delegateCtx.cpp.o
[2022-06-29T18:28:46.487Z]     [290/656] Building CXX object lib/usd/hdMaya/CMakeFiles/hdMaya.dir/delegates/delegateRegistry.cpp.o
[2022-06-29T18:28:49.520Z]     [291/656] Building CXX object lib/usd/hdMaya/CMakeFiles/hdMaya.dir/delegates/proxyUsdImagingDelegate.cpp.o
[2022-06-29T18:28:49.520Z]     [292/656] Building CXX object lib/usd/pxrUsdPreviewSurface/CMakeFiles/basePxrUsdPreviewSurface.dir/cpvColor.cpp.o
[2022-06-29T18:28:50.192Z]     [293/656] Building CXX object lib/usd/hdMaya/CMakeFiles/hdMaya.dir/delegates/proxyDelegate.cpp.o
[2022-06-29T18:28:50.844Z]     [294/656] Building CXX object lib/usd/pxrUsdPreviewSurface/CMakeFiles/basePxrUsdPreviewSurface.dir/usdPreviewSurface.cpp.o
[2022-06-29T18:28:51.491Z]     [295/656] Building CXX object lib/usd/hdMaya/CMakeFiles/hdMaya.dir/delegates/sceneDelegate.cpp.o
[2022-06-29T18:28:52.133Z]     [296/656] Building CXX object lib/usd/pxrUsdPreviewSurface/CMakeFiles/basePxrUsdPreviewSurface.dir/usdPreviewSurfaceShadingNodeOverride.cpp.o
[2022-06-29T18:28:52.826Z]     [297/656] Building CXX object lib/usd/hdMaya/CMakeFiles/hdMaya.dir/delegates/testDelegate.cpp.o
[2022-06-29T18:28:55.035Z]     [298/656] Building CXX object lib/usd/pxrUsdPreviewSurface/CMakeFiles/basePxrUsdPreviewSurface.dir/usdPreviewSurfacePlugin.cpp.o
[2022-06-29T18:28:55.699Z]     [299/656] Building CXX object lib/usd/pxrUsdPreviewSurface/CMakeFiles/basePxrUsdPreviewSurface.dir/usdPreviewSurfaceReader.cpp.o
[2022-06-29T18:28:56.557Z]     [300/656] Building CXX object lib/usd/pxrUsdPreviewSurface/CMakeFiles/basePxrUsdPreviewSurface.dir/usdPreviewSurfaceWriter.cpp.o
[2022-06-29T18:28:59.557Z]     [301/656] Building CXX object lib/usd/translators/CMakeFiles/mayaUsd_Translators.dir/jointWriter.cpp.o
[2022-06-29T18:28:59.557Z]     [302/656] Building CXX object lib/usd/translators/CMakeFiles/mayaUsd_Translators.dir/cameraReader.cpp.o
[2022-06-29T18:29:00.209Z]     [303/656] Building CXX object lib/usd/translators/CMakeFiles/mayaUsd_Translators.dir/cameraWriter.cpp.o
[2022-06-29T18:29:02.368Z]     [304/656] Building CXX object lib/usd/translators/CMakeFiles/mayaUsd_Translators.dir/instancerWriter.cpp.o
[2022-06-29T18:29:03.010Z]     [305/656] Building CXX object lib/usd/translators/CMakeFiles/mayaUsd_Translators.dir/lightRfMReader.cpp.o
[2022-06-29T18:29:03.010Z]     [306/656] Building CXX object lib/usd/translators/CMakeFiles/mayaUsd_Translators.dir/lightReader.cpp.o
[2022-06-29T18:29:04.398Z]     [307/656] Building CXX object lib/usd/translators/CMakeFiles/mayaUsd_Translators.dir/lightRfMWriter.cpp.o
[2022-06-29T18:29:06.667Z]     [308/656] Building CXX object lib/usd/translators/CMakeFiles/mayaUsd_Translators.dir/lightWriter.cpp.o
[2022-06-29T18:29:07.366Z]     [309/656] Building CXX object lib/usd/translators/CMakeFiles/mayaUsd_Translators.dir/locatorWriter.cpp.o
[2022-06-29T18:29:07.366Z]     [310/656] Building CXX object lib/usd/translators/CMakeFiles/mayaUsd_Translators.dir/materialReader.cpp.o
[2022-06-29T18:29:08.000Z]     [311/656] Building CXX object lib/usd/translators/CMakeFiles/mayaUsd_Translators.dir/mayaReferenceReader.cpp.o
[2022-06-29T18:29:11.355Z]     [312/656] Building CXX object lib/usd/translators/CMakeFiles/mayaUsd_Translators.dir/meshReader.cpp.o
[2022-06-29T18:29:11.994Z]     [313/656] Building CXX object lib/usd/translators/CMakeFiles/mayaUsd_Translators.dir/nurbsCurvesReader.cpp.o
[2022-06-29T18:29:12.638Z]     [314/656] Building CXX object lib/usd/translators/CMakeFiles/mayaUsd_Translators.dir/meshWriter.cpp.o
[2022-06-29T18:29:14.872Z]     [315/656] Building CXX object lib/usd/translators/CMakeFiles/mayaUsd_Translators.dir/meshWriter_BlendShapes.cpp.o
[2022-06-29T18:29:16.258Z]     [316/656] Building CXX object lib/usd/translators/CMakeFiles/mayaUsd_Translators.dir/nurbsPatchReader.cpp.o
[2022-06-29T18:29:16.895Z]     [317/656] Building CXX object lib/usd/translators/CMakeFiles/mayaUsd_Translators.dir/plugin.cpp.o
[2022-06-29T18:29:17.541Z]     [318/656] Building CXX object lib/usd/translators/CMakeFiles/mayaUsd_Translators.dir/nurbsCurveWriter.cpp.o
[2022-06-29T18:29:19.569Z]     [319/656] Building CXX object lib/usd/translators/CMakeFiles/mayaUsd_Translators.dir/nurbsSurfaceWriter.cpp.o
[2022-06-29T18:29:21.335Z]     [320/656] Building CXX object lib/usd/translators/CMakeFiles/mayaUsd_Translators.dir/scopeReader.cpp.o
[2022-06-29T18:29:21.335Z]     [321/656] Building CXX object lib/usd/translators/CMakeFiles/mayaUsd_Translators.dir/particleWriter.cpp.o
[2022-06-29T18:29:22.430Z]     [322/656] Building CXX object lib/usd/translators/CMakeFiles/mayaUsd_Translators.dir/skelReader.cpp.o
[2022-06-29T18:29:24.221Z]     [323/656] Building CXX object lib/usd/translators/CMakeFiles/mayaUsd_Translators.dir/shading/shadingTokens.cpp.o
[2022-06-29T18:29:24.221Z]     [324/656] Building CXX object lib/usd/translators/CMakeFiles/mayaUsd_Translators.dir/strokeWriter.cpp.o
[2022-06-29T18:29:24.927Z]     [325/656] Building CXX object lib/usd/translators/CMakeFiles/mayaUsd_Translators.dir/xformReader.cpp.o
[2022-06-29T18:29:26.656Z]     [326/656] Building CXX object lib/usd/translators/CMakeFiles/mayaUsd_Translators.dir/shading/usdBlinnReader.cpp.o
[2022-06-29T18:29:28.140Z]     [327/656] Building CXX object lib/usd/translators/CMakeFiles/mayaUsd_Translators.dir/shading/usdBlinnWriter.cpp.o
[2022-06-29T18:29:28.857Z]     [328/656] Building CXX object lib/usd/translators/CMakeFiles/mayaUsd_Translators.dir/shading/usdDisplacementShaderWriter.cpp.o
[2022-06-29T18:29:30.200Z]     [329/656] Building CXX object lib/usd/translators/CMakeFiles/mayaUsd_Translators.dir/shading/usdFileTextureWriter.cpp.o
[2022-06-29T18:29:31.566Z]     [330/656] Building CXX object lib/usd/translators/CMakeFiles/mayaUsd_Translators.dir/shading/usdLambertReader.cpp.o
[2022-06-29T18:29:32.956Z]     [331/656] Building CXX object lib/usd/translators/CMakeFiles/mayaUsd_Translators.dir/shading/usdLambertWriter.cpp.o
[2022-06-29T18:29:33.638Z]     [332/656] Building CXX object lib/usd/translators/CMakeFiles/mayaUsd_Translators.dir/shading/usdMaterialReader.cpp.o
[2022-06-29T18:29:35.782Z]     [333/656] Building CXX object lib/usd/translators/CMakeFiles/mayaUsd_Translators.dir/shading/usdMaterialWriter.cpp.o
[2022-06-29T18:29:36.455Z]     [334/656] Building CXX object lib/usd/translators/CMakeFiles/mayaUsd_Translators.dir/shading/usdPhongReader.cpp.o
[2022-06-29T18:29:37.840Z]     [335/656] Building CXX object lib/usd/translators/CMakeFiles/mayaUsd_Translators.dir/shading/usdPhongWriter.cpp.o
[2022-06-29T18:29:37.840Z]     [336/656] Building CXX object lib/usd/translators/CMakeFiles/mayaUsd_Translators.dir/shading/usdPhongEWriter.cpp.o
[2022-06-29T18:29:39.950Z]     [337/656] Building CXX object lib/usd/translators/CMakeFiles/mayaUsd_Translators.dir/shading/usdReflectWriter.cpp.o
[2022-06-29T18:29:42.215Z]     [338/656] Building CXX object lib/usd/translators/CMakeFiles/mayaUsd_Translators.dir/shading/usdPrimvarReaderFloat3Reader.cpp.o
[2022-06-29T18:29:42.215Z]     [339/656] Building CXX object lib/usd/translators/CMakeFiles/mayaUsd_Translators.dir/shading/usdUVTextureReader.cpp.o
[2022-06-29T18:29:42.215Z]     [340/656] Building CXX object lib/usd/schemas/CMakeFiles/_schemas.dir/module.cpp.o
[2022-06-29T18:29:44.402Z]     [341/656] Building CXX object lib/usd/schemas/CMakeFiles/_schemas.dir/wrapTokens.cpp.o
[2022-06-29T18:29:44.402Z]     [342/656] Building CXX object lib/usd/translators/CMakeFiles/mayaUsd_Translators.dir/shading/usdStandardSurfaceReader.cpp.o
[2022-06-29T18:29:45.061Z]     [343/656] Building CXX object lib/usd/translators/CMakeFiles/mayaUsd_Translators.dir/shading/rfmShaderTranslation.cpp.o
[2022-06-29T18:29:46.410Z]     [344/656] Building CXX object lib/usd/translators/CMakeFiles/mayaUsd_Translators.dir/shading/usdStandardSurfaceWriter.cpp.o
[2022-06-29T18:29:48.507Z]     [345/656] Building CXX object lib/usd/schemas/CMakeFiles/mayaUsd_Schemas.dir/ALMayaReference.cpp.o
[2022-06-29T18:29:49.192Z]     [346/656] Building CXX object lib/usd/schemas/CMakeFiles/_schemas.dir/wrapMayaReference.cpp.o
[2022-06-29T18:29:49.192Z]     [347/656] Building CXX object lib/usd/schemas/CMakeFiles/_schemas.dir/wrapALMayaReference.cpp.o
[2022-06-29T18:29:49.964Z]     [348/656] Building CXX object lib/usd/utils/CMakeFiles/mayaUsdUtils.dir/DebugCodes.cpp.o
[2022-06-29T18:29:49.964Z]     [349/656] Building CXX object lib/usd/schemas/CMakeFiles/mayaUsd_Schemas.dir/tokens.cpp.o
[2022-06-29T18:29:49.964Z]     [350/656] Building CXX object lib/usd/utils/CMakeFiles/mayaUsdUtils.dir/DiffCore.cpp.o
[2022-06-29T18:29:50.610Z]     [351/656] Building CXX object lib/usd/schemas/CMakeFiles/mayaUsd_Schemas.dir/ModuleDeps.cpp.o
[2022-06-29T18:29:50.610Z]     [352/656] Building CXX object lib/usd/schemas/CMakeFiles/mayaUsd_Schemas.dir/MayaReference.cpp.o
[2022-06-29T18:29:50.610Z]     [353/656] Linking CXX shared library lib/usd/schemas/libmayaUsd_Schemas.dylib
[2022-06-29T18:29:50.610Z]     [354/656] Linking CXX shared library lib/usd/schemas/_schemas.so
[2022-06-29T18:29:53.580Z]     [355/656] Building CXX object lib/usd/utils/CMakeFiles/mayaUsdUtils.dir/DiffAttributes.cpp.o
[2022-06-29T18:29:53.580Z]     [356/656] Building CXX object lib/usd/utils/CMakeFiles/mayaUsdUtils.dir/DiffDictionaries.cpp.o
[2022-06-29T18:29:54.909Z]     [357/656] Building CXX object lib/usd/utils/CMakeFiles/mayaUsdUtils.dir/DiffMetadatas.cpp.o
[2022-06-29T18:29:55.585Z]     [358/656] Building CXX object lib/usd/utils/CMakeFiles/mayaUsdUtils.dir/DiffLists.cpp.o
[2022-06-29T18:29:57.677Z]     [359/656] Building CXX object lib/usd/utils/CMakeFiles/mayaUsdUtils.dir/DiffRelationships.cpp.o
[2022-06-29T18:29:58.327Z]     [360/656] Building CXX object lib/usd/utils/CMakeFiles/mayaUsdUtils.dir/DiffPrims.cpp.o
[2022-06-29T18:29:59.668Z]     [361/656] Building CXX object lib/usd/utils/CMakeFiles/mayaUsdUtils.dir/MergePrimsOptions.cpp.o
[2022-06-29T18:29:59.668Z]     [362/656] Copying importTranslator.h ...
[2022-06-29T18:29:59.668Z]     [363/656] Copying listShadingModesCommand.h ...
[2022-06-29T18:29:59.668Z]     [364/656] Copying api.h ...
[2022-06-29T18:29:59.668Z]     [365/656] Copying editUtil.h ...
[2022-06-29T18:29:59.668Z]     [366/656] Copying translatorModelAssembly.h ...
[2022-06-29T18:29:59.668Z]     [367/656] Copying exportCommand.h ...
[2022-06-29T18:30:00.314Z]     [368/656] Copying exportTranslator.h ...
[2022-06-29T18:30:00.314Z]     [369/656] Building CXX object lib/usd/utils/CMakeFiles/mayaUsdUtils.dir/DiffValues.cpp.o
[2022-06-29T18:30:00.314Z]     [370/656] Copying importCommand.h ...
[2022-06-29T18:30:00.314Z]     [371/656] Copying proxyShape.h ...
[2022-06-29T18:30:00.314Z]     [372/656] Copying referenceAssembly.h ...
[2022-06-29T18:30:00.314Z]     [373/656] Copying readJobWithSceneAssembly.h ...
[2022-06-29T18:30:00.314Z]     [374/656] Copying instancerShapeAdapterWithSceneAssembly.h ...
[2022-06-29T18:30:00.314Z]     [375/656] Generating AEpxrUsdReferenceAssemblyTemplate.pyc
[2022-06-29T18:30:00.314Z]     [376/656] Generating __init__.pyc
[2022-06-29T18:30:00.314Z]     [377/656] Generating userExportedAttributesUI.pyc
[2022-06-29T18:30:02.475Z]     [378/656] Building CXX object lib/usd/utils/CMakeFiles/mayaUsdUtils.dir/util.cpp.o
[2022-06-29T18:30:03.316Z]     [379/656] Building CXX object lib/usd/utils/CMakeFiles/mayaUsdUtils.dir/MergePrims.cpp.o
[2022-06-29T18:30:03.316Z]     [380/656] Linking CXX shared library lib/usd/utils/libmayaUsdUtils.dylib
[2022-06-29T18:30:03.316Z]     [381/656] Linking CXX executable test/lib/usd/utils/testMergePrims
[2022-06-29T18:30:03.316Z]     [382/656] Linking CXX executable test/lib/usd/utils/testDiffComputeOverall
[2022-06-29T18:30:03.316Z]     [383/656] Linking CXX executable test/lib/usd/utils/testDiffPrims
[2022-06-29T18:30:03.316Z]     [384/656] Linking CXX executable test/lib/usd/utils/testDiffDictionaries
[2022-06-29T18:30:03.316Z]     [385/656] Linking CXX executable test/lib/usd/utils/testDiffLists
[2022-06-29T18:30:03.316Z]     [386/656] Linking CXX executable test/lib/usd/utils/testDiffAttributes
[2022-06-29T18:30:03.316Z]     [387/656] Linking CXX executable test/lib/usd/utils/testDiffCore
[2022-06-29T18:30:03.316Z]     [388/656] Linking CXX executable test/lib/usd/utils/testDiffMetadatas
[2022-06-29T18:30:03.316Z]     [389/656] Linking CXX executable test/lib/usd/utils/testDiffValues
[2022-06-29T18:30:04.026Z]     [390/656] Linking CXX executable test/lib/usd/utils/testDiffRelationships
[2022-06-29T18:30:04.026Z]     [391/656] Linking CXX shared library lib/mayaUsd/libmayaUsd.dylib
[2022-06-29T18:30:04.026Z]     [392/656] Linking CXX shared library test/lib/usd/plugin/libusdTestApiWriter.dylib
[2022-06-29T18:30:04.026Z]     [393/656] Linking CXX shared library test/lib/usd/plugin/libusdTestUsdPlugin.dylib
[2022-06-29T18:30:04.764Z]     [394/656] Linking CXX shared library test/lib/usd/plugin/usdTestInfoImportChaser.bundle
[2022-06-29T18:30:04.764Z]     [395/656] Linking CXX shared library test/lib/usd/plugin/usdTestMayaPlugin.bundle
[2022-06-29T18:30:04.764Z]     [396/656] Building CXX object plugin/pxr/maya/lib/usdMaya/CMakeFiles/usdMaya.dir/readJobWithSceneAssembly.cpp.o
[2022-06-29T18:30:04.764Z]     [397/656] Linking CXX shared library lib/mayaUsd/ufe/_ufe.so
[2022-06-29T18:30:04.764Z]     [398/656] Linking CXX shared library lib/mayaUsd/python/_mayaUsd.so
[2022-06-29T18:30:04.764Z]     [399/656] Linking CXX shared library lib/usd/pxrUsdPreviewSurface/libbasePxrUsdPreviewSurface.dylib
[2022-06-29T18:30:04.764Z]     [400/656] Linking CXX shared library lib/usd/hdMaya/libhdMaya.dylib
[2022-06-29T18:30:05.533Z]     [401/656] Linking CXX shared library lib/mayaUsd/render/mayaToHydra/mtoh.bundle
[2022-06-29T18:30:05.533Z]     [402/656] Linking CXX shared library lib/usd/translators/libmayaUsd_Translators.dylib
[2022-06-29T18:30:06.179Z]     [403/656] Building CXX object plugin/pxr/maya/lib/usdMaya/CMakeFiles/usdMaya.dir/readJob_ImportWithProxies.cpp.o
[2022-06-29T18:30:12.937Z]     [404/656] Building CXX object plugin/pxr/maya/lib/usdMaya/CMakeFiles/usdMaya.dir/instancerShapeAdapterWithSceneAssembly.cpp.o
[2022-06-29T18:30:14.428Z]     [405/656] Building CXX object plugin/pxr/maya/lib/usdMaya/CMakeFiles/usdMaya.dir/editUtil.cpp.o
[2022-06-29T18:30:16.608Z]     [406/656] Building CXX object plugin/pxr/maya/lib/usdMaya/CMakeFiles/usdMaya.dir/translatorModelAssembly.cpp.o
[2022-06-29T18:30:18.713Z]     [407/656] Building CXX object plugin/pxr/maya/lib/usdMaya/CMakeFiles/usdMaya.dir/exportCommand.cpp.o
[2022-06-29T18:30:19.560Z]     [408/656] Automatic MOC and UIC for target mayaUsdUI
[2022-06-29T18:30:19.560Z]     [409/656] Automatic RCC for layerEditor/resources.qrc
[2022-06-29T18:30:19.560Z]     [410/656] Automatic RCC for importDialog/images/ui.qrc
[2022-06-29T18:30:20.210Z]     [411/656] Building CXX object plugin/pxr/maya/lib/usdMaya/CMakeFiles/usdMaya.dir/exportTranslator.cpp.o
[2022-06-29T18:30:20.879Z]     [412/656] Building CXX object plugin/pxr/maya/lib/usdMaya/CMakeFiles/usdMaya.dir/importCommand.cpp.o
[2022-06-29T18:30:22.410Z]     [413/656] Building CXX object lib/usd/ui/CMakeFiles/mayaUsdUI.dir/layerEditor/dirtyLayersCountBadge.cpp.o
[2022-06-29T18:30:23.503Z]     [414/656] Building CXX object lib/usd/ui/CMakeFiles/mayaUsdUI.dir/layerEditor/generatedIconButton.cpp.o
[2022-06-29T18:30:24.326Z]     [415/656] Building CXX object plugin/pxr/maya/lib/usdMaya/CMakeFiles/usdMaya.dir/importTranslator.cpp.o
[2022-06-29T18:30:25.066Z]     [416/656] Building CXX object lib/usd/ui/CMakeFiles/mayaUsdUI.dir/mayaUsdUI_autogen/mocs_compilation.cpp.o
[2022-06-29T18:30:28.126Z]     [417/656] Building CXX object lib/usd/ui/CMakeFiles/mayaUsdUI.dir/layerEditor/layerEditorWidget.cpp.o
[2022-06-29T18:30:29.062Z]     [418/656] Building CXX object lib/usd/ui/CMakeFiles/mayaUsdUI.dir/layerEditor/layerTreeItemDelegate.cpp.o
[2022-06-29T18:30:29.062Z]     [419/656] Building CXX object lib/usd/ui/CMakeFiles/mayaUsdUI.dir/layerEditor/layerTreeItem.cpp.o
[2022-06-29T18:30:30.863Z]     [420/656] Building CXX object lib/usd/ui/CMakeFiles/mayaUsdUI.dir/layerEditor/layerTreeModel.cpp.o
[2022-06-29T18:30:33.106Z]     [421/656] Building CXX object lib/usd/ui/CMakeFiles/mayaUsdUI.dir/layerEditor/mayaCommandHook.cpp.o
[2022-06-29T18:30:33.800Z]     [422/656] Building CXX object lib/usd/ui/CMakeFiles/mayaUsdUI.dir/layerEditor/layerTreeView.cpp.o
[2022-06-29T18:30:33.800Z]     [423/656] Building CXX object lib/usd/ui/CMakeFiles/mayaUsdUI.dir/layerEditor/loadLayersDialog.cpp.o
[2022-06-29T18:30:35.246Z]     [424/656] Building CXX object lib/usd/ui/CMakeFiles/mayaUsdUI.dir/layerEditor/mayaQtUtils.cpp.o
[2022-06-29T18:30:36.688Z]     [425/656] Building CXX object lib/usd/ui/CMakeFiles/mayaUsdUI.dir/layerEditor/mayaLayerEditorWindow.cpp.o
[2022-06-29T18:30:37.334Z]     [426/656] Building CXX object lib/usd/ui/CMakeFiles/mayaUsdUI.dir/layerEditor/qtUtils.cpp.o
[2022-06-29T18:30:38.138Z]     [427/656] Building CXX object lib/usd/ui/CMakeFiles/mayaUsdUI.dir/layerEditor/pathChecker.cpp.o
[2022-06-29T18:30:39.627Z]     [428/656] Building CXX object lib/usd/ui/CMakeFiles/mayaUsdUI.dir/layerEditor/mayaSessionState.cpp.o
[2022-06-29T18:30:40.426Z]     [429/656] Building CXX object lib/usd/ui/CMakeFiles/mayaUsdUI.dir/layerEditor/stringResources.cpp.o
[2022-06-29T18:30:40.426Z]     [430/656] Building CXX object lib/usd/ui/CMakeFiles/mayaUsdUI.dir/layerEditor/sessionState.cpp.o
[2022-06-29T18:30:41.800Z]     [431/656] Building CXX object lib/usd/ui/CMakeFiles/mayaUsdUI.dir/layerEditor/warningDialogs.cpp.o
[2022-06-29T18:30:43.246Z]     [432/656] Building CXX object lib/usd/ui/CMakeFiles/mayaUsdUI.dir/layerEditor/stageSelectorWidget.cpp.o
[2022-06-29T18:30:45.401Z]     [433/656] Building CXX object lib/usd/ui/CMakeFiles/mayaUsdUI.dir/layerEditor/saveLayersDialog.cpp.o
[2022-06-29T18:30:46.047Z]     [434/656] Building CXX object lib/usd/ui/CMakeFiles/mayaUsdUI.dir/layerEditor/batchSaveLayersUIDelegate.cpp.o
[2022-06-29T18:30:46.047Z]     [435/656] Building CXX object lib/usd/ui/CMakeFiles/mayaUsdUI.dir/importDialog/ItemDelegate.cpp.o
[2022-06-29T18:30:47.366Z]     [436/656] Building CXX object lib/usd/ui/CMakeFiles/mayaUsdUI.dir/importDialog/TreeItem.cpp.o
[2022-06-29T18:30:49.707Z]     [437/656] Building CXX object lib/usd/ui/CMakeFiles/mayaUsdUI.dir/importDialog/TreeModel.cpp.o
[2022-06-29T18:30:50.352Z]     [438/656] Building CXX object lib/usd/ui/CMakeFiles/mayaUsdUI.dir/importDialog/TreeModelFactory.cpp.o
[2022-06-29T18:30:50.352Z]     [439/656] Building CXX object lib/usd/ui/CMakeFiles/mayaUsdUI.dir/initStringResources.cpp.o
[2022-06-29T18:30:50.352Z]     [440/656] Building CXX object lib/usd/ui/CMakeFiles/mayaUsdUI.dir/mayaUsdUI_autogen/5WMDHDZAMM/qrc_resources.cpp.o
[2022-06-29T18:30:50.352Z]     [441/656] Building CXX object lib/usd/ui/CMakeFiles/mayaUsdUI.dir/mayaUsdUI_autogen/AUCU3ACLTF/qrc_ui.cpp.o
[2022-06-29T18:30:50.352Z]     [442/656] Building CXX object lib/usd/ui/CMakeFiles/mayaUsdUI.dir/importDialog/USDQtUtil.cpp.o
[2022-06-29T18:30:51.085Z]     [443/656] Building CXX object lib/usd/ui/CMakeFiles/mayaUsdUI.dir/importDialog/USDImportDialog.cpp.o
[2022-06-29T18:30:51.085Z]     [444/656] Building CXX object plugin/pxr/maya/lib/usdMaya/CMakeFiles/usdMaya.dir/listShadingModesCommand.cpp.o
[2022-06-29T18:30:51.085Z]     [445/656] Building CXX object plugin/pxr/maya/lib/usdMaya/CMakeFiles/_usdMaya.dir/module.cpp.o
[2022-06-29T18:30:51.897Z]     [446/656] Building CXX object lib/usd/ui/CMakeFiles/mayaUsdUI.dir/importDialog/USDImportDialogCmd.cpp.o
[2022-06-29T18:30:51.897Z]     [447/656] Linking CXX shared library lib/usd/ui/libmayaUsdUI.dylib
[2022-06-29T18:30:51.897Z]     [448/656] Automatic MOC and UIC for target testMayaUsdUI
[2022-06-29T18:30:51.897Z]     [449/656] Building CXX object lib/usd/ui/importDialogDemo/CMakeFiles/testMayaUsdUI.dir/testMayaUsdUI_autogen/mocs_compilation.cpp.o
[2022-06-29T18:30:54.946Z]     [450/656] Building CXX object plugin/pxr/maya/lib/usdMaya/CMakeFiles/_usdMaya.dir/wrapAssembly.cpp.o
[2022-06-29T18:30:56.303Z]     [451/656] Building CXX object lib/usd/ui/importDialogDemo/CMakeFiles/testMayaUsdUI.dir/testMayaUsdUI.cpp.o
[2022-06-29T18:30:56.303Z]     [452/656] Linking CXX executable lib/usd/ui/importDialogDemo/testMayaUsdUI
[2022-06-29T18:30:56.303Z]     [453/656] Copying api.h ...
[2022-06-29T18:30:56.303Z]     [454/656] Building CXX object plugin/pxr/maya/lib/usdMaya/CMakeFiles/usdMaya.dir/proxyShape.cpp.o
[2022-06-29T18:31:00.429Z]     [455/656] Building CXX object plugin/pxr/maya/lib/usdMaya/CMakeFiles/usdMaya.dir/referenceAssembly.cpp.o
[2022-06-29T18:31:00.429Z]     [456/656] Linking CXX shared library plugin/pxr/maya/lib/usdMaya/libusdMaya.dylib
[2022-06-29T18:31:01.203Z]     [457/656] Building CXX object plugin/pxr/maya/lib/usdMaya/CMakeFiles/_usdMaya.dir/wrapEditUtil.cpp.o
[2022-06-29T18:31:01.203Z]     [458/656] Linking CXX shared library plugin/pxr/maya/lib/usdMaya/_usdMaya.so
[2022-06-29T18:31:01.203Z]     [459/656] Copying api.h ...
[2022-06-29T18:31:01.926Z]     [460/656] Building CXX object plugin/pxr/maya/plugin/pxrUsd/CMakeFiles/pxrUsd.dir/alembicChaser.cpp.o
[2022-06-29T18:31:02.633Z]     [461/656] Building CXX object plugin/pxr/maya/plugin/pxrUsd/CMakeFiles/pxrUsd.dir/plugin.cpp.o
[2022-06-29T18:31:02.633Z]     [462/656] Building CXX object plugin/al/utils/AL/CMakeFiles/AL_EventSystem.dir/event/EventHandler.cpp.o
[2022-06-29T18:31:02.633Z]     [463/656] Linking CXX shared library plugin/al/utils/AL/libAL_EventSystem.dylib
[2022-06-29T18:31:04.066Z]     [464/656] Building CXX object plugin/al/mayatest/AL/maya/test/CMakeFiles/AL_MayaTest.dir/testHarness.cpp.o
[2022-06-29T18:31:04.067Z]     [465/656] Building CXX object plugin/pxr/maya/plugin/pxrUsd/CMakeFiles/pxrUsd.dir/usdTranslator.cpp.o
[2022-06-29T18:31:04.067Z]     [466/656] Linking CXX shared library plugin/pxr/maya/plugin/pxrUsd/pxrUsd.bundle
[2022-06-29T18:31:04.925Z]     [467/656] Building CXX object plugin/al/mayatest/AL/maya/test/CMakeFiles/AL_MayaTest.dir/testHelpers.cpp.o
[2022-06-29T18:31:04.925Z]     [468/656] Linking CXX shared library plugin/al/mayatest/AL/maya/test/libAL_MayaTest.dylib
[2022-06-29T18:31:04.925Z]     [469/656] Building CXX object plugin/al/mayautils/AL/maya/CMakeFiles/AL_MayaUtils.dir/utils/MenuBuilder.cpp.o
[2022-06-29T18:31:04.925Z]     [470/656] Building CXX object plugin/pxr/maya/plugin/pxrUsdPreviewSurface/CMakeFiles/pxrUsdPreviewSurface.dir/plugin.cpp.o
[2022-06-29T18:31:04.925Z]     [471/656] Linking CXX shared library plugin/pxr/maya/plugin/pxrUsdPreviewSurface/pxrUsdPreviewSurface.bundle
[2022-06-29T18:31:04.925Z]     [472/656] Building CXX object plugin/al/mayautils/AL/maya/CMakeFiles/AL_MayaUtils.dir/utils/FileTranslatorOptions.cpp.o
[2022-06-29T18:31:05.573Z]     [473/656] Building CXX object plugin/al/mayautils/AL/maya/CMakeFiles/AL_MayaUtils.dir/utils/Utils.cpp.o
[2022-06-29T18:31:06.327Z]     [474/656] Building CXX object plugin/al/mayautils/AL/maya/CMakeFiles/AL_MayaUtils.dir/utils/PluginTranslatorOptions.cpp.o
[2022-06-29T18:31:06.991Z]     [475/656] Building CXX object plugin/al/mayautils/AL/maya/CMakeFiles/AL_MayaUtils.dir/utils/CommandGuiHelper.cpp.o
[2022-06-29T18:31:06.991Z]     [476/656] Building CXX object plugin/al/mayautils/AL/maya/CMakeFiles/AL_MayaUtils.dir/utils/NodeHelper.cpp.o
[2022-06-29T18:31:06.991Z]     [477/656] Building CXX object plugin/al/mayautils/AL/maya/CMakeFiles/AL_MayaUtils.dir/event/MayaEventManager.cpp.o
[2022-06-29T18:31:06.991Z]     [478/656] Linking CXX shared library plugin/al/mayautils/AL/maya/libAL_MayaUtils.dylib
[2022-06-29T18:31:06.991Z]     [479/656] Building CXX object plugin/al/mayautils/AL/maya/tests/mayaplugintest/CMakeFiles/AL_MayaUtilsTests.dir/plugin.cpp.o
[2022-06-29T18:31:07.824Z]     [480/656] Building CXX object plugin/al/mayautils/AL/maya/tests/mayaplugintest/CMakeFiles/AL_MayaUtilsTests.dir/test_mobjectmap.cpp.o
[2022-06-29T18:31:07.824Z]     [481/656] Building CXX object plugin/al/mayautils/AL/maya/tests/mayaplugintest/CMakeFiles/AL_MayaUtilsTests.dir/utils/CommandGuiHelperTest.cpp.o
[2022-06-29T18:31:08.512Z]     [482/656] Building CXX object plugin/al/mayautils/AL/maya/tests/mayaplugintest/CMakeFiles/AL_MayaUtilsTests.dir/test_maya_MenuBuilder.cpp.o
[2022-06-29T18:31:08.512Z]     [483/656] Building CXX object plugin/al/mayautils/AL/maya/tests/mayaplugintest/CMakeFiles/AL_MayaUtilsTests.dir/utils/NodeHelperUnitTest.cpp.o
[2022-06-29T18:31:09.167Z]     [484/656] Building CXX object plugin/al/mayautils/AL/maya/tests/mayaplugintest/CMakeFiles/AL_MayaUtilsTests.dir/test_maya_NodeHelper.cpp.o
[2022-06-29T18:31:10.043Z]     [485/656] Building CXX object plugin/al/mayautils/AL/maya/tests/mayaplugintest/CMakeFiles/AL_MayaUtilsTests.dir/utils/PluginTranslatorOptionsTest.cpp.o
[2022-06-29T18:31:10.043Z]     [486/656] Linking CXX shared library plugin/al/mayautils/AL/maya/tests/mayaplugintest/AL_MayaUtilsTests.bundle
[2022-06-29T18:31:12.191Z]     [487/656] Building CXX object plugin/al/usdmayautils/AL/usdmaya/utils/CMakeFiles/AL_USDMayaUtils.dir/AttributeType.cpp.o
[2022-06-29T18:31:12.902Z]     [488/656] Building CXX object plugin/al/usdmayautils/AL/usdmaya/utils/CMakeFiles/AL_USDMayaUtils.dir/AnimationTranslator.cpp.o
[2022-06-29T18:31:13.646Z]     [489/656] Building CXX object plugin/al/usdmayautils/AL/usdmaya/utils/CMakeFiles/AL_USDMayaUtils.dir/Utils.cpp.o
[2022-06-29T18:31:17.826Z]     [490/656] Building CXX object plugin/al/usdmayautils/AL/usdmaya/utils/CMakeFiles/AL_USDMayaUtils.dir/NurbsCurveUtils.cpp.o
[2022-06-29T18:31:17.826Z]     [491/656] Building CXX object plugin/al/usdtransaction/AL/usd/transaction/CMakeFiles/_AL_USDTransaction.dir/module.cpp.o
[2022-06-29T18:31:18.617Z]     [492/656] Building CXX object plugin/al/usdmayautils/AL/usdmaya/utils/CMakeFiles/AL_USDMayaUtils.dir/MeshUtils.cpp.o
[2022-06-29T18:31:19.311Z]     [493/656] Building CXX object plugin/al/usdmayautils/AL/usdmaya/utils/CMakeFiles/AL_USDMayaUtils.dir/DiffPrimVar.cpp.o
[2022-06-29T18:31:19.311Z]     [494/656] Building CXX object plugin/al/usdmayautils/AL/usdmaya/utils/CMakeFiles/AL_USDMayaUtils.dir/DgNodeHelper.cpp.o
[2022-06-29T18:31:19.311Z]     [495/656] Linking CXX shared library plugin/al/usdmayautils/AL/usdmaya/utils/libAL_USDMayaUtils.dylib
[2022-06-29T18:31:22.489Z]     [496/656] Building CXX object plugin/al/usdtransaction/AL/usd/transaction/CMakeFiles/_AL_USDTransaction.dir/wrapNotice.cpp.o
[2022-06-29T18:31:22.489Z]     [497/656] Building CXX object plugin/al/usdtransaction/AL/usd/transaction/CMakeFiles/AL_USDTransaction.dir/Notice.cpp.o
[2022-06-29T18:31:23.143Z]     [498/656] Building CXX object plugin/al/usdtransaction/AL/usd/transaction/CMakeFiles/_AL_USDTransaction.dir/wrapTransaction.cpp.o
[2022-06-29T18:31:23.872Z]     [499/656] Building CXX object plugin/al/usdtransaction/AL/usd/transaction/CMakeFiles/_AL_USDTransaction.dir/wrapTransactionManager.cpp.o
[2022-06-29T18:31:23.872Z]     [500/656] Building CXX object plugin/al/usdtransaction/AL/usd/transaction/tests/CMakeFiles/AL_USDTransactionTests.dir/testMain.cpp.o
[2022-06-29T18:31:25.905Z]     [501/656] Building CXX object plugin/al/usdtransaction/AL/usd/transaction/CMakeFiles/AL_USDTransaction.dir/Transaction.cpp.o
[2022-06-29T18:31:25.905Z]     [502/656] Building CXX object plugin/al/lib/AL_USDMaya/CMakeFiles/_AL_USDMaya.dir/AL/usdmaya/module.cpp.o
[2022-06-29T18:31:26.611Z]     [503/656] Building CXX object plugin/al/usdtransaction/AL/usd/transaction/CMakeFiles/AL_USDTransaction.dir/TransactionManager.cpp.o
[2022-06-29T18:31:26.611Z]     [504/656] Linking CXX shared library plugin/al/usdtransaction/AL/usd/transaction/libAL_USDTransaction.dylib
[2022-06-29T18:31:26.611Z]     [505/656] Linking CXX shared library plugin/al/usdtransaction/AL/usd/transaction/_AL_USDTransaction.so
[2022-06-29T18:31:28.122Z]     [506/656] Building CXX object plugin/al/usdtransaction/AL/usd/transaction/tests/CMakeFiles/AL_USDTransactionTests.dir/testTransactionManager.cpp.o
[2022-06-29T18:31:28.122Z]     [507/656] Building CXX object plugin/al/lib/AL_USDMaya/CMakeFiles/_AL_USDMaya.dir/AL/usdmaya/wrapStageCache.cpp.o
[2022-06-29T18:31:29.351Z]     [508/656] Building CXX object plugin/al/usdtransaction/AL/usd/transaction/tests/CMakeFiles/AL_USDTransactionTests.dir/testTransaction.cpp.o
[2022-06-29T18:31:29.351Z]     [509/656] Linking CXX executable plugin/al/usdtransaction/AL/usd/transaction/tests/AL_USDTransactionTests
[2022-06-29T18:31:32.275Z]     [510/656] Building CXX object plugin/al/lib/AL_USDMaya/CMakeFiles/_AL_USDMaya.dir/AL/usdmaya/nodes/wrapLayerManager.cpp.o
[2022-06-29T18:31:33.858Z]     [511/656] Building CXX object plugin/al/lib/AL_USDMaya/CMakeFiles/_AL_USDMaya.dir/AL/usdmaya/nodes/wrapProxyShape.cpp.o
[2022-06-29T18:31:34.760Z]     [512/656] Building CXX object plugin/al/lib/AL_USDMaya/CMakeFiles/AL_USDMaya.dir/AL/usdmaya/Metadata.cpp.o
[2022-06-29T18:31:35.538Z]     [513/656] Building CXX object plugin/al/lib/AL_USDMaya/CMakeFiles/AL_USDMaya.dir/AL/usdmaya/StageCache.cpp.o
[2022-06-29T18:31:36.311Z]     [514/656] Building CXX object plugin/al/lib/AL_USDMaya/CMakeFiles/_AL_USDMaya.dir/AL/usdmaya/fileio/translators/wrapTranslatorContext.cpp.o
[2022-06-29T18:31:36.311Z]     [515/656] Building CXX object plugin/al/lib/AL_USDMaya/CMakeFiles/AL_USDMaya.dir/AL/usdmaya/Global.cpp.o
[2022-06-29T18:31:38.156Z]     [516/656] Building CXX object plugin/al/lib/AL_USDMaya/CMakeFiles/AL_USDMaya.dir/AL/usdmaya/moduleDeps.cpp.o
[2022-06-29T18:31:38.156Z]     [517/656] Building CXX object plugin/al/lib/AL_USDMaya/CMakeFiles/_AL_USDMaya.dir/AL/usdmaya/fileio/translators/wrapTranslatorBase.cpp.o
[2022-06-29T18:31:38.931Z]     [518/656] Building CXX object plugin/al/lib/AL_USDMaya/CMakeFiles/AL_USDMaya.dir/AL/usdmaya/cmds/DebugCommands.cpp.o
[2022-06-29T18:31:38.931Z]     [519/656] Building CXX object plugin/al/lib/AL_USDMaya/CMakeFiles/AL_USDMaya.dir/AL/usdmaya/cmds/EventCommand.cpp.o
[2022-06-29T18:31:39.579Z]     [520/656] Building CXX object plugin/al/lib/AL_USDMaya/CMakeFiles/AL_USDMaya.dir/AL/usdmaya/TransformOperation.cpp.o
[2022-06-29T18:31:41.012Z]     [521/656] Building CXX object plugin/al/lib/AL_USDMaya/CMakeFiles/AL_USDMaya.dir/AL/usdmaya/cmds/CreateUsdPrim.cpp.o
[2022-06-29T18:31:41.012Z]     [522/656] Building CXX object plugin/al/lib/AL_USDMaya/CMakeFiles/AL_USDMaya.dir/AL/usdmaya/cmds/RendererCommands.cpp.o
[2022-06-29T18:31:43.401Z]     [523/656] Building CXX object plugin/al/lib/AL_USDMaya/CMakeFiles/AL_USDMaya.dir/AL/usdmaya/cmds/ListTranslators.cpp.o
[2022-06-29T18:31:43.401Z]     [524/656] Building CXX object plugin/al/lib/AL_USDMaya/CMakeFiles/AL_USDMaya.dir/AL/usdmaya/cmds/SyncFileIOGui.cpp.o
[2022-06-29T18:31:44.843Z]     [525/656] Building CXX object plugin/al/lib/AL_USDMaya/CMakeFiles/AL_USDMaya.dir/AL/usdmaya/cmds/LayerCommands.cpp.o
[2022-06-29T18:31:46.460Z]     [526/656] Building CXX object plugin/al/lib/AL_USDMaya/CMakeFiles/AL_USDMaya.dir/AL/usdmaya/cmds/ProxyShapeCommands.cpp.o
[2022-06-29T18:31:46.460Z]     [527/656] Building CXX object plugin/al/lib/AL_USDMaya/CMakeFiles/AL_USDMaya.dir/AL/usdmaya/cmds/ProxyShapePostLoadProcess.cpp.o
[2022-06-29T18:31:48.664Z]     [528/656] Building CXX object plugin/al/lib/AL_USDMaya/CMakeFiles/AL_USDMaya.dir/AL/usdmaya/cmds/UnloadPrim.cpp.o
[2022-06-29T18:31:49.327Z]     [529/656] Building CXX object plugin/al/lib/AL_USDMaya/CMakeFiles/AL_USDMaya.dir/AL/usdmaya/fileio/AnimationTranslator.cpp.o
[2022-06-29T18:31:50.918Z]     [530/656] Building CXX object plugin/al/lib/AL_USDMaya/CMakeFiles/AL_USDMaya.dir/AL/usdmaya/fileio/ExportTranslator.cpp.o
[2022-06-29T18:31:53.192Z]     [531/656] Building CXX object plugin/al/lib/AL_USDMaya/CMakeFiles/AL_USDMaya.dir/AL/usdmaya/fileio/ImportTranslator.cpp.o
[2022-06-29T18:31:53.839Z]     [532/656] Building CXX object plugin/al/lib/AL_USDMaya/CMakeFiles/AL_USDMaya.dir/AL/usdmaya/fileio/Import.cpp.o
[2022-06-29T18:31:53.839Z]     [533/656] Building CXX object plugin/al/lib/AL_USDMaya/CMakeFiles/AL_USDMaya.dir/AL/usdmaya/fileio/Export.cpp.o
[2022-06-29T18:31:55.252Z]     [534/656] Building CXX object plugin/al/lib/AL_USDMaya/CMakeFiles/AL_USDMaya.dir/AL/usdmaya/fileio/NodeFactory.cpp.o
[2022-06-29T18:31:57.458Z]     [535/656] Building CXX object plugin/al/lib/AL_USDMaya/CMakeFiles/AL_USDMaya.dir/AL/usdmaya/fileio/SchemaPrims.cpp.o
[2022-06-29T18:31:57.458Z]     [536/656] Building CXX object plugin/al/lib/AL_USDMaya/CMakeFiles/AL_USDMaya.dir/AL/usdmaya/fileio/TransformIterator.cpp.o
[2022-06-29T18:31:58.177Z]     [537/656] Building CXX object plugin/al/lib/AL_USDMaya/CMakeFiles/AL_USDMaya.dir/AL/usdmaya/fileio/translators/DagNodeTranslator.cpp.o
[2022-06-29T18:31:59.635Z]     [538/656] Building CXX object plugin/al/lib/AL_USDMaya/CMakeFiles/AL_USDMaya.dir/AL/usdmaya/fileio/translators/DgNodeTranslator.cpp.o
[2022-06-29T18:32:02.739Z]     [539/656] Building CXX object plugin/al/lib/AL_USDMaya/CMakeFiles/AL_USDMaya.dir/AL/usdmaya/fileio/translators/TranslatorBase.cpp.o
[2022-06-29T18:32:03.435Z]     [540/656] Building CXX object plugin/al/lib/AL_USDMaya/CMakeFiles/AL_USDMaya.dir/AL/usdmaya/fileio/translators/TransformTranslator.cpp.o
[2022-06-29T18:32:03.435Z]     [541/656] Building CXX object plugin/al/lib/AL_USDMaya/CMakeFiles/AL_USDMaya.dir/AL/usdmaya/fileio/translators/TranslatorTestPlugin.cpp.o
[2022-06-29T18:32:03.435Z]     [542/656] Building CXX object plugin/al/lib/AL_USDMaya/CMakeFiles/AL_USDMaya.dir/AL/usdmaya/fileio/translators/TranslatorContext.cpp.o
[2022-06-29T18:32:06.535Z]     [543/656] Building CXX object plugin/al/lib/AL_USDMaya/CMakeFiles/AL_USDMaya.dir/AL/usdmaya/fileio/translators/TranslatorTestType.cpp.o
[2022-06-29T18:32:07.184Z]     [544/656] Building CXX object plugin/al/lib/AL_USDMaya/CMakeFiles/AL_USDMaya.dir/AL/usdmaya/nodes/Layer.cpp.o
[2022-06-29T18:32:07.184Z]     [545/656] Building CXX object plugin/al/lib/AL_USDMaya/CMakeFiles/AL_USDMaya.dir/AL/usdmaya/fileio/translators/ExtraDataPlugin.cpp.o
[2022-06-29T18:32:07.184Z]     [546/656] Building CXX object plugin/al/lib/AL_USDMaya/CMakeFiles/AL_USDMaya.dir/AL/usdmaya/fileio/translators/TestExtraDataPlugin.cpp.o
[2022-06-29T18:32:10.502Z]     [547/656] Building CXX object plugin/al/lib/AL_USDMaya/CMakeFiles/AL_USDMaya.dir/AL/usdmaya/nodes/Engine.cpp.o
[2022-06-29T18:32:11.309Z]     [548/656] Building CXX object plugin/al/lib/AL_USDMaya/CMakeFiles/AL_USDMaya.dir/AL/usdmaya/nodes/LayerManager.cpp.o
[2022-06-29T18:32:11.309Z]     [549/656] Building CXX object plugin/al/lib/AL_USDMaya/CMakeFiles/AL_USDMaya.dir/AL/usdmaya/nodes/MeshAnimDeformer.cpp.o
[2022-06-29T18:32:12.554Z]     [550/656] Building CXX object plugin/al/lib/AL_USDMaya/CMakeFiles/AL_USDMaya.dir/AL/usdmaya/nodes/MeshAnimCreator.cpp.o
[2022-06-29T18:32:16.502Z]     [551/656] Building CXX object plugin/al/lib/AL_USDMaya/CMakeFiles/AL_USDMaya.dir/AL/usdmaya/nodes/ProxyUsdGeomCamera.cpp.o
[2022-06-29T18:32:17.250Z]     [552/656] Building CXX object plugin/al/lib/AL_USDMaya/CMakeFiles/AL_USDMaya.dir/AL/usdmaya/nodes/ProxyShapeSelection.cpp.o
[2022-06-29T18:32:17.937Z]     [553/656] Building CXX object plugin/al/lib/AL_USDMaya/CMakeFiles/AL_USDMaya.dir/AL/usdmaya/nodes/RendererManager.cpp.o
[2022-06-29T18:32:20.832Z]     [554/656] Building CXX object plugin/al/lib/AL_USDMaya/CMakeFiles/AL_USDMaya.dir/AL/usdmaya/nodes/Transform.cpp.o
[2022-06-29T18:32:21.504Z]     [555/656] Building CXX object plugin/al/lib/AL_USDMaya/CMakeFiles/AL_USDMaya.dir/AL/usdmaya/nodes/BasicTransformationMatrix.cpp.o
[2022-06-29T18:32:21.504Z]     [556/656] Building CXX object plugin/al/lib/AL_USDMaya/CMakeFiles/AL_USDMaya.dir/AL/usdmaya/nodes/ProxyShape.cpp.o
[2022-06-29T18:32:22.169Z]     [557/656] Building CXX object plugin/al/lib/AL_USDMaya/CMakeFiles/AL_USDMaya.dir/AL/usdmaya/nodes/Scope.cpp.o
[2022-06-29T18:32:26.087Z]     [558/656] Building CXX object plugin/al/lib/AL_USDMaya/CMakeFiles/AL_USDMaya.dir/AL/usdmaya/nodes/proxy/PrimFilter.cpp.o
[2022-06-29T18:32:26.729Z]     [559/656] Building CXX object plugin/al/lib/AL_USDMaya/CMakeFiles/AL_USDMaya.dir/AL/usdmaya/nodes/proxy/ProxyShapeMetaData.cpp.o
[2022-06-29T18:32:26.729Z]     [560/656] Building CXX object plugin/al/lib/AL_USDMaya/CMakeFiles/AL_USDMaya.dir/AL/usdmaya/nodes/proxy/ProxyShapeVariantFallbacks.cpp.o
[2022-06-29T18:32:27.382Z]     [561/656] Building CXX object plugin/al/lib/AL_USDMaya/CMakeFiles/AL_USDMaya.dir/AL/usdmaya/nodes/TransformationMatrix.cpp.o
[2022-06-29T18:32:27.382Z]     [562/656] Linking CXX shared library plugin/al/lib/AL_USDMaya/libAL_USDMaya.dylib
[2022-06-29T18:32:27.382Z]     [563/656] Linking CXX shared library plugin/al/lib/AL_USDMaya/_AL_USDMaya.so
[2022-06-29T18:32:29.532Z]     [564/656] Building CXX object plugin/al/plugin/AL_USDMayaTestPlugin/CMakeFiles/AL_USDMayaTestPlugin.dir/AL/maya/test_EventHandler.cpp.o
[2022-06-29T18:32:32.478Z]     [565/656] Building CXX object plugin/al/plugin/AL_USDMayaTestPlugin/CMakeFiles/AL_USDMayaTestPlugin.dir/AL/maya/test_MatrixToSRT.cpp.o
[2022-06-29T18:32:32.478Z]     [566/656] Building CXX object plugin/al/plugin/AL_USDMayaPlugin/CMakeFiles/AL_USDMayaPlugin.dir/plugin.cpp.o
[2022-06-29T18:32:32.478Z]     [567/656] Linking CXX shared library plugin/al/plugin/AL_USDMayaPlugin/AL_USDMayaPlugin.bundle
[2022-06-29T18:32:33.129Z]     [568/656] Building CXX object plugin/al/plugin/AL_USDMayaTestPlugin/CMakeFiles/AL_USDMayaTestPlugin.dir/plugin.cpp.o
[2022-06-29T18:32:34.565Z]     [569/656] Building CXX object plugin/al/plugin/AL_USDMayaTestPlugin/CMakeFiles/AL_USDMayaTestPlugin.dir/AL/maya/test_MayaEventManager.cpp.o
[2022-06-29T18:32:38.135Z]     [570/656] Building CXX object plugin/al/plugin/AL_USDMayaTestPlugin/CMakeFiles/AL_USDMayaTestPlugin.dir/AL/usdmaya/commands/test_ExportCommands.cpp.o
[2022-06-29T18:32:38.135Z]     [571/656] Building CXX object plugin/al/plugin/AL_USDMayaTestPlugin/CMakeFiles/AL_USDMayaTestPlugin.dir/AL/usdmaya/commands/test_LayerCommands.cpp.o
[2022-06-29T18:32:38.135Z]     [572/656] Building CXX object plugin/al/plugin/AL_USDMayaTestPlugin/CMakeFiles/AL_USDMayaTestPlugin.dir/AL/usdmaya/commands/test_LayerManagerCommands.cpp.o
[2022-06-29T18:32:41.294Z]     [573/656] Building CXX object plugin/al/plugin/AL_USDMayaTestPlugin/CMakeFiles/AL_USDMayaTestPlugin.dir/AL/usdmaya/commands/test_ProxyShapeImport.cpp.o
[2022-06-29T18:32:42.641Z]     [574/656] Building CXX object plugin/al/plugin/AL_USDMayaTestPlugin/CMakeFiles/AL_USDMayaTestPlugin.dir/AL/usdmaya/commands/test_TranslateCommand.cpp.o
[2022-06-29T18:32:43.289Z]     [575/656] Building CXX object plugin/al/plugin/AL_USDMayaTestPlugin/CMakeFiles/AL_USDMayaTestPlugin.dir/AL/usdmaya/fileio/export_misc.cpp.o
[2022-06-29T18:32:43.289Z]     [576/656] Building CXX object plugin/al/plugin/AL_USDMayaTestPlugin/CMakeFiles/AL_USDMayaTestPlugin.dir/AL/usdmaya/fileio/export_blendshape.cpp.o
[2022-06-29T18:32:46.154Z]     [577/656] Building CXX object plugin/al/plugin/AL_USDMayaTestPlugin/CMakeFiles/AL_USDMayaTestPlugin.dir/AL/usdmaya/fileio/export_constraints.cpp.o
[2022-06-29T18:32:47.836Z]     [578/656] Building CXX object plugin/al/plugin/AL_USDMayaTestPlugin/CMakeFiles/AL_USDMayaTestPlugin.dir/AL/usdmaya/fileio/export_ik.cpp.o
[2022-06-29T18:32:47.836Z]     [579/656] Building CXX object plugin/al/plugin/AL_USDMayaTestPlugin/CMakeFiles/AL_USDMayaTestPlugin.dir/AL/usdmaya/fileio/export_lattice.cpp.o
[2022-06-29T18:32:48.576Z]     [580/656] Building CXX object plugin/al/plugin/AL_USDMayaTestPlugin/CMakeFiles/AL_USDMayaTestPlugin.dir/AL/usdmaya/fileio/export_import_instancing.cpp.o
[2022-06-29T18:32:51.039Z]     [581/656] Building CXX object plugin/al/plugin/AL_USDMayaTestPlugin/CMakeFiles/AL_USDMayaTestPlugin.dir/AL/usdmaya/fileio/export_multiple_shapes.cpp.o
[2022-06-29T18:32:52.386Z]     [582/656] Building CXX object plugin/al/plugin/AL_USDMayaTestPlugin/CMakeFiles/AL_USDMayaTestPlugin.dir/AL/usdmaya/fileio/export_nonlinear.cpp.o
[2022-06-29T18:32:52.386Z]     [583/656] Building CXX object plugin/al/plugin/AL_USDMayaTestPlugin/CMakeFiles/AL_USDMayaTestPlugin.dir/AL/usdmaya/fileio/export_unmerged.cpp.o
[2022-06-29T18:32:53.121Z]     [584/656] Building CXX object plugin/al/plugin/AL_USDMayaTestPlugin/CMakeFiles/AL_USDMayaTestPlugin.dir/AL/usdmaya/fileio/import_instances.cpp.o
[2022-06-29T18:32:55.421Z]     [585/656] Building CXX object plugin/al/plugin/AL_USDMayaTestPlugin/CMakeFiles/AL_USDMayaTestPlugin.dir/AL/usdmaya/fileio/import_playback_range.cpp.o
[2022-06-29T18:32:57.592Z]     [586/656] Building CXX object plugin/al/plugin/AL_USDMayaTestPlugin/CMakeFiles/AL_USDMayaTestPlugin.dir/AL/usdmaya/fileio/test_activeInActiveTranslators.cpp.o
[2022-06-29T18:32:59.011Z]     [587/656] Building CXX object plugin/al/plugin/AL_USDMayaTestPlugin/CMakeFiles/AL_USDMayaTestPlugin.dir/AL/usdmaya/nodes/proxy/test_PrimFilter.cpp.o
[2022-06-29T18:33:01.245Z]     [588/656] Building CXX object plugin/al/plugin/AL_USDMayaTestPlugin/CMakeFiles/AL_USDMayaTestPlugin.dir/AL/usdmaya/nodes/test_ExtraDataPlugin.cpp.o
[2022-06-29T18:33:01.245Z]     [589/656] Building CXX object plugin/al/plugin/AL_USDMayaTestPlugin/CMakeFiles/AL_USDMayaTestPlugin.dir/AL/usdmaya/nodes/test_ActiveInactive.cpp.o
[2022-06-29T18:33:04.289Z]     [590/656] Building CXX object plugin/al/plugin/AL_USDMayaTestPlugin/CMakeFiles/AL_USDMayaTestPlugin.dir/AL/usdmaya/nodes/test_LayerManager.cpp.o
[2022-06-29T18:33:05.710Z]     [591/656] Building CXX object plugin/al/plugin/AL_USDMayaTestPlugin/CMakeFiles/AL_USDMayaTestPlugin.dir/AL/usdmaya/nodes/test_lockPrims.cpp.o
[2022-06-29T18:33:07.131Z]     [592/656] Building CXX object plugin/al/plugin/AL_USDMayaTestPlugin/CMakeFiles/AL_USDMayaTestPlugin.dir/AL/usdmaya/nodes/test_ProxyShapeSelectabilityDB.cpp.o
[2022-06-29T18:33:10.152Z]     [593/656] Building CXX object plugin/al/plugin/AL_USDMayaTestPlugin/CMakeFiles/AL_USDMayaTestPlugin.dir/AL/usdmaya/nodes/test_ProxyUsdGeomCamera.cpp.o
[2022-06-29T18:33:10.971Z]     [594/656] Building CXX object plugin/al/plugin/AL_USDMayaTestPlugin/CMakeFiles/AL_USDMayaTestPlugin.dir/AL/usdmaya/nodes/test_Transform.cpp.o
[2022-06-29T18:33:10.971Z]     [595/656] Building CXX object plugin/al/plugin/AL_USDMayaTestPlugin/CMakeFiles/AL_USDMayaTestPlugin.dir/AL/usdmaya/nodes/test_ProxyShape.cpp.o
[2022-06-29T18:33:14.975Z]     [596/656] Building CXX object plugin/al/plugin/AL_USDMayaTestPlugin/CMakeFiles/AL_USDMayaTestPlugin.dir/AL/usdmaya/nodes/test_ScopeMatrix.cpp.o
[2022-06-29T18:33:17.068Z]     [597/656] Building CXX object plugin/al/plugin/AL_USDMayaTestPlugin/CMakeFiles/AL_USDMayaTestPlugin.dir/AL/usdmaya/nodes/test_VariantFallbacks.cpp.o
[2022-06-29T18:33:17.068Z]     [598/656] Building CXX object plugin/al/plugin/AL_USDMayaTestPlugin/CMakeFiles/AL_USDMayaTestPlugin.dir/AL/usdmaya/nodes/test_TranslatorContext.cpp.o
[2022-06-29T18:33:17.756Z]     [599/656] Building CXX object plugin/al/plugin/AL_USDMayaTestPlugin/CMakeFiles/AL_USDMayaTestPlugin.dir/AL/usdmaya/nodes/test_TransformMatrix.cpp.o
[2022-06-29T18:33:20.914Z]     [600/656] Building CXX object plugin/al/plugin/AL_USDMayaTestPlugin/CMakeFiles/AL_USDMayaTestPlugin.dir/AL/usdmaya/test_DiffGeom.cpp.o
[2022-06-29T18:33:23.017Z]     [601/656] Building CXX object plugin/al/plugin/AL_USDMayaTestPlugin/CMakeFiles/AL_USDMayaTestPlugin.dir/test_translators_AnimationTranslator.cpp.o
[2022-06-29T18:33:23.670Z]     [602/656] Building CXX object plugin/al/plugin/AL_USDMayaTestPlugin/CMakeFiles/AL_USDMayaTestPlugin.dir/test_translators_CameraTranslator.cpp.o
[2022-06-29T18:33:23.670Z]     [603/656] Building CXX object plugin/al/plugin/AL_USDMayaTestPlugin/CMakeFiles/AL_USDMayaTestPlugin.dir/AL/usdmaya/test_DiffPrimVar.cpp.o
[2022-06-29T18:33:29.381Z]     [604/656] Building CXX object plugin/al/plugin/AL_USDMayaTestPlugin/CMakeFiles/AL_USDMayaTestPlugin.dir/test_translators_PythonBindings.cpp.o
[2022-06-29T18:33:29.381Z]     [605/656] Building CXX object plugin/al/plugin/AL_USDMayaTestPlugin/CMakeFiles/AL_USDMayaTestPlugin.dir/test_translators_NurbsCurveTranslator.cpp.o
[2022-06-29T18:33:30.853Z]     [606/656] Building CXX object plugin/al/plugin/AL_USDMayaTestPlugin/CMakeFiles/AL_USDMayaTestPlugin.dir/test_translators_DgTranslator.cpp.o
[2022-06-29T18:33:31.729Z]     [607/656] Building CXX object plugin/al/plugin/AL_USDMayaTestPlugin/CMakeFiles/AL_USDMayaTestPlugin.dir/test_translators_MeshTranslator.cpp.o
[2022-06-29T18:33:33.918Z]     [608/656] Building CXX object plugin/al/plugin/AL_USDMayaTestPlugin/CMakeFiles/AL_USDMayaTestPlugin.dir/test_translators_Translator.cpp.o
[2022-06-29T18:33:33.918Z]     [609/656] Building CXX object plugin/al/schemas/AL/usd/schemas/maya/CMakeFiles/_AL_USDMayaSchemas.dir/module.cpp.o
[2022-06-29T18:33:34.560Z]     [610/656] Building CXX object plugin/al/plugin/AL_USDMayaTestPlugin/CMakeFiles/AL_USDMayaTestPlugin.dir/test_usdmaya.cpp.o
[2022-06-29T18:33:36.870Z]     [611/656] Building CXX object plugin/al/plugin/AL_USDMayaTestPlugin/CMakeFiles/AL_USDMayaTestPlugin.dir/test_translators_TransformTranslator.cpp.o
[2022-06-29T18:33:36.870Z]     [612/656] Building CXX object plugin/al/schemas/AL/usd/schemas/maya/CMakeFiles/_AL_USDMayaSchemas.dir/wrapTokens.cpp.o
[2022-06-29T18:33:37.549Z]     [613/656] Building CXX object plugin/al/plugin/AL_USDMayaTestPlugin/CMakeFiles/AL_USDMayaTestPlugin.dir/test_usdmaya_AttributeType.cpp.o
[2022-06-29T18:33:38.912Z]     [614/656] Building CXX object plugin/al/schemas/AL/usd/schemas/maya/CMakeFiles/_AL_USDMayaSchemas.dir/wrapModelAPI.cpp.o
[2022-06-29T18:33:39.635Z]     [615/656] Building CXX object plugin/al/schemas/AL/usd/schemas/maya/CMakeFiles/AL_USDMayaSchemas.dir/tokens.cpp.o
[2022-06-29T18:33:40.982Z]     [616/656] Building CXX object plugin/al/schemas/AL/usd/schemas/maya/CMakeFiles/AL_USDMayaSchemas.dir/ModuleDeps.cpp.o
[2022-06-29T18:33:40.982Z]     [617/656] Building CXX object plugin/al/schemas/AL/usd/schemas/maya/CMakeFiles/AL_USDMayaSchemas.dir/ModelAPI.cpp.o
[2022-06-29T18:33:41.633Z]     [618/656] Building CXX object plugin/al/schemas/AL/usd/schemas/maya/CMakeFiles/AL_USDMayaSchemas.dir/FrameRange.cpp.o
[2022-06-29T18:33:41.633Z]     [619/656] Linking CXX shared library plugin/al/schemas/AL/usd/schemas/maya/libAL_USDMayaSchemas.dylib
[2022-06-29T18:33:42.283Z]     [620/656] Building CXX object plugin/al/schemas/AL/usd/schemas/maya/CMakeFiles/_AL_USDMayaSchemas.dir/wrapFrameRange.cpp.o
[2022-06-29T18:33:42.283Z]     [621/656] Building CXX object plugin/al/schemas/AL/usd/schemas/maya/tests/CMakeFiles/testMayaSchemas.dir/main.cpp.o
[2022-06-29T18:33:42.283Z]     [622/656] Linking CXX shared library plugin/al/schemas/AL/usd/schemas/maya/_AL_USDMayaSchemas.so
[2022-06-29T18:33:43.617Z]     [623/656] Building CXX object plugin/al/schemas/AL/usd/schemas/mayatest/CMakeFiles/AL_USDMayaSchemasTest.dir/ModuleDeps.cpp.o
[2022-06-29T18:33:44.262Z]     [624/656] Building CXX object plugin/al/schemas/AL/usd/schemas/mayatest/CMakeFiles/AL_USDMayaSchemasTest.dir/tokens.cpp.o
[2022-06-29T18:33:44.262Z]     [625/656] Building CXX object plugin/al/schemas/AL/usd/schemas/mayatest/CMakeFiles/_AL_USDMayaSchemasTest.dir/module.cpp.o
[2022-06-29T18:33:45.631Z]     [626/656] Building CXX object plugin/al/schemas/AL/usd/schemas/maya/tests/CMakeFiles/testMayaSchemas.dir/testMayaSchemas.cpp.o
[2022-06-29T18:33:45.631Z]     [627/656] Building CXX object plugin/al/schemas/AL/usd/schemas/mayatest/CMakeFiles/AL_USDMayaSchemasTest.dir/ExamplePolyCubeNode.cpp.o
[2022-06-29T18:33:45.631Z]     [628/656] Building CXX object plugin/al/schemas/AL/usd/schemas/maya/tests/CMakeFiles/testMayaSchemas.dir/testModelAPI.cpp.o
[2022-06-29T18:33:45.631Z]     [629/656] Linking CXX shared library plugin/al/schemas/AL/usd/schemas/mayatest/libAL_USDMayaSchemasTest.dylib
[2022-06-29T18:33:45.631Z]     [630/656] Linking CXX executable plugin/al/schemas/AL/usd/schemas/maya/tests/testMayaSchemas
[2022-06-29T18:33:46.281Z]     [631/656] Linking CXX shared library plugin/al/plugin/AL_USDMayaTestPlugin/AL_USDMayaTestPlugin.bundle
[2022-06-29T18:33:46.281Z]     [632/656] Building CXX object plugin/al/schemas/AL/usd/schemas/mayatest/CMakeFiles/_AL_USDMayaSchemasTest.dir/wrapTokens.cpp.o
[2022-06-29T18:33:46.927Z]     [633/656] Building CXX object plugin/al/translators/CMakeFiles/AL_USDMayaTranslators.dir/CommonTranslatorOptions.cpp.o
[2022-06-29T18:33:51.014Z]     [634/656] Building CXX object plugin/al/schemas/AL/usd/schemas/mayatest/CMakeFiles/_AL_USDMayaSchemasTest.dir/wrapExamplePolyCubeNode.cpp.o
[2022-06-29T18:33:51.014Z]     [635/656] Linking CXX shared library plugin/al/schemas/AL/usd/schemas/mayatest/_AL_USDMayaSchemasTest.so
[2022-06-29T18:33:51.014Z]     [636/656] Building CXX object plugin/al/translators/CMakeFiles/AL_USDMayaTranslators.dir/MayaReference.cpp.o
[2022-06-29T18:33:51.014Z]     [637/656] Building CXX object plugin/al/translators/CMakeFiles/AL_USDMayaTranslators.dir/Camera.cpp.o
[2022-06-29T18:33:52.444Z]     [638/656] Building CXX object plugin/al/translators/CMakeFiles/AL_USDMayaTranslators.dir/Mesh.cpp.o
[2022-06-29T18:33:54.743Z]     [639/656] Building CXX object plugin/al/translators/CMakeFiles/AL_USDMayaTranslators.dir/FrameRange.cpp.o
[2022-06-29T18:33:55.416Z]     [640/656] Building CXX object plugin/al/translators/pxrUsdTranslators/CMakeFiles/AL_USDMayaPxrTranslators.dir/plugin.cpp.o
[2022-06-29T18:33:55.416Z]     [641/656] Building CXX object plugin/al/translators/CMakeFiles/AL_USDMayaTranslators.dir/NurbsCurve.cpp.o
[2022-06-29T18:33:56.099Z]     [642/656] Building CXX object plugin/al/translators/CMakeFiles/AL_USDMayaTranslators.dir/DirectionalLight.cpp.o
[2022-06-29T18:33:56.099Z]     [643/656] Linking CXX shared library plugin/al/translators/libAL_USDMayaTranslators.dylib
[2022-06-29T18:33:58.232Z]     [644/656] Building CXX object plugin/al/translators/pxrUsdTranslators/CMakeFiles/AL_USDMayaPxrTranslators.dir/ProxyShapeTranslator.cpp.o
[2022-06-29T18:33:58.232Z]     [645/656] Linking CXX shared library plugin/al/translators/pxrUsdTranslators/AL_USDMayaPxrTranslators.bundle
[2022-06-29T18:33:58.232Z]     [646/656] Building CXX object plugin/adsk/plugin/CMakeFiles/mayaUsdPlugin.dir/adskListJobContextsCommand.cpp.o
[2022-06-29T18:33:58.944Z]     [647/656] Building CXX object plugin/adsk/plugin/CMakeFiles/mayaUsdPlugin.dir/adskListShadingModesCommand.cpp.o
[2022-06-29T18:33:58.944Z]     [648/656] Building CXX object plugin/adsk/plugin/CMakeFiles/mayaUsdPlugin.dir/adskImportCommand.cpp.o
[2022-06-29T18:33:59.652Z]     [649/656] Building CXX object plugin/adsk/plugin/CMakeFiles/mayaUsdPlugin.dir/adskExportCommand.cpp.o
[2022-06-29T18:34:01.761Z]     [650/656] Building CXX object plugin/adsk/plugin/CMakeFiles/mayaUsdPlugin.dir/plugin.cpp.o
[2022-06-29T18:34:02.461Z]     [651/656] Building CXX object plugin/adsk/plugin/CMakeFiles/mayaUsdPlugin.dir/adskStageLoadUnloadCommands.cpp.o
[2022-06-29T18:34:03.808Z]     [652/656] Building CXX object plugin/adsk/plugin/CMakeFiles/mayaUsdPlugin.dir/geomNode.cpp.o
[2022-06-29T18:34:04.469Z]     [653/656] Building CXX object plugin/adsk/plugin/CMakeFiles/mayaUsdPlugin.dir/importTranslator.cpp.o
[2022-06-29T18:34:05.831Z]     [654/656] Building CXX object plugin/adsk/plugin/CMakeFiles/mayaUsdPlugin.dir/ProxyShape.cpp.o
[2022-06-29T18:34:05.831Z]     [655/656] Building CXX object plugin/adsk/plugin/CMakeFiles/mayaUsdPlugin.dir/exportTranslator.cpp.o
[2022-06-29T18:34:05.831Z]     [656/656] Linking CXX shared module plugin/adsk/plugin/mayaUsdPlugin.bundle
[2022-06-29T18:34:05.831Z]     
[2022-06-29T18:34:05.831Z]         Building with settings:
[2022-06-29T18:34:05.831Z]           Source directory          /local/S/jenkins/workspace/ECP/ecg-maya-usd/ecg-mayausd-branch-preflight-2020-osx/ecg-maya-usd/maya-usd
[2022-06-29T18:34:05.831Z]           Workspace directory       /local/S/jenkins/workspace/ECP/ecg-maya-usd/ecg-mayausd-branch-preflight-2020-osx
[2022-06-29T18:34:05.831Z]           Build directory           /local/S/jenkins/workspace/ECP/ecg-maya-usd/ecg-mayausd-branch-preflight-2020-osx/build/RelWithDebInfo
[2022-06-29T18:34:05.831Z]           Install directory         /local/S/jenkins/workspace/ECP/ecg-maya-usd/ecg-mayausd-branch-preflight-2020-osx/install/RelWithDebInfo/MayaUSD
[2022-06-29T18:34:05.831Z]           Variant                   RelWithDebInfo
[2022-06-29T18:34:05.831Z]           Python Debug              Off
[2022-06-29T18:34:05.831Z]           CMake generator           Ninja
[2022-06-29T18:34:05.831Z]           Build arguments           ['-DCMAKE_MAKE_PROGRAM=/local/S/jenkins/workspace/shared/Artifactory/OSX/ninja/1.9.0/41005eb/ninja', '-DPYTHON_INCLUDE_DIR=/local/S/jenkins/workspace/shared/Artifactory/OSX/rundev-2020/202107140359/runtime/446214e/runTime/Maya.app/Contents/Frameworks/Python.framework/Versions/Current/include/python2.7', '-DPython_EXECUTABLE=/local/S/jenkins/workspace/shared/Artifactory/OSX/rundev-2020/202107140359/runtime/446214e/runTime/Maya.app/Contents/bin/mayapy', '-DPYTHON_LIBRARIES=/local/S/jenkins/workspace/shared/Artifactory/OSX/rundev-2020/202107140359/runtime/446214e/runTime/Maya.app/Contents/Frameworks/Python.framework/Versions/Current/lib/libpython2.7.dylib', '-DUSD_LIB_PREFIX=lib', '-DCMAKE_WANT_MATERIALX_BUILD=ON', '-DCMAKE_PREFIX_PATH=/local/S/jenkins/workspace/shared/Artifactory/OSX/USD/73ca68d']
[2022-06-29T18:34:05.831Z]           Stages arguments          ['build']
[2022-06-29T18:34:05.831Z]           CTest arguments           ['-E testUsdReferenceAssemblySelection|testUsdMayaAppDir', '-LE interactive', '--parallel 4']
[2022-06-29T18:34:05.831Z]     Success MayaUSD build and install !!!!
[2022-06-29T18:34:05.831Z]     Elapsed time: 00:10:30
[Pipeline] }
[Pipeline] // withEnv
[Pipeline] }
[Pipeline] // timeout
[Pipeline] }
[Pipeline] // stage
[Pipeline] }
[Pipeline] // timestamps
[Pipeline] timestamps
[Pipeline] {
[Pipeline] stage
[Pipeline] { (Install)
[Pipeline] timeout
[2022-06-29T18:34:06.620Z] Timeout set to expire in 6 hr 0 min
[Pipeline] {
[Pipeline] withEnv
[Pipeline] {
[Pipeline] sh
[2022-06-29T18:34:08.893Z] + python ecg-maya-usd/build.py --stages=install --workspace-dir=/local/S/jenkins/workspace/ECP/ecg-maya-usd/ecg-mayausd-branch-preflight-2020-osx --artifactory-dir=/local/S/jenkins/workspace/shared/Artifactory --build-dir=/local/S/jenkins/workspace/ECP/ecg-maya-usd/ecg-mayausd-branch-preflight-2020-osx/build --install-dir=/local/S/jenkins/workspace/ECP/ecg-maya-usd/ecg-mayausd-branch-preflight-2020-osx/install --signing-dir=/local/S/jenkins/workspace/ECP/ecg-maya-usd/ecg-mayausd-branch-preflight-2020-osx/signing --package-dir=/local/S/jenkins/workspace/ECP/ecg-maya-usd/ecg-mayausd-branch-preflight-2020-osx/package --output-dir=/local/S/jenkins/workspace/ECP/ecg-maya-usd/ecg-mayausd-branch-preflight-2020-osx/output --stash-dir=/local/S/jenkins/workspace/ECP/ecg-maya-usd/ecg-mayausd-branch-preflight-2020-osx/stash --jenkins-build=69 --git-commit=b448e9cd20a72bc8ea53085e455fc85dfb98ab76 --git-branch=master --variants=RelWithDebInfo --python=2.7 --post-zips=false --maya-cut-config=maya-rundev-2020.yaml --maya-package=rundev-2020 --stage-banner
[2022-06-29T18:34:09.624Z] Using Maya cut from /local/S/jenkins/workspace/shared/Artifactory/OSX/rundev-2020/202107140359/runtime/446214e
[2022-06-29T18:34:09.624Z] Using Maya ADSK Signatures from /local/S/jenkins/workspace/shared/Artifactory/OSX/adsk-plugin-signatures-maya/2023/c1dbfce
[2022-06-29T18:34:09.624Z] Using Maya Security Library from /local/S/jenkins/workspace/shared/Artifactory/OSX/maya-security-library/3.1.0/5f2130f
[2022-06-29T18:34:09.624Z] 
[2022-06-29T18:34:09.624Z] ================================================================================
[2022-06-29T18:34:09.624Z]                             install (RelWithDebInfo)
[2022-06-29T18:34:09.624Z] ================================================================================
[2022-06-29T18:34:09.624Z] Maya Python RelWithDebInfo Info:
[2022-06-29T18:34:09.624Z]   mayapy executable   = /local/S/jenkins/workspace/shared/Artifactory/OSX/rundev-2020/202107140359/runtime/446214e/runTime/Maya.app/Contents/bin/mayapy
[2022-06-29T18:34:09.624Z]   Include Folder      = /local/S/jenkins/workspace/shared/Artifactory/OSX/rundev-2020/202107140359/runtime/446214e/runTime/Maya.app/Contents/Frameworks/Python.framework/Versions/Current/include/python2.7
[2022-06-29T18:34:09.624Z]   Library             = /local/S/jenkins/workspace/shared/Artifactory/OSX/rundev-2020/202107140359/runtime/446214e/runTime/Maya.app/Contents/Frameworks/Python.framework/Versions/Current/lib/libpython2.7.dylib
[2022-06-29T18:34:09.624Z]   site-package Folder = /local/S/jenkins/workspace/shared/Artifactory/OSX/rundev-2020/202107140359/runtime/446214e/runTime/Maya.app/Contents/Frameworks/Python.framework/Versions/Current/lib/python2.7/site-packages
[2022-06-29T18:34:09.624Z] In workdir: /local/S/jenkins/workspace/ECP/ecg-maya-usd/ecg-mayausd-branch-preflight-2020-osx/ecg-maya-usd/maya-usd
[2022-06-29T18:34:09.624Z] Executing: /local/S/jenkins/workspace/shared/Artifactory/OSX/rundev-2020/202107140359/runtime/446214e/runTime/Maya.app/Contents/bin/mayapy /local/S/jenkins/workspace/ECP/ecg-maya-usd/ecg-mayausd-branch-preflight-2020-osx/ecg-maya-usd/maya-usd/build.py --generator Ninja --build-relwithdebug --maya-location /local/S/jenkins/workspace/shared/Artifactory/OSX/rundev-2020/202107140359/runtime/446214e/runTime --devkit-location /local/S/jenkins/workspace/shared/Artifactory/OSX/rundev-2020/202107140359/runtime/446214e/devkitBase --pxrusd-location /local/S/jenkins/workspace/shared/Artifactory/OSX/USD/73ca68d --qt-location /local/S/jenkins/workspace/shared/Artifactory/OSX/qt/5.12.5/3ca78fe --build-args=-DCMAKE_MAKE_PROGRAM=/local/S/jenkins/workspace/shared/Artifactory/OSX/ninja/1.9.0/41005eb/ninja,-DPYTHON_INCLUDE_DIR=/local/S/jenkins/workspace/shared/Artifactory/OSX/rundev-2020/202107140359/runtime/446214e/runTime/Maya.app/Contents/Frameworks/Python.framework/Versions/Current/include/python2.7,-DPython_EXECUTABLE=/local/S/jenkins/workspace/shared/Artifactory/OSX/rundev-2020/202107140359/runtime/446214e/runTime/Maya.app/Contents/bin/mayapy,-DPYTHON_LIBRARIES=/local/S/jenkins/workspace/shared/Artifactory/OSX/rundev-2020/202107140359/runtime/446214e/runTime/Maya.app/Contents/Frameworks/Python.framework/Versions/Current/lib/libpython2.7.dylib,-DUSD_LIB_PREFIX=lib,-DCMAKE_WANT_MATERIALX_BUILD=ON,-DCMAKE_PREFIX_PATH=/local/S/jenkins/workspace/shared/Artifactory/OSX/USD/73ca68d '--ctest-args=-E testUsdReferenceAssemblySelection|testUsdMayaAppDir,-LE interactive,--parallel 4' --stages=install --redirect-outstream-file=False --install-location /local/S/jenkins/workspace/ECP/ecg-maya-usd/ecg-mayausd-branch-preflight-2020-osx/install/RelWithDebInfo/MayaUSD /local/S/jenkins/workspace/ECP/ecg-maya-usd/ecg-mayausd-branch-preflight-2020-osx
[2022-06-29T18:34:09.624Z] Modified environment variables:
[2022-06-29T18:34:09.624Z]     PATH=/local/S/jenkins/workspace/shared/Artifactory/OSX/cmake/3.20.3/2594509/bin:/usr/local/bin:/bin:/usr/sbin:/sbin:/usr/bin
[2022-06-29T18:34:10.266Z]     [1/8] Automatic MOC and UIC for target mayaUsdUI
[2022-06-29T18:34:10.266Z]     [2/5] Automatic MOC and UIC for target testMayaUsdUI
[2022-06-29T18:34:10.266Z]     [2/3] Install the project...
[2022-06-29T18:34:10.266Z]     -- Install configuration: "RelWithDebInfo"
[2022-06-29T18:34:11.676Z]     
[2022-06-29T18:34:11.676Z]         Building with settings:
[2022-06-29T18:34:11.676Z]           Source directory          /local/S/jenkins/workspace/ECP/ecg-maya-usd/ecg-mayausd-branch-preflight-2020-osx/ecg-maya-usd/maya-usd
[2022-06-29T18:34:11.676Z]           Workspace directory       /local/S/jenkins/workspace/ECP/ecg-maya-usd/ecg-mayausd-branch-preflight-2020-osx
[2022-06-29T18:34:11.676Z]           Build directory           /local/S/jenkins/workspace/ECP/ecg-maya-usd/ecg-mayausd-branch-preflight-2020-osx/build/RelWithDebInfo
[2022-06-29T18:34:11.676Z]           Install directory         /local/S/jenkins/workspace/ECP/ecg-maya-usd/ecg-mayausd-branch-preflight-2020-osx/install/RelWithDebInfo/MayaUSD
[2022-06-29T18:34:11.676Z]           Variant                   RelWithDebInfo
[2022-06-29T18:34:11.676Z]           Python Debug              Off
[2022-06-29T18:34:11.676Z]           CMake generator           Ninja
[2022-06-29T18:34:11.676Z]           Build arguments           ['-DCMAKE_MAKE_PROGRAM=/local/S/jenkins/workspace/shared/Artifactory/OSX/ninja/1.9.0/41005eb/ninja', '-DPYTHON_INCLUDE_DIR=/local/S/jenkins/workspace/shared/Artifactory/OSX/rundev-2020/202107140359/runtime/446214e/runTime/Maya.app/Contents/Frameworks/Python.framework/Versions/Current/include/python2.7', '-DPython_EXECUTABLE=/local/S/jenkins/workspace/shared/Artifactory/OSX/rundev-2020/202107140359/runtime/446214e/runTime/Maya.app/Contents/bin/mayapy', '-DPYTHON_LIBRARIES=/local/S/jenkins/workspace/shared/Artifactory/OSX/rundev-2020/202107140359/runtime/446214e/runTime/Maya.app/Contents/Frameworks/Python.framework/Versions/Current/lib/libpython2.7.dylib', '-DUSD_LIB_PREFIX=lib', '-DCMAKE_WANT_MATERIALX_BUILD=ON', '-DCMAKE_PREFIX_PATH=/local/S/jenkins/workspace/shared/Artifactory/OSX/USD/73ca68d']
[2022-06-29T18:34:11.676Z]           Stages arguments          ['install']
[2022-06-29T18:34:11.676Z]           CTest arguments           ['-E testUsdReferenceAssemblySelection|testUsdMayaAppDir', '-LE interactive', '--parallel 4']
[2022-06-29T18:34:11.676Z]     Success MayaUSD build and install !!!!
[2022-06-29T18:34:11.676Z]     Elapsed time: 00:00:01
[Pipeline] }
[Pipeline] // withEnv
[Pipeline] }
[Pipeline] // timeout
[Pipeline] }
[Pipeline] // stage
[Pipeline] }
[Pipeline] // timestamps
[Pipeline] timestamps
[Pipeline] {
[Pipeline] stage
[Pipeline] { (Test)
[Pipeline] timeout
[2022-06-29T18:34:13.128Z] Timeout set to expire in 6 hr 0 min
[Pipeline] {
[Pipeline] withEnv
[Pipeline] {
[Pipeline] sh
[2022-06-29T18:34:15.118Z] + python ecg-maya-usd/build.py --stages=test --workspace-dir=/local/S/jenkins/workspace/ECP/ecg-maya-usd/ecg-mayausd-branch-preflight-2020-osx --artifactory-dir=/local/S/jenkins/workspace/shared/Artifactory --build-dir=/local/S/jenkins/workspace/ECP/ecg-maya-usd/ecg-mayausd-branch-preflight-2020-osx/build --install-dir=/local/S/jenkins/workspace/ECP/ecg-maya-usd/ecg-mayausd-branch-preflight-2020-osx/install --signing-dir=/local/S/jenkins/workspace/ECP/ecg-maya-usd/ecg-mayausd-branch-preflight-2020-osx/signing --package-dir=/local/S/jenkins/workspace/ECP/ecg-maya-usd/ecg-mayausd-branch-preflight-2020-osx/package --output-dir=/local/S/jenkins/workspace/ECP/ecg-maya-usd/ecg-mayausd-branch-preflight-2020-osx/output --stash-dir=/local/S/jenkins/workspace/ECP/ecg-maya-usd/ecg-mayausd-branch-preflight-2020-osx/stash --jenkins-build=69 --git-commit=b448e9cd20a72bc8ea53085e455fc85dfb98ab76 --git-branch=master --variants=RelWithDebInfo --python=2.7 --post-zips=false --test-jobs=0 --failed-test-retry=3 --maya-cut-config=maya-rundev-2020.yaml --maya-package=rundev-2020 --stage-banner --progressive-timeout
[2022-06-29T18:34:16.205Z] Using Maya cut from /local/S/jenkins/workspace/shared/Artifactory/OSX/rundev-2020/202107140359/runtime/446214e
[2022-06-29T18:34:16.205Z] Using Maya ADSK Signatures from /local/S/jenkins/workspace/shared/Artifactory/OSX/adsk-plugin-signatures-maya/2023/c1dbfce
[2022-06-29T18:34:16.205Z] Using Maya Security Library from /local/S/jenkins/workspace/shared/Artifactory/OSX/maya-security-library/3.1.0/5f2130f
[2022-06-29T18:34:16.205Z] 
[2022-06-29T18:34:16.205Z] ================================================================================
[2022-06-29T18:34:16.205Z]                              test (RelWithDebInfo)
[2022-06-29T18:34:16.205Z] ================================================================================
[2022-06-29T18:34:16.205Z] Maya Python RelWithDebInfo Info:
[2022-06-29T18:34:16.205Z]   mayapy executable   = /local/S/jenkins/workspace/shared/Artifactory/OSX/rundev-2020/202107140359/runtime/446214e/runTime/Maya.app/Contents/bin/mayapy
[2022-06-29T18:34:16.205Z]   Include Folder      = /local/S/jenkins/workspace/shared/Artifactory/OSX/rundev-2020/202107140359/runtime/446214e/runTime/Maya.app/Contents/Frameworks/Python.framework/Versions/Current/include/python2.7
[2022-06-29T18:34:16.205Z]   Library             = /local/S/jenkins/workspace/shared/Artifactory/OSX/rundev-2020/202107140359/runtime/446214e/runTime/Maya.app/Contents/Frameworks/Python.framework/Versions/Current/lib/libpython2.7.dylib
[2022-06-29T18:34:16.205Z]   site-package Folder = /local/S/jenkins/workspace/shared/Artifactory/OSX/rundev-2020/202107140359/runtime/446214e/runTime/Maya.app/Contents/Frameworks/Python.framework/Versions/Current/lib/python2.7/site-packages
[2022-06-29T18:34:16.205Z] In workdir: /local/S/jenkins/workspace/ECP/ecg-maya-usd/ecg-mayausd-branch-preflight-2020-osx/ecg-maya-usd/maya-usd
[2022-06-29T18:34:16.205Z] Executing: /local/S/jenkins/workspace/shared/Artifactory/OSX/rundev-2020/202107140359/runtime/446214e/runTime/Maya.app/Contents/bin/mayapy /local/S/jenkins/workspace/ECP/ecg-maya-usd/ecg-mayausd-branch-preflight-2020-osx/ecg-maya-usd/maya-usd/build.py --generator Ninja --build-relwithdebug --maya-location /local/S/jenkins/workspace/shared/Artifactory/OSX/rundev-2020/202107140359/runtime/446214e/runTime --devkit-location /local/S/jenkins/workspace/shared/Artifactory/OSX/rundev-2020/202107140359/runtime/446214e/devkitBase --pxrusd-location /local/S/jenkins/workspace/shared/Artifactory/OSX/USD/73ca68d --qt-location /local/S/jenkins/workspace/shared/Artifactory/OSX/qt/5.12.5/3ca78fe --build-args=-DCMAKE_MAKE_PROGRAM=/local/S/jenkins/workspace/shared/Artifactory/OSX/ninja/1.9.0/41005eb/ninja,-DPYTHON_INCLUDE_DIR=/local/S/jenkins/workspace/shared/Artifactory/OSX/rundev-2020/202107140359/runtime/446214e/runTime/Maya.app/Contents/Frameworks/Python.framework/Versions/Current/include/python2.7,-DPython_EXECUTABLE=/local/S/jenkins/workspace/shared/Artifactory/OSX/rundev-2020/202107140359/runtime/446214e/runTime/Maya.app/Contents/bin/mayapy,-DPYTHON_LIBRARIES=/local/S/jenkins/workspace/shared/Artifactory/OSX/rundev-2020/202107140359/runtime/446214e/runTime/Maya.app/Contents/Frameworks/Python.framework/Versions/Current/lib/libpython2.7.dylib,-DUSD_LIB_PREFIX=lib,-DCMAKE_WANT_MATERIALX_BUILD=ON,-DCMAKE_PREFIX_PATH=/local/S/jenkins/workspace/shared/Artifactory/OSX/USD/73ca68d '--ctest-args=-E testUsdReferenceAssemblySelection|testUsdMayaAppDir,-LE interactive,--parallel 4' --stages=test --redirect-outstream-file=False --install-location /local/S/jenkins/workspace/ECP/ecg-maya-usd/ecg-mayausd-branch-preflight-2020-osx/install/RelWithDebInfo/MayaUSD /local/S/jenkins/workspace/ECP/ecg-maya-usd/ecg-mayausd-branch-preflight-2020-osx
[2022-06-29T18:34:16.205Z] Modified environment variables:
[2022-06-29T18:34:16.205Z]     PATH=/local/S/jenkins/workspace/shared/Artifactory/OSX/cmake/3.20.3/2594509/bin:/usr/local/bin:/bin:/usr/sbin:/sbin:/usr/bin
[2022-06-29T18:34:16.205Z]     Test project /local/S/jenkins/workspace/ECP/ecg-maya-usd/ecg-mayausd-branch-preflight-2020-osx/build/RelWithDebInfo
[2022-06-29T18:34:16.205Z]             Start   1: testMayaUsdConverter
[2022-06-29T18:34:16.205Z]             Start   2: testMayaUsdCreateStageCommands
[2022-06-29T18:34:16.205Z]             Start   3: testMayaUsdPythonImport
[2022-06-29T18:34:16.205Z]             Start   4: testMayaUsdLayerEditorCommands
[2022-06-29T18:34:20.094Z]       1/157 Test   #3: testMayaUsdPythonImport .........................   Passed    3.94 sec
[2022-06-29T18:34:20.094Z]             Start   5: testMayaUsdCacheId
[2022-06-29T18:34:20.094Z]       2/157 Test   #1: testMayaUsdConverter ............................   Passed    4.16 sec
[2022-06-29T18:34:20.095Z]             Start   7: _Interactive_Maya
[2022-06-29T18:34:20.095Z]       3/157 Test   #7: _Interactive_Maya ...............................***Not Run (Disabled)   0.00 sec
[2022-06-29T18:34:20.095Z]             Start   8: testMayaUsdPlugVersionCheck
[2022-06-29T18:34:20.755Z]       4/157 Test   #4: testMayaUsdLayerEditorCommands ..................   Passed    4.38 sec
[2022-06-29T18:34:20.755Z]             Start   9: testMatrices
[2022-06-29T18:34:20.755Z]       5/157 Test   #2: testMayaUsdCreateStageCommands ..................   Passed    4.48 sec
[2022-06-29T18:34:20.755Z]             Start  10: testMayaPickwalk
[2022-06-29T18:34:24.916Z]       6/157 Test   #5: testMayaUsdCacheId ..............................   Passed    4.28 sec
[2022-06-29T18:34:24.916Z]             Start  11: testPythonWrappers
[2022-06-29T18:34:24.916Z]       7/157 Test   #8: testMayaUsdPlugVersionCheck .....................   Passed    4.35 sec
[2022-06-29T18:34:24.916Z]             Start  12: testSelection
[2022-06-29T18:34:25.807Z]       8/157 Test   #9: testMatrices ....................................   Passed    4.85 sec
[2022-06-29T18:34:25.807Z]             Start  13: testSelectionByArray
[2022-06-29T18:34:25.807Z]       9/157 Test  #10: testMayaPickwalk ................................   Passed    4.85 sec
[2022-06-29T18:34:25.807Z]             Start  14: testUfePythonImport
[2022-06-29T18:34:29.230Z]      10/157 Test  #11: testPythonWrappers ..............................   Passed    4.66 sec
[2022-06-29T18:34:29.230Z]             Start  15: testAttributeBlock
[2022-06-29T18:34:29.230Z]      11/157 Test  #12: testSelection ...................................   Passed    4.65 sec
[2022-06-29T18:34:29.230Z]             Start  16: testBlockedLayerEdit
[2022-06-29T18:34:29.944Z]      12/157 Test  #14: testUfePythonImport .............................   Passed    4.15 sec
[2022-06-29T18:34:29.944Z]             Start  17: testLegacyDeleteCmd
[2022-06-29T18:34:29.944Z]      13/157 Test  #13: testSelectionByArray ............................   Passed    4.65 sec
[2022-06-29T18:34:29.944Z]             Start  18: testPrimReader
[2022-06-29T18:34:35.006Z]      14/157 Test  #15: testAttributeBlock ..............................   Passed    5.27 sec
[2022-06-29T18:34:35.006Z]             Start  19: testPrimWriter
[2022-06-29T18:34:35.006Z]      15/157 Test  #16: testBlockedLayerEdit ............................   Passed    5.27 sec
[2022-06-29T18:34:35.006Z]             Start  20: testExportChaser
[2022-06-29T18:34:35.006Z]      16/157 Test  #17: testLegacyDeleteCmd .............................   Passed    5.24 sec
[2022-06-29T18:34:35.006Z]             Start  21: testImportChaser
[2022-06-29T18:34:35.006Z]      17/157 Test  #18: testPrimReader ..................................   Passed    4.88 sec
[2022-06-29T18:34:35.006Z]             Start  22: testImportWithNamespace
[2022-06-29T18:34:38.985Z]      18/157 Test  #19: testPrimWriter ..................................   Passed    4.82 sec
[2022-06-29T18:34:38.985Z]             Start  23: testJobContextRegistry
[2022-06-29T18:34:39.627Z]      19/157 Test  #20: testExportChaser ................................   Passed    4.81 sec
[2022-06-29T18:34:39.627Z]             Start  24: testSchemaApiAdaptor
[2022-06-29T18:34:39.627Z]      20/157 Test  #21: testImportChaser ................................   Passed    4.85 sec
[2022-06-29T18:34:39.627Z]             Start  25: testReadWriteUtils
[2022-06-29T18:34:41.008Z]      21/157 Test  #22: testImportWithNamespace .........................   Passed    5.78 sec
[2022-06-29T18:34:41.008Z]             Start  26: testXformStack
[2022-06-29T18:34:43.979Z]      22/157 Test  #23: testJobContextRegistry ..........................   Passed    4.79 sec
[2022-06-29T18:34:43.979Z]             Start  27: testGeomNode
[2022-06-29T18:34:44.627Z]      23/157 Test  #25: testReadWriteUtils ..............................   Passed    4.86 sec
[2022-06-29T18:34:44.627Z]             Start  28: testLayerManagerSerialization
[2022-06-29T18:34:44.627Z]      24/157 Test  #24: testSchemaApiAdaptor ............................   Passed    5.33 sec
[2022-06-29T18:34:44.627Z]             Start  29: testPointBasedDeformerNode
[2022-06-29T18:34:46.028Z]      25/157 Test  #26: testXformStack ..................................   Passed    4.84 sec
[2022-06-29T18:34:46.028Z]             Start  30: testProxyShapeBase
[2022-06-29T18:34:49.176Z]      26/157 Test  #27: testGeomNode ....................................   Passed    4.85 sec
[2022-06-29T18:34:49.176Z]             Start  31: testHdImagingShape
[2022-06-29T18:34:49.857Z]      27/157 Test  #28: testLayerManagerSerialization ...................   Passed    4.88 sec
[2022-06-29T18:34:49.857Z]             Start  54: testUsdUndoManager
[2022-06-29T18:34:49.857Z]      28/157 Test  #29: testPointBasedDeformerNode ......................   Passed    4.75 sec
[2022-06-29T18:34:49.857Z]             Start  55: testBlockSceneModificationContext
[2022-06-29T18:34:50.523Z]      29/157 Test  #30: testProxyShapeBase ..............................***Failed    5.17 sec
[2022-06-29T18:34:50.523Z]     MAYA_DEBUG_NO_SAVE_ON_CRASH is set.
[2022-06-29T18:34:50.523Z]     Warning: This file is from an older version of Maya.  If saved, it will not be readable by previous versions.
[2022-06-29T18:34:50.523Z]     File read in  0.3 seconds.
[2022-06-29T18:34:50.523Z]     .sssEEEEWarning: This file is from an older version of Maya.  If saved, it will not be readable by previous versions.
[2022-06-29T18:34:50.523Z]     File read in  0.0078 seconds.
[2022-06-29T18:34:50.523Z]     EWarning: This file is from an older version of Maya.  If saved, it will not be readable by previous versions.
[2022-06-29T18:34:50.523Z]     File read in  0.0077 seconds.
[2022-06-29T18:34:50.523Z]     .Warning: This file is from an older version of Maya.  If saved, it will not be readable by previous versions.
[2022-06-29T18:34:50.523Z]     File read in  0.0076 seconds.
[2022-06-29T18:34:50.523Z]     EsWarning: This file is from an older version of Maya.  If saved, it will not be readable by previous versions.
[2022-06-29T18:34:50.523Z]     File read in  0.0077 seconds.
[2022-06-29T18:34:50.523Z]     .Warning: This file is from an older version of Maya.  If saved, it will not be readable by previous versions.
[2022-06-29T18:34:50.523Z]     File read in  0.0082 seconds.
[2022-06-29T18:34:50.523Z]     ..
[2022-06-29T18:34:50.523Z]     ======================================================================
[2022-06-29T18:34:50.523Z]     ERROR: testSaveStageToMayaPreserveRootLayer (testProxyShapeBase.testProxyShapeBase)
[2022-06-29T18:34:50.523Z]     ----------------------------------------------------------------------
[2022-06-29T18:34:50.523Z]     Traceback (most recent call last):
[2022-06-29T18:34:50.523Z]       File "/local/S/jenkins/workspace/ECP/ecg-maya-usd/ecg-mayausd-branch-preflight-2020-osx/ecg-maya-usd/maya-usd/test/lib/mayaUsd/nodes/testProxyShapeBase.py", line 382, in testSaveStageToMayaPreserveRootLayer
[2022-06-29T18:34:50.524Z]         self._saveStagePreserveLayerHelper(True, True)
[2022-06-29T18:34:50.524Z]       File "/local/S/jenkins/workspace/ECP/ecg-maya-usd/ecg-mayausd-branch-preflight-2020-osx/ecg-maya-usd/maya-usd/test/lib/mayaUsd/nodes/testProxyShapeBase.py", line 336, in _saveStagePreserveLayerHelper
[2022-06-29T18:34:50.524Z]         with testUtils.TemporaryDirectory(prefix='ProxyShapeBase', ignore_errors=True) as testDir:
[2022-06-29T18:34:50.524Z]       File "/local/S/jenkins/workspace/ECP/ecg-maya-usd/ecg-mayausd-branch-preflight-2020-osx/ecg-maya-usd/maya-usd/test/testUtils/testUtils.py", line 56, in __init__
[2022-06-29T18:34:50.524Z]         self.name = tempfile.mkdtemp(suffix=suffix, prefix=prefix)
[2022-06-29T18:34:50.524Z]       File "/local/S/jenkins/workspace/shared/Artifactory/OSX/rundev-2020/202107140359/runtime/446214e/runTime/Maya.app/Contents/Frameworks/Python.framework/Versions/Current/lib/python2.7/tempfile.py", line 337, in mkdtemp
[2022-06-29T18:34:50.524Z]         file = _os.path.join(dir, prefix + name + suffix)
[2022-06-29T18:34:50.524Z]     TypeError: cannot concatenate 'str' and 'NoneType' objects
[2022-06-29T18:34:50.524Z]     
[2022-06-29T18:34:50.524Z]     ======================================================================
[2022-06-29T18:34:50.524Z]     ERROR: testSaveStageToMayaPreserveSessionLayer (testProxyShapeBase.testProxyShapeBase)
[2022-06-29T18:34:50.524Z]     ----------------------------------------------------------------------
[2022-06-29T18:34:50.524Z]     Traceback (most recent call last):
[2022-06-29T18:34:50.524Z]       File "/local/S/jenkins/workspace/ECP/ecg-maya-usd/ecg-mayausd-branch-preflight-2020-osx/ecg-maya-usd/maya-usd/test/lib/mayaUsd/nodes/testProxyShapeBase.py", line 368, in testSaveStageToMayaPreserveSessionLayer
[2022-06-29T18:34:50.524Z]         self._saveStagePreserveLayerHelper(False, True)
[2022-06-29T18:34:50.524Z]       File "/local/S/jenkins/workspace/ECP/ecg-maya-usd/ecg-mayausd-branch-preflight-2020-osx/ecg-maya-usd/maya-usd/test/lib/mayaUsd/nodes/testProxyShapeBase.py", line 336, in _saveStagePreserveLayerHelper
[2022-06-29T18:34:50.524Z]         with testUtils.TemporaryDirectory(prefix='ProxyShapeBase', ignore_errors=True) as testDir:
[2022-06-29T18:34:50.524Z]       File "/local/S/jenkins/workspace/ECP/ecg-maya-usd/ecg-mayausd-branch-preflight-2020-osx/ecg-maya-usd/maya-usd/test/testUtils/testUtils.py", line 56, in __init__
[2022-06-29T18:34:50.524Z]         self.name = tempfile.mkdtemp(suffix=suffix, prefix=prefix)
[2022-06-29T18:34:50.524Z]       File "/local/S/jenkins/workspace/shared/Artifactory/OSX/rundev-2020/202107140359/runtime/446214e/runTime/Maya.app/Contents/Frameworks/Python.framework/Versions/Current/lib/python2.7/tempfile.py", line 337, in mkdtemp
[2022-06-29T18:34:50.524Z]         file = _os.path.join(dir, prefix + name + suffix)
[2022-06-29T18:34:50.524Z]     TypeError: cannot concatenate 'str' and 'NoneType' objects
[2022-06-29T18:34:50.524Z]     
[2022-06-29T18:34:50.524Z]     ======================================================================
[2022-06-29T18:34:50.524Z]     ERROR: testSaveStageToUSDPreserveRootLayer (testProxyShapeBase.testProxyShapeBase)
[2022-06-29T18:34:50.524Z]     ----------------------------------------------------------------------
[2022-06-29T18:34:50.524Z]     Traceback (most recent call last):
[2022-06-29T18:34:50.524Z]       File "/local/S/jenkins/workspace/ECP/ecg-maya-usd/ecg-mayausd-branch-preflight-2020-osx/ecg-maya-usd/maya-usd/test/lib/mayaUsd/nodes/testProxyShapeBase.py", line 375, in testSaveStageToUSDPreserveRootLayer
[2022-06-29T18:34:50.524Z]         self._saveStagePreserveLayerHelper(True, False)
[2022-06-29T18:34:50.524Z]       File "/local/S/jenkins/workspace/ECP/ecg-maya-usd/ecg-mayausd-branch-preflight-2020-osx/ecg-maya-usd/maya-usd/test/lib/mayaUsd/nodes/testProxyShapeBase.py", line 336, in _saveStagePreserveLayerHelper
[2022-06-29T18:34:50.524Z]         with testUtils.TemporaryDirectory(prefix='ProxyShapeBase', ignore_errors=True) as testDir:
[2022-06-29T18:34:50.524Z]       File "/local/S/jenkins/workspace/ECP/ecg-maya-usd/ecg-mayausd-branch-preflight-2020-osx/ecg-maya-usd/maya-usd/test/testUtils/testUtils.py", line 56, in __init__
[2022-06-29T18:34:50.524Z]         self.name = tempfile.mkdtemp(suffix=suffix, prefix=prefix)
[2022-06-29T18:34:50.524Z]       File "/local/S/jenkins/workspace/shared/Artifactory/OSX/rundev-2020/202107140359/runtime/446214e/runTime/Maya.app/Contents/Frameworks/Python.framework/Versions/Current/lib/python2.7/tempfile.py", line 337, in mkdtemp
[2022-06-29T18:34:50.524Z]         file = _os.path.join(dir, prefix + name + suffix)
[2022-06-29T18:34:50.524Z]     TypeError: cannot concatenate 'str' and 'NoneType' objects
[2022-06-29T18:34:50.524Z]     
[2022-06-29T18:34:50.524Z]     ======================================================================
[2022-06-29T18:34:50.524Z]     ERROR: testSaveStageToUSDPreserveSessionLayer (testProxyShapeBase.testProxyShapeBase)
[2022-06-29T18:34:50.524Z]     ----------------------------------------------------------------------
[2022-06-29T18:34:50.524Z]     Traceback (most recent call last):
[2022-06-29T18:34:50.524Z]       File "/local/S/jenkins/workspace/ECP/ecg-maya-usd/ecg-mayausd-branch-preflight-2020-osx/ecg-maya-usd/maya-usd/test/lib/mayaUsd/nodes/testProxyShapeBase.py", line 361, in testSaveStageToUSDPreserveSessionLayer
[2022-06-29T18:34:50.524Z]         self._saveStagePreserveLayerHelper(False, False)
[2022-06-29T18:34:50.524Z]       File "/local/S/jenkins/workspace/ECP/ecg-maya-usd/ecg-mayausd-branch-preflight-2020-osx/ecg-maya-usd/maya-usd/test/lib/mayaUsd/nodes/testProxyShapeBase.py", line 336, in _saveStagePreserveLayerHelper
[2022-06-29T18:34:50.524Z]         with testUtils.TemporaryDirectory(prefix='ProxyShapeBase', ignore_errors=True) as testDir:
[2022-06-29T18:34:50.524Z]       File "/local/S/jenkins/workspace/ECP/ecg-maya-usd/ecg-mayausd-branch-preflight-2020-osx/ecg-maya-usd/maya-usd/test/testUtils/testUtils.py", line 56, in __init__
[2022-06-29T18:34:50.524Z]         self.name = tempfile.mkdtemp(suffix=suffix, prefix=prefix)
[2022-06-29T18:34:50.524Z]       File "/local/S/jenkins/workspace/shared/Artifactory/OSX/rundev-2020/202107140359/runtime/446214e/runTime/Maya.app/Contents/Frameworks/Python.framework/Versions/Current/lib/python2.7/tempfile.py", line 337, in mkdtemp
[2022-06-29T18:34:50.524Z]         file = _os.path.join(dir, prefix + name + suffix)
[2022-06-29T18:34:50.524Z]     TypeError: cannot concatenate 'str' and 'NoneType' objects
[2022-06-29T18:34:50.524Z]     
[2022-06-29T18:34:50.524Z]     ======================================================================
[2022-06-29T18:34:50.524Z]     ERROR: testSerializationShareStage (testProxyShapeBase.testProxyShapeBase)
[2022-06-29T18:34:50.524Z]     ----------------------------------------------------------------------
[2022-06-29T18:34:50.524Z]     Traceback (most recent call last):
[2022-06-29T18:34:50.524Z]       File "/local/S/jenkins/workspace/ECP/ecg-maya-usd/ecg-mayausd-branch-preflight-2020-osx/ecg-maya-usd/maya-usd/test/lib/mayaUsd/nodes/testProxyShapeBase.py", line 511, in testSerializationShareStage
[2022-06-29T18:34:50.524Z]         with testUtils.TemporaryDirectory(prefix='ProxyShapeBase') as testDir:
[2022-06-29T18:34:50.524Z]       File "/local/S/jenkins/workspace/ECP/ecg-maya-usd/ecg-mayausd-branch-preflight-2020-osx/ecg-maya-usd/maya-usd/test/testUtils/testUtils.py", line 56, in __init__
[2022-06-29T18:34:50.524Z]         self.name = tempfile.mkdtemp(suffix=suffix, prefix=prefix)
[2022-06-29T18:34:50.524Z]       File "/local/S/jenkins/workspace/shared/Artifactory/OSX/rundev-2020/202107140359/runtime/446214e/runTime/Maya.app/Contents/Frameworks/Python.framework/Versions/Current/lib/python2.7/tempfile.py", line 337, in mkdtemp
[2022-06-29T18:34:50.524Z]         file = _os.path.join(dir, prefix + name + suffix)
[2022-06-29T18:34:50.524Z]     TypeError: cannot concatenate 'str' and 'NoneType' objects
[2022-06-29T18:34:50.524Z]     
[2022-06-29T18:34:50.524Z]     ======================================================================
[2022-06-29T18:34:50.524Z]     ERROR: testShareStageComplexHierarchyToggle (testProxyShapeBase.testProxyShapeBase)
[2022-06-29T18:34:50.524Z]     ----------------------------------------------------------------------
[2022-06-29T18:34:50.524Z]     Traceback (most recent call last):
[2022-06-29T18:34:50.524Z]       File "/local/S/jenkins/workspace/ECP/ecg-maya-usd/ecg-mayausd-branch-preflight-2020-osx/ecg-maya-usd/maya-usd/test/lib/mayaUsd/nodes/testProxyShapeBase.py", line 581, in testShareStageComplexHierarchyToggle
[2022-06-29T18:34:50.524Z]         with testUtils.TemporaryDirectory(prefix='ProxyShapeBase') as testDir:
[2022-06-29T18:34:50.524Z]       File "/local/S/jenkins/workspace/ECP/ecg-maya-usd/ecg-mayausd-branch-preflight-2020-osx/ecg-maya-usd/maya-usd/test/testUtils/testUtils.py", line 56, in __init__
[2022-06-29T18:34:50.524Z]         self.name = tempfile.mkdtemp(suffix=suffix, prefix=prefix)
[2022-06-29T18:34:50.524Z]       File "/local/S/jenkins/workspace/shared/Artifactory/OSX/rundev-2020/202107140359/runtime/446214e/runTime/Maya.app/Contents/Frameworks/Python.framework/Versions/Current/lib/python2.7/tempfile.py", line 337, in mkdtemp
[2022-06-29T18:34:50.524Z]         file = _os.path.join(dir, prefix + name + suffix)
[2022-06-29T18:34:50.524Z]     TypeError: cannot concatenate 'str' and 'NoneType' objects
[2022-06-29T18:34:50.524Z]     
[2022-06-29T18:34:50.524Z]     ----------------------------------------------------------------------
[2022-06-29T18:34:50.524Z]     Ran 15 tests in 0.928s
[2022-06-29T18:34:50.524Z]     
[2022-06-29T18:34:50.524Z]     FAILED (errors=6, skipped=4)
[2022-06-29T18:34:50.524Z]     
[2022-06-29T18:34:50.524Z]             Start  56: testDiagnosticDelegate
[2022-06-29T18:34:54.394Z]      30/157 Test  #31: testHdImagingShape ..............................   Passed    5.24 sec
[2022-06-29T18:34:54.394Z]             Start  57: testPxrUsdPreviewSurfaceDraw
[2022-06-29T18:34:54.394Z]      31/157 Test  #54: testUsdUndoManager ..............................   Passed    4.71 sec
[2022-06-29T18:34:54.394Z]             Start  58: testPxrUsdPreviewSurfaceExport
[2022-06-29T18:34:54.394Z]      32/157 Test  #55: testBlockSceneModificationContext ...............   Passed    4.82 sec
[2022-06-29T18:34:54.394Z]             Start  59: testMayaUsdSchemasPythonImport
[2022-06-29T18:34:55.929Z]      33/157 Test  #56: testDiagnosticDelegate ..........................   Passed    4.87 sec
[2022-06-29T18:34:55.929Z]             Start  60: testMayaUsdSchemasMayaReference
[2022-06-29T18:34:56.586Z]      34/157 Test  #57: testPxrUsdPreviewSurfaceDraw ....................   Passed    2.77 sec
[2022-06-29T18:34:56.586Z]             Start  61: testDiffCore
[2022-06-29T18:34:56.586Z]      35/157 Test  #61: testDiffCore ....................................   Passed    0.03 sec
[2022-06-29T18:34:56.586Z]             Start  62: testDiffValues
[2022-06-29T18:34:57.241Z]      36/157 Test  #62: testDiffValues ..................................   Passed    0.03 sec
[2022-06-29T18:34:57.241Z]             Start  63: testDiffAttributes
[2022-06-29T18:34:57.241Z]      37/157 Test  #63: testDiffAttributes ..............................   Passed    0.05 sec
[2022-06-29T18:34:57.241Z]             Start  64: testDiffRelationships
[2022-06-29T18:34:57.241Z]      38/157 Test  #64: testDiffRelationships ...........................   Passed    0.05 sec
[2022-06-29T18:34:57.241Z]             Start  65: testDiffDictionaries
[2022-06-29T18:34:57.241Z]      39/157 Test  #65: testDiffDictionaries ............................   Passed    0.03 sec
[2022-06-29T18:34:57.241Z]             Start  66: testDiffLists
[2022-06-29T18:34:57.241Z]      40/157 Test  #66: testDiffLists ...................................   Passed    0.03 sec
[2022-06-29T18:34:57.241Z]             Start  67: testDiffComputeOverall
[2022-06-29T18:34:57.241Z]      41/157 Test  #67: testDiffComputeOverall ..........................   Passed    0.03 sec
[2022-06-29T18:34:57.241Z]             Start  68: testDiffPrims
[2022-06-29T18:34:57.241Z]      42/157 Test  #68: testDiffPrims ...................................   Passed    0.06 sec
[2022-06-29T18:34:57.241Z]             Start  69: testMergePrims
[2022-06-29T18:34:57.241Z]      43/157 Test  #69: testMergePrims ..................................   Passed    0.06 sec
[2022-06-29T18:34:57.241Z]             Start  70: testDiffMetadatas
[2022-06-29T18:34:57.241Z]      44/157 Test  #70: testDiffMetadatas ...............................   Passed    0.05 sec
[2022-06-29T18:34:57.241Z]             Start  71: testUsdExportAnimation
[2022-06-29T18:34:57.885Z]      45/157 Test  #59: testMayaUsdSchemasPythonImport ..................   Passed    3.26 sec
[2022-06-29T18:34:57.885Z]             Start  72: testUsdExportAsClip
[2022-06-29T18:34:59.236Z]      46/157 Test  #60: testMayaUsdSchemasMayaReference .................   Passed    3.29 sec
[2022-06-29T18:34:59.236Z]             Start  73: testUsdExportBindTransform
[2022-06-29T18:34:59.236Z]      47/157 Test  #58: testPxrUsdPreviewSurfaceExport ..................   Passed    4.99 sec
[2022-06-29T18:34:59.236Z]             Start  74: testUsdExportBlendshapes
[2022-06-29T18:35:02.223Z]      48/157 Test  #71: testUsdExportAnimation ..........................   Passed    4.69 sec
[2022-06-29T18:35:02.223Z]             Start  75: testUsdExportCamera
[2022-06-29T18:35:02.916Z]      49/157 Test  #72: testUsdExportAsClip .............................   Passed    5.12 sec
[2022-06-29T18:35:02.916Z]             Start  76: testUsdExportColorSets
[2022-06-29T18:35:03.762Z]      50/157 Test  #73: testUsdExportBindTransform ......................   Passed    4.77 sec
[2022-06-29T18:35:03.762Z]             Start  77: testUsdExportConnected
[2022-06-29T18:35:04.419Z]      51/157 Test  #74: testUsdExportBlendshapes ........................   Passed    4.88 sec
[2022-06-29T18:35:04.419Z]             Start  78: testUsdExportDisplacement
[2022-06-29T18:35:07.341Z]      52/157 Test  #75: testUsdExportCamera .............................   Passed    4.88 sec
[2022-06-29T18:35:07.341Z]             Start  79: testUsdExportDisplayColor
[2022-06-29T18:35:07.999Z]      53/157 Test  #76: testUsdExportColorSets ..........................   Passed    5.11 sec
[2022-06-29T18:35:07.999Z]             Start  80: testUsdExportEulerFilter
[2022-06-29T18:35:08.642Z]      54/157 Test  #77: testUsdExportConnected ..........................   Passed    4.80 sec
[2022-06-29T18:35:08.642Z]             Start  81: testUsdExportFileFormat
[2022-06-29T18:35:09.689Z]      55/157 Test  #78: testUsdExportDisplacement .......................   Passed    4.93 sec
[2022-06-29T18:35:09.689Z]             Start  82: testUsdExportFilterTypes
[2022-06-29T18:35:11.953Z]      56/157 Test  #79: testUsdExportDisplayColor .......................   Passed    4.92 sec
[2022-06-29T18:35:11.953Z]             Start  83: testUsdExportFrameOffset
[2022-06-29T18:35:12.624Z]      57/157 Test  #80: testUsdExportEulerFilter ........................   Passed    4.96 sec
[2022-06-29T18:35:12.624Z]             Start  84: testUsdExportGeomSubset
[2022-06-29T18:35:13.294Z]      58/157 Test  #81: testUsdExportFileFormat .........................   Passed    4.70 sec
[2022-06-29T18:35:13.294Z]             Start  85: testUsdExportInstances
[2022-06-29T18:35:14.769Z]      59/157 Test  #82: testUsdExportFilterTypes ........................   Passed    5.20 sec
[2022-06-29T18:35:14.769Z]             Start  86: testUsdExportLayerAttributes
[2022-06-29T18:35:17.305Z]      60/157 Test  #83: testUsdExportFrameOffset ........................   Passed    5.07 sec
[2022-06-29T18:35:17.305Z]             Start  87: testUsdExportLight
[2022-06-29T18:35:17.954Z]      61/157 Test  #84: testUsdExportGeomSubset .........................   Passed    4.85 sec
[2022-06-29T18:35:17.954Z]             Start  88: testUsdExportLocator
[2022-06-29T18:35:17.954Z]      62/157 Test  #85: testUsdExportInstances ..........................   Passed    5.02 sec
[2022-06-29T18:35:17.954Z]             Start  89: testUsdExportMayaInstancer
[2022-06-29T18:35:18.653Z]      63/157 Test  #86: testUsdExportLayerAttributes ....................   Passed    4.58 sec
[2022-06-29T18:35:18.653Z]             Start  90: testUsdExportMesh
[2022-06-29T18:35:21.232Z]      64/157 Test  #87: testUsdExportLight ..............................   Passed    4.66 sec
[2022-06-29T18:35:21.232Z]             Start  91: testUsdExportNurbsCurve
[2022-06-29T18:35:22.645Z]      65/157 Test  #88: testUsdExportLocator ............................   Passed    5.00 sec
[2022-06-29T18:35:22.645Z]             Start  92: testUsdExportOpenLayer
[2022-06-29T18:35:23.352Z]      66/157 Test  #89: testUsdExportMayaInstancer ......................   Passed    5.26 sec
[2022-06-29T18:35:23.352Z]             Start  93: testUsdExportOverImport
[2022-06-29T18:35:24.016Z]      67/157 Test  #90: testUsdExportMesh ...............................   Passed    5.05 sec
[2022-06-29T18:35:24.016Z]             Start  94: testUsdExportUsdPreviewSurface
[2022-06-29T18:35:27.104Z]      68/157 Test  #91: testUsdExportNurbsCurve .........................   Passed    4.99 sec
[2022-06-29T18:35:27.104Z]             Start  95: testUsdExportParentScope
[2022-06-29T18:35:27.104Z]      69/157 Test  #92: testUsdExportOpenLayer ..........................   Passed    4.69 sec
[2022-06-29T18:35:27.104Z]             Start  96: testUsdExportParticles
[2022-06-29T18:35:28.540Z]      70/157 Test  #93: testUsdExportOverImport .........................   Passed    4.65 sec
[2022-06-29T18:35:28.540Z]             Start  97: testUsdExportPref
[2022-06-29T18:35:28.540Z]      71/157 Test  #94: testUsdExportUsdPreviewSurface ..................   Passed    4.64 sec
[2022-06-29T18:35:28.540Z]             Start  98: testUsdExportRenderLayerMode
[2022-06-29T18:35:31.554Z]      72/157 Test  #95: testUsdExportParentScope ........................   Passed    4.93 sec
[2022-06-29T18:35:31.554Z]             Start  99: testUsdExportRoots
[2022-06-29T18:35:31.554Z]      73/157 Test  #98: testUsdExportRenderLayerMode ....................   Passed    3.21 sec
[2022-06-29T18:35:31.554Z]             Start 100: testUsdExportRootsAndParentScope
[2022-06-29T18:35:32.339Z]      74/157 Test  #96: testUsdExportParticles ..........................   Passed    4.92 sec
[2022-06-29T18:35:32.339Z]             Start 101: testUsdExportSelection
[2022-06-29T18:35:32.971Z]      75/157 Test  #97: testUsdExportPref ...............................   Passed    4.76 sec
[2022-06-29T18:35:32.971Z]             Start 102: testUsdExportSelectionHierarchy
[2022-06-29T18:35:36.848Z]      76/157 Test  #99: testUsdExportRoots ..............................   Passed    5.07 sec
[2022-06-29T18:35:36.849Z]             Start 103: testUsdExportShadingInstanced
[2022-06-29T18:35:36.849Z]      77/157 Test #100: testUsdExportRootsAndParentScope ................   Passed    4.82 sec
[2022-06-29T18:35:36.849Z]             Start 104: testUsdExportShadingModePxrRis
[2022-06-29T18:35:37.863Z]      78/157 Test #101: testUsdExportSelection ..........................   Passed    4.96 sec
[2022-06-29T18:35:37.863Z]             Start 105: testUsdExportSkeleton
[2022-06-29T18:35:37.863Z]      79/157 Test #102: testUsdExportSelectionHierarchy .................   Passed    5.04 sec
[2022-06-29T18:35:37.863Z]             Start 106: testUsdExportStripNamespaces
[2022-06-29T18:35:41.771Z]      80/157 Test #103: testUsdExportShadingInstanced ...................   Passed    4.96 sec
[2022-06-29T18:35:41.771Z]             Start 107: testUsdExportStroke
[2022-06-29T18:35:41.771Z]      81/157 Test #104: testUsdExportShadingModePxrRis ..................   Passed    4.92 sec
[2022-06-29T18:35:41.771Z]             Start 108: testUsdExportUserTaggedAttributes
[2022-06-29T18:35:42.461Z]      82/157 Test #106: testUsdExportStripNamespaces ....................   Passed    4.62 sec
[2022-06-29T18:35:42.461Z]             Start 109: testUsdExportVisibilityDefault
[2022-06-29T18:35:42.461Z]      83/157 Test #105: testUsdExportSkeleton ...........................   Passed    5.38 sec
[2022-06-29T18:35:42.461Z]             Start 110: testUsdImportAnonymousLayer
[2022-06-29T18:35:46.517Z]      84/157 Test #107: testUsdExportStroke .............................   Passed    4.89 sec
[2022-06-29T18:35:46.517Z]             Start 111: testUsdImportCamera
[2022-06-29T18:35:46.517Z]      85/157 Test #108: testUsdExportUserTaggedAttributes ...............   Passed    4.86 sec
[2022-06-29T18:35:46.517Z]             Start 112: testUsdImportBasisCurves
[2022-06-29T18:35:47.161Z]      86/157 Test #110: testUsdImportAnonymousLayer .....................   Passed    4.53 sec
[2022-06-29T18:35:47.161Z]             Start 113: testUsdImportBatchNurbsCurves
[2022-06-29T18:35:47.161Z]      87/157 Test #109: testUsdExportVisibilityDefault ..................   Passed    4.90 sec
[2022-06-29T18:35:47.161Z]             Start 114: testUsdImportLinearCurves
[2022-06-29T18:35:50.997Z]      88/157 Test #111: testUsdImportCamera .............................   Passed    4.58 sec
[2022-06-29T18:35:50.997Z]             Start 115: testUsdImportNurbsCurves
[2022-06-29T18:35:51.647Z]      89/157 Test #112: testUsdImportBasisCurves ........................   Passed    5.57 sec
[2022-06-29T18:35:51.648Z]             Start 116: testUsdImportBatchBezierCurves
[2022-06-29T18:35:53.025Z]      90/157 Test #113: testUsdImportBatchNurbsCurves ...................   Passed    5.57 sec
[2022-06-29T18:35:53.025Z]             Start 117: testUsdImportColorSets
[2022-06-29T18:35:53.025Z]      91/157 Test #114: testUsdImportLinearCurves .......................   Passed    5.53 sec
[2022-06-29T18:35:53.025Z]             Start 118: testUsdImportDisplacement
[2022-06-29T18:35:56.876Z]      92/157 Test #115: testUsdImportNurbsCurves ........................   Passed    5.49 sec
[2022-06-29T18:35:56.876Z]             Start 119: testUsdImportExportScope
[2022-06-29T18:35:57.528Z]      93/157 Test #117: testUsdImportColorSets ..........................   Passed    4.49 sec
[2022-06-29T18:35:57.528Z]             Start 120: testUsdImportExportTypelessDefs
[2022-06-29T18:35:57.528Z]      94/157 Test #116: testUsdImportBatchBezierCurves ..................   Passed    5.61 sec
[2022-06-29T18:35:57.528Z]             Start 121: testUsdImportFrameRange
[2022-06-29T18:35:57.528Z]      95/157 Test #118: testUsdImportDisplacement .......................   Passed    4.68 sec
[2022-06-29T18:35:57.528Z]             Start 122: testUsdImportFramerates
[2022-06-29T18:36:01.019Z]      96/157 Test #119: testUsdImportExportScope ........................   Passed    4.60 sec
[2022-06-29T18:36:01.019Z]             Start 123: testUsdImportInstances
[2022-06-29T18:36:01.690Z]      97/157 Test #120: testUsdImportExportTypelessDefs .................   Passed    4.51 sec
[2022-06-29T18:36:01.690Z]             Start 124: testUsdImportLight
[2022-06-29T18:36:02.338Z]      98/157 Test #121: testUsdImportFrameRange .........................   Passed    4.62 sec
[2022-06-29T18:36:02.338Z]             Start 125: testUsdImportMayaReference
[2022-06-29T18:36:02.338Z]      99/157 Test #122: testUsdImportFramerates .........................   Passed    4.61 sec
[2022-06-29T18:36:02.338Z]             Start 126: testUsdImportMesh
[2022-06-29T18:36:06.271Z]     100/157 Test #123: testUsdImportInstances ..........................   Passed    4.85 sec
[2022-06-29T18:36:06.271Z]             Start 127: testUsdImportPreviewSurface
[2022-06-29T18:36:06.271Z]     101/157 Test #124: testUsdImportLight ..............................   Passed    4.63 sec
[2022-06-29T18:36:06.271Z]             Start 128: testUsdImportSessionLayer
[2022-06-29T18:36:06.945Z]     102/157 Test #126: testUsdImportMesh ...............................   Passed    4.54 sec
[2022-06-29T18:36:06.945Z]             Start 129: testUsdImportShadingModeDisplayColor
[2022-06-29T18:36:06.945Z]     103/157 Test #125: testUsdImportMayaReference ......................   Passed    4.81 sec
[2022-06-29T18:36:06.945Z]             Start 130: testUsdImportShadingModePxrRis
[2022-06-29T18:36:11.071Z]     104/157 Test #127: testUsdImportPreviewSurface .....................   Passed    4.82 sec
[2022-06-29T18:36:11.072Z]             Start 131: testUsdImportUVSetMappings
[2022-06-29T18:36:11.072Z]     105/157 Test #128: testUsdImportSessionLayer .......................   Passed    4.60 sec
[2022-06-29T18:36:11.072Z]             Start 132: testUsdImportUSDZTextures
[2022-06-29T18:36:11.762Z]     106/157 Test #129: testUsdImportShadingModeDisplayColor ............   Passed    4.60 sec
[2022-06-29T18:36:11.762Z]             Start 133: testUsdExportImportRoundtripPreviewSurface
[2022-06-29T18:36:11.762Z]     107/157 Test #130: testUsdImportShadingModePxrRis ..................   Passed    4.60 sec
[2022-06-29T18:36:11.762Z]             Start 134: testUsdExportImportUDIM
[2022-06-29T18:36:15.827Z]     108/157 Test #131: testUsdImportUVSetMappings ......................   Passed    4.64 sec
[2022-06-29T18:36:15.827Z]             Start 135: testUsdImportSkeleton
[2022-06-29T18:36:15.827Z]     109/157 Test #132: testUsdImportUSDZTextures .......................   Passed    4.73 sec
[2022-06-29T18:36:15.827Z]             Start 136: testUsdImportXforms
[2022-06-29T18:36:16.476Z]     110/157 Test #133: testUsdExportImportRoundtripPreviewSurface ......   Passed    4.97 sec
[2022-06-29T18:36:16.476Z]             Start 137: testUsdImportXformAnim
[2022-06-29T18:36:16.476Z]     111/157 Test #134: testUsdExportImportUDIM .........................   Passed    4.98 sec
[2022-06-29T18:36:16.476Z]             Start 138: testUsdMayaAdaptor
[2022-06-29T18:36:20.386Z]     112/157 Test #135: testUsdImportSkeleton ...........................   Passed    4.61 sec
[2022-06-29T18:36:20.386Z]             Start 139: testUsdMayaAdaptorGeom
[2022-06-29T18:36:21.192Z]     113/157 Test #137: testUsdImportXformAnim ..........................   Passed    4.62 sec
[2022-06-29T18:36:21.192Z]             Start 140: testUsdMayaAdaptorMetadata
[2022-06-29T18:36:21.192Z]     114/157 Test #138: testUsdMayaAdaptor ..............................   Passed    4.67 sec
[2022-06-29T18:36:21.192Z]             Start 141: testUsdMayaAdaptorUndoRedo
[2022-06-29T18:36:24.362Z]     115/157 Test #139: testUsdMayaAdaptorGeom ..........................   Passed    4.63 sec
[2022-06-29T18:36:24.362Z]             Start 142: testUsdExportUVTransforms
[2022-06-29T18:36:25.771Z]     116/157 Test #140: testUsdMayaAdaptorMetadata ......................   Passed    4.82 sec
[2022-06-29T18:36:25.771Z]             Start 143: testUsdExportUsdzPackage
[2022-06-29T18:36:25.771Z]     117/157 Test #141: testUsdMayaAdaptorUndoRedo ......................   Passed    4.75 sec
[2022-06-29T18:36:25.771Z]             Start 144: testUsdExportRfMShaders
[2022-06-29T18:36:29.880Z]     118/157 Test #142: testUsdExportUVTransforms .......................   Passed    4.97 sec
[2022-06-29T18:36:29.880Z]             Start 145: testUsdImportRfMShaders
[2022-06-29T18:36:30.594Z]     119/157 Test #143: testUsdExportUsdzPackage ........................   Passed    4.58 sec
[2022-06-29T18:36:30.594Z]             Start 146: testUsdExportUVSets
[2022-06-29T18:36:30.594Z]     120/157 Test #144: testUsdExportRfMShaders .........................   Passed    4.77 sec
[2022-06-29T18:36:30.594Z]             Start 147: testUsdExportUVSetsFloat
[2022-06-29T18:36:34.417Z]     121/157 Test #145: testUsdImportRfMShaders .........................   Passed    4.47 sec
[2022-06-29T18:36:34.417Z]             Start 148: testUsdExportUVSetMappings
[2022-06-29T18:36:35.062Z]     122/157 Test #146: testUsdExportUVSets .............................   Passed    4.65 sec
[2022-06-29T18:36:35.062Z]             Start 149: testUsdImportUVSets
[2022-06-29T18:36:35.748Z]     123/157 Test #147: testUsdExportUVSetsFloat ........................   Passed    4.69 sec
[2022-06-29T18:36:35.748Z]             Start 150: testUsdImportUVSetsFloat
[2022-06-29T18:36:38.834Z]     124/157 Test #148: testUsdExportUVSetMappings ......................   Passed    4.98 sec
[2022-06-29T18:36:38.834Z]             Start 151: testUsdImportChaser
[2022-06-29T18:36:40.970Z]     125/157 Test #149: testUsdImportUVSets .............................   Passed    5.91 sec
[2022-06-29T18:36:40.970Z]             Start 152: testUsdExportCustomConverter-Maya
[2022-06-29T18:36:41.624Z]     126/157 Test #150: testUsdImportUVSetsFloat ........................   Passed    5.97 sec
[2022-06-29T18:36:41.624Z]             Start 153: testUsdExportCustomConverter-USD
[2022-06-29T18:36:43.741Z]     127/157 Test #151: testUsdImportChaser .............................   Passed    4.71 sec
[2022-06-29T18:36:43.741Z]             Start 154: testUsdImportCustomConverter-Maya
[2022-06-29T18:36:45.884Z]     128/157 Test #152: testUsdExportCustomConverter-Maya ...............   Passed    4.75 sec
[2022-06-29T18:36:45.884Z]             Start 155: testUsdImportCustomConverter-USD
[2022-06-29T18:36:45.884Z]     129/157 Test #153: testUsdExportCustomConverter-USD ................   Passed    4.67 sec
[2022-06-29T18:36:45.884Z]             Start 156: testUsdMayaListShadingModesCommand
[2022-06-29T18:36:49.105Z]     130/157 Test #154: testUsdImportCustomConverter-Maya ...............   Passed    5.02 sec
[2022-06-29T18:36:49.105Z]             Start 157: testUsdExportSchemaApi
[2022-06-29T18:36:50.599Z]     131/157 Test #155: testUsdImportCustomConverter-USD ................   Passed    4.97 sec
[2022-06-29T18:36:50.599Z]             Start 158: testUsdImportExportSiteSpecificConfig
[2022-06-29T18:36:51.265Z]     132/157 Test #156: testUsdMayaListShadingModesCommand ..............   Passed    4.87 sec
[2022-06-29T18:36:51.265Z]             Start 159: testUsdExportAssembly
[2022-06-29T18:36:54.204Z]     133/157 Test #157: testUsdExportSchemaApi ..........................   Passed    5.07 sec
[2022-06-29T18:36:54.204Z]             Start 160: testUsdExportAssemblyEdits
[2022-06-29T18:36:55.541Z]     134/157 Test #158: testUsdImportExportSiteSpecificConfig ...........   Passed    4.81 sec
[2022-06-29T18:36:55.541Z]             Start 161: testUsdExportPackage
[2022-06-29T18:36:56.184Z]     135/157 Test #159: testUsdExportAssembly ...........................   Passed    5.38 sec
[2022-06-29T18:36:56.184Z]             Start 162: testUsdExportPointInstancer
[2022-06-29T18:36:59.131Z]     136/157 Test #160: testUsdExportAssemblyEdits ......................   Passed    5.32 sec
[2022-06-29T18:36:59.131Z]             Start 163: testUsdImportAsAssemblies
[2022-06-29T18:37:01.235Z]     137/157 Test #161: testUsdExportPackage ............................   Passed    5.40 sec
[2022-06-29T18:37:01.235Z]             Start 164: testUsdImportNestedAssemblyAnimation
[2022-06-29T18:37:04.166Z]     138/157 Test #163: testUsdImportAsAssemblies .......................   Passed    4.88 sec
[2022-06-29T18:37:04.166Z]             Start 165: testUsdMayaGetVariantSetSelections
[2022-06-29T18:37:05.559Z]     139/157 Test #164: testUsdImportNestedAssemblyAnimation ............   Passed    4.90 sec
[2022-06-29T18:37:05.559Z]             Start 166: testUsdMayaModelKindProcessor
[2022-06-29T18:37:09.903Z]     140/157 Test #165: testUsdMayaGetVariantSetSelections ..............   Passed    5.66 sec
[2022-06-29T18:37:09.903Z]             Start 167: testUsdMayaReferenceAssemblyEdits
[2022-06-29T18:37:11.276Z]     141/157 Test #166: testUsdMayaModelKindProcessor ...................   Passed    5.42 sec
[2022-06-29T18:37:11.276Z]             Start 168: testUsdReferenceAssemblyChangeRepresentations
[2022-06-29T18:37:15.498Z]     142/157 Test #167: testUsdMayaReferenceAssemblyEdits ...............   Passed    5.40 sec
[2022-06-29T18:37:15.498Z]             Start 169: testPxrUsdAlembicChaser
[2022-06-29T18:37:16.840Z]     143/157 Test #168: testUsdReferenceAssemblyChangeRepresentations ...   Passed    5.70 sec
[2022-06-29T18:37:16.840Z]             Start 170: AL_MayaUtilsTests
[2022-06-29T18:37:20.070Z]     144/157 Test #170: AL_MayaUtilsTests ...............................   Passed    2.66 sec
[2022-06-29T18:37:20.070Z]             Start 171: GTest:AL_USDTransactionTests
[2022-06-29T18:37:20.070Z]     145/157 Test #171: GTest:AL_USDTransactionTests ....................   Passed    0.07 sec
[2022-06-29T18:37:20.070Z]             Start 172: Python:AL_USDTransactionTests
[2022-06-29T18:37:20.070Z]     146/157 Test #162: testUsdExportPointInstancer .....................   Passed   23.52 sec
[2022-06-29T18:37:20.070Z]             Start 173: AL_USDMayaTestPlugin
[2022-06-29T18:37:20.070Z]     147/157 Test #172: Python:AL_USDTransactionTests ...................   Passed    0.48 sec
[2022-06-29T18:37:20.070Z]             Start 174: TestALUSDMayaPython_ProxyShape
[2022-06-29T18:37:20.923Z]     148/157 Test #169: testPxrUsdAlembicChaser .........................   Passed    5.35 sec
[2022-06-29T18:37:20.923Z]             Start 175: TestALUSDMayaPython_Translators
[2022-06-29T18:37:25.002Z]     149/157 Test #174: TestALUSDMayaPython_ProxyShape ..................   Passed    5.01 sec
[2022-06-29T18:37:25.002Z]             Start 176: TestALUSDMayaPython_LayerManager
[2022-06-29T18:37:25.675Z]     150/157 Test #175: TestALUSDMayaPython_Translators .................   Passed    5.35 sec
[2022-06-29T18:37:25.675Z]             Start 177: TestALUSDMayaPython_ImportModule
[2022-06-29T18:37:27.811Z]     151/157 Test #177: TestALUSDMayaPython_ImportModule ................   Passed    1.79 sec
[2022-06-29T18:37:27.811Z]             Start 178: testMayaSchemas
[2022-06-29T18:37:27.811Z]     152/157 Test #178: testMayaSchemas .................................   Passed    0.05 sec
[2022-06-29T18:37:27.811Z]             Start 179: TestAdditionalTranslators
[2022-06-29T18:37:30.907Z]     153/157 Test #176: TestALUSDMayaPython_LayerManager ................   Passed    5.26 sec
[2022-06-29T18:37:30.907Z]             Start 180: TestPxrUsdTranslators
[2022-06-29T18:37:33.829Z]     154/157 Test #179: TestAdditionalTranslators .......................   Passed    6.33 sec
[2022-06-29T18:37:36.069Z]     155/157 Test #180: TestPxrUsdTranslators ...........................   Passed    5.17 sec
[2022-06-29T18:37:36.715Z]     156/157 Test #173: AL_USDMayaTestPlugin ............................   Passed   16.72 sec
[2022-06-29T18:38:05.201Z]     157/157 Test #136: testUsdImportXforms .............................   Passed  107.83 sec
[2022-06-29T18:38:05.201Z]     
[2022-06-29T18:38:05.201Z]     99% tests passed, 1 tests failed out of 156
[2022-06-29T18:38:05.201Z]     
[2022-06-29T18:38:05.201Z]     Label Time Summary:
[2022-06-29T18:38:05.201Z]     Debugging            =   0.00 sec*proc (1 test)
[2022-06-29T18:38:05.201Z]     MayaUsd              =  25.60 sec*proc (6 tests)
[2022-06-29T18:38:05.201Z]     fileio               =  35.26 sec*proc (7 tests)
[2022-06-29T18:38:05.201Z]     fileio_utils         =   9.69 sec*proc (2 tests)
[2022-06-29T18:38:05.201Z]     nodes                =  24.88 sec*proc (5 tests)
[2022-06-29T18:38:05.201Z]     translators          = 530.57 sec*proc (88 tests)
[2022-06-29T18:38:05.201Z]     ufe                  =  43.58 sec*proc (9 tests)
[2022-06-29T18:38:05.201Z]     undo                 =   4.71 sec*proc (1 test)
[2022-06-29T18:38:05.201Z]     usdPreviewSurface    =   7.76 sec*proc (2 tests)
[2022-06-29T18:38:05.201Z]     utils                =   9.69 sec*proc (2 tests)
[2022-06-29T18:38:05.201Z]     
[2022-06-29T18:38:05.201Z]     Total Test time (real) = 227.32 sec
[2022-06-29T18:38:05.201Z]     
[2022-06-29T18:38:05.201Z]     The following tests did not run:
[2022-06-29T18:38:05.201Z]     	  7 - _Interactive_Maya (Disabled)
[2022-06-29T18:38:05.201Z]     
[2022-06-29T18:38:05.201Z]     The following tests FAILED:
[2022-06-29T18:38:05.201Z]     	 30 - testProxyShapeBase (Failed)
[2022-06-29T18:38:05.201Z]     Errors while running CTest
[2022-06-29T18:38:05.201Z]     
[2022-06-29T18:38:05.201Z]         Building with settings:
[2022-06-29T18:38:05.201Z]           Source directory          /local/S/jenkins/workspace/ECP/ecg-maya-usd/ecg-mayausd-branch-preflight-2020-osx/ecg-maya-usd/maya-usd
[2022-06-29T18:38:05.201Z]           Workspace directory       /local/S/jenkins/workspace/ECP/ecg-maya-usd/ecg-mayausd-branch-preflight-2020-osx
[2022-06-29T18:38:05.201Z]           Build directory           /local/S/jenkins/workspace/ECP/ecg-maya-usd/ecg-mayausd-branch-preflight-2020-osx/build/RelWithDebInfo
[2022-06-29T18:38:05.201Z]           Install directory         /local/S/jenkins/workspace/ECP/ecg-maya-usd/ecg-mayausd-branch-preflight-2020-osx/install/RelWithDebInfo/MayaUSD
[2022-06-29T18:38:05.201Z]           Variant                   RelWithDebInfo
[2022-06-29T18:38:05.201Z]           Python Debug              Off
[2022-06-29T18:38:05.201Z]           CMake generator           Ninja
[2022-06-29T18:38:05.201Z]           Build arguments           ['-DCMAKE_MAKE_PROGRAM=/local/S/jenkins/workspace/shared/Artifactory/OSX/ninja/1.9.0/41005eb/ninja', '-DPYTHON_INCLUDE_DIR=/local/S/jenkins/workspace/shared/Artifactory/OSX/rundev-2020/202107140359/runtime/446214e/runTime/Maya.app/Contents/Frameworks/Python.framework/Versions/Current/include/python2.7', '-DPython_EXECUTABLE=/local/S/jenkins/workspace/shared/Artifactory/OSX/rundev-2020/202107140359/runtime/446214e/runTime/Maya.app/Contents/bin/mayapy', '-DPYTHON_LIBRARIES=/local/S/jenkins/workspace/shared/Artifactory/OSX/rundev-2020/202107140359/runtime/446214e/runTime/Maya.app/Contents/Frameworks/Python.framework/Versions/Current/lib/libpython2.7.dylib', '-DUSD_LIB_PREFIX=lib', '-DCMAKE_WANT_MATERIALX_BUILD=ON', '-DCMAKE_PREFIX_PATH=/local/S/jenkins/workspace/shared/Artifactory/OSX/USD/73ca68d']
[2022-06-29T18:38:05.201Z]           Stages arguments          ['test']
[2022-06-29T18:38:05.201Z]           CTest arguments           ['-E testUsdReferenceAssemblySelection|testUsdMayaAppDir', '-LE interactive', '--parallel 4']
[2022-06-29T18:38:05.201Z]     #####################################################################################
[2022-06-29T18:38:05.201Z]     log date: 2022-06-29 11:34
[2022-06-29T18:38:05.201Z]     commit sha: a29c5101495db2646df63c9cb5a8f365c6fc6095
[2022-06-29T18:38:05.201Z]     commit date: Wed Jun 29 11:19:35 2022 -0700
[2022-06-29T18:38:05.201Z]     #####################################################################################
[2022-06-29T18:38:05.201Z]     
[2022-06-29T18:38:05.201Z]     cmake --build . --config RelWithDebInfo --target install -- -j4
[2022-06-29T18:38:05.201Z]     #####################################################################################
[2022-06-29T18:38:05.201Z]     log date: 2022-06-29 11:34
[2022-06-29T18:38:05.201Z]     commit sha: a29c5101495db2646df63c9cb5a8f365c6fc6095
[2022-06-29T18:38:05.201Z]     commit date: Wed Jun 29 11:19:35 2022 -0700
[2022-06-29T18:38:05.201Z]     #####################################################################################
[2022-06-29T18:38:05.201Z]     
[2022-06-29T18:38:05.201Z]     ctest --output-on-failure --timeout 500 -C RelWithDebInfo -E testUsdReferenceAssemblySelection|testUsdMayaAppDir -LE interactive --parallel 4
[2022-06-29T18:38:05.201Z]     
[2022-06-29T18:38:05.201Z]     Traceback (most recent call last):
[2022-06-29T18:38:05.201Z]       File "/local/S/jenkins/workspace/ECP/ecg-maya-usd/ecg-mayausd-branch-preflight-2020-osx/ecg-maya-usd/maya-usd/build.py", line 607, in <module>
[2022-06-29T18:38:05.201Z]         RunTests(context, context.ctestArgs)
[2022-06-29T18:38:05.201Z]       File "/local/S/jenkins/workspace/ECP/ecg-maya-usd/ecg-mayausd-branch-preflight-2020-osx/ecg-maya-usd/maya-usd/build.py", line 390, in RunTests
[2022-06-29T18:38:05.201Z]         RunCTest(context,extraArgs)
[2022-06-29T18:38:05.201Z]       File "/local/S/jenkins/workspace/ECP/ecg-maya-usd/ecg-mayausd-branch-preflight-2020-osx/ecg-maya-usd/maya-usd/build.py", line 301, in RunCTest
[2022-06-29T18:38:05.201Z]         extraArgs=(" ".join(extraArgs) if extraArgs else "")))
[2022-06-29T18:38:05.201Z]       File "/local/S/jenkins/workspace/ECP/ecg-maya-usd/ecg-mayausd-branch-preflight-2020-osx/ecg-maya-usd/maya-usd/build.py", line 165, in Run
[2022-06-29T18:38:05.201Z]         .format(cmd=cmd, log=os.path.abspath(context.logFileLocation)))
[2022-06-29T18:38:05.201Z]     RuntimeError: Failed to run 'ctest --output-on-failure --timeout 500 -C RelWithDebInfo -E testUsdReferenceAssemblySelection|testUsdMayaAppDir -LE interactive --parallel 4 '
[2022-06-29T18:38:05.201Z]     See /local/S/jenkins/workspace/ECP/ecg-maya-usd/ecg-mayausd-branch-preflight-2020-osx/build/RelWithDebInfo/build_log.txt for more details.
[2022-06-29T18:38:05.201Z] build.py: error: Command failed with error code: 1
[Pipeline] }
[Pipeline] // withEnv
[Pipeline] }
[Pipeline] // timeout
[Pipeline] }
[Pipeline] // stage
[Pipeline] }
[Pipeline] // timestamps
[Pipeline] emailextrecipients
Not sending mail to unregistered user ecg.jenkins@autodesk.com because your SCM claimed this was associated with a user ID ecg.jenkins' which your security realm does not recognize; you may need changes in your SCM plugin
Not sending mail to unregistered user ecg.jenkins@autodesk.com because your SCM claimed this was associated with a user ID ecg.jenkins' which your security realm does not recognize; you may need changes in your SCM plugin
[Pipeline] echo
No recipients to send notification.
[Pipeline] }
[Pipeline] // node
[Pipeline] End of Pipeline
ERROR: script returned exit code 1
[Checks API] No suitable checks publisher found.
Finished: FAILURE
