[2022-06-29T17:46:32.925Z] ================================================================================
[2022-06-29T17:46:32.925Z]                              setup (RelWithDebInfo)
[2022-06-29T17:46:32.925Z] ================================================================================
[Pipeline] }
[Pipeline] // withEnv
[Pipeline] }
[Pipeline] // timeout
[Pipeline] }
[Pipeline] // stage
[Pipeline] }
[Pipeline] // timestamps
[Pipeline] timestamps
[Pipeline] {
[Pipeline] stage
[Pipeline] { (Clean)
[Pipeline] timeout
[2022-06-29T17:46:36.568Z] Timeout set to expire in 6 hr 0 min
[Pipeline] {
[Pipeline] withEnv
[Pipeline] {
[Pipeline] sh
[2022-06-29T17:46:41.344Z] + python ecg-maya-usd/build.py --stages=clean --workspace-dir=/local/S/jenkins/workspace/ECP/ecg-maya-usd/ecg-mayausd-branch-preflight-2020-osx --artifactory-dir=/local/S/jenkins/workspace/shared/Artifactory --build-dir=/local/S/jenkins/workspace/ECP/ecg-maya-usd/ecg-mayausd-branch-preflight-2020-osx/build --install-dir=/local/S/jenkins/workspace/ECP/ecg-maya-usd/ecg-mayausd-branch-preflight-2020-osx/install --signing-dir=/local/S/jenkins/workspace/ECP/ecg-maya-usd/ecg-mayausd-branch-preflight-2020-osx/signing --package-dir=/local/S/jenkins/workspace/ECP/ecg-maya-usd/ecg-mayausd-branch-preflight-2020-osx/package --output-dir=/local/S/jenkins/workspace/ECP/ecg-maya-usd/ecg-mayausd-branch-preflight-2020-osx/output --stash-dir=/local/S/jenkins/workspace/ECP/ecg-maya-usd/ecg-mayausd-branch-preflight-2020-osx/stash --jenkins-build=68 --git-commit=2430d90ee8f6676234d6bb6724dd2aec98efc242 --git-branch=master --variants=RelWithDebInfo --python=2.7 --post-zips=false --maya-cut-config=maya-rundev-2020.yaml --maya-package=rundev-2020 --stage-banner
[2022-06-29T17:46:41.344Z] Using Maya cut from /local/S/jenkins/workspace/shared/Artifactory/OSX/rundev-2020/202107140359/runtime/446214e
[2022-06-29T17:46:41.344Z] Using Maya ADSK Signatures from /local/S/jenkins/workspace/shared/Artifactory/OSX/adsk-plugin-signatures-maya/2023/c1dbfce
[2022-06-29T17:46:41.344Z] Using Maya Security Library from /local/S/jenkins/workspace/shared/Artifactory/OSX/maya-security-library/3.1.0/5f2130f
[2022-06-29T17:46:41.344Z] 
[2022-06-29T17:46:41.344Z] ================================================================================
[2022-06-29T17:46:41.344Z]                              clean (RelWithDebInfo)
[2022-06-29T17:46:41.344Z] ================================================================================
[2022-06-29T17:46:41.344Z] Maya Python RelWithDebInfo Info:
[2022-06-29T17:46:41.344Z]   mayapy executable   = /local/S/jenkins/workspace/shared/Artifactory/OSX/rundev-2020/202107140359/runtime/446214e/runTime/Maya.app/Contents/bin/mayapy
[2022-06-29T17:46:41.344Z]   Include Folder      = /local/S/jenkins/workspace/shared/Artifactory/OSX/rundev-2020/202107140359/runtime/446214e/runTime/Maya.app/Contents/Frameworks/Python.framework/Versions/Current/include/python2.7
[2022-06-29T17:46:41.344Z]   Library             = /local/S/jenkins/workspace/shared/Artifactory/OSX/rundev-2020/202107140359/runtime/446214e/runTime/Maya.app/Contents/Frameworks/Python.framework/Versions/Current/lib/libpython2.7.dylib
[2022-06-29T17:46:41.344Z]   site-package Folder = /local/S/jenkins/workspace/shared/Artifactory/OSX/rundev-2020/202107140359/runtime/446214e/runTime/Maya.app/Contents/Frameworks/Python.framework/Versions/Current/lib/python2.7/site-packages
[2022-06-29T17:46:41.982Z] In workdir: /local/S/jenkins/workspace/ECP/ecg-maya-usd/ecg-mayausd-branch-preflight-2020-osx/ecg-maya-usd/maya-usd
[2022-06-29T17:46:41.982Z] Executing: /local/S/jenkins/workspace/shared/Artifactory/OSX/rundev-2020/202107140359/runtime/446214e/runTime/Maya.app/Contents/bin/mayapy /local/S/jenkins/workspace/ECP/ecg-maya-usd/ecg-mayausd-branch-preflight-2020-osx/ecg-maya-usd/maya-usd/build.py --generator Ninja --build-relwithdebug --maya-location /local/S/jenkins/workspace/shared/Artifactory/OSX/rundev-2020/202107140359/runtime/446214e/runTime --devkit-location /local/S/jenkins/workspace/shared/Artifactory/OSX/rundev-2020/202107140359/runtime/446214e/devkitBase --pxrusd-location /local/S/jenkins/workspace/shared/Artifactory/OSX/USD/73ca68d --qt-location /local/S/jenkins/workspace/shared/Artifactory/OSX/qt/5.12.5/3ca78fe --build-args=-DCMAKE_MAKE_PROGRAM=/local/S/jenkins/workspace/shared/Artifactory/OSX/ninja/1.9.0/41005eb/ninja,-DPYTHON_INCLUDE_DIR=/local/S/jenkins/workspace/shared/Artifactory/OSX/rundev-2020/202107140359/runtime/446214e/runTime/Maya.app/Contents/Frameworks/Python.framework/Versions/Current/include/python2.7,-DPython_EXECUTABLE=/local/S/jenkins/workspace/shared/Artifactory/OSX/rundev-2020/202107140359/runtime/446214e/runTime/Maya.app/Contents/bin/mayapy,-DPYTHON_LIBRARIES=/local/S/jenkins/workspace/shared/Artifactory/OSX/rundev-2020/202107140359/runtime/446214e/runTime/Maya.app/Contents/Frameworks/Python.framework/Versions/Current/lib/libpython2.7.dylib,-DUSD_LIB_PREFIX=lib,-DCMAKE_WANT_MATERIALX_BUILD=ON,-DCMAKE_PREFIX_PATH=/local/S/jenkins/workspace/shared/Artifactory/OSX/USD/73ca68d '--ctest-args=-E testUsdReferenceAssemblySelection|testUsdMayaAppDir,-LE interactive,--parallel 4' --stages=clean --redirect-outstream-file=False --install-location /local/S/jenkins/workspace/ECP/ecg-maya-usd/ecg-mayausd-branch-preflight-2020-osx/install/RelWithDebInfo/MayaUSD /local/S/jenkins/workspace/ECP/ecg-maya-usd/ecg-mayausd-branch-preflight-2020-osx
[2022-06-29T17:46:41.982Z] Modified environment variables:
[2022-06-29T17:46:41.982Z]     PATH=/local/S/jenkins/workspace/shared/Artifactory/OSX/cmake/3.20.3/2594509/bin:/usr/local/bin:/bin:/usr/sbin:/sbin:/usr/bin
[2022-06-29T17:46:42.632Z]     
[2022-06-29T17:46:42.632Z]         Building with settings:
[2022-06-29T17:46:42.632Z]           Source directory          /local/S/jenkins/workspace/ECP/ecg-maya-usd/ecg-mayausd-branch-preflight-2020-osx/ecg-maya-usd/maya-usd
[2022-06-29T17:46:42.632Z]           Workspace directory       /local/S/jenkins/workspace/ECP/ecg-maya-usd/ecg-mayausd-branch-preflight-2020-osx
[2022-06-29T17:46:42.632Z]           Build directory           /local/S/jenkins/workspace/ECP/ecg-maya-usd/ecg-mayausd-branch-preflight-2020-osx/build/RelWithDebInfo
[2022-06-29T17:46:42.632Z]           Install directory         /local/S/jenkins/workspace/ECP/ecg-maya-usd/ecg-mayausd-branch-preflight-2020-osx/install/RelWithDebInfo/MayaUSD
[2022-06-29T17:46:42.632Z]           Variant                   RelWithDebInfo
[2022-06-29T17:46:42.632Z]           Python Debug              Off
[2022-06-29T17:46:42.632Z]           CMake generator           Ninja
[2022-06-29T17:46:42.632Z]           Build arguments           ['-DCMAKE_MAKE_PROGRAM=/local/S/jenkins/workspace/shared/Artifactory/OSX/ninja/1.9.0/41005eb/ninja', '-DPYTHON_INCLUDE_DIR=/local/S/jenkins/workspace/shared/Artifactory/OSX/rundev-2020/202107140359/runtime/446214e/runTime/Maya.app/Contents/Frameworks/Python.framework/Versions/Current/include/python2.7', '-DPython_EXECUTABLE=/local/S/jenkins/workspace/shared/Artifactory/OSX/rundev-2020/202107140359/runtime/446214e/runTime/Maya.app/Contents/bin/mayapy', '-DPYTHON_LIBRARIES=/local/S/jenkins/workspace/shared/Artifactory/OSX/rundev-2020/202107140359/runtime/446214e/runTime/Maya.app/Contents/Frameworks/Python.framework/Versions/Current/lib/libpython2.7.dylib', '-DUSD_LIB_PREFIX=lib', '-DCMAKE_WANT_MATERIALX_BUILD=ON', '-DCMAKE_PREFIX_PATH=/local/S/jenkins/workspace/shared/Artifactory/OSX/USD/73ca68d']
[2022-06-29T17:46:42.632Z]           Stages arguments          ['clean']
[2022-06-29T17:46:42.632Z]           CTest arguments           ['-E testUsdReferenceAssemblySelection|testUsdMayaAppDir', '-LE interactive', '--parallel 4']
[2022-06-29T17:46:42.632Z]     Success MayaUSD build and install !!!!
[2022-06-29T17:46:42.632Z]     Elapsed time: 00:00:00
[Pipeline] }
[Pipeline] // withEnv
[Pipeline] }
[Pipeline] // timeout
[Pipeline] }
[Pipeline] // stage
[Pipeline] }
[Pipeline] // timestamps
[Pipeline] timestamps
[Pipeline] {
[Pipeline] stage
[Pipeline] { (Configure)
[Pipeline] timeout
[2022-06-29T17:46:44.681Z] Timeout set to expire in 6 hr 0 min
[Pipeline] {
[Pipeline] withEnv
[Pipeline] {
[Pipeline] sh
[2022-06-29T17:46:48.585Z] + python ecg-maya-usd/build.py --stages=configure --workspace-dir=/local/S/jenkins/workspace/ECP/ecg-maya-usd/ecg-mayausd-branch-preflight-2020-osx --artifactory-dir=/local/S/jenkins/workspace/shared/Artifactory --build-dir=/local/S/jenkins/workspace/ECP/ecg-maya-usd/ecg-mayausd-branch-preflight-2020-osx/build --install-dir=/local/S/jenkins/workspace/ECP/ecg-maya-usd/ecg-mayausd-branch-preflight-2020-osx/install --signing-dir=/local/S/jenkins/workspace/ECP/ecg-maya-usd/ecg-mayausd-branch-preflight-2020-osx/signing --package-dir=/local/S/jenkins/workspace/ECP/ecg-maya-usd/ecg-mayausd-branch-preflight-2020-osx/package --output-dir=/local/S/jenkins/workspace/ECP/ecg-maya-usd/ecg-mayausd-branch-preflight-2020-osx/output --stash-dir=/local/S/jenkins/workspace/ECP/ecg-maya-usd/ecg-mayausd-branch-preflight-2020-osx/stash --jenkins-build=68 --git-commit=2430d90ee8f6676234d6bb6724dd2aec98efc242 --git-branch=master --variants=RelWithDebInfo --python=2.7 --post-zips=false --maya-cut-config=maya-rundev-2020.yaml --maya-package=rundev-2020 --stage-banner
[2022-06-29T17:46:49.299Z] Using Maya cut from /local/S/jenkins/workspace/shared/Artifactory/OSX/rundev-2020/202107140359/runtime/446214e
[2022-06-29T17:46:49.299Z] Using Maya ADSK Signatures from /local/S/jenkins/workspace/shared/Artifactory/OSX/adsk-plugin-signatures-maya/2023/c1dbfce
[2022-06-29T17:46:49.299Z] Using Maya Security Library from /local/S/jenkins/workspace/shared/Artifactory/OSX/maya-security-library/3.1.0/5f2130f
[2022-06-29T17:46:49.299Z] 
[2022-06-29T17:46:49.299Z] ================================================================================
[2022-06-29T17:46:49.299Z]                            configure (RelWithDebInfo)
[2022-06-29T17:46:49.299Z] ================================================================================
[2022-06-29T17:46:49.299Z] Maya Python RelWithDebInfo Info:
[2022-06-29T17:46:49.299Z]   mayapy executable   = /local/S/jenkins/workspace/shared/Artifactory/OSX/rundev-2020/202107140359/runtime/446214e/runTime/Maya.app/Contents/bin/mayapy
[2022-06-29T17:46:49.299Z]   Include Folder      = /local/S/jenkins/workspace/shared/Artifactory/OSX/rundev-2020/202107140359/runtime/446214e/runTime/Maya.app/Contents/Frameworks/Python.framework/Versions/Current/include/python2.7
[2022-06-29T17:46:49.299Z]   Library             = /local/S/jenkins/workspace/shared/Artifactory/OSX/rundev-2020/202107140359/runtime/446214e/runTime/Maya.app/Contents/Frameworks/Python.framework/Versions/Current/lib/libpython2.7.dylib
[2022-06-29T17:46:49.299Z]   site-package Folder = /local/S/jenkins/workspace/shared/Artifactory/OSX/rundev-2020/202107140359/runtime/446214e/runTime/Maya.app/Contents/Frameworks/Python.framework/Versions/Current/lib/python2.7/site-packages
[2022-06-29T17:46:49.299Z] In workdir: /local/S/jenkins/workspace/ECP/ecg-maya-usd/ecg-mayausd-branch-preflight-2020-osx/ecg-maya-usd/maya-usd
[2022-06-29T17:46:49.299Z] Executing: /local/S/jenkins/workspace/shared/Artifactory/OSX/rundev-2020/202107140359/runtime/446214e/runTime/Maya.app/Contents/bin/mayapy /local/S/jenkins/workspace/ECP/ecg-maya-usd/ecg-mayausd-branch-preflight-2020-osx/ecg-maya-usd/maya-usd/build.py --generator Ninja --build-relwithdebug --maya-location /local/S/jenkins/workspace/shared/Artifactory/OSX/rundev-2020/202107140359/runtime/446214e/runTime --devkit-location /local/S/jenkins/workspace/shared/Artifactory/OSX/rundev-2020/202107140359/runtime/446214e/devkitBase --pxrusd-location /local/S/jenkins/workspace/shared/Artifactory/OSX/USD/73ca68d --qt-location /local/S/jenkins/workspace/shared/Artifactory/OSX/qt/5.12.5/3ca78fe --build-args=-DCMAKE_MAKE_PROGRAM=/local/S/jenkins/workspace/shared/Artifactory/OSX/ninja/1.9.0/41005eb/ninja,-DPYTHON_INCLUDE_DIR=/local/S/jenkins/workspace/shared/Artifactory/OSX/rundev-2020/202107140359/runtime/446214e/runTime/Maya.app/Contents/Frameworks/Python.framework/Versions/Current/include/python2.7,-DPython_EXECUTABLE=/local/S/jenkins/workspace/shared/Artifactory/OSX/rundev-2020/202107140359/runtime/446214e/runTime/Maya.app/Contents/bin/mayapy,-DPYTHON_LIBRARIES=/local/S/jenkins/workspace/shared/Artifactory/OSX/rundev-2020/202107140359/runtime/446214e/runTime/Maya.app/Contents/Frameworks/Python.framework/Versions/Current/lib/libpython2.7.dylib,-DUSD_LIB_PREFIX=lib,-DCMAKE_WANT_MATERIALX_BUILD=ON,-DCMAKE_PREFIX_PATH=/local/S/jenkins/workspace/shared/Artifactory/OSX/USD/73ca68d '--ctest-args=-E testUsdReferenceAssemblySelection|testUsdMayaAppDir,-LE interactive,--parallel 4' --stages=configure --redirect-outstream-file=False --install-location /local/S/jenkins/workspace/ECP/ecg-maya-usd/ecg-mayausd-branch-preflight-2020-osx/install/RelWithDebInfo/MayaUSD /local/S/jenkins/workspace/ECP/ecg-maya-usd/ecg-mayausd-branch-preflight-2020-osx
[2022-06-29T17:46:49.299Z] Modified environment variables:
[2022-06-29T17:46:49.299Z]     PATH=/local/S/jenkins/workspace/shared/Artifactory/OSX/cmake/3.20.3/2594509/bin:/usr/local/bin:/bin:/usr/sbin:/sbin:/usr/bin
[2022-06-29T17:46:49.951Z]     -- The C compiler identification is AppleClang 10.0.1.10010046
[2022-06-29T17:46:49.951Z]     -- The CXX compiler identification is AppleClang 10.0.1.10010046
[2022-06-29T17:46:50.589Z]     -- Detecting C compiler ABI info
[2022-06-29T17:46:50.589Z]     -- Detecting C compiler ABI info - done
[2022-06-29T17:46:50.589Z]     -- Check for working C compiler: /Applications/Xcode.app/Contents/Developer/Toolchains/XcodeDefault.xctoolchain/usr/bin/cc - skipped
[2022-06-29T17:46:50.589Z]     -- Detecting C compile features
[2022-06-29T17:46:50.589Z]     -- Detecting C compile features - done
[2022-06-29T17:46:50.589Z]     -- Detecting CXX compiler ABI info
[2022-06-29T17:46:50.589Z]     -- Detecting CXX compiler ABI info - done
[2022-06-29T17:46:50.589Z]     -- Check for working CXX compiler: /Applications/Xcode.app/Contents/Developer/Toolchains/XcodeDefault.xctoolchain/usr/bin/c++ - skipped
[2022-06-29T17:46:50.589Z]     -- Detecting CXX compile features
[2022-06-29T17:46:50.589Z]     -- Detecting CXX compile features - done
[2022-06-29T17:46:51.234Z]     -- Using Maya Light API Version 1
[2022-06-29T17:46:51.234Z]     -- Maya array iterator has difference_type trait
[2022-06-29T17:46:51.234Z]     -- Found Maya: /local/S/jenkins/workspace/shared/Artifactory/OSX/rundev-2020/202107140359/runtime/446214e/runTime/maya.app/Contents/MacOS/Maya (found suitable version "2020", minimum required is "2018")
[2022-06-29T17:46:51.234Z]     -- Found Python: /local/S/jenkins/workspace/shared/Artifactory/OSX/rundev-2020/202107140359/runtime/446214e/runTime/Maya.app/Contents/bin/mayapy (found suitable exact version "2.7.15") found components: Interpreter
[2022-06-29T17:46:51.234Z]     -- Build MayaUSD with Python3 = OFF
[2022-06-29T17:46:51.234Z]     --    PYTHON_INCLUDE_DIRS = /local/S/jenkins/workspace/shared/Artifactory/OSX/rundev-2020/202107140359/runtime/446214e/runTime/Maya.app/Contents/Frameworks/Python.framework/Versions/Current/include/python2.7
[2022-06-29T17:46:51.234Z]     --    PYTHON_LIBRARIES    = /local/S/jenkins/workspace/shared/Artifactory/OSX/rundev-2020/202107140359/runtime/446214e/runTime/Maya.app/Contents/Frameworks/Python.framework/Versions/Current/lib/libpython2.7.dylib
[2022-06-29T17:46:51.234Z]     --    Python_EXECUTABLE   = /local/S/jenkins/workspace/shared/Artifactory/OSX/rundev-2020/202107140359/runtime/446214e/runTime/Maya.app/Contents/bin/mayapy
[2022-06-29T17:46:51.234Z]     -- USD include dir: /local/S/jenkins/workspace/shared/Artifactory/OSX/USD/73ca68d/include
[2022-06-29T17:46:51.234Z]     -- USD library dir: /local/S/jenkins/workspace/shared/Artifactory/OSX/USD/73ca68d/lib
[2022-06-29T17:46:51.234Z]     -- USD version: 0.21.11
[2022-06-29T17:46:51.234Z]     -- Found USD: /local/S/jenkins/workspace/shared/Artifactory/OSX/USD/73ca68d (found suitable version "0.21.11", minimum required is "0.20.05")
[2022-06-29T17:46:51.234Z]     Updated PYTHONPATH: /local/S/jenkins/workspace/shared/Artifactory/OSX/USD/73ca68d/lib/python
[2022-06-29T17:46:51.874Z]     -- UFE include dir: /local/S/jenkins/workspace/shared/Artifactory/OSX/rundev-2020/202107140359/runtime/446214e/devkitBase/devkit/ufe/include
[2022-06-29T17:46:51.874Z]     -- UFE library: /local/S/jenkins/workspace/shared/Artifactory/OSX/rundev-2020/202107140359/runtime/446214e/devkitBase/devkit/ufe/lib/libufe_1.dylib
[2022-06-29T17:46:51.874Z]     -- UFE version: 1.0.0
[2022-06-29T17:46:51.874Z]     -- Building with UFE 1.0.0 features enabled.
[2022-06-29T17:46:51.874Z]     CMake Warning at CMakeLists.txt:150 (message):
[2022-06-29T17:46:51.874Z]       Disabling MaterialX VP2 rendering: it is not supported by this version of
[2022-06-29T17:46:51.874Z]       Maya.
[2022-06-29T17:46:51.874Z]     
[2022-06-29T17:46:51.874Z]     
[2022-06-29T17:46:51.874Z]     -- Found MaterialX
[2022-06-29T17:46:51.874Z]     -- Building with Qt features enabled.
[2022-06-29T17:46:51.874Z]     -- **** Building Gulrak From Github Repository.
[2022-06-29T17:46:51.874Z]     -- Populating gulrak
[2022-06-29T17:46:54.842Z]     -- Configuring done
[2022-06-29T17:46:54.842Z]     -- Generating done
[2022-06-29T17:46:54.842Z]     -- Build files have been written to: /local/S/jenkins/workspace/ECP/ecg-maya-usd/ecg-mayausd-branch-preflight-2020-osx/build/RelWithDebInfo/_deps/gulrak-subbuild
[2022-06-29T17:46:54.842Z]     [1/9] Creating directories for 'gulrak-populate'
[2022-06-29T17:46:54.842Z]     [1/9] Performing download step (git clone) for 'gulrak-populate'
[2022-06-29T17:46:54.842Z]     Cloning into 'gulrak-src'...
[2022-06-29T17:46:56.199Z]     HEAD is now at 4e21ab3 Version bump and updated readme.
[2022-06-29T17:46:56.199Z]     [2/9] Performing update step for 'gulrak-populate'
[2022-06-29T17:46:56.199Z]     [4/9] No patch step for 'gulrak-populate'
[2022-06-29T17:46:56.199Z]     [5/9] No configure step for 'gulrak-populate'
[2022-06-29T17:46:56.199Z]     [6/9] No build step for 'gulrak-populate'
[2022-06-29T17:46:56.199Z]     [7/9] No install step for 'gulrak-populate'
[2022-06-29T17:46:56.199Z]     [8/9] No test step for 'gulrak-populate'
[2022-06-29T17:46:56.199Z]     [9/9] Completed 'gulrak-populate'
[2022-06-29T17:46:56.199Z]     -- ========== Installing GoogleTest... ==========
[2022-06-29T17:46:56.199Z]     -- Configuring done
[2022-06-29T17:46:56.199Z]     -- Generating done
[2022-06-29T17:46:56.199Z]     -- Build files have been written to: /local/S/jenkins/workspace/ECP/ecg-maya-usd/ecg-mayausd-branch-preflight-2020-osx/build/RelWithDebInfo/googletest-config
[2022-06-29T17:46:56.852Z]     [1/8] Creating directories for 'googletest'
[2022-06-29T17:46:57.501Z]     [2/8] Performing download step (git clone) for 'googletest'
[2022-06-29T17:46:57.501Z]     Cloning into 'googletest-src'...
[2022-06-29T17:46:57.501Z]     HEAD is now at 703bd9ca Googletest export
[2022-06-29T17:46:57.501Z]     [3/8] Performing update step for 'googletest'
[2022-06-29T17:46:57.501Z]     [4/8] No patch step for 'googletest'
[2022-06-29T17:47:03.630Z]     [5/8] Performing configure step for 'googletest'
[2022-06-29T17:47:03.630Z]     CMake Deprecation Warning at CMakeLists.txt:4 (cmake_minimum_required):
[2022-06-29T17:47:03.630Z]       Compatibility with CMake < 2.8.12 will be removed from a future version of
[2022-06-29T17:47:03.630Z]       CMake.
[2022-06-29T17:47:03.630Z]     
[2022-06-29T17:47:03.630Z]       Update the VERSION argument <min> value or use a ...<max> suffix to tell
[2022-06-29T17:47:03.630Z]       CMake that the project does not need compatibility with older versions.
[2022-06-29T17:47:03.630Z]     
[2022-06-29T17:47:03.630Z]     
[2022-06-29T17:47:03.630Z]     -- The C compiler identification is AppleClang 10.0.1.10010046
[2022-06-29T17:47:03.630Z]     -- The CXX compiler identification is AppleClang 10.0.1.10010046
[2022-06-29T17:47:03.630Z]     -- Detecting C compiler ABI info
[2022-06-29T17:47:03.630Z]     -- Detecting C compiler ABI info - done
[2022-06-29T17:47:03.630Z]     -- Check for working C compiler: /Applications/Xcode.app/Contents/Developer/Toolchains/XcodeDefault.xctoolchain/usr/bin/cc - skipped
[2022-06-29T17:47:03.630Z]     -- Detecting C compile features
[2022-06-29T17:47:03.630Z]     -- Detecting C compile features - done
[2022-06-29T17:47:03.630Z]     -- Detecting CXX compiler ABI info
[2022-06-29T17:47:03.630Z]     -- Detecting CXX compiler ABI info - done
[2022-06-29T17:47:03.630Z]     -- Check for working CXX compiler: /Applications/Xcode.app/Contents/Developer/Toolchains/XcodeDefault.xctoolchain/usr/bin/c++ - skipped
[2022-06-29T17:47:03.630Z]     -- Detecting CXX compile features
[2022-06-29T17:47:03.630Z]     -- Detecting CXX compile features - done
[2022-06-29T17:47:03.630Z]     CMake Deprecation Warning at googletest/CMakeLists.txt:56 (cmake_minimum_required):
[2022-06-29T17:47:03.630Z]       Compatibility with CMake < 2.8.12 will be removed from a future version of
[2022-06-29T17:47:03.630Z]       CMake.
[2022-06-29T17:47:03.630Z]     
[2022-06-29T17:47:03.630Z]       Update the VERSION argument <min> value or use a ...<max> suffix to tell
[2022-06-29T17:47:03.630Z]       CMake that the project does not need compatibility with older versions.
[2022-06-29T17:47:03.630Z]     
[2022-06-29T17:47:03.630Z]     
[2022-06-29T17:47:03.630Z]     -- Found PythonInterp: /usr/local/bin/python (found version "2.7.15")
[2022-06-29T17:47:03.630Z]     -- Looking for pthread.h
[2022-06-29T17:47:03.630Z]     -- Looking for pthread.h - found
[2022-06-29T17:47:03.630Z]     -- Performing Test CMAKE_HAVE_LIBC_PTHREAD
[2022-06-29T17:47:03.630Z]     -- Performing Test CMAKE_HAVE_LIBC_PTHREAD - Success
[2022-06-29T17:47:03.630Z]     -- Found Threads: TRUE
[2022-06-29T17:47:03.630Z]     -- Configuring done
[2022-06-29T17:47:03.630Z]     -- Generating done
[2022-06-29T17:47:03.630Z]     -- Build files have been written to: /local/S/jenkins/workspace/ECP/ecg-maya-usd/ecg-mayausd-branch-preflight-2020-osx/build/RelWithDebInfo/googletest-build
[2022-06-29T17:47:09.623Z]     [6/8] Performing build step for 'googletest'
[2022-06-29T17:47:09.623Z]     [1/4] Building CXX object googletest/CMakeFiles/gtest_main.dir/src/gtest_main.cc.o
[2022-06-29T17:47:09.623Z]     [2/4] Building CXX object googletest/CMakeFiles/gtest.dir/src/gtest-all.cc.o
[2022-06-29T17:47:09.623Z]     [3/4] Linking CXX shared library lib/libgtest.dylib
[2022-06-29T17:47:09.623Z]     [4/4] Linking CXX shared library lib/libgtest_main.dylib
[2022-06-29T17:47:09.623Z]     [7/8] Performing install step for 'googletest'
[2022-06-29T17:47:09.623Z]     [0/1] Install the project...
[2022-06-29T17:47:09.623Z]     -- Install configuration: "RelWithDebInfo"
[2022-06-29T17:47:09.623Z]     -- Installing: /local/S/jenkins/workspace/ECP/ecg-maya-usd/ecg-mayausd-branch-preflight-2020-osx/build/RelWithDebInfo/googletest-install/lib/cmake/GTest/GTestTargets.cmake
[2022-06-29T17:47:09.623Z]     -- Installing: /local/S/jenkins/workspace/ECP/ecg-maya-usd/ecg-mayausd-branch-preflight-2020-osx/build/RelWithDebInfo/googletest-install/lib/cmake/GTest/GTestTargets-relwithdebinfo.cmake
[2022-06-29T17:47:09.623Z]     -- Installing: /local/S/jenkins/workspace/ECP/ecg-maya-usd/ecg-mayausd-branch-preflight-2020-osx/build/RelWithDebInfo/googletest-install/lib/cmake/GTest/GTestConfigVersion.cmake
[2022-06-29T17:47:09.623Z]     -- Installing: /local/S/jenkins/workspace/ECP/ecg-maya-usd/ecg-mayausd-branch-preflight-2020-osx/build/RelWithDebInfo/googletest-install/lib/cmake/GTest/GTestConfig.cmake
[2022-06-29T17:47:09.623Z]     -- Installing: /local/S/jenkins/workspace/ECP/ecg-maya-usd/ecg-mayausd-branch-preflight-2020-osx/build/RelWithDebInfo/googletest-install/include
[2022-06-29T17:47:09.623Z]     -- Installing: /local/S/jenkins/workspace/ECP/ecg-maya-usd/ecg-mayausd-branch-preflight-2020-osx/build/RelWithDebInfo/googletest-install/include/gtest
[2022-06-29T17:47:09.623Z]     -- Installing: /local/S/jenkins/workspace/ECP/ecg-maya-usd/ecg-mayausd-branch-preflight-2020-osx/build/RelWithDebInfo/googletest-install/include/gtest/gtest-death-test.h
[2022-06-29T17:47:09.623Z]     -- Installing: /local/S/jenkins/workspace/ECP/ecg-maya-usd/ecg-mayausd-branch-preflight-2020-osx/build/RelWithDebInfo/googletest-install/include/gtest/gtest-matchers.h
[2022-06-29T17:47:09.623Z]     -- Installing: /local/S/jenkins/workspace/ECP/ecg-maya-usd/ecg-mayausd-branch-preflight-2020-osx/build/RelWithDebInfo/googletest-install/include/gtest/gtest-message.h
[2022-06-29T17:47:09.623Z]     -- Installing: /local/S/jenkins/workspace/ECP/ecg-maya-usd/ecg-mayausd-branch-preflight-2020-osx/build/RelWithDebInfo/googletest-install/include/gtest/gtest-param-test.h
[2022-06-29T17:47:09.623Z]     -- Installing: /local/S/jenkins/workspace/ECP/ecg-maya-usd/ecg-mayausd-branch-preflight-2020-osx/build/RelWithDebInfo/googletest-install/include/gtest/gtest-printers.h
[2022-06-29T17:47:09.623Z]     -- Installing: /local/S/jenkins/workspace/ECP/ecg-maya-usd/ecg-mayausd-branch-preflight-2020-osx/build/RelWithDebInfo/googletest-install/include/gtest/gtest-spi.h
[2022-06-29T17:47:09.623Z]     -- Installing: /local/S/jenkins/workspace/ECP/ecg-maya-usd/ecg-mayausd-branch-preflight-2020-osx/build/RelWithDebInfo/googletest-install/include/gtest/gtest-test-part.h
[2022-06-29T17:47:09.623Z]     -- Installing: /local/S/jenkins/workspace/ECP/ecg-maya-usd/ecg-mayausd-branch-preflight-2020-osx/build/RelWithDebInfo/googletest-install/include/gtest/gtest-typed-test.h
[2022-06-29T17:47:09.623Z]     -- Installing: /local/S/jenkins/workspace/ECP/ecg-maya-usd/ecg-mayausd-branch-preflight-2020-osx/build/RelWithDebInfo/googletest-install/include/gtest/gtest.h
[2022-06-29T17:47:09.623Z]     -- Installing: /local/S/jenkins/workspace/ECP/ecg-maya-usd/ecg-mayausd-branch-preflight-2020-osx/build/RelWithDebInfo/googletest-install/include/gtest/gtest_pred_impl.h
[2022-06-29T17:47:09.623Z]     -- Installing: /local/S/jenkins/workspace/ECP/ecg-maya-usd/ecg-mayausd-branch-preflight-2020-osx/build/RelWithDebInfo/googletest-install/include/gtest/gtest_prod.h
[2022-06-29T17:47:09.623Z]     -- Installing: /local/S/jenkins/workspace/ECP/ecg-maya-usd/ecg-mayausd-branch-preflight-2020-osx/build/RelWithDebInfo/googletest-install/include/gtest/internal
[2022-06-29T17:47:09.623Z]     -- Installing: /local/S/jenkins/workspace/ECP/ecg-maya-usd/ecg-mayausd-branch-preflight-2020-osx/build/RelWithDebInfo/googletest-install/include/gtest/internal/custom
[2022-06-29T17:47:09.623Z]     -- Installing: /local/S/jenkins/workspace/ECP/ecg-maya-usd/ecg-mayausd-branch-preflight-2020-osx/build/RelWithDebInfo/googletest-install/include/gtest/internal/custom/gtest-port.h
[2022-06-29T17:47:09.623Z]     -- Installing: /local/S/jenkins/workspace/ECP/ecg-maya-usd/ecg-mayausd-branch-preflight-2020-osx/build/RelWithDebInfo/googletest-install/include/gtest/internal/custom/gtest-printers.h
[2022-06-29T17:47:09.623Z]     -- Installing: /local/S/jenkins/workspace/ECP/ecg-maya-usd/ecg-mayausd-branch-preflight-2020-osx/build/RelWithDebInfo/googletest-install/include/gtest/internal/custom/gtest.h
[2022-06-29T17:47:09.623Z]     -- Installing: /local/S/jenkins/workspace/ECP/ecg-maya-usd/ecg-mayausd-branch-preflight-2020-osx/build/RelWithDebInfo/googletest-install/include/gtest/internal/custom/README.md
[2022-06-29T17:47:09.623Z]     -- Installing: /local/S/jenkins/workspace/ECP/ecg-maya-usd/ecg-mayausd-branch-preflight-2020-osx/build/RelWithDebInfo/googletest-install/include/gtest/internal/gtest-death-test-internal.h
[2022-06-29T17:47:09.623Z]     -- Installing: /local/S/jenkins/workspace/ECP/ecg-maya-usd/ecg-mayausd-branch-preflight-2020-osx/build/RelWithDebInfo/googletest-install/include/gtest/internal/gtest-filepath.h
[2022-06-29T17:47:09.623Z]     -- Installing: /local/S/jenkins/workspace/ECP/ecg-maya-usd/ecg-mayausd-branch-preflight-2020-osx/build/RelWithDebInfo/googletest-install/include/gtest/internal/gtest-internal.h
[2022-06-29T17:47:09.623Z]     -- Installing: /local/S/jenkins/workspace/ECP/ecg-maya-usd/ecg-mayausd-branch-preflight-2020-osx/build/RelWithDebInfo/googletest-install/include/gtest/internal/gtest-param-util.h
[2022-06-29T17:47:09.623Z]     -- Installing: /local/S/jenkins/workspace/ECP/ecg-maya-usd/ecg-mayausd-branch-preflight-2020-osx/build/RelWithDebInfo/googletest-install/include/gtest/internal/gtest-port-arch.h
[2022-06-29T17:47:09.623Z]     -- Installing: /local/S/jenkins/workspace/ECP/ecg-maya-usd/ecg-mayausd-branch-preflight-2020-osx/build/RelWithDebInfo/googletest-install/include/gtest/internal/gtest-port.h
[2022-06-29T17:47:09.623Z]     -- Installing: /local/S/jenkins/workspace/ECP/ecg-maya-usd/ecg-mayausd-branch-preflight-2020-osx/build/RelWithDebInfo/googletest-install/include/gtest/internal/gtest-string.h
[2022-06-29T17:47:09.623Z]     -- Installing: /local/S/jenkins/workspace/ECP/ecg-maya-usd/ecg-mayausd-branch-preflight-2020-osx/build/RelWithDebInfo/googletest-install/include/gtest/internal/gtest-type-util.h
[2022-06-29T17:47:09.623Z]     -- Installing: /local/S/jenkins/workspace/ECP/ecg-maya-usd/ecg-mayausd-branch-preflight-2020-osx/build/RelWithDebInfo/googletest-install/include/gtest/internal/gtest-type-util.h.pump
[2022-06-29T17:47:09.623Z]     -- Installing: /local/S/jenkins/workspace/ECP/ecg-maya-usd/ecg-mayausd-branch-preflight-2020-osx/build/RelWithDebInfo/googletest-install/lib/libgtest.dylib
[2022-06-29T17:47:09.623Z]     -- Installing: /local/S/jenkins/workspace/ECP/ecg-maya-usd/ecg-mayausd-branch-preflight-2020-osx/build/RelWithDebInfo/googletest-install/lib/libgtest_main.dylib
[2022-06-29T17:47:09.623Z]     -- Installing: /local/S/jenkins/workspace/ECP/ecg-maya-usd/ecg-mayausd-branch-preflight-2020-osx/build/RelWithDebInfo/googletest-install/lib/pkgconfig/gtest.pc
[2022-06-29T17:47:09.623Z]     -- Installing: /local/S/jenkins/workspace/ECP/ecg-maya-usd/ecg-mayausd-branch-preflight-2020-osx/build/RelWithDebInfo/googletest-install/lib/pkgconfig/gtest_main.pc
[2022-06-29T17:47:09.623Z]     [8/8] Completed 'googletest'
[2022-06-29T17:47:09.625Z]     -- ========== ...  GoogleTest installed. ==========
[2022-06-29T17:47:10.342Z]     -- MAYA_HAS_DEFAULT_MATERIAL_API is FALSE
[2022-06-29T17:47:10.342Z]     -- MAYA_NEW_POINT_SNAPPING_SUPPORT is FALSE
[2022-06-29T17:47:10.342Z]     -- MAYA_HAS_CRASH_DETECTION is FALSE
[2022-06-29T17:47:10.342Z]     -- MAYA_CURRENT_UFE_CAMERA_SUPPORT is FALSE
[2022-06-29T17:47:10.342Z]     -- MAYA_MRENDERITEM_UFE_IDENTIFIER_SUPPORT is FALSE
[2022-06-29T17:47:10.342Z]     -- MAYA_UPDATE_UFE_IDENTIFIER_SUPPORT is FALSE
[2022-06-29T17:47:10.342Z]     -- MAYA_HAS_DISPLAY_STYLE_ALL_VIEWPORTS is FALSE
[2022-06-29T17:47:10.342Z]     -- MAYA_ARRAY_ITERATOR_DIFFERENCE_TYPE_SUPPORT is TRUE
[2022-06-29T17:47:10.342Z]     -- MAYA_HAS_GET_MEMBER_PATHS is FALSE
[2022-06-29T17:47:10.342Z]     -- MAYA_HAS_DISPLAY_LAYER_API is FALSE
[2022-06-29T17:47:10.342Z]     -- promoting: /local/S/jenkins/workspace/ECP/ecg-maya-usd/ecg-mayausd-branch-preflight-2020-osx/ecg-maya-usd/maya-usd/lib/mayaUsd/base/mayaUsd.h.src
[2022-06-29T17:47:10.342Z]     -- promoting: /local/S/jenkins/workspace/ECP/ecg-maya-usd/ecg-mayausd-branch-preflight-2020-osx/ecg-maya-usd/maya-usd/lib/mayaUsd/base/api.h
[2022-06-29T17:47:10.342Z]     -- promoting: /local/S/jenkins/workspace/ECP/ecg-maya-usd/ecg-mayausd-branch-preflight-2020-osx/ecg-maya-usd/maya-usd/lib/mayaUsd/base/debugCodes.h
[2022-06-29T17:47:10.342Z]     -- promoting: /local/S/jenkins/workspace/ECP/ecg-maya-usd/ecg-mayausd-branch-preflight-2020-osx/ecg-maya-usd/maya-usd/lib/mayaUsd/base/id.h
[2022-06-29T17:47:10.342Z]     -- promoting: /local/S/jenkins/workspace/ECP/ecg-maya-usd/ecg-mayausd-branch-preflight-2020-osx/ecg-maya-usd/maya-usd/lib/mayaUsd/base/syncId.h
[2022-06-29T17:47:10.342Z]     -- promoting: /local/S/jenkins/workspace/ECP/ecg-maya-usd/ecg-mayausd-branch-preflight-2020-osx/ecg-maya-usd/maya-usd/lib/mayaUsd/base/tokens.h
[2022-06-29T17:47:10.342Z]     -- promoting: /local/S/jenkins/workspace/ECP/ecg-maya-usd/ecg-mayausd-branch-preflight-2020-osx/ecg-maya-usd/maya-usd/lib/mayaUsd/commands/abstractLayerEditorWindow.h
[2022-06-29T17:47:10.342Z]     -- promoting: /local/S/jenkins/workspace/ECP/ecg-maya-usd/ecg-mayausd-branch-preflight-2020-osx/ecg-maya-usd/maya-usd/lib/mayaUsd/commands/baseExportCommand.h
[2022-06-29T17:47:10.342Z]     -- promoting: /local/S/jenkins/workspace/ECP/ecg-maya-usd/ecg-mayausd-branch-preflight-2020-osx/ecg-maya-usd/maya-usd/lib/mayaUsd/commands/baseImportCommand.h
[2022-06-29T17:47:10.342Z]     -- promoting: /local/S/jenkins/workspace/ECP/ecg-maya-usd/ecg-mayausd-branch-preflight-2020-osx/ecg-maya-usd/maya-usd/lib/mayaUsd/commands/baseListJobContextsCommand.h
[2022-06-29T17:47:10.342Z]     -- promoting: /local/S/jenkins/workspace/ECP/ecg-maya-usd/ecg-mayausd-branch-preflight-2020-osx/ecg-maya-usd/maya-usd/lib/mayaUsd/commands/baseListShadingModesCommand.h
[2022-06-29T17:47:10.342Z]     -- promoting: /local/S/jenkins/workspace/ECP/ecg-maya-usd/ecg-mayausd-branch-preflight-2020-osx/ecg-maya-usd/maya-usd/lib/mayaUsd/commands/editTargetCommand.h
[2022-06-29T17:47:10.342Z]     -- promoting: /local/S/jenkins/workspace/ECP/ecg-maya-usd/ecg-mayausd-branch-preflight-2020-osx/ecg-maya-usd/maya-usd/lib/mayaUsd/commands/layerEditorCommand.h
[2022-06-29T17:47:10.342Z]     -- promoting: /local/S/jenkins/workspace/ECP/ecg-maya-usd/ecg-mayausd-branch-preflight-2020-osx/ecg-maya-usd/maya-usd/lib/mayaUsd/commands/layerEditorWindowCommand.h
[2022-06-29T17:47:10.342Z]     -- promoting: /local/S/jenkins/workspace/ECP/ecg-maya-usd/ecg-mayausd-branch-preflight-2020-osx/ecg-maya-usd/maya-usd/lib/mayaUsd/fileio/fallbackPrimReader.h
[2022-06-29T17:47:10.342Z]     -- promoting: /local/S/jenkins/workspace/ECP/ecg-maya-usd/ecg-mayausd-branch-preflight-2020-osx/ecg-maya-usd/maya-usd/lib/mayaUsd/fileio/functorPrimReader.h
[2022-06-29T17:47:10.342Z]     -- promoting: /local/S/jenkins/workspace/ECP/ecg-maya-usd/ecg-mayausd-branch-preflight-2020-osx/ecg-maya-usd/maya-usd/lib/mayaUsd/fileio/functorPrimWriter.h
[2022-06-29T17:47:10.342Z]     -- promoting: /local/S/jenkins/workspace/ECP/ecg-maya-usd/ecg-mayausd-branch-preflight-2020-osx/ecg-maya-usd/maya-usd/lib/mayaUsd/fileio/importData.h
[2022-06-29T17:47:10.342Z]     -- promoting: /local/S/jenkins/workspace/ECP/ecg-maya-usd/ecg-mayausd-branch-preflight-2020-osx/ecg-maya-usd/maya-usd/lib/mayaUsd/fileio/instancedNodeWriter.h
[2022-06-29T17:47:10.342Z]     -- promoting: /local/S/jenkins/workspace/ECP/ecg-maya-usd/ecg-mayausd-branch-preflight-2020-osx/ecg-maya-usd/maya-usd/lib/mayaUsd/fileio/jobContextRegistry.h
[2022-06-29T17:47:10.342Z]     -- promoting: /local/S/jenkins/workspace/ECP/ecg-maya-usd/ecg-mayausd-branch-preflight-2020-osx/ecg-maya-usd/maya-usd/lib/mayaUsd/fileio/primReader.h
[2022-06-29T17:47:10.343Z]     -- promoting: /local/S/jenkins/workspace/ECP/ecg-maya-usd/ecg-mayausd-branch-preflight-2020-osx/ecg-maya-usd/maya-usd/lib/mayaUsd/fileio/primReaderArgs.h
[2022-06-29T17:47:10.343Z]     -- promoting: /local/S/jenkins/workspace/ECP/ecg-maya-usd/ecg-mayausd-branch-preflight-2020-osx/ecg-maya-usd/maya-usd/lib/mayaUsd/fileio/primReaderContext.h
[2022-06-29T17:47:10.343Z]     -- promoting: /local/S/jenkins/workspace/ECP/ecg-maya-usd/ecg-mayausd-branch-preflight-2020-osx/ecg-maya-usd/maya-usd/lib/mayaUsd/fileio/primReaderRegistry.h
[2022-06-29T17:47:10.343Z]     -- promoting: /local/S/jenkins/workspace/ECP/ecg-maya-usd/ecg-mayausd-branch-preflight-2020-osx/ecg-maya-usd/maya-usd/lib/mayaUsd/fileio/primWriter.h
[2022-06-29T17:47:10.343Z]     -- promoting: /local/S/jenkins/workspace/ECP/ecg-maya-usd/ecg-mayausd-branch-preflight-2020-osx/ecg-maya-usd/maya-usd/lib/mayaUsd/fileio/primWriterArgs.h
[2022-06-29T17:47:10.343Z]     -- promoting: /local/S/jenkins/workspace/ECP/ecg-maya-usd/ecg-mayausd-branch-preflight-2020-osx/ecg-maya-usd/maya-usd/lib/mayaUsd/fileio/primWriterContext.h
[2022-06-29T17:47:10.343Z]     -- promoting: /local/S/jenkins/workspace/ECP/ecg-maya-usd/ecg-mayausd-branch-preflight-2020-osx/ecg-maya-usd/maya-usd/lib/mayaUsd/fileio/primWriterRegistry.h
[2022-06-29T17:47:10.343Z]     -- promoting: /local/S/jenkins/workspace/ECP/ecg-maya-usd/ecg-mayausd-branch-preflight-2020-osx/ecg-maya-usd/maya-usd/lib/mayaUsd/fileio/registryHelper.h
[2022-06-29T17:47:10.343Z]     -- promoting: /local/S/jenkins/workspace/ECP/ecg-maya-usd/ecg-mayausd-branch-preflight-2020-osx/ecg-maya-usd/maya-usd/lib/mayaUsd/fileio/schemaApiAdaptor.h
[2022-06-29T17:47:10.343Z]     -- promoting: /local/S/jenkins/workspace/ECP/ecg-maya-usd/ecg-mayausd-branch-preflight-2020-osx/ecg-maya-usd/maya-usd/lib/mayaUsd/fileio/schemaApiAdaptorRegistry.h
[2022-06-29T17:47:10.343Z]     -- promoting: /local/S/jenkins/workspace/ECP/ecg-maya-usd/ecg-mayausd-branch-preflight-2020-osx/ecg-maya-usd/maya-usd/lib/mayaUsd/fileio/shaderReader.h
[2022-06-29T17:47:10.343Z]     -- promoting: /local/S/jenkins/workspace/ECP/ecg-maya-usd/ecg-mayausd-branch-preflight-2020-osx/ecg-maya-usd/maya-usd/lib/mayaUsd/fileio/shaderReaderRegistry.h
[2022-06-29T17:47:10.343Z]     -- promoting: /local/S/jenkins/workspace/ECP/ecg-maya-usd/ecg-mayausd-branch-preflight-2020-osx/ecg-maya-usd/maya-usd/lib/mayaUsd/fileio/shaderWriter.h
[2022-06-29T17:47:10.343Z]     -- promoting: /local/S/jenkins/workspace/ECP/ecg-maya-usd/ecg-mayausd-branch-preflight-2020-osx/ecg-maya-usd/maya-usd/lib/mayaUsd/fileio/shaderWriterRegistry.h
[2022-06-29T17:47:10.343Z]     -- promoting: /local/S/jenkins/workspace/ECP/ecg-maya-usd/ecg-mayausd-branch-preflight-2020-osx/ecg-maya-usd/maya-usd/lib/mayaUsd/fileio/transformWriter.h
[2022-06-29T17:47:10.343Z]     -- promoting: /local/S/jenkins/workspace/ECP/ecg-maya-usd/ecg-mayausd-branch-preflight-2020-osx/ecg-maya-usd/maya-usd/lib/mayaUsd/fileio/writeJobContext.h
[2022-06-29T17:47:10.343Z]     -- promoting: /local/S/jenkins/workspace/ECP/ecg-maya-usd/ecg-mayausd-branch-preflight-2020-osx/ecg-maya-usd/maya-usd/lib/mayaUsd/fileio/chaser/exportChaser.h
[2022-06-29T17:47:10.343Z]     -- promoting: /local/S/jenkins/workspace/ECP/ecg-maya-usd/ecg-mayausd-branch-preflight-2020-osx/ecg-maya-usd/maya-usd/lib/mayaUsd/fileio/chaser/exportChaserRegistry.h
[2022-06-29T17:47:10.343Z]     -- promoting: /local/S/jenkins/workspace/ECP/ecg-maya-usd/ecg-mayausd-branch-preflight-2020-osx/ecg-maya-usd/maya-usd/lib/mayaUsd/fileio/chaser/importChaserRegistry.h
[2022-06-29T17:47:10.343Z]     -- promoting: /local/S/jenkins/workspace/ECP/ecg-maya-usd/ecg-mayausd-branch-preflight-2020-osx/ecg-maya-usd/maya-usd/lib/mayaUsd/fileio/chaser/importChaser.h
[2022-06-29T17:47:10.343Z]     -- promoting: /local/S/jenkins/workspace/ECP/ecg-maya-usd/ecg-mayausd-branch-preflight-2020-osx/ecg-maya-usd/maya-usd/lib/mayaUsd/fileio/jobs/jobArgs.h
[2022-06-29T17:47:10.343Z]     -- promoting: /local/S/jenkins/workspace/ECP/ecg-maya-usd/ecg-mayausd-branch-preflight-2020-osx/ecg-maya-usd/maya-usd/lib/mayaUsd/fileio/jobs/meshDataReadJob.h
[2022-06-29T17:47:10.343Z]     -- promoting: /local/S/jenkins/workspace/ECP/ecg-maya-usd/ecg-mayausd-branch-preflight-2020-osx/ecg-maya-usd/maya-usd/lib/mayaUsd/fileio/jobs/modelKindProcessor.h
[2022-06-29T17:47:10.343Z]     -- promoting: /local/S/jenkins/workspace/ECP/ecg-maya-usd/ecg-mayausd-branch-preflight-2020-osx/ecg-maya-usd/maya-usd/lib/mayaUsd/fileio/jobs/readJob.h
[2022-06-29T17:47:10.343Z]     -- promoting: /local/S/jenkins/workspace/ECP/ecg-maya-usd/ecg-mayausd-branch-preflight-2020-osx/ecg-maya-usd/maya-usd/lib/mayaUsd/fileio/jobs/writeJob.h
[2022-06-29T17:47:10.343Z]     -- promoting: /local/S/jenkins/workspace/ECP/ecg-maya-usd/ecg-mayausd-branch-preflight-2020-osx/ecg-maya-usd/maya-usd/lib/mayaUsd/fileio/shading/rfmShaderMap.h
[2022-06-29T17:47:10.343Z]     -- promoting: /local/S/jenkins/workspace/ECP/ecg-maya-usd/ecg-mayausd-branch-preflight-2020-osx/ecg-maya-usd/maya-usd/lib/mayaUsd/fileio/shading/shadingModeExporter.h
[2022-06-29T17:47:10.343Z]     -- promoting: /local/S/jenkins/workspace/ECP/ecg-maya-usd/ecg-mayausd-branch-preflight-2020-osx/ecg-maya-usd/maya-usd/lib/mayaUsd/fileio/shading/shadingModeExporterContext.h
[2022-06-29T17:47:10.343Z]     -- promoting: /local/S/jenkins/workspace/ECP/ecg-maya-usd/ecg-mayausd-branch-preflight-2020-osx/ecg-maya-usd/maya-usd/lib/mayaUsd/fileio/shading/shadingModeImporter.h
[2022-06-29T17:47:10.343Z]     -- promoting: /local/S/jenkins/workspace/ECP/ecg-maya-usd/ecg-mayausd-branch-preflight-2020-osx/ecg-maya-usd/maya-usd/lib/mayaUsd/fileio/shading/shadingModeRegistry.h
[2022-06-29T17:47:10.343Z]     -- promoting: /local/S/jenkins/workspace/ECP/ecg-maya-usd/ecg-mayausd-branch-preflight-2020-osx/ecg-maya-usd/maya-usd/lib/mayaUsd/fileio/shading/symmetricShaderReader.h
[2022-06-29T17:47:10.343Z]     -- promoting: /local/S/jenkins/workspace/ECP/ecg-maya-usd/ecg-mayausd-branch-preflight-2020-osx/ecg-maya-usd/maya-usd/lib/mayaUsd/fileio/shading/symmetricShaderWriter.h
[2022-06-29T17:47:10.343Z]     -- promoting: /local/S/jenkins/workspace/ECP/ecg-maya-usd/ecg-mayausd-branch-preflight-2020-osx/ecg-maya-usd/maya-usd/lib/mayaUsd/fileio/translators/skelBindingsProcessor.h
[2022-06-29T17:47:10.343Z]     -- promoting: /local/S/jenkins/workspace/ECP/ecg-maya-usd/ecg-mayausd-branch-preflight-2020-osx/ecg-maya-usd/maya-usd/lib/mayaUsd/fileio/translators/translatorCamera.h
[2022-06-29T17:47:10.343Z]     -- promoting: /local/S/jenkins/workspace/ECP/ecg-maya-usd/ecg-mayausd-branch-preflight-2020-osx/ecg-maya-usd/maya-usd/lib/mayaUsd/fileio/translators/translatorCurves.h
[2022-06-29T17:47:10.343Z]     -- promoting: /local/S/jenkins/workspace/ECP/ecg-maya-usd/ecg-mayausd-branch-preflight-2020-osx/ecg-maya-usd/maya-usd/lib/mayaUsd/fileio/translators/translatorGprim.h
[2022-06-29T17:47:10.343Z]     -- promoting: /local/S/jenkins/workspace/ECP/ecg-maya-usd/ecg-mayausd-branch-preflight-2020-osx/ecg-maya-usd/maya-usd/lib/mayaUsd/fileio/translators/translatorLight.h
[2022-06-29T17:47:10.343Z]     -- promoting: /local/S/jenkins/workspace/ECP/ecg-maya-usd/ecg-mayausd-branch-preflight-2020-osx/ecg-maya-usd/maya-usd/lib/mayaUsd/fileio/translators/translatorMaterial.h
[2022-06-29T17:47:10.343Z]     -- promoting: /local/S/jenkins/workspace/ECP/ecg-maya-usd/ecg-mayausd-branch-preflight-2020-osx/ecg-maya-usd/maya-usd/lib/mayaUsd/fileio/translators/translatorMayaReference.h
[2022-06-29T17:47:10.343Z]     -- promoting: /local/S/jenkins/workspace/ECP/ecg-maya-usd/ecg-mayausd-branch-preflight-2020-osx/ecg-maya-usd/maya-usd/lib/mayaUsd/fileio/translators/translatorMesh.h
[2022-06-29T17:47:10.343Z]     -- promoting: /local/S/jenkins/workspace/ECP/ecg-maya-usd/ecg-mayausd-branch-preflight-2020-osx/ecg-maya-usd/maya-usd/lib/mayaUsd/fileio/translators/translatorNurbsPatch.h
[2022-06-29T17:47:10.343Z]     -- promoting: /local/S/jenkins/workspace/ECP/ecg-maya-usd/ecg-mayausd-branch-preflight-2020-osx/ecg-maya-usd/maya-usd/lib/mayaUsd/fileio/translators/translatorPrim.h
[2022-06-29T17:47:10.343Z]     -- promoting: /local/S/jenkins/workspace/ECP/ecg-maya-usd/ecg-mayausd-branch-preflight-2020-osx/ecg-maya-usd/maya-usd/lib/mayaUsd/fileio/translators/translatorRfMLight.h
[2022-06-29T17:47:10.343Z]     -- promoting: /local/S/jenkins/workspace/ECP/ecg-maya-usd/ecg-mayausd-branch-preflight-2020-osx/ecg-maya-usd/maya-usd/lib/mayaUsd/fileio/translators/translatorSkel.h
[2022-06-29T17:47:10.343Z]     -- promoting: /local/S/jenkins/workspace/ECP/ecg-maya-usd/ecg-mayausd-branch-preflight-2020-osx/ecg-maya-usd/maya-usd/lib/mayaUsd/fileio/translators/translatorUtil.h
[2022-06-29T17:47:10.343Z]     -- promoting: /local/S/jenkins/workspace/ECP/ecg-maya-usd/ecg-mayausd-branch-preflight-2020-osx/ecg-maya-usd/maya-usd/lib/mayaUsd/fileio/translators/translatorXformable.h
[2022-06-29T17:47:10.343Z]     -- promoting: /local/S/jenkins/workspace/ECP/ecg-maya-usd/ecg-mayausd-branch-preflight-2020-osx/ecg-maya-usd/maya-usd/lib/mayaUsd/fileio/utils/adaptor.h
[2022-06-29T17:47:10.343Z]     -- promoting: /local/S/jenkins/workspace/ECP/ecg-maya-usd/ecg-mayausd-branch-preflight-2020-osx/ecg-maya-usd/maya-usd/lib/mayaUsd/fileio/utils/jointWriteUtils.h
[2022-06-29T17:47:10.343Z]     -- promoting: /local/S/jenkins/workspace/ECP/ecg-maya-usd/ecg-mayausd-branch-preflight-2020-osx/ecg-maya-usd/maya-usd/lib/mayaUsd/fileio/utils/meshReadUtils.h
[2022-06-29T17:47:10.343Z]     -- promoting: /local/S/jenkins/workspace/ECP/ecg-maya-usd/ecg-mayausd-branch-preflight-2020-osx/ecg-maya-usd/maya-usd/lib/mayaUsd/fileio/utils/meshWriteUtils.h
[2022-06-29T17:47:10.343Z]     -- promoting: /local/S/jenkins/workspace/ECP/ecg-maya-usd/ecg-mayausd-branch-preflight-2020-osx/ecg-maya-usd/maya-usd/lib/mayaUsd/fileio/utils/readUtil.h
[2022-06-29T17:47:10.343Z]     -- promoting: /local/S/jenkins/workspace/ECP/ecg-maya-usd/ecg-mayausd-branch-preflight-2020-osx/ecg-maya-usd/maya-usd/lib/mayaUsd/fileio/utils/roundTripUtil.h
[2022-06-29T17:47:10.343Z]     -- promoting: /local/S/jenkins/workspace/ECP/ecg-maya-usd/ecg-mayausd-branch-preflight-2020-osx/ecg-maya-usd/maya-usd/lib/mayaUsd/fileio/utils/shadingUtil.h
[2022-06-29T17:47:10.343Z]     -- promoting: /local/S/jenkins/workspace/ECP/ecg-maya-usd/ecg-mayausd-branch-preflight-2020-osx/ecg-maya-usd/maya-usd/lib/mayaUsd/fileio/utils/userTaggedAttribute.h
[2022-06-29T17:47:10.343Z]     -- promoting: /local/S/jenkins/workspace/ECP/ecg-maya-usd/ecg-mayausd-branch-preflight-2020-osx/ecg-maya-usd/maya-usd/lib/mayaUsd/fileio/utils/writeUtil.h
[2022-06-29T17:47:10.343Z]     -- promoting: /local/S/jenkins/workspace/ECP/ecg-maya-usd/ecg-mayausd-branch-preflight-2020-osx/ecg-maya-usd/maya-usd/lib/mayaUsd/fileio/utils/xformStack.h
[2022-06-29T17:47:10.343Z]     -- promoting: /local/S/jenkins/workspace/ECP/ecg-maya-usd/ecg-mayausd-branch-preflight-2020-osx/ecg-maya-usd/maya-usd/lib/mayaUsd/listeners/notice.h
[2022-06-29T17:47:10.343Z]     -- promoting: /local/S/jenkins/workspace/ECP/ecg-maya-usd/ecg-mayausd-branch-preflight-2020-osx/ecg-maya-usd/maya-usd/lib/mayaUsd/listeners/proxyShapeNotice.h
[2022-06-29T17:47:10.343Z]     -- promoting: /local/S/jenkins/workspace/ECP/ecg-maya-usd/ecg-mayausd-branch-preflight-2020-osx/ecg-maya-usd/maya-usd/lib/mayaUsd/listeners/stageNoticeListener.h
[2022-06-29T17:47:10.343Z]     -- promoting: /local/S/jenkins/workspace/ECP/ecg-maya-usd/ecg-mayausd-branch-preflight-2020-osx/ecg-maya-usd/maya-usd/lib/mayaUsd/nodes/hdImagingShape.h
[2022-06-29T17:47:10.343Z]     -- promoting: /local/S/jenkins/workspace/ECP/ecg-maya-usd/ecg-mayausd-branch-preflight-2020-osx/ecg-maya-usd/maya-usd/lib/mayaUsd/nodes/pointBasedDeformerNode.h
[2022-06-29T17:47:10.343Z]     -- promoting: /local/S/jenkins/workspace/ECP/ecg-maya-usd/ecg-mayausd-branch-preflight-2020-osx/ecg-maya-usd/maya-usd/lib/mayaUsd/nodes/proxyAccessor.h
[2022-06-29T17:47:10.343Z]     -- promoting: /local/S/jenkins/workspace/ECP/ecg-maya-usd/ecg-mayausd-branch-preflight-2020-osx/ecg-maya-usd/maya-usd/lib/mayaUsd/nodes/proxyShapeBase.h
[2022-06-29T17:47:10.343Z]     -- promoting: /local/S/jenkins/workspace/ECP/ecg-maya-usd/ecg-mayausd-branch-preflight-2020-osx/ecg-maya-usd/maya-usd/lib/mayaUsd/nodes/proxyShapeLoadRules.h
[2022-06-29T17:47:10.343Z]     -- promoting: /local/S/jenkins/workspace/ECP/ecg-maya-usd/ecg-mayausd-branch-preflight-2020-osx/ecg-maya-usd/maya-usd/lib/mayaUsd/nodes/proxyShapePlugin.h
[2022-06-29T17:47:10.343Z]     -- promoting: /local/S/jenkins/workspace/ECP/ecg-maya-usd/ecg-mayausd-branch-preflight-2020-osx/ecg-maya-usd/maya-usd/lib/mayaUsd/nodes/proxyStageProvider.h
[2022-06-29T17:47:10.343Z]     -- promoting: /local/S/jenkins/workspace/ECP/ecg-maya-usd/ecg-mayausd-branch-preflight-2020-osx/ecg-maya-usd/maya-usd/lib/mayaUsd/nodes/stageData.h
[2022-06-29T17:47:10.343Z]     -- promoting: /local/S/jenkins/workspace/ECP/ecg-maya-usd/ecg-mayausd-branch-preflight-2020-osx/ecg-maya-usd/maya-usd/lib/mayaUsd/nodes/stageNode.h
[2022-06-29T17:47:10.343Z]     -- promoting: /local/S/jenkins/workspace/ECP/ecg-maya-usd/ecg-mayausd-branch-preflight-2020-osx/ecg-maya-usd/maya-usd/lib/mayaUsd/nodes/usdPrimProvider.h
[2022-06-29T17:47:10.343Z]     -- promoting: /local/S/jenkins/workspace/ECP/ecg-maya-usd/ecg-mayausd-branch-preflight-2020-osx/ecg-maya-usd/maya-usd/lib/mayaUsd/nodes/layerManager.h
[2022-06-29T17:47:10.343Z]     -- promoting: /local/S/jenkins/workspace/ECP/ecg-maya-usd/ecg-mayausd-branch-preflight-2020-osx/ecg-maya-usd/maya-usd/lib/mayaUsd/render/px_vp20/glslProgram.h
[2022-06-29T17:47:10.343Z]     -- promoting: /local/S/jenkins/workspace/ECP/ecg-maya-usd/ecg-mayausd-branch-preflight-2020-osx/ecg-maya-usd/maya-usd/lib/mayaUsd/render/px_vp20/utils.h
[2022-06-29T17:47:10.343Z]     -- promoting: /local/S/jenkins/workspace/ECP/ecg-maya-usd/ecg-mayausd-branch-preflight-2020-osx/ecg-maya-usd/maya-usd/lib/mayaUsd/render/px_vp20/utils_legacy.h
[2022-06-29T17:47:10.343Z]     -- promoting: /local/S/jenkins/workspace/ECP/ecg-maya-usd/ecg-mayausd-branch-preflight-2020-osx/ecg-maya-usd/maya-usd/lib/mayaUsd/render/pxrUsdMayaGL/batchRenderer.h
[2022-06-29T17:47:10.343Z]     -- promoting: /local/S/jenkins/workspace/ECP/ecg-maya-usd/ecg-mayausd-branch-preflight-2020-osx/ecg-maya-usd/maya-usd/lib/mayaUsd/render/pxrUsdMayaGL/debugCodes.h
[2022-06-29T17:47:10.343Z]     -- promoting: /local/S/jenkins/workspace/ECP/ecg-maya-usd/ecg-mayausd-branch-preflight-2020-osx/ecg-maya-usd/maya-usd/lib/mayaUsd/render/pxrUsdMayaGL/hdImagingShapeDrawOverride.h
[2022-06-29T17:47:10.343Z]     -- promoting: /local/S/jenkins/workspace/ECP/ecg-maya-usd/ecg-mayausd-branch-preflight-2020-osx/ecg-maya-usd/maya-usd/lib/mayaUsd/render/pxrUsdMayaGL/hdImagingShapeUI.h
[2022-06-29T17:47:10.343Z]     -- promoting: /local/S/jenkins/workspace/ECP/ecg-maya-usd/ecg-mayausd-branch-preflight-2020-osx/ecg-maya-usd/maya-usd/lib/mayaUsd/render/pxrUsdMayaGL/instancerImager.h
[2022-06-29T17:47:10.343Z]     -- promoting: /local/S/jenkins/workspace/ECP/ecg-maya-usd/ecg-mayausd-branch-preflight-2020-osx/ecg-maya-usd/maya-usd/lib/mayaUsd/render/pxrUsdMayaGL/instancerShapeAdapter.h
[2022-06-29T17:47:10.343Z]     -- promoting: /local/S/jenkins/workspace/ECP/ecg-maya-usd/ecg-mayausd-branch-preflight-2020-osx/ecg-maya-usd/maya-usd/lib/mayaUsd/render/pxrUsdMayaGL/proxyDrawOverride.h
[2022-06-29T17:47:10.343Z]     -- promoting: /local/S/jenkins/workspace/ECP/ecg-maya-usd/ecg-mayausd-branch-preflight-2020-osx/ecg-maya-usd/maya-usd/lib/mayaUsd/render/pxrUsdMayaGL/proxyShapeUI.h
[2022-06-29T17:47:10.343Z]     -- promoting: /local/S/jenkins/workspace/ECP/ecg-maya-usd/ecg-mayausd-branch-preflight-2020-osx/ecg-maya-usd/maya-usd/lib/mayaUsd/render/pxrUsdMayaGL/renderParams.h
[2022-06-29T17:47:10.343Z]     -- promoting: /local/S/jenkins/workspace/ECP/ecg-maya-usd/ecg-mayausd-branch-preflight-2020-osx/ecg-maya-usd/maya-usd/lib/mayaUsd/render/pxrUsdMayaGL/sceneDelegate.h
[2022-06-29T17:47:10.343Z]     -- promoting: /local/S/jenkins/workspace/ECP/ecg-maya-usd/ecg-mayausd-branch-preflight-2020-osx/ecg-maya-usd/maya-usd/lib/mayaUsd/render/pxrUsdMayaGL/shapeAdapter.h
[2022-06-29T17:47:10.343Z]     -- promoting: /local/S/jenkins/workspace/ECP/ecg-maya-usd/ecg-mayausd-branch-preflight-2020-osx/ecg-maya-usd/maya-usd/lib/mayaUsd/render/pxrUsdMayaGL/softSelectHelper.h
[2022-06-29T17:47:10.343Z]     -- promoting: /local/S/jenkins/workspace/ECP/ecg-maya-usd/ecg-mayausd-branch-preflight-2020-osx/ecg-maya-usd/maya-usd/lib/mayaUsd/render/pxrUsdMayaGL/usdProxyShapeAdapter.h
[2022-06-29T17:47:10.343Z]     -- promoting: /local/S/jenkins/workspace/ECP/ecg-maya-usd/ecg-mayausd-branch-preflight-2020-osx/ecg-maya-usd/maya-usd/lib/mayaUsd/render/pxrUsdMayaGL/userData.h
[2022-06-29T17:47:10.343Z]     -- promoting: /local/S/jenkins/workspace/ECP/ecg-maya-usd/ecg-mayausd-branch-preflight-2020-osx/ecg-maya-usd/maya-usd/lib/mayaUsd/render/vp2RenderDelegate/proxyRenderDelegate.h
[2022-06-29T17:47:10.343Z]     -- promoting: /local/S/jenkins/workspace/ECP/ecg-maya-usd/ecg-mayausd-branch-preflight-2020-osx/ecg-maya-usd/maya-usd/lib/mayaUsd/render/vp2ShaderFragments/shaderFragments.h
[2022-06-29T17:47:10.343Z]     -- UFE_LIGHTS_SUPPORT is FALSE
[2022-06-29T17:47:10.343Z]     -- promoting: /local/S/jenkins/workspace/ECP/ecg-maya-usd/ecg-mayausd-branch-preflight-2020-osx/ecg-maya-usd/maya-usd/lib/mayaUsd/ufe/Global.h
[2022-06-29T17:47:10.343Z]     -- promoting: /local/S/jenkins/workspace/ECP/ecg-maya-usd/ecg-mayausd-branch-preflight-2020-osx/ecg-maya-usd/maya-usd/lib/mayaUsd/ufe/ProxyShapeHandler.h
[2022-06-29T17:47:10.343Z]     -- promoting: /local/S/jenkins/workspace/ECP/ecg-maya-usd/ecg-mayausd-branch-preflight-2020-osx/ecg-maya-usd/maya-usd/lib/mayaUsd/ufe/ProxyShapeHierarchy.h
[2022-06-29T17:47:10.343Z]     -- promoting: /local/S/jenkins/workspace/ECP/ecg-maya-usd/ecg-mayausd-branch-preflight-2020-osx/ecg-maya-usd/maya-usd/lib/mayaUsd/ufe/ProxyShapeHierarchyHandler.h
[2022-06-29T17:47:10.343Z]     -- promoting: /local/S/jenkins/workspace/ECP/ecg-maya-usd/ecg-mayausd-branch-preflight-2020-osx/ecg-maya-usd/maya-usd/lib/mayaUsd/ufe/StagesSubject.h
[2022-06-29T17:47:10.343Z]     -- promoting: /local/S/jenkins/workspace/ECP/ecg-maya-usd/ecg-mayausd-branch-preflight-2020-osx/ecg-maya-usd/maya-usd/lib/mayaUsd/ufe/UsdHierarchy.h
[2022-06-29T17:47:10.343Z]     -- promoting: /local/S/jenkins/workspace/ECP/ecg-maya-usd/ecg-mayausd-branch-preflight-2020-osx/ecg-maya-usd/maya-usd/lib/mayaUsd/ufe/UsdHierarchyHandler.h
[2022-06-29T17:47:10.343Z]     -- promoting: /local/S/jenkins/workspace/ECP/ecg-maya-usd/ecg-mayausd-branch-preflight-2020-osx/ecg-maya-usd/maya-usd/lib/mayaUsd/ufe/UsdPointInstanceModifierBase.h
[2022-06-29T17:47:10.343Z]     -- promoting: /local/S/jenkins/workspace/ECP/ecg-maya-usd/ecg-mayausd-branch-preflight-2020-osx/ecg-maya-usd/maya-usd/lib/mayaUsd/ufe/UsdPointInstanceOrientationModifier.h
[2022-06-29T17:47:10.344Z]     -- promoting: /local/S/jenkins/workspace/ECP/ecg-maya-usd/ecg-mayausd-branch-preflight-2020-osx/ecg-maya-usd/maya-usd/lib/mayaUsd/ufe/UsdPointInstancePositionModifier.h
[2022-06-29T17:47:10.344Z]     -- promoting: /local/S/jenkins/workspace/ECP/ecg-maya-usd/ecg-mayausd-branch-preflight-2020-osx/ecg-maya-usd/maya-usd/lib/mayaUsd/ufe/UsdPointInstanceScaleModifier.h
[2022-06-29T17:47:10.344Z]     -- promoting: /local/S/jenkins/workspace/ECP/ecg-maya-usd/ecg-mayausd-branch-preflight-2020-osx/ecg-maya-usd/maya-usd/lib/mayaUsd/ufe/UsdRootChildHierarchy.h
[2022-06-29T17:47:10.344Z]     -- promoting: /local/S/jenkins/workspace/ECP/ecg-maya-usd/ecg-mayausd-branch-preflight-2020-osx/ecg-maya-usd/maya-usd/lib/mayaUsd/ufe/UsdRotatePivotTranslateUndoableCommand.h
[2022-06-29T17:47:10.344Z]     -- promoting: /local/S/jenkins/workspace/ECP/ecg-maya-usd/ecg-mayausd-branch-preflight-2020-osx/ecg-maya-usd/maya-usd/lib/mayaUsd/ufe/UsdRotateUndoableCommand.h
[2022-06-29T17:47:10.344Z]     -- promoting: /local/S/jenkins/workspace/ECP/ecg-maya-usd/ecg-mayausd-branch-preflight-2020-osx/ecg-maya-usd/maya-usd/lib/mayaUsd/ufe/UsdScaleUndoableCommand.h
[2022-06-29T17:47:10.344Z]     -- promoting: /local/S/jenkins/workspace/ECP/ecg-maya-usd/ecg-mayausd-branch-preflight-2020-osx/ecg-maya-usd/maya-usd/lib/mayaUsd/ufe/UsdSceneItem.h
[2022-06-29T17:47:10.344Z]     -- promoting: /local/S/jenkins/workspace/ECP/ecg-maya-usd/ecg-mayausd-branch-preflight-2020-osx/ecg-maya-usd/maya-usd/lib/mayaUsd/ufe/UsdSceneItemOps.h
[2022-06-29T17:47:10.344Z]     -- promoting: /local/S/jenkins/workspace/ECP/ecg-maya-usd/ecg-mayausd-branch-preflight-2020-osx/ecg-maya-usd/maya-usd/lib/mayaUsd/ufe/UsdSceneItemOpsHandler.h
[2022-06-29T17:47:10.344Z]     -- promoting: /local/S/jenkins/workspace/ECP/ecg-maya-usd/ecg-mayausd-branch-preflight-2020-osx/ecg-maya-usd/maya-usd/lib/mayaUsd/ufe/UsdStageMap.h
[2022-06-29T17:47:10.344Z]     -- promoting: /local/S/jenkins/workspace/ECP/ecg-maya-usd/ecg-mayausd-branch-preflight-2020-osx/ecg-maya-usd/maya-usd/lib/mayaUsd/ufe/UsdTRSUndoableCommandBase.h
[2022-06-29T17:47:10.344Z]     -- promoting: /local/S/jenkins/workspace/ECP/ecg-maya-usd/ecg-mayausd-branch-preflight-2020-osx/ecg-maya-usd/maya-usd/lib/mayaUsd/ufe/UsdTransform3d.h
[2022-06-29T17:47:10.344Z]     -- promoting: /local/S/jenkins/workspace/ECP/ecg-maya-usd/ecg-mayausd-branch-preflight-2020-osx/ecg-maya-usd/maya-usd/lib/mayaUsd/ufe/UsdTransform3dHandler.h
[2022-06-29T17:47:10.344Z]     -- promoting: /local/S/jenkins/workspace/ECP/ecg-maya-usd/ecg-mayausd-branch-preflight-2020-osx/ecg-maya-usd/maya-usd/lib/mayaUsd/ufe/UsdTranslateUndoableCommand.h
[2022-06-29T17:47:10.344Z]     -- promoting: /local/S/jenkins/workspace/ECP/ecg-maya-usd/ecg-mayausd-branch-preflight-2020-osx/ecg-maya-usd/maya-usd/lib/mayaUsd/ufe/UsdUndoDeleteCommand.h
[2022-06-29T17:47:10.344Z]     -- promoting: /local/S/jenkins/workspace/ECP/ecg-maya-usd/ecg-mayausd-branch-preflight-2020-osx/ecg-maya-usd/maya-usd/lib/mayaUsd/ufe/UsdUndoDuplicateCommand.h
[2022-06-29T17:47:10.344Z]     -- promoting: /local/S/jenkins/workspace/ECP/ecg-maya-usd/ecg-mayausd-branch-preflight-2020-osx/ecg-maya-usd/maya-usd/lib/mayaUsd/ufe/UsdUndoRenameCommand.h
[2022-06-29T17:47:10.344Z]     -- promoting: /local/S/jenkins/workspace/ECP/ecg-maya-usd/ecg-mayausd-branch-preflight-2020-osx/ecg-maya-usd/maya-usd/lib/mayaUsd/ufe/Utils.h
[2022-06-29T17:47:10.344Z]     -- promoting: /local/S/jenkins/workspace/ECP/ecg-maya-usd/ecg-mayausd-branch-preflight-2020-osx/ecg-maya-usd/maya-usd/lib/mayaUsd/ufe/UfeVersionCompat.h
[2022-06-29T17:47:10.344Z]     -- promoting: /local/S/jenkins/workspace/ECP/ecg-maya-usd/ecg-mayausd-branch-preflight-2020-osx/ecg-maya-usd/maya-usd/lib/mayaUsd/undo/OpUndoItemList.h
[2022-06-29T17:47:10.344Z]     -- promoting: /local/S/jenkins/workspace/ECP/ecg-maya-usd/ecg-mayausd-branch-preflight-2020-osx/ecg-maya-usd/maya-usd/lib/mayaUsd/undo/OpUndoItemMuting.h
[2022-06-29T17:47:10.344Z]     -- promoting: /local/S/jenkins/workspace/ECP/ecg-maya-usd/ecg-mayausd-branch-preflight-2020-osx/ecg-maya-usd/maya-usd/lib/mayaUsd/undo/OpUndoItemRecorder.h
[2022-06-29T17:47:10.344Z]     -- promoting: /local/S/jenkins/workspace/ECP/ecg-maya-usd/ecg-mayausd-branch-preflight-2020-osx/ecg-maya-usd/maya-usd/lib/mayaUsd/undo/OpUndoItems.h
[2022-06-29T17:47:10.344Z]     -- promoting: /local/S/jenkins/workspace/ECP/ecg-maya-usd/ecg-mayausd-branch-preflight-2020-osx/ecg-maya-usd/maya-usd/lib/mayaUsd/undo/UsdUndoBlock.h
[2022-06-29T17:47:10.344Z]     -- promoting: /local/S/jenkins/workspace/ECP/ecg-maya-usd/ecg-mayausd-branch-preflight-2020-osx/ecg-maya-usd/maya-usd/lib/mayaUsd/undo/UsdUndoManager.h
[2022-06-29T17:47:10.344Z]     -- promoting: /local/S/jenkins/workspace/ECP/ecg-maya-usd/ecg-mayausd-branch-preflight-2020-osx/ecg-maya-usd/maya-usd/lib/mayaUsd/undo/UsdUndoStateDelegate.h
[2022-06-29T17:47:10.344Z]     -- promoting: /local/S/jenkins/workspace/ECP/ecg-maya-usd/ecg-mayausd-branch-preflight-2020-osx/ecg-maya-usd/maya-usd/lib/mayaUsd/undo/UsdUndoableItem.h
[2022-06-29T17:47:10.344Z]     -- promoting: /local/S/jenkins/workspace/ECP/ecg-maya-usd/ecg-mayausd-branch-preflight-2020-osx/ecg-maya-usd/maya-usd/lib/mayaUsd/utils/blockSceneModificationContext.h
[2022-06-29T17:47:10.344Z]     -- promoting: /local/S/jenkins/workspace/ECP/ecg-maya-usd/ecg-mayausd-branch-preflight-2020-osx/ecg-maya-usd/maya-usd/lib/mayaUsd/utils/colorSpace.h
[2022-06-29T17:47:10.344Z]     -- promoting: /local/S/jenkins/workspace/ECP/ecg-maya-usd/ecg-mayausd-branch-preflight-2020-osx/ecg-maya-usd/maya-usd/lib/mayaUsd/utils/customLayerData.h
[2022-06-29T17:47:10.344Z]     -- promoting: /local/S/jenkins/workspace/ECP/ecg-maya-usd/ecg-mayausd-branch-preflight-2020-osx/ecg-maya-usd/maya-usd/lib/mayaUsd/utils/converter.h
[2022-06-29T17:47:10.344Z]     -- promoting: /local/S/jenkins/workspace/ECP/ecg-maya-usd/ecg-mayausd-branch-preflight-2020-osx/ecg-maya-usd/maya-usd/lib/mayaUsd/utils/diagnosticDelegate.h
[2022-06-29T17:47:10.344Z]     -- promoting: /local/S/jenkins/workspace/ECP/ecg-maya-usd/ecg-mayausd-branch-preflight-2020-osx/ecg-maya-usd/maya-usd/lib/mayaUsd/utils/editability.h
[2022-06-29T17:47:10.344Z]     -- promoting: /local/S/jenkins/workspace/ECP/ecg-maya-usd/ecg-mayausd-branch-preflight-2020-osx/ecg-maya-usd/maya-usd/lib/mayaUsd/utils/editRouter.h
[2022-06-29T17:47:10.344Z]     -- promoting: /local/S/jenkins/workspace/ECP/ecg-maya-usd/ecg-mayausd-branch-preflight-2020-osx/ecg-maya-usd/maya-usd/lib/mayaUsd/utils/hash.h
[2022-06-29T17:47:10.344Z]     -- promoting: /local/S/jenkins/workspace/ECP/ecg-maya-usd/ecg-mayausd-branch-preflight-2020-osx/ecg-maya-usd/maya-usd/lib/mayaUsd/utils/loadRules.h
[2022-06-29T17:47:10.344Z]     -- promoting: /local/S/jenkins/workspace/ECP/ecg-maya-usd/ecg-mayausd-branch-preflight-2020-osx/ecg-maya-usd/maya-usd/lib/mayaUsd/utils/query.h
[2022-06-29T17:47:10.344Z]     -- promoting: /local/S/jenkins/workspace/ECP/ecg-maya-usd/ecg-mayausd-branch-preflight-2020-osx/ecg-maya-usd/maya-usd/lib/mayaUsd/utils/plugRegistryHelper.h
[2022-06-29T17:47:10.344Z]     -- promoting: /local/S/jenkins/workspace/ECP/ecg-maya-usd/ecg-mayausd-branch-preflight-2020-osx/ecg-maya-usd/maya-usd/lib/mayaUsd/utils/progressBarScope.h
[2022-06-29T17:47:10.344Z]     -- promoting: /local/S/jenkins/workspace/ECP/ecg-maya-usd/ecg-mayausd-branch-preflight-2020-osx/ecg-maya-usd/maya-usd/lib/mayaUsd/utils/selectability.h
[2022-06-29T17:47:10.344Z]     -- promoting: /local/S/jenkins/workspace/ECP/ecg-maya-usd/ecg-mayausd-branch-preflight-2020-osx/ecg-maya-usd/maya-usd/lib/mayaUsd/utils/stageCache.h
[2022-06-29T17:47:10.344Z]     -- promoting: /local/S/jenkins/workspace/ECP/ecg-maya-usd/ecg-mayausd-branch-preflight-2020-osx/ecg-maya-usd/maya-usd/lib/mayaUsd/utils/traverseLayer.h
[2022-06-29T17:47:10.344Z]     -- promoting: /local/S/jenkins/workspace/ECP/ecg-maya-usd/ecg-mayausd-branch-preflight-2020-osx/ecg-maya-usd/maya-usd/lib/mayaUsd/utils/undoHelperCommand.h
[2022-06-29T17:47:10.344Z]     -- promoting: /local/S/jenkins/workspace/ECP/ecg-maya-usd/ecg-mayausd-branch-preflight-2020-osx/ecg-maya-usd/maya-usd/lib/mayaUsd/utils/util.h
[2022-06-29T17:47:10.344Z]     -- promoting: /local/S/jenkins/workspace/ECP/ecg-maya-usd/ecg-mayausd-branch-preflight-2020-osx/ecg-maya-usd/maya-usd/lib/mayaUsd/utils/utilFileSystem.h
[2022-06-29T17:47:10.344Z]     -- promoting: /local/S/jenkins/workspace/ECP/ecg-maya-usd/ecg-mayausd-branch-preflight-2020-osx/ecg-maya-usd/maya-usd/lib/mayaUsd/utils/utilSerialization.h
[2022-06-29T17:47:10.344Z]     -- promoting: /local/S/jenkins/workspace/ECP/ecg-maya-usd/ecg-mayausd-branch-preflight-2020-osx/ecg-maya-usd/maya-usd/lib/mayaUsd/utils/variants.h
[2022-06-29T17:47:10.344Z]     -- promoting: /local/S/jenkins/workspace/ECP/ecg-maya-usd/ecg-mayausd-branch-preflight-2020-osx/ecg-maya-usd/maya-usd/lib/mayaUsd/render/mayaToHydra/utils.h
[2022-06-29T17:47:10.344Z]     -- promoting: /local/S/jenkins/workspace/ECP/ecg-maya-usd/ecg-mayausd-branch-preflight-2020-osx/ecg-maya-usd/maya-usd/lib/usd/hdMaya/api.h
[2022-06-29T17:47:10.344Z]     -- promoting: /local/S/jenkins/workspace/ECP/ecg-maya-usd/ecg-mayausd-branch-preflight-2020-osx/ecg-maya-usd/maya-usd/lib/usd/hdMaya/utils.h
[2022-06-29T17:47:10.344Z]     -- promoting: /local/S/jenkins/workspace/ECP/ecg-maya-usd/ecg-mayausd-branch-preflight-2020-osx/ecg-maya-usd/maya-usd/lib/usd/hdMaya/debugCodes.h
[2022-06-29T17:47:10.344Z]     -- promoting: /local/S/jenkins/workspace/ECP/ecg-maya-usd/ecg-mayausd-branch-preflight-2020-osx/ecg-maya-usd/maya-usd/lib/usd/hdMaya/adapters/adapter.h
[2022-06-29T17:47:10.344Z]     -- promoting: /local/S/jenkins/workspace/ECP/ecg-maya-usd/ecg-mayausd-branch-preflight-2020-osx/ecg-maya-usd/maya-usd/lib/usd/hdMaya/adapters/adapterDebugCodes.h
[2022-06-29T17:47:10.344Z]     -- promoting: /local/S/jenkins/workspace/ECP/ecg-maya-usd/ecg-mayausd-branch-preflight-2020-osx/ecg-maya-usd/maya-usd/lib/usd/hdMaya/adapters/adapterRegistry.h
[2022-06-29T17:47:10.344Z]     -- promoting: /local/S/jenkins/workspace/ECP/ecg-maya-usd/ecg-mayausd-branch-preflight-2020-osx/ecg-maya-usd/maya-usd/lib/usd/hdMaya/adapters/cameraAdapter.h
[2022-06-29T17:47:10.344Z]     -- promoting: /local/S/jenkins/workspace/ECP/ecg-maya-usd/ecg-mayausd-branch-preflight-2020-osx/ecg-maya-usd/maya-usd/lib/usd/hdMaya/adapters/constantShadowMatrix.h
[2022-06-29T17:47:10.344Z]     -- promoting: /local/S/jenkins/workspace/ECP/ecg-maya-usd/ecg-mayausd-branch-preflight-2020-osx/ecg-maya-usd/maya-usd/lib/usd/hdMaya/adapters/dagAdapter.h
[2022-06-29T17:47:10.344Z]     -- promoting: /local/S/jenkins/workspace/ECP/ecg-maya-usd/ecg-mayausd-branch-preflight-2020-osx/ecg-maya-usd/maya-usd/lib/usd/hdMaya/adapters/lightAdapter.h
[2022-06-29T17:47:10.344Z]     -- promoting: /local/S/jenkins/workspace/ECP/ecg-maya-usd/ecg-mayausd-branch-preflight-2020-osx/ecg-maya-usd/maya-usd/lib/usd/hdMaya/adapters/proxyAdapter.h
[2022-06-29T17:47:10.344Z]     -- promoting: /local/S/jenkins/workspace/ECP/ecg-maya-usd/ecg-mayausd-branch-preflight-2020-osx/ecg-maya-usd/maya-usd/lib/usd/hdMaya/adapters/materialAdapter.h
[2022-06-29T17:47:10.344Z]     -- promoting: /local/S/jenkins/workspace/ECP/ecg-maya-usd/ecg-mayausd-branch-preflight-2020-osx/ecg-maya-usd/maya-usd/lib/usd/hdMaya/adapters/materialNetworkConverter.h
[2022-06-29T17:47:10.344Z]     -- promoting: /local/S/jenkins/workspace/ECP/ecg-maya-usd/ecg-mayausd-branch-preflight-2020-osx/ecg-maya-usd/maya-usd/lib/usd/hdMaya/adapters/mayaAttrs.h
[2022-06-29T17:47:10.344Z]     -- promoting: /local/S/jenkins/workspace/ECP/ecg-maya-usd/ecg-mayausd-branch-preflight-2020-osx/ecg-maya-usd/maya-usd/lib/usd/hdMaya/adapters/shapeAdapter.h
[2022-06-29T17:47:10.344Z]     -- promoting: /local/S/jenkins/workspace/ECP/ecg-maya-usd/ecg-mayausd-branch-preflight-2020-osx/ecg-maya-usd/maya-usd/lib/usd/hdMaya/adapters/tokens.h
[2022-06-29T17:47:10.344Z]     -- promoting: /local/S/jenkins/workspace/ECP/ecg-maya-usd/ecg-mayausd-branch-preflight-2020-osx/ecg-maya-usd/maya-usd/lib/usd/hdMaya/delegates/delegate.h
[2022-06-29T17:47:10.344Z]     -- promoting: /local/S/jenkins/workspace/ECP/ecg-maya-usd/ecg-mayausd-branch-preflight-2020-osx/ecg-maya-usd/maya-usd/lib/usd/hdMaya/delegates/delegateCtx.h
[2022-06-29T17:47:10.344Z]     -- promoting: /local/S/jenkins/workspace/ECP/ecg-maya-usd/ecg-mayausd-branch-preflight-2020-osx/ecg-maya-usd/maya-usd/lib/usd/hdMaya/delegates/delegateDebugCodes.h
[2022-06-29T17:47:10.344Z]     -- promoting: /local/S/jenkins/workspace/ECP/ecg-maya-usd/ecg-mayausd-branch-preflight-2020-osx/ecg-maya-usd/maya-usd/lib/usd/hdMaya/delegates/delegateRegistry.h
[2022-06-29T17:47:10.344Z]     -- promoting: /local/S/jenkins/workspace/ECP/ecg-maya-usd/ecg-mayausd-branch-preflight-2020-osx/ecg-maya-usd/maya-usd/lib/usd/hdMaya/delegates/params.h
[2022-06-29T17:47:10.344Z]     -- promoting: /local/S/jenkins/workspace/ECP/ecg-maya-usd/ecg-mayausd-branch-preflight-2020-osx/ecg-maya-usd/maya-usd/lib/usd/hdMaya/delegates/proxyDelegate.h
[2022-06-29T17:47:10.344Z]     -- promoting: /local/S/jenkins/workspace/ECP/ecg-maya-usd/ecg-mayausd-branch-preflight-2020-osx/ecg-maya-usd/maya-usd/lib/usd/hdMaya/delegates/proxyUsdImagingDelegate.h
[2022-06-29T17:47:10.344Z]     -- promoting: /local/S/jenkins/workspace/ECP/ecg-maya-usd/ecg-mayausd-branch-preflight-2020-osx/ecg-maya-usd/maya-usd/lib/usd/hdMaya/delegates/sceneDelegate.h
[2022-06-29T17:47:10.344Z]     -- promoting: /local/S/jenkins/workspace/ECP/ecg-maya-usd/ecg-mayausd-branch-preflight-2020-osx/ecg-maya-usd/maya-usd/lib/usd/hdMaya/delegates/testDelegate.h
[2022-06-29T17:47:10.344Z]     -- promoting: /local/S/jenkins/workspace/ECP/ecg-maya-usd/ecg-mayausd-branch-preflight-2020-osx/ecg-maya-usd/maya-usd/lib/usd/pxrUsdPreviewSurface/usdPreviewSurface.h
[2022-06-29T17:47:10.344Z]     -- promoting: /local/S/jenkins/workspace/ECP/ecg-maya-usd/ecg-mayausd-branch-preflight-2020-osx/ecg-maya-usd/maya-usd/lib/usd/pxrUsdPreviewSurface/usdPreviewSurfacePlugin.h
[2022-06-29T17:47:10.344Z]     -- promoting: /local/S/jenkins/workspace/ECP/ecg-maya-usd/ecg-mayausd-branch-preflight-2020-osx/ecg-maya-usd/maya-usd/lib/usd/schemas/api.h
[2022-06-29T17:47:10.344Z]     -- promoting: /local/S/jenkins/workspace/ECP/ecg-maya-usd/ecg-mayausd-branch-preflight-2020-osx/ecg-maya-usd/maya-usd/lib/usd/schemas/ALMayaReference.h
[2022-06-29T17:47:10.344Z]     -- promoting: /local/S/jenkins/workspace/ECP/ecg-maya-usd/ecg-mayausd-branch-preflight-2020-osx/ecg-maya-usd/maya-usd/lib/usd/schemas/MayaReference.h
[2022-06-29T17:47:10.344Z]     -- promoting: /local/S/jenkins/workspace/ECP/ecg-maya-usd/ecg-mayausd-branch-preflight-2020-osx/ecg-maya-usd/maya-usd/lib/usd/schemas/tokens.h
[2022-06-29T17:47:10.344Z]     #################################################################################################
[2022-06-29T17:47:10.344Z]     #  USD_DISABLE_PRIM_DEFINITIONS_FOR_USDGENSCHEMA is overridden to 'true'.  Default is 'false'.  #
[2022-06-29T17:47:10.344Z]     #################################################################################################
[2022-06-29T17:47:11.062Z]     Processing schema classes:
[2022-06-29T17:47:11.062Z]     MayaReference, ALMayaReference
[2022-06-29T17:47:11.062Z]     Loading Templates from /local/S/jenkins/workspace/shared/Artifactory/OSX/USD/73ca68d/lib/usd/usd/resources/codegenTemplates
[2022-06-29T17:47:11.062Z]     Writing API:
[2022-06-29T17:47:11.062Z]     	    wrote /local/S/jenkins/workspace/ECP/ecg-maya-usd/ecg-mayausd-branch-preflight-2020-osx/build/RelWithDebInfo/lib/usd/schemas/api.h
[2022-06-29T17:47:11.062Z]     Writing Schema Tokens:
[2022-06-29T17:47:11.062Z]     	    wrote /local/S/jenkins/workspace/ECP/ecg-maya-usd/ecg-mayausd-branch-preflight-2020-osx/build/RelWithDebInfo/lib/usd/schemas/tokens.h
[2022-06-29T17:47:11.062Z]     	    wrote /local/S/jenkins/workspace/ECP/ecg-maya-usd/ecg-mayausd-branch-preflight-2020-osx/build/RelWithDebInfo/lib/usd/schemas/tokens.cpp
[2022-06-29T17:47:11.062Z]     	    wrote /local/S/jenkins/workspace/ECP/ecg-maya-usd/ecg-mayausd-branch-preflight-2020-osx/build/RelWithDebInfo/lib/usd/schemas/wrapTokens.cpp
[2022-06-29T17:47:11.062Z]     Generating Classes:
[2022-06-29T17:47:11.062Z]     	    wrote /local/S/jenkins/workspace/ECP/ecg-maya-usd/ecg-mayausd-branch-preflight-2020-osx/build/RelWithDebInfo/lib/usd/schemas/MayaReference.h
[2022-06-29T17:47:11.062Z]     	    wrote /local/S/jenkins/workspace/ECP/ecg-maya-usd/ecg-mayausd-branch-preflight-2020-osx/build/RelWithDebInfo/lib/usd/schemas/MayaReference.cpp
[2022-06-29T17:47:11.062Z]     	    wrote /local/S/jenkins/workspace/ECP/ecg-maya-usd/ecg-mayausd-branch-preflight-2020-osx/build/RelWithDebInfo/lib/usd/schemas/wrapMayaReference.cpp
[2022-06-29T17:47:11.062Z]     	    wrote /local/S/jenkins/workspace/ECP/ecg-maya-usd/ecg-mayausd-branch-preflight-2020-osx/build/RelWithDebInfo/lib/usd/schemas/ALMayaReference.h
[2022-06-29T17:47:11.062Z]     	    wrote /local/S/jenkins/workspace/ECP/ecg-maya-usd/ecg-mayausd-branch-preflight-2020-osx/build/RelWithDebInfo/lib/usd/schemas/ALMayaReference.cpp
[2022-06-29T17:47:11.062Z]     	    wrote /local/S/jenkins/workspace/ECP/ecg-maya-usd/ecg-mayausd-branch-preflight-2020-osx/build/RelWithDebInfo/lib/usd/schemas/wrapALMayaReference.cpp
[2022-06-29T17:47:11.062Z]     Loading Templates from /local/S/jenkins/workspace/shared/Artifactory/OSX/USD/73ca68d/lib/usd/usd/resources/codegenTemplates
[2022-06-29T17:47:11.062Z]     	    wrote /local/S/jenkins/workspace/ECP/ecg-maya-usd/ecg-mayausd-branch-preflight-2020-osx/build/RelWithDebInfo/lib/usd/schemas/plugInfo.json
[2022-06-29T17:47:11.062Z]     Generating Schematics:
[2022-06-29T17:47:11.062Z]     	    wrote /local/S/jenkins/workspace/ECP/ecg-maya-usd/ecg-mayausd-branch-preflight-2020-osx/build/RelWithDebInfo/lib/usd/schemas/generatedSchema.usda
[2022-06-29T17:47:11.062Z]     -- promoting: /local/S/jenkins/workspace/ECP/ecg-maya-usd/ecg-mayausd-branch-preflight-2020-osx/ecg-maya-usd/maya-usd/lib/usd/utils/ALHalf.h
[2022-06-29T17:47:11.062Z]     -- promoting: /local/S/jenkins/workspace/ECP/ecg-maya-usd/ecg-mayausd-branch-preflight-2020-osx/ecg-maya-usd/maya-usd/lib/usd/utils/Api.h
[2022-06-29T17:47:11.062Z]     -- promoting: /local/S/jenkins/workspace/ECP/ecg-maya-usd/ecg-mayausd-branch-preflight-2020-osx/ecg-maya-usd/maya-usd/lib/usd/utils/DebugCodes.h
[2022-06-29T17:47:11.062Z]     -- promoting: /local/S/jenkins/workspace/ECP/ecg-maya-usd/ecg-mayausd-branch-preflight-2020-osx/ecg-maya-usd/maya-usd/lib/usd/utils/DiffCore.h
[2022-06-29T17:47:11.062Z]     -- promoting: /local/S/jenkins/workspace/ECP/ecg-maya-usd/ecg-mayausd-branch-preflight-2020-osx/ecg-maya-usd/maya-usd/lib/usd/utils/DiffPrims.h
[2022-06-29T17:47:11.062Z]     -- promoting: /local/S/jenkins/workspace/ECP/ecg-maya-usd/ecg-mayausd-branch-preflight-2020-osx/ecg-maya-usd/maya-usd/lib/usd/utils/MergePrims.h
[2022-06-29T17:47:11.062Z]     -- promoting: /local/S/jenkins/workspace/ECP/ecg-maya-usd/ecg-mayausd-branch-preflight-2020-osx/ecg-maya-usd/maya-usd/lib/usd/utils/MergePrimsOptions.h
[2022-06-29T17:47:11.062Z]     -- promoting: /local/S/jenkins/workspace/ECP/ecg-maya-usd/ecg-mayausd-branch-preflight-2020-osx/ecg-maya-usd/maya-usd/lib/usd/utils/ForwardDeclares.h
[2022-06-29T17:47:11.062Z]     -- promoting: /local/S/jenkins/workspace/ECP/ecg-maya-usd/ecg-mayausd-branch-preflight-2020-osx/ecg-maya-usd/maya-usd/lib/usd/utils/SIMD.h
[2022-06-29T17:47:11.062Z]     -- promoting: /local/S/jenkins/workspace/ECP/ecg-maya-usd/ecg-mayausd-branch-preflight-2020-osx/ecg-maya-usd/maya-usd/lib/usd/utils/util.h
[2022-06-29T17:47:11.062Z]     -- promoting: /local/S/jenkins/workspace/ECP/ecg-maya-usd/ecg-mayausd-branch-preflight-2020-osx/ecg-maya-usd/maya-usd/lib/usd/ui/layerEditor/batchSaveLayersUIDelegate.h
[2022-06-29T17:47:11.062Z]     -- promoting: /local/S/jenkins/workspace/ECP/ecg-maya-usd/ecg-mayausd-branch-preflight-2020-osx/ecg-maya-usd/maya-usd/lib/usd/ui/importDialog/IMayaMQtUtil.h
[2022-06-29T17:47:11.062Z]     -- promoting: /local/S/jenkins/workspace/ECP/ecg-maya-usd/ecg-mayausd-branch-preflight-2020-osx/ecg-maya-usd/maya-usd/lib/usd/ui/importDialog/ItemDelegate.h
[2022-06-29T17:47:11.062Z]     -- promoting: /local/S/jenkins/workspace/ECP/ecg-maya-usd/ecg-mayausd-branch-preflight-2020-osx/ecg-maya-usd/maya-usd/lib/usd/ui/importDialog/IUSDImportView.h
[2022-06-29T17:47:11.062Z]     -- promoting: /local/S/jenkins/workspace/ECP/ecg-maya-usd/ecg-mayausd-branch-preflight-2020-osx/ecg-maya-usd/maya-usd/lib/usd/ui/importDialog/TreeItem.h
[2022-06-29T17:47:11.062Z]     -- promoting: /local/S/jenkins/workspace/ECP/ecg-maya-usd/ecg-mayausd-branch-preflight-2020-osx/ecg-maya-usd/maya-usd/lib/usd/ui/importDialog/TreeModel.h
[2022-06-29T17:47:11.062Z]     -- promoting: /local/S/jenkins/workspace/ECP/ecg-maya-usd/ecg-mayausd-branch-preflight-2020-osx/ecg-maya-usd/maya-usd/lib/usd/ui/importDialog/TreeModelFactory.h
[2022-06-29T17:47:11.062Z]     -- promoting: /local/S/jenkins/workspace/ECP/ecg-maya-usd/ecg-mayausd-branch-preflight-2020-osx/ecg-maya-usd/maya-usd/lib/usd/ui/importDialog/USDImportDialog.h
[2022-06-29T17:47:11.062Z]     -- promoting: /local/S/jenkins/workspace/ECP/ecg-maya-usd/ecg-mayausd-branch-preflight-2020-osx/ecg-maya-usd/maya-usd/lib/usd/ui/importDialog/USDImportDialogCmd.h
[2022-06-29T17:47:11.062Z]     -- promoting: /local/S/jenkins/workspace/ECP/ecg-maya-usd/ecg-mayausd-branch-preflight-2020-osx/ecg-maya-usd/maya-usd/lib/usd/ui/importDialog/USDQtUtil.h
[2022-06-29T17:47:11.062Z]     -- promoting: /local/S/jenkins/workspace/ECP/ecg-maya-usd/ecg-mayausd-branch-preflight-2020-osx/ecg-maya-usd/maya-usd/lib/usd/ui/api.h
[2022-06-29T17:47:11.062Z]     -- promoting: /local/S/jenkins/workspace/ECP/ecg-maya-usd/ecg-mayausd-branch-preflight-2020-osx/ecg-maya-usd/maya-usd/lib/usd/ui/initStringResources.h
[2022-06-29T17:47:11.062Z]     ========== Pixar USD Plugin ==========
[2022-06-29T17:47:11.721Z]     Compiling /local/S/jenkins/workspace/ECP/ecg-maya-usd/ecg-mayausd-branch-preflight-2020-osx/build/RelWithDebInfo/plugin/pxr/__init__.py ...
[2022-06-29T17:47:11.721Z]     ========== AL USD Plugin ==========
[2022-06-29T17:47:11.721Z]     CMake Deprecation Warning at plugin/al/CMakeLists.txt:7 (cmake_policy):
[2022-06-29T17:47:11.721Z]       The OLD behavior for policy CMP0026 will be removed from a future version
[2022-06-29T17:47:11.721Z]       of CMake.
[2022-06-29T17:47:11.721Z]     
[2022-06-29T17:47:11.721Z]       The cmake-policies(7) manual explains that the OLD behaviors of all
[2022-06-29T17:47:11.721Z]       policies are deprecated and that a policy should be set to OLD only under
[2022-06-29T17:47:11.721Z]       specific short-term circumstances.  Projects should be ported to the NEW
[2022-06-29T17:47:11.721Z]       behavior and not rely on setting a policy to OLD.
[2022-06-29T17:47:11.721Z]     
[2022-06-29T17:47:11.721Z]     
[2022-06-29T17:47:11.721Z]     -- Found Boost 1.70.0 at /local/S/jenkins/workspace/shared/Artifactory/OSX/USD/73ca68d/lib/cmake/Boost-1.70.0
[2022-06-29T17:47:11.721Z]     --   Requested configuration: QUIET REQUIRED
[2022-06-29T17:47:11.721Z]     -- Found boost_headers 1.70.0 at /local/S/jenkins/workspace/shared/Artifactory/OSX/USD/73ca68d/lib/cmake/boost_headers-1.70.0
[2022-06-29T17:47:11.721Z]     -- Found Boost: /local/S/jenkins/workspace/shared/Artifactory/OSX/USD/73ca68d/lib/cmake/Boost-1.70.0/BoostConfig.cmake (found version "1.70.0")
[2022-06-29T17:47:11.721Z]     -- Found Boost 1.70.0 at /local/S/jenkins/workspace/shared/Artifactory/OSX/USD/73ca68d/lib/cmake/Boost-1.70.0
[2022-06-29T17:47:11.721Z]     --   Requested configuration: QUIET REQUIRED COMPONENTS python
[2022-06-29T17:47:11.721Z]     -- Found boost_python 1.70.0 at /local/S/jenkins/workspace/shared/Artifactory/OSX/USD/73ca68d/lib/cmake/boost_python-1.70.0
[2022-06-29T17:47:11.721Z]     --   libboost_python27.dylib
[2022-06-29T17:47:11.721Z]     -- Adding boost_python dependencies: headers
[2022-06-29T17:47:11.721Z]     -- Found Boost: /local/S/jenkins/workspace/shared/Artifactory/OSX/USD/73ca68d/lib/cmake/Boost-1.70.0/BoostConfig.cmake (found version "1.70.0") found components: python
[2022-06-29T17:47:12.364Z]     -- Found GTest: /local/S/jenkins/workspace/ECP/ecg-maya-usd/ecg-mayausd-branch-preflight-2020-osx/build/RelWithDebInfo/googletest-install/lib/libgtest.dylib
[2022-06-29T17:47:12.364Z]     -- Building AL_USDMayaSchemas
[2022-06-29T17:47:12.364Z]     #################################################################################################
[2022-06-29T17:47:12.364Z]     #  USD_DISABLE_PRIM_DEFINITIONS_FOR_USDGENSCHEMA is overridden to 'true'.  Default is 'false'.  #
[2022-06-29T17:47:12.364Z]     #################################################################################################
[2022-06-29T17:47:12.999Z]     Processing schema classes:
[2022-06-29T17:47:12.999Z]     ALModelAPI, ALFrameRange
[2022-06-29T17:47:12.999Z]     Loading Templates from /local/S/jenkins/workspace/shared/Artifactory/OSX/USD/73ca68d/lib/usd/usd/resources/codegenTemplates
[2022-06-29T17:47:12.999Z]     Writing API:
[2022-06-29T17:47:12.999Z]     	    wrote /local/S/jenkins/workspace/ECP/ecg-maya-usd/ecg-mayausd-branch-preflight-2020-osx/build/RelWithDebInfo/plugin/al/schemas/AL/usd/schemas/maya/api.h
[2022-06-29T17:47:12.999Z]     Writing Schema Tokens:
[2022-06-29T17:47:12.999Z]     	    wrote /local/S/jenkins/workspace/ECP/ecg-maya-usd/ecg-mayausd-branch-preflight-2020-osx/build/RelWithDebInfo/plugin/al/schemas/AL/usd/schemas/maya/tokens.h
[2022-06-29T17:47:12.999Z]     	    wrote /local/S/jenkins/workspace/ECP/ecg-maya-usd/ecg-mayausd-branch-preflight-2020-osx/build/RelWithDebInfo/plugin/al/schemas/AL/usd/schemas/maya/tokens.cpp
[2022-06-29T17:47:12.999Z]     	    wrote /local/S/jenkins/workspace/ECP/ecg-maya-usd/ecg-mayausd-branch-preflight-2020-osx/build/RelWithDebInfo/plugin/al/schemas/AL/usd/schemas/maya/wrapTokens.cpp
[2022-06-29T17:47:12.999Z]     Generating Classes:
[2022-06-29T17:47:12.999Z]     	    wrote /local/S/jenkins/workspace/ECP/ecg-maya-usd/ecg-mayausd-branch-preflight-2020-osx/build/RelWithDebInfo/plugin/al/schemas/AL/usd/schemas/maya/ModelAPI.h
[2022-06-29T17:47:12.999Z]     	    wrote /local/S/jenkins/workspace/ECP/ecg-maya-usd/ecg-mayausd-branch-preflight-2020-osx/build/RelWithDebInfo/plugin/al/schemas/AL/usd/schemas/maya/ModelAPI.cpp
[2022-06-29T17:47:12.999Z]     	    wrote /local/S/jenkins/workspace/ECP/ecg-maya-usd/ecg-mayausd-branch-preflight-2020-osx/build/RelWithDebInfo/plugin/al/schemas/AL/usd/schemas/maya/wrapModelAPI.cpp
[2022-06-29T17:47:12.999Z]     	    wrote /local/S/jenkins/workspace/ECP/ecg-maya-usd/ecg-mayausd-branch-preflight-2020-osx/build/RelWithDebInfo/plugin/al/schemas/AL/usd/schemas/maya/FrameRange.h
[2022-06-29T17:47:12.999Z]     	    wrote /local/S/jenkins/workspace/ECP/ecg-maya-usd/ecg-mayausd-branch-preflight-2020-osx/build/RelWithDebInfo/plugin/al/schemas/AL/usd/schemas/maya/FrameRange.cpp
[2022-06-29T17:47:12.999Z]     	    wrote /local/S/jenkins/workspace/ECP/ecg-maya-usd/ecg-mayausd-branch-preflight-2020-osx/build/RelWithDebInfo/plugin/al/schemas/AL/usd/schemas/maya/wrapFrameRange.cpp
[2022-06-29T17:47:12.999Z]     Loading Templates from /local/S/jenkins/workspace/shared/Artifactory/OSX/USD/73ca68d/lib/usd/usd/resources/codegenTemplates
[2022-06-29T17:47:12.999Z]     	    wrote /local/S/jenkins/workspace/ECP/ecg-maya-usd/ecg-mayausd-branch-preflight-2020-osx/build/RelWithDebInfo/plugin/al/schemas/AL/usd/schemas/maya/plugInfo.json
[2022-06-29T17:47:12.999Z]     Generating Schematics:
[2022-06-29T17:47:12.999Z]     	    wrote /local/S/jenkins/workspace/ECP/ecg-maya-usd/ecg-mayausd-branch-preflight-2020-osx/build/RelWithDebInfo/plugin/al/schemas/AL/usd/schemas/maya/generatedSchema.usda
[2022-06-29T17:47:13.000Z]     #################################################################################################
[2022-06-29T17:47:13.000Z]     #  USD_DISABLE_PRIM_DEFINITIONS_FOR_USDGENSCHEMA is overridden to 'true'.  Default is 'false'.  #
[2022-06-29T17:47:13.000Z]     #################################################################################################
[2022-06-29T17:47:13.000Z]     Processing schema classes:
[2022-06-29T17:47:13.000Z]     ALExamplePolyCubeNode
[2022-06-29T17:47:13.000Z]     Loading Templates from /local/S/jenkins/workspace/shared/Artifactory/OSX/USD/73ca68d/lib/usd/usd/resources/codegenTemplates
[2022-06-29T17:47:13.000Z]     Writing API:
[2022-06-29T17:47:13.000Z]     	    wrote /local/S/jenkins/workspace/ECP/ecg-maya-usd/ecg-mayausd-branch-preflight-2020-osx/build/RelWithDebInfo/plugin/al/schemas/AL/usd/schemas/mayatest/api.h
[2022-06-29T17:47:13.000Z]     Writing Schema Tokens:
[2022-06-29T17:47:13.000Z]     	    wrote /local/S/jenkins/workspace/ECP/ecg-maya-usd/ecg-mayausd-branch-preflight-2020-osx/build/RelWithDebInfo/plugin/al/schemas/AL/usd/schemas/mayatest/tokens.h
[2022-06-29T17:47:13.000Z]     	    wrote /local/S/jenkins/workspace/ECP/ecg-maya-usd/ecg-mayausd-branch-preflight-2020-osx/build/RelWithDebInfo/plugin/al/schemas/AL/usd/schemas/mayatest/tokens.cpp
[2022-06-29T17:47:13.000Z]     	    wrote /local/S/jenkins/workspace/ECP/ecg-maya-usd/ecg-mayausd-branch-preflight-2020-osx/build/RelWithDebInfo/plugin/al/schemas/AL/usd/schemas/mayatest/wrapTokens.cpp
[2022-06-29T17:47:13.000Z]     Generating Classes:
[2022-06-29T17:47:13.000Z]     	    wrote /local/S/jenkins/workspace/ECP/ecg-maya-usd/ecg-mayausd-branch-preflight-2020-osx/build/RelWithDebInfo/plugin/al/schemas/AL/usd/schemas/mayatest/ExamplePolyCubeNode.h
[2022-06-29T17:47:13.000Z]     	    wrote /local/S/jenkins/workspace/ECP/ecg-maya-usd/ecg-mayausd-branch-preflight-2020-osx/build/RelWithDebInfo/plugin/al/schemas/AL/usd/schemas/mayatest/ExamplePolyCubeNode.cpp
[2022-06-29T17:47:13.000Z]     	    wrote /local/S/jenkins/workspace/ECP/ecg-maya-usd/ecg-mayausd-branch-preflight-2020-osx/build/RelWithDebInfo/plugin/al/schemas/AL/usd/schemas/mayatest/wrapExamplePolyCubeNode.cpp
[2022-06-29T17:47:13.000Z]     Loading Templates from /local/S/jenkins/workspace/shared/Artifactory/OSX/USD/73ca68d/lib/usd/usd/resources/codegenTemplates
[2022-06-29T17:47:13.000Z]     	    wrote /local/S/jenkins/workspace/ECP/ecg-maya-usd/ecg-mayausd-branch-preflight-2020-osx/build/RelWithDebInfo/plugin/al/schemas/AL/usd/schemas/mayatest/plugInfo.json
[2022-06-29T17:47:13.000Z]     Generating Schematics:
[2022-06-29T17:47:13.000Z]     	    wrote /local/S/jenkins/workspace/ECP/ecg-maya-usd/ecg-mayausd-branch-preflight-2020-osx/build/RelWithDebInfo/plugin/al/schemas/AL/usd/schemas/mayatest/generatedSchema.usda
[2022-06-29T17:47:14.332Z]     -- Building AL_USDMayaTranslators
[2022-06-29T17:47:14.332Z]     ========== ADSK USD Plugin ==========
[2022-06-29T17:47:14.332Z]     -- Configuring done
[2022-06-29T17:47:16.433Z]     -- Generating done
[2022-06-29T17:47:16.738Z]     -- Build files have been written to: /local/S/jenkins/workspace/ECP/ecg-maya-usd/ecg-mayausd-branch-preflight-2020-osx/build/RelWithDebInfo
[2022-06-29T17:47:16.738Z]     
[2022-06-29T17:47:16.738Z]         Building with settings:
[2022-06-29T17:47:16.738Z]           Source directory          /local/S/jenkins/workspace/ECP/ecg-maya-usd/ecg-mayausd-branch-preflight-2020-osx/ecg-maya-usd/maya-usd
[2022-06-29T17:47:16.738Z]           Workspace directory       /local/S/jenkins/workspace/ECP/ecg-maya-usd/ecg-mayausd-branch-preflight-2020-osx
[2022-06-29T17:47:16.738Z]           Build directory           /local/S/jenkins/workspace/ECP/ecg-maya-usd/ecg-mayausd-branch-preflight-2020-osx/build/RelWithDebInfo
[2022-06-29T17:47:16.738Z]           Install directory         /local/S/jenkins/workspace/ECP/ecg-maya-usd/ecg-mayausd-branch-preflight-2020-osx/install/RelWithDebInfo/MayaUSD
[2022-06-29T17:47:16.738Z]           Variant                   RelWithDebInfo
[2022-06-29T17:47:16.738Z]           Python Debug              Off
[2022-06-29T17:47:16.738Z]           CMake generator           Ninja
[2022-06-29T17:47:16.738Z]           Build arguments           ['-DCMAKE_MAKE_PROGRAM=/local/S/jenkins/workspace/shared/Artifactory/OSX/ninja/1.9.0/41005eb/ninja', '-DPYTHON_INCLUDE_DIR=/local/S/jenkins/workspace/shared/Artifactory/OSX/rundev-2020/202107140359/runtime/446214e/runTime/Maya.app/Contents/Frameworks/Python.framework/Versions/Current/include/python2.7', '-DPython_EXECUTABLE=/local/S/jenkins/workspace/shared/Artifactory/OSX/rundev-2020/202107140359/runtime/446214e/runTime/Maya.app/Contents/bin/mayapy', '-DPYTHON_LIBRARIES=/local/S/jenkins/workspace/shared/Artifactory/OSX/rundev-2020/202107140359/runtime/446214e/runTime/Maya.app/Contents/Frameworks/Python.framework/Versions/Current/lib/libpython2.7.dylib', '-DUSD_LIB_PREFIX=lib', '-DCMAKE_WANT_MATERIALX_BUILD=ON', '-DCMAKE_PREFIX_PATH=/local/S/jenkins/workspace/shared/Artifactory/OSX/USD/73ca68d']
[2022-06-29T17:47:16.738Z]           Stages arguments          ['configure']
[2022-06-29T17:47:16.738Z]           CTest arguments           ['-E testUsdReferenceAssemblySelection|testUsdMayaAppDir', '-LE interactive', '--parallel 4']
[2022-06-29T17:47:16.738Z]     Success MayaUSD build and install !!!!
[2022-06-29T17:47:16.738Z]     Elapsed time: 00:00:27
[Pipeline] }
[Pipeline] // withEnv
[Pipeline] }
[Pipeline] // timeout
[Pipeline] }
[Pipeline] // stage
[Pipeline] }
[Pipeline] // timestamps
[Pipeline] timestamps
[Pipeline] {
[Pipeline] stage
[Pipeline] { (Build)
[Pipeline] timeout
[2022-06-29T17:47:17.919Z] Timeout set to expire in 6 hr 0 min
[Pipeline] {
[Pipeline] withEnv
[Pipeline] {
[Pipeline] sh
[2022-06-29T17:47:20.131Z] + python ecg-maya-usd/build.py --stages=build --workspace-dir=/local/S/jenkins/workspace/ECP/ecg-maya-usd/ecg-mayausd-branch-preflight-2020-osx --artifactory-dir=/local/S/jenkins/workspace/shared/Artifactory --build-dir=/local/S/jenkins/workspace/ECP/ecg-maya-usd/ecg-mayausd-branch-preflight-2020-osx/build --install-dir=/local/S/jenkins/workspace/ECP/ecg-maya-usd/ecg-mayausd-branch-preflight-2020-osx/install --signing-dir=/local/S/jenkins/workspace/ECP/ecg-maya-usd/ecg-mayausd-branch-preflight-2020-osx/signing --package-dir=/local/S/jenkins/workspace/ECP/ecg-maya-usd/ecg-mayausd-branch-preflight-2020-osx/package --output-dir=/local/S/jenkins/workspace/ECP/ecg-maya-usd/ecg-mayausd-branch-preflight-2020-osx/output --stash-dir=/local/S/jenkins/workspace/ECP/ecg-maya-usd/ecg-mayausd-branch-preflight-2020-osx/stash --jenkins-build=68 --git-commit=2430d90ee8f6676234d6bb6724dd2aec98efc242 --git-branch=master --variants=RelWithDebInfo --python=2.7 --post-zips=false --build-retry=3 --maya-cut-config=maya-rundev-2020.yaml --maya-package=rundev-2020 --stage-banner
[2022-06-29T17:47:20.855Z] Using Maya cut from /local/S/jenkins/workspace/shared/Artifactory/OSX/rundev-2020/202107140359/runtime/446214e
[2022-06-29T17:47:20.855Z] Using Maya ADSK Signatures from /local/S/jenkins/workspace/shared/Artifactory/OSX/adsk-plugin-signatures-maya/2023/c1dbfce
[2022-06-29T17:47:20.855Z] Using Maya Security Library from /local/S/jenkins/workspace/shared/Artifactory/OSX/maya-security-library/3.1.0/5f2130f
[2022-06-29T17:47:20.855Z] 
[2022-06-29T17:47:20.855Z] ================================================================================
[2022-06-29T17:47:20.855Z]                              build (RelWithDebInfo)
[2022-06-29T17:47:20.855Z] ================================================================================
[2022-06-29T17:47:20.855Z] Maya Python RelWithDebInfo Info:
[2022-06-29T17:47:20.855Z]   mayapy executable   = /local/S/jenkins/workspace/shared/Artifactory/OSX/rundev-2020/202107140359/runtime/446214e/runTime/Maya.app/Contents/bin/mayapy
[2022-06-29T17:47:20.855Z]   Include Folder      = /local/S/jenkins/workspace/shared/Artifactory/OSX/rundev-2020/202107140359/runtime/446214e/runTime/Maya.app/Contents/Frameworks/Python.framework/Versions/Current/include/python2.7
[2022-06-29T17:47:20.855Z]   Library             = /local/S/jenkins/workspace/shared/Artifactory/OSX/rundev-2020/202107140359/runtime/446214e/runTime/Maya.app/Contents/Frameworks/Python.framework/Versions/Current/lib/libpython2.7.dylib
[2022-06-29T17:47:20.855Z]   site-package Folder = /local/S/jenkins/workspace/shared/Artifactory/OSX/rundev-2020/202107140359/runtime/446214e/runTime/Maya.app/Contents/Frameworks/Python.framework/Versions/Current/lib/python2.7/site-packages
[2022-06-29T17:47:20.855Z] In workdir: /local/S/jenkins/workspace/ECP/ecg-maya-usd/ecg-mayausd-branch-preflight-2020-osx/ecg-maya-usd/maya-usd
[2022-06-29T17:47:20.855Z] Executing: /local/S/jenkins/workspace/shared/Artifactory/OSX/rundev-2020/202107140359/runtime/446214e/runTime/Maya.app/Contents/bin/mayapy /local/S/jenkins/workspace/ECP/ecg-maya-usd/ecg-mayausd-branch-preflight-2020-osx/ecg-maya-usd/maya-usd/build.py --generator Ninja --build-relwithdebug --maya-location /local/S/jenkins/workspace/shared/Artifactory/OSX/rundev-2020/202107140359/runtime/446214e/runTime --devkit-location /local/S/jenkins/workspace/shared/Artifactory/OSX/rundev-2020/202107140359/runtime/446214e/devkitBase --pxrusd-location /local/S/jenkins/workspace/shared/Artifactory/OSX/USD/73ca68d --qt-location /local/S/jenkins/workspace/shared/Artifactory/OSX/qt/5.12.5/3ca78fe --build-args=-DCMAKE_MAKE_PROGRAM=/local/S/jenkins/workspace/shared/Artifactory/OSX/ninja/1.9.0/41005eb/ninja,-DPYTHON_INCLUDE_DIR=/local/S/jenkins/workspace/shared/Artifactory/OSX/rundev-2020/202107140359/runtime/446214e/runTime/Maya.app/Contents/Frameworks/Python.framework/Versions/Current/include/python2.7,-DPython_EXECUTABLE=/local/S/jenkins/workspace/shared/Artifactory/OSX/rundev-2020/202107140359/runtime/446214e/runTime/Maya.app/Contents/bin/mayapy,-DPYTHON_LIBRARIES=/local/S/jenkins/workspace/shared/Artifactory/OSX/rundev-2020/202107140359/runtime/446214e/runTime/Maya.app/Contents/Frameworks/Python.framework/Versions/Current/lib/libpython2.7.dylib,-DUSD_LIB_PREFIX=lib,-DCMAKE_WANT_MATERIALX_BUILD=ON,-DCMAKE_PREFIX_PATH=/local/S/jenkins/workspace/shared/Artifactory/OSX/USD/73ca68d '--ctest-args=-E testUsdReferenceAssemblySelection|testUsdMayaAppDir,-LE interactive,--parallel 4' --stages=build --redirect-outstream-file=False --install-location /local/S/jenkins/workspace/ECP/ecg-maya-usd/ecg-mayausd-branch-preflight-2020-osx/install/RelWithDebInfo/MayaUSD /local/S/jenkins/workspace/ECP/ecg-maya-usd/ecg-mayausd-branch-preflight-2020-osx
[2022-06-29T17:47:20.856Z] Modified environment variables:
[2022-06-29T17:47:20.856Z]     PATH=/local/S/jenkins/workspace/shared/Artifactory/OSX/cmake/3.20.3/2594509/bin:/usr/local/bin:/bin:/usr/sbin:/sbin:/usr/bin
[2022-06-29T17:47:22.187Z]     [1/656] Building CXX object test/lib/usd/plugin/CMakeFiles/usdTestApiWriter.dir/plugin.cpp.o
[2022-06-29T17:47:22.187Z]     [2/656] Building CXX object test/lib/usd/plugin/CMakeFiles/usdTestInfoImportChaser.dir/plugin.cpp.o
[2022-06-29T17:47:26.087Z]     [3/656] Building CXX object test/lib/usd/plugin/CMakeFiles/usdTestUsdPlugin.dir/mayaShaderTranslation.cpp.o
[2022-06-29T17:47:26.087Z]     [4/656] Building CXX object test/lib/usd/plugin/CMakeFiles/usdTestApiWriter.dir/nullApiExporter.cpp.o
[2022-06-29T17:47:26.087Z]     [5/656] Building CXX object test/lib/usd/plugin/CMakeFiles/usdTestMayaPlugin.dir/plugin.cpp.o
[2022-06-29T17:47:26.087Z]     [6/656] Building CXX object test/lib/usd/plugin/CMakeFiles/usdTestInfoImportChaser.dir/infoImportChaser.cpp.o
[2022-06-29T17:47:26.087Z]     [7/656] Building CXX object test/lib/usd/plugin/CMakeFiles/usdTestApiWriter.dir/bulletAdaptor.cpp.o
[2022-06-29T17:47:26.738Z]     [8/656] Building CXX object test/lib/usd/utils/CMakeFiles/testMergePrims.dir/main.cpp.o
[2022-06-29T17:47:27.408Z]     [9/656] Building CXX object test/lib/usd/utils/CMakeFiles/testDiffComputeOverall.dir/main.cpp.o
[2022-06-29T17:47:28.068Z]     [10/656] Building CXX object test/lib/usd/utils/CMakeFiles/testDiffPrims.dir/main.cpp.o
[2022-06-29T17:47:30.231Z]     [11/656] Building CXX object test/lib/usd/plugin/CMakeFiles/usdTestMayaPlugin.dir/mayaShaderTranslation.cpp.o
[2022-06-29T17:47:30.950Z]     [12/656] Building CXX object test/lib/usd/utils/CMakeFiles/testDiffComputeOverall.dir/test_DiffComputeOverall.cpp.o
[2022-06-29T17:47:31.589Z]     [13/656] Building CXX object test/lib/usd/utils/CMakeFiles/testMergePrims.dir/test_MergePrims.cpp.o
[2022-06-29T17:47:32.234Z]     [14/656] Building CXX object test/lib/usd/utils/CMakeFiles/testDiffPrims.dir/test_DiffPrimsAttributes.cpp.o
[2022-06-29T17:47:32.908Z]     [15/656] Building CXX object test/lib/usd/utils/CMakeFiles/testDiffDictionaries.dir/main.cpp.o
[2022-06-29T17:47:35.254Z]     [16/656] Building CXX object test/lib/usd/utils/CMakeFiles/testDiffPrims.dir/test_DiffPrimsRelations.cpp.o
[2022-06-29T17:47:35.893Z]     [17/656] Building CXX object test/lib/usd/utils/CMakeFiles/testDiffLists.dir/main.cpp.o
[2022-06-29T17:47:35.893Z]     [18/656] Building CXX object test/lib/usd/utils/CMakeFiles/testDiffPrims.dir/test_DiffPrimsChildren.cpp.o
[2022-06-29T17:47:35.893Z]     [19/656] Building CXX object test/lib/usd/utils/CMakeFiles/testDiffPrims.dir/test_DiffPrims.cpp.o
[2022-06-29T17:47:36.540Z]     [20/656] Building CXX object test/lib/usd/utils/CMakeFiles/testDiffAttributes.dir/main.cpp.o
[2022-06-29T17:47:37.178Z]     [21/656] Building CXX object test/lib/usd/utils/CMakeFiles/testDiffCore.dir/main.cpp.o
[2022-06-29T17:47:37.178Z]     [22/656] Building CXX object test/lib/usd/utils/CMakeFiles/testDiffDictionaries.dir/test_DiffDictionaries.cpp.o
[2022-06-29T17:47:38.531Z]     [23/656] Building CXX object test/lib/usd/utils/CMakeFiles/testDiffMetadatas.dir/main.cpp.o
[2022-06-29T17:47:38.531Z]     [24/656] Building CXX object test/lib/usd/utils/CMakeFiles/testDiffCore.dir/test_DiffCore.cpp.o
[2022-06-29T17:47:39.311Z]     [25/656] Building CXX object test/lib/usd/utils/CMakeFiles/testDiffValues.dir/main.cpp.o
[2022-06-29T17:47:41.053Z]     [26/656] Building CXX object test/lib/usd/utils/CMakeFiles/testDiffAttributes.dir/test_DiffAttributes.cpp.o
[2022-06-29T17:47:41.707Z]     [27/656] Building CXX object test/lib/usd/utils/CMakeFiles/testDiffLists.dir/test_DiffLists.cpp.o
[2022-06-29T17:47:43.766Z]     [28/656] Building CXX object test/lib/usd/utils/CMakeFiles/testDiffMetadatas.dir/test_DiffMetadatas.cpp.o
[2022-06-29T17:47:44.412Z]     [29/656] Building CXX object test/lib/usd/utils/CMakeFiles/testDiffValues.dir/test_DiffValues.cpp.o
[2022-06-29T17:47:47.451Z]     [30/656] Building CXX object test/lib/usd/utils/CMakeFiles/testDiffValues.dir/test_DiffValuesArrays.cpp.o
[2022-06-29T17:47:47.451Z]     [31/656] Building CXX object test/lib/usd/utils/CMakeFiles/testDiffValues.dir/test_DiffValuesGeneric.cpp.o
[2022-06-29T17:47:47.451Z]     [32/656] Building CXX object test/lib/usd/utils/CMakeFiles/testDiffValues.dir/test_DiffValuesMatrices.cpp.o
[2022-06-29T17:47:49.723Z]     [33/656] Building CXX object test/lib/usd/utils/CMakeFiles/testDiffValues.dir/test_DiffValuesQuaternions.cpp.o
[2022-06-29T17:47:54.685Z]     [34/656] Building CXX object test/lib/usd/utils/CMakeFiles/testDiffValues.dir/test_DiffValuesDoubleVecs.cpp.o
[2022-06-29T17:47:54.685Z]     [35/656] Building CXX object test/lib/usd/utils/CMakeFiles/testDiffValues.dir/test_DiffValuesFloatVecs.cpp.o
[2022-06-29T17:47:54.685Z]     [36/656] Building CXX object test/lib/usd/utils/CMakeFiles/testDiffValues.dir/test_DiffValuesIntVecs.cpp.o
[2022-06-29T17:47:54.685Z]     [37/656] Building CXX object test/lib/usd/utils/CMakeFiles/testDiffRelationships.dir/main.cpp.o
[2022-06-29T17:47:54.685Z]     [38/656] Building CXX object test/lib/usd/utils/CMakeFiles/testDiffValues.dir/test_DiffValuesHalfVecs.cpp.o
[2022-06-29T17:47:54.685Z]     [39/656] Building CXX object lib/mayaUsd/CMakeFiles/mayaUsd.dir/base/debugCodes.cpp.o
[2022-06-29T17:47:55.326Z]     [40/656] Building CXX object lib/mayaUsd/CMakeFiles/mayaUsd.dir/base/tokens.cpp.o
[2022-06-29T17:47:59.210Z]     [41/656] Building CXX object test/lib/usd/utils/CMakeFiles/testDiffRelationships.dir/test_DiffRelationships.cpp.o
[2022-06-29T17:47:59.210Z]     [42/656] Building CXX object lib/mayaUsd/CMakeFiles/mayaUsd.dir/commands/baseListJobContextsCommand.cpp.o
[2022-06-29T17:47:59.210Z]     [43/656] Building CXX object lib/mayaUsd/CMakeFiles/mayaUsd.dir/commands/baseImportCommand.cpp.o
[2022-06-29T17:47:59.844Z]     [44/656] Building CXX object lib/mayaUsd/CMakeFiles/mayaUsd.dir/commands/baseExportCommand.cpp.o
[2022-06-29T17:48:00.491Z]     [45/656] Building CXX object lib/mayaUsd/CMakeFiles/mayaUsd.dir/commands/layerEditorWindowCommand.cpp.o
[2022-06-29T17:48:02.604Z]     [46/656] Building CXX object lib/mayaUsd/CMakeFiles/mayaUsd.dir/commands/editTargetCommand.cpp.o
[2022-06-29T17:48:03.259Z]     [47/656] Building CXX object lib/mayaUsd/CMakeFiles/mayaUsd.dir/commands/baseListShadingModesCommand.cpp.o
[2022-06-29T17:48:05.386Z]     [48/656] Building CXX object lib/mayaUsd/CMakeFiles/mayaUsd.dir/fileio/fallbackPrimReader.cpp.o
[2022-06-29T17:48:06.028Z]     [49/656] Building CXX object lib/mayaUsd/CMakeFiles/mayaUsd.dir/commands/layerEditorCommand.cpp.o
[2022-06-29T17:48:06.674Z]     [50/656] Building CXX object lib/mayaUsd/CMakeFiles/mayaUsd.dir/fileio/functorPrimReader.cpp.o
[2022-06-29T17:48:10.566Z]     [51/656] Building CXX object lib/mayaUsd/CMakeFiles/mayaUsd.dir/fileio/functorPrimWriter.cpp.o
[2022-06-29T17:48:10.566Z]     [52/656] Building CXX object lib/mayaUsd/CMakeFiles/mayaUsd.dir/fileio/importData.cpp.o
[2022-06-29T17:48:10.566Z]     [53/656] Building CXX object lib/mayaUsd/CMakeFiles/mayaUsd.dir/fileio/instancedNodeWriter.cpp.o
[2022-06-29T17:48:10.566Z]     [54/656] Building CXX object lib/mayaUsd/CMakeFiles/mayaUsd.dir/fileio/jobContextRegistry.cpp.o
[2022-06-29T17:48:13.489Z]     [55/656] Building CXX object lib/mayaUsd/CMakeFiles/mayaUsd.dir/fileio/primReader.cpp.o
[2022-06-29T17:48:13.489Z]     [56/656] Building CXX object lib/mayaUsd/CMakeFiles/mayaUsd.dir/fileio/primReaderArgs.cpp.o
[2022-06-29T17:48:13.489Z]     [57/656] Building CXX object lib/mayaUsd/CMakeFiles/mayaUsd.dir/fileio/primReaderContext.cpp.o
[2022-06-29T17:48:14.142Z]     [58/656] Building CXX object lib/mayaUsd/CMakeFiles/mayaUsd.dir/fileio/primReaderRegistry.cpp.o
[2022-06-29T17:48:17.067Z]     [59/656] Building CXX object lib/mayaUsd/CMakeFiles/mayaUsd.dir/fileio/primWriterContext.cpp.o
[2022-06-29T17:48:17.067Z]     [60/656] Building CXX object lib/mayaUsd/CMakeFiles/mayaUsd.dir/fileio/primWriterArgs.cpp.o
[2022-06-29T17:48:19.635Z]     [61/656] Building CXX object lib/mayaUsd/CMakeFiles/mayaUsd.dir/fileio/primWriterRegistry.cpp.o
[2022-06-29T17:48:19.635Z]     [62/656] Building CXX object lib/mayaUsd/CMakeFiles/mayaUsd.dir/fileio/primWriter.cpp.o
[2022-06-29T17:48:20.381Z]     [63/656] Building CXX object lib/mayaUsd/CMakeFiles/mayaUsd.dir/fileio/registryHelper.cpp.o
[2022-06-29T17:48:21.062Z]     [64/656] Building CXX object lib/mayaUsd/CMakeFiles/mayaUsd.dir/fileio/schemaApiAdaptor.cpp.o
[2022-06-29T17:48:23.155Z]     [65/656] Building CXX object lib/mayaUsd/CMakeFiles/mayaUsd.dir/fileio/shaderReader.cpp.o
[2022-06-29T17:48:23.794Z]     [66/656] Building CXX object lib/mayaUsd/CMakeFiles/mayaUsd.dir/fileio/schemaApiAdaptorRegistry.cpp.o
[2022-06-29T17:48:25.407Z]     [67/656] Building CXX object lib/mayaUsd/CMakeFiles/mayaUsd.dir/fileio/shaderWriter.cpp.o
[2022-06-29T17:48:25.407Z]     [68/656] Building CXX object lib/mayaUsd/CMakeFiles/mayaUsd.dir/fileio/shaderReaderRegistry.cpp.o
[2022-06-29T17:48:28.439Z]     [69/656] Building CXX object lib/mayaUsd/CMakeFiles/mayaUsd.dir/fileio/shaderWriterRegistry.cpp.o
[2022-06-29T17:48:29.088Z]     [70/656] Building CXX object lib/mayaUsd/CMakeFiles/mayaUsd.dir/fileio/translators/translatorSkel.cpp.o
[2022-06-29T17:48:29.088Z]     [71/656] Building CXX object lib/mayaUsd/CMakeFiles/mayaUsd.dir/fileio/chaser/exportChaser.cpp.o
[2022-06-29T17:48:30.896Z]     [72/656] Building CXX object lib/mayaUsd/CMakeFiles/mayaUsd.dir/fileio/transformWriter.cpp.o
[2022-06-29T17:48:30.896Z]     [73/656] Building CXX object lib/mayaUsd/CMakeFiles/mayaUsd.dir/fileio/writeJobContext.cpp.o
[2022-06-29T17:48:33.208Z]     [74/656] Building CXX object lib/mayaUsd/CMakeFiles/mayaUsd.dir/fileio/chaser/exportChaserRegistry.cpp.o
[2022-06-29T17:48:33.208Z]     [75/656] Building CXX object lib/mayaUsd/CMakeFiles/mayaUsd.dir/fileio/chaser/importChaserRegistry.cpp.o
[2022-06-29T17:48:34.617Z]     [76/656] Building CXX object lib/mayaUsd/CMakeFiles/mayaUsd.dir/fileio/chaser/importChaser.cpp.o
[2022-06-29T17:48:37.719Z]     [77/656] Building CXX object lib/mayaUsd/CMakeFiles/mayaUsd.dir/fileio/jobs/meshDataReadJob.cpp.o
[2022-06-29T17:48:38.436Z]     [78/656] Building CXX object lib/mayaUsd/CMakeFiles/mayaUsd.dir/fileio/jobs/modelKindProcessor.cpp.o
[2022-06-29T17:48:40.717Z]     [79/656] Building CXX object lib/mayaUsd/CMakeFiles/mayaUsd.dir/fileio/jobs/readJob.cpp.o
[2022-06-29T17:48:42.060Z]     [80/656] Building CXX object lib/mayaUsd/CMakeFiles/mayaUsd.dir/fileio/jobs/jobArgs.cpp.o
[2022-06-29T17:48:44.157Z]     [81/656] Building CXX object lib/mayaUsd/CMakeFiles/mayaUsd.dir/fileio/shading/shadingModeDisplayColor.cpp.o
[2022-06-29T17:48:44.157Z]     [82/656] Building CXX object lib/mayaUsd/CMakeFiles/mayaUsd.dir/fileio/jobs/writeJob.cpp.o
[2022-06-29T17:48:45.491Z]     [83/656] Building CXX object lib/mayaUsd/CMakeFiles/mayaUsd.dir/fileio/shading/shadingModeExporter.cpp.o
[2022-06-29T17:48:48.418Z]     [84/656] Building CXX object lib/mayaUsd/CMakeFiles/mayaUsd.dir/fileio/shading/shadingModeImporter.cpp.o
[2022-06-29T17:48:50.786Z]     [85/656] Building CXX object lib/mayaUsd/CMakeFiles/mayaUsd.dir/fileio/shading/shadingModeExporterContext.cpp.o
[2022-06-29T17:48:50.786Z]     [86/656] Building CXX object lib/mayaUsd/CMakeFiles/mayaUsd.dir/fileio/shading/shadingModeRegistry.cpp.o
[2022-06-29T17:48:52.128Z]     [87/656] Building CXX object lib/mayaUsd/CMakeFiles/mayaUsd.dir/fileio/shading/shadingModePxrRis.cpp.o
[2022-06-29T17:48:54.238Z]     [88/656] Building CXX object lib/mayaUsd/CMakeFiles/mayaUsd.dir/fileio/shading/shadingModeUseRegistry.cpp.o
[2022-06-29T17:48:54.888Z]     [89/656] Building CXX object lib/mayaUsd/CMakeFiles/mayaUsd.dir/fileio/shading/symmetricShaderReader.cpp.o
[2022-06-29T17:48:55.637Z]     [90/656] Building CXX object lib/mayaUsd/CMakeFiles/mayaUsd.dir/fileio/shading/symmetricShaderWriter.cpp.o
[2022-06-29T17:48:56.979Z]     [91/656] Building CXX object lib/mayaUsd/CMakeFiles/mayaUsd.dir/fileio/translators/skelBindingsProcessor.cpp.o
[2022-06-29T17:48:59.209Z]     [92/656] Building CXX object lib/mayaUsd/CMakeFiles/mayaUsd.dir/fileio/translators/translatorCamera.cpp.o
[2022-06-29T17:48:59.855Z]     [93/656] Building CXX object lib/mayaUsd/CMakeFiles/mayaUsd.dir/fileio/translators/translatorCurves.cpp.o
[2022-06-29T17:48:59.855Z]     [94/656] Building CXX object lib/mayaUsd/CMakeFiles/mayaUsd.dir/fileio/translators/translatorGprim.cpp.o
[2022-06-29T17:49:01.523Z]     [95/656] Building CXX object lib/mayaUsd/CMakeFiles/mayaUsd.dir/fileio/translators/translatorLight.cpp.o
[2022-06-29T17:49:04.503Z]     [96/656] Building CXX object lib/mayaUsd/CMakeFiles/mayaUsd.dir/fileio/translators/translatorMayaReference.cpp.o
[2022-06-29T17:49:05.145Z]     [97/656] Building CXX object lib/mayaUsd/CMakeFiles/mayaUsd.dir/fileio/translators/translatorMesh.cpp.o
[2022-06-29T17:49:05.145Z]     [98/656] Building CXX object lib/mayaUsd/CMakeFiles/mayaUsd.dir/fileio/translators/translatorMaterial.cpp.o
[2022-06-29T17:49:06.565Z]     [99/656] Building CXX object lib/mayaUsd/CMakeFiles/mayaUsd.dir/fileio/translators/translatorNurbsPatch.cpp.o
[2022-06-29T17:49:08.666Z]     [100/656] Building CXX object lib/mayaUsd/CMakeFiles/mayaUsd.dir/fileio/translators/translatorPrim.cpp.o
[2022-06-29T17:49:09.395Z]     [101/656] Building CXX object lib/mayaUsd/CMakeFiles/mayaUsd.dir/fileio/translators/translatorUtil.cpp.o
[2022-06-29T17:49:11.481Z]     [102/656] Building CXX object lib/mayaUsd/CMakeFiles/mayaUsd.dir/fileio/translators/translatorXformable.cpp.o
[2022-06-29T17:49:12.179Z]     [103/656] Building CXX object lib/mayaUsd/CMakeFiles/mayaUsd.dir/fileio/translators/translatorRfMLight.cpp.o
[2022-06-29T17:49:12.179Z]     [104/656] Building CXX object lib/mayaUsd/CMakeFiles/mayaUsd.dir/fileio/translators/translatorXformable_decompose.cpp.o
[2022-06-29T17:49:15.995Z]     [105/656] Building CXX object lib/mayaUsd/CMakeFiles/mayaUsd.dir/fileio/utils/adaptor.cpp.o
[2022-06-29T17:49:15.995Z]     [106/656] Building CXX object lib/mayaUsd/CMakeFiles/mayaUsd.dir/fileio/utils/jointWriteUtils.cpp.o
[2022-06-29T17:49:18.170Z]     [107/656] Building CXX object lib/mayaUsd/CMakeFiles/mayaUsd.dir/fileio/utils/meshReadUtils.cpp.o
[2022-06-29T17:49:18.831Z]     [108/656] Building CXX object lib/mayaUsd/CMakeFiles/mayaUsd.dir/fileio/utils/meshWriteUtils.cpp.o
[2022-06-29T17:49:20.291Z]     [109/656] Building CXX object lib/mayaUsd/CMakeFiles/mayaUsd.dir/fileio/utils/roundTripUtil.cpp.o
[2022-06-29T17:49:21.072Z]     [110/656] Building CXX object lib/mayaUsd/CMakeFiles/mayaUsd.dir/fileio/utils/readUtil.cpp.o
[2022-06-29T17:49:23.277Z]     [111/656] Building CXX object lib/mayaUsd/CMakeFiles/mayaUsd.dir/fileio/utils/userTaggedAttribute.cpp.o
[2022-06-29T17:49:24.840Z]     [112/656] Building CXX object lib/mayaUsd/CMakeFiles/mayaUsd.dir/listeners/notice.cpp.o
[2022-06-29T17:49:25.486Z]     [113/656] Building CXX object lib/mayaUsd/CMakeFiles/mayaUsd.dir/fileio/utils/shadingUtil.cpp.o
[2022-06-29T17:49:26.122Z]     [114/656] Building CXX object lib/mayaUsd/CMakeFiles/mayaUsd.dir/fileio/utils/xformStack.cpp.o
[2022-06-29T17:49:28.226Z]     [115/656] Building CXX object lib/mayaUsd/CMakeFiles/mayaUsd.dir/listeners/proxyShapeNotice.cpp.o
[2022-06-29T17:49:28.875Z]     [116/656] Building CXX object lib/mayaUsd/CMakeFiles/mayaUsd.dir/listeners/stageNoticeListener.cpp.o
[2022-06-29T17:49:28.875Z]     [117/656] Building CXX object lib/mayaUsd/CMakeFiles/mayaUsd.dir/fileio/utils/writeUtil.cpp.o
[2022-06-29T17:49:29.532Z]     [118/656] Building CXX object lib/mayaUsd/CMakeFiles/mayaUsd.dir/nodes/hdImagingShape.cpp.o
[2022-06-29T17:49:32.585Z]     [119/656] Building CXX object lib/mayaUsd/CMakeFiles/mayaUsd.dir/nodes/pointBasedDeformerNode.cpp.o
[2022-06-29T17:49:33.219Z]     [120/656] Building CXX object lib/mayaUsd/CMakeFiles/mayaUsd.dir/nodes/proxyAccessor.cpp.o
[2022-06-29T17:49:33.219Z]     [121/656] Building CXX object lib/mayaUsd/CMakeFiles/mayaUsd.dir/nodes/proxyShapeLoadRules.cpp.o
[2022-06-29T17:49:36.613Z]     [122/656] Building CXX object lib/mayaUsd/CMakeFiles/mayaUsd.dir/nodes/stageData.cpp.o
[2022-06-29T17:49:36.613Z]     [123/656] Building CXX object lib/mayaUsd/CMakeFiles/mayaUsd.dir/nodes/proxyShapeBase.cpp.o
[2022-06-29T17:49:37.955Z]     [124/656] Building CXX object lib/mayaUsd/CMakeFiles/mayaUsd.dir/nodes/stageNode.cpp.o
[2022-06-29T17:49:37.955Z]     [125/656] Building CXX object lib/mayaUsd/CMakeFiles/mayaUsd.dir/nodes/proxyShapePlugin.cpp.o
[2022-06-29T17:49:38.792Z]     [126/656] Building CXX object lib/mayaUsd/CMakeFiles/mayaUsd.dir/render/px_vp20/glslProgram.cpp.o
[2022-06-29T17:49:39.594Z]     [127/656] Building CXX object lib/mayaUsd/CMakeFiles/mayaUsd.dir/python/moduleDeps.cpp.o
[2022-06-29T17:49:39.594Z]     [128/656] Building CXX object lib/mayaUsd/CMakeFiles/mayaUsd.dir/nodes/usdPrimProvider.cpp.o
[2022-06-29T17:49:40.919Z]     [129/656] Building CXX object lib/mayaUsd/CMakeFiles/mayaUsd.dir/render/px_vp20/utils.cpp.o
[2022-06-29T17:49:41.569Z]     [130/656] Building CXX object lib/mayaUsd/CMakeFiles/mayaUsd.dir/render/px_vp20/utils_legacy.cpp.o
[2022-06-29T17:49:41.569Z]     [131/656] Building CXX object lib/mayaUsd/CMakeFiles/mayaUsd.dir/render/pxrUsdMayaGL/debugCodes.cpp.o
[2022-06-29T17:49:44.525Z]     [132/656] Building CXX object lib/mayaUsd/CMakeFiles/mayaUsd.dir/nodes/layerManager.cpp.o
[2022-06-29T17:49:47.526Z]     [133/656] Building CXX object lib/mayaUsd/CMakeFiles/mayaUsd.dir/render/pxrUsdMayaGL/hdImagingShapeDrawOverride.cpp.o
[2022-06-29T17:49:47.526Z]     [134/656] Building CXX object lib/mayaUsd/CMakeFiles/mayaUsd.dir/render/pxrUsdMayaGL/hdImagingShapeUI.cpp.o
[2022-06-29T17:49:47.526Z]     [135/656] Building CXX object lib/mayaUsd/CMakeFiles/mayaUsd.dir/render/pxrUsdMayaGL/batchRenderer.cpp.o
[2022-06-29T17:49:51.512Z]     [136/656] Building CXX object lib/mayaUsd/CMakeFiles/mayaUsd.dir/render/pxrUsdMayaGL/instancerImager.cpp.o
[2022-06-29T17:49:52.872Z]     [137/656] Building CXX object lib/mayaUsd/CMakeFiles/mayaUsd.dir/render/pxrUsdMayaGL/proxyShapeDelegate.cpp.o
[2022-06-29T17:49:53.536Z]     [138/656] Building CXX object lib/mayaUsd/CMakeFiles/mayaUsd.dir/render/pxrUsdMayaGL/proxyDrawOverride.cpp.o
[2022-06-29T17:49:53.536Z]     [139/656] Building CXX object lib/mayaUsd/CMakeFiles/mayaUsd.dir/render/pxrUsdMayaGL/instancerShapeAdapter.cpp.o
[2022-06-29T17:49:54.181Z]     [140/656] Building CXX object lib/mayaUsd/CMakeFiles/mayaUsd.dir/render/pxrUsdMayaGL/softSelectHelper.cpp.o
[2022-06-29T17:49:57.115Z]     [141/656] Building CXX object lib/mayaUsd/CMakeFiles/mayaUsd.dir/render/pxrUsdMayaGL/proxyShapeUI.cpp.o
[2022-06-29T17:49:57.860Z]     [142/656] Building CXX object lib/mayaUsd/CMakeFiles/mayaUsd.dir/render/pxrUsdMayaGL/userData.cpp.o
[2022-06-29T17:49:58.521Z]     [143/656] Building CXX object lib/mayaUsd/CMakeFiles/mayaUsd.dir/render/pxrUsdMayaGL/shapeAdapter.cpp.o
[2022-06-29T17:49:59.170Z]     [144/656] Building CXX object lib/mayaUsd/CMakeFiles/mayaUsd.dir/render/vp2RenderDelegate/bboxGeom.cpp.o
[2022-06-29T17:49:59.835Z]     [145/656] Building CXX object lib/mayaUsd/CMakeFiles/mayaUsd.dir/render/pxrUsdMayaGL/sceneDelegate.cpp.o
[2022-06-29T17:49:59.835Z]     [146/656] Building CXX object lib/mayaUsd/CMakeFiles/mayaUsd.dir/render/vp2RenderDelegate/debugCodes.cpp.o
[2022-06-29T17:50:01.166Z]     [147/656] Building CXX object lib/mayaUsd/CMakeFiles/mayaUsd.dir/render/pxrUsdMayaGL/usdProxyShapeAdapter.cpp.o
[2022-06-29T17:50:02.643Z]     [148/656] Building CXX object lib/mayaUsd/CMakeFiles/mayaUsd.dir/render/vp2RenderDelegate/extComputation.cpp.o
[2022-06-29T17:50:05.605Z]     [149/656] Building CXX object lib/mayaUsd/CMakeFiles/mayaUsd.dir/render/vp2RenderDelegate/draw_item.cpp.o
[2022-06-29T17:50:05.605Z]     [150/656] Building CXX object lib/mayaUsd/CMakeFiles/mayaUsd.dir/render/vp2RenderDelegate/instancer.cpp.o
[2022-06-29T17:50:06.247Z]     [151/656] Building CXX object lib/mayaUsd/CMakeFiles/mayaUsd.dir/render/vp2RenderDelegate/basisCurves.cpp.o
[2022-06-29T17:50:06.247Z]     [152/656] Building CXX object lib/mayaUsd/CMakeFiles/mayaUsd.dir/render/vp2RenderDelegate/meshViewportCompute.cpp.o
[2022-06-29T17:50:11.319Z]     [153/656] Building CXX object lib/mayaUsd/CMakeFiles/mayaUsd.dir/render/vp2RenderDelegate/material.cpp.o
[2022-06-29T17:50:12.694Z]     [154/656] Building CXX object lib/mayaUsd/CMakeFiles/mayaUsd.dir/render/vp2RenderDelegate/mayaPrimCommon.cpp.o
[2022-06-29T17:50:15.070Z]     [155/656] Building CXX object lib/mayaUsd/CMakeFiles/mayaUsd.dir/render/vp2RenderDelegate/points.cpp.o
[2022-06-29T17:50:16.408Z]     [156/656] Building CXX object lib/mayaUsd/CMakeFiles/mayaUsd.dir/render/vp2RenderDelegate/mesh.cpp.o
[2022-06-29T17:50:17.733Z]     [157/656] Building CXX object lib/mayaUsd/CMakeFiles/mayaUsd.dir/render/vp2RenderDelegate/render_param.cpp.o
[2022-06-29T17:50:18.387Z]     [158/656] Building CXX object lib/mayaUsd/CMakeFiles/mayaUsd.dir/render/vp2RenderDelegate/shader.cpp.o
[2022-06-29T17:50:18.387Z]     [159/656] Building CXX object lib/mayaUsd/CMakeFiles/mayaUsd.dir/render/vp2RenderDelegate/sampler.cpp.o
[2022-06-29T17:50:18.387Z]     [160/656] Building CXX object lib/mayaUsd/CMakeFiles/mayaUsd.dir/render/vp2RenderDelegate/tokens.cpp.o
[2022-06-29T17:50:18.387Z]     [161/656] Building CXX object lib/mayaUsd/CMakeFiles/mayaUsd.dir/render/vp2RenderDelegate/render_delegate.cpp.o
[2022-06-29T17:50:20.515Z]     [162/656] Building CXX object lib/mayaUsd/CMakeFiles/mayaUsd.dir/render/vp2RenderDelegate/proxyRenderDelegate.cpp.o
[2022-06-29T17:50:22.613Z]     [163/656] Building CXX object lib/mayaUsd/CMakeFiles/mayaUsd.dir/ufe/ProxyShapeHandler.cpp.o
[2022-06-29T17:50:22.613Z]     [164/656] Building CXX object lib/mayaUsd/CMakeFiles/mayaUsd.dir/render/vp2ShaderFragments/shaderFragments.cpp.o
[2022-06-29T17:50:23.969Z]     [165/656] Building CXX object lib/mayaUsd/CMakeFiles/mayaUsd.dir/ufe/Global.cpp.o
[2022-06-29T17:50:25.426Z]     [166/656] Building CXX object lib/mayaUsd/CMakeFiles/mayaUsd.dir/ufe/ProxyShapeHierarchy.cpp.o
[2022-06-29T17:50:27.940Z]     [167/656] Building CXX object lib/mayaUsd/CMakeFiles/mayaUsd.dir/ufe/ProxyShapeHierarchyHandler.cpp.o
[2022-06-29T17:50:29.286Z]     [168/656] Building CXX object lib/mayaUsd/CMakeFiles/mayaUsd.dir/ufe/StagesSubject.cpp.o
[2022-06-29T17:50:30.632Z]     [169/656] Building CXX object lib/mayaUsd/CMakeFiles/mayaUsd.dir/ufe/UsdHierarchy.cpp.o
[2022-06-29T17:50:30.632Z]     [170/656] Building CXX object lib/mayaUsd/CMakeFiles/mayaUsd.dir/ufe/UsdHierarchyHandler.cpp.o
[2022-06-29T17:50:34.980Z]     [171/656] Building CXX object lib/mayaUsd/CMakeFiles/mayaUsd.dir/ufe/UsdPointInstanceOrientationModifier.cpp.o
[2022-06-29T17:50:34.980Z]     [172/656] Building CXX object lib/mayaUsd/CMakeFiles/mayaUsd.dir/ufe/UsdPointInstancePositionModifier.cpp.o
[2022-06-29T17:50:35.862Z]     [173/656] Building CXX object lib/mayaUsd/CMakeFiles/mayaUsd.dir/ufe/UsdPointInstanceScaleModifier.cpp.o
[2022-06-29T17:50:35.862Z]     [174/656] Building CXX object lib/mayaUsd/CMakeFiles/mayaUsd.dir/ufe/UsdRootChildHierarchy.cpp.o
[2022-06-29T17:50:39.801Z]     [175/656] Building CXX object lib/mayaUsd/CMakeFiles/mayaUsd.dir/ufe/UsdRotatePivotTranslateUndoableCommand.cpp.o
[2022-06-29T17:50:40.450Z]     [176/656] Building CXX object lib/mayaUsd/CMakeFiles/mayaUsd.dir/ufe/UsdRotateUndoableCommand.cpp.o
[2022-06-29T17:50:41.094Z]     [177/656] Building CXX object lib/mayaUsd/CMakeFiles/mayaUsd.dir/ufe/UsdScaleUndoableCommand.cpp.o
[2022-06-29T17:50:41.094Z]     [178/656] Building CXX object lib/mayaUsd/CMakeFiles/mayaUsd.dir/ufe/UsdSceneItem.cpp.o
[2022-06-29T17:50:45.390Z]     [179/656] Building CXX object lib/mayaUsd/CMakeFiles/mayaUsd.dir/ufe/UsdSceneItemOpsHandler.cpp.o
[2022-06-29T17:50:45.390Z]     [180/656] Building CXX object lib/mayaUsd/CMakeFiles/mayaUsd.dir/ufe/UsdSceneItemOps.cpp.o
[2022-06-29T17:50:46.889Z]     [181/656] Building CXX object lib/mayaUsd/CMakeFiles/mayaUsd.dir/ufe/UsdTRSUndoableCommandBase.cpp.o
[2022-06-29T17:50:47.559Z]     [182/656] Building CXX object lib/mayaUsd/CMakeFiles/mayaUsd.dir/ufe/UsdStageMap.cpp.o
[2022-06-29T17:50:50.515Z]     [183/656] Building CXX object lib/mayaUsd/CMakeFiles/mayaUsd.dir/ufe/UsdTransform3d.cpp.o
[2022-06-29T17:50:51.162Z]     [184/656] Building CXX object lib/mayaUsd/CMakeFiles/mayaUsd.dir/ufe/UsdTransform3dHandler.cpp.o
[2022-06-29T17:50:51.803Z]     [185/656] Building CXX object lib/mayaUsd/CMakeFiles/mayaUsd.dir/ufe/UsdTranslateUndoableCommand.cpp.o
[2022-06-29T17:50:53.144Z]     [186/656] Building CXX object lib/mayaUsd/CMakeFiles/mayaUsd.dir/ufe/UsdUndoDeleteCommand.cpp.o
[2022-06-29T17:50:54.483Z]     [187/656] Building CXX object lib/mayaUsd/CMakeFiles/mayaUsd.dir/ufe/moduleDeps.cpp.o
[2022-06-29T17:50:55.133Z]     [188/656] Building CXX object lib/mayaUsd/CMakeFiles/mayaUsd.dir/ufe/private/UfeNotifGuard.cpp.o
[2022-06-29T17:50:56.552Z]     [189/656] Building CXX object lib/mayaUsd/CMakeFiles/mayaUsd.dir/ufe/UsdUndoDuplicateCommand.cpp.o
[2022-06-29T17:50:56.552Z]     [190/656] Building CXX object lib/mayaUsd/CMakeFiles/mayaUsd.dir/ufe/UsdUndoRenameCommand.cpp.o
[2022-06-29T17:50:57.237Z]     [191/656] Building CXX object lib/mayaUsd/CMakeFiles/mayaUsd.dir/undo/OpUndoItemRecorder.cpp.o
[2022-06-29T17:50:58.564Z]     [192/656] Building CXX object lib/mayaUsd/CMakeFiles/mayaUsd.dir/undo/OpUndoItemList.cpp.o
[2022-06-29T17:50:59.213Z]     [193/656] Building CXX object lib/mayaUsd/CMakeFiles/mayaUsd.dir/ufe/private/Utils.cpp.o
[2022-06-29T17:51:01.347Z]     [194/656] Building CXX object lib/mayaUsd/CMakeFiles/mayaUsd.dir/ufe/Utils.cpp.o
[2022-06-29T17:51:01.988Z]     [195/656] Building CXX object lib/mayaUsd/CMakeFiles/mayaUsd.dir/undo/UsdUndoBlock.cpp.o
[2022-06-29T17:51:02.660Z]     [196/656] Building CXX object lib/mayaUsd/CMakeFiles/mayaUsd.dir/undo/UsdUndoableItem.cpp.o
[2022-06-29T17:51:02.660Z]     [197/656] Building CXX object lib/mayaUsd/CMakeFiles/mayaUsd.dir/undo/OpUndoItems.cpp.o
[2022-06-29T17:51:02.660Z]     [198/656] Building CXX object lib/mayaUsd/CMakeFiles/mayaUsd.dir/undo/UsdUndoManager.cpp.o
[2022-06-29T17:51:02.660Z]     [199/656] Building CXX object lib/mayaUsd/CMakeFiles/mayaUsd.dir/utils/colorSpace.cpp.o
[2022-06-29T17:51:03.297Z]     [200/656] Building CXX object lib/mayaUsd/CMakeFiles/mayaUsd.dir/utils/blockSceneModificationContext.cpp.o
[2022-06-29T17:51:03.944Z]     [201/656] Building CXX object lib/mayaUsd/CMakeFiles/mayaUsd.dir/utils/diagnosticDelegate.cpp.o
[2022-06-29T17:51:06.087Z]     [202/656] Building CXX object lib/mayaUsd/CMakeFiles/mayaUsd.dir/utils/customLayerData.cpp.o
[2022-06-29T17:51:07.440Z]     [203/656] Building CXX object lib/mayaUsd/CMakeFiles/mayaUsd.dir/undo/UsdUndoStateDelegate.cpp.o
[2022-06-29T17:51:09.311Z]     [204/656] Building CXX object lib/mayaUsd/CMakeFiles/mayaUsd.dir/utils/editability.cpp.o
[2022-06-29T17:51:09.311Z]     [205/656] Building CXX object lib/mayaUsd/CMakeFiles/mayaUsd.dir/utils/converter.cpp.o
[2022-06-29T17:51:10.661Z]     [206/656] Building CXX object lib/mayaUsd/CMakeFiles/mayaUsd.dir/utils/loadRules.cpp.o
[2022-06-29T17:51:10.661Z]     [207/656] Building CXX object lib/mayaUsd/CMakeFiles/mayaUsd.dir/utils/editRouter.cpp.o
[2022-06-29T17:51:10.661Z]     [208/656] Building CXX object lib/mayaUsd/CMakeFiles/mayaUsd.dir/utils/loadRulesText.cpp.o
[2022-06-29T17:51:11.448Z]     [209/656] Building CXX object lib/mayaUsd/CMakeFiles/mayaUsd.dir/utils/progressBarScope.cpp.o
[2022-06-29T17:51:11.448Z]     [210/656] Building CXX object lib/mayaUsd/CMakeFiles/mayaUsd.dir/utils/loadRulesAttribute.cpp.o
[2022-06-29T17:51:12.198Z]     [211/656] Building CXX object lib/mayaUsd/CMakeFiles/mayaUsd.dir/utils/plugRegistryHelper.cpp.o
[2022-06-29T17:51:14.298Z]     [212/656] Building CXX object lib/mayaUsd/CMakeFiles/mayaUsd.dir/utils/query.cpp.o
[2022-06-29T17:51:15.733Z]     [213/656] Building CXX object lib/mayaUsd/CMakeFiles/mayaUsd.dir/utils/selectability.cpp.o
[2022-06-29T17:51:15.733Z]     [214/656] Building CXX object lib/mayaUsd/CMakeFiles/mayaUsd.dir/utils/stageCache.cpp.o
[2022-06-29T17:51:15.733Z]     [215/656] Building CXX object lib/mayaUsd/CMakeFiles/mayaUsd.dir/utils/traverseLayer.cpp.o
[2022-06-29T17:51:17.288Z]     [216/656] Building CXX object lib/mayaUsd/CMakeFiles/mayaUsd.dir/utils/undoHelperCommand.cpp.o
[2022-06-29T17:51:20.866Z]     [217/656] Building CXX object lib/mayaUsd/CMakeFiles/mayaUsd.dir/utils/utilFileSystem.cpp.o
[2022-06-29T17:51:20.866Z]     [218/656] Building CXX object lib/mayaUsd/python/CMakeFiles/_mayaUsd.dir/module.cpp.o
[2022-06-29T17:51:20.866Z]     [219/656] Building CXX object lib/mayaUsd/CMakeFiles/mayaUsd.dir/utils/utilSerialization.cpp.o
[2022-06-29T17:51:22.391Z]     [220/656] Building CXX object lib/mayaUsd/CMakeFiles/mayaUsd.dir/utils/variants.cpp.o
[2022-06-29T17:51:23.567Z]     [221/656] Building CXX object lib/mayaUsd/python/CMakeFiles/_mayaUsd.dir/pythonObjectRegistry.cpp.o
[2022-06-29T17:51:25.069Z]     [222/656] Building CXX object lib/mayaUsd/python/CMakeFiles/_mayaUsd.dir/wrapSparseValueWriter.cpp.o
[2022-06-29T17:51:25.069Z]     [223/656] Building CXX object lib/mayaUsd/CMakeFiles/mayaUsd.dir/utils/util.cpp.o
[2022-06-29T17:51:25.702Z]     [224/656] Building CXX object lib/mayaUsd/python/CMakeFiles/_mayaUsd.dir/wrapBlockSceneModificationContext.cpp.o
[2022-06-29T17:51:27.550Z]     [225/656] Building CXX object lib/mayaUsd/python/CMakeFiles/_mayaUsd.dir/wrapColorSpace.cpp.o
[2022-06-29T17:51:27.550Z]     [226/656] Building CXX object lib/mayaUsd/python/CMakeFiles/_mayaUsd.dir/wrapDiagnosticDelegate.cpp.o
[2022-06-29T17:51:29.577Z]     [227/656] Building CXX object lib/mayaUsd/python/CMakeFiles/_mayaUsd.dir/wrapAdaptor.cpp.o
[2022-06-29T17:51:30.221Z]     [228/656] Building CXX object lib/mayaUsd/python/CMakeFiles/_mayaUsd.dir/wrapConverter.cpp.o
[2022-06-29T17:51:32.332Z]     [229/656] Building CXX object lib/mayaUsd/python/CMakeFiles/_mayaUsd.dir/wrapEditRouter.cpp.o
[2022-06-29T17:51:32.332Z]     [230/656] Building CXX object lib/mayaUsd/python/CMakeFiles/_mayaUsd.dir/wrapOpUndoItem.cpp.o
[2022-06-29T17:51:32.332Z]     [231/656] Building CXX object lib/mayaUsd/python/CMakeFiles/_mayaUsd.dir/wrapMeshWriteUtils.cpp.o
[2022-06-29T17:51:33.714Z]     [232/656] Building CXX object lib/mayaUsd/python/CMakeFiles/_mayaUsd.dir/wrapQuery.cpp.o
[2022-06-29T17:51:35.947Z]     [233/656] Building CXX object lib/mayaUsd/python/CMakeFiles/_mayaUsd.dir/wrapRoundTripUtil.cpp.o
[2022-06-29T17:51:36.646Z]     [234/656] Building CXX object lib/mayaUsd/python/CMakeFiles/_mayaUsd.dir/wrapReadUtil.cpp.o
[2022-06-29T17:51:36.646Z]     [235/656] Building CXX object lib/mayaUsd/python/CMakeFiles/_mayaUsd.dir/wrapStageCache.cpp.o
[2022-06-29T17:51:36.646Z]     [236/656] Building CXX object lib/mayaUsd/python/CMakeFiles/_mayaUsd.dir/wrapTokens.cpp.o
[2022-06-29T17:51:40.126Z]     [237/656] Building CXX object lib/mayaUsd/python/CMakeFiles/_mayaUsd.dir/wrapUsdUndoManager.cpp.o
[2022-06-29T17:51:40.126Z]     [238/656] Building CXX object lib/mayaUsd/python/CMakeFiles/_mayaUsd.dir/wrapTranslatorUtil.cpp.o
[2022-06-29T17:51:41.141Z]     [239/656] Building CXX object lib/mayaUsd/python/CMakeFiles/_mayaUsd.dir/wrapUtil.cpp.o
[2022-06-29T17:51:41.141Z]     [240/656] Building CXX object lib/mayaUsd/python/CMakeFiles/_mayaUsd.dir/wrapUserTaggedAttribute.cpp.o
[2022-06-29T17:51:44.543Z]     [241/656] Building CXX object lib/mayaUsd/python/CMakeFiles/_mayaUsd.dir/wrapOpenMaya.cpp.o
[2022-06-29T17:51:44.543Z]     [242/656] Building CXX object lib/mayaUsd/python/CMakeFiles/_mayaUsd.dir/wrapWriteUtil.cpp.o
[2022-06-29T17:51:45.958Z]     [243/656] Building CXX object lib/mayaUsd/python/CMakeFiles/_mayaUsd.dir/wrapXformStack.cpp.o
[2022-06-29T17:51:50.658Z]     [244/656] Building CXX object lib/mayaUsd/python/CMakeFiles/_mayaUsd.dir/wrapExportChaser.cpp.o
[2022-06-29T17:51:52.146Z]     [245/656] Building CXX object lib/mayaUsd/python/CMakeFiles/_mayaUsd.dir/wrapImportChaser.cpp.o
[2022-06-29T17:51:52.801Z]     [246/656] Building CXX object lib/mayaUsd/python/CMakeFiles/_mayaUsd.dir/wrapPrimReader.cpp.o
[2022-06-29T17:51:53.445Z]     [247/656] Building CXX object lib/mayaUsd/python/CMakeFiles/_mayaUsd.dir/wrapJobContextRegistry.cpp.o
[2022-06-29T17:51:55.546Z]     [248/656] Building CXX object lib/mayaUsd/python/CMakeFiles/_mayaUsd.dir/wrapPrimWriter.cpp.o
[2022-06-29T17:51:55.546Z]     [249/656] Building CXX object lib/mayaUsd/ufe/CMakeFiles/_ufe.dir/module.cpp.o
[2022-06-29T17:51:56.943Z]     [250/656] Building CXX object lib/mayaUsd/python/CMakeFiles/_mayaUsd.dir/wrapShadingUtil.cpp.o
[2022-06-29T17:51:56.943Z]     [251/656] Building CXX object lib/mayaUsd/ufe/CMakeFiles/_ufe.dir/wrapGlobal.cpp.o
[2022-06-29T17:51:59.226Z]     [252/656] Building CXX object lib/mayaUsd/python/CMakeFiles/_mayaUsd.dir/wrapShadingMode.cpp.o
[2022-06-29T17:51:59.226Z]     [253/656] Building CXX object plugin/al/lib/AL_USDMaya/CMakeFiles/AL_USDMaya.dir/AL/usdmaya/DebugCodes.cpp.o
[2022-06-29T17:52:00.575Z]     [254/656] Building CXX object lib/mayaUsd/python/CMakeFiles/_mayaUsd.dir/wrapSchemaApiAdaptor.cpp.o
[2022-06-29T17:52:02.039Z]     [255/656] Building CXX object lib/mayaUsd/ufe/CMakeFiles/_ufe.dir/wrapNotice.cpp.o
[2022-06-29T17:52:02.040Z]     [256/656] Building CXX object lib/mayaUsd/render/mayaToHydra/CMakeFiles/mtoh.dir/pluginDebugCodes.cpp.o
[2022-06-29T17:52:03.399Z]     [257/656] Building CXX object lib/mayaUsd/ufe/CMakeFiles/_ufe.dir/wrapUtils.cpp.o
[2022-06-29T17:52:06.331Z]     [258/656] Building CXX object lib/mayaUsd/render/mayaToHydra/CMakeFiles/mtoh.dir/defaultLightDelegate.cpp.o
[2022-06-29T17:52:06.981Z]     [259/656] Building CXX object lib/mayaUsd/render/mayaToHydra/CMakeFiles/mtoh.dir/plugin.cpp.o
[2022-06-29T17:52:07.814Z]     [260/656] Building CXX object lib/mayaUsd/render/mayaToHydra/CMakeFiles/mtoh.dir/tokens.cpp.o
[2022-06-29T17:52:10.179Z]     [261/656] Building CXX object lib/mayaUsd/render/mayaToHydra/CMakeFiles/mtoh.dir/utils.cpp.o
[2022-06-29T17:52:10.832Z]     [262/656] Building CXX object lib/mayaUsd/render/mayaToHydra/CMakeFiles/mtoh.dir/renderGlobals.cpp.o
[2022-06-29T17:52:11.969Z]     [263/656] Building CXX object lib/mayaUsd/render/mayaToHydra/CMakeFiles/mtoh.dir/renderOverride.cpp.o
[2022-06-29T17:52:11.969Z]     [264/656] Building CXX object lib/usd/hdMaya/CMakeFiles/hdMaya.dir/debugCodes.cpp.o
[2022-06-29T17:52:11.969Z]     [265/656] Building CXX object lib/mayaUsd/render/mayaToHydra/CMakeFiles/mtoh.dir/shadingModeExporter.cpp.o
[2022-06-29T17:52:11.969Z]     [266/656] Building CXX object lib/usd/hdMaya/CMakeFiles/hdMaya.dir/utils.cpp.o
[2022-06-29T17:52:12.635Z]     [267/656] Building CXX object lib/usd/hdMaya/CMakeFiles/hdMaya.dir/adapters/adapterDebugCodes.cpp.o
[2022-06-29T17:52:15.562Z]     [268/656] Building CXX object lib/usd/hdMaya/CMakeFiles/hdMaya.dir/adapters/adapter.cpp.o
[2022-06-29T17:52:16.215Z]     [269/656] Building CXX object lib/mayaUsd/render/mayaToHydra/CMakeFiles/mtoh.dir/viewCommand.cpp.o
[2022-06-29T17:52:16.924Z]     [270/656] Building CXX object lib/usd/hdMaya/CMakeFiles/hdMaya.dir/adapters/aiSkydomeLightAdapter.cpp.o
[2022-06-29T17:52:18.463Z]     [271/656] Building CXX object lib/usd/hdMaya/CMakeFiles/hdMaya.dir/adapters/adapterRegistry.cpp.o
[2022-06-29T17:52:19.155Z]     [272/656] Building CXX object lib/usd/hdMaya/CMakeFiles/hdMaya.dir/adapters/areaLightAdapter.cpp.o
[2022-06-29T17:52:20.532Z]     [273/656] Building CXX object lib/usd/hdMaya/CMakeFiles/hdMaya.dir/adapters/cameraAdapter.cpp.o
[2022-06-29T17:52:20.532Z]     [274/656] Building CXX object lib/usd/hdMaya/CMakeFiles/hdMaya.dir/adapters/dagAdapter.cpp.o
[2022-06-29T17:52:22.010Z]     [275/656] Building CXX object lib/usd/hdMaya/CMakeFiles/hdMaya.dir/adapters/directionalLightAdapter.cpp.o
[2022-06-29T17:52:24.784Z]     [276/656] Building CXX object lib/usd/hdMaya/CMakeFiles/hdMaya.dir/adapters/lightAdapter.cpp.o
[2022-06-29T17:52:24.784Z]     [277/656] Building CXX object lib/usd/hdMaya/CMakeFiles/hdMaya.dir/adapters/mayaAttrs.cpp.o
[2022-06-29T17:52:26.118Z]     [278/656] Building CXX object lib/usd/hdMaya/CMakeFiles/hdMaya.dir/adapters/materialAdapter.cpp.o
[2022-06-29T17:52:27.503Z]     [279/656] Building CXX object lib/usd/hdMaya/CMakeFiles/hdMaya.dir/adapters/proxyAdapter.cpp.o
[2022-06-29T17:52:29.584Z]     [280/656] Building CXX object lib/usd/hdMaya/CMakeFiles/hdMaya.dir/adapters/meshAdapter.cpp.o
[2022-06-29T17:52:30.228Z]     [281/656] Building CXX object lib/usd/hdMaya/CMakeFiles/hdMaya.dir/adapters/nurbsCurveAdapter.cpp.o
[2022-06-29T17:52:31.079Z]     [282/656] Building CXX object lib/usd/hdMaya/CMakeFiles/hdMaya.dir/adapters/materialNetworkConverter.cpp.o
[2022-06-29T17:52:31.714Z]     [283/656] Building CXX object lib/usd/hdMaya/CMakeFiles/hdMaya.dir/adapters/tokens.cpp.o
[2022-06-29T17:52:31.714Z]     [284/656] Building CXX object lib/usd/hdMaya/CMakeFiles/hdMaya.dir/adapters/pointLightAdapter.cpp.o
[2022-06-29T17:52:33.062Z]     [285/656] Building CXX object lib/usd/hdMaya/CMakeFiles/hdMaya.dir/adapters/shapeAdapter.cpp.o
[2022-06-29T17:52:33.718Z]     [286/656] Building CXX object lib/usd/hdMaya/CMakeFiles/hdMaya.dir/delegates/delegateDebugCodes.cpp.o
[2022-06-29T17:52:34.361Z]     [287/656] Building CXX object lib/usd/hdMaya/CMakeFiles/hdMaya.dir/adapters/spotLightAdapter.cpp.o
[2022-06-29T17:52:35.008Z]     [288/656] Building CXX object lib/usd/hdMaya/CMakeFiles/hdMaya.dir/delegates/delegate.cpp.o
[2022-06-29T17:52:36.368Z]     [289/656] Building CXX object lib/usd/hdMaya/CMakeFiles/hdMaya.dir/delegates/delegateCtx.cpp.o
[2022-06-29T17:52:38.073Z]     [290/656] Building CXX object lib/usd/hdMaya/CMakeFiles/hdMaya.dir/delegates/delegateRegistry.cpp.o
[2022-06-29T17:52:41.141Z]     [291/656] Building CXX object lib/usd/hdMaya/CMakeFiles/hdMaya.dir/delegates/proxyUsdImagingDelegate.cpp.o
[2022-06-29T17:52:41.141Z]     [292/656] Building CXX object lib/usd/pxrUsdPreviewSurface/CMakeFiles/basePxrUsdPreviewSurface.dir/cpvColor.cpp.o
[2022-06-29T17:52:47.788Z]     [293/656] Building CXX object lib/usd/pxrUsdPreviewSurface/CMakeFiles/basePxrUsdPreviewSurface.dir/usdPreviewSurface.cpp.o
[2022-06-29T17:52:47.788Z]     [294/656] Building CXX object lib/usd/hdMaya/CMakeFiles/hdMaya.dir/delegates/sceneDelegate.cpp.o
[2022-06-29T17:52:47.788Z]     [295/656] Building CXX object lib/usd/hdMaya/CMakeFiles/hdMaya.dir/delegates/proxyDelegate.cpp.o
[2022-06-29T17:52:47.788Z]     [296/656] Building CXX object lib/usd/hdMaya/CMakeFiles/hdMaya.dir/delegates/testDelegate.cpp.o
[2022-06-29T17:52:48.438Z]     [297/656] Building CXX object lib/usd/pxrUsdPreviewSurface/CMakeFiles/basePxrUsdPreviewSurface.dir/usdPreviewSurfaceShadingNodeOverride.cpp.o
[2022-06-29T17:52:51.491Z]     [298/656] Building CXX object lib/usd/pxrUsdPreviewSurface/CMakeFiles/basePxrUsdPreviewSurface.dir/usdPreviewSurfaceReader.cpp.o
[2022-06-29T17:52:52.131Z]     [299/656] Building CXX object lib/usd/pxrUsdPreviewSurface/CMakeFiles/basePxrUsdPreviewSurface.dir/usdPreviewSurfacePlugin.cpp.o
[2022-06-29T17:52:52.131Z]     [300/656] Building CXX object lib/usd/pxrUsdPreviewSurface/CMakeFiles/basePxrUsdPreviewSurface.dir/usdPreviewSurfaceWriter.cpp.o
[2022-06-29T17:52:55.984Z]     [301/656] Building CXX object lib/usd/translators/CMakeFiles/mayaUsd_Translators.dir/jointWriter.cpp.o
[2022-06-29T17:52:55.984Z]     [302/656] Building CXX object lib/usd/translators/CMakeFiles/mayaUsd_Translators.dir/cameraReader.cpp.o
[2022-06-29T17:52:55.984Z]     [303/656] Building CXX object lib/usd/translators/CMakeFiles/mayaUsd_Translators.dir/cameraWriter.cpp.o
[2022-06-29T17:52:57.744Z]     [304/656] Building CXX object lib/usd/translators/CMakeFiles/mayaUsd_Translators.dir/instancerWriter.cpp.o
[2022-06-29T17:52:59.317Z]     [305/656] Building CXX object lib/usd/translators/CMakeFiles/mayaUsd_Translators.dir/lightRfMReader.cpp.o
[2022-06-29T17:52:59.317Z]     [306/656] Building CXX object lib/usd/translators/CMakeFiles/mayaUsd_Translators.dir/lightReader.cpp.o
[2022-06-29T17:53:00.053Z]     [307/656] Building CXX object lib/usd/translators/CMakeFiles/mayaUsd_Translators.dir/lightRfMWriter.cpp.o
[2022-06-29T17:53:01.533Z]     [308/656] Building CXX object lib/usd/translators/CMakeFiles/mayaUsd_Translators.dir/lightWriter.cpp.o
[2022-06-29T17:53:03.712Z]     [309/656] Building CXX object lib/usd/translators/CMakeFiles/mayaUsd_Translators.dir/locatorWriter.cpp.o
[2022-06-29T17:53:03.712Z]     [310/656] Building CXX object lib/usd/translators/CMakeFiles/mayaUsd_Translators.dir/materialReader.cpp.o
[2022-06-29T17:53:03.712Z]     [311/656] Building CXX object lib/usd/translators/CMakeFiles/mayaUsd_Translators.dir/mayaReferenceReader.cpp.o
[2022-06-29T17:53:05.868Z]     [312/656] Building CXX object lib/usd/translators/CMakeFiles/mayaUsd_Translators.dir/meshReader.cpp.o
[2022-06-29T17:53:08.076Z]     [313/656] Building CXX object lib/usd/translators/CMakeFiles/mayaUsd_Translators.dir/nurbsCurvesReader.cpp.o
[2022-06-29T17:53:09.424Z]     [314/656] Building CXX object lib/usd/translators/CMakeFiles/mayaUsd_Translators.dir/meshWriter.cpp.o
[2022-06-29T17:53:11.706Z]     [315/656] Building CXX object lib/usd/translators/CMakeFiles/mayaUsd_Translators.dir/meshWriter_BlendShapes.cpp.o
[2022-06-29T17:53:12.342Z]     [316/656] Building CXX object lib/usd/translators/CMakeFiles/mayaUsd_Translators.dir/nurbsPatchReader.cpp.o
[2022-06-29T17:53:12.342Z]     [317/656] Building CXX object lib/usd/translators/CMakeFiles/mayaUsd_Translators.dir/nurbsCurveWriter.cpp.o
[2022-06-29T17:53:12.973Z]     [318/656] Building CXX object lib/usd/translators/CMakeFiles/mayaUsd_Translators.dir/plugin.cpp.o
[2022-06-29T17:53:15.292Z]     [319/656] Building CXX object lib/usd/translators/CMakeFiles/mayaUsd_Translators.dir/nurbsSurfaceWriter.cpp.o
[2022-06-29T17:53:16.725Z]     [320/656] Building CXX object lib/usd/translators/CMakeFiles/mayaUsd_Translators.dir/scopeReader.cpp.o
[2022-06-29T17:53:17.794Z]     [321/656] Building CXX object lib/usd/translators/CMakeFiles/mayaUsd_Translators.dir/skelReader.cpp.o
[2022-06-29T17:53:18.434Z]     [322/656] Building CXX object lib/usd/translators/CMakeFiles/mayaUsd_Translators.dir/particleWriter.cpp.o
[2022-06-29T17:53:19.620Z]     [323/656] Building CXX object lib/usd/translators/CMakeFiles/mayaUsd_Translators.dir/shading/shadingTokens.cpp.o
[2022-06-29T17:53:20.260Z]     [324/656] Building CXX object lib/usd/translators/CMakeFiles/mayaUsd_Translators.dir/strokeWriter.cpp.o
[2022-06-29T17:53:22.242Z]     [325/656] Building CXX object lib/usd/translators/CMakeFiles/mayaUsd_Translators.dir/xformReader.cpp.o
[2022-06-29T17:53:22.884Z]     [326/656] Building CXX object lib/usd/translators/CMakeFiles/mayaUsd_Translators.dir/shading/usdBlinnReader.cpp.o
[2022-06-29T17:53:24.744Z]     [327/656] Building CXX object lib/usd/translators/CMakeFiles/mayaUsd_Translators.dir/shading/usdBlinnWriter.cpp.o
[2022-06-29T17:53:25.894Z]     [328/656] Building CXX object lib/usd/translators/CMakeFiles/mayaUsd_Translators.dir/shading/usdDisplacementShaderWriter.cpp.o
[2022-06-29T17:53:27.211Z]     [329/656] Building CXX object lib/usd/translators/CMakeFiles/mayaUsd_Translators.dir/shading/usdFileTextureWriter.cpp.o
[2022-06-29T17:53:27.982Z]     [330/656] Building CXX object lib/usd/translators/CMakeFiles/mayaUsd_Translators.dir/shading/usdLambertReader.cpp.o
[2022-06-29T17:53:29.097Z]     [331/656] Building CXX object lib/usd/translators/CMakeFiles/mayaUsd_Translators.dir/shading/usdLambertWriter.cpp.o
[2022-06-29T17:53:31.381Z]     [332/656] Building CXX object lib/usd/translators/CMakeFiles/mayaUsd_Translators.dir/shading/usdMaterialReader.cpp.o
[2022-06-29T17:53:31.381Z]     [333/656] Building CXX object lib/usd/translators/CMakeFiles/mayaUsd_Translators.dir/shading/usdMaterialWriter.cpp.o
[2022-06-29T17:53:33.529Z]     [334/656] Building CXX object lib/usd/translators/CMakeFiles/mayaUsd_Translators.dir/shading/usdPhongReader.cpp.o
[2022-06-29T17:53:33.529Z]     [335/656] Building CXX object lib/usd/translators/CMakeFiles/mayaUsd_Translators.dir/shading/usdPhongWriter.cpp.o
[2022-06-29T17:53:35.865Z]     [336/656] Building CXX object lib/usd/translators/CMakeFiles/mayaUsd_Translators.dir/shading/usdPhongEWriter.cpp.o
[2022-06-29T17:53:35.865Z]     [337/656] Building CXX object lib/usd/translators/CMakeFiles/mayaUsd_Translators.dir/shading/usdReflectWriter.cpp.o
[2022-06-29T17:53:37.839Z]     [338/656] Building CXX object lib/usd/translators/CMakeFiles/mayaUsd_Translators.dir/shading/usdPrimvarReaderFloat3Reader.cpp.o
[2022-06-29T17:53:38.868Z]     [339/656] Building CXX object lib/usd/translators/CMakeFiles/mayaUsd_Translators.dir/shading/usdUVTextureReader.cpp.o
[2022-06-29T17:53:38.868Z]     [340/656] Building CXX object lib/usd/schemas/CMakeFiles/_schemas.dir/module.cpp.o
[2022-06-29T17:53:40.194Z]     [341/656] Building CXX object lib/usd/translators/CMakeFiles/mayaUsd_Translators.dir/shading/usdStandardSurfaceReader.cpp.o
[2022-06-29T17:53:43.591Z]     [342/656] Building CXX object lib/usd/schemas/CMakeFiles/_schemas.dir/wrapTokens.cpp.o
[2022-06-29T17:53:43.591Z]     [343/656] Building CXX object lib/usd/translators/CMakeFiles/mayaUsd_Translators.dir/shading/rfmShaderTranslation.cpp.o
[2022-06-29T17:53:43.591Z]     [344/656] Building CXX object lib/usd/translators/CMakeFiles/mayaUsd_Translators.dir/shading/usdStandardSurfaceWriter.cpp.o
[2022-06-29T17:53:45.728Z]     [345/656] Building CXX object lib/usd/schemas/CMakeFiles/mayaUsd_Schemas.dir/ALMayaReference.cpp.o
[2022-06-29T17:53:45.728Z]     [346/656] Building CXX object lib/usd/schemas/CMakeFiles/_schemas.dir/wrapALMayaReference.cpp.o
[2022-06-29T17:53:45.728Z]     [347/656] Building CXX object lib/usd/schemas/CMakeFiles/_schemas.dir/wrapMayaReference.cpp.o
[2022-06-29T17:53:47.258Z]     [348/656] Building CXX object lib/usd/utils/CMakeFiles/mayaUsdUtils.dir/DebugCodes.cpp.o
[2022-06-29T17:53:47.258Z]     [349/656] Building CXX object lib/usd/schemas/CMakeFiles/mayaUsd_Schemas.dir/tokens.cpp.o
[2022-06-29T17:53:47.258Z]     [350/656] Building CXX object lib/usd/utils/CMakeFiles/mayaUsdUtils.dir/DiffCore.cpp.o
[2022-06-29T17:53:47.258Z]     [351/656] Building CXX object lib/usd/schemas/CMakeFiles/mayaUsd_Schemas.dir/MayaReference.cpp.o
[2022-06-29T17:53:48.391Z]     [352/656] Building CXX object lib/usd/schemas/CMakeFiles/mayaUsd_Schemas.dir/ModuleDeps.cpp.o
[2022-06-29T17:53:48.391Z]     [353/656] Linking CXX shared library lib/usd/schemas/libmayaUsd_Schemas.dylib
[2022-06-29T17:53:48.391Z]     [354/656] Linking CXX shared library lib/usd/schemas/_schemas.so
[2022-06-29T17:53:50.712Z]     [355/656] Building CXX object lib/usd/utils/CMakeFiles/mayaUsdUtils.dir/DiffAttributes.cpp.o
[2022-06-29T17:53:50.712Z]     [356/656] Building CXX object lib/usd/utils/CMakeFiles/mayaUsdUtils.dir/DiffDictionaries.cpp.o
[2022-06-29T17:53:51.689Z]     [357/656] Building CXX object lib/usd/utils/CMakeFiles/mayaUsdUtils.dir/DiffMetadatas.cpp.o
[2022-06-29T17:53:51.689Z]     [358/656] Building CXX object lib/usd/utils/CMakeFiles/mayaUsdUtils.dir/DiffLists.cpp.o
[2022-06-29T17:53:54.248Z]     [359/656] Building CXX object lib/usd/utils/CMakeFiles/mayaUsdUtils.dir/DiffRelationships.cpp.o
[2022-06-29T17:53:55.180Z]     [360/656] Building CXX object lib/usd/utils/CMakeFiles/mayaUsdUtils.dir/DiffPrims.cpp.o
[2022-06-29T17:53:57.487Z]     [361/656] Building CXX object lib/usd/utils/CMakeFiles/mayaUsdUtils.dir/DiffValues.cpp.o
[2022-06-29T17:53:57.487Z]     [362/656] Copying importTranslator.h ...
[2022-06-29T17:53:57.487Z]     [363/656] Copying listShadingModesCommand.h ...
[2022-06-29T17:53:57.487Z]     [364/656] Copying api.h ...
[2022-06-29T17:53:57.487Z]     [365/656] Copying editUtil.h ...
[2022-06-29T17:53:57.487Z]     [366/656] Copying translatorModelAssembly.h ...
[2022-06-29T17:53:57.487Z]     [367/656] Copying exportCommand.h ...
[2022-06-29T17:53:57.487Z]     [368/656] Copying exportTranslator.h ...
[2022-06-29T17:53:57.487Z]     [369/656] Copying importCommand.h ...
[2022-06-29T17:53:57.487Z]     [370/656] Copying proxyShape.h ...
[2022-06-29T17:53:57.487Z]     [371/656] Copying referenceAssembly.h ...
[2022-06-29T17:53:57.487Z]     [372/656] Building CXX object lib/usd/utils/CMakeFiles/mayaUsdUtils.dir/MergePrimsOptions.cpp.o
[2022-06-29T17:53:57.487Z]     [373/656] Copying readJobWithSceneAssembly.h ...
[2022-06-29T17:53:57.487Z]     [374/656] Copying instancerShapeAdapterWithSceneAssembly.h ...
[2022-06-29T17:53:57.487Z]     [375/656] Generating AEpxrUsdReferenceAssemblyTemplate.pyc
[2022-06-29T17:53:57.487Z]     [376/656] Generating __init__.pyc
[2022-06-29T17:53:57.487Z]     [377/656] Generating userExportedAttributesUI.pyc
[2022-06-29T17:53:59.521Z]     [378/656] Building CXX object lib/usd/utils/CMakeFiles/mayaUsdUtils.dir/MergePrims.cpp.o
[2022-06-29T17:53:59.521Z]     [379/656] Building CXX object lib/usd/utils/CMakeFiles/mayaUsdUtils.dir/util.cpp.o
[2022-06-29T17:53:59.521Z]     [380/656] Linking CXX shared library lib/usd/utils/libmayaUsdUtils.dylib
[2022-06-29T17:53:59.521Z]     [381/656] Linking CXX executable test/lib/usd/utils/testMergePrims
[2022-06-29T17:53:59.521Z]     [382/656] Linking CXX executable test/lib/usd/utils/testDiffComputeOverall
[2022-06-29T17:53:59.521Z]     [383/656] Linking CXX executable test/lib/usd/utils/testDiffPrims
[2022-06-29T17:53:59.521Z]     [384/656] Linking CXX executable test/lib/usd/utils/testDiffDictionaries
[2022-06-29T17:53:59.521Z]     [385/656] Linking CXX executable test/lib/usd/utils/testDiffLists
[2022-06-29T17:53:59.521Z]     [386/656] Linking CXX executable test/lib/usd/utils/testDiffAttributes
[2022-06-29T17:53:59.521Z]     [387/656] Linking CXX executable test/lib/usd/utils/testDiffCore
[2022-06-29T17:53:59.521Z]     [388/656] Linking CXX executable test/lib/usd/utils/testDiffMetadatas
[2022-06-29T17:54:00.637Z]     [389/656] Linking CXX executable test/lib/usd/utils/testDiffValues
[2022-06-29T17:54:00.637Z]     [390/656] Linking CXX executable test/lib/usd/utils/testDiffRelationships
[2022-06-29T17:54:00.637Z]     [391/656] Linking CXX shared library lib/mayaUsd/libmayaUsd.dylib
[2022-06-29T17:54:00.637Z]     [392/656] Linking CXX shared library test/lib/usd/plugin/libusdTestApiWriter.dylib
[2022-06-29T17:54:00.637Z]     [393/656] Linking CXX shared library test/lib/usd/plugin/libusdTestUsdPlugin.dylib
[2022-06-29T17:54:00.637Z]     [394/656] Linking CXX shared library test/lib/usd/plugin/usdTestInfoImportChaser.bundle
[2022-06-29T17:54:00.637Z]     [395/656] Linking CXX shared library test/lib/usd/plugin/usdTestMayaPlugin.bundle
[2022-06-29T17:54:01.479Z]     [396/656] Linking CXX shared library lib/mayaUsd/python/_mayaUsd.so
[2022-06-29T17:54:01.479Z]     [397/656] Linking CXX shared library lib/mayaUsd/ufe/_ufe.so
[2022-06-29T17:54:01.479Z]     [398/656] Building CXX object plugin/pxr/maya/lib/usdMaya/CMakeFiles/usdMaya.dir/readJobWithSceneAssembly.cpp.o
[2022-06-29T17:54:01.479Z]     [399/656] Linking CXX shared library lib/usd/hdMaya/libhdMaya.dylib
[2022-06-29T17:54:01.479Z]     [400/656] Linking CXX shared library lib/usd/pxrUsdPreviewSurface/libbasePxrUsdPreviewSurface.dylib
[2022-06-29T17:54:01.479Z]     [401/656] Linking CXX shared library lib/mayaUsd/render/mayaToHydra/mtoh.bundle
[2022-06-29T17:54:01.479Z]     [402/656] Linking CXX shared library lib/usd/translators/libmayaUsd_Translators.dylib
[2022-06-29T17:54:03.178Z]     [403/656] Building CXX object plugin/pxr/maya/lib/usdMaya/CMakeFiles/usdMaya.dir/readJob_ImportWithProxies.cpp.o
[2022-06-29T17:54:11.678Z]     [404/656] Building CXX object plugin/pxr/maya/lib/usdMaya/CMakeFiles/usdMaya.dir/instancerShapeAdapterWithSceneAssembly.cpp.o
[2022-06-29T17:54:11.678Z]     [405/656] Building CXX object plugin/pxr/maya/lib/usdMaya/CMakeFiles/usdMaya.dir/editUtil.cpp.o
[2022-06-29T17:54:14.148Z]     [406/656] Building CXX object plugin/pxr/maya/lib/usdMaya/CMakeFiles/usdMaya.dir/translatorModelAssembly.cpp.o
[2022-06-29T17:54:17.862Z]     [407/656] Building CXX object plugin/pxr/maya/lib/usdMaya/CMakeFiles/usdMaya.dir/exportCommand.cpp.o
[2022-06-29T17:54:17.862Z]     [408/656] Automatic MOC and UIC for target mayaUsdUI
[2022-06-29T17:54:17.862Z]     [409/656] Automatic RCC for layerEditor/resources.qrc
[2022-06-29T17:54:17.862Z]     [410/656] Automatic RCC for importDialog/images/ui.qrc
[2022-06-29T17:54:17.862Z]     [411/656] Building CXX object plugin/pxr/maya/lib/usdMaya/CMakeFiles/usdMaya.dir/exportTranslator.cpp.o
[2022-06-29T17:54:17.862Z]     [412/656] Building CXX object plugin/pxr/maya/lib/usdMaya/CMakeFiles/usdMaya.dir/importCommand.cpp.o
[2022-06-29T17:54:18.582Z]     [413/656] Building CXX object lib/usd/ui/CMakeFiles/mayaUsdUI.dir/layerEditor/dirtyLayersCountBadge.cpp.o
[2022-06-29T17:54:21.087Z]     [414/656] Building CXX object lib/usd/ui/CMakeFiles/mayaUsdUI.dir/layerEditor/generatedIconButton.cpp.o
[2022-06-29T17:54:21.087Z]     [415/656] Building CXX object plugin/pxr/maya/lib/usdMaya/CMakeFiles/usdMaya.dir/importTranslator.cpp.o
[2022-06-29T17:54:21.087Z]     [416/656] Building CXX object lib/usd/ui/CMakeFiles/mayaUsdUI.dir/mayaUsdUI_autogen/mocs_compilation.cpp.o
[2022-06-29T17:54:26.191Z]     [417/656] Building CXX object lib/usd/ui/CMakeFiles/mayaUsdUI.dir/layerEditor/layerEditorWidget.cpp.o
[2022-06-29T17:54:26.191Z]     [418/656] Building CXX object lib/usd/ui/CMakeFiles/mayaUsdUI.dir/layerEditor/layerTreeItemDelegate.cpp.o
[2022-06-29T17:54:26.191Z]     [419/656] Building CXX object lib/usd/ui/CMakeFiles/mayaUsdUI.dir/layerEditor/layerTreeItem.cpp.o
[2022-06-29T17:54:26.926Z]     [420/656] Building CXX object lib/usd/ui/CMakeFiles/mayaUsdUI.dir/layerEditor/layerTreeModel.cpp.o
[2022-06-29T17:54:29.684Z]     [421/656] Building CXX object lib/usd/ui/CMakeFiles/mayaUsdUI.dir/layerEditor/layerTreeView.cpp.o
[2022-06-29T17:54:29.684Z]     [422/656] Building CXX object lib/usd/ui/CMakeFiles/mayaUsdUI.dir/layerEditor/mayaCommandHook.cpp.o
[2022-06-29T17:54:29.684Z]     [423/656] Building CXX object lib/usd/ui/CMakeFiles/mayaUsdUI.dir/layerEditor/loadLayersDialog.cpp.o
[2022-06-29T17:54:32.031Z]     [424/656] Building CXX object lib/usd/ui/CMakeFiles/mayaUsdUI.dir/layerEditor/mayaQtUtils.cpp.o
[2022-06-29T17:54:32.849Z]     [425/656] Building CXX object lib/usd/ui/CMakeFiles/mayaUsdUI.dir/layerEditor/mayaLayerEditorWindow.cpp.o
[2022-06-29T17:54:34.015Z]     [426/656] Building CXX object lib/usd/ui/CMakeFiles/mayaUsdUI.dir/layerEditor/qtUtils.cpp.o
[2022-06-29T17:54:34.884Z]     [427/656] Building CXX object lib/usd/ui/CMakeFiles/mayaUsdUI.dir/layerEditor/pathChecker.cpp.o
[2022-06-29T17:54:35.972Z]     [428/656] Building CXX object lib/usd/ui/CMakeFiles/mayaUsdUI.dir/layerEditor/mayaSessionState.cpp.o
[2022-06-29T17:54:35.972Z]     [429/656] Building CXX object lib/usd/ui/CMakeFiles/mayaUsdUI.dir/layerEditor/stringResources.cpp.o
[2022-06-29T17:54:36.608Z]     [430/656] Building CXX object lib/usd/ui/CMakeFiles/mayaUsdUI.dir/layerEditor/sessionState.cpp.o
[2022-06-29T17:54:37.639Z]     [431/656] Building CXX object lib/usd/ui/CMakeFiles/mayaUsdUI.dir/layerEditor/warningDialogs.cpp.o
[2022-06-29T17:54:39.482Z]     [432/656] Building CXX object lib/usd/ui/CMakeFiles/mayaUsdUI.dir/layerEditor/stageSelectorWidget.cpp.o
[2022-06-29T17:54:41.799Z]     [433/656] Building CXX object lib/usd/ui/CMakeFiles/mayaUsdUI.dir/layerEditor/saveLayersDialog.cpp.o
[2022-06-29T17:54:43.287Z]     [434/656] Building CXX object lib/usd/ui/CMakeFiles/mayaUsdUI.dir/layerEditor/batchSaveLayersUIDelegate.cpp.o
[2022-06-29T17:54:43.287Z]     [435/656] Building CXX object lib/usd/ui/CMakeFiles/mayaUsdUI.dir/importDialog/ItemDelegate.cpp.o
[2022-06-29T17:54:43.287Z]     [436/656] Building CXX object lib/usd/ui/CMakeFiles/mayaUsdUI.dir/importDialog/TreeItem.cpp.o
[2022-06-29T17:54:46.882Z]     [437/656] Building CXX object lib/usd/ui/CMakeFiles/mayaUsdUI.dir/importDialog/TreeModel.cpp.o
[2022-06-29T17:54:46.882Z]     [438/656] Building CXX object lib/usd/ui/CMakeFiles/mayaUsdUI.dir/importDialog/TreeModelFactory.cpp.o
[2022-06-29T17:54:46.882Z]     [439/656] Building CXX object lib/usd/ui/CMakeFiles/mayaUsdUI.dir/importDialog/USDImportDialog.cpp.o
[2022-06-29T17:54:46.882Z]     [440/656] Building CXX object lib/usd/ui/CMakeFiles/mayaUsdUI.dir/mayaUsdUI_autogen/5WMDHDZAMM/qrc_resources.cpp.o
[2022-06-29T17:54:46.882Z]     [441/656] Building CXX object lib/usd/ui/CMakeFiles/mayaUsdUI.dir/initStringResources.cpp.o
[2022-06-29T17:54:46.882Z]     [442/656] Building CXX object lib/usd/ui/CMakeFiles/mayaUsdUI.dir/mayaUsdUI_autogen/AUCU3ACLTF/qrc_ui.cpp.o
[2022-06-29T17:54:46.882Z]     [443/656] Building CXX object lib/usd/ui/CMakeFiles/mayaUsdUI.dir/importDialog/USDQtUtil.cpp.o
[2022-06-29T17:54:47.569Z]     [444/656] Building CXX object plugin/pxr/maya/lib/usdMaya/CMakeFiles/usdMaya.dir/listShadingModesCommand.cpp.o
[2022-06-29T17:54:47.569Z]     [445/656] Building CXX object plugin/pxr/maya/lib/usdMaya/CMakeFiles/_usdMaya.dir/module.cpp.o
[2022-06-29T17:54:47.569Z]     [446/656] Building CXX object lib/usd/ui/CMakeFiles/mayaUsdUI.dir/importDialog/USDImportDialogCmd.cpp.o
[2022-06-29T17:54:47.569Z]     [447/656] Linking CXX shared library lib/usd/ui/libmayaUsdUI.dylib
[2022-06-29T17:54:47.569Z]     [448/656] Automatic MOC and UIC for target testMayaUsdUI
[2022-06-29T17:54:47.569Z]     [449/656] Building CXX object lib/usd/ui/importDialogDemo/CMakeFiles/testMayaUsdUI.dir/testMayaUsdUI_autogen/mocs_compilation.cpp.o
[2022-06-29T17:54:51.681Z]     [450/656] Building CXX object plugin/pxr/maya/lib/usdMaya/CMakeFiles/_usdMaya.dir/wrapAssembly.cpp.o
[2022-06-29T17:54:52.864Z]     [451/656] Building CXX object lib/usd/ui/importDialogDemo/CMakeFiles/testMayaUsdUI.dir/testMayaUsdUI.cpp.o
[2022-06-29T17:54:52.864Z]     [452/656] Linking CXX executable lib/usd/ui/importDialogDemo/testMayaUsdUI
[2022-06-29T17:54:52.864Z]     [453/656] Copying api.h ...
[2022-06-29T17:54:52.864Z]     [454/656] Building CXX object plugin/pxr/maya/lib/usdMaya/CMakeFiles/usdMaya.dir/proxyShape.cpp.o
[2022-06-29T17:54:56.372Z]     [455/656] Building CXX object plugin/pxr/maya/lib/usdMaya/CMakeFiles/usdMaya.dir/referenceAssembly.cpp.o
[2022-06-29T17:54:56.372Z]     [456/656] Linking CXX shared library plugin/pxr/maya/lib/usdMaya/libusdMaya.dylib
[2022-06-29T17:54:57.052Z]     [457/656] Building CXX object plugin/pxr/maya/lib/usdMaya/CMakeFiles/_usdMaya.dir/wrapEditUtil.cpp.o
[2022-06-29T17:54:57.052Z]     [458/656] Linking CXX shared library plugin/pxr/maya/lib/usdMaya/_usdMaya.so
[2022-06-29T17:54:57.052Z]     [459/656] Copying api.h ...
[2022-06-29T17:54:58.125Z]     [460/656] Building CXX object plugin/pxr/maya/plugin/pxrUsd/CMakeFiles/pxrUsd.dir/alembicChaser.cpp.o
[2022-06-29T17:54:58.920Z]     [461/656] Building CXX object plugin/al/utils/AL/CMakeFiles/AL_EventSystem.dir/event/EventHandler.cpp.o
[2022-06-29T17:54:58.920Z]     [462/656] Linking CXX shared library plugin/al/utils/AL/libAL_EventSystem.dylib
[2022-06-29T17:54:58.920Z]     [463/656] Building CXX object plugin/pxr/maya/plugin/pxrUsd/CMakeFiles/pxrUsd.dir/plugin.cpp.o
[2022-06-29T17:54:59.795Z]     [464/656] Building CXX object plugin/al/mayatest/AL/maya/test/CMakeFiles/AL_MayaTest.dir/testHarness.cpp.o
[2022-06-29T17:55:01.807Z]     [465/656] Building CXX object plugin/pxr/maya/plugin/pxrUsd/CMakeFiles/pxrUsd.dir/usdTranslator.cpp.o
[2022-06-29T17:55:01.807Z]     [466/656] Building CXX object plugin/al/mayatest/AL/maya/test/CMakeFiles/AL_MayaTest.dir/testHelpers.cpp.o
[2022-06-29T17:55:01.807Z]     [467/656] Linking CXX shared library plugin/al/mayatest/AL/maya/test/libAL_MayaTest.dylib
[2022-06-29T17:55:01.807Z]     [468/656] Building CXX object plugin/al/mayautils/AL/maya/CMakeFiles/AL_MayaUtils.dir/utils/FileTranslatorOptions.cpp.o
[2022-06-29T17:55:01.807Z]     [469/656] Linking CXX shared library plugin/pxr/maya/plugin/pxrUsd/pxrUsd.bundle
[2022-06-29T17:55:01.807Z]     [470/656] Building CXX object plugin/pxr/maya/plugin/pxrUsdPreviewSurface/CMakeFiles/pxrUsdPreviewSurface.dir/plugin.cpp.o
[2022-06-29T17:55:01.807Z]     [471/656] Linking CXX shared library plugin/pxr/maya/plugin/pxrUsdPreviewSurface/pxrUsdPreviewSurface.bundle
[2022-06-29T17:55:01.807Z]     [472/656] Building CXX object plugin/al/mayautils/AL/maya/CMakeFiles/AL_MayaUtils.dir/utils/MenuBuilder.cpp.o
[2022-06-29T17:55:03.763Z]     [473/656] Building CXX object plugin/al/mayautils/AL/maya/CMakeFiles/AL_MayaUtils.dir/utils/Utils.cpp.o
[2022-06-29T17:55:03.763Z]     [474/656] Building CXX object plugin/al/mayautils/AL/maya/CMakeFiles/AL_MayaUtils.dir/utils/NodeHelper.cpp.o
[2022-06-29T17:55:03.763Z]     [475/656] Building CXX object plugin/al/mayautils/AL/maya/CMakeFiles/AL_MayaUtils.dir/utils/CommandGuiHelper.cpp.o
[2022-06-29T17:55:03.763Z]     [476/656] Building CXX object plugin/al/mayautils/AL/maya/CMakeFiles/AL_MayaUtils.dir/utils/PluginTranslatorOptions.cpp.o
[2022-06-29T17:55:03.763Z]     [477/656] Building CXX object plugin/al/mayautils/AL/maya/tests/mayaplugintest/CMakeFiles/AL_MayaUtilsTests.dir/plugin.cpp.o
[2022-06-29T17:55:04.644Z]     [478/656] Building CXX object plugin/al/mayautils/AL/maya/CMakeFiles/AL_MayaUtils.dir/event/MayaEventManager.cpp.o
[2022-06-29T17:55:04.644Z]     [479/656] Linking CXX shared library plugin/al/mayautils/AL/maya/libAL_MayaUtils.dylib
[2022-06-29T17:55:06.354Z]     [480/656] Building CXX object plugin/al/mayautils/AL/maya/tests/mayaplugintest/CMakeFiles/AL_MayaUtilsTests.dir/test_mobjectmap.cpp.o
[2022-06-29T17:55:06.354Z]     [481/656] Building CXX object plugin/al/mayautils/AL/maya/tests/mayaplugintest/CMakeFiles/AL_MayaUtilsTests.dir/test_maya_MenuBuilder.cpp.o
[2022-06-29T17:55:06.354Z]     [482/656] Building CXX object plugin/al/mayautils/AL/maya/tests/mayaplugintest/CMakeFiles/AL_MayaUtilsTests.dir/test_maya_NodeHelper.cpp.o
[2022-06-29T17:55:06.354Z]     [483/656] Building CXX object plugin/al/mayautils/AL/maya/tests/mayaplugintest/CMakeFiles/AL_MayaUtilsTests.dir/utils/CommandGuiHelperTest.cpp.o
[2022-06-29T17:55:06.354Z]     [484/656] Building CXX object plugin/al/mayautils/AL/maya/tests/mayaplugintest/CMakeFiles/AL_MayaUtilsTests.dir/utils/NodeHelperUnitTest.cpp.o
[2022-06-29T17:55:09.315Z]     [485/656] Building CXX object plugin/al/mayautils/AL/maya/tests/mayaplugintest/CMakeFiles/AL_MayaUtilsTests.dir/utils/PluginTranslatorOptionsTest.cpp.o
[2022-06-29T17:55:09.315Z]     [486/656] Linking CXX shared library plugin/al/mayautils/AL/maya/tests/mayaplugintest/AL_MayaUtilsTests.bundle
[2022-06-29T17:55:09.315Z]     [487/656] Building CXX object plugin/al/usdmayautils/AL/usdmaya/utils/CMakeFiles/AL_USDMayaUtils.dir/AttributeType.cpp.o
[2022-06-29T17:55:11.148Z]     [488/656] Building CXX object plugin/al/usdmayautils/AL/usdmaya/utils/CMakeFiles/AL_USDMayaUtils.dir/AnimationTranslator.cpp.o
[2022-06-29T17:55:13.110Z]     [489/656] Building CXX object plugin/al/usdmayautils/AL/usdmaya/utils/CMakeFiles/AL_USDMayaUtils.dir/Utils.cpp.o
[2022-06-29T17:55:16.209Z]     [490/656] Building CXX object plugin/al/usdmayautils/AL/usdmaya/utils/CMakeFiles/AL_USDMayaUtils.dir/MeshUtils.cpp.o
[2022-06-29T17:55:16.209Z]     [491/656] Building CXX object plugin/al/usdtransaction/AL/usd/transaction/CMakeFiles/_AL_USDTransaction.dir/module.cpp.o
[2022-06-29T17:55:16.209Z]     [492/656] Building CXX object plugin/al/usdmayautils/AL/usdmaya/utils/CMakeFiles/AL_USDMayaUtils.dir/NurbsCurveUtils.cpp.o
[2022-06-29T17:55:16.849Z]     [493/656] Building CXX object plugin/al/usdmayautils/AL/usdmaya/utils/CMakeFiles/AL_USDMayaUtils.dir/DgNodeHelper.cpp.o
[2022-06-29T17:55:18.483Z]     [494/656] Building CXX object plugin/al/usdmayautils/AL/usdmaya/utils/CMakeFiles/AL_USDMayaUtils.dir/DiffPrimVar.cpp.o
[2022-06-29T17:55:18.483Z]     [495/656] Linking CXX shared library plugin/al/usdmayautils/AL/usdmaya/utils/libAL_USDMayaUtils.dylib
[2022-06-29T17:55:20.719Z]     [496/656] Building CXX object plugin/al/usdtransaction/AL/usd/transaction/CMakeFiles/_AL_USDTransaction.dir/wrapNotice.cpp.o
[2022-06-29T17:55:20.719Z]     [497/656] Building CXX object plugin/al/usdtransaction/AL/usd/transaction/CMakeFiles/_AL_USDTransaction.dir/wrapTransaction.cpp.o
[2022-06-29T17:55:20.719Z]     [498/656] Building CXX object plugin/al/usdtransaction/AL/usd/transaction/CMakeFiles/_AL_USDTransaction.dir/wrapTransactionManager.cpp.o
[2022-06-29T17:55:21.585Z]     [499/656] Building CXX object plugin/al/usdtransaction/AL/usd/transaction/CMakeFiles/AL_USDTransaction.dir/Notice.cpp.o
[2022-06-29T17:55:21.585Z]     [500/656] Building CXX object plugin/al/usdtransaction/AL/usd/transaction/tests/CMakeFiles/AL_USDTransactionTests.dir/testMain.cpp.o
[2022-06-29T17:55:24.017Z]     [501/656] Building CXX object plugin/al/usdtransaction/AL/usd/transaction/CMakeFiles/AL_USDTransaction.dir/Transaction.cpp.o
[2022-06-29T17:55:24.017Z]     [502/656] Building CXX object plugin/al/lib/AL_USDMaya/CMakeFiles/_AL_USDMaya.dir/AL/usdmaya/module.cpp.o
[2022-06-29T17:55:25.955Z]     [503/656] Building CXX object plugin/al/usdtransaction/AL/usd/transaction/CMakeFiles/AL_USDTransaction.dir/TransactionManager.cpp.o
[2022-06-29T17:55:25.955Z]     [504/656] Building CXX object plugin/al/usdtransaction/AL/usd/transaction/tests/CMakeFiles/AL_USDTransactionTests.dir/testTransactionManager.cpp.o
[2022-06-29T17:55:25.955Z]     [505/656] Linking CXX shared library plugin/al/usdtransaction/AL/usd/transaction/libAL_USDTransaction.dylib
[2022-06-29T17:55:25.955Z]     [506/656] Linking CXX shared library plugin/al/usdtransaction/AL/usd/transaction/_AL_USDTransaction.so
[2022-06-29T17:55:27.355Z]     [507/656] Building CXX object plugin/al/lib/AL_USDMaya/CMakeFiles/_AL_USDMaya.dir/AL/usdmaya/wrapStageCache.cpp.o
[2022-06-29T17:55:27.355Z]     [508/656] Building CXX object plugin/al/usdtransaction/AL/usd/transaction/tests/CMakeFiles/AL_USDTransactionTests.dir/testTransaction.cpp.o
[2022-06-29T17:55:27.355Z]     [509/656] Linking CXX executable plugin/al/usdtransaction/AL/usd/transaction/tests/AL_USDTransactionTests
[2022-06-29T17:55:30.801Z]     [510/656] Building CXX object plugin/al/lib/AL_USDMaya/CMakeFiles/_AL_USDMaya.dir/AL/usdmaya/nodes/wrapLayerManager.cpp.o
[2022-06-29T17:55:32.469Z]     [511/656] Building CXX object plugin/al/lib/AL_USDMaya/CMakeFiles/_AL_USDMaya.dir/AL/usdmaya/nodes/wrapProxyShape.cpp.o
[2022-06-29T17:55:33.902Z]     [512/656] Building CXX object plugin/al/lib/AL_USDMaya/CMakeFiles/AL_USDMaya.dir/AL/usdmaya/Metadata.cpp.o
[2022-06-29T17:55:33.902Z]     [513/656] Building CXX object plugin/al/lib/AL_USDMaya/CMakeFiles/_AL_USDMaya.dir/AL/usdmaya/fileio/translators/wrapTranslatorContext.cpp.o
[2022-06-29T17:55:34.553Z]     [514/656] Building CXX object plugin/al/lib/AL_USDMaya/CMakeFiles/AL_USDMaya.dir/AL/usdmaya/StageCache.cpp.o
[2022-06-29T17:55:36.197Z]     [515/656] Building CXX object plugin/al/lib/AL_USDMaya/CMakeFiles/AL_USDMaya.dir/AL/usdmaya/Global.cpp.o
[2022-06-29T17:55:36.197Z]     [516/656] Building CXX object plugin/al/lib/AL_USDMaya/CMakeFiles/AL_USDMaya.dir/AL/usdmaya/moduleDeps.cpp.o
[2022-06-29T17:55:36.852Z]     [517/656] Building CXX object plugin/al/lib/AL_USDMaya/CMakeFiles/_AL_USDMaya.dir/AL/usdmaya/fileio/translators/wrapTranslatorBase.cpp.o
[2022-06-29T17:55:38.415Z]     [518/656] Building CXX object plugin/al/lib/AL_USDMaya/CMakeFiles/AL_USDMaya.dir/AL/usdmaya/cmds/DebugCommands.cpp.o
[2022-06-29T17:55:38.415Z]     [519/656] Building CXX object plugin/al/lib/AL_USDMaya/CMakeFiles/AL_USDMaya.dir/AL/usdmaya/TransformOperation.cpp.o
[2022-06-29T17:55:38.415Z]     [520/656] Building CXX object plugin/al/lib/AL_USDMaya/CMakeFiles/AL_USDMaya.dir/AL/usdmaya/cmds/EventCommand.cpp.o
[2022-06-29T17:55:41.024Z]     [521/656] Building CXX object plugin/al/lib/AL_USDMaya/CMakeFiles/AL_USDMaya.dir/AL/usdmaya/cmds/CreateUsdPrim.cpp.o
[2022-06-29T17:55:41.024Z]     [522/656] Building CXX object plugin/al/lib/AL_USDMaya/CMakeFiles/AL_USDMaya.dir/AL/usdmaya/cmds/RendererCommands.cpp.o
[2022-06-29T17:55:41.946Z]     [523/656] Building CXX object plugin/al/lib/AL_USDMaya/CMakeFiles/AL_USDMaya.dir/AL/usdmaya/cmds/ListTranslators.cpp.o
[2022-06-29T17:55:42.646Z]     [524/656] Building CXX object plugin/al/lib/AL_USDMaya/CMakeFiles/AL_USDMaya.dir/AL/usdmaya/cmds/SyncFileIOGui.cpp.o
[2022-06-29T17:55:44.176Z]     [525/656] Building CXX object plugin/al/lib/AL_USDMaya/CMakeFiles/AL_USDMaya.dir/AL/usdmaya/cmds/LayerCommands.cpp.o
[2022-06-29T17:55:44.850Z]     [526/656] Building CXX object plugin/al/lib/AL_USDMaya/CMakeFiles/AL_USDMaya.dir/AL/usdmaya/cmds/ProxyShapeCommands.cpp.o
[2022-06-29T17:55:46.395Z]     [527/656] Building CXX object plugin/al/lib/AL_USDMaya/CMakeFiles/AL_USDMaya.dir/AL/usdmaya/cmds/ProxyShapePostLoadProcess.cpp.o
[2022-06-29T17:55:47.498Z]     [528/656] Building CXX object plugin/al/lib/AL_USDMaya/CMakeFiles/AL_USDMaya.dir/AL/usdmaya/cmds/UnloadPrim.cpp.o
[2022-06-29T17:55:49.257Z]     [529/656] Building CXX object plugin/al/lib/AL_USDMaya/CMakeFiles/AL_USDMaya.dir/AL/usdmaya/fileio/AnimationTranslator.cpp.o
[2022-06-29T17:55:50.620Z]     [530/656] Building CXX object plugin/al/lib/AL_USDMaya/CMakeFiles/AL_USDMaya.dir/AL/usdmaya/fileio/ExportTranslator.cpp.o
[2022-06-29T17:55:52.261Z]     [531/656] Building CXX object plugin/al/lib/AL_USDMaya/CMakeFiles/AL_USDMaya.dir/AL/usdmaya/fileio/Export.cpp.o
[2022-06-29T17:55:53.043Z]     [532/656] Building CXX object plugin/al/lib/AL_USDMaya/CMakeFiles/AL_USDMaya.dir/AL/usdmaya/fileio/ImportTranslator.cpp.o
[2022-06-29T17:55:53.043Z]     [533/656] Building CXX object plugin/al/lib/AL_USDMaya/CMakeFiles/AL_USDMaya.dir/AL/usdmaya/fileio/Import.cpp.o
[2022-06-29T17:55:55.881Z]     [534/656] Building CXX object plugin/al/lib/AL_USDMaya/CMakeFiles/AL_USDMaya.dir/AL/usdmaya/fileio/NodeFactory.cpp.o
[2022-06-29T17:55:56.816Z]     [535/656] Building CXX object plugin/al/lib/AL_USDMaya/CMakeFiles/AL_USDMaya.dir/AL/usdmaya/fileio/SchemaPrims.cpp.o
[2022-06-29T17:55:57.467Z]     [536/656] Building CXX object plugin/al/lib/AL_USDMaya/CMakeFiles/AL_USDMaya.dir/AL/usdmaya/fileio/TransformIterator.cpp.o
[2022-06-29T17:55:57.467Z]     [537/656] Building CXX object plugin/al/lib/AL_USDMaya/CMakeFiles/AL_USDMaya.dir/AL/usdmaya/fileio/translators/DagNodeTranslator.cpp.o
[2022-06-29T17:56:00.092Z]     [538/656] Building CXX object plugin/al/lib/AL_USDMaya/CMakeFiles/AL_USDMaya.dir/AL/usdmaya/fileio/translators/DgNodeTranslator.cpp.o
[2022-06-29T17:56:02.451Z]     [539/656] Building CXX object plugin/al/lib/AL_USDMaya/CMakeFiles/AL_USDMaya.dir/AL/usdmaya/fileio/translators/TranslatorBase.cpp.o
[2022-06-29T17:56:02.451Z]     [540/656] Building CXX object plugin/al/lib/AL_USDMaya/CMakeFiles/AL_USDMaya.dir/AL/usdmaya/fileio/translators/TransformTranslator.cpp.o
[2022-06-29T17:56:03.308Z]     [541/656] Building CXX object plugin/al/lib/AL_USDMaya/CMakeFiles/AL_USDMaya.dir/AL/usdmaya/fileio/translators/TranslatorContext.cpp.o
[2022-06-29T17:56:04.103Z]     [542/656] Building CXX object plugin/al/lib/AL_USDMaya/CMakeFiles/AL_USDMaya.dir/AL/usdmaya/fileio/translators/TranslatorTestPlugin.cpp.o
[2022-06-29T17:56:06.620Z]     [543/656] Building CXX object plugin/al/lib/AL_USDMaya/CMakeFiles/AL_USDMaya.dir/AL/usdmaya/fileio/translators/ExtraDataPlugin.cpp.o
[2022-06-29T17:56:06.620Z]     [544/656] Building CXX object plugin/al/lib/AL_USDMaya/CMakeFiles/AL_USDMaya.dir/AL/usdmaya/fileio/translators/TranslatorTestType.cpp.o
[2022-06-29T17:56:06.620Z]     [545/656] Building CXX object plugin/al/lib/AL_USDMaya/CMakeFiles/AL_USDMaya.dir/AL/usdmaya/fileio/translators/TestExtraDataPlugin.cpp.o
[2022-06-29T17:56:06.620Z]     [546/656] Building CXX object plugin/al/lib/AL_USDMaya/CMakeFiles/AL_USDMaya.dir/AL/usdmaya/nodes/Layer.cpp.o
[2022-06-29T17:56:10.658Z]     [547/656] Building CXX object plugin/al/lib/AL_USDMaya/CMakeFiles/AL_USDMaya.dir/AL/usdmaya/nodes/Engine.cpp.o
[2022-06-29T17:56:10.658Z]     [548/656] Building CXX object plugin/al/lib/AL_USDMaya/CMakeFiles/AL_USDMaya.dir/AL/usdmaya/nodes/LayerManager.cpp.o
[2022-06-29T17:56:12.235Z]     [549/656] Building CXX object plugin/al/lib/AL_USDMaya/CMakeFiles/AL_USDMaya.dir/AL/usdmaya/nodes/MeshAnimDeformer.cpp.o
[2022-06-29T17:56:12.235Z]     [550/656] Building CXX object plugin/al/lib/AL_USDMaya/CMakeFiles/AL_USDMaya.dir/AL/usdmaya/nodes/MeshAnimCreator.cpp.o
[2022-06-29T17:56:15.418Z]     [551/656] Building CXX object plugin/al/lib/AL_USDMaya/CMakeFiles/AL_USDMaya.dir/AL/usdmaya/nodes/ProxyUsdGeomCamera.cpp.o
[2022-06-29T17:56:17.236Z]     [552/656] Building CXX object plugin/al/lib/AL_USDMaya/CMakeFiles/AL_USDMaya.dir/AL/usdmaya/nodes/ProxyShapeSelection.cpp.o
[2022-06-29T17:56:19.377Z]     [553/656] Building CXX object plugin/al/lib/AL_USDMaya/CMakeFiles/AL_USDMaya.dir/AL/usdmaya/nodes/RendererManager.cpp.o
[2022-06-29T17:56:26.868Z]     [554/656] Building CXX object plugin/al/lib/AL_USDMaya/CMakeFiles/AL_USDMaya.dir/AL/usdmaya/nodes/Transform.cpp.o
[2022-06-29T17:56:26.868Z]     [555/656] Building CXX object plugin/al/lib/AL_USDMaya/CMakeFiles/AL_USDMaya.dir/AL/usdmaya/nodes/Scope.cpp.o
[2022-06-29T17:56:26.868Z]     [556/656] Building CXX object plugin/al/lib/AL_USDMaya/CMakeFiles/AL_USDMaya.dir/AL/usdmaya/nodes/BasicTransformationMatrix.cpp.o
[2022-06-29T17:56:26.868Z]     [557/656] Building CXX object plugin/al/lib/AL_USDMaya/CMakeFiles/AL_USDMaya.dir/AL/usdmaya/nodes/ProxyShape.cpp.o
[2022-06-29T17:56:26.868Z]     [558/656] Building CXX object plugin/al/lib/AL_USDMaya/CMakeFiles/AL_USDMaya.dir/AL/usdmaya/nodes/proxy/PrimFilter.cpp.o
[2022-06-29T17:56:27.532Z]     [559/656] Building CXX object plugin/al/lib/AL_USDMaya/CMakeFiles/AL_USDMaya.dir/AL/usdmaya/nodes/TransformationMatrix.cpp.o
[2022-06-29T17:56:27.532Z]     [560/656] Building CXX object plugin/al/lib/AL_USDMaya/CMakeFiles/AL_USDMaya.dir/AL/usdmaya/nodes/proxy/ProxyShapeMetaData.cpp.o
[2022-06-29T17:56:27.532Z]     [561/656] Building CXX object plugin/al/lib/AL_USDMaya/CMakeFiles/AL_USDMaya.dir/AL/usdmaya/nodes/proxy/ProxyShapeVariantFallbacks.cpp.o
[2022-06-29T17:56:27.532Z]     [562/656] Linking CXX shared library plugin/al/lib/AL_USDMaya/libAL_USDMaya.dylib
[2022-06-29T17:56:27.532Z]     [563/656] Linking CXX shared library plugin/al/lib/AL_USDMaya/_AL_USDMaya.so
[2022-06-29T17:56:30.034Z]     [564/656] Building CXX object plugin/al/plugin/AL_USDMayaTestPlugin/CMakeFiles/AL_USDMayaTestPlugin.dir/AL/maya/test_EventHandler.cpp.o
[2022-06-29T17:56:32.364Z]     [565/656] Building CXX object plugin/al/plugin/AL_USDMayaTestPlugin/CMakeFiles/AL_USDMayaTestPlugin.dir/AL/maya/test_MatrixToSRT.cpp.o
[2022-06-29T17:56:32.364Z]     [566/656] Building CXX object plugin/al/plugin/AL_USDMayaPlugin/CMakeFiles/AL_USDMayaPlugin.dir/plugin.cpp.o
[2022-06-29T17:56:32.364Z]     [567/656] Linking CXX shared library plugin/al/plugin/AL_USDMayaPlugin/AL_USDMayaPlugin.bundle
[2022-06-29T17:56:33.707Z]     [568/656] Building CXX object plugin/al/plugin/AL_USDMayaTestPlugin/CMakeFiles/AL_USDMayaTestPlugin.dir/plugin.cpp.o
[2022-06-29T17:56:35.061Z]     [569/656] Building CXX object plugin/al/plugin/AL_USDMayaTestPlugin/CMakeFiles/AL_USDMayaTestPlugin.dir/AL/maya/test_MayaEventManager.cpp.o
[2022-06-29T17:56:38.142Z]     [570/656] Building CXX object plugin/al/plugin/AL_USDMayaTestPlugin/CMakeFiles/AL_USDMayaTestPlugin.dir/AL/usdmaya/commands/test_ExportCommands.cpp.o
[2022-06-29T17:56:38.142Z]     [571/656] Building CXX object plugin/al/plugin/AL_USDMayaTestPlugin/CMakeFiles/AL_USDMayaTestPlugin.dir/AL/usdmaya/commands/test_LayerCommands.cpp.o
[2022-06-29T17:56:39.490Z]     [572/656] Building CXX object plugin/al/plugin/AL_USDMayaTestPlugin/CMakeFiles/AL_USDMayaTestPlugin.dir/AL/usdmaya/commands/test_LayerManagerCommands.cpp.o
[2022-06-29T17:56:42.469Z]     [573/656] Building CXX object plugin/al/plugin/AL_USDMayaTestPlugin/CMakeFiles/AL_USDMayaTestPlugin.dir/AL/usdmaya/commands/test_ProxyShapeImport.cpp.o
[2022-06-29T17:56:43.153Z]     [574/656] Building CXX object plugin/al/plugin/AL_USDMayaTestPlugin/CMakeFiles/AL_USDMayaTestPlugin.dir/AL/usdmaya/commands/test_TranslateCommand.cpp.o
[2022-06-29T17:56:43.153Z]     [575/656] Building CXX object plugin/al/plugin/AL_USDMayaTestPlugin/CMakeFiles/AL_USDMayaTestPlugin.dir/AL/usdmaya/fileio/export_misc.cpp.o
[2022-06-29T17:56:43.796Z]     [576/656] Building CXX object plugin/al/plugin/AL_USDMayaTestPlugin/CMakeFiles/AL_USDMayaTestPlugin.dir/AL/usdmaya/fileio/export_blendshape.cpp.o
[2022-06-29T17:56:49.731Z]     [577/656] Building CXX object plugin/al/plugin/AL_USDMayaTestPlugin/CMakeFiles/AL_USDMayaTestPlugin.dir/AL/usdmaya/fileio/export_constraints.cpp.o
[2022-06-29T17:56:49.731Z]     [578/656] Building CXX object plugin/al/plugin/AL_USDMayaTestPlugin/CMakeFiles/AL_USDMayaTestPlugin.dir/AL/usdmaya/fileio/export_ik.cpp.o
[2022-06-29T17:56:49.731Z]     [579/656] Building CXX object plugin/al/plugin/AL_USDMayaTestPlugin/CMakeFiles/AL_USDMayaTestPlugin.dir/AL/usdmaya/fileio/export_import_instancing.cpp.o
[2022-06-29T17:56:49.731Z]     [580/656] Building CXX object plugin/al/plugin/AL_USDMayaTestPlugin/CMakeFiles/AL_USDMayaTestPlugin.dir/AL/usdmaya/fileio/export_lattice.cpp.o
[2022-06-29T17:56:51.630Z]     [581/656] Building CXX object plugin/al/plugin/AL_USDMayaTestPlugin/CMakeFiles/AL_USDMayaTestPlugin.dir/AL/usdmaya/fileio/export_multiple_shapes.cpp.o
[2022-06-29T17:56:53.614Z]     [582/656] Building CXX object plugin/al/plugin/AL_USDMayaTestPlugin/CMakeFiles/AL_USDMayaTestPlugin.dir/AL/usdmaya/fileio/export_nonlinear.cpp.o
[2022-06-29T17:56:53.614Z]     [583/656] Building CXX object plugin/al/plugin/AL_USDMayaTestPlugin/CMakeFiles/AL_USDMayaTestPlugin.dir/AL/usdmaya/fileio/export_unmerged.cpp.o
[2022-06-29T17:56:53.614Z]     [584/656] Building CXX object plugin/al/plugin/AL_USDMayaTestPlugin/CMakeFiles/AL_USDMayaTestPlugin.dir/AL/usdmaya/fileio/import_instances.cpp.o
[2022-06-29T17:56:56.563Z]     [585/656] Building CXX object plugin/al/plugin/AL_USDMayaTestPlugin/CMakeFiles/AL_USDMayaTestPlugin.dir/AL/usdmaya/fileio/import_playback_range.cpp.o
[2022-06-29T17:56:58.103Z]     [586/656] Building CXX object plugin/al/plugin/AL_USDMayaTestPlugin/CMakeFiles/AL_USDMayaTestPlugin.dir/AL/usdmaya/fileio/test_activeInActiveTranslators.cpp.o
[2022-06-29T17:57:00.204Z]     [587/656] Building CXX object plugin/al/plugin/AL_USDMayaTestPlugin/CMakeFiles/AL_USDMayaTestPlugin.dir/AL/usdmaya/nodes/proxy/test_PrimFilter.cpp.o
[2022-06-29T17:57:01.660Z]     [588/656] Building CXX object plugin/al/plugin/AL_USDMayaTestPlugin/CMakeFiles/AL_USDMayaTestPlugin.dir/AL/usdmaya/nodes/test_ActiveInactive.cpp.o
[2022-06-29T17:57:02.300Z]     [589/656] Building CXX object plugin/al/plugin/AL_USDMayaTestPlugin/CMakeFiles/AL_USDMayaTestPlugin.dir/AL/usdmaya/nodes/test_ExtraDataPlugin.cpp.o
[2022-06-29T17:57:04.819Z]     [590/656] Building CXX object plugin/al/plugin/AL_USDMayaTestPlugin/CMakeFiles/AL_USDMayaTestPlugin.dir/AL/usdmaya/nodes/test_LayerManager.cpp.o
[2022-06-29T17:57:06.924Z]     [591/656] Building CXX object plugin/al/plugin/AL_USDMayaTestPlugin/CMakeFiles/AL_USDMayaTestPlugin.dir/AL/usdmaya/nodes/test_lockPrims.cpp.o
[2022-06-29T17:57:07.598Z]     [592/656] Building CXX object plugin/al/plugin/AL_USDMayaTestPlugin/CMakeFiles/AL_USDMayaTestPlugin.dir/AL/usdmaya/nodes/test_ProxyShapeSelectabilityDB.cpp.o
[2022-06-29T17:57:11.243Z]     [593/656] Building CXX object plugin/al/plugin/AL_USDMayaTestPlugin/CMakeFiles/AL_USDMayaTestPlugin.dir/AL/usdmaya/nodes/test_ProxyUsdGeomCamera.cpp.o
[2022-06-29T17:57:11.884Z]     [594/656] Building CXX object plugin/al/plugin/AL_USDMayaTestPlugin/CMakeFiles/AL_USDMayaTestPlugin.dir/AL/usdmaya/nodes/test_ProxyShape.cpp.o
[2022-06-29T17:57:12.611Z]     [595/656] Building CXX object plugin/al/plugin/AL_USDMayaTestPlugin/CMakeFiles/AL_USDMayaTestPlugin.dir/AL/usdmaya/nodes/test_Transform.cpp.o
[2022-06-29T17:57:15.693Z]     [596/656] Building CXX object plugin/al/plugin/AL_USDMayaTestPlugin/CMakeFiles/AL_USDMayaTestPlugin.dir/AL/usdmaya/nodes/test_ScopeMatrix.cpp.o
[2022-06-29T17:57:17.831Z]     [597/656] Building CXX object plugin/al/plugin/AL_USDMayaTestPlugin/CMakeFiles/AL_USDMayaTestPlugin.dir/AL/usdmaya/nodes/test_VariantFallbacks.cpp.o
[2022-06-29T17:57:18.480Z]     [598/656] Building CXX object plugin/al/plugin/AL_USDMayaTestPlugin/CMakeFiles/AL_USDMayaTestPlugin.dir/AL/usdmaya/nodes/test_TranslatorContext.cpp.o
[2022-06-29T17:57:18.480Z]     [599/656] Building CXX object plugin/al/plugin/AL_USDMayaTestPlugin/CMakeFiles/AL_USDMayaTestPlugin.dir/AL/usdmaya/nodes/test_TransformMatrix.cpp.o
[2022-06-29T17:57:21.584Z]     [600/656] Building CXX object plugin/al/plugin/AL_USDMayaTestPlugin/CMakeFiles/AL_USDMayaTestPlugin.dir/AL/usdmaya/test_DiffGeom.cpp.o
[2022-06-29T17:57:25.158Z]     [601/656] Building CXX object plugin/al/plugin/AL_USDMayaTestPlugin/CMakeFiles/AL_USDMayaTestPlugin.dir/test_translators_AnimationTranslator.cpp.o
[2022-06-29T17:57:25.158Z]     [602/656] Building CXX object plugin/al/plugin/AL_USDMayaTestPlugin/CMakeFiles/AL_USDMayaTestPlugin.dir/test_translators_CameraTranslator.cpp.o
[2022-06-29T17:57:25.158Z]     [603/656] Building CXX object plugin/al/plugin/AL_USDMayaTestPlugin/CMakeFiles/AL_USDMayaTestPlugin.dir/AL/usdmaya/test_DiffPrimVar.cpp.o
[2022-06-29T17:57:30.347Z]     [604/656] Building CXX object plugin/al/plugin/AL_USDMayaTestPlugin/CMakeFiles/AL_USDMayaTestPlugin.dir/test_translators_NurbsCurveTranslator.cpp.o
[2022-06-29T17:57:30.347Z]     [605/656] Building CXX object plugin/al/plugin/AL_USDMayaTestPlugin/CMakeFiles/AL_USDMayaTestPlugin.dir/test_translators_PythonBindings.cpp.o
[2022-06-29T17:57:31.703Z]     [606/656] Building CXX object plugin/al/plugin/AL_USDMayaTestPlugin/CMakeFiles/AL_USDMayaTestPlugin.dir/test_translators_DgTranslator.cpp.o
[2022-06-29T17:57:32.486Z]     [607/656] Building CXX object plugin/al/plugin/AL_USDMayaTestPlugin/CMakeFiles/AL_USDMayaTestPlugin.dir/test_translators_MeshTranslator.cpp.o
[2022-06-29T17:57:34.947Z]     [608/656] Building CXX object plugin/al/plugin/AL_USDMayaTestPlugin/CMakeFiles/AL_USDMayaTestPlugin.dir/test_translators_Translator.cpp.o
[2022-06-29T17:57:34.947Z]     [609/656] Building CXX object plugin/al/schemas/AL/usd/schemas/maya/CMakeFiles/_AL_USDMayaSchemas.dir/module.cpp.o
[2022-06-29T17:57:36.666Z]     [610/656] Building CXX object plugin/al/plugin/AL_USDMayaTestPlugin/CMakeFiles/AL_USDMayaTestPlugin.dir/test_usdmaya.cpp.o
[2022-06-29T17:57:38.030Z]     [611/656] Building CXX object plugin/al/plugin/AL_USDMayaTestPlugin/CMakeFiles/AL_USDMayaTestPlugin.dir/test_translators_TransformTranslator.cpp.o
[2022-06-29T17:57:40.414Z]     [612/656] Building CXX object plugin/al/schemas/AL/usd/schemas/maya/CMakeFiles/_AL_USDMayaSchemas.dir/wrapTokens.cpp.o
[2022-06-29T17:57:40.414Z]     [613/656] Building CXX object plugin/al/plugin/AL_USDMayaTestPlugin/CMakeFiles/AL_USDMayaTestPlugin.dir/test_usdmaya_AttributeType.cpp.o
[2022-06-29T17:57:40.414Z]     [614/656] Building CXX object plugin/al/schemas/AL/usd/schemas/maya/CMakeFiles/_AL_USDMayaSchemas.dir/wrapModelAPI.cpp.o
[2022-06-29T17:57:40.414Z]     [615/656] Building CXX object plugin/al/schemas/AL/usd/schemas/maya/CMakeFiles/AL_USDMayaSchemas.dir/tokens.cpp.o
[2022-06-29T17:57:43.471Z]     [616/656] Building CXX object plugin/al/schemas/AL/usd/schemas/maya/CMakeFiles/AL_USDMayaSchemas.dir/ModuleDeps.cpp.o
[2022-06-29T17:57:43.471Z]     [617/656] Building CXX object plugin/al/schemas/AL/usd/schemas/maya/CMakeFiles/_AL_USDMayaSchemas.dir/wrapFrameRange.cpp.o
[2022-06-29T17:57:44.126Z]     [618/656] Building CXX object plugin/al/schemas/AL/usd/schemas/maya/CMakeFiles/AL_USDMayaSchemas.dir/FrameRange.cpp.o
[2022-06-29T17:57:44.126Z]     [619/656] Building CXX object plugin/al/schemas/AL/usd/schemas/maya/CMakeFiles/AL_USDMayaSchemas.dir/ModelAPI.cpp.o
[2022-06-29T17:57:44.126Z]     [620/656] Building CXX object plugin/al/schemas/AL/usd/schemas/maya/tests/CMakeFiles/testMayaSchemas.dir/main.cpp.o
[2022-06-29T17:57:44.126Z]     [621/656] Linking CXX shared library plugin/al/schemas/AL/usd/schemas/maya/libAL_USDMayaSchemas.dylib
[2022-06-29T17:57:44.126Z]     [622/656] Linking CXX shared library plugin/al/schemas/AL/usd/schemas/maya/_AL_USDMayaSchemas.so
[2022-06-29T17:57:46.235Z]     [623/656] Building CXX object plugin/al/schemas/AL/usd/schemas/mayatest/CMakeFiles/AL_USDMayaSchemasTest.dir/ModuleDeps.cpp.o
[2022-06-29T17:57:46.235Z]     [624/656] Building CXX object plugin/al/schemas/AL/usd/schemas/mayatest/CMakeFiles/AL_USDMayaSchemasTest.dir/tokens.cpp.o
[2022-06-29T17:57:46.235Z]     [625/656] Building CXX object plugin/al/schemas/AL/usd/schemas/mayatest/CMakeFiles/_AL_USDMayaSchemasTest.dir/module.cpp.o
[2022-06-29T17:57:48.333Z]     [626/656] Building CXX object plugin/al/schemas/AL/usd/schemas/maya/tests/CMakeFiles/testMayaSchemas.dir/testMayaSchemas.cpp.o
[2022-06-29T17:57:48.333Z]     [627/656] Building CXX object plugin/al/schemas/AL/usd/schemas/mayatest/CMakeFiles/AL_USDMayaSchemasTest.dir/ExamplePolyCubeNode.cpp.o
[2022-06-29T17:57:48.333Z]     [628/656] Building CXX object plugin/al/schemas/AL/usd/schemas/maya/tests/CMakeFiles/testMayaSchemas.dir/testModelAPI.cpp.o
[2022-06-29T17:57:48.333Z]     [629/656] Linking CXX shared library plugin/al/schemas/AL/usd/schemas/mayatest/libAL_USDMayaSchemasTest.dylib
[2022-06-29T17:57:48.333Z]     [630/656] Linking CXX executable plugin/al/schemas/AL/usd/schemas/maya/tests/testMayaSchemas
[2022-06-29T17:57:48.333Z]     [631/656] Linking CXX shared library plugin/al/plugin/AL_USDMayaTestPlugin/AL_USDMayaTestPlugin.bundle
[2022-06-29T17:57:48.333Z]     [632/656] Building CXX object plugin/al/schemas/AL/usd/schemas/mayatest/CMakeFiles/_AL_USDMayaSchemasTest.dir/wrapTokens.cpp.o
[2022-06-29T17:57:49.741Z]     [633/656] Building CXX object plugin/al/translators/CMakeFiles/AL_USDMayaTranslators.dir/CommonTranslatorOptions.cpp.o
[2022-06-29T17:57:53.089Z]     [634/656] Building CXX object plugin/al/translators/CMakeFiles/AL_USDMayaTranslators.dir/MayaReference.cpp.o
[2022-06-29T17:57:53.748Z]     [635/656] Building CXX object plugin/al/schemas/AL/usd/schemas/mayatest/CMakeFiles/_AL_USDMayaSchemasTest.dir/wrapExamplePolyCubeNode.cpp.o
[2022-06-29T17:57:53.748Z]     [636/656] Linking CXX shared library plugin/al/schemas/AL/usd/schemas/mayatest/_AL_USDMayaSchemasTest.so
[2022-06-29T17:57:53.748Z]     [637/656] Building CXX object plugin/al/translators/CMakeFiles/AL_USDMayaTranslators.dir/Camera.cpp.o
[2022-06-29T17:57:55.081Z]     [638/656] Building CXX object plugin/al/translators/CMakeFiles/AL_USDMayaTranslators.dir/Mesh.cpp.o
[2022-06-29T17:57:58.001Z]     [639/656] Building CXX object plugin/al/translators/CMakeFiles/AL_USDMayaTranslators.dir/FrameRange.cpp.o
[2022-06-29T17:57:58.655Z]     [640/656] Building CXX object plugin/al/translators/CMakeFiles/AL_USDMayaTranslators.dir/NurbsCurve.cpp.o
[2022-06-29T17:57:58.655Z]     [641/656] Building CXX object plugin/al/translators/pxrUsdTranslators/CMakeFiles/AL_USDMayaPxrTranslators.dir/plugin.cpp.o
[2022-06-29T17:57:58.655Z]     [642/656] Building CXX object plugin/al/translators/CMakeFiles/AL_USDMayaTranslators.dir/DirectionalLight.cpp.o
[2022-06-29T17:57:58.655Z]     [643/656] Linking CXX shared library plugin/al/translators/libAL_USDMayaTranslators.dylib
[2022-06-29T17:58:00.259Z]     [644/656] Building CXX object plugin/al/translators/pxrUsdTranslators/CMakeFiles/AL_USDMayaPxrTranslators.dir/ProxyShapeTranslator.cpp.o
[2022-06-29T17:58:00.913Z]     [645/656] Linking CXX shared library plugin/al/translators/pxrUsdTranslators/AL_USDMayaPxrTranslators.bundle
[2022-06-29T17:58:00.913Z]     [646/656] Building CXX object plugin/adsk/plugin/CMakeFiles/mayaUsdPlugin.dir/adskListJobContextsCommand.cpp.o
[2022-06-29T17:58:01.569Z]     [647/656] Building CXX object plugin/adsk/plugin/CMakeFiles/mayaUsdPlugin.dir/adskListShadingModesCommand.cpp.o
[2022-06-29T17:58:03.061Z]     [648/656] Building CXX object plugin/adsk/plugin/CMakeFiles/mayaUsdPlugin.dir/adskImportCommand.cpp.o
[2022-06-29T17:58:03.061Z]     [649/656] Building CXX object plugin/adsk/plugin/CMakeFiles/mayaUsdPlugin.dir/adskExportCommand.cpp.o
[2022-06-29T17:58:05.173Z]     [650/656] Building CXX object plugin/adsk/plugin/CMakeFiles/mayaUsdPlugin.dir/plugin.cpp.o
[2022-06-29T17:58:05.173Z]     [651/656] Building CXX object plugin/adsk/plugin/CMakeFiles/mayaUsdPlugin.dir/adskStageLoadUnloadCommands.cpp.o
[2022-06-29T17:58:07.284Z]     [652/656] Building CXX object plugin/adsk/plugin/CMakeFiles/mayaUsdPlugin.dir/geomNode.cpp.o
[2022-06-29T17:58:07.284Z]     [653/656] Building CXX object plugin/adsk/plugin/CMakeFiles/mayaUsdPlugin.dir/importTranslator.cpp.o
[2022-06-29T17:58:08.667Z]     [654/656] Building CXX object plugin/adsk/plugin/CMakeFiles/mayaUsdPlugin.dir/ProxyShape.cpp.o
[2022-06-29T17:58:09.625Z]     [655/656] Building CXX object plugin/adsk/plugin/CMakeFiles/mayaUsdPlugin.dir/exportTranslator.cpp.o
[2022-06-29T17:58:09.625Z]     [656/656] Linking CXX shared module plugin/adsk/plugin/mayaUsdPlugin.bundle
[2022-06-29T17:58:09.625Z]     
[2022-06-29T17:58:09.625Z]         Building with settings:
[2022-06-29T17:58:09.625Z]           Source directory          /local/S/jenkins/workspace/ECP/ecg-maya-usd/ecg-mayausd-branch-preflight-2020-osx/ecg-maya-usd/maya-usd
[2022-06-29T17:58:09.625Z]           Workspace directory       /local/S/jenkins/workspace/ECP/ecg-maya-usd/ecg-mayausd-branch-preflight-2020-osx
[2022-06-29T17:58:09.625Z]           Build directory           /local/S/jenkins/workspace/ECP/ecg-maya-usd/ecg-mayausd-branch-preflight-2020-osx/build/RelWithDebInfo
[2022-06-29T17:58:09.625Z]           Install directory         /local/S/jenkins/workspace/ECP/ecg-maya-usd/ecg-mayausd-branch-preflight-2020-osx/install/RelWithDebInfo/MayaUSD
[2022-06-29T17:58:09.625Z]           Variant                   RelWithDebInfo
[2022-06-29T17:58:09.625Z]           Python Debug              Off
[2022-06-29T17:58:09.625Z]           CMake generator           Ninja
[2022-06-29T17:58:09.625Z]           Build arguments           ['-DCMAKE_MAKE_PROGRAM=/local/S/jenkins/workspace/shared/Artifactory/OSX/ninja/1.9.0/41005eb/ninja', '-DPYTHON_INCLUDE_DIR=/local/S/jenkins/workspace/shared/Artifactory/OSX/rundev-2020/202107140359/runtime/446214e/runTime/Maya.app/Contents/Frameworks/Python.framework/Versions/Current/include/python2.7', '-DPython_EXECUTABLE=/local/S/jenkins/workspace/shared/Artifactory/OSX/rundev-2020/202107140359/runtime/446214e/runTime/Maya.app/Contents/bin/mayapy', '-DPYTHON_LIBRARIES=/local/S/jenkins/workspace/shared/Artifactory/OSX/rundev-2020/202107140359/runtime/446214e/runTime/Maya.app/Contents/Frameworks/Python.framework/Versions/Current/lib/libpython2.7.dylib', '-DUSD_LIB_PREFIX=lib', '-DCMAKE_WANT_MATERIALX_BUILD=ON', '-DCMAKE_PREFIX_PATH=/local/S/jenkins/workspace/shared/Artifactory/OSX/USD/73ca68d']
[2022-06-29T17:58:09.625Z]           Stages arguments          ['build']
[2022-06-29T17:58:09.625Z]           CTest arguments           ['-E testUsdReferenceAssemblySelection|testUsdMayaAppDir', '-LE interactive', '--parallel 4']
[2022-06-29T17:58:09.625Z]     Success MayaUSD build and install !!!!
[2022-06-29T17:58:09.625Z]     Elapsed time: 00:10:48
[Pipeline] }
[Pipeline] // withEnv
[Pipeline] }
[Pipeline] // timeout
[Pipeline] }
[Pipeline] // stage
[Pipeline] }
[Pipeline] // timestamps
[Pipeline] timestamps
[Pipeline] {
[Pipeline] stage
[Pipeline] { (Install)
[Pipeline] timeout
[2022-06-29T17:58:10.440Z] Timeout set to expire in 6 hr 0 min
[Pipeline] {
[Pipeline] withEnv
[Pipeline] {
[Pipeline] sh
[2022-06-29T17:58:12.381Z] + python ecg-maya-usd/build.py --stages=install --workspace-dir=/local/S/jenkins/workspace/ECP/ecg-maya-usd/ecg-mayausd-branch-preflight-2020-osx --artifactory-dir=/local/S/jenkins/workspace/shared/Artifactory --build-dir=/local/S/jenkins/workspace/ECP/ecg-maya-usd/ecg-mayausd-branch-preflight-2020-osx/build --install-dir=/local/S/jenkins/workspace/ECP/ecg-maya-usd/ecg-mayausd-branch-preflight-2020-osx/install --signing-dir=/local/S/jenkins/workspace/ECP/ecg-maya-usd/ecg-mayausd-branch-preflight-2020-osx/signing --package-dir=/local/S/jenkins/workspace/ECP/ecg-maya-usd/ecg-mayausd-branch-preflight-2020-osx/package --output-dir=/local/S/jenkins/workspace/ECP/ecg-maya-usd/ecg-mayausd-branch-preflight-2020-osx/output --stash-dir=/local/S/jenkins/workspace/ECP/ecg-maya-usd/ecg-mayausd-branch-preflight-2020-osx/stash --jenkins-build=68 --git-commit=2430d90ee8f6676234d6bb6724dd2aec98efc242 --git-branch=master --variants=RelWithDebInfo --python=2.7 --post-zips=false --maya-cut-config=maya-rundev-2020.yaml --maya-package=rundev-2020 --stage-banner
[2022-06-29T17:58:13.024Z] Using Maya cut from /local/S/jenkins/workspace/shared/Artifactory/OSX/rundev-2020/202107140359/runtime/446214e
[2022-06-29T17:58:13.024Z] Using Maya ADSK Signatures from /local/S/jenkins/workspace/shared/Artifactory/OSX/adsk-plugin-signatures-maya/2023/c1dbfce
[2022-06-29T17:58:13.024Z] Using Maya Security Library from /local/S/jenkins/workspace/shared/Artifactory/OSX/maya-security-library/3.1.0/5f2130f
[2022-06-29T17:58:13.024Z] 
[2022-06-29T17:58:13.024Z] ================================================================================
[2022-06-29T17:58:13.024Z]                             install (RelWithDebInfo)
[2022-06-29T17:58:13.024Z] ================================================================================
[2022-06-29T17:58:13.024Z] Maya Python RelWithDebInfo Info:
[2022-06-29T17:58:13.024Z]   mayapy executable   = /local/S/jenkins/workspace/shared/Artifactory/OSX/rundev-2020/202107140359/runtime/446214e/runTime/Maya.app/Contents/bin/mayapy
[2022-06-29T17:58:13.024Z]   Include Folder      = /local/S/jenkins/workspace/shared/Artifactory/OSX/rundev-2020/202107140359/runtime/446214e/runTime/Maya.app/Contents/Frameworks/Python.framework/Versions/Current/include/python2.7
[2022-06-29T17:58:13.024Z]   Library             = /local/S/jenkins/workspace/shared/Artifactory/OSX/rundev-2020/202107140359/runtime/446214e/runTime/Maya.app/Contents/Frameworks/Python.framework/Versions/Current/lib/libpython2.7.dylib
[2022-06-29T17:58:13.024Z]   site-package Folder = /local/S/jenkins/workspace/shared/Artifactory/OSX/rundev-2020/202107140359/runtime/446214e/runTime/Maya.app/Contents/Frameworks/Python.framework/Versions/Current/lib/python2.7/site-packages
[2022-06-29T17:58:13.687Z] In workdir: /local/S/jenkins/workspace/ECP/ecg-maya-usd/ecg-mayausd-branch-preflight-2020-osx/ecg-maya-usd/maya-usd
[2022-06-29T17:58:13.687Z] Executing: /local/S/jenkins/workspace/shared/Artifactory/OSX/rundev-2020/202107140359/runtime/446214e/runTime/Maya.app/Contents/bin/mayapy /local/S/jenkins/workspace/ECP/ecg-maya-usd/ecg-mayausd-branch-preflight-2020-osx/ecg-maya-usd/maya-usd/build.py --generator Ninja --build-relwithdebug --maya-location /local/S/jenkins/workspace/shared/Artifactory/OSX/rundev-2020/202107140359/runtime/446214e/runTime --devkit-location /local/S/jenkins/workspace/shared/Artifactory/OSX/rundev-2020/202107140359/runtime/446214e/devkitBase --pxrusd-location /local/S/jenkins/workspace/shared/Artifactory/OSX/USD/73ca68d --qt-location /local/S/jenkins/workspace/shared/Artifactory/OSX/qt/5.12.5/3ca78fe --build-args=-DCMAKE_MAKE_PROGRAM=/local/S/jenkins/workspace/shared/Artifactory/OSX/ninja/1.9.0/41005eb/ninja,-DPYTHON_INCLUDE_DIR=/local/S/jenkins/workspace/shared/Artifactory/OSX/rundev-2020/202107140359/runtime/446214e/runTime/Maya.app/Contents/Frameworks/Python.framework/Versions/Current/include/python2.7,-DPython_EXECUTABLE=/local/S/jenkins/workspace/shared/Artifactory/OSX/rundev-2020/202107140359/runtime/446214e/runTime/Maya.app/Contents/bin/mayapy,-DPYTHON_LIBRARIES=/local/S/jenkins/workspace/shared/Artifactory/OSX/rundev-2020/202107140359/runtime/446214e/runTime/Maya.app/Contents/Frameworks/Python.framework/Versions/Current/lib/libpython2.7.dylib,-DUSD_LIB_PREFIX=lib,-DCMAKE_WANT_MATERIALX_BUILD=ON,-DCMAKE_PREFIX_PATH=/local/S/jenkins/workspace/shared/Artifactory/OSX/USD/73ca68d '--ctest-args=-E testUsdReferenceAssemblySelection|testUsdMayaAppDir,-LE interactive,--parallel 4' --stages=install --redirect-outstream-file=False --install-location /local/S/jenkins/workspace/ECP/ecg-maya-usd/ecg-mayausd-branch-preflight-2020-osx/install/RelWithDebInfo/MayaUSD /local/S/jenkins/workspace/ECP/ecg-maya-usd/ecg-mayausd-branch-preflight-2020-osx
[2022-06-29T17:58:13.687Z] Modified environment variables:
[2022-06-29T17:58:13.687Z]     PATH=/local/S/jenkins/workspace/shared/Artifactory/OSX/cmake/3.20.3/2594509/bin:/usr/local/bin:/bin:/usr/sbin:/sbin:/usr/bin
[2022-06-29T17:58:13.687Z]     [1/8] Automatic MOC and UIC for target mayaUsdUI
[2022-06-29T17:58:13.687Z]     [2/5] Automatic MOC and UIC for target testMayaUsdUI
[2022-06-29T17:58:13.687Z]     [2/3] Install the project...
[2022-06-29T17:58:13.687Z]     -- Install configuration: "RelWithDebInfo"
[2022-06-29T17:58:16.826Z]     
[2022-06-29T17:58:16.826Z]         Building with settings:
[2022-06-29T17:58:16.826Z]           Source directory          /local/S/jenkins/workspace/ECP/ecg-maya-usd/ecg-mayausd-branch-preflight-2020-osx/ecg-maya-usd/maya-usd
[2022-06-29T17:58:16.826Z]           Workspace directory       /local/S/jenkins/workspace/ECP/ecg-maya-usd/ecg-mayausd-branch-preflight-2020-osx
[2022-06-29T17:58:16.826Z]           Build directory           /local/S/jenkins/workspace/ECP/ecg-maya-usd/ecg-mayausd-branch-preflight-2020-osx/build/RelWithDebInfo
[2022-06-29T17:58:16.826Z]           Install directory         /local/S/jenkins/workspace/ECP/ecg-maya-usd/ecg-mayausd-branch-preflight-2020-osx/install/RelWithDebInfo/MayaUSD
[2022-06-29T17:58:16.826Z]           Variant                   RelWithDebInfo
[2022-06-29T17:58:16.826Z]           Python Debug              Off
[2022-06-29T17:58:16.826Z]           CMake generator           Ninja
[2022-06-29T17:58:16.826Z]           Build arguments           ['-DCMAKE_MAKE_PROGRAM=/local/S/jenkins/workspace/shared/Artifactory/OSX/ninja/1.9.0/41005eb/ninja', '-DPYTHON_INCLUDE_DIR=/local/S/jenkins/workspace/shared/Artifactory/OSX/rundev-2020/202107140359/runtime/446214e/runTime/Maya.app/Contents/Frameworks/Python.framework/Versions/Current/include/python2.7', '-DPython_EXECUTABLE=/local/S/jenkins/workspace/shared/Artifactory/OSX/rundev-2020/202107140359/runtime/446214e/runTime/Maya.app/Contents/bin/mayapy', '-DPYTHON_LIBRARIES=/local/S/jenkins/workspace/shared/Artifactory/OSX/rundev-2020/202107140359/runtime/446214e/runTime/Maya.app/Contents/Frameworks/Python.framework/Versions/Current/lib/libpython2.7.dylib', '-DUSD_LIB_PREFIX=lib', '-DCMAKE_WANT_MATERIALX_BUILD=ON', '-DCMAKE_PREFIX_PATH=/local/S/jenkins/workspace/shared/Artifactory/OSX/USD/73ca68d']
[2022-06-29T17:58:16.826Z]           Stages arguments          ['install']
[2022-06-29T17:58:16.826Z]           CTest arguments           ['-E testUsdReferenceAssemblySelection|testUsdMayaAppDir', '-LE interactive', '--parallel 4']
[2022-06-29T17:58:16.826Z]     Success MayaUSD build and install !!!!
[2022-06-29T17:58:16.826Z]     Elapsed time: 00:00:02
[Pipeline] }
[Pipeline] // withEnv
[Pipeline] }
[Pipeline] // timeout
[Pipeline] }
[Pipeline] // stage
[Pipeline] }
[Pipeline] // timestamps
[Pipeline] timestamps
[Pipeline] {
[Pipeline] stage
[Pipeline] { (Test)
[Pipeline] timeout
[2022-06-29T17:58:17.931Z] Timeout set to expire in 6 hr 0 min
[Pipeline] {
[Pipeline] withEnv
[Pipeline] {
[Pipeline] sh
[2022-06-29T17:58:20.791Z] + python ecg-maya-usd/build.py --stages=test --workspace-dir=/local/S/jenkins/workspace/ECP/ecg-maya-usd/ecg-mayausd-branch-preflight-2020-osx --artifactory-dir=/local/S/jenkins/workspace/shared/Artifactory --build-dir=/local/S/jenkins/workspace/ECP/ecg-maya-usd/ecg-mayausd-branch-preflight-2020-osx/build --install-dir=/local/S/jenkins/workspace/ECP/ecg-maya-usd/ecg-mayausd-branch-preflight-2020-osx/install --signing-dir=/local/S/jenkins/workspace/ECP/ecg-maya-usd/ecg-mayausd-branch-preflight-2020-osx/signing --package-dir=/local/S/jenkins/workspace/ECP/ecg-maya-usd/ecg-mayausd-branch-preflight-2020-osx/package --output-dir=/local/S/jenkins/workspace/ECP/ecg-maya-usd/ecg-mayausd-branch-preflight-2020-osx/output --stash-dir=/local/S/jenkins/workspace/ECP/ecg-maya-usd/ecg-mayausd-branch-preflight-2020-osx/stash --jenkins-build=68 --git-commit=2430d90ee8f6676234d6bb6724dd2aec98efc242 --git-branch=master --variants=RelWithDebInfo --python=2.7 --post-zips=false --test-jobs=0 --failed-test-retry=3 --maya-cut-config=maya-rundev-2020.yaml --maya-package=rundev-2020 --stage-banner --progressive-timeout
[2022-06-29T17:58:20.791Z] Using Maya cut from /local/S/jenkins/workspace/shared/Artifactory/OSX/rundev-2020/202107140359/runtime/446214e
[2022-06-29T17:58:20.791Z] Using Maya ADSK Signatures from /local/S/jenkins/workspace/shared/Artifactory/OSX/adsk-plugin-signatures-maya/2023/c1dbfce
[2022-06-29T17:58:20.791Z] Using Maya Security Library from /local/S/jenkins/workspace/shared/Artifactory/OSX/maya-security-library/3.1.0/5f2130f
[2022-06-29T17:58:20.791Z] 
[2022-06-29T17:58:20.791Z] ================================================================================
[2022-06-29T17:58:20.791Z]                              test (RelWithDebInfo)
[2022-06-29T17:58:20.791Z] ================================================================================
[2022-06-29T17:58:20.791Z] Maya Python RelWithDebInfo Info:
[2022-06-29T17:58:20.791Z]   mayapy executable   = /local/S/jenkins/workspace/shared/Artifactory/OSX/rundev-2020/202107140359/runtime/446214e/runTime/Maya.app/Contents/bin/mayapy
[2022-06-29T17:58:20.791Z]   Include Folder      = /local/S/jenkins/workspace/shared/Artifactory/OSX/rundev-2020/202107140359/runtime/446214e/runTime/Maya.app/Contents/Frameworks/Python.framework/Versions/Current/include/python2.7
[2022-06-29T17:58:20.791Z]   Library             = /local/S/jenkins/workspace/shared/Artifactory/OSX/rundev-2020/202107140359/runtime/446214e/runTime/Maya.app/Contents/Frameworks/Python.framework/Versions/Current/lib/libpython2.7.dylib
[2022-06-29T17:58:20.791Z]   site-package Folder = /local/S/jenkins/workspace/shared/Artifactory/OSX/rundev-2020/202107140359/runtime/446214e/runTime/Maya.app/Contents/Frameworks/Python.framework/Versions/Current/lib/python2.7/site-packages
[2022-06-29T17:58:21.472Z] In workdir: /local/S/jenkins/workspace/ECP/ecg-maya-usd/ecg-mayausd-branch-preflight-2020-osx/ecg-maya-usd/maya-usd
[2022-06-29T17:58:21.472Z] Executing: /local/S/jenkins/workspace/shared/Artifactory/OSX/rundev-2020/202107140359/runtime/446214e/runTime/Maya.app/Contents/bin/mayapy /local/S/jenkins/workspace/ECP/ecg-maya-usd/ecg-mayausd-branch-preflight-2020-osx/ecg-maya-usd/maya-usd/build.py --generator Ninja --build-relwithdebug --maya-location /local/S/jenkins/workspace/shared/Artifactory/OSX/rundev-2020/202107140359/runtime/446214e/runTime --devkit-location /local/S/jenkins/workspace/shared/Artifactory/OSX/rundev-2020/202107140359/runtime/446214e/devkitBase --pxrusd-location /local/S/jenkins/workspace/shared/Artifactory/OSX/USD/73ca68d --qt-location /local/S/jenkins/workspace/shared/Artifactory/OSX/qt/5.12.5/3ca78fe --build-args=-DCMAKE_MAKE_PROGRAM=/local/S/jenkins/workspace/shared/Artifactory/OSX/ninja/1.9.0/41005eb/ninja,-DPYTHON_INCLUDE_DIR=/local/S/jenkins/workspace/shared/Artifactory/OSX/rundev-2020/202107140359/runtime/446214e/runTime/Maya.app/Contents/Frameworks/Python.framework/Versions/Current/include/python2.7,-DPython_EXECUTABLE=/local/S/jenkins/workspace/shared/Artifactory/OSX/rundev-2020/202107140359/runtime/446214e/runTime/Maya.app/Contents/bin/mayapy,-DPYTHON_LIBRARIES=/local/S/jenkins/workspace/shared/Artifactory/OSX/rundev-2020/202107140359/runtime/446214e/runTime/Maya.app/Contents/Frameworks/Python.framework/Versions/Current/lib/libpython2.7.dylib,-DUSD_LIB_PREFIX=lib,-DCMAKE_WANT_MATERIALX_BUILD=ON,-DCMAKE_PREFIX_PATH=/local/S/jenkins/workspace/shared/Artifactory/OSX/USD/73ca68d '--ctest-args=-E testUsdReferenceAssemblySelection|testUsdMayaAppDir,-LE interactive,--parallel 4' --stages=test --redirect-outstream-file=False --install-location /local/S/jenkins/workspace/ECP/ecg-maya-usd/ecg-mayausd-branch-preflight-2020-osx/install/RelWithDebInfo/MayaUSD /local/S/jenkins/workspace/ECP/ecg-maya-usd/ecg-mayausd-branch-preflight-2020-osx
[2022-06-29T17:58:21.472Z] Modified environment variables:
[2022-06-29T17:58:21.472Z]     PATH=/local/S/jenkins/workspace/shared/Artifactory/OSX/cmake/3.20.3/2594509/bin:/usr/local/bin:/bin:/usr/sbin:/sbin:/usr/bin
[2022-06-29T17:58:21.472Z]     Test project /local/S/jenkins/workspace/ECP/ecg-maya-usd/ecg-mayausd-branch-preflight-2020-osx/build/RelWithDebInfo
[2022-06-29T17:58:21.472Z]             Start   1: testMayaUsdConverter
[2022-06-29T17:58:21.472Z]             Start   2: testMayaUsdCreateStageCommands
[2022-06-29T17:58:21.472Z]             Start   3: testMayaUsdPythonImport
[2022-06-29T17:58:21.472Z]             Start   4: testMayaUsdLayerEditorCommands
[2022-06-29T17:58:26.435Z]       1/157 Test   #3: testMayaUsdPythonImport .........................   Passed    4.60 sec
[2022-06-29T17:58:26.435Z]             Start   5: testMayaUsdCacheId
[2022-06-29T17:58:26.435Z]       2/157 Test   #1: testMayaUsdConverter ............................   Passed    4.93 sec
[2022-06-29T17:58:26.435Z]             Start   7: _Interactive_Maya
[2022-06-29T17:58:26.435Z]       3/157 Test   #7: _Interactive_Maya ...............................***Not Run (Disabled)   0.00 sec
[2022-06-29T17:58:26.435Z]             Start   8: testMayaUsdPlugVersionCheck
[2022-06-29T17:58:26.435Z]       4/157 Test   #2: testMayaUsdCreateStageCommands ..................   Passed    5.07 sec
[2022-06-29T17:58:26.435Z]             Start   9: testMatrices
[2022-06-29T17:58:26.435Z]       5/157 Test   #4: testMayaUsdLayerEditorCommands ..................   Passed    5.09 sec
[2022-06-29T17:58:26.435Z]             Start  10: testMayaPickwalk
[2022-06-29T17:58:30.899Z]       6/157 Test   #8: testMayaUsdPlugVersionCheck .....................   Passed    4.27 sec
[2022-06-29T17:58:30.899Z]             Start  11: testPythonWrappers
[2022-06-29T17:58:32.338Z]       7/157 Test   #9: testMatrices ....................................   Passed    5.31 sec
[2022-06-29T17:58:32.338Z]             Start  12: testSelection
[2022-06-29T17:58:32.338Z]       8/157 Test  #10: testMayaPickwalk ................................   Passed    5.29 sec
[2022-06-29T17:58:32.338Z]             Start  13: testSelectionByArray
[2022-06-29T17:58:32.338Z]       9/157 Test   #5: testMayaUsdCacheId ..............................   Passed    5.81 sec
[2022-06-29T17:58:32.338Z]             Start  14: testUfePythonImport
[2022-06-29T17:58:36.190Z]      10/157 Test  #11: testPythonWrappers ..............................   Passed    4.87 sec
[2022-06-29T17:58:36.190Z]             Start  15: testAttributeBlock
[2022-06-29T17:58:37.100Z]      11/157 Test  #14: testUfePythonImport .............................   Passed    4.88 sec
[2022-06-29T17:58:37.100Z]             Start  16: testBlockedLayerEdit
[2022-06-29T17:58:37.100Z]      12/157 Test  #12: testSelection ...................................   Passed    4.94 sec
[2022-06-29T17:58:37.100Z]             Start  17: testLegacyDeleteCmd
[2022-06-29T17:58:37.100Z]      13/157 Test  #13: testSelectionByArray ............................   Passed    4.94 sec
[2022-06-29T17:58:37.100Z]             Start  18: testPrimReader
[2022-06-29T17:58:41.056Z]      14/157 Test  #15: testAttributeBlock ..............................   Passed    5.32 sec
[2022-06-29T17:58:41.056Z]             Start  19: testPrimWriter
[2022-06-29T17:58:41.709Z]      15/157 Test  #18: testPrimReader ..................................   Passed    4.50 sec
[2022-06-29T17:58:41.709Z]             Start  20: testExportChaser
[2022-06-29T17:58:41.709Z]      16/157 Test  #17: testLegacyDeleteCmd .............................   Passed    4.87 sec
[2022-06-29T17:58:41.709Z]             Start  21: testImportChaser
[2022-06-29T17:58:41.709Z]      17/157 Test  #16: testBlockedLayerEdit ............................   Passed    4.94 sec
[2022-06-29T17:58:41.709Z]             Start  22: testImportWithNamespace
[2022-06-29T17:58:45.573Z]      18/157 Test  #19: testPrimWriter ..................................   Passed    4.72 sec
[2022-06-29T17:58:45.573Z]             Start  23: testJobContextRegistry
[2022-06-29T17:58:46.360Z]      19/157 Test  #20: testExportChaser ................................   Passed    4.74 sec
[2022-06-29T17:58:46.360Z]             Start  24: testSchemaApiAdaptor
[2022-06-29T17:58:46.360Z]      20/157 Test  #21: testImportChaser ................................   Passed    4.77 sec
[2022-06-29T17:58:46.360Z]             Start  25: testReadWriteUtils
[2022-06-29T17:58:47.762Z]      21/157 Test  #22: testImportWithNamespace .........................   Passed    5.76 sec
[2022-06-29T17:58:47.762Z]             Start  26: testXformStack
[2022-06-29T17:58:51.087Z]      22/157 Test  #23: testJobContextRegistry ..........................   Passed    4.83 sec
[2022-06-29T17:58:51.087Z]             Start  27: testGeomNode
[2022-06-29T17:58:51.738Z]      23/157 Test  #25: testReadWriteUtils ..............................   Passed    4.82 sec
[2022-06-29T17:58:51.738Z]             Start  28: testLayerManagerSerialization
[2022-06-29T17:58:51.738Z]      24/157 Test  #24: testSchemaApiAdaptor ............................   Passed    5.65 sec
[2022-06-29T17:58:51.738Z]             Start  29: testPointBasedDeformerNode
[2022-06-29T17:58:52.379Z]      25/157 Test  #26: testXformStack ..................................   Passed    4.90 sec
[2022-06-29T17:58:52.379Z]             Start  30: testProxyShapeBase
[2022-06-29T17:58:56.233Z]      26/157 Test  #27: testGeomNode ....................................   Passed    5.29 sec
[2022-06-29T17:58:56.233Z]             Start  31: testHdImagingShape
[2022-06-29T17:58:57.575Z]      27/157 Test  #29: testPointBasedDeformerNode ......................   Passed    5.48 sec
[2022-06-29T17:58:57.575Z]             Start  54: testUsdUndoManager
[2022-06-29T17:58:57.575Z]      28/157 Test  #28: testLayerManagerSerialization ...................   Passed    6.02 sec
[2022-06-29T17:58:57.575Z]             Start  55: testBlockSceneModificationContext
[2022-06-29T17:58:57.575Z]      29/157 Test  #30: testProxyShapeBase ..............................***Failed    5.00 sec
[2022-06-29T17:58:57.575Z]     MAYA_DEBUG_NO_SAVE_ON_CRASH is set.
[2022-06-29T17:58:57.575Z]     Warning: This file is from an older version of Maya.  If saved, it will not be readable by previous versions.
[2022-06-29T17:58:57.575Z]     File read in  0.28 seconds.
[2022-06-29T17:58:57.575Z]     .sssEEEEWarning: This file is from an older version of Maya.  If saved, it will not be readable by previous versions.
[2022-06-29T17:58:57.575Z]     File read in  0.0068 seconds.
[2022-06-29T17:58:57.575Z]     EWarning: This file is from an older version of Maya.  If saved, it will not be readable by previous versions.
[2022-06-29T17:58:57.575Z]     File read in  0.0062 seconds.
[2022-06-29T17:58:57.575Z]     .Warning: This file is from an older version of Maya.  If saved, it will not be readable by previous versions.
[2022-06-29T17:58:57.575Z]     File read in  0.0057 seconds.
[2022-06-29T17:58:57.575Z]     EsWarning: This file is from an older version of Maya.  If saved, it will not be readable by previous versions.
[2022-06-29T17:58:57.575Z]     File read in  0.0059 seconds.
[2022-06-29T17:58:57.575Z]     .Warning: This file is from an older version of Maya.  If saved, it will not be readable by previous versions.
[2022-06-29T17:58:57.575Z]     File read in  0.006 seconds.
[2022-06-29T17:58:57.575Z]     ..
[2022-06-29T17:58:57.575Z]     ======================================================================
[2022-06-29T17:58:57.575Z]     ERROR: testSaveStageToMayaPreserveRootLayer (testProxyShapeBase.testProxyShapeBase)
[2022-06-29T17:58:57.575Z]     ----------------------------------------------------------------------
[2022-06-29T17:58:57.575Z]     Traceback (most recent call last):
[2022-06-29T17:58:57.575Z]       File "/local/S/jenkins/workspace/ECP/ecg-maya-usd/ecg-mayausd-branch-preflight-2020-osx/ecg-maya-usd/maya-usd/test/lib/mayaUsd/nodes/testProxyShapeBase.py", line 382, in testSaveStageToMayaPreserveRootLayer
[2022-06-29T17:58:57.575Z]         self._saveStagePreserveLayerHelper(True, True)
[2022-06-29T17:58:57.575Z]       File "/local/S/jenkins/workspace/ECP/ecg-maya-usd/ecg-mayausd-branch-preflight-2020-osx/ecg-maya-usd/maya-usd/test/lib/mayaUsd/nodes/testProxyShapeBase.py", line 336, in _saveStagePreserveLayerHelper
[2022-06-29T17:58:57.575Z]         with testUtils.TemporaryDirectory(prefix='ProxyShapeBase', ignore_errors=True) as testDir:
[2022-06-29T17:58:57.575Z]       File "/local/S/jenkins/workspace/ECP/ecg-maya-usd/ecg-mayausd-branch-preflight-2020-osx/ecg-maya-usd/maya-usd/test/testUtils/testUtils.py", line 56, in __init__
[2022-06-29T17:58:57.575Z]         self.name = tempfile.mkdtemp(suffix=suffix, prefix=prefix)
[2022-06-29T17:58:57.575Z]       File "/local/S/jenkins/workspace/shared/Artifactory/OSX/rundev-2020/202107140359/runtime/446214e/runTime/Maya.app/Contents/Frameworks/Python.framework/Versions/Current/lib/python2.7/tempfile.py", line 337, in mkdtemp
[2022-06-29T17:58:57.575Z]         file = _os.path.join(dir, prefix + name + suffix)
[2022-06-29T17:58:57.575Z]     TypeError: cannot concatenate 'str' and 'NoneType' objects
[2022-06-29T17:58:57.575Z]     
[2022-06-29T17:58:57.575Z]     ======================================================================
[2022-06-29T17:58:57.575Z]     ERROR: testSaveStageToMayaPreserveSessionLayer (testProxyShapeBase.testProxyShapeBase)
[2022-06-29T17:58:57.576Z]     ----------------------------------------------------------------------
[2022-06-29T17:58:57.576Z]     Traceback (most recent call last):
[2022-06-29T17:58:57.576Z]       File "/local/S/jenkins/workspace/ECP/ecg-maya-usd/ecg-mayausd-branch-preflight-2020-osx/ecg-maya-usd/maya-usd/test/lib/mayaUsd/nodes/testProxyShapeBase.py", line 368, in testSaveStageToMayaPreserveSessionLayer
[2022-06-29T17:58:57.576Z]         self._saveStagePreserveLayerHelper(False, True)
[2022-06-29T17:58:57.576Z]       File "/local/S/jenkins/workspace/ECP/ecg-maya-usd/ecg-mayausd-branch-preflight-2020-osx/ecg-maya-usd/maya-usd/test/lib/mayaUsd/nodes/testProxyShapeBase.py", line 336, in _saveStagePreserveLayerHelper
[2022-06-29T17:58:57.576Z]         with testUtils.TemporaryDirectory(prefix='ProxyShapeBase', ignore_errors=True) as testDir:
[2022-06-29T17:58:57.576Z]       File "/local/S/jenkins/workspace/ECP/ecg-maya-usd/ecg-mayausd-branch-preflight-2020-osx/ecg-maya-usd/maya-usd/test/testUtils/testUtils.py", line 56, in __init__
[2022-06-29T17:58:57.576Z]         self.name = tempfile.mkdtemp(suffix=suffix, prefix=prefix)
[2022-06-29T17:58:57.576Z]       File "/local/S/jenkins/workspace/shared/Artifactory/OSX/rundev-2020/202107140359/runtime/446214e/runTime/Maya.app/Contents/Frameworks/Python.framework/Versions/Current/lib/python2.7/tempfile.py", line 337, in mkdtemp
[2022-06-29T17:58:57.576Z]         file = _os.path.join(dir, prefix + name + suffix)
[2022-06-29T17:58:57.576Z]     TypeError: cannot concatenate 'str' and 'NoneType' objects
[2022-06-29T17:58:57.576Z]     
[2022-06-29T17:58:57.576Z]     ======================================================================
[2022-06-29T17:58:57.576Z]     ERROR: testSaveStageToUSDPreserveRootLayer (testProxyShapeBase.testProxyShapeBase)
[2022-06-29T17:58:57.576Z]     ----------------------------------------------------------------------
[2022-06-29T17:58:57.576Z]     Traceback (most recent call last):
[2022-06-29T17:58:57.576Z]       File "/local/S/jenkins/workspace/ECP/ecg-maya-usd/ecg-mayausd-branch-preflight-2020-osx/ecg-maya-usd/maya-usd/test/lib/mayaUsd/nodes/testProxyShapeBase.py", line 375, in testSaveStageToUSDPreserveRootLayer
[2022-06-29T17:58:57.576Z]         self._saveStagePreserveLayerHelper(True, False)
[2022-06-29T17:58:57.576Z]       File "/local/S/jenkins/workspace/ECP/ecg-maya-usd/ecg-mayausd-branch-preflight-2020-osx/ecg-maya-usd/maya-usd/test/lib/mayaUsd/nodes/testProxyShapeBase.py", line 336, in _saveStagePreserveLayerHelper
[2022-06-29T17:58:57.576Z]         with testUtils.TemporaryDirectory(prefix='ProxyShapeBase', ignore_errors=True) as testDir:
[2022-06-29T17:58:57.576Z]       File "/local/S/jenkins/workspace/ECP/ecg-maya-usd/ecg-mayausd-branch-preflight-2020-osx/ecg-maya-usd/maya-usd/test/testUtils/testUtils.py", line 56, in __init__
[2022-06-29T17:58:57.576Z]         self.name = tempfile.mkdtemp(suffix=suffix, prefix=prefix)
[2022-06-29T17:58:57.576Z]       File "/local/S/jenkins/workspace/shared/Artifactory/OSX/rundev-2020/202107140359/runtime/446214e/runTime/Maya.app/Contents/Frameworks/Python.framework/Versions/Current/lib/python2.7/tempfile.py", line 337, in mkdtemp
[2022-06-29T17:58:57.576Z]         file = _os.path.join(dir, prefix + name + suffix)
[2022-06-29T17:58:57.576Z]     TypeError: cannot concatenate 'str' and 'NoneType' objects
[2022-06-29T17:58:57.576Z]     
[2022-06-29T17:58:57.576Z]     ======================================================================
[2022-06-29T17:58:57.576Z]     ERROR: testSaveStageToUSDPreserveSessionLayer (testProxyShapeBase.testProxyShapeBase)
[2022-06-29T17:58:57.576Z]     ----------------------------------------------------------------------
[2022-06-29T17:58:57.576Z]     Traceback (most recent call last):
[2022-06-29T17:58:57.576Z]       File "/local/S/jenkins/workspace/ECP/ecg-maya-usd/ecg-mayausd-branch-preflight-2020-osx/ecg-maya-usd/maya-usd/test/lib/mayaUsd/nodes/testProxyShapeBase.py", line 361, in testSaveStageToUSDPreserveSessionLayer
[2022-06-29T17:58:57.576Z]         self._saveStagePreserveLayerHelper(False, False)
[2022-06-29T17:58:57.576Z]       File "/local/S/jenkins/workspace/ECP/ecg-maya-usd/ecg-mayausd-branch-preflight-2020-osx/ecg-maya-usd/maya-usd/test/lib/mayaUsd/nodes/testProxyShapeBase.py", line 336, in _saveStagePreserveLayerHelper
[2022-06-29T17:58:57.576Z]         with testUtils.TemporaryDirectory(prefix='ProxyShapeBase', ignore_errors=True) as testDir:
[2022-06-29T17:58:57.576Z]       File "/local/S/jenkins/workspace/ECP/ecg-maya-usd/ecg-mayausd-branch-preflight-2020-osx/ecg-maya-usd/maya-usd/test/testUtils/testUtils.py", line 56, in __init__
[2022-06-29T17:58:57.576Z]         self.name = tempfile.mkdtemp(suffix=suffix, prefix=prefix)
[2022-06-29T17:58:57.576Z]       File "/local/S/jenkins/workspace/shared/Artifactory/OSX/rundev-2020/202107140359/runtime/446214e/runTime/Maya.app/Contents/Frameworks/Python.framework/Versions/Current/lib/python2.7/tempfile.py", line 337, in mkdtemp
[2022-06-29T17:58:57.576Z]         file = _os.path.join(dir, prefix + name + suffix)
[2022-06-29T17:58:57.576Z]     TypeError: cannot concatenate 'str' and 'NoneType' objects
[2022-06-29T17:58:57.576Z]     
[2022-06-29T17:58:57.576Z]     ======================================================================
[2022-06-29T17:58:57.576Z]     ERROR: testSerializationShareStage (testProxyShapeBase.testProxyShapeBase)
[2022-06-29T17:58:57.576Z]     ----------------------------------------------------------------------
[2022-06-29T17:58:57.576Z]     Traceback (most recent call last):
[2022-06-29T17:58:57.576Z]       File "/local/S/jenkins/workspace/ECP/ecg-maya-usd/ecg-mayausd-branch-preflight-2020-osx/ecg-maya-usd/maya-usd/test/lib/mayaUsd/nodes/testProxyShapeBase.py", line 511, in testSerializationShareStage
[2022-06-29T17:58:57.576Z]         with testUtils.TemporaryDirectory(prefix='ProxyShapeBase') as testDir:
[2022-06-29T17:58:57.576Z]       File "/local/S/jenkins/workspace/ECP/ecg-maya-usd/ecg-mayausd-branch-preflight-2020-osx/ecg-maya-usd/maya-usd/test/testUtils/testUtils.py", line 56, in __init__
[2022-06-29T17:58:57.576Z]         self.name = tempfile.mkdtemp(suffix=suffix, prefix=prefix)
[2022-06-29T17:58:57.576Z]       File "/local/S/jenkins/workspace/shared/Artifactory/OSX/rundev-2020/202107140359/runtime/446214e/runTime/Maya.app/Contents/Frameworks/Python.framework/Versions/Current/lib/python2.7/tempfile.py", line 337, in mkdtemp
[2022-06-29T17:58:57.576Z]         file = _os.path.join(dir, prefix + name + suffix)
[2022-06-29T17:58:57.576Z]     TypeError: cannot concatenate 'str' and 'NoneType' objects
[2022-06-29T17:58:57.576Z]     
[2022-06-29T17:58:57.576Z]     ======================================================================
[2022-06-29T17:58:57.576Z]     ERROR: testShareStageComplexHierarchyToggle (testProxyShapeBase.testProxyShapeBase)
[2022-06-29T17:58:57.576Z]     ----------------------------------------------------------------------
[2022-06-29T17:58:57.576Z]     Traceback (most recent call last):
[2022-06-29T17:58:57.576Z]       File "/local/S/jenkins/workspace/ECP/ecg-maya-usd/ecg-mayausd-branch-preflight-2020-osx/ecg-maya-usd/maya-usd/test/lib/mayaUsd/nodes/testProxyShapeBase.py", line 581, in testShareStageComplexHierarchyToggle
[2022-06-29T17:58:57.576Z]         with testUtils.TemporaryDirectory(prefix='ProxyShapeBase') as testDir:
[2022-06-29T17:58:57.576Z]       File "/local/S/jenkins/workspace/ECP/ecg-maya-usd/ecg-mayausd-branch-preflight-2020-osx/ecg-maya-usd/maya-usd/test/testUtils/testUtils.py", line 56, in __init__
[2022-06-29T17:58:57.576Z]         self.name = tempfile.mkdtemp(suffix=suffix, prefix=prefix)
[2022-06-29T17:58:57.576Z]       File "/local/S/jenkins/workspace/shared/Artifactory/OSX/rundev-2020/202107140359/runtime/446214e/runTime/Maya.app/Contents/Frameworks/Python.framework/Versions/Current/lib/python2.7/tempfile.py", line 337, in mkdtemp
[2022-06-29T17:58:57.576Z]         file = _os.path.join(dir, prefix + name + suffix)
[2022-06-29T17:58:57.576Z]     TypeError: cannot concatenate 'str' and 'NoneType' objects
[2022-06-29T17:58:57.576Z]     
[2022-06-29T17:58:57.576Z]     ----------------------------------------------------------------------
[2022-06-29T17:58:57.576Z]     Ran 15 tests in 0.869s
[2022-06-29T17:58:57.576Z]     
[2022-06-29T17:58:57.576Z]     FAILED (errors=6, skipped=4)
[2022-06-29T17:58:57.576Z]     
[2022-06-29T17:58:57.576Z]             Start  56: testDiagnosticDelegate
[2022-06-29T17:59:02.511Z]      30/157 Test  #31: testHdImagingShape ..............................   Passed    6.00 sec
[2022-06-29T17:59:02.511Z]             Start  57: testPxrUsdPreviewSurfaceDraw
[2022-06-29T17:59:03.145Z]      31/157 Test  #55: testBlockSceneModificationContext ...............   Passed    5.60 sec
[2022-06-29T17:59:03.145Z]             Start  58: testPxrUsdPreviewSurfaceExport
[2022-06-29T17:59:03.145Z]      32/157 Test  #56: testDiagnosticDelegate ..........................   Passed    5.51 sec
[2022-06-29T17:59:03.145Z]             Start  59: testMayaUsdSchemasPythonImport
[2022-06-29T17:59:03.145Z]      33/157 Test  #54: testUsdUndoManager ..............................   Passed    5.68 sec
[2022-06-29T17:59:03.145Z]             Start  60: testMayaUsdSchemasMayaReference
[2022-06-29T17:59:04.476Z]      34/157 Test  #57: testPxrUsdPreviewSurfaceDraw ....................   Passed    2.89 sec
[2022-06-29T17:59:04.476Z]             Start  61: testDiffCore
[2022-06-29T17:59:04.476Z]      35/157 Test  #61: testDiffCore ....................................   Passed    0.03 sec
[2022-06-29T17:59:04.476Z]             Start  62: testDiffValues
[2022-06-29T17:59:05.367Z]      36/157 Test  #62: testDiffValues ..................................   Passed    0.03 sec
[2022-06-29T17:59:05.367Z]             Start  63: testDiffAttributes
[2022-06-29T17:59:05.367Z]      37/157 Test  #63: testDiffAttributes ..............................   Passed    0.06 sec
[2022-06-29T17:59:05.367Z]             Start  64: testDiffRelationships
[2022-06-29T17:59:05.367Z]      38/157 Test  #64: testDiffRelationships ...........................   Passed    0.05 sec
[2022-06-29T17:59:05.367Z]             Start  65: testDiffDictionaries
[2022-06-29T17:59:05.367Z]      39/157 Test  #65: testDiffDictionaries ............................   Passed    0.03 sec
[2022-06-29T17:59:05.367Z]             Start  66: testDiffLists
[2022-06-29T17:59:05.367Z]      40/157 Test  #66: testDiffLists ...................................   Passed    0.03 sec
[2022-06-29T17:59:05.367Z]             Start  67: testDiffComputeOverall
[2022-06-29T17:59:05.367Z]      41/157 Test  #67: testDiffComputeOverall ..........................   Passed    0.03 sec
[2022-06-29T17:59:05.367Z]             Start  68: testDiffPrims
[2022-06-29T17:59:05.367Z]      42/157 Test  #68: testDiffPrims ...................................   Passed    0.06 sec
[2022-06-29T17:59:05.367Z]             Start  69: testMergePrims
[2022-06-29T17:59:05.367Z]      43/157 Test  #69: testMergePrims ..................................   Passed    0.06 sec
[2022-06-29T17:59:05.367Z]             Start  70: testDiffMetadatas
[2022-06-29T17:59:05.367Z]      44/157 Test  #70: testDiffMetadatas ...............................   Passed    0.05 sec
[2022-06-29T17:59:05.367Z]             Start  71: testUsdExportAnimation
[2022-06-29T17:59:06.007Z]      45/157 Test  #59: testMayaUsdSchemasPythonImport ..................   Passed    3.08 sec
[2022-06-29T17:59:06.007Z]             Start  72: testUsdExportAsClip
[2022-06-29T17:59:06.007Z]      46/157 Test  #60: testMayaUsdSchemasMayaReference .................   Passed    3.09 sec
[2022-06-29T17:59:06.007Z]             Start  73: testUsdExportBindTransform
[2022-06-29T17:59:07.489Z]      47/157 Test  #58: testPxrUsdPreviewSurfaceExport ..................   Passed    4.79 sec
[2022-06-29T17:59:07.489Z]             Start  74: testUsdExportBlendshapes
[2022-06-29T17:59:09.886Z]      48/157 Test  #71: testUsdExportAnimation ..........................   Passed    4.64 sec
[2022-06-29T17:59:09.886Z]             Start  75: testUsdExportCamera
[2022-06-29T17:59:11.241Z]      49/157 Test  #73: testUsdExportBindTransform ......................   Passed    4.85 sec
[2022-06-29T17:59:11.241Z]             Start  76: testUsdExportColorSets
[2022-06-29T17:59:11.886Z]      50/157 Test  #72: testUsdExportAsClip .............................   Passed    5.49 sec
[2022-06-29T17:59:11.886Z]             Start  77: testUsdExportConnected
[2022-06-29T17:59:12.585Z]      51/157 Test  #74: testUsdExportBlendshapes ........................   Passed    5.02 sec
[2022-06-29T17:59:12.585Z]             Start  78: testUsdExportDisplacement
[2022-06-29T17:59:14.670Z]      52/157 Test  #75: testUsdExportCamera .............................   Passed    4.91 sec
[2022-06-29T17:59:14.670Z]             Start  79: testUsdExportDisplayColor
[2022-06-29T17:59:17.060Z]      53/157 Test  #76: testUsdExportColorSets ..........................   Passed    5.77 sec
[2022-06-29T17:59:17.060Z]             Start  80: testUsdExportEulerFilter
[2022-06-29T17:59:17.060Z]      54/157 Test  #77: testUsdExportConnected ..........................   Passed    5.57 sec
[2022-06-29T17:59:17.060Z]             Start  81: testUsdExportFileFormat
[2022-06-29T17:59:18.717Z]      55/157 Test  #78: testUsdExportDisplacement .......................   Passed    5.50 sec
[2022-06-29T17:59:18.717Z]             Start  82: testUsdExportFilterTypes
[2022-06-29T17:59:19.466Z]      56/157 Test  #79: testUsdExportDisplayColor .......................   Passed    4.83 sec
[2022-06-29T17:59:19.466Z]             Start  83: testUsdExportFrameOffset
[2022-06-29T17:59:22.351Z]      57/157 Test  #80: testUsdExportEulerFilter ........................   Passed    4.87 sec
[2022-06-29T17:59:22.351Z]             Start  84: testUsdExportGeomSubset
[2022-06-29T17:59:22.351Z]      58/157 Test  #81: testUsdExportFileFormat .........................   Passed    5.27 sec
[2022-06-29T17:59:22.351Z]             Start  85: testUsdExportInstances
[2022-06-29T17:59:23.932Z]      59/157 Test  #82: testUsdExportFilterTypes ........................   Passed    5.23 sec
[2022-06-29T17:59:23.933Z]             Start  86: testUsdExportLayerAttributes
[2022-06-29T17:59:24.781Z]      60/157 Test  #83: testUsdExportFrameOffset ........................   Passed    4.88 sec
[2022-06-29T17:59:24.781Z]             Start  87: testUsdExportLight
[2022-06-29T17:59:26.130Z]      61/157 Test  #84: testUsdExportGeomSubset .........................   Passed    4.81 sec
[2022-06-29T17:59:26.130Z]             Start  88: testUsdExportLocator
[2022-06-29T17:59:27.746Z]      62/157 Test  #85: testUsdExportInstances ..........................   Passed    4.93 sec
[2022-06-29T17:59:27.746Z]             Start  89: testUsdExportMayaInstancer
[2022-06-29T17:59:27.746Z]      63/157 Test  #86: testUsdExportLayerAttributes ....................   Passed    4.49 sec
[2022-06-29T17:59:27.746Z]             Start  90: testUsdExportMesh
[2022-06-29T17:59:29.096Z]      64/157 Test  #87: testUsdExportLight ..............................   Passed    4.42 sec
[2022-06-29T17:59:29.096Z]             Start  91: testUsdExportNurbsCurve
[2022-06-29T17:59:31.245Z]      65/157 Test  #88: testUsdExportLocator ............................   Passed    4.94 sec
[2022-06-29T17:59:31.245Z]             Start  92: testUsdExportOpenLayer
[2022-06-29T17:59:32.597Z]      66/157 Test  #89: testUsdExportMayaInstancer ......................   Passed    5.09 sec
[2022-06-29T17:59:32.597Z]             Start  93: testUsdExportOverImport
[2022-06-29T17:59:33.246Z]      67/157 Test  #90: testUsdExportMesh ...............................   Passed    5.01 sec
[2022-06-29T17:59:33.246Z]             Start  94: testUsdExportUsdPreviewSurface
[2022-06-29T17:59:33.885Z]      68/157 Test  #91: testUsdExportNurbsCurve .........................   Passed    4.90 sec
[2022-06-29T17:59:33.885Z]             Start  95: testUsdExportParentScope
[2022-06-29T17:59:36.078Z]      69/157 Test  #92: testUsdExportOpenLayer ..........................   Passed    4.56 sec
[2022-06-29T17:59:36.078Z]             Start  96: testUsdExportParticles
[2022-06-29T17:59:37.402Z]      70/157 Test  #93: testUsdExportOverImport .........................   Passed    4.63 sec
[2022-06-29T17:59:37.402Z]             Start  97: testUsdExportPref
[2022-06-29T17:59:38.046Z]      71/157 Test  #94: testUsdExportUsdPreviewSurface ..................   Passed    5.02 sec
[2022-06-29T17:59:38.046Z]             Start  98: testUsdExportRenderLayerMode
[2022-06-29T17:59:38.688Z]      72/157 Test  #95: testUsdExportParentScope ........................   Passed    4.83 sec
[2022-06-29T17:59:38.688Z]             Start  99: testUsdExportRoots
[2022-06-29T17:59:41.448Z]      73/157 Test  #96: testUsdExportParticles ..........................   Passed    4.86 sec
[2022-06-29T17:59:41.448Z]             Start 100: testUsdExportRootsAndParentScope
[2022-06-29T17:59:41.448Z]      74/157 Test  #98: testUsdExportRenderLayerMode ....................   Passed    3.19 sec
[2022-06-29T17:59:41.448Z]             Start 101: testUsdExportSelection
[2022-06-29T17:59:42.258Z]      75/157 Test  #97: testUsdExportPref ...............................   Passed    4.81 sec
[2022-06-29T17:59:42.258Z]             Start 102: testUsdExportSelectionHierarchy
[2022-06-29T17:59:44.735Z]      76/157 Test  #99: testUsdExportRoots ..............................   Passed    5.85 sec
[2022-06-29T17:59:44.735Z]             Start 103: testUsdExportShadingInstanced
[2022-06-29T17:59:45.368Z]      77/157 Test #100: testUsdExportRootsAndParentScope ................   Passed    4.70 sec
[2022-06-29T17:59:45.368Z]             Start 104: testUsdExportShadingModePxrRis
[2022-06-29T17:59:46.031Z]      78/157 Test #101: testUsdExportSelection ..........................   Passed    5.02 sec
[2022-06-29T17:59:46.031Z]             Start 105: testUsdExportSkeleton
[2022-06-29T17:59:46.714Z]      79/157 Test #102: testUsdExportSelectionHierarchy .................   Passed    4.90 sec
[2022-06-29T17:59:46.714Z]             Start 106: testUsdExportStripNamespaces
[2022-06-29T17:59:49.611Z]      80/157 Test #103: testUsdExportShadingInstanced ...................   Passed    4.84 sec
[2022-06-29T17:59:49.611Z]             Start 107: testUsdExportStroke
[2022-06-29T17:59:50.284Z]      81/157 Test #104: testUsdExportShadingModePxrRis ..................   Passed    4.83 sec
[2022-06-29T17:59:50.284Z]             Start 108: testUsdExportUserTaggedAttributes
[2022-06-29T17:59:52.087Z]      82/157 Test #106: testUsdExportStripNamespaces ....................   Passed    4.54 sec
[2022-06-29T17:59:52.087Z]             Start 109: testUsdExportVisibilityDefault
[2022-06-29T17:59:52.087Z]      83/157 Test #105: testUsdExportSkeleton ...........................   Passed    5.19 sec
[2022-06-29T17:59:52.087Z]             Start 110: testUsdImportAnonymousLayer
[2022-06-29T17:59:54.219Z]      84/157 Test #107: testUsdExportStroke .............................   Passed    4.92 sec
[2022-06-29T17:59:54.219Z]             Start 111: testUsdImportCamera
[2022-06-29T17:59:54.958Z]      85/157 Test #108: testUsdExportUserTaggedAttributes ...............   Passed    4.83 sec
[2022-06-29T17:59:54.958Z]             Start 112: testUsdImportBasisCurves
[2022-06-29T17:59:56.380Z]      86/157 Test #110: testUsdImportAnonymousLayer .....................   Passed    4.62 sec
[2022-06-29T17:59:56.380Z]             Start 113: testUsdImportBatchNurbsCurves
[2022-06-29T17:59:56.380Z]      87/157 Test #109: testUsdExportVisibilityDefault ..................   Passed    4.92 sec
[2022-06-29T17:59:56.380Z]             Start 114: testUsdImportLinearCurves
[2022-06-29T17:59:58.499Z]      88/157 Test #111: testUsdImportCamera .............................   Passed    4.53 sec
[2022-06-29T17:59:58.499Z]             Start 115: testUsdImportNurbsCurves
[2022-06-29T18:00:01.650Z]      89/157 Test #112: testUsdImportBasisCurves ........................   Passed    6.83 sec
[2022-06-29T18:00:01.650Z]             Start 116: testUsdImportBatchBezierCurves
[2022-06-29T18:00:02.293Z]      90/157 Test #113: testUsdImportBatchNurbsCurves ...................   Passed    5.86 sec
[2022-06-29T18:00:02.293Z]             Start 117: testUsdImportColorSets
[2022-06-29T18:00:02.293Z]      91/157 Test #114: testUsdImportLinearCurves .......................   Passed    5.73 sec
[2022-06-29T18:00:02.293Z]             Start 118: testUsdImportDisplacement
[2022-06-29T18:00:06.078Z]      92/157 Test #115: testUsdImportNurbsCurves ........................   Passed    6.60 sec
[2022-06-29T18:00:06.078Z]             Start 119: testUsdImportExportScope
[2022-06-29T18:00:06.715Z]      93/157 Test #117: testUsdImportColorSets ..........................   Passed    4.43 sec
[2022-06-29T18:00:06.715Z]             Start 120: testUsdImportExportTypelessDefs
[2022-06-29T18:00:06.715Z]      94/157 Test #118: testUsdImportDisplacement .......................   Passed    4.63 sec
[2022-06-29T18:00:06.715Z]             Start 121: testUsdImportFrameRange
[2022-06-29T18:00:07.380Z]      95/157 Test #116: testUsdImportBatchBezierCurves ..................   Passed    5.53 sec
[2022-06-29T18:00:07.380Z]             Start 122: testUsdImportFramerates
[2022-06-29T18:00:10.324Z]      96/157 Test #119: testUsdImportExportScope ........................   Passed    4.68 sec
[2022-06-29T18:00:10.324Z]             Start 123: testUsdImportInstances
[2022-06-29T18:00:10.986Z]      97/157 Test #120: testUsdImportExportTypelessDefs .................   Passed    4.56 sec
[2022-06-29T18:00:10.986Z]             Start 124: testUsdImportLight
[2022-06-29T18:00:10.986Z]      98/157 Test #121: testUsdImportFrameRange .........................   Passed    4.63 sec
[2022-06-29T18:00:10.986Z]             Start 125: testUsdImportMayaReference
[2022-06-29T18:00:12.311Z]      99/157 Test #122: testUsdImportFramerates .........................   Passed    4.67 sec
[2022-06-29T18:00:12.311Z]             Start 126: testUsdImportMesh
[2022-06-29T18:00:14.892Z]     100/157 Test #123: testUsdImportInstances ..........................   Passed    4.82 sec
[2022-06-29T18:00:14.892Z]             Start 127: testUsdImportPreviewSurface
[2022-06-29T18:00:15.591Z]     101/157 Test #124: testUsdImportLight ..............................   Passed    4.58 sec
[2022-06-29T18:00:15.591Z]             Start 128: testUsdImportSessionLayer
[2022-06-29T18:00:16.252Z]     102/157 Test #125: testUsdImportMayaReference ......................   Passed    4.90 sec
[2022-06-29T18:00:16.252Z]             Start 129: testUsdImportShadingModeDisplayColor
[2022-06-29T18:00:16.891Z]     103/157 Test #126: testUsdImportMesh ...............................   Passed    4.57 sec
[2022-06-29T18:00:16.891Z]             Start 130: testUsdImportShadingModePxrRis
[2022-06-29T18:00:19.818Z]     104/157 Test #127: testUsdImportPreviewSurface .....................   Passed    4.89 sec
[2022-06-29T18:00:19.818Z]             Start 131: testUsdImportUVSetMappings
[2022-06-29T18:00:20.461Z]     105/157 Test #128: testUsdImportSessionLayer .......................   Passed    4.93 sec
[2022-06-29T18:00:20.461Z]             Start 132: testUsdImportUSDZTextures
[2022-06-29T18:00:21.441Z]     106/157 Test #129: testUsdImportShadingModeDisplayColor ............   Passed    4.76 sec
[2022-06-29T18:00:21.441Z]             Start 133: testUsdExportImportRoundtripPreviewSurface
[2022-06-29T18:00:22.421Z]     107/157 Test #130: testUsdImportShadingModePxrRis ..................   Passed    4.97 sec
[2022-06-29T18:00:22.421Z]             Start 134: testUsdExportImportUDIM
[2022-06-29T18:00:24.838Z]     108/157 Test #131: testUsdImportUVSetMappings ......................   Passed    4.97 sec
[2022-06-29T18:00:24.838Z]             Start 135: testUsdImportSkeleton
[2022-06-29T18:00:25.566Z]     109/157 Test #132: testUsdImportUSDZTextures .......................   Passed    4.81 sec
[2022-06-29T18:00:25.566Z]             Start 136: testUsdImportXforms
[2022-06-29T18:00:26.262Z]     110/157 Test #133: testUsdExportImportRoundtripPreviewSurface ......   Passed    5.17 sec
[2022-06-29T18:00:26.262Z]             Start 137: testUsdImportXformAnim
[2022-06-29T18:00:26.901Z]     111/157 Test #134: testUsdExportImportUDIM .........................   Passed    5.04 sec
[2022-06-29T18:00:26.901Z]             Start 138: testUsdMayaAdaptor
[2022-06-29T18:00:29.023Z]     112/157 Test #135: testUsdImportSkeleton ...........................   Passed    4.58 sec
[2022-06-29T18:00:29.023Z]             Start 139: testUsdMayaAdaptorGeom
[2022-06-29T18:00:31.126Z]     113/157 Test #137: testUsdImportXformAnim ..........................   Passed    4.98 sec
[2022-06-29T18:00:31.126Z]             Start 140: testUsdMayaAdaptorMetadata
[2022-06-29T18:00:31.792Z]     114/157 Test #138: testUsdMayaAdaptor ..............................   Passed    4.81 sec
[2022-06-29T18:00:31.792Z]             Start 141: testUsdMayaAdaptorUndoRedo
[2022-06-29T18:00:33.930Z]     115/157 Test #139: testUsdMayaAdaptorGeom ..........................   Passed    4.60 sec
[2022-06-29T18:00:33.930Z]             Start 142: testUsdExportUVTransforms
[2022-06-29T18:00:35.701Z]     116/157 Test #140: testUsdMayaAdaptorMetadata ......................   Passed    4.92 sec
[2022-06-29T18:00:35.701Z]             Start 143: testUsdExportUsdzPackage
[2022-06-29T18:00:36.424Z]     117/157 Test #141: testUsdMayaAdaptorUndoRedo ......................   Passed    4.66 sec
[2022-06-29T18:00:36.424Z]             Start 144: testUsdExportRfMShaders
[2022-06-29T18:00:38.707Z]     118/157 Test #142: testUsdExportUVTransforms .......................   Passed    4.88 sec
[2022-06-29T18:00:38.707Z]             Start 145: testUsdImportRfMShaders
[2022-06-29T18:00:40.968Z]     119/157 Test #143: testUsdExportUsdzPackage ........................   Passed    4.58 sec
[2022-06-29T18:00:40.968Z]             Start 146: testUsdExportUVSets
[2022-06-29T18:00:40.968Z]     120/157 Test #144: testUsdExportRfMShaders .........................   Passed    4.86 sec
[2022-06-29T18:00:40.968Z]             Start 147: testUsdExportUVSetsFloat
[2022-06-29T18:00:44.006Z]     121/157 Test #145: testUsdImportRfMShaders .........................   Passed    4.79 sec
[2022-06-29T18:00:44.006Z]             Start 148: testUsdExportUVSetMappings
[2022-06-29T18:00:45.349Z]     122/157 Test #146: testUsdExportUVSets .............................   Passed    5.06 sec
[2022-06-29T18:00:45.349Z]             Start 149: testUsdImportUVSets
[2022-06-29T18:00:46.054Z]     123/157 Test #147: testUsdExportUVSetsFloat ........................   Passed    4.75 sec
[2022-06-29T18:00:46.054Z]             Start 150: testUsdImportUVSetsFloat
[2022-06-29T18:00:48.170Z]     124/157 Test #148: testUsdExportUVSetMappings ......................   Passed    4.97 sec
[2022-06-29T18:00:48.170Z]             Start 151: testUsdImportChaser
[2022-06-29T18:00:51.984Z]     125/157 Test #149: testUsdImportUVSets .............................   Passed    5.95 sec
[2022-06-29T18:00:51.984Z]             Start 152: testUsdExportCustomConverter-Maya
[2022-06-29T18:00:51.984Z]     126/157 Test #150: testUsdImportUVSetsFloat ........................   Passed    6.04 sec
[2022-06-29T18:00:51.984Z]             Start 153: testUsdExportCustomConverter-USD
[2022-06-29T18:00:53.340Z]     127/157 Test #151: testUsdImportChaser .............................   Passed    4.69 sec
[2022-06-29T18:00:53.340Z]             Start 154: testUsdImportCustomConverter-Maya
[2022-06-29T18:00:56.471Z]     128/157 Test #152: testUsdExportCustomConverter-Maya ...............   Passed    4.68 sec
[2022-06-29T18:00:56.471Z]             Start 155: testUsdImportCustomConverter-USD
[2022-06-29T18:00:56.471Z]     129/157 Test #153: testUsdExportCustomConverter-USD ................   Passed    4.70 sec
[2022-06-29T18:00:56.471Z]             Start 156: testUsdMayaListShadingModesCommand
[2022-06-29T18:00:58.669Z]     130/157 Test #154: testUsdImportCustomConverter-Maya ...............   Passed    4.97 sec
[2022-06-29T18:00:58.669Z]             Start 157: testUsdExportSchemaApi
[2022-06-29T18:01:01.594Z]     131/157 Test #155: testUsdImportCustomConverter-USD ................   Passed    4.93 sec
[2022-06-29T18:01:01.594Z]             Start 158: testUsdImportExportSiteSpecificConfig
[2022-06-29T18:01:01.594Z]     132/157 Test #156: testUsdMayaListShadingModesCommand ..............   Passed    4.87 sec
[2022-06-29T18:01:01.594Z]             Start 159: testUsdExportAssembly
[2022-06-29T18:01:03.675Z]     133/157 Test #157: testUsdExportSchemaApi ..........................   Passed    5.67 sec
[2022-06-29T18:01:03.675Z]             Start 160: testUsdExportAssemblyEdits
[2022-06-29T18:01:06.612Z]     134/157 Test #158: testUsdImportExportSiteSpecificConfig ...........   Passed    5.66 sec
[2022-06-29T18:01:06.612Z]             Start 161: testUsdExportPackage
[2022-06-29T18:01:07.254Z]     135/157 Test #159: testUsdExportAssembly ...........................   Passed    5.74 sec
[2022-06-29T18:01:07.254Z]             Start 162: testUsdExportPointInstancer
[2022-06-29T18:01:09.343Z]     136/157 Test #160: testUsdExportAssemblyEdits ......................   Passed    5.83 sec
[2022-06-29T18:01:09.343Z]             Start 163: testUsdImportAsAssemblies
[2022-06-29T18:01:12.314Z]     137/157 Test #161: testUsdExportPackage ............................   Passed    5.68 sec
[2022-06-29T18:01:12.314Z]             Start 164: testUsdImportNestedAssemblyAnimation
[2022-06-29T18:01:14.656Z]     138/157 Test #163: testUsdImportAsAssemblies .......................   Passed    4.96 sec
[2022-06-29T18:01:14.656Z]             Start 165: testUsdMayaGetVariantSetSelections
[2022-06-29T18:01:17.702Z]     139/157 Test #164: testUsdImportNestedAssemblyAnimation ............   Passed    5.47 sec
[2022-06-29T18:01:17.702Z]             Start 166: testUsdMayaModelKindProcessor
[2022-06-29T18:01:21.195Z]     140/157 Test #165: testUsdMayaGetVariantSetSelections ..............   Passed    6.35 sec
[2022-06-29T18:01:21.195Z]             Start 167: testUsdMayaReferenceAssemblyEdits
[2022-06-29T18:01:23.490Z]     141/157 Test #166: testUsdMayaModelKindProcessor ...................   Passed    5.55 sec
[2022-06-29T18:01:23.490Z]             Start 168: testUsdReferenceAssemblyChangeRepresentations
[2022-06-29T18:01:27.397Z]     142/157 Test #167: testUsdMayaReferenceAssemblyEdits ...............   Passed    6.27 sec
[2022-06-29T18:01:27.397Z]             Start 169: testPxrUsdAlembicChaser
[2022-06-29T18:01:29.975Z]     143/157 Test #168: testUsdReferenceAssemblyChangeRepresentations ...   Passed    6.01 sec
[2022-06-29T18:01:29.975Z]             Start 170: AL_MayaUtilsTests
[2022-06-29T18:01:32.291Z]     144/157 Test #170: AL_MayaUtilsTests ...............................   Passed    2.73 sec
[2022-06-29T18:01:32.291Z]             Start 171: GTest:AL_USDTransactionTests
[2022-06-29T18:01:32.291Z]     145/157 Test #171: GTest:AL_USDTransactionTests ....................   Passed    0.05 sec
[2022-06-29T18:01:32.291Z]             Start 172: Python:AL_USDTransactionTests
[2022-06-29T18:01:32.939Z]     146/157 Test #172: Python:AL_USDTransactionTests ...................   Passed    0.44 sec
[2022-06-29T18:01:32.939Z]             Start 173: AL_USDMayaTestPlugin
[2022-06-29T18:01:32.939Z]     147/157 Test #169: testPxrUsdAlembicChaser .........................   Passed    5.73 sec
[2022-06-29T18:01:32.939Z]             Start 174: TestALUSDMayaPython_ProxyShape
[2022-06-29T18:01:35.642Z]     148/157 Test #162: testUsdExportPointInstancer .....................   Passed   28.06 sec
[2022-06-29T18:01:35.642Z]             Start 175: TestALUSDMayaPython_Translators
[2022-06-29T18:01:37.733Z]     149/157 Test #174: TestALUSDMayaPython_ProxyShape ..................   Passed    5.00 sec
[2022-06-29T18:01:37.733Z]             Start 176: TestALUSDMayaPython_LayerManager
[2022-06-29T18:01:40.278Z]     150/157 Test #175: TestALUSDMayaPython_Translators .................   Passed    5.34 sec
[2022-06-29T18:01:40.278Z]             Start 177: TestALUSDMayaPython_ImportModule
[2022-06-29T18:01:42.966Z]     151/157 Test #177: TestALUSDMayaPython_ImportModule ................   Passed    1.69 sec
[2022-06-29T18:01:42.966Z]             Start 178: testMayaSchemas
[2022-06-29T18:01:42.966Z]     152/157 Test #178: testMayaSchemas .................................   Passed    0.05 sec
[2022-06-29T18:01:42.966Z]             Start 179: TestAdditionalTranslators
[2022-06-29T18:01:42.966Z]     153/157 Test #176: TestALUSDMayaPython_LayerManager ................   Passed    5.32 sec
[2022-06-29T18:01:42.966Z]             Start 180: TestPxrUsdTranslators
[2022-06-29T18:01:49.165Z]     154/157 Test #180: TestPxrUsdTranslators ...........................   Passed    5.19 sec
[2022-06-29T18:01:49.165Z]     155/157 Test #179: TestAdditionalTranslators .......................   Passed    6.92 sec
[2022-06-29T18:01:52.060Z]     156/157 Test #173: AL_USDMayaTestPlugin ............................   Passed   19.10 sec
[2022-06-29T18:02:12.780Z]     157/157 Test #136: testUsdImportXforms .............................   Passed  106.70 sec
[2022-06-29T18:02:12.780Z]     
[2022-06-29T18:02:12.780Z]     99% tests passed, 1 tests failed out of 156
[2022-06-29T18:02:12.780Z]     
[2022-06-29T18:02:12.780Z]     Label Time Summary:
[2022-06-29T18:02:12.780Z]     Debugging            =   0.00 sec*proc (1 test)
[2022-06-29T18:02:12.780Z]     MayaUsd              =  29.77 sec*proc (6 tests)
[2022-06-29T18:02:12.780Z]     fileio               =  34.96 sec*proc (7 tests)
[2022-06-29T18:02:12.780Z]     fileio_utils         =   9.73 sec*proc (2 tests)
[2022-06-29T18:02:12.780Z]     nodes                =  27.80 sec*proc (5 tests)
[2022-06-29T18:02:12.780Z]     translators          = 538.88 sec*proc (88 tests)
[2022-06-29T18:02:12.780Z]     ufe                  =  45.37 sec*proc (9 tests)
[2022-06-29T18:02:12.780Z]     undo                 =   5.68 sec*proc (1 test)
[2022-06-29T18:02:12.780Z]     usdPreviewSurface    =   7.68 sec*proc (2 tests)
[2022-06-29T18:02:12.780Z]     utils                =  11.12 sec*proc (2 tests)
[2022-06-29T18:02:12.780Z]     
[2022-06-29T18:02:12.780Z]     Total Test time (real) = 230.44 sec
[2022-06-29T18:02:12.780Z]     
[2022-06-29T18:02:12.780Z]     The following tests did not run:
[2022-06-29T18:02:12.780Z]     	  7 - _Interactive_Maya (Disabled)
[2022-06-29T18:02:12.780Z]     
[2022-06-29T18:02:12.780Z]     The following tests FAILED:
[2022-06-29T18:02:12.780Z]     	 30 - testProxyShapeBase (Failed)
[2022-06-29T18:02:12.780Z]     Errors while running CTest
[2022-06-29T18:02:12.780Z]     
[2022-06-29T18:02:12.780Z]         Building with settings:
[2022-06-29T18:02:12.780Z]           Source directory          /local/S/jenkins/workspace/ECP/ecg-maya-usd/ecg-mayausd-branch-preflight-2020-osx/ecg-maya-usd/maya-usd
[2022-06-29T18:02:12.780Z]           Workspace directory       /local/S/jenkins/workspace/ECP/ecg-maya-usd/ecg-mayausd-branch-preflight-2020-osx
[2022-06-29T18:02:12.780Z]           Build directory           /local/S/jenkins/workspace/ECP/ecg-maya-usd/ecg-mayausd-branch-preflight-2020-osx/build/RelWithDebInfo
[2022-06-29T18:02:12.780Z]           Install directory         /local/S/jenkins/workspace/ECP/ecg-maya-usd/ecg-mayausd-branch-preflight-2020-osx/install/RelWithDebInfo/MayaUSD
[2022-06-29T18:02:12.780Z]           Variant                   RelWithDebInfo
[2022-06-29T18:02:12.780Z]           Python Debug              Off
[2022-06-29T18:02:12.780Z]           CMake generator           Ninja
[2022-06-29T18:02:12.780Z]           Build arguments           ['-DCMAKE_MAKE_PROGRAM=/local/S/jenkins/workspace/shared/Artifactory/OSX/ninja/1.9.0/41005eb/ninja', '-DPYTHON_INCLUDE_DIR=/local/S/jenkins/workspace/shared/Artifactory/OSX/rundev-2020/202107140359/runtime/446214e/runTime/Maya.app/Contents/Frameworks/Python.framework/Versions/Current/include/python2.7', '-DPython_EXECUTABLE=/local/S/jenkins/workspace/shared/Artifactory/OSX/rundev-2020/202107140359/runtime/446214e/runTime/Maya.app/Contents/bin/mayapy', '-DPYTHON_LIBRARIES=/local/S/jenkins/workspace/shared/Artifactory/OSX/rundev-2020/202107140359/runtime/446214e/runTime/Maya.app/Contents/Frameworks/Python.framework/Versions/Current/lib/libpython2.7.dylib', '-DUSD_LIB_PREFIX=lib', '-DCMAKE_WANT_MATERIALX_BUILD=ON', '-DCMAKE_PREFIX_PATH=/local/S/jenkins/workspace/shared/Artifactory/OSX/USD/73ca68d']
[2022-06-29T18:02:12.780Z]           Stages arguments          ['test']
[2022-06-29T18:02:12.780Z]           CTest arguments           ['-E testUsdReferenceAssemblySelection|testUsdMayaAppDir', '-LE interactive', '--parallel 4']
[2022-06-29T18:02:12.780Z]     #####################################################################################
[2022-06-29T18:02:12.780Z]     log date: 2022-06-29 10:58
[2022-06-29T18:02:12.780Z]     commit sha: ef0847fd1d7a91d3695a80e82127f60ab6e3f292
[2022-06-29T18:02:12.780Z]     commit date: Wed Jun 29 10:44:25 2022 -0700
[2022-06-29T18:02:12.780Z]     #####################################################################################
[2022-06-29T18:02:12.780Z]     
[2022-06-29T18:02:12.780Z]     cmake --build . --config RelWithDebInfo --target install -- -j4
[2022-06-29T18:02:12.780Z]     #####################################################################################
[2022-06-29T18:02:12.780Z]     log date: 2022-06-29 10:58
[2022-06-29T18:02:12.780Z]     commit sha: ef0847fd1d7a91d3695a80e82127f60ab6e3f292
[2022-06-29T18:02:12.780Z]     commit date: Wed Jun 29 10:44:25 2022 -0700
[2022-06-29T18:02:12.780Z]     #####################################################################################
[2022-06-29T18:02:12.780Z]     
[2022-06-29T18:02:12.780Z]     ctest --output-on-failure --timeout 500 -C RelWithDebInfo -E testUsdReferenceAssemblySelection|testUsdMayaAppDir -LE interactive --parallel 4
[2022-06-29T18:02:12.780Z]     
[2022-06-29T18:02:12.780Z]     Traceback (most recent call last):
[2022-06-29T18:02:12.780Z]       File "/local/S/jenkins/workspace/ECP/ecg-maya-usd/ecg-mayausd-branch-preflight-2020-osx/ecg-maya-usd/maya-usd/build.py", line 607, in <module>
[2022-06-29T18:02:12.780Z]         RunTests(context, context.ctestArgs)
[2022-06-29T18:02:12.780Z]       File "/local/S/jenkins/workspace/ECP/ecg-maya-usd/ecg-mayausd-branch-preflight-2020-osx/ecg-maya-usd/maya-usd/build.py", line 390, in RunTests
[2022-06-29T18:02:12.780Z]         RunCTest(context,extraArgs)
[2022-06-29T18:02:12.780Z]       File "/local/S/jenkins/workspace/ECP/ecg-maya-usd/ecg-mayausd-branch-preflight-2020-osx/ecg-maya-usd/maya-usd/build.py", line 301, in RunCTest
[2022-06-29T18:02:12.780Z]         extraArgs=(" ".join(extraArgs) if extraArgs else "")))
[2022-06-29T18:02:12.780Z]       File "/local/S/jenkins/workspace/ECP/ecg-maya-usd/ecg-mayausd-branch-preflight-2020-osx/ecg-maya-usd/maya-usd/build.py", line 165, in Run
[2022-06-29T18:02:12.780Z]         .format(cmd=cmd, log=os.path.abspath(context.logFileLocation)))
[2022-06-29T18:02:12.780Z]     RuntimeError: Failed to run 'ctest --output-on-failure --timeout 500 -C RelWithDebInfo -E testUsdReferenceAssemblySelection|testUsdMayaAppDir -LE interactive --parallel 4 '
[2022-06-29T18:02:12.780Z]     See /local/S/jenkins/workspace/ECP/ecg-maya-usd/ecg-mayausd-branch-preflight-2020-osx/build/RelWithDebInfo/build_log.txt for more details.
[2022-06-29T18:02:12.780Z] build.py: error: Command failed with error code: 1
[Pipeline] }
[Pipeline] // withEnv
[Pipeline] }
[Pipeline] // timeout
[Pipeline] }
[Pipeline] // stage
[Pipeline] }
[Pipeline] // timestamps
[Pipeline] emailextrecipients
Not sending mail to unregistered user ecg.jenkins@autodesk.com because your SCM claimed this was associated with a user ID ecg.jenkins' which your security realm does not recognize; you may need changes in your SCM plugin
Not sending mail to unregistered user ecg.jenkins@autodesk.com because your SCM claimed this was associated with a user ID ecg.jenkins' which your security realm does not recognize; you may need changes in your SCM plugin
[Pipeline] echo
No recipients to send notification.
[Pipeline] }
[Pipeline] // node
[Pipeline] End of Pipeline
ERROR: script returned exit code 1
[Checks API] No suitable checks publisher found.
Finished: FAILURE
