[2022-07-11T19:08:52.355Z] ================================================================================
[2022-07-11T19:08:52.355Z]                              setup (RelWithDebInfo)
[2022-07-11T19:08:52.355Z] ================================================================================
[Pipeline] bat
[2022-07-11T19:08:53.260Z] Deleting alias drive W:
[Pipeline] bat
[2022-07-11T19:08:54.430Z] Deleting alias drive P:
[Pipeline] }
[Pipeline] // withEnv
[Pipeline] }
[Pipeline] // timeout
[Pipeline] }
[Pipeline] // stage
[Pipeline] }
[Pipeline] // timestamps
[Pipeline] timestamps
[Pipeline] {
[Pipeline] stage
[Pipeline] { (Clean)
[Pipeline] timeout
[2022-07-11T19:08:56.394Z] Timeout set to expire in 6 hr 0 min
[Pipeline] {
[Pipeline] withEnv
[Pipeline] {
[Pipeline] bat
[2022-07-11T19:08:57.904Z] Creating alias drive P: to S:\jenkins\workspace
[Pipeline] bat
[2022-07-11T19:08:58.827Z] Creating alias drive W: to S:\jenkins\workspace\ECP\ecg-maya-usd\ecg-mayausd-branch-preflight-2020-windows
[Pipeline] bat
[2022-07-11T19:09:00.757Z] "C:\Program Files (x86)\Microsoft Visual Studio\2017\Professional\VC\Auxiliary\Build\vcvarsall.bat" x64
[2022-07-11T19:09:00.757Z] **********************************************************************
[2022-07-11T19:09:00.757Z] ** Visual Studio 2017 Developer Command Prompt v15.9.15
[2022-07-11T19:09:00.757Z] ** Copyright (c) 2017 Microsoft Corporation
[2022-07-11T19:09:00.757Z] **********************************************************************
[2022-07-11T19:09:01.491Z] [vcvarsall.bat] Environment initialized for: 'x64'
[2022-07-11T19:09:01.491Z] python ecg-maya-usd/build.py --stages=clean --workspace-dir=W:\ --artifactory-dir=P:\shared\Artifactory --build-dir=W:\build --install-dir=W:\install --signing-dir=W:\signing --package-dir=W:\package --output-dir=W:\output --stash-dir=W:\stash --jenkins-build=103 --git-commit=93cdaccba4b47c76dec10020797e3fae13e9e9dd --git-branch=master --variants=RelWithDebInfo --python=2.7 --post-zips=false --maya-cut-config=maya-rundev-2020.yaml --maya-package=rundev-2020 --stage-banner
[2022-07-11T19:09:02.376Z] Using Maya cut from P:\shared\Artifactory\Windows\rundev-2020\202107140359\runtime\5d64bf0
[2022-07-11T19:09:02.376Z] Using Maya ADSK Signatures from P:\shared\Artifactory\Windows\adsk-plugin-signatures-maya\2023\c1dbfce
[2022-07-11T19:09:02.376Z] Using Maya Security Library from P:\shared\Artifactory\Windows\maya-security-library\3.1.0\084709f
[2022-07-11T19:09:02.376Z] 
[2022-07-11T19:09:02.376Z] ================================================================================
[2022-07-11T19:09:02.376Z]                              clean (RelWithDebInfo)
[2022-07-11T19:09:02.376Z] ================================================================================
[2022-07-11T19:09:02.376Z] Maya Python RelWithDebInfo Info:
[2022-07-11T19:09:02.376Z]   mayapy executable   = P:\shared\Artifactory\Windows\rundev-2020\202107140359\runtime\5d64bf0\runTime\bin\mayapy.exe
[2022-07-11T19:09:02.376Z]   Include Folder      = P:\shared\Artifactory\Windows\rundev-2020\202107140359\runtime\5d64bf0\runTime\include\Python
[2022-07-11T19:09:02.376Z]   Library             = P:\shared\Artifactory\Windows\rundev-2020\202107140359\runtime\5d64bf0\runTime\lib\python27.lib
[2022-07-11T19:09:02.376Z]   site-package Folder = P:\shared\Artifactory\Windows\rundev-2020\202107140359\runtime\5d64bf0\runTime\Python\Lib\site-packages
[2022-07-11T19:09:06.111Z] In workdir: S:\jenkins\workspace\ECP\ecg-maya-usd\ecg-mayausd-branch-preflight-2020-windows\ecg-maya-usd\maya-usd
[2022-07-11T19:09:06.111Z] Executing: 'P:\\shared\\Artifactory\\Windows\\rundev-2020\\202107140359\\runtime\\5d64bf0\\runTime\\bin\\mayapy.exe' 'S:\\jenkins\\workspace\\ECP\\ecg-maya-usd\\ecg-mayausd-branch-preflight-2020-windows\\ecg-maya-usd\\maya-usd\\build.py' --generator Ninja --build-relwithdebug --maya-location 'P:\\shared\\Artifactory\\Windows\\rundev-2020\\202107140359\\runtime\\5d64bf0\\runTime' --devkit-location 'P:\\shared\\Artifactory\\Windows\\rundev-2020\\202107140359\\runtime\\5d64bf0\\devkitBase' --pxrusd-location 'P:\\shared\\Artifactory\\Windows\\USD\\c1313e5' --qt-location 'P:\\shared\\Artifactory\\Windows\\qt\\5.12.5\\4755980' '--build-args=-DCMAKE_MAKE_PROGRAM=P:/shared/Artifactory/Windows/ninja/1.9.0/c68f192/ninja.exe,-DPYTHON_INCLUDE_DIR=P:/shared/Artifactory/Windows/rundev-2020/202107140359/runtime/5d64bf0/runTime/include/Python,-DPython_EXECUTABLE=P:/shared/Artifactory/Windows/rundev-2020/202107140359/runtime/5d64bf0/runTime/bin/mayapy.exe,-DPYTHON_LIBRARIES=P:/shared/Artifactory/Windows/rundev-2020/202107140359/runtime/5d64bf0/runTime/lib/python27.lib,-DUSD_LIB_PREFIX=,-DCMAKE_WANT_MATERIALX_BUILD=ON,-DCMAKE_PREFIX_PATH=P:\\shared\\Artifactory\\Windows\\USD\\c1313e5' '--ctest-args=-E testUsdReferenceAssemblySelection|testUsdMayaAppDir,-LE interactive,--parallel 16' --stages=clean --redirect-outstream-file=False --install-location 'W:\\install\\RelWithDebInfo\\MayaUSD' 'W:\\'
[2022-07-11T19:09:06.111Z] Modified environment variables:
[2022-07-11T19:09:06.111Z]     PATH=P:\shared\Artifactory\Windows\cmake\3.20.3\afe857a\bin;C:\Python27\lib\site-packages\pywin32_system32;C:\Program Files (x86)\Microsoft Visual Studio\2017\Professional\VC\Tools\MSVC\14.16.27023\bin\HostX64\x64;C:\Program Files (x86)\Microsoft Visual Studio\2017\Professional\Common7\IDE\VC\VCPackages;C:\Program Files (x86)\Microsoft Visual Studio\2017\Professional\Common7\IDE\CommonExtensions\Microsoft\TestWindow;C:\Program Files (x86)\Microsoft Visual Studio\2017\Professional\Common7\IDE\CommonExtensions\Microsoft\TeamFoundation\Team Explorer;C:\Program Files (x86)\Microsoft Visual Studio\2017\Professional\MSBuild\15.0\bin\Roslyn;C:\Program Files (x86)\Microsoft Visual Studio\2017\Professional\Team Tools\Performance Tools\x64;C:\Program Files (x86)\Microsoft Visual Studio\2017\Professional\Team Tools\Performance Tools;C:\Program Files (x86)\Microsoft Visual Studio\Shared\Common\VSPerfCollectionTools\\x64;C:\Program Files (x86)\Microsoft Visual Studio\Shared\Common\VSPerfCollectionTools\;C:\Program Files (x86)\Microsoft SDKs\Windows\v10.0A\bin\NETFX 4.6.1 Tools\x64\;C:\Program Files (x86)\HTML Help Workshop;C:\Program Files (x86)\Windows Kits\10\bin\10.0.18362.0\x64;C:\Program Files (x86)\Windows Kits\10\bin\x64;C:\Program Files (x86)\Microsoft Visual Studio\2017\Professional\\MSBuild\15.0\bin;C:\WINDOWS\Microsoft.NET\Framework64\v4.0.30319;C:\Program Files (x86)\Microsoft Visual Studio\2017\Professional\Common7\IDE\;C:\Program Files (x86)\Microsoft Visual Studio\2017\Professional\Common7\Tools\;C:\Python27\;C:\Python27\Scripts;C:\WINDOWS\system32;C:\WINDOWS;C:\WINDOWS\System32\Wbem;C:\WINDOWS\System32\WindowsPowerShell\v1.0\;C:\WINDOWS\System32\OpenSSH\;C:\ProgramData\chocolatey\bin;C:\Program Files (x86)\WiX Toolset v3.7\bin;C:\Program Files\dotnet\;C:\Program Files (x86)\Windows Kits\10\bin\10.0.18362.0\x64;C:\Program Files\Zulu\zulu-11\bin\;C:\Program Files (x86)\Windows Kits\10\bin\10.0.17763.0\x64;C:\Program Files (x86)\Windows Kits\10\bin\x64;C:\Program Files\Git\cmd;C:\Program Files\Git\usr\bin;C:\Program Files\Git\mingw64\bin;C:\Program Files\Git\bin;C:\Python38\;C:\Python38\Scripts;C:\StoreBoxClientWindows;C:\Program Files\Electric Cloud\ElectricCommander\bin;C:\Program Files\WinRAR;C:\Program Files\7-Zip;C:\Users\Administrator\AppData\Local\Microsoft\WindowsApps;C:\Program Files (x86)\Microsoft Visual Studio\2017\Professional\Common7\IDE\CommonExtensions\Microsoft\CMake\CMake\bin;C:\Program Files (x86)\Microsoft Visual Studio\2017\Professional\Common7\IDE\CommonExtensions\Microsoft\CMake\Ninja
[2022-07-11T19:09:06.486Z]     
[2022-07-11T19:09:06.486Z]         Building with settings:
[2022-07-11T19:09:06.486Z]           Source directory          S:\jenkins\workspace\ECP\ecg-maya-usd\ecg-mayausd-branch-preflight-2020-windows\ecg-maya-usd\maya-usd
[2022-07-11T19:09:06.486Z]           Workspace directory       W:\
[2022-07-11T19:09:06.486Z]           Build directory           W:\build\RelWithDebInfo
[2022-07-11T19:09:06.486Z]           Install directory         W:\install\RelWithDebInfo\MayaUSD
[2022-07-11T19:09:06.486Z]           Variant                   RelWithDebInfo
[2022-07-11T19:09:06.486Z]           Python Debug              Off
[2022-07-11T19:09:06.486Z]           CMake generator           Ninja
[2022-07-11T19:09:06.486Z]           Build arguments           ['-DCMAKE_MAKE_PROGRAM=P:/shared/Artifactory/Windows/ninja/1.9.0/c68f192/ninja.exe', '-DPYTHON_INCLUDE_DIR=P:/shared/Artifactory/Windows/rundev-2020/202107140359/runtime/5d64bf0/runTime/include/Python', '-DPython_EXECUTABLE=P:/shared/Artifactory/Windows/rundev-2020/202107140359/runtime/5d64bf0/runTime/bin/mayapy.exe', '-DPYTHON_LIBRARIES=P:/shared/Artifactory/Windows/rundev-2020/202107140359/runtime/5d64bf0/runTime/lib/python27.lib', '-DUSD_LIB_PREFIX=', '-DCMAKE_WANT_MATERIALX_BUILD=ON', '-DCMAKE_PREFIX_PATH=P:\\shared\\Artifactory\\Windows\\USD\\c1313e5']
[2022-07-11T19:09:06.486Z]           Stages arguments          ['clean']
[2022-07-11T19:09:06.486Z]           CTest arguments           ['-E testUsdReferenceAssemblySelection|testUsdMayaAppDir', '-LE interactive', '--parallel 16']
[2022-07-11T19:09:06.486Z]     Success MayaUSD build and install !!!!
[2022-07-11T19:09:06.486Z]     Elapsed time: 00:00:00
[Pipeline] bat
[2022-07-11T19:09:07.551Z] Deleting alias drive W:
[Pipeline] bat
[2022-07-11T19:09:08.621Z] Deleting alias drive P:
[Pipeline] }
[Pipeline] // withEnv
[Pipeline] }
[Pipeline] // timeout
[Pipeline] }
[Pipeline] // stage
[Pipeline] }
[Pipeline] // timestamps
[Pipeline] timestamps
[Pipeline] {
[Pipeline] stage
[Pipeline] { (Configure)
[Pipeline] timeout
[2022-07-11T19:09:11.138Z] Timeout set to expire in 6 hr 0 min
[Pipeline] {
[Pipeline] withEnv
[Pipeline] {
[Pipeline] bat
[2022-07-11T19:09:12.847Z] Creating alias drive P: to S:\jenkins\workspace
[Pipeline] bat
[2022-07-11T19:09:13.811Z] Creating alias drive W: to S:\jenkins\workspace\ECP\ecg-maya-usd\ecg-mayausd-branch-preflight-2020-windows
[Pipeline] bat
[2022-07-11T19:09:17.276Z] "C:\Program Files (x86)\Microsoft Visual Studio\2017\Professional\VC\Auxiliary\Build\vcvarsall.bat" x64
[2022-07-11T19:09:17.276Z] **********************************************************************
[2022-07-11T19:09:17.276Z] ** Visual Studio 2017 Developer Command Prompt v15.9.15
[2022-07-11T19:09:17.276Z] ** Copyright (c) 2017 Microsoft Corporation
[2022-07-11T19:09:17.276Z] **********************************************************************
[2022-07-11T19:09:18.619Z] [vcvarsall.bat] Environment initialized for: 'x64'
[2022-07-11T19:09:18.619Z] python ecg-maya-usd/build.py --stages=configure --workspace-dir=W:\ --artifactory-dir=P:\shared\Artifactory --build-dir=W:\build --install-dir=W:\install --signing-dir=W:\signing --package-dir=W:\package --output-dir=W:\output --stash-dir=W:\stash --jenkins-build=103 --git-commit=93cdaccba4b47c76dec10020797e3fae13e9e9dd --git-branch=master --variants=RelWithDebInfo --python=2.7 --post-zips=false --maya-cut-config=maya-rundev-2020.yaml --maya-package=rundev-2020 --stage-banner
[2022-07-11T19:09:19.170Z] Using Maya cut from P:\shared\Artifactory\Windows\rundev-2020\202107140359\runtime\5d64bf0
[2022-07-11T19:09:19.170Z] Using Maya ADSK Signatures from P:\shared\Artifactory\Windows\adsk-plugin-signatures-maya\2023\c1dbfce
[2022-07-11T19:09:19.170Z] Using Maya Security Library from P:\shared\Artifactory\Windows\maya-security-library\3.1.0\084709f
[2022-07-11T19:09:19.170Z] 
[2022-07-11T19:09:19.170Z] ================================================================================
[2022-07-11T19:09:19.170Z]                            configure (RelWithDebInfo)
[2022-07-11T19:09:19.170Z] ================================================================================
[2022-07-11T19:09:19.170Z] Maya Python RelWithDebInfo Info:
[2022-07-11T19:09:19.170Z]   mayapy executable   = P:\shared\Artifactory\Windows\rundev-2020\202107140359\runtime\5d64bf0\runTime\bin\mayapy.exe
[2022-07-11T19:09:19.170Z]   Include Folder      = P:\shared\Artifactory\Windows\rundev-2020\202107140359\runtime\5d64bf0\runTime\include\Python
[2022-07-11T19:09:19.170Z]   Library             = P:\shared\Artifactory\Windows\rundev-2020\202107140359\runtime\5d64bf0\runTime\lib\python27.lib
[2022-07-11T19:09:19.170Z]   site-package Folder = P:\shared\Artifactory\Windows\rundev-2020\202107140359\runtime\5d64bf0\runTime\Python\Lib\site-packages
[2022-07-11T19:09:19.777Z] In workdir: S:\jenkins\workspace\ECP\ecg-maya-usd\ecg-mayausd-branch-preflight-2020-windows\ecg-maya-usd\maya-usd
[2022-07-11T19:09:19.777Z] Executing: 'P:\\shared\\Artifactory\\Windows\\rundev-2020\\202107140359\\runtime\\5d64bf0\\runTime\\bin\\mayapy.exe' 'S:\\jenkins\\workspace\\ECP\\ecg-maya-usd\\ecg-mayausd-branch-preflight-2020-windows\\ecg-maya-usd\\maya-usd\\build.py' --generator Ninja --build-relwithdebug --maya-location 'P:\\shared\\Artifactory\\Windows\\rundev-2020\\202107140359\\runtime\\5d64bf0\\runTime' --devkit-location 'P:\\shared\\Artifactory\\Windows\\rundev-2020\\202107140359\\runtime\\5d64bf0\\devkitBase' --pxrusd-location 'P:\\shared\\Artifactory\\Windows\\USD\\c1313e5' --qt-location 'P:\\shared\\Artifactory\\Windows\\qt\\5.12.5\\4755980' '--build-args=-DCMAKE_MAKE_PROGRAM=P:/shared/Artifactory/Windows/ninja/1.9.0/c68f192/ninja.exe,-DPYTHON_INCLUDE_DIR=P:/shared/Artifactory/Windows/rundev-2020/202107140359/runtime/5d64bf0/runTime/include/Python,-DPython_EXECUTABLE=P:/shared/Artifactory/Windows/rundev-2020/202107140359/runtime/5d64bf0/runTime/bin/mayapy.exe,-DPYTHON_LIBRARIES=P:/shared/Artifactory/Windows/rundev-2020/202107140359/runtime/5d64bf0/runTime/lib/python27.lib,-DUSD_LIB_PREFIX=,-DCMAKE_WANT_MATERIALX_BUILD=ON,-DCMAKE_PREFIX_PATH=P:\\shared\\Artifactory\\Windows\\USD\\c1313e5' '--ctest-args=-E testUsdReferenceAssemblySelection|testUsdMayaAppDir,-LE interactive,--parallel 16' --stages=configure --redirect-outstream-file=False --install-location 'W:\\install\\RelWithDebInfo\\MayaUSD' 'W:\\'
[2022-07-11T19:09:19.777Z] Modified environment variables:
[2022-07-11T19:09:19.777Z]     PATH=P:\shared\Artifactory\Windows\cmake\3.20.3\afe857a\bin;C:\Python27\lib\site-packages\pywin32_system32;C:\Program Files (x86)\Microsoft Visual Studio\2017\Professional\VC\Tools\MSVC\14.16.27023\bin\HostX64\x64;C:\Program Files (x86)\Microsoft Visual Studio\2017\Professional\Common7\IDE\VC\VCPackages;C:\Program Files (x86)\Microsoft Visual Studio\2017\Professional\Common7\IDE\CommonExtensions\Microsoft\TestWindow;C:\Program Files (x86)\Microsoft Visual Studio\2017\Professional\Common7\IDE\CommonExtensions\Microsoft\TeamFoundation\Team Explorer;C:\Program Files (x86)\Microsoft Visual Studio\2017\Professional\MSBuild\15.0\bin\Roslyn;C:\Program Files (x86)\Microsoft Visual Studio\2017\Professional\Team Tools\Performance Tools\x64;C:\Program Files (x86)\Microsoft Visual Studio\2017\Professional\Team Tools\Performance Tools;C:\Program Files (x86)\Microsoft Visual Studio\Shared\Common\VSPerfCollectionTools\\x64;C:\Program Files (x86)\Microsoft Visual Studio\Shared\Common\VSPerfCollectionTools\;C:\Program Files (x86)\Microsoft SDKs\Windows\v10.0A\bin\NETFX 4.6.1 Tools\x64\;C:\Program Files (x86)\HTML Help Workshop;C:\Program Files (x86)\Windows Kits\10\bin\10.0.18362.0\x64;C:\Program Files (x86)\Windows Kits\10\bin\x64;C:\Program Files (x86)\Microsoft Visual Studio\2017\Professional\\MSBuild\15.0\bin;C:\WINDOWS\Microsoft.NET\Framework64\v4.0.30319;C:\Program Files (x86)\Microsoft Visual Studio\2017\Professional\Common7\IDE\;C:\Program Files (x86)\Microsoft Visual Studio\2017\Professional\Common7\Tools\;C:\Python27\;C:\Python27\Scripts;C:\WINDOWS\system32;C:\WINDOWS;C:\WINDOWS\System32\Wbem;C:\WINDOWS\System32\WindowsPowerShell\v1.0\;C:\WINDOWS\System32\OpenSSH\;C:\ProgramData\chocolatey\bin;C:\Program Files (x86)\WiX Toolset v3.7\bin;C:\Program Files\dotnet\;C:\Program Files (x86)\Windows Kits\10\bin\10.0.18362.0\x64;C:\Program Files\Zulu\zulu-11\bin\;C:\Program Files (x86)\Windows Kits\10\bin\10.0.17763.0\x64;C:\Program Files (x86)\Windows Kits\10\bin\x64;C:\Program Files\Git\cmd;C:\Program Files\Git\usr\bin;C:\Program Files\Git\mingw64\bin;C:\Program Files\Git\bin;C:\Python38\;C:\Python38\Scripts;C:\StoreBoxClientWindows;C:\Program Files\Electric Cloud\ElectricCommander\bin;C:\Program Files\WinRAR;C:\Program Files\7-Zip;C:\Users\Administrator\AppData\Local\Microsoft\WindowsApps;C:\Program Files (x86)\Microsoft Visual Studio\2017\Professional\Common7\IDE\CommonExtensions\Microsoft\CMake\CMake\bin;C:\Program Files (x86)\Microsoft Visual Studio\2017\Professional\Common7\IDE\CommonExtensions\Microsoft\CMake\Ninja
[2022-07-11T19:09:20.677Z]     -- The C compiler identification is MSVC 19.16.27032.1
[2022-07-11T19:09:21.026Z]     -- The CXX compiler identification is MSVC 19.16.27032.1
[2022-07-11T19:09:21.462Z]     -- Detecting C compiler ABI info
[2022-07-11T19:09:22.296Z]     -- Detecting C compiler ABI info - done
[2022-07-11T19:09:22.296Z]     -- Check for working C compiler: C:/Program Files (x86)/Microsoft Visual Studio/2017/Professional/VC/Tools/MSVC/14.16.27023/bin/Hostx64/x64/cl.exe - skipped
[2022-07-11T19:09:22.296Z]     -- Detecting C compile features
[2022-07-11T19:09:22.296Z]     -- Detecting C compile features - done
[2022-07-11T19:09:22.296Z]     -- Detecting CXX compiler ABI info
[2022-07-11T19:09:22.687Z]     -- Detecting CXX compiler ABI info - done
[2022-07-11T19:09:22.687Z]     -- Check for working CXX compiler: C:/Program Files (x86)/Microsoft Visual Studio/2017/Professional/VC/Tools/MSVC/14.16.27023/bin/Hostx64/x64/cl.exe - skipped
[2022-07-11T19:09:22.687Z]     -- Detecting CXX compile features
[2022-07-11T19:09:22.687Z]     -- Detecting CXX compile features - done
[2022-07-11T19:09:23.083Z]     -- Using Maya Light API Version 1
[2022-07-11T19:09:23.083Z]     -- Maya array iterator has difference_type trait
[2022-07-11T19:09:23.083Z]     -- Found Maya: P:/shared/Artifactory/Windows/rundev-2020/202107140359/runtime/5d64bf0/runTime/bin/maya.exe (found suitable version "2020", minimum required is "2018")
[2022-07-11T19:09:23.454Z]     -- Found Python: P:/shared/Artifactory/Windows/rundev-2020/202107140359/runtime/5d64bf0/runTime/bin/mayapy.exe (found suitable exact version "2.7.11") found components: Interpreter
[2022-07-11T19:09:23.454Z]     -- Build MayaUSD with Python3 = OFF
[2022-07-11T19:09:23.454Z]     --    PYTHON_INCLUDE_DIRS = P:/shared/Artifactory/Windows/rundev-2020/202107140359/runtime/5d64bf0/runTime/include/Python
[2022-07-11T19:09:23.454Z]     --    PYTHON_LIBRARIES    = P:/shared/Artifactory/Windows/rundev-2020/202107140359/runtime/5d64bf0/runTime/lib/python27.lib
[2022-07-11T19:09:23.454Z]     --    Python_EXECUTABLE   = P:/shared/Artifactory/Windows/rundev-2020/202107140359/runtime/5d64bf0/runTime/bin/mayapy.exe
[2022-07-11T19:09:24.412Z]     -- USD include dir: P:/shared/Artifactory/Windows/USD/c1313e5/include
[2022-07-11T19:09:24.412Z]     -- USD library dir: P:/shared/Artifactory/Windows/USD/c1313e5/lib
[2022-07-11T19:09:24.412Z]     -- USD version: 0.21.11
[2022-07-11T19:09:24.412Z]     -- USD Boost::boost version: 107000
[2022-07-11T19:09:24.412Z]     -- Found USD: P:/shared/Artifactory/Windows/USD/c1313e5 (found suitable version "0.21.11", minimum required is "0.20.05")
[2022-07-11T19:09:24.412Z]     Updated PYTHONPATH: P:\shared\Artifactory\Windows\USD\c1313e5\lib\python
[2022-07-11T19:09:24.412Z]     Updated PATH: P:\shared\Artifactory\Windows\rundev-2020\202107140359\runtime\5d64bf0\runTime\bin;P:\shared\Artifactory\Windows\cmake\3.20.3\afe857a\bin;C:\Python27\lib\site-packages\pywin32_system32;C:\Program Files (x86)\Microsoft Visual Studio\2017\Professional\VC\Tools\MSVC\14.16.27023\bin\HostX64\x64;C:\Program Files (x86)\Microsoft Visual Studio\2017\Professional\Common7\IDE\VC\VCPackages;C:\Program Files (x86)\Microsoft Visual Studio\2017\Professional\Common7\IDE\CommonExtensions\Microsoft\TestWindow;C:\Program Files (x86)\Microsoft Visual Studio\2017\Professional\Common7\IDE\CommonExtensions\Microsoft\TeamFoundation\Team Explorer;C:\Program Files (x86)\Microsoft Visual Studio\2017\Professional\MSBuild\15.0\bin\Roslyn;C:\Program Files (x86)\Microsoft Visual Studio\2017\Professional\Team Tools\Performance Tools\x64;C:\Program Files (x86)\Microsoft Visual Studio\2017\Professional\Team Tools\Performance Tools;C:\Program Files (x86)\Microsoft Visual Studio\Shared\Common\VSPerfCollectionTools\\x64;C:\Program Files (x86)\Microsoft Visual Studio\Shared\Common\VSPerfCollectionTools\;C:\Program Files (x86)\Microsoft SDKs\Windows\v10.0A\bin\NETFX 4.6.1 Tools\x64\;C:\Program Files (x86)\HTML Help Workshop;C:\Program Files (x86)\Windows Kits\10\bin\10.0.18362.0\x64;C:\Program Files (x86)\Windows Kits\10\bin\x64;C:\Program Files (x86)\Microsoft Visual Studio\2017\Professional\\MSBuild\15.0\bin;C:\WINDOWS\Microsoft.NET\Framework64\v4.0.30319;C:\Program Files (x86)\Microsoft Visual Studio\2017\Professional\Common7\IDE\;C:\Program Files (x86)\Microsoft Visual Studio\2017\Professional\Common7\Tools\;C:\Python27\;C:\Python27\Scripts;C:\WINDOWS\system32;C:\WINDOWS;C:\WINDOWS\System32\Wbem;C:\WINDOWS\System32\WindowsPowerShell\v1.0\;C:\WINDOWS\System32\OpenSSH\;C:\ProgramData\chocolatey\bin;C:\Program Files (x86)\WiX Toolset v3.7\bin;C:\Program Files\dotnet\;C:\Program Files (x86)\Windows Kits\10\bin\10.0.18362.0\x64;C:\Program Files\Zulu\zulu-11\bin\;C:\Program Files (x86)\Windows Kits\10\bin\10.0.17763.0\x64;C:\Program Files (x86)\Windows Kits\10\bin\x64;C:\Program Files\Git\cmd;C:\Program Files\Git\usr\bin;C:\Program Files\Git\mingw64\bin;C:\Program Files\Git\bin;C:\Python38\;C:\Python38\Scripts;C:\StoreBoxClientWindows;C:\Program Files\Electric Cloud\ElectricCommander\bin;C:\Program Files\WinRAR;C:\Program Files\7-Zip;C:\Users\Administrator\AppData\Local\Microsoft\WindowsApps;C:\Program Files (x86)\Microsoft Visual Studio\2017\Professional\Common7\IDE\CommonExtensions\Microsoft\CMake\CMake\bin;C:\Program Files (x86)\Microsoft Visual Studio\2017\Professional\Common7\IDE\CommonExtensions\Microsoft\CMake\Ninja;P:\shared\Artifactory\Windows\USD\c1313e5\bin;P:\shared\Artifactory\Windows\USD\c1313e5\lib
[2022-07-11T19:09:24.412Z]     -- UFE include dir: P:/shared/Artifactory/Windows/rundev-2020/202107140359/runtime/5d64bf0/devkitBase/devkit/ufe/include
[2022-07-11T19:09:24.412Z]     -- UFE library: P:/shared/Artifactory/Windows/rundev-2020/202107140359/runtime/5d64bf0/devkitBase/devkit/ufe/lib/ufe_1.lib
[2022-07-11T19:09:24.412Z]     -- UFE version: 1.0.0
[2022-07-11T19:09:24.412Z]     -- Building with UFE 1.0.0 features enabled.
[2022-07-11T19:09:24.412Z]     CMake Warning at CMakeLists.txt:154 (message):
[2022-07-11T19:09:24.412Z]       Disabling MaterialX VP2 rendering: it is not supported by this version of
[2022-07-11T19:09:24.412Z]       Maya.
[2022-07-11T19:09:24.412Z]     
[2022-07-11T19:09:24.412Z]     
[2022-07-11T19:09:24.757Z]     -- Found MaterialX
[2022-07-11T19:09:24.757Z]     -- Building with Qt features enabled.
[2022-07-11T19:09:24.757Z]     -- **** Building Gulrak From Github Repository.
[2022-07-11T19:09:24.757Z]     -- Populating gulrak
[2022-07-11T19:09:25.257Z]     -- Configuring done
[2022-07-11T19:09:25.257Z]     -- Generating done
[2022-07-11T19:09:25.257Z]     -- Build files have been written to: W:/build/RelWithDebInfo/_deps/gulrak-subbuild
[2022-07-11T19:09:25.257Z]     [1/9] Creating directories for 'gulrak-populate'
[2022-07-11T19:09:25.257Z]     [1/9] Performing download step (git clone) for 'gulrak-populate'
[2022-07-11T19:09:25.824Z]     Cloning into 'gulrak-src'...
[2022-07-11T19:09:26.163Z]     HEAD is now at 4e21ab3 Version bump and updated readme.
[2022-07-11T19:09:26.935Z]     [2/9] Performing update step for 'gulrak-populate'
[2022-07-11T19:09:27.449Z]     [4/9] No patch step for 'gulrak-populate'
[2022-07-11T19:09:27.449Z]     [5/9] No configure step for 'gulrak-populate'
[2022-07-11T19:09:27.449Z]     [6/9] No build step for 'gulrak-populate'
[2022-07-11T19:09:27.449Z]     [7/9] No install step for 'gulrak-populate'
[2022-07-11T19:09:27.449Z]     [8/9] No test step for 'gulrak-populate'
[2022-07-11T19:09:27.449Z]     [9/9] Completed 'gulrak-populate'
[2022-07-11T19:09:28.235Z]     -- ========== Installing GoogleTest... ==========
[2022-07-11T19:09:28.235Z]     -- Configuring done
[2022-07-11T19:09:28.235Z]     -- Generating done
[2022-07-11T19:09:28.235Z]     -- Build files have been written to: W:/build/RelWithDebInfo/googletest-config
[2022-07-11T19:09:28.635Z]     [1/8] Creating directories for 'googletest'
[2022-07-11T19:09:32.105Z]     [2/8] Performing download step (git clone) for 'googletest'
[2022-07-11T19:09:32.105Z]     Cloning into 'googletest-src'...
[2022-07-11T19:09:32.105Z]     HEAD is now at 703bd9ca Googletest export
[2022-07-11T19:09:32.105Z]     [3/8] Performing update step for 'googletest'
[2022-07-11T19:09:32.105Z]     [4/8] No patch step for 'googletest'
[2022-07-11T19:09:34.984Z]     [5/8] Performing configure step for 'googletest'
[2022-07-11T19:09:34.984Z]     CMake Deprecation Warning at CMakeLists.txt:4 (cmake_minimum_required):
[2022-07-11T19:09:34.984Z]       Compatibility with CMake < 2.8.12 will be removed from a future version of
[2022-07-11T19:09:34.984Z]       CMake.
[2022-07-11T19:09:34.984Z]     
[2022-07-11T19:09:34.984Z]       Update the VERSION argument <min> value or use a ...<max> suffix to tell
[2022-07-11T19:09:34.984Z]       CMake that the project does not need compatibility with older versions.
[2022-07-11T19:09:34.984Z]     
[2022-07-11T19:09:34.984Z]     
[2022-07-11T19:09:34.984Z]     -- The C compiler identification is MSVC 19.16.27032.1
[2022-07-11T19:09:34.984Z]     -- The CXX compiler identification is MSVC 19.16.27032.1
[2022-07-11T19:09:34.984Z]     -- Detecting C compiler ABI info
[2022-07-11T19:09:34.984Z]     -- Detecting C compiler ABI info - done
[2022-07-11T19:09:34.984Z]     -- Check for working C compiler: C:/Program Files (x86)/Microsoft Visual Studio/2017/Professional/VC/Tools/MSVC/14.16.27023/bin/Hostx64/x64/cl.exe - skipped
[2022-07-11T19:09:34.984Z]     -- Detecting C compile features
[2022-07-11T19:09:34.984Z]     -- Detecting C compile features - done
[2022-07-11T19:09:34.984Z]     -- Detecting CXX compiler ABI info
[2022-07-11T19:09:34.984Z]     -- Detecting CXX compiler ABI info - done
[2022-07-11T19:09:34.984Z]     -- Check for working CXX compiler: C:/Program Files (x86)/Microsoft Visual Studio/2017/Professional/VC/Tools/MSVC/14.16.27023/bin/Hostx64/x64/cl.exe - skipped
[2022-07-11T19:09:34.984Z]     -- Detecting CXX compile features
[2022-07-11T19:09:34.984Z]     -- Detecting CXX compile features - done
[2022-07-11T19:09:34.984Z]     CMake Deprecation Warning at googletest/CMakeLists.txt:56 (cmake_minimum_required):
[2022-07-11T19:09:34.984Z]       Compatibility with CMake < 2.8.12 will be removed from a future version of
[2022-07-11T19:09:34.984Z]       CMake.
[2022-07-11T19:09:34.984Z]     
[2022-07-11T19:09:34.984Z]       Update the VERSION argument <min> value or use a ...<max> suffix to tell
[2022-07-11T19:09:34.984Z]       CMake that the project does not need compatibility with older versions.
[2022-07-11T19:09:34.984Z]     
[2022-07-11T19:09:34.984Z]     
[2022-07-11T19:09:34.984Z]     -- Found PythonInterp: C:/Python27/python.exe
[2022-07-11T19:09:34.984Z]     -- Looking for pthread.h
[2022-07-11T19:09:34.984Z]     -- Looking for pthread.h - not found
[2022-07-11T19:09:34.984Z]     -- Found Threads: TRUE
[2022-07-11T19:09:34.984Z]     -- Configuring done
[2022-07-11T19:09:34.984Z]     -- Generating done
[2022-07-11T19:09:34.984Z]     -- Build files have been written to: W:/build/RelWithDebInfo/googletest-build
[2022-07-11T19:09:39.998Z]     [6/8] Performing build step for 'googletest'
[2022-07-11T19:09:39.998Z]     [1/4] Building CXX object googletest\CMakeFiles\gtest_main.dir\src\gtest_main.cc.obj
[2022-07-11T19:09:39.998Z]     [2/4] Building CXX object googletest\CMakeFiles\gtest.dir\src\gtest-all.cc.obj
[2022-07-11T19:09:39.998Z]     [3/4] Linking CXX shared library bin\gtest.dll
[2022-07-11T19:09:39.998Z]     [4/4] Linking CXX shared library bin\gtest_main.dll
[2022-07-11T19:09:39.998Z]     [7/8] Performing install step for 'googletest'
[2022-07-11T19:09:39.998Z]     [0/1] Install the project...
[2022-07-11T19:09:39.998Z]     -- Install configuration: "RelWithDebInfo"
[2022-07-11T19:09:39.998Z]     -- Installing: W:/build/RelWithDebInfo/googletest-install/lib/cmake/GTest/GTestTargets.cmake
[2022-07-11T19:09:39.998Z]     -- Installing: W:/build/RelWithDebInfo/googletest-install/lib/cmake/GTest/GTestTargets-relwithdebinfo.cmake
[2022-07-11T19:09:39.998Z]     -- Installing: W:/build/RelWithDebInfo/googletest-install/lib/cmake/GTest/GTestConfigVersion.cmake
[2022-07-11T19:09:39.998Z]     -- Installing: W:/build/RelWithDebInfo/googletest-install/lib/cmake/GTest/GTestConfig.cmake
[2022-07-11T19:09:39.998Z]     -- Installing: W:/build/RelWithDebInfo/googletest-install/include
[2022-07-11T19:09:39.998Z]     -- Installing: W:/build/RelWithDebInfo/googletest-install/include/gtest
[2022-07-11T19:09:39.998Z]     -- Installing: W:/build/RelWithDebInfo/googletest-install/include/gtest/gtest-death-test.h
[2022-07-11T19:09:39.998Z]     -- Installing: W:/build/RelWithDebInfo/googletest-install/include/gtest/gtest-matchers.h
[2022-07-11T19:09:39.998Z]     -- Installing: W:/build/RelWithDebInfo/googletest-install/include/gtest/gtest-message.h
[2022-07-11T19:09:39.998Z]     -- Installing: W:/build/RelWithDebInfo/googletest-install/include/gtest/gtest-param-test.h
[2022-07-11T19:09:39.998Z]     -- Installing: W:/build/RelWithDebInfo/googletest-install/include/gtest/gtest-printers.h
[2022-07-11T19:09:39.998Z]     -- Installing: W:/build/RelWithDebInfo/googletest-install/include/gtest/gtest-spi.h
[2022-07-11T19:09:39.998Z]     -- Installing: W:/build/RelWithDebInfo/googletest-install/include/gtest/gtest-test-part.h
[2022-07-11T19:09:39.998Z]     -- Installing: W:/build/RelWithDebInfo/googletest-install/include/gtest/gtest-typed-test.h
[2022-07-11T19:09:39.998Z]     -- Installing: W:/build/RelWithDebInfo/googletest-install/include/gtest/gtest.h
[2022-07-11T19:09:39.998Z]     -- Installing: W:/build/RelWithDebInfo/googletest-install/include/gtest/gtest_pred_impl.h
[2022-07-11T19:09:39.998Z]     -- Installing: W:/build/RelWithDebInfo/googletest-install/include/gtest/gtest_prod.h
[2022-07-11T19:09:39.998Z]     -- Installing: W:/build/RelWithDebInfo/googletest-install/include/gtest/internal
[2022-07-11T19:09:39.998Z]     -- Installing: W:/build/RelWithDebInfo/googletest-install/include/gtest/internal/custom
[2022-07-11T19:09:39.998Z]     -- Installing: W:/build/RelWithDebInfo/googletest-install/include/gtest/internal/custom/gtest-port.h
[2022-07-11T19:09:39.998Z]     -- Installing: W:/build/RelWithDebInfo/googletest-install/include/gtest/internal/custom/gtest-printers.h
[2022-07-11T19:09:39.998Z]     -- Installing: W:/build/RelWithDebInfo/googletest-install/include/gtest/internal/custom/gtest.h
[2022-07-11T19:09:39.998Z]     -- Installing: W:/build/RelWithDebInfo/googletest-install/include/gtest/internal/custom/README.md
[2022-07-11T19:09:39.998Z]     -- Installing: W:/build/RelWithDebInfo/googletest-install/include/gtest/internal/gtest-death-test-internal.h
[2022-07-11T19:09:39.998Z]     -- Installing: W:/build/RelWithDebInfo/googletest-install/include/gtest/internal/gtest-filepath.h
[2022-07-11T19:09:39.998Z]     -- Installing: W:/build/RelWithDebInfo/googletest-install/include/gtest/internal/gtest-internal.h
[2022-07-11T19:09:39.998Z]     -- Installing: W:/build/RelWithDebInfo/googletest-install/include/gtest/internal/gtest-param-util.h
[2022-07-11T19:09:39.999Z]     -- Installing: W:/build/RelWithDebInfo/googletest-install/include/gtest/internal/gtest-port-arch.h
[2022-07-11T19:09:39.999Z]     -- Installing: W:/build/RelWithDebInfo/googletest-install/include/gtest/internal/gtest-port.h
[2022-07-11T19:09:39.999Z]     -- Installing: W:/build/RelWithDebInfo/googletest-install/include/gtest/internal/gtest-string.h
[2022-07-11T19:09:39.999Z]     -- Installing: W:/build/RelWithDebInfo/googletest-install/include/gtest/internal/gtest-type-util.h
[2022-07-11T19:09:39.999Z]     -- Installing: W:/build/RelWithDebInfo/googletest-install/include/gtest/internal/gtest-type-util.h.pump
[2022-07-11T19:09:39.999Z]     -- Installing: W:/build/RelWithDebInfo/googletest-install/lib/gtest.lib
[2022-07-11T19:09:39.999Z]     -- Installing: W:/build/RelWithDebInfo/googletest-install/bin/gtest.dll
[2022-07-11T19:09:39.999Z]     -- Installing: W:/build/RelWithDebInfo/googletest-install/lib/gtest_main.lib
[2022-07-11T19:09:39.999Z]     -- Installing: W:/build/RelWithDebInfo/googletest-install/bin/gtest_main.dll
[2022-07-11T19:09:39.999Z]     -- Installing: W:/build/RelWithDebInfo/googletest-install/lib/pkgconfig/gtest.pc
[2022-07-11T19:09:39.999Z]     -- Installing: W:/build/RelWithDebInfo/googletest-install/lib/pkgconfig/gtest_main.pc
[2022-07-11T19:09:39.999Z]     [8/8] Completed 'googletest'
[2022-07-11T19:09:39.999Z]     -- ========== ...  GoogleTest installed. ==========
[2022-07-11T19:09:40.831Z]     -- MAYA_HAS_DEFAULT_MATERIAL_API is FALSE
[2022-07-11T19:09:40.831Z]     -- MAYA_NEW_POINT_SNAPPING_SUPPORT is FALSE
[2022-07-11T19:09:40.831Z]     -- MAYA_HAS_CRASH_DETECTION is FALSE
[2022-07-11T19:09:40.831Z]     -- MAYA_CURRENT_UFE_CAMERA_SUPPORT is FALSE
[2022-07-11T19:09:40.831Z]     -- MAYA_MRENDERITEM_UFE_IDENTIFIER_SUPPORT is FALSE
[2022-07-11T19:09:40.832Z]     -- MAYA_UPDATE_UFE_IDENTIFIER_SUPPORT is FALSE
[2022-07-11T19:09:40.832Z]     -- MAYA_HAS_DISPLAY_STYLE_ALL_VIEWPORTS is FALSE
[2022-07-11T19:09:40.832Z]     -- MAYA_ARRAY_ITERATOR_DIFFERENCE_TYPE_SUPPORT is TRUE
[2022-07-11T19:09:40.832Z]     -- MAYA_HAS_GET_MEMBER_PATHS is FALSE
[2022-07-11T19:09:40.832Z]     -- USD_HAS_COLOR4_SDR_SUPPORT is FALSE
[2022-07-11T19:09:40.832Z]     -- MAYA_HAS_DISPLAY_LAYER_API is FALSE
[2022-07-11T19:09:40.832Z]     -- MAYA_HAS_NEW_DISPLAY_LAYER_MESSAGING_API is FALSE
[2022-07-11T19:09:40.832Z]     -- promoting: S:/jenkins/workspace/ECP/ecg-maya-usd/ecg-mayausd-branch-preflight-2020-windows/ecg-maya-usd/maya-usd/lib/mayaUsd/base/mayaUsd.h.src
[2022-07-11T19:09:40.832Z]     -- promoting: S:/jenkins/workspace/ECP/ecg-maya-usd/ecg-mayausd-branch-preflight-2020-windows/ecg-maya-usd/maya-usd/lib/mayaUsd/base/api.h
[2022-07-11T19:09:40.832Z]     -- promoting: S:/jenkins/workspace/ECP/ecg-maya-usd/ecg-mayausd-branch-preflight-2020-windows/ecg-maya-usd/maya-usd/lib/mayaUsd/base/debugCodes.h
[2022-07-11T19:09:40.832Z]     -- promoting: S:/jenkins/workspace/ECP/ecg-maya-usd/ecg-mayausd-branch-preflight-2020-windows/ecg-maya-usd/maya-usd/lib/mayaUsd/base/id.h
[2022-07-11T19:09:40.832Z]     -- promoting: S:/jenkins/workspace/ECP/ecg-maya-usd/ecg-mayausd-branch-preflight-2020-windows/ecg-maya-usd/maya-usd/lib/mayaUsd/base/syncId.h
[2022-07-11T19:09:40.832Z]     -- promoting: S:/jenkins/workspace/ECP/ecg-maya-usd/ecg-mayausd-branch-preflight-2020-windows/ecg-maya-usd/maya-usd/lib/mayaUsd/base/tokens.h
[2022-07-11T19:09:40.832Z]     -- promoting: S:/jenkins/workspace/ECP/ecg-maya-usd/ecg-mayausd-branch-preflight-2020-windows/ecg-maya-usd/maya-usd/lib/mayaUsd/commands/abstractLayerEditorWindow.h
[2022-07-11T19:09:40.832Z]     -- promoting: S:/jenkins/workspace/ECP/ecg-maya-usd/ecg-mayausd-branch-preflight-2020-windows/ecg-maya-usd/maya-usd/lib/mayaUsd/commands/baseExportCommand.h
[2022-07-11T19:09:40.832Z]     -- promoting: S:/jenkins/workspace/ECP/ecg-maya-usd/ecg-mayausd-branch-preflight-2020-windows/ecg-maya-usd/maya-usd/lib/mayaUsd/commands/baseImportCommand.h
[2022-07-11T19:09:40.832Z]     -- promoting: S:/jenkins/workspace/ECP/ecg-maya-usd/ecg-mayausd-branch-preflight-2020-windows/ecg-maya-usd/maya-usd/lib/mayaUsd/commands/baseListJobContextsCommand.h
[2022-07-11T19:09:40.832Z]     -- promoting: S:/jenkins/workspace/ECP/ecg-maya-usd/ecg-mayausd-branch-preflight-2020-windows/ecg-maya-usd/maya-usd/lib/mayaUsd/commands/baseListShadingModesCommand.h
[2022-07-11T19:09:40.832Z]     -- promoting: S:/jenkins/workspace/ECP/ecg-maya-usd/ecg-mayausd-branch-preflight-2020-windows/ecg-maya-usd/maya-usd/lib/mayaUsd/commands/editTargetCommand.h
[2022-07-11T19:09:40.832Z]     -- promoting: S:/jenkins/workspace/ECP/ecg-maya-usd/ecg-mayausd-branch-preflight-2020-windows/ecg-maya-usd/maya-usd/lib/mayaUsd/commands/layerEditorCommand.h
[2022-07-11T19:09:40.832Z]     -- promoting: S:/jenkins/workspace/ECP/ecg-maya-usd/ecg-mayausd-branch-preflight-2020-windows/ecg-maya-usd/maya-usd/lib/mayaUsd/commands/layerEditorWindowCommand.h
[2022-07-11T19:09:40.832Z]     -- promoting: S:/jenkins/workspace/ECP/ecg-maya-usd/ecg-mayausd-branch-preflight-2020-windows/ecg-maya-usd/maya-usd/lib/mayaUsd/fileio/fallbackPrimReader.h
[2022-07-11T19:09:40.832Z]     -- promoting: S:/jenkins/workspace/ECP/ecg-maya-usd/ecg-mayausd-branch-preflight-2020-windows/ecg-maya-usd/maya-usd/lib/mayaUsd/fileio/functorPrimReader.h
[2022-07-11T19:09:40.832Z]     -- promoting: S:/jenkins/workspace/ECP/ecg-maya-usd/ecg-mayausd-branch-preflight-2020-windows/ecg-maya-usd/maya-usd/lib/mayaUsd/fileio/functorPrimWriter.h
[2022-07-11T19:09:40.832Z]     -- promoting: S:/jenkins/workspace/ECP/ecg-maya-usd/ecg-mayausd-branch-preflight-2020-windows/ecg-maya-usd/maya-usd/lib/mayaUsd/fileio/importData.h
[2022-07-11T19:09:40.832Z]     -- promoting: S:/jenkins/workspace/ECP/ecg-maya-usd/ecg-mayausd-branch-preflight-2020-windows/ecg-maya-usd/maya-usd/lib/mayaUsd/fileio/instancedNodeWriter.h
[2022-07-11T19:09:40.832Z]     -- promoting: S:/jenkins/workspace/ECP/ecg-maya-usd/ecg-mayausd-branch-preflight-2020-windows/ecg-maya-usd/maya-usd/lib/mayaUsd/fileio/jobContextRegistry.h
[2022-07-11T19:09:40.832Z]     -- promoting: S:/jenkins/workspace/ECP/ecg-maya-usd/ecg-mayausd-branch-preflight-2020-windows/ecg-maya-usd/maya-usd/lib/mayaUsd/fileio/primReader.h
[2022-07-11T19:09:40.832Z]     -- promoting: S:/jenkins/workspace/ECP/ecg-maya-usd/ecg-mayausd-branch-preflight-2020-windows/ecg-maya-usd/maya-usd/lib/mayaUsd/fileio/primReaderArgs.h
[2022-07-11T19:09:40.832Z]     -- promoting: S:/jenkins/workspace/ECP/ecg-maya-usd/ecg-mayausd-branch-preflight-2020-windows/ecg-maya-usd/maya-usd/lib/mayaUsd/fileio/primReaderContext.h
[2022-07-11T19:09:40.832Z]     -- promoting: S:/jenkins/workspace/ECP/ecg-maya-usd/ecg-mayausd-branch-preflight-2020-windows/ecg-maya-usd/maya-usd/lib/mayaUsd/fileio/primReaderRegistry.h
[2022-07-11T19:09:40.832Z]     -- promoting: S:/jenkins/workspace/ECP/ecg-maya-usd/ecg-mayausd-branch-preflight-2020-windows/ecg-maya-usd/maya-usd/lib/mayaUsd/fileio/primWriter.h
[2022-07-11T19:09:40.832Z]     -- promoting: S:/jenkins/workspace/ECP/ecg-maya-usd/ecg-mayausd-branch-preflight-2020-windows/ecg-maya-usd/maya-usd/lib/mayaUsd/fileio/primWriterArgs.h
[2022-07-11T19:09:40.832Z]     -- promoting: S:/jenkins/workspace/ECP/ecg-maya-usd/ecg-mayausd-branch-preflight-2020-windows/ecg-maya-usd/maya-usd/lib/mayaUsd/fileio/primWriterContext.h
[2022-07-11T19:09:40.832Z]     -- promoting: S:/jenkins/workspace/ECP/ecg-maya-usd/ecg-mayausd-branch-preflight-2020-windows/ecg-maya-usd/maya-usd/lib/mayaUsd/fileio/primWriterRegistry.h
[2022-07-11T19:09:40.832Z]     -- promoting: S:/jenkins/workspace/ECP/ecg-maya-usd/ecg-mayausd-branch-preflight-2020-windows/ecg-maya-usd/maya-usd/lib/mayaUsd/fileio/registryHelper.h
[2022-07-11T19:09:40.832Z]     -- promoting: S:/jenkins/workspace/ECP/ecg-maya-usd/ecg-mayausd-branch-preflight-2020-windows/ecg-maya-usd/maya-usd/lib/mayaUsd/fileio/schemaApiAdaptor.h
[2022-07-11T19:09:40.832Z]     -- promoting: S:/jenkins/workspace/ECP/ecg-maya-usd/ecg-mayausd-branch-preflight-2020-windows/ecg-maya-usd/maya-usd/lib/mayaUsd/fileio/schemaApiAdaptorRegistry.h
[2022-07-11T19:09:40.832Z]     -- promoting: S:/jenkins/workspace/ECP/ecg-maya-usd/ecg-mayausd-branch-preflight-2020-windows/ecg-maya-usd/maya-usd/lib/mayaUsd/fileio/shaderReader.h
[2022-07-11T19:09:40.832Z]     -- promoting: S:/jenkins/workspace/ECP/ecg-maya-usd/ecg-mayausd-branch-preflight-2020-windows/ecg-maya-usd/maya-usd/lib/mayaUsd/fileio/shaderReaderRegistry.h
[2022-07-11T19:09:40.832Z]     -- promoting: S:/jenkins/workspace/ECP/ecg-maya-usd/ecg-mayausd-branch-preflight-2020-windows/ecg-maya-usd/maya-usd/lib/mayaUsd/fileio/shaderWriter.h
[2022-07-11T19:09:40.832Z]     -- promoting: S:/jenkins/workspace/ECP/ecg-maya-usd/ecg-mayausd-branch-preflight-2020-windows/ecg-maya-usd/maya-usd/lib/mayaUsd/fileio/shaderWriterRegistry.h
[2022-07-11T19:09:40.832Z]     -- promoting: S:/jenkins/workspace/ECP/ecg-maya-usd/ecg-mayausd-branch-preflight-2020-windows/ecg-maya-usd/maya-usd/lib/mayaUsd/fileio/transformWriter.h
[2022-07-11T19:09:40.832Z]     -- promoting: S:/jenkins/workspace/ECP/ecg-maya-usd/ecg-mayausd-branch-preflight-2020-windows/ecg-maya-usd/maya-usd/lib/mayaUsd/fileio/writeJobContext.h
[2022-07-11T19:09:40.832Z]     -- promoting: S:/jenkins/workspace/ECP/ecg-maya-usd/ecg-mayausd-branch-preflight-2020-windows/ecg-maya-usd/maya-usd/lib/mayaUsd/fileio/chaser/exportChaser.h
[2022-07-11T19:09:40.832Z]     -- promoting: S:/jenkins/workspace/ECP/ecg-maya-usd/ecg-mayausd-branch-preflight-2020-windows/ecg-maya-usd/maya-usd/lib/mayaUsd/fileio/chaser/exportChaserRegistry.h
[2022-07-11T19:09:40.832Z]     -- promoting: S:/jenkins/workspace/ECP/ecg-maya-usd/ecg-mayausd-branch-preflight-2020-windows/ecg-maya-usd/maya-usd/lib/mayaUsd/fileio/chaser/importChaserRegistry.h
[2022-07-11T19:09:40.832Z]     -- promoting: S:/jenkins/workspace/ECP/ecg-maya-usd/ecg-mayausd-branch-preflight-2020-windows/ecg-maya-usd/maya-usd/lib/mayaUsd/fileio/chaser/importChaser.h
[2022-07-11T19:09:40.832Z]     -- promoting: S:/jenkins/workspace/ECP/ecg-maya-usd/ecg-mayausd-branch-preflight-2020-windows/ecg-maya-usd/maya-usd/lib/mayaUsd/fileio/jobs/jobArgs.h
[2022-07-11T19:09:40.832Z]     -- promoting: S:/jenkins/workspace/ECP/ecg-maya-usd/ecg-mayausd-branch-preflight-2020-windows/ecg-maya-usd/maya-usd/lib/mayaUsd/fileio/jobs/meshDataReadJob.h
[2022-07-11T19:09:40.832Z]     -- promoting: S:/jenkins/workspace/ECP/ecg-maya-usd/ecg-mayausd-branch-preflight-2020-windows/ecg-maya-usd/maya-usd/lib/mayaUsd/fileio/jobs/modelKindProcessor.h
[2022-07-11T19:09:40.832Z]     -- promoting: S:/jenkins/workspace/ECP/ecg-maya-usd/ecg-mayausd-branch-preflight-2020-windows/ecg-maya-usd/maya-usd/lib/mayaUsd/fileio/jobs/readJob.h
[2022-07-11T19:09:40.832Z]     -- promoting: S:/jenkins/workspace/ECP/ecg-maya-usd/ecg-mayausd-branch-preflight-2020-windows/ecg-maya-usd/maya-usd/lib/mayaUsd/fileio/jobs/writeJob.h
[2022-07-11T19:09:40.832Z]     -- promoting: S:/jenkins/workspace/ECP/ecg-maya-usd/ecg-mayausd-branch-preflight-2020-windows/ecg-maya-usd/maya-usd/lib/mayaUsd/fileio/shading/rfmShaderMap.h
[2022-07-11T19:09:40.832Z]     -- promoting: S:/jenkins/workspace/ECP/ecg-maya-usd/ecg-mayausd-branch-preflight-2020-windows/ecg-maya-usd/maya-usd/lib/mayaUsd/fileio/shading/shadingModeExporter.h
[2022-07-11T19:09:40.832Z]     -- promoting: S:/jenkins/workspace/ECP/ecg-maya-usd/ecg-mayausd-branch-preflight-2020-windows/ecg-maya-usd/maya-usd/lib/mayaUsd/fileio/shading/shadingModeExporterContext.h
[2022-07-11T19:09:40.832Z]     -- promoting: S:/jenkins/workspace/ECP/ecg-maya-usd/ecg-mayausd-branch-preflight-2020-windows/ecg-maya-usd/maya-usd/lib/mayaUsd/fileio/shading/shadingModeImporter.h
[2022-07-11T19:09:40.832Z]     -- promoting: S:/jenkins/workspace/ECP/ecg-maya-usd/ecg-mayausd-branch-preflight-2020-windows/ecg-maya-usd/maya-usd/lib/mayaUsd/fileio/shading/shadingModeRegistry.h
[2022-07-11T19:09:40.832Z]     -- promoting: S:/jenkins/workspace/ECP/ecg-maya-usd/ecg-mayausd-branch-preflight-2020-windows/ecg-maya-usd/maya-usd/lib/mayaUsd/fileio/shading/symmetricShaderReader.h
[2022-07-11T19:09:40.832Z]     -- promoting: S:/jenkins/workspace/ECP/ecg-maya-usd/ecg-mayausd-branch-preflight-2020-windows/ecg-maya-usd/maya-usd/lib/mayaUsd/fileio/shading/symmetricShaderWriter.h
[2022-07-11T19:09:40.832Z]     -- promoting: S:/jenkins/workspace/ECP/ecg-maya-usd/ecg-mayausd-branch-preflight-2020-windows/ecg-maya-usd/maya-usd/lib/mayaUsd/fileio/translators/skelBindingsProcessor.h
[2022-07-11T19:09:40.832Z]     -- promoting: S:/jenkins/workspace/ECP/ecg-maya-usd/ecg-mayausd-branch-preflight-2020-windows/ecg-maya-usd/maya-usd/lib/mayaUsd/fileio/translators/translatorCamera.h
[2022-07-11T19:09:40.832Z]     -- promoting: S:/jenkins/workspace/ECP/ecg-maya-usd/ecg-mayausd-branch-preflight-2020-windows/ecg-maya-usd/maya-usd/lib/mayaUsd/fileio/translators/translatorCurves.h
[2022-07-11T19:09:40.832Z]     -- promoting: S:/jenkins/workspace/ECP/ecg-maya-usd/ecg-mayausd-branch-preflight-2020-windows/ecg-maya-usd/maya-usd/lib/mayaUsd/fileio/translators/translatorGprim.h
[2022-07-11T19:09:40.832Z]     -- promoting: S:/jenkins/workspace/ECP/ecg-maya-usd/ecg-mayausd-branch-preflight-2020-windows/ecg-maya-usd/maya-usd/lib/mayaUsd/fileio/translators/translatorLight.h
[2022-07-11T19:09:40.832Z]     -- promoting: S:/jenkins/workspace/ECP/ecg-maya-usd/ecg-mayausd-branch-preflight-2020-windows/ecg-maya-usd/maya-usd/lib/mayaUsd/fileio/translators/translatorMaterial.h
[2022-07-11T19:09:40.832Z]     -- promoting: S:/jenkins/workspace/ECP/ecg-maya-usd/ecg-mayausd-branch-preflight-2020-windows/ecg-maya-usd/maya-usd/lib/mayaUsd/fileio/translators/translatorMayaReference.h
[2022-07-11T19:09:40.832Z]     -- promoting: S:/jenkins/workspace/ECP/ecg-maya-usd/ecg-mayausd-branch-preflight-2020-windows/ecg-maya-usd/maya-usd/lib/mayaUsd/fileio/translators/translatorMesh.h
[2022-07-11T19:09:40.832Z]     -- promoting: S:/jenkins/workspace/ECP/ecg-maya-usd/ecg-mayausd-branch-preflight-2020-windows/ecg-maya-usd/maya-usd/lib/mayaUsd/fileio/translators/translatorNurbsPatch.h
[2022-07-11T19:09:40.832Z]     -- promoting: S:/jenkins/workspace/ECP/ecg-maya-usd/ecg-mayausd-branch-preflight-2020-windows/ecg-maya-usd/maya-usd/lib/mayaUsd/fileio/translators/translatorPrim.h
[2022-07-11T19:09:40.832Z]     -- promoting: S:/jenkins/workspace/ECP/ecg-maya-usd/ecg-mayausd-branch-preflight-2020-windows/ecg-maya-usd/maya-usd/lib/mayaUsd/fileio/translators/translatorRfMLight.h
[2022-07-11T19:09:40.832Z]     -- promoting: S:/jenkins/workspace/ECP/ecg-maya-usd/ecg-mayausd-branch-preflight-2020-windows/ecg-maya-usd/maya-usd/lib/mayaUsd/fileio/translators/translatorSkel.h
[2022-07-11T19:09:40.832Z]     -- promoting: S:/jenkins/workspace/ECP/ecg-maya-usd/ecg-mayausd-branch-preflight-2020-windows/ecg-maya-usd/maya-usd/lib/mayaUsd/fileio/translators/translatorUtil.h
[2022-07-11T19:09:40.832Z]     -- promoting: S:/jenkins/workspace/ECP/ecg-maya-usd/ecg-mayausd-branch-preflight-2020-windows/ecg-maya-usd/maya-usd/lib/mayaUsd/fileio/translators/translatorXformable.h
[2022-07-11T19:09:40.832Z]     -- promoting: S:/jenkins/workspace/ECP/ecg-maya-usd/ecg-mayausd-branch-preflight-2020-windows/ecg-maya-usd/maya-usd/lib/mayaUsd/fileio/utils/adaptor.h
[2022-07-11T19:09:40.832Z]     -- promoting: S:/jenkins/workspace/ECP/ecg-maya-usd/ecg-mayausd-branch-preflight-2020-windows/ecg-maya-usd/maya-usd/lib/mayaUsd/fileio/utils/jointWriteUtils.h
[2022-07-11T19:09:40.832Z]     -- promoting: S:/jenkins/workspace/ECP/ecg-maya-usd/ecg-mayausd-branch-preflight-2020-windows/ecg-maya-usd/maya-usd/lib/mayaUsd/fileio/utils/meshReadUtils.h
[2022-07-11T19:09:40.832Z]     -- promoting: S:/jenkins/workspace/ECP/ecg-maya-usd/ecg-mayausd-branch-preflight-2020-windows/ecg-maya-usd/maya-usd/lib/mayaUsd/fileio/utils/meshWriteUtils.h
[2022-07-11T19:09:40.832Z]     -- promoting: S:/jenkins/workspace/ECP/ecg-maya-usd/ecg-mayausd-branch-preflight-2020-windows/ecg-maya-usd/maya-usd/lib/mayaUsd/fileio/utils/readUtil.h
[2022-07-11T19:09:40.832Z]     -- promoting: S:/jenkins/workspace/ECP/ecg-maya-usd/ecg-mayausd-branch-preflight-2020-windows/ecg-maya-usd/maya-usd/lib/mayaUsd/fileio/utils/roundTripUtil.h
[2022-07-11T19:09:40.832Z]     -- promoting: S:/jenkins/workspace/ECP/ecg-maya-usd/ecg-mayausd-branch-preflight-2020-windows/ecg-maya-usd/maya-usd/lib/mayaUsd/fileio/utils/shadingUtil.h
[2022-07-11T19:09:40.832Z]     -- promoting: S:/jenkins/workspace/ECP/ecg-maya-usd/ecg-mayausd-branch-preflight-2020-windows/ecg-maya-usd/maya-usd/lib/mayaUsd/fileio/utils/userTaggedAttribute.h
[2022-07-11T19:09:40.832Z]     -- promoting: S:/jenkins/workspace/ECP/ecg-maya-usd/ecg-mayausd-branch-preflight-2020-windows/ecg-maya-usd/maya-usd/lib/mayaUsd/fileio/utils/writeUtil.h
[2022-07-11T19:09:40.832Z]     -- promoting: S:/jenkins/workspace/ECP/ecg-maya-usd/ecg-mayausd-branch-preflight-2020-windows/ecg-maya-usd/maya-usd/lib/mayaUsd/fileio/utils/xformStack.h
[2022-07-11T19:09:40.832Z]     -- promoting: S:/jenkins/workspace/ECP/ecg-maya-usd/ecg-mayausd-branch-preflight-2020-windows/ecg-maya-usd/maya-usd/lib/mayaUsd/listeners/notice.h
[2022-07-11T19:09:40.832Z]     -- promoting: S:/jenkins/workspace/ECP/ecg-maya-usd/ecg-mayausd-branch-preflight-2020-windows/ecg-maya-usd/maya-usd/lib/mayaUsd/listeners/proxyShapeNotice.h
[2022-07-11T19:09:40.832Z]     -- promoting: S:/jenkins/workspace/ECP/ecg-maya-usd/ecg-mayausd-branch-preflight-2020-windows/ecg-maya-usd/maya-usd/lib/mayaUsd/listeners/stageNoticeListener.h
[2022-07-11T19:09:40.832Z]     -- promoting: S:/jenkins/workspace/ECP/ecg-maya-usd/ecg-mayausd-branch-preflight-2020-windows/ecg-maya-usd/maya-usd/lib/mayaUsd/nodes/hdImagingShape.h
[2022-07-11T19:09:40.832Z]     -- promoting: S:/jenkins/workspace/ECP/ecg-maya-usd/ecg-mayausd-branch-preflight-2020-windows/ecg-maya-usd/maya-usd/lib/mayaUsd/nodes/pointBasedDeformerNode.h
[2022-07-11T19:09:40.832Z]     -- promoting: S:/jenkins/workspace/ECP/ecg-maya-usd/ecg-mayausd-branch-preflight-2020-windows/ecg-maya-usd/maya-usd/lib/mayaUsd/nodes/proxyAccessor.h
[2022-07-11T19:09:40.832Z]     -- promoting: S:/jenkins/workspace/ECP/ecg-maya-usd/ecg-mayausd-branch-preflight-2020-windows/ecg-maya-usd/maya-usd/lib/mayaUsd/nodes/proxyShapeBase.h
[2022-07-11T19:09:40.832Z]     -- promoting: S:/jenkins/workspace/ECP/ecg-maya-usd/ecg-mayausd-branch-preflight-2020-windows/ecg-maya-usd/maya-usd/lib/mayaUsd/nodes/proxyShapeLoadRules.h
[2022-07-11T19:09:40.832Z]     -- promoting: S:/jenkins/workspace/ECP/ecg-maya-usd/ecg-mayausd-branch-preflight-2020-windows/ecg-maya-usd/maya-usd/lib/mayaUsd/nodes/proxyShapePlugin.h
[2022-07-11T19:09:40.832Z]     -- promoting: S:/jenkins/workspace/ECP/ecg-maya-usd/ecg-mayausd-branch-preflight-2020-windows/ecg-maya-usd/maya-usd/lib/mayaUsd/nodes/proxyStageProvider.h
[2022-07-11T19:09:40.832Z]     -- promoting: S:/jenkins/workspace/ECP/ecg-maya-usd/ecg-mayausd-branch-preflight-2020-windows/ecg-maya-usd/maya-usd/lib/mayaUsd/nodes/stageData.h
[2022-07-11T19:09:40.832Z]     -- promoting: S:/jenkins/workspace/ECP/ecg-maya-usd/ecg-mayausd-branch-preflight-2020-windows/ecg-maya-usd/maya-usd/lib/mayaUsd/nodes/stageNode.h
[2022-07-11T19:09:40.832Z]     -- promoting: S:/jenkins/workspace/ECP/ecg-maya-usd/ecg-mayausd-branch-preflight-2020-windows/ecg-maya-usd/maya-usd/lib/mayaUsd/nodes/usdPrimProvider.h
[2022-07-11T19:09:40.833Z]     -- promoting: S:/jenkins/workspace/ECP/ecg-maya-usd/ecg-mayausd-branch-preflight-2020-windows/ecg-maya-usd/maya-usd/lib/mayaUsd/nodes/layerManager.h
[2022-07-11T19:09:40.833Z]     -- promoting: S:/jenkins/workspace/ECP/ecg-maya-usd/ecg-mayausd-branch-preflight-2020-windows/ecg-maya-usd/maya-usd/lib/mayaUsd/render/px_vp20/glslProgram.h
[2022-07-11T19:09:40.833Z]     -- promoting: S:/jenkins/workspace/ECP/ecg-maya-usd/ecg-mayausd-branch-preflight-2020-windows/ecg-maya-usd/maya-usd/lib/mayaUsd/render/px_vp20/utils.h
[2022-07-11T19:09:40.833Z]     -- promoting: S:/jenkins/workspace/ECP/ecg-maya-usd/ecg-mayausd-branch-preflight-2020-windows/ecg-maya-usd/maya-usd/lib/mayaUsd/render/px_vp20/utils_legacy.h
[2022-07-11T19:09:40.833Z]     -- promoting: S:/jenkins/workspace/ECP/ecg-maya-usd/ecg-mayausd-branch-preflight-2020-windows/ecg-maya-usd/maya-usd/lib/mayaUsd/render/pxrUsdMayaGL/batchRenderer.h
[2022-07-11T19:09:40.833Z]     -- promoting: S:/jenkins/workspace/ECP/ecg-maya-usd/ecg-mayausd-branch-preflight-2020-windows/ecg-maya-usd/maya-usd/lib/mayaUsd/render/pxrUsdMayaGL/debugCodes.h
[2022-07-11T19:09:40.833Z]     -- promoting: S:/jenkins/workspace/ECP/ecg-maya-usd/ecg-mayausd-branch-preflight-2020-windows/ecg-maya-usd/maya-usd/lib/mayaUsd/render/pxrUsdMayaGL/hdImagingShapeDrawOverride.h
[2022-07-11T19:09:40.835Z]     -- promoting: S:/jenkins/workspace/ECP/ecg-maya-usd/ecg-mayausd-branch-preflight-2020-windows/ecg-maya-usd/maya-usd/lib/mayaUsd/render/pxrUsdMayaGL/hdImagingShapeUI.h
[2022-07-11T19:09:40.835Z]     -- promoting: S:/jenkins/workspace/ECP/ecg-maya-usd/ecg-mayausd-branch-preflight-2020-windows/ecg-maya-usd/maya-usd/lib/mayaUsd/render/pxrUsdMayaGL/instancerImager.h
[2022-07-11T19:09:40.835Z]     -- promoting: S:/jenkins/workspace/ECP/ecg-maya-usd/ecg-mayausd-branch-preflight-2020-windows/ecg-maya-usd/maya-usd/lib/mayaUsd/render/pxrUsdMayaGL/instancerShapeAdapter.h
[2022-07-11T19:09:41.209Z]     -- promoting: S:/jenkins/workspace/ECP/ecg-maya-usd/ecg-mayausd-branch-preflight-2020-windows/ecg-maya-usd/maya-usd/lib/mayaUsd/render/pxrUsdMayaGL/proxyDrawOverride.h
[2022-07-11T19:09:41.209Z]     -- promoting: S:/jenkins/workspace/ECP/ecg-maya-usd/ecg-mayausd-branch-preflight-2020-windows/ecg-maya-usd/maya-usd/lib/mayaUsd/render/pxrUsdMayaGL/proxyShapeUI.h
[2022-07-11T19:09:41.209Z]     -- promoting: S:/jenkins/workspace/ECP/ecg-maya-usd/ecg-mayausd-branch-preflight-2020-windows/ecg-maya-usd/maya-usd/lib/mayaUsd/render/pxrUsdMayaGL/renderParams.h
[2022-07-11T19:09:41.209Z]     -- promoting: S:/jenkins/workspace/ECP/ecg-maya-usd/ecg-mayausd-branch-preflight-2020-windows/ecg-maya-usd/maya-usd/lib/mayaUsd/render/pxrUsdMayaGL/sceneDelegate.h
[2022-07-11T19:09:41.209Z]     -- promoting: S:/jenkins/workspace/ECP/ecg-maya-usd/ecg-mayausd-branch-preflight-2020-windows/ecg-maya-usd/maya-usd/lib/mayaUsd/render/pxrUsdMayaGL/shapeAdapter.h
[2022-07-11T19:09:41.209Z]     -- promoting: S:/jenkins/workspace/ECP/ecg-maya-usd/ecg-mayausd-branch-preflight-2020-windows/ecg-maya-usd/maya-usd/lib/mayaUsd/render/pxrUsdMayaGL/softSelectHelper.h
[2022-07-11T19:09:41.209Z]     -- promoting: S:/jenkins/workspace/ECP/ecg-maya-usd/ecg-mayausd-branch-preflight-2020-windows/ecg-maya-usd/maya-usd/lib/mayaUsd/render/pxrUsdMayaGL/usdProxyShapeAdapter.h
[2022-07-11T19:09:41.209Z]     -- promoting: S:/jenkins/workspace/ECP/ecg-maya-usd/ecg-mayausd-branch-preflight-2020-windows/ecg-maya-usd/maya-usd/lib/mayaUsd/render/pxrUsdMayaGL/userData.h
[2022-07-11T19:09:41.209Z]     -- promoting: S:/jenkins/workspace/ECP/ecg-maya-usd/ecg-mayausd-branch-preflight-2020-windows/ecg-maya-usd/maya-usd/lib/mayaUsd/render/vp2RenderDelegate/proxyRenderDelegate.h
[2022-07-11T19:09:41.209Z]     -- promoting: S:/jenkins/workspace/ECP/ecg-maya-usd/ecg-mayausd-branch-preflight-2020-windows/ecg-maya-usd/maya-usd/lib/mayaUsd/render/vp2ShaderFragments/shaderFragments.h
[2022-07-11T19:09:41.209Z]     -- UFE_LIGHTS_SUPPORT is FALSE
[2022-07-11T19:09:41.209Z]     -- UFE_SCENE_SEGMENT_SUPPORT is FALSE
[2022-07-11T19:09:41.209Z]     -- promoting: S:/jenkins/workspace/ECP/ecg-maya-usd/ecg-mayausd-branch-preflight-2020-windows/ecg-maya-usd/maya-usd/lib/mayaUsd/ufe/Global.h
[2022-07-11T19:09:41.209Z]     -- promoting: S:/jenkins/workspace/ECP/ecg-maya-usd/ecg-mayausd-branch-preflight-2020-windows/ecg-maya-usd/maya-usd/lib/mayaUsd/ufe/ProxyShapeHandler.h
[2022-07-11T19:09:41.209Z]     -- promoting: S:/jenkins/workspace/ECP/ecg-maya-usd/ecg-mayausd-branch-preflight-2020-windows/ecg-maya-usd/maya-usd/lib/mayaUsd/ufe/ProxyShapeHierarchy.h
[2022-07-11T19:09:41.209Z]     -- promoting: S:/jenkins/workspace/ECP/ecg-maya-usd/ecg-mayausd-branch-preflight-2020-windows/ecg-maya-usd/maya-usd/lib/mayaUsd/ufe/ProxyShapeHierarchyHandler.h
[2022-07-11T19:09:41.209Z]     -- promoting: S:/jenkins/workspace/ECP/ecg-maya-usd/ecg-mayausd-branch-preflight-2020-windows/ecg-maya-usd/maya-usd/lib/mayaUsd/ufe/StagesSubject.h
[2022-07-11T19:09:41.209Z]     -- promoting: S:/jenkins/workspace/ECP/ecg-maya-usd/ecg-mayausd-branch-preflight-2020-windows/ecg-maya-usd/maya-usd/lib/mayaUsd/ufe/UsdHierarchy.h
[2022-07-11T19:09:41.209Z]     -- promoting: S:/jenkins/workspace/ECP/ecg-maya-usd/ecg-mayausd-branch-preflight-2020-windows/ecg-maya-usd/maya-usd/lib/mayaUsd/ufe/UsdHierarchyHandler.h
[2022-07-11T19:09:41.209Z]     -- promoting: S:/jenkins/workspace/ECP/ecg-maya-usd/ecg-mayausd-branch-preflight-2020-windows/ecg-maya-usd/maya-usd/lib/mayaUsd/ufe/UsdPointInstanceModifierBase.h
[2022-07-11T19:09:41.209Z]     -- promoting: S:/jenkins/workspace/ECP/ecg-maya-usd/ecg-mayausd-branch-preflight-2020-windows/ecg-maya-usd/maya-usd/lib/mayaUsd/ufe/UsdPointInstanceOrientationModifier.h
[2022-07-11T19:09:41.209Z]     -- promoting: S:/jenkins/workspace/ECP/ecg-maya-usd/ecg-mayausd-branch-preflight-2020-windows/ecg-maya-usd/maya-usd/lib/mayaUsd/ufe/UsdPointInstancePositionModifier.h
[2022-07-11T19:09:41.209Z]     -- promoting: S:/jenkins/workspace/ECP/ecg-maya-usd/ecg-mayausd-branch-preflight-2020-windows/ecg-maya-usd/maya-usd/lib/mayaUsd/ufe/UsdPointInstanceScaleModifier.h
[2022-07-11T19:09:41.209Z]     -- promoting: S:/jenkins/workspace/ECP/ecg-maya-usd/ecg-mayausd-branch-preflight-2020-windows/ecg-maya-usd/maya-usd/lib/mayaUsd/ufe/UsdRootChildHierarchy.h
[2022-07-11T19:09:41.209Z]     -- promoting: S:/jenkins/workspace/ECP/ecg-maya-usd/ecg-mayausd-branch-preflight-2020-windows/ecg-maya-usd/maya-usd/lib/mayaUsd/ufe/UsdRotatePivotTranslateUndoableCommand.h
[2022-07-11T19:09:41.209Z]     -- promoting: S:/jenkins/workspace/ECP/ecg-maya-usd/ecg-mayausd-branch-preflight-2020-windows/ecg-maya-usd/maya-usd/lib/mayaUsd/ufe/UsdRotateUndoableCommand.h
[2022-07-11T19:09:41.209Z]     -- promoting: S:/jenkins/workspace/ECP/ecg-maya-usd/ecg-mayausd-branch-preflight-2020-windows/ecg-maya-usd/maya-usd/lib/mayaUsd/ufe/UsdScaleUndoableCommand.h
[2022-07-11T19:09:41.209Z]     -- promoting: S:/jenkins/workspace/ECP/ecg-maya-usd/ecg-mayausd-branch-preflight-2020-windows/ecg-maya-usd/maya-usd/lib/mayaUsd/ufe/UsdSceneItem.h
[2022-07-11T19:09:41.209Z]     -- promoting: S:/jenkins/workspace/ECP/ecg-maya-usd/ecg-mayausd-branch-preflight-2020-windows/ecg-maya-usd/maya-usd/lib/mayaUsd/ufe/UsdSceneItemOps.h
[2022-07-11T19:09:41.209Z]     -- promoting: S:/jenkins/workspace/ECP/ecg-maya-usd/ecg-mayausd-branch-preflight-2020-windows/ecg-maya-usd/maya-usd/lib/mayaUsd/ufe/UsdSceneItemOpsHandler.h
[2022-07-11T19:09:41.209Z]     -- promoting: S:/jenkins/workspace/ECP/ecg-maya-usd/ecg-mayausd-branch-preflight-2020-windows/ecg-maya-usd/maya-usd/lib/mayaUsd/ufe/UsdStageMap.h
[2022-07-11T19:09:41.209Z]     -- promoting: S:/jenkins/workspace/ECP/ecg-maya-usd/ecg-mayausd-branch-preflight-2020-windows/ecg-maya-usd/maya-usd/lib/mayaUsd/ufe/UsdTRSUndoableCommandBase.h
[2022-07-11T19:09:41.209Z]     -- promoting: S:/jenkins/workspace/ECP/ecg-maya-usd/ecg-mayausd-branch-preflight-2020-windows/ecg-maya-usd/maya-usd/lib/mayaUsd/ufe/UsdTransform3d.h
[2022-07-11T19:09:41.209Z]     -- promoting: S:/jenkins/workspace/ECP/ecg-maya-usd/ecg-mayausd-branch-preflight-2020-windows/ecg-maya-usd/maya-usd/lib/mayaUsd/ufe/UsdTransform3dHandler.h
[2022-07-11T19:09:41.209Z]     -- promoting: S:/jenkins/workspace/ECP/ecg-maya-usd/ecg-mayausd-branch-preflight-2020-windows/ecg-maya-usd/maya-usd/lib/mayaUsd/ufe/UsdTranslateUndoableCommand.h
[2022-07-11T19:09:41.209Z]     -- promoting: S:/jenkins/workspace/ECP/ecg-maya-usd/ecg-mayausd-branch-preflight-2020-windows/ecg-maya-usd/maya-usd/lib/mayaUsd/ufe/UsdUndoDeleteCommand.h
[2022-07-11T19:09:41.209Z]     -- promoting: S:/jenkins/workspace/ECP/ecg-maya-usd/ecg-mayausd-branch-preflight-2020-windows/ecg-maya-usd/maya-usd/lib/mayaUsd/ufe/UsdUndoDuplicateCommand.h
[2022-07-11T19:09:41.209Z]     -- promoting: S:/jenkins/workspace/ECP/ecg-maya-usd/ecg-mayausd-branch-preflight-2020-windows/ecg-maya-usd/maya-usd/lib/mayaUsd/ufe/UsdUndoRenameCommand.h
[2022-07-11T19:09:41.209Z]     -- promoting: S:/jenkins/workspace/ECP/ecg-maya-usd/ecg-mayausd-branch-preflight-2020-windows/ecg-maya-usd/maya-usd/lib/mayaUsd/ufe/Utils.h
[2022-07-11T19:09:41.209Z]     -- promoting: S:/jenkins/workspace/ECP/ecg-maya-usd/ecg-mayausd-branch-preflight-2020-windows/ecg-maya-usd/maya-usd/lib/mayaUsd/ufe/UfeVersionCompat.h
[2022-07-11T19:09:41.209Z]     -- promoting: S:/jenkins/workspace/ECP/ecg-maya-usd/ecg-mayausd-branch-preflight-2020-windows/ecg-maya-usd/maya-usd/lib/mayaUsd/ufe/UsdUndoMaterialCommands.h
[2022-07-11T19:09:41.209Z]     -- promoting: S:/jenkins/workspace/ECP/ecg-maya-usd/ecg-mayausd-branch-preflight-2020-windows/ecg-maya-usd/maya-usd/lib/mayaUsd/undo/OpUndoItemList.h
[2022-07-11T19:09:41.209Z]     -- promoting: S:/jenkins/workspace/ECP/ecg-maya-usd/ecg-mayausd-branch-preflight-2020-windows/ecg-maya-usd/maya-usd/lib/mayaUsd/undo/OpUndoItemMuting.h
[2022-07-11T19:09:41.209Z]     -- promoting: S:/jenkins/workspace/ECP/ecg-maya-usd/ecg-mayausd-branch-preflight-2020-windows/ecg-maya-usd/maya-usd/lib/mayaUsd/undo/OpUndoItemRecorder.h
[2022-07-11T19:09:41.209Z]     -- promoting: S:/jenkins/workspace/ECP/ecg-maya-usd/ecg-mayausd-branch-preflight-2020-windows/ecg-maya-usd/maya-usd/lib/mayaUsd/undo/OpUndoItems.h
[2022-07-11T19:09:41.209Z]     -- promoting: S:/jenkins/workspace/ECP/ecg-maya-usd/ecg-mayausd-branch-preflight-2020-windows/ecg-maya-usd/maya-usd/lib/mayaUsd/undo/UsdUndoBlock.h
[2022-07-11T19:09:41.209Z]     -- promoting: S:/jenkins/workspace/ECP/ecg-maya-usd/ecg-mayausd-branch-preflight-2020-windows/ecg-maya-usd/maya-usd/lib/mayaUsd/undo/UsdUndoManager.h
[2022-07-11T19:09:41.209Z]     -- promoting: S:/jenkins/workspace/ECP/ecg-maya-usd/ecg-mayausd-branch-preflight-2020-windows/ecg-maya-usd/maya-usd/lib/mayaUsd/undo/UsdUndoStateDelegate.h
[2022-07-11T19:09:41.209Z]     -- promoting: S:/jenkins/workspace/ECP/ecg-maya-usd/ecg-mayausd-branch-preflight-2020-windows/ecg-maya-usd/maya-usd/lib/mayaUsd/undo/UsdUndoableItem.h
[2022-07-11T19:09:41.209Z]     -- promoting: S:/jenkins/workspace/ECP/ecg-maya-usd/ecg-mayausd-branch-preflight-2020-windows/ecg-maya-usd/maya-usd/lib/mayaUsd/utils/blockSceneModificationContext.h
[2022-07-11T19:09:41.209Z]     -- promoting: S:/jenkins/workspace/ECP/ecg-maya-usd/ecg-mayausd-branch-preflight-2020-windows/ecg-maya-usd/maya-usd/lib/mayaUsd/utils/colorSpace.h
[2022-07-11T19:09:41.209Z]     -- promoting: S:/jenkins/workspace/ECP/ecg-maya-usd/ecg-mayausd-branch-preflight-2020-windows/ecg-maya-usd/maya-usd/lib/mayaUsd/utils/customLayerData.h
[2022-07-11T19:09:41.210Z]     -- promoting: S:/jenkins/workspace/ECP/ecg-maya-usd/ecg-mayausd-branch-preflight-2020-windows/ecg-maya-usd/maya-usd/lib/mayaUsd/utils/converter.h
[2022-07-11T19:09:41.210Z]     -- promoting: S:/jenkins/workspace/ECP/ecg-maya-usd/ecg-mayausd-branch-preflight-2020-windows/ecg-maya-usd/maya-usd/lib/mayaUsd/utils/diagnosticDelegate.h
[2022-07-11T19:09:41.210Z]     -- promoting: S:/jenkins/workspace/ECP/ecg-maya-usd/ecg-mayausd-branch-preflight-2020-windows/ecg-maya-usd/maya-usd/lib/mayaUsd/utils/editability.h
[2022-07-11T19:09:41.210Z]     -- promoting: S:/jenkins/workspace/ECP/ecg-maya-usd/ecg-mayausd-branch-preflight-2020-windows/ecg-maya-usd/maya-usd/lib/mayaUsd/utils/editRouter.h
[2022-07-11T19:09:41.210Z]     -- promoting: S:/jenkins/workspace/ECP/ecg-maya-usd/ecg-mayausd-branch-preflight-2020-windows/ecg-maya-usd/maya-usd/lib/mayaUsd/utils/hash.h
[2022-07-11T19:09:41.210Z]     -- promoting: S:/jenkins/workspace/ECP/ecg-maya-usd/ecg-mayausd-branch-preflight-2020-windows/ecg-maya-usd/maya-usd/lib/mayaUsd/utils/loadRules.h
[2022-07-11T19:09:41.210Z]     -- promoting: S:/jenkins/workspace/ECP/ecg-maya-usd/ecg-mayausd-branch-preflight-2020-windows/ecg-maya-usd/maya-usd/lib/mayaUsd/utils/query.h
[2022-07-11T19:09:41.210Z]     -- promoting: S:/jenkins/workspace/ECP/ecg-maya-usd/ecg-mayausd-branch-preflight-2020-windows/ecg-maya-usd/maya-usd/lib/mayaUsd/utils/plugRegistryHelper.h
[2022-07-11T19:09:41.210Z]     -- promoting: S:/jenkins/workspace/ECP/ecg-maya-usd/ecg-mayausd-branch-preflight-2020-windows/ecg-maya-usd/maya-usd/lib/mayaUsd/utils/progressBarScope.h
[2022-07-11T19:09:41.210Z]     -- promoting: S:/jenkins/workspace/ECP/ecg-maya-usd/ecg-mayausd-branch-preflight-2020-windows/ecg-maya-usd/maya-usd/lib/mayaUsd/utils/selectability.h
[2022-07-11T19:09:41.210Z]     -- promoting: S:/jenkins/workspace/ECP/ecg-maya-usd/ecg-mayausd-branch-preflight-2020-windows/ecg-maya-usd/maya-usd/lib/mayaUsd/utils/stageCache.h
[2022-07-11T19:09:41.210Z]     -- promoting: S:/jenkins/workspace/ECP/ecg-maya-usd/ecg-mayausd-branch-preflight-2020-windows/ecg-maya-usd/maya-usd/lib/mayaUsd/utils/traverseLayer.h
[2022-07-11T19:09:41.210Z]     -- promoting: S:/jenkins/workspace/ECP/ecg-maya-usd/ecg-mayausd-branch-preflight-2020-windows/ecg-maya-usd/maya-usd/lib/mayaUsd/utils/undoHelperCommand.h
[2022-07-11T19:09:41.210Z]     -- promoting: S:/jenkins/workspace/ECP/ecg-maya-usd/ecg-mayausd-branch-preflight-2020-windows/ecg-maya-usd/maya-usd/lib/mayaUsd/utils/util.h
[2022-07-11T19:09:41.210Z]     -- promoting: S:/jenkins/workspace/ECP/ecg-maya-usd/ecg-mayausd-branch-preflight-2020-windows/ecg-maya-usd/maya-usd/lib/mayaUsd/utils/utilFileSystem.h
[2022-07-11T19:09:41.210Z]     -- promoting: S:/jenkins/workspace/ECP/ecg-maya-usd/ecg-mayausd-branch-preflight-2020-windows/ecg-maya-usd/maya-usd/lib/mayaUsd/utils/utilSerialization.h
[2022-07-11T19:09:41.210Z]     -- promoting: S:/jenkins/workspace/ECP/ecg-maya-usd/ecg-mayausd-branch-preflight-2020-windows/ecg-maya-usd/maya-usd/lib/mayaUsd/utils/variants.h
[2022-07-11T19:09:41.210Z]     -- promoting: S:/jenkins/workspace/ECP/ecg-maya-usd/ecg-mayausd-branch-preflight-2020-windows/ecg-maya-usd/maya-usd/lib/mayaUsd/render/mayaToHydra/utils.h
[2022-07-11T19:09:41.210Z]     -- promoting: S:/jenkins/workspace/ECP/ecg-maya-usd/ecg-mayausd-branch-preflight-2020-windows/ecg-maya-usd/maya-usd/lib/usd/hdMaya/api.h
[2022-07-11T19:09:41.210Z]     -- promoting: S:/jenkins/workspace/ECP/ecg-maya-usd/ecg-mayausd-branch-preflight-2020-windows/ecg-maya-usd/maya-usd/lib/usd/hdMaya/utils.h
[2022-07-11T19:09:41.210Z]     -- promoting: S:/jenkins/workspace/ECP/ecg-maya-usd/ecg-mayausd-branch-preflight-2020-windows/ecg-maya-usd/maya-usd/lib/usd/hdMaya/debugCodes.h
[2022-07-11T19:09:41.210Z]     -- promoting: S:/jenkins/workspace/ECP/ecg-maya-usd/ecg-mayausd-branch-preflight-2020-windows/ecg-maya-usd/maya-usd/lib/usd/hdMaya/adapters/adapter.h
[2022-07-11T19:09:41.210Z]     -- promoting: S:/jenkins/workspace/ECP/ecg-maya-usd/ecg-mayausd-branch-preflight-2020-windows/ecg-maya-usd/maya-usd/lib/usd/hdMaya/adapters/adapterDebugCodes.h
[2022-07-11T19:09:41.210Z]     -- promoting: S:/jenkins/workspace/ECP/ecg-maya-usd/ecg-mayausd-branch-preflight-2020-windows/ecg-maya-usd/maya-usd/lib/usd/hdMaya/adapters/adapterRegistry.h
[2022-07-11T19:09:41.210Z]     -- promoting: S:/jenkins/workspace/ECP/ecg-maya-usd/ecg-mayausd-branch-preflight-2020-windows/ecg-maya-usd/maya-usd/lib/usd/hdMaya/adapters/cameraAdapter.h
[2022-07-11T19:09:41.210Z]     -- promoting: S:/jenkins/workspace/ECP/ecg-maya-usd/ecg-mayausd-branch-preflight-2020-windows/ecg-maya-usd/maya-usd/lib/usd/hdMaya/adapters/constantShadowMatrix.h
[2022-07-11T19:09:41.210Z]     -- promoting: S:/jenkins/workspace/ECP/ecg-maya-usd/ecg-mayausd-branch-preflight-2020-windows/ecg-maya-usd/maya-usd/lib/usd/hdMaya/adapters/dagAdapter.h
[2022-07-11T19:09:41.210Z]     -- promoting: S:/jenkins/workspace/ECP/ecg-maya-usd/ecg-mayausd-branch-preflight-2020-windows/ecg-maya-usd/maya-usd/lib/usd/hdMaya/adapters/lightAdapter.h
[2022-07-11T19:09:41.210Z]     -- promoting: S:/jenkins/workspace/ECP/ecg-maya-usd/ecg-mayausd-branch-preflight-2020-windows/ecg-maya-usd/maya-usd/lib/usd/hdMaya/adapters/proxyAdapter.h
[2022-07-11T19:09:41.210Z]     -- promoting: S:/jenkins/workspace/ECP/ecg-maya-usd/ecg-mayausd-branch-preflight-2020-windows/ecg-maya-usd/maya-usd/lib/usd/hdMaya/adapters/materialAdapter.h
[2022-07-11T19:09:41.210Z]     -- promoting: S:/jenkins/workspace/ECP/ecg-maya-usd/ecg-mayausd-branch-preflight-2020-windows/ecg-maya-usd/maya-usd/lib/usd/hdMaya/adapters/materialNetworkConverter.h
[2022-07-11T19:09:41.210Z]     -- promoting: S:/jenkins/workspace/ECP/ecg-maya-usd/ecg-mayausd-branch-preflight-2020-windows/ecg-maya-usd/maya-usd/lib/usd/hdMaya/adapters/mayaAttrs.h
[2022-07-11T19:09:41.210Z]     -- promoting: S:/jenkins/workspace/ECP/ecg-maya-usd/ecg-mayausd-branch-preflight-2020-windows/ecg-maya-usd/maya-usd/lib/usd/hdMaya/adapters/shapeAdapter.h
[2022-07-11T19:09:41.210Z]     -- promoting: S:/jenkins/workspace/ECP/ecg-maya-usd/ecg-mayausd-branch-preflight-2020-windows/ecg-maya-usd/maya-usd/lib/usd/hdMaya/adapters/tokens.h
[2022-07-11T19:09:41.210Z]     -- promoting: S:/jenkins/workspace/ECP/ecg-maya-usd/ecg-mayausd-branch-preflight-2020-windows/ecg-maya-usd/maya-usd/lib/usd/hdMaya/delegates/delegate.h
[2022-07-11T19:09:41.210Z]     -- promoting: S:/jenkins/workspace/ECP/ecg-maya-usd/ecg-mayausd-branch-preflight-2020-windows/ecg-maya-usd/maya-usd/lib/usd/hdMaya/delegates/delegateCtx.h
[2022-07-11T19:09:41.210Z]     -- promoting: S:/jenkins/workspace/ECP/ecg-maya-usd/ecg-mayausd-branch-preflight-2020-windows/ecg-maya-usd/maya-usd/lib/usd/hdMaya/delegates/delegateDebugCodes.h
[2022-07-11T19:09:41.210Z]     -- promoting: S:/jenkins/workspace/ECP/ecg-maya-usd/ecg-mayausd-branch-preflight-2020-windows/ecg-maya-usd/maya-usd/lib/usd/hdMaya/delegates/delegateRegistry.h
[2022-07-11T19:09:41.210Z]     -- promoting: S:/jenkins/workspace/ECP/ecg-maya-usd/ecg-mayausd-branch-preflight-2020-windows/ecg-maya-usd/maya-usd/lib/usd/hdMaya/delegates/params.h
[2022-07-11T19:09:41.210Z]     -- promoting: S:/jenkins/workspace/ECP/ecg-maya-usd/ecg-mayausd-branch-preflight-2020-windows/ecg-maya-usd/maya-usd/lib/usd/hdMaya/delegates/proxyDelegate.h
[2022-07-11T19:09:41.210Z]     -- promoting: S:/jenkins/workspace/ECP/ecg-maya-usd/ecg-mayausd-branch-preflight-2020-windows/ecg-maya-usd/maya-usd/lib/usd/hdMaya/delegates/proxyUsdImagingDelegate.h
[2022-07-11T19:09:41.210Z]     -- promoting: S:/jenkins/workspace/ECP/ecg-maya-usd/ecg-mayausd-branch-preflight-2020-windows/ecg-maya-usd/maya-usd/lib/usd/hdMaya/delegates/sceneDelegate.h
[2022-07-11T19:09:41.210Z]     -- promoting: S:/jenkins/workspace/ECP/ecg-maya-usd/ecg-mayausd-branch-preflight-2020-windows/ecg-maya-usd/maya-usd/lib/usd/hdMaya/delegates/testDelegate.h
[2022-07-11T19:09:41.210Z]     -- promoting: S:/jenkins/workspace/ECP/ecg-maya-usd/ecg-mayausd-branch-preflight-2020-windows/ecg-maya-usd/maya-usd/lib/usd/pxrUsdPreviewSurface/usdPreviewSurface.h
[2022-07-11T19:09:41.210Z]     -- promoting: S:/jenkins/workspace/ECP/ecg-maya-usd/ecg-mayausd-branch-preflight-2020-windows/ecg-maya-usd/maya-usd/lib/usd/pxrUsdPreviewSurface/usdPreviewSurfacePlugin.h
[2022-07-11T19:09:41.210Z]     -- promoting: S:/jenkins/workspace/ECP/ecg-maya-usd/ecg-mayausd-branch-preflight-2020-windows/ecg-maya-usd/maya-usd/lib/usd/schemas/api.h
[2022-07-11T19:09:41.210Z]     -- promoting: S:/jenkins/workspace/ECP/ecg-maya-usd/ecg-mayausd-branch-preflight-2020-windows/ecg-maya-usd/maya-usd/lib/usd/schemas/ALMayaReference.h
[2022-07-11T19:09:41.210Z]     -- promoting: S:/jenkins/workspace/ECP/ecg-maya-usd/ecg-mayausd-branch-preflight-2020-windows/ecg-maya-usd/maya-usd/lib/usd/schemas/MayaReference.h
[2022-07-11T19:09:41.210Z]     -- promoting: S:/jenkins/workspace/ECP/ecg-maya-usd/ecg-mayausd-branch-preflight-2020-windows/ecg-maya-usd/maya-usd/lib/usd/schemas/tokens.h
[2022-07-11T19:09:42.436Z]     #################################################################################################
[2022-07-11T19:09:42.436Z]     #  USD_DISABLE_PRIM_DEFINITIONS_FOR_USDGENSCHEMA is overridden to 'true'.  Default is 'false'.  #
[2022-07-11T19:09:42.436Z]     #################################################################################################
[2022-07-11T19:09:42.846Z]     Processing schema classes:
[2022-07-11T19:09:42.846Z]     MayaReference, ALMayaReference
[2022-07-11T19:09:42.846Z]     Loading Templates from p:\shared\Artifactory\Windows\USD\c1313e5\lib\usd\usd\resources\codegenTemplates
[2022-07-11T19:09:42.846Z]     Writing API:
[2022-07-11T19:09:42.846Z]     	    wrote W:\build\RelWithDebInfo\lib\usd\schemas\api.h
[2022-07-11T19:09:42.846Z]     Writing Schema Tokens:
[2022-07-11T19:09:42.846Z]     	    wrote W:\build\RelWithDebInfo\lib\usd\schemas\tokens.h
[2022-07-11T19:09:42.846Z]     	    wrote W:\build\RelWithDebInfo\lib\usd\schemas\tokens.cpp
[2022-07-11T19:09:42.846Z]     	    wrote W:\build\RelWithDebInfo\lib\usd\schemas\wrapTokens.cpp
[2022-07-11T19:09:42.846Z]     Generating Classes:
[2022-07-11T19:09:42.846Z]     	    wrote W:\build\RelWithDebInfo\lib\usd\schemas\MayaReference.h
[2022-07-11T19:09:42.846Z]     	    wrote W:\build\RelWithDebInfo\lib\usd\schemas\MayaReference.cpp
[2022-07-11T19:09:42.846Z]     	    wrote W:\build\RelWithDebInfo\lib\usd\schemas\wrapMayaReference.cpp
[2022-07-11T19:09:42.846Z]     	    wrote W:\build\RelWithDebInfo\lib\usd\schemas\ALMayaReference.h
[2022-07-11T19:09:42.846Z]     	    wrote W:\build\RelWithDebInfo\lib\usd\schemas\ALMayaReference.cpp
[2022-07-11T19:09:42.846Z]     	    wrote W:\build\RelWithDebInfo\lib\usd\schemas\wrapALMayaReference.cpp
[2022-07-11T19:09:42.846Z]     Loading Templates from p:\shared\Artifactory\Windows\USD\c1313e5\lib\usd\usd\resources\codegenTemplates
[2022-07-11T19:09:42.846Z]     	    wrote W:\build\RelWithDebInfo\lib\usd\schemas\plugInfo.json
[2022-07-11T19:09:42.846Z]     Generating Schematics:
[2022-07-11T19:09:42.846Z]     	    wrote W:\build\RelWithDebInfo\lib\usd\schemas\generatedSchema.usda
[2022-07-11T19:09:42.846Z]     -- promoting: S:/jenkins/workspace/ECP/ecg-maya-usd/ecg-mayausd-branch-preflight-2020-windows/ecg-maya-usd/maya-usd/lib/usd/utils/ALHalf.h
[2022-07-11T19:09:42.847Z]     -- promoting: S:/jenkins/workspace/ECP/ecg-maya-usd/ecg-mayausd-branch-preflight-2020-windows/ecg-maya-usd/maya-usd/lib/usd/utils/Api.h
[2022-07-11T19:09:42.847Z]     -- promoting: S:/jenkins/workspace/ECP/ecg-maya-usd/ecg-mayausd-branch-preflight-2020-windows/ecg-maya-usd/maya-usd/lib/usd/utils/DebugCodes.h
[2022-07-11T19:09:42.847Z]     -- promoting: S:/jenkins/workspace/ECP/ecg-maya-usd/ecg-mayausd-branch-preflight-2020-windows/ecg-maya-usd/maya-usd/lib/usd/utils/DiffCore.h
[2022-07-11T19:09:42.847Z]     -- promoting: S:/jenkins/workspace/ECP/ecg-maya-usd/ecg-mayausd-branch-preflight-2020-windows/ecg-maya-usd/maya-usd/lib/usd/utils/DiffPrims.h
[2022-07-11T19:09:42.847Z]     -- promoting: S:/jenkins/workspace/ECP/ecg-maya-usd/ecg-mayausd-branch-preflight-2020-windows/ecg-maya-usd/maya-usd/lib/usd/utils/MergePrims.h
[2022-07-11T19:09:42.847Z]     -- promoting: S:/jenkins/workspace/ECP/ecg-maya-usd/ecg-mayausd-branch-preflight-2020-windows/ecg-maya-usd/maya-usd/lib/usd/utils/MergePrimsOptions.h
[2022-07-11T19:09:42.847Z]     -- promoting: S:/jenkins/workspace/ECP/ecg-maya-usd/ecg-mayausd-branch-preflight-2020-windows/ecg-maya-usd/maya-usd/lib/usd/utils/ForwardDeclares.h
[2022-07-11T19:09:42.847Z]     -- promoting: S:/jenkins/workspace/ECP/ecg-maya-usd/ecg-mayausd-branch-preflight-2020-windows/ecg-maya-usd/maya-usd/lib/usd/utils/SIMD.h
[2022-07-11T19:09:42.847Z]     -- promoting: S:/jenkins/workspace/ECP/ecg-maya-usd/ecg-mayausd-branch-preflight-2020-windows/ecg-maya-usd/maya-usd/lib/usd/utils/util.h
[2022-07-11T19:09:42.847Z]     -- promoting: S:/jenkins/workspace/ECP/ecg-maya-usd/ecg-mayausd-branch-preflight-2020-windows/ecg-maya-usd/maya-usd/lib/usd/ui/layerEditor/batchSaveLayersUIDelegate.h
[2022-07-11T19:09:42.847Z]     -- promoting: S:/jenkins/workspace/ECP/ecg-maya-usd/ecg-mayausd-branch-preflight-2020-windows/ecg-maya-usd/maya-usd/lib/usd/ui/importDialog/IMayaMQtUtil.h
[2022-07-11T19:09:42.847Z]     -- promoting: S:/jenkins/workspace/ECP/ecg-maya-usd/ecg-mayausd-branch-preflight-2020-windows/ecg-maya-usd/maya-usd/lib/usd/ui/importDialog/ItemDelegate.h
[2022-07-11T19:09:42.847Z]     -- promoting: S:/jenkins/workspace/ECP/ecg-maya-usd/ecg-mayausd-branch-preflight-2020-windows/ecg-maya-usd/maya-usd/lib/usd/ui/importDialog/IUSDImportView.h
[2022-07-11T19:09:42.847Z]     -- promoting: S:/jenkins/workspace/ECP/ecg-maya-usd/ecg-mayausd-branch-preflight-2020-windows/ecg-maya-usd/maya-usd/lib/usd/ui/importDialog/TreeItem.h
[2022-07-11T19:09:42.847Z]     -- promoting: S:/jenkins/workspace/ECP/ecg-maya-usd/ecg-mayausd-branch-preflight-2020-windows/ecg-maya-usd/maya-usd/lib/usd/ui/importDialog/TreeModel.h
[2022-07-11T19:09:42.847Z]     -- promoting: S:/jenkins/workspace/ECP/ecg-maya-usd/ecg-mayausd-branch-preflight-2020-windows/ecg-maya-usd/maya-usd/lib/usd/ui/importDialog/TreeModelFactory.h
[2022-07-11T19:09:42.847Z]     -- promoting: S:/jenkins/workspace/ECP/ecg-maya-usd/ecg-mayausd-branch-preflight-2020-windows/ecg-maya-usd/maya-usd/lib/usd/ui/importDialog/USDImportDialog.h
[2022-07-11T19:09:42.847Z]     -- promoting: S:/jenkins/workspace/ECP/ecg-maya-usd/ecg-mayausd-branch-preflight-2020-windows/ecg-maya-usd/maya-usd/lib/usd/ui/importDialog/USDImportDialogCmd.h
[2022-07-11T19:09:42.847Z]     -- promoting: S:/jenkins/workspace/ECP/ecg-maya-usd/ecg-mayausd-branch-preflight-2020-windows/ecg-maya-usd/maya-usd/lib/usd/ui/importDialog/USDQtUtil.h
[2022-07-11T19:09:42.847Z]     -- promoting: S:/jenkins/workspace/ECP/ecg-maya-usd/ecg-mayausd-branch-preflight-2020-windows/ecg-maya-usd/maya-usd/lib/usd/ui/api.h
[2022-07-11T19:09:42.847Z]     -- promoting: S:/jenkins/workspace/ECP/ecg-maya-usd/ecg-mayausd-branch-preflight-2020-windows/ecg-maya-usd/maya-usd/lib/usd/ui/initStringResources.h
[2022-07-11T19:09:42.847Z]     ========== Pixar USD Plugin ==========
[2022-07-11T19:09:42.847Z]     Compiling W:/build/RelWithDebInfo/plugin/pxr/__init__.py ...
[2022-07-11T19:09:42.847Z]     ========== AL USD Plugin ==========
[2022-07-11T19:09:42.847Z]     CMake Deprecation Warning at plugin/al/CMakeLists.txt:7 (cmake_policy):
[2022-07-11T19:09:42.847Z]       The OLD behavior for policy CMP0026 will be removed from a future version
[2022-07-11T19:09:42.847Z]       of CMake.
[2022-07-11T19:09:42.847Z]     
[2022-07-11T19:09:42.847Z]       The cmake-policies(7) manual explains that the OLD behaviors of all
[2022-07-11T19:09:42.847Z]       policies are deprecated and that a policy should be set to OLD only under
[2022-07-11T19:09:42.847Z]       specific short-term circumstances.  Projects should be ported to the NEW
[2022-07-11T19:09:42.847Z]       behavior and not rely on setting a policy to OLD.
[2022-07-11T19:09:42.847Z]     
[2022-07-11T19:09:42.847Z]     
[2022-07-11T19:09:42.847Z]     -- Found Boost 1.70.0 at P:/shared/Artifactory/Windows/USD/c1313e5/lib/cmake/Boost-1.70.0
[2022-07-11T19:09:42.847Z]     --   Requested configuration: QUIET REQUIRED
[2022-07-11T19:09:42.847Z]     -- Found boost_headers 1.70.0 at P:/shared/Artifactory/Windows/USD/c1313e5/lib/cmake/boost_headers-1.70.0
[2022-07-11T19:09:42.847Z]     -- Found Boost: P:/shared/Artifactory/Windows/USD/c1313e5/lib/cmake/Boost-1.70.0/BoostConfig.cmake (found version "1.70.0")
[2022-07-11T19:09:42.847Z]     -- Found Boost 1.70.0 at P:/shared/Artifactory/Windows/USD/c1313e5/lib/cmake/Boost-1.70.0
[2022-07-11T19:09:42.847Z]     --   Requested configuration: QUIET REQUIRED COMPONENTS python
[2022-07-11T19:09:42.847Z]     -- Found boost_python 1.70.0 at P:/shared/Artifactory/Windows/USD/c1313e5/lib/cmake/boost_python-1.70.0
[2022-07-11T19:09:43.357Z]     --   boost_python27-vc141-mt-x64-1_70.lib
[2022-07-11T19:09:43.357Z]     -- Adding boost_python dependencies: headers
[2022-07-11T19:09:43.357Z]     -- Found Boost: P:/shared/Artifactory/Windows/USD/c1313e5/lib/cmake/Boost-1.70.0/BoostConfig.cmake (found version "1.70.0") found components: python
[2022-07-11T19:09:43.357Z]     -- Found GTest: W:/build/RelWithDebInfo/googletest-install/lib/gtest.lib
[2022-07-11T19:09:44.736Z]     -- Building AL_USDMayaSchemas
[2022-07-11T19:09:45.304Z]     #################################################################################################
[2022-07-11T19:09:45.305Z]     #  USD_DISABLE_PRIM_DEFINITIONS_FOR_USDGENSCHEMA is overridden to 'true'.  Default is 'false'.  #
[2022-07-11T19:09:45.305Z]     #################################################################################################
[2022-07-11T19:09:45.670Z]     Processing schema classes:
[2022-07-11T19:09:45.670Z]     ALModelAPI, ALFrameRange
[2022-07-11T19:09:45.670Z]     Loading Templates from p:\shared\Artifactory\Windows\USD\c1313e5\lib\usd\usd\resources\codegenTemplates
[2022-07-11T19:09:45.670Z]     Writing API:
[2022-07-11T19:09:45.670Z]     	    wrote W:\build\RelWithDebInfo\plugin\al\schemas\AL\usd\schemas\maya\api.h
[2022-07-11T19:09:45.670Z]     Writing Schema Tokens:
[2022-07-11T19:09:45.670Z]     	    wrote W:\build\RelWithDebInfo\plugin\al\schemas\AL\usd\schemas\maya\tokens.h
[2022-07-11T19:09:45.670Z]     	    wrote W:\build\RelWithDebInfo\plugin\al\schemas\AL\usd\schemas\maya\tokens.cpp
[2022-07-11T19:09:45.670Z]     	    wrote W:\build\RelWithDebInfo\plugin\al\schemas\AL\usd\schemas\maya\wrapTokens.cpp
[2022-07-11T19:09:45.670Z]     Generating Classes:
[2022-07-11T19:09:45.670Z]     	    wrote W:\build\RelWithDebInfo\plugin\al\schemas\AL\usd\schemas\maya\ModelAPI.h
[2022-07-11T19:09:45.670Z]     	    wrote W:\build\RelWithDebInfo\plugin\al\schemas\AL\usd\schemas\maya\ModelAPI.cpp
[2022-07-11T19:09:45.670Z]     	    wrote W:\build\RelWithDebInfo\plugin\al\schemas\AL\usd\schemas\maya\wrapModelAPI.cpp
[2022-07-11T19:09:45.670Z]     	    wrote W:\build\RelWithDebInfo\plugin\al\schemas\AL\usd\schemas\maya\FrameRange.h
[2022-07-11T19:09:45.670Z]     	    wrote W:\build\RelWithDebInfo\plugin\al\schemas\AL\usd\schemas\maya\FrameRange.cpp
[2022-07-11T19:09:45.670Z]     	    wrote W:\build\RelWithDebInfo\plugin\al\schemas\AL\usd\schemas\maya\wrapFrameRange.cpp
[2022-07-11T19:09:45.670Z]     Loading Templates from p:\shared\Artifactory\Windows\USD\c1313e5\lib\usd\usd\resources\codegenTemplates
[2022-07-11T19:09:45.670Z]     	    wrote W:\build\RelWithDebInfo\plugin\al\schemas\AL\usd\schemas\maya\plugInfo.json
[2022-07-11T19:09:45.670Z]     Generating Schematics:
[2022-07-11T19:09:45.670Z]     	    wrote W:\build\RelWithDebInfo\plugin\al\schemas\AL\usd\schemas\maya\generatedSchema.usda
[2022-07-11T19:09:46.512Z]     #################################################################################################
[2022-07-11T19:09:46.512Z]     #  USD_DISABLE_PRIM_DEFINITIONS_FOR_USDGENSCHEMA is overridden to 'true'.  Default is 'false'.  #
[2022-07-11T19:09:46.512Z]     #################################################################################################
[2022-07-11T19:09:46.512Z]     Processing schema classes:
[2022-07-11T19:09:46.512Z]     ALExamplePolyCubeNode
[2022-07-11T19:09:46.512Z]     Loading Templates from p:\shared\Artifactory\Windows\USD\c1313e5\lib\usd\usd\resources\codegenTemplates
[2022-07-11T19:09:46.512Z]     Writing API:
[2022-07-11T19:09:46.512Z]     	    wrote W:\build\RelWithDebInfo\plugin\al\schemas\AL\usd\schemas\mayatest\api.h
[2022-07-11T19:09:46.512Z]     Writing Schema Tokens:
[2022-07-11T19:09:46.512Z]     	    wrote W:\build\RelWithDebInfo\plugin\al\schemas\AL\usd\schemas\mayatest\tokens.h
[2022-07-11T19:09:46.512Z]     	    wrote W:\build\RelWithDebInfo\plugin\al\schemas\AL\usd\schemas\mayatest\tokens.cpp
[2022-07-11T19:09:46.512Z]     	    wrote W:\build\RelWithDebInfo\plugin\al\schemas\AL\usd\schemas\mayatest\wrapTokens.cpp
[2022-07-11T19:09:46.512Z]     Generating Classes:
[2022-07-11T19:09:46.512Z]     	    wrote W:\build\RelWithDebInfo\plugin\al\schemas\AL\usd\schemas\mayatest\ExamplePolyCubeNode.h
[2022-07-11T19:09:46.512Z]     	    wrote W:\build\RelWithDebInfo\plugin\al\schemas\AL\usd\schemas\mayatest\ExamplePolyCubeNode.cpp
[2022-07-11T19:09:46.512Z]     	    wrote W:\build\RelWithDebInfo\plugin\al\schemas\AL\usd\schemas\mayatest\wrapExamplePolyCubeNode.cpp
[2022-07-11T19:09:46.512Z]     Loading Templates from p:\shared\Artifactory\Windows\USD\c1313e5\lib\usd\usd\resources\codegenTemplates
[2022-07-11T19:09:46.512Z]     	    wrote W:\build\RelWithDebInfo\plugin\al\schemas\AL\usd\schemas\mayatest\plugInfo.json
[2022-07-11T19:09:46.512Z]     Generating Schematics:
[2022-07-11T19:09:46.512Z]     	    wrote W:\build\RelWithDebInfo\plugin\al\schemas\AL\usd\schemas\mayatest\generatedSchema.usda
[2022-07-11T19:09:46.512Z]     -- Building AL_USDMayaTranslators
[2022-07-11T19:09:46.512Z]     ========== ADSK USD Plugin ==========
[2022-07-11T19:09:46.512Z]     -- Configuring done
[2022-07-11T19:09:48.271Z]     -- Generating done
[2022-07-11T19:09:48.271Z]     -- Build files have been written to: W:/build/RelWithDebInfo
[2022-07-11T19:09:48.271Z]     
[2022-07-11T19:09:48.271Z]         Building with settings:
[2022-07-11T19:09:48.271Z]           Source directory          S:\jenkins\workspace\ECP\ecg-maya-usd\ecg-mayausd-branch-preflight-2020-windows\ecg-maya-usd\maya-usd
[2022-07-11T19:09:48.271Z]           Workspace directory       W:\
[2022-07-11T19:09:48.271Z]           Build directory           W:\build\RelWithDebInfo
[2022-07-11T19:09:48.271Z]           Install directory         W:\install\RelWithDebInfo\MayaUSD
[2022-07-11T19:09:48.271Z]           Variant                   RelWithDebInfo
[2022-07-11T19:09:48.271Z]           Python Debug              Off
[2022-07-11T19:09:48.271Z]           CMake generator           Ninja
[2022-07-11T19:09:48.271Z]           Build arguments           ['-DCMAKE_MAKE_PROGRAM=P:/shared/Artifactory/Windows/ninja/1.9.0/c68f192/ninja.exe', '-DPYTHON_INCLUDE_DIR=P:/shared/Artifactory/Windows/rundev-2020/202107140359/runtime/5d64bf0/runTime/include/Python', '-DPython_EXECUTABLE=P:/shared/Artifactory/Windows/rundev-2020/202107140359/runtime/5d64bf0/runTime/bin/mayapy.exe', '-DPYTHON_LIBRARIES=P:/shared/Artifactory/Windows/rundev-2020/202107140359/runtime/5d64bf0/runTime/lib/python27.lib', '-DUSD_LIB_PREFIX=', '-DCMAKE_WANT_MATERIALX_BUILD=ON', '-DCMAKE_PREFIX_PATH=P:\\shared\\Artifactory\\Windows\\USD\\c1313e5']
[2022-07-11T19:09:48.271Z]           Stages arguments          ['configure']
[2022-07-11T19:09:48.271Z]           CTest arguments           ['-E testUsdReferenceAssemblySelection|testUsdMayaAppDir', '-LE interactive', '--parallel 16']
[2022-07-11T19:09:48.271Z]     Success MayaUSD build and install !!!!
[2022-07-11T19:09:48.271Z]     Elapsed time: 00:00:28
[Pipeline] bat
[2022-07-11T19:09:49.368Z] Deleting alias drive W:
[Pipeline] bat
[2022-07-11T19:09:50.310Z] Deleting alias drive P:
[Pipeline] }
[Pipeline] // withEnv
[Pipeline] }
[Pipeline] // timeout
[Pipeline] }
[Pipeline] // stage
[Pipeline] }
[Pipeline] // timestamps
[Pipeline] timestamps
[Pipeline] {
[Pipeline] stage
[Pipeline] { (Build)
[Pipeline] timeout
[2022-07-11T19:09:53.492Z] Timeout set to expire in 6 hr 0 min
[Pipeline] {
[Pipeline] withEnv
[Pipeline] {
[Pipeline] bat
[2022-07-11T19:09:58.166Z] Creating alias drive P: to S:\jenkins\workspace
[Pipeline] bat
[2022-07-11T19:10:00.258Z] Creating alias drive W: to S:\jenkins\workspace\ECP\ecg-maya-usd\ecg-mayausd-branch-preflight-2020-windows
[Pipeline] bat
[2022-07-11T19:10:03.534Z] "C:\Program Files (x86)\Microsoft Visual Studio\2017\Professional\VC\Auxiliary\Build\vcvarsall.bat" x64
[2022-07-11T19:10:03.534Z] **********************************************************************
[2022-07-11T19:10:03.534Z] ** Visual Studio 2017 Developer Command Prompt v15.9.15
[2022-07-11T19:10:03.534Z] ** Copyright (c) 2017 Microsoft Corporation
[2022-07-11T19:10:03.534Z] **********************************************************************
[2022-07-11T19:10:04.794Z] [vcvarsall.bat] Environment initialized for: 'x64'
[2022-07-11T19:10:04.794Z] python ecg-maya-usd/build.py --stages=build --workspace-dir=W:\ --artifactory-dir=P:\shared\Artifactory --build-dir=W:\build --install-dir=W:\install --signing-dir=W:\signing --package-dir=W:\package --output-dir=W:\output --stash-dir=W:\stash --jenkins-build=103 --git-commit=93cdaccba4b47c76dec10020797e3fae13e9e9dd --git-branch=master --variants=RelWithDebInfo --python=2.7 --post-zips=false --build-retry=3 --maya-cut-config=maya-rundev-2020.yaml --maya-package=rundev-2020 --stage-banner
[2022-07-11T19:10:05.905Z] Using Maya cut from P:\shared\Artifactory\Windows\rundev-2020\202107140359\runtime\5d64bf0
[2022-07-11T19:10:05.905Z] Using Maya ADSK Signatures from P:\shared\Artifactory\Windows\adsk-plugin-signatures-maya\2023\c1dbfce
[2022-07-11T19:10:05.905Z] Using Maya Security Library from P:\shared\Artifactory\Windows\maya-security-library\3.1.0\084709f
[2022-07-11T19:10:05.905Z] 
[2022-07-11T19:10:05.905Z] ================================================================================
[2022-07-11T19:10:05.905Z]                              build (RelWithDebInfo)
[2022-07-11T19:10:05.905Z] ================================================================================
[2022-07-11T19:10:05.905Z] Maya Python RelWithDebInfo Info:
[2022-07-11T19:10:05.905Z]   mayapy executable   = P:\shared\Artifactory\Windows\rundev-2020\202107140359\runtime\5d64bf0\runTime\bin\mayapy.exe
[2022-07-11T19:10:05.905Z]   Include Folder      = P:\shared\Artifactory\Windows\rundev-2020\202107140359\runtime\5d64bf0\runTime\include\Python
[2022-07-11T19:10:05.905Z]   Library             = P:\shared\Artifactory\Windows\rundev-2020\202107140359\runtime\5d64bf0\runTime\lib\python27.lib
[2022-07-11T19:10:05.905Z]   site-package Folder = P:\shared\Artifactory\Windows\rundev-2020\202107140359\runtime\5d64bf0\runTime\Python\Lib\site-packages
[2022-07-11T19:10:06.307Z] In workdir: S:\jenkins\workspace\ECP\ecg-maya-usd\ecg-mayausd-branch-preflight-2020-windows\ecg-maya-usd\maya-usd
[2022-07-11T19:10:06.308Z] Executing: 'P:\\shared\\Artifactory\\Windows\\rundev-2020\\202107140359\\runtime\\5d64bf0\\runTime\\bin\\mayapy.exe' 'S:\\jenkins\\workspace\\ECP\\ecg-maya-usd\\ecg-mayausd-branch-preflight-2020-windows\\ecg-maya-usd\\maya-usd\\build.py' --generator Ninja --build-relwithdebug --maya-location 'P:\\shared\\Artifactory\\Windows\\rundev-2020\\202107140359\\runtime\\5d64bf0\\runTime' --devkit-location 'P:\\shared\\Artifactory\\Windows\\rundev-2020\\202107140359\\runtime\\5d64bf0\\devkitBase' --pxrusd-location 'P:\\shared\\Artifactory\\Windows\\USD\\c1313e5' --qt-location 'P:\\shared\\Artifactory\\Windows\\qt\\5.12.5\\4755980' '--build-args=-DCMAKE_MAKE_PROGRAM=P:/shared/Artifactory/Windows/ninja/1.9.0/c68f192/ninja.exe,-DPYTHON_INCLUDE_DIR=P:/shared/Artifactory/Windows/rundev-2020/202107140359/runtime/5d64bf0/runTime/include/Python,-DPython_EXECUTABLE=P:/shared/Artifactory/Windows/rundev-2020/202107140359/runtime/5d64bf0/runTime/bin/mayapy.exe,-DPYTHON_LIBRARIES=P:/shared/Artifactory/Windows/rundev-2020/202107140359/runtime/5d64bf0/runTime/lib/python27.lib,-DUSD_LIB_PREFIX=,-DCMAKE_WANT_MATERIALX_BUILD=ON,-DCMAKE_PREFIX_PATH=P:\\shared\\Artifactory\\Windows\\USD\\c1313e5' '--ctest-args=-E testUsdReferenceAssemblySelection|testUsdMayaAppDir,-LE interactive,--parallel 16' --stages=build --redirect-outstream-file=False --install-location 'W:\\install\\RelWithDebInfo\\MayaUSD' 'W:\\'
[2022-07-11T19:10:06.308Z] Modified environment variables:
[2022-07-11T19:10:06.308Z]     PATH=P:\shared\Artifactory\Windows\cmake\3.20.3\afe857a\bin;C:\Python27\lib\site-packages\pywin32_system32;C:\Program Files (x86)\Microsoft Visual Studio\2017\Professional\VC\Tools\MSVC\14.16.27023\bin\HostX64\x64;C:\Program Files (x86)\Microsoft Visual Studio\2017\Professional\Common7\IDE\VC\VCPackages;C:\Program Files (x86)\Microsoft Visual Studio\2017\Professional\Common7\IDE\CommonExtensions\Microsoft\TestWindow;C:\Program Files (x86)\Microsoft Visual Studio\2017\Professional\Common7\IDE\CommonExtensions\Microsoft\TeamFoundation\Team Explorer;C:\Program Files (x86)\Microsoft Visual Studio\2017\Professional\MSBuild\15.0\bin\Roslyn;C:\Program Files (x86)\Microsoft Visual Studio\2017\Professional\Team Tools\Performance Tools\x64;C:\Program Files (x86)\Microsoft Visual Studio\2017\Professional\Team Tools\Performance Tools;C:\Program Files (x86)\Microsoft Visual Studio\Shared\Common\VSPerfCollectionTools\\x64;C:\Program Files (x86)\Microsoft Visual Studio\Shared\Common\VSPerfCollectionTools\;C:\Program Files (x86)\Microsoft SDKs\Windows\v10.0A\bin\NETFX 4.6.1 Tools\x64\;C:\Program Files (x86)\HTML Help Workshop;C:\Program Files (x86)\Windows Kits\10\bin\10.0.18362.0\x64;C:\Program Files (x86)\Windows Kits\10\bin\x64;C:\Program Files (x86)\Microsoft Visual Studio\2017\Professional\\MSBuild\15.0\bin;C:\WINDOWS\Microsoft.NET\Framework64\v4.0.30319;C:\Program Files (x86)\Microsoft Visual Studio\2017\Professional\Common7\IDE\;C:\Program Files (x86)\Microsoft Visual Studio\2017\Professional\Common7\Tools\;C:\Python27\;C:\Python27\Scripts;C:\WINDOWS\system32;C:\WINDOWS;C:\WINDOWS\System32\Wbem;C:\WINDOWS\System32\WindowsPowerShell\v1.0\;C:\WINDOWS\System32\OpenSSH\;C:\ProgramData\chocolatey\bin;C:\Program Files (x86)\WiX Toolset v3.7\bin;C:\Program Files\dotnet\;C:\Program Files (x86)\Windows Kits\10\bin\10.0.18362.0\x64;C:\Program Files\Zulu\zulu-11\bin\;C:\Program Files (x86)\Windows Kits\10\bin\10.0.17763.0\x64;C:\Program Files (x86)\Windows Kits\10\bin\x64;C:\Program Files\Git\cmd;C:\Program Files\Git\usr\bin;C:\Program Files\Git\mingw64\bin;C:\Program Files\Git\bin;C:\Python38\;C:\Python38\Scripts;C:\StoreBoxClientWindows;C:\Program Files\Electric Cloud\ElectricCommander\bin;C:\Program Files\WinRAR;C:\Program Files\7-Zip;C:\Users\Administrator\AppData\Local\Microsoft\WindowsApps;C:\Program Files (x86)\Microsoft Visual Studio\2017\Professional\Common7\IDE\CommonExtensions\Microsoft\CMake\CMake\bin;C:\Program Files (x86)\Microsoft Visual Studio\2017\Professional\Common7\IDE\CommonExtensions\Microsoft\CMake\Ninja
[2022-07-11T19:10:07.533Z]     [1/663] Building CXX object test\lib\usd\plugin\CMakeFiles\usdTestMayaPlugin.dir\plugin.cpp.obj
[2022-07-11T19:10:07.533Z]     [2/663] Building CXX object test\lib\usd\plugin\CMakeFiles\usdTestApiWriter.dir\plugin.cpp.obj
[2022-07-11T19:10:07.533Z]     [3/663] Building CXX object test\lib\usd\plugin\CMakeFiles\usdTestInfoImportChaser.dir\plugin.cpp.obj
[2022-07-11T19:10:07.533Z]     [4/663] Building CXX object test\lib\mayaUsd\utils\CMakeFiles\testSplitString.dir\main.cpp.obj
[2022-07-11T19:10:07.886Z]     [5/663] Building CXX object test\lib\usd\utils\CMakeFiles\testDiffCore.dir\main.cpp.obj
[2022-07-11T19:10:07.886Z]     [6/663] Building CXX object test\lib\usd\utils\CMakeFiles\testDiffValues.dir\main.cpp.obj
[2022-07-11T19:10:08.265Z]     [7/663] Building CXX object test\lib\usd\utils\CMakeFiles\testDiffCore.dir\test_DiffCore.cpp.obj
[2022-07-11T19:10:08.627Z]     [8/663] Building CXX object test\lib\usd\utils\CMakeFiles\testDiffRelationships.dir\main.cpp.obj
[2022-07-11T19:10:08.627Z]     [9/663] Building CXX object test\lib\usd\utils\CMakeFiles\testDiffAttributes.dir\main.cpp.obj
[2022-07-11T19:10:09.373Z]     [10/663] Building CXX object test\lib\usd\utils\CMakeFiles\testDiffPrims.dir\main.cpp.obj
[2022-07-11T19:10:13.592Z]     [11/663] Building CXX object test\lib\usd\plugin\CMakeFiles\usdTestInfoImportChaser.dir\infoImportChaser.cpp.obj
[2022-07-11T19:10:13.592Z]     [12/663] Building CXX object test\lib\usd\utils\CMakeFiles\testDiffRelationships.dir\test_DiffRelationships.cpp.obj
[2022-07-11T19:10:13.592Z]     [13/663] Building CXX object test\lib\usd\utils\CMakeFiles\testDiffValues.dir\test_DiffValues.cpp.obj
[2022-07-11T19:10:13.592Z]     [14/663] Building CXX object test\lib\usd\plugin\CMakeFiles\usdTestUsdPlugin.dir\mayaShaderTranslation.cpp.obj
[2022-07-11T19:10:13.945Z]     [15/663] Building CXX object test\lib\usd\plugin\CMakeFiles\usdTestMayaPlugin.dir\mayaShaderTranslation.cpp.obj
[2022-07-11T19:10:14.372Z]     [16/663] Building CXX object test\lib\usd\plugin\CMakeFiles\usdTestApiWriter.dir\nullApiExporter.cpp.obj
[2022-07-11T19:10:14.372Z]     [17/663] Building CXX object test\lib\usd\utils\CMakeFiles\testDiffAttributes.dir\test_DiffAttributes.cpp.obj
[2022-07-11T19:10:14.933Z]     [18/663] Building CXX object test\lib\usd\plugin\CMakeFiles\usdTestApiWriter.dir\bulletAdaptor.cpp.obj
[2022-07-11T19:10:14.933Z]     [19/663] Building CXX object test\lib\usd\utils\CMakeFiles\testDiffValues.dir\test_DiffValuesGeneric.cpp.obj
[2022-07-11T19:10:15.720Z]     [20/663] Building CXX object test\lib\usd\utils\CMakeFiles\testDiffValues.dir\test_DiffValuesArrays.cpp.obj
[2022-07-11T19:10:15.720Z]     [21/663] Building CXX object test\lib\usd\utils\CMakeFiles\testDiffValues.dir\test_DiffValuesFloatVecs.cpp.obj
[2022-07-11T19:10:16.104Z]     [22/663] Building CXX object lib\mayaUsd\CMakeFiles\mayaUsd.dir\base\debugCodes.cpp.obj
[2022-07-11T19:10:16.104Z]     [23/663] Building CXX object test\lib\usd\utils\CMakeFiles\testDiffLists.dir\main.cpp.obj
[2022-07-11T19:10:16.104Z]     [24/663] Building CXX object test\lib\usd\utils\CMakeFiles\testDiffValues.dir\test_DiffValuesDoubleVecs.cpp.obj
[2022-07-11T19:10:16.494Z]     [25/663] Building CXX object lib\mayaUsd\CMakeFiles\mayaUsd.dir\base\tokens.cpp.obj
[2022-07-11T19:10:16.844Z]     [26/663] Building CXX object test\lib\usd\utils\CMakeFiles\testDiffMetadatas.dir\main.cpp.obj
[2022-07-11T19:10:16.844Z]     [27/663] Building CXX object test\lib\usd\utils\CMakeFiles\testDiffDictionaries.dir\main.cpp.obj
[2022-07-11T19:10:17.208Z]     [28/663] Building CXX object test\lib\usd\utils\CMakeFiles\testDiffValues.dir\test_DiffValuesMatrices.cpp.obj
[2022-07-11T19:10:17.208Z]     [29/663] Building CXX object test\lib\usd\utils\CMakeFiles\testDiffComputeOverall.dir\main.cpp.obj
[2022-07-11T19:10:17.208Z]     [30/663] Building CXX object test\lib\usd\utils\CMakeFiles\testDiffValues.dir\test_DiffValuesQuaternions.cpp.obj
[2022-07-11T19:10:18.171Z]     [31/663] Building CXX object test\lib\usd\utils\CMakeFiles\testMergePrims.dir\main.cpp.obj
[2022-07-11T19:10:18.171Z]     [32/663] Building CXX object test\lib\mayaUsd\utils\CMakeFiles\testSplitString.dir\testSplitString.cpp.obj
[2022-07-11T19:10:19.291Z]     [33/663] Building CXX object test\lib\usd\utils\CMakeFiles\testDiffValues.dir\test_DiffValuesHalfVecs.cpp.obj
[2022-07-11T19:10:21.996Z]     [34/663] Building CXX object test\lib\usd\utils\CMakeFiles\testDiffPrims.dir\test_DiffPrims.cpp.obj
[2022-07-11T19:10:21.996Z]     [35/663] Building CXX object test\lib\usd\utils\CMakeFiles\testDiffDictionaries.dir\test_DiffDictionaries.cpp.obj
[2022-07-11T19:10:22.387Z]     [36/663] Building CXX object test\lib\usd\utils\CMakeFiles\testDiffPrims.dir\test_DiffPrimsAttributes.cpp.obj
[2022-07-11T19:10:22.387Z]     [37/663] Building CXX object test\lib\usd\utils\CMakeFiles\testDiffPrims.dir\test_DiffPrimsRelations.cpp.obj
[2022-07-11T19:10:22.753Z]     [38/663] Building CXX object test\lib\usd\utils\CMakeFiles\testDiffValues.dir\test_DiffValuesIntVecs.cpp.obj
[2022-07-11T19:10:23.095Z]     [39/663] Building CXX object test\lib\usd\utils\CMakeFiles\testDiffPrims.dir\test_DiffPrimsChildren.cpp.obj
[2022-07-11T19:10:23.095Z]     [40/663] Building CXX object lib\mayaUsd\CMakeFiles\mayaUsd.dir\fileio\registryHelper.cpp.obj
[2022-07-11T19:10:23.095Z]     [41/663] Building CXX object test\lib\usd\utils\CMakeFiles\testDiffLists.dir\test_DiffLists.cpp.obj
[2022-07-11T19:10:24.482Z]     [42/663] Building CXX object test\lib\usd\utils\CMakeFiles\testDiffMetadatas.dir\test_DiffMetadatas.cpp.obj
[2022-07-11T19:10:24.482Z]     [43/663] Building CXX object test\lib\usd\utils\CMakeFiles\testDiffComputeOverall.dir\test_DiffComputeOverall.cpp.obj
[2022-07-11T19:10:25.245Z]     [44/663] Building CXX object lib\mayaUsd\CMakeFiles\mayaUsd.dir\fileio\schemaApiAdaptor.cpp.obj
[2022-07-11T19:10:25.599Z]     [45/663] Building CXX object test\lib\usd\utils\CMakeFiles\testMergePrims.dir\test_MergePrims.cpp.obj
[2022-07-11T19:10:26.203Z]     [46/663] Building CXX object lib\mayaUsd\CMakeFiles\mayaUsd.dir\fileio\shaderReaderRegistry.cpp.obj
[2022-07-11T19:10:26.203Z]     [47/663] Building CXX object lib\mayaUsd\CMakeFiles\mayaUsd.dir\fileio\shaderReader.cpp.obj
[2022-07-11T19:10:26.715Z]     [48/663] Building CXX object lib\mayaUsd\CMakeFiles\mayaUsd.dir\commands\layerEditorWindowCommand.cpp.obj
[2022-07-11T19:10:26.715Z]     [49/663] Building CXX object lib\mayaUsd\CMakeFiles\mayaUsd.dir\fileio\schemaApiAdaptorRegistry.cpp.obj
[2022-07-11T19:10:29.132Z]     [50/663] Building CXX object lib\mayaUsd\CMakeFiles\mayaUsd.dir\commands\baseListJobContextsCommand.cpp.obj
[2022-07-11T19:10:29.132Z]     [51/663] Building CXX object lib\mayaUsd\CMakeFiles\mayaUsd.dir\commands\editTargetCommand.cpp.obj
[2022-07-11T19:10:29.533Z]     [52/663] Building CXX object lib\mayaUsd\CMakeFiles\mayaUsd.dir\commands\baseImportCommand.cpp.obj
[2022-07-11T19:10:29.899Z]     [53/663] Building CXX object lib\mayaUsd\CMakeFiles\mayaUsd.dir\fileio\jobContextRegistry.cpp.obj
[2022-07-11T19:10:30.243Z]     [54/663] Building CXX object lib\mayaUsd\CMakeFiles\mayaUsd.dir\commands\layerEditorCommand.cpp.obj
[2022-07-11T19:10:30.243Z]     [55/663] Building CXX object lib\mayaUsd\CMakeFiles\mayaUsd.dir\commands\baseExportCommand.cpp.obj
[2022-07-11T19:10:31.650Z]     [56/663] Building CXX object lib\mayaUsd\CMakeFiles\mayaUsd.dir\fileio\functorPrimReader.cpp.obj
[2022-07-11T19:10:31.650Z]     [57/663] Building CXX object lib\mayaUsd\CMakeFiles\mayaUsd.dir\fileio\chaser\exportChaser.cpp.obj
[2022-07-11T19:10:31.650Z]     [58/663] Building CXX object lib\mayaUsd\CMakeFiles\mayaUsd.dir\fileio\functorPrimWriter.cpp.obj
[2022-07-11T19:10:32.010Z]     [59/663] Building CXX object lib\mayaUsd\CMakeFiles\mayaUsd.dir\fileio\fallbackPrimReader.cpp.obj
[2022-07-11T19:10:32.010Z]     [60/663] Building CXX object lib\mayaUsd\CMakeFiles\mayaUsd.dir\fileio\instancedNodeWriter.cpp.obj
[2022-07-11T19:10:32.010Z]     [61/663] Building CXX object lib\mayaUsd\CMakeFiles\mayaUsd.dir\fileio\importData.cpp.obj
[2022-07-11T19:10:32.588Z]     [62/663] Building CXX object lib\mayaUsd\CMakeFiles\mayaUsd.dir\commands\baseListShadingModesCommand.cpp.obj
[2022-07-11T19:10:32.588Z]     [63/663] Building CXX object lib\mayaUsd\CMakeFiles\mayaUsd.dir\fileio\primReaderArgs.cpp.obj
[2022-07-11T19:10:32.928Z]     [64/663] Building CXX object lib\mayaUsd\CMakeFiles\mayaUsd.dir\fileio\primReaderContext.cpp.obj
[2022-07-11T19:10:33.924Z]     [65/663] Building CXX object lib\mayaUsd\CMakeFiles\mayaUsd.dir\fileio\primReader.cpp.obj
[2022-07-11T19:10:33.924Z]     [66/663] Building CXX object lib\mayaUsd\CMakeFiles\mayaUsd.dir\fileio\primReaderRegistry.cpp.obj
[2022-07-11T19:10:35.275Z]     [67/663] Building CXX object lib\mayaUsd\CMakeFiles\mayaUsd.dir\fileio\primWriterContext.cpp.obj
[2022-07-11T19:10:35.810Z]     [68/663] Building CXX object lib\mayaUsd\CMakeFiles\mayaUsd.dir\fileio\primWriterArgs.cpp.obj
[2022-07-11T19:10:36.720Z]     [69/663] Building CXX object lib\mayaUsd\CMakeFiles\mayaUsd.dir\fileio\primWriterRegistry.cpp.obj
[2022-07-11T19:10:37.595Z]     [70/663] Building CXX object lib\mayaUsd\CMakeFiles\mayaUsd.dir\fileio\primWriter.cpp.obj
[2022-07-11T19:10:38.219Z]     [71/663] Building CXX object lib\mayaUsd\CMakeFiles\mayaUsd.dir\fileio\shaderWriter.cpp.obj
[2022-07-11T19:10:38.590Z]     [72/663] Building CXX object lib\mayaUsd\CMakeFiles\mayaUsd.dir\fileio\chaser\exportChaserRegistry.cpp.obj
[2022-07-11T19:10:40.191Z]     [73/663] Building CXX object lib\mayaUsd\CMakeFiles\mayaUsd.dir\fileio\jobs\meshDataReadJob.cpp.obj
[2022-07-11T19:10:40.191Z]     [74/663] Building CXX object lib\mayaUsd\CMakeFiles\mayaUsd.dir\fileio\transformWriter.cpp.obj
[2022-07-11T19:10:40.191Z]     [75/663] Building CXX object lib\mayaUsd\CMakeFiles\mayaUsd.dir\fileio\shaderWriterRegistry.cpp.obj
[2022-07-11T19:10:40.191Z]     [76/663] Building CXX object lib\mayaUsd\CMakeFiles\mayaUsd.dir\fileio\chaser\importChaserRegistry.cpp.obj
[2022-07-11T19:10:40.772Z]     [77/663] Building CXX object lib\mayaUsd\CMakeFiles\mayaUsd.dir\fileio\writeJobContext.cpp.obj
[2022-07-11T19:10:40.772Z]     [78/663] Building CXX object lib\mayaUsd\CMakeFiles\mayaUsd.dir\fileio\chaser\importChaser.cpp.obj
[2022-07-11T19:10:40.772Z]     [79/663] Building CXX object lib\mayaUsd\CMakeFiles\mayaUsd.dir\fileio\jobs\modelKindProcessor.cpp.obj
[2022-07-11T19:10:42.731Z]     [80/663] Building CXX object lib\mayaUsd\CMakeFiles\mayaUsd.dir\fileio\shading\shadingModeDisplayColor.cpp.obj
[2022-07-11T19:10:43.851Z]     [81/663] Building CXX object lib\mayaUsd\CMakeFiles\mayaUsd.dir\fileio\jobs\readJob.cpp.obj
[2022-07-11T19:10:43.851Z]     [82/663] Building CXX object lib\mayaUsd\CMakeFiles\mayaUsd.dir\fileio\shading\shadingModeImporter.cpp.obj
[2022-07-11T19:10:43.851Z]     [83/663] Building CXX object lib\mayaUsd\CMakeFiles\mayaUsd.dir\fileio\jobs\jobArgs.cpp.obj
[2022-07-11T19:10:45.228Z]     [84/663] Building CXX object lib\mayaUsd\CMakeFiles\mayaUsd.dir\render\pxrUsdMayaGL\softSelectHelper.cpp.obj
[2022-07-11T19:10:45.228Z]     [85/663] Building CXX object lib\mayaUsd\CMakeFiles\mayaUsd.dir\fileio\jobs\writeJob.cpp.obj
[2022-07-11T19:10:46.057Z]     [86/663] Building CXX object lib\mayaUsd\CMakeFiles\mayaUsd.dir\render\pxrUsdMayaGL\userData.cpp.obj
[2022-07-11T19:10:46.580Z]     [87/663] Building CXX object lib\mayaUsd\CMakeFiles\mayaUsd.dir\fileio\shading\shadingModePxrRis.cpp.obj
[2022-07-11T19:10:48.418Z]     [88/663] Building CXX object lib\mayaUsd\CMakeFiles\mayaUsd.dir\fileio\shading\shadingModeExporter.cpp.obj
[2022-07-11T19:10:48.418Z]     [89/663] Building CXX object lib\mayaUsd\CMakeFiles\mayaUsd.dir\fileio\shading\symmetricShaderReader.cpp.obj
[2022-07-11T19:10:48.419Z]     [90/663] Building CXX object lib\mayaUsd\CMakeFiles\mayaUsd.dir\fileio\translators\skelBindingsProcessor.cpp.obj
[2022-07-11T19:10:49.840Z]     [91/663] Building CXX object lib\mayaUsd\CMakeFiles\mayaUsd.dir\fileio\shading\symmetricShaderWriter.cpp.obj
[2022-07-11T19:10:49.840Z]     [92/663] Building CXX object lib\mayaUsd\CMakeFiles\mayaUsd.dir\fileio\shading\shadingModeUseRegistry.cpp.obj
[2022-07-11T19:10:49.840Z]     [93/663] Building CXX object lib\mayaUsd\CMakeFiles\mayaUsd.dir\fileio\shading\shadingModeRegistry.cpp.obj
[2022-07-11T19:10:51.518Z]     [94/663] Building CXX object lib\mayaUsd\CMakeFiles\mayaUsd.dir\fileio\translators\translatorCurves.cpp.obj
[2022-07-11T19:10:51.518Z]     [95/663] Building CXX object lib\mayaUsd\CMakeFiles\mayaUsd.dir\fileio\translators\translatorCamera.cpp.obj
[2022-07-11T19:10:51.518Z]     [96/663] Building CXX object lib\mayaUsd\CMakeFiles\mayaUsd.dir\fileio\translators\translatorLight.cpp.obj
[2022-07-11T19:10:51.518Z]     [97/663] Building CXX object lib\mayaUsd\CMakeFiles\mayaUsd.dir\fileio\translators\translatorGprim.cpp.obj
[2022-07-11T19:10:51.518Z]     [98/663] Building CXX object lib\mayaUsd\CMakeFiles\mayaUsd.dir\fileio\shading\shadingModeExporterContext.cpp.obj
[2022-07-11T19:10:52.217Z]     [99/663] Building CXX object lib\mayaUsd\CMakeFiles\mayaUsd.dir\render\pxrUsdMayaGL\shapeAdapter.cpp.obj
[2022-07-11T19:10:52.996Z]     [100/663] Building CXX object lib\mayaUsd\CMakeFiles\mayaUsd.dir\render\pxrUsdMayaGL\sceneDelegate.cpp.obj
[2022-07-11T19:10:56.129Z]     [101/663] Building CXX object lib\mayaUsd\CMakeFiles\mayaUsd.dir\fileio\translators\translatorPrim.cpp.obj
[2022-07-11T19:10:56.772Z]     [102/663] Building CXX object lib\mayaUsd\CMakeFiles\mayaUsd.dir\render\vp2RenderDelegate\basisCurves.cpp.obj
[2022-07-11T19:10:57.177Z]     [103/663] Building CXX object lib\mayaUsd\CMakeFiles\mayaUsd.dir\fileio\translators\translatorMayaReference.cpp.obj
[2022-07-11T19:10:57.817Z]     [104/663] Building CXX object lib\mayaUsd\CMakeFiles\mayaUsd.dir\fileio\translators\translatorXformable.cpp.obj
[2022-07-11T19:10:57.817Z]     [105/663] Building CXX object lib\mayaUsd\CMakeFiles\mayaUsd.dir\fileio\translators\translatorXformable_decompose.cpp.obj
[2022-07-11T19:10:58.185Z]     [106/663] Building CXX object lib\mayaUsd\CMakeFiles\mayaUsd.dir\render\pxrUsdMayaGL\usdProxyShapeAdapter.cpp.obj
[2022-07-11T19:10:58.759Z]     [107/663] Building CXX object lib\mayaUsd\CMakeFiles\mayaUsd.dir\fileio\translators\translatorMesh.cpp.obj
[2022-07-11T19:10:59.247Z]     [108/663] Building CXX object lib\mayaUsd\CMakeFiles\mayaUsd.dir\fileio\translators\translatorUtil.cpp.obj
[2022-07-11T19:10:59.247Z]     [109/663] Building CXX object lib\mayaUsd\CMakeFiles\mayaUsd.dir\fileio\utils\roundTripUtil.cpp.obj
[2022-07-11T19:10:59.247Z]     [110/663] Building CXX object lib\mayaUsd\CMakeFiles\mayaUsd.dir\fileio\translators\translatorNurbsPatch.cpp.obj
[2022-07-11T19:10:59.850Z]     [111/663] Building CXX object lib\mayaUsd\CMakeFiles\mayaUsd.dir\fileio\translators\translatorSkel.cpp.obj
[2022-07-11T19:10:59.850Z]     [112/663] Building CXX object lib\mayaUsd\CMakeFiles\mayaUsd.dir\fileio\utils\readUtil.cpp.obj
[2022-07-11T19:10:59.850Z]     [113/663] Building CXX object lib\mayaUsd\CMakeFiles\mayaUsd.dir\fileio\translators\translatorMaterial.cpp.obj
[2022-07-11T19:11:00.232Z]     [114/663] Building CXX object lib\mayaUsd\CMakeFiles\mayaUsd.dir\fileio\translators\translatorRfMLight.cpp.obj
[2022-07-11T19:11:00.232Z]     [115/663] Building CXX object lib\mayaUsd\CMakeFiles\mayaUsd.dir\fileio\utils\meshReadUtils.cpp.obj
[2022-07-11T19:11:00.595Z]     [116/663] Building CXX object lib\mayaUsd\CMakeFiles\mayaUsd.dir\fileio\utils\adaptor.cpp.obj
[2022-07-11T19:11:01.941Z]     [117/663] Building CXX object lib\mayaUsd\CMakeFiles\mayaUsd.dir\listeners\notice.cpp.obj
[2022-07-11T19:11:05.288Z]     [118/663] Building CXX object lib\mayaUsd\CMakeFiles\mayaUsd.dir\listeners\proxyShapeNotice.cpp.obj
[2022-07-11T19:11:05.660Z]     [119/663] Building CXX object lib\mayaUsd\CMakeFiles\mayaUsd.dir\listeners\stageNoticeListener.cpp.obj
[2022-07-11T19:11:06.549Z]     [120/663] Building CXX object lib\mayaUsd\CMakeFiles\mayaUsd.dir\fileio\utils\jointWriteUtils.cpp.obj
[2022-07-11T19:11:06.549Z]     [121/663] Building CXX object lib\mayaUsd\CMakeFiles\mayaUsd.dir\nodes\stageData.cpp.obj
[2022-07-11T19:11:06.549Z]     [122/663] Building CXX object lib\mayaUsd\CMakeFiles\mayaUsd.dir\nodes\proxyShapeLoadRules.cpp.obj
[2022-07-11T19:11:06.549Z]     [123/663] Building CXX object lib\mayaUsd\CMakeFiles\mayaUsd.dir\nodes\hdImagingShape.cpp.obj
[2022-07-11T19:11:07.029Z]     [124/663] Building CXX object lib\mayaUsd\CMakeFiles\mayaUsd.dir\fileio\utils\meshWriteUtils.cpp.obj
[2022-07-11T19:11:07.029Z]     [125/663] Building CXX object lib\mayaUsd\CMakeFiles\mayaUsd.dir\nodes\proxyAccessor.cpp.obj
[2022-07-11T19:11:07.029Z]     [126/663] Building CXX object lib\mayaUsd\CMakeFiles\mayaUsd.dir\fileio\utils\userTaggedAttribute.cpp.obj
[2022-07-11T19:11:07.702Z]     [127/663] Building CXX object lib\mayaUsd\CMakeFiles\mayaUsd.dir\nodes\pointBasedDeformerNode.cpp.obj
[2022-07-11T19:11:07.702Z]     [128/663] Building CXX object lib\mayaUsd\CMakeFiles\mayaUsd.dir\fileio\utils\xformStack.cpp.obj
[2022-07-11T19:11:08.308Z]     [129/663] Building CXX object lib\mayaUsd\CMakeFiles\mayaUsd.dir\nodes\usdPrimProvider.cpp.obj
[2022-07-11T19:11:08.688Z]     [130/663] Building CXX object lib\mayaUsd\CMakeFiles\mayaUsd.dir\render\pxrUsdMayaGL\debugCodes.cpp.obj
[2022-07-11T19:11:08.688Z]     [131/663] Building CXX object lib\mayaUsd\CMakeFiles\mayaUsd.dir\fileio\utils\shadingUtil.cpp.obj
[2022-07-11T19:11:08.688Z]     [132/663] Building CXX object lib\mayaUsd\CMakeFiles\mayaUsd.dir\render\px_vp20\glslProgram.cpp.obj
[2022-07-11T19:11:09.208Z]     [133/663] Building CXX object lib\mayaUsd\CMakeFiles\mayaUsd.dir\fileio\utils\writeUtil.cpp.obj
[2022-07-11T19:11:09.208Z]     [134/663] Building CXX object lib\mayaUsd\CMakeFiles\mayaUsd.dir\nodes\proxyShapeBase.cpp.obj
[2022-07-11T19:11:11.203Z]     [135/663] Building CXX object lib\mayaUsd\CMakeFiles\mayaUsd.dir\python\moduleDeps.cpp.obj
[2022-07-11T19:11:11.203Z]     [136/663] Building CXX object lib\mayaUsd\CMakeFiles\mayaUsd.dir\render\px_vp20\utils_legacy.cpp.obj
[2022-07-11T19:11:12.584Z]     [137/663] Building CXX object lib\mayaUsd\CMakeFiles\mayaUsd.dir\render\px_vp20\utils.cpp.obj
[2022-07-11T19:11:14.699Z]     [138/663] Building CXX object lib\mayaUsd\CMakeFiles\mayaUsd.dir\nodes\layerManager.cpp.obj
[2022-07-11T19:11:14.699Z]     [139/663] Building CXX object lib\mayaUsd\CMakeFiles\mayaUsd.dir\nodes\stageNode.cpp.obj
[2022-07-11T19:11:15.544Z]     [140/663] Building CXX object lib\mayaUsd\CMakeFiles\mayaUsd.dir\render\pxrUsdMayaGL\proxyShapeDelegate.cpp.obj
[2022-07-11T19:11:15.544Z]     [141/663] Building CXX object lib\usd\hdMaya\CMakeFiles\hdMaya.dir\adapters\mayaAttrs.cpp.obj
[2022-07-11T19:11:15.889Z]     [142/663] Building CXX object lib\usd\hdMaya\CMakeFiles\hdMaya.dir\adapters\pointLightAdapter.cpp.obj
[2022-07-11T19:11:16.231Z]     [143/663] Building CXX object lib\usd\hdMaya\CMakeFiles\hdMaya.dir\delegates\delegateDebugCodes.cpp.obj
[2022-07-11T19:11:16.231Z]     [144/663] Building CXX object lib\usd\hdMaya\CMakeFiles\hdMaya.dir\adapters\meshAdapter.cpp.obj
[2022-07-11T19:11:17.571Z]     [145/663] Building CXX object lib\mayaUsd\CMakeFiles\mayaUsd.dir\render\pxrUsdMayaGL\instancerShapeAdapter.cpp.obj
[2022-07-11T19:11:17.571Z]     [146/663] Building CXX object lib\usd\hdMaya\CMakeFiles\hdMaya.dir\adapters\tokens.cpp.obj
[2022-07-11T19:11:17.571Z]     [147/663] Building CXX object lib\mayaUsd\CMakeFiles\mayaUsd.dir\render\pxrUsdMayaGL\proxyDrawOverride.cpp.obj
[2022-07-11T19:11:17.955Z]     [148/663] Building CXX object lib\mayaUsd\CMakeFiles\mayaUsd.dir\render\pxrUsdMayaGL\batchRenderer.cpp.obj
[2022-07-11T19:11:18.573Z]     [149/663] Building CXX object lib\mayaUsd\CMakeFiles\mayaUsd.dir\nodes\proxyShapePlugin.cpp.obj
[2022-07-11T19:11:18.573Z]     [150/663] Building CXX object lib\mayaUsd\CMakeFiles\mayaUsd.dir\render\pxrUsdMayaGL\instancerImager.cpp.obj
[2022-07-11T19:11:18.573Z]     [151/663] Building CXX object lib\mayaUsd\CMakeFiles\mayaUsd.dir\render\pxrUsdMayaGL\hdImagingShapeDrawOverride.cpp.obj
[2022-07-11T19:11:20.850Z]     [152/663] Building CXX object lib\usd\pxrUsdPreviewSurface\CMakeFiles\basePxrUsdPreviewSurface.dir\cpvColor.cpp.obj
[2022-07-11T19:11:21.393Z]     [153/663] Building CXX object lib\mayaUsd\CMakeFiles\mayaUsd.dir\render\pxrUsdMayaGL\proxyShapeUI.cpp.obj
[2022-07-11T19:11:21.393Z]     [154/663] Building CXX object lib\mayaUsd\CMakeFiles\mayaUsd.dir\render\pxrUsdMayaGL\hdImagingShapeUI.cpp.obj
[2022-07-11T19:11:21.393Z]     [155/663] Building CXX object lib\usd\hdMaya\CMakeFiles\hdMaya.dir\adapters\materialAdapter.cpp.obj
[2022-07-11T19:11:21.393Z]     [156/663] Building CXX object lib\usd\hdMaya\CMakeFiles\hdMaya.dir\adapters\nurbsCurveAdapter.cpp.obj
[2022-07-11T19:11:21.393Z]     [157/663] Building CXX object lib\usd\pxrUsdPreviewSurface\CMakeFiles\basePxrUsdPreviewSurface.dir\usdPreviewSurfaceShadingNodeOverride.cpp.obj
[2022-07-11T19:11:21.393Z]     [158/663] Building CXX object lib\usd\pxrUsdPreviewSurface\CMakeFiles\basePxrUsdPreviewSurface.dir\usdPreviewSurface.cpp.obj
[2022-07-11T19:11:22.286Z]     [159/663] Building CXX object lib\usd\hdMaya\CMakeFiles\hdMaya.dir\delegates\delegate.cpp.obj
[2022-07-11T19:11:22.286Z]     [160/663] Building CXX object lib\usd\hdMaya\CMakeFiles\hdMaya.dir\adapters\materialNetworkConverter.cpp.obj
[2022-07-11T19:11:22.653Z]     [161/663] Building CXX object lib\usd\hdMaya\CMakeFiles\hdMaya.dir\adapters\shapeAdapter.cpp.obj
[2022-07-11T19:11:23.023Z]     [162/663] Building CXX object lib\usd\hdMaya\CMakeFiles\hdMaya.dir\adapters\spotLightAdapter.cpp.obj
[2022-07-11T19:11:23.994Z]     [163/663] Building CXX object lib\usd\hdMaya\CMakeFiles\hdMaya.dir\delegates\delegateCtx.cpp.obj
[2022-07-11T19:11:25.694Z]     [164/663] Building CXX object lib\usd\hdMaya\CMakeFiles\hdMaya.dir\delegates\delegateRegistry.cpp.obj
[2022-07-11T19:11:27.155Z]     [165/663] Building CXX object lib\usd\hdMaya\CMakeFiles\hdMaya.dir\delegates\testDelegate.cpp.obj
[2022-07-11T19:11:27.155Z]     [166/663] Building CXX object lib\usd\pxrUsdPreviewSurface\CMakeFiles\basePxrUsdPreviewSurface.dir\usdPreviewSurfaceWriter.cpp.obj
[2022-07-11T19:11:28.006Z]     [167/663] Building CXX object lib\usd\pxrUsdPreviewSurface\CMakeFiles\basePxrUsdPreviewSurface.dir\usdPreviewSurfacePlugin.cpp.obj
[2022-07-11T19:11:28.006Z]     [168/663] Building CXX object lib\usd\hdMaya\CMakeFiles\hdMaya.dir\delegates\sceneDelegate.cpp.obj
[2022-07-11T19:11:28.006Z]     [169/663] Building CXX object lib\usd\hdMaya\CMakeFiles\hdMaya.dir\delegates\proxyDelegate.cpp.obj
[2022-07-11T19:11:28.006Z]     [170/663] Building CXX object lib\usd\pxrUsdPreviewSurface\CMakeFiles\basePxrUsdPreviewSurface.dir\usdPreviewSurfaceReader.cpp.obj
[2022-07-11T19:11:28.006Z]     [171/663] Building CXX object lib\usd\translators\CMakeFiles\mayaUsd_Translators.dir\lightRfMWriter.cpp.obj
[2022-07-11T19:11:28.006Z]     [172/663] Building CXX object lib\usd\translators\CMakeFiles\mayaUsd_Translators.dir\cameraWriter.cpp.obj
[2022-07-11T19:11:28.574Z]     [173/663] Building CXX object lib\usd\translators\CMakeFiles\mayaUsd_Translators.dir\cameraReader.cpp.obj
[2022-07-11T19:11:29.073Z]     [174/663] Building CXX object lib\usd\translators\CMakeFiles\mayaUsd_Translators.dir\lightRfMReader.cpp.obj
[2022-07-11T19:11:29.073Z]     [175/663] Building CXX object lib\usd\hdMaya\CMakeFiles\hdMaya.dir\delegates\proxyUsdImagingDelegate.cpp.obj
[2022-07-11T19:11:30.058Z]     [176/663] Building CXX object lib\usd\translators\CMakeFiles\mayaUsd_Translators.dir\lightWriter.cpp.obj
[2022-07-11T19:11:30.455Z]     [177/663] Building CXX object lib\usd\translators\CMakeFiles\mayaUsd_Translators.dir\jointWriter.cpp.obj
[2022-07-11T19:11:31.206Z]     [178/663] Building CXX object lib\usd\translators\CMakeFiles\mayaUsd_Translators.dir\shading\shadingTokens.cpp.obj
[2022-07-11T19:11:31.206Z]     [179/663] Building CXX object lib\usd\translators\CMakeFiles\mayaUsd_Translators.dir\plugin.cpp.obj
[2022-07-11T19:11:32.025Z]     [180/663] Building CXX object lib\usd\translators\CMakeFiles\mayaUsd_Translators.dir\lightReader.cpp.obj
[2022-07-11T19:11:34.033Z]     [181/663] Building CXX object lib\usd\translators\CMakeFiles\mayaUsd_Translators.dir\instancerWriter.cpp.obj
[2022-07-11T19:11:34.808Z]     [182/663] Building CXX object lib\usd\translators\CMakeFiles\mayaUsd_Translators.dir\meshReader.cpp.obj
[2022-07-11T19:11:35.253Z]     [183/663] Building CXX object lib\usd\translators\CMakeFiles\mayaUsd_Translators.dir\mayaReferenceReader.cpp.obj
[2022-07-11T19:11:35.253Z]     [184/663] Building CXX object lib\usd\translators\CMakeFiles\mayaUsd_Translators.dir\materialReader.cpp.obj
[2022-07-11T19:11:35.253Z]     [185/663] Building CXX object lib\usd\translators\CMakeFiles\mayaUsd_Translators.dir\locatorWriter.cpp.obj
[2022-07-11T19:11:35.253Z]     [186/663] Building CXX object lib\usd\translators\CMakeFiles\mayaUsd_Translators.dir\nurbsCurvesReader.cpp.obj
[2022-07-11T19:11:36.041Z]     [187/663] Building CXX object lib\usd\translators\CMakeFiles\mayaUsd_Translators.dir\nurbsPatchReader.cpp.obj
[2022-07-11T19:11:36.041Z]     [188/663] Building CXX object lib\usd\translators\CMakeFiles\mayaUsd_Translators.dir\meshWriter.cpp.obj
[2022-07-11T19:11:36.463Z]     [189/663] Building CXX object lib\usd\translators\CMakeFiles\mayaUsd_Translators.dir\nurbsCurveWriter.cpp.obj
[2022-07-11T19:11:37.223Z]     [190/663] Building CXX object lib\usd\translators\CMakeFiles\mayaUsd_Translators.dir\skelReader.cpp.obj
[2022-07-11T19:11:37.223Z]     [191/663] Building CXX object lib\usd\translators\CMakeFiles\mayaUsd_Translators.dir\particleWriter.cpp.obj
[2022-07-11T19:11:37.223Z]     [192/663] Building CXX object lib\usd\translators\CMakeFiles\mayaUsd_Translators.dir\nurbsSurfaceWriter.cpp.obj
[2022-07-11T19:11:38.831Z]     [193/663] Building CXX object lib\usd\translators\CMakeFiles\mayaUsd_Translators.dir\meshWriter_BlendShapes.cpp.obj
[2022-07-11T19:11:39.618Z]     [194/663] Building CXX object lib\usd\translators\CMakeFiles\mayaUsd_Translators.dir\scopeReader.cpp.obj
[2022-07-11T19:11:39.968Z]     [195/663] Building CXX object lib\usd\translators\CMakeFiles\mayaUsd_Translators.dir\strokeWriter.cpp.obj
[2022-07-11T19:11:40.528Z]     [196/663] Building CXX object lib\usd\translators\CMakeFiles\mayaUsd_Translators.dir\xformReader.cpp.obj
[2022-07-11T19:11:42.351Z]     [197/663] Building CXX object lib\usd\translators\CMakeFiles\mayaUsd_Translators.dir\shading\usdBlinnWriter.cpp.obj
[2022-07-11T19:11:43.586Z]     [198/663] Building CXX object lib\usd\translators\CMakeFiles\mayaUsd_Translators.dir\shading\usdLambertWriter.cpp.obj
[2022-07-11T19:11:43.932Z]     [199/663] Building CXX object lib\usd\translators\CMakeFiles\mayaUsd_Translators.dir\shading\usdReflectWriter.cpp.obj
[2022-07-11T19:11:43.932Z]     [200/663] Building CXX object lib\usd\translators\CMakeFiles\mayaUsd_Translators.dir\shading\usdDisplacementShaderWriter.cpp.obj
[2022-07-11T19:11:43.932Z]     [201/663] Building CXX object lib\usd\translators\CMakeFiles\mayaUsd_Translators.dir\shading\usdMaterialReader.cpp.obj
[2022-07-11T19:11:43.932Z]     [202/663] Building CXX object lib\usd\translators\CMakeFiles\mayaUsd_Translators.dir\shading\usdLambertReader.cpp.obj
[2022-07-11T19:11:44.469Z]     [203/663] Building CXX object lib\usd\translators\CMakeFiles\mayaUsd_Translators.dir\shading\usdPhongEWriter.cpp.obj
[2022-07-11T19:11:44.469Z]     [204/663] Building CXX object lib\usd\translators\CMakeFiles\mayaUsd_Translators.dir\shading\usdBlinnReader.cpp.obj
[2022-07-11T19:11:44.469Z]     [205/663] Building CXX object lib\usd\translators\CMakeFiles\mayaUsd_Translators.dir\shading\usdPhongWriter.cpp.obj
[2022-07-11T19:11:44.469Z]     [206/663] Building CXX object lib\usd\schemas\CMakeFiles\_schemas.dir\module.cpp.obj
[2022-07-11T19:11:44.469Z]     [207/663] Building CXX object lib\usd\translators\CMakeFiles\mayaUsd_Translators.dir\shading\usdPhongReader.cpp.obj
[2022-07-11T19:11:44.469Z]     [208/663] Building CXX object lib\usd\translators\CMakeFiles\mayaUsd_Translators.dir\shading\usdMaterialWriter.cpp.obj
[2022-07-11T19:11:44.846Z]     [209/663] Building CXX object lib\usd\translators\CMakeFiles\mayaUsd_Translators.dir\shading\usdFileTextureWriter.cpp.obj
[2022-07-11T19:11:44.846Z]     [210/663] Building CXX object lib\usd\utils\CMakeFiles\mayaUsdUtils.dir\DiffCore.cpp.obj
[2022-07-11T19:11:45.190Z]     [211/663] Building CXX object lib\usd\schemas\CMakeFiles\mayaUsd_Schemas.dir\tokens.cpp.obj
[2022-07-11T19:11:45.532Z]     [212/663] Building CXX object test\lib\mayaUsd\utils\CMakeFiles\testLoadRules.dir\main.cpp.obj
[2022-07-11T19:11:45.532Z]     [213/663] Building CXX object lib\usd\utils\CMakeFiles\mayaUsdUtils.dir\DebugCodes.cpp.obj
[2022-07-11T19:11:45.893Z]     [214/663] Building CXX object lib\usd\translators\CMakeFiles\mayaUsd_Translators.dir\shading\usdStandardSurfaceReader.cpp.obj
[2022-07-11T19:11:47.179Z]     [215/663] Building CXX object lib\usd\schemas\CMakeFiles\mayaUsd_Schemas.dir\ModuleDeps.cpp.obj
[2022-07-11T19:11:47.575Z]     [216/663] Building CXX object lib\usd\schemas\CMakeFiles\_schemas.dir\wrapTokens.cpp.obj
[2022-07-11T19:11:48.171Z]     [217/663] Building CXX object lib\usd\translators\CMakeFiles\mayaUsd_Translators.dir\shading\usdPrimvarReaderFloat3Reader.cpp.obj
[2022-07-11T19:11:49.600Z]     [218/663] Building CXX object lib\usd\translators\CMakeFiles\mayaUsd_Translators.dir\shading\usdUVTextureReader.cpp.obj
[2022-07-11T19:11:50.455Z]     [219/663] Building CXX object lib\usd\translators\CMakeFiles\mayaUsd_Translators.dir\shading\rfmShaderTranslation.cpp.obj
[2022-07-11T19:11:50.455Z]     [220/663] Building CXX object test\lib\mayaUsd\utils\CMakeFiles\testLoadRules.dir\testLoadRules.cpp.obj
[2022-07-11T19:11:50.893Z]     [221/663] Building CXX object lib\usd\schemas\CMakeFiles\mayaUsd_Schemas.dir\MayaReference.cpp.obj
[2022-07-11T19:11:50.893Z]     [222/663] Building CXX object lib\usd\schemas\CMakeFiles\mayaUsd_Schemas.dir\ALMayaReference.cpp.obj
[2022-07-11T19:11:51.241Z]     [223/663] Building CXX object lib\usd\translators\CMakeFiles\mayaUsd_Translators.dir\shading\usdStandardSurfaceWriter.cpp.obj
[2022-07-11T19:11:51.241Z]     [224/663] Building CXX object lib\usd\utils\CMakeFiles\mayaUsdUtils.dir\DiffAttributes.cpp.obj
[2022-07-11T19:11:51.627Z]     [225/663] Linking CXX shared library lib\usd\schemas\mayaUsd_Schemas.dll
[2022-07-11T19:11:51.627Z]     [226/663] Building CXX object plugin\al\mayautils\AL\maya\tests\mayaplugintest\CMakeFiles\AL_MayaUtilsTests.dir\utils\CommandGuiHelperTest.cpp.obj
[2022-07-11T19:11:51.627Z]     [227/663] Copying editUtil.h ...
[2022-07-11T19:11:51.627Z]     [228/663] Copying api.h ...
[2022-07-11T19:11:51.627Z]     [229/663] Building CXX object plugin\al\mayautils\AL\maya\tests\mayaplugintest\CMakeFiles\AL_MayaUtilsTests.dir\test_mobjectmap.cpp.obj
[2022-07-11T19:11:52.065Z]     [230/663] Copying exportCommand.h ...
[2022-07-11T19:11:52.065Z]     [231/663] Copying translatorModelAssembly.h ...
[2022-07-11T19:11:52.065Z]     [232/663] Building CXX object lib\usd\schemas\CMakeFiles\_schemas.dir\wrapMayaReference.cpp.obj
[2022-07-11T19:11:52.065Z]     [233/663] Building CXX object lib\usd\utils\CMakeFiles\mayaUsdUtils.dir\DiffRelationships.cpp.obj
[2022-07-11T19:11:52.065Z]     [234/663] Generating AEpxrUsdReferenceAssemblyTemplate.pyc
[2022-07-11T19:11:52.065Z]     [235/663] Copying proxyShape.h ...
[2022-07-11T19:11:52.065Z]     [236/663] Copying instancerShapeAdapterWithSceneAssembly.h ...
[2022-07-11T19:11:52.880Z]     [237/663] Copying importCommand.h ...
[2022-07-11T19:11:52.880Z]     [238/663] Copying exportTranslator.h ...
[2022-07-11T19:11:52.880Z]     [239/663] Copying listShadingModesCommand.h ...
[2022-07-11T19:11:52.880Z]     [240/663] Copying referenceAssembly.h ...
[2022-07-11T19:11:52.880Z]     [241/663] Generating __init__.pyc
[2022-07-11T19:11:52.880Z]     [242/663] Building CXX object lib\usd\schemas\CMakeFiles\_schemas.dir\wrapALMayaReference.cpp.obj
[2022-07-11T19:11:52.880Z]     [243/663] Copying readJobWithSceneAssembly.h ...
[2022-07-11T19:11:52.880Z]     [244/663] Copying importTranslator.h ...
[2022-07-11T19:11:52.880Z]     [245/663] Copying api.h ...
[2022-07-11T19:11:52.880Z]     [246/663] Copying api.h ...
[2022-07-11T19:11:52.880Z]     [247/663] Generating userExportedAttributesUI.pyc
[2022-07-11T19:11:52.880Z]     [248/663] Building CXX object lib\usd\utils\CMakeFiles\mayaUsdUtils.dir\DiffLists.cpp.obj
[2022-07-11T19:11:53.759Z]     [249/663] Building CXX object lib\usd\utils\CMakeFiles\mayaUsdUtils.dir\DiffPrims.cpp.obj
[2022-07-11T19:11:53.759Z]     [250/663] Building CXX object lib\usd\utils\CMakeFiles\mayaUsdUtils.dir\DiffDictionaries.cpp.obj
[2022-07-11T19:11:54.153Z]     [251/663] Building CXX object plugin\al\mayautils\AL\maya\tests\mayaplugintest\CMakeFiles\AL_MayaUtilsTests.dir\test_maya_NodeHelper.cpp.obj
[2022-07-11T19:11:54.153Z]     [252/663] Linking CXX shared library lib\usd\schemas\_schemas.pyd
[2022-07-11T19:11:54.153Z]     [253/663] Building CXX object plugin\al\mayautils\AL\maya\tests\mayaplugintest\CMakeFiles\AL_MayaUtilsTests.dir\test_maya_MenuBuilder.cpp.obj
[2022-07-11T19:11:54.153Z]     [254/663] Building CXX object plugin\al\utils\AL\CMakeFiles\AL_EventSystem.dir\event\EventHandler.cpp.obj
[2022-07-11T19:11:54.153Z]     [255/663] Building CXX object plugin\pxr\maya\lib\usdMaya\CMakeFiles\usdMaya.dir\listShadingModesCommand.cpp.obj
[2022-07-11T19:11:54.614Z]     [256/663] Building CXX object plugin\pxr\maya\lib\usdMaya\CMakeFiles\_usdMaya.dir\module.cpp.obj
[2022-07-11T19:11:54.614Z]     [257/663] Building CXX object lib\usd\utils\CMakeFiles\mayaUsdUtils.dir\DiffMetadatas.cpp.obj
[2022-07-11T19:11:55.010Z]     [258/663] Building CXX object lib\usd\utils\CMakeFiles\mayaUsdUtils.dir\MergePrimsOptions.cpp.obj
[2022-07-11T19:11:57.622Z]     [259/663] Building CXX object lib\usd\utils\CMakeFiles\mayaUsdUtils.dir\DiffValues.cpp.obj
[2022-07-11T19:11:57.622Z]     [260/663] Building CXX object lib\usd\utils\CMakeFiles\mayaUsdUtils.dir\util.cpp.obj
[2022-07-11T19:11:58.017Z]     [261/663] Building CXX object lib\usd\utils\CMakeFiles\mayaUsdUtils.dir\MergePrims.cpp.obj
[2022-07-11T19:11:59.205Z]     [262/663] Linking CXX shared library lib\usd\utils\mayaUsdUtils.dll
[2022-07-11T19:11:59.570Z]     [263/663] Linking CXX executable test\lib\usd\utils\testDiffCore.exe
[2022-07-11T19:11:59.570Z]     [264/663] Building CXX object plugin\pxr\maya\lib\usdMaya\CMakeFiles\usdMaya.dir\importCommand.cpp.obj
[2022-07-11T19:11:59.970Z]     [265/663] Linking CXX executable test\lib\usd\utils\testDiffAttributes.exe
[2022-07-11T19:12:01.332Z]     [266/663] Linking CXX executable test\lib\usd\utils\testDiffValues.exe
[2022-07-11T19:12:01.332Z]     [267/663] Linking CXX executable test\lib\usd\utils\testDiffPrims.exe
[2022-07-11T19:12:01.332Z]     [268/663] Building CXX object plugin\pxr\maya\lib\usdMaya\CMakeFiles\usdMaya.dir\readJob_ImportWithProxies.cpp.obj
[2022-07-11T19:12:01.747Z]     [269/663] Linking CXX executable test\lib\usd\utils\testDiffLists.exe
[2022-07-11T19:12:01.747Z]     [270/663] Linking CXX executable test\lib\usd\utils\testDiffRelationships.exe
[2022-07-11T19:12:02.077Z]     [271/663] Building CXX object plugin\pxr\maya\lib\usdMaya\CMakeFiles\usdMaya.dir\editUtil.cpp.obj
[2022-07-11T19:12:02.077Z]     [272/663] Linking CXX executable test\lib\usd\utils\testDiffDictionaries.exe
[2022-07-11T19:12:02.465Z]     [273/663] Building CXX object plugin\pxr\maya\lib\usdMaya\CMakeFiles\usdMaya.dir\readJobWithSceneAssembly.cpp.obj
[2022-07-11T19:12:02.465Z]     [274/663] Linking CXX executable test\lib\usd\utils\testDiffComputeOverall.exe
[2022-07-11T19:12:02.465Z]     [275/663] Building CXX object plugin\pxr\maya\lib\usdMaya\CMakeFiles\_usdMaya.dir\wrapAssembly.cpp.obj
[2022-07-11T19:12:02.796Z]     [276/663] Linking CXX shared library plugin\al\utils\AL\AL_EventSystem.dll
[2022-07-11T19:12:02.796Z]     [277/663] Linking CXX executable test\lib\usd\utils\testMergePrims.exe
[2022-07-11T19:12:03.129Z]     [278/663] Building CXX object plugin\pxr\maya\lib\usdMaya\CMakeFiles\usdMaya.dir\instancerShapeAdapterWithSceneAssembly.cpp.obj
[2022-07-11T19:12:03.129Z]     [279/663] Linking CXX executable test\lib\usd\utils\testDiffMetadatas.exe
[2022-07-11T19:12:03.129Z]     [280/663] Building CXX object plugin\pxr\maya\plugin\pxrUsd\CMakeFiles\pxrUsd.dir\usdTranslator.cpp.obj
[2022-07-11T19:12:03.129Z]     [281/663] Building CXX object plugin\pxr\maya\lib\usdMaya\CMakeFiles\usdMaya.dir\proxyShape.cpp.obj
[2022-07-11T19:12:03.558Z]     [282/663] Building CXX object plugin\pxr\maya\lib\usdMaya\CMakeFiles\usdMaya.dir\importTranslator.cpp.obj
[2022-07-11T19:12:03.558Z]     [283/663] Building CXX object plugin\pxr\maya\lib\usdMaya\CMakeFiles\usdMaya.dir\translatorModelAssembly.cpp.obj
[2022-07-11T19:12:03.558Z]     [284/663] Building CXX object plugin\pxr\maya\plugin\pxrUsd\CMakeFiles\pxrUsd.dir\alembicChaser.cpp.obj
[2022-07-11T19:12:04.018Z]     [285/663] Building CXX object plugin\al\mayautils\AL\maya\CMakeFiles\AL_MayaUtils.dir\utils\MenuBuilder.cpp.obj
[2022-07-11T19:12:04.635Z]     [286/663] Building CXX object plugin\al\mayautils\AL\maya\CMakeFiles\AL_MayaUtils.dir\utils\FileTranslatorOptions.cpp.obj
[2022-07-11T19:12:04.635Z]     [287/663] Building CXX object plugin\al\mayautils\AL\maya\CMakeFiles\AL_MayaUtils.dir\utils\NodeHelper.cpp.obj
[2022-07-11T19:12:04.635Z]     [288/663] Building CXX object plugin\al\mayautils\AL\maya\CMakeFiles\AL_MayaUtils.dir\utils\Utils.cpp.obj
[2022-07-11T19:12:04.635Z]     [289/663] Building CXX object plugin\al\mayatest\AL\maya\test\CMakeFiles\AL_MayaTest.dir\testHarness.cpp.obj
[2022-07-11T19:12:04.635Z]     [290/663] Building CXX object plugin\al\mayautils\AL\maya\CMakeFiles\AL_MayaUtils.dir\utils\PluginTranslatorOptions.cpp.obj
[2022-07-11T19:12:04.635Z]     [291/663] Building CXX object lib\mayaUsd\CMakeFiles\mayaUsd.dir\undo\OpUndoItemRecorder.cpp.obj
[2022-07-11T19:12:05.441Z]     [292/663] Building CXX object plugin\al\mayautils\AL\maya\tests\mayaplugintest\CMakeFiles\AL_MayaUtilsTests.dir\plugin.cpp.obj
[2022-07-11T19:12:05.441Z]     [293/663] Building CXX object plugin\al\mayautils\AL\maya\CMakeFiles\AL_MayaUtils.dir\event\MayaEventManager.cpp.obj
[2022-07-11T19:12:05.441Z]     [294/663] Building CXX object plugin\al\mayautils\AL\maya\CMakeFiles\AL_MayaUtils.dir\utils\CommandGuiHelper.cpp.obj
[2022-07-11T19:12:05.442Z]     [295/663] Building CXX object plugin\pxr\maya\lib\usdMaya\CMakeFiles\usdMaya.dir\referenceAssembly.cpp.obj
[2022-07-11T19:12:06.926Z]     [296/663] Building CXX object plugin\al\mayatest\AL\maya\test\CMakeFiles\AL_MayaTest.dir\testHelpers.cpp.obj
[2022-07-11T19:12:06.926Z]     [297/663] Building CXX object lib\mayaUsd\CMakeFiles\mayaUsd.dir\render\vp2RenderDelegate\bboxGeom.cpp.obj
[2022-07-11T19:12:06.926Z]     [298/663] Building CXX object plugin\pxr\maya\lib\usdMaya\CMakeFiles\_usdMaya.dir\wrapEditUtil.cpp.obj
[2022-07-11T19:12:06.926Z]     [299/663] Building CXX object lib\mayaUsd\CMakeFiles\mayaUsd.dir\render\vp2RenderDelegate\meshViewportCompute.cpp.obj
[2022-07-11T19:12:06.926Z]     [300/663] Linking CXX shared library plugin\al\mayautils\AL\maya\AL_MayaUtils.dll
[2022-07-11T19:12:06.926Z]     [301/663] Building CXX object lib\mayaUsd\CMakeFiles\mayaUsd.dir\render\vp2RenderDelegate\debugCodes.cpp.obj
[2022-07-11T19:12:06.926Z]     [302/663] Linking CXX shared library plugin\al\mayatest\AL\maya\test\AL_MayaTest.dll
[2022-07-11T19:12:06.926Z]     [303/663] Building CXX object plugin\pxr\maya\plugin\pxrUsdPreviewSurface\CMakeFiles\pxrUsdPreviewSurface.dir\plugin.cpp.obj
[2022-07-11T19:12:08.145Z]     [304/663] Building CXX object lib\mayaUsd\CMakeFiles\mayaUsd.dir\undo\OpUndoItemList.cpp.obj
[2022-07-11T19:12:09.143Z]     [305/663] Building CXX object lib\mayaUsd\CMakeFiles\mayaUsd.dir\render\vp2RenderDelegate\tokens.cpp.obj
[2022-07-11T19:12:09.627Z]     [306/663] Building CXX object plugin\pxr\maya\plugin\pxrUsd\CMakeFiles\pxrUsd.dir\plugin.cpp.obj
[2022-07-11T19:12:10.052Z]     [307/663] Building CXX object lib\mayaUsd\CMakeFiles\mayaUsd.dir\render\vp2RenderDelegate\extComputation.cpp.obj
[2022-07-11T19:12:10.396Z]     [308/663] Building CXX object lib\mayaUsd\CMakeFiles\mayaUsd.dir\render\vp2RenderDelegate\shader.cpp.obj
[2022-07-11T19:12:10.396Z]     [309/663] Building CXX object lib\mayaUsd\CMakeFiles\mayaUsd.dir\render\vp2RenderDelegate\draw_item.cpp.obj
[2022-07-11T19:12:10.396Z]     [310/663] Building CXX object lib\mayaUsd\CMakeFiles\mayaUsd.dir\render\vp2RenderDelegate\instancer.cpp.obj
[2022-07-11T19:12:11.236Z]     [311/663] Building CXX object lib\mayaUsd\CMakeFiles\mayaUsd.dir\render\vp2RenderDelegate\render_param.cpp.obj
[2022-07-11T19:12:11.578Z]     [312/663] Building CXX object lib\mayaUsd\CMakeFiles\mayaUsd.dir\undo\UsdUndoManager.cpp.obj
[2022-07-11T19:12:11.578Z]     [313/663] Building CXX object lib\mayaUsd\CMakeFiles\mayaUsd.dir\undo\UsdUndoBlock.cpp.obj
[2022-07-11T19:12:12.353Z]     [314/663] Building CXX object lib\mayaUsd\CMakeFiles\mayaUsd.dir\ufe\private\Utils.cpp.obj
[2022-07-11T19:12:12.734Z]     [315/663] Building CXX object lib\mayaUsd\CMakeFiles\mayaUsd.dir\render\vp2RenderDelegate\sampler.cpp.obj
[2022-07-11T19:12:14.285Z]     [316/663] Building CXX object lib\mayaUsd\CMakeFiles\mayaUsd.dir\render\vp2ShaderFragments\shaderFragments.cpp.obj
[2022-07-11T19:12:14.880Z]     [317/663] Building CXX object lib\mayaUsd\CMakeFiles\mayaUsd.dir\undo\OpUndoItems.cpp.obj
[2022-07-11T19:12:14.880Z]     [318/663] Building CXX object lib\mayaUsd\CMakeFiles\mayaUsd.dir\render\vp2RenderDelegate\render_delegate.cpp.obj
[2022-07-11T19:12:15.701Z]     [319/663] Building CXX object lib\mayaUsd\CMakeFiles\mayaUsd.dir\render\vp2RenderDelegate\material.cpp.obj
[2022-07-11T19:12:16.922Z]     [320/663] Building CXX object lib\mayaUsd\CMakeFiles\mayaUsd.dir\render\vp2RenderDelegate\mayaPrimCommon.cpp.obj
[2022-07-11T19:12:17.782Z]     [321/663] Building CXX object lib\mayaUsd\CMakeFiles\mayaUsd.dir\render\vp2RenderDelegate\points.cpp.obj
[2022-07-11T19:12:18.131Z]     [322/663] Building CXX object lib\mayaUsd\CMakeFiles\mayaUsd.dir\render\vp2RenderDelegate\proxyRenderDelegate.cpp.obj
[2022-07-11T19:12:18.885Z]     [323/663] Building CXX object lib\mayaUsd\CMakeFiles\mayaUsd.dir\render\vp2RenderDelegate\mesh.cpp.obj
[2022-07-11T19:12:19.231Z]     [324/663] Building CXX object lib\mayaUsd\CMakeFiles\mayaUsd.dir\ufe\ProxyShapeHandler.cpp.obj
[2022-07-11T19:12:21.092Z]     [325/663] Building CXX object lib\mayaUsd\CMakeFiles\mayaUsd.dir\ufe\Global.cpp.obj
[2022-07-11T19:12:21.832Z]     [326/663] Building CXX object lib\mayaUsd\CMakeFiles\mayaUsd.dir\ufe\ProxyShapeHierarchy.cpp.obj
[2022-07-11T19:12:22.197Z]     [327/663] Building CXX object lib\mayaUsd\CMakeFiles\mayaUsd.dir\ufe\ProxyShapeHierarchyHandler.cpp.obj
[2022-07-11T19:12:22.546Z]     [328/663] Building CXX object lib\mayaUsd\CMakeFiles\mayaUsd.dir\ufe\UsdRootChildHierarchy.cpp.obj
[2022-07-11T19:12:22.546Z]     [329/663] Building CXX object lib\mayaUsd\CMakeFiles\mayaUsd.dir\ufe\StagesSubject.cpp.obj
[2022-07-11T19:12:22.546Z]     [330/663] Building CXX object lib\mayaUsd\CMakeFiles\mayaUsd.dir\ufe\UsdHierarchy.cpp.obj
[2022-07-11T19:12:23.102Z]     [331/663] Building CXX object lib\mayaUsd\CMakeFiles\mayaUsd.dir\ufe\UsdPointInstanceScaleModifier.cpp.obj
[2022-07-11T19:12:23.855Z]     [332/663] Building CXX object lib\mayaUsd\CMakeFiles\mayaUsd.dir\ufe\UsdPointInstancePositionModifier.cpp.obj
[2022-07-11T19:12:24.238Z]     [333/663] Building CXX object lib\mayaUsd\CMakeFiles\mayaUsd.dir\ufe\UsdPointInstanceOrientationModifier.cpp.obj
[2022-07-11T19:12:24.989Z]     [334/663] Building CXX object lib\mayaUsd\CMakeFiles\mayaUsd.dir\ufe\UsdHierarchyHandler.cpp.obj
[2022-07-11T19:12:24.989Z]     [335/663] Building CXX object lib\mayaUsd\CMakeFiles\mayaUsd.dir\ufe\UsdSceneItemOpsHandler.cpp.obj
[2022-07-11T19:12:25.820Z]     [336/663] Building CXX object lib\mayaUsd\CMakeFiles\mayaUsd.dir\ufe\moduleDeps.cpp.obj
[2022-07-11T19:12:26.150Z]     [337/663] Building CXX object lib\mayaUsd\CMakeFiles\mayaUsd.dir\ufe\UsdRotatePivotTranslateUndoableCommand.cpp.obj
[2022-07-11T19:12:26.150Z]     [338/663] Building CXX object lib\mayaUsd\CMakeFiles\mayaUsd.dir\ufe\private\UfeNotifGuard.cpp.obj
[2022-07-11T19:12:26.150Z]     [339/663] Building CXX object lib\mayaUsd\CMakeFiles\mayaUsd.dir\ufe\UsdSceneItem.cpp.obj
[2022-07-11T19:12:27.120Z]     [340/663] Building CXX object lib\mayaUsd\CMakeFiles\mayaUsd.dir\utils\colorSpace.cpp.obj
[2022-07-11T19:12:27.463Z]     [341/663] Building CXX object lib\mayaUsd\CMakeFiles\mayaUsd.dir\undo\UsdUndoableItem.cpp.obj
[2022-07-11T19:12:28.601Z]     [342/663] Building CXX object lib\mayaUsd\CMakeFiles\mayaUsd.dir\utils\blockSceneModificationContext.cpp.obj
[2022-07-11T19:12:28.601Z]     [343/663] Building CXX object lib\mayaUsd\CMakeFiles\mayaUsd.dir\ufe\UsdRotateUndoableCommand.cpp.obj
[2022-07-11T19:12:29.082Z]     [344/663] Building CXX object lib\mayaUsd\CMakeFiles\mayaUsd.dir\ufe\UsdSceneItemOps.cpp.obj
[2022-07-11T19:12:29.420Z]     [345/663] Building CXX object lib\mayaUsd\CMakeFiles\mayaUsd.dir\ufe\UsdScaleUndoableCommand.cpp.obj
[2022-07-11T19:12:31.067Z]     [346/663] Building CXX object lib\mayaUsd\CMakeFiles\mayaUsd.dir\ufe\UsdTranslateUndoableCommand.cpp.obj
[2022-07-11T19:12:31.599Z]     [347/663] Building CXX object lib\mayaUsd\CMakeFiles\mayaUsd.dir\ufe\UsdTransform3d.cpp.obj
[2022-07-11T19:12:32.021Z]     [348/663] Building CXX object lib\mayaUsd\CMakeFiles\mayaUsd.dir\ufe\UsdTransform3dHandler.cpp.obj
[2022-07-11T19:12:32.021Z]     [349/663] Building CXX object lib\mayaUsd\CMakeFiles\mayaUsd.dir\ufe\UsdTRSUndoableCommandBase.cpp.obj
[2022-07-11T19:12:32.388Z]     [350/663] Building CXX object lib\mayaUsd\CMakeFiles\mayaUsd.dir\ufe\UsdUndoMaterialCommands.cpp.obj
[2022-07-11T19:12:32.864Z]     [351/663] Building CXX object lib\mayaUsd\CMakeFiles\mayaUsd.dir\ufe\UsdStageMap.cpp.obj
[2022-07-11T19:12:33.668Z]     [352/663] Building CXX object lib\mayaUsd\CMakeFiles\mayaUsd.dir\utils\progressBarScope.cpp.obj
[2022-07-11T19:12:33.669Z]     [353/663] Building CXX object lib\mayaUsd\CMakeFiles\mayaUsd.dir\ufe\UsdUndoDeleteCommand.cpp.obj
[2022-07-11T19:12:34.083Z]     [354/663] Building CXX object lib\mayaUsd\CMakeFiles\mayaUsd.dir\ufe\UsdUndoDuplicateCommand.cpp.obj
[2022-07-11T19:12:34.083Z]     [355/663] Building CXX object lib\mayaUsd\CMakeFiles\mayaUsd.dir\ufe\UsdUndoRenameCommand.cpp.obj
[2022-07-11T19:12:34.083Z]     [356/663] Building CXX object lib\mayaUsd\CMakeFiles\mayaUsd.dir\utils\customLayerData.cpp.obj
[2022-07-11T19:12:34.415Z]     [357/663] Building CXX object lib\mayaUsd\CMakeFiles\mayaUsd.dir\utils\plugRegistryHelper.cpp.obj
[2022-07-11T19:12:34.751Z]     [358/663] Building CXX object lib\mayaUsd\CMakeFiles\mayaUsd.dir\undo\UsdUndoStateDelegate.cpp.obj
[2022-07-11T19:12:34.751Z]     [359/663] Building CXX object lib\mayaUsd\CMakeFiles\mayaUsd.dir\ufe\Utils.cpp.obj
[2022-07-11T19:12:35.296Z]     [360/663] Building CXX object lib\mayaUsd\CMakeFiles\mayaUsd.dir\utils\diagnosticDelegate.cpp.obj
[2022-07-11T19:12:35.296Z]     [361/663] Building CXX object lib\mayaUsd\python\CMakeFiles\_mayaUsd.dir\module.cpp.obj
[2022-07-11T19:12:35.296Z]     [362/663] Building CXX object lib\mayaUsd\CMakeFiles\mayaUsd.dir\utils\converter.cpp.obj
[2022-07-11T19:12:36.341Z]     [363/663] Building CXX object lib\mayaUsd\CMakeFiles\mayaUsd.dir\utils\loadRulesText.cpp.obj
[2022-07-11T19:12:36.726Z]     [364/663] Building CXX object lib\mayaUsd\CMakeFiles\mayaUsd.dir\utils\loadRules.cpp.obj
[2022-07-11T19:12:37.929Z]     [365/663] Building CXX object lib\mayaUsd\CMakeFiles\mayaUsd.dir\utils\editRouter.cpp.obj
[2022-07-11T19:12:38.771Z]     [366/663] Building CXX object lib\mayaUsd\CMakeFiles\mayaUsd.dir\utils\editability.cpp.obj
[2022-07-11T19:12:39.120Z]     [367/663] Building CXX object lib\mayaUsd\CMakeFiles\mayaUsd.dir\utils\query.cpp.obj
[2022-07-11T19:12:39.120Z]     [368/663] Building CXX object lib\mayaUsd\CMakeFiles\mayaUsd.dir\utils\loadRulesAttribute.cpp.obj
[2022-07-11T19:12:39.476Z]     [369/663] Building CXX object lib\mayaUsd\python\CMakeFiles\_mayaUsd.dir\wrapColorSpace.cpp.obj
[2022-07-11T19:12:39.932Z]     [370/663] Building CXX object lib\mayaUsd\CMakeFiles\mayaUsd.dir\utils\selectability.cpp.obj
[2022-07-11T19:12:39.932Z]     [371/663] Building CXX object lib\mayaUsd\python\CMakeFiles\_mayaUsd.dir\pythonObjectRegistry.cpp.obj
[2022-07-11T19:12:40.377Z]     [372/663] Building CXX object lib\mayaUsd\CMakeFiles\mayaUsd.dir\utils\traverseLayer.cpp.obj
[2022-07-11T19:12:41.348Z]     [373/663] Building CXX object lib\mayaUsd\CMakeFiles\mayaUsd.dir\utils\variants.cpp.obj
[2022-07-11T19:12:41.740Z]     [374/663] Building CXX object lib\mayaUsd\CMakeFiles\mayaUsd.dir\utils\undoHelperCommand.cpp.obj
[2022-07-11T19:12:42.206Z]     [375/663] Building CXX object lib\mayaUsd\CMakeFiles\mayaUsd.dir\utils\stageCache.cpp.obj
[2022-07-11T19:12:42.206Z]     [376/663] Building CXX object lib\mayaUsd\CMakeFiles\mayaUsd.dir\utils\utilFileSystem.cpp.obj
[2022-07-11T19:12:42.549Z]     [377/663] Building CXX object lib\mayaUsd\python\CMakeFiles\_mayaUsd.dir\wrapBlockSceneModificationContext.cpp.obj
[2022-07-11T19:12:42.549Z]     [378/663] Building CXX object lib\mayaUsd\python\CMakeFiles\_mayaUsd.dir\wrapSparseValueWriter.cpp.obj
[2022-07-11T19:12:42.549Z]     [379/663] Building CXX object lib\mayaUsd\CMakeFiles\mayaUsd.dir\utils\utilSerialization.cpp.obj
[2022-07-11T19:12:43.261Z]     [380/663] Building CXX object lib\mayaUsd\python\CMakeFiles\_mayaUsd.dir\wrapDiagnosticDelegate.cpp.obj
[2022-07-11T19:12:44.079Z]     [381/663] Building CXX object lib\mayaUsd\python\CMakeFiles\_mayaUsd.dir\wrapOpUndoItem.cpp.obj
[2022-07-11T19:12:44.925Z]     [382/663] Building CXX object lib\mayaUsd\python\CMakeFiles\_mayaUsd.dir\wrapConverter.cpp.obj
[2022-07-11T19:12:45.672Z]     [383/663] Building CXX object lib\mayaUsd\CMakeFiles\mayaUsd.dir\utils\util.cpp.obj
[2022-07-11T19:12:46.396Z]     [384/663] Building CXX object lib\mayaUsd\python\CMakeFiles\_mayaUsd.dir\wrapEditRouter.cpp.obj
[2022-07-11T19:12:46.751Z]     [385/663] Building CXX object lib\mayaUsd\python\CMakeFiles\_mayaUsd.dir\wrapAdaptor.cpp.obj
[2022-07-11T19:12:47.088Z]     [386/663] Building CXX object lib\mayaUsd\python\CMakeFiles\_mayaUsd.dir\wrapTokens.cpp.obj
[2022-07-11T19:12:47.494Z]     [387/663] Building CXX object lib\mayaUsd\python\CMakeFiles\_mayaUsd.dir\wrapQuery.cpp.obj
[2022-07-11T19:12:49.828Z]     [388/663] Building CXX object lib\mayaUsd\python\CMakeFiles\_mayaUsd.dir\wrapReadUtil.cpp.obj
[2022-07-11T19:12:49.828Z]     [389/663] Building CXX object lib\mayaUsd\python\CMakeFiles\_mayaUsd.dir\wrapMeshWriteUtils.cpp.obj
[2022-07-11T19:12:49.828Z]     [390/663] Building CXX object lib\mayaUsd\python\CMakeFiles\_mayaUsd.dir\wrapUsdUndoManager.cpp.obj
[2022-07-11T19:12:50.215Z]     [391/663] Building CXX object lib\mayaUsd\python\CMakeFiles\_mayaUsd.dir\wrapOpenMaya.cpp.obj
[2022-07-11T19:12:50.215Z]     [392/663] Building CXX object lib\mayaUsd\python\CMakeFiles\_mayaUsd.dir\wrapStageCache.cpp.obj
[2022-07-11T19:12:50.215Z]     [393/663] Linking CXX shared library lib\mayaUsd\mayaUsd.dll
[2022-07-11T19:12:50.776Z]     [394/663] Building CXX object lib\mayaUsd\python\CMakeFiles\_mayaUsd.dir\wrapRoundTripUtil.cpp.obj
[2022-07-11T19:12:50.776Z]     [395/663] Building CXX object lib\mayaUsd\python\CMakeFiles\_mayaUsd.dir\wrapUserTaggedAttribute.cpp.obj
[2022-07-11T19:12:50.776Z]     [396/663] Building CXX object lib\mayaUsd\python\CMakeFiles\_mayaUsd.dir\wrapTranslatorUtil.cpp.obj
[2022-07-11T19:12:50.776Z]     [397/663] Building CXX object lib\mayaUsd\python\CMakeFiles\_mayaUsd.dir\wrapUtil.cpp.obj
[2022-07-11T19:12:50.776Z]     [398/663] Building CXX object lib\mayaUsd\python\CMakeFiles\_mayaUsd.dir\wrapWriteUtil.cpp.obj
[2022-07-11T19:12:51.273Z]     [399/663] Linking CXX executable test\lib\mayaUsd\utils\testSplitString.exe
[2022-07-11T19:12:51.274Z]     [400/663] Linking CXX shared library test\lib\usd\plugin\usdTestMayaPlugin.mll
[2022-07-11T19:12:51.623Z]     [401/663] Linking CXX shared library test\lib\usd\plugin\usdTestUsdPlugin.dll
[2022-07-11T19:12:51.623Z]     [402/663] Linking CXX shared library test\lib\usd\plugin\usdTestInfoImportChaser.mll
[2022-07-11T19:12:51.961Z]     [403/663] Linking CXX shared library test\lib\usd\plugin\usdTestApiWriter.dll
[2022-07-11T19:12:52.296Z]     [404/663] Linking CXX shared library lib\usd\pxrUsdPreviewSurface\basePxrUsdPreviewSurface.dll
[2022-07-11T19:12:52.296Z]     [405/663] Linking CXX executable test\lib\mayaUsd\utils\testLoadRules.exe
[2022-07-11T19:12:53.082Z]     [406/663] Linking CXX shared library plugin\pxr\maya\plugin\pxrUsdPreviewSurface\pxrUsdPreviewSurface.mll
[2022-07-11T19:12:53.855Z]     [407/663] Linking CXX shared library lib\usd\translators\mayaUsd_Translators.dll
[2022-07-11T19:12:55.837Z]     [408/663] Building CXX object lib\mayaUsd\python\CMakeFiles\_mayaUsd.dir\wrapPrimWriter.cpp.obj
[2022-07-11T19:12:56.757Z]     [409/663] Building CXX object lib\mayaUsd\python\CMakeFiles\_mayaUsd.dir\wrapExportChaser.cpp.obj
[2022-07-11T19:12:56.757Z]     [410/663] Building CXX object lib\mayaUsd\ufe\CMakeFiles\_ufe.dir\module.cpp.obj
[2022-07-11T19:12:57.120Z]     [411/663] Building CXX object lib\mayaUsd\python\CMakeFiles\_mayaUsd.dir\wrapShadingUtil.cpp.obj
[2022-07-11T19:12:57.456Z]     [412/663] Building CXX object lib\mayaUsd\python\CMakeFiles\_mayaUsd.dir\wrapImportChaser.cpp.obj
[2022-07-11T19:12:58.651Z]     [413/663] Building CXX object lib\mayaUsd\python\CMakeFiles\_mayaUsd.dir\wrapXformStack.cpp.obj
[2022-07-11T19:12:59.002Z]     [414/663] Building CXX object lib\mayaUsd\python\CMakeFiles\_mayaUsd.dir\wrapJobContextRegistry.cpp.obj
[2022-07-11T19:12:59.002Z]     [415/663] Building CXX object lib\usd\hdMaya\CMakeFiles\hdMaya.dir\adapters\areaLightAdapter.cpp.obj
[2022-07-11T19:12:59.349Z]     [416/663] Building CXX object lib\mayaUsd\python\CMakeFiles\_mayaUsd.dir\wrapSchemaApiAdaptor.cpp.obj
[2022-07-11T19:13:00.097Z]     [417/663] Building CXX object lib\mayaUsd\render\mayaToHydra\CMakeFiles\mtoh.dir\pluginDebugCodes.cpp.obj
[2022-07-11T19:13:00.557Z]     [418/663] Building CXX object lib\mayaUsd\render\mayaToHydra\CMakeFiles\mtoh.dir\tokens.cpp.obj
[2022-07-11T19:13:01.376Z]     [419/663] Building CXX object lib\usd\hdMaya\CMakeFiles\hdMaya.dir\adapters\lightAdapter.cpp.obj
[2022-07-11T19:13:01.898Z]     [420/663] Building CXX object lib\usd\hdMaya\CMakeFiles\hdMaya.dir\adapters\directionalLightAdapter.cpp.obj
[2022-07-11T19:13:01.898Z]     [421/663] Automatic MOC and UIC for target mayaUsdUI
[2022-07-11T19:13:02.665Z]     [422/663] Automatic RCC for layerEditor/resources.qrc
[2022-07-11T19:13:02.665Z]     [423/663] Building CXX object lib\mayaUsd\ufe\CMakeFiles\_ufe.dir\wrapGlobal.cpp.obj
[2022-07-11T19:13:02.665Z]     [424/663] Automatic RCC for importDialog/images/ui.qrc
[2022-07-11T19:13:03.233Z]     [425/663] Building CXX object lib\usd\hdMaya\CMakeFiles\hdMaya.dir\adapters\dagAdapter.cpp.obj
[2022-07-11T19:13:03.233Z]     [426/663] Building CXX object lib\mayaUsd\python\CMakeFiles\_mayaUsd.dir\wrapShadingMode.cpp.obj
[2022-07-11T19:13:03.812Z]     [427/663] Building CXX object lib\mayaUsd\python\CMakeFiles\_mayaUsd.dir\wrapPrimReader.cpp.obj
[2022-07-11T19:13:04.684Z]     [428/663] Building CXX object lib\usd\hdMaya\CMakeFiles\hdMaya.dir\adapters\cameraAdapter.cpp.obj
[2022-07-11T19:13:05.035Z]     [429/663] Building CXX object lib\usd\hdMaya\CMakeFiles\hdMaya.dir\adapters\proxyAdapter.cpp.obj
[2022-07-11T19:13:08.145Z]     [430/663] Building CXX object lib\usd\ui\CMakeFiles\mayaUsdUI.dir\layerEditor\generatedIconButton.cpp.obj
[2022-07-11T19:13:08.145Z]     [431/663] Building CXX object lib\usd\hdMaya\CMakeFiles\hdMaya.dir\adapters\aiSkydomeLightAdapter.cpp.obj
[2022-07-11T19:13:08.145Z]     [432/663] Building CXX object lib\usd\ui\CMakeFiles\mayaUsdUI.dir\layerEditor\dirtyLayersCountBadge.cpp.obj
[2022-07-11T19:13:08.145Z]     [433/663] Building CXX object lib\mayaUsd\render\mayaToHydra\CMakeFiles\mtoh.dir\utils.cpp.obj
[2022-07-11T19:13:09.192Z]     [434/663] Building CXX object lib\mayaUsd\ufe\CMakeFiles\_ufe.dir\wrapNotice.cpp.obj
[2022-07-11T19:13:09.568Z]     [435/663] Building CXX object lib\mayaUsd\render\mayaToHydra\CMakeFiles\mtoh.dir\plugin.cpp.obj
[2022-07-11T19:13:10.688Z]     [436/663] Building CXX object lib\mayaUsd\render\mayaToHydra\CMakeFiles\mtoh.dir\defaultLightDelegate.cpp.obj
[2022-07-11T19:13:10.688Z]     [437/663] Building CXX object lib\mayaUsd\ufe\CMakeFiles\_ufe.dir\wrapUtils.cpp.obj
[2022-07-11T19:13:12.504Z]     [438/663] Building CXX object lib\mayaUsd\render\mayaToHydra\CMakeFiles\mtoh.dir\shadingModeExporter.cpp.obj
[2022-07-11T19:13:14.847Z]     [439/663] Building CXX object lib\usd\ui\CMakeFiles\mayaUsdUI.dir\mayaUsdUI_autogen\mocs_compilation.cpp.obj
[2022-07-11T19:13:14.847Z]     [440/663] Building CXX object lib\usd\ui\CMakeFiles\mayaUsdUI.dir\layerEditor\loadLayersDialog.cpp.obj
[2022-07-11T19:13:14.847Z]     [441/663] Building CXX object lib\usd\ui\CMakeFiles\mayaUsdUI.dir\layerEditor\mayaQtUtils.cpp.obj
[2022-07-11T19:13:15.272Z]     [442/663] Building CXX object lib\mayaUsd\render\mayaToHydra\CMakeFiles\mtoh.dir\viewCommand.cpp.obj
[2022-07-11T19:13:15.272Z]     [443/663] Building CXX object lib\usd\ui\CMakeFiles\mayaUsdUI.dir\layerEditor\layerTreeItemDelegate.cpp.obj
[2022-07-11T19:13:15.272Z]     [444/663] Building CXX object lib\usd\ui\CMakeFiles\mayaUsdUI.dir\layerEditor\layerEditorWidget.cpp.obj
[2022-07-11T19:13:15.272Z]     [445/663] Building CXX object lib\usd\ui\CMakeFiles\mayaUsdUI.dir\layerEditor\mayaCommandHook.cpp.obj
[2022-07-11T19:13:15.975Z]     [446/663] Building CXX object lib\usd\ui\CMakeFiles\mayaUsdUI.dir\layerEditor\qtUtils.cpp.obj
[2022-07-11T19:13:15.975Z]     [447/663] Building CXX object lib\mayaUsd\render\mayaToHydra\CMakeFiles\mtoh.dir\renderOverride.cpp.obj
[2022-07-11T19:13:16.321Z]     [448/663] Building CXX object lib\usd\ui\CMakeFiles\mayaUsdUI.dir\layerEditor\stringResources.cpp.obj
[2022-07-11T19:13:16.651Z]     [449/663] Building CXX object lib\mayaUsd\render\mayaToHydra\CMakeFiles\mtoh.dir\renderGlobals.cpp.obj
[2022-07-11T19:13:17.898Z]     [450/663] Building CXX object lib\usd\ui\CMakeFiles\mayaUsdUI.dir\layerEditor\layerTreeView.cpp.obj
[2022-07-11T19:13:18.614Z]     [451/663] Building CXX object lib\usd\ui\CMakeFiles\mayaUsdUI.dir\layerEditor\pathChecker.cpp.obj
[2022-07-11T19:13:18.614Z]     [452/663] Building CXX object lib\usd\ui\CMakeFiles\mayaUsdUI.dir\layerEditor\layerTreeItem.cpp.obj
[2022-07-11T19:13:18.979Z]     [453/663] Building CXX object lib\usd\ui\CMakeFiles\mayaUsdUI.dir\layerEditor\mayaSessionState.cpp.obj
[2022-07-11T19:13:18.979Z]     [454/663] Building CXX object lib\usd\ui\CMakeFiles\mayaUsdUI.dir\mayaUsdUI_autogen\AUCU3ACLTF\qrc_ui.cpp.obj
[2022-07-11T19:13:18.979Z]     [455/663] Building CXX object lib\usd\ui\CMakeFiles\mayaUsdUI.dir\mayaUsdUI_autogen\5WMDHDZAMM\qrc_resources.cpp.obj
[2022-07-11T19:13:18.979Z]     [456/663] Building CXX object lib\usd\ui\CMakeFiles\mayaUsdUI.dir\layerEditor\warningDialogs.cpp.obj
[2022-07-11T19:13:19.342Z]     [457/663] Building CXX object lib\usd\ui\CMakeFiles\mayaUsdUI.dir\layerEditor\layerTreeModel.cpp.obj
[2022-07-11T19:13:19.342Z]     [458/663] Building CXX object lib\usd\ui\CMakeFiles\mayaUsdUI.dir\initStringResources.cpp.obj
[2022-07-11T19:13:19.682Z]     [459/663] Building CXX object lib\usd\ui\CMakeFiles\mayaUsdUI.dir\importDialog\USDQtUtil.cpp.obj
[2022-07-11T19:13:20.046Z]     [460/663] Linking CXX shared library lib\mayaUsd\ufe\_ufe.pyd
[2022-07-11T19:13:20.473Z]     [461/663] Building CXX object lib\usd\ui\CMakeFiles\mayaUsdUI.dir\layerEditor\sessionState.cpp.obj
[2022-07-11T19:13:20.868Z]     [462/663] Linking CXX shared library lib\mayaUsd\python\_mayaUsd.pyd
[2022-07-11T19:13:21.233Z]     [463/663] Building CXX object lib\usd\hdMaya\CMakeFiles\hdMaya.dir\utils.cpp.obj
[2022-07-11T19:13:21.233Z]     [464/663] Building CXX object lib\usd\ui\CMakeFiles\mayaUsdUI.dir\layerEditor\mayaLayerEditorWindow.cpp.obj
[2022-07-11T19:13:21.577Z]     [465/663] Building CXX object lib\usd\hdMaya\CMakeFiles\hdMaya.dir\adapters\adapterDebugCodes.cpp.obj
[2022-07-11T19:13:21.930Z]     [466/663] Building CXX object lib\usd\hdMaya\CMakeFiles\hdMaya.dir\debugCodes.cpp.obj
[2022-07-11T19:13:22.300Z]     [467/663] Building CXX object plugin\al\mayautils\AL\maya\tests\mayaplugintest\CMakeFiles\AL_MayaUtilsTests.dir\utils\NodeHelperUnitTest.cpp.obj
[2022-07-11T19:13:23.477Z]     [468/663] Building CXX object plugin\al\mayautils\AL\maya\tests\mayaplugintest\CMakeFiles\AL_MayaUtilsTests.dir\utils\PluginTranslatorOptionsTest.cpp.obj
[2022-07-11T19:13:23.810Z]     [469/663] Linking CXX shared library plugin\al\mayautils\AL\maya\tests\mayaplugintest\AL_MayaUtilsTests.mll
[2022-07-11T19:13:24.162Z]     [470/663] Building CXX object lib\usd\ui\CMakeFiles\mayaUsdUI.dir\importDialog\TreeItem.cpp.obj
[2022-07-11T19:13:24.162Z]     [471/663] Building CXX object lib\usd\ui\CMakeFiles\mayaUsdUI.dir\importDialog\USDImportDialog.cpp.obj
[2022-07-11T19:13:24.162Z]     [472/663] Building CXX object lib\usd\ui\CMakeFiles\mayaUsdUI.dir\importDialog\TreeModel.cpp.obj
[2022-07-11T19:13:24.508Z]     [473/663] Building CXX object lib\usd\ui\CMakeFiles\mayaUsdUI.dir\importDialog\ItemDelegate.cpp.obj
[2022-07-11T19:13:24.508Z]     [474/663] Building CXX object lib\usd\ui\CMakeFiles\mayaUsdUI.dir\layerEditor\stageSelectorWidget.cpp.obj
[2022-07-11T19:13:24.835Z]     [475/663] Building CXX object lib\usd\ui\CMakeFiles\mayaUsdUI.dir\importDialog\TreeModelFactory.cpp.obj
[2022-07-11T19:13:25.581Z]     [476/663] Building CXX object lib\usd\hdMaya\CMakeFiles\hdMaya.dir\adapters\adapter.cpp.obj
[2022-07-11T19:13:26.731Z]     [477/663] Building CXX object lib\usd\ui\CMakeFiles\mayaUsdUI.dir\layerEditor\batchSaveLayersUIDelegate.cpp.obj
[2022-07-11T19:13:26.731Z]     [478/663] Building CXX object plugin\pxr\maya\lib\usdMaya\CMakeFiles\usdMaya.dir\exportCommand.cpp.obj
[2022-07-11T19:13:27.057Z]     [479/663] Building CXX object lib\usd\ui\CMakeFiles\mayaUsdUI.dir\importDialog\USDImportDialogCmd.cpp.obj
[2022-07-11T19:13:27.057Z]     [480/663] Building CXX object plugin\al\usdtransaction\AL\usd\transaction\CMakeFiles\_AL_USDTransaction.dir\module.cpp.obj
[2022-07-11T19:13:27.414Z]     [481/663] Building CXX object plugin\pxr\maya\lib\usdMaya\CMakeFiles\usdMaya.dir\exportTranslator.cpp.obj
[2022-07-11T19:13:29.005Z]     [482/663] Linking CXX shared library plugin\pxr\maya\lib\usdMaya\usdMaya.dll
[2022-07-11T19:13:29.005Z]     [483/663] Building CXX object plugin\al\usdmayautils\AL\usdmaya\utils\CMakeFiles\AL_USDMayaUtils.dir\AttributeType.cpp.obj
[2022-07-11T19:13:29.005Z]     [484/663] Building CXX object plugin\al\usdmayautils\AL\usdmaya\utils\CMakeFiles\AL_USDMayaUtils.dir\AnimationTranslator.cpp.obj
[2022-07-11T19:13:29.342Z]     [485/663] Linking CXX shared library plugin\pxr\maya\lib\usdMaya\_usdMaya.pyd
[2022-07-11T19:13:29.676Z]     [486/663] Linking CXX shared library plugin\pxr\maya\plugin\pxrUsd\pxrUsd.mll
[2022-07-11T19:13:29.676Z]     [487/663] Building CXX object plugin\al\usdtransaction\AL\usd\transaction\CMakeFiles\AL_USDTransaction.dir\Transaction.cpp.obj
[2022-07-11T19:13:30.026Z]     [488/663] Building CXX object plugin\al\usdtransaction\AL\usd\transaction\tests\CMakeFiles\AL_USDTransactionTests.dir\testMain.cpp.obj
[2022-07-11T19:13:30.026Z]     [489/663] Building CXX object plugin\al\usdtransaction\AL\usd\transaction\CMakeFiles\AL_USDTransaction.dir\Notice.cpp.obj
[2022-07-11T19:13:30.944Z]     [490/663] Building CXX object lib\usd\ui\CMakeFiles\mayaUsdUI.dir\layerEditor\saveLayersDialog.cpp.obj
[2022-07-11T19:13:30.944Z]     [491/663] Building CXX object lib\usd\hdMaya\CMakeFiles\hdMaya.dir\adapters\adapterRegistry.cpp.obj
[2022-07-11T19:13:30.944Z]     [492/663] Building CXX object plugin\al\usdmayautils\AL\usdmaya\utils\CMakeFiles\AL_USDMayaUtils.dir\Utils.cpp.obj
[2022-07-11T19:13:30.944Z]     [493/663] Building CXX object plugin\al\lib\AL_USDMaya\CMakeFiles\AL_USDMaya.dir\AL\usdmaya\Metadata.cpp.obj
[2022-07-11T19:13:31.852Z]     [494/663] Building CXX object plugin\al\usdmayautils\AL\usdmaya\utils\CMakeFiles\AL_USDMayaUtils.dir\NurbsCurveUtils.cpp.obj
[2022-07-11T19:13:32.182Z]     [495/663] Building CXX object plugin\al\usdtransaction\AL\usd\transaction\CMakeFiles\AL_USDTransaction.dir\TransactionManager.cpp.obj
[2022-07-11T19:13:32.776Z]     [496/663] Building CXX object plugin\al\usdmayautils\AL\usdmaya\utils\CMakeFiles\AL_USDMayaUtils.dir\DiffPrimVar.cpp.obj
[2022-07-11T19:13:32.776Z]     [497/663] Linking CXX shared library lib\usd\hdMaya\hdMaya.dll
[2022-07-11T19:13:32.776Z]     [498/663] Building CXX object plugin\al\lib\AL_USDMaya\CMakeFiles\AL_USDMaya.dir\AL\usdmaya\DebugCodes.cpp.obj
[2022-07-11T19:13:32.776Z]     [499/663] Linking CXX shared library lib\usd\ui\mayaUsdUI.dll
[2022-07-11T19:13:32.776Z]     [500/663] Automatic MOC and UIC for target testMayaUsdUI
[2022-07-11T19:13:32.776Z]     [501/663] Building CXX object plugin\al\usdmayautils\AL\usdmaya\utils\CMakeFiles\AL_USDMayaUtils.dir\MeshUtils.cpp.obj
[2022-07-11T19:13:32.776Z]     [502/663] Building CXX object lib\usd\ui\importDialogDemo\CMakeFiles\testMayaUsdUI.dir\testMayaUsdUI_autogen\mocs_compilation.cpp.obj
[2022-07-11T19:13:33.110Z]     [503/663] Linking CXX shared library plugin\al\usdtransaction\AL\usd\transaction\AL_USDTransaction.dll
[2022-07-11T19:13:33.440Z]     [504/663] Building CXX object plugin\al\lib\AL_USDMaya\CMakeFiles\AL_USDMaya.dir\AL\usdmaya\StageCache.cpp.obj
[2022-07-11T19:13:33.776Z]     [505/663] Building CXX object plugin\al\lib\AL_USDMaya\CMakeFiles\AL_USDMaya.dir\AL\usdmaya\cmds\DebugCommands.cpp.obj
[2022-07-11T19:13:33.776Z]     [506/663] Linking CXX shared library lib\mayaUsd\render\mayaToHydra\mtoh.mll
[2022-07-11T19:13:34.105Z]     [507/663] Building CXX object plugin\al\lib\AL_USDMaya\CMakeFiles\AL_USDMaya.dir\AL\usdmaya\cmds\EventCommand.cpp.obj
[2022-07-11T19:13:34.435Z]     [508/663] Building CXX object plugin\al\usdmayautils\AL\usdmaya\utils\CMakeFiles\AL_USDMayaUtils.dir\DgNodeHelper.cpp.obj
[2022-07-11T19:13:34.777Z]     [509/663] Building CXX object plugin\al\lib\AL_USDMaya\CMakeFiles\AL_USDMaya.dir\AL\usdmaya\cmds\RendererCommands.cpp.obj
[2022-07-11T19:13:35.489Z]     [510/663] Linking CXX shared library plugin\al\usdmayautils\AL\usdmaya\utils\AL_USDMayaUtils.dll
[2022-07-11T19:13:35.489Z]     [511/663] Building CXX object plugin\al\usdtransaction\AL\usd\transaction\CMakeFiles\_AL_USDTransaction.dir\wrapNotice.cpp.obj
[2022-07-11T19:13:36.227Z]     [512/663] Building CXX object plugin\al\lib\AL_USDMaya\CMakeFiles\AL_USDMaya.dir\AL\usdmaya\moduleDeps.cpp.obj
[2022-07-11T19:13:36.227Z]     [513/663] Building CXX object plugin\al\usdtransaction\AL\usd\transaction\CMakeFiles\_AL_USDTransaction.dir\wrapTransactionManager.cpp.obj
[2022-07-11T19:13:36.574Z]     [514/663] Building CXX object plugin\al\usdtransaction\AL\usd\transaction\CMakeFiles\_AL_USDTransaction.dir\wrapTransaction.cpp.obj
[2022-07-11T19:13:37.365Z]     [515/663] Linking CXX shared library plugin\al\usdtransaction\AL\usd\transaction\_AL_USDTransaction.pyd
[2022-07-11T19:13:37.704Z]     [516/663] Building CXX object plugin\al\usdtransaction\AL\usd\transaction\tests\CMakeFiles\AL_USDTransactionTests.dir\testTransactionManager.cpp.obj
[2022-07-11T19:13:38.647Z]     [517/663] Building CXX object plugin\al\lib\AL_USDMaya\CMakeFiles\AL_USDMaya.dir\AL\usdmaya\cmds\SyncFileIOGui.cpp.obj
[2022-07-11T19:13:38.987Z]     [518/663] Building CXX object plugin\al\usdtransaction\AL\usd\transaction\tests\CMakeFiles\AL_USDTransactionTests.dir\testTransaction.cpp.obj
[2022-07-11T19:13:39.320Z]     [519/663] Linking CXX executable plugin\al\usdtransaction\AL\usd\transaction\tests\AL_USDTransactionTests.exe
[2022-07-11T19:13:40.057Z]     [520/663] Building CXX object plugin\al\lib\AL_USDMaya\CMakeFiles\AL_USDMaya.dir\AL\usdmaya\Global.cpp.obj
[2022-07-11T19:13:40.057Z]     [521/663] Building CXX object plugin\al\lib\AL_USDMaya\CMakeFiles\AL_USDMaya.dir\AL\usdmaya\cmds\CreateUsdPrim.cpp.obj
[2022-07-11T19:13:40.401Z]     [522/663] Building CXX object plugin\al\lib\AL_USDMaya\CMakeFiles\AL_USDMaya.dir\AL\usdmaya\TransformOperation.cpp.obj
[2022-07-11T19:13:40.401Z]     [523/663] Building CXX object plugin\al\lib\AL_USDMaya\CMakeFiles\AL_USDMaya.dir\AL\usdmaya\cmds\ProxyShapePostLoadProcess.cpp.obj
[2022-07-11T19:13:40.733Z]     [524/663] Building CXX object lib\usd\ui\importDialogDemo\CMakeFiles\testMayaUsdUI.dir\testMayaUsdUI.cpp.obj
[2022-07-11T19:13:41.065Z]     [525/663] Building CXX object plugin\al\lib\AL_USDMaya\CMakeFiles\AL_USDMaya.dir\AL\usdmaya\cmds\ListTranslators.cpp.obj
[2022-07-11T19:13:41.394Z]     [526/663] Linking CXX executable lib\usd\ui\importDialogDemo\testMayaUsdUI.exe
[2022-07-11T19:13:42.567Z]     [527/663] Building CXX object plugin\al\lib\AL_USDMaya\CMakeFiles\AL_USDMaya.dir\AL\usdmaya\fileio\ExportTranslator.cpp.obj
[2022-07-11T19:13:42.900Z]     [528/663] Building CXX object plugin\al\lib\AL_USDMaya\CMakeFiles\AL_USDMaya.dir\AL\usdmaya\cmds\LayerCommands.cpp.obj
[2022-07-11T19:13:44.560Z]     [529/663] Building CXX object plugin\al\lib\AL_USDMaya\CMakeFiles\AL_USDMaya.dir\AL\usdmaya\fileio\Import.cpp.obj
[2022-07-11T19:13:44.899Z]     [530/663] Building CXX object plugin\al\lib\AL_USDMaya\CMakeFiles\AL_USDMaya.dir\AL\usdmaya\cmds\ProxyShapeCommands.cpp.obj
[2022-07-11T19:13:45.228Z]     [531/663] Building CXX object plugin\al\lib\AL_USDMaya\CMakeFiles\AL_USDMaya.dir\AL\usdmaya\fileio\AnimationTranslator.cpp.obj
[2022-07-11T19:13:45.556Z]     [532/663] Building CXX object plugin\al\lib\AL_USDMaya\CMakeFiles\AL_USDMaya.dir\AL\usdmaya\cmds\UnloadPrim.cpp.obj
[2022-07-11T19:13:45.888Z]     [533/663] Building CXX object plugin\al\lib\AL_USDMaya\CMakeFiles\AL_USDMaya.dir\AL\usdmaya\nodes\Layer.cpp.obj
[2022-07-11T19:13:46.220Z]     [534/663] Building CXX object plugin\al\lib\AL_USDMaya\CMakeFiles\AL_USDMaya.dir\AL\usdmaya\fileio\Export.cpp.obj
[2022-07-11T19:13:46.552Z]     [535/663] Building CXX object plugin\al\lib\AL_USDMaya\CMakeFiles\AL_USDMaya.dir\AL\usdmaya\fileio\ImportTranslator.cpp.obj
[2022-07-11T19:13:46.552Z]     [536/663] Building CXX object plugin\al\lib\AL_USDMaya\CMakeFiles\AL_USDMaya.dir\AL\usdmaya\fileio\translators\DagNodeTranslator.cpp.obj
[2022-07-11T19:13:47.265Z]     [537/663] Building CXX object plugin\al\lib\AL_USDMaya\CMakeFiles\AL_USDMaya.dir\AL\usdmaya\fileio\SchemaPrims.cpp.obj
[2022-07-11T19:13:47.606Z]     [538/663] Building CXX object plugin\al\lib\AL_USDMaya\CMakeFiles\AL_USDMaya.dir\AL\usdmaya\fileio\TransformIterator.cpp.obj
[2022-07-11T19:13:47.943Z]     [539/663] Building CXX object plugin\al\lib\AL_USDMaya\CMakeFiles\AL_USDMaya.dir\AL\usdmaya\fileio\NodeFactory.cpp.obj
[2022-07-11T19:13:48.380Z]     [540/663] Building CXX object plugin\al\lib\AL_USDMaya\CMakeFiles\AL_USDMaya.dir\AL\usdmaya\fileio\translators\TranslatorTestPlugin.cpp.obj
[2022-07-11T19:13:48.717Z]     [541/663] Building CXX object plugin\al\lib\AL_USDMaya\CMakeFiles\AL_USDMaya.dir\AL\usdmaya\fileio\translators\TranslatorTestType.cpp.obj
[2022-07-11T19:13:49.453Z]     [542/663] Building CXX object plugin\al\lib\AL_USDMaya\CMakeFiles\AL_USDMaya.dir\AL\usdmaya\fileio\translators\DgNodeTranslator.cpp.obj
[2022-07-11T19:13:50.644Z]     [543/663] Building CXX object plugin\al\lib\AL_USDMaya\CMakeFiles\AL_USDMaya.dir\AL\usdmaya\fileio\translators\TransformTranslator.cpp.obj
[2022-07-11T19:13:51.362Z]     [544/663] Building CXX object plugin\al\lib\AL_USDMaya\CMakeFiles\AL_USDMaya.dir\AL\usdmaya\fileio\translators\TranslatorBase.cpp.obj
[2022-07-11T19:13:52.531Z]     [545/663] Building CXX object plugin\al\lib\AL_USDMaya\CMakeFiles\AL_USDMaya.dir\AL\usdmaya\fileio\translators\TranslatorContext.cpp.obj
[2022-07-11T19:13:52.531Z]     [546/663] Building CXX object plugin\al\lib\AL_USDMaya\CMakeFiles\AL_USDMaya.dir\AL\usdmaya\nodes\LayerManager.cpp.obj
[2022-07-11T19:13:52.531Z]     [547/663] Building CXX object plugin\al\lib\AL_USDMaya\CMakeFiles\AL_USDMaya.dir\AL\usdmaya\fileio\translators\ExtraDataPlugin.cpp.obj
[2022-07-11T19:13:52.915Z]     [548/663] Building CXX object plugin\al\lib\AL_USDMaya\CMakeFiles\AL_USDMaya.dir\AL\usdmaya\fileio\translators\TestExtraDataPlugin.cpp.obj
[2022-07-11T19:13:54.096Z]     [549/663] Building CXX object plugin\al\lib\AL_USDMaya\CMakeFiles\AL_USDMaya.dir\AL\usdmaya\nodes\MeshAnimCreator.cpp.obj
[2022-07-11T19:13:54.440Z]     [550/663] Building CXX object plugin\al\lib\AL_USDMaya\CMakeFiles\AL_USDMaya.dir\AL\usdmaya\nodes\ProxyUsdGeomCamera.cpp.obj
[2022-07-11T19:13:54.440Z]     [551/663] Building CXX object plugin\al\lib\AL_USDMaya\CMakeFiles\_AL_USDMaya.dir\AL\usdmaya\module.cpp.obj
[2022-07-11T19:13:54.440Z]     [552/663] Building CXX object plugin\al\lib\AL_USDMaya\CMakeFiles\AL_USDMaya.dir\AL\usdmaya\nodes\MeshAnimDeformer.cpp.obj
[2022-07-11T19:13:55.617Z]     [553/663] Building CXX object plugin\al\lib\AL_USDMaya\CMakeFiles\AL_USDMaya.dir\AL\usdmaya\nodes\ProxyShapeSelection.cpp.obj
[2022-07-11T19:13:57.326Z]     [554/663] Building CXX object plugin\al\lib\AL_USDMaya\CMakeFiles\AL_USDMaya.dir\AL\usdmaya\nodes\Scope.cpp.obj
[2022-07-11T19:13:57.326Z]     [555/663] Building CXX object plugin\al\lib\AL_USDMaya\CMakeFiles\AL_USDMaya.dir\AL\usdmaya\nodes\Engine.cpp.obj
[2022-07-11T19:13:57.657Z]     [556/663] Building CXX object plugin\al\lib\AL_USDMaya\CMakeFiles\AL_USDMaya.dir\AL\usdmaya\nodes\Transform.cpp.obj
[2022-07-11T19:13:57.986Z]     [557/663] Building CXX object plugin\al\lib\AL_USDMaya\CMakeFiles\AL_USDMaya.dir\AL\usdmaya\nodes\proxy\PrimFilter.cpp.obj
[2022-07-11T19:13:57.986Z]     [558/663] Building CXX object plugin\al\lib\AL_USDMaya\CMakeFiles\AL_USDMaya.dir\AL\usdmaya\nodes\BasicTransformationMatrix.cpp.obj
[2022-07-11T19:13:58.710Z]     [559/663] Building CXX object plugin\al\lib\AL_USDMaya\CMakeFiles\_AL_USDMaya.dir\AL\usdmaya\wrapStageCache.cpp.obj
[2022-07-11T19:13:59.041Z]     [560/663] Building CXX object plugin\al\lib\AL_USDMaya\CMakeFiles\AL_USDMaya.dir\AL\usdmaya\nodes\RendererManager.cpp.obj
[2022-07-11T19:14:00.204Z]     [561/663] Building CXX object plugin\al\lib\AL_USDMaya\CMakeFiles\AL_USDMaya.dir\AL\usdmaya\nodes\ProxyShape.cpp.obj
[2022-07-11T19:14:00.641Z]     [562/663] Building CXX object plugin\al\lib\AL_USDMaya\CMakeFiles\AL_USDMaya.dir\AL\usdmaya\nodes\proxy\ProxyShapeVariantFallbacks.cpp.obj
[2022-07-11T19:14:01.348Z]     [563/663] Building CXX object plugin\al\plugin\AL_USDMayaTestPlugin\CMakeFiles\AL_USDMayaTestPlugin.dir\AL\maya\test_EventHandler.cpp.obj
[2022-07-11T19:14:01.348Z]     [564/663] Building CXX object plugin\al\lib\AL_USDMaya\CMakeFiles\_AL_USDMaya.dir\AL\usdmaya\nodes\wrapLayerManager.cpp.obj
[2022-07-11T19:14:01.681Z]     [565/663] Building CXX object plugin\al\lib\AL_USDMaya\CMakeFiles\AL_USDMaya.dir\AL\usdmaya\nodes\proxy\ProxyShapeMetaData.cpp.obj
[2022-07-11T19:14:02.018Z]     [566/663] Building CXX object plugin\al\lib\AL_USDMaya\CMakeFiles\AL_USDMaya.dir\AL\usdmaya\nodes\TransformationMatrix.cpp.obj
[2022-07-11T19:14:04.291Z]     [567/663] Building CXX object plugin\al\lib\AL_USDMaya\CMakeFiles\_AL_USDMaya.dir\AL\usdmaya\nodes\wrapProxyShape.cpp.obj
[2022-07-11T19:14:04.291Z]     [568/663] Linking CXX shared library plugin\al\lib\AL_USDMaya\AL_USDMaya.dll
[2022-07-11T19:14:04.291Z]     [569/663] Building CXX object plugin\al\lib\AL_USDMaya\CMakeFiles\_AL_USDMaya.dir\AL\usdmaya\fileio\translators\wrapTranslatorContext.cpp.obj
[2022-07-11T19:14:05.034Z]     [570/663] Building CXX object plugin\al\plugin\AL_USDMayaPlugin\CMakeFiles\AL_USDMayaPlugin.dir\plugin.cpp.obj
[2022-07-11T19:14:05.821Z]     [571/663] Building CXX object plugin\al\lib\AL_USDMaya\CMakeFiles\_AL_USDMaya.dir\AL\usdmaya\fileio\translators\wrapTranslatorBase.cpp.obj
[2022-07-11T19:14:06.201Z]     [572/663] Linking CXX shared library plugin\al\plugin\AL_USDMayaPlugin\AL_USDMayaPlugin.mll
[2022-07-11T19:14:06.939Z]     [573/663] Linking CXX shared library plugin\al\lib\AL_USDMaya\_AL_USDMaya.pyd
[2022-07-11T19:14:08.221Z]     [574/663] Building CXX object plugin\al\plugin\AL_USDMayaTestPlugin\CMakeFiles\AL_USDMayaTestPlugin.dir\AL\maya\test_MayaEventManager.cpp.obj
[2022-07-11T19:14:08.562Z]     [575/663] Building CXX object plugin\al\plugin\AL_USDMayaTestPlugin\CMakeFiles\AL_USDMayaTestPlugin.dir\AL\usdmaya\commands\test_ExportCommands.cpp.obj
[2022-07-11T19:14:09.018Z]     [576/663] Building CXX object plugin\al\plugin\AL_USDMayaTestPlugin\CMakeFiles\AL_USDMayaTestPlugin.dir\AL\usdmaya\fileio\export_blendshape.cpp.obj
[2022-07-11T19:14:09.018Z]     [577/663] Building CXX object plugin\al\plugin\AL_USDMayaTestPlugin\CMakeFiles\AL_USDMayaTestPlugin.dir\AL\maya\test_MatrixToSRT.cpp.obj
[2022-07-11T19:14:09.346Z]     [578/663] Building CXX object plugin\al\plugin\AL_USDMayaTestPlugin\CMakeFiles\AL_USDMayaTestPlugin.dir\AL\usdmaya\commands\test_LayerCommands.cpp.obj
[2022-07-11T19:14:10.066Z]     [579/663] Building CXX object plugin\al\plugin\AL_USDMayaTestPlugin\CMakeFiles\AL_USDMayaTestPlugin.dir\AL\usdmaya\fileio\export_misc.cpp.obj
[2022-07-11T19:14:10.066Z]     [580/663] Building CXX object plugin\al\plugin\AL_USDMayaTestPlugin\CMakeFiles\AL_USDMayaTestPlugin.dir\plugin.cpp.obj
[2022-07-11T19:14:10.406Z]     [581/663] Building CXX object plugin\al\plugin\AL_USDMayaTestPlugin\CMakeFiles\AL_USDMayaTestPlugin.dir\AL\usdmaya\commands\test_TranslateCommand.cpp.obj
[2022-07-11T19:14:11.558Z]     [582/663] Building CXX object plugin\al\plugin\AL_USDMayaTestPlugin\CMakeFiles\AL_USDMayaTestPlugin.dir\AL\usdmaya\fileio\export_constraints.cpp.obj
[2022-07-11T19:14:11.884Z]     [583/663] Building CXX object plugin\al\plugin\AL_USDMayaTestPlugin\CMakeFiles\AL_USDMayaTestPlugin.dir\AL\usdmaya\commands\test_ProxyShapeImport.cpp.obj
[2022-07-11T19:14:12.212Z]     [584/663] Building CXX object plugin\al\plugin\AL_USDMayaTestPlugin\CMakeFiles\AL_USDMayaTestPlugin.dir\AL\usdmaya\commands\test_LayerManagerCommands.cpp.obj
[2022-07-11T19:14:13.399Z]     [585/663] Building CXX object plugin\al\plugin\AL_USDMayaTestPlugin\CMakeFiles\AL_USDMayaTestPlugin.dir\AL\usdmaya\fileio\export_multiple_shapes.cpp.obj
[2022-07-11T19:14:13.733Z]     [586/663] Building CXX object plugin\al\plugin\AL_USDMayaTestPlugin\CMakeFiles\AL_USDMayaTestPlugin.dir\AL\usdmaya\fileio\export_lattice.cpp.obj
[2022-07-11T19:14:14.059Z]     [587/663] Building CXX object plugin\al\plugin\AL_USDMayaTestPlugin\CMakeFiles\AL_USDMayaTestPlugin.dir\AL\usdmaya\fileio\export_ik.cpp.obj
[2022-07-11T19:14:15.742Z]     [588/663] Building CXX object plugin\al\plugin\AL_USDMayaTestPlugin\CMakeFiles\AL_USDMayaTestPlugin.dir\AL\usdmaya\fileio\export_import_instancing.cpp.obj
[2022-07-11T19:14:15.742Z]     [589/663] Building CXX object plugin\al\plugin\AL_USDMayaTestPlugin\CMakeFiles\AL_USDMayaTestPlugin.dir\AL\usdmaya\fileio\test_activeInActiveTranslators.cpp.obj
[2022-07-11T19:14:16.463Z]     [590/663] Building CXX object plugin\al\plugin\AL_USDMayaTestPlugin\CMakeFiles\AL_USDMayaTestPlugin.dir\AL\usdmaya\fileio\import_instances.cpp.obj
[2022-07-11T19:14:17.171Z]     [591/663] Building CXX object plugin\al\plugin\AL_USDMayaTestPlugin\CMakeFiles\AL_USDMayaTestPlugin.dir\AL\usdmaya\fileio\export_unmerged.cpp.obj
[2022-07-11T19:14:17.517Z]     [592/663] Building CXX object plugin\al\plugin\AL_USDMayaTestPlugin\CMakeFiles\AL_USDMayaTestPlugin.dir\AL\usdmaya\fileio\import_playback_range.cpp.obj
[2022-07-11T19:14:18.255Z]     [593/663] Building CXX object plugin\al\plugin\AL_USDMayaTestPlugin\CMakeFiles\AL_USDMayaTestPlugin.dir\AL\usdmaya\fileio\export_nonlinear.cpp.obj
[2022-07-11T19:14:19.959Z]     [594/663] Building CXX object plugin\al\plugin\AL_USDMayaTestPlugin\CMakeFiles\AL_USDMayaTestPlugin.dir\AL\usdmaya\nodes\proxy\test_PrimFilter.cpp.obj
[2022-07-11T19:14:19.959Z]     [595/663] Building CXX object plugin\al\plugin\AL_USDMayaTestPlugin\CMakeFiles\AL_USDMayaTestPlugin.dir\AL\usdmaya\nodes\test_lockPrims.cpp.obj
[2022-07-11T19:14:20.437Z]     [596/663] Building CXX object plugin\al\plugin\AL_USDMayaTestPlugin\CMakeFiles\AL_USDMayaTestPlugin.dir\AL\usdmaya\nodes\test_LayerManager.cpp.obj
[2022-07-11T19:14:20.438Z]     [597/663] Building CXX object plugin\al\plugin\AL_USDMayaTestPlugin\CMakeFiles\AL_USDMayaTestPlugin.dir\AL\usdmaya\nodes\test_ExtraDataPlugin.cpp.obj
[2022-07-11T19:14:20.438Z]     [598/663] Building CXX object plugin\al\plugin\AL_USDMayaTestPlugin\CMakeFiles\AL_USDMayaTestPlugin.dir\AL\usdmaya\nodes\test_ScopeMatrix.cpp.obj
[2022-07-11T19:14:22.494Z]     [599/663] Building CXX object plugin\al\plugin\AL_USDMayaTestPlugin\CMakeFiles\AL_USDMayaTestPlugin.dir\AL\usdmaya\nodes\test_ProxyShapeSelectabilityDB.cpp.obj
[2022-07-11T19:14:22.494Z]     [600/663] Building CXX object plugin\al\plugin\AL_USDMayaTestPlugin\CMakeFiles\AL_USDMayaTestPlugin.dir\AL\usdmaya\nodes\test_Transform.cpp.obj
[2022-07-11T19:14:23.904Z]     [601/663] Building CXX object plugin\al\plugin\AL_USDMayaTestPlugin\CMakeFiles\AL_USDMayaTestPlugin.dir\AL\usdmaya\nodes\test_ProxyShape.cpp.obj
[2022-07-11T19:14:24.831Z]     [602/663] Building CXX object plugin\al\plugin\AL_USDMayaTestPlugin\CMakeFiles\AL_USDMayaTestPlugin.dir\AL\usdmaya\nodes\test_ActiveInactive.cpp.obj
[2022-07-11T19:14:25.173Z]     [603/663] Building CXX object plugin\al\plugin\AL_USDMayaTestPlugin\CMakeFiles\AL_USDMayaTestPlugin.dir\AL\usdmaya\nodes\test_TransformMatrix.cpp.obj
[2022-07-11T19:14:27.724Z]     [604/663] Building CXX object plugin\al\plugin\AL_USDMayaTestPlugin\CMakeFiles\AL_USDMayaTestPlugin.dir\test_translators_AnimationTranslator.cpp.obj
[2022-07-11T19:14:27.724Z]     [605/663] Building CXX object plugin\al\plugin\AL_USDMayaTestPlugin\CMakeFiles\AL_USDMayaTestPlugin.dir\AL\usdmaya\test_DiffPrimVar.cpp.obj
[2022-07-11T19:14:28.222Z]     [606/663] Building CXX object plugin\al\plugin\AL_USDMayaTestPlugin\CMakeFiles\AL_USDMayaTestPlugin.dir\AL\usdmaya\nodes\test_ProxyUsdGeomCamera.cpp.obj
[2022-07-11T19:14:28.222Z]     [607/663] Building CXX object plugin\al\schemas\AL\usd\schemas\maya\CMakeFiles\_AL_USDMayaSchemas.dir\module.cpp.obj
[2022-07-11T19:14:28.574Z]     [608/663] Building CXX object plugin\al\plugin\AL_USDMayaTestPlugin\CMakeFiles\AL_USDMayaTestPlugin.dir\AL\usdmaya\test_DiffGeom.cpp.obj
[2022-07-11T19:14:28.574Z]     [609/663] Building CXX object plugin\al\plugin\AL_USDMayaTestPlugin\CMakeFiles\AL_USDMayaTestPlugin.dir\test_translators_CameraTranslator.cpp.obj
[2022-07-11T19:14:29.324Z]     [610/663] Building CXX object plugin\al\schemas\AL\usd\schemas\maya\CMakeFiles\AL_USDMayaSchemas.dir\tokens.cpp.obj
[2022-07-11T19:14:29.666Z]     [611/663] Building CXX object plugin\al\plugin\AL_USDMayaTestPlugin\CMakeFiles\AL_USDMayaTestPlugin.dir\test_translators_Translator.cpp.obj
[2022-07-11T19:14:30.045Z]     [612/663] Building CXX object plugin\al\plugin\AL_USDMayaTestPlugin\CMakeFiles\AL_USDMayaTestPlugin.dir\test_translators_PythonBindings.cpp.obj
[2022-07-11T19:14:30.843Z]     [613/663] Building CXX object plugin\al\plugin\AL_USDMayaTestPlugin\CMakeFiles\AL_USDMayaTestPlugin.dir\test_translators_NurbsCurveTranslator.cpp.obj
[2022-07-11T19:14:30.843Z]     [614/663] Building CXX object plugin\al\plugin\AL_USDMayaTestPlugin\CMakeFiles\AL_USDMayaTestPlugin.dir\AL\usdmaya\nodes\test_TranslatorContext.cpp.obj
[2022-07-11T19:14:31.224Z]     [615/663] Building CXX object plugin\al\plugin\AL_USDMayaTestPlugin\CMakeFiles\AL_USDMayaTestPlugin.dir\AL\usdmaya\nodes\test_VariantFallbacks.cpp.obj
[2022-07-11T19:14:31.953Z]     [616/663] Building CXX object plugin\al\schemas\AL\usd\schemas\maya\tests\CMakeFiles\testMayaSchemas.dir\main.cpp.obj
[2022-07-11T19:14:32.356Z]     [617/663] Building CXX object plugin\al\plugin\AL_USDMayaTestPlugin\CMakeFiles\AL_USDMayaTestPlugin.dir\test_translators_MeshTranslator.cpp.obj
[2022-07-11T19:14:32.700Z]     [618/663] Building CXX object plugin\al\plugin\AL_USDMayaTestPlugin\CMakeFiles\AL_USDMayaTestPlugin.dir\test_usdmaya.cpp.obj
[2022-07-11T19:14:32.700Z]     [619/663] Building CXX object plugin\al\plugin\AL_USDMayaTestPlugin\CMakeFiles\AL_USDMayaTestPlugin.dir\test_translators_DgTranslator.cpp.obj
[2022-07-11T19:14:33.218Z]     [620/663] Building CXX object plugin\al\schemas\AL\usd\schemas\mayatest\CMakeFiles\AL_USDMayaSchemasTest.dir\tokens.cpp.obj
[2022-07-11T19:14:33.218Z]     [621/663] Building CXX object plugin\al\schemas\AL\usd\schemas\maya\CMakeFiles\AL_USDMayaSchemas.dir\ModuleDeps.cpp.obj
[2022-07-11T19:14:33.218Z]     [622/663] Building CXX object plugin\al\plugin\AL_USDMayaTestPlugin\CMakeFiles\AL_USDMayaTestPlugin.dir\test_translators_TransformTranslator.cpp.obj
[2022-07-11T19:14:33.218Z]     [623/663] Building CXX object plugin\al\schemas\AL\usd\schemas\mayatest\CMakeFiles\_AL_USDMayaSchemasTest.dir\module.cpp.obj
[2022-07-11T19:14:33.949Z]     [624/663] Building CXX object plugin\al\plugin\AL_USDMayaTestPlugin\CMakeFiles\AL_USDMayaTestPlugin.dir\test_usdmaya_AttributeType.cpp.obj
[2022-07-11T19:14:34.328Z]     [625/663] Building CXX object plugin\al\schemas\AL\usd\schemas\maya\CMakeFiles\AL_USDMayaSchemas.dir\ModelAPI.cpp.obj
[2022-07-11T19:14:34.328Z]     [626/663] Building CXX object plugin\al\translators\CMakeFiles\AL_USDMayaTranslators.dir\CommonTranslatorOptions.cpp.obj
[2022-07-11T19:14:34.667Z]     [627/663] Building CXX object plugin\al\schemas\AL\usd\schemas\mayatest\CMakeFiles\AL_USDMayaSchemasTest.dir\ModuleDeps.cpp.obj
[2022-07-11T19:14:34.667Z]     [628/663] Building CXX object plugin\al\schemas\AL\usd\schemas\maya\CMakeFiles\_AL_USDMayaSchemas.dir\wrapTokens.cpp.obj
[2022-07-11T19:14:35.014Z]     [629/663] Building CXX object plugin\al\translators\pxrUsdTranslators\CMakeFiles\AL_USDMayaPxrTranslators.dir\plugin.cpp.obj
[2022-07-11T19:14:35.769Z]     [630/663] Building CXX object plugin\al\schemas\AL\usd\schemas\mayatest\CMakeFiles\_AL_USDMayaSchemasTest.dir\wrapTokens.cpp.obj
[2022-07-11T19:14:36.526Z]     [631/663] Building CXX object plugin\al\schemas\AL\usd\schemas\maya\CMakeFiles\AL_USDMayaSchemas.dir\FrameRange.cpp.obj
[2022-07-11T19:14:36.883Z]     [632/663] Linking CXX shared library plugin\al\schemas\AL\usd\schemas\maya\AL_USDMayaSchemas.dll
[2022-07-11T19:14:37.758Z]     [633/663] Building CXX object plugin\al\schemas\AL\usd\schemas\mayatest\CMakeFiles\AL_USDMayaSchemasTest.dir\ExamplePolyCubeNode.cpp.obj
[2022-07-11T19:14:37.758Z]     [634/663] Building CXX object plugin\adsk\plugin\CMakeFiles\mayaUsdPlugin.dir\adskListJobContextsCommand.cpp.obj
[2022-07-11T19:14:38.164Z]     [635/663] Linking CXX shared library plugin\al\schemas\AL\usd\schemas\mayatest\AL_USDMayaSchemasTest.dll
[2022-07-11T19:14:38.164Z]     [636/663] Building CXX object plugin\al\schemas\AL\usd\schemas\maya\CMakeFiles\_AL_USDMayaSchemas.dir\wrapModelAPI.cpp.obj
[2022-07-11T19:14:38.832Z]     [637/663] Building CXX object plugin\al\schemas\AL\usd\schemas\maya\tests\CMakeFiles\testMayaSchemas.dir\testMayaSchemas.cpp.obj
[2022-07-11T19:14:39.708Z]     [638/663] Building CXX object plugin\al\schemas\AL\usd\schemas\maya\CMakeFiles\_AL_USDMayaSchemas.dir\wrapFrameRange.cpp.obj
[2022-07-11T19:14:39.708Z]     [639/663] Building CXX object plugin\adsk\plugin\CMakeFiles\mayaUsdPlugin.dir\adskListShadingModesCommand.cpp.obj
[2022-07-11T19:14:39.708Z]     [640/663] Building CXX object plugin\al\schemas\AL\usd\schemas\maya\tests\CMakeFiles\testMayaSchemas.dir\testModelAPI.cpp.obj
[2022-07-11T19:14:39.708Z]     [641/663] Linking CXX shared library plugin\al\schemas\AL\usd\schemas\maya\_AL_USDMayaSchemas.pyd
[2022-07-11T19:14:40.048Z]     [642/663] Linking CXX executable plugin\al\schemas\AL\usd\schemas\maya\tests\testMayaSchemas.exe
[2022-07-11T19:14:40.048Z]     [643/663] Building CXX object plugin\al\schemas\AL\usd\schemas\mayatest\CMakeFiles\_AL_USDMayaSchemasTest.dir\wrapExamplePolyCubeNode.cpp.obj
[2022-07-11T19:14:40.389Z]     [644/663] Linking CXX shared library plugin\al\plugin\AL_USDMayaTestPlugin\AL_USDMayaTestPlugin.mll
[2022-07-11T19:14:40.774Z]     [645/663] Linking CXX shared library plugin\al\schemas\AL\usd\schemas\mayatest\_AL_USDMayaSchemasTest.pyd
[2022-07-11T19:14:41.580Z]     [646/663] Building CXX object plugin\al\translators\CMakeFiles\AL_USDMayaTranslators.dir\MayaReference.cpp.obj
[2022-07-11T19:14:41.933Z]     [647/663] Building CXX object plugin\al\translators\CMakeFiles\AL_USDMayaTranslators.dir\FrameRange.cpp.obj
[2022-07-11T19:14:41.933Z]     [648/663] Building CXX object plugin\al\translators\CMakeFiles\AL_USDMayaTranslators.dir\Camera.cpp.obj
[2022-07-11T19:14:41.933Z]     [649/663] Building CXX object plugin\al\translators\CMakeFiles\AL_USDMayaTranslators.dir\DirectionalLight.cpp.obj
[2022-07-11T19:14:42.696Z]     [650/663] Building CXX object plugin\adsk\plugin\CMakeFiles\mayaUsdPlugin.dir\adskExportCommand.cpp.obj
[2022-07-11T19:14:42.696Z]     [651/663] Building CXX object plugin\al\translators\CMakeFiles\AL_USDMayaTranslators.dir\NurbsCurve.cpp.obj
[2022-07-11T19:14:43.098Z]     [652/663] Building CXX object plugin\adsk\plugin\CMakeFiles\mayaUsdPlugin.dir\adskImportCommand.cpp.obj
[2022-07-11T19:14:43.470Z]     [653/663] Building CXX object plugin\al\translators\pxrUsdTranslators\CMakeFiles\AL_USDMayaPxrTranslators.dir\ProxyShapeTranslator.cpp.obj
[2022-07-11T19:14:44.190Z]     [654/663] Building CXX object plugin\al\translators\CMakeFiles\AL_USDMayaTranslators.dir\Mesh.cpp.obj
[2022-07-11T19:14:44.190Z]     [655/663] Linking CXX shared library plugin\al\translators\pxrUsdTranslators\AL_USDMayaPxrTranslators.mll
[2022-07-11T19:14:45.125Z]     [656/663] Linking CXX shared library plugin\al\translators\AL_USDMayaTranslators.dll
[2022-07-11T19:14:45.960Z]     [657/663] Building CXX object plugin\adsk\plugin\CMakeFiles\mayaUsdPlugin.dir\importTranslator.cpp.obj
[2022-07-11T19:14:45.960Z]     [658/663] Building CXX object plugin\adsk\plugin\CMakeFiles\mayaUsdPlugin.dir\exportTranslator.cpp.obj
[2022-07-11T19:14:45.960Z]     [659/663] Building CXX object plugin\adsk\plugin\CMakeFiles\mayaUsdPlugin.dir\adskStageLoadUnloadCommands.cpp.obj
[2022-07-11T19:14:46.319Z]     [660/663] Building CXX object plugin\adsk\plugin\CMakeFiles\mayaUsdPlugin.dir\geomNode.cpp.obj
[2022-07-11T19:14:46.319Z]     [661/663] Building CXX object plugin\adsk\plugin\CMakeFiles\mayaUsdPlugin.dir\ProxyShape.cpp.obj
[2022-07-11T19:14:47.069Z]     [662/663] Building CXX object plugin\adsk\plugin\CMakeFiles\mayaUsdPlugin.dir\plugin.cpp.obj
[2022-07-11T19:14:47.777Z]     [663/663] Linking CXX shared module plugin\adsk\plugin\mayaUsdPlugin.mll
[2022-07-11T19:14:47.777Z]     
[2022-07-11T19:14:47.777Z]         Building with settings:
[2022-07-11T19:14:47.777Z]           Source directory          S:\jenkins\workspace\ECP\ecg-maya-usd\ecg-mayausd-branch-preflight-2020-windows\ecg-maya-usd\maya-usd
[2022-07-11T19:14:47.777Z]           Workspace directory       W:\
[2022-07-11T19:14:47.777Z]           Build directory           W:\build\RelWithDebInfo
[2022-07-11T19:14:47.777Z]           Install directory         W:\install\RelWithDebInfo\MayaUSD
[2022-07-11T19:14:47.777Z]           Variant                   RelWithDebInfo
[2022-07-11T19:14:47.777Z]           Python Debug              Off
[2022-07-11T19:14:47.777Z]           CMake generator           Ninja
[2022-07-11T19:14:47.777Z]           Build arguments           ['-DCMAKE_MAKE_PROGRAM=P:/shared/Artifactory/Windows/ninja/1.9.0/c68f192/ninja.exe', '-DPYTHON_INCLUDE_DIR=P:/shared/Artifactory/Windows/rundev-2020/202107140359/runtime/5d64bf0/runTime/include/Python', '-DPython_EXECUTABLE=P:/shared/Artifactory/Windows/rundev-2020/202107140359/runtime/5d64bf0/runTime/bin/mayapy.exe', '-DPYTHON_LIBRARIES=P:/shared/Artifactory/Windows/rundev-2020/202107140359/runtime/5d64bf0/runTime/lib/python27.lib', '-DUSD_LIB_PREFIX=', '-DCMAKE_WANT_MATERIALX_BUILD=ON', '-DCMAKE_PREFIX_PATH=P:\\shared\\Artifactory\\Windows\\USD\\c1313e5']
[2022-07-11T19:14:47.777Z]           Stages arguments          ['build']
[2022-07-11T19:14:47.777Z]           CTest arguments           ['-E testUsdReferenceAssemblySelection|testUsdMayaAppDir', '-LE interactive', '--parallel 16']
[2022-07-11T19:14:47.777Z]     Success MayaUSD build and install !!!!
[2022-07-11T19:14:47.777Z]     Elapsed time: 00:04:41
[Pipeline] bat
[2022-07-11T19:14:48.799Z] Deleting alias drive W:
[Pipeline] bat
[2022-07-11T19:14:49.504Z] Deleting alias drive P:
[Pipeline] }
[Pipeline] // withEnv
[Pipeline] }
[Pipeline] // timeout
[Pipeline] }
[Pipeline] // stage
[Pipeline] }
[Pipeline] // timestamps
[Pipeline] timestamps
[Pipeline] {
[Pipeline] stage
[Pipeline] { (Install)
[Pipeline] timeout
[2022-07-11T19:14:51.356Z] Timeout set to expire in 6 hr 0 min
[Pipeline] {
[Pipeline] withEnv
[Pipeline] {
[Pipeline] bat
[2022-07-11T19:14:52.323Z] Creating alias drive P: to S:\jenkins\workspace
[Pipeline] bat
[2022-07-11T19:14:53.449Z] Creating alias drive W: to S:\jenkins\workspace\ECP\ecg-maya-usd\ecg-mayausd-branch-preflight-2020-windows
[Pipeline] bat
[2022-07-11T19:14:55.315Z] "C:\Program Files (x86)\Microsoft Visual Studio\2017\Professional\VC\Auxiliary\Build\vcvarsall.bat" x64
[2022-07-11T19:14:55.315Z] **********************************************************************
[2022-07-11T19:14:55.315Z] ** Visual Studio 2017 Developer Command Prompt v15.9.15
[2022-07-11T19:14:55.315Z] ** Copyright (c) 2017 Microsoft Corporation
[2022-07-11T19:14:55.315Z] **********************************************************************
[2022-07-11T19:14:56.264Z] [vcvarsall.bat] Environment initialized for: 'x64'
[2022-07-11T19:14:56.264Z] python ecg-maya-usd/build.py --stages=install --workspace-dir=W:\ --artifactory-dir=P:\shared\Artifactory --build-dir=W:\build --install-dir=W:\install --signing-dir=W:\signing --package-dir=W:\package --output-dir=W:\output --stash-dir=W:\stash --jenkins-build=103 --git-commit=93cdaccba4b47c76dec10020797e3fae13e9e9dd --git-branch=master --variants=RelWithDebInfo --python=2.7 --post-zips=false --maya-cut-config=maya-rundev-2020.yaml --maya-package=rundev-2020 --stage-banner
[2022-07-11T19:14:57.370Z] Using Maya cut from P:\shared\Artifactory\Windows\rundev-2020\202107140359\runtime\5d64bf0
[2022-07-11T19:14:57.370Z] Using Maya ADSK Signatures from P:\shared\Artifactory\Windows\adsk-plugin-signatures-maya\2023\c1dbfce
[2022-07-11T19:14:57.370Z] Using Maya Security Library from P:\shared\Artifactory\Windows\maya-security-library\3.1.0\084709f
[2022-07-11T19:14:57.370Z] 
[2022-07-11T19:14:57.370Z] ================================================================================
[2022-07-11T19:14:57.370Z]                             install (RelWithDebInfo)
[2022-07-11T19:14:57.370Z] ================================================================================
[2022-07-11T19:14:57.370Z] Maya Python RelWithDebInfo Info:
[2022-07-11T19:14:57.370Z]   mayapy executable   = P:\shared\Artifactory\Windows\rundev-2020\202107140359\runtime\5d64bf0\runTime\bin\mayapy.exe
[2022-07-11T19:14:57.370Z]   Include Folder      = P:\shared\Artifactory\Windows\rundev-2020\202107140359\runtime\5d64bf0\runTime\include\Python
[2022-07-11T19:14:57.370Z]   Library             = P:\shared\Artifactory\Windows\rundev-2020\202107140359\runtime\5d64bf0\runTime\lib\python27.lib
[2022-07-11T19:14:57.370Z]   site-package Folder = P:\shared\Artifactory\Windows\rundev-2020\202107140359\runtime\5d64bf0\runTime\Python\Lib\site-packages
[2022-07-11T19:14:57.743Z] In workdir: S:\jenkins\workspace\ECP\ecg-maya-usd\ecg-mayausd-branch-preflight-2020-windows\ecg-maya-usd\maya-usd
[2022-07-11T19:14:57.743Z] Executing: 'P:\\shared\\Artifactory\\Windows\\rundev-2020\\202107140359\\runtime\\5d64bf0\\runTime\\bin\\mayapy.exe' 'S:\\jenkins\\workspace\\ECP\\ecg-maya-usd\\ecg-mayausd-branch-preflight-2020-windows\\ecg-maya-usd\\maya-usd\\build.py' --generator Ninja --build-relwithdebug --maya-location 'P:\\shared\\Artifactory\\Windows\\rundev-2020\\202107140359\\runtime\\5d64bf0\\runTime' --devkit-location 'P:\\shared\\Artifactory\\Windows\\rundev-2020\\202107140359\\runtime\\5d64bf0\\devkitBase' --pxrusd-location 'P:\\shared\\Artifactory\\Windows\\USD\\c1313e5' --qt-location 'P:\\shared\\Artifactory\\Windows\\qt\\5.12.5\\4755980' '--build-args=-DCMAKE_MAKE_PROGRAM=P:/shared/Artifactory/Windows/ninja/1.9.0/c68f192/ninja.exe,-DPYTHON_INCLUDE_DIR=P:/shared/Artifactory/Windows/rundev-2020/202107140359/runtime/5d64bf0/runTime/include/Python,-DPython_EXECUTABLE=P:/shared/Artifactory/Windows/rundev-2020/202107140359/runtime/5d64bf0/runTime/bin/mayapy.exe,-DPYTHON_LIBRARIES=P:/shared/Artifactory/Windows/rundev-2020/202107140359/runtime/5d64bf0/runTime/lib/python27.lib,-DUSD_LIB_PREFIX=,-DCMAKE_WANT_MATERIALX_BUILD=ON,-DCMAKE_PREFIX_PATH=P:\\shared\\Artifactory\\Windows\\USD\\c1313e5' '--ctest-args=-E testUsdReferenceAssemblySelection|testUsdMayaAppDir,-LE interactive,--parallel 16' --stages=install --redirect-outstream-file=False --install-location 'W:\\install\\RelWithDebInfo\\MayaUSD' 'W:\\'
[2022-07-11T19:14:57.743Z] Modified environment variables:
[2022-07-11T19:14:57.744Z]     PATH=P:\shared\Artifactory\Windows\cmake\3.20.3\afe857a\bin;C:\Python27\lib\site-packages\pywin32_system32;C:\Program Files (x86)\Microsoft Visual Studio\2017\Professional\VC\Tools\MSVC\14.16.27023\bin\HostX64\x64;C:\Program Files (x86)\Microsoft Visual Studio\2017\Professional\Common7\IDE\VC\VCPackages;C:\Program Files (x86)\Microsoft Visual Studio\2017\Professional\Common7\IDE\CommonExtensions\Microsoft\TestWindow;C:\Program Files (x86)\Microsoft Visual Studio\2017\Professional\Common7\IDE\CommonExtensions\Microsoft\TeamFoundation\Team Explorer;C:\Program Files (x86)\Microsoft Visual Studio\2017\Professional\MSBuild\15.0\bin\Roslyn;C:\Program Files (x86)\Microsoft Visual Studio\2017\Professional\Team Tools\Performance Tools\x64;C:\Program Files (x86)\Microsoft Visual Studio\2017\Professional\Team Tools\Performance Tools;C:\Program Files (x86)\Microsoft Visual Studio\Shared\Common\VSPerfCollectionTools\\x64;C:\Program Files (x86)\Microsoft Visual Studio\Shared\Common\VSPerfCollectionTools\;C:\Program Files (x86)\Microsoft SDKs\Windows\v10.0A\bin\NETFX 4.6.1 Tools\x64\;C:\Program Files (x86)\HTML Help Workshop;C:\Program Files (x86)\Windows Kits\10\bin\10.0.18362.0\x64;C:\Program Files (x86)\Windows Kits\10\bin\x64;C:\Program Files (x86)\Microsoft Visual Studio\2017\Professional\\MSBuild\15.0\bin;C:\WINDOWS\Microsoft.NET\Framework64\v4.0.30319;C:\Program Files (x86)\Microsoft Visual Studio\2017\Professional\Common7\IDE\;C:\Program Files (x86)\Microsoft Visual Studio\2017\Professional\Common7\Tools\;C:\Python27\;C:\Python27\Scripts;C:\WINDOWS\system32;C:\WINDOWS;C:\WINDOWS\System32\Wbem;C:\WINDOWS\System32\WindowsPowerShell\v1.0\;C:\WINDOWS\System32\OpenSSH\;C:\ProgramData\chocolatey\bin;C:\Program Files (x86)\WiX Toolset v3.7\bin;C:\Program Files\dotnet\;C:\Program Files (x86)\Windows Kits\10\bin\10.0.18362.0\x64;C:\Program Files\Zulu\zulu-11\bin\;C:\Program Files (x86)\Windows Kits\10\bin\10.0.17763.0\x64;C:\Program Files (x86)\Windows Kits\10\bin\x64;C:\Program Files\Git\cmd;C:\Program Files\Git\usr\bin;C:\Program Files\Git\mingw64\bin;C:\Program Files\Git\bin;C:\Python38\;C:\Python38\Scripts;C:\StoreBoxClientWindows;C:\Program Files\Electric Cloud\ElectricCommander\bin;C:\Program Files\WinRAR;C:\Program Files\7-Zip;C:\Users\Administrator\AppData\Local\Microsoft\WindowsApps;C:\Program Files (x86)\Microsoft Visual Studio\2017\Professional\Common7\IDE\CommonExtensions\Microsoft\CMake\CMake\bin;C:\Program Files (x86)\Microsoft Visual Studio\2017\Professional\Common7\IDE\CommonExtensions\Microsoft\CMake\Ninja
[2022-07-11T19:14:58.092Z]     [1/8] Automatic MOC and UIC for target mayaUsdUI
[2022-07-11T19:14:58.092Z]     [2/5] Automatic MOC and UIC for target testMayaUsdUI
[2022-07-11T19:14:58.092Z]     [2/3] Install the project...
[2022-07-11T19:14:58.092Z]     -- Install configuration: "RelWithDebInfo"
[2022-07-11T19:15:03.297Z]     
[2022-07-11T19:15:03.297Z]         Building with settings:
[2022-07-11T19:15:03.297Z]           Source directory          S:\jenkins\workspace\ECP\ecg-maya-usd\ecg-mayausd-branch-preflight-2020-windows\ecg-maya-usd\maya-usd
[2022-07-11T19:15:03.297Z]           Workspace directory       W:\
[2022-07-11T19:15:03.297Z]           Build directory           W:\build\RelWithDebInfo
[2022-07-11T19:15:03.297Z]           Install directory         W:\install\RelWithDebInfo\MayaUSD
[2022-07-11T19:15:03.297Z]           Variant                   RelWithDebInfo
[2022-07-11T19:15:03.297Z]           Python Debug              Off
[2022-07-11T19:15:03.297Z]           CMake generator           Ninja
[2022-07-11T19:15:03.297Z]           Build arguments           ['-DCMAKE_MAKE_PROGRAM=P:/shared/Artifactory/Windows/ninja/1.9.0/c68f192/ninja.exe', '-DPYTHON_INCLUDE_DIR=P:/shared/Artifactory/Windows/rundev-2020/202107140359/runtime/5d64bf0/runTime/include/Python', '-DPython_EXECUTABLE=P:/shared/Artifactory/Windows/rundev-2020/202107140359/runtime/5d64bf0/runTime/bin/mayapy.exe', '-DPYTHON_LIBRARIES=P:/shared/Artifactory/Windows/rundev-2020/202107140359/runtime/5d64bf0/runTime/lib/python27.lib', '-DUSD_LIB_PREFIX=', '-DCMAKE_WANT_MATERIALX_BUILD=ON', '-DCMAKE_PREFIX_PATH=P:\\shared\\Artifactory\\Windows\\USD\\c1313e5']
[2022-07-11T19:15:03.297Z]           Stages arguments          ['install']
[2022-07-11T19:15:03.297Z]           CTest arguments           ['-E testUsdReferenceAssemblySelection|testUsdMayaAppDir', '-LE interactive', '--parallel 16']
[2022-07-11T19:15:03.297Z]     Success MayaUSD build and install !!!!
[2022-07-11T19:15:03.297Z]     Elapsed time: 00:00:05
[Pipeline] bat
[2022-07-11T19:15:03.944Z] Deleting alias drive W:
[Pipeline] bat
[2022-07-11T19:15:04.548Z] Deleting alias drive P:
[Pipeline] }
[Pipeline] // withEnv
[Pipeline] }
[Pipeline] // timeout
[Pipeline] }
[Pipeline] // stage
[Pipeline] }
[Pipeline] // timestamps
[Pipeline] timestamps
[Pipeline] {
[Pipeline] stage
[Pipeline] { (Test)
[Pipeline] timeout
[2022-07-11T19:15:05.417Z] Timeout set to expire in 6 hr 0 min
[Pipeline] {
[Pipeline] withEnv
[Pipeline] {
[Pipeline] bat
[2022-07-11T19:15:06.021Z] Creating alias drive P: to S:\jenkins\workspace
[Pipeline] bat
[2022-07-11T19:15:06.719Z] Creating alias drive W: to S:\jenkins\workspace\ECP\ecg-maya-usd\ecg-mayausd-branch-preflight-2020-windows
[Pipeline] bat
[2022-07-11T19:15:08.255Z] "C:\Program Files (x86)\Microsoft Visual Studio\2017\Professional\VC\Auxiliary\Build\vcvarsall.bat" x64
[2022-07-11T19:15:08.255Z] **********************************************************************
[2022-07-11T19:15:08.255Z] ** Visual Studio 2017 Developer Command Prompt v15.9.15
[2022-07-11T19:15:08.255Z] ** Copyright (c) 2017 Microsoft Corporation
[2022-07-11T19:15:08.255Z] **********************************************************************
[2022-07-11T19:15:09.020Z] [vcvarsall.bat] Environment initialized for: 'x64'
[2022-07-11T19:15:09.021Z] python ecg-maya-usd/build.py --stages=test --workspace-dir=W:\ --artifactory-dir=P:\shared\Artifactory --build-dir=W:\build --install-dir=W:\install --signing-dir=W:\signing --package-dir=W:\package --output-dir=W:\output --stash-dir=W:\stash --jenkins-build=103 --git-commit=93cdaccba4b47c76dec10020797e3fae13e9e9dd --git-branch=master --variants=RelWithDebInfo --python=2.7 --post-zips=false --test-jobs=0 --failed-test-retry=3 --maya-cut-config=maya-rundev-2020.yaml --maya-package=rundev-2020 --stage-banner --progressive-timeout
[2022-07-11T19:15:10.214Z] Using Maya cut from P:\shared\Artifactory\Windows\rundev-2020\202107140359\runtime\5d64bf0
[2022-07-11T19:15:10.214Z] Using Maya ADSK Signatures from P:\shared\Artifactory\Windows\adsk-plugin-signatures-maya\2023\c1dbfce
[2022-07-11T19:15:10.214Z] Using Maya Security Library from P:\shared\Artifactory\Windows\maya-security-library\3.1.0\084709f
[2022-07-11T19:15:10.214Z] 
[2022-07-11T19:15:10.214Z] ================================================================================
[2022-07-11T19:15:10.214Z]                              test (RelWithDebInfo)
[2022-07-11T19:15:10.214Z] ================================================================================
[2022-07-11T19:15:10.214Z] Maya Python RelWithDebInfo Info:
[2022-07-11T19:15:10.214Z]   mayapy executable   = P:\shared\Artifactory\Windows\rundev-2020\202107140359\runtime\5d64bf0\runTime\bin\mayapy.exe
[2022-07-11T19:15:10.214Z]   Include Folder      = P:\shared\Artifactory\Windows\rundev-2020\202107140359\runtime\5d64bf0\runTime\include\Python
[2022-07-11T19:15:10.214Z]   Library             = P:\shared\Artifactory\Windows\rundev-2020\202107140359\runtime\5d64bf0\runTime\lib\python27.lib
[2022-07-11T19:15:10.214Z]   site-package Folder = P:\shared\Artifactory\Windows\rundev-2020\202107140359\runtime\5d64bf0\runTime\Python\Lib\site-packages
[2022-07-11T19:15:10.939Z] In workdir: S:\jenkins\workspace\ECP\ecg-maya-usd\ecg-mayausd-branch-preflight-2020-windows\ecg-maya-usd\maya-usd
[2022-07-11T19:15:10.939Z] Executing: 'P:\\shared\\Artifactory\\Windows\\rundev-2020\\202107140359\\runtime\\5d64bf0\\runTime\\bin\\mayapy.exe' 'S:\\jenkins\\workspace\\ECP\\ecg-maya-usd\\ecg-mayausd-branch-preflight-2020-windows\\ecg-maya-usd\\maya-usd\\build.py' --generator Ninja --build-relwithdebug --maya-location 'P:\\shared\\Artifactory\\Windows\\rundev-2020\\202107140359\\runtime\\5d64bf0\\runTime' --devkit-location 'P:\\shared\\Artifactory\\Windows\\rundev-2020\\202107140359\\runtime\\5d64bf0\\devkitBase' --pxrusd-location 'P:\\shared\\Artifactory\\Windows\\USD\\c1313e5' --qt-location 'P:\\shared\\Artifactory\\Windows\\qt\\5.12.5\\4755980' '--build-args=-DCMAKE_MAKE_PROGRAM=P:/shared/Artifactory/Windows/ninja/1.9.0/c68f192/ninja.exe,-DPYTHON_INCLUDE_DIR=P:/shared/Artifactory/Windows/rundev-2020/202107140359/runtime/5d64bf0/runTime/include/Python,-DPython_EXECUTABLE=P:/shared/Artifactory/Windows/rundev-2020/202107140359/runtime/5d64bf0/runTime/bin/mayapy.exe,-DPYTHON_LIBRARIES=P:/shared/Artifactory/Windows/rundev-2020/202107140359/runtime/5d64bf0/runTime/lib/python27.lib,-DUSD_LIB_PREFIX=,-DCMAKE_WANT_MATERIALX_BUILD=ON,-DCMAKE_PREFIX_PATH=P:\\shared\\Artifactory\\Windows\\USD\\c1313e5' '--ctest-args=-E testUsdReferenceAssemblySelection|testUsdMayaAppDir,-LE interactive,--parallel 16' --stages=test --redirect-outstream-file=False --install-location 'W:\\install\\RelWithDebInfo\\MayaUSD' 'W:\\'
[2022-07-11T19:15:10.939Z] Modified environment variables:
[2022-07-11T19:15:10.939Z]     PATH=P:\shared\Artifactory\Windows\cmake\3.20.3\afe857a\bin;C:\Python27\lib\site-packages\pywin32_system32;C:\Program Files (x86)\Microsoft Visual Studio\2017\Professional\VC\Tools\MSVC\14.16.27023\bin\HostX64\x64;C:\Program Files (x86)\Microsoft Visual Studio\2017\Professional\Common7\IDE\VC\VCPackages;C:\Program Files (x86)\Microsoft Visual Studio\2017\Professional\Common7\IDE\CommonExtensions\Microsoft\TestWindow;C:\Program Files (x86)\Microsoft Visual Studio\2017\Professional\Common7\IDE\CommonExtensions\Microsoft\TeamFoundation\Team Explorer;C:\Program Files (x86)\Microsoft Visual Studio\2017\Professional\MSBuild\15.0\bin\Roslyn;C:\Program Files (x86)\Microsoft Visual Studio\2017\Professional\Team Tools\Performance Tools\x64;C:\Program Files (x86)\Microsoft Visual Studio\2017\Professional\Team Tools\Performance Tools;C:\Program Files (x86)\Microsoft Visual Studio\Shared\Common\VSPerfCollectionTools\\x64;C:\Program Files (x86)\Microsoft Visual Studio\Shared\Common\VSPerfCollectionTools\;C:\Program Files (x86)\Microsoft SDKs\Windows\v10.0A\bin\NETFX 4.6.1 Tools\x64\;C:\Program Files (x86)\HTML Help Workshop;C:\Program Files (x86)\Windows Kits\10\bin\10.0.18362.0\x64;C:\Program Files (x86)\Windows Kits\10\bin\x64;C:\Program Files (x86)\Microsoft Visual Studio\2017\Professional\\MSBuild\15.0\bin;C:\WINDOWS\Microsoft.NET\Framework64\v4.0.30319;C:\Program Files (x86)\Microsoft Visual Studio\2017\Professional\Common7\IDE\;C:\Program Files (x86)\Microsoft Visual Studio\2017\Professional\Common7\Tools\;C:\Python27\;C:\Python27\Scripts;C:\WINDOWS\system32;C:\WINDOWS;C:\WINDOWS\System32\Wbem;C:\WINDOWS\System32\WindowsPowerShell\v1.0\;C:\WINDOWS\System32\OpenSSH\;C:\ProgramData\chocolatey\bin;C:\Program Files (x86)\WiX Toolset v3.7\bin;C:\Program Files\dotnet\;C:\Program Files (x86)\Windows Kits\10\bin\10.0.18362.0\x64;C:\Program Files\Zulu\zulu-11\bin\;C:\Program Files (x86)\Windows Kits\10\bin\10.0.17763.0\x64;C:\Program Files (x86)\Windows Kits\10\bin\x64;C:\Program Files\Git\cmd;C:\Program Files\Git\usr\bin;C:\Program Files\Git\mingw64\bin;C:\Program Files\Git\bin;C:\Python38\;C:\Python38\Scripts;C:\StoreBoxClientWindows;C:\Program Files\Electric Cloud\ElectricCommander\bin;C:\Program Files\WinRAR;C:\Program Files\7-Zip;C:\Users\Administrator\AppData\Local\Microsoft\WindowsApps;C:\Program Files (x86)\Microsoft Visual Studio\2017\Professional\Common7\IDE\CommonExtensions\Microsoft\CMake\CMake\bin;C:\Program Files (x86)\Microsoft Visual Studio\2017\Professional\Common7\IDE\CommonExtensions\Microsoft\CMake\Ninja
[2022-07-11T19:15:11.288Z]     Test project W:/build/RelWithDebInfo
[2022-07-11T19:15:12.437Z]             Start   1: testMayaUsdConverter
[2022-07-11T19:15:12.437Z]             Start   2: testMayaUsdCreateStageCommands
[2022-07-11T19:15:12.437Z]             Start   3: testMayaUsdPythonImport
[2022-07-11T19:15:12.437Z]             Start   4: testMayaUsdLayerEditorCommands
[2022-07-11T19:15:12.437Z]             Start   5: testMayaUsdCacheId
[2022-07-11T19:15:12.437Z]             Start   7: _Interactive_Maya
[2022-07-11T19:15:12.437Z]       1/160 Test   #7: _Interactive_Maya ...............................***Not Run (Disabled)   0.00 sec
[2022-07-11T19:15:12.437Z]             Start   8: testMayaUsdPlugVersionCheck
[2022-07-11T19:15:12.437Z]             Start   9: testMatrices
[2022-07-11T19:15:12.437Z]             Start  10: testMayaPickwalk
[2022-07-11T19:15:12.437Z]             Start  11: testPythonWrappers
[2022-07-11T19:15:12.437Z]             Start  12: testSelection
[2022-07-11T19:15:12.437Z]             Start  13: testSelectionByArray
[2022-07-11T19:15:12.437Z]             Start  14: testUfePythonImport
[2022-07-11T19:15:12.767Z]             Start  15: testAttributeBlock
[2022-07-11T19:15:12.767Z]             Start  16: testBlockedLayerEdit
[2022-07-11T19:15:12.767Z]             Start  17: testLegacyDeleteCmd
[2022-07-11T19:15:12.767Z]             Start  18: testPrimReader
[2022-07-11T19:15:33.689Z]       2/160 Test   #3: testMayaUsdPythonImport .........................   Passed   20.41 sec
[2022-07-11T19:15:33.689Z]             Start  19: testPrimWriter
[2022-07-11T19:15:33.689Z]       3/160 Test  #14: testUfePythonImport .............................   Passed   20.50 sec
[2022-07-11T19:15:33.689Z]             Start  20: testExportChaser
[2022-07-11T19:15:33.689Z]       4/160 Test   #8: testMayaUsdPlugVersionCheck .....................   Passed   20.82 sec
[2022-07-11T19:15:33.689Z]             Start  21: testImportChaser
[2022-07-11T19:15:33.689Z]       5/160 Test  #18: testPrimReader ..................................   Passed   20.89 sec
[2022-07-11T19:15:33.689Z]             Start  22: testImportWithNamespace
[2022-07-11T19:15:33.689Z]       6/160 Test   #2: testMayaUsdCreateStageCommands ..................   Passed   21.02 sec
[2022-07-11T19:15:33.689Z]             Start  23: testJobContextRegistry
[2022-07-11T19:15:33.689Z]       7/160 Test   #5: testMayaUsdCacheId ..............................   Passed   21.00 sec
[2022-07-11T19:15:33.689Z]             Start  24: testDisplayLayerSaveRestore
[2022-07-11T19:15:33.689Z]       8/160 Test   #4: testMayaUsdLayerEditorCommands ..................   Passed   21.02 sec
[2022-07-11T19:15:33.689Z]             Start  25: testSchemaApiAdaptor
[2022-07-11T19:15:33.689Z]       9/160 Test   #1: testMayaUsdConverter ............................   Passed   21.18 sec
[2022-07-11T19:15:33.689Z]             Start  26: testReadWriteUtils
[2022-07-11T19:15:34.019Z]      10/160 Test  #13: testSelectionByArray ............................   Passed   21.29 sec
[2022-07-11T19:15:34.019Z]             Start  27: testXformStack
[2022-07-11T19:15:34.019Z]      11/160 Test  #11: testPythonWrappers ..............................   Passed   21.36 sec
[2022-07-11T19:15:34.019Z]             Start  28: testGeomNode
[2022-07-11T19:15:34.019Z]      12/160 Test  #12: testSelection ...................................   Passed   21.43 sec
[2022-07-11T19:15:34.019Z]             Start  29: testLayerManagerSerialization
[2022-07-11T19:15:36.524Z]      13/160 Test   #9: testMatrices ....................................   Passed   23.59 sec
[2022-07-11T19:15:36.524Z]             Start  30: testPointBasedDeformerNode
[2022-07-11T19:15:36.524Z]      14/160 Test  #10: testMayaPickwalk ................................   Passed   23.82 sec
[2022-07-11T19:15:36.524Z]             Start  31: testProxyShapeBase
[2022-07-11T19:15:36.524Z]      15/160 Test  #15: testAttributeBlock ..............................   Passed   23.80 sec
[2022-07-11T19:15:36.524Z]             Start  32: testHdImagingShape
[2022-07-11T19:15:36.524Z]      16/160 Test  #16: testBlockedLayerEdit ............................   Passed   23.80 sec
[2022-07-11T19:15:36.524Z]             Start  55: testUsdUndoManager
[2022-07-11T19:15:36.524Z]      17/160 Test  #17: testLegacyDeleteCmd .............................   Passed   23.88 sec
[2022-07-11T19:15:36.524Z]             Start  56: testBlockSceneModificationContext
[2022-07-11T19:15:37.686Z]      18/160 Test  #19: testPrimWriter ..................................   Passed    4.70 sec
[2022-07-11T19:15:37.686Z]             Start  57: testDiagnosticDelegate
[2022-07-11T19:15:38.016Z]      19/160 Test  #20: testExportChaser ................................   Passed    4.88 sec
[2022-07-11T19:15:38.016Z]             Start  58: testLoadRules
[2022-07-11T19:15:38.016Z]      20/160 Test  #21: testImportChaser ................................   Passed    4.67 sec
[2022-07-11T19:15:38.016Z]             Start  59: testSplitString
[2022-07-11T19:15:38.737Z]      21/160 Test  #23: testJobContextRegistry ..........................   Passed    5.11 sec
[2022-07-11T19:15:38.737Z]             Start  60: testPxrUsdPreviewSurfaceDraw
[2022-07-11T19:15:38.737Z]      22/160 Test  #26: testReadWriteUtils ..............................   Passed    5.05 sec
[2022-07-11T19:15:38.737Z]             Start  61: testPxrUsdPreviewSurfaceExport
[2022-07-11T19:15:38.737Z]      23/160 Test  #22: testImportWithNamespace .........................   Passed    5.25 sec
[2022-07-11T19:15:38.737Z]             Start  62: testMayaUsdSchemasPythonImport
[2022-07-11T19:15:38.737Z]      24/160 Test  #27: testXformStack ..................................   Passed    4.99 sec
[2022-07-11T19:15:38.737Z]             Start  63: testMayaUsdSchemasMayaReference
[2022-07-11T19:15:39.071Z]      25/160 Test  #24: testDisplayLayerSaveRestore .....................   Passed    5.37 sec
[2022-07-11T19:15:39.071Z]             Start  64: testDiffCore
[2022-07-11T19:15:39.071Z]      26/160 Test  #64: testDiffCore ....................................   Passed    0.20 sec
[2022-07-11T19:15:39.071Z]             Start  65: testDiffValues
[2022-07-11T19:15:39.403Z]      27/160 Test  #65: testDiffValues ..................................   Passed    0.21 sec
[2022-07-11T19:15:39.403Z]             Start  66: testDiffAttributes
[2022-07-11T19:15:39.403Z]      28/160 Test  #28: testGeomNode ....................................   Passed    5.50 sec
[2022-07-11T19:15:39.403Z]             Start  67: testDiffRelationships
[2022-07-11T19:15:39.738Z]      29/160 Test  #29: testLayerManagerSerialization ...................   Passed    5.56 sec
[2022-07-11T19:15:39.738Z]             Start  68: testDiffDictionaries
[2022-07-11T19:15:39.738Z]      30/160 Test  #66: testDiffAttributes ..............................   Passed    0.37 sec
[2022-07-11T19:15:39.738Z]             Start  69: testDiffLists
[2022-07-11T19:15:39.738Z]      31/160 Test  #67: testDiffRelationships ...........................   Passed    0.33 sec
[2022-07-11T19:15:39.738Z]             Start  70: testDiffComputeOverall
[2022-07-11T19:15:39.738Z]      32/160 Test  #68: testDiffDictionaries ............................   Passed    0.26 sec
[2022-07-11T19:15:39.738Z]             Start  71: testDiffPrims
[2022-07-11T19:15:39.738Z]      33/160 Test  #69: testDiffLists ...................................   Passed    0.18 sec
[2022-07-11T19:15:39.738Z]             Start  72: testMergePrims
[2022-07-11T19:15:40.075Z]      34/160 Test  #70: testDiffComputeOverall ..........................   Passed    0.17 sec
[2022-07-11T19:15:40.075Z]             Start  73: testDiffMetadatas
[2022-07-11T19:15:40.075Z]      35/160 Test  #25: testSchemaApiAdaptor ............................   Passed    6.49 sec
[2022-07-11T19:15:40.075Z]             Start  74: testUsdExportAnimation
[2022-07-11T19:15:40.075Z]      36/160 Test  #72: testMergePrims ..................................   Passed    0.23 sec
[2022-07-11T19:15:40.075Z]             Start  75: testUsdExportAsClip
[2022-07-11T19:15:40.075Z]      37/160 Test  #73: testDiffMetadatas ...............................   Passed    0.22 sec
[2022-07-11T19:15:40.075Z]             Start  76: testUsdExportBindTransform
[2022-07-11T19:15:40.075Z]      38/160 Test  #71: testDiffPrims ...................................   Passed    0.35 sec
[2022-07-11T19:15:40.075Z]             Start  77: testUsdExportBlendshapes
[2022-07-11T19:15:41.331Z]      39/160 Test  #30: testPointBasedDeformerNode ......................   Passed    4.92 sec
[2022-07-11T19:15:41.331Z]             Start  78: testUsdExportCamera
[2022-07-11T19:15:41.709Z]      40/160 Test  #55: testUsdUndoManager ..............................   Passed    5.12 sec
[2022-07-11T19:15:41.709Z]             Start  79: testUsdExportColorSets
[2022-07-11T19:15:41.709Z]      41/160 Test  #56: testBlockSceneModificationContext ...............   Passed    5.05 sec
[2022-07-11T19:15:41.709Z]             Start  80: testUsdExportConnected
[2022-07-11T19:15:42.042Z]      42/160 Test  #32: testHdImagingShape ..............................   Passed    5.52 sec
[2022-07-11T19:15:42.042Z]             Start  81: testUsdExportDisplacement
[2022-07-11T19:15:42.763Z]      43/160 Test  #60: testPxrUsdPreviewSurfaceDraw ....................   Passed    4.04 sec
[2022-07-11T19:15:42.763Z]             Start  82: testUsdExportDisplayColor
[2022-07-11T19:15:42.763Z]      44/160 Test  #57: testDiagnosticDelegate ..........................   Passed    5.14 sec
[2022-07-11T19:15:42.763Z]             Start  83: testUsdExportEulerFilter
[2022-07-11T19:15:42.763Z]      45/160 Test  #31: testProxyShapeBase ..............................   Passed    6.41 sec
[2022-07-11T19:15:42.763Z]             Start  84: testUsdExportFileFormat
[2022-07-11T19:15:43.476Z]      46/160 Test  #63: testMayaUsdSchemasMayaReference .................   Passed    4.55 sec
[2022-07-11T19:15:43.476Z]             Start  85: testUsdExportFilterTypes
[2022-07-11T19:15:43.476Z]      47/160 Test  #62: testMayaUsdSchemasPythonImport ..................   Passed    4.75 sec
[2022-07-11T19:15:43.476Z]             Start  86: testUsdExportFrameOffset
[2022-07-11T19:15:44.209Z]      48/160 Test  #59: testSplitString .................................   Passed    6.06 sec
[2022-07-11T19:15:44.209Z]             Start  87: testUsdExportGeomSubset
[2022-07-11T19:15:44.535Z]      49/160 Test  #61: testPxrUsdPreviewSurfaceExport ..................   Passed    5.66 sec
[2022-07-11T19:15:44.535Z]             Start  88: testUsdExportInstances
[2022-07-11T19:15:45.263Z]      50/160 Test  #74: testUsdExportAnimation ..........................   Passed    5.06 sec
[2022-07-11T19:15:45.263Z]             Start  89: testUsdExportLayerAttributes
[2022-07-11T19:15:45.989Z]      51/160 Test  #76: testUsdExportBindTransform ......................   Passed    5.61 sec
[2022-07-11T19:15:45.989Z]             Start  90: testUsdExportLight
[2022-07-11T19:15:45.989Z]      52/160 Test  #77: testUsdExportBlendshapes ........................   Passed    5.93 sec
[2022-07-11T19:15:45.989Z]             Start  91: testUsdExportLocator
[2022-07-11T19:15:46.322Z]      53/160 Test  #75: testUsdExportAsClip .............................   Passed    6.19 sec
[2022-07-11T19:15:46.322Z]             Start  92: testUsdExportMayaInstancer
[2022-07-11T19:15:46.647Z]      54/160 Test  #78: testUsdExportCamera .............................   Passed    5.40 sec
[2022-07-11T19:15:46.647Z]             Start  93: testUsdExportMesh
[2022-07-11T19:15:47.114Z]      55/160 Test  #80: testUsdExportConnected ..........................   Passed    5.66 sec
[2022-07-11T19:15:47.114Z]             Start  94: testUsdExportNurbsCurve
[2022-07-11T19:15:47.479Z]      56/160 Test  #79: testUsdExportColorSets ..........................   Passed    6.07 sec
[2022-07-11T19:15:47.479Z]             Start  95: testUsdExportOpenLayer
[2022-07-11T19:15:47.839Z]      57/160 Test  #81: testUsdExportDisplacement .......................   Passed    5.79 sec
[2022-07-11T19:15:47.839Z]             Start  96: testUsdExportOverImport
[2022-07-11T19:15:47.839Z]      58/160 Test  #84: testUsdExportFileFormat .........................   Passed    5.09 sec
[2022-07-11T19:15:47.839Z]             Start  97: testUsdExportUsdPreviewSurface
[2022-07-11T19:15:48.187Z]      59/160 Test  #82: testUsdExportDisplayColor .......................   Passed    5.50 sec
[2022-07-11T19:15:48.187Z]             Start  98: testUsdExportParentScope
[2022-07-11T19:15:48.187Z]      60/160 Test  #83: testUsdExportEulerFilter ........................   Passed    5.42 sec
[2022-07-11T19:15:48.187Z]             Start  99: testUsdExportParticles
[2022-07-11T19:15:49.491Z]      61/160 Test  #86: testUsdExportFrameOffset ........................   Passed    5.58 sec
[2022-07-11T19:15:49.491Z]             Start 100: testUsdExportPref
[2022-07-11T19:15:49.882Z]      62/160 Test  #87: testUsdExportGeomSubset .........................   Passed    5.52 sec
[2022-07-11T19:15:49.882Z]             Start 101: testUsdExportRenderLayerMode
[2022-07-11T19:15:49.882Z]      63/160 Test  #85: testUsdExportFilterTypes ........................   Passed    6.24 sec
[2022-07-11T19:15:49.882Z]             Start 102: testUsdExportRoots
[2022-07-11T19:15:49.882Z]      64/160 Test  #88: testUsdExportInstances ..........................   Passed    5.36 sec
[2022-07-11T19:15:49.882Z]             Start 103: testUsdExportRootsAndParentScope
[2022-07-11T19:15:50.231Z]      65/160 Test  #89: testUsdExportLayerAttributes ....................   Passed    5.17 sec
[2022-07-11T19:15:50.231Z]             Start 104: testUsdExportSelection
[2022-07-11T19:15:50.687Z]      66/160 Test  #90: testUsdExportLight ..............................   Passed    4.98 sec
[2022-07-11T19:15:50.687Z]             Start 105: testUsdExportSelectionHierarchy
[2022-07-11T19:15:51.908Z]      67/160 Test  #91: testUsdExportLocator ............................   Passed    5.64 sec
[2022-07-11T19:15:51.908Z]             Start 106: testUsdExportShadingInstanced
[2022-07-11T19:15:52.251Z]      68/160 Test  #93: testUsdExportMesh ...............................   Passed    5.88 sec
[2022-07-11T19:15:52.251Z]             Start 107: testUsdExportShadingModePxrRis
[2022-07-11T19:15:52.616Z]      69/160 Test  #92: testUsdExportMayaInstancer ......................   Passed    6.14 sec
[2022-07-11T19:15:52.616Z]             Start 108: testUsdExportSkeleton
[2022-07-11T19:15:52.616Z]      70/160 Test  #95: testUsdExportOpenLayer ..........................   Passed    4.90 sec
[2022-07-11T19:15:52.616Z]             Start 109: testUsdExportStripNamespaces
[2022-07-11T19:15:52.616Z]      71/160 Test  #94: testUsdExportNurbsCurve .........................   Passed    5.32 sec
[2022-07-11T19:15:52.616Z]             Start 110: testUsdExportStroke
[2022-07-11T19:15:52.616Z]      72/160 Test  #96: testUsdExportOverImport .........................   Passed    4.93 sec
[2022-07-11T19:15:52.616Z]             Start 111: testUsdExportUserTaggedAttributes
[2022-07-11T19:15:53.423Z]      73/160 Test  #97: testUsdExportUsdPreviewSurface ..................   Passed    5.58 sec
[2022-07-11T19:15:53.423Z]             Start 112: testUsdExportVisibilityDefault
[2022-07-11T19:15:53.806Z]      74/160 Test  #99: testUsdExportParticles ..........................   Passed    5.38 sec
[2022-07-11T19:15:53.807Z]             Start 113: testUsdImportAnonymousLayer
[2022-07-11T19:15:53.807Z]      75/160 Test  #98: testUsdExportParentScope ........................   Passed    5.63 sec
[2022-07-11T19:15:53.807Z]             Start 114: testUsdImportCamera
[2022-07-11T19:15:54.335Z]      76/160 Test #101: testUsdExportRenderLayerMode ....................   Passed    4.45 sec
[2022-07-11T19:15:54.335Z]             Start 115: testUsdImportBasisCurves
[2022-07-11T19:15:54.681Z]      77/160 Test #100: testUsdExportPref ...............................   Passed    5.45 sec
[2022-07-11T19:15:54.681Z]             Start 116: testUsdImportBatchNurbsCurves
[2022-07-11T19:15:54.681Z]      78/160 Test #103: testUsdExportRootsAndParentScope ................   Passed    5.02 sec
[2022-07-11T19:15:54.681Z]             Start 117: testUsdImportLinearCurves
[2022-07-11T19:15:55.929Z]      79/160 Test #102: testUsdExportRoots ..............................   Passed    6.12 sec
[2022-07-11T19:15:55.929Z]             Start 118: testUsdImportNurbsCurves
[2022-07-11T19:15:55.929Z]      80/160 Test #104: testUsdExportSelection ..........................   Passed    5.60 sec
[2022-07-11T19:15:55.929Z]             Start 119: testUsdImportBatchBezierCurves
[2022-07-11T19:15:56.302Z]      81/160 Test #105: testUsdExportSelectionHierarchy .................   Passed    5.62 sec
[2022-07-11T19:15:56.302Z]             Start 120: testUsdImportColorSets
[2022-07-11T19:15:57.492Z]      82/160 Test #106: testUsdExportShadingInstanced ...................   Passed    5.48 sec
[2022-07-11T19:15:57.492Z]             Start 121: testUsdImportDisplacement
[2022-07-11T19:15:57.492Z]      83/160 Test #109: testUsdExportStripNamespaces ....................   Passed    5.03 sec
[2022-07-11T19:15:57.492Z]             Start 122: testUsdImportExportScope
[2022-07-11T19:15:57.492Z]      84/160 Test #107: testUsdExportShadingModePxrRis ..................   Passed    5.27 sec
[2022-07-11T19:15:57.492Z]             Start 123: testUsdImportExportTypelessDefs
[2022-07-11T19:15:58.238Z]      85/160 Test #110: testUsdExportStroke .............................   Passed    5.52 sec
[2022-07-11T19:15:58.238Z]             Start 124: testUsdImportFrameRange
[2022-07-11T19:15:58.238Z]      86/160 Test #111: testUsdExportUserTaggedAttributes ...............   Passed    5.69 sec
[2022-07-11T19:15:58.238Z]             Start 125: testUsdImportFramerates
[2022-07-11T19:15:58.579Z]      87/160 Test #113: testUsdImportAnonymousLayer .....................   Passed    4.90 sec
[2022-07-11T19:15:58.579Z]             Start 126: testUsdImportInstances
[2022-07-11T19:15:58.579Z]      88/160 Test #114: testUsdImportCamera .............................   Passed    4.84 sec
[2022-07-11T19:15:58.579Z]             Start 127: testUsdImportLight
[2022-07-11T19:15:59.056Z]      89/160 Test #112: testUsdExportVisibilityDefault ..................   Passed    5.44 sec
[2022-07-11T19:15:59.056Z]             Start 128: testUsdImportMayaReference
[2022-07-11T19:15:59.056Z]      90/160 Test #108: testUsdExportSkeleton ...........................   Passed    6.50 sec
[2022-07-11T19:15:59.056Z]             Start 129: testUsdImportMesh
[2022-07-11T19:15:59.056Z]      91/160 Test #115: testUsdImportBasisCurves ........................   Passed    4.97 sec
[2022-07-11T19:15:59.056Z]             Start 130: testUsdImportPreviewSurface
[2022-07-11T19:15:59.394Z]      92/160 Test #116: testUsdImportBatchNurbsCurves ...................   Passed    4.89 sec
[2022-07-11T19:15:59.394Z]             Start 131: testUsdImportSessionLayer
[2022-07-11T19:15:59.741Z]      93/160 Test #117: testUsdImportLinearCurves .......................   Passed    4.95 sec
[2022-07-11T19:15:59.741Z]             Start 132: testUsdImportShadingModeDisplayColor
[2022-07-11T19:16:00.926Z]      94/160 Test #118: testUsdImportNurbsCurves ........................   Passed    5.07 sec
[2022-07-11T19:16:00.926Z]             Start 133: testUsdImportShadingModePxrRis
[2022-07-11T19:16:01.338Z]      95/160 Test #119: testUsdImportBatchBezierCurves ..................   Passed    5.20 sec
[2022-07-11T19:16:01.338Z]             Start 134: testUsdImportUVSetMappings
[2022-07-11T19:16:01.338Z]      96/160 Test #120: testUsdImportColorSets ..........................   Passed    5.05 sec
[2022-07-11T19:16:01.338Z]             Start 135: testUsdImportUSDZTextures
[2022-07-11T19:16:02.400Z]      97/160 Test #121: testUsdImportDisplacement .......................   Passed    5.21 sec
[2022-07-11T19:16:02.400Z]             Start 136: testUsdExportImportRoundtripPreviewSurface
[2022-07-11T19:16:02.750Z]      98/160 Test #123: testUsdImportExportTypelessDefs .................   Passed    5.06 sec
[2022-07-11T19:16:02.750Z]             Start 137: testUsdExportImportUDIM
[2022-07-11T19:16:02.750Z]      99/160 Test #122: testUsdImportExportScope ........................   Passed    5.28 sec
[2022-07-11T19:16:02.750Z]             Start 138: testUsdImportSkeleton
[2022-07-11T19:16:03.509Z]     100/160 Test #124: testUsdImportFrameRange .........................   Passed    5.23 sec
[2022-07-11T19:16:03.509Z]             Start 139: testUsdImportXforms
[2022-07-11T19:16:03.509Z]     101/160 Test #125: testUsdImportFramerates .........................   Passed    5.17 sec
[2022-07-11T19:16:03.509Z]             Start 140: testUsdImportXformAnim
[2022-07-11T19:16:03.509Z]     102/160 Test #126: testUsdImportInstances ..........................   Passed    5.05 sec
[2022-07-11T19:16:03.509Z]             Start 141: testUsdMayaAdaptor
[2022-07-11T19:16:03.852Z]     103/160 Test #127: testUsdImportLight ..............................   Passed    5.03 sec
[2022-07-11T19:16:03.852Z]             Start 142: testUsdMayaAdaptorGeom
[2022-07-11T19:16:04.183Z]     104/160 Test #129: testUsdImportMesh ...............................   Passed    5.11 sec
[2022-07-11T19:16:04.183Z]             Start 143: testUsdMayaAdaptorMetadata
[2022-07-11T19:16:04.183Z]     105/160 Test #130: testUsdImportPreviewSurface .....................   Passed    5.21 sec
[2022-07-11T19:16:04.183Z]             Start 144: testUsdMayaAdaptorUndoRedo
[2022-07-11T19:16:04.519Z]     106/160 Test #131: testUsdImportSessionLayer .......................   Passed    4.94 sec
[2022-07-11T19:16:04.519Z]             Start 145: testUsdExportUVTransforms
[2022-07-11T19:16:04.519Z]     107/160 Test #128: testUsdImportMayaReference ......................   Passed    5.59 sec
[2022-07-11T19:16:04.519Z]             Start 146: testUsdExportUsdzPackage
[2022-07-11T19:16:04.519Z]     108/160 Test #132: testUsdImportShadingModeDisplayColor ............   Passed    4.91 sec
[2022-07-11T19:16:04.519Z]             Start 147: testUsdExportRfMShaders
[2022-07-11T19:16:05.720Z]     109/160 Test #133: testUsdImportShadingModePxrRis ..................   Passed    4.96 sec
[2022-07-11T19:16:05.720Z]             Start 148: testUsdImportRfMShaders
[2022-07-11T19:16:06.461Z]     110/160 Test #134: testUsdImportUVSetMappings ......................   Passed    4.99 sec
[2022-07-11T19:16:06.461Z]             Start 149: testUsdExportUVSets
[2022-07-11T19:16:06.461Z]     111/160 Test #135: testUsdImportUSDZTextures .......................   Passed    5.00 sec
[2022-07-11T19:16:06.461Z]             Start 150: testUsdExportUVSetsFloat
[2022-07-11T19:16:08.161Z]     112/160 Test #138: testUsdImportSkeleton ...........................   Passed    5.12 sec
[2022-07-11T19:16:08.161Z]             Start 151: testUsdExportUVSetMappings
[2022-07-11T19:16:08.161Z]     113/160 Test #141: testUsdMayaAdaptor ..............................   Passed    4.72 sec
[2022-07-11T19:16:08.161Z]             Start 152: testUsdImportUVSets
[2022-07-11T19:16:08.493Z]     114/160 Test #140: testUsdImportXformAnim ..........................   Passed    4.84 sec
[2022-07-11T19:16:08.493Z]             Start 153: testUsdImportUVSetsFloat
[2022-07-11T19:16:08.493Z]     115/160 Test #136: testUsdExportImportRoundtripPreviewSurface ......   Passed    5.99 sec
[2022-07-11T19:16:08.493Z]             Start 154: testUsdImportChaser
[2022-07-11T19:16:08.493Z]     116/160 Test #137: testUsdExportImportUDIM .........................   Passed    5.77 sec
[2022-07-11T19:16:08.493Z]             Start 155: testUsdExportCustomConverter-Maya
[2022-07-11T19:16:08.838Z]     117/160 Test #142: testUsdMayaAdaptorGeom ..........................   Passed    4.94 sec
[2022-07-11T19:16:08.838Z]             Start 156: testUsdExportCustomConverter-USD
[2022-07-11T19:16:09.165Z]     118/160 Test #144: testUsdMayaAdaptorUndoRedo ......................   Passed    4.92 sec
[2022-07-11T19:16:09.165Z]             Start 157: testUsdImportCustomConverter-Maya
[2022-07-11T19:16:09.165Z]     119/160 Test #143: testUsdMayaAdaptorMetadata ......................   Passed    5.22 sec
[2022-07-11T19:16:09.165Z]             Start 158: testUsdImportCustomConverter-USD
[2022-07-11T19:16:09.501Z]     120/160 Test #146: testUsdExportUsdzPackage ........................   Passed    5.04 sec
[2022-07-11T19:16:09.501Z]             Start 159: testUsdMayaListShadingModesCommand
[2022-07-11T19:16:09.832Z]     121/160 Test #145: testUsdExportUVTransforms .......................   Passed    5.51 sec
[2022-07-11T19:16:09.832Z]             Start 160: testUsdExportSchemaApi
[2022-07-11T19:16:09.832Z]     122/160 Test #147: testUsdExportRfMShaders .........................   Passed    5.29 sec
[2022-07-11T19:16:09.832Z]             Start 161: testUsdImportExportSiteSpecificConfig
[2022-07-11T19:16:10.820Z]     123/160 Test #148: testUsdImportRfMShaders .........................   Passed    4.94 sec
[2022-07-11T19:16:10.820Z]             Start 162: testUsdExportAssembly
[2022-07-11T19:16:11.551Z]     124/160 Test #149: testUsdExportUVSets .............................   Passed    5.36 sec
[2022-07-11T19:16:11.551Z]             Start 163: testUsdExportAssemblyEdits
[2022-07-11T19:16:11.551Z]     125/160 Test #150: testUsdExportUVSetsFloat ........................   Passed    5.06 sec
[2022-07-11T19:16:11.551Z]             Start 164: testUsdExportPackage
[2022-07-11T19:16:13.308Z]     126/160 Test #152: testUsdImportUVSets .............................   Passed    4.98 sec
[2022-07-11T19:16:13.308Z]             Start 165: testUsdExportPointInstancer
[2022-07-11T19:16:13.308Z]     127/160 Test #153: testUsdImportUVSetsFloat ........................   Passed    4.91 sec
[2022-07-11T19:16:13.308Z]             Start 166: testUsdImportAsAssemblies
[2022-07-11T19:16:13.308Z]     128/160 Test #151: testUsdExportUVSetMappings ......................   Passed    5.41 sec
[2022-07-11T19:16:13.308Z]             Start 167: testUsdImportNestedAssemblyAnimation
[2022-07-11T19:16:13.964Z]     129/160 Test #154: testUsdImportChaser .............................   Passed    5.21 sec
[2022-07-11T19:16:13.964Z]             Start 168: testUsdMayaGetVariantSetSelections
[2022-07-11T19:16:13.964Z]     130/160 Test #156: testUsdExportCustomConverter-USD ................   Passed    5.10 sec
[2022-07-11T19:16:13.964Z]             Start 169: testUsdMayaModelKindProcessor
[2022-07-11T19:16:13.964Z]     131/160 Test #155: testUsdExportCustomConverter-Maya ...............   Passed    5.32 sec
[2022-07-11T19:16:13.964Z]             Start 170: testUsdMayaReferenceAssemblyEdits
[2022-07-11T19:16:14.319Z]     132/160 Test #159: testUsdMayaListShadingModesCommand ..............   Passed    4.83 sec
[2022-07-11T19:16:14.319Z]             Start 171: testUsdReferenceAssemblyChangeRepresentations
[2022-07-11T19:16:14.646Z]     133/160 Test #158: testUsdImportCustomConverter-USD ................   Passed    5.21 sec
[2022-07-11T19:16:14.646Z]             Start 172: testPxrUsdAlembicChaser
[2022-07-11T19:16:14.646Z]     134/160 Test #157: testUsdImportCustomConverter-Maya ...............   Passed    5.42 sec
[2022-07-11T19:16:14.646Z]             Start 173: AL_MayaUtilsTests
[2022-07-11T19:16:15.352Z]     135/160 Test #161: testUsdImportExportSiteSpecificConfig ...........   Passed    5.25 sec
[2022-07-11T19:16:15.352Z]             Start 174: GTest:AL_USDTransactionTests
[2022-07-11T19:16:15.352Z]     136/160 Test #160: testUsdExportSchemaApi ..........................   Passed    5.42 sec
[2022-07-11T19:16:15.352Z]             Start 175: Python:AL_USDTransactionTests
[2022-07-11T19:16:15.352Z]     137/160 Test #174: GTest:AL_USDTransactionTests ....................   Passed    0.28 sec
[2022-07-11T19:16:15.352Z]             Start 176: AL_USDMayaTestPlugin
[2022-07-11T19:16:16.613Z]     138/160 Test #175: Python:AL_USDTransactionTests ...................   Passed    1.03 sec
[2022-07-11T19:16:16.613Z]             Start 177: TestALUSDMayaPython_ProxyShape
[2022-07-11T19:16:16.944Z]     139/160 Test #162: testUsdExportAssembly ...........................   Passed    6.22 sec
[2022-07-11T19:16:16.944Z]             Start 178: TestALUSDMayaPython_Translators
[2022-07-11T19:16:17.278Z]     140/160 Test #163: testUsdExportAssemblyEdits ......................   Passed    5.82 sec
[2022-07-11T19:16:17.278Z]             Start 179: TestALUSDMayaPython_LayerManager
[2022-07-11T19:16:17.628Z]     141/160 Test #164: testUsdExportPackage ............................   Passed    6.08 sec
[2022-07-11T19:16:17.628Z]             Start 180: TestALUSDMayaPython_ImportModule
[2022-07-11T19:16:18.766Z]     142/160 Test #167: testUsdImportNestedAssemblyAnimation ............   Passed    5.17 sec
[2022-07-11T19:16:18.766Z]             Start 181: testMayaSchemas
[2022-07-11T19:16:18.766Z]     143/160 Test #168: testUsdMayaGetVariantSetSelections ..............   Passed    5.03 sec
[2022-07-11T19:16:18.766Z]             Start 182: TestAdditionalTranslators
[2022-07-11T19:16:18.766Z]     144/160 Test #181: testMayaSchemas .................................   Passed    0.20 sec
[2022-07-11T19:16:18.766Z]             Start 183: TestPxrUsdTranslators
[2022-07-11T19:16:18.766Z]     145/160 Test #166: testUsdImportAsAssemblies .......................   Passed    5.54 sec
[2022-07-11T19:16:19.092Z]     146/160 Test #173: AL_MayaUtilsTests ...............................   Passed    4.39 sec
[2022-07-11T19:16:19.092Z]     147/160 Test #170: testUsdMayaReferenceAssemblyEdits ...............   Passed    5.37 sec
[2022-07-11T19:16:19.812Z]     148/160 Test #180: TestALUSDMayaPython_ImportModule ................   Passed    2.10 sec
[2022-07-11T19:16:20.142Z]     149/160 Test #171: testUsdReferenceAssemblyChangeRepresentations ...   Passed    5.65 sec
[2022-07-11T19:16:20.142Z]     150/160 Test #169: testUsdMayaModelKindProcessor ...................   Passed    6.35 sec
[2022-07-11T19:16:20.142Z]     151/160 Test #172: testPxrUsdAlembicChaser .........................   Passed    5.62 sec
[2022-07-11T19:16:21.301Z]     152/160 Test #177: TestALUSDMayaPython_ProxyShape ..................   Passed    4.73 sec
[2022-07-11T19:16:22.445Z]     153/160 Test #178: TestALUSDMayaPython_Translators .................   Passed    5.43 sec
[2022-07-11T19:16:22.445Z]     154/160 Test #179: TestALUSDMayaPython_LayerManager ................   Passed    5.14 sec
[2022-07-11T19:16:23.593Z]     155/160 Test #183: TestPxrUsdTranslators ...........................   Passed    4.77 sec
[2022-07-11T19:16:25.881Z]     156/160 Test #182: TestAdditionalTranslators .......................   Passed    7.18 sec
[2022-07-11T19:16:45.027Z]     157/160 Test #176: AL_USDMayaTestPlugin ............................   Passed   27.21 sec
[2022-07-11T19:16:47.273Z]     158/160 Test #165: testUsdExportPointInstancer .....................   Passed   33.64 sec
[2022-07-11T19:17:35.380Z]     159/160 Test #139: testUsdImportXforms .............................   Passed   86.73 sec
[2022-07-11T19:24:00.241Z]     160/160 Test  #58: testLoadRules ...................................***Timeout 500.03 sec
[2022-07-11T19:24:00.241Z]     [==========] Running 4 tests from 1 test suite.
[2022-07-11T19:24:00.241Z]     [----------] Global test environment set-up.
[2022-07-11T19:24:00.241Z]     [----------] 4 tests from ConvertLoadRules
[2022-07-11T19:24:00.241Z]     [ RUN      ] ConvertLoadRules.convertEmptyLoadRules
[2022-07-11T19:24:00.241Z]     [       OK ] ConvertLoadRules.convertEmptyLoadRules (0 ms)
[2022-07-11T19:24:00.241Z]     [ RUN      ] ConvertLoadRules.convertSimpleLoadRules
[2022-07-11T19:24:00.241Z]     [       OK ] ConvertLoadRules.convertSimpleLoadRules (0 ms)
[2022-07-11T19:24:00.241Z]     [ RUN      ] ConvertLoadRules.convertEmptyStageLoadRules
[2022-07-11T19:24:00.241Z]     [       OK ] ConvertLoadRules.convertEmptyStageLoadRules (27 ms)
[2022-07-11T19:24:00.241Z]     [ RUN      ] ConvertLoadRules.convertSimpleStageLoadRules
[2022-07-11T19:24:00.241Z]     [       OK ] ConvertLoadRules.convertSimpleStageLoadRules (3 ms)
[2022-07-11T19:24:00.241Z]     [----------] 4 tests from ConvertLoadRules (30 ms total)
[2022-07-11T19:24:00.241Z]     
[2022-07-11T19:24:00.241Z]     [----------] Global test environment tear-down
[2022-07-11T19:24:00.241Z]     [==========] 4 tests from 1 test suite ran. (31 ms total)
[2022-07-11T19:24:00.241Z]     [  PASSED  ] 4 tests.
[2022-07-11T19:24:00.241Z]     
[2022-07-11T19:24:00.241Z]     
[2022-07-11T19:24:00.241Z]     99% tests passed, 1 tests failed out of 159
[2022-07-11T19:24:00.241Z]     
[2022-07-11T19:24:00.241Z]     Label Time Summary:
[2022-07-11T19:24:00.241Z]     Debugging            =   0.00 sec*proc (1 test)
[2022-07-11T19:24:00.241Z]     MayaUsd              = 125.45 sec*proc (6 tests)
[2022-07-11T19:24:00.241Z]     fileio               =  57.38 sec*proc (8 tests)
[2022-07-11T19:24:00.241Z]     fileio_utils         =  10.03 sec*proc (2 tests)
[2022-07-11T19:24:00.241Z]     nodes                =  27.90 sec*proc (5 tests)
[2022-07-11T19:24:00.241Z]     translators          = 548.31 sec*proc (88 tests)
[2022-07-11T19:24:00.241Z]     ufe                  = 203.47 sec*proc (9 tests)
[2022-07-11T19:24:00.241Z]     undo                 =   5.12 sec*proc (1 test)
[2022-07-11T19:24:00.241Z]     usdPreviewSurface    =   9.70 sec*proc (2 tests)
[2022-07-11T19:24:00.241Z]     utils                =  10.18 sec*proc (2 tests)
[2022-07-11T19:24:00.241Z]     
[2022-07-11T19:24:00.241Z]     Total Test time (real) = 526.79 sec
[2022-07-11T19:24:00.241Z]     
[2022-07-11T19:24:00.241Z]     The following tests did not run:
[2022-07-11T19:24:00.241Z]     	  7 - _Interactive_Maya (Disabled)
[2022-07-11T19:24:00.241Z]     
[2022-07-11T19:24:00.241Z]     The following tests FAILED:
[2022-07-11T19:24:00.241Z]     	 58 - testLoadRules (Timeout)
[2022-07-11T19:24:00.241Z]     Errors while running CTest
[2022-07-11T19:24:00.241Z]     
[2022-07-11T19:24:00.241Z]         Building with settings:
[2022-07-11T19:24:00.241Z]           Source directory          S:\jenkins\workspace\ECP\ecg-maya-usd\ecg-mayausd-branch-preflight-2020-windows\ecg-maya-usd\maya-usd
[2022-07-11T19:24:00.241Z]           Workspace directory       W:\
[2022-07-11T19:24:00.241Z]           Build directory           W:\build\RelWithDebInfo
[2022-07-11T19:24:00.241Z]           Install directory         W:\install\RelWithDebInfo\MayaUSD
[2022-07-11T19:24:00.241Z]           Variant                   RelWithDebInfo
[2022-07-11T19:24:00.241Z]           Python Debug              Off
[2022-07-11T19:24:00.241Z]           CMake generator           Ninja
[2022-07-11T19:24:00.241Z]           Build arguments           ['-DCMAKE_MAKE_PROGRAM=P:/shared/Artifactory/Windows/ninja/1.9.0/c68f192/ninja.exe', '-DPYTHON_INCLUDE_DIR=P:/shared/Artifactory/Windows/rundev-2020/202107140359/runtime/5d64bf0/runTime/include/Python', '-DPython_EXECUTABLE=P:/shared/Artifactory/Windows/rundev-2020/202107140359/runtime/5d64bf0/runTime/bin/mayapy.exe', '-DPYTHON_LIBRARIES=P:/shared/Artifactory/Windows/rundev-2020/202107140359/runtime/5d64bf0/runTime/lib/python27.lib', '-DUSD_LIB_PREFIX=', '-DCMAKE_WANT_MATERIALX_BUILD=ON', '-DCMAKE_PREFIX_PATH=P:\\shared\\Artifactory\\Windows\\USD\\c1313e5']
[2022-07-11T19:24:00.241Z]           Stages arguments          ['test']
[2022-07-11T19:24:00.241Z]           CTest arguments           ['-E testUsdReferenceAssemblySelection|testUsdMayaAppDir', '-LE interactive', '--parallel 16']
[2022-07-11T19:24:00.241Z]     #####################################################################################
[2022-07-11T19:24:00.241Z]     log date: 2022-07-11 12:14
[2022-07-11T19:24:00.241Z]     commit sha: 6d1f2627b1f2bd57125f2a0edfa2da83ab72ca24
[2022-07-11T19:24:00.241Z]     commit date: Mon Jul 11 13:24:05 2022 -0400
[2022-07-11T19:24:00.241Z]     #####################################################################################
[2022-07-11T19:24:00.241Z]     
[2022-07-11T19:24:00.241Z]     cmake --build . --config RelWithDebInfo --target install -- -j16
[2022-07-11T19:24:00.241Z]     #####################################################################################
[2022-07-11T19:24:00.241Z]     log date: 2022-07-11 12:15
[2022-07-11T19:24:00.241Z]     commit sha: 6d1f2627b1f2bd57125f2a0edfa2da83ab72ca24
[2022-07-11T19:24:00.241Z]     commit date: Mon Jul 11 13:24:05 2022 -0400
[2022-07-11T19:24:00.241Z]     #####################################################################################
[2022-07-11T19:24:00.241Z]     
[2022-07-11T19:24:00.241Z]     ctest --output-on-failure --timeout 500 -C RelWithDebInfo -E testUsdReferenceAssemblySelection|testUsdMayaAppDir -LE interactive --parallel 16
[2022-07-11T19:24:00.241Z]     
[2022-07-11T19:24:00.241Z]     Traceback (most recent call last):
[2022-07-11T19:24:00.241Z]       File "S:\jenkins\workspace\ECP\ecg-maya-usd\ecg-mayausd-branch-preflight-2020-windows\ecg-maya-usd\maya-usd\build.py", line 607, in <module>
[2022-07-11T19:24:00.241Z]         RunTests(context, context.ctestArgs)
[2022-07-11T19:24:00.241Z]       File "S:\jenkins\workspace\ECP\ecg-maya-usd\ecg-mayausd-branch-preflight-2020-windows\ecg-maya-usd\maya-usd\build.py", line 390, in RunTests
[2022-07-11T19:24:00.241Z]         RunCTest(context,extraArgs)
[2022-07-11T19:24:00.241Z]       File "S:\jenkins\workspace\ECP\ecg-maya-usd\ecg-mayausd-branch-preflight-2020-windows\ecg-maya-usd\maya-usd\build.py", line 301, in RunCTest
[2022-07-11T19:24:00.241Z]         extraArgs=(" ".join(extraArgs) if extraArgs else "")))
[2022-07-11T19:24:00.241Z]       File "S:\jenkins\workspace\ECP\ecg-maya-usd\ecg-mayausd-branch-preflight-2020-windows\ecg-maya-usd\maya-usd\build.py", line 165, in Run
[2022-07-11T19:24:00.241Z]         .format(cmd=cmd, log=os.path.abspath(context.logFileLocation)))
[2022-07-11T19:24:00.241Z]     RuntimeError: Failed to run 'ctest --output-on-failure --timeout 500 -C RelWithDebInfo -E testUsdReferenceAssemblySelection|testUsdMayaAppDir -LE interactive --parallel 16 '
[2022-07-11T19:24:00.241Z]     See W:\build\RelWithDebInfo\build_log.txt for more details.
[2022-07-11T19:24:00.241Z] build.py: error: Command failed with error code: 1
[Pipeline] bat
[2022-07-11T19:24:00.801Z] Deleting alias drive W:
[Pipeline] bat
[2022-07-11T19:24:01.360Z] Deleting alias drive P:
[Pipeline] }
[Pipeline] // withEnv
[Pipeline] }
[Pipeline] // timeout
[Pipeline] }
[Pipeline] // stage
[Pipeline] }
[Pipeline] // timestamps
[Pipeline] emailextrecipients
Not sending mail to unregistered user ecg.jenkins@autodesk.com because your SCM claimed this was associated with a user ID ecg.jenkins' which your security realm does not recognize; you may need changes in your SCM plugin
Not sending mail to unregistered user ecg.jenkins@autodesk.com because your SCM claimed this was associated with a user ID ecg.jenkins' which your security realm does not recognize; you may need changes in your SCM plugin
[Pipeline] echo
No recipients to send notification.
[Pipeline] }
[Pipeline] // node
[Pipeline] End of Pipeline
ERROR: script returned exit code 1
[Checks API] No suitable checks publisher found.
Finished: FAILURE
