[2022-07-12T21:50:02.358Z] ================================================================================
[2022-07-12T21:50:02.358Z]                              setup (RelWithDebInfo)
[2022-07-12T21:50:02.359Z] ================================================================================
[Pipeline] bat
[2022-07-12T21:50:03.187Z] Deleting alias drive W:
[Pipeline] bat
[2022-07-12T21:50:03.751Z] Deleting alias drive P:
[Pipeline] }
[Pipeline] // withEnv
[Pipeline] }
[Pipeline] // timeout
[Pipeline] }
[Pipeline] // stage
[Pipeline] }
[Pipeline] // timestamps
[Pipeline] timestamps
[Pipeline] {
[Pipeline] stage
[Pipeline] { (Clean)
[Pipeline] timeout
[2022-07-12T21:50:03.953Z] Timeout set to expire in 6 hr 0 min
[Pipeline] {
[Pipeline] withEnv
[Pipeline] {
[Pipeline] bat
[2022-07-12T21:50:04.500Z] Creating alias drive P: to S:\jenkins\workspace
[Pipeline] bat
[2022-07-12T21:50:05.088Z] Creating alias drive W: to S:\jenkins\workspace\ECP\ecg-maya-usd\ecg-mayausd-branch-preflight-2020-windows
[Pipeline] bat
[2022-07-12T21:50:06.337Z] "C:\Program Files (x86)\Microsoft Visual Studio\2017\Professional\VC\Auxiliary\Build\vcvarsall.bat" x64
[2022-07-12T21:50:06.337Z] **********************************************************************
[2022-07-12T21:50:06.337Z] ** Visual Studio 2017 Developer Command Prompt v15.9.15
[2022-07-12T21:50:06.337Z] ** Copyright (c) 2017 Microsoft Corporation
[2022-07-12T21:50:06.337Z] **********************************************************************
[2022-07-12T21:50:07.481Z] [vcvarsall.bat] Environment initialized for: 'x64'
[2022-07-12T21:50:07.481Z] python ecg-maya-usd/build.py --stages=clean --workspace-dir=W:\ --artifactory-dir=P:\shared\Artifactory --build-dir=W:\build --install-dir=W:\install --signing-dir=W:\signing --package-dir=W:\package --output-dir=W:\output --stash-dir=W:\stash --jenkins-build=116 --git-commit=31ad476824997b4c9b36a8728f50a5e91e739db9 --git-branch=master --variants=RelWithDebInfo --python=2.7 --post-zips=false --maya-cut-config=maya-rundev-2020.yaml --maya-package=rundev-2020 --stage-banner
[2022-07-12T21:50:08.198Z] Using Maya cut from P:\shared\Artifactory\Windows\rundev-2020\202107140359\runtime\5d64bf0
[2022-07-12T21:50:08.198Z] Using Maya ADSK Signatures from P:\shared\Artifactory\Windows\adsk-plugin-signatures-maya\2023\c1dbfce
[2022-07-12T21:50:08.198Z] Using Maya Security Library from P:\shared\Artifactory\Windows\maya-security-library\3.1.0\084709f
[2022-07-12T21:50:08.198Z] 
[2022-07-12T21:50:08.198Z] ================================================================================
[2022-07-12T21:50:08.198Z]                              clean (RelWithDebInfo)
[2022-07-12T21:50:08.198Z] ================================================================================
[2022-07-12T21:50:08.198Z] Maya Python RelWithDebInfo Info:
[2022-07-12T21:50:08.198Z]   mayapy executable   = P:\shared\Artifactory\Windows\rundev-2020\202107140359\runtime\5d64bf0\runTime\bin\mayapy.exe
[2022-07-12T21:50:08.198Z]   Include Folder      = P:\shared\Artifactory\Windows\rundev-2020\202107140359\runtime\5d64bf0\runTime\include\Python
[2022-07-12T21:50:08.198Z]   Library             = P:\shared\Artifactory\Windows\rundev-2020\202107140359\runtime\5d64bf0\runTime\lib\python27.lib
[2022-07-12T21:50:08.198Z]   site-package Folder = P:\shared\Artifactory\Windows\rundev-2020\202107140359\runtime\5d64bf0\runTime\Python\Lib\site-packages
[2022-07-12T21:50:08.914Z] In workdir: S:\jenkins\workspace\ECP\ecg-maya-usd\ecg-mayausd-branch-preflight-2020-windows\ecg-maya-usd\maya-usd
[2022-07-12T21:50:08.914Z] Executing: 'P:\\shared\\Artifactory\\Windows\\rundev-2020\\202107140359\\runtime\\5d64bf0\\runTime\\bin\\mayapy.exe' 'S:\\jenkins\\workspace\\ECP\\ecg-maya-usd\\ecg-mayausd-branch-preflight-2020-windows\\ecg-maya-usd\\maya-usd\\build.py' --generator Ninja --build-relwithdebug --maya-location 'P:\\shared\\Artifactory\\Windows\\rundev-2020\\202107140359\\runtime\\5d64bf0\\runTime' --devkit-location 'P:\\shared\\Artifactory\\Windows\\rundev-2020\\202107140359\\runtime\\5d64bf0\\devkitBase' --pxrusd-location 'P:\\shared\\Artifactory\\Windows\\USD\\c1313e5' --qt-location 'P:\\shared\\Artifactory\\Windows\\qt\\5.12.5\\4755980' '--build-args=-DCMAKE_MAKE_PROGRAM=P:/shared/Artifactory/Windows/ninja/1.9.0/c68f192/ninja.exe,-DPYTHON_INCLUDE_DIR=P:/shared/Artifactory/Windows/rundev-2020/202107140359/runtime/5d64bf0/runTime/include/Python,-DPython_EXECUTABLE=P:/shared/Artifactory/Windows/rundev-2020/202107140359/runtime/5d64bf0/runTime/bin/mayapy.exe,-DPYTHON_LIBRARIES=P:/shared/Artifactory/Windows/rundev-2020/202107140359/runtime/5d64bf0/runTime/lib/python27.lib,-DUSD_LIB_PREFIX=,-DCMAKE_WANT_MATERIALX_BUILD=ON,-DCMAKE_PREFIX_PATH=P:\\shared\\Artifactory\\Windows\\USD\\c1313e5' '--ctest-args=-E testUsdReferenceAssemblySelection|testUsdMayaAppDir,-LE interactive,--parallel 16' --stages=clean --redirect-outstream-file=False --install-location 'W:\\install\\RelWithDebInfo\\MayaUSD' 'W:\\'
[2022-07-12T21:50:08.914Z] Modified environment variables:
[2022-07-12T21:50:08.914Z]     PATH=P:\shared\Artifactory\Windows\cmake\3.20.3\afe857a\bin;C:\Python27\lib\site-packages\pywin32_system32;C:\Program Files (x86)\Microsoft Visual Studio\2017\Professional\VC\Tools\MSVC\14.16.27023\bin\HostX64\x64;C:\Program Files (x86)\Microsoft Visual Studio\2017\Professional\Common7\IDE\VC\VCPackages;C:\Program Files (x86)\Microsoft Visual Studio\2017\Professional\Common7\IDE\CommonExtensions\Microsoft\TestWindow;C:\Program Files (x86)\Microsoft Visual Studio\2017\Professional\Common7\IDE\CommonExtensions\Microsoft\TeamFoundation\Team Explorer;C:\Program Files (x86)\Microsoft Visual Studio\2017\Professional\MSBuild\15.0\bin\Roslyn;C:\Program Files (x86)\Microsoft Visual Studio\2017\Professional\Team Tools\Performance Tools\x64;C:\Program Files (x86)\Microsoft Visual Studio\2017\Professional\Team Tools\Performance Tools;C:\Program Files (x86)\Microsoft Visual Studio\Shared\Common\VSPerfCollectionTools\\x64;C:\Program Files (x86)\Microsoft Visual Studio\Shared\Common\VSPerfCollectionTools\;C:\Program Files (x86)\Microsoft SDKs\Windows\v10.0A\bin\NETFX 4.6.1 Tools\x64\;C:\Program Files (x86)\HTML Help Workshop;C:\Program Files (x86)\Windows Kits\10\bin\10.0.18362.0\x64;C:\Program Files (x86)\Windows Kits\10\bin\x64;C:\Program Files (x86)\Microsoft Visual Studio\2017\Professional\\MSBuild\15.0\bin;C:\WINDOWS\Microsoft.NET\Framework64\v4.0.30319;C:\Program Files (x86)\Microsoft Visual Studio\2017\Professional\Common7\IDE\;C:\Program Files (x86)\Microsoft Visual Studio\2017\Professional\Common7\Tools\;C:\Python27\;C:\Python27\Scripts;C:\WINDOWS\system32;C:\WINDOWS;C:\WINDOWS\System32\Wbem;C:\WINDOWS\System32\WindowsPowerShell\v1.0\;C:\WINDOWS\System32\OpenSSH\;C:\ProgramData\chocolatey\bin;C:\Program Files (x86)\WiX Toolset v3.7\bin;C:\Program Files\dotnet\;C:\Program Files (x86)\Windows Kits\10\bin\10.0.18362.0\x64;C:\Program Files\Zulu\zulu-11\bin\;C:\Program Files (x86)\Windows Kits\10\bin\10.0.17763.0\x64;C:\Program Files (x86)\Windows Kits\10\bin\x64;C:\Program Files\Git\cmd;C:\Program Files\Git\usr\bin;C:\Program Files\Git\mingw64\bin;C:\Program Files\Git\bin;C:\Python38\;C:\Python38\Scripts;C:\StoreBoxClientWindows;C:\Program Files\Electric Cloud\ElectricCommander\bin;C:\Program Files\WinRAR;C:\Program Files\7-Zip;C:\Users\Administrator\AppData\Local\Microsoft\WindowsApps;C:\Program Files (x86)\Microsoft Visual Studio\2017\Professional\Common7\IDE\CommonExtensions\Microsoft\CMake\CMake\bin;C:\Program Files (x86)\Microsoft Visual Studio\2017\Professional\Common7\IDE\CommonExtensions\Microsoft\CMake\Ninja
[2022-07-12T21:50:09.240Z]     
[2022-07-12T21:50:09.240Z]         Building with settings:
[2022-07-12T21:50:09.240Z]           Source directory          S:\jenkins\workspace\ECP\ecg-maya-usd\ecg-mayausd-branch-preflight-2020-windows\ecg-maya-usd\maya-usd
[2022-07-12T21:50:09.240Z]           Workspace directory       W:\
[2022-07-12T21:50:09.240Z]           Build directory           W:\build\RelWithDebInfo
[2022-07-12T21:50:09.240Z]           Install directory         W:\install\RelWithDebInfo\MayaUSD
[2022-07-12T21:50:09.240Z]           Variant                   RelWithDebInfo
[2022-07-12T21:50:09.240Z]           Python Debug              Off
[2022-07-12T21:50:09.240Z]           CMake generator           Ninja
[2022-07-12T21:50:09.240Z]           Build arguments           ['-DCMAKE_MAKE_PROGRAM=P:/shared/Artifactory/Windows/ninja/1.9.0/c68f192/ninja.exe', '-DPYTHON_INCLUDE_DIR=P:/shared/Artifactory/Windows/rundev-2020/202107140359/runtime/5d64bf0/runTime/include/Python', '-DPython_EXECUTABLE=P:/shared/Artifactory/Windows/rundev-2020/202107140359/runtime/5d64bf0/runTime/bin/mayapy.exe', '-DPYTHON_LIBRARIES=P:/shared/Artifactory/Windows/rundev-2020/202107140359/runtime/5d64bf0/runTime/lib/python27.lib', '-DUSD_LIB_PREFIX=', '-DCMAKE_WANT_MATERIALX_BUILD=ON', '-DCMAKE_PREFIX_PATH=P:\\shared\\Artifactory\\Windows\\USD\\c1313e5']
[2022-07-12T21:50:09.240Z]           Stages arguments          ['clean']
[2022-07-12T21:50:09.240Z]           CTest arguments           ['-E testUsdReferenceAssemblySelection|testUsdMayaAppDir', '-LE interactive', '--parallel 16']
[2022-07-12T21:50:09.240Z]     Success MayaUSD build and install !!!!
[2022-07-12T21:50:09.240Z]     Elapsed time: 00:00:00
[Pipeline] bat
[2022-07-12T21:50:09.804Z] Deleting alias drive W:
[Pipeline] bat
[2022-07-12T21:50:10.578Z] Deleting alias drive P:
[Pipeline] }
[Pipeline] // withEnv
[Pipeline] }
[Pipeline] // timeout
[Pipeline] }
[Pipeline] // stage
[Pipeline] }
[Pipeline] // timestamps
[Pipeline] timestamps
[Pipeline] {
[Pipeline] stage
[Pipeline] { (Configure)
[Pipeline] timeout
[2022-07-12T21:50:10.799Z] Timeout set to expire in 6 hr 0 min
[Pipeline] {
[Pipeline] withEnv
[Pipeline] {
[Pipeline] bat
[2022-07-12T21:50:11.352Z] Creating alias drive P: to S:\jenkins\workspace
[Pipeline] bat
[2022-07-12T21:50:11.949Z] Creating alias drive W: to S:\jenkins\workspace\ECP\ecg-maya-usd\ecg-mayausd-branch-preflight-2020-windows
[Pipeline] bat
[2022-07-12T21:50:12.835Z] "C:\Program Files (x86)\Microsoft Visual Studio\2017\Professional\VC\Auxiliary\Build\vcvarsall.bat" x64
[2022-07-12T21:50:12.835Z] **********************************************************************
[2022-07-12T21:50:12.835Z] ** Visual Studio 2017 Developer Command Prompt v15.9.15
[2022-07-12T21:50:12.835Z] ** Copyright (c) 2017 Microsoft Corporation
[2022-07-12T21:50:12.835Z] **********************************************************************
[2022-07-12T21:50:13.546Z] [vcvarsall.bat] Environment initialized for: 'x64'
[2022-07-12T21:50:13.546Z] python ecg-maya-usd/build.py --stages=configure --workspace-dir=W:\ --artifactory-dir=P:\shared\Artifactory --build-dir=W:\build --install-dir=W:\install --signing-dir=W:\signing --package-dir=W:\package --output-dir=W:\output --stash-dir=W:\stash --jenkins-build=116 --git-commit=31ad476824997b4c9b36a8728f50a5e91e739db9 --git-branch=master --variants=RelWithDebInfo --python=2.7 --post-zips=false --maya-cut-config=maya-rundev-2020.yaml --maya-package=rundev-2020 --stage-banner
[2022-07-12T21:50:14.695Z] Using Maya cut from P:\shared\Artifactory\Windows\rundev-2020\202107140359\runtime\5d64bf0
[2022-07-12T21:50:14.695Z] Using Maya ADSK Signatures from P:\shared\Artifactory\Windows\adsk-plugin-signatures-maya\2023\c1dbfce
[2022-07-12T21:50:14.695Z] Using Maya Security Library from P:\shared\Artifactory\Windows\maya-security-library\3.1.0\084709f
[2022-07-12T21:50:14.695Z] 
[2022-07-12T21:50:14.695Z] ================================================================================
[2022-07-12T21:50:14.695Z]                            configure (RelWithDebInfo)
[2022-07-12T21:50:14.695Z] ================================================================================
[2022-07-12T21:50:14.695Z] Maya Python RelWithDebInfo Info:
[2022-07-12T21:50:14.695Z]   mayapy executable   = P:\shared\Artifactory\Windows\rundev-2020\202107140359\runtime\5d64bf0\runTime\bin\mayapy.exe
[2022-07-12T21:50:14.695Z]   Include Folder      = P:\shared\Artifactory\Windows\rundev-2020\202107140359\runtime\5d64bf0\runTime\include\Python
[2022-07-12T21:50:14.695Z]   Library             = P:\shared\Artifactory\Windows\rundev-2020\202107140359\runtime\5d64bf0\runTime\lib\python27.lib
[2022-07-12T21:50:14.695Z]   site-package Folder = P:\shared\Artifactory\Windows\rundev-2020\202107140359\runtime\5d64bf0\runTime\Python\Lib\site-packages
[2022-07-12T21:50:15.404Z] In workdir: S:\jenkins\workspace\ECP\ecg-maya-usd\ecg-mayausd-branch-preflight-2020-windows\ecg-maya-usd\maya-usd
[2022-07-12T21:50:15.404Z] Executing: 'P:\\shared\\Artifactory\\Windows\\rundev-2020\\202107140359\\runtime\\5d64bf0\\runTime\\bin\\mayapy.exe' 'S:\\jenkins\\workspace\\ECP\\ecg-maya-usd\\ecg-mayausd-branch-preflight-2020-windows\\ecg-maya-usd\\maya-usd\\build.py' --generator Ninja --build-relwithdebug --maya-location 'P:\\shared\\Artifactory\\Windows\\rundev-2020\\202107140359\\runtime\\5d64bf0\\runTime' --devkit-location 'P:\\shared\\Artifactory\\Windows\\rundev-2020\\202107140359\\runtime\\5d64bf0\\devkitBase' --pxrusd-location 'P:\\shared\\Artifactory\\Windows\\USD\\c1313e5' --qt-location 'P:\\shared\\Artifactory\\Windows\\qt\\5.12.5\\4755980' '--build-args=-DCMAKE_MAKE_PROGRAM=P:/shared/Artifactory/Windows/ninja/1.9.0/c68f192/ninja.exe,-DPYTHON_INCLUDE_DIR=P:/shared/Artifactory/Windows/rundev-2020/202107140359/runtime/5d64bf0/runTime/include/Python,-DPython_EXECUTABLE=P:/shared/Artifactory/Windows/rundev-2020/202107140359/runtime/5d64bf0/runTime/bin/mayapy.exe,-DPYTHON_LIBRARIES=P:/shared/Artifactory/Windows/rundev-2020/202107140359/runtime/5d64bf0/runTime/lib/python27.lib,-DUSD_LIB_PREFIX=,-DCMAKE_WANT_MATERIALX_BUILD=ON,-DCMAKE_PREFIX_PATH=P:\\shared\\Artifactory\\Windows\\USD\\c1313e5' '--ctest-args=-E testUsdReferenceAssemblySelection|testUsdMayaAppDir,-LE interactive,--parallel 16' --stages=configure --redirect-outstream-file=False --install-location 'W:\\install\\RelWithDebInfo\\MayaUSD' 'W:\\'
[2022-07-12T21:50:15.404Z] Modified environment variables:
[2022-07-12T21:50:15.404Z]     PATH=P:\shared\Artifactory\Windows\cmake\3.20.3\afe857a\bin;C:\Python27\lib\site-packages\pywin32_system32;C:\Program Files (x86)\Microsoft Visual Studio\2017\Professional\VC\Tools\MSVC\14.16.27023\bin\HostX64\x64;C:\Program Files (x86)\Microsoft Visual Studio\2017\Professional\Common7\IDE\VC\VCPackages;C:\Program Files (x86)\Microsoft Visual Studio\2017\Professional\Common7\IDE\CommonExtensions\Microsoft\TestWindow;C:\Program Files (x86)\Microsoft Visual Studio\2017\Professional\Common7\IDE\CommonExtensions\Microsoft\TeamFoundation\Team Explorer;C:\Program Files (x86)\Microsoft Visual Studio\2017\Professional\MSBuild\15.0\bin\Roslyn;C:\Program Files (x86)\Microsoft Visual Studio\2017\Professional\Team Tools\Performance Tools\x64;C:\Program Files (x86)\Microsoft Visual Studio\2017\Professional\Team Tools\Performance Tools;C:\Program Files (x86)\Microsoft Visual Studio\Shared\Common\VSPerfCollectionTools\\x64;C:\Program Files (x86)\Microsoft Visual Studio\Shared\Common\VSPerfCollectionTools\;C:\Program Files (x86)\Microsoft SDKs\Windows\v10.0A\bin\NETFX 4.6.1 Tools\x64\;C:\Program Files (x86)\HTML Help Workshop;C:\Program Files (x86)\Windows Kits\10\bin\10.0.18362.0\x64;C:\Program Files (x86)\Windows Kits\10\bin\x64;C:\Program Files (x86)\Microsoft Visual Studio\2017\Professional\\MSBuild\15.0\bin;C:\WINDOWS\Microsoft.NET\Framework64\v4.0.30319;C:\Program Files (x86)\Microsoft Visual Studio\2017\Professional\Common7\IDE\;C:\Program Files (x86)\Microsoft Visual Studio\2017\Professional\Common7\Tools\;C:\Python27\;C:\Python27\Scripts;C:\WINDOWS\system32;C:\WINDOWS;C:\WINDOWS\System32\Wbem;C:\WINDOWS\System32\WindowsPowerShell\v1.0\;C:\WINDOWS\System32\OpenSSH\;C:\ProgramData\chocolatey\bin;C:\Program Files (x86)\WiX Toolset v3.7\bin;C:\Program Files\dotnet\;C:\Program Files (x86)\Windows Kits\10\bin\10.0.18362.0\x64;C:\Program Files\Zulu\zulu-11\bin\;C:\Program Files (x86)\Windows Kits\10\bin\10.0.17763.0\x64;C:\Program Files (x86)\Windows Kits\10\bin\x64;C:\Program Files\Git\cmd;C:\Program Files\Git\usr\bin;C:\Program Files\Git\mingw64\bin;C:\Program Files\Git\bin;C:\Python38\;C:\Python38\Scripts;C:\StoreBoxClientWindows;C:\Program Files\Electric Cloud\ElectricCommander\bin;C:\Program Files\WinRAR;C:\Program Files\7-Zip;C:\Users\Administrator\AppData\Local\Microsoft\WindowsApps;C:\Program Files (x86)\Microsoft Visual Studio\2017\Professional\Common7\IDE\CommonExtensions\Microsoft\CMake\CMake\bin;C:\Program Files (x86)\Microsoft Visual Studio\2017\Professional\Common7\IDE\CommonExtensions\Microsoft\CMake\Ninja
[2022-07-12T21:50:16.121Z]     -- The C compiler identification is MSVC 19.16.27032.1
[2022-07-12T21:50:16.121Z]     -- The CXX compiler identification is MSVC 19.16.27032.1
[2022-07-12T21:50:16.121Z]     -- Detecting C compiler ABI info
[2022-07-12T21:50:17.267Z]     -- Detecting C compiler ABI info - done
[2022-07-12T21:50:17.267Z]     -- Check for working C compiler: C:/Program Files (x86)/Microsoft Visual Studio/2017/Professional/VC/Tools/MSVC/14.16.27023/bin/Hostx64/x64/cl.exe - skipped
[2022-07-12T21:50:17.267Z]     -- Detecting C compile features
[2022-07-12T21:50:17.267Z]     -- Detecting C compile features - done
[2022-07-12T21:50:17.267Z]     -- Detecting CXX compiler ABI info
[2022-07-12T21:50:17.602Z]     -- Detecting CXX compiler ABI info - done
[2022-07-12T21:50:17.602Z]     -- Check for working CXX compiler: C:/Program Files (x86)/Microsoft Visual Studio/2017/Professional/VC/Tools/MSVC/14.16.27023/bin/Hostx64/x64/cl.exe - skipped
[2022-07-12T21:50:17.602Z]     -- Detecting CXX compile features
[2022-07-12T21:50:17.602Z]     -- Detecting CXX compile features - done
[2022-07-12T21:50:17.946Z]     -- Using Maya Light API Version 1
[2022-07-12T21:50:17.946Z]     -- Maya array iterator has difference_type trait
[2022-07-12T21:50:17.946Z]     -- Found Maya: P:/shared/Artifactory/Windows/rundev-2020/202107140359/runtime/5d64bf0/runTime/bin/maya.exe (found suitable version "2020", minimum required is "2018")
[2022-07-12T21:50:18.296Z]     -- Found Python: P:/shared/Artifactory/Windows/rundev-2020/202107140359/runtime/5d64bf0/runTime/bin/mayapy.exe (found suitable exact version "2.7.11") found components: Interpreter
[2022-07-12T21:50:18.296Z]     -- Build MayaUSD with Python3 = OFF
[2022-07-12T21:50:18.296Z]     --    PYTHON_INCLUDE_DIRS = P:/shared/Artifactory/Windows/rundev-2020/202107140359/runtime/5d64bf0/runTime/include/Python
[2022-07-12T21:50:18.296Z]     --    PYTHON_LIBRARIES    = P:/shared/Artifactory/Windows/rundev-2020/202107140359/runtime/5d64bf0/runTime/lib/python27.lib
[2022-07-12T21:50:18.296Z]     --    Python_EXECUTABLE   = P:/shared/Artifactory/Windows/rundev-2020/202107140359/runtime/5d64bf0/runTime/bin/mayapy.exe
[2022-07-12T21:50:18.640Z]     -- USD include dir: P:/shared/Artifactory/Windows/USD/c1313e5/include
[2022-07-12T21:50:18.640Z]     -- USD library dir: P:/shared/Artifactory/Windows/USD/c1313e5/lib
[2022-07-12T21:50:18.640Z]     -- USD version: 0.21.11
[2022-07-12T21:50:18.640Z]     -- USD Boost::boost version: 107000
[2022-07-12T21:50:18.640Z]     -- Found USD: P:/shared/Artifactory/Windows/USD/c1313e5 (found suitable version "0.21.11", minimum required is "0.20.05")
[2022-07-12T21:50:18.640Z]     Updated PYTHONPATH: P:\shared\Artifactory\Windows\USD\c1313e5\lib\python
[2022-07-12T21:50:18.641Z]     Updated PATH: P:\shared\Artifactory\Windows\rundev-2020\202107140359\runtime\5d64bf0\runTime\bin;P:\shared\Artifactory\Windows\cmake\3.20.3\afe857a\bin;C:\Python27\lib\site-packages\pywin32_system32;C:\Program Files (x86)\Microsoft Visual Studio\2017\Professional\VC\Tools\MSVC\14.16.27023\bin\HostX64\x64;C:\Program Files (x86)\Microsoft Visual Studio\2017\Professional\Common7\IDE\VC\VCPackages;C:\Program Files (x86)\Microsoft Visual Studio\2017\Professional\Common7\IDE\CommonExtensions\Microsoft\TestWindow;C:\Program Files (x86)\Microsoft Visual Studio\2017\Professional\Common7\IDE\CommonExtensions\Microsoft\TeamFoundation\Team Explorer;C:\Program Files (x86)\Microsoft Visual Studio\2017\Professional\MSBuild\15.0\bin\Roslyn;C:\Program Files (x86)\Microsoft Visual Studio\2017\Professional\Team Tools\Performance Tools\x64;C:\Program Files (x86)\Microsoft Visual Studio\2017\Professional\Team Tools\Performance Tools;C:\Program Files (x86)\Microsoft Visual Studio\Shared\Common\VSPerfCollectionTools\\x64;C:\Program Files (x86)\Microsoft Visual Studio\Shared\Common\VSPerfCollectionTools\;C:\Program Files (x86)\Microsoft SDKs\Windows\v10.0A\bin\NETFX 4.6.1 Tools\x64\;C:\Program Files (x86)\HTML Help Workshop;C:\Program Files (x86)\Windows Kits\10\bin\10.0.18362.0\x64;C:\Program Files (x86)\Windows Kits\10\bin\x64;C:\Program Files (x86)\Microsoft Visual Studio\2017\Professional\\MSBuild\15.0\bin;C:\WINDOWS\Microsoft.NET\Framework64\v4.0.30319;C:\Program Files (x86)\Microsoft Visual Studio\2017\Professional\Common7\IDE\;C:\Program Files (x86)\Microsoft Visual Studio\2017\Professional\Common7\Tools\;C:\Python27\;C:\Python27\Scripts;C:\WINDOWS\system32;C:\WINDOWS;C:\WINDOWS\System32\Wbem;C:\WINDOWS\System32\WindowsPowerShell\v1.0\;C:\WINDOWS\System32\OpenSSH\;C:\ProgramData\chocolatey\bin;C:\Program Files (x86)\WiX Toolset v3.7\bin;C:\Program Files\dotnet\;C:\Program Files (x86)\Windows Kits\10\bin\10.0.18362.0\x64;C:\Program Files\Zulu\zulu-11\bin\;C:\Program Files (x86)\Windows Kits\10\bin\10.0.17763.0\x64;C:\Program Files (x86)\Windows Kits\10\bin\x64;C:\Program Files\Git\cmd;C:\Program Files\Git\usr\bin;C:\Program Files\Git\mingw64\bin;C:\Program Files\Git\bin;C:\Python38\;C:\Python38\Scripts;C:\StoreBoxClientWindows;C:\Program Files\Electric Cloud\ElectricCommander\bin;C:\Program Files\WinRAR;C:\Program Files\7-Zip;C:\Users\Administrator\AppData\Local\Microsoft\WindowsApps;C:\Program Files (x86)\Microsoft Visual Studio\2017\Professional\Common7\IDE\CommonExtensions\Microsoft\CMake\CMake\bin;C:\Program Files (x86)\Microsoft Visual Studio\2017\Professional\Common7\IDE\CommonExtensions\Microsoft\CMake\Ninja;P:\shared\Artifactory\Windows\USD\c1313e5\bin;P:\shared\Artifactory\Windows\USD\c1313e5\lib
[2022-07-12T21:50:18.641Z]     -- UFE include dir: P:/shared/Artifactory/Windows/rundev-2020/202107140359/runtime/5d64bf0/devkitBase/devkit/ufe/include
[2022-07-12T21:50:18.641Z]     -- UFE library: P:/shared/Artifactory/Windows/rundev-2020/202107140359/runtime/5d64bf0/devkitBase/devkit/ufe/lib/ufe_1.lib
[2022-07-12T21:50:18.641Z]     -- UFE version: 1.0.0
[2022-07-12T21:50:18.641Z]     -- Building with UFE 1.0.0 features enabled.
[2022-07-12T21:50:18.641Z]     CMake Warning at CMakeLists.txt:154 (message):
[2022-07-12T21:50:18.641Z]       Disabling MaterialX VP2 rendering: it is not supported by this version of
[2022-07-12T21:50:18.641Z]       Maya.
[2022-07-12T21:50:18.641Z]     
[2022-07-12T21:50:18.641Z]     
[2022-07-12T21:50:18.976Z]     -- Found MaterialX
[2022-07-12T21:50:18.976Z]     -- Building with Qt features enabled.
[2022-07-12T21:50:18.976Z]     -- **** Building Gulrak From Github Repository.
[2022-07-12T21:50:18.976Z]     -- Populating gulrak
[2022-07-12T21:50:19.308Z]     -- Configuring done
[2022-07-12T21:50:19.308Z]     -- Generating done
[2022-07-12T21:50:19.308Z]     -- Build files have been written to: W:/build/RelWithDebInfo/_deps/gulrak-subbuild
[2022-07-12T21:50:19.308Z]     [1/9] Creating directories for 'gulrak-populate'
[2022-07-12T21:50:19.308Z]     [1/9] Performing download step (git clone) for 'gulrak-populate'
[2022-07-12T21:50:19.641Z]     Cloning into 'gulrak-src'...
[2022-07-12T21:50:20.349Z]     HEAD is now at 4e21ab3 Version bump and updated readme.
[2022-07-12T21:50:21.057Z]     [2/9] Performing update step for 'gulrak-populate'
[2022-07-12T21:50:21.389Z]     [4/9] No patch step for 'gulrak-populate'
[2022-07-12T21:50:21.389Z]     [5/9] No configure step for 'gulrak-populate'
[2022-07-12T21:50:21.389Z]     [6/9] No build step for 'gulrak-populate'
[2022-07-12T21:50:21.726Z]     [7/9] No install step for 'gulrak-populate'
[2022-07-12T21:50:21.726Z]     [8/9] No test step for 'gulrak-populate'
[2022-07-12T21:50:21.726Z]     [9/9] Completed 'gulrak-populate'
[2022-07-12T21:50:22.435Z]     -- ========== Installing GoogleTest... ==========
[2022-07-12T21:50:22.435Z]     -- Configuring done
[2022-07-12T21:50:22.435Z]     -- Generating done
[2022-07-12T21:50:22.435Z]     -- Build files have been written to: W:/build/RelWithDebInfo/googletest-config
[2022-07-12T21:50:22.768Z]     [1/8] Creating directories for 'googletest'
[2022-07-12T21:50:26.525Z]     [2/8] Performing download step (git clone) for 'googletest'
[2022-07-12T21:50:26.525Z]     Cloning into 'googletest-src'...
[2022-07-12T21:50:26.525Z]     HEAD is now at 703bd9ca Googletest export
[2022-07-12T21:50:26.525Z]     [3/8] Performing update step for 'googletest'
[2022-07-12T21:50:26.525Z]     [4/8] No patch step for 'googletest'
[2022-07-12T21:50:28.183Z]     [5/8] Performing configure step for 'googletest'
[2022-07-12T21:50:28.183Z]     CMake Deprecation Warning at CMakeLists.txt:4 (cmake_minimum_required):
[2022-07-12T21:50:28.183Z]       Compatibility with CMake < 2.8.12 will be removed from a future version of
[2022-07-12T21:50:28.183Z]       CMake.
[2022-07-12T21:50:28.510Z]     
[2022-07-12T21:50:28.510Z]       Update the VERSION argument <min> value or use a ...<max> suffix to tell
[2022-07-12T21:50:28.510Z]       CMake that the project does not need compatibility with older versions.
[2022-07-12T21:50:28.510Z]     
[2022-07-12T21:50:28.510Z]     
[2022-07-12T21:50:28.510Z]     -- The C compiler identification is MSVC 19.16.27032.1
[2022-07-12T21:50:28.510Z]     -- The CXX compiler identification is MSVC 19.16.27032.1
[2022-07-12T21:50:28.510Z]     -- Detecting C compiler ABI info
[2022-07-12T21:50:28.510Z]     -- Detecting C compiler ABI info - done
[2022-07-12T21:50:28.510Z]     -- Check for working C compiler: C:/Program Files (x86)/Microsoft Visual Studio/2017/Professional/VC/Tools/MSVC/14.16.27023/bin/Hostx64/x64/cl.exe - skipped
[2022-07-12T21:50:28.510Z]     -- Detecting C compile features
[2022-07-12T21:50:28.510Z]     -- Detecting C compile features - done
[2022-07-12T21:50:28.510Z]     -- Detecting CXX compiler ABI info
[2022-07-12T21:50:28.510Z]     -- Detecting CXX compiler ABI info - done
[2022-07-12T21:50:28.510Z]     -- Check for working CXX compiler: C:/Program Files (x86)/Microsoft Visual Studio/2017/Professional/VC/Tools/MSVC/14.16.27023/bin/Hostx64/x64/cl.exe - skipped
[2022-07-12T21:50:28.510Z]     -- Detecting CXX compile features
[2022-07-12T21:50:28.510Z]     -- Detecting CXX compile features - done
[2022-07-12T21:50:28.510Z]     CMake Deprecation Warning at googletest/CMakeLists.txt:56 (cmake_minimum_required):
[2022-07-12T21:50:28.510Z]       Compatibility with CMake < 2.8.12 will be removed from a future version of
[2022-07-12T21:50:28.510Z]       CMake.
[2022-07-12T21:50:28.510Z]     
[2022-07-12T21:50:28.510Z]       Update the VERSION argument <min> value or use a ...<max> suffix to tell
[2022-07-12T21:50:28.510Z]       CMake that the project does not need compatibility with older versions.
[2022-07-12T21:50:28.510Z]     
[2022-07-12T21:50:28.510Z]     
[2022-07-12T21:50:28.510Z]     -- Found PythonInterp: C:/Python27/python.exe
[2022-07-12T21:50:28.510Z]     -- Looking for pthread.h
[2022-07-12T21:50:28.510Z]     -- Looking for pthread.h - not found
[2022-07-12T21:50:28.510Z]     -- Found Threads: TRUE
[2022-07-12T21:50:28.510Z]     -- Configuring done
[2022-07-12T21:50:28.510Z]     -- Generating done
[2022-07-12T21:50:28.510Z]     -- Build files have been written to: W:/build/RelWithDebInfo/googletest-build
[2022-07-12T21:50:33.331Z]     [6/8] Performing build step for 'googletest'
[2022-07-12T21:50:33.331Z]     [1/4] Building CXX object googletest\CMakeFiles\gtest_main.dir\src\gtest_main.cc.obj
[2022-07-12T21:50:33.331Z]     [2/4] Building CXX object googletest\CMakeFiles\gtest.dir\src\gtest-all.cc.obj
[2022-07-12T21:50:33.331Z]     [3/4] Linking CXX shared library bin\gtest.dll
[2022-07-12T21:50:33.331Z]     [4/4] Linking CXX shared library bin\gtest_main.dll
[2022-07-12T21:50:33.664Z]     [7/8] Performing install step for 'googletest'
[2022-07-12T21:50:33.664Z]     [0/1] Install the project...
[2022-07-12T21:50:33.664Z]     -- Install configuration: "RelWithDebInfo"
[2022-07-12T21:50:33.664Z]     -- Installing: W:/build/RelWithDebInfo/googletest-install/lib/cmake/GTest/GTestTargets.cmake
[2022-07-12T21:50:33.664Z]     -- Installing: W:/build/RelWithDebInfo/googletest-install/lib/cmake/GTest/GTestTargets-relwithdebinfo.cmake
[2022-07-12T21:50:33.664Z]     -- Installing: W:/build/RelWithDebInfo/googletest-install/lib/cmake/GTest/GTestConfigVersion.cmake
[2022-07-12T21:50:33.664Z]     -- Installing: W:/build/RelWithDebInfo/googletest-install/lib/cmake/GTest/GTestConfig.cmake
[2022-07-12T21:50:33.664Z]     -- Installing: W:/build/RelWithDebInfo/googletest-install/include
[2022-07-12T21:50:33.664Z]     -- Installing: W:/build/RelWithDebInfo/googletest-install/include/gtest
[2022-07-12T21:50:33.664Z]     -- Installing: W:/build/RelWithDebInfo/googletest-install/include/gtest/gtest-death-test.h
[2022-07-12T21:50:33.664Z]     -- Installing: W:/build/RelWithDebInfo/googletest-install/include/gtest/gtest-matchers.h
[2022-07-12T21:50:33.664Z]     -- Installing: W:/build/RelWithDebInfo/googletest-install/include/gtest/gtest-message.h
[2022-07-12T21:50:33.664Z]     -- Installing: W:/build/RelWithDebInfo/googletest-install/include/gtest/gtest-param-test.h
[2022-07-12T21:50:33.664Z]     -- Installing: W:/build/RelWithDebInfo/googletest-install/include/gtest/gtest-printers.h
[2022-07-12T21:50:33.664Z]     -- Installing: W:/build/RelWithDebInfo/googletest-install/include/gtest/gtest-spi.h
[2022-07-12T21:50:33.664Z]     -- Installing: W:/build/RelWithDebInfo/googletest-install/include/gtest/gtest-test-part.h
[2022-07-12T21:50:33.664Z]     -- Installing: W:/build/RelWithDebInfo/googletest-install/include/gtest/gtest-typed-test.h
[2022-07-12T21:50:33.664Z]     -- Installing: W:/build/RelWithDebInfo/googletest-install/include/gtest/gtest.h
[2022-07-12T21:50:33.664Z]     -- Installing: W:/build/RelWithDebInfo/googletest-install/include/gtest/gtest_pred_impl.h
[2022-07-12T21:50:33.664Z]     -- Installing: W:/build/RelWithDebInfo/googletest-install/include/gtest/gtest_prod.h
[2022-07-12T21:50:33.664Z]     -- Installing: W:/build/RelWithDebInfo/googletest-install/include/gtest/internal
[2022-07-12T21:50:33.664Z]     -- Installing: W:/build/RelWithDebInfo/googletest-install/include/gtest/internal/custom
[2022-07-12T21:50:33.664Z]     -- Installing: W:/build/RelWithDebInfo/googletest-install/include/gtest/internal/custom/gtest-port.h
[2022-07-12T21:50:33.664Z]     -- Installing: W:/build/RelWithDebInfo/googletest-install/include/gtest/internal/custom/gtest-printers.h
[2022-07-12T21:50:33.664Z]     -- Installing: W:/build/RelWithDebInfo/googletest-install/include/gtest/internal/custom/gtest.h
[2022-07-12T21:50:33.664Z]     -- Installing: W:/build/RelWithDebInfo/googletest-install/include/gtest/internal/custom/README.md
[2022-07-12T21:50:33.664Z]     -- Installing: W:/build/RelWithDebInfo/googletest-install/include/gtest/internal/gtest-death-test-internal.h
[2022-07-12T21:50:33.664Z]     -- Installing: W:/build/RelWithDebInfo/googletest-install/include/gtest/internal/gtest-filepath.h
[2022-07-12T21:50:33.664Z]     -- Installing: W:/build/RelWithDebInfo/googletest-install/include/gtest/internal/gtest-internal.h
[2022-07-12T21:50:33.664Z]     -- Installing: W:/build/RelWithDebInfo/googletest-install/include/gtest/internal/gtest-param-util.h
[2022-07-12T21:50:33.664Z]     -- Installing: W:/build/RelWithDebInfo/googletest-install/include/gtest/internal/gtest-port-arch.h
[2022-07-12T21:50:33.664Z]     -- Installing: W:/build/RelWithDebInfo/googletest-install/include/gtest/internal/gtest-port.h
[2022-07-12T21:50:33.664Z]     -- Installing: W:/build/RelWithDebInfo/googletest-install/include/gtest/internal/gtest-string.h
[2022-07-12T21:50:33.664Z]     -- Installing: W:/build/RelWithDebInfo/googletest-install/include/gtest/internal/gtest-type-util.h
[2022-07-12T21:50:33.664Z]     -- Installing: W:/build/RelWithDebInfo/googletest-install/include/gtest/internal/gtest-type-util.h.pump
[2022-07-12T21:50:33.664Z]     -- Installing: W:/build/RelWithDebInfo/googletest-install/lib/gtest.lib
[2022-07-12T21:50:33.664Z]     -- Installing: W:/build/RelWithDebInfo/googletest-install/bin/gtest.dll
[2022-07-12T21:50:33.664Z]     -- Installing: W:/build/RelWithDebInfo/googletest-install/lib/gtest_main.lib
[2022-07-12T21:50:33.664Z]     -- Installing: W:/build/RelWithDebInfo/googletest-install/bin/gtest_main.dll
[2022-07-12T21:50:33.664Z]     -- Installing: W:/build/RelWithDebInfo/googletest-install/lib/pkgconfig/gtest.pc
[2022-07-12T21:50:33.664Z]     -- Installing: W:/build/RelWithDebInfo/googletest-install/lib/pkgconfig/gtest_main.pc
[2022-07-12T21:50:33.664Z]     [8/8] Completed 'googletest'
[2022-07-12T21:50:33.664Z]     -- ========== ...  GoogleTest installed. ==========
[2022-07-12T21:50:34.811Z]     -- MAYA_HAS_DEFAULT_MATERIAL_API is FALSE
[2022-07-12T21:50:34.811Z]     -- MAYA_NEW_POINT_SNAPPING_SUPPORT is FALSE
[2022-07-12T21:50:34.811Z]     -- MAYA_HAS_CRASH_DETECTION is FALSE
[2022-07-12T21:50:34.811Z]     -- MAYA_CURRENT_UFE_CAMERA_SUPPORT is FALSE
[2022-07-12T21:50:34.811Z]     -- MAYA_MRENDERITEM_UFE_IDENTIFIER_SUPPORT is FALSE
[2022-07-12T21:50:34.811Z]     -- MAYA_UPDATE_UFE_IDENTIFIER_SUPPORT is FALSE
[2022-07-12T21:50:34.811Z]     -- MAYA_HAS_DISPLAY_STYLE_ALL_VIEWPORTS is FALSE
[2022-07-12T21:50:34.811Z]     -- MAYA_ARRAY_ITERATOR_DIFFERENCE_TYPE_SUPPORT is TRUE
[2022-07-12T21:50:34.811Z]     -- MAYA_HAS_GET_MEMBER_PATHS is FALSE
[2022-07-12T21:50:34.811Z]     -- USD_HAS_COLOR4_SDR_SUPPORT is FALSE
[2022-07-12T21:50:34.811Z]     -- MAYA_HAS_DISPLAY_LAYER_API is FALSE
[2022-07-12T21:50:34.811Z]     -- MAYA_HAS_NEW_DISPLAY_LAYER_MESSAGING_API is FALSE
[2022-07-12T21:50:34.811Z]     -- promoting: S:/jenkins/workspace/ECP/ecg-maya-usd/ecg-mayausd-branch-preflight-2020-windows/ecg-maya-usd/maya-usd/lib/mayaUsd/base/mayaUsd.h.src
[2022-07-12T21:50:34.811Z]     -- promoting: S:/jenkins/workspace/ECP/ecg-maya-usd/ecg-mayausd-branch-preflight-2020-windows/ecg-maya-usd/maya-usd/lib/mayaUsd/base/api.h
[2022-07-12T21:50:34.811Z]     -- promoting: S:/jenkins/workspace/ECP/ecg-maya-usd/ecg-mayausd-branch-preflight-2020-windows/ecg-maya-usd/maya-usd/lib/mayaUsd/base/debugCodes.h
[2022-07-12T21:50:34.811Z]     -- promoting: S:/jenkins/workspace/ECP/ecg-maya-usd/ecg-mayausd-branch-preflight-2020-windows/ecg-maya-usd/maya-usd/lib/mayaUsd/base/id.h
[2022-07-12T21:50:34.811Z]     -- promoting: S:/jenkins/workspace/ECP/ecg-maya-usd/ecg-mayausd-branch-preflight-2020-windows/ecg-maya-usd/maya-usd/lib/mayaUsd/base/syncId.h
[2022-07-12T21:50:34.811Z]     -- promoting: S:/jenkins/workspace/ECP/ecg-maya-usd/ecg-mayausd-branch-preflight-2020-windows/ecg-maya-usd/maya-usd/lib/mayaUsd/base/tokens.h
[2022-07-12T21:50:34.811Z]     -- promoting: S:/jenkins/workspace/ECP/ecg-maya-usd/ecg-mayausd-branch-preflight-2020-windows/ecg-maya-usd/maya-usd/lib/mayaUsd/commands/abstractLayerEditorWindow.h
[2022-07-12T21:50:34.811Z]     -- promoting: S:/jenkins/workspace/ECP/ecg-maya-usd/ecg-mayausd-branch-preflight-2020-windows/ecg-maya-usd/maya-usd/lib/mayaUsd/commands/baseExportCommand.h
[2022-07-12T21:50:34.811Z]     -- promoting: S:/jenkins/workspace/ECP/ecg-maya-usd/ecg-mayausd-branch-preflight-2020-windows/ecg-maya-usd/maya-usd/lib/mayaUsd/commands/baseImportCommand.h
[2022-07-12T21:50:34.811Z]     -- promoting: S:/jenkins/workspace/ECP/ecg-maya-usd/ecg-mayausd-branch-preflight-2020-windows/ecg-maya-usd/maya-usd/lib/mayaUsd/commands/baseListJobContextsCommand.h
[2022-07-12T21:50:34.811Z]     -- promoting: S:/jenkins/workspace/ECP/ecg-maya-usd/ecg-mayausd-branch-preflight-2020-windows/ecg-maya-usd/maya-usd/lib/mayaUsd/commands/baseListShadingModesCommand.h
[2022-07-12T21:50:34.811Z]     -- promoting: S:/jenkins/workspace/ECP/ecg-maya-usd/ecg-mayausd-branch-preflight-2020-windows/ecg-maya-usd/maya-usd/lib/mayaUsd/commands/editTargetCommand.h
[2022-07-12T21:50:34.811Z]     -- promoting: S:/jenkins/workspace/ECP/ecg-maya-usd/ecg-mayausd-branch-preflight-2020-windows/ecg-maya-usd/maya-usd/lib/mayaUsd/commands/layerEditorCommand.h
[2022-07-12T21:50:34.811Z]     -- promoting: S:/jenkins/workspace/ECP/ecg-maya-usd/ecg-mayausd-branch-preflight-2020-windows/ecg-maya-usd/maya-usd/lib/mayaUsd/commands/layerEditorWindowCommand.h
[2022-07-12T21:50:34.811Z]     -- promoting: S:/jenkins/workspace/ECP/ecg-maya-usd/ecg-mayausd-branch-preflight-2020-windows/ecg-maya-usd/maya-usd/lib/mayaUsd/fileio/fallbackPrimReader.h
[2022-07-12T21:50:34.811Z]     -- promoting: S:/jenkins/workspace/ECP/ecg-maya-usd/ecg-mayausd-branch-preflight-2020-windows/ecg-maya-usd/maya-usd/lib/mayaUsd/fileio/functorPrimReader.h
[2022-07-12T21:50:34.811Z]     -- promoting: S:/jenkins/workspace/ECP/ecg-maya-usd/ecg-mayausd-branch-preflight-2020-windows/ecg-maya-usd/maya-usd/lib/mayaUsd/fileio/functorPrimWriter.h
[2022-07-12T21:50:34.811Z]     -- promoting: S:/jenkins/workspace/ECP/ecg-maya-usd/ecg-mayausd-branch-preflight-2020-windows/ecg-maya-usd/maya-usd/lib/mayaUsd/fileio/importData.h
[2022-07-12T21:50:34.811Z]     -- promoting: S:/jenkins/workspace/ECP/ecg-maya-usd/ecg-mayausd-branch-preflight-2020-windows/ecg-maya-usd/maya-usd/lib/mayaUsd/fileio/instancedNodeWriter.h
[2022-07-12T21:50:34.812Z]     -- promoting: S:/jenkins/workspace/ECP/ecg-maya-usd/ecg-mayausd-branch-preflight-2020-windows/ecg-maya-usd/maya-usd/lib/mayaUsd/fileio/jobContextRegistry.h
[2022-07-12T21:50:34.812Z]     -- promoting: S:/jenkins/workspace/ECP/ecg-maya-usd/ecg-mayausd-branch-preflight-2020-windows/ecg-maya-usd/maya-usd/lib/mayaUsd/fileio/primReader.h
[2022-07-12T21:50:34.812Z]     -- promoting: S:/jenkins/workspace/ECP/ecg-maya-usd/ecg-mayausd-branch-preflight-2020-windows/ecg-maya-usd/maya-usd/lib/mayaUsd/fileio/primReaderArgs.h
[2022-07-12T21:50:34.812Z]     -- promoting: S:/jenkins/workspace/ECP/ecg-maya-usd/ecg-mayausd-branch-preflight-2020-windows/ecg-maya-usd/maya-usd/lib/mayaUsd/fileio/primReaderContext.h
[2022-07-12T21:50:34.812Z]     -- promoting: S:/jenkins/workspace/ECP/ecg-maya-usd/ecg-mayausd-branch-preflight-2020-windows/ecg-maya-usd/maya-usd/lib/mayaUsd/fileio/primReaderRegistry.h
[2022-07-12T21:50:34.812Z]     -- promoting: S:/jenkins/workspace/ECP/ecg-maya-usd/ecg-mayausd-branch-preflight-2020-windows/ecg-maya-usd/maya-usd/lib/mayaUsd/fileio/primWriter.h
[2022-07-12T21:50:34.812Z]     -- promoting: S:/jenkins/workspace/ECP/ecg-maya-usd/ecg-mayausd-branch-preflight-2020-windows/ecg-maya-usd/maya-usd/lib/mayaUsd/fileio/primWriterArgs.h
[2022-07-12T21:50:34.812Z]     -- promoting: S:/jenkins/workspace/ECP/ecg-maya-usd/ecg-mayausd-branch-preflight-2020-windows/ecg-maya-usd/maya-usd/lib/mayaUsd/fileio/primWriterContext.h
[2022-07-12T21:50:34.812Z]     -- promoting: S:/jenkins/workspace/ECP/ecg-maya-usd/ecg-mayausd-branch-preflight-2020-windows/ecg-maya-usd/maya-usd/lib/mayaUsd/fileio/primWriterRegistry.h
[2022-07-12T21:50:34.812Z]     -- promoting: S:/jenkins/workspace/ECP/ecg-maya-usd/ecg-mayausd-branch-preflight-2020-windows/ecg-maya-usd/maya-usd/lib/mayaUsd/fileio/registryHelper.h
[2022-07-12T21:50:34.812Z]     -- promoting: S:/jenkins/workspace/ECP/ecg-maya-usd/ecg-mayausd-branch-preflight-2020-windows/ecg-maya-usd/maya-usd/lib/mayaUsd/fileio/schemaApiAdaptor.h
[2022-07-12T21:50:34.812Z]     -- promoting: S:/jenkins/workspace/ECP/ecg-maya-usd/ecg-mayausd-branch-preflight-2020-windows/ecg-maya-usd/maya-usd/lib/mayaUsd/fileio/schemaApiAdaptorRegistry.h
[2022-07-12T21:50:34.812Z]     -- promoting: S:/jenkins/workspace/ECP/ecg-maya-usd/ecg-mayausd-branch-preflight-2020-windows/ecg-maya-usd/maya-usd/lib/mayaUsd/fileio/shaderReader.h
[2022-07-12T21:50:34.812Z]     -- promoting: S:/jenkins/workspace/ECP/ecg-maya-usd/ecg-mayausd-branch-preflight-2020-windows/ecg-maya-usd/maya-usd/lib/mayaUsd/fileio/shaderReaderRegistry.h
[2022-07-12T21:50:34.812Z]     -- promoting: S:/jenkins/workspace/ECP/ecg-maya-usd/ecg-mayausd-branch-preflight-2020-windows/ecg-maya-usd/maya-usd/lib/mayaUsd/fileio/shaderWriter.h
[2022-07-12T21:50:34.812Z]     -- promoting: S:/jenkins/workspace/ECP/ecg-maya-usd/ecg-mayausd-branch-preflight-2020-windows/ecg-maya-usd/maya-usd/lib/mayaUsd/fileio/shaderWriterRegistry.h
[2022-07-12T21:50:34.812Z]     -- promoting: S:/jenkins/workspace/ECP/ecg-maya-usd/ecg-mayausd-branch-preflight-2020-windows/ecg-maya-usd/maya-usd/lib/mayaUsd/fileio/transformWriter.h
[2022-07-12T21:50:34.812Z]     -- promoting: S:/jenkins/workspace/ECP/ecg-maya-usd/ecg-mayausd-branch-preflight-2020-windows/ecg-maya-usd/maya-usd/lib/mayaUsd/fileio/writeJobContext.h
[2022-07-12T21:50:34.812Z]     -- promoting: S:/jenkins/workspace/ECP/ecg-maya-usd/ecg-mayausd-branch-preflight-2020-windows/ecg-maya-usd/maya-usd/lib/mayaUsd/fileio/chaser/exportChaser.h
[2022-07-12T21:50:34.812Z]     -- promoting: S:/jenkins/workspace/ECP/ecg-maya-usd/ecg-mayausd-branch-preflight-2020-windows/ecg-maya-usd/maya-usd/lib/mayaUsd/fileio/chaser/exportChaserRegistry.h
[2022-07-12T21:50:34.812Z]     -- promoting: S:/jenkins/workspace/ECP/ecg-maya-usd/ecg-mayausd-branch-preflight-2020-windows/ecg-maya-usd/maya-usd/lib/mayaUsd/fileio/chaser/importChaserRegistry.h
[2022-07-12T21:50:34.812Z]     -- promoting: S:/jenkins/workspace/ECP/ecg-maya-usd/ecg-mayausd-branch-preflight-2020-windows/ecg-maya-usd/maya-usd/lib/mayaUsd/fileio/chaser/importChaser.h
[2022-07-12T21:50:34.812Z]     -- promoting: S:/jenkins/workspace/ECP/ecg-maya-usd/ecg-mayausd-branch-preflight-2020-windows/ecg-maya-usd/maya-usd/lib/mayaUsd/fileio/jobs/jobArgs.h
[2022-07-12T21:50:34.812Z]     -- promoting: S:/jenkins/workspace/ECP/ecg-maya-usd/ecg-mayausd-branch-preflight-2020-windows/ecg-maya-usd/maya-usd/lib/mayaUsd/fileio/jobs/meshDataReadJob.h
[2022-07-12T21:50:34.812Z]     -- promoting: S:/jenkins/workspace/ECP/ecg-maya-usd/ecg-mayausd-branch-preflight-2020-windows/ecg-maya-usd/maya-usd/lib/mayaUsd/fileio/jobs/modelKindProcessor.h
[2022-07-12T21:50:34.812Z]     -- promoting: S:/jenkins/workspace/ECP/ecg-maya-usd/ecg-mayausd-branch-preflight-2020-windows/ecg-maya-usd/maya-usd/lib/mayaUsd/fileio/jobs/readJob.h
[2022-07-12T21:50:34.812Z]     -- promoting: S:/jenkins/workspace/ECP/ecg-maya-usd/ecg-mayausd-branch-preflight-2020-windows/ecg-maya-usd/maya-usd/lib/mayaUsd/fileio/jobs/writeJob.h
[2022-07-12T21:50:34.812Z]     -- promoting: S:/jenkins/workspace/ECP/ecg-maya-usd/ecg-mayausd-branch-preflight-2020-windows/ecg-maya-usd/maya-usd/lib/mayaUsd/fileio/shading/rfmShaderMap.h
[2022-07-12T21:50:34.812Z]     -- promoting: S:/jenkins/workspace/ECP/ecg-maya-usd/ecg-mayausd-branch-preflight-2020-windows/ecg-maya-usd/maya-usd/lib/mayaUsd/fileio/shading/shadingModeExporter.h
[2022-07-12T21:50:34.812Z]     -- promoting: S:/jenkins/workspace/ECP/ecg-maya-usd/ecg-mayausd-branch-preflight-2020-windows/ecg-maya-usd/maya-usd/lib/mayaUsd/fileio/shading/shadingModeExporterContext.h
[2022-07-12T21:50:34.812Z]     -- promoting: S:/jenkins/workspace/ECP/ecg-maya-usd/ecg-mayausd-branch-preflight-2020-windows/ecg-maya-usd/maya-usd/lib/mayaUsd/fileio/shading/shadingModeImporter.h
[2022-07-12T21:50:34.812Z]     -- promoting: S:/jenkins/workspace/ECP/ecg-maya-usd/ecg-mayausd-branch-preflight-2020-windows/ecg-maya-usd/maya-usd/lib/mayaUsd/fileio/shading/shadingModeRegistry.h
[2022-07-12T21:50:34.812Z]     -- promoting: S:/jenkins/workspace/ECP/ecg-maya-usd/ecg-mayausd-branch-preflight-2020-windows/ecg-maya-usd/maya-usd/lib/mayaUsd/fileio/shading/symmetricShaderReader.h
[2022-07-12T21:50:34.812Z]     -- promoting: S:/jenkins/workspace/ECP/ecg-maya-usd/ecg-mayausd-branch-preflight-2020-windows/ecg-maya-usd/maya-usd/lib/mayaUsd/fileio/shading/symmetricShaderWriter.h
[2022-07-12T21:50:34.812Z]     -- promoting: S:/jenkins/workspace/ECP/ecg-maya-usd/ecg-mayausd-branch-preflight-2020-windows/ecg-maya-usd/maya-usd/lib/mayaUsd/fileio/translators/skelBindingsProcessor.h
[2022-07-12T21:50:34.812Z]     -- promoting: S:/jenkins/workspace/ECP/ecg-maya-usd/ecg-mayausd-branch-preflight-2020-windows/ecg-maya-usd/maya-usd/lib/mayaUsd/fileio/translators/translatorCamera.h
[2022-07-12T21:50:34.812Z]     -- promoting: S:/jenkins/workspace/ECP/ecg-maya-usd/ecg-mayausd-branch-preflight-2020-windows/ecg-maya-usd/maya-usd/lib/mayaUsd/fileio/translators/translatorCurves.h
[2022-07-12T21:50:34.812Z]     -- promoting: S:/jenkins/workspace/ECP/ecg-maya-usd/ecg-mayausd-branch-preflight-2020-windows/ecg-maya-usd/maya-usd/lib/mayaUsd/fileio/translators/translatorGprim.h
[2022-07-12T21:50:34.812Z]     -- promoting: S:/jenkins/workspace/ECP/ecg-maya-usd/ecg-mayausd-branch-preflight-2020-windows/ecg-maya-usd/maya-usd/lib/mayaUsd/fileio/translators/translatorLight.h
[2022-07-12T21:50:34.812Z]     -- promoting: S:/jenkins/workspace/ECP/ecg-maya-usd/ecg-mayausd-branch-preflight-2020-windows/ecg-maya-usd/maya-usd/lib/mayaUsd/fileio/translators/translatorMaterial.h
[2022-07-12T21:50:34.812Z]     -- promoting: S:/jenkins/workspace/ECP/ecg-maya-usd/ecg-mayausd-branch-preflight-2020-windows/ecg-maya-usd/maya-usd/lib/mayaUsd/fileio/translators/translatorMayaReference.h
[2022-07-12T21:50:34.812Z]     -- promoting: S:/jenkins/workspace/ECP/ecg-maya-usd/ecg-mayausd-branch-preflight-2020-windows/ecg-maya-usd/maya-usd/lib/mayaUsd/fileio/translators/translatorMesh.h
[2022-07-12T21:50:34.812Z]     -- promoting: S:/jenkins/workspace/ECP/ecg-maya-usd/ecg-mayausd-branch-preflight-2020-windows/ecg-maya-usd/maya-usd/lib/mayaUsd/fileio/translators/translatorNurbsPatch.h
[2022-07-12T21:50:34.812Z]     -- promoting: S:/jenkins/workspace/ECP/ecg-maya-usd/ecg-mayausd-branch-preflight-2020-windows/ecg-maya-usd/maya-usd/lib/mayaUsd/fileio/translators/translatorPrim.h
[2022-07-12T21:50:34.812Z]     -- promoting: S:/jenkins/workspace/ECP/ecg-maya-usd/ecg-mayausd-branch-preflight-2020-windows/ecg-maya-usd/maya-usd/lib/mayaUsd/fileio/translators/translatorRfMLight.h
[2022-07-12T21:50:34.812Z]     -- promoting: S:/jenkins/workspace/ECP/ecg-maya-usd/ecg-mayausd-branch-preflight-2020-windows/ecg-maya-usd/maya-usd/lib/mayaUsd/fileio/translators/translatorSkel.h
[2022-07-12T21:50:34.812Z]     -- promoting: S:/jenkins/workspace/ECP/ecg-maya-usd/ecg-mayausd-branch-preflight-2020-windows/ecg-maya-usd/maya-usd/lib/mayaUsd/fileio/translators/translatorUtil.h
[2022-07-12T21:50:34.812Z]     -- promoting: S:/jenkins/workspace/ECP/ecg-maya-usd/ecg-mayausd-branch-preflight-2020-windows/ecg-maya-usd/maya-usd/lib/mayaUsd/fileio/translators/translatorXformable.h
[2022-07-12T21:50:34.812Z]     -- promoting: S:/jenkins/workspace/ECP/ecg-maya-usd/ecg-mayausd-branch-preflight-2020-windows/ecg-maya-usd/maya-usd/lib/mayaUsd/fileio/utils/adaptor.h
[2022-07-12T21:50:34.812Z]     -- promoting: S:/jenkins/workspace/ECP/ecg-maya-usd/ecg-mayausd-branch-preflight-2020-windows/ecg-maya-usd/maya-usd/lib/mayaUsd/fileio/utils/jointWriteUtils.h
[2022-07-12T21:50:34.812Z]     -- promoting: S:/jenkins/workspace/ECP/ecg-maya-usd/ecg-mayausd-branch-preflight-2020-windows/ecg-maya-usd/maya-usd/lib/mayaUsd/fileio/utils/meshReadUtils.h
[2022-07-12T21:50:34.812Z]     -- promoting: S:/jenkins/workspace/ECP/ecg-maya-usd/ecg-mayausd-branch-preflight-2020-windows/ecg-maya-usd/maya-usd/lib/mayaUsd/fileio/utils/meshWriteUtils.h
[2022-07-12T21:50:34.812Z]     -- promoting: S:/jenkins/workspace/ECP/ecg-maya-usd/ecg-mayausd-branch-preflight-2020-windows/ecg-maya-usd/maya-usd/lib/mayaUsd/fileio/utils/readUtil.h
[2022-07-12T21:50:34.812Z]     -- promoting: S:/jenkins/workspace/ECP/ecg-maya-usd/ecg-mayausd-branch-preflight-2020-windows/ecg-maya-usd/maya-usd/lib/mayaUsd/fileio/utils/roundTripUtil.h
[2022-07-12T21:50:34.812Z]     -- promoting: S:/jenkins/workspace/ECP/ecg-maya-usd/ecg-mayausd-branch-preflight-2020-windows/ecg-maya-usd/maya-usd/lib/mayaUsd/fileio/utils/shadingUtil.h
[2022-07-12T21:50:34.812Z]     -- promoting: S:/jenkins/workspace/ECP/ecg-maya-usd/ecg-mayausd-branch-preflight-2020-windows/ecg-maya-usd/maya-usd/lib/mayaUsd/fileio/utils/userTaggedAttribute.h
[2022-07-12T21:50:34.812Z]     -- promoting: S:/jenkins/workspace/ECP/ecg-maya-usd/ecg-mayausd-branch-preflight-2020-windows/ecg-maya-usd/maya-usd/lib/mayaUsd/fileio/utils/writeUtil.h
[2022-07-12T21:50:34.812Z]     -- promoting: S:/jenkins/workspace/ECP/ecg-maya-usd/ecg-mayausd-branch-preflight-2020-windows/ecg-maya-usd/maya-usd/lib/mayaUsd/fileio/utils/xformStack.h
[2022-07-12T21:50:34.812Z]     -- promoting: S:/jenkins/workspace/ECP/ecg-maya-usd/ecg-mayausd-branch-preflight-2020-windows/ecg-maya-usd/maya-usd/lib/mayaUsd/listeners/notice.h
[2022-07-12T21:50:34.812Z]     -- promoting: S:/jenkins/workspace/ECP/ecg-maya-usd/ecg-mayausd-branch-preflight-2020-windows/ecg-maya-usd/maya-usd/lib/mayaUsd/listeners/proxyShapeNotice.h
[2022-07-12T21:50:34.812Z]     -- promoting: S:/jenkins/workspace/ECP/ecg-maya-usd/ecg-mayausd-branch-preflight-2020-windows/ecg-maya-usd/maya-usd/lib/mayaUsd/listeners/stageNoticeListener.h
[2022-07-12T21:50:34.812Z]     -- promoting: S:/jenkins/workspace/ECP/ecg-maya-usd/ecg-mayausd-branch-preflight-2020-windows/ecg-maya-usd/maya-usd/lib/mayaUsd/nodes/hdImagingShape.h
[2022-07-12T21:50:34.812Z]     -- promoting: S:/jenkins/workspace/ECP/ecg-maya-usd/ecg-mayausd-branch-preflight-2020-windows/ecg-maya-usd/maya-usd/lib/mayaUsd/nodes/pointBasedDeformerNode.h
[2022-07-12T21:50:34.812Z]     -- promoting: S:/jenkins/workspace/ECP/ecg-maya-usd/ecg-mayausd-branch-preflight-2020-windows/ecg-maya-usd/maya-usd/lib/mayaUsd/nodes/proxyAccessor.h
[2022-07-12T21:50:34.812Z]     -- promoting: S:/jenkins/workspace/ECP/ecg-maya-usd/ecg-mayausd-branch-preflight-2020-windows/ecg-maya-usd/maya-usd/lib/mayaUsd/nodes/proxyShapeBase.h
[2022-07-12T21:50:34.812Z]     -- promoting: S:/jenkins/workspace/ECP/ecg-maya-usd/ecg-mayausd-branch-preflight-2020-windows/ecg-maya-usd/maya-usd/lib/mayaUsd/nodes/proxyShapeLoadRules.h
[2022-07-12T21:50:34.812Z]     -- promoting: S:/jenkins/workspace/ECP/ecg-maya-usd/ecg-mayausd-branch-preflight-2020-windows/ecg-maya-usd/maya-usd/lib/mayaUsd/nodes/proxyShapePlugin.h
[2022-07-12T21:50:34.812Z]     -- promoting: S:/jenkins/workspace/ECP/ecg-maya-usd/ecg-mayausd-branch-preflight-2020-windows/ecg-maya-usd/maya-usd/lib/mayaUsd/nodes/proxyStageProvider.h
[2022-07-12T21:50:34.812Z]     -- promoting: S:/jenkins/workspace/ECP/ecg-maya-usd/ecg-mayausd-branch-preflight-2020-windows/ecg-maya-usd/maya-usd/lib/mayaUsd/nodes/stageData.h
[2022-07-12T21:50:34.812Z]     -- promoting: S:/jenkins/workspace/ECP/ecg-maya-usd/ecg-mayausd-branch-preflight-2020-windows/ecg-maya-usd/maya-usd/lib/mayaUsd/nodes/stageNode.h
[2022-07-12T21:50:34.812Z]     -- promoting: S:/jenkins/workspace/ECP/ecg-maya-usd/ecg-mayausd-branch-preflight-2020-windows/ecg-maya-usd/maya-usd/lib/mayaUsd/nodes/usdPrimProvider.h
[2022-07-12T21:50:34.812Z]     -- promoting: S:/jenkins/workspace/ECP/ecg-maya-usd/ecg-mayausd-branch-preflight-2020-windows/ecg-maya-usd/maya-usd/lib/mayaUsd/nodes/layerManager.h
[2022-07-12T21:50:34.812Z]     -- promoting: S:/jenkins/workspace/ECP/ecg-maya-usd/ecg-mayausd-branch-preflight-2020-windows/ecg-maya-usd/maya-usd/lib/mayaUsd/render/px_vp20/glslProgram.h
[2022-07-12T21:50:34.812Z]     -- promoting: S:/jenkins/workspace/ECP/ecg-maya-usd/ecg-mayausd-branch-preflight-2020-windows/ecg-maya-usd/maya-usd/lib/mayaUsd/render/px_vp20/utils.h
[2022-07-12T21:50:34.812Z]     -- promoting: S:/jenkins/workspace/ECP/ecg-maya-usd/ecg-mayausd-branch-preflight-2020-windows/ecg-maya-usd/maya-usd/lib/mayaUsd/render/px_vp20/utils_legacy.h
[2022-07-12T21:50:34.812Z]     -- promoting: S:/jenkins/workspace/ECP/ecg-maya-usd/ecg-mayausd-branch-preflight-2020-windows/ecg-maya-usd/maya-usd/lib/mayaUsd/render/pxrUsdMayaGL/batchRenderer.h
[2022-07-12T21:50:34.812Z]     -- promoting: S:/jenkins/workspace/ECP/ecg-maya-usd/ecg-mayausd-branch-preflight-2020-windows/ecg-maya-usd/maya-usd/lib/mayaUsd/render/pxrUsdMayaGL/debugCodes.h
[2022-07-12T21:50:34.812Z]     -- promoting: S:/jenkins/workspace/ECP/ecg-maya-usd/ecg-mayausd-branch-preflight-2020-windows/ecg-maya-usd/maya-usd/lib/mayaUsd/render/pxrUsdMayaGL/hdImagingShapeDrawOverride.h
[2022-07-12T21:50:34.812Z]     -- promoting: S:/jenkins/workspace/ECP/ecg-maya-usd/ecg-mayausd-branch-preflight-2020-windows/ecg-maya-usd/maya-usd/lib/mayaUsd/render/pxrUsdMayaGL/hdImagingShapeUI.h
[2022-07-12T21:50:34.812Z]     -- promoting: S:/jenkins/workspace/ECP/ecg-maya-usd/ecg-mayausd-branch-preflight-2020-windows/ecg-maya-usd/maya-usd/lib/mayaUsd/render/pxrUsdMayaGL/instancerImager.h
[2022-07-12T21:50:34.812Z]     -- promoting: S:/jenkins/workspace/ECP/ecg-maya-usd/ecg-mayausd-branch-preflight-2020-windows/ecg-maya-usd/maya-usd/lib/mayaUsd/render/pxrUsdMayaGL/instancerShapeAdapter.h
[2022-07-12T21:50:34.812Z]     -- promoting: S:/jenkins/workspace/ECP/ecg-maya-usd/ecg-mayausd-branch-preflight-2020-windows/ecg-maya-usd/maya-usd/lib/mayaUsd/render/pxrUsdMayaGL/proxyDrawOverride.h
[2022-07-12T21:50:34.812Z]     -- promoting: S:/jenkins/workspace/ECP/ecg-maya-usd/ecg-mayausd-branch-preflight-2020-windows/ecg-maya-usd/maya-usd/lib/mayaUsd/render/pxrUsdMayaGL/proxyShapeUI.h
[2022-07-12T21:50:34.812Z]     -- promoting: S:/jenkins/workspace/ECP/ecg-maya-usd/ecg-mayausd-branch-preflight-2020-windows/ecg-maya-usd/maya-usd/lib/mayaUsd/render/pxrUsdMayaGL/renderParams.h
[2022-07-12T21:50:34.812Z]     -- promoting: S:/jenkins/workspace/ECP/ecg-maya-usd/ecg-mayausd-branch-preflight-2020-windows/ecg-maya-usd/maya-usd/lib/mayaUsd/render/pxrUsdMayaGL/sceneDelegate.h
[2022-07-12T21:50:34.812Z]     -- promoting: S:/jenkins/workspace/ECP/ecg-maya-usd/ecg-mayausd-branch-preflight-2020-windows/ecg-maya-usd/maya-usd/lib/mayaUsd/render/pxrUsdMayaGL/shapeAdapter.h
[2022-07-12T21:50:34.812Z]     -- promoting: S:/jenkins/workspace/ECP/ecg-maya-usd/ecg-mayausd-branch-preflight-2020-windows/ecg-maya-usd/maya-usd/lib/mayaUsd/render/pxrUsdMayaGL/softSelectHelper.h
[2022-07-12T21:50:34.812Z]     -- promoting: S:/jenkins/workspace/ECP/ecg-maya-usd/ecg-mayausd-branch-preflight-2020-windows/ecg-maya-usd/maya-usd/lib/mayaUsd/render/pxrUsdMayaGL/usdProxyShapeAdapter.h
[2022-07-12T21:50:34.812Z]     -- promoting: S:/jenkins/workspace/ECP/ecg-maya-usd/ecg-mayausd-branch-preflight-2020-windows/ecg-maya-usd/maya-usd/lib/mayaUsd/render/pxrUsdMayaGL/userData.h
[2022-07-12T21:50:34.812Z]     -- promoting: S:/jenkins/workspace/ECP/ecg-maya-usd/ecg-mayausd-branch-preflight-2020-windows/ecg-maya-usd/maya-usd/lib/mayaUsd/render/vp2RenderDelegate/proxyRenderDelegate.h
[2022-07-12T21:50:34.812Z]     -- promoting: S:/jenkins/workspace/ECP/ecg-maya-usd/ecg-mayausd-branch-preflight-2020-windows/ecg-maya-usd/maya-usd/lib/mayaUsd/render/vp2ShaderFragments/shaderFragments.h
[2022-07-12T21:50:34.812Z]     -- UFE_LIGHTS_SUPPORT is FALSE
[2022-07-12T21:50:34.812Z]     -- UFE_SCENE_SEGMENT_SUPPORT is FALSE
[2022-07-12T21:50:34.812Z]     -- promoting: S:/jenkins/workspace/ECP/ecg-maya-usd/ecg-mayausd-branch-preflight-2020-windows/ecg-maya-usd/maya-usd/lib/mayaUsd/ufe/Global.h
[2022-07-12T21:50:34.812Z]     -- promoting: S:/jenkins/workspace/ECP/ecg-maya-usd/ecg-mayausd-branch-preflight-2020-windows/ecg-maya-usd/maya-usd/lib/mayaUsd/ufe/ProxyShapeHandler.h
[2022-07-12T21:50:34.812Z]     -- promoting: S:/jenkins/workspace/ECP/ecg-maya-usd/ecg-mayausd-branch-preflight-2020-windows/ecg-maya-usd/maya-usd/lib/mayaUsd/ufe/ProxyShapeHierarchy.h
[2022-07-12T21:50:34.812Z]     -- promoting: S:/jenkins/workspace/ECP/ecg-maya-usd/ecg-mayausd-branch-preflight-2020-windows/ecg-maya-usd/maya-usd/lib/mayaUsd/ufe/ProxyShapeHierarchyHandler.h
[2022-07-12T21:50:34.812Z]     -- promoting: S:/jenkins/workspace/ECP/ecg-maya-usd/ecg-mayausd-branch-preflight-2020-windows/ecg-maya-usd/maya-usd/lib/mayaUsd/ufe/StagesSubject.h
[2022-07-12T21:50:34.812Z]     -- promoting: S:/jenkins/workspace/ECP/ecg-maya-usd/ecg-mayausd-branch-preflight-2020-windows/ecg-maya-usd/maya-usd/lib/mayaUsd/ufe/UsdHierarchy.h
[2022-07-12T21:50:34.812Z]     -- promoting: S:/jenkins/workspace/ECP/ecg-maya-usd/ecg-mayausd-branch-preflight-2020-windows/ecg-maya-usd/maya-usd/lib/mayaUsd/ufe/UsdHierarchyHandler.h
[2022-07-12T21:50:34.812Z]     -- promoting: S:/jenkins/workspace/ECP/ecg-maya-usd/ecg-mayausd-branch-preflight-2020-windows/ecg-maya-usd/maya-usd/lib/mayaUsd/ufe/UsdPointInstanceModifierBase.h
[2022-07-12T21:50:34.812Z]     -- promoting: S:/jenkins/workspace/ECP/ecg-maya-usd/ecg-mayausd-branch-preflight-2020-windows/ecg-maya-usd/maya-usd/lib/mayaUsd/ufe/UsdPointInstanceOrientationModifier.h
[2022-07-12T21:50:34.812Z]     -- promoting: S:/jenkins/workspace/ECP/ecg-maya-usd/ecg-mayausd-branch-preflight-2020-windows/ecg-maya-usd/maya-usd/lib/mayaUsd/ufe/UsdPointInstancePositionModifier.h
[2022-07-12T21:50:34.812Z]     -- promoting: S:/jenkins/workspace/ECP/ecg-maya-usd/ecg-mayausd-branch-preflight-2020-windows/ecg-maya-usd/maya-usd/lib/mayaUsd/ufe/UsdPointInstanceScaleModifier.h
[2022-07-12T21:50:34.812Z]     -- promoting: S:/jenkins/workspace/ECP/ecg-maya-usd/ecg-mayausd-branch-preflight-2020-windows/ecg-maya-usd/maya-usd/lib/mayaUsd/ufe/UsdRootChildHierarchy.h
[2022-07-12T21:50:34.812Z]     -- promoting: S:/jenkins/workspace/ECP/ecg-maya-usd/ecg-mayausd-branch-preflight-2020-windows/ecg-maya-usd/maya-usd/lib/mayaUsd/ufe/UsdRotatePivotTranslateUndoableCommand.h
[2022-07-12T21:50:34.812Z]     -- promoting: S:/jenkins/workspace/ECP/ecg-maya-usd/ecg-mayausd-branch-preflight-2020-windows/ecg-maya-usd/maya-usd/lib/mayaUsd/ufe/UsdRotateUndoableCommand.h
[2022-07-12T21:50:34.812Z]     -- promoting: S:/jenkins/workspace/ECP/ecg-maya-usd/ecg-mayausd-branch-preflight-2020-windows/ecg-maya-usd/maya-usd/lib/mayaUsd/ufe/UsdScaleUndoableCommand.h
[2022-07-12T21:50:34.812Z]     -- promoting: S:/jenkins/workspace/ECP/ecg-maya-usd/ecg-mayausd-branch-preflight-2020-windows/ecg-maya-usd/maya-usd/lib/mayaUsd/ufe/UsdSceneItem.h
[2022-07-12T21:50:34.812Z]     -- promoting: S:/jenkins/workspace/ECP/ecg-maya-usd/ecg-mayausd-branch-preflight-2020-windows/ecg-maya-usd/maya-usd/lib/mayaUsd/ufe/UsdSceneItemOps.h
[2022-07-12T21:50:34.812Z]     -- promoting: S:/jenkins/workspace/ECP/ecg-maya-usd/ecg-mayausd-branch-preflight-2020-windows/ecg-maya-usd/maya-usd/lib/mayaUsd/ufe/UsdSceneItemOpsHandler.h
[2022-07-12T21:50:34.812Z]     -- promoting: S:/jenkins/workspace/ECP/ecg-maya-usd/ecg-mayausd-branch-preflight-2020-windows/ecg-maya-usd/maya-usd/lib/mayaUsd/ufe/UsdStageMap.h
[2022-07-12T21:50:34.812Z]     -- promoting: S:/jenkins/workspace/ECP/ecg-maya-usd/ecg-mayausd-branch-preflight-2020-windows/ecg-maya-usd/maya-usd/lib/mayaUsd/ufe/UsdTRSUndoableCommandBase.h
[2022-07-12T21:50:34.812Z]     -- promoting: S:/jenkins/workspace/ECP/ecg-maya-usd/ecg-mayausd-branch-preflight-2020-windows/ecg-maya-usd/maya-usd/lib/mayaUsd/ufe/UsdTransform3d.h
[2022-07-12T21:50:34.812Z]     -- promoting: S:/jenkins/workspace/ECP/ecg-maya-usd/ecg-mayausd-branch-preflight-2020-windows/ecg-maya-usd/maya-usd/lib/mayaUsd/ufe/UsdTransform3dHandler.h
[2022-07-12T21:50:34.812Z]     -- promoting: S:/jenkins/workspace/ECP/ecg-maya-usd/ecg-mayausd-branch-preflight-2020-windows/ecg-maya-usd/maya-usd/lib/mayaUsd/ufe/UsdTranslateUndoableCommand.h
[2022-07-12T21:50:34.812Z]     -- promoting: S:/jenkins/workspace/ECP/ecg-maya-usd/ecg-mayausd-branch-preflight-2020-windows/ecg-maya-usd/maya-usd/lib/mayaUsd/ufe/UsdUndoDeleteCommand.h
[2022-07-12T21:50:34.812Z]     -- promoting: S:/jenkins/workspace/ECP/ecg-maya-usd/ecg-mayausd-branch-preflight-2020-windows/ecg-maya-usd/maya-usd/lib/mayaUsd/ufe/UsdUndoDuplicateCommand.h
[2022-07-12T21:50:34.812Z]     -- promoting: S:/jenkins/workspace/ECP/ecg-maya-usd/ecg-mayausd-branch-preflight-2020-windows/ecg-maya-usd/maya-usd/lib/mayaUsd/ufe/UsdUndoRenameCommand.h
[2022-07-12T21:50:34.812Z]     -- promoting: S:/jenkins/workspace/ECP/ecg-maya-usd/ecg-mayausd-branch-preflight-2020-windows/ecg-maya-usd/maya-usd/lib/mayaUsd/ufe/Utils.h
[2022-07-12T21:50:34.812Z]     -- promoting: S:/jenkins/workspace/ECP/ecg-maya-usd/ecg-mayausd-branch-preflight-2020-windows/ecg-maya-usd/maya-usd/lib/mayaUsd/ufe/UfeVersionCompat.h
[2022-07-12T21:50:34.812Z]     -- promoting: S:/jenkins/workspace/ECP/ecg-maya-usd/ecg-mayausd-branch-preflight-2020-windows/ecg-maya-usd/maya-usd/lib/mayaUsd/ufe/UsdUndoMaterialCommands.h
[2022-07-12T21:50:34.812Z]     -- promoting: S:/jenkins/workspace/ECP/ecg-maya-usd/ecg-mayausd-branch-preflight-2020-windows/ecg-maya-usd/maya-usd/lib/mayaUsd/undo/OpUndoItemList.h
[2022-07-12T21:50:34.812Z]     -- promoting: S:/jenkins/workspace/ECP/ecg-maya-usd/ecg-mayausd-branch-preflight-2020-windows/ecg-maya-usd/maya-usd/lib/mayaUsd/undo/OpUndoItemMuting.h
[2022-07-12T21:50:34.812Z]     -- promoting: S:/jenkins/workspace/ECP/ecg-maya-usd/ecg-mayausd-branch-preflight-2020-windows/ecg-maya-usd/maya-usd/lib/mayaUsd/undo/OpUndoItemRecorder.h
[2022-07-12T21:50:34.812Z]     -- promoting: S:/jenkins/workspace/ECP/ecg-maya-usd/ecg-mayausd-branch-preflight-2020-windows/ecg-maya-usd/maya-usd/lib/mayaUsd/undo/OpUndoItems.h
[2022-07-12T21:50:34.812Z]     -- promoting: S:/jenkins/workspace/ECP/ecg-maya-usd/ecg-mayausd-branch-preflight-2020-windows/ecg-maya-usd/maya-usd/lib/mayaUsd/undo/UsdUndoBlock.h
[2022-07-12T21:50:34.813Z]     -- promoting: S:/jenkins/workspace/ECP/ecg-maya-usd/ecg-mayausd-branch-preflight-2020-windows/ecg-maya-usd/maya-usd/lib/mayaUsd/undo/UsdUndoManager.h
[2022-07-12T21:50:34.813Z]     -- promoting: S:/jenkins/workspace/ECP/ecg-maya-usd/ecg-mayausd-branch-preflight-2020-windows/ecg-maya-usd/maya-usd/lib/mayaUsd/undo/UsdUndoStateDelegate.h
[2022-07-12T21:50:34.813Z]     -- promoting: S:/jenkins/workspace/ECP/ecg-maya-usd/ecg-mayausd-branch-preflight-2020-windows/ecg-maya-usd/maya-usd/lib/mayaUsd/undo/UsdUndoableItem.h
[2022-07-12T21:50:34.813Z]     -- promoting: S:/jenkins/workspace/ECP/ecg-maya-usd/ecg-mayausd-branch-preflight-2020-windows/ecg-maya-usd/maya-usd/lib/mayaUsd/utils/blockSceneModificationContext.h
[2022-07-12T21:50:34.813Z]     -- promoting: S:/jenkins/workspace/ECP/ecg-maya-usd/ecg-mayausd-branch-preflight-2020-windows/ecg-maya-usd/maya-usd/lib/mayaUsd/utils/colorSpace.h
[2022-07-12T21:50:34.813Z]     -- promoting: S:/jenkins/workspace/ECP/ecg-maya-usd/ecg-mayausd-branch-preflight-2020-windows/ecg-maya-usd/maya-usd/lib/mayaUsd/utils/customLayerData.h
[2022-07-12T21:50:34.813Z]     -- promoting: S:/jenkins/workspace/ECP/ecg-maya-usd/ecg-mayausd-branch-preflight-2020-windows/ecg-maya-usd/maya-usd/lib/mayaUsd/utils/converter.h
[2022-07-12T21:50:34.813Z]     -- promoting: S:/jenkins/workspace/ECP/ecg-maya-usd/ecg-mayausd-branch-preflight-2020-windows/ecg-maya-usd/maya-usd/lib/mayaUsd/utils/diagnosticDelegate.h
[2022-07-12T21:50:34.813Z]     -- promoting: S:/jenkins/workspace/ECP/ecg-maya-usd/ecg-mayausd-branch-preflight-2020-windows/ecg-maya-usd/maya-usd/lib/mayaUsd/utils/editability.h
[2022-07-12T21:50:34.813Z]     -- promoting: S:/jenkins/workspace/ECP/ecg-maya-usd/ecg-mayausd-branch-preflight-2020-windows/ecg-maya-usd/maya-usd/lib/mayaUsd/utils/editRouter.h
[2022-07-12T21:50:34.813Z]     -- promoting: S:/jenkins/workspace/ECP/ecg-maya-usd/ecg-mayausd-branch-preflight-2020-windows/ecg-maya-usd/maya-usd/lib/mayaUsd/utils/hash.h
[2022-07-12T21:50:34.813Z]     -- promoting: S:/jenkins/workspace/ECP/ecg-maya-usd/ecg-mayausd-branch-preflight-2020-windows/ecg-maya-usd/maya-usd/lib/mayaUsd/utils/loadRules.h
[2022-07-12T21:50:34.813Z]     -- promoting: S:/jenkins/workspace/ECP/ecg-maya-usd/ecg-mayausd-branch-preflight-2020-windows/ecg-maya-usd/maya-usd/lib/mayaUsd/utils/query.h
[2022-07-12T21:50:34.813Z]     -- promoting: S:/jenkins/workspace/ECP/ecg-maya-usd/ecg-mayausd-branch-preflight-2020-windows/ecg-maya-usd/maya-usd/lib/mayaUsd/utils/plugRegistryHelper.h
[2022-07-12T21:50:34.813Z]     -- promoting: S:/jenkins/workspace/ECP/ecg-maya-usd/ecg-mayausd-branch-preflight-2020-windows/ecg-maya-usd/maya-usd/lib/mayaUsd/utils/progressBarScope.h
[2022-07-12T21:50:34.813Z]     -- promoting: S:/jenkins/workspace/ECP/ecg-maya-usd/ecg-mayausd-branch-preflight-2020-windows/ecg-maya-usd/maya-usd/lib/mayaUsd/utils/selectability.h
[2022-07-12T21:50:34.813Z]     -- promoting: S:/jenkins/workspace/ECP/ecg-maya-usd/ecg-mayausd-branch-preflight-2020-windows/ecg-maya-usd/maya-usd/lib/mayaUsd/utils/stageCache.h
[2022-07-12T21:50:34.813Z]     -- promoting: S:/jenkins/workspace/ECP/ecg-maya-usd/ecg-mayausd-branch-preflight-2020-windows/ecg-maya-usd/maya-usd/lib/mayaUsd/utils/traverseLayer.h
[2022-07-12T21:50:34.813Z]     -- promoting: S:/jenkins/workspace/ECP/ecg-maya-usd/ecg-mayausd-branch-preflight-2020-windows/ecg-maya-usd/maya-usd/lib/mayaUsd/utils/undoHelperCommand.h
[2022-07-12T21:50:34.813Z]     -- promoting: S:/jenkins/workspace/ECP/ecg-maya-usd/ecg-mayausd-branch-preflight-2020-windows/ecg-maya-usd/maya-usd/lib/mayaUsd/utils/util.h
[2022-07-12T21:50:34.813Z]     -- promoting: S:/jenkins/workspace/ECP/ecg-maya-usd/ecg-mayausd-branch-preflight-2020-windows/ecg-maya-usd/maya-usd/lib/mayaUsd/utils/utilFileSystem.h
[2022-07-12T21:50:34.813Z]     -- promoting: S:/jenkins/workspace/ECP/ecg-maya-usd/ecg-mayausd-branch-preflight-2020-windows/ecg-maya-usd/maya-usd/lib/mayaUsd/utils/utilSerialization.h
[2022-07-12T21:50:34.813Z]     -- promoting: S:/jenkins/workspace/ECP/ecg-maya-usd/ecg-mayausd-branch-preflight-2020-windows/ecg-maya-usd/maya-usd/lib/mayaUsd/utils/variants.h
[2022-07-12T21:50:34.813Z]     -- promoting: S:/jenkins/workspace/ECP/ecg-maya-usd/ecg-mayausd-branch-preflight-2020-windows/ecg-maya-usd/maya-usd/lib/mayaUsd/render/mayaToHydra/utils.h
[2022-07-12T21:50:34.813Z]     -- promoting: S:/jenkins/workspace/ECP/ecg-maya-usd/ecg-mayausd-branch-preflight-2020-windows/ecg-maya-usd/maya-usd/lib/usd/hdMaya/api.h
[2022-07-12T21:50:34.813Z]     -- promoting: S:/jenkins/workspace/ECP/ecg-maya-usd/ecg-mayausd-branch-preflight-2020-windows/ecg-maya-usd/maya-usd/lib/usd/hdMaya/utils.h
[2022-07-12T21:50:34.813Z]     -- promoting: S:/jenkins/workspace/ECP/ecg-maya-usd/ecg-mayausd-branch-preflight-2020-windows/ecg-maya-usd/maya-usd/lib/usd/hdMaya/debugCodes.h
[2022-07-12T21:50:34.813Z]     -- promoting: S:/jenkins/workspace/ECP/ecg-maya-usd/ecg-mayausd-branch-preflight-2020-windows/ecg-maya-usd/maya-usd/lib/usd/hdMaya/adapters/adapter.h
[2022-07-12T21:50:34.813Z]     -- promoting: S:/jenkins/workspace/ECP/ecg-maya-usd/ecg-mayausd-branch-preflight-2020-windows/ecg-maya-usd/maya-usd/lib/usd/hdMaya/adapters/adapterDebugCodes.h
[2022-07-12T21:50:34.813Z]     -- promoting: S:/jenkins/workspace/ECP/ecg-maya-usd/ecg-mayausd-branch-preflight-2020-windows/ecg-maya-usd/maya-usd/lib/usd/hdMaya/adapters/adapterRegistry.h
[2022-07-12T21:50:34.813Z]     -- promoting: S:/jenkins/workspace/ECP/ecg-maya-usd/ecg-mayausd-branch-preflight-2020-windows/ecg-maya-usd/maya-usd/lib/usd/hdMaya/adapters/cameraAdapter.h
[2022-07-12T21:50:34.813Z]     -- promoting: S:/jenkins/workspace/ECP/ecg-maya-usd/ecg-mayausd-branch-preflight-2020-windows/ecg-maya-usd/maya-usd/lib/usd/hdMaya/adapters/constantShadowMatrix.h
[2022-07-12T21:50:34.813Z]     -- promoting: S:/jenkins/workspace/ECP/ecg-maya-usd/ecg-mayausd-branch-preflight-2020-windows/ecg-maya-usd/maya-usd/lib/usd/hdMaya/adapters/dagAdapter.h
[2022-07-12T21:50:34.813Z]     -- promoting: S:/jenkins/workspace/ECP/ecg-maya-usd/ecg-mayausd-branch-preflight-2020-windows/ecg-maya-usd/maya-usd/lib/usd/hdMaya/adapters/lightAdapter.h
[2022-07-12T21:50:34.813Z]     -- promoting: S:/jenkins/workspace/ECP/ecg-maya-usd/ecg-mayausd-branch-preflight-2020-windows/ecg-maya-usd/maya-usd/lib/usd/hdMaya/adapters/proxyAdapter.h
[2022-07-12T21:50:34.813Z]     -- promoting: S:/jenkins/workspace/ECP/ecg-maya-usd/ecg-mayausd-branch-preflight-2020-windows/ecg-maya-usd/maya-usd/lib/usd/hdMaya/adapters/materialAdapter.h
[2022-07-12T21:50:34.813Z]     -- promoting: S:/jenkins/workspace/ECP/ecg-maya-usd/ecg-mayausd-branch-preflight-2020-windows/ecg-maya-usd/maya-usd/lib/usd/hdMaya/adapters/materialNetworkConverter.h
[2022-07-12T21:50:34.813Z]     -- promoting: S:/jenkins/workspace/ECP/ecg-maya-usd/ecg-mayausd-branch-preflight-2020-windows/ecg-maya-usd/maya-usd/lib/usd/hdMaya/adapters/mayaAttrs.h
[2022-07-12T21:50:34.813Z]     -- promoting: S:/jenkins/workspace/ECP/ecg-maya-usd/ecg-mayausd-branch-preflight-2020-windows/ecg-maya-usd/maya-usd/lib/usd/hdMaya/adapters/shapeAdapter.h
[2022-07-12T21:50:34.813Z]     -- promoting: S:/jenkins/workspace/ECP/ecg-maya-usd/ecg-mayausd-branch-preflight-2020-windows/ecg-maya-usd/maya-usd/lib/usd/hdMaya/adapters/tokens.h
[2022-07-12T21:50:34.813Z]     -- promoting: S:/jenkins/workspace/ECP/ecg-maya-usd/ecg-mayausd-branch-preflight-2020-windows/ecg-maya-usd/maya-usd/lib/usd/hdMaya/delegates/delegate.h
[2022-07-12T21:50:34.813Z]     -- promoting: S:/jenkins/workspace/ECP/ecg-maya-usd/ecg-mayausd-branch-preflight-2020-windows/ecg-maya-usd/maya-usd/lib/usd/hdMaya/delegates/delegateCtx.h
[2022-07-12T21:50:34.813Z]     -- promoting: S:/jenkins/workspace/ECP/ecg-maya-usd/ecg-mayausd-branch-preflight-2020-windows/ecg-maya-usd/maya-usd/lib/usd/hdMaya/delegates/delegateDebugCodes.h
[2022-07-12T21:50:34.813Z]     -- promoting: S:/jenkins/workspace/ECP/ecg-maya-usd/ecg-mayausd-branch-preflight-2020-windows/ecg-maya-usd/maya-usd/lib/usd/hdMaya/delegates/delegateRegistry.h
[2022-07-12T21:50:34.813Z]     -- promoting: S:/jenkins/workspace/ECP/ecg-maya-usd/ecg-mayausd-branch-preflight-2020-windows/ecg-maya-usd/maya-usd/lib/usd/hdMaya/delegates/params.h
[2022-07-12T21:50:34.813Z]     -- promoting: S:/jenkins/workspace/ECP/ecg-maya-usd/ecg-mayausd-branch-preflight-2020-windows/ecg-maya-usd/maya-usd/lib/usd/hdMaya/delegates/proxyDelegate.h
[2022-07-12T21:50:34.813Z]     -- promoting: S:/jenkins/workspace/ECP/ecg-maya-usd/ecg-mayausd-branch-preflight-2020-windows/ecg-maya-usd/maya-usd/lib/usd/hdMaya/delegates/proxyUsdImagingDelegate.h
[2022-07-12T21:50:34.813Z]     -- promoting: S:/jenkins/workspace/ECP/ecg-maya-usd/ecg-mayausd-branch-preflight-2020-windows/ecg-maya-usd/maya-usd/lib/usd/hdMaya/delegates/sceneDelegate.h
[2022-07-12T21:50:34.813Z]     -- promoting: S:/jenkins/workspace/ECP/ecg-maya-usd/ecg-mayausd-branch-preflight-2020-windows/ecg-maya-usd/maya-usd/lib/usd/hdMaya/delegates/testDelegate.h
[2022-07-12T21:50:34.813Z]     -- promoting: S:/jenkins/workspace/ECP/ecg-maya-usd/ecg-mayausd-branch-preflight-2020-windows/ecg-maya-usd/maya-usd/lib/usd/pxrUsdPreviewSurface/usdPreviewSurface.h
[2022-07-12T21:50:34.813Z]     -- promoting: S:/jenkins/workspace/ECP/ecg-maya-usd/ecg-mayausd-branch-preflight-2020-windows/ecg-maya-usd/maya-usd/lib/usd/pxrUsdPreviewSurface/usdPreviewSurfacePlugin.h
[2022-07-12T21:50:34.813Z]     -- promoting: S:/jenkins/workspace/ECP/ecg-maya-usd/ecg-mayausd-branch-preflight-2020-windows/ecg-maya-usd/maya-usd/lib/usd/schemas/api.h
[2022-07-12T21:50:34.813Z]     -- promoting: S:/jenkins/workspace/ECP/ecg-maya-usd/ecg-mayausd-branch-preflight-2020-windows/ecg-maya-usd/maya-usd/lib/usd/schemas/ALMayaReference.h
[2022-07-12T21:50:34.813Z]     -- promoting: S:/jenkins/workspace/ECP/ecg-maya-usd/ecg-mayausd-branch-preflight-2020-windows/ecg-maya-usd/maya-usd/lib/usd/schemas/MayaReference.h
[2022-07-12T21:50:34.813Z]     -- promoting: S:/jenkins/workspace/ECP/ecg-maya-usd/ecg-mayausd-branch-preflight-2020-windows/ecg-maya-usd/maya-usd/lib/usd/schemas/tokens.h
[2022-07-12T21:50:35.149Z]     #################################################################################################
[2022-07-12T21:50:35.149Z]     #  USD_DISABLE_PRIM_DEFINITIONS_FOR_USDGENSCHEMA is overridden to 'true'.  Default is 'false'.  #
[2022-07-12T21:50:35.149Z]     #################################################################################################
[2022-07-12T21:50:35.485Z]     Processing schema classes:
[2022-07-12T21:50:35.485Z]     MayaReference, ALMayaReference
[2022-07-12T21:50:35.485Z]     Loading Templates from p:\shared\Artifactory\Windows\USD\c1313e5\lib\usd\usd\resources\codegenTemplates
[2022-07-12T21:50:35.485Z]     Writing API:
[2022-07-12T21:50:35.485Z]     	    wrote W:\build\RelWithDebInfo\lib\usd\schemas\api.h
[2022-07-12T21:50:35.485Z]     Writing Schema Tokens:
[2022-07-12T21:50:35.485Z]     	    wrote W:\build\RelWithDebInfo\lib\usd\schemas\tokens.h
[2022-07-12T21:50:35.485Z]     	    wrote W:\build\RelWithDebInfo\lib\usd\schemas\tokens.cpp
[2022-07-12T21:50:35.485Z]     	    wrote W:\build\RelWithDebInfo\lib\usd\schemas\wrapTokens.cpp
[2022-07-12T21:50:35.485Z]     Generating Classes:
[2022-07-12T21:50:35.485Z]     	    wrote W:\build\RelWithDebInfo\lib\usd\schemas\MayaReference.h
[2022-07-12T21:50:35.485Z]     	    wrote W:\build\RelWithDebInfo\lib\usd\schemas\MayaReference.cpp
[2022-07-12T21:50:35.485Z]     	    wrote W:\build\RelWithDebInfo\lib\usd\schemas\wrapMayaReference.cpp
[2022-07-12T21:50:35.485Z]     	    wrote W:\build\RelWithDebInfo\lib\usd\schemas\ALMayaReference.h
[2022-07-12T21:50:35.485Z]     	    wrote W:\build\RelWithDebInfo\lib\usd\schemas\ALMayaReference.cpp
[2022-07-12T21:50:35.485Z]     	    wrote W:\build\RelWithDebInfo\lib\usd\schemas\wrapALMayaReference.cpp
[2022-07-12T21:50:35.485Z]     Loading Templates from p:\shared\Artifactory\Windows\USD\c1313e5\lib\usd\usd\resources\codegenTemplates
[2022-07-12T21:50:35.485Z]     	    wrote W:\build\RelWithDebInfo\lib\usd\schemas\plugInfo.json
[2022-07-12T21:50:35.485Z]     Generating Schematics:
[2022-07-12T21:50:35.485Z]     	    wrote W:\build\RelWithDebInfo\lib\usd\schemas\generatedSchema.usda
[2022-07-12T21:50:35.485Z]     -- promoting: S:/jenkins/workspace/ECP/ecg-maya-usd/ecg-mayausd-branch-preflight-2020-windows/ecg-maya-usd/maya-usd/lib/usd/utils/ALHalf.h
[2022-07-12T21:50:35.485Z]     -- promoting: S:/jenkins/workspace/ECP/ecg-maya-usd/ecg-mayausd-branch-preflight-2020-windows/ecg-maya-usd/maya-usd/lib/usd/utils/Api.h
[2022-07-12T21:50:35.485Z]     -- promoting: S:/jenkins/workspace/ECP/ecg-maya-usd/ecg-mayausd-branch-preflight-2020-windows/ecg-maya-usd/maya-usd/lib/usd/utils/DebugCodes.h
[2022-07-12T21:50:35.485Z]     -- promoting: S:/jenkins/workspace/ECP/ecg-maya-usd/ecg-mayausd-branch-preflight-2020-windows/ecg-maya-usd/maya-usd/lib/usd/utils/DiffCore.h
[2022-07-12T21:50:35.485Z]     -- promoting: S:/jenkins/workspace/ECP/ecg-maya-usd/ecg-mayausd-branch-preflight-2020-windows/ecg-maya-usd/maya-usd/lib/usd/utils/DiffPrims.h
[2022-07-12T21:50:35.485Z]     -- promoting: S:/jenkins/workspace/ECP/ecg-maya-usd/ecg-mayausd-branch-preflight-2020-windows/ecg-maya-usd/maya-usd/lib/usd/utils/MergePrims.h
[2022-07-12T21:50:35.485Z]     -- promoting: S:/jenkins/workspace/ECP/ecg-maya-usd/ecg-mayausd-branch-preflight-2020-windows/ecg-maya-usd/maya-usd/lib/usd/utils/MergePrimsOptions.h
[2022-07-12T21:50:35.485Z]     -- promoting: S:/jenkins/workspace/ECP/ecg-maya-usd/ecg-mayausd-branch-preflight-2020-windows/ecg-maya-usd/maya-usd/lib/usd/utils/ForwardDeclares.h
[2022-07-12T21:50:35.485Z]     -- promoting: S:/jenkins/workspace/ECP/ecg-maya-usd/ecg-mayausd-branch-preflight-2020-windows/ecg-maya-usd/maya-usd/lib/usd/utils/SIMD.h
[2022-07-12T21:50:35.485Z]     -- promoting: S:/jenkins/workspace/ECP/ecg-maya-usd/ecg-mayausd-branch-preflight-2020-windows/ecg-maya-usd/maya-usd/lib/usd/utils/util.h
[2022-07-12T21:50:35.485Z]     -- promoting: S:/jenkins/workspace/ECP/ecg-maya-usd/ecg-mayausd-branch-preflight-2020-windows/ecg-maya-usd/maya-usd/lib/usd/ui/layerEditor/batchSaveLayersUIDelegate.h
[2022-07-12T21:50:35.485Z]     -- promoting: S:/jenkins/workspace/ECP/ecg-maya-usd/ecg-mayausd-branch-preflight-2020-windows/ecg-maya-usd/maya-usd/lib/usd/ui/importDialog/IMayaMQtUtil.h
[2022-07-12T21:50:35.485Z]     -- promoting: S:/jenkins/workspace/ECP/ecg-maya-usd/ecg-mayausd-branch-preflight-2020-windows/ecg-maya-usd/maya-usd/lib/usd/ui/importDialog/ItemDelegate.h
[2022-07-12T21:50:35.485Z]     -- promoting: S:/jenkins/workspace/ECP/ecg-maya-usd/ecg-mayausd-branch-preflight-2020-windows/ecg-maya-usd/maya-usd/lib/usd/ui/importDialog/IUSDImportView.h
[2022-07-12T21:50:35.485Z]     -- promoting: S:/jenkins/workspace/ECP/ecg-maya-usd/ecg-mayausd-branch-preflight-2020-windows/ecg-maya-usd/maya-usd/lib/usd/ui/importDialog/TreeItem.h
[2022-07-12T21:50:35.485Z]     -- promoting: S:/jenkins/workspace/ECP/ecg-maya-usd/ecg-mayausd-branch-preflight-2020-windows/ecg-maya-usd/maya-usd/lib/usd/ui/importDialog/TreeModel.h
[2022-07-12T21:50:35.485Z]     -- promoting: S:/jenkins/workspace/ECP/ecg-maya-usd/ecg-mayausd-branch-preflight-2020-windows/ecg-maya-usd/maya-usd/lib/usd/ui/importDialog/TreeModelFactory.h
[2022-07-12T21:50:35.485Z]     -- promoting: S:/jenkins/workspace/ECP/ecg-maya-usd/ecg-mayausd-branch-preflight-2020-windows/ecg-maya-usd/maya-usd/lib/usd/ui/importDialog/USDImportDialog.h
[2022-07-12T21:50:35.485Z]     -- promoting: S:/jenkins/workspace/ECP/ecg-maya-usd/ecg-mayausd-branch-preflight-2020-windows/ecg-maya-usd/maya-usd/lib/usd/ui/importDialog/USDImportDialogCmd.h
[2022-07-12T21:50:35.485Z]     -- promoting: S:/jenkins/workspace/ECP/ecg-maya-usd/ecg-mayausd-branch-preflight-2020-windows/ecg-maya-usd/maya-usd/lib/usd/ui/importDialog/USDQtUtil.h
[2022-07-12T21:50:35.485Z]     -- promoting: S:/jenkins/workspace/ECP/ecg-maya-usd/ecg-mayausd-branch-preflight-2020-windows/ecg-maya-usd/maya-usd/lib/usd/ui/api.h
[2022-07-12T21:50:35.485Z]     -- promoting: S:/jenkins/workspace/ECP/ecg-maya-usd/ecg-mayausd-branch-preflight-2020-windows/ecg-maya-usd/maya-usd/lib/usd/ui/initStringResources.h
[2022-07-12T21:50:35.485Z]     ========== Pixar USD Plugin ==========
[2022-07-12T21:50:35.485Z]     Compiling W:/build/RelWithDebInfo/plugin/pxr/__init__.py ...
[2022-07-12T21:50:35.821Z]     ========== AL USD Plugin ==========
[2022-07-12T21:50:35.821Z]     CMake Deprecation Warning at plugin/al/CMakeLists.txt:7 (cmake_policy):
[2022-07-12T21:50:35.821Z]       The OLD behavior for policy CMP0026 will be removed from a future version
[2022-07-12T21:50:35.821Z]       of CMake.
[2022-07-12T21:50:35.821Z]     
[2022-07-12T21:50:35.821Z]       The cmake-policies(7) manual explains that the OLD behaviors of all
[2022-07-12T21:50:35.821Z]       policies are deprecated and that a policy should be set to OLD only under
[2022-07-12T21:50:35.821Z]       specific short-term circumstances.  Projects should be ported to the NEW
[2022-07-12T21:50:35.821Z]       behavior and not rely on setting a policy to OLD.
[2022-07-12T21:50:35.821Z]     
[2022-07-12T21:50:35.821Z]     
[2022-07-12T21:50:35.821Z]     -- Found Boost 1.70.0 at P:/shared/Artifactory/Windows/USD/c1313e5/lib/cmake/Boost-1.70.0
[2022-07-12T21:50:35.821Z]     --   Requested configuration: QUIET REQUIRED
[2022-07-12T21:50:35.821Z]     -- Found boost_headers 1.70.0 at P:/shared/Artifactory/Windows/USD/c1313e5/lib/cmake/boost_headers-1.70.0
[2022-07-12T21:50:35.821Z]     -- Found Boost: P:/shared/Artifactory/Windows/USD/c1313e5/lib/cmake/Boost-1.70.0/BoostConfig.cmake (found version "1.70.0")
[2022-07-12T21:50:35.821Z]     -- Found Boost 1.70.0 at P:/shared/Artifactory/Windows/USD/c1313e5/lib/cmake/Boost-1.70.0
[2022-07-12T21:50:35.821Z]     --   Requested configuration: QUIET REQUIRED COMPONENTS python
[2022-07-12T21:50:35.821Z]     -- Found boost_python 1.70.0 at P:/shared/Artifactory/Windows/USD/c1313e5/lib/cmake/boost_python-1.70.0
[2022-07-12T21:50:35.821Z]     --   boost_python27-vc141-mt-x64-1_70.lib
[2022-07-12T21:50:35.821Z]     -- Adding boost_python dependencies: headers
[2022-07-12T21:50:35.821Z]     -- Found Boost: P:/shared/Artifactory/Windows/USD/c1313e5/lib/cmake/Boost-1.70.0/BoostConfig.cmake (found version "1.70.0") found components: python
[2022-07-12T21:50:36.157Z]     -- Found GTest: W:/build/RelWithDebInfo/googletest-install/lib/gtest.lib
[2022-07-12T21:50:37.348Z]     -- Building AL_USDMayaSchemas
[2022-07-12T21:50:37.689Z]     #################################################################################################
[2022-07-12T21:50:37.689Z]     #  USD_DISABLE_PRIM_DEFINITIONS_FOR_USDGENSCHEMA is overridden to 'true'.  Default is 'false'.  #
[2022-07-12T21:50:37.689Z]     #################################################################################################
[2022-07-12T21:50:38.026Z]     Processing schema classes:
[2022-07-12T21:50:38.026Z]     ALModelAPI, ALFrameRange
[2022-07-12T21:50:38.026Z]     Loading Templates from p:\shared\Artifactory\Windows\USD\c1313e5\lib\usd\usd\resources\codegenTemplates
[2022-07-12T21:50:38.026Z]     Writing API:
[2022-07-12T21:50:38.026Z]     	    wrote W:\build\RelWithDebInfo\plugin\al\schemas\AL\usd\schemas\maya\api.h
[2022-07-12T21:50:38.026Z]     Writing Schema Tokens:
[2022-07-12T21:50:38.026Z]     	    wrote W:\build\RelWithDebInfo\plugin\al\schemas\AL\usd\schemas\maya\tokens.h
[2022-07-12T21:50:38.026Z]     	    wrote W:\build\RelWithDebInfo\plugin\al\schemas\AL\usd\schemas\maya\tokens.cpp
[2022-07-12T21:50:38.026Z]     	    wrote W:\build\RelWithDebInfo\plugin\al\schemas\AL\usd\schemas\maya\wrapTokens.cpp
[2022-07-12T21:50:38.026Z]     Generating Classes:
[2022-07-12T21:50:38.026Z]     	    wrote W:\build\RelWithDebInfo\plugin\al\schemas\AL\usd\schemas\maya\ModelAPI.h
[2022-07-12T21:50:38.026Z]     	    wrote W:\build\RelWithDebInfo\plugin\al\schemas\AL\usd\schemas\maya\ModelAPI.cpp
[2022-07-12T21:50:38.026Z]     	    wrote W:\build\RelWithDebInfo\plugin\al\schemas\AL\usd\schemas\maya\wrapModelAPI.cpp
[2022-07-12T21:50:38.026Z]     	    wrote W:\build\RelWithDebInfo\plugin\al\schemas\AL\usd\schemas\maya\FrameRange.h
[2022-07-12T21:50:38.026Z]     	    wrote W:\build\RelWithDebInfo\plugin\al\schemas\AL\usd\schemas\maya\FrameRange.cpp
[2022-07-12T21:50:38.026Z]     	    wrote W:\build\RelWithDebInfo\plugin\al\schemas\AL\usd\schemas\maya\wrapFrameRange.cpp
[2022-07-12T21:50:38.026Z]     Loading Templates from p:\shared\Artifactory\Windows\USD\c1313e5\lib\usd\usd\resources\codegenTemplates
[2022-07-12T21:50:38.026Z]     	    wrote W:\build\RelWithDebInfo\plugin\al\schemas\AL\usd\schemas\maya\plugInfo.json
[2022-07-12T21:50:38.026Z]     Generating Schematics:
[2022-07-12T21:50:38.026Z]     	    wrote W:\build\RelWithDebInfo\plugin\al\schemas\AL\usd\schemas\maya\generatedSchema.usda
[2022-07-12T21:50:38.745Z]     #################################################################################################
[2022-07-12T21:50:38.745Z]     #  USD_DISABLE_PRIM_DEFINITIONS_FOR_USDGENSCHEMA is overridden to 'true'.  Default is 'false'.  #
[2022-07-12T21:50:38.745Z]     #################################################################################################
[2022-07-12T21:50:39.082Z]     Processing schema classes:
[2022-07-12T21:50:39.082Z]     ALExamplePolyCubeNode
[2022-07-12T21:50:39.082Z]     Loading Templates from p:\shared\Artifactory\Windows\USD\c1313e5\lib\usd\usd\resources\codegenTemplates
[2022-07-12T21:50:39.082Z]     Writing API:
[2022-07-12T21:50:39.082Z]     	    wrote W:\build\RelWithDebInfo\plugin\al\schemas\AL\usd\schemas\mayatest\api.h
[2022-07-12T21:50:39.082Z]     Writing Schema Tokens:
[2022-07-12T21:50:39.082Z]     	    wrote W:\build\RelWithDebInfo\plugin\al\schemas\AL\usd\schemas\mayatest\tokens.h
[2022-07-12T21:50:39.082Z]     	    wrote W:\build\RelWithDebInfo\plugin\al\schemas\AL\usd\schemas\mayatest\tokens.cpp
[2022-07-12T21:50:39.082Z]     	    wrote W:\build\RelWithDebInfo\plugin\al\schemas\AL\usd\schemas\mayatest\wrapTokens.cpp
[2022-07-12T21:50:39.082Z]     Generating Classes:
[2022-07-12T21:50:39.082Z]     	    wrote W:\build\RelWithDebInfo\plugin\al\schemas\AL\usd\schemas\mayatest\ExamplePolyCubeNode.h
[2022-07-12T21:50:39.082Z]     	    wrote W:\build\RelWithDebInfo\plugin\al\schemas\AL\usd\schemas\mayatest\ExamplePolyCubeNode.cpp
[2022-07-12T21:50:39.082Z]     	    wrote W:\build\RelWithDebInfo\plugin\al\schemas\AL\usd\schemas\mayatest\wrapExamplePolyCubeNode.cpp
[2022-07-12T21:50:39.082Z]     Loading Templates from p:\shared\Artifactory\Windows\USD\c1313e5\lib\usd\usd\resources\codegenTemplates
[2022-07-12T21:50:39.082Z]     	    wrote W:\build\RelWithDebInfo\plugin\al\schemas\AL\usd\schemas\mayatest\plugInfo.json
[2022-07-12T21:50:39.082Z]     Generating Schematics:
[2022-07-12T21:50:39.082Z]     	    wrote W:\build\RelWithDebInfo\plugin\al\schemas\AL\usd\schemas\mayatest\generatedSchema.usda
[2022-07-12T21:50:39.082Z]     -- Building AL_USDMayaTranslators
[2022-07-12T21:50:39.082Z]     ========== ADSK USD Plugin ==========
[2022-07-12T21:50:39.082Z]     -- Configuring done
[2022-07-12T21:50:40.730Z]     -- Generating done
[2022-07-12T21:50:40.730Z]     -- Build files have been written to: W:/build/RelWithDebInfo
[2022-07-12T21:50:40.730Z]     
[2022-07-12T21:50:40.730Z]         Building with settings:
[2022-07-12T21:50:40.730Z]           Source directory          S:\jenkins\workspace\ECP\ecg-maya-usd\ecg-mayausd-branch-preflight-2020-windows\ecg-maya-usd\maya-usd
[2022-07-12T21:50:40.730Z]           Workspace directory       W:\
[2022-07-12T21:50:40.730Z]           Build directory           W:\build\RelWithDebInfo
[2022-07-12T21:50:40.730Z]           Install directory         W:\install\RelWithDebInfo\MayaUSD
[2022-07-12T21:50:40.730Z]           Variant                   RelWithDebInfo
[2022-07-12T21:50:40.730Z]           Python Debug              Off
[2022-07-12T21:50:40.730Z]           CMake generator           Ninja
[2022-07-12T21:50:40.730Z]           Build arguments           ['-DCMAKE_MAKE_PROGRAM=P:/shared/Artifactory/Windows/ninja/1.9.0/c68f192/ninja.exe', '-DPYTHON_INCLUDE_DIR=P:/shared/Artifactory/Windows/rundev-2020/202107140359/runtime/5d64bf0/runTime/include/Python', '-DPython_EXECUTABLE=P:/shared/Artifactory/Windows/rundev-2020/202107140359/runtime/5d64bf0/runTime/bin/mayapy.exe', '-DPYTHON_LIBRARIES=P:/shared/Artifactory/Windows/rundev-2020/202107140359/runtime/5d64bf0/runTime/lib/python27.lib', '-DUSD_LIB_PREFIX=', '-DCMAKE_WANT_MATERIALX_BUILD=ON', '-DCMAKE_PREFIX_PATH=P:\\shared\\Artifactory\\Windows\\USD\\c1313e5']
[2022-07-12T21:50:40.730Z]           Stages arguments          ['configure']
[2022-07-12T21:50:40.730Z]           CTest arguments           ['-E testUsdReferenceAssemblySelection|testUsdMayaAppDir', '-LE interactive', '--parallel 16']
[2022-07-12T21:50:40.730Z]     Success MayaUSD build and install !!!!
[2022-07-12T21:50:40.730Z]     Elapsed time: 00:00:25
[Pipeline] bat
[2022-07-12T21:50:41.305Z] Deleting alias drive W:
[Pipeline] bat
[2022-07-12T21:50:41.870Z] Deleting alias drive P:
[Pipeline] }
[Pipeline] // withEnv
[Pipeline] }
[Pipeline] // timeout
[Pipeline] }
[Pipeline] // stage
[Pipeline] }
[Pipeline] // timestamps
[Pipeline] timestamps
[Pipeline] {
[Pipeline] stage
[Pipeline] { (Build)
[Pipeline] timeout
[2022-07-12T21:50:42.073Z] Timeout set to expire in 6 hr 0 min
[Pipeline] {
[Pipeline] withEnv
[Pipeline] {
[Pipeline] bat
[2022-07-12T21:50:42.638Z] Creating alias drive P: to S:\jenkins\workspace
[Pipeline] bat
[2022-07-12T21:50:43.213Z] Creating alias drive W: to S:\jenkins\workspace\ECP\ecg-maya-usd\ecg-mayausd-branch-preflight-2020-windows
[Pipeline] bat
[2022-07-12T21:50:44.145Z] "C:\Program Files (x86)\Microsoft Visual Studio\2017\Professional\VC\Auxiliary\Build\vcvarsall.bat" x64
[2022-07-12T21:50:44.145Z] **********************************************************************
[2022-07-12T21:50:44.145Z] ** Visual Studio 2017 Developer Command Prompt v15.9.15
[2022-07-12T21:50:44.145Z] ** Copyright (c) 2017 Microsoft Corporation
[2022-07-12T21:50:44.145Z] **********************************************************************
[2022-07-12T21:50:45.296Z] [vcvarsall.bat] Environment initialized for: 'x64'
[2022-07-12T21:50:45.296Z] python ecg-maya-usd/build.py --stages=build --workspace-dir=W:\ --artifactory-dir=P:\shared\Artifactory --build-dir=W:\build --install-dir=W:\install --signing-dir=W:\signing --package-dir=W:\package --output-dir=W:\output --stash-dir=W:\stash --jenkins-build=116 --git-commit=31ad476824997b4c9b36a8728f50a5e91e739db9 --git-branch=master --variants=RelWithDebInfo --python=2.7 --post-zips=false --build-retry=3 --maya-cut-config=maya-rundev-2020.yaml --maya-package=rundev-2020 --stage-banner
[2022-07-12T21:50:46.006Z] Using Maya cut from P:\shared\Artifactory\Windows\rundev-2020\202107140359\runtime\5d64bf0
[2022-07-12T21:50:46.006Z] Using Maya ADSK Signatures from P:\shared\Artifactory\Windows\adsk-plugin-signatures-maya\2023\c1dbfce
[2022-07-12T21:50:46.006Z] Using Maya Security Library from P:\shared\Artifactory\Windows\maya-security-library\3.1.0\084709f
[2022-07-12T21:50:46.006Z] 
[2022-07-12T21:50:46.006Z] ================================================================================
[2022-07-12T21:50:46.006Z]                              build (RelWithDebInfo)
[2022-07-12T21:50:46.006Z] ================================================================================
[2022-07-12T21:50:46.006Z] Maya Python RelWithDebInfo Info:
[2022-07-12T21:50:46.006Z]   mayapy executable   = P:\shared\Artifactory\Windows\rundev-2020\202107140359\runtime\5d64bf0\runTime\bin\mayapy.exe
[2022-07-12T21:50:46.006Z]   Include Folder      = P:\shared\Artifactory\Windows\rundev-2020\202107140359\runtime\5d64bf0\runTime\include\Python
[2022-07-12T21:50:46.006Z]   Library             = P:\shared\Artifactory\Windows\rundev-2020\202107140359\runtime\5d64bf0\runTime\lib\python27.lib
[2022-07-12T21:50:46.006Z]   site-package Folder = P:\shared\Artifactory\Windows\rundev-2020\202107140359\runtime\5d64bf0\runTime\Python\Lib\site-packages
[2022-07-12T21:50:46.718Z] In workdir: S:\jenkins\workspace\ECP\ecg-maya-usd\ecg-mayausd-branch-preflight-2020-windows\ecg-maya-usd\maya-usd
[2022-07-12T21:50:46.718Z] Executing: 'P:\\shared\\Artifactory\\Windows\\rundev-2020\\202107140359\\runtime\\5d64bf0\\runTime\\bin\\mayapy.exe' 'S:\\jenkins\\workspace\\ECP\\ecg-maya-usd\\ecg-mayausd-branch-preflight-2020-windows\\ecg-maya-usd\\maya-usd\\build.py' --generator Ninja --build-relwithdebug --maya-location 'P:\\shared\\Artifactory\\Windows\\rundev-2020\\202107140359\\runtime\\5d64bf0\\runTime' --devkit-location 'P:\\shared\\Artifactory\\Windows\\rundev-2020\\202107140359\\runtime\\5d64bf0\\devkitBase' --pxrusd-location 'P:\\shared\\Artifactory\\Windows\\USD\\c1313e5' --qt-location 'P:\\shared\\Artifactory\\Windows\\qt\\5.12.5\\4755980' '--build-args=-DCMAKE_MAKE_PROGRAM=P:/shared/Artifactory/Windows/ninja/1.9.0/c68f192/ninja.exe,-DPYTHON_INCLUDE_DIR=P:/shared/Artifactory/Windows/rundev-2020/202107140359/runtime/5d64bf0/runTime/include/Python,-DPython_EXECUTABLE=P:/shared/Artifactory/Windows/rundev-2020/202107140359/runtime/5d64bf0/runTime/bin/mayapy.exe,-DPYTHON_LIBRARIES=P:/shared/Artifactory/Windows/rundev-2020/202107140359/runtime/5d64bf0/runTime/lib/python27.lib,-DUSD_LIB_PREFIX=,-DCMAKE_WANT_MATERIALX_BUILD=ON,-DCMAKE_PREFIX_PATH=P:\\shared\\Artifactory\\Windows\\USD\\c1313e5' '--ctest-args=-E testUsdReferenceAssemblySelection|testUsdMayaAppDir,-LE interactive,--parallel 16' --stages=build --redirect-outstream-file=False --install-location 'W:\\install\\RelWithDebInfo\\MayaUSD' 'W:\\'
[2022-07-12T21:50:46.718Z] Modified environment variables:
[2022-07-12T21:50:46.718Z]     PATH=P:\shared\Artifactory\Windows\cmake\3.20.3\afe857a\bin;C:\Python27\lib\site-packages\pywin32_system32;C:\Program Files (x86)\Microsoft Visual Studio\2017\Professional\VC\Tools\MSVC\14.16.27023\bin\HostX64\x64;C:\Program Files (x86)\Microsoft Visual Studio\2017\Professional\Common7\IDE\VC\VCPackages;C:\Program Files (x86)\Microsoft Visual Studio\2017\Professional\Common7\IDE\CommonExtensions\Microsoft\TestWindow;C:\Program Files (x86)\Microsoft Visual Studio\2017\Professional\Common7\IDE\CommonExtensions\Microsoft\TeamFoundation\Team Explorer;C:\Program Files (x86)\Microsoft Visual Studio\2017\Professional\MSBuild\15.0\bin\Roslyn;C:\Program Files (x86)\Microsoft Visual Studio\2017\Professional\Team Tools\Performance Tools\x64;C:\Program Files (x86)\Microsoft Visual Studio\2017\Professional\Team Tools\Performance Tools;C:\Program Files (x86)\Microsoft Visual Studio\Shared\Common\VSPerfCollectionTools\\x64;C:\Program Files (x86)\Microsoft Visual Studio\Shared\Common\VSPerfCollectionTools\;C:\Program Files (x86)\Microsoft SDKs\Windows\v10.0A\bin\NETFX 4.6.1 Tools\x64\;C:\Program Files (x86)\HTML Help Workshop;C:\Program Files (x86)\Windows Kits\10\bin\10.0.18362.0\x64;C:\Program Files (x86)\Windows Kits\10\bin\x64;C:\Program Files (x86)\Microsoft Visual Studio\2017\Professional\\MSBuild\15.0\bin;C:\WINDOWS\Microsoft.NET\Framework64\v4.0.30319;C:\Program Files (x86)\Microsoft Visual Studio\2017\Professional\Common7\IDE\;C:\Program Files (x86)\Microsoft Visual Studio\2017\Professional\Common7\Tools\;C:\Python27\;C:\Python27\Scripts;C:\WINDOWS\system32;C:\WINDOWS;C:\WINDOWS\System32\Wbem;C:\WINDOWS\System32\WindowsPowerShell\v1.0\;C:\WINDOWS\System32\OpenSSH\;C:\ProgramData\chocolatey\bin;C:\Program Files (x86)\WiX Toolset v3.7\bin;C:\Program Files\dotnet\;C:\Program Files (x86)\Windows Kits\10\bin\10.0.18362.0\x64;C:\Program Files\Zulu\zulu-11\bin\;C:\Program Files (x86)\Windows Kits\10\bin\10.0.17763.0\x64;C:\Program Files (x86)\Windows Kits\10\bin\x64;C:\Program Files\Git\cmd;C:\Program Files\Git\usr\bin;C:\Program Files\Git\mingw64\bin;C:\Program Files\Git\bin;C:\Python38\;C:\Python38\Scripts;C:\StoreBoxClientWindows;C:\Program Files\Electric Cloud\ElectricCommander\bin;C:\Program Files\WinRAR;C:\Program Files\7-Zip;C:\Users\Administrator\AppData\Local\Microsoft\WindowsApps;C:\Program Files (x86)\Microsoft Visual Studio\2017\Professional\Common7\IDE\CommonExtensions\Microsoft\CMake\CMake\bin;C:\Program Files (x86)\Microsoft Visual Studio\2017\Professional\Common7\IDE\CommonExtensions\Microsoft\CMake\Ninja
[2022-07-12T21:50:47.875Z]     [1/663] Building CXX object test\lib\usd\plugin\CMakeFiles\usdTestApiWriter.dir\plugin.cpp.obj
[2022-07-12T21:50:47.875Z]     [2/663] Building CXX object test\lib\usd\plugin\CMakeFiles\usdTestMayaPlugin.dir\plugin.cpp.obj
[2022-07-12T21:50:47.875Z]     [3/663] Building CXX object test\lib\usd\plugin\CMakeFiles\usdTestInfoImportChaser.dir\plugin.cpp.obj
[2022-07-12T21:50:48.214Z]     [4/663] Building CXX object test\lib\mayaUsd\utils\CMakeFiles\testSplitString.dir\main.cpp.obj
[2022-07-12T21:50:48.214Z]     [5/663] Building CXX object test\lib\usd\utils\CMakeFiles\testDiffCore.dir\main.cpp.obj
[2022-07-12T21:50:48.214Z]     [6/663] Building CXX object test\lib\usd\utils\CMakeFiles\testDiffValues.dir\main.cpp.obj
[2022-07-12T21:50:48.922Z]     [7/663] Building CXX object test\lib\usd\utils\CMakeFiles\testDiffRelationships.dir\main.cpp.obj
[2022-07-12T21:50:48.922Z]     [8/663] Building CXX object test\lib\usd\utils\CMakeFiles\testDiffAttributes.dir\main.cpp.obj
[2022-07-12T21:50:48.922Z]     [9/663] Building CXX object test\lib\usd\utils\CMakeFiles\testDiffCore.dir\test_DiffCore.cpp.obj
[2022-07-12T21:50:54.858Z]     [10/663] Building CXX object test\lib\usd\utils\CMakeFiles\testDiffRelationships.dir\test_DiffRelationships.cpp.obj
[2022-07-12T21:50:54.858Z]     [11/663] Building CXX object test\lib\usd\plugin\CMakeFiles\usdTestUsdPlugin.dir\mayaShaderTranslation.cpp.obj
[2022-07-12T21:50:54.858Z]     [12/663] Building CXX object test\lib\usd\plugin\CMakeFiles\usdTestMayaPlugin.dir\mayaShaderTranslation.cpp.obj
[2022-07-12T21:50:54.858Z]     [13/663] Building CXX object test\lib\usd\plugin\CMakeFiles\usdTestInfoImportChaser.dir\infoImportChaser.cpp.obj
[2022-07-12T21:50:54.858Z]     [14/663] Building CXX object test\lib\usd\utils\CMakeFiles\testDiffAttributes.dir\test_DiffAttributes.cpp.obj
[2022-07-12T21:50:54.858Z]     [15/663] Building CXX object test\lib\usd\plugin\CMakeFiles\usdTestApiWriter.dir\nullApiExporter.cpp.obj
[2022-07-12T21:50:55.199Z]     [16/663] Building CXX object test\lib\usd\utils\CMakeFiles\testDiffValues.dir\test_DiffValues.cpp.obj
[2022-07-12T21:50:55.531Z]     [17/663] Building CXX object test\lib\usd\plugin\CMakeFiles\usdTestApiWriter.dir\bulletAdaptor.cpp.obj
[2022-07-12T21:50:55.531Z]     [18/663] Building CXX object test\lib\usd\utils\CMakeFiles\testDiffValues.dir\test_DiffValuesQuaternions.cpp.obj
[2022-07-12T21:50:55.868Z]     [19/663] Building CXX object test\lib\usd\utils\CMakeFiles\testDiffValues.dir\test_DiffValuesGeneric.cpp.obj
[2022-07-12T21:50:55.868Z]     [20/663] Building CXX object test\lib\usd\utils\CMakeFiles\testDiffValues.dir\test_DiffValuesArrays.cpp.obj
[2022-07-12T21:50:56.204Z]     [21/663] Building CXX object test\lib\usd\utils\CMakeFiles\testDiffValues.dir\test_DiffValuesMatrices.cpp.obj
[2022-07-12T21:50:56.537Z]     [22/663] Building CXX object test\lib\usd\utils\CMakeFiles\testDiffPrims.dir\main.cpp.obj
[2022-07-12T21:50:56.537Z]     [23/663] Building CXX object test\lib\usd\utils\CMakeFiles\testDiffValues.dir\test_DiffValuesFloatVecs.cpp.obj
[2022-07-12T21:50:56.874Z]     [24/663] Building CXX object test\lib\usd\utils\CMakeFiles\testDiffLists.dir\main.cpp.obj
[2022-07-12T21:50:56.874Z]     [25/663] Building CXX object lib\mayaUsd\CMakeFiles\mayaUsd.dir\base\tokens.cpp.obj
[2022-07-12T21:50:56.874Z]     [26/663] Building CXX object lib\mayaUsd\CMakeFiles\mayaUsd.dir\base\debugCodes.cpp.obj
[2022-07-12T21:50:56.874Z]     [27/663] Building CXX object test\lib\usd\utils\CMakeFiles\testDiffMetadatas.dir\main.cpp.obj
[2022-07-12T21:50:56.874Z]     [28/663] Building CXX object test\lib\usd\utils\CMakeFiles\testDiffDictionaries.dir\main.cpp.obj
[2022-07-12T21:50:58.029Z]     [29/663] Building CXX object test\lib\usd\utils\CMakeFiles\testDiffComputeOverall.dir\main.cpp.obj
[2022-07-12T21:50:58.029Z]     [30/663] Building CXX object test\lib\usd\utils\CMakeFiles\testDiffPrims.dir\test_DiffPrimsRelations.cpp.obj
[2022-07-12T21:50:58.029Z]     [31/663] Building CXX object test\lib\usd\utils\CMakeFiles\testMergePrims.dir\main.cpp.obj
[2022-07-12T21:50:58.736Z]     [32/663] Building CXX object test\lib\mayaUsd\utils\CMakeFiles\testSplitString.dir\testSplitString.cpp.obj
[2022-07-12T21:50:59.070Z]     [33/663] Building CXX object test\lib\usd\utils\CMakeFiles\testDiffValues.dir\test_DiffValuesDoubleVecs.cpp.obj
[2022-07-12T21:51:02.864Z]     [34/663] Building CXX object test\lib\usd\utils\CMakeFiles\testDiffPrims.dir\test_DiffPrims.cpp.obj
[2022-07-12T21:51:03.210Z]     [35/663] Building CXX object test\lib\usd\utils\CMakeFiles\testDiffPrims.dir\test_DiffPrimsChildren.cpp.obj
[2022-07-12T21:51:03.210Z]     [36/663] Building CXX object test\lib\usd\utils\CMakeFiles\testDiffPrims.dir\test_DiffPrimsAttributes.cpp.obj
[2022-07-12T21:51:03.210Z]     [37/663] Building CXX object test\lib\usd\utils\CMakeFiles\testDiffDictionaries.dir\test_DiffDictionaries.cpp.obj
[2022-07-12T21:51:03.552Z]     [38/663] Building CXX object test\lib\usd\utils\CMakeFiles\testDiffValues.dir\test_DiffValuesIntVecs.cpp.obj
[2022-07-12T21:51:03.942Z]     [39/663] Building CXX object lib\mayaUsd\CMakeFiles\mayaUsd.dir\commands\layerEditorWindowCommand.cpp.obj
[2022-07-12T21:51:03.942Z]     [40/663] Building CXX object test\lib\usd\utils\CMakeFiles\testDiffLists.dir\test_DiffLists.cpp.obj
[2022-07-12T21:51:04.278Z]     [41/663] Building CXX object test\lib\usd\utils\CMakeFiles\testDiffMetadatas.dir\test_DiffMetadatas.cpp.obj
[2022-07-12T21:51:04.985Z]     [42/663] Building CXX object test\lib\usd\utils\CMakeFiles\testDiffValues.dir\test_DiffValuesHalfVecs.cpp.obj
[2022-07-12T21:51:04.985Z]     [43/663] Building CXX object test\lib\usd\utils\CMakeFiles\testDiffComputeOverall.dir\test_DiffComputeOverall.cpp.obj
[2022-07-12T21:51:05.695Z]     [44/663] Building CXX object test\lib\usd\utils\CMakeFiles\testMergePrims.dir\test_MergePrims.cpp.obj
[2022-07-12T21:51:06.029Z]     [45/663] Building CXX object lib\mayaUsd\CMakeFiles\mayaUsd.dir\commands\editTargetCommand.cpp.obj
[2022-07-12T21:51:06.361Z]     [46/663] Building CXX object lib\mayaUsd\CMakeFiles\mayaUsd.dir\commands\baseImportCommand.cpp.obj
[2022-07-12T21:51:06.724Z]     [47/663] Building CXX object lib\mayaUsd\CMakeFiles\mayaUsd.dir\commands\baseListShadingModesCommand.cpp.obj
[2022-07-12T21:51:07.451Z]     [48/663] Building CXX object lib\mayaUsd\CMakeFiles\mayaUsd.dir\commands\baseListJobContextsCommand.cpp.obj
[2022-07-12T21:51:07.802Z]     [49/663] Building CXX object lib\mayaUsd\CMakeFiles\mayaUsd.dir\commands\baseExportCommand.cpp.obj
[2022-07-12T21:51:08.945Z]     [50/663] Building CXX object lib\mayaUsd\CMakeFiles\mayaUsd.dir\fileio\jobContextRegistry.cpp.obj
[2022-07-12T21:51:09.654Z]     [51/663] Building CXX object lib\mayaUsd\CMakeFiles\mayaUsd.dir\fileio\fallbackPrimReader.cpp.obj
[2022-07-12T21:51:09.986Z]     [52/663] Building CXX object lib\mayaUsd\CMakeFiles\mayaUsd.dir\fileio\functorPrimReader.cpp.obj
[2022-07-12T21:51:09.986Z]     [53/663] Building CXX object lib\mayaUsd\CMakeFiles\mayaUsd.dir\commands\layerEditorCommand.cpp.obj
[2022-07-12T21:51:10.692Z]     [54/663] Building CXX object lib\mayaUsd\CMakeFiles\mayaUsd.dir\fileio\instancedNodeWriter.cpp.obj
[2022-07-12T21:51:10.692Z]     [55/663] Building CXX object lib\mayaUsd\CMakeFiles\mayaUsd.dir\fileio\importData.cpp.obj
[2022-07-12T21:51:12.340Z]     [56/663] Building CXX object lib\mayaUsd\CMakeFiles\mayaUsd.dir\fileio\primReader.cpp.obj
[2022-07-12T21:51:12.340Z]     [57/663] Building CXX object lib\mayaUsd\CMakeFiles\mayaUsd.dir\fileio\primReaderContext.cpp.obj
[2022-07-12T21:51:12.340Z]     [58/663] Building CXX object lib\mayaUsd\CMakeFiles\mayaUsd.dir\fileio\primReaderRegistry.cpp.obj
[2022-07-12T21:51:12.340Z]     [59/663] Building CXX object lib\mayaUsd\CMakeFiles\mayaUsd.dir\fileio\registryHelper.cpp.obj
[2022-07-12T21:51:12.672Z]     [60/663] Building CXX object lib\mayaUsd\CMakeFiles\mayaUsd.dir\fileio\functorPrimWriter.cpp.obj
[2022-07-12T21:51:13.382Z]     [61/663] Building CXX object lib\mayaUsd\CMakeFiles\mayaUsd.dir\fileio\chaser\exportChaser.cpp.obj
[2022-07-12T21:51:13.382Z]     [62/663] Building CXX object lib\mayaUsd\CMakeFiles\mayaUsd.dir\fileio\primReaderArgs.cpp.obj
[2022-07-12T21:51:13.714Z]     [63/663] Building CXX object lib\mayaUsd\CMakeFiles\mayaUsd.dir\fileio\schemaApiAdaptor.cpp.obj
[2022-07-12T21:51:14.048Z]     [64/663] Building CXX object lib\mayaUsd\CMakeFiles\mayaUsd.dir\fileio\primWriterContext.cpp.obj
[2022-07-12T21:51:14.048Z]     [65/663] Building CXX object lib\mayaUsd\CMakeFiles\mayaUsd.dir\fileio\primWriterArgs.cpp.obj
[2022-07-12T21:51:15.699Z]     [66/663] Building CXX object lib\mayaUsd\CMakeFiles\mayaUsd.dir\fileio\primWriterRegistry.cpp.obj
[2022-07-12T21:51:16.839Z]     [67/663] Building CXX object lib\mayaUsd\CMakeFiles\mayaUsd.dir\fileio\shaderReader.cpp.obj
[2022-07-12T21:51:16.839Z]     [68/663] Building CXX object lib\mayaUsd\CMakeFiles\mayaUsd.dir\fileio\shaderReaderRegistry.cpp.obj
[2022-07-12T21:51:17.171Z]     [69/663] Building CXX object lib\mayaUsd\CMakeFiles\mayaUsd.dir\fileio\schemaApiAdaptorRegistry.cpp.obj
[2022-07-12T21:51:17.877Z]     [70/663] Building CXX object lib\mayaUsd\CMakeFiles\mayaUsd.dir\fileio\primWriter.cpp.obj
[2022-07-12T21:51:18.209Z]     [71/663] Building CXX object lib\mayaUsd\CMakeFiles\mayaUsd.dir\fileio\shaderWriterRegistry.cpp.obj
[2022-07-12T21:51:19.364Z]     [72/663] Building CXX object lib\mayaUsd\CMakeFiles\mayaUsd.dir\fileio\chaser\exportChaserRegistry.cpp.obj
[2022-07-12T21:51:19.697Z]     [73/663] Building CXX object lib\mayaUsd\CMakeFiles\mayaUsd.dir\fileio\shaderWriter.cpp.obj
[2022-07-12T21:51:19.697Z]     [74/663] Building CXX object lib\mayaUsd\CMakeFiles\mayaUsd.dir\fileio\chaser\importChaserRegistry.cpp.obj
[2022-07-12T21:51:20.029Z]     [75/663] Building CXX object lib\mayaUsd\CMakeFiles\mayaUsd.dir\fileio\transformWriter.cpp.obj
[2022-07-12T21:51:21.172Z]     [76/663] Building CXX object lib\mayaUsd\CMakeFiles\mayaUsd.dir\fileio\chaser\importChaser.cpp.obj
[2022-07-12T21:51:21.879Z]     [77/663] Building CXX object lib\mayaUsd\CMakeFiles\mayaUsd.dir\fileio\writeJobContext.cpp.obj
[2022-07-12T21:51:21.879Z]     [78/663] Building CXX object lib\mayaUsd\CMakeFiles\mayaUsd.dir\fileio\jobs\modelKindProcessor.cpp.obj
[2022-07-12T21:51:21.879Z]     [79/663] Building CXX object lib\mayaUsd\CMakeFiles\mayaUsd.dir\fileio\jobs\meshDataReadJob.cpp.obj
[2022-07-12T21:51:24.117Z]     [80/663] Building CXX object lib\mayaUsd\CMakeFiles\mayaUsd.dir\fileio\shading\shadingModeImporter.cpp.obj
[2022-07-12T21:51:24.117Z]     [81/663] Building CXX object lib\mayaUsd\CMakeFiles\mayaUsd.dir\fileio\jobs\readJob.cpp.obj
[2022-07-12T21:51:25.765Z]     [82/663] Building CXX object lib\mayaUsd\CMakeFiles\mayaUsd.dir\fileio\shading\shadingModeDisplayColor.cpp.obj
[2022-07-12T21:51:26.097Z]     [83/663] Building CXX object lib\mayaUsd\CMakeFiles\mayaUsd.dir\fileio\jobs\writeJob.cpp.obj
[2022-07-12T21:51:26.097Z]     [84/663] Building CXX object lib\mayaUsd\CMakeFiles\mayaUsd.dir\fileio\jobs\jobArgs.cpp.obj
[2022-07-12T21:51:26.430Z]     [85/663] Building CXX object lib\mayaUsd\CMakeFiles\mayaUsd.dir\fileio\shading\shadingModeExporterContext.cpp.obj
[2022-07-12T21:51:26.779Z]     [86/663] Building CXX object lib\mayaUsd\CMakeFiles\mayaUsd.dir\render\pxrUsdMayaGL\userData.cpp.obj
[2022-07-12T21:51:27.487Z]     [87/663] Building CXX object lib\mayaUsd\CMakeFiles\mayaUsd.dir\render\pxrUsdMayaGL\softSelectHelper.cpp.obj
[2022-07-12T21:51:28.628Z]     [88/663] Building CXX object lib\mayaUsd\CMakeFiles\mayaUsd.dir\fileio\shading\shadingModePxrRis.cpp.obj
[2022-07-12T21:51:28.960Z]     [89/663] Building CXX object lib\mayaUsd\CMakeFiles\mayaUsd.dir\fileio\shading\shadingModeExporter.cpp.obj
[2022-07-12T21:51:29.670Z]     [90/663] Building CXX object lib\mayaUsd\CMakeFiles\mayaUsd.dir\fileio\shading\symmetricShaderWriter.cpp.obj
[2022-07-12T21:51:30.006Z]     [91/663] Building CXX object lib\mayaUsd\CMakeFiles\mayaUsd.dir\fileio\translators\skelBindingsProcessor.cpp.obj
[2022-07-12T21:51:30.842Z]     [92/663] Building CXX object lib\mayaUsd\CMakeFiles\mayaUsd.dir\fileio\shading\symmetricShaderReader.cpp.obj
[2022-07-12T21:51:30.842Z]     [93/663] Building CXX object lib\mayaUsd\CMakeFiles\mayaUsd.dir\fileio\translators\translatorGprim.cpp.obj
[2022-07-12T21:51:31.175Z]     [94/663] Building CXX object lib\mayaUsd\CMakeFiles\mayaUsd.dir\fileio\shading\shadingModeRegistry.cpp.obj
[2022-07-12T21:51:31.175Z]     [95/663] Building CXX object lib\mayaUsd\CMakeFiles\mayaUsd.dir\fileio\shading\shadingModeUseRegistry.cpp.obj
[2022-07-12T21:51:32.319Z]     [96/663] Building CXX object lib\mayaUsd\CMakeFiles\mayaUsd.dir\fileio\translators\translatorCamera.cpp.obj
[2022-07-12T21:51:32.319Z]     [97/663] Building CXX object lib\mayaUsd\CMakeFiles\mayaUsd.dir\fileio\translators\translatorCurves.cpp.obj
[2022-07-12T21:51:33.967Z]     [98/663] Building CXX object lib\mayaUsd\CMakeFiles\mayaUsd.dir\fileio\translators\translatorLight.cpp.obj
[2022-07-12T21:51:34.300Z]     [99/663] Building CXX object lib\mayaUsd\CMakeFiles\mayaUsd.dir\render\pxrUsdMayaGL\shapeAdapter.cpp.obj
[2022-07-12T21:51:34.300Z]     [100/663] Building CXX object lib\mayaUsd\CMakeFiles\mayaUsd.dir\render\pxrUsdMayaGL\sceneDelegate.cpp.obj
[2022-07-12T21:51:36.540Z]     [101/663] Building CXX object lib\mayaUsd\CMakeFiles\mayaUsd.dir\render\pxrUsdMayaGL\usdProxyShapeAdapter.cpp.obj
[2022-07-12T21:51:37.249Z]     [102/663] Building CXX object lib\mayaUsd\CMakeFiles\mayaUsd.dir\fileio\translators\translatorPrim.cpp.obj
[2022-07-12T21:51:37.582Z]     [103/663] Building CXX object lib\mayaUsd\CMakeFiles\mayaUsd.dir\render\vp2RenderDelegate\basisCurves.cpp.obj
[2022-07-12T21:51:37.582Z]     [104/663] Building CXX object lib\mayaUsd\CMakeFiles\mayaUsd.dir\fileio\translators\translatorMesh.cpp.obj
[2022-07-12T21:51:39.231Z]     [105/663] Building CXX object lib\mayaUsd\CMakeFiles\mayaUsd.dir\fileio\translators\translatorMayaReference.cpp.obj
[2022-07-12T21:51:39.231Z]     [106/663] Building CXX object lib\mayaUsd\CMakeFiles\mayaUsd.dir\fileio\translators\translatorXformable_decompose.cpp.obj
[2022-07-12T21:51:39.231Z]     [107/663] Building CXX object lib\mayaUsd\CMakeFiles\mayaUsd.dir\fileio\translators\translatorNurbsPatch.cpp.obj
[2022-07-12T21:51:39.937Z]     [108/663] Building CXX object lib\mayaUsd\CMakeFiles\mayaUsd.dir\fileio\translators\translatorXformable.cpp.obj
[2022-07-12T21:51:40.269Z]     [109/663] Building CXX object lib\mayaUsd\CMakeFiles\mayaUsd.dir\fileio\translators\translatorMaterial.cpp.obj
[2022-07-12T21:51:40.976Z]     [110/663] Building CXX object lib\mayaUsd\CMakeFiles\mayaUsd.dir\fileio\translators\translatorUtil.cpp.obj
[2022-07-12T21:51:40.976Z]     [111/663] Building CXX object lib\mayaUsd\CMakeFiles\mayaUsd.dir\fileio\translators\translatorRfMLight.cpp.obj
[2022-07-12T21:51:40.976Z]     [112/663] Building CXX object lib\mayaUsd\CMakeFiles\mayaUsd.dir\fileio\utils\roundTripUtil.cpp.obj
[2022-07-12T21:51:41.684Z]     [113/663] Building CXX object lib\mayaUsd\CMakeFiles\mayaUsd.dir\fileio\translators\translatorSkel.cpp.obj
[2022-07-12T21:51:42.017Z]     [114/663] Building CXX object lib\mayaUsd\CMakeFiles\mayaUsd.dir\fileio\utils\adaptor.cpp.obj
[2022-07-12T21:51:42.017Z]     [115/663] Building CXX object lib\mayaUsd\CMakeFiles\mayaUsd.dir\fileio\utils\readUtil.cpp.obj
[2022-07-12T21:51:42.771Z]     [116/663] Building CXX object lib\mayaUsd\CMakeFiles\mayaUsd.dir\listeners\notice.cpp.obj
[2022-07-12T21:51:42.771Z]     [117/663] Building CXX object lib\mayaUsd\CMakeFiles\mayaUsd.dir\fileio\utils\meshWriteUtils.cpp.obj
[2022-07-12T21:51:44.499Z]     [118/663] Building CXX object lib\mayaUsd\CMakeFiles\mayaUsd.dir\fileio\utils\jointWriteUtils.cpp.obj
[2022-07-12T21:51:45.702Z]     [119/663] Building CXX object lib\mayaUsd\CMakeFiles\mayaUsd.dir\python\moduleDeps.cpp.obj
[2022-07-12T21:51:47.398Z]     [120/663] Building CXX object lib\mayaUsd\CMakeFiles\mayaUsd.dir\fileio\utils\meshReadUtils.cpp.obj
[2022-07-12T21:51:47.398Z]     [121/663] Building CXX object lib\mayaUsd\CMakeFiles\mayaUsd.dir\listeners\proxyShapeNotice.cpp.obj
[2022-07-12T21:51:48.125Z]     [122/663] Building CXX object lib\mayaUsd\CMakeFiles\mayaUsd.dir\listeners\stageNoticeListener.cpp.obj
[2022-07-12T21:51:48.125Z]     [123/663] Building CXX object lib\mayaUsd\CMakeFiles\mayaUsd.dir\fileio\utils\userTaggedAttribute.cpp.obj
[2022-07-12T21:51:48.125Z]     [124/663] Building CXX object lib\mayaUsd\CMakeFiles\mayaUsd.dir\nodes\proxyShapeLoadRules.cpp.obj
[2022-07-12T21:51:48.125Z]     [125/663] Building CXX object lib\mayaUsd\CMakeFiles\mayaUsd.dir\fileio\utils\xformStack.cpp.obj
[2022-07-12T21:51:48.839Z]     [126/663] Building CXX object lib\mayaUsd\CMakeFiles\mayaUsd.dir\fileio\utils\shadingUtil.cpp.obj
[2022-07-12T21:51:48.839Z]     [127/663] Building CXX object lib\mayaUsd\CMakeFiles\mayaUsd.dir\nodes\pointBasedDeformerNode.cpp.obj
[2022-07-12T21:51:49.175Z]     [128/663] Building CXX object lib\mayaUsd\CMakeFiles\mayaUsd.dir\nodes\stageNode.cpp.obj
[2022-07-12T21:51:49.175Z]     [129/663] Building CXX object lib\mayaUsd\CMakeFiles\mayaUsd.dir\render\pxrUsdMayaGL\debugCodes.cpp.obj
[2022-07-12T21:51:49.175Z]     [130/663] Building CXX object lib\mayaUsd\CMakeFiles\mayaUsd.dir\render\px_vp20\glslProgram.cpp.obj
[2022-07-12T21:51:49.509Z]     [131/663] Building CXX object lib\mayaUsd\CMakeFiles\mayaUsd.dir\nodes\hdImagingShape.cpp.obj
[2022-07-12T21:51:49.847Z]     [132/663] Building CXX object lib\mayaUsd\CMakeFiles\mayaUsd.dir\nodes\proxyAccessor.cpp.obj
[2022-07-12T21:51:51.522Z]     [133/663] Building CXX object lib\mayaUsd\CMakeFiles\mayaUsd.dir\fileio\utils\writeUtil.cpp.obj
[2022-07-12T21:51:51.856Z]     [134/663] Building CXX object lib\mayaUsd\CMakeFiles\mayaUsd.dir\nodes\proxyShapeBase.cpp.obj
[2022-07-12T21:51:52.198Z]     [135/663] Building CXX object lib\mayaUsd\CMakeFiles\mayaUsd.dir\render\px_vp20\utils_legacy.cpp.obj
[2022-07-12T21:51:52.535Z]     [136/663] Building CXX object lib\usd\schemas\CMakeFiles\mayaUsd_Schemas.dir\tokens.cpp.obj
[2022-07-12T21:51:52.535Z]     [137/663] Building CXX object lib\usd\schemas\CMakeFiles\_schemas.dir\module.cpp.obj
[2022-07-12T21:51:53.245Z]     [138/663] Building CXX object lib\mayaUsd\CMakeFiles\mayaUsd.dir\render\px_vp20\utils.cpp.obj
[2022-07-12T21:51:53.581Z]     [139/663] Building CXX object lib\mayaUsd\CMakeFiles\mayaUsd.dir\nodes\layerManager.cpp.obj
[2022-07-12T21:51:54.831Z]     [140/663] Building CXX object lib\mayaUsd\CMakeFiles\mayaUsd.dir\nodes\usdPrimProvider.cpp.obj
[2022-07-12T21:51:55.445Z]     [141/663] Building CXX object lib\usd\schemas\CMakeFiles\mayaUsd_Schemas.dir\ModuleDeps.cpp.obj
[2022-07-12T21:51:56.174Z]     [142/663] Building CXX object lib\mayaUsd\CMakeFiles\mayaUsd.dir\nodes\stageData.cpp.obj
[2022-07-12T21:51:56.517Z]     [143/663] Building CXX object lib\mayaUsd\CMakeFiles\mayaUsd.dir\nodes\proxyShapePlugin.cpp.obj
[2022-07-12T21:51:56.851Z]     [144/663] Building CXX object lib\usd\hdMaya\CMakeFiles\hdMaya.dir\adapters\mayaAttrs.cpp.obj
[2022-07-12T21:51:57.558Z]     [145/663] Building CXX object lib\mayaUsd\CMakeFiles\mayaUsd.dir\render\pxrUsdMayaGL\proxyShapeDelegate.cpp.obj
[2022-07-12T21:51:59.215Z]     [146/663] Building CXX object lib\mayaUsd\CMakeFiles\mayaUsd.dir\render\pxrUsdMayaGL\instancerShapeAdapter.cpp.obj
[2022-07-12T21:51:59.547Z]     [147/663] Building CXX object lib\usd\schemas\CMakeFiles\mayaUsd_Schemas.dir\ALMayaReference.cpp.obj
[2022-07-12T21:51:59.547Z]     [148/663] Building CXX object lib\usd\schemas\CMakeFiles\mayaUsd_Schemas.dir\MayaReference.cpp.obj
[2022-07-12T21:51:59.879Z]     [149/663] Building CXX object lib\mayaUsd\CMakeFiles\mayaUsd.dir\render\pxrUsdMayaGL\hdImagingShapeUI.cpp.obj
[2022-07-12T21:51:59.879Z]     [150/663] Building CXX object lib\mayaUsd\CMakeFiles\mayaUsd.dir\render\pxrUsdMayaGL\hdImagingShapeDrawOverride.cpp.obj
[2022-07-12T21:52:00.213Z]     [151/663] Building CXX object lib\mayaUsd\CMakeFiles\mayaUsd.dir\render\pxrUsdMayaGL\proxyDrawOverride.cpp.obj
[2022-07-12T21:52:00.213Z]     [152/663] Building CXX object lib\mayaUsd\CMakeFiles\mayaUsd.dir\render\pxrUsdMayaGL\proxyShapeUI.cpp.obj
[2022-07-12T21:52:00.538Z]     [153/663] Building CXX object lib\mayaUsd\CMakeFiles\mayaUsd.dir\render\pxrUsdMayaGL\instancerImager.cpp.obj
[2022-07-12T21:52:01.057Z]     [154/663] Building CXX object lib\usd\hdMaya\CMakeFiles\hdMaya.dir\adapters\nurbsCurveAdapter.cpp.obj
[2022-07-12T21:52:01.057Z]     [155/663] Building CXX object lib\usd\hdMaya\CMakeFiles\hdMaya.dir\adapters\meshAdapter.cpp.obj
[2022-07-12T21:52:01.057Z]     [156/663] Building CXX object lib\usd\hdMaya\CMakeFiles\hdMaya.dir\adapters\tokens.cpp.obj
[2022-07-12T21:52:01.390Z]     [157/663] Building CXX object lib\mayaUsd\CMakeFiles\mayaUsd.dir\render\pxrUsdMayaGL\batchRenderer.cpp.obj
[2022-07-12T21:52:01.722Z]     [158/663] Building CXX object lib\usd\hdMaya\CMakeFiles\hdMaya.dir\delegates\delegateDebugCodes.cpp.obj
[2022-07-12T21:52:02.055Z]     [159/663] Linking CXX shared library lib\usd\schemas\mayaUsd_Schemas.dll
[2022-07-12T21:52:02.398Z]     [160/663] Building CXX object lib\usd\pxrUsdPreviewSurface\CMakeFiles\basePxrUsdPreviewSurface.dir\cpvColor.cpp.obj
[2022-07-12T21:52:02.729Z]     [161/663] Building CXX object lib\usd\hdMaya\CMakeFiles\hdMaya.dir\adapters\pointLightAdapter.cpp.obj
[2022-07-12T21:52:03.062Z]     [162/663] Building CXX object lib\usd\pxrUsdPreviewSurface\CMakeFiles\basePxrUsdPreviewSurface.dir\usdPreviewSurfaceShadingNodeOverride.cpp.obj
[2022-07-12T21:52:04.211Z]     [163/663] Building CXX object lib\usd\pxrUsdPreviewSurface\CMakeFiles\basePxrUsdPreviewSurface.dir\usdPreviewSurface.cpp.obj
[2022-07-12T21:52:04.211Z]     [164/663] Building CXX object lib\usd\hdMaya\CMakeFiles\hdMaya.dir\adapters\materialAdapter.cpp.obj
[2022-07-12T21:52:04.211Z]     [165/663] Building CXX object lib\usd\hdMaya\CMakeFiles\hdMaya.dir\adapters\shapeAdapter.cpp.obj
[2022-07-12T21:52:05.361Z]     [166/663] Building CXX object lib\usd\hdMaya\CMakeFiles\hdMaya.dir\delegates\delegate.cpp.obj
[2022-07-12T21:52:05.696Z]     [167/663] Building CXX object lib\usd\hdMaya\CMakeFiles\hdMaya.dir\delegates\delegateCtx.cpp.obj
[2022-07-12T21:52:06.029Z]     [168/663] Building CXX object lib\usd\hdMaya\CMakeFiles\hdMaya.dir\adapters\spotLightAdapter.cpp.obj
[2022-07-12T21:52:07.170Z]     [169/663] Building CXX object lib\usd\hdMaya\CMakeFiles\hdMaya.dir\delegates\delegateRegistry.cpp.obj
[2022-07-12T21:52:07.877Z]     [170/663] Building CXX object lib\usd\hdMaya\CMakeFiles\hdMaya.dir\adapters\materialNetworkConverter.cpp.obj
[2022-07-12T21:52:09.525Z]     [171/663] Building CXX object lib\usd\hdMaya\CMakeFiles\hdMaya.dir\delegates\sceneDelegate.cpp.obj
[2022-07-12T21:52:10.232Z]     [172/663] Building CXX object lib\usd\pxrUsdPreviewSurface\CMakeFiles\basePxrUsdPreviewSurface.dir\usdPreviewSurfacePlugin.cpp.obj
[2022-07-12T21:52:10.944Z]     [173/663] Building CXX object lib\usd\pxrUsdPreviewSurface\CMakeFiles\basePxrUsdPreviewSurface.dir\usdPreviewSurfaceWriter.cpp.obj
[2022-07-12T21:52:11.665Z]     [174/663] Building CXX object lib\usd\pxrUsdPreviewSurface\CMakeFiles\basePxrUsdPreviewSurface.dir\usdPreviewSurfaceReader.cpp.obj
[2022-07-12T21:52:12.020Z]     [175/663] Building CXX object lib\usd\hdMaya\CMakeFiles\hdMaya.dir\delegates\proxyDelegate.cpp.obj
[2022-07-12T21:52:12.020Z]     [176/663] Building CXX object lib\usd\hdMaya\CMakeFiles\hdMaya.dir\delegates\proxyUsdImagingDelegate.cpp.obj
[2022-07-12T21:52:12.364Z]     [177/663] Building CXX object lib\usd\hdMaya\CMakeFiles\hdMaya.dir\delegates\testDelegate.cpp.obj
[2022-07-12T21:52:12.364Z]     [178/663] Building CXX object lib\usd\translators\CMakeFiles\mayaUsd_Translators.dir\cameraWriter.cpp.obj
[2022-07-12T21:52:13.072Z]     [179/663] Building CXX object lib\usd\translators\CMakeFiles\mayaUsd_Translators.dir\cameraReader.cpp.obj
[2022-07-12T21:52:13.072Z]     [180/663] Building CXX object lib\usd\translators\CMakeFiles\mayaUsd_Translators.dir\lightRfMWriter.cpp.obj
[2022-07-12T21:52:13.408Z]     [181/663] Building CXX object lib\usd\translators\CMakeFiles\mayaUsd_Translators.dir\lightRfMReader.cpp.obj
[2022-07-12T21:52:13.744Z]     [182/663] Building CXX object lib\usd\translators\CMakeFiles\mayaUsd_Translators.dir\lightReader.cpp.obj
[2022-07-12T21:52:13.744Z]     [183/663] Building CXX object lib\usd\translators\CMakeFiles\mayaUsd_Translators.dir\instancerWriter.cpp.obj
[2022-07-12T21:52:14.080Z]     [184/663] Building CXX object lib\usd\translators\CMakeFiles\mayaUsd_Translators.dir\plugin.cpp.obj
[2022-07-12T21:52:14.080Z]     [185/663] Building CXX object lib\usd\translators\CMakeFiles\mayaUsd_Translators.dir\lightWriter.cpp.obj
[2022-07-12T21:52:14.794Z]     [186/663] Building CXX object lib\usd\translators\CMakeFiles\mayaUsd_Translators.dir\jointWriter.cpp.obj
[2022-07-12T21:52:17.036Z]     [187/663] Building CXX object lib\usd\translators\CMakeFiles\mayaUsd_Translators.dir\shading\shadingTokens.cpp.obj
[2022-07-12T21:52:17.368Z]     [188/663] Building CXX object lib\usd\translators\CMakeFiles\mayaUsd_Translators.dir\meshWriter.cpp.obj
[2022-07-12T21:52:17.700Z]     [189/663] Building CXX object lib\usd\translators\CMakeFiles\mayaUsd_Translators.dir\meshReader.cpp.obj
[2022-07-12T21:52:18.844Z]     [190/663] Building CXX object lib\usd\translators\CMakeFiles\mayaUsd_Translators.dir\locatorWriter.cpp.obj
[2022-07-12T21:52:19.559Z]     [191/663] Building CXX object lib\usd\translators\CMakeFiles\mayaUsd_Translators.dir\nurbsPatchReader.cpp.obj
[2022-07-12T21:52:19.559Z]     [192/663] Building CXX object lib\usd\translators\CMakeFiles\mayaUsd_Translators.dir\mayaReferenceReader.cpp.obj
[2022-07-12T21:52:19.559Z]     [193/663] Building CXX object lib\usd\translators\CMakeFiles\mayaUsd_Translators.dir\materialReader.cpp.obj
[2022-07-12T21:52:20.265Z]     [194/663] Building CXX object lib\usd\translators\CMakeFiles\mayaUsd_Translators.dir\nurbsCurvesReader.cpp.obj
[2022-07-12T21:52:21.412Z]     [195/663] Building CXX object lib\usd\translators\CMakeFiles\mayaUsd_Translators.dir\xformReader.cpp.obj
[2022-07-12T21:52:21.412Z]     [196/663] Building CXX object lib\usd\translators\CMakeFiles\mayaUsd_Translators.dir\nurbsCurveWriter.cpp.obj
[2022-07-12T21:52:21.412Z]     [197/663] Building CXX object lib\usd\translators\CMakeFiles\mayaUsd_Translators.dir\scopeReader.cpp.obj
[2022-07-12T21:52:21.745Z]     [198/663] Building CXX object lib\usd\translators\CMakeFiles\mayaUsd_Translators.dir\nurbsSurfaceWriter.cpp.obj
[2022-07-12T21:52:22.077Z]     [199/663] Building CXX object lib\usd\translators\CMakeFiles\mayaUsd_Translators.dir\skelReader.cpp.obj
[2022-07-12T21:52:22.077Z]     [200/663] Building CXX object lib\usd\translators\CMakeFiles\mayaUsd_Translators.dir\particleWriter.cpp.obj
[2022-07-12T21:52:23.218Z]     [201/663] Building CXX object lib\usd\translators\CMakeFiles\mayaUsd_Translators.dir\meshWriter_BlendShapes.cpp.obj
[2022-07-12T21:52:23.552Z]     [202/663] Building CXX object lib\usd\translators\CMakeFiles\mayaUsd_Translators.dir\strokeWriter.cpp.obj
[2022-07-12T21:52:26.496Z]     [203/663] Building CXX object lib\usd\translators\CMakeFiles\mayaUsd_Translators.dir\shading\usdBlinnReader.cpp.obj
[2022-07-12T21:52:26.827Z]     [204/663] Building CXX object lib\usd\translators\CMakeFiles\mayaUsd_Translators.dir\shading\usdLambertReader.cpp.obj
[2022-07-12T21:52:26.828Z]     [205/663] Building CXX object lib\usd\translators\CMakeFiles\mayaUsd_Translators.dir\shading\usdDisplacementShaderWriter.cpp.obj
[2022-07-12T21:52:27.970Z]     [206/663] Building CXX object test\lib\mayaUsd\utils\CMakeFiles\testLoadRules.dir\main.cpp.obj
[2022-07-12T21:52:27.970Z]     [207/663] Building CXX object lib\usd\translators\CMakeFiles\mayaUsd_Translators.dir\shading\usdMaterialReader.cpp.obj
[2022-07-12T21:52:28.302Z]     [208/663] Building CXX object lib\usd\translators\CMakeFiles\mayaUsd_Translators.dir\shading\usdFileTextureWriter.cpp.obj
[2022-07-12T21:52:28.302Z]     [209/663] Building CXX object lib\usd\translators\CMakeFiles\mayaUsd_Translators.dir\shading\usdBlinnWriter.cpp.obj
[2022-07-12T21:52:28.302Z]     [210/663] Building CXX object lib\usd\translators\CMakeFiles\mayaUsd_Translators.dir\shading\usdPhongReader.cpp.obj
[2022-07-12T21:52:28.302Z]     [211/663] Building CXX object lib\usd\translators\CMakeFiles\mayaUsd_Translators.dir\shading\usdLambertWriter.cpp.obj
[2022-07-12T21:52:28.634Z]     [212/663] Building CXX object lib\usd\utils\CMakeFiles\mayaUsdUtils.dir\DiffCore.cpp.obj
[2022-07-12T21:52:28.968Z]     [213/663] Building CXX object lib\usd\translators\CMakeFiles\mayaUsd_Translators.dir\shading\usdMaterialWriter.cpp.obj
[2022-07-12T21:52:28.968Z]     [214/663] Building CXX object lib\usd\translators\CMakeFiles\mayaUsd_Translators.dir\shading\usdStandardSurfaceReader.cpp.obj
[2022-07-12T21:52:28.968Z]     [215/663] Building CXX object lib\usd\translators\CMakeFiles\mayaUsd_Translators.dir\shading\usdPhongWriter.cpp.obj
[2022-07-12T21:52:29.300Z]     [216/663] Building CXX object lib\usd\utils\CMakeFiles\mayaUsdUtils.dir\DebugCodes.cpp.obj
[2022-07-12T21:52:30.006Z]     [217/663] Building CXX object lib\usd\translators\CMakeFiles\mayaUsd_Translators.dir\shading\usdReflectWriter.cpp.obj
[2022-07-12T21:52:30.447Z]     [218/663] Building CXX object lib\usd\translators\CMakeFiles\mayaUsd_Translators.dir\shading\usdUVTextureReader.cpp.obj
[2022-07-12T21:52:31.155Z]     [219/663] Building CXX object lib\usd\translators\CMakeFiles\mayaUsd_Translators.dir\shading\usdPhongEWriter.cpp.obj
[2022-07-12T21:52:31.488Z]     [220/663] Building CXX object lib\usd\translators\CMakeFiles\mayaUsd_Translators.dir\shading\rfmShaderTranslation.cpp.obj
[2022-07-12T21:52:31.824Z]     [221/663] Building CXX object lib\usd\schemas\CMakeFiles\_schemas.dir\wrapTokens.cpp.obj
[2022-07-12T21:52:31.824Z]     [222/663] Building CXX object lib\usd\translators\CMakeFiles\mayaUsd_Translators.dir\shading\usdPrimvarReaderFloat3Reader.cpp.obj
[2022-07-12T21:52:33.498Z]     [223/663] Building CXX object plugin\al\mayautils\AL\maya\tests\mayaplugintest\CMakeFiles\AL_MayaUtilsTests.dir\test_maya_MenuBuilder.cpp.obj
[2022-07-12T21:52:33.838Z]     [224/663] Building CXX object plugin\al\mayautils\AL\maya\tests\mayaplugintest\CMakeFiles\AL_MayaUtilsTests.dir\test_maya_NodeHelper.cpp.obj
[2022-07-12T21:52:33.838Z]     [225/663] Building CXX object test\lib\mayaUsd\utils\CMakeFiles\testLoadRules.dir\testLoadRules.cpp.obj
[2022-07-12T21:52:33.838Z]     [226/663] Copying exportCommand.h ...
[2022-07-12T21:52:34.173Z]     [227/663] Copying translatorModelAssembly.h ...
[2022-07-12T21:52:34.173Z]     [228/663] Copying api.h ...
[2022-07-12T21:52:34.173Z]     [229/663] Copying editUtil.h ...
[2022-07-12T21:52:34.173Z]     [230/663] Copying exportTranslator.h ...
[2022-07-12T21:52:34.173Z]     [231/663] Copying listShadingModesCommand.h ...
[2022-07-12T21:52:34.508Z]     [232/663] Copying referenceAssembly.h ...
[2022-07-12T21:52:34.508Z]     [233/663] Copying readJobWithSceneAssembly.h ...
[2022-07-12T21:52:34.508Z]     [234/663] Building CXX object plugin\al\mayautils\AL\maya\tests\mayaplugintest\CMakeFiles\AL_MayaUtilsTests.dir\utils\CommandGuiHelperTest.cpp.obj
[2022-07-12T21:52:34.508Z]     [235/663] Copying importTranslator.h ...
[2022-07-12T21:52:34.508Z]     [236/663] Copying instancerShapeAdapterWithSceneAssembly.h ...
[2022-07-12T21:52:34.841Z]     [237/663] Copying importCommand.h ...
[2022-07-12T21:52:34.841Z]     [238/663] Generating AEpxrUsdReferenceAssemblyTemplate.pyc
[2022-07-12T21:52:34.841Z]     [239/663] Copying proxyShape.h ...
[2022-07-12T21:52:34.841Z]     [240/663] Generating __init__.pyc
[2022-07-12T21:52:35.174Z]     [241/663] Building CXX object lib\usd\utils\CMakeFiles\mayaUsdUtils.dir\DiffAttributes.cpp.obj
[2022-07-12T21:52:35.174Z]     [242/663] Building CXX object lib\usd\utils\CMakeFiles\mayaUsdUtils.dir\DiffDictionaries.cpp.obj
[2022-07-12T21:52:35.174Z]     [243/663] Building CXX object plugin\al\mayautils\AL\maya\tests\mayaplugintest\CMakeFiles\AL_MayaUtilsTests.dir\test_mobjectmap.cpp.obj
[2022-07-12T21:52:35.507Z]     [244/663] Building CXX object lib\usd\utils\CMakeFiles\mayaUsdUtils.dir\DiffMetadatas.cpp.obj
[2022-07-12T21:52:35.507Z]     [245/663] Building CXX object lib\usd\translators\CMakeFiles\mayaUsd_Translators.dir\shading\usdStandardSurfaceWriter.cpp.obj
[2022-07-12T21:52:35.839Z]     [246/663] Building CXX object lib\usd\utils\CMakeFiles\mayaUsdUtils.dir\MergePrimsOptions.cpp.obj
[2022-07-12T21:52:36.173Z]     [247/663] Building CXX object lib\usd\utils\CMakeFiles\mayaUsdUtils.dir\DiffPrims.cpp.obj
[2022-07-12T21:52:36.720Z]     [248/663] Building CXX object lib\usd\utils\CMakeFiles\mayaUsdUtils.dir\DiffLists.cpp.obj
[2022-07-12T21:52:37.053Z]     [249/663] Building CXX object lib\usd\utils\CMakeFiles\mayaUsdUtils.dir\DiffRelationships.cpp.obj
[2022-07-12T21:52:37.053Z]     [250/663] Building CXX object plugin\pxr\maya\lib\usdMaya\CMakeFiles\usdMaya.dir\listShadingModesCommand.cpp.obj
[2022-07-12T21:52:37.390Z]     [251/663] Copying api.h ...
[2022-07-12T21:52:37.390Z]     [252/663] Generating userExportedAttributesUI.pyc
[2022-07-12T21:52:37.390Z]     [253/663] Building CXX object plugin\pxr\maya\lib\usdMaya\CMakeFiles\_usdMaya.dir\module.cpp.obj
[2022-07-12T21:52:37.390Z]     [254/663] Building CXX object lib\usd\schemas\CMakeFiles\_schemas.dir\wrapALMayaReference.cpp.obj
[2022-07-12T21:52:38.096Z]     [255/663] Building CXX object lib\usd\schemas\CMakeFiles\_schemas.dir\wrapMayaReference.cpp.obj
[2022-07-12T21:52:38.802Z]     [256/663] Linking CXX shared library lib\usd\schemas\_schemas.pyd
[2022-07-12T21:52:39.508Z]     [257/663] Building CXX object lib\usd\utils\CMakeFiles\mayaUsdUtils.dir\util.cpp.obj
[2022-07-12T21:52:39.839Z]     [258/663] Building CXX object lib\usd\utils\CMakeFiles\mayaUsdUtils.dir\DiffValues.cpp.obj
[2022-07-12T21:52:39.839Z]     [259/663] Copying api.h ...
[2022-07-12T21:52:40.173Z]     [260/663] Building CXX object lib\usd\utils\CMakeFiles\mayaUsdUtils.dir\MergePrims.cpp.obj
[2022-07-12T21:52:41.324Z]     [261/663] Linking CXX shared library lib\usd\utils\mayaUsdUtils.dll
[2022-07-12T21:52:41.656Z]     [262/663] Linking CXX executable test\lib\usd\utils\testDiffCore.exe
[2022-07-12T21:52:42.361Z]     [263/663] Linking CXX executable test\lib\usd\utils\testDiffAttributes.exe
[2022-07-12T21:52:42.693Z]     [264/663] Building CXX object plugin\pxr\maya\lib\usdMaya\CMakeFiles\usdMaya.dir\importCommand.cpp.obj
[2022-07-12T21:52:43.025Z]     [265/663] Linking CXX executable test\lib\usd\utils\testDiffPrims.exe
[2022-07-12T21:52:43.357Z]     [266/663] Linking CXX executable test\lib\usd\utils\testDiffValues.exe
[2022-07-12T21:52:43.689Z]     [267/663] Building CXX object plugin\pxr\maya\lib\usdMaya\CMakeFiles\usdMaya.dir\readJobWithSceneAssembly.cpp.obj
[2022-07-12T21:52:43.689Z]     [268/663] Linking CXX executable test\lib\usd\utils\testDiffLists.exe
[2022-07-12T21:52:44.020Z]     [269/663] Building CXX object plugin\pxr\maya\lib\usdMaya\CMakeFiles\usdMaya.dir\editUtil.cpp.obj
[2022-07-12T21:52:44.021Z]     [270/663] Linking CXX executable test\lib\usd\utils\testDiffRelationships.exe
[2022-07-12T21:52:44.352Z]     [271/663] Linking CXX executable test\lib\usd\utils\testDiffDictionaries.exe
[2022-07-12T21:52:44.683Z]     [272/663] Linking CXX executable test\lib\usd\utils\testDiffComputeOverall.exe
[2022-07-12T21:52:44.683Z]     [273/663] Linking CXX executable test\lib\usd\utils\testMergePrims.exe
[2022-07-12T21:52:44.683Z]     [274/663] Building CXX object plugin\pxr\maya\lib\usdMaya\CMakeFiles\usdMaya.dir\importTranslator.cpp.obj
[2022-07-12T21:52:44.683Z]     [275/663] Linking CXX executable test\lib\usd\utils\testDiffMetadatas.exe
[2022-07-12T21:52:45.393Z]     [276/663] Building CXX object plugin\pxr\maya\lib\usdMaya\CMakeFiles\usdMaya.dir\readJob_ImportWithProxies.cpp.obj
[2022-07-12T21:52:45.393Z]     [277/663] Building CXX object plugin\pxr\maya\plugin\pxrUsd\CMakeFiles\pxrUsd.dir\usdTranslator.cpp.obj
[2022-07-12T21:52:45.393Z]     [278/663] Building CXX object plugin\pxr\maya\lib\usdMaya\CMakeFiles\usdMaya.dir\translatorModelAssembly.cpp.obj
[2022-07-12T21:52:45.724Z]     [279/663] Building CXX object plugin\al\utils\AL\CMakeFiles\AL_EventSystem.dir\event\EventHandler.cpp.obj
[2022-07-12T21:52:45.724Z]     [280/663] Building CXX object plugin\pxr\maya\lib\usdMaya\CMakeFiles\_usdMaya.dir\wrapAssembly.cpp.obj
[2022-07-12T21:52:46.056Z]     [281/663] Building CXX object plugin\pxr\maya\lib\usdMaya\CMakeFiles\usdMaya.dir\proxyShape.cpp.obj
[2022-07-12T21:52:46.056Z]     [282/663] Building CXX object plugin\al\mayautils\AL\maya\CMakeFiles\AL_MayaUtils.dir\utils\NodeHelper.cpp.obj
[2022-07-12T21:52:46.056Z]     [283/663] Building CXX object plugin\pxr\maya\plugin\pxrUsd\CMakeFiles\pxrUsd.dir\alembicChaser.cpp.obj
[2022-07-12T21:52:46.056Z]     [284/663] Building CXX object plugin\al\mayautils\AL\maya\CMakeFiles\AL_MayaUtils.dir\utils\FileTranslatorOptions.cpp.obj
[2022-07-12T21:52:46.387Z]     [285/663] Building CXX object plugin\al\mayatest\AL\maya\test\CMakeFiles\AL_MayaTest.dir\testHarness.cpp.obj
[2022-07-12T21:52:46.387Z]     [286/663] Building CXX object plugin\al\mayautils\AL\maya\CMakeFiles\AL_MayaUtils.dir\utils\MenuBuilder.cpp.obj
[2022-07-12T21:52:46.719Z]     [287/663] Linking CXX shared library plugin\al\utils\AL\AL_EventSystem.dll
[2022-07-12T21:52:46.719Z]     [288/663] Building CXX object plugin\al\mayautils\AL\maya\CMakeFiles\AL_MayaUtils.dir\utils\Utils.cpp.obj
[2022-07-12T21:52:47.049Z]     [289/663] Building CXX object plugin\al\mayatest\AL\maya\test\CMakeFiles\AL_MayaTest.dir\testHelpers.cpp.obj
[2022-07-12T21:52:47.049Z]     [290/663] Building CXX object plugin\al\mayautils\AL\maya\CMakeFiles\AL_MayaUtils.dir\event\MayaEventManager.cpp.obj
[2022-07-12T21:52:47.049Z]     [291/663] Building CXX object plugin\al\mayautils\AL\maya\CMakeFiles\AL_MayaUtils.dir\utils\PluginTranslatorOptions.cpp.obj
[2022-07-12T21:52:47.385Z]     [292/663] Building CXX object plugin\al\mayautils\AL\maya\tests\mayaplugintest\CMakeFiles\AL_MayaUtilsTests.dir\plugin.cpp.obj
[2022-07-12T21:52:47.385Z]     [293/663] Building CXX object plugin\pxr\maya\lib\usdMaya\CMakeFiles\usdMaya.dir\instancerShapeAdapterWithSceneAssembly.cpp.obj
[2022-07-12T21:52:47.386Z]     [294/663] Building CXX object plugin\al\mayautils\AL\maya\CMakeFiles\AL_MayaUtils.dir\utils\CommandGuiHelper.cpp.obj
[2022-07-12T21:52:47.716Z]     [295/663] Linking CXX shared library plugin\al\mayatest\AL\maya\test\AL_MayaTest.dll
[2022-07-12T21:52:47.716Z]     [296/663] Building CXX object lib\mayaUsd\CMakeFiles\mayaUsd.dir\undo\OpUndoItemRecorder.cpp.obj
[2022-07-12T21:52:48.429Z]     [297/663] Linking CXX shared library plugin\al\mayautils\AL\maya\AL_MayaUtils.dll
[2022-07-12T21:52:48.429Z]     [298/663] Building CXX object plugin\pxr\maya\lib\usdMaya\CMakeFiles\_usdMaya.dir\wrapEditUtil.cpp.obj
[2022-07-12T21:52:48.429Z]     [299/663] Building CXX object lib\mayaUsd\CMakeFiles\mayaUsd.dir\render\vp2RenderDelegate\bboxGeom.cpp.obj
[2022-07-12T21:52:48.759Z]     [300/663] Building CXX object lib\mayaUsd\CMakeFiles\mayaUsd.dir\render\vp2RenderDelegate\debugCodes.cpp.obj
[2022-07-12T21:52:48.759Z]     [301/663] Building CXX object plugin\pxr\maya\plugin\pxrUsdPreviewSurface\CMakeFiles\pxrUsdPreviewSurface.dir\plugin.cpp.obj
[2022-07-12T21:52:48.759Z]     [302/663] Building CXX object lib\mayaUsd\CMakeFiles\mayaUsd.dir\render\vp2RenderDelegate\meshViewportCompute.cpp.obj
[2022-07-12T21:52:49.466Z]     [303/663] Building CXX object plugin\pxr\maya\lib\usdMaya\CMakeFiles\usdMaya.dir\referenceAssembly.cpp.obj
[2022-07-12T21:52:49.795Z]     [304/663] Building CXX object lib\mayaUsd\CMakeFiles\mayaUsd.dir\render\vp2RenderDelegate\tokens.cpp.obj
[2022-07-12T21:52:50.942Z]     [305/663] Building CXX object lib\mayaUsd\CMakeFiles\mayaUsd.dir\undo\OpUndoItemList.cpp.obj
[2022-07-12T21:52:51.648Z]     [306/663] Building CXX object plugin\pxr\maya\plugin\pxrUsd\CMakeFiles\pxrUsd.dir\plugin.cpp.obj
[2022-07-12T21:52:52.353Z]     [307/663] Building CXX object lib\mayaUsd\CMakeFiles\mayaUsd.dir\render\vp2RenderDelegate\sampler.cpp.obj
[2022-07-12T21:52:52.353Z]     [308/663] Building CXX object lib\mayaUsd\CMakeFiles\mayaUsd.dir\render\vp2RenderDelegate\extComputation.cpp.obj
[2022-07-12T21:52:52.685Z]     [309/663] Building CXX object lib\mayaUsd\CMakeFiles\mayaUsd.dir\render\vp2RenderDelegate\draw_item.cpp.obj
[2022-07-12T21:52:53.018Z]     [310/663] Building CXX object lib\mayaUsd\CMakeFiles\mayaUsd.dir\render\vp2RenderDelegate\shader.cpp.obj
[2022-07-12T21:52:53.349Z]     [311/663] Building CXX object lib\mayaUsd\CMakeFiles\mayaUsd.dir\undo\UsdUndoBlock.cpp.obj
[2022-07-12T21:52:53.349Z]     [312/663] Building CXX object lib\mayaUsd\CMakeFiles\mayaUsd.dir\render\vp2RenderDelegate\instancer.cpp.obj
[2022-07-12T21:52:53.679Z]     [313/663] Building CXX object lib\mayaUsd\CMakeFiles\mayaUsd.dir\undo\UsdUndoManager.cpp.obj
[2022-07-12T21:52:54.388Z]     [314/663] Building CXX object lib\mayaUsd\CMakeFiles\mayaUsd.dir\ufe\private\Utils.cpp.obj
[2022-07-12T21:52:54.766Z]     [315/663] Building CXX object lib\mayaUsd\CMakeFiles\mayaUsd.dir\render\vp2RenderDelegate\render_param.cpp.obj
[2022-07-12T21:52:56.418Z]     [316/663] Building CXX object lib\mayaUsd\CMakeFiles\mayaUsd.dir\render\vp2ShaderFragments\shaderFragments.cpp.obj
[2022-07-12T21:52:57.558Z]     [317/663] Building CXX object lib\mayaUsd\CMakeFiles\mayaUsd.dir\undo\OpUndoItems.cpp.obj
[2022-07-12T21:52:58.309Z]     [318/663] Building CXX object lib\mayaUsd\CMakeFiles\mayaUsd.dir\render\vp2RenderDelegate\render_delegate.cpp.obj
[2022-07-12T21:52:58.647Z]     [319/663] Building CXX object lib\mayaUsd\CMakeFiles\mayaUsd.dir\render\vp2RenderDelegate\material.cpp.obj
[2022-07-12T21:52:58.647Z]     [320/663] Building CXX object lib\mayaUsd\CMakeFiles\mayaUsd.dir\render\vp2RenderDelegate\proxyRenderDelegate.cpp.obj
[2022-07-12T21:52:59.353Z]     [321/663] Building CXX object lib\mayaUsd\CMakeFiles\mayaUsd.dir\render\vp2RenderDelegate\mayaPrimCommon.cpp.obj
[2022-07-12T21:53:00.063Z]     [322/663] Building CXX object lib\mayaUsd\CMakeFiles\mayaUsd.dir\ufe\ProxyShapeHandler.cpp.obj
[2022-07-12T21:53:00.063Z]     [323/663] Building CXX object lib\mayaUsd\CMakeFiles\mayaUsd.dir\render\vp2RenderDelegate\points.cpp.obj
[2022-07-12T21:53:01.222Z]     [324/663] Building CXX object lib\mayaUsd\CMakeFiles\mayaUsd.dir\render\vp2RenderDelegate\mesh.cpp.obj
[2022-07-12T21:53:04.160Z]     [325/663] Building CXX object lib\mayaUsd\CMakeFiles\mayaUsd.dir\ufe\ProxyShapeHierarchy.cpp.obj
[2022-07-12T21:53:04.160Z]     [326/663] Building CXX object lib\mayaUsd\CMakeFiles\mayaUsd.dir\ufe\ProxyShapeHierarchyHandler.cpp.obj
[2022-07-12T21:53:04.869Z]     [327/663] Building CXX object lib\mayaUsd\CMakeFiles\mayaUsd.dir\ufe\Global.cpp.obj
[2022-07-12T21:53:04.869Z]     [328/663] Building CXX object lib\mayaUsd\CMakeFiles\mayaUsd.dir\ufe\UsdPointInstanceScaleModifier.cpp.obj
[2022-07-12T21:53:05.385Z]     [329/663] Building CXX object lib\mayaUsd\CMakeFiles\mayaUsd.dir\ufe\StagesSubject.cpp.obj
[2022-07-12T21:53:05.723Z]     [330/663] Building CXX object lib\mayaUsd\CMakeFiles\mayaUsd.dir\ufe\UsdHierarchyHandler.cpp.obj
[2022-07-12T21:53:05.723Z]     [331/663] Building CXX object lib\mayaUsd\CMakeFiles\mayaUsd.dir\ufe\UsdPointInstancePositionModifier.cpp.obj
[2022-07-12T21:53:07.378Z]     [332/663] Building CXX object lib\mayaUsd\CMakeFiles\mayaUsd.dir\ufe\UsdRootChildHierarchy.cpp.obj
[2022-07-12T21:53:07.712Z]     [333/663] Building CXX object lib\mayaUsd\CMakeFiles\mayaUsd.dir\ufe\UsdSceneItemOps.cpp.obj
[2022-07-12T21:53:08.363Z]     [334/663] Building CXX object lib\mayaUsd\CMakeFiles\mayaUsd.dir\ufe\UsdRotatePivotTranslateUndoableCommand.cpp.obj
[2022-07-12T21:53:08.363Z]     [335/663] Building CXX object lib\mayaUsd\CMakeFiles\mayaUsd.dir\ufe\UsdHierarchy.cpp.obj
[2022-07-12T21:53:08.363Z]     [336/663] Building CXX object lib\mayaUsd\CMakeFiles\mayaUsd.dir\ufe\UsdPointInstanceOrientationModifier.cpp.obj
[2022-07-12T21:53:08.706Z]     [337/663] Building CXX object lib\mayaUsd\CMakeFiles\mayaUsd.dir\ufe\UsdRotateUndoableCommand.cpp.obj
[2022-07-12T21:53:08.706Z]     [338/663] Building CXX object lib\mayaUsd\CMakeFiles\mayaUsd.dir\ufe\moduleDeps.cpp.obj
[2022-07-12T21:53:08.706Z]     [339/663] Building CXX object lib\mayaUsd\CMakeFiles\mayaUsd.dir\ufe\private\UfeNotifGuard.cpp.obj
[2022-07-12T21:53:09.413Z]     [340/663] Building CXX object lib\mayaUsd\CMakeFiles\mayaUsd.dir\utils\colorSpace.cpp.obj
[2022-07-12T21:53:09.413Z]     [341/663] Building CXX object lib\mayaUsd\CMakeFiles\mayaUsd.dir\utils\blockSceneModificationContext.cpp.obj
[2022-07-12T21:53:10.120Z]     [342/663] Building CXX object lib\mayaUsd\CMakeFiles\mayaUsd.dir\undo\UsdUndoableItem.cpp.obj
[2022-07-12T21:53:10.827Z]     [343/663] Building CXX object lib\mayaUsd\CMakeFiles\mayaUsd.dir\ufe\UsdSceneItem.cpp.obj
[2022-07-12T21:53:10.827Z]     [344/663] Building CXX object lib\mayaUsd\CMakeFiles\mayaUsd.dir\ufe\UsdSceneItemOpsHandler.cpp.obj
[2022-07-12T21:53:11.536Z]     [345/663] Building CXX object lib\mayaUsd\CMakeFiles\mayaUsd.dir\ufe\UsdScaleUndoableCommand.cpp.obj
[2022-07-12T21:53:13.883Z]     [346/663] Building CXX object lib\mayaUsd\CMakeFiles\mayaUsd.dir\ufe\UsdTRSUndoableCommandBase.cpp.obj
[2022-07-12T21:53:14.216Z]     [347/663] Building CXX object lib\mayaUsd\CMakeFiles\mayaUsd.dir\ufe\UsdTranslateUndoableCommand.cpp.obj
[2022-07-12T21:53:15.035Z]     [348/663] Building CXX object lib\mayaUsd\CMakeFiles\mayaUsd.dir\utils\customLayerData.cpp.obj
[2022-07-12T21:53:15.035Z]     [349/663] Building CXX object lib\mayaUsd\CMakeFiles\mayaUsd.dir\ufe\UsdTransform3d.cpp.obj
[2022-07-12T21:53:15.369Z]     [350/663] Building CXX object lib\mayaUsd\CMakeFiles\mayaUsd.dir\ufe\UsdTransform3dHandler.cpp.obj
[2022-07-12T21:53:15.703Z]     [351/663] Building CXX object lib\mayaUsd\CMakeFiles\mayaUsd.dir\ufe\UsdUndoRenameCommand.cpp.obj
[2022-07-12T21:53:15.703Z]     [352/663] Building CXX object lib\mayaUsd\CMakeFiles\mayaUsd.dir\ufe\UsdStageMap.cpp.obj
[2022-07-12T21:53:16.036Z]     [353/663] Building CXX object lib\mayaUsd\CMakeFiles\mayaUsd.dir\utils\progressBarScope.cpp.obj
[2022-07-12T21:53:17.184Z]     [354/663] Building CXX object lib\mayaUsd\CMakeFiles\mayaUsd.dir\utils\diagnosticDelegate.cpp.obj
[2022-07-12T21:53:17.184Z]     [355/663] Building CXX object lib\mayaUsd\CMakeFiles\mayaUsd.dir\ufe\UsdUndoDeleteCommand.cpp.obj
[2022-07-12T21:53:17.184Z]     [356/663] Building CXX object lib\mayaUsd\CMakeFiles\mayaUsd.dir\utils\loadRulesText.cpp.obj
[2022-07-12T21:53:17.184Z]     [357/663] Building CXX object lib\mayaUsd\CMakeFiles\mayaUsd.dir\ufe\UsdUndoDuplicateCommand.cpp.obj
[2022-07-12T21:53:17.891Z]     [358/663] Building CXX object lib\mayaUsd\CMakeFiles\mayaUsd.dir\undo\UsdUndoStateDelegate.cpp.obj
[2022-07-12T21:53:17.891Z]     [359/663] Building CXX object lib\mayaUsd\CMakeFiles\mayaUsd.dir\utils\loadRules.cpp.obj
[2022-07-12T21:53:18.225Z]     [360/663] Building CXX object lib\mayaUsd\CMakeFiles\mayaUsd.dir\ufe\UsdUndoMaterialCommands.cpp.obj
[2022-07-12T21:53:18.225Z]     [361/663] Building CXX object lib\mayaUsd\CMakeFiles\mayaUsd.dir\utils\converter.cpp.obj
[2022-07-12T21:53:18.933Z]     [362/663] Building CXX object lib\mayaUsd\CMakeFiles\mayaUsd.dir\utils\plugRegistryHelper.cpp.obj
[2022-07-12T21:53:19.270Z]     [363/663] Building CXX object lib\mayaUsd\CMakeFiles\mayaUsd.dir\ufe\Utils.cpp.obj
[2022-07-12T21:53:19.270Z]     [364/663] Building CXX object lib\mayaUsd\python\CMakeFiles\_mayaUsd.dir\module.cpp.obj
[2022-07-12T21:53:20.424Z]     [365/663] Building CXX object lib\mayaUsd\CMakeFiles\mayaUsd.dir\utils\editRouter.cpp.obj
[2022-07-12T21:53:21.627Z]     [366/663] Building CXX object lib\mayaUsd\CMakeFiles\mayaUsd.dir\utils\editability.cpp.obj
[2022-07-12T21:53:21.627Z]     [367/663] Building CXX object lib\mayaUsd\CMakeFiles\mayaUsd.dir\utils\loadRulesAttribute.cpp.obj
[2022-07-12T21:53:22.335Z]     [368/663] Building CXX object lib\mayaUsd\python\CMakeFiles\_mayaUsd.dir\wrapColorSpace.cpp.obj
[2022-07-12T21:53:22.335Z]     [369/663] Building CXX object lib\mayaUsd\CMakeFiles\mayaUsd.dir\utils\selectability.cpp.obj
[2022-07-12T21:53:22.668Z]     [370/663] Building CXX object lib\mayaUsd\CMakeFiles\mayaUsd.dir\utils\query.cpp.obj
[2022-07-12T21:53:23.000Z]     [371/663] Building CXX object lib\mayaUsd\CMakeFiles\mayaUsd.dir\utils\stageCache.cpp.obj
[2022-07-12T21:53:23.333Z]     [372/663] Building CXX object lib\mayaUsd\python\CMakeFiles\_mayaUsd.dir\wrapBlockSceneModificationContext.cpp.obj
[2022-07-12T21:53:23.333Z]     [373/663] Building CXX object lib\mayaUsd\python\CMakeFiles\_mayaUsd.dir\pythonObjectRegistry.cpp.obj
[2022-07-12T21:53:24.041Z]     [374/663] Building CXX object lib\mayaUsd\CMakeFiles\mayaUsd.dir\utils\traverseLayer.cpp.obj
[2022-07-12T21:53:25.182Z]     [375/663] Building CXX object lib\mayaUsd\CMakeFiles\mayaUsd.dir\utils\variants.cpp.obj
[2022-07-12T21:53:25.182Z]     [376/663] Building CXX object lib\mayaUsd\CMakeFiles\mayaUsd.dir\utils\undoHelperCommand.cpp.obj
[2022-07-12T21:53:25.892Z]     [377/663] Building CXX object lib\mayaUsd\python\CMakeFiles\_mayaUsd.dir\wrapSparseValueWriter.cpp.obj
[2022-07-12T21:53:25.892Z]     [378/663] Building CXX object lib\mayaUsd\CMakeFiles\mayaUsd.dir\utils\utilSerialization.cpp.obj
[2022-07-12T21:53:26.227Z]     [379/663] Building CXX object lib\mayaUsd\python\CMakeFiles\_mayaUsd.dir\wrapDiagnosticDelegate.cpp.obj
[2022-07-12T21:53:26.228Z]     [380/663] Building CXX object lib\mayaUsd\CMakeFiles\mayaUsd.dir\utils\utilFileSystem.cpp.obj
[2022-07-12T21:53:27.370Z]     [381/663] Building CXX object lib\mayaUsd\python\CMakeFiles\_mayaUsd.dir\wrapConverter.cpp.obj
[2022-07-12T21:53:27.370Z]     [382/663] Building CXX object lib\mayaUsd\python\CMakeFiles\_mayaUsd.dir\wrapOpUndoItem.cpp.obj
[2022-07-12T21:53:29.019Z]     [383/663] Building CXX object lib\mayaUsd\python\CMakeFiles\_mayaUsd.dir\wrapEditRouter.cpp.obj
[2022-07-12T21:53:29.352Z]     [384/663] Building CXX object lib\mayaUsd\CMakeFiles\mayaUsd.dir\utils\util.cpp.obj
[2022-07-12T21:53:29.688Z]     [385/663] Building CXX object lib\mayaUsd\python\CMakeFiles\_mayaUsd.dir\wrapTokens.cpp.obj
[2022-07-12T21:53:30.022Z]     [386/663] Building CXX object lib\mayaUsd\python\CMakeFiles\_mayaUsd.dir\wrapQuery.cpp.obj
[2022-07-12T21:53:31.672Z]     [387/663] Building CXX object lib\mayaUsd\python\CMakeFiles\_mayaUsd.dir\wrapAdaptor.cpp.obj
[2022-07-12T21:53:31.672Z]     [388/663] Building CXX object lib\mayaUsd\python\CMakeFiles\_mayaUsd.dir\wrapMeshWriteUtils.cpp.obj
[2022-07-12T21:53:32.005Z]     [389/663] Building CXX object lib\mayaUsd\python\CMakeFiles\_mayaUsd.dir\wrapRoundTripUtil.cpp.obj
[2022-07-12T21:53:32.005Z]     [390/663] Building CXX object lib\mayaUsd\python\CMakeFiles\_mayaUsd.dir\wrapReadUtil.cpp.obj
[2022-07-12T21:53:32.338Z]     [391/663] Building CXX object lib\mayaUsd\python\CMakeFiles\_mayaUsd.dir\wrapUsdUndoManager.cpp.obj
[2022-07-12T21:53:33.047Z]     [392/663] Building CXX object lib\mayaUsd\python\CMakeFiles\_mayaUsd.dir\wrapStageCache.cpp.obj
[2022-07-12T21:53:33.754Z]     [393/663] Linking CXX shared library lib\mayaUsd\mayaUsd.dll
[2022-07-12T21:53:34.087Z]     [394/663] Building CXX object lib\mayaUsd\python\CMakeFiles\_mayaUsd.dir\wrapTranslatorUtil.cpp.obj
[2022-07-12T21:53:34.422Z]     [395/663] Building CXX object lib\mayaUsd\python\CMakeFiles\_mayaUsd.dir\wrapUserTaggedAttribute.cpp.obj
[2022-07-12T21:53:34.422Z]     [396/663] Building CXX object lib\mayaUsd\python\CMakeFiles\_mayaUsd.dir\wrapUtil.cpp.obj
[2022-07-12T21:53:34.422Z]     [397/663] Linking CXX executable test\lib\mayaUsd\utils\testSplitString.exe
[2022-07-12T21:53:34.755Z]     [398/663] Linking CXX shared library test\lib\usd\plugin\usdTestMayaPlugin.mll
[2022-07-12T21:53:35.088Z]     [399/663] Building CXX object lib\mayaUsd\python\CMakeFiles\_mayaUsd.dir\wrapWriteUtil.cpp.obj
[2022-07-12T21:53:35.088Z]     [400/663] Linking CXX shared library test\lib\usd\plugin\usdTestInfoImportChaser.mll
[2022-07-12T21:53:35.088Z]     [401/663] Building CXX object lib\mayaUsd\python\CMakeFiles\_mayaUsd.dir\wrapExportChaser.cpp.obj
[2022-07-12T21:53:35.421Z]     [402/663] Linking CXX shared library test\lib\usd\plugin\usdTestUsdPlugin.dll
[2022-07-12T21:53:35.421Z]     [403/663] Linking CXX shared library test\lib\usd\plugin\usdTestApiWriter.dll
[2022-07-12T21:53:35.756Z]     [404/663] Building CXX object lib\mayaUsd\python\CMakeFiles\_mayaUsd.dir\wrapXformStack.cpp.obj
[2022-07-12T21:53:36.088Z]     [405/663] Building CXX object lib\mayaUsd\python\CMakeFiles\_mayaUsd.dir\wrapOpenMaya.cpp.obj
[2022-07-12T21:53:36.088Z]     [406/663] Linking CXX shared library lib\usd\pxrUsdPreviewSurface\basePxrUsdPreviewSurface.dll
[2022-07-12T21:53:36.419Z]     [407/663] Linking CXX executable test\lib\mayaUsd\utils\testLoadRules.exe
[2022-07-12T21:53:37.558Z]     [408/663] Linking CXX shared library plugin\pxr\maya\plugin\pxrUsdPreviewSurface\pxrUsdPreviewSurface.mll
[2022-07-12T21:53:37.889Z]     [409/663] Linking CXX shared library lib\usd\translators\mayaUsd_Translators.dll
[2022-07-12T21:53:38.220Z]     [410/663] Building CXX object lib\mayaUsd\ufe\CMakeFiles\_ufe.dir\module.cpp.obj
[2022-07-12T21:53:38.551Z]     [411/663] Automatic MOC and UIC for target mayaUsdUI
[2022-07-12T21:53:38.551Z]     [412/663] Automatic RCC for layerEditor/resources.qrc
[2022-07-12T21:53:38.551Z]     [413/663] Automatic RCC for importDialog/images/ui.qrc
[2022-07-12T21:53:39.257Z]     [414/663] Building CXX object lib\mayaUsd\python\CMakeFiles\_mayaUsd.dir\wrapJobContextRegistry.cpp.obj
[2022-07-12T21:53:40.397Z]     [415/663] Building CXX object lib\mayaUsd\python\CMakeFiles\_mayaUsd.dir\wrapShadingUtil.cpp.obj
[2022-07-12T21:53:40.732Z]     [416/663] Building CXX object lib\mayaUsd\ufe\CMakeFiles\_ufe.dir\wrapGlobal.cpp.obj
[2022-07-12T21:53:41.441Z]     [417/663] Building CXX object lib\mayaUsd\python\CMakeFiles\_mayaUsd.dir\wrapImportChaser.cpp.obj
[2022-07-12T21:53:42.148Z]     [418/663] Building CXX object lib\mayaUsd\python\CMakeFiles\_mayaUsd.dir\wrapSchemaApiAdaptor.cpp.obj
[2022-07-12T21:53:42.480Z]     [419/663] Building CXX object lib\usd\ui\CMakeFiles\mayaUsdUI.dir\layerEditor\dirtyLayersCountBadge.cpp.obj
[2022-07-12T21:53:42.811Z]     [420/663] Building CXX object lib\usd\hdMaya\CMakeFiles\hdMaya.dir\adapters\dagAdapter.cpp.obj
[2022-07-12T21:53:43.142Z]     [421/663] Building CXX object lib\usd\hdMaya\CMakeFiles\hdMaya.dir\adapters\lightAdapter.cpp.obj
[2022-07-12T21:53:43.473Z]     [422/663] Building CXX object lib\usd\hdMaya\CMakeFiles\hdMaya.dir\adapters\aiSkydomeLightAdapter.cpp.obj
[2022-07-12T21:53:44.177Z]     [423/663] Building CXX object lib\usd\hdMaya\CMakeFiles\hdMaya.dir\adapters\directionalLightAdapter.cpp.obj
[2022-07-12T21:53:44.884Z]     [424/663] Building CXX object lib\mayaUsd\python\CMakeFiles\_mayaUsd.dir\wrapPrimWriter.cpp.obj
[2022-07-12T21:53:44.884Z]     [425/663] Building CXX object lib\usd\ui\CMakeFiles\mayaUsdUI.dir\layerEditor\generatedIconButton.cpp.obj
[2022-07-12T21:53:45.214Z]     [426/663] Building CXX object lib\usd\hdMaya\CMakeFiles\hdMaya.dir\adapters\cameraAdapter.cpp.obj
[2022-07-12T21:53:45.545Z]     [427/663] Building CXX object lib\mayaUsd\python\CMakeFiles\_mayaUsd.dir\wrapShadingMode.cpp.obj
[2022-07-12T21:53:45.546Z]     [428/663] Building CXX object lib\usd\hdMaya\CMakeFiles\hdMaya.dir\adapters\areaLightAdapter.cpp.obj
[2022-07-12T21:53:47.192Z]     [429/663] Building CXX object lib\usd\hdMaya\CMakeFiles\hdMaya.dir\adapters\proxyAdapter.cpp.obj
[2022-07-12T21:53:47.192Z]     [430/663] Building CXX object lib\mayaUsd\python\CMakeFiles\_mayaUsd.dir\wrapPrimReader.cpp.obj
[2022-07-12T21:53:48.381Z]     [431/663] Building CXX object lib\usd\ui\CMakeFiles\mayaUsdUI.dir\layerEditor\qtUtils.cpp.obj
[2022-07-12T21:53:49.524Z]     [432/663] Building CXX object lib\usd\ui\CMakeFiles\mayaUsdUI.dir\layerEditor\mayaQtUtils.cpp.obj
[2022-07-12T21:53:49.524Z]     [433/663] Building CXX object lib\usd\ui\CMakeFiles\mayaUsdUI.dir\layerEditor\stringResources.cpp.obj
[2022-07-12T21:53:51.170Z]     [434/663] Building CXX object lib\usd\ui\CMakeFiles\mayaUsdUI.dir\layerEditor\sessionState.cpp.obj
[2022-07-12T21:53:51.502Z]     [435/663] Building CXX object lib\usd\ui\CMakeFiles\mayaUsdUI.dir\layerEditor\warningDialogs.cpp.obj
[2022-07-12T21:53:51.833Z]     [436/663] Building CXX object lib\usd\ui\CMakeFiles\mayaUsdUI.dir\layerEditor\mayaCommandHook.cpp.obj
[2022-07-12T21:53:52.538Z]     [437/663] Building CXX object lib\usd\ui\CMakeFiles\mayaUsdUI.dir\layerEditor\loadLayersDialog.cpp.obj
[2022-07-12T21:53:52.538Z]     [438/663] Building CXX object lib\usd\ui\CMakeFiles\mayaUsdUI.dir\layerEditor\pathChecker.cpp.obj
[2022-07-12T21:53:52.538Z]     [439/663] Building CXX object lib\usd\ui\CMakeFiles\mayaUsdUI.dir\mayaUsdUI_autogen\mocs_compilation.cpp.obj
[2022-07-12T21:53:52.869Z]     [440/663] Building CXX object lib\usd\ui\CMakeFiles\mayaUsdUI.dir\layerEditor\layerTreeItemDelegate.cpp.obj
[2022-07-12T21:53:52.869Z]     [441/663] Building CXX object lib\usd\ui\CMakeFiles\mayaUsdUI.dir\mayaUsdUI_autogen\5WMDHDZAMM\qrc_resources.cpp.obj
[2022-07-12T21:53:53.328Z]     [442/663] Building CXX object lib\usd\ui\CMakeFiles\mayaUsdUI.dir\initStringResources.cpp.obj
[2022-07-12T21:53:53.660Z]     [443/663] Building CXX object lib\usd\ui\CMakeFiles\mayaUsdUI.dir\layerEditor\layerTreeItem.cpp.obj
[2022-07-12T21:53:53.661Z]     [444/663] Building CXX object lib\usd\ui\CMakeFiles\mayaUsdUI.dir\mayaUsdUI_autogen\AUCU3ACLTF\qrc_ui.cpp.obj
[2022-07-12T21:53:53.992Z]     [445/663] Building CXX object lib\usd\ui\CMakeFiles\mayaUsdUI.dir\layerEditor\layerEditorWidget.cpp.obj
[2022-07-12T21:53:53.992Z]     [446/663] Building CXX object lib\usd\ui\CMakeFiles\mayaUsdUI.dir\layerEditor\layerTreeView.cpp.obj
[2022-07-12T21:53:54.335Z]     [447/663] Building CXX object lib\usd\ui\CMakeFiles\mayaUsdUI.dir\layerEditor\mayaSessionState.cpp.obj
[2022-07-12T21:53:54.706Z]     [448/663] Building CXX object lib\usd\ui\CMakeFiles\mayaUsdUI.dir\importDialog\USDQtUtil.cpp.obj
[2022-07-12T21:53:55.041Z]     [449/663] Building CXX object lib\usd\ui\CMakeFiles\mayaUsdUI.dir\layerEditor\layerTreeModel.cpp.obj
[2022-07-12T21:53:55.041Z]     [450/663] Building CXX object lib\usd\ui\CMakeFiles\mayaUsdUI.dir\layerEditor\mayaLayerEditorWindow.cpp.obj
[2022-07-12T21:53:55.373Z]     [451/663] Linking CXX shared library lib\mayaUsd\python\_mayaUsd.pyd
[2022-07-12T21:53:56.078Z]     [452/663] Building CXX object lib\mayaUsd\render\mayaToHydra\CMakeFiles\mtoh.dir\pluginDebugCodes.cpp.obj
[2022-07-12T21:53:58.319Z]     [453/663] Building CXX object lib\usd\ui\CMakeFiles\mayaUsdUI.dir\importDialog\USDImportDialog.cpp.obj
[2022-07-12T21:53:59.031Z]     [454/663] Building CXX object lib\usd\ui\CMakeFiles\mayaUsdUI.dir\layerEditor\stageSelectorWidget.cpp.obj
[2022-07-12T21:53:59.031Z]     [455/663] Building CXX object lib\mayaUsd\render\mayaToHydra\CMakeFiles\mtoh.dir\tokens.cpp.obj
[2022-07-12T21:53:59.363Z]     [456/663] Building CXX object lib\usd\ui\CMakeFiles\mayaUsdUI.dir\importDialog\TreeModelFactory.cpp.obj
[2022-07-12T21:53:59.363Z]     [457/663] Building CXX object lib\mayaUsd\render\mayaToHydra\CMakeFiles\mtoh.dir\utils.cpp.obj
[2022-07-12T21:54:00.069Z]     [458/663] Building CXX object lib\usd\ui\CMakeFiles\mayaUsdUI.dir\layerEditor\saveLayersDialog.cpp.obj
[2022-07-12T21:54:01.208Z]     [459/663] Building CXX object lib\usd\ui\CMakeFiles\mayaUsdUI.dir\importDialog\ItemDelegate.cpp.obj
[2022-07-12T21:54:01.208Z]     [460/663] Building CXX object lib\usd\ui\CMakeFiles\mayaUsdUI.dir\importDialog\TreeItem.cpp.obj
[2022-07-12T21:54:01.208Z]     [461/663] Building CXX object lib\usd\hdMaya\CMakeFiles\hdMaya.dir\debugCodes.cpp.obj
[2022-07-12T21:54:01.208Z]     [462/663] Building CXX object lib\usd\ui\CMakeFiles\mayaUsdUI.dir\importDialog\USDImportDialogCmd.cpp.obj
[2022-07-12T21:54:01.539Z]     [463/663] Building CXX object lib\usd\ui\CMakeFiles\mayaUsdUI.dir\importDialog\TreeModel.cpp.obj
[2022-07-12T21:54:02.244Z]     [464/663] Building CXX object lib\usd\hdMaya\CMakeFiles\hdMaya.dir\adapters\adapterDebugCodes.cpp.obj
[2022-07-12T21:54:02.244Z]     [465/663] Building CXX object lib\mayaUsd\ufe\CMakeFiles\_ufe.dir\wrapNotice.cpp.obj
[2022-07-12T21:54:02.244Z]     [466/663] Building CXX object lib\usd\hdMaya\CMakeFiles\hdMaya.dir\utils.cpp.obj
[2022-07-12T21:54:02.950Z]     [467/663] Building CXX object lib\usd\ui\CMakeFiles\mayaUsdUI.dir\layerEditor\batchSaveLayersUIDelegate.cpp.obj
[2022-07-12T21:54:04.600Z]     [468/663] Linking CXX shared library lib\usd\ui\mayaUsdUI.dll
[2022-07-12T21:54:04.932Z]     [469/663] Building CXX object lib\mayaUsd\render\mayaToHydra\CMakeFiles\mtoh.dir\plugin.cpp.obj
[2022-07-12T21:54:04.932Z]     [470/663] Automatic MOC and UIC for target testMayaUsdUI
[2022-07-12T21:54:04.932Z]     [471/663] Building CXX object lib\usd\ui\importDialogDemo\CMakeFiles\testMayaUsdUI.dir\testMayaUsdUI_autogen\mocs_compilation.cpp.obj
[2022-07-12T21:54:04.932Z]     [472/663] Building CXX object lib\mayaUsd\ufe\CMakeFiles\_ufe.dir\wrapUtils.cpp.obj
[2022-07-12T21:54:05.263Z]     [473/663] Building CXX object lib\mayaUsd\render\mayaToHydra\CMakeFiles\mtoh.dir\shadingModeExporter.cpp.obj
[2022-07-12T21:54:05.970Z]     [474/663] Building CXX object lib\mayaUsd\render\mayaToHydra\CMakeFiles\mtoh.dir\defaultLightDelegate.cpp.obj
[2022-07-12T21:54:05.970Z]     [475/663] Linking CXX shared library lib\mayaUsd\ufe\_ufe.pyd
[2022-07-12T21:54:06.677Z]     [476/663] Building CXX object plugin\al\mayautils\AL\maya\tests\mayaplugintest\CMakeFiles\AL_MayaUtilsTests.dir\utils\NodeHelperUnitTest.cpp.obj
[2022-07-12T21:54:07.009Z]     [477/663] Building CXX object plugin\pxr\maya\lib\usdMaya\CMakeFiles\usdMaya.dir\exportCommand.cpp.obj
[2022-07-12T21:54:07.341Z]     [478/663] Building CXX object plugin\pxr\maya\lib\usdMaya\CMakeFiles\usdMaya.dir\exportTranslator.cpp.obj
[2022-07-12T21:54:07.673Z]     [479/663] Building CXX object plugin\al\mayautils\AL\maya\tests\mayaplugintest\CMakeFiles\AL_MayaUtilsTests.dir\utils\PluginTranslatorOptionsTest.cpp.obj
[2022-07-12T21:54:07.673Z]     [480/663] Building CXX object lib\mayaUsd\render\mayaToHydra\CMakeFiles\mtoh.dir\renderGlobals.cpp.obj
[2022-07-12T21:54:07.673Z]     [481/663] Building CXX object lib\usd\hdMaya\CMakeFiles\hdMaya.dir\adapters\adapter.cpp.obj
[2022-07-12T21:54:08.378Z]     [482/663] Linking CXX shared library plugin\al\mayautils\AL\maya\tests\mayaplugintest\AL_MayaUtilsTests.mll
[2022-07-12T21:54:08.378Z]     [483/663] Linking CXX shared library plugin\pxr\maya\lib\usdMaya\usdMaya.dll
[2022-07-12T21:54:09.084Z]     [484/663] Linking CXX shared library plugin\pxr\maya\lib\usdMaya\_usdMaya.pyd
[2022-07-12T21:54:10.226Z]     [485/663] Linking CXX shared library plugin\pxr\maya\plugin\pxrUsd\pxrUsd.mll
[2022-07-12T21:54:10.560Z]     [486/663] Building CXX object plugin\al\lib\AL_USDMaya\CMakeFiles\AL_USDMaya.dir\AL\usdmaya\nodes\ProxyUsdGeomCamera.cpp.obj
[2022-07-12T21:54:10.560Z]     [487/663] Building CXX object plugin\al\lib\AL_USDMaya\CMakeFiles\AL_USDMaya.dir\AL\usdmaya\nodes\Scope.cpp.obj
[2022-07-12T21:54:10.560Z]     [488/663] Building CXX object lib\mayaUsd\render\mayaToHydra\CMakeFiles\mtoh.dir\viewCommand.cpp.obj
[2022-07-12T21:54:10.891Z]     [489/663] Building CXX object lib\usd\hdMaya\CMakeFiles\hdMaya.dir\adapters\adapterRegistry.cpp.obj
[2022-07-12T21:54:12.032Z]     [490/663] Building CXX object plugin\al\lib\AL_USDMaya\CMakeFiles\AL_USDMaya.dir\AL\usdmaya\nodes\RendererManager.cpp.obj
[2022-07-12T21:54:12.364Z]     [491/663] Linking CXX shared library lib\usd\hdMaya\hdMaya.dll
[2022-07-12T21:54:12.364Z]     [492/663] Building CXX object lib\mayaUsd\render\mayaToHydra\CMakeFiles\mtoh.dir\renderOverride.cpp.obj
[2022-07-12T21:54:13.071Z]     [493/663] Building CXX object lib\usd\ui\importDialogDemo\CMakeFiles\testMayaUsdUI.dir\testMayaUsdUI.cpp.obj
[2022-07-12T21:54:13.777Z]     [494/663] Linking CXX shared library lib\mayaUsd\render\mayaToHydra\mtoh.mll
[2022-07-12T21:54:13.777Z]     [495/663] Linking CXX executable lib\usd\ui\importDialogDemo\testMayaUsdUI.exe
[2022-07-12T21:54:13.777Z]     [496/663] Building CXX object plugin\al\usdmayautils\AL\usdmaya\utils\CMakeFiles\AL_USDMayaUtils.dir\AttributeType.cpp.obj
[2022-07-12T21:54:14.111Z]     [497/663] Building CXX object plugin\al\usdtransaction\AL\usd\transaction\CMakeFiles\_AL_USDTransaction.dir\module.cpp.obj
[2022-07-12T21:54:14.111Z]     [498/663] Building CXX object plugin\al\lib\AL_USDMaya\CMakeFiles\AL_USDMaya.dir\AL\usdmaya\nodes\ProxyShapeSelection.cpp.obj
[2022-07-12T21:54:14.815Z]     [499/663] Building CXX object plugin\al\usdmayautils\AL\usdmaya\utils\CMakeFiles\AL_USDMayaUtils.dir\AnimationTranslator.cpp.obj
[2022-07-12T21:54:14.815Z]     [500/663] Building CXX object plugin\al\lib\AL_USDMaya\CMakeFiles\AL_USDMaya.dir\AL\usdmaya\nodes\Transform.cpp.obj
[2022-07-12T21:54:15.146Z]     [501/663] Building CXX object plugin\al\usdtransaction\AL\usd\transaction\tests\CMakeFiles\AL_USDTransactionTests.dir\testMain.cpp.obj
[2022-07-12T21:54:16.286Z]     [502/663] Building CXX object plugin\al\usdmayautils\AL\usdmaya\utils\CMakeFiles\AL_USDMayaUtils.dir\DiffPrimVar.cpp.obj
[2022-07-12T21:54:16.286Z]     [503/663] Building CXX object plugin\al\lib\AL_USDMaya\CMakeFiles\AL_USDMaya.dir\AL\usdmaya\Metadata.cpp.obj
[2022-07-12T21:54:16.286Z]     [504/663] Building CXX object plugin\al\lib\AL_USDMaya\CMakeFiles\AL_USDMaya.dir\AL\usdmaya\nodes\ProxyShape.cpp.obj
[2022-07-12T21:54:16.998Z]     [505/663] Building CXX object plugin\al\usdmayautils\AL\usdmaya\utils\CMakeFiles\AL_USDMayaUtils.dir\Utils.cpp.obj
[2022-07-12T21:54:16.998Z]     [506/663] Building CXX object plugin\al\usdmayautils\AL\usdmaya\utils\CMakeFiles\AL_USDMayaUtils.dir\NurbsCurveUtils.cpp.obj
[2022-07-12T21:54:17.329Z]     [507/663] Building CXX object plugin\al\lib\AL_USDMaya\CMakeFiles\AL_USDMaya.dir\AL\usdmaya\DebugCodes.cpp.obj
[2022-07-12T21:54:17.661Z]     [508/663] Building CXX object plugin\al\usdtransaction\AL\usd\transaction\CMakeFiles\AL_USDTransaction.dir\Transaction.cpp.obj
[2022-07-12T21:54:17.661Z]     [509/663] Building CXX object plugin\al\lib\AL_USDMaya\CMakeFiles\AL_USDMaya.dir\AL\usdmaya\StageCache.cpp.obj
[2022-07-12T21:54:17.991Z]     [510/663] Building CXX object plugin\al\usdmayautils\AL\usdmaya\utils\CMakeFiles\AL_USDMayaUtils.dir\DgNodeHelper.cpp.obj
[2022-07-12T21:54:18.324Z]     [511/663] Building CXX object plugin\al\lib\AL_USDMaya\CMakeFiles\AL_USDMaya.dir\AL\usdmaya\cmds\DebugCommands.cpp.obj
[2022-07-12T21:54:18.654Z]     [512/663] Building CXX object plugin\al\lib\AL_USDMaya\CMakeFiles\AL_USDMaya.dir\AL\usdmaya\cmds\EventCommand.cpp.obj
[2022-07-12T21:54:18.654Z]     [513/663] Building CXX object plugin\al\usdtransaction\AL\usd\transaction\CMakeFiles\AL_USDTransaction.dir\Notice.cpp.obj
[2022-07-12T21:54:19.369Z]     [514/663] Building CXX object plugin\al\usdtransaction\AL\usd\transaction\CMakeFiles\AL_USDTransaction.dir\TransactionManager.cpp.obj
[2022-07-12T21:54:19.369Z]     [515/663] Building CXX object plugin\al\lib\AL_USDMaya\CMakeFiles\AL_USDMaya.dir\AL\usdmaya\cmds\RendererCommands.cpp.obj
[2022-07-12T21:54:19.716Z]     [516/663] Building CXX object plugin\al\usdtransaction\AL\usd\transaction\CMakeFiles\_AL_USDTransaction.dir\wrapTransactionManager.cpp.obj
[2022-07-12T21:54:20.053Z]     [517/663] Linking CXX shared library plugin\al\usdtransaction\AL\usd\transaction\AL_USDTransaction.dll
[2022-07-12T21:54:20.053Z]     [518/663] Building CXX object plugin\al\lib\AL_USDMaya\CMakeFiles\AL_USDMaya.dir\AL\usdmaya\moduleDeps.cpp.obj
[2022-07-12T21:54:20.388Z]     [519/663] Building CXX object plugin\al\lib\AL_USDMaya\CMakeFiles\AL_USDMaya.dir\AL\usdmaya\cmds\SyncFileIOGui.cpp.obj
[2022-07-12T21:54:21.534Z]     [520/663] Building CXX object plugin\al\usdmayautils\AL\usdmaya\utils\CMakeFiles\AL_USDMayaUtils.dir\MeshUtils.cpp.obj
[2022-07-12T21:54:21.534Z]     [521/663] Building CXX object plugin\al\usdtransaction\AL\usd\transaction\tests\CMakeFiles\AL_USDTransactionTests.dir\testTransactionManager.cpp.obj
[2022-07-12T21:54:22.239Z]     [522/663] Building CXX object plugin\al\usdtransaction\AL\usd\transaction\CMakeFiles\_AL_USDTransaction.dir\wrapNotice.cpp.obj
[2022-07-12T21:54:22.569Z]     [523/663] Linking CXX shared library plugin\al\usdmayautils\AL\usdmaya\utils\AL_USDMayaUtils.dll
[2022-07-12T21:54:22.569Z]     [524/663] Building CXX object plugin\al\usdtransaction\AL\usd\transaction\CMakeFiles\_AL_USDTransaction.dir\wrapTransaction.cpp.obj
[2022-07-12T21:54:22.899Z]     [525/663] Building CXX object plugin\al\usdtransaction\AL\usd\transaction\tests\CMakeFiles\AL_USDTransactionTests.dir\testTransaction.cpp.obj
[2022-07-12T21:54:23.229Z]     [526/663] Linking CXX shared library plugin\al\usdtransaction\AL\usd\transaction\_AL_USDTransaction.pyd
[2022-07-12T21:54:23.560Z]     [527/663] Linking CXX executable plugin\al\usdtransaction\AL\usd\transaction\tests\AL_USDTransactionTests.exe
[2022-07-12T21:54:24.264Z]     [528/663] Building CXX object plugin\al\lib\AL_USDMaya\CMakeFiles\AL_USDMaya.dir\AL\usdmaya\Global.cpp.obj
[2022-07-12T21:54:25.402Z]     [529/663] Building CXX object plugin\al\lib\AL_USDMaya\CMakeFiles\AL_USDMaya.dir\AL\usdmaya\TransformOperation.cpp.obj
[2022-07-12T21:54:25.402Z]     [530/663] Building CXX object plugin\al\lib\AL_USDMaya\CMakeFiles\AL_USDMaya.dir\AL\usdmaya\cmds\CreateUsdPrim.cpp.obj
[2022-07-12T21:54:26.552Z]     [531/663] Building CXX object plugin\al\lib\AL_USDMaya\CMakeFiles\AL_USDMaya.dir\AL\usdmaya\cmds\ListTranslators.cpp.obj
[2022-07-12T21:54:26.882Z]     [532/663] Building CXX object plugin\al\lib\AL_USDMaya\CMakeFiles\AL_USDMaya.dir\AL\usdmaya\cmds\ProxyShapePostLoadProcess.cpp.obj
[2022-07-12T21:54:27.213Z]     [533/663] Building CXX object plugin\al\lib\AL_USDMaya\CMakeFiles\AL_USDMaya.dir\AL\usdmaya\cmds\LayerCommands.cpp.obj
[2022-07-12T21:54:28.406Z]     [534/663] Building CXX object plugin\al\lib\AL_USDMaya\CMakeFiles\AL_USDMaya.dir\AL\usdmaya\fileio\ExportTranslator.cpp.obj
[2022-07-12T21:54:29.120Z]     [535/663] Building CXX object plugin\al\lib\AL_USDMaya\CMakeFiles\AL_USDMaya.dir\AL\usdmaya\fileio\AnimationTranslator.cpp.obj
[2022-07-12T21:54:29.120Z]     [536/663] Building CXX object plugin\al\lib\AL_USDMaya\CMakeFiles\AL_USDMaya.dir\AL\usdmaya\fileio\Import.cpp.obj
[2022-07-12T21:54:29.450Z]     [537/663] Building CXX object plugin\al\lib\AL_USDMaya\CMakeFiles\AL_USDMaya.dir\AL\usdmaya\cmds\UnloadPrim.cpp.obj
[2022-07-12T21:54:29.780Z]     [538/663] Building CXX object plugin\al\lib\AL_USDMaya\CMakeFiles\AL_USDMaya.dir\AL\usdmaya\fileio\TransformIterator.cpp.obj
[2022-07-12T21:54:29.780Z]     [539/663] Building CXX object plugin\al\lib\AL_USDMaya\CMakeFiles\AL_USDMaya.dir\AL\usdmaya\cmds\ProxyShapeCommands.cpp.obj
[2022-07-12T21:54:30.111Z]     [540/663] Building CXX object plugin\al\lib\AL_USDMaya\CMakeFiles\AL_USDMaya.dir\AL\usdmaya\fileio\translators\DagNodeTranslator.cpp.obj
[2022-07-12T21:54:30.816Z]     [541/663] Building CXX object plugin\al\lib\AL_USDMaya\CMakeFiles\AL_USDMaya.dir\AL\usdmaya\nodes\Layer.cpp.obj
[2022-07-12T21:54:30.816Z]     [542/663] Building CXX object plugin\al\lib\AL_USDMaya\CMakeFiles\AL_USDMaya.dir\AL\usdmaya\fileio\Export.cpp.obj
[2022-07-12T21:54:31.146Z]     [543/663] Building CXX object plugin\al\lib\AL_USDMaya\CMakeFiles\AL_USDMaya.dir\AL\usdmaya\fileio\NodeFactory.cpp.obj
[2022-07-12T21:54:31.476Z]     [544/663] Building CXX object plugin\al\lib\AL_USDMaya\CMakeFiles\AL_USDMaya.dir\AL\usdmaya\fileio\SchemaPrims.cpp.obj
[2022-07-12T21:54:33.121Z]     [545/663] Building CXX object plugin\al\lib\AL_USDMaya\CMakeFiles\AL_USDMaya.dir\AL\usdmaya\fileio\translators\TranslatorTestPlugin.cpp.obj
[2022-07-12T21:54:33.121Z]     [546/663] Building CXX object plugin\al\lib\AL_USDMaya\CMakeFiles\AL_USDMaya.dir\AL\usdmaya\fileio\ImportTranslator.cpp.obj
[2022-07-12T21:54:34.262Z]     [547/663] Building CXX object plugin\al\lib\AL_USDMaya\CMakeFiles\AL_USDMaya.dir\AL\usdmaya\fileio\translators\TranslatorTestType.cpp.obj
[2022-07-12T21:54:34.262Z]     [548/663] Building CXX object plugin\al\lib\AL_USDMaya\CMakeFiles\AL_USDMaya.dir\AL\usdmaya\fileio\translators\TranslatorBase.cpp.obj
[2022-07-12T21:54:34.262Z]     [549/663] Building CXX object plugin\al\lib\AL_USDMaya\CMakeFiles\_AL_USDMaya.dir\AL\usdmaya\module.cpp.obj
[2022-07-12T21:54:35.914Z]     [550/663] Building CXX object plugin\al\lib\AL_USDMaya\CMakeFiles\AL_USDMaya.dir\AL\usdmaya\fileio\translators\DgNodeTranslator.cpp.obj
[2022-07-12T21:54:36.246Z]     [551/663] Building CXX object plugin\al\lib\AL_USDMaya\CMakeFiles\AL_USDMaya.dir\AL\usdmaya\nodes\LayerManager.cpp.obj
[2022-07-12T21:54:36.246Z]     [552/663] Building CXX object plugin\al\lib\AL_USDMaya\CMakeFiles\AL_USDMaya.dir\AL\usdmaya\fileio\translators\ExtraDataPlugin.cpp.obj
[2022-07-12T21:54:36.578Z]     [553/663] Building CXX object plugin\al\lib\AL_USDMaya\CMakeFiles\AL_USDMaya.dir\AL\usdmaya\fileio\translators\TransformTranslator.cpp.obj
[2022-07-12T21:54:36.578Z]     [554/663] Building CXX object plugin\al\lib\AL_USDMaya\CMakeFiles\AL_USDMaya.dir\AL\usdmaya\fileio\translators\TestExtraDataPlugin.cpp.obj
[2022-07-12T21:54:37.289Z]     [555/663] Building CXX object plugin\al\lib\AL_USDMaya\CMakeFiles\AL_USDMaya.dir\AL\usdmaya\nodes\BasicTransformationMatrix.cpp.obj
[2022-07-12T21:54:37.289Z]     [556/663] Building CXX object plugin\al\lib\AL_USDMaya\CMakeFiles\AL_USDMaya.dir\AL\usdmaya\nodes\MeshAnimDeformer.cpp.obj
[2022-07-12T21:54:38.004Z]     [557/663] Building CXX object plugin\al\lib\AL_USDMaya\CMakeFiles\AL_USDMaya.dir\AL\usdmaya\fileio\translators\TranslatorContext.cpp.obj
[2022-07-12T21:54:38.338Z]     [558/663] Building CXX object plugin\al\lib\AL_USDMaya\CMakeFiles\AL_USDMaya.dir\AL\usdmaya\nodes\MeshAnimCreator.cpp.obj
[2022-07-12T21:54:40.005Z]     [559/663] Building CXX object plugin\al\lib\AL_USDMaya\CMakeFiles\_AL_USDMaya.dir\AL\usdmaya\wrapStageCache.cpp.obj
[2022-07-12T21:54:40.005Z]     [560/663] Building CXX object plugin\al\lib\AL_USDMaya\CMakeFiles\AL_USDMaya.dir\AL\usdmaya\nodes\proxy\PrimFilter.cpp.obj
[2022-07-12T21:54:40.712Z]     [561/663] Building CXX object plugin\al\lib\AL_USDMaya\CMakeFiles\AL_USDMaya.dir\AL\usdmaya\nodes\Engine.cpp.obj
[2022-07-12T21:54:41.045Z]     [562/663] Building CXX object plugin\al\lib\AL_USDMaya\CMakeFiles\AL_USDMaya.dir\AL\usdmaya\nodes\TransformationMatrix.cpp.obj
[2022-07-12T21:54:41.384Z]     [563/663] Building CXX object plugin\al\lib\AL_USDMaya\CMakeFiles\AL_USDMaya.dir\AL\usdmaya\nodes\proxy\ProxyShapeVariantFallbacks.cpp.obj
[2022-07-12T21:54:42.206Z]     [564/663] Building CXX object plugin\al\lib\AL_USDMaya\CMakeFiles\AL_USDMaya.dir\AL\usdmaya\nodes\proxy\ProxyShapeMetaData.cpp.obj
[2022-07-12T21:54:43.350Z]     [565/663] Building CXX object plugin\al\plugin\AL_USDMayaTestPlugin\CMakeFiles\AL_USDMayaTestPlugin.dir\AL\maya\test_EventHandler.cpp.obj
[2022-07-12T21:54:43.682Z]     [566/663] Building CXX object plugin\al\lib\AL_USDMaya\CMakeFiles\_AL_USDMaya.dir\AL\usdmaya\nodes\wrapLayerManager.cpp.obj
[2022-07-12T21:54:43.682Z]     [567/663] Linking CXX shared library plugin\al\lib\AL_USDMaya\AL_USDMaya.dll
[2022-07-12T21:54:45.329Z]     [568/663] Building CXX object plugin\al\plugin\AL_USDMayaTestPlugin\CMakeFiles\AL_USDMayaTestPlugin.dir\AL\maya\test_MayaEventManager.cpp.obj
[2022-07-12T21:54:46.037Z]     [569/663] Building CXX object plugin\al\plugin\AL_USDMayaTestPlugin\CMakeFiles\AL_USDMayaTestPlugin.dir\AL\usdmaya\commands\test_LayerCommands.cpp.obj
[2022-07-12T21:54:46.743Z]     [570/663] Building CXX object plugin\al\plugin\AL_USDMayaTestPlugin\CMakeFiles\AL_USDMayaTestPlugin.dir\AL\maya\test_MatrixToSRT.cpp.obj
[2022-07-12T21:54:46.743Z]     [571/663] Building CXX object plugin\al\plugin\AL_USDMayaTestPlugin\CMakeFiles\AL_USDMayaTestPlugin.dir\AL\usdmaya\commands\test_ExportCommands.cpp.obj
[2022-07-12T21:54:46.743Z]     [572/663] Building CXX object plugin\al\lib\AL_USDMaya\CMakeFiles\_AL_USDMaya.dir\AL\usdmaya\fileio\translators\wrapTranslatorContext.cpp.obj
[2022-07-12T21:54:47.077Z]     [573/663] Building CXX object plugin\al\plugin\AL_USDMayaPlugin\CMakeFiles\AL_USDMayaPlugin.dir\plugin.cpp.obj
[2022-07-12T21:54:47.409Z]     [574/663] Building CXX object plugin\al\plugin\AL_USDMayaTestPlugin\CMakeFiles\AL_USDMayaTestPlugin.dir\plugin.cpp.obj
[2022-07-12T21:54:47.742Z]     [575/663] Building CXX object plugin\al\lib\AL_USDMaya\CMakeFiles\_AL_USDMaya.dir\AL\usdmaya\nodes\wrapProxyShape.cpp.obj
[2022-07-12T21:54:48.075Z]     [576/663] Linking CXX shared library plugin\al\plugin\AL_USDMayaPlugin\AL_USDMayaPlugin.mll
[2022-07-12T21:54:48.782Z]     [577/663] Building CXX object plugin\al\lib\AL_USDMaya\CMakeFiles\_AL_USDMaya.dir\AL\usdmaya\fileio\translators\wrapTranslatorBase.cpp.obj
[2022-07-12T21:54:49.488Z]     [578/663] Linking CXX shared library plugin\al\lib\AL_USDMaya\_AL_USDMaya.pyd
[2022-07-12T21:54:50.636Z]     [579/663] Building CXX object plugin\al\plugin\AL_USDMayaTestPlugin\CMakeFiles\AL_USDMayaTestPlugin.dir\AL\usdmaya\fileio\export_blendshape.cpp.obj
[2022-07-12T21:54:50.968Z]     [580/663] Building CXX object plugin\al\plugin\AL_USDMayaTestPlugin\CMakeFiles\AL_USDMayaTestPlugin.dir\AL\usdmaya\commands\test_TranslateCommand.cpp.obj
[2022-07-12T21:54:50.968Z]     [581/663] Building CXX object plugin\al\plugin\AL_USDMayaTestPlugin\CMakeFiles\AL_USDMayaTestPlugin.dir\AL\usdmaya\fileio\export_misc.cpp.obj
[2022-07-12T21:54:51.323Z]     [582/663] Building CXX object plugin\al\plugin\AL_USDMayaTestPlugin\CMakeFiles\AL_USDMayaTestPlugin.dir\AL\usdmaya\commands\test_LayerManagerCommands.cpp.obj
[2022-07-12T21:54:52.464Z]     [583/663] Building CXX object plugin\al\plugin\AL_USDMayaTestPlugin\CMakeFiles\AL_USDMayaTestPlugin.dir\AL\usdmaya\commands\test_ProxyShapeImport.cpp.obj
[2022-07-12T21:54:53.607Z]     [584/663] Building CXX object plugin\al\plugin\AL_USDMayaTestPlugin\CMakeFiles\AL_USDMayaTestPlugin.dir\AL\usdmaya\fileio\export_multiple_shapes.cpp.obj
[2022-07-12T21:54:53.607Z]     [585/663] Building CXX object plugin\al\plugin\AL_USDMayaTestPlugin\CMakeFiles\AL_USDMayaTestPlugin.dir\AL\usdmaya\fileio\export_constraints.cpp.obj
[2022-07-12T21:54:54.756Z]     [586/663] Building CXX object plugin\al\plugin\AL_USDMayaTestPlugin\CMakeFiles\AL_USDMayaTestPlugin.dir\AL\usdmaya\fileio\import_playback_range.cpp.obj
[2022-07-12T21:54:55.473Z]     [587/663] Building CXX object plugin\al\plugin\AL_USDMayaTestPlugin\CMakeFiles\AL_USDMayaTestPlugin.dir\AL\usdmaya\fileio\export_unmerged.cpp.obj
[2022-07-12T21:54:55.473Z]     [588/663] Building CXX object plugin\al\plugin\AL_USDMayaTestPlugin\CMakeFiles\AL_USDMayaTestPlugin.dir\AL\usdmaya\fileio\export_ik.cpp.obj
[2022-07-12T21:54:56.186Z]     [589/663] Building CXX object plugin\al\plugin\AL_USDMayaTestPlugin\CMakeFiles\AL_USDMayaTestPlugin.dir\AL\usdmaya\fileio\export_lattice.cpp.obj
[2022-07-12T21:54:56.186Z]     [590/663] Building CXX object plugin\al\plugin\AL_USDMayaTestPlugin\CMakeFiles\AL_USDMayaTestPlugin.dir\AL\usdmaya\fileio\export_nonlinear.cpp.obj
[2022-07-12T21:54:56.517Z]     [591/663] Building CXX object plugin\al\plugin\AL_USDMayaTestPlugin\CMakeFiles\AL_USDMayaTestPlugin.dir\AL\usdmaya\fileio\export_import_instancing.cpp.obj
[2022-07-12T21:54:56.517Z]     [592/663] Building CXX object plugin\al\plugin\AL_USDMayaTestPlugin\CMakeFiles\AL_USDMayaTestPlugin.dir\AL\usdmaya\fileio\test_activeInActiveTranslators.cpp.obj
[2022-07-12T21:54:56.851Z]     [593/663] Building CXX object plugin\al\plugin\AL_USDMayaTestPlugin\CMakeFiles\AL_USDMayaTestPlugin.dir\AL\usdmaya\fileio\import_instances.cpp.obj
[2022-07-12T21:55:00.607Z]     [594/663] Building CXX object plugin\al\plugin\AL_USDMayaTestPlugin\CMakeFiles\AL_USDMayaTestPlugin.dir\AL\usdmaya\nodes\proxy\test_PrimFilter.cpp.obj
[2022-07-12T21:55:01.317Z]     [595/663] Building CXX object plugin\al\plugin\AL_USDMayaTestPlugin\CMakeFiles\AL_USDMayaTestPlugin.dir\AL\usdmaya\nodes\test_LayerManager.cpp.obj
[2022-07-12T21:55:01.317Z]     [596/663] Building CXX object plugin\al\plugin\AL_USDMayaTestPlugin\CMakeFiles\AL_USDMayaTestPlugin.dir\AL\usdmaya\nodes\test_lockPrims.cpp.obj
[2022-07-12T21:55:03.572Z]     [597/663] Building CXX object plugin\al\plugin\AL_USDMayaTestPlugin\CMakeFiles\AL_USDMayaTestPlugin.dir\AL\usdmaya\nodes\test_ProxyShapeSelectabilityDB.cpp.obj
[2022-07-12T21:55:03.572Z]     [598/663] Building CXX object plugin\al\plugin\AL_USDMayaTestPlugin\CMakeFiles\AL_USDMayaTestPlugin.dir\AL\usdmaya\nodes\test_ExtraDataPlugin.cpp.obj
[2022-07-12T21:55:03.572Z]     [599/663] Building CXX object plugin\al\plugin\AL_USDMayaTestPlugin\CMakeFiles\AL_USDMayaTestPlugin.dir\AL\usdmaya\nodes\test_ProxyShape.cpp.obj
[2022-07-12T21:55:04.277Z]     [600/663] Building CXX object plugin\al\plugin\AL_USDMayaTestPlugin\CMakeFiles\AL_USDMayaTestPlugin.dir\AL\usdmaya\nodes\test_ProxyUsdGeomCamera.cpp.obj
[2022-07-12T21:55:04.277Z]     [601/663] Building CXX object plugin\al\plugin\AL_USDMayaTestPlugin\CMakeFiles\AL_USDMayaTestPlugin.dir\AL\usdmaya\nodes\test_ActiveInactive.cpp.obj
[2022-07-12T21:55:04.985Z]     [602/663] Building CXX object plugin\al\plugin\AL_USDMayaTestPlugin\CMakeFiles\AL_USDMayaTestPlugin.dir\AL\usdmaya\nodes\test_VariantFallbacks.cpp.obj
[2022-07-12T21:55:04.985Z]     [603/663] Building CXX object plugin\al\plugin\AL_USDMayaTestPlugin\CMakeFiles\AL_USDMayaTestPlugin.dir\test_translators_AnimationTranslator.cpp.obj
[2022-07-12T21:55:05.329Z]     [604/663] Building CXX object plugin\al\plugin\AL_USDMayaTestPlugin\CMakeFiles\AL_USDMayaTestPlugin.dir\AL\usdmaya\test_DiffGeom.cpp.obj
[2022-07-12T21:55:05.329Z]     [605/663] Building CXX object plugin\al\plugin\AL_USDMayaTestPlugin\CMakeFiles\AL_USDMayaTestPlugin.dir\AL\usdmaya\nodes\test_ScopeMatrix.cpp.obj
[2022-07-12T21:55:05.663Z]     [606/663] Building CXX object plugin\al\plugin\AL_USDMayaTestPlugin\CMakeFiles\AL_USDMayaTestPlugin.dir\AL\usdmaya\nodes\test_Transform.cpp.obj
[2022-07-12T21:55:05.663Z]     [607/663] Building CXX object plugin\al\schemas\AL\usd\schemas\maya\CMakeFiles\_AL_USDMayaSchemas.dir\module.cpp.obj
[2022-07-12T21:55:06.806Z]     [608/663] Building CXX object plugin\al\schemas\AL\usd\schemas\maya\CMakeFiles\AL_USDMayaSchemas.dir\tokens.cpp.obj
[2022-07-12T21:55:08.459Z]     [609/663] Building CXX object plugin\al\plugin\AL_USDMayaTestPlugin\CMakeFiles\AL_USDMayaTestPlugin.dir\AL\usdmaya\nodes\test_TransformMatrix.cpp.obj
[2022-07-12T21:55:09.167Z]     [610/663] Building CXX object plugin\al\plugin\AL_USDMayaTestPlugin\CMakeFiles\AL_USDMayaTestPlugin.dir\AL\usdmaya\nodes\test_TranslatorContext.cpp.obj
[2022-07-12T21:55:09.874Z]     [611/663] Building CXX object plugin\al\plugin\AL_USDMayaTestPlugin\CMakeFiles\AL_USDMayaTestPlugin.dir\test_translators_CameraTranslator.cpp.obj
[2022-07-12T21:55:10.210Z]     [612/663] Building CXX object plugin\al\schemas\AL\usd\schemas\maya\CMakeFiles\AL_USDMayaSchemas.dir\ModuleDeps.cpp.obj
[2022-07-12T21:55:11.372Z]     [613/663] Building CXX object plugin\al\schemas\AL\usd\schemas\maya\CMakeFiles\AL_USDMayaSchemas.dir\FrameRange.cpp.obj
[2022-07-12T21:55:11.372Z]     [614/663] Building CXX object plugin\al\schemas\AL\usd\schemas\maya\tests\CMakeFiles\testMayaSchemas.dir\main.cpp.obj
[2022-07-12T21:55:12.090Z]     [615/663] Building CXX object plugin\al\schemas\AL\usd\schemas\maya\CMakeFiles\AL_USDMayaSchemas.dir\ModelAPI.cpp.obj
[2022-07-12T21:55:12.818Z]     [616/663] Building CXX object plugin\al\plugin\AL_USDMayaTestPlugin\CMakeFiles\AL_USDMayaTestPlugin.dir\test_translators_PythonBindings.cpp.obj
[2022-07-12T21:55:12.818Z]     [617/663] Building CXX object plugin\al\plugin\AL_USDMayaTestPlugin\CMakeFiles\AL_USDMayaTestPlugin.dir\test_usdmaya.cpp.obj
[2022-07-12T21:55:12.818Z]     [618/663] Building CXX object plugin\al\schemas\AL\usd\schemas\maya\CMakeFiles\_AL_USDMayaSchemas.dir\wrapModelAPI.cpp.obj
[2022-07-12T21:55:12.818Z]     [619/663] Building CXX object plugin\al\plugin\AL_USDMayaTestPlugin\CMakeFiles\AL_USDMayaTestPlugin.dir\AL\usdmaya\test_DiffPrimVar.cpp.obj
[2022-07-12T21:55:13.156Z]     [620/663] Linking CXX shared library plugin\al\schemas\AL\usd\schemas\maya\AL_USDMayaSchemas.dll
[2022-07-12T21:55:13.156Z]     [621/663] Building CXX object plugin\al\plugin\AL_USDMayaTestPlugin\CMakeFiles\AL_USDMayaTestPlugin.dir\test_translators_Translator.cpp.obj
[2022-07-12T21:55:13.489Z]     [622/663] Building CXX object plugin\al\schemas\AL\usd\schemas\mayatest\CMakeFiles\_AL_USDMayaSchemasTest.dir\module.cpp.obj
[2022-07-12T21:55:13.822Z]     [623/663] Building CXX object plugin\al\plugin\AL_USDMayaTestPlugin\CMakeFiles\AL_USDMayaTestPlugin.dir\test_translators_DgTranslator.cpp.obj
[2022-07-12T21:55:13.822Z]     [624/663] Building CXX object plugin\al\schemas\AL\usd\schemas\mayatest\CMakeFiles\AL_USDMayaSchemasTest.dir\tokens.cpp.obj
[2022-07-12T21:55:14.157Z]     [625/663] Building CXX object plugin\al\plugin\AL_USDMayaTestPlugin\CMakeFiles\AL_USDMayaTestPlugin.dir\test_translators_MeshTranslator.cpp.obj
[2022-07-12T21:55:14.482Z]     [626/663] Building CXX object plugin\al\schemas\AL\usd\schemas\maya\CMakeFiles\_AL_USDMayaSchemas.dir\wrapTokens.cpp.obj
[2022-07-12T21:55:15.189Z]     [627/663] Building CXX object plugin\al\translators\CMakeFiles\AL_USDMayaTranslators.dir\CommonTranslatorOptions.cpp.obj
[2022-07-12T21:55:15.521Z]     [628/663] Building CXX object plugin\al\plugin\AL_USDMayaTestPlugin\CMakeFiles\AL_USDMayaTestPlugin.dir\test_translators_NurbsCurveTranslator.cpp.obj
[2022-07-12T21:55:15.854Z]     [629/663] Building CXX object plugin\al\plugin\AL_USDMayaTestPlugin\CMakeFiles\AL_USDMayaTestPlugin.dir\test_translators_TransformTranslator.cpp.obj
[2022-07-12T21:55:16.292Z]     [630/663] Building CXX object plugin\al\translators\pxrUsdTranslators\CMakeFiles\AL_USDMayaPxrTranslators.dir\plugin.cpp.obj
[2022-07-12T21:55:16.292Z]     [631/663] Building CXX object plugin\al\plugin\AL_USDMayaTestPlugin\CMakeFiles\AL_USDMayaTestPlugin.dir\test_usdmaya_AttributeType.cpp.obj
[2022-07-12T21:55:16.704Z]     [632/663] Building CXX object plugin\al\schemas\AL\usd\schemas\mayatest\CMakeFiles\AL_USDMayaSchemasTest.dir\ModuleDeps.cpp.obj
[2022-07-12T21:55:17.074Z]     [633/663] Building CXX object plugin\al\schemas\AL\usd\schemas\mayatest\CMakeFiles\_AL_USDMayaSchemasTest.dir\wrapTokens.cpp.obj
[2022-07-12T21:55:17.407Z]     [634/663] Building CXX object plugin\adsk\plugin\CMakeFiles\mayaUsdPlugin.dir\adskListJobContextsCommand.cpp.obj
[2022-07-12T21:55:18.551Z]     [635/663] Building CXX object plugin\al\schemas\AL\usd\schemas\maya\CMakeFiles\_AL_USDMayaSchemas.dir\wrapFrameRange.cpp.obj
[2022-07-12T21:55:19.258Z]     [636/663] Linking CXX shared library plugin\al\schemas\AL\usd\schemas\maya\_AL_USDMayaSchemas.pyd
[2022-07-12T21:55:19.591Z]     [637/663] Building CXX object plugin\al\schemas\AL\usd\schemas\mayatest\CMakeFiles\AL_USDMayaSchemasTest.dir\ExamplePolyCubeNode.cpp.obj
[2022-07-12T21:55:19.591Z]     [638/663] Building CXX object plugin\al\schemas\AL\usd\schemas\maya\tests\CMakeFiles\testMayaSchemas.dir\testMayaSchemas.cpp.obj
[2022-07-12T21:55:19.922Z]     [639/663] Linking CXX shared library plugin\al\schemas\AL\usd\schemas\mayatest\AL_USDMayaSchemasTest.dll
[2022-07-12T21:55:20.630Z]     [640/663] Building CXX object plugin\al\schemas\AL\usd\schemas\maya\tests\CMakeFiles\testMayaSchemas.dir\testModelAPI.cpp.obj
[2022-07-12T21:55:20.975Z]     [641/663] Building CXX object plugin\al\translators\CMakeFiles\AL_USDMayaTranslators.dir\FrameRange.cpp.obj
[2022-07-12T21:55:21.309Z]     [642/663] Linking CXX executable plugin\al\schemas\AL\usd\schemas\maya\tests\testMayaSchemas.exe
[2022-07-12T21:55:21.633Z]     [643/663] Building CXX object plugin\adsk\plugin\CMakeFiles\mayaUsdPlugin.dir\adskListShadingModesCommand.cpp.obj
[2022-07-12T21:55:21.964Z]     [644/663] Building CXX object plugin\al\translators\CMakeFiles\AL_USDMayaTranslators.dir\MayaReference.cpp.obj
[2022-07-12T21:55:22.297Z]     [645/663] Building CXX object plugin\al\translators\CMakeFiles\AL_USDMayaTranslators.dir\NurbsCurve.cpp.obj
[2022-07-12T21:55:22.297Z]     [646/663] Building CXX object plugin\al\schemas\AL\usd\schemas\mayatest\CMakeFiles\_AL_USDMayaSchemasTest.dir\wrapExamplePolyCubeNode.cpp.obj
[2022-07-12T21:55:22.297Z]     [647/663] Building CXX object plugin\al\translators\CMakeFiles\AL_USDMayaTranslators.dir\Camera.cpp.obj
[2022-07-12T21:55:22.297Z]     [648/663] Linking CXX shared library plugin\al\plugin\AL_USDMayaTestPlugin\AL_USDMayaTestPlugin.mll
[2022-07-12T21:55:22.628Z]     [649/663] Building CXX object plugin\al\translators\CMakeFiles\AL_USDMayaTranslators.dir\DirectionalLight.cpp.obj
[2022-07-12T21:55:22.961Z]     [650/663] Linking CXX shared library plugin\al\schemas\AL\usd\schemas\mayatest\_AL_USDMayaSchemasTest.pyd
[2022-07-12T21:55:23.296Z]     [651/663] Building CXX object plugin\al\translators\CMakeFiles\AL_USDMayaTranslators.dir\Mesh.cpp.obj
[2022-07-12T21:55:23.296Z]     [652/663] Building CXX object plugin\adsk\plugin\CMakeFiles\mayaUsdPlugin.dir\adskImportCommand.cpp.obj
[2022-07-12T21:55:23.638Z]     [653/663] Building CXX object plugin\al\translators\pxrUsdTranslators\CMakeFiles\AL_USDMayaPxrTranslators.dir\ProxyShapeTranslator.cpp.obj
[2022-07-12T21:55:23.969Z]     [654/663] Building CXX object plugin\adsk\plugin\CMakeFiles\mayaUsdPlugin.dir\adskExportCommand.cpp.obj
[2022-07-12T21:55:23.969Z]     [655/663] Linking CXX shared library plugin\al\translators\AL_USDMayaTranslators.dll
[2022-07-12T21:55:24.300Z]     [656/663] Linking CXX shared library plugin\al\translators\pxrUsdTranslators\AL_USDMayaPxrTranslators.mll
[2022-07-12T21:55:24.631Z]     [657/663] Building CXX object plugin\adsk\plugin\CMakeFiles\mayaUsdPlugin.dir\adskStageLoadUnloadCommands.cpp.obj
[2022-07-12T21:55:27.568Z]     [658/663] Building CXX object plugin\adsk\plugin\CMakeFiles\mayaUsdPlugin.dir\plugin.cpp.obj
[2022-07-12T21:55:27.568Z]     [659/663] Building CXX object plugin\adsk\plugin\CMakeFiles\mayaUsdPlugin.dir\importTranslator.cpp.obj
[2022-07-12T21:55:27.568Z]     [660/663] Building CXX object plugin\adsk\plugin\CMakeFiles\mayaUsdPlugin.dir\geomNode.cpp.obj
[2022-07-12T21:55:27.568Z]     [661/663] Building CXX object plugin\adsk\plugin\CMakeFiles\mayaUsdPlugin.dir\ProxyShape.cpp.obj
[2022-07-12T21:55:27.568Z]     [662/663] Building CXX object plugin\adsk\plugin\CMakeFiles\mayaUsdPlugin.dir\exportTranslator.cpp.obj
[2022-07-12T21:55:28.702Z]     [663/663] Linking CXX shared module plugin\adsk\plugin\mayaUsdPlugin.mll
[2022-07-12T21:55:28.702Z]     
[2022-07-12T21:55:28.702Z]         Building with settings:
[2022-07-12T21:55:28.702Z]           Source directory          S:\jenkins\workspace\ECP\ecg-maya-usd\ecg-mayausd-branch-preflight-2020-windows\ecg-maya-usd\maya-usd
[2022-07-12T21:55:28.702Z]           Workspace directory       W:\
[2022-07-12T21:55:28.702Z]           Build directory           W:\build\RelWithDebInfo
[2022-07-12T21:55:28.702Z]           Install directory         W:\install\RelWithDebInfo\MayaUSD
[2022-07-12T21:55:28.702Z]           Variant                   RelWithDebInfo
[2022-07-12T21:55:28.702Z]           Python Debug              Off
[2022-07-12T21:55:28.702Z]           CMake generator           Ninja
[2022-07-12T21:55:28.702Z]           Build arguments           ['-DCMAKE_MAKE_PROGRAM=P:/shared/Artifactory/Windows/ninja/1.9.0/c68f192/ninja.exe', '-DPYTHON_INCLUDE_DIR=P:/shared/Artifactory/Windows/rundev-2020/202107140359/runtime/5d64bf0/runTime/include/Python', '-DPython_EXECUTABLE=P:/shared/Artifactory/Windows/rundev-2020/202107140359/runtime/5d64bf0/runTime/bin/mayapy.exe', '-DPYTHON_LIBRARIES=P:/shared/Artifactory/Windows/rundev-2020/202107140359/runtime/5d64bf0/runTime/lib/python27.lib', '-DUSD_LIB_PREFIX=', '-DCMAKE_WANT_MATERIALX_BUILD=ON', '-DCMAKE_PREFIX_PATH=P:\\shared\\Artifactory\\Windows\\USD\\c1313e5']
[2022-07-12T21:55:28.702Z]           Stages arguments          ['build']
[2022-07-12T21:55:28.702Z]           CTest arguments           ['-E testUsdReferenceAssemblySelection|testUsdMayaAppDir', '-LE interactive', '--parallel 16']
[2022-07-12T21:55:28.702Z]     Success MayaUSD build and install !!!!
[2022-07-12T21:55:28.702Z]     Elapsed time: 00:04:41
[Pipeline] bat
[2022-07-12T21:55:29.255Z] Deleting alias drive W:
[Pipeline] bat
[2022-07-12T21:55:29.801Z] Deleting alias drive P:
[Pipeline] }
[Pipeline] // withEnv
[Pipeline] }
[Pipeline] // timeout
[Pipeline] }
[Pipeline] // stage
[Pipeline] }
[Pipeline] // timestamps
[Pipeline] timestamps
[Pipeline] {
[Pipeline] stage
[Pipeline] { (Install)
[Pipeline] timeout
[2022-07-12T21:55:30.027Z] Timeout set to expire in 6 hr 0 min
[Pipeline] {
[Pipeline] withEnv
[Pipeline] {
[Pipeline] bat
[2022-07-12T21:55:30.698Z] Creating alias drive P: to S:\jenkins\workspace
[Pipeline] bat
[2022-07-12T21:55:31.249Z] Creating alias drive W: to S:\jenkins\workspace\ECP\ecg-maya-usd\ecg-mayausd-branch-preflight-2020-windows
[Pipeline] bat
[2022-07-12T21:55:31.991Z] "C:\Program Files (x86)\Microsoft Visual Studio\2017\Professional\VC\Auxiliary\Build\vcvarsall.bat" x64
[2022-07-12T21:55:31.991Z] **********************************************************************
[2022-07-12T21:55:31.991Z] ** Visual Studio 2017 Developer Command Prompt v15.9.15
[2022-07-12T21:55:31.991Z] ** Copyright (c) 2017 Microsoft Corporation
[2022-07-12T21:55:31.991Z] **********************************************************************
[2022-07-12T21:55:32.698Z] [vcvarsall.bat] Environment initialized for: 'x64'
[2022-07-12T21:55:32.698Z] python ecg-maya-usd/build.py --stages=install --workspace-dir=W:\ --artifactory-dir=P:\shared\Artifactory --build-dir=W:\build --install-dir=W:\install --signing-dir=W:\signing --package-dir=W:\package --output-dir=W:\output --stash-dir=W:\stash --jenkins-build=116 --git-commit=31ad476824997b4c9b36a8728f50a5e91e739db9 --git-branch=master --variants=RelWithDebInfo --python=2.7 --post-zips=false --maya-cut-config=maya-rundev-2020.yaml --maya-package=rundev-2020 --stage-banner
[2022-07-12T21:55:33.838Z] Using Maya cut from P:\shared\Artifactory\Windows\rundev-2020\202107140359\runtime\5d64bf0
[2022-07-12T21:55:33.838Z] Using Maya ADSK Signatures from P:\shared\Artifactory\Windows\adsk-plugin-signatures-maya\2023\c1dbfce
[2022-07-12T21:55:33.838Z] Using Maya Security Library from P:\shared\Artifactory\Windows\maya-security-library\3.1.0\084709f
[2022-07-12T21:55:33.838Z] 
[2022-07-12T21:55:33.838Z] ================================================================================
[2022-07-12T21:55:33.838Z]                             install (RelWithDebInfo)
[2022-07-12T21:55:33.838Z] ================================================================================
[2022-07-12T21:55:33.838Z] Maya Python RelWithDebInfo Info:
[2022-07-12T21:55:33.838Z]   mayapy executable   = P:\shared\Artifactory\Windows\rundev-2020\202107140359\runtime\5d64bf0\runTime\bin\mayapy.exe
[2022-07-12T21:55:33.838Z]   Include Folder      = P:\shared\Artifactory\Windows\rundev-2020\202107140359\runtime\5d64bf0\runTime\include\Python
[2022-07-12T21:55:33.838Z]   Library             = P:\shared\Artifactory\Windows\rundev-2020\202107140359\runtime\5d64bf0\runTime\lib\python27.lib
[2022-07-12T21:55:33.838Z]   site-package Folder = P:\shared\Artifactory\Windows\rundev-2020\202107140359\runtime\5d64bf0\runTime\Python\Lib\site-packages
[2022-07-12T21:55:34.546Z] In workdir: S:\jenkins\workspace\ECP\ecg-maya-usd\ecg-mayausd-branch-preflight-2020-windows\ecg-maya-usd\maya-usd
[2022-07-12T21:55:34.546Z] Executing: 'P:\\shared\\Artifactory\\Windows\\rundev-2020\\202107140359\\runtime\\5d64bf0\\runTime\\bin\\mayapy.exe' 'S:\\jenkins\\workspace\\ECP\\ecg-maya-usd\\ecg-mayausd-branch-preflight-2020-windows\\ecg-maya-usd\\maya-usd\\build.py' --generator Ninja --build-relwithdebug --maya-location 'P:\\shared\\Artifactory\\Windows\\rundev-2020\\202107140359\\runtime\\5d64bf0\\runTime' --devkit-location 'P:\\shared\\Artifactory\\Windows\\rundev-2020\\202107140359\\runtime\\5d64bf0\\devkitBase' --pxrusd-location 'P:\\shared\\Artifactory\\Windows\\USD\\c1313e5' --qt-location 'P:\\shared\\Artifactory\\Windows\\qt\\5.12.5\\4755980' '--build-args=-DCMAKE_MAKE_PROGRAM=P:/shared/Artifactory/Windows/ninja/1.9.0/c68f192/ninja.exe,-DPYTHON_INCLUDE_DIR=P:/shared/Artifactory/Windows/rundev-2020/202107140359/runtime/5d64bf0/runTime/include/Python,-DPython_EXECUTABLE=P:/shared/Artifactory/Windows/rundev-2020/202107140359/runtime/5d64bf0/runTime/bin/mayapy.exe,-DPYTHON_LIBRARIES=P:/shared/Artifactory/Windows/rundev-2020/202107140359/runtime/5d64bf0/runTime/lib/python27.lib,-DUSD_LIB_PREFIX=,-DCMAKE_WANT_MATERIALX_BUILD=ON,-DCMAKE_PREFIX_PATH=P:\\shared\\Artifactory\\Windows\\USD\\c1313e5' '--ctest-args=-E testUsdReferenceAssemblySelection|testUsdMayaAppDir,-LE interactive,--parallel 16' --stages=install --redirect-outstream-file=False --install-location 'W:\\install\\RelWithDebInfo\\MayaUSD' 'W:\\'
[2022-07-12T21:55:34.546Z] Modified environment variables:
[2022-07-12T21:55:34.546Z]     PATH=P:\shared\Artifactory\Windows\cmake\3.20.3\afe857a\bin;C:\Python27\lib\site-packages\pywin32_system32;C:\Program Files (x86)\Microsoft Visual Studio\2017\Professional\VC\Tools\MSVC\14.16.27023\bin\HostX64\x64;C:\Program Files (x86)\Microsoft Visual Studio\2017\Professional\Common7\IDE\VC\VCPackages;C:\Program Files (x86)\Microsoft Visual Studio\2017\Professional\Common7\IDE\CommonExtensions\Microsoft\TestWindow;C:\Program Files (x86)\Microsoft Visual Studio\2017\Professional\Common7\IDE\CommonExtensions\Microsoft\TeamFoundation\Team Explorer;C:\Program Files (x86)\Microsoft Visual Studio\2017\Professional\MSBuild\15.0\bin\Roslyn;C:\Program Files (x86)\Microsoft Visual Studio\2017\Professional\Team Tools\Performance Tools\x64;C:\Program Files (x86)\Microsoft Visual Studio\2017\Professional\Team Tools\Performance Tools;C:\Program Files (x86)\Microsoft Visual Studio\Shared\Common\VSPerfCollectionTools\\x64;C:\Program Files (x86)\Microsoft Visual Studio\Shared\Common\VSPerfCollectionTools\;C:\Program Files (x86)\Microsoft SDKs\Windows\v10.0A\bin\NETFX 4.6.1 Tools\x64\;C:\Program Files (x86)\HTML Help Workshop;C:\Program Files (x86)\Windows Kits\10\bin\10.0.18362.0\x64;C:\Program Files (x86)\Windows Kits\10\bin\x64;C:\Program Files (x86)\Microsoft Visual Studio\2017\Professional\\MSBuild\15.0\bin;C:\WINDOWS\Microsoft.NET\Framework64\v4.0.30319;C:\Program Files (x86)\Microsoft Visual Studio\2017\Professional\Common7\IDE\;C:\Program Files (x86)\Microsoft Visual Studio\2017\Professional\Common7\Tools\;C:\Python27\;C:\Python27\Scripts;C:\WINDOWS\system32;C:\WINDOWS;C:\WINDOWS\System32\Wbem;C:\WINDOWS\System32\WindowsPowerShell\v1.0\;C:\WINDOWS\System32\OpenSSH\;C:\ProgramData\chocolatey\bin;C:\Program Files (x86)\WiX Toolset v3.7\bin;C:\Program Files\dotnet\;C:\Program Files (x86)\Windows Kits\10\bin\10.0.18362.0\x64;C:\Program Files\Zulu\zulu-11\bin\;C:\Program Files (x86)\Windows Kits\10\bin\10.0.17763.0\x64;C:\Program Files (x86)\Windows Kits\10\bin\x64;C:\Program Files\Git\cmd;C:\Program Files\Git\usr\bin;C:\Program Files\Git\mingw64\bin;C:\Program Files\Git\bin;C:\Python38\;C:\Python38\Scripts;C:\StoreBoxClientWindows;C:\Program Files\Electric Cloud\ElectricCommander\bin;C:\Program Files\WinRAR;C:\Program Files\7-Zip;C:\Users\Administrator\AppData\Local\Microsoft\WindowsApps;C:\Program Files (x86)\Microsoft Visual Studio\2017\Professional\Common7\IDE\CommonExtensions\Microsoft\CMake\CMake\bin;C:\Program Files (x86)\Microsoft Visual Studio\2017\Professional\Common7\IDE\CommonExtensions\Microsoft\CMake\Ninja
[2022-07-12T21:55:34.884Z]     [1/8] Automatic MOC and UIC for target mayaUsdUI
[2022-07-12T21:55:34.884Z]     [2/5] Automatic MOC and UIC for target testMayaUsdUI
[2022-07-12T21:55:34.884Z]     [2/3] Install the project...
[2022-07-12T21:55:34.884Z]     -- Install configuration: "RelWithDebInfo"
[2022-07-12T21:55:37.818Z]     
[2022-07-12T21:55:37.818Z]         Building with settings:
[2022-07-12T21:55:37.818Z]           Source directory          S:\jenkins\workspace\ECP\ecg-maya-usd\ecg-mayausd-branch-preflight-2020-windows\ecg-maya-usd\maya-usd
[2022-07-12T21:55:37.818Z]           Workspace directory       W:\
[2022-07-12T21:55:37.818Z]           Build directory           W:\build\RelWithDebInfo
[2022-07-12T21:55:37.818Z]           Install directory         W:\install\RelWithDebInfo\MayaUSD
[2022-07-12T21:55:37.818Z]           Variant                   RelWithDebInfo
[2022-07-12T21:55:37.818Z]           Python Debug              Off
[2022-07-12T21:55:37.818Z]           CMake generator           Ninja
[2022-07-12T21:55:37.818Z]           Build arguments           ['-DCMAKE_MAKE_PROGRAM=P:/shared/Artifactory/Windows/ninja/1.9.0/c68f192/ninja.exe', '-DPYTHON_INCLUDE_DIR=P:/shared/Artifactory/Windows/rundev-2020/202107140359/runtime/5d64bf0/runTime/include/Python', '-DPython_EXECUTABLE=P:/shared/Artifactory/Windows/rundev-2020/202107140359/runtime/5d64bf0/runTime/bin/mayapy.exe', '-DPYTHON_LIBRARIES=P:/shared/Artifactory/Windows/rundev-2020/202107140359/runtime/5d64bf0/runTime/lib/python27.lib', '-DUSD_LIB_PREFIX=', '-DCMAKE_WANT_MATERIALX_BUILD=ON', '-DCMAKE_PREFIX_PATH=P:\\shared\\Artifactory\\Windows\\USD\\c1313e5']
[2022-07-12T21:55:37.818Z]           Stages arguments          ['install']
[2022-07-12T21:55:37.818Z]           CTest arguments           ['-E testUsdReferenceAssemblySelection|testUsdMayaAppDir', '-LE interactive', '--parallel 16']
[2022-07-12T21:55:37.818Z]     Success MayaUSD build and install !!!!
[2022-07-12T21:55:37.818Z]     Elapsed time: 00:00:02
[Pipeline] bat
[2022-07-12T21:55:38.360Z] Deleting alias drive W:
[Pipeline] bat
[2022-07-12T21:55:38.902Z] Deleting alias drive P:
[Pipeline] }
[Pipeline] // withEnv
[Pipeline] }
[Pipeline] // timeout
[Pipeline] }
[Pipeline] // stage
[Pipeline] }
[Pipeline] // timestamps
[Pipeline] timestamps
[Pipeline] {
[Pipeline] stage
[Pipeline] { (Test)
[Pipeline] timeout
[2022-07-12T21:55:39.087Z] Timeout set to expire in 6 hr 0 min
[Pipeline] {
[Pipeline] withEnv
[Pipeline] {
[Pipeline] bat
[2022-07-12T21:55:39.627Z] Creating alias drive P: to S:\jenkins\workspace
[Pipeline] bat
[2022-07-12T21:55:40.183Z] Creating alias drive W: to S:\jenkins\workspace\ECP\ecg-maya-usd\ecg-mayausd-branch-preflight-2020-windows
[Pipeline] bat
[2022-07-12T21:55:40.897Z] "C:\Program Files (x86)\Microsoft Visual Studio\2017\Professional\VC\Auxiliary\Build\vcvarsall.bat" x64
[2022-07-12T21:55:40.897Z] **********************************************************************
[2022-07-12T21:55:40.897Z] ** Visual Studio 2017 Developer Command Prompt v15.9.15
[2022-07-12T21:55:40.897Z] ** Copyright (c) 2017 Microsoft Corporation
[2022-07-12T21:55:40.897Z] **********************************************************************
[2022-07-12T21:55:41.620Z] [vcvarsall.bat] Environment initialized for: 'x64'
[2022-07-12T21:55:41.620Z] python ecg-maya-usd/build.py --stages=test --workspace-dir=W:\ --artifactory-dir=P:\shared\Artifactory --build-dir=W:\build --install-dir=W:\install --signing-dir=W:\signing --package-dir=W:\package --output-dir=W:\output --stash-dir=W:\stash --jenkins-build=116 --git-commit=31ad476824997b4c9b36a8728f50a5e91e739db9 --git-branch=master --variants=RelWithDebInfo --python=2.7 --post-zips=false --test-jobs=0 --failed-test-retry=3 --maya-cut-config=maya-rundev-2020.yaml --maya-package=rundev-2020 --stage-banner --progressive-timeout
[2022-07-12T21:55:42.763Z] Using Maya cut from P:\shared\Artifactory\Windows\rundev-2020\202107140359\runtime\5d64bf0
[2022-07-12T21:55:42.763Z] Using Maya ADSK Signatures from P:\shared\Artifactory\Windows\adsk-plugin-signatures-maya\2023\c1dbfce
[2022-07-12T21:55:42.763Z] Using Maya Security Library from P:\shared\Artifactory\Windows\maya-security-library\3.1.0\084709f
[2022-07-12T21:55:42.763Z] 
[2022-07-12T21:55:42.763Z] ================================================================================
[2022-07-12T21:55:42.763Z]                              test (RelWithDebInfo)
[2022-07-12T21:55:42.763Z] ================================================================================
[2022-07-12T21:55:42.763Z] Maya Python RelWithDebInfo Info:
[2022-07-12T21:55:42.763Z]   mayapy executable   = P:\shared\Artifactory\Windows\rundev-2020\202107140359\runtime\5d64bf0\runTime\bin\mayapy.exe
[2022-07-12T21:55:42.763Z]   Include Folder      = P:\shared\Artifactory\Windows\rundev-2020\202107140359\runtime\5d64bf0\runTime\include\Python
[2022-07-12T21:55:42.763Z]   Library             = P:\shared\Artifactory\Windows\rundev-2020\202107140359\runtime\5d64bf0\runTime\lib\python27.lib
[2022-07-12T21:55:42.763Z]   site-package Folder = P:\shared\Artifactory\Windows\rundev-2020\202107140359\runtime\5d64bf0\runTime\Python\Lib\site-packages
[2022-07-12T21:55:43.470Z] In workdir: S:\jenkins\workspace\ECP\ecg-maya-usd\ecg-mayausd-branch-preflight-2020-windows\ecg-maya-usd\maya-usd
[2022-07-12T21:55:43.470Z] Executing: 'P:\\shared\\Artifactory\\Windows\\rundev-2020\\202107140359\\runtime\\5d64bf0\\runTime\\bin\\mayapy.exe' 'S:\\jenkins\\workspace\\ECP\\ecg-maya-usd\\ecg-mayausd-branch-preflight-2020-windows\\ecg-maya-usd\\maya-usd\\build.py' --generator Ninja --build-relwithdebug --maya-location 'P:\\shared\\Artifactory\\Windows\\rundev-2020\\202107140359\\runtime\\5d64bf0\\runTime' --devkit-location 'P:\\shared\\Artifactory\\Windows\\rundev-2020\\202107140359\\runtime\\5d64bf0\\devkitBase' --pxrusd-location 'P:\\shared\\Artifactory\\Windows\\USD\\c1313e5' --qt-location 'P:\\shared\\Artifactory\\Windows\\qt\\5.12.5\\4755980' '--build-args=-DCMAKE_MAKE_PROGRAM=P:/shared/Artifactory/Windows/ninja/1.9.0/c68f192/ninja.exe,-DPYTHON_INCLUDE_DIR=P:/shared/Artifactory/Windows/rundev-2020/202107140359/runtime/5d64bf0/runTime/include/Python,-DPython_EXECUTABLE=P:/shared/Artifactory/Windows/rundev-2020/202107140359/runtime/5d64bf0/runTime/bin/mayapy.exe,-DPYTHON_LIBRARIES=P:/shared/Artifactory/Windows/rundev-2020/202107140359/runtime/5d64bf0/runTime/lib/python27.lib,-DUSD_LIB_PREFIX=,-DCMAKE_WANT_MATERIALX_BUILD=ON,-DCMAKE_PREFIX_PATH=P:\\shared\\Artifactory\\Windows\\USD\\c1313e5' '--ctest-args=-E testUsdReferenceAssemblySelection|testUsdMayaAppDir,-LE interactive,--parallel 16' --stages=test --redirect-outstream-file=False --install-location 'W:\\install\\RelWithDebInfo\\MayaUSD' 'W:\\'
[2022-07-12T21:55:43.470Z] Modified environment variables:
[2022-07-12T21:55:43.470Z]     PATH=P:\shared\Artifactory\Windows\cmake\3.20.3\afe857a\bin;C:\Python27\lib\site-packages\pywin32_system32;C:\Program Files (x86)\Microsoft Visual Studio\2017\Professional\VC\Tools\MSVC\14.16.27023\bin\HostX64\x64;C:\Program Files (x86)\Microsoft Visual Studio\2017\Professional\Common7\IDE\VC\VCPackages;C:\Program Files (x86)\Microsoft Visual Studio\2017\Professional\Common7\IDE\CommonExtensions\Microsoft\TestWindow;C:\Program Files (x86)\Microsoft Visual Studio\2017\Professional\Common7\IDE\CommonExtensions\Microsoft\TeamFoundation\Team Explorer;C:\Program Files (x86)\Microsoft Visual Studio\2017\Professional\MSBuild\15.0\bin\Roslyn;C:\Program Files (x86)\Microsoft Visual Studio\2017\Professional\Team Tools\Performance Tools\x64;C:\Program Files (x86)\Microsoft Visual Studio\2017\Professional\Team Tools\Performance Tools;C:\Program Files (x86)\Microsoft Visual Studio\Shared\Common\VSPerfCollectionTools\\x64;C:\Program Files (x86)\Microsoft Visual Studio\Shared\Common\VSPerfCollectionTools\;C:\Program Files (x86)\Microsoft SDKs\Windows\v10.0A\bin\NETFX 4.6.1 Tools\x64\;C:\Program Files (x86)\HTML Help Workshop;C:\Program Files (x86)\Windows Kits\10\bin\10.0.18362.0\x64;C:\Program Files (x86)\Windows Kits\10\bin\x64;C:\Program Files (x86)\Microsoft Visual Studio\2017\Professional\\MSBuild\15.0\bin;C:\WINDOWS\Microsoft.NET\Framework64\v4.0.30319;C:\Program Files (x86)\Microsoft Visual Studio\2017\Professional\Common7\IDE\;C:\Program Files (x86)\Microsoft Visual Studio\2017\Professional\Common7\Tools\;C:\Python27\;C:\Python27\Scripts;C:\WINDOWS\system32;C:\WINDOWS;C:\WINDOWS\System32\Wbem;C:\WINDOWS\System32\WindowsPowerShell\v1.0\;C:\WINDOWS\System32\OpenSSH\;C:\ProgramData\chocolatey\bin;C:\Program Files (x86)\WiX Toolset v3.7\bin;C:\Program Files\dotnet\;C:\Program Files (x86)\Windows Kits\10\bin\10.0.18362.0\x64;C:\Program Files\Zulu\zulu-11\bin\;C:\Program Files (x86)\Windows Kits\10\bin\10.0.17763.0\x64;C:\Program Files (x86)\Windows Kits\10\bin\x64;C:\Program Files\Git\cmd;C:\Program Files\Git\usr\bin;C:\Program Files\Git\mingw64\bin;C:\Program Files\Git\bin;C:\Python38\;C:\Python38\Scripts;C:\StoreBoxClientWindows;C:\Program Files\Electric Cloud\ElectricCommander\bin;C:\Program Files\WinRAR;C:\Program Files\7-Zip;C:\Users\Administrator\AppData\Local\Microsoft\WindowsApps;C:\Program Files (x86)\Microsoft Visual Studio\2017\Professional\Common7\IDE\CommonExtensions\Microsoft\CMake\CMake\bin;C:\Program Files (x86)\Microsoft Visual Studio\2017\Professional\Common7\IDE\CommonExtensions\Microsoft\CMake\Ninja
[2022-07-12T21:55:43.794Z]     Test project W:/build/RelWithDebInfo
[2022-07-12T21:55:44.944Z]             Start   1: testMayaUsdConverter
[2022-07-12T21:55:44.944Z]             Start   2: testMayaUsdCreateStageCommands
[2022-07-12T21:55:44.944Z]             Start   3: testMayaUsdPythonImport
[2022-07-12T21:55:44.944Z]             Start   4: testMayaUsdLayerEditorCommands
[2022-07-12T21:55:44.944Z]             Start   5: testMayaUsdCacheId
[2022-07-12T21:55:44.944Z]             Start   7: _Interactive_Maya
[2022-07-12T21:55:44.944Z]       1/160 Test   #7: _Interactive_Maya ...............................***Not Run (Disabled)   0.00 sec
[2022-07-12T21:55:44.944Z]             Start   8: testMayaUsdPlugVersionCheck
[2022-07-12T21:55:44.944Z]             Start   9: testMatrices
[2022-07-12T21:55:44.944Z]             Start  10: testMayaPickwalk
[2022-07-12T21:55:44.944Z]             Start  11: testPythonWrappers
[2022-07-12T21:55:44.944Z]             Start  12: testSelection
[2022-07-12T21:55:44.944Z]             Start  13: testSelectionByArray
[2022-07-12T21:55:44.944Z]             Start  14: testUfePythonImport
[2022-07-12T21:55:44.944Z]             Start  15: testAttributeBlock
[2022-07-12T21:55:44.944Z]             Start  16: testBlockedLayerEdit
[2022-07-12T21:55:44.944Z]             Start  17: testLegacyDeleteCmd
[2022-07-12T21:55:44.944Z]             Start  18: testPrimReader
[2022-07-12T21:55:48.701Z]       2/160 Test   #1: testMayaUsdConverter ............................   Passed    4.18 sec
[2022-07-12T21:55:48.701Z]             Start  19: testPrimWriter
[2022-07-12T21:55:49.042Z]       3/160 Test   #5: testMayaUsdCacheId ..............................   Passed    4.25 sec
[2022-07-12T21:55:49.042Z]             Start  20: testExportChaser
[2022-07-12T21:55:49.042Z]       4/160 Test   #3: testMayaUsdPythonImport .........................   Passed    4.27 sec
[2022-07-12T21:55:49.042Z]             Start  21: testImportChaser
[2022-07-12T21:55:49.042Z]       5/160 Test   #2: testMayaUsdCreateStageCommands ..................   Passed    4.42 sec
[2022-07-12T21:55:49.042Z]             Start  22: testImportWithNamespace
[2022-07-12T21:55:49.042Z]       6/160 Test  #12: testSelection ...................................   Passed    4.40 sec
[2022-07-12T21:55:49.043Z]             Start  23: testJobContextRegistry
[2022-07-12T21:55:49.519Z]       7/160 Test  #11: testPythonWrappers ..............................   Passed    4.58 sec
[2022-07-12T21:55:49.520Z]             Start  24: testDisplayLayerSaveRestore
[2022-07-12T21:55:49.854Z]       8/160 Test  #18: testPrimReader ..................................   Passed    4.92 sec
[2022-07-12T21:55:49.854Z]             Start  25: testSchemaApiAdaptor
[2022-07-12T21:55:49.854Z]       9/160 Test  #13: testSelectionByArray ............................   Passed    4.97 sec
[2022-07-12T21:55:49.854Z]             Start  26: testReadWriteUtils
[2022-07-12T21:55:49.854Z]      10/160 Test   #4: testMayaUsdLayerEditorCommands ..................   Passed    5.03 sec
[2022-07-12T21:55:49.854Z]             Start  27: testXformStack
[2022-07-12T21:55:49.854Z]      11/160 Test  #14: testUfePythonImport .............................   Passed    4.99 sec
[2022-07-12T21:55:49.854Z]             Start  28: testGeomNode
[2022-07-12T21:55:49.854Z]      12/160 Test   #9: testMatrices ....................................   Passed    5.28 sec
[2022-07-12T21:55:49.854Z]             Start  29: testLayerManagerSerialization
[2022-07-12T21:55:50.187Z]      13/160 Test  #10: testMayaPickwalk ................................   Passed    5.47 sec
[2022-07-12T21:55:50.187Z]             Start  30: testPointBasedDeformerNode
[2022-07-12T21:55:50.187Z]      14/160 Test   #8: testMayaUsdPlugVersionCheck .....................   Passed    5.49 sec
[2022-07-12T21:55:50.187Z]             Start  31: testProxyShapeBase
[2022-07-12T21:55:50.524Z]      15/160 Test  #16: testBlockedLayerEdit ............................   Passed    5.77 sec
[2022-07-12T21:55:50.524Z]             Start  32: testHdImagingShape
[2022-07-12T21:55:50.861Z]      16/160 Test  #15: testAttributeBlock ..............................   Passed    6.19 sec
[2022-07-12T21:55:50.861Z]             Start  55: testUsdUndoManager
[2022-07-12T21:55:50.861Z]      17/160 Test  #17: testLegacyDeleteCmd .............................   Passed    6.21 sec
[2022-07-12T21:55:50.861Z]             Start  56: testBlockSceneModificationContext
[2022-07-12T21:55:53.103Z]      18/160 Test  #21: testImportChaser ................................   Passed    4.13 sec
[2022-07-12T21:55:53.103Z]             Start  57: testDiagnosticDelegate
[2022-07-12T21:55:53.103Z]      19/160 Test  #19: testPrimWriter ..................................   Passed    4.27 sec
[2022-07-12T21:55:53.103Z]             Start  58: testLoadRules
[2022-07-12T21:55:53.437Z]      20/160 Test  #20: testExportChaser ................................   Passed    4.34 sec
[2022-07-12T21:55:53.437Z]             Start  59: testSplitString
[2022-07-12T21:55:53.437Z]      21/160 Test  #23: testJobContextRegistry ..........................   Passed    4.27 sec
[2022-07-12T21:55:53.437Z]             Start  60: testPxrUsdPreviewSurfaceDraw
[2022-07-12T21:55:53.437Z]      22/160 Test  #22: testImportWithNamespace .........................   Passed    4.40 sec
[2022-07-12T21:55:53.437Z]             Start  61: testPxrUsdPreviewSurfaceExport
[2022-07-12T21:55:53.771Z]      23/160 Test  #24: testDisplayLayerSaveRestore .....................   Passed    4.55 sec
[2022-07-12T21:55:53.771Z]             Start  62: testMayaUsdSchemasPythonImport
[2022-07-12T21:55:54.105Z]      24/160 Test  #26: testReadWriteUtils ..............................   Passed    4.26 sec
[2022-07-12T21:55:54.105Z]             Start  63: testMayaUsdSchemasMayaReference
[2022-07-12T21:55:54.105Z]      25/160 Test  #27: testXformStack ..................................   Passed    4.27 sec
[2022-07-12T21:55:54.105Z]             Start  64: testDiffCore
[2022-07-12T21:55:54.105Z]      26/160 Test  #64: testDiffCore ....................................   Passed    0.13 sec
[2022-07-12T21:55:54.105Z]             Start  65: testDiffValues
[2022-07-12T21:55:54.105Z]      27/160 Test  #28: testGeomNode ....................................   Passed    4.44 sec
[2022-07-12T21:55:54.105Z]             Start  66: testDiffAttributes
[2022-07-12T21:55:54.437Z]      28/160 Test  #65: testDiffValues ..................................   Passed    0.15 sec
[2022-07-12T21:55:54.437Z]             Start  67: testDiffRelationships
[2022-07-12T21:55:54.437Z]      29/160 Test  #30: testPointBasedDeformerNode ......................   Passed    4.16 sec
[2022-07-12T21:55:54.437Z]             Start  68: testDiffDictionaries
[2022-07-12T21:55:54.437Z]      30/160 Test  #66: testDiffAttributes ..............................   Passed    0.20 sec
[2022-07-12T21:55:54.437Z]             Start  69: testDiffLists
[2022-07-12T21:55:54.437Z]      31/160 Test  #29: testLayerManagerSerialization ...................   Passed    4.46 sec
[2022-07-12T21:55:54.437Z]             Start  70: testDiffComputeOverall
[2022-07-12T21:55:54.437Z]      32/160 Test  #67: testDiffRelationships ...........................   Passed    0.20 sec
[2022-07-12T21:55:54.437Z]             Start  71: testDiffPrims
[2022-07-12T21:55:54.437Z]      33/160 Test  #68: testDiffDictionaries ............................   Passed    0.18 sec
[2022-07-12T21:55:54.437Z]             Start  72: testMergePrims
[2022-07-12T21:55:54.437Z]      34/160 Test  #58: testLoadRules ...................................   Passed    1.45 sec
[2022-07-12T21:55:54.437Z]             Start  73: testDiffMetadatas
[2022-07-12T21:55:54.797Z]      35/160 Test  #69: testDiffLists ...................................   Passed    0.21 sec
[2022-07-12T21:55:54.797Z]             Start  74: testUsdExportAnimation
[2022-07-12T21:55:54.797Z]      36/160 Test  #70: testDiffComputeOverall ..........................   Passed    0.14 sec
[2022-07-12T21:55:54.797Z]             Start  75: testUsdExportAsClip
[2022-07-12T21:55:54.797Z]      37/160 Test  #59: testSplitString .................................   Passed    1.35 sec
[2022-07-12T21:55:54.797Z]             Start  76: testUsdExportBindTransform
[2022-07-12T21:55:54.797Z]      38/160 Test  #71: testDiffPrims ...................................   Passed    0.19 sec
[2022-07-12T21:55:54.797Z]             Start  77: testUsdExportBlendshapes
[2022-07-12T21:55:54.797Z]      39/160 Test  #25: testSchemaApiAdaptor ............................   Passed    5.00 sec
[2022-07-12T21:55:54.797Z]             Start  78: testUsdExportCamera
[2022-07-12T21:55:54.797Z]      40/160 Test  #72: testMergePrims ..................................   Passed    0.18 sec
[2022-07-12T21:55:54.797Z]             Start  79: testUsdExportColorSets
[2022-07-12T21:55:54.797Z]      41/160 Test  #73: testDiffMetadatas ...............................   Passed    0.21 sec
[2022-07-12T21:55:54.797Z]             Start  80: testUsdExportConnected
[2022-07-12T21:55:55.131Z]      42/160 Test  #32: testHdImagingShape ..............................   Passed    4.61 sec
[2022-07-12T21:55:55.131Z]             Start  81: testUsdExportDisplacement
[2022-07-12T21:55:55.131Z]      43/160 Test  #55: testUsdUndoManager ..............................   Passed    4.21 sec
[2022-07-12T21:55:55.131Z]             Start  82: testUsdExportDisplayColor
[2022-07-12T21:55:55.131Z]      44/160 Test  #56: testBlockSceneModificationContext ...............   Passed    4.28 sec
[2022-07-12T21:55:55.131Z]             Start  83: testUsdExportEulerFilter
[2022-07-12T21:55:55.466Z]      45/160 Test  #31: testProxyShapeBase ..............................***Failed    5.41 sec
[2022-07-12T21:55:55.466Z]     MAYA_DEBUG_NO_SAVE_ON_CRASH is set.
[2022-07-12T21:55:55.466Z]     Warning: This file is from an older version of Maya.  If saved, it will not be readable by previous versions.
[2022-07-12T21:55:55.466Z]     File read in  0.46 seconds.
[2022-07-12T21:55:55.466Z]     .sWarning: This file is from an older version of Maya.  If saved, it will not be readable by previous versions.
[2022-07-12T21:55:55.466Z]     File read in  0.016 seconds.
[2022-07-12T21:55:55.466Z]     EssWarning: This file is from an older version of Maya.  If saved, it will not be readable by previous versions.
[2022-07-12T21:55:55.466Z]     File read in  0.015 seconds.
[2022-07-12T21:55:55.466Z]     File read in  0.016 seconds.
[2022-07-12T21:55:55.466Z]     .Warning: This file is from an older version of Maya.  If saved, it will not be readable by previous versions.
[2022-07-12T21:55:55.466Z]     File read in  0.014 seconds.
[2022-07-12T21:55:55.466Z]     .Warning: This file is from an older version of Maya.  If saved, it will not be readable by previous versions.
[2022-07-12T21:55:55.466Z]     File read in  0.015 seconds.
[2022-07-12T21:55:55.466Z]     File read in  0.029 seconds.
[2022-07-12T21:55:55.466Z]     .sWarning: This file is from an older version of Maya.  If saved, it will not be readable by previous versions.
[2022-07-12T21:55:55.466Z]     File read in  0.039 seconds.
[2022-07-12T21:55:55.466Z]     .Warning: This file is from an older version of Maya.  If saved, it will not be readable by previous versions.
[2022-07-12T21:55:55.466Z]     File read in  0.02 seconds.
[2022-07-12T21:55:55.466Z]     ..
[2022-07-12T21:55:55.466Z]     ======================================================================
[2022-07-12T21:55:55.466Z]     ERROR: testDeleteStageUndo (testProxyShapeBase.testProxyShapeBase)
[2022-07-12T21:55:55.466Z]     ----------------------------------------------------------------------
[2022-07-12T21:55:55.466Z]     Traceback (most recent call last):
[2022-07-12T21:55:55.466Z]       File "S:\jenkins\workspace\ECP\ecg-maya-usd\ecg-mayausd-branch-preflight-2020-windows\ecg-maya-usd\maya-usd\test\lib\mayaUsd\nodes\testProxyShapeBase.py", line 175, in testDeleteStageUndo
[2022-07-12T21:55:55.466Z]         proxyShapePath = ufe.PathString.path(proxyShapes[0])
[2022-07-12T21:55:55.466Z]     AttributeError: 'module' object has no attribute 'PathString'
[2022-07-12T21:55:55.466Z]     
[2022-07-12T21:55:55.466Z]     ----------------------------------------------------------------------
[2022-07-12T21:55:55.466Z]     Ran 12 tests in 1.078s
[2022-07-12T21:55:55.466Z]     
[2022-07-12T21:55:55.466Z]     FAILED (errors=1, skipped=4)
[2022-07-12T21:55:55.466Z]     
[2022-07-12T21:55:55.466Z]             Start  84: testUsdExportFileFormat
[2022-07-12T21:55:57.128Z]      46/160 Test  #60: testPxrUsdPreviewSurfaceDraw ....................   Passed    3.60 sec
[2022-07-12T21:55:57.128Z]             Start  85: testUsdExportFilterTypes
[2022-07-12T21:55:57.835Z]      47/160 Test  #57: testDiagnosticDelegate ..........................   Passed    4.57 sec
[2022-07-12T21:55:57.835Z]             Start  86: testUsdExportFrameOffset
[2022-07-12T21:55:57.835Z]      48/160 Test  #63: testMayaUsdSchemasMayaReference .................   Passed    3.91 sec
[2022-07-12T21:55:57.835Z]             Start  87: testUsdExportGeomSubset
[2022-07-12T21:55:57.835Z]      49/160 Test  #62: testMayaUsdSchemasPythonImport ..................   Passed    4.12 sec
[2022-07-12T21:55:57.835Z]             Start  88: testUsdExportInstances
[2022-07-12T21:55:58.542Z]      50/160 Test  #61: testPxrUsdPreviewSurfaceExport ..................   Passed    4.93 sec
[2022-07-12T21:55:58.542Z]             Start  89: testUsdExportLayerAttributes
[2022-07-12T21:55:59.248Z]      51/160 Test  #74: testUsdExportAnimation ..........................   Passed    4.52 sec
[2022-07-12T21:55:59.248Z]             Start  90: testUsdExportLight
[2022-07-12T21:55:59.248Z]      52/160 Test  #76: testUsdExportBindTransform ......................   Passed    4.56 sec
[2022-07-12T21:55:59.248Z]             Start  91: testUsdExportLocator
[2022-07-12T21:55:59.580Z]      53/160 Test  #75: testUsdExportAsClip .............................   Passed    4.88 sec
[2022-07-12T21:55:59.580Z]             Start  92: testUsdExportMayaInstancer
[2022-07-12T21:55:59.580Z]      54/160 Test  #78: testUsdExportCamera .............................   Passed    5.01 sec
[2022-07-12T21:55:59.580Z]             Start  93: testUsdExportMesh
[2022-07-12T21:55:59.580Z]      55/160 Test  #77: testUsdExportBlendshapes ........................   Passed    5.05 sec
[2022-07-12T21:55:59.580Z]             Start  94: testUsdExportNurbsCurve
[2022-07-12T21:55:59.912Z]      56/160 Test  #80: testUsdExportConnected ..........................   Passed    5.19 sec
[2022-07-12T21:55:59.912Z]             Start  95: testUsdExportOpenLayer
[2022-07-12T21:55:59.912Z]      57/160 Test  #84: testUsdExportFileFormat .........................   Passed    4.37 sec
[2022-07-12T21:55:59.912Z]             Start  96: testUsdExportOverImport
[2022-07-12T21:56:00.445Z]      58/160 Test  #82: testUsdExportDisplayColor .......................   Passed    5.04 sec
[2022-07-12T21:56:00.445Z]             Start  97: testUsdExportUsdPreviewSurface
[2022-07-12T21:56:00.445Z]      59/160 Test  #79: testUsdExportColorSets ..........................   Passed    5.51 sec
[2022-07-12T21:56:00.445Z]             Start  98: testUsdExportParentScope
[2022-07-12T21:56:00.445Z]      60/160 Test  #83: testUsdExportEulerFilter ........................   Passed    4.97 sec
[2022-07-12T21:56:00.445Z]             Start  99: testUsdExportParticles
[2022-07-12T21:56:00.445Z]      61/160 Test  #81: testUsdExportDisplacement .......................   Passed    5.15 sec
[2022-07-12T21:56:00.445Z]             Start 100: testUsdExportPref
[2022-07-12T21:56:02.685Z]      62/160 Test  #85: testUsdExportFilterTypes ........................   Passed    5.32 sec
[2022-07-12T21:56:02.685Z]             Start 101: testUsdExportRenderLayerMode
[2022-07-12T21:56:02.685Z]      63/160 Test  #86: testUsdExportFrameOffset ........................   Passed    5.06 sec
[2022-07-12T21:56:02.685Z]             Start 102: testUsdExportRoots
[2022-07-12T21:56:03.016Z]      64/160 Test  #87: testUsdExportGeomSubset .........................   Passed    4.98 sec
[2022-07-12T21:56:03.016Z]             Start 103: testUsdExportRootsAndParentScope
[2022-07-12T21:56:03.016Z]      65/160 Test  #89: testUsdExportLayerAttributes ....................   Passed    4.48 sec
[2022-07-12T21:56:03.016Z]             Start 104: testUsdExportSelection
[2022-07-12T21:56:03.348Z]      66/160 Test  #88: testUsdExportInstances ..........................   Passed    5.21 sec
[2022-07-12T21:56:03.348Z]             Start 105: testUsdExportSelectionHierarchy
[2022-07-12T21:56:03.348Z]      67/160 Test  #90: testUsdExportLight ..............................   Passed    4.33 sec
[2022-07-12T21:56:03.348Z]             Start 106: testUsdExportShadingInstanced
[2022-07-12T21:56:04.055Z]      68/160 Test  #91: testUsdExportLocator ............................   Passed    4.88 sec
[2022-07-12T21:56:04.055Z]             Start 107: testUsdExportShadingModePxrRis
[2022-07-12T21:56:04.391Z]      69/160 Test  #95: testUsdExportOpenLayer ..........................   Passed    4.55 sec
[2022-07-12T21:56:04.391Z]             Start 108: testUsdExportSkeleton
[2022-07-12T21:56:04.729Z]      70/160 Test  #96: testUsdExportOverImport .........................   Passed    4.65 sec
[2022-07-12T21:56:04.729Z]             Start 109: testUsdExportStripNamespaces
[2022-07-12T21:56:04.729Z]      71/160 Test  #94: testUsdExportNurbsCurve .........................   Passed    5.11 sec
[2022-07-12T21:56:04.729Z]             Start 110: testUsdExportStroke
[2022-07-12T21:56:05.063Z]      72/160 Test  #92: testUsdExportMayaInstancer ......................   Passed    5.39 sec
[2022-07-12T21:56:05.063Z]             Start 111: testUsdExportUserTaggedAttributes
[2022-07-12T21:56:05.063Z]      73/160 Test  #97: testUsdExportUsdPreviewSurface ..................   Passed    4.72 sec
[2022-07-12T21:56:05.063Z]             Start 112: testUsdExportVisibilityDefault
[2022-07-12T21:56:05.063Z]      74/160 Test  #93: testUsdExportMesh ...............................   Passed    5.23 sec
[2022-07-12T21:56:05.063Z]             Start 113: testUsdImportAnonymousLayer
[2022-07-12T21:56:05.063Z]      75/160 Test  #99: testUsdExportParticles ..........................   Passed    4.89 sec
[2022-07-12T21:56:05.063Z]             Start 114: testUsdImportCamera
[2022-07-12T21:56:05.395Z]      76/160 Test #100: testUsdExportPref ...............................   Passed    4.95 sec
[2022-07-12T21:56:05.395Z]             Start 115: testUsdImportBasisCurves
[2022-07-12T21:56:05.395Z]      77/160 Test  #98: testUsdExportParentScope ........................   Passed    5.24 sec
[2022-07-12T21:56:05.395Z]             Start 116: testUsdImportBatchNurbsCurves
[2022-07-12T21:56:06.539Z]      78/160 Test #101: testUsdExportRenderLayerMode ....................   Passed    4.09 sec
[2022-07-12T21:56:06.539Z]             Start 117: testUsdImportLinearCurves
[2022-07-12T21:56:07.251Z]      79/160 Test #103: testUsdExportRootsAndParentScope ................   Passed    4.40 sec
[2022-07-12T21:56:07.251Z]             Start 118: testUsdImportNurbsCurves
[2022-07-12T21:56:07.957Z]      80/160 Test #104: testUsdExportSelection ..........................   Passed    4.86 sec
[2022-07-12T21:56:07.957Z]             Start 119: testUsdImportBatchBezierCurves
[2022-07-12T21:56:07.957Z]      81/160 Test #105: testUsdExportSelectionHierarchy .................   Passed    4.71 sec
[2022-07-12T21:56:07.957Z]             Start 120: testUsdImportColorSets
[2022-07-12T21:56:07.957Z]      82/160 Test #102: testUsdExportRoots ..............................   Passed    5.23 sec
[2022-07-12T21:56:07.957Z]             Start 121: testUsdImportDisplacement
[2022-07-12T21:56:08.289Z]      83/160 Test #106: testUsdExportShadingInstanced ...................   Passed    4.80 sec
[2022-07-12T21:56:08.289Z]             Start 122: testUsdImportExportScope
[2022-07-12T21:56:08.623Z]      84/160 Test #107: testUsdExportShadingModePxrRis ..................   Passed    4.47 sec
[2022-07-12T21:56:08.623Z]             Start 123: testUsdImportExportTypelessDefs
[2022-07-12T21:56:08.956Z]      85/160 Test #109: testUsdExportStripNamespaces ....................   Passed    4.40 sec
[2022-07-12T21:56:08.956Z]             Start 124: testUsdImportFrameRange
[2022-07-12T21:56:09.289Z]      86/160 Test #113: testUsdImportAnonymousLayer .....................   Passed    4.46 sec
[2022-07-12T21:56:09.289Z]             Start 125: testUsdImportFramerates
[2022-07-12T21:56:09.622Z]      87/160 Test #114: testUsdImportCamera .............................   Passed    4.39 sec
[2022-07-12T21:56:09.622Z]             Start 126: testUsdImportInstances
[2022-07-12T21:56:09.622Z]      88/160 Test #110: testUsdExportStroke .............................   Passed    4.77 sec
[2022-07-12T21:56:09.622Z]             Start 127: testUsdImportLight
[2022-07-12T21:56:09.622Z]      89/160 Test #112: testUsdExportVisibilityDefault ..................   Passed    4.73 sec
[2022-07-12T21:56:09.622Z]             Start 128: testUsdImportMayaReference
[2022-07-12T21:56:09.622Z]      90/160 Test #115: testUsdImportBasisCurves ........................   Passed    4.45 sec
[2022-07-12T21:56:09.622Z]             Start 129: testUsdImportMesh
[2022-07-12T21:56:09.955Z]      91/160 Test #111: testUsdExportUserTaggedAttributes ...............   Passed    4.95 sec
[2022-07-12T21:56:09.955Z]             Start 130: testUsdImportPreviewSurface
[2022-07-12T21:56:09.955Z]      92/160 Test #116: testUsdImportBatchNurbsCurves ...................   Passed    4.37 sec
[2022-07-12T21:56:09.955Z]             Start 131: testUsdImportSessionLayer
[2022-07-12T21:56:10.288Z]      93/160 Test #108: testUsdExportSkeleton ...........................   Passed    5.73 sec
[2022-07-12T21:56:10.288Z]             Start 132: testUsdImportShadingModeDisplayColor
[2022-07-12T21:56:10.994Z]      94/160 Test #117: testUsdImportLinearCurves .......................   Passed    4.40 sec
[2022-07-12T21:56:10.994Z]             Start 133: testUsdImportShadingModePxrRis
[2022-07-12T21:56:11.716Z]      95/160 Test #118: testUsdImportNurbsCurves ........................   Passed    4.51 sec
[2022-07-12T21:56:11.716Z]             Start 134: testUsdImportUVSetMappings
[2022-07-12T21:56:12.423Z]      96/160 Test #119: testUsdImportBatchBezierCurves ..................   Passed    4.53 sec
[2022-07-12T21:56:12.423Z]             Start 135: testUsdImportUSDZTextures
[2022-07-12T21:56:12.423Z]      97/160 Test #120: testUsdImportColorSets ..........................   Passed    4.42 sec
[2022-07-12T21:56:12.423Z]             Start 136: testUsdExportImportRoundtripPreviewSurface
[2022-07-12T21:56:12.423Z]      98/160 Test #121: testUsdImportDisplacement .......................   Passed    4.46 sec
[2022-07-12T21:56:12.423Z]             Start 137: testUsdExportImportUDIM
[2022-07-12T21:56:12.756Z]      99/160 Test #122: testUsdImportExportScope ........................   Passed    4.62 sec
[2022-07-12T21:56:12.756Z]             Start 138: testUsdImportSkeleton
[2022-07-12T21:56:13.088Z]     100/160 Test #123: testUsdImportExportTypelessDefs .................   Passed    4.38 sec
[2022-07-12T21:56:13.088Z]             Start 139: testUsdImportXforms
[2022-07-12T21:56:13.796Z]     101/160 Test #124: testUsdImportFrameRange .........................   Passed    4.69 sec
[2022-07-12T21:56:13.796Z]             Start 140: testUsdImportXformAnim
[2022-07-12T21:56:14.130Z]     102/160 Test #125: testUsdImportFramerates .........................   Passed    4.61 sec
[2022-07-12T21:56:14.130Z]             Start 141: testUsdMayaAdaptor
[2022-07-12T21:56:14.130Z]     103/160 Test #126: testUsdImportInstances ..........................   Passed    4.56 sec
[2022-07-12T21:56:14.130Z]             Start 142: testUsdMayaAdaptorGeom
[2022-07-12T21:56:14.462Z]     104/160 Test #127: testUsdImportLight ..............................   Passed    4.69 sec
[2022-07-12T21:56:14.462Z]             Start 143: testUsdMayaAdaptorMetadata
[2022-07-12T21:56:14.462Z]     105/160 Test #129: testUsdImportMesh ...............................   Passed    4.62 sec
[2022-07-12T21:56:14.462Z]             Start 144: testUsdMayaAdaptorUndoRedo
[2022-07-12T21:56:14.462Z]     106/160 Test #131: testUsdImportSessionLayer .......................   Passed    4.75 sec
[2022-07-12T21:56:14.462Z]             Start 145: testUsdExportUVTransforms
[2022-07-12T21:56:14.796Z]     107/160 Test #130: testUsdImportPreviewSurface .....................   Passed    4.80 sec
[2022-07-12T21:56:14.796Z]             Start 146: testUsdExportUsdzPackage
[2022-07-12T21:56:14.796Z]     108/160 Test #128: testUsdImportMayaReference ......................   Passed    5.14 sec
[2022-07-12T21:56:14.796Z]             Start 147: testUsdExportRfMShaders
[2022-07-12T21:56:14.796Z]     109/160 Test #132: testUsdImportShadingModeDisplayColor ............   Passed    4.55 sec
[2022-07-12T21:56:14.796Z]             Start 148: testUsdImportRfMShaders
[2022-07-12T21:56:15.503Z]     110/160 Test #133: testUsdImportShadingModePxrRis ..................   Passed    4.63 sec
[2022-07-12T21:56:15.503Z]             Start 149: testUsdExportUVSets
[2022-07-12T21:56:16.212Z]     111/160 Test #134: testUsdImportUVSetMappings ......................   Passed    4.32 sec
[2022-07-12T21:56:16.212Z]             Start 150: testUsdExportUVSetsFloat
[2022-07-12T21:56:16.544Z]     112/160 Test #135: testUsdImportUSDZTextures .......................   Passed    4.31 sec
[2022-07-12T21:56:16.544Z]             Start 151: testUsdExportUVSetMappings
[2022-07-12T21:56:17.249Z]     113/160 Test #138: testUsdImportSkeleton ...........................   Passed    4.48 sec
[2022-07-12T21:56:17.249Z]             Start 152: testUsdImportUVSets
[2022-07-12T21:56:17.582Z]     114/160 Test #137: testUsdExportImportUDIM .........................   Passed    4.99 sec
[2022-07-12T21:56:17.582Z]             Start 153: testUsdImportUVSetsFloat
[2022-07-12T21:56:17.582Z]     115/160 Test #136: testUsdExportImportRoundtripPreviewSurface ......   Passed    5.20 sec
[2022-07-12T21:56:17.582Z]             Start 154: testUsdImportChaser
[2022-07-12T21:56:17.916Z]     116/160 Test #140: testUsdImportXformAnim ..........................   Passed    4.34 sec
[2022-07-12T21:56:18.249Z]             Start 155: testUsdExportCustomConverter-Maya
[2022-07-12T21:56:18.249Z]     117/160 Test #141: testUsdMayaAdaptor ..............................   Passed    4.21 sec
[2022-07-12T21:56:18.249Z]             Start 156: testUsdExportCustomConverter-USD
[2022-07-12T21:56:18.582Z]     118/160 Test #142: testUsdMayaAdaptorGeom ..........................   Passed    4.35 sec
[2022-07-12T21:56:18.582Z]             Start 157: testUsdImportCustomConverter-Maya
[2022-07-12T21:56:18.915Z]     119/160 Test #144: testUsdMayaAdaptorUndoRedo ......................   Passed    4.43 sec
[2022-07-12T21:56:18.915Z]             Start 158: testUsdImportCustomConverter-USD
[2022-07-12T21:56:18.915Z]     120/160 Test #143: testUsdMayaAdaptorMetadata ......................   Passed    4.57 sec
[2022-07-12T21:56:18.915Z]             Start 159: testUsdMayaListShadingModesCommand
[2022-07-12T21:56:18.915Z]     121/160 Test #146: testUsdExportUsdzPackage ........................   Passed    4.28 sec
[2022-07-12T21:56:18.915Z]             Start 160: testUsdExportSchemaApi
[2022-07-12T21:56:19.252Z]     122/160 Test #148: testUsdImportRfMShaders .........................   Passed    4.36 sec
[2022-07-12T21:56:19.252Z]             Start 161: testUsdImportExportSiteSpecificConfig
[2022-07-12T21:56:19.595Z]     123/160 Test #147: testUsdExportRfMShaders .........................   Passed    4.78 sec
[2022-07-12T21:56:19.595Z]             Start 162: testUsdExportAssembly
[2022-07-12T21:56:19.595Z]     124/160 Test #145: testUsdExportUVTransforms .......................   Passed    4.98 sec
[2022-07-12T21:56:19.595Z]             Start 163: testUsdExportAssemblyEdits
[2022-07-12T21:56:19.928Z]     125/160 Test #149: testUsdExportUVSets .............................   Passed    4.61 sec
[2022-07-12T21:56:19.928Z]             Start 164: testUsdExportPackage
[2022-07-12T21:56:20.638Z]     126/160 Test #150: testUsdExportUVSetsFloat ........................   Passed    4.60 sec
[2022-07-12T21:56:20.638Z]             Start 165: testUsdExportPointInstancer
[2022-07-12T21:56:21.807Z]     127/160 Test #151: testUsdExportUVSetMappings ......................   Passed    5.01 sec
[2022-07-12T21:56:21.807Z]             Start 166: testUsdImportAsAssemblies
[2022-07-12T21:56:21.807Z]     128/160 Test #152: testUsdImportUVSets .............................   Passed    4.37 sec
[2022-07-12T21:56:21.807Z]             Start 167: testUsdImportNestedAssemblyAnimation
[2022-07-12T21:56:21.807Z]     129/160 Test #154: testUsdImportChaser .............................   Passed    4.42 sec
[2022-07-12T21:56:21.807Z]             Start 168: testUsdMayaGetVariantSetSelections
[2022-07-12T21:56:22.145Z]     130/160 Test #153: testUsdImportUVSetsFloat ........................   Passed    4.61 sec
[2022-07-12T21:56:22.145Z]             Start 169: testUsdMayaModelKindProcessor
[2022-07-12T21:56:22.480Z]     131/160 Test #155: testUsdExportCustomConverter-Maya ...............   Passed    4.40 sec
[2022-07-12T21:56:22.480Z]             Start 170: testUsdMayaReferenceAssemblyEdits
[2022-07-12T21:56:22.480Z]     132/160 Test #156: testUsdExportCustomConverter-USD ................   Passed    4.25 sec
[2022-07-12T21:56:22.480Z]             Start 171: testUsdReferenceAssemblyChangeRepresentations
[2022-07-12T21:56:22.812Z]     133/160 Test #157: testUsdImportCustomConverter-Maya ...............   Passed    4.52 sec
[2022-07-12T21:56:22.812Z]             Start 172: testPxrUsdAlembicChaser
[2022-07-12T21:56:23.145Z]     134/160 Test #158: testUsdImportCustomConverter-USD ................   Passed    4.46 sec
[2022-07-12T21:56:23.145Z]             Start 173: AL_MayaUtilsTests
[2022-07-12T21:56:23.145Z]     135/160 Test #159: testUsdMayaListShadingModesCommand ..............   Passed    4.41 sec
[2022-07-12T21:56:23.145Z]             Start 174: GTest:AL_USDTransactionTests
[2022-07-12T21:56:23.497Z]     136/160 Test #161: testUsdImportExportSiteSpecificConfig ...........   Passed    4.23 sec
[2022-07-12T21:56:23.497Z]             Start 175: Python:AL_USDTransactionTests
[2022-07-12T21:56:23.497Z]     137/160 Test #174: GTest:AL_USDTransactionTests ....................   Passed    0.29 sec
[2022-07-12T21:56:23.497Z]             Start 176: AL_USDMayaTestPlugin
[2022-07-12T21:56:23.830Z]     138/160 Test #160: testUsdExportSchemaApi ..........................   Passed    4.79 sec
[2022-07-12T21:56:23.830Z]             Start 177: TestALUSDMayaPython_ProxyShape
[2022-07-12T21:56:24.186Z]     139/160 Test #175: Python:AL_USDTransactionTests ...................   Passed    0.75 sec
[2022-07-12T21:56:24.186Z]             Start 178: TestALUSDMayaPython_Translators
[2022-07-12T21:56:24.528Z]     140/160 Test #163: testUsdExportAssemblyEdits ......................   Passed    5.02 sec
[2022-07-12T21:56:24.528Z]             Start 179: TestALUSDMayaPython_LayerManager
[2022-07-12T21:56:24.860Z]     141/160 Test #162: testUsdExportAssembly ...........................   Passed    5.26 sec
[2022-07-12T21:56:24.860Z]             Start 180: TestALUSDMayaPython_ImportModule
[2022-07-12T21:56:25.196Z]     142/160 Test #164: testUsdExportPackage ............................   Passed    5.17 sec
[2022-07-12T21:56:25.196Z]             Start 181: testMayaSchemas
[2022-07-12T21:56:25.531Z]     143/160 Test #181: testMayaSchemas .................................   Passed    0.29 sec
[2022-07-12T21:56:25.531Z]             Start 182: TestAdditionalTranslators
[2022-07-12T21:56:26.259Z]     144/160 Test #168: testUsdMayaGetVariantSetSelections ..............   Passed    4.37 sec
[2022-07-12T21:56:26.259Z]             Start 183: TestPxrUsdTranslators
[2022-07-12T21:56:26.259Z]     145/160 Test #166: testUsdImportAsAssemblies .......................   Passed    4.71 sec
[2022-07-12T21:56:26.259Z]     146/160 Test #167: testUsdImportNestedAssemblyAnimation ............   Passed    4.65 sec
[2022-07-12T21:56:26.600Z]     147/160 Test #180: TestALUSDMayaPython_ImportModule ................   Passed    1.79 sec
[2022-07-12T21:56:26.938Z]     148/160 Test #170: testUsdMayaReferenceAssemblyEdits ...............   Passed    4.47 sec
[2022-07-12T21:56:26.938Z]     149/160 Test #173: AL_MayaUtilsTests ...............................   Passed    3.74 sec
[2022-07-12T21:56:27.650Z]     150/160 Test #171: testUsdReferenceAssemblyChangeRepresentations ...   Passed    4.95 sec
[2022-07-12T21:56:27.650Z]     151/160 Test #169: testUsdMayaModelKindProcessor ...................   Passed    5.43 sec
[2022-07-12T21:56:27.995Z]     152/160 Test #172: testPxrUsdAlembicChaser .........................   Passed    5.00 sec
[2022-07-12T21:56:28.337Z]     153/160 Test #177: TestALUSDMayaPython_ProxyShape ..................   Passed    4.47 sec
[2022-07-12T21:56:29.043Z]     154/160 Test #178: TestALUSDMayaPython_Translators .................   Passed    4.94 sec
[2022-07-12T21:56:29.043Z]     155/160 Test #179: TestALUSDMayaPython_LayerManager ................   Passed    4.51 sec
[2022-07-12T21:56:30.719Z]     156/160 Test #183: TestPxrUsdTranslators ...........................   Passed    4.24 sec
[2022-07-12T21:56:32.366Z]     157/160 Test #182: TestAdditionalTranslators .......................   Passed    6.52 sec
[2022-07-12T21:56:48.215Z]     158/160 Test #176: AL_USDMayaTestPlugin ............................   Passed   23.09 sec
[2022-07-12T21:56:51.986Z]     159/160 Test #165: testUsdExportPointInstancer .....................   Passed   31.38 sec
[2022-07-12T21:57:40.006Z]     160/160 Test #139: testUsdImportXforms .............................   Passed   83.90 sec
[2022-07-12T21:57:40.006Z]     
[2022-07-12T21:57:40.006Z]     99% tests passed, 1 tests failed out of 159
[2022-07-12T21:57:40.006Z]     
[2022-07-12T21:57:40.006Z]     Label Time Summary:
[2022-07-12T21:57:40.006Z]     Debugging            =   0.00 sec*proc (1 test)
[2022-07-12T21:57:40.006Z]     MayaUsd              =  27.65 sec*proc (6 tests)
[2022-07-12T21:57:40.006Z]     fileio               =  35.89 sec*proc (8 tests)
[2022-07-12T21:57:40.006Z]     fileio_utils         =   8.54 sec*proc (2 tests)
[2022-07-12T21:57:40.006Z]     nodes                =  23.07 sec*proc (5 tests)
[2022-07-12T21:57:40.006Z]     translators          = 492.61 sec*proc (88 tests)
[2022-07-12T21:57:40.006Z]     ufe                  =  47.86 sec*proc (9 tests)
[2022-07-12T21:57:40.006Z]     undo                 =   4.21 sec*proc (1 test)
[2022-07-12T21:57:40.006Z]     usdPreviewSurface    =   8.52 sec*proc (2 tests)
[2022-07-12T21:57:40.006Z]     utils                =   8.85 sec*proc (2 tests)
[2022-07-12T21:57:40.006Z]     
[2022-07-12T21:57:40.006Z]     Total Test time (real) = 113.23 sec
[2022-07-12T21:57:40.006Z]     
[2022-07-12T21:57:40.006Z]     The following tests did not run:
[2022-07-12T21:57:40.006Z]     	  7 - _Interactive_Maya (Disabled)
[2022-07-12T21:57:40.006Z]     
[2022-07-12T21:57:40.006Z]     The following tests FAILED:
[2022-07-12T21:57:40.006Z]     	 31 - testProxyShapeBase (Failed)
[2022-07-12T21:57:40.006Z]     Errors while running CTest
[2022-07-12T21:57:40.006Z]     
[2022-07-12T21:57:40.006Z]         Building with settings:
[2022-07-12T21:57:40.006Z]           Source directory          S:\jenkins\workspace\ECP\ecg-maya-usd\ecg-mayausd-branch-preflight-2020-windows\ecg-maya-usd\maya-usd
[2022-07-12T21:57:40.006Z]           Workspace directory       W:\
[2022-07-12T21:57:40.006Z]           Build directory           W:\build\RelWithDebInfo
[2022-07-12T21:57:40.006Z]           Install directory         W:\install\RelWithDebInfo\MayaUSD
[2022-07-12T21:57:40.006Z]           Variant                   RelWithDebInfo
[2022-07-12T21:57:40.006Z]           Python Debug              Off
[2022-07-12T21:57:40.006Z]           CMake generator           Ninja
[2022-07-12T21:57:40.006Z]           Build arguments           ['-DCMAKE_MAKE_PROGRAM=P:/shared/Artifactory/Windows/ninja/1.9.0/c68f192/ninja.exe', '-DPYTHON_INCLUDE_DIR=P:/shared/Artifactory/Windows/rundev-2020/202107140359/runtime/5d64bf0/runTime/include/Python', '-DPython_EXECUTABLE=P:/shared/Artifactory/Windows/rundev-2020/202107140359/runtime/5d64bf0/runTime/bin/mayapy.exe', '-DPYTHON_LIBRARIES=P:/shared/Artifactory/Windows/rundev-2020/202107140359/runtime/5d64bf0/runTime/lib/python27.lib', '-DUSD_LIB_PREFIX=', '-DCMAKE_WANT_MATERIALX_BUILD=ON', '-DCMAKE_PREFIX_PATH=P:\\shared\\Artifactory\\Windows\\USD\\c1313e5']
[2022-07-12T21:57:40.006Z]           Stages arguments          ['test']
[2022-07-12T21:57:40.006Z]           CTest arguments           ['-E testUsdReferenceAssemblySelection|testUsdMayaAppDir', '-LE interactive', '--parallel 16']
[2022-07-12T21:57:40.006Z]     #####################################################################################
[2022-07-12T21:57:40.006Z]     log date: 2022-07-12 14:55
[2022-07-12T21:57:40.006Z]     commit sha: 277e2ae684fad69c82fae9ba28b41fd69674638b
[2022-07-12T21:57:40.006Z]     commit date: Tue Jul 12 14:48:52 2022 -0700
[2022-07-12T21:57:40.006Z]     #####################################################################################
[2022-07-12T21:57:40.006Z]     
[2022-07-12T21:57:40.006Z]     cmake --build . --config RelWithDebInfo --target install -- -j16
[2022-07-12T21:57:40.006Z]     #####################################################################################
[2022-07-12T21:57:40.006Z]     log date: 2022-07-12 14:55
[2022-07-12T21:57:40.006Z]     commit sha: 277e2ae684fad69c82fae9ba28b41fd69674638b
[2022-07-12T21:57:40.006Z]     commit date: Tue Jul 12 14:48:52 2022 -0700
[2022-07-12T21:57:40.006Z]     #####################################################################################
[2022-07-12T21:57:40.006Z]     
[2022-07-12T21:57:40.006Z]     ctest --output-on-failure --timeout 500 -C RelWithDebInfo -E testUsdReferenceAssemblySelection|testUsdMayaAppDir -LE interactive --parallel 16
[2022-07-12T21:57:40.006Z]     
[2022-07-12T21:57:40.006Z]     Traceback (most recent call last):
[2022-07-12T21:57:40.006Z]       File "S:\jenkins\workspace\ECP\ecg-maya-usd\ecg-mayausd-branch-preflight-2020-windows\ecg-maya-usd\maya-usd\build.py", line 607, in <module>
[2022-07-12T21:57:40.006Z]         RunTests(context, context.ctestArgs)
[2022-07-12T21:57:40.006Z]       File "S:\jenkins\workspace\ECP\ecg-maya-usd\ecg-mayausd-branch-preflight-2020-windows\ecg-maya-usd\maya-usd\build.py", line 390, in RunTests
[2022-07-12T21:57:40.006Z]         RunCTest(context,extraArgs)
[2022-07-12T21:57:40.006Z]       File "S:\jenkins\workspace\ECP\ecg-maya-usd\ecg-mayausd-branch-preflight-2020-windows\ecg-maya-usd\maya-usd\build.py", line 301, in RunCTest
[2022-07-12T21:57:40.006Z]         extraArgs=(" ".join(extraArgs) if extraArgs else "")))
[2022-07-12T21:57:40.006Z]       File "S:\jenkins\workspace\ECP\ecg-maya-usd\ecg-mayausd-branch-preflight-2020-windows\ecg-maya-usd\maya-usd\build.py", line 165, in Run
[2022-07-12T21:57:40.006Z]         .format(cmd=cmd, log=os.path.abspath(context.logFileLocation)))
[2022-07-12T21:57:40.006Z]     RuntimeError: Failed to run 'ctest --output-on-failure --timeout 500 -C RelWithDebInfo -E testUsdReferenceAssemblySelection|testUsdMayaAppDir -LE interactive --parallel 16 '
[2022-07-12T21:57:40.006Z]     See W:\build\RelWithDebInfo\build_log.txt for more details.
[2022-07-12T21:57:40.006Z] build.py: error: Command failed with error code: 1
[Pipeline] bat
[2022-07-12T21:57:40.556Z] Deleting alias drive W:
[Pipeline] bat
[2022-07-12T21:57:41.101Z] Deleting alias drive P:
[Pipeline] }
[Pipeline] // withEnv
[Pipeline] }
[Pipeline] // timeout
[Pipeline] }
[Pipeline] // stage
[Pipeline] }
[Pipeline] // timestamps
[Pipeline] emailextrecipients
Not sending mail to unregistered user ecg.jenkins@autodesk.com because your SCM claimed this was associated with a user ID ecg.jenkins' which your security realm does not recognize; you may need changes in your SCM plugin
Not sending mail to unregistered user ecg.jenkins@autodesk.com because your SCM claimed this was associated with a user ID ecg.jenkins' which your security realm does not recognize; you may need changes in your SCM plugin
[Pipeline] echo
No recipients to send notification.
[Pipeline] }
[Pipeline] // node
[Pipeline] End of Pipeline
ERROR: script returned exit code 1
[Checks API] No suitable checks publisher found.
Finished: FAILURE
