[2022-07-14T13:54:24.376Z] ================================================================================
[2022-07-14T13:54:24.376Z]                              setup (RelWithDebInfo)
[2022-07-14T13:54:24.376Z] ================================================================================
[Pipeline] bat
[2022-07-14T13:54:25.276Z] Deleting alias drive W:
[Pipeline] bat
[2022-07-14T13:54:26.025Z] Deleting alias drive P:
[Pipeline] }
[Pipeline] // withEnv
[Pipeline] }
[Pipeline] // timeout
[Pipeline] }
[Pipeline] // stage
[Pipeline] }
[Pipeline] // timestamps
[Pipeline] timestamps
[Pipeline] {
[Pipeline] stage
[Pipeline] { (Clean)
[Pipeline] timeout
[2022-07-14T13:54:26.991Z] Timeout set to expire in 6 hr 0 min
[Pipeline] {
[Pipeline] withEnv
[Pipeline] {
[Pipeline] bat
[2022-07-14T13:54:28.681Z] Creating alias drive P: to S:\jenkins\workspace
[Pipeline] bat
[2022-07-14T13:54:29.418Z] Creating alias drive W: to S:\jenkins\workspace\ECP\ecg-maya-usd\ecg-mayausd-branch-preflight-2020-windows
[Pipeline] bat
[2022-07-14T13:54:31.963Z] "C:\Program Files (x86)\Microsoft Visual Studio\2017\Professional\VC\Auxiliary\Build\vcvarsall.bat" x64
[2022-07-14T13:54:31.963Z] **********************************************************************
[2022-07-14T13:54:31.963Z] ** Visual Studio 2017 Developer Command Prompt v15.9.15
[2022-07-14T13:54:31.963Z] ** Copyright (c) 2017 Microsoft Corporation
[2022-07-14T13:54:31.963Z] **********************************************************************
[2022-07-14T13:54:32.329Z] [vcvarsall.bat] Environment initialized for: 'x64'
[2022-07-14T13:54:32.329Z] python ecg-maya-usd/build.py --stages=clean --workspace-dir=W:\ --artifactory-dir=P:\shared\Artifactory --build-dir=W:\build --install-dir=W:\install --signing-dir=W:\signing --package-dir=W:\package --output-dir=W:\output --stash-dir=W:\stash --jenkins-build=125 --git-commit=8a01545978301da85ab32b5cbb83cd7c7d59361b --git-branch=master --variants=RelWithDebInfo --python=2.7 --post-zips=false --maya-cut-config=maya-rundev-2020.yaml --maya-package=rundev-2020 --stage-banner
[2022-07-14T13:54:33.499Z] Using Maya cut from P:\shared\Artifactory\Windows\rundev-2020\202107140359\runtime\5d64bf0
[2022-07-14T13:54:33.499Z] Using Maya ADSK Signatures from P:\shared\Artifactory\Windows\adsk-plugin-signatures-maya\2023\c1dbfce
[2022-07-14T13:54:33.499Z] Using Maya Security Library from P:\shared\Artifactory\Windows\maya-security-library\3.1.0\084709f
[2022-07-14T13:54:33.499Z] 
[2022-07-14T13:54:33.499Z] ================================================================================
[2022-07-14T13:54:33.499Z]                              clean (RelWithDebInfo)
[2022-07-14T13:54:33.499Z] ================================================================================
[2022-07-14T13:54:33.499Z] Maya Python RelWithDebInfo Info:
[2022-07-14T13:54:33.499Z]   mayapy executable   = P:\shared\Artifactory\Windows\rundev-2020\202107140359\runtime\5d64bf0\runTime\bin\mayapy.exe
[2022-07-14T13:54:33.499Z]   Include Folder      = P:\shared\Artifactory\Windows\rundev-2020\202107140359\runtime\5d64bf0\runTime\include\Python
[2022-07-14T13:54:33.499Z]   Library             = P:\shared\Artifactory\Windows\rundev-2020\202107140359\runtime\5d64bf0\runTime\lib\python27.lib
[2022-07-14T13:54:33.499Z]   site-package Folder = P:\shared\Artifactory\Windows\rundev-2020\202107140359\runtime\5d64bf0\runTime\Python\Lib\site-packages
[2022-07-14T13:54:34.020Z] In workdir: S:\jenkins\workspace\ECP\ecg-maya-usd\ecg-mayausd-branch-preflight-2020-windows\ecg-maya-usd\maya-usd
[2022-07-14T13:54:34.020Z] Executing: 'P:\\shared\\Artifactory\\Windows\\rundev-2020\\202107140359\\runtime\\5d64bf0\\runTime\\bin\\mayapy.exe' 'S:\\jenkins\\workspace\\ECP\\ecg-maya-usd\\ecg-mayausd-branch-preflight-2020-windows\\ecg-maya-usd\\maya-usd\\build.py' --generator Ninja --build-relwithdebug --maya-location 'P:\\shared\\Artifactory\\Windows\\rundev-2020\\202107140359\\runtime\\5d64bf0\\runTime' --devkit-location 'P:\\shared\\Artifactory\\Windows\\rundev-2020\\202107140359\\runtime\\5d64bf0\\devkitBase' --pxrusd-location 'P:\\shared\\Artifactory\\Windows\\USD\\c1313e5' --qt-location 'P:\\shared\\Artifactory\\Windows\\qt\\5.12.5\\4755980' '--build-args=-DCMAKE_MAKE_PROGRAM=P:/shared/Artifactory/Windows/ninja/1.9.0/c68f192/ninja.exe,-DPYTHON_INCLUDE_DIR=P:/shared/Artifactory/Windows/rundev-2020/202107140359/runtime/5d64bf0/runTime/include/Python,-DPython_EXECUTABLE=P:/shared/Artifactory/Windows/rundev-2020/202107140359/runtime/5d64bf0/runTime/bin/mayapy.exe,-DPYTHON_LIBRARIES=P:/shared/Artifactory/Windows/rundev-2020/202107140359/runtime/5d64bf0/runTime/lib/python27.lib,-DUSD_LIB_PREFIX=,-DCMAKE_WANT_MATERIALX_BUILD=ON,-DCMAKE_PREFIX_PATH=P:\\shared\\Artifactory\\Windows\\USD\\c1313e5' '--ctest-args=-E testUsdReferenceAssemblySelection|testUsdMayaAppDir,-LE interactive,--parallel 16' --stages=clean --redirect-outstream-file=False --install-location 'W:\\install\\RelWithDebInfo\\MayaUSD' 'W:\\'
[2022-07-14T13:54:34.020Z] Modified environment variables:
[2022-07-14T13:54:34.020Z]     PATH=P:\shared\Artifactory\Windows\cmake\3.20.3\afe857a\bin;C:\Python27\lib\site-packages\pywin32_system32;C:\Program Files (x86)\Microsoft Visual Studio\2017\Professional\VC\Tools\MSVC\14.16.27023\bin\HostX64\x64;C:\Program Files (x86)\Microsoft Visual Studio\2017\Professional\Common7\IDE\VC\VCPackages;C:\Program Files (x86)\Microsoft Visual Studio\2017\Professional\Common7\IDE\CommonExtensions\Microsoft\TestWindow;C:\Program Files (x86)\Microsoft Visual Studio\2017\Professional\Common7\IDE\CommonExtensions\Microsoft\TeamFoundation\Team Explorer;C:\Program Files (x86)\Microsoft Visual Studio\2017\Professional\MSBuild\15.0\bin\Roslyn;C:\Program Files (x86)\Microsoft Visual Studio\2017\Professional\Team Tools\Performance Tools\x64;C:\Program Files (x86)\Microsoft Visual Studio\2017\Professional\Team Tools\Performance Tools;C:\Program Files (x86)\Microsoft Visual Studio\Shared\Common\VSPerfCollectionTools\\x64;C:\Program Files (x86)\Microsoft Visual Studio\Shared\Common\VSPerfCollectionTools\;C:\Program Files (x86)\Microsoft SDKs\Windows\v10.0A\bin\NETFX 4.6.1 Tools\x64\;C:\Program Files (x86)\HTML Help Workshop;C:\Program Files (x86)\Windows Kits\10\bin\10.0.18362.0\x64;C:\Program Files (x86)\Windows Kits\10\bin\x64;C:\Program Files (x86)\Microsoft Visual Studio\2017\Professional\\MSBuild\15.0\bin;C:\WINDOWS\Microsoft.NET\Framework64\v4.0.30319;C:\Program Files (x86)\Microsoft Visual Studio\2017\Professional\Common7\IDE\;C:\Program Files (x86)\Microsoft Visual Studio\2017\Professional\Common7\Tools\;C:\Python27\;C:\Python27\Scripts;C:\WINDOWS\system32;C:\WINDOWS;C:\WINDOWS\System32\Wbem;C:\WINDOWS\System32\WindowsPowerShell\v1.0\;C:\WINDOWS\System32\OpenSSH\;C:\ProgramData\chocolatey\bin;C:\Program Files (x86)\WiX Toolset v3.7\bin;C:\Program Files\dotnet\;C:\Program Files (x86)\Windows Kits\10\bin\10.0.18362.0\x64;C:\Program Files\Zulu\zulu-11\bin\;C:\Program Files (x86)\Windows Kits\10\bin\10.0.17763.0\x64;C:\Program Files (x86)\Windows Kits\10\bin\x64;C:\Program Files\Git\cmd;C:\Program Files\Git\usr\bin;C:\Program Files\Git\mingw64\bin;C:\Program Files\Git\bin;C:\Python38\;C:\Python38\Scripts;C:\StoreBoxClientWindows;C:\Program Files\Electric Cloud\ElectricCommander\bin;C:\Program Files\WinRAR;C:\Program Files\7-Zip;C:\Users\Administrator\AppData\Local\Microsoft\WindowsApps;C:\Program Files (x86)\Microsoft Visual Studio\2017\Professional\Common7\IDE\CommonExtensions\Microsoft\CMake\CMake\bin;C:\Program Files (x86)\Microsoft Visual Studio\2017\Professional\Common7\IDE\CommonExtensions\Microsoft\CMake\Ninja
[2022-07-14T13:54:34.448Z]     
[2022-07-14T13:54:34.448Z]         Building with settings:
[2022-07-14T13:54:34.448Z]           Source directory          S:\jenkins\workspace\ECP\ecg-maya-usd\ecg-mayausd-branch-preflight-2020-windows\ecg-maya-usd\maya-usd
[2022-07-14T13:54:34.448Z]           Workspace directory       W:\
[2022-07-14T13:54:34.448Z]           Build directory           W:\build\RelWithDebInfo
[2022-07-14T13:54:34.448Z]           Install directory         W:\install\RelWithDebInfo\MayaUSD
[2022-07-14T13:54:34.448Z]           Variant                   RelWithDebInfo
[2022-07-14T13:54:34.448Z]           Python Debug              Off
[2022-07-14T13:54:34.448Z]           CMake generator           Ninja
[2022-07-14T13:54:34.448Z]           Build arguments           ['-DCMAKE_MAKE_PROGRAM=P:/shared/Artifactory/Windows/ninja/1.9.0/c68f192/ninja.exe', '-DPYTHON_INCLUDE_DIR=P:/shared/Artifactory/Windows/rundev-2020/202107140359/runtime/5d64bf0/runTime/include/Python', '-DPython_EXECUTABLE=P:/shared/Artifactory/Windows/rundev-2020/202107140359/runtime/5d64bf0/runTime/bin/mayapy.exe', '-DPYTHON_LIBRARIES=P:/shared/Artifactory/Windows/rundev-2020/202107140359/runtime/5d64bf0/runTime/lib/python27.lib', '-DUSD_LIB_PREFIX=', '-DCMAKE_WANT_MATERIALX_BUILD=ON', '-DCMAKE_PREFIX_PATH=P:\\shared\\Artifactory\\Windows\\USD\\c1313e5']
[2022-07-14T13:54:34.448Z]           Stages arguments          ['clean']
[2022-07-14T13:54:34.448Z]           CTest arguments           ['-E testUsdReferenceAssemblySelection|testUsdMayaAppDir', '-LE interactive', '--parallel 16']
[2022-07-14T13:54:34.448Z]     Success MayaUSD build and install !!!!
[2022-07-14T13:54:34.448Z]     Elapsed time: 00:00:00
[Pipeline] bat
[2022-07-14T13:54:35.079Z] Deleting alias drive W:
[Pipeline] bat
[2022-07-14T13:54:35.755Z] Deleting alias drive P:
[Pipeline] }
[Pipeline] // withEnv
[Pipeline] }
[Pipeline] // timeout
[Pipeline] }
[Pipeline] // stage
[Pipeline] }
[Pipeline] // timestamps
[Pipeline] timestamps
[Pipeline] {
[Pipeline] stage
[Pipeline] { (Configure)
[Pipeline] timeout
[2022-07-14T13:54:36.034Z] Timeout set to expire in 6 hr 0 min
[Pipeline] {
[Pipeline] withEnv
[Pipeline] {
[Pipeline] bat
[2022-07-14T13:54:36.671Z] Creating alias drive P: to S:\jenkins\workspace
[Pipeline] bat
[2022-07-14T13:54:37.324Z] Creating alias drive W: to S:\jenkins\workspace\ECP\ecg-maya-usd\ecg-mayausd-branch-preflight-2020-windows
[Pipeline] bat
[2022-07-14T13:54:38.134Z] "C:\Program Files (x86)\Microsoft Visual Studio\2017\Professional\VC\Auxiliary\Build\vcvarsall.bat" x64
[2022-07-14T13:54:38.134Z] **********************************************************************
[2022-07-14T13:54:38.134Z] ** Visual Studio 2017 Developer Command Prompt v15.9.15
[2022-07-14T13:54:38.134Z] ** Copyright (c) 2017 Microsoft Corporation
[2022-07-14T13:54:38.134Z] **********************************************************************
[2022-07-14T13:54:38.841Z] [vcvarsall.bat] Environment initialized for: 'x64'
[2022-07-14T13:54:38.841Z] python ecg-maya-usd/build.py --stages=configure --workspace-dir=W:\ --artifactory-dir=P:\shared\Artifactory --build-dir=W:\build --install-dir=W:\install --signing-dir=W:\signing --package-dir=W:\package --output-dir=W:\output --stash-dir=W:\stash --jenkins-build=125 --git-commit=8a01545978301da85ab32b5cbb83cd7c7d59361b --git-branch=master --variants=RelWithDebInfo --python=2.7 --post-zips=false --maya-cut-config=maya-rundev-2020.yaml --maya-package=rundev-2020 --stage-banner
[2022-07-14T13:54:39.993Z] Using Maya cut from P:\shared\Artifactory\Windows\rundev-2020\202107140359\runtime\5d64bf0
[2022-07-14T13:54:39.993Z] Using Maya ADSK Signatures from P:\shared\Artifactory\Windows\adsk-plugin-signatures-maya\2023\c1dbfce
[2022-07-14T13:54:39.993Z] Using Maya Security Library from P:\shared\Artifactory\Windows\maya-security-library\3.1.0\084709f
[2022-07-14T13:54:39.993Z] 
[2022-07-14T13:54:39.993Z] ================================================================================
[2022-07-14T13:54:39.993Z]                            configure (RelWithDebInfo)
[2022-07-14T13:54:39.993Z] ================================================================================
[2022-07-14T13:54:39.993Z] Maya Python RelWithDebInfo Info:
[2022-07-14T13:54:39.993Z]   mayapy executable   = P:\shared\Artifactory\Windows\rundev-2020\202107140359\runtime\5d64bf0\runTime\bin\mayapy.exe
[2022-07-14T13:54:39.993Z]   Include Folder      = P:\shared\Artifactory\Windows\rundev-2020\202107140359\runtime\5d64bf0\runTime\include\Python
[2022-07-14T13:54:39.993Z]   Library             = P:\shared\Artifactory\Windows\rundev-2020\202107140359\runtime\5d64bf0\runTime\lib\python27.lib
[2022-07-14T13:54:39.993Z]   site-package Folder = P:\shared\Artifactory\Windows\rundev-2020\202107140359\runtime\5d64bf0\runTime\Python\Lib\site-packages
[2022-07-14T13:54:40.711Z] In workdir: S:\jenkins\workspace\ECP\ecg-maya-usd\ecg-mayausd-branch-preflight-2020-windows\ecg-maya-usd\maya-usd
[2022-07-14T13:54:40.711Z] Executing: 'P:\\shared\\Artifactory\\Windows\\rundev-2020\\202107140359\\runtime\\5d64bf0\\runTime\\bin\\mayapy.exe' 'S:\\jenkins\\workspace\\ECP\\ecg-maya-usd\\ecg-mayausd-branch-preflight-2020-windows\\ecg-maya-usd\\maya-usd\\build.py' --generator Ninja --build-relwithdebug --maya-location 'P:\\shared\\Artifactory\\Windows\\rundev-2020\\202107140359\\runtime\\5d64bf0\\runTime' --devkit-location 'P:\\shared\\Artifactory\\Windows\\rundev-2020\\202107140359\\runtime\\5d64bf0\\devkitBase' --pxrusd-location 'P:\\shared\\Artifactory\\Windows\\USD\\c1313e5' --qt-location 'P:\\shared\\Artifactory\\Windows\\qt\\5.12.5\\4755980' '--build-args=-DCMAKE_MAKE_PROGRAM=P:/shared/Artifactory/Windows/ninja/1.9.0/c68f192/ninja.exe,-DPYTHON_INCLUDE_DIR=P:/shared/Artifactory/Windows/rundev-2020/202107140359/runtime/5d64bf0/runTime/include/Python,-DPython_EXECUTABLE=P:/shared/Artifactory/Windows/rundev-2020/202107140359/runtime/5d64bf0/runTime/bin/mayapy.exe,-DPYTHON_LIBRARIES=P:/shared/Artifactory/Windows/rundev-2020/202107140359/runtime/5d64bf0/runTime/lib/python27.lib,-DUSD_LIB_PREFIX=,-DCMAKE_WANT_MATERIALX_BUILD=ON,-DCMAKE_PREFIX_PATH=P:\\shared\\Artifactory\\Windows\\USD\\c1313e5' '--ctest-args=-E testUsdReferenceAssemblySelection|testUsdMayaAppDir,-LE interactive,--parallel 16' --stages=configure --redirect-outstream-file=False --install-location 'W:\\install\\RelWithDebInfo\\MayaUSD' 'W:\\'
[2022-07-14T13:54:40.711Z] Modified environment variables:
[2022-07-14T13:54:40.711Z]     PATH=P:\shared\Artifactory\Windows\cmake\3.20.3\afe857a\bin;C:\Python27\lib\site-packages\pywin32_system32;C:\Program Files (x86)\Microsoft Visual Studio\2017\Professional\VC\Tools\MSVC\14.16.27023\bin\HostX64\x64;C:\Program Files (x86)\Microsoft Visual Studio\2017\Professional\Common7\IDE\VC\VCPackages;C:\Program Files (x86)\Microsoft Visual Studio\2017\Professional\Common7\IDE\CommonExtensions\Microsoft\TestWindow;C:\Program Files (x86)\Microsoft Visual Studio\2017\Professional\Common7\IDE\CommonExtensions\Microsoft\TeamFoundation\Team Explorer;C:\Program Files (x86)\Microsoft Visual Studio\2017\Professional\MSBuild\15.0\bin\Roslyn;C:\Program Files (x86)\Microsoft Visual Studio\2017\Professional\Team Tools\Performance Tools\x64;C:\Program Files (x86)\Microsoft Visual Studio\2017\Professional\Team Tools\Performance Tools;C:\Program Files (x86)\Microsoft Visual Studio\Shared\Common\VSPerfCollectionTools\\x64;C:\Program Files (x86)\Microsoft Visual Studio\Shared\Common\VSPerfCollectionTools\;C:\Program Files (x86)\Microsoft SDKs\Windows\v10.0A\bin\NETFX 4.6.1 Tools\x64\;C:\Program Files (x86)\HTML Help Workshop;C:\Program Files (x86)\Windows Kits\10\bin\10.0.18362.0\x64;C:\Program Files (x86)\Windows Kits\10\bin\x64;C:\Program Files (x86)\Microsoft Visual Studio\2017\Professional\\MSBuild\15.0\bin;C:\WINDOWS\Microsoft.NET\Framework64\v4.0.30319;C:\Program Files (x86)\Microsoft Visual Studio\2017\Professional\Common7\IDE\;C:\Program Files (x86)\Microsoft Visual Studio\2017\Professional\Common7\Tools\;C:\Python27\;C:\Python27\Scripts;C:\WINDOWS\system32;C:\WINDOWS;C:\WINDOWS\System32\Wbem;C:\WINDOWS\System32\WindowsPowerShell\v1.0\;C:\WINDOWS\System32\OpenSSH\;C:\ProgramData\chocolatey\bin;C:\Program Files (x86)\WiX Toolset v3.7\bin;C:\Program Files\dotnet\;C:\Program Files (x86)\Windows Kits\10\bin\10.0.18362.0\x64;C:\Program Files\Zulu\zulu-11\bin\;C:\Program Files (x86)\Windows Kits\10\bin\10.0.17763.0\x64;C:\Program Files (x86)\Windows Kits\10\bin\x64;C:\Program Files\Git\cmd;C:\Program Files\Git\usr\bin;C:\Program Files\Git\mingw64\bin;C:\Program Files\Git\bin;C:\Python38\;C:\Python38\Scripts;C:\StoreBoxClientWindows;C:\Program Files\Electric Cloud\ElectricCommander\bin;C:\Program Files\WinRAR;C:\Program Files\7-Zip;C:\Users\Administrator\AppData\Local\Microsoft\WindowsApps;C:\Program Files (x86)\Microsoft Visual Studio\2017\Professional\Common7\IDE\CommonExtensions\Microsoft\CMake\CMake\bin;C:\Program Files (x86)\Microsoft Visual Studio\2017\Professional\Common7\IDE\CommonExtensions\Microsoft\CMake\Ninja
[2022-07-14T13:54:41.451Z]     -- The C compiler identification is MSVC 19.16.27032.1
[2022-07-14T13:54:41.451Z]     -- The CXX compiler identification is MSVC 19.16.27032.1
[2022-07-14T13:54:41.451Z]     -- Detecting C compiler ABI info
[2022-07-14T13:54:42.602Z]     -- Detecting C compiler ABI info - done
[2022-07-14T13:54:42.602Z]     -- Check for working C compiler: C:/Program Files (x86)/Microsoft Visual Studio/2017/Professional/VC/Tools/MSVC/14.16.27023/bin/Hostx64/x64/cl.exe - skipped
[2022-07-14T13:54:42.602Z]     -- Detecting C compile features
[2022-07-14T13:54:42.602Z]     -- Detecting C compile features - done
[2022-07-14T13:54:42.602Z]     -- Detecting CXX compiler ABI info
[2022-07-14T13:54:42.948Z]     -- Detecting CXX compiler ABI info - done
[2022-07-14T13:54:42.949Z]     -- Check for working CXX compiler: C:/Program Files (x86)/Microsoft Visual Studio/2017/Professional/VC/Tools/MSVC/14.16.27023/bin/Hostx64/x64/cl.exe - skipped
[2022-07-14T13:54:42.949Z]     -- Detecting CXX compile features
[2022-07-14T13:54:42.949Z]     -- Detecting CXX compile features - done
[2022-07-14T13:54:43.321Z]     -- Using Maya Light API Version 1
[2022-07-14T13:54:43.321Z]     -- Maya array iterator has difference_type trait
[2022-07-14T13:54:43.321Z]     -- Found Maya: P:/shared/Artifactory/Windows/rundev-2020/202107140359/runtime/5d64bf0/runTime/bin/maya.exe (found suitable version "2020", minimum required is "2018")
[2022-07-14T13:54:43.686Z]     -- Found Python: P:/shared/Artifactory/Windows/rundev-2020/202107140359/runtime/5d64bf0/runTime/bin/mayapy.exe (found suitable exact version "2.7.11") found components: Interpreter
[2022-07-14T13:54:43.686Z]     -- Build MayaUSD with Python3 = OFF
[2022-07-14T13:54:43.686Z]     --    PYTHON_INCLUDE_DIRS = P:/shared/Artifactory/Windows/rundev-2020/202107140359/runtime/5d64bf0/runTime/include/Python
[2022-07-14T13:54:43.686Z]     --    PYTHON_LIBRARIES    = P:/shared/Artifactory/Windows/rundev-2020/202107140359/runtime/5d64bf0/runTime/lib/python27.lib
[2022-07-14T13:54:43.686Z]     --    Python_EXECUTABLE   = P:/shared/Artifactory/Windows/rundev-2020/202107140359/runtime/5d64bf0/runTime/bin/mayapy.exe
[2022-07-14T13:54:44.108Z]     -- USD include dir: P:/shared/Artifactory/Windows/USD/c1313e5/include
[2022-07-14T13:54:44.108Z]     -- USD library dir: P:/shared/Artifactory/Windows/USD/c1313e5/lib
[2022-07-14T13:54:44.108Z]     -- USD version: 0.21.11
[2022-07-14T13:54:44.108Z]     -- USD Boost::boost version: 107000
[2022-07-14T13:54:44.108Z]     -- Found USD: P:/shared/Artifactory/Windows/USD/c1313e5 (found suitable version "0.21.11", minimum required is "0.20.05")
[2022-07-14T13:54:44.108Z]     Updated PYTHONPATH: P:\shared\Artifactory\Windows\USD\c1313e5\lib\python
[2022-07-14T13:54:44.109Z]     Updated PATH: P:\shared\Artifactory\Windows\rundev-2020\202107140359\runtime\5d64bf0\runTime\bin;P:\shared\Artifactory\Windows\cmake\3.20.3\afe857a\bin;C:\Python27\lib\site-packages\pywin32_system32;C:\Program Files (x86)\Microsoft Visual Studio\2017\Professional\VC\Tools\MSVC\14.16.27023\bin\HostX64\x64;C:\Program Files (x86)\Microsoft Visual Studio\2017\Professional\Common7\IDE\VC\VCPackages;C:\Program Files (x86)\Microsoft Visual Studio\2017\Professional\Common7\IDE\CommonExtensions\Microsoft\TestWindow;C:\Program Files (x86)\Microsoft Visual Studio\2017\Professional\Common7\IDE\CommonExtensions\Microsoft\TeamFoundation\Team Explorer;C:\Program Files (x86)\Microsoft Visual Studio\2017\Professional\MSBuild\15.0\bin\Roslyn;C:\Program Files (x86)\Microsoft Visual Studio\2017\Professional\Team Tools\Performance Tools\x64;C:\Program Files (x86)\Microsoft Visual Studio\2017\Professional\Team Tools\Performance Tools;C:\Program Files (x86)\Microsoft Visual Studio\Shared\Common\VSPerfCollectionTools\\x64;C:\Program Files (x86)\Microsoft Visual Studio\Shared\Common\VSPerfCollectionTools\;C:\Program Files (x86)\Microsoft SDKs\Windows\v10.0A\bin\NETFX 4.6.1 Tools\x64\;C:\Program Files (x86)\HTML Help Workshop;C:\Program Files (x86)\Windows Kits\10\bin\10.0.18362.0\x64;C:\Program Files (x86)\Windows Kits\10\bin\x64;C:\Program Files (x86)\Microsoft Visual Studio\2017\Professional\\MSBuild\15.0\bin;C:\WINDOWS\Microsoft.NET\Framework64\v4.0.30319;C:\Program Files (x86)\Microsoft Visual Studio\2017\Professional\Common7\IDE\;C:\Program Files (x86)\Microsoft Visual Studio\2017\Professional\Common7\Tools\;C:\Python27\;C:\Python27\Scripts;C:\WINDOWS\system32;C:\WINDOWS;C:\WINDOWS\System32\Wbem;C:\WINDOWS\System32\WindowsPowerShell\v1.0\;C:\WINDOWS\System32\OpenSSH\;C:\ProgramData\chocolatey\bin;C:\Program Files (x86)\WiX Toolset v3.7\bin;C:\Program Files\dotnet\;C:\Program Files (x86)\Windows Kits\10\bin\10.0.18362.0\x64;C:\Program Files\Zulu\zulu-11\bin\;C:\Program Files (x86)\Windows Kits\10\bin\10.0.17763.0\x64;C:\Program Files (x86)\Windows Kits\10\bin\x64;C:\Program Files\Git\cmd;C:\Program Files\Git\usr\bin;C:\Program Files\Git\mingw64\bin;C:\Program Files\Git\bin;C:\Python38\;C:\Python38\Scripts;C:\StoreBoxClientWindows;C:\Program Files\Electric Cloud\ElectricCommander\bin;C:\Program Files\WinRAR;C:\Program Files\7-Zip;C:\Users\Administrator\AppData\Local\Microsoft\WindowsApps;C:\Program Files (x86)\Microsoft Visual Studio\2017\Professional\Common7\IDE\CommonExtensions\Microsoft\CMake\CMake\bin;C:\Program Files (x86)\Microsoft Visual Studio\2017\Professional\Common7\IDE\CommonExtensions\Microsoft\CMake\Ninja;P:\shared\Artifactory\Windows\USD\c1313e5\bin;P:\shared\Artifactory\Windows\USD\c1313e5\lib
[2022-07-14T13:54:44.109Z]     -- UFE include dir: P:/shared/Artifactory/Windows/rundev-2020/202107140359/runtime/5d64bf0/devkitBase/devkit/ufe/include
[2022-07-14T13:54:44.109Z]     -- UFE library: P:/shared/Artifactory/Windows/rundev-2020/202107140359/runtime/5d64bf0/devkitBase/devkit/ufe/lib/ufe_1.lib
[2022-07-14T13:54:44.109Z]     -- UFE version: 1.0.0
[2022-07-14T13:54:44.109Z]     -- Building with UFE 1.0.0 features enabled.
[2022-07-14T13:54:44.109Z]     CMake Warning at CMakeLists.txt:154 (message):
[2022-07-14T13:54:44.109Z]       Disabling MaterialX VP2 rendering: it is not supported by this version of
[2022-07-14T13:54:44.109Z]       Maya.
[2022-07-14T13:54:44.109Z]     
[2022-07-14T13:54:44.109Z]     
[2022-07-14T13:54:44.445Z]     -- Found MaterialX
[2022-07-14T13:54:44.445Z]     -- Building with Qt features enabled.
[2022-07-14T13:54:44.445Z]     -- **** Building Gulrak From Github Repository.
[2022-07-14T13:54:44.445Z]     -- Populating gulrak
[2022-07-14T13:54:44.445Z]     -- Configuring done
[2022-07-14T13:54:44.445Z]     -- Generating done
[2022-07-14T13:54:44.445Z]     -- Build files have been written to: W:/build/RelWithDebInfo/_deps/gulrak-subbuild
[2022-07-14T13:54:44.780Z]     [1/9] Creating directories for 'gulrak-populate'
[2022-07-14T13:54:44.780Z]     [1/9] Performing download step (git clone) for 'gulrak-populate'
[2022-07-14T13:54:44.780Z]     Cloning into 'gulrak-src'...
[2022-07-14T13:54:47.028Z]     HEAD is now at 4e21ab3 Version bump and updated readme.
[2022-07-14T13:54:47.743Z]     [2/9] Performing update step for 'gulrak-populate'
[2022-07-14T13:54:48.076Z]     [4/9] No patch step for 'gulrak-populate'
[2022-07-14T13:54:48.076Z]     [5/9] No configure step for 'gulrak-populate'
[2022-07-14T13:54:48.076Z]     [6/9] No build step for 'gulrak-populate'
[2022-07-14T13:54:48.418Z]     [7/9] No install step for 'gulrak-populate'
[2022-07-14T13:54:48.418Z]     [8/9] No test step for 'gulrak-populate'
[2022-07-14T13:54:48.418Z]     [9/9] Completed 'gulrak-populate'
[2022-07-14T13:54:48.751Z]     -- ========== Installing GoogleTest... ==========
[2022-07-14T13:54:49.100Z]     -- Configuring done
[2022-07-14T13:54:49.100Z]     -- Generating done
[2022-07-14T13:54:49.100Z]     -- Build files have been written to: W:/build/RelWithDebInfo/googletest-config
[2022-07-14T13:54:49.462Z]     [1/8] Creating directories for 'googletest'
[2022-07-14T13:54:52.432Z]     [2/8] Performing download step (git clone) for 'googletest'
[2022-07-14T13:54:52.432Z]     Cloning into 'googletest-src'...
[2022-07-14T13:54:52.432Z]     HEAD is now at 703bd9ca Googletest export
[2022-07-14T13:54:52.432Z]     [3/8] Performing update step for 'googletest'
[2022-07-14T13:54:52.432Z]     [4/8] No patch step for 'googletest'
[2022-07-14T13:54:54.671Z]     [5/8] Performing configure step for 'googletest'
[2022-07-14T13:54:54.671Z]     CMake Deprecation Warning at CMakeLists.txt:4 (cmake_minimum_required):
[2022-07-14T13:54:54.671Z]       Compatibility with CMake < 2.8.12 will be removed from a future version of
[2022-07-14T13:54:54.671Z]       CMake.
[2022-07-14T13:54:54.671Z]     
[2022-07-14T13:54:54.671Z]       Update the VERSION argument <min> value or use a ...<max> suffix to tell
[2022-07-14T13:54:54.671Z]       CMake that the project does not need compatibility with older versions.
[2022-07-14T13:54:54.671Z]     
[2022-07-14T13:54:54.671Z]     
[2022-07-14T13:54:54.671Z]     -- The C compiler identification is MSVC 19.16.27032.1
[2022-07-14T13:54:54.671Z]     -- The CXX compiler identification is MSVC 19.16.27032.1
[2022-07-14T13:54:54.671Z]     -- Detecting C compiler ABI info
[2022-07-14T13:54:54.671Z]     -- Detecting C compiler ABI info - done
[2022-07-14T13:54:54.671Z]     -- Check for working C compiler: C:/Program Files (x86)/Microsoft Visual Studio/2017/Professional/VC/Tools/MSVC/14.16.27023/bin/Hostx64/x64/cl.exe - skipped
[2022-07-14T13:54:54.671Z]     -- Detecting C compile features
[2022-07-14T13:54:54.671Z]     -- Detecting C compile features - done
[2022-07-14T13:54:54.672Z]     -- Detecting CXX compiler ABI info
[2022-07-14T13:54:54.672Z]     -- Detecting CXX compiler ABI info - done
[2022-07-14T13:54:54.672Z]     -- Check for working CXX compiler: C:/Program Files (x86)/Microsoft Visual Studio/2017/Professional/VC/Tools/MSVC/14.16.27023/bin/Hostx64/x64/cl.exe - skipped
[2022-07-14T13:54:54.672Z]     -- Detecting CXX compile features
[2022-07-14T13:54:54.672Z]     -- Detecting CXX compile features - done
[2022-07-14T13:54:54.672Z]     CMake Deprecation Warning at googletest/CMakeLists.txt:56 (cmake_minimum_required):
[2022-07-14T13:54:54.672Z]       Compatibility with CMake < 2.8.12 will be removed from a future version of
[2022-07-14T13:54:54.672Z]       CMake.
[2022-07-14T13:54:54.672Z]     
[2022-07-14T13:54:54.672Z]       Update the VERSION argument <min> value or use a ...<max> suffix to tell
[2022-07-14T13:54:54.672Z]       CMake that the project does not need compatibility with older versions.
[2022-07-14T13:54:54.672Z]     
[2022-07-14T13:54:54.672Z]     
[2022-07-14T13:54:54.672Z]     -- Found PythonInterp: C:/Python27/python.exe
[2022-07-14T13:54:54.672Z]     -- Looking for pthread.h
[2022-07-14T13:54:54.672Z]     -- Looking for pthread.h - not found
[2022-07-14T13:54:54.672Z]     -- Found Threads: TRUE
[2022-07-14T13:54:54.672Z]     -- Configuring done
[2022-07-14T13:54:54.672Z]     -- Generating done
[2022-07-14T13:54:54.672Z]     -- Build files have been written to: W:/build/RelWithDebInfo/googletest-build
[2022-07-14T13:54:59.465Z]     [6/8] Performing build step for 'googletest'
[2022-07-14T13:54:59.465Z]     [1/4] Building CXX object googletest\CMakeFiles\gtest_main.dir\src\gtest_main.cc.obj
[2022-07-14T13:54:59.465Z]     [2/4] Building CXX object googletest\CMakeFiles\gtest.dir\src\gtest-all.cc.obj
[2022-07-14T13:54:59.465Z]     [3/4] Linking CXX shared library bin\gtest.dll
[2022-07-14T13:54:59.465Z]     [4/4] Linking CXX shared library bin\gtest_main.dll
[2022-07-14T13:54:59.798Z]     [7/8] Performing install step for 'googletest'
[2022-07-14T13:54:59.798Z]     [0/1] Install the project...
[2022-07-14T13:54:59.798Z]     -- Install configuration: "RelWithDebInfo"
[2022-07-14T13:54:59.798Z]     -- Installing: W:/build/RelWithDebInfo/googletest-install/lib/cmake/GTest/GTestTargets.cmake
[2022-07-14T13:54:59.798Z]     -- Installing: W:/build/RelWithDebInfo/googletest-install/lib/cmake/GTest/GTestTargets-relwithdebinfo.cmake
[2022-07-14T13:54:59.798Z]     -- Installing: W:/build/RelWithDebInfo/googletest-install/lib/cmake/GTest/GTestConfigVersion.cmake
[2022-07-14T13:54:59.798Z]     -- Installing: W:/build/RelWithDebInfo/googletest-install/lib/cmake/GTest/GTestConfig.cmake
[2022-07-14T13:54:59.798Z]     -- Installing: W:/build/RelWithDebInfo/googletest-install/include
[2022-07-14T13:54:59.798Z]     -- Installing: W:/build/RelWithDebInfo/googletest-install/include/gtest
[2022-07-14T13:54:59.798Z]     -- Installing: W:/build/RelWithDebInfo/googletest-install/include/gtest/gtest-death-test.h
[2022-07-14T13:54:59.798Z]     -- Installing: W:/build/RelWithDebInfo/googletest-install/include/gtest/gtest-matchers.h
[2022-07-14T13:54:59.798Z]     -- Installing: W:/build/RelWithDebInfo/googletest-install/include/gtest/gtest-message.h
[2022-07-14T13:54:59.798Z]     -- Installing: W:/build/RelWithDebInfo/googletest-install/include/gtest/gtest-param-test.h
[2022-07-14T13:54:59.798Z]     -- Installing: W:/build/RelWithDebInfo/googletest-install/include/gtest/gtest-printers.h
[2022-07-14T13:54:59.798Z]     -- Installing: W:/build/RelWithDebInfo/googletest-install/include/gtest/gtest-spi.h
[2022-07-14T13:54:59.798Z]     -- Installing: W:/build/RelWithDebInfo/googletest-install/include/gtest/gtest-test-part.h
[2022-07-14T13:54:59.798Z]     -- Installing: W:/build/RelWithDebInfo/googletest-install/include/gtest/gtest-typed-test.h
[2022-07-14T13:54:59.798Z]     -- Installing: W:/build/RelWithDebInfo/googletest-install/include/gtest/gtest.h
[2022-07-14T13:54:59.798Z]     -- Installing: W:/build/RelWithDebInfo/googletest-install/include/gtest/gtest_pred_impl.h
[2022-07-14T13:54:59.798Z]     -- Installing: W:/build/RelWithDebInfo/googletest-install/include/gtest/gtest_prod.h
[2022-07-14T13:54:59.798Z]     -- Installing: W:/build/RelWithDebInfo/googletest-install/include/gtest/internal
[2022-07-14T13:54:59.798Z]     -- Installing: W:/build/RelWithDebInfo/googletest-install/include/gtest/internal/custom
[2022-07-14T13:54:59.798Z]     -- Installing: W:/build/RelWithDebInfo/googletest-install/include/gtest/internal/custom/gtest-port.h
[2022-07-14T13:54:59.798Z]     -- Installing: W:/build/RelWithDebInfo/googletest-install/include/gtest/internal/custom/gtest-printers.h
[2022-07-14T13:54:59.798Z]     -- Installing: W:/build/RelWithDebInfo/googletest-install/include/gtest/internal/custom/gtest.h
[2022-07-14T13:54:59.798Z]     -- Installing: W:/build/RelWithDebInfo/googletest-install/include/gtest/internal/custom/README.md
[2022-07-14T13:54:59.798Z]     -- Installing: W:/build/RelWithDebInfo/googletest-install/include/gtest/internal/gtest-death-test-internal.h
[2022-07-14T13:54:59.798Z]     -- Installing: W:/build/RelWithDebInfo/googletest-install/include/gtest/internal/gtest-filepath.h
[2022-07-14T13:54:59.798Z]     -- Installing: W:/build/RelWithDebInfo/googletest-install/include/gtest/internal/gtest-internal.h
[2022-07-14T13:54:59.798Z]     -- Installing: W:/build/RelWithDebInfo/googletest-install/include/gtest/internal/gtest-param-util.h
[2022-07-14T13:54:59.798Z]     -- Installing: W:/build/RelWithDebInfo/googletest-install/include/gtest/internal/gtest-port-arch.h
[2022-07-14T13:54:59.798Z]     -- Installing: W:/build/RelWithDebInfo/googletest-install/include/gtest/internal/gtest-port.h
[2022-07-14T13:54:59.798Z]     -- Installing: W:/build/RelWithDebInfo/googletest-install/include/gtest/internal/gtest-string.h
[2022-07-14T13:54:59.798Z]     -- Installing: W:/build/RelWithDebInfo/googletest-install/include/gtest/internal/gtest-type-util.h
[2022-07-14T13:54:59.798Z]     -- Installing: W:/build/RelWithDebInfo/googletest-install/include/gtest/internal/gtest-type-util.h.pump
[2022-07-14T13:54:59.798Z]     -- Installing: W:/build/RelWithDebInfo/googletest-install/lib/gtest.lib
[2022-07-14T13:54:59.798Z]     -- Installing: W:/build/RelWithDebInfo/googletest-install/bin/gtest.dll
[2022-07-14T13:54:59.798Z]     -- Installing: W:/build/RelWithDebInfo/googletest-install/lib/gtest_main.lib
[2022-07-14T13:54:59.798Z]     -- Installing: W:/build/RelWithDebInfo/googletest-install/bin/gtest_main.dll
[2022-07-14T13:54:59.798Z]     -- Installing: W:/build/RelWithDebInfo/googletest-install/lib/pkgconfig/gtest.pc
[2022-07-14T13:54:59.798Z]     -- Installing: W:/build/RelWithDebInfo/googletest-install/lib/pkgconfig/gtest_main.pc
[2022-07-14T13:55:00.131Z]     [8/8] Completed 'googletest'
[2022-07-14T13:55:00.132Z]     -- ========== ...  GoogleTest installed. ==========
[2022-07-14T13:55:00.962Z]     -- MAYA_HAS_DEFAULT_MATERIAL_API is FALSE
[2022-07-14T13:55:00.962Z]     -- MAYA_NEW_POINT_SNAPPING_SUPPORT is FALSE
[2022-07-14T13:55:00.962Z]     -- MAYA_HAS_CRASH_DETECTION is FALSE
[2022-07-14T13:55:00.962Z]     -- MAYA_CURRENT_UFE_CAMERA_SUPPORT is FALSE
[2022-07-14T13:55:00.962Z]     -- MAYA_MRENDERITEM_UFE_IDENTIFIER_SUPPORT is FALSE
[2022-07-14T13:55:00.962Z]     -- MAYA_UPDATE_UFE_IDENTIFIER_SUPPORT is FALSE
[2022-07-14T13:55:00.962Z]     -- MAYA_HAS_DISPLAY_STYLE_ALL_VIEWPORTS is FALSE
[2022-07-14T13:55:00.962Z]     -- MAYA_ARRAY_ITERATOR_DIFFERENCE_TYPE_SUPPORT is TRUE
[2022-07-14T13:55:00.962Z]     -- MAYA_HAS_GET_MEMBER_PATHS is FALSE
[2022-07-14T13:55:00.962Z]     -- USD_HAS_COLOR4_SDR_SUPPORT is FALSE
[2022-07-14T13:55:00.962Z]     -- MAYA_HAS_DISPLAY_LAYER_API is FALSE
[2022-07-14T13:55:00.962Z]     -- MAYA_HAS_NEW_DISPLAY_LAYER_MESSAGING_API is FALSE
[2022-07-14T13:55:00.962Z]     -- MAYA_HAS_RENDER_ITEM_HIDE_ON_PLAYBACK_API is FALSE
[2022-07-14T13:55:00.962Z]     -- promoting: S:/jenkins/workspace/ECP/ecg-maya-usd/ecg-mayausd-branch-preflight-2020-windows/ecg-maya-usd/maya-usd/lib/mayaUsd/base/mayaUsd.h.src
[2022-07-14T13:55:00.962Z]     -- promoting: S:/jenkins/workspace/ECP/ecg-maya-usd/ecg-mayausd-branch-preflight-2020-windows/ecg-maya-usd/maya-usd/lib/mayaUsd/base/api.h
[2022-07-14T13:55:00.962Z]     -- promoting: S:/jenkins/workspace/ECP/ecg-maya-usd/ecg-mayausd-branch-preflight-2020-windows/ecg-maya-usd/maya-usd/lib/mayaUsd/base/debugCodes.h
[2022-07-14T13:55:00.962Z]     -- promoting: S:/jenkins/workspace/ECP/ecg-maya-usd/ecg-mayausd-branch-preflight-2020-windows/ecg-maya-usd/maya-usd/lib/mayaUsd/base/id.h
[2022-07-14T13:55:00.962Z]     -- promoting: S:/jenkins/workspace/ECP/ecg-maya-usd/ecg-mayausd-branch-preflight-2020-windows/ecg-maya-usd/maya-usd/lib/mayaUsd/base/syncId.h
[2022-07-14T13:55:00.962Z]     -- promoting: S:/jenkins/workspace/ECP/ecg-maya-usd/ecg-mayausd-branch-preflight-2020-windows/ecg-maya-usd/maya-usd/lib/mayaUsd/base/tokens.h
[2022-07-14T13:55:00.962Z]     -- promoting: S:/jenkins/workspace/ECP/ecg-maya-usd/ecg-mayausd-branch-preflight-2020-windows/ecg-maya-usd/maya-usd/lib/mayaUsd/commands/abstractLayerEditorWindow.h
[2022-07-14T13:55:00.962Z]     -- promoting: S:/jenkins/workspace/ECP/ecg-maya-usd/ecg-mayausd-branch-preflight-2020-windows/ecg-maya-usd/maya-usd/lib/mayaUsd/commands/baseExportCommand.h
[2022-07-14T13:55:00.962Z]     -- promoting: S:/jenkins/workspace/ECP/ecg-maya-usd/ecg-mayausd-branch-preflight-2020-windows/ecg-maya-usd/maya-usd/lib/mayaUsd/commands/baseImportCommand.h
[2022-07-14T13:55:00.962Z]     -- promoting: S:/jenkins/workspace/ECP/ecg-maya-usd/ecg-mayausd-branch-preflight-2020-windows/ecg-maya-usd/maya-usd/lib/mayaUsd/commands/baseListJobContextsCommand.h
[2022-07-14T13:55:00.962Z]     -- promoting: S:/jenkins/workspace/ECP/ecg-maya-usd/ecg-mayausd-branch-preflight-2020-windows/ecg-maya-usd/maya-usd/lib/mayaUsd/commands/baseListShadingModesCommand.h
[2022-07-14T13:55:00.962Z]     -- promoting: S:/jenkins/workspace/ECP/ecg-maya-usd/ecg-mayausd-branch-preflight-2020-windows/ecg-maya-usd/maya-usd/lib/mayaUsd/commands/editTargetCommand.h
[2022-07-14T13:55:00.962Z]     -- promoting: S:/jenkins/workspace/ECP/ecg-maya-usd/ecg-mayausd-branch-preflight-2020-windows/ecg-maya-usd/maya-usd/lib/mayaUsd/commands/layerEditorCommand.h
[2022-07-14T13:55:00.962Z]     -- promoting: S:/jenkins/workspace/ECP/ecg-maya-usd/ecg-mayausd-branch-preflight-2020-windows/ecg-maya-usd/maya-usd/lib/mayaUsd/commands/layerEditorWindowCommand.h
[2022-07-14T13:55:00.962Z]     -- promoting: S:/jenkins/workspace/ECP/ecg-maya-usd/ecg-mayausd-branch-preflight-2020-windows/ecg-maya-usd/maya-usd/lib/mayaUsd/fileio/fallbackPrimReader.h
[2022-07-14T13:55:00.962Z]     -- promoting: S:/jenkins/workspace/ECP/ecg-maya-usd/ecg-mayausd-branch-preflight-2020-windows/ecg-maya-usd/maya-usd/lib/mayaUsd/fileio/functorPrimReader.h
[2022-07-14T13:55:00.962Z]     -- promoting: S:/jenkins/workspace/ECP/ecg-maya-usd/ecg-mayausd-branch-preflight-2020-windows/ecg-maya-usd/maya-usd/lib/mayaUsd/fileio/functorPrimWriter.h
[2022-07-14T13:55:00.962Z]     -- promoting: S:/jenkins/workspace/ECP/ecg-maya-usd/ecg-mayausd-branch-preflight-2020-windows/ecg-maya-usd/maya-usd/lib/mayaUsd/fileio/importData.h
[2022-07-14T13:55:00.962Z]     -- promoting: S:/jenkins/workspace/ECP/ecg-maya-usd/ecg-mayausd-branch-preflight-2020-windows/ecg-maya-usd/maya-usd/lib/mayaUsd/fileio/instancedNodeWriter.h
[2022-07-14T13:55:00.962Z]     -- promoting: S:/jenkins/workspace/ECP/ecg-maya-usd/ecg-mayausd-branch-preflight-2020-windows/ecg-maya-usd/maya-usd/lib/mayaUsd/fileio/jobContextRegistry.h
[2022-07-14T13:55:00.962Z]     -- promoting: S:/jenkins/workspace/ECP/ecg-maya-usd/ecg-mayausd-branch-preflight-2020-windows/ecg-maya-usd/maya-usd/lib/mayaUsd/fileio/primReader.h
[2022-07-14T13:55:00.962Z]     -- promoting: S:/jenkins/workspace/ECP/ecg-maya-usd/ecg-mayausd-branch-preflight-2020-windows/ecg-maya-usd/maya-usd/lib/mayaUsd/fileio/primReaderArgs.h
[2022-07-14T13:55:00.962Z]     -- promoting: S:/jenkins/workspace/ECP/ecg-maya-usd/ecg-mayausd-branch-preflight-2020-windows/ecg-maya-usd/maya-usd/lib/mayaUsd/fileio/primReaderContext.h
[2022-07-14T13:55:00.962Z]     -- promoting: S:/jenkins/workspace/ECP/ecg-maya-usd/ecg-mayausd-branch-preflight-2020-windows/ecg-maya-usd/maya-usd/lib/mayaUsd/fileio/primReaderRegistry.h
[2022-07-14T13:55:00.962Z]     -- promoting: S:/jenkins/workspace/ECP/ecg-maya-usd/ecg-mayausd-branch-preflight-2020-windows/ecg-maya-usd/maya-usd/lib/mayaUsd/fileio/primWriter.h
[2022-07-14T13:55:00.962Z]     -- promoting: S:/jenkins/workspace/ECP/ecg-maya-usd/ecg-mayausd-branch-preflight-2020-windows/ecg-maya-usd/maya-usd/lib/mayaUsd/fileio/primWriterArgs.h
[2022-07-14T13:55:00.962Z]     -- promoting: S:/jenkins/workspace/ECP/ecg-maya-usd/ecg-mayausd-branch-preflight-2020-windows/ecg-maya-usd/maya-usd/lib/mayaUsd/fileio/primWriterContext.h
[2022-07-14T13:55:00.962Z]     -- promoting: S:/jenkins/workspace/ECP/ecg-maya-usd/ecg-mayausd-branch-preflight-2020-windows/ecg-maya-usd/maya-usd/lib/mayaUsd/fileio/primWriterRegistry.h
[2022-07-14T13:55:00.962Z]     -- promoting: S:/jenkins/workspace/ECP/ecg-maya-usd/ecg-mayausd-branch-preflight-2020-windows/ecg-maya-usd/maya-usd/lib/mayaUsd/fileio/registryHelper.h
[2022-07-14T13:55:00.962Z]     -- promoting: S:/jenkins/workspace/ECP/ecg-maya-usd/ecg-mayausd-branch-preflight-2020-windows/ecg-maya-usd/maya-usd/lib/mayaUsd/fileio/schemaApiAdaptor.h
[2022-07-14T13:55:00.962Z]     -- promoting: S:/jenkins/workspace/ECP/ecg-maya-usd/ecg-mayausd-branch-preflight-2020-windows/ecg-maya-usd/maya-usd/lib/mayaUsd/fileio/schemaApiAdaptorRegistry.h
[2022-07-14T13:55:00.962Z]     -- promoting: S:/jenkins/workspace/ECP/ecg-maya-usd/ecg-mayausd-branch-preflight-2020-windows/ecg-maya-usd/maya-usd/lib/mayaUsd/fileio/shaderReader.h
[2022-07-14T13:55:00.962Z]     -- promoting: S:/jenkins/workspace/ECP/ecg-maya-usd/ecg-mayausd-branch-preflight-2020-windows/ecg-maya-usd/maya-usd/lib/mayaUsd/fileio/shaderReaderRegistry.h
[2022-07-14T13:55:00.962Z]     -- promoting: S:/jenkins/workspace/ECP/ecg-maya-usd/ecg-mayausd-branch-preflight-2020-windows/ecg-maya-usd/maya-usd/lib/mayaUsd/fileio/shaderWriter.h
[2022-07-14T13:55:00.962Z]     -- promoting: S:/jenkins/workspace/ECP/ecg-maya-usd/ecg-mayausd-branch-preflight-2020-windows/ecg-maya-usd/maya-usd/lib/mayaUsd/fileio/shaderWriterRegistry.h
[2022-07-14T13:55:00.962Z]     -- promoting: S:/jenkins/workspace/ECP/ecg-maya-usd/ecg-mayausd-branch-preflight-2020-windows/ecg-maya-usd/maya-usd/lib/mayaUsd/fileio/transformWriter.h
[2022-07-14T13:55:00.962Z]     -- promoting: S:/jenkins/workspace/ECP/ecg-maya-usd/ecg-mayausd-branch-preflight-2020-windows/ecg-maya-usd/maya-usd/lib/mayaUsd/fileio/writeJobContext.h
[2022-07-14T13:55:00.962Z]     -- promoting: S:/jenkins/workspace/ECP/ecg-maya-usd/ecg-mayausd-branch-preflight-2020-windows/ecg-maya-usd/maya-usd/lib/mayaUsd/fileio/chaser/exportChaser.h
[2022-07-14T13:55:00.962Z]     -- promoting: S:/jenkins/workspace/ECP/ecg-maya-usd/ecg-mayausd-branch-preflight-2020-windows/ecg-maya-usd/maya-usd/lib/mayaUsd/fileio/chaser/exportChaserRegistry.h
[2022-07-14T13:55:00.962Z]     -- promoting: S:/jenkins/workspace/ECP/ecg-maya-usd/ecg-mayausd-branch-preflight-2020-windows/ecg-maya-usd/maya-usd/lib/mayaUsd/fileio/chaser/importChaserRegistry.h
[2022-07-14T13:55:00.962Z]     -- promoting: S:/jenkins/workspace/ECP/ecg-maya-usd/ecg-mayausd-branch-preflight-2020-windows/ecg-maya-usd/maya-usd/lib/mayaUsd/fileio/chaser/importChaser.h
[2022-07-14T13:55:00.962Z]     -- promoting: S:/jenkins/workspace/ECP/ecg-maya-usd/ecg-mayausd-branch-preflight-2020-windows/ecg-maya-usd/maya-usd/lib/mayaUsd/fileio/jobs/jobArgs.h
[2022-07-14T13:55:00.962Z]     -- promoting: S:/jenkins/workspace/ECP/ecg-maya-usd/ecg-mayausd-branch-preflight-2020-windows/ecg-maya-usd/maya-usd/lib/mayaUsd/fileio/jobs/meshDataReadJob.h
[2022-07-14T13:55:00.962Z]     -- promoting: S:/jenkins/workspace/ECP/ecg-maya-usd/ecg-mayausd-branch-preflight-2020-windows/ecg-maya-usd/maya-usd/lib/mayaUsd/fileio/jobs/modelKindProcessor.h
[2022-07-14T13:55:00.962Z]     -- promoting: S:/jenkins/workspace/ECP/ecg-maya-usd/ecg-mayausd-branch-preflight-2020-windows/ecg-maya-usd/maya-usd/lib/mayaUsd/fileio/jobs/readJob.h
[2022-07-14T13:55:00.962Z]     -- promoting: S:/jenkins/workspace/ECP/ecg-maya-usd/ecg-mayausd-branch-preflight-2020-windows/ecg-maya-usd/maya-usd/lib/mayaUsd/fileio/jobs/writeJob.h
[2022-07-14T13:55:00.962Z]     -- promoting: S:/jenkins/workspace/ECP/ecg-maya-usd/ecg-mayausd-branch-preflight-2020-windows/ecg-maya-usd/maya-usd/lib/mayaUsd/fileio/shading/rfmShaderMap.h
[2022-07-14T13:55:00.962Z]     -- promoting: S:/jenkins/workspace/ECP/ecg-maya-usd/ecg-mayausd-branch-preflight-2020-windows/ecg-maya-usd/maya-usd/lib/mayaUsd/fileio/shading/shadingModeExporter.h
[2022-07-14T13:55:00.962Z]     -- promoting: S:/jenkins/workspace/ECP/ecg-maya-usd/ecg-mayausd-branch-preflight-2020-windows/ecg-maya-usd/maya-usd/lib/mayaUsd/fileio/shading/shadingModeExporterContext.h
[2022-07-14T13:55:00.962Z]     -- promoting: S:/jenkins/workspace/ECP/ecg-maya-usd/ecg-mayausd-branch-preflight-2020-windows/ecg-maya-usd/maya-usd/lib/mayaUsd/fileio/shading/shadingModeImporter.h
[2022-07-14T13:55:00.962Z]     -- promoting: S:/jenkins/workspace/ECP/ecg-maya-usd/ecg-mayausd-branch-preflight-2020-windows/ecg-maya-usd/maya-usd/lib/mayaUsd/fileio/shading/shadingModeRegistry.h
[2022-07-14T13:55:00.963Z]     -- promoting: S:/jenkins/workspace/ECP/ecg-maya-usd/ecg-mayausd-branch-preflight-2020-windows/ecg-maya-usd/maya-usd/lib/mayaUsd/fileio/shading/symmetricShaderReader.h
[2022-07-14T13:55:00.963Z]     -- promoting: S:/jenkins/workspace/ECP/ecg-maya-usd/ecg-mayausd-branch-preflight-2020-windows/ecg-maya-usd/maya-usd/lib/mayaUsd/fileio/shading/symmetricShaderWriter.h
[2022-07-14T13:55:00.963Z]     -- promoting: S:/jenkins/workspace/ECP/ecg-maya-usd/ecg-mayausd-branch-preflight-2020-windows/ecg-maya-usd/maya-usd/lib/mayaUsd/fileio/translators/skelBindingsProcessor.h
[2022-07-14T13:55:00.963Z]     -- promoting: S:/jenkins/workspace/ECP/ecg-maya-usd/ecg-mayausd-branch-preflight-2020-windows/ecg-maya-usd/maya-usd/lib/mayaUsd/fileio/translators/translatorCamera.h
[2022-07-14T13:55:00.963Z]     -- promoting: S:/jenkins/workspace/ECP/ecg-maya-usd/ecg-mayausd-branch-preflight-2020-windows/ecg-maya-usd/maya-usd/lib/mayaUsd/fileio/translators/translatorCurves.h
[2022-07-14T13:55:00.963Z]     -- promoting: S:/jenkins/workspace/ECP/ecg-maya-usd/ecg-mayausd-branch-preflight-2020-windows/ecg-maya-usd/maya-usd/lib/mayaUsd/fileio/translators/translatorGprim.h
[2022-07-14T13:55:00.963Z]     -- promoting: S:/jenkins/workspace/ECP/ecg-maya-usd/ecg-mayausd-branch-preflight-2020-windows/ecg-maya-usd/maya-usd/lib/mayaUsd/fileio/translators/translatorLight.h
[2022-07-14T13:55:00.963Z]     -- promoting: S:/jenkins/workspace/ECP/ecg-maya-usd/ecg-mayausd-branch-preflight-2020-windows/ecg-maya-usd/maya-usd/lib/mayaUsd/fileio/translators/translatorMaterial.h
[2022-07-14T13:55:00.963Z]     -- promoting: S:/jenkins/workspace/ECP/ecg-maya-usd/ecg-mayausd-branch-preflight-2020-windows/ecg-maya-usd/maya-usd/lib/mayaUsd/fileio/translators/translatorMayaReference.h
[2022-07-14T13:55:00.963Z]     -- promoting: S:/jenkins/workspace/ECP/ecg-maya-usd/ecg-mayausd-branch-preflight-2020-windows/ecg-maya-usd/maya-usd/lib/mayaUsd/fileio/translators/translatorMesh.h
[2022-07-14T13:55:00.963Z]     -- promoting: S:/jenkins/workspace/ECP/ecg-maya-usd/ecg-mayausd-branch-preflight-2020-windows/ecg-maya-usd/maya-usd/lib/mayaUsd/fileio/translators/translatorNurbsPatch.h
[2022-07-14T13:55:00.963Z]     -- promoting: S:/jenkins/workspace/ECP/ecg-maya-usd/ecg-mayausd-branch-preflight-2020-windows/ecg-maya-usd/maya-usd/lib/mayaUsd/fileio/translators/translatorPrim.h
[2022-07-14T13:55:00.963Z]     -- promoting: S:/jenkins/workspace/ECP/ecg-maya-usd/ecg-mayausd-branch-preflight-2020-windows/ecg-maya-usd/maya-usd/lib/mayaUsd/fileio/translators/translatorRfMLight.h
[2022-07-14T13:55:00.963Z]     -- promoting: S:/jenkins/workspace/ECP/ecg-maya-usd/ecg-mayausd-branch-preflight-2020-windows/ecg-maya-usd/maya-usd/lib/mayaUsd/fileio/translators/translatorSkel.h
[2022-07-14T13:55:00.963Z]     -- promoting: S:/jenkins/workspace/ECP/ecg-maya-usd/ecg-mayausd-branch-preflight-2020-windows/ecg-maya-usd/maya-usd/lib/mayaUsd/fileio/translators/translatorUtil.h
[2022-07-14T13:55:00.963Z]     -- promoting: S:/jenkins/workspace/ECP/ecg-maya-usd/ecg-mayausd-branch-preflight-2020-windows/ecg-maya-usd/maya-usd/lib/mayaUsd/fileio/translators/translatorXformable.h
[2022-07-14T13:55:00.963Z]     -- promoting: S:/jenkins/workspace/ECP/ecg-maya-usd/ecg-mayausd-branch-preflight-2020-windows/ecg-maya-usd/maya-usd/lib/mayaUsd/fileio/utils/adaptor.h
[2022-07-14T13:55:00.963Z]     -- promoting: S:/jenkins/workspace/ECP/ecg-maya-usd/ecg-mayausd-branch-preflight-2020-windows/ecg-maya-usd/maya-usd/lib/mayaUsd/fileio/utils/jointWriteUtils.h
[2022-07-14T13:55:00.963Z]     -- promoting: S:/jenkins/workspace/ECP/ecg-maya-usd/ecg-mayausd-branch-preflight-2020-windows/ecg-maya-usd/maya-usd/lib/mayaUsd/fileio/utils/meshReadUtils.h
[2022-07-14T13:55:00.963Z]     -- promoting: S:/jenkins/workspace/ECP/ecg-maya-usd/ecg-mayausd-branch-preflight-2020-windows/ecg-maya-usd/maya-usd/lib/mayaUsd/fileio/utils/meshWriteUtils.h
[2022-07-14T13:55:00.963Z]     -- promoting: S:/jenkins/workspace/ECP/ecg-maya-usd/ecg-mayausd-branch-preflight-2020-windows/ecg-maya-usd/maya-usd/lib/mayaUsd/fileio/utils/readUtil.h
[2022-07-14T13:55:00.963Z]     -- promoting: S:/jenkins/workspace/ECP/ecg-maya-usd/ecg-mayausd-branch-preflight-2020-windows/ecg-maya-usd/maya-usd/lib/mayaUsd/fileio/utils/roundTripUtil.h
[2022-07-14T13:55:00.963Z]     -- promoting: S:/jenkins/workspace/ECP/ecg-maya-usd/ecg-mayausd-branch-preflight-2020-windows/ecg-maya-usd/maya-usd/lib/mayaUsd/fileio/utils/shadingUtil.h
[2022-07-14T13:55:00.963Z]     -- promoting: S:/jenkins/workspace/ECP/ecg-maya-usd/ecg-mayausd-branch-preflight-2020-windows/ecg-maya-usd/maya-usd/lib/mayaUsd/fileio/utils/userTaggedAttribute.h
[2022-07-14T13:55:00.963Z]     -- promoting: S:/jenkins/workspace/ECP/ecg-maya-usd/ecg-mayausd-branch-preflight-2020-windows/ecg-maya-usd/maya-usd/lib/mayaUsd/fileio/utils/writeUtil.h
[2022-07-14T13:55:00.963Z]     -- promoting: S:/jenkins/workspace/ECP/ecg-maya-usd/ecg-mayausd-branch-preflight-2020-windows/ecg-maya-usd/maya-usd/lib/mayaUsd/fileio/utils/xformStack.h
[2022-07-14T13:55:00.963Z]     -- promoting: S:/jenkins/workspace/ECP/ecg-maya-usd/ecg-mayausd-branch-preflight-2020-windows/ecg-maya-usd/maya-usd/lib/mayaUsd/listeners/notice.h
[2022-07-14T13:55:00.963Z]     -- promoting: S:/jenkins/workspace/ECP/ecg-maya-usd/ecg-mayausd-branch-preflight-2020-windows/ecg-maya-usd/maya-usd/lib/mayaUsd/listeners/proxyShapeNotice.h
[2022-07-14T13:55:00.963Z]     -- promoting: S:/jenkins/workspace/ECP/ecg-maya-usd/ecg-mayausd-branch-preflight-2020-windows/ecg-maya-usd/maya-usd/lib/mayaUsd/listeners/stageNoticeListener.h
[2022-07-14T13:55:00.963Z]     -- promoting: S:/jenkins/workspace/ECP/ecg-maya-usd/ecg-mayausd-branch-preflight-2020-windows/ecg-maya-usd/maya-usd/lib/mayaUsd/nodes/hdImagingShape.h
[2022-07-14T13:55:00.963Z]     -- promoting: S:/jenkins/workspace/ECP/ecg-maya-usd/ecg-mayausd-branch-preflight-2020-windows/ecg-maya-usd/maya-usd/lib/mayaUsd/nodes/pointBasedDeformerNode.h
[2022-07-14T13:55:00.963Z]     -- promoting: S:/jenkins/workspace/ECP/ecg-maya-usd/ecg-mayausd-branch-preflight-2020-windows/ecg-maya-usd/maya-usd/lib/mayaUsd/nodes/proxyAccessor.h
[2022-07-14T13:55:00.963Z]     -- promoting: S:/jenkins/workspace/ECP/ecg-maya-usd/ecg-mayausd-branch-preflight-2020-windows/ecg-maya-usd/maya-usd/lib/mayaUsd/nodes/proxyShapeBase.h
[2022-07-14T13:55:00.963Z]     -- promoting: S:/jenkins/workspace/ECP/ecg-maya-usd/ecg-mayausd-branch-preflight-2020-windows/ecg-maya-usd/maya-usd/lib/mayaUsd/nodes/proxyShapeLoadRules.h
[2022-07-14T13:55:00.963Z]     -- promoting: S:/jenkins/workspace/ECP/ecg-maya-usd/ecg-mayausd-branch-preflight-2020-windows/ecg-maya-usd/maya-usd/lib/mayaUsd/nodes/proxyShapePlugin.h
[2022-07-14T13:55:00.963Z]     -- promoting: S:/jenkins/workspace/ECP/ecg-maya-usd/ecg-mayausd-branch-preflight-2020-windows/ecg-maya-usd/maya-usd/lib/mayaUsd/nodes/proxyStageProvider.h
[2022-07-14T13:55:00.963Z]     -- promoting: S:/jenkins/workspace/ECP/ecg-maya-usd/ecg-mayausd-branch-preflight-2020-windows/ecg-maya-usd/maya-usd/lib/mayaUsd/nodes/stageData.h
[2022-07-14T13:55:00.963Z]     -- promoting: S:/jenkins/workspace/ECP/ecg-maya-usd/ecg-mayausd-branch-preflight-2020-windows/ecg-maya-usd/maya-usd/lib/mayaUsd/nodes/stageNode.h
[2022-07-14T13:55:00.963Z]     -- promoting: S:/jenkins/workspace/ECP/ecg-maya-usd/ecg-mayausd-branch-preflight-2020-windows/ecg-maya-usd/maya-usd/lib/mayaUsd/nodes/usdPrimProvider.h
[2022-07-14T13:55:00.963Z]     -- promoting: S:/jenkins/workspace/ECP/ecg-maya-usd/ecg-mayausd-branch-preflight-2020-windows/ecg-maya-usd/maya-usd/lib/mayaUsd/nodes/layerManager.h
[2022-07-14T13:55:00.963Z]     -- promoting: S:/jenkins/workspace/ECP/ecg-maya-usd/ecg-mayausd-branch-preflight-2020-windows/ecg-maya-usd/maya-usd/lib/mayaUsd/render/px_vp20/glslProgram.h
[2022-07-14T13:55:00.963Z]     -- promoting: S:/jenkins/workspace/ECP/ecg-maya-usd/ecg-mayausd-branch-preflight-2020-windows/ecg-maya-usd/maya-usd/lib/mayaUsd/render/px_vp20/utils.h
[2022-07-14T13:55:00.963Z]     -- promoting: S:/jenkins/workspace/ECP/ecg-maya-usd/ecg-mayausd-branch-preflight-2020-windows/ecg-maya-usd/maya-usd/lib/mayaUsd/render/px_vp20/utils_legacy.h
[2022-07-14T13:55:00.963Z]     -- promoting: S:/jenkins/workspace/ECP/ecg-maya-usd/ecg-mayausd-branch-preflight-2020-windows/ecg-maya-usd/maya-usd/lib/mayaUsd/render/pxrUsdMayaGL/batchRenderer.h
[2022-07-14T13:55:00.963Z]     -- promoting: S:/jenkins/workspace/ECP/ecg-maya-usd/ecg-mayausd-branch-preflight-2020-windows/ecg-maya-usd/maya-usd/lib/mayaUsd/render/pxrUsdMayaGL/debugCodes.h
[2022-07-14T13:55:00.963Z]     -- promoting: S:/jenkins/workspace/ECP/ecg-maya-usd/ecg-mayausd-branch-preflight-2020-windows/ecg-maya-usd/maya-usd/lib/mayaUsd/render/pxrUsdMayaGL/hdImagingShapeDrawOverride.h
[2022-07-14T13:55:00.963Z]     -- promoting: S:/jenkins/workspace/ECP/ecg-maya-usd/ecg-mayausd-branch-preflight-2020-windows/ecg-maya-usd/maya-usd/lib/mayaUsd/render/pxrUsdMayaGL/hdImagingShapeUI.h
[2022-07-14T13:55:00.963Z]     -- promoting: S:/jenkins/workspace/ECP/ecg-maya-usd/ecg-mayausd-branch-preflight-2020-windows/ecg-maya-usd/maya-usd/lib/mayaUsd/render/pxrUsdMayaGL/instancerImager.h
[2022-07-14T13:55:00.963Z]     -- promoting: S:/jenkins/workspace/ECP/ecg-maya-usd/ecg-mayausd-branch-preflight-2020-windows/ecg-maya-usd/maya-usd/lib/mayaUsd/render/pxrUsdMayaGL/instancerShapeAdapter.h
[2022-07-14T13:55:00.963Z]     -- promoting: S:/jenkins/workspace/ECP/ecg-maya-usd/ecg-mayausd-branch-preflight-2020-windows/ecg-maya-usd/maya-usd/lib/mayaUsd/render/pxrUsdMayaGL/proxyDrawOverride.h
[2022-07-14T13:55:00.963Z]     -- promoting: S:/jenkins/workspace/ECP/ecg-maya-usd/ecg-mayausd-branch-preflight-2020-windows/ecg-maya-usd/maya-usd/lib/mayaUsd/render/pxrUsdMayaGL/proxyShapeUI.h
[2022-07-14T13:55:00.963Z]     -- promoting: S:/jenkins/workspace/ECP/ecg-maya-usd/ecg-mayausd-branch-preflight-2020-windows/ecg-maya-usd/maya-usd/lib/mayaUsd/render/pxrUsdMayaGL/renderParams.h
[2022-07-14T13:55:00.963Z]     -- promoting: S:/jenkins/workspace/ECP/ecg-maya-usd/ecg-mayausd-branch-preflight-2020-windows/ecg-maya-usd/maya-usd/lib/mayaUsd/render/pxrUsdMayaGL/sceneDelegate.h
[2022-07-14T13:55:00.963Z]     -- promoting: S:/jenkins/workspace/ECP/ecg-maya-usd/ecg-mayausd-branch-preflight-2020-windows/ecg-maya-usd/maya-usd/lib/mayaUsd/render/pxrUsdMayaGL/shapeAdapter.h
[2022-07-14T13:55:00.963Z]     -- promoting: S:/jenkins/workspace/ECP/ecg-maya-usd/ecg-mayausd-branch-preflight-2020-windows/ecg-maya-usd/maya-usd/lib/mayaUsd/render/pxrUsdMayaGL/softSelectHelper.h
[2022-07-14T13:55:00.963Z]     -- promoting: S:/jenkins/workspace/ECP/ecg-maya-usd/ecg-mayausd-branch-preflight-2020-windows/ecg-maya-usd/maya-usd/lib/mayaUsd/render/pxrUsdMayaGL/usdProxyShapeAdapter.h
[2022-07-14T13:55:00.963Z]     -- promoting: S:/jenkins/workspace/ECP/ecg-maya-usd/ecg-mayausd-branch-preflight-2020-windows/ecg-maya-usd/maya-usd/lib/mayaUsd/render/pxrUsdMayaGL/userData.h
[2022-07-14T13:55:00.963Z]     -- promoting: S:/jenkins/workspace/ECP/ecg-maya-usd/ecg-mayausd-branch-preflight-2020-windows/ecg-maya-usd/maya-usd/lib/mayaUsd/render/vp2RenderDelegate/proxyRenderDelegate.h
[2022-07-14T13:55:00.963Z]     -- promoting: S:/jenkins/workspace/ECP/ecg-maya-usd/ecg-mayausd-branch-preflight-2020-windows/ecg-maya-usd/maya-usd/lib/mayaUsd/render/vp2ShaderFragments/shaderFragments.h
[2022-07-14T13:55:00.963Z]     -- UFE_LIGHTS_SUPPORT is FALSE
[2022-07-14T13:55:00.963Z]     -- UFE_SCENE_SEGMENT_SUPPORT is FALSE
[2022-07-14T13:55:00.963Z]     -- promoting: S:/jenkins/workspace/ECP/ecg-maya-usd/ecg-mayausd-branch-preflight-2020-windows/ecg-maya-usd/maya-usd/lib/mayaUsd/ufe/Global.h
[2022-07-14T13:55:00.963Z]     -- promoting: S:/jenkins/workspace/ECP/ecg-maya-usd/ecg-mayausd-branch-preflight-2020-windows/ecg-maya-usd/maya-usd/lib/mayaUsd/ufe/ProxyShapeHandler.h
[2022-07-14T13:55:00.963Z]     -- promoting: S:/jenkins/workspace/ECP/ecg-maya-usd/ecg-mayausd-branch-preflight-2020-windows/ecg-maya-usd/maya-usd/lib/mayaUsd/ufe/ProxyShapeHierarchy.h
[2022-07-14T13:55:00.963Z]     -- promoting: S:/jenkins/workspace/ECP/ecg-maya-usd/ecg-mayausd-branch-preflight-2020-windows/ecg-maya-usd/maya-usd/lib/mayaUsd/ufe/ProxyShapeHierarchyHandler.h
[2022-07-14T13:55:00.963Z]     -- promoting: S:/jenkins/workspace/ECP/ecg-maya-usd/ecg-mayausd-branch-preflight-2020-windows/ecg-maya-usd/maya-usd/lib/mayaUsd/ufe/StagesSubject.h
[2022-07-14T13:55:00.963Z]     -- promoting: S:/jenkins/workspace/ECP/ecg-maya-usd/ecg-mayausd-branch-preflight-2020-windows/ecg-maya-usd/maya-usd/lib/mayaUsd/ufe/UsdHierarchy.h
[2022-07-14T13:55:00.963Z]     -- promoting: S:/jenkins/workspace/ECP/ecg-maya-usd/ecg-mayausd-branch-preflight-2020-windows/ecg-maya-usd/maya-usd/lib/mayaUsd/ufe/UsdHierarchyHandler.h
[2022-07-14T13:55:00.963Z]     -- promoting: S:/jenkins/workspace/ECP/ecg-maya-usd/ecg-mayausd-branch-preflight-2020-windows/ecg-maya-usd/maya-usd/lib/mayaUsd/ufe/UsdPointInstanceModifierBase.h
[2022-07-14T13:55:00.963Z]     -- promoting: S:/jenkins/workspace/ECP/ecg-maya-usd/ecg-mayausd-branch-preflight-2020-windows/ecg-maya-usd/maya-usd/lib/mayaUsd/ufe/UsdPointInstanceOrientationModifier.h
[2022-07-14T13:55:00.963Z]     -- promoting: S:/jenkins/workspace/ECP/ecg-maya-usd/ecg-mayausd-branch-preflight-2020-windows/ecg-maya-usd/maya-usd/lib/mayaUsd/ufe/UsdPointInstancePositionModifier.h
[2022-07-14T13:55:00.963Z]     -- promoting: S:/jenkins/workspace/ECP/ecg-maya-usd/ecg-mayausd-branch-preflight-2020-windows/ecg-maya-usd/maya-usd/lib/mayaUsd/ufe/UsdPointInstanceScaleModifier.h
[2022-07-14T13:55:00.963Z]     -- promoting: S:/jenkins/workspace/ECP/ecg-maya-usd/ecg-mayausd-branch-preflight-2020-windows/ecg-maya-usd/maya-usd/lib/mayaUsd/ufe/UsdRootChildHierarchy.h
[2022-07-14T13:55:00.963Z]     -- promoting: S:/jenkins/workspace/ECP/ecg-maya-usd/ecg-mayausd-branch-preflight-2020-windows/ecg-maya-usd/maya-usd/lib/mayaUsd/ufe/UsdRotatePivotTranslateUndoableCommand.h
[2022-07-14T13:55:00.963Z]     -- promoting: S:/jenkins/workspace/ECP/ecg-maya-usd/ecg-mayausd-branch-preflight-2020-windows/ecg-maya-usd/maya-usd/lib/mayaUsd/ufe/UsdRotateUndoableCommand.h
[2022-07-14T13:55:00.963Z]     -- promoting: S:/jenkins/workspace/ECP/ecg-maya-usd/ecg-mayausd-branch-preflight-2020-windows/ecg-maya-usd/maya-usd/lib/mayaUsd/ufe/UsdScaleUndoableCommand.h
[2022-07-14T13:55:00.963Z]     -- promoting: S:/jenkins/workspace/ECP/ecg-maya-usd/ecg-mayausd-branch-preflight-2020-windows/ecg-maya-usd/maya-usd/lib/mayaUsd/ufe/UsdSceneItem.h
[2022-07-14T13:55:00.963Z]     -- promoting: S:/jenkins/workspace/ECP/ecg-maya-usd/ecg-mayausd-branch-preflight-2020-windows/ecg-maya-usd/maya-usd/lib/mayaUsd/ufe/UsdSceneItemOps.h
[2022-07-14T13:55:00.963Z]     -- promoting: S:/jenkins/workspace/ECP/ecg-maya-usd/ecg-mayausd-branch-preflight-2020-windows/ecg-maya-usd/maya-usd/lib/mayaUsd/ufe/UsdSceneItemOpsHandler.h
[2022-07-14T13:55:00.963Z]     -- promoting: S:/jenkins/workspace/ECP/ecg-maya-usd/ecg-mayausd-branch-preflight-2020-windows/ecg-maya-usd/maya-usd/lib/mayaUsd/ufe/UsdStageMap.h
[2022-07-14T13:55:00.963Z]     -- promoting: S:/jenkins/workspace/ECP/ecg-maya-usd/ecg-mayausd-branch-preflight-2020-windows/ecg-maya-usd/maya-usd/lib/mayaUsd/ufe/UsdTRSUndoableCommandBase.h
[2022-07-14T13:55:00.963Z]     -- promoting: S:/jenkins/workspace/ECP/ecg-maya-usd/ecg-mayausd-branch-preflight-2020-windows/ecg-maya-usd/maya-usd/lib/mayaUsd/ufe/UsdTransform3d.h
[2022-07-14T13:55:00.963Z]     -- promoting: S:/jenkins/workspace/ECP/ecg-maya-usd/ecg-mayausd-branch-preflight-2020-windows/ecg-maya-usd/maya-usd/lib/mayaUsd/ufe/UsdTransform3dHandler.h
[2022-07-14T13:55:00.963Z]     -- promoting: S:/jenkins/workspace/ECP/ecg-maya-usd/ecg-mayausd-branch-preflight-2020-windows/ecg-maya-usd/maya-usd/lib/mayaUsd/ufe/UsdTranslateUndoableCommand.h
[2022-07-14T13:55:00.963Z]     -- promoting: S:/jenkins/workspace/ECP/ecg-maya-usd/ecg-mayausd-branch-preflight-2020-windows/ecg-maya-usd/maya-usd/lib/mayaUsd/ufe/UsdUndoDeleteCommand.h
[2022-07-14T13:55:00.963Z]     -- promoting: S:/jenkins/workspace/ECP/ecg-maya-usd/ecg-mayausd-branch-preflight-2020-windows/ecg-maya-usd/maya-usd/lib/mayaUsd/ufe/UsdUndoDuplicateCommand.h
[2022-07-14T13:55:00.963Z]     -- promoting: S:/jenkins/workspace/ECP/ecg-maya-usd/ecg-mayausd-branch-preflight-2020-windows/ecg-maya-usd/maya-usd/lib/mayaUsd/ufe/UsdUndoRenameCommand.h
[2022-07-14T13:55:00.963Z]     -- promoting: S:/jenkins/workspace/ECP/ecg-maya-usd/ecg-mayausd-branch-preflight-2020-windows/ecg-maya-usd/maya-usd/lib/mayaUsd/ufe/Utils.h
[2022-07-14T13:55:00.963Z]     -- promoting: S:/jenkins/workspace/ECP/ecg-maya-usd/ecg-mayausd-branch-preflight-2020-windows/ecg-maya-usd/maya-usd/lib/mayaUsd/ufe/UfeVersionCompat.h
[2022-07-14T13:55:00.963Z]     -- promoting: S:/jenkins/workspace/ECP/ecg-maya-usd/ecg-mayausd-branch-preflight-2020-windows/ecg-maya-usd/maya-usd/lib/mayaUsd/ufe/UsdUndoMaterialCommands.h
[2022-07-14T13:55:00.963Z]     -- promoting: S:/jenkins/workspace/ECP/ecg-maya-usd/ecg-mayausd-branch-preflight-2020-windows/ecg-maya-usd/maya-usd/lib/mayaUsd/undo/OpUndoItemList.h
[2022-07-14T13:55:00.963Z]     -- promoting: S:/jenkins/workspace/ECP/ecg-maya-usd/ecg-mayausd-branch-preflight-2020-windows/ecg-maya-usd/maya-usd/lib/mayaUsd/undo/OpUndoItemMuting.h
[2022-07-14T13:55:00.963Z]     -- promoting: S:/jenkins/workspace/ECP/ecg-maya-usd/ecg-mayausd-branch-preflight-2020-windows/ecg-maya-usd/maya-usd/lib/mayaUsd/undo/OpUndoItemRecorder.h
[2022-07-14T13:55:00.963Z]     -- promoting: S:/jenkins/workspace/ECP/ecg-maya-usd/ecg-mayausd-branch-preflight-2020-windows/ecg-maya-usd/maya-usd/lib/mayaUsd/undo/OpUndoItems.h
[2022-07-14T13:55:00.963Z]     -- promoting: S:/jenkins/workspace/ECP/ecg-maya-usd/ecg-mayausd-branch-preflight-2020-windows/ecg-maya-usd/maya-usd/lib/mayaUsd/undo/UsdUndoBlock.h
[2022-07-14T13:55:00.963Z]     -- promoting: S:/jenkins/workspace/ECP/ecg-maya-usd/ecg-mayausd-branch-preflight-2020-windows/ecg-maya-usd/maya-usd/lib/mayaUsd/undo/UsdUndoManager.h
[2022-07-14T13:55:00.963Z]     -- promoting: S:/jenkins/workspace/ECP/ecg-maya-usd/ecg-mayausd-branch-preflight-2020-windows/ecg-maya-usd/maya-usd/lib/mayaUsd/undo/UsdUndoStateDelegate.h
[2022-07-14T13:55:00.964Z]     -- promoting: S:/jenkins/workspace/ECP/ecg-maya-usd/ecg-mayausd-branch-preflight-2020-windows/ecg-maya-usd/maya-usd/lib/mayaUsd/undo/UsdUndoableItem.h
[2022-07-14T13:55:00.964Z]     -- promoting: S:/jenkins/workspace/ECP/ecg-maya-usd/ecg-mayausd-branch-preflight-2020-windows/ecg-maya-usd/maya-usd/lib/mayaUsd/utils/blockSceneModificationContext.h
[2022-07-14T13:55:00.964Z]     -- promoting: S:/jenkins/workspace/ECP/ecg-maya-usd/ecg-mayausd-branch-preflight-2020-windows/ecg-maya-usd/maya-usd/lib/mayaUsd/utils/colorSpace.h
[2022-07-14T13:55:00.964Z]     -- promoting: S:/jenkins/workspace/ECP/ecg-maya-usd/ecg-mayausd-branch-preflight-2020-windows/ecg-maya-usd/maya-usd/lib/mayaUsd/utils/customLayerData.h
[2022-07-14T13:55:00.964Z]     -- promoting: S:/jenkins/workspace/ECP/ecg-maya-usd/ecg-mayausd-branch-preflight-2020-windows/ecg-maya-usd/maya-usd/lib/mayaUsd/utils/converter.h
[2022-07-14T13:55:00.964Z]     -- promoting: S:/jenkins/workspace/ECP/ecg-maya-usd/ecg-mayausd-branch-preflight-2020-windows/ecg-maya-usd/maya-usd/lib/mayaUsd/utils/diagnosticDelegate.h
[2022-07-14T13:55:00.964Z]     -- promoting: S:/jenkins/workspace/ECP/ecg-maya-usd/ecg-mayausd-branch-preflight-2020-windows/ecg-maya-usd/maya-usd/lib/mayaUsd/utils/editability.h
[2022-07-14T13:55:00.964Z]     -- promoting: S:/jenkins/workspace/ECP/ecg-maya-usd/ecg-mayausd-branch-preflight-2020-windows/ecg-maya-usd/maya-usd/lib/mayaUsd/utils/editRouter.h
[2022-07-14T13:55:00.964Z]     -- promoting: S:/jenkins/workspace/ECP/ecg-maya-usd/ecg-mayausd-branch-preflight-2020-windows/ecg-maya-usd/maya-usd/lib/mayaUsd/utils/hash.h
[2022-07-14T13:55:00.964Z]     -- promoting: S:/jenkins/workspace/ECP/ecg-maya-usd/ecg-mayausd-branch-preflight-2020-windows/ecg-maya-usd/maya-usd/lib/mayaUsd/utils/loadRules.h
[2022-07-14T13:55:00.964Z]     -- promoting: S:/jenkins/workspace/ECP/ecg-maya-usd/ecg-mayausd-branch-preflight-2020-windows/ecg-maya-usd/maya-usd/lib/mayaUsd/utils/query.h
[2022-07-14T13:55:00.964Z]     -- promoting: S:/jenkins/workspace/ECP/ecg-maya-usd/ecg-mayausd-branch-preflight-2020-windows/ecg-maya-usd/maya-usd/lib/mayaUsd/utils/plugRegistryHelper.h
[2022-07-14T13:55:00.964Z]     -- promoting: S:/jenkins/workspace/ECP/ecg-maya-usd/ecg-mayausd-branch-preflight-2020-windows/ecg-maya-usd/maya-usd/lib/mayaUsd/utils/progressBarScope.h
[2022-07-14T13:55:00.964Z]     -- promoting: S:/jenkins/workspace/ECP/ecg-maya-usd/ecg-mayausd-branch-preflight-2020-windows/ecg-maya-usd/maya-usd/lib/mayaUsd/utils/selectability.h
[2022-07-14T13:55:00.964Z]     -- promoting: S:/jenkins/workspace/ECP/ecg-maya-usd/ecg-mayausd-branch-preflight-2020-windows/ecg-maya-usd/maya-usd/lib/mayaUsd/utils/stageCache.h
[2022-07-14T13:55:00.964Z]     -- promoting: S:/jenkins/workspace/ECP/ecg-maya-usd/ecg-mayausd-branch-preflight-2020-windows/ecg-maya-usd/maya-usd/lib/mayaUsd/utils/traverseLayer.h
[2022-07-14T13:55:00.964Z]     -- promoting: S:/jenkins/workspace/ECP/ecg-maya-usd/ecg-mayausd-branch-preflight-2020-windows/ecg-maya-usd/maya-usd/lib/mayaUsd/utils/undoHelperCommand.h
[2022-07-14T13:55:00.964Z]     -- promoting: S:/jenkins/workspace/ECP/ecg-maya-usd/ecg-mayausd-branch-preflight-2020-windows/ecg-maya-usd/maya-usd/lib/mayaUsd/utils/util.h
[2022-07-14T13:55:00.964Z]     -- promoting: S:/jenkins/workspace/ECP/ecg-maya-usd/ecg-mayausd-branch-preflight-2020-windows/ecg-maya-usd/maya-usd/lib/mayaUsd/utils/utilFileSystem.h
[2022-07-14T13:55:00.964Z]     -- promoting: S:/jenkins/workspace/ECP/ecg-maya-usd/ecg-mayausd-branch-preflight-2020-windows/ecg-maya-usd/maya-usd/lib/mayaUsd/utils/utilSerialization.h
[2022-07-14T13:55:00.964Z]     -- promoting: S:/jenkins/workspace/ECP/ecg-maya-usd/ecg-mayausd-branch-preflight-2020-windows/ecg-maya-usd/maya-usd/lib/mayaUsd/utils/variants.h
[2022-07-14T13:55:00.964Z]     -- promoting: S:/jenkins/workspace/ECP/ecg-maya-usd/ecg-mayausd-branch-preflight-2020-windows/ecg-maya-usd/maya-usd/lib/mayaUsd/render/mayaToHydra/utils.h
[2022-07-14T13:55:00.964Z]     -- promoting: S:/jenkins/workspace/ECP/ecg-maya-usd/ecg-mayausd-branch-preflight-2020-windows/ecg-maya-usd/maya-usd/lib/usd/hdMaya/api.h
[2022-07-14T13:55:00.964Z]     -- promoting: S:/jenkins/workspace/ECP/ecg-maya-usd/ecg-mayausd-branch-preflight-2020-windows/ecg-maya-usd/maya-usd/lib/usd/hdMaya/utils.h
[2022-07-14T13:55:00.964Z]     -- promoting: S:/jenkins/workspace/ECP/ecg-maya-usd/ecg-mayausd-branch-preflight-2020-windows/ecg-maya-usd/maya-usd/lib/usd/hdMaya/debugCodes.h
[2022-07-14T13:55:00.964Z]     -- promoting: S:/jenkins/workspace/ECP/ecg-maya-usd/ecg-mayausd-branch-preflight-2020-windows/ecg-maya-usd/maya-usd/lib/usd/hdMaya/adapters/adapter.h
[2022-07-14T13:55:00.964Z]     -- promoting: S:/jenkins/workspace/ECP/ecg-maya-usd/ecg-mayausd-branch-preflight-2020-windows/ecg-maya-usd/maya-usd/lib/usd/hdMaya/adapters/adapterDebugCodes.h
[2022-07-14T13:55:00.964Z]     -- promoting: S:/jenkins/workspace/ECP/ecg-maya-usd/ecg-mayausd-branch-preflight-2020-windows/ecg-maya-usd/maya-usd/lib/usd/hdMaya/adapters/adapterRegistry.h
[2022-07-14T13:55:00.964Z]     -- promoting: S:/jenkins/workspace/ECP/ecg-maya-usd/ecg-mayausd-branch-preflight-2020-windows/ecg-maya-usd/maya-usd/lib/usd/hdMaya/adapters/cameraAdapter.h
[2022-07-14T13:55:00.964Z]     -- promoting: S:/jenkins/workspace/ECP/ecg-maya-usd/ecg-mayausd-branch-preflight-2020-windows/ecg-maya-usd/maya-usd/lib/usd/hdMaya/adapters/constantShadowMatrix.h
[2022-07-14T13:55:00.964Z]     -- promoting: S:/jenkins/workspace/ECP/ecg-maya-usd/ecg-mayausd-branch-preflight-2020-windows/ecg-maya-usd/maya-usd/lib/usd/hdMaya/adapters/dagAdapter.h
[2022-07-14T13:55:00.964Z]     -- promoting: S:/jenkins/workspace/ECP/ecg-maya-usd/ecg-mayausd-branch-preflight-2020-windows/ecg-maya-usd/maya-usd/lib/usd/hdMaya/adapters/lightAdapter.h
[2022-07-14T13:55:00.964Z]     -- promoting: S:/jenkins/workspace/ECP/ecg-maya-usd/ecg-mayausd-branch-preflight-2020-windows/ecg-maya-usd/maya-usd/lib/usd/hdMaya/adapters/proxyAdapter.h
[2022-07-14T13:55:00.964Z]     -- promoting: S:/jenkins/workspace/ECP/ecg-maya-usd/ecg-mayausd-branch-preflight-2020-windows/ecg-maya-usd/maya-usd/lib/usd/hdMaya/adapters/materialAdapter.h
[2022-07-14T13:55:00.964Z]     -- promoting: S:/jenkins/workspace/ECP/ecg-maya-usd/ecg-mayausd-branch-preflight-2020-windows/ecg-maya-usd/maya-usd/lib/usd/hdMaya/adapters/materialNetworkConverter.h
[2022-07-14T13:55:00.964Z]     -- promoting: S:/jenkins/workspace/ECP/ecg-maya-usd/ecg-mayausd-branch-preflight-2020-windows/ecg-maya-usd/maya-usd/lib/usd/hdMaya/adapters/mayaAttrs.h
[2022-07-14T13:55:00.964Z]     -- promoting: S:/jenkins/workspace/ECP/ecg-maya-usd/ecg-mayausd-branch-preflight-2020-windows/ecg-maya-usd/maya-usd/lib/usd/hdMaya/adapters/shapeAdapter.h
[2022-07-14T13:55:00.964Z]     -- promoting: S:/jenkins/workspace/ECP/ecg-maya-usd/ecg-mayausd-branch-preflight-2020-windows/ecg-maya-usd/maya-usd/lib/usd/hdMaya/adapters/tokens.h
[2022-07-14T13:55:00.964Z]     -- promoting: S:/jenkins/workspace/ECP/ecg-maya-usd/ecg-mayausd-branch-preflight-2020-windows/ecg-maya-usd/maya-usd/lib/usd/hdMaya/delegates/delegate.h
[2022-07-14T13:55:00.964Z]     -- promoting: S:/jenkins/workspace/ECP/ecg-maya-usd/ecg-mayausd-branch-preflight-2020-windows/ecg-maya-usd/maya-usd/lib/usd/hdMaya/delegates/delegateCtx.h
[2022-07-14T13:55:00.964Z]     -- promoting: S:/jenkins/workspace/ECP/ecg-maya-usd/ecg-mayausd-branch-preflight-2020-windows/ecg-maya-usd/maya-usd/lib/usd/hdMaya/delegates/delegateDebugCodes.h
[2022-07-14T13:55:00.964Z]     -- promoting: S:/jenkins/workspace/ECP/ecg-maya-usd/ecg-mayausd-branch-preflight-2020-windows/ecg-maya-usd/maya-usd/lib/usd/hdMaya/delegates/delegateRegistry.h
[2022-07-14T13:55:00.964Z]     -- promoting: S:/jenkins/workspace/ECP/ecg-maya-usd/ecg-mayausd-branch-preflight-2020-windows/ecg-maya-usd/maya-usd/lib/usd/hdMaya/delegates/params.h
[2022-07-14T13:55:00.964Z]     -- promoting: S:/jenkins/workspace/ECP/ecg-maya-usd/ecg-mayausd-branch-preflight-2020-windows/ecg-maya-usd/maya-usd/lib/usd/hdMaya/delegates/proxyDelegate.h
[2022-07-14T13:55:00.964Z]     -- promoting: S:/jenkins/workspace/ECP/ecg-maya-usd/ecg-mayausd-branch-preflight-2020-windows/ecg-maya-usd/maya-usd/lib/usd/hdMaya/delegates/proxyUsdImagingDelegate.h
[2022-07-14T13:55:00.964Z]     -- promoting: S:/jenkins/workspace/ECP/ecg-maya-usd/ecg-mayausd-branch-preflight-2020-windows/ecg-maya-usd/maya-usd/lib/usd/hdMaya/delegates/sceneDelegate.h
[2022-07-14T13:55:00.964Z]     -- promoting: S:/jenkins/workspace/ECP/ecg-maya-usd/ecg-mayausd-branch-preflight-2020-windows/ecg-maya-usd/maya-usd/lib/usd/hdMaya/delegates/testDelegate.h
[2022-07-14T13:55:00.964Z]     -- promoting: S:/jenkins/workspace/ECP/ecg-maya-usd/ecg-mayausd-branch-preflight-2020-windows/ecg-maya-usd/maya-usd/lib/usd/pxrUsdPreviewSurface/usdPreviewSurface.h
[2022-07-14T13:55:00.964Z]     -- promoting: S:/jenkins/workspace/ECP/ecg-maya-usd/ecg-mayausd-branch-preflight-2020-windows/ecg-maya-usd/maya-usd/lib/usd/pxrUsdPreviewSurface/usdPreviewSurfacePlugin.h
[2022-07-14T13:55:00.964Z]     -- promoting: S:/jenkins/workspace/ECP/ecg-maya-usd/ecg-mayausd-branch-preflight-2020-windows/ecg-maya-usd/maya-usd/lib/usd/schemas/api.h
[2022-07-14T13:55:00.964Z]     -- promoting: S:/jenkins/workspace/ECP/ecg-maya-usd/ecg-mayausd-branch-preflight-2020-windows/ecg-maya-usd/maya-usd/lib/usd/schemas/ALMayaReference.h
[2022-07-14T13:55:00.964Z]     -- promoting: S:/jenkins/workspace/ECP/ecg-maya-usd/ecg-mayausd-branch-preflight-2020-windows/ecg-maya-usd/maya-usd/lib/usd/schemas/MayaReference.h
[2022-07-14T13:55:00.965Z]     -- promoting: S:/jenkins/workspace/ECP/ecg-maya-usd/ecg-mayausd-branch-preflight-2020-windows/ecg-maya-usd/maya-usd/lib/usd/schemas/tokens.h
[2022-07-14T13:55:01.688Z]     #################################################################################################
[2022-07-14T13:55:01.688Z]     #  USD_DISABLE_PRIM_DEFINITIONS_FOR_USDGENSCHEMA is overridden to 'true'.  Default is 'false'.  #
[2022-07-14T13:55:01.688Z]     #################################################################################################
[2022-07-14T13:55:01.688Z]     Processing schema classes:
[2022-07-14T13:55:01.688Z]     MayaReference, ALMayaReference
[2022-07-14T13:55:01.688Z]     Loading Templates from p:\shared\Artifactory\Windows\USD\c1313e5\lib\usd\usd\resources\codegenTemplates
[2022-07-14T13:55:01.688Z]     Writing API:
[2022-07-14T13:55:01.688Z]     	    wrote W:\build\RelWithDebInfo\lib\usd\schemas\api.h
[2022-07-14T13:55:01.688Z]     Writing Schema Tokens:
[2022-07-14T13:55:01.688Z]     	    wrote W:\build\RelWithDebInfo\lib\usd\schemas\tokens.h
[2022-07-14T13:55:01.688Z]     	    wrote W:\build\RelWithDebInfo\lib\usd\schemas\tokens.cpp
[2022-07-14T13:55:01.688Z]     	    wrote W:\build\RelWithDebInfo\lib\usd\schemas\wrapTokens.cpp
[2022-07-14T13:55:01.688Z]     Generating Classes:
[2022-07-14T13:55:01.688Z]     	    wrote W:\build\RelWithDebInfo\lib\usd\schemas\MayaReference.h
[2022-07-14T13:55:01.688Z]     	    wrote W:\build\RelWithDebInfo\lib\usd\schemas\MayaReference.cpp
[2022-07-14T13:55:01.688Z]     	    wrote W:\build\RelWithDebInfo\lib\usd\schemas\wrapMayaReference.cpp
[2022-07-14T13:55:01.688Z]     	    wrote W:\build\RelWithDebInfo\lib\usd\schemas\ALMayaReference.h
[2022-07-14T13:55:01.688Z]     	    wrote W:\build\RelWithDebInfo\lib\usd\schemas\ALMayaReference.cpp
[2022-07-14T13:55:01.688Z]     	    wrote W:\build\RelWithDebInfo\lib\usd\schemas\wrapALMayaReference.cpp
[2022-07-14T13:55:01.688Z]     Loading Templates from p:\shared\Artifactory\Windows\USD\c1313e5\lib\usd\usd\resources\codegenTemplates
[2022-07-14T13:55:01.688Z]     	    wrote W:\build\RelWithDebInfo\lib\usd\schemas\plugInfo.json
[2022-07-14T13:55:01.688Z]     Generating Schematics:
[2022-07-14T13:55:01.688Z]     	    wrote W:\build\RelWithDebInfo\lib\usd\schemas\generatedSchema.usda
[2022-07-14T13:55:01.688Z]     -- promoting: S:/jenkins/workspace/ECP/ecg-maya-usd/ecg-mayausd-branch-preflight-2020-windows/ecg-maya-usd/maya-usd/lib/usd/utils/ALHalf.h
[2022-07-14T13:55:01.688Z]     -- promoting: S:/jenkins/workspace/ECP/ecg-maya-usd/ecg-mayausd-branch-preflight-2020-windows/ecg-maya-usd/maya-usd/lib/usd/utils/Api.h
[2022-07-14T13:55:01.688Z]     -- promoting: S:/jenkins/workspace/ECP/ecg-maya-usd/ecg-mayausd-branch-preflight-2020-windows/ecg-maya-usd/maya-usd/lib/usd/utils/DebugCodes.h
[2022-07-14T13:55:01.688Z]     -- promoting: S:/jenkins/workspace/ECP/ecg-maya-usd/ecg-mayausd-branch-preflight-2020-windows/ecg-maya-usd/maya-usd/lib/usd/utils/DiffCore.h
[2022-07-14T13:55:01.688Z]     -- promoting: S:/jenkins/workspace/ECP/ecg-maya-usd/ecg-mayausd-branch-preflight-2020-windows/ecg-maya-usd/maya-usd/lib/usd/utils/DiffPrims.h
[2022-07-14T13:55:01.688Z]     -- promoting: S:/jenkins/workspace/ECP/ecg-maya-usd/ecg-mayausd-branch-preflight-2020-windows/ecg-maya-usd/maya-usd/lib/usd/utils/MergePrims.h
[2022-07-14T13:55:01.688Z]     -- promoting: S:/jenkins/workspace/ECP/ecg-maya-usd/ecg-mayausd-branch-preflight-2020-windows/ecg-maya-usd/maya-usd/lib/usd/utils/MergePrimsOptions.h
[2022-07-14T13:55:01.688Z]     -- promoting: S:/jenkins/workspace/ECP/ecg-maya-usd/ecg-mayausd-branch-preflight-2020-windows/ecg-maya-usd/maya-usd/lib/usd/utils/ForwardDeclares.h
[2022-07-14T13:55:01.688Z]     -- promoting: S:/jenkins/workspace/ECP/ecg-maya-usd/ecg-mayausd-branch-preflight-2020-windows/ecg-maya-usd/maya-usd/lib/usd/utils/SIMD.h
[2022-07-14T13:55:01.688Z]     -- promoting: S:/jenkins/workspace/ECP/ecg-maya-usd/ecg-mayausd-branch-preflight-2020-windows/ecg-maya-usd/maya-usd/lib/usd/utils/util.h
[2022-07-14T13:55:01.688Z]     -- promoting: S:/jenkins/workspace/ECP/ecg-maya-usd/ecg-mayausd-branch-preflight-2020-windows/ecg-maya-usd/maya-usd/lib/usd/ui/layerEditor/batchSaveLayersUIDelegate.h
[2022-07-14T13:55:01.688Z]     -- promoting: S:/jenkins/workspace/ECP/ecg-maya-usd/ecg-mayausd-branch-preflight-2020-windows/ecg-maya-usd/maya-usd/lib/usd/ui/importDialog/IMayaMQtUtil.h
[2022-07-14T13:55:01.688Z]     -- promoting: S:/jenkins/workspace/ECP/ecg-maya-usd/ecg-mayausd-branch-preflight-2020-windows/ecg-maya-usd/maya-usd/lib/usd/ui/importDialog/ItemDelegate.h
[2022-07-14T13:55:01.688Z]     -- promoting: S:/jenkins/workspace/ECP/ecg-maya-usd/ecg-mayausd-branch-preflight-2020-windows/ecg-maya-usd/maya-usd/lib/usd/ui/importDialog/IUSDImportView.h
[2022-07-14T13:55:01.688Z]     -- promoting: S:/jenkins/workspace/ECP/ecg-maya-usd/ecg-mayausd-branch-preflight-2020-windows/ecg-maya-usd/maya-usd/lib/usd/ui/importDialog/TreeItem.h
[2022-07-14T13:55:01.688Z]     -- promoting: S:/jenkins/workspace/ECP/ecg-maya-usd/ecg-mayausd-branch-preflight-2020-windows/ecg-maya-usd/maya-usd/lib/usd/ui/importDialog/TreeModel.h
[2022-07-14T13:55:01.688Z]     -- promoting: S:/jenkins/workspace/ECP/ecg-maya-usd/ecg-mayausd-branch-preflight-2020-windows/ecg-maya-usd/maya-usd/lib/usd/ui/importDialog/TreeModelFactory.h
[2022-07-14T13:55:01.688Z]     -- promoting: S:/jenkins/workspace/ECP/ecg-maya-usd/ecg-mayausd-branch-preflight-2020-windows/ecg-maya-usd/maya-usd/lib/usd/ui/importDialog/USDImportDialog.h
[2022-07-14T13:55:01.688Z]     -- promoting: S:/jenkins/workspace/ECP/ecg-maya-usd/ecg-mayausd-branch-preflight-2020-windows/ecg-maya-usd/maya-usd/lib/usd/ui/importDialog/USDImportDialogCmd.h
[2022-07-14T13:55:01.688Z]     -- promoting: S:/jenkins/workspace/ECP/ecg-maya-usd/ecg-mayausd-branch-preflight-2020-windows/ecg-maya-usd/maya-usd/lib/usd/ui/importDialog/USDQtUtil.h
[2022-07-14T13:55:01.688Z]     -- promoting: S:/jenkins/workspace/ECP/ecg-maya-usd/ecg-mayausd-branch-preflight-2020-windows/ecg-maya-usd/maya-usd/lib/usd/ui/api.h
[2022-07-14T13:55:01.688Z]     -- promoting: S:/jenkins/workspace/ECP/ecg-maya-usd/ecg-mayausd-branch-preflight-2020-windows/ecg-maya-usd/maya-usd/lib/usd/ui/initStringResources.h
[2022-07-14T13:55:01.688Z]     ========== Pixar USD Plugin ==========
[2022-07-14T13:55:02.034Z]     Compiling W:/build/RelWithDebInfo/plugin/pxr/__init__.py ...
[2022-07-14T13:55:02.034Z]     ========== AL USD Plugin ==========
[2022-07-14T13:55:02.034Z]     CMake Deprecation Warning at plugin/al/CMakeLists.txt:7 (cmake_policy):
[2022-07-14T13:55:02.034Z]       The OLD behavior for policy CMP0026 will be removed from a future version
[2022-07-14T13:55:02.034Z]       of CMake.
[2022-07-14T13:55:02.034Z]     
[2022-07-14T13:55:02.034Z]       The cmake-policies(7) manual explains that the OLD behaviors of all
[2022-07-14T13:55:02.034Z]       policies are deprecated and that a policy should be set to OLD only under
[2022-07-14T13:55:02.034Z]       specific short-term circumstances.  Projects should be ported to the NEW
[2022-07-14T13:55:02.034Z]       behavior and not rely on setting a policy to OLD.
[2022-07-14T13:55:02.034Z]     
[2022-07-14T13:55:02.034Z]     
[2022-07-14T13:55:02.034Z]     -- Found Boost 1.70.0 at P:/shared/Artifactory/Windows/USD/c1313e5/lib/cmake/Boost-1.70.0
[2022-07-14T13:55:02.034Z]     --   Requested configuration: QUIET REQUIRED
[2022-07-14T13:55:02.034Z]     -- Found boost_headers 1.70.0 at P:/shared/Artifactory/Windows/USD/c1313e5/lib/cmake/boost_headers-1.70.0
[2022-07-14T13:55:02.034Z]     -- Found Boost: P:/shared/Artifactory/Windows/USD/c1313e5/lib/cmake/Boost-1.70.0/BoostConfig.cmake (found version "1.70.0")
[2022-07-14T13:55:02.034Z]     -- Found Boost 1.70.0 at P:/shared/Artifactory/Windows/USD/c1313e5/lib/cmake/Boost-1.70.0
[2022-07-14T13:55:02.034Z]     --   Requested configuration: QUIET REQUIRED COMPONENTS python
[2022-07-14T13:55:02.034Z]     -- Found boost_python 1.70.0 at P:/shared/Artifactory/Windows/USD/c1313e5/lib/cmake/boost_python-1.70.0
[2022-07-14T13:55:02.034Z]     --   boost_python27-vc141-mt-x64-1_70.lib
[2022-07-14T13:55:02.034Z]     -- Adding boost_python dependencies: headers
[2022-07-14T13:55:02.034Z]     -- Found Boost: P:/shared/Artifactory/Windows/USD/c1313e5/lib/cmake/Boost-1.70.0/BoostConfig.cmake (found version "1.70.0") found components: python
[2022-07-14T13:55:02.368Z]     -- Found GTest: W:/build/RelWithDebInfo/googletest-install/lib/gtest.lib
[2022-07-14T13:55:04.061Z]     -- Building AL_USDMayaSchemas
[2022-07-14T13:55:04.061Z]     #################################################################################################
[2022-07-14T13:55:04.061Z]     #  USD_DISABLE_PRIM_DEFINITIONS_FOR_USDGENSCHEMA is overridden to 'true'.  Default is 'false'.  #
[2022-07-14T13:55:04.061Z]     #################################################################################################
[2022-07-14T13:55:04.394Z]     Processing schema classes:
[2022-07-14T13:55:04.394Z]     ALModelAPI, ALFrameRange
[2022-07-14T13:55:04.394Z]     Loading Templates from p:\shared\Artifactory\Windows\USD\c1313e5\lib\usd\usd\resources\codegenTemplates
[2022-07-14T13:55:04.394Z]     Writing API:
[2022-07-14T13:55:04.394Z]     	    wrote W:\build\RelWithDebInfo\plugin\al\schemas\AL\usd\schemas\maya\api.h
[2022-07-14T13:55:04.394Z]     Writing Schema Tokens:
[2022-07-14T13:55:04.394Z]     	    wrote W:\build\RelWithDebInfo\plugin\al\schemas\AL\usd\schemas\maya\tokens.h
[2022-07-14T13:55:04.394Z]     	    wrote W:\build\RelWithDebInfo\plugin\al\schemas\AL\usd\schemas\maya\tokens.cpp
[2022-07-14T13:55:04.394Z]     	    wrote W:\build\RelWithDebInfo\plugin\al\schemas\AL\usd\schemas\maya\wrapTokens.cpp
[2022-07-14T13:55:04.394Z]     Generating Classes:
[2022-07-14T13:55:04.394Z]     	    wrote W:\build\RelWithDebInfo\plugin\al\schemas\AL\usd\schemas\maya\ModelAPI.h
[2022-07-14T13:55:04.394Z]     	    wrote W:\build\RelWithDebInfo\plugin\al\schemas\AL\usd\schemas\maya\ModelAPI.cpp
[2022-07-14T13:55:04.394Z]     	    wrote W:\build\RelWithDebInfo\plugin\al\schemas\AL\usd\schemas\maya\wrapModelAPI.cpp
[2022-07-14T13:55:04.394Z]     	    wrote W:\build\RelWithDebInfo\plugin\al\schemas\AL\usd\schemas\maya\FrameRange.h
[2022-07-14T13:55:04.394Z]     	    wrote W:\build\RelWithDebInfo\plugin\al\schemas\AL\usd\schemas\maya\FrameRange.cpp
[2022-07-14T13:55:04.394Z]     	    wrote W:\build\RelWithDebInfo\plugin\al\schemas\AL\usd\schemas\maya\wrapFrameRange.cpp
[2022-07-14T13:55:04.394Z]     Loading Templates from p:\shared\Artifactory\Windows\USD\c1313e5\lib\usd\usd\resources\codegenTemplates
[2022-07-14T13:55:04.394Z]     	    wrote W:\build\RelWithDebInfo\plugin\al\schemas\AL\usd\schemas\maya\plugInfo.json
[2022-07-14T13:55:04.394Z]     Generating Schematics:
[2022-07-14T13:55:04.394Z]     	    wrote W:\build\RelWithDebInfo\plugin\al\schemas\AL\usd\schemas\maya\generatedSchema.usda
[2022-07-14T13:55:05.542Z]     #################################################################################################
[2022-07-14T13:55:05.542Z]     #  USD_DISABLE_PRIM_DEFINITIONS_FOR_USDGENSCHEMA is overridden to 'true'.  Default is 'false'.  #
[2022-07-14T13:55:05.542Z]     #################################################################################################
[2022-07-14T13:55:05.542Z]     Processing schema classes:
[2022-07-14T13:55:05.542Z]     ALExamplePolyCubeNode
[2022-07-14T13:55:05.542Z]     Loading Templates from p:\shared\Artifactory\Windows\USD\c1313e5\lib\usd\usd\resources\codegenTemplates
[2022-07-14T13:55:05.542Z]     Writing API:
[2022-07-14T13:55:05.542Z]     	    wrote W:\build\RelWithDebInfo\plugin\al\schemas\AL\usd\schemas\mayatest\api.h
[2022-07-14T13:55:05.542Z]     Writing Schema Tokens:
[2022-07-14T13:55:05.542Z]     	    wrote W:\build\RelWithDebInfo\plugin\al\schemas\AL\usd\schemas\mayatest\tokens.h
[2022-07-14T13:55:05.542Z]     	    wrote W:\build\RelWithDebInfo\plugin\al\schemas\AL\usd\schemas\mayatest\tokens.cpp
[2022-07-14T13:55:05.542Z]     	    wrote W:\build\RelWithDebInfo\plugin\al\schemas\AL\usd\schemas\mayatest\wrapTokens.cpp
[2022-07-14T13:55:05.542Z]     Generating Classes:
[2022-07-14T13:55:05.542Z]     	    wrote W:\build\RelWithDebInfo\plugin\al\schemas\AL\usd\schemas\mayatest\ExamplePolyCubeNode.h
[2022-07-14T13:55:05.542Z]     	    wrote W:\build\RelWithDebInfo\plugin\al\schemas\AL\usd\schemas\mayatest\ExamplePolyCubeNode.cpp
[2022-07-14T13:55:05.542Z]     	    wrote W:\build\RelWithDebInfo\plugin\al\schemas\AL\usd\schemas\mayatest\wrapExamplePolyCubeNode.cpp
[2022-07-14T13:55:05.542Z]     Loading Templates from p:\shared\Artifactory\Windows\USD\c1313e5\lib\usd\usd\resources\codegenTemplates
[2022-07-14T13:55:05.542Z]     	    wrote W:\build\RelWithDebInfo\plugin\al\schemas\AL\usd\schemas\mayatest\plugInfo.json
[2022-07-14T13:55:05.542Z]     Generating Schematics:
[2022-07-14T13:55:05.542Z]     	    wrote W:\build\RelWithDebInfo\plugin\al\schemas\AL\usd\schemas\mayatest\generatedSchema.usda
[2022-07-14T13:55:05.542Z]     -- Building AL_USDMayaTranslators
[2022-07-14T13:55:05.542Z]     ========== ADSK USD Plugin ==========
[2022-07-14T13:55:05.542Z]     -- Configuring done
[2022-07-14T13:55:07.197Z]     -- Generating done
[2022-07-14T13:55:07.197Z]     -- Build files have been written to: W:/build/RelWithDebInfo
[2022-07-14T13:55:07.197Z]     
[2022-07-14T13:55:07.197Z]         Building with settings:
[2022-07-14T13:55:07.197Z]           Source directory          S:\jenkins\workspace\ECP\ecg-maya-usd\ecg-mayausd-branch-preflight-2020-windows\ecg-maya-usd\maya-usd
[2022-07-14T13:55:07.197Z]           Workspace directory       W:\
[2022-07-14T13:55:07.197Z]           Build directory           W:\build\RelWithDebInfo
[2022-07-14T13:55:07.197Z]           Install directory         W:\install\RelWithDebInfo\MayaUSD
[2022-07-14T13:55:07.197Z]           Variant                   RelWithDebInfo
[2022-07-14T13:55:07.197Z]           Python Debug              Off
[2022-07-14T13:55:07.197Z]           CMake generator           Ninja
[2022-07-14T13:55:07.197Z]           Build arguments           ['-DCMAKE_MAKE_PROGRAM=P:/shared/Artifactory/Windows/ninja/1.9.0/c68f192/ninja.exe', '-DPYTHON_INCLUDE_DIR=P:/shared/Artifactory/Windows/rundev-2020/202107140359/runtime/5d64bf0/runTime/include/Python', '-DPython_EXECUTABLE=P:/shared/Artifactory/Windows/rundev-2020/202107140359/runtime/5d64bf0/runTime/bin/mayapy.exe', '-DPYTHON_LIBRARIES=P:/shared/Artifactory/Windows/rundev-2020/202107140359/runtime/5d64bf0/runTime/lib/python27.lib', '-DUSD_LIB_PREFIX=', '-DCMAKE_WANT_MATERIALX_BUILD=ON', '-DCMAKE_PREFIX_PATH=P:\\shared\\Artifactory\\Windows\\USD\\c1313e5']
[2022-07-14T13:55:07.197Z]           Stages arguments          ['configure']
[2022-07-14T13:55:07.197Z]           CTest arguments           ['-E testUsdReferenceAssemblySelection|testUsdMayaAppDir', '-LE interactive', '--parallel 16']
[2022-07-14T13:55:07.197Z]     Success MayaUSD build and install !!!!
[2022-07-14T13:55:07.197Z]     Elapsed time: 00:00:26
[Pipeline] bat
[2022-07-14T13:55:07.770Z] Deleting alias drive W:
[Pipeline] bat
[2022-07-14T13:55:08.347Z] Deleting alias drive P:
[Pipeline] }
[Pipeline] // withEnv
[Pipeline] }
[Pipeline] // timeout
[Pipeline] }
[Pipeline] // stage
[Pipeline] }
[Pipeline] // timestamps
[Pipeline] timestamps
[Pipeline] {
[Pipeline] stage
[Pipeline] { (Build)
[Pipeline] timeout
[2022-07-14T13:55:08.522Z] Timeout set to expire in 6 hr 0 min
[Pipeline] {
[Pipeline] withEnv
[Pipeline] {
[Pipeline] bat
[2022-07-14T13:55:09.086Z] Creating alias drive P: to S:\jenkins\workspace
[Pipeline] bat
[2022-07-14T13:55:09.738Z] Creating alias drive W: to S:\jenkins\workspace\ECP\ecg-maya-usd\ecg-mayausd-branch-preflight-2020-windows
[Pipeline] bat
[2022-07-14T13:55:10.448Z] "C:\Program Files (x86)\Microsoft Visual Studio\2017\Professional\VC\Auxiliary\Build\vcvarsall.bat" x64
[2022-07-14T13:55:10.448Z] **********************************************************************
[2022-07-14T13:55:10.448Z] ** Visual Studio 2017 Developer Command Prompt v15.9.15
[2022-07-14T13:55:10.448Z] ** Copyright (c) 2017 Microsoft Corporation
[2022-07-14T13:55:10.448Z] **********************************************************************
[2022-07-14T13:55:11.589Z] [vcvarsall.bat] Environment initialized for: 'x64'
[2022-07-14T13:55:11.589Z] python ecg-maya-usd/build.py --stages=build --workspace-dir=W:\ --artifactory-dir=P:\shared\Artifactory --build-dir=W:\build --install-dir=W:\install --signing-dir=W:\signing --package-dir=W:\package --output-dir=W:\output --stash-dir=W:\stash --jenkins-build=125 --git-commit=8a01545978301da85ab32b5cbb83cd7c7d59361b --git-branch=master --variants=RelWithDebInfo --python=2.7 --post-zips=false --build-retry=3 --maya-cut-config=maya-rundev-2020.yaml --maya-package=rundev-2020 --stage-banner
[2022-07-14T13:55:12.299Z] Using Maya cut from P:\shared\Artifactory\Windows\rundev-2020\202107140359\runtime\5d64bf0
[2022-07-14T13:55:12.299Z] Using Maya ADSK Signatures from P:\shared\Artifactory\Windows\adsk-plugin-signatures-maya\2023\c1dbfce
[2022-07-14T13:55:12.299Z] Using Maya Security Library from P:\shared\Artifactory\Windows\maya-security-library\3.1.0\084709f
[2022-07-14T13:55:12.299Z] 
[2022-07-14T13:55:12.299Z] ================================================================================
[2022-07-14T13:55:12.299Z]                              build (RelWithDebInfo)
[2022-07-14T13:55:12.299Z] ================================================================================
[2022-07-14T13:55:12.299Z] Maya Python RelWithDebInfo Info:
[2022-07-14T13:55:12.299Z]   mayapy executable   = P:\shared\Artifactory\Windows\rundev-2020\202107140359\runtime\5d64bf0\runTime\bin\mayapy.exe
[2022-07-14T13:55:12.299Z]   Include Folder      = P:\shared\Artifactory\Windows\rundev-2020\202107140359\runtime\5d64bf0\runTime\include\Python
[2022-07-14T13:55:12.299Z]   Library             = P:\shared\Artifactory\Windows\rundev-2020\202107140359\runtime\5d64bf0\runTime\lib\python27.lib
[2022-07-14T13:55:12.299Z]   site-package Folder = P:\shared\Artifactory\Windows\rundev-2020\202107140359\runtime\5d64bf0\runTime\Python\Lib\site-packages
[2022-07-14T13:55:13.006Z] In workdir: S:\jenkins\workspace\ECP\ecg-maya-usd\ecg-mayausd-branch-preflight-2020-windows\ecg-maya-usd\maya-usd
[2022-07-14T13:55:13.006Z] Executing: 'P:\\shared\\Artifactory\\Windows\\rundev-2020\\202107140359\\runtime\\5d64bf0\\runTime\\bin\\mayapy.exe' 'S:\\jenkins\\workspace\\ECP\\ecg-maya-usd\\ecg-mayausd-branch-preflight-2020-windows\\ecg-maya-usd\\maya-usd\\build.py' --generator Ninja --build-relwithdebug --maya-location 'P:\\shared\\Artifactory\\Windows\\rundev-2020\\202107140359\\runtime\\5d64bf0\\runTime' --devkit-location 'P:\\shared\\Artifactory\\Windows\\rundev-2020\\202107140359\\runtime\\5d64bf0\\devkitBase' --pxrusd-location 'P:\\shared\\Artifactory\\Windows\\USD\\c1313e5' --qt-location 'P:\\shared\\Artifactory\\Windows\\qt\\5.12.5\\4755980' '--build-args=-DCMAKE_MAKE_PROGRAM=P:/shared/Artifactory/Windows/ninja/1.9.0/c68f192/ninja.exe,-DPYTHON_INCLUDE_DIR=P:/shared/Artifactory/Windows/rundev-2020/202107140359/runtime/5d64bf0/runTime/include/Python,-DPython_EXECUTABLE=P:/shared/Artifactory/Windows/rundev-2020/202107140359/runtime/5d64bf0/runTime/bin/mayapy.exe,-DPYTHON_LIBRARIES=P:/shared/Artifactory/Windows/rundev-2020/202107140359/runtime/5d64bf0/runTime/lib/python27.lib,-DUSD_LIB_PREFIX=,-DCMAKE_WANT_MATERIALX_BUILD=ON,-DCMAKE_PREFIX_PATH=P:\\shared\\Artifactory\\Windows\\USD\\c1313e5' '--ctest-args=-E testUsdReferenceAssemblySelection|testUsdMayaAppDir,-LE interactive,--parallel 16' --stages=build --redirect-outstream-file=False --install-location 'W:\\install\\RelWithDebInfo\\MayaUSD' 'W:\\'
[2022-07-14T13:55:13.006Z] Modified environment variables:
[2022-07-14T13:55:13.006Z]     PATH=P:\shared\Artifactory\Windows\cmake\3.20.3\afe857a\bin;C:\Python27\lib\site-packages\pywin32_system32;C:\Program Files (x86)\Microsoft Visual Studio\2017\Professional\VC\Tools\MSVC\14.16.27023\bin\HostX64\x64;C:\Program Files (x86)\Microsoft Visual Studio\2017\Professional\Common7\IDE\VC\VCPackages;C:\Program Files (x86)\Microsoft Visual Studio\2017\Professional\Common7\IDE\CommonExtensions\Microsoft\TestWindow;C:\Program Files (x86)\Microsoft Visual Studio\2017\Professional\Common7\IDE\CommonExtensions\Microsoft\TeamFoundation\Team Explorer;C:\Program Files (x86)\Microsoft Visual Studio\2017\Professional\MSBuild\15.0\bin\Roslyn;C:\Program Files (x86)\Microsoft Visual Studio\2017\Professional\Team Tools\Performance Tools\x64;C:\Program Files (x86)\Microsoft Visual Studio\2017\Professional\Team Tools\Performance Tools;C:\Program Files (x86)\Microsoft Visual Studio\Shared\Common\VSPerfCollectionTools\\x64;C:\Program Files (x86)\Microsoft Visual Studio\Shared\Common\VSPerfCollectionTools\;C:\Program Files (x86)\Microsoft SDKs\Windows\v10.0A\bin\NETFX 4.6.1 Tools\x64\;C:\Program Files (x86)\HTML Help Workshop;C:\Program Files (x86)\Windows Kits\10\bin\10.0.18362.0\x64;C:\Program Files (x86)\Windows Kits\10\bin\x64;C:\Program Files (x86)\Microsoft Visual Studio\2017\Professional\\MSBuild\15.0\bin;C:\WINDOWS\Microsoft.NET\Framework64\v4.0.30319;C:\Program Files (x86)\Microsoft Visual Studio\2017\Professional\Common7\IDE\;C:\Program Files (x86)\Microsoft Visual Studio\2017\Professional\Common7\Tools\;C:\Python27\;C:\Python27\Scripts;C:\WINDOWS\system32;C:\WINDOWS;C:\WINDOWS\System32\Wbem;C:\WINDOWS\System32\WindowsPowerShell\v1.0\;C:\WINDOWS\System32\OpenSSH\;C:\ProgramData\chocolatey\bin;C:\Program Files (x86)\WiX Toolset v3.7\bin;C:\Program Files\dotnet\;C:\Program Files (x86)\Windows Kits\10\bin\10.0.18362.0\x64;C:\Program Files\Zulu\zulu-11\bin\;C:\Program Files (x86)\Windows Kits\10\bin\10.0.17763.0\x64;C:\Program Files (x86)\Windows Kits\10\bin\x64;C:\Program Files\Git\cmd;C:\Program Files\Git\usr\bin;C:\Program Files\Git\mingw64\bin;C:\Program Files\Git\bin;C:\Python38\;C:\Python38\Scripts;C:\StoreBoxClientWindows;C:\Program Files\Electric Cloud\ElectricCommander\bin;C:\Program Files\WinRAR;C:\Program Files\7-Zip;C:\Users\Administrator\AppData\Local\Microsoft\WindowsApps;C:\Program Files (x86)\Microsoft Visual Studio\2017\Professional\Common7\IDE\CommonExtensions\Microsoft\CMake\CMake\bin;C:\Program Files (x86)\Microsoft Visual Studio\2017\Professional\Common7\IDE\CommonExtensions\Microsoft\CMake\Ninja
[2022-07-14T13:55:14.147Z]     [1/663] Building CXX object test\lib\usd\plugin\CMakeFiles\usdTestMayaPlugin.dir\plugin.cpp.obj
[2022-07-14T13:55:14.147Z]     [2/663] Building CXX object test\lib\usd\plugin\CMakeFiles\usdTestApiWriter.dir\plugin.cpp.obj
[2022-07-14T13:55:14.147Z]     [3/663] Building CXX object test\lib\usd\plugin\CMakeFiles\usdTestInfoImportChaser.dir\plugin.cpp.obj
[2022-07-14T13:55:14.479Z]     [4/663] Building CXX object test\lib\mayaUsd\utils\CMakeFiles\testSplitString.dir\main.cpp.obj
[2022-07-14T13:55:14.479Z]     [5/663] Building CXX object test\lib\usd\utils\CMakeFiles\testDiffCore.dir\main.cpp.obj
[2022-07-14T13:55:14.479Z]     [6/663] Building CXX object test\lib\usd\utils\CMakeFiles\testDiffValues.dir\main.cpp.obj
[2022-07-14T13:55:15.184Z]     [7/663] Building CXX object test\lib\usd\utils\CMakeFiles\testDiffCore.dir\test_DiffCore.cpp.obj
[2022-07-14T13:55:21.074Z]     [8/663] Building CXX object test\lib\usd\plugin\CMakeFiles\usdTestInfoImportChaser.dir\infoImportChaser.cpp.obj
[2022-07-14T13:55:21.074Z]     [9/663] Building CXX object test\lib\usd\plugin\CMakeFiles\usdTestMayaPlugin.dir\mayaShaderTranslation.cpp.obj
[2022-07-14T13:55:21.074Z]     [10/663] Building CXX object test\lib\usd\utils\CMakeFiles\testDiffValues.dir\test_DiffValues.cpp.obj
[2022-07-14T13:55:21.074Z]     [11/663] Building CXX object test\lib\usd\plugin\CMakeFiles\usdTestApiWriter.dir\nullApiExporter.cpp.obj
[2022-07-14T13:55:21.074Z]     [12/663] Building CXX object test\lib\usd\plugin\CMakeFiles\usdTestUsdPlugin.dir\mayaShaderTranslation.cpp.obj
[2022-07-14T13:55:21.408Z]     [13/663] Building CXX object test\lib\usd\utils\CMakeFiles\testDiffValues.dir\test_DiffValuesGeneric.cpp.obj
[2022-07-14T13:55:21.740Z]     [14/663] Building CXX object test\lib\usd\plugin\CMakeFiles\usdTestApiWriter.dir\bulletAdaptor.cpp.obj
[2022-07-14T13:55:21.740Z]     [15/663] Building CXX object test\lib\usd\utils\CMakeFiles\testDiffValues.dir\test_DiffValuesMatrices.cpp.obj
[2022-07-14T13:55:21.740Z]     [16/663] Building CXX object test\lib\usd\utils\CMakeFiles\testDiffPrims.dir\test_DiffPrimsAttributes.cpp.obj
[2022-07-14T13:55:22.073Z]     [17/663] Building CXX object test\lib\usd\utils\CMakeFiles\testDiffValues.dir\test_DiffValuesQuaternions.cpp.obj
[2022-07-14T13:55:22.406Z]     [18/663] Building CXX object test\lib\usd\utils\CMakeFiles\testDiffValues.dir\test_DiffValuesArrays.cpp.obj
[2022-07-14T13:55:22.739Z]     [19/663] Building CXX object test\lib\usd\utils\CMakeFiles\testDiffValues.dir\test_DiffValuesFloatVecs.cpp.obj
[2022-07-14T13:55:23.073Z]     [20/663] Building CXX object test\lib\usd\utils\CMakeFiles\testDiffValues.dir\test_DiffValuesDoubleVecs.cpp.obj
[2022-07-14T13:55:23.405Z]     [21/663] Building CXX object test\lib\usd\utils\CMakeFiles\testDiffPrims.dir\main.cpp.obj
[2022-07-14T13:55:23.405Z]     [22/663] Building CXX object test\lib\usd\utils\CMakeFiles\testDiffValues.dir\test_DiffValuesHalfVecs.cpp.obj
[2022-07-14T13:55:23.405Z]     [23/663] Building CXX object lib\mayaUsd\CMakeFiles\mayaUsd.dir\base\debugCodes.cpp.obj
[2022-07-14T13:55:23.405Z]     [24/663] Building CXX object test\lib\usd\utils\CMakeFiles\testDiffAttributes.dir\main.cpp.obj
[2022-07-14T13:55:23.405Z]     [25/663] Building CXX object test\lib\usd\utils\CMakeFiles\testDiffLists.dir\main.cpp.obj
[2022-07-14T13:55:23.845Z]     [26/663] Building CXX object lib\mayaUsd\CMakeFiles\mayaUsd.dir\base\tokens.cpp.obj
[2022-07-14T13:55:23.845Z]     [27/663] Building CXX object test\lib\usd\utils\CMakeFiles\testDiffRelationships.dir\main.cpp.obj
[2022-07-14T13:55:24.178Z]     [28/663] Building CXX object test\lib\usd\utils\CMakeFiles\testDiffDictionaries.dir\main.cpp.obj
[2022-07-14T13:55:24.178Z]     [29/663] Building CXX object test\lib\usd\utils\CMakeFiles\testDiffMetadatas.dir\main.cpp.obj
[2022-07-14T13:55:24.510Z]     [30/663] Building CXX object test\lib\usd\utils\CMakeFiles\testDiffComputeOverall.dir\main.cpp.obj
[2022-07-14T13:55:24.510Z]     [31/663] Building CXX object test\lib\usd\utils\CMakeFiles\testDiffPrims.dir\test_DiffPrimsRelations.cpp.obj
[2022-07-14T13:55:24.841Z]     [32/663] Building CXX object test\lib\usd\utils\CMakeFiles\testMergePrims.dir\main.cpp.obj
[2022-07-14T13:55:25.547Z]     [33/663] Building CXX object test\lib\mayaUsd\utils\CMakeFiles\testSplitString.dir\testSplitString.cpp.obj
[2022-07-14T13:55:29.306Z]     [34/663] Building CXX object test\lib\usd\utils\CMakeFiles\testDiffPrims.dir\test_DiffPrimsChildren.cpp.obj
[2022-07-14T13:55:29.306Z]     [35/663] Building CXX object test\lib\usd\utils\CMakeFiles\testDiffPrims.dir\test_DiffPrims.cpp.obj
[2022-07-14T13:55:29.306Z]     [36/663] Building CXX object test\lib\usd\utils\CMakeFiles\testDiffAttributes.dir\test_DiffAttributes.cpp.obj
[2022-07-14T13:55:29.644Z]     [37/663] Building CXX object test\lib\usd\utils\CMakeFiles\testDiffValues.dir\test_DiffValuesIntVecs.cpp.obj
[2022-07-14T13:55:30.350Z]     [38/663] Building CXX object test\lib\usd\utils\CMakeFiles\testDiffRelationships.dir\test_DiffRelationships.cpp.obj
[2022-07-14T13:55:30.350Z]     [39/663] Building CXX object test\lib\usd\utils\CMakeFiles\testDiffDictionaries.dir\test_DiffDictionaries.cpp.obj
[2022-07-14T13:55:30.683Z]     [40/663] Building CXX object test\lib\usd\utils\CMakeFiles\testDiffMetadatas.dir\test_DiffMetadatas.cpp.obj
[2022-07-14T13:55:30.683Z]     [41/663] Building CXX object lib\mayaUsd\CMakeFiles\mayaUsd.dir\commands\layerEditorWindowCommand.cpp.obj
[2022-07-14T13:55:31.021Z]     [42/663] Building CXX object test\lib\usd\utils\CMakeFiles\testDiffComputeOverall.dir\test_DiffComputeOverall.cpp.obj
[2022-07-14T13:55:31.021Z]     [43/663] Building CXX object test\lib\usd\utils\CMakeFiles\testDiffLists.dir\test_DiffLists.cpp.obj
[2022-07-14T13:55:32.162Z]     [44/663] Building CXX object lib\mayaUsd\CMakeFiles\mayaUsd.dir\commands\editTargetCommand.cpp.obj
[2022-07-14T13:55:32.494Z]     [45/663] Building CXX object test\lib\usd\utils\CMakeFiles\testMergePrims.dir\test_MergePrims.cpp.obj
[2022-07-14T13:55:32.826Z]     [46/663] Building CXX object lib\mayaUsd\CMakeFiles\mayaUsd.dir\commands\baseListJobContextsCommand.cpp.obj
[2022-07-14T13:55:33.157Z]     [47/663] Building CXX object lib\mayaUsd\CMakeFiles\mayaUsd.dir\commands\baseListShadingModesCommand.cpp.obj
[2022-07-14T13:55:33.489Z]     [48/663] Building CXX object lib\mayaUsd\CMakeFiles\mayaUsd.dir\commands\baseExportCommand.cpp.obj
[2022-07-14T13:55:34.630Z]     [49/663] Building CXX object lib\mayaUsd\CMakeFiles\mayaUsd.dir\commands\baseImportCommand.cpp.obj
[2022-07-14T13:55:35.774Z]     [50/663] Building CXX object lib\mayaUsd\CMakeFiles\mayaUsd.dir\commands\layerEditorCommand.cpp.obj
[2022-07-14T13:55:36.481Z]     [51/663] Building CXX object lib\mayaUsd\CMakeFiles\mayaUsd.dir\fileio\jobContextRegistry.cpp.obj
[2022-07-14T13:55:36.481Z]     [52/663] Building CXX object lib\mayaUsd\CMakeFiles\mayaUsd.dir\fileio\functorPrimReader.cpp.obj
[2022-07-14T13:55:36.481Z]     [53/663] Building CXX object lib\mayaUsd\CMakeFiles\mayaUsd.dir\fileio\fallbackPrimReader.cpp.obj
[2022-07-14T13:55:36.812Z]     [54/663] Building CXX object lib\mayaUsd\CMakeFiles\mayaUsd.dir\fileio\instancedNodeWriter.cpp.obj
[2022-07-14T13:55:37.951Z]     [55/663] Building CXX object lib\mayaUsd\CMakeFiles\mayaUsd.dir\fileio\importData.cpp.obj
[2022-07-14T13:55:37.951Z]     [56/663] Building CXX object lib\mayaUsd\CMakeFiles\mayaUsd.dir\fileio\primReaderContext.cpp.obj
[2022-07-14T13:55:38.656Z]     [57/663] Building CXX object lib\mayaUsd\CMakeFiles\mayaUsd.dir\fileio\primReaderRegistry.cpp.obj
[2022-07-14T13:55:38.656Z]     [58/663] Building CXX object lib\mayaUsd\CMakeFiles\mayaUsd.dir\fileio\functorPrimWriter.cpp.obj
[2022-07-14T13:55:38.656Z]     [59/663] Building CXX object lib\mayaUsd\CMakeFiles\mayaUsd.dir\fileio\primWriterContext.cpp.obj
[2022-07-14T13:55:38.656Z]     [60/663] Building CXX object lib\mayaUsd\CMakeFiles\mayaUsd.dir\fileio\primReaderArgs.cpp.obj
[2022-07-14T13:55:38.656Z]     [61/663] Building CXX object lib\mayaUsd\CMakeFiles\mayaUsd.dir\fileio\primReader.cpp.obj
[2022-07-14T13:55:40.898Z]     [62/663] Building CXX object lib\mayaUsd\CMakeFiles\mayaUsd.dir\fileio\registryHelper.cpp.obj
[2022-07-14T13:55:40.898Z]     [63/663] Building CXX object lib\mayaUsd\CMakeFiles\mayaUsd.dir\fileio\schemaApiAdaptor.cpp.obj
[2022-07-14T13:55:41.231Z]     [64/663] Building CXX object lib\mayaUsd\CMakeFiles\mayaUsd.dir\fileio\primWriterRegistry.cpp.obj
[2022-07-14T13:55:41.231Z]     [65/663] Building CXX object lib\mayaUsd\CMakeFiles\mayaUsd.dir\fileio\primWriter.cpp.obj
[2022-07-14T13:55:42.375Z]     [66/663] Building CXX object lib\mayaUsd\CMakeFiles\mayaUsd.dir\fileio\chaser\exportChaser.cpp.obj
[2022-07-14T13:55:42.375Z]     [67/663] Building CXX object lib\mayaUsd\CMakeFiles\mayaUsd.dir\fileio\primWriterArgs.cpp.obj
[2022-07-14T13:55:43.515Z]     [68/663] Building CXX object lib\mayaUsd\CMakeFiles\mayaUsd.dir\fileio\shaderReader.cpp.obj
[2022-07-14T13:55:43.515Z]     [69/663] Building CXX object lib\mayaUsd\CMakeFiles\mayaUsd.dir\fileio\schemaApiAdaptorRegistry.cpp.obj
[2022-07-14T13:55:43.846Z]     [70/663] Building CXX object lib\mayaUsd\CMakeFiles\mayaUsd.dir\fileio\shaderReaderRegistry.cpp.obj
[2022-07-14T13:55:46.086Z]     [71/663] Building CXX object lib\mayaUsd\CMakeFiles\mayaUsd.dir\fileio\translators\translatorLight.cpp.obj
[2022-07-14T13:55:46.086Z]     [72/663] Building CXX object lib\mayaUsd\CMakeFiles\mayaUsd.dir\fileio\shaderWriter.cpp.obj
[2022-07-14T13:55:46.793Z]     [73/663] Building CXX object lib\mayaUsd\CMakeFiles\mayaUsd.dir\fileio\translators\skelBindingsProcessor.cpp.obj
[2022-07-14T13:55:47.125Z]     [74/663] Building CXX object lib\mayaUsd\CMakeFiles\mayaUsd.dir\fileio\translators\translatorGprim.cpp.obj
[2022-07-14T13:55:47.125Z]     [75/663] Building CXX object lib\mayaUsd\CMakeFiles\mayaUsd.dir\fileio\shading\symmetricShaderWriter.cpp.obj
[2022-07-14T13:55:47.458Z]     [76/663] Building CXX object lib\mayaUsd\CMakeFiles\mayaUsd.dir\fileio\translators\translatorCamera.cpp.obj
[2022-07-14T13:55:47.458Z]     [77/663] Building CXX object lib\mayaUsd\CMakeFiles\mayaUsd.dir\fileio\translators\translatorCurves.cpp.obj
[2022-07-14T13:55:47.790Z]     [78/663] Building CXX object lib\mayaUsd\CMakeFiles\mayaUsd.dir\fileio\writeJobContext.cpp.obj
[2022-07-14T13:55:48.125Z]     [79/663] Building CXX object lib\mayaUsd\CMakeFiles\mayaUsd.dir\fileio\chaser\exportChaserRegistry.cpp.obj
[2022-07-14T13:55:49.275Z]     [80/663] Building CXX object lib\mayaUsd\CMakeFiles\mayaUsd.dir\fileio\shaderWriterRegistry.cpp.obj
[2022-07-14T13:55:49.275Z]     [81/663] Building CXX object lib\mayaUsd\CMakeFiles\mayaUsd.dir\fileio\transformWriter.cpp.obj
[2022-07-14T13:55:49.275Z]     [82/663] Building CXX object lib\mayaUsd\CMakeFiles\mayaUsd.dir\fileio\chaser\importChaserRegistry.cpp.obj
[2022-07-14T13:55:51.635Z]     [83/663] Building CXX object lib\mayaUsd\CMakeFiles\mayaUsd.dir\fileio\chaser\importChaser.cpp.obj
[2022-07-14T13:55:52.341Z]     [84/663] Building CXX object lib\mayaUsd\CMakeFiles\mayaUsd.dir\fileio\jobs\meshDataReadJob.cpp.obj
[2022-07-14T13:55:53.048Z]     [85/663] Building CXX object lib\mayaUsd\CMakeFiles\mayaUsd.dir\fileio\jobs\modelKindProcessor.cpp.obj
[2022-07-14T13:55:53.756Z]     [86/663] Building CXX object lib\mayaUsd\CMakeFiles\mayaUsd.dir\fileio\jobs\jobArgs.cpp.obj
[2022-07-14T13:55:54.088Z]     [87/663] Building CXX object lib\mayaUsd\CMakeFiles\mayaUsd.dir\render\pxrUsdMayaGL\softSelectHelper.cpp.obj
[2022-07-14T13:55:54.420Z]     [88/663] Building CXX object lib\mayaUsd\CMakeFiles\mayaUsd.dir\render\pxrUsdMayaGL\userData.cpp.obj
[2022-07-14T13:55:55.568Z]     [89/663] Building CXX object lib\mayaUsd\CMakeFiles\mayaUsd.dir\fileio\shading\shadingModeImporter.cpp.obj
[2022-07-14T13:55:55.899Z]     [90/663] Building CXX object lib\mayaUsd\CMakeFiles\mayaUsd.dir\fileio\shading\symmetricShaderReader.cpp.obj
[2022-07-14T13:55:57.041Z]     [91/663] Building CXX object lib\mayaUsd\CMakeFiles\mayaUsd.dir\fileio\shading\shadingModeDisplayColor.cpp.obj
[2022-07-14T13:55:57.373Z]     [92/663] Building CXX object lib\mayaUsd\CMakeFiles\mayaUsd.dir\fileio\shading\shadingModeExporter.cpp.obj
[2022-07-14T13:55:58.079Z]     [93/663] Building CXX object lib\mayaUsd\CMakeFiles\mayaUsd.dir\fileio\jobs\readJob.cpp.obj
[2022-07-14T13:55:58.079Z]     [94/663] Building CXX object lib\mayaUsd\CMakeFiles\mayaUsd.dir\fileio\shading\shadingModeUseRegistry.cpp.obj
[2022-07-14T13:55:58.412Z]     [95/663] Building CXX object lib\mayaUsd\CMakeFiles\mayaUsd.dir\render\pxrUsdMayaGL\sceneDelegate.cpp.obj
[2022-07-14T13:55:58.412Z]     [96/663] Building CXX object lib\mayaUsd\CMakeFiles\mayaUsd.dir\fileio\shading\shadingModeExporterContext.cpp.obj
[2022-07-14T13:55:58.412Z]     [97/663] Building CXX object lib\mayaUsd\CMakeFiles\mayaUsd.dir\fileio\shading\shadingModeRegistry.cpp.obj
[2022-07-14T13:55:58.744Z]     [98/663] Building CXX object lib\mayaUsd\CMakeFiles\mayaUsd.dir\fileio\jobs\writeJob.cpp.obj
[2022-07-14T13:55:59.884Z]     [99/663] Building CXX object lib\mayaUsd\CMakeFiles\mayaUsd.dir\fileio\shading\shadingModePxrRis.cpp.obj
[2022-07-14T13:56:01.530Z]     [100/663] Building CXX object lib\mayaUsd\CMakeFiles\mayaUsd.dir\render\pxrUsdMayaGL\usdProxyShapeAdapter.cpp.obj
[2022-07-14T13:56:01.530Z]     [101/663] Building CXX object lib\mayaUsd\CMakeFiles\mayaUsd.dir\render\pxrUsdMayaGL\shapeAdapter.cpp.obj
[2022-07-14T13:56:04.545Z]     [102/663] Building CXX object lib\mayaUsd\CMakeFiles\mayaUsd.dir\fileio\translators\translatorNurbsPatch.cpp.obj
[2022-07-14T13:56:05.252Z]     [103/663] Building CXX object lib\mayaUsd\CMakeFiles\mayaUsd.dir\fileio\translators\translatorPrim.cpp.obj
[2022-07-14T13:56:05.252Z]     [104/663] Building CXX object lib\mayaUsd\CMakeFiles\mayaUsd.dir\fileio\translators\translatorXformable_decompose.cpp.obj
[2022-07-14T13:56:05.583Z]     [105/663] Building CXX object lib\mayaUsd\CMakeFiles\mayaUsd.dir\fileio\translators\translatorMayaReference.cpp.obj
[2022-07-14T13:56:05.583Z]     [106/663] Building CXX object lib\mayaUsd\CMakeFiles\mayaUsd.dir\fileio\translators\translatorUtil.cpp.obj
[2022-07-14T13:56:06.296Z]     [107/663] Building CXX object lib\mayaUsd\CMakeFiles\mayaUsd.dir\fileio\translators\translatorMaterial.cpp.obj
[2022-07-14T13:56:06.296Z]     [108/663] Building CXX object lib\mayaUsd\CMakeFiles\mayaUsd.dir\fileio\translators\translatorXformable.cpp.obj
[2022-07-14T13:56:06.647Z]     [109/663] Building CXX object lib\mayaUsd\CMakeFiles\mayaUsd.dir\fileio\translators\translatorSkel.cpp.obj
[2022-07-14T13:56:06.989Z]     [110/663] Building CXX object lib\mayaUsd\CMakeFiles\mayaUsd.dir\fileio\translators\translatorMesh.cpp.obj
[2022-07-14T13:56:06.989Z]     [111/663] Building CXX object lib\mayaUsd\CMakeFiles\mayaUsd.dir\fileio\translators\translatorRfMLight.cpp.obj
[2022-07-14T13:56:07.325Z]     [112/663] Building CXX object lib\mayaUsd\CMakeFiles\mayaUsd.dir\fileio\utils\meshWriteUtils.cpp.obj
[2022-07-14T13:56:07.658Z]     [113/663] Building CXX object lib\mayaUsd\CMakeFiles\mayaUsd.dir\render\vp2RenderDelegate\basisCurves.cpp.obj
[2022-07-14T13:56:07.991Z]     [114/663] Building CXX object lib\mayaUsd\CMakeFiles\mayaUsd.dir\fileio\utils\adaptor.cpp.obj
[2022-07-14T13:56:09.639Z]     [115/663] Building CXX object lib\mayaUsd\CMakeFiles\mayaUsd.dir\fileio\utils\meshReadUtils.cpp.obj
[2022-07-14T13:56:10.351Z]     [116/663] Building CXX object lib\mayaUsd\CMakeFiles\mayaUsd.dir\listeners\notice.cpp.obj
[2022-07-14T13:56:10.351Z]     [117/663] Building CXX object lib\mayaUsd\CMakeFiles\mayaUsd.dir\fileio\utils\roundTripUtil.cpp.obj
[2022-07-14T13:56:11.499Z]     [118/663] Building CXX object lib\mayaUsd\CMakeFiles\mayaUsd.dir\fileio\utils\readUtil.cpp.obj
[2022-07-14T13:56:13.746Z]     [119/663] Building CXX object lib\mayaUsd\CMakeFiles\mayaUsd.dir\nodes\proxyShapeLoadRules.cpp.obj
[2022-07-14T13:56:13.746Z]     [120/663] Building CXX object lib\mayaUsd\CMakeFiles\mayaUsd.dir\listeners\proxyShapeNotice.cpp.obj
[2022-07-14T13:56:14.464Z]     [121/663] Building CXX object lib\mayaUsd\CMakeFiles\mayaUsd.dir\fileio\utils\userTaggedAttribute.cpp.obj
[2022-07-14T13:56:14.464Z]     [122/663] Building CXX object lib\mayaUsd\CMakeFiles\mayaUsd.dir\listeners\stageNoticeListener.cpp.obj
[2022-07-14T13:56:14.464Z]     [123/663] Building CXX object lib\mayaUsd\CMakeFiles\mayaUsd.dir\fileio\utils\jointWriteUtils.cpp.obj
[2022-07-14T13:56:14.800Z]     [124/663] Building CXX object lib\mayaUsd\CMakeFiles\mayaUsd.dir\nodes\pointBasedDeformerNode.cpp.obj
[2022-07-14T13:56:14.800Z]     [125/663] Building CXX object lib\mayaUsd\CMakeFiles\mayaUsd.dir\nodes\proxyAccessor.cpp.obj
[2022-07-14T13:56:14.800Z]     [126/663] Building CXX object lib\mayaUsd\CMakeFiles\mayaUsd.dir\fileio\utils\xformStack.cpp.obj
[2022-07-14T13:56:15.135Z]     [127/663] Building CXX object lib\mayaUsd\CMakeFiles\mayaUsd.dir\nodes\hdImagingShape.cpp.obj
[2022-07-14T13:56:15.529Z]     [128/663] Building CXX object lib\mayaUsd\CMakeFiles\mayaUsd.dir\render\px_vp20\glslProgram.cpp.obj
[2022-07-14T13:56:15.875Z]     [129/663] Building CXX object lib\mayaUsd\CMakeFiles\mayaUsd.dir\fileio\utils\shadingUtil.cpp.obj
[2022-07-14T13:56:15.875Z]     [130/663] Building CXX object lib\mayaUsd\CMakeFiles\mayaUsd.dir\render\pxrUsdMayaGL\debugCodes.cpp.obj
[2022-07-14T13:56:17.554Z]     [131/663] Building CXX object lib\mayaUsd\CMakeFiles\mayaUsd.dir\nodes\stageData.cpp.obj
[2022-07-14T13:56:17.554Z]     [132/663] Building CXX object lib\mayaUsd\CMakeFiles\mayaUsd.dir\fileio\utils\writeUtil.cpp.obj
[2022-07-14T13:56:17.554Z]     [133/663] Building CXX object lib\mayaUsd\CMakeFiles\mayaUsd.dir\nodes\proxyShapeBase.cpp.obj
[2022-07-14T13:56:17.891Z]     [134/663] Building CXX object lib\mayaUsd\CMakeFiles\mayaUsd.dir\nodes\usdPrimProvider.cpp.obj
[2022-07-14T13:56:18.224Z]     [135/663] Building CXX object lib\mayaUsd\CMakeFiles\mayaUsd.dir\python\moduleDeps.cpp.obj
[2022-07-14T13:56:18.936Z]     [136/663] Building CXX object lib\mayaUsd\CMakeFiles\mayaUsd.dir\render\px_vp20\utils_legacy.cpp.obj
[2022-07-14T13:56:18.936Z]     [137/663] Building CXX object lib\mayaUsd\CMakeFiles\mayaUsd.dir\nodes\stageNode.cpp.obj
[2022-07-14T13:56:18.936Z]     [138/663] Building CXX object lib\usd\schemas\CMakeFiles\_schemas.dir\module.cpp.obj
[2022-07-14T13:56:19.272Z]     [139/663] Building CXX object lib\usd\schemas\CMakeFiles\mayaUsd_Schemas.dir\tokens.cpp.obj
[2022-07-14T13:56:19.604Z]     [140/663] Building CXX object lib\mayaUsd\CMakeFiles\mayaUsd.dir\render\px_vp20\utils.cpp.obj
[2022-07-14T13:56:21.255Z]     [141/663] Building CXX object lib\usd\schemas\CMakeFiles\mayaUsd_Schemas.dir\ModuleDeps.cpp.obj
[2022-07-14T13:56:21.961Z]     [142/663] Building CXX object lib\usd\hdMaya\CMakeFiles\hdMaya.dir\adapters\mayaAttrs.cpp.obj
[2022-07-14T13:56:23.609Z]     [143/663] Building CXX object lib\mayaUsd\CMakeFiles\mayaUsd.dir\render\pxrUsdMayaGL\proxyShapeDelegate.cpp.obj
[2022-07-14T13:56:23.944Z]     [144/663] Building CXX object lib\mayaUsd\CMakeFiles\mayaUsd.dir\nodes\layerManager.cpp.obj
[2022-07-14T13:56:24.667Z]     [145/663] Building CXX object lib\usd\schemas\CMakeFiles\mayaUsd_Schemas.dir\MayaReference.cpp.obj
[2022-07-14T13:56:24.667Z]     [146/663] Building CXX object lib\mayaUsd\CMakeFiles\mayaUsd.dir\render\pxrUsdMayaGL\hdImagingShapeUI.cpp.obj
[2022-07-14T13:56:25.008Z]     [147/663] Building CXX object lib\usd\hdMaya\CMakeFiles\hdMaya.dir\delegates\delegateDebugCodes.cpp.obj
[2022-07-14T13:56:25.715Z]     [148/663] Building CXX object lib\mayaUsd\CMakeFiles\mayaUsd.dir\render\pxrUsdMayaGL\proxyDrawOverride.cpp.obj
[2022-07-14T13:56:25.715Z]     [149/663] Building CXX object lib\usd\hdMaya\CMakeFiles\hdMaya.dir\adapters\pointLightAdapter.cpp.obj
[2022-07-14T13:56:26.049Z]     [150/663] Building CXX object lib\usd\hdMaya\CMakeFiles\hdMaya.dir\adapters\nurbsCurveAdapter.cpp.obj
[2022-07-14T13:56:26.049Z]     [151/663] Building CXX object lib\mayaUsd\CMakeFiles\mayaUsd.dir\nodes\proxyShapePlugin.cpp.obj
[2022-07-14T13:56:26.390Z]     [152/663] Building CXX object lib\mayaUsd\CMakeFiles\mayaUsd.dir\render\pxrUsdMayaGL\instancerImager.cpp.obj
[2022-07-14T13:56:26.390Z]     [153/663] Building CXX object lib\usd\hdMaya\CMakeFiles\hdMaya.dir\adapters\tokens.cpp.obj
[2022-07-14T13:56:26.390Z]     [154/663] Building CXX object lib\usd\schemas\CMakeFiles\mayaUsd_Schemas.dir\ALMayaReference.cpp.obj
[2022-07-14T13:56:26.390Z]     [155/663] Building CXX object lib\mayaUsd\CMakeFiles\mayaUsd.dir\render\pxrUsdMayaGL\hdImagingShapeDrawOverride.cpp.obj
[2022-07-14T13:56:26.725Z]     [156/663] Building CXX object lib\mayaUsd\CMakeFiles\mayaUsd.dir\render\pxrUsdMayaGL\batchRenderer.cpp.obj
[2022-07-14T13:56:27.057Z]     [157/663] Linking CXX shared library lib\usd\schemas\mayaUsd_Schemas.dll
[2022-07-14T13:56:27.392Z]     [158/663] Building CXX object lib\usd\pxrUsdPreviewSurface\CMakeFiles\basePxrUsdPreviewSurface.dir\cpvColor.cpp.obj
[2022-07-14T13:56:29.046Z]     [159/663] Building CXX object lib\mayaUsd\CMakeFiles\mayaUsd.dir\render\pxrUsdMayaGL\proxyShapeUI.cpp.obj
[2022-07-14T13:56:29.046Z]     [160/663] Building CXX object lib\mayaUsd\CMakeFiles\mayaUsd.dir\render\pxrUsdMayaGL\instancerShapeAdapter.cpp.obj
[2022-07-14T13:56:29.754Z]     [161/663] Building CXX object lib\usd\pxrUsdPreviewSurface\CMakeFiles\basePxrUsdPreviewSurface.dir\usdPreviewSurface.cpp.obj
[2022-07-14T13:56:30.896Z]     [162/663] Building CXX object lib\usd\pxrUsdPreviewSurface\CMakeFiles\basePxrUsdPreviewSurface.dir\usdPreviewSurfaceShadingNodeOverride.cpp.obj
[2022-07-14T13:56:30.896Z]     [163/663] Building CXX object lib\usd\hdMaya\CMakeFiles\hdMaya.dir\adapters\materialNetworkConverter.cpp.obj
[2022-07-14T13:56:30.896Z]     [164/663] Building CXX object lib\usd\hdMaya\CMakeFiles\hdMaya.dir\adapters\meshAdapter.cpp.obj
[2022-07-14T13:56:31.604Z]     [165/663] Building CXX object lib\usd\hdMaya\CMakeFiles\hdMaya.dir\adapters\materialAdapter.cpp.obj
[2022-07-14T13:56:31.604Z]     [166/663] Building CXX object lib\usd\hdMaya\CMakeFiles\hdMaya.dir\adapters\spotLightAdapter.cpp.obj
[2022-07-14T13:56:32.313Z]     [167/663] Building CXX object lib\usd\hdMaya\CMakeFiles\hdMaya.dir\delegates\delegate.cpp.obj
[2022-07-14T13:56:32.649Z]     [168/663] Building CXX object lib\usd\hdMaya\CMakeFiles\hdMaya.dir\adapters\shapeAdapter.cpp.obj
[2022-07-14T13:56:33.842Z]     [169/663] Building CXX object lib\usd\hdMaya\CMakeFiles\hdMaya.dir\delegates\delegateRegistry.cpp.obj
[2022-07-14T13:56:34.548Z]     [170/663] Building CXX object lib\usd\hdMaya\CMakeFiles\hdMaya.dir\delegates\delegateCtx.cpp.obj
[2022-07-14T13:56:35.691Z]     [171/663] Building CXX object lib\usd\hdMaya\CMakeFiles\hdMaya.dir\delegates\sceneDelegate.cpp.obj
[2022-07-14T13:56:36.022Z]     [172/663] Building CXX object lib\usd\hdMaya\CMakeFiles\hdMaya.dir\delegates\proxyUsdImagingDelegate.cpp.obj
[2022-07-14T13:56:37.162Z]     [173/663] Building CXX object lib\usd\pxrUsdPreviewSurface\CMakeFiles\basePxrUsdPreviewSurface.dir\usdPreviewSurfaceReader.cpp.obj
[2022-07-14T13:56:37.162Z]     [174/663] Building CXX object lib\usd\pxrUsdPreviewSurface\CMakeFiles\basePxrUsdPreviewSurface.dir\usdPreviewSurfacePlugin.cpp.obj
[2022-07-14T13:56:37.162Z]     [175/663] Building CXX object lib\usd\hdMaya\CMakeFiles\hdMaya.dir\delegates\testDelegate.cpp.obj
[2022-07-14T13:56:37.495Z]     [176/663] Building CXX object lib\usd\pxrUsdPreviewSurface\CMakeFiles\basePxrUsdPreviewSurface.dir\usdPreviewSurfaceWriter.cpp.obj
[2022-07-14T13:56:38.638Z]     [177/663] Building CXX object lib\usd\hdMaya\CMakeFiles\hdMaya.dir\delegates\proxyDelegate.cpp.obj
[2022-07-14T13:56:38.638Z]     [178/663] Building CXX object lib\usd\translators\CMakeFiles\mayaUsd_Translators.dir\cameraReader.cpp.obj
[2022-07-14T13:56:38.972Z]     [179/663] Building CXX object lib\usd\translators\CMakeFiles\mayaUsd_Translators.dir\lightReader.cpp.obj
[2022-07-14T13:56:38.972Z]     [180/663] Building CXX object lib\usd\translators\CMakeFiles\mayaUsd_Translators.dir\lightWriter.cpp.obj
[2022-07-14T13:56:39.303Z]     [181/663] Building CXX object lib\usd\translators\CMakeFiles\mayaUsd_Translators.dir\instancerWriter.cpp.obj
[2022-07-14T13:56:39.636Z]     [182/663] Building CXX object lib\usd\translators\CMakeFiles\mayaUsd_Translators.dir\cameraWriter.cpp.obj
[2022-07-14T13:56:39.968Z]     [183/663] Building CXX object lib\usd\translators\CMakeFiles\mayaUsd_Translators.dir\lightRfMReader.cpp.obj
[2022-07-14T13:56:41.623Z]     [184/663] Building CXX object lib\usd\translators\CMakeFiles\mayaUsd_Translators.dir\lightRfMWriter.cpp.obj
[2022-07-14T13:56:41.955Z]     [185/663] Building CXX object lib\usd\translators\CMakeFiles\mayaUsd_Translators.dir\jointWriter.cpp.obj
[2022-07-14T13:56:42.288Z]     [186/663] Building CXX object lib\usd\translators\CMakeFiles\mayaUsd_Translators.dir\plugin.cpp.obj
[2022-07-14T13:56:43.011Z]     [187/663] Building CXX object lib\usd\translators\CMakeFiles\mayaUsd_Translators.dir\locatorWriter.cpp.obj
[2022-07-14T13:56:44.166Z]     [188/663] Building CXX object lib\usd\translators\CMakeFiles\mayaUsd_Translators.dir\shading\shadingTokens.cpp.obj
[2022-07-14T13:56:44.500Z]     [189/663] Building CXX object lib\usd\translators\CMakeFiles\mayaUsd_Translators.dir\meshWriter.cpp.obj
[2022-07-14T13:56:44.500Z]     [190/663] Building CXX object lib\usd\translators\CMakeFiles\mayaUsd_Translators.dir\materialReader.cpp.obj
[2022-07-14T13:56:45.207Z]     [191/663] Building CXX object lib\usd\translators\CMakeFiles\mayaUsd_Translators.dir\nurbsCurvesReader.cpp.obj
[2022-07-14T13:56:45.915Z]     [192/663] Building CXX object lib\usd\translators\CMakeFiles\mayaUsd_Translators.dir\mayaReferenceReader.cpp.obj
[2022-07-14T13:56:45.915Z]     [193/663] Building CXX object lib\usd\translators\CMakeFiles\mayaUsd_Translators.dir\meshReader.cpp.obj
[2022-07-14T13:56:46.248Z]     [194/663] Building CXX object lib\usd\translators\CMakeFiles\mayaUsd_Translators.dir\nurbsPatchReader.cpp.obj
[2022-07-14T13:56:46.581Z]     [195/663] Building CXX object lib\usd\translators\CMakeFiles\mayaUsd_Translators.dir\nurbsCurveWriter.cpp.obj
[2022-07-14T13:56:46.581Z]     [196/663] Building CXX object lib\usd\translators\CMakeFiles\mayaUsd_Translators.dir\xformReader.cpp.obj
[2022-07-14T13:56:46.581Z]     [197/663] Building CXX object lib\usd\translators\CMakeFiles\mayaUsd_Translators.dir\strokeWriter.cpp.obj
[2022-07-14T13:56:47.297Z]     [198/663] Building CXX object lib\usd\translators\CMakeFiles\mayaUsd_Translators.dir\skelReader.cpp.obj
[2022-07-14T13:56:48.034Z]     [199/663] Building CXX object lib\usd\translators\CMakeFiles\mayaUsd_Translators.dir\particleWriter.cpp.obj
[2022-07-14T13:56:48.387Z]     [200/663] Building CXX object lib\usd\translators\CMakeFiles\mayaUsd_Translators.dir\nurbsSurfaceWriter.cpp.obj
[2022-07-14T13:56:50.112Z]     [201/663] Building CXX object lib\usd\translators\CMakeFiles\mayaUsd_Translators.dir\scopeReader.cpp.obj
[2022-07-14T13:56:50.445Z]     [202/663] Building CXX object lib\usd\translators\CMakeFiles\mayaUsd_Translators.dir\meshWriter_BlendShapes.cpp.obj
[2022-07-14T13:56:52.117Z]     [203/663] Building CXX object lib\usd\translators\CMakeFiles\mayaUsd_Translators.dir\shading\usdDisplacementShaderWriter.cpp.obj
[2022-07-14T13:56:53.311Z]     [204/663] Building CXX object lib\usd\translators\CMakeFiles\mayaUsd_Translators.dir\shading\usdBlinnWriter.cpp.obj
[2022-07-14T13:56:54.452Z]     [205/663] Building CXX object lib\usd\translators\CMakeFiles\mayaUsd_Translators.dir\shading\usdLambertWriter.cpp.obj
[2022-07-14T13:56:54.452Z]     [206/663] Building CXX object lib\usd\translators\CMakeFiles\mayaUsd_Translators.dir\shading\usdPhongEWriter.cpp.obj
[2022-07-14T13:56:54.452Z]     [207/663] Building CXX object lib\usd\translators\CMakeFiles\mayaUsd_Translators.dir\shading\usdBlinnReader.cpp.obj
[2022-07-14T13:56:54.452Z]     [208/663] Building CXX object test\lib\mayaUsd\utils\CMakeFiles\testLoadRules.dir\main.cpp.obj
[2022-07-14T13:56:54.452Z]     [209/663] Building CXX object lib\usd\translators\CMakeFiles\mayaUsd_Translators.dir\shading\usdLambertReader.cpp.obj
[2022-07-14T13:56:54.452Z]     [210/663] Building CXX object lib\usd\translators\CMakeFiles\mayaUsd_Translators.dir\shading\usdPhongReader.cpp.obj
[2022-07-14T13:56:54.452Z]     [211/663] Building CXX object lib\usd\translators\CMakeFiles\mayaUsd_Translators.dir\shading\usdPhongWriter.cpp.obj
[2022-07-14T13:56:54.785Z]     [212/663] Building CXX object lib\usd\translators\CMakeFiles\mayaUsd_Translators.dir\shading\usdMaterialWriter.cpp.obj
[2022-07-14T13:56:54.785Z]     [213/663] Building CXX object lib\usd\translators\CMakeFiles\mayaUsd_Translators.dir\shading\usdFileTextureWriter.cpp.obj
[2022-07-14T13:56:54.785Z]     [214/663] Building CXX object lib\usd\utils\CMakeFiles\mayaUsdUtils.dir\DiffCore.cpp.obj
[2022-07-14T13:56:55.118Z]     [215/663] Building CXX object lib\usd\translators\CMakeFiles\mayaUsd_Translators.dir\shading\usdReflectWriter.cpp.obj
[2022-07-14T13:56:55.450Z]     [216/663] Building CXX object lib\usd\translators\CMakeFiles\mayaUsd_Translators.dir\shading\usdStandardSurfaceReader.cpp.obj
[2022-07-14T13:56:55.450Z]     [217/663] Building CXX object lib\usd\utils\CMakeFiles\mayaUsdUtils.dir\DebugCodes.cpp.obj
[2022-07-14T13:56:55.450Z]     [218/663] Building CXX object lib\usd\translators\CMakeFiles\mayaUsd_Translators.dir\shading\usdMaterialReader.cpp.obj
[2022-07-14T13:56:58.387Z]     [219/663] Building CXX object lib\usd\schemas\CMakeFiles\_schemas.dir\wrapTokens.cpp.obj
[2022-07-14T13:56:58.387Z]     [220/663] Building CXX object lib\usd\translators\CMakeFiles\mayaUsd_Translators.dir\shading\usdPrimvarReaderFloat3Reader.cpp.obj
[2022-07-14T13:56:58.726Z]     [221/663] Building CXX object lib\usd\translators\CMakeFiles\mayaUsd_Translators.dir\shading\rfmShaderTranslation.cpp.obj
[2022-07-14T13:56:59.058Z]     [222/663] Copying translatorModelAssembly.h ...
[2022-07-14T13:56:59.058Z]     [223/663] Copying editUtil.h ...
[2022-07-14T13:56:59.391Z]     [224/663] Copying exportCommand.h ...
[2022-07-14T13:56:59.391Z]     [225/663] Copying api.h ...
[2022-07-14T13:56:59.391Z]     [226/663] Copying importTranslator.h ...
[2022-07-14T13:56:59.391Z]     [227/663] Copying readJobWithSceneAssembly.h ...
[2022-07-14T13:56:59.724Z]     [228/663] Generating AEpxrUsdReferenceAssemblyTemplate.pyc
[2022-07-14T13:56:59.724Z]     [229/663] Generating __init__.pyc
[2022-07-14T13:56:59.724Z]     [230/663] Copying exportTranslator.h ...
[2022-07-14T13:57:00.057Z]     [231/663] Copying listShadingModesCommand.h ...
[2022-07-14T13:57:00.057Z]     [232/663] Copying importCommand.h ...
[2022-07-14T13:57:00.057Z]     [233/663] Copying proxyShape.h ...
[2022-07-14T13:57:00.057Z]     [234/663] Building CXX object lib\usd\translators\CMakeFiles\mayaUsd_Translators.dir\shading\usdUVTextureReader.cpp.obj
[2022-07-14T13:57:00.057Z]     [235/663] Copying referenceAssembly.h ...
[2022-07-14T13:57:00.391Z]     [236/663] Copying instancerShapeAdapterWithSceneAssembly.h ...
[2022-07-14T13:57:00.391Z]     [237/663] Generating userExportedAttributesUI.pyc
[2022-07-14T13:57:00.391Z]     [238/663] Building CXX object lib\usd\utils\CMakeFiles\mayaUsdUtils.dir\DiffRelationships.cpp.obj
[2022-07-14T13:57:00.723Z]     [239/663] Building CXX object test\lib\mayaUsd\utils\CMakeFiles\testLoadRules.dir\testLoadRules.cpp.obj
[2022-07-14T13:57:00.723Z]     [240/663] Building CXX object lib\usd\translators\CMakeFiles\mayaUsd_Translators.dir\shading\usdStandardSurfaceWriter.cpp.obj
[2022-07-14T13:57:01.055Z]     [241/663] Building CXX object lib\usd\utils\CMakeFiles\mayaUsdUtils.dir\DiffDictionaries.cpp.obj
[2022-07-14T13:57:01.055Z]     [242/663] Building CXX object lib\usd\utils\CMakeFiles\mayaUsdUtils.dir\DiffAttributes.cpp.obj
[2022-07-14T13:57:01.762Z]     [243/663] Building CXX object lib\usd\utils\CMakeFiles\mayaUsdUtils.dir\DiffPrims.cpp.obj
[2022-07-14T13:57:02.098Z]     [244/663] Building CXX object lib\usd\utils\CMakeFiles\mayaUsdUtils.dir\DiffMetadatas.cpp.obj
[2022-07-14T13:57:02.808Z]     [245/663] Building CXX object lib\usd\utils\CMakeFiles\mayaUsdUtils.dir\util.cpp.obj
[2022-07-14T13:57:02.808Z]     [246/663] Building CXX object lib\usd\schemas\CMakeFiles\_schemas.dir\wrapALMayaReference.cpp.obj
[2022-07-14T13:57:02.808Z]     [247/663] Building CXX object lib\usd\schemas\CMakeFiles\_schemas.dir\wrapMayaReference.cpp.obj
[2022-07-14T13:57:03.339Z]     [248/663] Building CXX object lib\usd\utils\CMakeFiles\mayaUsdUtils.dir\MergePrimsOptions.cpp.obj
[2022-07-14T13:57:03.339Z]     [249/663] Building CXX object plugin\pxr\maya\lib\usdMaya\CMakeFiles\usdMaya.dir\listShadingModesCommand.cpp.obj
[2022-07-14T13:57:03.681Z]     [250/663] Building CXX object lib\usd\utils\CMakeFiles\mayaUsdUtils.dir\DiffLists.cpp.obj
[2022-07-14T13:57:03.681Z]     [251/663] Linking CXX shared library lib\usd\schemas\_schemas.pyd
[2022-07-14T13:57:03.681Z]     [252/663] Building CXX object plugin\pxr\maya\lib\usdMaya\CMakeFiles\_usdMaya.dir\module.cpp.obj
[2022-07-14T13:57:03.681Z]     [253/663] Copying api.h ...
[2022-07-14T13:57:03.681Z]     [254/663] Copying api.h ...
[2022-07-14T13:57:04.840Z]     [255/663] Building CXX object plugin\al\utils\AL\CMakeFiles\AL_EventSystem.dir\event\EventHandler.cpp.obj
[2022-07-14T13:57:05.173Z]     [256/663] Building CXX object lib\usd\utils\CMakeFiles\mayaUsdUtils.dir\MergePrims.cpp.obj
[2022-07-14T13:57:08.112Z]     [257/663] Building CXX object lib\usd\utils\CMakeFiles\mayaUsdUtils.dir\DiffValues.cpp.obj
[2022-07-14T13:57:08.112Z]     [258/663] Building CXX object plugin\pxr\maya\lib\usdMaya\CMakeFiles\usdMaya.dir\importCommand.cpp.obj
[2022-07-14T13:57:08.442Z]     [259/663] Linking CXX shared library plugin\al\utils\AL\AL_EventSystem.dll
[2022-07-14T13:57:08.442Z]     [260/663] Linking CXX shared library lib\usd\utils\mayaUsdUtils.dll
[2022-07-14T13:57:08.773Z]     [261/663] Building CXX object plugin\pxr\maya\lib\usdMaya\CMakeFiles\usdMaya.dir\readJobWithSceneAssembly.cpp.obj
[2022-07-14T13:57:09.104Z]     [262/663] Linking CXX executable test\lib\usd\utils\testDiffCore.exe
[2022-07-14T13:57:09.435Z]     [263/663] Building CXX object plugin\pxr\maya\lib\usdMaya\CMakeFiles\_usdMaya.dir\wrapAssembly.cpp.obj
[2022-07-14T13:57:10.144Z]     [264/663] Linking CXX executable test\lib\usd\utils\testDiffPrims.exe
[2022-07-14T13:57:10.144Z]     [265/663] Building CXX object plugin\pxr\maya\plugin\pxrUsdPreviewSurface\CMakeFiles\pxrUsdPreviewSurface.dir\plugin.cpp.obj
[2022-07-14T13:57:10.144Z]     [266/663] Linking CXX executable test\lib\usd\utils\testDiffValues.exe
[2022-07-14T13:57:10.476Z]     [267/663] Building CXX object plugin\pxr\maya\lib\usdMaya\CMakeFiles\usdMaya.dir\editUtil.cpp.obj
[2022-07-14T13:57:10.476Z]     [268/663] Building CXX object plugin\pxr\maya\lib\usdMaya\CMakeFiles\usdMaya.dir\readJob_ImportWithProxies.cpp.obj
[2022-07-14T13:57:10.476Z]     [269/663] Linking CXX executable test\lib\usd\utils\testDiffLists.exe
[2022-07-14T13:57:10.476Z]     [270/663] Building CXX object plugin\pxr\maya\lib\usdMaya\CMakeFiles\usdMaya.dir\importTranslator.cpp.obj
[2022-07-14T13:57:10.807Z]     [271/663] Linking CXX executable test\lib\usd\utils\testDiffAttributes.exe
[2022-07-14T13:57:10.807Z]     [272/663] Linking CXX executable test\lib\usd\utils\testDiffRelationships.exe
[2022-07-14T13:57:10.807Z]     [273/663] Linking CXX executable test\lib\usd\utils\testDiffDictionaries.exe
[2022-07-14T13:57:11.137Z]     [274/663] Linking CXX executable test\lib\usd\utils\testDiffMetadatas.exe
[2022-07-14T13:57:11.137Z]     [275/663] Linking CXX executable test\lib\usd\utils\testDiffComputeOverall.exe
[2022-07-14T13:57:11.467Z]     [276/663] Linking CXX executable test\lib\usd\utils\testMergePrims.exe
[2022-07-14T13:57:11.467Z]     [277/663] Building CXX object plugin\pxr\maya\lib\usdMaya\CMakeFiles\usdMaya.dir\translatorModelAssembly.cpp.obj
[2022-07-14T13:57:11.467Z]     [278/663] Building CXX object plugin\al\mayatest\AL\maya\test\CMakeFiles\AL_MayaTest.dir\testHelpers.cpp.obj
[2022-07-14T13:57:12.172Z]     [279/663] Building CXX object plugin\pxr\maya\lib\usdMaya\CMakeFiles\usdMaya.dir\proxyShape.cpp.obj
[2022-07-14T13:57:12.172Z]     [280/663] Building CXX object plugin\pxr\maya\lib\usdMaya\CMakeFiles\usdMaya.dir\instancerShapeAdapterWithSceneAssembly.cpp.obj
[2022-07-14T13:57:12.172Z]     [281/663] Building CXX object plugin\al\mayautils\AL\maya\CMakeFiles\AL_MayaUtils.dir\utils\MenuBuilder.cpp.obj
[2022-07-14T13:57:12.172Z]     [282/663] Building CXX object plugin\al\mayautils\AL\maya\CMakeFiles\AL_MayaUtils.dir\utils\Utils.cpp.obj
[2022-07-14T13:57:12.172Z]     [283/663] Building CXX object plugin\al\mayautils\AL\maya\CMakeFiles\AL_MayaUtils.dir\utils\FileTranslatorOptions.cpp.obj
[2022-07-14T13:57:12.172Z]     [284/663] Building CXX object plugin\al\mayautils\AL\maya\CMakeFiles\AL_MayaUtils.dir\utils\NodeHelper.cpp.obj
[2022-07-14T13:57:12.172Z]     [285/663] Building CXX object plugin\pxr\maya\plugin\pxrUsd\CMakeFiles\pxrUsd.dir\usdTranslator.cpp.obj
[2022-07-14T13:57:12.507Z]     [286/663] Building CXX object plugin\al\mayatest\AL\maya\test\CMakeFiles\AL_MayaTest.dir\testHarness.cpp.obj
[2022-07-14T13:57:12.507Z]     [287/663] Building CXX object plugin\al\mayautils\AL\maya\CMakeFiles\AL_MayaUtils.dir\utils\PluginTranslatorOptions.cpp.obj
[2022-07-14T13:57:12.507Z]     [288/663] Building CXX object plugin\pxr\maya\plugin\pxrUsd\CMakeFiles\pxrUsd.dir\alembicChaser.cpp.obj
[2022-07-14T13:57:12.838Z]     [289/663] Building CXX object plugin\pxr\maya\lib\usdMaya\CMakeFiles\_usdMaya.dir\wrapEditUtil.cpp.obj
[2022-07-14T13:57:13.172Z]     [290/663] Building CXX object plugin\al\mayautils\AL\maya\tests\mayaplugintest\CMakeFiles\AL_MayaUtilsTests.dir\utils\CommandGuiHelperTest.cpp.obj
[2022-07-14T13:57:13.172Z]     [291/663] Building CXX object plugin\al\mayautils\AL\maya\CMakeFiles\AL_MayaUtils.dir\event\MayaEventManager.cpp.obj
[2022-07-14T13:57:13.172Z]     [292/663] Building CXX object plugin\al\mayautils\AL\maya\CMakeFiles\AL_MayaUtils.dir\utils\CommandGuiHelper.cpp.obj
[2022-07-14T13:57:13.504Z]     [293/663] Building CXX object lib\mayaUsd\CMakeFiles\mayaUsd.dir\render\vp2RenderDelegate\meshViewportCompute.cpp.obj
[2022-07-14T13:57:13.504Z]     [294/663] Linking CXX shared library plugin\al\mayatest\AL\maya\test\AL_MayaTest.dll
[2022-07-14T13:57:13.504Z]     [295/663] Building CXX object plugin\al\mayautils\AL\maya\tests\mayaplugintest\CMakeFiles\AL_MayaUtilsTests.dir\plugin.cpp.obj
[2022-07-14T13:57:13.834Z]     [296/663] Building CXX object plugin\al\mayautils\AL\maya\tests\mayaplugintest\CMakeFiles\AL_MayaUtilsTests.dir\test_mobjectmap.cpp.obj
[2022-07-14T13:57:13.834Z]     [297/663] Building CXX object lib\mayaUsd\CMakeFiles\mayaUsd.dir\render\vp2RenderDelegate\bboxGeom.cpp.obj
[2022-07-14T13:57:13.834Z]     [298/663] Building CXX object lib\mayaUsd\CMakeFiles\mayaUsd.dir\render\vp2RenderDelegate\debugCodes.cpp.obj
[2022-07-14T13:57:14.165Z]     [299/663] Building CXX object plugin\al\mayautils\AL\maya\tests\mayaplugintest\CMakeFiles\AL_MayaUtilsTests.dir\test_maya_MenuBuilder.cpp.obj
[2022-07-14T13:57:14.165Z]     [300/663] Linking CXX shared library plugin\al\mayautils\AL\maya\AL_MayaUtils.dll
[2022-07-14T13:57:14.870Z]     [301/663] Building CXX object plugin\al\mayautils\AL\maya\tests\mayaplugintest\CMakeFiles\AL_MayaUtilsTests.dir\test_maya_NodeHelper.cpp.obj
[2022-07-14T13:57:15.201Z]     [302/663] Building CXX object lib\mayaUsd\CMakeFiles\mayaUsd.dir\render\vp2RenderDelegate\tokens.cpp.obj
[2022-07-14T13:57:15.201Z]     [303/663] Building CXX object lib\mayaUsd\CMakeFiles\mayaUsd.dir\render\vp2RenderDelegate\shader.cpp.obj
[2022-07-14T13:57:15.922Z]     [304/663] Building CXX object plugin\pxr\maya\lib\usdMaya\CMakeFiles\usdMaya.dir\referenceAssembly.cpp.obj
[2022-07-14T13:57:17.064Z]     [305/663] Building CXX object plugin\pxr\maya\plugin\pxrUsd\CMakeFiles\pxrUsd.dir\plugin.cpp.obj
[2022-07-14T13:57:17.396Z]     [306/663] Building CXX object lib\mayaUsd\CMakeFiles\mayaUsd.dir\render\vp2RenderDelegate\sampler.cpp.obj
[2022-07-14T13:57:18.537Z]     [307/663] Building CXX object lib\mayaUsd\CMakeFiles\mayaUsd.dir\render\vp2RenderDelegate\extComputation.cpp.obj
[2022-07-14T13:57:18.870Z]     [308/663] Building CXX object lib\mayaUsd\CMakeFiles\mayaUsd.dir\render\vp2RenderDelegate\instancer.cpp.obj
[2022-07-14T13:57:19.202Z]     [309/663] Building CXX object lib\mayaUsd\CMakeFiles\mayaUsd.dir\render\vp2ShaderFragments\shaderFragments.cpp.obj
[2022-07-14T13:57:19.202Z]     [310/663] Building CXX object lib\mayaUsd\CMakeFiles\mayaUsd.dir\render\vp2RenderDelegate\draw_item.cpp.obj
[2022-07-14T13:57:19.202Z]     [311/663] Building CXX object lib\mayaUsd\CMakeFiles\mayaUsd.dir\render\vp2RenderDelegate\render_param.cpp.obj
[2022-07-14T13:57:21.450Z]     [312/663] Building CXX object lib\mayaUsd\CMakeFiles\mayaUsd.dir\ufe\ProxyShapeHandler.cpp.obj
[2022-07-14T13:57:23.698Z]     [313/663] Building CXX object lib\mayaUsd\CMakeFiles\mayaUsd.dir\render\vp2RenderDelegate\render_delegate.cpp.obj
[2022-07-14T13:57:23.698Z]     [314/663] Building CXX object lib\mayaUsd\CMakeFiles\mayaUsd.dir\render\vp2RenderDelegate\material.cpp.obj
[2022-07-14T13:57:24.030Z]     [315/663] Building CXX object lib\mayaUsd\CMakeFiles\mayaUsd.dir\render\vp2RenderDelegate\mayaPrimCommon.cpp.obj
[2022-07-14T13:57:24.738Z]     [316/663] Building CXX object lib\mayaUsd\CMakeFiles\mayaUsd.dir\ufe\ProxyShapeHierarchyHandler.cpp.obj
[2022-07-14T13:57:24.738Z]     [317/663] Building CXX object lib\mayaUsd\CMakeFiles\mayaUsd.dir\ufe\ProxyShapeHierarchy.cpp.obj
[2022-07-14T13:57:25.070Z]     [318/663] Building CXX object lib\mayaUsd\CMakeFiles\mayaUsd.dir\render\vp2RenderDelegate\points.cpp.obj
[2022-07-14T13:57:26.719Z]     [319/663] Building CXX object lib\mayaUsd\CMakeFiles\mayaUsd.dir\render\vp2RenderDelegate\mesh.cpp.obj
[2022-07-14T13:57:26.719Z]     [320/663] Building CXX object lib\mayaUsd\CMakeFiles\mayaUsd.dir\render\vp2RenderDelegate\proxyRenderDelegate.cpp.obj
[2022-07-14T13:57:28.368Z]     [321/663] Building CXX object lib\mayaUsd\CMakeFiles\mayaUsd.dir\ufe\Global.cpp.obj
[2022-07-14T13:57:28.699Z]     [322/663] Building CXX object lib\mayaUsd\CMakeFiles\mayaUsd.dir\ufe\StagesSubject.cpp.obj
[2022-07-14T13:57:29.032Z]     [323/663] Building CXX object lib\mayaUsd\CMakeFiles\mayaUsd.dir\ufe\UsdRootChildHierarchy.cpp.obj
[2022-07-14T13:57:29.365Z]     [324/663] Building CXX object lib\mayaUsd\CMakeFiles\mayaUsd.dir\ufe\UsdPointInstanceOrientationModifier.cpp.obj
[2022-07-14T13:57:31.015Z]     [325/663] Building CXX object lib\mayaUsd\CMakeFiles\mayaUsd.dir\ufe\UsdHierarchyHandler.cpp.obj
[2022-07-14T13:57:31.015Z]     [326/663] Building CXX object lib\mayaUsd\CMakeFiles\mayaUsd.dir\ufe\UsdHierarchy.cpp.obj
[2022-07-14T13:57:31.015Z]     [327/663] Building CXX object lib\mayaUsd\CMakeFiles\mayaUsd.dir\ufe\UsdPointInstancePositionModifier.cpp.obj
[2022-07-14T13:57:31.727Z]     [328/663] Building CXX object lib\mayaUsd\CMakeFiles\mayaUsd.dir\ufe\UsdPointInstanceScaleModifier.cpp.obj
[2022-07-14T13:57:33.972Z]     [329/663] Building CXX object lib\mayaUsd\CMakeFiles\mayaUsd.dir\ufe\UsdRotatePivotTranslateUndoableCommand.cpp.obj
[2022-07-14T13:57:33.972Z]     [330/663] Building CXX object lib\mayaUsd\CMakeFiles\mayaUsd.dir\ufe\UsdSceneItem.cpp.obj
[2022-07-14T13:57:33.972Z]     [331/663] Building CXX object lib\mayaUsd\CMakeFiles\mayaUsd.dir\ufe\UsdRotateUndoableCommand.cpp.obj
[2022-07-14T13:57:33.972Z]     [332/663] Building CXX object lib\mayaUsd\CMakeFiles\mayaUsd.dir\ufe\moduleDeps.cpp.obj
[2022-07-14T13:57:33.972Z]     [333/663] Building CXX object lib\mayaUsd\CMakeFiles\mayaUsd.dir\ufe\UsdSceneItemOps.cpp.obj
[2022-07-14T13:57:34.316Z]     [334/663] Building CXX object lib\mayaUsd\CMakeFiles\mayaUsd.dir\ufe\UsdSceneItemOpsHandler.cpp.obj
[2022-07-14T13:57:34.648Z]     [335/663] Building CXX object lib\mayaUsd\CMakeFiles\mayaUsd.dir\ufe\private\UfeNotifGuard.cpp.obj
[2022-07-14T13:57:34.985Z]     [336/663] Building CXX object lib\mayaUsd\CMakeFiles\mayaUsd.dir\undo\OpUndoItemRecorder.cpp.obj
[2022-07-14T13:57:34.985Z]     [337/663] Building CXX object lib\mayaUsd\CMakeFiles\mayaUsd.dir\ufe\UsdScaleUndoableCommand.cpp.obj
[2022-07-14T13:57:35.720Z]     [338/663] Building CXX object lib\mayaUsd\CMakeFiles\mayaUsd.dir\utils\blockSceneModificationContext.cpp.obj
[2022-07-14T13:57:36.431Z]     [339/663] Building CXX object lib\mayaUsd\CMakeFiles\mayaUsd.dir\ufe\UsdTransform3dHandler.cpp.obj
[2022-07-14T13:57:36.431Z]     [340/663] Building CXX object lib\mayaUsd\CMakeFiles\mayaUsd.dir\ufe\UsdTRSUndoableCommandBase.cpp.obj
[2022-07-14T13:57:37.138Z]     [341/663] Building CXX object lib\mayaUsd\CMakeFiles\mayaUsd.dir\undo\OpUndoItemList.cpp.obj
[2022-07-14T13:57:37.470Z]     [342/663] Building CXX object lib\mayaUsd\CMakeFiles\mayaUsd.dir\utils\colorSpace.cpp.obj
[2022-07-14T13:57:37.803Z]     [343/663] Building CXX object lib\mayaUsd\CMakeFiles\mayaUsd.dir\undo\UsdUndoableItem.cpp.obj
[2022-07-14T13:57:38.519Z]     [344/663] Building CXX object lib\mayaUsd\CMakeFiles\mayaUsd.dir\ufe\UsdTranslateUndoableCommand.cpp.obj
[2022-07-14T13:57:38.519Z]     [345/663] Building CXX object lib\mayaUsd\CMakeFiles\mayaUsd.dir\ufe\UsdTransform3d.cpp.obj
[2022-07-14T13:57:39.663Z]     [346/663] Building CXX object lib\mayaUsd\CMakeFiles\mayaUsd.dir\ufe\UsdUndoRenameCommand.cpp.obj
[2022-07-14T13:57:39.998Z]     [347/663] Building CXX object lib\mayaUsd\CMakeFiles\mayaUsd.dir\ufe\UsdStageMap.cpp.obj
[2022-07-14T13:57:41.146Z]     [348/663] Building CXX object lib\mayaUsd\CMakeFiles\mayaUsd.dir\ufe\UsdUndoDuplicateCommand.cpp.obj
[2022-07-14T13:57:41.146Z]     [349/663] Building CXX object lib\mayaUsd\CMakeFiles\mayaUsd.dir\ufe\private\Utils.cpp.obj
[2022-07-14T13:57:41.481Z]     [350/663] Building CXX object lib\mayaUsd\CMakeFiles\mayaUsd.dir\utils\customLayerData.cpp.obj
[2022-07-14T13:57:41.481Z]     [351/663] Building CXX object lib\mayaUsd\CMakeFiles\mayaUsd.dir\undo\UsdUndoBlock.cpp.obj
[2022-07-14T13:57:41.481Z]     [352/663] Building CXX object lib\mayaUsd\CMakeFiles\mayaUsd.dir\utils\diagnosticDelegate.cpp.obj
[2022-07-14T13:57:41.819Z]     [353/663] Building CXX object lib\mayaUsd\CMakeFiles\mayaUsd.dir\undo\UsdUndoManager.cpp.obj
[2022-07-14T13:57:41.819Z]     [354/663] Building CXX object lib\mayaUsd\CMakeFiles\mayaUsd.dir\ufe\UsdUndoMaterialCommands.cpp.obj
[2022-07-14T13:57:42.150Z]     [355/663] Building CXX object lib\mayaUsd\CMakeFiles\mayaUsd.dir\utils\progressBarScope.cpp.obj
[2022-07-14T13:57:42.856Z]     [356/663] Building CXX object lib\mayaUsd\CMakeFiles\mayaUsd.dir\ufe\Utils.cpp.obj
[2022-07-14T13:57:43.563Z]     [357/663] Building CXX object lib\mayaUsd\CMakeFiles\mayaUsd.dir\ufe\UsdUndoDeleteCommand.cpp.obj
[2022-07-14T13:57:43.895Z]     [358/663] Building CXX object lib\mayaUsd\CMakeFiles\mayaUsd.dir\undo\OpUndoItems.cpp.obj
[2022-07-14T13:57:44.601Z]     [359/663] Building CXX object lib\mayaUsd\CMakeFiles\mayaUsd.dir\utils\plugRegistryHelper.cpp.obj
[2022-07-14T13:57:44.601Z]     [360/663] Building CXX object lib\mayaUsd\CMakeFiles\mayaUsd.dir\utils\loadRules.cpp.obj
[2022-07-14T13:57:44.933Z]     [361/663] Building CXX object lib\mayaUsd\python\CMakeFiles\_mayaUsd.dir\module.cpp.obj
[2022-07-14T13:57:45.265Z]     [362/663] Building CXX object lib\mayaUsd\CMakeFiles\mayaUsd.dir\utils\loadRulesText.cpp.obj
[2022-07-14T13:57:45.971Z]     [363/663] Building CXX object lib\mayaUsd\CMakeFiles\mayaUsd.dir\utils\converter.cpp.obj
[2022-07-14T13:57:45.971Z]     [364/663] Building CXX object lib\mayaUsd\CMakeFiles\mayaUsd.dir\undo\UsdUndoStateDelegate.cpp.obj
[2022-07-14T13:57:46.680Z]     [365/663] Building CXX object lib\mayaUsd\CMakeFiles\mayaUsd.dir\utils\editability.cpp.obj
[2022-07-14T13:57:47.018Z]     [366/663] Building CXX object lib\mayaUsd\CMakeFiles\mayaUsd.dir\utils\loadRulesAttribute.cpp.obj
[2022-07-14T13:57:48.160Z]     [367/663] Building CXX object lib\mayaUsd\CMakeFiles\mayaUsd.dir\utils\stageCache.cpp.obj
[2022-07-14T13:57:48.871Z]     [368/663] Building CXX object lib\mayaUsd\CMakeFiles\mayaUsd.dir\utils\editRouter.cpp.obj
[2022-07-14T13:57:49.204Z]     [369/663] Building CXX object lib\mayaUsd\CMakeFiles\mayaUsd.dir\utils\query.cpp.obj
[2022-07-14T13:57:49.204Z]     [370/663] Building CXX object lib\mayaUsd\CMakeFiles\mayaUsd.dir\utils\variants.cpp.obj
[2022-07-14T13:57:49.204Z]     [371/663] Building CXX object lib\mayaUsd\CMakeFiles\mayaUsd.dir\utils\selectability.cpp.obj
[2022-07-14T13:57:49.916Z]     [372/663] Building CXX object lib\mayaUsd\python\CMakeFiles\_mayaUsd.dir\wrapBlockSceneModificationContext.cpp.obj
[2022-07-14T13:57:50.253Z]     [373/663] Building CXX object lib\mayaUsd\CMakeFiles\mayaUsd.dir\utils\traverseLayer.cpp.obj
[2022-07-14T13:57:50.997Z]     [374/663] Building CXX object lib\mayaUsd\python\CMakeFiles\_mayaUsd.dir\pythonObjectRegistry.cpp.obj
[2022-07-14T13:57:51.353Z]     [375/663] Building CXX object lib\mayaUsd\CMakeFiles\mayaUsd.dir\utils\undoHelperCommand.cpp.obj
[2022-07-14T13:57:51.693Z]     [376/663] Building CXX object lib\mayaUsd\python\CMakeFiles\_mayaUsd.dir\wrapColorSpace.cpp.obj
[2022-07-14T13:57:51.693Z]     [377/663] Building CXX object lib\mayaUsd\CMakeFiles\mayaUsd.dir\utils\utilFileSystem.cpp.obj
[2022-07-14T13:57:52.037Z]     [378/663] Building CXX object lib\mayaUsd\CMakeFiles\mayaUsd.dir\utils\utilSerialization.cpp.obj
[2022-07-14T13:57:52.372Z]     [379/663] Building CXX object lib\mayaUsd\python\CMakeFiles\_mayaUsd.dir\wrapSparseValueWriter.cpp.obj
[2022-07-14T13:57:53.520Z]     [380/663] Building CXX object lib\mayaUsd\python\CMakeFiles\_mayaUsd.dir\wrapEditRouter.cpp.obj
[2022-07-14T13:57:53.854Z]     [381/663] Building CXX object lib\mayaUsd\python\CMakeFiles\_mayaUsd.dir\wrapOpUndoItem.cpp.obj
[2022-07-14T13:57:54.191Z]     [382/663] Building CXX object lib\mayaUsd\python\CMakeFiles\_mayaUsd.dir\wrapDiagnosticDelegate.cpp.obj
[2022-07-14T13:57:54.191Z]     [383/663] Building CXX object lib\mayaUsd\CMakeFiles\mayaUsd.dir\utils\util.cpp.obj
[2022-07-14T13:57:54.901Z]     [384/663] Building CXX object lib\mayaUsd\python\CMakeFiles\_mayaUsd.dir\wrapConverter.cpp.obj
[2022-07-14T13:57:55.242Z]     [385/663] Building CXX object lib\mayaUsd\python\CMakeFiles\_mayaUsd.dir\wrapAdaptor.cpp.obj
[2022-07-14T13:57:55.968Z]     [386/663] Building CXX object lib\mayaUsd\python\CMakeFiles\_mayaUsd.dir\wrapTokens.cpp.obj
[2022-07-14T13:57:56.681Z]     [387/663] Building CXX object lib\mayaUsd\python\CMakeFiles\_mayaUsd.dir\wrapQuery.cpp.obj
[2022-07-14T13:57:57.835Z]     [388/663] Building CXX object lib\mayaUsd\python\CMakeFiles\_mayaUsd.dir\wrapMeshWriteUtils.cpp.obj
[2022-07-14T13:57:58.549Z]     [389/663] Linking CXX shared library lib\mayaUsd\mayaUsd.dll
[2022-07-14T13:57:58.883Z]     [390/663] Building CXX object lib\mayaUsd\python\CMakeFiles\_mayaUsd.dir\wrapRoundTripUtil.cpp.obj
[2022-07-14T13:57:59.218Z]     [391/663] Linking CXX executable test\lib\mayaUsd\utils\testSplitString.exe
[2022-07-14T13:57:59.550Z]     [392/663] Linking CXX shared library test\lib\usd\plugin\usdTestMayaPlugin.mll
[2022-07-14T13:57:59.885Z]     [393/663] Building CXX object lib\mayaUsd\python\CMakeFiles\_mayaUsd.dir\wrapUsdUndoManager.cpp.obj
[2022-07-14T13:57:59.885Z]     [394/663] Building CXX object lib\mayaUsd\python\CMakeFiles\_mayaUsd.dir\wrapStageCache.cpp.obj
[2022-07-14T13:58:00.223Z]     [395/663] Linking CXX shared library test\lib\usd\plugin\usdTestUsdPlugin.dll
[2022-07-14T13:58:00.223Z]     [396/663] Building CXX object lib\mayaUsd\python\CMakeFiles\_mayaUsd.dir\wrapReadUtil.cpp.obj
[2022-07-14T13:58:00.555Z]     [397/663] Building CXX object lib\mayaUsd\python\CMakeFiles\_mayaUsd.dir\wrapUserTaggedAttribute.cpp.obj
[2022-07-14T13:58:00.887Z]     [398/663] Building CXX object lib\mayaUsd\python\CMakeFiles\_mayaUsd.dir\wrapUtil.cpp.obj
[2022-07-14T13:58:01.221Z]     [399/663] Linking CXX shared library test\lib\usd\plugin\usdTestInfoImportChaser.mll
[2022-07-14T13:58:01.555Z]     [400/663] Building CXX object lib\mayaUsd\python\CMakeFiles\_mayaUsd.dir\wrapWriteUtil.cpp.obj
[2022-07-14T13:58:01.555Z]     [401/663] Linking CXX shared library lib\usd\pxrUsdPreviewSurface\basePxrUsdPreviewSurface.dll
[2022-07-14T13:58:01.555Z]     [402/663] Linking CXX shared library test\lib\usd\plugin\usdTestApiWriter.dll
[2022-07-14T13:58:01.555Z]     [403/663] Linking CXX executable test\lib\mayaUsd\utils\testLoadRules.exe
[2022-07-14T13:58:01.897Z]     [404/663] Building CXX object lib\mayaUsd\python\CMakeFiles\_mayaUsd.dir\wrapTranslatorUtil.cpp.obj
[2022-07-14T13:58:03.050Z]     [405/663] Linking CXX shared library plugin\pxr\maya\plugin\pxrUsdPreviewSurface\pxrUsdPreviewSurface.mll
[2022-07-14T13:58:03.400Z]     [406/663] Linking CXX shared library lib\usd\translators\mayaUsd_Translators.dll
[2022-07-14T13:58:03.740Z]     [407/663] Automatic MOC and UIC for target mayaUsdUI
[2022-07-14T13:58:03.740Z]     [408/663] Automatic RCC for layerEditor/resources.qrc
[2022-07-14T13:58:04.074Z]     [409/663] Automatic RCC for importDialog/images/ui.qrc
[2022-07-14T13:58:06.371Z]     [410/663] Building CXX object lib\mayaUsd\python\CMakeFiles\_mayaUsd.dir\wrapOpenMaya.cpp.obj
[2022-07-14T13:58:06.371Z]     [411/663] Building CXX object lib\mayaUsd\python\CMakeFiles\_mayaUsd.dir\wrapXformStack.cpp.obj
[2022-07-14T13:58:06.371Z]     [412/663] Building CXX object lib\mayaUsd\python\CMakeFiles\_mayaUsd.dir\wrapExportChaser.cpp.obj
[2022-07-14T13:58:07.586Z]     [413/663] Building CXX object lib\mayaUsd\python\CMakeFiles\_mayaUsd.dir\wrapImportChaser.cpp.obj
[2022-07-14T13:58:07.586Z]     [414/663] Building CXX object lib\mayaUsd\python\CMakeFiles\_mayaUsd.dir\wrapPrimWriter.cpp.obj
[2022-07-14T13:58:07.922Z]     [415/663] Building CXX object lib\mayaUsd\python\CMakeFiles\_mayaUsd.dir\wrapShadingMode.cpp.obj
[2022-07-14T13:58:08.626Z]     [416/663] Building CXX object lib\mayaUsd\python\CMakeFiles\_mayaUsd.dir\wrapPrimReader.cpp.obj
[2022-07-14T13:58:09.463Z]     [417/663] Building CXX object lib\mayaUsd\python\CMakeFiles\_mayaUsd.dir\wrapShadingUtil.cpp.obj
[2022-07-14T13:58:09.802Z]     [418/663] Building CXX object lib\mayaUsd\python\CMakeFiles\_mayaUsd.dir\wrapJobContextRegistry.cpp.obj
[2022-07-14T13:58:10.133Z]     [419/663] Building CXX object lib\usd\ui\CMakeFiles\mayaUsdUI.dir\layerEditor\dirtyLayersCountBadge.cpp.obj
[2022-07-14T13:58:10.463Z]     [420/663] Building CXX object lib\usd\hdMaya\CMakeFiles\hdMaya.dir\adapters\dagAdapter.cpp.obj
[2022-07-14T13:58:10.463Z]     [421/663] Building CXX object lib\usd\hdMaya\CMakeFiles\hdMaya.dir\adapters\lightAdapter.cpp.obj
[2022-07-14T13:58:10.796Z]     [422/663] Building CXX object lib\usd\hdMaya\CMakeFiles\hdMaya.dir\adapters\areaLightAdapter.cpp.obj
[2022-07-14T13:58:11.573Z]     [423/663] Building CXX object lib\usd\hdMaya\CMakeFiles\hdMaya.dir\adapters\cameraAdapter.cpp.obj
[2022-07-14T13:58:11.904Z]     [424/663] Building CXX object lib\usd\ui\CMakeFiles\mayaUsdUI.dir\layerEditor\generatedIconButton.cpp.obj
[2022-07-14T13:58:13.556Z]     [425/663] Building CXX object lib\usd\hdMaya\CMakeFiles\hdMaya.dir\adapters\proxyAdapter.cpp.obj
[2022-07-14T13:58:13.556Z]     [426/663] Building CXX object lib\usd\ui\CMakeFiles\mayaUsdUI.dir\mayaUsdUI_autogen\mocs_compilation.cpp.obj
[2022-07-14T13:58:13.887Z]     [427/663] Building CXX object lib\mayaUsd\python\CMakeFiles\_mayaUsd.dir\wrapSchemaApiAdaptor.cpp.obj
[2022-07-14T13:58:15.026Z]     [428/663] Building CXX object lib\usd\ui\CMakeFiles\mayaUsdUI.dir\layerEditor\qtUtils.cpp.obj
[2022-07-14T13:58:15.367Z]     [429/663] Building CXX object lib\usd\ui\CMakeFiles\mayaUsdUI.dir\layerEditor\mayaQtUtils.cpp.obj
[2022-07-14T13:58:16.073Z]     [430/663] Building CXX object lib\usd\ui\CMakeFiles\mayaUsdUI.dir\layerEditor\stringResources.cpp.obj
[2022-07-14T13:58:17.223Z]     [431/663] Building CXX object lib\usd\ui\CMakeFiles\mayaUsdUI.dir\layerEditor\layerTreeView.cpp.obj
[2022-07-14T13:58:18.008Z]     [432/663] Building CXX object lib\usd\ui\CMakeFiles\mayaUsdUI.dir\layerEditor\warningDialogs.cpp.obj
[2022-07-14T13:58:18.356Z]     [433/663] Building CXX object lib\usd\ui\CMakeFiles\mayaUsdUI.dir\layerEditor\loadLayersDialog.cpp.obj
[2022-07-14T13:58:18.356Z]     [434/663] Building CXX object lib\usd\ui\CMakeFiles\mayaUsdUI.dir\layerEditor\layerTreeModel.cpp.obj
[2022-07-14T13:58:18.356Z]     [435/663] Building CXX object lib\usd\ui\CMakeFiles\mayaUsdUI.dir\layerEditor\pathChecker.cpp.obj
[2022-07-14T13:58:18.693Z]     [436/663] Building CXX object lib\usd\ui\CMakeFiles\mayaUsdUI.dir\layerEditor\mayaCommandHook.cpp.obj
[2022-07-14T13:58:18.693Z]     [437/663] Building CXX object lib\usd\ui\CMakeFiles\mayaUsdUI.dir\layerEditor\layerEditorWidget.cpp.obj
[2022-07-14T13:58:18.693Z]     [438/663] Building CXX object lib\usd\ui\CMakeFiles\mayaUsdUI.dir\mayaUsdUI_autogen\5WMDHDZAMM\qrc_resources.cpp.obj
[2022-07-14T13:58:19.032Z]     [439/663] Building CXX object lib\usd\ui\CMakeFiles\mayaUsdUI.dir\initStringResources.cpp.obj
[2022-07-14T13:58:19.032Z]     [440/663] Building CXX object lib\usd\ui\CMakeFiles\mayaUsdUI.dir\mayaUsdUI_autogen\AUCU3ACLTF\qrc_ui.cpp.obj
[2022-07-14T13:58:19.748Z]     [441/663] Building CXX object lib\usd\ui\CMakeFiles\mayaUsdUI.dir\layerEditor\sessionState.cpp.obj
[2022-07-14T13:58:19.748Z]     [442/663] Building CXX object lib\usd\ui\CMakeFiles\mayaUsdUI.dir\layerEditor\layerTreeItem.cpp.obj
[2022-07-14T13:58:20.081Z]     [443/663] Building CXX object lib\usd\ui\CMakeFiles\mayaUsdUI.dir\layerEditor\layerTreeItemDelegate.cpp.obj
[2022-07-14T13:58:20.417Z]     [444/663] Building CXX object lib\usd\ui\CMakeFiles\mayaUsdUI.dir\importDialog\USDQtUtil.cpp.obj
[2022-07-14T13:58:20.417Z]     [445/663] Building CXX object lib\mayaUsd\ufe\CMakeFiles\_ufe.dir\module.cpp.obj
[2022-07-14T13:58:20.417Z]     [446/663] Building CXX object lib\usd\ui\CMakeFiles\mayaUsdUI.dir\layerEditor\stageSelectorWidget.cpp.obj
[2022-07-14T13:58:20.417Z]     [447/663] Building CXX object lib\usd\ui\CMakeFiles\mayaUsdUI.dir\layerEditor\mayaLayerEditorWindow.cpp.obj
[2022-07-14T13:58:20.749Z]     [448/663] Linking CXX shared library lib\mayaUsd\python\_mayaUsd.pyd
[2022-07-14T13:58:21.086Z]     [449/663] Building CXX object lib\usd\ui\CMakeFiles\mayaUsdUI.dir\layerEditor\mayaSessionState.cpp.obj
[2022-07-14T13:58:21.792Z]     [450/663] Building CXX object lib\mayaUsd\render\mayaToHydra\CMakeFiles\mtoh.dir\pluginDebugCodes.cpp.obj
[2022-07-14T13:58:22.931Z]     [451/663] Building CXX object lib\mayaUsd\ufe\CMakeFiles\_ufe.dir\wrapGlobal.cpp.obj
[2022-07-14T13:58:23.637Z]     [452/663] Building CXX object lib\usd\ui\CMakeFiles\mayaUsdUI.dir\importDialog\USDImportDialog.cpp.obj
[2022-07-14T13:58:24.344Z]     [453/663] Building CXX object lib\usd\ui\CMakeFiles\mayaUsdUI.dir\importDialog\TreeModelFactory.cpp.obj
[2022-07-14T13:58:25.056Z]     [454/663] Building CXX object lib\mayaUsd\render\mayaToHydra\CMakeFiles\mtoh.dir\tokens.cpp.obj
[2022-07-14T13:58:26.197Z]     [455/663] Building CXX object lib\usd\ui\CMakeFiles\mayaUsdUI.dir\importDialog\ItemDelegate.cpp.obj
[2022-07-14T13:58:26.197Z]     [456/663] Building CXX object lib\usd\ui\CMakeFiles\mayaUsdUI.dir\importDialog\TreeItem.cpp.obj
[2022-07-14T13:58:26.535Z]     [457/663] Building CXX object lib\mayaUsd\render\mayaToHydra\CMakeFiles\mtoh.dir\utils.cpp.obj
[2022-07-14T13:58:26.868Z]     [458/663] Building CXX object lib\usd\hdMaya\CMakeFiles\hdMaya.dir\adapters\aiSkydomeLightAdapter.cpp.obj
[2022-07-14T13:58:26.868Z]     [459/663] Building CXX object lib\usd\hdMaya\CMakeFiles\hdMaya.dir\adapters\directionalLightAdapter.cpp.obj
[2022-07-14T13:58:26.868Z]     [460/663] Building CXX object lib\usd\ui\CMakeFiles\mayaUsdUI.dir\importDialog\USDImportDialogCmd.cpp.obj
[2022-07-14T13:58:26.868Z]     [461/663] Building CXX object lib\usd\ui\CMakeFiles\mayaUsdUI.dir\importDialog\TreeModel.cpp.obj
[2022-07-14T13:58:27.200Z]     [462/663] Building CXX object lib\usd\ui\CMakeFiles\mayaUsdUI.dir\layerEditor\saveLayersDialog.cpp.obj
[2022-07-14T13:58:27.907Z]     [463/663] Building CXX object lib\usd\hdMaya\CMakeFiles\hdMaya.dir\debugCodes.cpp.obj
[2022-07-14T13:58:27.907Z]     [464/663] Building CXX object lib\usd\hdMaya\CMakeFiles\hdMaya.dir\adapters\adapterDebugCodes.cpp.obj
[2022-07-14T13:58:27.907Z]     [465/663] Building CXX object lib\mayaUsd\ufe\CMakeFiles\_ufe.dir\wrapNotice.cpp.obj
[2022-07-14T13:58:28.240Z]     [466/663] Building CXX object lib\usd\hdMaya\CMakeFiles\hdMaya.dir\utils.cpp.obj
[2022-07-14T13:58:28.240Z]     [467/663] Building CXX object lib\usd\ui\CMakeFiles\mayaUsdUI.dir\layerEditor\batchSaveLayersUIDelegate.cpp.obj
[2022-07-14T13:58:29.890Z]     [468/663] Linking CXX shared library lib\usd\ui\mayaUsdUI.dll
[2022-07-14T13:58:29.890Z]     [469/663] Automatic MOC and UIC for target testMayaUsdUI
[2022-07-14T13:58:29.890Z]     [470/663] Building CXX object lib\usd\ui\importDialogDemo\CMakeFiles\testMayaUsdUI.dir\testMayaUsdUI_autogen\mocs_compilation.cpp.obj
[2022-07-14T13:58:31.030Z]     [471/663] Building CXX object lib\mayaUsd\render\mayaToHydra\CMakeFiles\mtoh.dir\defaultLightDelegate.cpp.obj
[2022-07-14T13:58:31.362Z]     [472/663] Building CXX object lib\mayaUsd\ufe\CMakeFiles\_ufe.dir\wrapUtils.cpp.obj
[2022-07-14T13:58:31.695Z]     [473/663] Building CXX object lib\mayaUsd\render\mayaToHydra\CMakeFiles\mtoh.dir\plugin.cpp.obj
[2022-07-14T13:58:32.403Z]     [474/663] Linking CXX shared library lib\mayaUsd\ufe\_ufe.pyd
[2022-07-14T13:58:33.127Z]     [475/663] Building CXX object lib\usd\hdMaya\CMakeFiles\hdMaya.dir\adapters\adapter.cpp.obj
[2022-07-14T13:58:33.459Z]     [476/663] Building CXX object plugin\pxr\maya\lib\usdMaya\CMakeFiles\usdMaya.dir\exportCommand.cpp.obj
[2022-07-14T13:58:33.791Z]     [477/663] Building CXX object plugin\al\mayautils\AL\maya\tests\mayaplugintest\CMakeFiles\AL_MayaUtilsTests.dir\utils\PluginTranslatorOptionsTest.cpp.obj
[2022-07-14T13:58:33.791Z]     [478/663] Building CXX object plugin\al\mayautils\AL\maya\tests\mayaplugintest\CMakeFiles\AL_MayaUtilsTests.dir\utils\NodeHelperUnitTest.cpp.obj
[2022-07-14T13:58:34.123Z]     [479/663] Building CXX object plugin\pxr\maya\lib\usdMaya\CMakeFiles\usdMaya.dir\exportTranslator.cpp.obj
[2022-07-14T13:58:34.123Z]     [480/663] Building CXX object lib\mayaUsd\render\mayaToHydra\CMakeFiles\mtoh.dir\viewCommand.cpp.obj
[2022-07-14T13:58:34.828Z]     [481/663] Linking CXX shared library plugin\al\mayautils\AL\maya\tests\mayaplugintest\AL_MayaUtilsTests.mll
[2022-07-14T13:58:35.166Z]     [482/663] Linking CXX shared library plugin\pxr\maya\lib\usdMaya\usdMaya.dll
[2022-07-14T13:58:35.497Z]     [483/663] Building CXX object lib\mayaUsd\render\mayaToHydra\CMakeFiles\mtoh.dir\shadingModeExporter.cpp.obj
[2022-07-14T13:58:35.829Z]     [484/663] Building CXX object plugin\al\lib\AL_USDMaya\CMakeFiles\AL_USDMaya.dir\AL\usdmaya\nodes\Transform.cpp.obj
[2022-07-14T13:58:36.160Z]     [485/663] Building CXX object lib\usd\hdMaya\CMakeFiles\hdMaya.dir\adapters\adapterRegistry.cpp.obj
[2022-07-14T13:58:36.160Z]     [486/663] Building CXX object plugin\al\lib\AL_USDMaya\CMakeFiles\AL_USDMaya.dir\AL\usdmaya\nodes\ProxyUsdGeomCamera.cpp.obj
[2022-07-14T13:58:36.491Z]     [487/663] Linking CXX shared library plugin\pxr\maya\lib\usdMaya\_usdMaya.pyd
[2022-07-14T13:58:36.491Z]     [488/663] Building CXX object lib\mayaUsd\render\mayaToHydra\CMakeFiles\mtoh.dir\renderGlobals.cpp.obj
[2022-07-14T13:58:36.491Z]     [489/663] Linking CXX shared library plugin\pxr\maya\plugin\pxrUsd\pxrUsd.mll
[2022-07-14T13:58:36.491Z]     [490/663] Building CXX object plugin\al\lib\AL_USDMaya\CMakeFiles\AL_USDMaya.dir\AL\usdmaya\nodes\Scope.cpp.obj
[2022-07-14T13:58:37.637Z]     [491/663] Linking CXX shared library lib\usd\hdMaya\hdMaya.dll
[2022-07-14T13:58:37.637Z]     [492/663] Building CXX object plugin\al\lib\AL_USDMaya\CMakeFiles\AL_USDMaya.dir\AL\usdmaya\nodes\ProxyShapeSelection.cpp.obj
[2022-07-14T13:58:38.341Z]     [493/663] Building CXX object lib\mayaUsd\render\mayaToHydra\CMakeFiles\mtoh.dir\renderOverride.cpp.obj
[2022-07-14T13:58:39.484Z]     [494/663] Linking CXX shared library lib\mayaUsd\render\mayaToHydra\mtoh.mll
[2022-07-14T13:58:39.484Z]     [495/663] Building CXX object lib\usd\ui\importDialogDemo\CMakeFiles\testMayaUsdUI.dir\testMayaUsdUI.cpp.obj
[2022-07-14T13:58:39.484Z]     [496/663] Building CXX object plugin\al\usdtransaction\AL\usd\transaction\CMakeFiles\_AL_USDTransaction.dir\module.cpp.obj
[2022-07-14T13:58:40.189Z]     [497/663] Linking CXX executable lib\usd\ui\importDialogDemo\testMayaUsdUI.exe
[2022-07-14T13:58:41.333Z]     [498/663] Building CXX object plugin\al\usdtransaction\AL\usd\transaction\tests\CMakeFiles\AL_USDTransactionTests.dir\testMain.cpp.obj
[2022-07-14T13:58:41.664Z]     [499/663] Building CXX object plugin\al\lib\AL_USDMaya\CMakeFiles\AL_USDMaya.dir\AL\usdmaya\nodes\RendererManager.cpp.obj
[2022-07-14T13:58:41.664Z]     [500/663] Building CXX object plugin\al\usdmayautils\AL\usdmaya\utils\CMakeFiles\AL_USDMayaUtils.dir\AttributeType.cpp.obj
[2022-07-14T13:58:42.369Z]     [501/663] Building CXX object plugin\al\usdmayautils\AL\usdmaya\utils\CMakeFiles\AL_USDMayaUtils.dir\AnimationTranslator.cpp.obj
[2022-07-14T13:58:42.700Z]     [502/663] Building CXX object plugin\al\usdtransaction\AL\usd\transaction\CMakeFiles\AL_USDTransaction.dir\Notice.cpp.obj
[2022-07-14T13:58:42.700Z]     [503/663] Building CXX object plugin\al\usdmayautils\AL\usdmaya\utils\CMakeFiles\AL_USDMayaUtils.dir\Utils.cpp.obj
[2022-07-14T13:58:43.030Z]     [504/663] Building CXX object plugin\al\usdtransaction\AL\usd\transaction\CMakeFiles\AL_USDTransaction.dir\Transaction.cpp.obj
[2022-07-14T13:58:43.362Z]     [505/663] Building CXX object plugin\al\usdtransaction\AL\usd\transaction\CMakeFiles\AL_USDTransaction.dir\TransactionManager.cpp.obj
[2022-07-14T13:58:43.692Z]     [506/663] Building CXX object plugin\al\lib\AL_USDMaya\CMakeFiles\AL_USDMaya.dir\AL\usdmaya\DebugCodes.cpp.obj
[2022-07-14T13:58:44.023Z]     [507/663] Building CXX object plugin\al\usdmayautils\AL\usdmaya\utils\CMakeFiles\AL_USDMayaUtils.dir\NurbsCurveUtils.cpp.obj
[2022-07-14T13:58:44.023Z]     [508/663] Linking CXX shared library plugin\al\usdtransaction\AL\usd\transaction\AL_USDTransaction.dll
[2022-07-14T13:58:44.023Z]     [509/663] Building CXX object plugin\al\lib\AL_USDMaya\CMakeFiles\AL_USDMaya.dir\AL\usdmaya\Metadata.cpp.obj
[2022-07-14T13:58:44.727Z]     [510/663] Building CXX object plugin\al\lib\AL_USDMaya\CMakeFiles\AL_USDMaya.dir\AL\usdmaya\StageCache.cpp.obj
[2022-07-14T13:58:44.727Z]     [511/663] Building CXX object plugin\al\usdtransaction\AL\usd\transaction\CMakeFiles\_AL_USDTransaction.dir\wrapNotice.cpp.obj
[2022-07-14T13:58:45.059Z]     [512/663] Building CXX object plugin\al\usdmayautils\AL\usdmaya\utils\CMakeFiles\AL_USDMayaUtils.dir\DiffPrimVar.cpp.obj
[2022-07-14T13:58:45.059Z]     [513/663] Building CXX object plugin\al\usdmayautils\AL\usdmaya\utils\CMakeFiles\AL_USDMayaUtils.dir\DgNodeHelper.cpp.obj
[2022-07-14T13:58:45.768Z]     [514/663] Building CXX object plugin\al\usdmayautils\AL\usdmaya\utils\CMakeFiles\AL_USDMayaUtils.dir\MeshUtils.cpp.obj
[2022-07-14T13:58:46.097Z]     [515/663] Building CXX object plugin\al\lib\AL_USDMaya\CMakeFiles\AL_USDMaya.dir\AL\usdmaya\cmds\DebugCommands.cpp.obj
[2022-07-14T13:58:46.428Z]     [516/663] Building CXX object plugin\al\lib\AL_USDMaya\CMakeFiles\AL_USDMaya.dir\AL\usdmaya\cmds\EventCommand.cpp.obj
[2022-07-14T13:58:46.428Z]     [517/663] Building CXX object plugin\al\lib\AL_USDMaya\CMakeFiles\AL_USDMaya.dir\AL\usdmaya\cmds\RendererCommands.cpp.obj
[2022-07-14T13:58:46.428Z]     [518/663] Linking CXX shared library plugin\al\usdmayautils\AL\usdmaya\utils\AL_USDMayaUtils.dll
[2022-07-14T13:58:46.759Z]     [519/663] Building CXX object plugin\al\lib\AL_USDMaya\CMakeFiles\AL_USDMaya.dir\AL\usdmaya\nodes\ProxyShape.cpp.obj
[2022-07-14T13:58:46.759Z]     [520/663] Building CXX object plugin\al\usdtransaction\AL\usd\transaction\CMakeFiles\_AL_USDTransaction.dir\wrapTransaction.cpp.obj
[2022-07-14T13:58:47.463Z]     [521/663] Building CXX object plugin\al\lib\AL_USDMaya\CMakeFiles\AL_USDMaya.dir\AL\usdmaya\cmds\SyncFileIOGui.cpp.obj
[2022-07-14T13:58:48.169Z]     [522/663] Building CXX object plugin\al\lib\AL_USDMaya\CMakeFiles\AL_USDMaya.dir\AL\usdmaya\moduleDeps.cpp.obj
[2022-07-14T13:58:48.883Z]     [523/663] Building CXX object plugin\al\usdtransaction\AL\usd\transaction\tests\CMakeFiles\AL_USDTransactionTests.dir\testTransactionManager.cpp.obj
[2022-07-14T13:58:48.883Z]     [524/663] Building CXX object plugin\al\usdtransaction\AL\usd\transaction\tests\CMakeFiles\AL_USDTransactionTests.dir\testTransaction.cpp.obj
[2022-07-14T13:58:49.662Z]     [525/663] Building CXX object plugin\al\usdtransaction\AL\usd\transaction\CMakeFiles\_AL_USDTransaction.dir\wrapTransactionManager.cpp.obj
[2022-07-14T13:58:49.662Z]     [526/663] Linking CXX executable plugin\al\usdtransaction\AL\usd\transaction\tests\AL_USDTransactionTests.exe
[2022-07-14T13:58:50.000Z]     [527/663] Linking CXX shared library plugin\al\usdtransaction\AL\usd\transaction\_AL_USDTransaction.pyd
[2022-07-14T13:58:51.662Z]     [528/663] Building CXX object plugin\al\lib\AL_USDMaya\CMakeFiles\AL_USDMaya.dir\AL\usdmaya\TransformOperation.cpp.obj
[2022-07-14T13:58:52.802Z]     [529/663] Building CXX object plugin\al\lib\AL_USDMaya\CMakeFiles\AL_USDMaya.dir\AL\usdmaya\cmds\ListTranslators.cpp.obj
[2022-07-14T13:58:52.802Z]     [530/663] Building CXX object plugin\al\lib\AL_USDMaya\CMakeFiles\AL_USDMaya.dir\AL\usdmaya\cmds\CreateUsdPrim.cpp.obj
[2022-07-14T13:58:53.134Z]     [531/663] Building CXX object plugin\al\lib\AL_USDMaya\CMakeFiles\AL_USDMaya.dir\AL\usdmaya\Global.cpp.obj
[2022-07-14T13:58:53.840Z]     [532/663] Building CXX object plugin\al\lib\AL_USDMaya\CMakeFiles\AL_USDMaya.dir\AL\usdmaya\cmds\LayerCommands.cpp.obj
[2022-07-14T13:58:54.173Z]     [533/663] Building CXX object plugin\al\lib\AL_USDMaya\CMakeFiles\AL_USDMaya.dir\AL\usdmaya\cmds\ProxyShapePostLoadProcess.cpp.obj
[2022-07-14T13:58:54.881Z]     [534/663] Building CXX object plugin\al\lib\AL_USDMaya\CMakeFiles\AL_USDMaya.dir\AL\usdmaya\fileio\ExportTranslator.cpp.obj
[2022-07-14T13:58:55.588Z]     [535/663] Building CXX object plugin\al\lib\AL_USDMaya\CMakeFiles\AL_USDMaya.dir\AL\usdmaya\cmds\ProxyShapeCommands.cpp.obj
[2022-07-14T13:58:55.588Z]     [536/663] Building CXX object plugin\al\lib\AL_USDMaya\CMakeFiles\AL_USDMaya.dir\AL\usdmaya\cmds\UnloadPrim.cpp.obj
[2022-07-14T13:58:55.919Z]     [537/663] Building CXX object plugin\al\lib\AL_USDMaya\CMakeFiles\AL_USDMaya.dir\AL\usdmaya\fileio\TransformIterator.cpp.obj
[2022-07-14T13:58:55.919Z]     [538/663] Building CXX object plugin\al\lib\AL_USDMaya\CMakeFiles\AL_USDMaya.dir\AL\usdmaya\fileio\AnimationTranslator.cpp.obj
[2022-07-14T13:58:56.251Z]     [539/663] Building CXX object plugin\al\lib\AL_USDMaya\CMakeFiles\AL_USDMaya.dir\AL\usdmaya\fileio\Import.cpp.obj
[2022-07-14T13:58:56.957Z]     [540/663] Building CXX object plugin\al\lib\AL_USDMaya\CMakeFiles\AL_USDMaya.dir\AL\usdmaya\nodes\Layer.cpp.obj
[2022-07-14T13:58:57.291Z]     [541/663] Building CXX object plugin\al\lib\AL_USDMaya\CMakeFiles\AL_USDMaya.dir\AL\usdmaya\fileio\SchemaPrims.cpp.obj
[2022-07-14T13:58:57.623Z]     [542/663] Building CXX object plugin\al\lib\AL_USDMaya\CMakeFiles\AL_USDMaya.dir\AL\usdmaya\fileio\NodeFactory.cpp.obj
[2022-07-14T13:58:57.957Z]     [543/663] Building CXX object plugin\al\lib\AL_USDMaya\CMakeFiles\AL_USDMaya.dir\AL\usdmaya\fileio\ImportTranslator.cpp.obj
[2022-07-14T13:58:57.957Z]     [544/663] Building CXX object plugin\al\lib\AL_USDMaya\CMakeFiles\AL_USDMaya.dir\AL\usdmaya\fileio\Export.cpp.obj
[2022-07-14T13:59:00.899Z]     [545/663] Building CXX object plugin\al\lib\AL_USDMaya\CMakeFiles\AL_USDMaya.dir\AL\usdmaya\fileio\translators\DagNodeTranslator.cpp.obj
[2022-07-14T13:59:01.231Z]     [546/663] Building CXX object plugin\al\lib\AL_USDMaya\CMakeFiles\AL_USDMaya.dir\AL\usdmaya\fileio\translators\TranslatorTestType.cpp.obj
[2022-07-14T13:59:02.380Z]     [547/663] Building CXX object plugin\al\lib\AL_USDMaya\CMakeFiles\AL_USDMaya.dir\AL\usdmaya\fileio\translators\TranslatorTestPlugin.cpp.obj
[2022-07-14T13:59:02.380Z]     [548/663] Building CXX object plugin\al\lib\AL_USDMaya\CMakeFiles\AL_USDMaya.dir\AL\usdmaya\fileio\translators\TranslatorBase.cpp.obj
[2022-07-14T13:59:02.712Z]     [549/663] Building CXX object plugin\al\lib\AL_USDMaya\CMakeFiles\_AL_USDMaya.dir\AL\usdmaya\module.cpp.obj
[2022-07-14T13:59:02.712Z]     [550/663] Building CXX object plugin\al\lib\AL_USDMaya\CMakeFiles\AL_USDMaya.dir\AL\usdmaya\fileio\translators\ExtraDataPlugin.cpp.obj
[2022-07-14T13:59:02.712Z]     [551/663] Building CXX object plugin\al\lib\AL_USDMaya\CMakeFiles\AL_USDMaya.dir\AL\usdmaya\nodes\LayerManager.cpp.obj
[2022-07-14T13:59:02.713Z]     [552/663] Building CXX object plugin\al\lib\AL_USDMaya\CMakeFiles\AL_USDMaya.dir\AL\usdmaya\fileio\translators\DgNodeTranslator.cpp.obj
[2022-07-14T13:59:03.871Z]     [553/663] Building CXX object plugin\al\lib\AL_USDMaya\CMakeFiles\AL_USDMaya.dir\AL\usdmaya\fileio\translators\TranslatorContext.cpp.obj
[2022-07-14T13:59:03.871Z]     [554/663] Building CXX object plugin\al\lib\AL_USDMaya\CMakeFiles\AL_USDMaya.dir\AL\usdmaya\fileio\translators\TestExtraDataPlugin.cpp.obj
[2022-07-14T13:59:03.871Z]     [555/663] Building CXX object plugin\al\lib\AL_USDMaya\CMakeFiles\AL_USDMaya.dir\AL\usdmaya\fileio\translators\TransformTranslator.cpp.obj
[2022-07-14T13:59:05.522Z]     [556/663] Building CXX object plugin\al\lib\AL_USDMaya\CMakeFiles\AL_USDMaya.dir\AL\usdmaya\nodes\BasicTransformationMatrix.cpp.obj
[2022-07-14T13:59:05.854Z]     [557/663] Building CXX object plugin\al\lib\AL_USDMaya\CMakeFiles\AL_USDMaya.dir\AL\usdmaya\nodes\MeshAnimCreator.cpp.obj
[2022-07-14T13:59:06.185Z]     [558/663] Building CXX object plugin\al\lib\AL_USDMaya\CMakeFiles\AL_USDMaya.dir\AL\usdmaya\nodes\MeshAnimDeformer.cpp.obj
[2022-07-14T13:59:06.523Z]     [559/663] Building CXX object plugin\al\lib\AL_USDMaya\CMakeFiles\AL_USDMaya.dir\AL\usdmaya\nodes\Engine.cpp.obj
[2022-07-14T13:59:07.229Z]     [560/663] Building CXX object plugin\al\lib\AL_USDMaya\CMakeFiles\AL_USDMaya.dir\AL\usdmaya\nodes\proxy\PrimFilter.cpp.obj
[2022-07-14T13:59:07.229Z]     [561/663] Building CXX object plugin\al\lib\AL_USDMaya\CMakeFiles\AL_USDMaya.dir\AL\usdmaya\nodes\TransformationMatrix.cpp.obj
[2022-07-14T13:59:08.369Z]     [562/663] Building CXX object plugin\al\lib\AL_USDMaya\CMakeFiles\_AL_USDMaya.dir\AL\usdmaya\wrapStageCache.cpp.obj
[2022-07-14T13:59:09.073Z]     [563/663] Building CXX object plugin\al\plugin\AL_USDMayaTestPlugin\CMakeFiles\AL_USDMayaTestPlugin.dir\AL\maya\test_EventHandler.cpp.obj
[2022-07-14T13:59:10.220Z]     [564/663] Building CXX object plugin\al\lib\AL_USDMaya\CMakeFiles\AL_USDMaya.dir\AL\usdmaya\nodes\proxy\ProxyShapeMetaData.cpp.obj
[2022-07-14T13:59:11.360Z]     [565/663] Building CXX object plugin\al\lib\AL_USDMaya\CMakeFiles\AL_USDMaya.dir\AL\usdmaya\nodes\proxy\ProxyShapeVariantFallbacks.cpp.obj
[2022-07-14T13:59:11.692Z]     [566/663] Building CXX object plugin\al\lib\AL_USDMaya\CMakeFiles\_AL_USDMaya.dir\AL\usdmaya\nodes\wrapLayerManager.cpp.obj
[2022-07-14T13:59:11.692Z]     [567/663] Building CXX object plugin\al\plugin\AL_USDMayaTestPlugin\CMakeFiles\AL_USDMayaTestPlugin.dir\AL\maya\test_MayaEventManager.cpp.obj
[2022-07-14T13:59:12.399Z]     [568/663] Building CXX object plugin\al\plugin\AL_USDMayaTestPlugin\CMakeFiles\AL_USDMayaTestPlugin.dir\AL\maya\test_MatrixToSRT.cpp.obj
[2022-07-14T13:59:12.723Z]     [569/663] Building CXX object plugin\al\lib\AL_USDMaya\CMakeFiles\_AL_USDMaya.dir\AL\usdmaya\nodes\wrapProxyShape.cpp.obj
[2022-07-14T13:59:13.054Z]     [570/663] Linking CXX shared library plugin\al\lib\AL_USDMaya\AL_USDMaya.dll
[2022-07-14T13:59:13.760Z]     [571/663] Building CXX object plugin\al\plugin\AL_USDMayaPlugin\CMakeFiles\AL_USDMayaPlugin.dir\plugin.cpp.obj
[2022-07-14T13:59:14.465Z]     [572/663] Linking CXX shared library plugin\al\plugin\AL_USDMayaPlugin\AL_USDMayaPlugin.mll
[2022-07-14T13:59:14.796Z]     [573/663] Building CXX object plugin\al\lib\AL_USDMaya\CMakeFiles\_AL_USDMaya.dir\AL\usdmaya\fileio\translators\wrapTranslatorBase.cpp.obj
[2022-07-14T13:59:15.128Z]     [574/663] Building CXX object plugin\al\lib\AL_USDMaya\CMakeFiles\_AL_USDMaya.dir\AL\usdmaya\fileio\translators\wrapTranslatorContext.cpp.obj
[2022-07-14T13:59:15.838Z]     [575/663] Building CXX object plugin\al\plugin\AL_USDMayaTestPlugin\CMakeFiles\AL_USDMayaTestPlugin.dir\AL\usdmaya\commands\test_LayerCommands.cpp.obj
[2022-07-14T13:59:16.169Z]     [576/663] Linking CXX shared library plugin\al\lib\AL_USDMaya\_AL_USDMaya.pyd
[2022-07-14T13:59:16.169Z]     [577/663] Building CXX object plugin\al\plugin\AL_USDMayaTestPlugin\CMakeFiles\AL_USDMayaTestPlugin.dir\AL\usdmaya\commands\test_ExportCommands.cpp.obj
[2022-07-14T13:59:17.308Z]     [578/663] Building CXX object plugin\al\plugin\AL_USDMayaTestPlugin\CMakeFiles\AL_USDMayaTestPlugin.dir\AL\usdmaya\fileio\export_misc.cpp.obj
[2022-07-14T13:59:17.641Z]     [579/663] Building CXX object plugin\al\plugin\AL_USDMayaTestPlugin\CMakeFiles\AL_USDMayaTestPlugin.dir\AL\usdmaya\fileio\export_blendshape.cpp.obj
[2022-07-14T13:59:17.641Z]     [580/663] Building CXX object plugin\al\plugin\AL_USDMayaTestPlugin\CMakeFiles\AL_USDMayaTestPlugin.dir\plugin.cpp.obj
[2022-07-14T13:59:17.974Z]     [581/663] Building CXX object plugin\al\plugin\AL_USDMayaTestPlugin\CMakeFiles\AL_USDMayaTestPlugin.dir\AL\usdmaya\commands\test_TranslateCommand.cpp.obj
[2022-07-14T13:59:20.214Z]     [582/663] Building CXX object plugin\al\plugin\AL_USDMayaTestPlugin\CMakeFiles\AL_USDMayaTestPlugin.dir\AL\usdmaya\commands\test_LayerManagerCommands.cpp.obj
[2022-07-14T13:59:20.214Z]     [583/663] Building CXX object plugin\al\plugin\AL_USDMayaTestPlugin\CMakeFiles\AL_USDMayaTestPlugin.dir\AL\usdmaya\fileio\export_multiple_shapes.cpp.obj
[2022-07-14T13:59:20.214Z]     [584/663] Building CXX object plugin\al\plugin\AL_USDMayaTestPlugin\CMakeFiles\AL_USDMayaTestPlugin.dir\AL\usdmaya\commands\test_ProxyShapeImport.cpp.obj
[2022-07-14T13:59:20.545Z]     [585/663] Building CXX object plugin\al\plugin\AL_USDMayaTestPlugin\CMakeFiles\AL_USDMayaTestPlugin.dir\AL\usdmaya\fileio\export_ik.cpp.obj
[2022-07-14T13:59:22.197Z]     [586/663] Building CXX object plugin\al\plugin\AL_USDMayaTestPlugin\CMakeFiles\AL_USDMayaTestPlugin.dir\AL\usdmaya\fileio\export_lattice.cpp.obj
[2022-07-14T13:59:22.912Z]     [587/663] Building CXX object plugin\al\plugin\AL_USDMayaTestPlugin\CMakeFiles\AL_USDMayaTestPlugin.dir\AL\usdmaya\fileio\export_constraints.cpp.obj
[2022-07-14T13:59:23.619Z]     [588/663] Building CXX object plugin\al\plugin\AL_USDMayaTestPlugin\CMakeFiles\AL_USDMayaTestPlugin.dir\AL\usdmaya\fileio\export_unmerged.cpp.obj
[2022-07-14T13:59:23.620Z]     [589/663] Building CXX object plugin\al\plugin\AL_USDMayaTestPlugin\CMakeFiles\AL_USDMayaTestPlugin.dir\AL\usdmaya\fileio\export_import_instancing.cpp.obj
[2022-07-14T13:59:24.325Z]     [590/663] Building CXX object plugin\al\plugin\AL_USDMayaTestPlugin\CMakeFiles\AL_USDMayaTestPlugin.dir\AL\usdmaya\fileio\import_instances.cpp.obj
[2022-07-14T13:59:24.325Z]     [591/663] Building CXX object plugin\al\plugin\AL_USDMayaTestPlugin\CMakeFiles\AL_USDMayaTestPlugin.dir\AL\usdmaya\fileio\import_playback_range.cpp.obj
[2022-07-14T13:59:25.031Z]     [592/663] Building CXX object plugin\al\plugin\AL_USDMayaTestPlugin\CMakeFiles\AL_USDMayaTestPlugin.dir\AL\usdmaya\fileio\test_activeInActiveTranslators.cpp.obj
[2022-07-14T13:59:26.171Z]     [593/663] Building CXX object plugin\al\plugin\AL_USDMayaTestPlugin\CMakeFiles\AL_USDMayaTestPlugin.dir\AL\usdmaya\nodes\proxy\test_PrimFilter.cpp.obj
[2022-07-14T13:59:26.503Z]     [594/663] Building CXX object plugin\al\plugin\AL_USDMayaTestPlugin\CMakeFiles\AL_USDMayaTestPlugin.dir\AL\usdmaya\fileio\export_nonlinear.cpp.obj
[2022-07-14T13:59:28.741Z]     [595/663] Building CXX object plugin\al\plugin\AL_USDMayaTestPlugin\CMakeFiles\AL_USDMayaTestPlugin.dir\AL\usdmaya\nodes\test_LayerManager.cpp.obj
[2022-07-14T13:59:28.741Z]     [596/663] Building CXX object plugin\al\plugin\AL_USDMayaTestPlugin\CMakeFiles\AL_USDMayaTestPlugin.dir\AL\usdmaya\nodes\test_ExtraDataPlugin.cpp.obj
[2022-07-14T13:59:30.387Z]     [597/663] Building CXX object plugin\al\plugin\AL_USDMayaTestPlugin\CMakeFiles\AL_USDMayaTestPlugin.dir\AL\usdmaya\nodes\test_lockPrims.cpp.obj
[2022-07-14T13:59:30.719Z]     [598/663] Building CXX object plugin\al\plugin\AL_USDMayaTestPlugin\CMakeFiles\AL_USDMayaTestPlugin.dir\AL\usdmaya\nodes\test_ProxyShape.cpp.obj
[2022-07-14T13:59:30.719Z]     [599/663] Building CXX object plugin\al\plugin\AL_USDMayaTestPlugin\CMakeFiles\AL_USDMayaTestPlugin.dir\AL\usdmaya\nodes\test_ProxyUsdGeomCamera.cpp.obj
[2022-07-14T13:59:31.526Z]     [600/663] Building CXX object plugin\al\plugin\AL_USDMayaTestPlugin\CMakeFiles\AL_USDMayaTestPlugin.dir\AL\usdmaya\nodes\test_ScopeMatrix.cpp.obj
[2022-07-14T13:59:32.231Z]     [601/663] Building CXX object plugin\al\plugin\AL_USDMayaTestPlugin\CMakeFiles\AL_USDMayaTestPlugin.dir\AL\usdmaya\nodes\test_ProxyShapeSelectabilityDB.cpp.obj
[2022-07-14T13:59:32.562Z]     [602/663] Building CXX object plugin\al\plugin\AL_USDMayaTestPlugin\CMakeFiles\AL_USDMayaTestPlugin.dir\AL\usdmaya\nodes\test_ActiveInactive.cpp.obj
[2022-07-14T13:59:32.894Z]     [603/663] Building CXX object plugin\al\plugin\AL_USDMayaTestPlugin\CMakeFiles\AL_USDMayaTestPlugin.dir\AL\usdmaya\nodes\test_Transform.cpp.obj
[2022-07-14T13:59:33.226Z]     [604/663] Building CXX object plugin\al\plugin\AL_USDMayaTestPlugin\CMakeFiles\AL_USDMayaTestPlugin.dir\test_translators_CameraTranslator.cpp.obj
[2022-07-14T13:59:34.371Z]     [605/663] Building CXX object plugin\al\plugin\AL_USDMayaTestPlugin\CMakeFiles\AL_USDMayaTestPlugin.dir\AL\usdmaya\nodes\test_TransformMatrix.cpp.obj
[2022-07-14T13:59:35.078Z]     [606/663] Building CXX object plugin\al\plugin\AL_USDMayaTestPlugin\CMakeFiles\AL_USDMayaTestPlugin.dir\test_translators_AnimationTranslator.cpp.obj
[2022-07-14T13:59:36.221Z]     [607/663] Building CXX object plugin\al\plugin\AL_USDMayaTestPlugin\CMakeFiles\AL_USDMayaTestPlugin.dir\AL\usdmaya\test_DiffPrimVar.cpp.obj
[2022-07-14T13:59:36.939Z]     [608/663] Building CXX object plugin\al\schemas\AL\usd\schemas\maya\CMakeFiles\AL_USDMayaSchemas.dir\tokens.cpp.obj
[2022-07-14T13:59:37.272Z]     [609/663] Building CXX object plugin\al\schemas\AL\usd\schemas\maya\CMakeFiles\_AL_USDMayaSchemas.dir\module.cpp.obj
[2022-07-14T13:59:37.272Z]     [610/663] Building CXX object plugin\al\plugin\AL_USDMayaTestPlugin\CMakeFiles\AL_USDMayaTestPlugin.dir\AL\usdmaya\nodes\test_TranslatorContext.cpp.obj
[2022-07-14T13:59:37.986Z]     [611/663] Building CXX object plugin\al\schemas\AL\usd\schemas\maya\CMakeFiles\AL_USDMayaSchemas.dir\ModuleDeps.cpp.obj
[2022-07-14T13:59:39.135Z]     [612/663] Building CXX object plugin\al\plugin\AL_USDMayaTestPlugin\CMakeFiles\AL_USDMayaTestPlugin.dir\AL\usdmaya\test_DiffGeom.cpp.obj
[2022-07-14T13:59:39.470Z]     [613/663] Building CXX object plugin\al\schemas\AL\usd\schemas\maya\CMakeFiles\AL_USDMayaSchemas.dir\FrameRange.cpp.obj
[2022-07-14T13:59:39.470Z]     [614/663] Building CXX object plugin\al\plugin\AL_USDMayaTestPlugin\CMakeFiles\AL_USDMayaTestPlugin.dir\AL\usdmaya\nodes\test_VariantFallbacks.cpp.obj
[2022-07-14T13:59:39.805Z]     [615/663] Building CXX object plugin\al\schemas\AL\usd\schemas\maya\CMakeFiles\AL_USDMayaSchemas.dir\ModelAPI.cpp.obj
[2022-07-14T13:59:39.805Z]     [616/663] Building CXX object plugin\al\plugin\AL_USDMayaTestPlugin\CMakeFiles\AL_USDMayaTestPlugin.dir\test_translators_NurbsCurveTranslator.cpp.obj
[2022-07-14T13:59:39.805Z]     [617/663] Building CXX object plugin\al\schemas\AL\usd\schemas\maya\tests\CMakeFiles\testMayaSchemas.dir\main.cpp.obj
[2022-07-14T13:59:40.148Z]     [618/663] Building CXX object plugin\al\plugin\AL_USDMayaTestPlugin\CMakeFiles\AL_USDMayaTestPlugin.dir\test_translators_Translator.cpp.obj
[2022-07-14T13:59:40.481Z]     [619/663] Building CXX object plugin\al\schemas\AL\usd\schemas\mayatest\CMakeFiles\_AL_USDMayaSchemasTest.dir\module.cpp.obj
[2022-07-14T13:59:40.481Z]     [620/663] Building CXX object plugin\al\plugin\AL_USDMayaTestPlugin\CMakeFiles\AL_USDMayaTestPlugin.dir\test_usdmaya.cpp.obj
[2022-07-14T13:59:40.481Z]     [621/663] Building CXX object plugin\al\plugin\AL_USDMayaTestPlugin\CMakeFiles\AL_USDMayaTestPlugin.dir\test_translators_PythonBindings.cpp.obj
[2022-07-14T13:59:40.481Z]     [622/663] Linking CXX shared library plugin\al\schemas\AL\usd\schemas\maya\AL_USDMayaSchemas.dll
[2022-07-14T13:59:40.813Z]     [623/663] Building CXX object plugin\al\schemas\AL\usd\schemas\mayatest\CMakeFiles\AL_USDMayaSchemasTest.dir\tokens.cpp.obj
[2022-07-14T13:59:41.523Z]     [624/663] Building CXX object plugin\al\schemas\AL\usd\schemas\maya\CMakeFiles\_AL_USDMayaSchemas.dir\wrapTokens.cpp.obj
[2022-07-14T13:59:41.854Z]     [625/663] Building CXX object plugin\al\translators\CMakeFiles\AL_USDMayaTranslators.dir\CommonTranslatorOptions.cpp.obj
[2022-07-14T13:59:43.002Z]     [626/663] Building CXX object plugin\al\plugin\AL_USDMayaTestPlugin\CMakeFiles\AL_USDMayaTestPlugin.dir\test_translators_DgTranslator.cpp.obj
[2022-07-14T13:59:43.341Z]     [627/663] Building CXX object plugin\al\plugin\AL_USDMayaTestPlugin\CMakeFiles\AL_USDMayaTestPlugin.dir\test_usdmaya_AttributeType.cpp.obj
[2022-07-14T13:59:43.672Z]     [628/663] Building CXX object plugin\al\schemas\AL\usd\schemas\mayatest\CMakeFiles\AL_USDMayaSchemasTest.dir\ModuleDeps.cpp.obj
[2022-07-14T13:59:44.005Z]     [629/663] Building CXX object plugin\al\plugin\AL_USDMayaTestPlugin\CMakeFiles\AL_USDMayaTestPlugin.dir\test_translators_TransformTranslator.cpp.obj
[2022-07-14T13:59:44.338Z]     [630/663] Building CXX object plugin\al\translators\pxrUsdTranslators\CMakeFiles\AL_USDMayaPxrTranslators.dir\plugin.cpp.obj
[2022-07-14T13:59:44.338Z]     [631/663] Building CXX object plugin\al\plugin\AL_USDMayaTestPlugin\CMakeFiles\AL_USDMayaTestPlugin.dir\test_translators_MeshTranslator.cpp.obj
[2022-07-14T13:59:45.043Z]     [632/663] Building CXX object plugin\al\schemas\AL\usd\schemas\mayatest\CMakeFiles\_AL_USDMayaSchemasTest.dir\wrapTokens.cpp.obj
[2022-07-14T13:59:45.043Z]     [633/663] Building CXX object plugin\adsk\plugin\CMakeFiles\mayaUsdPlugin.dir\adskListJobContextsCommand.cpp.obj
[2022-07-14T13:59:45.374Z]     [634/663] Building CXX object plugin\al\schemas\AL\usd\schemas\maya\CMakeFiles\_AL_USDMayaSchemas.dir\wrapModelAPI.cpp.obj
[2022-07-14T13:59:47.613Z]     [635/663] Building CXX object plugin\al\schemas\AL\usd\schemas\maya\CMakeFiles\_AL_USDMayaSchemas.dir\wrapFrameRange.cpp.obj
[2022-07-14T13:59:47.944Z]     [636/663] Building CXX object plugin\al\schemas\AL\usd\schemas\maya\tests\CMakeFiles\testMayaSchemas.dir\testMayaSchemas.cpp.obj
[2022-07-14T13:59:47.944Z]     [637/663] Linking CXX shared library plugin\al\schemas\AL\usd\schemas\maya\_AL_USDMayaSchemas.pyd
[2022-07-14T13:59:48.275Z]     [638/663] Building CXX object plugin\al\schemas\AL\usd\schemas\mayatest\CMakeFiles\AL_USDMayaSchemasTest.dir\ExamplePolyCubeNode.cpp.obj
[2022-07-14T13:59:48.275Z]     [639/663] Building CXX object plugin\al\schemas\AL\usd\schemas\maya\tests\CMakeFiles\testMayaSchemas.dir\testModelAPI.cpp.obj
[2022-07-14T13:59:48.275Z]     [640/663] Building CXX object plugin\adsk\plugin\CMakeFiles\mayaUsdPlugin.dir\adskListShadingModesCommand.cpp.obj
[2022-07-14T13:59:48.982Z]     [641/663] Linking CXX executable plugin\al\schemas\AL\usd\schemas\maya\tests\testMayaSchemas.exe
[2022-07-14T13:59:48.982Z]     [642/663] Linking CXX shared library plugin\al\schemas\AL\usd\schemas\mayatest\AL_USDMayaSchemasTest.dll
[2022-07-14T13:59:48.982Z]     [643/663] Building CXX object plugin\al\translators\CMakeFiles\AL_USDMayaTranslators.dir\FrameRange.cpp.obj
[2022-07-14T13:59:49.712Z]     [644/663] Building CXX object plugin\al\translators\CMakeFiles\AL_USDMayaTranslators.dir\Camera.cpp.obj
[2022-07-14T13:59:49.712Z]     [645/663] Building CXX object plugin\al\schemas\AL\usd\schemas\mayatest\CMakeFiles\_AL_USDMayaSchemasTest.dir\wrapExamplePolyCubeNode.cpp.obj
[2022-07-14T13:59:50.429Z]     [646/663] Linking CXX shared library plugin\al\schemas\AL\usd\schemas\mayatest\_AL_USDMayaSchemasTest.pyd
[2022-07-14T13:59:50.763Z]     [647/663] Building CXX object plugin\al\translators\CMakeFiles\AL_USDMayaTranslators.dir\MayaReference.cpp.obj
[2022-07-14T13:59:50.763Z]     [648/663] Building CXX object plugin\al\translators\CMakeFiles\AL_USDMayaTranslators.dir\Mesh.cpp.obj
[2022-07-14T13:59:51.096Z]     [649/663] Building CXX object plugin\adsk\plugin\CMakeFiles\mayaUsdPlugin.dir\adskImportCommand.cpp.obj
[2022-07-14T13:59:51.096Z]     [650/663] Building CXX object plugin\al\translators\CMakeFiles\AL_USDMayaTranslators.dir\DirectionalLight.cpp.obj
[2022-07-14T13:59:51.096Z]     [651/663] Linking CXX shared library plugin\al\plugin\AL_USDMayaTestPlugin\AL_USDMayaTestPlugin.mll
[2022-07-14T13:59:51.804Z]     [652/663] Building CXX object plugin\adsk\plugin\CMakeFiles\mayaUsdPlugin.dir\adskStageLoadUnloadCommands.cpp.obj
[2022-07-14T13:59:51.804Z]     [653/663] Building CXX object plugin\al\translators\CMakeFiles\AL_USDMayaTranslators.dir\NurbsCurve.cpp.obj
[2022-07-14T13:59:52.135Z]     [654/663] Building CXX object plugin\adsk\plugin\CMakeFiles\mayaUsdPlugin.dir\adskExportCommand.cpp.obj
[2022-07-14T13:59:52.467Z]     [655/663] Building CXX object plugin\al\translators\pxrUsdTranslators\CMakeFiles\AL_USDMayaPxrTranslators.dir\ProxyShapeTranslator.cpp.obj
[2022-07-14T13:59:52.467Z]     [656/663] Linking CXX shared library plugin\al\translators\AL_USDMayaTranslators.dll
[2022-07-14T13:59:53.174Z]     [657/663] Linking CXX shared library plugin\al\translators\pxrUsdTranslators\AL_USDMayaPxrTranslators.mll
[2022-07-14T13:59:54.858Z]     [658/663] Building CXX object plugin\adsk\plugin\CMakeFiles\mayaUsdPlugin.dir\exportTranslator.cpp.obj
[2022-07-14T13:59:55.190Z]     [659/663] Building CXX object plugin\adsk\plugin\CMakeFiles\mayaUsdPlugin.dir\ProxyShape.cpp.obj
[2022-07-14T13:59:55.190Z]     [660/663] Building CXX object plugin\adsk\plugin\CMakeFiles\mayaUsdPlugin.dir\geomNode.cpp.obj
[2022-07-14T13:59:55.525Z]     [661/663] Building CXX object plugin\adsk\plugin\CMakeFiles\mayaUsdPlugin.dir\plugin.cpp.obj
[2022-07-14T13:59:55.525Z]     [662/663] Building CXX object plugin\adsk\plugin\CMakeFiles\mayaUsdPlugin.dir\importTranslator.cpp.obj
[2022-07-14T13:59:56.680Z]     [663/663] Linking CXX shared module plugin\adsk\plugin\mayaUsdPlugin.mll
[2022-07-14T13:59:56.680Z]     
[2022-07-14T13:59:56.680Z]         Building with settings:
[2022-07-14T13:59:56.680Z]           Source directory          S:\jenkins\workspace\ECP\ecg-maya-usd\ecg-mayausd-branch-preflight-2020-windows\ecg-maya-usd\maya-usd
[2022-07-14T13:59:56.680Z]           Workspace directory       W:\
[2022-07-14T13:59:56.680Z]           Build directory           W:\build\RelWithDebInfo
[2022-07-14T13:59:56.680Z]           Install directory         W:\install\RelWithDebInfo\MayaUSD
[2022-07-14T13:59:56.680Z]           Variant                   RelWithDebInfo
[2022-07-14T13:59:56.680Z]           Python Debug              Off
[2022-07-14T13:59:56.680Z]           CMake generator           Ninja
[2022-07-14T13:59:56.680Z]           Build arguments           ['-DCMAKE_MAKE_PROGRAM=P:/shared/Artifactory/Windows/ninja/1.9.0/c68f192/ninja.exe', '-DPYTHON_INCLUDE_DIR=P:/shared/Artifactory/Windows/rundev-2020/202107140359/runtime/5d64bf0/runTime/include/Python', '-DPython_EXECUTABLE=P:/shared/Artifactory/Windows/rundev-2020/202107140359/runtime/5d64bf0/runTime/bin/mayapy.exe', '-DPYTHON_LIBRARIES=P:/shared/Artifactory/Windows/rundev-2020/202107140359/runtime/5d64bf0/runTime/lib/python27.lib', '-DUSD_LIB_PREFIX=', '-DCMAKE_WANT_MATERIALX_BUILD=ON', '-DCMAKE_PREFIX_PATH=P:\\shared\\Artifactory\\Windows\\USD\\c1313e5']
[2022-07-14T13:59:56.680Z]           Stages arguments          ['build']
[2022-07-14T13:59:56.680Z]           CTest arguments           ['-E testUsdReferenceAssemblySelection|testUsdMayaAppDir', '-LE interactive', '--parallel 16']
[2022-07-14T13:59:56.680Z]     Success MayaUSD build and install !!!!
[2022-07-14T13:59:56.680Z]     Elapsed time: 00:04:43
[Pipeline] bat
[2022-07-14T13:59:57.240Z] Deleting alias drive W:
[Pipeline] bat
[2022-07-14T13:59:57.784Z] Deleting alias drive P:
[Pipeline] }
[Pipeline] // withEnv
[Pipeline] }
[Pipeline] // timeout
[Pipeline] }
[Pipeline] // stage
[Pipeline] }
[Pipeline] // timestamps
[Pipeline] timestamps
[Pipeline] {
[Pipeline] stage
[Pipeline] { (Install)
[Pipeline] timeout
[2022-07-14T13:59:57.963Z] Timeout set to expire in 6 hr 0 min
[Pipeline] {
[Pipeline] withEnv
[Pipeline] {
[Pipeline] bat
[2022-07-14T13:59:58.502Z] Creating alias drive P: to S:\jenkins\workspace
[Pipeline] bat
[2022-07-14T13:59:59.052Z] Creating alias drive W: to S:\jenkins\workspace\ECP\ecg-maya-usd\ecg-mayausd-branch-preflight-2020-windows
[Pipeline] bat
[2022-07-14T13:59:59.749Z] "C:\Program Files (x86)\Microsoft Visual Studio\2017\Professional\VC\Auxiliary\Build\vcvarsall.bat" x64
[2022-07-14T13:59:59.749Z] **********************************************************************
[2022-07-14T13:59:59.749Z] ** Visual Studio 2017 Developer Command Prompt v15.9.15
[2022-07-14T13:59:59.749Z] ** Copyright (c) 2017 Microsoft Corporation
[2022-07-14T13:59:59.749Z] **********************************************************************
[2022-07-14T14:00:00.458Z] [vcvarsall.bat] Environment initialized for: 'x64'
[2022-07-14T14:00:00.458Z] python ecg-maya-usd/build.py --stages=install --workspace-dir=W:\ --artifactory-dir=P:\shared\Artifactory --build-dir=W:\build --install-dir=W:\install --signing-dir=W:\signing --package-dir=W:\package --output-dir=W:\output --stash-dir=W:\stash --jenkins-build=125 --git-commit=8a01545978301da85ab32b5cbb83cd7c7d59361b --git-branch=master --variants=RelWithDebInfo --python=2.7 --post-zips=false --maya-cut-config=maya-rundev-2020.yaml --maya-package=rundev-2020 --stage-banner
[2022-07-14T14:00:01.633Z] Using Maya cut from P:\shared\Artifactory\Windows\rundev-2020\202107140359\runtime\5d64bf0
[2022-07-14T14:00:01.633Z] Using Maya ADSK Signatures from P:\shared\Artifactory\Windows\adsk-plugin-signatures-maya\2023\c1dbfce
[2022-07-14T14:00:01.633Z] Using Maya Security Library from P:\shared\Artifactory\Windows\maya-security-library\3.1.0\084709f
[2022-07-14T14:00:01.633Z] 
[2022-07-14T14:00:01.633Z] ================================================================================
[2022-07-14T14:00:01.633Z]                             install (RelWithDebInfo)
[2022-07-14T14:00:01.633Z] ================================================================================
[2022-07-14T14:00:01.633Z] Maya Python RelWithDebInfo Info:
[2022-07-14T14:00:01.633Z]   mayapy executable   = P:\shared\Artifactory\Windows\rundev-2020\202107140359\runtime\5d64bf0\runTime\bin\mayapy.exe
[2022-07-14T14:00:01.633Z]   Include Folder      = P:\shared\Artifactory\Windows\rundev-2020\202107140359\runtime\5d64bf0\runTime\include\Python
[2022-07-14T14:00:01.633Z]   Library             = P:\shared\Artifactory\Windows\rundev-2020\202107140359\runtime\5d64bf0\runTime\lib\python27.lib
[2022-07-14T14:00:01.634Z]   site-package Folder = P:\shared\Artifactory\Windows\rundev-2020\202107140359\runtime\5d64bf0\runTime\Python\Lib\site-packages
[2022-07-14T14:00:02.389Z] In workdir: S:\jenkins\workspace\ECP\ecg-maya-usd\ecg-mayausd-branch-preflight-2020-windows\ecg-maya-usd\maya-usd
[2022-07-14T14:00:02.389Z] Executing: 'P:\\shared\\Artifactory\\Windows\\rundev-2020\\202107140359\\runtime\\5d64bf0\\runTime\\bin\\mayapy.exe' 'S:\\jenkins\\workspace\\ECP\\ecg-maya-usd\\ecg-mayausd-branch-preflight-2020-windows\\ecg-maya-usd\\maya-usd\\build.py' --generator Ninja --build-relwithdebug --maya-location 'P:\\shared\\Artifactory\\Windows\\rundev-2020\\202107140359\\runtime\\5d64bf0\\runTime' --devkit-location 'P:\\shared\\Artifactory\\Windows\\rundev-2020\\202107140359\\runtime\\5d64bf0\\devkitBase' --pxrusd-location 'P:\\shared\\Artifactory\\Windows\\USD\\c1313e5' --qt-location 'P:\\shared\\Artifactory\\Windows\\qt\\5.12.5\\4755980' '--build-args=-DCMAKE_MAKE_PROGRAM=P:/shared/Artifactory/Windows/ninja/1.9.0/c68f192/ninja.exe,-DPYTHON_INCLUDE_DIR=P:/shared/Artifactory/Windows/rundev-2020/202107140359/runtime/5d64bf0/runTime/include/Python,-DPython_EXECUTABLE=P:/shared/Artifactory/Windows/rundev-2020/202107140359/runtime/5d64bf0/runTime/bin/mayapy.exe,-DPYTHON_LIBRARIES=P:/shared/Artifactory/Windows/rundev-2020/202107140359/runtime/5d64bf0/runTime/lib/python27.lib,-DUSD_LIB_PREFIX=,-DCMAKE_WANT_MATERIALX_BUILD=ON,-DCMAKE_PREFIX_PATH=P:\\shared\\Artifactory\\Windows\\USD\\c1313e5' '--ctest-args=-E testUsdReferenceAssemblySelection|testUsdMayaAppDir,-LE interactive,--parallel 16' --stages=install --redirect-outstream-file=False --install-location 'W:\\install\\RelWithDebInfo\\MayaUSD' 'W:\\'
[2022-07-14T14:00:02.389Z] Modified environment variables:
[2022-07-14T14:00:02.389Z]     PATH=P:\shared\Artifactory\Windows\cmake\3.20.3\afe857a\bin;C:\Python27\lib\site-packages\pywin32_system32;C:\Program Files (x86)\Microsoft Visual Studio\2017\Professional\VC\Tools\MSVC\14.16.27023\bin\HostX64\x64;C:\Program Files (x86)\Microsoft Visual Studio\2017\Professional\Common7\IDE\VC\VCPackages;C:\Program Files (x86)\Microsoft Visual Studio\2017\Professional\Common7\IDE\CommonExtensions\Microsoft\TestWindow;C:\Program Files (x86)\Microsoft Visual Studio\2017\Professional\Common7\IDE\CommonExtensions\Microsoft\TeamFoundation\Team Explorer;C:\Program Files (x86)\Microsoft Visual Studio\2017\Professional\MSBuild\15.0\bin\Roslyn;C:\Program Files (x86)\Microsoft Visual Studio\2017\Professional\Team Tools\Performance Tools\x64;C:\Program Files (x86)\Microsoft Visual Studio\2017\Professional\Team Tools\Performance Tools;C:\Program Files (x86)\Microsoft Visual Studio\Shared\Common\VSPerfCollectionTools\\x64;C:\Program Files (x86)\Microsoft Visual Studio\Shared\Common\VSPerfCollectionTools\;C:\Program Files (x86)\Microsoft SDKs\Windows\v10.0A\bin\NETFX 4.6.1 Tools\x64\;C:\Program Files (x86)\HTML Help Workshop;C:\Program Files (x86)\Windows Kits\10\bin\10.0.18362.0\x64;C:\Program Files (x86)\Windows Kits\10\bin\x64;C:\Program Files (x86)\Microsoft Visual Studio\2017\Professional\\MSBuild\15.0\bin;C:\WINDOWS\Microsoft.NET\Framework64\v4.0.30319;C:\Program Files (x86)\Microsoft Visual Studio\2017\Professional\Common7\IDE\;C:\Program Files (x86)\Microsoft Visual Studio\2017\Professional\Common7\Tools\;C:\Python27\;C:\Python27\Scripts;C:\WINDOWS\system32;C:\WINDOWS;C:\WINDOWS\System32\Wbem;C:\WINDOWS\System32\WindowsPowerShell\v1.0\;C:\WINDOWS\System32\OpenSSH\;C:\ProgramData\chocolatey\bin;C:\Program Files (x86)\WiX Toolset v3.7\bin;C:\Program Files\dotnet\;C:\Program Files (x86)\Windows Kits\10\bin\10.0.18362.0\x64;C:\Program Files\Zulu\zulu-11\bin\;C:\Program Files (x86)\Windows Kits\10\bin\10.0.17763.0\x64;C:\Program Files (x86)\Windows Kits\10\bin\x64;C:\Program Files\Git\cmd;C:\Program Files\Git\usr\bin;C:\Program Files\Git\mingw64\bin;C:\Program Files\Git\bin;C:\Python38\;C:\Python38\Scripts;C:\StoreBoxClientWindows;C:\Program Files\Electric Cloud\ElectricCommander\bin;C:\Program Files\WinRAR;C:\Program Files\7-Zip;C:\Users\Administrator\AppData\Local\Microsoft\WindowsApps;C:\Program Files (x86)\Microsoft Visual Studio\2017\Professional\Common7\IDE\CommonExtensions\Microsoft\CMake\CMake\bin;C:\Program Files (x86)\Microsoft Visual Studio\2017\Professional\Common7\IDE\CommonExtensions\Microsoft\CMake\Ninja
[2022-07-14T14:00:02.722Z]     [1/8] Automatic MOC and UIC for target mayaUsdUI
[2022-07-14T14:00:02.722Z]     [2/5] Automatic MOC and UIC for target testMayaUsdUI
[2022-07-14T14:00:02.722Z]     [2/3] Install the project...
[2022-07-14T14:00:03.056Z]     -- Install configuration: "RelWithDebInfo"
[2022-07-14T14:00:06.014Z]     
[2022-07-14T14:00:06.014Z]         Building with settings:
[2022-07-14T14:00:06.014Z]           Source directory          S:\jenkins\workspace\ECP\ecg-maya-usd\ecg-mayausd-branch-preflight-2020-windows\ecg-maya-usd\maya-usd
[2022-07-14T14:00:06.014Z]           Workspace directory       W:\
[2022-07-14T14:00:06.014Z]           Build directory           W:\build\RelWithDebInfo
[2022-07-14T14:00:06.014Z]           Install directory         W:\install\RelWithDebInfo\MayaUSD
[2022-07-14T14:00:06.014Z]           Variant                   RelWithDebInfo
[2022-07-14T14:00:06.014Z]           Python Debug              Off
[2022-07-14T14:00:06.014Z]           CMake generator           Ninja
[2022-07-14T14:00:06.014Z]           Build arguments           ['-DCMAKE_MAKE_PROGRAM=P:/shared/Artifactory/Windows/ninja/1.9.0/c68f192/ninja.exe', '-DPYTHON_INCLUDE_DIR=P:/shared/Artifactory/Windows/rundev-2020/202107140359/runtime/5d64bf0/runTime/include/Python', '-DPython_EXECUTABLE=P:/shared/Artifactory/Windows/rundev-2020/202107140359/runtime/5d64bf0/runTime/bin/mayapy.exe', '-DPYTHON_LIBRARIES=P:/shared/Artifactory/Windows/rundev-2020/202107140359/runtime/5d64bf0/runTime/lib/python27.lib', '-DUSD_LIB_PREFIX=', '-DCMAKE_WANT_MATERIALX_BUILD=ON', '-DCMAKE_PREFIX_PATH=P:\\shared\\Artifactory\\Windows\\USD\\c1313e5']
[2022-07-14T14:00:06.014Z]           Stages arguments          ['install']
[2022-07-14T14:00:06.014Z]           CTest arguments           ['-E testUsdReferenceAssemblySelection|testUsdMayaAppDir', '-LE interactive', '--parallel 16']
[2022-07-14T14:00:06.014Z]     Success MayaUSD build and install !!!!
[2022-07-14T14:00:06.014Z]     Elapsed time: 00:00:03
[Pipeline] bat
[2022-07-14T14:00:06.716Z] Deleting alias drive W:
[Pipeline] bat
[2022-07-14T14:00:07.265Z] Deleting alias drive P:
[Pipeline] }
[Pipeline] // withEnv
[Pipeline] }
[Pipeline] // timeout
[Pipeline] }
[Pipeline] // stage
[Pipeline] }
[Pipeline] // timestamps
[Pipeline] timestamps
[Pipeline] {
[Pipeline] stage
[Pipeline] { (Test)
[Pipeline] timeout
[2022-07-14T14:00:07.465Z] Timeout set to expire in 6 hr 0 min
[Pipeline] {
[Pipeline] withEnv
[Pipeline] {
[Pipeline] bat
[2022-07-14T14:00:08.014Z] Creating alias drive P: to S:\jenkins\workspace
[Pipeline] bat
[2022-07-14T14:00:08.572Z] Creating alias drive W: to S:\jenkins\workspace\ECP\ecg-maya-usd\ecg-mayausd-branch-preflight-2020-windows
[Pipeline] bat
[2022-07-14T14:00:09.276Z] "C:\Program Files (x86)\Microsoft Visual Studio\2017\Professional\VC\Auxiliary\Build\vcvarsall.bat" x64
[2022-07-14T14:00:09.276Z] **********************************************************************
[2022-07-14T14:00:09.276Z] ** Visual Studio 2017 Developer Command Prompt v15.9.15
[2022-07-14T14:00:09.276Z] ** Copyright (c) 2017 Microsoft Corporation
[2022-07-14T14:00:09.276Z] **********************************************************************
[2022-07-14T14:00:10.421Z] [vcvarsall.bat] Environment initialized for: 'x64'
[2022-07-14T14:00:10.421Z] python ecg-maya-usd/build.py --stages=test --workspace-dir=W:\ --artifactory-dir=P:\shared\Artifactory --build-dir=W:\build --install-dir=W:\install --signing-dir=W:\signing --package-dir=W:\package --output-dir=W:\output --stash-dir=W:\stash --jenkins-build=125 --git-commit=8a01545978301da85ab32b5cbb83cd7c7d59361b --git-branch=master --variants=RelWithDebInfo --python=2.7 --post-zips=false --test-jobs=0 --failed-test-retry=3 --maya-cut-config=maya-rundev-2020.yaml --maya-package=rundev-2020 --stage-banner --progressive-timeout
[2022-07-14T14:00:11.130Z] Using Maya cut from P:\shared\Artifactory\Windows\rundev-2020\202107140359\runtime\5d64bf0
[2022-07-14T14:00:11.130Z] Using Maya ADSK Signatures from P:\shared\Artifactory\Windows\adsk-plugin-signatures-maya\2023\c1dbfce
[2022-07-14T14:00:11.130Z] Using Maya Security Library from P:\shared\Artifactory\Windows\maya-security-library\3.1.0\084709f
[2022-07-14T14:00:11.130Z] 
[2022-07-14T14:00:11.130Z] ================================================================================
[2022-07-14T14:00:11.130Z]                              test (RelWithDebInfo)
[2022-07-14T14:00:11.130Z] ================================================================================
[2022-07-14T14:00:11.130Z] Maya Python RelWithDebInfo Info:
[2022-07-14T14:00:11.130Z]   mayapy executable   = P:\shared\Artifactory\Windows\rundev-2020\202107140359\runtime\5d64bf0\runTime\bin\mayapy.exe
[2022-07-14T14:00:11.130Z]   Include Folder      = P:\shared\Artifactory\Windows\rundev-2020\202107140359\runtime\5d64bf0\runTime\include\Python
[2022-07-14T14:00:11.130Z]   Library             = P:\shared\Artifactory\Windows\rundev-2020\202107140359\runtime\5d64bf0\runTime\lib\python27.lib
[2022-07-14T14:00:11.130Z]   site-package Folder = P:\shared\Artifactory\Windows\rundev-2020\202107140359\runtime\5d64bf0\runTime\Python\Lib\site-packages
[2022-07-14T14:00:11.838Z] In workdir: S:\jenkins\workspace\ECP\ecg-maya-usd\ecg-mayausd-branch-preflight-2020-windows\ecg-maya-usd\maya-usd
[2022-07-14T14:00:11.838Z] Executing: 'P:\\shared\\Artifactory\\Windows\\rundev-2020\\202107140359\\runtime\\5d64bf0\\runTime\\bin\\mayapy.exe' 'S:\\jenkins\\workspace\\ECP\\ecg-maya-usd\\ecg-mayausd-branch-preflight-2020-windows\\ecg-maya-usd\\maya-usd\\build.py' --generator Ninja --build-relwithdebug --maya-location 'P:\\shared\\Artifactory\\Windows\\rundev-2020\\202107140359\\runtime\\5d64bf0\\runTime' --devkit-location 'P:\\shared\\Artifactory\\Windows\\rundev-2020\\202107140359\\runtime\\5d64bf0\\devkitBase' --pxrusd-location 'P:\\shared\\Artifactory\\Windows\\USD\\c1313e5' --qt-location 'P:\\shared\\Artifactory\\Windows\\qt\\5.12.5\\4755980' '--build-args=-DCMAKE_MAKE_PROGRAM=P:/shared/Artifactory/Windows/ninja/1.9.0/c68f192/ninja.exe,-DPYTHON_INCLUDE_DIR=P:/shared/Artifactory/Windows/rundev-2020/202107140359/runtime/5d64bf0/runTime/include/Python,-DPython_EXECUTABLE=P:/shared/Artifactory/Windows/rundev-2020/202107140359/runtime/5d64bf0/runTime/bin/mayapy.exe,-DPYTHON_LIBRARIES=P:/shared/Artifactory/Windows/rundev-2020/202107140359/runtime/5d64bf0/runTime/lib/python27.lib,-DUSD_LIB_PREFIX=,-DCMAKE_WANT_MATERIALX_BUILD=ON,-DCMAKE_PREFIX_PATH=P:\\shared\\Artifactory\\Windows\\USD\\c1313e5' '--ctest-args=-E testUsdReferenceAssemblySelection|testUsdMayaAppDir,-LE interactive,--parallel 16' --stages=test --redirect-outstream-file=False --install-location 'W:\\install\\RelWithDebInfo\\MayaUSD' 'W:\\'
[2022-07-14T14:00:11.838Z] Modified environment variables:
[2022-07-14T14:00:11.838Z]     PATH=P:\shared\Artifactory\Windows\cmake\3.20.3\afe857a\bin;C:\Python27\lib\site-packages\pywin32_system32;C:\Program Files (x86)\Microsoft Visual Studio\2017\Professional\VC\Tools\MSVC\14.16.27023\bin\HostX64\x64;C:\Program Files (x86)\Microsoft Visual Studio\2017\Professional\Common7\IDE\VC\VCPackages;C:\Program Files (x86)\Microsoft Visual Studio\2017\Professional\Common7\IDE\CommonExtensions\Microsoft\TestWindow;C:\Program Files (x86)\Microsoft Visual Studio\2017\Professional\Common7\IDE\CommonExtensions\Microsoft\TeamFoundation\Team Explorer;C:\Program Files (x86)\Microsoft Visual Studio\2017\Professional\MSBuild\15.0\bin\Roslyn;C:\Program Files (x86)\Microsoft Visual Studio\2017\Professional\Team Tools\Performance Tools\x64;C:\Program Files (x86)\Microsoft Visual Studio\2017\Professional\Team Tools\Performance Tools;C:\Program Files (x86)\Microsoft Visual Studio\Shared\Common\VSPerfCollectionTools\\x64;C:\Program Files (x86)\Microsoft Visual Studio\Shared\Common\VSPerfCollectionTools\;C:\Program Files (x86)\Microsoft SDKs\Windows\v10.0A\bin\NETFX 4.6.1 Tools\x64\;C:\Program Files (x86)\HTML Help Workshop;C:\Program Files (x86)\Windows Kits\10\bin\10.0.18362.0\x64;C:\Program Files (x86)\Windows Kits\10\bin\x64;C:\Program Files (x86)\Microsoft Visual Studio\2017\Professional\\MSBuild\15.0\bin;C:\WINDOWS\Microsoft.NET\Framework64\v4.0.30319;C:\Program Files (x86)\Microsoft Visual Studio\2017\Professional\Common7\IDE\;C:\Program Files (x86)\Microsoft Visual Studio\2017\Professional\Common7\Tools\;C:\Python27\;C:\Python27\Scripts;C:\WINDOWS\system32;C:\WINDOWS;C:\WINDOWS\System32\Wbem;C:\WINDOWS\System32\WindowsPowerShell\v1.0\;C:\WINDOWS\System32\OpenSSH\;C:\ProgramData\chocolatey\bin;C:\Program Files (x86)\WiX Toolset v3.7\bin;C:\Program Files\dotnet\;C:\Program Files (x86)\Windows Kits\10\bin\10.0.18362.0\x64;C:\Program Files\Zulu\zulu-11\bin\;C:\Program Files (x86)\Windows Kits\10\bin\10.0.17763.0\x64;C:\Program Files (x86)\Windows Kits\10\bin\x64;C:\Program Files\Git\cmd;C:\Program Files\Git\usr\bin;C:\Program Files\Git\mingw64\bin;C:\Program Files\Git\bin;C:\Python38\;C:\Python38\Scripts;C:\StoreBoxClientWindows;C:\Program Files\Electric Cloud\ElectricCommander\bin;C:\Program Files\WinRAR;C:\Program Files\7-Zip;C:\Users\Administrator\AppData\Local\Microsoft\WindowsApps;C:\Program Files (x86)\Microsoft Visual Studio\2017\Professional\Common7\IDE\CommonExtensions\Microsoft\CMake\CMake\bin;C:\Program Files (x86)\Microsoft Visual Studio\2017\Professional\Common7\IDE\CommonExtensions\Microsoft\CMake\Ninja
[2022-07-14T14:00:12.170Z]     Test project W:/build/RelWithDebInfo
[2022-07-14T14:00:13.328Z]             Start   1: testMayaUsdConverter
[2022-07-14T14:00:13.328Z]             Start   2: testMayaUsdCreateStageCommands
[2022-07-14T14:00:13.328Z]             Start   3: testMayaUsdPythonImport
[2022-07-14T14:00:13.328Z]             Start   4: testMayaUsdLayerEditorCommands
[2022-07-14T14:00:13.328Z]             Start   5: testMayaUsdCacheId
[2022-07-14T14:00:13.328Z]             Start   7: _Interactive_Maya
[2022-07-14T14:00:13.328Z]       1/160 Test   #7: _Interactive_Maya ...............................***Not Run (Disabled)   0.00 sec
[2022-07-14T14:00:13.328Z]             Start   8: testMayaUsdPlugVersionCheck
[2022-07-14T14:00:13.328Z]             Start   9: testMatrices
[2022-07-14T14:00:13.328Z]             Start  10: testMayaPickwalk
[2022-07-14T14:00:13.328Z]             Start  11: testPythonWrappers
[2022-07-14T14:00:13.328Z]             Start  12: testSelection
[2022-07-14T14:00:13.661Z]             Start  13: testSelectionByArray
[2022-07-14T14:00:13.661Z]             Start  14: testUfePythonImport
[2022-07-14T14:00:13.661Z]             Start  15: testAttributeBlock
[2022-07-14T14:00:13.661Z]             Start  16: testBlockedLayerEdit
[2022-07-14T14:00:13.661Z]             Start  17: testLegacyDeleteCmd
[2022-07-14T14:00:13.661Z]             Start  18: testPrimReader
[2022-07-14T14:00:18.411Z]       2/160 Test   #5: testMayaUsdCacheId ..............................   Passed    4.70 sec
[2022-07-14T14:00:18.411Z]             Start  19: testPrimWriter
[2022-07-14T14:00:18.411Z]       3/160 Test   #4: testMayaUsdLayerEditorCommands ..................   Passed    4.79 sec
[2022-07-14T14:00:18.411Z]             Start  20: testExportChaser
[2022-07-14T14:00:18.411Z]       4/160 Test   #1: testMayaUsdConverter ............................   Passed    4.96 sec
[2022-07-14T14:00:18.411Z]             Start  21: testImportChaser
[2022-07-14T14:00:18.411Z]       5/160 Test  #11: testPythonWrappers ..............................   Passed    4.91 sec
[2022-07-14T14:00:18.411Z]             Start  22: testImportWithNamespace
[2022-07-14T14:00:18.411Z]       6/160 Test  #12: testSelection ...................................   Passed    4.96 sec
[2022-07-14T14:00:18.411Z]             Start  23: testJobContextRegistry
[2022-07-14T14:00:18.752Z]       7/160 Test   #2: testMayaUsdCreateStageCommands ..................   Passed    5.21 sec
[2022-07-14T14:00:18.752Z]             Start  24: testDisplayLayerSaveRestore
[2022-07-14T14:00:18.752Z]       8/160 Test   #3: testMayaUsdPythonImport .........................   Passed    5.25 sec
[2022-07-14T14:00:18.752Z]             Start  25: testSchemaApiAdaptor
[2022-07-14T14:00:18.752Z]       9/160 Test  #13: testSelectionByArray ............................   Passed    5.29 sec
[2022-07-14T14:00:18.752Z]             Start  26: testReadWriteUtils
[2022-07-14T14:00:19.087Z]      10/160 Test  #14: testUfePythonImport .............................   Passed    5.46 sec
[2022-07-14T14:00:19.087Z]             Start  27: testXformStack
[2022-07-14T14:00:19.087Z]      11/160 Test  #16: testBlockedLayerEdit ............................   Passed    5.66 sec
[2022-07-14T14:00:19.087Z]             Start  28: testGeomNode
[2022-07-14T14:00:19.087Z]      12/160 Test   #8: testMayaUsdPlugVersionCheck .....................   Passed    5.73 sec
[2022-07-14T14:00:19.087Z]             Start  29: testLayerManagerSerialization
[2022-07-14T14:00:19.420Z]      13/160 Test  #18: testPrimReader ..................................   Passed    5.84 sec
[2022-07-14T14:00:19.420Z]             Start  30: testPointBasedDeformerNode
[2022-07-14T14:00:19.420Z]      14/160 Test  #10: testMayaPickwalk ................................   Passed    6.01 sec
[2022-07-14T14:00:19.420Z]             Start  31: testProxyShapeBase
[2022-07-14T14:00:19.753Z]      15/160 Test   #9: testMatrices ....................................   Passed    6.13 sec
[2022-07-14T14:00:19.753Z]             Start  32: testHdImagingShape
[2022-07-14T14:00:20.463Z]      16/160 Test  #15: testAttributeBlock ..............................   Passed    6.87 sec
[2022-07-14T14:00:20.463Z]             Start  55: testUsdUndoManager
[2022-07-14T14:00:20.463Z]      17/160 Test  #17: testLegacyDeleteCmd .............................   Passed    6.88 sec
[2022-07-14T14:00:20.463Z]             Start  56: testBlockSceneModificationContext
[2022-07-14T14:00:22.731Z]      18/160 Test  #19: testPrimWriter ..................................   Passed    4.57 sec
[2022-07-14T14:00:22.731Z]             Start  57: testDiagnosticDelegate
[2022-07-14T14:00:22.731Z]      19/160 Test  #20: testExportChaser ................................   Passed    4.55 sec
[2022-07-14T14:00:22.731Z]             Start  58: testLoadRules
[2022-07-14T14:00:22.731Z]      20/160 Test  #21: testImportChaser ................................   Passed    4.46 sec
[2022-07-14T14:00:22.731Z]             Start  59: testSplitString
[2022-07-14T14:00:23.065Z]      21/160 Test  #22: testImportWithNamespace .........................   Passed    4.58 sec
[2022-07-14T14:00:23.065Z]             Start  60: testPxrUsdPreviewSurfaceDraw
[2022-07-14T14:00:23.065Z]      22/160 Test  #23: testJobContextRegistry ..........................   Passed    4.67 sec
[2022-07-14T14:00:23.065Z]             Start  61: testPxrUsdPreviewSurfaceExport
[2022-07-14T14:00:23.065Z]      23/160 Test  #26: testReadWriteUtils ..............................   Passed    4.41 sec
[2022-07-14T14:00:23.065Z]             Start  62: testMayaUsdSchemasPythonImport
[2022-07-14T14:00:23.402Z]      24/160 Test  #24: testDisplayLayerSaveRestore .....................   Passed    4.77 sec
[2022-07-14T14:00:23.402Z]             Start  63: testMayaUsdSchemasMayaReference
[2022-07-14T14:00:23.403Z]      25/160 Test  #27: testXformStack ..................................   Passed    4.57 sec
[2022-07-14T14:00:23.403Z]             Start  64: testDiffCore
[2022-07-14T14:00:23.736Z]      26/160 Test  #64: testDiffCore ....................................   Passed    0.16 sec
[2022-07-14T14:00:23.736Z]             Start  65: testDiffValues
[2022-07-14T14:00:23.736Z]      27/160 Test  #25: testSchemaApiAdaptor ............................   Passed    5.08 sec
[2022-07-14T14:00:23.736Z]             Start  66: testDiffAttributes
[2022-07-14T14:00:23.736Z]      28/160 Test  #30: testPointBasedDeformerNode ......................   Passed    4.45 sec
[2022-07-14T14:00:23.736Z]             Start  67: testDiffRelationships
[2022-07-14T14:00:23.736Z]      29/160 Test  #28: testGeomNode ....................................   Passed    4.69 sec
[2022-07-14T14:00:23.736Z]             Start  68: testDiffDictionaries
[2022-07-14T14:00:24.072Z]      30/160 Test  #65: testDiffValues ..................................   Passed    0.23 sec
[2022-07-14T14:00:24.072Z]             Start  69: testDiffLists
[2022-07-14T14:00:24.072Z]      31/160 Test  #66: testDiffAttributes ..............................   Passed    0.21 sec
[2022-07-14T14:00:24.072Z]             Start  70: testDiffComputeOverall
[2022-07-14T14:00:24.072Z]      32/160 Test  #68: testDiffDictionaries ............................   Passed    0.16 sec
[2022-07-14T14:00:24.072Z]             Start  71: testDiffPrims
[2022-07-14T14:00:24.072Z]      33/160 Test  #67: testDiffRelationships ...........................   Passed    0.26 sec
[2022-07-14T14:00:24.072Z]             Start  72: testMergePrims
[2022-07-14T14:00:24.072Z]      34/160 Test  #69: testDiffLists ...................................   Passed    0.18 sec
[2022-07-14T14:00:24.072Z]             Start  73: testDiffMetadatas
[2022-07-14T14:00:24.072Z]      35/160 Test  #70: testDiffComputeOverall ..........................   Passed    0.16 sec
[2022-07-14T14:00:24.072Z]             Start  74: testUsdExportAnimation
[2022-07-14T14:00:24.405Z]      36/160 Test  #71: testDiffPrims ...................................   Passed    0.22 sec
[2022-07-14T14:00:24.405Z]             Start  75: testUsdExportAsClip
[2022-07-14T14:00:24.405Z]      37/160 Test  #72: testMergePrims ..................................   Passed    0.20 sec
[2022-07-14T14:00:24.405Z]             Start  76: testUsdExportBindTransform
[2022-07-14T14:00:24.405Z]      38/160 Test  #73: testDiffMetadatas ...............................   Passed    0.17 sec
[2022-07-14T14:00:24.405Z]             Start  77: testUsdExportBlendshapes
[2022-07-14T14:00:24.405Z]      39/160 Test  #29: testLayerManagerSerialization ...................   Passed    5.10 sec
[2022-07-14T14:00:24.405Z]             Start  78: testUsdExportCamera
[2022-07-14T14:00:24.405Z]      40/160 Test  #59: testSplitString .................................   Passed    1.47 sec
[2022-07-14T14:00:24.405Z]             Start  79: testUsdExportColorSets
[2022-07-14T14:00:24.405Z]      41/160 Test  #58: testLoadRules ...................................   Passed    1.53 sec
[2022-07-14T14:00:24.405Z]             Start  80: testUsdExportConnected
[2022-07-14T14:00:24.737Z]      42/160 Test  #32: testHdImagingShape ..............................   Passed    5.23 sec
[2022-07-14T14:00:24.737Z]             Start  81: testUsdExportDisplacement
[2022-07-14T14:00:24.737Z]      43/160 Test  #55: testUsdUndoManager ..............................   Passed    4.47 sec
[2022-07-14T14:00:24.737Z]             Start  82: testUsdExportDisplayColor
[2022-07-14T14:00:24.737Z]      44/160 Test  #56: testBlockSceneModificationContext ...............   Passed    4.49 sec
[2022-07-14T14:00:24.737Z]             Start  83: testUsdExportEulerFilter
[2022-07-14T14:00:25.070Z]      45/160 Test  #31: testProxyShapeBase ..............................***Failed    5.74 sec
[2022-07-14T14:00:25.070Z]     MAYA_DEBUG_NO_SAVE_ON_CRASH is set.
[2022-07-14T14:00:25.070Z]     Warning: This file is from an older version of Maya.  If saved, it will not be readable by previous versions.
[2022-07-14T14:00:25.070Z]     File read in  0.48 seconds.
[2022-07-14T14:00:25.070Z]     .sWarning: This file is from an older version of Maya.  If saved, it will not be readable by previous versions.
[2022-07-14T14:00:25.070Z]     File read in  0.021 seconds.
[2022-07-14T14:00:25.070Z]     EssWarning: This file is from an older version of Maya.  If saved, it will not be readable by previous versions.
[2022-07-14T14:00:25.070Z]     File read in  0.018 seconds.
[2022-07-14T14:00:25.070Z]     File read in  0.018 seconds.
[2022-07-14T14:00:25.070Z]     .Warning: This file is from an older version of Maya.  If saved, it will not be readable by previous versions.
[2022-07-14T14:00:25.070Z]     File read in  0.019 seconds.
[2022-07-14T14:00:25.070Z]     .Warning: This file is from an older version of Maya.  If saved, it will not be readable by previous versions.
[2022-07-14T14:00:25.070Z]     File read in  0.019 seconds.
[2022-07-14T14:00:25.070Z]     File read in  0.017 seconds.
[2022-07-14T14:00:25.070Z]     .sWarning: This file is from an older version of Maya.  If saved, it will not be readable by previous versions.
[2022-07-14T14:00:25.070Z]     File read in  0.02 seconds.
[2022-07-14T14:00:25.070Z]     .Warning: This file is from an older version of Maya.  If saved, it will not be readable by previous versions.
[2022-07-14T14:00:25.070Z]     File read in  0.019 seconds.
[2022-07-14T14:00:25.070Z]     ..
[2022-07-14T14:00:25.070Z]     ======================================================================
[2022-07-14T14:00:25.070Z]     ERROR: testDeleteStageUndo (testProxyShapeBase.testProxyShapeBase)
[2022-07-14T14:00:25.070Z]     ----------------------------------------------------------------------
[2022-07-14T14:00:25.070Z]     Traceback (most recent call last):
[2022-07-14T14:00:25.070Z]       File "S:\jenkins\workspace\ECP\ecg-maya-usd\ecg-mayausd-branch-preflight-2020-windows\ecg-maya-usd\maya-usd\test\lib\mayaUsd\nodes\testProxyShapeBase.py", line 175, in testDeleteStageUndo
[2022-07-14T14:00:25.070Z]         proxyShapePath = ufe.PathString.path(proxyShapes[0])
[2022-07-14T14:00:25.070Z]     AttributeError: 'module' object has no attribute 'PathString'
[2022-07-14T14:00:25.070Z]     
[2022-07-14T14:00:25.070Z]     ----------------------------------------------------------------------
[2022-07-14T14:00:25.070Z]     Ran 12 tests in 1.130s
[2022-07-14T14:00:25.070Z]     
[2022-07-14T14:00:25.070Z]     FAILED (errors=1, skipped=4)
[2022-07-14T14:00:25.070Z]     
[2022-07-14T14:00:25.070Z]             Start  84: testUsdExportFileFormat
[2022-07-14T14:00:26.727Z]      46/160 Test  #60: testPxrUsdPreviewSurfaceDraw ....................   Passed    3.58 sec
[2022-07-14T14:00:26.727Z]             Start  85: testUsdExportFilterTypes
[2022-07-14T14:00:27.436Z]      47/160 Test  #62: testMayaUsdSchemasPythonImport ..................   Passed    4.10 sec
[2022-07-14T14:00:27.436Z]             Start  86: testUsdExportFrameOffset
[2022-07-14T14:00:27.436Z]      48/160 Test  #57: testDiagnosticDelegate ..........................   Passed    4.71 sec
[2022-07-14T14:00:27.436Z]             Start  87: testUsdExportGeomSubset
[2022-07-14T14:00:27.436Z]      49/160 Test  #63: testMayaUsdSchemasMayaReference .................   Passed    4.05 sec
[2022-07-14T14:00:27.436Z]             Start  88: testUsdExportInstances
[2022-07-14T14:00:28.146Z]      50/160 Test  #61: testPxrUsdPreviewSurfaceExport ..................   Passed    5.15 sec
[2022-07-14T14:00:28.146Z]             Start  89: testUsdExportLayerAttributes
[2022-07-14T14:00:28.854Z]      51/160 Test  #74: testUsdExportAnimation ..........................   Passed    4.57 sec
[2022-07-14T14:00:28.854Z]             Start  90: testUsdExportLight
[2022-07-14T14:00:29.312Z]      52/160 Test  #77: testUsdExportBlendshapes ........................   Passed    4.83 sec
[2022-07-14T14:00:29.312Z]             Start  91: testUsdExportLocator
[2022-07-14T14:00:29.312Z]      53/160 Test  #76: testUsdExportBindTransform ......................   Passed    4.94 sec
[2022-07-14T14:00:29.312Z]             Start  92: testUsdExportMayaInstancer
[2022-07-14T14:00:29.312Z]      54/160 Test  #80: testUsdExportConnected ..........................   Passed    4.90 sec
[2022-07-14T14:00:29.312Z]             Start  93: testUsdExportMesh
[2022-07-14T14:00:29.312Z]      55/160 Test  #75: testUsdExportAsClip .............................   Passed    4.99 sec
[2022-07-14T14:00:29.312Z]             Start  94: testUsdExportNurbsCurve
[2022-07-14T14:00:29.644Z]      56/160 Test  #78: testUsdExportCamera .............................   Passed    5.27 sec
[2022-07-14T14:00:29.644Z]             Start  95: testUsdExportOpenLayer
[2022-07-14T14:00:29.644Z]      57/160 Test  #79: testUsdExportColorSets ..........................   Passed    5.34 sec
[2022-07-14T14:00:29.644Z]             Start  96: testUsdExportOverImport
[2022-07-14T14:00:29.644Z]      58/160 Test  #82: testUsdExportDisplayColor .......................   Passed    4.82 sec
[2022-07-14T14:00:29.644Z]             Start  97: testUsdExportUsdPreviewSurface
[2022-07-14T14:00:29.644Z]      59/160 Test  #83: testUsdExportEulerFilter ........................   Passed    4.84 sec
[2022-07-14T14:00:29.644Z]             Start  98: testUsdExportParentScope
[2022-07-14T14:00:29.644Z]      60/160 Test  #84: testUsdExportFileFormat .........................   Passed    4.52 sec
[2022-07-14T14:00:29.644Z]             Start  99: testUsdExportParticles
[2022-07-14T14:00:30.350Z]      61/160 Test  #81: testUsdExportDisplacement .......................   Passed    5.42 sec
[2022-07-14T14:00:30.350Z]             Start 100: testUsdExportPref
[2022-07-14T14:00:31.999Z]      62/160 Test  #85: testUsdExportFilterTypes ........................   Passed    5.27 sec
[2022-07-14T14:00:31.999Z]             Start 101: testUsdExportRenderLayerMode
[2022-07-14T14:00:31.999Z]      63/160 Test  #87: testUsdExportGeomSubset .........................   Passed    4.59 sec
[2022-07-14T14:00:31.999Z]             Start 102: testUsdExportRoots
[2022-07-14T14:00:32.339Z]      64/160 Test  #86: testUsdExportFrameOffset ........................   Passed    5.02 sec
[2022-07-14T14:00:32.339Z]             Start 103: testUsdExportRootsAndParentScope
[2022-07-14T14:00:32.339Z]      65/160 Test  #88: testUsdExportInstances ..........................   Passed    4.89 sec
[2022-07-14T14:00:32.339Z]             Start 104: testUsdExportSelection
[2022-07-14T14:00:32.671Z]      66/160 Test  #89: testUsdExportLayerAttributes ....................   Passed    4.35 sec
[2022-07-14T14:00:32.671Z]             Start 105: testUsdExportSelectionHierarchy
[2022-07-14T14:00:33.005Z]      67/160 Test  #90: testUsdExportLight ..............................   Passed    4.26 sec
[2022-07-14T14:00:33.005Z]             Start 106: testUsdExportShadingInstanced
[2022-07-14T14:00:33.713Z]      68/160 Test  #91: testUsdExportLocator ............................   Passed    4.58 sec
[2022-07-14T14:00:33.713Z]             Start 107: testUsdExportShadingModePxrRis
[2022-07-14T14:00:33.713Z]      69/160 Test  #95: testUsdExportOpenLayer ..........................   Passed    4.18 sec
[2022-07-14T14:00:33.713Z]             Start 108: testUsdExportSkeleton
[2022-07-14T14:00:33.713Z]      70/160 Test  #96: testUsdExportOverImport .........................   Passed    4.21 sec
[2022-07-14T14:00:33.713Z]             Start 109: testUsdExportStripNamespaces
[2022-07-14T14:00:34.045Z]      71/160 Test  #93: testUsdExportMesh ...............................   Passed    4.89 sec
[2022-07-14T14:00:34.045Z]             Start 110: testUsdExportStroke
[2022-07-14T14:00:34.045Z]      72/160 Test  #94: testUsdExportNurbsCurve .........................   Passed    4.94 sec
[2022-07-14T14:00:34.045Z]             Start 111: testUsdExportUserTaggedAttributes
[2022-07-14T14:00:34.377Z]      73/160 Test  #97: testUsdExportUsdPreviewSurface ..................   Passed    4.63 sec
[2022-07-14T14:00:34.377Z]             Start 112: testUsdExportVisibilityDefault
[2022-07-14T14:00:34.709Z]      74/160 Test  #99: testUsdExportParticles ..........................   Passed    4.83 sec
[2022-07-14T14:00:34.709Z]             Start 113: testUsdImportAnonymousLayer
[2022-07-14T14:00:34.709Z]      75/160 Test  #92: testUsdExportMayaInstancer ......................   Passed    5.51 sec
[2022-07-14T14:00:34.709Z]             Start 114: testUsdImportCamera
[2022-07-14T14:00:34.709Z]      76/160 Test  #98: testUsdExportParentScope ........................   Passed    5.05 sec
[2022-07-14T14:00:34.709Z]             Start 115: testUsdImportBasisCurves
[2022-07-14T14:00:34.709Z]      77/160 Test #100: testUsdExportPref ...............................   Passed    4.61 sec
[2022-07-14T14:00:34.709Z]             Start 116: testUsdImportBatchNurbsCurves
[2022-07-14T14:00:36.356Z]      78/160 Test #101: testUsdExportRenderLayerMode ....................   Passed    4.33 sec
[2022-07-14T14:00:36.356Z]             Start 117: testUsdImportLinearCurves
[2022-07-14T14:00:36.687Z]      79/160 Test #103: testUsdExportRootsAndParentScope ................   Passed    4.19 sec
[2022-07-14T14:00:36.687Z]             Start 118: testUsdImportNurbsCurves
[2022-07-14T14:00:37.019Z]      80/160 Test #104: testUsdExportSelection ..........................   Passed    4.77 sec
[2022-07-14T14:00:37.019Z]             Start 119: testUsdImportBatchBezierCurves
[2022-07-14T14:00:37.732Z]      81/160 Test #105: testUsdExportSelectionHierarchy .................   Passed    4.91 sec
[2022-07-14T14:00:37.732Z]             Start 120: testUsdImportColorSets
[2022-07-14T14:00:37.732Z]      82/160 Test #102: testUsdExportRoots ..............................   Passed    5.58 sec
[2022-07-14T14:00:37.732Z]             Start 121: testUsdImportDisplacement
[2022-07-14T14:00:37.732Z]      83/160 Test #106: testUsdExportShadingInstanced ...................   Passed    4.85 sec
[2022-07-14T14:00:37.732Z]             Start 122: testUsdImportExportScope
[2022-07-14T14:00:38.069Z]      84/160 Test #109: testUsdExportStripNamespaces ....................   Passed    4.19 sec
[2022-07-14T14:00:38.069Z]             Start 123: testUsdImportExportTypelessDefs
[2022-07-14T14:00:38.408Z]      85/160 Test #107: testUsdExportShadingModePxrRis ..................   Passed    4.61 sec
[2022-07-14T14:00:38.408Z]             Start 124: testUsdImportFrameRange
[2022-07-14T14:00:38.748Z]      86/160 Test #113: testUsdImportAnonymousLayer .....................   Passed    4.14 sec
[2022-07-14T14:00:38.748Z]             Start 125: testUsdImportFramerates
[2022-07-14T14:00:38.748Z]      87/160 Test #114: testUsdImportCamera .............................   Passed    4.12 sec
[2022-07-14T14:00:38.748Z]             Start 126: testUsdImportInstances
[2022-07-14T14:00:39.080Z]      88/160 Test #110: testUsdExportStroke .............................   Passed    4.98 sec
[2022-07-14T14:00:39.080Z]             Start 127: testUsdImportLight
[2022-07-14T14:00:39.080Z]      89/160 Test #112: testUsdExportVisibilityDefault ..................   Passed    4.84 sec
[2022-07-14T14:00:39.080Z]             Start 128: testUsdImportMayaReference
[2022-07-14T14:00:39.080Z]      90/160 Test #111: testUsdExportUserTaggedAttributes ...............   Passed    4.97 sec
[2022-07-14T14:00:39.080Z]             Start 129: testUsdImportMesh
[2022-07-14T14:00:39.080Z]      91/160 Test #115: testUsdImportBasisCurves ........................   Passed    4.38 sec
[2022-07-14T14:00:39.080Z]             Start 130: testUsdImportPreviewSurface
[2022-07-14T14:00:39.414Z]      92/160 Test #116: testUsdImportBatchNurbsCurves ...................   Passed    4.54 sec
[2022-07-14T14:00:39.414Z]             Start 131: testUsdImportSessionLayer
[2022-07-14T14:00:39.414Z]      93/160 Test #108: testUsdExportSkeleton ...........................   Passed    5.71 sec
[2022-07-14T14:00:39.414Z]             Start 132: testUsdImportShadingModeDisplayColor
[2022-07-14T14:00:40.558Z]      94/160 Test #117: testUsdImportLinearCurves .......................   Passed    4.23 sec
[2022-07-14T14:00:40.558Z]             Start 133: testUsdImportShadingModePxrRis
[2022-07-14T14:00:40.889Z]      95/160 Test #118: testUsdImportNurbsCurves ........................   Passed    4.36 sec
[2022-07-14T14:00:40.890Z]             Start 134: testUsdImportUVSetMappings
[2022-07-14T14:00:41.596Z]      96/160 Test #119: testUsdImportBatchBezierCurves ..................   Passed    4.39 sec
[2022-07-14T14:00:41.596Z]             Start 135: testUsdImportUSDZTextures
[2022-07-14T14:00:41.596Z]      97/160 Test #120: testUsdImportColorSets ..........................   Passed    4.21 sec
[2022-07-14T14:00:41.596Z]             Start 136: testUsdExportImportRoundtripPreviewSurface
[2022-07-14T14:00:41.929Z]      98/160 Test #121: testUsdImportDisplacement .......................   Passed    4.26 sec
[2022-07-14T14:00:41.929Z]             Start 137: testUsdExportImportUDIM
[2022-07-14T14:00:42.261Z]      99/160 Test #122: testUsdImportExportScope ........................   Passed    4.35 sec
[2022-07-14T14:00:42.261Z]             Start 138: testUsdImportSkeleton
[2022-07-14T14:00:42.261Z]     100/160 Test #123: testUsdImportExportTypelessDefs .................   Passed    4.26 sec
[2022-07-14T14:00:42.261Z]             Start 139: testUsdImportXforms
[2022-07-14T14:00:42.970Z]     101/160 Test #124: testUsdImportFrameRange .........................   Passed    4.53 sec
[2022-07-14T14:00:42.970Z]             Start 140: testUsdImportXformAnim
[2022-07-14T14:00:42.970Z]     102/160 Test #125: testUsdImportFramerates .........................   Passed    4.35 sec
[2022-07-14T14:00:42.970Z]             Start 141: testUsdMayaAdaptor
[2022-07-14T14:00:43.304Z]     103/160 Test #126: testUsdImportInstances ..........................   Passed    4.45 sec
[2022-07-14T14:00:43.304Z]             Start 142: testUsdMayaAdaptorGeom
[2022-07-14T14:00:43.637Z]     104/160 Test #127: testUsdImportLight ..............................   Passed    4.38 sec
[2022-07-14T14:00:43.637Z]             Start 143: testUsdMayaAdaptorMetadata
[2022-07-14T14:00:43.637Z]     105/160 Test #129: testUsdImportMesh ...............................   Passed    4.33 sec
[2022-07-14T14:00:43.637Z]             Start 144: testUsdMayaAdaptorUndoRedo
[2022-07-14T14:00:43.637Z]     106/160 Test #130: testUsdImportPreviewSurface .....................   Passed    4.46 sec
[2022-07-14T14:00:43.637Z]             Start 145: testUsdExportUVTransforms
[2022-07-14T14:00:43.637Z]     107/160 Test #132: testUsdImportShadingModeDisplayColor ............   Passed    4.33 sec
[2022-07-14T14:00:43.637Z]             Start 146: testUsdExportUsdzPackage
[2022-07-14T14:00:43.970Z]     108/160 Test #131: testUsdImportSessionLayer .......................   Passed    4.42 sec
[2022-07-14T14:00:43.970Z]             Start 147: testUsdExportRfMShaders
[2022-07-14T14:00:43.970Z]     109/160 Test #128: testUsdImportMayaReference ......................   Passed    4.97 sec
[2022-07-14T14:00:43.970Z]             Start 148: testUsdImportRfMShaders
[2022-07-14T14:00:44.682Z]     110/160 Test #133: testUsdImportShadingModePxrRis ..................   Passed    4.28 sec
[2022-07-14T14:00:44.682Z]             Start 149: testUsdExportUVSets
[2022-07-14T14:00:45.397Z]     111/160 Test #134: testUsdImportUVSetMappings ......................   Passed    4.35 sec
[2022-07-14T14:00:45.397Z]             Start 150: testUsdExportUVSetsFloat
[2022-07-14T14:00:46.115Z]     112/160 Test #135: testUsdImportUSDZTextures .......................   Passed    4.44 sec
[2022-07-14T14:00:46.115Z]             Start 151: testUsdExportUVSetMappings
[2022-07-14T14:00:46.821Z]     113/160 Test #138: testUsdImportSkeleton ...........................   Passed    4.42 sec
[2022-07-14T14:00:46.821Z]             Start 152: testUsdImportUVSets
[2022-07-14T14:00:46.821Z]     114/160 Test #137: testUsdExportImportUDIM .........................   Passed    4.89 sec
[2022-07-14T14:00:46.821Z]             Start 153: testUsdImportUVSetsFloat
[2022-07-14T14:00:46.821Z]     115/160 Test #136: testUsdExportImportRoundtripPreviewSurface ......   Passed    5.21 sec
[2022-07-14T14:00:46.821Z]             Start 154: testUsdImportChaser
[2022-07-14T14:00:47.153Z]     116/160 Test #140: testUsdImportXformAnim ..........................   Passed    4.34 sec
[2022-07-14T14:00:47.153Z]             Start 155: testUsdExportCustomConverter-Maya
[2022-07-14T14:00:47.486Z]     117/160 Test #141: testUsdMayaAdaptor ..............................   Passed    4.43 sec
[2022-07-14T14:00:47.486Z]             Start 156: testUsdExportCustomConverter-USD
[2022-07-14T14:00:47.820Z]     118/160 Test #142: testUsdMayaAdaptorGeom ..........................   Passed    4.36 sec
[2022-07-14T14:00:47.820Z]             Start 157: testUsdImportCustomConverter-Maya
[2022-07-14T14:00:47.820Z]     119/160 Test #144: testUsdMayaAdaptorUndoRedo ......................   Passed    4.36 sec
[2022-07-14T14:00:47.820Z]             Start 158: testUsdImportCustomConverter-USD
[2022-07-14T14:00:48.153Z]     120/160 Test #143: testUsdMayaAdaptorMetadata ......................   Passed    4.54 sec
[2022-07-14T14:00:48.153Z]             Start 159: testUsdMayaListShadingModesCommand
[2022-07-14T14:00:48.153Z]     121/160 Test #146: testUsdExportUsdzPackage ........................   Passed    4.29 sec
[2022-07-14T14:00:48.153Z]             Start 160: testUsdExportSchemaApi
[2022-07-14T14:00:48.485Z]     122/160 Test #148: testUsdImportRfMShaders .........................   Passed    4.37 sec
[2022-07-14T14:00:48.485Z]             Start 161: testUsdImportExportSiteSpecificConfig
[2022-07-14T14:00:48.485Z]     123/160 Test #145: testUsdExportUVTransforms .......................   Passed    4.86 sec
[2022-07-14T14:00:48.485Z]             Start 162: testUsdExportAssembly
[2022-07-14T14:00:48.485Z]     124/160 Test #147: testUsdExportRfMShaders .........................   Passed    4.69 sec
[2022-07-14T14:00:48.485Z]             Start 163: testUsdExportAssemblyEdits
[2022-07-14T14:00:49.193Z]     125/160 Test #149: testUsdExportUVSets .............................   Passed    4.62 sec
[2022-07-14T14:00:49.193Z]             Start 164: testUsdExportPackage
[2022-07-14T14:00:49.902Z]     126/160 Test #150: testUsdExportUVSetsFloat ........................   Passed    4.69 sec
[2022-07-14T14:00:49.902Z]             Start 165: testUsdExportPointInstancer
[2022-07-14T14:00:51.045Z]     127/160 Test #152: testUsdImportUVSets .............................   Passed    4.28 sec
[2022-07-14T14:00:51.045Z]             Start 166: testUsdImportAsAssemblies
[2022-07-14T14:00:51.045Z]     128/160 Test #151: testUsdExportUVSetMappings ......................   Passed    5.01 sec
[2022-07-14T14:00:51.045Z]             Start 167: testUsdImportNestedAssemblyAnimation
[2022-07-14T14:00:51.381Z]     129/160 Test #153: testUsdImportUVSetsFloat ........................   Passed    4.49 sec
[2022-07-14T14:00:51.381Z]             Start 168: testUsdMayaGetVariantSetSelections
[2022-07-14T14:00:51.381Z]     130/160 Test #154: testUsdImportChaser .............................   Passed    4.44 sec
[2022-07-14T14:00:51.381Z]             Start 169: testUsdMayaModelKindProcessor
[2022-07-14T14:00:51.714Z]     131/160 Test #155: testUsdExportCustomConverter-Maya ...............   Passed    4.57 sec
[2022-07-14T14:00:51.714Z]             Start 170: testUsdMayaReferenceAssemblyEdits
[2022-07-14T14:00:52.046Z]     132/160 Test #156: testUsdExportCustomConverter-USD ................   Passed    4.54 sec
[2022-07-14T14:00:52.046Z]             Start 171: testUsdReferenceAssemblyChangeRepresentations
[2022-07-14T14:00:52.046Z]     133/160 Test #157: testUsdImportCustomConverter-Maya ...............   Passed    4.50 sec
[2022-07-14T14:00:52.046Z]             Start 172: testPxrUsdAlembicChaser
[2022-07-14T14:00:52.046Z]     134/160 Test #158: testUsdImportCustomConverter-USD ................   Passed    4.33 sec
[2022-07-14T14:00:52.046Z]             Start 173: AL_MayaUtilsTests
[2022-07-14T14:00:52.377Z]     135/160 Test #159: testUsdMayaListShadingModesCommand ..............   Passed    4.47 sec
[2022-07-14T14:00:52.377Z]             Start 174: GTest:AL_USDTransactionTests
[2022-07-14T14:00:52.710Z]     136/160 Test #161: testUsdImportExportSiteSpecificConfig ...........   Passed    4.22 sec
[2022-07-14T14:00:52.710Z]             Start 175: Python:AL_USDTransactionTests
[2022-07-14T14:00:52.710Z]     137/160 Test #174: GTest:AL_USDTransactionTests ....................   Passed    0.27 sec
[2022-07-14T14:00:52.710Z]             Start 176: AL_USDMayaTestPlugin
[2022-07-14T14:00:53.042Z]     138/160 Test #160: testUsdExportSchemaApi ..........................   Passed    4.87 sec
[2022-07-14T14:00:53.042Z]             Start 177: TestALUSDMayaPython_ProxyShape
[2022-07-14T14:00:53.381Z]     139/160 Test #175: Python:AL_USDTransactionTests ...................   Passed    0.84 sec
[2022-07-14T14:00:53.381Z]             Start 178: TestALUSDMayaPython_Translators
[2022-07-14T14:00:53.719Z]     140/160 Test #163: testUsdExportAssemblyEdits ......................   Passed    5.28 sec
[2022-07-14T14:00:53.719Z]             Start 179: TestALUSDMayaPython_LayerManager
[2022-07-14T14:00:53.719Z]     141/160 Test #162: testUsdExportAssembly ...........................   Passed    5.36 sec
[2022-07-14T14:00:53.719Z]             Start 180: TestALUSDMayaPython_ImportModule
[2022-07-14T14:00:54.425Z]     142/160 Test #164: testUsdExportPackage ............................   Passed    4.97 sec
[2022-07-14T14:00:54.425Z]             Start 181: testMayaSchemas
[2022-07-14T14:00:54.425Z]     143/160 Test #181: testMayaSchemas .................................   Passed    0.21 sec
[2022-07-14T14:00:54.425Z]             Start 182: TestAdditionalTranslators
[2022-07-14T14:00:55.586Z]     144/160 Test #166: testUsdImportAsAssemblies .......................   Passed    4.51 sec
[2022-07-14T14:00:55.586Z]             Start 183: TestPxrUsdTranslators
[2022-07-14T14:00:55.586Z]     145/160 Test #167: testUsdImportNestedAssemblyAnimation ............   Passed    4.52 sec
[2022-07-14T14:00:55.586Z]     146/160 Test #180: TestALUSDMayaPython_ImportModule ................   Passed    1.77 sec
[2022-07-14T14:00:55.926Z]     147/160 Test #168: testUsdMayaGetVariantSetSelections ..............   Passed    4.55 sec
[2022-07-14T14:00:55.926Z]     148/160 Test #173: AL_MayaUtilsTests ...............................   Passed    3.75 sec
[2022-07-14T14:00:56.260Z]     149/160 Test #170: testUsdMayaReferenceAssemblyEdits ...............   Passed    4.38 sec
[2022-07-14T14:00:56.594Z]     150/160 Test #169: testUsdMayaModelKindProcessor ...................   Passed    5.18 sec
[2022-07-14T14:00:56.932Z]     151/160 Test #171: testUsdReferenceAssemblyChangeRepresentations ...   Passed    4.84 sec
[2022-07-14T14:00:56.932Z]     152/160 Test #172: testPxrUsdAlembicChaser .........................   Passed    4.88 sec
[2022-07-14T14:00:57.264Z]     153/160 Test #177: TestALUSDMayaPython_ProxyShape ..................   Passed    4.33 sec
[2022-07-14T14:00:57.970Z]     154/160 Test #179: TestALUSDMayaPython_LayerManager ................   Passed    4.27 sec
[2022-07-14T14:00:58.305Z]     155/160 Test #178: TestALUSDMayaPython_Translators .................   Passed    4.76 sec
[2022-07-14T14:00:59.448Z]     156/160 Test #183: TestPxrUsdTranslators ...........................   Passed    4.20 sec
[2022-07-14T14:01:00.591Z]     157/160 Test #182: TestAdditionalTranslators .......................   Passed    6.09 sec
[2022-07-14T14:01:16.632Z]     158/160 Test #176: AL_USDMayaTestPlugin ............................   Passed   22.35 sec
[2022-07-14T14:01:20.501Z]     159/160 Test #165: testUsdExportPointInstancer .....................   Passed   30.37 sec
[2022-07-14T14:02:08.574Z]     160/160 Test #139: testUsdImportXforms .............................   Passed   79.00 sec
[2022-07-14T14:02:08.574Z]     
[2022-07-14T14:02:08.574Z]     99% tests passed, 1 tests failed out of 159
[2022-07-14T14:02:08.574Z]     
[2022-07-14T14:02:08.574Z]     Label Time Summary:
[2022-07-14T14:02:08.574Z]     Debugging            =   0.00 sec*proc (1 test)
[2022-07-14T14:02:08.574Z]     MayaUsd              =  30.63 sec*proc (6 tests)
[2022-07-14T14:02:08.574Z]     fileio               =  38.52 sec*proc (8 tests)
[2022-07-14T14:02:08.574Z]     fileio_utils         =   8.98 sec*proc (2 tests)
[2022-07-14T14:02:08.574Z]     nodes                =  25.21 sec*proc (5 tests)
[2022-07-14T14:02:08.574Z]     translators          = 481.50 sec*proc (88 tests)
[2022-07-14T14:02:08.574Z]     ufe                  =  52.17 sec*proc (9 tests)
[2022-07-14T14:02:08.574Z]     undo                 =   4.47 sec*proc (1 test)
[2022-07-14T14:02:08.574Z]     usdPreviewSurface    =   8.73 sec*proc (2 tests)
[2022-07-14T14:02:08.574Z]     utils                =   9.20 sec*proc (2 tests)
[2022-07-14T14:02:08.574Z]     
[2022-07-14T14:02:08.574Z]     Total Test time (real) = 109.01 sec
[2022-07-14T14:02:08.574Z]     
[2022-07-14T14:02:08.574Z]     The following tests did not run:
[2022-07-14T14:02:08.574Z]     	  7 - _Interactive_Maya (Disabled)
[2022-07-14T14:02:08.574Z]     
[2022-07-14T14:02:08.574Z]     The following tests FAILED:
[2022-07-14T14:02:08.574Z]     	 31 - testProxyShapeBase (Failed)
[2022-07-14T14:02:08.574Z]     Errors while running CTest
[2022-07-14T14:02:08.574Z]     
[2022-07-14T14:02:08.574Z]         Building with settings:
[2022-07-14T14:02:08.574Z]           Source directory          S:\jenkins\workspace\ECP\ecg-maya-usd\ecg-mayausd-branch-preflight-2020-windows\ecg-maya-usd\maya-usd
[2022-07-14T14:02:08.574Z]           Workspace directory       W:\
[2022-07-14T14:02:08.574Z]           Build directory           W:\build\RelWithDebInfo
[2022-07-14T14:02:08.574Z]           Install directory         W:\install\RelWithDebInfo\MayaUSD
[2022-07-14T14:02:08.574Z]           Variant                   RelWithDebInfo
[2022-07-14T14:02:08.574Z]           Python Debug              Off
[2022-07-14T14:02:08.574Z]           CMake generator           Ninja
[2022-07-14T14:02:08.574Z]           Build arguments           ['-DCMAKE_MAKE_PROGRAM=P:/shared/Artifactory/Windows/ninja/1.9.0/c68f192/ninja.exe', '-DPYTHON_INCLUDE_DIR=P:/shared/Artifactory/Windows/rundev-2020/202107140359/runtime/5d64bf0/runTime/include/Python', '-DPython_EXECUTABLE=P:/shared/Artifactory/Windows/rundev-2020/202107140359/runtime/5d64bf0/runTime/bin/mayapy.exe', '-DPYTHON_LIBRARIES=P:/shared/Artifactory/Windows/rundev-2020/202107140359/runtime/5d64bf0/runTime/lib/python27.lib', '-DUSD_LIB_PREFIX=', '-DCMAKE_WANT_MATERIALX_BUILD=ON', '-DCMAKE_PREFIX_PATH=P:\\shared\\Artifactory\\Windows\\USD\\c1313e5']
[2022-07-14T14:02:08.574Z]           Stages arguments          ['test']
[2022-07-14T14:02:08.574Z]           CTest arguments           ['-E testUsdReferenceAssemblySelection|testUsdMayaAppDir', '-LE interactive', '--parallel 16']
[2022-07-14T14:02:08.574Z]     #####################################################################################
[2022-07-14T14:02:08.574Z]     log date: 2022-07-14 07:00
[2022-07-14T14:02:08.574Z]     commit sha: 2dfe241ca14b0eeb7339d70b0b6021129582a9cb
[2022-07-14T14:02:08.574Z]     commit date: Thu Jul 14 09:38:44 2022 -0400
[2022-07-14T14:02:08.574Z]     #####################################################################################
[2022-07-14T14:02:08.574Z]     
[2022-07-14T14:02:08.574Z]     cmake --build . --config RelWithDebInfo --target install -- -j16
[2022-07-14T14:02:08.574Z]     #####################################################################################
[2022-07-14T14:02:08.574Z]     log date: 2022-07-14 07:00
[2022-07-14T14:02:08.574Z]     commit sha: 2dfe241ca14b0eeb7339d70b0b6021129582a9cb
[2022-07-14T14:02:08.574Z]     commit date: Thu Jul 14 09:38:44 2022 -0400
[2022-07-14T14:02:08.574Z]     #####################################################################################
[2022-07-14T14:02:08.574Z]     
[2022-07-14T14:02:08.574Z]     ctest --output-on-failure --timeout 500 -C RelWithDebInfo -E testUsdReferenceAssemblySelection|testUsdMayaAppDir -LE interactive --parallel 16
[2022-07-14T14:02:08.574Z]     
[2022-07-14T14:02:08.574Z]     Traceback (most recent call last):
[2022-07-14T14:02:08.574Z]       File "S:\jenkins\workspace\ECP\ecg-maya-usd\ecg-mayausd-branch-preflight-2020-windows\ecg-maya-usd\maya-usd\build.py", line 607, in <module>
[2022-07-14T14:02:08.574Z]         RunTests(context, context.ctestArgs)
[2022-07-14T14:02:08.574Z]       File "S:\jenkins\workspace\ECP\ecg-maya-usd\ecg-mayausd-branch-preflight-2020-windows\ecg-maya-usd\maya-usd\build.py", line 390, in RunTests
[2022-07-14T14:02:08.574Z]         RunCTest(context,extraArgs)
[2022-07-14T14:02:08.574Z]       File "S:\jenkins\workspace\ECP\ecg-maya-usd\ecg-mayausd-branch-preflight-2020-windows\ecg-maya-usd\maya-usd\build.py", line 301, in RunCTest
[2022-07-14T14:02:08.574Z]         extraArgs=(" ".join(extraArgs) if extraArgs else "")))
[2022-07-14T14:02:08.574Z]       File "S:\jenkins\workspace\ECP\ecg-maya-usd\ecg-mayausd-branch-preflight-2020-windows\ecg-maya-usd\maya-usd\build.py", line 165, in Run
[2022-07-14T14:02:08.574Z]         .format(cmd=cmd, log=os.path.abspath(context.logFileLocation)))
[2022-07-14T14:02:08.574Z]     RuntimeError: Failed to run 'ctest --output-on-failure --timeout 500 -C RelWithDebInfo -E testUsdReferenceAssemblySelection|testUsdMayaAppDir -LE interactive --parallel 16 '
[2022-07-14T14:02:08.574Z]     See W:\build\RelWithDebInfo\build_log.txt for more details.
[2022-07-14T14:02:08.574Z] build.py: error: Command failed with error code: 1
[Pipeline] bat
[2022-07-14T14:02:09.259Z] Deleting alias drive W:
[Pipeline] bat
[2022-07-14T14:02:09.894Z] Deleting alias drive P:
[Pipeline] }
[Pipeline] // withEnv
[Pipeline] }
[Pipeline] // timeout
[Pipeline] }
[Pipeline] // stage
[Pipeline] }
[Pipeline] // timestamps
[Pipeline] emailextrecipients
Not sending mail to unregistered user ecg.jenkins@autodesk.com because your SCM claimed this was associated with a user ID ecg.jenkins' which your security realm does not recognize; you may need changes in your SCM plugin
Not sending mail to unregistered user ecg.jenkins@autodesk.com because your SCM claimed this was associated with a user ID ecg.jenkins' which your security realm does not recognize; you may need changes in your SCM plugin
[Pipeline] echo
No recipients to send notification.
[Pipeline] }
[Pipeline] // node
[Pipeline] End of Pipeline
ERROR: script returned exit code 1
[Checks API] No suitable checks publisher found.
Finished: FAILURE
