[2022-10-31T18:05:53.129Z] ================================================================================
[2022-10-31T18:05:53.129Z]                              setup (RelWithDebInfo)
[2022-10-31T18:05:53.129Z] ================================================================================
[Pipeline] bat
[2022-10-31T18:05:53.784Z] Deleting alias drive W:
[Pipeline] bat
[2022-10-31T18:05:54.445Z] Deleting alias drive P:
[Pipeline] }
[Pipeline] // withEnv
[Pipeline] }
[Pipeline] // timeout
[Pipeline] }
[Pipeline] // stage
[Pipeline] }
[Pipeline] // timestamps
[Pipeline] timestamps
[Pipeline] {
[Pipeline] stage
[Pipeline] { (Clean)
[Pipeline] timeout
[2022-10-31T18:05:54.659Z] Timeout set to expire in 6 hr 0 min
[Pipeline] {
[Pipeline] withEnv
[Pipeline] {
[Pipeline] bat
[2022-10-31T18:05:55.294Z] Creating alias drive P: to S:\jenkins\workspace
[Pipeline] bat
[2022-10-31T18:05:55.961Z] Creating alias drive W: to S:\jenkins\workspace\ECP\ecg-maya-usd\ecg-mayausd-branch-preflight-2019-no-ufe-windows
[Pipeline] bat
[2022-10-31T18:05:56.763Z] "C:\Program Files (x86)\Microsoft Visual Studio\2017\Professional\VC\Auxiliary\Build\vcvarsall.bat" x64
[2022-10-31T18:05:56.763Z] **********************************************************************
[2022-10-31T18:05:56.763Z] ** Visual Studio 2017 Developer Command Prompt v15.9.15
[2022-10-31T18:05:56.763Z] ** Copyright (c) 2017 Microsoft Corporation
[2022-10-31T18:05:56.763Z] **********************************************************************
[2022-10-31T18:05:57.533Z] [vcvarsall.bat] Environment initialized for: 'x64'
[2022-10-31T18:05:57.533Z] python ecg-maya-usd/build.py --stages=clean --workspace-dir=W:\ --artifactory-dir=P:\shared\Artifactory --build-dir=W:\build --install-dir=W:\install --signing-dir=W:\signing --package-dir=W:\package --output-dir=W:\output --stash-dir=W:\stash --jenkins-build=400 --git-commit=2caf4f64a50cc36ef585dfed2698842531e5e31b --git-branch=master --variants=RelWithDebInfo --python=2.7 --ufe=false --pxrusd-version=0.21.05-gold --post-zips=false --maya-cut-config=maya-rundev-2019.yaml --maya-package=rundev-2019 --stage-banner
[2022-10-31T18:05:58.769Z] Using Maya cut from P:\shared\Artifactory\Windows\rundev-2019\202003131251\runtime\155eb96
[2022-10-31T18:05:58.769Z] 
[2022-10-31T18:05:58.769Z] ================================================================================
[2022-10-31T18:05:58.769Z]                              clean (RelWithDebInfo)
[2022-10-31T18:05:58.769Z] ================================================================================
[2022-10-31T18:05:58.769Z] Maya Python RelWithDebInfo Info:
[2022-10-31T18:05:58.769Z]   mayapy executable   = P:\shared\Artifactory\Windows\rundev-2019\202003131251\runtime\155eb96\runTime\bin\mayapy.exe
[2022-10-31T18:05:58.769Z]   Include Folder      = P:\shared\Artifactory\Windows\rundev-2019\202003131251\runtime\155eb96\runTime\include\Python2.7
[2022-10-31T18:05:58.769Z]   Library             = P:\shared\Artifactory\Windows\rundev-2019\202003131251\runtime\155eb96\runTime\lib\python27.lib
[2022-10-31T18:05:58.769Z]   site-package Folder = P:\shared\Artifactory\Windows\rundev-2019\202003131251\runtime\155eb96\runTime\Python\Lib\site-packages
[2022-10-31T18:06:03.196Z] In workdir: S:\jenkins\workspace\ECP\ecg-maya-usd\ecg-mayausd-branch-preflight-2019-no-ufe-windows\ecg-maya-usd\maya-usd
[2022-10-31T18:06:03.196Z] Executing: 'P:\\shared\\Artifactory\\Windows\\rundev-2019\\202003131251\\runtime\\155eb96\\runTime\\bin\\mayapy.exe' 'S:\\jenkins\\workspace\\ECP\\ecg-maya-usd\\ecg-mayausd-branch-preflight-2019-no-ufe-windows\\ecg-maya-usd\\maya-usd\\build.py' --generator Ninja --build-relwithdebug --maya-location 'P:\\shared\\Artifactory\\Windows\\rundev-2019\\202003131251\\runtime\\155eb96\\runTime' --devkit-location 'P:\\shared\\Artifactory\\Windows\\rundev-2019\\202003131251\\runtime\\155eb96\\devkitBase' --pxrusd-location 'P:\\shared\\Artifactory\\Windows\\USD\\cfb3d8a' --qt-location 'P:\\shared\\Artifactory\\Windows\\qt\\5.6.1\\1acd0ba' '--build-args=-DCMAKE_MAKE_PROGRAM=P:/shared/Artifactory/Windows/ninja/1.9.0/c68f192/ninja.exe,-DPYTHON_INCLUDE_DIR=P:/shared/Artifactory/Windows/rundev-2019/202003131251/runtime/155eb96/runTime/include/Python2.7,-DPython_EXECUTABLE=P:/shared/Artifactory/Windows/rundev-2019/202003131251/runtime/155eb96/runTime/bin/mayapy.exe,-DPYTHON_LIBRARIES=P:/shared/Artifactory/Windows/rundev-2019/202003131251/runtime/155eb96/runTime/lib/python27.lib,-DCMAKE_WANT_UFE_BUILD=OFF,-DCMAKE_WANT_MATERIALX_BUILD=ON,-DCMAKE_PREFIX_PATH=P:\\shared\\Artifactory\\Windows\\USD\\cfb3d8a' '--ctest-args=-E testUsdReferenceAssemblySelection|testUsdMayaAppDir,-LE interactive,--parallel 16' --stages=clean --redirect-outstream-file=False --install-location 'W:\\install\\RelWithDebInfo\\MayaUSD' 'W:\\'
[2022-10-31T18:06:03.196Z] Modified environment variables:
[2022-10-31T18:06:03.196Z]     PATH=P:\shared\Artifactory\Windows\cmake\3.20.3\afe857a\bin;C:\Python27\lib\site-packages\pywin32_system32;C:\Program Files (x86)\Microsoft Visual Studio\2017\Professional\VC\Tools\MSVC\14.16.27023\bin\HostX64\x64;C:\Program Files (x86)\Microsoft Visual Studio\2017\Professional\Common7\IDE\VC\VCPackages;C:\Program Files (x86)\Microsoft Visual Studio\2017\Professional\Common7\IDE\CommonExtensions\Microsoft\TestWindow;C:\Program Files (x86)\Microsoft Visual Studio\2017\Professional\Common7\IDE\CommonExtensions\Microsoft\TeamFoundation\Team Explorer;C:\Program Files (x86)\Microsoft Visual Studio\2017\Professional\MSBuild\15.0\bin\Roslyn;C:\Program Files (x86)\Microsoft Visual Studio\2017\Professional\Team Tools\Performance Tools\x64;C:\Program Files (x86)\Microsoft Visual Studio\2017\Professional\Team Tools\Performance Tools;C:\Program Files (x86)\Microsoft Visual Studio\Shared\Common\VSPerfCollectionTools\\x64;C:\Program Files (x86)\Microsoft Visual Studio\Shared\Common\VSPerfCollectionTools\;C:\Program Files (x86)\Microsoft SDKs\Windows\v10.0A\bin\NETFX 4.6.1 Tools\x64\;C:\Program Files (x86)\HTML Help Workshop;C:\Program Files (x86)\Windows Kits\10\bin\10.0.18362.0\x64;C:\Program Files (x86)\Windows Kits\10\bin\x64;C:\Program Files (x86)\Microsoft Visual Studio\2017\Professional\\MSBuild\15.0\bin;C:\WINDOWS\Microsoft.NET\Framework64\v4.0.30319;C:\Program Files (x86)\Microsoft Visual Studio\2017\Professional\Common7\IDE\;C:\Program Files (x86)\Microsoft Visual Studio\2017\Professional\Common7\Tools\;C:\Python27\;C:\Python27\Scripts;C:\WINDOWS\system32;C:\WINDOWS;C:\WINDOWS\System32\Wbem;C:\WINDOWS\System32\WindowsPowerShell\v1.0\;C:\WINDOWS\System32\OpenSSH\;C:\ProgramData\chocolatey\bin;C:\Program Files (x86)\WiX Toolset v3.7\bin;C:\Program Files\dotnet\;C:\Program Files (x86)\Windows Kits\10\bin\10.0.18362.0\x64;C:\Program Files\Zulu\zulu-11\bin\;C:\Program Files (x86)\Windows Kits\10\bin\10.0.17763.0\x64;C:\Program Files (x86)\Windows Kits\10\bin\x64;C:\Program Files\Git\cmd;C:\Program Files\Git\usr\bin;C:\Program Files\Git\mingw64\bin;C:\Program Files\Git\bin;C:\Python38\;C:\Python38\Scripts;C:\StoreBoxClientWindows;C:\Program Files\Electric Cloud\ElectricCommander\bin;C:\Program Files\WinRAR;C:\Program Files\7-Zip;C:\Users\Administrator\AppData\Local\Microsoft\WindowsApps;C:\Program Files (x86)\Microsoft Visual Studio\2017\Professional\Common7\IDE\CommonExtensions\Microsoft\CMake\CMake\bin;C:\Program Files (x86)\Microsoft Visual Studio\2017\Professional\Common7\IDE\CommonExtensions\Microsoft\CMake\Ninja
[2022-10-31T18:06:03.196Z]     
[2022-10-31T18:06:03.196Z]         Building with settings:
[2022-10-31T18:06:03.196Z]           Source directory          S:\jenkins\workspace\ECP\ecg-maya-usd\ecg-mayausd-branch-preflight-2019-no-ufe-windows\ecg-maya-usd\maya-usd
[2022-10-31T18:06:03.196Z]           Workspace directory       W:\
[2022-10-31T18:06:03.196Z]           Build directory           W:\build\RelWithDebInfo
[2022-10-31T18:06:03.196Z]           Install directory         W:\install\RelWithDebInfo\MayaUSD
[2022-10-31T18:06:03.196Z]           Variant                   RelWithDebInfo
[2022-10-31T18:06:03.196Z]           Python Debug              Off
[2022-10-31T18:06:03.196Z]           CMake generator           Ninja
[2022-10-31T18:06:03.196Z]           Build arguments           ['-DCMAKE_MAKE_PROGRAM=P:/shared/Artifactory/Windows/ninja/1.9.0/c68f192/ninja.exe', '-DPYTHON_INCLUDE_DIR=P:/shared/Artifactory/Windows/rundev-2019/202003131251/runtime/155eb96/runTime/include/Python2.7', '-DPython_EXECUTABLE=P:/shared/Artifactory/Windows/rundev-2019/202003131251/runtime/155eb96/runTime/bin/mayapy.exe', '-DPYTHON_LIBRARIES=P:/shared/Artifactory/Windows/rundev-2019/202003131251/runtime/155eb96/runTime/lib/python27.lib', '-DCMAKE_WANT_UFE_BUILD=OFF', '-DCMAKE_WANT_MATERIALX_BUILD=ON', '-DCMAKE_PREFIX_PATH=P:\\shared\\Artifactory\\Windows\\USD\\cfb3d8a']
[2022-10-31T18:06:03.196Z]           Stages arguments          ['clean']
[2022-10-31T18:06:03.196Z]           CTest arguments           ['-E testUsdReferenceAssemblySelection|testUsdMayaAppDir', '-LE interactive', '--parallel 16']
[2022-10-31T18:06:03.196Z]     Success MayaUSD build and install !!!!
[2022-10-31T18:06:03.196Z]     Elapsed time: 00:00:00
[Pipeline] bat
[2022-10-31T18:06:03.871Z] Deleting alias drive W:
[Pipeline] bat
[2022-10-31T18:06:04.532Z] Deleting alias drive P:
[Pipeline] }
[Pipeline] // withEnv
[Pipeline] }
[Pipeline] // timeout
[Pipeline] }
[Pipeline] // stage
[Pipeline] }
[Pipeline] // timestamps
[Pipeline] timestamps
[Pipeline] {
[Pipeline] stage
[Pipeline] { (Configure)
[Pipeline] timeout
[2022-10-31T18:06:04.760Z] Timeout set to expire in 6 hr 0 min
[Pipeline] {
[Pipeline] withEnv
[Pipeline] {
[Pipeline] bat
[Pipeline] bat
[2022-10-31T18:06:05.211Z] MayaUSD_2023_Windows_NOGPU_07 was marked offline: Connection was broken: java.nio.channels.ClosedChannelException
[2022-10-31T18:06:05.211Z] 	at org.jenkinsci.remoting.protocol.NetworkLayer.onRecvClosed(NetworkLayer.java:155)
[2022-10-31T18:06:05.211Z] 	at org.jenkinsci.remoting.protocol.impl.NIONetworkLayer.ready(NIONetworkLayer.java:180)
[2022-10-31T18:06:05.211Z] 	at org.jenkinsci.remoting.protocol.IOHub$OnReady.run(IOHub.java:789)
[2022-10-31T18:06:05.211Z] 	at jenkins.util.ContextResettingExecutorService$1.run(ContextResettingExecutorService.java:28)
[2022-10-31T18:06:05.211Z] 	at jenkins.security.ImpersonatingExecutorService$1.run(ImpersonatingExecutorService.java:68)
[2022-10-31T18:06:05.211Z] 	at java.util.concurrent.ThreadPoolExecutor.runWorker(ThreadPoolExecutor.java:1149)
[2022-10-31T18:06:05.211Z] 	at java.util.concurrent.ThreadPoolExecutor$Worker.run(ThreadPoolExecutor.java:624)
[2022-10-31T18:06:05.211Z] 	at java.lang.Thread.run(Thread.java:748)
[2022-10-31T18:06:05.211Z] 
[Pipeline] }
[Pipeline] // withEnv
[Pipeline] }
[Pipeline] // timeout
[Pipeline] }
[Pipeline] // stage
[Pipeline] }
[Pipeline] // timestamps
[Pipeline] emailextrecipients
Not sending mail to unregistered user ecg.jenkins@autodesk.com because your SCM claimed this was associated with a user ID ‘ecg.jenkins' which your security realm does not recognize; you may need changes in your SCM plugin
Not sending mail to unregistered user ecg.jenkins@autodesk.com because your SCM claimed this was associated with a user ID ‘ecg.jenkins' which your security realm does not recognize; you may need changes in your SCM plugin
[Pipeline] echo
No recipients to send notification.
[Pipeline] }
[Pipeline] // node
[Pipeline] End of Pipeline
java.io.IOException: Unable to create live FilePath for MayaUSD_2023_Windows_NOGPU_07
	at org.jenkinsci.plugins.workflow.support.steps.FilePathDynamicContext.get(FilePathDynamicContext.java:66)
	at org.jenkinsci.plugins.workflow.support.steps.FilePathDynamicContext.get(FilePathDynamicContext.java:48)
	at org.jenkinsci.plugins.workflow.steps.DynamicContext$Typed.get(DynamicContext.java:95)
	at org.jenkinsci.plugins.workflow.cps.ContextVariableSet.get(ContextVariableSet.java:139)
	at org.jenkinsci.plugins.workflow.cps.CpsThread.getContextVariable(CpsThread.java:137)
	at org.jenkinsci.plugins.workflow.cps.CpsStepContext.doGet(CpsStepContext.java:298)
	at org.jenkinsci.plugins.workflow.support.DefaultStepContext.get(DefaultStepContext.java:75)
	at org.jenkinsci.plugins.workflow.steps.StepDescriptor.checkContextAvailability(StepDescriptor.java:263)
	at org.jenkinsci.plugins.workflow.cps.DSL.invokeStep(DSL.java:299)
	at org.jenkinsci.plugins.workflow.cps.DSL.invokeMethod(DSL.java:196)
	at org.jenkinsci.plugins.workflow.cps.CpsScript.invokeMethod(CpsScript.java:124)
	at sun.reflect.GeneratedMethodAccessor557.invoke(Unknown Source)
	at sun.reflect.DelegatingMethodAccessorImpl.invoke(DelegatingMethodAccessorImpl.java:43)
	at java.lang.reflect.Method.invoke(Method.java:498)
	at org.codehaus.groovy.reflection.CachedMethod.invoke(CachedMethod.java:98)
	at groovy.lang.MetaMethod.doMethodInvoke(MetaMethod.java:325)
	at groovy.lang.MetaClassImpl.invokeMethod(MetaClassImpl.java:1225)
	at groovy.lang.MetaClassImpl.invokeMethod(MetaClassImpl.java:1034)
	at org.codehaus.groovy.runtime.callsite.PogoMetaClassSite.call(PogoMetaClassSite.java:41)
	at org.codehaus.groovy.runtime.callsite.CallSiteArray.defaultCall(CallSiteArray.java:47)
	at org.codehaus.groovy.runtime.callsite.AbstractCallSite.call(AbstractCallSite.java:116)
	at org.kohsuke.groovy.sandbox.impl.Checker$1.call(Checker.java:163)
	at org.kohsuke.groovy.sandbox.GroovyInterceptor.onMethodCall(GroovyInterceptor.java:23)
	at org.jenkinsci.plugins.scriptsecurity.sandbox.groovy.SandboxInterceptor.onMethodCall(SandboxInterceptor.java:158)
	at org.jenkinsci.plugins.scriptsecurity.sandbox.groovy.SandboxInterceptor.onMethodCall(SandboxInterceptor.java:143)
	at org.kohsuke.groovy.sandbox.impl.Checker$1.call(Checker.java:161)
	at org.kohsuke.groovy.sandbox.impl.Checker.checkedCall(Checker.java:165)
	at com.cloudbees.groovy.cps.sandbox.SandboxInvoker.methodCall(SandboxInvoker.java:17)
	at ScriptStageRunner.getCommandLauncher(Script4.groovy:1244)
	at ScriptStageRunner.runCommandList(Script4.groovy:1321)
	at ScriptStageRunner.teardownAliasDrive(Script4.groovy:729)
	at ScriptStageRunner.usingAliasPath(Script4.groovy:770)
	at ScriptStageRunner.usingWorkingAreaAlias(Script4.groovy:793)
	at ScriptStageRunner.runScriptStageCommand(Script4.groovy:2006)
	at ScriptStageRunner.runScriptStageCommand(Script4.groovy:2028)
	at ScriptStageRunner.runScriptStageCommand(Script4.groovy)
	at WorkflowScript.run(WorkflowScript:193)
	at ScriptStageRunner.usingVariants(Script4.groovy:1804)
	at ScriptStageRunner.usingVariant(Script4.groovy:1820)
	at WorkflowScript.run(WorkflowScript:192)
	at ScriptStageRunner.usingArgs(Script4.groovy:1926)
	at WorkflowScript.run(WorkflowScript:191)
	at ScriptStageRunner.usingArgs(Script4.groovy:1926)
	at WorkflowScript.run(WorkflowScript:190)
	at WorkflowScript.run(WorkflowScript:222)
	at WorkflowScript.run(WorkflowScript:259)
	at ScriptStageRunner.newStage(Script4.groovy:2118)
	at ScriptStageRunner.usingEnvVars(Script4.groovy:1227)
	at ___cps.transform___(Native Method)
	at com.cloudbees.groovy.cps.impl.ContinuationGroup.methodCall(ContinuationGroup.java:86)
	at com.cloudbees.groovy.cps.impl.FunctionCallBlock$ContinuationImpl.dispatchOrArg(FunctionCallBlock.java:113)
	at com.cloudbees.groovy.cps.impl.FunctionCallBlock$ContinuationImpl.fixArg(FunctionCallBlock.java:83)
	at sun.reflect.GeneratedMethodAccessor403.invoke(Unknown Source)
	at sun.reflect.DelegatingMethodAccessorImpl.invoke(DelegatingMethodAccessorImpl.java:43)
	at java.lang.reflect.Method.invoke(Method.java:498)
	at com.cloudbees.groovy.cps.impl.ContinuationPtr$ContinuationImpl.receive(ContinuationPtr.java:72)
	at com.cloudbees.groovy.cps.impl.LocalVariableBlock$LocalVariable.get(LocalVariableBlock.java:39)
	at com.cloudbees.groovy.cps.LValueBlock$GetAdapter.receive(LValueBlock.java:30)
	at com.cloudbees.groovy.cps.impl.LocalVariableBlock.evalLValue(LocalVariableBlock.java:28)
	at com.cloudbees.groovy.cps.LValueBlock$BlockImpl.eval(LValueBlock.java:55)
	at com.cloudbees.groovy.cps.LValueBlock.eval(LValueBlock.java:16)
	at com.cloudbees.groovy.cps.Next.step(Next.java:83)
	at com.cloudbees.groovy.cps.Continuable$1.call(Continuable.java:174)
	at com.cloudbees.groovy.cps.Continuable$1.call(Continuable.java:163)
	at org.codehaus.groovy.runtime.GroovyCategorySupport$ThreadCategoryInfo.use(GroovyCategorySupport.java:136)
	at org.codehaus.groovy.runtime.GroovyCategorySupport.use(GroovyCategorySupport.java:275)
	at com.cloudbees.groovy.cps.Continuable.run0(Continuable.java:163)
	at org.jenkinsci.plugins.workflow.cps.SandboxContinuable.access$001(SandboxContinuable.java:18)
	at org.jenkinsci.plugins.workflow.cps.SandboxContinuable.run0(SandboxContinuable.java:51)
	at org.jenkinsci.plugins.workflow.cps.CpsThread.runNextChunk(CpsThread.java:187)
	at org.jenkinsci.plugins.workflow.cps.CpsThreadGroup.run(CpsThreadGroup.java:420)
	at org.jenkinsci.plugins.workflow.cps.CpsThreadGroup.access$400(CpsThreadGroup.java:95)
	at org.jenkinsci.plugins.workflow.cps.CpsThreadGroup$2.call(CpsThreadGroup.java:330)
	at org.jenkinsci.plugins.workflow.cps.CpsThreadGroup$2.call(CpsThreadGroup.java:294)
	at org.jenkinsci.plugins.workflow.cps.CpsVmExecutorService$2.call(CpsVmExecutorService.java:67)
	at java.util.concurrent.FutureTask.run(FutureTask.java:266)
	at hudson.remoting.SingleLaneExecutorService$1.run(SingleLaneExecutorService.java:139)
	at jenkins.util.ContextResettingExecutorService$1.run(ContextResettingExecutorService.java:28)
	at jenkins.security.ImpersonatingExecutorService$1.run(ImpersonatingExecutorService.java:68)
	at java.util.concurrent.Executors$RunnableAdapter.call(Executors.java:511)
	at java.util.concurrent.FutureTask.run(FutureTask.java:266)
	at java.util.concurrent.ThreadPoolExecutor.runWorker(ThreadPoolExecutor.java:1149)
	at java.util.concurrent.ThreadPoolExecutor$Worker.run(ThreadPoolExecutor.java:624)
	at java.lang.Thread.run(Thread.java:748)
[Checks API] No suitable checks publisher found.
Finished: FAILURE
