================================================================================
                             setup (RelWithDebInfo)
================================================================================
[Pipeline] }
[Pipeline] // withEnv
[Pipeline] }
[Pipeline] // stage
[Pipeline] }
[Pipeline] // timestamps
[Pipeline] }
[Pipeline] // timeout
[Pipeline] timeout
Timeout set to expire in 6 hr 0 min
[Pipeline] {
[Pipeline] timestamps
[Pipeline] {
[Pipeline] stage
[Pipeline] { (Clean)
[Pipeline] withEnv
[Pipeline] {
[Pipeline] sh
[ecg-mayausd-branch-preflight-2020-osx] Running shell script
+ python ecg-maya-usd/build.py --stages=clean --workspace-dir=/local/S/jenkins/workspace/ecg-mayausd-branch-preflight-2020-osx --artifactory-dir=/local/S/jenkins/workspace/shared/Artifactory --build-dir=/local/S/jenkins/workspace/ecg-mayausd-branch-preflight-2020-osx/build --install-dir=/local/S/jenkins/workspace/ecg-mayausd-branch-preflight-2020-osx/install --signing-dir=/local/S/jenkins/workspace/ecg-mayausd-branch-preflight-2020-osx/signing --package-dir=/local/S/jenkins/workspace/ecg-mayausd-branch-preflight-2020-osx/package --output-dir=/local/S/jenkins/workspace/ecg-mayausd-branch-preflight-2020-osx/output --stash-dir=/local/S/jenkins/workspace/ecg-mayausd-branch-preflight-2020-osx/stash --jenkins-build=348 --git-commit=d6f37a5e5696a1491862657704651c45dc99341e --git-branch=master --variants=RelWithDebInfo --python=2 --maya-cut-config=maya-rundev-2020.yaml --stage-banner
Using Maya cut from /local/S/jenkins/workspace/shared/Artifactory/OSX/rundev-2020/202004291615/runtime/8fd8f21

================================================================================
                             clean (RelWithDebInfo)
================================================================================
running clean stage....................
Maya Python RelWithDebInfo Info:
  mayapy executable   = /local/S/jenkins/workspace/shared/Artifactory/OSX/rundev-2020/202004291615/runtime/8fd8f21/runTime/Maya.app/Contents/bin/mayapy
  Include Folder      = /local/S/jenkins/workspace/shared/Artifactory/OSX/rundev-2020/202004291615/runtime/8fd8f21/runTime/Maya.app/Contents/Frameworks/Python.framework/Versions/Current/include/python2.7
  Library             = /local/S/jenkins/workspace/shared/Artifactory/OSX/rundev-2020/202004291615/runtime/8fd8f21/runTime/Maya.app/Contents/Frameworks/Python.framework/Versions/Current/lib/libpython2.7.dylib
  site-package Folder = /local/S/jenkins/workspace/shared/Artifactory/OSX/rundev-2020/202004291615/runtime/8fd8f21/runTime/Maya.app/Contents/Frameworks/Python.framework/Versions/Current/lib/python2.7/site-packages
In workdir: /local/S/jenkins/workspace/ecg-mayausd-branch-preflight-2020-osx/ecg-maya-usd/maya-usd
Executing: /local/S/jenkins/workspace/shared/Artifactory/OSX/rundev-2020/202004291615/runtime/8fd8f21/runTime/Maya.app/Contents/bin/mayapy /local/S/jenkins/workspace/ecg-mayausd-branch-preflight-2020-osx/ecg-maya-usd/maya-usd/build.py --generator Ninja --build-relwithdebug --maya-location /local/S/jenkins/workspace/shared/Artifactory/OSX/rundev-2020/202004291615/runtime/8fd8f21/runTime --devkit-location /local/S/jenkins/workspace/shared/Artifactory/OSX/rundev-2020/202004291615/runtime/8fd8f21/devkitBase --pxrusd-location /local/S/jenkins/workspace/shared/Artifactory/OSX/USD/98ad8fb --qt-location /local/S/jenkins/workspace/shared/Artifactory/OSX/qt/5.12.5/3ca78fe --build-args=-DCMAKE_MAKE_PROGRAM=/local/S/jenkins/workspace/shared/Artifactory/OSX/ninja/1.9.0/41005eb/ninja,-DPYTHON_INCLUDE_DIR=/local/S/jenkins/workspace/shared/Artifactory/OSX/rundev-2020/202004291615/runtime/8fd8f21/runTime/Maya.app/Contents/Frameworks/Python.framework/Versions/Current/include/python2.7,-DPython_EXECUTABLE=/local/S/jenkins/workspace/shared/Artifactory/OSX/rundev-2020/202004291615/runtime/8fd8f21/runTime/Maya.app/Contents/bin/mayapy,-DPYTHON_LIBRARIES=/local/S/jenkins/workspace/shared/Artifactory/OSX/rundev-2020/202004291615/runtime/8fd8f21/runTime/Maya.app/Contents/Frameworks/Python.framework/Versions/Current/lib/libpython2.7.dylib,-DMAYAUSD_TO_USD_RELATIVE_PATH=../USD '--ctest-args=-E testUsdReferenceAssemblySelection|testUsdMayaAppDir|testUsdExportAsClip,-LE interactive,--parallel 12' --stages=clean --redirect-outstream-file=False --install-location /local/S/jenkins/workspace/ecg-mayausd-branch-preflight-2020-osx/install/RelWithDebInfo/MayaUSD /local/S/jenkins/workspace/ecg-mayausd-branch-preflight-2020-osx
Modified environment variables:
    PATH=/local/S/jenkins/workspace/shared/Artifactory/OSX/cmake/3.14.4/e159059/bin:/usr/local/bin:/bin:/usr/sbin:/sbin:/usr/bin
    
        Building with settings:
          Source directory          /local/S/jenkins/workspace/ecg-mayausd-branch-preflight-2020-osx/ecg-maya-usd/maya-usd
          Workspace directory       /local/S/jenkins/workspace/ecg-mayausd-branch-preflight-2020-osx
          Build directory           /local/S/jenkins/workspace/ecg-mayausd-branch-preflight-2020-osx/build/RelWithDebInfo
          Install directory         /local/S/jenkins/workspace/ecg-mayausd-branch-preflight-2020-osx/install/RelWithDebInfo/MayaUSD
          Variant                   RelWithDebInfo
          Python Debug              Off
          CMake generator           Ninja
          Build arguments           ['-DCMAKE_MAKE_PROGRAM=/local/S/jenkins/workspace/shared/Artifactory/OSX/ninja/1.9.0/41005eb/ninja', '-DPYTHON_INCLUDE_DIR=/local/S/jenkins/workspace/shared/Artifactory/OSX/rundev-2020/202004291615/runtime/8fd8f21/runTime/Maya.app/Contents/Frameworks/Python.framework/Versions/Current/include/python2.7', '-DPython_EXECUTABLE=/local/S/jenkins/workspace/shared/Artifactory/OSX/rundev-2020/202004291615/runtime/8fd8f21/runTime/Maya.app/Contents/bin/mayapy', '-DPYTHON_LIBRARIES=/local/S/jenkins/workspace/shared/Artifactory/OSX/rundev-2020/202004291615/runtime/8fd8f21/runTime/Maya.app/Contents/Frameworks/Python.framework/Versions/Current/lib/libpython2.7.dylib', '-DMAYAUSD_TO_USD_RELATIVE_PATH=../USD']
          Stages arguments          ['clean']
          CTest arguments           ['-E testUsdReferenceAssemblySelection|testUsdMayaAppDir|testUsdExportAsClip', '-LE interactive', '--parallel 12']
    Success MayaUSD build and install !!!!
    Elapsed time: 00:00:00
[Pipeline] }
[Pipeline] // withEnv
[Pipeline] }
[Pipeline] // stage
[Pipeline] }
[Pipeline] // timestamps
[Pipeline] }
[Pipeline] // timeout
[Pipeline] timeout
Timeout set to expire in 6 hr 0 min
[Pipeline] {
[Pipeline] timestamps
[Pipeline] {
[Pipeline] stage
[Pipeline] { (Configure)
[Pipeline] withEnv
[Pipeline] {
[Pipeline] sh
[ecg-mayausd-branch-preflight-2020-osx] Running shell script
+ python ecg-maya-usd/build.py --stages=configure --workspace-dir=/local/S/jenkins/workspace/ecg-mayausd-branch-preflight-2020-osx --artifactory-dir=/local/S/jenkins/workspace/shared/Artifactory --build-dir=/local/S/jenkins/workspace/ecg-mayausd-branch-preflight-2020-osx/build --install-dir=/local/S/jenkins/workspace/ecg-mayausd-branch-preflight-2020-osx/install --signing-dir=/local/S/jenkins/workspace/ecg-mayausd-branch-preflight-2020-osx/signing --package-dir=/local/S/jenkins/workspace/ecg-mayausd-branch-preflight-2020-osx/package --output-dir=/local/S/jenkins/workspace/ecg-mayausd-branch-preflight-2020-osx/output --stash-dir=/local/S/jenkins/workspace/ecg-mayausd-branch-preflight-2020-osx/stash --jenkins-build=348 --git-commit=d6f37a5e5696a1491862657704651c45dc99341e --git-branch=master --variants=RelWithDebInfo --python=2 --maya-cut-config=maya-rundev-2020.yaml --stage-banner
Using Maya cut from /local/S/jenkins/workspace/shared/Artifactory/OSX/rundev-2020/202004291615/runtime/8fd8f21

================================================================================
                           configure (RelWithDebInfo)
================================================================================
running configure stage....................
Maya Python RelWithDebInfo Info:
  mayapy executable   = /local/S/jenkins/workspace/shared/Artifactory/OSX/rundev-2020/202004291615/runtime/8fd8f21/runTime/Maya.app/Contents/bin/mayapy
  Include Folder      = /local/S/jenkins/workspace/shared/Artifactory/OSX/rundev-2020/202004291615/runtime/8fd8f21/runTime/Maya.app/Contents/Frameworks/Python.framework/Versions/Current/include/python2.7
  Library             = /local/S/jenkins/workspace/shared/Artifactory/OSX/rundev-2020/202004291615/runtime/8fd8f21/runTime/Maya.app/Contents/Frameworks/Python.framework/Versions/Current/lib/libpython2.7.dylib
  site-package Folder = /local/S/jenkins/workspace/shared/Artifactory/OSX/rundev-2020/202004291615/runtime/8fd8f21/runTime/Maya.app/Contents/Frameworks/Python.framework/Versions/Current/lib/python2.7/site-packages
In workdir: /local/S/jenkins/workspace/ecg-mayausd-branch-preflight-2020-osx/ecg-maya-usd/maya-usd
Executing: /local/S/jenkins/workspace/shared/Artifactory/OSX/rundev-2020/202004291615/runtime/8fd8f21/runTime/Maya.app/Contents/bin/mayapy /local/S/jenkins/workspace/ecg-mayausd-branch-preflight-2020-osx/ecg-maya-usd/maya-usd/build.py --generator Ninja --build-relwithdebug --maya-location /local/S/jenkins/workspace/shared/Artifactory/OSX/rundev-2020/202004291615/runtime/8fd8f21/runTime --devkit-location /local/S/jenkins/workspace/shared/Artifactory/OSX/rundev-2020/202004291615/runtime/8fd8f21/devkitBase --pxrusd-location /local/S/jenkins/workspace/shared/Artifactory/OSX/USD/98ad8fb --qt-location /local/S/jenkins/workspace/shared/Artifactory/OSX/qt/5.12.5/3ca78fe --build-args=-DCMAKE_MAKE_PROGRAM=/local/S/jenkins/workspace/shared/Artifactory/OSX/ninja/1.9.0/41005eb/ninja,-DPYTHON_INCLUDE_DIR=/local/S/jenkins/workspace/shared/Artifactory/OSX/rundev-2020/202004291615/runtime/8fd8f21/runTime/Maya.app/Contents/Frameworks/Python.framework/Versions/Current/include/python2.7,-DPython_EXECUTABLE=/local/S/jenkins/workspace/shared/Artifactory/OSX/rundev-2020/202004291615/runtime/8fd8f21/runTime/Maya.app/Contents/bin/mayapy,-DPYTHON_LIBRARIES=/local/S/jenkins/workspace/shared/Artifactory/OSX/rundev-2020/202004291615/runtime/8fd8f21/runTime/Maya.app/Contents/Frameworks/Python.framework/Versions/Current/lib/libpython2.7.dylib,-DMAYAUSD_TO_USD_RELATIVE_PATH=../USD '--ctest-args=-E testUsdReferenceAssemblySelection|testUsdMayaAppDir|testUsdExportAsClip,-LE interactive,--parallel 12' --stages=configure --redirect-outstream-file=False --install-location /local/S/jenkins/workspace/ecg-mayausd-branch-preflight-2020-osx/install/RelWithDebInfo/MayaUSD /local/S/jenkins/workspace/ecg-mayausd-branch-preflight-2020-osx
Modified environment variables:
    PATH=/local/S/jenkins/workspace/shared/Artifactory/OSX/cmake/3.14.4/e159059/bin:/usr/local/bin:/bin:/usr/sbin:/sbin:/usr/bin
    -- The C compiler identification is AppleClang 10.0.1.10010046
    -- The CXX compiler identification is AppleClang 10.0.1.10010046
    -- Check for working C compiler: /Applications/Xcode.app/Contents/Developer/Toolchains/XcodeDefault.xctoolchain/usr/bin/cc
    -- Check for working C compiler: /Applications/Xcode.app/Contents/Developer/Toolchains/XcodeDefault.xctoolchain/usr/bin/cc -- works
    -- Detecting C compiler ABI info
    -- Detecting C compiler ABI info - done
    -- Detecting C compile features
    -- Detecting C compile features - done
    -- Check for working CXX compiler: /Applications/Xcode.app/Contents/Developer/Toolchains/XcodeDefault.xctoolchain/usr/bin/c++
    -- Check for working CXX compiler: /Applications/Xcode.app/Contents/Developer/Toolchains/XcodeDefault.xctoolchain/usr/bin/c++ -- works
    -- Detecting CXX compiler ABI info
    -- Detecting CXX compiler ABI info - done
    -- Detecting CXX compile features
    -- Detecting CXX compile features - done
    -- Found Python: /local/S/jenkins/workspace/shared/Artifactory/OSX/rundev-2020/202004291615/runtime/8fd8f21/runTime/Maya.app/Contents/bin/mayapy (found suitable exact version "2.7.15") found components:  Interpreter
    -- Build MayaUSD with Python3 = OFF
    --    PYTHON_INCLUDE_DIRS = /local/S/jenkins/workspace/shared/Artifactory/OSX/rundev-2020/202004291615/runtime/8fd8f21/runTime/Maya.app/Contents/Frameworks/Python.framework/Versions/Current/include/python2.7
    --    PYTHON_LIBRARIES    = /local/S/jenkins/workspace/shared/Artifactory/OSX/rundev-2020/202004291615/runtime/8fd8f21/runTime/Maya.app/Contents/Frameworks/Python.framework/Versions/Current/lib/libpython2.7.dylib
    --    Python_EXECUTABLE   = /local/S/jenkins/workspace/shared/Artifactory/OSX/rundev-2020/202004291615/runtime/8fd8f21/runTime/Maya.app/Contents/bin/mayapy
    -- Found Maya: /local/S/jenkins/workspace/shared/Artifactory/OSX/rundev-2020/202004291615/runtime/8fd8f21/runTime/maya.app/Contents/MacOS/Maya (found suitable version "2020", minimum required is "2018")
    -- USD include dir: /local/S/jenkins/workspace/shared/Artifactory/OSX/USD/98ad8fb/include
    -- USD library dir: /local/S/jenkins/workspace/shared/Artifactory/OSX/USD/98ad8fb/lib
    -- USD version: 0.20.8
    -- Found USD: /local/S/jenkins/workspace/shared/Artifactory/OSX/USD/98ad8fb (found version "0.20.8")
    Updated PYTHONPATH: /local/S/jenkins/workspace/shared/Artifactory/OSX/USD/98ad8fb/lib/python
    -- UFE include dir: /local/S/jenkins/workspace/shared/Artifactory/OSX/rundev-2020/202004291615/runtime/8fd8f21/devkitBase/devkit/ufe/include
    -- UFE library: /local/S/jenkins/workspace/shared/Artifactory/OSX/rundev-2020/202004291615/runtime/8fd8f21/devkitBase/devkit/ufe/lib/libufe_1.dylib
    -- UFE version: 1.0.0
    -- Building with UFE 1.0.0 features enabled.
    -- Building with Qt features enabled.
    -- ========== Installing GoogleTest... ==========
    -- Configuring done
    -- Generating done
    -- Build files have been written to: /local/S/jenkins/workspace/ecg-mayausd-branch-preflight-2020-osx/build/RelWithDebInfo/googletest-config
    [1/8] Creating directories for 'googletest'
    [2/8] Performing download step (git clone) for 'googletest'
    Cloning into 'googletest-src'...
    HEAD is now at 703bd9ca Googletest export
    [3/8] No patch step for 'googletest'
    [4/8] Performing update step for 'googletest'
    [5/8] Performing configure step for 'googletest'
    -- The C compiler identification is AppleClang 10.0.1.10010046
    -- The CXX compiler identification is AppleClang 10.0.1.10010046
    -- Check for working C compiler: /Applications/Xcode.app/Contents/Developer/Toolchains/XcodeDefault.xctoolchain/usr/bin/cc
    -- Check for working C compiler: /Applications/Xcode.app/Contents/Developer/Toolchains/XcodeDefault.xctoolchain/usr/bin/cc -- works
    -- Detecting C compiler ABI info
    -- Detecting C compiler ABI info - done
    -- Detecting C compile features
    -- Detecting C compile features - done
    -- Check for working CXX compiler: /Applications/Xcode.app/Contents/Developer/Toolchains/XcodeDefault.xctoolchain/usr/bin/c++
    -- Check for working CXX compiler: /Applications/Xcode.app/Contents/Developer/Toolchains/XcodeDefault.xctoolchain/usr/bin/c++ -- works
    -- Detecting CXX compiler ABI info
    -- Detecting CXX compiler ABI info - done
    -- Detecting CXX compile features
    -- Detecting CXX compile features - done
    -- Found PythonInterp: /usr/local/bin/python (found version "2.7.15")
    -- Looking for pthread.h
    -- Looking for pthread.h - found
    -- Looking for pthread_create
    -- Looking for pthread_create - found
    -- Found Threads: TRUE
    -- Configuring done
    -- Generating done
    -- Build files have been written to: /local/S/jenkins/workspace/ecg-mayausd-branch-preflight-2020-osx/build/RelWithDebInfo/googletest-build
    [6/8] Performing build step for 'googletest'
    [1/8] Building CXX object googletest/CMakeFiles/gtest_main.dir/src/gtest_main.cc.o
    [2/8] Building CXX object googlemock/CMakeFiles/gmock_main.dir/src/gmock_main.cc.o
    [3/8] Building CXX object googlemock/CMakeFiles/gmock.dir/src/gmock-all.cc.o
    [4/8] Building CXX object googletest/CMakeFiles/gtest.dir/src/gtest-all.cc.o
    [5/8] Linking CXX shared library lib/libgtest.dylib
    [6/8] Linking CXX shared library lib/libgtest_main.dylib
    [7/8] Linking CXX shared library lib/libgmock.dylib
    [8/8] Linking CXX shared library lib/libgmock_main.dylib
    [7/8] Performing install step for 'googletest'
    [0/1] Install the project...
    -- Install configuration: "RelWithDebInfo"
    -- Installing: /local/S/jenkins/workspace/ecg-mayausd-branch-preflight-2020-osx/build/RelWithDebInfo/googletest-install/include
    -- Installing: /local/S/jenkins/workspace/ecg-mayausd-branch-preflight-2020-osx/build/RelWithDebInfo/googletest-install/include/gmock
    -- Installing: /local/S/jenkins/workspace/ecg-mayausd-branch-preflight-2020-osx/build/RelWithDebInfo/googletest-install/include/gmock/gmock-actions.h
    -- Installing: /local/S/jenkins/workspace/ecg-mayausd-branch-preflight-2020-osx/build/RelWithDebInfo/googletest-install/include/gmock/gmock-cardinalities.h
    -- Installing: /local/S/jenkins/workspace/ecg-mayausd-branch-preflight-2020-osx/build/RelWithDebInfo/googletest-install/include/gmock/gmock-function-mocker.h
    -- Installing: /local/S/jenkins/workspace/ecg-mayausd-branch-preflight-2020-osx/build/RelWithDebInfo/googletest-install/include/gmock/gmock-generated-actions.h
    -- Installing: /local/S/jenkins/workspace/ecg-mayausd-branch-preflight-2020-osx/build/RelWithDebInfo/googletest-install/include/gmock/gmock-generated-actions.h.pump
    -- Installing: /local/S/jenkins/workspace/ecg-mayausd-branch-preflight-2020-osx/build/RelWithDebInfo/googletest-install/include/gmock/gmock-generated-function-mockers.h
    -- Installing: /local/S/jenkins/workspace/ecg-mayausd-branch-preflight-2020-osx/build/RelWithDebInfo/googletest-install/include/gmock/gmock-generated-function-mockers.h.pump
    -- Installing: /local/S/jenkins/workspace/ecg-mayausd-branch-preflight-2020-osx/build/RelWithDebInfo/googletest-install/include/gmock/gmock-generated-matchers.h
    -- Installing: /local/S/jenkins/workspace/ecg-mayausd-branch-preflight-2020-osx/build/RelWithDebInfo/googletest-install/include/gmock/gmock-generated-matchers.h.pump
    -- Installing: /local/S/jenkins/workspace/ecg-mayausd-branch-preflight-2020-osx/build/RelWithDebInfo/googletest-install/include/gmock/gmock-matchers.h
    -- Installing: /local/S/jenkins/workspace/ecg-mayausd-branch-preflight-2020-osx/build/RelWithDebInfo/googletest-install/include/gmock/gmock-more-actions.h
    -- Installing: /local/S/jenkins/workspace/ecg-mayausd-branch-preflight-2020-osx/build/RelWithDebInfo/googletest-install/include/gmock/gmock-more-matchers.h
    -- Installing: /local/S/jenkins/workspace/ecg-mayausd-branch-preflight-2020-osx/build/RelWithDebInfo/googletest-install/include/gmock/gmock-nice-strict.h
    -- Installing: /local/S/jenkins/workspace/ecg-mayausd-branch-preflight-2020-osx/build/RelWithDebInfo/googletest-install/include/gmock/gmock-spec-builders.h
    -- Installing: /local/S/jenkins/workspace/ecg-mayausd-branch-preflight-2020-osx/build/RelWithDebInfo/googletest-install/include/gmock/gmock.h
    -- Installing: /local/S/jenkins/workspace/ecg-mayausd-branch-preflight-2020-osx/build/RelWithDebInfo/googletest-install/include/gmock/internal
    -- Installing: /local/S/jenkins/workspace/ecg-mayausd-branch-preflight-2020-osx/build/RelWithDebInfo/googletest-install/include/gmock/internal/custom
    -- Installing: /local/S/jenkins/workspace/ecg-mayausd-branch-preflight-2020-osx/build/RelWithDebInfo/googletest-install/include/gmock/internal/custom/gmock-generated-actions.h
    -- Installing: /local/S/jenkins/workspace/ecg-mayausd-branch-preflight-2020-osx/build/RelWithDebInfo/googletest-install/include/gmock/internal/custom/gmock-generated-actions.h.pump
    -- Installing: /local/S/jenkins/workspace/ecg-mayausd-branch-preflight-2020-osx/build/RelWithDebInfo/googletest-install/include/gmock/internal/custom/gmock-matchers.h
    -- Installing: /local/S/jenkins/workspace/ecg-mayausd-branch-preflight-2020-osx/build/RelWithDebInfo/googletest-install/include/gmock/internal/custom/gmock-port.h
    -- Installing: /local/S/jenkins/workspace/ecg-mayausd-branch-preflight-2020-osx/build/RelWithDebInfo/googletest-install/include/gmock/internal/custom/README.md
    -- Installing: /local/S/jenkins/workspace/ecg-mayausd-branch-preflight-2020-osx/build/RelWithDebInfo/googletest-install/include/gmock/internal/gmock-internal-utils.h
    -- Installing: /local/S/jenkins/workspace/ecg-mayausd-branch-preflight-2020-osx/build/RelWithDebInfo/googletest-install/include/gmock/internal/gmock-port.h
    -- Installing: /local/S/jenkins/workspace/ecg-mayausd-branch-preflight-2020-osx/build/RelWithDebInfo/googletest-install/include/gmock/internal/gmock-pp.h
    -- Installing: /local/S/jenkins/workspace/ecg-mayausd-branch-preflight-2020-osx/build/RelWithDebInfo/googletest-install/lib/libgmock.dylib
    -- Installing: /local/S/jenkins/workspace/ecg-mayausd-branch-preflight-2020-osx/build/RelWithDebInfo/googletest-install/lib/libgmock_main.dylib
    -- Installing: /local/S/jenkins/workspace/ecg-mayausd-branch-preflight-2020-osx/build/RelWithDebInfo/googletest-install/lib/pkgconfig/gmock.pc
    -- Installing: /local/S/jenkins/workspace/ecg-mayausd-branch-preflight-2020-osx/build/RelWithDebInfo/googletest-install/lib/pkgconfig/gmock_main.pc
    -- Installing: /local/S/jenkins/workspace/ecg-mayausd-branch-preflight-2020-osx/build/RelWithDebInfo/googletest-install/lib/cmake/GTest/GTestTargets.cmake
    -- Installing: /local/S/jenkins/workspace/ecg-mayausd-branch-preflight-2020-osx/build/RelWithDebInfo/googletest-install/lib/cmake/GTest/GTestTargets-relwithdebinfo.cmake
    -- Installing: /local/S/jenkins/workspace/ecg-mayausd-branch-preflight-2020-osx/build/RelWithDebInfo/googletest-install/lib/cmake/GTest/GTestConfigVersion.cmake
    -- Installing: /local/S/jenkins/workspace/ecg-mayausd-branch-preflight-2020-osx/build/RelWithDebInfo/googletest-install/lib/cmake/GTest/GTestConfig.cmake
    -- Up-to-date: /local/S/jenkins/workspace/ecg-mayausd-branch-preflight-2020-osx/build/RelWithDebInfo/googletest-install/include
    -- Installing: /local/S/jenkins/workspace/ecg-mayausd-branch-preflight-2020-osx/build/RelWithDebInfo/googletest-install/include/gtest
    -- Installing: /local/S/jenkins/workspace/ecg-mayausd-branch-preflight-2020-osx/build/RelWithDebInfo/googletest-install/include/gtest/gtest-death-test.h
    -- Installing: /local/S/jenkins/workspace/ecg-mayausd-branch-preflight-2020-osx/build/RelWithDebInfo/googletest-install/include/gtest/gtest-matchers.h
    -- Installing: /local/S/jenkins/workspace/ecg-mayausd-branch-preflight-2020-osx/build/RelWithDebInfo/googletest-install/include/gtest/gtest-message.h
    -- Installing: /local/S/jenkins/workspace/ecg-mayausd-branch-preflight-2020-osx/build/RelWithDebInfo/googletest-install/include/gtest/gtest-param-test.h
    -- Installing: /local/S/jenkins/workspace/ecg-mayausd-branch-preflight-2020-osx/build/RelWithDebInfo/googletest-install/include/gtest/gtest-printers.h
    -- Installing: /local/S/jenkins/workspace/ecg-mayausd-branch-preflight-2020-osx/build/RelWithDebInfo/googletest-install/include/gtest/gtest-spi.h
    -- Installing: /local/S/jenkins/workspace/ecg-mayausd-branch-preflight-2020-osx/build/RelWithDebInfo/googletest-install/include/gtest/gtest-test-part.h
    -- Installing: /local/S/jenkins/workspace/ecg-mayausd-branch-preflight-2020-osx/build/RelWithDebInfo/googletest-install/include/gtest/gtest-typed-test.h
    -- Installing: /local/S/jenkins/workspace/ecg-mayausd-branch-preflight-2020-osx/build/RelWithDebInfo/googletest-install/include/gtest/gtest.h
    -- Installing: /local/S/jenkins/workspace/ecg-mayausd-branch-preflight-2020-osx/build/RelWithDebInfo/googletest-install/include/gtest/gtest_pred_impl.h
    -- Installing: /local/S/jenkins/workspace/ecg-mayausd-branch-preflight-2020-osx/build/RelWithDebInfo/googletest-install/include/gtest/gtest_prod.h
    -- Installing: /local/S/jenkins/workspace/ecg-mayausd-branch-preflight-2020-osx/build/RelWithDebInfo/googletest-install/include/gtest/internal
    -- Installing: /local/S/jenkins/workspace/ecg-mayausd-branch-preflight-2020-osx/build/RelWithDebInfo/googletest-install/include/gtest/internal/custom
    -- Installing: /local/S/jenkins/workspace/ecg-mayausd-branch-preflight-2020-osx/build/RelWithDebInfo/googletest-install/include/gtest/internal/custom/gtest-port.h
    -- Installing: /local/S/jenkins/workspace/ecg-mayausd-branch-preflight-2020-osx/build/RelWithDebInfo/googletest-install/include/gtest/internal/custom/gtest-printers.h
    -- Installing: /local/S/jenkins/workspace/ecg-mayausd-branch-preflight-2020-osx/build/RelWithDebInfo/googletest-install/include/gtest/internal/custom/gtest.h
    -- Installing: /local/S/jenkins/workspace/ecg-mayausd-branch-preflight-2020-osx/build/RelWithDebInfo/googletest-install/include/gtest/internal/custom/README.md
    -- Installing: /local/S/jenkins/workspace/ecg-mayausd-branch-preflight-2020-osx/build/RelWithDebInfo/googletest-install/include/gtest/internal/gtest-death-test-internal.h
    -- Installing: /local/S/jenkins/workspace/ecg-mayausd-branch-preflight-2020-osx/build/RelWithDebInfo/googletest-install/include/gtest/internal/gtest-filepath.h
    -- Installing: /local/S/jenkins/workspace/ecg-mayausd-branch-preflight-2020-osx/build/RelWithDebInfo/googletest-install/include/gtest/internal/gtest-internal.h
    -- Installing: /local/S/jenkins/workspace/ecg-mayausd-branch-preflight-2020-osx/build/RelWithDebInfo/googletest-install/include/gtest/internal/gtest-param-util.h
    -- Installing: /local/S/jenkins/workspace/ecg-mayausd-branch-preflight-2020-osx/build/RelWithDebInfo/googletest-install/include/gtest/internal/gtest-port-arch.h
    -- Installing: /local/S/jenkins/workspace/ecg-mayausd-branch-preflight-2020-osx/build/RelWithDebInfo/googletest-install/include/gtest/internal/gtest-port.h
    -- Installing: /local/S/jenkins/workspace/ecg-mayausd-branch-preflight-2020-osx/build/RelWithDebInfo/googletest-install/include/gtest/internal/gtest-string.h
    -- Installing: /local/S/jenkins/workspace/ecg-mayausd-branch-preflight-2020-osx/build/RelWithDebInfo/googletest-install/include/gtest/internal/gtest-type-util.h
    -- Installing: /local/S/jenkins/workspace/ecg-mayausd-branch-preflight-2020-osx/build/RelWithDebInfo/googletest-install/include/gtest/internal/gtest-type-util.h.pump
    -- Installing: /local/S/jenkins/workspace/ecg-mayausd-branch-preflight-2020-osx/build/RelWithDebInfo/googletest-install/lib/libgtest.dylib
    -- Installing: /local/S/jenkins/workspace/ecg-mayausd-branch-preflight-2020-osx/build/RelWithDebInfo/googletest-install/lib/libgtest_main.dylib
    -- Installing: /local/S/jenkins/workspace/ecg-mayausd-branch-preflight-2020-osx/build/RelWithDebInfo/googletest-install/lib/pkgconfig/gtest.pc
    -- Installing: /local/S/jenkins/workspace/ecg-mayausd-branch-preflight-2020-osx/build/RelWithDebInfo/googletest-install/lib/pkgconfig/gtest_main.pc
    [8/8] Completed 'googletest'
    -- ========== ...  GoogleTest installed. ==========
    -- Boost version: 1.61.0
    -- Found the following Boost libraries:
    --   filesystem
    --   system
    -- promoting: /local/S/jenkins/workspace/ecg-mayausd-branch-preflight-2020-osx/ecg-maya-usd/maya-usd/lib/mayaUsd/base/mayaUsd.h.src
    -- promoting: /local/S/jenkins/workspace/ecg-mayausd-branch-preflight-2020-osx/ecg-maya-usd/maya-usd/lib/mayaUsd/base/api.h
    -- promoting: /local/S/jenkins/workspace/ecg-mayausd-branch-preflight-2020-osx/ecg-maya-usd/maya-usd/lib/mayaUsd/base/debugCodes.h
    -- promoting: /local/S/jenkins/workspace/ecg-mayausd-branch-preflight-2020-osx/ecg-maya-usd/maya-usd/lib/mayaUsd/commands/baseExportCommand.h
    -- promoting: /local/S/jenkins/workspace/ecg-mayausd-branch-preflight-2020-osx/ecg-maya-usd/maya-usd/lib/mayaUsd/commands/baseImportCommand.h
    -- promoting: /local/S/jenkins/workspace/ecg-mayausd-branch-preflight-2020-osx/ecg-maya-usd/maya-usd/lib/mayaUsd/commands/baseListShadingModesCommand.h
    -- promoting: /local/S/jenkins/workspace/ecg-mayausd-branch-preflight-2020-osx/ecg-maya-usd/maya-usd/lib/mayaUsd/commands/editTargetCommand.h
    -- promoting: /local/S/jenkins/workspace/ecg-mayausd-branch-preflight-2020-osx/ecg-maya-usd/maya-usd/lib/mayaUsd/commands/layerEditorCommand.h
    -- promoting: /local/S/jenkins/workspace/ecg-mayausd-branch-preflight-2020-osx/ecg-maya-usd/maya-usd/lib/mayaUsd/fileio/fallbackPrimReader.h
    -- promoting: /local/S/jenkins/workspace/ecg-mayausd-branch-preflight-2020-osx/ecg-maya-usd/maya-usd/lib/mayaUsd/fileio/functorPrimReader.h
    -- promoting: /local/S/jenkins/workspace/ecg-mayausd-branch-preflight-2020-osx/ecg-maya-usd/maya-usd/lib/mayaUsd/fileio/functorPrimWriter.h
    -- promoting: /local/S/jenkins/workspace/ecg-mayausd-branch-preflight-2020-osx/ecg-maya-usd/maya-usd/lib/mayaUsd/fileio/importData.h
    -- promoting: /local/S/jenkins/workspace/ecg-mayausd-branch-preflight-2020-osx/ecg-maya-usd/maya-usd/lib/mayaUsd/fileio/instancedNodeWriter.h
    -- promoting: /local/S/jenkins/workspace/ecg-mayausd-branch-preflight-2020-osx/ecg-maya-usd/maya-usd/lib/mayaUsd/fileio/primReader.h
    -- promoting: /local/S/jenkins/workspace/ecg-mayausd-branch-preflight-2020-osx/ecg-maya-usd/maya-usd/lib/mayaUsd/fileio/primReaderArgs.h
    -- promoting: /local/S/jenkins/workspace/ecg-mayausd-branch-preflight-2020-osx/ecg-maya-usd/maya-usd/lib/mayaUsd/fileio/primReaderContext.h
    -- promoting: /local/S/jenkins/workspace/ecg-mayausd-branch-preflight-2020-osx/ecg-maya-usd/maya-usd/lib/mayaUsd/fileio/primReaderRegistry.h
    -- promoting: /local/S/jenkins/workspace/ecg-mayausd-branch-preflight-2020-osx/ecg-maya-usd/maya-usd/lib/mayaUsd/fileio/primUpdater.h
    -- promoting: /local/S/jenkins/workspace/ecg-mayausd-branch-preflight-2020-osx/ecg-maya-usd/maya-usd/lib/mayaUsd/fileio/primUpdaterContext.h
    -- promoting: /local/S/jenkins/workspace/ecg-mayausd-branch-preflight-2020-osx/ecg-maya-usd/maya-usd/lib/mayaUsd/fileio/primUpdaterRegistry.h
    -- promoting: /local/S/jenkins/workspace/ecg-mayausd-branch-preflight-2020-osx/ecg-maya-usd/maya-usd/lib/mayaUsd/fileio/primWriter.h
    -- promoting: /local/S/jenkins/workspace/ecg-mayausd-branch-preflight-2020-osx/ecg-maya-usd/maya-usd/lib/mayaUsd/fileio/primWriterArgs.h
    -- promoting: /local/S/jenkins/workspace/ecg-mayausd-branch-preflight-2020-osx/ecg-maya-usd/maya-usd/lib/mayaUsd/fileio/primWriterContext.h
    -- promoting: /local/S/jenkins/workspace/ecg-mayausd-branch-preflight-2020-osx/ecg-maya-usd/maya-usd/lib/mayaUsd/fileio/primWriterRegistry.h
    -- promoting: /local/S/jenkins/workspace/ecg-mayausd-branch-preflight-2020-osx/ecg-maya-usd/maya-usd/lib/mayaUsd/fileio/registryHelper.h
    -- promoting: /local/S/jenkins/workspace/ecg-mayausd-branch-preflight-2020-osx/ecg-maya-usd/maya-usd/lib/mayaUsd/fileio/shaderReader.h
    -- promoting: /local/S/jenkins/workspace/ecg-mayausd-branch-preflight-2020-osx/ecg-maya-usd/maya-usd/lib/mayaUsd/fileio/shaderReaderRegistry.h
    -- promoting: /local/S/jenkins/workspace/ecg-mayausd-branch-preflight-2020-osx/ecg-maya-usd/maya-usd/lib/mayaUsd/fileio/shaderWriter.h
    -- promoting: /local/S/jenkins/workspace/ecg-mayausd-branch-preflight-2020-osx/ecg-maya-usd/maya-usd/lib/mayaUsd/fileio/shaderWriterRegistry.h
    -- promoting: /local/S/jenkins/workspace/ecg-mayausd-branch-preflight-2020-osx/ecg-maya-usd/maya-usd/lib/mayaUsd/fileio/transformWriter.h
    -- promoting: /local/S/jenkins/workspace/ecg-mayausd-branch-preflight-2020-osx/ecg-maya-usd/maya-usd/lib/mayaUsd/fileio/writeJobContext.h
    -- promoting: /local/S/jenkins/workspace/ecg-mayausd-branch-preflight-2020-osx/ecg-maya-usd/maya-usd/lib/mayaUsd/fileio/chaser/chaser.h
    -- promoting: /local/S/jenkins/workspace/ecg-mayausd-branch-preflight-2020-osx/ecg-maya-usd/maya-usd/lib/mayaUsd/fileio/chaser/chaserRegistry.h
    -- promoting: /local/S/jenkins/workspace/ecg-mayausd-branch-preflight-2020-osx/ecg-maya-usd/maya-usd/lib/mayaUsd/fileio/jobs/jobArgs.h
    -- promoting: /local/S/jenkins/workspace/ecg-mayausd-branch-preflight-2020-osx/ecg-maya-usd/maya-usd/lib/mayaUsd/fileio/jobs/modelKindProcessor.h
    -- promoting: /local/S/jenkins/workspace/ecg-mayausd-branch-preflight-2020-osx/ecg-maya-usd/maya-usd/lib/mayaUsd/fileio/jobs/readJob.h
    -- promoting: /local/S/jenkins/workspace/ecg-mayausd-branch-preflight-2020-osx/ecg-maya-usd/maya-usd/lib/mayaUsd/fileio/jobs/writeJob.h
    -- promoting: /local/S/jenkins/workspace/ecg-mayausd-branch-preflight-2020-osx/ecg-maya-usd/maya-usd/lib/mayaUsd/fileio/shading/rfmShaderMap.h
    -- promoting: /local/S/jenkins/workspace/ecg-mayausd-branch-preflight-2020-osx/ecg-maya-usd/maya-usd/lib/mayaUsd/fileio/shading/shadingModeExporter.h
    -- promoting: /local/S/jenkins/workspace/ecg-mayausd-branch-preflight-2020-osx/ecg-maya-usd/maya-usd/lib/mayaUsd/fileio/shading/shadingModeExporterContext.h
    -- promoting: /local/S/jenkins/workspace/ecg-mayausd-branch-preflight-2020-osx/ecg-maya-usd/maya-usd/lib/mayaUsd/fileio/shading/shadingModeImporter.h
    -- promoting: /local/S/jenkins/workspace/ecg-mayausd-branch-preflight-2020-osx/ecg-maya-usd/maya-usd/lib/mayaUsd/fileio/shading/shadingModeRegistry.h
    -- promoting: /local/S/jenkins/workspace/ecg-mayausd-branch-preflight-2020-osx/ecg-maya-usd/maya-usd/lib/mayaUsd/fileio/shading/symmetricShaderReader.h
    -- promoting: /local/S/jenkins/workspace/ecg-mayausd-branch-preflight-2020-osx/ecg-maya-usd/maya-usd/lib/mayaUsd/fileio/shading/symmetricShaderWriter.h
    -- promoting: /local/S/jenkins/workspace/ecg-mayausd-branch-preflight-2020-osx/ecg-maya-usd/maya-usd/lib/mayaUsd/fileio/translators/skelBindingsProcessor.h
    -- promoting: /local/S/jenkins/workspace/ecg-mayausd-branch-preflight-2020-osx/ecg-maya-usd/maya-usd/lib/mayaUsd/fileio/translators/translatorCamera.h
    -- promoting: /local/S/jenkins/workspace/ecg-mayausd-branch-preflight-2020-osx/ecg-maya-usd/maya-usd/lib/mayaUsd/fileio/translators/translatorCurves.h
    -- promoting: /local/S/jenkins/workspace/ecg-mayausd-branch-preflight-2020-osx/ecg-maya-usd/maya-usd/lib/mayaUsd/fileio/translators/translatorGprim.h
    -- promoting: /local/S/jenkins/workspace/ecg-mayausd-branch-preflight-2020-osx/ecg-maya-usd/maya-usd/lib/mayaUsd/fileio/translators/translatorMaterial.h
    -- promoting: /local/S/jenkins/workspace/ecg-mayausd-branch-preflight-2020-osx/ecg-maya-usd/maya-usd/lib/mayaUsd/fileio/translators/translatorMayaReference.h
    -- promoting: /local/S/jenkins/workspace/ecg-mayausd-branch-preflight-2020-osx/ecg-maya-usd/maya-usd/lib/mayaUsd/fileio/translators/translatorMesh.h
    -- promoting: /local/S/jenkins/workspace/ecg-mayausd-branch-preflight-2020-osx/ecg-maya-usd/maya-usd/lib/mayaUsd/fileio/translators/translatorNurbsPatch.h
    -- promoting: /local/S/jenkins/workspace/ecg-mayausd-branch-preflight-2020-osx/ecg-maya-usd/maya-usd/lib/mayaUsd/fileio/translators/translatorPrim.h
    -- promoting: /local/S/jenkins/workspace/ecg-mayausd-branch-preflight-2020-osx/ecg-maya-usd/maya-usd/lib/mayaUsd/fileio/translators/translatorRfMLight.h
    -- promoting: /local/S/jenkins/workspace/ecg-mayausd-branch-preflight-2020-osx/ecg-maya-usd/maya-usd/lib/mayaUsd/fileio/translators/translatorSkel.h
    -- promoting: /local/S/jenkins/workspace/ecg-mayausd-branch-preflight-2020-osx/ecg-maya-usd/maya-usd/lib/mayaUsd/fileio/translators/translatorUtil.h
    -- promoting: /local/S/jenkins/workspace/ecg-mayausd-branch-preflight-2020-osx/ecg-maya-usd/maya-usd/lib/mayaUsd/fileio/translators/translatorXformable.h
    -- promoting: /local/S/jenkins/workspace/ecg-mayausd-branch-preflight-2020-osx/ecg-maya-usd/maya-usd/lib/mayaUsd/fileio/utils/adaptor.h
    -- promoting: /local/S/jenkins/workspace/ecg-mayausd-branch-preflight-2020-osx/ecg-maya-usd/maya-usd/lib/mayaUsd/fileio/utils/jointWriteUtils.h
    -- promoting: /local/S/jenkins/workspace/ecg-mayausd-branch-preflight-2020-osx/ecg-maya-usd/maya-usd/lib/mayaUsd/fileio/utils/meshReadUtils.h
    -- promoting: /local/S/jenkins/workspace/ecg-mayausd-branch-preflight-2020-osx/ecg-maya-usd/maya-usd/lib/mayaUsd/fileio/utils/meshWriteUtils.h
    -- promoting: /local/S/jenkins/workspace/ecg-mayausd-branch-preflight-2020-osx/ecg-maya-usd/maya-usd/lib/mayaUsd/fileio/utils/readUtil.h
    -- promoting: /local/S/jenkins/workspace/ecg-mayausd-branch-preflight-2020-osx/ecg-maya-usd/maya-usd/lib/mayaUsd/fileio/utils/roundTripUtil.h
    -- promoting: /local/S/jenkins/workspace/ecg-mayausd-branch-preflight-2020-osx/ecg-maya-usd/maya-usd/lib/mayaUsd/fileio/utils/shadingUtil.h
    -- promoting: /local/S/jenkins/workspace/ecg-mayausd-branch-preflight-2020-osx/ecg-maya-usd/maya-usd/lib/mayaUsd/fileio/utils/userTaggedAttribute.h
    -- promoting: /local/S/jenkins/workspace/ecg-mayausd-branch-preflight-2020-osx/ecg-maya-usd/maya-usd/lib/mayaUsd/fileio/utils/writeUtil.h
    -- promoting: /local/S/jenkins/workspace/ecg-mayausd-branch-preflight-2020-osx/ecg-maya-usd/maya-usd/lib/mayaUsd/fileio/utils/xformStack.h
    -- promoting: /local/S/jenkins/workspace/ecg-mayausd-branch-preflight-2020-osx/ecg-maya-usd/maya-usd/lib/mayaUsd/listeners/notice.h
    -- promoting: /local/S/jenkins/workspace/ecg-mayausd-branch-preflight-2020-osx/ecg-maya-usd/maya-usd/lib/mayaUsd/listeners/proxyShapeNotice.h
    -- promoting: /local/S/jenkins/workspace/ecg-mayausd-branch-preflight-2020-osx/ecg-maya-usd/maya-usd/lib/mayaUsd/listeners/stageNoticeListener.h
    -- promoting: /local/S/jenkins/workspace/ecg-mayausd-branch-preflight-2020-osx/ecg-maya-usd/maya-usd/lib/mayaUsd/nodes/hdImagingShape.h
    -- promoting: /local/S/jenkins/workspace/ecg-mayausd-branch-preflight-2020-osx/ecg-maya-usd/maya-usd/lib/mayaUsd/nodes/pointBasedDeformerNode.h
    -- promoting: /local/S/jenkins/workspace/ecg-mayausd-branch-preflight-2020-osx/ecg-maya-usd/maya-usd/lib/mayaUsd/nodes/proxyAccessor.h
    -- promoting: /local/S/jenkins/workspace/ecg-mayausd-branch-preflight-2020-osx/ecg-maya-usd/maya-usd/lib/mayaUsd/nodes/proxyShapeBase.h
    -- promoting: /local/S/jenkins/workspace/ecg-mayausd-branch-preflight-2020-osx/ecg-maya-usd/maya-usd/lib/mayaUsd/nodes/proxyShapePlugin.h
    -- promoting: /local/S/jenkins/workspace/ecg-mayausd-branch-preflight-2020-osx/ecg-maya-usd/maya-usd/lib/mayaUsd/nodes/proxyStageProvider.h
    -- promoting: /local/S/jenkins/workspace/ecg-mayausd-branch-preflight-2020-osx/ecg-maya-usd/maya-usd/lib/mayaUsd/nodes/stageData.h
    -- promoting: /local/S/jenkins/workspace/ecg-mayausd-branch-preflight-2020-osx/ecg-maya-usd/maya-usd/lib/mayaUsd/nodes/stageNode.h
    -- promoting: /local/S/jenkins/workspace/ecg-mayausd-branch-preflight-2020-osx/ecg-maya-usd/maya-usd/lib/mayaUsd/nodes/usdPrimProvider.h
    -- promoting: /local/S/jenkins/workspace/ecg-mayausd-branch-preflight-2020-osx/ecg-maya-usd/maya-usd/lib/mayaUsd/render/px_vp20/glslProgram.h
    -- promoting: /local/S/jenkins/workspace/ecg-mayausd-branch-preflight-2020-osx/ecg-maya-usd/maya-usd/lib/mayaUsd/render/px_vp20/utils.h
    -- promoting: /local/S/jenkins/workspace/ecg-mayausd-branch-preflight-2020-osx/ecg-maya-usd/maya-usd/lib/mayaUsd/render/px_vp20/utils_legacy.h
    -- promoting: /local/S/jenkins/workspace/ecg-mayausd-branch-preflight-2020-osx/ecg-maya-usd/maya-usd/lib/mayaUsd/render/pxrUsdMayaGL/batchRenderer.h
    -- promoting: /local/S/jenkins/workspace/ecg-mayausd-branch-preflight-2020-osx/ecg-maya-usd/maya-usd/lib/mayaUsd/render/pxrUsdMayaGL/debugCodes.h
    -- promoting: /local/S/jenkins/workspace/ecg-mayausd-branch-preflight-2020-osx/ecg-maya-usd/maya-usd/lib/mayaUsd/render/pxrUsdMayaGL/hdImagingShapeDrawOverride.h
    -- promoting: /local/S/jenkins/workspace/ecg-mayausd-branch-preflight-2020-osx/ecg-maya-usd/maya-usd/lib/mayaUsd/render/pxrUsdMayaGL/hdImagingShapeUI.h
    -- promoting: /local/S/jenkins/workspace/ecg-mayausd-branch-preflight-2020-osx/ecg-maya-usd/maya-usd/lib/mayaUsd/render/pxrUsdMayaGL/instancerImager.h
    -- promoting: /local/S/jenkins/workspace/ecg-mayausd-branch-preflight-2020-osx/ecg-maya-usd/maya-usd/lib/mayaUsd/render/pxrUsdMayaGL/instancerShapeAdapter.h
    -- promoting: /local/S/jenkins/workspace/ecg-mayausd-branch-preflight-2020-osx/ecg-maya-usd/maya-usd/lib/mayaUsd/render/pxrUsdMayaGL/proxyDrawOverride.h
    -- promoting: /local/S/jenkins/workspace/ecg-mayausd-branch-preflight-2020-osx/ecg-maya-usd/maya-usd/lib/mayaUsd/render/pxrUsdMayaGL/proxyShapeUI.h
    -- promoting: /local/S/jenkins/workspace/ecg-mayausd-branch-preflight-2020-osx/ecg-maya-usd/maya-usd/lib/mayaUsd/render/pxrUsdMayaGL/renderParams.h
    -- promoting: /local/S/jenkins/workspace/ecg-mayausd-branch-preflight-2020-osx/ecg-maya-usd/maya-usd/lib/mayaUsd/render/pxrUsdMayaGL/sceneDelegate.h
    -- promoting: /local/S/jenkins/workspace/ecg-mayausd-branch-preflight-2020-osx/ecg-maya-usd/maya-usd/lib/mayaUsd/render/pxrUsdMayaGL/shapeAdapter.h
    -- promoting: /local/S/jenkins/workspace/ecg-mayausd-branch-preflight-2020-osx/ecg-maya-usd/maya-usd/lib/mayaUsd/render/pxrUsdMayaGL/softSelectHelper.h
    -- promoting: /local/S/jenkins/workspace/ecg-mayausd-branch-preflight-2020-osx/ecg-maya-usd/maya-usd/lib/mayaUsd/render/pxrUsdMayaGL/usdProxyShapeAdapter.h
    -- promoting: /local/S/jenkins/workspace/ecg-mayausd-branch-preflight-2020-osx/ecg-maya-usd/maya-usd/lib/mayaUsd/render/pxrUsdMayaGL/userData.h
    -- promoting: /local/S/jenkins/workspace/ecg-mayausd-branch-preflight-2020-osx/ecg-maya-usd/maya-usd/lib/mayaUsd/render/vp2RenderDelegate/proxyRenderDelegate.h
    -- promoting: /local/S/jenkins/workspace/ecg-mayausd-branch-preflight-2020-osx/ecg-maya-usd/maya-usd/lib/mayaUsd/render/vp2ShaderFragments/shaderFragments.h
    -- promoting: /local/S/jenkins/workspace/ecg-mayausd-branch-preflight-2020-osx/ecg-maya-usd/maya-usd/lib/mayaUsd/ufe/Global.h
    -- promoting: /local/S/jenkins/workspace/ecg-mayausd-branch-preflight-2020-osx/ecg-maya-usd/maya-usd/lib/mayaUsd/ufe/ProxyShapeHandler.h
    -- promoting: /local/S/jenkins/workspace/ecg-mayausd-branch-preflight-2020-osx/ecg-maya-usd/maya-usd/lib/mayaUsd/ufe/ProxyShapeHierarchy.h
    -- promoting: /local/S/jenkins/workspace/ecg-mayausd-branch-preflight-2020-osx/ecg-maya-usd/maya-usd/lib/mayaUsd/ufe/ProxyShapeHierarchyHandler.h
    -- promoting: /local/S/jenkins/workspace/ecg-mayausd-branch-preflight-2020-osx/ecg-maya-usd/maya-usd/lib/mayaUsd/ufe/StagesSubject.h
    -- promoting: /local/S/jenkins/workspace/ecg-mayausd-branch-preflight-2020-osx/ecg-maya-usd/maya-usd/lib/mayaUsd/ufe/UsdHierarchy.h
    -- promoting: /local/S/jenkins/workspace/ecg-mayausd-branch-preflight-2020-osx/ecg-maya-usd/maya-usd/lib/mayaUsd/ufe/UsdHierarchyHandler.h
    -- promoting: /local/S/jenkins/workspace/ecg-mayausd-branch-preflight-2020-osx/ecg-maya-usd/maya-usd/lib/mayaUsd/ufe/UsdRootChildHierarchy.h
    -- promoting: /local/S/jenkins/workspace/ecg-mayausd-branch-preflight-2020-osx/ecg-maya-usd/maya-usd/lib/mayaUsd/ufe/UsdRotatePivotTranslateUndoableCommand.h
    -- promoting: /local/S/jenkins/workspace/ecg-mayausd-branch-preflight-2020-osx/ecg-maya-usd/maya-usd/lib/mayaUsd/ufe/UsdRotateUndoableCommand.h
    -- promoting: /local/S/jenkins/workspace/ecg-mayausd-branch-preflight-2020-osx/ecg-maya-usd/maya-usd/lib/mayaUsd/ufe/UsdScaleUndoableCommand.h
    -- promoting: /local/S/jenkins/workspace/ecg-mayausd-branch-preflight-2020-osx/ecg-maya-usd/maya-usd/lib/mayaUsd/ufe/UsdSceneItem.h
    -- promoting: /local/S/jenkins/workspace/ecg-mayausd-branch-preflight-2020-osx/ecg-maya-usd/maya-usd/lib/mayaUsd/ufe/UsdSceneItemOps.h
    -- promoting: /local/S/jenkins/workspace/ecg-mayausd-branch-preflight-2020-osx/ecg-maya-usd/maya-usd/lib/mayaUsd/ufe/UsdSceneItemOpsHandler.h
    -- promoting: /local/S/jenkins/workspace/ecg-mayausd-branch-preflight-2020-osx/ecg-maya-usd/maya-usd/lib/mayaUsd/ufe/UsdStageMap.h
    -- promoting: /local/S/jenkins/workspace/ecg-mayausd-branch-preflight-2020-osx/ecg-maya-usd/maya-usd/lib/mayaUsd/ufe/UsdTRSUndoableCommandBase.h
    -- promoting: /local/S/jenkins/workspace/ecg-mayausd-branch-preflight-2020-osx/ecg-maya-usd/maya-usd/lib/mayaUsd/ufe/UsdTransform3d.h
    -- promoting: /local/S/jenkins/workspace/ecg-mayausd-branch-preflight-2020-osx/ecg-maya-usd/maya-usd/lib/mayaUsd/ufe/UsdTransform3dHandler.h
    -- promoting: /local/S/jenkins/workspace/ecg-mayausd-branch-preflight-2020-osx/ecg-maya-usd/maya-usd/lib/mayaUsd/ufe/UsdTranslateUndoableCommand.h
    -- promoting: /local/S/jenkins/workspace/ecg-mayausd-branch-preflight-2020-osx/ecg-maya-usd/maya-usd/lib/mayaUsd/ufe/UsdUndoDeleteCommand.h
    -- promoting: /local/S/jenkins/workspace/ecg-mayausd-branch-preflight-2020-osx/ecg-maya-usd/maya-usd/lib/mayaUsd/ufe/UsdUndoDuplicateCommand.h
    -- promoting: /local/S/jenkins/workspace/ecg-mayausd-branch-preflight-2020-osx/ecg-maya-usd/maya-usd/lib/mayaUsd/ufe/UsdUndoRenameCommand.h
    -- promoting: /local/S/jenkins/workspace/ecg-mayausd-branch-preflight-2020-osx/ecg-maya-usd/maya-usd/lib/mayaUsd/ufe/Utils.h
    -- promoting: /local/S/jenkins/workspace/ecg-mayausd-branch-preflight-2020-osx/ecg-maya-usd/maya-usd/lib/mayaUsd/ufe/UfeVersionCompat.h
    -- promoting: /local/S/jenkins/workspace/ecg-mayausd-branch-preflight-2020-osx/ecg-maya-usd/maya-usd/lib/mayaUsd/utils/blockSceneModificationContext.h
    -- promoting: /local/S/jenkins/workspace/ecg-mayausd-branch-preflight-2020-osx/ecg-maya-usd/maya-usd/lib/mayaUsd/utils/colorSpace.h
    -- promoting: /local/S/jenkins/workspace/ecg-mayausd-branch-preflight-2020-osx/ecg-maya-usd/maya-usd/lib/mayaUsd/utils/converter.h
    -- promoting: /local/S/jenkins/workspace/ecg-mayausd-branch-preflight-2020-osx/ecg-maya-usd/maya-usd/lib/mayaUsd/utils/diagnosticDelegate.h
    -- promoting: /local/S/jenkins/workspace/ecg-mayausd-branch-preflight-2020-osx/ecg-maya-usd/maya-usd/lib/mayaUsd/utils/query.h
    -- promoting: /local/S/jenkins/workspace/ecg-mayausd-branch-preflight-2020-osx/ecg-maya-usd/maya-usd/lib/mayaUsd/utils/plugRegistryHelper.h
    -- promoting: /local/S/jenkins/workspace/ecg-mayausd-branch-preflight-2020-osx/ecg-maya-usd/maya-usd/lib/mayaUsd/utils/stageCache.h
    -- promoting: /local/S/jenkins/workspace/ecg-mayausd-branch-preflight-2020-osx/ecg-maya-usd/maya-usd/lib/mayaUsd/utils/undoHelperCommand.h
    -- promoting: /local/S/jenkins/workspace/ecg-mayausd-branch-preflight-2020-osx/ecg-maya-usd/maya-usd/lib/mayaUsd/utils/util.h
    -- promoting: /local/S/jenkins/workspace/ecg-mayausd-branch-preflight-2020-osx/ecg-maya-usd/maya-usd/lib/mayaUsd/utils/utilFileSystem.h
    -- promoting: /local/S/jenkins/workspace/ecg-mayausd-branch-preflight-2020-osx/ecg-maya-usd/maya-usd/lib/usd/hdMaya/api.h
    -- promoting: /local/S/jenkins/workspace/ecg-mayausd-branch-preflight-2020-osx/ecg-maya-usd/maya-usd/lib/usd/hdMaya/utils.h
    -- promoting: /local/S/jenkins/workspace/ecg-mayausd-branch-preflight-2020-osx/ecg-maya-usd/maya-usd/lib/usd/hdMaya/debugCodes.h
    -- promoting: /local/S/jenkins/workspace/ecg-mayausd-branch-preflight-2020-osx/ecg-maya-usd/maya-usd/lib/usd/hdMaya/adapters/adapter.h
    -- promoting: /local/S/jenkins/workspace/ecg-mayausd-branch-preflight-2020-osx/ecg-maya-usd/maya-usd/lib/usd/hdMaya/adapters/adapterDebugCodes.h
    -- promoting: /local/S/jenkins/workspace/ecg-mayausd-branch-preflight-2020-osx/ecg-maya-usd/maya-usd/lib/usd/hdMaya/adapters/adapterRegistry.h
    -- promoting: /local/S/jenkins/workspace/ecg-mayausd-branch-preflight-2020-osx/ecg-maya-usd/maya-usd/lib/usd/hdMaya/adapters/constantShadowMatrix.h
    -- promoting: /local/S/jenkins/workspace/ecg-mayausd-branch-preflight-2020-osx/ecg-maya-usd/maya-usd/lib/usd/hdMaya/adapters/dagAdapter.h
    -- promoting: /local/S/jenkins/workspace/ecg-mayausd-branch-preflight-2020-osx/ecg-maya-usd/maya-usd/lib/usd/hdMaya/adapters/lightAdapter.h
    -- promoting: /local/S/jenkins/workspace/ecg-mayausd-branch-preflight-2020-osx/ecg-maya-usd/maya-usd/lib/usd/hdMaya/adapters/proxyAdapter.h
    -- promoting: /local/S/jenkins/workspace/ecg-mayausd-branch-preflight-2020-osx/ecg-maya-usd/maya-usd/lib/usd/hdMaya/adapters/materialAdapter.h
    -- promoting: /local/S/jenkins/workspace/ecg-mayausd-branch-preflight-2020-osx/ecg-maya-usd/maya-usd/lib/usd/hdMaya/adapters/materialNetworkConverter.h
    -- promoting: /local/S/jenkins/workspace/ecg-mayausd-branch-preflight-2020-osx/ecg-maya-usd/maya-usd/lib/usd/hdMaya/adapters/mayaAttrs.h
    -- promoting: /local/S/jenkins/workspace/ecg-mayausd-branch-preflight-2020-osx/ecg-maya-usd/maya-usd/lib/usd/hdMaya/adapters/shapeAdapter.h
    -- promoting: /local/S/jenkins/workspace/ecg-mayausd-branch-preflight-2020-osx/ecg-maya-usd/maya-usd/lib/usd/hdMaya/adapters/tokens.h
    -- promoting: /local/S/jenkins/workspace/ecg-mayausd-branch-preflight-2020-osx/ecg-maya-usd/maya-usd/lib/usd/hdMaya/delegates/delegate.h
    -- promoting: /local/S/jenkins/workspace/ecg-mayausd-branch-preflight-2020-osx/ecg-maya-usd/maya-usd/lib/usd/hdMaya/delegates/delegateCtx.h
    -- promoting: /local/S/jenkins/workspace/ecg-mayausd-branch-preflight-2020-osx/ecg-maya-usd/maya-usd/lib/usd/hdMaya/delegates/delegateDebugCodes.h
    -- promoting: /local/S/jenkins/workspace/ecg-mayausd-branch-preflight-2020-osx/ecg-maya-usd/maya-usd/lib/usd/hdMaya/delegates/delegateRegistry.h
    -- promoting: /local/S/jenkins/workspace/ecg-mayausd-branch-preflight-2020-osx/ecg-maya-usd/maya-usd/lib/usd/hdMaya/delegates/params.h
    -- promoting: /local/S/jenkins/workspace/ecg-mayausd-branch-preflight-2020-osx/ecg-maya-usd/maya-usd/lib/usd/hdMaya/delegates/proxyDelegate.h
    -- promoting: /local/S/jenkins/workspace/ecg-mayausd-branch-preflight-2020-osx/ecg-maya-usd/maya-usd/lib/usd/hdMaya/delegates/proxyUsdImagingDelegate.h
    -- promoting: /local/S/jenkins/workspace/ecg-mayausd-branch-preflight-2020-osx/ecg-maya-usd/maya-usd/lib/usd/hdMaya/delegates/sceneDelegate.h
    -- promoting: /local/S/jenkins/workspace/ecg-mayausd-branch-preflight-2020-osx/ecg-maya-usd/maya-usd/lib/usd/hdMaya/delegates/testDelegate.h
    -- promoting: /local/S/jenkins/workspace/ecg-mayausd-branch-preflight-2020-osx/ecg-maya-usd/maya-usd/lib/usd/pxrUsdPreviewSurface/usdPreviewSurface.h
    -- promoting: /local/S/jenkins/workspace/ecg-mayausd-branch-preflight-2020-osx/ecg-maya-usd/maya-usd/lib/usd/pxrUsdPreviewSurface/usdPreviewSurfacePlugin.h
    -- Boost version: 1.61.0
    -- Found the following Boost libraries:
    --   filesystem
    --   system
    -- promoting: /local/S/jenkins/workspace/ecg-mayausd-branch-preflight-2020-osx/ecg-maya-usd/maya-usd/lib/usd/schemas/api.h
    -- promoting: /local/S/jenkins/workspace/ecg-mayausd-branch-preflight-2020-osx/ecg-maya-usd/maya-usd/lib/usd/schemas/ALMayaReference.h
    -- promoting: /local/S/jenkins/workspace/ecg-mayausd-branch-preflight-2020-osx/ecg-maya-usd/maya-usd/lib/usd/schemas/MayaReference.h
    -- promoting: /local/S/jenkins/workspace/ecg-mayausd-branch-preflight-2020-osx/ecg-maya-usd/maya-usd/lib/usd/schemas/tokens.h
    Processing schema classes:
    MayaReference, ALMayaReference
    Loading Templates from /local/S/jenkins/workspace/shared/Artifactory/OSX/USD/98ad8fb/lib/usd/usd/resources/codegenTemplates
    Writing API:
    	    wrote /local/S/jenkins/workspace/ecg-mayausd-branch-preflight-2020-osx/build/RelWithDebInfo/lib/usd/schemas/api.h
    Writing Schema Tokens:
    	    wrote /local/S/jenkins/workspace/ecg-mayausd-branch-preflight-2020-osx/build/RelWithDebInfo/lib/usd/schemas/tokens.h
    	    wrote /local/S/jenkins/workspace/ecg-mayausd-branch-preflight-2020-osx/build/RelWithDebInfo/lib/usd/schemas/tokens.cpp
    	    wrote /local/S/jenkins/workspace/ecg-mayausd-branch-preflight-2020-osx/build/RelWithDebInfo/lib/usd/schemas/wrapTokens.cpp
    Generating Classes:
    	    wrote /local/S/jenkins/workspace/ecg-mayausd-branch-preflight-2020-osx/build/RelWithDebInfo/lib/usd/schemas/MayaReference.h
    	    wrote /local/S/jenkins/workspace/ecg-mayausd-branch-preflight-2020-osx/build/RelWithDebInfo/lib/usd/schemas/MayaReference.cpp
    	    wrote /local/S/jenkins/workspace/ecg-mayausd-branch-preflight-2020-osx/build/RelWithDebInfo/lib/usd/schemas/wrapMayaReference.cpp
    	    wrote /local/S/jenkins/workspace/ecg-mayausd-branch-preflight-2020-osx/build/RelWithDebInfo/lib/usd/schemas/ALMayaReference.h
    	    wrote /local/S/jenkins/workspace/ecg-mayausd-branch-preflight-2020-osx/build/RelWithDebInfo/lib/usd/schemas/ALMayaReference.cpp
    	    wrote /local/S/jenkins/workspace/ecg-mayausd-branch-preflight-2020-osx/build/RelWithDebInfo/lib/usd/schemas/wrapALMayaReference.cpp
    	    wrote /local/S/jenkins/workspace/ecg-mayausd-branch-preflight-2020-osx/build/RelWithDebInfo/lib/usd/schemas/plugInfo.json
    Generating Schematics:
    	    wrote /local/S/jenkins/workspace/ecg-mayausd-branch-preflight-2020-osx/build/RelWithDebInfo/lib/usd/schemas/generatedSchema.usda
    -- promoting: /local/S/jenkins/workspace/ecg-mayausd-branch-preflight-2020-osx/ecg-maya-usd/maya-usd/lib/usd/utils/ALHalf.h
    -- promoting: /local/S/jenkins/workspace/ecg-mayausd-branch-preflight-2020-osx/ecg-maya-usd/maya-usd/lib/usd/utils/Api.h
    -- promoting: /local/S/jenkins/workspace/ecg-mayausd-branch-preflight-2020-osx/ecg-maya-usd/maya-usd/lib/usd/utils/DebugCodes.h
    -- promoting: /local/S/jenkins/workspace/ecg-mayausd-branch-preflight-2020-osx/ecg-maya-usd/maya-usd/lib/usd/utils/DiffCore.h
    -- promoting: /local/S/jenkins/workspace/ecg-mayausd-branch-preflight-2020-osx/ecg-maya-usd/maya-usd/lib/usd/utils/ForwardDeclares.h
    -- promoting: /local/S/jenkins/workspace/ecg-mayausd-branch-preflight-2020-osx/ecg-maya-usd/maya-usd/lib/usd/utils/SIMD.h
    -- promoting: /local/S/jenkins/workspace/ecg-mayausd-branch-preflight-2020-osx/ecg-maya-usd/maya-usd/lib/usd/utils/util.h
    -- promoting: /local/S/jenkins/workspace/ecg-mayausd-branch-preflight-2020-osx/ecg-maya-usd/maya-usd/lib/usd/ui/api.h
    -- promoting: /local/S/jenkins/workspace/ecg-mayausd-branch-preflight-2020-osx/ecg-maya-usd/maya-usd/lib/usd/ui/IMayaMQtUtil.h
    -- promoting: /local/S/jenkins/workspace/ecg-mayausd-branch-preflight-2020-osx/ecg-maya-usd/maya-usd/lib/usd/ui/ItemDelegate.h
    -- promoting: /local/S/jenkins/workspace/ecg-mayausd-branch-preflight-2020-osx/ecg-maya-usd/maya-usd/lib/usd/ui/IUSDImportView.h
    -- promoting: /local/S/jenkins/workspace/ecg-mayausd-branch-preflight-2020-osx/ecg-maya-usd/maya-usd/lib/usd/ui/TreeItem.h
    -- promoting: /local/S/jenkins/workspace/ecg-mayausd-branch-preflight-2020-osx/ecg-maya-usd/maya-usd/lib/usd/ui/TreeModel.h
    -- promoting: /local/S/jenkins/workspace/ecg-mayausd-branch-preflight-2020-osx/ecg-maya-usd/maya-usd/lib/usd/ui/TreeModelFactory.h
    -- promoting: /local/S/jenkins/workspace/ecg-mayausd-branch-preflight-2020-osx/ecg-maya-usd/maya-usd/lib/usd/ui/USDImportDialog.h
    -- promoting: /local/S/jenkins/workspace/ecg-mayausd-branch-preflight-2020-osx/ecg-maya-usd/maya-usd/lib/usd/ui/USDImportDialogCmd.h
    -- promoting: /local/S/jenkins/workspace/ecg-mayausd-branch-preflight-2020-osx/ecg-maya-usd/maya-usd/lib/usd/ui/USDQtUtil.h
    ========== Pixar USD Plugin ==========
    Compiling /local/S/jenkins/workspace/ecg-mayausd-branch-preflight-2020-osx/build/RelWithDebInfo/plugin/pxr/__init__.py ...
    ========== AL USD Plugin ==========
    CMake Deprecation Warning at plugin/al/CMakeLists.txt:7 (cmake_policy):
      The OLD behavior for policy CMP0026 will be removed from a future version
      of CMake.
    
      The cmake-policies(7) manual explains that the OLD behaviors of all
      policies are deprecated and that a policy should be set to OLD only under
      specific short-term circumstances.  Projects should be ported to the NEW
      behavior and not rely on setting a policy to OLD.
    
    
    -- Found Threads: TRUE
    -- Boost version: 1.61.0
    -- Found the following Boost libraries:
    --   python
    --   thread
    --   filesystem
    --   system
    --   date_time
    --   atomic
    -- Found GTest: /local/S/jenkins/workspace/ecg-mayausd-branch-preflight-2020-osx/build/RelWithDebInfo/googletest-install/lib/libgtest.dylib
    Compiling /local/S/jenkins/workspace/ecg-mayausd-branch-preflight-2020-osx/build/RelWithDebInfo/plugin/al/lib/AL_USDMaya/lib/python/AL/usdmaya/__init__.py ...
    -- Building AL_USDMayaSchemas
    Processing schema classes:
    ALModelAPI, ALFrameRange
    Loading Templates from /local/S/jenkins/workspace/shared/Artifactory/OSX/USD/98ad8fb/lib/usd/usd/resources/codegenTemplates
    Writing API:
    	    wrote /local/S/jenkins/workspace/ecg-mayausd-branch-preflight-2020-osx/build/RelWithDebInfo/plugin/al/schemas/AL/usd/schemas/maya/api.h
    Writing Schema Tokens:
    	    wrote /local/S/jenkins/workspace/ecg-mayausd-branch-preflight-2020-osx/build/RelWithDebInfo/plugin/al/schemas/AL/usd/schemas/maya/tokens.h
    	    wrote /local/S/jenkins/workspace/ecg-mayausd-branch-preflight-2020-osx/build/RelWithDebInfo/plugin/al/schemas/AL/usd/schemas/maya/tokens.cpp
    	    wrote /local/S/jenkins/workspace/ecg-mayausd-branch-preflight-2020-osx/build/RelWithDebInfo/plugin/al/schemas/AL/usd/schemas/maya/wrapTokens.cpp
    Generating Classes:
    	    wrote /local/S/jenkins/workspace/ecg-mayausd-branch-preflight-2020-osx/build/RelWithDebInfo/plugin/al/schemas/AL/usd/schemas/maya/ModelAPI.h
    	    wrote /local/S/jenkins/workspace/ecg-mayausd-branch-preflight-2020-osx/build/RelWithDebInfo/plugin/al/schemas/AL/usd/schemas/maya/ModelAPI.cpp
    	    wrote /local/S/jenkins/workspace/ecg-mayausd-branch-preflight-2020-osx/build/RelWithDebInfo/plugin/al/schemas/AL/usd/schemas/maya/wrapModelAPI.cpp
    	    wrote /local/S/jenkins/workspace/ecg-mayausd-branch-preflight-2020-osx/build/RelWithDebInfo/plugin/al/schemas/AL/usd/schemas/maya/FrameRange.h
    	    wrote /local/S/jenkins/workspace/ecg-mayausd-branch-preflight-2020-osx/build/RelWithDebInfo/plugin/al/schemas/AL/usd/schemas/maya/FrameRange.cpp
    	    wrote /local/S/jenkins/workspace/ecg-mayausd-branch-preflight-2020-osx/build/RelWithDebInfo/plugin/al/schemas/AL/usd/schemas/maya/wrapFrameRange.cpp
    	    wrote /local/S/jenkins/workspace/ecg-mayausd-branch-preflight-2020-osx/build/RelWithDebInfo/plugin/al/schemas/AL/usd/schemas/maya/plugInfo.json
    Generating Schematics:
    	    wrote /local/S/jenkins/workspace/ecg-mayausd-branch-preflight-2020-osx/build/RelWithDebInfo/plugin/al/schemas/AL/usd/schemas/maya/generatedSchema.usda
    Compiling /local/S/jenkins/workspace/ecg-mayausd-branch-preflight-2020-osx/build/RelWithDebInfo/AL/usd/schemas/maya/__init__.py ...
    Compiling /local/S/jenkins/workspace/ecg-mayausd-branch-preflight-2020-osx/build/RelWithDebInfo/AL/__init__.py ...
    Compiling /local/S/jenkins/workspace/ecg-mayausd-branch-preflight-2020-osx/build/RelWithDebInfo/AL/usd/__init__.py ...
    Compiling /local/S/jenkins/workspace/ecg-mayausd-branch-preflight-2020-osx/build/RelWithDebInfo/AL/usd/schemas/__init__.py ...
    Processing schema classes:
    ALExamplePolyCubeNode
    Loading Templates from /local/S/jenkins/workspace/shared/Artifactory/OSX/USD/98ad8fb/lib/usd/usd/resources/codegenTemplates
    Writing API:
    	    wrote /local/S/jenkins/workspace/ecg-mayausd-branch-preflight-2020-osx/build/RelWithDebInfo/plugin/al/schemas/AL/usd/schemas/mayatest/api.h
    Writing Schema Tokens:
    	    wrote /local/S/jenkins/workspace/ecg-mayausd-branch-preflight-2020-osx/build/RelWithDebInfo/plugin/al/schemas/AL/usd/schemas/mayatest/tokens.h
    	    wrote /local/S/jenkins/workspace/ecg-mayausd-branch-preflight-2020-osx/build/RelWithDebInfo/plugin/al/schemas/AL/usd/schemas/mayatest/tokens.cpp
    	    wrote /local/S/jenkins/workspace/ecg-mayausd-branch-preflight-2020-osx/build/RelWithDebInfo/plugin/al/schemas/AL/usd/schemas/mayatest/wrapTokens.cpp
    Generating Classes:
    	    wrote /local/S/jenkins/workspace/ecg-mayausd-branch-preflight-2020-osx/build/RelWithDebInfo/plugin/al/schemas/AL/usd/schemas/mayatest/ExamplePolyCubeNode.h
    	    wrote /local/S/jenkins/workspace/ecg-mayausd-branch-preflight-2020-osx/build/RelWithDebInfo/plugin/al/schemas/AL/usd/schemas/mayatest/ExamplePolyCubeNode.cpp
    	    wrote /local/S/jenkins/workspace/ecg-mayausd-branch-preflight-2020-osx/build/RelWithDebInfo/plugin/al/schemas/AL/usd/schemas/mayatest/wrapExamplePolyCubeNode.cpp
    	unchanged /local/S/jenkins/workspace/ecg-mayausd-branch-preflight-2020-osx/build/RelWithDebInfo/plugin/al/schemas/AL/usd/schemas/mayatest/plugInfo.json
    Generating Schematics:
    	    wrote /local/S/jenkins/workspace/ecg-mayausd-branch-preflight-2020-osx/build/RelWithDebInfo/plugin/al/schemas/AL/usd/schemas/mayatest/generatedSchema.usda
    Compiling /local/S/jenkins/workspace/ecg-mayausd-branch-preflight-2020-osx/build/RelWithDebInfo/AL/usd/schemas/mayatest/__init__.py ...
    Compiling /local/S/jenkins/workspace/ecg-mayausd-branch-preflight-2020-osx/build/RelWithDebInfo/AL/__init__.py ...
    Compiling /local/S/jenkins/workspace/ecg-mayausd-branch-preflight-2020-osx/build/RelWithDebInfo/AL/usd/__init__.py ...
    Compiling /local/S/jenkins/workspace/ecg-mayausd-branch-preflight-2020-osx/build/RelWithDebInfo/AL/usd/schemas/__init__.py ...
    -- Building AL_USDMayaTranslators
    ========== ADSK USD Plugin ==========
    -- Configuring done
    CMake Warning at test/lib/usd/plugin/CMakeLists.txt:18 (add_library):
      Cannot generate a safe runtime search path for target usdTestPlugin because
      there is a cycle in the constraint graph:
    
        dir 0 is [/local/S/jenkins/workspace/ecg-mayausd-branch-preflight-2020-osx/build/RelWithDebInfo/lib/mayaUsd]
        dir 1 is [/local/S/jenkins/workspace/shared/Artifactory/OSX/USD/98ad8fb/lib]
          dir 3 must precede it due to runtime library [libtbb.dylib]
        dir 2 is [/local/S/jenkins/workspace/shared/Artifactory/OSX/rundev-2020/202004291615/runtime/8fd8f21/devkitBase/devkit/ufe/lib]
        dir 3 is [/local/S/jenkins/workspace/shared/Artifactory/OSX/rundev-2020/202004291615/runtime/8fd8f21/runTime/Maya.app/Contents/MacOS]
          dir 1 must precede it due to runtime library [libosdCPU.dylib]
          dir 2 must precede it due to runtime library [libufe_1.dylib]
        dir 4 is [/local/S/jenkins/workspace/ecg-mayausd-branch-preflight-2020-osx/build/RelWithDebInfo/lib/usd/utils]
    
      Some of these libraries may not be found correctly.
    
    
    CMake Warning at lib/mayaUsd/CMakeLists.txt:18 (add_library):
      Cannot generate a safe runtime search path for target mayaUsd because there
      is a cycle in the constraint graph:
    
        dir 0 is [/local/S/jenkins/workspace/shared/Artifactory/OSX/USD/98ad8fb/lib]
          dir 2 must precede it due to runtime library [libtbb.dylib]
        dir 1 is [/local/S/jenkins/workspace/shared/Artifactory/OSX/rundev-2020/202004291615/runtime/8fd8f21/devkitBase/devkit/ufe/lib]
        dir 2 is [/local/S/jenkins/workspace/shared/Artifactory/OSX/rundev-2020/202004291615/runtime/8fd8f21/runTime/Maya.app/Contents/MacOS]
          dir 0 must precede it due to runtime library [libosdCPU.dylib]
          dir 1 must precede it due to runtime library [libufe_1.dylib]
        dir 3 is [/local/S/jenkins/workspace/ecg-mayausd-branch-preflight-2020-osx/build/RelWithDebInfo/lib/usd/utils]
    
      Some of these libraries may not be found correctly.
    
    
    CMake Warning at lib/mayaUsd/python/CMakeLists.txt:20 (add_library):
      Cannot generate a safe runtime search path for target _mayaUsd because
      there is a cycle in the constraint graph:
    
        dir 0 is [/local/S/jenkins/workspace/ecg-mayausd-branch-preflight-2020-osx/build/RelWithDebInfo/lib/mayaUsd]
        dir 1 is [/local/S/jenkins/workspace/shared/Artifactory/OSX/USD/98ad8fb/lib]
          dir 3 must precede it due to runtime library [libtbb.dylib]
        dir 2 is [/local/S/jenkins/workspace/shared/Artifactory/OSX/rundev-2020/202004291615/runtime/8fd8f21/devkitBase/devkit/ufe/lib]
        dir 3 is [/local/S/jenkins/workspace/shared/Artifactory/OSX/rundev-2020/202004291615/runtime/8fd8f21/runTime/Maya.app/Contents/MacOS]
          dir 1 must precede it due to runtime library [libosdCPU.dylib]
          dir 2 must precede it due to runtime library [libufe_1.dylib]
        dir 4 is [/local/S/jenkins/workspace/ecg-mayausd-branch-preflight-2020-osx/build/RelWithDebInfo/lib/usd/utils]
    
      Some of these libraries may not be found correctly.
    
    
    CMake Warning at lib/mayaUsd/ufe/CMakeLists.txt:131 (add_library):
      Cannot generate a safe runtime search path for target _ufe because there is
      a cycle in the constraint graph:
    
        dir 0 is [/local/S/jenkins/workspace/ecg-mayausd-branch-preflight-2020-osx/build/RelWithDebInfo/lib/mayaUsd]
        dir 1 is [/local/S/jenkins/workspace/shared/Artifactory/OSX/USD/98ad8fb/lib]
          dir 3 must precede it due to runtime library [libtbb.dylib]
        dir 2 is [/local/S/jenkins/workspace/shared/Artifactory/OSX/rundev-2020/202004291615/runtime/8fd8f21/devkitBase/devkit/ufe/lib]
        dir 3 is [/local/S/jenkins/workspace/shared/Artifactory/OSX/rundev-2020/202004291615/runtime/8fd8f21/runTime/Maya.app/Contents/MacOS]
          dir 1 must precede it due to runtime library [libosdCPU.dylib]
          dir 2 must precede it due to runtime library [libufe_1.dylib]
        dir 4 is [/local/S/jenkins/workspace/ecg-mayausd-branch-preflight-2020-osx/build/RelWithDebInfo/lib/usd/utils]
    
      Some of these libraries may not be found correctly.
    
    
    CMake Warning at lib/mayaUsd/render/mayaToHydra/CMakeLists.txt:3 (add_library):
      Cannot generate a safe runtime search path for target mtoh because there is
      a cycle in the constraint graph:
    
        dir 0 is [/local/S/jenkins/workspace/ecg-mayausd-branch-preflight-2020-osx/build/RelWithDebInfo/lib/usd/hdMaya]
        dir 1 is [/local/S/jenkins/workspace/ecg-mayausd-branch-preflight-2020-osx/build/RelWithDebInfo/lib/mayaUsd]
        dir 2 is [/local/S/jenkins/workspace/shared/Artifactory/OSX/USD/98ad8fb/lib]
          dir 4 must precede it due to runtime library [libtbb.dylib]
        dir 3 is [/local/S/jenkins/workspace/shared/Artifactory/OSX/rundev-2020/202004291615/runtime/8fd8f21/devkitBase/devkit/ufe/lib]
        dir 4 is [/local/S/jenkins/workspace/shared/Artifactory/OSX/rundev-2020/202004291615/runtime/8fd8f21/runTime/Maya.app/Contents/MacOS]
          dir 2 must precede it due to runtime library [libosdCPU.dylib]
          dir 3 must precede it due to runtime library [libufe_1.dylib]
        dir 5 is [/local/S/jenkins/workspace/ecg-mayausd-branch-preflight-2020-osx/build/RelWithDebInfo/lib/usd/utils]
    
      Some of these libraries may not be found correctly.
    
    
    CMake Warning at lib/usd/hdMaya/CMakeLists.txt:3 (add_library):
      Cannot generate a safe runtime search path for target hdMaya because there
      is a cycle in the constraint graph:
    
        dir 0 is [/local/S/jenkins/workspace/ecg-mayausd-branch-preflight-2020-osx/build/RelWithDebInfo/lib/mayaUsd]
        dir 1 is [/local/S/jenkins/workspace/shared/Artifactory/OSX/USD/98ad8fb/lib]
          dir 3 must precede it due to runtime library [libtbb.dylib]
        dir 2 is [/local/S/jenkins/workspace/shared/Artifactory/OSX/rundev-2020/202004291615/runtime/8fd8f21/devkitBase/devkit/ufe/lib]
        dir 3 is [/local/S/jenkins/workspace/shared/Artifactory/OSX/rundev-2020/202004291615/runtime/8fd8f21/runTime/Maya.app/Contents/MacOS]
          dir 1 must precede it due to runtime library [libosdCPU.dylib]
          dir 2 must precede it due to runtime library [libufe_1.dylib]
        dir 4 is [/local/S/jenkins/workspace/ecg-mayausd-branch-preflight-2020-osx/build/RelWithDebInfo/lib/usd/utils]
    
      Some of these libraries may not be found correctly.
    
    
    CMake Warning at lib/usd/pxrUsdPreviewSurface/CMakeLists.txt:26 (add_library):
      Cannot generate a safe runtime search path for target
      basePxrUsdPreviewSurface because there is a cycle in the constraint graph:
    
        dir 0 is [/local/S/jenkins/workspace/shared/Artifactory/OSX/rundev-2020/202004291615/runtime/8fd8f21/runTime/Maya.app/Contents/MacOS]
          dir 2 must precede it due to runtime library [libosdCPU.dylib]
          dir 3 must precede it due to runtime library [libufe_1.dylib]
        dir 1 is [/local/S/jenkins/workspace/ecg-mayausd-branch-preflight-2020-osx/build/RelWithDebInfo/lib/mayaUsd]
        dir 2 is [/local/S/jenkins/workspace/shared/Artifactory/OSX/USD/98ad8fb/lib]
          dir 0 must precede it due to runtime library [libtbb.dylib]
        dir 3 is [/local/S/jenkins/workspace/shared/Artifactory/OSX/rundev-2020/202004291615/runtime/8fd8f21/devkitBase/devkit/ufe/lib]
        dir 4 is [/local/S/jenkins/workspace/ecg-mayausd-branch-preflight-2020-osx/build/RelWithDebInfo/lib/usd/utils]
    
      Some of these libraries may not be found correctly.
    
    
    CMake Warning at lib/usd/translators/CMakeLists.txt:11 (add_library):
      Cannot generate a safe runtime search path for target mayaUsd_Translators
      because there is a cycle in the constraint graph:
    
        dir 0 is [/local/S/jenkins/workspace/shared/Artifactory/OSX/rundev-2020/202004291615/runtime/8fd8f21/runTime/Maya.app/Contents/MacOS]
          dir 3 must precede it due to runtime library [libosdCPU.dylib]
          dir 5 must precede it due to runtime library [libufe_1.dylib]
        dir 1 is [/local/S/jenkins/workspace/ecg-mayausd-branch-preflight-2020-osx/build/RelWithDebInfo/lib/usd/schemas]
        dir 2 is [/local/S/jenkins/workspace/ecg-mayausd-branch-preflight-2020-osx/build/RelWithDebInfo/lib/usd/pxrUsdPreviewSurface]
        dir 3 is [/local/S/jenkins/workspace/shared/Artifactory/OSX/USD/98ad8fb/lib]
          dir 0 must precede it due to runtime library [libtbb.dylib]
        dir 4 is [/local/S/jenkins/workspace/ecg-mayausd-branch-preflight-2020-osx/build/RelWithDebInfo/lib/mayaUsd]
        dir 5 is [/local/S/jenkins/workspace/shared/Artifactory/OSX/rundev-2020/202004291615/runtime/8fd8f21/devkitBase/devkit/ufe/lib]
        dir 6 is [/local/S/jenkins/workspace/ecg-mayausd-branch-preflight-2020-osx/build/RelWithDebInfo/lib/usd/utils]
    
      Some of these libraries may not be found correctly.
    
    
    CMake Warning at lib/usd/ui/CMakeLists.txt:23 (add_library):
      Cannot generate a safe runtime search path for target mayaUsdUI because
      there is a cycle in the constraint graph:
    
        dir 0 is [/local/S/jenkins/workspace/ecg-mayausd-branch-preflight-2020-osx/build/RelWithDebInfo/lib/mayaUsd]
        dir 1 is [/local/S/jenkins/workspace/shared/Artifactory/OSX/qt/5.12.5/3ca78fe/lib]
        dir 2 is [/local/S/jenkins/workspace/shared/Artifactory/OSX/USD/98ad8fb/lib]
          dir 4 must precede it due to runtime library [libtbb.dylib]
        dir 3 is [/local/S/jenkins/workspace/shared/Artifactory/OSX/rundev-2020/202004291615/runtime/8fd8f21/devkitBase/devkit/ufe/lib]
        dir 4 is [/local/S/jenkins/workspace/shared/Artifactory/OSX/rundev-2020/202004291615/runtime/8fd8f21/runTime/Maya.app/Contents/MacOS]
          dir 1 must precede it due to runtime library [libQt5Widgets.5.12.5.dylib]
          dir 2 must precede it due to runtime library [libosdCPU.dylib]
          dir 3 must precede it due to runtime library [libufe_1.dylib]
        dir 5 is [/local/S/jenkins/workspace/ecg-mayausd-branch-preflight-2020-osx/build/RelWithDebInfo/lib/usd/utils]
    
      Some of these libraries may not be found correctly.
    
    
    CMake Warning at lib/usd/ui/demo/CMakeLists.txt:18 (add_executable):
      Cannot generate a safe runtime search path for target testMayaUsdUI because
      there is a cycle in the constraint graph:
    
        dir 0 is [/local/S/jenkins/workspace/ecg-mayausd-branch-preflight-2020-osx/build/RelWithDebInfo/lib/usd/ui]
        dir 1 is [/local/S/jenkins/workspace/shared/Artifactory/OSX/qt/5.12.5/3ca78fe/lib]
        dir 2 is [/local/S/jenkins/workspace/ecg-mayausd-branch-preflight-2020-osx/build/RelWithDebInfo/lib/mayaUsd]
        dir 3 is [/local/S/jenkins/workspace/shared/Artifactory/OSX/USD/98ad8fb/lib]
          dir 5 must precede it due to runtime library [libtbb.dylib]
        dir 4 is [/local/S/jenkins/workspace/shared/Artifactory/OSX/rundev-2020/202004291615/runtime/8fd8f21/devkitBase/devkit/ufe/lib]
        dir 5 is [/local/S/jenkins/workspace/shared/Artifactory/OSX/rundev-2020/202004291615/runtime/8fd8f21/runTime/Maya.app/Contents/MacOS]
          dir 1 must precede it due to runtime library [libQt5Widgets.5.12.5.dylib]
          dir 3 must precede it due to runtime library [libosdCPU.dylib]
          dir 4 must precede it due to runtime library [libufe_1.dylib]
        dir 6 is [/local/S/jenkins/workspace/ecg-mayausd-branch-preflight-2020-osx/build/RelWithDebInfo/lib/usd/utils]
    
      Some of these libraries may not be found correctly.
    
    
    CMake Warning at plugin/pxr/cmake/macros/Private.cmake:1060 (add_library):
      Cannot generate a safe runtime search path for target usdMaya because there
      is a cycle in the constraint graph:
    
        dir 0 is [/local/S/jenkins/workspace/ecg-mayausd-branch-preflight-2020-osx/build/RelWithDebInfo/lib/mayaUsd]
        dir 1 is [/local/S/jenkins/workspace/shared/Artifactory/OSX/USD/98ad8fb/lib]
          dir 3 must precede it due to runtime library [libtbb.dylib]
        dir 2 is [/local/S/jenkins/workspace/shared/Artifactory/OSX/rundev-2020/202004291615/runtime/8fd8f21/devkitBase/devkit/ufe/lib]
        dir 3 is [/local/S/jenkins/workspace/shared/Artifactory/OSX/rundev-2020/202004291615/runtime/8fd8f21/runTime/Maya.app/Contents/MacOS]
          dir 1 must precede it due to runtime library [libosdCPU.dylib]
          dir 2 must precede it due to runtime library [libufe_1.dylib]
        dir 4 is [/local/S/jenkins/workspace/ecg-mayausd-branch-preflight-2020-osx/build/RelWithDebInfo/lib/usd/utils]
    
      Some of these libraries may not be found correctly.
    Call Stack (most recent call first):
      plugin/pxr/cmake/macros/Public.cmake:131 (_pxr_library)
      plugin/pxr/cmake/macros/Public.cmake:162 (pxr_library)
      plugin/pxr/maya/lib/usdMaya/CMakeLists.txt:3 (pxr_shared_library)
    
    
    CMake Warning at plugin/pxr/cmake/macros/Private.cmake:842 (add_library):
      Cannot generate a safe runtime search path for target _usdMaya because
      there is a cycle in the constraint graph:
    
        dir 0 is [/local/S/jenkins/workspace/ecg-mayausd-branch-preflight-2020-osx/build/RelWithDebInfo/plugin/pxr/maya/lib/usdMaya]
        dir 1 is [/local/S/jenkins/workspace/ecg-mayausd-branch-preflight-2020-osx/build/RelWithDebInfo/lib/mayaUsd]
        dir 2 is [/local/S/jenkins/workspace/shared/Artifactory/OSX/USD/98ad8fb/lib]
          dir 4 must precede it due to runtime library [libtbb.dylib]
        dir 3 is [/local/S/jenkins/workspace/shared/Artifactory/OSX/rundev-2020/202004291615/runtime/8fd8f21/devkitBase/devkit/ufe/lib]
        dir 4 is [/local/S/jenkins/workspace/shared/Artifactory/OSX/rundev-2020/202004291615/runtime/8fd8f21/runTime/Maya.app/Contents/MacOS]
          dir 2 must precede it due to runtime library [libosdCPU.dylib]
          dir 3 must precede it due to runtime library [libufe_1.dylib]
        dir 5 is [/local/S/jenkins/workspace/ecg-mayausd-branch-preflight-2020-osx/build/RelWithDebInfo/lib/usd/utils]
    
      Some of these libraries may not be found correctly.
    Call Stack (most recent call first):
      plugin/pxr/cmake/macros/Public.cmake:148 (_pxr_python_module)
      plugin/pxr/cmake/macros/Public.cmake:162 (pxr_library)
      plugin/pxr/maya/lib/usdMaya/CMakeLists.txt:3 (pxr_shared_library)
    
    
    CMake Warning at plugin/pxr/cmake/macros/Private.cmake:1060 (add_library):
      Cannot generate a safe runtime search path for target pxrUsd because there
      is a cycle in the constraint graph:
    
        dir 0 is [/local/S/jenkins/workspace/ecg-mayausd-branch-preflight-2020-osx/build/RelWithDebInfo/plugin/pxr/maya/lib/usdMaya]
        dir 1 is [/local/S/jenkins/workspace/shared/Artifactory/OSX/rundev-2020/202004291615/runtime/8fd8f21/devkitBase/devkit/ufe/lib]
        dir 2 is [/local/S/jenkins/workspace/ecg-mayausd-branch-preflight-2020-osx/build/RelWithDebInfo/lib/mayaUsd]
        dir 3 is [/local/S/jenkins/workspace/shared/Artifactory/OSX/USD/98ad8fb/lib]
          dir 4 must precede it due to runtime library [libtbb.dylib]
        dir 4 is [/local/S/jenkins/workspace/shared/Artifactory/OSX/rundev-2020/202004291615/runtime/8fd8f21/runTime/Maya.app/Contents/MacOS]
          dir 1 must precede it due to runtime library [libufe_1.dylib]
          dir 3 must precede it due to runtime library [libosdCPU.dylib]
        dir 5 is [/local/S/jenkins/workspace/ecg-mayausd-branch-preflight-2020-osx/build/RelWithDebInfo/lib/usd/utils]
    
      Some of these libraries may not be found correctly.
    Call Stack (most recent call first):
      plugin/pxr/cmake/macros/Public.cmake:131 (_pxr_library)
      plugin/pxr/cmake/macros/Public.cmake:166 (pxr_library)
      plugin/pxr/maya/plugin/pxrUsd/CMakeLists.txt:3 (pxr_plugin)
    
    
    CMake Warning at plugin/pxr/cmake/macros/Private.cmake:1060 (add_library):
      Cannot generate a safe runtime search path for target pxrUsdPreviewSurface
      because there is a cycle in the constraint graph:
    
        dir 0 is [/local/S/jenkins/workspace/ecg-mayausd-branch-preflight-2020-osx/build/RelWithDebInfo/lib/usd/pxrUsdPreviewSurface]
        dir 1 is [/local/S/jenkins/workspace/ecg-mayausd-branch-preflight-2020-osx/build/RelWithDebInfo/lib/mayaUsd]
        dir 2 is [/local/S/jenkins/workspace/shared/Artifactory/OSX/USD/98ad8fb/lib]
          dir 4 must precede it due to runtime library [libtbb.dylib]
        dir 3 is [/local/S/jenkins/workspace/shared/Artifactory/OSX/rundev-2020/202004291615/runtime/8fd8f21/devkitBase/devkit/ufe/lib]
        dir 4 is [/local/S/jenkins/workspace/shared/Artifactory/OSX/rundev-2020/202004291615/runtime/8fd8f21/runTime/Maya.app/Contents/MacOS]
          dir 2 must precede it due to runtime library [libosdCPU.dylib]
          dir 3 must precede it due to runtime library [libufe_1.dylib]
        dir 5 is [/local/S/jenkins/workspace/ecg-mayausd-branch-preflight-2020-osx/build/RelWithDebInfo/lib/usd/utils]
    
      Some of these libraries may not be found correctly.
    Call Stack (most recent call first):
      plugin/pxr/cmake/macros/Public.cmake:131 (_pxr_library)
      plugin/pxr/cmake/macros/Public.cmake:166 (pxr_library)
      plugin/pxr/maya/plugin/pxrUsdPreviewSurface/CMakeLists.txt:3 (pxr_plugin)
    
    
    CMake Warning at plugin/al/mayatest/AL/maya/test/CMakeLists.txt:13 (add_library):
      Cannot generate a safe runtime search path for target AL_MayaTest because
      there is a cycle in the constraint graph:
    
        dir 0 is [/local/S/jenkins/workspace/ecg-mayausd-branch-preflight-2020-osx/build/RelWithDebInfo/googletest-install/lib]
        dir 1 is [/local/S/jenkins/workspace/shared/Artifactory/OSX/rundev-2020/202004291615/runtime/8fd8f21/runTime/Maya.app/Contents/MacOS]
          dir 2 must precede it due to runtime library [libtbb.dylib]
        dir 2 is [/local/S/jenkins/workspace/shared/Artifactory/OSX/USD/98ad8fb/lib]
          dir 1 must precede it due to runtime library [libtbb.dylib]
    
      Some of these libraries may not be found correctly.
    
    
    CMake Warning at plugin/al/mayautils/AL/maya/tests/mayaplugintest/CMakeLists.txt:5 (add_library):
      Cannot generate a safe runtime search path for target AL_MayaUtilsTests
      because there is a cycle in the constraint graph:
    
        dir 0 is [/local/S/jenkins/workspace/ecg-mayausd-branch-preflight-2020-osx/build/RelWithDebInfo/googletest-install/lib]
        dir 1 is [/local/S/jenkins/workspace/ecg-mayausd-branch-preflight-2020-osx/build/RelWithDebInfo/plugin/al/mayatest/AL/maya/test]
        dir 2 is [/local/S/jenkins/workspace/ecg-mayausd-branch-preflight-2020-osx/build/RelWithDebInfo/plugin/al/mayautils/AL/maya]
        dir 3 is [/local/S/jenkins/workspace/shared/Artifactory/OSX/rundev-2020/202004291615/runtime/8fd8f21/runTime/Maya.app/Contents/MacOS]
          dir 6 must precede it due to runtime library [libtbb.dylib]
        dir 4 is [/local/S/jenkins/workspace/ecg-mayausd-branch-preflight-2020-osx/build/RelWithDebInfo/plugin/al/utils/AL]
        dir 5 is [/local/S/jenkins/workspace/ecg-mayausd-branch-preflight-2020-osx/build/RelWithDebInfo/lib/usd/utils]
        dir 6 is [/local/S/jenkins/workspace/shared/Artifactory/OSX/USD/98ad8fb/lib]
          dir 3 must precede it due to runtime library [libtbb.dylib]
    
      Some of these libraries may not be found correctly.
    
    
    CMake Warning at plugin/al/lib/AL_USDMaya/CMakeLists.txt:247 (add_library):
      Cannot generate a safe runtime search path for target _AL_USDMaya because
      there is a cycle in the constraint graph:
    
        dir 0 is [/local/S/jenkins/workspace/ecg-mayausd-branch-preflight-2020-osx/build/RelWithDebInfo/plugin/al/lib/AL_USDMaya]
        dir 1 is [/local/S/jenkins/workspace/ecg-mayausd-branch-preflight-2020-osx/build/RelWithDebInfo/plugin/al/usdmayautils/AL/usdmaya/utils]
        dir 2 is [/local/S/jenkins/workspace/ecg-mayausd-branch-preflight-2020-osx/build/RelWithDebInfo/plugin/al/mayautils/AL/maya]
        dir 3 is [/local/S/jenkins/workspace/ecg-mayausd-branch-preflight-2020-osx/build/RelWithDebInfo/plugin/al/utils/AL]
        dir 4 is [/local/S/jenkins/workspace/ecg-mayausd-branch-preflight-2020-osx/build/RelWithDebInfo/plugin/al/usdtransaction/AL/usd/transaction]
        dir 5 is [/local/S/jenkins/workspace/shared/Artifactory/OSX/USD/98ad8fb/lib]
          dir 8 must precede it due to runtime library [libtbb.dylib]
        dir 6 is [/local/S/jenkins/workspace/ecg-mayausd-branch-preflight-2020-osx/build/RelWithDebInfo/lib/mayaUsd]
        dir 7 is [/local/S/jenkins/workspace/ecg-mayausd-branch-preflight-2020-osx/build/RelWithDebInfo/lib/usd/utils]
        dir 8 is [/local/S/jenkins/workspace/shared/Artifactory/OSX/rundev-2020/202004291615/runtime/8fd8f21/runTime/Maya.app/Contents/MacOS]
          dir 5 must precede it due to runtime library [libosdCPU.dylib]
          dir 9 must precede it due to runtime library [libufe_1.dylib]
        dir 9 is [/local/S/jenkins/workspace/shared/Artifactory/OSX/rundev-2020/202004291615/runtime/8fd8f21/devkitBase/devkit/ufe/lib]
    
      Some of these libraries may not be found correctly.
    
    
    CMake Warning at plugin/al/lib/AL_USDMaya/CMakeLists.txt:154 (add_library):
      Cannot generate a safe runtime search path for target AL_USDMaya because
      there is a cycle in the constraint graph:
    
        dir 0 is [/local/S/jenkins/workspace/ecg-mayausd-branch-preflight-2020-osx/build/RelWithDebInfo/plugin/al/usdmayautils/AL/usdmaya/utils]
        dir 1 is [/local/S/jenkins/workspace/ecg-mayausd-branch-preflight-2020-osx/build/RelWithDebInfo/plugin/al/mayautils/AL/maya]
        dir 2 is [/local/S/jenkins/workspace/ecg-mayausd-branch-preflight-2020-osx/build/RelWithDebInfo/plugin/al/usdtransaction/AL/usd/transaction]
        dir 3 is [/local/S/jenkins/workspace/shared/Artifactory/OSX/USD/98ad8fb/lib]
          dir 8 must precede it due to runtime library [libtbb.dylib]
        dir 4 is [/local/S/jenkins/workspace/ecg-mayausd-branch-preflight-2020-osx/build/RelWithDebInfo/lib/mayaUsd]
        dir 5 is [/local/S/jenkins/workspace/shared/Artifactory/OSX/rundev-2020/202004291615/runtime/8fd8f21/devkitBase/devkit/ufe/lib]
        dir 6 is [/local/S/jenkins/workspace/ecg-mayausd-branch-preflight-2020-osx/build/RelWithDebInfo/plugin/al/utils/AL]
        dir 7 is [/local/S/jenkins/workspace/ecg-mayausd-branch-preflight-2020-osx/build/RelWithDebInfo/lib/usd/utils]
        dir 8 is [/local/S/jenkins/workspace/shared/Artifactory/OSX/rundev-2020/202004291615/runtime/8fd8f21/runTime/Maya.app/Contents/MacOS]
          dir 3 must precede it due to runtime library [libosdCPU.dylib]
          dir 5 must precede it due to runtime library [libufe_1.dylib]
    
      Some of these libraries may not be found correctly.
    
    
    CMake Warning at plugin/al/plugin/AL_USDMayaPlugin/CMakeLists.txt:3 (add_library):
      Cannot generate a safe runtime search path for target AL_USDMayaPlugin
      because there is a cycle in the constraint graph:
    
        dir 0 is [/local/S/jenkins/workspace/ecg-mayausd-branch-preflight-2020-osx/build/RelWithDebInfo/plugin/al/lib/AL_USDMaya]
        dir 1 is [/local/S/jenkins/workspace/shared/Artifactory/OSX/rundev-2020/202004291615/runtime/8fd8f21/runTime/Maya.app/Contents/MacOS]
          dir 5 must precede it due to runtime library [libosdCPU.dylib]
          dir 9 must precede it due to runtime library [libufe_1.dylib]
        dir 2 is [/local/S/jenkins/workspace/ecg-mayausd-branch-preflight-2020-osx/build/RelWithDebInfo/plugin/al/usdmayautils/AL/usdmaya/utils]
        dir 3 is [/local/S/jenkins/workspace/ecg-mayausd-branch-preflight-2020-osx/build/RelWithDebInfo/plugin/al/mayautils/AL/maya]
        dir 4 is [/local/S/jenkins/workspace/ecg-mayausd-branch-preflight-2020-osx/build/RelWithDebInfo/plugin/al/utils/AL]
        dir 5 is [/local/S/jenkins/workspace/shared/Artifactory/OSX/USD/98ad8fb/lib]
          dir 1 must precede it due to runtime library [libtbb.dylib]
        dir 6 is [/local/S/jenkins/workspace/ecg-mayausd-branch-preflight-2020-osx/build/RelWithDebInfo/plugin/al/usdtransaction/AL/usd/transaction]
        dir 7 is [/local/S/jenkins/workspace/ecg-mayausd-branch-preflight-2020-osx/build/RelWithDebInfo/lib/mayaUsd]
        dir 8 is [/local/S/jenkins/workspace/ecg-mayausd-branch-preflight-2020-osx/build/RelWithDebInfo/lib/usd/utils]
        dir 9 is [/local/S/jenkins/workspace/shared/Artifactory/OSX/rundev-2020/202004291615/runtime/8fd8f21/devkitBase/devkit/ufe/lib]
    
      Some of these libraries may not be found correctly.
    
    
    CMake Warning at plugin/al/plugin/AL_USDMayaTestPlugin/CMakeLists.txt:5 (add_library):
      Cannot generate a safe runtime search path for target AL_USDMayaTestPlugin
      because there is a cycle in the constraint graph:
    
        dir 0 is [/local/S/jenkins/workspace/ecg-mayausd-branch-preflight-2020-osx/build/RelWithDebInfo/plugin/al/lib/AL_USDMaya]
        dir 1 is [/local/S/jenkins/workspace/ecg-mayausd-branch-preflight-2020-osx/build/RelWithDebInfo/plugin/al/mayatest/AL/maya/test]
        dir 2 is [/local/S/jenkins/workspace/ecg-mayausd-branch-preflight-2020-osx/build/RelWithDebInfo/plugin/al/schemas/AL/usd/schemas/maya]
        dir 3 is [/local/S/jenkins/workspace/ecg-mayausd-branch-preflight-2020-osx/build/RelWithDebInfo/plugin/al/schemas/AL/usd/schemas/mayatest]
        dir 4 is [/local/S/jenkins/workspace/ecg-mayausd-branch-preflight-2020-osx/build/RelWithDebInfo/googletest-install/lib]
        dir 5 is [/local/S/jenkins/workspace/ecg-mayausd-branch-preflight-2020-osx/build/RelWithDebInfo/plugin/al/usdmayautils/AL/usdmaya/utils]
        dir 6 is [/local/S/jenkins/workspace/ecg-mayausd-branch-preflight-2020-osx/build/RelWithDebInfo/plugin/al/mayautils/AL/maya]
        dir 7 is [/local/S/jenkins/workspace/ecg-mayausd-branch-preflight-2020-osx/build/RelWithDebInfo/plugin/al/utils/AL]
        dir 8 is [/local/S/jenkins/workspace/shared/Artifactory/OSX/USD/98ad8fb/lib]
          dir 13 must precede it due to runtime library [libtbb.dylib]
        dir 9 is [/local/S/jenkins/workspace/ecg-mayausd-branch-preflight-2020-osx/build/RelWithDebInfo/plugin/al/usdtransaction/AL/usd/transaction]
        dir 10 is [/local/S/jenkins/workspace/ecg-mayausd-branch-preflight-2020-osx/build/RelWithDebInfo/lib/mayaUsd]
        dir 11 is [/local/S/jenkins/workspace/ecg-mayausd-branch-preflight-2020-osx/build/RelWithDebInfo/lib/usd/utils]
        dir 12 is [/local/S/jenkins/workspace/shared/Artifactory/OSX/rundev-2020/202004291615/runtime/8fd8f21/devkitBase/devkit/ufe/lib]
        dir 13 is [/local/S/jenkins/workspace/shared/Artifactory/OSX/rundev-2020/202004291615/runtime/8fd8f21/runTime/Maya.app/Contents/MacOS]
          dir 8 must precede it due to runtime library [libosdCPU.dylib]
          dir 12 must precede it due to runtime library [libufe_1.dylib]
    
      Some of these libraries may not be found correctly.
    
    
    CMake Warning at plugin/al/translators/CMakeLists.txt:16 (add_library):
      Cannot generate a safe runtime search path for target AL_USDMayaTranslators
      because there is a cycle in the constraint graph:
    
        dir 0 is [/local/S/jenkins/workspace/ecg-mayausd-branch-preflight-2020-osx/build/RelWithDebInfo/plugin/al/lib/AL_USDMaya]
        dir 1 is [/local/S/jenkins/workspace/ecg-mayausd-branch-preflight-2020-osx/build/RelWithDebInfo/plugin/al/schemas/AL/usd/schemas/maya]
        dir 2 is [/local/S/jenkins/workspace/ecg-mayausd-branch-preflight-2020-osx/build/RelWithDebInfo/lib/mayaUsd]
        dir 3 is [/local/S/jenkins/workspace/ecg-mayausd-branch-preflight-2020-osx/build/RelWithDebInfo/lib/usd/schemas]
        dir 4 is [/local/S/jenkins/workspace/shared/Artifactory/OSX/USD/98ad8fb/lib]
          dir 5 must precede it due to runtime library [libtbb.dylib]
        dir 5 is [/local/S/jenkins/workspace/shared/Artifactory/OSX/rundev-2020/202004291615/runtime/8fd8f21/runTime/Maya.app/Contents/MacOS]
          dir 4 must precede it due to runtime library [libosdCPU.dylib]
          dir 11 must precede it due to runtime library [libufe_1.dylib]
        dir 6 is [/local/S/jenkins/workspace/ecg-mayausd-branch-preflight-2020-osx/build/RelWithDebInfo/plugin/al/usdmayautils/AL/usdmaya/utils]
        dir 7 is [/local/S/jenkins/workspace/ecg-mayausd-branch-preflight-2020-osx/build/RelWithDebInfo/plugin/al/mayautils/AL/maya]
        dir 8 is [/local/S/jenkins/workspace/ecg-mayausd-branch-preflight-2020-osx/build/RelWithDebInfo/plugin/al/utils/AL]
        dir 9 is [/local/S/jenkins/workspace/ecg-mayausd-branch-preflight-2020-osx/build/RelWithDebInfo/lib/usd/utils]
        dir 10 is [/local/S/jenkins/workspace/ecg-mayausd-branch-preflight-2020-osx/build/RelWithDebInfo/plugin/al/usdtransaction/AL/usd/transaction]
        dir 11 is [/local/S/jenkins/workspace/shared/Artifactory/OSX/rundev-2020/202004291615/runtime/8fd8f21/devkitBase/devkit/ufe/lib]
    
      Some of these libraries may not be found correctly.
    
    
    CMake Warning at plugin/al/translators/pxrUsdTranslators/CMakeLists.txt:27 (add_library):
      Cannot generate a safe runtime search path for target
      AL_USDMayaPxrTranslators because there is a cycle in the constraint graph:
    
        dir 0 is [/local/S/jenkins/workspace/ecg-mayausd-branch-preflight-2020-osx/build/RelWithDebInfo/plugin/al/schemas/AL/usd/schemas/maya]
        dir 1 is [/local/S/jenkins/workspace/ecg-mayausd-branch-preflight-2020-osx/build/RelWithDebInfo/lib/usd/schemas]
        dir 2 is [/local/S/jenkins/workspace/ecg-mayausd-branch-preflight-2020-osx/build/RelWithDebInfo/plugin/al/lib/AL_USDMaya]
        dir 3 is [/local/S/jenkins/workspace/ecg-mayausd-branch-preflight-2020-osx/build/RelWithDebInfo/plugin/pxr/maya/lib/usdMaya]
        dir 4 is [/local/S/jenkins/workspace/ecg-mayausd-branch-preflight-2020-osx/build/RelWithDebInfo/plugin/al/usdmayautils/AL/usdmaya/utils]
        dir 5 is [/local/S/jenkins/workspace/ecg-mayausd-branch-preflight-2020-osx/build/RelWithDebInfo/plugin/al/mayautils/AL/maya]
        dir 6 is [/local/S/jenkins/workspace/ecg-mayausd-branch-preflight-2020-osx/build/RelWithDebInfo/plugin/al/utils/AL]
        dir 7 is [/local/S/jenkins/workspace/ecg-mayausd-branch-preflight-2020-osx/build/RelWithDebInfo/plugin/al/usdtransaction/AL/usd/transaction]
        dir 8 is [/local/S/jenkins/workspace/shared/Artifactory/OSX/USD/98ad8fb/lib]
          dir 12 must precede it due to runtime library [libtbb.dylib]
        dir 9 is [/local/S/jenkins/workspace/ecg-mayausd-branch-preflight-2020-osx/build/RelWithDebInfo/lib/mayaUsd]
        dir 10 is [/local/S/jenkins/workspace/ecg-mayausd-branch-preflight-2020-osx/build/RelWithDebInfo/lib/usd/utils]
        dir 11 is [/local/S/jenkins/workspace/shared/Artifactory/OSX/rundev-2020/202004291615/runtime/8fd8f21/devkitBase/devkit/ufe/lib]
        dir 12 is [/local/S/jenkins/workspace/shared/Artifactory/OSX/rundev-2020/202004291615/runtime/8fd8f21/runTime/Maya.app/Contents/MacOS]
          dir 8 must precede it due to runtime library [libosdCPU.dylib]
          dir 11 must precede it due to runtime library [libufe_1.dylib]
    
      Some of these libraries may not be found correctly.
    
    
    CMake Warning at plugin/adsk/plugin/CMakeLists.txt:18 (add_library):
      Cannot generate a safe runtime search path for target mayaUsdPlugin because
      there is a cycle in the constraint graph:
    
        dir 0 is [/local/S/jenkins/workspace/shared/Artifactory/OSX/rundev-2020/202004291615/runtime/8fd8f21/devkitBase/devkit/ufe/lib]
        dir 1 is [/local/S/jenkins/workspace/ecg-mayausd-branch-preflight-2020-osx/build/RelWithDebInfo/lib/usd/pxrUsdPreviewSurface]
        dir 2 is [/local/S/jenkins/workspace/ecg-mayausd-branch-preflight-2020-osx/build/RelWithDebInfo/lib/usd/ui]
        dir 3 is [/local/S/jenkins/workspace/ecg-mayausd-branch-preflight-2020-osx/build/RelWithDebInfo/lib/mayaUsd]
        dir 4 is [/local/S/jenkins/workspace/shared/Artifactory/OSX/USD/98ad8fb/lib]
          dir 5 must precede it due to runtime library [libtbb.dylib]
        dir 5 is [/local/S/jenkins/workspace/shared/Artifactory/OSX/rundev-2020/202004291615/runtime/8fd8f21/runTime/Maya.app/Contents/MacOS]
          dir 0 must precede it due to runtime library [libufe_1.dylib]
          dir 4 must precede it due to runtime library [libosdCPU.dylib]
        dir 6 is [/local/S/jenkins/workspace/ecg-mayausd-branch-preflight-2020-osx/build/RelWithDebInfo/lib/usd/utils]
    
      Some of these libraries may not be found correctly.
    
    
    -- Generating done
    -- Build files have been written to: /local/S/jenkins/workspace/ecg-mayausd-branch-preflight-2020-osx/build/RelWithDebInfo
    
        Building with settings:
          Source directory          /local/S/jenkins/workspace/ecg-mayausd-branch-preflight-2020-osx/ecg-maya-usd/maya-usd
          Workspace directory       /local/S/jenkins/workspace/ecg-mayausd-branch-preflight-2020-osx
          Build directory           /local/S/jenkins/workspace/ecg-mayausd-branch-preflight-2020-osx/build/RelWithDebInfo
          Install directory         /local/S/jenkins/workspace/ecg-mayausd-branch-preflight-2020-osx/install/RelWithDebInfo/MayaUSD
          Variant                   RelWithDebInfo
          Python Debug              Off
          CMake generator           Ninja
          Build arguments           ['-DCMAKE_MAKE_PROGRAM=/local/S/jenkins/workspace/shared/Artifactory/OSX/ninja/1.9.0/41005eb/ninja', '-DPYTHON_INCLUDE_DIR=/local/S/jenkins/workspace/shared/Artifactory/OSX/rundev-2020/202004291615/runtime/8fd8f21/runTime/Maya.app/Contents/Frameworks/Python.framework/Versions/Current/include/python2.7', '-DPython_EXECUTABLE=/local/S/jenkins/workspace/shared/Artifactory/OSX/rundev-2020/202004291615/runtime/8fd8f21/runTime/Maya.app/Contents/bin/mayapy', '-DPYTHON_LIBRARIES=/local/S/jenkins/workspace/shared/Artifactory/OSX/rundev-2020/202004291615/runtime/8fd8f21/runTime/Maya.app/Contents/Frameworks/Python.framework/Versions/Current/lib/libpython2.7.dylib', '-DMAYAUSD_TO_USD_RELATIVE_PATH=../USD']
          Stages arguments          ['configure']
          CTest arguments           ['-E testUsdReferenceAssemblySelection|testUsdMayaAppDir|testUsdExportAsClip', '-LE interactive', '--parallel 12']
    Success MayaUSD build and install !!!!
    Elapsed time: 00:00:34
[Pipeline] }
[Pipeline] // withEnv
[Pipeline] }
[Pipeline] // stage
[Pipeline] }
[Pipeline] // timestamps
[Pipeline] }
[Pipeline] // timeout
[Pipeline] timeout
Timeout set to expire in 6 hr 0 min
[Pipeline] {
[Pipeline] timestamps
[Pipeline] {
[Pipeline] stage
[Pipeline] { (Build)
[Pipeline] withEnv
[Pipeline] {
[Pipeline] sh
[ecg-mayausd-branch-preflight-2020-osx] Running shell script
+ python ecg-maya-usd/build.py --stages=build --workspace-dir=/local/S/jenkins/workspace/ecg-mayausd-branch-preflight-2020-osx --artifactory-dir=/local/S/jenkins/workspace/shared/Artifactory --build-dir=/local/S/jenkins/workspace/ecg-mayausd-branch-preflight-2020-osx/build --install-dir=/local/S/jenkins/workspace/ecg-mayausd-branch-preflight-2020-osx/install --signing-dir=/local/S/jenkins/workspace/ecg-mayausd-branch-preflight-2020-osx/signing --package-dir=/local/S/jenkins/workspace/ecg-mayausd-branch-preflight-2020-osx/package --output-dir=/local/S/jenkins/workspace/ecg-mayausd-branch-preflight-2020-osx/output --stash-dir=/local/S/jenkins/workspace/ecg-mayausd-branch-preflight-2020-osx/stash --jenkins-build=348 --git-commit=d6f37a5e5696a1491862657704651c45dc99341e --git-branch=master --variants=RelWithDebInfo --python=2 --build-retry=3 --maya-cut-config=maya-rundev-2020.yaml --stage-banner
Using Maya cut from /local/S/jenkins/workspace/shared/Artifactory/OSX/rundev-2020/202004291615/runtime/8fd8f21

================================================================================
                             build (RelWithDebInfo)
================================================================================
running build stage....................
Maya Python RelWithDebInfo Info:
  mayapy executable   = /local/S/jenkins/workspace/shared/Artifactory/OSX/rundev-2020/202004291615/runtime/8fd8f21/runTime/Maya.app/Contents/bin/mayapy
  Include Folder      = /local/S/jenkins/workspace/shared/Artifactory/OSX/rundev-2020/202004291615/runtime/8fd8f21/runTime/Maya.app/Contents/Frameworks/Python.framework/Versions/Current/include/python2.7
  Library             = /local/S/jenkins/workspace/shared/Artifactory/OSX/rundev-2020/202004291615/runtime/8fd8f21/runTime/Maya.app/Contents/Frameworks/Python.framework/Versions/Current/lib/libpython2.7.dylib
  site-package Folder = /local/S/jenkins/workspace/shared/Artifactory/OSX/rundev-2020/202004291615/runtime/8fd8f21/runTime/Maya.app/Contents/Frameworks/Python.framework/Versions/Current/lib/python2.7/site-packages
In workdir: /local/S/jenkins/workspace/ecg-mayausd-branch-preflight-2020-osx/ecg-maya-usd/maya-usd
Executing: /local/S/jenkins/workspace/shared/Artifactory/OSX/rundev-2020/202004291615/runtime/8fd8f21/runTime/Maya.app/Contents/bin/mayapy /local/S/jenkins/workspace/ecg-mayausd-branch-preflight-2020-osx/ecg-maya-usd/maya-usd/build.py --generator Ninja --build-relwithdebug --maya-location /local/S/jenkins/workspace/shared/Artifactory/OSX/rundev-2020/202004291615/runtime/8fd8f21/runTime --devkit-location /local/S/jenkins/workspace/shared/Artifactory/OSX/rundev-2020/202004291615/runtime/8fd8f21/devkitBase --pxrusd-location /local/S/jenkins/workspace/shared/Artifactory/OSX/USD/98ad8fb --qt-location /local/S/jenkins/workspace/shared/Artifactory/OSX/qt/5.12.5/3ca78fe --build-args=-DCMAKE_MAKE_PROGRAM=/local/S/jenkins/workspace/shared/Artifactory/OSX/ninja/1.9.0/41005eb/ninja,-DPYTHON_INCLUDE_DIR=/local/S/jenkins/workspace/shared/Artifactory/OSX/rundev-2020/202004291615/runtime/8fd8f21/runTime/Maya.app/Contents/Frameworks/Python.framework/Versions/Current/include/python2.7,-DPython_EXECUTABLE=/local/S/jenkins/workspace/shared/Artifactory/OSX/rundev-2020/202004291615/runtime/8fd8f21/runTime/Maya.app/Contents/bin/mayapy,-DPYTHON_LIBRARIES=/local/S/jenkins/workspace/shared/Artifactory/OSX/rundev-2020/202004291615/runtime/8fd8f21/runTime/Maya.app/Contents/Frameworks/Python.framework/Versions/Current/lib/libpython2.7.dylib,-DMAYAUSD_TO_USD_RELATIVE_PATH=../USD '--ctest-args=-E testUsdReferenceAssemblySelection|testUsdMayaAppDir|testUsdExportAsClip,-LE interactive,--parallel 12' --stages=build --redirect-outstream-file=False --install-location /local/S/jenkins/workspace/ecg-mayausd-branch-preflight-2020-osx/install/RelWithDebInfo/MayaUSD /local/S/jenkins/workspace/ecg-mayausd-branch-preflight-2020-osx
Modified environment variables:
    PATH=/local/S/jenkins/workspace/shared/Artifactory/OSX/cmake/3.14.4/e159059/bin:/usr/local/bin:/bin:/usr/sbin:/sbin:/usr/bin
    [1/528] Running utility command for MAYAUSD_SCHEMA_TEST
    [2/528] Running utility command for MAYAUSD_NODES_TEST
    [3/528] Running utility command for MAYAUSD_TEST
    [4/528] Running utility command for PYTHON_TEST_UTILS
    [5/528] Running utility command for MAYAUSD_PXR_USD_PREVIEW_SURFACE_TEST
    [6/528] Running utility command for UFE_TEST
    [7/528] Running utility command for PYTHON_TEST_SAMPLES
    [8/528] Building CXX object lib/mayaUsd/CMakeFiles/mayaUsd.dir/base/debugCodes.cpp.o
    [9/528] Building CXX object test/lib/usd/plugin/CMakeFiles/usdTestPlugin.dir/plugin.cpp.o
    [10/528] Building CXX object test/lib/usd/utils/CMakeFiles/DiffCore.dir/main.cpp.o
    [11/528] Running utility command for MAYAUSD_RENDER_PXRUSDMAYAGL_TEST
    [12/528] Running utility command for IMPORT_EXPORT_TEST
    [13/528] Building CXX object test/lib/usd/utils/CMakeFiles/DiffCore.dir/test_DiffCore.cpp.o
    [14/528] Building CXX object lib/mayaUsd/CMakeFiles/mayaUsd.dir/commands/editTargetCommand.cpp.o
    [15/528] Building CXX object lib/mayaUsd/CMakeFiles/mayaUsd.dir/commands/baseImportCommand.cpp.o
    [16/528] Building CXX object lib/mayaUsd/CMakeFiles/mayaUsd.dir/fileio/fallbackPrimReader.cpp.o
    [17/528] Building CXX object lib/mayaUsd/CMakeFiles/mayaUsd.dir/fileio/functorPrimReader.cpp.o
    [18/528] Building CXX object test/lib/usd/plugin/CMakeFiles/usdTestPlugin.dir/mayaShaderTranslation.cpp.o
    [19/528] Building CXX object lib/mayaUsd/CMakeFiles/mayaUsd.dir/commands/baseExportCommand.cpp.o
    [20/528] Building CXX object lib/mayaUsd/CMakeFiles/mayaUsd.dir/commands/layerEditorCommand.cpp.o
    [21/528] Building CXX object lib/mayaUsd/CMakeFiles/mayaUsd.dir/commands/baseListShadingModesCommand.cpp.o
    [22/528] Building CXX object lib/mayaUsd/CMakeFiles/mayaUsd.dir/fileio/functorPrimWriter.cpp.o
    [23/528] Building CXX object lib/mayaUsd/CMakeFiles/mayaUsd.dir/fileio/importData.cpp.o
    [24/528] Building CXX object lib/mayaUsd/CMakeFiles/mayaUsd.dir/fileio/primReader.cpp.o
    [25/528] Building CXX object lib/mayaUsd/CMakeFiles/mayaUsd.dir/fileio/instancedNodeWriter.cpp.o
    [26/528] Building CXX object lib/mayaUsd/CMakeFiles/mayaUsd.dir/fileio/primUpdaterContext.cpp.o
    [27/528] Building CXX object lib/mayaUsd/CMakeFiles/mayaUsd.dir/fileio/primReaderArgs.cpp.o
    [28/528] Building CXX object lib/mayaUsd/CMakeFiles/mayaUsd.dir/fileio/primReaderContext.cpp.o
    [29/528] Building CXX object lib/mayaUsd/CMakeFiles/mayaUsd.dir/fileio/primUpdater.cpp.o
    [30/528] Building CXX object lib/mayaUsd/CMakeFiles/mayaUsd.dir/fileio/primWriterContext.cpp.o
    [31/528] Building CXX object lib/mayaUsd/CMakeFiles/mayaUsd.dir/fileio/primWriterArgs.cpp.o
    [32/528] Building CXX object lib/mayaUsd/CMakeFiles/mayaUsd.dir/fileio/primReaderRegistry.cpp.o
    [33/528] Building CXX object lib/mayaUsd/CMakeFiles/mayaUsd.dir/fileio/primUpdaterRegistry.cpp.o
    [34/528] Building CXX object lib/mayaUsd/CMakeFiles/mayaUsd.dir/fileio/registryHelper.cpp.o
    [35/528] Building CXX object lib/mayaUsd/CMakeFiles/mayaUsd.dir/fileio/chaser/chaser.cpp.o
    [36/528] Building CXX object lib/mayaUsd/CMakeFiles/mayaUsd.dir/fileio/primWriter.cpp.o
    [37/528] Building CXX object lib/mayaUsd/CMakeFiles/mayaUsd.dir/fileio/shaderReader.cpp.o
    [38/528] Building CXX object lib/mayaUsd/CMakeFiles/mayaUsd.dir/fileio/primWriterRegistry.cpp.o
    [39/528] Building CXX object lib/mayaUsd/CMakeFiles/mayaUsd.dir/fileio/shaderWriter.cpp.o
    [40/528] Building CXX object lib/mayaUsd/CMakeFiles/mayaUsd.dir/fileio/shaderReaderRegistry.cpp.o
    [41/528] Building CXX object lib/mayaUsd/CMakeFiles/mayaUsd.dir/fileio/shaderWriterRegistry.cpp.o
    [42/528] Building CXX object lib/mayaUsd/CMakeFiles/mayaUsd.dir/fileio/chaser/chaserRegistry.cpp.o
    [43/528] Building CXX object lib/mayaUsd/CMakeFiles/mayaUsd.dir/fileio/transformWriter.cpp.o
    [44/528] Building CXX object lib/mayaUsd/CMakeFiles/mayaUsd.dir/fileio/writeJobContext.cpp.o
    [45/528] Building CXX object lib/mayaUsd/CMakeFiles/mayaUsd.dir/fileio/jobs/modelKindProcessor.cpp.o
    [46/528] Building CXX object lib/mayaUsd/CMakeFiles/mayaUsd.dir/fileio/shading/shadingModeExporter.cpp.o
    [47/528] Building CXX object lib/mayaUsd/CMakeFiles/mayaUsd.dir/fileio/shading/shadingModeDisplayColor.cpp.o
    [48/528] Building CXX object lib/mayaUsd/CMakeFiles/mayaUsd.dir/fileio/jobs/readJob.cpp.o
    [49/528] Building CXX object lib/mayaUsd/CMakeFiles/mayaUsd.dir/fileio/jobs/writeJob.cpp.o
    [50/528] Building CXX object lib/mayaUsd/CMakeFiles/mayaUsd.dir/fileio/shading/shadingModeImporter.cpp.o
    [51/528] Building CXX object lib/mayaUsd/CMakeFiles/mayaUsd.dir/fileio/jobs/jobArgs.cpp.o
    [52/528] Building CXX object lib/mayaUsd/CMakeFiles/mayaUsd.dir/fileio/shading/shadingModeExporterContext.cpp.o
    [53/528] Building CXX object lib/mayaUsd/CMakeFiles/mayaUsd.dir/fileio/shading/shadingModeRegistry.cpp.o
    [54/528] Building CXX object lib/mayaUsd/CMakeFiles/mayaUsd.dir/fileio/translators/skelBindingsProcessor.cpp.o
    [55/528] Building CXX object lib/mayaUsd/CMakeFiles/mayaUsd.dir/fileio/shading/shadingModeUseRegistry.cpp.o
    [56/528] Building CXX object lib/mayaUsd/CMakeFiles/mayaUsd.dir/fileio/shading/symmetricShaderReader.cpp.o
    [57/528] Building CXX object lib/mayaUsd/CMakeFiles/mayaUsd.dir/fileio/shading/symmetricShaderWriter.cpp.o
    [58/528] Building CXX object lib/mayaUsd/CMakeFiles/mayaUsd.dir/fileio/translators/translatorCurves.cpp.o
    [59/528] Building CXX object lib/mayaUsd/CMakeFiles/mayaUsd.dir/fileio/translators/translatorCamera.cpp.o
    [60/528] Building CXX object lib/mayaUsd/CMakeFiles/mayaUsd.dir/fileio/translators/translatorGprim.cpp.o
    [61/528] Building CXX object lib/mayaUsd/CMakeFiles/mayaUsd.dir/fileio/translators/translatorMayaReference.cpp.o
    [62/528] Building CXX object lib/mayaUsd/CMakeFiles/mayaUsd.dir/fileio/shading/shadingModePxrRis.cpp.o
    [63/528] Building CXX object lib/mayaUsd/CMakeFiles/mayaUsd.dir/fileio/translators/translatorMaterial.cpp.o
    [64/528] Building CXX object lib/mayaUsd/CMakeFiles/mayaUsd.dir/fileio/translators/translatorMesh.cpp.o
    [65/528] Building CXX object lib/mayaUsd/CMakeFiles/mayaUsd.dir/fileio/translators/translatorPrim.cpp.o
    [66/528] Building CXX object lib/mayaUsd/CMakeFiles/mayaUsd.dir/fileio/translators/translatorNurbsPatch.cpp.o
    [67/528] Building CXX object lib/mayaUsd/CMakeFiles/mayaUsd.dir/fileio/translators/translatorUtil.cpp.o
    [68/528] Building CXX object lib/mayaUsd/CMakeFiles/mayaUsd.dir/fileio/translators/translatorXformable_decompose.cpp.o
    [69/528] Building CXX object lib/mayaUsd/CMakeFiles/mayaUsd.dir/fileio/translators/translatorSkel.cpp.o
    [70/528] Building CXX object lib/mayaUsd/CMakeFiles/mayaUsd.dir/fileio/translators/translatorXformable.cpp.o
    [71/528] Building CXX object lib/mayaUsd/CMakeFiles/mayaUsd.dir/fileio/utils/jointWriteUtils.cpp.o
    [72/528] Building CXX object lib/mayaUsd/CMakeFiles/mayaUsd.dir/fileio/translators/translatorRfMLight.cpp.o
    [73/528] Building CXX object lib/mayaUsd/CMakeFiles/mayaUsd.dir/fileio/utils/adaptor.cpp.o
    [74/528] Building CXX object lib/mayaUsd/CMakeFiles/mayaUsd.dir/fileio/utils/meshReadUtils.cpp.o
    [75/528] Building CXX object lib/mayaUsd/CMakeFiles/mayaUsd.dir/listeners/notice.cpp.o
    [76/528] Building CXX object lib/mayaUsd/CMakeFiles/mayaUsd.dir/fileio/utils/shadingUtil.cpp.o
    [77/528] Building CXX object lib/mayaUsd/CMakeFiles/mayaUsd.dir/fileio/utils/roundTripUtil.cpp.o
    [78/528] Building CXX object lib/mayaUsd/CMakeFiles/mayaUsd.dir/fileio/utils/userTaggedAttribute.cpp.o
    [79/528] Building CXX object lib/mayaUsd/CMakeFiles/mayaUsd.dir/fileio/utils/readUtil.cpp.o
    [80/528] Building CXX object lib/mayaUsd/CMakeFiles/mayaUsd.dir/fileio/utils/meshWriteUtils.cpp.o
    [81/528] Building CXX object lib/mayaUsd/CMakeFiles/mayaUsd.dir/listeners/stageNoticeListener.cpp.o
    [82/528] Building CXX object lib/mayaUsd/CMakeFiles/mayaUsd.dir/listeners/proxyShapeNotice.cpp.o
    [83/528] Building CXX object lib/mayaUsd/CMakeFiles/mayaUsd.dir/fileio/utils/xformStack.cpp.o
    [84/528] Building CXX object lib/mayaUsd/CMakeFiles/mayaUsd.dir/render/px_vp20/glslProgram.cpp.o
    [85/528] Building CXX object lib/mayaUsd/CMakeFiles/mayaUsd.dir/nodes/hdImagingShape.cpp.o
    [86/528] Building CXX object lib/mayaUsd/CMakeFiles/mayaUsd.dir/nodes/pointBasedDeformerNode.cpp.o
    [87/528] Building CXX object lib/mayaUsd/CMakeFiles/mayaUsd.dir/python/moduleDeps.cpp.o
    [88/528] Building CXX object lib/mayaUsd/CMakeFiles/mayaUsd.dir/render/pxrUsdMayaGL/debugCodes.cpp.o
    [89/528] Building CXX object lib/mayaUsd/CMakeFiles/mayaUsd.dir/nodes/proxyAccessor.cpp.o
    [90/528] Building CXX object lib/mayaUsd/CMakeFiles/mayaUsd.dir/nodes/stageData.cpp.o
    [91/528] Building CXX object lib/mayaUsd/CMakeFiles/mayaUsd.dir/nodes/usdPrimProvider.cpp.o
    [92/528] Building CXX object lib/mayaUsd/CMakeFiles/mayaUsd.dir/render/px_vp20/utils.cpp.o
    [93/528] Building CXX object lib/mayaUsd/CMakeFiles/mayaUsd.dir/render/px_vp20/utils_legacy.cpp.o
    [94/528] Building CXX object lib/mayaUsd/CMakeFiles/mayaUsd.dir/nodes/stageNode.cpp.o
    [95/528] Building CXX object lib/mayaUsd/CMakeFiles/mayaUsd.dir/fileio/utils/writeUtil.cpp.o
    [96/528] Building CXX object lib/mayaUsd/CMakeFiles/mayaUsd.dir/nodes/proxyShapeBase.cpp.o
    [97/528] Building CXX object lib/mayaUsd/CMakeFiles/mayaUsd.dir/nodes/proxyShapePlugin.cpp.o
    [98/528] Building CXX object lib/mayaUsd/CMakeFiles/mayaUsd.dir/render/pxrUsdMayaGL/softSelectHelper.cpp.o
    [99/528] Building CXX object lib/mayaUsd/CMakeFiles/mayaUsd.dir/render/pxrUsdMayaGL/userData.cpp.o
    [100/528] Building CXX object lib/mayaUsd/CMakeFiles/mayaUsd.dir/render/pxrUsdMayaGL/proxyShapeDelegate.cpp.o
    [101/528] Building CXX object lib/mayaUsd/CMakeFiles/mayaUsd.dir/render/pxrUsdMayaGL/hdImagingShapeDrawOverride.cpp.o
    [102/528] Building CXX object lib/mayaUsd/CMakeFiles/mayaUsd.dir/render/pxrUsdMayaGL/hdImagingShapeUI.cpp.o
    [103/528] Building CXX object lib/mayaUsd/CMakeFiles/mayaUsd.dir/render/vp2RenderDelegate/bboxGeom.cpp.o
    [104/528] Building CXX object lib/mayaUsd/CMakeFiles/mayaUsd.dir/render/vp2RenderDelegate/debugCodes.cpp.o
    [105/528] Building CXX object lib/mayaUsd/CMakeFiles/mayaUsd.dir/render/pxrUsdMayaGL/batchRenderer.cpp.o
    [106/528] Building CXX object lib/mayaUsd/CMakeFiles/mayaUsd.dir/render/pxrUsdMayaGL/instancerShapeAdapter.cpp.o
    [107/528] Building CXX object lib/mayaUsd/CMakeFiles/mayaUsd.dir/render/pxrUsdMayaGL/proxyDrawOverride.cpp.o
    [108/528] Building CXX object lib/mayaUsd/CMakeFiles/mayaUsd.dir/render/pxrUsdMayaGL/proxyShapeUI.cpp.o
    [109/528] Building CXX object lib/mayaUsd/CMakeFiles/mayaUsd.dir/render/pxrUsdMayaGL/shapeAdapter.cpp.o
    [110/528] Building CXX object lib/mayaUsd/CMakeFiles/mayaUsd.dir/render/pxrUsdMayaGL/instancerImager.cpp.o
    [111/528] Building CXX object lib/mayaUsd/CMakeFiles/mayaUsd.dir/render/pxrUsdMayaGL/sceneDelegate.cpp.o
    [112/528] Building CXX object lib/mayaUsd/CMakeFiles/mayaUsd.dir/render/vp2RenderDelegate/tokens.cpp.o
    [113/528] Building CXX object lib/mayaUsd/CMakeFiles/mayaUsd.dir/render/vp2RenderDelegate/draw_item.cpp.o
    [114/528] Building CXX object lib/mayaUsd/CMakeFiles/mayaUsd.dir/render/vp2ShaderFragments/shaderFragments.cpp.o
    [115/528] Building CXX object lib/mayaUsd/CMakeFiles/mayaUsd.dir/render/vp2RenderDelegate/sampler.cpp.o
    [116/528] Building CXX object lib/mayaUsd/CMakeFiles/mayaUsd.dir/render/vp2RenderDelegate/instancer.cpp.o
    [117/528] Building CXX object lib/mayaUsd/CMakeFiles/mayaUsd.dir/render/pxrUsdMayaGL/usdProxyShapeAdapter.cpp.o
    [118/528] Building CXX object lib/mayaUsd/CMakeFiles/mayaUsd.dir/render/vp2RenderDelegate/render_param.cpp.o
    [119/528] Building CXX object lib/mayaUsd/CMakeFiles/mayaUsd.dir/render/vp2RenderDelegate/basisCurves.cpp.o
    [120/528] Building CXX object lib/mayaUsd/CMakeFiles/mayaUsd.dir/ufe/Global.cpp.o
    [121/528] Building CXX object lib/mayaUsd/CMakeFiles/mayaUsd.dir/render/vp2RenderDelegate/material.cpp.o
    [122/528] Building CXX object lib/mayaUsd/CMakeFiles/mayaUsd.dir/ufe/ProxyShapeHandler.cpp.o
    [123/528] Building CXX object lib/mayaUsd/CMakeFiles/mayaUsd.dir/render/vp2RenderDelegate/render_delegate.cpp.o
    [124/528] Building CXX object lib/mayaUsd/CMakeFiles/mayaUsd.dir/ufe/ProxyShapeHierarchyHandler.cpp.o
    [125/528] Building CXX object lib/mayaUsd/CMakeFiles/mayaUsd.dir/ufe/ProxyShapeHierarchy.cpp.o
    [126/528] Building CXX object lib/mayaUsd/CMakeFiles/mayaUsd.dir/ufe/UsdHierarchyHandler.cpp.o
    [127/528] Building CXX object lib/mayaUsd/CMakeFiles/mayaUsd.dir/render/vp2RenderDelegate/mesh.cpp.o
    [128/528] Building CXX object lib/mayaUsd/CMakeFiles/mayaUsd.dir/ufe/UsdHierarchy.cpp.o
    [129/528] Building CXX object lib/mayaUsd/CMakeFiles/mayaUsd.dir/ufe/UsdRootChildHierarchy.cpp.o
    [130/528] Building CXX object lib/mayaUsd/CMakeFiles/mayaUsd.dir/ufe/StagesSubject.cpp.o
    [131/528] Building CXX object lib/mayaUsd/CMakeFiles/mayaUsd.dir/ufe/UsdRotatePivotTranslateUndoableCommand.cpp.o
    [132/528] Building CXX object lib/mayaUsd/CMakeFiles/mayaUsd.dir/render/vp2RenderDelegate/proxyRenderDelegate.cpp.o
    [133/528] Building CXX object lib/mayaUsd/CMakeFiles/mayaUsd.dir/ufe/UsdRotateUndoableCommand.cpp.o
    [134/528] Building CXX object lib/mayaUsd/CMakeFiles/mayaUsd.dir/ufe/UsdScaleUndoableCommand.cpp.o
    [135/528] Building CXX object lib/mayaUsd/CMakeFiles/mayaUsd.dir/ufe/UsdSceneItem.cpp.o
    [136/528] Building CXX object lib/mayaUsd/CMakeFiles/mayaUsd.dir/ufe/UsdSceneItemOpsHandler.cpp.o
    [137/528] Building CXX object lib/mayaUsd/CMakeFiles/mayaUsd.dir/ufe/UsdSceneItemOps.cpp.o
    [138/528] Building CXX object lib/mayaUsd/CMakeFiles/mayaUsd.dir/ufe/UsdTransform3dHandler.cpp.o
    [139/528] Building CXX object lib/mayaUsd/CMakeFiles/mayaUsd.dir/utils/blockSceneModificationContext.cpp.o
    [140/528] Building CXX object lib/mayaUsd/CMakeFiles/mayaUsd.dir/ufe/UsdStageMap.cpp.o
    [141/528] Building CXX object lib/mayaUsd/CMakeFiles/mayaUsd.dir/ufe/UsdTRSUndoableCommandBase.cpp.o
    [142/528] Building CXX object lib/mayaUsd/CMakeFiles/mayaUsd.dir/utils/colorSpace.cpp.o
    [143/528] Building CXX object lib/mayaUsd/CMakeFiles/mayaUsd.dir/ufe/UsdTransform3d.cpp.o
    [144/528] Building CXX object lib/mayaUsd/CMakeFiles/mayaUsd.dir/ufe/moduleDeps.cpp.o
    [145/528] Building CXX object lib/mayaUsd/CMakeFiles/mayaUsd.dir/ufe/UsdTranslateUndoableCommand.cpp.o
    [146/528] Building CXX object lib/mayaUsd/CMakeFiles/mayaUsd.dir/utils/diagnosticDelegate.cpp.o
    [147/528] Building CXX object lib/mayaUsd/python/CMakeFiles/_mayaUsd.dir/module.cpp.o
    [148/528] Building CXX object lib/mayaUsd/CMakeFiles/mayaUsd.dir/ufe/UsdUndoDeleteCommand.cpp.o
    [149/528] Building CXX object lib/mayaUsd/CMakeFiles/mayaUsd.dir/utils/utilFileSystem.cpp.o
    [150/528] Building CXX object lib/mayaUsd/CMakeFiles/mayaUsd.dir/ufe/UsdUndoDuplicateCommand.cpp.o
    [151/528] Building CXX object lib/mayaUsd/CMakeFiles/mayaUsd.dir/ufe/UsdUndoRenameCommand.cpp.o
    [152/528] Building CXX object lib/mayaUsd/CMakeFiles/mayaUsd.dir/ufe/private/Utils.cpp.o
    [153/528] Building CXX object lib/mayaUsd/CMakeFiles/mayaUsd.dir/utils/undoHelperCommand.cpp.o
    [154/528] Building CXX object lib/mayaUsd/CMakeFiles/mayaUsd.dir/utils/query.cpp.o
    [155/528] Building CXX object lib/mayaUsd/CMakeFiles/mayaUsd.dir/utils/stageCache.cpp.o
    [156/528] Building CXX object lib/mayaUsd/python/CMakeFiles/_mayaUsd.dir/wrapBlockSceneModificationContext.cpp.o
    [157/528] Building CXX object lib/mayaUsd/python/CMakeFiles/_mayaUsd.dir/wrapColorSpace.cpp.o
    [158/528] Building CXX object lib/mayaUsd/CMakeFiles/mayaUsd.dir/utils/converter.cpp.o
    [159/528] Building CXX object lib/mayaUsd/python/CMakeFiles/_mayaUsd.dir/wrapDiagnosticDelegate.cpp.o
    [160/528] Building CXX object lib/mayaUsd/CMakeFiles/mayaUsd.dir/ufe/Utils.cpp.o
    [161/528] Building CXX object lib/mayaUsd/ufe/CMakeFiles/_ufe.dir/module.cpp.o
    [162/528] Building CXX object lib/mayaUsd/python/CMakeFiles/_mayaUsd.dir/wrapStageCache.cpp.o
    [163/528] Building CXX object lib/mayaUsd/python/CMakeFiles/_mayaUsd.dir/wrapQuery.cpp.o
    [164/528] Building CXX object lib/mayaUsd/python/CMakeFiles/_mayaUsd.dir/wrapConverter.cpp.o
    [165/528] Building CXX object lib/mayaUsd/python/CMakeFiles/_mayaUsd.dir/wrapMeshWriteUtils.cpp.o
    [166/528] Building CXX object lib/mayaUsd/ufe/CMakeFiles/_ufe.dir/wrapGlobal.cpp.o
    [167/528] Building CXX object lib/mayaUsd/python/CMakeFiles/_mayaUsd.dir/wrapReadUtil.cpp.o
    [168/528] Building CXX object lib/mayaUsd/render/mayaToHydra/CMakeFiles/mtoh.dir/pluginDebugCodes.cpp.o
    [169/528] Building CXX object lib/mayaUsd/python/CMakeFiles/_mayaUsd.dir/wrapRoundTripUtil.cpp.o
    [170/528] Building CXX object lib/mayaUsd/python/CMakeFiles/_mayaUsd.dir/wrapAdaptor.cpp.o
    [171/528] Building CXX object lib/mayaUsd/CMakeFiles/mayaUsd.dir/utils/util.cpp.o
    [172/528] Building CXX object lib/mayaUsd/python/CMakeFiles/_mayaUsd.dir/wrapUserTaggedAttribute.cpp.o
    [173/528] Building CXX object lib/mayaUsd/render/mayaToHydra/CMakeFiles/mtoh.dir/tokens.cpp.o
    [174/528] Building CXX object lib/usd/hdMaya/CMakeFiles/hdMaya.dir/debugCodes.cpp.o
    [175/528] Building CXX object lib/mayaUsd/python/CMakeFiles/_mayaUsd.dir/wrapWriteUtil.cpp.o
    [176/528] Building CXX object lib/mayaUsd/python/CMakeFiles/_mayaUsd.dir/wrapXformStack.cpp.o
    [177/528] Building CXX object lib/usd/hdMaya/CMakeFiles/hdMaya.dir/adapters/adapterDebugCodes.cpp.o
    [178/528] Building CXX object lib/mayaUsd/ufe/CMakeFiles/_ufe.dir/wrapUtils.cpp.o
    [179/528] Building CXX object lib/mayaUsd/render/mayaToHydra/CMakeFiles/mtoh.dir/utils.cpp.o
    [180/528] Building CXX object lib/usd/hdMaya/CMakeFiles/hdMaya.dir/utils.cpp.o
    [181/528] Building CXX object lib/mayaUsd/ufe/CMakeFiles/_ufe.dir/wrapNotice.cpp.o
    [182/528] Building CXX object lib/usd/hdMaya/CMakeFiles/hdMaya.dir/adapters/adapter.cpp.o
    [183/528] Building CXX object lib/mayaUsd/render/mayaToHydra/CMakeFiles/mtoh.dir/shadingModeExporter.cpp.o
    [184/528] Building CXX object lib/mayaUsd/render/mayaToHydra/CMakeFiles/mtoh.dir/plugin.cpp.o
    [185/528] Building CXX object lib/mayaUsd/render/mayaToHydra/CMakeFiles/mtoh.dir/defaultLightDelegate.cpp.o
    [186/528] Building CXX object lib/mayaUsd/render/mayaToHydra/CMakeFiles/mtoh.dir/viewCommand.cpp.o
    [187/528] Building CXX object lib/usd/hdMaya/CMakeFiles/hdMaya.dir/adapters/areaLightAdapter.cpp.o
    [188/528] Building CXX object lib/usd/hdMaya/CMakeFiles/hdMaya.dir/adapters/mayaAttrs.cpp.o
    [189/528] Building CXX object lib/usd/hdMaya/CMakeFiles/hdMaya.dir/adapters/aiSkydomeLightAdapter.cpp.o
    [190/528] Building CXX object lib/mayaUsd/render/mayaToHydra/CMakeFiles/mtoh.dir/renderOverride.cpp.o
    [191/528] Building CXX object lib/usd/hdMaya/CMakeFiles/hdMaya.dir/adapters/dagAdapter.cpp.o
    [192/528] Building CXX object lib/usd/hdMaya/CMakeFiles/hdMaya.dir/adapters/directionalLightAdapter.cpp.o
    [193/528] Building CXX object lib/mayaUsd/render/mayaToHydra/CMakeFiles/mtoh.dir/renderGlobals.cpp.o
    [194/528] Building CXX object lib/usd/hdMaya/CMakeFiles/hdMaya.dir/adapters/adapterRegistry.cpp.o
    [195/528] Building CXX object lib/usd/hdMaya/CMakeFiles/hdMaya.dir/adapters/tokens.cpp.o
    [196/528] Building CXX object lib/usd/hdMaya/CMakeFiles/hdMaya.dir/adapters/lightAdapter.cpp.o
    [197/528] Building CXX object lib/usd/hdMaya/CMakeFiles/hdMaya.dir/delegates/delegateDebugCodes.cpp.o
    [198/528] Building CXX object lib/usd/hdMaya/CMakeFiles/hdMaya.dir/adapters/materialAdapter.cpp.o
    [199/528] Building CXX object lib/usd/hdMaya/CMakeFiles/hdMaya.dir/adapters/pointLightAdapter.cpp.o
    [200/528] Building CXX object lib/usd/hdMaya/CMakeFiles/hdMaya.dir/delegates/delegate.cpp.o
    [201/528] Building CXX object lib/usd/hdMaya/CMakeFiles/hdMaya.dir/adapters/shapeAdapter.cpp.o
    [202/528] Building CXX object lib/usd/hdMaya/CMakeFiles/hdMaya.dir/adapters/nurbsCurveAdapter.cpp.o
    [203/528] Building CXX object lib/usd/hdMaya/CMakeFiles/hdMaya.dir/adapters/spotLightAdapter.cpp.o
    [204/528] Building CXX object lib/usd/hdMaya/CMakeFiles/hdMaya.dir/adapters/meshAdapter.cpp.o
    [205/528] Building CXX object lib/usd/hdMaya/CMakeFiles/hdMaya.dir/adapters/proxyAdapter.cpp.o
    [206/528] Building CXX object lib/usd/pxrUsdPreviewSurface/CMakeFiles/basePxrUsdPreviewSurface.dir/usdPreviewSurfaceShadingNodeOverride.cpp.o
    [207/528] Building CXX object lib/usd/pxrUsdPreviewSurface/CMakeFiles/basePxrUsdPreviewSurface.dir/usdPreviewSurface.cpp.o
    [208/528] Building CXX object lib/usd/hdMaya/CMakeFiles/hdMaya.dir/delegates/delegateRegistry.cpp.o
    [209/528] Building CXX object lib/usd/hdMaya/CMakeFiles/hdMaya.dir/delegates/delegateCtx.cpp.o
    [210/528] Building CXX object lib/usd/hdMaya/CMakeFiles/hdMaya.dir/adapters/materialNetworkConverter.cpp.o
    [211/528] Building CXX object lib/usd/pxrUsdPreviewSurface/CMakeFiles/basePxrUsdPreviewSurface.dir/usdPreviewSurfaceReader.cpp.o
    [212/528] Building CXX object lib/usd/pxrUsdPreviewSurface/CMakeFiles/basePxrUsdPreviewSurface.dir/usdPreviewSurfacePlugin.cpp.o
    [213/528] Building CXX object lib/usd/translators/CMakeFiles/mayaUsd_Translators.dir/cameraReader.cpp.o
    [214/528] Building CXX object lib/usd/hdMaya/CMakeFiles/hdMaya.dir/delegates/proxyDelegate.cpp.o
    [215/528] Building CXX object lib/usd/pxrUsdPreviewSurface/CMakeFiles/basePxrUsdPreviewSurface.dir/usdPreviewSurfaceWriter.cpp.o
    [216/528] Building CXX object lib/usd/hdMaya/CMakeFiles/hdMaya.dir/delegates/sceneDelegate.cpp.o
    [217/528] Building CXX object lib/usd/translators/CMakeFiles/mayaUsd_Translators.dir/cameraWriter.cpp.o
    [218/528] Building CXX object lib/usd/hdMaya/CMakeFiles/hdMaya.dir/delegates/proxyUsdImagingDelegate.cpp.o
    [219/528] Building CXX object lib/usd/translators/CMakeFiles/mayaUsd_Translators.dir/lightReader.cpp.o
    [220/528] Building CXX object lib/usd/hdMaya/CMakeFiles/hdMaya.dir/delegates/testDelegate.cpp.o
    [221/528] Building CXX object lib/usd/translators/CMakeFiles/mayaUsd_Translators.dir/jointWriter.cpp.o
    [222/528] Building CXX object lib/usd/translators/CMakeFiles/mayaUsd_Translators.dir/instancerWriter.cpp.o
    [223/528] Building CXX object lib/usd/translators/CMakeFiles/mayaUsd_Translators.dir/lightWriter.cpp.o
    [224/528] Building CXX object lib/usd/translators/CMakeFiles/mayaUsd_Translators.dir/locatorWriter.cpp.o
    [225/528] Building CXX object lib/usd/translators/CMakeFiles/mayaUsd_Translators.dir/materialReader.cpp.o
    [226/528] Building CXX object lib/usd/translators/CMakeFiles/mayaUsd_Translators.dir/mayaReferenceReader.cpp.o
    [227/528] Building CXX object lib/usd/translators/CMakeFiles/mayaUsd_Translators.dir/mayaReferenceUpdater.cpp.o
    [228/528] Building CXX object lib/usd/translators/CMakeFiles/mayaUsd_Translators.dir/meshReader.cpp.o
    [229/528] Building CXX object lib/usd/translators/CMakeFiles/mayaUsd_Translators.dir/nurbsCurvesReader.cpp.o
    [230/528] Building CXX object lib/usd/translators/CMakeFiles/mayaUsd_Translators.dir/meshWriter.cpp.o
    [231/528] Building CXX object lib/usd/translators/CMakeFiles/mayaUsd_Translators.dir/nurbsPatchReader.cpp.o
    [232/528] Building CXX object lib/usd/translators/CMakeFiles/mayaUsd_Translators.dir/nurbsCurveWriter.cpp.o
    [233/528] Building CXX object lib/usd/translators/CMakeFiles/mayaUsd_Translators.dir/scopeReader.cpp.o
    [234/528] Building CXX object lib/usd/translators/CMakeFiles/mayaUsd_Translators.dir/nurbsSurfaceWriter.cpp.o
    [235/528] Building CXX object lib/usd/translators/CMakeFiles/mayaUsd_Translators.dir/xformReader.cpp.o
    [236/528] Building CXX object lib/usd/translators/CMakeFiles/mayaUsd_Translators.dir/particleWriter.cpp.o
    [237/528] Building CXX object lib/usd/translators/CMakeFiles/mayaUsd_Translators.dir/skelReader.cpp.o
    [238/528] Building CXX object lib/usd/translators/CMakeFiles/mayaUsd_Translators.dir/strokeWriter.cpp.o
    [239/528] Building CXX object lib/usd/translators/CMakeFiles/mayaUsd_Translators.dir/shading/usdBlinnReader.cpp.o
    [240/528] Building CXX object lib/usd/translators/CMakeFiles/mayaUsd_Translators.dir/shading/usdBlinnWriter.cpp.o
    [241/528] Building CXX object lib/usd/translators/CMakeFiles/mayaUsd_Translators.dir/shading/usdDisplacementShaderWriter.cpp.o
    [242/528] Building CXX object lib/usd/translators/CMakeFiles/mayaUsd_Translators.dir/shading/usdLambertReader.cpp.o
    [243/528] Building CXX object lib/usd/translators/CMakeFiles/mayaUsd_Translators.dir/shading/usdLambertWriter.cpp.o
    [244/528] Copying api.h ...
    [245/528] Building CXX object lib/usd/schemas/CMakeFiles/_schemas.dir/module.cpp.o
    [246/528] Building CXX object lib/usd/translators/CMakeFiles/mayaUsd_Translators.dir/shading/usdFileTextureWriter.cpp.o
    [247/528] Building CXX object lib/usd/translators/CMakeFiles/mayaUsd_Translators.dir/shading/usdMaterialReader.cpp.o
    [248/528] Building CXX object lib/usd/translators/CMakeFiles/mayaUsd_Translators.dir/shading/usdPhongEWriter.cpp.o
    [249/528] Building CXX object lib/usd/translators/CMakeFiles/mayaUsd_Translators.dir/shading/usdMaterialWriter.cpp.o
    [250/528] Building CXX object lib/usd/translators/CMakeFiles/mayaUsd_Translators.dir/shading/usdPhongWriter.cpp.o
    [251/528] Building CXX object lib/usd/translators/CMakeFiles/mayaUsd_Translators.dir/shading/usdReflectWriter.cpp.o
    [252/528] Building CXX object lib/usd/translators/CMakeFiles/mayaUsd_Translators.dir/shading/usdPhongReader.cpp.o
    [253/528] Building CXX object lib/usd/schemas/CMakeFiles/_schemas.dir/wrapTokens.cpp.o
    [254/528] Building CXX object lib/usd/schemas/CMakeFiles/mayaUsd_Schemas.dir/tokens.cpp.o
    [255/528] Building CXX object lib/usd/utils/CMakeFiles/mayaUsdUtils.dir/DebugCodes.cpp.o
    [256/528] Copying exportCommand.h ...
    [257/528] Copying translatorModelAssembly.h ...
    [258/528] Copying api.h ...
    [259/528] Copying editUtil.h ...
    [260/528] Copying exportTranslator.h ...
    [261/528] Copying importCommand.h ...
    [262/528] Copying importTranslator.h ...
    [263/528] Copying listShadingModesCommand.h ...
    [264/528] Copying proxyShape.h ...
    [265/528] Copying referenceAssembly.h ...
    [266/528] Copying readJobWithSceneAssembly.h ...
    [267/528] Generating __init__.pyc
    [268/528] Copying instancerShapeAdapterWithSceneAssembly.h ...
    [269/528] Generating AEpxrUsdReferenceAssemblyTemplate.pyc
    [270/528] Building CXX object lib/usd/utils/CMakeFiles/mayaUsdUtils.dir/DiffCore.cpp.o
    [271/528] Generating userExportedAttributesUI.pyc
    [272/528] Building CXX object lib/usd/translators/CMakeFiles/mayaUsd_Translators.dir/shading/usdUVTextureReader.cpp.o
    [273/528] Building CXX object lib/usd/translators/CMakeFiles/mayaUsd_Translators.dir/shading/usdStandardSurfaceReader.cpp.o
    [274/528] Building CXX object lib/usd/schemas/CMakeFiles/mayaUsd_Schemas.dir/ModuleDeps.cpp.o
    [275/528] Building CXX object lib/usd/translators/CMakeFiles/mayaUsd_Translators.dir/shading/usdStandardSurfaceWriter.cpp.o
    [276/528] Building CXX object lib/usd/translators/CMakeFiles/mayaUsd_Translators.dir/shading/rfmShaderTranslation.cpp.o
    [277/528] Building CXX object lib/usd/schemas/CMakeFiles/mayaUsd_Schemas.dir/ALMayaReference.cpp.o
    [278/528] Building CXX object lib/usd/schemas/CMakeFiles/_schemas.dir/wrapALMayaReference.cpp.o
    [279/528] Building CXX object lib/usd/schemas/CMakeFiles/_schemas.dir/wrapMayaReference.cpp.o
    [280/528] Building CXX object lib/usd/schemas/CMakeFiles/mayaUsd_Schemas.dir/MayaReference.cpp.o
    [281/528] Linking CXX shared library lib/usd/schemas/libmayaUsd_Schemas.dylib
    [282/528] Linking CXX shared library lib/usd/schemas/_schemas.so
    [283/528] Building CXX object plugin/pxr/maya/lib/usdMaya/CMakeFiles/usdMaya.dir/listShadingModesCommand.cpp.o
    [284/528] Building CXX object lib/usd/utils/CMakeFiles/mayaUsdUtils.dir/util.cpp.o
    [285/528] Linking CXX shared library lib/usd/utils/libmayaUsdUtils.dylib
    [286/528] Linking CXX executable test/lib/usd/utils/DiffCore
    [287/528] Building CXX object plugin/pxr/maya/lib/usdMaya/CMakeFiles/usdMaya.dir/readJobWithSceneAssembly.cpp.o
    [288/528] Linking CXX shared library lib/mayaUsd/libmayaUsd.dylib
    [289/528] Linking CXX shared module test/lib/usd/plugin/usdTestPlugin.bundle
    [290/528] Building CXX object plugin/pxr/maya/lib/usdMaya/CMakeFiles/_usdMaya.dir/module.cpp.o
    [291/528] Linking CXX shared library lib/mayaUsd/ufe/_ufe.so
    [292/528] Linking CXX shared library lib/mayaUsd/python/_mayaUsd.so
    [293/528] Linking CXX shared library lib/usd/hdMaya/libhdMaya.dylib
    [294/528] Linking CXX shared library lib/usd/pxrUsdPreviewSurface/libbasePxrUsdPreviewSurface.dylib
    [295/528] Building CXX object plugin/pxr/maya/lib/usdMaya/CMakeFiles/usdMaya.dir/readJob_ImportWithProxies.cpp.o
    [296/528] Linking CXX shared library lib/mayaUsd/render/mayaToHydra/mtoh.bundle
    [297/528] Linking CXX shared library lib/usd/translators/libmayaUsd_Translators.dylib
    [298/528] Building CXX object plugin/pxr/maya/lib/usdMaya/CMakeFiles/usdMaya.dir/exportCommand.cpp.o
    [299/528] Building CXX object plugin/pxr/maya/lib/usdMaya/CMakeFiles/usdMaya.dir/editUtil.cpp.o
    [300/528] Building CXX object plugin/pxr/maya/lib/usdMaya/CMakeFiles/usdMaya.dir/translatorModelAssembly.cpp.o
    [301/528] Building CXX object plugin/pxr/maya/lib/usdMaya/CMakeFiles/usdMaya.dir/importCommand.cpp.o
    [302/528] Copying api.h ...
    [303/528] Building CXX object plugin/pxr/maya/lib/usdMaya/CMakeFiles/usdMaya.dir/exportTranslator.cpp.o
    [304/528] Automatic MOC and UIC for target mayaUsdUI
    [305/528] Automatic RCC for images/ui.qrc
    [306/528] Building CXX object plugin/pxr/maya/lib/usdMaya/CMakeFiles/usdMaya.dir/instancerShapeAdapterWithSceneAssembly.cpp.o
    [307/528] Building CXX object plugin/pxr/maya/lib/usdMaya/CMakeFiles/usdMaya.dir/importTranslator.cpp.o
    [308/528] Building CXX object plugin/al/utils/AL/CMakeFiles/AL_EventSystem.dir/event/EventHandler.cpp.o
    [309/528] Building CXX object plugin/pxr/maya/lib/usdMaya/CMakeFiles/_usdMaya.dir/wrapAssembly.cpp.o
    [310/528] Building CXX object plugin/pxr/maya/lib/usdMaya/CMakeFiles/usdMaya.dir/proxyShape.cpp.o
    [311/528] Building CXX object plugin/pxr/maya/plugin/pxrUsdPreviewSurface/CMakeFiles/pxrUsdPreviewSurface.dir/plugin.cpp.o
    [312/528] Building CXX object plugin/pxr/maya/plugin/pxrUsd/CMakeFiles/pxrUsd.dir/usdTranslator.cpp.o
    [313/528] Building CXX object plugin/pxr/maya/lib/usdMaya/CMakeFiles/_usdMaya.dir/wrapEditUtil.cpp.o
    [314/528] Building CXX object lib/usd/ui/CMakeFiles/mayaUsdUI.dir/mayaUsdUI_autogen/4UGIYD6VGQ/qrc_ui.cpp.o
    [315/528] Linking CXX shared library plugin/pxr/maya/plugin/pxrUsdPreviewSurface/pxrUsdPreviewSurface.bundle
    [316/528] Building CXX object plugin/pxr/maya/plugin/pxrUsd/CMakeFiles/pxrUsd.dir/alembicChaser.cpp.o
    [317/528] Linking CXX shared library plugin/al/utils/AL/libAL_EventSystem.dylib
    [318/528] Building CXX object lib/usd/ui/CMakeFiles/mayaUsdUI.dir/USDQtUtil.cpp.o
    [319/528] Building CXX object lib/usd/ui/CMakeFiles/mayaUsdUI.dir/mayaUsdUI_autogen/mocs_compilation.cpp.o
    [320/528] Building CXX object plugin/al/mayatest/AL/maya/test/CMakeFiles/AL_MayaTest.dir/testHarness.cpp.o
    [321/528] Building CXX object lib/usd/ui/CMakeFiles/mayaUsdUI.dir/TreeItem.cpp.o
    [322/528] Building CXX object plugin/pxr/maya/plugin/pxrUsd/CMakeFiles/pxrUsd.dir/plugin.cpp.o
    [323/528] Building CXX object lib/usd/ui/CMakeFiles/mayaUsdUI.dir/ItemDelegate.cpp.o
    [324/528] Building CXX object plugin/al/mayautils/AL/maya/CMakeFiles/AL_MayaUtils.dir/utils/MenuBuilder.cpp.o
    [325/528] Building CXX object plugin/al/mayatest/AL/maya/test/CMakeFiles/AL_MayaTest.dir/testHelpers.cpp.o
    [326/528] Linking CXX shared library plugin/al/mayatest/AL/maya/test/libAL_MayaTest.dylib
    [327/528] Building CXX object plugin/al/mayautils/AL/maya/CMakeFiles/AL_MayaUtils.dir/utils/FileTranslatorOptions.cpp.o
    [328/528] Building CXX object plugin/al/mayautils/AL/maya/CMakeFiles/AL_MayaUtils.dir/utils/Utils.cpp.o
    [329/528] Building CXX object plugin/pxr/maya/lib/usdMaya/CMakeFiles/usdMaya.dir/referenceAssembly.cpp.o
    [330/528] Linking CXX shared library plugin/pxr/maya/lib/usdMaya/libusdMaya.dylib
    [331/528] Linking CXX shared library plugin/pxr/maya/lib/usdMaya/_usdMaya.so
    [332/528] Building CXX object lib/usd/ui/CMakeFiles/mayaUsdUI.dir/TreeModelFactory.cpp.o
    [333/528] Linking CXX shared library plugin/pxr/maya/plugin/pxrUsd/pxrUsd.bundle
    [334/528] Building CXX object lib/usd/ui/CMakeFiles/mayaUsdUI.dir/TreeModel.cpp.o
    [335/528] Building CXX object plugin/al/mayautils/AL/maya/CMakeFiles/AL_MayaUtils.dir/utils/PluginTranslatorOptions.cpp.o
    [336/528] Building CXX object plugin/al/mayautils/AL/maya/tests/mayaplugintest/CMakeFiles/AL_MayaUtilsTests.dir/plugin.cpp.o
    [337/528] Building CXX object plugin/al/mayautils/AL/maya/CMakeFiles/AL_MayaUtils.dir/utils/CommandGuiHelper.cpp.o
    [338/528] Building CXX object plugin/al/mayautils/AL/maya/CMakeFiles/AL_MayaUtils.dir/utils/NodeHelper.cpp.o
    [339/528] Building CXX object plugin/al/mayautils/AL/maya/CMakeFiles/AL_MayaUtils.dir/event/MayaEventManager.cpp.o
    [340/528] Linking CXX shared library plugin/al/mayautils/AL/maya/libAL_MayaUtils.dylib
    [341/528] Building CXX object lib/usd/ui/CMakeFiles/mayaUsdUI.dir/USDImportDialog.cpp.o
    [342/528] Building CXX object plugin/al/mayautils/AL/maya/tests/mayaplugintest/CMakeFiles/AL_MayaUtilsTests.dir/utils/NodeHelperUnitTest.cpp.o
    [343/528] Building CXX object plugin/al/mayautils/AL/maya/tests/mayaplugintest/CMakeFiles/AL_MayaUtilsTests.dir/test_mobjectmap.cpp.o
    [344/528] Building CXX object plugin/al/mayautils/AL/maya/tests/mayaplugintest/CMakeFiles/AL_MayaUtilsTests.dir/utils/CommandGuiHelperTest.cpp.o
    [345/528] Building CXX object plugin/al/usdtransaction/AL/usd/transaction/CMakeFiles/_AL_USDTransaction.dir/module.cpp.o
    [346/528] Building CXX object plugin/al/mayautils/AL/maya/tests/mayaplugintest/CMakeFiles/AL_MayaUtilsTests.dir/test_maya_MenuBuilder.cpp.o
    [347/528] Building CXX object lib/usd/ui/CMakeFiles/mayaUsdUI.dir/USDImportDialogCmd.cpp.o
    [348/528] Linking CXX shared library lib/usd/ui/libmayaUsdUI.dylib
    [349/528] Automatic MOC and UIC for target testMayaUsdUI
    [350/528] Building CXX object lib/usd/ui/demo/CMakeFiles/testMayaUsdUI.dir/testMayaUsdUI_autogen/mocs_compilation.cpp.o
    [351/528] Building CXX object plugin/al/mayautils/AL/maya/tests/mayaplugintest/CMakeFiles/AL_MayaUtilsTests.dir/utils/PluginTranslatorOptionsTest.cpp.o
    [352/528] Building CXX object plugin/al/mayautils/AL/maya/tests/mayaplugintest/CMakeFiles/AL_MayaUtilsTests.dir/test_maya_NodeHelper.cpp.o
    [353/528] Linking CXX shared library plugin/al/mayautils/AL/maya/tests/mayaplugintest/AL_MayaUtilsTests.bundle
    [354/528] Building CXX object plugin/al/usdmayautils/AL/usdmaya/utils/CMakeFiles/AL_USDMayaUtils.dir/AttributeType.cpp.o
    [355/528] Building CXX object plugin/al/usdmayautils/AL/usdmaya/utils/CMakeFiles/AL_USDMayaUtils.dir/Utils.cpp.o
    [356/528] Building CXX object plugin/al/usdmayautils/AL/usdmaya/utils/CMakeFiles/AL_USDMayaUtils.dir/AnimationTranslator.cpp.o
    [357/528] Building CXX object plugin/al/usdtransaction/AL/usd/transaction/tests/CMakeFiles/AL_USDTransactionTests.dir/testMain.cpp.o
    [358/528] Building CXX object plugin/al/usdtransaction/AL/usd/transaction/CMakeFiles/_AL_USDTransaction.dir/wrapNotice.cpp.o
    [359/528] Building CXX object plugin/al/usdtransaction/AL/usd/transaction/CMakeFiles/AL_USDTransaction.dir/Notice.cpp.o
    [360/528] Building CXX object plugin/al/lib/AL_USDMaya/CMakeFiles/_AL_USDMaya.dir/AL/usdmaya/module.cpp.o
    [361/528] Building CXX object plugin/al/usdtransaction/AL/usd/transaction/CMakeFiles/_AL_USDTransaction.dir/wrapTransaction.cpp.o
    [362/528] Building CXX object plugin/al/usdmayautils/AL/usdmaya/utils/CMakeFiles/AL_USDMayaUtils.dir/NurbsCurveUtils.cpp.o
    [363/528] Building CXX object lib/usd/ui/demo/CMakeFiles/testMayaUsdUI.dir/testMayaUsdUI.cpp.o
    [364/528] Linking CXX executable lib/usd/ui/demo/testMayaUsdUI
    [365/528] Building CXX object plugin/al/usdmayautils/AL/usdmaya/utils/CMakeFiles/AL_USDMayaUtils.dir/DiffPrimVar.cpp.o
    [366/528] Building CXX object plugin/al/usdtransaction/AL/usd/transaction/CMakeFiles/_AL_USDTransaction.dir/wrapTransactionManager.cpp.o
    [367/528] Building CXX object plugin/al/usdmayautils/AL/usdmaya/utils/CMakeFiles/AL_USDMayaUtils.dir/MeshUtils.cpp.o
    [368/528] Building CXX object plugin/al/lib/AL_USDMaya/CMakeFiles/AL_USDMaya.dir/AL/usdmaya/DebugCodes.cpp.o
    [369/528] Building CXX object plugin/al/usdtransaction/AL/usd/transaction/CMakeFiles/AL_USDTransaction.dir/Transaction.cpp.o
    [370/528] Building CXX object plugin/al/lib/AL_USDMaya/CMakeFiles/AL_USDMaya.dir/AL/usdmaya/Metadata.cpp.o
    [371/528] Building CXX object plugin/al/usdtransaction/AL/usd/transaction/CMakeFiles/AL_USDTransaction.dir/TransactionManager.cpp.o
    [372/528] Linking CXX shared library plugin/al/usdtransaction/AL/usd/transaction/libAL_USDTransaction.dylib
    [373/528] Linking CXX shared library plugin/al/usdtransaction/AL/usd/transaction/_AL_USDTransaction.so
    [374/528] Building CXX object plugin/al/lib/AL_USDMaya/CMakeFiles/_AL_USDMaya.dir/AL/usdmaya/wrapStageCache.cpp.o
    [375/528] Building CXX object plugin/al/lib/AL_USDMaya/CMakeFiles/AL_USDMaya.dir/AL/usdmaya/StageCache.cpp.o
    [376/528] Building CXX object plugin/al/usdtransaction/AL/usd/transaction/tests/CMakeFiles/AL_USDTransactionTests.dir/testTransactionManager.cpp.o
    [377/528] Building CXX object plugin/al/lib/AL_USDMaya/CMakeFiles/AL_USDMaya.dir/AL/usdmaya/CodeTimings.cpp.o
    [378/528] Building CXX object plugin/al/usdmayautils/AL/usdmaya/utils/CMakeFiles/AL_USDMayaUtils.dir/DgNodeHelper.cpp.o
    [379/528] Linking CXX shared library plugin/al/usdmayautils/AL/usdmaya/utils/libAL_USDMayaUtils.dylib
    [380/528] Building CXX object plugin/al/lib/AL_USDMaya/CMakeFiles/AL_USDMaya.dir/AL/usdmaya/cmds/DebugCommands.cpp.o
    [381/528] Building CXX object plugin/al/lib/AL_USDMaya/CMakeFiles/AL_USDMaya.dir/AL/usdmaya/moduleDeps.cpp.o
    [382/528] Building CXX object plugin/al/usdtransaction/AL/usd/transaction/tests/CMakeFiles/AL_USDTransactionTests.dir/testTransaction.cpp.o
    [383/528] Linking CXX executable plugin/al/usdtransaction/AL/usd/transaction/tests/AL_USDTransactionTests
    [384/528] Building CXX object plugin/al/lib/AL_USDMaya/CMakeFiles/AL_USDMaya.dir/AL/usdmaya/SelectabilityDB.cpp.o
    [385/528] Building CXX object plugin/al/lib/AL_USDMaya/CMakeFiles/_AL_USDMaya.dir/AL/usdmaya/nodes/wrapLayerManager.cpp.o
    [386/528] Building CXX object plugin/al/lib/AL_USDMaya/CMakeFiles/AL_USDMaya.dir/AL/usdmaya/cmds/EventCommand.cpp.o
    [387/528] Building CXX object plugin/al/lib/AL_USDMaya/CMakeFiles/AL_USDMaya.dir/AL/usdmaya/cmds/RendererCommands.cpp.o
    [388/528] Building CXX object plugin/al/lib/AL_USDMaya/CMakeFiles/_AL_USDMaya.dir/AL/usdmaya/nodes/wrapProxyShape.cpp.o
    [389/528] Building CXX object plugin/al/lib/AL_USDMaya/CMakeFiles/AL_USDMaya.dir/AL/usdmaya/TransformOperation.cpp.o
    [390/528] Building CXX object plugin/al/lib/AL_USDMaya/CMakeFiles/AL_USDMaya.dir/AL/usdmaya/cmds/SyncFileIOGui.cpp.o
    [391/528] Building CXX object plugin/al/lib/AL_USDMaya/CMakeFiles/AL_USDMaya.dir/AL/usdmaya/Global.cpp.o
    [392/528] Building CXX object plugin/al/lib/AL_USDMaya/CMakeFiles/_AL_USDMaya.dir/AL/usdmaya/fileio/translators/wrapTranslatorContext.cpp.o
    [393/528] Building CXX object plugin/al/lib/AL_USDMaya/CMakeFiles/AL_USDMaya.dir/AL/usdmaya/cmds/CreateUsdPrim.cpp.o
    [394/528] Building CXX object plugin/al/lib/AL_USDMaya/CMakeFiles/AL_USDMaya.dir/AL/usdmaya/cmds/ListTranslators.cpp.o
    [395/528] Building CXX object plugin/al/lib/AL_USDMaya/CMakeFiles/_AL_USDMaya.dir/AL/usdmaya/fileio/translators/wrapTranslatorBase.cpp.o
    [396/528] Building CXX object plugin/al/lib/AL_USDMaya/CMakeFiles/AL_USDMaya.dir/AL/usdmaya/cmds/ProxyShapePostLoadProcess.cpp.o
    [397/528] Building CXX object plugin/al/lib/AL_USDMaya/CMakeFiles/AL_USDMaya.dir/AL/usdmaya/fileio/ExportTranslator.cpp.o
    [398/528] Building CXX object plugin/al/lib/AL_USDMaya/CMakeFiles/AL_USDMaya.dir/AL/usdmaya/fileio/AnimationTranslator.cpp.o
    [399/528] Building CXX object plugin/al/lib/AL_USDMaya/CMakeFiles/AL_USDMaya.dir/AL/usdmaya/cmds/LayerCommands.cpp.o
    [400/528] Building CXX object plugin/al/lib/AL_USDMaya/CMakeFiles/AL_USDMaya.dir/AL/usdmaya/cmds/UnloadPrim.cpp.o
    [401/528] Building CXX object plugin/al/lib/AL_USDMaya/CMakeFiles/AL_USDMaya.dir/AL/usdmaya/fileio/ImportTranslator.cpp.o
    [402/528] Building CXX object plugin/al/lib/AL_USDMaya/CMakeFiles/AL_USDMaya.dir/AL/usdmaya/fileio/SchemaPrims.cpp.o
    [403/528] Building CXX object plugin/al/lib/AL_USDMaya/CMakeFiles/AL_USDMaya.dir/AL/usdmaya/fileio/NodeFactory.cpp.o
    [404/528] Building CXX object plugin/al/lib/AL_USDMaya/CMakeFiles/AL_USDMaya.dir/AL/usdmaya/cmds/ProxyShapeCommands.cpp.o
    [405/528] Building CXX object plugin/al/lib/AL_USDMaya/CMakeFiles/AL_USDMaya.dir/AL/usdmaya/fileio/Import.cpp.o
    [406/528] Building CXX object plugin/al/lib/AL_USDMaya/CMakeFiles/AL_USDMaya.dir/AL/usdmaya/fileio/Export.cpp.o
    [407/528] Building CXX object plugin/al/lib/AL_USDMaya/CMakeFiles/AL_USDMaya.dir/AL/usdmaya/nodes/Layer.cpp.o
    [408/528] Building CXX object plugin/al/lib/AL_USDMaya/CMakeFiles/AL_USDMaya.dir/AL/usdmaya/fileio/TransformIterator.cpp.o
    [409/528] Building CXX object plugin/al/lib/AL_USDMaya/CMakeFiles/AL_USDMaya.dir/AL/usdmaya/fileio/translators/DagNodeTranslator.cpp.o
    [410/528] Building CXX object plugin/al/lib/AL_USDMaya/CMakeFiles/AL_USDMaya.dir/AL/usdmaya/fileio/translators/DgNodeTranslator.cpp.o
    [411/528] Building CXX object plugin/al/lib/AL_USDMaya/CMakeFiles/AL_USDMaya.dir/AL/usdmaya/fileio/translators/TranslatorTestPlugin.cpp.o
    [412/528] Building CXX object plugin/al/lib/AL_USDMaya/CMakeFiles/AL_USDMaya.dir/AL/usdmaya/fileio/translators/TranslatorBase.cpp.o
    [413/528] Building CXX object plugin/al/lib/AL_USDMaya/CMakeFiles/AL_USDMaya.dir/AL/usdmaya/fileio/translators/TranslatorTestType.cpp.o
    [414/528] Building CXX object plugin/al/lib/AL_USDMaya/CMakeFiles/AL_USDMaya.dir/AL/usdmaya/fileio/translators/ExtraDataPlugin.cpp.o
    [415/528] Building CXX object plugin/al/lib/AL_USDMaya/CMakeFiles/AL_USDMaya.dir/AL/usdmaya/fileio/translators/TestExtraDataPlugin.cpp.o
    [416/528] Building CXX object plugin/al/lib/AL_USDMaya/CMakeFiles/AL_USDMaya.dir/AL/usdmaya/fileio/translators/TranslatorContext.cpp.o
    [417/528] Building CXX object plugin/al/lib/AL_USDMaya/CMakeFiles/AL_USDMaya.dir/AL/usdmaya/fileio/translators/TransformTranslator.cpp.o
    [418/528] Building CXX object plugin/al/lib/AL_USDMaya/CMakeFiles/AL_USDMaya.dir/AL/usdmaya/nodes/MeshAnimDeformer.cpp.o
    [419/528] Building CXX object plugin/al/lib/AL_USDMaya/CMakeFiles/AL_USDMaya.dir/AL/usdmaya/nodes/LayerManager.cpp.o
    [420/528] Building CXX object plugin/al/lib/AL_USDMaya/CMakeFiles/AL_USDMaya.dir/AL/usdmaya/nodes/MeshAnimCreator.cpp.o
    [421/528] Building CXX object plugin/al/lib/AL_USDMaya/CMakeFiles/AL_USDMaya.dir/AL/usdmaya/nodes/Engine.cpp.o
    [422/528] Building CXX object plugin/al/lib/AL_USDMaya/CMakeFiles/AL_USDMaya.dir/AL/usdmaya/nodes/proxy/LockManager.cpp.o
    [423/528] Building CXX object plugin/al/lib/AL_USDMaya/CMakeFiles/AL_USDMaya.dir/AL/usdmaya/nodes/ProxyUsdGeomCamera.cpp.o
    [424/528] Building CXX object plugin/al/lib/AL_USDMaya/CMakeFiles/AL_USDMaya.dir/AL/usdmaya/nodes/Transform.cpp.o
    [425/528] Building CXX object plugin/al/lib/AL_USDMaya/CMakeFiles/AL_USDMaya.dir/AL/usdmaya/nodes/ProxyDrawOverride.cpp.o
    [426/528] Building CXX object plugin/al/lib/AL_USDMaya/CMakeFiles/AL_USDMaya.dir/AL/usdmaya/nodes/Scope.cpp.o
    [427/528] Building CXX object plugin/al/lib/AL_USDMaya/CMakeFiles/AL_USDMaya.dir/AL/usdmaya/nodes/RendererManager.cpp.o
    [428/528] Building CXX object plugin/al/lib/AL_USDMaya/CMakeFiles/AL_USDMaya.dir/AL/usdmaya/nodes/ProxyShapeSelection.cpp.o
    [429/528] Building CXX object plugin/al/lib/AL_USDMaya/CMakeFiles/AL_USDMaya.dir/AL/usdmaya/nodes/ProxyShapeUI.cpp.o
    [430/528] Building CXX object plugin/al/lib/AL_USDMaya/CMakeFiles/AL_USDMaya.dir/AL/usdmaya/nodes/BasicTransformationMatrix.cpp.o
    [431/528] Building CXX object plugin/al/plugin/AL_USDMayaTestPlugin/CMakeFiles/AL_USDMayaTestPlugin.dir/AL/maya/test_EventHandler.cpp.o
    [432/528] Building CXX object plugin/al/lib/AL_USDMaya/CMakeFiles/AL_USDMaya.dir/AL/usdmaya/nodes/proxy/PrimFilter.cpp.o
    [433/528] Building CXX object plugin/al/lib/AL_USDMaya/CMakeFiles/AL_USDMaya.dir/AL/usdmaya/nodes/proxy/ProxyShapeVariantFallbacks.cpp.o
    [434/528] Building CXX object plugin/al/lib/AL_USDMaya/CMakeFiles/AL_USDMaya.dir/AL/usdmaya/nodes/proxy/ProxyShapeMetaData.cpp.o
    [435/528] Building CXX object plugin/al/lib/AL_USDMaya/CMakeFiles/AL_USDMaya.dir/AL/usdmaya/nodes/TransformationMatrix.cpp.o
    [436/528] Building CXX object plugin/al/plugin/AL_USDMayaTestPlugin/CMakeFiles/AL_USDMayaTestPlugin.dir/AL/maya/test_MatrixToSRT.cpp.o
    [437/528] Building CXX object plugin/al/plugin/AL_USDMayaTestPlugin/CMakeFiles/AL_USDMayaTestPlugin.dir/AL/maya/test_MayaEventManager.cpp.o
    [438/528] Building CXX object plugin/al/lib/AL_USDMaya/CMakeFiles/AL_USDMaya.dir/AL/usdmaya/nodes/ProxyShape.cpp.o
    [439/528] Linking CXX shared library plugin/al/lib/AL_USDMaya/libAL_USDMaya.dylib
    [440/528] Linking CXX shared library plugin/al/lib/AL_USDMaya/_AL_USDMaya.so
    [441/528] Building CXX object plugin/al/plugin/AL_USDMayaTestPlugin/CMakeFiles/AL_USDMayaTestPlugin.dir/AL/usdmaya/commands/test_ExportCommands.cpp.o
    [442/528] Building CXX object plugin/al/plugin/AL_USDMayaPlugin/CMakeFiles/AL_USDMayaPlugin.dir/plugin.cpp.o
    [443/528] Linking CXX shared library plugin/al/plugin/AL_USDMayaPlugin/AL_USDMayaPlugin.bundle
    [444/528] Building CXX object plugin/al/plugin/AL_USDMayaTestPlugin/CMakeFiles/AL_USDMayaTestPlugin.dir/plugin.cpp.o
    [445/528] Building CXX object plugin/al/plugin/AL_USDMayaTestPlugin/CMakeFiles/AL_USDMayaTestPlugin.dir/AL/usdmaya/commands/test_InternalProxySelection.cpp.o
    [446/528] Building CXX object plugin/al/plugin/AL_USDMayaTestPlugin/CMakeFiles/AL_USDMayaTestPlugin.dir/AL/usdmaya/commands/test_TranslateCommand.cpp.o
    [447/528] Building CXX object plugin/al/plugin/AL_USDMayaTestPlugin/CMakeFiles/AL_USDMayaTestPlugin.dir/AL/usdmaya/commands/test_LayerManagerCommands.cpp.o
    [448/528] Building CXX object plugin/al/plugin/AL_USDMayaTestPlugin/CMakeFiles/AL_USDMayaTestPlugin.dir/AL/usdmaya/commands/test_LayerCommands.cpp.o
    [449/528] Building CXX object plugin/al/plugin/AL_USDMayaTestPlugin/CMakeFiles/AL_USDMayaTestPlugin.dir/AL/usdmaya/fileio/export_blendshape.cpp.o
    [450/528] Building CXX object plugin/al/plugin/AL_USDMayaTestPlugin/CMakeFiles/AL_USDMayaTestPlugin.dir/AL/usdmaya/fileio/export_constraints.cpp.o
    [451/528] Building CXX object plugin/al/plugin/AL_USDMayaTestPlugin/CMakeFiles/AL_USDMayaTestPlugin.dir/AL/usdmaya/fileio/export_ik.cpp.o
    [452/528] Building CXX object plugin/al/plugin/AL_USDMayaTestPlugin/CMakeFiles/AL_USDMayaTestPlugin.dir/AL/usdmaya/commands/test_ProxyShapeImport.cpp.o
    [453/528] Building CXX object plugin/al/plugin/AL_USDMayaTestPlugin/CMakeFiles/AL_USDMayaTestPlugin.dir/AL/usdmaya/fileio/export_import_instancing.cpp.o
    [454/528] Building CXX object plugin/al/plugin/AL_USDMayaTestPlugin/CMakeFiles/AL_USDMayaTestPlugin.dir/AL/usdmaya/fileio/export_multiple_shapes.cpp.o
    [455/528] Building CXX object plugin/al/plugin/AL_USDMayaTestPlugin/CMakeFiles/AL_USDMayaTestPlugin.dir/AL/usdmaya/fileio/export_lattice.cpp.o
    [456/528] Building CXX object plugin/al/plugin/AL_USDMayaTestPlugin/CMakeFiles/AL_USDMayaTestPlugin.dir/AL/usdmaya/fileio/export_nonlinear.cpp.o
    [457/528] Building CXX object plugin/al/plugin/AL_USDMayaTestPlugin/CMakeFiles/AL_USDMayaTestPlugin.dir/AL/usdmaya/fileio/export_unmerged.cpp.o
    [458/528] Building CXX object plugin/al/plugin/AL_USDMayaTestPlugin/CMakeFiles/AL_USDMayaTestPlugin.dir/AL/usdmaya/fileio/import_instances.cpp.o
    [459/528] Building CXX object plugin/al/plugin/AL_USDMayaTestPlugin/CMakeFiles/AL_USDMayaTestPlugin.dir/AL/usdmaya/fileio/test_activeInActiveTranslators.cpp.o
    [460/528] Building CXX object plugin/al/plugin/AL_USDMayaTestPlugin/CMakeFiles/AL_USDMayaTestPlugin.dir/AL/usdmaya/nodes/proxy/test_PrimFilter.cpp.o
    [461/528] Building CXX object plugin/al/plugin/AL_USDMayaTestPlugin/CMakeFiles/AL_USDMayaTestPlugin.dir/AL/usdmaya/nodes/test_ExtraDataPlugin.cpp.o
    [462/528] Building CXX object plugin/al/plugin/AL_USDMayaTestPlugin/CMakeFiles/AL_USDMayaTestPlugin.dir/AL/usdmaya/nodes/test_ProxyShapeSelectabilityDB.cpp.o
    [463/528] Building CXX object plugin/al/plugin/AL_USDMayaTestPlugin/CMakeFiles/AL_USDMayaTestPlugin.dir/AL/usdmaya/nodes/test_ProxyUsdGeomCamera.cpp.o
    [464/528] Building CXX object plugin/al/plugin/AL_USDMayaTestPlugin/CMakeFiles/AL_USDMayaTestPlugin.dir/AL/usdmaya/nodes/test_ActiveInactive.cpp.o
    [465/528] Building CXX object plugin/al/plugin/AL_USDMayaTestPlugin/CMakeFiles/AL_USDMayaTestPlugin.dir/AL/usdmaya/nodes/test_lockPrims.cpp.o
    [466/528] Building CXX object plugin/al/plugin/AL_USDMayaTestPlugin/CMakeFiles/AL_USDMayaTestPlugin.dir/AL/usdmaya/nodes/test_LayerManager.cpp.o
    [467/528] Building CXX object plugin/al/plugin/AL_USDMayaTestPlugin/CMakeFiles/AL_USDMayaTestPlugin.dir/AL/usdmaya/nodes/test_Transform.cpp.o
    [468/528] Building CXX object plugin/al/plugin/AL_USDMayaTestPlugin/CMakeFiles/AL_USDMayaTestPlugin.dir/AL/usdmaya/nodes/test_ScopeMatrix.cpp.o
    [469/528] Building CXX object plugin/al/plugin/AL_USDMayaTestPlugin/CMakeFiles/AL_USDMayaTestPlugin.dir/AL/usdmaya/nodes/test_ProxyShape.cpp.o
    [470/528] Building CXX object plugin/al/plugin/AL_USDMayaTestPlugin/CMakeFiles/AL_USDMayaTestPlugin.dir/AL/usdmaya/nodes/test_TranslatorContext.cpp.o
    [471/528] Building CXX object plugin/al/plugin/AL_USDMayaTestPlugin/CMakeFiles/AL_USDMayaTestPlugin.dir/AL/usdmaya/test_SelectabilityDB.cpp.o
    [472/528] Building CXX object plugin/al/plugin/AL_USDMayaTestPlugin/CMakeFiles/AL_USDMayaTestPlugin.dir/AL/usdmaya/nodes/test_VariantFallbacks.cpp.o
    [473/528] Building CXX object plugin/al/plugin/AL_USDMayaTestPlugin/CMakeFiles/AL_USDMayaTestPlugin.dir/AL/usdmaya/test_DiffGeom.cpp.o
    [474/528] Building CXX object plugin/al/plugin/AL_USDMayaTestPlugin/CMakeFiles/AL_USDMayaTestPlugin.dir/AL/usdmaya/nodes/test_TransformMatrix.cpp.o
    [475/528] Building CXX object plugin/al/plugin/AL_USDMayaTestPlugin/CMakeFiles/AL_USDMayaTestPlugin.dir/test_translators_AnimationTranslator.cpp.o
    [476/528] Building CXX object plugin/al/schemas/AL/usd/schemas/maya/CMakeFiles/_AL_USDMayaSchemas.dir/module.cpp.o
    [477/528] Building CXX object plugin/al/plugin/AL_USDMayaTestPlugin/CMakeFiles/AL_USDMayaTestPlugin.dir/test_translators_CameraTranslator.cpp.o
    [478/528] Building CXX object plugin/al/plugin/AL_USDMayaTestPlugin/CMakeFiles/AL_USDMayaTestPlugin.dir/AL/usdmaya/test_DiffPrimVar.cpp.o
    [479/528] Building CXX object plugin/al/schemas/AL/usd/schemas/maya/CMakeFiles/_AL_USDMayaSchemas.dir/wrapTokens.cpp.o
    [480/528] Building CXX object plugin/al/plugin/AL_USDMayaTestPlugin/CMakeFiles/AL_USDMayaTestPlugin.dir/test_translators_PythonBindings.cpp.o
    [481/528] Building CXX object plugin/al/plugin/AL_USDMayaTestPlugin/CMakeFiles/AL_USDMayaTestPlugin.dir/test_usdmaya.cpp.o
    [482/528] Building CXX object plugin/al/plugin/AL_USDMayaTestPlugin/CMakeFiles/AL_USDMayaTestPlugin.dir/test_translators_Translator.cpp.o
    [483/528] Building CXX object plugin/al/plugin/AL_USDMayaTestPlugin/CMakeFiles/AL_USDMayaTestPlugin.dir/test_translators_NurbsCurveTranslator.cpp.o
    [484/528] Building CXX object plugin/al/plugin/AL_USDMayaTestPlugin/CMakeFiles/AL_USDMayaTestPlugin.dir/test_translators_MeshTranslator.cpp.o
    [485/528] Building CXX object plugin/al/schemas/AL/usd/schemas/maya/CMakeFiles/AL_USDMayaSchemas.dir/tokens.cpp.o
    [486/528] Building CXX object plugin/al/plugin/AL_USDMayaTestPlugin/CMakeFiles/AL_USDMayaTestPlugin.dir/test_translators_TransformTranslator.cpp.o
    [487/528] Building CXX object plugin/al/schemas/AL/usd/schemas/maya/tests/CMakeFiles/testMayaSchemas.dir/main.cpp.o
    [488/528] Building CXX object plugin/al/plugin/AL_USDMayaTestPlugin/CMakeFiles/AL_USDMayaTestPlugin.dir/test_translators_DgTranslator.cpp.o
    [489/528] Building CXX object plugin/al/plugin/AL_USDMayaTestPlugin/CMakeFiles/AL_USDMayaTestPlugin.dir/AL/usdmaya/commands/test_ProxyShapeSelect.cpp.o
    [490/528] Building CXX object plugin/al/schemas/AL/usd/schemas/mayatest/CMakeFiles/_AL_USDMayaSchemasTest.dir/module.cpp.o
    [491/528] Building CXX object plugin/al/schemas/AL/usd/schemas/maya/CMakeFiles/AL_USDMayaSchemas.dir/ModuleDeps.cpp.o
    [492/528] Building CXX object plugin/al/schemas/AL/usd/schemas/mayatest/CMakeFiles/AL_USDMayaSchemasTest.dir/tokens.cpp.o
    [493/528] Building CXX object plugin/al/schemas/AL/usd/schemas/maya/CMakeFiles/_AL_USDMayaSchemas.dir/wrapModelAPI.cpp.o
    [494/528] Building CXX object plugin/al/schemas/AL/usd/schemas/mayatest/CMakeFiles/AL_USDMayaSchemasTest.dir/ModuleDeps.cpp.o
    [495/528] Building CXX object plugin/al/plugin/AL_USDMayaTestPlugin/CMakeFiles/AL_USDMayaTestPlugin.dir/test_usdmaya_AttributeType.cpp.o
    [496/528] Building CXX object plugin/al/translators/CMakeFiles/AL_USDMayaTranslators.dir/CommonTranslatorOptions.cpp.o
    [497/528] Building CXX object plugin/al/schemas/AL/usd/schemas/maya/CMakeFiles/_AL_USDMayaSchemas.dir/wrapFrameRange.cpp.o
    [498/528] Building CXX object plugin/al/schemas/AL/usd/schemas/maya/CMakeFiles/AL_USDMayaSchemas.dir/ModelAPI.cpp.o
    [499/528] Building CXX object plugin/al/schemas/AL/usd/schemas/maya/CMakeFiles/AL_USDMayaSchemas.dir/FrameRange.cpp.o
    [500/528] Linking CXX shared library plugin/al/schemas/AL/usd/schemas/maya/libAL_USDMayaSchemas.dylib
    [501/528] Linking CXX shared library plugin/al/schemas/AL/usd/schemas/maya/_AL_USDMayaSchemas.so
    [502/528] Building CXX object plugin/al/schemas/AL/usd/schemas/mayatest/CMakeFiles/_AL_USDMayaSchemasTest.dir/wrapTokens.cpp.o
    [503/528] Building CXX object plugin/al/translators/pxrUsdTranslators/CMakeFiles/AL_USDMayaPxrTranslators.dir/plugin.cpp.o
    [504/528] Building CXX object plugin/al/schemas/AL/usd/schemas/maya/tests/CMakeFiles/testMayaSchemas.dir/testMayaSchemas.cpp.o
    [505/528] Building CXX object plugin/al/schemas/AL/usd/schemas/maya/tests/CMakeFiles/testMayaSchemas.dir/testModelAPI.cpp.o
    [506/528] Linking CXX executable plugin/al/schemas/AL/usd/schemas/maya/tests/testMayaSchemas
    [507/528] Building CXX object plugin/al/schemas/AL/usd/schemas/mayatest/CMakeFiles/AL_USDMayaSchemasTest.dir/ExamplePolyCubeNode.cpp.o
    [508/528] Linking CXX shared library plugin/al/schemas/AL/usd/schemas/mayatest/libAL_USDMayaSchemasTest.dylib
    [509/528] Linking CXX shared library plugin/al/plugin/AL_USDMayaTestPlugin/AL_USDMayaTestPlugin.bundle
    [510/528] Building CXX object plugin/adsk/plugin/CMakeFiles/mayaUsdPlugin.dir/adskListShadingModesCommand.cpp.o
    [511/528] Building CXX object plugin/al/schemas/AL/usd/schemas/mayatest/CMakeFiles/_AL_USDMayaSchemasTest.dir/wrapExamplePolyCubeNode.cpp.o
    [512/528] Linking CXX shared library plugin/al/schemas/AL/usd/schemas/mayatest/_AL_USDMayaSchemasTest.so
    [513/528] Building CXX object plugin/al/translators/CMakeFiles/AL_USDMayaTranslators.dir/MayaReference.cpp.o
    [514/528] Building CXX object plugin/al/translators/CMakeFiles/AL_USDMayaTranslators.dir/Camera.cpp.o
    [515/528] Building CXX object plugin/al/translators/CMakeFiles/AL_USDMayaTranslators.dir/FrameRange.cpp.o
    [516/528] Building CXX object plugin/al/translators/CMakeFiles/AL_USDMayaTranslators.dir/NurbsCurve.cpp.o
    [517/528] Building CXX object plugin/al/translators/CMakeFiles/AL_USDMayaTranslators.dir/DirectionalLight.cpp.o
    [518/528] Building CXX object plugin/adsk/plugin/CMakeFiles/mayaUsdPlugin.dir/adskImportCommand.cpp.o
    [519/528] Building CXX object plugin/adsk/plugin/CMakeFiles/mayaUsdPlugin.dir/adskExportCommand.cpp.o
    [520/528] Building CXX object plugin/al/translators/CMakeFiles/AL_USDMayaTranslators.dir/Mesh.cpp.o
    [521/528] Linking CXX shared library plugin/al/translators/libAL_USDMayaTranslators.dylib
    [522/528] Building CXX object plugin/al/translators/pxrUsdTranslators/CMakeFiles/AL_USDMayaPxrTranslators.dir/ProxyShapeTranslator.cpp.o
    [523/528] Linking CXX shared library plugin/al/translators/pxrUsdTranslators/AL_USDMayaPxrTranslators.bundle
    [524/528] Building CXX object plugin/adsk/plugin/CMakeFiles/mayaUsdPlugin.dir/importTranslator.cpp.o
    [525/528] Building CXX object plugin/adsk/plugin/CMakeFiles/mayaUsdPlugin.dir/ProxyShape.cpp.o
    [526/528] Building CXX object plugin/adsk/plugin/CMakeFiles/mayaUsdPlugin.dir/plugin.cpp.o
    [527/528] Building CXX object plugin/adsk/plugin/CMakeFiles/mayaUsdPlugin.dir/exportTranslator.cpp.o
    [528/528] Linking CXX shared module plugin/adsk/plugin/mayaUsdPlugin.bundle
    
        Building with settings:
          Source directory          /local/S/jenkins/workspace/ecg-mayausd-branch-preflight-2020-osx/ecg-maya-usd/maya-usd
          Workspace directory       /local/S/jenkins/workspace/ecg-mayausd-branch-preflight-2020-osx
          Build directory           /local/S/jenkins/workspace/ecg-mayausd-branch-preflight-2020-osx/build/RelWithDebInfo
          Install directory         /local/S/jenkins/workspace/ecg-mayausd-branch-preflight-2020-osx/install/RelWithDebInfo/MayaUSD
          Variant                   RelWithDebInfo
          Python Debug              Off
          CMake generator           Ninja
          Build arguments           ['-DCMAKE_MAKE_PROGRAM=/local/S/jenkins/workspace/shared/Artifactory/OSX/ninja/1.9.0/41005eb/ninja', '-DPYTHON_INCLUDE_DIR=/local/S/jenkins/workspace/shared/Artifactory/OSX/rundev-2020/202004291615/runtime/8fd8f21/runTime/Maya.app/Contents/Frameworks/Python.framework/Versions/Current/include/python2.7', '-DPython_EXECUTABLE=/local/S/jenkins/workspace/shared/Artifactory/OSX/rundev-2020/202004291615/runtime/8fd8f21/runTime/Maya.app/Contents/bin/mayapy', '-DPYTHON_LIBRARIES=/local/S/jenkins/workspace/shared/Artifactory/OSX/rundev-2020/202004291615/runtime/8fd8f21/runTime/Maya.app/Contents/Frameworks/Python.framework/Versions/Current/lib/libpython2.7.dylib', '-DMAYAUSD_TO_USD_RELATIVE_PATH=../USD']
          Stages arguments          ['build']
          CTest arguments           ['-E testUsdReferenceAssemblySelection|testUsdMayaAppDir|testUsdExportAsClip', '-LE interactive', '--parallel 12']
    Success MayaUSD build and install !!!!
    Elapsed time: 00:06:21
[Pipeline] }
[Pipeline] // withEnv
[Pipeline] }
[Pipeline] // stage
[Pipeline] }
[Pipeline] // timestamps
[Pipeline] }
[Pipeline] // timeout
[Pipeline] timeout
Timeout set to expire in 6 hr 0 min
[Pipeline] {
[Pipeline] timestamps
[Pipeline] {
[Pipeline] stage
[Pipeline] { (Install)
[Pipeline] withEnv
[Pipeline] {
[Pipeline] sh
[ecg-mayausd-branch-preflight-2020-osx] Running shell script
+ python ecg-maya-usd/build.py --stages=install --workspace-dir=/local/S/jenkins/workspace/ecg-mayausd-branch-preflight-2020-osx --artifactory-dir=/local/S/jenkins/workspace/shared/Artifactory --build-dir=/local/S/jenkins/workspace/ecg-mayausd-branch-preflight-2020-osx/build --install-dir=/local/S/jenkins/workspace/ecg-mayausd-branch-preflight-2020-osx/install --signing-dir=/local/S/jenkins/workspace/ecg-mayausd-branch-preflight-2020-osx/signing --package-dir=/local/S/jenkins/workspace/ecg-mayausd-branch-preflight-2020-osx/package --output-dir=/local/S/jenkins/workspace/ecg-mayausd-branch-preflight-2020-osx/output --stash-dir=/local/S/jenkins/workspace/ecg-mayausd-branch-preflight-2020-osx/stash --jenkins-build=348 --git-commit=d6f37a5e5696a1491862657704651c45dc99341e --git-branch=master --variants=RelWithDebInfo --python=2 --maya-cut-config=maya-rundev-2020.yaml --stage-banner
Using Maya cut from /local/S/jenkins/workspace/shared/Artifactory/OSX/rundev-2020/202004291615/runtime/8fd8f21

================================================================================
                            install (RelWithDebInfo)
================================================================================
running install stage....................
Maya Python RelWithDebInfo Info:
  mayapy executable   = /local/S/jenkins/workspace/shared/Artifactory/OSX/rundev-2020/202004291615/runtime/8fd8f21/runTime/Maya.app/Contents/bin/mayapy
  Include Folder      = /local/S/jenkins/workspace/shared/Artifactory/OSX/rundev-2020/202004291615/runtime/8fd8f21/runTime/Maya.app/Contents/Frameworks/Python.framework/Versions/Current/include/python2.7
  Library             = /local/S/jenkins/workspace/shared/Artifactory/OSX/rundev-2020/202004291615/runtime/8fd8f21/runTime/Maya.app/Contents/Frameworks/Python.framework/Versions/Current/lib/libpython2.7.dylib
  site-package Folder = /local/S/jenkins/workspace/shared/Artifactory/OSX/rundev-2020/202004291615/runtime/8fd8f21/runTime/Maya.app/Contents/Frameworks/Python.framework/Versions/Current/lib/python2.7/site-packages
In workdir: /local/S/jenkins/workspace/ecg-mayausd-branch-preflight-2020-osx/ecg-maya-usd/maya-usd
Executing: /local/S/jenkins/workspace/shared/Artifactory/OSX/rundev-2020/202004291615/runtime/8fd8f21/runTime/Maya.app/Contents/bin/mayapy /local/S/jenkins/workspace/ecg-mayausd-branch-preflight-2020-osx/ecg-maya-usd/maya-usd/build.py --generator Ninja --build-relwithdebug --maya-location /local/S/jenkins/workspace/shared/Artifactory/OSX/rundev-2020/202004291615/runtime/8fd8f21/runTime --devkit-location /local/S/jenkins/workspace/shared/Artifactory/OSX/rundev-2020/202004291615/runtime/8fd8f21/devkitBase --pxrusd-location /local/S/jenkins/workspace/shared/Artifactory/OSX/USD/98ad8fb --qt-location /local/S/jenkins/workspace/shared/Artifactory/OSX/qt/5.12.5/3ca78fe --build-args=-DCMAKE_MAKE_PROGRAM=/local/S/jenkins/workspace/shared/Artifactory/OSX/ninja/1.9.0/41005eb/ninja,-DPYTHON_INCLUDE_DIR=/local/S/jenkins/workspace/shared/Artifactory/OSX/rundev-2020/202004291615/runtime/8fd8f21/runTime/Maya.app/Contents/Frameworks/Python.framework/Versions/Current/include/python2.7,-DPython_EXECUTABLE=/local/S/jenkins/workspace/shared/Artifactory/OSX/rundev-2020/202004291615/runtime/8fd8f21/runTime/Maya.app/Contents/bin/mayapy,-DPYTHON_LIBRARIES=/local/S/jenkins/workspace/shared/Artifactory/OSX/rundev-2020/202004291615/runtime/8fd8f21/runTime/Maya.app/Contents/Frameworks/Python.framework/Versions/Current/lib/libpython2.7.dylib,-DMAYAUSD_TO_USD_RELATIVE_PATH=../USD '--ctest-args=-E testUsdReferenceAssemblySelection|testUsdMayaAppDir|testUsdExportAsClip,-LE interactive,--parallel 12' --stages=install --redirect-outstream-file=False --install-location /local/S/jenkins/workspace/ecg-mayausd-branch-preflight-2020-osx/install/RelWithDebInfo/MayaUSD /local/S/jenkins/workspace/ecg-mayausd-branch-preflight-2020-osx
Modified environment variables:
    PATH=/local/S/jenkins/workspace/shared/Artifactory/OSX/cmake/3.14.4/e159059/bin:/usr/local/bin:/bin:/usr/sbin:/sbin:/usr/bin
    [1/17] Automatic MOC and UIC for target mayaUsdUI
    [2/14] Running utility command for MAYAUSD_NODES_TEST
    [3/14] Running utility command for MAYAUSD_SCHEMA_TEST
    [4/14] Running utility command for MAYAUSD_TEST
    [5/14] Automatic MOC and UIC for target testMayaUsdUI
    [6/12] Running utility command for PYTHON_TEST_UTILS
    [7/12] Running utility command for MAYAUSD_PXR_USD_PREVIEW_SURFACE_TEST
    [8/12] Running utility command for UFE_TEST
    [9/12] Running utility command for PYTHON_TEST_SAMPLES
    [10/12] Running utility command for MAYAUSD_RENDER_PXRUSDMAYAGL_TEST
    [11/12] Running utility command for IMPORT_EXPORT_TEST
    [11/12] Install the project...
    -- Install configuration: "RelWithDebInfo"
    
        Building with settings:
          Source directory          /local/S/jenkins/workspace/ecg-mayausd-branch-preflight-2020-osx/ecg-maya-usd/maya-usd
          Workspace directory       /local/S/jenkins/workspace/ecg-mayausd-branch-preflight-2020-osx
          Build directory           /local/S/jenkins/workspace/ecg-mayausd-branch-preflight-2020-osx/build/RelWithDebInfo
          Install directory         /local/S/jenkins/workspace/ecg-mayausd-branch-preflight-2020-osx/install/RelWithDebInfo/MayaUSD
          Variant                   RelWithDebInfo
          Python Debug              Off
          CMake generator           Ninja
          Build arguments           ['-DCMAKE_MAKE_PROGRAM=/local/S/jenkins/workspace/shared/Artifactory/OSX/ninja/1.9.0/41005eb/ninja', '-DPYTHON_INCLUDE_DIR=/local/S/jenkins/workspace/shared/Artifactory/OSX/rundev-2020/202004291615/runtime/8fd8f21/runTime/Maya.app/Contents/Frameworks/Python.framework/Versions/Current/include/python2.7', '-DPython_EXECUTABLE=/local/S/jenkins/workspace/shared/Artifactory/OSX/rundev-2020/202004291615/runtime/8fd8f21/runTime/Maya.app/Contents/bin/mayapy', '-DPYTHON_LIBRARIES=/local/S/jenkins/workspace/shared/Artifactory/OSX/rundev-2020/202004291615/runtime/8fd8f21/runTime/Maya.app/Contents/Frameworks/Python.framework/Versions/Current/lib/libpython2.7.dylib', '-DMAYAUSD_TO_USD_RELATIVE_PATH=../USD']
          Stages arguments          ['install']
          CTest arguments           ['-E testUsdReferenceAssemblySelection|testUsdMayaAppDir|testUsdExportAsClip', '-LE interactive', '--parallel 12']
    Success MayaUSD build and install !!!!
    Elapsed time: 00:00:07
Finding Artifactory servers response times
Creating directory: /local/S/jenkins/workspace/ecg-mayausd-branch-preflight-2020-osx/install/RelWithDebInfo/USD/devkit
Creating directory: /local/S/jenkins/workspace/ecg-mayausd-branch-preflight-2020-osx/install/RelWithDebInfo/USD/devkit/lib
Moving /local/S/jenkins/workspace/ecg-mayausd-branch-preflight-2020-osx/install/RelWithDebInfo/USD/include
Moving /local/S/jenkins/workspace/ecg-mayausd-branch-preflight-2020-osx/install/RelWithDebInfo/USD/cmake
Moving /local/S/jenkins/workspace/ecg-mayausd-branch-preflight-2020-osx/install/RelWithDebInfo/USD/share
Creating zip archive 'devkit.zip' using Zip.
Removing directory: /local/S/jenkins/workspace/ecg-mayausd-branch-preflight-2020-osx/install/RelWithDebInfo/USD/devkit
[Pipeline] }
[Pipeline] // withEnv
[Pipeline] }
[Pipeline] // stage
[Pipeline] }
[Pipeline] // timestamps
[Pipeline] }
[Pipeline] // timeout
[Pipeline] timeout
Timeout set to expire in 6 hr 0 min
[Pipeline] {
[Pipeline] timestamps
[Pipeline] {
[Pipeline] stage
[Pipeline] { (Test)
[Pipeline] withEnv
[Pipeline] {
[Pipeline] sh
[ecg-mayausd-branch-preflight-2020-osx] Running shell script
+ python ecg-maya-usd/build.py --stages=test --workspace-dir=/local/S/jenkins/workspace/ecg-mayausd-branch-preflight-2020-osx --artifactory-dir=/local/S/jenkins/workspace/shared/Artifactory --build-dir=/local/S/jenkins/workspace/ecg-mayausd-branch-preflight-2020-osx/build --install-dir=/local/S/jenkins/workspace/ecg-mayausd-branch-preflight-2020-osx/install --signing-dir=/local/S/jenkins/workspace/ecg-mayausd-branch-preflight-2020-osx/signing --package-dir=/local/S/jenkins/workspace/ecg-mayausd-branch-preflight-2020-osx/package --output-dir=/local/S/jenkins/workspace/ecg-mayausd-branch-preflight-2020-osx/output --stash-dir=/local/S/jenkins/workspace/ecg-mayausd-branch-preflight-2020-osx/stash --jenkins-build=348 --git-commit=d6f37a5e5696a1491862657704651c45dc99341e --git-branch=master --variants=RelWithDebInfo --python=2 --test-jobs=0 --failed-test-retry=3 --maya-cut-config=maya-rundev-2020.yaml --stage-banner --progressive-timeout
Using Maya cut from /local/S/jenkins/workspace/shared/Artifactory/OSX/rundev-2020/202004291615/runtime/8fd8f21

================================================================================
                             test (RelWithDebInfo)
================================================================================
running test stage....................
Maya Python RelWithDebInfo Info:
  mayapy executable   = /local/S/jenkins/workspace/shared/Artifactory/OSX/rundev-2020/202004291615/runtime/8fd8f21/runTime/Maya.app/Contents/bin/mayapy
  Include Folder      = /local/S/jenkins/workspace/shared/Artifactory/OSX/rundev-2020/202004291615/runtime/8fd8f21/runTime/Maya.app/Contents/Frameworks/Python.framework/Versions/Current/include/python2.7
  Library             = /local/S/jenkins/workspace/shared/Artifactory/OSX/rundev-2020/202004291615/runtime/8fd8f21/runTime/Maya.app/Contents/Frameworks/Python.framework/Versions/Current/lib/libpython2.7.dylib
  site-package Folder = /local/S/jenkins/workspace/shared/Artifactory/OSX/rundev-2020/202004291615/runtime/8fd8f21/runTime/Maya.app/Contents/Frameworks/Python.framework/Versions/Current/lib/python2.7/site-packages
In workdir: /local/S/jenkins/workspace/ecg-mayausd-branch-preflight-2020-osx/ecg-maya-usd/maya-usd
Executing: /local/S/jenkins/workspace/shared/Artifactory/OSX/rundev-2020/202004291615/runtime/8fd8f21/runTime/Maya.app/Contents/bin/mayapy /local/S/jenkins/workspace/ecg-mayausd-branch-preflight-2020-osx/ecg-maya-usd/maya-usd/build.py --generator Ninja --build-relwithdebug --maya-location /local/S/jenkins/workspace/shared/Artifactory/OSX/rundev-2020/202004291615/runtime/8fd8f21/runTime --devkit-location /local/S/jenkins/workspace/shared/Artifactory/OSX/rundev-2020/202004291615/runtime/8fd8f21/devkitBase --pxrusd-location /local/S/jenkins/workspace/shared/Artifactory/OSX/USD/98ad8fb --qt-location /local/S/jenkins/workspace/shared/Artifactory/OSX/qt/5.12.5/3ca78fe --build-args=-DCMAKE_MAKE_PROGRAM=/local/S/jenkins/workspace/shared/Artifactory/OSX/ninja/1.9.0/41005eb/ninja,-DPYTHON_INCLUDE_DIR=/local/S/jenkins/workspace/shared/Artifactory/OSX/rundev-2020/202004291615/runtime/8fd8f21/runTime/Maya.app/Contents/Frameworks/Python.framework/Versions/Current/include/python2.7,-DPython_EXECUTABLE=/local/S/jenkins/workspace/shared/Artifactory/OSX/rundev-2020/202004291615/runtime/8fd8f21/runTime/Maya.app/Contents/bin/mayapy,-DPYTHON_LIBRARIES=/local/S/jenkins/workspace/shared/Artifactory/OSX/rundev-2020/202004291615/runtime/8fd8f21/runTime/Maya.app/Contents/Frameworks/Python.framework/Versions/Current/lib/libpython2.7.dylib,-DMAYAUSD_TO_USD_RELATIVE_PATH=../USD '--ctest-args=-E testUsdReferenceAssemblySelection|testUsdMayaAppDir|testUsdExportAsClip,-LE interactive,--parallel 12' --stages=test --redirect-outstream-file=False --install-location /local/S/jenkins/workspace/ecg-mayausd-branch-preflight-2020-osx/install/RelWithDebInfo/MayaUSD /local/S/jenkins/workspace/ecg-mayausd-branch-preflight-2020-osx
Modified environment variables:
    PATH=/local/S/jenkins/workspace/shared/Artifactory/OSX/cmake/3.14.4/e159059/bin:/usr/local/bin:/bin:/usr/sbin:/sbin:/usr/bin
    Test project /local/S/jenkins/workspace/ecg-mayausd-branch-preflight-2020-osx/build/RelWithDebInfo
            Start   1: testMayaUsdConverter
            Start   2: testMayaUsdPythonImport
            Start   3: testMayaUsdLayerEditorCommands
            Start   4: testPointBasedDeformerNode
            Start  19: testDeleteCmd
            Start  20: testMatrices
            Start  21: testMayaPickwalk
            Start  22: testSelection
            Start  23: testUfePythonImport
            Start  24: testPxrUsdPreviewSurfaceDraw
            Start  25: testPxrUsdPreviewSurfaceExport
            Start  26: testMayaUsdSchemasPythonImport
      1/101 Test  #24: testPxrUsdPreviewSurfaceDraw ....................   Passed   11.81 sec
            Start  27: testMayaUsdSchemasMayaReference
      2/101 Test  #26: testMayaUsdSchemasPythonImport ..................   Passed   12.85 sec
            Start  28: DiffCore
      3/101 Test  #28: DiffCore ........................................   Passed    0.06 sec
            Start  29: testUsdExportCamera
      4/101 Test   #2: testMayaUsdPythonImport .........................   Passed   14.45 sec
            Start  30: testUsdExportColorSets
      5/101 Test  #23: testUfePythonImport .............................   Passed   14.54 sec
            Start  31: testUsdExportConnected
      6/101 Test   #1: testMayaUsdConverter ............................   Passed   14.78 sec
            Start  32: testUsdExportDisplacement
      7/101 Test   #4: testPointBasedDeformerNode ......................   Passed   15.21 sec
            Start  33: testUsdExportDisplayColor
      8/101 Test   #3: testMayaUsdLayerEditorCommands ..................   Passed   15.22 sec
            Start  34: testUsdExportEulerFilter
      9/101 Test  #22: testSelection ...................................   Passed   15.62 sec
            Start  35: testUsdExportFileFormat
     10/101 Test  #20: testMatrices ....................................   Passed   16.09 sec
            Start  36: testUsdExportFilterTypes
     11/101 Test  #25: testPxrUsdPreviewSurfaceExport ..................   Passed   16.09 sec
            Start  37: testUsdExportFrameOffset
     12/101 Test  #19: testDeleteCmd ...................................   Passed   16.13 sec
            Start  38: testUsdExportGeomSubset
     13/101 Test  #21: testMayaPickwalk ................................   Passed   16.22 sec
            Start  39: testUsdExportInstances
     14/101 Test  #27: testMayaUsdSchemasMayaReference .................   Passed    6.77 sec
            Start  40: testUsdExportLocator
     15/101 Test  #29: testUsdExportCamera .............................   Passed    9.63 sec
            Start  41: testUsdExportMayaInstancer
     16/101 Test  #31: testUsdExportConnected ..........................   Passed    9.66 sec
            Start  42: testUsdExportMesh
     17/101 Test  #30: testUsdExportColorSets ..........................   Passed   10.01 sec
            Start  43: testUsdExportNurbsCurve
     18/101 Test  #35: testUsdExportFileFormat .........................   Passed    8.98 sec
            Start  44: testUsdExportOpenLayer
     19/101 Test  #33: testUsdExportDisplayColor .......................   Passed    9.41 sec
            Start  45: testUsdExportOverImport
     20/101 Test  #34: testUsdExportEulerFilter ........................   Passed    9.51 sec
            Start  46: testUsdExportParentScope
     21/101 Test  #32: testUsdExportDisplacement .......................   Passed   10.00 sec
            Start  47: testUsdExportParticles
     22/101 Test  #38: testUsdExportGeomSubset .........................   Passed    9.57 sec
            Start  48: testUsdExportPref
     23/101 Test  #39: testUsdExportInstances ..........................   Passed    9.52 sec
            Start  49: testUsdExportRenderLayerMode
     24/101 Test  #37: testUsdExportFrameOffset ........................   Passed    9.87 sec
            Start  50: testUsdExportSelection
     25/101 Test  #36: testUsdExportFilterTypes ........................   Passed    9.96 sec
            Start  51: testUsdExportSelectionHierarchy
     26/101 Test  #40: testUsdExportLocator ............................   Passed    9.64 sec
            Start  52: testUsdExportShadingInstanced
     27/101 Test  #49: testUsdExportRenderLayerMode ....................   Passed    6.56 sec
            Start  53: testUsdExportShadingModePxrRis
     28/101 Test  #41: testUsdExportMayaInstancer ......................   Passed   10.67 sec
            Start  54: testUsdExportSkeleton
     29/101 Test  #44: testUsdExportOpenLayer ..........................   Passed    8.96 sec
            Start  55: testUsdExportStripNamespaces
     30/101 Test  #45: testUsdExportOverImport .........................   Passed    9.08 sec
            Start  56: testUsdExportStroke
     31/101 Test  #42: testUsdExportMesh ...............................   Passed    9.61 sec
            Start  57: testUsdExportUVSetMappings
     32/101 Test  #43: testUsdExportNurbsCurve .........................   Passed    9.80 sec
            Start  58: testUsdExportVisibilityDefault
     33/101 Test  #46: testUsdExportParentScope ........................   Passed    9.53 sec
            Start  59: testUsdImportCamera
     34/101 Test  #47: testUsdExportParticles ..........................   Passed    9.60 sec
            Start  60: testUsdImportColorSets
     35/101 Test  #48: testUsdExportPref ...............................   Passed    9.47 sec
            Start  61: testUsdImportDisplacement
     36/101 Test  #50: testUsdExportSelection ..........................   Passed    9.52 sec
            Start  62: testUsdImportExportScope
     37/101 Test  #51: testUsdExportSelectionHierarchy .................   Passed    9.84 sec
            Start  63: testUsdImportExportTypelessDefs
     38/101 Test  #52: testUsdExportShadingInstanced ...................   Passed    9.47 sec
            Start  64: testUsdImportFrameRange
     39/101 Test  #53: testUsdExportShadingModePxrRis ..................   Passed    9.62 sec
            Start  65: testUsdImportInstances
     40/101 Test  #55: testUsdExportStripNamespaces ....................   Passed    8.95 sec
            Start  66: testUsdImportMayaReference
     41/101 Test  #59: testUsdImportCamera .............................   Passed    8.96 sec
            Start  67: testUsdImportMesh
     42/101 Test  #60: testUsdImportColorSets ..........................   Passed    8.96 sec
            Start  68: testUsdImportPreviewSurface
     43/101 Test  #54: testUsdExportSkeleton ...........................   Passed   10.13 sec
            Start  69: testUsdImportSessionLayer
     44/101 Test  #57: testUsdExportUVSetMappings ......................   Passed    9.68 sec
            Start  70: testUsdImportShadingModeDisplayColor
     45/101 Test  #56: testUsdExportStroke .............................   Passed    9.92 sec
            Start  71: testUsdImportShadingModePxrRis
     46/101 Test  #58: testUsdExportVisibilityDefault ..................   Passed    9.60 sec
            Start  72: testUsdExportImportRoundtripPreviewSurface
     47/101 Test  #61: testUsdImportDisplacement .......................   Passed    9.20 sec
            Start  73: testUsdImportSkeleton
     48/101 Test  #62: testUsdImportExportScope ........................   Passed    8.89 sec
            Start  74: testUsdImportXforms
     49/101 Test  #63: testUsdImportExportTypelessDefs .................   Passed    8.97 sec
            Start  75: testUsdMayaAdaptor
     50/101 Test  #64: testUsdImportFrameRange .........................   Passed    9.11 sec
            Start  76: testUsdMayaAdaptorGeom
     51/101 Test  #65: testUsdImportInstances ..........................   Passed    9.18 sec
            Start  77: testUsdMayaAdaptorMetadata
     52/101 Test  #66: testUsdImportMayaReference ......................   Passed    9.17 sec
            Start  78: testUsdMayaAdaptorUndoRedo
     53/101 Test  #67: testUsdImportMesh ...............................   Passed    8.69 sec
            Start  79: testUsdExportRfMShaders
     54/101 Test  #69: testUsdImportSessionLayer .......................   Passed    8.71 sec
            Start  80: testUsdImportRfMShaders
     55/101 Test  #71: testUsdImportShadingModePxrRis ..................   Passed    8.64 sec
            Start  81: testUsdExportUVSets
     56/101 Test  #70: testUsdImportShadingModeDisplayColor ............   Passed    8.79 sec
            Start  82: testUsdExportUVSetsFloat
     57/101 Test  #72: testUsdExportImportRoundtripPreviewSurface ......   Passed    8.63 sec
            Start  83: testUsdImportUVSets
     58/101 Test  #68: testUsdImportPreviewSurface .....................   Passed    9.19 sec
            Start  84: testUsdImportUVSetsFloat
     59/101 Test  #73: testUsdImportSkeleton ...........................   Passed    9.07 sec
            Start  85: testUsdExportCustomConverter
     60/101 Test  #75: testUsdMayaAdaptor ..............................   Passed    9.12 sec
            Start  86: testUsdImportCustomConverter
     61/101 Test  #76: testUsdMayaAdaptorGeom ..........................   Passed    8.84 sec
            Start  87: testUsdMayaListShadingModesCommand
     62/101 Test  #77: testUsdMayaAdaptorMetadata ......................   Passed    9.23 sec
            Start  88: testUsdExportAssembly
     63/101 Test  #78: testUsdMayaAdaptorUndoRedo ......................   Passed    9.09 sec
            Start  89: testUsdExportAssemblyEdits
     64/101 Test  #80: testUsdImportRfMShaders .........................   Passed    8.74 sec
            Start  90: testUsdExportPackage
     65/101 Test  #79: testUsdExportRfMShaders .........................   Passed    9.37 sec
            Start  91: testUsdExportPointInstancer
     66/101 Test  #81: testUsdExportUVSets .............................***Failed    9.28 sec
    Warning: This file is from an older version of Maya.  If saved, it will not be readable by previous versions.
    File read in  0.68 seconds.
    Status: in _BeginWriting at line 245 of /local/S/jenkins/workspace/ecg-mayausd-branch-preflight-2020-osx/ecg-maya-usd/maya-usd/lib/mayaUsd/fileio/jobs/writeJob.cpp -- Opening layer '/local/S/jenkins/workspace/ecg-mayausd-branch-preflight-2020-osx/build/RelWithDebInfo/test/lib/usd/translators/testUsdExportUVSetsOutput/UsdExportUVSetsTest.usda' for writing
    Status: in _FinishWriting at line 540 of /local/S/jenkins/workspace/ecg-mayausd-branch-preflight-2020-osx/ecg-maya-usd/maya-usd/lib/mayaUsd/fileio/jobs/writeJob.cpp -- Saving stage
    .F.FF.E.
    ======================================================================
    ERROR: testExportUvVersusUvIndexFromIterator (testUsdExportUVSets.testUsdExportUVSets)
    ----------------------------------------------------------------------
    Traceback (most recent call last):
      File "testUsdExportUVSets.py", line 353, in testExportUvVersusUvIndexFromIterator
    RuntimeError: Accessed invalid attribute as a primvar
    
    ======================================================================
    FAIL: testExportDefaultUVSet (testUsdExportUVSets.testUsdExportUVSets)
    ----------------------------------------------------------------------
    Traceback (most recent call last):
      File "testUsdExportUVSets.py", line 157, in testExportDefaultUVSet
      File "testUsdExportUVSets.py", line 40, in _AssertUVPrimvar
    AssertionError: <pxr.UsdGeom.Primvar object at 0x14fca6c20> is not true
    
    ======================================================================
    FAIL: testExportOneAssignedFaceUVSet (testUsdExportUVSets.testUsdExportUVSets)
    ----------------------------------------------------------------------
    Traceback (most recent call last):
      File "testUsdExportUVSets.py", line 233, in testExportOneAssignedFaceUVSet
      File "testUsdExportUVSets.py", line 40, in _AssertUVPrimvar
    AssertionError: <pxr.UsdGeom.Primvar object at 0x14fca6c20> is not true
    
    ======================================================================
    FAIL: testExportOneMissingFaceUVSet (testUsdExportUVSets.testUsdExportUVSets)
    ----------------------------------------------------------------------
    Traceback (most recent call last):
      File "testUsdExportUVSets.py", line 200, in testExportOneMissingFaceUVSet
      File "testUsdExportUVSets.py", line 40, in _AssertUVPrimvar
    AssertionError: <pxr.UsdGeom.Primvar object at 0x14fca6c20> is not true
    
    ----------------------------------------------------------------------
    Ran 8 tests in 1.638s
    
    FAILED (failures=3, errors=1)
    
            Start  92: testUsdImportAsAssemblies
     67/101 Test  #82: testUsdExportUVSetsFloat ........................***Failed    9.41 sec
    ##############################################################################
    #  PIXMAYA_WRITE_UV_AS_FLOAT2 is overridden to 'true'.  Default is 'false'.  #
    ##############################################################################
    Warning: This file is from an older version of Maya.  If saved, it will not be readable by previous versions.
    File read in  0.69 seconds.
    Status: in _BeginWriting at line 245 of /local/S/jenkins/workspace/ecg-mayausd-branch-preflight-2020-osx/ecg-maya-usd/maya-usd/lib/mayaUsd/fileio/jobs/writeJob.cpp -- Opening layer '/local/S/jenkins/workspace/ecg-mayausd-branch-preflight-2020-osx/build/RelWithDebInfo/test/lib/usd/translators/testUsdExportUVSetsFloatOutput/UsdExportUVSetsTest.usda' for writing
    Status: in _FinishWriting at line 540 of /local/S/jenkins/workspace/ecg-mayausd-branch-preflight-2020-osx/ecg-maya-usd/maya-usd/lib/mayaUsd/fileio/jobs/writeJob.cpp -- Saving stage
    .F.FF.E.
    ======================================================================
    ERROR: testExportUvVersusUvIndexFromIterator (testUsdExportUVSets.testUsdExportUVSets)
    ----------------------------------------------------------------------
    Traceback (most recent call last):
      File "testUsdExportUVSets.py", line 353, in testExportUvVersusUvIndexFromIterator
    RuntimeError: Accessed invalid attribute as a primvar
    
    ======================================================================
    FAIL: testExportDefaultUVSet (testUsdExportUVSets.testUsdExportUVSets)
    ----------------------------------------------------------------------
    Traceback (most recent call last):
      File "testUsdExportUVSets.py", line 157, in testExportDefaultUVSet
      File "testUsdExportUVSets.py", line 40, in _AssertUVPrimvar
    AssertionError: <pxr.UsdGeom.Primvar object at 0x149091c20> is not true
    
    ======================================================================
    FAIL: testExportOneAssignedFaceUVSet (testUsdExportUVSets.testUsdExportUVSets)
    ----------------------------------------------------------------------
    Traceback (most recent call last):
      File "testUsdExportUVSets.py", line 233, in testExportOneAssignedFaceUVSet
      File "testUsdExportUVSets.py", line 40, in _AssertUVPrimvar
    AssertionError: <pxr.UsdGeom.Primvar object at 0x149091c20> is not true
    
    ======================================================================
    FAIL: testExportOneMissingFaceUVSet (testUsdExportUVSets.testUsdExportUVSets)
    ----------------------------------------------------------------------
    Traceback (most recent call last):
      File "testUsdExportUVSets.py", line 200, in testExportOneMissingFaceUVSet
      File "testUsdExportUVSets.py", line 40, in _AssertUVPrimvar
    AssertionError: <pxr.UsdGeom.Primvar object at 0x149091c20> is not true
    
    ----------------------------------------------------------------------
    Ran 8 tests in 1.693s
    
    FAILED (failures=3, errors=1)
    
            Start  93: testUsdImportNestedAssemblyAnimation
     68/101 Test  #85: testUsdExportCustomConverter ....................   Passed    8.67 sec
            Start  94: testUsdMayaBlockSceneModificationContext
     69/101 Test  #86: testUsdImportCustomConverter ....................   Passed    9.28 sec
            Start  95: testUsdMayaDiagnosticDelegate
     70/101 Test  #84: testUsdImportUVSetsFloat ........................***Failed   11.12 sec
    Status: in doIt at line 140 of /local/S/jenkins/workspace/ecg-mayausd-branch-preflight-2020-osx/ecg-maya-usd/maya-usd/lib/mayaUsd/commands/baseImportCommand.cpp -- Importing '/local/S/jenkins/workspace/ecg-mayausd-branch-preflight-2020-osx/build/RelWithDebInfo/test/lib/usd/translators/UsdImportUVSetsFloatTest/UsdImportUVSetsTest_Float.usda'
    .F.FF.File read in  0.009 seconds.
    F
    ======================================================================
    FAIL: testImportDefaultUVSet (testUsdImportUVSets.testUsdImportUVSets)
    ----------------------------------------------------------------------
    Traceback (most recent call last):
      File "testUsdImportUVSets.py", line 134, in testImportDefaultUVSet
        expectedNumValues=14)
      File "testUsdImportUVSets.py", line 48, in _AssertUVSet
        self.assertEqual(expectedNumValues, actualNumValues)
    AssertionError: 14 != 0
    
    ======================================================================
    FAIL: testImportOneAssignedFaceUVSet (testUsdImportUVSets.testUsdImportUVSets)
    ----------------------------------------------------------------------
    Traceback (most recent call last):
      File "testUsdImportUVSets.py", line 184, in testImportOneAssignedFaceUVSet
        expectedNumValues=4)
      File "testUsdImportUVSets.py", line 48, in _AssertUVSet
        self.assertEqual(expectedNumValues, actualNumValues)
    AssertionError: 4 != 0
    
    ======================================================================
    FAIL: testImportOneMissingFaceUVSet (testUsdImportUVSets.testUsdImportUVSets)
    ----------------------------------------------------------------------
    Traceback (most recent call last):
      File "testUsdImportUVSets.py", line 167, in testImportOneMissingFaceUVSet
        expectedNumValues=14)
      File "testUsdImportUVSets.py", line 48, in _AssertUVSet
        self.assertEqual(expectedNumValues, actualNumValues)
    AssertionError: 14 != 0
    
    ======================================================================
    FAIL: testImportUVSetForMeshWithCreases (testUsdImportUVSets.testUsdImportUVSets)
    ----------------------------------------------------------------------
    Traceback (most recent call last):
      File "testUsdImportUVSets.py", line 348, in testImportUVSetForMeshWithCreases
        expectedNumValues=14)
      File "testUsdImportUVSets.py", line 48, in _AssertUVSet
        self.assertEqual(expectedNumValues, actualNumValues)
    AssertionError: 14 != 0
    
    ----------------------------------------------------------------------
    Ran 7 tests in 3.281s
    
    FAILED (failures=4)
    
            Start  96: testUsdMayaGetVariantSetSelections
     71/101 Test  #83: testUsdImportUVSets .............................***Failed   11.19 sec
    #############################################################################
    #  PIXMAYA_READ_FLOAT2_AS_UV is overridden to 'false'.  Default is 'true'.  #
    #############################################################################
    Status: in doIt at line 140 of /local/S/jenkins/workspace/ecg-mayausd-branch-preflight-2020-osx/ecg-maya-usd/maya-usd/lib/mayaUsd/commands/baseImportCommand.cpp -- Importing '/local/S/jenkins/workspace/ecg-mayausd-branch-preflight-2020-osx/build/RelWithDebInfo/test/lib/usd/translators/UsdImportUVSetsTest/UsdImportUVSetsTest.usda'
    .F.FF.File read in  0.011 seconds.
    F
    ======================================================================
    FAIL: testImportDefaultUVSet (testUsdImportUVSets.testUsdImportUVSets)
    ----------------------------------------------------------------------
    Traceback (most recent call last):
      File "testUsdImportUVSets.py", line 134, in testImportDefaultUVSet
        expectedNumValues=14)
      File "testUsdImportUVSets.py", line 48, in _AssertUVSet
        self.assertEqual(expectedNumValues, actualNumValues)
    AssertionError: 14 != 0
    
    ======================================================================
    FAIL: testImportOneAssignedFaceUVSet (testUsdImportUVSets.testUsdImportUVSets)
    ----------------------------------------------------------------------
    Traceback (most recent call last):
      File "testUsdImportUVSets.py", line 184, in testImportOneAssignedFaceUVSet
        expectedNumValues=4)
      File "testUsdImportUVSets.py", line 48, in _AssertUVSet
        self.assertEqual(expectedNumValues, actualNumValues)
    AssertionError: 4 != 0
    
    ======================================================================
    FAIL: testImportOneMissingFaceUVSet (testUsdImportUVSets.testUsdImportUVSets)
    ----------------------------------------------------------------------
    Traceback (most recent call last):
      File "testUsdImportUVSets.py", line 167, in testImportOneMissingFaceUVSet
        expectedNumValues=14)
      File "testUsdImportUVSets.py", line 48, in _AssertUVSet
        self.assertEqual(expectedNumValues, actualNumValues)
    AssertionError: 14 != 0
    
    ======================================================================
    FAIL: testImportUVSetForMeshWithCreases (testUsdImportUVSets.testUsdImportUVSets)
    ----------------------------------------------------------------------
    Traceback (most recent call last):
      File "testUsdImportUVSets.py", line 348, in testImportUVSetForMeshWithCreases
        expectedNumValues=14)
      File "testUsdImportUVSets.py", line 48, in _AssertUVSet
        self.assertEqual(expectedNumValues, actualNumValues)
    AssertionError: 14 != 0
    
    ----------------------------------------------------------------------
    Ran 7 tests in 3.105s
    
    FAILED (failures=4)
    
            Start  97: testUsdMayaModelKindProcessor
     72/101 Test  #87: testUsdMayaListShadingModesCommand ..............   Passed    9.29 sec
            Start  98: testUsdMayaProxyShape
     73/101 Test  #88: testUsdExportAssembly ...........................   Passed   10.29 sec
            Start  99: testUsdMayaReadWriteUtils
     74/101 Test  #93: testUsdImportNestedAssemblyAnimation ............   Passed    9.22 sec
            Start 100: testUsdMayaReferenceAssemblyEdits
     75/101 Test  #89: testUsdExportAssemblyEdits ......................   Passed   10.44 sec
            Start 101: testUsdMayaUserExportedAttributes
     76/101 Test  #92: testUsdImportAsAssemblies .......................   Passed    9.69 sec
            Start 102: testUsdReferenceAssemblyChangeRepresentations
     77/101 Test  #90: testUsdExportPackage ............................   Passed   10.58 sec
            Start 103: testUsdMayaXformStack
     78/101 Test  #94: testUsdMayaBlockSceneModificationContext ........   Passed    9.83 sec
            Start 104: testPxrUsdAlembicChaser
     79/101 Test  #95: testUsdMayaDiagnosticDelegate ...................   Passed   10.74 sec
            Start 105: AL_MayaUtilsTests
     80/101 Test  #97: testUsdMayaModelKindProcessor ...................   Passed   10.34 sec
            Start 106: GTest:AL_USDTransactionTests
     81/101 Test #106: GTest:AL_USDTransactionTests ....................   Passed    0.11 sec
            Start 107: Python:AL_USDTransactionTests
     82/101 Test  #96: testUsdMayaGetVariantSetSelections ..............   Passed   11.15 sec
            Start 108: AL_USDMayaTestPlugin
     83/101 Test #107: Python:AL_USDTransactionTests ...................   Passed    0.93 sec
            Start 109: TestALUSDMayaPython_ProxyShape
     84/101 Test  #98: testUsdMayaProxyShape ...........................   Passed   10.42 sec
            Start 110: TestALUSDMayaPython_Translators
     85/101 Test #105: AL_MayaUtilsTests ...............................   Passed    5.67 sec
            Start 111: TestALUSDMayaPython_LayerManager
     86/101 Test  #99: testUsdMayaReadWriteUtils .......................   Passed   10.83 sec
            Start 112: TestALUSDMayaPython_ImportModule
     87/101 Test #101: testUsdMayaUserExportedAttributes ...............***Failed   10.39 sec
    Warning: This file is from an older version of Maya.  If saved, it will not be readable by previous versions.
    File read in  0.72 seconds.
    Opening layer '/private/var/folders/cc/h3hp1kt14rv3j5t_lybwwgqh0000gp/T/tmpXnmSm8/UserExportedAttributesTest_EXPORTED_MERGED.usda' for writing
    Warning: Cycle detected:
    @/private/var/folders/cc/h3hp1kt14rv3j5t_lybwwgqh0000gp/T/tmpXnmSm8/UserExportedAttributesTest_EXPORTED_MERGED.usda@,@anon:0x7fc9455676e0:UserExportedAttributesTest_EXPORTED_MERGED-session.usda@</UserExportedAttributesTest/Looks/initialShadingGroup>
    CANNOT refer to:
    @/private/var/folders/cc/h3hp1kt14rv3j5t_lybwwgqh0000gp/T/tmpXnmSm8/UserExportedAttributesTest_EXPORTED_MERGED.usda@,@anon:0x7fc9455676e0:UserExportedAttributesTest_EXPORTED_MERGED-session.usda@</UserExportedAttributesTest/Looks/initialShadingGroup>
     (recomposing stage on stage @/private/var/folders/cc/h3hp1kt14rv3j5t_lybwwgqh0000gp/T/tmpXnmSm8/UserExportedAttributesTest_EXPORTED_MERGED.usda@ <0x7fc945567bd0>)
    Warning: Cycle detected:
    @/private/var/folders/cc/h3hp1kt14rv3j5t_lybwwgqh0000gp/T/tmpXnmSm8/UserExportedAttributesTest_EXPORTED_MERGED.usda@,@anon:0x7fc9455676e0:UserExportedAttributesTest_EXPORTED_MERGED-session.usda@</UserExportedAttributesTest/Looks/initialShadingGroup>
    CANNOT refer to:
    @/private/var/folders/cc/h3hp1kt14rv3j5t_lybwwgqh0000gp/T/tmpXnmSm8/UserExportedAttributesTest_EXPORTED_MERGED.usda@,@anon:0x7fc9455676e0:UserExportedAttributesTest_EXPORTED_MERGED-session.usda@</UserExportedAttributesTest/Looks/initialShadingGroup>
     (recomposing stage on stage @/private/var/folders/cc/h3hp1kt14rv3j5t_lybwwgqh0000gp/T/tmpXnmSm8/UserExportedAttributesTest_EXPORTED_MERGED.usda@ <0x7fc945567bd0>)
    Saving stage
    Error: Could not find attribute 'bogusAttrOne' for USD export on node '|UserExportedAttributesTest|Geom|Cube' -- Runtime Error in GetUserTaggedAttributesForNode at line 190 of /local/S/jenkins/workspace/ecg-mayausd-branch-preflight-2020-osx/ecg-maya-usd/maya-usd/lib/mayaUsd/fileio/utils/userTaggedAttribute.cpp
    Error: Could not find attribute 'bogusAttrTwo' for USD export on node '|UserExportedAttributesTest|Geom|Cube' -- Runtime Error in GetUserTaggedAttributesForNode at line 190 of /local/S/jenkins/workspace/ecg-mayausd-branch-preflight-2020-osx/ecg-maya-usd/maya-usd/lib/mayaUsd/fileio/utils/userTaggedAttribute.cpp
    Error: Could not find attribute 'bogusRemapAttr' for USD export on node '|UserExportedAttributesTest|Geom|Cube' -- Runtime Error in GetUserTaggedAttributesForNode at line 190 of /local/S/jenkins/workspace/ecg-mayausd-branch-preflight-2020-osx/ecg-maya-usd/maya-usd/lib/mayaUsd/fileio/utils/userTaggedAttribute.cpp
    Error: Ignoring duplicate USD export tag for attribute 'userProperties:multiplyTaggedAttr' on node '|UserExportedAttributesTest|Geom|Cube' -- Runtime Error in GetUserTaggedAttributesForNode at line 243 of /local/S/jenkins/workspace/ecg-mayausd-branch-preflight-2020-osx/ecg-maya-usd/maya-usd/lib/mayaUsd/fileio/utils/userTaggedAttribute.cpp
    Error: Ignoring duplicate USD export tag for attribute 'userProperties:multiplyTaggedAttr' on node '|UserExportedAttributesTest|Geom|Cube' -- Runtime Error in GetUserTaggedAttributesForNode at line 243 of /local/S/jenkins/workspace/ecg-mayausd-branch-preflight-2020-osx/ecg-maya-usd/maya-usd/lib/mayaUsd/fileio/utils/userTaggedAttribute.cpp
    Error: Ignoring duplicate USD export tag for attribute 'userProperties:multiplyTaggedAttr' on node '|UserExportedAttributesTest|Geom|Cube' -- Runtime Error in GetUserTaggedAttributesForNode at line 243 of /local/S/jenkins/workspace/ecg-mayausd-branch-preflight-2020-osx/ecg-maya-usd/maya-usd/lib/mayaUsd/fileio/utils/userTaggedAttribute.cpp
    Opening layer '/private/var/folders/cc/h3hp1kt14rv3j5t_lybwwgqh0000gp/T/tmpXnmSm8/UserExportedAttributesTest_EXPORTED_UNMERGED.usda' for writing
    Warning: Cycle detected:
    @/private/var/folders/cc/h3hp1kt14rv3j5t_lybwwgqh0000gp/T/tmpXnmSm8/UserExportedAttributesTest_EXPORTED_UNMERGED.usda@,@anon:0x7fc94508c620:UserExportedAttributesTest_EXPORTED_UNMERGED-session.usda@</UserExportedAttributesTest/Looks/initialShadingGroup>
    CANNOT refer to:
    @/private/var/folders/cc/h3hp1kt14rv3j5t_lybwwgqh0000gp/T/tmpXnmSm8/UserExportedAttributesTest_EXPORTED_UNMERGED.usda@,@anon:0x7fc94508c620:UserExportedAttributesTest_EXPORTED_UNMERGED-session.usda@</UserExportedAttributesTest/Looks/initialShadingGroup>
     (recomposing stage on stage @/private/var/folders/cc/h3hp1kt14rv3j5t_lybwwgqh0000gp/T/tmpXnmSm8/UserExportedAttributesTest_EXPORTED_UNMERGED.usda@ <0x7fc94508cc80>)
    Warning: Cycle detected:
    @/private/var/folders/cc/h3hp1kt14rv3j5t_lybwwgqh0000gp/T/tmpXnmSm8/UserExportedAttributesTest_EXPORTED_UNMERGED.usda@,@anon:0x7fc94508c620:UserExportedAttributesTest_EXPORTED_UNMERGED-session.usda@</UserExportedAttributesTest/Looks/initialShadingGroup>
    CANNOT refer to:
    @/private/var/folders/cc/h3hp1kt14rv3j5t_lybwwgqh0000gp/T/tmpXnmSm8/UserExportedAttributesTest_EXPORTED_UNMERGED.usda@,@anon:0x7fc94508c620:UserExportedAttributesTest_EXPORTED_UNMERGED-session.usda@</UserExportedAttributesTest/Looks/initialShadingGroup>
     (recomposing stage on stage @/private/var/folders/cc/h3hp1kt14rv3j5t_lybwwgqh0000gp/T/tmpXnmSm8/UserExportedAttributesTest_EXPORTED_UNMERGED.usda@ <0x7fc94508cc80>)
    Saving stage
    Error: Could not find attribute 'bogusAttrOne' for USD export on node '|UserExportedAttributesTest|Geom|Cube' -- Runtime Error in GetUserTaggedAttributesForNode at line 190 of /local/S/jenkins/workspace/ecg-mayausd-branch-preflight-2020-osx/ecg-maya-usd/maya-usd/lib/mayaUsd/fileio/utils/userTaggedAttribute.cpp
    Error: Could not find attribute 'bogusAttrTwo' for USD export on node '|UserExportedAttributesTest|Geom|Cube' -- Runtime Error in GetUserTaggedAttributesForNode at line 190 of /local/S/jenkins/workspace/ecg-mayausd-branch-preflight-2020-osx/ecg-maya-usd/maya-usd/lib/mayaUsd/fileio/utils/userTaggedAttribute.cpp
    Error: Could not find attribute 'bogusRemapAttr' for USD export on node '|UserExportedAttributesTest|Geom|Cube' -- Runtime Error in GetUserTaggedAttributesForNode at line 190 of /local/S/jenkins/workspace/ecg-mayausd-branch-preflight-2020-osx/ecg-maya-usd/maya-usd/lib/mayaUsd/fileio/utils/userTaggedAttribute.cpp
    Error: Ignoring duplicate USD export tag for attribute 'userProperties:multiplyTaggedAttr' on node '|UserExportedAttributesTest|Geom|Cube' -- Runtime Error in GetUserTaggedAttributesForNode at line 243 of /local/S/jenkins/workspace/ecg-mayausd-branch-preflight-2020-osx/ecg-maya-usd/maya-usd/lib/mayaUsd/fileio/utils/userTaggedAttribute.cpp
    Error: Ignoring duplicate USD export tag for attribute 'userProperties:multiplyTaggedAttr' on node '|UserExportedAttributesTest|Geom|Cube' -- Runtime Error in GetUserTaggedAttributesForNode at line 243 of /local/S/jenkins/workspace/ecg-mayausd-branch-preflight-2020-osx/ecg-maya-usd/maya-usd/lib/mayaUsd/fileio/utils/userTaggedAttribute.cpp
    Error: Ignoring duplicate USD export tag for attribute 'userProperties:multiplyTaggedAttr' on node '|UserExportedAttributesTest|Geom|Cube' -- Runtime Error in GetUserTaggedAttributesForNode at line 243 of /local/S/jenkins/workspace/ecg-mayausd-branch-preflight-2020-osx/ecg-maya-usd/maya-usd/lib/mayaUsd/fileio/utils/userTaggedAttribute.cpp
    testAllMayaAttributeTypesExport (__main__.testUsdMayaUserExportedAttributes) ... Warning: Cycle detected:
    @/private/var/folders/cc/h3hp1kt14rv3j5t_lybwwgqh0000gp/T/tmpXnmSm8/UserExportedAttributesTest_EXPORTED_MERGED.usda@,@anon:0x7fc944558740:UserExportedAttributesTest_EXPORTED_MERGED-session.usda@</UserExportedAttributesTest/Looks/initialShadingGroup>
    CANNOT refer to:
    @/private/var/folders/cc/h3hp1kt14rv3j5t_lybwwgqh0000gp/T/tmpXnmSm8/UserExportedAttributesTest_EXPORTED_MERGED.usda@,@anon:0x7fc944558740:UserExportedAttributesTest_EXPORTED_MERGED-session.usda@</UserExportedAttributesTest/Looks/initialShadingGroup>
     (instantiating stage on stage @/private/var/folders/cc/h3hp1kt14rv3j5t_lybwwgqh0000gp/T/tmpXnmSm8/UserExportedAttributesTest_EXPORTED_MERGED.usda@ <0x7fc944577ea0>)
    ok
    testAllMayaAttributeTypesExportTranslateDoubleToSinglePrecision (__main__.testUsdMayaUserExportedAttributes) ... Warning: Cycle detected:
    @/private/var/folders/cc/h3hp1kt14rv3j5t_lybwwgqh0000gp/T/tmpXnmSm8/UserExportedAttributesTest_EXPORTED_MERGED.usda@,@anon:0x7fc944e36760:UserExportedAttributesTest_EXPORTED_MERGED-session.usda@</UserExportedAttributesTest/Looks/initialShadingGroup>
    CANNOT refer to:
    @/private/var/folders/cc/h3hp1kt14rv3j5t_lybwwgqh0000gp/T/tmpXnmSm8/UserExportedAttributesTest_EXPORTED_MERGED.usda@,@anon:0x7fc944e36760:UserExportedAttributesTest_EXPORTED_MERGED-session.usda@</UserExportedAttributesTest/Looks/initialShadingGroup>
     (instantiating stage on stage @/private/var/folders/cc/h3hp1kt14rv3j5t_lybwwgqh0000gp/T/tmpXnmSm8/UserExportedAttributesTest_EXPORTED_MERGED.usda@ <0x7fc944e468c0>)
    ok
    testExportAttributeTypes (__main__.testUsdMayaUserExportedAttributes) ... Warning: Cycle detected:
    @/private/var/folders/cc/h3hp1kt14rv3j5t_lybwwgqh0000gp/T/tmpXnmSm8/UserExportedAttributesTest_EXPORTED_MERGED.usda@,@anon:0x7fc943ac12e0:UserExportedAttributesTest_EXPORTED_MERGED-session.usda@</UserExportedAttributesTest/Looks/initialShadingGroup>
    CANNOT refer to:
    @/private/var/folders/cc/h3hp1kt14rv3j5t_lybwwgqh0000gp/T/tmpXnmSm8/UserExportedAttributesTest_EXPORTED_MERGED.usda@,@anon:0x7fc943ac12e0:UserExportedAttributesTest_EXPORTED_MERGED-session.usda@</UserExportedAttributesTest/Looks/initialShadingGroup>
     (instantiating stage on stage @/private/var/folders/cc/h3hp1kt14rv3j5t_lybwwgqh0000gp/T/tmpXnmSm8/UserExportedAttributesTest_EXPORTED_MERGED.usda@ <0x7fc943ac1520>)
    FAIL
    testExportAttributes (__main__.testUsdMayaUserExportedAttributes) ... Warning: Cycle detected:
    @/private/var/folders/cc/h3hp1kt14rv3j5t_lybwwgqh0000gp/T/tmpXnmSm8/UserExportedAttributesTest_EXPORTED_MERGED.usda@,@anon:0x7fc945634280:UserExportedAttributesTest_EXPORTED_MERGED-session.usda@</UserExportedAttributesTest/Looks/initialShadingGroup>
    CANNOT refer to:
    @/private/var/folders/cc/h3hp1kt14rv3j5t_lybwwgqh0000gp/T/tmpXnmSm8/UserExportedAttributesTest_EXPORTED_MERGED.usda@,@anon:0x7fc945634280:UserExportedAttributesTest_EXPORTED_MERGED-session.usda@</UserExportedAttributesTest/Looks/initialShadingGroup>
     (instantiating stage on stage @/private/var/folders/cc/h3hp1kt14rv3j5t_lybwwgqh0000gp/T/tmpXnmSm8/UserExportedAttributesTest_EXPORTED_MERGED.usda@ <0x7fc945634cd0>)
    ok
    testExportAttributesUnmerged (__main__.testUsdMayaUserExportedAttributes) ... Warning: Cycle detected:
    @/private/var/folders/cc/h3hp1kt14rv3j5t_lybwwgqh0000gp/T/tmpXnmSm8/UserExportedAttributesTest_EXPORTED_UNMERGED.usda@,@anon:0x7fc94543ea50:UserExportedAttributesTest_EXPORTED_UNMERGED-session.usda@</UserExportedAttributesTest/Looks/initialShadingGroup>
    CANNOT refer to:
    @/private/var/folders/cc/h3hp1kt14rv3j5t_lybwwgqh0000gp/T/tmpXnmSm8/UserExportedAttributesTest_EXPORTED_UNMERGED.usda@,@anon:0x7fc94543ea50:UserExportedAttributesTest_EXPORTED_UNMERGED-session.usda@</UserExportedAttributesTest/Looks/initialShadingGroup>
     (instantiating stage on stage @/private/var/folders/cc/h3hp1kt14rv3j5t_lybwwgqh0000gp/T/tmpXnmSm8/UserExportedAttributesTest_EXPORTED_UNMERGED.usda@ <0x7fc9454f82c0>)
    ok
    
    ======================================================================
    FAIL: testExportAttributeTypes (__main__.testUsdMayaUserExportedAttributes)
    ----------------------------------------------------------------------
    Traceback (most recent call last):
      File "/local/S/jenkins/workspace/ecg-mayausd-branch-preflight-2020-osx/install/RelWithDebInfo/MayaUSD/plugin/pxr/tests/testUsdMayaUserExportedAttributes", line 251, in testExportAttributeTypes
        self.assertEqual(primvarNames, expectedPrimvarNames)
    AssertionError: Items in the first set but not the second:
    'map1'
    Items in the second set but not the first:
    'st'
    
    ----------------------------------------------------------------------
    Ran 5 tests in 7.646s
    
    FAILED (failures=1)
    Error: return code 1 doesn't match expected 0 (EXPECTED_RETURN_CODE).chdir: /var/folders/cc/h3hp1kt14rv3j5t_lybwwgqh0000gp/T/tmpXnmSm8
    copying testenv dir: /local/S/jenkins/workspace/ecg-mayausd-branch-preflight-2020-osx/install/RelWithDebInfo/MayaUSD/plugin/pxr/tests/ctest/testUsdMayaUserExportedAttributes
    cmd: ['/local/S/jenkins/workspace/shared/Artifactory/OSX/rundev-2020/202004291615/runtime/8fd8f21/runTime/Maya.app/Contents/bin/mayapy', '/local/S/jenkins/workspace/ecg-mayausd-branch-preflight-2020-osx/install/RelWithDebInfo/MayaUSD/plugin/pxr/tests/testUsdMayaUserExportedAttributes']
    
            Start 113: testMayaSchemas
     88/101 Test #113: testMayaSchemas .................................   Passed    0.11 sec
            Start 114: TestAdditionalTranslators
     89/101 Test #103: testUsdMayaXformStack ...........................   Passed   10.42 sec
            Start 115: TestPxrUsdTranslators
     90/101 Test #100: testUsdMayaReferenceAssemblyEdits ...............   Passed   11.18 sec
     91/101 Test #102: testUsdReferenceAssemblyChangeRepresentations ...   Passed   11.02 sec
     92/101 Test #104: testPxrUsdAlembicChaser .........................   Passed   10.38 sec
     93/101 Test #112: TestALUSDMayaPython_ImportModule ................   Passed    2.86 sec
     94/101 Test #110: TestALUSDMayaPython_Translators .................   Passed    9.93 sec
     95/101 Test #109: TestALUSDMayaPython_ProxyShape ..................   Passed   10.58 sec
     96/101 Test #111: TestALUSDMayaPython_LayerManager ................   Passed    9.63 sec
     97/101 Test #115: TestPxrUsdTranslators ...........................   Passed    9.10 sec
     98/101 Test  #74: testUsdImportXforms .............................   Passed   47.35 sec
     99/101 Test #114: TestAdditionalTranslators .......................   Passed   11.29 sec
    100/101 Test #108: AL_USDMayaTestPlugin ............................   Passed   33.66 sec
    101/101 Test  #91: testUsdExportPointInstancer .....................   Passed   48.93 sec
    
    95% tests passed, 5 tests failed out of 101
    
    Label Time Summary:
    nodes                =  15.21 sec*proc (1 test)
    translators          = 589.89 sec*proc (59 tests)
    ufe                  =  78.61 sec*proc (5 tests)
    usdPreviewSurface    =  27.90 sec*proc (2 tests)
    
    Total Test time (real) = 110.29 sec
    
    The following tests FAILED:
    	 81 - testUsdExportUVSets (Failed)
    	 82 - testUsdExportUVSetsFloat (Failed)
    	 83 - testUsdImportUVSets (Failed)
    	 84 - testUsdImportUVSetsFloat (Failed)
    	101 - testUsdMayaUserExportedAttributes (Failed)
    Errors while running CTest
    
        Building with settings:
          Source directory          /local/S/jenkins/workspace/ecg-mayausd-branch-preflight-2020-osx/ecg-maya-usd/maya-usd
          Workspace directory       /local/S/jenkins/workspace/ecg-mayausd-branch-preflight-2020-osx
          Build directory           /local/S/jenkins/workspace/ecg-mayausd-branch-preflight-2020-osx/build/RelWithDebInfo
          Install directory         /local/S/jenkins/workspace/ecg-mayausd-branch-preflight-2020-osx/install/RelWithDebInfo/MayaUSD
          Variant                   RelWithDebInfo
          Python Debug              Off
          CMake generator           Ninja
          Build arguments           ['-DCMAKE_MAKE_PROGRAM=/local/S/jenkins/workspace/shared/Artifactory/OSX/ninja/1.9.0/41005eb/ninja', '-DPYTHON_INCLUDE_DIR=/local/S/jenkins/workspace/shared/Artifactory/OSX/rundev-2020/202004291615/runtime/8fd8f21/runTime/Maya.app/Contents/Frameworks/Python.framework/Versions/Current/include/python2.7', '-DPython_EXECUTABLE=/local/S/jenkins/workspace/shared/Artifactory/OSX/rundev-2020/202004291615/runtime/8fd8f21/runTime/Maya.app/Contents/bin/mayapy', '-DPYTHON_LIBRARIES=/local/S/jenkins/workspace/shared/Artifactory/OSX/rundev-2020/202004291615/runtime/8fd8f21/runTime/Maya.app/Contents/Frameworks/Python.framework/Versions/Current/lib/libpython2.7.dylib', '-DMAYAUSD_TO_USD_RELATIVE_PATH=../USD']
          Stages arguments          ['test']
          CTest arguments           ['-E testUsdReferenceAssemblySelection|testUsdMayaAppDir|testUsdExportAsClip', '-LE interactive', '--parallel 12']
    #####################################################################################
    log date: 2020-10-30 08:32
    commit sha: d3fc6dc4d578b216bc1c49eb7648f0ee57170bec
    commit date: Fri Oct 30 08:24:05 2020 -0700
    #####################################################################################
    
    cmake --build . --config RelWithDebInfo --target install -- -j12
    #####################################################################################
    log date: 2020-10-30 08:33
    commit sha: d3fc6dc4d578b216bc1c49eb7648f0ee57170bec
    commit date: Fri Oct 30 08:24:05 2020 -0700
    #####################################################################################
    
    ctest --output-on-failure --timeout 300 -C RelWithDebInfo -E testUsdReferenceAssemblySelection|testUsdMayaAppDir|testUsdExportAsClip -LE interactive --parallel 12
    
    Traceback (most recent call last):
      File "/local/S/jenkins/workspace/ecg-mayausd-branch-preflight-2020-osx/ecg-maya-usd/maya-usd/build.py", line 607, in <module>
        RunTests(context, context.ctestArgs)
      File "/local/S/jenkins/workspace/ecg-mayausd-branch-preflight-2020-osx/ecg-maya-usd/maya-usd/build.py", line 390, in RunTests
        RunCTest(context,extraArgs)
      File "/local/S/jenkins/workspace/ecg-mayausd-branch-preflight-2020-osx/ecg-maya-usd/maya-usd/build.py", line 301, in RunCTest
        extraArgs=(" ".join(extraArgs) if extraArgs else "")))
      File "/local/S/jenkins/workspace/ecg-mayausd-branch-preflight-2020-osx/ecg-maya-usd/maya-usd/build.py", line 165, in Run
        .format(cmd=cmd, log=os.path.abspath(context.logFileLocation)))
    RuntimeError: Failed to run 'ctest --output-on-failure --timeout 300 -C RelWithDebInfo -E testUsdReferenceAssemblySelection|testUsdMayaAppDir|testUsdExportAsClip -LE interactive --parallel 12 '
    See /local/S/jenkins/workspace/ecg-mayausd-branch-preflight-2020-osx/build/RelWithDebInfo/build_log.txt for more details.
build.py: error: Command failed with error code: 1
[Pipeline] }
[Pipeline] // withEnv
[Pipeline] }
[Pipeline] // stage
[Pipeline] }
[Pipeline] // timestamps
[Pipeline] }
[Pipeline] // timeout
[Pipeline] emailextrecipients
[Pipeline] echo
No recipients to send notification.
[Pipeline] }
[Pipeline] // node
[Pipeline] End of Pipeline
ERROR: script returned exit code 1
Finished: FAILURE
