================================================================================
                             setup (RelWithDebInfo)
================================================================================
Deleting subst P:
Deleting subst W:
[Pipeline] }
[Pipeline] // withEnv
[Pipeline] }
[Pipeline] // stage
[Pipeline] }
[Pipeline] // timestamps
[Pipeline] }
[Pipeline] // timeout
[Pipeline] timeout
Timeout set to expire in 6 hr 0 min
[Pipeline] {
[Pipeline] timestamps
[Pipeline] {
[Pipeline] stage
[Pipeline] { (Clean)
[Pipeline] withEnv
[Pipeline] {
[Pipeline] bat
[ecg-mayausd-branch-preflight-2020-windows] Running batch script
Subst W: S:\jenkins\workspace\ecg-mayausd-branch-preflight-2020-windows
Subst P: S:\jenkins\workspace
"C:\Program Files (x86)\Microsoft Visual Studio\2017\Professional\VC\Auxiliary\Build\vcvarsall.bat" x64
**********************************************************************
** Visual Studio 2017 Developer Command Prompt v15.9.15
** Copyright (c) 2017 Microsoft Corporation
**********************************************************************
[vcvarsall.bat] Environment initialized for: 'x64'
python ecg-maya-usd/build.py --stages=clean --workspace-dir=W:\ --artifactory-dir=P:\shared\Artifactory --build-dir=W:\build --install-dir=W:\install --signing-dir=W:\signing --package-dir=W:\package --output-dir=W:\output --stash-dir=W:\stash --jenkins-build=348 --git-commit=d6f37a5e5696a1491862657704651c45dc99341e --git-branch=master --variants=RelWithDebInfo --python=2 --maya-cut-config=maya-rundev-2020.yaml --stage-banner
Using Maya cut from P:\shared\Artifactory\Windows\rundev-2020\202004291615\runtime\df03b16

================================================================================
                             clean (RelWithDebInfo)
================================================================================
running clean stage....................
Maya Python RelWithDebInfo Info:
  mayapy executable   = P:\shared\Artifactory\Windows\rundev-2020\202004291615\runtime\df03b16\runTime\bin\mayapy.exe
  Include Folder      = P:\shared\Artifactory\Windows\rundev-2020\202004291615\runtime\df03b16\runTime\include\Python
  Library             = P:\shared\Artifactory\Windows\rundev-2020\202004291615\runtime\df03b16\runTime\lib\python27.lib
  site-package Folder = P:\shared\Artifactory\Windows\rundev-2020\202004291615\runtime\df03b16\runTime\Python\Lib\site-packages
In workdir: S:\jenkins\workspace\ecg-mayausd-branch-preflight-2020-windows\ecg-maya-usd\maya-usd
Executing: 'P:\\shared\\Artifactory\\Windows\\rundev-2020\\202004291615\\runtime\\df03b16\\runTime\\bin\\mayapy.exe' 'S:\\jenkins\\workspace\\ecg-mayausd-branch-preflight-2020-windows\\ecg-maya-usd\\maya-usd\\build.py' --generator Ninja --build-relwithdebug --maya-location 'P:\\shared\\Artifactory\\Windows\\rundev-2020\\202004291615\\runtime\\df03b16\\runTime' --devkit-location 'P:\\shared\\Artifactory\\Windows\\rundev-2020\\202004291615\\runtime\\df03b16\\devkitBase' --pxrusd-location 'P:\\shared\\Artifactory\\Windows\\USD\\59a48e6' --qt-location 'P:\\shared\\Artifactory\\Windows\\qt\\5.12.5\\4755980' '--build-args=-DCMAKE_MAKE_PROGRAM=P:/shared/Artifactory/Windows/ninja/1.9.0/c68f192/ninja.exe,-DPYTHON_INCLUDE_DIR=P:/shared/Artifactory/Windows/rundev-2020/202004291615/runtime/df03b16/runTime/include/Python,-DPython_EXECUTABLE=P:/shared/Artifactory/Windows/rundev-2020/202004291615/runtime/df03b16/runTime/bin/mayapy.exe,-DPYTHON_LIBRARIES=P:/shared/Artifactory/Windows/rundev-2020/202004291615/runtime/df03b16/runTime/lib/python27.lib,-DMAYAUSD_TO_USD_RELATIVE_PATH=../USD' '--ctest-args=-E testUsdReferenceAssemblySelection|testUsdMayaAppDir|testUsdExportAsClip,-LE interactive,--parallel 16' --stages=clean --redirect-outstream-file=False --install-location 'W:\\install\\RelWithDebInfo\\MayaUSD' 'W:\\'
Modified environment variables:
    PATH=P:\shared\Artifactory\Windows\cmake\3.14.4\c5af748\bin;C:\Python27\lib\site-packages\pywin32_system32;C:\Program Files (x86)\Microsoft Visual Studio\2017\Professional\VC\Tools\MSVC\14.16.27023\bin\HostX64\x64;C:\Program Files (x86)\Microsoft Visual Studio\2017\Professional\Common7\IDE\VC\VCPackages;C:\Program Files (x86)\Microsoft Visual Studio\2017\Professional\Common7\IDE\CommonExtensions\Microsoft\TestWindow;C:\Program Files (x86)\Microsoft Visual Studio\2017\Professional\Common7\IDE\CommonExtensions\Microsoft\TeamFoundation\Team Explorer;C:\Program Files (x86)\Microsoft Visual Studio\2017\Professional\MSBuild\15.0\bin\Roslyn;C:\Program Files (x86)\Microsoft Visual Studio\2017\Professional\Team Tools\Performance Tools\x64;C:\Program Files (x86)\Microsoft Visual Studio\2017\Professional\Team Tools\Performance Tools;C:\Program Files (x86)\Microsoft Visual Studio\Shared\Common\VSPerfCollectionTools\\x64;C:\Program Files (x86)\Microsoft Visual Studio\Shared\Common\VSPerfCollectionTools\;C:\Program Files (x86)\Microsoft SDKs\Windows\v10.0A\bin\NETFX 4.6.1 Tools\x64\;C:\Program Files (x86)\HTML Help Workshop;C:\Program Files (x86)\Windows Kits\10\bin\10.0.17763.0\x64;C:\Program Files (x86)\Windows Kits\10\bin\x64;C:\Program Files (x86)\Microsoft Visual Studio\2017\Professional\\MSBuild\15.0\bin;C:\Windows\Microsoft.NET\Framework64\v4.0.30319;C:\Program Files (x86)\Microsoft Visual Studio\2017\Professional\Common7\IDE\;C:\Program Files (x86)\Microsoft Visual Studio\2017\Professional\Common7\Tools\;C:\Windows\system32;C:\Windows;C:\Windows\System32\Wbem;C:\Windows\System32\WindowsPowerShell\v1.0\;C:\Windows\System32\OpenSSH\;C:\Program Files (x86)\WiX Toolset v3.7\bin;C:\Program Files (x86)\Windows Kits\10\bin\10.0.17763.0\x64;C:\Program Files (x86)\Windows Kits\10\bin\x64;C:\Program Files\Git\cmd;C:\StoreBoxClientWindows;C:\Program Files\Electric Cloud\ElectricCommander\bin;C:\Program Files (x86)\Common Files\Oracle\Java\javapath;C:\Program Files\WinRAR;C:\Program Files\7-Zip;C:\Python27;C:\Python27\Scripts;C:\Users\Administrator\AppData\Local\Microsoft\WindowsApps;C:\Program Files (x86)\Microsoft Visual Studio\2017\Professional\Common7\IDE\CommonExtensions\Microsoft\CMake\CMake\bin;C:\Program Files (x86)\Microsoft Visual Studio\2017\Professional\Common7\IDE\CommonExtensions\Microsoft\CMake\Ninja
    
        Building with settings:
          Source directory          S:\jenkins\workspace\ecg-mayausd-branch-preflight-2020-windows\ecg-maya-usd\maya-usd
          Workspace directory       W:\
          Build directory           W:\build\RelWithDebInfo
          Install directory         W:\install\RelWithDebInfo\MayaUSD
          Variant                   RelWithDebInfo
          Python Debug              Off
          CMake generator           Ninja
          Build arguments           ['-DCMAKE_MAKE_PROGRAM=P:/shared/Artifactory/Windows/ninja/1.9.0/c68f192/ninja.exe', '-DPYTHON_INCLUDE_DIR=P:/shared/Artifactory/Windows/rundev-2020/202004291615/runtime/df03b16/runTime/include/Python', '-DPython_EXECUTABLE=P:/shared/Artifactory/Windows/rundev-2020/202004291615/runtime/df03b16/runTime/bin/mayapy.exe', '-DPYTHON_LIBRARIES=P:/shared/Artifactory/Windows/rundev-2020/202004291615/runtime/df03b16/runTime/lib/python27.lib', '-DMAYAUSD_TO_USD_RELATIVE_PATH=../USD']
          Stages arguments          ['clean']
          CTest arguments           ['-E testUsdReferenceAssemblySelection|testUsdMayaAppDir|testUsdExportAsClip', '-LE interactive', '--parallel 16']
    Success MayaUSD build and install !!!!
    Elapsed time: 00:00:00
Deleting subst P:
Deleting subst W:
[Pipeline] }
[Pipeline] // withEnv
[Pipeline] }
[Pipeline] // stage
[Pipeline] }
[Pipeline] // timestamps
[Pipeline] }
[Pipeline] // timeout
[Pipeline] timeout
Timeout set to expire in 6 hr 0 min
[Pipeline] {
[Pipeline] timestamps
[Pipeline] {
[Pipeline] stage
[Pipeline] { (Configure)
[Pipeline] withEnv
[Pipeline] {
[Pipeline] bat
[ecg-mayausd-branch-preflight-2020-windows] Running batch script
Subst W: S:\jenkins\workspace\ecg-mayausd-branch-preflight-2020-windows
Subst P: S:\jenkins\workspace
"C:\Program Files (x86)\Microsoft Visual Studio\2017\Professional\VC\Auxiliary\Build\vcvarsall.bat" x64
**********************************************************************
** Visual Studio 2017 Developer Command Prompt v15.9.15
** Copyright (c) 2017 Microsoft Corporation
**********************************************************************
[vcvarsall.bat] Environment initialized for: 'x64'
python ecg-maya-usd/build.py --stages=configure --workspace-dir=W:\ --artifactory-dir=P:\shared\Artifactory --build-dir=W:\build --install-dir=W:\install --signing-dir=W:\signing --package-dir=W:\package --output-dir=W:\output --stash-dir=W:\stash --jenkins-build=348 --git-commit=d6f37a5e5696a1491862657704651c45dc99341e --git-branch=master --variants=RelWithDebInfo --python=2 --maya-cut-config=maya-rundev-2020.yaml --stage-banner
Using Maya cut from P:\shared\Artifactory\Windows\rundev-2020\202004291615\runtime\df03b16

================================================================================
                           configure (RelWithDebInfo)
================================================================================
running configure stage....................
Maya Python RelWithDebInfo Info:
  mayapy executable   = P:\shared\Artifactory\Windows\rundev-2020\202004291615\runtime\df03b16\runTime\bin\mayapy.exe
  Include Folder      = P:\shared\Artifactory\Windows\rundev-2020\202004291615\runtime\df03b16\runTime\include\Python
  Library             = P:\shared\Artifactory\Windows\rundev-2020\202004291615\runtime\df03b16\runTime\lib\python27.lib
  site-package Folder = P:\shared\Artifactory\Windows\rundev-2020\202004291615\runtime\df03b16\runTime\Python\Lib\site-packages
In workdir: S:\jenkins\workspace\ecg-mayausd-branch-preflight-2020-windows\ecg-maya-usd\maya-usd
Executing: 'P:\\shared\\Artifactory\\Windows\\rundev-2020\\202004291615\\runtime\\df03b16\\runTime\\bin\\mayapy.exe' 'S:\\jenkins\\workspace\\ecg-mayausd-branch-preflight-2020-windows\\ecg-maya-usd\\maya-usd\\build.py' --generator Ninja --build-relwithdebug --maya-location 'P:\\shared\\Artifactory\\Windows\\rundev-2020\\202004291615\\runtime\\df03b16\\runTime' --devkit-location 'P:\\shared\\Artifactory\\Windows\\rundev-2020\\202004291615\\runtime\\df03b16\\devkitBase' --pxrusd-location 'P:\\shared\\Artifactory\\Windows\\USD\\59a48e6' --qt-location 'P:\\shared\\Artifactory\\Windows\\qt\\5.12.5\\4755980' '--build-args=-DCMAKE_MAKE_PROGRAM=P:/shared/Artifactory/Windows/ninja/1.9.0/c68f192/ninja.exe,-DPYTHON_INCLUDE_DIR=P:/shared/Artifactory/Windows/rundev-2020/202004291615/runtime/df03b16/runTime/include/Python,-DPython_EXECUTABLE=P:/shared/Artifactory/Windows/rundev-2020/202004291615/runtime/df03b16/runTime/bin/mayapy.exe,-DPYTHON_LIBRARIES=P:/shared/Artifactory/Windows/rundev-2020/202004291615/runtime/df03b16/runTime/lib/python27.lib,-DMAYAUSD_TO_USD_RELATIVE_PATH=../USD' '--ctest-args=-E testUsdReferenceAssemblySelection|testUsdMayaAppDir|testUsdExportAsClip,-LE interactive,--parallel 16' --stages=configure --redirect-outstream-file=False --install-location 'W:\\install\\RelWithDebInfo\\MayaUSD' 'W:\\'
Modified environment variables:
    PATH=P:\shared\Artifactory\Windows\cmake\3.14.4\c5af748\bin;C:\Python27\lib\site-packages\pywin32_system32;C:\Program Files (x86)\Microsoft Visual Studio\2017\Professional\VC\Tools\MSVC\14.16.27023\bin\HostX64\x64;C:\Program Files (x86)\Microsoft Visual Studio\2017\Professional\Common7\IDE\VC\VCPackages;C:\Program Files (x86)\Microsoft Visual Studio\2017\Professional\Common7\IDE\CommonExtensions\Microsoft\TestWindow;C:\Program Files (x86)\Microsoft Visual Studio\2017\Professional\Common7\IDE\CommonExtensions\Microsoft\TeamFoundation\Team Explorer;C:\Program Files (x86)\Microsoft Visual Studio\2017\Professional\MSBuild\15.0\bin\Roslyn;C:\Program Files (x86)\Microsoft Visual Studio\2017\Professional\Team Tools\Performance Tools\x64;C:\Program Files (x86)\Microsoft Visual Studio\2017\Professional\Team Tools\Performance Tools;C:\Program Files (x86)\Microsoft Visual Studio\Shared\Common\VSPerfCollectionTools\\x64;C:\Program Files (x86)\Microsoft Visual Studio\Shared\Common\VSPerfCollectionTools\;C:\Program Files (x86)\Microsoft SDKs\Windows\v10.0A\bin\NETFX 4.6.1 Tools\x64\;C:\Program Files (x86)\HTML Help Workshop;C:\Program Files (x86)\Windows Kits\10\bin\10.0.17763.0\x64;C:\Program Files (x86)\Windows Kits\10\bin\x64;C:\Program Files (x86)\Microsoft Visual Studio\2017\Professional\\MSBuild\15.0\bin;C:\Windows\Microsoft.NET\Framework64\v4.0.30319;C:\Program Files (x86)\Microsoft Visual Studio\2017\Professional\Common7\IDE\;C:\Program Files (x86)\Microsoft Visual Studio\2017\Professional\Common7\Tools\;C:\Windows\system32;C:\Windows;C:\Windows\System32\Wbem;C:\Windows\System32\WindowsPowerShell\v1.0\;C:\Windows\System32\OpenSSH\;C:\Program Files (x86)\WiX Toolset v3.7\bin;C:\Program Files (x86)\Windows Kits\10\bin\10.0.17763.0\x64;C:\Program Files (x86)\Windows Kits\10\bin\x64;C:\Program Files\Git\cmd;C:\StoreBoxClientWindows;C:\Program Files\Electric Cloud\ElectricCommander\bin;C:\Program Files (x86)\Common Files\Oracle\Java\javapath;C:\Program Files\WinRAR;C:\Program Files\7-Zip;C:\Python27;C:\Python27\Scripts;C:\Users\Administrator\AppData\Local\Microsoft\WindowsApps;C:\Program Files (x86)\Microsoft Visual Studio\2017\Professional\Common7\IDE\CommonExtensions\Microsoft\CMake\CMake\bin;C:\Program Files (x86)\Microsoft Visual Studio\2017\Professional\Common7\IDE\CommonExtensions\Microsoft\CMake\Ninja
    -- The C compiler identification is MSVC 19.16.27032.1
    -- The CXX compiler identification is MSVC 19.16.27032.1
    -- Check for working C compiler: C:/Program Files (x86)/Microsoft Visual Studio/2017/Professional/VC/Tools/MSVC/14.16.27023/bin/Hostx64/x64/cl.exe
    -- Check for working C compiler: C:/Program Files (x86)/Microsoft Visual Studio/2017/Professional/VC/Tools/MSVC/14.16.27023/bin/Hostx64/x64/cl.exe -- works
    -- Detecting C compiler ABI info
    -- Detecting C compiler ABI info - done
    -- Detecting C compile features
    -- Detecting C compile features - done
    -- Check for working CXX compiler: C:/Program Files (x86)/Microsoft Visual Studio/2017/Professional/VC/Tools/MSVC/14.16.27023/bin/Hostx64/x64/cl.exe
    -- Check for working CXX compiler: C:/Program Files (x86)/Microsoft Visual Studio/2017/Professional/VC/Tools/MSVC/14.16.27023/bin/Hostx64/x64/cl.exe -- works
    -- Detecting CXX compiler ABI info
    -- Detecting CXX compiler ABI info - done
    -- Detecting CXX compile features
    -- Detecting CXX compile features - done
    -- Found Python: P:/shared/Artifactory/Windows/rundev-2020/202004291615/runtime/df03b16/runTime/bin/mayapy.exe (found suitable exact version "2.7.11") found components:  Interpreter
    -- Build MayaUSD with Python3 = OFF
    --    PYTHON_INCLUDE_DIRS = P:/shared/Artifactory/Windows/rundev-2020/202004291615/runtime/df03b16/runTime/include/Python
    --    PYTHON_LIBRARIES    = P:/shared/Artifactory/Windows/rundev-2020/202004291615/runtime/df03b16/runTime/lib/python27.lib
    --    Python_EXECUTABLE   = P:/shared/Artifactory/Windows/rundev-2020/202004291615/runtime/df03b16/runTime/bin/mayapy.exe
    -- Found Maya: P:/shared/Artifactory/Windows/rundev-2020/202004291615/runtime/df03b16/runTime/bin/maya.exe (found suitable version "2020", minimum required is "2018")
    -- USD include dir: P:/shared/Artifactory/Windows/USD/59a48e6/include
    -- USD library dir: P:/shared/Artifactory/Windows/USD/59a48e6/lib
    -- USD version: 0.20.8
    -- Found USD: P:\shared\Artifactory\Windows\USD\59a48e6 (found version "0.20.8")
    Updated PYTHONPATH: P:\shared\Artifactory\Windows\USD\59a48e6\lib\python
    Updated PATH: P:\shared\Artifactory\Windows\rundev-2020\202004291615\runtime\df03b16\runTime\bin;P:\shared\Artifactory\Windows\cmake\3.14.4\c5af748\bin;C:\Python27\lib\site-packages\pywin32_system32;C:\Program Files (x86)\Microsoft Visual Studio\2017\Professional\VC\Tools\MSVC\14.16.27023\bin\HostX64\x64;C:\Program Files (x86)\Microsoft Visual Studio\2017\Professional\Common7\IDE\VC\VCPackages;C:\Program Files (x86)\Microsoft Visual Studio\2017\Professional\Common7\IDE\CommonExtensions\Microsoft\TestWindow;C:\Program Files (x86)\Microsoft Visual Studio\2017\Professional\Common7\IDE\CommonExtensions\Microsoft\TeamFoundation\Team Explorer;C:\Program Files (x86)\Microsoft Visual Studio\2017\Professional\MSBuild\15.0\bin\Roslyn;C:\Program Files (x86)\Microsoft Visual Studio\2017\Professional\Team Tools\Performance Tools\x64;C:\Program Files (x86)\Microsoft Visual Studio\2017\Professional\Team Tools\Performance Tools;C:\Program Files (x86)\Microsoft Visual Studio\Shared\Common\VSPerfCollectionTools\\x64;C:\Program Files (x86)\Microsoft Visual Studio\Shared\Common\VSPerfCollectionTools\;C:\Program Files (x86)\Microsoft SDKs\Windows\v10.0A\bin\NETFX 4.6.1 Tools\x64\;C:\Program Files (x86)\HTML Help Workshop;C:\Program Files (x86)\Windows Kits\10\bin\10.0.17763.0\x64;C:\Program Files (x86)\Windows Kits\10\bin\x64;C:\Program Files (x86)\Microsoft Visual Studio\2017\Professional\\MSBuild\15.0\bin;C:\Windows\Microsoft.NET\Framework64\v4.0.30319;C:\Program Files (x86)\Microsoft Visual Studio\2017\Professional\Common7\IDE\;C:\Program Files (x86)\Microsoft Visual Studio\2017\Professional\Common7\Tools\;C:\Windows\system32;C:\Windows;C:\Windows\System32\Wbem;C:\Windows\System32\WindowsPowerShell\v1.0\;C:\Windows\System32\OpenSSH\;C:\Program Files (x86)\WiX Toolset v3.7\bin;C:\Program Files (x86)\Windows Kits\10\bin\10.0.17763.0\x64;C:\Program Files (x86)\Windows Kits\10\bin\x64;C:\Program Files\Git\cmd;C:\StoreBoxClientWindows;C:\Program Files\Electric Cloud\ElectricCommander\bin;C:\Program Files (x86)\Common Files\Oracle\Java\javapath;C:\Program Files\WinRAR;C:\Program Files\7-Zip;C:\Python27;C:\Python27\Scripts;C:\Users\Administrator\AppData\Local\Microsoft\WindowsApps;C:\Program Files (x86)\Microsoft Visual Studio\2017\Professional\Common7\IDE\CommonExtensions\Microsoft\CMake\CMake\bin;C:\Program Files (x86)\Microsoft Visual Studio\2017\Professional\Common7\IDE\CommonExtensions\Microsoft\CMake\Ninja;P:\shared\Artifactory\Windows\USD\59a48e6\bin;P:\shared\Artifactory\Windows\USD\59a48e6\lib
    -- UFE include dir: P:/shared/Artifactory/Windows/rundev-2020/202004291615/runtime/df03b16/devkitBase/devkit/ufe/include
    -- UFE library: P:/shared/Artifactory/Windows/rundev-2020/202004291615/runtime/df03b16/devkitBase/devkit/ufe/lib/ufe_1.lib
    -- UFE version: 1.0.0
    -- Building with UFE 1.0.0 features enabled.
    -- Building with Qt features enabled.
    -- ========== Installing GoogleTest... ==========
    -- Configuring done
    -- Generating done
    -- Build files have been written to: W:/build/RelWithDebInfo/googletest-config
    [1/8] Creating directories for 'googletest'
    [2/8] Performing download step (git clone) for 'googletest'
    Cloning into 'googletest-src'...
    HEAD is now at 703bd9ca Googletest export
    [3/8] No patch step for 'googletest'
    [4/8] Performing update step for 'googletest'
    [5/8] Performing configure step for 'googletest'
    -- The C compiler identification is MSVC 19.16.27032.1
    -- The CXX compiler identification is MSVC 19.16.27032.1
    -- Check for working C compiler: C:/Program Files (x86)/Microsoft Visual Studio/2017/Professional/VC/Tools/MSVC/14.16.27023/bin/Hostx64/x64/cl.exe
    -- Check for working C compiler: C:/Program Files (x86)/Microsoft Visual Studio/2017/Professional/VC/Tools/MSVC/14.16.27023/bin/Hostx64/x64/cl.exe -- works
    -- Detecting C compiler ABI info
    -- Detecting C compiler ABI info - done
    -- Detecting C compile features
    -- Detecting C compile features - done
    -- Check for working CXX compiler: C:/Program Files (x86)/Microsoft Visual Studio/2017/Professional/VC/Tools/MSVC/14.16.27023/bin/Hostx64/x64/cl.exe
    -- Check for working CXX compiler: C:/Program Files (x86)/Microsoft Visual Studio/2017/Professional/VC/Tools/MSVC/14.16.27023/bin/Hostx64/x64/cl.exe -- works
    -- Detecting CXX compiler ABI info
    -- Detecting CXX compiler ABI info - done
    -- Detecting CXX compile features
    -- Detecting CXX compile features - done
    -- Found PythonInterp: C:/Python27/python.exe
    -- Looking for pthread.h
    -- Looking for pthread.h - not found
    -- Found Threads: TRUE
    -- Configuring done
    -- Generating done
    -- Build files have been written to: W:/build/RelWithDebInfo/googletest-build
    [6/8] Performing build step for 'googletest'
    [1/11] Building CXX object googletest\CMakeFiles\gtest_main.dir\src\gtest_main.cc.obj
    [2/11] Building CXX object googlemock\CMakeFiles\gmock_main.dir\src\gmock_main.cc.obj
    [3/11] Building CXX object googlemock\CMakeFiles\gmock_main.dir\src\gmock-all.cc.obj
    [4/11] Building CXX object googlemock\CMakeFiles\gmock.dir\src\gmock-all.cc.obj
    [5/11] Building CXX object googlemock\CMakeFiles\gmock_main.dir\__\googletest\src\gtest-all.cc.obj
    [6/11] Building CXX object googlemock\CMakeFiles\gmock.dir\__\googletest\src\gtest-all.cc.obj
    [7/11] Building CXX object googletest\CMakeFiles\gtest.dir\src\gtest-all.cc.obj
    [8/11] Linking CXX shared library bin\gtest.dll
       Creating library lib\gtest.lib and object lib\gtest.exp
       Creating library lib\gtest.lib and object lib\gtest.exp
    [9/11] Linking CXX shared library bin\gmock.dll
       Creating library lib\gmock.lib and object lib\gmock.exp
       Creating library lib\gmock.lib and object lib\gmock.exp
    [10/11] Linking CXX shared library bin\gmock_main.dll
       Creating library lib\gmock_main.lib and object lib\gmock_main.exp
       Creating library lib\gmock_main.lib and object lib\gmock_main.exp
    [11/11] Linking CXX shared library bin\gtest_main.dll
       Creating library lib\gtest_main.lib and object lib\gtest_main.exp
       Creating library lib\gtest_main.lib and object lib\gtest_main.exp
    [7/8] Performing install step for 'googletest'
    [0/1] Install the project...
    -- Install configuration: "RelWithDebInfo"
    -- Installing: W:/build/RelWithDebInfo/googletest-install/include
    -- Installing: W:/build/RelWithDebInfo/googletest-install/include/gmock
    -- Installing: W:/build/RelWithDebInfo/googletest-install/include/gmock/gmock-actions.h
    -- Installing: W:/build/RelWithDebInfo/googletest-install/include/gmock/gmock-cardinalities.h
    -- Installing: W:/build/RelWithDebInfo/googletest-install/include/gmock/gmock-function-mocker.h
    -- Installing: W:/build/RelWithDebInfo/googletest-install/include/gmock/gmock-generated-actions.h
    -- Installing: W:/build/RelWithDebInfo/googletest-install/include/gmock/gmock-generated-actions.h.pump
    -- Installing: W:/build/RelWithDebInfo/googletest-install/include/gmock/gmock-generated-function-mockers.h
    -- Installing: W:/build/RelWithDebInfo/googletest-install/include/gmock/gmock-generated-function-mockers.h.pump
    -- Installing: W:/build/RelWithDebInfo/googletest-install/include/gmock/gmock-generated-matchers.h
    -- Installing: W:/build/RelWithDebInfo/googletest-install/include/gmock/gmock-generated-matchers.h.pump
    -- Installing: W:/build/RelWithDebInfo/googletest-install/include/gmock/gmock-matchers.h
    -- Installing: W:/build/RelWithDebInfo/googletest-install/include/gmock/gmock-more-actions.h
    -- Installing: W:/build/RelWithDebInfo/googletest-install/include/gmock/gmock-more-matchers.h
    -- Installing: W:/build/RelWithDebInfo/googletest-install/include/gmock/gmock-nice-strict.h
    -- Installing: W:/build/RelWithDebInfo/googletest-install/include/gmock/gmock-spec-builders.h
    -- Installing: W:/build/RelWithDebInfo/googletest-install/include/gmock/gmock.h
    -- Installing: W:/build/RelWithDebInfo/googletest-install/include/gmock/internal
    -- Installing: W:/build/RelWithDebInfo/googletest-install/include/gmock/internal/custom
    -- Installing: W:/build/RelWithDebInfo/googletest-install/include/gmock/internal/custom/gmock-generated-actions.h
    -- Installing: W:/build/RelWithDebInfo/googletest-install/include/gmock/internal/custom/gmock-generated-actions.h.pump
    -- Installing: W:/build/RelWithDebInfo/googletest-install/include/gmock/internal/custom/gmock-matchers.h
    -- Installing: W:/build/RelWithDebInfo/googletest-install/include/gmock/internal/custom/gmock-port.h
    -- Installing: W:/build/RelWithDebInfo/googletest-install/include/gmock/internal/custom/README.md
    -- Installing: W:/build/RelWithDebInfo/googletest-install/include/gmock/internal/gmock-internal-utils.h
    -- Installing: W:/build/RelWithDebInfo/googletest-install/include/gmock/internal/gmock-port.h
    -- Installing: W:/build/RelWithDebInfo/googletest-install/include/gmock/internal/gmock-pp.h
    -- Installing: W:/build/RelWithDebInfo/googletest-install/lib/gmock.lib
    -- Installing: W:/build/RelWithDebInfo/googletest-install/bin/gmock.dll
    -- Installing: W:/build/RelWithDebInfo/googletest-install/lib/gmock_main.lib
    -- Installing: W:/build/RelWithDebInfo/googletest-install/bin/gmock_main.dll
    -- Installing: W:/build/RelWithDebInfo/googletest-install/lib/pkgconfig/gmock.pc
    -- Installing: W:/build/RelWithDebInfo/googletest-install/lib/pkgconfig/gmock_main.pc
    -- Installing: W:/build/RelWithDebInfo/googletest-install/lib/cmake/GTest/GTestTargets.cmake
    -- Installing: W:/build/RelWithDebInfo/googletest-install/lib/cmake/GTest/GTestTargets-relwithdebinfo.cmake
    -- Installing: W:/build/RelWithDebInfo/googletest-install/lib/cmake/GTest/GTestConfigVersion.cmake
    -- Installing: W:/build/RelWithDebInfo/googletest-install/lib/cmake/GTest/GTestConfig.cmake
    -- Up-to-date: W:/build/RelWithDebInfo/googletest-install/include
    -- Installing: W:/build/RelWithDebInfo/googletest-install/include/gtest
    -- Installing: W:/build/RelWithDebInfo/googletest-install/include/gtest/gtest-death-test.h
    -- Installing: W:/build/RelWithDebInfo/googletest-install/include/gtest/gtest-matchers.h
    -- Installing: W:/build/RelWithDebInfo/googletest-install/include/gtest/gtest-message.h
    -- Installing: W:/build/RelWithDebInfo/googletest-install/include/gtest/gtest-param-test.h
    -- Installing: W:/build/RelWithDebInfo/googletest-install/include/gtest/gtest-printers.h
    -- Installing: W:/build/RelWithDebInfo/googletest-install/include/gtest/gtest-spi.h
    -- Installing: W:/build/RelWithDebInfo/googletest-install/include/gtest/gtest-test-part.h
    -- Installing: W:/build/RelWithDebInfo/googletest-install/include/gtest/gtest-typed-test.h
    -- Installing: W:/build/RelWithDebInfo/googletest-install/include/gtest/gtest.h
    -- Installing: W:/build/RelWithDebInfo/googletest-install/include/gtest/gtest_pred_impl.h
    -- Installing: W:/build/RelWithDebInfo/googletest-install/include/gtest/gtest_prod.h
    -- Installing: W:/build/RelWithDebInfo/googletest-install/include/gtest/internal
    -- Installing: W:/build/RelWithDebInfo/googletest-install/include/gtest/internal/custom
    -- Installing: W:/build/RelWithDebInfo/googletest-install/include/gtest/internal/custom/gtest-port.h
    -- Installing: W:/build/RelWithDebInfo/googletest-install/include/gtest/internal/custom/gtest-printers.h
    -- Installing: W:/build/RelWithDebInfo/googletest-install/include/gtest/internal/custom/gtest.h
    -- Installing: W:/build/RelWithDebInfo/googletest-install/include/gtest/internal/custom/README.md
    -- Installing: W:/build/RelWithDebInfo/googletest-install/include/gtest/internal/gtest-death-test-internal.h
    -- Installing: W:/build/RelWithDebInfo/googletest-install/include/gtest/internal/gtest-filepath.h
    -- Installing: W:/build/RelWithDebInfo/googletest-install/include/gtest/internal/gtest-internal.h
    -- Installing: W:/build/RelWithDebInfo/googletest-install/include/gtest/internal/gtest-param-util.h
    -- Installing: W:/build/RelWithDebInfo/googletest-install/include/gtest/internal/gtest-port-arch.h
    -- Installing: W:/build/RelWithDebInfo/googletest-install/include/gtest/internal/gtest-port.h
    -- Installing: W:/build/RelWithDebInfo/googletest-install/include/gtest/internal/gtest-string.h
    -- Installing: W:/build/RelWithDebInfo/googletest-install/include/gtest/internal/gtest-type-util.h
    -- Installing: W:/build/RelWithDebInfo/googletest-install/include/gtest/internal/gtest-type-util.h.pump
    -- Installing: W:/build/RelWithDebInfo/googletest-install/lib/gtest.lib
    -- Installing: W:/build/RelWithDebInfo/googletest-install/bin/gtest.dll
    -- Installing: W:/build/RelWithDebInfo/googletest-install/lib/gtest_main.lib
    -- Installing: W:/build/RelWithDebInfo/googletest-install/bin/gtest_main.dll
    -- Installing: W:/build/RelWithDebInfo/googletest-install/lib/pkgconfig/gtest.pc
    -- Installing: W:/build/RelWithDebInfo/googletest-install/lib/pkgconfig/gtest_main.pc
    [8/8] Completed 'googletest'
    -- ========== ...  GoogleTest installed. ==========
    -- Found Boost 1.70.0 at P:/shared/Artifactory/Windows/USD/59a48e6/lib/cmake/Boost-1.70.0
    --   Requested configuration: QUIET REQUIRED COMPONENTS filesystem;system
    -- Found boost_headers 1.70.0 at P:/shared/Artifactory/Windows/USD/59a48e6/lib/cmake/boost_headers-1.70.0
    -- Found boost_filesystem 1.70.0 at P:/shared/Artifactory/Windows/USD/59a48e6/lib/cmake/boost_filesystem-1.70.0
    --   boost_filesystem-vc141-mt-x64-1_70.lib
    -- Adding boost_filesystem dependencies: headers
    -- Found boost_system 1.70.0 at P:/shared/Artifactory/Windows/USD/59a48e6/lib/cmake/boost_system-1.70.0
    --   boost_system-vc141-mt-x64-1_70.lib
    -- Adding boost_system dependencies: headers
    -- Boost  found.
    -- Found Boost components:
       filesystem;system
    -- promoting: S:/jenkins/workspace/ecg-mayausd-branch-preflight-2020-windows/ecg-maya-usd/maya-usd/lib/mayaUsd/base/mayaUsd.h.src
    -- promoting: S:/jenkins/workspace/ecg-mayausd-branch-preflight-2020-windows/ecg-maya-usd/maya-usd/lib/mayaUsd/base/api.h
    -- promoting: S:/jenkins/workspace/ecg-mayausd-branch-preflight-2020-windows/ecg-maya-usd/maya-usd/lib/mayaUsd/base/debugCodes.h
    -- promoting: S:/jenkins/workspace/ecg-mayausd-branch-preflight-2020-windows/ecg-maya-usd/maya-usd/lib/mayaUsd/commands/baseExportCommand.h
    -- promoting: S:/jenkins/workspace/ecg-mayausd-branch-preflight-2020-windows/ecg-maya-usd/maya-usd/lib/mayaUsd/commands/baseImportCommand.h
    -- promoting: S:/jenkins/workspace/ecg-mayausd-branch-preflight-2020-windows/ecg-maya-usd/maya-usd/lib/mayaUsd/commands/baseListShadingModesCommand.h
    -- promoting: S:/jenkins/workspace/ecg-mayausd-branch-preflight-2020-windows/ecg-maya-usd/maya-usd/lib/mayaUsd/commands/editTargetCommand.h
    -- promoting: S:/jenkins/workspace/ecg-mayausd-branch-preflight-2020-windows/ecg-maya-usd/maya-usd/lib/mayaUsd/commands/layerEditorCommand.h
    -- promoting: S:/jenkins/workspace/ecg-mayausd-branch-preflight-2020-windows/ecg-maya-usd/maya-usd/lib/mayaUsd/fileio/fallbackPrimReader.h
    -- promoting: S:/jenkins/workspace/ecg-mayausd-branch-preflight-2020-windows/ecg-maya-usd/maya-usd/lib/mayaUsd/fileio/functorPrimReader.h
    -- promoting: S:/jenkins/workspace/ecg-mayausd-branch-preflight-2020-windows/ecg-maya-usd/maya-usd/lib/mayaUsd/fileio/functorPrimWriter.h
    -- promoting: S:/jenkins/workspace/ecg-mayausd-branch-preflight-2020-windows/ecg-maya-usd/maya-usd/lib/mayaUsd/fileio/importData.h
    -- promoting: S:/jenkins/workspace/ecg-mayausd-branch-preflight-2020-windows/ecg-maya-usd/maya-usd/lib/mayaUsd/fileio/instancedNodeWriter.h
    -- promoting: S:/jenkins/workspace/ecg-mayausd-branch-preflight-2020-windows/ecg-maya-usd/maya-usd/lib/mayaUsd/fileio/primReader.h
    -- promoting: S:/jenkins/workspace/ecg-mayausd-branch-preflight-2020-windows/ecg-maya-usd/maya-usd/lib/mayaUsd/fileio/primReaderArgs.h
    -- promoting: S:/jenkins/workspace/ecg-mayausd-branch-preflight-2020-windows/ecg-maya-usd/maya-usd/lib/mayaUsd/fileio/primReaderContext.h
    -- promoting: S:/jenkins/workspace/ecg-mayausd-branch-preflight-2020-windows/ecg-maya-usd/maya-usd/lib/mayaUsd/fileio/primReaderRegistry.h
    -- promoting: S:/jenkins/workspace/ecg-mayausd-branch-preflight-2020-windows/ecg-maya-usd/maya-usd/lib/mayaUsd/fileio/primUpdater.h
    -- promoting: S:/jenkins/workspace/ecg-mayausd-branch-preflight-2020-windows/ecg-maya-usd/maya-usd/lib/mayaUsd/fileio/primUpdaterContext.h
    -- promoting: S:/jenkins/workspace/ecg-mayausd-branch-preflight-2020-windows/ecg-maya-usd/maya-usd/lib/mayaUsd/fileio/primUpdaterRegistry.h
    -- promoting: S:/jenkins/workspace/ecg-mayausd-branch-preflight-2020-windows/ecg-maya-usd/maya-usd/lib/mayaUsd/fileio/primWriter.h
    -- promoting: S:/jenkins/workspace/ecg-mayausd-branch-preflight-2020-windows/ecg-maya-usd/maya-usd/lib/mayaUsd/fileio/primWriterArgs.h
    -- promoting: S:/jenkins/workspace/ecg-mayausd-branch-preflight-2020-windows/ecg-maya-usd/maya-usd/lib/mayaUsd/fileio/primWriterContext.h
    -- promoting: S:/jenkins/workspace/ecg-mayausd-branch-preflight-2020-windows/ecg-maya-usd/maya-usd/lib/mayaUsd/fileio/primWriterRegistry.h
    -- promoting: S:/jenkins/workspace/ecg-mayausd-branch-preflight-2020-windows/ecg-maya-usd/maya-usd/lib/mayaUsd/fileio/registryHelper.h
    -- promoting: S:/jenkins/workspace/ecg-mayausd-branch-preflight-2020-windows/ecg-maya-usd/maya-usd/lib/mayaUsd/fileio/shaderReader.h
    -- promoting: S:/jenkins/workspace/ecg-mayausd-branch-preflight-2020-windows/ecg-maya-usd/maya-usd/lib/mayaUsd/fileio/shaderReaderRegistry.h
    -- promoting: S:/jenkins/workspace/ecg-mayausd-branch-preflight-2020-windows/ecg-maya-usd/maya-usd/lib/mayaUsd/fileio/shaderWriter.h
    -- promoting: S:/jenkins/workspace/ecg-mayausd-branch-preflight-2020-windows/ecg-maya-usd/maya-usd/lib/mayaUsd/fileio/shaderWriterRegistry.h
    -- promoting: S:/jenkins/workspace/ecg-mayausd-branch-preflight-2020-windows/ecg-maya-usd/maya-usd/lib/mayaUsd/fileio/transformWriter.h
    -- promoting: S:/jenkins/workspace/ecg-mayausd-branch-preflight-2020-windows/ecg-maya-usd/maya-usd/lib/mayaUsd/fileio/writeJobContext.h
    -- promoting: S:/jenkins/workspace/ecg-mayausd-branch-preflight-2020-windows/ecg-maya-usd/maya-usd/lib/mayaUsd/fileio/chaser/chaser.h
    -- promoting: S:/jenkins/workspace/ecg-mayausd-branch-preflight-2020-windows/ecg-maya-usd/maya-usd/lib/mayaUsd/fileio/chaser/chaserRegistry.h
    -- promoting: S:/jenkins/workspace/ecg-mayausd-branch-preflight-2020-windows/ecg-maya-usd/maya-usd/lib/mayaUsd/fileio/jobs/jobArgs.h
    -- promoting: S:/jenkins/workspace/ecg-mayausd-branch-preflight-2020-windows/ecg-maya-usd/maya-usd/lib/mayaUsd/fileio/jobs/modelKindProcessor.h
    -- promoting: S:/jenkins/workspace/ecg-mayausd-branch-preflight-2020-windows/ecg-maya-usd/maya-usd/lib/mayaUsd/fileio/jobs/readJob.h
    -- promoting: S:/jenkins/workspace/ecg-mayausd-branch-preflight-2020-windows/ecg-maya-usd/maya-usd/lib/mayaUsd/fileio/jobs/writeJob.h
    -- promoting: S:/jenkins/workspace/ecg-mayausd-branch-preflight-2020-windows/ecg-maya-usd/maya-usd/lib/mayaUsd/fileio/shading/rfmShaderMap.h
    -- promoting: S:/jenkins/workspace/ecg-mayausd-branch-preflight-2020-windows/ecg-maya-usd/maya-usd/lib/mayaUsd/fileio/shading/shadingModeExporter.h
    -- promoting: S:/jenkins/workspace/ecg-mayausd-branch-preflight-2020-windows/ecg-maya-usd/maya-usd/lib/mayaUsd/fileio/shading/shadingModeExporterContext.h
    -- promoting: S:/jenkins/workspace/ecg-mayausd-branch-preflight-2020-windows/ecg-maya-usd/maya-usd/lib/mayaUsd/fileio/shading/shadingModeImporter.h
    -- promoting: S:/jenkins/workspace/ecg-mayausd-branch-preflight-2020-windows/ecg-maya-usd/maya-usd/lib/mayaUsd/fileio/shading/shadingModeRegistry.h
    -- promoting: S:/jenkins/workspace/ecg-mayausd-branch-preflight-2020-windows/ecg-maya-usd/maya-usd/lib/mayaUsd/fileio/shading/symmetricShaderReader.h
    -- promoting: S:/jenkins/workspace/ecg-mayausd-branch-preflight-2020-windows/ecg-maya-usd/maya-usd/lib/mayaUsd/fileio/shading/symmetricShaderWriter.h
    -- promoting: S:/jenkins/workspace/ecg-mayausd-branch-preflight-2020-windows/ecg-maya-usd/maya-usd/lib/mayaUsd/fileio/translators/skelBindingsProcessor.h
    -- promoting: S:/jenkins/workspace/ecg-mayausd-branch-preflight-2020-windows/ecg-maya-usd/maya-usd/lib/mayaUsd/fileio/translators/translatorCamera.h
    -- promoting: S:/jenkins/workspace/ecg-mayausd-branch-preflight-2020-windows/ecg-maya-usd/maya-usd/lib/mayaUsd/fileio/translators/translatorCurves.h
    -- promoting: S:/jenkins/workspace/ecg-mayausd-branch-preflight-2020-windows/ecg-maya-usd/maya-usd/lib/mayaUsd/fileio/translators/translatorGprim.h
    -- promoting: S:/jenkins/workspace/ecg-mayausd-branch-preflight-2020-windows/ecg-maya-usd/maya-usd/lib/mayaUsd/fileio/translators/translatorMaterial.h
    -- promoting: S:/jenkins/workspace/ecg-mayausd-branch-preflight-2020-windows/ecg-maya-usd/maya-usd/lib/mayaUsd/fileio/translators/translatorMayaReference.h
    -- promoting: S:/jenkins/workspace/ecg-mayausd-branch-preflight-2020-windows/ecg-maya-usd/maya-usd/lib/mayaUsd/fileio/translators/translatorMesh.h
    -- promoting: S:/jenkins/workspace/ecg-mayausd-branch-preflight-2020-windows/ecg-maya-usd/maya-usd/lib/mayaUsd/fileio/translators/translatorNurbsPatch.h
    -- promoting: S:/jenkins/workspace/ecg-mayausd-branch-preflight-2020-windows/ecg-maya-usd/maya-usd/lib/mayaUsd/fileio/translators/translatorPrim.h
    -- promoting: S:/jenkins/workspace/ecg-mayausd-branch-preflight-2020-windows/ecg-maya-usd/maya-usd/lib/mayaUsd/fileio/translators/translatorRfMLight.h
    -- promoting: S:/jenkins/workspace/ecg-mayausd-branch-preflight-2020-windows/ecg-maya-usd/maya-usd/lib/mayaUsd/fileio/translators/translatorSkel.h
    -- promoting: S:/jenkins/workspace/ecg-mayausd-branch-preflight-2020-windows/ecg-maya-usd/maya-usd/lib/mayaUsd/fileio/translators/translatorUtil.h
    -- promoting: S:/jenkins/workspace/ecg-mayausd-branch-preflight-2020-windows/ecg-maya-usd/maya-usd/lib/mayaUsd/fileio/translators/translatorXformable.h
    -- promoting: S:/jenkins/workspace/ecg-mayausd-branch-preflight-2020-windows/ecg-maya-usd/maya-usd/lib/mayaUsd/fileio/utils/adaptor.h
    -- promoting: S:/jenkins/workspace/ecg-mayausd-branch-preflight-2020-windows/ecg-maya-usd/maya-usd/lib/mayaUsd/fileio/utils/jointWriteUtils.h
    -- promoting: S:/jenkins/workspace/ecg-mayausd-branch-preflight-2020-windows/ecg-maya-usd/maya-usd/lib/mayaUsd/fileio/utils/meshReadUtils.h
    -- promoting: S:/jenkins/workspace/ecg-mayausd-branch-preflight-2020-windows/ecg-maya-usd/maya-usd/lib/mayaUsd/fileio/utils/meshWriteUtils.h
    -- promoting: S:/jenkins/workspace/ecg-mayausd-branch-preflight-2020-windows/ecg-maya-usd/maya-usd/lib/mayaUsd/fileio/utils/readUtil.h
    -- promoting: S:/jenkins/workspace/ecg-mayausd-branch-preflight-2020-windows/ecg-maya-usd/maya-usd/lib/mayaUsd/fileio/utils/roundTripUtil.h
    -- promoting: S:/jenkins/workspace/ecg-mayausd-branch-preflight-2020-windows/ecg-maya-usd/maya-usd/lib/mayaUsd/fileio/utils/shadingUtil.h
    -- promoting: S:/jenkins/workspace/ecg-mayausd-branch-preflight-2020-windows/ecg-maya-usd/maya-usd/lib/mayaUsd/fileio/utils/userTaggedAttribute.h
    -- promoting: S:/jenkins/workspace/ecg-mayausd-branch-preflight-2020-windows/ecg-maya-usd/maya-usd/lib/mayaUsd/fileio/utils/writeUtil.h
    -- promoting: S:/jenkins/workspace/ecg-mayausd-branch-preflight-2020-windows/ecg-maya-usd/maya-usd/lib/mayaUsd/fileio/utils/xformStack.h
    -- promoting: S:/jenkins/workspace/ecg-mayausd-branch-preflight-2020-windows/ecg-maya-usd/maya-usd/lib/mayaUsd/listeners/notice.h
    -- promoting: S:/jenkins/workspace/ecg-mayausd-branch-preflight-2020-windows/ecg-maya-usd/maya-usd/lib/mayaUsd/listeners/proxyShapeNotice.h
    -- promoting: S:/jenkins/workspace/ecg-mayausd-branch-preflight-2020-windows/ecg-maya-usd/maya-usd/lib/mayaUsd/listeners/stageNoticeListener.h
    -- promoting: S:/jenkins/workspace/ecg-mayausd-branch-preflight-2020-windows/ecg-maya-usd/maya-usd/lib/mayaUsd/nodes/hdImagingShape.h
    -- promoting: S:/jenkins/workspace/ecg-mayausd-branch-preflight-2020-windows/ecg-maya-usd/maya-usd/lib/mayaUsd/nodes/pointBasedDeformerNode.h
    -- promoting: S:/jenkins/workspace/ecg-mayausd-branch-preflight-2020-windows/ecg-maya-usd/maya-usd/lib/mayaUsd/nodes/proxyAccessor.h
    -- promoting: S:/jenkins/workspace/ecg-mayausd-branch-preflight-2020-windows/ecg-maya-usd/maya-usd/lib/mayaUsd/nodes/proxyShapeBase.h
    -- promoting: S:/jenkins/workspace/ecg-mayausd-branch-preflight-2020-windows/ecg-maya-usd/maya-usd/lib/mayaUsd/nodes/proxyShapePlugin.h
    -- promoting: S:/jenkins/workspace/ecg-mayausd-branch-preflight-2020-windows/ecg-maya-usd/maya-usd/lib/mayaUsd/nodes/proxyStageProvider.h
    -- promoting: S:/jenkins/workspace/ecg-mayausd-branch-preflight-2020-windows/ecg-maya-usd/maya-usd/lib/mayaUsd/nodes/stageData.h
    -- promoting: S:/jenkins/workspace/ecg-mayausd-branch-preflight-2020-windows/ecg-maya-usd/maya-usd/lib/mayaUsd/nodes/stageNode.h
    -- promoting: S:/jenkins/workspace/ecg-mayausd-branch-preflight-2020-windows/ecg-maya-usd/maya-usd/lib/mayaUsd/nodes/usdPrimProvider.h
    -- promoting: S:/jenkins/workspace/ecg-mayausd-branch-preflight-2020-windows/ecg-maya-usd/maya-usd/lib/mayaUsd/render/px_vp20/glslProgram.h
    -- promoting: S:/jenkins/workspace/ecg-mayausd-branch-preflight-2020-windows/ecg-maya-usd/maya-usd/lib/mayaUsd/render/px_vp20/utils.h
    -- promoting: S:/jenkins/workspace/ecg-mayausd-branch-preflight-2020-windows/ecg-maya-usd/maya-usd/lib/mayaUsd/render/px_vp20/utils_legacy.h
    -- promoting: S:/jenkins/workspace/ecg-mayausd-branch-preflight-2020-windows/ecg-maya-usd/maya-usd/lib/mayaUsd/render/pxrUsdMayaGL/batchRenderer.h
    -- promoting: S:/jenkins/workspace/ecg-mayausd-branch-preflight-2020-windows/ecg-maya-usd/maya-usd/lib/mayaUsd/render/pxrUsdMayaGL/debugCodes.h
    -- promoting: S:/jenkins/workspace/ecg-mayausd-branch-preflight-2020-windows/ecg-maya-usd/maya-usd/lib/mayaUsd/render/pxrUsdMayaGL/hdImagingShapeDrawOverride.h
    -- promoting: S:/jenkins/workspace/ecg-mayausd-branch-preflight-2020-windows/ecg-maya-usd/maya-usd/lib/mayaUsd/render/pxrUsdMayaGL/hdImagingShapeUI.h
    -- promoting: S:/jenkins/workspace/ecg-mayausd-branch-preflight-2020-windows/ecg-maya-usd/maya-usd/lib/mayaUsd/render/pxrUsdMayaGL/instancerImager.h
    -- promoting: S:/jenkins/workspace/ecg-mayausd-branch-preflight-2020-windows/ecg-maya-usd/maya-usd/lib/mayaUsd/render/pxrUsdMayaGL/instancerShapeAdapter.h
    -- promoting: S:/jenkins/workspace/ecg-mayausd-branch-preflight-2020-windows/ecg-maya-usd/maya-usd/lib/mayaUsd/render/pxrUsdMayaGL/proxyDrawOverride.h
    -- promoting: S:/jenkins/workspace/ecg-mayausd-branch-preflight-2020-windows/ecg-maya-usd/maya-usd/lib/mayaUsd/render/pxrUsdMayaGL/proxyShapeUI.h
    -- promoting: S:/jenkins/workspace/ecg-mayausd-branch-preflight-2020-windows/ecg-maya-usd/maya-usd/lib/mayaUsd/render/pxrUsdMayaGL/renderParams.h
    -- promoting: S:/jenkins/workspace/ecg-mayausd-branch-preflight-2020-windows/ecg-maya-usd/maya-usd/lib/mayaUsd/render/pxrUsdMayaGL/sceneDelegate.h
    -- promoting: S:/jenkins/workspace/ecg-mayausd-branch-preflight-2020-windows/ecg-maya-usd/maya-usd/lib/mayaUsd/render/pxrUsdMayaGL/shapeAdapter.h
    -- promoting: S:/jenkins/workspace/ecg-mayausd-branch-preflight-2020-windows/ecg-maya-usd/maya-usd/lib/mayaUsd/render/pxrUsdMayaGL/softSelectHelper.h
    -- promoting: S:/jenkins/workspace/ecg-mayausd-branch-preflight-2020-windows/ecg-maya-usd/maya-usd/lib/mayaUsd/render/pxrUsdMayaGL/usdProxyShapeAdapter.h
    -- promoting: S:/jenkins/workspace/ecg-mayausd-branch-preflight-2020-windows/ecg-maya-usd/maya-usd/lib/mayaUsd/render/pxrUsdMayaGL/userData.h
    -- promoting: S:/jenkins/workspace/ecg-mayausd-branch-preflight-2020-windows/ecg-maya-usd/maya-usd/lib/mayaUsd/render/vp2RenderDelegate/proxyRenderDelegate.h
    -- promoting: S:/jenkins/workspace/ecg-mayausd-branch-preflight-2020-windows/ecg-maya-usd/maya-usd/lib/mayaUsd/render/vp2ShaderFragments/shaderFragments.h
    -- promoting: S:/jenkins/workspace/ecg-mayausd-branch-preflight-2020-windows/ecg-maya-usd/maya-usd/lib/mayaUsd/ufe/Global.h
    -- promoting: S:/jenkins/workspace/ecg-mayausd-branch-preflight-2020-windows/ecg-maya-usd/maya-usd/lib/mayaUsd/ufe/ProxyShapeHandler.h
    -- promoting: S:/jenkins/workspace/ecg-mayausd-branch-preflight-2020-windows/ecg-maya-usd/maya-usd/lib/mayaUsd/ufe/ProxyShapeHierarchy.h
    -- promoting: S:/jenkins/workspace/ecg-mayausd-branch-preflight-2020-windows/ecg-maya-usd/maya-usd/lib/mayaUsd/ufe/ProxyShapeHierarchyHandler.h
    -- promoting: S:/jenkins/workspace/ecg-mayausd-branch-preflight-2020-windows/ecg-maya-usd/maya-usd/lib/mayaUsd/ufe/StagesSubject.h
    -- promoting: S:/jenkins/workspace/ecg-mayausd-branch-preflight-2020-windows/ecg-maya-usd/maya-usd/lib/mayaUsd/ufe/UsdHierarchy.h
    -- promoting: S:/jenkins/workspace/ecg-mayausd-branch-preflight-2020-windows/ecg-maya-usd/maya-usd/lib/mayaUsd/ufe/UsdHierarchyHandler.h
    -- promoting: S:/jenkins/workspace/ecg-mayausd-branch-preflight-2020-windows/ecg-maya-usd/maya-usd/lib/mayaUsd/ufe/UsdRootChildHierarchy.h
    -- promoting: S:/jenkins/workspace/ecg-mayausd-branch-preflight-2020-windows/ecg-maya-usd/maya-usd/lib/mayaUsd/ufe/UsdRotatePivotTranslateUndoableCommand.h
    -- promoting: S:/jenkins/workspace/ecg-mayausd-branch-preflight-2020-windows/ecg-maya-usd/maya-usd/lib/mayaUsd/ufe/UsdRotateUndoableCommand.h
    -- promoting: S:/jenkins/workspace/ecg-mayausd-branch-preflight-2020-windows/ecg-maya-usd/maya-usd/lib/mayaUsd/ufe/UsdScaleUndoableCommand.h
    -- promoting: S:/jenkins/workspace/ecg-mayausd-branch-preflight-2020-windows/ecg-maya-usd/maya-usd/lib/mayaUsd/ufe/UsdSceneItem.h
    -- promoting: S:/jenkins/workspace/ecg-mayausd-branch-preflight-2020-windows/ecg-maya-usd/maya-usd/lib/mayaUsd/ufe/UsdSceneItemOps.h
    -- promoting: S:/jenkins/workspace/ecg-mayausd-branch-preflight-2020-windows/ecg-maya-usd/maya-usd/lib/mayaUsd/ufe/UsdSceneItemOpsHandler.h
    -- promoting: S:/jenkins/workspace/ecg-mayausd-branch-preflight-2020-windows/ecg-maya-usd/maya-usd/lib/mayaUsd/ufe/UsdStageMap.h
    -- promoting: S:/jenkins/workspace/ecg-mayausd-branch-preflight-2020-windows/ecg-maya-usd/maya-usd/lib/mayaUsd/ufe/UsdTRSUndoableCommandBase.h
    -- promoting: S:/jenkins/workspace/ecg-mayausd-branch-preflight-2020-windows/ecg-maya-usd/maya-usd/lib/mayaUsd/ufe/UsdTransform3d.h
    -- promoting: S:/jenkins/workspace/ecg-mayausd-branch-preflight-2020-windows/ecg-maya-usd/maya-usd/lib/mayaUsd/ufe/UsdTransform3dHandler.h
    -- promoting: S:/jenkins/workspace/ecg-mayausd-branch-preflight-2020-windows/ecg-maya-usd/maya-usd/lib/mayaUsd/ufe/UsdTranslateUndoableCommand.h
    -- promoting: S:/jenkins/workspace/ecg-mayausd-branch-preflight-2020-windows/ecg-maya-usd/maya-usd/lib/mayaUsd/ufe/UsdUndoDeleteCommand.h
    -- promoting: S:/jenkins/workspace/ecg-mayausd-branch-preflight-2020-windows/ecg-maya-usd/maya-usd/lib/mayaUsd/ufe/UsdUndoDuplicateCommand.h
    -- promoting: S:/jenkins/workspace/ecg-mayausd-branch-preflight-2020-windows/ecg-maya-usd/maya-usd/lib/mayaUsd/ufe/UsdUndoRenameCommand.h
    -- promoting: S:/jenkins/workspace/ecg-mayausd-branch-preflight-2020-windows/ecg-maya-usd/maya-usd/lib/mayaUsd/ufe/Utils.h
    -- promoting: S:/jenkins/workspace/ecg-mayausd-branch-preflight-2020-windows/ecg-maya-usd/maya-usd/lib/mayaUsd/ufe/UfeVersionCompat.h
    -- promoting: S:/jenkins/workspace/ecg-mayausd-branch-preflight-2020-windows/ecg-maya-usd/maya-usd/lib/mayaUsd/utils/blockSceneModificationContext.h
    -- promoting: S:/jenkins/workspace/ecg-mayausd-branch-preflight-2020-windows/ecg-maya-usd/maya-usd/lib/mayaUsd/utils/colorSpace.h
    -- promoting: S:/jenkins/workspace/ecg-mayausd-branch-preflight-2020-windows/ecg-maya-usd/maya-usd/lib/mayaUsd/utils/converter.h
    -- promoting: S:/jenkins/workspace/ecg-mayausd-branch-preflight-2020-windows/ecg-maya-usd/maya-usd/lib/mayaUsd/utils/diagnosticDelegate.h
    -- promoting: S:/jenkins/workspace/ecg-mayausd-branch-preflight-2020-windows/ecg-maya-usd/maya-usd/lib/mayaUsd/utils/query.h
    -- promoting: S:/jenkins/workspace/ecg-mayausd-branch-preflight-2020-windows/ecg-maya-usd/maya-usd/lib/mayaUsd/utils/plugRegistryHelper.h
    -- promoting: S:/jenkins/workspace/ecg-mayausd-branch-preflight-2020-windows/ecg-maya-usd/maya-usd/lib/mayaUsd/utils/stageCache.h
    -- promoting: S:/jenkins/workspace/ecg-mayausd-branch-preflight-2020-windows/ecg-maya-usd/maya-usd/lib/mayaUsd/utils/undoHelperCommand.h
    -- promoting: S:/jenkins/workspace/ecg-mayausd-branch-preflight-2020-windows/ecg-maya-usd/maya-usd/lib/mayaUsd/utils/util.h
    -- promoting: S:/jenkins/workspace/ecg-mayausd-branch-preflight-2020-windows/ecg-maya-usd/maya-usd/lib/mayaUsd/utils/utilFileSystem.h
    -- promoting: S:/jenkins/workspace/ecg-mayausd-branch-preflight-2020-windows/ecg-maya-usd/maya-usd/lib/usd/hdMaya/api.h
    -- promoting: S:/jenkins/workspace/ecg-mayausd-branch-preflight-2020-windows/ecg-maya-usd/maya-usd/lib/usd/hdMaya/utils.h
    -- promoting: S:/jenkins/workspace/ecg-mayausd-branch-preflight-2020-windows/ecg-maya-usd/maya-usd/lib/usd/hdMaya/debugCodes.h
    -- promoting: S:/jenkins/workspace/ecg-mayausd-branch-preflight-2020-windows/ecg-maya-usd/maya-usd/lib/usd/hdMaya/adapters/adapter.h
    -- promoting: S:/jenkins/workspace/ecg-mayausd-branch-preflight-2020-windows/ecg-maya-usd/maya-usd/lib/usd/hdMaya/adapters/adapterDebugCodes.h
    -- promoting: S:/jenkins/workspace/ecg-mayausd-branch-preflight-2020-windows/ecg-maya-usd/maya-usd/lib/usd/hdMaya/adapters/adapterRegistry.h
    -- promoting: S:/jenkins/workspace/ecg-mayausd-branch-preflight-2020-windows/ecg-maya-usd/maya-usd/lib/usd/hdMaya/adapters/constantShadowMatrix.h
    -- promoting: S:/jenkins/workspace/ecg-mayausd-branch-preflight-2020-windows/ecg-maya-usd/maya-usd/lib/usd/hdMaya/adapters/dagAdapter.h
    -- promoting: S:/jenkins/workspace/ecg-mayausd-branch-preflight-2020-windows/ecg-maya-usd/maya-usd/lib/usd/hdMaya/adapters/lightAdapter.h
    -- promoting: S:/jenkins/workspace/ecg-mayausd-branch-preflight-2020-windows/ecg-maya-usd/maya-usd/lib/usd/hdMaya/adapters/proxyAdapter.h
    -- promoting: S:/jenkins/workspace/ecg-mayausd-branch-preflight-2020-windows/ecg-maya-usd/maya-usd/lib/usd/hdMaya/adapters/materialAdapter.h
    -- promoting: S:/jenkins/workspace/ecg-mayausd-branch-preflight-2020-windows/ecg-maya-usd/maya-usd/lib/usd/hdMaya/adapters/materialNetworkConverter.h
    -- promoting: S:/jenkins/workspace/ecg-mayausd-branch-preflight-2020-windows/ecg-maya-usd/maya-usd/lib/usd/hdMaya/adapters/mayaAttrs.h
    -- promoting: S:/jenkins/workspace/ecg-mayausd-branch-preflight-2020-windows/ecg-maya-usd/maya-usd/lib/usd/hdMaya/adapters/shapeAdapter.h
    -- promoting: S:/jenkins/workspace/ecg-mayausd-branch-preflight-2020-windows/ecg-maya-usd/maya-usd/lib/usd/hdMaya/adapters/tokens.h
    -- promoting: S:/jenkins/workspace/ecg-mayausd-branch-preflight-2020-windows/ecg-maya-usd/maya-usd/lib/usd/hdMaya/delegates/delegate.h
    -- promoting: S:/jenkins/workspace/ecg-mayausd-branch-preflight-2020-windows/ecg-maya-usd/maya-usd/lib/usd/hdMaya/delegates/delegateCtx.h
    -- promoting: S:/jenkins/workspace/ecg-mayausd-branch-preflight-2020-windows/ecg-maya-usd/maya-usd/lib/usd/hdMaya/delegates/delegateDebugCodes.h
    -- promoting: S:/jenkins/workspace/ecg-mayausd-branch-preflight-2020-windows/ecg-maya-usd/maya-usd/lib/usd/hdMaya/delegates/delegateRegistry.h
    -- promoting: S:/jenkins/workspace/ecg-mayausd-branch-preflight-2020-windows/ecg-maya-usd/maya-usd/lib/usd/hdMaya/delegates/params.h
    -- promoting: S:/jenkins/workspace/ecg-mayausd-branch-preflight-2020-windows/ecg-maya-usd/maya-usd/lib/usd/hdMaya/delegates/proxyDelegate.h
    -- promoting: S:/jenkins/workspace/ecg-mayausd-branch-preflight-2020-windows/ecg-maya-usd/maya-usd/lib/usd/hdMaya/delegates/proxyUsdImagingDelegate.h
    -- promoting: S:/jenkins/workspace/ecg-mayausd-branch-preflight-2020-windows/ecg-maya-usd/maya-usd/lib/usd/hdMaya/delegates/sceneDelegate.h
    -- promoting: S:/jenkins/workspace/ecg-mayausd-branch-preflight-2020-windows/ecg-maya-usd/maya-usd/lib/usd/hdMaya/delegates/testDelegate.h
    -- promoting: S:/jenkins/workspace/ecg-mayausd-branch-preflight-2020-windows/ecg-maya-usd/maya-usd/lib/usd/pxrUsdPreviewSurface/usdPreviewSurface.h
    -- promoting: S:/jenkins/workspace/ecg-mayausd-branch-preflight-2020-windows/ecg-maya-usd/maya-usd/lib/usd/pxrUsdPreviewSurface/usdPreviewSurfacePlugin.h
    -- Found Boost 1.70.0 at P:/shared/Artifactory/Windows/USD/59a48e6/lib/cmake/Boost-1.70.0
    --   Requested configuration: QUIET REQUIRED COMPONENTS filesystem;system
    -- Found boost_headers 1.70.0 at P:/shared/Artifactory/Windows/USD/59a48e6/lib/cmake/boost_headers-1.70.0
    -- Found boost_filesystem 1.70.0 at P:/shared/Artifactory/Windows/USD/59a48e6/lib/cmake/boost_filesystem-1.70.0
    --   boost_filesystem-vc141-mt-x64-1_70.lib
    -- Adding boost_filesystem dependencies: headers
    -- Found boost_system 1.70.0 at P:/shared/Artifactory/Windows/USD/59a48e6/lib/cmake/boost_system-1.70.0
    --   boost_system-vc141-mt-x64-1_70.lib
    -- Adding boost_system dependencies: headers
    -- Boost  found.
    -- Found Boost components:
       filesystem;system
    -- promoting: S:/jenkins/workspace/ecg-mayausd-branch-preflight-2020-windows/ecg-maya-usd/maya-usd/lib/usd/schemas/api.h
    -- promoting: S:/jenkins/workspace/ecg-mayausd-branch-preflight-2020-windows/ecg-maya-usd/maya-usd/lib/usd/schemas/ALMayaReference.h
    -- promoting: S:/jenkins/workspace/ecg-mayausd-branch-preflight-2020-windows/ecg-maya-usd/maya-usd/lib/usd/schemas/MayaReference.h
    -- promoting: S:/jenkins/workspace/ecg-mayausd-branch-preflight-2020-windows/ecg-maya-usd/maya-usd/lib/usd/schemas/tokens.h
    Processing schema classes:
    MayaReference, ALMayaReference
    Loading Templates from p:\shared\Artifactory\Windows\USD\59a48e6\lib\usd\usd\resources\codegenTemplates
    Writing API:
    	    wrote W:\build\RelWithDebInfo\lib\usd\schemas\api.h
    Writing Schema Tokens:
    	    wrote W:\build\RelWithDebInfo\lib\usd\schemas\tokens.h
    	    wrote W:\build\RelWithDebInfo\lib\usd\schemas\tokens.cpp
    	    wrote W:\build\RelWithDebInfo\lib\usd\schemas\wrapTokens.cpp
    Generating Classes:
    	    wrote W:\build\RelWithDebInfo\lib\usd\schemas\MayaReference.h
    	    wrote W:\build\RelWithDebInfo\lib\usd\schemas\MayaReference.cpp
    	    wrote W:\build\RelWithDebInfo\lib\usd\schemas\wrapMayaReference.cpp
    	    wrote W:\build\RelWithDebInfo\lib\usd\schemas\ALMayaReference.h
    	    wrote W:\build\RelWithDebInfo\lib\usd\schemas\ALMayaReference.cpp
    	    wrote W:\build\RelWithDebInfo\lib\usd\schemas\wrapALMayaReference.cpp
    	    wrote W:\build\RelWithDebInfo\lib\usd\schemas\plugInfo.json
    Generating Schematics:
    	    wrote W:\build\RelWithDebInfo\lib\usd\schemas\generatedSchema.usda
    -- promoting: S:/jenkins/workspace/ecg-mayausd-branch-preflight-2020-windows/ecg-maya-usd/maya-usd/lib/usd/utils/ALHalf.h
    -- promoting: S:/jenkins/workspace/ecg-mayausd-branch-preflight-2020-windows/ecg-maya-usd/maya-usd/lib/usd/utils/Api.h
    -- promoting: S:/jenkins/workspace/ecg-mayausd-branch-preflight-2020-windows/ecg-maya-usd/maya-usd/lib/usd/utils/DebugCodes.h
    -- promoting: S:/jenkins/workspace/ecg-mayausd-branch-preflight-2020-windows/ecg-maya-usd/maya-usd/lib/usd/utils/DiffCore.h
    -- promoting: S:/jenkins/workspace/ecg-mayausd-branch-preflight-2020-windows/ecg-maya-usd/maya-usd/lib/usd/utils/ForwardDeclares.h
    -- promoting: S:/jenkins/workspace/ecg-mayausd-branch-preflight-2020-windows/ecg-maya-usd/maya-usd/lib/usd/utils/SIMD.h
    -- promoting: S:/jenkins/workspace/ecg-mayausd-branch-preflight-2020-windows/ecg-maya-usd/maya-usd/lib/usd/utils/util.h
    -- promoting: S:/jenkins/workspace/ecg-mayausd-branch-preflight-2020-windows/ecg-maya-usd/maya-usd/lib/usd/ui/api.h
    -- promoting: S:/jenkins/workspace/ecg-mayausd-branch-preflight-2020-windows/ecg-maya-usd/maya-usd/lib/usd/ui/IMayaMQtUtil.h
    -- promoting: S:/jenkins/workspace/ecg-mayausd-branch-preflight-2020-windows/ecg-maya-usd/maya-usd/lib/usd/ui/ItemDelegate.h
    -- promoting: S:/jenkins/workspace/ecg-mayausd-branch-preflight-2020-windows/ecg-maya-usd/maya-usd/lib/usd/ui/IUSDImportView.h
    -- promoting: S:/jenkins/workspace/ecg-mayausd-branch-preflight-2020-windows/ecg-maya-usd/maya-usd/lib/usd/ui/TreeItem.h
    -- promoting: S:/jenkins/workspace/ecg-mayausd-branch-preflight-2020-windows/ecg-maya-usd/maya-usd/lib/usd/ui/TreeModel.h
    -- promoting: S:/jenkins/workspace/ecg-mayausd-branch-preflight-2020-windows/ecg-maya-usd/maya-usd/lib/usd/ui/TreeModelFactory.h
    -- promoting: S:/jenkins/workspace/ecg-mayausd-branch-preflight-2020-windows/ecg-maya-usd/maya-usd/lib/usd/ui/USDImportDialog.h
    -- promoting: S:/jenkins/workspace/ecg-mayausd-branch-preflight-2020-windows/ecg-maya-usd/maya-usd/lib/usd/ui/USDImportDialogCmd.h
    -- promoting: S:/jenkins/workspace/ecg-mayausd-branch-preflight-2020-windows/ecg-maya-usd/maya-usd/lib/usd/ui/USDQtUtil.h
    ========== Pixar USD Plugin ==========
    Compiling W:/build/RelWithDebInfo/plugin/pxr/__init__.py ...
    ========== AL USD Plugin ==========
    CMake Deprecation Warning at plugin/al/CMakeLists.txt:7 (cmake_policy):
      The OLD behavior for policy CMP0026 will be removed from a future version
      of CMake.
    
      The cmake-policies(7) manual explains that the OLD behaviors of all
      policies are deprecated and that a policy should be set to OLD only under
      specific short-term circumstances.  Projects should be ported to the NEW
      behavior and not rely on setting a policy to OLD.
    
    
    -- Found Boost 1.70.0 at P:/shared/Artifactory/Windows/USD/59a48e6/lib/cmake/Boost-1.70.0
    --   Requested configuration: QUIET REQUIRED COMPONENTS python;thread;filesystem;system;chrono;date_time
    -- Found boost_headers 1.70.0 at P:/shared/Artifactory/Windows/USD/59a48e6/lib/cmake/boost_headers-1.70.0
    -- Found boost_python 1.70.0 at P:/shared/Artifactory/Windows/USD/59a48e6/lib/cmake/boost_python-1.70.0
    --   boost_python27-vc141-mt-x64-1_70.lib
    -- Adding boost_python dependencies: headers
    -- Found boost_thread 1.70.0 at P:/shared/Artifactory/Windows/USD/59a48e6/lib/cmake/boost_thread-1.70.0
    --   boost_thread-vc141-mt-x64-1_70.lib
    -- Adding boost_thread dependencies: chrono;headers
    -- Found boost_chrono 1.70.0 at P:/shared/Artifactory/Windows/USD/59a48e6/lib/cmake/boost_chrono-1.70.0
    --   boost_chrono-vc141-mt-x64-1_70.lib
    -- Adding boost_chrono dependencies: headers
    -- Found boost_filesystem 1.70.0 at P:/shared/Artifactory/Windows/USD/59a48e6/lib/cmake/boost_filesystem-1.70.0
    --   boost_filesystem-vc141-mt-x64-1_70.lib
    -- Adding boost_filesystem dependencies: headers
    -- Found boost_system 1.70.0 at P:/shared/Artifactory/Windows/USD/59a48e6/lib/cmake/boost_system-1.70.0
    --   boost_system-vc141-mt-x64-1_70.lib
    -- Adding boost_system dependencies: headers
    -- Found boost_date_time 1.70.0 at P:/shared/Artifactory/Windows/USD/59a48e6/lib/cmake/boost_date_time-1.70.0
    --   boost_date_time-vc141-mt-x64-1_70.lib
    -- Adding boost_date_time dependencies: headers
    -- Boost  found.
    -- Found Boost components:
       python;thread;filesystem;system;chrono;date_time
    -- Found GTest: W:/build/RelWithDebInfo/googletest-install/lib/gtest.lib
    Compiling W:/build/RelWithDebInfo/plugin/al/lib/AL_USDMaya/lib/python/AL/usdmaya/__init__.py ...
    -- Building AL_USDMayaSchemas
    Processing schema classes:
    ALModelAPI, ALFrameRange
    Loading Templates from p:\shared\Artifactory\Windows\USD\59a48e6\lib\usd\usd\resources\codegenTemplates
    Writing API:
    	    wrote W:\build\RelWithDebInfo\plugin\al\schemas\AL\usd\schemas\maya\api.h
    Writing Schema Tokens:
    	    wrote W:\build\RelWithDebInfo\plugin\al\schemas\AL\usd\schemas\maya\tokens.h
    	    wrote W:\build\RelWithDebInfo\plugin\al\schemas\AL\usd\schemas\maya\tokens.cpp
    	    wrote W:\build\RelWithDebInfo\plugin\al\schemas\AL\usd\schemas\maya\wrapTokens.cpp
    Generating Classes:
    	    wrote W:\build\RelWithDebInfo\plugin\al\schemas\AL\usd\schemas\maya\ModelAPI.h
    	    wrote W:\build\RelWithDebInfo\plugin\al\schemas\AL\usd\schemas\maya\ModelAPI.cpp
    	    wrote W:\build\RelWithDebInfo\plugin\al\schemas\AL\usd\schemas\maya\wrapModelAPI.cpp
    	    wrote W:\build\RelWithDebInfo\plugin\al\schemas\AL\usd\schemas\maya\FrameRange.h
    	    wrote W:\build\RelWithDebInfo\plugin\al\schemas\AL\usd\schemas\maya\FrameRange.cpp
    	    wrote W:\build\RelWithDebInfo\plugin\al\schemas\AL\usd\schemas\maya\wrapFrameRange.cpp
    	    wrote W:\build\RelWithDebInfo\plugin\al\schemas\AL\usd\schemas\maya\plugInfo.json
    Generating Schematics:
    	    wrote W:\build\RelWithDebInfo\plugin\al\schemas\AL\usd\schemas\maya\generatedSchema.usda
    Compiling W:/build/RelWithDebInfo/AL/usd/schemas/maya/__init__.py ...
    Compiling W:/build/RelWithDebInfo/AL/__init__.py ...
    Compiling W:/build/RelWithDebInfo/AL/usd/__init__.py ...
    Compiling W:/build/RelWithDebInfo/AL/usd/schemas/__init__.py ...
    Processing schema classes:
    ALExamplePolyCubeNode
    Loading Templates from p:\shared\Artifactory\Windows\USD\59a48e6\lib\usd\usd\resources\codegenTemplates
    Writing API:
    	    wrote W:\build\RelWithDebInfo\plugin\al\schemas\AL\usd\schemas\mayatest\api.h
    Writing Schema Tokens:
    	    wrote W:\build\RelWithDebInfo\plugin\al\schemas\AL\usd\schemas\mayatest\tokens.h
    	    wrote W:\build\RelWithDebInfo\plugin\al\schemas\AL\usd\schemas\mayatest\tokens.cpp
    	    wrote W:\build\RelWithDebInfo\plugin\al\schemas\AL\usd\schemas\mayatest\wrapTokens.cpp
    Generating Classes:
    	    wrote W:\build\RelWithDebInfo\plugin\al\schemas\AL\usd\schemas\mayatest\ExamplePolyCubeNode.h
    	    wrote W:\build\RelWithDebInfo\plugin\al\schemas\AL\usd\schemas\mayatest\ExamplePolyCubeNode.cpp
    	    wrote W:\build\RelWithDebInfo\plugin\al\schemas\AL\usd\schemas\mayatest\wrapExamplePolyCubeNode.cpp
    	unchanged W:\build\RelWithDebInfo\plugin\al\schemas\AL\usd\schemas\mayatest\plugInfo.json
    Generating Schematics:
    	    wrote W:\build\RelWithDebInfo\plugin\al\schemas\AL\usd\schemas\mayatest\generatedSchema.usda
    Compiling W:/build/RelWithDebInfo/AL/usd/schemas/mayatest/__init__.py ...
    Compiling W:/build/RelWithDebInfo/AL/__init__.py ...
    Compiling W:/build/RelWithDebInfo/AL/usd/__init__.py ...
    Compiling W:/build/RelWithDebInfo/AL/usd/schemas/__init__.py ...
    -- Building AL_USDMayaTranslators
    ========== ADSK USD Plugin ==========
    -- Configuring done
    -- Generating done
    -- Build files have been written to: W:/build/RelWithDebInfo
    
        Building with settings:
          Source directory          S:\jenkins\workspace\ecg-mayausd-branch-preflight-2020-windows\ecg-maya-usd\maya-usd
          Workspace directory       W:\
          Build directory           W:\build\RelWithDebInfo
          Install directory         W:\install\RelWithDebInfo\MayaUSD
          Variant                   RelWithDebInfo
          Python Debug              Off
          CMake generator           Ninja
          Build arguments           ['-DCMAKE_MAKE_PROGRAM=P:/shared/Artifactory/Windows/ninja/1.9.0/c68f192/ninja.exe', '-DPYTHON_INCLUDE_DIR=P:/shared/Artifactory/Windows/rundev-2020/202004291615/runtime/df03b16/runTime/include/Python', '-DPython_EXECUTABLE=P:/shared/Artifactory/Windows/rundev-2020/202004291615/runtime/df03b16/runTime/bin/mayapy.exe', '-DPYTHON_LIBRARIES=P:/shared/Artifactory/Windows/rundev-2020/202004291615/runtime/df03b16/runTime/lib/python27.lib', '-DMAYAUSD_TO_USD_RELATIVE_PATH=../USD']
          Stages arguments          ['configure']
          CTest arguments           ['-E testUsdReferenceAssemblySelection|testUsdMayaAppDir|testUsdExportAsClip', '-LE interactive', '--parallel 16']
    Success MayaUSD build and install !!!!
    Elapsed time: 00:01:39
Deleting subst P:
Deleting subst W:
[Pipeline] }
[Pipeline] // withEnv
[Pipeline] }
[Pipeline] // stage
[Pipeline] }
[Pipeline] // timestamps
[Pipeline] }
[Pipeline] // timeout
[Pipeline] timeout
Timeout set to expire in 6 hr 0 min
[Pipeline] {
[Pipeline] timestamps
[Pipeline] {
[Pipeline] stage
[Pipeline] { (Build)
[Pipeline] withEnv
[Pipeline] {
[Pipeline] bat
[ecg-mayausd-branch-preflight-2020-windows] Running batch script
Subst W: S:\jenkins\workspace\ecg-mayausd-branch-preflight-2020-windows
Subst P: S:\jenkins\workspace
"C:\Program Files (x86)\Microsoft Visual Studio\2017\Professional\VC\Auxiliary\Build\vcvarsall.bat" x64
**********************************************************************
** Visual Studio 2017 Developer Command Prompt v15.9.15
** Copyright (c) 2017 Microsoft Corporation
**********************************************************************
[vcvarsall.bat] Environment initialized for: 'x64'
python ecg-maya-usd/build.py --stages=build --workspace-dir=W:\ --artifactory-dir=P:\shared\Artifactory --build-dir=W:\build --install-dir=W:\install --signing-dir=W:\signing --package-dir=W:\package --output-dir=W:\output --stash-dir=W:\stash --jenkins-build=348 --git-commit=d6f37a5e5696a1491862657704651c45dc99341e --git-branch=master --variants=RelWithDebInfo --python=2 --build-retry=3 --maya-cut-config=maya-rundev-2020.yaml --stage-banner
Using Maya cut from P:\shared\Artifactory\Windows\rundev-2020\202004291615\runtime\df03b16

================================================================================
                             build (RelWithDebInfo)
================================================================================
running build stage....................
Maya Python RelWithDebInfo Info:
  mayapy executable   = P:\shared\Artifactory\Windows\rundev-2020\202004291615\runtime\df03b16\runTime\bin\mayapy.exe
  Include Folder      = P:\shared\Artifactory\Windows\rundev-2020\202004291615\runtime\df03b16\runTime\include\Python
  Library             = P:\shared\Artifactory\Windows\rundev-2020\202004291615\runtime\df03b16\runTime\lib\python27.lib
  site-package Folder = P:\shared\Artifactory\Windows\rundev-2020\202004291615\runtime\df03b16\runTime\Python\Lib\site-packages
In workdir: S:\jenkins\workspace\ecg-mayausd-branch-preflight-2020-windows\ecg-maya-usd\maya-usd
Executing: 'P:\\shared\\Artifactory\\Windows\\rundev-2020\\202004291615\\runtime\\df03b16\\runTime\\bin\\mayapy.exe' 'S:\\jenkins\\workspace\\ecg-mayausd-branch-preflight-2020-windows\\ecg-maya-usd\\maya-usd\\build.py' --generator Ninja --build-relwithdebug --maya-location 'P:\\shared\\Artifactory\\Windows\\rundev-2020\\202004291615\\runtime\\df03b16\\runTime' --devkit-location 'P:\\shared\\Artifactory\\Windows\\rundev-2020\\202004291615\\runtime\\df03b16\\devkitBase' --pxrusd-location 'P:\\shared\\Artifactory\\Windows\\USD\\59a48e6' --qt-location 'P:\\shared\\Artifactory\\Windows\\qt\\5.12.5\\4755980' '--build-args=-DCMAKE_MAKE_PROGRAM=P:/shared/Artifactory/Windows/ninja/1.9.0/c68f192/ninja.exe,-DPYTHON_INCLUDE_DIR=P:/shared/Artifactory/Windows/rundev-2020/202004291615/runtime/df03b16/runTime/include/Python,-DPython_EXECUTABLE=P:/shared/Artifactory/Windows/rundev-2020/202004291615/runtime/df03b16/runTime/bin/mayapy.exe,-DPYTHON_LIBRARIES=P:/shared/Artifactory/Windows/rundev-2020/202004291615/runtime/df03b16/runTime/lib/python27.lib,-DMAYAUSD_TO_USD_RELATIVE_PATH=../USD' '--ctest-args=-E testUsdReferenceAssemblySelection|testUsdMayaAppDir|testUsdExportAsClip,-LE interactive,--parallel 16' --stages=build --redirect-outstream-file=False --install-location 'W:\\install\\RelWithDebInfo\\MayaUSD' 'W:\\'
Modified environment variables:
    PATH=P:\shared\Artifactory\Windows\cmake\3.14.4\c5af748\bin;C:\Python27\lib\site-packages\pywin32_system32;C:\Program Files (x86)\Microsoft Visual Studio\2017\Professional\VC\Tools\MSVC\14.16.27023\bin\HostX64\x64;C:\Program Files (x86)\Microsoft Visual Studio\2017\Professional\Common7\IDE\VC\VCPackages;C:\Program Files (x86)\Microsoft Visual Studio\2017\Professional\Common7\IDE\CommonExtensions\Microsoft\TestWindow;C:\Program Files (x86)\Microsoft Visual Studio\2017\Professional\Common7\IDE\CommonExtensions\Microsoft\TeamFoundation\Team Explorer;C:\Program Files (x86)\Microsoft Visual Studio\2017\Professional\MSBuild\15.0\bin\Roslyn;C:\Program Files (x86)\Microsoft Visual Studio\2017\Professional\Team Tools\Performance Tools\x64;C:\Program Files (x86)\Microsoft Visual Studio\2017\Professional\Team Tools\Performance Tools;C:\Program Files (x86)\Microsoft Visual Studio\Shared\Common\VSPerfCollectionTools\\x64;C:\Program Files (x86)\Microsoft Visual Studio\Shared\Common\VSPerfCollectionTools\;C:\Program Files (x86)\Microsoft SDKs\Windows\v10.0A\bin\NETFX 4.6.1 Tools\x64\;C:\Program Files (x86)\HTML Help Workshop;C:\Program Files (x86)\Windows Kits\10\bin\10.0.17763.0\x64;C:\Program Files (x86)\Windows Kits\10\bin\x64;C:\Program Files (x86)\Microsoft Visual Studio\2017\Professional\\MSBuild\15.0\bin;C:\Windows\Microsoft.NET\Framework64\v4.0.30319;C:\Program Files (x86)\Microsoft Visual Studio\2017\Professional\Common7\IDE\;C:\Program Files (x86)\Microsoft Visual Studio\2017\Professional\Common7\Tools\;C:\Windows\system32;C:\Windows;C:\Windows\System32\Wbem;C:\Windows\System32\WindowsPowerShell\v1.0\;C:\Windows\System32\OpenSSH\;C:\Program Files (x86)\WiX Toolset v3.7\bin;C:\Program Files (x86)\Windows Kits\10\bin\10.0.17763.0\x64;C:\Program Files (x86)\Windows Kits\10\bin\x64;C:\Program Files\Git\cmd;C:\StoreBoxClientWindows;C:\Program Files\Electric Cloud\ElectricCommander\bin;C:\Program Files (x86)\Common Files\Oracle\Java\javapath;C:\Program Files\WinRAR;C:\Program Files\7-Zip;C:\Python27;C:\Python27\Scripts;C:\Users\Administrator\AppData\Local\Microsoft\WindowsApps;C:\Program Files (x86)\Microsoft Visual Studio\2017\Professional\Common7\IDE\CommonExtensions\Microsoft\CMake\CMake\bin;C:\Program Files (x86)\Microsoft Visual Studio\2017\Professional\Common7\IDE\CommonExtensions\Microsoft\CMake\Ninja
    [1/528] Building CXX object lib\mayaUsd\CMakeFiles\mayaUsd.dir\base\debugCodes.cpp.obj
    [2/528] Building CXX object lib\mayaUsd\CMakeFiles\mayaUsd.dir\fileio\primUpdaterContext.cpp.obj
    [3/528] Building CXX object lib\mayaUsd\CMakeFiles\mayaUsd.dir\fileio\primReader.cpp.obj
    [4/528] Building CXX object lib\mayaUsd\CMakeFiles\mayaUsd.dir\fileio\primReaderArgs.cpp.obj
    [5/528] Building CXX object lib\mayaUsd\CMakeFiles\mayaUsd.dir\fileio\fallbackPrimReader.cpp.obj
    [6/528] Building CXX object lib\mayaUsd\CMakeFiles\mayaUsd.dir\fileio\functorPrimReader.cpp.obj
    [7/528] Building CXX object lib\mayaUsd\CMakeFiles\mayaUsd.dir\fileio\primUpdater.cpp.obj
    [8/528] Building CXX object lib\mayaUsd\CMakeFiles\mayaUsd.dir\commands\editTargetCommand.cpp.obj
    [9/528] Building CXX object lib\mayaUsd\CMakeFiles\mayaUsd.dir\commands\layerEditorCommand.cpp.obj
    [10/528] Building CXX object lib\mayaUsd\CMakeFiles\mayaUsd.dir\fileio\importData.cpp.obj
    [11/528] Building CXX object lib\mayaUsd\CMakeFiles\mayaUsd.dir\fileio\instancedNodeWriter.cpp.obj
    [12/528] Building CXX object lib\mayaUsd\CMakeFiles\mayaUsd.dir\fileio\primUpdaterRegistry.cpp.obj
    [13/528] Building CXX object lib\mayaUsd\CMakeFiles\mayaUsd.dir\commands\baseImportCommand.cpp.obj
    [14/528] Building CXX object lib\mayaUsd\CMakeFiles\mayaUsd.dir\fileio\functorPrimWriter.cpp.obj
    [15/528] Building CXX object lib\mayaUsd\CMakeFiles\mayaUsd.dir\fileio\primReaderRegistry.cpp.obj
    [16/528] Building CXX object lib\mayaUsd\CMakeFiles\mayaUsd.dir\commands\baseExportCommand.cpp.obj
    [17/528] Building CXX object lib\mayaUsd\CMakeFiles\mayaUsd.dir\commands\baseListShadingModesCommand.cpp.obj
    [18/528] Building CXX object lib\mayaUsd\CMakeFiles\mayaUsd.dir\fileio\chaser\chaser.cpp.obj
    [19/528] Building CXX object lib\mayaUsd\CMakeFiles\mayaUsd.dir\fileio\registryHelper.cpp.obj
    [20/528] Building CXX object lib\mayaUsd\CMakeFiles\mayaUsd.dir\fileio\primReaderContext.cpp.obj
    [21/528] Building CXX object lib\mayaUsd\CMakeFiles\mayaUsd.dir\fileio\primWriterContext.cpp.obj
    [22/528] Building CXX object lib\mayaUsd\CMakeFiles\mayaUsd.dir\fileio\shaderReader.cpp.obj
    [23/528] Building CXX object lib\mayaUsd\CMakeFiles\mayaUsd.dir\fileio\primWriterArgs.cpp.obj
    [24/528] Building CXX object lib\mayaUsd\CMakeFiles\mayaUsd.dir\fileio\shaderReaderRegistry.cpp.obj
    [25/528] Building CXX object lib\mayaUsd\CMakeFiles\mayaUsd.dir\fileio\primWriterRegistry.cpp.obj
    [26/528] Building CXX object lib\mayaUsd\CMakeFiles\mayaUsd.dir\fileio\primWriter.cpp.obj
    [27/528] Building CXX object lib\mayaUsd\CMakeFiles\mayaUsd.dir\fileio\chaser\chaserRegistry.cpp.obj
    [28/528] Building CXX object lib\mayaUsd\CMakeFiles\mayaUsd.dir\fileio\jobs\modelKindProcessor.cpp.obj
    [29/528] Building CXX object lib\mayaUsd\CMakeFiles\mayaUsd.dir\fileio\shading\shadingModeExporter.cpp.obj
    [30/528] Building CXX object lib\mayaUsd\CMakeFiles\mayaUsd.dir\fileio\shading\shadingModeDisplayColor.cpp.obj
    [31/528] Building CXX object lib\mayaUsd\CMakeFiles\mayaUsd.dir\fileio\writeJobContext.cpp.obj
    [32/528] Building CXX object lib\mayaUsd\CMakeFiles\mayaUsd.dir\fileio\jobs\readJob.cpp.obj
    [33/528] Building CXX object lib\mayaUsd\CMakeFiles\mayaUsd.dir\fileio\jobs\jobArgs.cpp.obj
    [34/528] Building CXX object lib\mayaUsd\CMakeFiles\mayaUsd.dir\fileio\jobs\writeJob.cpp.obj
    [35/528] Building CXX object lib\mayaUsd\CMakeFiles\mayaUsd.dir\fileio\shading\shadingModeImporter.cpp.obj
    [36/528] Building CXX object lib\mayaUsd\CMakeFiles\mayaUsd.dir\fileio\shading\shadingModeExporterContext.cpp.obj
    [37/528] Building CXX object lib\mayaUsd\CMakeFiles\mayaUsd.dir\fileio\shading\symmetricShaderReader.cpp.obj
    [38/528] Building CXX object lib\mayaUsd\CMakeFiles\mayaUsd.dir\fileio\shading\symmetricShaderWriter.cpp.obj
    [39/528] Building CXX object lib\mayaUsd\CMakeFiles\mayaUsd.dir\fileio\translators\skelBindingsProcessor.cpp.obj
    [40/528] Building CXX object lib\mayaUsd\CMakeFiles\mayaUsd.dir\fileio\translators\translatorMesh.cpp.obj
    [41/528] Building CXX object lib\mayaUsd\CMakeFiles\mayaUsd.dir\fileio\translators\translatorGprim.cpp.obj
    [42/528] Building CXX object lib\mayaUsd\CMakeFiles\mayaUsd.dir\fileio\shading\shadingModeUseRegistry.cpp.obj
    [43/528] Building CXX object lib\mayaUsd\CMakeFiles\mayaUsd.dir\fileio\shading\shadingModeRegistry.cpp.obj
    [44/528] Building CXX object lib\mayaUsd\CMakeFiles\mayaUsd.dir\fileio\translators\translatorCurves.cpp.obj
    [45/528] Building CXX object lib\mayaUsd\CMakeFiles\mayaUsd.dir\fileio\translators\translatorMayaReference.cpp.obj
    [46/528] Building CXX object lib\mayaUsd\CMakeFiles\mayaUsd.dir\fileio\translators\translatorCamera.cpp.obj
    [47/528] Building CXX object lib\mayaUsd\CMakeFiles\mayaUsd.dir\fileio\translators\translatorMaterial.cpp.obj
    [48/528] Building CXX object lib\mayaUsd\CMakeFiles\mayaUsd.dir\fileio\transformWriter.cpp.obj
    [49/528] Building CXX object lib\mayaUsd\CMakeFiles\mayaUsd.dir\fileio\shading\shadingModePxrRis.cpp.obj
    [50/528] Building CXX object lib\mayaUsd\CMakeFiles\mayaUsd.dir\fileio\shaderWriterRegistry.cpp.obj
    [51/528] Building CXX object lib\mayaUsd\CMakeFiles\mayaUsd.dir\fileio\shaderWriter.cpp.obj
    [52/528] Building CXX object lib\mayaUsd\CMakeFiles\mayaUsd.dir\nodes\stageData.cpp.obj
    [53/528] Building CXX object lib\mayaUsd\CMakeFiles\mayaUsd.dir\nodes\hdImagingShape.cpp.obj
    [54/528] Building CXX object lib\mayaUsd\CMakeFiles\mayaUsd.dir\nodes\proxyAccessor.cpp.obj
    [55/528] Building CXX object lib\mayaUsd\CMakeFiles\mayaUsd.dir\nodes\pointBasedDeformerNode.cpp.obj
    [56/528] Building CXX object lib\mayaUsd\CMakeFiles\mayaUsd.dir\fileio\translators\translatorPrim.cpp.obj
    [57/528] Building CXX object lib\mayaUsd\CMakeFiles\mayaUsd.dir\fileio\translators\translatorUtil.cpp.obj
    [58/528] Building CXX object lib\mayaUsd\CMakeFiles\mayaUsd.dir\fileio\translators\translatorRfMLight.cpp.obj
    [59/528] Building CXX object lib\mayaUsd\CMakeFiles\mayaUsd.dir\nodes\proxyShapeBase.cpp.obj
    [60/528] Building CXX object lib\mayaUsd\CMakeFiles\mayaUsd.dir\fileio\translators\translatorSkel.cpp.obj
    [61/528] Building CXX object lib\mayaUsd\CMakeFiles\mayaUsd.dir\fileio\translators\translatorXformable_decompose.cpp.obj
    [62/528] Building CXX object lib\mayaUsd\CMakeFiles\mayaUsd.dir\fileio\translators\translatorXformable.cpp.obj
    [63/528] Building CXX object lib\mayaUsd\CMakeFiles\mayaUsd.dir\fileio\translators\translatorNurbsPatch.cpp.obj
    [64/528] Building CXX object lib\mayaUsd\CMakeFiles\mayaUsd.dir\fileio\utils\jointWriteUtils.cpp.obj
    [65/528] Building CXX object lib\mayaUsd\CMakeFiles\mayaUsd.dir\nodes\proxyShapePlugin.cpp.obj
    [66/528] Building CXX object lib\mayaUsd\CMakeFiles\mayaUsd.dir\fileio\utils\adaptor.cpp.obj
    [67/528] Building CXX object lib\mayaUsd\CMakeFiles\mayaUsd.dir\render\px_vp20\glslProgram.cpp.obj
    [68/528] Building CXX object lib\mayaUsd\CMakeFiles\mayaUsd.dir\render\pxrUsdMayaGL\debugCodes.cpp.obj
    [69/528] Building CXX object lib\mayaUsd\CMakeFiles\mayaUsd.dir\listeners\notice.cpp.obj
    [70/528] Building CXX object lib\mayaUsd\CMakeFiles\mayaUsd.dir\render\px_vp20\utils_legacy.cpp.obj
    [71/528] Building CXX object lib\mayaUsd\CMakeFiles\mayaUsd.dir\fileio\utils\roundTripUtil.cpp.obj
    [72/528] Building CXX object lib\mayaUsd\CMakeFiles\mayaUsd.dir\fileio\utils\userTaggedAttribute.cpp.obj
    [73/528] Building CXX object lib\mayaUsd\CMakeFiles\mayaUsd.dir\fileio\utils\shadingUtil.cpp.obj
    [74/528] Building CXX object lib\mayaUsd\CMakeFiles\mayaUsd.dir\fileio\utils\meshReadUtils.cpp.obj
    [75/528] Building CXX object lib\mayaUsd\CMakeFiles\mayaUsd.dir\fileio\utils\meshWriteUtils.cpp.obj
    [76/528] Building CXX object lib\mayaUsd\CMakeFiles\mayaUsd.dir\render\px_vp20\utils.cpp.obj
    [77/528] Building CXX object lib\mayaUsd\CMakeFiles\mayaUsd.dir\render\pxrUsdMayaGL\softSelectHelper.cpp.obj
    [78/528] Building CXX object lib\mayaUsd\CMakeFiles\mayaUsd.dir\render\pxrUsdMayaGL\userData.cpp.obj
    [79/528] Building CXX object lib\mayaUsd\CMakeFiles\mayaUsd.dir\listeners\proxyShapeNotice.cpp.obj
    [80/528] Building CXX object lib\mayaUsd\CMakeFiles\mayaUsd.dir\fileio\utils\xformStack.cpp.obj
    [81/528] Building CXX object lib\mayaUsd\CMakeFiles\mayaUsd.dir\listeners\stageNoticeListener.cpp.obj
    [82/528] Building CXX object lib\mayaUsd\CMakeFiles\mayaUsd.dir\render\vp2RenderDelegate\debugCodes.cpp.obj
    [83/528] Building CXX object lib\mayaUsd\CMakeFiles\mayaUsd.dir\fileio\utils\readUtil.cpp.obj
    [84/528] Building CXX object lib\mayaUsd\CMakeFiles\mayaUsd.dir\fileio\utils\writeUtil.cpp.obj
    [85/528] Building CXX object lib\mayaUsd\CMakeFiles\mayaUsd.dir\render\vp2RenderDelegate\bboxGeom.cpp.obj
    [86/528] Building CXX object lib\mayaUsd\CMakeFiles\mayaUsd.dir\render\pxrUsdMayaGL\batchRenderer.cpp.obj
    [87/528] Building CXX object lib\mayaUsd\CMakeFiles\mayaUsd.dir\render\pxrUsdMayaGL\hdImagingShapeDrawOverride.cpp.obj
    [88/528] Building CXX object lib\mayaUsd\CMakeFiles\mayaUsd.dir\render\vp2RenderDelegate\draw_item.cpp.obj
    [89/528] Building CXX object lib\mayaUsd\CMakeFiles\mayaUsd.dir\render\pxrUsdMayaGL\proxyShapeDelegate.cpp.obj
    [90/528] Building CXX object lib\mayaUsd\CMakeFiles\mayaUsd.dir\render\pxrUsdMayaGL\sceneDelegate.cpp.obj
    [91/528] Building CXX object lib\mayaUsd\CMakeFiles\mayaUsd.dir\render\pxrUsdMayaGL\proxyDrawOverride.cpp.obj
    [92/528] Building CXX object lib\mayaUsd\CMakeFiles\mayaUsd.dir\render\vp2RenderDelegate\instancer.cpp.obj
    [93/528] Building CXX object lib\mayaUsd\CMakeFiles\mayaUsd.dir\render\pxrUsdMayaGL\shapeAdapter.cpp.obj
    [94/528] Building CXX object lib\mayaUsd\CMakeFiles\mayaUsd.dir\python\moduleDeps.cpp.obj
    [95/528] Building CXX object lib\mayaUsd\CMakeFiles\mayaUsd.dir\render\pxrUsdMayaGL\hdImagingShapeUI.cpp.obj
    [96/528] Building CXX object lib\mayaUsd\CMakeFiles\mayaUsd.dir\nodes\usdPrimProvider.cpp.obj
    [97/528] Building CXX object lib\mayaUsd\CMakeFiles\mayaUsd.dir\render\vp2RenderDelegate\material.cpp.obj
    [98/528] Building CXX object lib\mayaUsd\CMakeFiles\mayaUsd.dir\render\vp2RenderDelegate\tokens.cpp.obj
    [99/528] Building CXX object lib\mayaUsd\CMakeFiles\mayaUsd.dir\render\vp2RenderDelegate\basisCurves.cpp.obj
    [100/528] Building CXX object lib\mayaUsd\CMakeFiles\mayaUsd.dir\render\pxrUsdMayaGL\instancerShapeAdapter.cpp.obj
    [101/528] Building CXX object lib\mayaUsd\CMakeFiles\mayaUsd.dir\render\pxrUsdMayaGL\proxyShapeUI.cpp.obj
    [102/528] Building CXX object lib\mayaUsd\CMakeFiles\mayaUsd.dir\render\pxrUsdMayaGL\instancerImager.cpp.obj
    [103/528] Building CXX object lib\mayaUsd\CMakeFiles\mayaUsd.dir\render\pxrUsdMayaGL\usdProxyShapeAdapter.cpp.obj
    [104/528] Building CXX object lib\mayaUsd\CMakeFiles\mayaUsd.dir\render\vp2ShaderFragments\shaderFragments.cpp.obj
    [105/528] Building CXX object lib\mayaUsd\CMakeFiles\mayaUsd.dir\render\vp2RenderDelegate\sampler.cpp.obj
    [106/528] Building CXX object lib\mayaUsd\CMakeFiles\mayaUsd.dir\ufe\UsdSceneItemOpsHandler.cpp.obj
    [107/528] Building CXX object lib\mayaUsd\CMakeFiles\mayaUsd.dir\render\vp2RenderDelegate\render_param.cpp.obj
    [108/528] Building CXX object lib\mayaUsd\CMakeFiles\mayaUsd.dir\nodes\stageNode.cpp.obj
    [109/528] Building CXX object lib\mayaUsd\CMakeFiles\mayaUsd.dir\ufe\UsdTranslateUndoableCommand.cpp.obj
    [110/528] Building CXX object lib\mayaUsd\CMakeFiles\mayaUsd.dir\ufe\UsdTransform3dHandler.cpp.obj
    [111/528] Building CXX object lib\mayaUsd\CMakeFiles\mayaUsd.dir\ufe\UsdStageMap.cpp.obj
    [112/528] Building CXX object lib\mayaUsd\CMakeFiles\mayaUsd.dir\ufe\UsdTRSUndoableCommandBase.cpp.obj
    [113/528] Building CXX object lib\mayaUsd\CMakeFiles\mayaUsd.dir\ufe\UsdTransform3d.cpp.obj
    [114/528] Building CXX object lib\mayaUsd\CMakeFiles\mayaUsd.dir\render\vp2RenderDelegate\render_delegate.cpp.obj
    [115/528] Building CXX object lib\mayaUsd\CMakeFiles\mayaUsd.dir\ufe\Global.cpp.obj
    [116/528] Building CXX object lib\mayaUsd\CMakeFiles\mayaUsd.dir\ufe\ProxyShapeHierarchyHandler.cpp.obj
    [117/528] Building CXX object lib\mayaUsd\CMakeFiles\mayaUsd.dir\ufe\ProxyShapeHandler.cpp.obj
    [118/528] Building CXX object lib\mayaUsd\CMakeFiles\mayaUsd.dir\ufe\ProxyShapeHierarchy.cpp.obj
    [119/528] Building CXX object lib\mayaUsd\CMakeFiles\mayaUsd.dir\ufe\UsdHierarchyHandler.cpp.obj
    [120/528] Building CXX object lib\mayaUsd\CMakeFiles\mayaUsd.dir\render\vp2RenderDelegate\mesh.cpp.obj
    [121/528] Building CXX object lib\mayaUsd\CMakeFiles\mayaUsd.dir\utils\utilFileSystem.cpp.obj
    [122/528] Building CXX object lib\mayaUsd\CMakeFiles\mayaUsd.dir\ufe\UsdRotatePivotTranslateUndoableCommand.cpp.obj
    [123/528] Building CXX object lib\mayaUsd\CMakeFiles\mayaUsd.dir\ufe\UsdHierarchy.cpp.obj
    [124/528] Building CXX object lib\mayaUsd\CMakeFiles\mayaUsd.dir\ufe\UsdSceneItem.cpp.obj
    [125/528] Building CXX object lib\mayaUsd\CMakeFiles\mayaUsd.dir\ufe\UsdRootChildHierarchy.cpp.obj
    [126/528] Building CXX object lib\mayaUsd\CMakeFiles\mayaUsd.dir\ufe\UsdRotateUndoableCommand.cpp.obj
    [127/528] Building CXX object lib\mayaUsd\CMakeFiles\mayaUsd.dir\ufe\StagesSubject.cpp.obj
    [128/528] Building CXX object lib\mayaUsd\CMakeFiles\mayaUsd.dir\utils\blockSceneModificationContext.cpp.obj
    [129/528] Building CXX object lib\mayaUsd\CMakeFiles\mayaUsd.dir\ufe\moduleDeps.cpp.obj
    [130/528] Building CXX object lib\mayaUsd\CMakeFiles\mayaUsd.dir\ufe\UsdSceneItemOps.cpp.obj
    [131/528] Building CXX object lib\mayaUsd\CMakeFiles\mayaUsd.dir\utils\colorSpace.cpp.obj
    [132/528] Building CXX object lib\mayaUsd\CMakeFiles\mayaUsd.dir\ufe\UsdScaleUndoableCommand.cpp.obj
    [133/528] Building CXX object lib\mayaUsd\CMakeFiles\mayaUsd.dir\render\vp2RenderDelegate\proxyRenderDelegate.cpp.obj
    [134/528] Building CXX object lib\mayaUsd\CMakeFiles\mayaUsd.dir\utils\diagnosticDelegate.cpp.obj
    [135/528] Building CXX object lib\mayaUsd\CMakeFiles\mayaUsd.dir\utils\undoHelperCommand.cpp.obj
    [136/528] Building CXX object lib\mayaUsd\python\CMakeFiles\_mayaUsd.dir\module.cpp.obj
    [137/528] Building CXX object lib\mayaUsd\CMakeFiles\mayaUsd.dir\ufe\UsdUndoDuplicateCommand.cpp.obj
    [138/528] Building CXX object lib\mayaUsd\CMakeFiles\mayaUsd.dir\ufe\UsdUndoDeleteCommand.cpp.obj
    [139/528] Building CXX object lib\mayaUsd\CMakeFiles\mayaUsd.dir\ufe\private\Utils.cpp.obj
    [140/528] Building CXX object lib\mayaUsd\python\CMakeFiles\_mayaUsd.dir\wrapBlockSceneModificationContext.cpp.obj
    [141/528] Building CXX object lib\mayaUsd\CMakeFiles\mayaUsd.dir\utils\query.cpp.obj
    [142/528] Building CXX object lib\mayaUsd\CMakeFiles\mayaUsd.dir\utils\stageCache.cpp.obj
    [143/528] Building CXX object lib\mayaUsd\CMakeFiles\mayaUsd.dir\ufe\UsdUndoRenameCommand.cpp.obj
    [144/528] Building CXX object lib\mayaUsd\CMakeFiles\mayaUsd.dir\ufe\Utils.cpp.obj
    [145/528] Building CXX object lib\mayaUsd\python\CMakeFiles\_mayaUsd.dir\wrapColorSpace.cpp.obj
    [146/528] Building CXX object lib\mayaUsd\CMakeFiles\mayaUsd.dir\utils\converter.cpp.obj
    [147/528] Building CXX object lib\mayaUsd\CMakeFiles\mayaUsd.dir\utils\util.cpp.obj
    [148/528] Building CXX object plugin\al\lib\AL_USDMaya\CMakeFiles\AL_USDMaya.dir\AL\usdmaya\cmds\RendererCommands.cpp.obj
    [149/528] Building CXX object plugin\al\lib\AL_USDMaya\CMakeFiles\AL_USDMaya.dir\AL\usdmaya\cmds\EventCommand.cpp.obj
    [150/528] Building CXX object lib\mayaUsd\python\CMakeFiles\_mayaUsd.dir\wrapXformStack.cpp.obj
    [151/528] Building CXX object plugin\al\lib\AL_USDMaya\CMakeFiles\AL_USDMaya.dir\AL\usdmaya\cmds\SyncFileIOGui.cpp.obj
    [152/528] Building CXX object lib\mayaUsd\python\CMakeFiles\_mayaUsd.dir\wrapWriteUtil.cpp.obj
    [153/528] Building CXX object lib\mayaUsd\python\CMakeFiles\_mayaUsd.dir\wrapConverter.cpp.obj
    [154/528] Building CXX object lib\mayaUsd\python\CMakeFiles\_mayaUsd.dir\wrapStageCache.cpp.obj
    [155/528] Building CXX object lib\mayaUsd\python\CMakeFiles\_mayaUsd.dir\wrapReadUtil.cpp.obj
    [156/528] Building CXX object lib\mayaUsd\python\CMakeFiles\_mayaUsd.dir\wrapDiagnosticDelegate.cpp.obj
    [157/528] Building CXX object lib\mayaUsd\python\CMakeFiles\_mayaUsd.dir\wrapAdaptor.cpp.obj
    [158/528] Building CXX object lib\mayaUsd\python\CMakeFiles\_mayaUsd.dir\wrapRoundTripUtil.cpp.obj
    [159/528] Building CXX object plugin\al\lib\AL_USDMaya\CMakeFiles\AL_USDMaya.dir\AL\usdmaya\cmds\ListTranslators.cpp.obj
    [160/528] Building CXX object lib\mayaUsd\python\CMakeFiles\_mayaUsd.dir\wrapQuery.cpp.obj
    [161/528] Building CXX object lib\mayaUsd\python\CMakeFiles\_mayaUsd.dir\wrapMeshWriteUtils.cpp.obj
    [162/528] Building CXX object lib\mayaUsd\python\CMakeFiles\_mayaUsd.dir\wrapUserTaggedAttribute.cpp.obj
    [163/528] Building CXX object plugin\al\mayautils\AL\maya\CMakeFiles\AL_MayaUtils.dir\event\MayaEventManager.cpp.obj
    [164/528] Building CXX object plugin\al\mayautils\AL\maya\tests\mayaplugintest\CMakeFiles\AL_MayaUtilsTests.dir\plugin.cpp.obj
    [165/528] Building CXX object plugin\al\mayautils\AL\maya\tests\mayaplugintest\CMakeFiles\AL_MayaUtilsTests.dir\utils\CommandGuiHelperTest.cpp.obj
    [166/528] Building CXX object plugin\al\mayautils\AL\maya\tests\mayaplugintest\CMakeFiles\AL_MayaUtilsTests.dir\test_mobjectmap.cpp.obj
    [167/528] Building CXX object plugin\al\mayautils\AL\maya\tests\mayaplugintest\CMakeFiles\AL_MayaUtilsTests.dir\test_maya_NodeHelper.cpp.obj
    [168/528] Building CXX object plugin\al\lib\AL_USDMaya\CMakeFiles\AL_USDMaya.dir\AL\usdmaya\cmds\ProxyShapePostLoadProcess.cpp.obj
    [169/528] Building CXX object plugin\al\mayautils\AL\maya\tests\mayaplugintest\CMakeFiles\AL_MayaUtilsTests.dir\utils\NodeHelperUnitTest.cpp.obj
    [170/528] Building CXX object plugin\al\lib\AL_USDMaya\CMakeFiles\AL_USDMaya.dir\AL\usdmaya\cmds\ProxyShapeCommands.cpp.obj
    [171/528] Building CXX object plugin\al\mayautils\AL\maya\tests\mayaplugintest\CMakeFiles\AL_MayaUtilsTests.dir\test_maya_MenuBuilder.cpp.obj
    [172/528] Building CXX object plugin\al\mayautils\AL\maya\tests\mayaplugintest\CMakeFiles\AL_MayaUtilsTests.dir\utils\PluginTranslatorOptionsTest.cpp.obj
    [173/528] Building CXX object plugin\al\lib\AL_USDMaya\CMakeFiles\AL_USDMaya.dir\AL\usdmaya\fileio\SchemaPrims.cpp.obj
    [174/528] Building CXX object plugin\al\lib\AL_USDMaya\CMakeFiles\AL_USDMaya.dir\AL\usdmaya\fileio\ExportTranslator.cpp.obj
    [175/528] Building CXX object plugin\al\lib\AL_USDMaya\CMakeFiles\AL_USDMaya.dir\AL\usdmaya\fileio\TransformIterator.cpp.obj
    [176/528] Building CXX object plugin\al\lib\AL_USDMaya\CMakeFiles\AL_USDMaya.dir\AL\usdmaya\cmds\UnloadPrim.cpp.obj
    [177/528] Building CXX object plugin\al\lib\AL_USDMaya\CMakeFiles\AL_USDMaya.dir\AL\usdmaya\cmds\LayerCommands.cpp.obj
    [178/528] Building CXX object plugin\al\lib\AL_USDMaya\CMakeFiles\AL_USDMaya.dir\AL\usdmaya\fileio\AnimationTranslator.cpp.obj
    [179/528] Building CXX object plugin\al\lib\AL_USDMaya\CMakeFiles\AL_USDMaya.dir\AL\usdmaya\fileio\NodeFactory.cpp.obj
    [180/528] Building CXX object plugin\al\lib\AL_USDMaya\CMakeFiles\AL_USDMaya.dir\AL\usdmaya\fileio\Export.cpp.obj
    [181/528] Building CXX object plugin\al\usdtransaction\AL\usd\transaction\CMakeFiles\_AL_USDTransaction.dir\module.cpp.obj
    [182/528] Building CXX object plugin\al\lib\AL_USDMaya\CMakeFiles\AL_USDMaya.dir\AL\usdmaya\fileio\Import.cpp.obj
    [183/528] Building CXX object plugin\al\usdtransaction\AL\usd\transaction\tests\CMakeFiles\AL_USDTransactionTests.dir\testMain.cpp.obj
    [184/528] Building CXX object plugin\al\lib\AL_USDMaya\CMakeFiles\AL_USDMaya.dir\AL\usdmaya\fileio\ImportTranslator.cpp.obj
    [185/528] Building CXX object plugin\al\usdtransaction\AL\usd\transaction\CMakeFiles\AL_USDTransaction.dir\TransactionManager.cpp.obj
    [186/528] Building CXX object plugin\al\usdtransaction\AL\usd\transaction\CMakeFiles\AL_USDTransaction.dir\Notice.cpp.obj
    [187/528] Building CXX object plugin\al\usdmayautils\AL\usdmaya\utils\CMakeFiles\AL_USDMayaUtils.dir\AttributeType.cpp.obj
    [188/528] Building CXX object plugin\al\usdtransaction\AL\usd\transaction\CMakeFiles\AL_USDTransaction.dir\Transaction.cpp.obj
    [189/528] Building CXX object plugin\al\usdmayautils\AL\usdmaya\utils\CMakeFiles\AL_USDMayaUtils.dir\AnimationTranslator.cpp.obj
    [190/528] Linking CXX shared library plugin\al\usdtransaction\AL\usd\transaction\AL_USDTransaction.dll
       Creating library plugin\al\usdtransaction\AL\usd\transaction\AL_USDTransaction.lib and object plugin\al\usdtransaction\AL\usd\transaction\AL_USDTransaction.exp
       Creating library plugin\al\usdtransaction\AL\usd\transaction\AL_USDTransaction.lib and object plugin\al\usdtransaction\AL\usd\transaction\AL_USDTransaction.exp
    [191/528] Building CXX object plugin\al\usdmayautils\AL\usdmaya\utils\CMakeFiles\AL_USDMayaUtils.dir\Utils.cpp.obj
    [192/528] Building CXX object plugin\al\lib\AL_USDMaya\CMakeFiles\AL_USDMaya.dir\AL\usdmaya\Metadata.cpp.obj
    [193/528] Building CXX object plugin\al\usdmayautils\AL\usdmaya\utils\CMakeFiles\AL_USDMayaUtils.dir\NurbsCurveUtils.cpp.obj
    [194/528] Building CXX object plugin\al\lib\AL_USDMaya\CMakeFiles\AL_USDMaya.dir\AL\usdmaya\DebugCodes.cpp.obj
    [195/528] Building CXX object plugin\al\usdtransaction\AL\usd\transaction\CMakeFiles\_AL_USDTransaction.dir\wrapNotice.cpp.obj
    [196/528] Building CXX object plugin\al\usdmayautils\AL\usdmaya\utils\CMakeFiles\AL_USDMayaUtils.dir\DiffPrimVar.cpp.obj
    [197/528] Running utility command for MAYAUSD_TEST
    [198/528] Running utility command for MAYAUSD_NODES_TEST
    [199/528] Building CXX object plugin\al\usdmayautils\AL\usdmaya\utils\CMakeFiles\AL_USDMayaUtils.dir\MeshUtils.cpp.obj
    [200/528] Building CXX object plugin\al\lib\AL_USDMaya\CMakeFiles\AL_USDMaya.dir\AL\usdmaya\cmds\DebugCommands.cpp.obj
    [201/528] Building CXX object plugin\al\lib\AL_USDMaya\CMakeFiles\AL_USDMaya.dir\AL\usdmaya\CodeTimings.cpp.obj
    [202/528] Building CXX object test\lib\usd\plugin\CMakeFiles\usdTestPlugin.dir\plugin.cpp.obj
    [203/528] Running utility command for MAYAUSD_SCHEMA_TEST
    [204/528] Building CXX object plugin\al\usdtransaction\AL\usd\transaction\tests\CMakeFiles\AL_USDTransactionTests.dir\testTransaction.cpp.obj
    [205/528] Building CXX object plugin\al\usdtransaction\AL\usd\transaction\tests\CMakeFiles\AL_USDTransactionTests.dir\testTransactionManager.cpp.obj
    [206/528] Building CXX object plugin\al\usdtransaction\AL\usd\transaction\CMakeFiles\_AL_USDTransaction.dir\wrapTransactionManager.cpp.obj
    [207/528] Building CXX object plugin\al\usdmayautils\AL\usdmaya\utils\CMakeFiles\AL_USDMayaUtils.dir\DgNodeHelper.cpp.obj
    [208/528] Building CXX object plugin\al\lib\AL_USDMaya\CMakeFiles\AL_USDMaya.dir\AL\usdmaya\StageCache.cpp.obj
    [209/528] Running utility command for UFE_TEST
    [210/528] Building CXX object plugin\al\usdtransaction\AL\usd\transaction\CMakeFiles\_AL_USDTransaction.dir\wrapTransaction.cpp.obj
    [211/528] Running utility command for MAYAUSD_PXR_USD_PREVIEW_SURFACE_TEST
    [212/528] Linking CXX executable plugin\al\usdtransaction\AL\usd\transaction\tests\AL_USDTransactionTests.exe
    [213/528] Running utility command for PYTHON_TEST_UTILS
    [214/528] Building CXX object plugin\al\lib\AL_USDMaya\CMakeFiles\AL_USDMaya.dir\AL\usdmaya\moduleDeps.cpp.obj
    [215/528] Building CXX object plugin\al\lib\AL_USDMaya\CMakeFiles\_AL_USDMaya.dir\AL\usdmaya\module.cpp.obj
    [216/528] Linking CXX shared library plugin\al\usdtransaction\AL\usd\transaction\_AL_USDTransaction.pyd
       Creating library plugin\al\usdtransaction\AL\usd\transaction\_AL_USDTransaction.lib and object plugin\al\usdtransaction\AL\usd\transaction\_AL_USDTransaction.exp
       Creating library plugin\al\usdtransaction\AL\usd\transaction\_AL_USDTransaction.lib and object plugin\al\usdtransaction\AL\usd\transaction\_AL_USDTransaction.exp
    [217/528] Building CXX object test\lib\usd\utils\CMakeFiles\DiffCore.dir\main.cpp.obj
    [218/528] Building CXX object test\lib\usd\utils\CMakeFiles\DiffCore.dir\test_DiffCore.cpp.obj
    [219/528] Running utility command for PYTHON_TEST_SAMPLES
    [220/528] Running utility command for MAYAUSD_RENDER_PXRUSDMAYAGL_TEST
    [221/528] Building CXX object plugin\al\lib\AL_USDMaya\CMakeFiles\AL_USDMaya.dir\AL\usdmaya\SelectabilityDB.cpp.obj
    [222/528] Building CXX object plugin\al\lib\AL_USDMaya\CMakeFiles\AL_USDMaya.dir\AL\usdmaya\cmds\CreateUsdPrim.cpp.obj
    [223/528] Building CXX object plugin\al\lib\AL_USDMaya\CMakeFiles\_AL_USDMaya.dir\AL\usdmaya\wrapStageCache.cpp.obj
    [224/528] Building CXX object plugin\al\lib\AL_USDMaya\CMakeFiles\AL_USDMaya.dir\AL\usdmaya\TransformOperation.cpp.obj
    [225/528] Building CXX object plugin\al\lib\AL_USDMaya\CMakeFiles\AL_USDMaya.dir\AL\usdmaya\Global.cpp.obj
    [226/528] Building CXX object plugin\al\lib\AL_USDMaya\CMakeFiles\AL_USDMaya.dir\AL\usdmaya\fileio\translators\DagNodeTranslator.cpp.obj
    [227/528] Running utility command for IMPORT_EXPORT_TEST
    [228/528] Building CXX object test\lib\usd\plugin\CMakeFiles\usdTestPlugin.dir\mayaShaderTranslation.cpp.obj
    [229/528] Building CXX object plugin\al\plugin\AL_USDMayaTestPlugin\CMakeFiles\AL_USDMayaTestPlugin.dir\AL\maya\test_EventHandler.cpp.obj
    [230/528] Building CXX object plugin\al\lib\AL_USDMaya\CMakeFiles\_AL_USDMaya.dir\AL\usdmaya\nodes\wrapLayerManager.cpp.obj
    [231/528] Building CXX object plugin\al\lib\AL_USDMaya\CMakeFiles\_AL_USDMaya.dir\AL\usdmaya\nodes\wrapProxyShape.cpp.obj
    [232/528] Building CXX object plugin\al\plugin\AL_USDMayaTestPlugin\CMakeFiles\AL_USDMayaTestPlugin.dir\AL\maya\test_MatrixToSRT.cpp.obj
    [233/528] Building CXX object plugin\al\lib\AL_USDMaya\CMakeFiles\_AL_USDMaya.dir\AL\usdmaya\fileio\translators\wrapTranslatorContext.cpp.obj
    [234/528] Building CXX object plugin\al\plugin\AL_USDMayaTestPlugin\CMakeFiles\AL_USDMayaTestPlugin.dir\AL\maya\test_MayaEventManager.cpp.obj
    [235/528] Building CXX object plugin\al\plugin\AL_USDMayaPlugin\CMakeFiles\AL_USDMayaPlugin.dir\plugin.cpp.obj
    [236/528] Building CXX object plugin\al\lib\AL_USDMaya\CMakeFiles\_AL_USDMaya.dir\AL\usdmaya\fileio\translators\wrapTranslatorBase.cpp.obj
    [237/528] Building CXX object plugin\al\plugin\AL_USDMayaTestPlugin\CMakeFiles\AL_USDMayaTestPlugin.dir\AL\usdmaya\commands\test_ExportCommands.cpp.obj
    [238/528] Building CXX object plugin\al\plugin\AL_USDMayaTestPlugin\CMakeFiles\AL_USDMayaTestPlugin.dir\AL\usdmaya\commands\test_TranslateCommand.cpp.obj
    [239/528] Building CXX object plugin\al\plugin\AL_USDMayaTestPlugin\CMakeFiles\AL_USDMayaTestPlugin.dir\plugin.cpp.obj
    [240/528] Building CXX object plugin\al\plugin\AL_USDMayaTestPlugin\CMakeFiles\AL_USDMayaTestPlugin.dir\AL\usdmaya\commands\test_LayerCommands.cpp.obj
    [241/528] Building CXX object plugin\al\plugin\AL_USDMayaTestPlugin\CMakeFiles\AL_USDMayaTestPlugin.dir\AL\usdmaya\fileio\export_import_instancing.cpp.obj
    [242/528] Building CXX object plugin\al\plugin\AL_USDMayaTestPlugin\CMakeFiles\AL_USDMayaTestPlugin.dir\AL\usdmaya\commands\test_InternalProxySelection.cpp.obj
    [243/528] Building CXX object plugin\al\plugin\AL_USDMayaTestPlugin\CMakeFiles\AL_USDMayaTestPlugin.dir\AL\usdmaya\commands\test_ProxyShapeImport.cpp.obj
    [244/528] Building CXX object plugin\al\plugin\AL_USDMayaTestPlugin\CMakeFiles\AL_USDMayaTestPlugin.dir\AL\usdmaya\commands\test_LayerManagerCommands.cpp.obj
    [245/528] Building CXX object plugin\al\plugin\AL_USDMayaTestPlugin\CMakeFiles\AL_USDMayaTestPlugin.dir\AL\usdmaya\fileio\export_blendshape.cpp.obj
    [246/528] Building CXX object plugin\al\plugin\AL_USDMayaTestPlugin\CMakeFiles\AL_USDMayaTestPlugin.dir\AL\usdmaya\fileio\export_ik.cpp.obj
    [247/528] Building CXX object plugin\al\plugin\AL_USDMayaTestPlugin\CMakeFiles\AL_USDMayaTestPlugin.dir\AL\usdmaya\fileio\export_unmerged.cpp.obj
    [248/528] Building CXX object plugin\al\plugin\AL_USDMayaTestPlugin\CMakeFiles\AL_USDMayaTestPlugin.dir\AL\usdmaya\fileio\export_lattice.cpp.obj
    [249/528] Building CXX object plugin\al\plugin\AL_USDMayaTestPlugin\CMakeFiles\AL_USDMayaTestPlugin.dir\AL\usdmaya\fileio\export_constraints.cpp.obj
    [250/528] Building CXX object plugin\al\plugin\AL_USDMayaTestPlugin\CMakeFiles\AL_USDMayaTestPlugin.dir\AL\usdmaya\commands\test_ProxyShapeSelect.cpp.obj
    [251/528] Building CXX object plugin\al\plugin\AL_USDMayaTestPlugin\CMakeFiles\AL_USDMayaTestPlugin.dir\AL\usdmaya\fileio\import_instances.cpp.obj
    [252/528] Building CXX object plugin\al\plugin\AL_USDMayaTestPlugin\CMakeFiles\AL_USDMayaTestPlugin.dir\AL\usdmaya\fileio\test_activeInActiveTranslators.cpp.obj
    [253/528] Building CXX object plugin\al\plugin\AL_USDMayaTestPlugin\CMakeFiles\AL_USDMayaTestPlugin.dir\AL\usdmaya\fileio\export_nonlinear.cpp.obj
    [254/528] Building CXX object plugin\al\plugin\AL_USDMayaTestPlugin\CMakeFiles\AL_USDMayaTestPlugin.dir\AL\usdmaya\fileio\export_multiple_shapes.cpp.obj
    [255/528] Building CXX object plugin\al\plugin\AL_USDMayaTestPlugin\CMakeFiles\AL_USDMayaTestPlugin.dir\AL\usdmaya\nodes\test_ScopeMatrix.cpp.obj
    [256/528] Building CXX object plugin\al\plugin\AL_USDMayaTestPlugin\CMakeFiles\AL_USDMayaTestPlugin.dir\AL\usdmaya\nodes\test_ProxyShapeSelectabilityDB.cpp.obj
    [257/528] Building CXX object plugin\al\plugin\AL_USDMayaTestPlugin\CMakeFiles\AL_USDMayaTestPlugin.dir\AL\usdmaya\nodes\test_ExtraDataPlugin.cpp.obj
    [258/528] Building CXX object plugin\al\plugin\AL_USDMayaTestPlugin\CMakeFiles\AL_USDMayaTestPlugin.dir\AL\usdmaya\nodes\proxy\test_PrimFilter.cpp.obj
    [259/528] Building CXX object plugin\al\plugin\AL_USDMayaTestPlugin\CMakeFiles\AL_USDMayaTestPlugin.dir\AL\usdmaya\nodes\test_ActiveInactive.cpp.obj
    [260/528] Building CXX object plugin\al\plugin\AL_USDMayaTestPlugin\CMakeFiles\AL_USDMayaTestPlugin.dir\AL\usdmaya\nodes\test_lockPrims.cpp.obj
    [261/528] Building CXX object plugin\al\plugin\AL_USDMayaTestPlugin\CMakeFiles\AL_USDMayaTestPlugin.dir\AL\usdmaya\nodes\test_Transform.cpp.obj
    [262/528] Building CXX object plugin\al\plugin\AL_USDMayaTestPlugin\CMakeFiles\AL_USDMayaTestPlugin.dir\AL\usdmaya\nodes\test_LayerManager.cpp.obj
    [263/528] Building CXX object plugin\al\plugin\AL_USDMayaTestPlugin\CMakeFiles\AL_USDMayaTestPlugin.dir\AL\usdmaya\nodes\test_ProxyUsdGeomCamera.cpp.obj
    [264/528] Building CXX object plugin\al\plugin\AL_USDMayaTestPlugin\CMakeFiles\AL_USDMayaTestPlugin.dir\AL\usdmaya\nodes\test_VariantFallbacks.cpp.obj
    [265/528] Building CXX object plugin\al\plugin\AL_USDMayaTestPlugin\CMakeFiles\AL_USDMayaTestPlugin.dir\AL\usdmaya\nodes\test_ProxyShape.cpp.obj
    [266/528] Building CXX object plugin\al\plugin\AL_USDMayaTestPlugin\CMakeFiles\AL_USDMayaTestPlugin.dir\AL\usdmaya\test_DiffGeom.cpp.obj
    [267/528] Building CXX object plugin\al\plugin\AL_USDMayaTestPlugin\CMakeFiles\AL_USDMayaTestPlugin.dir\AL\usdmaya\test_SelectabilityDB.cpp.obj
    [268/528] Building CXX object plugin\al\plugin\AL_USDMayaTestPlugin\CMakeFiles\AL_USDMayaTestPlugin.dir\AL\usdmaya\nodes\test_TransformMatrix.cpp.obj
    [269/528] Building CXX object plugin\al\plugin\AL_USDMayaTestPlugin\CMakeFiles\AL_USDMayaTestPlugin.dir\AL\usdmaya\nodes\test_TranslatorContext.cpp.obj
    [270/528] Building CXX object plugin\al\plugin\AL_USDMayaTestPlugin\CMakeFiles\AL_USDMayaTestPlugin.dir\AL\usdmaya\test_DiffPrimVar.cpp.obj
    [271/528] Building CXX object plugin\al\lib\AL_USDMaya\CMakeFiles\AL_USDMaya.dir\AL\usdmaya\nodes\Layer.cpp.obj
    [272/528] Building CXX object plugin\al\lib\AL_USDMaya\CMakeFiles\AL_USDMaya.dir\AL\usdmaya\fileio\translators\TranslatorTestPlugin.cpp.obj
    [273/528] Building CXX object plugin\al\plugin\AL_USDMayaTestPlugin\CMakeFiles\AL_USDMayaTestPlugin.dir\test_translators_AnimationTranslator.cpp.obj
    [274/528] Building CXX object plugin\al\plugin\AL_USDMayaTestPlugin\CMakeFiles\AL_USDMayaTestPlugin.dir\test_translators_PythonBindings.cpp.obj
    [275/528] Building CXX object plugin\al\lib\AL_USDMaya\CMakeFiles\AL_USDMaya.dir\AL\usdmaya\fileio\translators\TranslatorContext.cpp.obj
    [276/528] Building CXX object plugin\al\plugin\AL_USDMayaTestPlugin\CMakeFiles\AL_USDMayaTestPlugin.dir\test_translators_CameraTranslator.cpp.obj
    [277/528] Building CXX object plugin\al\plugin\AL_USDMayaTestPlugin\CMakeFiles\AL_USDMayaTestPlugin.dir\test_translators_NurbsCurveTranslator.cpp.obj
    [278/528] Building CXX object plugin\al\lib\AL_USDMaya\CMakeFiles\AL_USDMaya.dir\AL\usdmaya\fileio\translators\TranslatorBase.cpp.obj
    [279/528] Building CXX object plugin\al\lib\AL_USDMaya\CMakeFiles\AL_USDMaya.dir\AL\usdmaya\fileio\translators\TransformTranslator.cpp.obj
    [280/528] Building CXX object plugin\al\lib\AL_USDMaya\CMakeFiles\AL_USDMaya.dir\AL\usdmaya\fileio\translators\ExtraDataPlugin.cpp.obj
    [281/528] Building CXX object plugin\al\lib\AL_USDMaya\CMakeFiles\AL_USDMaya.dir\AL\usdmaya\fileio\translators\TranslatorTestType.cpp.obj
    [282/528] Building CXX object plugin\al\plugin\AL_USDMayaTestPlugin\CMakeFiles\AL_USDMayaTestPlugin.dir\test_translators_DgTranslator.cpp.obj
    [283/528] Building CXX object plugin\al\lib\AL_USDMaya\CMakeFiles\AL_USDMaya.dir\AL\usdmaya\fileio\translators\DgNodeTranslator.cpp.obj
    [284/528] Building CXX object plugin\al\plugin\AL_USDMayaTestPlugin\CMakeFiles\AL_USDMayaTestPlugin.dir\test_translators_MeshTranslator.cpp.obj
    [285/528] Building CXX object plugin\al\lib\AL_USDMaya\CMakeFiles\AL_USDMaya.dir\AL\usdmaya\fileio\translators\TestExtraDataPlugin.cpp.obj
    [286/528] Building CXX object plugin\al\lib\AL_USDMaya\CMakeFiles\AL_USDMaya.dir\AL\usdmaya\nodes\proxy\LockManager.cpp.obj
    [287/528] Building CXX object plugin\al\lib\AL_USDMaya\CMakeFiles\AL_USDMaya.dir\AL\usdmaya\nodes\LayerManager.cpp.obj
    [288/528] Building CXX object plugin\al\lib\AL_USDMaya\CMakeFiles\AL_USDMaya.dir\AL\usdmaya\nodes\Engine.cpp.obj
    [289/528] Building CXX object plugin\al\lib\AL_USDMaya\CMakeFiles\AL_USDMaya.dir\AL\usdmaya\nodes\ProxyUsdGeomCamera.cpp.obj
    [290/528] Building CXX object plugin\al\lib\AL_USDMaya\CMakeFiles\AL_USDMaya.dir\AL\usdmaya\nodes\Scope.cpp.obj
    [291/528] Building CXX object plugin\al\lib\AL_USDMaya\CMakeFiles\AL_USDMaya.dir\AL\usdmaya\nodes\MeshAnimCreator.cpp.obj
    [292/528] Building CXX object plugin\al\lib\AL_USDMaya\CMakeFiles\AL_USDMaya.dir\AL\usdmaya\nodes\MeshAnimDeformer.cpp.obj
    [293/528] Building CXX object lib\mayaUsd\ufe\CMakeFiles\_ufe.dir\module.cpp.obj
    [294/528] Building CXX object plugin\al\lib\AL_USDMaya\CMakeFiles\AL_USDMaya.dir\AL\usdmaya\nodes\BasicTransformationMatrix.cpp.obj
    [295/528] Building CXX object plugin\al\lib\AL_USDMaya\CMakeFiles\AL_USDMaya.dir\AL\usdmaya\nodes\Transform.cpp.obj
    [296/528] Building CXX object plugin\al\lib\AL_USDMaya\CMakeFiles\AL_USDMaya.dir\AL\usdmaya\nodes\ProxyDrawOverride.cpp.obj
    [297/528] Building CXX object plugin\al\lib\AL_USDMaya\CMakeFiles\AL_USDMaya.dir\AL\usdmaya\nodes\proxy\PrimFilter.cpp.obj
    [298/528] Building CXX object plugin\al\lib\AL_USDMaya\CMakeFiles\AL_USDMaya.dir\AL\usdmaya\nodes\ProxyShapeSelection.cpp.obj
    [299/528] Building CXX object plugin\al\lib\AL_USDMaya\CMakeFiles\AL_USDMaya.dir\AL\usdmaya\nodes\RendererManager.cpp.obj
    [300/528] Building CXX object plugin\al\lib\AL_USDMaya\CMakeFiles\AL_USDMaya.dir\AL\usdmaya\nodes\ProxyShapeUI.cpp.obj
    [301/528] Building CXX object lib\mayaUsd\render\mayaToHydra\CMakeFiles\mtoh.dir\pluginDebugCodes.cpp.obj
    [302/528] Building CXX object plugin\al\lib\AL_USDMaya\CMakeFiles\AL_USDMaya.dir\AL\usdmaya\nodes\proxy\ProxyShapeMetaData.cpp.obj
    [303/528] Building CXX object plugin\al\lib\AL_USDMaya\CMakeFiles\AL_USDMaya.dir\AL\usdmaya\nodes\proxy\ProxyShapeVariantFallbacks.cpp.obj
    [304/528] Building CXX object lib\mayaUsd\render\mayaToHydra\CMakeFiles\mtoh.dir\tokens.cpp.obj
    [305/528] Building CXX object lib\usd\hdMaya\CMakeFiles\hdMaya.dir\debugCodes.cpp.obj
    [306/528] Building CXX object lib\mayaUsd\ufe\CMakeFiles\_ufe.dir\wrapGlobal.cpp.obj
    [307/528] Building CXX object lib\usd\pxrUsdPreviewSurface\CMakeFiles\basePxrUsdPreviewSurface.dir\usdPreviewSurfaceShadingNodeOverride.cpp.obj
    [308/528] Building CXX object lib\mayaUsd\render\mayaToHydra\CMakeFiles\mtoh.dir\utils.cpp.obj
    [309/528] Building CXX object plugin\al\plugin\AL_USDMayaTestPlugin\CMakeFiles\AL_USDMayaTestPlugin.dir\test_translators_Translator.cpp.obj
    [310/528] Building CXX object lib\mayaUsd\ufe\CMakeFiles\_ufe.dir\wrapUtils.cpp.obj
    [311/528] Building CXX object plugin\al\lib\AL_USDMaya\CMakeFiles\AL_USDMaya.dir\AL\usdmaya\nodes\TransformationMatrix.cpp.obj
    [312/528] Building CXX object lib\usd\pxrUsdPreviewSurface\CMakeFiles\basePxrUsdPreviewSurface.dir\usdPreviewSurface.cpp.obj
    [313/528] Building CXX object lib\mayaUsd\ufe\CMakeFiles\_ufe.dir\wrapNotice.cpp.obj
    [314/528] Building CXX object plugin\al\lib\AL_USDMaya\CMakeFiles\AL_USDMaya.dir\AL\usdmaya\nodes\ProxyShape.cpp.obj
    [315/528] Building CXX object lib\usd\hdMaya\CMakeFiles\hdMaya.dir\adapters\adapterDebugCodes.cpp.obj
    [316/528] Building CXX object lib\mayaUsd\render\mayaToHydra\CMakeFiles\mtoh.dir\shadingModeExporter.cpp.obj
    [317/528] Building CXX object plugin\al\plugin\AL_USDMayaTestPlugin\CMakeFiles\AL_USDMayaTestPlugin.dir\test_translators_TransformTranslator.cpp.obj
    [318/528] Building CXX object lib\usd\pxrUsdPreviewSurface\CMakeFiles\basePxrUsdPreviewSurface.dir\usdPreviewSurfaceWriter.cpp.obj
    [319/528] Building CXX object lib\usd\pxrUsdPreviewSurface\CMakeFiles\basePxrUsdPreviewSurface.dir\usdPreviewSurfaceReader.cpp.obj
    [320/528] Building CXX object lib\mayaUsd\render\mayaToHydra\CMakeFiles\mtoh.dir\plugin.cpp.obj
    [321/528] Building CXX object lib\usd\hdMaya\CMakeFiles\hdMaya.dir\utils.cpp.obj
    [322/528] Building CXX object lib\mayaUsd\render\mayaToHydra\CMakeFiles\mtoh.dir\defaultLightDelegate.cpp.obj
    [323/528] Building CXX object lib\mayaUsd\render\mayaToHydra\CMakeFiles\mtoh.dir\renderGlobals.cpp.obj
    [324/528] Building CXX object lib\mayaUsd\render\mayaToHydra\CMakeFiles\mtoh.dir\viewCommand.cpp.obj
    [325/528] Building CXX object lib\usd\hdMaya\CMakeFiles\hdMaya.dir\adapters\adapter.cpp.obj
    [326/528] Building CXX object lib\usd\pxrUsdPreviewSurface\CMakeFiles\basePxrUsdPreviewSurface.dir\usdPreviewSurfacePlugin.cpp.obj
    [327/528] Building CXX object lib\mayaUsd\render\mayaToHydra\CMakeFiles\mtoh.dir\renderOverride.cpp.obj
    [328/528] Building CXX object lib\usd\hdMaya\CMakeFiles\hdMaya.dir\adapters\mayaAttrs.cpp.obj
    [329/528] Building CXX object lib\usd\hdMaya\CMakeFiles\hdMaya.dir\adapters\areaLightAdapter.cpp.obj
    [330/528] Building CXX object lib\usd\hdMaya\CMakeFiles\hdMaya.dir\delegates\delegateDebugCodes.cpp.obj
    [331/528] Building CXX object lib\usd\hdMaya\CMakeFiles\hdMaya.dir\adapters\dagAdapter.cpp.obj
    [332/528] Building CXX object lib\usd\hdMaya\CMakeFiles\hdMaya.dir\adapters\aiSkydomeLightAdapter.cpp.obj
    [333/528] Building CXX object lib\usd\hdMaya\CMakeFiles\hdMaya.dir\adapters\lightAdapter.cpp.obj
    [334/528] Building CXX object lib\usd\hdMaya\CMakeFiles\hdMaya.dir\adapters\tokens.cpp.obj
    [335/528] Building CXX object lib\usd\hdMaya\CMakeFiles\hdMaya.dir\adapters\adapterRegistry.cpp.obj
    [336/528] Building CXX object lib\usd\hdMaya\CMakeFiles\hdMaya.dir\adapters\materialAdapter.cpp.obj
    [337/528] Building CXX object lib\usd\hdMaya\CMakeFiles\hdMaya.dir\adapters\directionalLightAdapter.cpp.obj
    [338/528] Building CXX object plugin\al\mayautils\AL\maya\CMakeFiles\AL_MayaUtils.dir\utils\NodeHelper.cpp.obj
    [339/528] Building CXX object lib\usd\hdMaya\CMakeFiles\hdMaya.dir\adapters\pointLightAdapter.cpp.obj
    [340/528] Building CXX object plugin\al\mayautils\AL\maya\CMakeFiles\AL_MayaUtils.dir\utils\CommandGuiHelper.cpp.obj
    [341/528] Building CXX object lib\usd\hdMaya\CMakeFiles\hdMaya.dir\adapters\shapeAdapter.cpp.obj
    [342/528] Building CXX object lib\usd\hdMaya\CMakeFiles\hdMaya.dir\delegates\delegateRegistry.cpp.obj
    [343/528] Building CXX object lib\usd\hdMaya\CMakeFiles\hdMaya.dir\delegates\delegate.cpp.obj
    [344/528] Building CXX object lib\usd\hdMaya\CMakeFiles\hdMaya.dir\adapters\meshAdapter.cpp.obj
    [345/528] Building CXX object lib\usd\hdMaya\CMakeFiles\hdMaya.dir\adapters\nurbsCurveAdapter.cpp.obj
    [346/528] Building CXX object lib\usd\hdMaya\CMakeFiles\hdMaya.dir\adapters\spotLightAdapter.cpp.obj
    [347/528] Building CXX object lib\usd\hdMaya\CMakeFiles\hdMaya.dir\adapters\proxyAdapter.cpp.obj
    [348/528] Building CXX object lib\usd\hdMaya\CMakeFiles\hdMaya.dir\adapters\materialNetworkConverter.cpp.obj
    [349/528] Building CXX object lib\usd\hdMaya\CMakeFiles\hdMaya.dir\delegates\delegateCtx.cpp.obj
    [350/528] Building CXX object lib\usd\hdMaya\CMakeFiles\hdMaya.dir\delegates\sceneDelegate.cpp.obj
    [351/528] Building CXX object lib\usd\translators\CMakeFiles\mayaUsd_Translators.dir\cameraReader.cpp.obj
    [352/528] Building CXX object lib\usd\translators\CMakeFiles\mayaUsd_Translators.dir\lightWriter.cpp.obj
    [353/528] Building CXX object lib\usd\hdMaya\CMakeFiles\hdMaya.dir\delegates\proxyUsdImagingDelegate.cpp.obj
    [354/528] Building CXX object lib\usd\translators\CMakeFiles\mayaUsd_Translators.dir\lightReader.cpp.obj
    [355/528] Building CXX object lib\usd\translators\CMakeFiles\mayaUsd_Translators.dir\materialReader.cpp.obj
    [356/528] Building CXX object lib\usd\hdMaya\CMakeFiles\hdMaya.dir\delegates\proxyDelegate.cpp.obj
    [357/528] Building CXX object lib\usd\translators\CMakeFiles\mayaUsd_Translators.dir\instancerWriter.cpp.obj
    [358/528] Building CXX object lib\usd\translators\CMakeFiles\mayaUsd_Translators.dir\meshReader.cpp.obj
    [359/528] Building CXX object lib\usd\translators\CMakeFiles\mayaUsd_Translators.dir\jointWriter.cpp.obj
    [360/528] Building CXX object lib\usd\translators\CMakeFiles\mayaUsd_Translators.dir\cameraWriter.cpp.obj
    [361/528] Building CXX object lib\usd\translators\CMakeFiles\mayaUsd_Translators.dir\locatorWriter.cpp.obj
    [362/528] Building CXX object lib\usd\hdMaya\CMakeFiles\hdMaya.dir\delegates\testDelegate.cpp.obj
    [363/528] Building CXX object lib\usd\translators\CMakeFiles\mayaUsd_Translators.dir\mayaReferenceUpdater.cpp.obj
    [364/528] Building CXX object lib\usd\translators\CMakeFiles\mayaUsd_Translators.dir\mayaReferenceReader.cpp.obj
    [365/528] Building CXX object lib\usd\translators\CMakeFiles\mayaUsd_Translators.dir\nurbsCurveWriter.cpp.obj
    [366/528] Building CXX object lib\usd\translators\CMakeFiles\mayaUsd_Translators.dir\meshWriter.cpp.obj
    [367/528] Building CXX object lib\usd\translators\CMakeFiles\mayaUsd_Translators.dir\nurbsCurvesReader.cpp.obj
    [368/528] Building CXX object lib\usd\translators\CMakeFiles\mayaUsd_Translators.dir\nurbsPatchReader.cpp.obj
    [369/528] Building CXX object lib\usd\translators\CMakeFiles\mayaUsd_Translators.dir\scopeReader.cpp.obj
    [370/528] Building CXX object lib\usd\translators\CMakeFiles\mayaUsd_Translators.dir\shading\usdBlinnWriter.cpp.obj
    [371/528] Building CXX object lib\usd\translators\CMakeFiles\mayaUsd_Translators.dir\xformReader.cpp.obj
    [372/528] Building CXX object lib\usd\translators\CMakeFiles\mayaUsd_Translators.dir\shading\usdBlinnReader.cpp.obj
    [373/528] Building CXX object lib\usd\translators\CMakeFiles\mayaUsd_Translators.dir\strokeWriter.cpp.obj
    [374/528] Building CXX object lib\usd\translators\CMakeFiles\mayaUsd_Translators.dir\particleWriter.cpp.obj
    [375/528] Building CXX object lib\usd\translators\CMakeFiles\mayaUsd_Translators.dir\shading\usdMaterialReader.cpp.obj
    [376/528] Building CXX object lib\usd\translators\CMakeFiles\mayaUsd_Translators.dir\nurbsSurfaceWriter.cpp.obj
    [377/528] Building CXX object lib\usd\translators\CMakeFiles\mayaUsd_Translators.dir\skelReader.cpp.obj
    [378/528] Building CXX object plugin\al\mayautils\AL\maya\CMakeFiles\AL_MayaUtils.dir\utils\PluginTranslatorOptions.cpp.obj
    [379/528] Building CXX object lib\usd\translators\CMakeFiles\mayaUsd_Translators.dir\shading\usdDisplacementShaderWriter.cpp.obj
    [380/528] Building CXX object lib\usd\schemas\CMakeFiles\mayaUsd_Schemas.dir\tokens.cpp.obj
    [381/528] Building CXX object lib\usd\translators\CMakeFiles\mayaUsd_Translators.dir\shading\usdLambertWriter.cpp.obj
    [382/528] Building CXX object lib\usd\schemas\CMakeFiles\_schemas.dir\module.cpp.obj
    [383/528] Building CXX object lib\usd\translators\CMakeFiles\mayaUsd_Translators.dir\shading\usdLambertReader.cpp.obj
    [384/528] Building CXX object lib\usd\schemas\CMakeFiles\mayaUsd_Schemas.dir\ModuleDeps.cpp.obj
    [385/528] Building CXX object lib\usd\translators\CMakeFiles\mayaUsd_Translators.dir\shading\usdFileTextureWriter.cpp.obj
    [386/528] Building CXX object lib\usd\schemas\CMakeFiles\_schemas.dir\wrapTokens.cpp.obj
    [387/528] Building CXX object lib\usd\utils\CMakeFiles\mayaUsdUtils.dir\DiffCore.cpp.obj
    [388/528] Building CXX object plugin\al\mayautils\AL\maya\CMakeFiles\AL_MayaUtils.dir\utils\Utils.cpp.obj
    [389/528] Copying api.h ...
    [390/528] Copying editUtil.h ...
    [391/528] Building CXX object lib\usd\utils\CMakeFiles\mayaUsdUtils.dir\DebugCodes.cpp.obj
    [392/528] Copying proxyShape.h ...
    [393/528] Copying translatorModelAssembly.h ...
    [394/528] Copying referenceAssembly.h ...
    [395/528] Building CXX object lib\usd\translators\CMakeFiles\mayaUsd_Translators.dir\shading\usdPhongReader.cpp.obj
    [396/528] Copying exportCommand.h ...
    [397/528] Copying readJobWithSceneAssembly.h ...
    [398/528] Copying exportTranslator.h ...
    [399/528] Copying listShadingModesCommand.h ...
    [400/528] Building CXX object lib\usd\translators\CMakeFiles\mayaUsd_Translators.dir\shading\usdReflectWriter.cpp.obj
    [401/528] Building CXX object lib\usd\translators\CMakeFiles\mayaUsd_Translators.dir\shading\usdMaterialWriter.cpp.obj
    [402/528] Copying importCommand.h ...
    [403/528] Copying importTranslator.h ...
    [404/528] Copying instancerShapeAdapterWithSceneAssembly.h ...
    [405/528] Copying api.h ...
    [406/528] Generating userExportedAttributesUI.pyc
    [407/528] Generating AEpxrUsdReferenceAssemblyTemplate.pyc
    [408/528] Generating __init__.pyc
    [409/528] Building CXX object lib\usd\translators\CMakeFiles\mayaUsd_Translators.dir\shading\usdPhongEWriter.cpp.obj
    [410/528] Building CXX object lib\usd\schemas\CMakeFiles\mayaUsd_Schemas.dir\MayaReference.cpp.obj
    [411/528] Building CXX object plugin\pxr\maya\lib\usdMaya\CMakeFiles\_usdMaya.dir\module.cpp.obj
    [412/528] Building CXX object plugin\pxr\maya\lib\usdMaya\CMakeFiles\usdMaya.dir\listShadingModesCommand.cpp.obj
    [413/528] Building CXX object lib\usd\translators\CMakeFiles\mayaUsd_Translators.dir\shading\usdUVTextureReader.cpp.obj
    [414/528] Building CXX object lib\usd\translators\CMakeFiles\mayaUsd_Translators.dir\shading\usdPhongWriter.cpp.obj
    [415/528] Building CXX object lib\usd\translators\CMakeFiles\mayaUsd_Translators.dir\shading\usdStandardSurfaceReader.cpp.obj
    [416/528] Building CXX object lib\usd\schemas\CMakeFiles\mayaUsd_Schemas.dir\ALMayaReference.cpp.obj
    [417/528] Copying api.h ...
    [418/528] Building CXX object lib\usd\translators\CMakeFiles\mayaUsd_Translators.dir\shading\usdStandardSurfaceWriter.cpp.obj
    [419/528] Linking CXX shared library lib\usd\schemas\mayaUsd_Schemas.dll
       Creating library lib\usd\schemas\mayaUsd_Schemas.lib and object lib\usd\schemas\mayaUsd_Schemas.exp
    ALMayaReference.cpp.obj : warning LNK4217: locally defined symbol ??1MayaUsd_SchemasMayaReference@pxrInternal_v0_20__pxrReserved__@@UEAA@XZ (public: virtual __cdecl pxrInternal_v0_20__pxrReserved__::MayaUsd_SchemasMayaReference::~MayaUsd_SchemasMayaReference(void)) imported in function "public: virtual __cdecl pxrInternal_v0_20__pxrReserved__::MayaUsd_SchemasALMayaReference::~MayaUsd_SchemasALMayaReference(void)" (??1MayaUsd_SchemasALMayaReference@pxrInternal_v0_20__pxrReserved__@@UEAA@XZ)
    ALMayaReference.cpp.obj : warning LNK4217: locally defined symbol ?GetSchemaAttributeNames@MayaUsd_SchemasMayaReference@pxrInternal_v0_20__pxrReserved__@@SAAEBV?$vector@VTfToken@pxrInternal_v0_20__pxrReserved__@@V?$allocator@VTfToken@pxrInternal_v0_20__pxrReserved__@@@std@@@std@@_N@Z (public: static class std::vector<class pxrInternal_v0_20__pxrReserved__::TfToken,class std::allocator<class pxrInternal_v0_20__pxrReserved__::TfToken> > const & __cdecl pxrInternal_v0_20__pxrReserved__::MayaUsd_SchemasMayaReference::GetSchemaAttributeNames(bool)) imported in function "public: static class std::vector<class pxrInternal_v0_20__pxrReserved__::TfToken,class std::allocator<class pxrInternal_v0_20__pxrReserved__::TfToken> > const & __cdecl pxrInternal_v0_20__pxrReserved__::MayaUsd_SchemasALMayaReference::GetSchemaAttributeNames(bool)" (?GetSchemaAttributeNames@MayaUsd_SchemasALMayaReference@pxrInternal_v0_20__pxrReserved__@@SAAEBV?$vector@VTfToken@pxrInternal_v0_20__pxrReserved__@@V?$allocator@VTfToken@pxrInternal_v0_20__pxrReserved__@@@std@@@std@@_N@Z)
    MayaReference.cpp.obj : warning LNK4217: locally defined symbol ??0MayaUsd_SchemasTokensType@pxrInternal_v0_20__pxrReserved__@@QEAA@XZ (public: __cdecl pxrInternal_v0_20__pxrReserved__::MayaUsd_SchemasTokensType::MayaUsd_SchemasTokensType(void)) imported in function "public: struct pxrInternal_v0_20__pxrReserved__::MayaUsd_SchemasTokensType * __cdecl pxrInternal_v0_20__pxrReserved__::TfStaticData<struct pxrInternal_v0_20__pxrReserved__::MayaUsd_SchemasTokensType,struct pxrInternal_v0_20__pxrReserved__::Tf_StaticDataDefaultFactory<struct pxrInternal_v0_20__pxrReserved__::MayaUsd_SchemasTokensType> >::Get(void)const " (?Get@?$TfStaticData@UMayaUsd_SchemasTokensType@pxrInternal_v0_20__pxrReserved__@@U?$Tf_StaticDataDefaultFactory@UMayaUsd_SchemasTokensType@pxrInternal_v0_20__pxrReserved__@@@2@@pxrInternal_v0_20__pxrReserved__@@QEBAPEAUMayaUsd_SchemasTokensType@2@XZ)
    MayaReference.cpp.obj : warning LNK4049: locally defined symbol ?MayaUsd_SchemasTokens@pxrInternal_v0_20__pxrReserved__@@3V?$TfStaticData@UMayaUsd_SchemasTokensType@pxrInternal_v0_20__pxrReserved__@@U?$Tf_StaticDataDefaultFactory@UMayaUsd_SchemasTokensType@pxrInternal_v0_20__pxrReserved__@@@2@@1@A (class pxrInternal_v0_20__pxrReserved__::TfStaticData<struct pxrInternal_v0_20__pxrReserved__::MayaUsd_SchemasTokensType,struct pxrInternal_v0_20__pxrReserved__::Tf_StaticDataDefaultFactory<struct pxrInternal_v0_20__pxrReserved__::MayaUsd_SchemasTokensType> > pxrInternal_v0_20__pxrReserved__::MayaUsd_SchemasTokens) imported
       Creating library lib\usd\schemas\mayaUsd_Schemas.lib and object lib\usd\schemas\mayaUsd_Schemas.exp
    ALMayaReference.cpp.obj : warning LNK4217: locally defined symbol ??1MayaUsd_SchemasMayaReference@pxrInternal_v0_20__pxrReserved__@@UEAA@XZ (public: virtual __cdecl pxrInternal_v0_20__pxrReserved__::MayaUsd_SchemasMayaReference::~MayaUsd_SchemasMayaReference(void)) imported in function "public: virtual __cdecl pxrInternal_v0_20__pxrReserved__::MayaUsd_SchemasALMayaReference::~MayaUsd_SchemasALMayaReference(void)" (??1MayaUsd_SchemasALMayaReference@pxrInternal_v0_20__pxrReserved__@@UEAA@XZ)
    ALMayaReference.cpp.obj : warning LNK4217: locally defined symbol ?GetSchemaAttributeNames@MayaUsd_SchemasMayaReference@pxrInternal_v0_20__pxrReserved__@@SAAEBV?$vector@VTfToken@pxrInternal_v0_20__pxrReserved__@@V?$allocator@VTfToken@pxrInternal_v0_20__pxrReserved__@@@std@@@std@@_N@Z (public: static class std::vector<class pxrInternal_v0_20__pxrReserved__::TfToken,class std::allocator<class pxrInternal_v0_20__pxrReserved__::TfToken> > const & __cdecl pxrInternal_v0_20__pxrReserved__::MayaUsd_SchemasMayaReference::GetSchemaAttributeNames(bool)) imported in function "public: static class std::vector<class pxrInternal_v0_20__pxrReserved__::TfToken,class std::allocator<class pxrInternal_v0_20__pxrReserved__::TfToken> > const & __cdecl pxrInternal_v0_20__pxrReserved__::MayaUsd_SchemasALMayaReference::GetSchemaAttributeNames(bool)" (?GetSchemaAttributeNames@MayaUsd_SchemasALMayaReference@pxrInternal_v0_20__pxrReserved__@@SAAEBV?$vector@VTfToken@pxrInternal_v0_20__pxrReserved__@@V?$allocator@VTfToken@pxrInternal_v0_20__pxrReserved__@@@std@@@std@@_N@Z)
    MayaReference.cpp.obj : warning LNK4217: locally defined symbol ??0MayaUsd_SchemasTokensType@pxrInternal_v0_20__pxrReserved__@@QEAA@XZ (public: __cdecl pxrInternal_v0_20__pxrReserved__::MayaUsd_SchemasTokensType::MayaUsd_SchemasTokensType(void)) imported in function "public: struct pxrInternal_v0_20__pxrReserved__::MayaUsd_SchemasTokensType * __cdecl pxrInternal_v0_20__pxrReserved__::TfStaticData<struct pxrInternal_v0_20__pxrReserved__::MayaUsd_SchemasTokensType,struct pxrInternal_v0_20__pxrReserved__::Tf_StaticDataDefaultFactory<struct pxrInternal_v0_20__pxrReserved__::MayaUsd_SchemasTokensType> >::Get(void)const " (?Get@?$TfStaticData@UMayaUsd_SchemasTokensType@pxrInternal_v0_20__pxrReserved__@@U?$Tf_StaticDataDefaultFactory@UMayaUsd_SchemasTokensType@pxrInternal_v0_20__pxrReserved__@@@2@@pxrInternal_v0_20__pxrReserved__@@QEBAPEAUMayaUsd_SchemasTokensType@2@XZ)
    MayaReference.cpp.obj : warning LNK4049: locally defined symbol ?MayaUsd_SchemasTokens@pxrInternal_v0_20__pxrReserved__@@3V?$TfStaticData@UMayaUsd_SchemasTokensType@pxrInternal_v0_20__pxrReserved__@@U?$Tf_StaticDataDefaultFactory@UMayaUsd_SchemasTokensType@pxrInternal_v0_20__pxrReserved__@@@2@@1@A (class pxrInternal_v0_20__pxrReserved__::TfStaticData<struct pxrInternal_v0_20__pxrReserved__::MayaUsd_SchemasTokensType,struct pxrInternal_v0_20__pxrReserved__::Tf_StaticDataDefaultFactory<struct pxrInternal_v0_20__pxrReserved__::MayaUsd_SchemasTokensType> > pxrInternal_v0_20__pxrReserved__::MayaUsd_SchemasTokens) imported
    [420/528] Building CXX object plugin\al\utils\AL\CMakeFiles\AL_EventSystem.dir\event\EventHandler.cpp.obj
    [421/528] Linking CXX shared library plugin\al\utils\AL\AL_EventSystem.dll
       Creating library plugin\al\utils\AL\AL_EventSystem.lib and object plugin\al\utils\AL\AL_EventSystem.exp
       Creating library plugin\al\utils\AL\AL_EventSystem.lib and object plugin\al\utils\AL\AL_EventSystem.exp
    [422/528] Building CXX object plugin\al\mayatest\AL\maya\test\CMakeFiles\AL_MayaTest.dir\testHarness.cpp.obj
    [423/528] Building CXX object plugin\al\mayautils\AL\maya\CMakeFiles\AL_MayaUtils.dir\utils\FileTranslatorOptions.cpp.obj
    [424/528] Building CXX object plugin\al\mayatest\AL\maya\test\CMakeFiles\AL_MayaTest.dir\testHelpers.cpp.obj
    [425/528] Building CXX object lib\usd\utils\CMakeFiles\mayaUsdUtils.dir\util.cpp.obj
    [426/528] Building CXX object lib\usd\schemas\CMakeFiles\_schemas.dir\wrapMayaReference.cpp.obj
    [427/528] Building CXX object lib\usd\schemas\CMakeFiles\_schemas.dir\wrapALMayaReference.cpp.obj
    [428/528] Building CXX object plugin\al\mayautils\AL\maya\CMakeFiles\AL_MayaUtils.dir\utils\MenuBuilder.cpp.obj
    [429/528] Building CXX object lib\usd\translators\CMakeFiles\mayaUsd_Translators.dir\shading\rfmShaderTranslation.cpp.obj
    [430/528] Linking CXX shared library lib\usd\utils\mayaUsdUtils.dll
       Creating library lib\usd\utils\mayaUsdUtils.lib and object lib\usd\utils\mayaUsdUtils.exp
       Creating library lib\usd\utils\mayaUsdUtils.lib and object lib\usd\utils\mayaUsdUtils.exp
    [431/528] Linking CXX shared library plugin\al\mayatest\AL\maya\test\AL_MayaTest.dll
       Creating library plugin\al\mayatest\AL\maya\test\AL_MayaTest.lib and object plugin\al\mayatest\AL\maya\test\AL_MayaTest.exp
       Creating library plugin\al\mayatest\AL\maya\test\AL_MayaTest.lib and object plugin\al\mayatest\AL\maya\test\AL_MayaTest.exp
    [432/528] Linking CXX shared library lib\usd\schemas\_schemas.pyd
       Creating library lib\usd\schemas\_schemas.lib and object lib\usd\schemas\_schemas.exp
       Creating library lib\usd\schemas\_schemas.lib and object lib\usd\schemas\_schemas.exp
    [433/528] Linking CXX executable test\lib\usd\utils\DiffCore.exe
    [434/528] Linking CXX shared library plugin\al\mayautils\AL\maya\AL_MayaUtils.dll
       Creating library plugin\al\mayautils\AL\maya\AL_MayaUtils.lib and object plugin\al\mayautils\AL\maya\AL_MayaUtils.exp
       Creating library plugin\al\mayautils\AL\maya\AL_MayaUtils.lib and object plugin\al\mayautils\AL\maya\AL_MayaUtils.exp
    [435/528] Linking CXX shared library plugin\al\mayautils\AL\maya\tests\mayaplugintest\AL_MayaUtilsTests.mll
       Creating library plugin\al\mayautils\AL\maya\tests\mayaplugintest\AL_MayaUtilsTests.lib and object plugin\al\mayautils\AL\maya\tests\mayaplugintest\AL_MayaUtilsTests.exp
       Creating library plugin\al\mayautils\AL\maya\tests\mayaplugintest\AL_MayaUtilsTests.lib and object plugin\al\mayautils\AL\maya\tests\mayaplugintest\AL_MayaUtilsTests.exp
    [436/528] Building CXX object plugin\pxr\maya\lib\usdMaya\CMakeFiles\usdMaya.dir\importCommand.cpp.obj
    [437/528] Building CXX object plugin\pxr\maya\plugin\pxrUsd\CMakeFiles\pxrUsd.dir\usdTranslator.cpp.obj
    [438/528] Building CXX object plugin\pxr\maya\lib\usdMaya\CMakeFiles\_usdMaya.dir\wrapAssembly.cpp.obj
    [439/528] Linking CXX shared library plugin\al\usdmayautils\AL\usdmaya\utils\AL_USDMayaUtils.dll
       Creating library plugin\al\usdmayautils\AL\usdmaya\utils\AL_USDMayaUtils.lib and object plugin\al\usdmayautils\AL\usdmaya\utils\AL_USDMayaUtils.exp
       Creating library plugin\al\usdmayautils\AL\usdmaya\utils\AL_USDMayaUtils.lib and object plugin\al\usdmayautils\AL\usdmaya\utils\AL_USDMayaUtils.exp
    [440/528] Building CXX object plugin\pxr\maya\plugin\pxrUsdPreviewSurface\CMakeFiles\pxrUsdPreviewSurface.dir\plugin.cpp.obj
    [441/528] Building CXX object plugin\pxr\maya\lib\usdMaya\CMakeFiles\usdMaya.dir\importTranslator.cpp.obj
    [442/528] Linking CXX shared library lib\mayaUsd\mayaUsd.dll
       Creating library lib\mayaUsd\mayaUsd.lib and object lib\mayaUsd\mayaUsd.exp
       Creating library lib\mayaUsd\mayaUsd.lib and object lib\mayaUsd\mayaUsd.exp
    [443/528] Building CXX object plugin\pxr\maya\lib\usdMaya\CMakeFiles\_usdMaya.dir\wrapEditUtil.cpp.obj
    [444/528] Building CXX object plugin\pxr\maya\plugin\pxrUsd\CMakeFiles\pxrUsd.dir\alembicChaser.cpp.obj
    [445/528] Building CXX object plugin\al\schemas\AL\usd\schemas\maya\tests\CMakeFiles\testMayaSchemas.dir\main.cpp.obj
    [446/528] Linking CXX shared module test\lib\usd\plugin\usdTestPlugin.mll
       Creating library test\lib\usd\plugin\usdTestPlugin.lib and object test\lib\usd\plugin\usdTestPlugin.exp
       Creating library test\lib\usd\plugin\usdTestPlugin.lib and object test\lib\usd\plugin\usdTestPlugin.exp
    [447/528] Building CXX object plugin\pxr\maya\lib\usdMaya\CMakeFiles\usdMaya.dir\proxyShape.cpp.obj
    [448/528] Linking CXX shared library lib\mayaUsd\python\_mayaUsd.pyd
       Creating library lib\mayaUsd\python\_mayaUsd.lib and object lib\mayaUsd\python\_mayaUsd.exp
       Creating library lib\mayaUsd\python\_mayaUsd.lib and object lib\mayaUsd\python\_mayaUsd.exp
    [449/528] Linking CXX shared library lib\mayaUsd\ufe\_ufe.pyd
       Creating library lib\mayaUsd\ufe\_ufe.lib and object lib\mayaUsd\ufe\_ufe.exp
       Creating library lib\mayaUsd\ufe\_ufe.lib and object lib\mayaUsd\ufe\_ufe.exp
    [450/528] Linking CXX shared library lib\usd\pxrUsdPreviewSurface\basePxrUsdPreviewSurface.dll
       Creating library lib\usd\pxrUsdPreviewSurface\basePxrUsdPreviewSurface.lib and object lib\usd\pxrUsdPreviewSurface\basePxrUsdPreviewSurface.exp
       Creating library lib\usd\pxrUsdPreviewSurface\basePxrUsdPreviewSurface.lib and object lib\usd\pxrUsdPreviewSurface\basePxrUsdPreviewSurface.exp
    [451/528] Linking CXX shared library lib\usd\hdMaya\hdMaya.dll
       Creating library lib\usd\hdMaya\hdMaya.lib and object lib\usd\hdMaya\hdMaya.exp
       Creating library lib\usd\hdMaya\hdMaya.lib and object lib\usd\hdMaya\hdMaya.exp
    [452/528] Building CXX object plugin\al\schemas\AL\usd\schemas\mayatest\CMakeFiles\AL_USDMayaSchemasTest.dir\tokens.cpp.obj
    [453/528] Linking CXX shared library lib\usd\translators\mayaUsd_Translators.dll
    [454/528] Linking CXX shared library plugin\al\lib\AL_USDMaya\AL_USDMaya.dll
       Creating library plugin\al\lib\AL_USDMaya\AL_USDMaya.lib and object plugin\al\lib\AL_USDMaya\AL_USDMaya.exp
       Creating library plugin\al\lib\AL_USDMaya\AL_USDMaya.lib and object plugin\al\lib\AL_USDMaya\AL_USDMaya.exp
    [455/528] Linking CXX shared library plugin\pxr\maya\plugin\pxrUsdPreviewSurface\pxrUsdPreviewSurface.mll
       Creating library plugin\pxr\maya\plugin\pxrUsdPreviewSurface\pxrUsdPreviewSurface.lib and object plugin\pxr\maya\plugin\pxrUsdPreviewSurface\pxrUsdPreviewSurface.exp
       Creating library plugin\pxr\maya\plugin\pxrUsdPreviewSurface\pxrUsdPreviewSurface.lib and object plugin\pxr\maya\plugin\pxrUsdPreviewSurface\pxrUsdPreviewSurface.exp
    [456/528] Linking CXX shared library lib\mayaUsd\render\mayaToHydra\mtoh.mll
       Creating library lib\mayaUsd\render\mayaToHydra\mtoh.lib and object lib\mayaUsd\render\mayaToHydra\mtoh.exp
       Creating library lib\mayaUsd\render\mayaToHydra\mtoh.lib and object lib\mayaUsd\render\mayaToHydra\mtoh.exp
    [457/528] Linking CXX shared library plugin\al\lib\AL_USDMaya\_AL_USDMaya.pyd
       Creating library plugin\al\lib\AL_USDMaya\_AL_USDMaya.lib and object plugin\al\lib\AL_USDMaya\_AL_USDMaya.exp
       Creating library plugin\al\lib\AL_USDMaya\_AL_USDMaya.lib and object plugin\al\lib\AL_USDMaya\_AL_USDMaya.exp
    [458/528] Building CXX object plugin\pxr\maya\lib\usdMaya\CMakeFiles\usdMaya.dir\editUtil.cpp.obj
    [459/528] Linking CXX shared library plugin\al\plugin\AL_USDMayaPlugin\AL_USDMayaPlugin.mll
       Creating library plugin\al\plugin\AL_USDMayaPlugin\AL_USDMayaPlugin.lib and object plugin\al\plugin\AL_USDMayaPlugin\AL_USDMayaPlugin.exp
       Creating library plugin\al\plugin\AL_USDMayaPlugin\AL_USDMayaPlugin.lib and object plugin\al\plugin\AL_USDMayaPlugin\AL_USDMayaPlugin.exp
    [460/528] Building CXX object plugin\al\schemas\AL\usd\schemas\mayatest\CMakeFiles\_AL_USDMayaSchemasTest.dir\module.cpp.obj
    [461/528] Building CXX object plugin\pxr\maya\lib\usdMaya\CMakeFiles\usdMaya.dir\referenceAssembly.cpp.obj
    [462/528] Building CXX object plugin\pxr\maya\plugin\pxrUsd\CMakeFiles\pxrUsd.dir\plugin.cpp.obj
    [463/528] Building CXX object plugin\pxr\maya\lib\usdMaya\CMakeFiles\usdMaya.dir\translatorModelAssembly.cpp.obj
    [464/528] Building CXX object plugin\pxr\maya\lib\usdMaya\CMakeFiles\usdMaya.dir\exportTranslator.cpp.obj
    [465/528] Building CXX object plugin\pxr\maya\lib\usdMaya\CMakeFiles\usdMaya.dir\readJobWithSceneAssembly.cpp.obj
    [466/528] Building CXX object plugin\pxr\maya\lib\usdMaya\CMakeFiles\usdMaya.dir\exportCommand.cpp.obj
    [467/528] Building CXX object plugin\al\schemas\AL\usd\schemas\maya\tests\CMakeFiles\testMayaSchemas.dir\testModelAPI.cpp.obj
    [468/528] Building CXX object plugin\al\schemas\AL\usd\schemas\mayatest\CMakeFiles\_AL_USDMayaSchemasTest.dir\wrapTokens.cpp.obj
    [469/528] Building CXX object plugin\al\translators\CMakeFiles\AL_USDMayaTranslators.dir\CommonTranslatorOptions.cpp.obj
    [470/528] Building CXX object plugin\al\schemas\AL\usd\schemas\mayatest\CMakeFiles\AL_USDMayaSchemasTest.dir\ModuleDeps.cpp.obj
    [471/528] Building CXX object plugin\al\translators\pxrUsdTranslators\CMakeFiles\AL_USDMayaPxrTranslators.dir\plugin.cpp.obj
    [472/528] Building CXX object plugin\pxr\maya\lib\usdMaya\CMakeFiles\usdMaya.dir\readJob_ImportWithProxies.cpp.obj
    [473/528] Building CXX object plugin\al\schemas\AL\usd\schemas\maya\tests\CMakeFiles\testMayaSchemas.dir\testMayaSchemas.cpp.obj
    [474/528] Building CXX object plugin\pxr\maya\lib\usdMaya\CMakeFiles\usdMaya.dir\instancerShapeAdapterWithSceneAssembly.cpp.obj
    [475/528] Building CXX object plugin\al\schemas\AL\usd\schemas\maya\CMakeFiles\AL_USDMayaSchemas.dir\tokens.cpp.obj
    [476/528] Building CXX object plugin\al\schemas\AL\usd\schemas\mayatest\CMakeFiles\AL_USDMayaSchemasTest.dir\ExamplePolyCubeNode.cpp.obj
    [477/528] Linking CXX shared library plugin\pxr\maya\lib\usdMaya\usdMaya.dll
       Creating library plugin\pxr\maya\lib\usdMaya\usdMaya.lib and object plugin\pxr\maya\lib\usdMaya\usdMaya.exp
       Creating library plugin\pxr\maya\lib\usdMaya\usdMaya.lib and object plugin\pxr\maya\lib\usdMaya\usdMaya.exp
    [478/528] Linking CXX shared library plugin\al\schemas\AL\usd\schemas\mayatest\AL_USDMayaSchemasTest.dll
       Creating library plugin\al\schemas\AL\usd\schemas\mayatest\AL_USDMayaSchemasTest.lib and object plugin\al\schemas\AL\usd\schemas\mayatest\AL_USDMayaSchemasTest.exp
       Creating library plugin\al\schemas\AL\usd\schemas\mayatest\AL_USDMayaSchemasTest.lib and object plugin\al\schemas\AL\usd\schemas\mayatest\AL_USDMayaSchemasTest.exp
    [479/528] Linking CXX shared library plugin\pxr\maya\lib\usdMaya\_usdMaya.pyd
       Creating library plugin\pxr\maya\lib\usdMaya\_usdMaya.lib and object plugin\pxr\maya\lib\usdMaya\_usdMaya.exp
       Creating library plugin\pxr\maya\lib\usdMaya\_usdMaya.lib and object plugin\pxr\maya\lib\usdMaya\_usdMaya.exp
    [480/528] Building CXX object plugin\al\schemas\AL\usd\schemas\maya\CMakeFiles\_AL_USDMayaSchemas.dir\module.cpp.obj
    [481/528] Automatic MOC and UIC for target mayaUsdUI
    [482/528] Linking CXX shared library plugin\pxr\maya\plugin\pxrUsd\pxrUsd.mll
       Creating library plugin\pxr\maya\plugin\pxrUsd\pxrUsd.lib and object plugin\pxr\maya\plugin\pxrUsd\pxrUsd.exp
       Creating library plugin\pxr\maya\plugin\pxrUsd\pxrUsd.lib and object plugin\pxr\maya\plugin\pxrUsd\pxrUsd.exp
    [483/528] Automatic RCC for images/ui.qrc
    [484/528] Building CXX object plugin\al\translators\CMakeFiles\AL_USDMayaTranslators.dir\NurbsCurve.cpp.obj
    [485/528] Building CXX object plugin\al\translators\CMakeFiles\AL_USDMayaTranslators.dir\Camera.cpp.obj
    [486/528] Building CXX object plugin\al\translators\CMakeFiles\AL_USDMayaTranslators.dir\FrameRange.cpp.obj
    [487/528] Building CXX object plugin\al\schemas\AL\usd\schemas\mayatest\CMakeFiles\_AL_USDMayaSchemasTest.dir\wrapExamplePolyCubeNode.cpp.obj
    [488/528] Building CXX object plugin\al\schemas\AL\usd\schemas\maya\CMakeFiles\AL_USDMayaSchemas.dir\ModuleDeps.cpp.obj
    [489/528] Building CXX object plugin\al\translators\CMakeFiles\AL_USDMayaTranslators.dir\DirectionalLight.cpp.obj
    [490/528] Building CXX object plugin\al\schemas\AL\usd\schemas\maya\CMakeFiles\_AL_USDMayaSchemas.dir\wrapTokens.cpp.obj
    [491/528] Building CXX object lib\usd\ui\CMakeFiles\mayaUsdUI.dir\mayaUsdUI_autogen\4UGIYD6VGQ\qrc_ui.cpp.obj
    [492/528] Building CXX object plugin\al\translators\CMakeFiles\AL_USDMayaTranslators.dir\Mesh.cpp.obj
    [493/528] Building CXX object plugin\al\schemas\AL\usd\schemas\maya\CMakeFiles\AL_USDMayaSchemas.dir\ModelAPI.cpp.obj
    [494/528] Building CXX object plugin\al\plugin\AL_USDMayaTestPlugin\CMakeFiles\AL_USDMayaTestPlugin.dir\test_usdmaya.cpp.obj
    [495/528] Linking CXX shared library plugin\al\schemas\AL\usd\schemas\mayatest\_AL_USDMayaSchemasTest.pyd
       Creating library plugin\al\schemas\AL\usd\schemas\mayatest\_AL_USDMayaSchemasTest.lib and object plugin\al\schemas\AL\usd\schemas\mayatest\_AL_USDMayaSchemasTest.exp
       Creating library plugin\al\schemas\AL\usd\schemas\mayatest\_AL_USDMayaSchemasTest.lib and object plugin\al\schemas\AL\usd\schemas\mayatest\_AL_USDMayaSchemasTest.exp
    [496/528] Building CXX object plugin\al\translators\CMakeFiles\AL_USDMayaTranslators.dir\MayaReference.cpp.obj
    [497/528] Building CXX object plugin\al\schemas\AL\usd\schemas\maya\CMakeFiles\AL_USDMayaSchemas.dir\FrameRange.cpp.obj
    [498/528] Building CXX object lib\usd\ui\CMakeFiles\mayaUsdUI.dir\USDQtUtil.cpp.obj
    [499/528] Building CXX object plugin\adsk\plugin\CMakeFiles\mayaUsdPlugin.dir\adskListShadingModesCommand.cpp.obj
    [500/528] Building CXX object plugin\al\translators\pxrUsdTranslators\CMakeFiles\AL_USDMayaPxrTranslators.dir\ProxyShapeTranslator.cpp.obj
    [501/528] Linking CXX shared library plugin\al\schemas\AL\usd\schemas\maya\AL_USDMayaSchemas.dll
       Creating library plugin\al\schemas\AL\usd\schemas\maya\AL_USDMayaSchemas.lib and object plugin\al\schemas\AL\usd\schemas\maya\AL_USDMayaSchemas.exp
       Creating library plugin\al\schemas\AL\usd\schemas\maya\AL_USDMayaSchemas.lib and object plugin\al\schemas\AL\usd\schemas\maya\AL_USDMayaSchemas.exp
    [502/528] Linking CXX executable plugin\al\schemas\AL\usd\schemas\maya\tests\testMayaSchemas.exe
    [503/528] Linking CXX shared library plugin\al\translators\AL_USDMayaTranslators.dll
       Creating library plugin\al\translators\AL_USDMayaTranslators.lib and object plugin\al\translators\AL_USDMayaTranslators.exp
       Creating library plugin\al\translators\AL_USDMayaTranslators.lib and object plugin\al\translators\AL_USDMayaTranslators.exp
    [504/528] Building CXX object lib\usd\ui\CMakeFiles\mayaUsdUI.dir\mayaUsdUI_autogen\mocs_compilation.cpp.obj
    [505/528] Building CXX object lib\usd\ui\CMakeFiles\mayaUsdUI.dir\TreeItem.cpp.obj
    [506/528] Linking CXX shared library plugin\al\translators\pxrUsdTranslators\AL_USDMayaPxrTranslators.mll
       Creating library plugin\al\translators\pxrUsdTranslators\AL_USDMayaPxrTranslators.lib and object plugin\al\translators\pxrUsdTranslators\AL_USDMayaPxrTranslators.exp
       Creating library plugin\al\translators\pxrUsdTranslators\AL_USDMayaPxrTranslators.lib and object plugin\al\translators\pxrUsdTranslators\AL_USDMayaPxrTranslators.exp
    [507/528] Building CXX object plugin\al\plugin\AL_USDMayaTestPlugin\CMakeFiles\AL_USDMayaTestPlugin.dir\test_usdmaya_AttributeType.cpp.obj
    [508/528] Building CXX object lib\usd\ui\CMakeFiles\mayaUsdUI.dir\TreeModel.cpp.obj
    [509/528] Building CXX object lib\usd\ui\CMakeFiles\mayaUsdUI.dir\ItemDelegate.cpp.obj
    [510/528] Building CXX object lib\usd\ui\CMakeFiles\mayaUsdUI.dir\TreeModelFactory.cpp.obj
    [511/528] Building CXX object plugin\adsk\plugin\CMakeFiles\mayaUsdPlugin.dir\ProxyShape.cpp.obj
    [512/528] Building CXX object plugin\adsk\plugin\CMakeFiles\mayaUsdPlugin.dir\adskImportCommand.cpp.obj
    [513/528] Building CXX object lib\usd\ui\CMakeFiles\mayaUsdUI.dir\USDImportDialog.cpp.obj
    [514/528] Building CXX object lib\usd\ui\CMakeFiles\mayaUsdUI.dir\USDImportDialogCmd.cpp.obj
    [515/528] Building CXX object plugin\adsk\plugin\CMakeFiles\mayaUsdPlugin.dir\adskExportCommand.cpp.obj
    [516/528] Building CXX object plugin\al\schemas\AL\usd\schemas\maya\CMakeFiles\_AL_USDMayaSchemas.dir\wrapModelAPI.cpp.obj
    [517/528] Linking CXX shared library plugin\al\plugin\AL_USDMayaTestPlugin\AL_USDMayaTestPlugin.mll
       Creating library plugin\al\plugin\AL_USDMayaTestPlugin\AL_USDMayaTestPlugin.lib and object plugin\al\plugin\AL_USDMayaTestPlugin\AL_USDMayaTestPlugin.exp
       Creating library plugin\al\plugin\AL_USDMayaTestPlugin\AL_USDMayaTestPlugin.lib and object plugin\al\plugin\AL_USDMayaTestPlugin\AL_USDMayaTestPlugin.exp
    [518/528] Linking CXX shared library lib\usd\ui\mayaUsdUI.dll
       Creating library lib\usd\ui\mayaUsdUI.lib and object lib\usd\ui\mayaUsdUI.exp
       Creating library lib\usd\ui\mayaUsdUI.lib and object lib\usd\ui\mayaUsdUI.exp
    [519/528] Automatic MOC and UIC for target testMayaUsdUI
    [520/528] Building CXX object lib\usd\ui\demo\CMakeFiles\testMayaUsdUI.dir\testMayaUsdUI_autogen\mocs_compilation.cpp.obj
    [521/528] Building CXX object plugin\adsk\plugin\CMakeFiles\mayaUsdPlugin.dir\importTranslator.cpp.obj
    [522/528] Building CXX object plugin\adsk\plugin\CMakeFiles\mayaUsdPlugin.dir\exportTranslator.cpp.obj
    [523/528] Building CXX object plugin\al\schemas\AL\usd\schemas\maya\CMakeFiles\_AL_USDMayaSchemas.dir\wrapFrameRange.cpp.obj
    [524/528] Building CXX object plugin\adsk\plugin\CMakeFiles\mayaUsdPlugin.dir\plugin.cpp.obj
    [525/528] Linking CXX shared library plugin\al\schemas\AL\usd\schemas\maya\_AL_USDMayaSchemas.pyd
       Creating library plugin\al\schemas\AL\usd\schemas\maya\_AL_USDMayaSchemas.lib and object plugin\al\schemas\AL\usd\schemas\maya\_AL_USDMayaSchemas.exp
       Creating library plugin\al\schemas\AL\usd\schemas\maya\_AL_USDMayaSchemas.lib and object plugin\al\schemas\AL\usd\schemas\maya\_AL_USDMayaSchemas.exp
    [526/528] Linking CXX shared module plugin\adsk\plugin\mayaUsdPlugin.mll
       Creating library plugin\adsk\plugin\mayaUsdPlugin.lib and object plugin\adsk\plugin\mayaUsdPlugin.exp
       Creating library plugin\adsk\plugin\mayaUsdPlugin.lib and object plugin\adsk\plugin\mayaUsdPlugin.exp
    [527/528] Building CXX object lib\usd\ui\demo\CMakeFiles\testMayaUsdUI.dir\testMayaUsdUI.cpp.obj
    [528/528] Linking CXX executable lib\usd\ui\demo\testMayaUsdUI.exe
    
        Building with settings:
          Source directory          S:\jenkins\workspace\ecg-mayausd-branch-preflight-2020-windows\ecg-maya-usd\maya-usd
          Workspace directory       W:\
          Build directory           W:\build\RelWithDebInfo
          Install directory         W:\install\RelWithDebInfo\MayaUSD
          Variant                   RelWithDebInfo
          Python Debug              Off
          CMake generator           Ninja
          Build arguments           ['-DCMAKE_MAKE_PROGRAM=P:/shared/Artifactory/Windows/ninja/1.9.0/c68f192/ninja.exe', '-DPYTHON_INCLUDE_DIR=P:/shared/Artifactory/Windows/rundev-2020/202004291615/runtime/df03b16/runTime/include/Python', '-DPython_EXECUTABLE=P:/shared/Artifactory/Windows/rundev-2020/202004291615/runtime/df03b16/runTime/bin/mayapy.exe', '-DPYTHON_LIBRARIES=P:/shared/Artifactory/Windows/rundev-2020/202004291615/runtime/df03b16/runTime/lib/python27.lib', '-DMAYAUSD_TO_USD_RELATIVE_PATH=../USD']
          Stages arguments          ['build']
          CTest arguments           ['-E testUsdReferenceAssemblySelection|testUsdMayaAppDir|testUsdExportAsClip', '-LE interactive', '--parallel 16']
    Success MayaUSD build and install !!!!
    Elapsed time: 00:12:47
Deleting subst P:
Deleting subst W:
[Pipeline] }
[Pipeline] // withEnv
[Pipeline] }
[Pipeline] // stage
[Pipeline] }
[Pipeline] // timestamps
[Pipeline] }
[Pipeline] // timeout
[Pipeline] timeout
Timeout set to expire in 6 hr 0 min
[Pipeline] {
[Pipeline] timestamps
[Pipeline] {
[Pipeline] stage
[Pipeline] { (Install)
[Pipeline] withEnv
[Pipeline] {
[Pipeline] bat
[ecg-mayausd-branch-preflight-2020-windows] Running batch script
Subst W: S:\jenkins\workspace\ecg-mayausd-branch-preflight-2020-windows
Subst P: S:\jenkins\workspace
"C:\Program Files (x86)\Microsoft Visual Studio\2017\Professional\VC\Auxiliary\Build\vcvarsall.bat" x64
**********************************************************************
** Visual Studio 2017 Developer Command Prompt v15.9.15
** Copyright (c) 2017 Microsoft Corporation
**********************************************************************
[vcvarsall.bat] Environment initialized for: 'x64'
python ecg-maya-usd/build.py --stages=install --workspace-dir=W:\ --artifactory-dir=P:\shared\Artifactory --build-dir=W:\build --install-dir=W:\install --signing-dir=W:\signing --package-dir=W:\package --output-dir=W:\output --stash-dir=W:\stash --jenkins-build=348 --git-commit=d6f37a5e5696a1491862657704651c45dc99341e --git-branch=master --variants=RelWithDebInfo --python=2 --maya-cut-config=maya-rundev-2020.yaml --stage-banner
Using Maya cut from P:\shared\Artifactory\Windows\rundev-2020\202004291615\runtime\df03b16

================================================================================
                            install (RelWithDebInfo)
================================================================================
running install stage....................
Maya Python RelWithDebInfo Info:
  mayapy executable   = P:\shared\Artifactory\Windows\rundev-2020\202004291615\runtime\df03b16\runTime\bin\mayapy.exe
  Include Folder      = P:\shared\Artifactory\Windows\rundev-2020\202004291615\runtime\df03b16\runTime\include\Python
  Library             = P:\shared\Artifactory\Windows\rundev-2020\202004291615\runtime\df03b16\runTime\lib\python27.lib
  site-package Folder = P:\shared\Artifactory\Windows\rundev-2020\202004291615\runtime\df03b16\runTime\Python\Lib\site-packages
In workdir: S:\jenkins\workspace\ecg-mayausd-branch-preflight-2020-windows\ecg-maya-usd\maya-usd
Executing: 'P:\\shared\\Artifactory\\Windows\\rundev-2020\\202004291615\\runtime\\df03b16\\runTime\\bin\\mayapy.exe' 'S:\\jenkins\\workspace\\ecg-mayausd-branch-preflight-2020-windows\\ecg-maya-usd\\maya-usd\\build.py' --generator Ninja --build-relwithdebug --maya-location 'P:\\shared\\Artifactory\\Windows\\rundev-2020\\202004291615\\runtime\\df03b16\\runTime' --devkit-location 'P:\\shared\\Artifactory\\Windows\\rundev-2020\\202004291615\\runtime\\df03b16\\devkitBase' --pxrusd-location 'P:\\shared\\Artifactory\\Windows\\USD\\59a48e6' --qt-location 'P:\\shared\\Artifactory\\Windows\\qt\\5.12.5\\4755980' '--build-args=-DCMAKE_MAKE_PROGRAM=P:/shared/Artifactory/Windows/ninja/1.9.0/c68f192/ninja.exe,-DPYTHON_INCLUDE_DIR=P:/shared/Artifactory/Windows/rundev-2020/202004291615/runtime/df03b16/runTime/include/Python,-DPython_EXECUTABLE=P:/shared/Artifactory/Windows/rundev-2020/202004291615/runtime/df03b16/runTime/bin/mayapy.exe,-DPYTHON_LIBRARIES=P:/shared/Artifactory/Windows/rundev-2020/202004291615/runtime/df03b16/runTime/lib/python27.lib,-DMAYAUSD_TO_USD_RELATIVE_PATH=../USD' '--ctest-args=-E testUsdReferenceAssemblySelection|testUsdMayaAppDir|testUsdExportAsClip,-LE interactive,--parallel 16' --stages=install --redirect-outstream-file=False --install-location 'W:\\install\\RelWithDebInfo\\MayaUSD' 'W:\\'
Modified environment variables:
    PATH=P:\shared\Artifactory\Windows\cmake\3.14.4\c5af748\bin;C:\Python27\lib\site-packages\pywin32_system32;C:\Program Files (x86)\Microsoft Visual Studio\2017\Professional\VC\Tools\MSVC\14.16.27023\bin\HostX64\x64;C:\Program Files (x86)\Microsoft Visual Studio\2017\Professional\Common7\IDE\VC\VCPackages;C:\Program Files (x86)\Microsoft Visual Studio\2017\Professional\Common7\IDE\CommonExtensions\Microsoft\TestWindow;C:\Program Files (x86)\Microsoft Visual Studio\2017\Professional\Common7\IDE\CommonExtensions\Microsoft\TeamFoundation\Team Explorer;C:\Program Files (x86)\Microsoft Visual Studio\2017\Professional\MSBuild\15.0\bin\Roslyn;C:\Program Files (x86)\Microsoft Visual Studio\2017\Professional\Team Tools\Performance Tools\x64;C:\Program Files (x86)\Microsoft Visual Studio\2017\Professional\Team Tools\Performance Tools;C:\Program Files (x86)\Microsoft Visual Studio\Shared\Common\VSPerfCollectionTools\\x64;C:\Program Files (x86)\Microsoft Visual Studio\Shared\Common\VSPerfCollectionTools\;C:\Program Files (x86)\Microsoft SDKs\Windows\v10.0A\bin\NETFX 4.6.1 Tools\x64\;C:\Program Files (x86)\HTML Help Workshop;C:\Program Files (x86)\Windows Kits\10\bin\10.0.17763.0\x64;C:\Program Files (x86)\Windows Kits\10\bin\x64;C:\Program Files (x86)\Microsoft Visual Studio\2017\Professional\\MSBuild\15.0\bin;C:\Windows\Microsoft.NET\Framework64\v4.0.30319;C:\Program Files (x86)\Microsoft Visual Studio\2017\Professional\Common7\IDE\;C:\Program Files (x86)\Microsoft Visual Studio\2017\Professional\Common7\Tools\;C:\Windows\system32;C:\Windows;C:\Windows\System32\Wbem;C:\Windows\System32\WindowsPowerShell\v1.0\;C:\Windows\System32\OpenSSH\;C:\Program Files (x86)\WiX Toolset v3.7\bin;C:\Program Files (x86)\Windows Kits\10\bin\10.0.17763.0\x64;C:\Program Files (x86)\Windows Kits\10\bin\x64;C:\Program Files\Git\cmd;C:\StoreBoxClientWindows;C:\Program Files\Electric Cloud\ElectricCommander\bin;C:\Program Files (x86)\Common Files\Oracle\Java\javapath;C:\Program Files\WinRAR;C:\Program Files\7-Zip;C:\Python27;C:\Python27\Scripts;C:\Users\Administrator\AppData\Local\Microsoft\WindowsApps;C:\Program Files (x86)\Microsoft Visual Studio\2017\Professional\Common7\IDE\CommonExtensions\Microsoft\CMake\CMake\bin;C:\Program Files (x86)\Microsoft Visual Studio\2017\Professional\Common7\IDE\CommonExtensions\Microsoft\CMake\Ninja
    [1/18] Automatic MOC and UIC for target mayaUsdUI
    [2/15] Running utility command for MAYAUSD_SCHEMA_TEST
    [3/15] Running utility command for MAYAUSD_NODES_TEST
    [4/15] Running utility command for MAYAUSD_TEST
    [5/15] Automatic MOC and UIC for target testMayaUsdUI
    [6/13] Linking CXX shared library lib\usd\translators\mayaUsd_Translators.dll
    [7/13] Running utility command for PYTHON_TEST_UTILS
    [8/13] Running utility command for MAYAUSD_PXR_USD_PREVIEW_SURFACE_TEST
    [9/13] Running utility command for UFE_TEST
    [10/13] Running utility command for PYTHON_TEST_SAMPLES
    [11/13] Running utility command for MAYAUSD_RENDER_PXRUSDMAYAGL_TEST
    [12/13] Running utility command for IMPORT_EXPORT_TEST
    [12/13] Install the project...
    -- Install configuration: "RelWithDebInfo"
    
        Building with settings:
          Source directory          S:\jenkins\workspace\ecg-mayausd-branch-preflight-2020-windows\ecg-maya-usd\maya-usd
          Workspace directory       W:\
          Build directory           W:\build\RelWithDebInfo
          Install directory         W:\install\RelWithDebInfo\MayaUSD
          Variant                   RelWithDebInfo
          Python Debug              Off
          CMake generator           Ninja
          Build arguments           ['-DCMAKE_MAKE_PROGRAM=P:/shared/Artifactory/Windows/ninja/1.9.0/c68f192/ninja.exe', '-DPYTHON_INCLUDE_DIR=P:/shared/Artifactory/Windows/rundev-2020/202004291615/runtime/df03b16/runTime/include/Python', '-DPython_EXECUTABLE=P:/shared/Artifactory/Windows/rundev-2020/202004291615/runtime/df03b16/runTime/bin/mayapy.exe', '-DPYTHON_LIBRARIES=P:/shared/Artifactory/Windows/rundev-2020/202004291615/runtime/df03b16/runTime/lib/python27.lib', '-DMAYAUSD_TO_USD_RELATIVE_PATH=../USD']
          Stages arguments          ['install']
          CTest arguments           ['-E testUsdReferenceAssemblySelection|testUsdMayaAppDir|testUsdExportAsClip', '-LE interactive', '--parallel 16']
    Success MayaUSD build and install !!!!
    Elapsed time: 00:00:39
Finding Artifactory servers response times
Creating directory: W:\install\RelWithDebInfo\USD\devkit
Creating directory: W:\install\RelWithDebInfo\USD\devkit\lib
Moving W:\install\RelWithDebInfo\USD\include
Moving W:\install\RelWithDebInfo\USD\cmake
Moving W:\install\RelWithDebInfo\USD\share
Moving W:\install\RelWithDebInfo\USD\lib\cmake
Extracting .lib files to W:\install\RelWithDebInfo\USD\devkit\lib
Moving ar.lib to .
Moving arch.lib to .
Moving boost_atomic-vc141-mt-x64-1_70.lib to .
Moving boost_chrono-vc141-mt-x64-1_70.lib to .
Moving boost_date_time-vc141-mt-x64-1_70.lib to .
Moving boost_filesystem-vc141-mt-x64-1_70.lib to .
Moving boost_program_options-vc141-mt-x64-1_70.lib to .
Moving boost_python27-vc141-mt-x64-1_70.lib to .
Moving boost_regex-vc141-mt-x64-1_70.lib to .
Moving boost_system-vc141-mt-x64-1_70.lib to .
Moving boost_thread-vc141-mt-x64-1_70.lib to .
Moving cameraUtil.lib to .
Moving garch.lib to .
Moving gf.lib to .
Moving glew32.lib to .
Moving glf.lib to .
Moving hd.lib to .
Moving hdSt.lib to .
Moving hdx.lib to .
Moving hf.lib to .
Moving hgi.lib to .
Moving hgiGL.lib to .
Moving hgiInterop.lib to .
Moving hio.lib to .
Moving js.lib to .
Moving kind.lib to .
Moving ndr.lib to .
Moving osdCPU.lib to .
Moving osdGPU.lib to .
Moving pcp.lib to .
Moving plug.lib to .
Moving pxOsd.lib to .
Moving sdf.lib to .
Moving sdr.lib to .
Moving tbb.lib to .
Moving tbbmalloc.lib to .
Moving tbbmalloc_proxy.lib to .
Moving tbbproxy.lib to .
Moving tbb_preview.lib to .
Moving tf.lib to .
Moving trace.lib to .
Moving usd.lib to .
Moving usdAppUtils.lib to .
Moving usdGeom.lib to .
Moving usdHydra.lib to .
Moving usdImaging.lib to .
Moving usdImagingGL.lib to .
Moving usdLux.lib to .
Moving usdMedia.lib to .
Moving usdRender.lib to .
Moving usdRi.lib to .
Moving usdRiImaging.lib to .
Moving usdShade.lib to .
Moving usdSkel.lib to .
Moving usdSkelImaging.lib to .
Moving usdUI.lib to .
Moving usdUtils.lib to .
Moving usdviewq.lib to .
Moving usdVol.lib to .
Moving usdVolImaging.lib to .
Moving vt.lib to .
Moving work.lib to .
Moving zlib.lib to .
Moving zlibstatic.lib to .
Creating zip archive 'devkit.zip' using 7-Zip.

7-Zip 18.05 (x64) : Copyright (c) 1999-2018 Igor Pavlov : 2018-04-30

Scanning the drive:
1276 folders, 15156 files, 188561216 bytes (180 MiB)

Creating archive: W:\install\RelWithDebInfo\USD\devkit.zip

Add new data to archive: 1276 folders, 15156 files, 188561216 bytes (180 MiB)


Files read from disk: 15156
Archive size: 40107567 bytes (39 MiB)
Everything is Ok
Removing directory: W:\install\RelWithDebInfo\USD\devkit
Deleting subst P:
Deleting subst W:
[Pipeline] }
[Pipeline] // withEnv
[Pipeline] }
[Pipeline] // stage
[Pipeline] }
[Pipeline] // timestamps
[Pipeline] }
[Pipeline] // timeout
[Pipeline] timeout
Timeout set to expire in 6 hr 0 min
[Pipeline] {
[Pipeline] timestamps
[Pipeline] {
[Pipeline] stage
[Pipeline] { (Test)
[Pipeline] withEnv
[Pipeline] {
[Pipeline] bat
[ecg-mayausd-branch-preflight-2020-windows] Running batch script
Subst W: S:\jenkins\workspace\ecg-mayausd-branch-preflight-2020-windows
Subst P: S:\jenkins\workspace
"C:\Program Files (x86)\Microsoft Visual Studio\2017\Professional\VC\Auxiliary\Build\vcvarsall.bat" x64
**********************************************************************
** Visual Studio 2017 Developer Command Prompt v15.9.15
** Copyright (c) 2017 Microsoft Corporation
**********************************************************************
[vcvarsall.bat] Environment initialized for: 'x64'
python ecg-maya-usd/build.py --stages=test --workspace-dir=W:\ --artifactory-dir=P:\shared\Artifactory --build-dir=W:\build --install-dir=W:\install --signing-dir=W:\signing --package-dir=W:\package --output-dir=W:\output --stash-dir=W:\stash --jenkins-build=348 --git-commit=d6f37a5e5696a1491862657704651c45dc99341e --git-branch=master --variants=RelWithDebInfo --python=2 --test-jobs=0 --failed-test-retry=3 --maya-cut-config=maya-rundev-2020.yaml --stage-banner --progressive-timeout
Using Maya cut from P:\shared\Artifactory\Windows\rundev-2020\202004291615\runtime\df03b16

================================================================================
                             test (RelWithDebInfo)
================================================================================
running test stage....................
Maya Python RelWithDebInfo Info:
  mayapy executable   = P:\shared\Artifactory\Windows\rundev-2020\202004291615\runtime\df03b16\runTime\bin\mayapy.exe
  Include Folder      = P:\shared\Artifactory\Windows\rundev-2020\202004291615\runtime\df03b16\runTime\include\Python
  Library             = P:\shared\Artifactory\Windows\rundev-2020\202004291615\runtime\df03b16\runTime\lib\python27.lib
  site-package Folder = P:\shared\Artifactory\Windows\rundev-2020\202004291615\runtime\df03b16\runTime\Python\Lib\site-packages
In workdir: S:\jenkins\workspace\ecg-mayausd-branch-preflight-2020-windows\ecg-maya-usd\maya-usd
Executing: 'P:\\shared\\Artifactory\\Windows\\rundev-2020\\202004291615\\runtime\\df03b16\\runTime\\bin\\mayapy.exe' 'S:\\jenkins\\workspace\\ecg-mayausd-branch-preflight-2020-windows\\ecg-maya-usd\\maya-usd\\build.py' --generator Ninja --build-relwithdebug --maya-location 'P:\\shared\\Artifactory\\Windows\\rundev-2020\\202004291615\\runtime\\df03b16\\runTime' --devkit-location 'P:\\shared\\Artifactory\\Windows\\rundev-2020\\202004291615\\runtime\\df03b16\\devkitBase' --pxrusd-location 'P:\\shared\\Artifactory\\Windows\\USD\\59a48e6' --qt-location 'P:\\shared\\Artifactory\\Windows\\qt\\5.12.5\\4755980' '--build-args=-DCMAKE_MAKE_PROGRAM=P:/shared/Artifactory/Windows/ninja/1.9.0/c68f192/ninja.exe,-DPYTHON_INCLUDE_DIR=P:/shared/Artifactory/Windows/rundev-2020/202004291615/runtime/df03b16/runTime/include/Python,-DPython_EXECUTABLE=P:/shared/Artifactory/Windows/rundev-2020/202004291615/runtime/df03b16/runTime/bin/mayapy.exe,-DPYTHON_LIBRARIES=P:/shared/Artifactory/Windows/rundev-2020/202004291615/runtime/df03b16/runTime/lib/python27.lib,-DMAYAUSD_TO_USD_RELATIVE_PATH=../USD' '--ctest-args=-E testUsdReferenceAssemblySelection|testUsdMayaAppDir|testUsdExportAsClip,-LE interactive,--parallel 16' --stages=test --redirect-outstream-file=False --install-location 'W:\\install\\RelWithDebInfo\\MayaUSD' 'W:\\'
Modified environment variables:
    PATH=P:\shared\Artifactory\Windows\cmake\3.14.4\c5af748\bin;C:\Python27\lib\site-packages\pywin32_system32;C:\Program Files (x86)\Microsoft Visual Studio\2017\Professional\VC\Tools\MSVC\14.16.27023\bin\HostX64\x64;C:\Program Files (x86)\Microsoft Visual Studio\2017\Professional\Common7\IDE\VC\VCPackages;C:\Program Files (x86)\Microsoft Visual Studio\2017\Professional\Common7\IDE\CommonExtensions\Microsoft\TestWindow;C:\Program Files (x86)\Microsoft Visual Studio\2017\Professional\Common7\IDE\CommonExtensions\Microsoft\TeamFoundation\Team Explorer;C:\Program Files (x86)\Microsoft Visual Studio\2017\Professional\MSBuild\15.0\bin\Roslyn;C:\Program Files (x86)\Microsoft Visual Studio\2017\Professional\Team Tools\Performance Tools\x64;C:\Program Files (x86)\Microsoft Visual Studio\2017\Professional\Team Tools\Performance Tools;C:\Program Files (x86)\Microsoft Visual Studio\Shared\Common\VSPerfCollectionTools\\x64;C:\Program Files (x86)\Microsoft Visual Studio\Shared\Common\VSPerfCollectionTools\;C:\Program Files (x86)\Microsoft SDKs\Windows\v10.0A\bin\NETFX 4.6.1 Tools\x64\;C:\Program Files (x86)\HTML Help Workshop;C:\Program Files (x86)\Windows Kits\10\bin\10.0.17763.0\x64;C:\Program Files (x86)\Windows Kits\10\bin\x64;C:\Program Files (x86)\Microsoft Visual Studio\2017\Professional\\MSBuild\15.0\bin;C:\Windows\Microsoft.NET\Framework64\v4.0.30319;C:\Program Files (x86)\Microsoft Visual Studio\2017\Professional\Common7\IDE\;C:\Program Files (x86)\Microsoft Visual Studio\2017\Professional\Common7\Tools\;C:\Windows\system32;C:\Windows;C:\Windows\System32\Wbem;C:\Windows\System32\WindowsPowerShell\v1.0\;C:\Windows\System32\OpenSSH\;C:\Program Files (x86)\WiX Toolset v3.7\bin;C:\Program Files (x86)\Windows Kits\10\bin\10.0.17763.0\x64;C:\Program Files (x86)\Windows Kits\10\bin\x64;C:\Program Files\Git\cmd;C:\StoreBoxClientWindows;C:\Program Files\Electric Cloud\ElectricCommander\bin;C:\Program Files (x86)\Common Files\Oracle\Java\javapath;C:\Program Files\WinRAR;C:\Program Files\7-Zip;C:\Python27;C:\Python27\Scripts;C:\Users\Administrator\AppData\Local\Microsoft\WindowsApps;C:\Program Files (x86)\Microsoft Visual Studio\2017\Professional\Common7\IDE\CommonExtensions\Microsoft\CMake\CMake\bin;C:\Program Files (x86)\Microsoft Visual Studio\2017\Professional\Common7\IDE\CommonExtensions\Microsoft\CMake\Ninja
    Test project W:/build/RelWithDebInfo
            Start   1: testMayaUsdConverter
            Start   2: testMayaUsdPythonImport
            Start   3: testMayaUsdLayerEditorCommands
            Start   4: testPointBasedDeformerNode
            Start  19: testDeleteCmd
            Start  20: testMatrices
            Start  21: testMayaPickwalk
            Start  22: testSelection
            Start  23: testUfePythonImport
            Start  24: testPxrUsdPreviewSurfaceDraw
            Start  25: testPxrUsdPreviewSurfaceExport
            Start  26: testMayaUsdSchemasPythonImport
            Start  27: testMayaUsdSchemasMayaReference
            Start  28: DiffCore
            Start  29: testUsdExportCamera
            Start  30: testUsdExportColorSets
      1/101 Test  #28: DiffCore ........................................   Passed    2.37 sec
            Start  31: testUsdExportConnected
      2/101 Test  #24: testPxrUsdPreviewSurfaceDraw ....................   Passed   42.34 sec
            Start  32: testUsdExportDisplacement
      3/101 Test  #26: testMayaUsdSchemasPythonImport ..................   Passed   45.74 sec
            Start  33: testUsdExportDisplayColor
      4/101 Test  #27: testMayaUsdSchemasMayaReference .................   Passed   45.76 sec
            Start  34: testUsdExportEulerFilter
      5/101 Test   #2: testMayaUsdPythonImport .........................   Passed   46.43 sec
            Start  35: testUsdExportFileFormat
      6/101 Test  #23: testUfePythonImport .............................   Passed   46.34 sec
            Start  36: testUsdExportFilterTypes
      7/101 Test   #4: testPointBasedDeformerNode ......................   Passed   47.13 sec
            Start  37: testUsdExportFrameOffset
      8/101 Test   #3: testMayaUsdLayerEditorCommands ..................   Passed   47.30 sec
            Start  38: testUsdExportGeomSubset
      9/101 Test   #1: testMayaUsdConverter ............................   Passed   47.45 sec
            Start  39: testUsdExportInstances
     10/101 Test  #22: testSelection ...................................   Passed   48.37 sec
            Start  40: testUsdExportLocator
     11/101 Test  #20: testMatrices ....................................   Passed   53.92 sec
            Start  41: testUsdExportMayaInstancer
     12/101 Test  #21: testMayaPickwalk ................................   Passed   54.04 sec
            Start  42: testUsdExportMesh
     13/101 Test  #19: testDeleteCmd ...................................   Passed   54.13 sec
            Start  43: testUsdExportNurbsCurve
     14/101 Test  #31: testUsdExportConnected ..........................   Passed   51.63 sec
            Start  44: testUsdExportOpenLayer
     15/101 Test  #29: testUsdExportCamera .............................   Passed   53.97 sec
            Start  45: testUsdExportOverImport
     16/101 Test  #25: testPxrUsdPreviewSurfaceExport ..................   Passed   55.05 sec
            Start  46: testUsdExportParentScope
     17/101 Test  #30: testUsdExportColorSets ..........................   Passed   54.85 sec
            Start  47: testUsdExportParticles
     18/101 Test  #32: testUsdExportDisplacement .......................   Passed   12.79 sec
            Start  48: testUsdExportPref
     19/101 Test  #33: testUsdExportDisplayColor .......................   Passed   11.82 sec
            Start  49: testUsdExportRenderLayerMode
     20/101 Test  #35: testUsdExportFileFormat .........................   Passed   11.51 sec
            Start  50: testUsdExportSelection
     21/101 Test  #34: testUsdExportEulerFilter ........................   Passed   12.82 sec
            Start  51: testUsdExportSelectionHierarchy
     22/101 Test  #38: testUsdExportGeomSubset .........................   Passed   12.06 sec
            Start  52: testUsdExportShadingInstanced
     23/101 Test  #39: testUsdExportInstances ..........................   Passed   12.90 sec
            Start  53: testUsdExportShadingModePxrRis
     24/101 Test  #37: testUsdExportFrameOffset ........................   Passed   14.03 sec
            Start  54: testUsdExportSkeleton
     25/101 Test  #40: testUsdExportLocator ............................   Passed   13.41 sec
            Start  55: testUsdExportStripNamespaces
     26/101 Test  #36: testUsdExportFilterTypes ........................   Passed   15.64 sec
            Start  56: testUsdExportStroke
     27/101 Test  #44: testUsdExportOpenLayer ..........................   Passed   11.07 sec
            Start  57: testUsdExportUVSetMappings
     28/101 Test  #42: testUsdExportMesh ...............................   Passed   12.15 sec
            Start  58: testUsdExportVisibilityDefault
     29/101 Test  #45: testUsdExportOverImport .........................   Passed   12.41 sec
            Start  59: testUsdImportCamera
     30/101 Test  #47: testUsdExportParticles ..........................   Passed   12.12 sec
            Start  60: testUsdImportColorSets
     31/101 Test  #49: testUsdExportRenderLayerMode ....................   Passed    9.89 sec
            Start  61: testUsdImportDisplacement
     32/101 Test  #43: testUsdExportNurbsCurve .........................   Passed   13.88 sec
            Start  62: testUsdImportExportScope
     33/101 Test  #48: testUsdExportPref ...............................   Passed   13.62 sec
            Start  63: testUsdImportExportTypelessDefs
     34/101 Test  #46: testUsdExportParentScope ........................   Passed   14.03 sec
            Start  64: testUsdImportFrameRange
     35/101 Test  #41: testUsdExportMayaInstancer ......................   Passed   17.27 sec
            Start  65: testUsdImportInstances
     36/101 Test  #51: testUsdExportSelectionHierarchy .................   Passed   12.51 sec
            Start  66: testUsdImportMayaReference
     37/101 Test  #50: testUsdExportSelection ..........................   Passed   13.94 sec
            Start  67: testUsdImportMesh
     38/101 Test  #55: testUsdExportStripNamespaces ....................   Passed   10.73 sec
            Start  68: testUsdImportPreviewSurface
     39/101 Test  #52: testUsdExportShadingInstanced ...................   Passed   14.42 sec
            Start  69: testUsdImportSessionLayer
     40/101 Test  #53: testUsdExportShadingModePxrRis ..................   Passed   13.53 sec
            Start  70: testUsdImportShadingModeDisplayColor
     41/101 Test  #56: testUsdExportStroke .............................   Passed   13.37 sec
            Start  71: testUsdImportShadingModePxrRis
     42/101 Test  #54: testUsdExportSkeleton ...........................   Passed   14.72 sec
            Start  72: testUsdExportImportRoundtripPreviewSurface
     43/101 Test  #60: testUsdImportColorSets ..........................   Passed   11.78 sec
            Start  73: testUsdImportSkeleton
     44/101 Test  #59: testUsdImportCamera .............................   Passed   12.67 sec
            Start  74: testUsdImportXforms
     45/101 Test  #57: testUsdExportUVSetMappings ......................   Passed   14.36 sec
            Start  75: testUsdMayaAdaptor
     46/101 Test  #61: testUsdImportDisplacement .......................   Passed   12.33 sec
            Start  76: testUsdMayaAdaptorGeom
     47/101 Test  #58: testUsdExportVisibilityDefault ..................   Passed   14.33 sec
            Start  77: testUsdMayaAdaptorMetadata
     48/101 Test  #63: testUsdImportExportTypelessDefs .................   Passed   11.94 sec
            Start  78: testUsdMayaAdaptorUndoRedo
     49/101 Test  #62: testUsdImportExportScope ........................   Passed   12.86 sec
            Start  79: testUsdExportRfMShaders
     50/101 Test  #64: testUsdImportFrameRange .........................   Passed   12.66 sec
            Start  80: testUsdImportRfMShaders
     51/101 Test  #65: testUsdImportInstances ..........................   Passed   11.24 sec
            Start  81: testUsdExportUVSets
     52/101 Test  #67: testUsdImportMesh ...............................   Passed   12.61 sec
            Start  82: testUsdExportUVSetsFloat
     53/101 Test  #66: testUsdImportMayaReference ......................   Passed   13.54 sec
            Start  83: testUsdImportUVSets
     54/101 Test  #69: testUsdImportSessionLayer .......................   Passed   11.75 sec
            Start  84: testUsdImportUVSetsFloat
     55/101 Test  #68: testUsdImportPreviewSurface .....................   Passed   13.01 sec
            Start  85: testUsdExportCustomConverter
     56/101 Test  #70: testUsdImportShadingModeDisplayColor ............   Passed   12.82 sec
            Start  86: testUsdImportCustomConverter
     57/101 Test  #71: testUsdImportShadingModePxrRis ..................   Passed   11.31 sec
            Start  87: testUsdMayaListShadingModesCommand
     58/101 Test  #72: testUsdExportImportRoundtripPreviewSurface ......   Passed   12.40 sec
            Start  88: testUsdExportAssembly
     59/101 Test  #75: testUsdMayaAdaptor ..............................   Passed   10.61 sec
            Start  89: testUsdExportAssemblyEdits
     60/101 Test  #73: testUsdImportSkeleton ...........................   Passed   12.51 sec
            Start  90: testUsdExportPackage
     61/101 Test  #78: testUsdMayaAdaptorUndoRedo ......................   Passed   10.90 sec
            Start  91: testUsdExportPointInstancer
     62/101 Test  #76: testUsdMayaAdaptorGeom ..........................   Passed   12.40 sec
            Start  92: testUsdImportAsAssemblies
     63/101 Test  #77: testUsdMayaAdaptorMetadata ......................   Passed   12.78 sec
            Start  93: testUsdImportNestedAssemblyAnimation
     64/101 Test  #80: testUsdImportRfMShaders .........................   Passed   12.68 sec
            Start  94: testUsdMayaBlockSceneModificationContext
     65/101 Test  #79: testUsdExportRfMShaders .........................   Passed   14.02 sec
            Start  95: testUsdMayaDiagnosticDelegate
     66/101 Test  #82: testUsdExportUVSetsFloat ........................***Failed   12.12 sec
    ##############################################################################
    #  PIXMAYA_WRITE_UV_AS_FLOAT2 is overridden to 'true'.  Default is 'false'.  #
    ##############################################################################
    Warning: file: W:/build/RelWithDebInfo/test/lib/usd/translators/UsdExportUVSetsFloatTest/UsdExportUVSetsTest_Float.ma line 1464: Unrecognized node type 'nodeGraphEditorInfo'; preserving node information during this session.
    Warning: file: W:/build/RelWithDebInfo/test/lib/usd/translators/UsdExportUVSetsFloatTest/UsdExportUVSetsTest_Float.ma line 1498: Unrecognized node type 'nodeGraphEditorInfo'; preserving node information during this session.
    Warning: Errors have occurred while reading this scene that may result in data loss.
    File read in  1.5 seconds.
    Status: in _BeginWriting at line 245 of S:\jenkins\workspace\ecg-mayausd-branch-preflight-2020-windows\ecg-maya-usd\maya-usd\lib\mayaUsd\fileio\jobs\writeJob.cpp -- Opening layer 'W:/build/RelWithDebInfo/test/lib/usd/translators/testUsdExportUVSetsFloatOutput/UsdExportUVSetsTest.usda' for writing
    Status: in _FinishWriting at line 540 of S:\jenkins\workspace\ecg-mayausd-branch-preflight-2020-windows\ecg-maya-usd\maya-usd\lib\mayaUsd\fileio\jobs\writeJob.cpp -- Saving stage
    .F.FF.E.
    ======================================================================
    ERROR: testExportUvVersusUvIndexFromIterator (testUsdExportUVSets.testUsdExportUVSets)
    ----------------------------------------------------------------------
    Traceback (most recent call last):
      File "testUsdExportUVSets.py", line 353, in testExportUvVersusUvIndexFromIterator
    RuntimeError: Accessed invalid attribute as a primvar
    
    ======================================================================
    FAIL: testExportDefaultUVSet (testUsdExportUVSets.testUsdExportUVSets)
    ----------------------------------------------------------------------
    Traceback (most recent call last):
      File "testUsdExportUVSets.py", line 157, in testExportDefaultUVSet
      File "testUsdExportUVSets.py", line 40, in _AssertUVPrimvar
    AssertionError: <pxr.UsdGeom.Primvar object at 0x00000212C7D9BEA0> is not true
    
    ======================================================================
    FAIL: testExportOneAssignedFaceUVSet (testUsdExportUVSets.testUsdExportUVSets)
    ----------------------------------------------------------------------
    Traceback (most recent call last):
      File "testUsdExportUVSets.py", line 233, in testExportOneAssignedFaceUVSet
      File "testUsdExportUVSets.py", line 40, in _AssertUVPrimvar
    AssertionError: <pxr.UsdGeom.Primvar object at 0x00000212C7D9BEA0> is not true
    
    ======================================================================
    FAIL: testExportOneMissingFaceUVSet (testUsdExportUVSets.testUsdExportUVSets)
    ----------------------------------------------------------------------
    Traceback (most recent call last):
      File "testUsdExportUVSets.py", line 200, in testExportOneMissingFaceUVSet
      File "testUsdExportUVSets.py", line 40, in _AssertUVPrimvar
    AssertionError: <pxr.UsdGeom.Primvar object at 0x00000212C7D9BEA0> is not true
    
    ----------------------------------------------------------------------
    Ran 8 tests in 2.331s
    
    FAILED (failures=3, errors=1)
    
            Start  96: testUsdMayaGetVariantSetSelections
     67/101 Test  #81: testUsdExportUVSets .............................***Failed   14.55 sec
    Warning: file: W:/build/RelWithDebInfo/test/lib/usd/translators/UsdExportUVSetsTest/UsdExportUVSetsTest.ma line 1464: Unrecognized node type 'nodeGraphEditorInfo'; preserving node information during this session.
    Warning: file: W:/build/RelWithDebInfo/test/lib/usd/translators/UsdExportUVSetsTest/UsdExportUVSetsTest.ma line 1498: Unrecognized node type 'nodeGraphEditorInfo'; preserving node information during this session.
    Warning: Errors have occurred while reading this scene that may result in data loss.
    File read in  1.7 seconds.
    Status: in _BeginWriting at line 245 of S:\jenkins\workspace\ecg-mayausd-branch-preflight-2020-windows\ecg-maya-usd\maya-usd\lib\mayaUsd\fileio\jobs\writeJob.cpp -- Opening layer 'W:/build/RelWithDebInfo/test/lib/usd/translators/testUsdExportUVSetsOutput/UsdExportUVSetsTest.usda' for writing
    Status: in _FinishWriting at line 540 of S:\jenkins\workspace\ecg-mayausd-branch-preflight-2020-windows\ecg-maya-usd\maya-usd\lib\mayaUsd\fileio\jobs\writeJob.cpp -- Saving stage
    .F.FF.E.
    ======================================================================
    ERROR: testExportUvVersusUvIndexFromIterator (testUsdExportUVSets.testUsdExportUVSets)
    ----------------------------------------------------------------------
    Traceback (most recent call last):
      File "testUsdExportUVSets.py", line 353, in testExportUvVersusUvIndexFromIterator
    RuntimeError: Accessed invalid attribute as a primvar
    
    ======================================================================
    FAIL: testExportDefaultUVSet (testUsdExportUVSets.testUsdExportUVSets)
    ----------------------------------------------------------------------
    Traceback (most recent call last):
      File "testUsdExportUVSets.py", line 157, in testExportDefaultUVSet
      File "testUsdExportUVSets.py", line 40, in _AssertUVPrimvar
    AssertionError: <pxr.UsdGeom.Primvar object at 0x000001A315DBDD90> is not true
    
    ======================================================================
    FAIL: testExportOneAssignedFaceUVSet (testUsdExportUVSets.testUsdExportUVSets)
    ----------------------------------------------------------------------
    Traceback (most recent call last):
      File "testUsdExportUVSets.py", line 233, in testExportOneAssignedFaceUVSet
      File "testUsdExportUVSets.py", line 40, in _AssertUVPrimvar
    AssertionError: <pxr.UsdGeom.Primvar object at 0x000001A315DBDD90> is not true
    
    ======================================================================
    FAIL: testExportOneMissingFaceUVSet (testUsdExportUVSets.testUsdExportUVSets)
    ----------------------------------------------------------------------
    Traceback (most recent call last):
      File "testUsdExportUVSets.py", line 200, in testExportOneMissingFaceUVSet
      File "testUsdExportUVSets.py", line 40, in _AssertUVPrimvar
    AssertionError: <pxr.UsdGeom.Primvar object at 0x000001A315DBDD90> is not true
    
    ----------------------------------------------------------------------
    Ran 8 tests in 2.718s
    
    FAILED (failures=3, errors=1)
    
            Start  97: testUsdMayaModelKindProcessor
     68/101 Test  #84: testUsdImportUVSetsFloat ........................***Failed   12.44 sec
    Status: in doIt at line 140 of S:\jenkins\workspace\ecg-mayausd-branch-preflight-2020-windows\ecg-maya-usd\maya-usd\lib\mayaUsd\commands\baseImportCommand.cpp -- Importing 'W:\build\RelWithDebInfo\test\lib\usd\translators\UsdImportUVSetsFloatTest\UsdImportUVSetsTest_Float.usda'
    .F.FF.File read in  0.033 seconds.
    F
    ======================================================================
    FAIL: testImportDefaultUVSet (testUsdImportUVSets.testUsdImportUVSets)
    ----------------------------------------------------------------------
    Traceback (most recent call last):
      File "testUsdImportUVSets.py", line 134, in testImportDefaultUVSet
        expectedNumValues=14)
      File "testUsdImportUVSets.py", line 48, in _AssertUVSet
        self.assertEqual(expectedNumValues, actualNumValues)
    AssertionError: 14 != 0
    
    ======================================================================
    FAIL: testImportOneAssignedFaceUVSet (testUsdImportUVSets.testUsdImportUVSets)
    ----------------------------------------------------------------------
    Traceback (most recent call last):
      File "testUsdImportUVSets.py", line 184, in testImportOneAssignedFaceUVSet
        expectedNumValues=4)
      File "testUsdImportUVSets.py", line 48, in _AssertUVSet
        self.assertEqual(expectedNumValues, actualNumValues)
    AssertionError: 4 != 0
    
    ======================================================================
    FAIL: testImportOneMissingFaceUVSet (testUsdImportUVSets.testUsdImportUVSets)
    ----------------------------------------------------------------------
    Traceback (most recent call last):
      File "testUsdImportUVSets.py", line 167, in testImportOneMissingFaceUVSet
        expectedNumValues=14)
      File "testUsdImportUVSets.py", line 48, in _AssertUVSet
        self.assertEqual(expectedNumValues, actualNumValues)
    AssertionError: 14 != 0
    
    ======================================================================
    FAIL: testImportUVSetForMeshWithCreases (testUsdImportUVSets.testUsdImportUVSets)
    ----------------------------------------------------------------------
    Traceback (most recent call last):
      File "testUsdImportUVSets.py", line 348, in testImportUVSetForMeshWithCreases
        expectedNumValues=14)
      File "testUsdImportUVSets.py", line 48, in _AssertUVSet
        self.assertEqual(expectedNumValues, actualNumValues)
    AssertionError: 14 != 0
    
    ----------------------------------------------------------------------
    Ran 7 tests in 2.403s
    
    FAILED (failures=4)
    
            Start  98: testUsdMayaProxyShape
     69/101 Test  #83: testUsdImportUVSets .............................***Failed   13.24 sec
    #############################################################################
    #  PIXMAYA_READ_FLOAT2_AS_UV is overridden to 'false'.  Default is 'true'.  #
    #############################################################################
    Status: in doIt at line 140 of S:\jenkins\workspace\ecg-mayausd-branch-preflight-2020-windows\ecg-maya-usd\maya-usd\lib\mayaUsd\commands\baseImportCommand.cpp -- Importing 'W:\build\RelWithDebInfo\test\lib\usd\translators\UsdImportUVSetsTest\UsdImportUVSetsTest.usda'
    .F.FF.File read in  0.043 seconds.
    F
    ======================================================================
    FAIL: testImportDefaultUVSet (testUsdImportUVSets.testUsdImportUVSets)
    ----------------------------------------------------------------------
    Traceback (most recent call last):
      File "testUsdImportUVSets.py", line 134, in testImportDefaultUVSet
        expectedNumValues=14)
      File "testUsdImportUVSets.py", line 48, in _AssertUVSet
        self.assertEqual(expectedNumValues, actualNumValues)
    AssertionError: 14 != 0
    
    ======================================================================
    FAIL: testImportOneAssignedFaceUVSet (testUsdImportUVSets.testUsdImportUVSets)
    ----------------------------------------------------------------------
    Traceback (most recent call last):
      File "testUsdImportUVSets.py", line 184, in testImportOneAssignedFaceUVSet
        expectedNumValues=4)
      File "testUsdImportUVSets.py", line 48, in _AssertUVSet
        self.assertEqual(expectedNumValues, actualNumValues)
    AssertionError: 4 != 0
    
    ======================================================================
    FAIL: testImportOneMissingFaceUVSet (testUsdImportUVSets.testUsdImportUVSets)
    ----------------------------------------------------------------------
    Traceback (most recent call last):
      File "testUsdImportUVSets.py", line 167, in testImportOneMissingFaceUVSet
        expectedNumValues=14)
      File "testUsdImportUVSets.py", line 48, in _AssertUVSet
        self.assertEqual(expectedNumValues, actualNumValues)
    AssertionError: 14 != 0
    
    ======================================================================
    FAIL: testImportUVSetForMeshWithCreases (testUsdImportUVSets.testUsdImportUVSets)
    ----------------------------------------------------------------------
    Traceback (most recent call last):
      File "testUsdImportUVSets.py", line 348, in testImportUVSetForMeshWithCreases
        expectedNumValues=14)
      File "testUsdImportUVSets.py", line 48, in _AssertUVSet
        self.assertEqual(expectedNumValues, actualNumValues)
    AssertionError: 14 != 0
    
    ----------------------------------------------------------------------
    Ran 7 tests in 1.746s
    
    FAILED (failures=4)
    
            Start  99: testUsdMayaReadWriteUtils
     70/101 Test  #85: testUsdExportCustomConverter ....................   Passed   13.18 sec
            Start 100: testUsdMayaReferenceAssemblyEdits
     71/101 Test  #86: testUsdImportCustomConverter ....................   Passed   12.24 sec
            Start 101: testUsdMayaUserExportedAttributes
     72/101 Test  #87: testUsdMayaListShadingModesCommand ..............   Passed   12.62 sec
            Start 102: testUsdReferenceAssemblyChangeRepresentations
     73/101 Test  #88: testUsdExportAssembly ...........................   Passed   16.02 sec
            Start 103: testUsdMayaXformStack
     74/101 Test  #90: testUsdExportPackage ............................   Passed   15.58 sec
            Start 104: testPxrUsdAlembicChaser
     75/101 Test  #89: testUsdExportAssemblyEdits ......................   Passed   17.06 sec
            Start 105: AL_MayaUtilsTests
     76/101 Test  #94: testUsdMayaBlockSceneModificationContext ........   Passed   14.78 sec
            Start 106: GTest:AL_USDTransactionTests
     77/101 Test  #92: testUsdImportAsAssemblies .......................   Passed   17.21 sec
            Start 107: Python:AL_USDTransactionTests
     78/101 Test #106: GTest:AL_USDTransactionTests ....................   Passed    0.63 sec
            Start 108: AL_USDMayaTestPlugin
     79/101 Test  #93: testUsdImportNestedAssemblyAnimation ............   Passed   16.89 sec
            Start 109: TestALUSDMayaPython_ProxyShape
     80/101 Test  #96: testUsdMayaGetVariantSetSelections ..............   Passed   15.97 sec
            Start 110: TestALUSDMayaPython_Translators
     81/101 Test  #99: testUsdMayaReadWriteUtils .......................   Passed   15.70 sec
            Start 111: TestALUSDMayaPython_LayerManager
     82/101 Test #107: Python:AL_USDTransactionTests ...................   Passed    4.84 sec
            Start 112: TestALUSDMayaPython_ImportModule
     83/101 Test  #95: testUsdMayaDiagnosticDelegate ...................   Passed   25.27 sec
            Start 113: testMayaSchemas
     84/101 Test #100: testUsdMayaReferenceAssemblyEdits ...............   Passed   21.84 sec
            Start 114: TestAdditionalTranslators
     85/101 Test #113: testMayaSchemas .................................   Passed    0.69 sec
            Start 115: TestPxrUsdTranslators
     86/101 Test  #97: testUsdMayaModelKindProcessor ...................   Passed   25.13 sec
     87/101 Test  #98: testUsdMayaProxyShape ...........................   Passed   24.65 sec
     88/101 Test #102: testUsdReferenceAssemblyChangeRepresentations ...   Passed   23.37 sec
     89/101 Test #112: TestALUSDMayaPython_ImportModule ................   Passed    8.62 sec
     90/101 Test #103: testUsdMayaXformStack ...........................   Passed   18.81 sec
     91/101 Test #101: testUsdMayaUserExportedAttributes ...............***Failed   24.53 sec
    Warning: This file is from an older version of Maya.  If saved, it will not be readable by previous versions.
    File read in  1.7 seconds.
    Opening layer 'c:/temp/tmpxujwxn/UserExportedAttributesTest_EXPORTED_MERGED.usda' for writing
    Warning: Cycle detected:
    @c:/temp/tmpxujwxn/UserExportedAttributesTest_EXPORTED_MERGED.usda@,@anon:0000022575D188F0:UserExportedAttributesTest_EXPORTED_MERGED-session.usda@</UserExportedAttributesTest/Looks/initialShadingGroup>
    CANNOT refer to:
    @c:/temp/tmpxujwxn/UserExportedAttributesTest_EXPORTED_MERGED.usda@,@anon:0000022575D188F0:UserExportedAttributesTest_EXPORTED_MERGED-session.usda@</UserExportedAttributesTest/Looks/initialShadingGroup>
     (recomposing stage on stage @c:/temp/tmpxujwxn/UserExportedAttributesTest_EXPORTED_MERGED.usda@ <0000022576547AE0>)
    Warning: Cycle detected:
    @c:/temp/tmpxujwxn/UserExportedAttributesTest_EXPORTED_MERGED.usda@,@anon:0000022575D188F0:UserExportedAttributesTest_EXPORTED_MERGED-session.usda@</UserExportedAttributesTest/Looks/initialShadingGroup>
    CANNOT refer to:
    @c:/temp/tmpxujwxn/UserExportedAttributesTest_EXPORTED_MERGED.usda@,@anon:0000022575D188F0:UserExportedAttributesTest_EXPORTED_MERGED-session.usda@</UserExportedAttributesTest/Looks/initialShadingGroup>
     (recomposing stage on stage @c:/temp/tmpxujwxn/UserExportedAttributesTest_EXPORTED_MERGED.usda@ <0000022576547AE0>)
    Saving stage
    Error: Could not find attribute 'bogusAttrOne' for USD export on node '|UserExportedAttributesTest|Geom|Cube' -- Runtime Error in GetUserTaggedAttributesForNode at line 190 of S:\jenkins\workspace\ecg-mayausd-branch-preflight-2020-windows\ecg-maya-usd\maya-usd\lib\mayaUsd\fileio\utils\userTaggedAttribute.cpp
    Error: Could not find attribute 'bogusAttrTwo' for USD export on node '|UserExportedAttributesTest|Geom|Cube' -- Runtime Error in GetUserTaggedAttributesForNode at line 190 of S:\jenkins\workspace\ecg-mayausd-branch-preflight-2020-windows\ecg-maya-usd\maya-usd\lib\mayaUsd\fileio\utils\userTaggedAttribute.cpp
    Error: Could not find attribute 'bogusRemapAttr' for USD export on node '|UserExportedAttributesTest|Geom|Cube' -- Runtime Error in GetUserTaggedAttributesForNode at line 190 of S:\jenkins\workspace\ecg-mayausd-branch-preflight-2020-windows\ecg-maya-usd\maya-usd\lib\mayaUsd\fileio\utils\userTaggedAttribute.cpp
    Error: Ignoring duplicate USD export tag for attribute 'userProperties:multiplyTaggedAttr' on node '|UserExportedAttributesTest|Geom|Cube' -- Runtime Error in GetUserTaggedAttributesForNode at line 243 of S:\jenkins\workspace\ecg-mayausd-branch-preflight-2020-windows\ecg-maya-usd\maya-usd\lib\mayaUsd\fileio\utils\userTaggedAttribute.cpp
    Error: Ignoring duplicate USD export tag for attribute 'userProperties:multiplyTaggedAttr' on node '|UserExportedAttributesTest|Geom|Cube' -- Runtime Error in GetUserTaggedAttributesForNode at line 243 of S:\jenkins\workspace\ecg-mayausd-branch-preflight-2020-windows\ecg-maya-usd\maya-usd\lib\mayaUsd\fileio\utils\userTaggedAttribute.cpp
    Error: Ignoring duplicate USD export tag for attribute 'userProperties:multiplyTaggedAttr' on node '|UserExportedAttributesTest|Geom|Cube' -- Runtime Error in GetUserTaggedAttributesForNode at line 243 of S:\jenkins\workspace\ecg-mayausd-branch-preflight-2020-windows\ecg-maya-usd\maya-usd\lib\mayaUsd\fileio\utils\userTaggedAttribute.cpp
    Opening layer 'c:/temp/tmpxujwxn/UserExportedAttributesTest_EXPORTED_UNMERGED.usda' for writing
    Warning: Cycle detected:
    @c:/temp/tmpxujwxn/UserExportedAttributesTest_EXPORTED_UNMERGED.usda@,@anon:0000022576D00CD0:UserExportedAttributesTest_EXPORTED_UNMERGED-session.usda@</UserExportedAttributesTest/Looks/initialShadingGroup>
    CANNOT refer to:
    @c:/temp/tmpxujwxn/UserExportedAttributesTest_EXPORTED_UNMERGED.usda@,@anon:0000022576D00CD0:UserExportedAttributesTest_EXPORTED_UNMERGED-session.usda@</UserExportedAttributesTest/Looks/initialShadingGroup>
     (recomposing stage on stage @c:/temp/tmpxujwxn/UserExportedAttributesTest_EXPORTED_UNMERGED.usda@ <0000022576547210>)
    Warning: Cycle detected:
    @c:/temp/tmpxujwxn/UserExportedAttributesTest_EXPORTED_UNMERGED.usda@,@anon:0000022576D00CD0:UserExportedAttributesTest_EXPORTED_UNMERGED-session.usda@</UserExportedAttributesTest/Looks/initialShadingGroup>
    CANNOT refer to:
    @c:/temp/tmpxujwxn/UserExportedAttributesTest_EXPORTED_UNMERGED.usda@,@anon:0000022576D00CD0:UserExportedAttributesTest_EXPORTED_UNMERGED-session.usda@</UserExportedAttributesTest/Looks/initialShadingGroup>
     (recomposing stage on stage @c:/temp/tmpxujwxn/UserExportedAttributesTest_EXPORTED_UNMERGED.usda@ <0000022576547210>)
    Saving stage
    Error: Could not find attribute 'bogusAttrOne' for USD export on node '|UserExportedAttributesTest|Geom|Cube' -- Runtime Error in GetUserTaggedAttributesForNode at line 190 of S:\jenkins\workspace\ecg-mayausd-branch-preflight-2020-windows\ecg-maya-usd\maya-usd\lib\mayaUsd\fileio\utils\userTaggedAttribute.cpp
    Error: Could not find attribute 'bogusAttrTwo' for USD export on node '|UserExportedAttributesTest|Geom|Cube' -- Runtime Error in GetUserTaggedAttributesForNode at line 190 of S:\jenkins\workspace\ecg-mayausd-branch-preflight-2020-windows\ecg-maya-usd\maya-usd\lib\mayaUsd\fileio\utils\userTaggedAttribute.cpp
    Error: Could not find attribute 'bogusRemapAttr' for USD export on node '|UserExportedAttributesTest|Geom|Cube' -- Runtime Error in GetUserTaggedAttributesForNode at line 190 of S:\jenkins\workspace\ecg-mayausd-branch-preflight-2020-windows\ecg-maya-usd\maya-usd\lib\mayaUsd\fileio\utils\userTaggedAttribute.cpp
    Error: Ignoring duplicate USD export tag for attribute 'userProperties:multiplyTaggedAttr' on node '|UserExportedAttributesTest|Geom|Cube' -- Runtime Error in GetUserTaggedAttributesForNode at line 243 of S:\jenkins\workspace\ecg-mayausd-branch-preflight-2020-windows\ecg-maya-usd\maya-usd\lib\mayaUsd\fileio\utils\userTaggedAttribute.cpp
    Error: Ignoring duplicate USD export tag for attribute 'userProperties:multiplyTaggedAttr' on node '|UserExportedAttributesTest|Geom|Cube' -- Runtime Error in GetUserTaggedAttributesForNode at line 243 of S:\jenkins\workspace\ecg-mayausd-branch-preflight-2020-windows\ecg-maya-usd\maya-usd\lib\mayaUsd\fileio\utils\userTaggedAttribute.cpp
    Error: Ignoring duplicate USD export tag for attribute 'userProperties:multiplyTaggedAttr' on node '|UserExportedAttributesTest|Geom|Cube' -- Runtime Error in GetUserTaggedAttributesForNode at line 243 of S:\jenkins\workspace\ecg-mayausd-branch-preflight-2020-windows\ecg-maya-usd\maya-usd\lib\mayaUsd\fileio\utils\userTaggedAttribute.cpp
    testAllMayaAttributeTypesExport (__main__.testUsdMayaUserExportedAttributes) ... Warning: Cycle detected:
    @c:/temp/tmpxujwxn/UserExportedAttributesTest_EXPORTED_MERGED.usda@,@anon:0000022576D01090:UserExportedAttributesTest_EXPORTED_MERGED-session.usda@</UserExportedAttributesTest/Looks/initialShadingGroup>
    CANNOT refer to:
    @c:/temp/tmpxujwxn/UserExportedAttributesTest_EXPORTED_MERGED.usda@,@anon:0000022576D01090:UserExportedAttributesTest_EXPORTED_MERGED-session.usda@</UserExportedAttributesTest/Looks/initialShadingGroup>
     (instantiating stage on stage @c:/temp/tmpxujwxn/UserExportedAttributesTest_EXPORTED_MERGED.usda@ <0000022576546F20>)
    ok
    testAllMayaAttributeTypesExportTranslateDoubleToSinglePrecision (__main__.testUsdMayaUserExportedAttributes) ... Warning: Cycle detected:
    @c:/temp/tmpxujwxn/UserExportedAttributesTest_EXPORTED_MERGED.usda@,@anon:0000022576D00550:UserExportedAttributesTest_EXPORTED_MERGED-session.usda@</UserExportedAttributesTest/Looks/initialShadingGroup>
    CANNOT refer to:
    @c:/temp/tmpxujwxn/UserExportedAttributesTest_EXPORTED_MERGED.usda@,@anon:0000022576D00550:UserExportedAttributesTest_EXPORTED_MERGED-session.usda@</UserExportedAttributesTest/Looks/initialShadingGroup>
     (instantiating stage on stage @c:/temp/tmpxujwxn/UserExportedAttributesTest_EXPORTED_MERGED.usda@ <0000022576547500>)
    ok
    testExportAttributeTypes (__main__.testUsdMayaUserExportedAttributes) ... Warning: Cycle detected:
    @c:/temp/tmpxujwxn/UserExportedAttributesTest_EXPORTED_MERGED.usda@,@anon:0000022576D01630:UserExportedAttributesTest_EXPORTED_MERGED-session.usda@</UserExportedAttributesTest/Looks/initialShadingGroup>
    CANNOT refer to:
    @c:/temp/tmpxujwxn/UserExportedAttributesTest_EXPORTED_MERGED.usda@,@anon:0000022576D01630:UserExportedAttributesTest_EXPORTED_MERGED-session.usda@</UserExportedAttributesTest/Looks/initialShadingGroup>
     (instantiating stage on stage @c:/temp/tmpxujwxn/UserExportedAttributesTest_EXPORTED_MERGED.usda@ <0000022576546940>)
    FAIL
    testExportAttributes (__main__.testUsdMayaUserExportedAttributes) ... Warning: Cycle detected:
    @c:/temp/tmpxujwxn/UserExportedAttributesTest_EXPORTED_MERGED.usda@,@anon:0000022576D01090:UserExportedAttributesTest_EXPORTED_MERGED-session.usda@</UserExportedAttributesTest/Looks/initialShadingGroup>
    CANNOT refer to:
    @c:/temp/tmpxujwxn/UserExportedAttributesTest_EXPORTED_MERGED.usda@,@anon:0000022576D01090:UserExportedAttributesTest_EXPORTED_MERGED-session.usda@</UserExportedAttributesTest/Looks/initialShadingGroup>
     (instantiating stage on stage @c:/temp/tmpxujwxn/UserExportedAttributesTest_EXPORTED_MERGED.usda@ <0000022576546070>)
    ok
    testExportAttributesUnmerged (__main__.testUsdMayaUserExportedAttributes) ... Warning: Cycle detected:
    @c:/temp/tmpxujwxn/UserExportedAttributesTest_EXPORTED_UNMERGED.usda@,@anon:0000022576D01810:UserExportedAttributesTest_EXPORTED_UNMERGED-session.usda@</UserExportedAttributesTest/Looks/initialShadingGroup>
    CANNOT refer to:
    @c:/temp/tmpxujwxn/UserExportedAttributesTest_EXPORTED_UNMERGED.usda@,@anon:0000022576D01810:UserExportedAttributesTest_EXPORTED_UNMERGED-session.usda@</UserExportedAttributesTest/Looks/initialShadingGroup>
     (instantiating stage on stage @c:/temp/tmpxujwxn/UserExportedAttributesTest_EXPORTED_UNMERGED.usda@ <0000022576546070>)
    ok
    
    ======================================================================
    FAIL: testExportAttributeTypes (__main__.testUsdMayaUserExportedAttributes)
    ----------------------------------------------------------------------
    Traceback (most recent call last):
      File "W:/install/RelWithDebInfo/MayaUSD/plugin/pxr/tests/testUsdMayaUserExportedAttributes", line 251, in testExportAttributeTypes
        self.assertEqual(primvarNames, expectedPrimvarNames)
    AssertionError: Items in the first set but not the second:
    'map1'
    Items in the second set but not the first:
    'st'
    
    ----------------------------------------------------------------------
    Ran 5 tests in 19.576s
    
    FAILED (failures=1)
    Error: return code 1 doesn't match expected 0 (EXPECTED_RETURN_CODE).chdir: c:\temp\tmpxujwxn
    copying testenv dir: W:/install/RelWithDebInfo/MayaUSD/plugin/pxr/tests/ctest/testUsdMayaUserExportedAttributes
    cmd: ['P:/shared/Artifactory/Windows/rundev-2020/202004291615/runtime/df03b16/runTime/bin/mayapy.exe', 'W:/install/RelWithDebInfo/MayaUSD/plugin/pxr/tests/testUsdMayaUserExportedAttributes']
    
     92/101 Test #105: AL_MayaUtilsTests ...............................   Passed   16.44 sec
     93/101 Test #104: testPxrUsdAlembicChaser .........................   Passed   17.71 sec
     94/101 Test #111: TestALUSDMayaPython_LayerManager ................   Passed   19.26 sec
     95/101 Test #110: TestALUSDMayaPython_Translators .................   Passed   21.78 sec
     96/101 Test #109: TestALUSDMayaPython_ProxyShape ..................   Passed   24.76 sec
     97/101 Test #115: TestPxrUsdTranslators ...........................   Passed   16.61 sec
     98/101 Test #114: TestAdditionalTranslators .......................   Passed   19.23 sec
     99/101 Test  #74: testUsdImportXforms .............................   Passed  106.53 sec
    100/101 Test #108: AL_USDMayaTestPlugin ............................   Passed   79.24 sec
    101/101 Test  #91: testUsdExportPointInstancer .....................   Passed  117.12 sec
    
    95% tests passed, 5 tests failed out of 101
    
    Label Time Summary:
    nodes                =  47.13 sec*proc (1 test)
    translators          = 971.52 sec*proc (59 tests)
    ufe                  = 256.80 sec*proc (5 tests)
    usdPreviewSurface    =  97.39 sec*proc (2 tests)
    
    Total Test time (real) = 212.39 sec
    
    The following tests FAILED:
    	 81 - testUsdExportUVSets (Failed)
    	 82 - testUsdExportUVSetsFloat (Failed)
    	 83 - testUsdImportUVSets (Failed)
    	 84 - testUsdImportUVSetsFloat (Failed)
    	101 - testUsdMayaUserExportedAttributes (Failed)
    Errors while running CTest
    
        Building with settings:
          Source directory          S:\jenkins\workspace\ecg-mayausd-branch-preflight-2020-windows\ecg-maya-usd\maya-usd
          Workspace directory       W:\
          Build directory           W:\build\RelWithDebInfo
          Install directory         W:\install\RelWithDebInfo\MayaUSD
          Variant                   RelWithDebInfo
          Python Debug              Off
          CMake generator           Ninja
          Build arguments           ['-DCMAKE_MAKE_PROGRAM=P:/shared/Artifactory/Windows/ninja/1.9.0/c68f192/ninja.exe', '-DPYTHON_INCLUDE_DIR=P:/shared/Artifactory/Windows/rundev-2020/202004291615/runtime/df03b16/runTime/include/Python', '-DPython_EXECUTABLE=P:/shared/Artifactory/Windows/rundev-2020/202004291615/runtime/df03b16/runTime/bin/mayapy.exe', '-DPYTHON_LIBRARIES=P:/shared/Artifactory/Windows/rundev-2020/202004291615/runtime/df03b16/runTime/lib/python27.lib', '-DMAYAUSD_TO_USD_RELATIVE_PATH=../USD']
          Stages arguments          ['test']
          CTest arguments           ['-E testUsdReferenceAssemblySelection|testUsdMayaAppDir|testUsdExportAsClip', '-LE interactive', '--parallel 16']
    #####################################################################################
    log date: 2020-10-30 08:47
    commit sha: d3fc6dc4d578b216bc1c49eb7648f0ee57170bec
    commit date: Fri Oct 30 08:24:05 2020 -0700
    #####################################################################################
    
    cmake --build . --config RelWithDebInfo --target install -- -j16
    #####################################################################################
    log date: 2020-10-30 09:03
    commit sha: d3fc6dc4d578b216bc1c49eb7648f0ee57170bec
    commit date: Fri Oct 30 08:24:05 2020 -0700
    #####################################################################################
    
    ctest --output-on-failure --timeout 300 -C RelWithDebInfo -E testUsdReferenceAssemblySelection|testUsdMayaAppDir|testUsdExportAsClip -LE interactive --parallel 16
    
    Traceback (most recent call last):
      File "S:\jenkins\workspace\ecg-mayausd-branch-preflight-2020-windows\ecg-maya-usd\maya-usd\build.py", line 607, in <module>
        RunTests(context, context.ctestArgs)
      File "S:\jenkins\workspace\ecg-mayausd-branch-preflight-2020-windows\ecg-maya-usd\maya-usd\build.py", line 390, in RunTests
        RunCTest(context,extraArgs)
      File "S:\jenkins\workspace\ecg-mayausd-branch-preflight-2020-windows\ecg-maya-usd\maya-usd\build.py", line 301, in RunCTest
        extraArgs=(" ".join(extraArgs) if extraArgs else "")))
      File "S:\jenkins\workspace\ecg-mayausd-branch-preflight-2020-windows\ecg-maya-usd\maya-usd\build.py", line 165, in Run
        .format(cmd=cmd, log=os.path.abspath(context.logFileLocation)))
    RuntimeError: Failed to run 'ctest --output-on-failure --timeout 300 -C RelWithDebInfo -E testUsdReferenceAssemblySelection|testUsdMayaAppDir|testUsdExportAsClip -LE interactive --parallel 16 '
    See W:\build\RelWithDebInfo\build_log.txt for more details.
build.py: error: Command failed with error code: 1
Deleting subst P:
[Pipeline] }
[Pipeline] // withEnv
[Pipeline] }
[Pipeline] // stage
[Pipeline] }
[Pipeline] // timestamps
[Pipeline] }
[Pipeline] // timeout
[Pipeline] emailextrecipients
[Pipeline] echo
No recipients to send notification.
[Pipeline] }
[Pipeline] // node
[Pipeline] End of Pipeline
ERROR: script returned exit code 1
Finished: FAILURE
