[2022-11-09T21:43:05.814Z] ================================================================================
[2022-11-09T21:43:05.814Z]                              setup (RelWithDebInfo)
[2022-11-09T21:43:05.814Z] ================================================================================
[Pipeline] bat
[2022-11-09T21:43:06.372Z] Deleting alias drive W:
[Pipeline] bat
[2022-11-09T21:43:06.921Z] Deleting alias drive P:
[Pipeline] }
[Pipeline] // withEnv
[Pipeline] }
[Pipeline] // timeout
[Pipeline] }
[Pipeline] // stage
[Pipeline] }
[Pipeline] // timestamps
[Pipeline] timestamps
[Pipeline] {
[Pipeline] stage
[Pipeline] { (Clean)
[Pipeline] timeout
[2022-11-09T21:43:07.153Z] Timeout set to expire in 6 hr 0 min
[Pipeline] {
[Pipeline] withEnv
[Pipeline] {
[Pipeline] bat
[2022-11-09T21:43:07.728Z] Creating alias drive P: to S:\jenkins\workspace
[Pipeline] bat
[2022-11-09T21:43:08.285Z] Creating alias drive W: to S:\jenkins\workspace\ECP\ecg-maya-usd\ecg-mayausd-branch-preflight-2019-no-ufe-windows
[Pipeline] bat
[2022-11-09T21:43:09.014Z] "C:\Program Files (x86)\Microsoft Visual Studio\2017\Professional\VC\Auxiliary\Build\vcvarsall.bat" x64
[2022-11-09T21:43:09.014Z] **********************************************************************
[2022-11-09T21:43:09.014Z] ** Visual Studio 2017 Developer Command Prompt v15.9.15
[2022-11-09T21:43:09.014Z] ** Copyright (c) 2017 Microsoft Corporation
[2022-11-09T21:43:09.014Z] **********************************************************************
[2022-11-09T21:43:09.724Z] [vcvarsall.bat] Environment initialized for: 'x64'
[2022-11-09T21:43:09.724Z] python ecg-maya-usd/build.py --stages=clean --workspace-dir=W:\ --artifactory-dir=P:\shared\Artifactory --build-dir=W:\build --install-dir=W:\install --signing-dir=W:\signing --package-dir=W:\package --output-dir=W:\output --stash-dir=W:\stash --jenkins-build=436 --git-commit=39bafd58a78717a94e1e9b0026cc53cc1939be7a --git-branch=master --variants=RelWithDebInfo --python=2.7 --ufe=false --pxrusd-version=0.21.05-gold --post-zips=false --maya-cut-config=maya-rundev-2019.yaml --maya-package=rundev-2019 --stage-banner
[2022-11-09T21:43:10.866Z] Using Maya cut from P:\shared\Artifactory\Windows\rundev-2019\202003131251\runtime\155eb96
[2022-11-09T21:43:10.866Z] 
[2022-11-09T21:43:10.866Z] ================================================================================
[2022-11-09T21:43:10.866Z]                              clean (RelWithDebInfo)
[2022-11-09T21:43:10.866Z] ================================================================================
[2022-11-09T21:43:10.866Z] Maya Python RelWithDebInfo Info:
[2022-11-09T21:43:10.866Z]   mayapy executable   = P:\shared\Artifactory\Windows\rundev-2019\202003131251\runtime\155eb96\runTime\bin\mayapy.exe
[2022-11-09T21:43:10.866Z]   Include Folder      = P:\shared\Artifactory\Windows\rundev-2019\202003131251\runtime\155eb96\runTime\include\Python2.7
[2022-11-09T21:43:10.866Z]   Library             = P:\shared\Artifactory\Windows\rundev-2019\202003131251\runtime\155eb96\runTime\lib\python27.lib
[2022-11-09T21:43:10.866Z]   site-package Folder = P:\shared\Artifactory\Windows\rundev-2019\202003131251\runtime\155eb96\runTime\Python\Lib\site-packages
[2022-11-09T21:43:11.575Z] In workdir: S:\jenkins\workspace\ECP\ecg-maya-usd\ecg-mayausd-branch-preflight-2019-no-ufe-windows\ecg-maya-usd\maya-usd
[2022-11-09T21:43:11.575Z] Executing: 'P:\\shared\\Artifactory\\Windows\\rundev-2019\\202003131251\\runtime\\155eb96\\runTime\\bin\\mayapy.exe' 'S:\\jenkins\\workspace\\ECP\\ecg-maya-usd\\ecg-mayausd-branch-preflight-2019-no-ufe-windows\\ecg-maya-usd\\maya-usd\\build.py' --generator Ninja --build-relwithdebug --maya-location 'P:\\shared\\Artifactory\\Windows\\rundev-2019\\202003131251\\runtime\\155eb96\\runTime' --devkit-location 'P:\\shared\\Artifactory\\Windows\\rundev-2019\\202003131251\\runtime\\155eb96\\devkitBase' --pxrusd-location 'P:\\shared\\Artifactory\\Windows\\USD\\cfb3d8a' --qt-location 'P:\\shared\\Artifactory\\Windows\\qt\\5.6.1\\1acd0ba' '--build-args=-DCMAKE_MAKE_PROGRAM=P:/shared/Artifactory/Windows/ninja/1.9.0/c68f192/ninja.exe,-DPYTHON_INCLUDE_DIR=P:/shared/Artifactory/Windows/rundev-2019/202003131251/runtime/155eb96/runTime/include/Python2.7,-DPython_EXECUTABLE=P:/shared/Artifactory/Windows/rundev-2019/202003131251/runtime/155eb96/runTime/bin/mayapy.exe,-DPYTHON_LIBRARIES=P:/shared/Artifactory/Windows/rundev-2019/202003131251/runtime/155eb96/runTime/lib/python27.lib,-DCMAKE_WANT_UFE_BUILD=OFF,-DCMAKE_WANT_MATERIALX_BUILD=ON,-DCMAKE_PREFIX_PATH=P:\\shared\\Artifactory\\Windows\\USD\\cfb3d8a' '--ctest-args=-E testUsdReferenceAssemblySelection|testUsdMayaAppDir,-LE interactive,--parallel 16' --stages=clean --redirect-outstream-file=False --install-location 'W:\\install\\RelWithDebInfo\\MayaUSD' 'W:\\'
[2022-11-09T21:43:11.575Z] Modified environment variables:
[2022-11-09T21:43:11.576Z]     PATH=P:\shared\Artifactory\Windows\cmake\3.20.3\afe857a\bin;C:\Python27\lib\site-packages\pywin32_system32;C:\Program Files (x86)\Microsoft Visual Studio\2017\Professional\VC\Tools\MSVC\14.16.27023\bin\HostX64\x64;C:\Program Files (x86)\Microsoft Visual Studio\2017\Professional\Common7\IDE\VC\VCPackages;C:\Program Files (x86)\Microsoft Visual Studio\2017\Professional\Common7\IDE\CommonExtensions\Microsoft\TestWindow;C:\Program Files (x86)\Microsoft Visual Studio\2017\Professional\Common7\IDE\CommonExtensions\Microsoft\TeamFoundation\Team Explorer;C:\Program Files (x86)\Microsoft Visual Studio\2017\Professional\MSBuild\15.0\bin\Roslyn;C:\Program Files (x86)\Microsoft Visual Studio\2017\Professional\Team Tools\Performance Tools\x64;C:\Program Files (x86)\Microsoft Visual Studio\2017\Professional\Team Tools\Performance Tools;C:\Program Files (x86)\Microsoft Visual Studio\Shared\Common\VSPerfCollectionTools\\x64;C:\Program Files (x86)\Microsoft Visual Studio\Shared\Common\VSPerfCollectionTools\;C:\Program Files (x86)\Microsoft SDKs\Windows\v10.0A\bin\NETFX 4.6.1 Tools\x64\;C:\Program Files (x86)\HTML Help Workshop;C:\Program Files (x86)\Windows Kits\10\bin\10.0.18362.0\x64;C:\Program Files (x86)\Windows Kits\10\bin\x64;C:\Program Files (x86)\Microsoft Visual Studio\2017\Professional\\MSBuild\15.0\bin;C:\WINDOWS\Microsoft.NET\Framework64\v4.0.30319;C:\Program Files (x86)\Microsoft Visual Studio\2017\Professional\Common7\IDE\;C:\Program Files (x86)\Microsoft Visual Studio\2017\Professional\Common7\Tools\;C:\Python27\;C:\Python27\Scripts;C:\WINDOWS\system32;C:\WINDOWS;C:\WINDOWS\System32\Wbem;C:\WINDOWS\System32\WindowsPowerShell\v1.0\;C:\WINDOWS\System32\OpenSSH\;C:\ProgramData\chocolatey\bin;C:\Program Files (x86)\WiX Toolset v3.7\bin;C:\Program Files\dotnet\;C:\Program Files (x86)\Windows Kits\10\bin\10.0.18362.0\x64;C:\Program Files\Zulu\zulu-11\bin\;C:\Program Files (x86)\Windows Kits\10\bin\10.0.17763.0\x64;C:\Program Files (x86)\Windows Kits\10\bin\x64;C:\Program Files\Git\cmd;C:\Program Files\Git\usr\bin;C:\Program Files\Git\mingw64\bin;C:\Program Files\Git\bin;C:\Python38\;C:\Python38\Scripts;C:\StoreBoxClientWindows;C:\Program Files\Electric Cloud\ElectricCommander\bin;C:\Program Files\WinRAR;C:\Program Files\7-Zip;C:\Users\Administrator\AppData\Local\Microsoft\WindowsApps;C:\Program Files (x86)\Microsoft Visual Studio\2017\Professional\Common7\IDE\CommonExtensions\Microsoft\CMake\CMake\bin;C:\Program Files (x86)\Microsoft Visual Studio\2017\Professional\Common7\IDE\CommonExtensions\Microsoft\CMake\Ninja
[2022-11-09T21:43:11.576Z]     
[2022-11-09T21:43:11.576Z]         Building with settings:
[2022-11-09T21:43:11.576Z]           Source directory          S:\jenkins\workspace\ECP\ecg-maya-usd\ecg-mayausd-branch-preflight-2019-no-ufe-windows\ecg-maya-usd\maya-usd
[2022-11-09T21:43:11.576Z]           Workspace directory       W:\
[2022-11-09T21:43:11.576Z]           Build directory           W:\build\RelWithDebInfo
[2022-11-09T21:43:11.576Z]           Install directory         W:\install\RelWithDebInfo\MayaUSD
[2022-11-09T21:43:11.576Z]           Variant                   RelWithDebInfo
[2022-11-09T21:43:11.576Z]           Python Debug              Off
[2022-11-09T21:43:11.576Z]           CMake generator           Ninja
[2022-11-09T21:43:11.576Z]           Build arguments           ['-DCMAKE_MAKE_PROGRAM=P:/shared/Artifactory/Windows/ninja/1.9.0/c68f192/ninja.exe', '-DPYTHON_INCLUDE_DIR=P:/shared/Artifactory/Windows/rundev-2019/202003131251/runtime/155eb96/runTime/include/Python2.7', '-DPython_EXECUTABLE=P:/shared/Artifactory/Windows/rundev-2019/202003131251/runtime/155eb96/runTime/bin/mayapy.exe', '-DPYTHON_LIBRARIES=P:/shared/Artifactory/Windows/rundev-2019/202003131251/runtime/155eb96/runTime/lib/python27.lib', '-DCMAKE_WANT_UFE_BUILD=OFF', '-DCMAKE_WANT_MATERIALX_BUILD=ON', '-DCMAKE_PREFIX_PATH=P:\\shared\\Artifactory\\Windows\\USD\\cfb3d8a']
[2022-11-09T21:43:11.576Z]           Stages arguments          ['clean']
[2022-11-09T21:43:11.576Z]           CTest arguments           ['-E testUsdReferenceAssemblySelection|testUsdMayaAppDir', '-LE interactive', '--parallel 16']
[2022-11-09T21:43:11.576Z]     Success MayaUSD build and install !!!!
[2022-11-09T21:43:11.576Z]     Elapsed time: 00:00:00
[Pipeline] bat
[2022-11-09T21:43:12.125Z] Deleting alias drive W:
[Pipeline] bat
[2022-11-09T21:43:12.959Z] Deleting alias drive P:
[Pipeline] }
[Pipeline] // withEnv
[Pipeline] }
[Pipeline] // timeout
[Pipeline] }
[Pipeline] // stage
[Pipeline] }
[Pipeline] // timestamps
[Pipeline] timestamps
[Pipeline] {
[Pipeline] stage
[Pipeline] { (Configure)
[Pipeline] timeout
[2022-11-09T21:43:13.162Z] Timeout set to expire in 6 hr 0 min
[Pipeline] {
[Pipeline] withEnv
[Pipeline] {
[Pipeline] bat
[2022-11-09T21:43:13.708Z] Creating alias drive P: to S:\jenkins\workspace
[Pipeline] bat
[2022-11-09T21:43:14.267Z] Creating alias drive W: to S:\jenkins\workspace\ECP\ecg-maya-usd\ecg-mayausd-branch-preflight-2019-no-ufe-windows
[Pipeline] bat
[2022-11-09T21:43:14.992Z] "C:\Program Files (x86)\Microsoft Visual Studio\2017\Professional\VC\Auxiliary\Build\vcvarsall.bat" x64
[2022-11-09T21:43:14.992Z] **********************************************************************
[2022-11-09T21:43:14.992Z] ** Visual Studio 2017 Developer Command Prompt v15.9.15
[2022-11-09T21:43:14.992Z] ** Copyright (c) 2017 Microsoft Corporation
[2022-11-09T21:43:14.992Z] **********************************************************************
[2022-11-09T21:43:15.699Z] [vcvarsall.bat] Environment initialized for: 'x64'
[2022-11-09T21:43:15.699Z] python ecg-maya-usd/build.py --stages=configure --workspace-dir=W:\ --artifactory-dir=P:\shared\Artifactory --build-dir=W:\build --install-dir=W:\install --signing-dir=W:\signing --package-dir=W:\package --output-dir=W:\output --stash-dir=W:\stash --jenkins-build=436 --git-commit=39bafd58a78717a94e1e9b0026cc53cc1939be7a --git-branch=master --variants=RelWithDebInfo --python=2.7 --ufe=false --pxrusd-version=0.21.05-gold --post-zips=false --maya-cut-config=maya-rundev-2019.yaml --maya-package=rundev-2019 --stage-banner
[2022-11-09T21:43:17.072Z] Using Maya cut from P:\shared\Artifactory\Windows\rundev-2019\202003131251\runtime\155eb96
[2022-11-09T21:43:17.072Z] 
[2022-11-09T21:43:17.072Z] ================================================================================
[2022-11-09T21:43:17.072Z]                            configure (RelWithDebInfo)
[2022-11-09T21:43:17.072Z] ================================================================================
[2022-11-09T21:43:17.072Z] Maya Python RelWithDebInfo Info:
[2022-11-09T21:43:17.072Z]   mayapy executable   = P:\shared\Artifactory\Windows\rundev-2019\202003131251\runtime\155eb96\runTime\bin\mayapy.exe
[2022-11-09T21:43:17.072Z]   Include Folder      = P:\shared\Artifactory\Windows\rundev-2019\202003131251\runtime\155eb96\runTime\include\Python2.7
[2022-11-09T21:43:17.072Z]   Library             = P:\shared\Artifactory\Windows\rundev-2019\202003131251\runtime\155eb96\runTime\lib\python27.lib
[2022-11-09T21:43:17.072Z]   site-package Folder = P:\shared\Artifactory\Windows\rundev-2019\202003131251\runtime\155eb96\runTime\Python\Lib\site-packages
[2022-11-09T21:43:17.404Z] In workdir: S:\jenkins\workspace\ECP\ecg-maya-usd\ecg-mayausd-branch-preflight-2019-no-ufe-windows\ecg-maya-usd\maya-usd
[2022-11-09T21:43:17.404Z] Executing: 'P:\\shared\\Artifactory\\Windows\\rundev-2019\\202003131251\\runtime\\155eb96\\runTime\\bin\\mayapy.exe' 'S:\\jenkins\\workspace\\ECP\\ecg-maya-usd\\ecg-mayausd-branch-preflight-2019-no-ufe-windows\\ecg-maya-usd\\maya-usd\\build.py' --generator Ninja --build-relwithdebug --maya-location 'P:\\shared\\Artifactory\\Windows\\rundev-2019\\202003131251\\runtime\\155eb96\\runTime' --devkit-location 'P:\\shared\\Artifactory\\Windows\\rundev-2019\\202003131251\\runtime\\155eb96\\devkitBase' --pxrusd-location 'P:\\shared\\Artifactory\\Windows\\USD\\cfb3d8a' --qt-location 'P:\\shared\\Artifactory\\Windows\\qt\\5.6.1\\1acd0ba' '--build-args=-DCMAKE_MAKE_PROGRAM=P:/shared/Artifactory/Windows/ninja/1.9.0/c68f192/ninja.exe,-DPYTHON_INCLUDE_DIR=P:/shared/Artifactory/Windows/rundev-2019/202003131251/runtime/155eb96/runTime/include/Python2.7,-DPython_EXECUTABLE=P:/shared/Artifactory/Windows/rundev-2019/202003131251/runtime/155eb96/runTime/bin/mayapy.exe,-DPYTHON_LIBRARIES=P:/shared/Artifactory/Windows/rundev-2019/202003131251/runtime/155eb96/runTime/lib/python27.lib,-DCMAKE_WANT_UFE_BUILD=OFF,-DCMAKE_WANT_MATERIALX_BUILD=ON,-DCMAKE_PREFIX_PATH=P:\\shared\\Artifactory\\Windows\\USD\\cfb3d8a' '--ctest-args=-E testUsdReferenceAssemblySelection|testUsdMayaAppDir,-LE interactive,--parallel 16' --stages=configure --redirect-outstream-file=False --install-location 'W:\\install\\RelWithDebInfo\\MayaUSD' 'W:\\'
[2022-11-09T21:43:17.404Z] Modified environment variables:
[2022-11-09T21:43:17.404Z]     PATH=P:\shared\Artifactory\Windows\cmake\3.20.3\afe857a\bin;C:\Python27\lib\site-packages\pywin32_system32;C:\Program Files (x86)\Microsoft Visual Studio\2017\Professional\VC\Tools\MSVC\14.16.27023\bin\HostX64\x64;C:\Program Files (x86)\Microsoft Visual Studio\2017\Professional\Common7\IDE\VC\VCPackages;C:\Program Files (x86)\Microsoft Visual Studio\2017\Professional\Common7\IDE\CommonExtensions\Microsoft\TestWindow;C:\Program Files (x86)\Microsoft Visual Studio\2017\Professional\Common7\IDE\CommonExtensions\Microsoft\TeamFoundation\Team Explorer;C:\Program Files (x86)\Microsoft Visual Studio\2017\Professional\MSBuild\15.0\bin\Roslyn;C:\Program Files (x86)\Microsoft Visual Studio\2017\Professional\Team Tools\Performance Tools\x64;C:\Program Files (x86)\Microsoft Visual Studio\2017\Professional\Team Tools\Performance Tools;C:\Program Files (x86)\Microsoft Visual Studio\Shared\Common\VSPerfCollectionTools\\x64;C:\Program Files (x86)\Microsoft Visual Studio\Shared\Common\VSPerfCollectionTools\;C:\Program Files (x86)\Microsoft SDKs\Windows\v10.0A\bin\NETFX 4.6.1 Tools\x64\;C:\Program Files (x86)\HTML Help Workshop;C:\Program Files (x86)\Windows Kits\10\bin\10.0.18362.0\x64;C:\Program Files (x86)\Windows Kits\10\bin\x64;C:\Program Files (x86)\Microsoft Visual Studio\2017\Professional\\MSBuild\15.0\bin;C:\WINDOWS\Microsoft.NET\Framework64\v4.0.30319;C:\Program Files (x86)\Microsoft Visual Studio\2017\Professional\Common7\IDE\;C:\Program Files (x86)\Microsoft Visual Studio\2017\Professional\Common7\Tools\;C:\Python27\;C:\Python27\Scripts;C:\WINDOWS\system32;C:\WINDOWS;C:\WINDOWS\System32\Wbem;C:\WINDOWS\System32\WindowsPowerShell\v1.0\;C:\WINDOWS\System32\OpenSSH\;C:\ProgramData\chocolatey\bin;C:\Program Files (x86)\WiX Toolset v3.7\bin;C:\Program Files\dotnet\;C:\Program Files (x86)\Windows Kits\10\bin\10.0.18362.0\x64;C:\Program Files\Zulu\zulu-11\bin\;C:\Program Files (x86)\Windows Kits\10\bin\10.0.17763.0\x64;C:\Program Files (x86)\Windows Kits\10\bin\x64;C:\Program Files\Git\cmd;C:\Program Files\Git\usr\bin;C:\Program Files\Git\mingw64\bin;C:\Program Files\Git\bin;C:\Python38\;C:\Python38\Scripts;C:\StoreBoxClientWindows;C:\Program Files\Electric Cloud\ElectricCommander\bin;C:\Program Files\WinRAR;C:\Program Files\7-Zip;C:\Users\Administrator\AppData\Local\Microsoft\WindowsApps;C:\Program Files (x86)\Microsoft Visual Studio\2017\Professional\Common7\IDE\CommonExtensions\Microsoft\CMake\CMake\bin;C:\Program Files (x86)\Microsoft Visual Studio\2017\Professional\Common7\IDE\CommonExtensions\Microsoft\CMake\Ninja
[2022-11-09T21:43:18.111Z]     -- The C compiler identification is MSVC 19.16.27032.1
[2022-11-09T21:43:18.446Z]     -- The CXX compiler identification is MSVC 19.16.27032.1
[2022-11-09T21:43:18.446Z]     -- Detecting C compiler ABI info
[2022-11-09T21:43:19.155Z]     -- Detecting C compiler ABI info - done
[2022-11-09T21:43:19.155Z]     -- Check for working C compiler: C:/Program Files (x86)/Microsoft Visual Studio/2017/Professional/VC/Tools/MSVC/14.16.27023/bin/Hostx64/x64/cl.exe - skipped
[2022-11-09T21:43:19.155Z]     -- Detecting C compile features
[2022-11-09T21:43:19.155Z]     -- Detecting C compile features - done
[2022-11-09T21:43:19.155Z]     -- Detecting CXX compiler ABI info
[2022-11-09T21:43:19.867Z]     -- Detecting CXX compiler ABI info - done
[2022-11-09T21:43:19.867Z]     -- Check for working CXX compiler: C:/Program Files (x86)/Microsoft Visual Studio/2017/Professional/VC/Tools/MSVC/14.16.27023/bin/Hostx64/x64/cl.exe - skipped
[2022-11-09T21:43:19.867Z]     -- Detecting CXX compile features
[2022-11-09T21:43:19.867Z]     -- Detecting CXX compile features - done
[2022-11-09T21:43:19.867Z]     -- Using Maya Light API Version 1
[2022-11-09T21:43:19.867Z]     -- Found Maya: P:/shared/Artifactory/Windows/rundev-2019/202003131251/runtime/155eb96/runTime/bin/maya.exe (found suitable version "2019", minimum required is "2018")
[2022-11-09T21:43:20.199Z]     -- Found Python: P:/shared/Artifactory/Windows/rundev-2019/202003131251/runtime/155eb96/runTime/bin/mayapy.exe (found suitable exact version "2.7.11") found components: Interpreter
[2022-11-09T21:43:20.199Z]     -- Build MayaUSD with Python3 = OFF
[2022-11-09T21:43:20.199Z]     --    PYTHON_INCLUDE_DIRS = P:/shared/Artifactory/Windows/rundev-2019/202003131251/runtime/155eb96/runTime/include/Python2.7
[2022-11-09T21:43:20.199Z]     --    PYTHON_LIBRARIES    = P:/shared/Artifactory/Windows/rundev-2019/202003131251/runtime/155eb96/runTime/lib/python27.lib
[2022-11-09T21:43:20.199Z]     --    Python_EXECUTABLE   = P:/shared/Artifactory/Windows/rundev-2019/202003131251/runtime/155eb96/runTime/bin/mayapy.exe
[2022-11-09T21:43:20.532Z]     -- USD include dir: P:/shared/Artifactory/Windows/USD/cfb3d8a/include
[2022-11-09T21:43:20.532Z]     -- USD library dir: P:/shared/Artifactory/Windows/USD/cfb3d8a/lib
[2022-11-09T21:43:20.532Z]     -- USD version: 0.21.05
[2022-11-09T21:43:20.532Z]     -- USD Boost::boost version: 107000
[2022-11-09T21:43:20.532Z]     -- Found USD: P:/shared/Artifactory/Windows/USD/cfb3d8a (found suitable version "0.21.05", minimum required is "0.20.05")
[2022-11-09T21:43:20.532Z]     CMake Warning at CMakeLists.txt:125 (message):
[2022-11-09T21:43:20.532Z]       Disabling MaterialX VP2 rendering: it is not supported by this USD package.
[2022-11-09T21:43:20.532Z]     
[2022-11-09T21:43:20.532Z]     
[2022-11-09T21:43:20.532Z]     Updated PYTHONPATH: P:\shared\Artifactory\Windows\USD\cfb3d8a\lib\python
[2022-11-09T21:43:20.532Z]     Updated PATH: P:\shared\Artifactory\Windows\rundev-2019\202003131251\runtime\155eb96\runTime\bin;P:\shared\Artifactory\Windows\cmake\3.20.3\afe857a\bin;C:\Python27\lib\site-packages\pywin32_system32;C:\Program Files (x86)\Microsoft Visual Studio\2017\Professional\VC\Tools\MSVC\14.16.27023\bin\HostX64\x64;C:\Program Files (x86)\Microsoft Visual Studio\2017\Professional\Common7\IDE\VC\VCPackages;C:\Program Files (x86)\Microsoft Visual Studio\2017\Professional\Common7\IDE\CommonExtensions\Microsoft\TestWindow;C:\Program Files (x86)\Microsoft Visual Studio\2017\Professional\Common7\IDE\CommonExtensions\Microsoft\TeamFoundation\Team Explorer;C:\Program Files (x86)\Microsoft Visual Studio\2017\Professional\MSBuild\15.0\bin\Roslyn;C:\Program Files (x86)\Microsoft Visual Studio\2017\Professional\Team Tools\Performance Tools\x64;C:\Program Files (x86)\Microsoft Visual Studio\2017\Professional\Team Tools\Performance Tools;C:\Program Files (x86)\Microsoft Visual Studio\Shared\Common\VSPerfCollectionTools\\x64;C:\Program Files (x86)\Microsoft Visual Studio\Shared\Common\VSPerfCollectionTools\;C:\Program Files (x86)\Microsoft SDKs\Windows\v10.0A\bin\NETFX 4.6.1 Tools\x64\;C:\Program Files (x86)\HTML Help Workshop;C:\Program Files (x86)\Windows Kits\10\bin\10.0.18362.0\x64;C:\Program Files (x86)\Windows Kits\10\bin\x64;C:\Program Files (x86)\Microsoft Visual Studio\2017\Professional\\MSBuild\15.0\bin;C:\WINDOWS\Microsoft.NET\Framework64\v4.0.30319;C:\Program Files (x86)\Microsoft Visual Studio\2017\Professional\Common7\IDE\;C:\Program Files (x86)\Microsoft Visual Studio\2017\Professional\Common7\Tools\;C:\Python27\;C:\Python27\Scripts;C:\WINDOWS\system32;C:\WINDOWS;C:\WINDOWS\System32\Wbem;C:\WINDOWS\System32\WindowsPowerShell\v1.0\;C:\WINDOWS\System32\OpenSSH\;C:\ProgramData\chocolatey\bin;C:\Program Files (x86)\WiX Toolset v3.7\bin;C:\Program Files\dotnet\;C:\Program Files (x86)\Windows Kits\10\bin\10.0.18362.0\x64;C:\Program Files\Zulu\zulu-11\bin\;C:\Program Files (x86)\Windows Kits\10\bin\10.0.17763.0\x64;C:\Program Files (x86)\Windows Kits\10\bin\x64;C:\Program Files\Git\cmd;C:\Program Files\Git\usr\bin;C:\Program Files\Git\mingw64\bin;C:\Program Files\Git\bin;C:\Python38\;C:\Python38\Scripts;C:\StoreBoxClientWindows;C:\Program Files\Electric Cloud\ElectricCommander\bin;C:\Program Files\WinRAR;C:\Program Files\7-Zip;C:\Users\Administrator\AppData\Local\Microsoft\WindowsApps;C:\Program Files (x86)\Microsoft Visual Studio\2017\Professional\Common7\IDE\CommonExtensions\Microsoft\CMake\CMake\bin;C:\Program Files (x86)\Microsoft Visual Studio\2017\Professional\Common7\IDE\CommonExtensions\Microsoft\CMake\Ninja;P:\shared\Artifactory\Windows\USD\cfb3d8a\bin;P:\shared\Artifactory\Windows\USD\cfb3d8a\lib
[2022-11-09T21:43:20.532Z]     -- Building with Qt features enabled.
[2022-11-09T21:43:20.532Z]     -- **** Building Gulrak From Github Repository.
[2022-11-09T21:43:20.532Z]     -- Populating gulrak
[2022-11-09T21:43:20.871Z]     -- Configuring done
[2022-11-09T21:43:20.871Z]     -- Generating done
[2022-11-09T21:43:20.871Z]     -- Build files have been written to: W:/build/RelWithDebInfo/_deps/gulrak-subbuild
[2022-11-09T21:43:21.293Z]     [1/9] Creating directories for 'gulrak-populate'
[2022-11-09T21:43:21.293Z]     [1/9] Performing download step (git clone) for 'gulrak-populate'
[2022-11-09T21:43:21.293Z]     Cloning into 'gulrak-src'...
[2022-11-09T21:43:22.007Z]     HEAD is now at 4e21ab3 Version bump and updated readme.
[2022-11-09T21:43:22.717Z]     [2/9] Performing update step for 'gulrak-populate'
[2022-11-09T21:43:23.051Z]     [4/9] No patch step for 'gulrak-populate'
[2022-11-09T21:43:23.051Z]     [5/9] No configure step for 'gulrak-populate'
[2022-11-09T21:43:23.051Z]     [6/9] No build step for 'gulrak-populate'
[2022-11-09T21:43:23.051Z]     [7/9] No install step for 'gulrak-populate'
[2022-11-09T21:43:23.394Z]     [8/9] No test step for 'gulrak-populate'
[2022-11-09T21:43:23.394Z]     [9/9] Completed 'gulrak-populate'
[2022-11-09T21:43:24.110Z]     -- ========== Installing GoogleTest... ==========
[2022-11-09T21:43:24.110Z]     -- Configuring done
[2022-11-09T21:43:24.110Z]     -- Generating done
[2022-11-09T21:43:24.110Z]     -- Build files have been written to: W:/build/RelWithDebInfo/googletest-config
[2022-11-09T21:43:24.448Z]     [1/8] Creating directories for 'googletest'
[2022-11-09T21:43:27.557Z]     [2/8] Performing download step (git clone) for 'googletest'
[2022-11-09T21:43:27.557Z]     Cloning into 'googletest-src'...
[2022-11-09T21:43:27.557Z]     HEAD is now at 703bd9ca Googletest export
[2022-11-09T21:43:27.557Z]     [3/8] Performing update step for 'googletest'
[2022-11-09T21:43:27.557Z]     [4/8] No patch step for 'googletest'
[2022-11-09T21:43:29.206Z]     [5/8] Performing configure step for 'googletest'
[2022-11-09T21:43:29.206Z]     Not searching for unused variables given on the command line.
[2022-11-09T21:43:29.206Z]     CMake Deprecation Warning at CMakeLists.txt:4 (cmake_minimum_required):
[2022-11-09T21:43:29.206Z]       Compatibility with CMake < 2.8.12 will be removed from a future version of
[2022-11-09T21:43:29.206Z]       CMake.
[2022-11-09T21:43:29.206Z]     
[2022-11-09T21:43:29.206Z]       Update the VERSION argument <min> value or use a ...<max> suffix to tell
[2022-11-09T21:43:29.206Z]       CMake that the project does not need compatibility with older versions.
[2022-11-09T21:43:29.206Z]     
[2022-11-09T21:43:29.206Z]     
[2022-11-09T21:43:29.206Z]     -- The C compiler identification is MSVC 19.16.27032.1
[2022-11-09T21:43:29.206Z]     -- The CXX compiler identification is MSVC 19.16.27032.1
[2022-11-09T21:43:29.206Z]     -- Detecting C compiler ABI info
[2022-11-09T21:43:29.206Z]     -- Detecting C compiler ABI info - done
[2022-11-09T21:43:29.206Z]     -- Check for working C compiler: C:/Program Files (x86)/Microsoft Visual Studio/2017/Professional/VC/Tools/MSVC/14.16.27023/bin/Hostx64/x64/cl.exe - skipped
[2022-11-09T21:43:29.206Z]     -- Detecting C compile features
[2022-11-09T21:43:29.206Z]     -- Detecting C compile features - done
[2022-11-09T21:43:29.206Z]     -- Detecting CXX compiler ABI info
[2022-11-09T21:43:29.206Z]     -- Detecting CXX compiler ABI info - done
[2022-11-09T21:43:29.206Z]     -- Check for working CXX compiler: C:/Program Files (x86)/Microsoft Visual Studio/2017/Professional/VC/Tools/MSVC/14.16.27023/bin/Hostx64/x64/cl.exe - skipped
[2022-11-09T21:43:29.206Z]     -- Detecting CXX compile features
[2022-11-09T21:43:29.206Z]     -- Detecting CXX compile features - done
[2022-11-09T21:43:29.206Z]     CMake Deprecation Warning at googletest/CMakeLists.txt:56 (cmake_minimum_required):
[2022-11-09T21:43:29.206Z]       Compatibility with CMake < 2.8.12 will be removed from a future version of
[2022-11-09T21:43:29.206Z]       CMake.
[2022-11-09T21:43:29.206Z]     
[2022-11-09T21:43:29.206Z]       Update the VERSION argument <min> value or use a ...<max> suffix to tell
[2022-11-09T21:43:29.206Z]       CMake that the project does not need compatibility with older versions.
[2022-11-09T21:43:29.206Z]     
[2022-11-09T21:43:29.206Z]     
[2022-11-09T21:43:29.206Z]     -- Found PythonInterp: C:/Python27/python.exe
[2022-11-09T21:43:29.206Z]     -- Looking for pthread.h
[2022-11-09T21:43:29.206Z]     -- Looking for pthread.h - not found
[2022-11-09T21:43:29.206Z]     -- Found Threads: TRUE
[2022-11-09T21:43:29.206Z]     -- Configuring done
[2022-11-09T21:43:29.206Z]     -- Generating done
[2022-11-09T21:43:29.206Z]     -- Build files have been written to: W:/build/RelWithDebInfo/googletest-build
[2022-11-09T21:43:33.970Z]     [6/8] Performing build step for 'googletest'
[2022-11-09T21:43:33.970Z]     [1/4] Building CXX object googletest\CMakeFiles\gtest_main.dir\src\gtest_main.cc.obj
[2022-11-09T21:43:33.970Z]     [2/4] Building CXX object googletest\CMakeFiles\gtest.dir\src\gtest-all.cc.obj
[2022-11-09T21:43:33.970Z]     [3/4] Linking CXX shared library bin\gtest.dll
[2022-11-09T21:43:33.970Z]     [4/4] Linking CXX shared library bin\gtest_main.dll
[2022-11-09T21:43:34.303Z]     [7/8] Performing install step for 'googletest'
[2022-11-09T21:43:34.303Z]     [0/1] Install the project...
[2022-11-09T21:43:34.303Z]     -- Install configuration: "RelWithDebInfo"
[2022-11-09T21:43:34.635Z]     [8/8] Completed 'googletest'
[2022-11-09T21:43:34.635Z]     -- ========== ...  GoogleTest installed. ==========
[2022-11-09T21:43:35.343Z]     -- MAYA_HAS_DEFAULT_MATERIAL_API is FALSE
[2022-11-09T21:43:35.343Z]     -- MAYA_NEW_POINT_SNAPPING_SUPPORT is FALSE
[2022-11-09T21:43:35.343Z]     -- MAYA_HAS_CRASH_DETECTION is FALSE
[2022-11-09T21:43:35.343Z]     -- MAYA_CURRENT_UFE_CAMERA_SUPPORT is FALSE
[2022-11-09T21:43:35.343Z]     -- MAYA_MRENDERITEM_UFE_IDENTIFIER_SUPPORT is FALSE
[2022-11-09T21:43:35.343Z]     -- MAYA_UPDATE_UFE_IDENTIFIER_SUPPORT is FALSE
[2022-11-09T21:43:35.343Z]     -- MAYA_HAS_DISPLAY_STYLE_ALL_VIEWPORTS is FALSE
[2022-11-09T21:43:35.343Z]     -- MAYA_ARRAY_ITERATOR_DIFFERENCE_TYPE_SUPPORT is FALSE
[2022-11-09T21:43:35.343Z]     -- MAYA_HAS_GET_MEMBER_PATHS is FALSE
[2022-11-09T21:43:35.343Z]     -- USD_HAS_COLOR4_SDR_SUPPORT is FALSE
[2022-11-09T21:43:35.343Z]     -- MAYA_HAS_DISPLAY_LAYER_API is FALSE
[2022-11-09T21:43:35.343Z]     -- MAYA_HAS_NEW_DISPLAY_LAYER_MESSAGING_API is FALSE
[2022-11-09T21:43:35.343Z]     -- MAYA_HAS_RENDER_ITEM_HIDE_ON_PLAYBACK_API is FALSE
[2022-11-09T21:43:35.343Z]     -- promoting: S:/jenkins/workspace/ECP/ecg-maya-usd/ecg-mayausd-branch-preflight-2019-no-ufe-windows/ecg-maya-usd/maya-usd/lib/mayaUsd/base/mayaUsd.h.src
[2022-11-09T21:43:35.343Z]     -- promoting: S:/jenkins/workspace/ECP/ecg-maya-usd/ecg-mayausd-branch-preflight-2019-no-ufe-windows/ecg-maya-usd/maya-usd/lib/mayaUsd/base/api.h
[2022-11-09T21:43:35.343Z]     -- promoting: S:/jenkins/workspace/ECP/ecg-maya-usd/ecg-mayausd-branch-preflight-2019-no-ufe-windows/ecg-maya-usd/maya-usd/lib/mayaUsd/base/debugCodes.h
[2022-11-09T21:43:35.343Z]     -- promoting: S:/jenkins/workspace/ECP/ecg-maya-usd/ecg-mayausd-branch-preflight-2019-no-ufe-windows/ecg-maya-usd/maya-usd/lib/mayaUsd/base/id.h
[2022-11-09T21:43:35.343Z]     -- promoting: S:/jenkins/workspace/ECP/ecg-maya-usd/ecg-mayausd-branch-preflight-2019-no-ufe-windows/ecg-maya-usd/maya-usd/lib/mayaUsd/base/syncId.h
[2022-11-09T21:43:35.343Z]     -- promoting: S:/jenkins/workspace/ECP/ecg-maya-usd/ecg-mayausd-branch-preflight-2019-no-ufe-windows/ecg-maya-usd/maya-usd/lib/mayaUsd/base/tokens.h
[2022-11-09T21:43:35.343Z]     -- promoting: S:/jenkins/workspace/ECP/ecg-maya-usd/ecg-mayausd-branch-preflight-2019-no-ufe-windows/ecg-maya-usd/maya-usd/lib/mayaUsd/commands/abstractLayerEditorWindow.h
[2022-11-09T21:43:35.343Z]     -- promoting: S:/jenkins/workspace/ECP/ecg-maya-usd/ecg-mayausd-branch-preflight-2019-no-ufe-windows/ecg-maya-usd/maya-usd/lib/mayaUsd/commands/baseExportCommand.h
[2022-11-09T21:43:35.343Z]     -- promoting: S:/jenkins/workspace/ECP/ecg-maya-usd/ecg-mayausd-branch-preflight-2019-no-ufe-windows/ecg-maya-usd/maya-usd/lib/mayaUsd/commands/baseImportCommand.h
[2022-11-09T21:43:35.343Z]     -- promoting: S:/jenkins/workspace/ECP/ecg-maya-usd/ecg-mayausd-branch-preflight-2019-no-ufe-windows/ecg-maya-usd/maya-usd/lib/mayaUsd/commands/baseListJobContextsCommand.h
[2022-11-09T21:43:35.343Z]     -- promoting: S:/jenkins/workspace/ECP/ecg-maya-usd/ecg-mayausd-branch-preflight-2019-no-ufe-windows/ecg-maya-usd/maya-usd/lib/mayaUsd/commands/baseListShadingModesCommand.h
[2022-11-09T21:43:35.343Z]     -- promoting: S:/jenkins/workspace/ECP/ecg-maya-usd/ecg-mayausd-branch-preflight-2019-no-ufe-windows/ecg-maya-usd/maya-usd/lib/mayaUsd/commands/editTargetCommand.h
[2022-11-09T21:43:35.343Z]     -- promoting: S:/jenkins/workspace/ECP/ecg-maya-usd/ecg-mayausd-branch-preflight-2019-no-ufe-windows/ecg-maya-usd/maya-usd/lib/mayaUsd/commands/layerEditorCommand.h
[2022-11-09T21:43:35.343Z]     -- promoting: S:/jenkins/workspace/ECP/ecg-maya-usd/ecg-mayausd-branch-preflight-2019-no-ufe-windows/ecg-maya-usd/maya-usd/lib/mayaUsd/commands/layerEditorWindowCommand.h
[2022-11-09T21:43:35.343Z]     -- promoting: S:/jenkins/workspace/ECP/ecg-maya-usd/ecg-mayausd-branch-preflight-2019-no-ufe-windows/ecg-maya-usd/maya-usd/lib/mayaUsd/fileio/fallbackPrimReader.h
[2022-11-09T21:43:35.343Z]     -- promoting: S:/jenkins/workspace/ECP/ecg-maya-usd/ecg-mayausd-branch-preflight-2019-no-ufe-windows/ecg-maya-usd/maya-usd/lib/mayaUsd/fileio/functorPrimReader.h
[2022-11-09T21:43:35.343Z]     -- promoting: S:/jenkins/workspace/ECP/ecg-maya-usd/ecg-mayausd-branch-preflight-2019-no-ufe-windows/ecg-maya-usd/maya-usd/lib/mayaUsd/fileio/functorPrimWriter.h
[2022-11-09T21:43:35.343Z]     -- promoting: S:/jenkins/workspace/ECP/ecg-maya-usd/ecg-mayausd-branch-preflight-2019-no-ufe-windows/ecg-maya-usd/maya-usd/lib/mayaUsd/fileio/importData.h
[2022-11-09T21:43:35.343Z]     -- promoting: S:/jenkins/workspace/ECP/ecg-maya-usd/ecg-mayausd-branch-preflight-2019-no-ufe-windows/ecg-maya-usd/maya-usd/lib/mayaUsd/fileio/instancedNodeWriter.h
[2022-11-09T21:43:35.343Z]     -- promoting: S:/jenkins/workspace/ECP/ecg-maya-usd/ecg-mayausd-branch-preflight-2019-no-ufe-windows/ecg-maya-usd/maya-usd/lib/mayaUsd/fileio/jobContextRegistry.h
[2022-11-09T21:43:35.343Z]     -- promoting: S:/jenkins/workspace/ECP/ecg-maya-usd/ecg-mayausd-branch-preflight-2019-no-ufe-windows/ecg-maya-usd/maya-usd/lib/mayaUsd/fileio/primReader.h
[2022-11-09T21:43:35.343Z]     -- promoting: S:/jenkins/workspace/ECP/ecg-maya-usd/ecg-mayausd-branch-preflight-2019-no-ufe-windows/ecg-maya-usd/maya-usd/lib/mayaUsd/fileio/primReaderArgs.h
[2022-11-09T21:43:35.343Z]     -- promoting: S:/jenkins/workspace/ECP/ecg-maya-usd/ecg-mayausd-branch-preflight-2019-no-ufe-windows/ecg-maya-usd/maya-usd/lib/mayaUsd/fileio/primReaderContext.h
[2022-11-09T21:43:35.343Z]     -- promoting: S:/jenkins/workspace/ECP/ecg-maya-usd/ecg-mayausd-branch-preflight-2019-no-ufe-windows/ecg-maya-usd/maya-usd/lib/mayaUsd/fileio/primReaderRegistry.h
[2022-11-09T21:43:35.343Z]     -- promoting: S:/jenkins/workspace/ECP/ecg-maya-usd/ecg-mayausd-branch-preflight-2019-no-ufe-windows/ecg-maya-usd/maya-usd/lib/mayaUsd/fileio/primWriter.h
[2022-11-09T21:43:35.343Z]     -- promoting: S:/jenkins/workspace/ECP/ecg-maya-usd/ecg-mayausd-branch-preflight-2019-no-ufe-windows/ecg-maya-usd/maya-usd/lib/mayaUsd/fileio/primWriterArgs.h
[2022-11-09T21:43:35.343Z]     -- promoting: S:/jenkins/workspace/ECP/ecg-maya-usd/ecg-mayausd-branch-preflight-2019-no-ufe-windows/ecg-maya-usd/maya-usd/lib/mayaUsd/fileio/primWriterContext.h
[2022-11-09T21:43:35.343Z]     -- promoting: S:/jenkins/workspace/ECP/ecg-maya-usd/ecg-mayausd-branch-preflight-2019-no-ufe-windows/ecg-maya-usd/maya-usd/lib/mayaUsd/fileio/primWriterRegistry.h
[2022-11-09T21:43:35.343Z]     -- promoting: S:/jenkins/workspace/ECP/ecg-maya-usd/ecg-mayausd-branch-preflight-2019-no-ufe-windows/ecg-maya-usd/maya-usd/lib/mayaUsd/fileio/registryHelper.h
[2022-11-09T21:43:35.343Z]     -- promoting: S:/jenkins/workspace/ECP/ecg-maya-usd/ecg-mayausd-branch-preflight-2019-no-ufe-windows/ecg-maya-usd/maya-usd/lib/mayaUsd/fileio/schemaApiAdaptor.h
[2022-11-09T21:43:35.343Z]     -- promoting: S:/jenkins/workspace/ECP/ecg-maya-usd/ecg-mayausd-branch-preflight-2019-no-ufe-windows/ecg-maya-usd/maya-usd/lib/mayaUsd/fileio/schemaApiAdaptorRegistry.h
[2022-11-09T21:43:35.343Z]     -- promoting: S:/jenkins/workspace/ECP/ecg-maya-usd/ecg-mayausd-branch-preflight-2019-no-ufe-windows/ecg-maya-usd/maya-usd/lib/mayaUsd/fileio/shaderReader.h
[2022-11-09T21:43:35.344Z]     -- promoting: S:/jenkins/workspace/ECP/ecg-maya-usd/ecg-mayausd-branch-preflight-2019-no-ufe-windows/ecg-maya-usd/maya-usd/lib/mayaUsd/fileio/shaderReaderRegistry.h
[2022-11-09T21:43:35.344Z]     -- promoting: S:/jenkins/workspace/ECP/ecg-maya-usd/ecg-mayausd-branch-preflight-2019-no-ufe-windows/ecg-maya-usd/maya-usd/lib/mayaUsd/fileio/shaderWriter.h
[2022-11-09T21:43:35.344Z]     -- promoting: S:/jenkins/workspace/ECP/ecg-maya-usd/ecg-mayausd-branch-preflight-2019-no-ufe-windows/ecg-maya-usd/maya-usd/lib/mayaUsd/fileio/shaderWriterRegistry.h
[2022-11-09T21:43:35.344Z]     -- promoting: S:/jenkins/workspace/ECP/ecg-maya-usd/ecg-mayausd-branch-preflight-2019-no-ufe-windows/ecg-maya-usd/maya-usd/lib/mayaUsd/fileio/transformWriter.h
[2022-11-09T21:43:35.344Z]     -- promoting: S:/jenkins/workspace/ECP/ecg-maya-usd/ecg-mayausd-branch-preflight-2019-no-ufe-windows/ecg-maya-usd/maya-usd/lib/mayaUsd/fileio/writeJobContext.h
[2022-11-09T21:43:35.344Z]     -- promoting: S:/jenkins/workspace/ECP/ecg-maya-usd/ecg-mayausd-branch-preflight-2019-no-ufe-windows/ecg-maya-usd/maya-usd/lib/mayaUsd/fileio/chaser/exportChaser.h
[2022-11-09T21:43:35.344Z]     -- promoting: S:/jenkins/workspace/ECP/ecg-maya-usd/ecg-mayausd-branch-preflight-2019-no-ufe-windows/ecg-maya-usd/maya-usd/lib/mayaUsd/fileio/chaser/exportChaserRegistry.h
[2022-11-09T21:43:35.344Z]     -- promoting: S:/jenkins/workspace/ECP/ecg-maya-usd/ecg-mayausd-branch-preflight-2019-no-ufe-windows/ecg-maya-usd/maya-usd/lib/mayaUsd/fileio/chaser/importChaserRegistry.h
[2022-11-09T21:43:35.344Z]     -- promoting: S:/jenkins/workspace/ECP/ecg-maya-usd/ecg-mayausd-branch-preflight-2019-no-ufe-windows/ecg-maya-usd/maya-usd/lib/mayaUsd/fileio/chaser/importChaser.h
[2022-11-09T21:43:35.344Z]     -- promoting: S:/jenkins/workspace/ECP/ecg-maya-usd/ecg-mayausd-branch-preflight-2019-no-ufe-windows/ecg-maya-usd/maya-usd/lib/mayaUsd/fileio/jobs/jobArgs.h
[2022-11-09T21:43:35.344Z]     -- promoting: S:/jenkins/workspace/ECP/ecg-maya-usd/ecg-mayausd-branch-preflight-2019-no-ufe-windows/ecg-maya-usd/maya-usd/lib/mayaUsd/fileio/jobs/meshDataReadJob.h
[2022-11-09T21:43:35.344Z]     -- promoting: S:/jenkins/workspace/ECP/ecg-maya-usd/ecg-mayausd-branch-preflight-2019-no-ufe-windows/ecg-maya-usd/maya-usd/lib/mayaUsd/fileio/jobs/modelKindProcessor.h
[2022-11-09T21:43:35.344Z]     -- promoting: S:/jenkins/workspace/ECP/ecg-maya-usd/ecg-mayausd-branch-preflight-2019-no-ufe-windows/ecg-maya-usd/maya-usd/lib/mayaUsd/fileio/jobs/readJob.h
[2022-11-09T21:43:35.344Z]     -- promoting: S:/jenkins/workspace/ECP/ecg-maya-usd/ecg-mayausd-branch-preflight-2019-no-ufe-windows/ecg-maya-usd/maya-usd/lib/mayaUsd/fileio/jobs/writeJob.h
[2022-11-09T21:43:35.344Z]     -- promoting: S:/jenkins/workspace/ECP/ecg-maya-usd/ecg-mayausd-branch-preflight-2019-no-ufe-windows/ecg-maya-usd/maya-usd/lib/mayaUsd/fileio/shading/rfmShaderMap.h
[2022-11-09T21:43:35.344Z]     -- promoting: S:/jenkins/workspace/ECP/ecg-maya-usd/ecg-mayausd-branch-preflight-2019-no-ufe-windows/ecg-maya-usd/maya-usd/lib/mayaUsd/fileio/shading/shadingModeExporter.h
[2022-11-09T21:43:35.344Z]     -- promoting: S:/jenkins/workspace/ECP/ecg-maya-usd/ecg-mayausd-branch-preflight-2019-no-ufe-windows/ecg-maya-usd/maya-usd/lib/mayaUsd/fileio/shading/shadingModeExporterContext.h
[2022-11-09T21:43:35.344Z]     -- promoting: S:/jenkins/workspace/ECP/ecg-maya-usd/ecg-mayausd-branch-preflight-2019-no-ufe-windows/ecg-maya-usd/maya-usd/lib/mayaUsd/fileio/shading/shadingModeImporter.h
[2022-11-09T21:43:35.344Z]     -- promoting: S:/jenkins/workspace/ECP/ecg-maya-usd/ecg-mayausd-branch-preflight-2019-no-ufe-windows/ecg-maya-usd/maya-usd/lib/mayaUsd/fileio/shading/shadingModeRegistry.h
[2022-11-09T21:43:35.344Z]     -- promoting: S:/jenkins/workspace/ECP/ecg-maya-usd/ecg-mayausd-branch-preflight-2019-no-ufe-windows/ecg-maya-usd/maya-usd/lib/mayaUsd/fileio/shading/symmetricShaderReader.h
[2022-11-09T21:43:35.344Z]     -- promoting: S:/jenkins/workspace/ECP/ecg-maya-usd/ecg-mayausd-branch-preflight-2019-no-ufe-windows/ecg-maya-usd/maya-usd/lib/mayaUsd/fileio/shading/symmetricShaderWriter.h
[2022-11-09T21:43:35.344Z]     -- promoting: S:/jenkins/workspace/ECP/ecg-maya-usd/ecg-mayausd-branch-preflight-2019-no-ufe-windows/ecg-maya-usd/maya-usd/lib/mayaUsd/fileio/translators/skelBindingsProcessor.h
[2022-11-09T21:43:35.344Z]     -- promoting: S:/jenkins/workspace/ECP/ecg-maya-usd/ecg-mayausd-branch-preflight-2019-no-ufe-windows/ecg-maya-usd/maya-usd/lib/mayaUsd/fileio/translators/translatorCamera.h
[2022-11-09T21:43:35.344Z]     -- promoting: S:/jenkins/workspace/ECP/ecg-maya-usd/ecg-mayausd-branch-preflight-2019-no-ufe-windows/ecg-maya-usd/maya-usd/lib/mayaUsd/fileio/translators/translatorCurves.h
[2022-11-09T21:43:35.344Z]     -- promoting: S:/jenkins/workspace/ECP/ecg-maya-usd/ecg-mayausd-branch-preflight-2019-no-ufe-windows/ecg-maya-usd/maya-usd/lib/mayaUsd/fileio/translators/translatorGprim.h
[2022-11-09T21:43:35.344Z]     -- promoting: S:/jenkins/workspace/ECP/ecg-maya-usd/ecg-mayausd-branch-preflight-2019-no-ufe-windows/ecg-maya-usd/maya-usd/lib/mayaUsd/fileio/translators/translatorLight.h
[2022-11-09T21:43:35.344Z]     -- promoting: S:/jenkins/workspace/ECP/ecg-maya-usd/ecg-mayausd-branch-preflight-2019-no-ufe-windows/ecg-maya-usd/maya-usd/lib/mayaUsd/fileio/translators/translatorMaterial.h
[2022-11-09T21:43:35.344Z]     -- promoting: S:/jenkins/workspace/ECP/ecg-maya-usd/ecg-mayausd-branch-preflight-2019-no-ufe-windows/ecg-maya-usd/maya-usd/lib/mayaUsd/fileio/translators/translatorMayaReference.h
[2022-11-09T21:43:35.344Z]     -- promoting: S:/jenkins/workspace/ECP/ecg-maya-usd/ecg-mayausd-branch-preflight-2019-no-ufe-windows/ecg-maya-usd/maya-usd/lib/mayaUsd/fileio/translators/translatorMesh.h
[2022-11-09T21:43:35.344Z]     -- promoting: S:/jenkins/workspace/ECP/ecg-maya-usd/ecg-mayausd-branch-preflight-2019-no-ufe-windows/ecg-maya-usd/maya-usd/lib/mayaUsd/fileio/translators/translatorNurbsPatch.h
[2022-11-09T21:43:35.344Z]     -- promoting: S:/jenkins/workspace/ECP/ecg-maya-usd/ecg-mayausd-branch-preflight-2019-no-ufe-windows/ecg-maya-usd/maya-usd/lib/mayaUsd/fileio/translators/translatorPrim.h
[2022-11-09T21:43:35.344Z]     -- promoting: S:/jenkins/workspace/ECP/ecg-maya-usd/ecg-mayausd-branch-preflight-2019-no-ufe-windows/ecg-maya-usd/maya-usd/lib/mayaUsd/fileio/translators/translatorRfMLight.h
[2022-11-09T21:43:35.344Z]     -- promoting: S:/jenkins/workspace/ECP/ecg-maya-usd/ecg-mayausd-branch-preflight-2019-no-ufe-windows/ecg-maya-usd/maya-usd/lib/mayaUsd/fileio/translators/translatorSkel.h
[2022-11-09T21:43:35.344Z]     -- promoting: S:/jenkins/workspace/ECP/ecg-maya-usd/ecg-mayausd-branch-preflight-2019-no-ufe-windows/ecg-maya-usd/maya-usd/lib/mayaUsd/fileio/translators/translatorUtil.h
[2022-11-09T21:43:35.344Z]     -- promoting: S:/jenkins/workspace/ECP/ecg-maya-usd/ecg-mayausd-branch-preflight-2019-no-ufe-windows/ecg-maya-usd/maya-usd/lib/mayaUsd/fileio/translators/translatorXformable.h
[2022-11-09T21:43:35.344Z]     -- promoting: S:/jenkins/workspace/ECP/ecg-maya-usd/ecg-mayausd-branch-preflight-2019-no-ufe-windows/ecg-maya-usd/maya-usd/lib/mayaUsd/fileio/utils/adaptor.h
[2022-11-09T21:43:35.344Z]     -- promoting: S:/jenkins/workspace/ECP/ecg-maya-usd/ecg-mayausd-branch-preflight-2019-no-ufe-windows/ecg-maya-usd/maya-usd/lib/mayaUsd/fileio/utils/jointWriteUtils.h
[2022-11-09T21:43:35.344Z]     -- promoting: S:/jenkins/workspace/ECP/ecg-maya-usd/ecg-mayausd-branch-preflight-2019-no-ufe-windows/ecg-maya-usd/maya-usd/lib/mayaUsd/fileio/utils/meshReadUtils.h
[2022-11-09T21:43:35.344Z]     -- promoting: S:/jenkins/workspace/ECP/ecg-maya-usd/ecg-mayausd-branch-preflight-2019-no-ufe-windows/ecg-maya-usd/maya-usd/lib/mayaUsd/fileio/utils/meshWriteUtils.h
[2022-11-09T21:43:35.344Z]     -- promoting: S:/jenkins/workspace/ECP/ecg-maya-usd/ecg-mayausd-branch-preflight-2019-no-ufe-windows/ecg-maya-usd/maya-usd/lib/mayaUsd/fileio/utils/readUtil.h
[2022-11-09T21:43:35.344Z]     -- promoting: S:/jenkins/workspace/ECP/ecg-maya-usd/ecg-mayausd-branch-preflight-2019-no-ufe-windows/ecg-maya-usd/maya-usd/lib/mayaUsd/fileio/utils/roundTripUtil.h
[2022-11-09T21:43:35.344Z]     -- promoting: S:/jenkins/workspace/ECP/ecg-maya-usd/ecg-mayausd-branch-preflight-2019-no-ufe-windows/ecg-maya-usd/maya-usd/lib/mayaUsd/fileio/utils/shadingUtil.h
[2022-11-09T21:43:35.344Z]     -- promoting: S:/jenkins/workspace/ECP/ecg-maya-usd/ecg-mayausd-branch-preflight-2019-no-ufe-windows/ecg-maya-usd/maya-usd/lib/mayaUsd/fileio/utils/userTaggedAttribute.h
[2022-11-09T21:43:35.344Z]     -- promoting: S:/jenkins/workspace/ECP/ecg-maya-usd/ecg-mayausd-branch-preflight-2019-no-ufe-windows/ecg-maya-usd/maya-usd/lib/mayaUsd/fileio/utils/writeUtil.h
[2022-11-09T21:43:35.344Z]     -- promoting: S:/jenkins/workspace/ECP/ecg-maya-usd/ecg-mayausd-branch-preflight-2019-no-ufe-windows/ecg-maya-usd/maya-usd/lib/mayaUsd/fileio/utils/xformStack.h
[2022-11-09T21:43:35.344Z]     -- promoting: S:/jenkins/workspace/ECP/ecg-maya-usd/ecg-mayausd-branch-preflight-2019-no-ufe-windows/ecg-maya-usd/maya-usd/lib/mayaUsd/listeners/notice.h
[2022-11-09T21:43:35.344Z]     -- promoting: S:/jenkins/workspace/ECP/ecg-maya-usd/ecg-mayausd-branch-preflight-2019-no-ufe-windows/ecg-maya-usd/maya-usd/lib/mayaUsd/listeners/proxyShapeNotice.h
[2022-11-09T21:43:35.344Z]     -- promoting: S:/jenkins/workspace/ECP/ecg-maya-usd/ecg-mayausd-branch-preflight-2019-no-ufe-windows/ecg-maya-usd/maya-usd/lib/mayaUsd/listeners/stageNoticeListener.h
[2022-11-09T21:43:35.344Z]     -- promoting: S:/jenkins/workspace/ECP/ecg-maya-usd/ecg-mayausd-branch-preflight-2019-no-ufe-windows/ecg-maya-usd/maya-usd/lib/mayaUsd/nodes/hdImagingShape.h
[2022-11-09T21:43:35.344Z]     -- promoting: S:/jenkins/workspace/ECP/ecg-maya-usd/ecg-mayausd-branch-preflight-2019-no-ufe-windows/ecg-maya-usd/maya-usd/lib/mayaUsd/nodes/pointBasedDeformerNode.h
[2022-11-09T21:43:35.344Z]     -- promoting: S:/jenkins/workspace/ECP/ecg-maya-usd/ecg-mayausd-branch-preflight-2019-no-ufe-windows/ecg-maya-usd/maya-usd/lib/mayaUsd/nodes/proxyAccessor.h
[2022-11-09T21:43:35.344Z]     -- promoting: S:/jenkins/workspace/ECP/ecg-maya-usd/ecg-mayausd-branch-preflight-2019-no-ufe-windows/ecg-maya-usd/maya-usd/lib/mayaUsd/nodes/proxyShapeBase.h
[2022-11-09T21:43:35.344Z]     -- promoting: S:/jenkins/workspace/ECP/ecg-maya-usd/ecg-mayausd-branch-preflight-2019-no-ufe-windows/ecg-maya-usd/maya-usd/lib/mayaUsd/nodes/proxyShapePlugin.h
[2022-11-09T21:43:35.344Z]     -- promoting: S:/jenkins/workspace/ECP/ecg-maya-usd/ecg-mayausd-branch-preflight-2019-no-ufe-windows/ecg-maya-usd/maya-usd/lib/mayaUsd/nodes/proxyStageProvider.h
[2022-11-09T21:43:35.344Z]     -- promoting: S:/jenkins/workspace/ECP/ecg-maya-usd/ecg-mayausd-branch-preflight-2019-no-ufe-windows/ecg-maya-usd/maya-usd/lib/mayaUsd/nodes/proxyShapeStageExtraData.h
[2022-11-09T21:43:35.344Z]     -- promoting: S:/jenkins/workspace/ECP/ecg-maya-usd/ecg-mayausd-branch-preflight-2019-no-ufe-windows/ecg-maya-usd/maya-usd/lib/mayaUsd/nodes/stageData.h
[2022-11-09T21:43:35.344Z]     -- promoting: S:/jenkins/workspace/ECP/ecg-maya-usd/ecg-mayausd-branch-preflight-2019-no-ufe-windows/ecg-maya-usd/maya-usd/lib/mayaUsd/nodes/stageNode.h
[2022-11-09T21:43:35.344Z]     -- promoting: S:/jenkins/workspace/ECP/ecg-maya-usd/ecg-mayausd-branch-preflight-2019-no-ufe-windows/ecg-maya-usd/maya-usd/lib/mayaUsd/nodes/usdPrimProvider.h
[2022-11-09T21:43:35.344Z]     -- promoting: S:/jenkins/workspace/ECP/ecg-maya-usd/ecg-mayausd-branch-preflight-2019-no-ufe-windows/ecg-maya-usd/maya-usd/lib/mayaUsd/render/px_vp20/glslProgram.h
[2022-11-09T21:43:35.344Z]     -- promoting: S:/jenkins/workspace/ECP/ecg-maya-usd/ecg-mayausd-branch-preflight-2019-no-ufe-windows/ecg-maya-usd/maya-usd/lib/mayaUsd/render/px_vp20/utils.h
[2022-11-09T21:43:35.344Z]     -- promoting: S:/jenkins/workspace/ECP/ecg-maya-usd/ecg-mayausd-branch-preflight-2019-no-ufe-windows/ecg-maya-usd/maya-usd/lib/mayaUsd/render/px_vp20/utils_legacy.h
[2022-11-09T21:43:35.344Z]     -- promoting: S:/jenkins/workspace/ECP/ecg-maya-usd/ecg-mayausd-branch-preflight-2019-no-ufe-windows/ecg-maya-usd/maya-usd/lib/mayaUsd/render/pxrUsdMayaGL/batchRenderer.h
[2022-11-09T21:43:35.344Z]     -- promoting: S:/jenkins/workspace/ECP/ecg-maya-usd/ecg-mayausd-branch-preflight-2019-no-ufe-windows/ecg-maya-usd/maya-usd/lib/mayaUsd/render/pxrUsdMayaGL/debugCodes.h
[2022-11-09T21:43:35.344Z]     -- promoting: S:/jenkins/workspace/ECP/ecg-maya-usd/ecg-mayausd-branch-preflight-2019-no-ufe-windows/ecg-maya-usd/maya-usd/lib/mayaUsd/render/pxrUsdMayaGL/hdImagingShapeDrawOverride.h
[2022-11-09T21:43:35.344Z]     -- promoting: S:/jenkins/workspace/ECP/ecg-maya-usd/ecg-mayausd-branch-preflight-2019-no-ufe-windows/ecg-maya-usd/maya-usd/lib/mayaUsd/render/pxrUsdMayaGL/hdImagingShapeUI.h
[2022-11-09T21:43:35.344Z]     -- promoting: S:/jenkins/workspace/ECP/ecg-maya-usd/ecg-mayausd-branch-preflight-2019-no-ufe-windows/ecg-maya-usd/maya-usd/lib/mayaUsd/render/pxrUsdMayaGL/instancerImager.h
[2022-11-09T21:43:35.344Z]     -- promoting: S:/jenkins/workspace/ECP/ecg-maya-usd/ecg-mayausd-branch-preflight-2019-no-ufe-windows/ecg-maya-usd/maya-usd/lib/mayaUsd/render/pxrUsdMayaGL/instancerShapeAdapter.h
[2022-11-09T21:43:35.344Z]     -- promoting: S:/jenkins/workspace/ECP/ecg-maya-usd/ecg-mayausd-branch-preflight-2019-no-ufe-windows/ecg-maya-usd/maya-usd/lib/mayaUsd/render/pxrUsdMayaGL/proxyDrawOverride.h
[2022-11-09T21:43:35.344Z]     -- promoting: S:/jenkins/workspace/ECP/ecg-maya-usd/ecg-mayausd-branch-preflight-2019-no-ufe-windows/ecg-maya-usd/maya-usd/lib/mayaUsd/render/pxrUsdMayaGL/proxyShapeUI.h
[2022-11-09T21:43:35.344Z]     -- promoting: S:/jenkins/workspace/ECP/ecg-maya-usd/ecg-mayausd-branch-preflight-2019-no-ufe-windows/ecg-maya-usd/maya-usd/lib/mayaUsd/render/pxrUsdMayaGL/renderParams.h
[2022-11-09T21:43:35.344Z]     -- promoting: S:/jenkins/workspace/ECP/ecg-maya-usd/ecg-mayausd-branch-preflight-2019-no-ufe-windows/ecg-maya-usd/maya-usd/lib/mayaUsd/render/pxrUsdMayaGL/sceneDelegate.h
[2022-11-09T21:43:35.344Z]     -- promoting: S:/jenkins/workspace/ECP/ecg-maya-usd/ecg-mayausd-branch-preflight-2019-no-ufe-windows/ecg-maya-usd/maya-usd/lib/mayaUsd/render/pxrUsdMayaGL/shapeAdapter.h
[2022-11-09T21:43:35.344Z]     -- promoting: S:/jenkins/workspace/ECP/ecg-maya-usd/ecg-mayausd-branch-preflight-2019-no-ufe-windows/ecg-maya-usd/maya-usd/lib/mayaUsd/render/pxrUsdMayaGL/softSelectHelper.h
[2022-11-09T21:43:35.344Z]     -- promoting: S:/jenkins/workspace/ECP/ecg-maya-usd/ecg-mayausd-branch-preflight-2019-no-ufe-windows/ecg-maya-usd/maya-usd/lib/mayaUsd/render/pxrUsdMayaGL/usdProxyShapeAdapter.h
[2022-11-09T21:43:35.344Z]     -- promoting: S:/jenkins/workspace/ECP/ecg-maya-usd/ecg-mayausd-branch-preflight-2019-no-ufe-windows/ecg-maya-usd/maya-usd/lib/mayaUsd/render/pxrUsdMayaGL/userData.h
[2022-11-09T21:43:35.344Z]     -- promoting: S:/jenkins/workspace/ECP/ecg-maya-usd/ecg-mayausd-branch-preflight-2019-no-ufe-windows/ecg-maya-usd/maya-usd/lib/mayaUsd/render/vp2RenderDelegate/proxyRenderDelegate.h
[2022-11-09T21:43:35.344Z]     -- promoting: S:/jenkins/workspace/ECP/ecg-maya-usd/ecg-mayausd-branch-preflight-2019-no-ufe-windows/ecg-maya-usd/maya-usd/lib/mayaUsd/render/vp2ShaderFragments/shaderFragments.h
[2022-11-09T21:43:35.344Z]     -- promoting: S:/jenkins/workspace/ECP/ecg-maya-usd/ecg-mayausd-branch-preflight-2019-no-ufe-windows/ecg-maya-usd/maya-usd/lib/mayaUsd/undo/OpUndoItemList.h
[2022-11-09T21:43:35.344Z]     -- promoting: S:/jenkins/workspace/ECP/ecg-maya-usd/ecg-mayausd-branch-preflight-2019-no-ufe-windows/ecg-maya-usd/maya-usd/lib/mayaUsd/undo/OpUndoItemMuting.h
[2022-11-09T21:43:35.344Z]     -- promoting: S:/jenkins/workspace/ECP/ecg-maya-usd/ecg-mayausd-branch-preflight-2019-no-ufe-windows/ecg-maya-usd/maya-usd/lib/mayaUsd/undo/OpUndoItemRecorder.h
[2022-11-09T21:43:35.344Z]     -- promoting: S:/jenkins/workspace/ECP/ecg-maya-usd/ecg-mayausd-branch-preflight-2019-no-ufe-windows/ecg-maya-usd/maya-usd/lib/mayaUsd/undo/OpUndoItems.h
[2022-11-09T21:43:35.344Z]     -- promoting: S:/jenkins/workspace/ECP/ecg-maya-usd/ecg-mayausd-branch-preflight-2019-no-ufe-windows/ecg-maya-usd/maya-usd/lib/mayaUsd/undo/UsdUndoBlock.h
[2022-11-09T21:43:35.344Z]     -- promoting: S:/jenkins/workspace/ECP/ecg-maya-usd/ecg-mayausd-branch-preflight-2019-no-ufe-windows/ecg-maya-usd/maya-usd/lib/mayaUsd/undo/UsdUndoManager.h
[2022-11-09T21:43:35.344Z]     -- promoting: S:/jenkins/workspace/ECP/ecg-maya-usd/ecg-mayausd-branch-preflight-2019-no-ufe-windows/ecg-maya-usd/maya-usd/lib/mayaUsd/undo/UsdUndoStateDelegate.h
[2022-11-09T21:43:35.344Z]     -- promoting: S:/jenkins/workspace/ECP/ecg-maya-usd/ecg-mayausd-branch-preflight-2019-no-ufe-windows/ecg-maya-usd/maya-usd/lib/mayaUsd/undo/UsdUndoableItem.h
[2022-11-09T21:43:35.344Z]     -- promoting: S:/jenkins/workspace/ECP/ecg-maya-usd/ecg-mayausd-branch-preflight-2019-no-ufe-windows/ecg-maya-usd/maya-usd/lib/mayaUsd/utils/blockSceneModificationContext.h
[2022-11-09T21:43:35.344Z]     -- promoting: S:/jenkins/workspace/ECP/ecg-maya-usd/ecg-mayausd-branch-preflight-2019-no-ufe-windows/ecg-maya-usd/maya-usd/lib/mayaUsd/utils/colorSpace.h
[2022-11-09T21:43:35.344Z]     -- promoting: S:/jenkins/workspace/ECP/ecg-maya-usd/ecg-mayausd-branch-preflight-2019-no-ufe-windows/ecg-maya-usd/maya-usd/lib/mayaUsd/utils/customLayerData.h
[2022-11-09T21:43:35.344Z]     -- promoting: S:/jenkins/workspace/ECP/ecg-maya-usd/ecg-mayausd-branch-preflight-2019-no-ufe-windows/ecg-maya-usd/maya-usd/lib/mayaUsd/utils/converter.h
[2022-11-09T21:43:35.344Z]     -- promoting: S:/jenkins/workspace/ECP/ecg-maya-usd/ecg-mayausd-branch-preflight-2019-no-ufe-windows/ecg-maya-usd/maya-usd/lib/mayaUsd/utils/diagnosticDelegate.h
[2022-11-09T21:43:35.345Z]     -- promoting: S:/jenkins/workspace/ECP/ecg-maya-usd/ecg-mayausd-branch-preflight-2019-no-ufe-windows/ecg-maya-usd/maya-usd/lib/mayaUsd/utils/dynamicAttribute.h
[2022-11-09T21:43:35.345Z]     -- promoting: S:/jenkins/workspace/ECP/ecg-maya-usd/ecg-mayausd-branch-preflight-2019-no-ufe-windows/ecg-maya-usd/maya-usd/lib/mayaUsd/utils/editability.h
[2022-11-09T21:43:35.345Z]     -- promoting: S:/jenkins/workspace/ECP/ecg-maya-usd/ecg-mayausd-branch-preflight-2019-no-ufe-windows/ecg-maya-usd/maya-usd/lib/mayaUsd/utils/editRouter.h
[2022-11-09T21:43:35.345Z]     -- promoting: S:/jenkins/workspace/ECP/ecg-maya-usd/ecg-mayausd-branch-preflight-2019-no-ufe-windows/ecg-maya-usd/maya-usd/lib/mayaUsd/utils/hash.h
[2022-11-09T21:43:35.345Z]     -- promoting: S:/jenkins/workspace/ECP/ecg-maya-usd/ecg-mayausd-branch-preflight-2019-no-ufe-windows/ecg-maya-usd/maya-usd/lib/mayaUsd/utils/layerMuting.h
[2022-11-09T21:43:35.345Z]     -- promoting: S:/jenkins/workspace/ECP/ecg-maya-usd/ecg-mayausd-branch-preflight-2019-no-ufe-windows/ecg-maya-usd/maya-usd/lib/mayaUsd/utils/loadRules.h
[2022-11-09T21:43:35.345Z]     -- promoting: S:/jenkins/workspace/ECP/ecg-maya-usd/ecg-mayausd-branch-preflight-2019-no-ufe-windows/ecg-maya-usd/maya-usd/lib/mayaUsd/utils/query.h
[2022-11-09T21:43:35.345Z]     -- promoting: S:/jenkins/workspace/ECP/ecg-maya-usd/ecg-mayausd-branch-preflight-2019-no-ufe-windows/ecg-maya-usd/maya-usd/lib/mayaUsd/utils/plugRegistryHelper.h
[2022-11-09T21:43:35.345Z]     -- promoting: S:/jenkins/workspace/ECP/ecg-maya-usd/ecg-mayausd-branch-preflight-2019-no-ufe-windows/ecg-maya-usd/maya-usd/lib/mayaUsd/utils/progressBarScope.h
[2022-11-09T21:43:35.345Z]     -- promoting: S:/jenkins/workspace/ECP/ecg-maya-usd/ecg-mayausd-branch-preflight-2019-no-ufe-windows/ecg-maya-usd/maya-usd/lib/mayaUsd/utils/selectability.h
[2022-11-09T21:43:35.345Z]     -- promoting: S:/jenkins/workspace/ECP/ecg-maya-usd/ecg-mayausd-branch-preflight-2019-no-ufe-windows/ecg-maya-usd/maya-usd/lib/mayaUsd/utils/stageCache.h
[2022-11-09T21:43:35.345Z]     -- promoting: S:/jenkins/workspace/ECP/ecg-maya-usd/ecg-mayausd-branch-preflight-2019-no-ufe-windows/ecg-maya-usd/maya-usd/lib/mayaUsd/utils/traverseLayer.h
[2022-11-09T21:43:35.345Z]     -- promoting: S:/jenkins/workspace/ECP/ecg-maya-usd/ecg-mayausd-branch-preflight-2019-no-ufe-windows/ecg-maya-usd/maya-usd/lib/mayaUsd/utils/undoHelperCommand.h
[2022-11-09T21:43:35.345Z]     -- promoting: S:/jenkins/workspace/ECP/ecg-maya-usd/ecg-mayausd-branch-preflight-2019-no-ufe-windows/ecg-maya-usd/maya-usd/lib/mayaUsd/utils/util.h
[2022-11-09T21:43:35.345Z]     -- promoting: S:/jenkins/workspace/ECP/ecg-maya-usd/ecg-mayausd-branch-preflight-2019-no-ufe-windows/ecg-maya-usd/maya-usd/lib/mayaUsd/utils/utilDictionary.h
[2022-11-09T21:43:35.345Z]     -- promoting: S:/jenkins/workspace/ECP/ecg-maya-usd/ecg-mayausd-branch-preflight-2019-no-ufe-windows/ecg-maya-usd/maya-usd/lib/mayaUsd/utils/utilFileSystem.h
[2022-11-09T21:43:35.345Z]     -- promoting: S:/jenkins/workspace/ECP/ecg-maya-usd/ecg-mayausd-branch-preflight-2019-no-ufe-windows/ecg-maya-usd/maya-usd/lib/mayaUsd/utils/utilSerialization.h
[2022-11-09T21:43:35.345Z]     -- promoting: S:/jenkins/workspace/ECP/ecg-maya-usd/ecg-mayausd-branch-preflight-2019-no-ufe-windows/ecg-maya-usd/maya-usd/lib/mayaUsd/utils/variants.h
[2022-11-09T21:43:35.345Z]     -- promoting: S:/jenkins/workspace/ECP/ecg-maya-usd/ecg-mayausd-branch-preflight-2019-no-ufe-windows/ecg-maya-usd/maya-usd/lib/mayaUsd/render/mayaToHydra/utils.h
[2022-11-09T21:43:35.345Z]     -- promoting: S:/jenkins/workspace/ECP/ecg-maya-usd/ecg-mayausd-branch-preflight-2019-no-ufe-windows/ecg-maya-usd/maya-usd/lib/usd/hdMaya/api.h
[2022-11-09T21:43:35.345Z]     -- promoting: S:/jenkins/workspace/ECP/ecg-maya-usd/ecg-mayausd-branch-preflight-2019-no-ufe-windows/ecg-maya-usd/maya-usd/lib/usd/hdMaya/utils.h
[2022-11-09T21:43:35.345Z]     -- promoting: S:/jenkins/workspace/ECP/ecg-maya-usd/ecg-mayausd-branch-preflight-2019-no-ufe-windows/ecg-maya-usd/maya-usd/lib/usd/hdMaya/debugCodes.h
[2022-11-09T21:43:35.345Z]     -- promoting: S:/jenkins/workspace/ECP/ecg-maya-usd/ecg-mayausd-branch-preflight-2019-no-ufe-windows/ecg-maya-usd/maya-usd/lib/usd/hdMaya/adapters/adapter.h
[2022-11-09T21:43:35.345Z]     -- promoting: S:/jenkins/workspace/ECP/ecg-maya-usd/ecg-mayausd-branch-preflight-2019-no-ufe-windows/ecg-maya-usd/maya-usd/lib/usd/hdMaya/adapters/adapterDebugCodes.h
[2022-11-09T21:43:35.345Z]     -- promoting: S:/jenkins/workspace/ECP/ecg-maya-usd/ecg-mayausd-branch-preflight-2019-no-ufe-windows/ecg-maya-usd/maya-usd/lib/usd/hdMaya/adapters/adapterRegistry.h
[2022-11-09T21:43:35.345Z]     -- promoting: S:/jenkins/workspace/ECP/ecg-maya-usd/ecg-mayausd-branch-preflight-2019-no-ufe-windows/ecg-maya-usd/maya-usd/lib/usd/hdMaya/adapters/cameraAdapter.h
[2022-11-09T21:43:35.345Z]     -- promoting: S:/jenkins/workspace/ECP/ecg-maya-usd/ecg-mayausd-branch-preflight-2019-no-ufe-windows/ecg-maya-usd/maya-usd/lib/usd/hdMaya/adapters/constantShadowMatrix.h
[2022-11-09T21:43:35.345Z]     -- promoting: S:/jenkins/workspace/ECP/ecg-maya-usd/ecg-mayausd-branch-preflight-2019-no-ufe-windows/ecg-maya-usd/maya-usd/lib/usd/hdMaya/adapters/dagAdapter.h
[2022-11-09T21:43:35.345Z]     -- promoting: S:/jenkins/workspace/ECP/ecg-maya-usd/ecg-mayausd-branch-preflight-2019-no-ufe-windows/ecg-maya-usd/maya-usd/lib/usd/hdMaya/adapters/lightAdapter.h
[2022-11-09T21:43:35.345Z]     -- promoting: S:/jenkins/workspace/ECP/ecg-maya-usd/ecg-mayausd-branch-preflight-2019-no-ufe-windows/ecg-maya-usd/maya-usd/lib/usd/hdMaya/adapters/proxyAdapter.h
[2022-11-09T21:43:35.345Z]     -- promoting: S:/jenkins/workspace/ECP/ecg-maya-usd/ecg-mayausd-branch-preflight-2019-no-ufe-windows/ecg-maya-usd/maya-usd/lib/usd/hdMaya/adapters/materialAdapter.h
[2022-11-09T21:43:35.345Z]     -- promoting: S:/jenkins/workspace/ECP/ecg-maya-usd/ecg-mayausd-branch-preflight-2019-no-ufe-windows/ecg-maya-usd/maya-usd/lib/usd/hdMaya/adapters/materialNetworkConverter.h
[2022-11-09T21:43:35.345Z]     -- promoting: S:/jenkins/workspace/ECP/ecg-maya-usd/ecg-mayausd-branch-preflight-2019-no-ufe-windows/ecg-maya-usd/maya-usd/lib/usd/hdMaya/adapters/mayaAttrs.h
[2022-11-09T21:43:35.345Z]     -- promoting: S:/jenkins/workspace/ECP/ecg-maya-usd/ecg-mayausd-branch-preflight-2019-no-ufe-windows/ecg-maya-usd/maya-usd/lib/usd/hdMaya/adapters/shapeAdapter.h
[2022-11-09T21:43:35.345Z]     -- promoting: S:/jenkins/workspace/ECP/ecg-maya-usd/ecg-mayausd-branch-preflight-2019-no-ufe-windows/ecg-maya-usd/maya-usd/lib/usd/hdMaya/adapters/tokens.h
[2022-11-09T21:43:35.345Z]     -- promoting: S:/jenkins/workspace/ECP/ecg-maya-usd/ecg-mayausd-branch-preflight-2019-no-ufe-windows/ecg-maya-usd/maya-usd/lib/usd/hdMaya/delegates/delegate.h
[2022-11-09T21:43:35.345Z]     -- promoting: S:/jenkins/workspace/ECP/ecg-maya-usd/ecg-mayausd-branch-preflight-2019-no-ufe-windows/ecg-maya-usd/maya-usd/lib/usd/hdMaya/delegates/delegateCtx.h
[2022-11-09T21:43:35.345Z]     -- promoting: S:/jenkins/workspace/ECP/ecg-maya-usd/ecg-mayausd-branch-preflight-2019-no-ufe-windows/ecg-maya-usd/maya-usd/lib/usd/hdMaya/delegates/delegateDebugCodes.h
[2022-11-09T21:43:35.345Z]     -- promoting: S:/jenkins/workspace/ECP/ecg-maya-usd/ecg-mayausd-branch-preflight-2019-no-ufe-windows/ecg-maya-usd/maya-usd/lib/usd/hdMaya/delegates/delegateRegistry.h
[2022-11-09T21:43:35.345Z]     -- promoting: S:/jenkins/workspace/ECP/ecg-maya-usd/ecg-mayausd-branch-preflight-2019-no-ufe-windows/ecg-maya-usd/maya-usd/lib/usd/hdMaya/delegates/params.h
[2022-11-09T21:43:35.345Z]     -- promoting: S:/jenkins/workspace/ECP/ecg-maya-usd/ecg-mayausd-branch-preflight-2019-no-ufe-windows/ecg-maya-usd/maya-usd/lib/usd/hdMaya/delegates/proxyDelegate.h
[2022-11-09T21:43:35.345Z]     -- promoting: S:/jenkins/workspace/ECP/ecg-maya-usd/ecg-mayausd-branch-preflight-2019-no-ufe-windows/ecg-maya-usd/maya-usd/lib/usd/hdMaya/delegates/proxyUsdImagingDelegate.h
[2022-11-09T21:43:35.345Z]     -- promoting: S:/jenkins/workspace/ECP/ecg-maya-usd/ecg-mayausd-branch-preflight-2019-no-ufe-windows/ecg-maya-usd/maya-usd/lib/usd/hdMaya/delegates/sceneDelegate.h
[2022-11-09T21:43:35.345Z]     -- promoting: S:/jenkins/workspace/ECP/ecg-maya-usd/ecg-mayausd-branch-preflight-2019-no-ufe-windows/ecg-maya-usd/maya-usd/lib/usd/hdMaya/delegates/testDelegate.h
[2022-11-09T21:43:35.345Z]     -- promoting: S:/jenkins/workspace/ECP/ecg-maya-usd/ecg-mayausd-branch-preflight-2019-no-ufe-windows/ecg-maya-usd/maya-usd/lib/usd/pxrUsdPreviewSurface/usdPreviewSurface.h
[2022-11-09T21:43:35.345Z]     -- promoting: S:/jenkins/workspace/ECP/ecg-maya-usd/ecg-mayausd-branch-preflight-2019-no-ufe-windows/ecg-maya-usd/maya-usd/lib/usd/pxrUsdPreviewSurface/usdPreviewSurfacePlugin.h
[2022-11-09T21:43:35.345Z]     -- promoting: S:/jenkins/workspace/ECP/ecg-maya-usd/ecg-mayausd-branch-preflight-2019-no-ufe-windows/ecg-maya-usd/maya-usd/lib/usd/schemas/api.h
[2022-11-09T21:43:35.345Z]     -- promoting: S:/jenkins/workspace/ECP/ecg-maya-usd/ecg-mayausd-branch-preflight-2019-no-ufe-windows/ecg-maya-usd/maya-usd/lib/usd/schemas/ALMayaReference.h
[2022-11-09T21:43:35.345Z]     -- promoting: S:/jenkins/workspace/ECP/ecg-maya-usd/ecg-mayausd-branch-preflight-2019-no-ufe-windows/ecg-maya-usd/maya-usd/lib/usd/schemas/MayaReference.h
[2022-11-09T21:43:35.345Z]     -- promoting: S:/jenkins/workspace/ECP/ecg-maya-usd/ecg-mayausd-branch-preflight-2019-no-ufe-windows/ecg-maya-usd/maya-usd/lib/usd/schemas/tokens.h
[2022-11-09T21:43:36.053Z]     Processing schema classes:
[2022-11-09T21:43:36.053Z]     MayaReference, ALMayaReference
[2022-11-09T21:43:36.053Z]     Loading Templates from p:\shared\Artifactory\Windows\USD\cfb3d8a\lib\usd\usd\resources\codegenTemplates
[2022-11-09T21:43:36.053Z]     Writing API:
[2022-11-09T21:43:36.053Z]     	    wrote W:\build\RelWithDebInfo\lib\usd\schemas\api.h
[2022-11-09T21:43:36.053Z]     Writing Schema Tokens:
[2022-11-09T21:43:36.053Z]     	    wrote W:\build\RelWithDebInfo\lib\usd\schemas\tokens.h
[2022-11-09T21:43:36.053Z]     	    wrote W:\build\RelWithDebInfo\lib\usd\schemas\tokens.cpp
[2022-11-09T21:43:36.053Z]     	    wrote W:\build\RelWithDebInfo\lib\usd\schemas\wrapTokens.cpp
[2022-11-09T21:43:36.053Z]     Generating Classes:
[2022-11-09T21:43:36.053Z]     	    wrote W:\build\RelWithDebInfo\lib\usd\schemas\MayaReference.h
[2022-11-09T21:43:36.053Z]     	    wrote W:\build\RelWithDebInfo\lib\usd\schemas\MayaReference.cpp
[2022-11-09T21:43:36.053Z]     	    wrote W:\build\RelWithDebInfo\lib\usd\schemas\wrapMayaReference.cpp
[2022-11-09T21:43:36.053Z]     	    wrote W:\build\RelWithDebInfo\lib\usd\schemas\ALMayaReference.h
[2022-11-09T21:43:36.053Z]     	    wrote W:\build\RelWithDebInfo\lib\usd\schemas\ALMayaReference.cpp
[2022-11-09T21:43:36.053Z]     	    wrote W:\build\RelWithDebInfo\lib\usd\schemas\wrapALMayaReference.cpp
[2022-11-09T21:43:36.053Z]     Loading Templates from p:\shared\Artifactory\Windows\USD\cfb3d8a\lib\usd\usd\resources\codegenTemplates
[2022-11-09T21:43:36.053Z]     	    wrote W:\build\RelWithDebInfo\lib\usd\schemas\plugInfo.json
[2022-11-09T21:43:36.053Z]     Generating Schematics:
[2022-11-09T21:43:36.053Z]     	    wrote W:\build\RelWithDebInfo\lib\usd\schemas\generatedSchema.usda
[2022-11-09T21:43:36.053Z]     -- promoting: S:/jenkins/workspace/ECP/ecg-maya-usd/ecg-mayausd-branch-preflight-2019-no-ufe-windows/ecg-maya-usd/maya-usd/lib/usd/utils/ALHalf.h
[2022-11-09T21:43:36.053Z]     -- promoting: S:/jenkins/workspace/ECP/ecg-maya-usd/ecg-mayausd-branch-preflight-2019-no-ufe-windows/ecg-maya-usd/maya-usd/lib/usd/utils/Api.h
[2022-11-09T21:43:36.053Z]     -- promoting: S:/jenkins/workspace/ECP/ecg-maya-usd/ecg-mayausd-branch-preflight-2019-no-ufe-windows/ecg-maya-usd/maya-usd/lib/usd/utils/DebugCodes.h
[2022-11-09T21:43:36.053Z]     -- promoting: S:/jenkins/workspace/ECP/ecg-maya-usd/ecg-mayausd-branch-preflight-2019-no-ufe-windows/ecg-maya-usd/maya-usd/lib/usd/utils/DiffCore.h
[2022-11-09T21:43:36.053Z]     -- promoting: S:/jenkins/workspace/ECP/ecg-maya-usd/ecg-mayausd-branch-preflight-2019-no-ufe-windows/ecg-maya-usd/maya-usd/lib/usd/utils/DiffPrims.h
[2022-11-09T21:43:36.053Z]     -- promoting: S:/jenkins/workspace/ECP/ecg-maya-usd/ecg-mayausd-branch-preflight-2019-no-ufe-windows/ecg-maya-usd/maya-usd/lib/usd/utils/MergePrims.h
[2022-11-09T21:43:36.053Z]     -- promoting: S:/jenkins/workspace/ECP/ecg-maya-usd/ecg-mayausd-branch-preflight-2019-no-ufe-windows/ecg-maya-usd/maya-usd/lib/usd/utils/MergePrimsOptions.h
[2022-11-09T21:43:36.053Z]     -- promoting: S:/jenkins/workspace/ECP/ecg-maya-usd/ecg-mayausd-branch-preflight-2019-no-ufe-windows/ecg-maya-usd/maya-usd/lib/usd/utils/ForwardDeclares.h
[2022-11-09T21:43:36.053Z]     -- promoting: S:/jenkins/workspace/ECP/ecg-maya-usd/ecg-mayausd-branch-preflight-2019-no-ufe-windows/ecg-maya-usd/maya-usd/lib/usd/utils/SIMD.h
[2022-11-09T21:43:36.053Z]     -- promoting: S:/jenkins/workspace/ECP/ecg-maya-usd/ecg-mayausd-branch-preflight-2019-no-ufe-windows/ecg-maya-usd/maya-usd/lib/usd/utils/util.h
[2022-11-09T21:43:36.053Z]     -- promoting: S:/jenkins/workspace/ECP/ecg-maya-usd/ecg-mayausd-branch-preflight-2019-no-ufe-windows/ecg-maya-usd/maya-usd/lib/usd/ui/importDialog/IMayaMQtUtil.h
[2022-11-09T21:43:36.053Z]     -- promoting: S:/jenkins/workspace/ECP/ecg-maya-usd/ecg-mayausd-branch-preflight-2019-no-ufe-windows/ecg-maya-usd/maya-usd/lib/usd/ui/importDialog/ItemDelegate.h
[2022-11-09T21:43:36.053Z]     -- promoting: S:/jenkins/workspace/ECP/ecg-maya-usd/ecg-mayausd-branch-preflight-2019-no-ufe-windows/ecg-maya-usd/maya-usd/lib/usd/ui/importDialog/IUSDImportView.h
[2022-11-09T21:43:36.053Z]     -- promoting: S:/jenkins/workspace/ECP/ecg-maya-usd/ecg-mayausd-branch-preflight-2019-no-ufe-windows/ecg-maya-usd/maya-usd/lib/usd/ui/importDialog/TreeItem.h
[2022-11-09T21:43:36.053Z]     -- promoting: S:/jenkins/workspace/ECP/ecg-maya-usd/ecg-mayausd-branch-preflight-2019-no-ufe-windows/ecg-maya-usd/maya-usd/lib/usd/ui/importDialog/TreeModel.h
[2022-11-09T21:43:36.053Z]     -- promoting: S:/jenkins/workspace/ECP/ecg-maya-usd/ecg-mayausd-branch-preflight-2019-no-ufe-windows/ecg-maya-usd/maya-usd/lib/usd/ui/importDialog/TreeModelFactory.h
[2022-11-09T21:43:36.053Z]     -- promoting: S:/jenkins/workspace/ECP/ecg-maya-usd/ecg-mayausd-branch-preflight-2019-no-ufe-windows/ecg-maya-usd/maya-usd/lib/usd/ui/importDialog/USDImportDialog.h
[2022-11-09T21:43:36.053Z]     -- promoting: S:/jenkins/workspace/ECP/ecg-maya-usd/ecg-mayausd-branch-preflight-2019-no-ufe-windows/ecg-maya-usd/maya-usd/lib/usd/ui/importDialog/USDImportDialogCmd.h
[2022-11-09T21:43:36.053Z]     -- promoting: S:/jenkins/workspace/ECP/ecg-maya-usd/ecg-mayausd-branch-preflight-2019-no-ufe-windows/ecg-maya-usd/maya-usd/lib/usd/ui/importDialog/USDQtUtil.h
[2022-11-09T21:43:36.053Z]     -- promoting: S:/jenkins/workspace/ECP/ecg-maya-usd/ecg-mayausd-branch-preflight-2019-no-ufe-windows/ecg-maya-usd/maya-usd/lib/usd/ui/api.h
[2022-11-09T21:43:36.053Z]     -- promoting: S:/jenkins/workspace/ECP/ecg-maya-usd/ecg-mayausd-branch-preflight-2019-no-ufe-windows/ecg-maya-usd/maya-usd/lib/usd/ui/initStringResources.h
[2022-11-09T21:43:36.053Z]     ========== Pixar USD Plugin ==========
[2022-11-09T21:43:36.387Z]     Compiling W:/build/RelWithDebInfo/plugin/pxr/__init__.py ...
[2022-11-09T21:43:36.387Z]     ========== AL USD Plugin ==========
[2022-11-09T21:43:36.387Z]     CMake Deprecation Warning at plugin/al/CMakeLists.txt:7 (cmake_policy):
[2022-11-09T21:43:36.387Z]       The OLD behavior for policy CMP0026 will be removed from a future version
[2022-11-09T21:43:36.387Z]       of CMake.
[2022-11-09T21:43:36.387Z]     
[2022-11-09T21:43:36.387Z]       The cmake-policies(7) manual explains that the OLD behaviors of all
[2022-11-09T21:43:36.387Z]       policies are deprecated and that a policy should be set to OLD only under
[2022-11-09T21:43:36.387Z]       specific short-term circumstances.  Projects should be ported to the NEW
[2022-11-09T21:43:36.387Z]       behavior and not rely on setting a policy to OLD.
[2022-11-09T21:43:36.387Z]     
[2022-11-09T21:43:36.387Z]     
[2022-11-09T21:43:36.387Z]     -- Found Boost 1.70.0 at P:/shared/Artifactory/Windows/USD/cfb3d8a/lib/cmake/Boost-1.70.0
[2022-11-09T21:43:36.387Z]     --   Requested configuration: QUIET REQUIRED
[2022-11-09T21:43:36.387Z]     -- Found boost_headers 1.70.0 at P:/shared/Artifactory/Windows/USD/cfb3d8a/lib/cmake/boost_headers-1.70.0
[2022-11-09T21:43:36.387Z]     -- Found Boost: P:/shared/Artifactory/Windows/USD/cfb3d8a/lib/cmake/Boost-1.70.0/BoostConfig.cmake (found version "1.70.0")
[2022-11-09T21:43:36.387Z]     -- Found Boost 1.70.0 at P:/shared/Artifactory/Windows/USD/cfb3d8a/lib/cmake/Boost-1.70.0
[2022-11-09T21:43:36.387Z]     --   Requested configuration: QUIET REQUIRED COMPONENTS python
[2022-11-09T21:43:36.387Z]     -- Found boost_python 1.70.0 at P:/shared/Artifactory/Windows/USD/cfb3d8a/lib/cmake/boost_python-1.70.0
[2022-11-09T21:43:36.387Z]     --   boost_python27-vc141-mt-x64-1_70.lib
[2022-11-09T21:43:36.387Z]     -- Adding boost_python dependencies: headers
[2022-11-09T21:43:36.387Z]     -- Found Boost: P:/shared/Artifactory/Windows/USD/cfb3d8a/lib/cmake/Boost-1.70.0/BoostConfig.cmake (found version "1.70.0") found components: python
[2022-11-09T21:43:36.719Z]     -- Found GTest: W:/build/RelWithDebInfo/googletest-install/lib/gtest.lib
[2022-11-09T21:43:38.371Z]     -- Building AL_USDMayaSchemas
[2022-11-09T21:43:38.704Z]     Processing schema classes:
[2022-11-09T21:43:38.704Z]     ALModelAPI, ALFrameRange
[2022-11-09T21:43:38.704Z]     Loading Templates from p:\shared\Artifactory\Windows\USD\cfb3d8a\lib\usd\usd\resources\codegenTemplates
[2022-11-09T21:43:38.704Z]     Writing API:
[2022-11-09T21:43:38.704Z]     	    wrote W:\build\RelWithDebInfo\plugin\al\schemas\AL\usd\schemas\maya\api.h
[2022-11-09T21:43:38.704Z]     Writing Schema Tokens:
[2022-11-09T21:43:38.704Z]     	    wrote W:\build\RelWithDebInfo\plugin\al\schemas\AL\usd\schemas\maya\tokens.h
[2022-11-09T21:43:38.704Z]     	    wrote W:\build\RelWithDebInfo\plugin\al\schemas\AL\usd\schemas\maya\tokens.cpp
[2022-11-09T21:43:38.704Z]     	    wrote W:\build\RelWithDebInfo\plugin\al\schemas\AL\usd\schemas\maya\wrapTokens.cpp
[2022-11-09T21:43:38.704Z]     Generating Classes:
[2022-11-09T21:43:38.704Z]     	    wrote W:\build\RelWithDebInfo\plugin\al\schemas\AL\usd\schemas\maya\ModelAPI.h
[2022-11-09T21:43:38.704Z]     	    wrote W:\build\RelWithDebInfo\plugin\al\schemas\AL\usd\schemas\maya\ModelAPI.cpp
[2022-11-09T21:43:38.704Z]     	    wrote W:\build\RelWithDebInfo\plugin\al\schemas\AL\usd\schemas\maya\wrapModelAPI.cpp
[2022-11-09T21:43:38.704Z]     	    wrote W:\build\RelWithDebInfo\plugin\al\schemas\AL\usd\schemas\maya\FrameRange.h
[2022-11-09T21:43:38.704Z]     	    wrote W:\build\RelWithDebInfo\plugin\al\schemas\AL\usd\schemas\maya\FrameRange.cpp
[2022-11-09T21:43:38.704Z]     	    wrote W:\build\RelWithDebInfo\plugin\al\schemas\AL\usd\schemas\maya\wrapFrameRange.cpp
[2022-11-09T21:43:38.704Z]     Loading Templates from p:\shared\Artifactory\Windows\USD\cfb3d8a\lib\usd\usd\resources\codegenTemplates
[2022-11-09T21:43:38.704Z]     	    wrote W:\build\RelWithDebInfo\plugin\al\schemas\AL\usd\schemas\maya\plugInfo.json
[2022-11-09T21:43:38.704Z]     Generating Schematics:
[2022-11-09T21:43:38.704Z]     	    wrote W:\build\RelWithDebInfo\plugin\al\schemas\AL\usd\schemas\maya\generatedSchema.usda
[2022-11-09T21:43:39.848Z]     Processing schema classes:
[2022-11-09T21:43:39.848Z]     ALExamplePolyCubeNode
[2022-11-09T21:43:39.848Z]     Loading Templates from p:\shared\Artifactory\Windows\USD\cfb3d8a\lib\usd\usd\resources\codegenTemplates
[2022-11-09T21:43:39.848Z]     Writing API:
[2022-11-09T21:43:39.848Z]     	    wrote W:\build\RelWithDebInfo\plugin\al\schemas\AL\usd\schemas\mayatest\api.h
[2022-11-09T21:43:39.848Z]     Writing Schema Tokens:
[2022-11-09T21:43:39.848Z]     	    wrote W:\build\RelWithDebInfo\plugin\al\schemas\AL\usd\schemas\mayatest\tokens.h
[2022-11-09T21:43:39.848Z]     	    wrote W:\build\RelWithDebInfo\plugin\al\schemas\AL\usd\schemas\mayatest\tokens.cpp
[2022-11-09T21:43:39.848Z]     	    wrote W:\build\RelWithDebInfo\plugin\al\schemas\AL\usd\schemas\mayatest\wrapTokens.cpp
[2022-11-09T21:43:39.848Z]     Generating Classes:
[2022-11-09T21:43:39.848Z]     	    wrote W:\build\RelWithDebInfo\plugin\al\schemas\AL\usd\schemas\mayatest\ExamplePolyCubeNode.h
[2022-11-09T21:43:39.848Z]     	    wrote W:\build\RelWithDebInfo\plugin\al\schemas\AL\usd\schemas\mayatest\ExamplePolyCubeNode.cpp
[2022-11-09T21:43:39.848Z]     	    wrote W:\build\RelWithDebInfo\plugin\al\schemas\AL\usd\schemas\mayatest\wrapExamplePolyCubeNode.cpp
[2022-11-09T21:43:39.848Z]     Loading Templates from p:\shared\Artifactory\Windows\USD\cfb3d8a\lib\usd\usd\resources\codegenTemplates
[2022-11-09T21:43:39.848Z]     	    wrote W:\build\RelWithDebInfo\plugin\al\schemas\AL\usd\schemas\mayatest\plugInfo.json
[2022-11-09T21:43:39.848Z]     Generating Schematics:
[2022-11-09T21:43:39.848Z]     	    wrote W:\build\RelWithDebInfo\plugin\al\schemas\AL\usd\schemas\mayatest\generatedSchema.usda
[2022-11-09T21:43:39.848Z]     -- Building AL_USDMayaTranslators
[2022-11-09T21:43:39.848Z]     ========== ADSK USD Plugin ==========
[2022-11-09T21:43:39.848Z]     -- Configuring done
[2022-11-09T21:43:41.492Z]     -- Generating done
[2022-11-09T21:43:41.492Z]     CMake Warning:
[2022-11-09T21:43:41.492Z]       Manually-specified variables were not used by the project:
[2022-11-09T21:43:41.492Z]     
[2022-11-09T21:43:41.492Z]         MAYA_DEVKIT_LOCATION
[2022-11-09T21:43:41.492Z]     
[2022-11-09T21:43:41.492Z]     
[2022-11-09T21:43:41.492Z]     -- Build files have been written to: W:/build/RelWithDebInfo
[2022-11-09T21:43:41.492Z]     
[2022-11-09T21:43:41.492Z]         Building with settings:
[2022-11-09T21:43:41.492Z]           Source directory          S:\jenkins\workspace\ECP\ecg-maya-usd\ecg-mayausd-branch-preflight-2019-no-ufe-windows\ecg-maya-usd\maya-usd
[2022-11-09T21:43:41.492Z]           Workspace directory       W:\
[2022-11-09T21:43:41.492Z]           Build directory           W:\build\RelWithDebInfo
[2022-11-09T21:43:41.492Z]           Install directory         W:\install\RelWithDebInfo\MayaUSD
[2022-11-09T21:43:41.492Z]           Variant                   RelWithDebInfo
[2022-11-09T21:43:41.492Z]           Python Debug              Off
[2022-11-09T21:43:41.492Z]           CMake generator           Ninja
[2022-11-09T21:43:41.492Z]           Build arguments           ['-DCMAKE_MAKE_PROGRAM=P:/shared/Artifactory/Windows/ninja/1.9.0/c68f192/ninja.exe', '-DPYTHON_INCLUDE_DIR=P:/shared/Artifactory/Windows/rundev-2019/202003131251/runtime/155eb96/runTime/include/Python2.7', '-DPython_EXECUTABLE=P:/shared/Artifactory/Windows/rundev-2019/202003131251/runtime/155eb96/runTime/bin/mayapy.exe', '-DPYTHON_LIBRARIES=P:/shared/Artifactory/Windows/rundev-2019/202003131251/runtime/155eb96/runTime/lib/python27.lib', '-DCMAKE_WANT_UFE_BUILD=OFF', '-DCMAKE_WANT_MATERIALX_BUILD=ON', '-DCMAKE_PREFIX_PATH=P:\\shared\\Artifactory\\Windows\\USD\\cfb3d8a']
[2022-11-09T21:43:41.492Z]           Stages arguments          ['configure']
[2022-11-09T21:43:41.492Z]           CTest arguments           ['-E testUsdReferenceAssemblySelection|testUsdMayaAppDir', '-LE interactive', '--parallel 16']
[2022-11-09T21:43:41.492Z]     Success MayaUSD build and install !!!!
[2022-11-09T21:43:41.492Z]     Elapsed time: 00:00:23
[Pipeline] bat
[2022-11-09T21:43:42.049Z] Deleting alias drive W:
[Pipeline] bat
[2022-11-09T21:43:42.598Z] Deleting alias drive P:
[Pipeline] }
[Pipeline] // withEnv
[Pipeline] }
[Pipeline] // timeout
[Pipeline] }
[Pipeline] // stage
[Pipeline] }
[Pipeline] // timestamps
[Pipeline] timestamps
[Pipeline] {
[Pipeline] stage
[Pipeline] { (Build)
[Pipeline] timeout
[2022-11-09T21:43:42.802Z] Timeout set to expire in 6 hr 0 min
[Pipeline] {
[Pipeline] withEnv
[Pipeline] {
[Pipeline] bat
[2022-11-09T21:43:43.356Z] Creating alias drive P: to S:\jenkins\workspace
[Pipeline] bat
[2022-11-09T21:43:44.092Z] Creating alias drive W: to S:\jenkins\workspace\ECP\ecg-maya-usd\ecg-mayausd-branch-preflight-2019-no-ufe-windows
[Pipeline] bat
[2022-11-09T21:43:44.830Z] "C:\Program Files (x86)\Microsoft Visual Studio\2017\Professional\VC\Auxiliary\Build\vcvarsall.bat" x64
[2022-11-09T21:43:44.830Z] **********************************************************************
[2022-11-09T21:43:44.830Z] ** Visual Studio 2017 Developer Command Prompt v15.9.15
[2022-11-09T21:43:44.830Z] ** Copyright (c) 2017 Microsoft Corporation
[2022-11-09T21:43:44.830Z] **********************************************************************
[2022-11-09T21:43:45.541Z] [vcvarsall.bat] Environment initialized for: 'x64'
[2022-11-09T21:43:45.541Z] python ecg-maya-usd/build.py --stages=build --workspace-dir=W:\ --artifactory-dir=P:\shared\Artifactory --build-dir=W:\build --install-dir=W:\install --signing-dir=W:\signing --package-dir=W:\package --output-dir=W:\output --stash-dir=W:\stash --jenkins-build=436 --git-commit=39bafd58a78717a94e1e9b0026cc53cc1939be7a --git-branch=master --variants=RelWithDebInfo --python=2.7 --ufe=false --pxrusd-version=0.21.05-gold --post-zips=false --build-retry=3 --maya-cut-config=maya-rundev-2019.yaml --maya-package=rundev-2019 --stage-banner
[2022-11-09T21:43:46.685Z] Using Maya cut from P:\shared\Artifactory\Windows\rundev-2019\202003131251\runtime\155eb96
[2022-11-09T21:43:46.685Z] 
[2022-11-09T21:43:46.685Z] ================================================================================
[2022-11-09T21:43:46.685Z]                              build (RelWithDebInfo)
[2022-11-09T21:43:46.685Z] ================================================================================
[2022-11-09T21:43:46.685Z] Maya Python RelWithDebInfo Info:
[2022-11-09T21:43:46.685Z]   mayapy executable   = P:\shared\Artifactory\Windows\rundev-2019\202003131251\runtime\155eb96\runTime\bin\mayapy.exe
[2022-11-09T21:43:46.685Z]   Include Folder      = P:\shared\Artifactory\Windows\rundev-2019\202003131251\runtime\155eb96\runTime\include\Python2.7
[2022-11-09T21:43:46.685Z]   Library             = P:\shared\Artifactory\Windows\rundev-2019\202003131251\runtime\155eb96\runTime\lib\python27.lib
[2022-11-09T21:43:46.685Z]   site-package Folder = P:\shared\Artifactory\Windows\rundev-2019\202003131251\runtime\155eb96\runTime\Python\Lib\site-packages
[2022-11-09T21:43:47.393Z] In workdir: S:\jenkins\workspace\ECP\ecg-maya-usd\ecg-mayausd-branch-preflight-2019-no-ufe-windows\ecg-maya-usd\maya-usd
[2022-11-09T21:43:47.393Z] Executing: 'P:\\shared\\Artifactory\\Windows\\rundev-2019\\202003131251\\runtime\\155eb96\\runTime\\bin\\mayapy.exe' 'S:\\jenkins\\workspace\\ECP\\ecg-maya-usd\\ecg-mayausd-branch-preflight-2019-no-ufe-windows\\ecg-maya-usd\\maya-usd\\build.py' --generator Ninja --build-relwithdebug --maya-location 'P:\\shared\\Artifactory\\Windows\\rundev-2019\\202003131251\\runtime\\155eb96\\runTime' --devkit-location 'P:\\shared\\Artifactory\\Windows\\rundev-2019\\202003131251\\runtime\\155eb96\\devkitBase' --pxrusd-location 'P:\\shared\\Artifactory\\Windows\\USD\\cfb3d8a' --qt-location 'P:\\shared\\Artifactory\\Windows\\qt\\5.6.1\\1acd0ba' '--build-args=-DCMAKE_MAKE_PROGRAM=P:/shared/Artifactory/Windows/ninja/1.9.0/c68f192/ninja.exe,-DPYTHON_INCLUDE_DIR=P:/shared/Artifactory/Windows/rundev-2019/202003131251/runtime/155eb96/runTime/include/Python2.7,-DPython_EXECUTABLE=P:/shared/Artifactory/Windows/rundev-2019/202003131251/runtime/155eb96/runTime/bin/mayapy.exe,-DPYTHON_LIBRARIES=P:/shared/Artifactory/Windows/rundev-2019/202003131251/runtime/155eb96/runTime/lib/python27.lib,-DCMAKE_WANT_UFE_BUILD=OFF,-DCMAKE_WANT_MATERIALX_BUILD=ON,-DCMAKE_PREFIX_PATH=P:\\shared\\Artifactory\\Windows\\USD\\cfb3d8a' '--ctest-args=-E testUsdReferenceAssemblySelection|testUsdMayaAppDir,-LE interactive,--parallel 16' --stages=build --redirect-outstream-file=False --install-location 'W:\\install\\RelWithDebInfo\\MayaUSD' 'W:\\'
[2022-11-09T21:43:47.393Z] Modified environment variables:
[2022-11-09T21:43:47.393Z]     PATH=P:\shared\Artifactory\Windows\cmake\3.20.3\afe857a\bin;C:\Python27\lib\site-packages\pywin32_system32;C:\Program Files (x86)\Microsoft Visual Studio\2017\Professional\VC\Tools\MSVC\14.16.27023\bin\HostX64\x64;C:\Program Files (x86)\Microsoft Visual Studio\2017\Professional\Common7\IDE\VC\VCPackages;C:\Program Files (x86)\Microsoft Visual Studio\2017\Professional\Common7\IDE\CommonExtensions\Microsoft\TestWindow;C:\Program Files (x86)\Microsoft Visual Studio\2017\Professional\Common7\IDE\CommonExtensions\Microsoft\TeamFoundation\Team Explorer;C:\Program Files (x86)\Microsoft Visual Studio\2017\Professional\MSBuild\15.0\bin\Roslyn;C:\Program Files (x86)\Microsoft Visual Studio\2017\Professional\Team Tools\Performance Tools\x64;C:\Program Files (x86)\Microsoft Visual Studio\2017\Professional\Team Tools\Performance Tools;C:\Program Files (x86)\Microsoft Visual Studio\Shared\Common\VSPerfCollectionTools\\x64;C:\Program Files (x86)\Microsoft Visual Studio\Shared\Common\VSPerfCollectionTools\;C:\Program Files (x86)\Microsoft SDKs\Windows\v10.0A\bin\NETFX 4.6.1 Tools\x64\;C:\Program Files (x86)\HTML Help Workshop;C:\Program Files (x86)\Windows Kits\10\bin\10.0.18362.0\x64;C:\Program Files (x86)\Windows Kits\10\bin\x64;C:\Program Files (x86)\Microsoft Visual Studio\2017\Professional\\MSBuild\15.0\bin;C:\WINDOWS\Microsoft.NET\Framework64\v4.0.30319;C:\Program Files (x86)\Microsoft Visual Studio\2017\Professional\Common7\IDE\;C:\Program Files (x86)\Microsoft Visual Studio\2017\Professional\Common7\Tools\;C:\Python27\;C:\Python27\Scripts;C:\WINDOWS\system32;C:\WINDOWS;C:\WINDOWS\System32\Wbem;C:\WINDOWS\System32\WindowsPowerShell\v1.0\;C:\WINDOWS\System32\OpenSSH\;C:\ProgramData\chocolatey\bin;C:\Program Files (x86)\WiX Toolset v3.7\bin;C:\Program Files\dotnet\;C:\Program Files (x86)\Windows Kits\10\bin\10.0.18362.0\x64;C:\Program Files\Zulu\zulu-11\bin\;C:\Program Files (x86)\Windows Kits\10\bin\10.0.17763.0\x64;C:\Program Files (x86)\Windows Kits\10\bin\x64;C:\Program Files\Git\cmd;C:\Program Files\Git\usr\bin;C:\Program Files\Git\mingw64\bin;C:\Program Files\Git\bin;C:\Python38\;C:\Python38\Scripts;C:\StoreBoxClientWindows;C:\Program Files\Electric Cloud\ElectricCommander\bin;C:\Program Files\WinRAR;C:\Program Files\7-Zip;C:\Users\Administrator\AppData\Local\Microsoft\WindowsApps;C:\Program Files (x86)\Microsoft Visual Studio\2017\Professional\Common7\IDE\CommonExtensions\Microsoft\CMake\CMake\bin;C:\Program Files (x86)\Microsoft Visual Studio\2017\Professional\Common7\IDE\CommonExtensions\Microsoft\CMake\Ninja
[2022-11-09T21:43:48.550Z]     [1/621] Building CXX object test\lib\usd\utils\CMakeFiles\testDiffCore.dir\main.cpp.obj
[2022-11-09T21:43:48.550Z]     [2/621] Building CXX object test\lib\usd\utils\CMakeFiles\testDiffPrims.dir\main.cpp.obj
[2022-11-09T21:43:48.883Z]     [3/621] Building CXX object test\lib\usd\utils\CMakeFiles\testDiffValues.dir\main.cpp.obj
[2022-11-09T21:43:49.217Z]     [4/621] Building CXX object test\lib\usd\utils\CMakeFiles\testDiffCore.dir\test_DiffCore.cpp.obj
[2022-11-09T21:43:49.928Z]     [5/621] Building CXX object test\lib\usd\utils\CMakeFiles\testDiffLists.dir\main.cpp.obj
[2022-11-09T21:43:50.635Z]     [6/621] Building CXX object test\lib\usd\utils\CMakeFiles\testDiffRelationships.dir\main.cpp.obj
[2022-11-09T21:43:51.778Z]     [7/621] Building CXX object test\lib\usd\utils\CMakeFiles\testDiffAttributes.dir\main.cpp.obj
[2022-11-09T21:43:55.716Z]     [8/621] Building CXX object test\lib\usd\utils\CMakeFiles\testDiffValues.dir\test_DiffValuesMatrices.cpp.obj
[2022-11-09T21:43:55.716Z]     [9/621] Building CXX object test\lib\usd\utils\CMakeFiles\testDiffValues.dir\test_DiffValuesIntVecs.cpp.obj
[2022-11-09T21:43:55.716Z]     [10/621] Building CXX object test\lib\usd\utils\CMakeFiles\testDiffPrims.dir\test_DiffPrimsAttributes.cpp.obj
[2022-11-09T21:43:55.716Z]     [11/621] Building CXX object test\lib\usd\utils\CMakeFiles\testDiffPrims.dir\test_DiffPrimsRelations.cpp.obj
[2022-11-09T21:43:55.716Z]     [12/621] Building CXX object test\lib\usd\utils\CMakeFiles\testDiffValues.dir\test_DiffValues.cpp.obj
[2022-11-09T21:43:55.716Z]     [13/621] Building CXX object test\lib\usd\utils\CMakeFiles\testDiffPrims.dir\test_DiffPrimsChildren.cpp.obj
[2022-11-09T21:43:55.716Z]     [14/621] Building CXX object test\lib\usd\utils\CMakeFiles\testDiffValues.dir\test_DiffValuesQuaternions.cpp.obj
[2022-11-09T21:43:55.716Z]     [15/621] Building CXX object test\lib\usd\utils\CMakeFiles\testDiffPrims.dir\test_DiffPrims.cpp.obj
[2022-11-09T21:43:56.050Z]     [16/621] Building CXX object test\lib\usd\utils\CMakeFiles\testDiffValues.dir\test_DiffValuesGeneric.cpp.obj
[2022-11-09T21:43:56.761Z]     [17/621] Building CXX object test\lib\usd\utils\CMakeFiles\testDiffValues.dir\test_DiffValuesArrays.cpp.obj
[2022-11-09T21:43:57.095Z]     [18/621] Building CXX object test\lib\usd\utils\CMakeFiles\testDiffAttributes.dir\test_DiffAttributes.cpp.obj
[2022-11-09T21:43:57.095Z]     [19/621] Building CXX object test\lib\usd\utils\CMakeFiles\testDiffValues.dir\test_DiffValuesDoubleVecs.cpp.obj
[2022-11-09T21:43:57.095Z]     [20/621] Building CXX object test\lib\usd\utils\CMakeFiles\testDiffValues.dir\test_DiffValuesFloatVecs.cpp.obj
[2022-11-09T21:43:57.095Z]     [21/621] Building CXX object test\lib\usd\utils\CMakeFiles\testDiffLists.dir\test_DiffLists.cpp.obj
[2022-11-09T21:43:57.431Z]     [22/621] Building CXX object test\lib\usd\utils\CMakeFiles\testDiffValues.dir\test_DiffValuesHalfVecs.cpp.obj
[2022-11-09T21:43:57.770Z]     [23/621] Building CXX object test\lib\usd\utils\CMakeFiles\testDiffDictionaries.dir\main.cpp.obj
[2022-11-09T21:43:57.770Z]     [24/621] Building CXX object test\lib\usd\utils\CMakeFiles\testMergePrims.dir\main.cpp.obj
[2022-11-09T21:43:57.770Z]     [25/621] Building CXX object test\lib\usd\utils\CMakeFiles\testDiffComputeOverall.dir\main.cpp.obj
[2022-11-09T21:43:57.770Z]     [26/621] Building CXX object test\lib\usd\utils\CMakeFiles\testDiffMetadatas.dir\main.cpp.obj
[2022-11-09T21:43:58.103Z]     [27/621] Building CXX object lib\mayaUsd\CMakeFiles\mayaUsd.dir\base\debugCodes.cpp.obj
[2022-11-09T21:43:58.103Z]     [28/621] Building CXX object lib\mayaUsd\CMakeFiles\mayaUsd.dir\base\tokens.cpp.obj
[2022-11-09T21:44:01.867Z]     [29/621] Building CXX object test\lib\usd\utils\CMakeFiles\testDiffRelationships.dir\test_DiffRelationships.cpp.obj
[2022-11-09T21:44:03.519Z]     [30/621] Building CXX object test\lib\usd\utils\CMakeFiles\testDiffMetadatas.dir\test_DiffMetadatas.cpp.obj
[2022-11-09T21:44:03.519Z]     [31/621] Building CXX object lib\mayaUsd\CMakeFiles\mayaUsd.dir\commands\baseImportCommand.cpp.obj
[2022-11-09T21:44:03.851Z]     [32/621] Building CXX object lib\mayaUsd\CMakeFiles\mayaUsd.dir\commands\baseListJobContextsCommand.cpp.obj
[2022-11-09T21:44:03.851Z]     [33/621] Building CXX object test\lib\usd\utils\CMakeFiles\testDiffComputeOverall.dir\test_DiffComputeOverall.cpp.obj
[2022-11-09T21:44:04.184Z]     [34/621] Building CXX object test\lib\usd\utils\CMakeFiles\testDiffDictionaries.dir\test_DiffDictionaries.cpp.obj
[2022-11-09T21:44:04.516Z]     [35/621] Building CXX object lib\mayaUsd\CMakeFiles\mayaUsd.dir\commands\baseListShadingModesCommand.cpp.obj
[2022-11-09T21:44:04.516Z]     [36/621] Building CXX object lib\mayaUsd\CMakeFiles\mayaUsd.dir\commands\layerEditorWindowCommand.cpp.obj
[2022-11-09T21:44:04.516Z]     [37/621] Building CXX object test\lib\usd\utils\CMakeFiles\testMergePrims.dir\test_MergePrims.cpp.obj
[2022-11-09T21:44:05.224Z]     [38/621] Building CXX object lib\mayaUsd\CMakeFiles\mayaUsd.dir\fileio\shaderWriter.cpp.obj
[2022-11-09T21:44:05.557Z]     [39/621] Building CXX object lib\mayaUsd\CMakeFiles\mayaUsd.dir\fileio\shaderReaderRegistry.cpp.obj
[2022-11-09T21:44:05.892Z]     [40/621] Building CXX object lib\mayaUsd\CMakeFiles\mayaUsd.dir\fileio\functorPrimWriter.cpp.obj
[2022-11-09T21:44:05.892Z]     [41/621] Building CXX object lib\mayaUsd\CMakeFiles\mayaUsd.dir\fileio\transformWriter.cpp.obj
[2022-11-09T21:44:06.292Z]     [42/621] Building CXX object lib\mayaUsd\CMakeFiles\mayaUsd.dir\commands\baseExportCommand.cpp.obj
[2022-11-09T21:44:06.628Z]     [43/621] Building CXX object lib\mayaUsd\CMakeFiles\mayaUsd.dir\fileio\shaderWriterRegistry.cpp.obj
[2022-11-09T21:44:06.960Z]     [44/621] Building CXX object lib\mayaUsd\CMakeFiles\mayaUsd.dir\fileio\shaderReader.cpp.obj
[2022-11-09T21:44:06.960Z]     [45/621] Building CXX object lib\mayaUsd\CMakeFiles\mayaUsd.dir\fileio\writeJobContext.cpp.obj
[2022-11-09T21:44:09.203Z]     [46/621] Building CXX object lib\mayaUsd\CMakeFiles\mayaUsd.dir\fileio\functorPrimReader.cpp.obj
[2022-11-09T21:44:09.535Z]     [47/621] Building CXX object lib\mayaUsd\CMakeFiles\mayaUsd.dir\fileio\jobContextRegistry.cpp.obj
[2022-11-09T21:44:10.681Z]     [48/621] Building CXX object lib\mayaUsd\CMakeFiles\mayaUsd.dir\commands\editTargetCommand.cpp.obj
[2022-11-09T21:44:10.681Z]     [49/621] Building CXX object lib\mayaUsd\CMakeFiles\mayaUsd.dir\fileio\primReaderArgs.cpp.obj
[2022-11-09T21:44:11.389Z]     [50/621] Building CXX object lib\mayaUsd\CMakeFiles\mayaUsd.dir\fileio\importData.cpp.obj
[2022-11-09T21:44:11.389Z]     [51/621] Building CXX object lib\mayaUsd\CMakeFiles\mayaUsd.dir\fileio\primReader.cpp.obj
[2022-11-09T21:44:11.722Z]     [52/621] Building CXX object lib\mayaUsd\CMakeFiles\mayaUsd.dir\commands\layerEditorCommand.cpp.obj
[2022-11-09T21:44:11.722Z]     [53/621] Building CXX object lib\mayaUsd\CMakeFiles\mayaUsd.dir\fileio\primWriterContext.cpp.obj
[2022-11-09T21:44:11.722Z]     [54/621] Building CXX object lib\mayaUsd\CMakeFiles\mayaUsd.dir\fileio\registryHelper.cpp.obj
[2022-11-09T21:44:12.869Z]     [55/621] Building CXX object lib\mayaUsd\CMakeFiles\mayaUsd.dir\fileio\fallbackPrimReader.cpp.obj
[2022-11-09T21:44:12.869Z]     [56/621] Building CXX object lib\mayaUsd\CMakeFiles\mayaUsd.dir\fileio\instancedNodeWriter.cpp.obj
[2022-11-09T21:44:13.580Z]     [57/621] Building CXX object lib\mayaUsd\CMakeFiles\mayaUsd.dir\fileio\primWriterArgs.cpp.obj
[2022-11-09T21:44:13.913Z]     [58/621] Building CXX object lib\mayaUsd\CMakeFiles\mayaUsd.dir\fileio\primReaderContext.cpp.obj
[2022-11-09T21:44:14.281Z]     [59/621] Building CXX object lib\mayaUsd\CMakeFiles\mayaUsd.dir\fileio\chaser\exportChaser.cpp.obj
[2022-11-09T21:44:14.614Z]     [60/621] Building CXX object lib\mayaUsd\CMakeFiles\mayaUsd.dir\fileio\primReaderRegistry.cpp.obj
[2022-11-09T21:44:14.614Z]     [61/621] Building CXX object lib\mayaUsd\CMakeFiles\mayaUsd.dir\fileio\primWriterRegistry.cpp.obj
[2022-11-09T21:44:15.321Z]     [62/621] Building CXX object lib\mayaUsd\CMakeFiles\mayaUsd.dir\fileio\primWriter.cpp.obj
[2022-11-09T21:44:16.464Z]     [63/621] Building CXX object lib\mayaUsd\CMakeFiles\mayaUsd.dir\fileio\schemaApiAdaptor.cpp.obj
[2022-11-09T21:44:17.174Z]     [64/621] Building CXX object lib\mayaUsd\CMakeFiles\mayaUsd.dir\fileio\schemaApiAdaptorRegistry.cpp.obj
[2022-11-09T21:44:18.973Z]     [65/621] Building CXX object lib\mayaUsd\CMakeFiles\mayaUsd.dir\fileio\translators\translatorGprim.cpp.obj
[2022-11-09T21:44:18.973Z]     [66/621] Building CXX object lib\mayaUsd\CMakeFiles\mayaUsd.dir\fileio\translators\translatorLight.cpp.obj
[2022-11-09T21:44:19.305Z]     [67/621] Building CXX object lib\mayaUsd\CMakeFiles\mayaUsd.dir\fileio\chaser\exportChaserRegistry.cpp.obj
[2022-11-09T21:44:19.305Z]     [68/621] Building CXX object lib\mayaUsd\CMakeFiles\mayaUsd.dir\fileio\chaser\importChaserRegistry.cpp.obj
[2022-11-09T21:44:19.637Z]     [69/621] Building CXX object lib\mayaUsd\CMakeFiles\mayaUsd.dir\fileio\translators\translatorMayaReference.cpp.obj
[2022-11-09T21:44:19.637Z]     [70/621] Building CXX object lib\mayaUsd\CMakeFiles\mayaUsd.dir\fileio\translators\translatorMesh.cpp.obj
[2022-11-09T21:44:19.972Z]     [71/621] Building CXX object lib\mayaUsd\CMakeFiles\mayaUsd.dir\fileio\translators\translatorMaterial.cpp.obj
[2022-11-09T21:44:21.633Z]     [72/621] Building CXX object lib\mayaUsd\CMakeFiles\mayaUsd.dir\fileio\jobs\meshDataReadJob.cpp.obj
[2022-11-09T21:44:21.633Z]     [73/621] Building CXX object lib\mayaUsd\CMakeFiles\mayaUsd.dir\fileio\chaser\importChaser.cpp.obj
[2022-11-09T21:44:23.292Z]     [74/621] Building CXX object lib\mayaUsd\CMakeFiles\mayaUsd.dir\fileio\jobs\modelKindProcessor.cpp.obj
[2022-11-09T21:44:23.292Z]     [75/621] Building CXX object lib\mayaUsd\CMakeFiles\mayaUsd.dir\fileio\shading\shadingModeExporter.cpp.obj
[2022-11-09T21:44:24.438Z]     [76/621] Building CXX object lib\mayaUsd\CMakeFiles\mayaUsd.dir\fileio\jobs\writeJob.cpp.obj
[2022-11-09T21:44:25.149Z]     [77/621] Building CXX object lib\mayaUsd\CMakeFiles\mayaUsd.dir\fileio\jobs\readJob.cpp.obj
[2022-11-09T21:44:25.482Z]     [78/621] Building CXX object lib\mayaUsd\CMakeFiles\mayaUsd.dir\fileio\shading\shadingModeDisplayColor.cpp.obj
[2022-11-09T21:44:26.190Z]     [79/621] Building CXX object lib\mayaUsd\CMakeFiles\mayaUsd.dir\fileio\shading\symmetricShaderReader.cpp.obj
[2022-11-09T21:44:26.190Z]     [80/621] Building CXX object lib\mayaUsd\CMakeFiles\mayaUsd.dir\fileio\jobs\jobArgs.cpp.obj
[2022-11-09T21:44:27.352Z]     [81/621] Building CXX object lib\mayaUsd\CMakeFiles\mayaUsd.dir\fileio\shading\shadingModeRegistry.cpp.obj
[2022-11-09T21:44:28.520Z]     [82/621] Building CXX object lib\mayaUsd\CMakeFiles\mayaUsd.dir\fileio\shading\shadingModeExporterContext.cpp.obj
[2022-11-09T21:44:28.854Z]     [83/621] Building CXX object lib\mayaUsd\CMakeFiles\mayaUsd.dir\fileio\shading\shadingModeImporter.cpp.obj
[2022-11-09T21:44:29.567Z]     [84/621] Building CXX object lib\mayaUsd\CMakeFiles\mayaUsd.dir\fileio\shading\shadingModePxrRis.cpp.obj
[2022-11-09T21:44:29.567Z]     [85/621] Building CXX object lib\mayaUsd\CMakeFiles\mayaUsd.dir\fileio\shading\symmetricShaderWriter.cpp.obj
[2022-11-09T21:44:30.066Z]     [86/621] Building CXX object lib\mayaUsd\CMakeFiles\mayaUsd.dir\fileio\shading\shadingModeUseRegistry.cpp.obj
[2022-11-09T21:44:30.066Z]     [87/621] Building CXX object lib\mayaUsd\CMakeFiles\mayaUsd.dir\fileio\translators\translatorCurves.cpp.obj
[2022-11-09T21:44:31.798Z]     [88/621] Building CXX object lib\mayaUsd\CMakeFiles\mayaUsd.dir\listeners\stageNoticeListener.cpp.obj
[2022-11-09T21:44:31.798Z]     [89/621] Building CXX object lib\mayaUsd\CMakeFiles\mayaUsd.dir\fileio\translators\skelBindingsProcessor.cpp.obj
[2022-11-09T21:44:32.508Z]     [90/621] Building CXX object lib\mayaUsd\CMakeFiles\mayaUsd.dir\fileio\translators\translatorCamera.cpp.obj
[2022-11-09T21:44:32.508Z]     [91/621] Building CXX object lib\mayaUsd\CMakeFiles\mayaUsd.dir\nodes\pointBasedDeformerNode.cpp.obj
[2022-11-09T21:44:33.653Z]     [92/621] Building CXX object lib\mayaUsd\CMakeFiles\mayaUsd.dir\nodes\proxyAccessor.cpp.obj
[2022-11-09T21:44:33.653Z]     [93/621] Building CXX object lib\mayaUsd\CMakeFiles\mayaUsd.dir\nodes\hdImagingShape.cpp.obj
[2022-11-09T21:44:34.798Z]     [94/621] Building CXX object lib\mayaUsd\CMakeFiles\mayaUsd.dir\fileio\translators\translatorSkel.cpp.obj
[2022-11-09T21:44:35.131Z]     [95/621] Building CXX object lib\mayaUsd\CMakeFiles\mayaUsd.dir\fileio\translators\translatorPrim.cpp.obj
[2022-11-09T21:44:35.131Z]     [96/621] Building CXX object lib\mayaUsd\CMakeFiles\mayaUsd.dir\fileio\translators\translatorUtil.cpp.obj
[2022-11-09T21:44:35.464Z]     [97/621] Building CXX object lib\mayaUsd\CMakeFiles\mayaUsd.dir\nodes\proxyShapePlugin.cpp.obj
[2022-11-09T21:44:36.173Z]     [98/621] Building CXX object lib\mayaUsd\CMakeFiles\mayaUsd.dir\fileio\translators\translatorRfMLight.cpp.obj
[2022-11-09T21:44:38.419Z]     [99/621] Building CXX object lib\mayaUsd\CMakeFiles\mayaUsd.dir\fileio\translators\translatorNurbsPatch.cpp.obj
[2022-11-09T21:44:38.419Z]     [100/621] Building CXX object lib\mayaUsd\CMakeFiles\mayaUsd.dir\fileio\translators\translatorRfMLight_deprecated.cpp.obj
[2022-11-09T21:44:38.751Z]     [101/621] Building CXX object lib\mayaUsd\CMakeFiles\mayaUsd.dir\nodes\proxyShapeBase.cpp.obj
[2022-11-09T21:44:38.751Z]     [102/621] Building CXX object lib\mayaUsd\CMakeFiles\mayaUsd.dir\fileio\utils\meshReadUtils.cpp.obj
[2022-11-09T21:44:39.084Z]     [103/621] Building CXX object lib\mayaUsd\CMakeFiles\mayaUsd.dir\fileio\utils\adaptor.cpp.obj
[2022-11-09T21:44:40.228Z]     [104/621] Building CXX object lib\mayaUsd\CMakeFiles\mayaUsd.dir\render\px_vp20\glslProgram.cpp.obj
[2022-11-09T21:44:40.228Z]     [105/621] Building CXX object lib\mayaUsd\CMakeFiles\mayaUsd.dir\fileio\utils\userTaggedAttribute.cpp.obj
[2022-11-09T21:44:40.940Z]     [106/621] Building CXX object lib\mayaUsd\CMakeFiles\mayaUsd.dir\fileio\translators\translatorXformable_decompose.cpp.obj
[2022-11-09T21:44:41.273Z]     [107/621] Building CXX object lib\mayaUsd\CMakeFiles\mayaUsd.dir\listeners\notice.cpp.obj
[2022-11-09T21:44:41.607Z]     [108/621] Building CXX object lib\mayaUsd\CMakeFiles\mayaUsd.dir\fileio\utils\jointWriteUtils.cpp.obj
[2022-11-09T21:44:41.940Z]     [109/621] Building CXX object lib\mayaUsd\CMakeFiles\mayaUsd.dir\python\moduleDeps.cpp.obj
[2022-11-09T21:44:42.273Z]     [110/621] Building CXX object lib\mayaUsd\CMakeFiles\mayaUsd.dir\fileio\translators\translatorXformable.cpp.obj
[2022-11-09T21:44:42.273Z]     [111/621] Building CXX object lib\mayaUsd\CMakeFiles\mayaUsd.dir\listeners\proxyShapeNotice.cpp.obj
[2022-11-09T21:44:42.606Z]     [112/621] Building CXX object lib\mayaUsd\CMakeFiles\mayaUsd.dir\fileio\utils\roundTripUtil.cpp.obj
[2022-11-09T21:44:42.939Z]     [113/621] Building CXX object lib\mayaUsd\CMakeFiles\mayaUsd.dir\fileio\utils\meshWriteUtils.cpp.obj
[2022-11-09T21:44:43.271Z]     [114/621] Building CXX object lib\mayaUsd\CMakeFiles\mayaUsd.dir\fileio\utils\readUtil.cpp.obj
[2022-11-09T21:44:43.605Z]     [115/621] Building CXX object lib\mayaUsd\CMakeFiles\mayaUsd.dir\render\pxrUsdMayaGL\debugCodes.cpp.obj
[2022-11-09T21:44:44.312Z]     [116/621] Building CXX object lib\mayaUsd\CMakeFiles\mayaUsd.dir\fileio\utils\xformStack.cpp.obj
[2022-11-09T21:44:45.458Z]     [117/621] Building CXX object lib\mayaUsd\CMakeFiles\mayaUsd.dir\nodes\stageData.cpp.obj
[2022-11-09T21:44:45.458Z]     [118/621] Building CXX object lib\mayaUsd\CMakeFiles\mayaUsd.dir\fileio\utils\writeUtil.cpp.obj
[2022-11-09T21:44:46.166Z]     [119/621] Building CXX object lib\mayaUsd\CMakeFiles\mayaUsd.dir\nodes\proxyShapeStageExtraData.cpp.obj
[2022-11-09T21:44:46.499Z]     [120/621] Building CXX object lib\mayaUsd\CMakeFiles\mayaUsd.dir\render\px_vp20\utils.cpp.obj
[2022-11-09T21:44:46.499Z]     [121/621] Building CXX object lib\mayaUsd\CMakeFiles\mayaUsd.dir\render\pxrUsdMayaGL\userData.cpp.obj
[2022-11-09T21:44:46.832Z]     [122/621] Building CXX object lib\mayaUsd\CMakeFiles\mayaUsd.dir\render\px_vp20\utils_legacy.cpp.obj
[2022-11-09T21:44:46.832Z]     [123/621] Building CXX object lib\mayaUsd\CMakeFiles\mayaUsd.dir\fileio\utils\shadingUtil.cpp.obj
[2022-11-09T21:44:47.539Z]     [124/621] Building CXX object lib\mayaUsd\CMakeFiles\mayaUsd.dir\render\pxrUsdMayaGL\softSelectHelper.cpp.obj
[2022-11-09T21:44:48.148Z]     [125/621] Building CXX object lib\mayaUsd\CMakeFiles\mayaUsd.dir\render\vp2RenderDelegate\debugCodes.cpp.obj
[2022-11-09T21:44:48.148Z]     [126/621] Building CXX object lib\mayaUsd\CMakeFiles\mayaUsd.dir\nodes\usdPrimProvider.cpp.obj
[2022-11-09T21:44:49.074Z]     [127/621] Building CXX object lib\mayaUsd\CMakeFiles\mayaUsd.dir\render\vp2RenderDelegate\bboxGeom.cpp.obj
[2022-11-09T21:44:49.479Z]     [128/621] Building CXX object lib\mayaUsd\CMakeFiles\mayaUsd.dir\nodes\stageNode.cpp.obj
[2022-11-09T21:44:51.131Z]     [129/621] Building CXX object lib\mayaUsd\CMakeFiles\mayaUsd.dir\render\pxrUsdMayaGL\proxyShapeDelegate.cpp.obj
[2022-11-09T21:44:51.131Z]     [130/621] Building CXX object lib\mayaUsd\CMakeFiles\mayaUsd.dir\render\vp2RenderDelegate\meshViewportCompute.cpp.obj
[2022-11-09T21:44:52.804Z]     [131/621] Building CXX object lib\mayaUsd\CMakeFiles\mayaUsd.dir\render\pxrUsdMayaGL\hdImagingShapeDrawOverride.cpp.obj
[2022-11-09T21:44:52.804Z]     [132/621] Building CXX object lib\mayaUsd\CMakeFiles\mayaUsd.dir\render\pxrUsdMayaGL\batchRenderer.cpp.obj
[2022-11-09T21:44:52.804Z]     [133/621] Building CXX object lib\mayaUsd\CMakeFiles\mayaUsd.dir\render\pxrUsdMayaGL\instancerShapeAdapter.cpp.obj
[2022-11-09T21:44:53.515Z]     [134/621] Building CXX object lib\mayaUsd\CMakeFiles\mayaUsd.dir\render\pxrUsdMayaGL\hdImagingShapeUI.cpp.obj
[2022-11-09T21:44:53.515Z]     [135/621] Building CXX object lib\mayaUsd\CMakeFiles\mayaUsd.dir\render\pxrUsdMayaGL\proxyDrawOverride.cpp.obj
[2022-11-09T21:44:53.515Z]     [136/621] Building CXX object lib\mayaUsd\CMakeFiles\mayaUsd.dir\render\vp2RenderDelegate\draw_item.cpp.obj
[2022-11-09T21:44:53.848Z]     [137/621] Building CXX object lib\mayaUsd\CMakeFiles\mayaUsd.dir\render\vp2RenderDelegate\extComputation.cpp.obj
[2022-11-09T21:44:54.182Z]     [138/621] Building CXX object lib\mayaUsd\CMakeFiles\mayaUsd.dir\render\pxrUsdMayaGL\instancerImager.cpp.obj
[2022-11-09T21:44:54.515Z]     [139/621] Building CXX object lib\mayaUsd\CMakeFiles\mayaUsd.dir\render\pxrUsdMayaGL\shapeAdapter.cpp.obj
[2022-11-09T21:44:55.223Z]     [140/621] Building CXX object lib\mayaUsd\CMakeFiles\mayaUsd.dir\render\pxrUsdMayaGL\sceneDelegate.cpp.obj
[2022-11-09T21:44:55.224Z]     [141/621] Building CXX object lib\mayaUsd\CMakeFiles\mayaUsd.dir\render\vp2RenderDelegate\shader.cpp.obj
[2022-11-09T21:44:55.224Z]     [142/621] Building CXX object lib\mayaUsd\CMakeFiles\mayaUsd.dir\undo\OpUndoItemRecorder.cpp.obj
[2022-11-09T21:44:55.557Z]     [143/621] Building CXX object lib\mayaUsd\CMakeFiles\mayaUsd.dir\render\pxrUsdMayaGL\proxyShapeUI.cpp.obj
[2022-11-09T21:44:55.557Z]     [144/621] Building CXX object lib\mayaUsd\CMakeFiles\mayaUsd.dir\render\vp2RenderDelegate\instancer.cpp.obj
[2022-11-09T21:44:56.280Z]     [145/621] Building CXX object lib\mayaUsd\CMakeFiles\mayaUsd.dir\render\vp2RenderDelegate\tokens.cpp.obj
[2022-11-09T21:44:56.615Z]     [146/621] Building CXX object lib\mayaUsd\CMakeFiles\mayaUsd.dir\undo\UsdUndoableItem.cpp.obj
[2022-11-09T21:44:56.947Z]     [147/621] Building CXX object lib\mayaUsd\CMakeFiles\mayaUsd.dir\utils\colorSpace.cpp.obj
[2022-11-09T21:44:58.091Z]     [148/621] Building CXX object lib\mayaUsd\CMakeFiles\mayaUsd.dir\render\vp2ShaderFragments\shaderFragments.cpp.obj
[2022-11-09T21:44:58.091Z]     [149/621] Building CXX object lib\mayaUsd\CMakeFiles\mayaUsd.dir\render\pxrUsdMayaGL\usdProxyShapeAdapter.cpp.obj
[2022-11-09T21:44:58.091Z]     [150/621] Building CXX object lib\mayaUsd\CMakeFiles\mayaUsd.dir\render\vp2RenderDelegate\render_param.cpp.obj
[2022-11-09T21:44:58.091Z]     [151/621] Building CXX object lib\mayaUsd\CMakeFiles\mayaUsd.dir\render\vp2RenderDelegate\sampler.cpp.obj
[2022-11-09T21:44:58.424Z]     [152/621] Building CXX object lib\mayaUsd\CMakeFiles\mayaUsd.dir\utils\blockSceneModificationContext.cpp.obj
[2022-11-09T21:44:58.760Z]     [153/621] Building CXX object lib\mayaUsd\CMakeFiles\mayaUsd.dir\undo\OpUndoItemList.cpp.obj
[2022-11-09T21:44:59.470Z]     [154/621] Building CXX object lib\mayaUsd\CMakeFiles\mayaUsd.dir\utils\dynamicAttribute.cpp.obj
[2022-11-09T21:44:59.802Z]     [155/621] Building CXX object lib\mayaUsd\CMakeFiles\mayaUsd.dir\render\vp2RenderDelegate\basisCurves.cpp.obj
[2022-11-09T21:45:00.949Z]     [156/621] Building CXX object lib\mayaUsd\CMakeFiles\mayaUsd.dir\utils\diagnosticDelegate.cpp.obj
[2022-11-09T21:45:01.282Z]     [157/621] Building CXX object lib\mayaUsd\CMakeFiles\mayaUsd.dir\render\vp2RenderDelegate\mesh.cpp.obj
[2022-11-09T21:45:02.431Z]     [158/621] Building CXX object lib\mayaUsd\CMakeFiles\mayaUsd.dir\render\vp2RenderDelegate\material.cpp.obj
[2022-11-09T21:45:02.431Z]     [159/621] Building CXX object lib\mayaUsd\CMakeFiles\mayaUsd.dir\undo\OpUndoItems.cpp.obj
[2022-11-09T21:45:03.139Z]     [160/621] Building CXX object lib\mayaUsd\CMakeFiles\mayaUsd.dir\undo\UsdUndoStateDelegate.cpp.obj
[2022-11-09T21:45:03.139Z]     [161/621] Building CXX object lib\mayaUsd\CMakeFiles\mayaUsd.dir\undo\UsdUndoManager.cpp.obj
[2022-11-09T21:45:03.474Z]     [162/621] Building CXX object lib\mayaUsd\CMakeFiles\mayaUsd.dir\render\vp2RenderDelegate\render_delegate.cpp.obj
[2022-11-09T21:45:04.617Z]     [163/621] Building CXX object lib\mayaUsd\CMakeFiles\mayaUsd.dir\render\vp2RenderDelegate\mayaPrimCommon.cpp.obj
[2022-11-09T21:45:04.950Z]     [164/621] Building CXX object lib\mayaUsd\CMakeFiles\mayaUsd.dir\utils\plugRegistryHelper.cpp.obj
[2022-11-09T21:45:05.282Z]     [165/621] Building CXX object lib\mayaUsd\CMakeFiles\mayaUsd.dir\undo\UsdUndoBlock.cpp.obj
[2022-11-09T21:45:05.615Z]     [166/621] Building CXX object lib\mayaUsd\CMakeFiles\mayaUsd.dir\utils\customLayerData.cpp.obj
[2022-11-09T21:45:06.438Z]     [167/621] Building CXX object lib\mayaUsd\CMakeFiles\mayaUsd.dir\utils\progressBarScope.cpp.obj
[2022-11-09T21:45:06.438Z]     [168/621] Building CXX object lib\mayaUsd\CMakeFiles\mayaUsd.dir\utils\editability.cpp.obj
[2022-11-09T21:45:06.771Z]     [169/621] Building CXX object lib\mayaUsd\CMakeFiles\mayaUsd.dir\render\vp2RenderDelegate\proxyRenderDelegate.cpp.obj
[2022-11-09T21:45:07.110Z]     [170/621] Building CXX object lib\mayaUsd\CMakeFiles\mayaUsd.dir\render\vp2RenderDelegate\points.cpp.obj
[2022-11-09T21:45:07.819Z]     [171/621] Building CXX object lib\mayaUsd\CMakeFiles\mayaUsd.dir\utils\query.cpp.obj
[2022-11-09T21:45:08.152Z]     [172/621] Building CXX object test\lib\usd\plugin\CMakeFiles\usdTestMayaPlugin.dir\plugin.cpp.obj
[2022-11-09T21:45:08.485Z]     [173/621] Building CXX object lib\mayaUsd\CMakeFiles\mayaUsd.dir\utils\converter.cpp.obj
[2022-11-09T21:45:08.817Z]     [174/621] Building CXX object lib\mayaUsd\CMakeFiles\mayaUsd.dir\utils\layerMuting.cpp.obj
[2022-11-09T21:45:08.817Z]     [175/621] Building CXX object lib\mayaUsd\CMakeFiles\mayaUsd.dir\utils\traverseLayer.cpp.obj
[2022-11-09T21:45:09.153Z]     [176/621] Building CXX object lib\mayaUsd\CMakeFiles\mayaUsd.dir\utils\loadRulesText.cpp.obj
[2022-11-09T21:45:09.153Z]     [177/621] Building CXX object lib\mayaUsd\CMakeFiles\mayaUsd.dir\utils\loadRules.cpp.obj
[2022-11-09T21:45:09.153Z]     [178/621] Building CXX object lib\mayaUsd\CMakeFiles\mayaUsd.dir\utils\editRouter.cpp.obj
[2022-11-09T21:45:09.153Z]     [179/621] Copying api.h ...
[2022-11-09T21:45:09.153Z]     [180/621] Copying importCommand.h ...
[2022-11-09T21:45:09.503Z]     [181/621] Building CXX object test\lib\usd\plugin\CMakeFiles\usdTestInfoImportChaser.dir\plugin.cpp.obj
[2022-11-09T21:45:09.503Z]     [182/621] Copying referenceAssembly.h ...
[2022-11-09T21:45:09.503Z]     [183/621] Copying readJobWithSceneAssembly.h ...
[2022-11-09T21:45:09.503Z]     [184/621] Copying translatorModelAssembly.h ...
[2022-11-09T21:45:09.503Z]     [185/621] Building CXX object lib\mayaUsd\CMakeFiles\mayaUsd.dir\utils\undoHelperCommand.cpp.obj
[2022-11-09T21:45:09.503Z]     [186/621] Copying exportCommand.h ...
[2022-11-09T21:45:09.503Z]     [187/621] Copying importTranslator.h ...
[2022-11-09T21:45:09.503Z]     [188/621] Copying proxyShape.h ...
[2022-11-09T21:45:09.503Z]     [189/621] Copying exportTranslator.h ...
[2022-11-09T21:45:09.503Z]     [190/621] Copying editUtil.h ...
[2022-11-09T21:45:09.503Z]     [191/621] Copying listShadingModesCommand.h ...
[2022-11-09T21:45:09.503Z]     [192/621] Generating AEpxrUsdReferenceAssemblyTemplate.pyc
[2022-11-09T21:45:09.503Z]     [193/621] Generating __init__.pyc
[2022-11-09T21:45:09.837Z]     [194/621] Generating userExportedAttributesUI.pyc
[2022-11-09T21:45:09.837Z]     [195/621] Building CXX object test\lib\usd\plugin\CMakeFiles\usdTestApiWriter.dir\plugin.cpp.obj
[2022-11-09T21:45:09.837Z]     [196/621] Copying api.h ...
[2022-11-09T21:45:09.837Z]     [197/621] Copying instancerShapeAdapterWithSceneAssembly.h ...
[2022-11-09T21:45:09.837Z]     [198/621] Copying api.h ...
[2022-11-09T21:45:10.984Z]     [199/621] Building CXX object plugin\al\utils\AL\CMakeFiles\AL_EventSystem.dir\event\EventHandler.cpp.obj
[2022-11-09T21:45:10.984Z]     [200/621] Building CXX object lib\mayaUsd\CMakeFiles\mayaUsd.dir\utils\loadRulesAttribute.cpp.obj
[2022-11-09T21:45:11.317Z]     [201/621] Building CXX object plugin\al\mayatest\AL\maya\test\CMakeFiles\AL_MayaTest.dir\testHelpers.cpp.obj
[2022-11-09T21:45:12.973Z]     [202/621] Building CXX object lib\mayaUsd\CMakeFiles\mayaUsd.dir\utils\selectability.cpp.obj
[2022-11-09T21:45:12.973Z]     [203/621] Building CXX object lib\mayaUsd\CMakeFiles\mayaUsd.dir\utils\stageCache.cpp.obj
[2022-11-09T21:45:12.973Z]     [204/621] Building CXX object lib\mayaUsd\CMakeFiles\mayaUsd.dir\utils\variants.cpp.obj
[2022-11-09T21:45:13.306Z]     [205/621] Building CXX object plugin\pxr\maya\lib\usdMaya\CMakeFiles\usdMaya.dir\listShadingModesCommand.cpp.obj
[2022-11-09T21:45:14.452Z]     [206/621] Building CXX object lib\mayaUsd\CMakeFiles\mayaUsd.dir\utils\utilDictionary.cpp.obj
[2022-11-09T21:45:15.599Z]     [207/621] Building CXX object test\lib\usd\plugin\CMakeFiles\usdTestInfoImportChaser.dir\infoImportChaser.cpp.obj
[2022-11-09T21:45:15.599Z]     [208/621] Building CXX object lib\mayaUsd\CMakeFiles\mayaUsd.dir\utils\utilSerialization.cpp.obj
[2022-11-09T21:45:15.599Z]     [209/621] Building CXX object lib\mayaUsd\CMakeFiles\mayaUsd.dir\utils\utilFileSystem.cpp.obj
[2022-11-09T21:45:15.599Z]     [210/621] Building CXX object plugin\pxr\maya\lib\usdMaya\CMakeFiles\_usdMaya.dir\module.cpp.obj
[2022-11-09T21:45:15.932Z]     [211/621] Building CXX object test\lib\usd\plugin\CMakeFiles\usdTestApiWriter.dir\nullApiExporter.cpp.obj
[2022-11-09T21:45:16.264Z]     [212/621] Building CXX object test\lib\usd\plugin\CMakeFiles\usdTestMayaPlugin.dir\mayaShaderTranslation.cpp.obj
[2022-11-09T21:45:16.264Z]     [213/621] Building CXX object test\lib\usd\plugin\CMakeFiles\usdTestUsdPlugin.dir\mayaShaderTranslation.cpp.obj
[2022-11-09T21:45:16.974Z]     [214/621] Building CXX object plugin\pxr\maya\lib\usdMaya\CMakeFiles\usdMaya.dir\exportCommand.cpp.obj
[2022-11-09T21:45:18.119Z]     [215/621] Building CXX object lib\mayaUsd\CMakeFiles\mayaUsd.dir\utils\util.cpp.obj
[2022-11-09T21:45:18.451Z]     [216/621] Linking CXX shared library plugin\al\utils\AL\AL_EventSystem.dll
[2022-11-09T21:45:19.161Z]     [217/621] Building CXX object plugin\pxr\maya\lib\usdMaya\CMakeFiles\usdMaya.dir\translatorModelAssembly.cpp.obj
[2022-11-09T21:45:19.493Z]     [218/621] Building CXX object plugin\pxr\maya\lib\usdMaya\CMakeFiles\usdMaya.dir\editUtil.cpp.obj
[2022-11-09T21:45:19.825Z]     [219/621] Building CXX object plugin\al\mayatest\AL\maya\test\CMakeFiles\AL_MayaTest.dir\testHarness.cpp.obj
[2022-11-09T21:45:20.150Z]     [220/621] Building CXX object plugin\pxr\maya\lib\usdMaya\CMakeFiles\usdMaya.dir\readJobWithSceneAssembly.cpp.obj
[2022-11-09T21:45:20.484Z]     [221/621] Building CXX object plugin\al\mayautils\AL\maya\CMakeFiles\AL_MayaUtils.dir\utils\FileTranslatorOptions.cpp.obj
[2022-11-09T21:45:20.484Z]     [222/621] Linking CXX shared library plugin\al\mayatest\AL\maya\test\AL_MayaTest.dll
[2022-11-09T21:45:20.484Z]     [223/621] Building CXX object plugin\al\mayautils\AL\maya\CMakeFiles\AL_MayaUtils.dir\utils\Utils.cpp.obj
[2022-11-09T21:45:20.484Z]     [224/621] Building CXX object plugin\al\mayautils\AL\maya\CMakeFiles\AL_MayaUtils.dir\utils\MenuBuilder.cpp.obj
[2022-11-09T21:45:20.484Z]     [225/621] Building CXX object plugin\pxr\maya\lib\usdMaya\CMakeFiles\usdMaya.dir\importCommand.cpp.obj
[2022-11-09T21:45:21.227Z]     [226/621] Building CXX object plugin\al\mayautils\AL\maya\CMakeFiles\AL_MayaUtils.dir\utils\PluginTranslatorOptions.cpp.obj
[2022-11-09T21:45:21.227Z]     [227/621] Building CXX object plugin\pxr\maya\lib\usdMaya\CMakeFiles\usdMaya.dir\exportTranslator.cpp.obj
[2022-11-09T21:45:21.560Z]     [228/621] Building CXX object plugin\al\mayautils\AL\maya\CMakeFiles\AL_MayaUtils.dir\event\MayaEventManager.cpp.obj
[2022-11-09T21:45:21.894Z]     [229/621] Building CXX object plugin\pxr\maya\lib\usdMaya\CMakeFiles\usdMaya.dir\instancerShapeAdapterWithSceneAssembly.cpp.obj
[2022-11-09T21:45:21.894Z]     [230/621] Building CXX object plugin\al\mayautils\AL\maya\CMakeFiles\AL_MayaUtils.dir\utils\NodeHelper.cpp.obj
[2022-11-09T21:45:22.228Z]     [231/621] Building CXX object plugin\al\mayautils\AL\maya\CMakeFiles\AL_MayaUtils.dir\utils\CommandGuiHelper.cpp.obj
[2022-11-09T21:45:22.228Z]     [232/621] Building CXX object plugin\pxr\maya\lib\usdMaya\CMakeFiles\usdMaya.dir\importTranslator.cpp.obj
[2022-11-09T21:45:22.228Z]     [233/621] Building CXX object plugin\pxr\maya\lib\usdMaya\CMakeFiles\_usdMaya.dir\wrapAssembly.cpp.obj
[2022-11-09T21:45:22.563Z]     [234/621] Building CXX object plugin\al\lib\AL_USDMaya\CMakeFiles\AL_USDMaya.dir\AL\usdmaya\nodes\Layer.cpp.obj
[2022-11-09T21:45:22.896Z]     [235/621] Building CXX object plugin\al\mayautils\AL\maya\tests\mayaplugintest\CMakeFiles\AL_MayaUtilsTests.dir\utils\CommandGuiHelperTest.cpp.obj
[2022-11-09T21:45:23.229Z]     [236/621] Building CXX object plugin\al\mayautils\AL\maya\tests\mayaplugintest\CMakeFiles\AL_MayaUtilsTests.dir\plugin.cpp.obj
[2022-11-09T21:45:23.561Z]     [237/621] Building CXX object plugin\al\mayautils\AL\maya\tests\mayaplugintest\CMakeFiles\AL_MayaUtilsTests.dir\test_mobjectmap.cpp.obj
[2022-11-09T21:45:23.894Z]     [238/621] Building CXX object plugin\al\mayautils\AL\maya\tests\mayaplugintest\CMakeFiles\AL_MayaUtilsTests.dir\utils\NodeHelperUnitTest.cpp.obj
[2022-11-09T21:45:23.894Z]     [239/621] Building CXX object plugin\al\mayautils\AL\maya\tests\mayaplugintest\CMakeFiles\AL_MayaUtilsTests.dir\test_maya_MenuBuilder.cpp.obj
[2022-11-09T21:45:24.226Z]     [240/621] Building CXX object plugin\pxr\maya\lib\usdMaya\CMakeFiles\usdMaya.dir\proxyShape.cpp.obj
[2022-11-09T21:45:24.559Z]     [241/621] Building CXX object plugin\pxr\maya\lib\usdMaya\CMakeFiles\_usdMaya.dir\wrapEditUtil.cpp.obj
[2022-11-09T21:45:24.559Z]     [242/621] Building CXX object plugin\al\mayautils\AL\maya\tests\mayaplugintest\CMakeFiles\AL_MayaUtilsTests.dir\test_maya_NodeHelper.cpp.obj
[2022-11-09T21:45:24.892Z]     [243/621] Building CXX object plugin\pxr\maya\plugin\pxrUsd\CMakeFiles\pxrUsd.dir\usdTranslator.cpp.obj
[2022-11-09T21:45:24.892Z]     [244/621] Building CXX object plugin\al\mayautils\AL\maya\tests\mayaplugintest\CMakeFiles\AL_MayaUtilsTests.dir\utils\PluginTranslatorOptionsTest.cpp.obj
[2022-11-09T21:45:25.600Z]     [245/621] Building CXX object plugin\pxr\maya\plugin\pxrUsdPreviewSurface\CMakeFiles\pxrUsdPreviewSurface.dir\plugin.cpp.obj
[2022-11-09T21:45:25.932Z]     [246/621] Building CXX object plugin\pxr\maya\plugin\pxrUsd\CMakeFiles\pxrUsd.dir\alembicChaser.cpp.obj
[2022-11-09T21:45:28.176Z]     [247/621] Building CXX object plugin\pxr\maya\lib\usdMaya\CMakeFiles\usdMaya.dir\referenceAssembly.cpp.obj
[2022-11-09T21:45:28.176Z]     [248/621] Building CXX object plugin\pxr\maya\plugin\pxrUsd\CMakeFiles\pxrUsd.dir\plugin.cpp.obj
[2022-11-09T21:45:28.508Z]     [249/621] Building CXX object plugin\al\usdtransaction\AL\usd\transaction\CMakeFiles\_AL_USDTransaction.dir\module.cpp.obj
[2022-11-09T21:45:30.162Z]     [250/621] Building CXX object plugin\al\lib\AL_USDMaya\CMakeFiles\AL_USDMaya.dir\AL\usdmaya\nodes\LayerManager.cpp.obj
[2022-11-09T21:45:30.523Z]     [251/621] Building CXX object plugin\al\usdmayautils\AL\usdmaya\utils\CMakeFiles\AL_USDMayaUtils.dir\AnimationTranslator.cpp.obj
[2022-11-09T21:45:30.867Z]     [252/621] Building CXX object plugin\al\lib\AL_USDMaya\CMakeFiles\AL_USDMaya.dir\AL\usdmaya\nodes\MeshAnimCreator.cpp.obj
[2022-11-09T21:45:30.867Z]     [253/621] Building CXX object plugin\al\usdmayautils\AL\usdmaya\utils\CMakeFiles\AL_USDMayaUtils.dir\NurbsCurveUtils.cpp.obj
[2022-11-09T21:45:31.211Z]     [254/621] Building CXX object plugin\al\usdmayautils\AL\usdmaya\utils\CMakeFiles\AL_USDMayaUtils.dir\Utils.cpp.obj
[2022-11-09T21:45:31.211Z]     [255/621] Building CXX object plugin\al\usdmayautils\AL\usdmaya\utils\CMakeFiles\AL_USDMayaUtils.dir\AttributeType.cpp.obj
[2022-11-09T21:45:31.570Z]     [256/621] Building CXX object plugin\al\lib\AL_USDMaya\CMakeFiles\AL_USDMaya.dir\AL\usdmaya\nodes\MeshAnimDeformer.cpp.obj
[2022-11-09T21:45:31.570Z]     [257/621] Building CXX object plugin\al\usdtransaction\AL\usd\transaction\tests\CMakeFiles\AL_USDTransactionTests.dir\testMain.cpp.obj
[2022-11-09T21:45:31.570Z]     [258/621] Building CXX object plugin\al\usdtransaction\AL\usd\transaction\CMakeFiles\AL_USDTransaction.dir\Transaction.cpp.obj
[2022-11-09T21:45:32.067Z]     [259/621] Building CXX object plugin\al\usdtransaction\AL\usd\transaction\CMakeFiles\AL_USDTransaction.dir\Notice.cpp.obj
[2022-11-09T21:45:32.408Z]     [260/621] Building CXX object plugin\al\lib\AL_USDMaya\CMakeFiles\AL_USDMaya.dir\AL\usdmaya\Metadata.cpp.obj
[2022-11-09T21:45:32.742Z]     [261/621] Building CXX object plugin\al\usdmayautils\AL\usdmaya\utils\CMakeFiles\AL_USDMayaUtils.dir\DiffPrimVar.cpp.obj
[2022-11-09T21:45:32.742Z]     [262/621] Building CXX object plugin\al\lib\AL_USDMaya\CMakeFiles\AL_USDMaya.dir\AL\usdmaya\DebugCodes.cpp.obj
[2022-11-09T21:45:33.076Z]     [263/621] Building CXX object plugin\al\usdtransaction\AL\usd\transaction\CMakeFiles\AL_USDTransaction.dir\TransactionManager.cpp.obj
[2022-11-09T21:45:33.785Z]     [264/621] Linking CXX shared library plugin\al\usdtransaction\AL\usd\transaction\AL_USDTransaction.dll
[2022-11-09T21:45:34.117Z]     [265/621] Building CXX object plugin\al\lib\AL_USDMaya\CMakeFiles\AL_USDMaya.dir\AL\usdmaya\cmds\EventCommand.cpp.obj
[2022-11-09T21:45:34.450Z]     [266/621] Building CXX object plugin\al\usdmayautils\AL\usdmaya\utils\CMakeFiles\AL_USDMayaUtils.dir\DgNodeHelper.cpp.obj
[2022-11-09T21:45:34.782Z]     [267/621] Building CXX object plugin\al\lib\AL_USDMaya\CMakeFiles\AL_USDMaya.dir\AL\usdmaya\cmds\DebugCommands.cpp.obj
[2022-11-09T21:45:34.782Z]     [268/621] Building CXX object plugin\al\lib\AL_USDMaya\CMakeFiles\AL_USDMaya.dir\AL\usdmaya\nodes\Engine.cpp.obj
[2022-11-09T21:45:34.782Z]     [269/621] Building CXX object plugin\al\usdmayautils\AL\usdmaya\utils\CMakeFiles\AL_USDMayaUtils.dir\MeshUtils.cpp.obj
[2022-11-09T21:45:35.116Z]     [270/621] Building CXX object plugin\al\lib\AL_USDMaya\CMakeFiles\AL_USDMaya.dir\AL\usdmaya\StageCache.cpp.obj
[2022-11-09T21:45:35.454Z]     [271/621] Building CXX object plugin\al\lib\AL_USDMaya\CMakeFiles\AL_USDMaya.dir\AL\usdmaya\cmds\RendererCommands.cpp.obj
[2022-11-09T21:45:35.840Z]     [272/621] Building CXX object plugin\al\usdtransaction\AL\usd\transaction\CMakeFiles\_AL_USDTransaction.dir\wrapNotice.cpp.obj
[2022-11-09T21:45:36.548Z]     [273/621] Building CXX object plugin\al\lib\AL_USDMaya\CMakeFiles\AL_USDMaya.dir\AL\usdmaya\moduleDeps.cpp.obj
[2022-11-09T21:45:37.255Z]     [274/621] Building CXX object plugin\al\usdtransaction\AL\usd\transaction\CMakeFiles\_AL_USDTransaction.dir\wrapTransaction.cpp.obj
[2022-11-09T21:45:37.587Z]     [275/621] Building CXX object plugin\al\lib\AL_USDMaya\CMakeFiles\AL_USDMaya.dir\AL\usdmaya\cmds\SyncFileIOGui.cpp.obj
[2022-11-09T21:45:37.920Z]     [276/621] Building CXX object plugin\al\usdtransaction\AL\usd\transaction\tests\CMakeFiles\AL_USDTransactionTests.dir\testTransactionManager.cpp.obj
[2022-11-09T21:45:39.064Z]     [277/621] Building CXX object plugin\al\usdtransaction\AL\usd\transaction\tests\CMakeFiles\AL_USDTransactionTests.dir\testTransaction.cpp.obj
[2022-11-09T21:45:39.397Z]     [278/621] Linking CXX executable plugin\al\usdtransaction\AL\usd\transaction\tests\AL_USDTransactionTests.exe
[2022-11-09T21:45:40.119Z]     [279/621] Building CXX object plugin\al\lib\AL_USDMaya\CMakeFiles\AL_USDMaya.dir\AL\usdmaya\TransformOperation.cpp.obj
[2022-11-09T21:45:40.119Z]     [280/621] Building CXX object plugin\al\lib\AL_USDMaya\CMakeFiles\AL_USDMaya.dir\AL\usdmaya\Global.cpp.obj
[2022-11-09T21:45:40.119Z]     [281/621] Building CXX object plugin\al\usdtransaction\AL\usd\transaction\CMakeFiles\_AL_USDTransaction.dir\wrapTransactionManager.cpp.obj
[2022-11-09T21:45:40.881Z]     [282/621] Linking CXX shared library plugin\al\usdtransaction\AL\usd\transaction\_AL_USDTransaction.pyd
[2022-11-09T21:45:41.214Z]     [283/621] Building CXX object plugin\al\lib\AL_USDMaya\CMakeFiles\AL_USDMaya.dir\AL\usdmaya\cmds\CreateUsdPrim.cpp.obj
[2022-11-09T21:45:41.921Z]     [284/621] Building CXX object plugin\al\lib\AL_USDMaya\CMakeFiles\AL_USDMaya.dir\AL\usdmaya\cmds\ListTranslators.cpp.obj
[2022-11-09T21:45:43.304Z]     [285/621] Building CXX object plugin\al\lib\AL_USDMaya\CMakeFiles\AL_USDMaya.dir\AL\usdmaya\cmds\LayerCommands.cpp.obj
[2022-11-09T21:45:43.657Z]     [286/621] Building CXX object plugin\al\lib\AL_USDMaya\CMakeFiles\AL_USDMaya.dir\AL\usdmaya\cmds\ProxyShapePostLoadProcess.cpp.obj
[2022-11-09T21:45:43.657Z]     [287/621] Building CXX object plugin\al\lib\AL_USDMaya\CMakeFiles\AL_USDMaya.dir\AL\usdmaya\fileio\ExportTranslator.cpp.obj
[2022-11-09T21:45:43.657Z]     [288/621] Building CXX object plugin\al\lib\AL_USDMaya\CMakeFiles\AL_USDMaya.dir\AL\usdmaya\cmds\ProxyShapeCommands.cpp.obj
[2022-11-09T21:45:44.107Z]     [289/621] Building CXX object plugin\al\lib\AL_USDMaya\CMakeFiles\AL_USDMaya.dir\AL\usdmaya\fileio\AnimationTranslator.cpp.obj
[2022-11-09T21:45:44.614Z]     [290/621] Building CXX object plugin\al\lib\AL_USDMaya\CMakeFiles\AL_USDMaya.dir\AL\usdmaya\fileio\Import.cpp.obj
[2022-11-09T21:45:44.966Z]     [291/621] Building CXX object plugin\al\lib\AL_USDMaya\CMakeFiles\AL_USDMaya.dir\AL\usdmaya\fileio\Export.cpp.obj
[2022-11-09T21:45:45.339Z]     [292/621] Building CXX object lib\mayaUsd\python\CMakeFiles\_mayaUsd.dir\module.cpp.obj
[2022-11-09T21:45:45.339Z]     [293/621] Building CXX object plugin\al\lib\AL_USDMaya\CMakeFiles\AL_USDMaya.dir\AL\usdmaya\fileio\SchemaPrims.cpp.obj
[2022-11-09T21:45:46.087Z]     [294/621] Building CXX object plugin\al\lib\AL_USDMaya\CMakeFiles\AL_USDMaya.dir\AL\usdmaya\fileio\translators\DagNodeTranslator.cpp.obj
[2022-11-09T21:45:46.087Z]     [295/621] Building CXX object plugin\al\lib\AL_USDMaya\CMakeFiles\AL_USDMaya.dir\AL\usdmaya\cmds\UnloadPrim.cpp.obj
[2022-11-09T21:45:47.793Z]     [296/621] Building CXX object plugin\al\lib\AL_USDMaya\CMakeFiles\AL_USDMaya.dir\AL\usdmaya\fileio\TransformIterator.cpp.obj
[2022-11-09T21:45:48.124Z]     [297/621] Building CXX object plugin\al\lib\AL_USDMaya\CMakeFiles\AL_USDMaya.dir\AL\usdmaya\fileio\ImportTranslator.cpp.obj
[2022-11-09T21:45:48.459Z]     [298/621] Building CXX object plugin\al\lib\AL_USDMaya\CMakeFiles\AL_USDMaya.dir\AL\usdmaya\fileio\NodeFactory.cpp.obj
[2022-11-09T21:45:49.208Z]     [299/621] Building CXX object lib\mayaUsd\python\CMakeFiles\_mayaUsd.dir\wrapBlockSceneModificationContext.cpp.obj
[2022-11-09T21:45:49.923Z]     [300/621] Building CXX object lib\mayaUsd\python\CMakeFiles\_mayaUsd.dir\pythonObjectRegistry.cpp.obj
[2022-11-09T21:45:49.923Z]     [301/621] Building CXX object plugin\al\lib\AL_USDMaya\CMakeFiles\AL_USDMaya.dir\AL\usdmaya\fileio\translators\DgNodeTranslator.cpp.obj
[2022-11-09T21:45:50.255Z]     [302/621] Building CXX object plugin\al\lib\AL_USDMaya\CMakeFiles\AL_USDMaya.dir\AL\usdmaya\fileio\translators\TranslatorContext.cpp.obj
[2022-11-09T21:45:50.255Z]     [303/621] Building CXX object plugin\al\lib\AL_USDMaya\CMakeFiles\AL_USDMaya.dir\AL\usdmaya\fileio\translators\TranslatorTestType.cpp.obj
[2022-11-09T21:45:50.255Z]     [304/621] Building CXX object plugin\al\lib\AL_USDMaya\CMakeFiles\AL_USDMaya.dir\AL\usdmaya\fileio\translators\ExtraDataPlugin.cpp.obj
[2022-11-09T21:45:50.588Z]     [305/621] Building CXX object plugin\al\lib\AL_USDMaya\CMakeFiles\AL_USDMaya.dir\AL\usdmaya\fileio\translators\TranslatorTestPlugin.cpp.obj
[2022-11-09T21:45:51.295Z]     [306/621] Building CXX object plugin\al\lib\AL_USDMaya\CMakeFiles\AL_USDMaya.dir\AL\usdmaya\fileio\translators\TranslatorBase.cpp.obj
[2022-11-09T21:45:51.295Z]     [307/621] Building CXX object plugin\al\lib\AL_USDMaya\CMakeFiles\AL_USDMaya.dir\AL\usdmaya\fileio\translators\TestExtraDataPlugin.cpp.obj
[2022-11-09T21:45:52.439Z]     [308/621] Building CXX object plugin\al\lib\AL_USDMaya\CMakeFiles\AL_USDMaya.dir\AL\usdmaya\fileio\translators\TransformTranslator.cpp.obj
[2022-11-09T21:45:53.146Z]     [309/621] Building CXX object lib\mayaUsd\python\CMakeFiles\_mayaUsd.dir\wrapDiagnosticDelegate.cpp.obj
[2022-11-09T21:45:53.146Z]     [310/621] Building CXX object lib\mayaUsd\python\CMakeFiles\_mayaUsd.dir\wrapColorSpace.cpp.obj
[2022-11-09T21:45:53.478Z]     [311/621] Building CXX object lib\mayaUsd\python\CMakeFiles\_mayaUsd.dir\wrapSparseValueWriter.cpp.obj
[2022-11-09T21:45:53.478Z]     [312/621] Building CXX object lib\mayaUsd\python\CMakeFiles\_mayaUsd.dir\wrapTokens.cpp.obj
[2022-11-09T21:45:53.478Z]     [313/621] Building CXX object lib\mayaUsd\python\CMakeFiles\_mayaUsd.dir\wrapOpUndoItem.cpp.obj
[2022-11-09T21:45:54.215Z]     [314/621] Building CXX object lib\mayaUsd\python\CMakeFiles\_mayaUsd.dir\wrapMeshWriteUtils.cpp.obj
[2022-11-09T21:45:54.215Z]     [315/621] Building CXX object lib\mayaUsd\python\CMakeFiles\_mayaUsd.dir\wrapAdaptor.cpp.obj
[2022-11-09T21:45:56.470Z]     [316/621] Building CXX object lib\mayaUsd\python\CMakeFiles\_mayaUsd.dir\wrapEditRouter.cpp.obj
[2022-11-09T21:45:57.200Z]     [317/621] Building CXX object lib\mayaUsd\python\CMakeFiles\_mayaUsd.dir\wrapQuery.cpp.obj
[2022-11-09T21:45:57.200Z]     [318/621] Building CXX object lib\mayaUsd\python\CMakeFiles\_mayaUsd.dir\wrapConverter.cpp.obj
[2022-11-09T21:45:57.537Z]     [319/621] Building CXX object lib\mayaUsd\python\CMakeFiles\_mayaUsd.dir\wrapTranslatorUtil.cpp.obj
[2022-11-09T21:45:57.537Z]     [320/621] Building CXX object lib\mayaUsd\python\CMakeFiles\_mayaUsd.dir\wrapReadUtil.cpp.obj
[2022-11-09T21:45:57.871Z]     [321/621] Building CXX object lib\mayaUsd\python\CMakeFiles\_mayaUsd.dir\wrapRoundTripUtil.cpp.obj
[2022-11-09T21:45:59.053Z]     [322/621] Building CXX object lib\mayaUsd\python\CMakeFiles\_mayaUsd.dir\wrapStageCache.cpp.obj
[2022-11-09T21:45:59.053Z]     [323/621] Building CXX object lib\mayaUsd\python\CMakeFiles\_mayaUsd.dir\wrapUserTaggedAttribute.cpp.obj
[2022-11-09T21:45:59.386Z]     [324/621] Building CXX object lib\mayaUsd\python\CMakeFiles\_mayaUsd.dir\wrapUsdUndoManager.cpp.obj
[2022-11-09T21:46:01.036Z]     [325/621] Building CXX object lib\mayaUsd\python\CMakeFiles\_mayaUsd.dir\wrapOpenMaya.cpp.obj
[2022-11-09T21:46:01.036Z]     [326/621] Building CXX object lib\mayaUsd\python\CMakeFiles\_mayaUsd.dir\wrapUtil.cpp.obj
[2022-11-09T21:46:01.369Z]     [327/621] Building CXX object lib\mayaUsd\python\CMakeFiles\_mayaUsd.dir\wrapWriteUtil.cpp.obj
[2022-11-09T21:46:02.076Z]     [328/621] Building CXX object lib\mayaUsd\python\CMakeFiles\_mayaUsd.dir\wrapXformStack.cpp.obj
[2022-11-09T21:46:02.076Z]     [329/621] Building CXX object lib\usd\hdMaya\CMakeFiles\hdMaya.dir\adapters\adapterDebugCodes.cpp.obj
[2022-11-09T21:46:02.076Z]     [330/621] Building CXX object lib\mayaUsd\python\CMakeFiles\_mayaUsd.dir\wrapJobContextRegistry.cpp.obj
[2022-11-09T21:46:02.076Z]     [331/621] Building CXX object lib\mayaUsd\render\mayaToHydra\CMakeFiles\mtoh.dir\pluginDebugCodes.cpp.obj
[2022-11-09T21:46:03.220Z]     [332/621] Building CXX object lib\mayaUsd\python\CMakeFiles\_mayaUsd.dir\wrapExportChaser.cpp.obj
[2022-11-09T21:46:04.898Z]     [333/621] Building CXX object lib\mayaUsd\python\CMakeFiles\_mayaUsd.dir\wrapPrimWriter.cpp.obj
[2022-11-09T21:46:05.230Z]     [334/621] Building CXX object lib\mayaUsd\python\CMakeFiles\_mayaUsd.dir\wrapShadingMode.cpp.obj
[2022-11-09T21:46:05.563Z]     [335/621] Building CXX object lib\mayaUsd\python\CMakeFiles\_mayaUsd.dir\wrapShadingUtil.cpp.obj
[2022-11-09T21:46:05.563Z]     [336/621] Building CXX object lib\mayaUsd\python\CMakeFiles\_mayaUsd.dir\wrapImportChaser.cpp.obj
[2022-11-09T21:46:06.272Z]     [337/621] Building CXX object lib\usd\hdMaya\CMakeFiles\hdMaya.dir\adapters\areaLightAdapter.cpp.obj
[2022-11-09T21:46:06.605Z]     [338/621] Building CXX object lib\usd\hdMaya\CMakeFiles\hdMaya.dir\adapters\aiSkydomeLightAdapter.cpp.obj
[2022-11-09T21:46:06.605Z]     [339/621] Building CXX object lib\mayaUsd\python\CMakeFiles\_mayaUsd.dir\wrapSchemaApiAdaptor.cpp.obj
[2022-11-09T21:46:06.605Z]     [340/621] Building CXX object lib\mayaUsd\render\mayaToHydra\CMakeFiles\mtoh.dir\tokens.cpp.obj
[2022-11-09T21:46:07.313Z]     [341/621] Building CXX object lib\usd\hdMaya\CMakeFiles\hdMaya.dir\debugCodes.cpp.obj
[2022-11-09T21:46:07.313Z]     [342/621] Building CXX object lib\mayaUsd\python\CMakeFiles\_mayaUsd.dir\wrapPrimReader.cpp.obj
[2022-11-09T21:46:07.646Z]     [343/621] Building CXX object lib\usd\hdMaya\CMakeFiles\hdMaya.dir\utils.cpp.obj
[2022-11-09T21:46:07.979Z]     [344/621] Building CXX object lib\usd\hdMaya\CMakeFiles\hdMaya.dir\adapters\adapter.cpp.obj
[2022-11-09T21:46:07.979Z]     [345/621] Building CXX object lib\usd\hdMaya\CMakeFiles\hdMaya.dir\adapters\adapterRegistry.cpp.obj
[2022-11-09T21:46:10.928Z]     [346/621] Building CXX object lib\mayaUsd\render\mayaToHydra\CMakeFiles\mtoh.dir\utils.cpp.obj
[2022-11-09T21:46:10.928Z]     [347/621] Building CXX object lib\usd\hdMaya\CMakeFiles\hdMaya.dir\adapters\cameraAdapter.cpp.obj
[2022-11-09T21:46:12.073Z]     [348/621] Building CXX object lib\mayaUsd\render\mayaToHydra\CMakeFiles\mtoh.dir\shadingModeExporter.cpp.obj
[2022-11-09T21:46:13.217Z]     [349/621] Building CXX object lib\usd\hdMaya\CMakeFiles\hdMaya.dir\adapters\mayaAttrs.cpp.obj
[2022-11-09T21:46:13.217Z]     [350/621] Building CXX object lib\usd\hdMaya\CMakeFiles\hdMaya.dir\adapters\lightAdapter.cpp.obj
[2022-11-09T21:46:13.217Z]     [351/621] Building CXX object lib\mayaUsd\render\mayaToHydra\CMakeFiles\mtoh.dir\plugin.cpp.obj
[2022-11-09T21:46:13.551Z]     [352/621] Building CXX object lib\usd\hdMaya\CMakeFiles\hdMaya.dir\adapters\dagAdapter.cpp.obj
[2022-11-09T21:46:14.259Z]     [353/621] Building CXX object lib\usd\hdMaya\CMakeFiles\hdMaya.dir\adapters\directionalLightAdapter.cpp.obj
[2022-11-09T21:46:14.591Z]     [354/621] Building CXX object lib\usd\hdMaya\CMakeFiles\hdMaya.dir\adapters\spotLightAdapter.cpp.obj
[2022-11-09T21:46:14.925Z]     [355/621] Building CXX object lib\mayaUsd\render\mayaToHydra\CMakeFiles\mtoh.dir\defaultLightDelegate.cpp.obj
[2022-11-09T21:46:14.925Z]     [356/621] Building CXX object lib\mayaUsd\render\mayaToHydra\CMakeFiles\mtoh.dir\renderOverride.cpp.obj
[2022-11-09T21:46:15.272Z]     [357/621] Building CXX object lib\usd\hdMaya\CMakeFiles\hdMaya.dir\adapters\nurbsCurveAdapter.cpp.obj
[2022-11-09T21:46:15.272Z]     [358/621] Building CXX object lib\usd\hdMaya\CMakeFiles\hdMaya.dir\adapters\materialAdapter.cpp.obj
[2022-11-09T21:46:15.272Z]     [359/621] Building CXX object lib\mayaUsd\render\mayaToHydra\CMakeFiles\mtoh.dir\renderGlobals.cpp.obj
[2022-11-09T21:46:15.604Z]     [360/621] Building CXX object lib\usd\hdMaya\CMakeFiles\hdMaya.dir\delegates\delegateDebugCodes.cpp.obj
[2022-11-09T21:46:15.604Z]     [361/621] Building CXX object lib\mayaUsd\render\mayaToHydra\CMakeFiles\mtoh.dir\viewCommand.cpp.obj
[2022-11-09T21:46:15.937Z]     [362/621] Building CXX object lib\usd\hdMaya\CMakeFiles\hdMaya.dir\adapters\tokens.cpp.obj
[2022-11-09T21:46:16.270Z]     [363/621] Building CXX object lib\usd\pxrUsdPreviewSurface\CMakeFiles\basePxrUsdPreviewSurface.dir\cpvColor.cpp.obj
[2022-11-09T21:46:16.270Z]     [364/621] Building CXX object lib\usd\pxrUsdPreviewSurface\CMakeFiles\basePxrUsdPreviewSurface.dir\usdPreviewSurfaceShadingNodeOverride.cpp.obj
[2022-11-09T21:46:17.414Z]     [365/621] Building CXX object lib\usd\hdMaya\CMakeFiles\hdMaya.dir\adapters\materialNetworkConverter.cpp.obj
[2022-11-09T21:46:19.220Z]     [366/621] Building CXX object lib\usd\pxrUsdPreviewSurface\CMakeFiles\basePxrUsdPreviewSurface.dir\usdPreviewSurface.cpp.obj
[2022-11-09T21:46:19.220Z]     [367/621] Building CXX object lib\usd\hdMaya\CMakeFiles\hdMaya.dir\adapters\shapeAdapter.cpp.obj
[2022-11-09T21:46:19.220Z]     [368/621] Building CXX object lib\usd\hdMaya\CMakeFiles\hdMaya.dir\adapters\pointLightAdapter.cpp.obj
[2022-11-09T21:46:19.552Z]     [369/621] Building CXX object lib\usd\hdMaya\CMakeFiles\hdMaya.dir\adapters\proxyAdapter.cpp.obj
[2022-11-09T21:46:21.204Z]     [370/621] Building CXX object lib\usd\hdMaya\CMakeFiles\hdMaya.dir\delegates\delegate.cpp.obj
[2022-11-09T21:46:21.204Z]     [371/621] Building CXX object lib\usd\hdMaya\CMakeFiles\hdMaya.dir\adapters\meshAdapter.cpp.obj
[2022-11-09T21:46:21.204Z]     [372/621] Building CXX object lib\usd\hdMaya\CMakeFiles\hdMaya.dir\delegates\delegateRegistry.cpp.obj
[2022-11-09T21:46:21.911Z]     [373/621] Building CXX object lib\usd\hdMaya\CMakeFiles\hdMaya.dir\delegates\delegateCtx.cpp.obj
[2022-11-09T21:46:23.055Z]     [374/621] Building CXX object lib\usd\pxrUsdPreviewSurface\CMakeFiles\basePxrUsdPreviewSurface.dir\usdPreviewSurfacePlugin.cpp.obj
[2022-11-09T21:46:23.767Z]     [375/621] Building CXX object lib\usd\pxrUsdPreviewSurface\CMakeFiles\basePxrUsdPreviewSurface.dir\usdPreviewSurfaceReader.cpp.obj
[2022-11-09T21:46:23.767Z]     [376/621] Building CXX object lib\usd\hdMaya\CMakeFiles\hdMaya.dir\delegates\sceneDelegate.cpp.obj
[2022-11-09T21:46:24.475Z]     [377/621] Building CXX object plugin\pxr\maya\lib\usdMaya\CMakeFiles\usdMaya.dir\readJob_ImportWithProxies.cpp.obj
[2022-11-09T21:46:24.475Z]     [378/621] Building CXX object lib\usd\hdMaya\CMakeFiles\hdMaya.dir\delegates\proxyUsdImagingDelegate.cpp.obj
[2022-11-09T21:46:24.807Z]     [379/621] Building CXX object lib\usd\pxrUsdPreviewSurface\CMakeFiles\basePxrUsdPreviewSurface.dir\usdPreviewSurfaceWriter.cpp.obj
[2022-11-09T21:46:25.587Z]     [380/621] Building CXX object lib\usd\hdMaya\CMakeFiles\hdMaya.dir\delegates\testDelegate.cpp.obj
[2022-11-09T21:46:27.243Z]     [381/621] Building CXX object lib\usd\hdMaya\CMakeFiles\hdMaya.dir\delegates\proxyDelegate.cpp.obj
[2022-11-09T21:46:27.243Z]     [382/621] Building CXX object lib\usd\translators\CMakeFiles\mayaUsd_Translators.dir\lightRfMWriter.cpp.obj
[2022-11-09T21:46:27.243Z]     [383/621] Building CXX object lib\usd\translators\CMakeFiles\mayaUsd_Translators.dir\instancerWriter.cpp.obj
[2022-11-09T21:46:27.243Z]     [384/621] Building CXX object lib\usd\translators\CMakeFiles\mayaUsd_Translators.dir\cameraReader.cpp.obj
[2022-11-09T21:46:27.609Z]     [385/621] Building CXX object lib\usd\translators\CMakeFiles\mayaUsd_Translators.dir\cameraWriter.cpp.obj
[2022-11-09T21:46:27.609Z]     [386/621] Building CXX object lib\usd\translators\CMakeFiles\mayaUsd_Translators.dir\plugin.cpp.obj
[2022-11-09T21:46:28.802Z]     [387/621] Building CXX object lib\usd\translators\CMakeFiles\mayaUsd_Translators.dir\lightRfMReader.cpp.obj
[2022-11-09T21:46:29.136Z]     [388/621] Building CXX object lib\usd\translators\CMakeFiles\mayaUsd_Translators.dir\lightReader.cpp.obj
[2022-11-09T21:46:30.882Z]     [389/621] Building CXX object lib\usd\translators\CMakeFiles\mayaUsd_Translators.dir\locatorWriter.cpp.obj
[2022-11-09T21:46:30.882Z]     [390/621] Building CXX object lib\usd\translators\CMakeFiles\mayaUsd_Translators.dir\jointWriter.cpp.obj
[2022-11-09T21:46:31.239Z]     [391/621] Building CXX object lib\usd\translators\CMakeFiles\mayaUsd_Translators.dir\lightWriter.cpp.obj
[2022-11-09T21:46:31.239Z]     [392/621] Building CXX object lib\usd\translators\CMakeFiles\mayaUsd_Translators.dir\materialReader.cpp.obj
[2022-11-09T21:46:31.948Z]     [393/621] Building CXX object lib\usd\translators\CMakeFiles\mayaUsd_Translators.dir\meshReader.cpp.obj
[2022-11-09T21:46:32.657Z]     [394/621] Building CXX object lib\usd\translators\CMakeFiles\mayaUsd_Translators.dir\nurbsCurvesReader.cpp.obj
[2022-11-09T21:46:32.657Z]     [395/621] Building CXX object lib\usd\translators\CMakeFiles\mayaUsd_Translators.dir\mayaReferenceReader.cpp.obj
[2022-11-09T21:46:32.657Z]     [396/621] Building CXX object lib\usd\translators\CMakeFiles\mayaUsd_Translators.dir\meshWriter.cpp.obj
[2022-11-09T21:46:33.364Z]     [397/621] Building CXX object lib\usd\translators\CMakeFiles\mayaUsd_Translators.dir\shading\shadingTokens.cpp.obj
[2022-11-09T21:46:33.697Z]     [398/621] Building CXX object lib\usd\translators\CMakeFiles\mayaUsd_Translators.dir\nurbsPatchReader.cpp.obj
[2022-11-09T21:46:34.844Z]     [399/621] Building CXX object lib\usd\translators\CMakeFiles\mayaUsd_Translators.dir\scopeReader.cpp.obj
[2022-11-09T21:46:35.178Z]     [400/621] Building CXX object lib\usd\translators\CMakeFiles\mayaUsd_Translators.dir\meshWriter_BlendShapes.cpp.obj
[2022-11-09T21:46:35.886Z]     [401/621] Building CXX object lib\usd\translators\CMakeFiles\mayaUsd_Translators.dir\nurbsCurveWriter.cpp.obj
[2022-11-09T21:46:36.364Z]     [402/621] Building CXX object lib\usd\translators\CMakeFiles\mayaUsd_Translators.dir\particleWriter.cpp.obj
[2022-11-09T21:46:36.698Z]     [403/621] Building CXX object lib\usd\translators\CMakeFiles\mayaUsd_Translators.dir\nurbsSurfaceWriter.cpp.obj
[2022-11-09T21:46:38.351Z]     [404/621] Building CXX object lib\usd\translators\CMakeFiles\mayaUsd_Translators.dir\shading\usdBlinnReader.cpp.obj
[2022-11-09T21:46:38.351Z]     [405/621] Building CXX object lib\usd\translators\CMakeFiles\mayaUsd_Translators.dir\strokeWriter.cpp.obj
[2022-11-09T21:46:38.351Z]     [406/621] Building CXX object lib\usd\translators\CMakeFiles\mayaUsd_Translators.dir\xformReader.cpp.obj
[2022-11-09T21:46:40.004Z]     [407/621] Building CXX object lib\usd\translators\CMakeFiles\mayaUsd_Translators.dir\shading\usdBlinnWriter.cpp.obj
[2022-11-09T21:46:40.004Z]     [408/621] Building CXX object lib\usd\translators\CMakeFiles\mayaUsd_Translators.dir\shading\usdLambertReader.cpp.obj
[2022-11-09T21:46:40.004Z]     [409/621] Building CXX object lib\usd\translators\CMakeFiles\mayaUsd_Translators.dir\shading\usdLambertWriter.cpp.obj
[2022-11-09T21:46:40.004Z]     [410/621] Building CXX object lib\usd\translators\CMakeFiles\mayaUsd_Translators.dir\skelReader.cpp.obj
[2022-11-09T21:46:41.149Z]     [411/621] Building CXX object lib\usd\schemas\CMakeFiles\mayaUsd_Schemas.dir\tokens.cpp.obj
[2022-11-09T21:46:41.149Z]     [412/621] Building CXX object lib\usd\translators\CMakeFiles\mayaUsd_Translators.dir\shading\usdFileTextureWriter.cpp.obj
[2022-11-09T21:46:41.149Z]     [413/621] Building CXX object lib\usd\translators\CMakeFiles\mayaUsd_Translators.dir\shading\usdDisplacementShaderWriter.cpp.obj
[2022-11-09T21:46:41.149Z]     [414/621] Building CXX object lib\usd\schemas\CMakeFiles\_schemas.dir\module.cpp.obj
[2022-11-09T21:46:41.149Z]     [415/621] Building CXX object lib\usd\translators\CMakeFiles\mayaUsd_Translators.dir\shading\usdMaterialReader.cpp.obj
[2022-11-09T21:46:41.481Z]     [416/621] Building CXX object lib\usd\translators\CMakeFiles\mayaUsd_Translators.dir\shading\usdMaterialWriter.cpp.obj
[2022-11-09T21:46:41.814Z]     [417/621] Building CXX object lib\usd\schemas\CMakeFiles\mayaUsd_Schemas.dir\ModuleDeps.cpp.obj
[2022-11-09T21:46:42.146Z]     [418/621] Building CXX object lib\usd\utils\CMakeFiles\mayaUsdUtils.dir\DebugCodes.cpp.obj
[2022-11-09T21:46:42.511Z]     [419/621] Building CXX object lib\usd\utils\CMakeFiles\mayaUsdUtils.dir\DiffCore.cpp.obj
[2022-11-09T21:46:43.222Z]     [420/621] Building CXX object lib\usd\schemas\CMakeFiles\_schemas.dir\wrapTokens.cpp.obj
[2022-11-09T21:46:43.555Z]     [421/621] Building CXX object lib\usd\translators\CMakeFiles\mayaUsd_Translators.dir\shading\usdPhongReader.cpp.obj
[2022-11-09T21:46:43.555Z]     [422/621] Building CXX object lib\usd\translators\CMakeFiles\mayaUsd_Translators.dir\shading\usdPhongEWriter.cpp.obj
[2022-11-09T21:46:43.555Z]     [423/621] Building CXX object lib\usd\translators\CMakeFiles\mayaUsd_Translators.dir\shading\usdReflectWriter.cpp.obj
[2022-11-09T21:46:43.555Z]     [424/621] Building CXX object lib\usd\translators\CMakeFiles\mayaUsd_Translators.dir\shading\usdPhongWriter.cpp.obj
[2022-11-09T21:46:44.712Z]     [425/621] Building CXX object lib\usd\translators\CMakeFiles\mayaUsd_Translators.dir\shading\usdPrimvarReaderFloat3Reader.cpp.obj
[2022-11-09T21:46:46.398Z]     [426/621] Building CXX object lib\usd\schemas\CMakeFiles\mayaUsd_Schemas.dir\ALMayaReference.cpp.obj
[2022-11-09T21:46:47.573Z]     [427/621] Building CXX object lib\usd\schemas\CMakeFiles\mayaUsd_Schemas.dir\MayaReference.cpp.obj
[2022-11-09T21:46:47.573Z]     [428/621] Building CXX object lib\usd\utils\CMakeFiles\mayaUsdUtils.dir\DiffAttributes.cpp.obj
[2022-11-09T21:46:47.573Z]     [429/621] Building CXX object lib\usd\utils\CMakeFiles\mayaUsdUtils.dir\MergePrimsOptions.cpp.obj
[2022-11-09T21:46:47.573Z]     [430/621] Building CXX object lib\usd\utils\CMakeFiles\mayaUsdUtils.dir\DiffRelationships.cpp.obj
[2022-11-09T21:46:47.916Z]     [431/621] Linking CXX shared library lib\usd\schemas\mayaUsd_Schemas.dll
[2022-11-09T21:46:48.251Z]     [432/621] Building CXX object lib\usd\translators\CMakeFiles\mayaUsd_Translators.dir\shading\usdUVTextureReader.cpp.obj
[2022-11-09T21:46:48.585Z]     [433/621] Building CXX object plugin\al\schemas\AL\usd\schemas\maya\CMakeFiles\AL_USDMayaSchemas.dir\tokens.cpp.obj
[2022-11-09T21:46:48.919Z]     [434/621] Building CXX object lib\usd\schemas\CMakeFiles\_schemas.dir\wrapALMayaReference.cpp.obj
[2022-11-09T21:46:48.919Z]     [435/621] Building CXX object lib\usd\translators\CMakeFiles\mayaUsd_Translators.dir\shading\rfmShaderTranslation.cpp.obj
[2022-11-09T21:46:49.265Z]     [436/621] Building CXX object lib\usd\utils\CMakeFiles\mayaUsdUtils.dir\DiffMetadatas.cpp.obj
[2022-11-09T21:46:49.983Z]     [437/621] Building CXX object lib\usd\schemas\CMakeFiles\_schemas.dir\wrapMayaReference.cpp.obj
[2022-11-09T21:46:50.698Z]     [438/621] Building CXX object lib\usd\utils\CMakeFiles\mayaUsdUtils.dir\DiffDictionaries.cpp.obj
[2022-11-09T21:46:50.698Z]     [439/621] Linking CXX shared library lib\usd\schemas\_schemas.pyd
[2022-11-09T21:46:50.698Z]     [440/621] Building CXX object lib\usd\utils\CMakeFiles\mayaUsdUtils.dir\DiffLists.cpp.obj
[2022-11-09T21:46:51.405Z]     [441/621] Building CXX object lib\usd\utils\CMakeFiles\mayaUsdUtils.dir\DiffPrims.cpp.obj
[2022-11-09T21:46:51.738Z]     [442/621] Building CXX object lib\usd\utils\CMakeFiles\mayaUsdUtils.dir\util.cpp.obj
[2022-11-09T21:46:52.071Z]     [443/621] Building CXX object plugin\al\schemas\AL\usd\schemas\maya\CMakeFiles\AL_USDMayaSchemas.dir\ModuleDeps.cpp.obj
[2022-11-09T21:46:52.071Z]     [444/621] Building CXX object lib\usd\utils\CMakeFiles\mayaUsdUtils.dir\DiffValues.cpp.obj
[2022-11-09T21:46:53.214Z]     [445/621] Building CXX object plugin\al\schemas\AL\usd\schemas\maya\CMakeFiles\AL_USDMayaSchemas.dir\ModelAPI.cpp.obj
[2022-11-09T21:46:53.549Z]     [446/621] Building CXX object plugin\al\lib\AL_USDMaya\CMakeFiles\_AL_USDMaya.dir\AL\usdmaya\module.cpp.obj
[2022-11-09T21:46:53.926Z]     [447/621] Building CXX object lib\usd\utils\CMakeFiles\mayaUsdUtils.dir\MergePrims.cpp.obj
[2022-11-09T21:46:54.661Z]     [448/621] Linking CXX shared library lib\usd\utils\mayaUsdUtils.dll
[2022-11-09T21:46:55.013Z]     [449/621] Building CXX object plugin\al\schemas\AL\usd\schemas\maya\CMakeFiles\AL_USDMayaSchemas.dir\FrameRange.cpp.obj
[2022-11-09T21:46:55.340Z]     [450/621] Linking CXX executable test\lib\usd\utils\testDiffCore.exe
[2022-11-09T21:46:55.677Z]     [451/621] Linking CXX executable test\lib\usd\utils\testDiffPrims.exe
[2022-11-09T21:46:56.108Z]     [452/621] Linking CXX executable test\lib\usd\utils\testDiffValues.exe
[2022-11-09T21:46:56.459Z]     [453/621] Linking CXX executable test\lib\usd\utils\testDiffDictionaries.exe
[2022-11-09T21:46:56.459Z]     [454/621] Building CXX object plugin\al\lib\AL_USDMaya\CMakeFiles\AL_USDMaya.dir\AL\usdmaya\nodes\Transform.cpp.obj
[2022-11-09T21:46:56.820Z]     [455/621] Linking CXX executable test\lib\usd\utils\testDiffAttributes.exe
[2022-11-09T21:46:56.820Z]     [456/621] Linking CXX executable test\lib\usd\utils\testDiffLists.exe
[2022-11-09T21:46:57.183Z]     [457/621] Linking CXX executable test\lib\usd\utils\testDiffRelationships.exe
[2022-11-09T21:46:57.183Z]     [458/621] Linking CXX executable test\lib\usd\utils\testMergePrims.exe
[2022-11-09T21:46:57.534Z]     [459/621] Building CXX object plugin\al\lib\AL_USDMaya\CMakeFiles\AL_USDMaya.dir\AL\usdmaya\nodes\RendererManager.cpp.obj
[2022-11-09T21:46:57.534Z]     [460/621] Linking CXX executable test\lib\usd\utils\testDiffMetadatas.exe
[2022-11-09T21:46:57.534Z]     [461/621] Building CXX object plugin\al\lib\AL_USDMaya\CMakeFiles\AL_USDMaya.dir\AL\usdmaya\nodes\ProxyShapeSelection.cpp.obj
[2022-11-09T21:46:57.892Z]     [462/621] Linking CXX executable test\lib\usd\utils\testDiffComputeOverall.exe
[2022-11-09T21:46:58.230Z]     [463/621] Building CXX object plugin\al\lib\AL_USDMaya\CMakeFiles\_AL_USDMaya.dir\AL\usdmaya\wrapStageCache.cpp.obj
[2022-11-09T21:46:58.230Z]     [464/621] Linking CXX shared library plugin\al\mayautils\AL\maya\AL_MayaUtils.dll
[2022-11-09T21:46:58.230Z]     [465/621] Building CXX object plugin\al\lib\AL_USDMaya\CMakeFiles\AL_USDMaya.dir\AL\usdmaya\nodes\ProxyUsdGeomCamera.cpp.obj
[2022-11-09T21:46:58.563Z]     [466/621] Building CXX object plugin\al\lib\AL_USDMaya\CMakeFiles\AL_USDMaya.dir\AL\usdmaya\nodes\Scope.cpp.obj
[2022-11-09T21:46:58.901Z]     [467/621] Building CXX object plugin\al\lib\AL_USDMaya\CMakeFiles\AL_USDMaya.dir\AL\usdmaya\nodes\proxy\ProxyShapeMetaData.cpp.obj
[2022-11-09T21:46:58.901Z]     [468/621] Linking CXX shared library plugin\al\mayautils\AL\maya\tests\mayaplugintest\AL_MayaUtilsTests.mll
[2022-11-09T21:46:59.235Z]     [469/621] Linking CXX shared library plugin\al\usdmayautils\AL\usdmaya\utils\AL_USDMayaUtils.dll
[2022-11-09T21:46:59.235Z]     [470/621] Building CXX object plugin\al\lib\AL_USDMaya\CMakeFiles\AL_USDMaya.dir\AL\usdmaya\nodes\BasicTransformationMatrix.cpp.obj
[2022-11-09T21:46:59.567Z]     [471/621] Building CXX object plugin\al\lib\AL_USDMaya\CMakeFiles\AL_USDMaya.dir\AL\usdmaya\nodes\TransformationMatrix.cpp.obj
[2022-11-09T21:47:00.276Z]     [472/621] Building CXX object plugin\al\lib\AL_USDMaya\CMakeFiles\AL_USDMaya.dir\AL\usdmaya\nodes\proxy\PrimFilter.cpp.obj
[2022-11-09T21:47:00.984Z]     [473/621] Building CXX object plugin\al\lib\AL_USDMaya\CMakeFiles\AL_USDMaya.dir\AL\usdmaya\nodes\proxy\ProxyShapeVariantFallbacks.cpp.obj
[2022-11-09T21:47:01.316Z]     [474/621] Linking CXX shared library lib\mayaUsd\mayaUsd.dll
[2022-11-09T21:47:02.028Z]     [475/621] Linking CXX shared library test\lib\usd\plugin\usdTestMayaPlugin.mll
[2022-11-09T21:47:02.028Z]     [476/621] Building CXX object plugin\al\plugin\AL_USDMayaTestPlugin\CMakeFiles\AL_USDMayaTestPlugin.dir\AL\maya\test_EventHandler.cpp.obj
[2022-11-09T21:47:02.809Z]     [477/621] Linking CXX shared library test\lib\usd\plugin\usdTestUsdPlugin.dll
[2022-11-09T21:47:02.809Z]     [478/621] Linking CXX shared library test\lib\usd\plugin\usdTestInfoImportChaser.mll
[2022-11-09T21:47:03.518Z]     [479/621] Linking CXX shared library test\lib\usd\plugin\usdTestApiWriter.dll
[2022-11-09T21:47:03.851Z]     [480/621] Linking CXX shared library plugin\pxr\maya\lib\usdMaya\usdMaya.dll
[2022-11-09T21:47:04.267Z]     [481/621] Building CXX object plugin\al\lib\AL_USDMaya\CMakeFiles\_AL_USDMaya.dir\AL\usdmaya\nodes\wrapLayerManager.cpp.obj
[2022-11-09T21:47:04.605Z]     [482/621] Building CXX object plugin\al\lib\AL_USDMaya\CMakeFiles\_AL_USDMaya.dir\AL\usdmaya\nodes\wrapProxyShape.cpp.obj
[2022-11-09T21:47:04.605Z]     [483/621] Linking CXX shared library plugin\pxr\maya\lib\usdMaya\_usdMaya.pyd
[2022-11-09T21:47:04.937Z]     [484/621] Linking CXX shared library plugin\pxr\maya\plugin\pxrUsd\pxrUsd.mll
[2022-11-09T21:47:04.937Z]     [485/621] Linking CXX shared library lib\mayaUsd\python\_mayaUsd.pyd
[2022-11-09T21:47:06.079Z]     [486/621] Linking CXX shared library lib\usd\pxrUsdPreviewSurface\basePxrUsdPreviewSurface.dll
[2022-11-09T21:47:06.412Z]     [487/621] Building CXX object plugin\al\lib\AL_USDMaya\CMakeFiles\AL_USDMaya.dir\AL\usdmaya\nodes\ProxyShape.cpp.obj
[2022-11-09T21:47:06.412Z]     [488/621] Linking CXX shared library lib\usd\hdMaya\hdMaya.dll
[2022-11-09T21:47:07.143Z]     [489/621] Linking CXX shared library plugin\pxr\maya\plugin\pxrUsdPreviewSurface\pxrUsdPreviewSurface.mll
[2022-11-09T21:47:07.872Z]     [490/621] Linking CXX shared library lib\mayaUsd\render\mayaToHydra\mtoh.mll
[2022-11-09T21:47:08.204Z]     [491/621] Linking CXX shared library lib\usd\translators\mayaUsd_Translators.dll
[2022-11-09T21:47:08.205Z]     [492/621] Automatic MOC and UIC for target mayaUsdUI
[2022-11-09T21:47:08.597Z]     [493/621] Automatic RCC for layerEditor/resources.qrc
[2022-11-09T21:47:08.597Z]     [494/621] Automatic RCC for importDialog/images/ui.qrc
[2022-11-09T21:47:08.929Z]     [495/621] Building CXX object plugin\al\plugin\AL_USDMayaPlugin\CMakeFiles\AL_USDMayaPlugin.dir\plugin.cpp.obj
[2022-11-09T21:47:09.278Z]     [496/621] Linking CXX shared library plugin\al\lib\AL_USDMaya\AL_USDMaya.dll
[2022-11-09T21:47:09.612Z]     [497/621] Building CXX object plugin\al\plugin\AL_USDMayaTestPlugin\CMakeFiles\AL_USDMayaTestPlugin.dir\AL\maya\test_MatrixToSRT.cpp.obj
[2022-11-09T21:47:10.322Z]     [498/621] Building CXX object plugin\al\plugin\AL_USDMayaTestPlugin\CMakeFiles\AL_USDMayaTestPlugin.dir\AL\usdmaya\commands\test_ExportCommands.cpp.obj
[2022-11-09T21:47:10.322Z]     [499/621] Building CXX object plugin\al\plugin\AL_USDMayaTestPlugin\CMakeFiles\AL_USDMayaTestPlugin.dir\AL\usdmaya\commands\test_LayerCommands.cpp.obj
[2022-11-09T21:47:10.654Z]     [500/621] Building CXX object plugin\al\plugin\AL_USDMayaTestPlugin\CMakeFiles\AL_USDMayaTestPlugin.dir\AL\maya\test_MayaEventManager.cpp.obj
[2022-11-09T21:47:11.384Z]     [501/621] Building CXX object plugin\al\plugin\AL_USDMayaTestPlugin\CMakeFiles\AL_USDMayaTestPlugin.dir\plugin.cpp.obj
[2022-11-09T21:47:11.716Z]     [502/621] Building CXX object plugin\al\lib\AL_USDMaya\CMakeFiles\_AL_USDMaya.dir\AL\usdmaya\fileio\translators\wrapTranslatorContext.cpp.obj
[2022-11-09T21:47:12.049Z]     [503/621] Building CXX object plugin\al\plugin\AL_USDMayaTestPlugin\CMakeFiles\AL_USDMayaTestPlugin.dir\AL\usdmaya\commands\test_TranslateCommand.cpp.obj
[2022-11-09T21:47:12.382Z]     [504/621] Building CXX object lib\usd\ui\CMakeFiles\mayaUsdUI.dir\layerEditor\dirtyLayersCountBadge.cpp.obj
[2022-11-09T21:47:12.714Z]     [505/621] Building CXX object plugin\al\plugin\AL_USDMayaTestPlugin\CMakeFiles\AL_USDMayaTestPlugin.dir\AL\usdmaya\fileio\export_blendshape.cpp.obj
[2022-11-09T21:47:13.058Z]     [506/621] Building CXX object plugin\al\lib\AL_USDMaya\CMakeFiles\_AL_USDMaya.dir\AL\usdmaya\fileio\translators\wrapTranslatorBase.cpp.obj
[2022-11-09T21:47:13.058Z]     [507/621] Building CXX object lib\usd\ui\CMakeFiles\mayaUsdUI.dir\layerEditor\generatedIconButton.cpp.obj
[2022-11-09T21:47:13.822Z]     [508/621] Building CXX object plugin\al\plugin\AL_USDMayaTestPlugin\CMakeFiles\AL_USDMayaTestPlugin.dir\AL\usdmaya\commands\test_LayerManagerCommands.cpp.obj
[2022-11-09T21:47:15.509Z]     [509/621] Building CXX object lib\usd\ui\CMakeFiles\mayaUsdUI.dir\layerEditor\mayaQtUtils.cpp.obj
[2022-11-09T21:47:15.869Z]     [510/621] Building CXX object plugin\al\plugin\AL_USDMayaTestPlugin\CMakeFiles\AL_USDMayaTestPlugin.dir\AL\usdmaya\fileio\export_misc.cpp.obj
[2022-11-09T21:47:16.201Z]     [511/621] Building CXX object lib\usd\ui\CMakeFiles\mayaUsdUI.dir\layerEditor\stringResources.cpp.obj
[2022-11-09T21:47:16.534Z]     [512/621] Building CXX object lib\usd\ui\CMakeFiles\mayaUsdUI.dir\layerEditor\warningDialogs.cpp.obj
[2022-11-09T21:47:17.755Z]     [513/621] Building CXX object plugin\al\plugin\AL_USDMayaTestPlugin\CMakeFiles\AL_USDMayaTestPlugin.dir\AL\usdmaya\fileio\export_multiple_shapes.cpp.obj
[2022-11-09T21:47:18.478Z]     [514/621] Building CXX object lib\usd\ui\CMakeFiles\mayaUsdUI.dir\mayaUsdUI_autogen\mocs_compilation.cpp.obj
[2022-11-09T21:47:18.478Z]     [515/621] Building CXX object lib\usd\ui\CMakeFiles\mayaUsdUI.dir\layerEditor\layerTreeItemDelegate.cpp.obj
[2022-11-09T21:47:18.810Z]     [516/621] Building CXX object plugin\al\plugin\AL_USDMayaTestPlugin\CMakeFiles\AL_USDMayaTestPlugin.dir\AL\usdmaya\commands\test_ProxyShapeImport.cpp.obj
[2022-11-09T21:47:19.646Z]     [517/621] Building CXX object lib\usd\ui\CMakeFiles\mayaUsdUI.dir\layerEditor\layerTreeItem.cpp.obj
[2022-11-09T21:47:19.646Z]     [518/621] Building CXX object lib\usd\ui\CMakeFiles\mayaUsdUI.dir\layerEditor\layerTreeView.cpp.obj
[2022-11-09T21:47:19.646Z]     [519/621] Building CXX object lib\usd\ui\CMakeFiles\mayaUsdUI.dir\layerEditor\loadLayersDialog.cpp.obj
[2022-11-09T21:47:19.981Z]     [520/621] Building CXX object lib\usd\ui\CMakeFiles\mayaUsdUI.dir\layerEditor\layerEditorWidget.cpp.obj
[2022-11-09T21:47:19.981Z]     [521/621] Building CXX object lib\usd\ui\CMakeFiles\mayaUsdUI.dir\layerEditor\mayaCommandHook.cpp.obj
[2022-11-09T21:47:19.981Z]     [522/621] Building CXX object lib\usd\ui\CMakeFiles\mayaUsdUI.dir\layerEditor\layerTreeModel.cpp.obj
[2022-11-09T21:47:20.314Z]     [523/621] Building CXX object lib\usd\ui\CMakeFiles\mayaUsdUI.dir\mayaUsdUI_autogen\5WMDHDZAMM\qrc_resources.cpp.obj
[2022-11-09T21:47:20.314Z]     [524/621] Building CXX object lib\usd\ui\CMakeFiles\mayaUsdUI.dir\mayaUsdUI_autogen\AUCU3ACLTF\qrc_ui.cpp.obj
[2022-11-09T21:47:20.314Z]     [525/621] Building CXX object lib\usd\ui\CMakeFiles\mayaUsdUI.dir\layerEditor\pathChecker.cpp.obj
[2022-11-09T21:47:20.646Z]     [526/621] Building CXX object lib\usd\ui\CMakeFiles\mayaUsdUI.dir\initStringResources.cpp.obj
[2022-11-09T21:47:20.978Z]     [527/621] Linking CXX shared library plugin\al\plugin\AL_USDMayaPlugin\AL_USDMayaPlugin.mll
[2022-11-09T21:47:20.978Z]     [528/621] Linking CXX shared library plugin\al\lib\AL_USDMaya\_AL_USDMaya.pyd
[2022-11-09T21:47:21.349Z]     [529/621] Building CXX object lib\usd\ui\CMakeFiles\mayaUsdUI.dir\importDialog\USDQtUtil.cpp.obj
[2022-11-09T21:47:21.692Z]     [530/621] Building CXX object lib\usd\ui\CMakeFiles\mayaUsdUI.dir\layerEditor\qtUtils.cpp.obj
[2022-11-09T21:47:22.876Z]     [531/621] Building CXX object lib\usd\ui\CMakeFiles\mayaUsdUI.dir\layerEditor\mayaLayerEditorWindow.cpp.obj
[2022-11-09T21:47:22.876Z]     [532/621] Building CXX object lib\usd\ui\CMakeFiles\mayaUsdUI.dir\layerEditor\sessionState.cpp.obj
[2022-11-09T21:47:22.876Z]     [533/621] Building CXX object lib\usd\ui\CMakeFiles\mayaUsdUI.dir\layerEditor\mayaSessionState.cpp.obj
[2022-11-09T21:47:24.041Z]     [534/621] Building CXX object lib\usd\ui\CMakeFiles\mayaUsdUI.dir\layerEditor\stageSelectorWidget.cpp.obj
[2022-11-09T21:47:26.287Z]     [535/621] Building CXX object lib\usd\ui\CMakeFiles\mayaUsdUI.dir\importDialog\TreeModelFactory.cpp.obj
[2022-11-09T21:47:26.287Z]     [536/621] Building CXX object lib\usd\ui\CMakeFiles\mayaUsdUI.dir\importDialog\USDImportDialog.cpp.obj
[2022-11-09T21:47:26.287Z]     [537/621] Building CXX object lib\usd\ui\CMakeFiles\mayaUsdUI.dir\importDialog\TreeModel.cpp.obj
[2022-11-09T21:47:26.620Z]     [538/621] Building CXX object lib\usd\ui\CMakeFiles\mayaUsdUI.dir\layerEditor\saveLayersDialog.cpp.obj
[2022-11-09T21:47:26.620Z]     [539/621] Building CXX object lib\usd\ui\CMakeFiles\mayaUsdUI.dir\importDialog\TreeItem.cpp.obj
[2022-11-09T21:47:26.620Z]     [540/621] Building CXX object lib\usd\ui\CMakeFiles\mayaUsdUI.dir\importDialog\USDImportDialogCmd.cpp.obj
[2022-11-09T21:47:27.327Z]     [541/621] Building CXX object lib\usd\ui\CMakeFiles\mayaUsdUI.dir\importDialog\ItemDelegate.cpp.obj
[2022-11-09T21:47:28.471Z]     [542/621] Linking CXX shared library lib\usd\ui\mayaUsdUI.dll
[2022-11-09T21:47:28.816Z]     [543/621] Automatic MOC and UIC for target testMayaUsdUI
[2022-11-09T21:47:28.816Z]     [544/621] Building CXX object lib\usd\ui\importDialogDemo\CMakeFiles\testMayaUsdUI.dir\testMayaUsdUI_autogen\mocs_compilation.cpp.obj
[2022-11-09T21:47:29.524Z]     [545/621] Building CXX object plugin\al\plugin\AL_USDMayaTestPlugin\CMakeFiles\AL_USDMayaTestPlugin.dir\AL\usdmaya\fileio\export_lattice.cpp.obj
[2022-11-09T21:47:29.524Z]     [546/621] Building CXX object plugin\al\plugin\AL_USDMayaTestPlugin\CMakeFiles\AL_USDMayaTestPlugin.dir\AL\usdmaya\fileio\export_constraints.cpp.obj
[2022-11-09T21:47:29.881Z]     [547/621] Building CXX object plugin\al\plugin\AL_USDMayaTestPlugin\CMakeFiles\AL_USDMayaTestPlugin.dir\AL\usdmaya\fileio\export_ik.cpp.obj
[2022-11-09T21:47:30.214Z]     [548/621] Building CXX object plugin\al\plugin\AL_USDMayaTestPlugin\CMakeFiles\AL_USDMayaTestPlugin.dir\AL\usdmaya\fileio\export_import_instancing.cpp.obj
[2022-11-09T21:47:30.214Z]     [549/621] Building CXX object plugin\al\plugin\AL_USDMayaTestPlugin\CMakeFiles\AL_USDMayaTestPlugin.dir\AL\usdmaya\fileio\import_playback_range.cpp.obj
[2022-11-09T21:47:31.523Z]     [550/621] Building CXX object plugin\al\plugin\AL_USDMayaTestPlugin\CMakeFiles\AL_USDMayaTestPlugin.dir\AL\usdmaya\fileio\export_unmerged.cpp.obj
[2022-11-09T21:47:31.855Z]     [551/621] Building CXX object plugin\al\plugin\AL_USDMayaTestPlugin\CMakeFiles\AL_USDMayaTestPlugin.dir\AL\usdmaya\fileio\import_instances.cpp.obj
[2022-11-09T21:47:33.030Z]     [552/621] Building CXX object plugin\al\plugin\AL_USDMayaTestPlugin\CMakeFiles\AL_USDMayaTestPlugin.dir\AL\usdmaya\fileio\test_activeInActiveTranslators.cpp.obj
[2022-11-09T21:47:33.364Z]     [553/621] Building CXX object plugin\al\plugin\AL_USDMayaTestPlugin\CMakeFiles\AL_USDMayaTestPlugin.dir\AL\usdmaya\nodes\proxy\test_PrimFilter.cpp.obj
[2022-11-09T21:47:35.050Z]     [554/621] Building CXX object plugin\al\plugin\AL_USDMayaTestPlugin\CMakeFiles\AL_USDMayaTestPlugin.dir\AL\usdmaya\fileio\export_nonlinear.cpp.obj
[2022-11-09T21:47:36.701Z]     [555/621] Building CXX object lib\usd\ui\importDialogDemo\CMakeFiles\testMayaUsdUI.dir\testMayaUsdUI.cpp.obj
[2022-11-09T21:47:36.701Z]     [556/621] Building CXX object plugin\al\plugin\AL_USDMayaTestPlugin\CMakeFiles\AL_USDMayaTestPlugin.dir\AL\usdmaya\nodes\test_ExtraDataPlugin.cpp.obj
[2022-11-09T21:47:36.701Z]     [557/621] Building CXX object plugin\al\plugin\AL_USDMayaTestPlugin\CMakeFiles\AL_USDMayaTestPlugin.dir\AL\usdmaya\nodes\test_lockPrims.cpp.obj
[2022-11-09T21:47:37.033Z]     [558/621] Building CXX object plugin\al\plugin\AL_USDMayaTestPlugin\CMakeFiles\AL_USDMayaTestPlugin.dir\AL\usdmaya\nodes\test_LayerManager.cpp.obj
[2022-11-09T21:47:37.741Z]     [559/621] Linking CXX executable lib\usd\ui\importDialogDemo\testMayaUsdUI.exe
[2022-11-09T21:47:38.883Z]     [560/621] Building CXX object plugin\al\plugin\AL_USDMayaTestPlugin\CMakeFiles\AL_USDMayaTestPlugin.dir\AL\usdmaya\nodes\test_ActiveInactive.cpp.obj
[2022-11-09T21:47:39.217Z]     [561/621] Building CXX object plugin\al\plugin\AL_USDMayaTestPlugin\CMakeFiles\AL_USDMayaTestPlugin.dir\AL\usdmaya\nodes\test_ProxyShapeSelectabilityDB.cpp.obj
[2022-11-09T21:47:39.548Z]     [562/621] Building CXX object plugin\al\plugin\AL_USDMayaTestPlugin\CMakeFiles\AL_USDMayaTestPlugin.dir\AL\usdmaya\nodes\test_ScopeMatrix.cpp.obj
[2022-11-09T21:47:39.548Z]     [563/621] Building CXX object plugin\al\plugin\AL_USDMayaTestPlugin\CMakeFiles\AL_USDMayaTestPlugin.dir\AL\usdmaya\nodes\test_ProxyShape.cpp.obj
[2022-11-09T21:47:39.880Z]     [564/621] Building CXX object plugin\al\plugin\AL_USDMayaTestPlugin\CMakeFiles\AL_USDMayaTestPlugin.dir\AL\usdmaya\nodes\test_Transform.cpp.obj
[2022-11-09T21:47:41.025Z]     [565/621] Building CXX object plugin\al\plugin\AL_USDMayaTestPlugin\CMakeFiles\AL_USDMayaTestPlugin.dir\AL\usdmaya\nodes\test_ProxyUsdGeomCamera.cpp.obj
[2022-11-09T21:47:41.357Z]     [566/621] Building CXX object plugin\al\plugin\AL_USDMayaTestPlugin\CMakeFiles\AL_USDMayaTestPlugin.dir\AL\usdmaya\test_DiffPrimVar.cpp.obj
[2022-11-09T21:47:41.690Z]     [567/621] Linking CXX shared library plugin\al\schemas\AL\usd\schemas\maya\AL_USDMayaSchemas.dll
[2022-11-09T21:47:42.401Z]     [568/621] Building CXX object plugin\al\plugin\AL_USDMayaTestPlugin\CMakeFiles\AL_USDMayaTestPlugin.dir\AL\usdmaya\nodes\test_TransformMatrix.cpp.obj
[2022-11-09T21:47:43.110Z]     [569/621] Building CXX object plugin\al\plugin\AL_USDMayaTestPlugin\CMakeFiles\AL_USDMayaTestPlugin.dir\test_translators_CameraTranslator.cpp.obj
[2022-11-09T21:47:43.449Z]     [570/621] Building CXX object plugin\al\schemas\AL\usd\schemas\maya\CMakeFiles\_AL_USDMayaSchemas.dir\module.cpp.obj
[2022-11-09T21:47:43.782Z]     [571/621] Building CXX object plugin\al\plugin\AL_USDMayaTestPlugin\CMakeFiles\AL_USDMayaTestPlugin.dir\test_translators_AnimationTranslator.cpp.obj
[2022-11-09T21:47:43.782Z]     [572/621] Building CXX object plugin\al\plugin\AL_USDMayaTestPlugin\CMakeFiles\AL_USDMayaTestPlugin.dir\AL\usdmaya\nodes\test_VariantFallbacks.cpp.obj
[2022-11-09T21:47:45.489Z]     [573/621] Building CXX object plugin\al\schemas\AL\usd\schemas\maya\tests\CMakeFiles\testMayaSchemas.dir\main.cpp.obj
[2022-11-09T21:47:45.822Z]     [574/621] Building CXX object plugin\al\schemas\AL\usd\schemas\maya\CMakeFiles\_AL_USDMayaSchemas.dir\wrapTokens.cpp.obj
[2022-11-09T21:47:45.822Z]     [575/621] Building CXX object plugin\al\plugin\AL_USDMayaTestPlugin\CMakeFiles\AL_USDMayaTestPlugin.dir\test_translators_Translator.cpp.obj
[2022-11-09T21:47:46.586Z]     [576/621] Building CXX object plugin\al\plugin\AL_USDMayaTestPlugin\CMakeFiles\AL_USDMayaTestPlugin.dir\AL\usdmaya\test_DiffGeom.cpp.obj
[2022-11-09T21:47:46.586Z]     [577/621] Building CXX object plugin\al\schemas\AL\usd\schemas\mayatest\CMakeFiles\AL_USDMayaSchemasTest.dir\tokens.cpp.obj
[2022-11-09T21:47:46.921Z]     [578/621] Building CXX object plugin\al\plugin\AL_USDMayaTestPlugin\CMakeFiles\AL_USDMayaTestPlugin.dir\AL\usdmaya\nodes\test_TranslatorContext.cpp.obj
[2022-11-09T21:47:46.921Z]     [579/621] Building CXX object plugin\al\schemas\AL\usd\schemas\mayatest\CMakeFiles\_AL_USDMayaSchemasTest.dir\module.cpp.obj
[2022-11-09T21:47:48.065Z]     [580/621] Building CXX object plugin\al\plugin\AL_USDMayaTestPlugin\CMakeFiles\AL_USDMayaTestPlugin.dir\test_usdmaya.cpp.obj
[2022-11-09T21:47:48.577Z]     [581/621] Building CXX object plugin\al\plugin\AL_USDMayaTestPlugin\CMakeFiles\AL_USDMayaTestPlugin.dir\test_translators_PythonBindings.cpp.obj
[2022-11-09T21:47:48.910Z]     [582/621] Building CXX object plugin\al\schemas\AL\usd\schemas\mayatest\CMakeFiles\AL_USDMayaSchemasTest.dir\ModuleDeps.cpp.obj
[2022-11-09T21:47:49.249Z]     [583/621] Building CXX object plugin\al\plugin\AL_USDMayaTestPlugin\CMakeFiles\AL_USDMayaTestPlugin.dir\test_translators_MeshTranslator.cpp.obj
[2022-11-09T21:47:49.249Z]     [584/621] Building CXX object plugin\al\schemas\AL\usd\schemas\maya\CMakeFiles\_AL_USDMayaSchemas.dir\wrapFrameRange.cpp.obj
[2022-11-09T21:47:49.584Z]     [585/621] Building CXX object plugin\al\plugin\AL_USDMayaTestPlugin\CMakeFiles\AL_USDMayaTestPlugin.dir\test_translators_TransformTranslator.cpp.obj
[2022-11-09T21:47:49.584Z]     [586/621] Building CXX object plugin\al\translators\CMakeFiles\AL_USDMayaTranslators.dir\CommonTranslatorOptions.cpp.obj
[2022-11-09T21:47:50.292Z]     [587/621] Building CXX object plugin\al\translators\pxrUsdTranslators\CMakeFiles\AL_USDMayaPxrTranslators.dir\plugin.cpp.obj
[2022-11-09T21:47:50.292Z]     [588/621] Building CXX object plugin\al\plugin\AL_USDMayaTestPlugin\CMakeFiles\AL_USDMayaTestPlugin.dir\test_translators_NurbsCurveTranslator.cpp.obj
[2022-11-09T21:47:51.000Z]     [589/621] Building CXX object plugin\al\schemas\AL\usd\schemas\mayatest\CMakeFiles\_AL_USDMayaSchemasTest.dir\wrapTokens.cpp.obj
[2022-11-09T21:47:51.332Z]     [590/621] Building CXX object plugin\al\plugin\AL_USDMayaTestPlugin\CMakeFiles\AL_USDMayaTestPlugin.dir\test_usdmaya_AttributeType.cpp.obj
[2022-11-09T21:47:51.664Z]     [591/621] Building CXX object plugin\al\schemas\AL\usd\schemas\maya\tests\CMakeFiles\testMayaSchemas.dir\testMayaSchemas.cpp.obj
[2022-11-09T21:47:51.665Z]     [592/621] Building CXX object plugin\adsk\plugin\CMakeFiles\mayaUsdPlugin.dir\adskListJobContextsCommand.cpp.obj
[2022-11-09T21:47:51.998Z]     [593/621] Building CXX object plugin\al\plugin\AL_USDMayaTestPlugin\CMakeFiles\AL_USDMayaTestPlugin.dir\test_translators_DgTranslator.cpp.obj
[2022-11-09T21:47:52.330Z]     [594/621] Building CXX object plugin\al\schemas\AL\usd\schemas\maya\tests\CMakeFiles\testMayaSchemas.dir\testModelAPI.cpp.obj
[2022-11-09T21:47:52.330Z]     [595/621] Building CXX object plugin\adsk\plugin\CMakeFiles\mayaUsdPlugin.dir\adskListShadingModesCommand.cpp.obj
[2022-11-09T21:47:52.664Z]     [596/621] Building CXX object plugin\al\schemas\AL\usd\schemas\maya\CMakeFiles\_AL_USDMayaSchemas.dir\wrapModelAPI.cpp.obj
[2022-11-09T21:47:52.664Z]     [597/621] Linking CXX executable plugin\al\schemas\AL\usd\schemas\maya\tests\testMayaSchemas.exe
[2022-11-09T21:47:53.376Z]     [598/621] Linking CXX shared library plugin\al\schemas\AL\usd\schemas\maya\_AL_USDMayaSchemas.pyd
[2022-11-09T21:47:54.084Z]     [599/621] Building CXX object plugin\al\schemas\AL\usd\schemas\mayatest\CMakeFiles\AL_USDMayaSchemasTest.dir\ExamplePolyCubeNode.cpp.obj
[2022-11-09T21:47:54.793Z]     [600/621] Linking CXX shared library plugin\al\schemas\AL\usd\schemas\mayatest\AL_USDMayaSchemasTest.dll
[2022-11-09T21:47:55.143Z]     [601/621] Building CXX object plugin\al\schemas\AL\usd\schemas\mayatest\CMakeFiles\_AL_USDMayaSchemasTest.dir\wrapExamplePolyCubeNode.cpp.obj
[2022-11-09T21:47:55.476Z]     [602/621] Building CXX object plugin\al\translators\CMakeFiles\AL_USDMayaTranslators.dir\FrameRange.cpp.obj
[2022-11-09T21:47:55.810Z]     [603/621] Linking CXX shared library plugin\al\schemas\AL\usd\schemas\mayatest\_AL_USDMayaSchemasTest.pyd
[2022-11-09T21:47:56.955Z]     [604/621] Linking CXX shared library plugin\al\plugin\AL_USDMayaTestPlugin\AL_USDMayaTestPlugin.mll
[2022-11-09T21:47:57.289Z]     [605/621] Building CXX object plugin\al\translators\CMakeFiles\AL_USDMayaTranslators.dir\MayaReference.cpp.obj
[2022-11-09T21:47:57.621Z]     [606/621] Building CXX object plugin\adsk\plugin\CMakeFiles\mayaUsdPlugin.dir\adskExportCommand.cpp.obj
[2022-11-09T21:47:57.960Z]     [607/621] Building CXX object plugin\adsk\plugin\CMakeFiles\mayaUsdPlugin.dir\adskStageLoadUnloadCommands.cpp.obj
[2022-11-09T21:47:58.293Z]     [608/621] Building CXX object plugin\al\translators\CMakeFiles\AL_USDMayaTranslators.dir\NurbsCurve.cpp.obj
[2022-11-09T21:47:58.293Z]     [609/621] Building CXX object plugin\al\translators\CMakeFiles\AL_USDMayaTranslators.dir\DirectionalLight.cpp.obj
[2022-11-09T21:47:58.293Z]     [610/621] Building CXX object plugin\adsk\plugin\CMakeFiles\mayaUsdPlugin.dir\adskImportCommand.cpp.obj
[2022-11-09T21:47:58.293Z]     [611/621] Building CXX object plugin\al\translators\CMakeFiles\AL_USDMayaTranslators.dir\Camera.cpp.obj
[2022-11-09T21:47:59.001Z]     [612/621] Building CXX object plugin\al\translators\CMakeFiles\AL_USDMayaTranslators.dir\Mesh.cpp.obj
[2022-11-09T21:47:59.001Z]     [613/621] Building CXX object plugin\al\translators\pxrUsdTranslators\CMakeFiles\AL_USDMayaPxrTranslators.dir\ProxyShapeTranslator.cpp.obj
[2022-11-09T21:47:59.711Z]     [614/621] Linking CXX shared library plugin\al\translators\AL_USDMayaTranslators.dll
[2022-11-09T21:47:59.711Z]     [615/621] Linking CXX shared library plugin\al\translators\pxrUsdTranslators\AL_USDMayaPxrTranslators.mll
[2022-11-09T21:48:00.044Z]     [616/621] Building CXX object plugin\adsk\plugin\CMakeFiles\mayaUsdPlugin.dir\geomNode.cpp.obj
[2022-11-09T21:48:00.377Z]     [617/621] Building CXX object plugin\adsk\plugin\CMakeFiles\mayaUsdPlugin.dir\importTranslator.cpp.obj
[2022-11-09T21:48:00.741Z]     [618/621] Building CXX object plugin\adsk\plugin\CMakeFiles\mayaUsdPlugin.dir\exportTranslator.cpp.obj
[2022-11-09T21:48:00.741Z]     [619/621] Building CXX object plugin\adsk\plugin\CMakeFiles\mayaUsdPlugin.dir\plugin.cpp.obj
[2022-11-09T21:48:01.450Z]     [620/621] Building CXX object plugin\adsk\plugin\CMakeFiles\mayaUsdPlugin.dir\ProxyShape.cpp.obj
[2022-11-09T21:48:02.150Z]     [621/621] Linking CXX shared module plugin\adsk\plugin\mayaUsdPlugin.mll
[2022-11-09T21:48:02.150Z]     
[2022-11-09T21:48:02.150Z]         Building with settings:
[2022-11-09T21:48:02.150Z]           Source directory          S:\jenkins\workspace\ECP\ecg-maya-usd\ecg-mayausd-branch-preflight-2019-no-ufe-windows\ecg-maya-usd\maya-usd
[2022-11-09T21:48:02.150Z]           Workspace directory       W:\
[2022-11-09T21:48:02.150Z]           Build directory           W:\build\RelWithDebInfo
[2022-11-09T21:48:02.150Z]           Install directory         W:\install\RelWithDebInfo\MayaUSD
[2022-11-09T21:48:02.150Z]           Variant                   RelWithDebInfo
[2022-11-09T21:48:02.150Z]           Python Debug              Off
[2022-11-09T21:48:02.150Z]           CMake generator           Ninja
[2022-11-09T21:48:02.150Z]           Build arguments           ['-DCMAKE_MAKE_PROGRAM=P:/shared/Artifactory/Windows/ninja/1.9.0/c68f192/ninja.exe', '-DPYTHON_INCLUDE_DIR=P:/shared/Artifactory/Windows/rundev-2019/202003131251/runtime/155eb96/runTime/include/Python2.7', '-DPython_EXECUTABLE=P:/shared/Artifactory/Windows/rundev-2019/202003131251/runtime/155eb96/runTime/bin/mayapy.exe', '-DPYTHON_LIBRARIES=P:/shared/Artifactory/Windows/rundev-2019/202003131251/runtime/155eb96/runTime/lib/python27.lib', '-DCMAKE_WANT_UFE_BUILD=OFF', '-DCMAKE_WANT_MATERIALX_BUILD=ON', '-DCMAKE_PREFIX_PATH=P:\\shared\\Artifactory\\Windows\\USD\\cfb3d8a']
[2022-11-09T21:48:02.150Z]           Stages arguments          ['build']
[2022-11-09T21:48:02.150Z]           CTest arguments           ['-E testUsdReferenceAssemblySelection|testUsdMayaAppDir', '-LE interactive', '--parallel 16']
[2022-11-09T21:48:02.150Z]     Success MayaUSD build and install !!!!
[2022-11-09T21:48:02.150Z]     Elapsed time: 00:04:14
[Pipeline] bat
[2022-11-09T21:48:02.699Z] Deleting alias drive W:
[Pipeline] bat
[2022-11-09T21:48:03.256Z] Deleting alias drive P:
[Pipeline] }
[Pipeline] // withEnv
[Pipeline] }
[Pipeline] // timeout
[Pipeline] }
[Pipeline] // stage
[Pipeline] }
[Pipeline] // timestamps
[Pipeline] timestamps
[Pipeline] {
[Pipeline] stage
[Pipeline] { (Install)
[Pipeline] timeout
[2022-11-09T21:48:03.469Z] Timeout set to expire in 6 hr 0 min
[Pipeline] {
[Pipeline] withEnv
[Pipeline] {
[Pipeline] bat
[2022-11-09T21:48:04.019Z] Creating alias drive P: to S:\jenkins\workspace
[Pipeline] bat
[2022-11-09T21:48:04.778Z] Creating alias drive W: to S:\jenkins\workspace\ECP\ecg-maya-usd\ecg-mayausd-branch-preflight-2019-no-ufe-windows
[Pipeline] bat
[2022-11-09T21:48:05.531Z] "C:\Program Files (x86)\Microsoft Visual Studio\2017\Professional\VC\Auxiliary\Build\vcvarsall.bat" x64
[2022-11-09T21:48:05.531Z] **********************************************************************
[2022-11-09T21:48:05.531Z] ** Visual Studio 2017 Developer Command Prompt v15.9.15
[2022-11-09T21:48:05.531Z] ** Copyright (c) 2017 Microsoft Corporation
[2022-11-09T21:48:05.531Z] **********************************************************************
[2022-11-09T21:48:06.239Z] [vcvarsall.bat] Environment initialized for: 'x64'
[2022-11-09T21:48:06.239Z] python ecg-maya-usd/build.py --stages=install --workspace-dir=W:\ --artifactory-dir=P:\shared\Artifactory --build-dir=W:\build --install-dir=W:\install --signing-dir=W:\signing --package-dir=W:\package --output-dir=W:\output --stash-dir=W:\stash --jenkins-build=436 --git-commit=39bafd58a78717a94e1e9b0026cc53cc1939be7a --git-branch=master --variants=RelWithDebInfo --python=2.7 --ufe=false --pxrusd-version=0.21.05-gold --post-zips=false --maya-cut-config=maya-rundev-2019.yaml --maya-package=rundev-2019 --stage-banner
[2022-11-09T21:48:06.946Z] Using Maya cut from P:\shared\Artifactory\Windows\rundev-2019\202003131251\runtime\155eb96
[2022-11-09T21:48:06.946Z] 
[2022-11-09T21:48:06.946Z] ================================================================================
[2022-11-09T21:48:06.946Z]                             install (RelWithDebInfo)
[2022-11-09T21:48:06.946Z] ================================================================================
[2022-11-09T21:48:06.946Z] Maya Python RelWithDebInfo Info:
[2022-11-09T21:48:06.946Z]   mayapy executable   = P:\shared\Artifactory\Windows\rundev-2019\202003131251\runtime\155eb96\runTime\bin\mayapy.exe
[2022-11-09T21:48:06.946Z]   Include Folder      = P:\shared\Artifactory\Windows\rundev-2019\202003131251\runtime\155eb96\runTime\include\Python2.7
[2022-11-09T21:48:06.946Z]   Library             = P:\shared\Artifactory\Windows\rundev-2019\202003131251\runtime\155eb96\runTime\lib\python27.lib
[2022-11-09T21:48:06.946Z]   site-package Folder = P:\shared\Artifactory\Windows\rundev-2019\202003131251\runtime\155eb96\runTime\Python\Lib\site-packages
[2022-11-09T21:48:08.089Z] In workdir: S:\jenkins\workspace\ECP\ecg-maya-usd\ecg-mayausd-branch-preflight-2019-no-ufe-windows\ecg-maya-usd\maya-usd
[2022-11-09T21:48:08.089Z] Executing: 'P:\\shared\\Artifactory\\Windows\\rundev-2019\\202003131251\\runtime\\155eb96\\runTime\\bin\\mayapy.exe' 'S:\\jenkins\\workspace\\ECP\\ecg-maya-usd\\ecg-mayausd-branch-preflight-2019-no-ufe-windows\\ecg-maya-usd\\maya-usd\\build.py' --generator Ninja --build-relwithdebug --maya-location 'P:\\shared\\Artifactory\\Windows\\rundev-2019\\202003131251\\runtime\\155eb96\\runTime' --devkit-location 'P:\\shared\\Artifactory\\Windows\\rundev-2019\\202003131251\\runtime\\155eb96\\devkitBase' --pxrusd-location 'P:\\shared\\Artifactory\\Windows\\USD\\cfb3d8a' --qt-location 'P:\\shared\\Artifactory\\Windows\\qt\\5.6.1\\1acd0ba' '--build-args=-DCMAKE_MAKE_PROGRAM=P:/shared/Artifactory/Windows/ninja/1.9.0/c68f192/ninja.exe,-DPYTHON_INCLUDE_DIR=P:/shared/Artifactory/Windows/rundev-2019/202003131251/runtime/155eb96/runTime/include/Python2.7,-DPython_EXECUTABLE=P:/shared/Artifactory/Windows/rundev-2019/202003131251/runtime/155eb96/runTime/bin/mayapy.exe,-DPYTHON_LIBRARIES=P:/shared/Artifactory/Windows/rundev-2019/202003131251/runtime/155eb96/runTime/lib/python27.lib,-DCMAKE_WANT_UFE_BUILD=OFF,-DCMAKE_WANT_MATERIALX_BUILD=ON,-DCMAKE_PREFIX_PATH=P:\\shared\\Artifactory\\Windows\\USD\\cfb3d8a' '--ctest-args=-E testUsdReferenceAssemblySelection|testUsdMayaAppDir,-LE interactive,--parallel 16' --stages=install --redirect-outstream-file=False --install-location 'W:\\install\\RelWithDebInfo\\MayaUSD' 'W:\\'
[2022-11-09T21:48:08.089Z] Modified environment variables:
[2022-11-09T21:48:08.089Z]     PATH=P:\shared\Artifactory\Windows\cmake\3.20.3\afe857a\bin;C:\Python27\lib\site-packages\pywin32_system32;C:\Program Files (x86)\Microsoft Visual Studio\2017\Professional\VC\Tools\MSVC\14.16.27023\bin\HostX64\x64;C:\Program Files (x86)\Microsoft Visual Studio\2017\Professional\Common7\IDE\VC\VCPackages;C:\Program Files (x86)\Microsoft Visual Studio\2017\Professional\Common7\IDE\CommonExtensions\Microsoft\TestWindow;C:\Program Files (x86)\Microsoft Visual Studio\2017\Professional\Common7\IDE\CommonExtensions\Microsoft\TeamFoundation\Team Explorer;C:\Program Files (x86)\Microsoft Visual Studio\2017\Professional\MSBuild\15.0\bin\Roslyn;C:\Program Files (x86)\Microsoft Visual Studio\2017\Professional\Team Tools\Performance Tools\x64;C:\Program Files (x86)\Microsoft Visual Studio\2017\Professional\Team Tools\Performance Tools;C:\Program Files (x86)\Microsoft Visual Studio\Shared\Common\VSPerfCollectionTools\\x64;C:\Program Files (x86)\Microsoft Visual Studio\Shared\Common\VSPerfCollectionTools\;C:\Program Files (x86)\Microsoft SDKs\Windows\v10.0A\bin\NETFX 4.6.1 Tools\x64\;C:\Program Files (x86)\HTML Help Workshop;C:\Program Files (x86)\Windows Kits\10\bin\10.0.18362.0\x64;C:\Program Files (x86)\Windows Kits\10\bin\x64;C:\Program Files (x86)\Microsoft Visual Studio\2017\Professional\\MSBuild\15.0\bin;C:\WINDOWS\Microsoft.NET\Framework64\v4.0.30319;C:\Program Files (x86)\Microsoft Visual Studio\2017\Professional\Common7\IDE\;C:\Program Files (x86)\Microsoft Visual Studio\2017\Professional\Common7\Tools\;C:\Python27\;C:\Python27\Scripts;C:\WINDOWS\system32;C:\WINDOWS;C:\WINDOWS\System32\Wbem;C:\WINDOWS\System32\WindowsPowerShell\v1.0\;C:\WINDOWS\System32\OpenSSH\;C:\ProgramData\chocolatey\bin;C:\Program Files (x86)\WiX Toolset v3.7\bin;C:\Program Files\dotnet\;C:\Program Files (x86)\Windows Kits\10\bin\10.0.18362.0\x64;C:\Program Files\Zulu\zulu-11\bin\;C:\Program Files (x86)\Windows Kits\10\bin\10.0.17763.0\x64;C:\Program Files (x86)\Windows Kits\10\bin\x64;C:\Program Files\Git\cmd;C:\Program Files\Git\usr\bin;C:\Program Files\Git\mingw64\bin;C:\Program Files\Git\bin;C:\Python38\;C:\Python38\Scripts;C:\StoreBoxClientWindows;C:\Program Files\Electric Cloud\ElectricCommander\bin;C:\Program Files\WinRAR;C:\Program Files\7-Zip;C:\Users\Administrator\AppData\Local\Microsoft\WindowsApps;C:\Program Files (x86)\Microsoft Visual Studio\2017\Professional\Common7\IDE\CommonExtensions\Microsoft\CMake\CMake\bin;C:\Program Files (x86)\Microsoft Visual Studio\2017\Professional\Common7\IDE\CommonExtensions\Microsoft\CMake\Ninja
[2022-11-09T21:48:08.089Z]     [1/8] Automatic MOC and UIC for target mayaUsdUI
[2022-11-09T21:48:08.420Z]     [2/5] Automatic MOC and UIC for target testMayaUsdUI
[2022-11-09T21:48:08.420Z]     [2/3] Install the project...
[2022-11-09T21:48:08.420Z]     -- Install configuration: "RelWithDebInfo"
[2022-11-09T21:48:11.354Z]     
[2022-11-09T21:48:11.354Z]         Building with settings:
[2022-11-09T21:48:11.354Z]           Source directory          S:\jenkins\workspace\ECP\ecg-maya-usd\ecg-mayausd-branch-preflight-2019-no-ufe-windows\ecg-maya-usd\maya-usd
[2022-11-09T21:48:11.354Z]           Workspace directory       W:\
[2022-11-09T21:48:11.354Z]           Build directory           W:\build\RelWithDebInfo
[2022-11-09T21:48:11.354Z]           Install directory         W:\install\RelWithDebInfo\MayaUSD
[2022-11-09T21:48:11.354Z]           Variant                   RelWithDebInfo
[2022-11-09T21:48:11.354Z]           Python Debug              Off
[2022-11-09T21:48:11.354Z]           CMake generator           Ninja
[2022-11-09T21:48:11.354Z]           Build arguments           ['-DCMAKE_MAKE_PROGRAM=P:/shared/Artifactory/Windows/ninja/1.9.0/c68f192/ninja.exe', '-DPYTHON_INCLUDE_DIR=P:/shared/Artifactory/Windows/rundev-2019/202003131251/runtime/155eb96/runTime/include/Python2.7', '-DPython_EXECUTABLE=P:/shared/Artifactory/Windows/rundev-2019/202003131251/runtime/155eb96/runTime/bin/mayapy.exe', '-DPYTHON_LIBRARIES=P:/shared/Artifactory/Windows/rundev-2019/202003131251/runtime/155eb96/runTime/lib/python27.lib', '-DCMAKE_WANT_UFE_BUILD=OFF', '-DCMAKE_WANT_MATERIALX_BUILD=ON', '-DCMAKE_PREFIX_PATH=P:\\shared\\Artifactory\\Windows\\USD\\cfb3d8a']
[2022-11-09T21:48:11.354Z]           Stages arguments          ['install']
[2022-11-09T21:48:11.354Z]           CTest arguments           ['-E testUsdReferenceAssemblySelection|testUsdMayaAppDir', '-LE interactive', '--parallel 16']
[2022-11-09T21:48:11.354Z]     Success MayaUSD build and install !!!!
[2022-11-09T21:48:11.354Z]     Elapsed time: 00:00:02
[Pipeline] bat
[2022-11-09T21:48:11.920Z] Deleting alias drive W:
[Pipeline] bat
[2022-11-09T21:48:12.466Z] Deleting alias drive P:
[Pipeline] }
[Pipeline] // withEnv
[Pipeline] }
[Pipeline] // timeout
[Pipeline] }
[Pipeline] // stage
[Pipeline] }
[Pipeline] // timestamps
[Pipeline] timestamps
[Pipeline] {
[Pipeline] stage
[Pipeline] { (Test)
[Pipeline] timeout
[2022-11-09T21:48:12.664Z] Timeout set to expire in 6 hr 0 min
[Pipeline] {
[Pipeline] withEnv
[Pipeline] {
[Pipeline] bat
[2022-11-09T21:48:13.209Z] Creating alias drive P: to S:\jenkins\workspace
[Pipeline] bat
[2022-11-09T21:48:13.761Z] Creating alias drive W: to S:\jenkins\workspace\ECP\ecg-maya-usd\ecg-mayausd-branch-preflight-2019-no-ufe-windows
[Pipeline] bat
[2022-11-09T21:48:14.467Z] "C:\Program Files (x86)\Microsoft Visual Studio\2017\Professional\VC\Auxiliary\Build\vcvarsall.bat" x64
[2022-11-09T21:48:14.467Z] **********************************************************************
[2022-11-09T21:48:14.467Z] ** Visual Studio 2017 Developer Command Prompt v15.9.15
[2022-11-09T21:48:14.467Z] ** Copyright (c) 2017 Microsoft Corporation
[2022-11-09T21:48:14.467Z] **********************************************************************
[2022-11-09T21:48:15.173Z] [vcvarsall.bat] Environment initialized for: 'x64'
[2022-11-09T21:48:15.173Z] python ecg-maya-usd/build.py --stages=test --workspace-dir=W:\ --artifactory-dir=P:\shared\Artifactory --build-dir=W:\build --install-dir=W:\install --signing-dir=W:\signing --package-dir=W:\package --output-dir=W:\output --stash-dir=W:\stash --jenkins-build=436 --git-commit=39bafd58a78717a94e1e9b0026cc53cc1939be7a --git-branch=master --variants=RelWithDebInfo --python=2.7 --ufe=false --pxrusd-version=0.21.05-gold --post-zips=false --test-jobs=0 --failed-test-retry=3 --maya-cut-config=maya-rundev-2019.yaml --maya-package=rundev-2019 --stage-banner --progressive-timeout
[2022-11-09T21:48:15.880Z] Using Maya cut from P:\shared\Artifactory\Windows\rundev-2019\202003131251\runtime\155eb96
[2022-11-09T21:48:15.880Z] 
[2022-11-09T21:48:15.880Z] ================================================================================
[2022-11-09T21:48:15.880Z]                              test (RelWithDebInfo)
[2022-11-09T21:48:15.880Z] ================================================================================
[2022-11-09T21:48:15.880Z] Maya Python RelWithDebInfo Info:
[2022-11-09T21:48:15.880Z]   mayapy executable   = P:\shared\Artifactory\Windows\rundev-2019\202003131251\runtime\155eb96\runTime\bin\mayapy.exe
[2022-11-09T21:48:15.880Z]   Include Folder      = P:\shared\Artifactory\Windows\rundev-2019\202003131251\runtime\155eb96\runTime\include\Python2.7
[2022-11-09T21:48:15.880Z]   Library             = P:\shared\Artifactory\Windows\rundev-2019\202003131251\runtime\155eb96\runTime\lib\python27.lib
[2022-11-09T21:48:15.880Z]   site-package Folder = P:\shared\Artifactory\Windows\rundev-2019\202003131251\runtime\155eb96\runTime\Python\Lib\site-packages
[2022-11-09T21:48:16.587Z] In workdir: S:\jenkins\workspace\ECP\ecg-maya-usd\ecg-mayausd-branch-preflight-2019-no-ufe-windows\ecg-maya-usd\maya-usd
[2022-11-09T21:48:16.587Z] Executing: 'P:\\shared\\Artifactory\\Windows\\rundev-2019\\202003131251\\runtime\\155eb96\\runTime\\bin\\mayapy.exe' 'S:\\jenkins\\workspace\\ECP\\ecg-maya-usd\\ecg-mayausd-branch-preflight-2019-no-ufe-windows\\ecg-maya-usd\\maya-usd\\build.py' --generator Ninja --build-relwithdebug --maya-location 'P:\\shared\\Artifactory\\Windows\\rundev-2019\\202003131251\\runtime\\155eb96\\runTime' --devkit-location 'P:\\shared\\Artifactory\\Windows\\rundev-2019\\202003131251\\runtime\\155eb96\\devkitBase' --pxrusd-location 'P:\\shared\\Artifactory\\Windows\\USD\\cfb3d8a' --qt-location 'P:\\shared\\Artifactory\\Windows\\qt\\5.6.1\\1acd0ba' '--build-args=-DCMAKE_MAKE_PROGRAM=P:/shared/Artifactory/Windows/ninja/1.9.0/c68f192/ninja.exe,-DPYTHON_INCLUDE_DIR=P:/shared/Artifactory/Windows/rundev-2019/202003131251/runtime/155eb96/runTime/include/Python2.7,-DPython_EXECUTABLE=P:/shared/Artifactory/Windows/rundev-2019/202003131251/runtime/155eb96/runTime/bin/mayapy.exe,-DPYTHON_LIBRARIES=P:/shared/Artifactory/Windows/rundev-2019/202003131251/runtime/155eb96/runTime/lib/python27.lib,-DCMAKE_WANT_UFE_BUILD=OFF,-DCMAKE_WANT_MATERIALX_BUILD=ON,-DCMAKE_PREFIX_PATH=P:\\shared\\Artifactory\\Windows\\USD\\cfb3d8a' '--ctest-args=-E testUsdReferenceAssemblySelection|testUsdMayaAppDir,-LE interactive,--parallel 16' --stages=test --redirect-outstream-file=False --install-location 'W:\\install\\RelWithDebInfo\\MayaUSD' 'W:\\'
[2022-11-09T21:48:16.587Z] Modified environment variables:
[2022-11-09T21:48:16.588Z]     PATH=P:\shared\Artifactory\Windows\cmake\3.20.3\afe857a\bin;C:\Python27\lib\site-packages\pywin32_system32;C:\Program Files (x86)\Microsoft Visual Studio\2017\Professional\VC\Tools\MSVC\14.16.27023\bin\HostX64\x64;C:\Program Files (x86)\Microsoft Visual Studio\2017\Professional\Common7\IDE\VC\VCPackages;C:\Program Files (x86)\Microsoft Visual Studio\2017\Professional\Common7\IDE\CommonExtensions\Microsoft\TestWindow;C:\Program Files (x86)\Microsoft Visual Studio\2017\Professional\Common7\IDE\CommonExtensions\Microsoft\TeamFoundation\Team Explorer;C:\Program Files (x86)\Microsoft Visual Studio\2017\Professional\MSBuild\15.0\bin\Roslyn;C:\Program Files (x86)\Microsoft Visual Studio\2017\Professional\Team Tools\Performance Tools\x64;C:\Program Files (x86)\Microsoft Visual Studio\2017\Professional\Team Tools\Performance Tools;C:\Program Files (x86)\Microsoft Visual Studio\Shared\Common\VSPerfCollectionTools\\x64;C:\Program Files (x86)\Microsoft Visual Studio\Shared\Common\VSPerfCollectionTools\;C:\Program Files (x86)\Microsoft SDKs\Windows\v10.0A\bin\NETFX 4.6.1 Tools\x64\;C:\Program Files (x86)\HTML Help Workshop;C:\Program Files (x86)\Windows Kits\10\bin\10.0.18362.0\x64;C:\Program Files (x86)\Windows Kits\10\bin\x64;C:\Program Files (x86)\Microsoft Visual Studio\2017\Professional\\MSBuild\15.0\bin;C:\WINDOWS\Microsoft.NET\Framework64\v4.0.30319;C:\Program Files (x86)\Microsoft Visual Studio\2017\Professional\Common7\IDE\;C:\Program Files (x86)\Microsoft Visual Studio\2017\Professional\Common7\Tools\;C:\Python27\;C:\Python27\Scripts;C:\WINDOWS\system32;C:\WINDOWS;C:\WINDOWS\System32\Wbem;C:\WINDOWS\System32\WindowsPowerShell\v1.0\;C:\WINDOWS\System32\OpenSSH\;C:\ProgramData\chocolatey\bin;C:\Program Files (x86)\WiX Toolset v3.7\bin;C:\Program Files\dotnet\;C:\Program Files (x86)\Windows Kits\10\bin\10.0.18362.0\x64;C:\Program Files\Zulu\zulu-11\bin\;C:\Program Files (x86)\Windows Kits\10\bin\10.0.17763.0\x64;C:\Program Files (x86)\Windows Kits\10\bin\x64;C:\Program Files\Git\cmd;C:\Program Files\Git\usr\bin;C:\Program Files\Git\mingw64\bin;C:\Program Files\Git\bin;C:\Python38\;C:\Python38\Scripts;C:\StoreBoxClientWindows;C:\Program Files\Electric Cloud\ElectricCommander\bin;C:\Program Files\WinRAR;C:\Program Files\7-Zip;C:\Users\Administrator\AppData\Local\Microsoft\WindowsApps;C:\Program Files (x86)\Microsoft Visual Studio\2017\Professional\Common7\IDE\CommonExtensions\Microsoft\CMake\CMake\bin;C:\Program Files (x86)\Microsoft Visual Studio\2017\Professional\Common7\IDE\CommonExtensions\Microsoft\CMake\Ninja
[2022-11-09T21:48:16.919Z]     Test project W:/build/RelWithDebInfo
[2022-11-09T21:48:17.626Z]             Start   1: testMayaUsdConverter
[2022-11-09T21:48:17.626Z]             Start   2: testMayaUsdCreateStageCommands
[2022-11-09T21:48:17.626Z]             Start   3: testMayaUsdPythonImport
[2022-11-09T21:48:17.626Z]             Start   4: testMayaUsdLayerEditorCommands
[2022-11-09T21:48:17.626Z]             Start   5: testMayaUsdCacheId
[2022-11-09T21:48:17.626Z]             Start   8: _Interactive_Maya
[2022-11-09T21:48:17.626Z]       1/126 Test   #8: _Interactive_Maya ...............................***Not Run (Disabled)   0.00 sec
[2022-11-09T21:48:17.626Z]             Start   9: testMayaUsdPlugVersionCheck
[2022-11-09T21:48:17.626Z]             Start  10: testPxrUsdPreviewSurfaceDraw
[2022-11-09T21:48:17.626Z]             Start  11: testPxrUsdPreviewSurfaceExport
[2022-11-09T21:48:17.626Z]             Start  12: testMayaUsdSchemasPythonImport
[2022-11-09T21:48:17.626Z]             Start  13: testMayaUsdSchemasMayaReference
[2022-11-09T21:48:17.626Z]             Start  14: testDiffCore
[2022-11-09T21:48:17.965Z]             Start  15: testDiffValues
[2022-11-09T21:48:17.965Z]             Start  16: testDiffAttributes
[2022-11-09T21:48:17.965Z]             Start  17: testDiffRelationships
[2022-11-09T21:48:17.965Z]             Start  18: testDiffDictionaries
[2022-11-09T21:48:17.965Z]             Start  19: testDiffLists
[2022-11-09T21:48:17.965Z]       2/126 Test  #14: testDiffCore ....................................   Passed    0.20 sec
[2022-11-09T21:48:17.965Z]             Start  20: testDiffComputeOverall
[2022-11-09T21:48:17.965Z]       3/126 Test  #15: testDiffValues ..................................   Passed    0.21 sec
[2022-11-09T21:48:17.965Z]             Start  21: testDiffPrims
[2022-11-09T21:48:17.965Z]       4/126 Test  #18: testDiffDictionaries ............................   Passed    0.12 sec
[2022-11-09T21:48:17.965Z]             Start  22: testMergePrims
[2022-11-09T21:48:17.965Z]       5/126 Test  #19: testDiffLists ...................................   Passed    0.12 sec
[2022-11-09T21:48:17.965Z]             Start  23: testDiffMetadatas
[2022-11-09T21:48:17.965Z]       6/126 Test  #20: testDiffComputeOverall ..........................   Passed    0.12 sec
[2022-11-09T21:48:17.965Z]             Start  24: testUsdExportAnimation
[2022-11-09T21:48:17.965Z]       7/126 Test  #16: testDiffAttributes ..............................   Passed    0.25 sec
[2022-11-09T21:48:17.965Z]             Start  25: testUsdExportAsClip
[2022-11-09T21:48:17.965Z]       8/126 Test  #17: testDiffRelationships ...........................   Passed    0.22 sec
[2022-11-09T21:48:17.965Z]             Start  26: testUsdExportBindTransform
[2022-11-09T21:48:18.299Z]       9/126 Test  #21: testDiffPrims ...................................   Passed    0.24 sec
[2022-11-09T21:48:18.299Z]             Start  27: testUsdExportBlendshapes
[2022-11-09T21:48:18.299Z]      10/126 Test  #23: testDiffMetadatas ...............................   Passed    0.20 sec
[2022-11-09T21:48:18.299Z]             Start  28: testUsdExportCamera
[2022-11-09T21:48:18.299Z]      11/126 Test  #22: testMergePrims ..................................   Passed    0.24 sec
[2022-11-09T21:48:18.299Z]             Start  29: testUsdExportColorSets
[2022-11-09T21:48:21.247Z]      12/126 Test  #10: testPxrUsdPreviewSurfaceDraw ....................   Passed    3.23 sec
[2022-11-09T21:48:21.247Z]             Start  30: testUsdExportConnected
[2022-11-09T21:48:21.247Z]      13/126 Test   #3: testMayaUsdPythonImport .........................   Passed    3.54 sec
[2022-11-09T21:48:21.247Z]             Start  31: testUsdExportDisplacement
[2022-11-09T21:48:21.581Z]      14/126 Test   #9: testMayaUsdPlugVersionCheck .....................   Passed    3.73 sec
[2022-11-09T21:48:21.581Z]             Start  32: testUsdExportDisplayColor
[2022-11-09T21:48:21.581Z]      15/126 Test  #12: testMayaUsdSchemasPythonImport ..................   Passed    3.86 sec
[2022-11-09T21:48:21.581Z]             Start  33: testUsdExportEulerFilter
[2022-11-09T21:48:21.918Z]      16/126 Test   #5: testMayaUsdCacheId ..............................   Passed    4.01 sec
[2022-11-09T21:48:21.918Z]             Start  34: testUsdExportFileFormat
[2022-11-09T21:48:21.918Z]      17/126 Test   #1: testMayaUsdConverter ............................   Passed    4.13 sec
[2022-11-09T21:48:21.918Z]             Start  35: testUsdExportFilterTypes
[2022-11-09T21:48:21.918Z]      18/126 Test  #13: testMayaUsdSchemasMayaReference .................   Passed    4.09 sec
[2022-11-09T21:48:21.918Z]             Start  36: testUsdExportFrameOffset
[2022-11-09T21:48:21.918Z]      19/126 Test   #2: testMayaUsdCreateStageCommands ..................   Passed    4.30 sec
[2022-11-09T21:48:21.918Z]             Start  37: testUsdExportGeomSubset
[2022-11-09T21:48:22.250Z]      20/126 Test  #11: testPxrUsdPreviewSurfaceExport ..................   Passed    4.50 sec
[2022-11-09T21:48:22.250Z]             Start  38: testUsdExportInstances
[2022-11-09T21:48:22.250Z]      21/126 Test   #4: testMayaUsdLayerEditorCommands ..................   Passed    4.62 sec
[2022-11-09T21:48:22.250Z]             Start  39: testUsdExportLayerAttributes
[2022-11-09T21:48:22.584Z]      22/126 Test  #26: testUsdExportBindTransform ......................   Passed    4.45 sec
[2022-11-09T21:48:22.584Z]             Start  40: testUsdExportLight
[2022-11-09T21:48:22.584Z]      23/126 Test  #24: testUsdExportAnimation ..........................   Passed    4.51 sec
[2022-11-09T21:48:22.584Z]             Start  41: testUsdExportLocator
[2022-11-09T21:48:23.451Z]      24/126 Test  #27: testUsdExportBlendshapes ........................   Passed    4.91 sec
[2022-11-09T21:48:23.451Z]             Start  42: testUsdExportMayaInstancer
[2022-11-09T21:48:23.451Z]      25/126 Test  #25: testUsdExportAsClip .............................   Passed    5.30 sec
[2022-11-09T21:48:23.451Z]             Start  43: testUsdExportMesh
[2022-11-09T21:48:23.451Z]      26/126 Test  #28: testUsdExportCamera .............................   Passed    5.24 sec
[2022-11-09T21:48:23.451Z]             Start  44: testUsdExportNurbsCurve
[2022-11-09T21:48:23.784Z]      27/126 Test  #29: testUsdExportColorSets ..........................   Passed    5.39 sec
[2022-11-09T21:48:23.784Z]             Start  45: testUsdExportOpenLayer
[2022-11-09T21:48:26.031Z]      28/126 Test  #30: testUsdExportConnected ..........................   Passed    4.69 sec
[2022-11-09T21:48:26.031Z]             Start  46: testUsdExportOverImport
[2022-11-09T21:48:26.031Z]      29/126 Test  #32: testUsdExportDisplayColor .......................   Passed    4.31 sec
[2022-11-09T21:48:26.031Z]             Start  47: testUsdExportUsdPreviewSurface
[2022-11-09T21:48:26.031Z]      30/126 Test  #34: testUsdExportFileFormat .........................   Passed    4.09 sec
[2022-11-09T21:48:26.031Z]             Start  48: testUsdExportParentScope
[2022-11-09T21:48:26.031Z]      31/126 Test  #31: testUsdExportDisplacement .......................   Passed    4.71 sec
[2022-11-09T21:48:26.031Z]             Start  49: testUsdExportParticles
[2022-11-09T21:48:26.031Z]      32/126 Test  #39: testUsdExportLayerAttributes ....................   Passed    3.77 sec
[2022-11-09T21:48:26.031Z]             Start  50: testUsdExportPref
[2022-11-09T21:48:26.368Z]      33/126 Test  #33: testUsdExportEulerFilter ........................   Passed    4.63 sec
[2022-11-09T21:48:26.368Z]             Start  51: testUsdExportRenderLayerMode
[2022-11-09T21:48:26.368Z]      34/126 Test  #38: testUsdExportInstances ..........................   Passed    4.11 sec
[2022-11-09T21:48:26.368Z]             Start  52: testUsdExportRoots
[2022-11-09T21:48:26.368Z]      35/126 Test  #37: testUsdExportGeomSubset .........................   Passed    4.47 sec
[2022-11-09T21:48:26.369Z]             Start  53: testUsdExportRootsAndParentScope
[2022-11-09T21:48:26.702Z]      36/126 Test  #36: testUsdExportFrameOffset ........................   Passed    4.67 sec
[2022-11-09T21:48:26.702Z]             Start  54: testUsdExportSelection
[2022-11-09T21:48:26.702Z]      37/126 Test  #40: testUsdExportLight ..............................   Passed    4.08 sec
[2022-11-09T21:48:26.702Z]             Start  55: testUsdExportSelectionHierarchy
[2022-11-09T21:48:27.410Z]      38/126 Test  #41: testUsdExportLocator ............................   Passed    4.65 sec
[2022-11-09T21:48:27.410Z]             Start  56: testUsdExportShadingInstanced
[2022-11-09T21:48:27.410Z]      39/126 Test  #35: testUsdExportFilterTypes ........................   Passed    5.43 sec
[2022-11-09T21:48:27.410Z]             Start  57: testUsdExportShadingModePxrRis
[2022-11-09T21:48:27.410Z]      40/126 Test  #43: testUsdExportMesh ...............................***Failed    4.07 sec
[2022-11-09T21:48:27.410Z]     MAYA_DEBUG_NO_SAVE_ON_CRASH is set.
[2022-11-09T21:48:27.410Z]     Warning: file: S:/jenkins/workspace/ECP/ecg-maya-usd/ecg-mayausd-branch-preflight-2019-no-ufe-windows/ecg-maya-usd/maya-usd/test/lib/usd/translators/UsdExportMeshTest/UsdExportMeshTest.ma line 437: Unrecognized node type 'px_renderGlobals'; preserving node information during this session.
[2022-11-09T21:48:27.410Z]     Error: Missing OpenColorIO configuration file: <MAYA_RESOURCES>/OCIO-configs/Maya-legacy/config.ocio
[2022-11-09T21:48:27.410Z]     Warning: Missing OpenColorIO configuration file: <MAYA_RESOURCES>/OCIO-configs/Maya-legacy/config.ocio
[2022-11-09T21:48:27.410Z]     Warning: Missing OpenColorIO configuration file: <MAYA_RESOURCES>/OCIO-configs/Maya-legacy/config.ocio
[2022-11-09T21:48:27.410Z]     Warning: Internal error: failed to initialize template.
[2022-11-09T21:48:27.410Z]     Warning: Internal error: failed to initialize template.
[2022-11-09T21:48:27.410Z]     Warning: Errors have occurred while reading this scene that may result in data loss.
[2022-11-09T21:48:27.410Z]     File read in  0.16 seconds.
[2022-11-09T21:48:27.410Z]     Error: Missing OpenColorIO configuration file: <MAYA_RESOURCES>/OCIO-configs/Maya-legacy/config.ocio
[2022-11-09T21:48:27.410Z]     Viewport 2.0 floating point render target is turned off.
[2022-11-09T21:48:27.410Z]     E
[2022-11-09T21:48:27.410Z]     ======================================================================
[2022-11-09T21:48:27.410Z]     ERROR: setUpClass (testUsdExportMesh.testUsdExportMesh)
[2022-11-09T21:48:27.410Z]     ----------------------------------------------------------------------
[2022-11-09T21:48:27.410Z]     Traceback (most recent call last):
[2022-11-09T21:48:27.410Z]       File "S:\jenkins\workspace\ECP\ecg-maya-usd\ecg-mayausd-branch-preflight-2019-no-ufe-windows\ecg-maya-usd\maya-usd\test\lib\usd\translators\testUsdExportMesh.py", line 36, in setUpClass
[2022-11-09T21:48:27.410Z]         cmds.file(cls.meshTestFile, force=True, open=True)
[2022-11-09T21:48:27.410Z]     RuntimeError: file: S:/jenkins/workspace/ECP/ecg-maya-usd/ecg-mayausd-branch-preflight-2019-no-ufe-windows/ecg-maya-usd/maya-usd/test/lib/usd/translators/UsdExportMeshTest/UsdExportMeshTest.ma line 5: Unknown Maya file version: 2022.
[2022-11-09T21:48:27.410Z]     file: S:/jenkins/workspace/ECP/ecg-maya-usd/ecg-mayausd-branch-preflight-2019-no-ufe-windows/ecg-maya-usd/maya-usd/test/lib/usd/translators/UsdExportMeshTest/UsdExportMeshTest.ma line 6: Plug-in, "px_render", was not found on MAYA_PLUG_IN_PATH.
[2022-11-09T21:48:27.410Z]     # Traceback (most recent call last):
[2022-11-09T21:48:27.410Z]     #   File "<maya console>", line 1, in <module>
[2022-11-09T21:48:27.410Z]     # RuntimeError: Plug-in, "px_render", was not found on MAYA_PLUG_IN_PATH.
[2022-11-09T21:48:27.410Z]     file: S:/jenkins/workspace/ECP/ecg-maya-usd/ecg-mayausd-branch-preflight-2019-no-ufe-windows/ecg-maya-usd/maya-usd/test/lib/usd/translators/UsdExportMeshTest/UsdExportMeshTest.ma line 474: The colorManagementGlobals 'defaultColorMgtGlobals' has no '.vn' attribute.
[2022-11-09T21:48:27.410Z]     file: S:/jenkins/workspace/ECP/ecg-maya-usd/ecg-mayausd-branch-preflight-2019-no-ufe-windows/ecg-maya-usd/maya-usd/test/lib/usd/translators/UsdExportMeshTest/UsdExportMeshTest.ma line 474: setAttr: No object matches name: .vn
[2022-11-09T21:48:27.410Z]     file: S:/jenkins/workspace/ECP/ecg-maya-usd/ecg-mayausd-branch-preflight-2019-no-ufe-windows/ecg-maya-usd/maya-usd/test/lib/usd/translators/UsdExportMeshTest/UsdExportMeshTest.ma line 475: The colorManagementGlobals 'defaultColorMgtGlobals' has no '.dn' attribute.
[2022-11-09T21:48:27.410Z]     file: S:/jenkins/workspace/ECP/ecg-maya-usd/ecg-mayausd-branch-preflight-2019-no-ufe-windows/ecg-maya-usd/maya-usd/test/lib/usd/translators/UsdExportMeshTest/UsdExportMeshTest.ma line 475: setAttr: No object matches name: .dn
[2022-11-09T21:48:27.410Z]     Missing OpenColorIO configuration file: <MAYA_RESOURCES>/OCIO-configs/Maya-legacy/config.ocio
[2022-11-09T21:48:27.410Z]     Error reading file.
[2022-11-09T21:48:27.410Z]     Error reading file.
[2022-11-09T21:48:27.410Z]     Missing OpenColorIO configuration file: <MAYA_RESOURCES>/OCIO-configs/Maya-legacy/config.ocio
[2022-11-09T21:48:27.410Z]     
[2022-11-09T21:48:27.410Z]     
[2022-11-09T21:48:27.410Z]     ----------------------------------------------------------------------
[2022-11-09T21:48:27.410Z]     Ran 0 tests in 0.433s
[2022-11-09T21:48:27.410Z]     
[2022-11-09T21:48:27.410Z]     FAILED (errors=1)
[2022-11-09T21:48:27.410Z]     
[2022-11-09T21:48:27.410Z]             Start  58: testUsdExportSkeleton
[2022-11-09T21:48:27.745Z]      41/126 Test  #45: testUsdExportOpenLayer ..........................   Passed    3.95 sec
[2022-11-09T21:48:27.745Z]             Start  59: testUsdExportStripNamespaces
[2022-11-09T21:48:27.745Z]      42/126 Test  #42: testUsdExportMayaInstancer ......................   Passed    4.51 sec
[2022-11-09T21:48:27.745Z]             Start  60: testUsdExportStroke
[2022-11-09T21:48:28.079Z]      43/126 Test  #44: testUsdExportNurbsCurve .........................   Passed    4.46 sec
[2022-11-09T21:48:28.079Z]             Start  61: testUsdExportUserTaggedAttributes
[2022-11-09T21:48:29.732Z]      44/126 Test  #46: testUsdExportOverImport .........................   Passed    3.91 sec
[2022-11-09T21:48:29.732Z]             Start  62: testUsdExportVisibilityDefault
[2022-11-09T21:48:30.065Z]      45/126 Test  #47: testUsdExportUsdPreviewSurface ..................   Passed    4.15 sec
[2022-11-09T21:48:30.065Z]             Start  63: testUsdImportAnonymousLayer
[2022-11-09T21:48:30.065Z]      46/126 Test  #51: testUsdExportRenderLayerMode ....................   Passed    3.74 sec
[2022-11-09T21:48:30.065Z]             Start  64: testUsdImportCamera
[2022-11-09T21:48:30.402Z]      47/126 Test  #49: testUsdExportParticles ..........................   Passed    4.44 sec
[2022-11-09T21:48:30.402Z]             Start  65: testUsdImportBasisCurves
[2022-11-09T21:48:30.742Z]      48/126 Test  #48: testUsdExportParentScope ........................   Passed    4.77 sec
[2022-11-09T21:48:30.742Z]             Start  66: testUsdImportBatchNurbsCurves
[2022-11-09T21:48:30.742Z]      49/126 Test  #50: testUsdExportPref ...............................   Passed    4.56 sec
[2022-11-09T21:48:30.742Z]             Start  67: testUsdImportLinearCurves
[2022-11-09T21:48:30.742Z]      50/126 Test  #53: testUsdExportRootsAndParentScope ................   Passed    4.24 sec
[2022-11-09T21:48:30.742Z]             Start  68: testUsdImportNurbsCurves
[2022-11-09T21:48:31.075Z]      51/126 Test  #54: testUsdExportSelection ..........................   Passed    4.45 sec
[2022-11-09T21:48:31.075Z]             Start  69: testUsdImportBatchBezierCurves
[2022-11-09T21:48:31.410Z]      52/126 Test  #55: testUsdExportSelectionHierarchy .................   Passed    4.63 sec
[2022-11-09T21:48:31.410Z]             Start  70: testUsdImportColorSets
[2022-11-09T21:48:31.410Z]      53/126 Test  #59: testUsdExportStripNamespaces ....................   Passed    3.90 sec
[2022-11-09T21:48:31.410Z]             Start  71: testUsdImportDisplacement
[2022-11-09T21:48:31.742Z]      54/126 Test  #57: testUsdExportShadingModePxrRis ..................   Passed    4.44 sec
[2022-11-09T21:48:31.742Z]             Start  72: testUsdImportExportScope
[2022-11-09T21:48:32.081Z]      55/126 Test  #56: testUsdExportShadingInstanced ...................   Passed    4.64 sec
[2022-11-09T21:48:32.081Z]             Start  73: testUsdImportExportTypelessDefs
[2022-11-09T21:48:32.081Z]      56/126 Test  #60: testUsdExportStroke .............................   Passed    4.52 sec
[2022-11-09T21:48:32.081Z]             Start  74: testUsdImportFrameRange
[2022-11-09T21:48:32.414Z]      57/126 Test  #52: testUsdExportRoots ..............................   Passed    5.90 sec
[2022-11-09T21:48:32.414Z]             Start  75: testUsdImportFramerates
[2022-11-09T21:48:32.414Z]      58/126 Test  #61: testUsdExportUserTaggedAttributes ...............   Passed    4.60 sec
[2022-11-09T21:48:32.414Z]             Start  76: testUsdImportInstances
[2022-11-09T21:48:32.746Z]      59/126 Test  #58: testUsdExportSkeleton ...........................   Passed    5.16 sec
[2022-11-09T21:48:32.746Z]             Start  77: testUsdImportLight
[2022-11-09T21:48:33.890Z]      60/126 Test  #64: testUsdImportCamera .............................   Passed    3.96 sec
[2022-11-09T21:48:33.890Z]             Start  78: testUsdImportMayaReference
[2022-11-09T21:48:34.223Z]      61/126 Test  #62: testUsdExportVisibilityDefault ..................   Passed    4.47 sec
[2022-11-09T21:48:34.223Z]             Start  79: testUsdImportMesh
[2022-11-09T21:48:34.223Z]      62/126 Test  #63: testUsdImportAnonymousLayer .....................   Passed    4.18 sec
[2022-11-09T21:48:34.223Z]             Start  80: testUsdImportPreviewSurface
[2022-11-09T21:48:34.556Z]      63/126 Test  #65: testUsdImportBasisCurves ........................   Passed    3.97 sec
[2022-11-09T21:48:34.556Z]             Start  81: testUsdImportSessionLayer
[2022-11-09T21:48:34.556Z]      64/126 Test  #66: testUsdImportBatchNurbsCurves ...................   Passed    4.05 sec
[2022-11-09T21:48:34.556Z]             Start  82: testUsdImportShadingModeDisplayColor
[2022-11-09T21:48:34.888Z]      65/126 Test  #67: testUsdImportLinearCurves .......................   Passed    4.11 sec
[2022-11-09T21:48:34.888Z]             Start  83: testUsdImportShadingModePxrRis
[2022-11-09T21:48:34.888Z]      66/126 Test  #68: testUsdImportNurbsCurves ........................   Passed    4.16 sec
[2022-11-09T21:48:34.888Z]             Start  84: testUsdImportUVSetMappings
[2022-11-09T21:48:34.888Z]      67/126 Test  #69: testUsdImportBatchBezierCurves ..................   Passed    4.04 sec
[2022-11-09T21:48:34.888Z]             Start  85: testUsdImportUSDZTextures
[2022-11-09T21:48:35.596Z]      68/126 Test  #70: testUsdImportColorSets ..........................   Passed    4.22 sec
[2022-11-09T21:48:35.596Z]             Start  86: testUsdExportImportRoundtripPreviewSurface
[2022-11-09T21:48:35.596Z]      69/126 Test  #72: testUsdImportExportScope ........................   Passed    3.97 sec
[2022-11-09T21:48:35.596Z]             Start  87: testUsdExportImportUDIM
[2022-11-09T21:48:35.927Z]      70/126 Test  #71: testUsdImportDisplacement .......................   Passed    4.34 sec
[2022-11-09T21:48:35.927Z]             Start  88: testUsdImportSkeleton
[2022-11-09T21:48:36.261Z]      71/126 Test  #73: testUsdImportExportTypelessDefs .................   Passed    4.31 sec
[2022-11-09T21:48:36.261Z]             Start  89: testUsdImportXforms
[2022-11-09T21:48:36.261Z]      72/126 Test  #74: testUsdImportFrameRange .........................   Passed    4.12 sec
[2022-11-09T21:48:36.261Z]             Start  90: testUsdImportXformAnim
[2022-11-09T21:48:36.592Z]      73/126 Test  #75: testUsdImportFramerates .........................   Passed    4.20 sec
[2022-11-09T21:48:36.592Z]             Start  91: testUsdMayaAdaptor
[2022-11-09T21:48:36.926Z]      74/126 Test  #76: testUsdImportInstances ..........................   Passed    4.21 sec
[2022-11-09T21:48:36.926Z]             Start  92: testUsdMayaAdaptorGeom
[2022-11-09T21:48:36.926Z]      75/126 Test  #77: testUsdImportLight ..............................   Passed    4.17 sec
[2022-11-09T21:48:36.926Z]             Start  93: testUsdMayaAdaptorMetadata
[2022-11-09T21:48:38.071Z]      76/126 Test  #80: testUsdImportPreviewSurface .....................   Passed    3.95 sec
[2022-11-09T21:48:38.071Z]             Start  94: testUsdMayaAdaptorUndoRedo
[2022-11-09T21:48:38.071Z]      77/126 Test  #79: testUsdImportMesh ...............................   Passed    4.03 sec
[2022-11-09T21:48:38.071Z]             Start  95: testUsdExportUVTransforms
[2022-11-09T21:48:38.405Z]      78/126 Test  #78: testUsdImportMayaReference ......................   Passed    4.44 sec
[2022-11-09T21:48:38.405Z]             Start  96: testUsdExportUsdzPackage
[2022-11-09T21:48:38.405Z]      79/126 Test  #81: testUsdImportSessionLayer .......................   Passed    4.06 sec
[2022-11-09T21:48:38.405Z]             Start  97: testUsdExportRfMShaders
[2022-11-09T21:48:38.740Z]      80/126 Test  #82: testUsdImportShadingModeDisplayColor ............   Passed    4.00 sec
[2022-11-09T21:48:38.740Z]             Start  98: testUsdImportRfMShaders
[2022-11-09T21:48:38.740Z]      81/126 Test  #83: testUsdImportShadingModePxrRis ..................   Passed    3.89 sec
[2022-11-09T21:48:38.740Z]             Start  99: testUsdExportUVSets
[2022-11-09T21:48:39.073Z]      82/126 Test  #85: testUsdImportUSDZTextures .......................   Passed    4.06 sec
[2022-11-09T21:48:39.073Z]             Start 100: testUsdExportUVSetsFloat
[2022-11-09T21:48:39.073Z]      83/126 Test  #84: testUsdImportUVSetMappings ......................   Passed    4.28 sec
[2022-11-09T21:48:39.073Z]             Start 101: testUsdExportUVSetMappings
[2022-11-09T21:48:40.217Z]      84/126 Test  #88: testUsdImportSkeleton ...........................   Passed    4.09 sec
[2022-11-09T21:48:40.217Z]             Start 102: testUsdImportUVSets
[2022-11-09T21:48:40.217Z]      85/126 Test  #86: testUsdExportImportRoundtripPreviewSurface ......   Passed    4.57 sec
[2022-11-09T21:48:40.217Z]             Start 103: testUsdImportUVSetsFloat
[2022-11-09T21:48:40.217Z]      86/126 Test  #87: testUsdExportImportUDIM .........................   Passed    4.58 sec
[2022-11-09T21:48:40.217Z]             Start 104: testUsdImportChaser
[2022-11-09T21:48:40.548Z]      87/126 Test  #90: testUsdImportXformAnim ..........................   Passed    4.06 sec
[2022-11-09T21:48:40.548Z]             Start 105: testUsdMayaListShadingModesCommand
[2022-11-09T21:48:40.548Z]      88/126 Test  #91: testUsdMayaAdaptor ..............................   Passed    4.02 sec
[2022-11-09T21:48:40.548Z]             Start 106: testUsdImportExportSiteSpecificConfig
[2022-11-09T21:48:40.880Z]      89/126 Test  #92: testUsdMayaAdaptorGeom ..........................   Passed    4.17 sec
[2022-11-09T21:48:40.880Z]             Start 107: testUsdExportAssembly
[2022-11-09T21:48:41.268Z]      90/126 Test  #93: testUsdMayaAdaptorMetadata ......................   Passed    4.23 sec
[2022-11-09T21:48:41.268Z]             Start 108: testUsdExportAssemblyEdits
[2022-11-09T21:48:41.976Z]      91/126 Test  #94: testUsdMayaAdaptorUndoRedo ......................   Passed    3.94 sec
[2022-11-09T21:48:41.976Z]             Start 109: testUsdExportPackage
[2022-11-09T21:48:42.309Z]      92/126 Test  #96: testUsdExportUsdzPackage ........................   Passed    4.05 sec
[2022-11-09T21:48:42.309Z]             Start 110: testUsdExportPointInstancer
[2022-11-09T21:48:42.641Z]      93/126 Test  #98: testUsdImportRfMShaders .........................   Passed    3.90 sec
[2022-11-09T21:48:42.641Z]             Start 111: testUsdImportAsAssemblies
[2022-11-09T21:48:42.641Z]      94/126 Test  #95: testUsdExportUVTransforms .......................   Passed    4.63 sec
[2022-11-09T21:48:42.641Z]             Start 112: testUsdImportNestedAssemblyAnimation
[2022-11-09T21:48:42.972Z]      95/126 Test  #97: testUsdExportRfMShaders .........................   Passed    4.50 sec
[2022-11-09T21:48:42.972Z]             Start 113: testUsdMayaGetVariantSetSelections
[2022-11-09T21:48:42.972Z]      96/126 Test  #99: testUsdExportUVSets .............................   Passed    4.32 sec
[2022-11-09T21:48:42.972Z]             Start 114: testUsdMayaModelKindProcessor
[2022-11-09T21:48:43.680Z]      97/126 Test #100: testUsdExportUVSetsFloat ........................   Passed    4.40 sec
[2022-11-09T21:48:43.680Z]             Start 115: testUsdMayaReferenceAssemblyEdits
[2022-11-09T21:48:43.680Z]      98/126 Test #101: testUsdExportUVSetMappings ......................   Passed    4.50 sec
[2022-11-09T21:48:43.680Z]             Start 116: testUsdReferenceAssemblyChangeRepresentations
[2022-11-09T21:48:44.025Z]      99/126 Test #103: testUsdImportUVSetsFloat ........................   Passed    3.85 sec
[2022-11-09T21:48:44.025Z]             Start 117: testPxrUsdAlembicChaser
[2022-11-09T21:48:44.357Z]     100/126 Test #104: testUsdImportChaser .............................   Passed    3.95 sec
[2022-11-09T21:48:44.357Z]             Start 118: AL_MayaUtilsTests
[2022-11-09T21:48:44.357Z]     101/126 Test #102: testUsdImportUVSets .............................   Passed    4.36 sec
[2022-11-09T21:48:44.357Z]             Start 119: GTest:AL_USDTransactionTests
[2022-11-09T21:48:44.357Z]     102/126 Test #106: testUsdImportExportSiteSpecificConfig ...........   Passed    3.86 sec
[2022-11-09T21:48:44.357Z]             Start 120: Python:AL_USDTransactionTests
[2022-11-09T21:48:44.357Z]     103/126 Test #105: testUsdMayaListShadingModesCommand ..............   Passed    3.99 sec
[2022-11-09T21:48:44.357Z]             Start 121: AL_USDMayaTestPlugin
[2022-11-09T21:48:44.689Z]     104/126 Test #119: GTest:AL_USDTransactionTests ....................   Passed    0.22 sec
[2022-11-09T21:48:44.689Z]             Start 122: TestALUSDMayaPython_ProxyShape
[2022-11-09T21:48:45.021Z]     105/126 Test #120: Python:AL_USDTransactionTests ...................   Passed    0.73 sec
[2022-11-09T21:48:45.021Z]             Start 123: TestALUSDMayaPython_Translators
[2022-11-09T21:48:45.730Z]     106/126 Test #107: testUsdExportAssembly ...........................   Passed    4.81 sec
[2022-11-09T21:48:45.730Z]             Start 124: TestALUSDMayaPython_LayerManager
[2022-11-09T21:48:45.730Z]     107/126 Test #108: testUsdExportAssemblyEdits ......................   Passed    4.73 sec
[2022-11-09T21:48:45.730Z]             Start 125: TestALUSDMayaPython_ImportModule
[2022-11-09T21:48:46.872Z]     108/126 Test #109: testUsdExportPackage ............................   Passed    4.76 sec
[2022-11-09T21:48:46.872Z]             Start 126: testMayaSchemas
[2022-11-09T21:48:46.872Z]     109/126 Test #111: testUsdImportAsAssemblies .......................   Passed    4.23 sec
[2022-11-09T21:48:46.872Z]             Start 127: TestAdditionalTranslators
[2022-11-09T21:48:46.872Z]     110/126 Test #125: TestALUSDMayaPython_ImportModule ................   Passed    1.03 sec
[2022-11-09T21:48:46.872Z]             Start 128: TestPxrUsdTranslators
[2022-11-09T21:48:46.872Z]     111/126 Test #112: testUsdImportNestedAssemblyAnimation ............   Passed    4.21 sec
[2022-11-09T21:48:46.872Z]     112/126 Test #126: testMayaSchemas .................................   Passed    0.18 sec
[2022-11-09T21:48:47.204Z]     113/126 Test #113: testUsdMayaGetVariantSetSelections ..............   Passed    4.38 sec
[2022-11-09T21:48:47.535Z]     114/126 Test #115: testUsdMayaReferenceAssemblyEdits ...............   Passed    3.95 sec
[2022-11-09T21:48:47.535Z]     115/126 Test #118: AL_MayaUtilsTests ...............................   Passed    3.34 sec
[2022-11-09T21:48:47.870Z]     116/126 Test #114: testUsdMayaModelKindProcessor ...................   Passed    4.92 sec
[2022-11-09T21:48:48.202Z]     117/126 Test #116: testUsdReferenceAssemblyChangeRepresentations ...   Passed    4.50 sec
[2022-11-09T21:48:48.539Z]     118/126 Test #117: testPxrUsdAlembicChaser .........................   Passed    4.48 sec
[2022-11-09T21:48:48.539Z]     119/126 Test #122: TestALUSDMayaPython_ProxyShape ..................   Passed    3.87 sec
[2022-11-09T21:48:49.688Z]     120/126 Test #123: TestALUSDMayaPython_Translators .................   Passed    4.38 sec
[2022-11-09T21:48:49.688Z]     121/126 Test #124: TestALUSDMayaPython_LayerManager ................   Passed    3.75 sec
[2022-11-09T21:48:50.395Z]     122/126 Test #128: TestPxrUsdTranslators ...........................   Passed    3.66 sec
[2022-11-09T21:48:52.043Z]     123/126 Test #127: TestAdditionalTranslators .......................   Passed    5.31 sec
[2022-11-09T21:49:05.120Z]     124/126 Test #121: AL_USDMayaTestPlugin ............................   Passed   19.60 sec
[2022-11-09T21:49:10.994Z]     125/126 Test #110: testUsdExportPointInstancer .....................   Passed   27.72 sec
[2022-11-09T21:49:51.099Z]     126/126 Test  #89: testUsdImportXforms .............................   Passed   69.74 sec
[2022-11-09T21:49:51.099Z]     
[2022-11-09T21:49:51.099Z]     99% tests passed, 1 tests failed out of 125
[2022-11-09T21:49:51.099Z]     
[2022-11-09T21:49:51.099Z]     Label Time Summary:
[2022-11-09T21:49:51.099Z]     Debugging            =   0.00 sec*proc (1 test)
[2022-11-09T21:49:51.099Z]     MayaUsd              =  24.33 sec*proc (6 tests)
[2022-11-09T21:49:51.099Z]     translators          = 425.28 sec*proc (83 tests)
[2022-11-09T21:49:51.099Z]     usdPreviewSurface    =   7.73 sec*proc (2 tests)
[2022-11-09T21:49:51.099Z]     
[2022-11-09T21:49:51.099Z]     Total Test time (real) =  88.99 sec
[2022-11-09T21:49:51.099Z]     
[2022-11-09T21:49:51.099Z]     The following tests did not run:
[2022-11-09T21:49:51.099Z]     	  8 - _Interactive_Maya (Disabled)
[2022-11-09T21:49:51.099Z]     
[2022-11-09T21:49:51.099Z]     The following tests FAILED:
[2022-11-09T21:49:51.099Z]     	 43 - testUsdExportMesh (Failed)
[2022-11-09T21:49:51.099Z]     Errors while running CTest
[2022-11-09T21:49:51.099Z]     
[2022-11-09T21:49:51.099Z]         Building with settings:
[2022-11-09T21:49:51.099Z]           Source directory          S:\jenkins\workspace\ECP\ecg-maya-usd\ecg-mayausd-branch-preflight-2019-no-ufe-windows\ecg-maya-usd\maya-usd
[2022-11-09T21:49:51.099Z]           Workspace directory       W:\
[2022-11-09T21:49:51.099Z]           Build directory           W:\build\RelWithDebInfo
[2022-11-09T21:49:51.099Z]           Install directory         W:\install\RelWithDebInfo\MayaUSD
[2022-11-09T21:49:51.099Z]           Variant                   RelWithDebInfo
[2022-11-09T21:49:51.099Z]           Python Debug              Off
[2022-11-09T21:49:51.099Z]           CMake generator           Ninja
[2022-11-09T21:49:51.099Z]           Build arguments           ['-DCMAKE_MAKE_PROGRAM=P:/shared/Artifactory/Windows/ninja/1.9.0/c68f192/ninja.exe', '-DPYTHON_INCLUDE_DIR=P:/shared/Artifactory/Windows/rundev-2019/202003131251/runtime/155eb96/runTime/include/Python2.7', '-DPython_EXECUTABLE=P:/shared/Artifactory/Windows/rundev-2019/202003131251/runtime/155eb96/runTime/bin/mayapy.exe', '-DPYTHON_LIBRARIES=P:/shared/Artifactory/Windows/rundev-2019/202003131251/runtime/155eb96/runTime/lib/python27.lib', '-DCMAKE_WANT_UFE_BUILD=OFF', '-DCMAKE_WANT_MATERIALX_BUILD=ON', '-DCMAKE_PREFIX_PATH=P:\\shared\\Artifactory\\Windows\\USD\\cfb3d8a']
[2022-11-09T21:49:51.099Z]           Stages arguments          ['test']
[2022-11-09T21:49:51.099Z]           CTest arguments           ['-E testUsdReferenceAssemblySelection|testUsdMayaAppDir', '-LE interactive', '--parallel 16']
[2022-11-09T21:49:51.099Z]     #####################################################################################
[2022-11-09T21:49:51.099Z]     log date: 2022-11-09 13:48
[2022-11-09T21:49:51.099Z]     commit sha: 3840e2b63c8833b9a298e8ccde0478310e1517e6
[2022-11-09T21:49:51.099Z]     commit date: Wed Nov 9 10:50:49 2022 -0800
[2022-11-09T21:49:51.099Z]     #####################################################################################
[2022-11-09T21:49:51.099Z]     
[2022-11-09T21:49:51.099Z]     cmake --build . --config RelWithDebInfo --target install -- -j16
[2022-11-09T21:49:51.099Z]     #####################################################################################
[2022-11-09T21:49:51.099Z]     log date: 2022-11-09 13:48
[2022-11-09T21:49:51.099Z]     commit sha: 3840e2b63c8833b9a298e8ccde0478310e1517e6
[2022-11-09T21:49:51.099Z]     commit date: Wed Nov 9 10:50:49 2022 -0800
[2022-11-09T21:49:51.099Z]     #####################################################################################
[2022-11-09T21:49:51.099Z]     
[2022-11-09T21:49:51.099Z]     ctest --output-on-failure --timeout 500 -C RelWithDebInfo -E testUsdReferenceAssemblySelection|testUsdMayaAppDir -LE interactive --parallel 16
[2022-11-09T21:49:51.099Z]     
[2022-11-09T21:49:51.099Z]     Traceback (most recent call last):
[2022-11-09T21:49:51.099Z]       File "S:\jenkins\workspace\ECP\ecg-maya-usd\ecg-mayausd-branch-preflight-2019-no-ufe-windows\ecg-maya-usd\maya-usd\build.py", line 628, in <module>
[2022-11-09T21:49:51.099Z]         RunTests(context, context.ctestArgs)
[2022-11-09T21:49:51.099Z]       File "S:\jenkins\workspace\ECP\ecg-maya-usd\ecg-mayausd-branch-preflight-2019-no-ufe-windows\ecg-maya-usd\maya-usd\build.py", line 411, in RunTests
[2022-11-09T21:49:51.099Z]         RunCTest(context,extraArgs)
[2022-11-09T21:49:51.099Z]       File "S:\jenkins\workspace\ECP\ecg-maya-usd\ecg-mayausd-branch-preflight-2019-no-ufe-windows\ecg-maya-usd\maya-usd\build.py", line 322, in RunCTest
[2022-11-09T21:49:51.099Z]         extraArgs=(" ".join(extraArgs) if extraArgs else "")))
[2022-11-09T21:49:51.099Z]       File "S:\jenkins\workspace\ECP\ecg-maya-usd\ecg-mayausd-branch-preflight-2019-no-ufe-windows\ecg-maya-usd\maya-usd\build.py", line 179, in Run
[2022-11-09T21:49:51.099Z]         .format(cmd=cmd, log=os.path.abspath(context.logFileLocation)))
[2022-11-09T21:49:51.099Z]     RuntimeError: Failed to run 'ctest --output-on-failure --timeout 500 -C RelWithDebInfo -E testUsdReferenceAssemblySelection|testUsdMayaAppDir -LE interactive --parallel 16 '
[2022-11-09T21:49:51.099Z]     See W:\build\RelWithDebInfo\build_log.txt for more details.
[2022-11-09T21:49:51.099Z] build.py: error: Command failed with error code: 1
[Pipeline] bat
[2022-11-09T21:49:51.655Z] Deleting alias drive W:
[Pipeline] bat
[2022-11-09T21:49:52.207Z] Deleting alias drive P:
[Pipeline] }
[Pipeline] // withEnv
[Pipeline] }
[Pipeline] // timeout
[Pipeline] }
[Pipeline] // stage
[Pipeline] }
[Pipeline] // timestamps
[Pipeline] emailextrecipients
Not sending mail to unregistered user ecg.jenkins@autodesk.com because your SCM claimed this was associated with a user ID ecg.jenkins' which your security realm does not recognize; you may need changes in your SCM plugin
Not sending mail to unregistered user ecg.jenkins@autodesk.com because your SCM claimed this was associated with a user ID ecg.jenkins' which your security realm does not recognize; you may need changes in your SCM plugin
[Pipeline] echo
No recipients to send notification.
[Pipeline] }
[Pipeline] // node
[Pipeline] End of Pipeline
ERROR: script returned exit code 1
[Checks API] No suitable checks publisher found.
Finished: FAILURE
