[2022-11-11T22:56:12.576Z] ================================================================================
[2022-11-11T22:56:12.576Z]                              setup (RelWithDebInfo)
[2022-11-11T22:56:12.576Z] ================================================================================
[Pipeline] bat
[2022-11-11T22:56:13.667Z] Deleting alias drive W:
[Pipeline] bat
[2022-11-11T22:56:14.480Z] Deleting alias drive P:
[Pipeline] }
[Pipeline] // withEnv
[Pipeline] }
[Pipeline] // timeout
[Pipeline] }
[Pipeline] // stage
[Pipeline] }
[Pipeline] // timestamps
[Pipeline] timestamps
[Pipeline] {
[Pipeline] stage
[Pipeline] { (Clean)
[Pipeline] timeout
[2022-11-11T22:56:14.829Z] Timeout set to expire in 6 hr 0 min
[Pipeline] {
[Pipeline] withEnv
[Pipeline] {
[Pipeline] bat
[2022-11-11T22:56:15.613Z] Creating alias drive P: to S:\jenkins\workspace
[Pipeline] bat
[2022-11-11T22:56:16.421Z] Creating alias drive W: to S:\jenkins\workspace\ECP\ecg-maya-usd\ecg-mayausd-branch-preflight-2019-no-ufe-windows
[Pipeline] bat
[2022-11-11T22:56:17.394Z] "C:\Program Files (x86)\Microsoft Visual Studio\2017\Professional\VC\Auxiliary\Build\vcvarsall.bat" x64
[2022-11-11T22:56:17.394Z] **********************************************************************
[2022-11-11T22:56:17.394Z] ** Visual Studio 2017 Developer Command Prompt v15.9.15
[2022-11-11T22:56:17.394Z] ** Copyright (c) 2017 Microsoft Corporation
[2022-11-11T22:56:17.394Z] **********************************************************************
[2022-11-11T22:56:18.234Z] [vcvarsall.bat] Environment initialized for: 'x64'
[2022-11-11T22:56:18.234Z] python ecg-maya-usd/build.py --stages=clean --workspace-dir=W:\ --artifactory-dir=P:\shared\Artifactory --build-dir=W:\build --install-dir=W:\install --signing-dir=W:\signing --package-dir=W:\package --output-dir=W:\output --stash-dir=W:\stash --jenkins-build=447 --git-commit=a51f11f4f985514c8714d5f2450b50495847a49b --git-branch=master --variants=RelWithDebInfo --python=2.7 --ufe=false --pxrusd-version=0.21.05-gold --post-zips=false --maya-cut-config=maya-rundev-2019.yaml --maya-package=rundev-2019 --stage-banner
[2022-11-11T22:56:19.084Z] Using Maya cut from P:\shared\Artifactory\Windows\rundev-2019\202003131251\runtime\155eb96
[2022-11-11T22:56:19.084Z] 
[2022-11-11T22:56:19.084Z] ================================================================================
[2022-11-11T22:56:19.084Z]                              clean (RelWithDebInfo)
[2022-11-11T22:56:19.084Z] ================================================================================
[2022-11-11T22:56:19.084Z] Maya Python RelWithDebInfo Info:
[2022-11-11T22:56:19.084Z]   mayapy executable   = P:\shared\Artifactory\Windows\rundev-2019\202003131251\runtime\155eb96\runTime\bin\mayapy.exe
[2022-11-11T22:56:19.084Z]   Include Folder      = P:\shared\Artifactory\Windows\rundev-2019\202003131251\runtime\155eb96\runTime\include\Python2.7
[2022-11-11T22:56:19.084Z]   Library             = P:\shared\Artifactory\Windows\rundev-2019\202003131251\runtime\155eb96\runTime\lib\python27.lib
[2022-11-11T22:56:19.084Z]   site-package Folder = P:\shared\Artifactory\Windows\rundev-2019\202003131251\runtime\155eb96\runTime\Python\Lib\site-packages
[2022-11-11T22:56:23.258Z] In workdir: S:\jenkins\workspace\ECP\ecg-maya-usd\ecg-mayausd-branch-preflight-2019-no-ufe-windows\ecg-maya-usd\maya-usd
[2022-11-11T22:56:23.258Z] Executing: 'P:\\shared\\Artifactory\\Windows\\rundev-2019\\202003131251\\runtime\\155eb96\\runTime\\bin\\mayapy.exe' 'S:\\jenkins\\workspace\\ECP\\ecg-maya-usd\\ecg-mayausd-branch-preflight-2019-no-ufe-windows\\ecg-maya-usd\\maya-usd\\build.py' --generator Ninja --build-relwithdebug --maya-location 'P:\\shared\\Artifactory\\Windows\\rundev-2019\\202003131251\\runtime\\155eb96\\runTime' --devkit-location 'P:\\shared\\Artifactory\\Windows\\rundev-2019\\202003131251\\runtime\\155eb96\\devkitBase' --pxrusd-location 'P:\\shared\\Artifactory\\Windows\\USD\\cfb3d8a' --qt-location 'P:\\shared\\Artifactory\\Windows\\qt\\5.6.1\\1acd0ba' '--build-args=-DCMAKE_MAKE_PROGRAM=P:/shared/Artifactory/Windows/ninja/1.9.0/c68f192/ninja.exe,-DPYTHON_INCLUDE_DIR=P:/shared/Artifactory/Windows/rundev-2019/202003131251/runtime/155eb96/runTime/include/Python2.7,-DPython_EXECUTABLE=P:/shared/Artifactory/Windows/rundev-2019/202003131251/runtime/155eb96/runTime/bin/mayapy.exe,-DPYTHON_LIBRARIES=P:/shared/Artifactory/Windows/rundev-2019/202003131251/runtime/155eb96/runTime/lib/python27.lib,-DCMAKE_WANT_UFE_BUILD=OFF,-DCMAKE_WANT_MATERIALX_BUILD=ON,-DCMAKE_PREFIX_PATH=P:\\shared\\Artifactory\\Windows\\USD\\cfb3d8a' '--ctest-args=-E testUsdReferenceAssemblySelection|testUsdMayaAppDir,-LE interactive,--parallel 16' --stages=clean --redirect-outstream-file=False --install-location 'W:\\install\\RelWithDebInfo\\MayaUSD' 'W:\\'
[2022-11-11T22:56:23.258Z] Modified environment variables:
[2022-11-11T22:56:23.258Z]     PATH=P:\shared\Artifactory\Windows\cmake\3.20.3\afe857a\bin;C:\Python27\lib\site-packages\pywin32_system32;C:\Program Files (x86)\Microsoft Visual Studio\2017\Professional\VC\Tools\MSVC\14.16.27023\bin\HostX64\x64;C:\Program Files (x86)\Microsoft Visual Studio\2017\Professional\Common7\IDE\VC\VCPackages;C:\Program Files (x86)\Microsoft Visual Studio\2017\Professional\Common7\IDE\CommonExtensions\Microsoft\TestWindow;C:\Program Files (x86)\Microsoft Visual Studio\2017\Professional\Common7\IDE\CommonExtensions\Microsoft\TeamFoundation\Team Explorer;C:\Program Files (x86)\Microsoft Visual Studio\2017\Professional\MSBuild\15.0\bin\Roslyn;C:\Program Files (x86)\Microsoft Visual Studio\2017\Professional\Team Tools\Performance Tools\x64;C:\Program Files (x86)\Microsoft Visual Studio\2017\Professional\Team Tools\Performance Tools;C:\Program Files (x86)\Microsoft Visual Studio\Shared\Common\VSPerfCollectionTools\\x64;C:\Program Files (x86)\Microsoft Visual Studio\Shared\Common\VSPerfCollectionTools\;C:\Program Files (x86)\Microsoft SDKs\Windows\v10.0A\bin\NETFX 4.6.1 Tools\x64\;C:\Program Files (x86)\HTML Help Workshop;C:\Program Files (x86)\Windows Kits\10\bin\10.0.18362.0\x64;C:\Program Files (x86)\Windows Kits\10\bin\x64;C:\Program Files (x86)\Microsoft Visual Studio\2017\Professional\\MSBuild\15.0\bin;C:\WINDOWS\Microsoft.NET\Framework64\v4.0.30319;C:\Program Files (x86)\Microsoft Visual Studio\2017\Professional\Common7\IDE\;C:\Program Files (x86)\Microsoft Visual Studio\2017\Professional\Common7\Tools\;C:\Python27\;C:\Python27\Scripts;C:\WINDOWS\system32;C:\WINDOWS;C:\WINDOWS\System32\Wbem;C:\WINDOWS\System32\WindowsPowerShell\v1.0\;C:\WINDOWS\System32\OpenSSH\;C:\ProgramData\chocolatey\bin;C:\Program Files (x86)\WiX Toolset v3.7\bin;C:\Program Files\dotnet\;C:\Program Files (x86)\Windows Kits\10\bin\10.0.18362.0\x64;C:\Program Files\Zulu\zulu-11\bin\;C:\Program Files (x86)\Windows Kits\10\bin\10.0.17763.0\x64;C:\Program Files (x86)\Windows Kits\10\bin\x64;C:\Program Files\Git\cmd;C:\Program Files\Git\usr\bin;C:\Program Files\Git\mingw64\bin;C:\Program Files\Git\bin;C:\Python38\;C:\Python38\Scripts;C:\StoreBoxClientWindows;C:\Program Files\Electric Cloud\ElectricCommander\bin;C:\Program Files\WinRAR;C:\Program Files\7-Zip;C:\Users\Administrator\AppData\Local\Microsoft\WindowsApps;C:\Program Files (x86)\Microsoft Visual Studio\2017\Professional\Common7\IDE\CommonExtensions\Microsoft\CMake\CMake\bin;C:\Program Files (x86)\Microsoft Visual Studio\2017\Professional\Common7\IDE\CommonExtensions\Microsoft\CMake\Ninja
[2022-11-11T22:56:23.258Z]     
[2022-11-11T22:56:23.258Z]         Building with settings:
[2022-11-11T22:56:23.258Z]           Source directory          S:\jenkins\workspace\ECP\ecg-maya-usd\ecg-mayausd-branch-preflight-2019-no-ufe-windows\ecg-maya-usd\maya-usd
[2022-11-11T22:56:23.258Z]           Workspace directory       W:\
[2022-11-11T22:56:23.258Z]           Build directory           W:\build\RelWithDebInfo
[2022-11-11T22:56:23.258Z]           Install directory         W:\install\RelWithDebInfo\MayaUSD
[2022-11-11T22:56:23.258Z]           Variant                   RelWithDebInfo
[2022-11-11T22:56:23.258Z]           Python Debug              Off
[2022-11-11T22:56:23.258Z]           CMake generator           Ninja
[2022-11-11T22:56:23.258Z]           Build arguments           ['-DCMAKE_MAKE_PROGRAM=P:/shared/Artifactory/Windows/ninja/1.9.0/c68f192/ninja.exe', '-DPYTHON_INCLUDE_DIR=P:/shared/Artifactory/Windows/rundev-2019/202003131251/runtime/155eb96/runTime/include/Python2.7', '-DPython_EXECUTABLE=P:/shared/Artifactory/Windows/rundev-2019/202003131251/runtime/155eb96/runTime/bin/mayapy.exe', '-DPYTHON_LIBRARIES=P:/shared/Artifactory/Windows/rundev-2019/202003131251/runtime/155eb96/runTime/lib/python27.lib', '-DCMAKE_WANT_UFE_BUILD=OFF', '-DCMAKE_WANT_MATERIALX_BUILD=ON', '-DCMAKE_PREFIX_PATH=P:\\shared\\Artifactory\\Windows\\USD\\cfb3d8a']
[2022-11-11T22:56:23.258Z]           Stages arguments          ['clean']
[2022-11-11T22:56:23.258Z]           CTest arguments           ['-E testUsdReferenceAssemblySelection|testUsdMayaAppDir', '-LE interactive', '--parallel 16']
[2022-11-11T22:56:23.258Z]     Success MayaUSD build and install !!!!
[2022-11-11T22:56:23.258Z]     Elapsed time: 00:00:00
[Pipeline] bat
[2022-11-11T22:56:24.090Z] Deleting alias drive W:
[Pipeline] bat
[2022-11-11T22:56:25.147Z] Deleting alias drive P:
[Pipeline] }
[Pipeline] // withEnv
[Pipeline] }
[Pipeline] // timeout
[Pipeline] }
[Pipeline] // stage
[Pipeline] }
[Pipeline] // timestamps
[Pipeline] timestamps
[Pipeline] {
[Pipeline] stage
[Pipeline] { (Configure)
[Pipeline] timeout
[2022-11-11T22:56:25.389Z] Timeout set to expire in 6 hr 0 min
[Pipeline] {
[Pipeline] withEnv
[Pipeline] {
[Pipeline] bat
[2022-11-11T22:56:26.123Z] Creating alias drive P: to S:\jenkins\workspace
[Pipeline] bat
[2022-11-11T22:56:26.903Z] Creating alias drive W: to S:\jenkins\workspace\ECP\ecg-maya-usd\ecg-mayausd-branch-preflight-2019-no-ufe-windows
[Pipeline] bat
[2022-11-11T22:56:28.169Z] "C:\Program Files (x86)\Microsoft Visual Studio\2017\Professional\VC\Auxiliary\Build\vcvarsall.bat" x64
[2022-11-11T22:56:28.169Z] **********************************************************************
[2022-11-11T22:56:28.169Z] ** Visual Studio 2017 Developer Command Prompt v15.9.15
[2022-11-11T22:56:28.169Z] ** Copyright (c) 2017 Microsoft Corporation
[2022-11-11T22:56:28.169Z] **********************************************************************
[2022-11-11T22:56:29.015Z] [vcvarsall.bat] Environment initialized for: 'x64'
[2022-11-11T22:56:29.015Z] python ecg-maya-usd/build.py --stages=configure --workspace-dir=W:\ --artifactory-dir=P:\shared\Artifactory --build-dir=W:\build --install-dir=W:\install --signing-dir=W:\signing --package-dir=W:\package --output-dir=W:\output --stash-dir=W:\stash --jenkins-build=447 --git-commit=a51f11f4f985514c8714d5f2450b50495847a49b --git-branch=master --variants=RelWithDebInfo --python=2.7 --ufe=false --pxrusd-version=0.21.05-gold --post-zips=false --maya-cut-config=maya-rundev-2019.yaml --maya-package=rundev-2019 --stage-banner
[2022-11-11T22:56:29.846Z] Using Maya cut from P:\shared\Artifactory\Windows\rundev-2019\202003131251\runtime\155eb96
[2022-11-11T22:56:29.846Z] 
[2022-11-11T22:56:29.846Z] ================================================================================
[2022-11-11T22:56:29.846Z]                            configure (RelWithDebInfo)
[2022-11-11T22:56:29.846Z] ================================================================================
[2022-11-11T22:56:29.846Z] Maya Python RelWithDebInfo Info:
[2022-11-11T22:56:29.846Z]   mayapy executable   = P:\shared\Artifactory\Windows\rundev-2019\202003131251\runtime\155eb96\runTime\bin\mayapy.exe
[2022-11-11T22:56:29.846Z]   Include Folder      = P:\shared\Artifactory\Windows\rundev-2019\202003131251\runtime\155eb96\runTime\include\Python2.7
[2022-11-11T22:56:29.846Z]   Library             = P:\shared\Artifactory\Windows\rundev-2019\202003131251\runtime\155eb96\runTime\lib\python27.lib
[2022-11-11T22:56:29.846Z]   site-package Folder = P:\shared\Artifactory\Windows\rundev-2019\202003131251\runtime\155eb96\runTime\Python\Lib\site-packages
[2022-11-11T22:56:30.675Z] In workdir: S:\jenkins\workspace\ECP\ecg-maya-usd\ecg-mayausd-branch-preflight-2019-no-ufe-windows\ecg-maya-usd\maya-usd
[2022-11-11T22:56:30.675Z] Executing: 'P:\\shared\\Artifactory\\Windows\\rundev-2019\\202003131251\\runtime\\155eb96\\runTime\\bin\\mayapy.exe' 'S:\\jenkins\\workspace\\ECP\\ecg-maya-usd\\ecg-mayausd-branch-preflight-2019-no-ufe-windows\\ecg-maya-usd\\maya-usd\\build.py' --generator Ninja --build-relwithdebug --maya-location 'P:\\shared\\Artifactory\\Windows\\rundev-2019\\202003131251\\runtime\\155eb96\\runTime' --devkit-location 'P:\\shared\\Artifactory\\Windows\\rundev-2019\\202003131251\\runtime\\155eb96\\devkitBase' --pxrusd-location 'P:\\shared\\Artifactory\\Windows\\USD\\cfb3d8a' --qt-location 'P:\\shared\\Artifactory\\Windows\\qt\\5.6.1\\1acd0ba' '--build-args=-DCMAKE_MAKE_PROGRAM=P:/shared/Artifactory/Windows/ninja/1.9.0/c68f192/ninja.exe,-DPYTHON_INCLUDE_DIR=P:/shared/Artifactory/Windows/rundev-2019/202003131251/runtime/155eb96/runTime/include/Python2.7,-DPython_EXECUTABLE=P:/shared/Artifactory/Windows/rundev-2019/202003131251/runtime/155eb96/runTime/bin/mayapy.exe,-DPYTHON_LIBRARIES=P:/shared/Artifactory/Windows/rundev-2019/202003131251/runtime/155eb96/runTime/lib/python27.lib,-DCMAKE_WANT_UFE_BUILD=OFF,-DCMAKE_WANT_MATERIALX_BUILD=ON,-DCMAKE_PREFIX_PATH=P:\\shared\\Artifactory\\Windows\\USD\\cfb3d8a' '--ctest-args=-E testUsdReferenceAssemblySelection|testUsdMayaAppDir,-LE interactive,--parallel 16' --stages=configure --redirect-outstream-file=False --install-location 'W:\\install\\RelWithDebInfo\\MayaUSD' 'W:\\'
[2022-11-11T22:56:30.675Z] Modified environment variables:
[2022-11-11T22:56:30.675Z]     PATH=P:\shared\Artifactory\Windows\cmake\3.20.3\afe857a\bin;C:\Python27\lib\site-packages\pywin32_system32;C:\Program Files (x86)\Microsoft Visual Studio\2017\Professional\VC\Tools\MSVC\14.16.27023\bin\HostX64\x64;C:\Program Files (x86)\Microsoft Visual Studio\2017\Professional\Common7\IDE\VC\VCPackages;C:\Program Files (x86)\Microsoft Visual Studio\2017\Professional\Common7\IDE\CommonExtensions\Microsoft\TestWindow;C:\Program Files (x86)\Microsoft Visual Studio\2017\Professional\Common7\IDE\CommonExtensions\Microsoft\TeamFoundation\Team Explorer;C:\Program Files (x86)\Microsoft Visual Studio\2017\Professional\MSBuild\15.0\bin\Roslyn;C:\Program Files (x86)\Microsoft Visual Studio\2017\Professional\Team Tools\Performance Tools\x64;C:\Program Files (x86)\Microsoft Visual Studio\2017\Professional\Team Tools\Performance Tools;C:\Program Files (x86)\Microsoft Visual Studio\Shared\Common\VSPerfCollectionTools\\x64;C:\Program Files (x86)\Microsoft Visual Studio\Shared\Common\VSPerfCollectionTools\;C:\Program Files (x86)\Microsoft SDKs\Windows\v10.0A\bin\NETFX 4.6.1 Tools\x64\;C:\Program Files (x86)\HTML Help Workshop;C:\Program Files (x86)\Windows Kits\10\bin\10.0.18362.0\x64;C:\Program Files (x86)\Windows Kits\10\bin\x64;C:\Program Files (x86)\Microsoft Visual Studio\2017\Professional\\MSBuild\15.0\bin;C:\WINDOWS\Microsoft.NET\Framework64\v4.0.30319;C:\Program Files (x86)\Microsoft Visual Studio\2017\Professional\Common7\IDE\;C:\Program Files (x86)\Microsoft Visual Studio\2017\Professional\Common7\Tools\;C:\Python27\;C:\Python27\Scripts;C:\WINDOWS\system32;C:\WINDOWS;C:\WINDOWS\System32\Wbem;C:\WINDOWS\System32\WindowsPowerShell\v1.0\;C:\WINDOWS\System32\OpenSSH\;C:\ProgramData\chocolatey\bin;C:\Program Files (x86)\WiX Toolset v3.7\bin;C:\Program Files\dotnet\;C:\Program Files (x86)\Windows Kits\10\bin\10.0.18362.0\x64;C:\Program Files\Zulu\zulu-11\bin\;C:\Program Files (x86)\Windows Kits\10\bin\10.0.17763.0\x64;C:\Program Files (x86)\Windows Kits\10\bin\x64;C:\Program Files\Git\cmd;C:\Program Files\Git\usr\bin;C:\Program Files\Git\mingw64\bin;C:\Program Files\Git\bin;C:\Python38\;C:\Python38\Scripts;C:\StoreBoxClientWindows;C:\Program Files\Electric Cloud\ElectricCommander\bin;C:\Program Files\WinRAR;C:\Program Files\7-Zip;C:\Users\Administrator\AppData\Local\Microsoft\WindowsApps;C:\Program Files (x86)\Microsoft Visual Studio\2017\Professional\Common7\IDE\CommonExtensions\Microsoft\CMake\CMake\bin;C:\Program Files (x86)\Microsoft Visual Studio\2017\Professional\Common7\IDE\CommonExtensions\Microsoft\CMake\Ninja
[2022-11-11T22:56:31.505Z]     -- The C compiler identification is MSVC 19.16.27032.1
[2022-11-11T22:56:31.505Z]     -- The CXX compiler identification is MSVC 19.16.27032.1
[2022-11-11T22:56:31.505Z]     -- Detecting C compiler ABI info
[2022-11-11T22:56:32.341Z]     -- Detecting C compiler ABI info - done
[2022-11-11T22:56:32.341Z]     -- Check for working C compiler: C:/Program Files (x86)/Microsoft Visual Studio/2017/Professional/VC/Tools/MSVC/14.16.27023/bin/Hostx64/x64/cl.exe - skipped
[2022-11-11T22:56:32.341Z]     -- Detecting C compile features
[2022-11-11T22:56:32.341Z]     -- Detecting C compile features - done
[2022-11-11T22:56:32.731Z]     -- Detecting CXX compiler ABI info
[2022-11-11T22:56:33.135Z]     -- Detecting CXX compiler ABI info - done
[2022-11-11T22:56:33.135Z]     -- Check for working CXX compiler: C:/Program Files (x86)/Microsoft Visual Studio/2017/Professional/VC/Tools/MSVC/14.16.27023/bin/Hostx64/x64/cl.exe - skipped
[2022-11-11T22:56:33.135Z]     -- Detecting CXX compile features
[2022-11-11T22:56:33.135Z]     -- Detecting CXX compile features - done
[2022-11-11T22:56:33.135Z]     -- Using Maya Light API Version 1
[2022-11-11T22:56:33.135Z]     -- Found Maya: P:/shared/Artifactory/Windows/rundev-2019/202003131251/runtime/155eb96/runTime/bin/maya.exe (found suitable version "2019", minimum required is "2018")
[2022-11-11T22:56:34.181Z]     -- Found Python: P:/shared/Artifactory/Windows/rundev-2019/202003131251/runtime/155eb96/runTime/bin/mayapy.exe (found suitable exact version "2.7.11") found components: Interpreter
[2022-11-11T22:56:34.181Z]     -- Build MayaUSD with Python3 = OFF
[2022-11-11T22:56:34.181Z]     --    PYTHON_INCLUDE_DIRS = P:/shared/Artifactory/Windows/rundev-2019/202003131251/runtime/155eb96/runTime/include/Python2.7
[2022-11-11T22:56:34.181Z]     --    PYTHON_LIBRARIES    = P:/shared/Artifactory/Windows/rundev-2019/202003131251/runtime/155eb96/runTime/lib/python27.lib
[2022-11-11T22:56:34.181Z]     --    Python_EXECUTABLE   = P:/shared/Artifactory/Windows/rundev-2019/202003131251/runtime/155eb96/runTime/bin/mayapy.exe
[2022-11-11T22:56:34.573Z]     -- USD include dir: P:/shared/Artifactory/Windows/USD/cfb3d8a/include
[2022-11-11T22:56:34.573Z]     -- USD library dir: P:/shared/Artifactory/Windows/USD/cfb3d8a/lib
[2022-11-11T22:56:34.573Z]     -- USD version: 0.21.05
[2022-11-11T22:56:34.573Z]     -- USD Boost::boost version: 107000
[2022-11-11T22:56:34.574Z]     -- Found USD: P:/shared/Artifactory/Windows/USD/cfb3d8a (found suitable version "0.21.05", minimum required is "0.20.05")
[2022-11-11T22:56:34.574Z]     CMake Warning at CMakeLists.txt:125 (message):
[2022-11-11T22:56:34.574Z]       Disabling MaterialX VP2 rendering: it is not supported by this USD package.
[2022-11-11T22:56:34.574Z]     
[2022-11-11T22:56:34.574Z]     
[2022-11-11T22:56:34.574Z]     Updated PYTHONPATH: P:\shared\Artifactory\Windows\USD\cfb3d8a\lib\python
[2022-11-11T22:56:34.574Z]     Updated PATH: P:\shared\Artifactory\Windows\rundev-2019\202003131251\runtime\155eb96\runTime\bin;P:\shared\Artifactory\Windows\cmake\3.20.3\afe857a\bin;C:\Python27\lib\site-packages\pywin32_system32;C:\Program Files (x86)\Microsoft Visual Studio\2017\Professional\VC\Tools\MSVC\14.16.27023\bin\HostX64\x64;C:\Program Files (x86)\Microsoft Visual Studio\2017\Professional\Common7\IDE\VC\VCPackages;C:\Program Files (x86)\Microsoft Visual Studio\2017\Professional\Common7\IDE\CommonExtensions\Microsoft\TestWindow;C:\Program Files (x86)\Microsoft Visual Studio\2017\Professional\Common7\IDE\CommonExtensions\Microsoft\TeamFoundation\Team Explorer;C:\Program Files (x86)\Microsoft Visual Studio\2017\Professional\MSBuild\15.0\bin\Roslyn;C:\Program Files (x86)\Microsoft Visual Studio\2017\Professional\Team Tools\Performance Tools\x64;C:\Program Files (x86)\Microsoft Visual Studio\2017\Professional\Team Tools\Performance Tools;C:\Program Files (x86)\Microsoft Visual Studio\Shared\Common\VSPerfCollectionTools\\x64;C:\Program Files (x86)\Microsoft Visual Studio\Shared\Common\VSPerfCollectionTools\;C:\Program Files (x86)\Microsoft SDKs\Windows\v10.0A\bin\NETFX 4.6.1 Tools\x64\;C:\Program Files (x86)\HTML Help Workshop;C:\Program Files (x86)\Windows Kits\10\bin\10.0.18362.0\x64;C:\Program Files (x86)\Windows Kits\10\bin\x64;C:\Program Files (x86)\Microsoft Visual Studio\2017\Professional\\MSBuild\15.0\bin;C:\WINDOWS\Microsoft.NET\Framework64\v4.0.30319;C:\Program Files (x86)\Microsoft Visual Studio\2017\Professional\Common7\IDE\;C:\Program Files (x86)\Microsoft Visual Studio\2017\Professional\Common7\Tools\;C:\Python27\;C:\Python27\Scripts;C:\WINDOWS\system32;C:\WINDOWS;C:\WINDOWS\System32\Wbem;C:\WINDOWS\System32\WindowsPowerShell\v1.0\;C:\WINDOWS\System32\OpenSSH\;C:\ProgramData\chocolatey\bin;C:\Program Files (x86)\WiX Toolset v3.7\bin;C:\Program Files\dotnet\;C:\Program Files (x86)\Windows Kits\10\bin\10.0.18362.0\x64;C:\Program Files\Zulu\zulu-11\bin\;C:\Program Files (x86)\Windows Kits\10\bin\10.0.17763.0\x64;C:\Program Files (x86)\Windows Kits\10\bin\x64;C:\Program Files\Git\cmd;C:\Program Files\Git\usr\bin;C:\Program Files\Git\mingw64\bin;C:\Program Files\Git\bin;C:\Python38\;C:\Python38\Scripts;C:\StoreBoxClientWindows;C:\Program Files\Electric Cloud\ElectricCommander\bin;C:\Program Files\WinRAR;C:\Program Files\7-Zip;C:\Users\Administrator\AppData\Local\Microsoft\WindowsApps;C:\Program Files (x86)\Microsoft Visual Studio\2017\Professional\Common7\IDE\CommonExtensions\Microsoft\CMake\CMake\bin;C:\Program Files (x86)\Microsoft Visual Studio\2017\Professional\Common7\IDE\CommonExtensions\Microsoft\CMake\Ninja;P:\shared\Artifactory\Windows\USD\cfb3d8a\bin;P:\shared\Artifactory\Windows\USD\cfb3d8a\lib
[2022-11-11T22:56:34.574Z]     -- Building with Qt features enabled.
[2022-11-11T22:56:34.574Z]     -- **** Building Gulrak From Github Repository.
[2022-11-11T22:56:34.574Z]     -- Populating gulrak
[2022-11-11T22:56:34.973Z]     -- Configuring done
[2022-11-11T22:56:34.973Z]     -- Generating done
[2022-11-11T22:56:34.973Z]     -- Build files have been written to: W:/build/RelWithDebInfo/_deps/gulrak-subbuild
[2022-11-11T22:56:35.370Z]     [1/9] Creating directories for 'gulrak-populate'
[2022-11-11T22:56:35.370Z]     [1/9] Performing download step (git clone) for 'gulrak-populate'
[2022-11-11T22:56:35.370Z]     Cloning into 'gulrak-src'...
[2022-11-11T22:56:36.707Z]     HEAD is now at 4e21ab3 Version bump and updated readme.
[2022-11-11T22:56:37.536Z]     [2/9] Performing update step for 'gulrak-populate'
[2022-11-11T22:56:37.536Z]     [4/9] No patch step for 'gulrak-populate'
[2022-11-11T22:56:37.536Z]     [5/9] No configure step for 'gulrak-populate'
[2022-11-11T22:56:37.935Z]     [6/9] No build step for 'gulrak-populate'
[2022-11-11T22:56:37.935Z]     [7/9] No install step for 'gulrak-populate'
[2022-11-11T22:56:37.935Z]     [8/9] No test step for 'gulrak-populate'
[2022-11-11T22:56:37.936Z]     [9/9] Completed 'gulrak-populate'
[2022-11-11T22:56:38.767Z]     -- ========== Installing GoogleTest... ==========
[2022-11-11T22:56:38.767Z]     -- Configuring done
[2022-11-11T22:56:38.767Z]     -- Generating done
[2022-11-11T22:56:38.767Z]     -- Build files have been written to: W:/build/RelWithDebInfo/googletest-config
[2022-11-11T22:56:39.161Z]     [1/8] Creating directories for 'googletest'
[2022-11-11T22:56:42.467Z]     [2/8] Performing download step (git clone) for 'googletest'
[2022-11-11T22:56:42.467Z]     Cloning into 'googletest-src'...
[2022-11-11T22:56:42.467Z]     HEAD is now at 703bd9ca Googletest export
[2022-11-11T22:56:42.467Z]     [3/8] Performing update step for 'googletest'
[2022-11-11T22:56:42.467Z]     [4/8] No patch step for 'googletest'
[2022-11-11T22:56:44.448Z]     [5/8] Performing configure step for 'googletest'
[2022-11-11T22:56:44.448Z]     Not searching for unused variables given on the command line.
[2022-11-11T22:56:44.448Z]     CMake Deprecation Warning at CMakeLists.txt:4 (cmake_minimum_required):
[2022-11-11T22:56:44.448Z]       Compatibility with CMake < 2.8.12 will be removed from a future version of
[2022-11-11T22:56:44.448Z]       CMake.
[2022-11-11T22:56:44.448Z]     
[2022-11-11T22:56:44.448Z]       Update the VERSION argument <min> value or use a ...<max> suffix to tell
[2022-11-11T22:56:44.448Z]       CMake that the project does not need compatibility with older versions.
[2022-11-11T22:56:44.448Z]     
[2022-11-11T22:56:44.448Z]     
[2022-11-11T22:56:44.448Z]     -- The C compiler identification is MSVC 19.16.27032.1
[2022-11-11T22:56:44.448Z]     -- The CXX compiler identification is MSVC 19.16.27032.1
[2022-11-11T22:56:44.448Z]     -- Detecting C compiler ABI info
[2022-11-11T22:56:44.448Z]     -- Detecting C compiler ABI info - done
[2022-11-11T22:56:44.448Z]     -- Check for working C compiler: C:/Program Files (x86)/Microsoft Visual Studio/2017/Professional/VC/Tools/MSVC/14.16.27023/bin/Hostx64/x64/cl.exe - skipped
[2022-11-11T22:56:44.448Z]     -- Detecting C compile features
[2022-11-11T22:56:44.448Z]     -- Detecting C compile features - done
[2022-11-11T22:56:44.448Z]     -- Detecting CXX compiler ABI info
[2022-11-11T22:56:44.448Z]     -- Detecting CXX compiler ABI info - done
[2022-11-11T22:56:44.448Z]     -- Check for working CXX compiler: C:/Program Files (x86)/Microsoft Visual Studio/2017/Professional/VC/Tools/MSVC/14.16.27023/bin/Hostx64/x64/cl.exe - skipped
[2022-11-11T22:56:44.448Z]     -- Detecting CXX compile features
[2022-11-11T22:56:44.448Z]     -- Detecting CXX compile features - done
[2022-11-11T22:56:44.448Z]     CMake Deprecation Warning at googletest/CMakeLists.txt:56 (cmake_minimum_required):
[2022-11-11T22:56:44.448Z]       Compatibility with CMake < 2.8.12 will be removed from a future version of
[2022-11-11T22:56:44.448Z]       CMake.
[2022-11-11T22:56:44.448Z]     
[2022-11-11T22:56:44.448Z]       Update the VERSION argument <min> value or use a ...<max> suffix to tell
[2022-11-11T22:56:44.448Z]       CMake that the project does not need compatibility with older versions.
[2022-11-11T22:56:44.448Z]     
[2022-11-11T22:56:44.448Z]     
[2022-11-11T22:56:44.448Z]     -- Found PythonInterp: C:/Python27/python.exe
[2022-11-11T22:56:44.448Z]     -- Looking for pthread.h
[2022-11-11T22:56:44.448Z]     -- Looking for pthread.h - not found
[2022-11-11T22:56:44.448Z]     -- Found Threads: TRUE
[2022-11-11T22:56:44.448Z]     -- Configuring done
[2022-11-11T22:56:44.448Z]     -- Generating done
[2022-11-11T22:56:44.448Z]     -- Build files have been written to: W:/build/RelWithDebInfo/googletest-build
[2022-11-11T22:56:50.873Z]     [6/8] Performing build step for 'googletest'
[2022-11-11T22:56:50.873Z]     [1/4] Building CXX object googletest\CMakeFiles\gtest_main.dir\src\gtest_main.cc.obj
[2022-11-11T22:56:50.873Z]     [2/4] Building CXX object googletest\CMakeFiles\gtest.dir\src\gtest-all.cc.obj
[2022-11-11T22:56:50.873Z]     [3/4] Linking CXX shared library bin\gtest.dll
[2022-11-11T22:56:50.873Z]     [4/4] Linking CXX shared library bin\gtest_main.dll
[2022-11-11T22:56:50.873Z]     [7/8] Performing install step for 'googletest'
[2022-11-11T22:56:50.873Z]     [0/1] Install the project...
[2022-11-11T22:56:50.873Z]     -- Install configuration: "RelWithDebInfo"
[2022-11-11T22:56:50.873Z]     [8/8] Completed 'googletest'
[2022-11-11T22:56:50.873Z]     -- ========== ...  GoogleTest installed. ==========
[2022-11-11T22:56:51.266Z]     -- MAYA_HAS_DEFAULT_MATERIAL_API is FALSE
[2022-11-11T22:56:51.266Z]     -- MAYA_NEW_POINT_SNAPPING_SUPPORT is FALSE
[2022-11-11T22:56:51.266Z]     -- MAYA_HAS_CRASH_DETECTION is FALSE
[2022-11-11T22:56:51.266Z]     -- MAYA_CURRENT_UFE_CAMERA_SUPPORT is FALSE
[2022-11-11T22:56:51.266Z]     -- MAYA_MRENDERITEM_UFE_IDENTIFIER_SUPPORT is FALSE
[2022-11-11T22:56:51.266Z]     -- MAYA_UPDATE_UFE_IDENTIFIER_SUPPORT is FALSE
[2022-11-11T22:56:51.266Z]     -- MAYA_HAS_DISPLAY_STYLE_ALL_VIEWPORTS is FALSE
[2022-11-11T22:56:51.266Z]     -- MAYA_ARRAY_ITERATOR_DIFFERENCE_TYPE_SUPPORT is FALSE
[2022-11-11T22:56:51.266Z]     -- MAYA_HAS_GET_MEMBER_PATHS is FALSE
[2022-11-11T22:56:51.266Z]     -- USD_HAS_COLOR4_SDR_SUPPORT is FALSE
[2022-11-11T22:56:51.266Z]     -- MAYA_HAS_DISPLAY_LAYER_API is FALSE
[2022-11-11T22:56:51.266Z]     -- MAYA_HAS_NEW_DISPLAY_LAYER_MESSAGING_API is FALSE
[2022-11-11T22:56:51.266Z]     -- MAYA_HAS_RENDER_ITEM_HIDE_ON_PLAYBACK_API is FALSE
[2022-11-11T22:56:51.660Z]     -- promoting: S:/jenkins/workspace/ECP/ecg-maya-usd/ecg-mayausd-branch-preflight-2019-no-ufe-windows/ecg-maya-usd/maya-usd/lib/mayaUsd/base/mayaUsd.h.src
[2022-11-11T22:56:51.660Z]     -- promoting: S:/jenkins/workspace/ECP/ecg-maya-usd/ecg-mayausd-branch-preflight-2019-no-ufe-windows/ecg-maya-usd/maya-usd/lib/mayaUsd/base/api.h
[2022-11-11T22:56:51.660Z]     -- promoting: S:/jenkins/workspace/ECP/ecg-maya-usd/ecg-mayausd-branch-preflight-2019-no-ufe-windows/ecg-maya-usd/maya-usd/lib/mayaUsd/base/debugCodes.h
[2022-11-11T22:56:51.660Z]     -- promoting: S:/jenkins/workspace/ECP/ecg-maya-usd/ecg-mayausd-branch-preflight-2019-no-ufe-windows/ecg-maya-usd/maya-usd/lib/mayaUsd/base/id.h
[2022-11-11T22:56:51.660Z]     -- promoting: S:/jenkins/workspace/ECP/ecg-maya-usd/ecg-mayausd-branch-preflight-2019-no-ufe-windows/ecg-maya-usd/maya-usd/lib/mayaUsd/base/syncId.h
[2022-11-11T22:56:51.660Z]     -- promoting: S:/jenkins/workspace/ECP/ecg-maya-usd/ecg-mayausd-branch-preflight-2019-no-ufe-windows/ecg-maya-usd/maya-usd/lib/mayaUsd/base/tokens.h
[2022-11-11T22:56:51.660Z]     -- promoting: S:/jenkins/workspace/ECP/ecg-maya-usd/ecg-mayausd-branch-preflight-2019-no-ufe-windows/ecg-maya-usd/maya-usd/lib/mayaUsd/commands/abstractLayerEditorWindow.h
[2022-11-11T22:56:51.660Z]     -- promoting: S:/jenkins/workspace/ECP/ecg-maya-usd/ecg-mayausd-branch-preflight-2019-no-ufe-windows/ecg-maya-usd/maya-usd/lib/mayaUsd/commands/baseExportCommand.h
[2022-11-11T22:56:51.660Z]     -- promoting: S:/jenkins/workspace/ECP/ecg-maya-usd/ecg-mayausd-branch-preflight-2019-no-ufe-windows/ecg-maya-usd/maya-usd/lib/mayaUsd/commands/baseImportCommand.h
[2022-11-11T22:56:51.660Z]     -- promoting: S:/jenkins/workspace/ECP/ecg-maya-usd/ecg-mayausd-branch-preflight-2019-no-ufe-windows/ecg-maya-usd/maya-usd/lib/mayaUsd/commands/baseListJobContextsCommand.h
[2022-11-11T22:56:51.660Z]     -- promoting: S:/jenkins/workspace/ECP/ecg-maya-usd/ecg-mayausd-branch-preflight-2019-no-ufe-windows/ecg-maya-usd/maya-usd/lib/mayaUsd/commands/baseListShadingModesCommand.h
[2022-11-11T22:56:51.660Z]     -- promoting: S:/jenkins/workspace/ECP/ecg-maya-usd/ecg-mayausd-branch-preflight-2019-no-ufe-windows/ecg-maya-usd/maya-usd/lib/mayaUsd/commands/editTargetCommand.h
[2022-11-11T22:56:51.660Z]     -- promoting: S:/jenkins/workspace/ECP/ecg-maya-usd/ecg-mayausd-branch-preflight-2019-no-ufe-windows/ecg-maya-usd/maya-usd/lib/mayaUsd/commands/layerEditorCommand.h
[2022-11-11T22:56:51.660Z]     -- promoting: S:/jenkins/workspace/ECP/ecg-maya-usd/ecg-mayausd-branch-preflight-2019-no-ufe-windows/ecg-maya-usd/maya-usd/lib/mayaUsd/commands/layerEditorWindowCommand.h
[2022-11-11T22:56:51.660Z]     -- promoting: S:/jenkins/workspace/ECP/ecg-maya-usd/ecg-mayausd-branch-preflight-2019-no-ufe-windows/ecg-maya-usd/maya-usd/lib/mayaUsd/fileio/fallbackPrimReader.h
[2022-11-11T22:56:51.660Z]     -- promoting: S:/jenkins/workspace/ECP/ecg-maya-usd/ecg-mayausd-branch-preflight-2019-no-ufe-windows/ecg-maya-usd/maya-usd/lib/mayaUsd/fileio/functorPrimReader.h
[2022-11-11T22:56:51.660Z]     -- promoting: S:/jenkins/workspace/ECP/ecg-maya-usd/ecg-mayausd-branch-preflight-2019-no-ufe-windows/ecg-maya-usd/maya-usd/lib/mayaUsd/fileio/functorPrimWriter.h
[2022-11-11T22:56:51.660Z]     -- promoting: S:/jenkins/workspace/ECP/ecg-maya-usd/ecg-mayausd-branch-preflight-2019-no-ufe-windows/ecg-maya-usd/maya-usd/lib/mayaUsd/fileio/importData.h
[2022-11-11T22:56:51.660Z]     -- promoting: S:/jenkins/workspace/ECP/ecg-maya-usd/ecg-mayausd-branch-preflight-2019-no-ufe-windows/ecg-maya-usd/maya-usd/lib/mayaUsd/fileio/instancedNodeWriter.h
[2022-11-11T22:56:51.660Z]     -- promoting: S:/jenkins/workspace/ECP/ecg-maya-usd/ecg-mayausd-branch-preflight-2019-no-ufe-windows/ecg-maya-usd/maya-usd/lib/mayaUsd/fileio/jobContextRegistry.h
[2022-11-11T22:56:51.660Z]     -- promoting: S:/jenkins/workspace/ECP/ecg-maya-usd/ecg-mayausd-branch-preflight-2019-no-ufe-windows/ecg-maya-usd/maya-usd/lib/mayaUsd/fileio/primReader.h
[2022-11-11T22:56:51.660Z]     -- promoting: S:/jenkins/workspace/ECP/ecg-maya-usd/ecg-mayausd-branch-preflight-2019-no-ufe-windows/ecg-maya-usd/maya-usd/lib/mayaUsd/fileio/primReaderArgs.h
[2022-11-11T22:56:51.660Z]     -- promoting: S:/jenkins/workspace/ECP/ecg-maya-usd/ecg-mayausd-branch-preflight-2019-no-ufe-windows/ecg-maya-usd/maya-usd/lib/mayaUsd/fileio/primReaderContext.h
[2022-11-11T22:56:51.660Z]     -- promoting: S:/jenkins/workspace/ECP/ecg-maya-usd/ecg-mayausd-branch-preflight-2019-no-ufe-windows/ecg-maya-usd/maya-usd/lib/mayaUsd/fileio/primReaderRegistry.h
[2022-11-11T22:56:51.660Z]     -- promoting: S:/jenkins/workspace/ECP/ecg-maya-usd/ecg-mayausd-branch-preflight-2019-no-ufe-windows/ecg-maya-usd/maya-usd/lib/mayaUsd/fileio/primWriter.h
[2022-11-11T22:56:51.660Z]     -- promoting: S:/jenkins/workspace/ECP/ecg-maya-usd/ecg-mayausd-branch-preflight-2019-no-ufe-windows/ecg-maya-usd/maya-usd/lib/mayaUsd/fileio/primWriterArgs.h
[2022-11-11T22:56:51.660Z]     -- promoting: S:/jenkins/workspace/ECP/ecg-maya-usd/ecg-mayausd-branch-preflight-2019-no-ufe-windows/ecg-maya-usd/maya-usd/lib/mayaUsd/fileio/primWriterContext.h
[2022-11-11T22:56:51.660Z]     -- promoting: S:/jenkins/workspace/ECP/ecg-maya-usd/ecg-mayausd-branch-preflight-2019-no-ufe-windows/ecg-maya-usd/maya-usd/lib/mayaUsd/fileio/primWriterRegistry.h
[2022-11-11T22:56:51.660Z]     -- promoting: S:/jenkins/workspace/ECP/ecg-maya-usd/ecg-mayausd-branch-preflight-2019-no-ufe-windows/ecg-maya-usd/maya-usd/lib/mayaUsd/fileio/registryHelper.h
[2022-11-11T22:56:51.660Z]     -- promoting: S:/jenkins/workspace/ECP/ecg-maya-usd/ecg-mayausd-branch-preflight-2019-no-ufe-windows/ecg-maya-usd/maya-usd/lib/mayaUsd/fileio/schemaApiAdaptor.h
[2022-11-11T22:56:51.660Z]     -- promoting: S:/jenkins/workspace/ECP/ecg-maya-usd/ecg-mayausd-branch-preflight-2019-no-ufe-windows/ecg-maya-usd/maya-usd/lib/mayaUsd/fileio/schemaApiAdaptorRegistry.h
[2022-11-11T22:56:51.660Z]     -- promoting: S:/jenkins/workspace/ECP/ecg-maya-usd/ecg-mayausd-branch-preflight-2019-no-ufe-windows/ecg-maya-usd/maya-usd/lib/mayaUsd/fileio/shaderReader.h
[2022-11-11T22:56:51.660Z]     -- promoting: S:/jenkins/workspace/ECP/ecg-maya-usd/ecg-mayausd-branch-preflight-2019-no-ufe-windows/ecg-maya-usd/maya-usd/lib/mayaUsd/fileio/shaderReaderRegistry.h
[2022-11-11T22:56:51.660Z]     -- promoting: S:/jenkins/workspace/ECP/ecg-maya-usd/ecg-mayausd-branch-preflight-2019-no-ufe-windows/ecg-maya-usd/maya-usd/lib/mayaUsd/fileio/shaderWriter.h
[2022-11-11T22:56:51.660Z]     -- promoting: S:/jenkins/workspace/ECP/ecg-maya-usd/ecg-mayausd-branch-preflight-2019-no-ufe-windows/ecg-maya-usd/maya-usd/lib/mayaUsd/fileio/shaderWriterRegistry.h
[2022-11-11T22:56:51.660Z]     -- promoting: S:/jenkins/workspace/ECP/ecg-maya-usd/ecg-mayausd-branch-preflight-2019-no-ufe-windows/ecg-maya-usd/maya-usd/lib/mayaUsd/fileio/transformWriter.h
[2022-11-11T22:56:51.660Z]     -- promoting: S:/jenkins/workspace/ECP/ecg-maya-usd/ecg-mayausd-branch-preflight-2019-no-ufe-windows/ecg-maya-usd/maya-usd/lib/mayaUsd/fileio/writeJobContext.h
[2022-11-11T22:56:51.660Z]     -- promoting: S:/jenkins/workspace/ECP/ecg-maya-usd/ecg-mayausd-branch-preflight-2019-no-ufe-windows/ecg-maya-usd/maya-usd/lib/mayaUsd/fileio/chaser/exportChaser.h
[2022-11-11T22:56:51.660Z]     -- promoting: S:/jenkins/workspace/ECP/ecg-maya-usd/ecg-mayausd-branch-preflight-2019-no-ufe-windows/ecg-maya-usd/maya-usd/lib/mayaUsd/fileio/chaser/exportChaserRegistry.h
[2022-11-11T22:56:51.660Z]     -- promoting: S:/jenkins/workspace/ECP/ecg-maya-usd/ecg-mayausd-branch-preflight-2019-no-ufe-windows/ecg-maya-usd/maya-usd/lib/mayaUsd/fileio/chaser/importChaserRegistry.h
[2022-11-11T22:56:51.660Z]     -- promoting: S:/jenkins/workspace/ECP/ecg-maya-usd/ecg-mayausd-branch-preflight-2019-no-ufe-windows/ecg-maya-usd/maya-usd/lib/mayaUsd/fileio/chaser/importChaser.h
[2022-11-11T22:56:51.660Z]     -- promoting: S:/jenkins/workspace/ECP/ecg-maya-usd/ecg-mayausd-branch-preflight-2019-no-ufe-windows/ecg-maya-usd/maya-usd/lib/mayaUsd/fileio/jobs/jobArgs.h
[2022-11-11T22:56:51.660Z]     -- promoting: S:/jenkins/workspace/ECP/ecg-maya-usd/ecg-mayausd-branch-preflight-2019-no-ufe-windows/ecg-maya-usd/maya-usd/lib/mayaUsd/fileio/jobs/meshDataReadJob.h
[2022-11-11T22:56:51.660Z]     -- promoting: S:/jenkins/workspace/ECP/ecg-maya-usd/ecg-mayausd-branch-preflight-2019-no-ufe-windows/ecg-maya-usd/maya-usd/lib/mayaUsd/fileio/jobs/modelKindProcessor.h
[2022-11-11T22:56:51.660Z]     -- promoting: S:/jenkins/workspace/ECP/ecg-maya-usd/ecg-mayausd-branch-preflight-2019-no-ufe-windows/ecg-maya-usd/maya-usd/lib/mayaUsd/fileio/jobs/readJob.h
[2022-11-11T22:56:51.660Z]     -- promoting: S:/jenkins/workspace/ECP/ecg-maya-usd/ecg-mayausd-branch-preflight-2019-no-ufe-windows/ecg-maya-usd/maya-usd/lib/mayaUsd/fileio/jobs/writeJob.h
[2022-11-11T22:56:51.660Z]     -- promoting: S:/jenkins/workspace/ECP/ecg-maya-usd/ecg-mayausd-branch-preflight-2019-no-ufe-windows/ecg-maya-usd/maya-usd/lib/mayaUsd/fileio/shading/rfmShaderMap.h
[2022-11-11T22:56:51.660Z]     -- promoting: S:/jenkins/workspace/ECP/ecg-maya-usd/ecg-mayausd-branch-preflight-2019-no-ufe-windows/ecg-maya-usd/maya-usd/lib/mayaUsd/fileio/shading/shadingModeExporter.h
[2022-11-11T22:56:51.660Z]     -- promoting: S:/jenkins/workspace/ECP/ecg-maya-usd/ecg-mayausd-branch-preflight-2019-no-ufe-windows/ecg-maya-usd/maya-usd/lib/mayaUsd/fileio/shading/shadingModeExporterContext.h
[2022-11-11T22:56:51.660Z]     -- promoting: S:/jenkins/workspace/ECP/ecg-maya-usd/ecg-mayausd-branch-preflight-2019-no-ufe-windows/ecg-maya-usd/maya-usd/lib/mayaUsd/fileio/shading/shadingModeImporter.h
[2022-11-11T22:56:51.660Z]     -- promoting: S:/jenkins/workspace/ECP/ecg-maya-usd/ecg-mayausd-branch-preflight-2019-no-ufe-windows/ecg-maya-usd/maya-usd/lib/mayaUsd/fileio/shading/shadingModeRegistry.h
[2022-11-11T22:56:51.660Z]     -- promoting: S:/jenkins/workspace/ECP/ecg-maya-usd/ecg-mayausd-branch-preflight-2019-no-ufe-windows/ecg-maya-usd/maya-usd/lib/mayaUsd/fileio/shading/symmetricShaderReader.h
[2022-11-11T22:56:51.660Z]     -- promoting: S:/jenkins/workspace/ECP/ecg-maya-usd/ecg-mayausd-branch-preflight-2019-no-ufe-windows/ecg-maya-usd/maya-usd/lib/mayaUsd/fileio/shading/symmetricShaderWriter.h
[2022-11-11T22:56:51.660Z]     -- promoting: S:/jenkins/workspace/ECP/ecg-maya-usd/ecg-mayausd-branch-preflight-2019-no-ufe-windows/ecg-maya-usd/maya-usd/lib/mayaUsd/fileio/translators/skelBindingsProcessor.h
[2022-11-11T22:56:51.660Z]     -- promoting: S:/jenkins/workspace/ECP/ecg-maya-usd/ecg-mayausd-branch-preflight-2019-no-ufe-windows/ecg-maya-usd/maya-usd/lib/mayaUsd/fileio/translators/translatorCamera.h
[2022-11-11T22:56:51.660Z]     -- promoting: S:/jenkins/workspace/ECP/ecg-maya-usd/ecg-mayausd-branch-preflight-2019-no-ufe-windows/ecg-maya-usd/maya-usd/lib/mayaUsd/fileio/translators/translatorCurves.h
[2022-11-11T22:56:51.660Z]     -- promoting: S:/jenkins/workspace/ECP/ecg-maya-usd/ecg-mayausd-branch-preflight-2019-no-ufe-windows/ecg-maya-usd/maya-usd/lib/mayaUsd/fileio/translators/translatorGprim.h
[2022-11-11T22:56:51.661Z]     -- promoting: S:/jenkins/workspace/ECP/ecg-maya-usd/ecg-mayausd-branch-preflight-2019-no-ufe-windows/ecg-maya-usd/maya-usd/lib/mayaUsd/fileio/translators/translatorLight.h
[2022-11-11T22:56:51.661Z]     -- promoting: S:/jenkins/workspace/ECP/ecg-maya-usd/ecg-mayausd-branch-preflight-2019-no-ufe-windows/ecg-maya-usd/maya-usd/lib/mayaUsd/fileio/translators/translatorMaterial.h
[2022-11-11T22:56:51.661Z]     -- promoting: S:/jenkins/workspace/ECP/ecg-maya-usd/ecg-mayausd-branch-preflight-2019-no-ufe-windows/ecg-maya-usd/maya-usd/lib/mayaUsd/fileio/translators/translatorMayaReference.h
[2022-11-11T22:56:51.661Z]     -- promoting: S:/jenkins/workspace/ECP/ecg-maya-usd/ecg-mayausd-branch-preflight-2019-no-ufe-windows/ecg-maya-usd/maya-usd/lib/mayaUsd/fileio/translators/translatorMesh.h
[2022-11-11T22:56:51.661Z]     -- promoting: S:/jenkins/workspace/ECP/ecg-maya-usd/ecg-mayausd-branch-preflight-2019-no-ufe-windows/ecg-maya-usd/maya-usd/lib/mayaUsd/fileio/translators/translatorNurbsPatch.h
[2022-11-11T22:56:51.661Z]     -- promoting: S:/jenkins/workspace/ECP/ecg-maya-usd/ecg-mayausd-branch-preflight-2019-no-ufe-windows/ecg-maya-usd/maya-usd/lib/mayaUsd/fileio/translators/translatorPrim.h
[2022-11-11T22:56:51.661Z]     -- promoting: S:/jenkins/workspace/ECP/ecg-maya-usd/ecg-mayausd-branch-preflight-2019-no-ufe-windows/ecg-maya-usd/maya-usd/lib/mayaUsd/fileio/translators/translatorRfMLight.h
[2022-11-11T22:56:51.661Z]     -- promoting: S:/jenkins/workspace/ECP/ecg-maya-usd/ecg-mayausd-branch-preflight-2019-no-ufe-windows/ecg-maya-usd/maya-usd/lib/mayaUsd/fileio/translators/translatorSkel.h
[2022-11-11T22:56:51.661Z]     -- promoting: S:/jenkins/workspace/ECP/ecg-maya-usd/ecg-mayausd-branch-preflight-2019-no-ufe-windows/ecg-maya-usd/maya-usd/lib/mayaUsd/fileio/translators/translatorUtil.h
[2022-11-11T22:56:51.661Z]     -- promoting: S:/jenkins/workspace/ECP/ecg-maya-usd/ecg-mayausd-branch-preflight-2019-no-ufe-windows/ecg-maya-usd/maya-usd/lib/mayaUsd/fileio/translators/translatorXformable.h
[2022-11-11T22:56:51.661Z]     -- promoting: S:/jenkins/workspace/ECP/ecg-maya-usd/ecg-mayausd-branch-preflight-2019-no-ufe-windows/ecg-maya-usd/maya-usd/lib/mayaUsd/fileio/utils/adaptor.h
[2022-11-11T22:56:51.661Z]     -- promoting: S:/jenkins/workspace/ECP/ecg-maya-usd/ecg-mayausd-branch-preflight-2019-no-ufe-windows/ecg-maya-usd/maya-usd/lib/mayaUsd/fileio/utils/jointWriteUtils.h
[2022-11-11T22:56:51.661Z]     -- promoting: S:/jenkins/workspace/ECP/ecg-maya-usd/ecg-mayausd-branch-preflight-2019-no-ufe-windows/ecg-maya-usd/maya-usd/lib/mayaUsd/fileio/utils/meshReadUtils.h
[2022-11-11T22:56:51.661Z]     -- promoting: S:/jenkins/workspace/ECP/ecg-maya-usd/ecg-mayausd-branch-preflight-2019-no-ufe-windows/ecg-maya-usd/maya-usd/lib/mayaUsd/fileio/utils/meshWriteUtils.h
[2022-11-11T22:56:51.661Z]     -- promoting: S:/jenkins/workspace/ECP/ecg-maya-usd/ecg-mayausd-branch-preflight-2019-no-ufe-windows/ecg-maya-usd/maya-usd/lib/mayaUsd/fileio/utils/readUtil.h
[2022-11-11T22:56:51.661Z]     -- promoting: S:/jenkins/workspace/ECP/ecg-maya-usd/ecg-mayausd-branch-preflight-2019-no-ufe-windows/ecg-maya-usd/maya-usd/lib/mayaUsd/fileio/utils/roundTripUtil.h
[2022-11-11T22:56:51.661Z]     -- promoting: S:/jenkins/workspace/ECP/ecg-maya-usd/ecg-mayausd-branch-preflight-2019-no-ufe-windows/ecg-maya-usd/maya-usd/lib/mayaUsd/fileio/utils/shadingUtil.h
[2022-11-11T22:56:51.661Z]     -- promoting: S:/jenkins/workspace/ECP/ecg-maya-usd/ecg-mayausd-branch-preflight-2019-no-ufe-windows/ecg-maya-usd/maya-usd/lib/mayaUsd/fileio/utils/userTaggedAttribute.h
[2022-11-11T22:56:51.661Z]     -- promoting: S:/jenkins/workspace/ECP/ecg-maya-usd/ecg-mayausd-branch-preflight-2019-no-ufe-windows/ecg-maya-usd/maya-usd/lib/mayaUsd/fileio/utils/writeUtil.h
[2022-11-11T22:56:51.661Z]     -- promoting: S:/jenkins/workspace/ECP/ecg-maya-usd/ecg-mayausd-branch-preflight-2019-no-ufe-windows/ecg-maya-usd/maya-usd/lib/mayaUsd/fileio/utils/xformStack.h
[2022-11-11T22:56:51.661Z]     -- promoting: S:/jenkins/workspace/ECP/ecg-maya-usd/ecg-mayausd-branch-preflight-2019-no-ufe-windows/ecg-maya-usd/maya-usd/lib/mayaUsd/listeners/notice.h
[2022-11-11T22:56:51.661Z]     -- promoting: S:/jenkins/workspace/ECP/ecg-maya-usd/ecg-mayausd-branch-preflight-2019-no-ufe-windows/ecg-maya-usd/maya-usd/lib/mayaUsd/listeners/proxyShapeNotice.h
[2022-11-11T22:56:51.661Z]     -- promoting: S:/jenkins/workspace/ECP/ecg-maya-usd/ecg-mayausd-branch-preflight-2019-no-ufe-windows/ecg-maya-usd/maya-usd/lib/mayaUsd/listeners/stageNoticeListener.h
[2022-11-11T22:56:51.661Z]     -- promoting: S:/jenkins/workspace/ECP/ecg-maya-usd/ecg-mayausd-branch-preflight-2019-no-ufe-windows/ecg-maya-usd/maya-usd/lib/mayaUsd/nodes/hdImagingShape.h
[2022-11-11T22:56:51.661Z]     -- promoting: S:/jenkins/workspace/ECP/ecg-maya-usd/ecg-mayausd-branch-preflight-2019-no-ufe-windows/ecg-maya-usd/maya-usd/lib/mayaUsd/nodes/pointBasedDeformerNode.h
[2022-11-11T22:56:51.661Z]     -- promoting: S:/jenkins/workspace/ECP/ecg-maya-usd/ecg-mayausd-branch-preflight-2019-no-ufe-windows/ecg-maya-usd/maya-usd/lib/mayaUsd/nodes/proxyAccessor.h
[2022-11-11T22:56:51.661Z]     -- promoting: S:/jenkins/workspace/ECP/ecg-maya-usd/ecg-mayausd-branch-preflight-2019-no-ufe-windows/ecg-maya-usd/maya-usd/lib/mayaUsd/nodes/proxyShapeBase.h
[2022-11-11T22:56:51.661Z]     -- promoting: S:/jenkins/workspace/ECP/ecg-maya-usd/ecg-mayausd-branch-preflight-2019-no-ufe-windows/ecg-maya-usd/maya-usd/lib/mayaUsd/nodes/proxyShapePlugin.h
[2022-11-11T22:56:51.661Z]     -- promoting: S:/jenkins/workspace/ECP/ecg-maya-usd/ecg-mayausd-branch-preflight-2019-no-ufe-windows/ecg-maya-usd/maya-usd/lib/mayaUsd/nodes/proxyStageProvider.h
[2022-11-11T22:56:51.661Z]     -- promoting: S:/jenkins/workspace/ECP/ecg-maya-usd/ecg-mayausd-branch-preflight-2019-no-ufe-windows/ecg-maya-usd/maya-usd/lib/mayaUsd/nodes/proxyShapeStageExtraData.h
[2022-11-11T22:56:51.661Z]     -- promoting: S:/jenkins/workspace/ECP/ecg-maya-usd/ecg-mayausd-branch-preflight-2019-no-ufe-windows/ecg-maya-usd/maya-usd/lib/mayaUsd/nodes/stageData.h
[2022-11-11T22:56:51.661Z]     -- promoting: S:/jenkins/workspace/ECP/ecg-maya-usd/ecg-mayausd-branch-preflight-2019-no-ufe-windows/ecg-maya-usd/maya-usd/lib/mayaUsd/nodes/stageNode.h
[2022-11-11T22:56:51.661Z]     -- promoting: S:/jenkins/workspace/ECP/ecg-maya-usd/ecg-mayausd-branch-preflight-2019-no-ufe-windows/ecg-maya-usd/maya-usd/lib/mayaUsd/nodes/usdPrimProvider.h
[2022-11-11T22:56:51.661Z]     -- promoting: S:/jenkins/workspace/ECP/ecg-maya-usd/ecg-mayausd-branch-preflight-2019-no-ufe-windows/ecg-maya-usd/maya-usd/lib/mayaUsd/render/px_vp20/glslProgram.h
[2022-11-11T22:56:51.661Z]     -- promoting: S:/jenkins/workspace/ECP/ecg-maya-usd/ecg-mayausd-branch-preflight-2019-no-ufe-windows/ecg-maya-usd/maya-usd/lib/mayaUsd/render/px_vp20/utils.h
[2022-11-11T22:56:51.661Z]     -- promoting: S:/jenkins/workspace/ECP/ecg-maya-usd/ecg-mayausd-branch-preflight-2019-no-ufe-windows/ecg-maya-usd/maya-usd/lib/mayaUsd/render/px_vp20/utils_legacy.h
[2022-11-11T22:56:51.661Z]     -- promoting: S:/jenkins/workspace/ECP/ecg-maya-usd/ecg-mayausd-branch-preflight-2019-no-ufe-windows/ecg-maya-usd/maya-usd/lib/mayaUsd/render/pxrUsdMayaGL/batchRenderer.h
[2022-11-11T22:56:51.661Z]     -- promoting: S:/jenkins/workspace/ECP/ecg-maya-usd/ecg-mayausd-branch-preflight-2019-no-ufe-windows/ecg-maya-usd/maya-usd/lib/mayaUsd/render/pxrUsdMayaGL/debugCodes.h
[2022-11-11T22:56:51.661Z]     -- promoting: S:/jenkins/workspace/ECP/ecg-maya-usd/ecg-mayausd-branch-preflight-2019-no-ufe-windows/ecg-maya-usd/maya-usd/lib/mayaUsd/render/pxrUsdMayaGL/hdImagingShapeDrawOverride.h
[2022-11-11T22:56:51.661Z]     -- promoting: S:/jenkins/workspace/ECP/ecg-maya-usd/ecg-mayausd-branch-preflight-2019-no-ufe-windows/ecg-maya-usd/maya-usd/lib/mayaUsd/render/pxrUsdMayaGL/hdImagingShapeUI.h
[2022-11-11T22:56:51.661Z]     -- promoting: S:/jenkins/workspace/ECP/ecg-maya-usd/ecg-mayausd-branch-preflight-2019-no-ufe-windows/ecg-maya-usd/maya-usd/lib/mayaUsd/render/pxrUsdMayaGL/instancerImager.h
[2022-11-11T22:56:51.661Z]     -- promoting: S:/jenkins/workspace/ECP/ecg-maya-usd/ecg-mayausd-branch-preflight-2019-no-ufe-windows/ecg-maya-usd/maya-usd/lib/mayaUsd/render/pxrUsdMayaGL/instancerShapeAdapter.h
[2022-11-11T22:56:51.661Z]     -- promoting: S:/jenkins/workspace/ECP/ecg-maya-usd/ecg-mayausd-branch-preflight-2019-no-ufe-windows/ecg-maya-usd/maya-usd/lib/mayaUsd/render/pxrUsdMayaGL/proxyDrawOverride.h
[2022-11-11T22:56:51.661Z]     -- promoting: S:/jenkins/workspace/ECP/ecg-maya-usd/ecg-mayausd-branch-preflight-2019-no-ufe-windows/ecg-maya-usd/maya-usd/lib/mayaUsd/render/pxrUsdMayaGL/proxyShapeUI.h
[2022-11-11T22:56:51.661Z]     -- promoting: S:/jenkins/workspace/ECP/ecg-maya-usd/ecg-mayausd-branch-preflight-2019-no-ufe-windows/ecg-maya-usd/maya-usd/lib/mayaUsd/render/pxrUsdMayaGL/renderParams.h
[2022-11-11T22:56:51.661Z]     -- promoting: S:/jenkins/workspace/ECP/ecg-maya-usd/ecg-mayausd-branch-preflight-2019-no-ufe-windows/ecg-maya-usd/maya-usd/lib/mayaUsd/render/pxrUsdMayaGL/sceneDelegate.h
[2022-11-11T22:56:51.661Z]     -- promoting: S:/jenkins/workspace/ECP/ecg-maya-usd/ecg-mayausd-branch-preflight-2019-no-ufe-windows/ecg-maya-usd/maya-usd/lib/mayaUsd/render/pxrUsdMayaGL/shapeAdapter.h
[2022-11-11T22:56:51.661Z]     -- promoting: S:/jenkins/workspace/ECP/ecg-maya-usd/ecg-mayausd-branch-preflight-2019-no-ufe-windows/ecg-maya-usd/maya-usd/lib/mayaUsd/render/pxrUsdMayaGL/softSelectHelper.h
[2022-11-11T22:56:51.661Z]     -- promoting: S:/jenkins/workspace/ECP/ecg-maya-usd/ecg-mayausd-branch-preflight-2019-no-ufe-windows/ecg-maya-usd/maya-usd/lib/mayaUsd/render/pxrUsdMayaGL/usdProxyShapeAdapter.h
[2022-11-11T22:56:51.661Z]     -- promoting: S:/jenkins/workspace/ECP/ecg-maya-usd/ecg-mayausd-branch-preflight-2019-no-ufe-windows/ecg-maya-usd/maya-usd/lib/mayaUsd/render/pxrUsdMayaGL/userData.h
[2022-11-11T22:56:51.661Z]     -- promoting: S:/jenkins/workspace/ECP/ecg-maya-usd/ecg-mayausd-branch-preflight-2019-no-ufe-windows/ecg-maya-usd/maya-usd/lib/mayaUsd/render/vp2RenderDelegate/proxyRenderDelegate.h
[2022-11-11T22:56:51.661Z]     -- promoting: S:/jenkins/workspace/ECP/ecg-maya-usd/ecg-mayausd-branch-preflight-2019-no-ufe-windows/ecg-maya-usd/maya-usd/lib/mayaUsd/render/vp2ShaderFragments/shaderFragments.h
[2022-11-11T22:56:51.661Z]     -- promoting: S:/jenkins/workspace/ECP/ecg-maya-usd/ecg-mayausd-branch-preflight-2019-no-ufe-windows/ecg-maya-usd/maya-usd/lib/mayaUsd/undo/OpUndoItemList.h
[2022-11-11T22:56:51.661Z]     -- promoting: S:/jenkins/workspace/ECP/ecg-maya-usd/ecg-mayausd-branch-preflight-2019-no-ufe-windows/ecg-maya-usd/maya-usd/lib/mayaUsd/undo/OpUndoItemMuting.h
[2022-11-11T22:56:51.661Z]     -- promoting: S:/jenkins/workspace/ECP/ecg-maya-usd/ecg-mayausd-branch-preflight-2019-no-ufe-windows/ecg-maya-usd/maya-usd/lib/mayaUsd/undo/OpUndoItemRecorder.h
[2022-11-11T22:56:51.661Z]     -- promoting: S:/jenkins/workspace/ECP/ecg-maya-usd/ecg-mayausd-branch-preflight-2019-no-ufe-windows/ecg-maya-usd/maya-usd/lib/mayaUsd/undo/OpUndoItems.h
[2022-11-11T22:56:51.661Z]     -- promoting: S:/jenkins/workspace/ECP/ecg-maya-usd/ecg-mayausd-branch-preflight-2019-no-ufe-windows/ecg-maya-usd/maya-usd/lib/mayaUsd/undo/UsdUndoBlock.h
[2022-11-11T22:56:51.661Z]     -- promoting: S:/jenkins/workspace/ECP/ecg-maya-usd/ecg-mayausd-branch-preflight-2019-no-ufe-windows/ecg-maya-usd/maya-usd/lib/mayaUsd/undo/UsdUndoManager.h
[2022-11-11T22:56:51.661Z]     -- promoting: S:/jenkins/workspace/ECP/ecg-maya-usd/ecg-mayausd-branch-preflight-2019-no-ufe-windows/ecg-maya-usd/maya-usd/lib/mayaUsd/undo/UsdUndoStateDelegate.h
[2022-11-11T22:56:51.661Z]     -- promoting: S:/jenkins/workspace/ECP/ecg-maya-usd/ecg-mayausd-branch-preflight-2019-no-ufe-windows/ecg-maya-usd/maya-usd/lib/mayaUsd/undo/UsdUndoableItem.h
[2022-11-11T22:56:51.661Z]     -- promoting: S:/jenkins/workspace/ECP/ecg-maya-usd/ecg-mayausd-branch-preflight-2019-no-ufe-windows/ecg-maya-usd/maya-usd/lib/mayaUsd/utils/blockSceneModificationContext.h
[2022-11-11T22:56:51.661Z]     -- promoting: S:/jenkins/workspace/ECP/ecg-maya-usd/ecg-mayausd-branch-preflight-2019-no-ufe-windows/ecg-maya-usd/maya-usd/lib/mayaUsd/utils/colorSpace.h
[2022-11-11T22:56:51.661Z]     -- promoting: S:/jenkins/workspace/ECP/ecg-maya-usd/ecg-mayausd-branch-preflight-2019-no-ufe-windows/ecg-maya-usd/maya-usd/lib/mayaUsd/utils/customLayerData.h
[2022-11-11T22:56:51.661Z]     -- promoting: S:/jenkins/workspace/ECP/ecg-maya-usd/ecg-mayausd-branch-preflight-2019-no-ufe-windows/ecg-maya-usd/maya-usd/lib/mayaUsd/utils/converter.h
[2022-11-11T22:56:51.661Z]     -- promoting: S:/jenkins/workspace/ECP/ecg-maya-usd/ecg-mayausd-branch-preflight-2019-no-ufe-windows/ecg-maya-usd/maya-usd/lib/mayaUsd/utils/diagnosticDelegate.h
[2022-11-11T22:56:51.661Z]     -- promoting: S:/jenkins/workspace/ECP/ecg-maya-usd/ecg-mayausd-branch-preflight-2019-no-ufe-windows/ecg-maya-usd/maya-usd/lib/mayaUsd/utils/dynamicAttribute.h
[2022-11-11T22:56:51.661Z]     -- promoting: S:/jenkins/workspace/ECP/ecg-maya-usd/ecg-mayausd-branch-preflight-2019-no-ufe-windows/ecg-maya-usd/maya-usd/lib/mayaUsd/utils/editability.h
[2022-11-11T22:56:51.661Z]     -- promoting: S:/jenkins/workspace/ECP/ecg-maya-usd/ecg-mayausd-branch-preflight-2019-no-ufe-windows/ecg-maya-usd/maya-usd/lib/mayaUsd/utils/editRouter.h
[2022-11-11T22:56:51.661Z]     -- promoting: S:/jenkins/workspace/ECP/ecg-maya-usd/ecg-mayausd-branch-preflight-2019-no-ufe-windows/ecg-maya-usd/maya-usd/lib/mayaUsd/utils/hash.h
[2022-11-11T22:56:51.661Z]     -- promoting: S:/jenkins/workspace/ECP/ecg-maya-usd/ecg-mayausd-branch-preflight-2019-no-ufe-windows/ecg-maya-usd/maya-usd/lib/mayaUsd/utils/layerMuting.h
[2022-11-11T22:56:51.661Z]     -- promoting: S:/jenkins/workspace/ECP/ecg-maya-usd/ecg-mayausd-branch-preflight-2019-no-ufe-windows/ecg-maya-usd/maya-usd/lib/mayaUsd/utils/loadRules.h
[2022-11-11T22:56:51.661Z]     -- promoting: S:/jenkins/workspace/ECP/ecg-maya-usd/ecg-mayausd-branch-preflight-2019-no-ufe-windows/ecg-maya-usd/maya-usd/lib/mayaUsd/utils/query.h
[2022-11-11T22:56:51.661Z]     -- promoting: S:/jenkins/workspace/ECP/ecg-maya-usd/ecg-mayausd-branch-preflight-2019-no-ufe-windows/ecg-maya-usd/maya-usd/lib/mayaUsd/utils/plugRegistryHelper.h
[2022-11-11T22:56:51.661Z]     -- promoting: S:/jenkins/workspace/ECP/ecg-maya-usd/ecg-mayausd-branch-preflight-2019-no-ufe-windows/ecg-maya-usd/maya-usd/lib/mayaUsd/utils/progressBarScope.h
[2022-11-11T22:56:51.661Z]     -- promoting: S:/jenkins/workspace/ECP/ecg-maya-usd/ecg-mayausd-branch-preflight-2019-no-ufe-windows/ecg-maya-usd/maya-usd/lib/mayaUsd/utils/selectability.h
[2022-11-11T22:56:51.661Z]     -- promoting: S:/jenkins/workspace/ECP/ecg-maya-usd/ecg-mayausd-branch-preflight-2019-no-ufe-windows/ecg-maya-usd/maya-usd/lib/mayaUsd/utils/stageCache.h
[2022-11-11T22:56:51.661Z]     -- promoting: S:/jenkins/workspace/ECP/ecg-maya-usd/ecg-mayausd-branch-preflight-2019-no-ufe-windows/ecg-maya-usd/maya-usd/lib/mayaUsd/utils/traverseLayer.h
[2022-11-11T22:56:51.661Z]     -- promoting: S:/jenkins/workspace/ECP/ecg-maya-usd/ecg-mayausd-branch-preflight-2019-no-ufe-windows/ecg-maya-usd/maya-usd/lib/mayaUsd/utils/undoHelperCommand.h
[2022-11-11T22:56:51.661Z]     -- promoting: S:/jenkins/workspace/ECP/ecg-maya-usd/ecg-mayausd-branch-preflight-2019-no-ufe-windows/ecg-maya-usd/maya-usd/lib/mayaUsd/utils/util.h
[2022-11-11T22:56:51.661Z]     -- promoting: S:/jenkins/workspace/ECP/ecg-maya-usd/ecg-mayausd-branch-preflight-2019-no-ufe-windows/ecg-maya-usd/maya-usd/lib/mayaUsd/utils/utilDictionary.h
[2022-11-11T22:56:51.661Z]     -- promoting: S:/jenkins/workspace/ECP/ecg-maya-usd/ecg-mayausd-branch-preflight-2019-no-ufe-windows/ecg-maya-usd/maya-usd/lib/mayaUsd/utils/utilFileSystem.h
[2022-11-11T22:56:51.661Z]     -- promoting: S:/jenkins/workspace/ECP/ecg-maya-usd/ecg-mayausd-branch-preflight-2019-no-ufe-windows/ecg-maya-usd/maya-usd/lib/mayaUsd/utils/utilSerialization.h
[2022-11-11T22:56:51.661Z]     -- promoting: S:/jenkins/workspace/ECP/ecg-maya-usd/ecg-mayausd-branch-preflight-2019-no-ufe-windows/ecg-maya-usd/maya-usd/lib/mayaUsd/utils/variants.h
[2022-11-11T22:56:51.661Z]     -- promoting: S:/jenkins/workspace/ECP/ecg-maya-usd/ecg-mayausd-branch-preflight-2019-no-ufe-windows/ecg-maya-usd/maya-usd/lib/mayaUsd/render/mayaToHydra/utils.h
[2022-11-11T22:56:51.661Z]     -- promoting: S:/jenkins/workspace/ECP/ecg-maya-usd/ecg-mayausd-branch-preflight-2019-no-ufe-windows/ecg-maya-usd/maya-usd/lib/usd/hdMaya/api.h
[2022-11-11T22:56:51.661Z]     -- promoting: S:/jenkins/workspace/ECP/ecg-maya-usd/ecg-mayausd-branch-preflight-2019-no-ufe-windows/ecg-maya-usd/maya-usd/lib/usd/hdMaya/utils.h
[2022-11-11T22:56:51.661Z]     -- promoting: S:/jenkins/workspace/ECP/ecg-maya-usd/ecg-mayausd-branch-preflight-2019-no-ufe-windows/ecg-maya-usd/maya-usd/lib/usd/hdMaya/debugCodes.h
[2022-11-11T22:56:51.661Z]     -- promoting: S:/jenkins/workspace/ECP/ecg-maya-usd/ecg-mayausd-branch-preflight-2019-no-ufe-windows/ecg-maya-usd/maya-usd/lib/usd/hdMaya/adapters/adapter.h
[2022-11-11T22:56:51.661Z]     -- promoting: S:/jenkins/workspace/ECP/ecg-maya-usd/ecg-mayausd-branch-preflight-2019-no-ufe-windows/ecg-maya-usd/maya-usd/lib/usd/hdMaya/adapters/adapterDebugCodes.h
[2022-11-11T22:56:51.662Z]     -- promoting: S:/jenkins/workspace/ECP/ecg-maya-usd/ecg-mayausd-branch-preflight-2019-no-ufe-windows/ecg-maya-usd/maya-usd/lib/usd/hdMaya/adapters/adapterRegistry.h
[2022-11-11T22:56:51.662Z]     -- promoting: S:/jenkins/workspace/ECP/ecg-maya-usd/ecg-mayausd-branch-preflight-2019-no-ufe-windows/ecg-maya-usd/maya-usd/lib/usd/hdMaya/adapters/cameraAdapter.h
[2022-11-11T22:56:51.662Z]     -- promoting: S:/jenkins/workspace/ECP/ecg-maya-usd/ecg-mayausd-branch-preflight-2019-no-ufe-windows/ecg-maya-usd/maya-usd/lib/usd/hdMaya/adapters/constantShadowMatrix.h
[2022-11-11T22:56:51.662Z]     -- promoting: S:/jenkins/workspace/ECP/ecg-maya-usd/ecg-mayausd-branch-preflight-2019-no-ufe-windows/ecg-maya-usd/maya-usd/lib/usd/hdMaya/adapters/dagAdapter.h
[2022-11-11T22:56:51.662Z]     -- promoting: S:/jenkins/workspace/ECP/ecg-maya-usd/ecg-mayausd-branch-preflight-2019-no-ufe-windows/ecg-maya-usd/maya-usd/lib/usd/hdMaya/adapters/lightAdapter.h
[2022-11-11T22:56:51.662Z]     -- promoting: S:/jenkins/workspace/ECP/ecg-maya-usd/ecg-mayausd-branch-preflight-2019-no-ufe-windows/ecg-maya-usd/maya-usd/lib/usd/hdMaya/adapters/proxyAdapter.h
[2022-11-11T22:56:51.662Z]     -- promoting: S:/jenkins/workspace/ECP/ecg-maya-usd/ecg-mayausd-branch-preflight-2019-no-ufe-windows/ecg-maya-usd/maya-usd/lib/usd/hdMaya/adapters/materialAdapter.h
[2022-11-11T22:56:51.662Z]     -- promoting: S:/jenkins/workspace/ECP/ecg-maya-usd/ecg-mayausd-branch-preflight-2019-no-ufe-windows/ecg-maya-usd/maya-usd/lib/usd/hdMaya/adapters/materialNetworkConverter.h
[2022-11-11T22:56:51.662Z]     -- promoting: S:/jenkins/workspace/ECP/ecg-maya-usd/ecg-mayausd-branch-preflight-2019-no-ufe-windows/ecg-maya-usd/maya-usd/lib/usd/hdMaya/adapters/mayaAttrs.h
[2022-11-11T22:56:51.662Z]     -- promoting: S:/jenkins/workspace/ECP/ecg-maya-usd/ecg-mayausd-branch-preflight-2019-no-ufe-windows/ecg-maya-usd/maya-usd/lib/usd/hdMaya/adapters/shapeAdapter.h
[2022-11-11T22:56:51.662Z]     -- promoting: S:/jenkins/workspace/ECP/ecg-maya-usd/ecg-mayausd-branch-preflight-2019-no-ufe-windows/ecg-maya-usd/maya-usd/lib/usd/hdMaya/adapters/tokens.h
[2022-11-11T22:56:51.662Z]     -- promoting: S:/jenkins/workspace/ECP/ecg-maya-usd/ecg-mayausd-branch-preflight-2019-no-ufe-windows/ecg-maya-usd/maya-usd/lib/usd/hdMaya/delegates/delegate.h
[2022-11-11T22:56:51.662Z]     -- promoting: S:/jenkins/workspace/ECP/ecg-maya-usd/ecg-mayausd-branch-preflight-2019-no-ufe-windows/ecg-maya-usd/maya-usd/lib/usd/hdMaya/delegates/delegateCtx.h
[2022-11-11T22:56:51.662Z]     -- promoting: S:/jenkins/workspace/ECP/ecg-maya-usd/ecg-mayausd-branch-preflight-2019-no-ufe-windows/ecg-maya-usd/maya-usd/lib/usd/hdMaya/delegates/delegateDebugCodes.h
[2022-11-11T22:56:51.662Z]     -- promoting: S:/jenkins/workspace/ECP/ecg-maya-usd/ecg-mayausd-branch-preflight-2019-no-ufe-windows/ecg-maya-usd/maya-usd/lib/usd/hdMaya/delegates/delegateRegistry.h
[2022-11-11T22:56:51.662Z]     -- promoting: S:/jenkins/workspace/ECP/ecg-maya-usd/ecg-mayausd-branch-preflight-2019-no-ufe-windows/ecg-maya-usd/maya-usd/lib/usd/hdMaya/delegates/params.h
[2022-11-11T22:56:51.662Z]     -- promoting: S:/jenkins/workspace/ECP/ecg-maya-usd/ecg-mayausd-branch-preflight-2019-no-ufe-windows/ecg-maya-usd/maya-usd/lib/usd/hdMaya/delegates/proxyDelegate.h
[2022-11-11T22:56:51.662Z]     -- promoting: S:/jenkins/workspace/ECP/ecg-maya-usd/ecg-mayausd-branch-preflight-2019-no-ufe-windows/ecg-maya-usd/maya-usd/lib/usd/hdMaya/delegates/proxyUsdImagingDelegate.h
[2022-11-11T22:56:51.662Z]     -- promoting: S:/jenkins/workspace/ECP/ecg-maya-usd/ecg-mayausd-branch-preflight-2019-no-ufe-windows/ecg-maya-usd/maya-usd/lib/usd/hdMaya/delegates/sceneDelegate.h
[2022-11-11T22:56:51.662Z]     -- promoting: S:/jenkins/workspace/ECP/ecg-maya-usd/ecg-mayausd-branch-preflight-2019-no-ufe-windows/ecg-maya-usd/maya-usd/lib/usd/hdMaya/delegates/testDelegate.h
[2022-11-11T22:56:51.662Z]     -- promoting: S:/jenkins/workspace/ECP/ecg-maya-usd/ecg-mayausd-branch-preflight-2019-no-ufe-windows/ecg-maya-usd/maya-usd/lib/usd/pxrUsdPreviewSurface/usdPreviewSurface.h
[2022-11-11T22:56:51.662Z]     -- promoting: S:/jenkins/workspace/ECP/ecg-maya-usd/ecg-mayausd-branch-preflight-2019-no-ufe-windows/ecg-maya-usd/maya-usd/lib/usd/pxrUsdPreviewSurface/usdPreviewSurfacePlugin.h
[2022-11-11T22:56:51.662Z]     -- promoting: S:/jenkins/workspace/ECP/ecg-maya-usd/ecg-mayausd-branch-preflight-2019-no-ufe-windows/ecg-maya-usd/maya-usd/lib/usd/schemas/api.h
[2022-11-11T22:56:51.662Z]     -- promoting: S:/jenkins/workspace/ECP/ecg-maya-usd/ecg-mayausd-branch-preflight-2019-no-ufe-windows/ecg-maya-usd/maya-usd/lib/usd/schemas/ALMayaReference.h
[2022-11-11T22:56:51.662Z]     -- promoting: S:/jenkins/workspace/ECP/ecg-maya-usd/ecg-mayausd-branch-preflight-2019-no-ufe-windows/ecg-maya-usd/maya-usd/lib/usd/schemas/MayaReference.h
[2022-11-11T22:56:51.662Z]     -- promoting: S:/jenkins/workspace/ECP/ecg-maya-usd/ecg-mayausd-branch-preflight-2019-no-ufe-windows/ecg-maya-usd/maya-usd/lib/usd/schemas/tokens.h
[2022-11-11T22:56:53.560Z]     Processing schema classes:
[2022-11-11T22:56:53.560Z]     MayaReference, ALMayaReference
[2022-11-11T22:56:53.560Z]     Loading Templates from p:\shared\Artifactory\Windows\USD\cfb3d8a\lib\usd\usd\resources\codegenTemplates
[2022-11-11T22:56:53.560Z]     Writing API:
[2022-11-11T22:56:53.560Z]     	    wrote W:\build\RelWithDebInfo\lib\usd\schemas\api.h
[2022-11-11T22:56:53.560Z]     Writing Schema Tokens:
[2022-11-11T22:56:53.560Z]     	    wrote W:\build\RelWithDebInfo\lib\usd\schemas\tokens.h
[2022-11-11T22:56:53.560Z]     	    wrote W:\build\RelWithDebInfo\lib\usd\schemas\tokens.cpp
[2022-11-11T22:56:53.560Z]     	    wrote W:\build\RelWithDebInfo\lib\usd\schemas\wrapTokens.cpp
[2022-11-11T22:56:53.560Z]     Generating Classes:
[2022-11-11T22:56:53.560Z]     	    wrote W:\build\RelWithDebInfo\lib\usd\schemas\MayaReference.h
[2022-11-11T22:56:53.560Z]     	    wrote W:\build\RelWithDebInfo\lib\usd\schemas\MayaReference.cpp
[2022-11-11T22:56:53.560Z]     	    wrote W:\build\RelWithDebInfo\lib\usd\schemas\wrapMayaReference.cpp
[2022-11-11T22:56:53.560Z]     	    wrote W:\build\RelWithDebInfo\lib\usd\schemas\ALMayaReference.h
[2022-11-11T22:56:53.560Z]     	    wrote W:\build\RelWithDebInfo\lib\usd\schemas\ALMayaReference.cpp
[2022-11-11T22:56:53.560Z]     	    wrote W:\build\RelWithDebInfo\lib\usd\schemas\wrapALMayaReference.cpp
[2022-11-11T22:56:53.560Z]     Loading Templates from p:\shared\Artifactory\Windows\USD\cfb3d8a\lib\usd\usd\resources\codegenTemplates
[2022-11-11T22:56:53.560Z]     	    wrote W:\build\RelWithDebInfo\lib\usd\schemas\plugInfo.json
[2022-11-11T22:56:53.560Z]     Generating Schematics:
[2022-11-11T22:56:53.560Z]     	    wrote W:\build\RelWithDebInfo\lib\usd\schemas\generatedSchema.usda
[2022-11-11T22:56:53.560Z]     -- promoting: S:/jenkins/workspace/ECP/ecg-maya-usd/ecg-mayausd-branch-preflight-2019-no-ufe-windows/ecg-maya-usd/maya-usd/lib/usd/utils/ALHalf.h
[2022-11-11T22:56:53.560Z]     -- promoting: S:/jenkins/workspace/ECP/ecg-maya-usd/ecg-mayausd-branch-preflight-2019-no-ufe-windows/ecg-maya-usd/maya-usd/lib/usd/utils/Api.h
[2022-11-11T22:56:53.560Z]     -- promoting: S:/jenkins/workspace/ECP/ecg-maya-usd/ecg-mayausd-branch-preflight-2019-no-ufe-windows/ecg-maya-usd/maya-usd/lib/usd/utils/DebugCodes.h
[2022-11-11T22:56:53.560Z]     -- promoting: S:/jenkins/workspace/ECP/ecg-maya-usd/ecg-mayausd-branch-preflight-2019-no-ufe-windows/ecg-maya-usd/maya-usd/lib/usd/utils/DiffCore.h
[2022-11-11T22:56:53.560Z]     -- promoting: S:/jenkins/workspace/ECP/ecg-maya-usd/ecg-mayausd-branch-preflight-2019-no-ufe-windows/ecg-maya-usd/maya-usd/lib/usd/utils/DiffPrims.h
[2022-11-11T22:56:53.560Z]     -- promoting: S:/jenkins/workspace/ECP/ecg-maya-usd/ecg-mayausd-branch-preflight-2019-no-ufe-windows/ecg-maya-usd/maya-usd/lib/usd/utils/MergePrims.h
[2022-11-11T22:56:53.560Z]     -- promoting: S:/jenkins/workspace/ECP/ecg-maya-usd/ecg-mayausd-branch-preflight-2019-no-ufe-windows/ecg-maya-usd/maya-usd/lib/usd/utils/MergePrimsOptions.h
[2022-11-11T22:56:53.560Z]     -- promoting: S:/jenkins/workspace/ECP/ecg-maya-usd/ecg-mayausd-branch-preflight-2019-no-ufe-windows/ecg-maya-usd/maya-usd/lib/usd/utils/ForwardDeclares.h
[2022-11-11T22:56:53.560Z]     -- promoting: S:/jenkins/workspace/ECP/ecg-maya-usd/ecg-mayausd-branch-preflight-2019-no-ufe-windows/ecg-maya-usd/maya-usd/lib/usd/utils/SIMD.h
[2022-11-11T22:56:53.560Z]     -- promoting: S:/jenkins/workspace/ECP/ecg-maya-usd/ecg-mayausd-branch-preflight-2019-no-ufe-windows/ecg-maya-usd/maya-usd/lib/usd/utils/util.h
[2022-11-11T22:56:53.560Z]     -- promoting: S:/jenkins/workspace/ECP/ecg-maya-usd/ecg-mayausd-branch-preflight-2019-no-ufe-windows/ecg-maya-usd/maya-usd/lib/usd/ui/importDialog/IMayaMQtUtil.h
[2022-11-11T22:56:53.560Z]     -- promoting: S:/jenkins/workspace/ECP/ecg-maya-usd/ecg-mayausd-branch-preflight-2019-no-ufe-windows/ecg-maya-usd/maya-usd/lib/usd/ui/importDialog/ItemDelegate.h
[2022-11-11T22:56:53.560Z]     -- promoting: S:/jenkins/workspace/ECP/ecg-maya-usd/ecg-mayausd-branch-preflight-2019-no-ufe-windows/ecg-maya-usd/maya-usd/lib/usd/ui/importDialog/IUSDImportView.h
[2022-11-11T22:56:53.560Z]     -- promoting: S:/jenkins/workspace/ECP/ecg-maya-usd/ecg-mayausd-branch-preflight-2019-no-ufe-windows/ecg-maya-usd/maya-usd/lib/usd/ui/importDialog/TreeItem.h
[2022-11-11T22:56:53.560Z]     -- promoting: S:/jenkins/workspace/ECP/ecg-maya-usd/ecg-mayausd-branch-preflight-2019-no-ufe-windows/ecg-maya-usd/maya-usd/lib/usd/ui/importDialog/TreeModel.h
[2022-11-11T22:56:53.560Z]     -- promoting: S:/jenkins/workspace/ECP/ecg-maya-usd/ecg-mayausd-branch-preflight-2019-no-ufe-windows/ecg-maya-usd/maya-usd/lib/usd/ui/importDialog/TreeModelFactory.h
[2022-11-11T22:56:53.560Z]     -- promoting: S:/jenkins/workspace/ECP/ecg-maya-usd/ecg-mayausd-branch-preflight-2019-no-ufe-windows/ecg-maya-usd/maya-usd/lib/usd/ui/importDialog/USDImportDialog.h
[2022-11-11T22:56:53.560Z]     -- promoting: S:/jenkins/workspace/ECP/ecg-maya-usd/ecg-mayausd-branch-preflight-2019-no-ufe-windows/ecg-maya-usd/maya-usd/lib/usd/ui/importDialog/USDImportDialogCmd.h
[2022-11-11T22:56:53.560Z]     -- promoting: S:/jenkins/workspace/ECP/ecg-maya-usd/ecg-mayausd-branch-preflight-2019-no-ufe-windows/ecg-maya-usd/maya-usd/lib/usd/ui/importDialog/USDQtUtil.h
[2022-11-11T22:56:53.560Z]     -- promoting: S:/jenkins/workspace/ECP/ecg-maya-usd/ecg-mayausd-branch-preflight-2019-no-ufe-windows/ecg-maya-usd/maya-usd/lib/usd/ui/api.h
[2022-11-11T22:56:53.560Z]     -- promoting: S:/jenkins/workspace/ECP/ecg-maya-usd/ecg-mayausd-branch-preflight-2019-no-ufe-windows/ecg-maya-usd/maya-usd/lib/usd/ui/initStringResources.h
[2022-11-11T22:56:53.560Z]     ========== Pixar USD Plugin ==========
[2022-11-11T22:56:53.560Z]     Compiling W:/build/RelWithDebInfo/plugin/pxr/__init__.py ...
[2022-11-11T22:56:53.560Z]     ========== AL USD Plugin ==========
[2022-11-11T22:56:53.560Z]     CMake Deprecation Warning at plugin/al/CMakeLists.txt:7 (cmake_policy):
[2022-11-11T22:56:53.560Z]       The OLD behavior for policy CMP0026 will be removed from a future version
[2022-11-11T22:56:53.560Z]       of CMake.
[2022-11-11T22:56:53.560Z]     
[2022-11-11T22:56:53.560Z]       The cmake-policies(7) manual explains that the OLD behaviors of all
[2022-11-11T22:56:53.560Z]       policies are deprecated and that a policy should be set to OLD only under
[2022-11-11T22:56:53.560Z]       specific short-term circumstances.  Projects should be ported to the NEW
[2022-11-11T22:56:53.560Z]       behavior and not rely on setting a policy to OLD.
[2022-11-11T22:56:53.560Z]     
[2022-11-11T22:56:53.560Z]     
[2022-11-11T22:56:53.560Z]     -- Found Boost 1.70.0 at P:/shared/Artifactory/Windows/USD/cfb3d8a/lib/cmake/Boost-1.70.0
[2022-11-11T22:56:53.560Z]     --   Requested configuration: QUIET REQUIRED
[2022-11-11T22:56:53.560Z]     -- Found boost_headers 1.70.0 at P:/shared/Artifactory/Windows/USD/cfb3d8a/lib/cmake/boost_headers-1.70.0
[2022-11-11T22:56:53.560Z]     -- Found Boost: P:/shared/Artifactory/Windows/USD/cfb3d8a/lib/cmake/Boost-1.70.0/BoostConfig.cmake (found version "1.70.0")
[2022-11-11T22:56:53.560Z]     -- Found Boost 1.70.0 at P:/shared/Artifactory/Windows/USD/cfb3d8a/lib/cmake/Boost-1.70.0
[2022-11-11T22:56:53.560Z]     --   Requested configuration: QUIET REQUIRED COMPONENTS python
[2022-11-11T22:56:53.560Z]     -- Found boost_python 1.70.0 at P:/shared/Artifactory/Windows/USD/cfb3d8a/lib/cmake/boost_python-1.70.0
[2022-11-11T22:56:53.560Z]     --   boost_python27-vc141-mt-x64-1_70.lib
[2022-11-11T22:56:53.560Z]     -- Adding boost_python dependencies: headers
[2022-11-11T22:56:53.560Z]     -- Found Boost: P:/shared/Artifactory/Windows/USD/cfb3d8a/lib/cmake/Boost-1.70.0/BoostConfig.cmake (found version "1.70.0") found components: python
[2022-11-11T22:56:53.953Z]     -- Found GTest: W:/build/RelWithDebInfo/googletest-install/lib/gtest.lib
[2022-11-11T22:56:55.846Z]     -- Building AL_USDMayaSchemas
[2022-11-11T22:56:56.248Z]     Processing schema classes:
[2022-11-11T22:56:56.248Z]     ALModelAPI, ALFrameRange
[2022-11-11T22:56:56.248Z]     Loading Templates from p:\shared\Artifactory\Windows\USD\cfb3d8a\lib\usd\usd\resources\codegenTemplates
[2022-11-11T22:56:56.248Z]     Writing API:
[2022-11-11T22:56:56.248Z]     	    wrote W:\build\RelWithDebInfo\plugin\al\schemas\AL\usd\schemas\maya\api.h
[2022-11-11T22:56:56.248Z]     Writing Schema Tokens:
[2022-11-11T22:56:56.248Z]     	    wrote W:\build\RelWithDebInfo\plugin\al\schemas\AL\usd\schemas\maya\tokens.h
[2022-11-11T22:56:56.248Z]     	    wrote W:\build\RelWithDebInfo\plugin\al\schemas\AL\usd\schemas\maya\tokens.cpp
[2022-11-11T22:56:56.248Z]     	    wrote W:\build\RelWithDebInfo\plugin\al\schemas\AL\usd\schemas\maya\wrapTokens.cpp
[2022-11-11T22:56:56.248Z]     Generating Classes:
[2022-11-11T22:56:56.248Z]     	    wrote W:\build\RelWithDebInfo\plugin\al\schemas\AL\usd\schemas\maya\ModelAPI.h
[2022-11-11T22:56:56.248Z]     	    wrote W:\build\RelWithDebInfo\plugin\al\schemas\AL\usd\schemas\maya\ModelAPI.cpp
[2022-11-11T22:56:56.248Z]     	    wrote W:\build\RelWithDebInfo\plugin\al\schemas\AL\usd\schemas\maya\wrapModelAPI.cpp
[2022-11-11T22:56:56.248Z]     	    wrote W:\build\RelWithDebInfo\plugin\al\schemas\AL\usd\schemas\maya\FrameRange.h
[2022-11-11T22:56:56.248Z]     	    wrote W:\build\RelWithDebInfo\plugin\al\schemas\AL\usd\schemas\maya\FrameRange.cpp
[2022-11-11T22:56:56.248Z]     	    wrote W:\build\RelWithDebInfo\plugin\al\schemas\AL\usd\schemas\maya\wrapFrameRange.cpp
[2022-11-11T22:56:56.248Z]     Loading Templates from p:\shared\Artifactory\Windows\USD\cfb3d8a\lib\usd\usd\resources\codegenTemplates
[2022-11-11T22:56:56.248Z]     	    wrote W:\build\RelWithDebInfo\plugin\al\schemas\AL\usd\schemas\maya\plugInfo.json
[2022-11-11T22:56:56.248Z]     Generating Schematics:
[2022-11-11T22:56:56.248Z]     	    wrote W:\build\RelWithDebInfo\plugin\al\schemas\AL\usd\schemas\maya\generatedSchema.usda
[2022-11-11T22:56:57.574Z]     Processing schema classes:
[2022-11-11T22:56:57.574Z]     ALExamplePolyCubeNode
[2022-11-11T22:56:57.574Z]     Loading Templates from p:\shared\Artifactory\Windows\USD\cfb3d8a\lib\usd\usd\resources\codegenTemplates
[2022-11-11T22:56:57.574Z]     Writing API:
[2022-11-11T22:56:57.574Z]     	    wrote W:\build\RelWithDebInfo\plugin\al\schemas\AL\usd\schemas\mayatest\api.h
[2022-11-11T22:56:57.574Z]     Writing Schema Tokens:
[2022-11-11T22:56:57.574Z]     	    wrote W:\build\RelWithDebInfo\plugin\al\schemas\AL\usd\schemas\mayatest\tokens.h
[2022-11-11T22:56:57.574Z]     	    wrote W:\build\RelWithDebInfo\plugin\al\schemas\AL\usd\schemas\mayatest\tokens.cpp
[2022-11-11T22:56:57.574Z]     	    wrote W:\build\RelWithDebInfo\plugin\al\schemas\AL\usd\schemas\mayatest\wrapTokens.cpp
[2022-11-11T22:56:57.574Z]     Generating Classes:
[2022-11-11T22:56:57.574Z]     	    wrote W:\build\RelWithDebInfo\plugin\al\schemas\AL\usd\schemas\mayatest\ExamplePolyCubeNode.h
[2022-11-11T22:56:57.574Z]     	    wrote W:\build\RelWithDebInfo\plugin\al\schemas\AL\usd\schemas\mayatest\ExamplePolyCubeNode.cpp
[2022-11-11T22:56:57.574Z]     	    wrote W:\build\RelWithDebInfo\plugin\al\schemas\AL\usd\schemas\mayatest\wrapExamplePolyCubeNode.cpp
[2022-11-11T22:56:57.574Z]     Loading Templates from p:\shared\Artifactory\Windows\USD\cfb3d8a\lib\usd\usd\resources\codegenTemplates
[2022-11-11T22:56:57.574Z]     	    wrote W:\build\RelWithDebInfo\plugin\al\schemas\AL\usd\schemas\mayatest\plugInfo.json
[2022-11-11T22:56:57.574Z]     Generating Schematics:
[2022-11-11T22:56:57.574Z]     	    wrote W:\build\RelWithDebInfo\plugin\al\schemas\AL\usd\schemas\mayatest\generatedSchema.usda
[2022-11-11T22:56:57.574Z]     -- Building AL_USDMayaTranslators
[2022-11-11T22:56:57.574Z]     ========== ADSK USD Plugin ==========
[2022-11-11T22:56:57.574Z]     -- Configuring done
[2022-11-11T22:56:58.999Z]     -- Generating done
[2022-11-11T22:56:58.999Z]     CMake Warning:
[2022-11-11T22:56:58.999Z]       Manually-specified variables were not used by the project:
[2022-11-11T22:56:58.999Z]     
[2022-11-11T22:56:58.999Z]         MAYA_DEVKIT_LOCATION
[2022-11-11T22:56:58.999Z]     
[2022-11-11T22:56:58.999Z]     
[2022-11-11T22:56:58.999Z]     -- Build files have been written to: W:/build/RelWithDebInfo
[2022-11-11T22:56:58.999Z]     
[2022-11-11T22:56:58.999Z]         Building with settings:
[2022-11-11T22:56:58.999Z]           Source directory          S:\jenkins\workspace\ECP\ecg-maya-usd\ecg-mayausd-branch-preflight-2019-no-ufe-windows\ecg-maya-usd\maya-usd
[2022-11-11T22:56:58.999Z]           Workspace directory       W:\
[2022-11-11T22:56:58.999Z]           Build directory           W:\build\RelWithDebInfo
[2022-11-11T22:56:58.999Z]           Install directory         W:\install\RelWithDebInfo\MayaUSD
[2022-11-11T22:56:58.999Z]           Variant                   RelWithDebInfo
[2022-11-11T22:56:58.999Z]           Python Debug              Off
[2022-11-11T22:56:58.999Z]           CMake generator           Ninja
[2022-11-11T22:56:58.999Z]           Build arguments           ['-DCMAKE_MAKE_PROGRAM=P:/shared/Artifactory/Windows/ninja/1.9.0/c68f192/ninja.exe', '-DPYTHON_INCLUDE_DIR=P:/shared/Artifactory/Windows/rundev-2019/202003131251/runtime/155eb96/runTime/include/Python2.7', '-DPython_EXECUTABLE=P:/shared/Artifactory/Windows/rundev-2019/202003131251/runtime/155eb96/runTime/bin/mayapy.exe', '-DPYTHON_LIBRARIES=P:/shared/Artifactory/Windows/rundev-2019/202003131251/runtime/155eb96/runTime/lib/python27.lib', '-DCMAKE_WANT_UFE_BUILD=OFF', '-DCMAKE_WANT_MATERIALX_BUILD=ON', '-DCMAKE_PREFIX_PATH=P:\\shared\\Artifactory\\Windows\\USD\\cfb3d8a']
[2022-11-11T22:56:58.999Z]           Stages arguments          ['configure']
[2022-11-11T22:56:58.999Z]           CTest arguments           ['-E testUsdReferenceAssemblySelection|testUsdMayaAppDir', '-LE interactive', '--parallel 16']
[2022-11-11T22:56:58.999Z]     Success MayaUSD build and install !!!!
[2022-11-11T22:56:58.999Z]     Elapsed time: 00:00:28
[Pipeline] bat
[2022-11-11T22:56:59.768Z] Deleting alias drive W:
[Pipeline] bat
[2022-11-11T22:57:00.544Z] Deleting alias drive P:
[Pipeline] }
[Pipeline] // withEnv
[Pipeline] }
[Pipeline] // timeout
[Pipeline] }
[Pipeline] // stage
[Pipeline] }
[Pipeline] // timestamps
[Pipeline] timestamps
[Pipeline] {
[Pipeline] stage
[Pipeline] { (Build)
[Pipeline] timeout
[2022-11-11T22:57:00.793Z] Timeout set to expire in 6 hr 0 min
[Pipeline] {
[Pipeline] withEnv
[Pipeline] {
[Pipeline] bat
[2022-11-11T22:57:01.532Z] Creating alias drive P: to S:\jenkins\workspace
[Pipeline] bat
[2022-11-11T22:57:02.303Z] Creating alias drive W: to S:\jenkins\workspace\ECP\ecg-maya-usd\ecg-mayausd-branch-preflight-2019-no-ufe-windows
[Pipeline] bat
[2022-11-11T22:57:03.243Z] "C:\Program Files (x86)\Microsoft Visual Studio\2017\Professional\VC\Auxiliary\Build\vcvarsall.bat" x64
[2022-11-11T22:57:03.243Z] **********************************************************************
[2022-11-11T22:57:03.243Z] ** Visual Studio 2017 Developer Command Prompt v15.9.15
[2022-11-11T22:57:03.243Z] ** Copyright (c) 2017 Microsoft Corporation
[2022-11-11T22:57:03.243Z] **********************************************************************
[2022-11-11T22:57:04.067Z] [vcvarsall.bat] Environment initialized for: 'x64'
[2022-11-11T22:57:04.067Z] python ecg-maya-usd/build.py --stages=build --workspace-dir=W:\ --artifactory-dir=P:\shared\Artifactory --build-dir=W:\build --install-dir=W:\install --signing-dir=W:\signing --package-dir=W:\package --output-dir=W:\output --stash-dir=W:\stash --jenkins-build=447 --git-commit=a51f11f4f985514c8714d5f2450b50495847a49b --git-branch=master --variants=RelWithDebInfo --python=2.7 --ufe=false --pxrusd-version=0.21.05-gold --post-zips=false --build-retry=3 --maya-cut-config=maya-rundev-2019.yaml --maya-package=rundev-2019 --stage-banner
[2022-11-11T22:57:04.892Z] Using Maya cut from P:\shared\Artifactory\Windows\rundev-2019\202003131251\runtime\155eb96
[2022-11-11T22:57:04.892Z] 
[2022-11-11T22:57:04.892Z] ================================================================================
[2022-11-11T22:57:04.892Z]                              build (RelWithDebInfo)
[2022-11-11T22:57:04.892Z] ================================================================================
[2022-11-11T22:57:04.892Z] Maya Python RelWithDebInfo Info:
[2022-11-11T22:57:04.892Z]   mayapy executable   = P:\shared\Artifactory\Windows\rundev-2019\202003131251\runtime\155eb96\runTime\bin\mayapy.exe
[2022-11-11T22:57:04.892Z]   Include Folder      = P:\shared\Artifactory\Windows\rundev-2019\202003131251\runtime\155eb96\runTime\include\Python2.7
[2022-11-11T22:57:04.892Z]   Library             = P:\shared\Artifactory\Windows\rundev-2019\202003131251\runtime\155eb96\runTime\lib\python27.lib
[2022-11-11T22:57:04.892Z]   site-package Folder = P:\shared\Artifactory\Windows\rundev-2019\202003131251\runtime\155eb96\runTime\Python\Lib\site-packages
[2022-11-11T22:57:05.718Z] In workdir: S:\jenkins\workspace\ECP\ecg-maya-usd\ecg-mayausd-branch-preflight-2019-no-ufe-windows\ecg-maya-usd\maya-usd
[2022-11-11T22:57:05.718Z] Executing: 'P:\\shared\\Artifactory\\Windows\\rundev-2019\\202003131251\\runtime\\155eb96\\runTime\\bin\\mayapy.exe' 'S:\\jenkins\\workspace\\ECP\\ecg-maya-usd\\ecg-mayausd-branch-preflight-2019-no-ufe-windows\\ecg-maya-usd\\maya-usd\\build.py' --generator Ninja --build-relwithdebug --maya-location 'P:\\shared\\Artifactory\\Windows\\rundev-2019\\202003131251\\runtime\\155eb96\\runTime' --devkit-location 'P:\\shared\\Artifactory\\Windows\\rundev-2019\\202003131251\\runtime\\155eb96\\devkitBase' --pxrusd-location 'P:\\shared\\Artifactory\\Windows\\USD\\cfb3d8a' --qt-location 'P:\\shared\\Artifactory\\Windows\\qt\\5.6.1\\1acd0ba' '--build-args=-DCMAKE_MAKE_PROGRAM=P:/shared/Artifactory/Windows/ninja/1.9.0/c68f192/ninja.exe,-DPYTHON_INCLUDE_DIR=P:/shared/Artifactory/Windows/rundev-2019/202003131251/runtime/155eb96/runTime/include/Python2.7,-DPython_EXECUTABLE=P:/shared/Artifactory/Windows/rundev-2019/202003131251/runtime/155eb96/runTime/bin/mayapy.exe,-DPYTHON_LIBRARIES=P:/shared/Artifactory/Windows/rundev-2019/202003131251/runtime/155eb96/runTime/lib/python27.lib,-DCMAKE_WANT_UFE_BUILD=OFF,-DCMAKE_WANT_MATERIALX_BUILD=ON,-DCMAKE_PREFIX_PATH=P:\\shared\\Artifactory\\Windows\\USD\\cfb3d8a' '--ctest-args=-E testUsdReferenceAssemblySelection|testUsdMayaAppDir,-LE interactive,--parallel 16' --stages=build --redirect-outstream-file=False --install-location 'W:\\install\\RelWithDebInfo\\MayaUSD' 'W:\\'
[2022-11-11T22:57:05.718Z] Modified environment variables:
[2022-11-11T22:57:05.718Z]     PATH=P:\shared\Artifactory\Windows\cmake\3.20.3\afe857a\bin;C:\Python27\lib\site-packages\pywin32_system32;C:\Program Files (x86)\Microsoft Visual Studio\2017\Professional\VC\Tools\MSVC\14.16.27023\bin\HostX64\x64;C:\Program Files (x86)\Microsoft Visual Studio\2017\Professional\Common7\IDE\VC\VCPackages;C:\Program Files (x86)\Microsoft Visual Studio\2017\Professional\Common7\IDE\CommonExtensions\Microsoft\TestWindow;C:\Program Files (x86)\Microsoft Visual Studio\2017\Professional\Common7\IDE\CommonExtensions\Microsoft\TeamFoundation\Team Explorer;C:\Program Files (x86)\Microsoft Visual Studio\2017\Professional\MSBuild\15.0\bin\Roslyn;C:\Program Files (x86)\Microsoft Visual Studio\2017\Professional\Team Tools\Performance Tools\x64;C:\Program Files (x86)\Microsoft Visual Studio\2017\Professional\Team Tools\Performance Tools;C:\Program Files (x86)\Microsoft Visual Studio\Shared\Common\VSPerfCollectionTools\\x64;C:\Program Files (x86)\Microsoft Visual Studio\Shared\Common\VSPerfCollectionTools\;C:\Program Files (x86)\Microsoft SDKs\Windows\v10.0A\bin\NETFX 4.6.1 Tools\x64\;C:\Program Files (x86)\HTML Help Workshop;C:\Program Files (x86)\Windows Kits\10\bin\10.0.18362.0\x64;C:\Program Files (x86)\Windows Kits\10\bin\x64;C:\Program Files (x86)\Microsoft Visual Studio\2017\Professional\\MSBuild\15.0\bin;C:\WINDOWS\Microsoft.NET\Framework64\v4.0.30319;C:\Program Files (x86)\Microsoft Visual Studio\2017\Professional\Common7\IDE\;C:\Program Files (x86)\Microsoft Visual Studio\2017\Professional\Common7\Tools\;C:\Python27\;C:\Python27\Scripts;C:\WINDOWS\system32;C:\WINDOWS;C:\WINDOWS\System32\Wbem;C:\WINDOWS\System32\WindowsPowerShell\v1.0\;C:\WINDOWS\System32\OpenSSH\;C:\ProgramData\chocolatey\bin;C:\Program Files (x86)\WiX Toolset v3.7\bin;C:\Program Files\dotnet\;C:\Program Files (x86)\Windows Kits\10\bin\10.0.18362.0\x64;C:\Program Files\Zulu\zulu-11\bin\;C:\Program Files (x86)\Windows Kits\10\bin\10.0.17763.0\x64;C:\Program Files (x86)\Windows Kits\10\bin\x64;C:\Program Files\Git\cmd;C:\Program Files\Git\usr\bin;C:\Program Files\Git\mingw64\bin;C:\Program Files\Git\bin;C:\Python38\;C:\Python38\Scripts;C:\StoreBoxClientWindows;C:\Program Files\Electric Cloud\ElectricCommander\bin;C:\Program Files\WinRAR;C:\Program Files\7-Zip;C:\Users\Administrator\AppData\Local\Microsoft\WindowsApps;C:\Program Files (x86)\Microsoft Visual Studio\2017\Professional\Common7\IDE\CommonExtensions\Microsoft\CMake\CMake\bin;C:\Program Files (x86)\Microsoft Visual Studio\2017\Professional\Common7\IDE\CommonExtensions\Microsoft\CMake\Ninja
[2022-11-11T22:57:07.037Z]     [1/621] Building CXX object test\lib\usd\utils\CMakeFiles\testDiffValues.dir\main.cpp.obj
[2022-11-11T22:57:07.037Z]     [2/621] Building CXX object test\lib\usd\utils\CMakeFiles\testDiffCore.dir\main.cpp.obj
[2022-11-11T22:57:07.037Z]     [3/621] Building CXX object test\lib\usd\utils\CMakeFiles\testDiffLists.dir\main.cpp.obj
[2022-11-11T22:57:07.427Z]     [4/621] Building CXX object test\lib\usd\utils\CMakeFiles\testDiffCore.dir\test_DiffCore.cpp.obj
[2022-11-11T22:57:08.253Z]     [5/621] Building CXX object test\lib\usd\utils\CMakeFiles\testDiffPrims.dir\main.cpp.obj
[2022-11-11T22:57:08.644Z]     [6/621] Building CXX object test\lib\usd\utils\CMakeFiles\testDiffDictionaries.dir\main.cpp.obj
[2022-11-11T22:57:09.468Z]     [7/621] Building CXX object test\lib\usd\utils\CMakeFiles\testDiffRelationships.dir\main.cpp.obj
[2022-11-11T22:57:10.787Z]     [8/621] Building CXX object test\lib\usd\utils\CMakeFiles\testDiffAttributes.dir\main.cpp.obj
[2022-11-11T22:57:12.672Z]     [9/621] Building CXX object test\lib\usd\utils\CMakeFiles\testDiffPrims.dir\test_DiffPrims.cpp.obj
[2022-11-11T22:57:13.062Z]     [10/621] Building CXX object test\lib\usd\utils\CMakeFiles\testDiffValues.dir\test_DiffValues.cpp.obj
[2022-11-11T22:57:13.062Z]     [11/621] Building CXX object test\lib\usd\utils\CMakeFiles\testDiffPrims.dir\test_DiffPrimsRelations.cpp.obj
[2022-11-11T22:57:13.062Z]     [12/621] Building CXX object test\lib\usd\utils\CMakeFiles\testDiffPrims.dir\test_DiffPrimsChildren.cpp.obj
[2022-11-11T22:57:13.455Z]     [13/621] Building CXX object test\lib\usd\utils\CMakeFiles\testDiffValues.dir\test_DiffValuesIntVecs.cpp.obj
[2022-11-11T22:57:13.846Z]     [14/621] Building CXX object test\lib\usd\utils\CMakeFiles\testDiffValues.dir\test_DiffValuesMatrices.cpp.obj
[2022-11-11T22:57:13.846Z]     [15/621] Building CXX object test\lib\usd\utils\CMakeFiles\testDiffValues.dir\test_DiffValuesGeneric.cpp.obj
[2022-11-11T22:57:13.846Z]     [16/621] Building CXX object test\lib\usd\utils\CMakeFiles\testDiffValues.dir\test_DiffValuesQuaternions.cpp.obj
[2022-11-11T22:57:14.237Z]     [17/621] Building CXX object test\lib\usd\utils\CMakeFiles\testDiffPrims.dir\test_DiffPrimsAttributes.cpp.obj
[2022-11-11T22:57:14.630Z]     [18/621] Building CXX object test\lib\usd\utils\CMakeFiles\testDiffLists.dir\test_DiffLists.cpp.obj
[2022-11-11T22:57:14.630Z]     [19/621] Building CXX object test\lib\usd\utils\CMakeFiles\testDiffValues.dir\test_DiffValuesHalfVecs.cpp.obj
[2022-11-11T22:57:15.023Z]     [20/621] Building CXX object test\lib\usd\utils\CMakeFiles\testDiffValues.dir\test_DiffValuesDoubleVecs.cpp.obj
[2022-11-11T22:57:15.023Z]     [21/621] Building CXX object test\lib\usd\utils\CMakeFiles\testDiffValues.dir\test_DiffValuesArrays.cpp.obj
[2022-11-11T22:57:15.413Z]     [22/621] Building CXX object test\lib\usd\utils\CMakeFiles\testDiffMetadatas.dir\main.cpp.obj
[2022-11-11T22:57:15.413Z]     [23/621] Building CXX object test\lib\usd\utils\CMakeFiles\testDiffComputeOverall.dir\main.cpp.obj
[2022-11-11T22:57:15.413Z]     [24/621] Building CXX object lib\mayaUsd\CMakeFiles\mayaUsd.dir\base\debugCodes.cpp.obj
[2022-11-11T22:57:15.413Z]     [25/621] Building CXX object test\lib\usd\utils\CMakeFiles\testMergePrims.dir\main.cpp.obj
[2022-11-11T22:57:15.803Z]     [26/621] Building CXX object lib\mayaUsd\CMakeFiles\mayaUsd.dir\base\tokens.cpp.obj
[2022-11-11T22:57:16.194Z]     [27/621] Building CXX object test\lib\usd\utils\CMakeFiles\testDiffValues.dir\test_DiffValuesFloatVecs.cpp.obj
[2022-11-11T22:57:16.584Z]     [28/621] Building CXX object lib\mayaUsd\CMakeFiles\mayaUsd.dir\commands\layerEditorWindowCommand.cpp.obj
[2022-11-11T22:57:17.408Z]     [29/621] Building CXX object test\lib\usd\utils\CMakeFiles\testDiffDictionaries.dir\test_DiffDictionaries.cpp.obj
[2022-11-11T22:57:19.406Z]     [30/621] Building CXX object test\lib\usd\utils\CMakeFiles\testDiffAttributes.dir\test_DiffAttributes.cpp.obj
[2022-11-11T22:57:21.290Z]     [31/621] Building CXX object test\lib\usd\utils\CMakeFiles\testDiffComputeOverall.dir\test_DiffComputeOverall.cpp.obj
[2022-11-11T22:57:21.680Z]     [32/621] Building CXX object lib\mayaUsd\CMakeFiles\mayaUsd.dir\commands\editTargetCommand.cpp.obj
[2022-11-11T22:57:21.680Z]     [33/621] Building CXX object test\lib\usd\utils\CMakeFiles\testDiffRelationships.dir\test_DiffRelationships.cpp.obj
[2022-11-11T22:57:21.680Z]     [34/621] Building CXX object lib\mayaUsd\CMakeFiles\mayaUsd.dir\commands\baseImportCommand.cpp.obj
[2022-11-11T22:57:21.680Z]     [35/621] Building CXX object test\lib\usd\utils\CMakeFiles\testDiffMetadatas.dir\test_DiffMetadatas.cpp.obj
[2022-11-11T22:57:22.070Z]     [36/621] Building CXX object lib\mayaUsd\CMakeFiles\mayaUsd.dir\commands\baseListJobContextsCommand.cpp.obj
[2022-11-11T22:57:22.460Z]     [37/621] Building CXX object test\lib\usd\utils\CMakeFiles\testMergePrims.dir\test_MergePrims.cpp.obj
[2022-11-11T22:57:22.460Z]     [38/621] Building CXX object lib\mayaUsd\CMakeFiles\mayaUsd.dir\fileio\functorPrimReader.cpp.obj
[2022-11-11T22:57:22.460Z]     [39/621] Building CXX object lib\mayaUsd\CMakeFiles\mayaUsd.dir\commands\baseExportCommand.cpp.obj
[2022-11-11T22:57:22.850Z]     [40/621] Building CXX object lib\mayaUsd\CMakeFiles\mayaUsd.dir\commands\layerEditorCommand.cpp.obj
[2022-11-11T22:57:23.678Z]     [41/621] Building CXX object lib\mayaUsd\CMakeFiles\mayaUsd.dir\fileio\jobContextRegistry.cpp.obj
[2022-11-11T22:57:23.678Z]     [42/621] Building CXX object lib\mayaUsd\CMakeFiles\mayaUsd.dir\fileio\functorPrimWriter.cpp.obj
[2022-11-11T22:57:23.678Z]     [43/621] Building CXX object lib\mayaUsd\CMakeFiles\mayaUsd.dir\commands\baseListShadingModesCommand.cpp.obj
[2022-11-11T22:57:24.069Z]     [44/621] Building CXX object lib\mayaUsd\CMakeFiles\mayaUsd.dir\fileio\fallbackPrimReader.cpp.obj
[2022-11-11T22:57:24.069Z]     [45/621] Building CXX object lib\mayaUsd\CMakeFiles\mayaUsd.dir\fileio\primReader.cpp.obj
[2022-11-11T22:57:24.459Z]     [46/621] Building CXX object lib\mayaUsd\CMakeFiles\mayaUsd.dir\fileio\importData.cpp.obj
[2022-11-11T22:57:28.626Z]     [47/621] Building CXX object lib\mayaUsd\CMakeFiles\mayaUsd.dir\fileio\registryHelper.cpp.obj
[2022-11-11T22:57:28.626Z]     [48/621] Building CXX object lib\mayaUsd\CMakeFiles\mayaUsd.dir\fileio\primWriterContext.cpp.obj
[2022-11-11T22:57:28.626Z]     [49/621] Building CXX object lib\mayaUsd\CMakeFiles\mayaUsd.dir\fileio\primReaderArgs.cpp.obj
[2022-11-11T22:57:28.626Z]     [50/621] Building CXX object lib\mayaUsd\CMakeFiles\mayaUsd.dir\fileio\primWriterArgs.cpp.obj
[2022-11-11T22:57:28.626Z]     [51/621] Building CXX object lib\mayaUsd\CMakeFiles\mayaUsd.dir\fileio\primReaderRegistry.cpp.obj
[2022-11-11T22:57:28.626Z]     [52/621] Building CXX object lib\mayaUsd\CMakeFiles\mayaUsd.dir\fileio\instancedNodeWriter.cpp.obj
[2022-11-11T22:57:29.016Z]     [53/621] Building CXX object lib\mayaUsd\CMakeFiles\mayaUsd.dir\fileio\primWriterRegistry.cpp.obj
[2022-11-11T22:57:29.405Z]     [54/621] Building CXX object lib\mayaUsd\CMakeFiles\mayaUsd.dir\fileio\primReaderContext.cpp.obj
[2022-11-11T22:57:29.796Z]     [55/621] Building CXX object lib\mayaUsd\CMakeFiles\mayaUsd.dir\fileio\shaderReaderRegistry.cpp.obj
[2022-11-11T22:57:30.186Z]     [56/621] Building CXX object lib\mayaUsd\CMakeFiles\mayaUsd.dir\fileio\schemaApiAdaptorRegistry.cpp.obj
[2022-11-11T22:57:30.591Z]     [57/621] Building CXX object lib\mayaUsd\CMakeFiles\mayaUsd.dir\fileio\chaser\exportChaser.cpp.obj
[2022-11-11T22:57:30.980Z]     [58/621] Building CXX object lib\mayaUsd\CMakeFiles\mayaUsd.dir\fileio\primWriter.cpp.obj
[2022-11-11T22:57:30.981Z]     [59/621] Building CXX object lib\mayaUsd\CMakeFiles\mayaUsd.dir\fileio\shaderWriter.cpp.obj
[2022-11-11T22:57:30.981Z]     [60/621] Building CXX object lib\mayaUsd\CMakeFiles\mayaUsd.dir\fileio\schemaApiAdaptor.cpp.obj
[2022-11-11T22:57:30.981Z]     [61/621] Building CXX object lib\mayaUsd\CMakeFiles\mayaUsd.dir\fileio\shaderReader.cpp.obj
[2022-11-11T22:57:31.803Z]     [62/621] Building CXX object lib\mayaUsd\CMakeFiles\mayaUsd.dir\fileio\transformWriter.cpp.obj
[2022-11-11T22:57:32.193Z]     [63/621] Building CXX object lib\mayaUsd\CMakeFiles\mayaUsd.dir\fileio\shaderWriterRegistry.cpp.obj
[2022-11-11T22:57:35.498Z]     [64/621] Building CXX object lib\mayaUsd\CMakeFiles\mayaUsd.dir\fileio\translators\translatorGprim.cpp.obj
[2022-11-11T22:57:35.971Z]     [65/621] Building CXX object lib\mayaUsd\CMakeFiles\mayaUsd.dir\fileio\translators\translatorLight.cpp.obj
[2022-11-11T22:57:35.971Z]     [66/621] Building CXX object lib\mayaUsd\CMakeFiles\mayaUsd.dir\fileio\translators\translatorMesh.cpp.obj
[2022-11-11T22:57:36.794Z]     [67/621] Building CXX object lib\mayaUsd\CMakeFiles\mayaUsd.dir\fileio\chaser\importChaser.cpp.obj
[2022-11-11T22:57:36.794Z]     [68/621] Building CXX object lib\mayaUsd\CMakeFiles\mayaUsd.dir\fileio\writeJobContext.cpp.obj
[2022-11-11T22:57:37.184Z]     [69/621] Building CXX object lib\mayaUsd\CMakeFiles\mayaUsd.dir\fileio\translators\translatorMayaReference.cpp.obj
[2022-11-11T22:57:37.184Z]     [70/621] Building CXX object lib\mayaUsd\CMakeFiles\mayaUsd.dir\fileio\translators\translatorMaterial.cpp.obj
[2022-11-11T22:57:37.184Z]     [71/621] Building CXX object lib\mayaUsd\CMakeFiles\mayaUsd.dir\fileio\chaser\exportChaserRegistry.cpp.obj
[2022-11-11T22:57:37.574Z]     [72/621] Building CXX object lib\mayaUsd\CMakeFiles\mayaUsd.dir\fileio\jobs\meshDataReadJob.cpp.obj
[2022-11-11T22:57:37.965Z]     [73/621] Building CXX object lib\mayaUsd\CMakeFiles\mayaUsd.dir\fileio\chaser\importChaserRegistry.cpp.obj
[2022-11-11T22:57:39.281Z]     [74/621] Building CXX object lib\mayaUsd\CMakeFiles\mayaUsd.dir\fileio\jobs\modelKindProcessor.cpp.obj
[2022-11-11T22:57:39.281Z]     [75/621] Building CXX object lib\mayaUsd\CMakeFiles\mayaUsd.dir\fileio\shading\shadingModeDisplayColor.cpp.obj
[2022-11-11T22:57:40.598Z]     [76/621] Building CXX object lib\mayaUsd\CMakeFiles\mayaUsd.dir\fileio\shading\shadingModeExporter.cpp.obj
[2022-11-11T22:57:41.422Z]     [77/621] Building CXX object lib\mayaUsd\CMakeFiles\mayaUsd.dir\fileio\jobs\readJob.cpp.obj
[2022-11-11T22:57:42.246Z]     [78/621] Building CXX object lib\mayaUsd\CMakeFiles\mayaUsd.dir\fileio\shading\shadingModeExporterContext.cpp.obj
[2022-11-11T22:57:42.246Z]     [79/621] Building CXX object lib\mayaUsd\CMakeFiles\mayaUsd.dir\fileio\jobs\jobArgs.cpp.obj
[2022-11-11T22:57:43.563Z]     [80/621] Building CXX object lib\mayaUsd\CMakeFiles\mayaUsd.dir\fileio\shading\symmetricShaderReader.cpp.obj
[2022-11-11T22:57:43.563Z]     [81/621] Building CXX object lib\mayaUsd\CMakeFiles\mayaUsd.dir\fileio\shading\shadingModeImporter.cpp.obj
[2022-11-11T22:57:44.884Z]     [82/621] Building CXX object lib\mayaUsd\CMakeFiles\mayaUsd.dir\fileio\shading\shadingModeUseRegistry.cpp.obj
[2022-11-11T22:57:45.274Z]     [83/621] Building CXX object lib\mayaUsd\CMakeFiles\mayaUsd.dir\fileio\shading\symmetricShaderWriter.cpp.obj
[2022-11-11T22:57:45.274Z]     [84/621] Building CXX object lib\mayaUsd\CMakeFiles\mayaUsd.dir\fileio\jobs\writeJob.cpp.obj
[2022-11-11T22:57:46.594Z]     [85/621] Building CXX object lib\mayaUsd\CMakeFiles\mayaUsd.dir\fileio\translators\skelBindingsProcessor.cpp.obj
[2022-11-11T22:57:47.418Z]     [86/621] Building CXX object lib\mayaUsd\CMakeFiles\mayaUsd.dir\fileio\shading\shadingModeRegistry.cpp.obj
[2022-11-11T22:57:47.418Z]     [87/621] Building CXX object lib\mayaUsd\CMakeFiles\mayaUsd.dir\fileio\translators\translatorCurves.cpp.obj
[2022-11-11T22:57:47.808Z]     [88/621] Building CXX object lib\mayaUsd\CMakeFiles\mayaUsd.dir\fileio\translators\translatorCamera.cpp.obj
[2022-11-11T22:57:49.692Z]     [89/621] Building CXX object lib\mayaUsd\CMakeFiles\mayaUsd.dir\fileio\translators\translatorUtil.cpp.obj
[2022-11-11T22:57:49.692Z]     [90/621] Building CXX object lib\mayaUsd\CMakeFiles\mayaUsd.dir\fileio\translators\translatorPrim.cpp.obj
[2022-11-11T22:57:49.692Z]     [91/621] Building CXX object lib\mayaUsd\CMakeFiles\mayaUsd.dir\fileio\translators\translatorSkel.cpp.obj
[2022-11-11T22:57:49.692Z]     [92/621] Building CXX object lib\mayaUsd\CMakeFiles\mayaUsd.dir\fileio\translators\translatorNurbsPatch.cpp.obj
[2022-11-11T22:57:50.266Z]     [93/621] Building CXX object lib\mayaUsd\CMakeFiles\mayaUsd.dir\fileio\translators\translatorRfMLight_deprecated.cpp.obj
[2022-11-11T22:57:50.266Z]     [94/621] Building CXX object lib\mayaUsd\CMakeFiles\mayaUsd.dir\fileio\shading\shadingModePxrRis.cpp.obj
[2022-11-11T22:57:50.266Z]     [95/621] Building CXX object lib\mayaUsd\CMakeFiles\mayaUsd.dir\fileio\translators\translatorRfMLight.cpp.obj
[2022-11-11T22:57:51.091Z]     [96/621] Building CXX object lib\mayaUsd\CMakeFiles\mayaUsd.dir\fileio\translators\translatorXformable.cpp.obj
[2022-11-11T22:57:52.408Z]     [97/621] Building CXX object lib\mayaUsd\CMakeFiles\mayaUsd.dir\fileio\utils\adaptor.cpp.obj
[2022-11-11T22:57:52.408Z]     [98/621] Building CXX object lib\mayaUsd\CMakeFiles\mayaUsd.dir\fileio\utils\jointWriteUtils.cpp.obj
[2022-11-11T22:57:53.725Z]     [99/621] Building CXX object lib\mayaUsd\CMakeFiles\mayaUsd.dir\listeners\notice.cpp.obj
[2022-11-11T22:57:53.725Z]     [100/621] Building CXX object lib\mayaUsd\CMakeFiles\mayaUsd.dir\fileio\utils\roundTripUtil.cpp.obj
[2022-11-11T22:57:54.115Z]     [101/621] Building CXX object lib\mayaUsd\CMakeFiles\mayaUsd.dir\fileio\translators\translatorXformable_decompose.cpp.obj
[2022-11-11T22:57:54.944Z]     [102/621] Building CXX object lib\mayaUsd\CMakeFiles\mayaUsd.dir\fileio\utils\meshReadUtils.cpp.obj
[2022-11-11T22:57:55.334Z]     [103/621] Building CXX object lib\mayaUsd\CMakeFiles\mayaUsd.dir\render\pxrUsdMayaGL\userData.cpp.obj
[2022-11-11T22:57:56.157Z]     [104/621] Building CXX object lib\mayaUsd\CMakeFiles\mayaUsd.dir\render\vp2RenderDelegate\bboxGeom.cpp.obj
[2022-11-11T22:57:56.157Z]     [105/621] Building CXX object lib\mayaUsd\CMakeFiles\mayaUsd.dir\listeners\stageNoticeListener.cpp.obj
[2022-11-11T22:57:56.547Z]     [106/621] Building CXX object lib\mayaUsd\CMakeFiles\mayaUsd.dir\fileio\utils\readUtil.cpp.obj
[2022-11-11T22:57:56.937Z]     [107/621] Building CXX object lib\mayaUsd\CMakeFiles\mayaUsd.dir\fileio\utils\userTaggedAttribute.cpp.obj
[2022-11-11T22:57:56.937Z]     [108/621] Building CXX object lib\mayaUsd\CMakeFiles\mayaUsd.dir\nodes\pointBasedDeformerNode.cpp.obj
[2022-11-11T22:57:56.937Z]     [109/621] Building CXX object lib\mayaUsd\CMakeFiles\mayaUsd.dir\nodes\hdImagingShape.cpp.obj
[2022-11-11T22:57:57.329Z]     [110/621] Building CXX object lib\mayaUsd\CMakeFiles\mayaUsd.dir\listeners\proxyShapeNotice.cpp.obj
[2022-11-11T22:57:57.720Z]     [111/621] Building CXX object lib\mayaUsd\CMakeFiles\mayaUsd.dir\fileio\utils\shadingUtil.cpp.obj
[2022-11-11T22:57:57.720Z]     [112/621] Building CXX object lib\mayaUsd\CMakeFiles\mayaUsd.dir\fileio\utils\xformStack.cpp.obj
[2022-11-11T22:57:58.112Z]     [113/621] Building CXX object lib\mayaUsd\CMakeFiles\mayaUsd.dir\render\vp2RenderDelegate\debugCodes.cpp.obj
[2022-11-11T22:57:58.112Z]     [114/621] Building CXX object lib\mayaUsd\CMakeFiles\mayaUsd.dir\fileio\utils\meshWriteUtils.cpp.obj
[2022-11-11T22:57:58.506Z]     [115/621] Building CXX object lib\mayaUsd\CMakeFiles\mayaUsd.dir\render\px_vp20\glslProgram.cpp.obj
[2022-11-11T22:57:58.506Z]     [116/621] Building CXX object lib\mayaUsd\CMakeFiles\mayaUsd.dir\fileio\utils\writeUtil.cpp.obj
[2022-11-11T22:58:00.526Z]     [117/621] Building CXX object lib\mayaUsd\CMakeFiles\mayaUsd.dir\python\moduleDeps.cpp.obj
[2022-11-11T22:58:01.351Z]     [118/621] Building CXX object lib\mayaUsd\CMakeFiles\mayaUsd.dir\render\pxrUsdMayaGL\debugCodes.cpp.obj
[2022-11-11T22:58:01.351Z]     [119/621] Building CXX object lib\mayaUsd\CMakeFiles\mayaUsd.dir\render\px_vp20\utils.cpp.obj
[2022-11-11T22:58:01.741Z]     [120/621] Building CXX object lib\mayaUsd\CMakeFiles\mayaUsd.dir\render\px_vp20\utils_legacy.cpp.obj
[2022-11-11T22:58:02.131Z]     [121/621] Building CXX object lib\mayaUsd\CMakeFiles\mayaUsd.dir\nodes\proxyShapePlugin.cpp.obj
[2022-11-11T22:58:02.954Z]     [122/621] Building CXX object lib\mayaUsd\CMakeFiles\mayaUsd.dir\nodes\proxyAccessor.cpp.obj
[2022-11-11T22:58:02.954Z]     [123/621] Building CXX object lib\mayaUsd\CMakeFiles\mayaUsd.dir\render\vp2RenderDelegate\draw_item.cpp.obj
[2022-11-11T22:58:03.344Z]     [124/621] Building CXX object lib\mayaUsd\CMakeFiles\mayaUsd.dir\nodes\usdPrimProvider.cpp.obj
[2022-11-11T22:58:03.734Z]     [125/621] Building CXX object lib\mayaUsd\CMakeFiles\mayaUsd.dir\nodes\stageData.cpp.obj
[2022-11-11T22:58:03.734Z]     [126/621] Building CXX object lib\mayaUsd\CMakeFiles\mayaUsd.dir\nodes\proxyShapeBase.cpp.obj
[2022-11-11T22:58:03.734Z]     [127/621] Building CXX object lib\mayaUsd\CMakeFiles\mayaUsd.dir\render\vp2RenderDelegate\meshViewportCompute.cpp.obj
[2022-11-11T22:58:04.125Z]     [128/621] Building CXX object lib\mayaUsd\CMakeFiles\mayaUsd.dir\render\pxrUsdMayaGL\softSelectHelper.cpp.obj
[2022-11-11T22:58:04.125Z]     [129/621] Building CXX object lib\mayaUsd\CMakeFiles\mayaUsd.dir\nodes\proxyShapeStageExtraData.cpp.obj
[2022-11-11T22:58:04.948Z]     [130/621] Building CXX object lib\mayaUsd\CMakeFiles\mayaUsd.dir\nodes\stageNode.cpp.obj
[2022-11-11T22:58:07.482Z]     [131/621] Building CXX object lib\mayaUsd\CMakeFiles\mayaUsd.dir\render\pxrUsdMayaGL\usdProxyShapeAdapter.cpp.obj
[2022-11-11T22:58:07.482Z]     [132/621] Building CXX object lib\mayaUsd\CMakeFiles\mayaUsd.dir\render\pxrUsdMayaGL\hdImagingShapeUI.cpp.obj
[2022-11-11T22:58:07.871Z]     [133/621] Building CXX object lib\mayaUsd\CMakeFiles\mayaUsd.dir\render\pxrUsdMayaGL\batchRenderer.cpp.obj
[2022-11-11T22:58:07.872Z]     [134/621] Building CXX object lib\mayaUsd\CMakeFiles\mayaUsd.dir\render\vp2RenderDelegate\basisCurves.cpp.obj
[2022-11-11T22:58:09.188Z]     [135/621] Building CXX object lib\mayaUsd\CMakeFiles\mayaUsd.dir\render\vp2RenderDelegate\extComputation.cpp.obj
[2022-11-11T22:58:09.578Z]     [136/621] Building CXX object lib\mayaUsd\CMakeFiles\mayaUsd.dir\render\pxrUsdMayaGL\hdImagingShapeDrawOverride.cpp.obj
[2022-11-11T22:58:10.897Z]     [137/621] Building CXX object lib\mayaUsd\CMakeFiles\mayaUsd.dir\render\vp2RenderDelegate\instancer.cpp.obj
[2022-11-11T22:58:10.897Z]     [138/621] Building CXX object lib\mayaUsd\CMakeFiles\mayaUsd.dir\render\pxrUsdMayaGL\proxyShapeDelegate.cpp.obj
[2022-11-11T22:58:10.897Z]     [139/621] Building CXX object lib\mayaUsd\CMakeFiles\mayaUsd.dir\render\vp2RenderDelegate\sampler.cpp.obj
[2022-11-11T22:58:11.720Z]     [140/621] Building CXX object lib\mayaUsd\CMakeFiles\mayaUsd.dir\render\pxrUsdMayaGL\sceneDelegate.cpp.obj
[2022-11-11T22:58:11.720Z]     [141/621] Building CXX object lib\mayaUsd\CMakeFiles\mayaUsd.dir\render\pxrUsdMayaGL\instancerImager.cpp.obj
[2022-11-11T22:58:11.720Z]     [142/621] Building CXX object lib\mayaUsd\CMakeFiles\mayaUsd.dir\render\pxrUsdMayaGL\shapeAdapter.cpp.obj
[2022-11-11T22:58:12.110Z]     [143/621] Building CXX object lib\mayaUsd\CMakeFiles\mayaUsd.dir\render\vp2RenderDelegate\shader.cpp.obj
[2022-11-11T22:58:12.509Z]     [144/621] Building CXX object lib\mayaUsd\CMakeFiles\mayaUsd.dir\undo\OpUndoItemRecorder.cpp.obj
[2022-11-11T22:58:12.509Z]     [145/621] Building CXX object lib\mayaUsd\CMakeFiles\mayaUsd.dir\render\vp2RenderDelegate\tokens.cpp.obj
[2022-11-11T22:58:12.509Z]     [146/621] Building CXX object lib\mayaUsd\CMakeFiles\mayaUsd.dir\render\pxrUsdMayaGL\instancerShapeAdapter.cpp.obj
[2022-11-11T22:58:12.899Z]     [147/621] Building CXX object lib\mayaUsd\CMakeFiles\mayaUsd.dir\utils\blockSceneModificationContext.cpp.obj
[2022-11-11T22:58:13.289Z]     [148/621] Building CXX object lib\mayaUsd\CMakeFiles\mayaUsd.dir\render\pxrUsdMayaGL\proxyShapeUI.cpp.obj
[2022-11-11T22:58:13.289Z]     [149/621] Building CXX object lib\mayaUsd\CMakeFiles\mayaUsd.dir\utils\colorSpace.cpp.obj
[2022-11-11T22:58:13.680Z]     [150/621] Building CXX object lib\mayaUsd\CMakeFiles\mayaUsd.dir\render\pxrUsdMayaGL\proxyDrawOverride.cpp.obj
[2022-11-11T22:58:14.070Z]     [151/621] Building CXX object lib\mayaUsd\CMakeFiles\mayaUsd.dir\undo\UsdUndoableItem.cpp.obj
[2022-11-11T22:58:14.070Z]     [152/621] Building CXX object lib\mayaUsd\CMakeFiles\mayaUsd.dir\render\vp2RenderDelegate\mayaPrimCommon.cpp.obj
[2022-11-11T22:58:14.894Z]     [153/621] Building CXX object lib\mayaUsd\CMakeFiles\mayaUsd.dir\render\vp2ShaderFragments\shaderFragments.cpp.obj
[2022-11-11T22:58:14.894Z]     [154/621] Building CXX object lib\mayaUsd\CMakeFiles\mayaUsd.dir\render\vp2RenderDelegate\render_param.cpp.obj
[2022-11-11T22:58:14.894Z]     [155/621] Building CXX object lib\mayaUsd\CMakeFiles\mayaUsd.dir\undo\OpUndoItemList.cpp.obj
[2022-11-11T22:58:15.284Z]     [156/621] Building CXX object lib\mayaUsd\CMakeFiles\mayaUsd.dir\utils\dynamicAttribute.cpp.obj
[2022-11-11T22:58:16.107Z]     [157/621] Building CXX object lib\mayaUsd\CMakeFiles\mayaUsd.dir\render\vp2RenderDelegate\mesh.cpp.obj
[2022-11-11T22:58:17.425Z]     [158/621] Building CXX object lib\mayaUsd\CMakeFiles\mayaUsd.dir\utils\diagnosticDelegate.cpp.obj
[2022-11-11T22:58:18.259Z]     [159/621] Building CXX object lib\mayaUsd\CMakeFiles\mayaUsd.dir\undo\OpUndoItems.cpp.obj
[2022-11-11T22:58:18.650Z]     [160/621] Building CXX object lib\mayaUsd\CMakeFiles\mayaUsd.dir\undo\UsdUndoManager.cpp.obj
[2022-11-11T22:58:18.650Z]     [161/621] Building CXX object lib\mayaUsd\CMakeFiles\mayaUsd.dir\render\vp2RenderDelegate\render_delegate.cpp.obj
[2022-11-11T22:58:19.041Z]     [162/621] Building CXX object lib\mayaUsd\CMakeFiles\mayaUsd.dir\utils\progressBarScope.cpp.obj
[2022-11-11T22:58:19.041Z]     [163/621] Building CXX object lib\mayaUsd\CMakeFiles\mayaUsd.dir\render\vp2RenderDelegate\material.cpp.obj
[2022-11-11T22:58:19.864Z]     [164/621] Building CXX object lib\mayaUsd\CMakeFiles\mayaUsd.dir\utils\customLayerData.cpp.obj
[2022-11-11T22:58:20.255Z]     [165/621] Building CXX object lib\mayaUsd\CMakeFiles\mayaUsd.dir\render\vp2RenderDelegate\proxyRenderDelegate.cpp.obj
[2022-11-11T22:58:20.645Z]     [166/621] Building CXX object lib\mayaUsd\CMakeFiles\mayaUsd.dir\render\vp2RenderDelegate\points.cpp.obj
[2022-11-11T22:58:21.034Z]     [167/621] Building CXX object lib\mayaUsd\CMakeFiles\mayaUsd.dir\undo\UsdUndoBlock.cpp.obj
[2022-11-11T22:58:21.424Z]     [168/621] Building CXX object lib\mayaUsd\CMakeFiles\mayaUsd.dir\utils\editRouter.cpp.obj
[2022-11-11T22:58:21.814Z]     [169/621] Building CXX object lib\mayaUsd\CMakeFiles\mayaUsd.dir\utils\editability.cpp.obj
[2022-11-11T22:58:22.204Z]     [170/621] Building CXX object lib\mayaUsd\CMakeFiles\mayaUsd.dir\utils\query.cpp.obj
[2022-11-11T22:58:22.204Z]     [171/621] Building CXX object lib\mayaUsd\CMakeFiles\mayaUsd.dir\utils\plugRegistryHelper.cpp.obj
[2022-11-11T22:58:22.594Z]     [172/621] Building CXX object lib\mayaUsd\CMakeFiles\mayaUsd.dir\utils\loadRulesAttribute.cpp.obj
[2022-11-11T22:58:22.594Z]     [173/621] Building CXX object lib\mayaUsd\CMakeFiles\mayaUsd.dir\utils\converter.cpp.obj
[2022-11-11T22:58:22.984Z]     [174/621] Building CXX object lib\mayaUsd\CMakeFiles\mayaUsd.dir\undo\UsdUndoStateDelegate.cpp.obj
[2022-11-11T22:58:22.984Z]     [175/621] Building CXX object test\lib\usd\plugin\CMakeFiles\usdTestMayaPlugin.dir\plugin.cpp.obj
[2022-11-11T22:58:23.375Z]     [176/621] Building CXX object test\lib\usd\plugin\CMakeFiles\usdTestInfoImportChaser.dir\plugin.cpp.obj
[2022-11-11T22:58:23.766Z]     [177/621] Building CXX object test\lib\usd\plugin\CMakeFiles\usdTestApiWriter.dir\plugin.cpp.obj
[2022-11-11T22:58:23.766Z]     [178/621] Building CXX object lib\mayaUsd\CMakeFiles\mayaUsd.dir\utils\loadRules.cpp.obj
[2022-11-11T22:58:23.766Z]     [179/621] Copying api.h ...
[2022-11-11T22:58:24.157Z]     [180/621] Copying importCommand.h ...
[2022-11-11T22:58:24.157Z]     [181/621] Copying translatorModelAssembly.h ...
[2022-11-11T22:58:24.157Z]     [182/621] Copying referenceAssembly.h ...
[2022-11-11T22:58:24.157Z]     [183/621] Copying exportTranslator.h ...
[2022-11-11T22:58:24.157Z]     [184/621] Copying proxyShape.h ...
[2022-11-11T22:58:24.157Z]     [185/621] Copying exportCommand.h ...
[2022-11-11T22:58:24.550Z]     [186/621] Copying listShadingModesCommand.h ...
[2022-11-11T22:58:24.550Z]     [187/621] Copying readJobWithSceneAssembly.h ...
[2022-11-11T22:58:24.550Z]     [188/621] Copying importTranslator.h ...
[2022-11-11T22:58:24.550Z]     [189/621] Copying editUtil.h ...
[2022-11-11T22:58:24.550Z]     [190/621] Generating __init__.pyc
[2022-11-11T22:58:24.940Z]     [191/621] Generating userExportedAttributesUI.pyc
[2022-11-11T22:58:24.940Z]     [192/621] Copying instancerShapeAdapterWithSceneAssembly.h ...
[2022-11-11T22:58:25.330Z]     [193/621] Building CXX object lib\mayaUsd\CMakeFiles\mayaUsd.dir\utils\layerMuting.cpp.obj
[2022-11-11T22:58:25.330Z]     [194/621] Building CXX object lib\mayaUsd\CMakeFiles\mayaUsd.dir\utils\loadRulesText.cpp.obj
[2022-11-11T22:58:25.720Z]     [195/621] Building CXX object lib\mayaUsd\CMakeFiles\mayaUsd.dir\utils\traverseLayer.cpp.obj
[2022-11-11T22:58:26.110Z]     [196/621] Building CXX object lib\mayaUsd\CMakeFiles\mayaUsd.dir\utils\selectability.cpp.obj
[2022-11-11T22:58:27.429Z]     [197/621] Building CXX object lib\mayaUsd\CMakeFiles\mayaUsd.dir\utils\undoHelperCommand.cpp.obj
[2022-11-11T22:58:27.429Z]     [198/621] Building CXX object lib\mayaUsd\CMakeFiles\mayaUsd.dir\utils\stageCache.cpp.obj
[2022-11-11T22:58:28.254Z]     [199/621] Building CXX object lib\mayaUsd\CMakeFiles\mayaUsd.dir\utils\utilDictionary.cpp.obj
[2022-11-11T22:58:28.905Z]     [200/621] Building CXX object lib\mayaUsd\CMakeFiles\mayaUsd.dir\utils\utilSerialization.cpp.obj
[2022-11-11T22:58:28.905Z]     [201/621] Building CXX object lib\mayaUsd\CMakeFiles\mayaUsd.dir\utils\variants.cpp.obj
[2022-11-11T22:58:29.298Z]     [202/621] Building CXX object lib\mayaUsd\CMakeFiles\mayaUsd.dir\utils\utilFileSystem.cpp.obj
[2022-11-11T22:58:29.689Z]     [203/621] Building CXX object test\lib\usd\plugin\CMakeFiles\usdTestMayaPlugin.dir\mayaShaderTranslation.cpp.obj
[2022-11-11T22:58:29.689Z]     [204/621] Building CXX object test\lib\usd\plugin\CMakeFiles\usdTestInfoImportChaser.dir\infoImportChaser.cpp.obj
[2022-11-11T22:58:29.689Z]     [205/621] Copying api.h ...
[2022-11-11T22:58:29.689Z]     [206/621] Generating AEpxrUsdReferenceAssemblyTemplate.pyc
[2022-11-11T22:58:30.079Z]     [207/621] Building CXX object plugin\pxr\maya\lib\usdMaya\CMakeFiles\usdMaya.dir\listShadingModesCommand.cpp.obj
[2022-11-11T22:58:30.079Z]     [208/621] Building CXX object test\lib\usd\plugin\CMakeFiles\usdTestUsdPlugin.dir\mayaShaderTranslation.cpp.obj
[2022-11-11T22:58:30.079Z]     [209/621] Building CXX object plugin\pxr\maya\lib\usdMaya\CMakeFiles\_usdMaya.dir\module.cpp.obj
[2022-11-11T22:58:30.470Z]     [210/621] Building CXX object test\lib\usd\plugin\CMakeFiles\usdTestApiWriter.dir\nullApiExporter.cpp.obj
[2022-11-11T22:58:32.363Z]     [211/621] Building CXX object plugin\pxr\maya\lib\usdMaya\CMakeFiles\usdMaya.dir\exportCommand.cpp.obj
[2022-11-11T22:58:32.363Z]     [212/621] Copying api.h ...
[2022-11-11T22:58:32.363Z]     [213/621] Building CXX object lib\mayaUsd\CMakeFiles\mayaUsd.dir\utils\util.cpp.obj
[2022-11-11T22:58:33.189Z]     [214/621] Building CXX object plugin\pxr\maya\lib\usdMaya\CMakeFiles\usdMaya.dir\editUtil.cpp.obj
[2022-11-11T22:58:33.189Z]     [215/621] Building CXX object plugin\al\utils\AL\CMakeFiles\AL_EventSystem.dir\event\EventHandler.cpp.obj
[2022-11-11T22:58:33.589Z]     [216/621] Building CXX object plugin\pxr\maya\lib\usdMaya\CMakeFiles\usdMaya.dir\readJobWithSceneAssembly.cpp.obj
[2022-11-11T22:58:33.979Z]     [217/621] Linking CXX shared library plugin\al\utils\AL\AL_EventSystem.dll
[2022-11-11T22:58:33.979Z]     [218/621] Building CXX object plugin\pxr\maya\lib\usdMaya\CMakeFiles\usdMaya.dir\importCommand.cpp.obj
[2022-11-11T22:58:33.979Z]     [219/621] Building CXX object plugin\pxr\maya\lib\usdMaya\CMakeFiles\usdMaya.dir\translatorModelAssembly.cpp.obj
[2022-11-11T22:58:34.803Z]     [220/621] Building CXX object plugin\al\mayautils\AL\maya\CMakeFiles\AL_MayaUtils.dir\utils\FileTranslatorOptions.cpp.obj
[2022-11-11T22:58:34.803Z]     [221/621] Building CXX object plugin\al\mayautils\AL\maya\CMakeFiles\AL_MayaUtils.dir\utils\MenuBuilder.cpp.obj
[2022-11-11T22:58:34.803Z]     [222/621] Building CXX object plugin\al\mayatest\AL\maya\test\CMakeFiles\AL_MayaTest.dir\testHarness.cpp.obj
[2022-11-11T22:58:35.205Z]     [223/621] Building CXX object plugin\al\mayatest\AL\maya\test\CMakeFiles\AL_MayaTest.dir\testHelpers.cpp.obj
[2022-11-11T22:58:35.205Z]     [224/621] Building CXX object plugin\pxr\maya\lib\usdMaya\CMakeFiles\usdMaya.dir\exportTranslator.cpp.obj
[2022-11-11T22:58:35.600Z]     [225/621] Building CXX object plugin\al\mayautils\AL\maya\CMakeFiles\AL_MayaUtils.dir\event\MayaEventManager.cpp.obj
[2022-11-11T22:58:35.600Z]     [226/621] Linking CXX shared library plugin\al\mayatest\AL\maya\test\AL_MayaTest.dll
[2022-11-11T22:58:35.600Z]     [227/621] Building CXX object plugin\al\mayautils\AL\maya\CMakeFiles\AL_MayaUtils.dir\utils\Utils.cpp.obj
[2022-11-11T22:58:35.991Z]     [228/621] Building CXX object plugin\al\mayautils\AL\maya\CMakeFiles\AL_MayaUtils.dir\utils\PluginTranslatorOptions.cpp.obj
[2022-11-11T22:58:35.991Z]     [229/621] Building CXX object plugin\al\mayautils\AL\maya\CMakeFiles\AL_MayaUtils.dir\utils\NodeHelper.cpp.obj
[2022-11-11T22:58:36.382Z]     [230/621] Building CXX object plugin\pxr\maya\lib\usdMaya\CMakeFiles\usdMaya.dir\instancerShapeAdapterWithSceneAssembly.cpp.obj
[2022-11-11T22:58:36.382Z]     [231/621] Building CXX object plugin\al\mayautils\AL\maya\CMakeFiles\AL_MayaUtils.dir\utils\CommandGuiHelper.cpp.obj
[2022-11-11T22:58:37.209Z]     [232/621] Building CXX object plugin\pxr\maya\plugin\pxrUsd\CMakeFiles\pxrUsd.dir\usdTranslator.cpp.obj
[2022-11-11T22:58:37.209Z]     [233/621] Building CXX object plugin\al\lib\AL_USDMaya\CMakeFiles\AL_USDMaya.dir\AL\usdmaya\nodes\Layer.cpp.obj
[2022-11-11T22:58:37.600Z]     [234/621] Building CXX object plugin\al\mayautils\AL\maya\tests\mayaplugintest\CMakeFiles\AL_MayaUtilsTests.dir\test_mobjectmap.cpp.obj
[2022-11-11T22:58:37.991Z]     [235/621] Building CXX object plugin\al\mayautils\AL\maya\tests\mayaplugintest\CMakeFiles\AL_MayaUtilsTests.dir\utils\CommandGuiHelperTest.cpp.obj
[2022-11-11T22:58:37.991Z]     [236/621] Building CXX object plugin\pxr\maya\lib\usdMaya\CMakeFiles\_usdMaya.dir\wrapAssembly.cpp.obj
[2022-11-11T22:58:37.991Z]     [237/621] Building CXX object plugin\al\mayautils\AL\maya\tests\mayaplugintest\CMakeFiles\AL_MayaUtilsTests.dir\plugin.cpp.obj
[2022-11-11T22:58:38.553Z]     [238/621] Building CXX object plugin\al\mayautils\AL\maya\tests\mayaplugintest\CMakeFiles\AL_MayaUtilsTests.dir\test_maya_MenuBuilder.cpp.obj
[2022-11-11T22:58:38.553Z]     [239/621] Building CXX object plugin\pxr\maya\lib\usdMaya\CMakeFiles\usdMaya.dir\importTranslator.cpp.obj
[2022-11-11T22:58:38.945Z]     [240/621] Building CXX object plugin\pxr\maya\plugin\pxrUsd\CMakeFiles\pxrUsd.dir\alembicChaser.cpp.obj
[2022-11-11T22:58:38.945Z]     [241/621] Building CXX object plugin\pxr\maya\lib\usdMaya\CMakeFiles\usdMaya.dir\referenceAssembly.cpp.obj
[2022-11-11T22:58:38.945Z]     [242/621] Building CXX object plugin\al\mayautils\AL\maya\tests\mayaplugintest\CMakeFiles\AL_MayaUtilsTests.dir\utils\NodeHelperUnitTest.cpp.obj
[2022-11-11T22:58:39.337Z]     [243/621] Building CXX object plugin\pxr\maya\lib\usdMaya\CMakeFiles\usdMaya.dir\proxyShape.cpp.obj
[2022-11-11T22:58:40.160Z]     [244/621] Building CXX object plugin\al\mayautils\AL\maya\tests\mayaplugintest\CMakeFiles\AL_MayaUtilsTests.dir\utils\PluginTranslatorOptionsTest.cpp.obj
[2022-11-11T22:58:40.160Z]     [245/621] Building CXX object plugin\pxr\maya\lib\usdMaya\CMakeFiles\_usdMaya.dir\wrapEditUtil.cpp.obj
[2022-11-11T22:58:40.160Z]     [246/621] Building CXX object plugin\al\mayautils\AL\maya\tests\mayaplugintest\CMakeFiles\AL_MayaUtilsTests.dir\test_maya_NodeHelper.cpp.obj
[2022-11-11T22:58:41.480Z]     [247/621] Building CXX object plugin\pxr\maya\plugin\pxrUsdPreviewSurface\CMakeFiles\pxrUsdPreviewSurface.dir\plugin.cpp.obj
[2022-11-11T22:58:42.303Z]     [248/621] Building CXX object plugin\pxr\maya\plugin\pxrUsd\CMakeFiles\pxrUsd.dir\plugin.cpp.obj
[2022-11-11T22:58:42.696Z]     [249/621] Building CXX object plugin\al\lib\AL_USDMaya\CMakeFiles\AL_USDMaya.dir\AL\usdmaya\nodes\LayerManager.cpp.obj
[2022-11-11T22:58:43.129Z]     [250/621] Building CXX object plugin\al\usdtransaction\AL\usd\transaction\CMakeFiles\_AL_USDTransaction.dir\module.cpp.obj
[2022-11-11T22:58:45.014Z]     [251/621] Building CXX object plugin\al\lib\AL_USDMaya\CMakeFiles\AL_USDMaya.dir\AL\usdmaya\nodes\MeshAnimDeformer.cpp.obj
[2022-11-11T22:58:45.014Z]     [252/621] Building CXX object plugin\al\lib\AL_USDMaya\CMakeFiles\AL_USDMaya.dir\AL\usdmaya\nodes\MeshAnimCreator.cpp.obj
[2022-11-11T22:58:45.403Z]     [253/621] Building CXX object plugin\al\usdtransaction\AL\usd\transaction\CMakeFiles\AL_USDTransaction.dir\Notice.cpp.obj
[2022-11-11T22:58:45.403Z]     [254/621] Building CXX object plugin\al\usdtransaction\AL\usd\transaction\CMakeFiles\AL_USDTransaction.dir\Transaction.cpp.obj
[2022-11-11T22:58:45.403Z]     [255/621] Building CXX object plugin\al\usdmayautils\AL\usdmaya\utils\CMakeFiles\AL_USDMayaUtils.dir\AttributeType.cpp.obj
[2022-11-11T22:58:45.403Z]     [256/621] Building CXX object plugin\al\usdmayautils\AL\usdmaya\utils\CMakeFiles\AL_USDMayaUtils.dir\AnimationTranslator.cpp.obj
[2022-11-11T22:58:45.793Z]     [257/621] Building CXX object plugin\al\usdmayautils\AL\usdmaya\utils\CMakeFiles\AL_USDMayaUtils.dir\Utils.cpp.obj
[2022-11-11T22:58:45.793Z]     [258/621] Building CXX object plugin\al\usdtransaction\AL\usd\transaction\CMakeFiles\AL_USDTransaction.dir\TransactionManager.cpp.obj
[2022-11-11T22:58:46.183Z]     [259/621] Building CXX object plugin\al\usdtransaction\AL\usd\transaction\tests\CMakeFiles\AL_USDTransactionTests.dir\testMain.cpp.obj
[2022-11-11T22:58:46.573Z]     [260/621] Linking CXX shared library plugin\al\usdtransaction\AL\usd\transaction\AL_USDTransaction.dll
[2022-11-11T22:58:46.573Z]     [261/621] Building CXX object plugin\al\usdmayautils\AL\usdmaya\utils\CMakeFiles\AL_USDMayaUtils.dir\DiffPrimVar.cpp.obj
[2022-11-11T22:58:46.963Z]     [262/621] Building CXX object plugin\al\usdmayautils\AL\usdmaya\utils\CMakeFiles\AL_USDMayaUtils.dir\NurbsCurveUtils.cpp.obj
[2022-11-11T22:58:47.354Z]     [263/621] Building CXX object plugin\al\lib\AL_USDMaya\CMakeFiles\AL_USDMaya.dir\AL\usdmaya\Metadata.cpp.obj
[2022-11-11T22:58:47.354Z]     [264/621] Building CXX object plugin\al\lib\AL_USDMaya\CMakeFiles\AL_USDMaya.dir\AL\usdmaya\DebugCodes.cpp.obj
[2022-11-11T22:58:47.744Z]     [265/621] Building CXX object plugin\al\lib\AL_USDMaya\CMakeFiles\AL_USDMaya.dir\AL\usdmaya\nodes\Engine.cpp.obj
[2022-11-11T22:58:48.134Z]     [266/621] Building CXX object plugin\al\usdmayautils\AL\usdmaya\utils\CMakeFiles\AL_USDMayaUtils.dir\DgNodeHelper.cpp.obj
[2022-11-11T22:58:48.134Z]     [267/621] Building CXX object plugin\al\usdmayautils\AL\usdmaya\utils\CMakeFiles\AL_USDMayaUtils.dir\MeshUtils.cpp.obj
[2022-11-11T22:58:48.524Z]     [268/621] Building CXX object plugin\al\lib\AL_USDMaya\CMakeFiles\AL_USDMaya.dir\AL\usdmaya\cmds\DebugCommands.cpp.obj
[2022-11-11T22:58:48.524Z]     [269/621] Building CXX object plugin\al\lib\AL_USDMaya\CMakeFiles\AL_USDMaya.dir\AL\usdmaya\cmds\RendererCommands.cpp.obj
[2022-11-11T22:58:48.524Z]     [270/621] Building CXX object plugin\al\lib\AL_USDMaya\CMakeFiles\AL_USDMaya.dir\AL\usdmaya\cmds\EventCommand.cpp.obj
[2022-11-11T22:58:48.915Z]     [271/621] Building CXX object plugin\al\usdtransaction\AL\usd\transaction\CMakeFiles\_AL_USDTransaction.dir\wrapNotice.cpp.obj
[2022-11-11T22:58:49.305Z]     [272/621] Building CXX object plugin\al\lib\AL_USDMaya\CMakeFiles\AL_USDMaya.dir\AL\usdmaya\StageCache.cpp.obj
[2022-11-11T22:58:49.695Z]     [273/621] Building CXX object plugin\al\lib\AL_USDMaya\CMakeFiles\AL_USDMaya.dir\AL\usdmaya\moduleDeps.cpp.obj
[2022-11-11T22:58:50.084Z]     [274/621] Building CXX object plugin\al\lib\AL_USDMaya\CMakeFiles\AL_USDMaya.dir\AL\usdmaya\cmds\SyncFileIOGui.cpp.obj
[2022-11-11T22:58:50.474Z]     [275/621] Building CXX object plugin\al\usdtransaction\AL\usd\transaction\CMakeFiles\_AL_USDTransaction.dir\wrapTransactionManager.cpp.obj
[2022-11-11T22:58:50.864Z]     [276/621] Building CXX object plugin\al\usdtransaction\AL\usd\transaction\CMakeFiles\_AL_USDTransaction.dir\wrapTransaction.cpp.obj
[2022-11-11T22:58:51.688Z]     [277/621] Linking CXX shared library plugin\al\usdtransaction\AL\usd\transaction\_AL_USDTransaction.pyd
[2022-11-11T22:58:52.078Z]     [278/621] Building CXX object plugin\al\usdtransaction\AL\usd\transaction\tests\CMakeFiles\AL_USDTransactionTests.dir\testTransactionManager.cpp.obj
[2022-11-11T22:58:52.901Z]     [279/621] Building CXX object plugin\al\usdtransaction\AL\usd\transaction\tests\CMakeFiles\AL_USDTransactionTests.dir\testTransaction.cpp.obj
[2022-11-11T22:58:53.291Z]     [280/621] Linking CXX executable plugin\al\usdtransaction\AL\usd\transaction\tests\AL_USDTransactionTests.exe
[2022-11-11T22:58:55.188Z]     [281/621] Building CXX object plugin\al\lib\AL_USDMaya\CMakeFiles\AL_USDMaya.dir\AL\usdmaya\TransformOperation.cpp.obj
[2022-11-11T22:58:55.188Z]     [282/621] Building CXX object plugin\al\lib\AL_USDMaya\CMakeFiles\AL_USDMaya.dir\AL\usdmaya\cmds\ListTranslators.cpp.obj
[2022-11-11T22:58:55.188Z]     [283/621] Building CXX object plugin\al\lib\AL_USDMaya\CMakeFiles\AL_USDMaya.dir\AL\usdmaya\cmds\CreateUsdPrim.cpp.obj
[2022-11-11T22:58:55.578Z]     [284/621] Building CXX object plugin\al\lib\AL_USDMaya\CMakeFiles\AL_USDMaya.dir\AL\usdmaya\Global.cpp.obj
[2022-11-11T22:58:55.578Z]     [285/621] Building CXX object plugin\al\lib\AL_USDMaya\CMakeFiles\AL_USDMaya.dir\AL\usdmaya\cmds\LayerCommands.cpp.obj
[2022-11-11T22:58:56.403Z]     [286/621] Building CXX object plugin\al\lib\AL_USDMaya\CMakeFiles\AL_USDMaya.dir\AL\usdmaya\fileio\Import.cpp.obj
[2022-11-11T22:58:56.800Z]     [287/621] Building CXX object plugin\al\lib\AL_USDMaya\CMakeFiles\AL_USDMaya.dir\AL\usdmaya\cmds\ProxyShapePostLoadProcess.cpp.obj
[2022-11-11T22:58:56.800Z]     [288/621] Building CXX object plugin\al\lib\AL_USDMaya\CMakeFiles\AL_USDMaya.dir\AL\usdmaya\cmds\UnloadPrim.cpp.obj
[2022-11-11T22:58:57.629Z]     [289/621] Building CXX object plugin\al\lib\AL_USDMaya\CMakeFiles\AL_USDMaya.dir\AL\usdmaya\fileio\ExportTranslator.cpp.obj
[2022-11-11T22:58:57.629Z]     [290/621] Building CXX object plugin\al\lib\AL_USDMaya\CMakeFiles\AL_USDMaya.dir\AL\usdmaya\fileio\AnimationTranslator.cpp.obj
[2022-11-11T22:58:58.019Z]     [291/621] Building CXX object plugin\al\lib\AL_USDMaya\CMakeFiles\AL_USDMaya.dir\AL\usdmaya\cmds\ProxyShapeCommands.cpp.obj
[2022-11-11T22:58:58.559Z]     [292/621] Building CXX object plugin\al\lib\AL_USDMaya\CMakeFiles\AL_USDMaya.dir\AL\usdmaya\fileio\NodeFactory.cpp.obj
[2022-11-11T22:58:58.950Z]     [293/621] Building CXX object plugin\al\lib\AL_USDMaya\CMakeFiles\AL_USDMaya.dir\AL\usdmaya\fileio\TransformIterator.cpp.obj
[2022-11-11T22:58:59.774Z]     [294/621] Building CXX object plugin\al\lib\AL_USDMaya\CMakeFiles\AL_USDMaya.dir\AL\usdmaya\fileio\Export.cpp.obj
[2022-11-11T22:59:00.159Z]     [295/621] Building CXX object plugin\al\lib\AL_USDMaya\CMakeFiles\AL_USDMaya.dir\AL\usdmaya\fileio\SchemaPrims.cpp.obj
[2022-11-11T22:59:01.477Z]     [296/621] Building CXX object lib\mayaUsd\python\CMakeFiles\_mayaUsd.dir\wrapColorSpace.cpp.obj
[2022-11-11T22:59:01.477Z]     [297/621] Building CXX object plugin\al\lib\AL_USDMaya\CMakeFiles\AL_USDMaya.dir\AL\usdmaya\fileio\ImportTranslator.cpp.obj
[2022-11-11T22:59:01.867Z]     [298/621] Building CXX object lib\mayaUsd\python\CMakeFiles\_mayaUsd.dir\module.cpp.obj
[2022-11-11T22:59:02.257Z]     [299/621] Building CXX object lib\mayaUsd\python\CMakeFiles\_mayaUsd.dir\wrapOpUndoItem.cpp.obj
[2022-11-11T22:59:03.084Z]     [300/621] Building CXX object plugin\al\lib\AL_USDMaya\CMakeFiles\AL_USDMaya.dir\AL\usdmaya\fileio\translators\TranslatorTestPlugin.cpp.obj
[2022-11-11T22:59:03.475Z]     [301/621] Building CXX object plugin\al\lib\AL_USDMaya\CMakeFiles\AL_USDMaya.dir\AL\usdmaya\fileio\translators\DagNodeTranslator.cpp.obj
[2022-11-11T22:59:03.475Z]     [302/621] Building CXX object plugin\al\lib\AL_USDMaya\CMakeFiles\AL_USDMaya.dir\AL\usdmaya\fileio\translators\TranslatorBase.cpp.obj
[2022-11-11T22:59:03.475Z]     [303/621] Building CXX object plugin\al\lib\AL_USDMaya\CMakeFiles\AL_USDMaya.dir\AL\usdmaya\fileio\translators\TestExtraDataPlugin.cpp.obj
[2022-11-11T22:59:03.475Z]     [304/621] Building CXX object plugin\al\lib\AL_USDMaya\CMakeFiles\AL_USDMaya.dir\AL\usdmaya\fileio\translators\DgNodeTranslator.cpp.obj
[2022-11-11T22:59:04.656Z]     [305/621] Building CXX object plugin\al\lib\AL_USDMaya\CMakeFiles\AL_USDMaya.dir\AL\usdmaya\fileio\translators\TransformTranslator.cpp.obj
[2022-11-11T22:59:04.656Z]     [306/621] Building CXX object plugin\al\lib\AL_USDMaya\CMakeFiles\AL_USDMaya.dir\AL\usdmaya\fileio\translators\TranslatorContext.cpp.obj
[2022-11-11T22:59:05.046Z]     [307/621] Building CXX object plugin\al\lib\AL_USDMaya\CMakeFiles\AL_USDMaya.dir\AL\usdmaya\fileio\translators\ExtraDataPlugin.cpp.obj
[2022-11-11T22:59:05.046Z]     [308/621] Building CXX object lib\mayaUsd\python\CMakeFiles\_mayaUsd.dir\wrapDiagnosticDelegate.cpp.obj
[2022-11-11T22:59:05.046Z]     [309/621] Building CXX object plugin\al\lib\AL_USDMaya\CMakeFiles\AL_USDMaya.dir\AL\usdmaya\fileio\translators\TranslatorTestType.cpp.obj
[2022-11-11T22:59:06.365Z]     [310/621] Building CXX object lib\mayaUsd\python\CMakeFiles\_mayaUsd.dir\wrapEditRouter.cpp.obj
[2022-11-11T22:59:06.365Z]     [311/621] Building CXX object lib\mayaUsd\python\CMakeFiles\_mayaUsd.dir\wrapBlockSceneModificationContext.cpp.obj
[2022-11-11T22:59:06.754Z]     [312/621] Building CXX object lib\mayaUsd\python\CMakeFiles\_mayaUsd.dir\pythonObjectRegistry.cpp.obj
[2022-11-11T22:59:06.754Z]     [313/621] Building CXX object lib\mayaUsd\python\CMakeFiles\_mayaUsd.dir\wrapMeshWriteUtils.cpp.obj
[2022-11-11T22:59:08.071Z]     [314/621] Building CXX object lib\mayaUsd\python\CMakeFiles\_mayaUsd.dir\wrapConverter.cpp.obj
[2022-11-11T22:59:08.461Z]     [315/621] Building CXX object lib\mayaUsd\python\CMakeFiles\_mayaUsd.dir\wrapTokens.cpp.obj
[2022-11-11T22:59:09.284Z]     [316/621] Building CXX object lib\mayaUsd\python\CMakeFiles\_mayaUsd.dir\wrapSparseValueWriter.cpp.obj
[2022-11-11T22:59:10.602Z]     [317/621] Building CXX object lib\mayaUsd\python\CMakeFiles\_mayaUsd.dir\wrapRoundTripUtil.cpp.obj
[2022-11-11T22:59:10.602Z]     [318/621] Building CXX object lib\mayaUsd\python\CMakeFiles\_mayaUsd.dir\wrapQuery.cpp.obj
[2022-11-11T22:59:10.602Z]     [319/621] Building CXX object lib\mayaUsd\python\CMakeFiles\_mayaUsd.dir\wrapStageCache.cpp.obj
[2022-11-11T22:59:10.602Z]     [320/621] Building CXX object lib\mayaUsd\python\CMakeFiles\_mayaUsd.dir\wrapTranslatorUtil.cpp.obj
[2022-11-11T22:59:10.992Z]     [321/621] Building CXX object lib\mayaUsd\python\CMakeFiles\_mayaUsd.dir\wrapAdaptor.cpp.obj
[2022-11-11T22:59:11.384Z]     [322/621] Building CXX object lib\mayaUsd\python\CMakeFiles\_mayaUsd.dir\wrapUsdUndoManager.cpp.obj
[2022-11-11T22:59:12.214Z]     [323/621] Building CXX object lib\mayaUsd\render\mayaToHydra\CMakeFiles\mtoh.dir\pluginDebugCodes.cpp.obj
[2022-11-11T22:59:12.214Z]     [324/621] Building CXX object lib\mayaUsd\python\CMakeFiles\_mayaUsd.dir\wrapUserTaggedAttribute.cpp.obj
[2022-11-11T22:59:12.604Z]     [325/621] Building CXX object lib\mayaUsd\python\CMakeFiles\_mayaUsd.dir\wrapReadUtil.cpp.obj
[2022-11-11T22:59:12.994Z]     [326/621] Building CXX object lib\mayaUsd\python\CMakeFiles\_mayaUsd.dir\wrapJobContextRegistry.cpp.obj
[2022-11-11T22:59:13.819Z]     [327/621] Building CXX object lib\mayaUsd\python\CMakeFiles\_mayaUsd.dir\wrapOpenMaya.cpp.obj
[2022-11-11T22:59:13.819Z]     [328/621] Building CXX object lib\mayaUsd\python\CMakeFiles\_mayaUsd.dir\wrapXformStack.cpp.obj
[2022-11-11T22:59:14.212Z]     [329/621] Building CXX object lib\mayaUsd\python\CMakeFiles\_mayaUsd.dir\wrapWriteUtil.cpp.obj
[2022-11-11T22:59:14.212Z]     [330/621] Building CXX object lib\mayaUsd\python\CMakeFiles\_mayaUsd.dir\wrapUtil.cpp.obj
[2022-11-11T22:59:15.041Z]     [331/621] Building CXX object lib\mayaUsd\render\mayaToHydra\CMakeFiles\mtoh.dir\tokens.cpp.obj
[2022-11-11T22:59:15.870Z]     [332/621] Building CXX object lib\usd\hdMaya\CMakeFiles\hdMaya.dir\debugCodes.cpp.obj
[2022-11-11T22:59:17.192Z]     [333/621] Building CXX object lib\mayaUsd\python\CMakeFiles\_mayaUsd.dir\wrapExportChaser.cpp.obj
[2022-11-11T22:59:19.350Z]     [334/621] Building CXX object lib\mayaUsd\python\CMakeFiles\_mayaUsd.dir\wrapShadingMode.cpp.obj
[2022-11-11T22:59:19.350Z]     [335/621] Building CXX object lib\mayaUsd\python\CMakeFiles\_mayaUsd.dir\wrapShadingUtil.cpp.obj
[2022-11-11T22:59:19.350Z]     [336/621] Building CXX object lib\mayaUsd\python\CMakeFiles\_mayaUsd.dir\wrapImportChaser.cpp.obj
[2022-11-11T22:59:19.350Z]     [337/621] Building CXX object lib\mayaUsd\render\mayaToHydra\CMakeFiles\mtoh.dir\utils.cpp.obj
[2022-11-11T22:59:20.175Z]     [338/621] Building CXX object lib\mayaUsd\python\CMakeFiles\_mayaUsd.dir\wrapPrimWriter.cpp.obj
[2022-11-11T22:59:20.175Z]     [339/621] Building CXX object lib\mayaUsd\python\CMakeFiles\_mayaUsd.dir\wrapPrimReader.cpp.obj
[2022-11-11T22:59:20.565Z]     [340/621] Building CXX object lib\usd\hdMaya\CMakeFiles\hdMaya.dir\utils.cpp.obj
[2022-11-11T22:59:20.955Z]     [341/621] Building CXX object lib\mayaUsd\python\CMakeFiles\_mayaUsd.dir\wrapSchemaApiAdaptor.cpp.obj
[2022-11-11T22:59:20.955Z]     [342/621] Building CXX object lib\usd\hdMaya\CMakeFiles\hdMaya.dir\adapters\adapterDebugCodes.cpp.obj
[2022-11-11T22:59:20.955Z]     [343/621] Building CXX object lib\usd\hdMaya\CMakeFiles\hdMaya.dir\adapters\cameraAdapter.cpp.obj
[2022-11-11T22:59:22.552Z]     [344/621] Building CXX object lib\mayaUsd\render\mayaToHydra\CMakeFiles\mtoh.dir\defaultLightDelegate.cpp.obj
[2022-11-11T22:59:22.942Z]     [345/621] Building CXX object lib\mayaUsd\render\mayaToHydra\CMakeFiles\mtoh.dir\shadingModeExporter.cpp.obj
[2022-11-11T22:59:22.942Z]     [346/621] Building CXX object lib\usd\hdMaya\CMakeFiles\hdMaya.dir\adapters\areaLightAdapter.cpp.obj
[2022-11-11T22:59:23.335Z]     [347/621] Building CXX object lib\mayaUsd\render\mayaToHydra\CMakeFiles\mtoh.dir\plugin.cpp.obj
[2022-11-11T22:59:23.727Z]     [348/621] Building CXX object lib\usd\hdMaya\CMakeFiles\hdMaya.dir\adapters\mayaAttrs.cpp.obj
[2022-11-11T22:59:24.583Z]     [349/621] Building CXX object lib\mayaUsd\render\mayaToHydra\CMakeFiles\mtoh.dir\viewCommand.cpp.obj
[2022-11-11T22:59:25.011Z]     [350/621] Building CXX object lib\mayaUsd\render\mayaToHydra\CMakeFiles\mtoh.dir\renderGlobals.cpp.obj
[2022-11-11T22:59:25.874Z]     [351/621] Building CXX object lib\mayaUsd\render\mayaToHydra\CMakeFiles\mtoh.dir\renderOverride.cpp.obj
[2022-11-11T22:59:26.779Z]     [352/621] Building CXX object lib\usd\hdMaya\CMakeFiles\hdMaya.dir\adapters\dagAdapter.cpp.obj
[2022-11-11T22:59:26.779Z]     [353/621] Building CXX object lib\usd\hdMaya\CMakeFiles\hdMaya.dir\adapters\adapter.cpp.obj
[2022-11-11T22:59:27.197Z]     [354/621] Building CXX object lib\usd\hdMaya\CMakeFiles\hdMaya.dir\adapters\adapterRegistry.cpp.obj
[2022-11-11T22:59:27.600Z]     [355/621] Building CXX object lib\usd\hdMaya\CMakeFiles\hdMaya.dir\adapters\aiSkydomeLightAdapter.cpp.obj
[2022-11-11T22:59:28.708Z]     [356/621] Building CXX object lib\usd\hdMaya\CMakeFiles\hdMaya.dir\adapters\lightAdapter.cpp.obj
[2022-11-11T22:59:28.708Z]     [357/621] Building CXX object lib\usd\hdMaya\CMakeFiles\hdMaya.dir\adapters\tokens.cpp.obj
[2022-11-11T22:59:28.708Z]     [358/621] Building CXX object lib\usd\hdMaya\CMakeFiles\hdMaya.dir\adapters\directionalLightAdapter.cpp.obj
[2022-11-11T22:59:28.708Z]     [359/621] Building CXX object lib\usd\hdMaya\CMakeFiles\hdMaya.dir\adapters\materialAdapter.cpp.obj
[2022-11-11T22:59:28.708Z]     [360/621] Building CXX object lib\usd\hdMaya\CMakeFiles\hdMaya.dir\delegates\delegateDebugCodes.cpp.obj
[2022-11-11T22:59:29.626Z]     [361/621] Building CXX object lib\usd\pxrUsdPreviewSurface\CMakeFiles\basePxrUsdPreviewSurface.dir\usdPreviewSurfaceShadingNodeOverride.cpp.obj
[2022-11-11T22:59:29.626Z]     [362/621] Building CXX object lib\usd\hdMaya\CMakeFiles\hdMaya.dir\adapters\spotLightAdapter.cpp.obj
[2022-11-11T22:59:30.019Z]     [363/621] Building CXX object lib\usd\hdMaya\CMakeFiles\hdMaya.dir\adapters\pointLightAdapter.cpp.obj
[2022-11-11T22:59:30.418Z]     [364/621] Building CXX object lib\usd\hdMaya\CMakeFiles\hdMaya.dir\adapters\meshAdapter.cpp.obj
[2022-11-11T22:59:30.418Z]     [365/621] Building CXX object lib\usd\hdMaya\CMakeFiles\hdMaya.dir\adapters\shapeAdapter.cpp.obj
[2022-11-11T22:59:30.418Z]     [366/621] Building CXX object lib\usd\pxrUsdPreviewSurface\CMakeFiles\basePxrUsdPreviewSurface.dir\cpvColor.cpp.obj
[2022-11-11T22:59:30.824Z]     [367/621] Building CXX object lib\usd\hdMaya\CMakeFiles\hdMaya.dir\adapters\nurbsCurveAdapter.cpp.obj
[2022-11-11T22:59:31.225Z]     [368/621] Building CXX object lib\usd\pxrUsdPreviewSurface\CMakeFiles\basePxrUsdPreviewSurface.dir\usdPreviewSurface.cpp.obj
[2022-11-11T22:59:32.072Z]     [369/621] Building CXX object lib\usd\hdMaya\CMakeFiles\hdMaya.dir\adapters\materialNetworkConverter.cpp.obj
[2022-11-11T22:59:32.896Z]     [370/621] Building CXX object lib\usd\hdMaya\CMakeFiles\hdMaya.dir\delegates\delegateCtx.cpp.obj
[2022-11-11T22:59:33.287Z]     [371/621] Building CXX object lib\usd\hdMaya\CMakeFiles\hdMaya.dir\delegates\delegate.cpp.obj
[2022-11-11T22:59:33.287Z]     [372/621] Building CXX object lib\usd\hdMaya\CMakeFiles\hdMaya.dir\adapters\proxyAdapter.cpp.obj
[2022-11-11T22:59:34.110Z]     [373/621] Building CXX object lib\usd\hdMaya\CMakeFiles\hdMaya.dir\delegates\delegateRegistry.cpp.obj
[2022-11-11T22:59:37.403Z]     [374/621] Building CXX object lib\usd\pxrUsdPreviewSurface\CMakeFiles\basePxrUsdPreviewSurface.dir\usdPreviewSurfaceReader.cpp.obj
[2022-11-11T22:59:37.403Z]     [375/621] Building CXX object lib\usd\pxrUsdPreviewSurface\CMakeFiles\basePxrUsdPreviewSurface.dir\usdPreviewSurfacePlugin.cpp.obj
[2022-11-11T22:59:37.403Z]     [376/621] Building CXX object lib\usd\hdMaya\CMakeFiles\hdMaya.dir\delegates\sceneDelegate.cpp.obj
[2022-11-11T22:59:37.793Z]     [377/621] Building CXX object lib\usd\hdMaya\CMakeFiles\hdMaya.dir\delegates\proxyDelegate.cpp.obj
[2022-11-11T22:59:37.793Z]     [378/621] Building CXX object lib\usd\pxrUsdPreviewSurface\CMakeFiles\basePxrUsdPreviewSurface.dir\usdPreviewSurfaceWriter.cpp.obj
[2022-11-11T22:59:38.184Z]     [379/621] Building CXX object plugin\pxr\maya\lib\usdMaya\CMakeFiles\usdMaya.dir\readJob_ImportWithProxies.cpp.obj
[2022-11-11T22:59:38.574Z]     [380/621] Building CXX object lib\usd\hdMaya\CMakeFiles\hdMaya.dir\delegates\proxyUsdImagingDelegate.cpp.obj
[2022-11-11T22:59:38.964Z]     [381/621] Building CXX object lib\usd\translators\CMakeFiles\mayaUsd_Translators.dir\cameraWriter.cpp.obj
[2022-11-11T22:59:39.354Z]     [382/621] Building CXX object lib\usd\translators\CMakeFiles\mayaUsd_Translators.dir\cameraReader.cpp.obj
[2022-11-11T22:59:39.354Z]     [383/621] Building CXX object lib\usd\hdMaya\CMakeFiles\hdMaya.dir\delegates\testDelegate.cpp.obj
[2022-11-11T22:59:39.744Z]     [384/621] Building CXX object lib\usd\translators\CMakeFiles\mayaUsd_Translators.dir\instancerWriter.cpp.obj
[2022-11-11T22:59:40.135Z]     [385/621] Building CXX object lib\usd\translators\CMakeFiles\mayaUsd_Translators.dir\jointWriter.cpp.obj
[2022-11-11T22:59:40.958Z]     [386/621] Building CXX object lib\usd\translators\CMakeFiles\mayaUsd_Translators.dir\lightRfMReader.cpp.obj
[2022-11-11T22:59:41.351Z]     [387/621] Building CXX object lib\usd\translators\CMakeFiles\mayaUsd_Translators.dir\locatorWriter.cpp.obj
[2022-11-11T22:59:41.351Z]     [388/621] Building CXX object lib\usd\translators\CMakeFiles\mayaUsd_Translators.dir\plugin.cpp.obj
[2022-11-11T22:59:41.741Z]     [389/621] Building CXX object lib\usd\translators\CMakeFiles\mayaUsd_Translators.dir\lightWriter.cpp.obj
[2022-11-11T22:59:42.567Z]     [390/621] Building CXX object lib\usd\translators\CMakeFiles\mayaUsd_Translators.dir\lightReader.cpp.obj
[2022-11-11T22:59:43.391Z]     [391/621] Building CXX object lib\usd\translators\CMakeFiles\mayaUsd_Translators.dir\shading\shadingTokens.cpp.obj
[2022-11-11T22:59:43.781Z]     [392/621] Building CXX object lib\usd\translators\CMakeFiles\mayaUsd_Translators.dir\lightRfMWriter.cpp.obj
[2022-11-11T22:59:44.181Z]     [393/621] Building CXX object lib\usd\translators\CMakeFiles\mayaUsd_Translators.dir\nurbsCurvesReader.cpp.obj
[2022-11-11T22:59:45.004Z]     [394/621] Building CXX object lib\usd\translators\CMakeFiles\mayaUsd_Translators.dir\materialReader.cpp.obj
[2022-11-11T22:59:45.395Z]     [395/621] Building CXX object lib\usd\translators\CMakeFiles\mayaUsd_Translators.dir\mayaReferenceReader.cpp.obj
[2022-11-11T22:59:46.218Z]     [396/621] Building CXX object lib\usd\translators\CMakeFiles\mayaUsd_Translators.dir\meshWriter.cpp.obj
[2022-11-11T22:59:46.608Z]     [397/621] Building CXX object lib\usd\translators\CMakeFiles\mayaUsd_Translators.dir\scopeReader.cpp.obj
[2022-11-11T22:59:46.992Z]     [398/621] Building CXX object lib\usd\translators\CMakeFiles\mayaUsd_Translators.dir\meshReader.cpp.obj
[2022-11-11T22:59:47.382Z]     [399/621] Building CXX object lib\usd\translators\CMakeFiles\mayaUsd_Translators.dir\meshWriter_BlendShapes.cpp.obj
[2022-11-11T22:59:47.772Z]     [400/621] Building CXX object lib\usd\translators\CMakeFiles\mayaUsd_Translators.dir\nurbsCurveWriter.cpp.obj
[2022-11-11T22:59:47.772Z]     [401/621] Building CXX object lib\usd\translators\CMakeFiles\mayaUsd_Translators.dir\nurbsPatchReader.cpp.obj
[2022-11-11T22:59:48.595Z]     [402/621] Building CXX object lib\usd\translators\CMakeFiles\mayaUsd_Translators.dir\particleWriter.cpp.obj
[2022-11-11T22:59:48.985Z]     [403/621] Building CXX object lib\usd\translators\CMakeFiles\mayaUsd_Translators.dir\nurbsSurfaceWriter.cpp.obj
[2022-11-11T22:59:49.809Z]     [404/621] Building CXX object lib\usd\translators\CMakeFiles\mayaUsd_Translators.dir\strokeWriter.cpp.obj
[2022-11-11T22:59:50.198Z]     [405/621] Building CXX object lib\usd\translators\CMakeFiles\mayaUsd_Translators.dir\shading\usdBlinnReader.cpp.obj
[2022-11-11T22:59:50.198Z]     [406/621] Building CXX object lib\usd\translators\CMakeFiles\mayaUsd_Translators.dir\skelReader.cpp.obj
[2022-11-11T22:59:50.589Z]     [407/621] Building CXX object lib\usd\translators\CMakeFiles\mayaUsd_Translators.dir\xformReader.cpp.obj
[2022-11-11T22:59:51.905Z]     [408/621] Building CXX object lib\usd\translators\CMakeFiles\mayaUsd_Translators.dir\shading\usdBlinnWriter.cpp.obj
[2022-11-11T22:59:52.295Z]     [409/621] Building CXX object lib\usd\translators\CMakeFiles\mayaUsd_Translators.dir\shading\usdLambertReader.cpp.obj
[2022-11-11T22:59:52.684Z]     [410/621] Building CXX object lib\usd\schemas\CMakeFiles\mayaUsd_Schemas.dir\tokens.cpp.obj
[2022-11-11T22:59:52.684Z]     [411/621] Building CXX object lib\usd\translators\CMakeFiles\mayaUsd_Translators.dir\shading\usdLambertWriter.cpp.obj
[2022-11-11T22:59:53.074Z]     [412/621] Building CXX object lib\usd\translators\CMakeFiles\mayaUsd_Translators.dir\shading\usdDisplacementShaderWriter.cpp.obj
[2022-11-11T22:59:53.467Z]     [413/621] Building CXX object lib\usd\schemas\CMakeFiles\mayaUsd_Schemas.dir\ModuleDeps.cpp.obj
[2022-11-11T22:59:53.467Z]     [414/621] Building CXX object lib\usd\schemas\CMakeFiles\_schemas.dir\module.cpp.obj
[2022-11-11T22:59:54.291Z]     [415/621] Building CXX object lib\usd\utils\CMakeFiles\mayaUsdUtils.dir\DebugCodes.cpp.obj
[2022-11-11T22:59:54.681Z]     [416/621] Building CXX object lib\usd\translators\CMakeFiles\mayaUsd_Translators.dir\shading\usdMaterialReader.cpp.obj
[2022-11-11T22:59:54.681Z]     [417/621] Building CXX object lib\usd\translators\CMakeFiles\mayaUsd_Translators.dir\shading\usdReflectWriter.cpp.obj
[2022-11-11T22:59:55.571Z]     [418/621] Building CXX object lib\usd\translators\CMakeFiles\mayaUsd_Translators.dir\shading\usdPhongEWriter.cpp.obj
[2022-11-11T22:59:55.571Z]     [419/621] Building CXX object lib\usd\translators\CMakeFiles\mayaUsd_Translators.dir\shading\usdPhongWriter.cpp.obj
[2022-11-11T22:59:55.571Z]     [420/621] Building CXX object lib\usd\utils\CMakeFiles\mayaUsdUtils.dir\DiffCore.cpp.obj
[2022-11-11T22:59:55.961Z]     [421/621] Building CXX object lib\usd\translators\CMakeFiles\mayaUsd_Translators.dir\shading\usdFileTextureWriter.cpp.obj
[2022-11-11T22:59:55.961Z]     [422/621] Building CXX object lib\usd\translators\CMakeFiles\mayaUsd_Translators.dir\shading\usdPhongReader.cpp.obj
[2022-11-11T22:59:56.351Z]     [423/621] Building CXX object lib\usd\translators\CMakeFiles\mayaUsd_Translators.dir\shading\usdPrimvarReaderFloat3Reader.cpp.obj
[2022-11-11T22:59:56.351Z]     [424/621] Building CXX object lib\usd\translators\CMakeFiles\mayaUsd_Translators.dir\shading\usdMaterialWriter.cpp.obj
[2022-11-11T22:59:56.741Z]     [425/621] Building CXX object lib\usd\schemas\CMakeFiles\mayaUsd_Schemas.dir\ALMayaReference.cpp.obj
[2022-11-11T22:59:56.741Z]     [426/621] Building CXX object lib\usd\schemas\CMakeFiles\_schemas.dir\wrapTokens.cpp.obj
[2022-11-11T22:59:58.648Z]     [427/621] Building CXX object lib\usd\translators\CMakeFiles\mayaUsd_Translators.dir\shading\usdUVTextureReader.cpp.obj
[2022-11-11T22:59:59.039Z]     [428/621] Building CXX object lib\usd\schemas\CMakeFiles\mayaUsd_Schemas.dir\MayaReference.cpp.obj
[2022-11-11T22:59:59.430Z]     [429/621] Linking CXX shared library lib\usd\schemas\mayaUsd_Schemas.dll
[2022-11-11T22:59:59.820Z]     [430/621] Building CXX object plugin\al\schemas\AL\usd\schemas\maya\CMakeFiles\AL_USDMayaSchemas.dir\ModuleDeps.cpp.obj
[2022-11-11T22:59:59.820Z]     [431/621] Building CXX object lib\usd\translators\CMakeFiles\mayaUsd_Translators.dir\shading\rfmShaderTranslation.cpp.obj
[2022-11-11T23:00:00.214Z]     [432/621] Building CXX object lib\usd\utils\CMakeFiles\mayaUsdUtils.dir\MergePrimsOptions.cpp.obj
[2022-11-11T23:00:00.214Z]     [433/621] Building CXX object plugin\al\schemas\AL\usd\schemas\maya\CMakeFiles\AL_USDMayaSchemas.dir\tokens.cpp.obj
[2022-11-11T23:00:00.605Z]     [434/621] Building CXX object lib\usd\schemas\CMakeFiles\_schemas.dir\wrapALMayaReference.cpp.obj
[2022-11-11T23:00:00.996Z]     [435/621] Building CXX object lib\usd\schemas\CMakeFiles\_schemas.dir\wrapMayaReference.cpp.obj
[2022-11-11T23:00:01.398Z]     [436/621] Building CXX object lib\usd\utils\CMakeFiles\mayaUsdUtils.dir\DiffMetadatas.cpp.obj
[2022-11-11T23:00:01.398Z]     [437/621] Building CXX object lib\usd\utils\CMakeFiles\mayaUsdUtils.dir\DiffDictionaries.cpp.obj
[2022-11-11T23:00:01.792Z]     [438/621] Linking CXX shared library lib\usd\schemas\_schemas.pyd
[2022-11-11T23:00:01.792Z]     [439/621] Building CXX object lib\usd\utils\CMakeFiles\mayaUsdUtils.dir\DiffAttributes.cpp.obj
[2022-11-11T23:00:02.193Z]     [440/621] Building CXX object lib\usd\utils\CMakeFiles\mayaUsdUtils.dir\DiffRelationships.cpp.obj
[2022-11-11T23:00:03.515Z]     [441/621] Building CXX object lib\usd\utils\CMakeFiles\mayaUsdUtils.dir\DiffPrims.cpp.obj
[2022-11-11T23:00:03.515Z]     [442/621] Building CXX object lib\usd\utils\CMakeFiles\mayaUsdUtils.dir\DiffLists.cpp.obj
[2022-11-11T23:00:03.515Z]     [443/621] Building CXX object lib\usd\utils\CMakeFiles\mayaUsdUtils.dir\util.cpp.obj
[2022-11-11T23:00:03.911Z]     [444/621] Building CXX object lib\usd\utils\CMakeFiles\mayaUsdUtils.dir\DiffValues.cpp.obj
[2022-11-11T23:00:03.911Z]     [445/621] Building CXX object plugin\al\lib\AL_USDMaya\CMakeFiles\_AL_USDMaya.dir\AL\usdmaya\module.cpp.obj
[2022-11-11T23:00:05.795Z]     [446/621] Building CXX object lib\usd\utils\CMakeFiles\mayaUsdUtils.dir\MergePrims.cpp.obj
[2022-11-11T23:00:05.795Z]     [447/621] Building CXX object plugin\al\schemas\AL\usd\schemas\maya\CMakeFiles\AL_USDMayaSchemas.dir\FrameRange.cpp.obj
[2022-11-11T23:00:06.187Z]     [448/621] Linking CXX shared library lib\usd\utils\mayaUsdUtils.dll
[2022-11-11T23:00:07.011Z]     [449/621] Linking CXX executable test\lib\usd\utils\testDiffCore.exe
[2022-11-11T23:00:07.011Z]     [450/621] Building CXX object plugin\al\schemas\AL\usd\schemas\maya\CMakeFiles\AL_USDMayaSchemas.dir\ModelAPI.cpp.obj
[2022-11-11T23:00:07.402Z]     [451/621] Linking CXX executable test\lib\usd\utils\testDiffDictionaries.exe
[2022-11-11T23:00:07.791Z]     [452/621] Linking CXX executable test\lib\usd\utils\testDiffPrims.exe
[2022-11-11T23:00:08.181Z]     [453/621] Linking CXX executable test\lib\usd\utils\testDiffRelationships.exe
[2022-11-11T23:00:08.181Z]     [454/621] Linking CXX executable test\lib\usd\utils\testDiffValues.exe
[2022-11-11T23:00:09.007Z]     [455/621] Linking CXX executable test\lib\usd\utils\testDiffAttributes.exe
[2022-11-11T23:00:09.007Z]     [456/621] Linking CXX executable test\lib\usd\utils\testDiffLists.exe
[2022-11-11T23:00:09.007Z]     [457/621] Building CXX object plugin\al\lib\AL_USDMaya\CMakeFiles\AL_USDMaya.dir\AL\usdmaya\nodes\Transform.cpp.obj
[2022-11-11T23:00:09.398Z]     [458/621] Linking CXX executable test\lib\usd\utils\testDiffComputeOverall.exe
[2022-11-11T23:00:09.398Z]     [459/621] Linking CXX executable test\lib\usd\utils\testMergePrims.exe
[2022-11-11T23:00:09.398Z]     [460/621] Linking CXX executable test\lib\usd\utils\testDiffMetadatas.exe
[2022-11-11T23:00:09.787Z]     [461/621] Building CXX object plugin\al\lib\AL_USDMaya\CMakeFiles\_AL_USDMaya.dir\AL\usdmaya\wrapStageCache.cpp.obj
[2022-11-11T23:00:09.787Z]     [462/621] Building CXX object plugin\al\lib\AL_USDMaya\CMakeFiles\AL_USDMaya.dir\AL\usdmaya\nodes\ProxyUsdGeomCamera.cpp.obj
[2022-11-11T23:00:10.186Z]     [463/621] Building CXX object plugin\al\lib\AL_USDMaya\CMakeFiles\AL_USDMaya.dir\AL\usdmaya\nodes\proxy\ProxyShapeMetaData.cpp.obj
[2022-11-11T23:00:10.187Z]     [464/621] Building CXX object plugin\al\lib\AL_USDMaya\CMakeFiles\AL_USDMaya.dir\AL\usdmaya\nodes\proxy\PrimFilter.cpp.obj
[2022-11-11T23:00:10.187Z]     [465/621] Building CXX object plugin\al\lib\AL_USDMaya\CMakeFiles\AL_USDMaya.dir\AL\usdmaya\nodes\RendererManager.cpp.obj
[2022-11-11T23:00:10.577Z]     [466/621] Linking CXX shared library plugin\al\mayautils\AL\maya\AL_MayaUtils.dll
[2022-11-11T23:00:10.577Z]     [467/621] Building CXX object plugin\al\lib\AL_USDMaya\CMakeFiles\AL_USDMaya.dir\AL\usdmaya\nodes\Scope.cpp.obj
[2022-11-11T23:00:10.967Z]     [468/621] Building CXX object plugin\al\lib\AL_USDMaya\CMakeFiles\AL_USDMaya.dir\AL\usdmaya\nodes\ProxyShapeSelection.cpp.obj
[2022-11-11T23:00:11.358Z]     [469/621] Linking CXX shared library plugin\al\mayautils\AL\maya\tests\mayaplugintest\AL_MayaUtilsTests.mll
[2022-11-11T23:00:11.358Z]     [470/621] Linking CXX shared library plugin\al\usdmayautils\AL\usdmaya\utils\AL_USDMayaUtils.dll
[2022-11-11T23:00:11.747Z]     [471/621] Building CXX object plugin\al\lib\AL_USDMaya\CMakeFiles\AL_USDMaya.dir\AL\usdmaya\nodes\BasicTransformationMatrix.cpp.obj
[2022-11-11T23:00:11.747Z]     [472/621] Building CXX object plugin\al\lib\AL_USDMaya\CMakeFiles\AL_USDMaya.dir\AL\usdmaya\nodes\proxy\ProxyShapeVariantFallbacks.cpp.obj
[2022-11-11T23:00:12.144Z]     [473/621] Building CXX object plugin\al\lib\AL_USDMaya\CMakeFiles\_AL_USDMaya.dir\AL\usdmaya\nodes\wrapLayerManager.cpp.obj
[2022-11-11T23:00:13.462Z]     [474/621] Building CXX object plugin\al\plugin\AL_USDMayaTestPlugin\CMakeFiles\AL_USDMayaTestPlugin.dir\AL\maya\test_EventHandler.cpp.obj
[2022-11-11T23:00:13.462Z]     [475/621] Linking CXX shared library lib\mayaUsd\mayaUsd.dll
[2022-11-11T23:00:14.286Z]     [476/621] Building CXX object plugin\al\lib\AL_USDMaya\CMakeFiles\AL_USDMaya.dir\AL\usdmaya\nodes\TransformationMatrix.cpp.obj
[2022-11-11T23:00:14.286Z]     [477/621] Linking CXX shared library test\lib\usd\plugin\usdTestMayaPlugin.mll
[2022-11-11T23:00:14.676Z]     [478/621] Linking CXX shared library test\lib\usd\plugin\usdTestUsdPlugin.dll
[2022-11-11T23:00:15.066Z]     [479/621] Building CXX object plugin\al\lib\AL_USDMaya\CMakeFiles\AL_USDMaya.dir\AL\usdmaya\nodes\ProxyShape.cpp.obj
[2022-11-11T23:00:15.066Z]     [480/621] Linking CXX shared library test\lib\usd\plugin\usdTestInfoImportChaser.mll
[2022-11-11T23:00:15.891Z]     [481/621] Linking CXX shared library test\lib\usd\plugin\usdTestApiWriter.dll
[2022-11-11T23:00:15.891Z]     [482/621] Linking CXX shared library plugin\pxr\maya\lib\usdMaya\usdMaya.dll
[2022-11-11T23:00:16.719Z]     [483/621] Building CXX object plugin\al\lib\AL_USDMaya\CMakeFiles\_AL_USDMaya.dir\AL\usdmaya\nodes\wrapProxyShape.cpp.obj
[2022-11-11T23:00:16.719Z]     [484/621] Linking CXX shared library plugin\pxr\maya\lib\usdMaya\_usdMaya.pyd
[2022-11-11T23:00:16.719Z]     [485/621] Linking CXX shared library lib\mayaUsd\python\_mayaUsd.pyd
[2022-11-11T23:00:17.111Z]     [486/621] Linking CXX shared library lib\usd\hdMaya\hdMaya.dll
[2022-11-11T23:00:17.503Z]     [487/621] Linking CXX shared library plugin\pxr\maya\plugin\pxrUsd\pxrUsd.mll
[2022-11-11T23:00:17.898Z]     [488/621] Linking CXX shared library lib\usd\pxrUsdPreviewSurface\basePxrUsdPreviewSurface.dll
[2022-11-11T23:00:18.291Z]     [489/621] Linking CXX shared library lib\mayaUsd\render\mayaToHydra\mtoh.mll
[2022-11-11T23:00:18.682Z]     [490/621] Linking CXX shared library plugin\pxr\maya\plugin\pxrUsdPreviewSurface\pxrUsdPreviewSurface.mll
[2022-11-11T23:00:19.509Z]     [491/621] Linking CXX shared library plugin\al\lib\AL_USDMaya\AL_USDMaya.dll
[2022-11-11T23:00:19.899Z]     [492/621] Linking CXX shared library lib\usd\translators\mayaUsd_Translators.dll
[2022-11-11T23:00:20.725Z]     [493/621] Building CXX object plugin\al\plugin\AL_USDMayaTestPlugin\CMakeFiles\AL_USDMayaTestPlugin.dir\AL\maya\test_MatrixToSRT.cpp.obj
[2022-11-11T23:00:20.725Z]     [494/621] Building CXX object plugin\al\plugin\AL_USDMayaTestPlugin\CMakeFiles\AL_USDMayaTestPlugin.dir\AL\maya\test_MayaEventManager.cpp.obj
[2022-11-11T23:00:21.549Z]     [495/621] Building CXX object plugin\al\plugin\AL_USDMayaPlugin\CMakeFiles\AL_USDMayaPlugin.dir\plugin.cpp.obj
[2022-11-11T23:00:21.938Z]     [496/621] Building CXX object plugin\al\lib\AL_USDMaya\CMakeFiles\_AL_USDMaya.dir\AL\usdmaya\fileio\translators\wrapTranslatorContext.cpp.obj
[2022-11-11T23:00:22.328Z]     [497/621] Building CXX object plugin\al\plugin\AL_USDMayaTestPlugin\CMakeFiles\AL_USDMayaTestPlugin.dir\AL\usdmaya\commands\test_LayerCommands.cpp.obj
[2022-11-11T23:00:22.328Z]     [498/621] Building CXX object plugin\al\plugin\AL_USDMayaTestPlugin\CMakeFiles\AL_USDMayaTestPlugin.dir\AL\usdmaya\commands\test_ExportCommands.cpp.obj
[2022-11-11T23:00:23.151Z]     [499/621] Linking CXX shared library plugin\al\plugin\AL_USDMayaPlugin\AL_USDMayaPlugin.mll
[2022-11-11T23:00:23.645Z]     [500/621] Building CXX object plugin\al\plugin\AL_USDMayaTestPlugin\CMakeFiles\AL_USDMayaTestPlugin.dir\plugin.cpp.obj
[2022-11-11T23:00:23.645Z]     [501/621] Building CXX object plugin\al\plugin\AL_USDMayaTestPlugin\CMakeFiles\AL_USDMayaTestPlugin.dir\AL\usdmaya\commands\test_TranslateCommand.cpp.obj
[2022-11-11T23:00:23.646Z]     [502/621] Building CXX object plugin\al\plugin\AL_USDMayaTestPlugin\CMakeFiles\AL_USDMayaTestPlugin.dir\AL\usdmaya\commands\test_LayerManagerCommands.cpp.obj
[2022-11-11T23:00:24.036Z]     [503/621] Automatic MOC and UIC for target mayaUsdUI
[2022-11-11T23:00:24.426Z]     [504/621] Building CXX object plugin\al\plugin\AL_USDMayaTestPlugin\CMakeFiles\AL_USDMayaTestPlugin.dir\AL\usdmaya\fileio\export_misc.cpp.obj
[2022-11-11T23:00:24.426Z]     [505/621] Automatic RCC for layerEditor/resources.qrc
[2022-11-11T23:00:24.426Z]     [506/621] Automatic RCC for importDialog/images/ui.qrc
[2022-11-11T23:00:24.815Z]     [507/621] Building CXX object plugin\al\plugin\AL_USDMayaTestPlugin\CMakeFiles\AL_USDMayaTestPlugin.dir\AL\usdmaya\fileio\export_blendshape.cpp.obj
[2022-11-11T23:00:25.212Z]     [508/621] Building CXX object plugin\al\lib\AL_USDMaya\CMakeFiles\_AL_USDMaya.dir\AL\usdmaya\fileio\translators\wrapTranslatorBase.cpp.obj
[2022-11-11T23:00:27.105Z]     [509/621] Building CXX object lib\usd\ui\CMakeFiles\mayaUsdUI.dir\layerEditor\generatedIconButton.cpp.obj
[2022-11-11T23:00:27.496Z]     [510/621] Building CXX object lib\usd\ui\CMakeFiles\mayaUsdUI.dir\layerEditor\dirtyLayersCountBadge.cpp.obj
[2022-11-11T23:00:30.789Z]     [511/621] Building CXX object plugin\al\plugin\AL_USDMayaTestPlugin\CMakeFiles\AL_USDMayaTestPlugin.dir\AL\usdmaya\fileio\export_ik.cpp.obj
[2022-11-11T23:00:30.789Z]     [512/621] Building CXX object plugin\al\plugin\AL_USDMayaTestPlugin\CMakeFiles\AL_USDMayaTestPlugin.dir\AL\usdmaya\fileio\export_unmerged.cpp.obj
[2022-11-11T23:00:31.179Z]     [513/621] Building CXX object plugin\al\plugin\AL_USDMayaTestPlugin\CMakeFiles\AL_USDMayaTestPlugin.dir\AL\usdmaya\fileio\import_instances.cpp.obj
[2022-11-11T23:00:31.179Z]     [514/621] Building CXX object plugin\al\plugin\AL_USDMayaTestPlugin\CMakeFiles\AL_USDMayaTestPlugin.dir\AL\usdmaya\fileio\export_lattice.cpp.obj
[2022-11-11T23:00:31.569Z]     [515/621] Building CXX object plugin\al\plugin\AL_USDMayaTestPlugin\CMakeFiles\AL_USDMayaTestPlugin.dir\AL\usdmaya\fileio\export_multiple_shapes.cpp.obj
[2022-11-11T23:00:31.569Z]     [516/621] Building CXX object plugin\al\plugin\AL_USDMayaTestPlugin\CMakeFiles\AL_USDMayaTestPlugin.dir\AL\usdmaya\fileio\export_constraints.cpp.obj
[2022-11-11T23:00:31.569Z]     [517/621] Building CXX object plugin\al\plugin\AL_USDMayaTestPlugin\CMakeFiles\AL_USDMayaTestPlugin.dir\AL\usdmaya\fileio\test_activeInActiveTranslators.cpp.obj
[2022-11-11T23:00:31.958Z]     [518/621] Building CXX object plugin\al\plugin\AL_USDMayaTestPlugin\CMakeFiles\AL_USDMayaTestPlugin.dir\AL\usdmaya\fileio\import_playback_range.cpp.obj
[2022-11-11T23:00:31.958Z]     [519/621] Building CXX object plugin\al\plugin\AL_USDMayaTestPlugin\CMakeFiles\AL_USDMayaTestPlugin.dir\AL\usdmaya\commands\test_ProxyShapeImport.cpp.obj
[2022-11-11T23:00:32.348Z]     [520/621] Building CXX object plugin\al\plugin\AL_USDMayaTestPlugin\CMakeFiles\AL_USDMayaTestPlugin.dir\AL\usdmaya\fileio\export_import_instancing.cpp.obj
[2022-11-11T23:00:32.737Z]     [521/621] Building CXX object plugin\al\plugin\AL_USDMayaTestPlugin\CMakeFiles\AL_USDMayaTestPlugin.dir\AL\usdmaya\fileio\export_nonlinear.cpp.obj
[2022-11-11T23:00:34.208Z]     [522/621] Building CXX object plugin\al\plugin\AL_USDMayaTestPlugin\CMakeFiles\AL_USDMayaTestPlugin.dir\AL\usdmaya\nodes\proxy\test_PrimFilter.cpp.obj
[2022-11-11T23:00:34.208Z]     [523/621] Building CXX object plugin\al\plugin\AL_USDMayaTestPlugin\CMakeFiles\AL_USDMayaTestPlugin.dir\AL\usdmaya\nodes\test_ExtraDataPlugin.cpp.obj
[2022-11-11T23:00:34.208Z]     [524/621] Building CXX object lib\usd\ui\CMakeFiles\mayaUsdUI.dir\mayaUsdUI_autogen\mocs_compilation.cpp.obj
[2022-11-11T23:00:34.598Z]     [525/621] Building CXX object lib\usd\ui\CMakeFiles\mayaUsdUI.dir\layerEditor\mayaQtUtils.cpp.obj
[2022-11-11T23:00:34.989Z]     [526/621] Building CXX object lib\usd\ui\CMakeFiles\mayaUsdUI.dir\layerEditor\stringResources.cpp.obj
[2022-11-11T23:00:34.989Z]     [527/621] Building CXX object lib\usd\ui\CMakeFiles\mayaUsdUI.dir\layerEditor\qtUtils.cpp.obj
[2022-11-11T23:00:36.875Z]     [528/621] Building CXX object lib\usd\ui\CMakeFiles\mayaUsdUI.dir\layerEditor\layerTreeView.cpp.obj
[2022-11-11T23:00:36.875Z]     [529/621] Building CXX object lib\usd\ui\CMakeFiles\mayaUsdUI.dir\layerEditor\layerTreeItem.cpp.obj
[2022-11-11T23:00:37.259Z]     [530/621] Building CXX object lib\usd\ui\CMakeFiles\mayaUsdUI.dir\layerEditor\warningDialogs.cpp.obj
[2022-11-11T23:00:38.576Z]     [531/621] Building CXX object lib\usd\ui\CMakeFiles\mayaUsdUI.dir\layerEditor\mayaCommandHook.cpp.obj
[2022-11-11T23:00:39.400Z]     [532/621] Building CXX object lib\usd\ui\CMakeFiles\mayaUsdUI.dir\layerEditor\pathChecker.cpp.obj
[2022-11-11T23:00:39.400Z]     [533/621] Building CXX object lib\usd\ui\CMakeFiles\mayaUsdUI.dir\mayaUsdUI_autogen\AUCU3ACLTF\qrc_ui.cpp.obj
[2022-11-11T23:00:39.400Z]     [534/621] Building CXX object lib\usd\ui\CMakeFiles\mayaUsdUI.dir\layerEditor\layerTreeItemDelegate.cpp.obj
[2022-11-11T23:00:39.791Z]     [535/621] Building CXX object lib\usd\ui\CMakeFiles\mayaUsdUI.dir\mayaUsdUI_autogen\5WMDHDZAMM\qrc_resources.cpp.obj
[2022-11-11T23:00:39.791Z]     [536/621] Building CXX object lib\usd\ui\CMakeFiles\mayaUsdUI.dir\initStringResources.cpp.obj
[2022-11-11T23:00:39.792Z]     [537/621] Building CXX object lib\usd\ui\CMakeFiles\mayaUsdUI.dir\layerEditor\loadLayersDialog.cpp.obj
[2022-11-11T23:00:40.188Z]     [538/621] Building CXX object lib\usd\ui\CMakeFiles\mayaUsdUI.dir\layerEditor\layerTreeModel.cpp.obj
[2022-11-11T23:00:40.188Z]     [539/621] Building CXX object lib\usd\ui\CMakeFiles\mayaUsdUI.dir\layerEditor\mayaSessionState.cpp.obj
[2022-11-11T23:00:40.188Z]     [540/621] Building CXX object lib\usd\ui\CMakeFiles\mayaUsdUI.dir\layerEditor\layerEditorWidget.cpp.obj
[2022-11-11T23:00:40.188Z]     [541/621] Building CXX object lib\usd\ui\CMakeFiles\mayaUsdUI.dir\layerEditor\mayaLayerEditorWindow.cpp.obj
[2022-11-11T23:00:40.578Z]     [542/621] Linking CXX shared library plugin\al\lib\AL_USDMaya\_AL_USDMaya.pyd
[2022-11-11T23:00:40.969Z]     [543/621] Building CXX object lib\usd\ui\CMakeFiles\mayaUsdUI.dir\importDialog\USDQtUtil.cpp.obj
[2022-11-11T23:00:40.969Z]     [544/621] Building CXX object lib\usd\ui\CMakeFiles\mayaUsdUI.dir\layerEditor\sessionState.cpp.obj
[2022-11-11T23:00:41.358Z]     [545/621] Building CXX object lib\usd\ui\CMakeFiles\mayaUsdUI.dir\layerEditor\saveLayersDialog.cpp.obj
[2022-11-11T23:00:42.675Z]     [546/621] Building CXX object lib\usd\ui\CMakeFiles\mayaUsdUI.dir\layerEditor\stageSelectorWidget.cpp.obj
[2022-11-11T23:00:42.675Z]     [547/621] Building CXX object lib\usd\ui\CMakeFiles\mayaUsdUI.dir\importDialog\ItemDelegate.cpp.obj
[2022-11-11T23:00:43.501Z]     [548/621] Building CXX object lib\usd\ui\CMakeFiles\mayaUsdUI.dir\importDialog\USDImportDialog.cpp.obj
[2022-11-11T23:00:43.501Z]     [549/621] Building CXX object lib\usd\ui\CMakeFiles\mayaUsdUI.dir\importDialog\TreeItem.cpp.obj
[2022-11-11T23:00:44.819Z]     [550/621] Building CXX object lib\usd\ui\CMakeFiles\mayaUsdUI.dir\importDialog\USDImportDialogCmd.cpp.obj
[2022-11-11T23:00:44.819Z]     [551/621] Building CXX object lib\usd\ui\CMakeFiles\mayaUsdUI.dir\importDialog\TreeModel.cpp.obj
[2022-11-11T23:00:46.135Z]     [552/621] Building CXX object lib\usd\ui\CMakeFiles\mayaUsdUI.dir\importDialog\TreeModelFactory.cpp.obj
[2022-11-11T23:00:47.453Z]     [553/621] Linking CXX shared library lib\usd\ui\mayaUsdUI.dll
[2022-11-11T23:00:47.453Z]     [554/621] Automatic MOC and UIC for target testMayaUsdUI
[2022-11-11T23:00:47.453Z]     [555/621] Building CXX object lib\usd\ui\importDialogDemo\CMakeFiles\testMayaUsdUI.dir\testMayaUsdUI_autogen\mocs_compilation.cpp.obj
[2022-11-11T23:00:48.277Z]     [556/621] Building CXX object plugin\al\plugin\AL_USDMayaTestPlugin\CMakeFiles\AL_USDMayaTestPlugin.dir\AL\usdmaya\nodes\test_ProxyShapeSelectabilityDB.cpp.obj
[2022-11-11T23:00:50.160Z]     [557/621] Building CXX object plugin\al\plugin\AL_USDMayaTestPlugin\CMakeFiles\AL_USDMayaTestPlugin.dir\AL\usdmaya\nodes\test_ScopeMatrix.cpp.obj
[2022-11-11T23:00:50.160Z]     [558/621] Building CXX object plugin\al\plugin\AL_USDMayaTestPlugin\CMakeFiles\AL_USDMayaTestPlugin.dir\AL\usdmaya\nodes\test_ProxyUsdGeomCamera.cpp.obj
[2022-11-11T23:00:50.550Z]     [559/621] Building CXX object plugin\al\plugin\AL_USDMayaTestPlugin\CMakeFiles\AL_USDMayaTestPlugin.dir\AL\usdmaya\nodes\test_lockPrims.cpp.obj
[2022-11-11T23:00:50.550Z]     [560/621] Building CXX object plugin\al\plugin\AL_USDMayaTestPlugin\CMakeFiles\AL_USDMayaTestPlugin.dir\AL\usdmaya\nodes\test_LayerManager.cpp.obj
[2022-11-11T23:00:50.934Z]     [561/621] Building CXX object plugin\al\plugin\AL_USDMayaTestPlugin\CMakeFiles\AL_USDMayaTestPlugin.dir\AL\usdmaya\nodes\test_Transform.cpp.obj
[2022-11-11T23:00:51.758Z]     [562/621] Building CXX object plugin\al\plugin\AL_USDMayaTestPlugin\CMakeFiles\AL_USDMayaTestPlugin.dir\AL\usdmaya\nodes\test_ProxyShape.cpp.obj
[2022-11-11T23:00:52.147Z]     [563/621] Building CXX object plugin\al\plugin\AL_USDMayaTestPlugin\CMakeFiles\AL_USDMayaTestPlugin.dir\test_translators_AnimationTranslator.cpp.obj
[2022-11-11T23:00:52.537Z]     [564/621] Building CXX object plugin\al\plugin\AL_USDMayaTestPlugin\CMakeFiles\AL_USDMayaTestPlugin.dir\AL\usdmaya\nodes\test_ActiveInactive.cpp.obj
[2022-11-11T23:00:52.927Z]     [565/621] Building CXX object plugin\al\plugin\AL_USDMayaTestPlugin\CMakeFiles\AL_USDMayaTestPlugin.dir\AL\usdmaya\nodes\test_TransformMatrix.cpp.obj
[2022-11-11T23:00:52.927Z]     [566/621] Building CXX object plugin\al\schemas\AL\usd\schemas\maya\CMakeFiles\_AL_USDMayaSchemas.dir\module.cpp.obj
[2022-11-11T23:00:53.751Z]     [567/621] Linking CXX shared library plugin\al\schemas\AL\usd\schemas\maya\AL_USDMayaSchemas.dll
[2022-11-11T23:00:53.751Z]     [568/621] Building CXX object plugin\al\plugin\AL_USDMayaTestPlugin\CMakeFiles\AL_USDMayaTestPlugin.dir\AL\usdmaya\nodes\test_VariantFallbacks.cpp.obj
[2022-11-11T23:00:53.751Z]     [569/621] Building CXX object plugin\al\plugin\AL_USDMayaTestPlugin\CMakeFiles\AL_USDMayaTestPlugin.dir\AL\usdmaya\test_DiffPrimVar.cpp.obj
[2022-11-11T23:00:54.135Z]     [570/621] Building CXX object plugin\al\plugin\AL_USDMayaTestPlugin\CMakeFiles\AL_USDMayaTestPlugin.dir\AL\usdmaya\nodes\test_TranslatorContext.cpp.obj
[2022-11-11T23:00:55.451Z]     [571/621] Building CXX object plugin\al\plugin\AL_USDMayaTestPlugin\CMakeFiles\AL_USDMayaTestPlugin.dir\AL\usdmaya\test_DiffGeom.cpp.obj
[2022-11-11T23:00:55.451Z]     [572/621] Building CXX object plugin\al\schemas\AL\usd\schemas\maya\tests\CMakeFiles\testMayaSchemas.dir\main.cpp.obj
[2022-11-11T23:00:56.275Z]     [573/621] Building CXX object plugin\al\plugin\AL_USDMayaTestPlugin\CMakeFiles\AL_USDMayaTestPlugin.dir\test_translators_CameraTranslator.cpp.obj
[2022-11-11T23:00:57.099Z]     [574/621] Building CXX object plugin\al\schemas\AL\usd\schemas\maya\CMakeFiles\_AL_USDMayaSchemas.dir\wrapTokens.cpp.obj
[2022-11-11T23:00:57.545Z]     [575/621] Building CXX object lib\usd\ui\importDialogDemo\CMakeFiles\testMayaUsdUI.dir\testMayaUsdUI.cpp.obj
[2022-11-11T23:00:57.545Z]     [576/621] Building CXX object plugin\al\schemas\AL\usd\schemas\mayatest\CMakeFiles\_AL_USDMayaSchemasTest.dir\module.cpp.obj
[2022-11-11T23:00:58.045Z]     [577/621] Linking CXX executable lib\usd\ui\importDialogDemo\testMayaUsdUI.exe
[2022-11-11T23:00:58.453Z]     [578/621] Building CXX object plugin\al\schemas\AL\usd\schemas\mayatest\CMakeFiles\AL_USDMayaSchemasTest.dir\tokens.cpp.obj
[2022-11-11T23:00:58.843Z]     [579/621] Building CXX object plugin\al\schemas\AL\usd\schemas\mayatest\CMakeFiles\AL_USDMayaSchemasTest.dir\ModuleDeps.cpp.obj
[2022-11-11T23:00:58.843Z]     [580/621] Building CXX object plugin\al\plugin\AL_USDMayaTestPlugin\CMakeFiles\AL_USDMayaTestPlugin.dir\test_translators_Translator.cpp.obj
[2022-11-11T23:00:59.233Z]     [581/621] Building CXX object plugin\al\plugin\AL_USDMayaTestPlugin\CMakeFiles\AL_USDMayaTestPlugin.dir\test_translators_PythonBindings.cpp.obj
[2022-11-11T23:00:59.233Z]     [582/621] Building CXX object plugin\al\plugin\AL_USDMayaTestPlugin\CMakeFiles\AL_USDMayaTestPlugin.dir\test_translators_NurbsCurveTranslator.cpp.obj
[2022-11-11T23:01:00.057Z]     [583/621] Building CXX object plugin\al\plugin\AL_USDMayaTestPlugin\CMakeFiles\AL_USDMayaTestPlugin.dir\test_usdmaya.cpp.obj
[2022-11-11T23:01:00.881Z]     [584/621] Building CXX object plugin\al\schemas\AL\usd\schemas\maya\CMakeFiles\_AL_USDMayaSchemas.dir\wrapModelAPI.cpp.obj
[2022-11-11T23:01:00.881Z]     [585/621] Building CXX object plugin\al\translators\CMakeFiles\AL_USDMayaTranslators.dir\CommonTranslatorOptions.cpp.obj
[2022-11-11T23:01:01.272Z]     [586/621] Building CXX object plugin\al\plugin\AL_USDMayaTestPlugin\CMakeFiles\AL_USDMayaTestPlugin.dir\test_translators_MeshTranslator.cpp.obj
[2022-11-11T23:01:01.272Z]     [587/621] Building CXX object plugin\al\schemas\AL\usd\schemas\maya\tests\CMakeFiles\testMayaSchemas.dir\testModelAPI.cpp.obj
[2022-11-11T23:01:01.272Z]     [588/621] Building CXX object plugin\al\plugin\AL_USDMayaTestPlugin\CMakeFiles\AL_USDMayaTestPlugin.dir\test_translators_TransformTranslator.cpp.obj
[2022-11-11T23:01:01.664Z]     [589/621] Building CXX object plugin\al\translators\pxrUsdTranslators\CMakeFiles\AL_USDMayaPxrTranslators.dir\plugin.cpp.obj
[2022-11-11T23:01:02.054Z]     [590/621] Building CXX object plugin\al\plugin\AL_USDMayaTestPlugin\CMakeFiles\AL_USDMayaTestPlugin.dir\test_translators_DgTranslator.cpp.obj
[2022-11-11T23:01:02.054Z]     [591/621] Building CXX object plugin\al\plugin\AL_USDMayaTestPlugin\CMakeFiles\AL_USDMayaTestPlugin.dir\test_usdmaya_AttributeType.cpp.obj
[2022-11-11T23:01:02.877Z]     [592/621] Building CXX object plugin\al\schemas\AL\usd\schemas\maya\tests\CMakeFiles\testMayaSchemas.dir\testMayaSchemas.cpp.obj
[2022-11-11T23:01:03.267Z]     [593/621] Building CXX object plugin\al\schemas\AL\usd\schemas\maya\CMakeFiles\_AL_USDMayaSchemas.dir\wrapFrameRange.cpp.obj
[2022-11-11T23:01:03.267Z]     [594/621] Linking CXX executable plugin\al\schemas\AL\usd\schemas\maya\tests\testMayaSchemas.exe
[2022-11-11T23:01:03.656Z]     [595/621] Building CXX object plugin\al\schemas\AL\usd\schemas\mayatest\CMakeFiles\_AL_USDMayaSchemasTest.dir\wrapTokens.cpp.obj
[2022-11-11T23:01:03.656Z]     [596/621] Linking CXX shared library plugin\al\schemas\AL\usd\schemas\maya\_AL_USDMayaSchemas.pyd
[2022-11-11T23:01:04.046Z]     [597/621] Building CXX object plugin\adsk\plugin\CMakeFiles\mayaUsdPlugin.dir\adskListJobContextsCommand.cpp.obj
[2022-11-11T23:01:04.046Z]     [598/621] Building CXX object plugin\adsk\plugin\CMakeFiles\mayaUsdPlugin.dir\adskListShadingModesCommand.cpp.obj
[2022-11-11T23:01:04.871Z]     [599/621] Building CXX object plugin\al\schemas\AL\usd\schemas\mayatest\CMakeFiles\AL_USDMayaSchemasTest.dir\ExamplePolyCubeNode.cpp.obj
[2022-11-11T23:01:05.695Z]     [600/621] Linking CXX shared library plugin\al\schemas\AL\usd\schemas\mayatest\AL_USDMayaSchemasTest.dll
[2022-11-11T23:01:06.085Z]     [601/621] Building CXX object plugin\al\translators\CMakeFiles\AL_USDMayaTranslators.dir\FrameRange.cpp.obj
[2022-11-11T23:01:06.474Z]     [602/621] Building CXX object plugin\al\schemas\AL\usd\schemas\mayatest\CMakeFiles\_AL_USDMayaSchemasTest.dir\wrapExamplePolyCubeNode.cpp.obj
[2022-11-11T23:01:07.298Z]     [603/621] Linking CXX shared library plugin\al\schemas\AL\usd\schemas\mayatest\_AL_USDMayaSchemasTest.pyd
[2022-11-11T23:01:07.688Z]     [604/621] Linking CXX shared library plugin\al\plugin\AL_USDMayaTestPlugin\AL_USDMayaTestPlugin.mll
[2022-11-11T23:01:08.078Z]     [605/621] Building CXX object plugin\adsk\plugin\CMakeFiles\mayaUsdPlugin.dir\adskImportCommand.cpp.obj
[2022-11-11T23:01:08.471Z]     [606/621] Building CXX object plugin\adsk\plugin\CMakeFiles\mayaUsdPlugin.dir\adskExportCommand.cpp.obj
[2022-11-11T23:01:08.471Z]     [607/621] Building CXX object plugin\al\translators\CMakeFiles\AL_USDMayaTranslators.dir\NurbsCurve.cpp.obj
[2022-11-11T23:01:08.862Z]     [608/621] Building CXX object plugin\adsk\plugin\CMakeFiles\mayaUsdPlugin.dir\geomNode.cpp.obj
[2022-11-11T23:01:08.862Z]     [609/621] Building CXX object plugin\al\translators\CMakeFiles\AL_USDMayaTranslators.dir\Camera.cpp.obj
[2022-11-11T23:01:08.862Z]     [610/621] Building CXX object plugin\al\translators\CMakeFiles\AL_USDMayaTranslators.dir\MayaReference.cpp.obj
[2022-11-11T23:01:08.862Z]     [611/621] Building CXX object plugin\al\translators\CMakeFiles\AL_USDMayaTranslators.dir\Mesh.cpp.obj
[2022-11-11T23:01:09.252Z]     [612/621] Building CXX object plugin\al\translators\pxrUsdTranslators\CMakeFiles\AL_USDMayaPxrTranslators.dir\ProxyShapeTranslator.cpp.obj
[2022-11-11T23:01:09.252Z]     [613/621] Building CXX object plugin\al\translators\CMakeFiles\AL_USDMayaTranslators.dir\DirectionalLight.cpp.obj
[2022-11-11T23:01:09.642Z]     [614/621] Building CXX object plugin\adsk\plugin\CMakeFiles\mayaUsdPlugin.dir\adskStageLoadUnloadCommands.cpp.obj
[2022-11-11T23:01:10.031Z]     [615/621] Linking CXX shared library plugin\al\translators\pxrUsdTranslators\AL_USDMayaPxrTranslators.mll
[2022-11-11T23:01:10.032Z]     [616/621] Linking CXX shared library plugin\al\translators\AL_USDMayaTranslators.dll
[2022-11-11T23:01:11.349Z]     [617/621] Building CXX object plugin\adsk\plugin\CMakeFiles\mayaUsdPlugin.dir\plugin.cpp.obj
[2022-11-11T23:01:11.349Z]     [618/621] Building CXX object plugin\adsk\plugin\CMakeFiles\mayaUsdPlugin.dir\exportTranslator.cpp.obj
[2022-11-11T23:01:11.349Z]     [619/621] Building CXX object plugin\adsk\plugin\CMakeFiles\mayaUsdPlugin.dir\importTranslator.cpp.obj
[2022-11-11T23:01:12.234Z]     [620/621] Building CXX object plugin\adsk\plugin\CMakeFiles\mayaUsdPlugin.dir\ProxyShape.cpp.obj
[2022-11-11T23:01:12.618Z]     [621/621] Linking CXX shared module plugin\adsk\plugin\mayaUsdPlugin.mll
[2022-11-11T23:01:12.618Z]     
[2022-11-11T23:01:12.618Z]         Building with settings:
[2022-11-11T23:01:12.618Z]           Source directory          S:\jenkins\workspace\ECP\ecg-maya-usd\ecg-mayausd-branch-preflight-2019-no-ufe-windows\ecg-maya-usd\maya-usd
[2022-11-11T23:01:12.618Z]           Workspace directory       W:\
[2022-11-11T23:01:12.618Z]           Build directory           W:\build\RelWithDebInfo
[2022-11-11T23:01:12.618Z]           Install directory         W:\install\RelWithDebInfo\MayaUSD
[2022-11-11T23:01:12.618Z]           Variant                   RelWithDebInfo
[2022-11-11T23:01:12.618Z]           Python Debug              Off
[2022-11-11T23:01:12.618Z]           CMake generator           Ninja
[2022-11-11T23:01:12.618Z]           Build arguments           ['-DCMAKE_MAKE_PROGRAM=P:/shared/Artifactory/Windows/ninja/1.9.0/c68f192/ninja.exe', '-DPYTHON_INCLUDE_DIR=P:/shared/Artifactory/Windows/rundev-2019/202003131251/runtime/155eb96/runTime/include/Python2.7', '-DPython_EXECUTABLE=P:/shared/Artifactory/Windows/rundev-2019/202003131251/runtime/155eb96/runTime/bin/mayapy.exe', '-DPYTHON_LIBRARIES=P:/shared/Artifactory/Windows/rundev-2019/202003131251/runtime/155eb96/runTime/lib/python27.lib', '-DCMAKE_WANT_UFE_BUILD=OFF', '-DCMAKE_WANT_MATERIALX_BUILD=ON', '-DCMAKE_PREFIX_PATH=P:\\shared\\Artifactory\\Windows\\USD\\cfb3d8a']
[2022-11-11T23:01:12.618Z]           Stages arguments          ['build']
[2022-11-11T23:01:12.618Z]           CTest arguments           ['-E testUsdReferenceAssemblySelection|testUsdMayaAppDir', '-LE interactive', '--parallel 16']
[2022-11-11T23:01:12.618Z]     Success MayaUSD build and install !!!!
[2022-11-11T23:01:12.618Z]     Elapsed time: 00:04:07
[Pipeline] bat
[2022-11-11T23:01:13.494Z] Deleting alias drive W:
[Pipeline] bat
[2022-11-11T23:01:14.301Z] Deleting alias drive P:
[Pipeline] }
[Pipeline] // withEnv
[Pipeline] }
[Pipeline] // timeout
[Pipeline] }
[Pipeline] // stage
[Pipeline] }
[Pipeline] // timestamps
[Pipeline] timestamps
[Pipeline] {
[Pipeline] stage
[Pipeline] { (Install)
[Pipeline] timeout
[2022-11-11T23:01:14.539Z] Timeout set to expire in 6 hr 0 min
[Pipeline] {
[Pipeline] withEnv
[Pipeline] {
[Pipeline] bat
[2022-11-11T23:01:15.258Z] Creating alias drive P: to S:\jenkins\workspace
[Pipeline] bat
[2022-11-11T23:01:16.024Z] Creating alias drive W: to S:\jenkins\workspace\ECP\ecg-maya-usd\ecg-mayausd-branch-preflight-2019-no-ufe-windows
[Pipeline] bat
[2022-11-11T23:01:17.030Z] "C:\Program Files (x86)\Microsoft Visual Studio\2017\Professional\VC\Auxiliary\Build\vcvarsall.bat" x64
[2022-11-11T23:01:17.030Z] **********************************************************************
[2022-11-11T23:01:17.030Z] ** Visual Studio 2017 Developer Command Prompt v15.9.15
[2022-11-11T23:01:17.030Z] ** Copyright (c) 2017 Microsoft Corporation
[2022-11-11T23:01:17.030Z] **********************************************************************
[2022-11-11T23:01:17.420Z] [vcvarsall.bat] Environment initialized for: 'x64'
[2022-11-11T23:01:17.420Z] python ecg-maya-usd/build.py --stages=install --workspace-dir=W:\ --artifactory-dir=P:\shared\Artifactory --build-dir=W:\build --install-dir=W:\install --signing-dir=W:\signing --package-dir=W:\package --output-dir=W:\output --stash-dir=W:\stash --jenkins-build=447 --git-commit=a51f11f4f985514c8714d5f2450b50495847a49b --git-branch=master --variants=RelWithDebInfo --python=2.7 --ufe=false --pxrusd-version=0.21.05-gold --post-zips=false --maya-cut-config=maya-rundev-2019.yaml --maya-package=rundev-2019 --stage-banner
[2022-11-11T23:01:18.243Z] Using Maya cut from P:\shared\Artifactory\Windows\rundev-2019\202003131251\runtime\155eb96
[2022-11-11T23:01:18.243Z] 
[2022-11-11T23:01:18.243Z] ================================================================================
[2022-11-11T23:01:18.243Z]                             install (RelWithDebInfo)
[2022-11-11T23:01:18.243Z] ================================================================================
[2022-11-11T23:01:18.243Z] Maya Python RelWithDebInfo Info:
[2022-11-11T23:01:18.243Z]   mayapy executable   = P:\shared\Artifactory\Windows\rundev-2019\202003131251\runtime\155eb96\runTime\bin\mayapy.exe
[2022-11-11T23:01:18.243Z]   Include Folder      = P:\shared\Artifactory\Windows\rundev-2019\202003131251\runtime\155eb96\runTime\include\Python2.7
[2022-11-11T23:01:18.243Z]   Library             = P:\shared\Artifactory\Windows\rundev-2019\202003131251\runtime\155eb96\runTime\lib\python27.lib
[2022-11-11T23:01:18.243Z]   site-package Folder = P:\shared\Artifactory\Windows\rundev-2019\202003131251\runtime\155eb96\runTime\Python\Lib\site-packages
[2022-11-11T23:01:19.070Z] In workdir: S:\jenkins\workspace\ECP\ecg-maya-usd\ecg-mayausd-branch-preflight-2019-no-ufe-windows\ecg-maya-usd\maya-usd
[2022-11-11T23:01:19.070Z] Executing: 'P:\\shared\\Artifactory\\Windows\\rundev-2019\\202003131251\\runtime\\155eb96\\runTime\\bin\\mayapy.exe' 'S:\\jenkins\\workspace\\ECP\\ecg-maya-usd\\ecg-mayausd-branch-preflight-2019-no-ufe-windows\\ecg-maya-usd\\maya-usd\\build.py' --generator Ninja --build-relwithdebug --maya-location 'P:\\shared\\Artifactory\\Windows\\rundev-2019\\202003131251\\runtime\\155eb96\\runTime' --devkit-location 'P:\\shared\\Artifactory\\Windows\\rundev-2019\\202003131251\\runtime\\155eb96\\devkitBase' --pxrusd-location 'P:\\shared\\Artifactory\\Windows\\USD\\cfb3d8a' --qt-location 'P:\\shared\\Artifactory\\Windows\\qt\\5.6.1\\1acd0ba' '--build-args=-DCMAKE_MAKE_PROGRAM=P:/shared/Artifactory/Windows/ninja/1.9.0/c68f192/ninja.exe,-DPYTHON_INCLUDE_DIR=P:/shared/Artifactory/Windows/rundev-2019/202003131251/runtime/155eb96/runTime/include/Python2.7,-DPython_EXECUTABLE=P:/shared/Artifactory/Windows/rundev-2019/202003131251/runtime/155eb96/runTime/bin/mayapy.exe,-DPYTHON_LIBRARIES=P:/shared/Artifactory/Windows/rundev-2019/202003131251/runtime/155eb96/runTime/lib/python27.lib,-DCMAKE_WANT_UFE_BUILD=OFF,-DCMAKE_WANT_MATERIALX_BUILD=ON,-DCMAKE_PREFIX_PATH=P:\\shared\\Artifactory\\Windows\\USD\\cfb3d8a' '--ctest-args=-E testUsdReferenceAssemblySelection|testUsdMayaAppDir,-LE interactive,--parallel 16' --stages=install --redirect-outstream-file=False --install-location 'W:\\install\\RelWithDebInfo\\MayaUSD' 'W:\\'
[2022-11-11T23:01:19.070Z] Modified environment variables:
[2022-11-11T23:01:19.070Z]     PATH=P:\shared\Artifactory\Windows\cmake\3.20.3\afe857a\bin;C:\Python27\lib\site-packages\pywin32_system32;C:\Program Files (x86)\Microsoft Visual Studio\2017\Professional\VC\Tools\MSVC\14.16.27023\bin\HostX64\x64;C:\Program Files (x86)\Microsoft Visual Studio\2017\Professional\Common7\IDE\VC\VCPackages;C:\Program Files (x86)\Microsoft Visual Studio\2017\Professional\Common7\IDE\CommonExtensions\Microsoft\TestWindow;C:\Program Files (x86)\Microsoft Visual Studio\2017\Professional\Common7\IDE\CommonExtensions\Microsoft\TeamFoundation\Team Explorer;C:\Program Files (x86)\Microsoft Visual Studio\2017\Professional\MSBuild\15.0\bin\Roslyn;C:\Program Files (x86)\Microsoft Visual Studio\2017\Professional\Team Tools\Performance Tools\x64;C:\Program Files (x86)\Microsoft Visual Studio\2017\Professional\Team Tools\Performance Tools;C:\Program Files (x86)\Microsoft Visual Studio\Shared\Common\VSPerfCollectionTools\\x64;C:\Program Files (x86)\Microsoft Visual Studio\Shared\Common\VSPerfCollectionTools\;C:\Program Files (x86)\Microsoft SDKs\Windows\v10.0A\bin\NETFX 4.6.1 Tools\x64\;C:\Program Files (x86)\HTML Help Workshop;C:\Program Files (x86)\Windows Kits\10\bin\10.0.18362.0\x64;C:\Program Files (x86)\Windows Kits\10\bin\x64;C:\Program Files (x86)\Microsoft Visual Studio\2017\Professional\\MSBuild\15.0\bin;C:\WINDOWS\Microsoft.NET\Framework64\v4.0.30319;C:\Program Files (x86)\Microsoft Visual Studio\2017\Professional\Common7\IDE\;C:\Program Files (x86)\Microsoft Visual Studio\2017\Professional\Common7\Tools\;C:\Python27\;C:\Python27\Scripts;C:\WINDOWS\system32;C:\WINDOWS;C:\WINDOWS\System32\Wbem;C:\WINDOWS\System32\WindowsPowerShell\v1.0\;C:\WINDOWS\System32\OpenSSH\;C:\ProgramData\chocolatey\bin;C:\Program Files (x86)\WiX Toolset v3.7\bin;C:\Program Files\dotnet\;C:\Program Files (x86)\Windows Kits\10\bin\10.0.18362.0\x64;C:\Program Files\Zulu\zulu-11\bin\;C:\Program Files (x86)\Windows Kits\10\bin\10.0.17763.0\x64;C:\Program Files (x86)\Windows Kits\10\bin\x64;C:\Program Files\Git\cmd;C:\Program Files\Git\usr\bin;C:\Program Files\Git\mingw64\bin;C:\Program Files\Git\bin;C:\Python38\;C:\Python38\Scripts;C:\StoreBoxClientWindows;C:\Program Files\Electric Cloud\ElectricCommander\bin;C:\Program Files\WinRAR;C:\Program Files\7-Zip;C:\Users\Administrator\AppData\Local\Microsoft\WindowsApps;C:\Program Files (x86)\Microsoft Visual Studio\2017\Professional\Common7\IDE\CommonExtensions\Microsoft\CMake\CMake\bin;C:\Program Files (x86)\Microsoft Visual Studio\2017\Professional\Common7\IDE\CommonExtensions\Microsoft\CMake\Ninja
[2022-11-11T23:01:19.460Z]     [1/8] Automatic MOC and UIC for target mayaUsdUI
[2022-11-11T23:01:19.460Z]     [2/5] Automatic MOC and UIC for target testMayaUsdUI
[2022-11-11T23:01:19.460Z]     [2/3] Install the project...
[2022-11-11T23:01:19.460Z]     -- Install configuration: "RelWithDebInfo"
[2022-11-11T23:01:24.648Z]     
[2022-11-11T23:01:24.648Z]         Building with settings:
[2022-11-11T23:01:24.648Z]           Source directory          S:\jenkins\workspace\ECP\ecg-maya-usd\ecg-mayausd-branch-preflight-2019-no-ufe-windows\ecg-maya-usd\maya-usd
[2022-11-11T23:01:24.648Z]           Workspace directory       W:\
[2022-11-11T23:01:24.648Z]           Build directory           W:\build\RelWithDebInfo
[2022-11-11T23:01:24.648Z]           Install directory         W:\install\RelWithDebInfo\MayaUSD
[2022-11-11T23:01:24.648Z]           Variant                   RelWithDebInfo
[2022-11-11T23:01:24.648Z]           Python Debug              Off
[2022-11-11T23:01:24.648Z]           CMake generator           Ninja
[2022-11-11T23:01:24.648Z]           Build arguments           ['-DCMAKE_MAKE_PROGRAM=P:/shared/Artifactory/Windows/ninja/1.9.0/c68f192/ninja.exe', '-DPYTHON_INCLUDE_DIR=P:/shared/Artifactory/Windows/rundev-2019/202003131251/runtime/155eb96/runTime/include/Python2.7', '-DPython_EXECUTABLE=P:/shared/Artifactory/Windows/rundev-2019/202003131251/runtime/155eb96/runTime/bin/mayapy.exe', '-DPYTHON_LIBRARIES=P:/shared/Artifactory/Windows/rundev-2019/202003131251/runtime/155eb96/runTime/lib/python27.lib', '-DCMAKE_WANT_UFE_BUILD=OFF', '-DCMAKE_WANT_MATERIALX_BUILD=ON', '-DCMAKE_PREFIX_PATH=P:\\shared\\Artifactory\\Windows\\USD\\cfb3d8a']
[2022-11-11T23:01:24.648Z]           Stages arguments          ['install']
[2022-11-11T23:01:24.648Z]           CTest arguments           ['-E testUsdReferenceAssemblySelection|testUsdMayaAppDir', '-LE interactive', '--parallel 16']
[2022-11-11T23:01:24.648Z]     Success MayaUSD build and install !!!!
[2022-11-11T23:01:24.648Z]     Elapsed time: 00:00:04
[Pipeline] bat
[2022-11-11T23:01:25.407Z] Deleting alias drive W:
[Pipeline] bat
[2022-11-11T23:01:26.172Z] Deleting alias drive P:
[Pipeline] }
[Pipeline] // withEnv
[Pipeline] }
[Pipeline] // timeout
[Pipeline] }
[Pipeline] // stage
[Pipeline] }
[Pipeline] // timestamps
[Pipeline] timestamps
[Pipeline] {
[Pipeline] stage
[Pipeline] { (Test)
[Pipeline] timeout
[2022-11-11T23:01:26.407Z] Timeout set to expire in 6 hr 0 min
[Pipeline] {
[Pipeline] withEnv
[Pipeline] {
[Pipeline] bat
[2022-11-11T23:01:27.130Z] Creating alias drive P: to S:\jenkins\workspace
[Pipeline] bat
[2022-11-11T23:01:28.167Z] Creating alias drive W: to S:\jenkins\workspace\ECP\ecg-maya-usd\ecg-mayausd-branch-preflight-2019-no-ufe-windows
[Pipeline] bat
[2022-11-11T23:01:29.094Z] "C:\Program Files (x86)\Microsoft Visual Studio\2017\Professional\VC\Auxiliary\Build\vcvarsall.bat" x64
[2022-11-11T23:01:29.094Z] **********************************************************************
[2022-11-11T23:01:29.094Z] ** Visual Studio 2017 Developer Command Prompt v15.9.15
[2022-11-11T23:01:29.094Z] ** Copyright (c) 2017 Microsoft Corporation
[2022-11-11T23:01:29.094Z] **********************************************************************
[2022-11-11T23:01:29.917Z] [vcvarsall.bat] Environment initialized for: 'x64'
[2022-11-11T23:01:29.917Z] python ecg-maya-usd/build.py --stages=test --workspace-dir=W:\ --artifactory-dir=P:\shared\Artifactory --build-dir=W:\build --install-dir=W:\install --signing-dir=W:\signing --package-dir=W:\package --output-dir=W:\output --stash-dir=W:\stash --jenkins-build=447 --git-commit=a51f11f4f985514c8714d5f2450b50495847a49b --git-branch=master --variants=RelWithDebInfo --python=2.7 --ufe=false --pxrusd-version=0.21.05-gold --post-zips=false --test-jobs=0 --failed-test-retry=3 --maya-cut-config=maya-rundev-2019.yaml --maya-package=rundev-2019 --stage-banner --progressive-timeout
[2022-11-11T23:01:30.742Z] Using Maya cut from P:\shared\Artifactory\Windows\rundev-2019\202003131251\runtime\155eb96
[2022-11-11T23:01:30.742Z] 
[2022-11-11T23:01:30.742Z] ================================================================================
[2022-11-11T23:01:30.742Z]                              test (RelWithDebInfo)
[2022-11-11T23:01:30.742Z] ================================================================================
[2022-11-11T23:01:30.742Z] Maya Python RelWithDebInfo Info:
[2022-11-11T23:01:30.742Z]   mayapy executable   = P:\shared\Artifactory\Windows\rundev-2019\202003131251\runtime\155eb96\runTime\bin\mayapy.exe
[2022-11-11T23:01:30.742Z]   Include Folder      = P:\shared\Artifactory\Windows\rundev-2019\202003131251\runtime\155eb96\runTime\include\Python2.7
[2022-11-11T23:01:30.742Z]   Library             = P:\shared\Artifactory\Windows\rundev-2019\202003131251\runtime\155eb96\runTime\lib\python27.lib
[2022-11-11T23:01:30.742Z]   site-package Folder = P:\shared\Artifactory\Windows\rundev-2019\202003131251\runtime\155eb96\runTime\Python\Lib\site-packages
[2022-11-11T23:01:31.132Z] In workdir: S:\jenkins\workspace\ECP\ecg-maya-usd\ecg-mayausd-branch-preflight-2019-no-ufe-windows\ecg-maya-usd\maya-usd
[2022-11-11T23:01:31.132Z] Executing: 'P:\\shared\\Artifactory\\Windows\\rundev-2019\\202003131251\\runtime\\155eb96\\runTime\\bin\\mayapy.exe' 'S:\\jenkins\\workspace\\ECP\\ecg-maya-usd\\ecg-mayausd-branch-preflight-2019-no-ufe-windows\\ecg-maya-usd\\maya-usd\\build.py' --generator Ninja --build-relwithdebug --maya-location 'P:\\shared\\Artifactory\\Windows\\rundev-2019\\202003131251\\runtime\\155eb96\\runTime' --devkit-location 'P:\\shared\\Artifactory\\Windows\\rundev-2019\\202003131251\\runtime\\155eb96\\devkitBase' --pxrusd-location 'P:\\shared\\Artifactory\\Windows\\USD\\cfb3d8a' --qt-location 'P:\\shared\\Artifactory\\Windows\\qt\\5.6.1\\1acd0ba' '--build-args=-DCMAKE_MAKE_PROGRAM=P:/shared/Artifactory/Windows/ninja/1.9.0/c68f192/ninja.exe,-DPYTHON_INCLUDE_DIR=P:/shared/Artifactory/Windows/rundev-2019/202003131251/runtime/155eb96/runTime/include/Python2.7,-DPython_EXECUTABLE=P:/shared/Artifactory/Windows/rundev-2019/202003131251/runtime/155eb96/runTime/bin/mayapy.exe,-DPYTHON_LIBRARIES=P:/shared/Artifactory/Windows/rundev-2019/202003131251/runtime/155eb96/runTime/lib/python27.lib,-DCMAKE_WANT_UFE_BUILD=OFF,-DCMAKE_WANT_MATERIALX_BUILD=ON,-DCMAKE_PREFIX_PATH=P:\\shared\\Artifactory\\Windows\\USD\\cfb3d8a' '--ctest-args=-E testUsdReferenceAssemblySelection|testUsdMayaAppDir,-LE interactive,--parallel 16' --stages=test --redirect-outstream-file=False --install-location 'W:\\install\\RelWithDebInfo\\MayaUSD' 'W:\\'
[2022-11-11T23:01:31.132Z] Modified environment variables:
[2022-11-11T23:01:31.132Z]     PATH=P:\shared\Artifactory\Windows\cmake\3.20.3\afe857a\bin;C:\Python27\lib\site-packages\pywin32_system32;C:\Program Files (x86)\Microsoft Visual Studio\2017\Professional\VC\Tools\MSVC\14.16.27023\bin\HostX64\x64;C:\Program Files (x86)\Microsoft Visual Studio\2017\Professional\Common7\IDE\VC\VCPackages;C:\Program Files (x86)\Microsoft Visual Studio\2017\Professional\Common7\IDE\CommonExtensions\Microsoft\TestWindow;C:\Program Files (x86)\Microsoft Visual Studio\2017\Professional\Common7\IDE\CommonExtensions\Microsoft\TeamFoundation\Team Explorer;C:\Program Files (x86)\Microsoft Visual Studio\2017\Professional\MSBuild\15.0\bin\Roslyn;C:\Program Files (x86)\Microsoft Visual Studio\2017\Professional\Team Tools\Performance Tools\x64;C:\Program Files (x86)\Microsoft Visual Studio\2017\Professional\Team Tools\Performance Tools;C:\Program Files (x86)\Microsoft Visual Studio\Shared\Common\VSPerfCollectionTools\\x64;C:\Program Files (x86)\Microsoft Visual Studio\Shared\Common\VSPerfCollectionTools\;C:\Program Files (x86)\Microsoft SDKs\Windows\v10.0A\bin\NETFX 4.6.1 Tools\x64\;C:\Program Files (x86)\HTML Help Workshop;C:\Program Files (x86)\Windows Kits\10\bin\10.0.18362.0\x64;C:\Program Files (x86)\Windows Kits\10\bin\x64;C:\Program Files (x86)\Microsoft Visual Studio\2017\Professional\\MSBuild\15.0\bin;C:\WINDOWS\Microsoft.NET\Framework64\v4.0.30319;C:\Program Files (x86)\Microsoft Visual Studio\2017\Professional\Common7\IDE\;C:\Program Files (x86)\Microsoft Visual Studio\2017\Professional\Common7\Tools\;C:\Python27\;C:\Python27\Scripts;C:\WINDOWS\system32;C:\WINDOWS;C:\WINDOWS\System32\Wbem;C:\WINDOWS\System32\WindowsPowerShell\v1.0\;C:\WINDOWS\System32\OpenSSH\;C:\ProgramData\chocolatey\bin;C:\Program Files (x86)\WiX Toolset v3.7\bin;C:\Program Files\dotnet\;C:\Program Files (x86)\Windows Kits\10\bin\10.0.18362.0\x64;C:\Program Files\Zulu\zulu-11\bin\;C:\Program Files (x86)\Windows Kits\10\bin\10.0.17763.0\x64;C:\Program Files (x86)\Windows Kits\10\bin\x64;C:\Program Files\Git\cmd;C:\Program Files\Git\usr\bin;C:\Program Files\Git\mingw64\bin;C:\Program Files\Git\bin;C:\Python38\;C:\Python38\Scripts;C:\StoreBoxClientWindows;C:\Program Files\Electric Cloud\ElectricCommander\bin;C:\Program Files\WinRAR;C:\Program Files\7-Zip;C:\Users\Administrator\AppData\Local\Microsoft\WindowsApps;C:\Program Files (x86)\Microsoft Visual Studio\2017\Professional\Common7\IDE\CommonExtensions\Microsoft\CMake\CMake\bin;C:\Program Files (x86)\Microsoft Visual Studio\2017\Professional\Common7\IDE\CommonExtensions\Microsoft\CMake\Ninja
[2022-11-11T23:01:31.521Z]     Test project W:/build/RelWithDebInfo
[2022-11-11T23:01:32.488Z]             Start   1: testMayaUsdConverter
[2022-11-11T23:01:32.488Z]             Start   2: testMayaUsdCreateStageCommands
[2022-11-11T23:01:32.488Z]             Start   3: testMayaUsdPythonImport
[2022-11-11T23:01:32.488Z]             Start   4: testMayaUsdLayerEditorCommands
[2022-11-11T23:01:32.488Z]             Start   5: testMayaUsdCacheId
[2022-11-11T23:01:32.488Z]             Start   8: _Interactive_Maya
[2022-11-11T23:01:32.488Z]       1/126 Test   #8: _Interactive_Maya ...............................***Not Run (Disabled)   0.00 sec
[2022-11-11T23:01:32.488Z]             Start   9: testMayaUsdPlugVersionCheck
[2022-11-11T23:01:32.488Z]             Start  10: testPxrUsdPreviewSurfaceDraw
[2022-11-11T23:01:32.488Z]             Start  11: testPxrUsdPreviewSurfaceExport
[2022-11-11T23:01:32.488Z]             Start  12: testMayaUsdSchemasPythonImport
[2022-11-11T23:01:32.488Z]             Start  13: testMayaUsdSchemasMayaReference
[2022-11-11T23:01:32.488Z]             Start  14: testDiffCore
[2022-11-11T23:01:32.488Z]             Start  15: testDiffValues
[2022-11-11T23:01:32.488Z]             Start  16: testDiffAttributes
[2022-11-11T23:01:32.488Z]             Start  17: testDiffRelationships
[2022-11-11T23:01:32.488Z]             Start  18: testDiffDictionaries
[2022-11-11T23:01:33.669Z]             Start  19: testDiffLists
[2022-11-11T23:01:33.669Z]       2/126 Test  #14: testDiffCore ....................................   Passed    0.41 sec
[2022-11-11T23:01:33.669Z]             Start  20: testDiffComputeOverall
[2022-11-11T23:01:34.061Z]       3/126 Test  #18: testDiffDictionaries ............................   Passed    1.55 sec
[2022-11-11T23:01:34.061Z]             Start  21: testDiffPrims
[2022-11-11T23:01:34.061Z]       4/126 Test  #19: testDiffLists ...................................   Passed    1.36 sec
[2022-11-11T23:01:34.061Z]             Start  22: testMergePrims
[2022-11-11T23:01:34.061Z]       5/126 Test  #15: testDiffValues ..................................   Passed    1.74 sec
[2022-11-11T23:01:34.061Z]             Start  23: testDiffMetadatas
[2022-11-11T23:01:34.061Z]       6/126 Test  #20: testDiffComputeOverall ..........................   Passed    1.38 sec
[2022-11-11T23:01:34.061Z]             Start  24: testUsdExportAnimation
[2022-11-11T23:01:34.061Z]       7/126 Test  #16: testDiffAttributes ..............................   Passed    1.73 sec
[2022-11-11T23:01:34.061Z]             Start  25: testUsdExportAsClip
[2022-11-11T23:01:34.061Z]       8/126 Test  #17: testDiffRelationships ...........................   Passed    1.70 sec
[2022-11-11T23:01:34.061Z]             Start  26: testUsdExportBindTransform
[2022-11-11T23:01:34.061Z]       9/126 Test  #21: testDiffPrims ...................................   Passed    0.17 sec
[2022-11-11T23:01:34.061Z]             Start  27: testUsdExportBlendshapes
[2022-11-11T23:01:34.061Z]      10/126 Test  #22: testMergePrims ..................................   Passed    0.18 sec
[2022-11-11T23:01:34.061Z]             Start  28: testUsdExportCamera
[2022-11-11T23:01:34.061Z]      11/126 Test  #23: testDiffMetadatas ...............................   Passed    0.16 sec
[2022-11-11T23:01:34.061Z]             Start  29: testUsdExportColorSets
[2022-11-11T23:01:45.593Z]      12/126 Test  #10: testPxrUsdPreviewSurfaceDraw ....................   Passed   11.71 sec
[2022-11-11T23:01:45.593Z]             Start  30: testUsdExportConnected
[2022-11-11T23:01:45.593Z]      13/126 Test  #12: testMayaUsdSchemasPythonImport ..................   Passed   12.47 sec
[2022-11-11T23:01:45.593Z]             Start  31: testUsdExportDisplacement
[2022-11-11T23:01:45.593Z]      14/126 Test  #13: testMayaUsdSchemasMayaReference .................   Passed   12.52 sec
[2022-11-11T23:01:45.593Z]             Start  32: testUsdExportDisplayColor
[2022-11-11T23:01:45.593Z]      15/126 Test   #3: testMayaUsdPythonImport .........................   Passed   12.71 sec
[2022-11-11T23:01:45.593Z]             Start  33: testUsdExportEulerFilter
[2022-11-11T23:01:45.593Z]      16/126 Test   #9: testMayaUsdPlugVersionCheck .....................   Passed   12.94 sec
[2022-11-11T23:01:45.593Z]             Start  34: testUsdExportFileFormat
[2022-11-11T23:01:45.593Z]      17/126 Test   #1: testMayaUsdConverter ............................   Passed   13.05 sec
[2022-11-11T23:01:45.593Z]             Start  35: testUsdExportFilterTypes
[2022-11-11T23:01:45.593Z]      18/126 Test   #4: testMayaUsdLayerEditorCommands ..................   Passed   13.11 sec
[2022-11-11T23:01:45.593Z]             Start  36: testUsdExportFrameOffset
[2022-11-11T23:01:45.593Z]      19/126 Test   #5: testMayaUsdCacheId ..............................   Passed   13.15 sec
[2022-11-11T23:01:45.593Z]             Start  37: testUsdExportGeomSubset
[2022-11-11T23:01:45.593Z]      20/126 Test   #2: testMayaUsdCreateStageCommands ..................   Passed   13.20 sec
[2022-11-11T23:01:45.593Z]             Start  38: testUsdExportInstances
[2022-11-11T23:01:45.593Z]      21/126 Test  #24: testUsdExportAnimation ..........................   Passed   11.38 sec
[2022-11-11T23:01:45.593Z]             Start  39: testUsdExportLayerAttributes
[2022-11-11T23:01:45.986Z]      22/126 Test  #26: testUsdExportBindTransform ......................   Passed   11.70 sec
[2022-11-11T23:01:45.986Z]             Start  40: testUsdExportLight
[2022-11-11T23:01:45.986Z]      23/126 Test  #27: testUsdExportBlendshapes ........................   Passed   11.75 sec
[2022-11-11T23:01:45.986Z]             Start  41: testUsdExportLocator
[2022-11-11T23:01:47.304Z]      24/126 Test  #28: testUsdExportCamera .............................   Passed   12.86 sec
[2022-11-11T23:01:47.304Z]             Start  42: testUsdExportMayaInstancer
[2022-11-11T23:01:47.304Z]      25/126 Test  #11: testPxrUsdPreviewSurfaceExport ..................   Passed   14.87 sec
[2022-11-11T23:01:47.304Z]             Start  43: testUsdExportMesh
[2022-11-11T23:01:47.304Z]      26/126 Test  #25: testUsdExportAsClip .............................   Passed   13.11 sec
[2022-11-11T23:01:47.304Z]             Start  44: testUsdExportNurbsCurve
[2022-11-11T23:01:47.304Z]      27/126 Test  #29: testUsdExportColorSets ..........................   Passed   13.08 sec
[2022-11-11T23:01:47.304Z]             Start  45: testUsdExportOpenLayer
[2022-11-11T23:01:48.128Z]      28/126 Test  #30: testUsdExportConnected ..........................   Passed    4.07 sec
[2022-11-11T23:01:48.128Z]             Start  46: testUsdExportOverImport
[2022-11-11T23:01:48.952Z]      29/126 Test  #34: testUsdExportFileFormat .........................   Passed    3.87 sec
[2022-11-11T23:01:48.952Z]             Start  47: testUsdExportUsdPreviewSurface
[2022-11-11T23:01:49.353Z]      30/126 Test  #32: testUsdExportDisplayColor .......................   Passed    4.32 sec
[2022-11-11T23:01:49.353Z]             Start  48: testUsdExportParentScope
[2022-11-11T23:01:49.353Z]      31/126 Test  #33: testUsdExportEulerFilter ........................   Passed    4.19 sec
[2022-11-11T23:01:49.353Z]             Start  49: testUsdExportParticles
[2022-11-11T23:01:49.353Z]      32/126 Test  #31: testUsdExportDisplacement .......................   Passed    4.45 sec
[2022-11-11T23:01:49.353Z]             Start  50: testUsdExportPref
[2022-11-11T23:01:49.746Z]      33/126 Test  #39: testUsdExportLayerAttributes ....................   Passed    4.06 sec
[2022-11-11T23:01:49.746Z]             Start  51: testUsdExportRenderLayerMode
[2022-11-11T23:01:49.746Z]      34/126 Test  #38: testUsdExportInstances ..........................   Passed    4.22 sec
[2022-11-11T23:01:49.746Z]             Start  52: testUsdExportRoots
[2022-11-11T23:01:49.746Z]      35/126 Test  #37: testUsdExportGeomSubset .........................   Passed    4.28 sec
[2022-11-11T23:01:49.746Z]             Start  53: testUsdExportRootsAndParentScope
[2022-11-11T23:01:49.746Z]      36/126 Test  #40: testUsdExportLight ..............................   Passed    3.99 sec
[2022-11-11T23:01:49.746Z]             Start  54: testUsdExportSelection
[2022-11-11T23:01:49.746Z]      37/126 Test  #36: testUsdExportFrameOffset ........................   Passed    4.54 sec
[2022-11-11T23:01:49.746Z]             Start  55: testUsdExportSelectionHierarchy
[2022-11-11T23:01:50.581Z]      38/126 Test  #41: testUsdExportLocator ............................   Passed    4.60 sec
[2022-11-11T23:01:50.581Z]             Start  56: testUsdExportShadingInstanced
[2022-11-11T23:01:50.972Z]      39/126 Test  #35: testUsdExportFilterTypes ........................   Passed    5.46 sec
[2022-11-11T23:01:50.972Z]             Start  57: testUsdExportShadingModePxrRis
[2022-11-11T23:01:50.972Z]      40/126 Test  #43: testUsdExportMesh ...............................***Failed    3.95 sec
[2022-11-11T23:01:50.972Z]     MAYA_DEBUG_NO_SAVE_ON_CRASH is set.
[2022-11-11T23:01:50.972Z]     Error: Missing OpenColorIO configuration file: <MAYA_RESOURCES>/OCIO-configs/Maya-legacy/config.ocio
[2022-11-11T23:01:50.972Z]     Warning: Missing OpenColorIO configuration file: <MAYA_RESOURCES>/OCIO-configs/Maya-legacy/config.ocio
[2022-11-11T23:01:50.972Z]     Warning: Missing OpenColorIO configuration file: <MAYA_RESOURCES>/OCIO-configs/Maya-legacy/config.ocio
[2022-11-11T23:01:50.972Z]     Warning: Internal error: failed to initialize template.
[2022-11-11T23:01:50.972Z]     Warning: Internal error: failed to initialize template.
[2022-11-11T23:01:50.972Z]     Warning: Errors have occurred while reading this scene that may result in data loss.
[2022-11-11T23:01:50.972Z]     File read in  0.029 seconds.
[2022-11-11T23:01:50.972Z]     Error: Missing OpenColorIO configuration file: <MAYA_RESOURCES>/OCIO-configs/Maya-legacy/config.ocio
[2022-11-11T23:01:50.972Z]     Viewport 2.0 floating point render target is turned off.
[2022-11-11T23:01:50.972Z]     E
[2022-11-11T23:01:50.972Z]     ======================================================================
[2022-11-11T23:01:50.972Z]     ERROR: setUpClass (testUsdExportMesh.testUsdExportMesh)
[2022-11-11T23:01:50.972Z]     ----------------------------------------------------------------------
[2022-11-11T23:01:50.972Z]     Traceback (most recent call last):
[2022-11-11T23:01:50.972Z]       File "S:\jenkins\workspace\ECP\ecg-maya-usd\ecg-mayausd-branch-preflight-2019-no-ufe-windows\ecg-maya-usd\maya-usd\test\lib\usd\translators\testUsdExportMesh.py", line 36, in setUpClass
[2022-11-11T23:01:50.972Z]         cmds.file(cls.meshTestFile, force=True, open=True)
[2022-11-11T23:01:50.972Z]     RuntimeError: file: S:/jenkins/workspace/ECP/ecg-maya-usd/ecg-mayausd-branch-preflight-2019-no-ufe-windows/ecg-maya-usd/maya-usd/test/lib/usd/translators/UsdExportMeshTest/UsdExportMeshTest.ma line 5: Unknown Maya file version: 2022.
[2022-11-11T23:01:50.972Z]     file: S:/jenkins/workspace/ECP/ecg-maya-usd/ecg-mayausd-branch-preflight-2019-no-ufe-windows/ecg-maya-usd/maya-usd/test/lib/usd/translators/UsdExportMeshTest/UsdExportMeshTest.ma line 468: The colorManagementGlobals 'defaultColorMgtGlobals' has no '.vn' attribute.
[2022-11-11T23:01:50.972Z]     file: S:/jenkins/workspace/ECP/ecg-maya-usd/ecg-mayausd-branch-preflight-2019-no-ufe-windows/ecg-maya-usd/maya-usd/test/lib/usd/translators/UsdExportMeshTest/UsdExportMeshTest.ma line 468: setAttr: No object matches name: .vn
[2022-11-11T23:01:50.972Z]     file: S:/jenkins/workspace/ECP/ecg-maya-usd/ecg-mayausd-branch-preflight-2019-no-ufe-windows/ecg-maya-usd/maya-usd/test/lib/usd/translators/UsdExportMeshTest/UsdExportMeshTest.ma line 469: The colorManagementGlobals 'defaultColorMgtGlobals' has no '.dn' attribute.
[2022-11-11T23:01:50.972Z]     file: S:/jenkins/workspace/ECP/ecg-maya-usd/ecg-mayausd-branch-preflight-2019-no-ufe-windows/ecg-maya-usd/maya-usd/test/lib/usd/translators/UsdExportMeshTest/UsdExportMeshTest.ma line 469: setAttr: No object matches name: .dn
[2022-11-11T23:01:50.972Z]     Missing OpenColorIO configuration file: <MAYA_RESOURCES>/OCIO-configs/Maya-legacy/config.ocio
[2022-11-11T23:01:50.972Z]     Error reading file.
[2022-11-11T23:01:50.972Z]     Error reading file.
[2022-11-11T23:01:50.972Z]     Missing OpenColorIO configuration file: <MAYA_RESOURCES>/OCIO-configs/Maya-legacy/config.ocio
[2022-11-11T23:01:50.972Z]     
[2022-11-11T23:01:50.972Z]     
[2022-11-11T23:01:50.972Z]     ----------------------------------------------------------------------
[2022-11-11T23:01:50.972Z]     Ran 0 tests in 0.282s
[2022-11-11T23:01:50.972Z]     
[2022-11-11T23:01:50.972Z]     FAILED (errors=1)
[2022-11-11T23:01:50.972Z]     
[2022-11-11T23:01:50.972Z]             Start  58: testUsdExportSkeleton
[2022-11-11T23:01:51.363Z]      41/126 Test  #45: testUsdExportOpenLayer ..........................   Passed    4.08 sec
[2022-11-11T23:01:51.363Z]             Start  59: testUsdExportStripNamespaces
[2022-11-11T23:01:51.754Z]      42/126 Test  #42: testUsdExportMayaInstancer ......................   Passed    4.58 sec
[2022-11-11T23:01:51.754Z]             Start  60: testUsdExportStroke
[2022-11-11T23:01:51.754Z]      43/126 Test  #44: testUsdExportNurbsCurve .........................   Passed    4.55 sec
[2022-11-11T23:01:51.754Z]             Start  61: testUsdExportUserTaggedAttributes
[2022-11-11T23:01:52.143Z]      44/126 Test  #46: testUsdExportOverImport .........................   Passed    3.95 sec
[2022-11-11T23:01:52.143Z]             Start  62: testUsdExportVisibilityDefault
[2022-11-11T23:01:53.463Z]      45/126 Test  #51: testUsdExportRenderLayerMode ....................   Passed    3.70 sec
[2022-11-11T23:01:53.463Z]             Start  63: testUsdImportAnonymousLayer
[2022-11-11T23:01:53.463Z]      46/126 Test  #47: testUsdExportUsdPreviewSurface ..................   Passed    4.42 sec
[2022-11-11T23:01:53.463Z]             Start  64: testUsdImportCamera
[2022-11-11T23:01:53.463Z]      47/126 Test  #49: testUsdExportParticles ..........................   Passed    4.43 sec
[2022-11-11T23:01:53.463Z]             Start  65: testUsdImportBasisCurves
[2022-11-11T23:01:53.854Z]      48/126 Test  #50: testUsdExportPref ...............................   Passed    4.59 sec
[2022-11-11T23:01:53.854Z]             Start  66: testUsdImportBatchNurbsCurves
[2022-11-11T23:01:53.854Z]      49/126 Test  #48: testUsdExportParentScope ........................   Passed    4.69 sec
[2022-11-11T23:01:53.854Z]             Start  67: testUsdImportLinearCurves
[2022-11-11T23:01:53.854Z]      50/126 Test  #53: testUsdExportRootsAndParentScope ................   Passed    4.26 sec
[2022-11-11T23:01:53.854Z]             Start  68: testUsdImportNurbsCurves
[2022-11-11T23:01:54.245Z]      51/126 Test  #54: testUsdExportSelection ..........................   Passed    4.47 sec
[2022-11-11T23:01:54.245Z]             Start  69: testUsdImportBatchBezierCurves
[2022-11-11T23:01:54.245Z]      52/126 Test  #55: testUsdExportSelectionHierarchy .................   Passed    4.38 sec
[2022-11-11T23:01:54.245Z]             Start  70: testUsdImportColorSets
[2022-11-11T23:01:55.091Z]      53/126 Test  #56: testUsdExportShadingInstanced ...................   Passed    4.56 sec
[2022-11-11T23:01:55.091Z]             Start  71: testUsdImportDisplacement
[2022-11-11T23:01:55.483Z]      54/126 Test  #57: testUsdExportShadingModePxrRis ..................   Passed    4.49 sec
[2022-11-11T23:01:55.483Z]             Start  72: testUsdImportExportScope
[2022-11-11T23:01:55.483Z]      55/126 Test  #59: testUsdExportStripNamespaces ....................   Passed    3.90 sec
[2022-11-11T23:01:55.483Z]             Start  73: testUsdImportExportTypelessDefs
[2022-11-11T23:01:55.483Z]      56/126 Test  #52: testUsdExportRoots ..............................   Passed    5.90 sec
[2022-11-11T23:01:55.483Z]             Start  74: testUsdImportFrameRange
[2022-11-11T23:01:56.307Z]      57/126 Test  #60: testUsdExportStroke .............................   Passed    4.42 sec
[2022-11-11T23:01:56.307Z]             Start  75: testUsdImportFramerates
[2022-11-11T23:01:56.307Z]      58/126 Test  #61: testUsdExportUserTaggedAttributes ...............   Passed    4.48 sec
[2022-11-11T23:01:56.307Z]             Start  76: testUsdImportInstances
[2022-11-11T23:01:56.307Z]      59/126 Test  #58: testUsdExportSkeleton ...........................   Passed    5.16 sec
[2022-11-11T23:01:56.307Z]             Start  77: testUsdImportLight
[2022-11-11T23:01:56.307Z]      60/126 Test  #62: testUsdExportVisibilityDefault ..................   Passed    4.43 sec
[2022-11-11T23:01:56.307Z]             Start  78: testUsdImportMayaReference
[2022-11-11T23:01:57.136Z]      61/126 Test  #63: testUsdImportAnonymousLayer .....................   Passed    3.91 sec
[2022-11-11T23:01:57.136Z]             Start  79: testUsdImportMesh
[2022-11-11T23:01:57.528Z]      62/126 Test  #64: testUsdImportCamera .............................   Passed    3.83 sec
[2022-11-11T23:01:57.528Z]             Start  80: testUsdImportPreviewSurface
[2022-11-11T23:01:57.963Z]      63/126 Test  #67: testUsdImportLinearCurves .......................   Passed    3.92 sec
[2022-11-11T23:01:57.963Z]             Start  81: testUsdImportSessionLayer
[2022-11-11T23:01:57.963Z]      64/126 Test  #65: testUsdImportBasisCurves ........................   Passed    4.16 sec
[2022-11-11T23:01:57.963Z]             Start  82: testUsdImportShadingModeDisplayColor
[2022-11-11T23:01:57.963Z]      65/126 Test  #66: testUsdImportBatchNurbsCurves ...................   Passed    3.99 sec
[2022-11-11T23:01:57.963Z]             Start  83: testUsdImportShadingModePxrRis
[2022-11-11T23:01:57.963Z]      66/126 Test  #68: testUsdImportNurbsCurves ........................   Passed    4.00 sec
[2022-11-11T23:01:57.963Z]             Start  84: testUsdImportUVSetMappings
[2022-11-11T23:01:58.361Z]      67/126 Test  #70: testUsdImportColorSets ..........................   Passed    3.91 sec
[2022-11-11T23:01:58.361Z]             Start  85: testUsdImportUSDZTextures
[2022-11-11T23:01:58.361Z]      68/126 Test  #69: testUsdImportBatchBezierCurves ..................   Passed    4.01 sec
[2022-11-11T23:01:58.361Z]             Start  86: testUsdExportImportRoundtripPreviewSurface
[2022-11-11T23:01:59.347Z]      69/126 Test  #71: testUsdImportDisplacement .......................   Passed    3.92 sec
[2022-11-11T23:01:59.347Z]             Start  87: testUsdExportImportUDIM
[2022-11-11T23:01:59.347Z]      70/126 Test  #72: testUsdImportExportScope ........................   Passed    3.83 sec
[2022-11-11T23:01:59.347Z]             Start  88: testUsdImportSkeleton
[2022-11-11T23:01:59.743Z]      71/126 Test  #73: testUsdImportExportTypelessDefs .................   Passed    4.27 sec
[2022-11-11T23:01:59.743Z]             Start  89: testUsdImportXforms
[2022-11-11T23:01:59.743Z]      72/126 Test  #74: testUsdImportFrameRange .........................   Passed    4.12 sec
[2022-11-11T23:01:59.743Z]             Start  90: testUsdImportXformAnim
[2022-11-11T23:02:00.133Z]      73/126 Test  #75: testUsdImportFramerates .........................   Passed    4.07 sec
[2022-11-11T23:02:00.133Z]             Start  91: testUsdMayaAdaptor
[2022-11-11T23:02:00.133Z]      74/126 Test  #77: testUsdImportLight ..............................   Passed    3.99 sec
[2022-11-11T23:02:00.133Z]             Start  92: testUsdMayaAdaptorGeom
[2022-11-11T23:02:00.523Z]      75/126 Test  #76: testUsdImportInstances ..........................   Passed    4.15 sec
[2022-11-11T23:02:00.523Z]             Start  93: testUsdMayaAdaptorMetadata
[2022-11-11T23:02:00.912Z]      76/126 Test  #78: testUsdImportMayaReference ......................   Passed    4.42 sec
[2022-11-11T23:02:00.912Z]             Start  94: testUsdMayaAdaptorUndoRedo
[2022-11-11T23:02:00.912Z]      77/126 Test  #79: testUsdImportMesh ...............................   Passed    3.86 sec
[2022-11-11T23:02:00.912Z]             Start  95: testUsdExportUVTransforms
[2022-11-11T23:02:01.303Z]      78/126 Test  #80: testUsdImportPreviewSurface .....................   Passed    4.04 sec
[2022-11-11T23:02:01.303Z]             Start  96: testUsdExportUsdzPackage
[2022-11-11T23:02:01.693Z]      79/126 Test  #81: testUsdImportSessionLayer .......................   Passed    3.91 sec
[2022-11-11T23:02:01.693Z]             Start  97: testUsdExportRfMShaders
[2022-11-11T23:02:01.693Z]      80/126 Test  #83: testUsdImportShadingModePxrRis ..................   Passed    3.96 sec
[2022-11-11T23:02:01.693Z]             Start  98: testUsdImportRfMShaders
[2022-11-11T23:02:01.693Z]      81/126 Test  #82: testUsdImportShadingModeDisplayColor ............   Passed    4.05 sec
[2022-11-11T23:02:01.693Z]             Start  99: testUsdExportUVSets
[2022-11-11T23:02:02.083Z]      82/126 Test  #84: testUsdImportUVSetMappings ......................   Passed    4.02 sec
[2022-11-11T23:02:02.083Z]             Start 100: testUsdExportUVSetsFloat
[2022-11-11T23:02:02.083Z]      83/126 Test  #85: testUsdImportUSDZTextures .......................   Passed    3.84 sec
[2022-11-11T23:02:02.083Z]             Start 101: testUsdExportUVSetMappings
[2022-11-11T23:02:02.908Z]      84/126 Test  #86: testUsdExportImportRoundtripPreviewSurface ......   Passed    4.43 sec
[2022-11-11T23:02:02.908Z]             Start 102: testUsdImportUVSets
[2022-11-11T23:02:02.908Z]      85/126 Test  #88: testUsdImportSkeleton ...........................   Passed    3.89 sec
[2022-11-11T23:02:02.908Z]             Start 103: testUsdImportUVSetsFloat
[2022-11-11T23:02:03.732Z]      86/126 Test  #87: testUsdExportImportUDIM .........................   Passed    4.48 sec
[2022-11-11T23:02:03.733Z]             Start 104: testUsdImportChaser
[2022-11-11T23:02:03.733Z]      87/126 Test  #90: testUsdImportXformAnim ..........................   Passed    3.89 sec
[2022-11-11T23:02:03.733Z]             Start 105: testUsdMayaListShadingModesCommand
[2022-11-11T23:02:04.123Z]      88/126 Test  #92: testUsdMayaAdaptorGeom ..........................   Passed    3.78 sec
[2022-11-11T23:02:04.123Z]             Start 106: testUsdImportExportSiteSpecificConfig
[2022-11-11T23:02:04.123Z]      89/126 Test  #91: testUsdMayaAdaptor ..............................   Passed    3.90 sec
[2022-11-11T23:02:04.123Z]             Start 107: testUsdExportAssembly
[2022-11-11T23:02:04.513Z]      90/126 Test  #93: testUsdMayaAdaptorMetadata ......................   Passed    4.16 sec
[2022-11-11T23:02:04.513Z]             Start 108: testUsdExportAssemblyEdits
[2022-11-11T23:02:04.513Z]      91/126 Test  #94: testUsdMayaAdaptorUndoRedo ......................   Passed    3.80 sec
[2022-11-11T23:02:04.513Z]             Start 109: testUsdExportPackage
[2022-11-11T23:02:05.338Z]      92/126 Test  #96: testUsdExportUsdzPackage ........................   Passed    3.96 sec
[2022-11-11T23:02:05.338Z]             Start 110: testUsdExportPointInstancer
[2022-11-11T23:02:05.338Z]      93/126 Test  #95: testUsdExportUVTransforms .......................   Passed    4.36 sec
[2022-11-11T23:02:05.338Z]             Start 111: testUsdImportAsAssemblies
[2022-11-11T23:02:05.726Z]      94/126 Test  #97: testUsdExportRfMShaders .........................   Passed    3.87 sec
[2022-11-11T23:02:05.726Z]             Start 112: testUsdImportNestedAssemblyAnimation
[2022-11-11T23:02:05.726Z]      95/126 Test  #98: testUsdImportRfMShaders .........................   Passed    3.78 sec
[2022-11-11T23:02:05.726Z]             Start 113: testUsdMayaGetVariantSetSelections
[2022-11-11T23:02:06.120Z]      96/126 Test  #99: testUsdExportUVSets .............................   Passed    4.23 sec
[2022-11-11T23:02:06.120Z]             Start 114: testUsdMayaModelKindProcessor
[2022-11-11T23:02:06.120Z]      97/126 Test #100: testUsdExportUVSetsFloat ........................   Passed    4.14 sec
[2022-11-11T23:02:06.120Z]             Start 115: testUsdMayaReferenceAssemblyEdits
[2022-11-11T23:02:06.509Z]      98/126 Test #102: testUsdImportUVSets .............................   Passed    3.82 sec
[2022-11-11T23:02:06.509Z]             Start 116: testUsdReferenceAssemblyChangeRepresentations
[2022-11-11T23:02:06.509Z]      99/126 Test #101: testUsdExportUVSetMappings ......................   Passed    4.52 sec
[2022-11-11T23:02:06.509Z]             Start 117: testPxrUsdAlembicChaser
[2022-11-11T23:02:06.900Z]     100/126 Test #103: testUsdImportUVSetsFloat ........................   Passed    3.73 sec
[2022-11-11T23:02:06.900Z]             Start 118: AL_MayaUtilsTests
[2022-11-11T23:02:07.722Z]     101/126 Test #104: testUsdImportChaser .............................   Passed    4.01 sec
[2022-11-11T23:02:07.722Z]             Start 119: GTest:AL_USDTransactionTests
[2022-11-11T23:02:07.722Z]     102/126 Test #119: GTest:AL_USDTransactionTests ....................   Passed    0.20 sec
[2022-11-11T23:02:07.722Z]             Start 120: Python:AL_USDTransactionTests
[2022-11-11T23:02:07.722Z]     103/126 Test #105: testUsdMayaListShadingModesCommand ..............   Passed    4.16 sec
[2022-11-11T23:02:07.722Z]             Start 121: AL_USDMayaTestPlugin
[2022-11-11T23:02:08.112Z]     104/126 Test #106: testUsdImportExportSiteSpecificConfig ...........   Passed    3.94 sec
[2022-11-11T23:02:08.112Z]             Start 122: TestALUSDMayaPython_ProxyShape
[2022-11-11T23:02:08.505Z]     105/126 Test #120: Python:AL_USDTransactionTests ...................   Passed    0.74 sec
[2022-11-11T23:02:08.505Z]             Start 123: TestALUSDMayaPython_Translators
[2022-11-11T23:02:08.505Z]     106/126 Test #107: testUsdExportAssembly ...........................   Passed    4.54 sec
[2022-11-11T23:02:08.505Z]             Start 124: TestALUSDMayaPython_LayerManager
[2022-11-11T23:02:09.331Z]     107/126 Test #108: testUsdExportAssemblyEdits ......................   Passed    4.73 sec
[2022-11-11T23:02:09.331Z]             Start 125: TestALUSDMayaPython_ImportModule
[2022-11-11T23:02:09.331Z]     108/126 Test #109: testUsdExportPackage ............................   Passed    4.73 sec
[2022-11-11T23:02:09.331Z]             Start 126: testMayaSchemas
[2022-11-11T23:02:09.726Z]     109/126 Test #111: testUsdImportAsAssemblies .......................   Passed    4.21 sec
[2022-11-11T23:02:09.726Z]             Start 127: TestAdditionalTranslators
[2022-11-11T23:02:09.726Z]     110/126 Test #126: testMayaSchemas .................................   Passed    0.18 sec
[2022-11-11T23:02:09.726Z]             Start 128: TestPxrUsdTranslators
[2022-11-11T23:02:09.726Z]     111/126 Test #113: testUsdMayaGetVariantSetSelections ..............   Passed    4.10 sec
[2022-11-11T23:02:09.726Z]     112/126 Test #112: testUsdImportNestedAssemblyAnimation ............   Passed    4.16 sec
[2022-11-11T23:02:10.120Z]     113/126 Test #118: AL_MayaUtilsTests ...............................   Passed    3.32 sec
[2022-11-11T23:02:10.120Z]     114/126 Test #115: testUsdMayaReferenceAssemblyEdits ...............   Passed    3.90 sec
[2022-11-11T23:02:10.512Z]     115/126 Test #125: TestALUSDMayaPython_ImportModule ................   Passed    1.01 sec
[2022-11-11T23:02:10.902Z]     116/126 Test #116: testUsdReferenceAssemblyChangeRepresentations ...   Passed    4.16 sec
[2022-11-11T23:02:10.902Z]     117/126 Test #114: testUsdMayaModelKindProcessor ...................   Passed    4.81 sec
[2022-11-11T23:02:10.902Z]     118/126 Test #117: testPxrUsdAlembicChaser .........................   Passed    4.41 sec
[2022-11-11T23:02:11.727Z]     119/126 Test #122: TestALUSDMayaPython_ProxyShape ..................   Passed    3.69 sec
[2022-11-11T23:02:12.566Z]     120/126 Test #124: TestALUSDMayaPython_LayerManager ................   Passed    3.80 sec
[2022-11-11T23:02:12.566Z]     121/126 Test #123: TestALUSDMayaPython_Translators .................   Passed    4.14 sec
[2022-11-11T23:02:13.391Z]     122/126 Test #128: TestPxrUsdTranslators ...........................   Passed    3.56 sec
[2022-11-11T23:02:14.710Z]     123/126 Test #127: TestAdditionalTranslators .......................   Passed    5.27 sec
[2022-11-11T23:02:28.548Z]     124/126 Test #121: AL_USDMayaTestPlugin ............................   Passed   19.61 sec
[2022-11-11T23:02:33.744Z]     125/126 Test #110: testUsdExportPointInstancer .....................   Passed   28.42 sec
[2022-11-11T23:03:08.071Z]     126/126 Test  #89: testUsdImportXforms .............................   Passed   67.92 sec
[2022-11-11T23:03:08.071Z]     
[2022-11-11T23:03:08.071Z]     99% tests passed, 1 tests failed out of 125
[2022-11-11T23:03:08.071Z]     
[2022-11-11T23:03:08.071Z]     Label Time Summary:
[2022-11-11T23:03:08.071Z]     Debugging            =   0.00 sec*proc (1 test)
[2022-11-11T23:03:08.071Z]     MayaUsd              =  78.16 sec*proc (6 tests)
[2022-11-11T23:03:08.071Z]     translators          = 460.27 sec*proc (83 tests)
[2022-11-11T23:03:08.071Z]     usdPreviewSurface    =  26.58 sec*proc (2 tests)
[2022-11-11T23:03:08.071Z]     
[2022-11-11T23:03:08.071Z]     Total Test time (real) =  95.97 sec
[2022-11-11T23:03:08.071Z]     
[2022-11-11T23:03:08.071Z]     The following tests did not run:
[2022-11-11T23:03:08.071Z]     	  8 - _Interactive_Maya (Disabled)
[2022-11-11T23:03:08.071Z]     
[2022-11-11T23:03:08.071Z]     The following tests FAILED:
[2022-11-11T23:03:08.071Z]     	 43 - testUsdExportMesh (Failed)
[2022-11-11T23:03:08.071Z]     Errors while running CTest
[2022-11-11T23:03:08.071Z]     
[2022-11-11T23:03:08.071Z]         Building with settings:
[2022-11-11T23:03:08.071Z]           Source directory          S:\jenkins\workspace\ECP\ecg-maya-usd\ecg-mayausd-branch-preflight-2019-no-ufe-windows\ecg-maya-usd\maya-usd
[2022-11-11T23:03:08.071Z]           Workspace directory       W:\
[2022-11-11T23:03:08.071Z]           Build directory           W:\build\RelWithDebInfo
[2022-11-11T23:03:08.071Z]           Install directory         W:\install\RelWithDebInfo\MayaUSD
[2022-11-11T23:03:08.071Z]           Variant                   RelWithDebInfo
[2022-11-11T23:03:08.071Z]           Python Debug              Off
[2022-11-11T23:03:08.071Z]           CMake generator           Ninja
[2022-11-11T23:03:08.071Z]           Build arguments           ['-DCMAKE_MAKE_PROGRAM=P:/shared/Artifactory/Windows/ninja/1.9.0/c68f192/ninja.exe', '-DPYTHON_INCLUDE_DIR=P:/shared/Artifactory/Windows/rundev-2019/202003131251/runtime/155eb96/runTime/include/Python2.7', '-DPython_EXECUTABLE=P:/shared/Artifactory/Windows/rundev-2019/202003131251/runtime/155eb96/runTime/bin/mayapy.exe', '-DPYTHON_LIBRARIES=P:/shared/Artifactory/Windows/rundev-2019/202003131251/runtime/155eb96/runTime/lib/python27.lib', '-DCMAKE_WANT_UFE_BUILD=OFF', '-DCMAKE_WANT_MATERIALX_BUILD=ON', '-DCMAKE_PREFIX_PATH=P:\\shared\\Artifactory\\Windows\\USD\\cfb3d8a']
[2022-11-11T23:03:08.071Z]           Stages arguments          ['test']
[2022-11-11T23:03:08.071Z]           CTest arguments           ['-E testUsdReferenceAssemblySelection|testUsdMayaAppDir', '-LE interactive', '--parallel 16']
[2022-11-11T23:03:08.071Z]     #####################################################################################
[2022-11-11T23:03:08.071Z]     log date: 2022-11-11 15:01
[2022-11-11T23:03:08.071Z]     commit sha: a720f37357b71e011a221e2d3277ed167aab236b
[2022-11-11T23:03:08.071Z]     commit date: Fri Nov 11 14:55:11 2022 -0800
[2022-11-11T23:03:08.071Z]     #####################################################################################
[2022-11-11T23:03:08.071Z]     
[2022-11-11T23:03:08.071Z]     cmake --build . --config RelWithDebInfo --target install -- -j16
[2022-11-11T23:03:08.071Z]     #####################################################################################
[2022-11-11T23:03:08.071Z]     log date: 2022-11-11 15:01
[2022-11-11T23:03:08.071Z]     commit sha: a720f37357b71e011a221e2d3277ed167aab236b
[2022-11-11T23:03:08.071Z]     commit date: Fri Nov 11 14:55:11 2022 -0800
[2022-11-11T23:03:08.071Z]     #####################################################################################
[2022-11-11T23:03:08.071Z]     
[2022-11-11T23:03:08.071Z]     ctest --output-on-failure --timeout 500 -C RelWithDebInfo -E testUsdReferenceAssemblySelection|testUsdMayaAppDir -LE interactive --parallel 16
[2022-11-11T23:03:08.071Z]     
[2022-11-11T23:03:08.071Z]     Traceback (most recent call last):
[2022-11-11T23:03:08.071Z]       File "S:\jenkins\workspace\ECP\ecg-maya-usd\ecg-mayausd-branch-preflight-2019-no-ufe-windows\ecg-maya-usd\maya-usd\build.py", line 628, in <module>
[2022-11-11T23:03:08.071Z]         RunTests(context, context.ctestArgs)
[2022-11-11T23:03:08.071Z]       File "S:\jenkins\workspace\ECP\ecg-maya-usd\ecg-mayausd-branch-preflight-2019-no-ufe-windows\ecg-maya-usd\maya-usd\build.py", line 411, in RunTests
[2022-11-11T23:03:08.071Z]         RunCTest(context,extraArgs)
[2022-11-11T23:03:08.071Z]       File "S:\jenkins\workspace\ECP\ecg-maya-usd\ecg-mayausd-branch-preflight-2019-no-ufe-windows\ecg-maya-usd\maya-usd\build.py", line 322, in RunCTest
[2022-11-11T23:03:08.071Z]         extraArgs=(" ".join(extraArgs) if extraArgs else "")))
[2022-11-11T23:03:08.071Z]       File "S:\jenkins\workspace\ECP\ecg-maya-usd\ecg-mayausd-branch-preflight-2019-no-ufe-windows\ecg-maya-usd\maya-usd\build.py", line 179, in Run
[2022-11-11T23:03:08.071Z]         .format(cmd=cmd, log=os.path.abspath(context.logFileLocation)))
[2022-11-11T23:03:08.071Z]     RuntimeError: Failed to run 'ctest --output-on-failure --timeout 500 -C RelWithDebInfo -E testUsdReferenceAssemblySelection|testUsdMayaAppDir -LE interactive --parallel 16 '
[2022-11-11T23:03:08.071Z]     See W:\build\RelWithDebInfo\build_log.txt for more details.
[2022-11-11T23:03:08.071Z] build.py: error: Command failed with error code: 1
[Pipeline] bat
[2022-11-11T23:03:08.834Z] Deleting alias drive W:
[Pipeline] bat
[2022-11-11T23:03:09.596Z] Deleting alias drive P:
[Pipeline] }
[Pipeline] // withEnv
[Pipeline] }
[Pipeline] // timeout
[Pipeline] }
[Pipeline] // stage
[Pipeline] }
[Pipeline] // timestamps
[Pipeline] emailextrecipients
Not sending mail to unregistered user ecg.jenkins@autodesk.com because your SCM claimed this was associated with a user ID ecg.jenkins' which your security realm does not recognize; you may need changes in your SCM plugin
Not sending mail to unregistered user ecg.jenkins@autodesk.com because your SCM claimed this was associated with a user ID ecg.jenkins' which your security realm does not recognize; you may need changes in your SCM plugin
[Pipeline] echo
No recipients to send notification.
[Pipeline] }
[Pipeline] // node
[Pipeline] End of Pipeline
ERROR: script returned exit code 1
[Checks API] No suitable checks publisher found.
Finished: FAILURE
