[2022-11-29T23:23:09.793Z] ================================================================================
[2022-11-29T23:23:09.793Z]                              setup (RelWithDebInfo)
[2022-11-29T23:23:09.793Z] ================================================================================
[Pipeline] bat
[2022-11-29T23:23:10.066Z] Deleting alias drive W:
[Pipeline] bat
[2022-11-29T23:23:10.345Z] Deleting alias drive P:
[Pipeline] }
[Pipeline] // withEnv
[Pipeline] }
[Pipeline] // timeout
[Pipeline] }
[Pipeline] // stage
[Pipeline] }
[Pipeline] // timestamps
[Pipeline] timestamps
[Pipeline] {
[Pipeline] stage
[Pipeline] { (Clean)
[Pipeline] timeout
[2022-11-29T23:23:10.566Z] Timeout set to expire in 6 hr 0 min
[Pipeline] {
[Pipeline] withEnv
[Pipeline] {
[Pipeline] bat
[2022-11-29T23:23:10.924Z] Creating alias drive P: to S:\jenkins\workspace
[Pipeline] bat
[2022-11-29T23:23:11.502Z] Creating alias drive W: to S:\jenkins\workspace\ECP\ecg-maya-usd\ecg-mayausd-branch-preflight-2019-no-ufe-windows
[Pipeline] bat
[2022-11-29T23:23:11.963Z] "C:\Program Files (x86)\Microsoft Visual Studio\2017\Professional\VC\Auxiliary\Build\vcvarsall.bat" x64
[2022-11-29T23:23:12.066Z] **********************************************************************
[2022-11-29T23:23:12.066Z] ** Visual Studio 2017 Developer Command Prompt v15.9.15
[2022-11-29T23:23:12.066Z] ** Copyright (c) 2017 Microsoft Corporation
[2022-11-29T23:23:12.066Z] **********************************************************************
[2022-11-29T23:23:12.985Z] [vcvarsall.bat] Environment initialized for: 'x64'
[2022-11-29T23:23:12.985Z] python ecg-maya-usd/build.py --stages=clean --workspace-dir=W:\ --artifactory-dir=P:\shared\Artifactory --build-dir=W:\build --install-dir=W:\install --signing-dir=W:\signing --package-dir=W:\package --output-dir=W:\output --stash-dir=W:\stash --jenkins-build=495 --git-commit=3675e061145f6fc558dabba32b85019b2afda970 --git-branch=master --variants=RelWithDebInfo --python=2.7 --ufe=false --pxrusd-version=0.21.05-gold --post-zips=false --maya-cut-config=maya-rundev-2019.yaml --maya-package=rundev-2019 --stage-banner
[2022-11-29T23:23:13.801Z] Using Maya cut from P:\shared\Artifactory\Windows\rundev-2019\202003131251\runtime\155eb96
[2022-11-29T23:23:13.801Z] 
[2022-11-29T23:23:13.801Z] ================================================================================
[2022-11-29T23:23:13.801Z]                              clean (RelWithDebInfo)
[2022-11-29T23:23:13.801Z] ================================================================================
[2022-11-29T23:23:13.801Z] Maya Python RelWithDebInfo Info:
[2022-11-29T23:23:13.801Z]   mayapy executable   = P:\shared\Artifactory\Windows\rundev-2019\202003131251\runtime\155eb96\runTime\bin\mayapy.exe
[2022-11-29T23:23:13.801Z]   Include Folder      = P:\shared\Artifactory\Windows\rundev-2019\202003131251\runtime\155eb96\runTime\include\Python2.7
[2022-11-29T23:23:13.801Z]   Library             = P:\shared\Artifactory\Windows\rundev-2019\202003131251\runtime\155eb96\runTime\lib\python27.lib
[2022-11-29T23:23:13.801Z]   site-package Folder = P:\shared\Artifactory\Windows\rundev-2019\202003131251\runtime\155eb96\runTime\Python\Lib\site-packages
[2022-11-29T23:23:14.517Z] In workdir: S:\jenkins\workspace\ECP\ecg-maya-usd\ecg-mayausd-branch-preflight-2019-no-ufe-windows\ecg-maya-usd\maya-usd
[2022-11-29T23:23:14.517Z] Executing: 'P:\\shared\\Artifactory\\Windows\\rundev-2019\\202003131251\\runtime\\155eb96\\runTime\\bin\\mayapy.exe' 'S:\\jenkins\\workspace\\ECP\\ecg-maya-usd\\ecg-mayausd-branch-preflight-2019-no-ufe-windows\\ecg-maya-usd\\maya-usd\\build.py' --generator Ninja --build-relwithdebug --maya-location 'P:\\shared\\Artifactory\\Windows\\rundev-2019\\202003131251\\runtime\\155eb96\\runTime' --devkit-location 'P:\\shared\\Artifactory\\Windows\\rundev-2019\\202003131251\\runtime\\155eb96\\devkitBase' --pxrusd-location 'P:\\shared\\Artifactory\\Windows\\USD\\cfb3d8a' --qt-location 'P:\\shared\\Artifactory\\Windows\\qt\\5.6.1\\1acd0ba' '--build-args=-DCMAKE_MAKE_PROGRAM=P:/shared/Artifactory/Windows/ninja/1.9.0/c68f192/ninja.exe,-DPYTHON_INCLUDE_DIR=P:/shared/Artifactory/Windows/rundev-2019/202003131251/runtime/155eb96/runTime/include/Python2.7,-DPython_EXECUTABLE=P:/shared/Artifactory/Windows/rundev-2019/202003131251/runtime/155eb96/runTime/bin/mayapy.exe,-DPYTHON_LIBRARIES=P:/shared/Artifactory/Windows/rundev-2019/202003131251/runtime/155eb96/runTime/lib/python27.lib,-DCMAKE_WANT_UFE_BUILD=OFF,-DUSD_LIB_PREFIX=,-DCMAKE_WANT_MATERIALX_BUILD=ON,-DCMAKE_PREFIX_PATH=P:\\shared\\Artifactory\\Windows\\USD\\cfb3d8a' '--ctest-args=-E testUsdReferenceAssemblySelection|testUsdMayaAppDir,-LE interactive,--parallel 16' --stages=clean --redirect-outstream-file=False --install-location 'W:\\install\\RelWithDebInfo\\MayaUSD' 'W:\\'
[2022-11-29T23:23:14.517Z] Modified environment variables:
[2022-11-29T23:23:14.517Z]     PATH=P:\shared\Artifactory\Windows\cmake\3.20.3\afe857a\bin;C:\Python27\lib\site-packages\pywin32_system32;C:\Program Files (x86)\Microsoft Visual Studio\2017\Professional\VC\Tools\MSVC\14.16.27023\bin\HostX64\x64;C:\Program Files (x86)\Microsoft Visual Studio\2017\Professional\Common7\IDE\VC\VCPackages;C:\Program Files (x86)\Microsoft Visual Studio\2017\Professional\Common7\IDE\CommonExtensions\Microsoft\TestWindow;C:\Program Files (x86)\Microsoft Visual Studio\2017\Professional\Common7\IDE\CommonExtensions\Microsoft\TeamFoundation\Team Explorer;C:\Program Files (x86)\Microsoft Visual Studio\2017\Professional\MSBuild\15.0\bin\Roslyn;C:\Program Files (x86)\Microsoft Visual Studio\2017\Professional\Team Tools\Performance Tools\x64;C:\Program Files (x86)\Microsoft Visual Studio\2017\Professional\Team Tools\Performance Tools;C:\Program Files (x86)\Microsoft Visual Studio\Shared\Common\VSPerfCollectionTools\\x64;C:\Program Files (x86)\Microsoft Visual Studio\Shared\Common\VSPerfCollectionTools\;C:\Program Files (x86)\Microsoft SDKs\Windows\v10.0A\bin\NETFX 4.6.1 Tools\x64\;C:\Program Files (x86)\HTML Help Workshop;C:\Program Files (x86)\Windows Kits\10\bin\10.0.18362.0\x64;C:\Program Files (x86)\Windows Kits\10\bin\x64;C:\Program Files (x86)\Microsoft Visual Studio\2017\Professional\\MSBuild\15.0\bin;C:\WINDOWS\Microsoft.NET\Framework64\v4.0.30319;C:\Program Files (x86)\Microsoft Visual Studio\2017\Professional\Common7\IDE\;C:\Program Files (x86)\Microsoft Visual Studio\2017\Professional\Common7\Tools\;C:\Python27\;C:\Python27\Scripts;C:\WINDOWS\system32;C:\WINDOWS;C:\WINDOWS\System32\Wbem;C:\WINDOWS\System32\WindowsPowerShell\v1.0\;C:\WINDOWS\System32\OpenSSH\;C:\ProgramData\chocolatey\bin;C:\Program Files (x86)\WiX Toolset v3.7\bin;C:\Program Files\dotnet\;C:\Program Files (x86)\Windows Kits\10\bin\10.0.18362.0\x64;C:\Program Files\Zulu\zulu-11\bin\;C:\Program Files (x86)\Windows Kits\10\bin\10.0.17763.0\x64;C:\Program Files (x86)\Windows Kits\10\bin\x64;C:\Program Files\Git\cmd;C:\Program Files\Git\usr\bin;C:\Program Files\Git\mingw64\bin;C:\Program Files\Git\bin;C:\Python38\;C:\Python38\Scripts;C:\StoreBoxClientWindows;C:\Program Files\Electric Cloud\ElectricCommander\bin;C:\Program Files\WinRAR;C:\Program Files\7-Zip;C:\Users\Administrator\AppData\Local\Microsoft\WindowsApps;C:\Program Files (x86)\Microsoft Visual Studio\2017\Professional\Common7\IDE\CommonExtensions\Microsoft\CMake\CMake\bin;C:\Program Files (x86)\Microsoft Visual Studio\2017\Professional\Common7\IDE\CommonExtensions\Microsoft\CMake\Ninja
[2022-11-29T23:23:14.619Z]     
[2022-11-29T23:23:14.619Z]         Building with settings:
[2022-11-29T23:23:14.619Z]           Source directory          S:\jenkins\workspace\ECP\ecg-maya-usd\ecg-mayausd-branch-preflight-2019-no-ufe-windows\ecg-maya-usd\maya-usd
[2022-11-29T23:23:14.619Z]           Workspace directory       W:\
[2022-11-29T23:23:14.619Z]           Build directory           W:\build\RelWithDebInfo
[2022-11-29T23:23:14.619Z]           Install directory         W:\install\RelWithDebInfo\MayaUSD
[2022-11-29T23:23:14.619Z]           Variant                   RelWithDebInfo
[2022-11-29T23:23:14.619Z]           Python Debug              Off
[2022-11-29T23:23:14.619Z]           CMake generator           Ninja
[2022-11-29T23:23:14.619Z]           Build arguments           ['-DCMAKE_MAKE_PROGRAM=P:/shared/Artifactory/Windows/ninja/1.9.0/c68f192/ninja.exe', '-DPYTHON_INCLUDE_DIR=P:/shared/Artifactory/Windows/rundev-2019/202003131251/runtime/155eb96/runTime/include/Python2.7', '-DPython_EXECUTABLE=P:/shared/Artifactory/Windows/rundev-2019/202003131251/runtime/155eb96/runTime/bin/mayapy.exe', '-DPYTHON_LIBRARIES=P:/shared/Artifactory/Windows/rundev-2019/202003131251/runtime/155eb96/runTime/lib/python27.lib', '-DCMAKE_WANT_UFE_BUILD=OFF', '-DUSD_LIB_PREFIX=', '-DCMAKE_WANT_MATERIALX_BUILD=ON', '-DCMAKE_PREFIX_PATH=P:\\shared\\Artifactory\\Windows\\USD\\cfb3d8a']
[2022-11-29T23:23:14.619Z]           Stages arguments          ['clean']
[2022-11-29T23:23:14.619Z]           CTest arguments           ['-E testUsdReferenceAssemblySelection|testUsdMayaAppDir', '-LE interactive', '--parallel 16']
[2022-11-29T23:23:14.619Z]     Success MayaUSD build and install !!!!
[2022-11-29T23:23:14.619Z]     Elapsed time: 00:00:00
[Pipeline] bat
[2022-11-29T23:23:14.887Z] Deleting alias drive W:
[Pipeline] bat
[2022-11-29T23:23:15.169Z] Deleting alias drive P:
[Pipeline] }
[Pipeline] // withEnv
[Pipeline] }
[Pipeline] // timeout
[Pipeline] }
[Pipeline] // stage
[Pipeline] }
[Pipeline] // timestamps
[Pipeline] timestamps
[Pipeline] {
[Pipeline] stage
[Pipeline] { (Configure)
[Pipeline] timeout
[2022-11-29T23:23:15.393Z] Timeout set to expire in 6 hr 0 min
[Pipeline] {
[Pipeline] withEnv
[Pipeline] {
[Pipeline] bat
[2022-11-29T23:23:15.752Z] Creating alias drive P: to S:\jenkins\workspace
[Pipeline] bat
[2022-11-29T23:23:16.036Z] Creating alias drive W: to S:\jenkins\workspace\ECP\ecg-maya-usd\ecg-mayausd-branch-preflight-2019-no-ufe-windows
[Pipeline] bat
[2022-11-29T23:23:16.508Z] "C:\Program Files (x86)\Microsoft Visual Studio\2017\Professional\VC\Auxiliary\Build\vcvarsall.bat" x64
[2022-11-29T23:23:16.610Z] **********************************************************************
[2022-11-29T23:23:16.610Z] ** Visual Studio 2017 Developer Command Prompt v15.9.15
[2022-11-29T23:23:16.610Z] ** Copyright (c) 2017 Microsoft Corporation
[2022-11-29T23:23:16.610Z] **********************************************************************
[2022-11-29T23:23:17.527Z] [vcvarsall.bat] Environment initialized for: 'x64'
[2022-11-29T23:23:17.527Z] python ecg-maya-usd/build.py --stages=configure --workspace-dir=W:\ --artifactory-dir=P:\shared\Artifactory --build-dir=W:\build --install-dir=W:\install --signing-dir=W:\signing --package-dir=W:\package --output-dir=W:\output --stash-dir=W:\stash --jenkins-build=495 --git-commit=3675e061145f6fc558dabba32b85019b2afda970 --git-branch=master --variants=RelWithDebInfo --python=2.7 --ufe=false --pxrusd-version=0.21.05-gold --post-zips=false --maya-cut-config=maya-rundev-2019.yaml --maya-package=rundev-2019 --stage-banner
[2022-11-29T23:23:18.345Z] Using Maya cut from P:\shared\Artifactory\Windows\rundev-2019\202003131251\runtime\155eb96
[2022-11-29T23:23:18.345Z] 
[2022-11-29T23:23:18.345Z] ================================================================================
[2022-11-29T23:23:18.345Z]                            configure (RelWithDebInfo)
[2022-11-29T23:23:18.345Z] ================================================================================
[2022-11-29T23:23:18.345Z] Maya Python RelWithDebInfo Info:
[2022-11-29T23:23:18.345Z]   mayapy executable   = P:\shared\Artifactory\Windows\rundev-2019\202003131251\runtime\155eb96\runTime\bin\mayapy.exe
[2022-11-29T23:23:18.345Z]   Include Folder      = P:\shared\Artifactory\Windows\rundev-2019\202003131251\runtime\155eb96\runTime\include\Python2.7
[2022-11-29T23:23:18.345Z]   Library             = P:\shared\Artifactory\Windows\rundev-2019\202003131251\runtime\155eb96\runTime\lib\python27.lib
[2022-11-29T23:23:18.345Z]   site-package Folder = P:\shared\Artifactory\Windows\rundev-2019\202003131251\runtime\155eb96\runTime\Python\Lib\site-packages
[2022-11-29T23:23:19.065Z] In workdir: S:\jenkins\workspace\ECP\ecg-maya-usd\ecg-mayausd-branch-preflight-2019-no-ufe-windows\ecg-maya-usd\maya-usd
[2022-11-29T23:23:19.065Z] Executing: 'P:\\shared\\Artifactory\\Windows\\rundev-2019\\202003131251\\runtime\\155eb96\\runTime\\bin\\mayapy.exe' 'S:\\jenkins\\workspace\\ECP\\ecg-maya-usd\\ecg-mayausd-branch-preflight-2019-no-ufe-windows\\ecg-maya-usd\\maya-usd\\build.py' --generator Ninja --build-relwithdebug --maya-location 'P:\\shared\\Artifactory\\Windows\\rundev-2019\\202003131251\\runtime\\155eb96\\runTime' --devkit-location 'P:\\shared\\Artifactory\\Windows\\rundev-2019\\202003131251\\runtime\\155eb96\\devkitBase' --pxrusd-location 'P:\\shared\\Artifactory\\Windows\\USD\\cfb3d8a' --qt-location 'P:\\shared\\Artifactory\\Windows\\qt\\5.6.1\\1acd0ba' '--build-args=-DCMAKE_MAKE_PROGRAM=P:/shared/Artifactory/Windows/ninja/1.9.0/c68f192/ninja.exe,-DPYTHON_INCLUDE_DIR=P:/shared/Artifactory/Windows/rundev-2019/202003131251/runtime/155eb96/runTime/include/Python2.7,-DPython_EXECUTABLE=P:/shared/Artifactory/Windows/rundev-2019/202003131251/runtime/155eb96/runTime/bin/mayapy.exe,-DPYTHON_LIBRARIES=P:/shared/Artifactory/Windows/rundev-2019/202003131251/runtime/155eb96/runTime/lib/python27.lib,-DCMAKE_WANT_UFE_BUILD=OFF,-DUSD_LIB_PREFIX=,-DCMAKE_WANT_MATERIALX_BUILD=ON,-DCMAKE_PREFIX_PATH=P:\\shared\\Artifactory\\Windows\\USD\\cfb3d8a' '--ctest-args=-E testUsdReferenceAssemblySelection|testUsdMayaAppDir,-LE interactive,--parallel 16' --stages=configure --redirect-outstream-file=False --install-location 'W:\\install\\RelWithDebInfo\\MayaUSD' 'W:\\'
[2022-11-29T23:23:19.065Z] Modified environment variables:
[2022-11-29T23:23:19.065Z]     PATH=P:\shared\Artifactory\Windows\cmake\3.20.3\afe857a\bin;C:\Python27\lib\site-packages\pywin32_system32;C:\Program Files (x86)\Microsoft Visual Studio\2017\Professional\VC\Tools\MSVC\14.16.27023\bin\HostX64\x64;C:\Program Files (x86)\Microsoft Visual Studio\2017\Professional\Common7\IDE\VC\VCPackages;C:\Program Files (x86)\Microsoft Visual Studio\2017\Professional\Common7\IDE\CommonExtensions\Microsoft\TestWindow;C:\Program Files (x86)\Microsoft Visual Studio\2017\Professional\Common7\IDE\CommonExtensions\Microsoft\TeamFoundation\Team Explorer;C:\Program Files (x86)\Microsoft Visual Studio\2017\Professional\MSBuild\15.0\bin\Roslyn;C:\Program Files (x86)\Microsoft Visual Studio\2017\Professional\Team Tools\Performance Tools\x64;C:\Program Files (x86)\Microsoft Visual Studio\2017\Professional\Team Tools\Performance Tools;C:\Program Files (x86)\Microsoft Visual Studio\Shared\Common\VSPerfCollectionTools\\x64;C:\Program Files (x86)\Microsoft Visual Studio\Shared\Common\VSPerfCollectionTools\;C:\Program Files (x86)\Microsoft SDKs\Windows\v10.0A\bin\NETFX 4.6.1 Tools\x64\;C:\Program Files (x86)\HTML Help Workshop;C:\Program Files (x86)\Windows Kits\10\bin\10.0.18362.0\x64;C:\Program Files (x86)\Windows Kits\10\bin\x64;C:\Program Files (x86)\Microsoft Visual Studio\2017\Professional\\MSBuild\15.0\bin;C:\WINDOWS\Microsoft.NET\Framework64\v4.0.30319;C:\Program Files (x86)\Microsoft Visual Studio\2017\Professional\Common7\IDE\;C:\Program Files (x86)\Microsoft Visual Studio\2017\Professional\Common7\Tools\;C:\Python27\;C:\Python27\Scripts;C:\WINDOWS\system32;C:\WINDOWS;C:\WINDOWS\System32\Wbem;C:\WINDOWS\System32\WindowsPowerShell\v1.0\;C:\WINDOWS\System32\OpenSSH\;C:\ProgramData\chocolatey\bin;C:\Program Files (x86)\WiX Toolset v3.7\bin;C:\Program Files\dotnet\;C:\Program Files (x86)\Windows Kits\10\bin\10.0.18362.0\x64;C:\Program Files\Zulu\zulu-11\bin\;C:\Program Files (x86)\Windows Kits\10\bin\10.0.17763.0\x64;C:\Program Files (x86)\Windows Kits\10\bin\x64;C:\Program Files\Git\cmd;C:\Program Files\Git\usr\bin;C:\Program Files\Git\mingw64\bin;C:\Program Files\Git\bin;C:\Python38\;C:\Python38\Scripts;C:\StoreBoxClientWindows;C:\Program Files\Electric Cloud\ElectricCommander\bin;C:\Program Files\WinRAR;C:\Program Files\7-Zip;C:\Users\Administrator\AppData\Local\Microsoft\WindowsApps;C:\Program Files (x86)\Microsoft Visual Studio\2017\Professional\Common7\IDE\CommonExtensions\Microsoft\CMake\CMake\bin;C:\Program Files (x86)\Microsoft Visual Studio\2017\Professional\Common7\IDE\CommonExtensions\Microsoft\CMake\Ninja
[2022-11-29T23:23:19.781Z]     -- The C compiler identification is MSVC 19.16.27032.1
[2022-11-29T23:23:19.989Z]     -- The CXX compiler identification is MSVC 19.16.27032.1
[2022-11-29T23:23:20.096Z]     -- Detecting C compiler ABI info
[2022-11-29T23:23:20.912Z]     -- Detecting C compiler ABI info - done
[2022-11-29T23:23:20.912Z]     -- Check for working C compiler: C:/Program Files (x86)/Microsoft Visual Studio/2017/Professional/VC/Tools/MSVC/14.16.27023/bin/Hostx64/x64/cl.exe - skipped
[2022-11-29T23:23:20.912Z]     -- Detecting C compile features
[2022-11-29T23:23:20.912Z]     -- Detecting C compile features - done
[2022-11-29T23:23:20.912Z]     -- Detecting CXX compiler ABI info
[2022-11-29T23:23:21.526Z]     -- Detecting CXX compiler ABI info - done
[2022-11-29T23:23:21.526Z]     -- Check for working CXX compiler: C:/Program Files (x86)/Microsoft Visual Studio/2017/Professional/VC/Tools/MSVC/14.16.27023/bin/Hostx64/x64/cl.exe - skipped
[2022-11-29T23:23:21.526Z]     -- Detecting CXX compile features
[2022-11-29T23:23:21.526Z]     -- Detecting CXX compile features - done
[2022-11-29T23:23:21.526Z]     -- Using Maya Light API Version 1
[2022-11-29T23:23:21.634Z]     -- Found Maya: P:/shared/Artifactory/Windows/rundev-2019/202003131251/runtime/155eb96/runTime/bin/maya.exe (found suitable version "2019", minimum required is "2018")
[2022-11-29T23:23:22.046Z]     -- Found Python: P:/shared/Artifactory/Windows/rundev-2019/202003131251/runtime/155eb96/runTime/bin/mayapy.exe (found suitable exact version "2.7.11") found components: Interpreter
[2022-11-29T23:23:22.046Z]     -- Build MayaUSD with Python3 = OFF
[2022-11-29T23:23:22.046Z]     --    PYTHON_INCLUDE_DIRS = P:/shared/Artifactory/Windows/rundev-2019/202003131251/runtime/155eb96/runTime/include/Python2.7
[2022-11-29T23:23:22.046Z]     --    PYTHON_LIBRARIES    = P:/shared/Artifactory/Windows/rundev-2019/202003131251/runtime/155eb96/runTime/lib/python27.lib
[2022-11-29T23:23:22.046Z]     --    Python_EXECUTABLE   = P:/shared/Artifactory/Windows/rundev-2019/202003131251/runtime/155eb96/runTime/bin/mayapy.exe
[2022-11-29T23:23:22.357Z]     -- USD include dir: P:/shared/Artifactory/Windows/USD/cfb3d8a/include
[2022-11-29T23:23:22.357Z]     -- USD library dir: P:/shared/Artifactory/Windows/USD/cfb3d8a/lib
[2022-11-29T23:23:22.357Z]     -- USD version: 0.21.05
[2022-11-29T23:23:22.357Z]     -- USD Boost::boost version: 107000
[2022-11-29T23:23:22.357Z]     -- Found USD: P:/shared/Artifactory/Windows/USD/cfb3d8a (found suitable version "0.21.05", minimum required is "0.20.05")
[2022-11-29T23:23:22.357Z]     CMake Warning at CMakeLists.txt:125 (message):
[2022-11-29T23:23:22.357Z]       Disabling MaterialX VP2 rendering: it is not supported by this USD package.
[2022-11-29T23:23:22.357Z]     
[2022-11-29T23:23:22.357Z]     
[2022-11-29T23:23:22.357Z]     Updated PYTHONPATH: P:\shared\Artifactory\Windows\USD\cfb3d8a\lib\python
[2022-11-29T23:23:22.357Z]     Updated PATH: P:\shared\Artifactory\Windows\rundev-2019\202003131251\runtime\155eb96\runTime\bin;P:\shared\Artifactory\Windows\cmake\3.20.3\afe857a\bin;C:\Python27\lib\site-packages\pywin32_system32;C:\Program Files (x86)\Microsoft Visual Studio\2017\Professional\VC\Tools\MSVC\14.16.27023\bin\HostX64\x64;C:\Program Files (x86)\Microsoft Visual Studio\2017\Professional\Common7\IDE\VC\VCPackages;C:\Program Files (x86)\Microsoft Visual Studio\2017\Professional\Common7\IDE\CommonExtensions\Microsoft\TestWindow;C:\Program Files (x86)\Microsoft Visual Studio\2017\Professional\Common7\IDE\CommonExtensions\Microsoft\TeamFoundation\Team Explorer;C:\Program Files (x86)\Microsoft Visual Studio\2017\Professional\MSBuild\15.0\bin\Roslyn;C:\Program Files (x86)\Microsoft Visual Studio\2017\Professional\Team Tools\Performance Tools\x64;C:\Program Files (x86)\Microsoft Visual Studio\2017\Professional\Team Tools\Performance Tools;C:\Program Files (x86)\Microsoft Visual Studio\Shared\Common\VSPerfCollectionTools\\x64;C:\Program Files (x86)\Microsoft Visual Studio\Shared\Common\VSPerfCollectionTools\;C:\Program Files (x86)\Microsoft SDKs\Windows\v10.0A\bin\NETFX 4.6.1 Tools\x64\;C:\Program Files (x86)\HTML Help Workshop;C:\Program Files (x86)\Windows Kits\10\bin\10.0.18362.0\x64;C:\Program Files (x86)\Windows Kits\10\bin\x64;C:\Program Files (x86)\Microsoft Visual Studio\2017\Professional\\MSBuild\15.0\bin;C:\WINDOWS\Microsoft.NET\Framework64\v4.0.30319;C:\Program Files (x86)\Microsoft Visual Studio\2017\Professional\Common7\IDE\;C:\Program Files (x86)\Microsoft Visual Studio\2017\Professional\Common7\Tools\;C:\Python27\;C:\Python27\Scripts;C:\WINDOWS\system32;C:\WINDOWS;C:\WINDOWS\System32\Wbem;C:\WINDOWS\System32\WindowsPowerShell\v1.0\;C:\WINDOWS\System32\OpenSSH\;C:\ProgramData\chocolatey\bin;C:\Program Files (x86)\WiX Toolset v3.7\bin;C:\Program Files\dotnet\;C:\Program Files (x86)\Windows Kits\10\bin\10.0.18362.0\x64;C:\Program Files\Zulu\zulu-11\bin\;C:\Program Files (x86)\Windows Kits\10\bin\10.0.17763.0\x64;C:\Program Files (x86)\Windows Kits\10\bin\x64;C:\Program Files\Git\cmd;C:\Program Files\Git\usr\bin;C:\Program Files\Git\mingw64\bin;C:\Program Files\Git\bin;C:\Python38\;C:\Python38\Scripts;C:\StoreBoxClientWindows;C:\Program Files\Electric Cloud\ElectricCommander\bin;C:\Program Files\WinRAR;C:\Program Files\7-Zip;C:\Users\Administrator\AppData\Local\Microsoft\WindowsApps;C:\Program Files (x86)\Microsoft Visual Studio\2017\Professional\Common7\IDE\CommonExtensions\Microsoft\CMake\CMake\bin;C:\Program Files (x86)\Microsoft Visual Studio\2017\Professional\Common7\IDE\CommonExtensions\Microsoft\CMake\Ninja;P:\shared\Artifactory\Windows\USD\cfb3d8a\bin;P:\shared\Artifactory\Windows\USD\cfb3d8a\lib
[2022-11-29T23:23:22.357Z]     -- Building with Qt features enabled.
[2022-11-29T23:23:22.357Z]     -- **** Building Gulrak From Github Repository.
[2022-11-29T23:23:22.357Z]     -- Populating gulrak
[2022-11-29T23:23:22.572Z]     -- Configuring done
[2022-11-29T23:23:22.572Z]     -- Generating done
[2022-11-29T23:23:22.572Z]     -- Build files have been written to: W:/build/RelWithDebInfo/_deps/gulrak-subbuild
[2022-11-29T23:23:22.787Z]     [1/9] Creating directories for 'gulrak-populate'
[2022-11-29T23:23:22.787Z]     [1/9] Performing download step (git clone) for 'gulrak-populate'
[2022-11-29T23:23:22.903Z]     Cloning into 'gulrak-src'...
[2022-11-29T23:23:23.827Z]     HEAD is now at 4e21ab3 Version bump and updated readme.
[2022-11-29T23:23:24.653Z]     [2/9] Performing update step for 'gulrak-populate'
[2022-11-29T23:23:24.867Z]     [4/9] No patch step for 'gulrak-populate'
[2022-11-29T23:23:24.867Z]     [5/9] No configure step for 'gulrak-populate'
[2022-11-29T23:23:24.978Z]     [6/9] No build step for 'gulrak-populate'
[2022-11-29T23:23:24.978Z]     [7/9] No install step for 'gulrak-populate'
[2022-11-29T23:23:25.088Z]     [8/9] No test step for 'gulrak-populate'
[2022-11-29T23:23:25.088Z]     [9/9] Completed 'gulrak-populate'
[2022-11-29T23:23:25.707Z]     -- ========== Installing GoogleTest... ==========
[2022-11-29T23:23:25.921Z]     -- Configuring done
[2022-11-29T23:23:25.921Z]     -- Generating done
[2022-11-29T23:23:25.921Z]     -- Build files have been written to: W:/build/RelWithDebInfo/googletest-config
[2022-11-29T23:23:26.136Z]     [1/8] Creating directories for 'googletest'
[2022-11-29T23:23:28.784Z]     [2/8] Performing download step (git clone) for 'googletest'
[2022-11-29T23:23:28.784Z]     Cloning into 'googletest-src'...
[2022-11-29T23:23:28.784Z]     HEAD is now at 703bd9ca Googletest export
[2022-11-29T23:23:28.898Z]     [3/8] Performing update step for 'googletest'
[2022-11-29T23:23:29.010Z]     [4/8] No patch step for 'googletest'
[2022-11-29T23:23:31.043Z]     [5/8] Performing configure step for 'googletest'
[2022-11-29T23:23:31.043Z]     Not searching for unused variables given on the command line.
[2022-11-29T23:23:31.043Z]     CMake Deprecation Warning at CMakeLists.txt:4 (cmake_minimum_required):
[2022-11-29T23:23:31.043Z]       Compatibility with CMake < 2.8.12 will be removed from a future version of
[2022-11-29T23:23:31.043Z]       CMake.
[2022-11-29T23:23:31.043Z]     
[2022-11-29T23:23:31.043Z]       Update the VERSION argument <min> value or use a ...<max> suffix to tell
[2022-11-29T23:23:31.043Z]       CMake that the project does not need compatibility with older versions.
[2022-11-29T23:23:31.043Z]     
[2022-11-29T23:23:31.043Z]     
[2022-11-29T23:23:31.043Z]     -- The C compiler identification is MSVC 19.16.27032.1
[2022-11-29T23:23:31.043Z]     -- The CXX compiler identification is MSVC 19.16.27032.1
[2022-11-29T23:23:31.043Z]     -- Detecting C compiler ABI info
[2022-11-29T23:23:31.043Z]     -- Detecting C compiler ABI info - done
[2022-11-29T23:23:31.043Z]     -- Check for working C compiler: C:/Program Files (x86)/Microsoft Visual Studio/2017/Professional/VC/Tools/MSVC/14.16.27023/bin/Hostx64/x64/cl.exe - skipped
[2022-11-29T23:23:31.043Z]     -- Detecting C compile features
[2022-11-29T23:23:31.043Z]     -- Detecting C compile features - done
[2022-11-29T23:23:31.043Z]     -- Detecting CXX compiler ABI info
[2022-11-29T23:23:31.043Z]     -- Detecting CXX compiler ABI info - done
[2022-11-29T23:23:31.043Z]     -- Check for working CXX compiler: C:/Program Files (x86)/Microsoft Visual Studio/2017/Professional/VC/Tools/MSVC/14.16.27023/bin/Hostx64/x64/cl.exe - skipped
[2022-11-29T23:23:31.043Z]     -- Detecting CXX compile features
[2022-11-29T23:23:31.043Z]     -- Detecting CXX compile features - done
[2022-11-29T23:23:31.043Z]     CMake Deprecation Warning at googletest/CMakeLists.txt:56 (cmake_minimum_required):
[2022-11-29T23:23:31.043Z]       Compatibility with CMake < 2.8.12 will be removed from a future version of
[2022-11-29T23:23:31.043Z]       CMake.
[2022-11-29T23:23:31.043Z]     
[2022-11-29T23:23:31.043Z]       Update the VERSION argument <min> value or use a ...<max> suffix to tell
[2022-11-29T23:23:31.043Z]       CMake that the project does not need compatibility with older versions.
[2022-11-29T23:23:31.043Z]     
[2022-11-29T23:23:31.043Z]     
[2022-11-29T23:23:31.043Z]     -- Found PythonInterp: C:/Python27/python.exe
[2022-11-29T23:23:31.043Z]     -- Looking for pthread.h
[2022-11-29T23:23:31.043Z]     -- Looking for pthread.h - not found
[2022-11-29T23:23:31.043Z]     -- Found Threads: TRUE
[2022-11-29T23:23:31.043Z]     -- Configuring done
[2022-11-29T23:23:31.043Z]     -- Generating done
[2022-11-29T23:23:31.043Z]     -- Build files have been written to: W:/build/RelWithDebInfo/googletest-build
[2022-11-29T23:23:35.718Z]     [6/8] Performing build step for 'googletest'
[2022-11-29T23:23:35.718Z]     [1/4] Building CXX object googletest\CMakeFiles\gtest_main.dir\src\gtest_main.cc.obj
[2022-11-29T23:23:35.718Z]     [2/4] Building CXX object googletest\CMakeFiles\gtest.dir\src\gtest-all.cc.obj
[2022-11-29T23:23:35.718Z]     [3/4] Linking CXX shared library bin\gtest.dll
[2022-11-29T23:23:35.718Z]     [4/4] Linking CXX shared library bin\gtest_main.dll
[2022-11-29T23:23:36.035Z]     [7/8] Performing install step for 'googletest'
[2022-11-29T23:23:36.035Z]     [0/1] Install the project...
[2022-11-29T23:23:36.035Z]     -- Install configuration: "RelWithDebInfo"
[2022-11-29T23:23:36.146Z]     [8/8] Completed 'googletest'
[2022-11-29T23:23:36.146Z]     -- ========== ...  GoogleTest installed. ==========
[2022-11-29T23:23:36.864Z]     -- MAYA_HAS_DEFAULT_MATERIAL_API is FALSE
[2022-11-29T23:23:36.864Z]     -- MAYA_NEW_POINT_SNAPPING_SUPPORT is FALSE
[2022-11-29T23:23:36.864Z]     -- MAYA_HAS_CRASH_DETECTION is FALSE
[2022-11-29T23:23:36.864Z]     -- MAYA_CURRENT_UFE_CAMERA_SUPPORT is FALSE
[2022-11-29T23:23:36.864Z]     -- MAYA_MRENDERITEM_UFE_IDENTIFIER_SUPPORT is FALSE
[2022-11-29T23:23:36.864Z]     -- MAYA_UPDATE_UFE_IDENTIFIER_SUPPORT is FALSE
[2022-11-29T23:23:36.864Z]     -- MAYA_HAS_DISPLAY_STYLE_ALL_VIEWPORTS is FALSE
[2022-11-29T23:23:36.864Z]     -- MAYA_ARRAY_ITERATOR_DIFFERENCE_TYPE_SUPPORT is FALSE
[2022-11-29T23:23:36.864Z]     -- MAYA_HAS_GET_MEMBER_PATHS is FALSE
[2022-11-29T23:23:36.864Z]     -- USD_HAS_COLOR4_SDR_SUPPORT is FALSE
[2022-11-29T23:23:36.864Z]     -- MAYA_HAS_DISPLAY_LAYER_API is FALSE
[2022-11-29T23:23:36.864Z]     -- MAYA_HAS_NEW_DISPLAY_LAYER_MESSAGING_API is FALSE
[2022-11-29T23:23:36.864Z]     -- MAYA_HAS_RENDER_ITEM_HIDE_ON_PLAYBACK_API is FALSE
[2022-11-29T23:23:36.864Z]     -- promoting: S:/jenkins/workspace/ECP/ecg-maya-usd/ecg-mayausd-branch-preflight-2019-no-ufe-windows/ecg-maya-usd/maya-usd/lib/mayaUsd/base/mayaUsd.h.src
[2022-11-29T23:23:36.864Z]     -- promoting: S:/jenkins/workspace/ECP/ecg-maya-usd/ecg-mayausd-branch-preflight-2019-no-ufe-windows/ecg-maya-usd/maya-usd/lib/mayaUsd/base/api.h
[2022-11-29T23:23:36.864Z]     -- promoting: S:/jenkins/workspace/ECP/ecg-maya-usd/ecg-mayausd-branch-preflight-2019-no-ufe-windows/ecg-maya-usd/maya-usd/lib/mayaUsd/base/debugCodes.h
[2022-11-29T23:23:36.864Z]     -- promoting: S:/jenkins/workspace/ECP/ecg-maya-usd/ecg-mayausd-branch-preflight-2019-no-ufe-windows/ecg-maya-usd/maya-usd/lib/mayaUsd/base/id.h
[2022-11-29T23:23:36.864Z]     -- promoting: S:/jenkins/workspace/ECP/ecg-maya-usd/ecg-mayausd-branch-preflight-2019-no-ufe-windows/ecg-maya-usd/maya-usd/lib/mayaUsd/base/syncId.h
[2022-11-29T23:23:36.864Z]     -- promoting: S:/jenkins/workspace/ECP/ecg-maya-usd/ecg-mayausd-branch-preflight-2019-no-ufe-windows/ecg-maya-usd/maya-usd/lib/mayaUsd/base/tokens.h
[2022-11-29T23:23:36.864Z]     -- promoting: S:/jenkins/workspace/ECP/ecg-maya-usd/ecg-mayausd-branch-preflight-2019-no-ufe-windows/ecg-maya-usd/maya-usd/lib/mayaUsd/commands/abstractLayerEditorWindow.h
[2022-11-29T23:23:36.864Z]     -- promoting: S:/jenkins/workspace/ECP/ecg-maya-usd/ecg-mayausd-branch-preflight-2019-no-ufe-windows/ecg-maya-usd/maya-usd/lib/mayaUsd/commands/baseExportCommand.h
[2022-11-29T23:23:36.864Z]     -- promoting: S:/jenkins/workspace/ECP/ecg-maya-usd/ecg-mayausd-branch-preflight-2019-no-ufe-windows/ecg-maya-usd/maya-usd/lib/mayaUsd/commands/baseImportCommand.h
[2022-11-29T23:23:36.864Z]     -- promoting: S:/jenkins/workspace/ECP/ecg-maya-usd/ecg-mayausd-branch-preflight-2019-no-ufe-windows/ecg-maya-usd/maya-usd/lib/mayaUsd/commands/baseListJobContextsCommand.h
[2022-11-29T23:23:36.864Z]     -- promoting: S:/jenkins/workspace/ECP/ecg-maya-usd/ecg-mayausd-branch-preflight-2019-no-ufe-windows/ecg-maya-usd/maya-usd/lib/mayaUsd/commands/baseListShadingModesCommand.h
[2022-11-29T23:23:36.864Z]     -- promoting: S:/jenkins/workspace/ECP/ecg-maya-usd/ecg-mayausd-branch-preflight-2019-no-ufe-windows/ecg-maya-usd/maya-usd/lib/mayaUsd/commands/editTargetCommand.h
[2022-11-29T23:23:36.864Z]     -- promoting: S:/jenkins/workspace/ECP/ecg-maya-usd/ecg-mayausd-branch-preflight-2019-no-ufe-windows/ecg-maya-usd/maya-usd/lib/mayaUsd/commands/layerEditorCommand.h
[2022-11-29T23:23:36.864Z]     -- promoting: S:/jenkins/workspace/ECP/ecg-maya-usd/ecg-mayausd-branch-preflight-2019-no-ufe-windows/ecg-maya-usd/maya-usd/lib/mayaUsd/commands/layerEditorWindowCommand.h
[2022-11-29T23:23:36.864Z]     -- promoting: S:/jenkins/workspace/ECP/ecg-maya-usd/ecg-mayausd-branch-preflight-2019-no-ufe-windows/ecg-maya-usd/maya-usd/lib/mayaUsd/fileio/fallbackPrimReader.h
[2022-11-29T23:23:36.864Z]     -- promoting: S:/jenkins/workspace/ECP/ecg-maya-usd/ecg-mayausd-branch-preflight-2019-no-ufe-windows/ecg-maya-usd/maya-usd/lib/mayaUsd/fileio/functorPrimReader.h
[2022-11-29T23:23:36.864Z]     -- promoting: S:/jenkins/workspace/ECP/ecg-maya-usd/ecg-mayausd-branch-preflight-2019-no-ufe-windows/ecg-maya-usd/maya-usd/lib/mayaUsd/fileio/functorPrimWriter.h
[2022-11-29T23:23:36.864Z]     -- promoting: S:/jenkins/workspace/ECP/ecg-maya-usd/ecg-mayausd-branch-preflight-2019-no-ufe-windows/ecg-maya-usd/maya-usd/lib/mayaUsd/fileio/importData.h
[2022-11-29T23:23:36.864Z]     -- promoting: S:/jenkins/workspace/ECP/ecg-maya-usd/ecg-mayausd-branch-preflight-2019-no-ufe-windows/ecg-maya-usd/maya-usd/lib/mayaUsd/fileio/instancedNodeWriter.h
[2022-11-29T23:23:36.864Z]     -- promoting: S:/jenkins/workspace/ECP/ecg-maya-usd/ecg-mayausd-branch-preflight-2019-no-ufe-windows/ecg-maya-usd/maya-usd/lib/mayaUsd/fileio/jobContextRegistry.h
[2022-11-29T23:23:36.864Z]     -- promoting: S:/jenkins/workspace/ECP/ecg-maya-usd/ecg-mayausd-branch-preflight-2019-no-ufe-windows/ecg-maya-usd/maya-usd/lib/mayaUsd/fileio/primReader.h
[2022-11-29T23:23:36.864Z]     -- promoting: S:/jenkins/workspace/ECP/ecg-maya-usd/ecg-mayausd-branch-preflight-2019-no-ufe-windows/ecg-maya-usd/maya-usd/lib/mayaUsd/fileio/primReaderArgs.h
[2022-11-29T23:23:36.864Z]     -- promoting: S:/jenkins/workspace/ECP/ecg-maya-usd/ecg-mayausd-branch-preflight-2019-no-ufe-windows/ecg-maya-usd/maya-usd/lib/mayaUsd/fileio/primReaderContext.h
[2022-11-29T23:23:36.864Z]     -- promoting: S:/jenkins/workspace/ECP/ecg-maya-usd/ecg-mayausd-branch-preflight-2019-no-ufe-windows/ecg-maya-usd/maya-usd/lib/mayaUsd/fileio/primReaderRegistry.h
[2022-11-29T23:23:36.864Z]     -- promoting: S:/jenkins/workspace/ECP/ecg-maya-usd/ecg-mayausd-branch-preflight-2019-no-ufe-windows/ecg-maya-usd/maya-usd/lib/mayaUsd/fileio/primWriter.h
[2022-11-29T23:23:36.864Z]     -- promoting: S:/jenkins/workspace/ECP/ecg-maya-usd/ecg-mayausd-branch-preflight-2019-no-ufe-windows/ecg-maya-usd/maya-usd/lib/mayaUsd/fileio/primWriterArgs.h
[2022-11-29T23:23:36.864Z]     -- promoting: S:/jenkins/workspace/ECP/ecg-maya-usd/ecg-mayausd-branch-preflight-2019-no-ufe-windows/ecg-maya-usd/maya-usd/lib/mayaUsd/fileio/primWriterContext.h
[2022-11-29T23:23:36.864Z]     -- promoting: S:/jenkins/workspace/ECP/ecg-maya-usd/ecg-mayausd-branch-preflight-2019-no-ufe-windows/ecg-maya-usd/maya-usd/lib/mayaUsd/fileio/primWriterRegistry.h
[2022-11-29T23:23:36.864Z]     -- promoting: S:/jenkins/workspace/ECP/ecg-maya-usd/ecg-mayausd-branch-preflight-2019-no-ufe-windows/ecg-maya-usd/maya-usd/lib/mayaUsd/fileio/registryHelper.h
[2022-11-29T23:23:36.864Z]     -- promoting: S:/jenkins/workspace/ECP/ecg-maya-usd/ecg-mayausd-branch-preflight-2019-no-ufe-windows/ecg-maya-usd/maya-usd/lib/mayaUsd/fileio/schemaApiAdaptor.h
[2022-11-29T23:23:36.864Z]     -- promoting: S:/jenkins/workspace/ECP/ecg-maya-usd/ecg-mayausd-branch-preflight-2019-no-ufe-windows/ecg-maya-usd/maya-usd/lib/mayaUsd/fileio/schemaApiAdaptorRegistry.h
[2022-11-29T23:23:36.864Z]     -- promoting: S:/jenkins/workspace/ECP/ecg-maya-usd/ecg-mayausd-branch-preflight-2019-no-ufe-windows/ecg-maya-usd/maya-usd/lib/mayaUsd/fileio/shaderReader.h
[2022-11-29T23:23:36.864Z]     -- promoting: S:/jenkins/workspace/ECP/ecg-maya-usd/ecg-mayausd-branch-preflight-2019-no-ufe-windows/ecg-maya-usd/maya-usd/lib/mayaUsd/fileio/shaderReaderRegistry.h
[2022-11-29T23:23:36.864Z]     -- promoting: S:/jenkins/workspace/ECP/ecg-maya-usd/ecg-mayausd-branch-preflight-2019-no-ufe-windows/ecg-maya-usd/maya-usd/lib/mayaUsd/fileio/shaderWriter.h
[2022-11-29T23:23:36.864Z]     -- promoting: S:/jenkins/workspace/ECP/ecg-maya-usd/ecg-mayausd-branch-preflight-2019-no-ufe-windows/ecg-maya-usd/maya-usd/lib/mayaUsd/fileio/shaderWriterRegistry.h
[2022-11-29T23:23:36.864Z]     -- promoting: S:/jenkins/workspace/ECP/ecg-maya-usd/ecg-mayausd-branch-preflight-2019-no-ufe-windows/ecg-maya-usd/maya-usd/lib/mayaUsd/fileio/transformWriter.h
[2022-11-29T23:23:36.864Z]     -- promoting: S:/jenkins/workspace/ECP/ecg-maya-usd/ecg-mayausd-branch-preflight-2019-no-ufe-windows/ecg-maya-usd/maya-usd/lib/mayaUsd/fileio/writeJobContext.h
[2022-11-29T23:23:36.864Z]     -- promoting: S:/jenkins/workspace/ECP/ecg-maya-usd/ecg-mayausd-branch-preflight-2019-no-ufe-windows/ecg-maya-usd/maya-usd/lib/mayaUsd/fileio/chaser/exportChaser.h
[2022-11-29T23:23:36.864Z]     -- promoting: S:/jenkins/workspace/ECP/ecg-maya-usd/ecg-mayausd-branch-preflight-2019-no-ufe-windows/ecg-maya-usd/maya-usd/lib/mayaUsd/fileio/chaser/exportChaserRegistry.h
[2022-11-29T23:23:36.864Z]     -- promoting: S:/jenkins/workspace/ECP/ecg-maya-usd/ecg-mayausd-branch-preflight-2019-no-ufe-windows/ecg-maya-usd/maya-usd/lib/mayaUsd/fileio/chaser/importChaserRegistry.h
[2022-11-29T23:23:36.864Z]     -- promoting: S:/jenkins/workspace/ECP/ecg-maya-usd/ecg-mayausd-branch-preflight-2019-no-ufe-windows/ecg-maya-usd/maya-usd/lib/mayaUsd/fileio/chaser/importChaser.h
[2022-11-29T23:23:36.864Z]     -- promoting: S:/jenkins/workspace/ECP/ecg-maya-usd/ecg-mayausd-branch-preflight-2019-no-ufe-windows/ecg-maya-usd/maya-usd/lib/mayaUsd/fileio/jobs/jobArgs.h
[2022-11-29T23:23:36.864Z]     -- promoting: S:/jenkins/workspace/ECP/ecg-maya-usd/ecg-mayausd-branch-preflight-2019-no-ufe-windows/ecg-maya-usd/maya-usd/lib/mayaUsd/fileio/jobs/meshDataReadJob.h
[2022-11-29T23:23:36.864Z]     -- promoting: S:/jenkins/workspace/ECP/ecg-maya-usd/ecg-mayausd-branch-preflight-2019-no-ufe-windows/ecg-maya-usd/maya-usd/lib/mayaUsd/fileio/jobs/modelKindProcessor.h
[2022-11-29T23:23:36.864Z]     -- promoting: S:/jenkins/workspace/ECP/ecg-maya-usd/ecg-mayausd-branch-preflight-2019-no-ufe-windows/ecg-maya-usd/maya-usd/lib/mayaUsd/fileio/jobs/readJob.h
[2022-11-29T23:23:36.864Z]     -- promoting: S:/jenkins/workspace/ECP/ecg-maya-usd/ecg-mayausd-branch-preflight-2019-no-ufe-windows/ecg-maya-usd/maya-usd/lib/mayaUsd/fileio/jobs/writeJob.h
[2022-11-29T23:23:36.864Z]     -- promoting: S:/jenkins/workspace/ECP/ecg-maya-usd/ecg-mayausd-branch-preflight-2019-no-ufe-windows/ecg-maya-usd/maya-usd/lib/mayaUsd/fileio/shading/rfmShaderMap.h
[2022-11-29T23:23:36.864Z]     -- promoting: S:/jenkins/workspace/ECP/ecg-maya-usd/ecg-mayausd-branch-preflight-2019-no-ufe-windows/ecg-maya-usd/maya-usd/lib/mayaUsd/fileio/shading/shadingModeExporter.h
[2022-11-29T23:23:36.864Z]     -- promoting: S:/jenkins/workspace/ECP/ecg-maya-usd/ecg-mayausd-branch-preflight-2019-no-ufe-windows/ecg-maya-usd/maya-usd/lib/mayaUsd/fileio/shading/shadingModeExporterContext.h
[2022-11-29T23:23:36.864Z]     -- promoting: S:/jenkins/workspace/ECP/ecg-maya-usd/ecg-mayausd-branch-preflight-2019-no-ufe-windows/ecg-maya-usd/maya-usd/lib/mayaUsd/fileio/shading/shadingModeImporter.h
[2022-11-29T23:23:36.864Z]     -- promoting: S:/jenkins/workspace/ECP/ecg-maya-usd/ecg-mayausd-branch-preflight-2019-no-ufe-windows/ecg-maya-usd/maya-usd/lib/mayaUsd/fileio/shading/shadingModeRegistry.h
[2022-11-29T23:23:36.864Z]     -- promoting: S:/jenkins/workspace/ECP/ecg-maya-usd/ecg-mayausd-branch-preflight-2019-no-ufe-windows/ecg-maya-usd/maya-usd/lib/mayaUsd/fileio/shading/symmetricShaderReader.h
[2022-11-29T23:23:36.864Z]     -- promoting: S:/jenkins/workspace/ECP/ecg-maya-usd/ecg-mayausd-branch-preflight-2019-no-ufe-windows/ecg-maya-usd/maya-usd/lib/mayaUsd/fileio/shading/symmetricShaderWriter.h
[2022-11-29T23:23:36.864Z]     -- promoting: S:/jenkins/workspace/ECP/ecg-maya-usd/ecg-mayausd-branch-preflight-2019-no-ufe-windows/ecg-maya-usd/maya-usd/lib/mayaUsd/fileio/translators/skelBindingsProcessor.h
[2022-11-29T23:23:36.864Z]     -- promoting: S:/jenkins/workspace/ECP/ecg-maya-usd/ecg-mayausd-branch-preflight-2019-no-ufe-windows/ecg-maya-usd/maya-usd/lib/mayaUsd/fileio/translators/translatorCamera.h
[2022-11-29T23:23:36.864Z]     -- promoting: S:/jenkins/workspace/ECP/ecg-maya-usd/ecg-mayausd-branch-preflight-2019-no-ufe-windows/ecg-maya-usd/maya-usd/lib/mayaUsd/fileio/translators/translatorCurves.h
[2022-11-29T23:23:36.864Z]     -- promoting: S:/jenkins/workspace/ECP/ecg-maya-usd/ecg-mayausd-branch-preflight-2019-no-ufe-windows/ecg-maya-usd/maya-usd/lib/mayaUsd/fileio/translators/translatorGprim.h
[2022-11-29T23:23:36.864Z]     -- promoting: S:/jenkins/workspace/ECP/ecg-maya-usd/ecg-mayausd-branch-preflight-2019-no-ufe-windows/ecg-maya-usd/maya-usd/lib/mayaUsd/fileio/translators/translatorLight.h
[2022-11-29T23:23:36.864Z]     -- promoting: S:/jenkins/workspace/ECP/ecg-maya-usd/ecg-mayausd-branch-preflight-2019-no-ufe-windows/ecg-maya-usd/maya-usd/lib/mayaUsd/fileio/translators/translatorMaterial.h
[2022-11-29T23:23:36.864Z]     -- promoting: S:/jenkins/workspace/ECP/ecg-maya-usd/ecg-mayausd-branch-preflight-2019-no-ufe-windows/ecg-maya-usd/maya-usd/lib/mayaUsd/fileio/translators/translatorMayaReference.h
[2022-11-29T23:23:36.864Z]     -- promoting: S:/jenkins/workspace/ECP/ecg-maya-usd/ecg-mayausd-branch-preflight-2019-no-ufe-windows/ecg-maya-usd/maya-usd/lib/mayaUsd/fileio/translators/translatorMesh.h
[2022-11-29T23:23:36.864Z]     -- promoting: S:/jenkins/workspace/ECP/ecg-maya-usd/ecg-mayausd-branch-preflight-2019-no-ufe-windows/ecg-maya-usd/maya-usd/lib/mayaUsd/fileio/translators/translatorNurbsPatch.h
[2022-11-29T23:23:36.864Z]     -- promoting: S:/jenkins/workspace/ECP/ecg-maya-usd/ecg-mayausd-branch-preflight-2019-no-ufe-windows/ecg-maya-usd/maya-usd/lib/mayaUsd/fileio/translators/translatorPrim.h
[2022-11-29T23:23:36.864Z]     -- promoting: S:/jenkins/workspace/ECP/ecg-maya-usd/ecg-mayausd-branch-preflight-2019-no-ufe-windows/ecg-maya-usd/maya-usd/lib/mayaUsd/fileio/translators/translatorRfMLight.h
[2022-11-29T23:23:36.864Z]     -- promoting: S:/jenkins/workspace/ECP/ecg-maya-usd/ecg-mayausd-branch-preflight-2019-no-ufe-windows/ecg-maya-usd/maya-usd/lib/mayaUsd/fileio/translators/translatorSkel.h
[2022-11-29T23:23:36.864Z]     -- promoting: S:/jenkins/workspace/ECP/ecg-maya-usd/ecg-mayausd-branch-preflight-2019-no-ufe-windows/ecg-maya-usd/maya-usd/lib/mayaUsd/fileio/translators/translatorUtil.h
[2022-11-29T23:23:36.864Z]     -- promoting: S:/jenkins/workspace/ECP/ecg-maya-usd/ecg-mayausd-branch-preflight-2019-no-ufe-windows/ecg-maya-usd/maya-usd/lib/mayaUsd/fileio/translators/translatorXformable.h
[2022-11-29T23:23:36.864Z]     -- promoting: S:/jenkins/workspace/ECP/ecg-maya-usd/ecg-mayausd-branch-preflight-2019-no-ufe-windows/ecg-maya-usd/maya-usd/lib/mayaUsd/fileio/utils/adaptor.h
[2022-11-29T23:23:36.864Z]     -- promoting: S:/jenkins/workspace/ECP/ecg-maya-usd/ecg-mayausd-branch-preflight-2019-no-ufe-windows/ecg-maya-usd/maya-usd/lib/mayaUsd/fileio/utils/jointWriteUtils.h
[2022-11-29T23:23:36.864Z]     -- promoting: S:/jenkins/workspace/ECP/ecg-maya-usd/ecg-mayausd-branch-preflight-2019-no-ufe-windows/ecg-maya-usd/maya-usd/lib/mayaUsd/fileio/utils/meshReadUtils.h
[2022-11-29T23:23:36.864Z]     -- promoting: S:/jenkins/workspace/ECP/ecg-maya-usd/ecg-mayausd-branch-preflight-2019-no-ufe-windows/ecg-maya-usd/maya-usd/lib/mayaUsd/fileio/utils/meshWriteUtils.h
[2022-11-29T23:23:36.864Z]     -- promoting: S:/jenkins/workspace/ECP/ecg-maya-usd/ecg-mayausd-branch-preflight-2019-no-ufe-windows/ecg-maya-usd/maya-usd/lib/mayaUsd/fileio/utils/readUtil.h
[2022-11-29T23:23:36.864Z]     -- promoting: S:/jenkins/workspace/ECP/ecg-maya-usd/ecg-mayausd-branch-preflight-2019-no-ufe-windows/ecg-maya-usd/maya-usd/lib/mayaUsd/fileio/utils/roundTripUtil.h
[2022-11-29T23:23:36.864Z]     -- promoting: S:/jenkins/workspace/ECP/ecg-maya-usd/ecg-mayausd-branch-preflight-2019-no-ufe-windows/ecg-maya-usd/maya-usd/lib/mayaUsd/fileio/utils/shadingUtil.h
[2022-11-29T23:23:36.864Z]     -- promoting: S:/jenkins/workspace/ECP/ecg-maya-usd/ecg-mayausd-branch-preflight-2019-no-ufe-windows/ecg-maya-usd/maya-usd/lib/mayaUsd/fileio/utils/userTaggedAttribute.h
[2022-11-29T23:23:36.864Z]     -- promoting: S:/jenkins/workspace/ECP/ecg-maya-usd/ecg-mayausd-branch-preflight-2019-no-ufe-windows/ecg-maya-usd/maya-usd/lib/mayaUsd/fileio/utils/writeUtil.h
[2022-11-29T23:23:36.864Z]     -- promoting: S:/jenkins/workspace/ECP/ecg-maya-usd/ecg-mayausd-branch-preflight-2019-no-ufe-windows/ecg-maya-usd/maya-usd/lib/mayaUsd/fileio/utils/xformStack.h
[2022-11-29T23:23:36.864Z]     -- promoting: S:/jenkins/workspace/ECP/ecg-maya-usd/ecg-mayausd-branch-preflight-2019-no-ufe-windows/ecg-maya-usd/maya-usd/lib/mayaUsd/listeners/notice.h
[2022-11-29T23:23:36.864Z]     -- promoting: S:/jenkins/workspace/ECP/ecg-maya-usd/ecg-mayausd-branch-preflight-2019-no-ufe-windows/ecg-maya-usd/maya-usd/lib/mayaUsd/listeners/proxyShapeNotice.h
[2022-11-29T23:23:36.864Z]     -- promoting: S:/jenkins/workspace/ECP/ecg-maya-usd/ecg-mayausd-branch-preflight-2019-no-ufe-windows/ecg-maya-usd/maya-usd/lib/mayaUsd/listeners/stageNoticeListener.h
[2022-11-29T23:23:36.975Z]     -- promoting: S:/jenkins/workspace/ECP/ecg-maya-usd/ecg-mayausd-branch-preflight-2019-no-ufe-windows/ecg-maya-usd/maya-usd/lib/mayaUsd/nodes/hdImagingShape.h
[2022-11-29T23:23:36.975Z]     -- promoting: S:/jenkins/workspace/ECP/ecg-maya-usd/ecg-mayausd-branch-preflight-2019-no-ufe-windows/ecg-maya-usd/maya-usd/lib/mayaUsd/nodes/pointBasedDeformerNode.h
[2022-11-29T23:23:36.975Z]     -- promoting: S:/jenkins/workspace/ECP/ecg-maya-usd/ecg-mayausd-branch-preflight-2019-no-ufe-windows/ecg-maya-usd/maya-usd/lib/mayaUsd/nodes/proxyAccessor.h
[2022-11-29T23:23:36.975Z]     -- promoting: S:/jenkins/workspace/ECP/ecg-maya-usd/ecg-mayausd-branch-preflight-2019-no-ufe-windows/ecg-maya-usd/maya-usd/lib/mayaUsd/nodes/proxyShapeBase.h
[2022-11-29T23:23:36.975Z]     -- promoting: S:/jenkins/workspace/ECP/ecg-maya-usd/ecg-mayausd-branch-preflight-2019-no-ufe-windows/ecg-maya-usd/maya-usd/lib/mayaUsd/nodes/proxyShapePlugin.h
[2022-11-29T23:23:36.975Z]     -- promoting: S:/jenkins/workspace/ECP/ecg-maya-usd/ecg-mayausd-branch-preflight-2019-no-ufe-windows/ecg-maya-usd/maya-usd/lib/mayaUsd/nodes/proxyStageProvider.h
[2022-11-29T23:23:36.975Z]     -- promoting: S:/jenkins/workspace/ECP/ecg-maya-usd/ecg-mayausd-branch-preflight-2019-no-ufe-windows/ecg-maya-usd/maya-usd/lib/mayaUsd/nodes/proxyShapeStageExtraData.h
[2022-11-29T23:23:36.975Z]     -- promoting: S:/jenkins/workspace/ECP/ecg-maya-usd/ecg-mayausd-branch-preflight-2019-no-ufe-windows/ecg-maya-usd/maya-usd/lib/mayaUsd/nodes/stageData.h
[2022-11-29T23:23:36.975Z]     -- promoting: S:/jenkins/workspace/ECP/ecg-maya-usd/ecg-mayausd-branch-preflight-2019-no-ufe-windows/ecg-maya-usd/maya-usd/lib/mayaUsd/nodes/stageNode.h
[2022-11-29T23:23:36.975Z]     -- promoting: S:/jenkins/workspace/ECP/ecg-maya-usd/ecg-mayausd-branch-preflight-2019-no-ufe-windows/ecg-maya-usd/maya-usd/lib/mayaUsd/nodes/usdPrimProvider.h
[2022-11-29T23:23:36.975Z]     -- promoting: S:/jenkins/workspace/ECP/ecg-maya-usd/ecg-mayausd-branch-preflight-2019-no-ufe-windows/ecg-maya-usd/maya-usd/lib/mayaUsd/render/px_vp20/glslProgram.h
[2022-11-29T23:23:36.975Z]     -- promoting: S:/jenkins/workspace/ECP/ecg-maya-usd/ecg-mayausd-branch-preflight-2019-no-ufe-windows/ecg-maya-usd/maya-usd/lib/mayaUsd/render/px_vp20/utils.h
[2022-11-29T23:23:36.975Z]     -- promoting: S:/jenkins/workspace/ECP/ecg-maya-usd/ecg-mayausd-branch-preflight-2019-no-ufe-windows/ecg-maya-usd/maya-usd/lib/mayaUsd/render/px_vp20/utils_legacy.h
[2022-11-29T23:23:36.975Z]     -- promoting: S:/jenkins/workspace/ECP/ecg-maya-usd/ecg-mayausd-branch-preflight-2019-no-ufe-windows/ecg-maya-usd/maya-usd/lib/mayaUsd/render/pxrUsdMayaGL/batchRenderer.h
[2022-11-29T23:23:36.975Z]     -- promoting: S:/jenkins/workspace/ECP/ecg-maya-usd/ecg-mayausd-branch-preflight-2019-no-ufe-windows/ecg-maya-usd/maya-usd/lib/mayaUsd/render/pxrUsdMayaGL/debugCodes.h
[2022-11-29T23:23:36.975Z]     -- promoting: S:/jenkins/workspace/ECP/ecg-maya-usd/ecg-mayausd-branch-preflight-2019-no-ufe-windows/ecg-maya-usd/maya-usd/lib/mayaUsd/render/pxrUsdMayaGL/hdImagingShapeDrawOverride.h
[2022-11-29T23:23:36.975Z]     -- promoting: S:/jenkins/workspace/ECP/ecg-maya-usd/ecg-mayausd-branch-preflight-2019-no-ufe-windows/ecg-maya-usd/maya-usd/lib/mayaUsd/render/pxrUsdMayaGL/hdImagingShapeUI.h
[2022-11-29T23:23:36.975Z]     -- promoting: S:/jenkins/workspace/ECP/ecg-maya-usd/ecg-mayausd-branch-preflight-2019-no-ufe-windows/ecg-maya-usd/maya-usd/lib/mayaUsd/render/pxrUsdMayaGL/instancerImager.h
[2022-11-29T23:23:36.975Z]     -- promoting: S:/jenkins/workspace/ECP/ecg-maya-usd/ecg-mayausd-branch-preflight-2019-no-ufe-windows/ecg-maya-usd/maya-usd/lib/mayaUsd/render/pxrUsdMayaGL/instancerShapeAdapter.h
[2022-11-29T23:23:36.975Z]     -- promoting: S:/jenkins/workspace/ECP/ecg-maya-usd/ecg-mayausd-branch-preflight-2019-no-ufe-windows/ecg-maya-usd/maya-usd/lib/mayaUsd/render/pxrUsdMayaGL/proxyDrawOverride.h
[2022-11-29T23:23:36.975Z]     -- promoting: S:/jenkins/workspace/ECP/ecg-maya-usd/ecg-mayausd-branch-preflight-2019-no-ufe-windows/ecg-maya-usd/maya-usd/lib/mayaUsd/render/pxrUsdMayaGL/proxyShapeUI.h
[2022-11-29T23:23:36.975Z]     -- promoting: S:/jenkins/workspace/ECP/ecg-maya-usd/ecg-mayausd-branch-preflight-2019-no-ufe-windows/ecg-maya-usd/maya-usd/lib/mayaUsd/render/pxrUsdMayaGL/renderParams.h
[2022-11-29T23:23:36.975Z]     -- promoting: S:/jenkins/workspace/ECP/ecg-maya-usd/ecg-mayausd-branch-preflight-2019-no-ufe-windows/ecg-maya-usd/maya-usd/lib/mayaUsd/render/pxrUsdMayaGL/sceneDelegate.h
[2022-11-29T23:23:36.975Z]     -- promoting: S:/jenkins/workspace/ECP/ecg-maya-usd/ecg-mayausd-branch-preflight-2019-no-ufe-windows/ecg-maya-usd/maya-usd/lib/mayaUsd/render/pxrUsdMayaGL/shapeAdapter.h
[2022-11-29T23:23:36.975Z]     -- promoting: S:/jenkins/workspace/ECP/ecg-maya-usd/ecg-mayausd-branch-preflight-2019-no-ufe-windows/ecg-maya-usd/maya-usd/lib/mayaUsd/render/pxrUsdMayaGL/softSelectHelper.h
[2022-11-29T23:23:36.975Z]     -- promoting: S:/jenkins/workspace/ECP/ecg-maya-usd/ecg-mayausd-branch-preflight-2019-no-ufe-windows/ecg-maya-usd/maya-usd/lib/mayaUsd/render/pxrUsdMayaGL/usdProxyShapeAdapter.h
[2022-11-29T23:23:36.975Z]     -- promoting: S:/jenkins/workspace/ECP/ecg-maya-usd/ecg-mayausd-branch-preflight-2019-no-ufe-windows/ecg-maya-usd/maya-usd/lib/mayaUsd/render/pxrUsdMayaGL/userData.h
[2022-11-29T23:23:36.975Z]     -- promoting: S:/jenkins/workspace/ECP/ecg-maya-usd/ecg-mayausd-branch-preflight-2019-no-ufe-windows/ecg-maya-usd/maya-usd/lib/mayaUsd/render/vp2RenderDelegate/proxyRenderDelegate.h
[2022-11-29T23:23:36.975Z]     -- promoting: S:/jenkins/workspace/ECP/ecg-maya-usd/ecg-mayausd-branch-preflight-2019-no-ufe-windows/ecg-maya-usd/maya-usd/lib/mayaUsd/render/vp2ShaderFragments/shaderFragments.h
[2022-11-29T23:23:36.975Z]     -- promoting: S:/jenkins/workspace/ECP/ecg-maya-usd/ecg-mayausd-branch-preflight-2019-no-ufe-windows/ecg-maya-usd/maya-usd/lib/mayaUsd/undo/OpUndoItemList.h
[2022-11-29T23:23:36.975Z]     -- promoting: S:/jenkins/workspace/ECP/ecg-maya-usd/ecg-mayausd-branch-preflight-2019-no-ufe-windows/ecg-maya-usd/maya-usd/lib/mayaUsd/undo/OpUndoItemMuting.h
[2022-11-29T23:23:36.975Z]     -- promoting: S:/jenkins/workspace/ECP/ecg-maya-usd/ecg-mayausd-branch-preflight-2019-no-ufe-windows/ecg-maya-usd/maya-usd/lib/mayaUsd/undo/OpUndoItemRecorder.h
[2022-11-29T23:23:36.975Z]     -- promoting: S:/jenkins/workspace/ECP/ecg-maya-usd/ecg-mayausd-branch-preflight-2019-no-ufe-windows/ecg-maya-usd/maya-usd/lib/mayaUsd/undo/OpUndoItems.h
[2022-11-29T23:23:36.975Z]     -- promoting: S:/jenkins/workspace/ECP/ecg-maya-usd/ecg-mayausd-branch-preflight-2019-no-ufe-windows/ecg-maya-usd/maya-usd/lib/mayaUsd/undo/UsdUndoBlock.h
[2022-11-29T23:23:36.975Z]     -- promoting: S:/jenkins/workspace/ECP/ecg-maya-usd/ecg-mayausd-branch-preflight-2019-no-ufe-windows/ecg-maya-usd/maya-usd/lib/mayaUsd/undo/UsdUndoManager.h
[2022-11-29T23:23:36.975Z]     -- promoting: S:/jenkins/workspace/ECP/ecg-maya-usd/ecg-mayausd-branch-preflight-2019-no-ufe-windows/ecg-maya-usd/maya-usd/lib/mayaUsd/undo/UsdUndoStateDelegate.h
[2022-11-29T23:23:36.975Z]     -- promoting: S:/jenkins/workspace/ECP/ecg-maya-usd/ecg-mayausd-branch-preflight-2019-no-ufe-windows/ecg-maya-usd/maya-usd/lib/mayaUsd/undo/UsdUndoableItem.h
[2022-11-29T23:23:36.975Z]     -- promoting: S:/jenkins/workspace/ECP/ecg-maya-usd/ecg-mayausd-branch-preflight-2019-no-ufe-windows/ecg-maya-usd/maya-usd/lib/mayaUsd/utils/blockSceneModificationContext.h
[2022-11-29T23:23:36.975Z]     -- promoting: S:/jenkins/workspace/ECP/ecg-maya-usd/ecg-mayausd-branch-preflight-2019-no-ufe-windows/ecg-maya-usd/maya-usd/lib/mayaUsd/utils/colorSpace.h
[2022-11-29T23:23:36.975Z]     -- promoting: S:/jenkins/workspace/ECP/ecg-maya-usd/ecg-mayausd-branch-preflight-2019-no-ufe-windows/ecg-maya-usd/maya-usd/lib/mayaUsd/utils/customLayerData.h
[2022-11-29T23:23:36.975Z]     -- promoting: S:/jenkins/workspace/ECP/ecg-maya-usd/ecg-mayausd-branch-preflight-2019-no-ufe-windows/ecg-maya-usd/maya-usd/lib/mayaUsd/utils/converter.h
[2022-11-29T23:23:36.975Z]     -- promoting: S:/jenkins/workspace/ECP/ecg-maya-usd/ecg-mayausd-branch-preflight-2019-no-ufe-windows/ecg-maya-usd/maya-usd/lib/mayaUsd/utils/diagnosticDelegate.h
[2022-11-29T23:23:36.975Z]     -- promoting: S:/jenkins/workspace/ECP/ecg-maya-usd/ecg-mayausd-branch-preflight-2019-no-ufe-windows/ecg-maya-usd/maya-usd/lib/mayaUsd/utils/dynamicAttribute.h
[2022-11-29T23:23:36.975Z]     -- promoting: S:/jenkins/workspace/ECP/ecg-maya-usd/ecg-mayausd-branch-preflight-2019-no-ufe-windows/ecg-maya-usd/maya-usd/lib/mayaUsd/utils/editability.h
[2022-11-29T23:23:36.975Z]     -- promoting: S:/jenkins/workspace/ECP/ecg-maya-usd/ecg-mayausd-branch-preflight-2019-no-ufe-windows/ecg-maya-usd/maya-usd/lib/mayaUsd/utils/editRouter.h
[2022-11-29T23:23:36.975Z]     -- promoting: S:/jenkins/workspace/ECP/ecg-maya-usd/ecg-mayausd-branch-preflight-2019-no-ufe-windows/ecg-maya-usd/maya-usd/lib/mayaUsd/utils/hash.h
[2022-11-29T23:23:36.975Z]     -- promoting: S:/jenkins/workspace/ECP/ecg-maya-usd/ecg-mayausd-branch-preflight-2019-no-ufe-windows/ecg-maya-usd/maya-usd/lib/mayaUsd/utils/layerMuting.h
[2022-11-29T23:23:36.975Z]     -- promoting: S:/jenkins/workspace/ECP/ecg-maya-usd/ecg-mayausd-branch-preflight-2019-no-ufe-windows/ecg-maya-usd/maya-usd/lib/mayaUsd/utils/loadRules.h
[2022-11-29T23:23:36.975Z]     -- promoting: S:/jenkins/workspace/ECP/ecg-maya-usd/ecg-mayausd-branch-preflight-2019-no-ufe-windows/ecg-maya-usd/maya-usd/lib/mayaUsd/utils/query.h
[2022-11-29T23:23:36.975Z]     -- promoting: S:/jenkins/workspace/ECP/ecg-maya-usd/ecg-mayausd-branch-preflight-2019-no-ufe-windows/ecg-maya-usd/maya-usd/lib/mayaUsd/utils/plugRegistryHelper.h
[2022-11-29T23:23:36.975Z]     -- promoting: S:/jenkins/workspace/ECP/ecg-maya-usd/ecg-mayausd-branch-preflight-2019-no-ufe-windows/ecg-maya-usd/maya-usd/lib/mayaUsd/utils/progressBarScope.h
[2022-11-29T23:23:36.975Z]     -- promoting: S:/jenkins/workspace/ECP/ecg-maya-usd/ecg-mayausd-branch-preflight-2019-no-ufe-windows/ecg-maya-usd/maya-usd/lib/mayaUsd/utils/selectability.h
[2022-11-29T23:23:36.975Z]     -- promoting: S:/jenkins/workspace/ECP/ecg-maya-usd/ecg-mayausd-branch-preflight-2019-no-ufe-windows/ecg-maya-usd/maya-usd/lib/mayaUsd/utils/stageCache.h
[2022-11-29T23:23:36.975Z]     -- promoting: S:/jenkins/workspace/ECP/ecg-maya-usd/ecg-mayausd-branch-preflight-2019-no-ufe-windows/ecg-maya-usd/maya-usd/lib/mayaUsd/utils/traverseLayer.h
[2022-11-29T23:23:36.975Z]     -- promoting: S:/jenkins/workspace/ECP/ecg-maya-usd/ecg-mayausd-branch-preflight-2019-no-ufe-windows/ecg-maya-usd/maya-usd/lib/mayaUsd/utils/undoHelperCommand.h
[2022-11-29T23:23:36.975Z]     -- promoting: S:/jenkins/workspace/ECP/ecg-maya-usd/ecg-mayausd-branch-preflight-2019-no-ufe-windows/ecg-maya-usd/maya-usd/lib/mayaUsd/utils/util.h
[2022-11-29T23:23:36.975Z]     -- promoting: S:/jenkins/workspace/ECP/ecg-maya-usd/ecg-mayausd-branch-preflight-2019-no-ufe-windows/ecg-maya-usd/maya-usd/lib/mayaUsd/utils/utilDictionary.h
[2022-11-29T23:23:36.975Z]     -- promoting: S:/jenkins/workspace/ECP/ecg-maya-usd/ecg-mayausd-branch-preflight-2019-no-ufe-windows/ecg-maya-usd/maya-usd/lib/mayaUsd/utils/utilFileSystem.h
[2022-11-29T23:23:36.975Z]     -- promoting: S:/jenkins/workspace/ECP/ecg-maya-usd/ecg-mayausd-branch-preflight-2019-no-ufe-windows/ecg-maya-usd/maya-usd/lib/mayaUsd/utils/utilSerialization.h
[2022-11-29T23:23:36.975Z]     -- promoting: S:/jenkins/workspace/ECP/ecg-maya-usd/ecg-mayausd-branch-preflight-2019-no-ufe-windows/ecg-maya-usd/maya-usd/lib/mayaUsd/utils/variants.h
[2022-11-29T23:23:36.975Z]     -- promoting: S:/jenkins/workspace/ECP/ecg-maya-usd/ecg-mayausd-branch-preflight-2019-no-ufe-windows/ecg-maya-usd/maya-usd/lib/mayaUsd/render/mayaToHydra/utils.h
[2022-11-29T23:23:36.975Z]     -- promoting: S:/jenkins/workspace/ECP/ecg-maya-usd/ecg-mayausd-branch-preflight-2019-no-ufe-windows/ecg-maya-usd/maya-usd/lib/usd/hdMaya/api.h
[2022-11-29T23:23:36.975Z]     -- promoting: S:/jenkins/workspace/ECP/ecg-maya-usd/ecg-mayausd-branch-preflight-2019-no-ufe-windows/ecg-maya-usd/maya-usd/lib/usd/hdMaya/utils.h
[2022-11-29T23:23:36.975Z]     -- promoting: S:/jenkins/workspace/ECP/ecg-maya-usd/ecg-mayausd-branch-preflight-2019-no-ufe-windows/ecg-maya-usd/maya-usd/lib/usd/hdMaya/debugCodes.h
[2022-11-29T23:23:36.975Z]     -- promoting: S:/jenkins/workspace/ECP/ecg-maya-usd/ecg-mayausd-branch-preflight-2019-no-ufe-windows/ecg-maya-usd/maya-usd/lib/usd/hdMaya/adapters/adapter.h
[2022-11-29T23:23:36.975Z]     -- promoting: S:/jenkins/workspace/ECP/ecg-maya-usd/ecg-mayausd-branch-preflight-2019-no-ufe-windows/ecg-maya-usd/maya-usd/lib/usd/hdMaya/adapters/adapterDebugCodes.h
[2022-11-29T23:23:36.975Z]     -- promoting: S:/jenkins/workspace/ECP/ecg-maya-usd/ecg-mayausd-branch-preflight-2019-no-ufe-windows/ecg-maya-usd/maya-usd/lib/usd/hdMaya/adapters/adapterRegistry.h
[2022-11-29T23:23:36.975Z]     -- promoting: S:/jenkins/workspace/ECP/ecg-maya-usd/ecg-mayausd-branch-preflight-2019-no-ufe-windows/ecg-maya-usd/maya-usd/lib/usd/hdMaya/adapters/cameraAdapter.h
[2022-11-29T23:23:36.975Z]     -- promoting: S:/jenkins/workspace/ECP/ecg-maya-usd/ecg-mayausd-branch-preflight-2019-no-ufe-windows/ecg-maya-usd/maya-usd/lib/usd/hdMaya/adapters/constantShadowMatrix.h
[2022-11-29T23:23:36.975Z]     -- promoting: S:/jenkins/workspace/ECP/ecg-maya-usd/ecg-mayausd-branch-preflight-2019-no-ufe-windows/ecg-maya-usd/maya-usd/lib/usd/hdMaya/adapters/dagAdapter.h
[2022-11-29T23:23:36.975Z]     -- promoting: S:/jenkins/workspace/ECP/ecg-maya-usd/ecg-mayausd-branch-preflight-2019-no-ufe-windows/ecg-maya-usd/maya-usd/lib/usd/hdMaya/adapters/lightAdapter.h
[2022-11-29T23:23:36.975Z]     -- promoting: S:/jenkins/workspace/ECP/ecg-maya-usd/ecg-mayausd-branch-preflight-2019-no-ufe-windows/ecg-maya-usd/maya-usd/lib/usd/hdMaya/adapters/proxyAdapter.h
[2022-11-29T23:23:36.975Z]     -- promoting: S:/jenkins/workspace/ECP/ecg-maya-usd/ecg-mayausd-branch-preflight-2019-no-ufe-windows/ecg-maya-usd/maya-usd/lib/usd/hdMaya/adapters/materialAdapter.h
[2022-11-29T23:23:36.975Z]     -- promoting: S:/jenkins/workspace/ECP/ecg-maya-usd/ecg-mayausd-branch-preflight-2019-no-ufe-windows/ecg-maya-usd/maya-usd/lib/usd/hdMaya/adapters/materialNetworkConverter.h
[2022-11-29T23:23:36.975Z]     -- promoting: S:/jenkins/workspace/ECP/ecg-maya-usd/ecg-mayausd-branch-preflight-2019-no-ufe-windows/ecg-maya-usd/maya-usd/lib/usd/hdMaya/adapters/mayaAttrs.h
[2022-11-29T23:23:36.975Z]     -- promoting: S:/jenkins/workspace/ECP/ecg-maya-usd/ecg-mayausd-branch-preflight-2019-no-ufe-windows/ecg-maya-usd/maya-usd/lib/usd/hdMaya/adapters/shapeAdapter.h
[2022-11-29T23:23:36.975Z]     -- promoting: S:/jenkins/workspace/ECP/ecg-maya-usd/ecg-mayausd-branch-preflight-2019-no-ufe-windows/ecg-maya-usd/maya-usd/lib/usd/hdMaya/adapters/tokens.h
[2022-11-29T23:23:36.975Z]     -- promoting: S:/jenkins/workspace/ECP/ecg-maya-usd/ecg-mayausd-branch-preflight-2019-no-ufe-windows/ecg-maya-usd/maya-usd/lib/usd/hdMaya/delegates/delegate.h
[2022-11-29T23:23:36.975Z]     -- promoting: S:/jenkins/workspace/ECP/ecg-maya-usd/ecg-mayausd-branch-preflight-2019-no-ufe-windows/ecg-maya-usd/maya-usd/lib/usd/hdMaya/delegates/delegateCtx.h
[2022-11-29T23:23:36.975Z]     -- promoting: S:/jenkins/workspace/ECP/ecg-maya-usd/ecg-mayausd-branch-preflight-2019-no-ufe-windows/ecg-maya-usd/maya-usd/lib/usd/hdMaya/delegates/delegateDebugCodes.h
[2022-11-29T23:23:36.975Z]     -- promoting: S:/jenkins/workspace/ECP/ecg-maya-usd/ecg-mayausd-branch-preflight-2019-no-ufe-windows/ecg-maya-usd/maya-usd/lib/usd/hdMaya/delegates/delegateRegistry.h
[2022-11-29T23:23:36.975Z]     -- promoting: S:/jenkins/workspace/ECP/ecg-maya-usd/ecg-mayausd-branch-preflight-2019-no-ufe-windows/ecg-maya-usd/maya-usd/lib/usd/hdMaya/delegates/params.h
[2022-11-29T23:23:36.975Z]     -- promoting: S:/jenkins/workspace/ECP/ecg-maya-usd/ecg-mayausd-branch-preflight-2019-no-ufe-windows/ecg-maya-usd/maya-usd/lib/usd/hdMaya/delegates/proxyDelegate.h
[2022-11-29T23:23:36.975Z]     -- promoting: S:/jenkins/workspace/ECP/ecg-maya-usd/ecg-mayausd-branch-preflight-2019-no-ufe-windows/ecg-maya-usd/maya-usd/lib/usd/hdMaya/delegates/proxyUsdImagingDelegate.h
[2022-11-29T23:23:36.975Z]     -- promoting: S:/jenkins/workspace/ECP/ecg-maya-usd/ecg-mayausd-branch-preflight-2019-no-ufe-windows/ecg-maya-usd/maya-usd/lib/usd/hdMaya/delegates/sceneDelegate.h
[2022-11-29T23:23:36.975Z]     -- promoting: S:/jenkins/workspace/ECP/ecg-maya-usd/ecg-mayausd-branch-preflight-2019-no-ufe-windows/ecg-maya-usd/maya-usd/lib/usd/hdMaya/delegates/testDelegate.h
[2022-11-29T23:23:36.975Z]     -- promoting: S:/jenkins/workspace/ECP/ecg-maya-usd/ecg-mayausd-branch-preflight-2019-no-ufe-windows/ecg-maya-usd/maya-usd/lib/usd/pxrUsdPreviewSurface/usdPreviewSurface.h
[2022-11-29T23:23:36.975Z]     -- promoting: S:/jenkins/workspace/ECP/ecg-maya-usd/ecg-mayausd-branch-preflight-2019-no-ufe-windows/ecg-maya-usd/maya-usd/lib/usd/pxrUsdPreviewSurface/usdPreviewSurfacePlugin.h
[2022-11-29T23:23:36.975Z]     -- promoting: S:/jenkins/workspace/ECP/ecg-maya-usd/ecg-mayausd-branch-preflight-2019-no-ufe-windows/ecg-maya-usd/maya-usd/lib/usd/schemas/api.h
[2022-11-29T23:23:36.975Z]     -- promoting: S:/jenkins/workspace/ECP/ecg-maya-usd/ecg-mayausd-branch-preflight-2019-no-ufe-windows/ecg-maya-usd/maya-usd/lib/usd/schemas/ALMayaReference.h
[2022-11-29T23:23:36.975Z]     -- promoting: S:/jenkins/workspace/ECP/ecg-maya-usd/ecg-mayausd-branch-preflight-2019-no-ufe-windows/ecg-maya-usd/maya-usd/lib/usd/schemas/MayaReference.h
[2022-11-29T23:23:36.975Z]     -- promoting: S:/jenkins/workspace/ECP/ecg-maya-usd/ecg-mayausd-branch-preflight-2019-no-ufe-windows/ecg-maya-usd/maya-usd/lib/usd/schemas/tokens.h
[2022-11-29T23:23:37.593Z]     Processing schema classes:
[2022-11-29T23:23:37.593Z]     MayaReference, ALMayaReference
[2022-11-29T23:23:37.593Z]     Loading Templates from p:\shared\Artifactory\Windows\USD\cfb3d8a\lib\usd\usd\resources\codegenTemplates
[2022-11-29T23:23:37.593Z]     Writing API:
[2022-11-29T23:23:37.593Z]     	    wrote W:\build\RelWithDebInfo\lib\usd\schemas\api.h
[2022-11-29T23:23:37.593Z]     Writing Schema Tokens:
[2022-11-29T23:23:37.593Z]     	    wrote W:\build\RelWithDebInfo\lib\usd\schemas\tokens.h
[2022-11-29T23:23:37.593Z]     	    wrote W:\build\RelWithDebInfo\lib\usd\schemas\tokens.cpp
[2022-11-29T23:23:37.593Z]     	    wrote W:\build\RelWithDebInfo\lib\usd\schemas\wrapTokens.cpp
[2022-11-29T23:23:37.593Z]     Generating Classes:
[2022-11-29T23:23:37.593Z]     	    wrote W:\build\RelWithDebInfo\lib\usd\schemas\MayaReference.h
[2022-11-29T23:23:37.593Z]     	    wrote W:\build\RelWithDebInfo\lib\usd\schemas\MayaReference.cpp
[2022-11-29T23:23:37.593Z]     	    wrote W:\build\RelWithDebInfo\lib\usd\schemas\wrapMayaReference.cpp
[2022-11-29T23:23:37.593Z]     	    wrote W:\build\RelWithDebInfo\lib\usd\schemas\ALMayaReference.h
[2022-11-29T23:23:37.593Z]     	    wrote W:\build\RelWithDebInfo\lib\usd\schemas\ALMayaReference.cpp
[2022-11-29T23:23:37.593Z]     	    wrote W:\build\RelWithDebInfo\lib\usd\schemas\wrapALMayaReference.cpp
[2022-11-29T23:23:37.593Z]     Loading Templates from p:\shared\Artifactory\Windows\USD\cfb3d8a\lib\usd\usd\resources\codegenTemplates
[2022-11-29T23:23:37.593Z]     	    wrote W:\build\RelWithDebInfo\lib\usd\schemas\plugInfo.json
[2022-11-29T23:23:37.593Z]     Generating Schematics:
[2022-11-29T23:23:37.593Z]     	    wrote W:\build\RelWithDebInfo\lib\usd\schemas\generatedSchema.usda
[2022-11-29T23:23:37.593Z]     -- promoting: S:/jenkins/workspace/ECP/ecg-maya-usd/ecg-mayausd-branch-preflight-2019-no-ufe-windows/ecg-maya-usd/maya-usd/lib/usd/utils/ALHalf.h
[2022-11-29T23:23:37.593Z]     -- promoting: S:/jenkins/workspace/ECP/ecg-maya-usd/ecg-mayausd-branch-preflight-2019-no-ufe-windows/ecg-maya-usd/maya-usd/lib/usd/utils/Api.h
[2022-11-29T23:23:37.593Z]     -- promoting: S:/jenkins/workspace/ECP/ecg-maya-usd/ecg-mayausd-branch-preflight-2019-no-ufe-windows/ecg-maya-usd/maya-usd/lib/usd/utils/DebugCodes.h
[2022-11-29T23:23:37.593Z]     -- promoting: S:/jenkins/workspace/ECP/ecg-maya-usd/ecg-mayausd-branch-preflight-2019-no-ufe-windows/ecg-maya-usd/maya-usd/lib/usd/utils/DiffCore.h
[2022-11-29T23:23:37.593Z]     -- promoting: S:/jenkins/workspace/ECP/ecg-maya-usd/ecg-mayausd-branch-preflight-2019-no-ufe-windows/ecg-maya-usd/maya-usd/lib/usd/utils/DiffPrims.h
[2022-11-29T23:23:37.593Z]     -- promoting: S:/jenkins/workspace/ECP/ecg-maya-usd/ecg-mayausd-branch-preflight-2019-no-ufe-windows/ecg-maya-usd/maya-usd/lib/usd/utils/MergePrims.h
[2022-11-29T23:23:37.593Z]     -- promoting: S:/jenkins/workspace/ECP/ecg-maya-usd/ecg-mayausd-branch-preflight-2019-no-ufe-windows/ecg-maya-usd/maya-usd/lib/usd/utils/MergePrimsOptions.h
[2022-11-29T23:23:37.593Z]     -- promoting: S:/jenkins/workspace/ECP/ecg-maya-usd/ecg-mayausd-branch-preflight-2019-no-ufe-windows/ecg-maya-usd/maya-usd/lib/usd/utils/ForwardDeclares.h
[2022-11-29T23:23:37.593Z]     -- promoting: S:/jenkins/workspace/ECP/ecg-maya-usd/ecg-mayausd-branch-preflight-2019-no-ufe-windows/ecg-maya-usd/maya-usd/lib/usd/utils/SIMD.h
[2022-11-29T23:23:37.593Z]     -- promoting: S:/jenkins/workspace/ECP/ecg-maya-usd/ecg-mayausd-branch-preflight-2019-no-ufe-windows/ecg-maya-usd/maya-usd/lib/usd/utils/util.h
[2022-11-29T23:23:37.593Z]     -- promoting: S:/jenkins/workspace/ECP/ecg-maya-usd/ecg-mayausd-branch-preflight-2019-no-ufe-windows/ecg-maya-usd/maya-usd/lib/usd/ui/importDialog/IMayaMQtUtil.h
[2022-11-29T23:23:37.593Z]     -- promoting: S:/jenkins/workspace/ECP/ecg-maya-usd/ecg-mayausd-branch-preflight-2019-no-ufe-windows/ecg-maya-usd/maya-usd/lib/usd/ui/importDialog/ItemDelegate.h
[2022-11-29T23:23:37.593Z]     -- promoting: S:/jenkins/workspace/ECP/ecg-maya-usd/ecg-mayausd-branch-preflight-2019-no-ufe-windows/ecg-maya-usd/maya-usd/lib/usd/ui/importDialog/IUSDImportView.h
[2022-11-29T23:23:37.593Z]     -- promoting: S:/jenkins/workspace/ECP/ecg-maya-usd/ecg-mayausd-branch-preflight-2019-no-ufe-windows/ecg-maya-usd/maya-usd/lib/usd/ui/importDialog/TreeItem.h
[2022-11-29T23:23:37.593Z]     -- promoting: S:/jenkins/workspace/ECP/ecg-maya-usd/ecg-mayausd-branch-preflight-2019-no-ufe-windows/ecg-maya-usd/maya-usd/lib/usd/ui/importDialog/TreeModel.h
[2022-11-29T23:23:37.593Z]     -- promoting: S:/jenkins/workspace/ECP/ecg-maya-usd/ecg-mayausd-branch-preflight-2019-no-ufe-windows/ecg-maya-usd/maya-usd/lib/usd/ui/importDialog/TreeModelFactory.h
[2022-11-29T23:23:37.593Z]     -- promoting: S:/jenkins/workspace/ECP/ecg-maya-usd/ecg-mayausd-branch-preflight-2019-no-ufe-windows/ecg-maya-usd/maya-usd/lib/usd/ui/importDialog/USDImportDialog.h
[2022-11-29T23:23:37.593Z]     -- promoting: S:/jenkins/workspace/ECP/ecg-maya-usd/ecg-mayausd-branch-preflight-2019-no-ufe-windows/ecg-maya-usd/maya-usd/lib/usd/ui/importDialog/USDImportDialogCmd.h
[2022-11-29T23:23:37.593Z]     -- promoting: S:/jenkins/workspace/ECP/ecg-maya-usd/ecg-mayausd-branch-preflight-2019-no-ufe-windows/ecg-maya-usd/maya-usd/lib/usd/ui/importDialog/USDQtUtil.h
[2022-11-29T23:23:37.593Z]     -- promoting: S:/jenkins/workspace/ECP/ecg-maya-usd/ecg-mayausd-branch-preflight-2019-no-ufe-windows/ecg-maya-usd/maya-usd/lib/usd/ui/api.h
[2022-11-29T23:23:37.593Z]     -- promoting: S:/jenkins/workspace/ECP/ecg-maya-usd/ecg-mayausd-branch-preflight-2019-no-ufe-windows/ecg-maya-usd/maya-usd/lib/usd/ui/initStringResources.h
[2022-11-29T23:23:37.593Z]     ========== Pixar USD Plugin ==========
[2022-11-29T23:23:37.703Z]     Compiling W:/build/RelWithDebInfo/plugin/pxr/__init__.py ...
[2022-11-29T23:23:37.814Z]     ========== AL USD Plugin ==========
[2022-11-29T23:23:37.814Z]     CMake Deprecation Warning at plugin/al/CMakeLists.txt:7 (cmake_policy):
[2022-11-29T23:23:37.814Z]       The OLD behavior for policy CMP0026 will be removed from a future version
[2022-11-29T23:23:37.814Z]       of CMake.
[2022-11-29T23:23:37.814Z]     
[2022-11-29T23:23:37.814Z]       The cmake-policies(7) manual explains that the OLD behaviors of all
[2022-11-29T23:23:37.814Z]       policies are deprecated and that a policy should be set to OLD only under
[2022-11-29T23:23:37.814Z]       specific short-term circumstances.  Projects should be ported to the NEW
[2022-11-29T23:23:37.814Z]       behavior and not rely on setting a policy to OLD.
[2022-11-29T23:23:37.814Z]     
[2022-11-29T23:23:37.814Z]     
[2022-11-29T23:23:37.814Z]     -- Found Boost 1.70.0 at P:/shared/Artifactory/Windows/USD/cfb3d8a/lib/cmake/Boost-1.70.0
[2022-11-29T23:23:37.814Z]     --   Requested configuration: QUIET REQUIRED
[2022-11-29T23:23:37.814Z]     -- Found boost_headers 1.70.0 at P:/shared/Artifactory/Windows/USD/cfb3d8a/lib/cmake/boost_headers-1.70.0
[2022-11-29T23:23:37.814Z]     -- Found Boost: P:/shared/Artifactory/Windows/USD/cfb3d8a/lib/cmake/Boost-1.70.0/BoostConfig.cmake (found version "1.70.0")
[2022-11-29T23:23:37.814Z]     -- Found Boost 1.70.0 at P:/shared/Artifactory/Windows/USD/cfb3d8a/lib/cmake/Boost-1.70.0
[2022-11-29T23:23:37.814Z]     --   Requested configuration: QUIET REQUIRED COMPONENTS python
[2022-11-29T23:23:37.814Z]     -- Found boost_python 1.70.0 at P:/shared/Artifactory/Windows/USD/cfb3d8a/lib/cmake/boost_python-1.70.0
[2022-11-29T23:23:37.814Z]     --   boost_python27-vc141-mt-x64-1_70.lib
[2022-11-29T23:23:37.814Z]     -- Adding boost_python dependencies: headers
[2022-11-29T23:23:37.814Z]     -- Found Boost: P:/shared/Artifactory/Windows/USD/cfb3d8a/lib/cmake/Boost-1.70.0/BoostConfig.cmake (found version "1.70.0") found components: python
[2022-11-29T23:23:38.230Z]     -- Found GTest: W:/build/RelWithDebInfo/googletest-install/lib/gtest.lib
[2022-11-29T23:23:39.455Z]     -- Building AL_USDMayaSchemas
[2022-11-29T23:23:40.075Z]     Processing schema classes:
[2022-11-29T23:23:40.075Z]     ALModelAPI, ALFrameRange
[2022-11-29T23:23:40.075Z]     Loading Templates from p:\shared\Artifactory\Windows\USD\cfb3d8a\lib\usd\usd\resources\codegenTemplates
[2022-11-29T23:23:40.075Z]     Writing API:
[2022-11-29T23:23:40.075Z]     	    wrote W:\build\RelWithDebInfo\plugin\al\schemas\AL\usd\schemas\maya\api.h
[2022-11-29T23:23:40.075Z]     Writing Schema Tokens:
[2022-11-29T23:23:40.075Z]     	    wrote W:\build\RelWithDebInfo\plugin\al\schemas\AL\usd\schemas\maya\tokens.h
[2022-11-29T23:23:40.075Z]     	    wrote W:\build\RelWithDebInfo\plugin\al\schemas\AL\usd\schemas\maya\tokens.cpp
[2022-11-29T23:23:40.075Z]     	    wrote W:\build\RelWithDebInfo\plugin\al\schemas\AL\usd\schemas\maya\wrapTokens.cpp
[2022-11-29T23:23:40.075Z]     Generating Classes:
[2022-11-29T23:23:40.075Z]     	    wrote W:\build\RelWithDebInfo\plugin\al\schemas\AL\usd\schemas\maya\ModelAPI.h
[2022-11-29T23:23:40.075Z]     	    wrote W:\build\RelWithDebInfo\plugin\al\schemas\AL\usd\schemas\maya\ModelAPI.cpp
[2022-11-29T23:23:40.075Z]     	    wrote W:\build\RelWithDebInfo\plugin\al\schemas\AL\usd\schemas\maya\wrapModelAPI.cpp
[2022-11-29T23:23:40.075Z]     	    wrote W:\build\RelWithDebInfo\plugin\al\schemas\AL\usd\schemas\maya\FrameRange.h
[2022-11-29T23:23:40.075Z]     	    wrote W:\build\RelWithDebInfo\plugin\al\schemas\AL\usd\schemas\maya\FrameRange.cpp
[2022-11-29T23:23:40.075Z]     	    wrote W:\build\RelWithDebInfo\plugin\al\schemas\AL\usd\schemas\maya\wrapFrameRange.cpp
[2022-11-29T23:23:40.075Z]     Loading Templates from p:\shared\Artifactory\Windows\USD\cfb3d8a\lib\usd\usd\resources\codegenTemplates
[2022-11-29T23:23:40.075Z]     	    wrote W:\build\RelWithDebInfo\plugin\al\schemas\AL\usd\schemas\maya\plugInfo.json
[2022-11-29T23:23:40.075Z]     Generating Schematics:
[2022-11-29T23:23:40.075Z]     	    wrote W:\build\RelWithDebInfo\plugin\al\schemas\AL\usd\schemas\maya\generatedSchema.usda
[2022-11-29T23:23:41.098Z]     Processing schema classes:
[2022-11-29T23:23:41.098Z]     ALExamplePolyCubeNode
[2022-11-29T23:23:41.098Z]     Loading Templates from p:\shared\Artifactory\Windows\USD\cfb3d8a\lib\usd\usd\resources\codegenTemplates
[2022-11-29T23:23:41.098Z]     Writing API:
[2022-11-29T23:23:41.098Z]     	    wrote W:\build\RelWithDebInfo\plugin\al\schemas\AL\usd\schemas\mayatest\api.h
[2022-11-29T23:23:41.098Z]     Writing Schema Tokens:
[2022-11-29T23:23:41.098Z]     	    wrote W:\build\RelWithDebInfo\plugin\al\schemas\AL\usd\schemas\mayatest\tokens.h
[2022-11-29T23:23:41.098Z]     	    wrote W:\build\RelWithDebInfo\plugin\al\schemas\AL\usd\schemas\mayatest\tokens.cpp
[2022-11-29T23:23:41.098Z]     	    wrote W:\build\RelWithDebInfo\plugin\al\schemas\AL\usd\schemas\mayatest\wrapTokens.cpp
[2022-11-29T23:23:41.098Z]     Generating Classes:
[2022-11-29T23:23:41.098Z]     	    wrote W:\build\RelWithDebInfo\plugin\al\schemas\AL\usd\schemas\mayatest\ExamplePolyCubeNode.h
[2022-11-29T23:23:41.098Z]     	    wrote W:\build\RelWithDebInfo\plugin\al\schemas\AL\usd\schemas\mayatest\ExamplePolyCubeNode.cpp
[2022-11-29T23:23:41.098Z]     	    wrote W:\build\RelWithDebInfo\plugin\al\schemas\AL\usd\schemas\mayatest\wrapExamplePolyCubeNode.cpp
[2022-11-29T23:23:41.098Z]     Loading Templates from p:\shared\Artifactory\Windows\USD\cfb3d8a\lib\usd\usd\resources\codegenTemplates
[2022-11-29T23:23:41.098Z]     	    wrote W:\build\RelWithDebInfo\plugin\al\schemas\AL\usd\schemas\mayatest\plugInfo.json
[2022-11-29T23:23:41.098Z]     Generating Schematics:
[2022-11-29T23:23:41.098Z]     	    wrote W:\build\RelWithDebInfo\plugin\al\schemas\AL\usd\schemas\mayatest\generatedSchema.usda
[2022-11-29T23:23:41.098Z]     -- Building AL_USDMayaTranslators
[2022-11-29T23:23:41.098Z]     ========== ADSK USD Plugin ==========
[2022-11-29T23:23:41.211Z]     -- Configuring done
[2022-11-29T23:23:42.440Z]     -- Generating done
[2022-11-29T23:23:42.440Z]     CMake Warning:
[2022-11-29T23:23:42.440Z]       Manually-specified variables were not used by the project:
[2022-11-29T23:23:42.440Z]     
[2022-11-29T23:23:42.440Z]         MAYA_DEVKIT_LOCATION
[2022-11-29T23:23:42.440Z]     
[2022-11-29T23:23:42.440Z]     
[2022-11-29T23:23:42.548Z]     -- Build files have been written to: W:/build/RelWithDebInfo
[2022-11-29T23:23:42.548Z]     
[2022-11-29T23:23:42.548Z]         Building with settings:
[2022-11-29T23:23:42.548Z]           Source directory          S:\jenkins\workspace\ECP\ecg-maya-usd\ecg-mayausd-branch-preflight-2019-no-ufe-windows\ecg-maya-usd\maya-usd
[2022-11-29T23:23:42.548Z]           Workspace directory       W:\
[2022-11-29T23:23:42.548Z]           Build directory           W:\build\RelWithDebInfo
[2022-11-29T23:23:42.548Z]           Install directory         W:\install\RelWithDebInfo\MayaUSD
[2022-11-29T23:23:42.548Z]           Variant                   RelWithDebInfo
[2022-11-29T23:23:42.548Z]           Python Debug              Off
[2022-11-29T23:23:42.548Z]           CMake generator           Ninja
[2022-11-29T23:23:42.548Z]           Build arguments           ['-DCMAKE_MAKE_PROGRAM=P:/shared/Artifactory/Windows/ninja/1.9.0/c68f192/ninja.exe', '-DPYTHON_INCLUDE_DIR=P:/shared/Artifactory/Windows/rundev-2019/202003131251/runtime/155eb96/runTime/include/Python2.7', '-DPython_EXECUTABLE=P:/shared/Artifactory/Windows/rundev-2019/202003131251/runtime/155eb96/runTime/bin/mayapy.exe', '-DPYTHON_LIBRARIES=P:/shared/Artifactory/Windows/rundev-2019/202003131251/runtime/155eb96/runTime/lib/python27.lib', '-DCMAKE_WANT_UFE_BUILD=OFF', '-DUSD_LIB_PREFIX=', '-DCMAKE_WANT_MATERIALX_BUILD=ON', '-DCMAKE_PREFIX_PATH=P:\\shared\\Artifactory\\Windows\\USD\\cfb3d8a']
[2022-11-29T23:23:42.548Z]           Stages arguments          ['configure']
[2022-11-29T23:23:42.548Z]           CTest arguments           ['-E testUsdReferenceAssemblySelection|testUsdMayaAppDir', '-LE interactive', '--parallel 16']
[2022-11-29T23:23:42.548Z]     Success MayaUSD build and install !!!!
[2022-11-29T23:23:42.548Z]     Elapsed time: 00:00:23
[Pipeline] bat
[2022-11-29T23:23:42.821Z] Deleting alias drive W:
[Pipeline] bat
[2022-11-29T23:23:43.091Z] Deleting alias drive P:
[Pipeline] }
[Pipeline] // withEnv
[Pipeline] }
[Pipeline] // timeout
[Pipeline] }
[Pipeline] // stage
[Pipeline] }
[Pipeline] // timestamps
[Pipeline] timestamps
[Pipeline] {
[Pipeline] stage
[Pipeline] { (Build)
[Pipeline] timeout
[2022-11-29T23:23:43.249Z] Timeout set to expire in 6 hr 0 min
[Pipeline] {
[Pipeline] withEnv
[Pipeline] {
[Pipeline] bat
[2022-11-29T23:23:43.603Z] Creating alias drive P: to S:\jenkins\workspace
[Pipeline] bat
[2022-11-29T23:23:43.886Z] Creating alias drive W: to S:\jenkins\workspace\ECP\ecg-maya-usd\ecg-mayausd-branch-preflight-2019-no-ufe-windows
[Pipeline] bat
[2022-11-29T23:23:44.312Z] "C:\Program Files (x86)\Microsoft Visual Studio\2017\Professional\VC\Auxiliary\Build\vcvarsall.bat" x64
[2022-11-29T23:23:44.415Z] **********************************************************************
[2022-11-29T23:23:44.415Z] ** Visual Studio 2017 Developer Command Prompt v15.9.15
[2022-11-29T23:23:44.415Z] ** Copyright (c) 2017 Microsoft Corporation
[2022-11-29T23:23:44.415Z] **********************************************************************
[2022-11-29T23:23:45.335Z] [vcvarsall.bat] Environment initialized for: 'x64'
[2022-11-29T23:23:45.335Z] python ecg-maya-usd/build.py --stages=build --workspace-dir=W:\ --artifactory-dir=P:\shared\Artifactory --build-dir=W:\build --install-dir=W:\install --signing-dir=W:\signing --package-dir=W:\package --output-dir=W:\output --stash-dir=W:\stash --jenkins-build=495 --git-commit=3675e061145f6fc558dabba32b85019b2afda970 --git-branch=master --variants=RelWithDebInfo --python=2.7 --ufe=false --pxrusd-version=0.21.05-gold --post-zips=false --build-retry=3 --maya-cut-config=maya-rundev-2019.yaml --maya-package=rundev-2019 --stage-banner
[2022-11-29T23:23:46.152Z] Using Maya cut from P:\shared\Artifactory\Windows\rundev-2019\202003131251\runtime\155eb96
[2022-11-29T23:23:46.152Z] 
[2022-11-29T23:23:46.152Z] ================================================================================
[2022-11-29T23:23:46.152Z]                              build (RelWithDebInfo)
[2022-11-29T23:23:46.152Z] ================================================================================
[2022-11-29T23:23:46.152Z] Maya Python RelWithDebInfo Info:
[2022-11-29T23:23:46.152Z]   mayapy executable   = P:\shared\Artifactory\Windows\rundev-2019\202003131251\runtime\155eb96\runTime\bin\mayapy.exe
[2022-11-29T23:23:46.152Z]   Include Folder      = P:\shared\Artifactory\Windows\rundev-2019\202003131251\runtime\155eb96\runTime\include\Python2.7
[2022-11-29T23:23:46.152Z]   Library             = P:\shared\Artifactory\Windows\rundev-2019\202003131251\runtime\155eb96\runTime\lib\python27.lib
[2022-11-29T23:23:46.152Z]   site-package Folder = P:\shared\Artifactory\Windows\rundev-2019\202003131251\runtime\155eb96\runTime\Python\Lib\site-packages
[2022-11-29T23:23:46.868Z] In workdir: S:\jenkins\workspace\ECP\ecg-maya-usd\ecg-mayausd-branch-preflight-2019-no-ufe-windows\ecg-maya-usd\maya-usd
[2022-11-29T23:23:46.868Z] Executing: 'P:\\shared\\Artifactory\\Windows\\rundev-2019\\202003131251\\runtime\\155eb96\\runTime\\bin\\mayapy.exe' 'S:\\jenkins\\workspace\\ECP\\ecg-maya-usd\\ecg-mayausd-branch-preflight-2019-no-ufe-windows\\ecg-maya-usd\\maya-usd\\build.py' --generator Ninja --build-relwithdebug --maya-location 'P:\\shared\\Artifactory\\Windows\\rundev-2019\\202003131251\\runtime\\155eb96\\runTime' --devkit-location 'P:\\shared\\Artifactory\\Windows\\rundev-2019\\202003131251\\runtime\\155eb96\\devkitBase' --pxrusd-location 'P:\\shared\\Artifactory\\Windows\\USD\\cfb3d8a' --qt-location 'P:\\shared\\Artifactory\\Windows\\qt\\5.6.1\\1acd0ba' '--build-args=-DCMAKE_MAKE_PROGRAM=P:/shared/Artifactory/Windows/ninja/1.9.0/c68f192/ninja.exe,-DPYTHON_INCLUDE_DIR=P:/shared/Artifactory/Windows/rundev-2019/202003131251/runtime/155eb96/runTime/include/Python2.7,-DPython_EXECUTABLE=P:/shared/Artifactory/Windows/rundev-2019/202003131251/runtime/155eb96/runTime/bin/mayapy.exe,-DPYTHON_LIBRARIES=P:/shared/Artifactory/Windows/rundev-2019/202003131251/runtime/155eb96/runTime/lib/python27.lib,-DCMAKE_WANT_UFE_BUILD=OFF,-DUSD_LIB_PREFIX=,-DCMAKE_WANT_MATERIALX_BUILD=ON,-DCMAKE_PREFIX_PATH=P:\\shared\\Artifactory\\Windows\\USD\\cfb3d8a' '--ctest-args=-E testUsdReferenceAssemblySelection|testUsdMayaAppDir,-LE interactive,--parallel 16' --stages=build --redirect-outstream-file=False --install-location 'W:\\install\\RelWithDebInfo\\MayaUSD' 'W:\\'
[2022-11-29T23:23:46.868Z] Modified environment variables:
[2022-11-29T23:23:46.868Z]     PATH=P:\shared\Artifactory\Windows\cmake\3.20.3\afe857a\bin;C:\Python27\lib\site-packages\pywin32_system32;C:\Program Files (x86)\Microsoft Visual Studio\2017\Professional\VC\Tools\MSVC\14.16.27023\bin\HostX64\x64;C:\Program Files (x86)\Microsoft Visual Studio\2017\Professional\Common7\IDE\VC\VCPackages;C:\Program Files (x86)\Microsoft Visual Studio\2017\Professional\Common7\IDE\CommonExtensions\Microsoft\TestWindow;C:\Program Files (x86)\Microsoft Visual Studio\2017\Professional\Common7\IDE\CommonExtensions\Microsoft\TeamFoundation\Team Explorer;C:\Program Files (x86)\Microsoft Visual Studio\2017\Professional\MSBuild\15.0\bin\Roslyn;C:\Program Files (x86)\Microsoft Visual Studio\2017\Professional\Team Tools\Performance Tools\x64;C:\Program Files (x86)\Microsoft Visual Studio\2017\Professional\Team Tools\Performance Tools;C:\Program Files (x86)\Microsoft Visual Studio\Shared\Common\VSPerfCollectionTools\\x64;C:\Program Files (x86)\Microsoft Visual Studio\Shared\Common\VSPerfCollectionTools\;C:\Program Files (x86)\Microsoft SDKs\Windows\v10.0A\bin\NETFX 4.6.1 Tools\x64\;C:\Program Files (x86)\HTML Help Workshop;C:\Program Files (x86)\Windows Kits\10\bin\10.0.18362.0\x64;C:\Program Files (x86)\Windows Kits\10\bin\x64;C:\Program Files (x86)\Microsoft Visual Studio\2017\Professional\\MSBuild\15.0\bin;C:\WINDOWS\Microsoft.NET\Framework64\v4.0.30319;C:\Program Files (x86)\Microsoft Visual Studio\2017\Professional\Common7\IDE\;C:\Program Files (x86)\Microsoft Visual Studio\2017\Professional\Common7\Tools\;C:\Python27\;C:\Python27\Scripts;C:\WINDOWS\system32;C:\WINDOWS;C:\WINDOWS\System32\Wbem;C:\WINDOWS\System32\WindowsPowerShell\v1.0\;C:\WINDOWS\System32\OpenSSH\;C:\ProgramData\chocolatey\bin;C:\Program Files (x86)\WiX Toolset v3.7\bin;C:\Program Files\dotnet\;C:\Program Files (x86)\Windows Kits\10\bin\10.0.18362.0\x64;C:\Program Files\Zulu\zulu-11\bin\;C:\Program Files (x86)\Windows Kits\10\bin\10.0.17763.0\x64;C:\Program Files (x86)\Windows Kits\10\bin\x64;C:\Program Files\Git\cmd;C:\Program Files\Git\usr\bin;C:\Program Files\Git\mingw64\bin;C:\Program Files\Git\bin;C:\Python38\;C:\Python38\Scripts;C:\StoreBoxClientWindows;C:\Program Files\Electric Cloud\ElectricCommander\bin;C:\Program Files\WinRAR;C:\Program Files\7-Zip;C:\Users\Administrator\AppData\Local\Microsoft\WindowsApps;C:\Program Files (x86)\Microsoft Visual Studio\2017\Professional\Common7\IDE\CommonExtensions\Microsoft\CMake\CMake\bin;C:\Program Files (x86)\Microsoft Visual Studio\2017\Professional\Common7\IDE\CommonExtensions\Microsoft\CMake\Ninja
[2022-11-29T23:23:48.297Z]     [1/621] Building CXX object test\lib\usd\utils\CMakeFiles\testDiffCore.dir\main.cpp.obj
[2022-11-29T23:23:48.408Z]     [2/621] Building CXX object test\lib\usd\utils\CMakeFiles\testDiffPrims.dir\main.cpp.obj
[2022-11-29T23:23:48.408Z]     [3/621] Building CXX object test\lib\usd\utils\CMakeFiles\testDiffValues.dir\main.cpp.obj
[2022-11-29T23:23:48.937Z]     [4/621] Building CXX object test\lib\usd\utils\CMakeFiles\testDiffCore.dir\test_DiffCore.cpp.obj
[2022-11-29T23:23:49.452Z]     [5/621] Building CXX object test\lib\usd\utils\CMakeFiles\testDiffLists.dir\main.cpp.obj
[2022-11-29T23:23:50.370Z]     [6/621] Building CXX object test\lib\usd\utils\CMakeFiles\testDiffDictionaries.dir\main.cpp.obj
[2022-11-29T23:23:51.495Z]     [7/621] Building CXX object test\lib\usd\utils\CMakeFiles\testDiffAttributes.dir\main.cpp.obj
[2022-11-29T23:23:54.620Z]     [8/621] Building CXX object test\lib\usd\utils\CMakeFiles\testDiffPrims.dir\test_DiffPrimsAttributes.cpp.obj
[2022-11-29T23:23:54.620Z]     [9/621] Building CXX object test\lib\usd\utils\CMakeFiles\testDiffPrims.dir\test_DiffPrimsChildren.cpp.obj
[2022-11-29T23:23:54.832Z]     [10/621] Building CXX object test\lib\usd\utils\CMakeFiles\testDiffPrims.dir\test_DiffPrimsRelations.cpp.obj
[2022-11-29T23:23:54.983Z]     [11/621] Building CXX object test\lib\usd\utils\CMakeFiles\testDiffValues.dir\test_DiffValues.cpp.obj
[2022-11-29T23:23:55.179Z]     [12/621] Building CXX object test\lib\usd\utils\CMakeFiles\testDiffValues.dir\test_DiffValuesIntVecs.cpp.obj
[2022-11-29T23:23:55.179Z]     [13/621] Building CXX object test\lib\usd\utils\CMakeFiles\testDiffValues.dir\test_DiffValuesMatrices.cpp.obj
[2022-11-29T23:23:55.295Z]     [14/621] Building CXX object test\lib\usd\utils\CMakeFiles\testDiffValues.dir\test_DiffValuesGeneric.cpp.obj
[2022-11-29T23:23:55.788Z]     [15/621] Building CXX object test\lib\usd\utils\CMakeFiles\testDiffPrims.dir\test_DiffPrims.cpp.obj
[2022-11-29T23:23:56.026Z]     [16/621] Building CXX object test\lib\usd\utils\CMakeFiles\testDiffValues.dir\test_DiffValuesQuaternions.cpp.obj
[2022-11-29T23:23:56.136Z]     [17/621] Building CXX object test\lib\usd\utils\CMakeFiles\testDiffValues.dir\test_DiffValuesFloatVecs.cpp.obj
[2022-11-29T23:23:56.249Z]     [18/621] Building CXX object test\lib\usd\utils\CMakeFiles\testDiffValues.dir\test_DiffValuesHalfVecs.cpp.obj
[2022-11-29T23:23:56.668Z]     [19/621] Building CXX object test\lib\usd\utils\CMakeFiles\testDiffValues.dir\test_DiffValuesDoubleVecs.cpp.obj
[2022-11-29T23:23:56.787Z]     [20/621] Building CXX object test\lib\usd\utils\CMakeFiles\testDiffValues.dir\test_DiffValuesArrays.cpp.obj
[2022-11-29T23:23:56.787Z]     [21/621] Building CXX object test\lib\usd\utils\CMakeFiles\testDiffLists.dir\test_DiffLists.cpp.obj
[2022-11-29T23:23:57.205Z]     [22/621] Building CXX object test\lib\usd\utils\CMakeFiles\testDiffDictionaries.dir\test_DiffDictionaries.cpp.obj
[2022-11-29T23:23:57.206Z]     [23/621] Building CXX object test\lib\usd\utils\CMakeFiles\testDiffRelationships.dir\main.cpp.obj
[2022-11-29T23:23:57.419Z]     [24/621] Building CXX object test\lib\usd\utils\CMakeFiles\testDiffComputeOverall.dir\main.cpp.obj
[2022-11-29T23:23:57.419Z]     [25/621] Building CXX object test\lib\usd\utils\CMakeFiles\testDiffMetadatas.dir\main.cpp.obj
[2022-11-29T23:23:57.419Z]     [26/621] Building CXX object lib\mayaUsd\CMakeFiles\mayaUsd.dir\base\debugCodes.cpp.obj
[2022-11-29T23:23:57.419Z]     [27/621] Building CXX object test\lib\usd\utils\CMakeFiles\testMergePrims.dir\main.cpp.obj
[2022-11-29T23:23:58.035Z]     [28/621] Building CXX object lib\mayaUsd\CMakeFiles\mayaUsd.dir\base\tokens.cpp.obj
[2022-11-29T23:23:58.035Z]     [29/621] Building CXX object lib\mayaUsd\CMakeFiles\mayaUsd.dir\commands\layerEditorWindowCommand.cpp.obj
[2022-11-29T23:24:01.613Z]     [30/621] Building CXX object test\lib\usd\utils\CMakeFiles\testDiffAttributes.dir\test_DiffAttributes.cpp.obj
[2022-11-29T23:24:02.885Z]     [31/621] Building CXX object lib\mayaUsd\CMakeFiles\mayaUsd.dir\commands\baseListJobContextsCommand.cpp.obj
[2022-11-29T23:24:03.218Z]     [32/621] Building CXX object test\lib\usd\utils\CMakeFiles\testDiffMetadatas.dir\test_DiffMetadatas.cpp.obj
[2022-11-29T23:24:03.349Z]     [33/621] Building CXX object test\lib\usd\utils\CMakeFiles\testDiffComputeOverall.dir\test_DiffComputeOverall.cpp.obj
[2022-11-29T23:24:03.794Z]     [34/621] Building CXX object test\lib\usd\utils\CMakeFiles\testDiffRelationships.dir\test_DiffRelationships.cpp.obj
[2022-11-29T23:24:03.794Z]     [35/621] Building CXX object lib\mayaUsd\CMakeFiles\mayaUsd.dir\commands\editTargetCommand.cpp.obj
[2022-11-29T23:24:04.012Z]     [36/621] Building CXX object lib\mayaUsd\CMakeFiles\mayaUsd.dir\commands\baseListShadingModesCommand.cpp.obj
[2022-11-29T23:24:04.152Z]     [37/621] Building CXX object test\lib\usd\utils\CMakeFiles\testMergePrims.dir\test_MergePrims.cpp.obj
[2022-11-29T23:24:04.576Z]     [38/621] Building CXX object lib\mayaUsd\CMakeFiles\mayaUsd.dir\commands\baseImportCommand.cpp.obj
[2022-11-29T23:24:04.690Z]     [39/621] Building CXX object lib\mayaUsd\CMakeFiles\mayaUsd.dir\fileio\functorPrimReader.cpp.obj
[2022-11-29T23:24:04.814Z]     [40/621] Building CXX object lib\mayaUsd\CMakeFiles\mayaUsd.dir\fileio\importData.cpp.obj
[2022-11-29T23:24:04.938Z]     [41/621] Building CXX object lib\mayaUsd\CMakeFiles\mayaUsd.dir\commands\baseExportCommand.cpp.obj
[2022-11-29T23:24:04.938Z]     [42/621] Building CXX object lib\mayaUsd\CMakeFiles\mayaUsd.dir\fileio\fallbackPrimReader.cpp.obj
[2022-11-29T23:24:05.572Z]     [43/621] Building CXX object lib\mayaUsd\CMakeFiles\mayaUsd.dir\commands\layerEditorCommand.cpp.obj
[2022-11-29T23:24:05.796Z]     [44/621] Building CXX object lib\mayaUsd\CMakeFiles\mayaUsd.dir\fileio\functorPrimWriter.cpp.obj
[2022-11-29T23:24:06.418Z]     [45/621] Building CXX object lib\mayaUsd\CMakeFiles\mayaUsd.dir\fileio\instancedNodeWriter.cpp.obj
[2022-11-29T23:24:07.546Z]     [46/621] Building CXX object lib\mayaUsd\CMakeFiles\mayaUsd.dir\fileio\jobContextRegistry.cpp.obj
[2022-11-29T23:24:09.403Z]     [47/621] Building CXX object lib\mayaUsd\CMakeFiles\mayaUsd.dir\fileio\primWriterContext.cpp.obj
[2022-11-29T23:24:09.403Z]     [48/621] Building CXX object lib\mayaUsd\CMakeFiles\mayaUsd.dir\fileio\primReaderArgs.cpp.obj
[2022-11-29T23:24:09.727Z]     [49/621] Building CXX object lib\mayaUsd\CMakeFiles\mayaUsd.dir\fileio\registryHelper.cpp.obj
[2022-11-29T23:24:10.449Z]     [50/621] Building CXX object lib\mayaUsd\CMakeFiles\mayaUsd.dir\fileio\primWriterArgs.cpp.obj
[2022-11-29T23:24:10.567Z]     [51/621] Building CXX object lib\mayaUsd\CMakeFiles\mayaUsd.dir\fileio\primReader.cpp.obj
[2022-11-29T23:24:11.313Z]     [52/621] Building CXX object lib\mayaUsd\CMakeFiles\mayaUsd.dir\fileio\primReaderContext.cpp.obj
[2022-11-29T23:24:11.742Z]     [53/621] Building CXX object lib\mayaUsd\CMakeFiles\mayaUsd.dir\fileio\primWriter.cpp.obj
[2022-11-29T23:24:11.742Z]     [54/621] Building CXX object lib\mayaUsd\CMakeFiles\mayaUsd.dir\fileio\shaderReaderRegistry.cpp.obj
[2022-11-29T23:24:12.171Z]     [55/621] Building CXX object lib\mayaUsd\CMakeFiles\mayaUsd.dir\fileio\schemaApiAdaptor.cpp.obj
[2022-11-29T23:24:12.495Z]     [56/621] Building CXX object lib\mayaUsd\CMakeFiles\mayaUsd.dir\fileio\primReaderRegistry.cpp.obj
[2022-11-29T23:24:12.613Z]     [57/621] Building CXX object lib\mayaUsd\CMakeFiles\mayaUsd.dir\fileio\shaderWriter.cpp.obj
[2022-11-29T23:24:12.832Z]     [58/621] Building CXX object lib\mayaUsd\CMakeFiles\mayaUsd.dir\fileio\shaderReader.cpp.obj
[2022-11-29T23:24:13.266Z]     [59/621] Building CXX object lib\mayaUsd\CMakeFiles\mayaUsd.dir\fileio\primWriterRegistry.cpp.obj
[2022-11-29T23:24:13.266Z]     [60/621] Building CXX object lib\mayaUsd\CMakeFiles\mayaUsd.dir\fileio\chaser\exportChaser.cpp.obj
[2022-11-29T23:24:13.591Z]     [61/621] Building CXX object lib\mayaUsd\CMakeFiles\mayaUsd.dir\fileio\schemaApiAdaptorRegistry.cpp.obj
[2022-11-29T23:24:14.419Z]     [62/621] Building CXX object lib\mayaUsd\CMakeFiles\mayaUsd.dir\fileio\shaderWriterRegistry.cpp.obj
[2022-11-29T23:24:16.478Z]     [63/621] Building CXX object lib\mayaUsd\CMakeFiles\mayaUsd.dir\fileio\writeJobContext.cpp.obj
[2022-11-29T23:24:16.699Z]     [64/621] Building CXX object lib\mayaUsd\CMakeFiles\mayaUsd.dir\fileio\translators\translatorGprim.cpp.obj
[2022-11-29T23:24:17.892Z]     [65/621] Building CXX object lib\mayaUsd\CMakeFiles\mayaUsd.dir\fileio\translators\translatorMayaReference.cpp.obj
[2022-11-29T23:24:18.127Z]     [66/621] Building CXX object lib\mayaUsd\CMakeFiles\mayaUsd.dir\fileio\transformWriter.cpp.obj
[2022-11-29T23:24:18.446Z]     [67/621] Building CXX object lib\mayaUsd\CMakeFiles\mayaUsd.dir\fileio\translators\translatorMaterial.cpp.obj
[2022-11-29T23:24:18.761Z]     [68/621] Building CXX object lib\mayaUsd\CMakeFiles\mayaUsd.dir\fileio\translators\translatorMesh.cpp.obj
[2022-11-29T23:24:19.286Z]     [69/621] Building CXX object lib\mayaUsd\CMakeFiles\mayaUsd.dir\fileio\chaser\importChaser.cpp.obj
[2022-11-29T23:24:19.924Z]     [70/621] Building CXX object lib\mayaUsd\CMakeFiles\mayaUsd.dir\fileio\chaser\exportChaserRegistry.cpp.obj
[2022-11-29T23:24:20.448Z]     [71/621] Building CXX object lib\mayaUsd\CMakeFiles\mayaUsd.dir\fileio\chaser\importChaserRegistry.cpp.obj
[2022-11-29T23:24:20.772Z]     [72/621] Building CXX object lib\mayaUsd\CMakeFiles\mayaUsd.dir\fileio\translators\translatorLight.cpp.obj
[2022-11-29T23:24:21.098Z]     [73/621] Building CXX object lib\mayaUsd\CMakeFiles\mayaUsd.dir\fileio\jobs\meshDataReadJob.cpp.obj
[2022-11-29T23:24:21.657Z]     [74/621] Building CXX object lib\mayaUsd\CMakeFiles\mayaUsd.dir\fileio\shading\shadingModeExporter.cpp.obj
[2022-11-29T23:24:21.981Z]     [75/621] Building CXX object lib\mayaUsd\CMakeFiles\mayaUsd.dir\fileio\jobs\modelKindProcessor.cpp.obj
[2022-11-29T23:24:23.137Z]     [76/621] Building CXX object lib\mayaUsd\CMakeFiles\mayaUsd.dir\fileio\jobs\writeJob.cpp.obj
[2022-11-29T23:24:24.375Z]     [77/621] Building CXX object lib\mayaUsd\CMakeFiles\mayaUsd.dir\fileio\jobs\jobArgs.cpp.obj
[2022-11-29T23:24:25.010Z]     [78/621] Building CXX object lib\mayaUsd\CMakeFiles\mayaUsd.dir\fileio\jobs\readJob.cpp.obj
[2022-11-29T23:24:25.345Z]     [79/621] Building CXX object lib\mayaUsd\CMakeFiles\mayaUsd.dir\fileio\shading\shadingModeDisplayColor.cpp.obj
[2022-11-29T23:24:25.667Z]     [80/621] Building CXX object lib\mayaUsd\CMakeFiles\mayaUsd.dir\fileio\shading\shadingModeImporter.cpp.obj
[2022-11-29T23:24:27.208Z]     [81/621] Building CXX object lib\mayaUsd\CMakeFiles\mayaUsd.dir\fileio\shading\shadingModeExporterContext.cpp.obj
[2022-11-29T23:24:28.844Z]     [82/621] Building CXX object lib\mayaUsd\CMakeFiles\mayaUsd.dir\fileio\shading\symmetricShaderReader.cpp.obj
[2022-11-29T23:24:28.972Z]     [83/621] Building CXX object lib\mayaUsd\CMakeFiles\mayaUsd.dir\fileio\translators\translatorCamera.cpp.obj
[2022-11-29T23:24:29.208Z]     [84/621] Building CXX object lib\mayaUsd\CMakeFiles\mayaUsd.dir\fileio\shading\shadingModePxrRis.cpp.obj
[2022-11-29T23:24:30.037Z]     [85/621] Building CXX object lib\mayaUsd\CMakeFiles\mayaUsd.dir\fileio\shading\shadingModeUseRegistry.cpp.obj
[2022-11-29T23:24:30.575Z]     [86/621] Building CXX object lib\mayaUsd\CMakeFiles\mayaUsd.dir\fileio\translators\translatorPrim.cpp.obj
[2022-11-29T23:24:30.815Z]     [87/621] Building CXX object lib\mayaUsd\CMakeFiles\mayaUsd.dir\fileio\translators\skelBindingsProcessor.cpp.obj
[2022-11-29T23:24:30.949Z]     [88/621] Building CXX object lib\mayaUsd\CMakeFiles\mayaUsd.dir\fileio\shading\symmetricShaderWriter.cpp.obj
[2022-11-29T23:24:31.196Z]     [89/621] Building CXX object lib\mayaUsd\CMakeFiles\mayaUsd.dir\fileio\shading\shadingModeRegistry.cpp.obj
[2022-11-29T23:24:31.312Z]     [90/621] Building CXX object lib\mayaUsd\CMakeFiles\mayaUsd.dir\fileio\translators\translatorCurves.cpp.obj
[2022-11-29T23:24:31.632Z]     [91/621] Building CXX object lib\mayaUsd\CMakeFiles\mayaUsd.dir\fileio\translators\translatorRfMLight.cpp.obj
[2022-11-29T23:24:32.360Z]     [92/621] Building CXX object lib\mayaUsd\CMakeFiles\mayaUsd.dir\fileio\translators\translatorSkel.cpp.obj
[2022-11-29T23:24:33.536Z]     [93/621] Building CXX object lib\mayaUsd\CMakeFiles\mayaUsd.dir\fileio\utils\jointWriteUtils.cpp.obj
[2022-11-29T23:24:33.648Z]     [94/621] Building CXX object lib\mayaUsd\CMakeFiles\mayaUsd.dir\fileio\translators\translatorRfMLight_deprecated.cpp.obj
[2022-11-29T23:24:33.969Z]     [95/621] Building CXX object lib\mayaUsd\CMakeFiles\mayaUsd.dir\fileio\translators\translatorUtil.cpp.obj
[2022-11-29T23:24:34.690Z]     [96/621] Building CXX object lib\mayaUsd\CMakeFiles\mayaUsd.dir\fileio\translators\translatorNurbsPatch.cpp.obj
[2022-11-29T23:24:36.134Z]     [97/621] Building CXX object lib\mayaUsd\CMakeFiles\mayaUsd.dir\fileio\utils\adaptor.cpp.obj
[2022-11-29T23:24:36.455Z]     [98/621] Building CXX object lib\mayaUsd\CMakeFiles\mayaUsd.dir\listeners\notice.cpp.obj
[2022-11-29T23:24:37.284Z]     [99/621] Building CXX object lib\mayaUsd\CMakeFiles\mayaUsd.dir\fileio\utils\meshReadUtils.cpp.obj
[2022-11-29T23:24:38.211Z]     [100/621] Building CXX object lib\mayaUsd\CMakeFiles\mayaUsd.dir\fileio\translators\translatorXformable_decompose.cpp.obj
[2022-11-29T23:24:38.656Z]     [101/621] Building CXX object lib\mayaUsd\CMakeFiles\mayaUsd.dir\fileio\utils\userTaggedAttribute.cpp.obj
[2022-11-29T23:24:38.927Z]     [102/621] Building CXX object lib\mayaUsd\CMakeFiles\mayaUsd.dir\fileio\translators\translatorXformable.cpp.obj
[2022-11-29T23:24:38.928Z]     [103/621] Building CXX object lib\mayaUsd\CMakeFiles\mayaUsd.dir\listeners\proxyShapeNotice.cpp.obj
[2022-11-29T23:24:39.363Z]     [104/621] Building CXX object lib\mayaUsd\CMakeFiles\mayaUsd.dir\fileio\utils\roundTripUtil.cpp.obj
[2022-11-29T23:24:39.857Z]     [105/621] Building CXX object lib\mayaUsd\CMakeFiles\mayaUsd.dir\nodes\pointBasedDeformerNode.cpp.obj
[2022-11-29T23:24:40.218Z]     [106/621] Building CXX object lib\mayaUsd\CMakeFiles\mayaUsd.dir\fileio\utils\readUtil.cpp.obj
[2022-11-29T23:24:40.535Z]     [107/621] Building CXX object lib\mayaUsd\CMakeFiles\mayaUsd.dir\fileio\utils\meshWriteUtils.cpp.obj
[2022-11-29T23:24:40.753Z]     [108/621] Building CXX object lib\mayaUsd\CMakeFiles\mayaUsd.dir\render\px_vp20\glslProgram.cpp.obj
[2022-11-29T23:24:40.969Z]     [109/621] Building CXX object lib\mayaUsd\CMakeFiles\mayaUsd.dir\fileio\utils\shadingUtil.cpp.obj
[2022-11-29T23:24:41.187Z]     [110/621] Building CXX object lib\mayaUsd\CMakeFiles\mayaUsd.dir\fileio\utils\writeUtil.cpp.obj
[2022-11-29T23:24:41.508Z]     [111/621] Building CXX object lib\mayaUsd\CMakeFiles\mayaUsd.dir\nodes\hdImagingShape.cpp.obj
[2022-11-29T23:24:41.508Z]     [112/621] Building CXX object lib\mayaUsd\CMakeFiles\mayaUsd.dir\render\pxrUsdMayaGL\debugCodes.cpp.obj
[2022-11-29T23:24:41.926Z]     [113/621] Building CXX object lib\mayaUsd\CMakeFiles\mayaUsd.dir\listeners\stageNoticeListener.cpp.obj
[2022-11-29T23:24:42.851Z]     [114/621] Building CXX object lib\mayaUsd\CMakeFiles\mayaUsd.dir\fileio\utils\xformStack.cpp.obj
[2022-11-29T23:24:43.175Z]     [115/621] Building CXX object lib\mayaUsd\CMakeFiles\mayaUsd.dir\python\moduleDeps.cpp.obj
[2022-11-29T23:24:44.919Z]     [116/621] Building CXX object lib\mayaUsd\CMakeFiles\mayaUsd.dir\render\px_vp20\utils_legacy.cpp.obj
[2022-11-29T23:24:45.036Z]     [117/621] Building CXX object lib\mayaUsd\CMakeFiles\mayaUsd.dir\render\px_vp20\utils.cpp.obj
[2022-11-29T23:24:46.610Z]     [118/621] Building CXX object lib\mayaUsd\CMakeFiles\mayaUsd.dir\nodes\stageData.cpp.obj
[2022-11-29T23:24:46.726Z]     [119/621] Building CXX object lib\mayaUsd\CMakeFiles\mayaUsd.dir\nodes\usdPrimProvider.cpp.obj
[2022-11-29T23:24:46.958Z]     [120/621] Building CXX object lib\mayaUsd\CMakeFiles\mayaUsd.dir\nodes\proxyAccessor.cpp.obj
[2022-11-29T23:24:47.080Z]     [121/621] Building CXX object lib\mayaUsd\CMakeFiles\mayaUsd.dir\nodes\proxyShapeStageExtraData.cpp.obj
[2022-11-29T23:24:47.406Z]     [122/621] Building CXX object lib\mayaUsd\CMakeFiles\mayaUsd.dir\nodes\proxyShapePlugin.cpp.obj
[2022-11-29T23:24:47.525Z]     [123/621] Building CXX object lib\mayaUsd\CMakeFiles\mayaUsd.dir\render\pxrUsdMayaGL\userData.cpp.obj
[2022-11-29T23:24:48.165Z]     [124/621] Building CXX object lib\mayaUsd\CMakeFiles\mayaUsd.dir\nodes\proxyShapeBase.cpp.obj
[2022-11-29T23:24:48.389Z]     [125/621] Building CXX object lib\mayaUsd\CMakeFiles\mayaUsd.dir\render\pxrUsdMayaGL\softSelectHelper.cpp.obj
[2022-11-29T23:24:48.513Z]     [126/621] Building CXX object lib\mayaUsd\CMakeFiles\mayaUsd.dir\nodes\stageNode.cpp.obj
[2022-11-29T23:24:48.513Z]     [127/621] Building CXX object lib\mayaUsd\CMakeFiles\mayaUsd.dir\render\vp2RenderDelegate\bboxGeom.cpp.obj
[2022-11-29T23:24:49.141Z]     [128/621] Building CXX object lib\mayaUsd\CMakeFiles\mayaUsd.dir\render\vp2RenderDelegate\debugCodes.cpp.obj
[2022-11-29T23:24:49.465Z]     [129/621] Building CXX object lib\mayaUsd\CMakeFiles\mayaUsd.dir\render\pxrUsdMayaGL\proxyShapeDelegate.cpp.obj
[2022-11-29T23:24:50.507Z]     [130/621] Building CXX object lib\mayaUsd\CMakeFiles\mayaUsd.dir\render\pxrUsdMayaGL\hdImagingShapeUI.cpp.obj
[2022-11-29T23:24:50.837Z]     [131/621] Building CXX object lib\mayaUsd\CMakeFiles\mayaUsd.dir\render\pxrUsdMayaGL\hdImagingShapeDrawOverride.cpp.obj
[2022-11-29T23:24:50.837Z]     [132/621] Building CXX object lib\mayaUsd\CMakeFiles\mayaUsd.dir\render\vp2RenderDelegate\meshViewportCompute.cpp.obj
[2022-11-29T23:24:51.056Z]     [133/621] Building CXX object lib\mayaUsd\CMakeFiles\mayaUsd.dir\render\pxrUsdMayaGL\batchRenderer.cpp.obj
[2022-11-29T23:24:51.381Z]     [134/621] Building CXX object lib\mayaUsd\CMakeFiles\mayaUsd.dir\render\pxrUsdMayaGL\proxyShapeUI.cpp.obj
[2022-11-29T23:24:52.715Z]     [135/621] Building CXX object lib\mayaUsd\CMakeFiles\mayaUsd.dir\render\pxrUsdMayaGL\instancerShapeAdapter.cpp.obj
[2022-11-29T23:24:53.756Z]     [136/621] Building CXX object lib\mayaUsd\CMakeFiles\mayaUsd.dir\render\vp2RenderDelegate\draw_item.cpp.obj
[2022-11-29T23:24:54.180Z]     [137/621] Building CXX object lib\mayaUsd\CMakeFiles\mayaUsd.dir\render\vp2RenderDelegate\instancer.cpp.obj
[2022-11-29T23:24:54.513Z]     [138/621] Building CXX object lib\mayaUsd\CMakeFiles\mayaUsd.dir\render\vp2RenderDelegate\extComputation.cpp.obj
[2022-11-29T23:24:54.640Z]     [139/621] Building CXX object lib\mayaUsd\CMakeFiles\mayaUsd.dir\render\vp2RenderDelegate\sampler.cpp.obj
[2022-11-29T23:24:54.971Z]     [140/621] Building CXX object lib\mayaUsd\CMakeFiles\mayaUsd.dir\render\pxrUsdMayaGL\instancerImager.cpp.obj
[2022-11-29T23:24:55.312Z]     [141/621] Building CXX object lib\mayaUsd\CMakeFiles\mayaUsd.dir\undo\OpUndoItemRecorder.cpp.obj
[2022-11-29T23:24:55.458Z]     [142/621] Building CXX object lib\mayaUsd\CMakeFiles\mayaUsd.dir\render\pxrUsdMayaGL\sceneDelegate.cpp.obj
[2022-11-29T23:24:55.781Z]     [143/621] Building CXX object lib\mayaUsd\CMakeFiles\mayaUsd.dir\render\vp2RenderDelegate\shader.cpp.obj
[2022-11-29T23:24:55.904Z]     [144/621] Building CXX object lib\mayaUsd\CMakeFiles\mayaUsd.dir\render\pxrUsdMayaGL\shapeAdapter.cpp.obj
[2022-11-29T23:24:56.023Z]     [145/621] Building CXX object lib\mayaUsd\CMakeFiles\mayaUsd.dir\render\vp2RenderDelegate\tokens.cpp.obj
[2022-11-29T23:24:56.549Z]     [146/621] Building CXX object lib\mayaUsd\CMakeFiles\mayaUsd.dir\utils\blockSceneModificationContext.cpp.obj
[2022-11-29T23:24:56.978Z]     [147/621] Building CXX object lib\mayaUsd\CMakeFiles\mayaUsd.dir\render\pxrUsdMayaGL\proxyDrawOverride.cpp.obj
[2022-11-29T23:24:57.096Z]     [148/621] Building CXX object lib\mayaUsd\CMakeFiles\mayaUsd.dir\undo\UsdUndoableItem.cpp.obj
[2022-11-29T23:24:57.851Z]     [149/621] Building CXX object lib\mayaUsd\CMakeFiles\mayaUsd.dir\utils\colorSpace.cpp.obj
[2022-11-29T23:24:58.401Z]     [150/621] Building CXX object lib\mayaUsd\CMakeFiles\mayaUsd.dir\render\pxrUsdMayaGL\usdProxyShapeAdapter.cpp.obj
[2022-11-29T23:24:58.725Z]     [151/621] Building CXX object lib\mayaUsd\CMakeFiles\mayaUsd.dir\render\vp2ShaderFragments\shaderFragments.cpp.obj
[2022-11-29T23:24:59.071Z]     [152/621] Building CXX object lib\mayaUsd\CMakeFiles\mayaUsd.dir\undo\OpUndoItemList.cpp.obj
[2022-11-29T23:24:59.192Z]     [153/621] Building CXX object lib\mayaUsd\CMakeFiles\mayaUsd.dir\render\vp2RenderDelegate\basisCurves.cpp.obj
[2022-11-29T23:24:59.311Z]     [154/621] Building CXX object lib\mayaUsd\CMakeFiles\mayaUsd.dir\render\vp2RenderDelegate\mayaPrimCommon.cpp.obj
[2022-11-29T23:24:59.837Z]     [155/621] Building CXX object lib\mayaUsd\CMakeFiles\mayaUsd.dir\utils\dynamicAttribute.cpp.obj
[2022-11-29T23:24:59.973Z]     [156/621] Building CXX object lib\mayaUsd\CMakeFiles\mayaUsd.dir\render\vp2RenderDelegate\render_param.cpp.obj
[2022-11-29T23:25:00.506Z]     [157/621] Building CXX object lib\mayaUsd\CMakeFiles\mayaUsd.dir\render\vp2RenderDelegate\mesh.cpp.obj
[2022-11-29T23:25:01.959Z]     [158/621] Building CXX object lib\mayaUsd\CMakeFiles\mayaUsd.dir\utils\diagnosticDelegate.cpp.obj
[2022-11-29T23:25:02.403Z]     [159/621] Building CXX object lib\mayaUsd\CMakeFiles\mayaUsd.dir\undo\UsdUndoManager.cpp.obj
[2022-11-29T23:25:02.722Z]     [160/621] Building CXX object lib\mayaUsd\CMakeFiles\mayaUsd.dir\render\vp2RenderDelegate\proxyRenderDelegate.cpp.obj
[2022-11-29T23:25:02.953Z]     [161/621] Building CXX object lib\mayaUsd\CMakeFiles\mayaUsd.dir\render\vp2RenderDelegate\material.cpp.obj
[2022-11-29T23:25:03.308Z]     [162/621] Building CXX object lib\mayaUsd\CMakeFiles\mayaUsd.dir\undo\OpUndoItems.cpp.obj
[2022-11-29T23:25:03.831Z]     [163/621] Building CXX object lib\mayaUsd\CMakeFiles\mayaUsd.dir\utils\customLayerData.cpp.obj
[2022-11-29T23:25:03.945Z]     [164/621] Building CXX object lib\mayaUsd\CMakeFiles\mayaUsd.dir\render\vp2RenderDelegate\render_delegate.cpp.obj
[2022-11-29T23:25:04.364Z]     [165/621] Building CXX object lib\mayaUsd\CMakeFiles\mayaUsd.dir\render\vp2RenderDelegate\points.cpp.obj
[2022-11-29T23:25:04.688Z]     [166/621] Building CXX object lib\mayaUsd\CMakeFiles\mayaUsd.dir\utils\progressBarScope.cpp.obj
[2022-11-29T23:25:05.517Z]     [167/621] Building CXX object lib\mayaUsd\CMakeFiles\mayaUsd.dir\utils\plugRegistryHelper.cpp.obj
[2022-11-29T23:25:06.046Z]     [168/621] Building CXX object lib\mayaUsd\CMakeFiles\mayaUsd.dir\undo\UsdUndoBlock.cpp.obj
[2022-11-29T23:25:07.100Z]     [169/621] Building CXX object lib\mayaUsd\CMakeFiles\mayaUsd.dir\utils\editability.cpp.obj
[2022-11-29T23:25:07.323Z]     [170/621] Building CXX object lib\mayaUsd\CMakeFiles\mayaUsd.dir\utils\loadRulesText.cpp.obj
[2022-11-29T23:25:07.470Z]     [171/621] Building CXX object lib\mayaUsd\CMakeFiles\mayaUsd.dir\utils\loadRulesAttribute.cpp.obj
[2022-11-29T23:25:07.698Z]     [172/621] Building CXX object lib\mayaUsd\CMakeFiles\mayaUsd.dir\utils\query.cpp.obj
[2022-11-29T23:25:07.698Z]     [173/621] Building CXX object lib\mayaUsd\CMakeFiles\mayaUsd.dir\undo\UsdUndoStateDelegate.cpp.obj
[2022-11-29T23:25:08.141Z]     [174/621] Building CXX object lib\mayaUsd\CMakeFiles\mayaUsd.dir\utils\converter.cpp.obj
[2022-11-29T23:25:08.360Z]     [175/621] Building CXX object lib\mayaUsd\CMakeFiles\mayaUsd.dir\utils\editRouter.cpp.obj
[2022-11-29T23:25:08.360Z]     [176/621] Building CXX object test\lib\usd\plugin\CMakeFiles\usdTestMayaPlugin.dir\plugin.cpp.obj
[2022-11-29T23:25:08.360Z]     [177/621] Building CXX object lib\mayaUsd\CMakeFiles\mayaUsd.dir\utils\traverseLayer.cpp.obj
[2022-11-29T23:25:08.683Z]     [178/621] Building CXX object test\lib\usd\plugin\CMakeFiles\usdTestInfoImportChaser.dir\plugin.cpp.obj
[2022-11-29T23:25:08.801Z]     [179/621] Copying api.h ...
[2022-11-29T23:25:08.801Z]     [180/621] Copying listShadingModesCommand.h ...
[2022-11-29T23:25:08.920Z]     [181/621] Copying exportCommand.h ...
[2022-11-29T23:25:09.036Z]     [182/621] Building CXX object test\lib\usd\plugin\CMakeFiles\usdTestApiWriter.dir\plugin.cpp.obj
[2022-11-29T23:25:09.036Z]     [183/621] Copying importTranslator.h ...
[2022-11-29T23:25:09.036Z]     [184/621] Copying readJobWithSceneAssembly.h ...
[2022-11-29T23:25:09.036Z]     [185/621] Copying editUtil.h ...
[2022-11-29T23:25:09.155Z]     [186/621] Copying importCommand.h ...
[2022-11-29T23:25:09.155Z]     [187/621] Copying exportTranslator.h ...
[2022-11-29T23:25:09.268Z]     [188/621] Copying translatorModelAssembly.h ...
[2022-11-29T23:25:09.268Z]     [189/621] Copying referenceAssembly.h ...
[2022-11-29T23:25:09.268Z]     [190/621] Building CXX object lib\mayaUsd\CMakeFiles\mayaUsd.dir\utils\loadRules.cpp.obj
[2022-11-29T23:25:09.268Z]     [191/621] Building CXX object lib\mayaUsd\CMakeFiles\mayaUsd.dir\utils\layerMuting.cpp.obj
[2022-11-29T23:25:09.268Z]     [192/621] Copying proxyShape.h ...
[2022-11-29T23:25:09.386Z]     [193/621] Copying instancerShapeAdapterWithSceneAssembly.h ...
[2022-11-29T23:25:09.386Z]     [194/621] Generating userExportedAttributesUI.pyc
[2022-11-29T23:25:09.386Z]     [195/621] Generating AEpxrUsdReferenceAssemblyTemplate.pyc
[2022-11-29T23:25:09.501Z]     [196/621] Generating __init__.pyc
[2022-11-29T23:25:09.918Z]     [197/621] Building CXX object lib\mayaUsd\CMakeFiles\mayaUsd.dir\utils\undoHelperCommand.cpp.obj
[2022-11-29T23:25:11.976Z]     [198/621] Building CXX object lib\mayaUsd\CMakeFiles\mayaUsd.dir\utils\stageCache.cpp.obj
[2022-11-29T23:25:11.976Z]     [199/621] Building CXX object lib\mayaUsd\CMakeFiles\mayaUsd.dir\utils\selectability.cpp.obj
[2022-11-29T23:25:12.700Z]     [200/621] Building CXX object lib\mayaUsd\CMakeFiles\mayaUsd.dir\utils\utilSerialization.cpp.obj
[2022-11-29T23:25:13.642Z]     [201/621] Building CXX object lib\mayaUsd\CMakeFiles\mayaUsd.dir\utils\utilFileSystem.cpp.obj
[2022-11-29T23:25:13.758Z]     [202/621] Building CXX object lib\mayaUsd\CMakeFiles\mayaUsd.dir\utils\utilDictionary.cpp.obj
[2022-11-29T23:25:14.199Z]     [203/621] Building CXX object plugin\pxr\maya\lib\usdMaya\CMakeFiles\usdMaya.dir\listShadingModesCommand.cpp.obj
[2022-11-29T23:25:14.420Z]     [204/621] Building CXX object lib\mayaUsd\CMakeFiles\mayaUsd.dir\utils\variants.cpp.obj
[2022-11-29T23:25:15.261Z]     [205/621] Building CXX object test\lib\usd\plugin\CMakeFiles\usdTestMayaPlugin.dir\mayaShaderTranslation.cpp.obj
[2022-11-29T23:25:15.261Z]     [206/621] Building CXX object test\lib\usd\plugin\CMakeFiles\usdTestUsdPlugin.dir\mayaShaderTranslation.cpp.obj
[2022-11-29T23:25:15.382Z]     [207/621] Building CXX object test\lib\usd\plugin\CMakeFiles\usdTestInfoImportChaser.dir\infoImportChaser.cpp.obj
[2022-11-29T23:25:15.382Z]     [208/621] Building CXX object test\lib\usd\plugin\CMakeFiles\usdTestApiWriter.dir\nullApiExporter.cpp.obj
[2022-11-29T23:25:15.500Z]     [209/621] Copying api.h ...
[2022-11-29T23:25:15.500Z]     [210/621] Copying api.h ...
[2022-11-29T23:25:15.500Z]     [211/621] Building CXX object plugin\pxr\maya\lib\usdMaya\CMakeFiles\_usdMaya.dir\module.cpp.obj
[2022-11-29T23:25:16.542Z]     [212/621] Building CXX object plugin\pxr\maya\lib\usdMaya\CMakeFiles\usdMaya.dir\exportCommand.cpp.obj
[2022-11-29T23:25:16.889Z]     [213/621] Building CXX object plugin\pxr\maya\lib\usdMaya\CMakeFiles\usdMaya.dir\readJobWithSceneAssembly.cpp.obj
[2022-11-29T23:25:17.859Z]     [214/621] Building CXX object plugin\pxr\maya\lib\usdMaya\CMakeFiles\usdMaya.dir\editUtil.cpp.obj
[2022-11-29T23:25:18.082Z]     [215/621] Building CXX object plugin\pxr\maya\lib\usdMaya\CMakeFiles\usdMaya.dir\translatorModelAssembly.cpp.obj
[2022-11-29T23:25:18.082Z]     [216/621] Building CXX object plugin\al\utils\AL\CMakeFiles\AL_EventSystem.dir\event\EventHandler.cpp.obj
[2022-11-29T23:25:18.607Z]     [217/621] Linking CXX shared library plugin\al\utils\AL\AL_EventSystem.dll
[2022-11-29T23:25:18.923Z]     [218/621] Building CXX object lib\mayaUsd\CMakeFiles\mayaUsd.dir\utils\util.cpp.obj
[2022-11-29T23:25:19.161Z]     [219/621] Building CXX object plugin\pxr\maya\lib\usdMaya\CMakeFiles\usdMaya.dir\instancerShapeAdapterWithSceneAssembly.cpp.obj
[2022-11-29T23:25:19.482Z]     [220/621] Building CXX object plugin\pxr\maya\lib\usdMaya\CMakeFiles\usdMaya.dir\exportTranslator.cpp.obj
[2022-11-29T23:25:19.482Z]     [221/621] Building CXX object plugin\al\mayatest\AL\maya\test\CMakeFiles\AL_MayaTest.dir\testHarness.cpp.obj
[2022-11-29T23:25:19.622Z]     [222/621] Building CXX object plugin\al\mayatest\AL\maya\test\CMakeFiles\AL_MayaTest.dir\testHelpers.cpp.obj
[2022-11-29T23:25:19.839Z]     [223/621] Building CXX object plugin\al\mayautils\AL\maya\CMakeFiles\AL_MayaUtils.dir\utils\MenuBuilder.cpp.obj
[2022-11-29T23:25:19.839Z]     [224/621] Building CXX object plugin\al\mayautils\AL\maya\CMakeFiles\AL_MayaUtils.dir\utils\FileTranslatorOptions.cpp.obj
[2022-11-29T23:25:20.270Z]     [225/621] Building CXX object plugin\al\mayautils\AL\maya\CMakeFiles\AL_MayaUtils.dir\utils\Utils.cpp.obj
[2022-11-29T23:25:20.270Z]     [226/621] Linking CXX shared library plugin\al\mayatest\AL\maya\test\AL_MayaTest.dll
[2022-11-29T23:25:20.385Z]     [227/621] Building CXX object plugin\al\mayautils\AL\maya\CMakeFiles\AL_MayaUtils.dir\utils\NodeHelper.cpp.obj
[2022-11-29T23:25:20.821Z]     [228/621] Building CXX object plugin\al\mayautils\AL\maya\CMakeFiles\AL_MayaUtils.dir\utils\PluginTranslatorOptions.cpp.obj
[2022-11-29T23:25:21.038Z]     [229/621] Building CXX object plugin\al\mayautils\AL\maya\CMakeFiles\AL_MayaUtils.dir\utils\CommandGuiHelper.cpp.obj
[2022-11-29T23:25:21.038Z]     [230/621] Building CXX object plugin\al\mayautils\AL\maya\CMakeFiles\AL_MayaUtils.dir\event\MayaEventManager.cpp.obj
[2022-11-29T23:25:21.366Z]     [231/621] Building CXX object plugin\al\mayautils\AL\maya\tests\mayaplugintest\CMakeFiles\AL_MayaUtilsTests.dir\utils\CommandGuiHelperTest.cpp.obj
[2022-11-29T23:25:21.366Z]     [232/621] Building CXX object plugin\al\mayautils\AL\maya\tests\mayaplugintest\CMakeFiles\AL_MayaUtilsTests.dir\plugin.cpp.obj
[2022-11-29T23:25:21.791Z]     [233/621] Building CXX object plugin\al\mayautils\AL\maya\tests\mayaplugintest\CMakeFiles\AL_MayaUtilsTests.dir\utils\NodeHelperUnitTest.cpp.obj
[2022-11-29T23:25:21.917Z]     [234/621] Building CXX object plugin\pxr\maya\lib\usdMaya\CMakeFiles\usdMaya.dir\importTranslator.cpp.obj
[2022-11-29T23:25:22.255Z]     [235/621] Building CXX object plugin\al\mayautils\AL\maya\tests\mayaplugintest\CMakeFiles\AL_MayaUtilsTests.dir\test_mobjectmap.cpp.obj
[2022-11-29T23:25:22.255Z]     [236/621] Building CXX object plugin\al\mayautils\AL\maya\tests\mayaplugintest\CMakeFiles\AL_MayaUtilsTests.dir\test_maya_MenuBuilder.cpp.obj
[2022-11-29T23:25:22.907Z]     [237/621] Building CXX object plugin\pxr\maya\lib\usdMaya\CMakeFiles\usdMaya.dir\importCommand.cpp.obj
[2022-11-29T23:25:23.032Z]     [238/621] Building CXX object plugin\al\mayautils\AL\maya\tests\mayaplugintest\CMakeFiles\AL_MayaUtilsTests.dir\utils\PluginTranslatorOptionsTest.cpp.obj
[2022-11-29T23:25:23.033Z]     [239/621] Building CXX object plugin\al\mayautils\AL\maya\tests\mayaplugintest\CMakeFiles\AL_MayaUtilsTests.dir\test_maya_NodeHelper.cpp.obj
[2022-11-29T23:25:23.254Z]     [240/621] Building CXX object plugin\pxr\maya\lib\usdMaya\CMakeFiles\_usdMaya.dir\wrapAssembly.cpp.obj
[2022-11-29T23:25:23.879Z]     [241/621] Building CXX object plugin\pxr\maya\lib\usdMaya\CMakeFiles\usdMaya.dir\proxyShape.cpp.obj
[2022-11-29T23:25:24.806Z]     [242/621] Building CXX object plugin\pxr\maya\plugin\pxrUsd\CMakeFiles\pxrUsd.dir\usdTranslator.cpp.obj
[2022-11-29T23:25:25.048Z]     [243/621] Building CXX object plugin\al\usdtransaction\AL\usd\transaction\CMakeFiles\_AL_USDTransaction.dir\module.cpp.obj
[2022-11-29T23:25:25.587Z]     [244/621] Building CXX object plugin\pxr\maya\plugin\pxrUsd\CMakeFiles\pxrUsd.dir\plugin.cpp.obj
[2022-11-29T23:25:25.725Z]     [245/621] Building CXX object plugin\pxr\maya\lib\usdMaya\CMakeFiles\_usdMaya.dir\wrapEditUtil.cpp.obj
[2022-11-29T23:25:26.086Z]     [246/621] Building CXX object plugin\pxr\maya\plugin\pxrUsd\CMakeFiles\pxrUsd.dir\alembicChaser.cpp.obj
[2022-11-29T23:25:26.612Z]     [247/621] Building CXX object plugin\pxr\maya\plugin\pxrUsdPreviewSurface\CMakeFiles\pxrUsdPreviewSurface.dir\plugin.cpp.obj
[2022-11-29T23:25:26.933Z]     [248/621] Building CXX object plugin\pxr\maya\lib\usdMaya\CMakeFiles\usdMaya.dir\referenceAssembly.cpp.obj
[2022-11-29T23:25:27.049Z]     [249/621] Building CXX object plugin\al\usdtransaction\AL\usd\transaction\tests\CMakeFiles\AL_USDTransactionTests.dir\testMain.cpp.obj
[2022-11-29T23:25:28.586Z]     [250/621] Building CXX object plugin\al\usdmayautils\AL\usdmaya\utils\CMakeFiles\AL_USDMayaUtils.dir\Utils.cpp.obj
[2022-11-29T23:25:28.702Z]     [251/621] Building CXX object plugin\al\usdmayautils\AL\usdmaya\utils\CMakeFiles\AL_USDMayaUtils.dir\AttributeType.cpp.obj
[2022-11-29T23:25:28.821Z]     [252/621] Building CXX object plugin\al\usdtransaction\AL\usd\transaction\CMakeFiles\AL_USDTransaction.dir\Notice.cpp.obj
[2022-11-29T23:25:28.936Z]     [253/621] Building CXX object plugin\al\usdmayautils\AL\usdmaya\utils\CMakeFiles\AL_USDMayaUtils.dir\AnimationTranslator.cpp.obj
[2022-11-29T23:25:29.461Z]     [254/621] Building CXX object plugin\al\usdmayautils\AL\usdmaya\utils\CMakeFiles\AL_USDMayaUtils.dir\NurbsCurveUtils.cpp.obj
[2022-11-29T23:25:29.461Z]     [255/621] Building CXX object plugin\al\lib\AL_USDMaya\CMakeFiles\AL_USDMaya.dir\AL\usdmaya\Metadata.cpp.obj
[2022-11-29T23:25:29.888Z]     [256/621] Building CXX object plugin\al\usdtransaction\AL\usd\transaction\CMakeFiles\AL_USDTransaction.dir\Transaction.cpp.obj
[2022-11-29T23:25:30.003Z]     [257/621] Building CXX object plugin\al\lib\AL_USDMaya\CMakeFiles\AL_USDMaya.dir\AL\usdmaya\DebugCodes.cpp.obj
[2022-11-29T23:25:30.121Z]     [258/621] Building CXX object plugin\al\usdtransaction\AL\usd\transaction\CMakeFiles\AL_USDTransaction.dir\TransactionManager.cpp.obj
[2022-11-29T23:25:30.651Z]     [259/621] Building CXX object plugin\al\lib\AL_USDMaya\CMakeFiles\AL_USDMaya.dir\AL\usdmaya\cmds\EventCommand.cpp.obj
[2022-11-29T23:25:30.767Z]     [260/621] Linking CXX shared library plugin\al\usdtransaction\AL\usd\transaction\AL_USDTransaction.dll
[2022-11-29T23:25:31.000Z]     [261/621] Building CXX object plugin\al\lib\AL_USDMaya\CMakeFiles\AL_USDMaya.dir\AL\usdmaya\cmds\DebugCommands.cpp.obj
[2022-11-29T23:25:31.350Z]     [262/621] Building CXX object plugin\al\lib\AL_USDMaya\CMakeFiles\AL_USDMaya.dir\AL\usdmaya\StageCache.cpp.obj
[2022-11-29T23:25:31.795Z]     [263/621] Building CXX object plugin\al\usdmayautils\AL\usdmaya\utils\CMakeFiles\AL_USDMayaUtils.dir\DiffPrimVar.cpp.obj
[2022-11-29T23:25:32.543Z]     [264/621] Building CXX object plugin\al\usdmayautils\AL\usdmaya\utils\CMakeFiles\AL_USDMayaUtils.dir\MeshUtils.cpp.obj
[2022-11-29T23:25:32.867Z]     [265/621] Building CXX object plugin\al\usdtransaction\AL\usd\transaction\CMakeFiles\_AL_USDTransaction.dir\wrapNotice.cpp.obj
[2022-11-29T23:25:32.983Z]     [266/621] Building CXX object plugin\al\lib\AL_USDMaya\CMakeFiles\AL_USDMaya.dir\AL\usdmaya\cmds\RendererCommands.cpp.obj
[2022-11-29T23:25:33.302Z]     [267/621] Building CXX object plugin\al\usdmayautils\AL\usdmaya\utils\CMakeFiles\AL_USDMayaUtils.dir\DgNodeHelper.cpp.obj
[2022-11-29T23:25:33.418Z]     [268/621] Building CXX object plugin\al\usdtransaction\AL\usd\transaction\tests\CMakeFiles\AL_USDTransactionTests.dir\testTransactionManager.cpp.obj
[2022-11-29T23:25:33.860Z]     [269/621] Building CXX object plugin\al\lib\AL_USDMaya\CMakeFiles\AL_USDMaya.dir\AL\usdmaya\cmds\SyncFileIOGui.cpp.obj
[2022-11-29T23:25:34.196Z]     [270/621] Building CXX object plugin\al\usdtransaction\AL\usd\transaction\CMakeFiles\_AL_USDTransaction.dir\wrapTransactionManager.cpp.obj
[2022-11-29T23:25:34.318Z]     [271/621] Building CXX object plugin\al\lib\AL_USDMaya\CMakeFiles\AL_USDMaya.dir\AL\usdmaya\moduleDeps.cpp.obj
[2022-11-29T23:25:34.542Z]     [272/621] Building CXX object plugin\al\usdtransaction\AL\usd\transaction\tests\CMakeFiles\AL_USDTransactionTests.dir\testTransaction.cpp.obj
[2022-11-29T23:25:34.542Z]     [273/621] Building CXX object plugin\al\usdtransaction\AL\usd\transaction\CMakeFiles\_AL_USDTransaction.dir\wrapTransaction.cpp.obj
[2022-11-29T23:25:35.164Z]     [274/621] Linking CXX shared library plugin\al\usdtransaction\AL\usd\transaction\_AL_USDTransaction.pyd
[2022-11-29T23:25:35.164Z]     [275/621] Linking CXX executable plugin\al\usdtransaction\AL\usd\transaction\tests\AL_USDTransactionTests.exe
[2022-11-29T23:25:35.482Z]     [276/621] Building CXX object plugin\al\lib\AL_USDMaya\CMakeFiles\AL_USDMaya.dir\AL\usdmaya\Global.cpp.obj
[2022-11-29T23:25:38.351Z]     [277/621] Building CXX object plugin\al\lib\AL_USDMaya\CMakeFiles\AL_USDMaya.dir\AL\usdmaya\TransformOperation.cpp.obj
[2022-11-29T23:25:38.572Z]     [278/621] Building CXX object plugin\al\lib\AL_USDMaya\CMakeFiles\AL_USDMaya.dir\AL\usdmaya\cmds\CreateUsdPrim.cpp.obj
[2022-11-29T23:25:38.996Z]     [279/621] Building CXX object plugin\al\lib\AL_USDMaya\CMakeFiles\AL_USDMaya.dir\AL\usdmaya\cmds\ListTranslators.cpp.obj
[2022-11-29T23:25:39.215Z]     [280/621] Building CXX object plugin\al\lib\AL_USDMaya\CMakeFiles\AL_USDMaya.dir\AL\usdmaya\cmds\ProxyShapePostLoadProcess.cpp.obj
[2022-11-29T23:25:40.255Z]     [281/621] Building CXX object plugin\al\lib\AL_USDMaya\CMakeFiles\AL_USDMaya.dir\AL\usdmaya\cmds\LayerCommands.cpp.obj
[2022-11-29T23:25:40.902Z]     [282/621] Building CXX object plugin\al\lib\AL_USDMaya\CMakeFiles\AL_USDMaya.dir\AL\usdmaya\fileio\SchemaPrims.cpp.obj
[2022-11-29T23:25:40.902Z]     [283/621] Building CXX object plugin\al\lib\AL_USDMaya\CMakeFiles\AL_USDMaya.dir\AL\usdmaya\fileio\ExportTranslator.cpp.obj
[2022-11-29T23:25:41.341Z]     [284/621] Building CXX object plugin\al\lib\AL_USDMaya\CMakeFiles\AL_USDMaya.dir\AL\usdmaya\fileio\AnimationTranslator.cpp.obj
[2022-11-29T23:25:41.473Z]     [285/621] Building CXX object plugin\al\lib\AL_USDMaya\CMakeFiles\AL_USDMaya.dir\AL\usdmaya\fileio\Import.cpp.obj
[2022-11-29T23:25:41.807Z]     [286/621] Building CXX object plugin\al\lib\AL_USDMaya\CMakeFiles\AL_USDMaya.dir\AL\usdmaya\fileio\ImportTranslator.cpp.obj
[2022-11-29T23:25:41.807Z]     [287/621] Building CXX object plugin\al\lib\AL_USDMaya\CMakeFiles\AL_USDMaya.dir\AL\usdmaya\fileio\translators\DagNodeTranslator.cpp.obj
[2022-11-29T23:25:41.940Z]     [288/621] Building CXX object plugin\al\lib\AL_USDMaya\CMakeFiles\AL_USDMaya.dir\AL\usdmaya\cmds\ProxyShapeCommands.cpp.obj
[2022-11-29T23:25:42.160Z]     [289/621] Building CXX object plugin\al\lib\AL_USDMaya\CMakeFiles\AL_USDMaya.dir\AL\usdmaya\cmds\UnloadPrim.cpp.obj
[2022-11-29T23:25:42.604Z]     [290/621] Building CXX object plugin\al\lib\AL_USDMaya\CMakeFiles\AL_USDMaya.dir\AL\usdmaya\nodes\Layer.cpp.obj
[2022-11-29T23:25:43.239Z]     [291/621] Building CXX object plugin\al\lib\AL_USDMaya\CMakeFiles\AL_USDMaya.dir\AL\usdmaya\fileio\Export.cpp.obj
[2022-11-29T23:25:43.355Z]     [292/621] Building CXX object plugin\al\lib\AL_USDMaya\CMakeFiles\AL_USDMaya.dir\AL\usdmaya\fileio\TransformIterator.cpp.obj
[2022-11-29T23:25:43.572Z]     [293/621] Building CXX object lib\mayaUsd\python\CMakeFiles\_mayaUsd.dir\module.cpp.obj
[2022-11-29T23:25:43.900Z]     [294/621] Building CXX object plugin\al\lib\AL_USDMaya\CMakeFiles\AL_USDMaya.dir\AL\usdmaya\fileio\NodeFactory.cpp.obj
[2022-11-29T23:25:47.379Z]     [295/621] Building CXX object plugin\al\lib\AL_USDMaya\CMakeFiles\AL_USDMaya.dir\AL\usdmaya\fileio\translators\TranslatorTestPlugin.cpp.obj
[2022-11-29T23:25:47.605Z]     [296/621] Building CXX object plugin\al\lib\AL_USDMaya\CMakeFiles\AL_USDMaya.dir\AL\usdmaya\fileio\translators\DgNodeTranslator.cpp.obj
[2022-11-29T23:25:47.742Z]     [297/621] Building CXX object plugin\al\lib\AL_USDMaya\CMakeFiles\AL_USDMaya.dir\AL\usdmaya\fileio\translators\TranslatorTestType.cpp.obj
[2022-11-29T23:25:48.062Z]     [298/621] Building CXX object plugin\al\lib\AL_USDMaya\CMakeFiles\AL_USDMaya.dir\AL\usdmaya\fileio\translators\TranslatorContext.cpp.obj
[2022-11-29T23:25:48.183Z]     [299/621] Building CXX object plugin\al\lib\AL_USDMaya\CMakeFiles\AL_USDMaya.dir\AL\usdmaya\fileio\translators\TestExtraDataPlugin.cpp.obj
[2022-11-29T23:25:48.315Z]     [300/621] Building CXX object plugin\al\lib\AL_USDMaya\CMakeFiles\AL_USDMaya.dir\AL\usdmaya\nodes\LayerManager.cpp.obj
[2022-11-29T23:25:48.544Z]     [301/621] Building CXX object plugin\al\lib\AL_USDMaya\CMakeFiles\AL_USDMaya.dir\AL\usdmaya\fileio\translators\TranslatorBase.cpp.obj
[2022-11-29T23:25:48.965Z]     [302/621] Building CXX object plugin\al\lib\AL_USDMaya\CMakeFiles\AL_USDMaya.dir\AL\usdmaya\fileio\translators\TransformTranslator.cpp.obj
[2022-11-29T23:25:49.591Z]     [303/621] Building CXX object plugin\al\lib\AL_USDMaya\CMakeFiles\AL_USDMaya.dir\AL\usdmaya\fileio\translators\ExtraDataPlugin.cpp.obj
[2022-11-29T23:25:50.321Z]     [304/621] Building CXX object plugin\al\lib\AL_USDMaya\CMakeFiles\AL_USDMaya.dir\AL\usdmaya\nodes\MeshAnimDeformer.cpp.obj
[2022-11-29T23:25:51.188Z]     [305/621] Building CXX object lib\mayaUsd\python\CMakeFiles\_mayaUsd.dir\wrapColorSpace.cpp.obj
[2022-11-29T23:25:51.188Z]     [306/621] Building CXX object lib\mayaUsd\python\CMakeFiles\_mayaUsd.dir\wrapSparseValueWriter.cpp.obj
[2022-11-29T23:25:51.531Z]     [307/621] Building CXX object lib\mayaUsd\python\CMakeFiles\_mayaUsd.dir\wrapBlockSceneModificationContext.cpp.obj
[2022-11-29T23:25:51.747Z]     [308/621] Building CXX object plugin\al\lib\AL_USDMaya\CMakeFiles\AL_USDMaya.dir\AL\usdmaya\nodes\MeshAnimCreator.cpp.obj
[2022-11-29T23:25:51.747Z]     [309/621] Building CXX object plugin\al\lib\AL_USDMaya\CMakeFiles\AL_USDMaya.dir\AL\usdmaya\nodes\ProxyShapeSelection.cpp.obj
[2022-11-29T23:25:52.479Z]     [310/621] Building CXX object lib\mayaUsd\python\CMakeFiles\_mayaUsd.dir\pythonObjectRegistry.cpp.obj
[2022-11-29T23:25:52.598Z]     [311/621] Building CXX object lib\mayaUsd\python\CMakeFiles\_mayaUsd.dir\wrapDiagnosticDelegate.cpp.obj
[2022-11-29T23:25:53.120Z]     [312/621] Building CXX object lib\mayaUsd\python\CMakeFiles\_mayaUsd.dir\wrapOpUndoItem.cpp.obj
[2022-11-29T23:25:53.542Z]     [313/621] Building CXX object lib\mayaUsd\python\CMakeFiles\_mayaUsd.dir\wrapAdaptor.cpp.obj
[2022-11-29T23:25:54.375Z]     [314/621] Building CXX object plugin\al\lib\AL_USDMaya\CMakeFiles\AL_USDMaya.dir\AL\usdmaya\nodes\Engine.cpp.obj
[2022-11-29T23:25:55.526Z]     [315/621] Building CXX object lib\mayaUsd\python\CMakeFiles\_mayaUsd.dir\wrapMeshWriteUtils.cpp.obj
[2022-11-29T23:25:55.526Z]     [316/621] Building CXX object lib\mayaUsd\python\CMakeFiles\_mayaUsd.dir\wrapTokens.cpp.obj
[2022-11-29T23:25:55.750Z]     [317/621] Building CXX object lib\mayaUsd\python\CMakeFiles\_mayaUsd.dir\wrapConverter.cpp.obj
[2022-11-29T23:25:56.984Z]     [318/621] Building CXX object plugin\al\lib\AL_USDMaya\CMakeFiles\AL_USDMaya.dir\AL\usdmaya\nodes\ProxyShape.cpp.obj
[2022-11-29T23:25:57.307Z]     [319/621] Building CXX object lib\mayaUsd\python\CMakeFiles\_mayaUsd.dir\wrapQuery.cpp.obj
[2022-11-29T23:25:57.829Z]     [320/621] Building CXX object lib\mayaUsd\python\CMakeFiles\_mayaUsd.dir\wrapTranslatorUtil.cpp.obj
[2022-11-29T23:25:57.946Z]     [321/621] Building CXX object lib\mayaUsd\python\CMakeFiles\_mayaUsd.dir\wrapEditRouter.cpp.obj
[2022-11-29T23:25:58.985Z]     [322/621] Building CXX object lib\mayaUsd\python\CMakeFiles\_mayaUsd.dir\wrapStageCache.cpp.obj
[2022-11-29T23:25:59.102Z]     [323/621] Building CXX object lib\mayaUsd\python\CMakeFiles\_mayaUsd.dir\wrapRoundTripUtil.cpp.obj
[2022-11-29T23:25:59.102Z]     [324/621] Building CXX object lib\mayaUsd\python\CMakeFiles\_mayaUsd.dir\wrapUsdUndoManager.cpp.obj
[2022-11-29T23:25:59.856Z]     [325/621] Building CXX object lib\mayaUsd\python\CMakeFiles\_mayaUsd.dir\wrapUserTaggedAttribute.cpp.obj
[2022-11-29T23:25:59.976Z]     [326/621] Building CXX object lib\mayaUsd\render\mayaToHydra\CMakeFiles\mtoh.dir\pluginDebugCodes.cpp.obj
[2022-11-29T23:26:00.104Z]     [327/621] Building CXX object lib\mayaUsd\python\CMakeFiles\_mayaUsd.dir\wrapReadUtil.cpp.obj
[2022-11-29T23:26:00.638Z]     [328/621] Building CXX object lib\mayaUsd\python\CMakeFiles\_mayaUsd.dir\wrapWriteUtil.cpp.obj
[2022-11-29T23:26:00.959Z]     [329/621] Building CXX object lib\mayaUsd\python\CMakeFiles\_mayaUsd.dir\wrapUtil.cpp.obj
[2022-11-29T23:26:01.483Z]     [330/621] Building CXX object lib\mayaUsd\python\CMakeFiles\_mayaUsd.dir\wrapXformStack.cpp.obj
[2022-11-29T23:26:02.317Z]     [331/621] Building CXX object lib\mayaUsd\render\mayaToHydra\CMakeFiles\mtoh.dir\tokens.cpp.obj
[2022-11-29T23:26:02.744Z]     [332/621] Building CXX object lib\mayaUsd\python\CMakeFiles\_mayaUsd.dir\wrapImportChaser.cpp.obj
[2022-11-29T23:26:03.687Z]     [333/621] Building CXX object lib\mayaUsd\python\CMakeFiles\_mayaUsd.dir\wrapOpenMaya.cpp.obj
[2022-11-29T23:26:04.221Z]     [334/621] Building CXX object lib\mayaUsd\python\CMakeFiles\_mayaUsd.dir\wrapJobContextRegistry.cpp.obj
[2022-11-29T23:26:04.763Z]     [335/621] Building CXX object lib\mayaUsd\python\CMakeFiles\_mayaUsd.dir\wrapExportChaser.cpp.obj
[2022-11-29T23:26:05.185Z]     [336/621] Building CXX object lib\usd\hdMaya\CMakeFiles\hdMaya.dir\debugCodes.cpp.obj
[2022-11-29T23:26:06.444Z]     [337/621] Building CXX object lib\mayaUsd\python\CMakeFiles\_mayaUsd.dir\wrapPrimWriter.cpp.obj
[2022-11-29T23:26:06.976Z]     [338/621] Building CXX object lib\mayaUsd\python\CMakeFiles\_mayaUsd.dir\wrapSchemaApiAdaptor.cpp.obj
[2022-11-29T23:26:07.330Z]     [339/621] Building CXX object lib\mayaUsd\python\CMakeFiles\_mayaUsd.dir\wrapShadingUtil.cpp.obj
[2022-11-29T23:26:07.461Z]     [340/621] Building CXX object lib\usd\hdMaya\CMakeFiles\hdMaya.dir\adapters\adapterDebugCodes.cpp.obj
[2022-11-29T23:26:07.586Z]     [341/621] Building CXX object lib\usd\hdMaya\CMakeFiles\hdMaya.dir\adapters\cameraAdapter.cpp.obj
[2022-11-29T23:26:07.713Z]     [342/621] Building CXX object lib\mayaUsd\render\mayaToHydra\CMakeFiles\mtoh.dir\utils.cpp.obj
[2022-11-29T23:26:07.832Z]     [343/621] Building CXX object lib\mayaUsd\python\CMakeFiles\_mayaUsd.dir\wrapShadingMode.cpp.obj
[2022-11-29T23:26:08.656Z]     [344/621] Building CXX object lib\usd\hdMaya\CMakeFiles\hdMaya.dir\utils.cpp.obj
[2022-11-29T23:26:09.602Z]     [345/621] Building CXX object lib\mayaUsd\render\mayaToHydra\CMakeFiles\mtoh.dir\shadingModeExporter.cpp.obj
[2022-11-29T23:26:09.725Z]     [346/621] Building CXX object lib\mayaUsd\render\mayaToHydra\CMakeFiles\mtoh.dir\plugin.cpp.obj
[2022-11-29T23:26:10.055Z]     [347/621] Building CXX object lib\mayaUsd\render\mayaToHydra\CMakeFiles\mtoh.dir\viewCommand.cpp.obj
[2022-11-29T23:26:11.123Z]     [348/621] Building CXX object lib\usd\hdMaya\CMakeFiles\hdMaya.dir\adapters\mayaAttrs.cpp.obj
[2022-11-29T23:26:11.247Z]     [349/621] Building CXX object lib\mayaUsd\render\mayaToHydra\CMakeFiles\mtoh.dir\defaultLightDelegate.cpp.obj
[2022-11-29T23:26:11.666Z]     [350/621] Building CXX object lib\mayaUsd\render\mayaToHydra\CMakeFiles\mtoh.dir\renderGlobals.cpp.obj
[2022-11-29T23:26:11.667Z]     [351/621] Building CXX object lib\mayaUsd\python\CMakeFiles\_mayaUsd.dir\wrapPrimReader.cpp.obj
[2022-11-29T23:26:12.594Z]     [352/621] Building CXX object lib\usd\hdMaya\CMakeFiles\hdMaya.dir\adapters\adapter.cpp.obj
[2022-11-29T23:26:13.429Z]     [353/621] Building CXX object lib\usd\hdMaya\CMakeFiles\hdMaya.dir\adapters\aiSkydomeLightAdapter.cpp.obj
[2022-11-29T23:26:13.963Z]     [354/621] Building CXX object lib\mayaUsd\render\mayaToHydra\CMakeFiles\mtoh.dir\renderOverride.cpp.obj
[2022-11-29T23:26:13.963Z]     [355/621] Building CXX object lib\usd\hdMaya\CMakeFiles\hdMaya.dir\adapters\areaLightAdapter.cpp.obj
[2022-11-29T23:26:14.485Z]     [356/621] Building CXX object lib\usd\hdMaya\CMakeFiles\hdMaya.dir\adapters\dagAdapter.cpp.obj
[2022-11-29T23:26:14.821Z]     [357/621] Building CXX object lib\usd\hdMaya\CMakeFiles\hdMaya.dir\adapters\lightAdapter.cpp.obj
[2022-11-29T23:26:14.821Z]     [358/621] Building CXX object lib\usd\hdMaya\CMakeFiles\hdMaya.dir\adapters\directionalLightAdapter.cpp.obj
[2022-11-29T23:26:14.943Z]     [359/621] Building CXX object lib\usd\hdMaya\CMakeFiles\hdMaya.dir\adapters\tokens.cpp.obj
[2022-11-29T23:26:15.378Z]     [360/621] Building CXX object lib\usd\hdMaya\CMakeFiles\hdMaya.dir\delegates\delegateDebugCodes.cpp.obj
[2022-11-29T23:26:15.699Z]     [361/621] Building CXX object lib\usd\hdMaya\CMakeFiles\hdMaya.dir\adapters\materialAdapter.cpp.obj
[2022-11-29T23:26:16.121Z]     [362/621] Building CXX object lib\usd\hdMaya\CMakeFiles\hdMaya.dir\adapters\adapterRegistry.cpp.obj
[2022-11-29T23:26:16.650Z]     [363/621] Building CXX object lib\usd\hdMaya\CMakeFiles\hdMaya.dir\adapters\nurbsCurveAdapter.cpp.obj
[2022-11-29T23:26:16.869Z]     [364/621] Building CXX object lib\usd\hdMaya\CMakeFiles\hdMaya.dir\adapters\shapeAdapter.cpp.obj
[2022-11-29T23:26:17.490Z]     [365/621] Building CXX object lib\usd\pxrUsdPreviewSurface\CMakeFiles\basePxrUsdPreviewSurface.dir\usdPreviewSurfaceShadingNodeOverride.cpp.obj
[2022-11-29T23:26:18.011Z]     [366/621] Building CXX object lib\usd\pxrUsdPreviewSurface\CMakeFiles\basePxrUsdPreviewSurface.dir\cpvColor.cpp.obj
[2022-11-29T23:26:18.446Z]     [367/621] Building CXX object lib\usd\pxrUsdPreviewSurface\CMakeFiles\basePxrUsdPreviewSurface.dir\usdPreviewSurface.cpp.obj
[2022-11-29T23:26:18.786Z]     [368/621] Building CXX object lib\usd\hdMaya\CMakeFiles\hdMaya.dir\adapters\spotLightAdapter.cpp.obj
[2022-11-29T23:26:19.421Z]     [369/621] Building CXX object lib\usd\hdMaya\CMakeFiles\hdMaya.dir\adapters\pointLightAdapter.cpp.obj
[2022-11-29T23:26:19.946Z]     [370/621] Building CXX object lib\usd\hdMaya\CMakeFiles\hdMaya.dir\adapters\meshAdapter.cpp.obj
[2022-11-29T23:26:20.575Z]     [371/621] Building CXX object lib\usd\hdMaya\CMakeFiles\hdMaya.dir\adapters\proxyAdapter.cpp.obj
[2022-11-29T23:26:20.697Z]     [372/621] Building CXX object lib\usd\hdMaya\CMakeFiles\hdMaya.dir\delegates\delegate.cpp.obj
[2022-11-29T23:26:20.916Z]     [373/621] Building CXX object lib\usd\hdMaya\CMakeFiles\hdMaya.dir\adapters\materialNetworkConverter.cpp.obj
[2022-11-29T23:26:21.641Z]     [374/621] Building CXX object lib\usd\hdMaya\CMakeFiles\hdMaya.dir\delegates\delegateRegistry.cpp.obj
[2022-11-29T23:26:22.892Z]     [375/621] Building CXX object lib\usd\hdMaya\CMakeFiles\hdMaya.dir\delegates\delegateCtx.cpp.obj
[2022-11-29T23:26:23.210Z]     [376/621] Building CXX object lib\usd\hdMaya\CMakeFiles\hdMaya.dir\delegates\sceneDelegate.cpp.obj
[2022-11-29T23:26:23.329Z]     [377/621] Building CXX object lib\usd\pxrUsdPreviewSurface\CMakeFiles\basePxrUsdPreviewSurface.dir\usdPreviewSurfacePlugin.cpp.obj
[2022-11-29T23:26:25.070Z]     [378/621] Building CXX object lib\usd\hdMaya\CMakeFiles\hdMaya.dir\delegates\proxyUsdImagingDelegate.cpp.obj
[2022-11-29T23:26:25.307Z]     [379/621] Building CXX object lib\usd\pxrUsdPreviewSurface\CMakeFiles\basePxrUsdPreviewSurface.dir\usdPreviewSurfaceReader.cpp.obj
[2022-11-29T23:26:25.428Z]     [380/621] Building CXX object lib\usd\hdMaya\CMakeFiles\hdMaya.dir\delegates\testDelegate.cpp.obj
[2022-11-29T23:26:25.748Z]     [381/621] Building CXX object lib\usd\hdMaya\CMakeFiles\hdMaya.dir\delegates\proxyDelegate.cpp.obj
[2022-11-29T23:26:26.375Z]     [382/621] Building CXX object lib\usd\translators\CMakeFiles\mayaUsd_Translators.dir\cameraWriter.cpp.obj
[2022-11-29T23:26:27.724Z]     [383/621] Building CXX object lib\usd\pxrUsdPreviewSurface\CMakeFiles\basePxrUsdPreviewSurface.dir\usdPreviewSurfaceWriter.cpp.obj
[2022-11-29T23:26:27.724Z]     [384/621] Building CXX object lib\usd\translators\CMakeFiles\mayaUsd_Translators.dir\lightRfMWriter.cpp.obj
[2022-11-29T23:26:27.724Z]     [385/621] Building CXX object lib\usd\translators\CMakeFiles\mayaUsd_Translators.dir\cameraReader.cpp.obj
[2022-11-29T23:26:27.939Z]     [386/621] Building CXX object plugin\pxr\maya\lib\usdMaya\CMakeFiles\usdMaya.dir\readJob_ImportWithProxies.cpp.obj
[2022-11-29T23:26:28.377Z]     [387/621] Building CXX object lib\usd\translators\CMakeFiles\mayaUsd_Translators.dir\lightReader.cpp.obj
[2022-11-29T23:26:28.377Z]     [388/621] Building CXX object lib\usd\translators\CMakeFiles\mayaUsd_Translators.dir\plugin.cpp.obj
[2022-11-29T23:26:28.805Z]     [389/621] Building CXX object lib\usd\translators\CMakeFiles\mayaUsd_Translators.dir\instancerWriter.cpp.obj
[2022-11-29T23:26:29.632Z]     [390/621] Building CXX object lib\usd\translators\CMakeFiles\mayaUsd_Translators.dir\lightWriter.cpp.obj
[2022-11-29T23:26:29.851Z]     [391/621] Building CXX object lib\usd\translators\CMakeFiles\mayaUsd_Translators.dir\jointWriter.cpp.obj
[2022-11-29T23:26:30.175Z]     [392/621] Building CXX object lib\usd\translators\CMakeFiles\mayaUsd_Translators.dir\lightRfMReader.cpp.obj
[2022-11-29T23:26:30.701Z]     [393/621] Building CXX object lib\usd\translators\CMakeFiles\mayaUsd_Translators.dir\locatorWriter.cpp.obj
[2022-11-29T23:26:32.454Z]     [394/621] Building CXX object lib\usd\translators\CMakeFiles\mayaUsd_Translators.dir\mayaReferenceReader.cpp.obj
[2022-11-29T23:26:32.569Z]     [395/621] Building CXX object lib\usd\translators\CMakeFiles\mayaUsd_Translators.dir\nurbsCurvesReader.cpp.obj
[2022-11-29T23:26:32.786Z]     [396/621] Building CXX object lib\usd\translators\CMakeFiles\mayaUsd_Translators.dir\shading\shadingTokens.cpp.obj
[2022-11-29T23:26:33.408Z]     [397/621] Building CXX object lib\usd\translators\CMakeFiles\mayaUsd_Translators.dir\meshWriter_BlendShapes.cpp.obj
[2022-11-29T23:26:34.243Z]     [398/621] Building CXX object lib\usd\translators\CMakeFiles\mayaUsd_Translators.dir\meshReader.cpp.obj
[2022-11-29T23:26:34.664Z]     [399/621] Building CXX object lib\usd\translators\CMakeFiles\mayaUsd_Translators.dir\meshWriter.cpp.obj
[2022-11-29T23:26:35.095Z]     [400/621] Building CXX object lib\usd\translators\CMakeFiles\mayaUsd_Translators.dir\materialReader.cpp.obj
[2022-11-29T23:26:36.030Z]     [401/621] Building CXX object lib\usd\translators\CMakeFiles\mayaUsd_Translators.dir\nurbsPatchReader.cpp.obj
[2022-11-29T23:26:36.030Z]     [402/621] Building CXX object lib\usd\translators\CMakeFiles\mayaUsd_Translators.dir\particleWriter.cpp.obj
[2022-11-29T23:26:36.155Z]     [403/621] Building CXX object lib\usd\translators\CMakeFiles\mayaUsd_Translators.dir\scopeReader.cpp.obj
[2022-11-29T23:26:36.723Z]     [404/621] Building CXX object lib\usd\translators\CMakeFiles\mayaUsd_Translators.dir\xformReader.cpp.obj
[2022-11-29T23:26:36.842Z]     [405/621] Building CXX object lib\usd\translators\CMakeFiles\mayaUsd_Translators.dir\nurbsCurveWriter.cpp.obj
[2022-11-29T23:26:36.842Z]     [406/621] Building CXX object lib\usd\translators\CMakeFiles\mayaUsd_Translators.dir\skelReader.cpp.obj
[2022-11-29T23:26:37.773Z]     [407/621] Building CXX object lib\usd\translators\CMakeFiles\mayaUsd_Translators.dir\nurbsSurfaceWriter.cpp.obj
[2022-11-29T23:26:37.889Z]     [408/621] Building CXX object lib\usd\translators\CMakeFiles\mayaUsd_Translators.dir\shading\usdBlinnReader.cpp.obj
[2022-11-29T23:26:38.005Z]     [409/621] Building CXX object lib\usd\translators\CMakeFiles\mayaUsd_Translators.dir\strokeWriter.cpp.obj
[2022-11-29T23:26:40.347Z]     [410/621] Building CXX object lib\usd\translators\CMakeFiles\mayaUsd_Translators.dir\shading\usdLambertReader.cpp.obj
[2022-11-29T23:26:40.970Z]     [411/621] Building CXX object lib\usd\schemas\CMakeFiles\mayaUsd_Schemas.dir\ModuleDeps.cpp.obj
[2022-11-29T23:26:41.102Z]     [412/621] Building CXX object lib\usd\translators\CMakeFiles\mayaUsd_Translators.dir\shading\usdFileTextureWriter.cpp.obj
[2022-11-29T23:26:41.102Z]     [413/621] Building CXX object lib\usd\schemas\CMakeFiles\mayaUsd_Schemas.dir\tokens.cpp.obj
[2022-11-29T23:26:41.326Z]     [414/621] Building CXX object lib\usd\translators\CMakeFiles\mayaUsd_Translators.dir\shading\usdBlinnWriter.cpp.obj
[2022-11-29T23:26:41.443Z]     [415/621] Building CXX object lib\usd\schemas\CMakeFiles\_schemas.dir\module.cpp.obj
[2022-11-29T23:26:42.075Z]     [416/621] Building CXX object lib\usd\translators\CMakeFiles\mayaUsd_Translators.dir\shading\usdLambertWriter.cpp.obj
[2022-11-29T23:26:42.496Z]     [417/621] Building CXX object lib\usd\translators\CMakeFiles\mayaUsd_Translators.dir\shading\usdPhongEWriter.cpp.obj
[2022-11-29T23:26:42.819Z]     [418/621] Building CXX object lib\usd\translators\CMakeFiles\mayaUsd_Translators.dir\shading\usdMaterialReader.cpp.obj
[2022-11-29T23:26:43.442Z]     [419/621] Building CXX object lib\usd\utils\CMakeFiles\mayaUsdUtils.dir\DebugCodes.cpp.obj
[2022-11-29T23:26:43.660Z]     [420/621] Building CXX object lib\usd\utils\CMakeFiles\mayaUsdUtils.dir\DiffCore.cpp.obj
[2022-11-29T23:26:44.086Z]     [421/621] Building CXX object lib\usd\translators\CMakeFiles\mayaUsd_Translators.dir\shading\usdReflectWriter.cpp.obj
[2022-11-29T23:26:44.086Z]     [422/621] Building CXX object lib\usd\translators\CMakeFiles\mayaUsd_Translators.dir\shading\usdDisplacementShaderWriter.cpp.obj
[2022-11-29T23:26:44.755Z]     [423/621] Building CXX object lib\usd\translators\CMakeFiles\mayaUsd_Translators.dir\shading\usdMaterialWriter.cpp.obj
[2022-11-29T23:26:44.869Z]     [424/621] Building CXX object lib\usd\translators\CMakeFiles\mayaUsd_Translators.dir\shading\usdPhongReader.cpp.obj
[2022-11-29T23:26:44.869Z]     [425/621] Building CXX object lib\usd\schemas\CMakeFiles\_schemas.dir\wrapTokens.cpp.obj
[2022-11-29T23:26:44.869Z]     [426/621] Building CXX object lib\usd\schemas\CMakeFiles\mayaUsd_Schemas.dir\ALMayaReference.cpp.obj
[2022-11-29T23:26:45.008Z]     [427/621] Building CXX object lib\usd\translators\CMakeFiles\mayaUsd_Translators.dir\shading\usdPhongWriter.cpp.obj
[2022-11-29T23:26:45.427Z]     [428/621] Building CXX object lib\usd\translators\CMakeFiles\mayaUsd_Translators.dir\shading\usdPrimvarReaderFloat3Reader.cpp.obj
[2022-11-29T23:26:45.949Z]     [429/621] Building CXX object lib\usd\translators\CMakeFiles\mayaUsd_Translators.dir\shading\usdUVTextureReader.cpp.obj
[2022-11-29T23:26:46.987Z]     [430/621] Building CXX object lib\usd\translators\CMakeFiles\mayaUsd_Translators.dir\shading\rfmShaderTranslation.cpp.obj
[2022-11-29T23:26:47.612Z]     [431/621] Building CXX object lib\usd\schemas\CMakeFiles\mayaUsd_Schemas.dir\MayaReference.cpp.obj
[2022-11-29T23:26:48.246Z]     [432/621] Linking CXX shared library lib\usd\schemas\mayaUsd_Schemas.dll
[2022-11-29T23:26:48.246Z]     [433/621] Building CXX object lib\usd\utils\CMakeFiles\mayaUsdUtils.dir\DiffAttributes.cpp.obj
[2022-11-29T23:26:48.465Z]     [434/621] Building CXX object lib\usd\utils\CMakeFiles\mayaUsdUtils.dir\MergePrimsOptions.cpp.obj
[2022-11-29T23:26:49.593Z]     [435/621] Building CXX object lib\usd\utils\CMakeFiles\mayaUsdUtils.dir\DiffDictionaries.cpp.obj
[2022-11-29T23:26:50.039Z]     [436/621] Building CXX object plugin\al\schemas\AL\usd\schemas\maya\CMakeFiles\_AL_USDMayaSchemas.dir\module.cpp.obj
[2022-11-29T23:26:50.491Z]     [437/621] Building CXX object lib\usd\schemas\CMakeFiles\_schemas.dir\wrapALMayaReference.cpp.obj
[2022-11-29T23:26:50.728Z]     [438/621] Building CXX object lib\usd\schemas\CMakeFiles\_schemas.dir\wrapMayaReference.cpp.obj
[2022-11-29T23:26:51.257Z]     [439/621] Building CXX object lib\usd\utils\CMakeFiles\mayaUsdUtils.dir\DiffMetadatas.cpp.obj
[2022-11-29T23:26:51.257Z]     [440/621] Building CXX object lib\usd\utils\CMakeFiles\mayaUsdUtils.dir\DiffRelationships.cpp.obj
[2022-11-29T23:26:51.590Z]     [441/621] Building CXX object plugin\al\lib\AL_USDMaya\CMakeFiles\_AL_USDMaya.dir\AL\usdmaya\module.cpp.obj
[2022-11-29T23:26:51.704Z]     [442/621] Linking CXX shared library lib\usd\schemas\_schemas.pyd
[2022-11-29T23:26:51.825Z]     [443/621] Building CXX object lib\usd\utils\CMakeFiles\mayaUsdUtils.dir\DiffPrims.cpp.obj
[2022-11-29T23:26:51.825Z]     [444/621] Building CXX object lib\usd\utils\CMakeFiles\mayaUsdUtils.dir\DiffLists.cpp.obj
[2022-11-29T23:26:51.944Z]     [445/621] Building CXX object lib\usd\utils\CMakeFiles\mayaUsdUtils.dir\util.cpp.obj
[2022-11-29T23:26:53.706Z]     [446/621] Building CXX object plugin\al\lib\AL_USDMaya\CMakeFiles\AL_USDMaya.dir\AL\usdmaya\nodes\BasicTransformationMatrix.cpp.obj
[2022-11-29T23:26:53.826Z]     [447/621] Building CXX object lib\usd\utils\CMakeFiles\mayaUsdUtils.dir\MergePrims.cpp.obj
[2022-11-29T23:26:54.244Z]     [448/621] Building CXX object lib\usd\utils\CMakeFiles\mayaUsdUtils.dir\DiffValues.cpp.obj
[2022-11-29T23:26:54.968Z]     [449/621] Linking CXX shared library lib\usd\utils\mayaUsdUtils.dll
[2022-11-29T23:26:55.400Z]     [450/621] Building CXX object plugin\al\lib\AL_USDMaya\CMakeFiles\AL_USDMaya.dir\AL\usdmaya\nodes\ProxyUsdGeomCamera.cpp.obj
[2022-11-29T23:26:55.514Z]     [451/621] Linking CXX executable test\lib\usd\utils\testDiffCore.exe
[2022-11-29T23:26:56.141Z]     [452/621] Linking CXX executable test\lib\usd\utils\testDiffPrims.exe
[2022-11-29T23:26:56.359Z]     [453/621] Linking CXX executable test\lib\usd\utils\testDiffValues.exe
[2022-11-29T23:26:56.679Z]     [454/621] Linking CXX executable test\lib\usd\utils\testDiffDictionaries.exe
[2022-11-29T23:26:56.895Z]     [455/621] Building CXX object plugin\al\lib\AL_USDMaya\CMakeFiles\AL_USDMaya.dir\AL\usdmaya\nodes\Transform.cpp.obj
[2022-11-29T23:26:57.045Z]     [456/621] Linking CXX executable test\lib\usd\utils\testDiffRelationships.exe
[2022-11-29T23:26:57.269Z]     [457/621] Linking CXX executable test\lib\usd\utils\testDiffAttributes.exe
[2022-11-29T23:26:57.269Z]     [458/621] Building CXX object plugin\al\lib\AL_USDMaya\CMakeFiles\AL_USDMaya.dir\AL\usdmaya\nodes\RendererManager.cpp.obj
[2022-11-29T23:26:57.489Z]     [459/621] Linking CXX executable test\lib\usd\utils\testDiffLists.exe
[2022-11-29T23:26:57.615Z]     [460/621] Linking CXX executable test\lib\usd\utils\testMergePrims.exe
[2022-11-29T23:26:57.839Z]     [461/621] Linking CXX executable test\lib\usd\utils\testDiffMetadatas.exe
[2022-11-29T23:26:57.963Z]     [462/621] Linking CXX executable test\lib\usd\utils\testDiffComputeOverall.exe
[2022-11-29T23:26:58.116Z]     [463/621] Building CXX object plugin\al\lib\AL_USDMaya\CMakeFiles\_AL_USDMaya.dir\AL\usdmaya\wrapStageCache.cpp.obj
[2022-11-29T23:26:58.439Z]     [464/621] Linking CXX shared library plugin\al\mayautils\AL\maya\AL_MayaUtils.dll
[2022-11-29T23:26:58.552Z]     [465/621] Building CXX object plugin\al\lib\AL_USDMaya\CMakeFiles\AL_USDMaya.dir\AL\usdmaya\nodes\proxy\PrimFilter.cpp.obj
[2022-11-29T23:26:58.552Z]     [466/621] Building CXX object plugin\al\lib\AL_USDMaya\CMakeFiles\AL_USDMaya.dir\AL\usdmaya\nodes\Scope.cpp.obj
[2022-11-29T23:26:59.290Z]     [467/621] Linking CXX shared library plugin\al\mayautils\AL\maya\tests\mayaplugintest\AL_MayaUtilsTests.mll
[2022-11-29T23:26:59.415Z]     [468/621] Building CXX object plugin\al\lib\AL_USDMaya\CMakeFiles\AL_USDMaya.dir\AL\usdmaya\nodes\TransformationMatrix.cpp.obj
[2022-11-29T23:26:59.533Z]     [469/621] Linking CXX shared library plugin\al\usdmayautils\AL\usdmaya\utils\AL_USDMayaUtils.dll
[2022-11-29T23:26:59.533Z]     [470/621] Building CXX object plugin\al\lib\AL_USDMaya\CMakeFiles\AL_USDMaya.dir\AL\usdmaya\nodes\proxy\ProxyShapeVariantFallbacks.cpp.obj
[2022-11-29T23:27:00.285Z]     [471/621] Building CXX object plugin\al\lib\AL_USDMaya\CMakeFiles\AL_USDMaya.dir\AL\usdmaya\nodes\proxy\ProxyShapeMetaData.cpp.obj
[2022-11-29T23:27:01.312Z]     [472/621] Building CXX object plugin\al\plugin\AL_USDMayaTestPlugin\CMakeFiles\AL_USDMayaTestPlugin.dir\AL\maya\test_EventHandler.cpp.obj
[2022-11-29T23:27:01.529Z]     [473/621] Linking CXX shared library lib\mayaUsd\mayaUsd.dll
[2022-11-29T23:27:01.749Z]     [474/621] Building CXX object plugin\al\lib\AL_USDMaya\CMakeFiles\_AL_USDMaya.dir\AL\usdmaya\nodes\wrapProxyShape.cpp.obj
[2022-11-29T23:27:02.169Z]     [475/621] Building CXX object plugin\al\lib\AL_USDMaya\CMakeFiles\_AL_USDMaya.dir\AL\usdmaya\nodes\wrapLayerManager.cpp.obj
[2022-11-29T23:27:02.388Z]     [476/621] Linking CXX shared library test\lib\usd\plugin\usdTestMayaPlugin.mll
[2022-11-29T23:27:02.508Z]     [477/621] Linking CXX shared library test\lib\usd\plugin\usdTestUsdPlugin.dll
[2022-11-29T23:27:02.942Z]     [478/621] Linking CXX shared library test\lib\usd\plugin\usdTestApiWriter.dll
[2022-11-29T23:27:03.163Z]     [479/621] Linking CXX shared library test\lib\usd\plugin\usdTestInfoImportChaser.mll
[2022-11-29T23:27:03.501Z]     [480/621] Building CXX object plugin\al\lib\AL_USDMaya\CMakeFiles\_AL_USDMaya.dir\AL\usdmaya\fileio\translators\wrapTranslatorContext.cpp.obj
[2022-11-29T23:27:03.718Z]     [481/621] Linking CXX shared library plugin\pxr\maya\lib\usdMaya\usdMaya.dll
[2022-11-29T23:27:04.459Z]     [482/621] Linking CXX shared library lib\usd\pxrUsdPreviewSurface\basePxrUsdPreviewSurface.dll
[2022-11-29T23:27:04.587Z]     [483/621] Linking CXX shared library lib\usd\hdMaya\hdMaya.dll
[2022-11-29T23:27:04.587Z]     [484/621] Linking CXX shared library plugin\pxr\maya\lib\usdMaya\_usdMaya.pyd
[2022-11-29T23:27:04.831Z]     [485/621] Linking CXX shared library lib\mayaUsd\python\_mayaUsd.pyd
[2022-11-29T23:27:05.525Z]     [486/621] Building CXX object plugin\al\plugin\AL_USDMayaPlugin\CMakeFiles\AL_USDMayaPlugin.dir\plugin.cpp.obj
[2022-11-29T23:27:05.525Z]     [487/621] Linking CXX shared library plugin\pxr\maya\plugin\pxrUsd\pxrUsd.mll
[2022-11-29T23:27:05.774Z]     [488/621] Linking CXX shared library plugin\pxr\maya\plugin\pxrUsdPreviewSurface\pxrUsdPreviewSurface.mll
[2022-11-29T23:27:06.016Z]     [489/621] Building CXX object plugin\al\lib\AL_USDMaya\CMakeFiles\_AL_USDMaya.dir\AL\usdmaya\fileio\translators\wrapTranslatorBase.cpp.obj
[2022-11-29T23:27:06.370Z]     [490/621] Building CXX object plugin\al\plugin\AL_USDMayaTestPlugin\CMakeFiles\AL_USDMayaTestPlugin.dir\plugin.cpp.obj
[2022-11-29T23:27:06.370Z]     [491/621] Linking CXX shared library lib\mayaUsd\render\mayaToHydra\mtoh.mll
[2022-11-29T23:27:06.923Z]     [492/621] Linking CXX shared library lib\usd\translators\mayaUsd_Translators.dll
[2022-11-29T23:27:08.151Z]     [493/621] Linking CXX shared library plugin\al\lib\AL_USDMaya\AL_USDMaya.dll
[2022-11-29T23:27:08.789Z]     [494/621] Automatic MOC and UIC for target mayaUsdUI
[2022-11-29T23:27:08.913Z]     [495/621] Automatic RCC for layerEditor/resources.qrc
[2022-11-29T23:27:08.913Z]     [496/621] Automatic RCC for importDialog/images/ui.qrc
[2022-11-29T23:27:09.234Z]     [497/621] Linking CXX shared library plugin\al\lib\AL_USDMaya\_AL_USDMaya.pyd
[2022-11-29T23:27:09.854Z]     [498/621] Building CXX object plugin\al\plugin\AL_USDMayaTestPlugin\CMakeFiles\AL_USDMayaTestPlugin.dir\AL\maya\test_MatrixToSRT.cpp.obj
[2022-11-29T23:27:10.505Z]     [499/621] Building CXX object plugin\al\plugin\AL_USDMayaTestPlugin\CMakeFiles\AL_USDMayaTestPlugin.dir\AL\usdmaya\commands\test_TranslateCommand.cpp.obj
[2022-11-29T23:27:10.625Z]     [500/621] Building CXX object plugin\al\plugin\AL_USDMayaTestPlugin\CMakeFiles\AL_USDMayaTestPlugin.dir\AL\maya\test_MayaEventManager.cpp.obj
[2022-11-29T23:27:10.625Z]     [501/621] Building CXX object plugin\al\plugin\AL_USDMayaTestPlugin\CMakeFiles\AL_USDMayaTestPlugin.dir\AL\usdmaya\commands\test_ExportCommands.cpp.obj
[2022-11-29T23:27:10.743Z]     [502/621] Building CXX object plugin\al\plugin\AL_USDMayaTestPlugin\CMakeFiles\AL_USDMayaTestPlugin.dir\AL\usdmaya\commands\test_LayerCommands.cpp.obj
[2022-11-29T23:27:11.466Z]     [503/621] Building CXX object plugin\al\plugin\AL_USDMayaTestPlugin\CMakeFiles\AL_USDMayaTestPlugin.dir\AL\usdmaya\fileio\export_misc.cpp.obj
[2022-11-29T23:27:11.581Z]     [504/621] Building CXX object plugin\al\plugin\AL_USDMayaTestPlugin\CMakeFiles\AL_USDMayaTestPlugin.dir\AL\usdmaya\commands\test_LayerManagerCommands.cpp.obj
[2022-11-29T23:27:12.613Z]     [505/621] Building CXX object plugin\al\plugin\AL_USDMayaTestPlugin\CMakeFiles\AL_USDMayaTestPlugin.dir\AL\usdmaya\fileio\export_blendshape.cpp.obj
[2022-11-29T23:27:12.613Z]     [506/621] Building CXX object lib\usd\ui\CMakeFiles\mayaUsdUI.dir\layerEditor\dirtyLayersCountBadge.cpp.obj
[2022-11-29T23:27:13.235Z]     [507/621] Building CXX object lib\usd\ui\CMakeFiles\mayaUsdUI.dir\layerEditor\generatedIconButton.cpp.obj
[2022-11-29T23:27:14.669Z]     [508/621] Building CXX object plugin\al\plugin\AL_USDMayaTestPlugin\CMakeFiles\AL_USDMayaTestPlugin.dir\AL\usdmaya\commands\test_ProxyShapeImport.cpp.obj
[2022-11-29T23:27:16.110Z]     [509/621] Building CXX object plugin\al\plugin\AL_USDMayaTestPlugin\CMakeFiles\AL_USDMayaTestPlugin.dir\AL\usdmaya\fileio\export_ik.cpp.obj
[2022-11-29T23:27:16.438Z]     [510/621] Building CXX object plugin\al\plugin\AL_USDMayaTestPlugin\CMakeFiles\AL_USDMayaTestPlugin.dir\AL\usdmaya\fileio\export_constraints.cpp.obj
[2022-11-29T23:27:16.438Z]     [511/621] Building CXX object lib\usd\ui\CMakeFiles\mayaUsdUI.dir\layerEditor\mayaQtUtils.cpp.obj
[2022-11-29T23:27:16.560Z]     [512/621] Building CXX object plugin\al\plugin\AL_USDMayaTestPlugin\CMakeFiles\AL_USDMayaTestPlugin.dir\AL\usdmaya\fileio\export_lattice.cpp.obj
[2022-11-29T23:27:16.560Z]     [513/621] Building CXX object plugin\al\plugin\AL_USDMayaTestPlugin\CMakeFiles\AL_USDMayaTestPlugin.dir\AL\usdmaya\fileio\export_multiple_shapes.cpp.obj
[2022-11-29T23:27:17.086Z]     [514/621] Building CXX object plugin\al\plugin\AL_USDMayaTestPlugin\CMakeFiles\AL_USDMayaTestPlugin.dir\AL\usdmaya\fileio\export_import_instancing.cpp.obj
[2022-11-29T23:27:17.406Z]     [515/621] Building CXX object lib\usd\ui\CMakeFiles\mayaUsdUI.dir\layerEditor\stringResources.cpp.obj
[2022-11-29T23:27:18.447Z]     [516/621] Building CXX object lib\usd\ui\CMakeFiles\mayaUsdUI.dir\mayaUsdUI_autogen\mocs_compilation.cpp.obj
[2022-11-29T23:27:19.597Z]     [517/621] Building CXX object lib\usd\ui\CMakeFiles\mayaUsdUI.dir\layerEditor\qtUtils.cpp.obj
[2022-11-29T23:27:19.597Z]     [518/621] Building CXX object lib\usd\ui\CMakeFiles\mayaUsdUI.dir\layerEditor\layerTreeItemDelegate.cpp.obj
[2022-11-29T23:27:19.715Z]     [519/621] Building CXX object lib\usd\ui\CMakeFiles\mayaUsdUI.dir\layerEditor\loadLayersDialog.cpp.obj
[2022-11-29T23:27:19.715Z]     [520/621] Building CXX object lib\usd\ui\CMakeFiles\mayaUsdUI.dir\layerEditor\layerTreeView.cpp.obj
[2022-11-29T23:27:19.827Z]     [521/621] Building CXX object lib\usd\ui\CMakeFiles\mayaUsdUI.dir\layerEditor\mayaCommandHook.cpp.obj
[2022-11-29T23:27:19.827Z]     [522/621] Building CXX object lib\usd\ui\CMakeFiles\mayaUsdUI.dir\layerEditor\layerEditorWidget.cpp.obj
[2022-11-29T23:27:19.941Z]     [523/621] Building CXX object lib\usd\ui\CMakeFiles\mayaUsdUI.dir\mayaUsdUI_autogen\5WMDHDZAMM\qrc_resources.cpp.obj
[2022-11-29T23:27:20.363Z]     [524/621] Building CXX object lib\usd\ui\CMakeFiles\mayaUsdUI.dir\layerEditor\warningDialogs.cpp.obj
[2022-11-29T23:27:20.986Z]     [525/621] Building CXX object lib\usd\ui\CMakeFiles\mayaUsdUI.dir\layerEditor\mayaLayerEditorWindow.cpp.obj
[2022-11-29T23:27:20.986Z]     [526/621] Building CXX object lib\usd\ui\CMakeFiles\mayaUsdUI.dir\layerEditor\layerTreeItem.cpp.obj
[2022-11-29T23:27:20.986Z]     [527/621] Building CXX object lib\usd\ui\CMakeFiles\mayaUsdUI.dir\importDialog\USDQtUtil.cpp.obj
[2022-11-29T23:27:20.986Z]     [528/621] Building CXX object lib\usd\ui\CMakeFiles\mayaUsdUI.dir\mayaUsdUI_autogen\AUCU3ACLTF\qrc_ui.cpp.obj
[2022-11-29T23:27:21.113Z]     [529/621] Building CXX object lib\usd\ui\CMakeFiles\mayaUsdUI.dir\initStringResources.cpp.obj
[2022-11-29T23:27:21.231Z]     [530/621] Building CXX object lib\usd\ui\CMakeFiles\mayaUsdUI.dir\layerEditor\layerTreeModel.cpp.obj
[2022-11-29T23:27:21.750Z]     [531/621] Linking CXX shared library plugin\al\plugin\AL_USDMayaPlugin\AL_USDMayaPlugin.mll
[2022-11-29T23:27:23.292Z]     [532/621] Building CXX object lib\usd\ui\CMakeFiles\mayaUsdUI.dir\layerEditor\sessionState.cpp.obj
[2022-11-29T23:27:23.818Z]     [533/621] Building CXX object lib\usd\ui\CMakeFiles\mayaUsdUI.dir\layerEditor\pathChecker.cpp.obj
[2022-11-29T23:27:25.174Z]     [534/621] Building CXX object lib\usd\ui\CMakeFiles\mayaUsdUI.dir\layerEditor\mayaSessionState.cpp.obj
[2022-11-29T23:27:25.392Z]     [535/621] Building CXX object lib\usd\ui\CMakeFiles\mayaUsdUI.dir\layerEditor\stageSelectorWidget.cpp.obj
[2022-11-29T23:27:25.815Z]     [536/621] Building CXX object lib\usd\ui\CMakeFiles\mayaUsdUI.dir\importDialog\ItemDelegate.cpp.obj
[2022-11-29T23:27:26.544Z]     [537/621] Building CXX object lib\usd\ui\CMakeFiles\mayaUsdUI.dir\layerEditor\saveLayersDialog.cpp.obj
[2022-11-29T23:27:26.668Z]     [538/621] Building CXX object lib\usd\ui\CMakeFiles\mayaUsdUI.dir\importDialog\TreeItem.cpp.obj
[2022-11-29T23:27:27.198Z]     [539/621] Building CXX object lib\usd\ui\CMakeFiles\mayaUsdUI.dir\importDialog\USDImportDialogCmd.cpp.obj
[2022-11-29T23:27:27.719Z]     [540/621] Building CXX object lib\usd\ui\CMakeFiles\mayaUsdUI.dir\importDialog\TreeModelFactory.cpp.obj
[2022-11-29T23:27:28.159Z]     [541/621] Building CXX object lib\usd\ui\CMakeFiles\mayaUsdUI.dir\importDialog\TreeModel.cpp.obj
[2022-11-29T23:27:28.159Z]     [542/621] Building CXX object lib\usd\ui\CMakeFiles\mayaUsdUI.dir\importDialog\USDImportDialog.cpp.obj
[2022-11-29T23:27:29.095Z]     [543/621] Building CXX object plugin\al\plugin\AL_USDMayaTestPlugin\CMakeFiles\AL_USDMayaTestPlugin.dir\AL\usdmaya\fileio\export_unmerged.cpp.obj
[2022-11-29T23:27:29.209Z]     [544/621] Building CXX object plugin\al\plugin\AL_USDMayaTestPlugin\CMakeFiles\AL_USDMayaTestPlugin.dir\AL\usdmaya\fileio\import_instances.cpp.obj
[2022-11-29T23:27:29.530Z]     [545/621] Building CXX object plugin\al\plugin\AL_USDMayaTestPlugin\CMakeFiles\AL_USDMayaTestPlugin.dir\AL\usdmaya\fileio\test_activeInActiveTranslators.cpp.obj
[2022-11-29T23:27:29.646Z]     [546/621] Linking CXX shared library lib\usd\ui\mayaUsdUI.dll
[2022-11-29T23:27:29.646Z]     [547/621] Automatic MOC and UIC for target testMayaUsdUI
[2022-11-29T23:27:30.270Z]     [548/621] Building CXX object plugin\al\plugin\AL_USDMayaTestPlugin\CMakeFiles\AL_USDMayaTestPlugin.dir\AL\usdmaya\fileio\import_playback_range.cpp.obj
[2022-11-29T23:27:30.383Z]     [549/621] Building CXX object lib\usd\ui\importDialogDemo\CMakeFiles\testMayaUsdUI.dir\testMayaUsdUI_autogen\mocs_compilation.cpp.obj
[2022-11-29T23:27:31.516Z]     [550/621] Building CXX object plugin\al\plugin\AL_USDMayaTestPlugin\CMakeFiles\AL_USDMayaTestPlugin.dir\AL\usdmaya\nodes\proxy\test_PrimFilter.cpp.obj
[2022-11-29T23:27:32.343Z]     [551/621] Building CXX object plugin\al\plugin\AL_USDMayaTestPlugin\CMakeFiles\AL_USDMayaTestPlugin.dir\AL\usdmaya\fileio\export_nonlinear.cpp.obj
[2022-11-29T23:27:34.288Z]     [552/621] Building CXX object plugin\al\plugin\AL_USDMayaTestPlugin\CMakeFiles\AL_USDMayaTestPlugin.dir\AL\usdmaya\nodes\test_LayerManager.cpp.obj
[2022-11-29T23:27:35.443Z]     [553/621] Building CXX object plugin\al\plugin\AL_USDMayaTestPlugin\CMakeFiles\AL_USDMayaTestPlugin.dir\AL\usdmaya\nodes\test_lockPrims.cpp.obj
[2022-11-29T23:27:36.521Z]     [554/621] Building CXX object plugin\al\plugin\AL_USDMayaTestPlugin\CMakeFiles\AL_USDMayaTestPlugin.dir\AL\usdmaya\nodes\test_ScopeMatrix.cpp.obj
[2022-11-29T23:27:36.744Z]     [555/621] Building CXX object plugin\al\plugin\AL_USDMayaTestPlugin\CMakeFiles\AL_USDMayaTestPlugin.dir\AL\usdmaya\nodes\test_ProxyUsdGeomCamera.cpp.obj
[2022-11-29T23:27:37.170Z]     [556/621] Building CXX object plugin\al\plugin\AL_USDMayaTestPlugin\CMakeFiles\AL_USDMayaTestPlugin.dir\AL\usdmaya\nodes\test_ExtraDataPlugin.cpp.obj
[2022-11-29T23:27:38.217Z]     [557/621] Building CXX object plugin\al\plugin\AL_USDMayaTestPlugin\CMakeFiles\AL_USDMayaTestPlugin.dir\AL\usdmaya\nodes\test_ProxyShape.cpp.obj
[2022-11-29T23:27:38.549Z]     [558/621] Building CXX object plugin\al\plugin\AL_USDMayaTestPlugin\CMakeFiles\AL_USDMayaTestPlugin.dir\test_translators_AnimationTranslator.cpp.obj
[2022-11-29T23:27:38.550Z]     [559/621] Building CXX object plugin\al\plugin\AL_USDMayaTestPlugin\CMakeFiles\AL_USDMayaTestPlugin.dir\AL\usdmaya\nodes\test_ActiveInactive.cpp.obj
[2022-11-29T23:27:38.784Z]     [560/621] Building CXX object plugin\al\plugin\AL_USDMayaTestPlugin\CMakeFiles\AL_USDMayaTestPlugin.dir\AL\usdmaya\nodes\test_VariantFallbacks.cpp.obj
[2022-11-29T23:27:38.784Z]     [561/621] Building CXX object plugin\al\plugin\AL_USDMayaTestPlugin\CMakeFiles\AL_USDMayaTestPlugin.dir\AL\usdmaya\nodes\test_ProxyShapeSelectabilityDB.cpp.obj
[2022-11-29T23:27:39.311Z]     [562/621] Building CXX object plugin\al\plugin\AL_USDMayaTestPlugin\CMakeFiles\AL_USDMayaTestPlugin.dir\AL\usdmaya\nodes\test_Transform.cpp.obj
[2022-11-29T23:27:39.935Z]     [563/621] Building CXX object lib\usd\ui\importDialogDemo\CMakeFiles\testMayaUsdUI.dir\testMayaUsdUI.cpp.obj
[2022-11-29T23:27:40.253Z]     [564/621] Building CXX object plugin\al\plugin\AL_USDMayaTestPlugin\CMakeFiles\AL_USDMayaTestPlugin.dir\AL\usdmaya\nodes\test_TransformMatrix.cpp.obj
[2022-11-29T23:27:40.775Z]     [565/621] Linking CXX executable lib\usd\ui\importDialogDemo\testMayaUsdUI.exe
[2022-11-29T23:27:41.200Z]     [566/621] Building CXX object plugin\al\schemas\AL\usd\schemas\maya\CMakeFiles\AL_USDMayaSchemas.dir\tokens.cpp.obj
[2022-11-29T23:27:41.926Z]     [567/621] Building CXX object plugin\al\plugin\AL_USDMayaTestPlugin\CMakeFiles\AL_USDMayaTestPlugin.dir\AL\usdmaya\test_DiffPrimVar.cpp.obj
[2022-11-29T23:27:43.152Z]     [568/621] Building CXX object plugin\al\plugin\AL_USDMayaTestPlugin\CMakeFiles\AL_USDMayaTestPlugin.dir\test_translators_CameraTranslator.cpp.obj
[2022-11-29T23:27:43.875Z]     [569/621] Building CXX object plugin\al\plugin\AL_USDMayaTestPlugin\CMakeFiles\AL_USDMayaTestPlugin.dir\AL\usdmaya\test_DiffGeom.cpp.obj
[2022-11-29T23:27:44.298Z]     [570/621] Building CXX object plugin\al\schemas\AL\usd\schemas\maya\CMakeFiles\AL_USDMayaSchemas.dir\ModuleDeps.cpp.obj
[2022-11-29T23:27:45.879Z]     [571/621] Building CXX object plugin\al\schemas\AL\usd\schemas\maya\CMakeFiles\_AL_USDMayaSchemas.dir\wrapTokens.cpp.obj
[2022-11-29T23:27:45.879Z]     [572/621] Building CXX object plugin\al\schemas\AL\usd\schemas\maya\tests\CMakeFiles\testMayaSchemas.dir\main.cpp.obj
[2022-11-29T23:27:46.019Z]     [573/621] Building CXX object plugin\al\schemas\AL\usd\schemas\maya\CMakeFiles\AL_USDMayaSchemas.dir\ModelAPI.cpp.obj
[2022-11-29T23:27:46.250Z]     [574/621] Building CXX object plugin\al\plugin\AL_USDMayaTestPlugin\CMakeFiles\AL_USDMayaTestPlugin.dir\test_translators_Translator.cpp.obj
[2022-11-29T23:27:46.707Z]     [575/621] Building CXX object plugin\al\plugin\AL_USDMayaTestPlugin\CMakeFiles\AL_USDMayaTestPlugin.dir\test_translators_NurbsCurveTranslator.cpp.obj
[2022-11-29T23:27:47.243Z]     [576/621] Building CXX object plugin\al\plugin\AL_USDMayaTestPlugin\CMakeFiles\AL_USDMayaTestPlugin.dir\test_usdmaya.cpp.obj
[2022-11-29T23:27:47.243Z]     [577/621] Building CXX object plugin\al\schemas\AL\usd\schemas\mayatest\CMakeFiles\AL_USDMayaSchemasTest.dir\tokens.cpp.obj
[2022-11-29T23:27:47.243Z]     [578/621] Building CXX object plugin\al\plugin\AL_USDMayaTestPlugin\CMakeFiles\AL_USDMayaTestPlugin.dir\test_translators_PythonBindings.cpp.obj
[2022-11-29T23:27:47.459Z]     [579/621] Building CXX object plugin\al\schemas\AL\usd\schemas\maya\CMakeFiles\AL_USDMayaSchemas.dir\FrameRange.cpp.obj
[2022-11-29T23:27:47.992Z]     [580/621] Building CXX object plugin\al\plugin\AL_USDMayaTestPlugin\CMakeFiles\AL_USDMayaTestPlugin.dir\AL\usdmaya\nodes\test_TranslatorContext.cpp.obj
[2022-11-29T23:27:48.273Z]     [581/621] Building CXX object plugin\al\schemas\AL\usd\schemas\mayatest\CMakeFiles\_AL_USDMayaSchemasTest.dir\module.cpp.obj
[2022-11-29T23:27:48.799Z]     [582/621] Linking CXX shared library plugin\al\schemas\AL\usd\schemas\maya\AL_USDMayaSchemas.dll
[2022-11-29T23:27:49.047Z]     [583/621] Building CXX object plugin\al\plugin\AL_USDMayaTestPlugin\CMakeFiles\AL_USDMayaTestPlugin.dir\test_translators_MeshTranslator.cpp.obj
[2022-11-29T23:27:49.265Z]     [584/621] Building CXX object plugin\al\plugin\AL_USDMayaTestPlugin\CMakeFiles\AL_USDMayaTestPlugin.dir\test_usdmaya_AttributeType.cpp.obj
[2022-11-29T23:27:49.386Z]     [585/621] Building CXX object plugin\al\translators\CMakeFiles\AL_USDMayaTranslators.dir\CommonTranslatorOptions.cpp.obj
[2022-11-29T23:27:49.706Z]     [586/621] Building CXX object plugin\al\plugin\AL_USDMayaTestPlugin\CMakeFiles\AL_USDMayaTestPlugin.dir\test_translators_DgTranslator.cpp.obj
[2022-11-29T23:27:50.133Z]     [587/621] Building CXX object plugin\al\plugin\AL_USDMayaTestPlugin\CMakeFiles\AL_USDMayaTestPlugin.dir\test_translators_TransformTranslator.cpp.obj
[2022-11-29T23:27:50.653Z]     [588/621] Building CXX object plugin\al\translators\pxrUsdTranslators\CMakeFiles\AL_USDMayaPxrTranslators.dir\plugin.cpp.obj
[2022-11-29T23:27:51.177Z]     [589/621] Building CXX object plugin\al\schemas\AL\usd\schemas\mayatest\CMakeFiles\AL_USDMayaSchemasTest.dir\ModuleDeps.cpp.obj
[2022-11-29T23:27:51.177Z]     [590/621] Building CXX object plugin\al\schemas\AL\usd\schemas\maya\CMakeFiles\_AL_USDMayaSchemas.dir\wrapModelAPI.cpp.obj
[2022-11-29T23:27:51.602Z]     [591/621] Building CXX object plugin\adsk\plugin\CMakeFiles\mayaUsdPlugin.dir\adskListJobContextsCommand.cpp.obj
[2022-11-29T23:27:51.817Z]     [592/621] Building CXX object plugin\al\schemas\AL\usd\schemas\mayatest\CMakeFiles\_AL_USDMayaSchemasTest.dir\wrapTokens.cpp.obj
[2022-11-29T23:27:53.556Z]     [593/621] Building CXX object plugin\al\schemas\AL\usd\schemas\maya\tests\CMakeFiles\testMayaSchemas.dir\testMayaSchemas.cpp.obj
[2022-11-29T23:27:54.190Z]     [594/621] Building CXX object plugin\al\schemas\AL\usd\schemas\maya\CMakeFiles\_AL_USDMayaSchemas.dir\wrapFrameRange.cpp.obj
[2022-11-29T23:27:54.308Z]     [595/621] Building CXX object plugin\al\schemas\AL\usd\schemas\maya\tests\CMakeFiles\testMayaSchemas.dir\testModelAPI.cpp.obj
[2022-11-29T23:27:54.308Z]     [596/621] Building CXX object plugin\al\schemas\AL\usd\schemas\mayatest\CMakeFiles\AL_USDMayaSchemasTest.dir\ExamplePolyCubeNode.cpp.obj
[2022-11-29T23:27:54.838Z]     [597/621] Linking CXX shared library plugin\al\schemas\AL\usd\schemas\mayatest\AL_USDMayaSchemasTest.dll
[2022-11-29T23:27:54.956Z]     [598/621] Linking CXX executable plugin\al\schemas\AL\usd\schemas\maya\tests\testMayaSchemas.exe
[2022-11-29T23:27:55.385Z]     [599/621] Building CXX object plugin\adsk\plugin\CMakeFiles\mayaUsdPlugin.dir\adskListShadingModesCommand.cpp.obj
[2022-11-29T23:27:55.499Z]     [600/621] Linking CXX shared library plugin\al\schemas\AL\usd\schemas\maya\_AL_USDMayaSchemas.pyd
[2022-11-29T23:27:56.371Z]     [601/621] Building CXX object plugin\al\translators\CMakeFiles\AL_USDMayaTranslators.dir\FrameRange.cpp.obj
[2022-11-29T23:27:56.487Z]     [602/621] Building CXX object plugin\al\translators\CMakeFiles\AL_USDMayaTranslators.dir\MayaReference.cpp.obj
[2022-11-29T23:27:56.823Z]     [603/621] Building CXX object plugin\al\schemas\AL\usd\schemas\mayatest\CMakeFiles\_AL_USDMayaSchemasTest.dir\wrapExamplePolyCubeNode.cpp.obj
[2022-11-29T23:27:57.044Z]     [604/621] Building CXX object plugin\al\translators\CMakeFiles\AL_USDMayaTranslators.dir\DirectionalLight.cpp.obj
[2022-11-29T23:27:57.270Z]     [605/621] Linking CXX shared library plugin\al\plugin\AL_USDMayaTestPlugin\AL_USDMayaTestPlugin.mll
[2022-11-29T23:27:57.404Z]     [606/621] Building CXX object plugin\al\translators\CMakeFiles\AL_USDMayaTranslators.dir\NurbsCurve.cpp.obj
[2022-11-29T23:27:57.544Z]     [607/621] Linking CXX shared library plugin\al\schemas\AL\usd\schemas\mayatest\_AL_USDMayaSchemasTest.pyd
[2022-11-29T23:27:57.762Z]     [608/621] Building CXX object plugin\al\translators\pxrUsdTranslators\CMakeFiles\AL_USDMayaPxrTranslators.dir\ProxyShapeTranslator.cpp.obj
[2022-11-29T23:27:57.876Z]     [609/621] Building CXX object plugin\al\translators\CMakeFiles\AL_USDMayaTranslators.dir\Camera.cpp.obj
[2022-11-29T23:27:57.990Z]     [610/621] Building CXX object plugin\al\translators\CMakeFiles\AL_USDMayaTranslators.dir\Mesh.cpp.obj
[2022-11-29T23:27:58.511Z]     [611/621] Linking CXX shared library plugin\al\translators\pxrUsdTranslators\AL_USDMayaPxrTranslators.mll
[2022-11-29T23:27:58.511Z]     [612/621] Building CXX object plugin\adsk\plugin\CMakeFiles\mayaUsdPlugin.dir\adskExportCommand.cpp.obj
[2022-11-29T23:27:58.827Z]     [613/621] Linking CXX shared library plugin\al\translators\AL_USDMayaTranslators.dll
[2022-11-29T23:27:59.143Z]     [614/621] Building CXX object plugin\adsk\plugin\CMakeFiles\mayaUsdPlugin.dir\exportTranslator.cpp.obj
[2022-11-29T23:27:59.255Z]     [615/621] Building CXX object plugin\adsk\plugin\CMakeFiles\mayaUsdPlugin.dir\adskImportCommand.cpp.obj
[2022-11-29T23:28:00.484Z]     [616/621] Building CXX object plugin\adsk\plugin\CMakeFiles\mayaUsdPlugin.dir\adskStageLoadUnloadCommands.cpp.obj
[2022-11-29T23:28:02.220Z]     [617/621] Building CXX object plugin\adsk\plugin\CMakeFiles\mayaUsdPlugin.dir\geomNode.cpp.obj
[2022-11-29T23:28:02.535Z]     [618/621] Building CXX object plugin\adsk\plugin\CMakeFiles\mayaUsdPlugin.dir\ProxyShape.cpp.obj
[2022-11-29T23:28:02.535Z]     [619/621] Building CXX object plugin\adsk\plugin\CMakeFiles\mayaUsdPlugin.dir\plugin.cpp.obj
[2022-11-29T23:28:02.851Z]     [620/621] Building CXX object plugin\adsk\plugin\CMakeFiles\mayaUsdPlugin.dir\importTranslator.cpp.obj
[2022-11-29T23:28:03.665Z]     [621/621] Linking CXX shared module plugin\adsk\plugin\mayaUsdPlugin.mll
[2022-11-29T23:28:03.665Z]     
[2022-11-29T23:28:03.665Z]         Building with settings:
[2022-11-29T23:28:03.665Z]           Source directory          S:\jenkins\workspace\ECP\ecg-maya-usd\ecg-mayausd-branch-preflight-2019-no-ufe-windows\ecg-maya-usd\maya-usd
[2022-11-29T23:28:03.665Z]           Workspace directory       W:\
[2022-11-29T23:28:03.665Z]           Build directory           W:\build\RelWithDebInfo
[2022-11-29T23:28:03.665Z]           Install directory         W:\install\RelWithDebInfo\MayaUSD
[2022-11-29T23:28:03.665Z]           Variant                   RelWithDebInfo
[2022-11-29T23:28:03.665Z]           Python Debug              Off
[2022-11-29T23:28:03.665Z]           CMake generator           Ninja
[2022-11-29T23:28:03.665Z]           Build arguments           ['-DCMAKE_MAKE_PROGRAM=P:/shared/Artifactory/Windows/ninja/1.9.0/c68f192/ninja.exe', '-DPYTHON_INCLUDE_DIR=P:/shared/Artifactory/Windows/rundev-2019/202003131251/runtime/155eb96/runTime/include/Python2.7', '-DPython_EXECUTABLE=P:/shared/Artifactory/Windows/rundev-2019/202003131251/runtime/155eb96/runTime/bin/mayapy.exe', '-DPYTHON_LIBRARIES=P:/shared/Artifactory/Windows/rundev-2019/202003131251/runtime/155eb96/runTime/lib/python27.lib', '-DCMAKE_WANT_UFE_BUILD=OFF', '-DUSD_LIB_PREFIX=', '-DCMAKE_WANT_MATERIALX_BUILD=ON', '-DCMAKE_PREFIX_PATH=P:\\shared\\Artifactory\\Windows\\USD\\cfb3d8a']
[2022-11-29T23:28:03.665Z]           Stages arguments          ['build']
[2022-11-29T23:28:03.665Z]           CTest arguments           ['-E testUsdReferenceAssemblySelection|testUsdMayaAppDir', '-LE interactive', '--parallel 16']
[2022-11-29T23:28:03.665Z]     Success MayaUSD build and install !!!!
[2022-11-29T23:28:03.665Z]     Elapsed time: 00:04:16
[Pipeline] bat
[2022-11-29T23:28:03.936Z] Deleting alias drive W:
[Pipeline] bat
[2022-11-29T23:28:04.215Z] Deleting alias drive P:
[Pipeline] }
[Pipeline] // withEnv
[Pipeline] }
[Pipeline] // timeout
[Pipeline] }
[Pipeline] // stage
[Pipeline] }
[Pipeline] // timestamps
[Pipeline] timestamps
[Pipeline] {
[Pipeline] stage
[Pipeline] { (Install)
[Pipeline] timeout
[2022-11-29T23:28:04.340Z] Timeout set to expire in 6 hr 0 min
[Pipeline] {
[Pipeline] withEnv
[Pipeline] {
[Pipeline] bat
[2022-11-29T23:28:04.693Z] Creating alias drive P: to S:\jenkins\workspace
[Pipeline] bat
[2022-11-29T23:28:04.982Z] Creating alias drive W: to S:\jenkins\workspace\ECP\ecg-maya-usd\ecg-mayausd-branch-preflight-2019-no-ufe-windows
[Pipeline] bat
[2022-11-29T23:28:05.523Z] "C:\Program Files (x86)\Microsoft Visual Studio\2017\Professional\VC\Auxiliary\Build\vcvarsall.bat" x64
[2022-11-29T23:28:05.630Z] **********************************************************************
[2022-11-29T23:28:05.630Z] ** Visual Studio 2017 Developer Command Prompt v15.9.15
[2022-11-29T23:28:05.630Z] ** Copyright (c) 2017 Microsoft Corporation
[2022-11-29T23:28:05.630Z] **********************************************************************
[2022-11-29T23:28:06.549Z] [vcvarsall.bat] Environment initialized for: 'x64'
[2022-11-29T23:28:06.549Z] python ecg-maya-usd/build.py --stages=install --workspace-dir=W:\ --artifactory-dir=P:\shared\Artifactory --build-dir=W:\build --install-dir=W:\install --signing-dir=W:\signing --package-dir=W:\package --output-dir=W:\output --stash-dir=W:\stash --jenkins-build=495 --git-commit=3675e061145f6fc558dabba32b85019b2afda970 --git-branch=master --variants=RelWithDebInfo --python=2.7 --ufe=false --pxrusd-version=0.21.05-gold --post-zips=false --maya-cut-config=maya-rundev-2019.yaml --maya-package=rundev-2019 --stage-banner
[2022-11-29T23:28:07.267Z] Using Maya cut from P:\shared\Artifactory\Windows\rundev-2019\202003131251\runtime\155eb96
[2022-11-29T23:28:07.267Z] 
[2022-11-29T23:28:07.267Z] ================================================================================
[2022-11-29T23:28:07.267Z]                             install (RelWithDebInfo)
[2022-11-29T23:28:07.267Z] ================================================================================
[2022-11-29T23:28:07.267Z] Maya Python RelWithDebInfo Info:
[2022-11-29T23:28:07.267Z]   mayapy executable   = P:\shared\Artifactory\Windows\rundev-2019\202003131251\runtime\155eb96\runTime\bin\mayapy.exe
[2022-11-29T23:28:07.267Z]   Include Folder      = P:\shared\Artifactory\Windows\rundev-2019\202003131251\runtime\155eb96\runTime\include\Python2.7
[2022-11-29T23:28:07.267Z]   Library             = P:\shared\Artifactory\Windows\rundev-2019\202003131251\runtime\155eb96\runTime\lib\python27.lib
[2022-11-29T23:28:07.267Z]   site-package Folder = P:\shared\Artifactory\Windows\rundev-2019\202003131251\runtime\155eb96\runTime\Python\Lib\site-packages
[2022-11-29T23:28:08.084Z] In workdir: S:\jenkins\workspace\ECP\ecg-maya-usd\ecg-mayausd-branch-preflight-2019-no-ufe-windows\ecg-maya-usd\maya-usd
[2022-11-29T23:28:08.084Z] Executing: 'P:\\shared\\Artifactory\\Windows\\rundev-2019\\202003131251\\runtime\\155eb96\\runTime\\bin\\mayapy.exe' 'S:\\jenkins\\workspace\\ECP\\ecg-maya-usd\\ecg-mayausd-branch-preflight-2019-no-ufe-windows\\ecg-maya-usd\\maya-usd\\build.py' --generator Ninja --build-relwithdebug --maya-location 'P:\\shared\\Artifactory\\Windows\\rundev-2019\\202003131251\\runtime\\155eb96\\runTime' --devkit-location 'P:\\shared\\Artifactory\\Windows\\rundev-2019\\202003131251\\runtime\\155eb96\\devkitBase' --pxrusd-location 'P:\\shared\\Artifactory\\Windows\\USD\\cfb3d8a' --qt-location 'P:\\shared\\Artifactory\\Windows\\qt\\5.6.1\\1acd0ba' '--build-args=-DCMAKE_MAKE_PROGRAM=P:/shared/Artifactory/Windows/ninja/1.9.0/c68f192/ninja.exe,-DPYTHON_INCLUDE_DIR=P:/shared/Artifactory/Windows/rundev-2019/202003131251/runtime/155eb96/runTime/include/Python2.7,-DPython_EXECUTABLE=P:/shared/Artifactory/Windows/rundev-2019/202003131251/runtime/155eb96/runTime/bin/mayapy.exe,-DPYTHON_LIBRARIES=P:/shared/Artifactory/Windows/rundev-2019/202003131251/runtime/155eb96/runTime/lib/python27.lib,-DCMAKE_WANT_UFE_BUILD=OFF,-DUSD_LIB_PREFIX=,-DCMAKE_WANT_MATERIALX_BUILD=ON,-DCMAKE_PREFIX_PATH=P:\\shared\\Artifactory\\Windows\\USD\\cfb3d8a' '--ctest-args=-E testUsdReferenceAssemblySelection|testUsdMayaAppDir,-LE interactive,--parallel 16' --stages=install --redirect-outstream-file=False --install-location 'W:\\install\\RelWithDebInfo\\MayaUSD' 'W:\\'
[2022-11-29T23:28:08.084Z] Modified environment variables:
[2022-11-29T23:28:08.084Z]     PATH=P:\shared\Artifactory\Windows\cmake\3.20.3\afe857a\bin;C:\Python27\lib\site-packages\pywin32_system32;C:\Program Files (x86)\Microsoft Visual Studio\2017\Professional\VC\Tools\MSVC\14.16.27023\bin\HostX64\x64;C:\Program Files (x86)\Microsoft Visual Studio\2017\Professional\Common7\IDE\VC\VCPackages;C:\Program Files (x86)\Microsoft Visual Studio\2017\Professional\Common7\IDE\CommonExtensions\Microsoft\TestWindow;C:\Program Files (x86)\Microsoft Visual Studio\2017\Professional\Common7\IDE\CommonExtensions\Microsoft\TeamFoundation\Team Explorer;C:\Program Files (x86)\Microsoft Visual Studio\2017\Professional\MSBuild\15.0\bin\Roslyn;C:\Program Files (x86)\Microsoft Visual Studio\2017\Professional\Team Tools\Performance Tools\x64;C:\Program Files (x86)\Microsoft Visual Studio\2017\Professional\Team Tools\Performance Tools;C:\Program Files (x86)\Microsoft Visual Studio\Shared\Common\VSPerfCollectionTools\\x64;C:\Program Files (x86)\Microsoft Visual Studio\Shared\Common\VSPerfCollectionTools\;C:\Program Files (x86)\Microsoft SDKs\Windows\v10.0A\bin\NETFX 4.6.1 Tools\x64\;C:\Program Files (x86)\HTML Help Workshop;C:\Program Files (x86)\Windows Kits\10\bin\10.0.18362.0\x64;C:\Program Files (x86)\Windows Kits\10\bin\x64;C:\Program Files (x86)\Microsoft Visual Studio\2017\Professional\\MSBuild\15.0\bin;C:\WINDOWS\Microsoft.NET\Framework64\v4.0.30319;C:\Program Files (x86)\Microsoft Visual Studio\2017\Professional\Common7\IDE\;C:\Program Files (x86)\Microsoft Visual Studio\2017\Professional\Common7\Tools\;C:\Python27\;C:\Python27\Scripts;C:\WINDOWS\system32;C:\WINDOWS;C:\WINDOWS\System32\Wbem;C:\WINDOWS\System32\WindowsPowerShell\v1.0\;C:\WINDOWS\System32\OpenSSH\;C:\ProgramData\chocolatey\bin;C:\Program Files (x86)\WiX Toolset v3.7\bin;C:\Program Files\dotnet\;C:\Program Files (x86)\Windows Kits\10\bin\10.0.18362.0\x64;C:\Program Files\Zulu\zulu-11\bin\;C:\Program Files (x86)\Windows Kits\10\bin\10.0.17763.0\x64;C:\Program Files (x86)\Windows Kits\10\bin\x64;C:\Program Files\Git\cmd;C:\Program Files\Git\usr\bin;C:\Program Files\Git\mingw64\bin;C:\Program Files\Git\bin;C:\Python38\;C:\Python38\Scripts;C:\StoreBoxClientWindows;C:\Program Files\Electric Cloud\ElectricCommander\bin;C:\Program Files\WinRAR;C:\Program Files\7-Zip;C:\Users\Administrator\AppData\Local\Microsoft\WindowsApps;C:\Program Files (x86)\Microsoft Visual Studio\2017\Professional\Common7\IDE\CommonExtensions\Microsoft\CMake\CMake\bin;C:\Program Files (x86)\Microsoft Visual Studio\2017\Professional\Common7\IDE\CommonExtensions\Microsoft\CMake\Ninja
[2022-11-29T23:28:08.496Z]     [1/8] Automatic MOC and UIC for target mayaUsdUI
[2022-11-29T23:28:08.496Z]     [2/5] Automatic MOC and UIC for target testMayaUsdUI
[2022-11-29T23:28:08.496Z]     [2/3] Install the project...
[2022-11-29T23:28:08.605Z]     -- Install configuration: "RelWithDebInfo"
[2022-11-29T23:28:11.239Z]     
[2022-11-29T23:28:11.239Z]         Building with settings:
[2022-11-29T23:28:11.239Z]           Source directory          S:\jenkins\workspace\ECP\ecg-maya-usd\ecg-mayausd-branch-preflight-2019-no-ufe-windows\ecg-maya-usd\maya-usd
[2022-11-29T23:28:11.239Z]           Workspace directory       W:\
[2022-11-29T23:28:11.239Z]           Build directory           W:\build\RelWithDebInfo
[2022-11-29T23:28:11.239Z]           Install directory         W:\install\RelWithDebInfo\MayaUSD
[2022-11-29T23:28:11.239Z]           Variant                   RelWithDebInfo
[2022-11-29T23:28:11.239Z]           Python Debug              Off
[2022-11-29T23:28:11.239Z]           CMake generator           Ninja
[2022-11-29T23:28:11.239Z]           Build arguments           ['-DCMAKE_MAKE_PROGRAM=P:/shared/Artifactory/Windows/ninja/1.9.0/c68f192/ninja.exe', '-DPYTHON_INCLUDE_DIR=P:/shared/Artifactory/Windows/rundev-2019/202003131251/runtime/155eb96/runTime/include/Python2.7', '-DPython_EXECUTABLE=P:/shared/Artifactory/Windows/rundev-2019/202003131251/runtime/155eb96/runTime/bin/mayapy.exe', '-DPYTHON_LIBRARIES=P:/shared/Artifactory/Windows/rundev-2019/202003131251/runtime/155eb96/runTime/lib/python27.lib', '-DCMAKE_WANT_UFE_BUILD=OFF', '-DUSD_LIB_PREFIX=', '-DCMAKE_WANT_MATERIALX_BUILD=ON', '-DCMAKE_PREFIX_PATH=P:\\shared\\Artifactory\\Windows\\USD\\cfb3d8a']
[2022-11-29T23:28:11.239Z]           Stages arguments          ['install']
[2022-11-29T23:28:11.239Z]           CTest arguments           ['-E testUsdReferenceAssemblySelection|testUsdMayaAppDir', '-LE interactive', '--parallel 16']
[2022-11-29T23:28:11.239Z]     Success MayaUSD build and install !!!!
[2022-11-29T23:28:11.239Z]     Elapsed time: 00:00:03
[Pipeline] bat
[2022-11-29T23:28:11.510Z] Deleting alias drive W:
[Pipeline] bat
[2022-11-29T23:28:11.786Z] Deleting alias drive P:
[Pipeline] }
[Pipeline] // withEnv
[Pipeline] }
[Pipeline] // timeout
[Pipeline] }
[Pipeline] // stage
[Pipeline] }
[Pipeline] // timestamps
[Pipeline] timestamps
[Pipeline] {
[Pipeline] stage
[Pipeline] { (Test)
[Pipeline] timeout
[2022-11-29T23:28:11.916Z] Timeout set to expire in 6 hr 0 min
[Pipeline] {
[Pipeline] withEnv
[Pipeline] {
[Pipeline] bat
[2022-11-29T23:28:12.268Z] Creating alias drive P: to S:\jenkins\workspace
[Pipeline] bat
[2022-11-29T23:28:12.647Z] Creating alias drive W: to S:\jenkins\workspace\ECP\ecg-maya-usd\ecg-mayausd-branch-preflight-2019-no-ufe-windows
[Pipeline] bat
[2022-11-29T23:28:13.084Z] "C:\Program Files (x86)\Microsoft Visual Studio\2017\Professional\VC\Auxiliary\Build\vcvarsall.bat" x64
[2022-11-29T23:28:13.186Z] **********************************************************************
[2022-11-29T23:28:13.186Z] ** Visual Studio 2017 Developer Command Prompt v15.9.15
[2022-11-29T23:28:13.186Z] ** Copyright (c) 2017 Microsoft Corporation
[2022-11-29T23:28:13.186Z] **********************************************************************
[2022-11-29T23:28:14.104Z] [vcvarsall.bat] Environment initialized for: 'x64'
[2022-11-29T23:28:14.104Z] python ecg-maya-usd/build.py --stages=test --workspace-dir=W:\ --artifactory-dir=P:\shared\Artifactory --build-dir=W:\build --install-dir=W:\install --signing-dir=W:\signing --package-dir=W:\package --output-dir=W:\output --stash-dir=W:\stash --jenkins-build=495 --git-commit=3675e061145f6fc558dabba32b85019b2afda970 --git-branch=master --variants=RelWithDebInfo --python=2.7 --ufe=false --pxrusd-version=0.21.05-gold --post-zips=false --test-jobs=0 --failed-test-retry=3 --maya-cut-config=maya-rundev-2019.yaml --maya-package=rundev-2019 --stage-banner --progressive-timeout
[2022-11-29T23:28:14.919Z] Using Maya cut from P:\shared\Artifactory\Windows\rundev-2019\202003131251\runtime\155eb96
[2022-11-29T23:28:14.919Z] 
[2022-11-29T23:28:14.919Z] ================================================================================
[2022-11-29T23:28:14.919Z]                              test (RelWithDebInfo)
[2022-11-29T23:28:14.919Z] ================================================================================
[2022-11-29T23:28:14.919Z] Maya Python RelWithDebInfo Info:
[2022-11-29T23:28:14.919Z]   mayapy executable   = P:\shared\Artifactory\Windows\rundev-2019\202003131251\runtime\155eb96\runTime\bin\mayapy.exe
[2022-11-29T23:28:14.919Z]   Include Folder      = P:\shared\Artifactory\Windows\rundev-2019\202003131251\runtime\155eb96\runTime\include\Python2.7
[2022-11-29T23:28:14.919Z]   Library             = P:\shared\Artifactory\Windows\rundev-2019\202003131251\runtime\155eb96\runTime\lib\python27.lib
[2022-11-29T23:28:14.919Z]   site-package Folder = P:\shared\Artifactory\Windows\rundev-2019\202003131251\runtime\155eb96\runTime\Python\Lib\site-packages
[2022-11-29T23:28:15.635Z] In workdir: S:\jenkins\workspace\ECP\ecg-maya-usd\ecg-mayausd-branch-preflight-2019-no-ufe-windows\ecg-maya-usd\maya-usd
[2022-11-29T23:28:15.635Z] Executing: 'P:\\shared\\Artifactory\\Windows\\rundev-2019\\202003131251\\runtime\\155eb96\\runTime\\bin\\mayapy.exe' 'S:\\jenkins\\workspace\\ECP\\ecg-maya-usd\\ecg-mayausd-branch-preflight-2019-no-ufe-windows\\ecg-maya-usd\\maya-usd\\build.py' --generator Ninja --build-relwithdebug --maya-location 'P:\\shared\\Artifactory\\Windows\\rundev-2019\\202003131251\\runtime\\155eb96\\runTime' --devkit-location 'P:\\shared\\Artifactory\\Windows\\rundev-2019\\202003131251\\runtime\\155eb96\\devkitBase' --pxrusd-location 'P:\\shared\\Artifactory\\Windows\\USD\\cfb3d8a' --qt-location 'P:\\shared\\Artifactory\\Windows\\qt\\5.6.1\\1acd0ba' '--build-args=-DCMAKE_MAKE_PROGRAM=P:/shared/Artifactory/Windows/ninja/1.9.0/c68f192/ninja.exe,-DPYTHON_INCLUDE_DIR=P:/shared/Artifactory/Windows/rundev-2019/202003131251/runtime/155eb96/runTime/include/Python2.7,-DPython_EXECUTABLE=P:/shared/Artifactory/Windows/rundev-2019/202003131251/runtime/155eb96/runTime/bin/mayapy.exe,-DPYTHON_LIBRARIES=P:/shared/Artifactory/Windows/rundev-2019/202003131251/runtime/155eb96/runTime/lib/python27.lib,-DCMAKE_WANT_UFE_BUILD=OFF,-DUSD_LIB_PREFIX=,-DCMAKE_WANT_MATERIALX_BUILD=ON,-DCMAKE_PREFIX_PATH=P:\\shared\\Artifactory\\Windows\\USD\\cfb3d8a' '--ctest-args=-E testUsdReferenceAssemblySelection|testUsdMayaAppDir,-LE interactive,--parallel 16' --stages=test --redirect-outstream-file=False --install-location 'W:\\install\\RelWithDebInfo\\MayaUSD' 'W:\\'
[2022-11-29T23:28:15.635Z] Modified environment variables:
[2022-11-29T23:28:15.635Z]     PATH=P:\shared\Artifactory\Windows\cmake\3.20.3\afe857a\bin;C:\Python27\lib\site-packages\pywin32_system32;C:\Program Files (x86)\Microsoft Visual Studio\2017\Professional\VC\Tools\MSVC\14.16.27023\bin\HostX64\x64;C:\Program Files (x86)\Microsoft Visual Studio\2017\Professional\Common7\IDE\VC\VCPackages;C:\Program Files (x86)\Microsoft Visual Studio\2017\Professional\Common7\IDE\CommonExtensions\Microsoft\TestWindow;C:\Program Files (x86)\Microsoft Visual Studio\2017\Professional\Common7\IDE\CommonExtensions\Microsoft\TeamFoundation\Team Explorer;C:\Program Files (x86)\Microsoft Visual Studio\2017\Professional\MSBuild\15.0\bin\Roslyn;C:\Program Files (x86)\Microsoft Visual Studio\2017\Professional\Team Tools\Performance Tools\x64;C:\Program Files (x86)\Microsoft Visual Studio\2017\Professional\Team Tools\Performance Tools;C:\Program Files (x86)\Microsoft Visual Studio\Shared\Common\VSPerfCollectionTools\\x64;C:\Program Files (x86)\Microsoft Visual Studio\Shared\Common\VSPerfCollectionTools\;C:\Program Files (x86)\Microsoft SDKs\Windows\v10.0A\bin\NETFX 4.6.1 Tools\x64\;C:\Program Files (x86)\HTML Help Workshop;C:\Program Files (x86)\Windows Kits\10\bin\10.0.18362.0\x64;C:\Program Files (x86)\Windows Kits\10\bin\x64;C:\Program Files (x86)\Microsoft Visual Studio\2017\Professional\\MSBuild\15.0\bin;C:\WINDOWS\Microsoft.NET\Framework64\v4.0.30319;C:\Program Files (x86)\Microsoft Visual Studio\2017\Professional\Common7\IDE\;C:\Program Files (x86)\Microsoft Visual Studio\2017\Professional\Common7\Tools\;C:\Python27\;C:\Python27\Scripts;C:\WINDOWS\system32;C:\WINDOWS;C:\WINDOWS\System32\Wbem;C:\WINDOWS\System32\WindowsPowerShell\v1.0\;C:\WINDOWS\System32\OpenSSH\;C:\ProgramData\chocolatey\bin;C:\Program Files (x86)\WiX Toolset v3.7\bin;C:\Program Files\dotnet\;C:\Program Files (x86)\Windows Kits\10\bin\10.0.18362.0\x64;C:\Program Files\Zulu\zulu-11\bin\;C:\Program Files (x86)\Windows Kits\10\bin\10.0.17763.0\x64;C:\Program Files (x86)\Windows Kits\10\bin\x64;C:\Program Files\Git\cmd;C:\Program Files\Git\usr\bin;C:\Program Files\Git\mingw64\bin;C:\Program Files\Git\bin;C:\Python38\;C:\Python38\Scripts;C:\StoreBoxClientWindows;C:\Program Files\Electric Cloud\ElectricCommander\bin;C:\Program Files\WinRAR;C:\Program Files\7-Zip;C:\Users\Administrator\AppData\Local\Microsoft\WindowsApps;C:\Program Files (x86)\Microsoft Visual Studio\2017\Professional\Common7\IDE\CommonExtensions\Microsoft\CMake\CMake\bin;C:\Program Files (x86)\Microsoft Visual Studio\2017\Professional\Common7\IDE\CommonExtensions\Microsoft\CMake\Ninja
[2022-11-29T23:28:15.947Z]     Test project W:/build/RelWithDebInfo
[2022-11-29T23:28:16.663Z]             Start   1: testMayaUsdConverter
[2022-11-29T23:28:16.663Z]             Start   2: testMayaUsdCreateStageCommands
[2022-11-29T23:28:16.663Z]             Start   3: testMayaUsdPythonImport
[2022-11-29T23:28:16.785Z]             Start   4: testMayaUsdLayerEditorCommands
[2022-11-29T23:28:16.785Z]             Start   5: testMayaUsdCacheId
[2022-11-29T23:28:16.785Z]             Start   8: _Interactive_Maya
[2022-11-29T23:28:16.785Z]       1/126 Test   #8: _Interactive_Maya ...............................***Not Run (Disabled)   0.00 sec
[2022-11-29T23:28:16.785Z]             Start   9: testMayaUsdPlugVersionCheck
[2022-11-29T23:28:16.785Z]             Start  10: testPxrUsdPreviewSurfaceDraw
[2022-11-29T23:28:16.785Z]             Start  11: testPxrUsdPreviewSurfaceExport
[2022-11-29T23:28:16.785Z]             Start  12: testMayaUsdSchemasPythonImport
[2022-11-29T23:28:16.785Z]             Start  13: testMayaUsdSchemasMayaReference
[2022-11-29T23:28:16.785Z]             Start  14: testDiffCore
[2022-11-29T23:28:16.785Z]             Start  15: testDiffValues
[2022-11-29T23:28:16.894Z]             Start  16: testDiffAttributes
[2022-11-29T23:28:16.894Z]             Start  17: testDiffRelationships
[2022-11-29T23:28:17.002Z]             Start  18: testDiffDictionaries
[2022-11-29T23:28:17.002Z]             Start  19: testDiffLists
[2022-11-29T23:28:17.112Z]       2/126 Test  #14: testDiffCore ....................................   Passed    0.25 sec
[2022-11-29T23:28:17.112Z]             Start  20: testDiffComputeOverall
[2022-11-29T23:28:17.112Z]       3/126 Test  #18: testDiffDictionaries ............................   Passed    0.15 sec
[2022-11-29T23:28:17.112Z]             Start  21: testDiffPrims
[2022-11-29T23:28:17.112Z]       4/126 Test  #16: testDiffAttributes ..............................   Passed    0.26 sec
[2022-11-29T23:28:17.112Z]             Start  22: testMergePrims
[2022-11-29T23:28:17.251Z]       5/126 Test  #19: testDiffLists ...................................   Passed    0.19 sec
[2022-11-29T23:28:17.251Z]             Start  23: testDiffMetadatas
[2022-11-29T23:28:17.251Z]       6/126 Test  #17: testDiffRelationships ...........................   Passed    0.28 sec
[2022-11-29T23:28:17.251Z]             Start  24: testUsdExportAnimation
[2022-11-29T23:28:17.251Z]       7/126 Test  #20: testDiffComputeOverall ..........................   Passed    0.16 sec
[2022-11-29T23:28:17.251Z]             Start  25: testUsdExportAsClip
[2022-11-29T23:28:17.251Z]       8/126 Test  #15: testDiffValues ..................................   Passed    0.44 sec
[2022-11-29T23:28:17.251Z]             Start  26: testUsdExportBindTransform
[2022-11-29T23:28:17.384Z]       9/126 Test  #21: testDiffPrims ...................................   Passed    0.23 sec
[2022-11-29T23:28:17.384Z]             Start  27: testUsdExportBlendshapes
[2022-11-29T23:28:17.384Z]      10/126 Test  #22: testMergePrims ..................................   Passed    0.21 sec
[2022-11-29T23:28:17.384Z]             Start  28: testUsdExportCamera
[2022-11-29T23:28:17.384Z]      11/126 Test  #23: testDiffMetadatas ...............................   Passed    0.19 sec
[2022-11-29T23:28:17.384Z]             Start  29: testUsdExportColorSets
[2022-11-29T23:28:20.356Z]      12/126 Test  #10: testPxrUsdPreviewSurfaceDraw ....................   Passed    3.65 sec
[2022-11-29T23:28:20.356Z]             Start  30: testUsdExportConnected
[2022-11-29T23:28:20.579Z]      13/126 Test   #3: testMayaUsdPythonImport .........................   Passed    3.84 sec
[2022-11-29T23:28:20.579Z]             Start  31: testUsdExportDisplacement
[2022-11-29T23:28:20.579Z]      14/126 Test   #1: testMayaUsdConverter ............................   Passed    3.90 sec
[2022-11-29T23:28:20.579Z]             Start  32: testUsdExportDisplayColor
[2022-11-29T23:28:20.794Z]      15/126 Test  #12: testMayaUsdSchemasPythonImport ..................   Passed    3.98 sec
[2022-11-29T23:28:20.795Z]             Start  33: testUsdExportEulerFilter
[2022-11-29T23:28:20.795Z]      16/126 Test   #2: testMayaUsdCreateStageCommands ..................   Passed    4.09 sec
[2022-11-29T23:28:20.795Z]             Start  34: testUsdExportFileFormat
[2022-11-29T23:28:20.910Z]      17/126 Test   #5: testMayaUsdCacheId ..............................   Passed    4.13 sec
[2022-11-29T23:28:20.910Z]             Start  35: testUsdExportFilterTypes
[2022-11-29T23:28:20.910Z]      18/126 Test   #9: testMayaUsdPlugVersionCheck .....................   Passed    4.19 sec
[2022-11-29T23:28:20.910Z]             Start  36: testUsdExportFrameOffset
[2022-11-29T23:28:21.352Z]      19/126 Test  #13: testMayaUsdSchemasMayaReference .................   Passed    4.55 sec
[2022-11-29T23:28:21.352Z]             Start  37: testUsdExportGeomSubset
[2022-11-29T23:28:21.499Z]      20/126 Test   #4: testMayaUsdLayerEditorCommands ..................   Passed    4.74 sec
[2022-11-29T23:28:21.499Z]             Start  38: testUsdExportInstances
[2022-11-29T23:28:21.925Z]      21/126 Test  #26: testUsdExportBindTransform ......................   Passed    4.63 sec
[2022-11-29T23:28:21.925Z]             Start  39: testUsdExportLayerAttributes
[2022-11-29T23:28:22.143Z]      22/126 Test  #24: testUsdExportAnimation ..........................   Passed    4.90 sec
[2022-11-29T23:28:22.143Z]             Start  40: testUsdExportLight
[2022-11-29T23:28:22.476Z]      23/126 Test  #11: testPxrUsdPreviewSurfaceExport ..................   Passed    5.66 sec
[2022-11-29T23:28:22.476Z]             Start  41: testUsdExportLocator
[2022-11-29T23:28:22.711Z]      24/126 Test  #27: testUsdExportBlendshapes ........................   Passed    5.36 sec
[2022-11-29T23:28:22.711Z]             Start  42: testUsdExportMayaInstancer
[2022-11-29T23:28:22.837Z]      25/126 Test  #28: testUsdExportCamera .............................   Passed    5.45 sec
[2022-11-29T23:28:22.837Z]             Start  43: testUsdExportMesh
[2022-11-29T23:28:22.837Z]      26/126 Test  #25: testUsdExportAsClip .............................   Passed    5.59 sec
[2022-11-29T23:28:22.837Z]             Start  44: testUsdExportNurbsCurve
[2022-11-29T23:28:22.964Z]      27/126 Test  #29: testUsdExportColorSets ..........................   Passed    5.61 sec
[2022-11-29T23:28:22.964Z]             Start  45: testUsdExportOpenLayer
[2022-11-29T23:28:24.839Z]      28/126 Test  #34: testUsdExportFileFormat .........................   Passed    4.03 sec
[2022-11-29T23:28:24.839Z]             Start  46: testUsdExportOverImport
[2022-11-29T23:28:25.007Z]      29/126 Test  #30: testUsdExportConnected ..........................   Passed    4.57 sec
[2022-11-29T23:28:25.007Z]             Start  47: testUsdExportUsdPreviewSurface
[2022-11-29T23:28:25.137Z]      30/126 Test  #32: testUsdExportDisplayColor .......................   Passed    4.51 sec
[2022-11-29T23:28:25.137Z]             Start  48: testUsdExportParentScope
[2022-11-29T23:28:25.357Z]      31/126 Test  #31: testUsdExportDisplacement .......................   Passed    4.82 sec
[2022-11-29T23:28:25.357Z]             Start  49: testUsdExportParticles
[2022-11-29T23:28:25.690Z]      32/126 Test  #37: testUsdExportGeomSubset .........................   Passed    4.32 sec
[2022-11-29T23:28:25.690Z]             Start  50: testUsdExportPref
[2022-11-29T23:28:25.690Z]      33/126 Test  #38: testUsdExportInstances ..........................   Passed    4.27 sec
[2022-11-29T23:28:25.690Z]             Start  51: testUsdExportRenderLayerMode
[2022-11-29T23:28:25.803Z]      34/126 Test  #33: testUsdExportEulerFilter ........................   Passed    5.06 sec
[2022-11-29T23:28:25.803Z]             Start  52: testUsdExportRoots
[2022-11-29T23:28:25.803Z]      35/126 Test  #39: testUsdExportLayerAttributes ....................   Passed    3.93 sec
[2022-11-29T23:28:25.803Z]             Start  53: testUsdExportRootsAndParentScope
[2022-11-29T23:28:25.943Z]      36/126 Test  #36: testUsdExportFrameOffset ........................   Passed    5.02 sec
[2022-11-29T23:28:25.943Z]             Start  54: testUsdExportSelection
[2022-11-29T23:28:26.291Z]      37/126 Test  #40: testUsdExportLight ..............................   Passed    4.13 sec
[2022-11-29T23:28:26.291Z]             Start  55: testUsdExportSelectionHierarchy
[2022-11-29T23:28:26.426Z]      38/126 Test  #35: testUsdExportFilterTypes ........................   Passed    5.50 sec
[2022-11-29T23:28:26.426Z]             Start  56: testUsdExportShadingInstanced
[2022-11-29T23:28:27.093Z]      39/126 Test  #41: testUsdExportLocator ............................   Passed    4.68 sec
[2022-11-29T23:28:27.093Z]             Start  57: testUsdExportShadingModePxrRis
[2022-11-29T23:28:27.209Z]      40/126 Test  #45: testUsdExportOpenLayer ..........................   Passed    4.17 sec
[2022-11-29T23:28:27.209Z]             Start  58: testUsdExportSkeleton
[2022-11-29T23:28:27.210Z]      41/126 Test  #42: testUsdExportMayaInstancer ......................   Passed    4.54 sec
[2022-11-29T23:28:27.210Z]             Start  59: testUsdExportStripNamespaces
[2022-11-29T23:28:27.868Z]      42/126 Test  #44: testUsdExportNurbsCurve .........................   Passed    4.99 sec
[2022-11-29T23:28:27.868Z]             Start  60: testUsdExportStroke
[2022-11-29T23:28:27.868Z]      43/126 Test  #43: testUsdExportMesh ...............................   Passed    5.09 sec
[2022-11-29T23:28:27.868Z]             Start  61: testUsdExportUserTaggedAttributes
[2022-11-29T23:28:29.216Z]      44/126 Test  #46: testUsdExportOverImport .........................   Passed    4.39 sec
[2022-11-29T23:28:29.216Z]             Start  62: testUsdExportVisibilityDefault
[2022-11-29T23:28:29.347Z]      45/126 Test  #47: testUsdExportUsdPreviewSurface ..................   Passed    4.32 sec
[2022-11-29T23:28:29.348Z]             Start  63: testUsdImportAnonymousLayer
[2022-11-29T23:28:29.576Z]      46/126 Test  #51: testUsdExportRenderLayerMode ....................   Passed    3.82 sec
[2022-11-29T23:28:29.577Z]             Start  64: testUsdImportCamera
[2022-11-29T23:28:29.711Z]      47/126 Test  #48: testUsdExportParentScope ........................   Passed    4.55 sec
[2022-11-29T23:28:29.711Z]             Start  65: testUsdImportBasisCurves
[2022-11-29T23:28:29.936Z]      48/126 Test  #49: testUsdExportParticles ..........................   Passed    4.52 sec
[2022-11-29T23:28:29.936Z]             Start  66: testUsdImportBatchNurbsCurves
[2022-11-29T23:28:30.074Z]      49/126 Test  #50: testUsdExportPref ...............................   Passed    4.38 sec
[2022-11-29T23:28:30.074Z]             Start  67: testUsdImportLinearCurves
[2022-11-29T23:28:30.207Z]      50/126 Test  #53: testUsdExportRootsAndParentScope ................   Passed    4.39 sec
[2022-11-29T23:28:30.207Z]             Start  68: testUsdImportNurbsCurves
[2022-11-29T23:28:30.348Z]      51/126 Test  #54: testUsdExportSelection ..........................   Passed    4.37 sec
[2022-11-29T23:28:30.348Z]             Start  69: testUsdImportBatchBezierCurves
[2022-11-29T23:28:30.896Z]      52/126 Test  #56: testUsdExportShadingInstanced ...................   Passed    4.55 sec
[2022-11-29T23:28:30.896Z]             Start  70: testUsdImportColorSets
[2022-11-29T23:28:31.013Z]      53/126 Test  #55: testUsdExportSelectionHierarchy .................   Passed    4.74 sec
[2022-11-29T23:28:31.013Z]             Start  71: testUsdImportDisplacement
[2022-11-29T23:28:31.013Z]      54/126 Test  #59: testUsdExportStripNamespaces ....................   Passed    3.82 sec
[2022-11-29T23:28:31.013Z]             Start  72: testUsdImportExportScope
[2022-11-29T23:28:31.542Z]      55/126 Test  #57: testUsdExportShadingModePxrRis ..................   Passed    4.49 sec
[2022-11-29T23:28:31.542Z]             Start  73: testUsdImportExportTypelessDefs
[2022-11-29T23:28:32.079Z]      56/126 Test  #52: testUsdExportRoots ..............................   Passed    6.26 sec
[2022-11-29T23:28:32.079Z]             Start  74: testUsdImportFrameRange
[2022-11-29T23:28:32.199Z]      57/126 Test  #58: testUsdExportSkeleton ...........................   Passed    5.03 sec
[2022-11-29T23:28:32.199Z]             Start  75: testUsdImportFramerates
[2022-11-29T23:28:32.554Z]      58/126 Test  #60: testUsdExportStroke .............................   Passed    4.74 sec
[2022-11-29T23:28:32.554Z]             Start  76: testUsdImportInstances
[2022-11-29T23:28:32.781Z]      59/126 Test  #61: testUsdExportUserTaggedAttributes ...............   Passed    4.82 sec
[2022-11-29T23:28:32.781Z]             Start  77: testUsdImportLight
[2022-11-29T23:28:33.215Z]      60/126 Test  #63: testUsdImportAnonymousLayer .....................   Passed    3.97 sec
[2022-11-29T23:28:33.215Z]             Start  78: testUsdImportMayaReference
[2022-11-29T23:28:33.536Z]      61/126 Test  #64: testUsdImportCamera .............................   Passed    3.94 sec
[2022-11-29T23:28:33.536Z]             Start  79: testUsdImportMesh
[2022-11-29T23:28:33.779Z]      62/126 Test  #62: testUsdExportVisibilityDefault ..................   Passed    4.49 sec
[2022-11-29T23:28:33.779Z]             Start  80: testUsdImportPreviewSurface
[2022-11-29T23:28:33.779Z]      63/126 Test  #65: testUsdImportBasisCurves ........................   Passed    4.13 sec
[2022-11-29T23:28:33.779Z]             Start  81: testUsdImportSessionLayer
[2022-11-29T23:28:34.031Z]      64/126 Test  #67: testUsdImportLinearCurves .......................   Passed    3.95 sec
[2022-11-29T23:28:34.031Z]             Start  82: testUsdImportShadingModeDisplayColor
[2022-11-29T23:28:34.266Z]      65/126 Test  #66: testUsdImportBatchNurbsCurves ...................   Passed    4.39 sec
[2022-11-29T23:28:34.266Z]             Start  83: testUsdImportShadingModePxrRis
[2022-11-29T23:28:34.409Z]      66/126 Test  #68: testUsdImportNurbsCurves ........................   Passed    4.18 sec
[2022-11-29T23:28:34.409Z]             Start  84: testUsdImportUVSetMappings
[2022-11-29T23:28:34.409Z]      67/126 Test  #69: testUsdImportBatchBezierCurves ..................   Passed    4.11 sec
[2022-11-29T23:28:34.409Z]             Start  85: testUsdImportUSDZTextures
[2022-11-29T23:28:34.951Z]      68/126 Test  #70: testUsdImportColorSets ..........................   Passed    4.02 sec
[2022-11-29T23:28:34.951Z]             Start  86: testUsdExportImportRoundtripPreviewSurface
[2022-11-29T23:28:35.088Z]      69/126 Test  #71: testUsdImportDisplacement .......................   Passed    4.08 sec
[2022-11-29T23:28:35.088Z]             Start  87: testUsdExportImportUDIM
[2022-11-29T23:28:35.243Z]      70/126 Test  #72: testUsdImportExportScope ........................   Passed    4.19 sec
[2022-11-29T23:28:35.243Z]             Start  88: testUsdImportSkeleton
[2022-11-29T23:28:35.782Z]      71/126 Test  #73: testUsdImportExportTypelessDefs .................   Passed    4.13 sec
[2022-11-29T23:28:35.782Z]             Start  89: testUsdImportXforms
[2022-11-29T23:28:36.211Z]      72/126 Test  #74: testUsdImportFrameRange .........................   Passed    4.18 sec
[2022-11-29T23:28:36.211Z]             Start  90: testUsdImportXformAnim
[2022-11-29T23:28:36.532Z]      73/126 Test  #75: testUsdImportFramerates .........................   Passed    4.37 sec
[2022-11-29T23:28:36.532Z]             Start  91: testUsdMayaAdaptor
[2022-11-29T23:28:36.532Z]      74/126 Test  #76: testUsdImportInstances ..........................   Passed    4.02 sec
[2022-11-29T23:28:36.532Z]             Start  92: testUsdMayaAdaptorGeom
[2022-11-29T23:28:36.754Z]      75/126 Test  #77: testUsdImportLight ..............................   Passed    4.00 sec
[2022-11-29T23:28:36.754Z]             Start  93: testUsdMayaAdaptorMetadata
[2022-11-29T23:28:37.600Z]      76/126 Test  #79: testUsdImportMesh ...............................   Passed    4.06 sec
[2022-11-29T23:28:37.600Z]             Start  94: testUsdMayaAdaptorUndoRedo
[2022-11-29T23:28:37.754Z]      77/126 Test  #78: testUsdImportMayaReference ......................   Passed    4.47 sec
[2022-11-29T23:28:37.754Z]             Start  95: testUsdExportUVTransforms
[2022-11-29T23:28:37.875Z]      78/126 Test  #80: testUsdImportPreviewSurface .....................   Passed    4.10 sec
[2022-11-29T23:28:37.875Z]             Start  96: testUsdExportUsdzPackage
[2022-11-29T23:28:37.875Z]      79/126 Test  #82: testUsdImportShadingModeDisplayColor ............   Passed    3.93 sec
[2022-11-29T23:28:37.875Z]             Start  97: testUsdExportRfMShaders
[2022-11-29T23:28:37.875Z]      80/126 Test  #81: testUsdImportSessionLayer .......................   Passed    4.14 sec
[2022-11-29T23:28:37.875Z]             Start  98: testUsdImportRfMShaders
[2022-11-29T23:28:38.306Z]      81/126 Test  #83: testUsdImportShadingModePxrRis ..................   Passed    4.05 sec
[2022-11-29T23:28:38.306Z]             Start  99: testUsdExportUVSets
[2022-11-29T23:28:38.526Z]      82/126 Test  #85: testUsdImportUSDZTextures .......................   Passed    4.07 sec
[2022-11-29T23:28:38.526Z]             Start 100: testUsdExportUVSetsFloat
[2022-11-29T23:28:38.656Z]      83/126 Test  #84: testUsdImportUVSetMappings ......................   Passed    4.22 sec
[2022-11-29T23:28:38.656Z]             Start 101: testUsdExportUVSetMappings
[2022-11-29T23:28:39.413Z]      84/126 Test  #88: testUsdImportSkeleton ...........................   Passed    4.12 sec
[2022-11-29T23:28:39.413Z]             Start 102: testUsdImportUVSets
[2022-11-29T23:28:39.525Z]      85/126 Test  #86: testUsdExportImportRoundtripPreviewSurface ......   Passed    4.61 sec
[2022-11-29T23:28:39.525Z]             Start 103: testUsdImportUVSetsFloat
[2022-11-29T23:28:39.525Z]      86/126 Test  #87: testUsdExportImportUDIM .........................   Passed    4.51 sec
[2022-11-29T23:28:39.525Z]             Start 104: testUsdImportChaser
[2022-11-29T23:28:40.283Z]      87/126 Test  #90: testUsdImportXformAnim ..........................   Passed    3.98 sec
[2022-11-29T23:28:40.283Z]             Start 105: testUsdMayaListShadingModesCommand
[2022-11-29T23:28:40.718Z]      88/126 Test  #91: testUsdMayaAdaptor ..............................   Passed    4.15 sec
[2022-11-29T23:28:40.718Z]             Start 106: testUsdImportExportSiteSpecificConfig
[2022-11-29T23:28:40.718Z]      89/126 Test  #92: testUsdMayaAdaptorGeom ..........................   Passed    4.17 sec
[2022-11-29T23:28:40.718Z]             Start 107: testUsdExportAssembly
[2022-11-29T23:28:41.074Z]      90/126 Test  #93: testUsdMayaAdaptorMetadata ......................   Passed    4.36 sec
[2022-11-29T23:28:41.074Z]             Start 108: testUsdExportAssemblyEdits
[2022-11-29T23:28:41.625Z]      91/126 Test  #94: testUsdMayaAdaptorUndoRedo ......................   Passed    4.02 sec
[2022-11-29T23:28:41.625Z]             Start 109: testUsdExportPackage
[2022-11-29T23:28:41.852Z]      92/126 Test  #98: testUsdImportRfMShaders .........................   Passed    3.94 sec
[2022-11-29T23:28:41.852Z]             Start 110: testUsdExportPointInstancer
[2022-11-29T23:28:42.091Z]      93/126 Test  #96: testUsdExportUsdzPackage ........................   Passed    4.28 sec
[2022-11-29T23:28:42.091Z]             Start 111: testUsdImportAsAssemblies
[2022-11-29T23:28:42.222Z]      94/126 Test  #97: testUsdExportRfMShaders .........................   Passed    4.26 sec
[2022-11-29T23:28:42.222Z]             Start 112: testUsdImportNestedAssemblyAnimation
[2022-11-29T23:28:42.450Z]      95/126 Test  #95: testUsdExportUVTransforms .......................   Passed    4.75 sec
[2022-11-29T23:28:42.450Z]             Start 113: testUsdMayaGetVariantSetSelections
[2022-11-29T23:28:42.748Z]      96/126 Test #100: testUsdExportUVSetsFloat ........................   Passed    4.23 sec
[2022-11-29T23:28:42.748Z]             Start 114: testUsdMayaModelKindProcessor
[2022-11-29T23:28:42.885Z]      97/126 Test #109: testUsdExportPackage ............................***Failed    1.22 sec
[2022-11-29T23:28:42.885Z]     Traceback (most recent call last):
[2022-11-29T23:28:42.885Z]       File "W:/install/RelWithDebInfo/MayaUSD/plugin/pxr/tests/testUsdExportPackage", line 27, in <module>
[2022-11-29T23:28:42.885Z]         class testUsdExportPackage(unittest.TestCase):
[2022-11-29T23:28:42.885Z]       File "W:/install/RelWithDebInfo/MayaUSD/plugin/pxr/tests/testUsdExportPackage", line 37, in testUsdExportPackage
[2022-11-29T23:28:42.885Z]         cls.assertNotRegex = cls.assertNotRegexpMatches
[2022-11-29T23:28:42.885Z]     NameError: name 'cls' is not defined
[2022-11-29T23:28:42.885Z]     Error: return code 1 doesn't match expected 0 (EXPECTED_RETURN_CODE).chdir: w:\build\relwithdebinfo\test\temporary\testusdexportpackage\tmpgxqew7
[2022-11-29T23:28:42.885Z]     copying testenv dir: W:/install/RelWithDebInfo/MayaUSD/plugin/pxr/tests/ctest/testUsdExportPackage
[2022-11-29T23:28:42.885Z]     cmd: ['P:/shared/Artifactory/Windows/rundev-2019/202003131251/runtime/155eb96/runTime/bin/mayapy.exe', 'W:/install/RelWithDebInfo/MayaUSD/plugin/pxr/tests/testUsdExportPackage']
[2022-11-29T23:28:42.885Z]     
[2022-11-29T23:28:42.885Z]             Start 115: testUsdMayaReferenceAssemblyEdits
[2022-11-29T23:28:43.105Z]      98/126 Test  #99: testUsdExportUVSets .............................   Passed    4.76 sec
[2022-11-29T23:28:43.105Z]             Start 116: testUsdReferenceAssemblyChangeRepresentations
[2022-11-29T23:28:43.105Z]      99/126 Test #101: testUsdExportUVSetMappings ......................   Passed    4.50 sec
[2022-11-29T23:28:43.105Z]             Start 117: testPxrUsdAlembicChaser
[2022-11-29T23:28:43.556Z]     100/126 Test #102: testUsdImportUVSets .............................   Passed    4.16 sec
[2022-11-29T23:28:43.556Z]             Start 118: AL_MayaUtilsTests
[2022-11-29T23:28:43.556Z]     101/126 Test #103: testUsdImportUVSetsFloat ........................   Passed    4.06 sec
[2022-11-29T23:28:43.556Z]             Start 119: GTest:AL_USDTransactionTests
[2022-11-29T23:28:43.828Z]     102/126 Test #104: testUsdImportChaser .............................   Passed    4.21 sec
[2022-11-29T23:28:43.828Z]             Start 120: Python:AL_USDTransactionTests
[2022-11-29T23:28:43.828Z]     103/126 Test #119: GTest:AL_USDTransactionTests ....................   Passed    0.20 sec
[2022-11-29T23:28:43.828Z]             Start 121: AL_USDMayaTestPlugin
[2022-11-29T23:28:44.481Z]     104/126 Test #105: testUsdMayaListShadingModesCommand ..............   Passed    4.30 sec
[2022-11-29T23:28:44.481Z]             Start 122: TestALUSDMayaPython_ProxyShape
[2022-11-29T23:28:44.612Z]     105/126 Test #120: Python:AL_USDTransactionTests ...................   Passed    0.81 sec
[2022-11-29T23:28:44.612Z]             Start 123: TestALUSDMayaPython_Translators
[2022-11-29T23:28:44.612Z]     106/126 Test #106: testUsdImportExportSiteSpecificConfig ...........   Passed    3.93 sec
[2022-11-29T23:28:44.612Z]             Start 124: TestALUSDMayaPython_LayerManager
[2022-11-29T23:28:45.766Z]     107/126 Test #107: testUsdExportAssembly ...........................   Passed    5.00 sec
[2022-11-29T23:28:45.766Z]             Start 125: TestALUSDMayaPython_ImportModule
[2022-11-29T23:28:45.985Z]     108/126 Test #108: testUsdExportAssemblyEdits ......................   Passed    4.85 sec
[2022-11-29T23:28:45.985Z]             Start 126: testMayaSchemas
[2022-11-29T23:28:46.107Z]     109/126 Test #126: testMayaSchemas .................................   Passed    0.20 sec
[2022-11-29T23:28:46.108Z]             Start 127: TestAdditionalTranslators
[2022-11-29T23:28:46.366Z]     110/126 Test #111: testUsdImportAsAssemblies .......................   Passed    4.31 sec
[2022-11-29T23:28:46.366Z]             Start 128: TestPxrUsdTranslators
[2022-11-29T23:28:46.485Z]     111/126 Test #112: testUsdImportNestedAssemblyAnimation ............   Passed    4.29 sec
[2022-11-29T23:28:46.705Z]     112/126 Test #125: TestALUSDMayaPython_ImportModule ................   Passed    0.99 sec
[2022-11-29T23:28:46.817Z]     113/126 Test #113: testUsdMayaGetVariantSetSelections ..............   Passed    4.35 sec
[2022-11-29T23:28:46.932Z]     114/126 Test #115: testUsdMayaReferenceAssemblyEdits ...............   Passed    4.07 sec
[2022-11-29T23:28:46.932Z]     115/126 Test #118: AL_MayaUtilsTests ...............................   Passed    3.37 sec
[2022-11-29T23:28:47.764Z]     116/126 Test #117: testPxrUsdAlembicChaser .........................   Passed    4.61 sec
[2022-11-29T23:28:47.764Z]     117/126 Test #116: testUsdReferenceAssemblyChangeRepresentations ...   Passed    4.66 sec
[2022-11-29T23:28:47.980Z]     118/126 Test #114: testUsdMayaModelKindProcessor ...................   Passed    5.22 sec
[2022-11-29T23:28:48.202Z]     119/126 Test #122: TestALUSDMayaPython_ProxyShape ..................   Passed    3.70 sec
[2022-11-29T23:28:48.618Z]     120/126 Test #124: TestALUSDMayaPython_LayerManager ................   Passed    4.00 sec
[2022-11-29T23:28:48.831Z]     121/126 Test #123: TestALUSDMayaPython_Translators .................   Passed    4.25 sec
[2022-11-29T23:28:50.159Z]     122/126 Test #128: TestPxrUsdTranslators ...........................   Passed    3.72 sec
[2022-11-29T23:28:51.487Z]     123/126 Test #127: TestAdditionalTranslators .......................   Passed    5.34 sec
[2022-11-29T23:29:03.960Z]     124/126 Test #121: AL_USDMayaTestPlugin ............................   Passed   20.10 sec
[2022-11-29T23:29:09.950Z]     125/126 Test #110: testUsdExportPointInstancer .....................   Passed   28.03 sec
[2022-11-29T23:29:48.073Z]     126/126 Test  #89: testUsdImportXforms .............................   Passed   72.37 sec
[2022-11-29T23:29:48.073Z]     
[2022-11-29T23:29:48.073Z]     99% tests passed, 1 tests failed out of 125
[2022-11-29T23:29:48.073Z]     
[2022-11-29T23:29:48.073Z]     Label Time Summary:
[2022-11-29T23:29:48.073Z]     Debugging            =   0.00 sec*proc (1 test)
[2022-11-29T23:29:48.073Z]     MayaUsd              =  24.89 sec*proc (6 tests)
[2022-11-29T23:29:48.073Z]     translators          = 435.24 sec*proc (83 tests)
[2022-11-29T23:29:48.073Z]     usdPreviewSurface    =   9.31 sec*proc (2 tests)
[2022-11-29T23:29:48.073Z]     
[2022-11-29T23:29:48.073Z]     Total Test time (real) =  92.18 sec
[2022-11-29T23:29:48.073Z]     
[2022-11-29T23:29:48.073Z]     The following tests did not run:
[2022-11-29T23:29:48.073Z]     	  8 - _Interactive_Maya (Disabled)
[2022-11-29T23:29:48.073Z]     
[2022-11-29T23:29:48.073Z]     The following tests FAILED:
[2022-11-29T23:29:48.073Z]     	109 - testUsdExportPackage (Failed)
[2022-11-29T23:29:48.073Z]     Errors while running CTest
[2022-11-29T23:29:48.073Z]     
[2022-11-29T23:29:48.073Z]         Building with settings:
[2022-11-29T23:29:48.073Z]           Source directory          S:\jenkins\workspace\ECP\ecg-maya-usd\ecg-mayausd-branch-preflight-2019-no-ufe-windows\ecg-maya-usd\maya-usd
[2022-11-29T23:29:48.073Z]           Workspace directory       W:\
[2022-11-29T23:29:48.073Z]           Build directory           W:\build\RelWithDebInfo
[2022-11-29T23:29:48.073Z]           Install directory         W:\install\RelWithDebInfo\MayaUSD
[2022-11-29T23:29:48.073Z]           Variant                   RelWithDebInfo
[2022-11-29T23:29:48.073Z]           Python Debug              Off
[2022-11-29T23:29:48.073Z]           CMake generator           Ninja
[2022-11-29T23:29:48.073Z]           Build arguments           ['-DCMAKE_MAKE_PROGRAM=P:/shared/Artifactory/Windows/ninja/1.9.0/c68f192/ninja.exe', '-DPYTHON_INCLUDE_DIR=P:/shared/Artifactory/Windows/rundev-2019/202003131251/runtime/155eb96/runTime/include/Python2.7', '-DPython_EXECUTABLE=P:/shared/Artifactory/Windows/rundev-2019/202003131251/runtime/155eb96/runTime/bin/mayapy.exe', '-DPYTHON_LIBRARIES=P:/shared/Artifactory/Windows/rundev-2019/202003131251/runtime/155eb96/runTime/lib/python27.lib', '-DCMAKE_WANT_UFE_BUILD=OFF', '-DUSD_LIB_PREFIX=', '-DCMAKE_WANT_MATERIALX_BUILD=ON', '-DCMAKE_PREFIX_PATH=P:\\shared\\Artifactory\\Windows\\USD\\cfb3d8a']
[2022-11-29T23:29:48.074Z]           Stages arguments          ['test']
[2022-11-29T23:29:48.074Z]           CTest arguments           ['-E testUsdReferenceAssemblySelection|testUsdMayaAppDir', '-LE interactive', '--parallel 16']
[2022-11-29T23:29:48.074Z]     #####################################################################################
[2022-11-29T23:29:48.074Z]     log date: 2022-11-29 15:28
[2022-11-29T23:29:48.074Z]     commit sha: 871aefe1b71833d65ebb2ac305ffedf0d7883e00
[2022-11-29T23:29:48.074Z]     commit date: Tue Nov 29 15:22:22 2022 -0800
[2022-11-29T23:29:48.074Z]     #####################################################################################
[2022-11-29T23:29:48.074Z]     
[2022-11-29T23:29:48.074Z]     cmake --build . --config RelWithDebInfo --target install -- -j16
[2022-11-29T23:29:48.074Z]     #####################################################################################
[2022-11-29T23:29:48.074Z]     log date: 2022-11-29 15:28
[2022-11-29T23:29:48.074Z]     commit sha: 871aefe1b71833d65ebb2ac305ffedf0d7883e00
[2022-11-29T23:29:48.074Z]     commit date: Tue Nov 29 15:22:22 2022 -0800
[2022-11-29T23:29:48.074Z]     #####################################################################################
[2022-11-29T23:29:48.074Z]     
[2022-11-29T23:29:48.074Z]     ctest --output-on-failure --timeout 500 -C RelWithDebInfo -E testUsdReferenceAssemblySelection|testUsdMayaAppDir -LE interactive --parallel 16
[2022-11-29T23:29:48.074Z]     
[2022-11-29T23:29:48.074Z]     Traceback (most recent call last):
[2022-11-29T23:29:48.074Z]       File "S:\jenkins\workspace\ECP\ecg-maya-usd\ecg-mayausd-branch-preflight-2019-no-ufe-windows\ecg-maya-usd\maya-usd\build.py", line 628, in <module>
[2022-11-29T23:29:48.074Z]         RunTests(context, context.ctestArgs)
[2022-11-29T23:29:48.074Z]       File "S:\jenkins\workspace\ECP\ecg-maya-usd\ecg-mayausd-branch-preflight-2019-no-ufe-windows\ecg-maya-usd\maya-usd\build.py", line 411, in RunTests
[2022-11-29T23:29:48.074Z]         RunCTest(context,extraArgs)
[2022-11-29T23:29:48.074Z]       File "S:\jenkins\workspace\ECP\ecg-maya-usd\ecg-mayausd-branch-preflight-2019-no-ufe-windows\ecg-maya-usd\maya-usd\build.py", line 322, in RunCTest
[2022-11-29T23:29:48.074Z]         extraArgs=(" ".join(extraArgs) if extraArgs else "")))
[2022-11-29T23:29:48.074Z]       File "S:\jenkins\workspace\ECP\ecg-maya-usd\ecg-mayausd-branch-preflight-2019-no-ufe-windows\ecg-maya-usd\maya-usd\build.py", line 179, in Run
[2022-11-29T23:29:48.074Z]         .format(cmd=cmd, log=os.path.abspath(context.logFileLocation)))
[2022-11-29T23:29:48.074Z]     RuntimeError: Failed to run 'ctest --output-on-failure --timeout 500 -C RelWithDebInfo -E testUsdReferenceAssemblySelection|testUsdMayaAppDir -LE interactive --parallel 16 '
[2022-11-29T23:29:48.074Z]     See W:\build\RelWithDebInfo\build_log.txt for more details.
[2022-11-29T23:29:48.074Z] build.py: error: Command failed with error code: 1
[Pipeline] bat
[2022-11-29T23:29:49.253Z] Deleting alias drive W:
[Pipeline] bat
[2022-11-29T23:29:49.664Z] Deleting alias drive P:
[Pipeline] }
[Pipeline] // withEnv
[Pipeline] }
[Pipeline] // timeout
[Pipeline] }
[Pipeline] // stage
[Pipeline] }
[Pipeline] // timestamps
[Pipeline] emailextrecipients
Not sending mail to unregistered user ecg.jenkins@autodesk.com because your SCM claimed this was associated with a user ID ecg.jenkins' which your security realm does not recognize; you may need changes in your SCM plugin
Not sending mail to unregistered user ecg.jenkins@autodesk.com because your SCM claimed this was associated with a user ID ecg.jenkins' which your security realm does not recognize; you may need changes in your SCM plugin
[Pipeline] echo
No recipients to send notification.
[Pipeline] }
[Pipeline] // node
[Pipeline] End of Pipeline
ERROR: script returned exit code 1
[Checks API] No suitable checks publisher found.
Finished: FAILURE
