[2022-12-28T16:33:31.838Z] ================================================================================
[2022-12-28T16:33:31.838Z]                              setup (RelWithDebInfo)
[2022-12-28T16:33:31.838Z] ================================================================================
[Pipeline] bat
[2022-12-28T16:33:32.245Z] Deleting alias drive W:
[Pipeline] bat
[2022-12-28T16:33:32.794Z] Deleting alias drive P:
[Pipeline] }
[Pipeline] // withEnv
[Pipeline] }
[Pipeline] // timeout
[Pipeline] }
[Pipeline] // stage
[Pipeline] }
[Pipeline] // timestamps
[Pipeline] timestamps
[Pipeline] {
[Pipeline] stage
[Pipeline] { (Clean)
[Pipeline] timeout
[2022-12-28T16:33:32.875Z] Timeout set to expire in 6 hr 0 min
[Pipeline] {
[Pipeline] withEnv
[Pipeline] {
[Pipeline] bat
[2022-12-28T16:33:33.327Z] Creating alias drive P: to S:\jenkins\workspace
[Pipeline] bat
[2022-12-28T16:33:33.537Z] Creating alias drive W: to S:\jenkins\workspace\ECP\ecg-maya-usd\ecg-mayausd-branch-preflight-2019-no-ufe-windows
[Pipeline] bat
[2022-12-28T16:33:34.002Z] "C:\Program Files (x86)\Microsoft Visual Studio\2017\Professional\VC\Auxiliary\Build\vcvarsall.bat" x64
[2022-12-28T16:33:34.205Z] **********************************************************************
[2022-12-28T16:33:34.205Z] ** Visual Studio 2017 Developer Command Prompt v15.9.15
[2022-12-28T16:33:34.205Z] ** Copyright (c) 2017 Microsoft Corporation
[2022-12-28T16:33:34.205Z] **********************************************************************
[2022-12-28T16:33:35.020Z] [vcvarsall.bat] Environment initialized for: 'x64'
[2022-12-28T16:33:35.020Z] python ecg-maya-usd/build.py --stages=clean --workspace-dir=W:\ --artifactory-dir=P:\shared\Artifactory --build-dir=W:\build --install-dir=W:\install --signing-dir=W:\signing --package-dir=W:\package --output-dir=W:\output --stash-dir=W:\stash --jenkins-build=557 --git-commit=1ed4d6d30b65a887c65870aa20e579486cb95da0 --git-branch=master --variants=RelWithDebInfo --python=2.7 --ufe=false --pxrusd-version=0.21.05-gold --post-zips=false --maya-cut-config=maya-rundev-2019.yaml --maya-package=rundev-2019 --stage-banner
[2022-12-28T16:33:35.736Z] Using Maya cut from P:\shared\Artifactory\Windows\rundev-2019\202003131251\runtime\155eb96
[2022-12-28T16:33:35.843Z] 
[2022-12-28T16:33:35.843Z] ================================================================================
[2022-12-28T16:33:35.843Z]                              clean (RelWithDebInfo)
[2022-12-28T16:33:35.843Z] ================================================================================
[2022-12-28T16:33:35.843Z] Maya Python RelWithDebInfo Info:
[2022-12-28T16:33:35.843Z]   mayapy executable   = P:\shared\Artifactory\Windows\rundev-2019\202003131251\runtime\155eb96\runTime\bin\mayapy.exe
[2022-12-28T16:33:35.843Z]   Include Folder      = P:\shared\Artifactory\Windows\rundev-2019\202003131251\runtime\155eb96\runTime\include\Python2.7
[2022-12-28T16:33:35.843Z]   Library             = P:\shared\Artifactory\Windows\rundev-2019\202003131251\runtime\155eb96\runTime\lib\python27.lib
[2022-12-28T16:33:35.843Z]   site-package Folder = P:\shared\Artifactory\Windows\rundev-2019\202003131251\runtime\155eb96\runTime\Python\Lib\site-packages
[2022-12-28T16:33:39.092Z] In workdir: S:\jenkins\workspace\ECP\ecg-maya-usd\ecg-mayausd-branch-preflight-2019-no-ufe-windows\ecg-maya-usd\maya-usd
[2022-12-28T16:33:39.092Z] Executing: 'P:\\shared\\Artifactory\\Windows\\rundev-2019\\202003131251\\runtime\\155eb96\\runTime\\bin\\mayapy.exe' 'S:\\jenkins\\workspace\\ECP\\ecg-maya-usd\\ecg-mayausd-branch-preflight-2019-no-ufe-windows\\ecg-maya-usd\\maya-usd\\build.py' --generator Ninja --build-relwithdebug --maya-location 'P:\\shared\\Artifactory\\Windows\\rundev-2019\\202003131251\\runtime\\155eb96\\runTime' --devkit-location 'P:\\shared\\Artifactory\\Windows\\rundev-2019\\202003131251\\runtime\\155eb96\\devkitBase' --pxrusd-location 'P:\\shared\\Artifactory\\Windows\\USD\\cfb3d8a' --qt-location 'P:\\shared\\Artifactory\\Windows\\qt\\5.6.1\\1acd0ba' '--build-args=-DCMAKE_MAKE_PROGRAM=P:/shared/Artifactory/Windows/ninja/1.9.0/c68f192/ninja.exe,-DPYTHON_INCLUDE_DIR=P:/shared/Artifactory/Windows/rundev-2019/202003131251/runtime/155eb96/runTime/include/Python2.7,-DPython_EXECUTABLE=P:/shared/Artifactory/Windows/rundev-2019/202003131251/runtime/155eb96/runTime/bin/mayapy.exe,-DPYTHON_LIBRARIES=P:/shared/Artifactory/Windows/rundev-2019/202003131251/runtime/155eb96/runTime/lib/python27.lib,-DCMAKE_WANT_UFE_BUILD=OFF,-DUSD_LIB_PREFIX=,-DCMAKE_WANT_MATERIALX_BUILD=ON,-DCMAKE_PREFIX_PATH=P:\\shared\\Artifactory\\Windows\\USD\\cfb3d8a' '--ctest-args=-E testUsdReferenceAssemblySelection|testUsdMayaAppDir,-LE interactive,--parallel 16' --stages=clean --redirect-outstream-file=False --install-location 'W:\\install\\RelWithDebInfo\\MayaUSD' 'W:\\'
[2022-12-28T16:33:39.092Z] Modified environment variables:
[2022-12-28T16:33:39.092Z]     PATH=P:\shared\Artifactory\Windows\cmake\3.20.3\afe857a\bin;C:\Python27\lib\site-packages\pywin32_system32;C:\Program Files (x86)\Microsoft Visual Studio\2017\Professional\VC\Tools\MSVC\14.16.27023\bin\HostX64\x64;C:\Program Files (x86)\Microsoft Visual Studio\2017\Professional\Common7\IDE\VC\VCPackages;C:\Program Files (x86)\Microsoft Visual Studio\2017\Professional\Common7\IDE\CommonExtensions\Microsoft\TestWindow;C:\Program Files (x86)\Microsoft Visual Studio\2017\Professional\Common7\IDE\CommonExtensions\Microsoft\TeamFoundation\Team Explorer;C:\Program Files (x86)\Microsoft Visual Studio\2017\Professional\MSBuild\15.0\bin\Roslyn;C:\Program Files (x86)\Microsoft Visual Studio\2017\Professional\Team Tools\Performance Tools\x64;C:\Program Files (x86)\Microsoft Visual Studio\2017\Professional\Team Tools\Performance Tools;C:\Program Files (x86)\Microsoft Visual Studio\Shared\Common\VSPerfCollectionTools\\x64;C:\Program Files (x86)\Microsoft Visual Studio\Shared\Common\VSPerfCollectionTools\;C:\Program Files (x86)\Microsoft SDKs\Windows\v10.0A\bin\NETFX 4.6.1 Tools\x64\;C:\Program Files (x86)\HTML Help Workshop;C:\Program Files (x86)\Windows Kits\10\bin\10.0.18362.0\x64;C:\Program Files (x86)\Windows Kits\10\bin\x64;C:\Program Files (x86)\Microsoft Visual Studio\2017\Professional\\MSBuild\15.0\bin;C:\WINDOWS\Microsoft.NET\Framework64\v4.0.30319;C:\Program Files (x86)\Microsoft Visual Studio\2017\Professional\Common7\IDE\;C:\Program Files (x86)\Microsoft Visual Studio\2017\Professional\Common7\Tools\;C:\Python27\;C:\Python27\Scripts;C:\WINDOWS\system32;C:\WINDOWS;C:\WINDOWS\System32\Wbem;C:\WINDOWS\System32\WindowsPowerShell\v1.0\;C:\WINDOWS\System32\OpenSSH\;C:\ProgramData\chocolatey\bin;C:\Program Files (x86)\WiX Toolset v3.7\bin;C:\Program Files\dotnet\;C:\Program Files (x86)\Windows Kits\10\bin\10.0.18362.0\x64;C:\Program Files\Zulu\zulu-11\bin\;C:\Program Files (x86)\Windows Kits\10\bin\10.0.17763.0\x64;C:\Program Files (x86)\Windows Kits\10\bin\x64;C:\Program Files\Git\cmd;C:\Program Files\Git\usr\bin;C:\Program Files\Git\mingw64\bin;C:\Program Files\Git\bin;C:\Python38\;C:\Python38\Scripts;C:\StoreBoxClientWindows;C:\Program Files\Electric Cloud\ElectricCommander\bin;C:\Program Files\WinRAR;C:\Program Files\7-Zip;C:\Users\Administrator\AppData\Local\Microsoft\WindowsApps;C:\Program Files (x86)\Microsoft Visual Studio\2017\Professional\Common7\IDE\CommonExtensions\Microsoft\CMake\CMake\bin;C:\Program Files (x86)\Microsoft Visual Studio\2017\Professional\Common7\IDE\CommonExtensions\Microsoft\CMake\Ninja
[2022-12-28T16:33:39.294Z]     
[2022-12-28T16:33:39.294Z]         Building with settings:
[2022-12-28T16:33:39.294Z]           Source directory          S:\jenkins\workspace\ECP\ecg-maya-usd\ecg-mayausd-branch-preflight-2019-no-ufe-windows\ecg-maya-usd\maya-usd
[2022-12-28T16:33:39.294Z]           Workspace directory       W:\
[2022-12-28T16:33:39.294Z]           Build directory           W:\build\RelWithDebInfo
[2022-12-28T16:33:39.294Z]           Install directory         W:\install\RelWithDebInfo\MayaUSD
[2022-12-28T16:33:39.294Z]           Variant                   RelWithDebInfo
[2022-12-28T16:33:39.294Z]           Python Debug              Off
[2022-12-28T16:33:39.294Z]           CMake generator           Ninja
[2022-12-28T16:33:39.294Z]           Build arguments           ['-DCMAKE_MAKE_PROGRAM=P:/shared/Artifactory/Windows/ninja/1.9.0/c68f192/ninja.exe', '-DPYTHON_INCLUDE_DIR=P:/shared/Artifactory/Windows/rundev-2019/202003131251/runtime/155eb96/runTime/include/Python2.7', '-DPython_EXECUTABLE=P:/shared/Artifactory/Windows/rundev-2019/202003131251/runtime/155eb96/runTime/bin/mayapy.exe', '-DPYTHON_LIBRARIES=P:/shared/Artifactory/Windows/rundev-2019/202003131251/runtime/155eb96/runTime/lib/python27.lib', '-DCMAKE_WANT_UFE_BUILD=OFF', '-DUSD_LIB_PREFIX=', '-DCMAKE_WANT_MATERIALX_BUILD=ON', '-DCMAKE_PREFIX_PATH=P:\\shared\\Artifactory\\Windows\\USD\\cfb3d8a']
[2022-12-28T16:33:39.294Z]           Stages arguments          ['clean']
[2022-12-28T16:33:39.294Z]           CTest arguments           ['-E testUsdReferenceAssemblySelection|testUsdMayaAppDir', '-LE interactive', '--parallel 16']
[2022-12-28T16:33:39.294Z]     Success MayaUSD build and install !!!!
[2022-12-28T16:33:39.294Z]     Elapsed time: 00:00:00
[Pipeline] bat
[2022-12-28T16:33:39.598Z] Deleting alias drive W:
[Pipeline] bat
[2022-12-28T16:33:39.901Z] Deleting alias drive P:
[Pipeline] }
[Pipeline] // withEnv
[Pipeline] }
[Pipeline] // timeout
[Pipeline] }
[Pipeline] // stage
[Pipeline] }
[Pipeline] // timestamps
[Pipeline] timestamps
[Pipeline] {
[Pipeline] stage
[Pipeline] { (Configure)
[Pipeline] timeout
[2022-12-28T16:33:40.170Z] Timeout set to expire in 6 hr 0 min
[Pipeline] {
[Pipeline] withEnv
[Pipeline] {
[Pipeline] bat
[2022-12-28T16:33:40.632Z] Creating alias drive P: to S:\jenkins\workspace
[Pipeline] bat
[2022-12-28T16:33:40.957Z] Creating alias drive W: to S:\jenkins\workspace\ECP\ecg-maya-usd\ecg-mayausd-branch-preflight-2019-no-ufe-windows
[Pipeline] bat
[2022-12-28T16:33:41.332Z] "C:\Program Files (x86)\Microsoft Visual Studio\2017\Professional\VC\Auxiliary\Build\vcvarsall.bat" x64
[2022-12-28T16:33:41.537Z] **********************************************************************
[2022-12-28T16:33:41.537Z] ** Visual Studio 2017 Developer Command Prompt v15.9.15
[2022-12-28T16:33:41.537Z] ** Copyright (c) 2017 Microsoft Corporation
[2022-12-28T16:33:41.537Z] **********************************************************************
[2022-12-28T16:33:42.354Z] [vcvarsall.bat] Environment initialized for: 'x64'
[2022-12-28T16:33:42.354Z] python ecg-maya-usd/build.py --stages=configure --workspace-dir=W:\ --artifactory-dir=P:\shared\Artifactory --build-dir=W:\build --install-dir=W:\install --signing-dir=W:\signing --package-dir=W:\package --output-dir=W:\output --stash-dir=W:\stash --jenkins-build=557 --git-commit=1ed4d6d30b65a887c65870aa20e579486cb95da0 --git-branch=master --variants=RelWithDebInfo --python=2.7 --ufe=false --pxrusd-version=0.21.05-gold --post-zips=false --maya-cut-config=maya-rundev-2019.yaml --maya-package=rundev-2019 --stage-banner
[2022-12-28T16:33:43.170Z] Using Maya cut from P:\shared\Artifactory\Windows\rundev-2019\202003131251\runtime\155eb96
[2022-12-28T16:33:43.170Z] 
[2022-12-28T16:33:43.170Z] ================================================================================
[2022-12-28T16:33:43.170Z]                            configure (RelWithDebInfo)
[2022-12-28T16:33:43.170Z] ================================================================================
[2022-12-28T16:33:43.170Z] Maya Python RelWithDebInfo Info:
[2022-12-28T16:33:43.170Z]   mayapy executable   = P:\shared\Artifactory\Windows\rundev-2019\202003131251\runtime\155eb96\runTime\bin\mayapy.exe
[2022-12-28T16:33:43.170Z]   Include Folder      = P:\shared\Artifactory\Windows\rundev-2019\202003131251\runtime\155eb96\runTime\include\Python2.7
[2022-12-28T16:33:43.170Z]   Library             = P:\shared\Artifactory\Windows\rundev-2019\202003131251\runtime\155eb96\runTime\lib\python27.lib
[2022-12-28T16:33:43.170Z]   site-package Folder = P:\shared\Artifactory\Windows\rundev-2019\202003131251\runtime\155eb96\runTime\Python\Lib\site-packages
[2022-12-28T16:33:43.990Z] In workdir: S:\jenkins\workspace\ECP\ecg-maya-usd\ecg-mayausd-branch-preflight-2019-no-ufe-windows\ecg-maya-usd\maya-usd
[2022-12-28T16:33:43.990Z] Executing: 'P:\\shared\\Artifactory\\Windows\\rundev-2019\\202003131251\\runtime\\155eb96\\runTime\\bin\\mayapy.exe' 'S:\\jenkins\\workspace\\ECP\\ecg-maya-usd\\ecg-mayausd-branch-preflight-2019-no-ufe-windows\\ecg-maya-usd\\maya-usd\\build.py' --generator Ninja --build-relwithdebug --maya-location 'P:\\shared\\Artifactory\\Windows\\rundev-2019\\202003131251\\runtime\\155eb96\\runTime' --devkit-location 'P:\\shared\\Artifactory\\Windows\\rundev-2019\\202003131251\\runtime\\155eb96\\devkitBase' --pxrusd-location 'P:\\shared\\Artifactory\\Windows\\USD\\cfb3d8a' --qt-location 'P:\\shared\\Artifactory\\Windows\\qt\\5.6.1\\1acd0ba' '--build-args=-DCMAKE_MAKE_PROGRAM=P:/shared/Artifactory/Windows/ninja/1.9.0/c68f192/ninja.exe,-DPYTHON_INCLUDE_DIR=P:/shared/Artifactory/Windows/rundev-2019/202003131251/runtime/155eb96/runTime/include/Python2.7,-DPython_EXECUTABLE=P:/shared/Artifactory/Windows/rundev-2019/202003131251/runtime/155eb96/runTime/bin/mayapy.exe,-DPYTHON_LIBRARIES=P:/shared/Artifactory/Windows/rundev-2019/202003131251/runtime/155eb96/runTime/lib/python27.lib,-DCMAKE_WANT_UFE_BUILD=OFF,-DUSD_LIB_PREFIX=,-DCMAKE_WANT_MATERIALX_BUILD=ON,-DCMAKE_PREFIX_PATH=P:\\shared\\Artifactory\\Windows\\USD\\cfb3d8a' '--ctest-args=-E testUsdReferenceAssemblySelection|testUsdMayaAppDir,-LE interactive,--parallel 16' --stages=configure --redirect-outstream-file=False --install-location 'W:\\install\\RelWithDebInfo\\MayaUSD' 'W:\\'
[2022-12-28T16:33:43.990Z] Modified environment variables:
[2022-12-28T16:33:43.990Z]     PATH=P:\shared\Artifactory\Windows\cmake\3.20.3\afe857a\bin;C:\Python27\lib\site-packages\pywin32_system32;C:\Program Files (x86)\Microsoft Visual Studio\2017\Professional\VC\Tools\MSVC\14.16.27023\bin\HostX64\x64;C:\Program Files (x86)\Microsoft Visual Studio\2017\Professional\Common7\IDE\VC\VCPackages;C:\Program Files (x86)\Microsoft Visual Studio\2017\Professional\Common7\IDE\CommonExtensions\Microsoft\TestWindow;C:\Program Files (x86)\Microsoft Visual Studio\2017\Professional\Common7\IDE\CommonExtensions\Microsoft\TeamFoundation\Team Explorer;C:\Program Files (x86)\Microsoft Visual Studio\2017\Professional\MSBuild\15.0\bin\Roslyn;C:\Program Files (x86)\Microsoft Visual Studio\2017\Professional\Team Tools\Performance Tools\x64;C:\Program Files (x86)\Microsoft Visual Studio\2017\Professional\Team Tools\Performance Tools;C:\Program Files (x86)\Microsoft Visual Studio\Shared\Common\VSPerfCollectionTools\\x64;C:\Program Files (x86)\Microsoft Visual Studio\Shared\Common\VSPerfCollectionTools\;C:\Program Files (x86)\Microsoft SDKs\Windows\v10.0A\bin\NETFX 4.6.1 Tools\x64\;C:\Program Files (x86)\HTML Help Workshop;C:\Program Files (x86)\Windows Kits\10\bin\10.0.18362.0\x64;C:\Program Files (x86)\Windows Kits\10\bin\x64;C:\Program Files (x86)\Microsoft Visual Studio\2017\Professional\\MSBuild\15.0\bin;C:\WINDOWS\Microsoft.NET\Framework64\v4.0.30319;C:\Program Files (x86)\Microsoft Visual Studio\2017\Professional\Common7\IDE\;C:\Program Files (x86)\Microsoft Visual Studio\2017\Professional\Common7\Tools\;C:\Python27\;C:\Python27\Scripts;C:\WINDOWS\system32;C:\WINDOWS;C:\WINDOWS\System32\Wbem;C:\WINDOWS\System32\WindowsPowerShell\v1.0\;C:\WINDOWS\System32\OpenSSH\;C:\ProgramData\chocolatey\bin;C:\Program Files (x86)\WiX Toolset v3.7\bin;C:\Program Files\dotnet\;C:\Program Files (x86)\Windows Kits\10\bin\10.0.18362.0\x64;C:\Program Files\Zulu\zulu-11\bin\;C:\Program Files (x86)\Windows Kits\10\bin\10.0.17763.0\x64;C:\Program Files (x86)\Windows Kits\10\bin\x64;C:\Program Files\Git\cmd;C:\Program Files\Git\usr\bin;C:\Program Files\Git\mingw64\bin;C:\Program Files\Git\bin;C:\Python38\;C:\Python38\Scripts;C:\StoreBoxClientWindows;C:\Program Files\Electric Cloud\ElectricCommander\bin;C:\Program Files\WinRAR;C:\Program Files\7-Zip;C:\Users\Administrator\AppData\Local\Microsoft\WindowsApps;C:\Program Files (x86)\Microsoft Visual Studio\2017\Professional\Common7\IDE\CommonExtensions\Microsoft\CMake\CMake\bin;C:\Program Files (x86)\Microsoft Visual Studio\2017\Professional\Common7\IDE\CommonExtensions\Microsoft\CMake\Ninja
[2022-12-28T16:33:44.810Z]     -- The C compiler identification is MSVC 19.16.27032.1
[2022-12-28T16:33:45.120Z]     -- The CXX compiler identification is MSVC 19.16.27032.1
[2022-12-28T16:33:45.227Z]     -- Detecting C compiler ABI info
[2022-12-28T16:33:46.040Z]     -- Detecting C compiler ABI info - done
[2022-12-28T16:33:46.040Z]     -- Check for working C compiler: C:/Program Files (x86)/Microsoft Visual Studio/2017/Professional/VC/Tools/MSVC/14.16.27023/bin/Hostx64/x64/cl.exe - skipped
[2022-12-28T16:33:46.040Z]     -- Detecting C compile features
[2022-12-28T16:33:46.040Z]     -- Detecting C compile features - done
[2022-12-28T16:33:46.148Z]     -- Detecting CXX compiler ABI info
[2022-12-28T16:33:46.662Z]     -- Detecting CXX compiler ABI info - done
[2022-12-28T16:33:46.662Z]     -- Check for working CXX compiler: C:/Program Files (x86)/Microsoft Visual Studio/2017/Professional/VC/Tools/MSVC/14.16.27023/bin/Hostx64/x64/cl.exe - skipped
[2022-12-28T16:33:46.662Z]     -- Detecting CXX compile features
[2022-12-28T16:33:46.662Z]     -- Detecting CXX compile features - done
[2022-12-28T16:33:46.662Z]     -- Using Maya Light API Version 1
[2022-12-28T16:33:46.769Z]     -- Found Maya: P:/shared/Artifactory/Windows/rundev-2019/202003131251/runtime/155eb96/runTime/bin/maya.exe (found suitable version "2019", minimum required is "2018")
[2022-12-28T16:33:47.282Z]     -- Found Python: P:/shared/Artifactory/Windows/rundev-2019/202003131251/runtime/155eb96/runTime/bin/mayapy.exe (found suitable exact version "2.7.11") found components: Interpreter
[2022-12-28T16:33:47.282Z]     -- Build MayaUSD with Python3 = OFF
[2022-12-28T16:33:47.282Z]     --    PYTHON_INCLUDE_DIRS = P:/shared/Artifactory/Windows/rundev-2019/202003131251/runtime/155eb96/runTime/include/Python2.7
[2022-12-28T16:33:47.282Z]     --    PYTHON_LIBRARIES    = P:/shared/Artifactory/Windows/rundev-2019/202003131251/runtime/155eb96/runTime/lib/python27.lib
[2022-12-28T16:33:47.282Z]     --    Python_EXECUTABLE   = P:/shared/Artifactory/Windows/rundev-2019/202003131251/runtime/155eb96/runTime/bin/mayapy.exe
[2022-12-28T16:33:47.898Z]     -- USD include dir: P:/shared/Artifactory/Windows/USD/cfb3d8a/include
[2022-12-28T16:33:47.898Z]     -- USD library dir: P:/shared/Artifactory/Windows/USD/cfb3d8a/lib
[2022-12-28T16:33:47.898Z]     -- USD version: 0.21.05
[2022-12-28T16:33:47.898Z]     -- USD Boost::boost version: 107000
[2022-12-28T16:33:47.898Z]     -- Found USD: P:/shared/Artifactory/Windows/USD/cfb3d8a (found suitable version "0.21.05", minimum required is "0.20.05")
[2022-12-28T16:33:47.898Z]     CMake Warning at CMakeLists.txt:125 (message):
[2022-12-28T16:33:47.898Z]       Disabling MaterialX VP2 rendering: it is not supported by this USD package.
[2022-12-28T16:33:47.898Z]     
[2022-12-28T16:33:47.898Z]     
[2022-12-28T16:33:47.898Z]     Updated PYTHONPATH: P:\shared\Artifactory\Windows\USD\cfb3d8a\lib\python
[2022-12-28T16:33:47.898Z]     Updated PATH: P:\shared\Artifactory\Windows\rundev-2019\202003131251\runtime\155eb96\runTime\bin;P:\shared\Artifactory\Windows\cmake\3.20.3\afe857a\bin;C:\Python27\lib\site-packages\pywin32_system32;C:\Program Files (x86)\Microsoft Visual Studio\2017\Professional\VC\Tools\MSVC\14.16.27023\bin\HostX64\x64;C:\Program Files (x86)\Microsoft Visual Studio\2017\Professional\Common7\IDE\VC\VCPackages;C:\Program Files (x86)\Microsoft Visual Studio\2017\Professional\Common7\IDE\CommonExtensions\Microsoft\TestWindow;C:\Program Files (x86)\Microsoft Visual Studio\2017\Professional\Common7\IDE\CommonExtensions\Microsoft\TeamFoundation\Team Explorer;C:\Program Files (x86)\Microsoft Visual Studio\2017\Professional\MSBuild\15.0\bin\Roslyn;C:\Program Files (x86)\Microsoft Visual Studio\2017\Professional\Team Tools\Performance Tools\x64;C:\Program Files (x86)\Microsoft Visual Studio\2017\Professional\Team Tools\Performance Tools;C:\Program Files (x86)\Microsoft Visual Studio\Shared\Common\VSPerfCollectionTools\\x64;C:\Program Files (x86)\Microsoft Visual Studio\Shared\Common\VSPerfCollectionTools\;C:\Program Files (x86)\Microsoft SDKs\Windows\v10.0A\bin\NETFX 4.6.1 Tools\x64\;C:\Program Files (x86)\HTML Help Workshop;C:\Program Files (x86)\Windows Kits\10\bin\10.0.18362.0\x64;C:\Program Files (x86)\Windows Kits\10\bin\x64;C:\Program Files (x86)\Microsoft Visual Studio\2017\Professional\\MSBuild\15.0\bin;C:\WINDOWS\Microsoft.NET\Framework64\v4.0.30319;C:\Program Files (x86)\Microsoft Visual Studio\2017\Professional\Common7\IDE\;C:\Program Files (x86)\Microsoft Visual Studio\2017\Professional\Common7\Tools\;C:\Python27\;C:\Python27\Scripts;C:\WINDOWS\system32;C:\WINDOWS;C:\WINDOWS\System32\Wbem;C:\WINDOWS\System32\WindowsPowerShell\v1.0\;C:\WINDOWS\System32\OpenSSH\;C:\ProgramData\chocolatey\bin;C:\Program Files (x86)\WiX Toolset v3.7\bin;C:\Program Files\dotnet\;C:\Program Files (x86)\Windows Kits\10\bin\10.0.18362.0\x64;C:\Program Files\Zulu\zulu-11\bin\;C:\Program Files (x86)\Windows Kits\10\bin\10.0.17763.0\x64;C:\Program Files (x86)\Windows Kits\10\bin\x64;C:\Program Files\Git\cmd;C:\Program Files\Git\usr\bin;C:\Program Files\Git\mingw64\bin;C:\Program Files\Git\bin;C:\Python38\;C:\Python38\Scripts;C:\StoreBoxClientWindows;C:\Program Files\Electric Cloud\ElectricCommander\bin;C:\Program Files\WinRAR;C:\Program Files\7-Zip;C:\Users\Administrator\AppData\Local\Microsoft\WindowsApps;C:\Program Files (x86)\Microsoft Visual Studio\2017\Professional\Common7\IDE\CommonExtensions\Microsoft\CMake\CMake\bin;C:\Program Files (x86)\Microsoft Visual Studio\2017\Professional\Common7\IDE\CommonExtensions\Microsoft\CMake\Ninja;P:\shared\Artifactory\Windows\USD\cfb3d8a\bin;P:\shared\Artifactory\Windows\USD\cfb3d8a\lib
[2022-12-28T16:33:48.011Z]     -- Building with Qt features enabled.
[2022-12-28T16:33:48.011Z]     -- **** Building Gulrak From Github Repository.
[2022-12-28T16:33:48.011Z]     -- Populating gulrak
[2022-12-28T16:33:48.225Z]     -- Configuring done
[2022-12-28T16:33:48.225Z]     -- Generating done
[2022-12-28T16:33:48.225Z]     -- Build files have been written to: W:/build/RelWithDebInfo/_deps/gulrak-subbuild
[2022-12-28T16:33:48.541Z]     [1/9] Creating directories for 'gulrak-populate'
[2022-12-28T16:33:48.541Z]     [1/9] Performing download step (git clone) for 'gulrak-populate'
[2022-12-28T16:33:48.541Z]     Cloning into 'gulrak-src'...
[2022-12-28T16:33:49.465Z]     HEAD is now at 4e21ab3 Version bump and updated readme.
[2022-12-28T16:33:50.186Z]     [2/9] Performing update step for 'gulrak-populate'
[2022-12-28T16:33:50.299Z]     [4/9] No patch step for 'gulrak-populate'
[2022-12-28T16:33:50.410Z]     [5/9] No configure step for 'gulrak-populate'
[2022-12-28T16:33:50.410Z]     [6/9] No build step for 'gulrak-populate'
[2022-12-28T16:33:50.521Z]     [7/9] No install step for 'gulrak-populate'
[2022-12-28T16:33:50.521Z]     [8/9] No test step for 'gulrak-populate'
[2022-12-28T16:33:50.631Z]     [9/9] Completed 'gulrak-populate'
[2022-12-28T16:33:51.251Z]     -- ========== Installing GoogleTest... ==========
[2022-12-28T16:33:51.364Z]     -- Configuring done
[2022-12-28T16:33:51.364Z]     -- Generating done
[2022-12-28T16:33:51.364Z]     -- Build files have been written to: W:/build/RelWithDebInfo/googletest-config
[2022-12-28T16:33:51.577Z]     [1/8] Creating directories for 'googletest'
[2022-12-28T16:33:54.829Z]     [2/8] Performing download step (git clone) for 'googletest'
[2022-12-28T16:33:54.829Z]     Cloning into 'googletest-src'...
[2022-12-28T16:33:54.829Z]     HEAD is now at 703bd9ca Googletest export
[2022-12-28T16:33:54.940Z]     [3/8] Performing update step for 'googletest'
[2022-12-28T16:33:55.050Z]     [4/8] No patch step for 'googletest'
[2022-12-28T16:33:56.885Z]     [5/8] Performing configure step for 'googletest'
[2022-12-28T16:33:56.885Z]     Not searching for unused variables given on the command line.
[2022-12-28T16:33:56.885Z]     CMake Deprecation Warning at CMakeLists.txt:4 (cmake_minimum_required):
[2022-12-28T16:33:56.885Z]       Compatibility with CMake < 2.8.12 will be removed from a future version of
[2022-12-28T16:33:56.885Z]       CMake.
[2022-12-28T16:33:56.885Z]     
[2022-12-28T16:33:56.885Z]       Update the VERSION argument <min> value or use a ...<max> suffix to tell
[2022-12-28T16:33:56.885Z]       CMake that the project does not need compatibility with older versions.
[2022-12-28T16:33:56.885Z]     
[2022-12-28T16:33:56.885Z]     
[2022-12-28T16:33:56.885Z]     -- The C compiler identification is MSVC 19.16.27032.1
[2022-12-28T16:33:56.885Z]     -- The CXX compiler identification is MSVC 19.16.27032.1
[2022-12-28T16:33:56.885Z]     -- Detecting C compiler ABI info
[2022-12-28T16:33:56.885Z]     -- Detecting C compiler ABI info - done
[2022-12-28T16:33:56.885Z]     -- Check for working C compiler: C:/Program Files (x86)/Microsoft Visual Studio/2017/Professional/VC/Tools/MSVC/14.16.27023/bin/Hostx64/x64/cl.exe - skipped
[2022-12-28T16:33:56.885Z]     -- Detecting C compile features
[2022-12-28T16:33:56.885Z]     -- Detecting C compile features - done
[2022-12-28T16:33:56.885Z]     -- Detecting CXX compiler ABI info
[2022-12-28T16:33:56.885Z]     -- Detecting CXX compiler ABI info - done
[2022-12-28T16:33:56.885Z]     -- Check for working CXX compiler: C:/Program Files (x86)/Microsoft Visual Studio/2017/Professional/VC/Tools/MSVC/14.16.27023/bin/Hostx64/x64/cl.exe - skipped
[2022-12-28T16:33:56.885Z]     -- Detecting CXX compile features
[2022-12-28T16:33:56.885Z]     -- Detecting CXX compile features - done
[2022-12-28T16:33:56.885Z]     CMake Deprecation Warning at googletest/CMakeLists.txt:56 (cmake_minimum_required):
[2022-12-28T16:33:56.885Z]       Compatibility with CMake < 2.8.12 will be removed from a future version of
[2022-12-28T16:33:56.885Z]       CMake.
[2022-12-28T16:33:56.885Z]     
[2022-12-28T16:33:56.885Z]       Update the VERSION argument <min> value or use a ...<max> suffix to tell
[2022-12-28T16:33:56.885Z]       CMake that the project does not need compatibility with older versions.
[2022-12-28T16:33:56.885Z]     
[2022-12-28T16:33:56.885Z]     
[2022-12-28T16:33:56.885Z]     -- Found PythonInterp: C:/Python27/python.exe
[2022-12-28T16:33:56.885Z]     -- Looking for pthread.h
[2022-12-28T16:33:56.885Z]     -- Looking for pthread.h - not found
[2022-12-28T16:33:56.885Z]     -- Found Threads: TRUE
[2022-12-28T16:33:56.885Z]     -- Configuring done
[2022-12-28T16:33:56.885Z]     -- Generating done
[2022-12-28T16:33:56.885Z]     -- Build files have been written to: W:/build/RelWithDebInfo/googletest-build
[2022-12-28T16:34:01.965Z]     [6/8] Performing build step for 'googletest'
[2022-12-28T16:34:01.965Z]     [1/4] Building CXX object googletest\CMakeFiles\gtest_main.dir\src\gtest_main.cc.obj
[2022-12-28T16:34:01.965Z]     [2/4] Building CXX object googletest\CMakeFiles\gtest.dir\src\gtest-all.cc.obj
[2022-12-28T16:34:01.965Z]     [3/4] Linking CXX shared library bin\gtest.dll
[2022-12-28T16:34:01.965Z]     [4/4] Linking CXX shared library bin\gtest_main.dll
[2022-12-28T16:34:02.286Z]     [7/8] Performing install step for 'googletest'
[2022-12-28T16:34:02.286Z]     [0/1] Install the project...
[2022-12-28T16:34:02.286Z]     -- Install configuration: "RelWithDebInfo"
[2022-12-28T16:34:02.399Z]     [8/8] Completed 'googletest'
[2022-12-28T16:34:02.399Z]     -- ========== ...  GoogleTest installed. ==========
[2022-12-28T16:34:03.328Z]     -- MAYA_HAS_DEFAULT_MATERIAL_API is FALSE
[2022-12-28T16:34:03.328Z]     -- MAYA_NEW_POINT_SNAPPING_SUPPORT is FALSE
[2022-12-28T16:34:03.328Z]     -- MAYA_HAS_CRASH_DETECTION is FALSE
[2022-12-28T16:34:03.328Z]     -- MAYA_CURRENT_UFE_CAMERA_SUPPORT is FALSE
[2022-12-28T16:34:03.328Z]     -- MAYA_MRENDERITEM_UFE_IDENTIFIER_SUPPORT is FALSE
[2022-12-28T16:34:03.328Z]     -- MAYA_UPDATE_UFE_IDENTIFIER_SUPPORT is FALSE
[2022-12-28T16:34:03.328Z]     -- MAYA_HAS_DISPLAY_STYLE_ALL_VIEWPORTS is FALSE
[2022-12-28T16:34:03.328Z]     -- MAYA_ARRAY_ITERATOR_DIFFERENCE_TYPE_SUPPORT is FALSE
[2022-12-28T16:34:03.328Z]     -- MAYA_HAS_GET_MEMBER_PATHS is FALSE
[2022-12-28T16:34:03.328Z]     -- USD_HAS_COLOR4_SDR_SUPPORT is FALSE
[2022-12-28T16:34:03.328Z]     -- MAYA_HAS_DISPLAY_LAYER_API is FALSE
[2022-12-28T16:34:03.328Z]     -- MAYA_HAS_NEW_DISPLAY_LAYER_MESSAGING_API is FALSE
[2022-12-28T16:34:03.328Z]     -- MAYA_HAS_RENDER_ITEM_HIDE_ON_PLAYBACK_API is FALSE
[2022-12-28T16:34:03.328Z]     -- promoting: S:/jenkins/workspace/ECP/ecg-maya-usd/ecg-mayausd-branch-preflight-2019-no-ufe-windows/ecg-maya-usd/maya-usd/lib/mayaUsd/base/mayaUsd.h.src
[2022-12-28T16:34:03.328Z]     -- promoting: S:/jenkins/workspace/ECP/ecg-maya-usd/ecg-mayausd-branch-preflight-2019-no-ufe-windows/ecg-maya-usd/maya-usd/lib/mayaUsd/base/api.h
[2022-12-28T16:34:03.328Z]     -- promoting: S:/jenkins/workspace/ECP/ecg-maya-usd/ecg-mayausd-branch-preflight-2019-no-ufe-windows/ecg-maya-usd/maya-usd/lib/mayaUsd/base/debugCodes.h
[2022-12-28T16:34:03.328Z]     -- promoting: S:/jenkins/workspace/ECP/ecg-maya-usd/ecg-mayausd-branch-preflight-2019-no-ufe-windows/ecg-maya-usd/maya-usd/lib/mayaUsd/base/id.h
[2022-12-28T16:34:03.328Z]     -- promoting: S:/jenkins/workspace/ECP/ecg-maya-usd/ecg-mayausd-branch-preflight-2019-no-ufe-windows/ecg-maya-usd/maya-usd/lib/mayaUsd/base/syncId.h
[2022-12-28T16:34:03.328Z]     -- promoting: S:/jenkins/workspace/ECP/ecg-maya-usd/ecg-mayausd-branch-preflight-2019-no-ufe-windows/ecg-maya-usd/maya-usd/lib/mayaUsd/base/tokens.h
[2022-12-28T16:34:03.328Z]     -- promoting: S:/jenkins/workspace/ECP/ecg-maya-usd/ecg-mayausd-branch-preflight-2019-no-ufe-windows/ecg-maya-usd/maya-usd/lib/mayaUsd/commands/abstractLayerEditorWindow.h
[2022-12-28T16:34:03.328Z]     -- promoting: S:/jenkins/workspace/ECP/ecg-maya-usd/ecg-mayausd-branch-preflight-2019-no-ufe-windows/ecg-maya-usd/maya-usd/lib/mayaUsd/commands/baseExportCommand.h
[2022-12-28T16:34:03.328Z]     -- promoting: S:/jenkins/workspace/ECP/ecg-maya-usd/ecg-mayausd-branch-preflight-2019-no-ufe-windows/ecg-maya-usd/maya-usd/lib/mayaUsd/commands/baseImportCommand.h
[2022-12-28T16:34:03.328Z]     -- promoting: S:/jenkins/workspace/ECP/ecg-maya-usd/ecg-mayausd-branch-preflight-2019-no-ufe-windows/ecg-maya-usd/maya-usd/lib/mayaUsd/commands/baseListJobContextsCommand.h
[2022-12-28T16:34:03.328Z]     -- promoting: S:/jenkins/workspace/ECP/ecg-maya-usd/ecg-mayausd-branch-preflight-2019-no-ufe-windows/ecg-maya-usd/maya-usd/lib/mayaUsd/commands/baseListShadingModesCommand.h
[2022-12-28T16:34:03.328Z]     -- promoting: S:/jenkins/workspace/ECP/ecg-maya-usd/ecg-mayausd-branch-preflight-2019-no-ufe-windows/ecg-maya-usd/maya-usd/lib/mayaUsd/commands/editTargetCommand.h
[2022-12-28T16:34:03.328Z]     -- promoting: S:/jenkins/workspace/ECP/ecg-maya-usd/ecg-mayausd-branch-preflight-2019-no-ufe-windows/ecg-maya-usd/maya-usd/lib/mayaUsd/commands/layerEditorCommand.h
[2022-12-28T16:34:03.328Z]     -- promoting: S:/jenkins/workspace/ECP/ecg-maya-usd/ecg-mayausd-branch-preflight-2019-no-ufe-windows/ecg-maya-usd/maya-usd/lib/mayaUsd/commands/layerEditorWindowCommand.h
[2022-12-28T16:34:03.328Z]     -- promoting: S:/jenkins/workspace/ECP/ecg-maya-usd/ecg-mayausd-branch-preflight-2019-no-ufe-windows/ecg-maya-usd/maya-usd/lib/mayaUsd/fileio/fallbackPrimReader.h
[2022-12-28T16:34:03.328Z]     -- promoting: S:/jenkins/workspace/ECP/ecg-maya-usd/ecg-mayausd-branch-preflight-2019-no-ufe-windows/ecg-maya-usd/maya-usd/lib/mayaUsd/fileio/functorPrimReader.h
[2022-12-28T16:34:03.328Z]     -- promoting: S:/jenkins/workspace/ECP/ecg-maya-usd/ecg-mayausd-branch-preflight-2019-no-ufe-windows/ecg-maya-usd/maya-usd/lib/mayaUsd/fileio/functorPrimWriter.h
[2022-12-28T16:34:03.328Z]     -- promoting: S:/jenkins/workspace/ECP/ecg-maya-usd/ecg-mayausd-branch-preflight-2019-no-ufe-windows/ecg-maya-usd/maya-usd/lib/mayaUsd/fileio/importData.h
[2022-12-28T16:34:03.328Z]     -- promoting: S:/jenkins/workspace/ECP/ecg-maya-usd/ecg-mayausd-branch-preflight-2019-no-ufe-windows/ecg-maya-usd/maya-usd/lib/mayaUsd/fileio/instancedNodeWriter.h
[2022-12-28T16:34:03.328Z]     -- promoting: S:/jenkins/workspace/ECP/ecg-maya-usd/ecg-mayausd-branch-preflight-2019-no-ufe-windows/ecg-maya-usd/maya-usd/lib/mayaUsd/fileio/jobContextRegistry.h
[2022-12-28T16:34:03.328Z]     -- promoting: S:/jenkins/workspace/ECP/ecg-maya-usd/ecg-mayausd-branch-preflight-2019-no-ufe-windows/ecg-maya-usd/maya-usd/lib/mayaUsd/fileio/primReader.h
[2022-12-28T16:34:03.328Z]     -- promoting: S:/jenkins/workspace/ECP/ecg-maya-usd/ecg-mayausd-branch-preflight-2019-no-ufe-windows/ecg-maya-usd/maya-usd/lib/mayaUsd/fileio/primReaderArgs.h
[2022-12-28T16:34:03.328Z]     -- promoting: S:/jenkins/workspace/ECP/ecg-maya-usd/ecg-mayausd-branch-preflight-2019-no-ufe-windows/ecg-maya-usd/maya-usd/lib/mayaUsd/fileio/primReaderContext.h
[2022-12-28T16:34:03.328Z]     -- promoting: S:/jenkins/workspace/ECP/ecg-maya-usd/ecg-mayausd-branch-preflight-2019-no-ufe-windows/ecg-maya-usd/maya-usd/lib/mayaUsd/fileio/primReaderRegistry.h
[2022-12-28T16:34:03.328Z]     -- promoting: S:/jenkins/workspace/ECP/ecg-maya-usd/ecg-mayausd-branch-preflight-2019-no-ufe-windows/ecg-maya-usd/maya-usd/lib/mayaUsd/fileio/primWriter.h
[2022-12-28T16:34:03.328Z]     -- promoting: S:/jenkins/workspace/ECP/ecg-maya-usd/ecg-mayausd-branch-preflight-2019-no-ufe-windows/ecg-maya-usd/maya-usd/lib/mayaUsd/fileio/primWriterArgs.h
[2022-12-28T16:34:03.328Z]     -- promoting: S:/jenkins/workspace/ECP/ecg-maya-usd/ecg-mayausd-branch-preflight-2019-no-ufe-windows/ecg-maya-usd/maya-usd/lib/mayaUsd/fileio/primWriterContext.h
[2022-12-28T16:34:03.328Z]     -- promoting: S:/jenkins/workspace/ECP/ecg-maya-usd/ecg-mayausd-branch-preflight-2019-no-ufe-windows/ecg-maya-usd/maya-usd/lib/mayaUsd/fileio/primWriterRegistry.h
[2022-12-28T16:34:03.328Z]     -- promoting: S:/jenkins/workspace/ECP/ecg-maya-usd/ecg-mayausd-branch-preflight-2019-no-ufe-windows/ecg-maya-usd/maya-usd/lib/mayaUsd/fileio/registryHelper.h
[2022-12-28T16:34:03.328Z]     -- promoting: S:/jenkins/workspace/ECP/ecg-maya-usd/ecg-mayausd-branch-preflight-2019-no-ufe-windows/ecg-maya-usd/maya-usd/lib/mayaUsd/fileio/schemaApiAdaptor.h
[2022-12-28T16:34:03.328Z]     -- promoting: S:/jenkins/workspace/ECP/ecg-maya-usd/ecg-mayausd-branch-preflight-2019-no-ufe-windows/ecg-maya-usd/maya-usd/lib/mayaUsd/fileio/schemaApiAdaptorRegistry.h
[2022-12-28T16:34:03.328Z]     -- promoting: S:/jenkins/workspace/ECP/ecg-maya-usd/ecg-mayausd-branch-preflight-2019-no-ufe-windows/ecg-maya-usd/maya-usd/lib/mayaUsd/fileio/shaderReader.h
[2022-12-28T16:34:03.328Z]     -- promoting: S:/jenkins/workspace/ECP/ecg-maya-usd/ecg-mayausd-branch-preflight-2019-no-ufe-windows/ecg-maya-usd/maya-usd/lib/mayaUsd/fileio/shaderReaderRegistry.h
[2022-12-28T16:34:03.328Z]     -- promoting: S:/jenkins/workspace/ECP/ecg-maya-usd/ecg-mayausd-branch-preflight-2019-no-ufe-windows/ecg-maya-usd/maya-usd/lib/mayaUsd/fileio/shaderWriter.h
[2022-12-28T16:34:03.328Z]     -- promoting: S:/jenkins/workspace/ECP/ecg-maya-usd/ecg-mayausd-branch-preflight-2019-no-ufe-windows/ecg-maya-usd/maya-usd/lib/mayaUsd/fileio/shaderWriterRegistry.h
[2022-12-28T16:34:03.328Z]     -- promoting: S:/jenkins/workspace/ECP/ecg-maya-usd/ecg-mayausd-branch-preflight-2019-no-ufe-windows/ecg-maya-usd/maya-usd/lib/mayaUsd/fileio/transformWriter.h
[2022-12-28T16:34:03.328Z]     -- promoting: S:/jenkins/workspace/ECP/ecg-maya-usd/ecg-mayausd-branch-preflight-2019-no-ufe-windows/ecg-maya-usd/maya-usd/lib/mayaUsd/fileio/writeJobContext.h
[2022-12-28T16:34:03.328Z]     -- promoting: S:/jenkins/workspace/ECP/ecg-maya-usd/ecg-mayausd-branch-preflight-2019-no-ufe-windows/ecg-maya-usd/maya-usd/lib/mayaUsd/fileio/chaser/exportChaser.h
[2022-12-28T16:34:03.328Z]     -- promoting: S:/jenkins/workspace/ECP/ecg-maya-usd/ecg-mayausd-branch-preflight-2019-no-ufe-windows/ecg-maya-usd/maya-usd/lib/mayaUsd/fileio/chaser/exportChaserRegistry.h
[2022-12-28T16:34:03.328Z]     -- promoting: S:/jenkins/workspace/ECP/ecg-maya-usd/ecg-mayausd-branch-preflight-2019-no-ufe-windows/ecg-maya-usd/maya-usd/lib/mayaUsd/fileio/chaser/importChaserRegistry.h
[2022-12-28T16:34:03.328Z]     -- promoting: S:/jenkins/workspace/ECP/ecg-maya-usd/ecg-mayausd-branch-preflight-2019-no-ufe-windows/ecg-maya-usd/maya-usd/lib/mayaUsd/fileio/chaser/importChaser.h
[2022-12-28T16:34:03.328Z]     -- promoting: S:/jenkins/workspace/ECP/ecg-maya-usd/ecg-mayausd-branch-preflight-2019-no-ufe-windows/ecg-maya-usd/maya-usd/lib/mayaUsd/fileio/jobs/jobArgs.h
[2022-12-28T16:34:03.328Z]     -- promoting: S:/jenkins/workspace/ECP/ecg-maya-usd/ecg-mayausd-branch-preflight-2019-no-ufe-windows/ecg-maya-usd/maya-usd/lib/mayaUsd/fileio/jobs/meshDataReadJob.h
[2022-12-28T16:34:03.328Z]     -- promoting: S:/jenkins/workspace/ECP/ecg-maya-usd/ecg-mayausd-branch-preflight-2019-no-ufe-windows/ecg-maya-usd/maya-usd/lib/mayaUsd/fileio/jobs/modelKindProcessor.h
[2022-12-28T16:34:03.328Z]     -- promoting: S:/jenkins/workspace/ECP/ecg-maya-usd/ecg-mayausd-branch-preflight-2019-no-ufe-windows/ecg-maya-usd/maya-usd/lib/mayaUsd/fileio/jobs/readJob.h
[2022-12-28T16:34:03.328Z]     -- promoting: S:/jenkins/workspace/ECP/ecg-maya-usd/ecg-mayausd-branch-preflight-2019-no-ufe-windows/ecg-maya-usd/maya-usd/lib/mayaUsd/fileio/jobs/writeJob.h
[2022-12-28T16:34:03.328Z]     -- promoting: S:/jenkins/workspace/ECP/ecg-maya-usd/ecg-mayausd-branch-preflight-2019-no-ufe-windows/ecg-maya-usd/maya-usd/lib/mayaUsd/fileio/shading/rfmShaderMap.h
[2022-12-28T16:34:03.328Z]     -- promoting: S:/jenkins/workspace/ECP/ecg-maya-usd/ecg-mayausd-branch-preflight-2019-no-ufe-windows/ecg-maya-usd/maya-usd/lib/mayaUsd/fileio/shading/shadingModeExporter.h
[2022-12-28T16:34:03.328Z]     -- promoting: S:/jenkins/workspace/ECP/ecg-maya-usd/ecg-mayausd-branch-preflight-2019-no-ufe-windows/ecg-maya-usd/maya-usd/lib/mayaUsd/fileio/shading/shadingModeExporterContext.h
[2022-12-28T16:34:03.328Z]     -- promoting: S:/jenkins/workspace/ECP/ecg-maya-usd/ecg-mayausd-branch-preflight-2019-no-ufe-windows/ecg-maya-usd/maya-usd/lib/mayaUsd/fileio/shading/shadingModeImporter.h
[2022-12-28T16:34:03.328Z]     -- promoting: S:/jenkins/workspace/ECP/ecg-maya-usd/ecg-mayausd-branch-preflight-2019-no-ufe-windows/ecg-maya-usd/maya-usd/lib/mayaUsd/fileio/shading/shadingModeRegistry.h
[2022-12-28T16:34:03.328Z]     -- promoting: S:/jenkins/workspace/ECP/ecg-maya-usd/ecg-mayausd-branch-preflight-2019-no-ufe-windows/ecg-maya-usd/maya-usd/lib/mayaUsd/fileio/shading/symmetricShaderReader.h
[2022-12-28T16:34:03.328Z]     -- promoting: S:/jenkins/workspace/ECP/ecg-maya-usd/ecg-mayausd-branch-preflight-2019-no-ufe-windows/ecg-maya-usd/maya-usd/lib/mayaUsd/fileio/shading/symmetricShaderWriter.h
[2022-12-28T16:34:03.328Z]     -- promoting: S:/jenkins/workspace/ECP/ecg-maya-usd/ecg-mayausd-branch-preflight-2019-no-ufe-windows/ecg-maya-usd/maya-usd/lib/mayaUsd/fileio/translators/skelBindingsProcessor.h
[2022-12-28T16:34:03.328Z]     -- promoting: S:/jenkins/workspace/ECP/ecg-maya-usd/ecg-mayausd-branch-preflight-2019-no-ufe-windows/ecg-maya-usd/maya-usd/lib/mayaUsd/fileio/translators/translatorCamera.h
[2022-12-28T16:34:03.328Z]     -- promoting: S:/jenkins/workspace/ECP/ecg-maya-usd/ecg-mayausd-branch-preflight-2019-no-ufe-windows/ecg-maya-usd/maya-usd/lib/mayaUsd/fileio/translators/translatorCurves.h
[2022-12-28T16:34:03.328Z]     -- promoting: S:/jenkins/workspace/ECP/ecg-maya-usd/ecg-mayausd-branch-preflight-2019-no-ufe-windows/ecg-maya-usd/maya-usd/lib/mayaUsd/fileio/translators/translatorGprim.h
[2022-12-28T16:34:03.328Z]     -- promoting: S:/jenkins/workspace/ECP/ecg-maya-usd/ecg-mayausd-branch-preflight-2019-no-ufe-windows/ecg-maya-usd/maya-usd/lib/mayaUsd/fileio/translators/translatorLight.h
[2022-12-28T16:34:03.328Z]     -- promoting: S:/jenkins/workspace/ECP/ecg-maya-usd/ecg-mayausd-branch-preflight-2019-no-ufe-windows/ecg-maya-usd/maya-usd/lib/mayaUsd/fileio/translators/translatorMaterial.h
[2022-12-28T16:34:03.328Z]     -- promoting: S:/jenkins/workspace/ECP/ecg-maya-usd/ecg-mayausd-branch-preflight-2019-no-ufe-windows/ecg-maya-usd/maya-usd/lib/mayaUsd/fileio/translators/translatorMayaReference.h
[2022-12-28T16:34:03.328Z]     -- promoting: S:/jenkins/workspace/ECP/ecg-maya-usd/ecg-mayausd-branch-preflight-2019-no-ufe-windows/ecg-maya-usd/maya-usd/lib/mayaUsd/fileio/translators/translatorMesh.h
[2022-12-28T16:34:03.328Z]     -- promoting: S:/jenkins/workspace/ECP/ecg-maya-usd/ecg-mayausd-branch-preflight-2019-no-ufe-windows/ecg-maya-usd/maya-usd/lib/mayaUsd/fileio/translators/translatorNurbsPatch.h
[2022-12-28T16:34:03.328Z]     -- promoting: S:/jenkins/workspace/ECP/ecg-maya-usd/ecg-mayausd-branch-preflight-2019-no-ufe-windows/ecg-maya-usd/maya-usd/lib/mayaUsd/fileio/translators/translatorPrim.h
[2022-12-28T16:34:03.328Z]     -- promoting: S:/jenkins/workspace/ECP/ecg-maya-usd/ecg-mayausd-branch-preflight-2019-no-ufe-windows/ecg-maya-usd/maya-usd/lib/mayaUsd/fileio/translators/translatorRfMLight.h
[2022-12-28T16:34:03.328Z]     -- promoting: S:/jenkins/workspace/ECP/ecg-maya-usd/ecg-mayausd-branch-preflight-2019-no-ufe-windows/ecg-maya-usd/maya-usd/lib/mayaUsd/fileio/translators/translatorSkel.h
[2022-12-28T16:34:03.328Z]     -- promoting: S:/jenkins/workspace/ECP/ecg-maya-usd/ecg-mayausd-branch-preflight-2019-no-ufe-windows/ecg-maya-usd/maya-usd/lib/mayaUsd/fileio/translators/translatorUtil.h
[2022-12-28T16:34:03.328Z]     -- promoting: S:/jenkins/workspace/ECP/ecg-maya-usd/ecg-mayausd-branch-preflight-2019-no-ufe-windows/ecg-maya-usd/maya-usd/lib/mayaUsd/fileio/translators/translatorXformable.h
[2022-12-28T16:34:03.328Z]     -- promoting: S:/jenkins/workspace/ECP/ecg-maya-usd/ecg-mayausd-branch-preflight-2019-no-ufe-windows/ecg-maya-usd/maya-usd/lib/mayaUsd/fileio/utils/adaptor.h
[2022-12-28T16:34:03.328Z]     -- promoting: S:/jenkins/workspace/ECP/ecg-maya-usd/ecg-mayausd-branch-preflight-2019-no-ufe-windows/ecg-maya-usd/maya-usd/lib/mayaUsd/fileio/utils/jointWriteUtils.h
[2022-12-28T16:34:03.328Z]     -- promoting: S:/jenkins/workspace/ECP/ecg-maya-usd/ecg-mayausd-branch-preflight-2019-no-ufe-windows/ecg-maya-usd/maya-usd/lib/mayaUsd/fileio/utils/meshReadUtils.h
[2022-12-28T16:34:03.328Z]     -- promoting: S:/jenkins/workspace/ECP/ecg-maya-usd/ecg-mayausd-branch-preflight-2019-no-ufe-windows/ecg-maya-usd/maya-usd/lib/mayaUsd/fileio/utils/meshWriteUtils.h
[2022-12-28T16:34:03.328Z]     -- promoting: S:/jenkins/workspace/ECP/ecg-maya-usd/ecg-mayausd-branch-preflight-2019-no-ufe-windows/ecg-maya-usd/maya-usd/lib/mayaUsd/fileio/utils/readUtil.h
[2022-12-28T16:34:03.328Z]     -- promoting: S:/jenkins/workspace/ECP/ecg-maya-usd/ecg-mayausd-branch-preflight-2019-no-ufe-windows/ecg-maya-usd/maya-usd/lib/mayaUsd/fileio/utils/roundTripUtil.h
[2022-12-28T16:34:03.328Z]     -- promoting: S:/jenkins/workspace/ECP/ecg-maya-usd/ecg-mayausd-branch-preflight-2019-no-ufe-windows/ecg-maya-usd/maya-usd/lib/mayaUsd/fileio/utils/shadingUtil.h
[2022-12-28T16:34:03.328Z]     -- promoting: S:/jenkins/workspace/ECP/ecg-maya-usd/ecg-mayausd-branch-preflight-2019-no-ufe-windows/ecg-maya-usd/maya-usd/lib/mayaUsd/fileio/utils/userTaggedAttribute.h
[2022-12-28T16:34:03.328Z]     -- promoting: S:/jenkins/workspace/ECP/ecg-maya-usd/ecg-mayausd-branch-preflight-2019-no-ufe-windows/ecg-maya-usd/maya-usd/lib/mayaUsd/fileio/utils/writeUtil.h
[2022-12-28T16:34:03.328Z]     -- promoting: S:/jenkins/workspace/ECP/ecg-maya-usd/ecg-mayausd-branch-preflight-2019-no-ufe-windows/ecg-maya-usd/maya-usd/lib/mayaUsd/fileio/utils/xformStack.h
[2022-12-28T16:34:03.328Z]     -- promoting: S:/jenkins/workspace/ECP/ecg-maya-usd/ecg-mayausd-branch-preflight-2019-no-ufe-windows/ecg-maya-usd/maya-usd/lib/mayaUsd/listeners/notice.h
[2022-12-28T16:34:03.328Z]     -- promoting: S:/jenkins/workspace/ECP/ecg-maya-usd/ecg-mayausd-branch-preflight-2019-no-ufe-windows/ecg-maya-usd/maya-usd/lib/mayaUsd/listeners/proxyShapeNotice.h
[2022-12-28T16:34:03.328Z]     -- promoting: S:/jenkins/workspace/ECP/ecg-maya-usd/ecg-mayausd-branch-preflight-2019-no-ufe-windows/ecg-maya-usd/maya-usd/lib/mayaUsd/listeners/stageNoticeListener.h
[2022-12-28T16:34:03.443Z]     -- promoting: S:/jenkins/workspace/ECP/ecg-maya-usd/ecg-mayausd-branch-preflight-2019-no-ufe-windows/ecg-maya-usd/maya-usd/lib/mayaUsd/nodes/hdImagingShape.h
[2022-12-28T16:34:03.443Z]     -- promoting: S:/jenkins/workspace/ECP/ecg-maya-usd/ecg-mayausd-branch-preflight-2019-no-ufe-windows/ecg-maya-usd/maya-usd/lib/mayaUsd/nodes/pointBasedDeformerNode.h
[2022-12-28T16:34:03.443Z]     -- promoting: S:/jenkins/workspace/ECP/ecg-maya-usd/ecg-mayausd-branch-preflight-2019-no-ufe-windows/ecg-maya-usd/maya-usd/lib/mayaUsd/nodes/proxyAccessor.h
[2022-12-28T16:34:03.443Z]     -- promoting: S:/jenkins/workspace/ECP/ecg-maya-usd/ecg-mayausd-branch-preflight-2019-no-ufe-windows/ecg-maya-usd/maya-usd/lib/mayaUsd/nodes/proxyShapeBase.h
[2022-12-28T16:34:03.443Z]     -- promoting: S:/jenkins/workspace/ECP/ecg-maya-usd/ecg-mayausd-branch-preflight-2019-no-ufe-windows/ecg-maya-usd/maya-usd/lib/mayaUsd/nodes/proxyShapePlugin.h
[2022-12-28T16:34:03.443Z]     -- promoting: S:/jenkins/workspace/ECP/ecg-maya-usd/ecg-mayausd-branch-preflight-2019-no-ufe-windows/ecg-maya-usd/maya-usd/lib/mayaUsd/nodes/proxyStageProvider.h
[2022-12-28T16:34:03.443Z]     -- promoting: S:/jenkins/workspace/ECP/ecg-maya-usd/ecg-mayausd-branch-preflight-2019-no-ufe-windows/ecg-maya-usd/maya-usd/lib/mayaUsd/nodes/proxyShapeStageExtraData.h
[2022-12-28T16:34:03.443Z]     -- promoting: S:/jenkins/workspace/ECP/ecg-maya-usd/ecg-mayausd-branch-preflight-2019-no-ufe-windows/ecg-maya-usd/maya-usd/lib/mayaUsd/nodes/stageData.h
[2022-12-28T16:34:03.443Z]     -- promoting: S:/jenkins/workspace/ECP/ecg-maya-usd/ecg-mayausd-branch-preflight-2019-no-ufe-windows/ecg-maya-usd/maya-usd/lib/mayaUsd/nodes/stageNode.h
[2022-12-28T16:34:03.443Z]     -- promoting: S:/jenkins/workspace/ECP/ecg-maya-usd/ecg-mayausd-branch-preflight-2019-no-ufe-windows/ecg-maya-usd/maya-usd/lib/mayaUsd/nodes/usdPrimProvider.h
[2022-12-28T16:34:03.443Z]     -- promoting: S:/jenkins/workspace/ECP/ecg-maya-usd/ecg-mayausd-branch-preflight-2019-no-ufe-windows/ecg-maya-usd/maya-usd/lib/mayaUsd/render/px_vp20/glslProgram.h
[2022-12-28T16:34:03.443Z]     -- promoting: S:/jenkins/workspace/ECP/ecg-maya-usd/ecg-mayausd-branch-preflight-2019-no-ufe-windows/ecg-maya-usd/maya-usd/lib/mayaUsd/render/px_vp20/utils.h
[2022-12-28T16:34:03.443Z]     -- promoting: S:/jenkins/workspace/ECP/ecg-maya-usd/ecg-mayausd-branch-preflight-2019-no-ufe-windows/ecg-maya-usd/maya-usd/lib/mayaUsd/render/px_vp20/utils_legacy.h
[2022-12-28T16:34:03.443Z]     -- promoting: S:/jenkins/workspace/ECP/ecg-maya-usd/ecg-mayausd-branch-preflight-2019-no-ufe-windows/ecg-maya-usd/maya-usd/lib/mayaUsd/render/pxrUsdMayaGL/batchRenderer.h
[2022-12-28T16:34:03.443Z]     -- promoting: S:/jenkins/workspace/ECP/ecg-maya-usd/ecg-mayausd-branch-preflight-2019-no-ufe-windows/ecg-maya-usd/maya-usd/lib/mayaUsd/render/pxrUsdMayaGL/debugCodes.h
[2022-12-28T16:34:03.443Z]     -- promoting: S:/jenkins/workspace/ECP/ecg-maya-usd/ecg-mayausd-branch-preflight-2019-no-ufe-windows/ecg-maya-usd/maya-usd/lib/mayaUsd/render/pxrUsdMayaGL/hdImagingShapeDrawOverride.h
[2022-12-28T16:34:03.443Z]     -- promoting: S:/jenkins/workspace/ECP/ecg-maya-usd/ecg-mayausd-branch-preflight-2019-no-ufe-windows/ecg-maya-usd/maya-usd/lib/mayaUsd/render/pxrUsdMayaGL/hdImagingShapeUI.h
[2022-12-28T16:34:03.443Z]     -- promoting: S:/jenkins/workspace/ECP/ecg-maya-usd/ecg-mayausd-branch-preflight-2019-no-ufe-windows/ecg-maya-usd/maya-usd/lib/mayaUsd/render/pxrUsdMayaGL/instancerImager.h
[2022-12-28T16:34:03.443Z]     -- promoting: S:/jenkins/workspace/ECP/ecg-maya-usd/ecg-mayausd-branch-preflight-2019-no-ufe-windows/ecg-maya-usd/maya-usd/lib/mayaUsd/render/pxrUsdMayaGL/instancerShapeAdapter.h
[2022-12-28T16:34:03.443Z]     -- promoting: S:/jenkins/workspace/ECP/ecg-maya-usd/ecg-mayausd-branch-preflight-2019-no-ufe-windows/ecg-maya-usd/maya-usd/lib/mayaUsd/render/pxrUsdMayaGL/proxyDrawOverride.h
[2022-12-28T16:34:03.443Z]     -- promoting: S:/jenkins/workspace/ECP/ecg-maya-usd/ecg-mayausd-branch-preflight-2019-no-ufe-windows/ecg-maya-usd/maya-usd/lib/mayaUsd/render/pxrUsdMayaGL/proxyShapeUI.h
[2022-12-28T16:34:03.443Z]     -- promoting: S:/jenkins/workspace/ECP/ecg-maya-usd/ecg-mayausd-branch-preflight-2019-no-ufe-windows/ecg-maya-usd/maya-usd/lib/mayaUsd/render/pxrUsdMayaGL/renderParams.h
[2022-12-28T16:34:03.443Z]     -- promoting: S:/jenkins/workspace/ECP/ecg-maya-usd/ecg-mayausd-branch-preflight-2019-no-ufe-windows/ecg-maya-usd/maya-usd/lib/mayaUsd/render/pxrUsdMayaGL/sceneDelegate.h
[2022-12-28T16:34:03.443Z]     -- promoting: S:/jenkins/workspace/ECP/ecg-maya-usd/ecg-mayausd-branch-preflight-2019-no-ufe-windows/ecg-maya-usd/maya-usd/lib/mayaUsd/render/pxrUsdMayaGL/shapeAdapter.h
[2022-12-28T16:34:03.443Z]     -- promoting: S:/jenkins/workspace/ECP/ecg-maya-usd/ecg-mayausd-branch-preflight-2019-no-ufe-windows/ecg-maya-usd/maya-usd/lib/mayaUsd/render/pxrUsdMayaGL/softSelectHelper.h
[2022-12-28T16:34:03.443Z]     -- promoting: S:/jenkins/workspace/ECP/ecg-maya-usd/ecg-mayausd-branch-preflight-2019-no-ufe-windows/ecg-maya-usd/maya-usd/lib/mayaUsd/render/pxrUsdMayaGL/usdProxyShapeAdapter.h
[2022-12-28T16:34:03.443Z]     -- promoting: S:/jenkins/workspace/ECP/ecg-maya-usd/ecg-mayausd-branch-preflight-2019-no-ufe-windows/ecg-maya-usd/maya-usd/lib/mayaUsd/render/pxrUsdMayaGL/userData.h
[2022-12-28T16:34:03.443Z]     -- promoting: S:/jenkins/workspace/ECP/ecg-maya-usd/ecg-mayausd-branch-preflight-2019-no-ufe-windows/ecg-maya-usd/maya-usd/lib/mayaUsd/render/vp2RenderDelegate/proxyRenderDelegate.h
[2022-12-28T16:34:03.443Z]     -- promoting: S:/jenkins/workspace/ECP/ecg-maya-usd/ecg-mayausd-branch-preflight-2019-no-ufe-windows/ecg-maya-usd/maya-usd/lib/mayaUsd/render/vp2ShaderFragments/shaderFragments.h
[2022-12-28T16:34:03.443Z]     -- promoting: S:/jenkins/workspace/ECP/ecg-maya-usd/ecg-mayausd-branch-preflight-2019-no-ufe-windows/ecg-maya-usd/maya-usd/lib/mayaUsd/undo/OpUndoItemList.h
[2022-12-28T16:34:03.443Z]     -- promoting: S:/jenkins/workspace/ECP/ecg-maya-usd/ecg-mayausd-branch-preflight-2019-no-ufe-windows/ecg-maya-usd/maya-usd/lib/mayaUsd/undo/OpUndoItemMuting.h
[2022-12-28T16:34:03.443Z]     -- promoting: S:/jenkins/workspace/ECP/ecg-maya-usd/ecg-mayausd-branch-preflight-2019-no-ufe-windows/ecg-maya-usd/maya-usd/lib/mayaUsd/undo/OpUndoItemRecorder.h
[2022-12-28T16:34:03.443Z]     -- promoting: S:/jenkins/workspace/ECP/ecg-maya-usd/ecg-mayausd-branch-preflight-2019-no-ufe-windows/ecg-maya-usd/maya-usd/lib/mayaUsd/undo/OpUndoItems.h
[2022-12-28T16:34:03.443Z]     -- promoting: S:/jenkins/workspace/ECP/ecg-maya-usd/ecg-mayausd-branch-preflight-2019-no-ufe-windows/ecg-maya-usd/maya-usd/lib/mayaUsd/undo/UsdUndoBlock.h
[2022-12-28T16:34:03.443Z]     -- promoting: S:/jenkins/workspace/ECP/ecg-maya-usd/ecg-mayausd-branch-preflight-2019-no-ufe-windows/ecg-maya-usd/maya-usd/lib/mayaUsd/undo/UsdUndoManager.h
[2022-12-28T16:34:03.443Z]     -- promoting: S:/jenkins/workspace/ECP/ecg-maya-usd/ecg-mayausd-branch-preflight-2019-no-ufe-windows/ecg-maya-usd/maya-usd/lib/mayaUsd/undo/UsdUndoStateDelegate.h
[2022-12-28T16:34:03.443Z]     -- promoting: S:/jenkins/workspace/ECP/ecg-maya-usd/ecg-mayausd-branch-preflight-2019-no-ufe-windows/ecg-maya-usd/maya-usd/lib/mayaUsd/undo/UsdUndoableItem.h
[2022-12-28T16:34:03.443Z]     -- promoting: S:/jenkins/workspace/ECP/ecg-maya-usd/ecg-mayausd-branch-preflight-2019-no-ufe-windows/ecg-maya-usd/maya-usd/lib/mayaUsd/utils/blockSceneModificationContext.h
[2022-12-28T16:34:03.443Z]     -- promoting: S:/jenkins/workspace/ECP/ecg-maya-usd/ecg-mayausd-branch-preflight-2019-no-ufe-windows/ecg-maya-usd/maya-usd/lib/mayaUsd/utils/colorSpace.h
[2022-12-28T16:34:03.443Z]     -- promoting: S:/jenkins/workspace/ECP/ecg-maya-usd/ecg-mayausd-branch-preflight-2019-no-ufe-windows/ecg-maya-usd/maya-usd/lib/mayaUsd/utils/customLayerData.h
[2022-12-28T16:34:03.443Z]     -- promoting: S:/jenkins/workspace/ECP/ecg-maya-usd/ecg-mayausd-branch-preflight-2019-no-ufe-windows/ecg-maya-usd/maya-usd/lib/mayaUsd/utils/converter.h
[2022-12-28T16:34:03.443Z]     -- promoting: S:/jenkins/workspace/ECP/ecg-maya-usd/ecg-mayausd-branch-preflight-2019-no-ufe-windows/ecg-maya-usd/maya-usd/lib/mayaUsd/utils/diagnosticDelegate.h
[2022-12-28T16:34:03.443Z]     -- promoting: S:/jenkins/workspace/ECP/ecg-maya-usd/ecg-mayausd-branch-preflight-2019-no-ufe-windows/ecg-maya-usd/maya-usd/lib/mayaUsd/utils/dynamicAttribute.h
[2022-12-28T16:34:03.443Z]     -- promoting: S:/jenkins/workspace/ECP/ecg-maya-usd/ecg-mayausd-branch-preflight-2019-no-ufe-windows/ecg-maya-usd/maya-usd/lib/mayaUsd/utils/editability.h
[2022-12-28T16:34:03.443Z]     -- promoting: S:/jenkins/workspace/ECP/ecg-maya-usd/ecg-mayausd-branch-preflight-2019-no-ufe-windows/ecg-maya-usd/maya-usd/lib/mayaUsd/utils/editRouter.h
[2022-12-28T16:34:03.443Z]     -- promoting: S:/jenkins/workspace/ECP/ecg-maya-usd/ecg-mayausd-branch-preflight-2019-no-ufe-windows/ecg-maya-usd/maya-usd/lib/mayaUsd/utils/hash.h
[2022-12-28T16:34:03.443Z]     -- promoting: S:/jenkins/workspace/ECP/ecg-maya-usd/ecg-mayausd-branch-preflight-2019-no-ufe-windows/ecg-maya-usd/maya-usd/lib/mayaUsd/utils/layerMuting.h
[2022-12-28T16:34:03.443Z]     -- promoting: S:/jenkins/workspace/ECP/ecg-maya-usd/ecg-mayausd-branch-preflight-2019-no-ufe-windows/ecg-maya-usd/maya-usd/lib/mayaUsd/utils/loadRules.h
[2022-12-28T16:34:03.443Z]     -- promoting: S:/jenkins/workspace/ECP/ecg-maya-usd/ecg-mayausd-branch-preflight-2019-no-ufe-windows/ecg-maya-usd/maya-usd/lib/mayaUsd/utils/query.h
[2022-12-28T16:34:03.443Z]     -- promoting: S:/jenkins/workspace/ECP/ecg-maya-usd/ecg-mayausd-branch-preflight-2019-no-ufe-windows/ecg-maya-usd/maya-usd/lib/mayaUsd/utils/plugRegistryHelper.h
[2022-12-28T16:34:03.443Z]     -- promoting: S:/jenkins/workspace/ECP/ecg-maya-usd/ecg-mayausd-branch-preflight-2019-no-ufe-windows/ecg-maya-usd/maya-usd/lib/mayaUsd/utils/progressBarScope.h
[2022-12-28T16:34:03.443Z]     -- promoting: S:/jenkins/workspace/ECP/ecg-maya-usd/ecg-mayausd-branch-preflight-2019-no-ufe-windows/ecg-maya-usd/maya-usd/lib/mayaUsd/utils/selectability.h
[2022-12-28T16:34:03.443Z]     -- promoting: S:/jenkins/workspace/ECP/ecg-maya-usd/ecg-mayausd-branch-preflight-2019-no-ufe-windows/ecg-maya-usd/maya-usd/lib/mayaUsd/utils/stageCache.h
[2022-12-28T16:34:03.443Z]     -- promoting: S:/jenkins/workspace/ECP/ecg-maya-usd/ecg-mayausd-branch-preflight-2019-no-ufe-windows/ecg-maya-usd/maya-usd/lib/mayaUsd/utils/traverseLayer.h
[2022-12-28T16:34:03.443Z]     -- promoting: S:/jenkins/workspace/ECP/ecg-maya-usd/ecg-mayausd-branch-preflight-2019-no-ufe-windows/ecg-maya-usd/maya-usd/lib/mayaUsd/utils/undoHelperCommand.h
[2022-12-28T16:34:03.443Z]     -- promoting: S:/jenkins/workspace/ECP/ecg-maya-usd/ecg-mayausd-branch-preflight-2019-no-ufe-windows/ecg-maya-usd/maya-usd/lib/mayaUsd/utils/util.h
[2022-12-28T16:34:03.443Z]     -- promoting: S:/jenkins/workspace/ECP/ecg-maya-usd/ecg-mayausd-branch-preflight-2019-no-ufe-windows/ecg-maya-usd/maya-usd/lib/mayaUsd/utils/utilDictionary.h
[2022-12-28T16:34:03.443Z]     -- promoting: S:/jenkins/workspace/ECP/ecg-maya-usd/ecg-mayausd-branch-preflight-2019-no-ufe-windows/ecg-maya-usd/maya-usd/lib/mayaUsd/utils/utilFileSystem.h
[2022-12-28T16:34:03.443Z]     -- promoting: S:/jenkins/workspace/ECP/ecg-maya-usd/ecg-mayausd-branch-preflight-2019-no-ufe-windows/ecg-maya-usd/maya-usd/lib/mayaUsd/utils/utilSerialization.h
[2022-12-28T16:34:03.443Z]     -- promoting: S:/jenkins/workspace/ECP/ecg-maya-usd/ecg-mayausd-branch-preflight-2019-no-ufe-windows/ecg-maya-usd/maya-usd/lib/mayaUsd/utils/variants.h
[2022-12-28T16:34:03.561Z]     -- promoting: S:/jenkins/workspace/ECP/ecg-maya-usd/ecg-mayausd-branch-preflight-2019-no-ufe-windows/ecg-maya-usd/maya-usd/lib/mayaUsd/render/mayaToHydra/utils.h
[2022-12-28T16:34:03.561Z]     -- promoting: S:/jenkins/workspace/ECP/ecg-maya-usd/ecg-mayausd-branch-preflight-2019-no-ufe-windows/ecg-maya-usd/maya-usd/lib/usd/hdMaya/api.h
[2022-12-28T16:34:03.561Z]     -- promoting: S:/jenkins/workspace/ECP/ecg-maya-usd/ecg-mayausd-branch-preflight-2019-no-ufe-windows/ecg-maya-usd/maya-usd/lib/usd/hdMaya/utils.h
[2022-12-28T16:34:03.561Z]     -- promoting: S:/jenkins/workspace/ECP/ecg-maya-usd/ecg-mayausd-branch-preflight-2019-no-ufe-windows/ecg-maya-usd/maya-usd/lib/usd/hdMaya/debugCodes.h
[2022-12-28T16:34:03.561Z]     -- promoting: S:/jenkins/workspace/ECP/ecg-maya-usd/ecg-mayausd-branch-preflight-2019-no-ufe-windows/ecg-maya-usd/maya-usd/lib/usd/hdMaya/adapters/adapter.h
[2022-12-28T16:34:03.561Z]     -- promoting: S:/jenkins/workspace/ECP/ecg-maya-usd/ecg-mayausd-branch-preflight-2019-no-ufe-windows/ecg-maya-usd/maya-usd/lib/usd/hdMaya/adapters/adapterDebugCodes.h
[2022-12-28T16:34:03.561Z]     -- promoting: S:/jenkins/workspace/ECP/ecg-maya-usd/ecg-mayausd-branch-preflight-2019-no-ufe-windows/ecg-maya-usd/maya-usd/lib/usd/hdMaya/adapters/adapterRegistry.h
[2022-12-28T16:34:03.561Z]     -- promoting: S:/jenkins/workspace/ECP/ecg-maya-usd/ecg-mayausd-branch-preflight-2019-no-ufe-windows/ecg-maya-usd/maya-usd/lib/usd/hdMaya/adapters/cameraAdapter.h
[2022-12-28T16:34:03.561Z]     -- promoting: S:/jenkins/workspace/ECP/ecg-maya-usd/ecg-mayausd-branch-preflight-2019-no-ufe-windows/ecg-maya-usd/maya-usd/lib/usd/hdMaya/adapters/constantShadowMatrix.h
[2022-12-28T16:34:03.561Z]     -- promoting: S:/jenkins/workspace/ECP/ecg-maya-usd/ecg-mayausd-branch-preflight-2019-no-ufe-windows/ecg-maya-usd/maya-usd/lib/usd/hdMaya/adapters/dagAdapter.h
[2022-12-28T16:34:03.561Z]     -- promoting: S:/jenkins/workspace/ECP/ecg-maya-usd/ecg-mayausd-branch-preflight-2019-no-ufe-windows/ecg-maya-usd/maya-usd/lib/usd/hdMaya/adapters/lightAdapter.h
[2022-12-28T16:34:03.561Z]     -- promoting: S:/jenkins/workspace/ECP/ecg-maya-usd/ecg-mayausd-branch-preflight-2019-no-ufe-windows/ecg-maya-usd/maya-usd/lib/usd/hdMaya/adapters/proxyAdapter.h
[2022-12-28T16:34:03.561Z]     -- promoting: S:/jenkins/workspace/ECP/ecg-maya-usd/ecg-mayausd-branch-preflight-2019-no-ufe-windows/ecg-maya-usd/maya-usd/lib/usd/hdMaya/adapters/materialAdapter.h
[2022-12-28T16:34:03.561Z]     -- promoting: S:/jenkins/workspace/ECP/ecg-maya-usd/ecg-mayausd-branch-preflight-2019-no-ufe-windows/ecg-maya-usd/maya-usd/lib/usd/hdMaya/adapters/materialNetworkConverter.h
[2022-12-28T16:34:03.561Z]     -- promoting: S:/jenkins/workspace/ECP/ecg-maya-usd/ecg-mayausd-branch-preflight-2019-no-ufe-windows/ecg-maya-usd/maya-usd/lib/usd/hdMaya/adapters/mayaAttrs.h
[2022-12-28T16:34:03.561Z]     -- promoting: S:/jenkins/workspace/ECP/ecg-maya-usd/ecg-mayausd-branch-preflight-2019-no-ufe-windows/ecg-maya-usd/maya-usd/lib/usd/hdMaya/adapters/shapeAdapter.h
[2022-12-28T16:34:03.561Z]     -- promoting: S:/jenkins/workspace/ECP/ecg-maya-usd/ecg-mayausd-branch-preflight-2019-no-ufe-windows/ecg-maya-usd/maya-usd/lib/usd/hdMaya/adapters/tokens.h
[2022-12-28T16:34:03.561Z]     -- promoting: S:/jenkins/workspace/ECP/ecg-maya-usd/ecg-mayausd-branch-preflight-2019-no-ufe-windows/ecg-maya-usd/maya-usd/lib/usd/hdMaya/delegates/delegate.h
[2022-12-28T16:34:03.561Z]     -- promoting: S:/jenkins/workspace/ECP/ecg-maya-usd/ecg-mayausd-branch-preflight-2019-no-ufe-windows/ecg-maya-usd/maya-usd/lib/usd/hdMaya/delegates/delegateCtx.h
[2022-12-28T16:34:03.561Z]     -- promoting: S:/jenkins/workspace/ECP/ecg-maya-usd/ecg-mayausd-branch-preflight-2019-no-ufe-windows/ecg-maya-usd/maya-usd/lib/usd/hdMaya/delegates/delegateDebugCodes.h
[2022-12-28T16:34:03.561Z]     -- promoting: S:/jenkins/workspace/ECP/ecg-maya-usd/ecg-mayausd-branch-preflight-2019-no-ufe-windows/ecg-maya-usd/maya-usd/lib/usd/hdMaya/delegates/delegateRegistry.h
[2022-12-28T16:34:03.561Z]     -- promoting: S:/jenkins/workspace/ECP/ecg-maya-usd/ecg-mayausd-branch-preflight-2019-no-ufe-windows/ecg-maya-usd/maya-usd/lib/usd/hdMaya/delegates/params.h
[2022-12-28T16:34:03.561Z]     -- promoting: S:/jenkins/workspace/ECP/ecg-maya-usd/ecg-mayausd-branch-preflight-2019-no-ufe-windows/ecg-maya-usd/maya-usd/lib/usd/hdMaya/delegates/proxyDelegate.h
[2022-12-28T16:34:03.561Z]     -- promoting: S:/jenkins/workspace/ECP/ecg-maya-usd/ecg-mayausd-branch-preflight-2019-no-ufe-windows/ecg-maya-usd/maya-usd/lib/usd/hdMaya/delegates/proxyUsdImagingDelegate.h
[2022-12-28T16:34:03.561Z]     -- promoting: S:/jenkins/workspace/ECP/ecg-maya-usd/ecg-mayausd-branch-preflight-2019-no-ufe-windows/ecg-maya-usd/maya-usd/lib/usd/hdMaya/delegates/sceneDelegate.h
[2022-12-28T16:34:03.561Z]     -- promoting: S:/jenkins/workspace/ECP/ecg-maya-usd/ecg-mayausd-branch-preflight-2019-no-ufe-windows/ecg-maya-usd/maya-usd/lib/usd/hdMaya/delegates/testDelegate.h
[2022-12-28T16:34:03.561Z]     -- promoting: S:/jenkins/workspace/ECP/ecg-maya-usd/ecg-mayausd-branch-preflight-2019-no-ufe-windows/ecg-maya-usd/maya-usd/lib/usd/pxrUsdPreviewSurface/usdPreviewSurface.h
[2022-12-28T16:34:03.561Z]     -- promoting: S:/jenkins/workspace/ECP/ecg-maya-usd/ecg-mayausd-branch-preflight-2019-no-ufe-windows/ecg-maya-usd/maya-usd/lib/usd/pxrUsdPreviewSurface/usdPreviewSurfacePlugin.h
[2022-12-28T16:34:03.561Z]     -- promoting: S:/jenkins/workspace/ECP/ecg-maya-usd/ecg-mayausd-branch-preflight-2019-no-ufe-windows/ecg-maya-usd/maya-usd/lib/usd/schemas/api.h
[2022-12-28T16:34:03.561Z]     -- promoting: S:/jenkins/workspace/ECP/ecg-maya-usd/ecg-mayausd-branch-preflight-2019-no-ufe-windows/ecg-maya-usd/maya-usd/lib/usd/schemas/ALMayaReference.h
[2022-12-28T16:34:03.561Z]     -- promoting: S:/jenkins/workspace/ECP/ecg-maya-usd/ecg-mayausd-branch-preflight-2019-no-ufe-windows/ecg-maya-usd/maya-usd/lib/usd/schemas/MayaReference.h
[2022-12-28T16:34:03.561Z]     -- promoting: S:/jenkins/workspace/ECP/ecg-maya-usd/ecg-mayausd-branch-preflight-2019-no-ufe-windows/ecg-maya-usd/maya-usd/lib/usd/schemas/tokens.h
[2022-12-28T16:34:04.992Z]     Processing schema classes:
[2022-12-28T16:34:04.992Z]     MayaReference, ALMayaReference
[2022-12-28T16:34:04.992Z]     Loading Templates from p:\shared\Artifactory\Windows\USD\cfb3d8a\lib\usd\usd\resources\codegenTemplates
[2022-12-28T16:34:04.992Z]     Writing API:
[2022-12-28T16:34:04.992Z]     	    wrote W:\build\RelWithDebInfo\lib\usd\schemas\api.h
[2022-12-28T16:34:04.992Z]     Writing Schema Tokens:
[2022-12-28T16:34:04.992Z]     	    wrote W:\build\RelWithDebInfo\lib\usd\schemas\tokens.h
[2022-12-28T16:34:04.992Z]     	    wrote W:\build\RelWithDebInfo\lib\usd\schemas\tokens.cpp
[2022-12-28T16:34:04.992Z]     	    wrote W:\build\RelWithDebInfo\lib\usd\schemas\wrapTokens.cpp
[2022-12-28T16:34:04.992Z]     Generating Classes:
[2022-12-28T16:34:04.992Z]     	    wrote W:\build\RelWithDebInfo\lib\usd\schemas\MayaReference.h
[2022-12-28T16:34:04.992Z]     	    wrote W:\build\RelWithDebInfo\lib\usd\schemas\MayaReference.cpp
[2022-12-28T16:34:04.992Z]     	    wrote W:\build\RelWithDebInfo\lib\usd\schemas\wrapMayaReference.cpp
[2022-12-28T16:34:04.992Z]     	    wrote W:\build\RelWithDebInfo\lib\usd\schemas\ALMayaReference.h
[2022-12-28T16:34:04.992Z]     	    wrote W:\build\RelWithDebInfo\lib\usd\schemas\ALMayaReference.cpp
[2022-12-28T16:34:04.992Z]     	    wrote W:\build\RelWithDebInfo\lib\usd\schemas\wrapALMayaReference.cpp
[2022-12-28T16:34:04.992Z]     Loading Templates from p:\shared\Artifactory\Windows\USD\cfb3d8a\lib\usd\usd\resources\codegenTemplates
[2022-12-28T16:34:04.992Z]     	    wrote W:\build\RelWithDebInfo\lib\usd\schemas\plugInfo.json
[2022-12-28T16:34:04.992Z]     Generating Schematics:
[2022-12-28T16:34:04.992Z]     	    wrote W:\build\RelWithDebInfo\lib\usd\schemas\generatedSchema.usda
[2022-12-28T16:34:04.992Z]     -- promoting: S:/jenkins/workspace/ECP/ecg-maya-usd/ecg-mayausd-branch-preflight-2019-no-ufe-windows/ecg-maya-usd/maya-usd/lib/usd/utils/ALHalf.h
[2022-12-28T16:34:04.992Z]     -- promoting: S:/jenkins/workspace/ECP/ecg-maya-usd/ecg-mayausd-branch-preflight-2019-no-ufe-windows/ecg-maya-usd/maya-usd/lib/usd/utils/Api.h
[2022-12-28T16:34:04.992Z]     -- promoting: S:/jenkins/workspace/ECP/ecg-maya-usd/ecg-mayausd-branch-preflight-2019-no-ufe-windows/ecg-maya-usd/maya-usd/lib/usd/utils/DebugCodes.h
[2022-12-28T16:34:04.992Z]     -- promoting: S:/jenkins/workspace/ECP/ecg-maya-usd/ecg-mayausd-branch-preflight-2019-no-ufe-windows/ecg-maya-usd/maya-usd/lib/usd/utils/DiffCore.h
[2022-12-28T16:34:04.992Z]     -- promoting: S:/jenkins/workspace/ECP/ecg-maya-usd/ecg-mayausd-branch-preflight-2019-no-ufe-windows/ecg-maya-usd/maya-usd/lib/usd/utils/DiffPrims.h
[2022-12-28T16:34:04.992Z]     -- promoting: S:/jenkins/workspace/ECP/ecg-maya-usd/ecg-mayausd-branch-preflight-2019-no-ufe-windows/ecg-maya-usd/maya-usd/lib/usd/utils/MergePrims.h
[2022-12-28T16:34:04.992Z]     -- promoting: S:/jenkins/workspace/ECP/ecg-maya-usd/ecg-mayausd-branch-preflight-2019-no-ufe-windows/ecg-maya-usd/maya-usd/lib/usd/utils/MergePrimsOptions.h
[2022-12-28T16:34:04.992Z]     -- promoting: S:/jenkins/workspace/ECP/ecg-maya-usd/ecg-mayausd-branch-preflight-2019-no-ufe-windows/ecg-maya-usd/maya-usd/lib/usd/utils/ForwardDeclares.h
[2022-12-28T16:34:04.992Z]     -- promoting: S:/jenkins/workspace/ECP/ecg-maya-usd/ecg-mayausd-branch-preflight-2019-no-ufe-windows/ecg-maya-usd/maya-usd/lib/usd/utils/SIMD.h
[2022-12-28T16:34:04.992Z]     -- promoting: S:/jenkins/workspace/ECP/ecg-maya-usd/ecg-mayausd-branch-preflight-2019-no-ufe-windows/ecg-maya-usd/maya-usd/lib/usd/utils/util.h
[2022-12-28T16:34:05.105Z]     -- promoting: S:/jenkins/workspace/ECP/ecg-maya-usd/ecg-mayausd-branch-preflight-2019-no-ufe-windows/ecg-maya-usd/maya-usd/lib/usd/ui/importDialog/IMayaMQtUtil.h
[2022-12-28T16:34:05.105Z]     -- promoting: S:/jenkins/workspace/ECP/ecg-maya-usd/ecg-mayausd-branch-preflight-2019-no-ufe-windows/ecg-maya-usd/maya-usd/lib/usd/ui/importDialog/ItemDelegate.h
[2022-12-28T16:34:05.105Z]     -- promoting: S:/jenkins/workspace/ECP/ecg-maya-usd/ecg-mayausd-branch-preflight-2019-no-ufe-windows/ecg-maya-usd/maya-usd/lib/usd/ui/importDialog/IUSDImportView.h
[2022-12-28T16:34:05.105Z]     -- promoting: S:/jenkins/workspace/ECP/ecg-maya-usd/ecg-mayausd-branch-preflight-2019-no-ufe-windows/ecg-maya-usd/maya-usd/lib/usd/ui/importDialog/TreeItem.h
[2022-12-28T16:34:05.105Z]     -- promoting: S:/jenkins/workspace/ECP/ecg-maya-usd/ecg-mayausd-branch-preflight-2019-no-ufe-windows/ecg-maya-usd/maya-usd/lib/usd/ui/importDialog/TreeModel.h
[2022-12-28T16:34:05.105Z]     -- promoting: S:/jenkins/workspace/ECP/ecg-maya-usd/ecg-mayausd-branch-preflight-2019-no-ufe-windows/ecg-maya-usd/maya-usd/lib/usd/ui/importDialog/TreeModelFactory.h
[2022-12-28T16:34:05.105Z]     -- promoting: S:/jenkins/workspace/ECP/ecg-maya-usd/ecg-mayausd-branch-preflight-2019-no-ufe-windows/ecg-maya-usd/maya-usd/lib/usd/ui/importDialog/USDImportDialog.h
[2022-12-28T16:34:05.105Z]     -- promoting: S:/jenkins/workspace/ECP/ecg-maya-usd/ecg-mayausd-branch-preflight-2019-no-ufe-windows/ecg-maya-usd/maya-usd/lib/usd/ui/importDialog/USDImportDialogCmd.h
[2022-12-28T16:34:05.105Z]     -- promoting: S:/jenkins/workspace/ECP/ecg-maya-usd/ecg-mayausd-branch-preflight-2019-no-ufe-windows/ecg-maya-usd/maya-usd/lib/usd/ui/importDialog/USDQtUtil.h
[2022-12-28T16:34:05.105Z]     -- promoting: S:/jenkins/workspace/ECP/ecg-maya-usd/ecg-mayausd-branch-preflight-2019-no-ufe-windows/ecg-maya-usd/maya-usd/lib/usd/ui/api.h
[2022-12-28T16:34:05.105Z]     -- promoting: S:/jenkins/workspace/ECP/ecg-maya-usd/ecg-mayausd-branch-preflight-2019-no-ufe-windows/ecg-maya-usd/maya-usd/lib/usd/ui/initStringResources.h
[2022-12-28T16:34:05.105Z]     ========== Pixar USD Plugin ==========
[2022-12-28T16:34:05.220Z]     Compiling W:/build/RelWithDebInfo/plugin/pxr/__init__.py ...
[2022-12-28T16:34:05.337Z]     ========== AL USD Plugin ==========
[2022-12-28T16:34:05.337Z]     CMake Deprecation Warning at plugin/al/CMakeLists.txt:7 (cmake_policy):
[2022-12-28T16:34:05.337Z]       The OLD behavior for policy CMP0026 will be removed from a future version
[2022-12-28T16:34:05.337Z]       of CMake.
[2022-12-28T16:34:05.337Z]     
[2022-12-28T16:34:05.337Z]       The cmake-policies(7) manual explains that the OLD behaviors of all
[2022-12-28T16:34:05.337Z]       policies are deprecated and that a policy should be set to OLD only under
[2022-12-28T16:34:05.337Z]       specific short-term circumstances.  Projects should be ported to the NEW
[2022-12-28T16:34:05.337Z]       behavior and not rely on setting a policy to OLD.
[2022-12-28T16:34:05.337Z]     
[2022-12-28T16:34:05.337Z]     
[2022-12-28T16:34:05.337Z]     -- Found Boost 1.70.0 at P:/shared/Artifactory/Windows/USD/cfb3d8a/lib/cmake/Boost-1.70.0
[2022-12-28T16:34:05.337Z]     --   Requested configuration: QUIET REQUIRED
[2022-12-28T16:34:05.337Z]     -- Found boost_headers 1.70.0 at P:/shared/Artifactory/Windows/USD/cfb3d8a/lib/cmake/boost_headers-1.70.0
[2022-12-28T16:34:05.337Z]     -- Found Boost: P:/shared/Artifactory/Windows/USD/cfb3d8a/lib/cmake/Boost-1.70.0/BoostConfig.cmake (found version "1.70.0")
[2022-12-28T16:34:05.337Z]     -- Found Boost 1.70.0 at P:/shared/Artifactory/Windows/USD/cfb3d8a/lib/cmake/Boost-1.70.0
[2022-12-28T16:34:05.337Z]     --   Requested configuration: QUIET REQUIRED COMPONENTS python
[2022-12-28T16:34:05.337Z]     -- Found boost_python 1.70.0 at P:/shared/Artifactory/Windows/USD/cfb3d8a/lib/cmake/boost_python-1.70.0
[2022-12-28T16:34:05.337Z]     --   boost_python27-vc141-mt-x64-1_70.lib
[2022-12-28T16:34:05.337Z]     -- Adding boost_python dependencies: headers
[2022-12-28T16:34:05.337Z]     -- Found Boost: P:/shared/Artifactory/Windows/USD/cfb3d8a/lib/cmake/Boost-1.70.0/BoostConfig.cmake (found version "1.70.0") found components: python
[2022-12-28T16:34:05.756Z]     -- Found GTest: W:/build/RelWithDebInfo/googletest-install/lib/gtest.lib
[2022-12-28T16:34:07.187Z]     -- Building AL_USDMayaSchemas
[2022-12-28T16:34:07.804Z]     Processing schema classes:
[2022-12-28T16:34:07.804Z]     ALModelAPI, ALFrameRange
[2022-12-28T16:34:07.804Z]     Loading Templates from p:\shared\Artifactory\Windows\USD\cfb3d8a\lib\usd\usd\resources\codegenTemplates
[2022-12-28T16:34:07.804Z]     Writing API:
[2022-12-28T16:34:07.804Z]     	    wrote W:\build\RelWithDebInfo\plugin\al\schemas\AL\usd\schemas\maya\api.h
[2022-12-28T16:34:07.804Z]     Writing Schema Tokens:
[2022-12-28T16:34:07.804Z]     	    wrote W:\build\RelWithDebInfo\plugin\al\schemas\AL\usd\schemas\maya\tokens.h
[2022-12-28T16:34:07.804Z]     	    wrote W:\build\RelWithDebInfo\plugin\al\schemas\AL\usd\schemas\maya\tokens.cpp
[2022-12-28T16:34:07.804Z]     	    wrote W:\build\RelWithDebInfo\plugin\al\schemas\AL\usd\schemas\maya\wrapTokens.cpp
[2022-12-28T16:34:07.804Z]     Generating Classes:
[2022-12-28T16:34:07.804Z]     	    wrote W:\build\RelWithDebInfo\plugin\al\schemas\AL\usd\schemas\maya\ModelAPI.h
[2022-12-28T16:34:07.804Z]     	    wrote W:\build\RelWithDebInfo\plugin\al\schemas\AL\usd\schemas\maya\ModelAPI.cpp
[2022-12-28T16:34:07.804Z]     	    wrote W:\build\RelWithDebInfo\plugin\al\schemas\AL\usd\schemas\maya\wrapModelAPI.cpp
[2022-12-28T16:34:07.804Z]     	    wrote W:\build\RelWithDebInfo\plugin\al\schemas\AL\usd\schemas\maya\FrameRange.h
[2022-12-28T16:34:07.804Z]     	    wrote W:\build\RelWithDebInfo\plugin\al\schemas\AL\usd\schemas\maya\FrameRange.cpp
[2022-12-28T16:34:07.804Z]     	    wrote W:\build\RelWithDebInfo\plugin\al\schemas\AL\usd\schemas\maya\wrapFrameRange.cpp
[2022-12-28T16:34:07.804Z]     Loading Templates from p:\shared\Artifactory\Windows\USD\cfb3d8a\lib\usd\usd\resources\codegenTemplates
[2022-12-28T16:34:07.804Z]     	    wrote W:\build\RelWithDebInfo\plugin\al\schemas\AL\usd\schemas\maya\plugInfo.json
[2022-12-28T16:34:07.804Z]     Generating Schematics:
[2022-12-28T16:34:07.804Z]     	    wrote W:\build\RelWithDebInfo\plugin\al\schemas\AL\usd\schemas\maya\generatedSchema.usda
[2022-12-28T16:34:08.828Z]     Processing schema classes:
[2022-12-28T16:34:08.828Z]     ALExamplePolyCubeNode
[2022-12-28T16:34:08.828Z]     Loading Templates from p:\shared\Artifactory\Windows\USD\cfb3d8a\lib\usd\usd\resources\codegenTemplates
[2022-12-28T16:34:08.828Z]     Writing API:
[2022-12-28T16:34:08.828Z]     	    wrote W:\build\RelWithDebInfo\plugin\al\schemas\AL\usd\schemas\mayatest\api.h
[2022-12-28T16:34:08.828Z]     Writing Schema Tokens:
[2022-12-28T16:34:08.828Z]     	    wrote W:\build\RelWithDebInfo\plugin\al\schemas\AL\usd\schemas\mayatest\tokens.h
[2022-12-28T16:34:08.828Z]     	    wrote W:\build\RelWithDebInfo\plugin\al\schemas\AL\usd\schemas\mayatest\tokens.cpp
[2022-12-28T16:34:08.828Z]     	    wrote W:\build\RelWithDebInfo\plugin\al\schemas\AL\usd\schemas\mayatest\wrapTokens.cpp
[2022-12-28T16:34:08.828Z]     Generating Classes:
[2022-12-28T16:34:08.828Z]     	    wrote W:\build\RelWithDebInfo\plugin\al\schemas\AL\usd\schemas\mayatest\ExamplePolyCubeNode.h
[2022-12-28T16:34:08.828Z]     	    wrote W:\build\RelWithDebInfo\plugin\al\schemas\AL\usd\schemas\mayatest\ExamplePolyCubeNode.cpp
[2022-12-28T16:34:08.828Z]     	    wrote W:\build\RelWithDebInfo\plugin\al\schemas\AL\usd\schemas\mayatest\wrapExamplePolyCubeNode.cpp
[2022-12-28T16:34:08.828Z]     Loading Templates from p:\shared\Artifactory\Windows\USD\cfb3d8a\lib\usd\usd\resources\codegenTemplates
[2022-12-28T16:34:08.828Z]     	    wrote W:\build\RelWithDebInfo\plugin\al\schemas\AL\usd\schemas\mayatest\plugInfo.json
[2022-12-28T16:34:08.828Z]     Generating Schematics:
[2022-12-28T16:34:08.828Z]     	    wrote W:\build\RelWithDebInfo\plugin\al\schemas\AL\usd\schemas\mayatest\generatedSchema.usda
[2022-12-28T16:34:08.828Z]     -- Building AL_USDMayaTranslators
[2022-12-28T16:34:08.940Z]     ========== ADSK USD Plugin ==========
[2022-12-28T16:34:09.054Z]     -- Configuring done
[2022-12-28T16:34:10.483Z]     -- Generating done
[2022-12-28T16:34:10.483Z]     CMake Warning:
[2022-12-28T16:34:10.483Z]       Manually-specified variables were not used by the project:
[2022-12-28T16:34:10.483Z]     
[2022-12-28T16:34:10.483Z]         MAYA_DEVKIT_LOCATION
[2022-12-28T16:34:10.483Z]     
[2022-12-28T16:34:10.483Z]     
[2022-12-28T16:34:10.483Z]     -- Build files have been written to: W:/build/RelWithDebInfo
[2022-12-28T16:34:10.483Z]     
[2022-12-28T16:34:10.483Z]         Building with settings:
[2022-12-28T16:34:10.483Z]           Source directory          S:\jenkins\workspace\ECP\ecg-maya-usd\ecg-mayausd-branch-preflight-2019-no-ufe-windows\ecg-maya-usd\maya-usd
[2022-12-28T16:34:10.483Z]           Workspace directory       W:\
[2022-12-28T16:34:10.483Z]           Build directory           W:\build\RelWithDebInfo
[2022-12-28T16:34:10.483Z]           Install directory         W:\install\RelWithDebInfo\MayaUSD
[2022-12-28T16:34:10.483Z]           Variant                   RelWithDebInfo
[2022-12-28T16:34:10.483Z]           Python Debug              Off
[2022-12-28T16:34:10.483Z]           CMake generator           Ninja
[2022-12-28T16:34:10.483Z]           Build arguments           ['-DCMAKE_MAKE_PROGRAM=P:/shared/Artifactory/Windows/ninja/1.9.0/c68f192/ninja.exe', '-DPYTHON_INCLUDE_DIR=P:/shared/Artifactory/Windows/rundev-2019/202003131251/runtime/155eb96/runTime/include/Python2.7', '-DPython_EXECUTABLE=P:/shared/Artifactory/Windows/rundev-2019/202003131251/runtime/155eb96/runTime/bin/mayapy.exe', '-DPYTHON_LIBRARIES=P:/shared/Artifactory/Windows/rundev-2019/202003131251/runtime/155eb96/runTime/lib/python27.lib', '-DCMAKE_WANT_UFE_BUILD=OFF', '-DUSD_LIB_PREFIX=', '-DCMAKE_WANT_MATERIALX_BUILD=ON', '-DCMAKE_PREFIX_PATH=P:\\shared\\Artifactory\\Windows\\USD\\cfb3d8a']
[2022-12-28T16:34:10.483Z]           Stages arguments          ['configure']
[2022-12-28T16:34:10.483Z]           CTest arguments           ['-E testUsdReferenceAssemblySelection|testUsdMayaAppDir', '-LE interactive', '--parallel 16']
[2022-12-28T16:34:10.483Z]     Success MayaUSD build and install !!!!
[2022-12-28T16:34:10.483Z]     Elapsed time: 00:00:26
[Pipeline] bat
[2022-12-28T16:34:10.897Z] Deleting alias drive W:
[Pipeline] bat
[2022-12-28T16:34:11.202Z] Deleting alias drive P:
[Pipeline] }
[Pipeline] // withEnv
[Pipeline] }
[Pipeline] // timeout
[Pipeline] }
[Pipeline] // stage
[Pipeline] }
[Pipeline] // timestamps
[Pipeline] timestamps
[Pipeline] {
[Pipeline] stage
[Pipeline] { (Build)
[Pipeline] timeout
[2022-12-28T16:34:11.277Z] Timeout set to expire in 6 hr 0 min
[Pipeline] {
[Pipeline] withEnv
[Pipeline] {
[Pipeline] bat
[2022-12-28T16:34:11.720Z] Creating alias drive P: to S:\jenkins\workspace
[Pipeline] bat
[2022-12-28T16:34:12.039Z] Creating alias drive W: to S:\jenkins\workspace\ECP\ecg-maya-usd\ecg-mayausd-branch-preflight-2019-no-ufe-windows
[Pipeline] bat
[2022-12-28T16:34:12.395Z] "C:\Program Files (x86)\Microsoft Visual Studio\2017\Professional\VC\Auxiliary\Build\vcvarsall.bat" x64
[2022-12-28T16:34:12.605Z] **********************************************************************
[2022-12-28T16:34:12.605Z] ** Visual Studio 2017 Developer Command Prompt v15.9.15
[2022-12-28T16:34:12.605Z] ** Copyright (c) 2017 Microsoft Corporation
[2022-12-28T16:34:12.605Z] **********************************************************************
[2022-12-28T16:34:13.422Z] [vcvarsall.bat] Environment initialized for: 'x64'
[2022-12-28T16:34:13.422Z] python ecg-maya-usd/build.py --stages=build --workspace-dir=W:\ --artifactory-dir=P:\shared\Artifactory --build-dir=W:\build --install-dir=W:\install --signing-dir=W:\signing --package-dir=W:\package --output-dir=W:\output --stash-dir=W:\stash --jenkins-build=557 --git-commit=1ed4d6d30b65a887c65870aa20e579486cb95da0 --git-branch=master --variants=RelWithDebInfo --python=2.7 --ufe=false --pxrusd-version=0.21.05-gold --post-zips=false --build-retry=3 --maya-cut-config=maya-rundev-2019.yaml --maya-package=rundev-2019 --stage-banner
[2022-12-28T16:34:14.341Z] Using Maya cut from P:\shared\Artifactory\Windows\rundev-2019\202003131251\runtime\155eb96
[2022-12-28T16:34:14.341Z] 
[2022-12-28T16:34:14.341Z] ================================================================================
[2022-12-28T16:34:14.341Z]                              build (RelWithDebInfo)
[2022-12-28T16:34:14.341Z] ================================================================================
[2022-12-28T16:34:14.341Z] Maya Python RelWithDebInfo Info:
[2022-12-28T16:34:14.341Z]   mayapy executable   = P:\shared\Artifactory\Windows\rundev-2019\202003131251\runtime\155eb96\runTime\bin\mayapy.exe
[2022-12-28T16:34:14.341Z]   Include Folder      = P:\shared\Artifactory\Windows\rundev-2019\202003131251\runtime\155eb96\runTime\include\Python2.7
[2022-12-28T16:34:14.341Z]   Library             = P:\shared\Artifactory\Windows\rundev-2019\202003131251\runtime\155eb96\runTime\lib\python27.lib
[2022-12-28T16:34:14.341Z]   site-package Folder = P:\shared\Artifactory\Windows\rundev-2019\202003131251\runtime\155eb96\runTime\Python\Lib\site-packages
[2022-12-28T16:34:15.056Z] In workdir: S:\jenkins\workspace\ECP\ecg-maya-usd\ecg-mayausd-branch-preflight-2019-no-ufe-windows\ecg-maya-usd\maya-usd
[2022-12-28T16:34:15.056Z] Executing: 'P:\\shared\\Artifactory\\Windows\\rundev-2019\\202003131251\\runtime\\155eb96\\runTime\\bin\\mayapy.exe' 'S:\\jenkins\\workspace\\ECP\\ecg-maya-usd\\ecg-mayausd-branch-preflight-2019-no-ufe-windows\\ecg-maya-usd\\maya-usd\\build.py' --generator Ninja --build-relwithdebug --maya-location 'P:\\shared\\Artifactory\\Windows\\rundev-2019\\202003131251\\runtime\\155eb96\\runTime' --devkit-location 'P:\\shared\\Artifactory\\Windows\\rundev-2019\\202003131251\\runtime\\155eb96\\devkitBase' --pxrusd-location 'P:\\shared\\Artifactory\\Windows\\USD\\cfb3d8a' --qt-location 'P:\\shared\\Artifactory\\Windows\\qt\\5.6.1\\1acd0ba' '--build-args=-DCMAKE_MAKE_PROGRAM=P:/shared/Artifactory/Windows/ninja/1.9.0/c68f192/ninja.exe,-DPYTHON_INCLUDE_DIR=P:/shared/Artifactory/Windows/rundev-2019/202003131251/runtime/155eb96/runTime/include/Python2.7,-DPython_EXECUTABLE=P:/shared/Artifactory/Windows/rundev-2019/202003131251/runtime/155eb96/runTime/bin/mayapy.exe,-DPYTHON_LIBRARIES=P:/shared/Artifactory/Windows/rundev-2019/202003131251/runtime/155eb96/runTime/lib/python27.lib,-DCMAKE_WANT_UFE_BUILD=OFF,-DUSD_LIB_PREFIX=,-DCMAKE_WANT_MATERIALX_BUILD=ON,-DCMAKE_PREFIX_PATH=P:\\shared\\Artifactory\\Windows\\USD\\cfb3d8a' '--ctest-args=-E testUsdReferenceAssemblySelection|testUsdMayaAppDir,-LE interactive,--parallel 16' --stages=build --redirect-outstream-file=False --install-location 'W:\\install\\RelWithDebInfo\\MayaUSD' 'W:\\'
[2022-12-28T16:34:15.056Z] Modified environment variables:
[2022-12-28T16:34:15.056Z]     PATH=P:\shared\Artifactory\Windows\cmake\3.20.3\afe857a\bin;C:\Python27\lib\site-packages\pywin32_system32;C:\Program Files (x86)\Microsoft Visual Studio\2017\Professional\VC\Tools\MSVC\14.16.27023\bin\HostX64\x64;C:\Program Files (x86)\Microsoft Visual Studio\2017\Professional\Common7\IDE\VC\VCPackages;C:\Program Files (x86)\Microsoft Visual Studio\2017\Professional\Common7\IDE\CommonExtensions\Microsoft\TestWindow;C:\Program Files (x86)\Microsoft Visual Studio\2017\Professional\Common7\IDE\CommonExtensions\Microsoft\TeamFoundation\Team Explorer;C:\Program Files (x86)\Microsoft Visual Studio\2017\Professional\MSBuild\15.0\bin\Roslyn;C:\Program Files (x86)\Microsoft Visual Studio\2017\Professional\Team Tools\Performance Tools\x64;C:\Program Files (x86)\Microsoft Visual Studio\2017\Professional\Team Tools\Performance Tools;C:\Program Files (x86)\Microsoft Visual Studio\Shared\Common\VSPerfCollectionTools\\x64;C:\Program Files (x86)\Microsoft Visual Studio\Shared\Common\VSPerfCollectionTools\;C:\Program Files (x86)\Microsoft SDKs\Windows\v10.0A\bin\NETFX 4.6.1 Tools\x64\;C:\Program Files (x86)\HTML Help Workshop;C:\Program Files (x86)\Windows Kits\10\bin\10.0.18362.0\x64;C:\Program Files (x86)\Windows Kits\10\bin\x64;C:\Program Files (x86)\Microsoft Visual Studio\2017\Professional\\MSBuild\15.0\bin;C:\WINDOWS\Microsoft.NET\Framework64\v4.0.30319;C:\Program Files (x86)\Microsoft Visual Studio\2017\Professional\Common7\IDE\;C:\Program Files (x86)\Microsoft Visual Studio\2017\Professional\Common7\Tools\;C:\Python27\;C:\Python27\Scripts;C:\WINDOWS\system32;C:\WINDOWS;C:\WINDOWS\System32\Wbem;C:\WINDOWS\System32\WindowsPowerShell\v1.0\;C:\WINDOWS\System32\OpenSSH\;C:\ProgramData\chocolatey\bin;C:\Program Files (x86)\WiX Toolset v3.7\bin;C:\Program Files\dotnet\;C:\Program Files (x86)\Windows Kits\10\bin\10.0.18362.0\x64;C:\Program Files\Zulu\zulu-11\bin\;C:\Program Files (x86)\Windows Kits\10\bin\10.0.17763.0\x64;C:\Program Files (x86)\Windows Kits\10\bin\x64;C:\Program Files\Git\cmd;C:\Program Files\Git\usr\bin;C:\Program Files\Git\mingw64\bin;C:\Program Files\Git\bin;C:\Python38\;C:\Python38\Scripts;C:\StoreBoxClientWindows;C:\Program Files\Electric Cloud\ElectricCommander\bin;C:\Program Files\WinRAR;C:\Program Files\7-Zip;C:\Users\Administrator\AppData\Local\Microsoft\WindowsApps;C:\Program Files (x86)\Microsoft Visual Studio\2017\Professional\Common7\IDE\CommonExtensions\Microsoft\CMake\CMake\bin;C:\Program Files (x86)\Microsoft Visual Studio\2017\Professional\Common7\IDE\CommonExtensions\Microsoft\CMake\Ninja
[2022-12-28T16:34:16.482Z]     [1/621] Building CXX object test\lib\usd\utils\CMakeFiles\testDiffLists.dir\main.cpp.obj
[2022-12-28T16:34:16.482Z]     [2/621] Building CXX object test\lib\usd\utils\CMakeFiles\testDiffCore.dir\main.cpp.obj
[2022-12-28T16:34:16.482Z]     [3/621] Building CXX object test\lib\usd\utils\CMakeFiles\testDiffValues.dir\main.cpp.obj
[2022-12-28T16:34:17.103Z]     [4/621] Building CXX object test\lib\usd\utils\CMakeFiles\testDiffCore.dir\test_DiffCore.cpp.obj
[2022-12-28T16:34:17.516Z]     [5/621] Building CXX object test\lib\usd\utils\CMakeFiles\testDiffPrims.dir\main.cpp.obj
[2022-12-28T16:34:18.439Z]     [6/621] Building CXX object test\lib\usd\utils\CMakeFiles\testDiffDictionaries.dir\main.cpp.obj
[2022-12-28T16:34:19.363Z]     [7/621] Building CXX object test\lib\usd\utils\CMakeFiles\testDiffAttributes.dir\main.cpp.obj
[2022-12-28T16:34:22.248Z]     [8/621] Building CXX object test\lib\usd\utils\CMakeFiles\testDiffPrims.dir\test_DiffPrims.cpp.obj
[2022-12-28T16:34:22.418Z]     [9/621] Building CXX object test\lib\usd\utils\CMakeFiles\testDiffPrims.dir\test_DiffPrimsChildren.cpp.obj
[2022-12-28T16:34:22.561Z]     [10/621] Building CXX object test\lib\usd\utils\CMakeFiles\testDiffPrims.dir\test_DiffPrimsRelations.cpp.obj
[2022-12-28T16:34:22.824Z]     [11/621] Building CXX object test\lib\usd\utils\CMakeFiles\testDiffValues.dir\test_DiffValues.cpp.obj
[2022-12-28T16:34:23.283Z]     [12/621] Building CXX object test\lib\usd\utils\CMakeFiles\testDiffValues.dir\test_DiffValuesMatrices.cpp.obj
[2022-12-28T16:34:23.409Z]     [13/621] Building CXX object test\lib\usd\utils\CMakeFiles\testDiffValues.dir\test_DiffValuesQuaternions.cpp.obj
[2022-12-28T16:34:23.547Z]     [14/621] Building CXX object test\lib\usd\utils\CMakeFiles\testDiffLists.dir\test_DiffLists.cpp.obj
[2022-12-28T16:34:23.680Z]     [15/621] Building CXX object test\lib\usd\utils\CMakeFiles\testDiffValues.dir\test_DiffValuesGeneric.cpp.obj
[2022-12-28T16:34:23.796Z]     [16/621] Building CXX object test\lib\usd\utils\CMakeFiles\testDiffValues.dir\test_DiffValuesArrays.cpp.obj
[2022-12-28T16:34:24.018Z]     [17/621] Building CXX object test\lib\usd\utils\CMakeFiles\testDiffValues.dir\test_DiffValuesHalfVecs.cpp.obj
[2022-12-28T16:34:24.601Z]     [18/621] Building CXX object test\lib\usd\utils\CMakeFiles\testDiffRelationships.dir\main.cpp.obj
[2022-12-28T16:34:24.601Z]     [19/621] Building CXX object test\lib\usd\utils\CMakeFiles\testDiffMetadatas.dir\main.cpp.obj
[2022-12-28T16:34:24.601Z]     [20/621] Building CXX object test\lib\usd\utils\CMakeFiles\testDiffComputeOverall.dir\main.cpp.obj
[2022-12-28T16:34:24.925Z]     [21/621] Building CXX object test\lib\usd\utils\CMakeFiles\testDiffValues.dir\test_DiffValuesDoubleVecs.cpp.obj
[2022-12-28T16:34:25.033Z]     [22/621] Building CXX object test\lib\usd\utils\CMakeFiles\testDiffValues.dir\test_DiffValuesFloatVecs.cpp.obj
[2022-12-28T16:34:25.155Z]     [23/621] Building CXX object test\lib\usd\utils\CMakeFiles\testDiffValues.dir\test_DiffValuesIntVecs.cpp.obj
[2022-12-28T16:34:25.155Z]     [24/621] Building CXX object test\lib\usd\utils\CMakeFiles\testDiffPrims.dir\test_DiffPrimsAttributes.cpp.obj
[2022-12-28T16:34:25.368Z]     [25/621] Building CXX object test\lib\usd\utils\CMakeFiles\testMergePrims.dir\main.cpp.obj
[2022-12-28T16:34:25.786Z]     [26/621] Building CXX object test\lib\usd\utils\CMakeFiles\testDiffDictionaries.dir\test_DiffDictionaries.cpp.obj
[2022-12-28T16:34:25.786Z]     [27/621] Building CXX object lib\mayaUsd\CMakeFiles\mayaUsd.dir\base\debugCodes.cpp.obj
[2022-12-28T16:34:25.995Z]     [28/621] Building CXX object lib\mayaUsd\CMakeFiles\mayaUsd.dir\base\tokens.cpp.obj
[2022-12-28T16:34:28.954Z]     [29/621] Building CXX object test\lib\usd\utils\CMakeFiles\testDiffAttributes.dir\test_DiffAttributes.cpp.obj
[2022-12-28T16:34:30.837Z]     [30/621] Building CXX object test\lib\usd\utils\CMakeFiles\testDiffComputeOverall.dir\test_DiffComputeOverall.cpp.obj
[2022-12-28T16:34:30.945Z]     [31/621] Building CXX object test\lib\usd\utils\CMakeFiles\testDiffRelationships.dir\test_DiffRelationships.cpp.obj
[2022-12-28T16:34:31.057Z]     [32/621] Building CXX object test\lib\usd\utils\CMakeFiles\testDiffMetadatas.dir\test_DiffMetadatas.cpp.obj
[2022-12-28T16:34:31.187Z]     [33/621] Building CXX object test\lib\usd\utils\CMakeFiles\testMergePrims.dir\test_MergePrims.cpp.obj
[2022-12-28T16:34:31.509Z]     [34/621] Building CXX object lib\mayaUsd\CMakeFiles\mayaUsd.dir\commands\baseListJobContextsCommand.cpp.obj
[2022-12-28T16:34:31.620Z]     [35/621] Building CXX object lib\mayaUsd\CMakeFiles\mayaUsd.dir\commands\layerEditorWindowCommand.cpp.obj
[2022-12-28T16:34:32.254Z]     [36/621] Building CXX object lib\mayaUsd\CMakeFiles\mayaUsd.dir\commands\baseImportCommand.cpp.obj
[2022-12-28T16:34:32.254Z]     [37/621] Building CXX object lib\mayaUsd\CMakeFiles\mayaUsd.dir\fileio\shaderWriter.cpp.obj
[2022-12-28T16:34:32.386Z]     [38/621] Building CXX object lib\mayaUsd\CMakeFiles\mayaUsd.dir\fileio\fallbackPrimReader.cpp.obj
[2022-12-28T16:34:32.598Z]     [39/621] Building CXX object lib\mayaUsd\CMakeFiles\mayaUsd.dir\commands\editTargetCommand.cpp.obj
[2022-12-28T16:34:32.598Z]     [40/621] Building CXX object lib\mayaUsd\CMakeFiles\mayaUsd.dir\fileio\shaderReader.cpp.obj
[2022-12-28T16:34:32.719Z]     [41/621] Building CXX object lib\mayaUsd\CMakeFiles\mayaUsd.dir\fileio\shaderReaderRegistry.cpp.obj
[2022-12-28T16:34:33.483Z]     [42/621] Building CXX object lib\mayaUsd\CMakeFiles\mayaUsd.dir\commands\baseExportCommand.cpp.obj
[2022-12-28T16:34:33.607Z]     [43/621] Building CXX object lib\mayaUsd\CMakeFiles\mayaUsd.dir\fileio\transformWriter.cpp.obj
[2022-12-28T16:34:34.027Z]     [44/621] Building CXX object lib\mayaUsd\CMakeFiles\mayaUsd.dir\fileio\shaderWriterRegistry.cpp.obj
[2022-12-28T16:34:34.252Z]     [45/621] Building CXX object lib\mayaUsd\CMakeFiles\mayaUsd.dir\fileio\writeJobContext.cpp.obj
[2022-12-28T16:34:35.997Z]     [46/621] Building CXX object lib\mayaUsd\CMakeFiles\mayaUsd.dir\fileio\jobContextRegistry.cpp.obj
[2022-12-28T16:34:37.624Z]     [47/621] Building CXX object lib\mayaUsd\CMakeFiles\mayaUsd.dir\fileio\primReader.cpp.obj
[2022-12-28T16:34:37.842Z]     [48/621] Building CXX object lib\mayaUsd\CMakeFiles\mayaUsd.dir\commands\baseListShadingModesCommand.cpp.obj
[2022-12-28T16:34:38.670Z]     [49/621] Building CXX object lib\mayaUsd\CMakeFiles\mayaUsd.dir\fileio\primWriterContext.cpp.obj
[2022-12-28T16:34:38.937Z]     [50/621] Building CXX object lib\mayaUsd\CMakeFiles\mayaUsd.dir\fileio\primReaderArgs.cpp.obj
[2022-12-28T16:34:39.066Z]     [51/621] Building CXX object lib\mayaUsd\CMakeFiles\mayaUsd.dir\fileio\functorPrimReader.cpp.obj
[2022-12-28T16:34:39.066Z]     [52/621] Building CXX object lib\mayaUsd\CMakeFiles\mayaUsd.dir\fileio\chaser\exportChaser.cpp.obj
[2022-12-28T16:34:39.205Z]     [53/621] Building CXX object lib\mayaUsd\CMakeFiles\mayaUsd.dir\fileio\importData.cpp.obj
[2022-12-28T16:34:39.389Z]     [54/621] Building CXX object lib\mayaUsd\CMakeFiles\mayaUsd.dir\fileio\primReaderContext.cpp.obj
[2022-12-28T16:34:39.735Z]     [55/621] Building CXX object lib\mayaUsd\CMakeFiles\mayaUsd.dir\commands\layerEditorCommand.cpp.obj
[2022-12-28T16:34:39.735Z]     [56/621] Building CXX object lib\mayaUsd\CMakeFiles\mayaUsd.dir\fileio\primReaderRegistry.cpp.obj
[2022-12-28T16:34:39.863Z]     [57/621] Building CXX object lib\mayaUsd\CMakeFiles\mayaUsd.dir\fileio\functorPrimWriter.cpp.obj
[2022-12-28T16:34:39.982Z]     [58/621] Building CXX object lib\mayaUsd\CMakeFiles\mayaUsd.dir\fileio\instancedNodeWriter.cpp.obj
[2022-12-28T16:34:40.500Z]     [59/621] Building CXX object lib\mayaUsd\CMakeFiles\mayaUsd.dir\fileio\primWriter.cpp.obj
[2022-12-28T16:34:40.612Z]     [60/621] Building CXX object lib\mayaUsd\CMakeFiles\mayaUsd.dir\fileio\primWriterArgs.cpp.obj
[2022-12-28T16:34:40.726Z]     [61/621] Building CXX object lib\mayaUsd\CMakeFiles\mayaUsd.dir\fileio\primWriterRegistry.cpp.obj
[2022-12-28T16:34:41.468Z]     [62/621] Building CXX object lib\mayaUsd\CMakeFiles\mayaUsd.dir\fileio\registryHelper.cpp.obj
[2022-12-28T16:34:42.395Z]     [63/621] Building CXX object lib\mayaUsd\CMakeFiles\mayaUsd.dir\fileio\schemaApiAdaptorRegistry.cpp.obj
[2022-12-28T16:34:45.556Z]     [64/621] Building CXX object lib\mayaUsd\CMakeFiles\mayaUsd.dir\fileio\schemaApiAdaptor.cpp.obj
[2022-12-28T16:34:45.556Z]     [65/621] Building CXX object lib\mayaUsd\CMakeFiles\mayaUsd.dir\fileio\chaser\exportChaserRegistry.cpp.obj
[2022-12-28T16:34:45.983Z]     [66/621] Building CXX object lib\mayaUsd\CMakeFiles\mayaUsd.dir\fileio\chaser\importChaser.cpp.obj
[2022-12-28T16:34:46.432Z]     [67/621] Building CXX object lib\mayaUsd\CMakeFiles\mayaUsd.dir\fileio\chaser\importChaserRegistry.cpp.obj
[2022-12-28T16:34:47.354Z]     [68/621] Building CXX object lib\mayaUsd\CMakeFiles\mayaUsd.dir\fileio\jobs\modelKindProcessor.cpp.obj
[2022-12-28T16:34:47.480Z]     [69/621] Building CXX object lib\mayaUsd\CMakeFiles\mayaUsd.dir\fileio\jobs\meshDataReadJob.cpp.obj
[2022-12-28T16:34:47.710Z]     [70/621] Building CXX object lib\mayaUsd\CMakeFiles\mayaUsd.dir\fileio\shading\shadingModeExporter.cpp.obj
[2022-12-28T16:34:47.710Z]     [71/621] Building CXX object lib\mayaUsd\CMakeFiles\mayaUsd.dir\fileio\shading\shadingModeDisplayColor.cpp.obj
[2022-12-28T16:34:48.521Z]     [72/621] Building CXX object lib\mayaUsd\CMakeFiles\mayaUsd.dir\fileio\jobs\writeJob.cpp.obj
[2022-12-28T16:34:48.867Z]     [73/621] Building CXX object lib\mayaUsd\CMakeFiles\mayaUsd.dir\fileio\shading\shadingModeUseRegistry.cpp.obj
[2022-12-28T16:34:49.863Z]     [74/621] Building CXX object lib\mayaUsd\CMakeFiles\mayaUsd.dir\fileio\jobs\readJob.cpp.obj
[2022-12-28T16:34:50.498Z]     [75/621] Building CXX object lib\mayaUsd\CMakeFiles\mayaUsd.dir\fileio\shading\symmetricShaderReader.cpp.obj
[2022-12-28T16:34:50.714Z]     [76/621] Building CXX object lib\mayaUsd\CMakeFiles\mayaUsd.dir\fileio\jobs\jobArgs.cpp.obj
[2022-12-28T16:34:51.242Z]     [77/621] Building CXX object lib\mayaUsd\CMakeFiles\mayaUsd.dir\fileio\shading\shadingModePxrRis.cpp.obj
[2022-12-28T16:34:52.396Z]     [78/621] Building CXX object lib\mayaUsd\CMakeFiles\mayaUsd.dir\fileio\shading\shadingModeImporter.cpp.obj
[2022-12-28T16:34:53.229Z]     [79/621] Building CXX object lib\mayaUsd\CMakeFiles\mayaUsd.dir\fileio\shading\shadingModeExporterContext.cpp.obj
[2022-12-28T16:34:54.460Z]     [80/621] Building CXX object lib\mayaUsd\CMakeFiles\mayaUsd.dir\fileio\shading\shadingModeRegistry.cpp.obj
[2022-12-28T16:34:55.627Z]     [81/621] Building CXX object lib\mayaUsd\CMakeFiles\mayaUsd.dir\fileio\translators\translatorGprim.cpp.obj
[2022-12-28T16:34:56.123Z]     [82/621] Building CXX object lib\mayaUsd\CMakeFiles\mayaUsd.dir\fileio\translators\translatorMayaReference.cpp.obj
[2022-12-28T16:34:56.358Z]     [83/621] Building CXX object lib\mayaUsd\CMakeFiles\mayaUsd.dir\fileio\translators\translatorLight.cpp.obj
[2022-12-28T16:34:56.491Z]     [84/621] Building CXX object lib\mayaUsd\CMakeFiles\mayaUsd.dir\fileio\shading\symmetricShaderWriter.cpp.obj
[2022-12-28T16:34:56.729Z]     [85/621] Building CXX object lib\mayaUsd\CMakeFiles\mayaUsd.dir\fileio\translators\translatorCurves.cpp.obj
[2022-12-28T16:34:56.875Z]     [86/621] Building CXX object lib\mayaUsd\CMakeFiles\mayaUsd.dir\fileio\translators\skelBindingsProcessor.cpp.obj
[2022-12-28T16:34:56.875Z]     [87/621] Building CXX object lib\mayaUsd\CMakeFiles\mayaUsd.dir\fileio\translators\translatorCamera.cpp.obj
[2022-12-28T16:34:56.993Z]     [88/621] Building CXX object lib\mayaUsd\CMakeFiles\mayaUsd.dir\nodes\pointBasedDeformerNode.cpp.obj
[2022-12-28T16:34:57.518Z]     [89/621] Building CXX object lib\mayaUsd\CMakeFiles\mayaUsd.dir\nodes\hdImagingShape.cpp.obj
[2022-12-28T16:34:57.636Z]     [90/621] Building CXX object lib\mayaUsd\CMakeFiles\mayaUsd.dir\fileio\translators\translatorMesh.cpp.obj
[2022-12-28T16:34:57.851Z]     [91/621] Building CXX object lib\mayaUsd\CMakeFiles\mayaUsd.dir\fileio\translators\translatorMaterial.cpp.obj
[2022-12-28T16:34:59.485Z]     [92/621] Building CXX object lib\mayaUsd\CMakeFiles\mayaUsd.dir\listeners\stageNoticeListener.cpp.obj
[2022-12-28T16:35:00.306Z]     [93/621] Building CXX object lib\mayaUsd\CMakeFiles\mayaUsd.dir\nodes\proxyAccessor.cpp.obj
[2022-12-28T16:35:01.435Z]     [94/621] Building CXX object lib\mayaUsd\CMakeFiles\mayaUsd.dir\fileio\translators\translatorPrim.cpp.obj
[2022-12-28T16:35:03.517Z]     [95/621] Building CXX object lib\mayaUsd\CMakeFiles\mayaUsd.dir\fileio\translators\translatorXformable_decompose.cpp.obj
[2022-12-28T16:35:03.977Z]     [96/621] Building CXX object lib\mayaUsd\CMakeFiles\mayaUsd.dir\nodes\proxyShapePlugin.cpp.obj
[2022-12-28T16:35:04.655Z]     [97/621] Building CXX object lib\mayaUsd\CMakeFiles\mayaUsd.dir\fileio\translators\translatorXformable.cpp.obj
[2022-12-28T16:35:04.951Z]     [98/621] Building CXX object lib\mayaUsd\CMakeFiles\mayaUsd.dir\fileio\utils\roundTripUtil.cpp.obj
[2022-12-28T16:35:04.951Z]     [99/621] Building CXX object lib\mayaUsd\CMakeFiles\mayaUsd.dir\fileio\translators\translatorRfMLight.cpp.obj
[2022-12-28T16:35:05.220Z]     [100/621] Building CXX object lib\mayaUsd\CMakeFiles\mayaUsd.dir\fileio\utils\meshReadUtils.cpp.obj
[2022-12-28T16:35:05.562Z]     [101/621] Building CXX object lib\mayaUsd\CMakeFiles\mayaUsd.dir\fileio\translators\translatorSkel.cpp.obj
[2022-12-28T16:35:05.562Z]     [102/621] Building CXX object lib\mayaUsd\CMakeFiles\mayaUsd.dir\fileio\translators\translatorRfMLight_deprecated.cpp.obj
[2022-12-28T16:35:05.562Z]     [103/621] Building CXX object lib\mayaUsd\CMakeFiles\mayaUsd.dir\fileio\utils\jointWriteUtils.cpp.obj
[2022-12-28T16:35:05.562Z]     [104/621] Building CXX object lib\mayaUsd\CMakeFiles\mayaUsd.dir\fileio\translators\translatorNurbsPatch.cpp.obj
[2022-12-28T16:35:05.680Z]     [105/621] Building CXX object lib\mayaUsd\CMakeFiles\mayaUsd.dir\fileio\utils\adaptor.cpp.obj
[2022-12-28T16:35:05.998Z]     [106/621] Building CXX object lib\mayaUsd\CMakeFiles\mayaUsd.dir\fileio\translators\translatorUtil.cpp.obj
[2022-12-28T16:35:06.313Z]     [107/621] Building CXX object lib\mayaUsd\CMakeFiles\mayaUsd.dir\render\px_vp20\glslProgram.cpp.obj
[2022-12-28T16:35:06.541Z]     [108/621] Building CXX object lib\mayaUsd\CMakeFiles\mayaUsd.dir\nodes\proxyShapeBase.cpp.obj
[2022-12-28T16:35:07.475Z]     [109/621] Building CXX object lib\mayaUsd\CMakeFiles\mayaUsd.dir\render\pxrUsdMayaGL\debugCodes.cpp.obj
[2022-12-28T16:35:08.301Z]     [110/621] Building CXX object lib\mayaUsd\CMakeFiles\mayaUsd.dir\listeners\notice.cpp.obj
[2022-12-28T16:35:08.519Z]     [111/621] Building CXX object lib\mayaUsd\CMakeFiles\mayaUsd.dir\python\moduleDeps.cpp.obj
[2022-12-28T16:35:10.672Z]     [112/621] Building CXX object lib\mayaUsd\CMakeFiles\mayaUsd.dir\fileio\utils\meshWriteUtils.cpp.obj
[2022-12-28T16:35:11.207Z]     [113/621] Building CXX object lib\mayaUsd\CMakeFiles\mayaUsd.dir\nodes\stageData.cpp.obj
[2022-12-28T16:35:11.648Z]     [114/621] Building CXX object lib\mayaUsd\CMakeFiles\mayaUsd.dir\nodes\usdPrimProvider.cpp.obj
[2022-12-28T16:35:11.863Z]     [115/621] Building CXX object lib\mayaUsd\CMakeFiles\mayaUsd.dir\fileio\utils\writeUtil.cpp.obj
[2022-12-28T16:35:12.204Z]     [116/621] Building CXX object lib\mayaUsd\CMakeFiles\mayaUsd.dir\nodes\proxyShapeStageExtraData.cpp.obj
[2022-12-28T16:35:12.204Z]     [117/621] Building CXX object lib\mayaUsd\CMakeFiles\mayaUsd.dir\fileio\utils\shadingUtil.cpp.obj
[2022-12-28T16:35:12.548Z]     [118/621] Building CXX object lib\mayaUsd\CMakeFiles\mayaUsd.dir\listeners\proxyShapeNotice.cpp.obj
[2022-12-28T16:35:13.306Z]     [119/621] Building CXX object lib\mayaUsd\CMakeFiles\mayaUsd.dir\fileio\utils\readUtil.cpp.obj
[2022-12-28T16:35:13.310Z]     [120/621] Building CXX object lib\mayaUsd\CMakeFiles\mayaUsd.dir\nodes\stageNode.cpp.obj
[2022-12-28T16:35:13.632Z]     [121/621] Building CXX object lib\mayaUsd\CMakeFiles\mayaUsd.dir\render\px_vp20\utils.cpp.obj
[2022-12-28T16:35:13.632Z]     [122/621] Building CXX object lib\mayaUsd\CMakeFiles\mayaUsd.dir\render\pxrUsdMayaGL\userData.cpp.obj
[2022-12-28T16:35:13.632Z]     [123/621] Building CXX object lib\mayaUsd\CMakeFiles\mayaUsd.dir\fileio\utils\userTaggedAttribute.cpp.obj
[2022-12-28T16:35:13.850Z]     [124/621] Building CXX object lib\mayaUsd\CMakeFiles\mayaUsd.dir\fileio\utils\xformStack.cpp.obj
[2022-12-28T16:35:14.390Z]     [125/621] Building CXX object lib\mayaUsd\CMakeFiles\mayaUsd.dir\render\px_vp20\utils_legacy.cpp.obj
[2022-12-28T16:35:14.502Z]     [126/621] Building CXX object lib\mayaUsd\CMakeFiles\mayaUsd.dir\render\pxrUsdMayaGL\softSelectHelper.cpp.obj
[2022-12-28T16:35:14.642Z]     [127/621] Building CXX object lib\mayaUsd\CMakeFiles\mayaUsd.dir\render\vp2RenderDelegate\bboxGeom.cpp.obj
[2022-12-28T16:35:14.811Z]     [128/621] Building CXX object lib\mayaUsd\CMakeFiles\mayaUsd.dir\render\vp2RenderDelegate\debugCodes.cpp.obj
[2022-12-28T16:35:15.855Z]     [129/621] Building CXX object lib\mayaUsd\CMakeFiles\mayaUsd.dir\render\pxrUsdMayaGL\batchRenderer.cpp.obj
[2022-12-28T16:35:15.973Z]     [130/621] Building CXX object lib\mayaUsd\CMakeFiles\mayaUsd.dir\render\pxrUsdMayaGL\hdImagingShapeDrawOverride.cpp.obj
[2022-12-28T16:35:19.991Z]     [131/621] Building CXX object lib\mayaUsd\CMakeFiles\mayaUsd.dir\render\vp2RenderDelegate\extComputation.cpp.obj
[2022-12-28T16:35:20.230Z]     [132/621] Building CXX object lib\mayaUsd\CMakeFiles\mayaUsd.dir\render\vp2RenderDelegate\instancer.cpp.obj
[2022-12-28T16:35:20.230Z]     [133/621] Building CXX object lib\mayaUsd\CMakeFiles\mayaUsd.dir\render\vp2RenderDelegate\meshViewportCompute.cpp.obj
[2022-12-28T16:35:20.230Z]     [134/621] Building CXX object lib\mayaUsd\CMakeFiles\mayaUsd.dir\render\vp2RenderDelegate\draw_item.cpp.obj
[2022-12-28T16:35:20.347Z]     [135/621] Building CXX object lib\mayaUsd\CMakeFiles\mayaUsd.dir\render\pxrUsdMayaGL\shapeAdapter.cpp.obj
[2022-12-28T16:35:20.787Z]     [136/621] Building CXX object lib\mayaUsd\CMakeFiles\mayaUsd.dir\render\pxrUsdMayaGL\hdImagingShapeUI.cpp.obj
[2022-12-28T16:35:21.119Z]     [137/621] Building CXX object lib\mayaUsd\CMakeFiles\mayaUsd.dir\render\pxrUsdMayaGL\proxyShapeDelegate.cpp.obj
[2022-12-28T16:35:21.344Z]     [138/621] Building CXX object lib\mayaUsd\CMakeFiles\mayaUsd.dir\render\pxrUsdMayaGL\sceneDelegate.cpp.obj
[2022-12-28T16:35:21.469Z]     [139/621] Building CXX object lib\mayaUsd\CMakeFiles\mayaUsd.dir\render\pxrUsdMayaGL\instancerImager.cpp.obj
[2022-12-28T16:35:22.295Z]     [140/621] Building CXX object lib\mayaUsd\CMakeFiles\mayaUsd.dir\render\vp2RenderDelegate\shader.cpp.obj
[2022-12-28T16:35:22.943Z]     [141/621] Building CXX object lib\mayaUsd\CMakeFiles\mayaUsd.dir\render\pxrUsdMayaGL\proxyDrawOverride.cpp.obj
[2022-12-28T16:35:22.943Z]     [142/621] Building CXX object lib\mayaUsd\CMakeFiles\mayaUsd.dir\undo\OpUndoItemRecorder.cpp.obj
[2022-12-28T16:35:23.172Z]     [143/621] Building CXX object lib\mayaUsd\CMakeFiles\mayaUsd.dir\render\pxrUsdMayaGL\instancerShapeAdapter.cpp.obj
[2022-12-28T16:35:23.287Z]     [144/621] Building CXX object lib\mayaUsd\CMakeFiles\mayaUsd.dir\render\pxrUsdMayaGL\proxyShapeUI.cpp.obj
[2022-12-28T16:35:23.507Z]     [145/621] Building CXX object lib\mayaUsd\CMakeFiles\mayaUsd.dir\render\pxrUsdMayaGL\usdProxyShapeAdapter.cpp.obj
[2022-12-28T16:35:24.082Z]     [146/621] Building CXX object lib\mayaUsd\CMakeFiles\mayaUsd.dir\render\vp2RenderDelegate\sampler.cpp.obj
[2022-12-28T16:35:24.216Z]     [147/621] Building CXX object lib\mayaUsd\CMakeFiles\mayaUsd.dir\render\vp2RenderDelegate\tokens.cpp.obj
[2022-12-28T16:35:24.844Z]     [148/621] Building CXX object lib\mayaUsd\CMakeFiles\mayaUsd.dir\render\vp2ShaderFragments\shaderFragments.cpp.obj
[2022-12-28T16:35:24.976Z]     [149/621] Building CXX object lib\mayaUsd\CMakeFiles\mayaUsd.dir\utils\blockSceneModificationContext.cpp.obj
[2022-12-28T16:35:25.191Z]     [150/621] Building CXX object lib\mayaUsd\CMakeFiles\mayaUsd.dir\undo\UsdUndoableItem.cpp.obj
[2022-12-28T16:35:25.191Z]     [151/621] Building CXX object lib\mayaUsd\CMakeFiles\mayaUsd.dir\render\vp2RenderDelegate\basisCurves.cpp.obj
[2022-12-28T16:35:25.814Z]     [152/621] Building CXX object lib\mayaUsd\CMakeFiles\mayaUsd.dir\render\vp2RenderDelegate\render_param.cpp.obj
[2022-12-28T16:35:25.929Z]     [153/621] Building CXX object lib\mayaUsd\CMakeFiles\mayaUsd.dir\render\vp2RenderDelegate\mayaPrimCommon.cpp.obj
[2022-12-28T16:35:26.043Z]     [154/621] Building CXX object lib\mayaUsd\CMakeFiles\mayaUsd.dir\utils\colorSpace.cpp.obj
[2022-12-28T16:35:26.468Z]     [155/621] Building CXX object lib\mayaUsd\CMakeFiles\mayaUsd.dir\utils\dynamicAttribute.cpp.obj
[2022-12-28T16:35:28.083Z]     [156/621] Building CXX object lib\mayaUsd\CMakeFiles\mayaUsd.dir\render\vp2RenderDelegate\material.cpp.obj
[2022-12-28T16:35:28.227Z]     [157/621] Building CXX object lib\mayaUsd\CMakeFiles\mayaUsd.dir\utils\diagnosticDelegate.cpp.obj
[2022-12-28T16:35:28.472Z]     [158/621] Building CXX object lib\mayaUsd\CMakeFiles\mayaUsd.dir\undo\OpUndoItems.cpp.obj
[2022-12-28T16:35:28.697Z]     [159/621] Building CXX object lib\mayaUsd\CMakeFiles\mayaUsd.dir\undo\OpUndoItemList.cpp.obj
[2022-12-28T16:35:28.923Z]     [160/621] Building CXX object lib\mayaUsd\CMakeFiles\mayaUsd.dir\render\vp2RenderDelegate\mesh.cpp.obj
[2022-12-28T16:35:29.961Z]     [161/621] Building CXX object lib\mayaUsd\CMakeFiles\mayaUsd.dir\undo\UsdUndoBlock.cpp.obj
[2022-12-28T16:35:29.961Z]     [162/621] Building CXX object lib\mayaUsd\CMakeFiles\mayaUsd.dir\render\vp2RenderDelegate\render_delegate.cpp.obj
[2022-12-28T16:35:30.603Z]     [163/621] Building CXX object lib\mayaUsd\CMakeFiles\mayaUsd.dir\utils\progressBarScope.cpp.obj
[2022-12-28T16:35:31.026Z]     [164/621] Building CXX object lib\mayaUsd\CMakeFiles\mayaUsd.dir\utils\plugRegistryHelper.cpp.obj
[2022-12-28T16:35:31.140Z]     [165/621] Building CXX object lib\mayaUsd\CMakeFiles\mayaUsd.dir\utils\customLayerData.cpp.obj
[2022-12-28T16:35:32.428Z]     [166/621] Building CXX object lib\mayaUsd\CMakeFiles\mayaUsd.dir\render\vp2RenderDelegate\points.cpp.obj
[2022-12-28T16:35:32.428Z]     [167/621] Building CXX object lib\mayaUsd\CMakeFiles\mayaUsd.dir\undo\UsdUndoManager.cpp.obj
[2022-12-28T16:35:32.748Z]     [168/621] Building CXX object lib\mayaUsd\CMakeFiles\mayaUsd.dir\utils\editability.cpp.obj
[2022-12-28T16:35:32.865Z]     [169/621] Building CXX object lib\mayaUsd\CMakeFiles\mayaUsd.dir\undo\UsdUndoStateDelegate.cpp.obj
[2022-12-28T16:35:32.976Z]     [170/621] Building CXX object lib\mayaUsd\CMakeFiles\mayaUsd.dir\render\vp2RenderDelegate\proxyRenderDelegate.cpp.obj
[2022-12-28T16:35:33.190Z]     [171/621] Building CXX object lib\mayaUsd\CMakeFiles\mayaUsd.dir\utils\query.cpp.obj
[2022-12-28T16:35:33.312Z]     [172/621] Building CXX object lib\mayaUsd\CMakeFiles\mayaUsd.dir\utils\converter.cpp.obj
[2022-12-28T16:35:33.730Z]     [173/621] Building CXX object test\lib\usd\plugin\CMakeFiles\usdTestMayaPlugin.dir\plugin.cpp.obj
[2022-12-28T16:35:36.083Z]     [174/621] Building CXX object lib\mayaUsd\CMakeFiles\mayaUsd.dir\utils\loadRulesAttribute.cpp.obj
[2022-12-28T16:35:36.203Z]     [175/621] Building CXX object lib\mayaUsd\CMakeFiles\mayaUsd.dir\utils\layerMuting.cpp.obj
[2022-12-28T16:35:36.630Z]     [176/621] Building CXX object lib\mayaUsd\CMakeFiles\mayaUsd.dir\utils\loadRulesText.cpp.obj
[2022-12-28T16:35:36.767Z]     [177/621] Building CXX object lib\mayaUsd\CMakeFiles\mayaUsd.dir\utils\editRouter.cpp.obj
[2022-12-28T16:35:36.767Z]     [178/621] Building CXX object lib\mayaUsd\CMakeFiles\mayaUsd.dir\utils\traverseLayer.cpp.obj
[2022-12-28T16:35:36.767Z]     [179/621] Building CXX object test\lib\usd\plugin\CMakeFiles\usdTestInfoImportChaser.dir\plugin.cpp.obj
[2022-12-28T16:35:36.767Z]     [180/621] Building CXX object lib\mayaUsd\CMakeFiles\mayaUsd.dir\utils\loadRules.cpp.obj
[2022-12-28T16:35:36.890Z]     [181/621] Copying referenceAssembly.h ...
[2022-12-28T16:35:36.890Z]     [182/621] Copying listShadingModesCommand.h ...
[2022-12-28T16:35:36.890Z]     [183/621] Copying exportCommand.h ...
[2022-12-28T16:35:36.890Z]     [184/621] Copying importTranslator.h ...
[2022-12-28T16:35:36.890Z]     [185/621] Copying exportTranslator.h ...
[2022-12-28T16:35:36.890Z]     [186/621] Copying translatorModelAssembly.h ...
[2022-12-28T16:35:37.017Z]     [187/621] Copying proxyShape.h ...
[2022-12-28T16:35:37.017Z]     [188/621] Copying readJobWithSceneAssembly.h ...
[2022-12-28T16:35:37.017Z]     [189/621] Copying editUtil.h ...
[2022-12-28T16:35:37.132Z]     [190/621] Copying api.h ...
[2022-12-28T16:35:37.132Z]     [191/621] Copying importCommand.h ...
[2022-12-28T16:35:37.132Z]     [192/621] Generating userExportedAttributesUI.pyc
[2022-12-28T16:35:37.249Z]     [193/621] Generating AEpxrUsdReferenceAssemblyTemplate.pyc
[2022-12-28T16:35:37.249Z]     [194/621] Generating __init__.pyc
[2022-12-28T16:35:37.249Z]     [195/621] Copying instancerShapeAdapterWithSceneAssembly.h ...
[2022-12-28T16:35:37.249Z]     [196/621] Copying api.h ...
[2022-12-28T16:35:37.364Z]     [197/621] Copying api.h ...
[2022-12-28T16:35:37.364Z]     [198/621] Building CXX object test\lib\usd\plugin\CMakeFiles\usdTestApiWriter.dir\plugin.cpp.obj
[2022-12-28T16:35:37.684Z]     [199/621] Building CXX object lib\mayaUsd\CMakeFiles\mayaUsd.dir\utils\selectability.cpp.obj
[2022-12-28T16:35:38.000Z]     [200/621] Building CXX object lib\mayaUsd\CMakeFiles\mayaUsd.dir\utils\undoHelperCommand.cpp.obj
[2022-12-28T16:35:38.316Z]     [201/621] Building CXX object lib\mayaUsd\CMakeFiles\mayaUsd.dir\utils\stageCache.cpp.obj
[2022-12-28T16:35:39.985Z]     [202/621] Building CXX object lib\mayaUsd\CMakeFiles\mayaUsd.dir\utils\utilFileSystem.cpp.obj
[2022-12-28T16:35:40.105Z]     [203/621] Building CXX object lib\mayaUsd\CMakeFiles\mayaUsd.dir\utils\utilSerialization.cpp.obj
[2022-12-28T16:35:40.232Z]     [204/621] Building CXX object lib\mayaUsd\CMakeFiles\mayaUsd.dir\utils\variants.cpp.obj
[2022-12-28T16:35:40.454Z]     [205/621] Building CXX object test\lib\usd\plugin\CMakeFiles\usdTestInfoImportChaser.dir\infoImportChaser.cpp.obj
[2022-12-28T16:35:40.570Z]     [206/621] Building CXX object lib\mayaUsd\CMakeFiles\mayaUsd.dir\utils\utilDictionary.cpp.obj
[2022-12-28T16:35:40.791Z]     [207/621] Building CXX object plugin\pxr\maya\lib\usdMaya\CMakeFiles\usdMaya.dir\listShadingModesCommand.cpp.obj
[2022-12-28T16:35:41.856Z]     [208/621] Building CXX object test\lib\usd\plugin\CMakeFiles\usdTestMayaPlugin.dir\mayaShaderTranslation.cpp.obj
[2022-12-28T16:35:42.188Z]     [209/621] Building CXX object plugin\pxr\maya\lib\usdMaya\CMakeFiles\_usdMaya.dir\module.cpp.obj
[2022-12-28T16:35:43.017Z]     [210/621] Building CXX object lib\mayaUsd\CMakeFiles\mayaUsd.dir\utils\util.cpp.obj
[2022-12-28T16:35:44.351Z]     [211/621] Building CXX object test\lib\usd\plugin\CMakeFiles\usdTestUsdPlugin.dir\mayaShaderTranslation.cpp.obj
[2022-12-28T16:35:44.466Z]     [212/621] Building CXX object plugin\pxr\maya\lib\usdMaya\CMakeFiles\usdMaya.dir\exportCommand.cpp.obj
[2022-12-28T16:35:44.588Z]     [213/621] Building CXX object test\lib\usd\plugin\CMakeFiles\usdTestApiWriter.dir\nullApiExporter.cpp.obj
[2022-12-28T16:35:44.705Z]     [214/621] Building CXX object plugin\pxr\maya\lib\usdMaya\CMakeFiles\usdMaya.dir\readJobWithSceneAssembly.cpp.obj
[2022-12-28T16:35:45.257Z]     [215/621] Building CXX object plugin\pxr\maya\lib\usdMaya\CMakeFiles\usdMaya.dir\editUtil.cpp.obj
[2022-12-28T16:35:45.866Z]     [216/621] Building CXX object plugin\pxr\maya\lib\usdMaya\CMakeFiles\usdMaya.dir\readJob_ImportWithProxies.cpp.obj
[2022-12-28T16:35:45.866Z]     [217/621] Building CXX object plugin\al\utils\AL\CMakeFiles\AL_EventSystem.dir\event\EventHandler.cpp.obj
[2022-12-28T16:35:45.992Z]     [218/621] Building CXX object plugin\pxr\maya\lib\usdMaya\CMakeFiles\usdMaya.dir\importTranslator.cpp.obj
[2022-12-28T16:35:46.312Z]     [219/621] Building CXX object plugin\pxr\maya\lib\usdMaya\CMakeFiles\usdMaya.dir\translatorModelAssembly.cpp.obj
[2022-12-28T16:35:46.425Z]     [220/621] Linking CXX shared library plugin\al\utils\AL\AL_EventSystem.dll
[2022-12-28T16:35:46.654Z]     [221/621] Building CXX object plugin\pxr\maya\lib\usdMaya\CMakeFiles\usdMaya.dir\instancerShapeAdapterWithSceneAssembly.cpp.obj
[2022-12-28T16:35:46.998Z]     [222/621] Building CXX object plugin\al\mayatest\AL\maya\test\CMakeFiles\AL_MayaTest.dir\testHarness.cpp.obj
[2022-12-28T16:35:46.998Z]     [223/621] Building CXX object plugin\al\mayatest\AL\maya\test\CMakeFiles\AL_MayaTest.dir\testHelpers.cpp.obj
[2022-12-28T16:35:46.998Z]     [224/621] Building CXX object plugin\al\mayautils\AL\maya\CMakeFiles\AL_MayaUtils.dir\utils\Utils.cpp.obj
[2022-12-28T16:35:46.998Z]     [225/621] Building CXX object plugin\al\mayautils\AL\maya\CMakeFiles\AL_MayaUtils.dir\utils\FileTranslatorOptions.cpp.obj
[2022-12-28T16:35:47.221Z]     [226/621] Building CXX object plugin\al\mayautils\AL\maya\CMakeFiles\AL_MayaUtils.dir\utils\MenuBuilder.cpp.obj
[2022-12-28T16:35:47.659Z]     [227/621] Linking CXX shared library plugin\al\mayatest\AL\maya\test\AL_MayaTest.dll
[2022-12-28T16:35:48.004Z]     [228/621] Building CXX object plugin\al\mayautils\AL\maya\CMakeFiles\AL_MayaUtils.dir\event\MayaEventManager.cpp.obj
[2022-12-28T16:35:48.004Z]     [229/621] Building CXX object plugin\al\mayautils\AL\maya\CMakeFiles\AL_MayaUtils.dir\utils\PluginTranslatorOptions.cpp.obj
[2022-12-28T16:35:48.144Z]     [230/621] Building CXX object plugin\al\mayautils\AL\maya\CMakeFiles\AL_MayaUtils.dir\utils\NodeHelper.cpp.obj
[2022-12-28T16:35:48.144Z]     [231/621] Building CXX object plugin\pxr\maya\lib\usdMaya\CMakeFiles\usdMaya.dir\exportTranslator.cpp.obj
[2022-12-28T16:35:48.379Z]     [232/621] Building CXX object plugin\al\mayautils\AL\maya\CMakeFiles\AL_MayaUtils.dir\utils\CommandGuiHelper.cpp.obj
[2022-12-28T16:35:48.607Z]     [233/621] Building CXX object plugin\al\lib\AL_USDMaya\CMakeFiles\AL_USDMaya.dir\AL\usdmaya\nodes\Layer.cpp.obj
[2022-12-28T16:35:49.131Z]     [234/621] Building CXX object plugin\pxr\maya\lib\usdMaya\CMakeFiles\usdMaya.dir\importCommand.cpp.obj
[2022-12-28T16:35:49.347Z]     [235/621] Building CXX object plugin\al\mayautils\AL\maya\tests\mayaplugintest\CMakeFiles\AL_MayaUtilsTests.dir\utils\CommandGuiHelperTest.cpp.obj
[2022-12-28T16:35:49.347Z]     [236/621] Building CXX object plugin\pxr\maya\lib\usdMaya\CMakeFiles\_usdMaya.dir\wrapAssembly.cpp.obj
[2022-12-28T16:35:49.460Z]     [237/621] Building CXX object plugin\al\mayautils\AL\maya\tests\mayaplugintest\CMakeFiles\AL_MayaUtilsTests.dir\test_mobjectmap.cpp.obj
[2022-12-28T16:35:50.108Z]     [238/621] Building CXX object plugin\al\mayautils\AL\maya\tests\mayaplugintest\CMakeFiles\AL_MayaUtilsTests.dir\utils\NodeHelperUnitTest.cpp.obj
[2022-12-28T16:35:50.234Z]     [239/621] Building CXX object plugin\al\mayautils\AL\maya\tests\mayaplugintest\CMakeFiles\AL_MayaUtilsTests.dir\plugin.cpp.obj
[2022-12-28T16:35:50.503Z]     [240/621] Building CXX object plugin\al\mayautils\AL\maya\tests\mayaplugintest\CMakeFiles\AL_MayaUtilsTests.dir\test_maya_NodeHelper.cpp.obj
[2022-12-28T16:35:50.927Z]     [241/621] Building CXX object plugin\al\mayautils\AL\maya\tests\mayaplugintest\CMakeFiles\AL_MayaUtilsTests.dir\test_maya_MenuBuilder.cpp.obj
[2022-12-28T16:35:51.143Z]     [242/621] Building CXX object plugin\al\mayautils\AL\maya\tests\mayaplugintest\CMakeFiles\AL_MayaUtilsTests.dir\utils\PluginTranslatorOptionsTest.cpp.obj
[2022-12-28T16:35:51.667Z]     [243/621] Building CXX object plugin\pxr\maya\lib\usdMaya\CMakeFiles\usdMaya.dir\proxyShape.cpp.obj
[2022-12-28T16:35:52.031Z]     [244/621] Building CXX object plugin\pxr\maya\plugin\pxrUsd\CMakeFiles\pxrUsd.dir\usdTranslator.cpp.obj
[2022-12-28T16:35:52.448Z]     [245/621] Building CXX object plugin\pxr\maya\plugin\pxrUsdPreviewSurface\CMakeFiles\pxrUsdPreviewSurface.dir\plugin.cpp.obj
[2022-12-28T16:35:52.448Z]     [246/621] Building CXX object plugin\pxr\maya\plugin\pxrUsd\CMakeFiles\pxrUsd.dir\alembicChaser.cpp.obj
[2022-12-28T16:35:52.448Z]     [247/621] Building CXX object plugin\pxr\maya\lib\usdMaya\CMakeFiles\_usdMaya.dir\wrapEditUtil.cpp.obj
[2022-12-28T16:35:54.712Z]     [248/621] Building CXX object plugin\pxr\maya\lib\usdMaya\CMakeFiles\usdMaya.dir\referenceAssembly.cpp.obj
[2022-12-28T16:35:54.929Z]     [249/621] Building CXX object plugin\al\usdtransaction\AL\usd\transaction\CMakeFiles\_AL_USDTransaction.dir\module.cpp.obj
[2022-12-28T16:35:55.447Z]     [250/621] Building CXX object plugin\pxr\maya\plugin\pxrUsd\CMakeFiles\pxrUsd.dir\plugin.cpp.obj
[2022-12-28T16:35:55.779Z]     [251/621] Building CXX object plugin\al\lib\AL_USDMaya\CMakeFiles\AL_USDMaya.dir\AL\usdmaya\nodes\MeshAnimDeformer.cpp.obj
[2022-12-28T16:35:56.620Z]     [252/621] Building CXX object plugin\al\lib\AL_USDMaya\CMakeFiles\AL_USDMaya.dir\AL\usdmaya\nodes\LayerManager.cpp.obj
[2022-12-28T16:35:57.251Z]     [253/621] Building CXX object plugin\al\usdmayautils\AL\usdmaya\utils\CMakeFiles\AL_USDMayaUtils.dir\Utils.cpp.obj
[2022-12-28T16:35:57.672Z]     [254/621] Building CXX object plugin\al\usdmayautils\AL\usdmaya\utils\CMakeFiles\AL_USDMayaUtils.dir\AttributeType.cpp.obj
[2022-12-28T16:35:57.672Z]     [255/621] Building CXX object plugin\al\usdmayautils\AL\usdmaya\utils\CMakeFiles\AL_USDMayaUtils.dir\AnimationTranslator.cpp.obj
[2022-12-28T16:35:58.206Z]     [256/621] Building CXX object plugin\al\usdmayautils\AL\usdmaya\utils\CMakeFiles\AL_USDMayaUtils.dir\NurbsCurveUtils.cpp.obj
[2022-12-28T16:35:58.318Z]     [257/621] Building CXX object plugin\al\usdtransaction\AL\usd\transaction\tests\CMakeFiles\AL_USDTransactionTests.dir\testMain.cpp.obj
[2022-12-28T16:35:58.318Z]     [258/621] Building CXX object plugin\al\lib\AL_USDMaya\CMakeFiles\AL_USDMaya.dir\AL\usdmaya\nodes\MeshAnimCreator.cpp.obj
[2022-12-28T16:35:58.637Z]     [259/621] Building CXX object plugin\al\lib\AL_USDMaya\CMakeFiles\AL_USDMaya.dir\AL\usdmaya\nodes\Engine.cpp.obj
[2022-12-28T16:35:58.857Z]     [260/621] Building CXX object plugin\al\usdmayautils\AL\usdmaya\utils\CMakeFiles\AL_USDMayaUtils.dir\DiffPrimVar.cpp.obj
[2022-12-28T16:35:59.185Z]     [261/621] Building CXX object plugin\al\lib\AL_USDMaya\CMakeFiles\AL_USDMaya.dir\AL\usdmaya\Metadata.cpp.obj
[2022-12-28T16:35:59.185Z]     [262/621] Building CXX object plugin\al\usdtransaction\AL\usd\transaction\CMakeFiles\AL_USDTransaction.dir\Notice.cpp.obj
[2022-12-28T16:35:59.533Z]     [263/621] Building CXX object plugin\al\usdtransaction\AL\usd\transaction\CMakeFiles\AL_USDTransaction.dir\TransactionManager.cpp.obj
[2022-12-28T16:35:59.533Z]     [264/621] Building CXX object plugin\al\lib\AL_USDMaya\CMakeFiles\AL_USDMaya.dir\AL\usdmaya\DebugCodes.cpp.obj
[2022-12-28T16:35:59.859Z]     [265/621] Building CXX object plugin\al\usdtransaction\AL\usd\transaction\CMakeFiles\AL_USDTransaction.dir\Transaction.cpp.obj
[2022-12-28T16:35:59.859Z]     [266/621] Building CXX object plugin\al\lib\AL_USDMaya\CMakeFiles\AL_USDMaya.dir\AL\usdmaya\cmds\DebugCommands.cpp.obj
[2022-12-28T16:36:00.583Z]     [267/621] Building CXX object plugin\al\usdmayautils\AL\usdmaya\utils\CMakeFiles\AL_USDMayaUtils.dir\MeshUtils.cpp.obj
[2022-12-28T16:36:00.583Z]     [268/621] Linking CXX shared library plugin\al\usdtransaction\AL\usd\transaction\AL_USDTransaction.dll
[2022-12-28T16:36:01.116Z]     [269/621] Building CXX object plugin\al\usdmayautils\AL\usdmaya\utils\CMakeFiles\AL_USDMayaUtils.dir\DgNodeHelper.cpp.obj
[2022-12-28T16:36:01.438Z]     [270/621] Building CXX object plugin\al\lib\AL_USDMaya\CMakeFiles\AL_USDMaya.dir\AL\usdmaya\cmds\EventCommand.cpp.obj
[2022-12-28T16:36:01.551Z]     [271/621] Building CXX object plugin\al\lib\AL_USDMaya\CMakeFiles\AL_USDMaya.dir\AL\usdmaya\StageCache.cpp.obj
[2022-12-28T16:36:02.072Z]     [272/621] Building CXX object plugin\al\lib\AL_USDMaya\CMakeFiles\AL_USDMaya.dir\AL\usdmaya\cmds\RendererCommands.cpp.obj
[2022-12-28T16:36:02.498Z]     [273/621] Building CXX object plugin\al\usdtransaction\AL\usd\transaction\CMakeFiles\_AL_USDTransaction.dir\wrapTransaction.cpp.obj
[2022-12-28T16:36:03.326Z]     [274/621] Building CXX object plugin\al\lib\AL_USDMaya\CMakeFiles\AL_USDMaya.dir\AL\usdmaya\moduleDeps.cpp.obj
[2022-12-28T16:36:03.754Z]     [275/621] Building CXX object plugin\al\usdtransaction\AL\usd\transaction\CMakeFiles\_AL_USDTransaction.dir\wrapNotice.cpp.obj
[2022-12-28T16:36:04.079Z]     [276/621] Building CXX object plugin\al\usdtransaction\AL\usd\transaction\CMakeFiles\_AL_USDTransaction.dir\wrapTransactionManager.cpp.obj
[2022-12-28T16:36:04.400Z]     [277/621] Building CXX object plugin\al\usdtransaction\AL\usd\transaction\tests\CMakeFiles\AL_USDTransactionTests.dir\testTransactionManager.cpp.obj
[2022-12-28T16:36:04.619Z]     [278/621] Linking CXX shared library plugin\al\usdtransaction\AL\usd\transaction\_AL_USDTransaction.pyd
[2022-12-28T16:36:04.942Z]     [279/621] Building CXX object plugin\al\lib\AL_USDMaya\CMakeFiles\AL_USDMaya.dir\AL\usdmaya\cmds\SyncFileIOGui.cpp.obj
[2022-12-28T16:36:05.466Z]     [280/621] Building CXX object plugin\al\usdtransaction\AL\usd\transaction\tests\CMakeFiles\AL_USDTransactionTests.dir\testTransaction.cpp.obj
[2022-12-28T16:36:05.901Z]     [281/621] Building CXX object plugin\al\lib\AL_USDMaya\CMakeFiles\AL_USDMaya.dir\AL\usdmaya\cmds\CreateUsdPrim.cpp.obj
[2022-12-28T16:36:06.016Z]     [282/621] Linking CXX executable plugin\al\usdtransaction\AL\usd\transaction\tests\AL_USDTransactionTests.exe
[2022-12-28T16:36:06.637Z]     [283/621] Building CXX object plugin\al\lib\AL_USDMaya\CMakeFiles\AL_USDMaya.dir\AL\usdmaya\Global.cpp.obj
[2022-12-28T16:36:07.357Z]     [284/621] Building CXX object plugin\al\lib\AL_USDMaya\CMakeFiles\AL_USDMaya.dir\AL\usdmaya\TransformOperation.cpp.obj
[2022-12-28T16:36:08.114Z]     [285/621] Building CXX object plugin\al\lib\AL_USDMaya\CMakeFiles\AL_USDMaya.dir\AL\usdmaya\cmds\ProxyShapePostLoadProcess.cpp.obj
[2022-12-28T16:36:08.114Z]     [286/621] Building CXX object plugin\al\lib\AL_USDMaya\CMakeFiles\AL_USDMaya.dir\AL\usdmaya\cmds\ListTranslators.cpp.obj
[2022-12-28T16:36:08.536Z]     [287/621] Building CXX object plugin\al\lib\AL_USDMaya\CMakeFiles\AL_USDMaya.dir\AL\usdmaya\fileio\ExportTranslator.cpp.obj
[2022-12-28T16:36:08.852Z]     [288/621] Building CXX object plugin\al\lib\AL_USDMaya\CMakeFiles\AL_USDMaya.dir\AL\usdmaya\cmds\LayerCommands.cpp.obj
[2022-12-28T16:36:10.286Z]     [289/621] Building CXX object plugin\al\lib\AL_USDMaya\CMakeFiles\AL_USDMaya.dir\AL\usdmaya\fileio\AnimationTranslator.cpp.obj
[2022-12-28T16:36:10.818Z]     [290/621] Building CXX object plugin\al\lib\AL_USDMaya\CMakeFiles\AL_USDMaya.dir\AL\usdmaya\cmds\ProxyShapeCommands.cpp.obj
[2022-12-28T16:36:11.138Z]     [291/621] Building CXX object plugin\al\lib\AL_USDMaya\CMakeFiles\AL_USDMaya.dir\AL\usdmaya\cmds\UnloadPrim.cpp.obj
[2022-12-28T16:36:12.086Z]     [292/621] Building CXX object plugin\al\lib\AL_USDMaya\CMakeFiles\AL_USDMaya.dir\AL\usdmaya\fileio\SchemaPrims.cpp.obj
[2022-12-28T16:36:12.201Z]     [293/621] Building CXX object plugin\al\lib\AL_USDMaya\CMakeFiles\AL_USDMaya.dir\AL\usdmaya\fileio\Import.cpp.obj
[2022-12-28T16:36:12.428Z]     [294/621] Building CXX object plugin\al\lib\AL_USDMaya\CMakeFiles\AL_USDMaya.dir\AL\usdmaya\fileio\Export.cpp.obj
[2022-12-28T16:36:12.950Z]     [295/621] Building CXX object plugin\al\lib\AL_USDMaya\CMakeFiles\AL_USDMaya.dir\AL\usdmaya\fileio\ImportTranslator.cpp.obj
[2022-12-28T16:36:13.267Z]     [296/621] Building CXX object plugin\al\lib\AL_USDMaya\CMakeFiles\AL_USDMaya.dir\AL\usdmaya\fileio\translators\TranslatorTestPlugin.cpp.obj
[2022-12-28T16:36:13.484Z]     [297/621] Building CXX object lib\mayaUsd\python\CMakeFiles\_mayaUsd.dir\module.cpp.obj
[2022-12-28T16:36:13.613Z]     [298/621] Building CXX object plugin\al\lib\AL_USDMaya\CMakeFiles\AL_USDMaya.dir\AL\usdmaya\fileio\translators\DagNodeTranslator.cpp.obj
[2022-12-28T16:36:14.434Z]     [299/621] Building CXX object plugin\al\lib\AL_USDMaya\CMakeFiles\AL_USDMaya.dir\AL\usdmaya\fileio\TransformIterator.cpp.obj
[2022-12-28T16:36:15.356Z]     [300/621] Building CXX object plugin\al\lib\AL_USDMaya\CMakeFiles\AL_USDMaya.dir\AL\usdmaya\fileio\NodeFactory.cpp.obj
[2022-12-28T16:36:15.880Z]     [301/621] Building CXX object plugin\al\lib\AL_USDMaya\CMakeFiles\AL_USDMaya.dir\AL\usdmaya\fileio\translators\TestExtraDataPlugin.cpp.obj
[2022-12-28T16:36:15.880Z]     [302/621] Building CXX object lib\mayaUsd\python\CMakeFiles\_mayaUsd.dir\wrapDiagnosticDelegate.cpp.obj
[2022-12-28T16:36:16.298Z]     [303/621] Building CXX object lib\mayaUsd\python\CMakeFiles\_mayaUsd.dir\wrapColorSpace.cpp.obj
[2022-12-28T16:36:16.781Z]     [304/621] Building CXX object plugin\al\lib\AL_USDMaya\CMakeFiles\AL_USDMaya.dir\AL\usdmaya\fileio\translators\DgNodeTranslator.cpp.obj
[2022-12-28T16:36:17.107Z]     [305/621] Building CXX object plugin\al\lib\AL_USDMaya\CMakeFiles\AL_USDMaya.dir\AL\usdmaya\fileio\translators\TranslatorContext.cpp.obj
[2022-12-28T16:36:17.326Z]     [306/621] Building CXX object plugin\al\lib\AL_USDMaya\CMakeFiles\AL_USDMaya.dir\AL\usdmaya\fileio\translators\TranslatorBase.cpp.obj
[2022-12-28T16:36:17.446Z]     [307/621] Building CXX object plugin\al\lib\AL_USDMaya\CMakeFiles\AL_USDMaya.dir\AL\usdmaya\fileio\translators\ExtraDataPlugin.cpp.obj
[2022-12-28T16:36:17.446Z]     [308/621] Building CXX object plugin\al\lib\AL_USDMaya\CMakeFiles\AL_USDMaya.dir\AL\usdmaya\fileio\translators\TransformTranslator.cpp.obj
[2022-12-28T16:36:18.067Z]     [309/621] Building CXX object plugin\al\lib\AL_USDMaya\CMakeFiles\AL_USDMaya.dir\AL\usdmaya\fileio\translators\TranslatorTestType.cpp.obj
[2022-12-28T16:36:18.793Z]     [310/621] Building CXX object lib\mayaUsd\python\CMakeFiles\_mayaUsd.dir\pythonObjectRegistry.cpp.obj
[2022-12-28T16:36:19.322Z]     [311/621] Building CXX object lib\mayaUsd\python\CMakeFiles\_mayaUsd.dir\wrapBlockSceneModificationContext.cpp.obj
[2022-12-28T16:36:19.647Z]     [312/621] Building CXX object lib\mayaUsd\python\CMakeFiles\_mayaUsd.dir\wrapMeshWriteUtils.cpp.obj
[2022-12-28T16:36:19.864Z]     [313/621] Building CXX object lib\mayaUsd\python\CMakeFiles\_mayaUsd.dir\wrapConverter.cpp.obj
[2022-12-28T16:36:19.864Z]     [314/621] Building CXX object lib\mayaUsd\python\CMakeFiles\_mayaUsd.dir\wrapEditRouter.cpp.obj
[2022-12-28T16:36:20.281Z]     [315/621] Building CXX object lib\mayaUsd\python\CMakeFiles\_mayaUsd.dir\wrapOpUndoItem.cpp.obj
[2022-12-28T16:36:20.899Z]     [316/621] Building CXX object lib\mayaUsd\python\CMakeFiles\_mayaUsd.dir\wrapTokens.cpp.obj
[2022-12-28T16:36:21.924Z]     [317/621] Building CXX object lib\mayaUsd\python\CMakeFiles\_mayaUsd.dir\wrapSparseValueWriter.cpp.obj
[2022-12-28T16:36:23.053Z]     [318/621] Building CXX object lib\mayaUsd\python\CMakeFiles\_mayaUsd.dir\wrapQuery.cpp.obj
[2022-12-28T16:36:23.496Z]     [319/621] Building CXX object lib\mayaUsd\python\CMakeFiles\_mayaUsd.dir\wrapStageCache.cpp.obj
[2022-12-28T16:36:23.815Z]     [320/621] Building CXX object lib\mayaUsd\python\CMakeFiles\_mayaUsd.dir\wrapRoundTripUtil.cpp.obj
[2022-12-28T16:36:23.815Z]     [321/621] Building CXX object lib\mayaUsd\python\CMakeFiles\_mayaUsd.dir\wrapReadUtil.cpp.obj
[2022-12-28T16:36:23.927Z]     [322/621] Building CXX object lib\mayaUsd\python\CMakeFiles\_mayaUsd.dir\wrapAdaptor.cpp.obj
[2022-12-28T16:36:24.448Z]     [323/621] Building CXX object lib\mayaUsd\python\CMakeFiles\_mayaUsd.dir\wrapUtil.cpp.obj
[2022-12-28T16:36:24.771Z]     [324/621] Building CXX object lib\mayaUsd\render\mayaToHydra\CMakeFiles\mtoh.dir\pluginDebugCodes.cpp.obj
[2022-12-28T16:36:25.291Z]     [325/621] Building CXX object lib\mayaUsd\python\CMakeFiles\_mayaUsd.dir\wrapTranslatorUtil.cpp.obj
[2022-12-28T16:36:25.614Z]     [326/621] Building CXX object lib\mayaUsd\python\CMakeFiles\_mayaUsd.dir\wrapXformStack.cpp.obj
[2022-12-28T16:36:26.541Z]     [327/621] Building CXX object lib\mayaUsd\python\CMakeFiles\_mayaUsd.dir\wrapUsdUndoManager.cpp.obj
[2022-12-28T16:36:27.285Z]     [328/621] Building CXX object lib\mayaUsd\python\CMakeFiles\_mayaUsd.dir\wrapJobContextRegistry.cpp.obj
[2022-12-28T16:36:27.548Z]     [329/621] Building CXX object lib\mayaUsd\python\CMakeFiles\_mayaUsd.dir\wrapWriteUtil.cpp.obj
[2022-12-28T16:36:27.690Z]     [330/621] Building CXX object lib\mayaUsd\render\mayaToHydra\CMakeFiles\mtoh.dir\tokens.cpp.obj
[2022-12-28T16:36:27.905Z]     [331/621] Building CXX object lib\mayaUsd\python\CMakeFiles\_mayaUsd.dir\wrapUserTaggedAttribute.cpp.obj
[2022-12-28T16:36:27.905Z]     [332/621] Building CXX object lib\mayaUsd\python\CMakeFiles\_mayaUsd.dir\wrapImportChaser.cpp.obj
[2022-12-28T16:36:28.736Z]     [333/621] Building CXX object lib\usd\hdMaya\CMakeFiles\hdMaya.dir\debugCodes.cpp.obj
[2022-12-28T16:36:30.111Z]     [334/621] Building CXX object lib\mayaUsd\python\CMakeFiles\_mayaUsd.dir\wrapExportChaser.cpp.obj
[2022-12-28T16:36:30.342Z]     [335/621] Building CXX object lib\mayaUsd\python\CMakeFiles\_mayaUsd.dir\wrapOpenMaya.cpp.obj
[2022-12-28T16:36:31.192Z]     [336/621] Building CXX object lib\mayaUsd\python\CMakeFiles\_mayaUsd.dir\wrapShadingUtil.cpp.obj
[2022-12-28T16:36:31.514Z]     [337/621] Building CXX object lib\mayaUsd\python\CMakeFiles\_mayaUsd.dir\wrapPrimWriter.cpp.obj
[2022-12-28T16:36:32.369Z]     [338/621] Building CXX object lib\mayaUsd\python\CMakeFiles\_mayaUsd.dir\wrapShadingMode.cpp.obj
[2022-12-28T16:36:32.891Z]     [339/621] Building CXX object lib\usd\hdMaya\CMakeFiles\hdMaya.dir\adapters\adapterDebugCodes.cpp.obj
[2022-12-28T16:36:33.138Z]     [340/621] Building CXX object lib\mayaUsd\python\CMakeFiles\_mayaUsd.dir\wrapSchemaApiAdaptor.cpp.obj
[2022-12-28T16:36:34.054Z]     [341/621] Building CXX object lib\usd\hdMaya\CMakeFiles\hdMaya.dir\utils.cpp.obj
[2022-12-28T16:36:34.189Z]     [342/621] Building CXX object lib\usd\hdMaya\CMakeFiles\hdMaya.dir\adapters\cameraAdapter.cpp.obj
[2022-12-28T16:36:34.428Z]     [343/621] Building CXX object lib\mayaUsd\python\CMakeFiles\_mayaUsd.dir\wrapPrimReader.cpp.obj
[2022-12-28T16:36:34.548Z]     [344/621] Building CXX object lib\mayaUsd\render\mayaToHydra\CMakeFiles\mtoh.dir\plugin.cpp.obj
[2022-12-28T16:36:34.548Z]     [345/621] Building CXX object lib\mayaUsd\render\mayaToHydra\CMakeFiles\mtoh.dir\defaultLightDelegate.cpp.obj
[2022-12-28T16:36:35.687Z]     [346/621] Building CXX object lib\mayaUsd\render\mayaToHydra\CMakeFiles\mtoh.dir\utils.cpp.obj
[2022-12-28T16:36:36.312Z]     [347/621] Building CXX object lib\mayaUsd\render\mayaToHydra\CMakeFiles\mtoh.dir\renderGlobals.cpp.obj
[2022-12-28T16:36:36.426Z]     [348/621] Building CXX object lib\usd\hdMaya\CMakeFiles\hdMaya.dir\adapters\mayaAttrs.cpp.obj
[2022-12-28T16:36:36.946Z]     [349/621] Building CXX object lib\usd\hdMaya\CMakeFiles\hdMaya.dir\adapters\areaLightAdapter.cpp.obj
[2022-12-28T16:36:37.576Z]     [350/621] Building CXX object lib\usd\hdMaya\CMakeFiles\hdMaya.dir\adapters\aiSkydomeLightAdapter.cpp.obj
[2022-12-28T16:36:37.692Z]     [351/621] Building CXX object lib\usd\hdMaya\CMakeFiles\hdMaya.dir\adapters\adapter.cpp.obj
[2022-12-28T16:36:38.016Z]     [352/621] Building CXX object lib\mayaUsd\render\mayaToHydra\CMakeFiles\mtoh.dir\viewCommand.cpp.obj
[2022-12-28T16:36:38.759Z]     [353/621] Building CXX object lib\usd\hdMaya\CMakeFiles\hdMaya.dir\delegates\delegateDebugCodes.cpp.obj
[2022-12-28T16:36:39.192Z]     [354/621] Building CXX object lib\mayaUsd\render\mayaToHydra\CMakeFiles\mtoh.dir\shadingModeExporter.cpp.obj
[2022-12-28T16:36:39.192Z]     [355/621] Building CXX object lib\usd\hdMaya\CMakeFiles\hdMaya.dir\adapters\directionalLightAdapter.cpp.obj
[2022-12-28T16:36:39.739Z]     [356/621] Building CXX object lib\usd\hdMaya\CMakeFiles\hdMaya.dir\adapters\lightAdapter.cpp.obj
[2022-12-28T16:36:40.088Z]     [357/621] Building CXX object lib\usd\hdMaya\CMakeFiles\hdMaya.dir\adapters\materialAdapter.cpp.obj
[2022-12-28T16:36:40.217Z]     [358/621] Building CXX object lib\usd\hdMaya\CMakeFiles\hdMaya.dir\adapters\tokens.cpp.obj
[2022-12-28T16:36:40.761Z]     [359/621] Building CXX object lib\mayaUsd\render\mayaToHydra\CMakeFiles\mtoh.dir\renderOverride.cpp.obj
[2022-12-28T16:36:41.089Z]     [360/621] Building CXX object lib\usd\hdMaya\CMakeFiles\hdMaya.dir\adapters\adapterRegistry.cpp.obj
[2022-12-28T16:36:41.728Z]     [361/621] Building CXX object lib\usd\hdMaya\CMakeFiles\hdMaya.dir\adapters\shapeAdapter.cpp.obj
[2022-12-28T16:36:41.853Z]     [362/621] Building CXX object lib\usd\pxrUsdPreviewSurface\CMakeFiles\basePxrUsdPreviewSurface.dir\cpvColor.cpp.obj
[2022-12-28T16:36:42.176Z]     [363/621] Building CXX object lib\usd\hdMaya\CMakeFiles\hdMaya.dir\adapters\dagAdapter.cpp.obj
[2022-12-28T16:36:42.703Z]     [364/621] Building CXX object lib\usd\pxrUsdPreviewSurface\CMakeFiles\basePxrUsdPreviewSurface.dir\usdPreviewSurfaceShadingNodeOverride.cpp.obj
[2022-12-28T16:36:42.817Z]     [365/621] Building CXX object lib\usd\hdMaya\CMakeFiles\hdMaya.dir\adapters\meshAdapter.cpp.obj
[2022-12-28T16:36:43.648Z]     [366/621] Building CXX object lib\usd\hdMaya\CMakeFiles\hdMaya.dir\adapters\pointLightAdapter.cpp.obj
[2022-12-28T16:36:43.966Z]     [367/621] Building CXX object lib\usd\hdMaya\CMakeFiles\hdMaya.dir\adapters\nurbsCurveAdapter.cpp.obj
[2022-12-28T16:36:44.703Z]     [368/621] Building CXX object lib\usd\hdMaya\CMakeFiles\hdMaya.dir\adapters\spotLightAdapter.cpp.obj
[2022-12-28T16:36:44.818Z]     [369/621] Building CXX object lib\usd\hdMaya\CMakeFiles\hdMaya.dir\delegates\delegate.cpp.obj
[2022-12-28T16:36:44.931Z]     [370/621] Building CXX object lib\usd\hdMaya\CMakeFiles\hdMaya.dir\delegates\delegateRegistry.cpp.obj
[2022-12-28T16:36:45.559Z]     [371/621] Building CXX object lib\usd\pxrUsdPreviewSurface\CMakeFiles\basePxrUsdPreviewSurface.dir\usdPreviewSurface.cpp.obj
[2022-12-28T16:36:46.491Z]     [372/621] Building CXX object lib\usd\hdMaya\CMakeFiles\hdMaya.dir\delegates\delegateCtx.cpp.obj
[2022-12-28T16:36:46.926Z]     [373/621] Building CXX object lib\usd\hdMaya\CMakeFiles\hdMaya.dir\adapters\proxyAdapter.cpp.obj
[2022-12-28T16:36:48.266Z]     [374/621] Building CXX object lib\usd\hdMaya\CMakeFiles\hdMaya.dir\adapters\materialNetworkConverter.cpp.obj
[2022-12-28T16:36:49.422Z]     [375/621] Building CXX object lib\usd\hdMaya\CMakeFiles\hdMaya.dir\delegates\sceneDelegate.cpp.obj
[2022-12-28T16:36:49.638Z]     [376/621] Building CXX object lib\usd\hdMaya\CMakeFiles\hdMaya.dir\delegates\testDelegate.cpp.obj
[2022-12-28T16:36:49.638Z]     [377/621] Building CXX object lib\usd\hdMaya\CMakeFiles\hdMaya.dir\delegates\proxyDelegate.cpp.obj
[2022-12-28T16:36:50.369Z]     [378/621] Building CXX object lib\usd\pxrUsdPreviewSurface\CMakeFiles\basePxrUsdPreviewSurface.dir\usdPreviewSurfacePlugin.cpp.obj
[2022-12-28T16:36:51.302Z]     [379/621] Building CXX object lib\usd\pxrUsdPreviewSurface\CMakeFiles\basePxrUsdPreviewSurface.dir\usdPreviewSurfaceWriter.cpp.obj
[2022-12-28T16:36:51.421Z]     [380/621] Building CXX object lib\usd\pxrUsdPreviewSurface\CMakeFiles\basePxrUsdPreviewSurface.dir\usdPreviewSurfaceReader.cpp.obj
[2022-12-28T16:36:51.779Z]     [381/621] Building CXX object lib\usd\translators\CMakeFiles\mayaUsd_Translators.dir\locatorWriter.cpp.obj
[2022-12-28T16:36:51.779Z]     [382/621] Building CXX object lib\usd\hdMaya\CMakeFiles\hdMaya.dir\delegates\proxyUsdImagingDelegate.cpp.obj
[2022-12-28T16:36:52.005Z]     [383/621] Building CXX object lib\usd\translators\CMakeFiles\mayaUsd_Translators.dir\cameraWriter.cpp.obj
[2022-12-28T16:36:52.005Z]     [384/621] Building CXX object lib\usd\translators\CMakeFiles\mayaUsd_Translators.dir\cameraReader.cpp.obj
[2022-12-28T16:36:52.433Z]     [385/621] Building CXX object lib\usd\translators\CMakeFiles\mayaUsd_Translators.dir\instancerWriter.cpp.obj
[2022-12-28T16:36:52.669Z]     [386/621] Building CXX object lib\usd\translators\CMakeFiles\mayaUsd_Translators.dir\lightWriter.cpp.obj
[2022-12-28T16:36:52.983Z]     [387/621] Building CXX object lib\usd\translators\CMakeFiles\mayaUsd_Translators.dir\plugin.cpp.obj
[2022-12-28T16:36:53.508Z]     [388/621] Building CXX object lib\usd\translators\CMakeFiles\mayaUsd_Translators.dir\lightRfMReader.cpp.obj
[2022-12-28T16:36:53.726Z]     [389/621] Building CXX object lib\usd\translators\CMakeFiles\mayaUsd_Translators.dir\jointWriter.cpp.obj
[2022-12-28T16:36:55.963Z]     [390/621] Building CXX object lib\usd\translators\CMakeFiles\mayaUsd_Translators.dir\lightRfMWriter.cpp.obj
[2022-12-28T16:36:57.094Z]     [391/621] Building CXX object lib\usd\translators\CMakeFiles\mayaUsd_Translators.dir\lightReader.cpp.obj
[2022-12-28T16:36:57.323Z]     [392/621] Building CXX object lib\usd\translators\CMakeFiles\mayaUsd_Translators.dir\meshWriter.cpp.obj
[2022-12-28T16:36:57.840Z]     [393/621] Building CXX object lib\usd\translators\CMakeFiles\mayaUsd_Translators.dir\mayaReferenceReader.cpp.obj
[2022-12-28T16:36:58.378Z]     [394/621] Building CXX object lib\usd\translators\CMakeFiles\mayaUsd_Translators.dir\materialReader.cpp.obj
[2022-12-28T16:36:58.965Z]     [395/621] Building CXX object lib\usd\translators\CMakeFiles\mayaUsd_Translators.dir\nurbsCurvesReader.cpp.obj
[2022-12-28T16:36:59.398Z]     [396/621] Building CXX object lib\usd\translators\CMakeFiles\mayaUsd_Translators.dir\shading\shadingTokens.cpp.obj
[2022-12-28T16:36:59.398Z]     [397/621] Building CXX object lib\usd\translators\CMakeFiles\mayaUsd_Translators.dir\meshReader.cpp.obj
[2022-12-28T16:36:59.698Z]     [398/621] Building CXX object lib\usd\translators\CMakeFiles\mayaUsd_Translators.dir\nurbsPatchReader.cpp.obj
[2022-12-28T16:36:59.698Z]     [399/621] Building CXX object lib\usd\translators\CMakeFiles\mayaUsd_Translators.dir\strokeWriter.cpp.obj
[2022-12-28T16:36:59.698Z]     [400/621] Building CXX object lib\usd\translators\CMakeFiles\mayaUsd_Translators.dir\scopeReader.cpp.obj
[2022-12-28T16:37:00.262Z]     [401/621] Building CXX object lib\usd\translators\CMakeFiles\mayaUsd_Translators.dir\nurbsCurveWriter.cpp.obj
[2022-12-28T16:37:00.485Z]     [402/621] Building CXX object lib\usd\translators\CMakeFiles\mayaUsd_Translators.dir\particleWriter.cpp.obj
[2022-12-28T16:37:00.804Z]     [403/621] Building CXX object lib\usd\translators\CMakeFiles\mayaUsd_Translators.dir\nurbsSurfaceWriter.cpp.obj
[2022-12-28T16:37:01.129Z]     [404/621] Building CXX object lib\usd\translators\CMakeFiles\mayaUsd_Translators.dir\shading\usdBlinnReader.cpp.obj
[2022-12-28T16:37:01.346Z]     [405/621] Building CXX object lib\usd\translators\CMakeFiles\mayaUsd_Translators.dir\meshWriter_BlendShapes.cpp.obj
[2022-12-28T16:37:01.870Z]     [406/621] Building CXX object lib\usd\translators\CMakeFiles\mayaUsd_Translators.dir\xformReader.cpp.obj
[2022-12-28T16:37:02.693Z]     [407/621] Building CXX object lib\usd\schemas\CMakeFiles\mayaUsd_Schemas.dir\tokens.cpp.obj
[2022-12-28T16:37:05.369Z]     [408/621] Building CXX object lib\usd\schemas\CMakeFiles\mayaUsd_Schemas.dir\ModuleDeps.cpp.obj
[2022-12-28T16:37:05.483Z]     [409/621] Building CXX object lib\usd\translators\CMakeFiles\mayaUsd_Translators.dir\skelReader.cpp.obj
[2022-12-28T16:37:06.357Z]     [410/621] Building CXX object lib\usd\translators\CMakeFiles\mayaUsd_Translators.dir\shading\usdBlinnWriter.cpp.obj
[2022-12-28T16:37:06.496Z]     [411/621] Building CXX object lib\usd\translators\CMakeFiles\mayaUsd_Translators.dir\shading\usdReflectWriter.cpp.obj
[2022-12-28T16:37:06.886Z]     [412/621] Building CXX object lib\usd\schemas\CMakeFiles\_schemas.dir\module.cpp.obj
[2022-12-28T16:37:06.886Z]     [413/621] Building CXX object lib\usd\translators\CMakeFiles\mayaUsd_Translators.dir\shading\usdMaterialReader.cpp.obj
[2022-12-28T16:37:07.037Z]     [414/621] Building CXX object lib\usd\translators\CMakeFiles\mayaUsd_Translators.dir\shading\usdLambertWriter.cpp.obj
[2022-12-28T16:37:07.167Z]     [415/621] Building CXX object lib\usd\translators\CMakeFiles\mayaUsd_Translators.dir\shading\usdLambertReader.cpp.obj
[2022-12-28T16:37:07.313Z]     [416/621] Building CXX object lib\usd\translators\CMakeFiles\mayaUsd_Translators.dir\shading\usdPhongReader.cpp.obj
[2022-12-28T16:37:07.428Z]     [417/621] Building CXX object lib\usd\translators\CMakeFiles\mayaUsd_Translators.dir\shading\usdPhongEWriter.cpp.obj
[2022-12-28T16:37:07.428Z]     [418/621] Building CXX object lib\usd\translators\CMakeFiles\mayaUsd_Translators.dir\shading\usdMaterialWriter.cpp.obj
[2022-12-28T16:37:07.428Z]     [419/621] Building CXX object lib\usd\translators\CMakeFiles\mayaUsd_Translators.dir\shading\usdFileTextureWriter.cpp.obj
[2022-12-28T16:37:07.644Z]     [420/621] Building CXX object lib\usd\translators\CMakeFiles\mayaUsd_Translators.dir\shading\usdDisplacementShaderWriter.cpp.obj
[2022-12-28T16:37:07.644Z]     [421/621] Building CXX object lib\usd\translators\CMakeFiles\mayaUsd_Translators.dir\shading\usdPhongWriter.cpp.obj
[2022-12-28T16:37:07.758Z]     [422/621] Building CXX object lib\usd\utils\CMakeFiles\mayaUsdUtils.dir\DiffCore.cpp.obj
[2022-12-28T16:37:08.176Z]     [423/621] Building CXX object lib\usd\utils\CMakeFiles\mayaUsdUtils.dir\DebugCodes.cpp.obj
[2022-12-28T16:37:08.798Z]     [424/621] Building CXX object lib\usd\translators\CMakeFiles\mayaUsd_Translators.dir\shading\usdPrimvarReaderFloat3Reader.cpp.obj
[2022-12-28T16:37:10.332Z]     [425/621] Building CXX object lib\usd\schemas\CMakeFiles\_schemas.dir\wrapTokens.cpp.obj
[2022-12-28T16:37:10.552Z]     [426/621] Building CXX object lib\usd\translators\CMakeFiles\mayaUsd_Translators.dir\shading\usdUVTextureReader.cpp.obj
[2022-12-28T16:37:11.780Z]     [427/621] Building CXX object lib\usd\translators\CMakeFiles\mayaUsd_Translators.dir\shading\rfmShaderTranslation.cpp.obj
[2022-12-28T16:37:12.734Z]     [428/621] Building CXX object lib\usd\schemas\CMakeFiles\mayaUsd_Schemas.dir\ALMayaReference.cpp.obj
[2022-12-28T16:37:12.734Z]     [429/621] Building CXX object lib\usd\schemas\CMakeFiles\mayaUsd_Schemas.dir\MayaReference.cpp.obj
[2022-12-28T16:37:13.051Z]     [430/621] Building CXX object lib\usd\utils\CMakeFiles\mayaUsdUtils.dir\DiffAttributes.cpp.obj
[2022-12-28T16:37:13.165Z]     [431/621] Building CXX object lib\usd\utils\CMakeFiles\mayaUsdUtils.dir\DiffRelationships.cpp.obj
[2022-12-28T16:37:13.298Z]     [432/621] Linking CXX shared library lib\usd\schemas\mayaUsd_Schemas.dll
[2022-12-28T16:37:14.334Z]     [433/621] Building CXX object lib\usd\utils\CMakeFiles\mayaUsdUtils.dir\DiffDictionaries.cpp.obj
[2022-12-28T16:37:14.470Z]     [434/621] Building CXX object lib\usd\utils\CMakeFiles\mayaUsdUtils.dir\DiffPrims.cpp.obj
[2022-12-28T16:37:14.625Z]     [435/621] Building CXX object lib\usd\utils\CMakeFiles\mayaUsdUtils.dir\MergePrimsOptions.cpp.obj
[2022-12-28T16:37:14.751Z]     [436/621] Building CXX object lib\usd\utils\CMakeFiles\mayaUsdUtils.dir\util.cpp.obj
[2022-12-28T16:37:14.865Z]     [437/621] Building CXX object lib\usd\utils\CMakeFiles\mayaUsdUtils.dir\DiffMetadatas.cpp.obj
[2022-12-28T16:37:14.865Z]     [438/621] Building CXX object lib\usd\schemas\CMakeFiles\_schemas.dir\wrapMayaReference.cpp.obj
[2022-12-28T16:37:15.206Z]     [439/621] Building CXX object plugin\al\lib\AL_USDMaya\CMakeFiles\_AL_USDMaya.dir\AL\usdmaya\module.cpp.obj
[2022-12-28T16:37:15.759Z]     [440/621] Building CXX object lib\usd\utils\CMakeFiles\mayaUsdUtils.dir\DiffLists.cpp.obj
[2022-12-28T16:37:15.759Z]     [441/621] Building CXX object lib\usd\schemas\CMakeFiles\_schemas.dir\wrapALMayaReference.cpp.obj
[2022-12-28T16:37:16.281Z]     [442/621] Building CXX object lib\usd\utils\CMakeFiles\mayaUsdUtils.dir\DiffValues.cpp.obj
[2022-12-28T16:37:16.395Z]     [443/621] Linking CXX shared library lib\usd\schemas\_schemas.pyd
[2022-12-28T16:37:18.646Z]     [444/621] Building CXX object lib\usd\utils\CMakeFiles\mayaUsdUtils.dir\MergePrims.cpp.obj
[2022-12-28T16:37:19.373Z]     [445/621] Linking CXX shared library lib\usd\utils\mayaUsdUtils.dll
[2022-12-28T16:37:19.922Z]     [446/621] Linking CXX executable test\lib\usd\utils\testDiffCore.exe
[2022-12-28T16:37:20.145Z]     [447/621] Building CXX object plugin\al\lib\AL_USDMaya\CMakeFiles\_AL_USDMaya.dir\AL\usdmaya\wrapStageCache.cpp.obj
[2022-12-28T16:37:20.594Z]     [448/621] Linking CXX executable test\lib\usd\utils\testDiffPrims.exe
[2022-12-28T16:37:21.016Z]     [449/621] Building CXX object plugin\al\lib\AL_USDMaya\CMakeFiles\AL_USDMaya.dir\AL\usdmaya\nodes\RendererManager.cpp.obj
[2022-12-28T16:37:21.016Z]     [450/621] Linking CXX executable test\lib\usd\utils\testDiffValues.exe
[2022-12-28T16:37:21.133Z]     [451/621] Linking CXX executable test\lib\usd\utils\testDiffRelationships.exe
[2022-12-28T16:37:21.435Z]     [452/621] Building CXX object plugin\al\lib\AL_USDMaya\CMakeFiles\AL_USDMaya.dir\AL\usdmaya\nodes\BasicTransformationMatrix.cpp.obj
[2022-12-28T16:37:21.833Z]     [453/621] Linking CXX executable test\lib\usd\utils\testDiffLists.exe
[2022-12-28T16:37:21.833Z]     [454/621] Linking CXX executable test\lib\usd\utils\testDiffAttributes.exe
[2022-12-28T16:37:21.952Z]     [455/621] Linking CXX executable test\lib\usd\utils\testDiffDictionaries.exe
[2022-12-28T16:37:22.070Z]     [456/621] Building CXX object plugin\al\lib\AL_USDMaya\CMakeFiles\AL_USDMaya.dir\AL\usdmaya\nodes\ProxyShapeSelection.cpp.obj
[2022-12-28T16:37:22.491Z]     [457/621] Linking CXX executable test\lib\usd\utils\testDiffMetadatas.exe
[2022-12-28T16:37:22.626Z]     [458/621] Linking CXX executable test\lib\usd\utils\testDiffComputeOverall.exe
[2022-12-28T16:37:22.626Z]     [459/621] Building CXX object plugin\al\lib\AL_USDMaya\CMakeFiles\AL_USDMaya.dir\AL\usdmaya\nodes\Scope.cpp.obj
[2022-12-28T16:37:22.761Z]     [460/621] Building CXX object plugin\al\lib\AL_USDMaya\CMakeFiles\AL_USDMaya.dir\AL\usdmaya\nodes\proxy\PrimFilter.cpp.obj
[2022-12-28T16:37:22.761Z]     [461/621] Linking CXX executable test\lib\usd\utils\testMergePrims.exe
[2022-12-28T16:37:23.015Z]     [462/621] Linking CXX shared library plugin\al\mayautils\AL\maya\AL_MayaUtils.dll
[2022-12-28T16:37:23.141Z]     [463/621] Building CXX object plugin\al\lib\AL_USDMaya\CMakeFiles\AL_USDMaya.dir\AL\usdmaya\nodes\proxy\ProxyShapeVariantFallbacks.cpp.obj
[2022-12-28T16:37:23.141Z]     [464/621] Building CXX object plugin\al\lib\AL_USDMaya\CMakeFiles\AL_USDMaya.dir\AL\usdmaya\nodes\ProxyUsdGeomCamera.cpp.obj
[2022-12-28T16:37:23.141Z]     [465/621] Building CXX object plugin\al\lib\AL_USDMaya\CMakeFiles\AL_USDMaya.dir\AL\usdmaya\nodes\Transform.cpp.obj
[2022-12-28T16:37:23.418Z]     [466/621] Building CXX object plugin\al\lib\AL_USDMaya\CMakeFiles\AL_USDMaya.dir\AL\usdmaya\nodes\proxy\ProxyShapeMetaData.cpp.obj
[2022-12-28T16:37:23.927Z]     [467/621] Linking CXX shared library plugin\al\mayautils\AL\maya\tests\mayaplugintest\AL_MayaUtilsTests.mll
[2022-12-28T16:37:24.046Z]     [468/621] Building CXX object plugin\al\lib\AL_USDMaya\CMakeFiles\AL_USDMaya.dir\AL\usdmaya\nodes\TransformationMatrix.cpp.obj
[2022-12-28T16:37:24.161Z]     [469/621] Linking CXX shared library plugin\al\usdmayautils\AL\usdmaya\utils\AL_USDMayaUtils.dll
[2022-12-28T16:37:25.992Z]     [470/621] Linking CXX shared library lib\mayaUsd\mayaUsd.dll
[2022-12-28T16:37:26.437Z]     [471/621] Building CXX object plugin\al\lib\AL_USDMaya\CMakeFiles\_AL_USDMaya.dir\AL\usdmaya\nodes\wrapLayerManager.cpp.obj
[2022-12-28T16:37:26.437Z]     [472/621] Building CXX object plugin\al\lib\AL_USDMaya\CMakeFiles\_AL_USDMaya.dir\AL\usdmaya\fileio\translators\wrapTranslatorContext.cpp.obj
[2022-12-28T16:37:26.560Z]     [473/621] Building CXX object plugin\al\plugin\AL_USDMayaTestPlugin\CMakeFiles\AL_USDMayaTestPlugin.dir\AL\maya\test_EventHandler.cpp.obj
[2022-12-28T16:37:26.775Z]     [474/621] Linking CXX shared library test\lib\usd\plugin\usdTestMayaPlugin.mll
[2022-12-28T16:37:27.207Z]     [475/621] Linking CXX shared library test\lib\usd\plugin\usdTestUsdPlugin.dll
[2022-12-28T16:37:27.207Z]     [476/621] Linking CXX shared library test\lib\usd\plugin\usdTestApiWriter.dll
[2022-12-28T16:37:27.342Z]     [477/621] Linking CXX shared library test\lib\usd\plugin\usdTestInfoImportChaser.mll
[2022-12-28T16:37:27.590Z]     [478/621] Building CXX object plugin\al\lib\AL_USDMaya\CMakeFiles\_AL_USDMaya.dir\AL\usdmaya\nodes\wrapProxyShape.cpp.obj
[2022-12-28T16:37:28.089Z]     [479/621] Linking CXX shared library plugin\pxr\maya\lib\usdMaya\usdMaya.dll
[2022-12-28T16:37:28.554Z]     [480/621] Linking CXX shared library lib\usd\pxrUsdPreviewSurface\basePxrUsdPreviewSurface.dll
[2022-12-28T16:37:28.901Z]     [481/621] Linking CXX shared library lib\usd\hdMaya\hdMaya.dll
[2022-12-28T16:37:29.080Z]     [482/621] Linking CXX shared library plugin\pxr\maya\lib\usdMaya\_usdMaya.pyd
[2022-12-28T16:37:29.209Z]     [483/621] Linking CXX shared library lib\mayaUsd\python\_mayaUsd.pyd
[2022-12-28T16:37:29.567Z]     [484/621] Linking CXX shared library plugin\pxr\maya\plugin\pxrUsd\pxrUsd.mll
[2022-12-28T16:37:29.807Z]     [485/621] Building CXX object plugin\al\lib\AL_USDMaya\CMakeFiles\AL_USDMaya.dir\AL\usdmaya\nodes\ProxyShape.cpp.obj
[2022-12-28T16:37:30.028Z]     [486/621] Linking CXX shared library plugin\pxr\maya\plugin\pxrUsdPreviewSurface\pxrUsdPreviewSurface.mll
[2022-12-28T16:37:30.269Z]     [487/621] Linking CXX shared library lib\mayaUsd\render\mayaToHydra\mtoh.mll
[2022-12-28T16:37:30.905Z]     [488/621] Linking CXX shared library lib\usd\translators\mayaUsd_Translators.dll
[2022-12-28T16:37:31.642Z]     [489/621] Linking CXX shared library plugin\al\lib\AL_USDMaya\AL_USDMaya.dll
[2022-12-28T16:37:33.428Z]     [490/621] Building CXX object plugin\al\plugin\AL_USDMayaTestPlugin\CMakeFiles\AL_USDMayaTestPlugin.dir\AL\maya\test_MayaEventManager.cpp.obj
[2022-12-28T16:37:34.981Z]     [491/621] Building CXX object plugin\al\plugin\AL_USDMayaTestPlugin\CMakeFiles\AL_USDMayaTestPlugin.dir\AL\maya\test_MatrixToSRT.cpp.obj
[2022-12-28T16:37:35.209Z]     [492/621] Building CXX object plugin\al\plugin\AL_USDMayaTestPlugin\CMakeFiles\AL_USDMayaTestPlugin.dir\AL\usdmaya\commands\test_LayerCommands.cpp.obj
[2022-12-28T16:37:35.209Z]     [493/621] Automatic MOC and UIC for target mayaUsdUI
[2022-12-28T16:37:35.535Z]     [494/621] Building CXX object plugin\al\lib\AL_USDMaya\CMakeFiles\_AL_USDMaya.dir\AL\usdmaya\fileio\translators\wrapTranslatorBase.cpp.obj
[2022-12-28T16:37:35.535Z]     [495/621] Automatic RCC for layerEditor/resources.qrc
[2022-12-28T16:37:35.649Z]     [496/621] Automatic RCC for importDialog/images/ui.qrc
[2022-12-28T16:37:35.864Z]     [497/621] Building CXX object plugin\al\plugin\AL_USDMayaTestPlugin\CMakeFiles\AL_USDMayaTestPlugin.dir\AL\usdmaya\commands\test_ExportCommands.cpp.obj
[2022-12-28T16:37:36.494Z]     [498/621] Linking CXX shared library plugin\al\lib\AL_USDMaya\_AL_USDMaya.pyd
[2022-12-28T16:37:36.494Z]     [499/621] Building CXX object plugin\al\plugin\AL_USDMayaTestPlugin\CMakeFiles\AL_USDMayaTestPlugin.dir\AL\usdmaya\commands\test_TranslateCommand.cpp.obj
[2022-12-28T16:37:36.913Z]     [500/621] Building CXX object plugin\al\plugin\AL_USDMayaPlugin\CMakeFiles\AL_USDMayaPlugin.dir\plugin.cpp.obj
[2022-12-28T16:37:37.542Z]     [501/621] Building CXX object plugin\al\plugin\AL_USDMayaTestPlugin\CMakeFiles\AL_USDMayaTestPlugin.dir\AL\usdmaya\commands\test_LayerManagerCommands.cpp.obj
[2022-12-28T16:37:37.542Z]     [502/621] Building CXX object plugin\al\plugin\AL_USDMayaTestPlugin\CMakeFiles\AL_USDMayaTestPlugin.dir\AL\usdmaya\fileio\export_blendshape.cpp.obj
[2022-12-28T16:37:38.672Z]     [503/621] Building CXX object plugin\al\plugin\AL_USDMayaTestPlugin\CMakeFiles\AL_USDMayaTestPlugin.dir\plugin.cpp.obj
[2022-12-28T16:37:38.785Z]     [504/621] Building CXX object lib\usd\ui\CMakeFiles\mayaUsdUI.dir\layerEditor\dirtyLayersCountBadge.cpp.obj
[2022-12-28T16:37:39.709Z]     [505/621] Building CXX object plugin\al\plugin\AL_USDMayaTestPlugin\CMakeFiles\AL_USDMayaTestPlugin.dir\AL\usdmaya\fileio\export_misc.cpp.obj
[2022-12-28T16:37:40.128Z]     [506/621] Building CXX object lib\usd\ui\CMakeFiles\mayaUsdUI.dir\layerEditor\generatedIconButton.cpp.obj
[2022-12-28T16:37:42.064Z]     [507/621] Building CXX object plugin\al\plugin\AL_USDMayaTestPlugin\CMakeFiles\AL_USDMayaTestPlugin.dir\AL\usdmaya\fileio\export_multiple_shapes.cpp.obj
[2022-12-28T16:37:42.184Z]     [508/621] Building CXX object plugin\al\plugin\AL_USDMayaTestPlugin\CMakeFiles\AL_USDMayaTestPlugin.dir\AL\usdmaya\fileio\export_lattice.cpp.obj
[2022-12-28T16:37:42.399Z]     [509/621] Building CXX object plugin\al\plugin\AL_USDMayaTestPlugin\CMakeFiles\AL_USDMayaTestPlugin.dir\AL\usdmaya\commands\test_ProxyShapeImport.cpp.obj
[2022-12-28T16:37:42.617Z]     [510/621] Building CXX object plugin\al\plugin\AL_USDMayaTestPlugin\CMakeFiles\AL_USDMayaTestPlugin.dir\AL\usdmaya\fileio\export_ik.cpp.obj
[2022-12-28T16:37:43.237Z]     [511/621] Building CXX object plugin\al\plugin\AL_USDMayaTestPlugin\CMakeFiles\AL_USDMayaTestPlugin.dir\AL\usdmaya\fileio\test_activeInActiveTranslators.cpp.obj
[2022-12-28T16:37:43.759Z]     [512/621] Building CXX object plugin\al\plugin\AL_USDMayaTestPlugin\CMakeFiles\AL_USDMayaTestPlugin.dir\AL\usdmaya\fileio\export_import_instancing.cpp.obj
[2022-12-28T16:37:44.082Z]     [513/621] Building CXX object plugin\al\plugin\AL_USDMayaTestPlugin\CMakeFiles\AL_USDMayaTestPlugin.dir\AL\usdmaya\fileio\export_constraints.cpp.obj
[2022-12-28T16:37:44.610Z]     [514/621] Building CXX object lib\usd\ui\CMakeFiles\mayaUsdUI.dir\mayaUsdUI_autogen\mocs_compilation.cpp.obj
[2022-12-28T16:37:44.924Z]     [515/621] Building CXX object lib\usd\ui\CMakeFiles\mayaUsdUI.dir\layerEditor\mayaQtUtils.cpp.obj
[2022-12-28T16:37:45.751Z]     [516/621] Building CXX object lib\usd\ui\CMakeFiles\mayaUsdUI.dir\layerEditor\stringResources.cpp.obj
[2022-12-28T16:37:45.989Z]     [517/621] Building CXX object lib\usd\ui\CMakeFiles\mayaUsdUI.dir\layerEditor\layerTreeView.cpp.obj
[2022-12-28T16:37:46.140Z]     [518/621] Building CXX object lib\usd\ui\CMakeFiles\mayaUsdUI.dir\layerEditor\layerEditorWidget.cpp.obj
[2022-12-28T16:37:46.703Z]     [519/621] Building CXX object lib\usd\ui\CMakeFiles\mayaUsdUI.dir\layerEditor\pathChecker.cpp.obj
[2022-12-28T16:37:46.703Z]     [520/621] Building CXX object lib\usd\ui\CMakeFiles\mayaUsdUI.dir\layerEditor\layerTreeItem.cpp.obj
[2022-12-28T16:37:46.826Z]     [521/621] Building CXX object lib\usd\ui\CMakeFiles\mayaUsdUI.dir\layerEditor\layerTreeItemDelegate.cpp.obj
[2022-12-28T16:37:47.146Z]     [522/621] Building CXX object lib\usd\ui\CMakeFiles\mayaUsdUI.dir\layerEditor\layerTreeModel.cpp.obj
[2022-12-28T16:37:47.567Z]     [523/621] Building CXX object lib\usd\ui\CMakeFiles\mayaUsdUI.dir\initStringResources.cpp.obj
[2022-12-28T16:37:47.567Z]     [524/621] Building CXX object lib\usd\ui\CMakeFiles\mayaUsdUI.dir\layerEditor\warningDialogs.cpp.obj
[2022-12-28T16:37:47.684Z]     [525/621] Building CXX object lib\usd\ui\CMakeFiles\mayaUsdUI.dir\mayaUsdUI_autogen\AUCU3ACLTF\qrc_ui.cpp.obj
[2022-12-28T16:37:47.684Z]     [526/621] Building CXX object lib\usd\ui\CMakeFiles\mayaUsdUI.dir\mayaUsdUI_autogen\5WMDHDZAMM\qrc_resources.cpp.obj
[2022-12-28T16:37:48.112Z]     [527/621] Building CXX object lib\usd\ui\CMakeFiles\mayaUsdUI.dir\layerEditor\qtUtils.cpp.obj
[2022-12-28T16:37:48.326Z]     [528/621] Building CXX object lib\usd\ui\CMakeFiles\mayaUsdUI.dir\layerEditor\sessionState.cpp.obj
[2022-12-28T16:37:48.442Z]     [529/621] Building CXX object lib\usd\ui\CMakeFiles\mayaUsdUI.dir\layerEditor\loadLayersDialog.cpp.obj
[2022-12-28T16:37:48.561Z]     [530/621] Linking CXX shared library plugin\al\plugin\AL_USDMayaPlugin\AL_USDMayaPlugin.mll
[2022-12-28T16:37:48.673Z]     [531/621] Building CXX object lib\usd\ui\CMakeFiles\mayaUsdUI.dir\importDialog\USDQtUtil.cpp.obj
[2022-12-28T16:37:48.889Z]     [532/621] Building CXX object lib\usd\ui\CMakeFiles\mayaUsdUI.dir\layerEditor\mayaLayerEditorWindow.cpp.obj
[2022-12-28T16:37:49.307Z]     [533/621] Building CXX object lib\usd\ui\CMakeFiles\mayaUsdUI.dir\layerEditor\mayaCommandHook.cpp.obj
[2022-12-28T16:37:50.731Z]     [534/621] Building CXX object lib\usd\ui\CMakeFiles\mayaUsdUI.dir\layerEditor\stageSelectorWidget.cpp.obj
[2022-12-28T16:37:50.944Z]     [535/621] Building CXX object lib\usd\ui\CMakeFiles\mayaUsdUI.dir\layerEditor\mayaSessionState.cpp.obj
[2022-12-28T16:37:52.580Z]     [536/621] Building CXX object lib\usd\ui\CMakeFiles\mayaUsdUI.dir\importDialog\TreeItem.cpp.obj
[2022-12-28T16:37:52.896Z]     [537/621] Building CXX object lib\usd\ui\CMakeFiles\mayaUsdUI.dir\layerEditor\saveLayersDialog.cpp.obj
[2022-12-28T16:37:53.641Z]     [538/621] Building CXX object lib\usd\ui\CMakeFiles\mayaUsdUI.dir\importDialog\ItemDelegate.cpp.obj
[2022-12-28T16:37:53.641Z]     [539/621] Building CXX object lib\usd\ui\CMakeFiles\mayaUsdUI.dir\importDialog\USDImportDialog.cpp.obj
[2022-12-28T16:37:53.864Z]     [540/621] Building CXX object lib\usd\ui\CMakeFiles\mayaUsdUI.dir\importDialog\TreeModelFactory.cpp.obj
[2022-12-28T16:37:54.286Z]     [541/621] Building CXX object lib\usd\ui\CMakeFiles\mayaUsdUI.dir\importDialog\TreeModel.cpp.obj
[2022-12-28T16:37:54.499Z]     [542/621] Building CXX object lib\usd\ui\CMakeFiles\mayaUsdUI.dir\importDialog\USDImportDialogCmd.cpp.obj
[2022-12-28T16:37:55.831Z]     [543/621] Linking CXX shared library lib\usd\ui\mayaUsdUI.dll
[2022-12-28T16:37:55.971Z]     [544/621] Automatic MOC and UIC for target testMayaUsdUI
[2022-12-28T16:37:55.971Z]     [545/621] Building CXX object lib\usd\ui\importDialogDemo\CMakeFiles\testMayaUsdUI.dir\testMayaUsdUI_autogen\mocs_compilation.cpp.obj
[2022-12-28T16:37:56.089Z]     [546/621] Building CXX object plugin\al\plugin\AL_USDMayaTestPlugin\CMakeFiles\AL_USDMayaTestPlugin.dir\AL\usdmaya\fileio\import_playback_range.cpp.obj
[2022-12-28T16:37:56.089Z]     [547/621] Building CXX object plugin\al\plugin\AL_USDMayaTestPlugin\CMakeFiles\AL_USDMayaTestPlugin.dir\AL\usdmaya\fileio\import_instances.cpp.obj
[2022-12-28T16:37:56.404Z]     [548/621] Building CXX object plugin\al\plugin\AL_USDMayaTestPlugin\CMakeFiles\AL_USDMayaTestPlugin.dir\AL\usdmaya\fileio\export_unmerged.cpp.obj
[2022-12-28T16:37:56.822Z]     [549/621] Building CXX object plugin\al\plugin\AL_USDMayaTestPlugin\CMakeFiles\AL_USDMayaTestPlugin.dir\AL\usdmaya\fileio\export_nonlinear.cpp.obj
[2022-12-28T16:37:58.482Z]     [550/621] Building CXX object plugin\al\plugin\AL_USDMayaTestPlugin\CMakeFiles\AL_USDMayaTestPlugin.dir\AL\usdmaya\nodes\test_LayerManager.cpp.obj
[2022-12-28T16:37:58.808Z]     [551/621] Building CXX object plugin\al\plugin\AL_USDMayaTestPlugin\CMakeFiles\AL_USDMayaTestPlugin.dir\AL\usdmaya\nodes\proxy\test_PrimFilter.cpp.obj
[2022-12-28T16:38:01.081Z]     [552/621] Building CXX object plugin\al\plugin\AL_USDMayaTestPlugin\CMakeFiles\AL_USDMayaTestPlugin.dir\AL\usdmaya\nodes\test_ActiveInactive.cpp.obj
[2022-12-28T16:38:01.751Z]     [553/621] Building CXX object plugin\al\plugin\AL_USDMayaTestPlugin\CMakeFiles\AL_USDMayaTestPlugin.dir\AL\usdmaya\nodes\test_lockPrims.cpp.obj
[2022-12-28T16:38:01.999Z]     [554/621] Building CXX object plugin\al\plugin\AL_USDMayaTestPlugin\CMakeFiles\AL_USDMayaTestPlugin.dir\AL\usdmaya\nodes\test_ProxyShapeSelectabilityDB.cpp.obj
[2022-12-28T16:38:03.586Z]     [555/621] Building CXX object plugin\al\plugin\AL_USDMayaTestPlugin\CMakeFiles\AL_USDMayaTestPlugin.dir\AL\usdmaya\nodes\test_ExtraDataPlugin.cpp.obj
[2022-12-28T16:38:04.316Z]     [556/621] Building CXX object plugin\al\plugin\AL_USDMayaTestPlugin\CMakeFiles\AL_USDMayaTestPlugin.dir\AL\usdmaya\nodes\test_ProxyUsdGeomCamera.cpp.obj
[2022-12-28T16:38:04.430Z]     [557/621] Building CXX object plugin\al\plugin\AL_USDMayaTestPlugin\CMakeFiles\AL_USDMayaTestPlugin.dir\AL\usdmaya\nodes\test_ProxyShape.cpp.obj
[2022-12-28T16:38:04.652Z]     [558/621] Building CXX object plugin\al\plugin\AL_USDMayaTestPlugin\CMakeFiles\AL_USDMayaTestPlugin.dir\AL\usdmaya\nodes\test_ScopeMatrix.cpp.obj
[2022-12-28T16:38:04.781Z]     [559/621] Building CXX object plugin\al\plugin\AL_USDMayaTestPlugin\CMakeFiles\AL_USDMayaTestPlugin.dir\AL\usdmaya\nodes\test_Transform.cpp.obj
[2022-12-28T16:38:05.915Z]     [560/621] Building CXX object plugin\al\plugin\AL_USDMayaTestPlugin\CMakeFiles\AL_USDMayaTestPlugin.dir\test_translators_AnimationTranslator.cpp.obj
[2022-12-28T16:38:06.032Z]     [561/621] Building CXX object lib\usd\ui\importDialogDemo\CMakeFiles\testMayaUsdUI.dir\testMayaUsdUI.cpp.obj
[2022-12-28T16:38:06.156Z]     [562/621] Building CXX object plugin\al\plugin\AL_USDMayaTestPlugin\CMakeFiles\AL_USDMayaTestPlugin.dir\AL\usdmaya\nodes\test_TransformMatrix.cpp.obj
[2022-12-28T16:38:06.997Z]     [563/621] Linking CXX executable lib\usd\ui\importDialogDemo\testMayaUsdUI.exe
[2022-12-28T16:38:07.319Z]     [564/621] Building CXX object plugin\al\plugin\AL_USDMayaTestPlugin\CMakeFiles\AL_USDMayaTestPlugin.dir\AL\usdmaya\test_DiffGeom.cpp.obj
[2022-12-28T16:38:07.745Z]     [565/621] Building CXX object plugin\al\plugin\AL_USDMayaTestPlugin\CMakeFiles\AL_USDMayaTestPlugin.dir\AL\usdmaya\test_DiffPrimVar.cpp.obj
[2022-12-28T16:38:07.962Z]     [566/621] Building CXX object plugin\al\schemas\AL\usd\schemas\maya\CMakeFiles\_AL_USDMayaSchemas.dir\module.cpp.obj
[2022-12-28T16:38:08.079Z]     [567/621] Building CXX object plugin\al\schemas\AL\usd\schemas\maya\CMakeFiles\AL_USDMayaSchemas.dir\tokens.cpp.obj
[2022-12-28T16:38:08.302Z]     [568/621] Building CXX object plugin\al\plugin\AL_USDMayaTestPlugin\CMakeFiles\AL_USDMayaTestPlugin.dir\AL\usdmaya\nodes\test_TranslatorContext.cpp.obj
[2022-12-28T16:38:08.938Z]     [569/621] Building CXX object plugin\al\plugin\AL_USDMayaTestPlugin\CMakeFiles\AL_USDMayaTestPlugin.dir\AL\usdmaya\nodes\test_VariantFallbacks.cpp.obj
[2022-12-28T16:38:09.465Z]     [570/621] Building CXX object plugin\al\plugin\AL_USDMayaTestPlugin\CMakeFiles\AL_USDMayaTestPlugin.dir\test_translators_CameraTranslator.cpp.obj
[2022-12-28T16:38:09.784Z]     [571/621] Building CXX object plugin\al\plugin\AL_USDMayaTestPlugin\CMakeFiles\AL_USDMayaTestPlugin.dir\test_translators_PythonBindings.cpp.obj
[2022-12-28T16:38:10.514Z]     [572/621] Building CXX object plugin\al\plugin\AL_USDMayaTestPlugin\CMakeFiles\AL_USDMayaTestPlugin.dir\test_translators_Translator.cpp.obj
[2022-12-28T16:38:10.628Z]     [573/621] Building CXX object plugin\al\schemas\AL\usd\schemas\maya\tests\CMakeFiles\testMayaSchemas.dir\main.cpp.obj
[2022-12-28T16:38:11.152Z]     [574/621] Building CXX object plugin\al\schemas\AL\usd\schemas\maya\CMakeFiles\AL_USDMayaSchemas.dir\ModuleDeps.cpp.obj
[2022-12-28T16:38:11.381Z]     [575/621] Building CXX object plugin\al\schemas\AL\usd\schemas\mayatest\CMakeFiles\_AL_USDMayaSchemasTest.dir\module.cpp.obj
[2022-12-28T16:38:12.014Z]     [576/621] Building CXX object plugin\al\schemas\AL\usd\schemas\maya\CMakeFiles\_AL_USDMayaSchemas.dir\wrapTokens.cpp.obj
[2022-12-28T16:38:12.232Z]     [577/621] Building CXX object plugin\al\schemas\AL\usd\schemas\mayatest\CMakeFiles\AL_USDMayaSchemasTest.dir\tokens.cpp.obj
[2022-12-28T16:38:12.651Z]     [578/621] Building CXX object plugin\al\plugin\AL_USDMayaTestPlugin\CMakeFiles\AL_USDMayaTestPlugin.dir\test_usdmaya.cpp.obj
[2022-12-28T16:38:12.651Z]     [579/621] Building CXX object plugin\al\plugin\AL_USDMayaTestPlugin\CMakeFiles\AL_USDMayaTestPlugin.dir\test_translators_TransformTranslator.cpp.obj
[2022-12-28T16:38:12.868Z]     [580/621] Building CXX object plugin\al\schemas\AL\usd\schemas\maya\CMakeFiles\AL_USDMayaSchemas.dir\FrameRange.cpp.obj
[2022-12-28T16:38:13.098Z]     [581/621] Building CXX object plugin\al\schemas\AL\usd\schemas\maya\CMakeFiles\AL_USDMayaSchemas.dir\ModelAPI.cpp.obj
[2022-12-28T16:38:13.623Z]     [582/621] Linking CXX shared library plugin\al\schemas\AL\usd\schemas\maya\AL_USDMayaSchemas.dll
[2022-12-28T16:38:13.734Z]     [583/621] Building CXX object plugin\al\schemas\AL\usd\schemas\mayatest\CMakeFiles\AL_USDMayaSchemasTest.dir\ModuleDeps.cpp.obj
[2022-12-28T16:38:15.291Z]     [584/621] Building CXX object plugin\al\plugin\AL_USDMayaTestPlugin\CMakeFiles\AL_USDMayaTestPlugin.dir\test_translators_NurbsCurveTranslator.cpp.obj
[2022-12-28T16:38:15.291Z]     [585/621] Building CXX object plugin\al\schemas\AL\usd\schemas\mayatest\CMakeFiles\_AL_USDMayaSchemasTest.dir\wrapTokens.cpp.obj
[2022-12-28T16:38:16.434Z]     [586/621] Building CXX object plugin\al\plugin\AL_USDMayaTestPlugin\CMakeFiles\AL_USDMayaTestPlugin.dir\test_usdmaya_AttributeType.cpp.obj
[2022-12-28T16:38:16.656Z]     [587/621] Building CXX object plugin\al\plugin\AL_USDMayaTestPlugin\CMakeFiles\AL_USDMayaTestPlugin.dir\test_translators_DgTranslator.cpp.obj
[2022-12-28T16:38:16.657Z]     [588/621] Building CXX object plugin\al\schemas\AL\usd\schemas\maya\CMakeFiles\_AL_USDMayaSchemas.dir\wrapModelAPI.cpp.obj
[2022-12-28T16:38:16.776Z]     [589/621] Building CXX object plugin\al\plugin\AL_USDMayaTestPlugin\CMakeFiles\AL_USDMayaTestPlugin.dir\test_translators_MeshTranslator.cpp.obj
[2022-12-28T16:38:16.776Z]     [590/621] Building CXX object plugin\al\schemas\AL\usd\schemas\maya\CMakeFiles\_AL_USDMayaSchemas.dir\wrapFrameRange.cpp.obj
[2022-12-28T16:38:17.202Z]     [591/621] Building CXX object plugin\al\translators\pxrUsdTranslators\CMakeFiles\AL_USDMayaPxrTranslators.dir\plugin.cpp.obj
[2022-12-28T16:38:17.333Z]     [592/621] Building CXX object plugin\al\schemas\AL\usd\schemas\maya\tests\CMakeFiles\testMayaSchemas.dir\testMayaSchemas.cpp.obj
[2022-12-28T16:38:17.459Z]     [593/621] Linking CXX shared library plugin\al\schemas\AL\usd\schemas\maya\_AL_USDMayaSchemas.pyd
[2022-12-28T16:38:17.577Z]     [594/621] Building CXX object plugin\al\schemas\AL\usd\schemas\mayatest\CMakeFiles\AL_USDMayaSchemasTest.dir\ExamplePolyCubeNode.cpp.obj
[2022-12-28T16:38:17.577Z]     [595/621] Building CXX object plugin\al\translators\CMakeFiles\AL_USDMayaTranslators.dir\CommonTranslatorOptions.cpp.obj
[2022-12-28T16:38:17.793Z]     [596/621] Building CXX object plugin\al\schemas\AL\usd\schemas\maya\tests\CMakeFiles\testMayaSchemas.dir\testModelAPI.cpp.obj
[2022-12-28T16:38:17.793Z]     [597/621] Building CXX object plugin\adsk\plugin\CMakeFiles\mayaUsdPlugin.dir\adskListShadingModesCommand.cpp.obj
[2022-12-28T16:38:18.112Z]     [598/621] Linking CXX shared library plugin\al\schemas\AL\usd\schemas\mayatest\AL_USDMayaSchemasTest.dll
[2022-12-28T16:38:18.225Z]     [599/621] Building CXX object plugin\adsk\plugin\CMakeFiles\mayaUsdPlugin.dir\adskListJobContextsCommand.cpp.obj
[2022-12-28T16:38:18.340Z]     [600/621] Linking CXX executable plugin\al\schemas\AL\usd\schemas\maya\tests\testMayaSchemas.exe
[2022-12-28T16:38:20.175Z]     [601/621] Linking CXX shared library plugin\al\plugin\AL_USDMayaTestPlugin\AL_USDMayaTestPlugin.mll
[2022-12-28T16:38:21.737Z]     [602/621] Building CXX object plugin\al\translators\CMakeFiles\AL_USDMayaTranslators.dir\Camera.cpp.obj
[2022-12-28T16:38:22.291Z]     [603/621] Building CXX object plugin\al\schemas\AL\usd\schemas\mayatest\CMakeFiles\_AL_USDMayaSchemasTest.dir\wrapExamplePolyCubeNode.cpp.obj
[2022-12-28T16:38:22.609Z]     [604/621] Building CXX object plugin\al\translators\CMakeFiles\AL_USDMayaTranslators.dir\NurbsCurve.cpp.obj
[2022-12-28T16:38:22.609Z]     [605/621] Building CXX object plugin\al\translators\CMakeFiles\AL_USDMayaTranslators.dir\FrameRange.cpp.obj
[2022-12-28T16:38:22.828Z]     [606/621] Building CXX object plugin\al\translators\CMakeFiles\AL_USDMayaTranslators.dir\MayaReference.cpp.obj
[2022-12-28T16:38:22.828Z]     [607/621] Linking CXX shared library plugin\al\schemas\AL\usd\schemas\mayatest\_AL_USDMayaSchemasTest.pyd
[2022-12-28T16:38:23.146Z]     [608/621] Building CXX object plugin\al\translators\CMakeFiles\AL_USDMayaTranslators.dir\Mesh.cpp.obj
[2022-12-28T16:38:23.361Z]     [609/621] Building CXX object plugin\adsk\plugin\CMakeFiles\mayaUsdPlugin.dir\adskImportCommand.cpp.obj
[2022-12-28T16:38:23.779Z]     [610/621] Building CXX object plugin\adsk\plugin\CMakeFiles\mayaUsdPlugin.dir\adskStageLoadUnloadCommands.cpp.obj
[2022-12-28T16:38:23.892Z]     [611/621] Building CXX object plugin\adsk\plugin\CMakeFiles\mayaUsdPlugin.dir\adskExportCommand.cpp.obj
[2022-12-28T16:38:24.106Z]     [612/621] Building CXX object plugin\al\translators\pxrUsdTranslators\CMakeFiles\AL_USDMayaPxrTranslators.dir\ProxyShapeTranslator.cpp.obj
[2022-12-28T16:38:24.627Z]     [613/621] Building CXX object plugin\adsk\plugin\CMakeFiles\mayaUsdPlugin.dir\geomNode.cpp.obj
[2022-12-28T16:38:24.738Z]     [614/621] Building CXX object plugin\adsk\plugin\CMakeFiles\mayaUsdPlugin.dir\ProxyShape.cpp.obj
[2022-12-28T16:38:24.850Z]     [615/621] Building CXX object plugin\al\translators\CMakeFiles\AL_USDMayaTranslators.dir\DirectionalLight.cpp.obj
[2022-12-28T16:38:24.850Z]     [616/621] Linking CXX shared library plugin\al\translators\pxrUsdTranslators\AL_USDMayaPxrTranslators.mll
[2022-12-28T16:38:25.569Z]     [617/621] Linking CXX shared library plugin\al\translators\AL_USDMayaTranslators.dll
[2022-12-28T16:38:25.569Z]     [618/621] Building CXX object plugin\adsk\plugin\CMakeFiles\mayaUsdPlugin.dir\exportTranslator.cpp.obj
[2022-12-28T16:38:26.393Z]     [619/621] Building CXX object plugin\adsk\plugin\CMakeFiles\mayaUsdPlugin.dir\plugin.cpp.obj
[2022-12-28T16:38:27.114Z]     [620/621] Building CXX object plugin\adsk\plugin\CMakeFiles\mayaUsdPlugin.dir\importTranslator.cpp.obj
[2022-12-28T16:38:27.826Z]     [621/621] Linking CXX shared module plugin\adsk\plugin\mayaUsdPlugin.mll
[2022-12-28T16:38:27.826Z]     
[2022-12-28T16:38:27.826Z]         Building with settings:
[2022-12-28T16:38:27.826Z]           Source directory          S:\jenkins\workspace\ECP\ecg-maya-usd\ecg-mayausd-branch-preflight-2019-no-ufe-windows\ecg-maya-usd\maya-usd
[2022-12-28T16:38:27.826Z]           Workspace directory       W:\
[2022-12-28T16:38:27.826Z]           Build directory           W:\build\RelWithDebInfo
[2022-12-28T16:38:27.826Z]           Install directory         W:\install\RelWithDebInfo\MayaUSD
[2022-12-28T16:38:27.826Z]           Variant                   RelWithDebInfo
[2022-12-28T16:38:27.826Z]           Python Debug              Off
[2022-12-28T16:38:27.826Z]           CMake generator           Ninja
[2022-12-28T16:38:27.826Z]           Build arguments           ['-DCMAKE_MAKE_PROGRAM=P:/shared/Artifactory/Windows/ninja/1.9.0/c68f192/ninja.exe', '-DPYTHON_INCLUDE_DIR=P:/shared/Artifactory/Windows/rundev-2019/202003131251/runtime/155eb96/runTime/include/Python2.7', '-DPython_EXECUTABLE=P:/shared/Artifactory/Windows/rundev-2019/202003131251/runtime/155eb96/runTime/bin/mayapy.exe', '-DPYTHON_LIBRARIES=P:/shared/Artifactory/Windows/rundev-2019/202003131251/runtime/155eb96/runTime/lib/python27.lib', '-DCMAKE_WANT_UFE_BUILD=OFF', '-DUSD_LIB_PREFIX=', '-DCMAKE_WANT_MATERIALX_BUILD=ON', '-DCMAKE_PREFIX_PATH=P:\\shared\\Artifactory\\Windows\\USD\\cfb3d8a']
[2022-12-28T16:38:27.826Z]           Stages arguments          ['build']
[2022-12-28T16:38:27.826Z]           CTest arguments           ['-E testUsdReferenceAssemblySelection|testUsdMayaAppDir', '-LE interactive', '--parallel 16']
[2022-12-28T16:38:27.826Z]     Success MayaUSD build and install !!!!
[2022-12-28T16:38:27.826Z]     Elapsed time: 00:04:12
[Pipeline] bat
[2022-12-28T16:38:28.128Z] Deleting alias drive W:
[Pipeline] bat
[2022-12-28T16:38:28.433Z] Deleting alias drive P:
[Pipeline] }
[Pipeline] // withEnv
[Pipeline] }
[Pipeline] // timeout
[Pipeline] }
[Pipeline] // stage
[Pipeline] }
[Pipeline] // timestamps
[Pipeline] timestamps
[Pipeline] {
[Pipeline] stage
[Pipeline] { (Install)
[Pipeline] timeout
[2022-12-28T16:38:28.522Z] Timeout set to expire in 6 hr 0 min
[Pipeline] {
[Pipeline] withEnv
[Pipeline] {
[Pipeline] bat
[2022-12-28T16:38:28.961Z] Creating alias drive P: to S:\jenkins\workspace
[Pipeline] bat
[2022-12-28T16:38:29.725Z] Creating alias drive W: to S:\jenkins\workspace\ECP\ecg-maya-usd\ecg-mayausd-branch-preflight-2019-no-ufe-windows
[Pipeline] bat
[2022-12-28T16:38:30.096Z] "C:\Program Files (x86)\Microsoft Visual Studio\2017\Professional\VC\Auxiliary\Build\vcvarsall.bat" x64
[2022-12-28T16:38:30.203Z] **********************************************************************
[2022-12-28T16:38:30.203Z] ** Visual Studio 2017 Developer Command Prompt v15.9.15
[2022-12-28T16:38:30.203Z] ** Copyright (c) 2017 Microsoft Corporation
[2022-12-28T16:38:30.203Z] **********************************************************************
[2022-12-28T16:38:31.019Z] [vcvarsall.bat] Environment initialized for: 'x64'
[2022-12-28T16:38:31.019Z] python ecg-maya-usd/build.py --stages=install --workspace-dir=W:\ --artifactory-dir=P:\shared\Artifactory --build-dir=W:\build --install-dir=W:\install --signing-dir=W:\signing --package-dir=W:\package --output-dir=W:\output --stash-dir=W:\stash --jenkins-build=557 --git-commit=1ed4d6d30b65a887c65870aa20e579486cb95da0 --git-branch=master --variants=RelWithDebInfo --python=2.7 --ufe=false --pxrusd-version=0.21.05-gold --post-zips=false --maya-cut-config=maya-rundev-2019.yaml --maya-package=rundev-2019 --stage-banner
[2022-12-28T16:38:31.836Z] Using Maya cut from P:\shared\Artifactory\Windows\rundev-2019\202003131251\runtime\155eb96
[2022-12-28T16:38:31.836Z] 
[2022-12-28T16:38:31.836Z] ================================================================================
[2022-12-28T16:38:31.836Z]                             install (RelWithDebInfo)
[2022-12-28T16:38:31.836Z] ================================================================================
[2022-12-28T16:38:31.836Z] Maya Python RelWithDebInfo Info:
[2022-12-28T16:38:31.836Z]   mayapy executable   = P:\shared\Artifactory\Windows\rundev-2019\202003131251\runtime\155eb96\runTime\bin\mayapy.exe
[2022-12-28T16:38:31.836Z]   Include Folder      = P:\shared\Artifactory\Windows\rundev-2019\202003131251\runtime\155eb96\runTime\include\Python2.7
[2022-12-28T16:38:31.836Z]   Library             = P:\shared\Artifactory\Windows\rundev-2019\202003131251\runtime\155eb96\runTime\lib\python27.lib
[2022-12-28T16:38:31.836Z]   site-package Folder = P:\shared\Artifactory\Windows\rundev-2019\202003131251\runtime\155eb96\runTime\Python\Lib\site-packages
[2022-12-28T16:38:32.553Z] In workdir: S:\jenkins\workspace\ECP\ecg-maya-usd\ecg-mayausd-branch-preflight-2019-no-ufe-windows\ecg-maya-usd\maya-usd
[2022-12-28T16:38:32.553Z] Executing: 'P:\\shared\\Artifactory\\Windows\\rundev-2019\\202003131251\\runtime\\155eb96\\runTime\\bin\\mayapy.exe' 'S:\\jenkins\\workspace\\ECP\\ecg-maya-usd\\ecg-mayausd-branch-preflight-2019-no-ufe-windows\\ecg-maya-usd\\maya-usd\\build.py' --generator Ninja --build-relwithdebug --maya-location 'P:\\shared\\Artifactory\\Windows\\rundev-2019\\202003131251\\runtime\\155eb96\\runTime' --devkit-location 'P:\\shared\\Artifactory\\Windows\\rundev-2019\\202003131251\\runtime\\155eb96\\devkitBase' --pxrusd-location 'P:\\shared\\Artifactory\\Windows\\USD\\cfb3d8a' --qt-location 'P:\\shared\\Artifactory\\Windows\\qt\\5.6.1\\1acd0ba' '--build-args=-DCMAKE_MAKE_PROGRAM=P:/shared/Artifactory/Windows/ninja/1.9.0/c68f192/ninja.exe,-DPYTHON_INCLUDE_DIR=P:/shared/Artifactory/Windows/rundev-2019/202003131251/runtime/155eb96/runTime/include/Python2.7,-DPython_EXECUTABLE=P:/shared/Artifactory/Windows/rundev-2019/202003131251/runtime/155eb96/runTime/bin/mayapy.exe,-DPYTHON_LIBRARIES=P:/shared/Artifactory/Windows/rundev-2019/202003131251/runtime/155eb96/runTime/lib/python27.lib,-DCMAKE_WANT_UFE_BUILD=OFF,-DUSD_LIB_PREFIX=,-DCMAKE_WANT_MATERIALX_BUILD=ON,-DCMAKE_PREFIX_PATH=P:\\shared\\Artifactory\\Windows\\USD\\cfb3d8a' '--ctest-args=-E testUsdReferenceAssemblySelection|testUsdMayaAppDir,-LE interactive,--parallel 16' --stages=install --redirect-outstream-file=False --install-location 'W:\\install\\RelWithDebInfo\\MayaUSD' 'W:\\'
[2022-12-28T16:38:32.553Z] Modified environment variables:
[2022-12-28T16:38:32.553Z]     PATH=P:\shared\Artifactory\Windows\cmake\3.20.3\afe857a\bin;C:\Python27\lib\site-packages\pywin32_system32;C:\Program Files (x86)\Microsoft Visual Studio\2017\Professional\VC\Tools\MSVC\14.16.27023\bin\HostX64\x64;C:\Program Files (x86)\Microsoft Visual Studio\2017\Professional\Common7\IDE\VC\VCPackages;C:\Program Files (x86)\Microsoft Visual Studio\2017\Professional\Common7\IDE\CommonExtensions\Microsoft\TestWindow;C:\Program Files (x86)\Microsoft Visual Studio\2017\Professional\Common7\IDE\CommonExtensions\Microsoft\TeamFoundation\Team Explorer;C:\Program Files (x86)\Microsoft Visual Studio\2017\Professional\MSBuild\15.0\bin\Roslyn;C:\Program Files (x86)\Microsoft Visual Studio\2017\Professional\Team Tools\Performance Tools\x64;C:\Program Files (x86)\Microsoft Visual Studio\2017\Professional\Team Tools\Performance Tools;C:\Program Files (x86)\Microsoft Visual Studio\Shared\Common\VSPerfCollectionTools\\x64;C:\Program Files (x86)\Microsoft Visual Studio\Shared\Common\VSPerfCollectionTools\;C:\Program Files (x86)\Microsoft SDKs\Windows\v10.0A\bin\NETFX 4.6.1 Tools\x64\;C:\Program Files (x86)\HTML Help Workshop;C:\Program Files (x86)\Windows Kits\10\bin\10.0.18362.0\x64;C:\Program Files (x86)\Windows Kits\10\bin\x64;C:\Program Files (x86)\Microsoft Visual Studio\2017\Professional\\MSBuild\15.0\bin;C:\WINDOWS\Microsoft.NET\Framework64\v4.0.30319;C:\Program Files (x86)\Microsoft Visual Studio\2017\Professional\Common7\IDE\;C:\Program Files (x86)\Microsoft Visual Studio\2017\Professional\Common7\Tools\;C:\Python27\;C:\Python27\Scripts;C:\WINDOWS\system32;C:\WINDOWS;C:\WINDOWS\System32\Wbem;C:\WINDOWS\System32\WindowsPowerShell\v1.0\;C:\WINDOWS\System32\OpenSSH\;C:\ProgramData\chocolatey\bin;C:\Program Files (x86)\WiX Toolset v3.7\bin;C:\Program Files\dotnet\;C:\Program Files (x86)\Windows Kits\10\bin\10.0.18362.0\x64;C:\Program Files\Zulu\zulu-11\bin\;C:\Program Files (x86)\Windows Kits\10\bin\10.0.17763.0\x64;C:\Program Files (x86)\Windows Kits\10\bin\x64;C:\Program Files\Git\cmd;C:\Program Files\Git\usr\bin;C:\Program Files\Git\mingw64\bin;C:\Program Files\Git\bin;C:\Python38\;C:\Python38\Scripts;C:\StoreBoxClientWindows;C:\Program Files\Electric Cloud\ElectricCommander\bin;C:\Program Files\WinRAR;C:\Program Files\7-Zip;C:\Users\Administrator\AppData\Local\Microsoft\WindowsApps;C:\Program Files (x86)\Microsoft Visual Studio\2017\Professional\Common7\IDE\CommonExtensions\Microsoft\CMake\CMake\bin;C:\Program Files (x86)\Microsoft Visual Studio\2017\Professional\Common7\IDE\CommonExtensions\Microsoft\CMake\Ninja
[2022-12-28T16:38:32.967Z]     [1/8] Automatic MOC and UIC for target mayaUsdUI
[2022-12-28T16:38:32.967Z]     [2/5] Automatic MOC and UIC for target testMayaUsdUI
[2022-12-28T16:38:32.967Z]     [2/3] Install the project...
[2022-12-28T16:38:32.967Z]     -- Install configuration: "RelWithDebInfo"
[2022-12-28T16:38:37.625Z]     
[2022-12-28T16:38:37.625Z]         Building with settings:
[2022-12-28T16:38:37.625Z]           Source directory          S:\jenkins\workspace\ECP\ecg-maya-usd\ecg-mayausd-branch-preflight-2019-no-ufe-windows\ecg-maya-usd\maya-usd
[2022-12-28T16:38:37.625Z]           Workspace directory       W:\
[2022-12-28T16:38:37.625Z]           Build directory           W:\build\RelWithDebInfo
[2022-12-28T16:38:37.625Z]           Install directory         W:\install\RelWithDebInfo\MayaUSD
[2022-12-28T16:38:37.625Z]           Variant                   RelWithDebInfo
[2022-12-28T16:38:37.625Z]           Python Debug              Off
[2022-12-28T16:38:37.625Z]           CMake generator           Ninja
[2022-12-28T16:38:37.625Z]           Build arguments           ['-DCMAKE_MAKE_PROGRAM=P:/shared/Artifactory/Windows/ninja/1.9.0/c68f192/ninja.exe', '-DPYTHON_INCLUDE_DIR=P:/shared/Artifactory/Windows/rundev-2019/202003131251/runtime/155eb96/runTime/include/Python2.7', '-DPython_EXECUTABLE=P:/shared/Artifactory/Windows/rundev-2019/202003131251/runtime/155eb96/runTime/bin/mayapy.exe', '-DPYTHON_LIBRARIES=P:/shared/Artifactory/Windows/rundev-2019/202003131251/runtime/155eb96/runTime/lib/python27.lib', '-DCMAKE_WANT_UFE_BUILD=OFF', '-DUSD_LIB_PREFIX=', '-DCMAKE_WANT_MATERIALX_BUILD=ON', '-DCMAKE_PREFIX_PATH=P:\\shared\\Artifactory\\Windows\\USD\\cfb3d8a']
[2022-12-28T16:38:37.625Z]           Stages arguments          ['install']
[2022-12-28T16:38:37.625Z]           CTest arguments           ['-E testUsdReferenceAssemblySelection|testUsdMayaAppDir', '-LE interactive', '--parallel 16']
[2022-12-28T16:38:37.625Z]     Success MayaUSD build and install !!!!
[2022-12-28T16:38:37.625Z]     Elapsed time: 00:00:04
[Pipeline] bat
[2022-12-28T16:38:37.926Z] Deleting alias drive W:
[Pipeline] bat
[2022-12-28T16:38:38.225Z] Deleting alias drive P:
[Pipeline] }
[Pipeline] // withEnv
[Pipeline] }
[Pipeline] // timeout
[Pipeline] }
[Pipeline] // stage
[Pipeline] }
[Pipeline] // timestamps
[Pipeline] timestamps
[Pipeline] {
[Pipeline] stage
[Pipeline] { (Test)
[Pipeline] timeout
[2022-12-28T16:38:38.273Z] Timeout set to expire in 6 hr 0 min
[Pipeline] {
[Pipeline] withEnv
[Pipeline] {
[Pipeline] bat
[2022-12-28T16:38:38.710Z] Creating alias drive P: to S:\jenkins\workspace
[Pipeline] bat
[2022-12-28T16:38:39.016Z] Creating alias drive W: to S:\jenkins\workspace\ECP\ecg-maya-usd\ecg-mayausd-branch-preflight-2019-no-ufe-windows
[Pipeline] bat
[2022-12-28T16:38:39.374Z] "C:\Program Files (x86)\Microsoft Visual Studio\2017\Professional\VC\Auxiliary\Build\vcvarsall.bat" x64
[2022-12-28T16:38:39.579Z] **********************************************************************
[2022-12-28T16:38:39.579Z] ** Visual Studio 2017 Developer Command Prompt v15.9.15
[2022-12-28T16:38:39.579Z] ** Copyright (c) 2017 Microsoft Corporation
[2022-12-28T16:38:39.579Z] **********************************************************************
[2022-12-28T16:38:40.394Z] [vcvarsall.bat] Environment initialized for: 'x64'
[2022-12-28T16:38:40.394Z] python ecg-maya-usd/build.py --stages=test --workspace-dir=W:\ --artifactory-dir=P:\shared\Artifactory --build-dir=W:\build --install-dir=W:\install --signing-dir=W:\signing --package-dir=W:\package --output-dir=W:\output --stash-dir=W:\stash --jenkins-build=557 --git-commit=1ed4d6d30b65a887c65870aa20e579486cb95da0 --git-branch=master --variants=RelWithDebInfo --python=2.7 --ufe=false --pxrusd-version=0.21.05-gold --post-zips=false --test-jobs=0 --failed-test-retry=3 --maya-cut-config=maya-rundev-2019.yaml --maya-package=rundev-2019 --stage-banner --progressive-timeout
[2022-12-28T16:38:41.211Z] Using Maya cut from P:\shared\Artifactory\Windows\rundev-2019\202003131251\runtime\155eb96
[2022-12-28T16:38:41.211Z] 
[2022-12-28T16:38:41.211Z] ================================================================================
[2022-12-28T16:38:41.211Z]                              test (RelWithDebInfo)
[2022-12-28T16:38:41.211Z] ================================================================================
[2022-12-28T16:38:41.211Z] Maya Python RelWithDebInfo Info:
[2022-12-28T16:38:41.211Z]   mayapy executable   = P:\shared\Artifactory\Windows\rundev-2019\202003131251\runtime\155eb96\runTime\bin\mayapy.exe
[2022-12-28T16:38:41.211Z]   Include Folder      = P:\shared\Artifactory\Windows\rundev-2019\202003131251\runtime\155eb96\runTime\include\Python2.7
[2022-12-28T16:38:41.211Z]   Library             = P:\shared\Artifactory\Windows\rundev-2019\202003131251\runtime\155eb96\runTime\lib\python27.lib
[2022-12-28T16:38:41.211Z]   site-package Folder = P:\shared\Artifactory\Windows\rundev-2019\202003131251\runtime\155eb96\runTime\Python\Lib\site-packages
[2022-12-28T16:38:41.928Z] In workdir: S:\jenkins\workspace\ECP\ecg-maya-usd\ecg-mayausd-branch-preflight-2019-no-ufe-windows\ecg-maya-usd\maya-usd
[2022-12-28T16:38:41.928Z] Executing: 'P:\\shared\\Artifactory\\Windows\\rundev-2019\\202003131251\\runtime\\155eb96\\runTime\\bin\\mayapy.exe' 'S:\\jenkins\\workspace\\ECP\\ecg-maya-usd\\ecg-mayausd-branch-preflight-2019-no-ufe-windows\\ecg-maya-usd\\maya-usd\\build.py' --generator Ninja --build-relwithdebug --maya-location 'P:\\shared\\Artifactory\\Windows\\rundev-2019\\202003131251\\runtime\\155eb96\\runTime' --devkit-location 'P:\\shared\\Artifactory\\Windows\\rundev-2019\\202003131251\\runtime\\155eb96\\devkitBase' --pxrusd-location 'P:\\shared\\Artifactory\\Windows\\USD\\cfb3d8a' --qt-location 'P:\\shared\\Artifactory\\Windows\\qt\\5.6.1\\1acd0ba' '--build-args=-DCMAKE_MAKE_PROGRAM=P:/shared/Artifactory/Windows/ninja/1.9.0/c68f192/ninja.exe,-DPYTHON_INCLUDE_DIR=P:/shared/Artifactory/Windows/rundev-2019/202003131251/runtime/155eb96/runTime/include/Python2.7,-DPython_EXECUTABLE=P:/shared/Artifactory/Windows/rundev-2019/202003131251/runtime/155eb96/runTime/bin/mayapy.exe,-DPYTHON_LIBRARIES=P:/shared/Artifactory/Windows/rundev-2019/202003131251/runtime/155eb96/runTime/lib/python27.lib,-DCMAKE_WANT_UFE_BUILD=OFF,-DUSD_LIB_PREFIX=,-DCMAKE_WANT_MATERIALX_BUILD=ON,-DCMAKE_PREFIX_PATH=P:\\shared\\Artifactory\\Windows\\USD\\cfb3d8a' '--ctest-args=-E testUsdReferenceAssemblySelection|testUsdMayaAppDir,-LE interactive,--parallel 16' --stages=test --redirect-outstream-file=False --install-location 'W:\\install\\RelWithDebInfo\\MayaUSD' 'W:\\'
[2022-12-28T16:38:41.928Z] Modified environment variables:
[2022-12-28T16:38:41.928Z]     PATH=P:\shared\Artifactory\Windows\cmake\3.20.3\afe857a\bin;C:\Python27\lib\site-packages\pywin32_system32;C:\Program Files (x86)\Microsoft Visual Studio\2017\Professional\VC\Tools\MSVC\14.16.27023\bin\HostX64\x64;C:\Program Files (x86)\Microsoft Visual Studio\2017\Professional\Common7\IDE\VC\VCPackages;C:\Program Files (x86)\Microsoft Visual Studio\2017\Professional\Common7\IDE\CommonExtensions\Microsoft\TestWindow;C:\Program Files (x86)\Microsoft Visual Studio\2017\Professional\Common7\IDE\CommonExtensions\Microsoft\TeamFoundation\Team Explorer;C:\Program Files (x86)\Microsoft Visual Studio\2017\Professional\MSBuild\15.0\bin\Roslyn;C:\Program Files (x86)\Microsoft Visual Studio\2017\Professional\Team Tools\Performance Tools\x64;C:\Program Files (x86)\Microsoft Visual Studio\2017\Professional\Team Tools\Performance Tools;C:\Program Files (x86)\Microsoft Visual Studio\Shared\Common\VSPerfCollectionTools\\x64;C:\Program Files (x86)\Microsoft Visual Studio\Shared\Common\VSPerfCollectionTools\;C:\Program Files (x86)\Microsoft SDKs\Windows\v10.0A\bin\NETFX 4.6.1 Tools\x64\;C:\Program Files (x86)\HTML Help Workshop;C:\Program Files (x86)\Windows Kits\10\bin\10.0.18362.0\x64;C:\Program Files (x86)\Windows Kits\10\bin\x64;C:\Program Files (x86)\Microsoft Visual Studio\2017\Professional\\MSBuild\15.0\bin;C:\WINDOWS\Microsoft.NET\Framework64\v4.0.30319;C:\Program Files (x86)\Microsoft Visual Studio\2017\Professional\Common7\IDE\;C:\Program Files (x86)\Microsoft Visual Studio\2017\Professional\Common7\Tools\;C:\Python27\;C:\Python27\Scripts;C:\WINDOWS\system32;C:\WINDOWS;C:\WINDOWS\System32\Wbem;C:\WINDOWS\System32\WindowsPowerShell\v1.0\;C:\WINDOWS\System32\OpenSSH\;C:\ProgramData\chocolatey\bin;C:\Program Files (x86)\WiX Toolset v3.7\bin;C:\Program Files\dotnet\;C:\Program Files (x86)\Windows Kits\10\bin\10.0.18362.0\x64;C:\Program Files\Zulu\zulu-11\bin\;C:\Program Files (x86)\Windows Kits\10\bin\10.0.17763.0\x64;C:\Program Files (x86)\Windows Kits\10\bin\x64;C:\Program Files\Git\cmd;C:\Program Files\Git\usr\bin;C:\Program Files\Git\mingw64\bin;C:\Program Files\Git\bin;C:\Python38\;C:\Python38\Scripts;C:\StoreBoxClientWindows;C:\Program Files\Electric Cloud\ElectricCommander\bin;C:\Program Files\WinRAR;C:\Program Files\7-Zip;C:\Users\Administrator\AppData\Local\Microsoft\WindowsApps;C:\Program Files (x86)\Microsoft Visual Studio\2017\Professional\Common7\IDE\CommonExtensions\Microsoft\CMake\CMake\bin;C:\Program Files (x86)\Microsoft Visual Studio\2017\Professional\Common7\IDE\CommonExtensions\Microsoft\CMake\Ninja
[2022-12-28T16:38:42.140Z]     Test project W:/build/RelWithDebInfo
[2022-12-28T16:38:42.958Z]             Start   1: testMayaUsdConverter
[2022-12-28T16:38:42.958Z]             Start   2: testMayaUsdCreateStageCommands
[2022-12-28T16:38:42.958Z]             Start   3: testMayaUsdPythonImport
[2022-12-28T16:38:42.958Z]             Start   4: testMayaUsdLayerEditorCommands
[2022-12-28T16:38:42.958Z]             Start   5: testMayaUsdCacheId
[2022-12-28T16:38:42.958Z]             Start   8: _Interactive_Maya
[2022-12-28T16:38:42.958Z]       1/126 Test   #8: _Interactive_Maya ...............................***Not Run (Disabled)   0.00 sec
[2022-12-28T16:38:42.958Z]             Start   9: testMayaUsdPlugVersionCheck
[2022-12-28T16:38:42.958Z]             Start  10: testPxrUsdPreviewSurfaceDraw
[2022-12-28T16:38:43.752Z]             Start  11: testPxrUsdPreviewSurfaceExport
[2022-12-28T16:38:43.752Z]             Start  12: testMayaUsdSchemasPythonImport
[2022-12-28T16:38:43.752Z]             Start  13: testMayaUsdSchemasMayaReference
[2022-12-28T16:38:43.752Z]             Start  14: testDiffCore
[2022-12-28T16:38:43.752Z]             Start  15: testDiffValues
[2022-12-28T16:38:47.169Z]             Start  16: testDiffAttributes
[2022-12-28T16:38:47.169Z]             Start  17: testDiffRelationships
[2022-12-28T16:38:47.169Z]             Start  18: testDiffDictionaries
[2022-12-28T16:38:47.607Z]             Start  19: testDiffLists
[2022-12-28T16:38:47.607Z]       2/126 Test  #14: testDiffCore ....................................   Passed    4.44 sec
[2022-12-28T16:38:47.607Z]             Start  20: testDiffComputeOverall
[2022-12-28T16:38:47.727Z]       3/126 Test  #18: testDiffDictionaries ............................   Passed    2.86 sec
[2022-12-28T16:38:47.727Z]             Start  21: testDiffPrims
[2022-12-28T16:38:47.727Z]       4/126 Test  #19: testDiffLists ...................................   Passed    0.31 sec
[2022-12-28T16:38:47.727Z]             Start  22: testMergePrims
[2022-12-28T16:38:47.727Z]       5/126 Test  #20: testDiffComputeOverall ..........................   Passed    0.30 sec
[2022-12-28T16:38:47.727Z]             Start  23: testDiffMetadatas
[2022-12-28T16:38:47.858Z]       6/126 Test  #15: testDiffValues ..................................   Passed    4.75 sec
[2022-12-28T16:38:47.858Z]             Start  24: testUsdExportAnimation
[2022-12-28T16:38:47.858Z]       7/126 Test  #17: testDiffRelationships ...........................   Passed    3.98 sec
[2022-12-28T16:38:47.858Z]             Start  25: testUsdExportAsClip
[2022-12-28T16:38:47.858Z]       8/126 Test  #16: testDiffAttributes ..............................   Passed    4.04 sec
[2022-12-28T16:38:47.858Z]             Start  26: testUsdExportBindTransform
[2022-12-28T16:38:47.977Z]       9/126 Test  #21: testDiffPrims ...................................   Passed    0.22 sec
[2022-12-28T16:38:47.977Z]             Start  27: testUsdExportBlendshapes
[2022-12-28T16:38:47.977Z]      10/126 Test  #22: testMergePrims ..................................   Passed    0.19 sec
[2022-12-28T16:38:47.977Z]             Start  28: testUsdExportCamera
[2022-12-28T16:38:47.977Z]      11/126 Test  #23: testDiffMetadatas ...............................   Passed    0.17 sec
[2022-12-28T16:38:47.977Z]             Start  29: testUsdExportColorSets
[2022-12-28T16:38:58.214Z]      12/126 Test  #10: testPxrUsdPreviewSurfaceDraw ....................   Passed   15.17 sec
[2022-12-28T16:38:58.214Z]             Start  30: testUsdExportConnected
[2022-12-28T16:38:58.941Z]      13/126 Test  #12: testMayaUsdSchemasPythonImport ..................   Passed   15.90 sec
[2022-12-28T16:38:58.941Z]             Start  31: testUsdExportDisplacement
[2022-12-28T16:38:58.941Z]      14/126 Test  #13: testMayaUsdSchemasMayaReference .................   Passed   15.92 sec
[2022-12-28T16:38:58.941Z]             Start  32: testUsdExportDisplayColor
[2022-12-28T16:38:59.155Z]      15/126 Test   #3: testMayaUsdPythonImport .........................   Passed   16.20 sec
[2022-12-28T16:38:59.155Z]             Start  33: testUsdExportEulerFilter
[2022-12-28T16:38:59.482Z]      16/126 Test   #9: testMayaUsdPlugVersionCheck .....................   Passed   16.51 sec
[2022-12-28T16:38:59.482Z]             Start  34: testUsdExportFileFormat
[2022-12-28T16:38:59.596Z]      17/126 Test   #1: testMayaUsdConverter ............................   Passed   16.61 sec
[2022-12-28T16:38:59.596Z]             Start  35: testUsdExportFilterTypes
[2022-12-28T16:38:59.714Z]      18/126 Test   #5: testMayaUsdCacheId ..............................   Passed   16.69 sec
[2022-12-28T16:38:59.714Z]             Start  36: testUsdExportFrameOffset
[2022-12-28T16:38:59.714Z]      19/126 Test   #2: testMayaUsdCreateStageCommands ..................   Passed   16.74 sec
[2022-12-28T16:38:59.714Z]             Start  37: testUsdExportGeomSubset
[2022-12-28T16:38:59.832Z]      20/126 Test   #4: testMayaUsdLayerEditorCommands ..................   Passed   16.82 sec
[2022-12-28T16:38:59.832Z]             Start  38: testUsdExportInstances
[2022-12-28T16:38:59.832Z]      21/126 Test  #24: testUsdExportAnimation ..........................   Passed   12.00 sec
[2022-12-28T16:38:59.832Z]             Start  39: testUsdExportLayerAttributes
[2022-12-28T16:39:00.243Z]      22/126 Test  #26: testUsdExportBindTransform ......................   Passed   12.33 sec
[2022-12-28T16:39:00.243Z]             Start  40: testUsdExportLight
[2022-12-28T16:39:00.243Z]      23/126 Test  #27: testUsdExportBlendshapes ........................   Passed   12.35 sec
[2022-12-28T16:39:00.243Z]             Start  41: testUsdExportLocator
[2022-12-28T16:39:01.895Z]      24/126 Test  #28: testUsdExportCamera .............................   Passed   13.94 sec
[2022-12-28T16:39:01.896Z]             Start  42: testUsdExportMayaInstancer
[2022-12-28T16:39:02.012Z]      25/126 Test  #11: testPxrUsdPreviewSurfaceExport ..................   Passed   18.94 sec
[2022-12-28T16:39:02.012Z]             Start  43: testUsdExportMesh
[2022-12-28T16:39:02.127Z]      26/126 Test  #25: testUsdExportAsClip .............................   Passed   14.20 sec
[2022-12-28T16:39:02.127Z]             Start  44: testUsdExportNurbsCurve
[2022-12-28T16:39:02.127Z]      27/126 Test  #29: testUsdExportColorSets ..........................   Passed   14.21 sec
[2022-12-28T16:39:02.127Z]             Start  45: testUsdExportOpenLayer
[2022-12-28T16:39:02.566Z]      28/126 Test  #30: testUsdExportConnected ..........................   Passed    4.40 sec
[2022-12-28T16:39:02.566Z]             Start  46: testUsdExportOverImport
[2022-12-28T16:39:03.416Z]      29/126 Test  #32: testUsdExportDisplayColor .......................   Passed    4.44 sec
[2022-12-28T16:39:03.416Z]             Start  47: testUsdExportUsdPreviewSurface
[2022-12-28T16:39:03.537Z]      30/126 Test  #34: testUsdExportFileFormat .........................   Passed    3.97 sec
[2022-12-28T16:39:03.537Z]             Start  48: testUsdExportParentScope
[2022-12-28T16:39:03.537Z]      31/126 Test  #33: testUsdExportEulerFilter ........................   Passed    4.36 sec
[2022-12-28T16:39:03.537Z]             Start  49: testUsdExportParticles
[2022-12-28T16:39:03.776Z]      32/126 Test  #31: testUsdExportDisplacement .......................   Passed    4.78 sec
[2022-12-28T16:39:03.776Z]             Start  50: testUsdExportPref
[2022-12-28T16:39:03.776Z]      33/126 Test  #39: testUsdExportLayerAttributes ....................   Passed    3.90 sec
[2022-12-28T16:39:03.776Z]             Start  51: testUsdExportRenderLayerMode
[2022-12-28T16:39:04.122Z]      34/126 Test  #37: testUsdExportGeomSubset .........................   Passed    4.36 sec
[2022-12-28T16:39:04.122Z]             Start  52: testUsdExportRoots
[2022-12-28T16:39:04.122Z]      35/126 Test  #38: testUsdExportInstances ..........................   Passed    4.30 sec
[2022-12-28T16:39:04.122Z]             Start  53: testUsdExportRootsAndParentScope
[2022-12-28T16:39:04.370Z]      36/126 Test  #35: testUsdExportFilterTypes ........................   Passed    4.83 sec
[2022-12-28T16:39:04.370Z]             Start  54: testUsdExportSelection
[2022-12-28T16:39:04.618Z]      37/126 Test  #40: testUsdExportLight ..............................   Passed    4.32 sec
[2022-12-28T16:39:04.618Z]             Start  55: testUsdExportSelectionHierarchy
[2022-12-28T16:39:04.618Z]      38/126 Test  #36: testUsdExportFrameOffset ........................   Passed    4.96 sec
[2022-12-28T16:39:04.618Z]             Start  56: testUsdExportShadingInstanced
[2022-12-28T16:39:05.262Z]      39/126 Test  #41: testUsdExportLocator ............................   Passed    4.97 sec
[2022-12-28T16:39:05.262Z]             Start  57: testUsdExportShadingModePxrRis
[2022-12-28T16:39:06.101Z]      40/126 Test  #45: testUsdExportOpenLayer ..........................   Passed    3.95 sec
[2022-12-28T16:39:06.101Z]             Start  58: testUsdExportSkeleton
[2022-12-28T16:39:06.636Z]      41/126 Test  #42: testUsdExportMayaInstancer ......................   Passed    4.73 sec
[2022-12-28T16:39:06.636Z]             Start  59: testUsdExportStripNamespaces
[2022-12-28T16:39:06.636Z]      42/126 Test  #46: testUsdExportOverImport .........................   Passed    4.10 sec
[2022-12-28T16:39:06.636Z]             Start  60: testUsdExportStroke
[2022-12-28T16:39:06.749Z]      43/126 Test  #43: testUsdExportMesh ...............................   Passed    4.83 sec
[2022-12-28T16:39:06.749Z]             Start  61: testUsdExportUserTaggedAttributes
[2022-12-28T16:39:06.904Z]      44/126 Test  #44: testUsdExportNurbsCurve .........................   Passed    4.81 sec
[2022-12-28T16:39:06.904Z]             Start  62: testUsdExportVisibilityDefault
[2022-12-28T16:39:07.444Z]      45/126 Test  #51: testUsdExportRenderLayerMode ....................   Passed    3.72 sec
[2022-12-28T16:39:07.444Z]             Start  63: testUsdImportAnonymousLayer
[2022-12-28T16:39:07.668Z]      46/126 Test  #47: testUsdExportUsdPreviewSurface ..................   Passed    4.28 sec
[2022-12-28T16:39:07.668Z]             Start  64: testUsdImportCamera
[2022-12-28T16:39:07.998Z]      47/126 Test  #49: testUsdExportParticles ..........................   Passed    4.45 sec
[2022-12-28T16:39:07.998Z]             Start  65: testUsdImportBasisCurves
[2022-12-28T16:39:08.121Z]      48/126 Test  #48: testUsdExportParentScope ........................   Passed    4.59 sec
[2022-12-28T16:39:08.121Z]             Start  66: testUsdImportBatchNurbsCurves
[2022-12-28T16:39:08.247Z]      49/126 Test  #53: testUsdExportRootsAndParentScope ................   Passed    4.13 sec
[2022-12-28T16:39:08.247Z]             Start  67: testUsdImportLinearCurves
[2022-12-28T16:39:08.603Z]      50/126 Test  #50: testUsdExportPref ...............................   Passed    4.86 sec
[2022-12-28T16:39:08.603Z]             Start  68: testUsdImportNurbsCurves
[2022-12-28T16:39:09.082Z]      51/126 Test  #54: testUsdExportSelection ..........................   Passed    4.65 sec
[2022-12-28T16:39:09.082Z]             Start  69: testUsdImportBatchBezierCurves
[2022-12-28T16:39:09.237Z]      52/126 Test  #56: testUsdExportShadingInstanced ...................   Passed    4.59 sec
[2022-12-28T16:39:09.237Z]             Start  70: testUsdImportColorSets
[2022-12-28T16:39:09.672Z]      53/126 Test  #57: testUsdExportShadingModePxrRis ..................   Passed    4.40 sec
[2022-12-28T16:39:09.672Z]             Start  71: testUsdImportDisplacement
[2022-12-28T16:39:09.672Z]      54/126 Test  #55: testUsdExportSelectionHierarchy .................   Passed    5.10 sec
[2022-12-28T16:39:09.672Z]             Start  72: testUsdImportExportScope
[2022-12-28T16:39:09.797Z]      55/126 Test  #52: testUsdExportRoots ..............................   Passed    5.75 sec
[2022-12-28T16:39:09.797Z]             Start  73: testUsdImportExportTypelessDefs
[2022-12-28T16:39:10.788Z]      56/126 Test  #59: testUsdExportStripNamespaces ....................***Failed    4.18 sec
[2022-12-28T16:39:10.788Z]     MAYA_DEBUG_NO_SAVE_ON_CRASH is set.
[2022-12-28T16:39:10.788Z]     Opening layer 'W:/build/RelWithDebInfo/test/lib/usd/translators/testUsdExportStripNamespacesOutput/UsdExportStripNamespaces_EXPORTED.usda' for writing
[2022-12-28T16:39:10.788Z]     Warning: ProgressBarScope: did not advance progress bar correct number of steps.
[2022-12-28T16:39:10.788Z]     Error: Multiple dag nodes map to the same prim path after stripping namespaces: |cube1 - |foo:cube1
[2022-12-28T16:39:10.788Z]     FOpening layer 'W:/build/RelWithDebInfo/test/lib/usd/translators/testUsdExportStripNamespacesOutput/UsdExportStripNamespaces_EXPORTED.usda' for writing
[2022-12-28T16:39:10.788Z]     Saving stage
[2022-12-28T16:39:10.788Z]     Warning: ProgressBarScope: did not advance progress bar correct number of steps.
[2022-12-28T16:39:10.788Z]     .Opening layer 'W:/build/RelWithDebInfo/test/lib/usd/translators/testUsdExportStripNamespacesOutput/UsdExportStripNamespaces_EXPORTED.usda' for writing
[2022-12-28T16:39:10.788Z]     Saving stage
[2022-12-28T16:39:10.788Z]     Warning: ProgressBarScope: did not advance progress bar correct number of steps.
[2022-12-28T16:39:10.788Z]     .
[2022-12-28T16:39:10.788Z]     ======================================================================
[2022-12-28T16:39:10.788Z]     FAIL: testExportWithClashStripping (testUsdExportStripNamespaces.testUsdExportStripNamespaces)
[2022-12-28T16:39:10.788Z]     ----------------------------------------------------------------------
[2022-12-28T16:39:10.788Z]     Traceback (most recent call last):
[2022-12-28T16:39:10.788Z]       File "S:\jenkins\workspace\ECP\ecg-maya-usd\ecg-mayausd-branch-preflight-2019-no-ufe-windows\ecg-maya-usd\maya-usd\test\lib\usd\translators\testUsdExportStripNamespaces.py", line 69, in testExportWithClashStripping
[2022-12-28T16:39:10.788Z]         shadingMode='none')
[2022-12-28T16:39:10.788Z]     AssertionError: "Multiple dag nodes map to the same prim path.+|cube1 - |foo:cube1.*" does not match "Maya command error"
[2022-12-28T16:39:10.788Z]     
[2022-12-28T16:39:10.788Z]     ----------------------------------------------------------------------
[2022-12-28T16:39:10.788Z]     Ran 3 tests in 0.383s
[2022-12-28T16:39:10.788Z]     
[2022-12-28T16:39:10.788Z]     FAILED (failures=1)
[2022-12-28T16:39:10.788Z]     
[2022-12-28T16:39:10.788Z]             Start  74: testUsdImportFrameRange
[2022-12-28T16:39:11.229Z]      57/126 Test  #60: testUsdExportStroke .............................   Passed    4.50 sec
[2022-12-28T16:39:11.229Z]             Start  75: testUsdImportFramerates
[2022-12-28T16:39:11.357Z]      58/126 Test  #61: testUsdExportUserTaggedAttributes ...............   Passed    4.58 sec
[2022-12-28T16:39:11.357Z]             Start  76: testUsdImportInstances
[2022-12-28T16:39:11.532Z]      59/126 Test  #63: testUsdImportAnonymousLayer .....................   Passed    3.99 sec
[2022-12-28T16:39:11.532Z]             Start  77: testUsdImportLight
[2022-12-28T16:39:11.532Z]      60/126 Test  #62: testUsdExportVisibilityDefault ..................   Passed    4.58 sec
[2022-12-28T16:39:11.532Z]             Start  78: testUsdImportMayaReference
[2022-12-28T16:39:11.532Z]      61/126 Test  #58: testUsdExportSkeleton ...........................   Passed    5.40 sec
[2022-12-28T16:39:11.532Z]             Start  79: testUsdImportMesh
[2022-12-28T16:39:11.646Z]      62/126 Test  #64: testUsdImportCamera .............................   Passed    4.01 sec
[2022-12-28T16:39:11.646Z]             Start  80: testUsdImportPreviewSurface
[2022-12-28T16:39:12.513Z]      63/126 Test  #65: testUsdImportBasisCurves ........................   Passed    4.53 sec
[2022-12-28T16:39:12.513Z]             Start  81: testUsdImportSessionLayer
[2022-12-28T16:39:12.513Z]      64/126 Test  #67: testUsdImportLinearCurves .......................   Passed    4.32 sec
[2022-12-28T16:39:12.513Z]             Start  82: testUsdImportShadingModeDisplayColor
[2022-12-28T16:39:12.659Z]      65/126 Test  #66: testUsdImportBatchNurbsCurves ...................   Passed    4.55 sec
[2022-12-28T16:39:12.659Z]             Start  83: testUsdImportShadingModePxrRis
[2022-12-28T16:39:13.085Z]      66/126 Test  #68: testUsdImportNurbsCurves ........................   Passed    4.47 sec
[2022-12-28T16:39:13.085Z]             Start  84: testUsdImportUVSetMappings
[2022-12-28T16:39:13.315Z]      67/126 Test  #70: testUsdImportColorSets ..........................   Passed    4.02 sec
[2022-12-28T16:39:13.315Z]             Start  85: testUsdImportUSDZTextures
[2022-12-28T16:39:13.315Z]      68/126 Test  #69: testUsdImportBatchBezierCurves ..................   Passed    4.27 sec
[2022-12-28T16:39:13.315Z]             Start  86: testUsdExportImportRoundtripPreviewSurface
[2022-12-28T16:39:13.683Z]      69/126 Test  #72: testUsdImportExportScope ........................   Passed    3.97 sec
[2022-12-28T16:39:13.683Z]             Start  87: testUsdExportImportUDIM
[2022-12-28T16:39:14.017Z]      70/126 Test  #73: testUsdImportExportTypelessDefs .................   Passed    4.15 sec
[2022-12-28T16:39:14.017Z]             Start  88: testUsdImportSkeleton
[2022-12-28T16:39:14.017Z]      71/126 Test  #71: testUsdImportDisplacement .......................   Passed    4.35 sec
[2022-12-28T16:39:14.017Z]             Start  89: testUsdImportXforms
[2022-12-28T16:39:15.071Z]      72/126 Test  #74: testUsdImportFrameRange .........................   Passed    4.26 sec
[2022-12-28T16:39:15.071Z]             Start  90: testUsdImportXformAnim
[2022-12-28T16:39:15.391Z]      73/126 Test  #76: testUsdImportInstances ..........................   Passed    4.01 sec
[2022-12-28T16:39:15.391Z]             Start  91: testUsdMayaAdaptor
[2022-12-28T16:39:15.612Z]      74/126 Test  #77: testUsdImportLight ..............................   Passed    4.22 sec
[2022-12-28T16:39:15.612Z]             Start  92: testUsdMayaAdaptorGeom
[2022-12-28T16:39:15.612Z]      75/126 Test  #75: testUsdImportFramerates .........................   Passed    4.48 sec
[2022-12-28T16:39:15.612Z]             Start  93: testUsdMayaAdaptorMetadata
[2022-12-28T16:39:15.836Z]      76/126 Test  #80: testUsdImportPreviewSurface .....................   Passed    4.17 sec
[2022-12-28T16:39:15.837Z]             Start  94: testUsdMayaAdaptorUndoRedo
[2022-12-28T16:39:15.966Z]      77/126 Test  #79: testUsdImportMesh ...............................   Passed    4.38 sec
[2022-12-28T16:39:15.966Z]             Start  95: testUsdExportUVTransforms
[2022-12-28T16:39:16.094Z]      78/126 Test  #78: testUsdImportMayaReference ......................   Passed    4.63 sec
[2022-12-28T16:39:16.094Z]             Start  96: testUsdExportUsdzPackage
[2022-12-28T16:39:16.747Z]      79/126 Test  #82: testUsdImportShadingModeDisplayColor ............   Passed    4.14 sec
[2022-12-28T16:39:16.747Z]             Start  97: testUsdExportRfMShaders
[2022-12-28T16:39:16.747Z]      80/126 Test  #81: testUsdImportSessionLayer .......................   Passed    4.18 sec
[2022-12-28T16:39:16.747Z]             Start  98: testUsdImportRfMShaders
[2022-12-28T16:39:16.747Z]      81/126 Test  #83: testUsdImportShadingModePxrRis ..................   Passed    4.17 sec
[2022-12-28T16:39:16.747Z]             Start  99: testUsdExportUVSets
[2022-12-28T16:39:17.595Z]      82/126 Test  #84: testUsdImportUVSetMappings ......................   Passed    4.55 sec
[2022-12-28T16:39:17.595Z]             Start 100: testUsdExportUVSetsFloat
[2022-12-28T16:39:17.823Z]      83/126 Test  #85: testUsdImportUSDZTextures .......................   Passed    4.54 sec
[2022-12-28T16:39:17.823Z]             Start 101: testUsdExportUVSetMappings
[2022-12-28T16:39:17.945Z]      84/126 Test  #88: testUsdImportSkeleton ...........................   Passed    3.91 sec
[2022-12-28T16:39:17.945Z]             Start 102: testUsdImportUVSets
[2022-12-28T16:39:18.073Z]      85/126 Test  #86: testUsdExportImportRoundtripPreviewSurface ......   Passed    4.69 sec
[2022-12-28T16:39:18.073Z]             Start 103: testUsdImportUVSetsFloat
[2022-12-28T16:39:18.243Z]      86/126 Test  #87: testUsdExportImportUDIM .........................   Passed    4.50 sec
[2022-12-28T16:39:18.243Z]             Start 104: testUsdImportChaser
[2022-12-28T16:39:18.997Z]      87/126 Test  #90: testUsdImportXformAnim ..........................   Passed    3.93 sec
[2022-12-28T16:39:18.997Z]             Start 105: testUsdMayaListShadingModesCommand
[2022-12-28T16:39:19.421Z]      88/126 Test  #91: testUsdMayaAdaptor ..............................   Passed    4.07 sec
[2022-12-28T16:39:19.421Z]             Start 106: testUsdImportExportSiteSpecificConfig
[2022-12-28T16:39:19.639Z]      89/126 Test  #93: testUsdMayaAdaptorMetadata ......................   Passed    3.99 sec
[2022-12-28T16:39:19.639Z]             Start 107: testUsdExportAssembly
[2022-12-28T16:39:19.757Z]      90/126 Test  #94: testUsdMayaAdaptorUndoRedo ......................   Passed    3.84 sec
[2022-12-28T16:39:19.757Z]             Start 108: testUsdExportAssemblyEdits
[2022-12-28T16:39:19.757Z]      91/126 Test  #92: testUsdMayaAdaptorGeom ..........................   Passed    4.10 sec
[2022-12-28T16:39:19.757Z]             Start 109: testUsdExportPackage
[2022-12-28T16:39:20.401Z]      92/126 Test  #96: testUsdExportUsdzPackage ........................   Passed    4.27 sec
[2022-12-28T16:39:20.401Z]             Start 110: testUsdExportPointInstancer
[2022-12-28T16:39:20.401Z]      93/126 Test  #95: testUsdExportUVTransforms .......................   Passed    4.51 sec
[2022-12-28T16:39:20.401Z]             Start 111: testUsdImportAsAssemblies
[2022-12-28T16:39:20.635Z]      94/126 Test  #97: testUsdExportRfMShaders .........................   Passed    3.92 sec
[2022-12-28T16:39:20.635Z]             Start 112: testUsdImportNestedAssemblyAnimation
[2022-12-28T16:39:20.871Z]      95/126 Test  #98: testUsdImportRfMShaders .........................   Passed    4.12 sec
[2022-12-28T16:39:20.871Z]             Start 113: testUsdMayaGetVariantSetSelections
[2022-12-28T16:39:21.120Z]      96/126 Test  #99: testUsdExportUVSets .............................   Passed    4.25 sec
[2022-12-28T16:39:21.120Z]             Start 114: testUsdMayaModelKindProcessor
[2022-12-28T16:39:21.911Z]      97/126 Test #100: testUsdExportUVSetsFloat ........................   Passed    4.29 sec
[2022-12-28T16:39:21.911Z]             Start 115: testUsdMayaReferenceAssemblyEdits
[2022-12-28T16:39:22.057Z]      98/126 Test #102: testUsdImportUVSets .............................   Passed    4.09 sec
[2022-12-28T16:39:22.057Z]             Start 116: testUsdReferenceAssemblyChangeRepresentations
[2022-12-28T16:39:22.196Z]      99/126 Test #103: testUsdImportUVSetsFloat ........................   Passed    4.10 sec
[2022-12-28T16:39:22.196Z]             Start 117: testPxrUsdAlembicChaser
[2022-12-28T16:39:22.565Z]     100/126 Test #104: testUsdImportChaser .............................   Passed    4.39 sec
[2022-12-28T16:39:22.565Z]             Start 118: AL_MayaUtilsTests
[2022-12-28T16:39:22.785Z]     101/126 Test #101: testUsdExportUVSetMappings ......................   Passed    5.03 sec
[2022-12-28T16:39:22.785Z]             Start 119: GTest:AL_USDTransactionTests
[2022-12-28T16:39:23.001Z]     102/126 Test #119: GTest:AL_USDTransactionTests ....................   Passed    0.18 sec
[2022-12-28T16:39:23.001Z]             Start 120: Python:AL_USDTransactionTests
[2022-12-28T16:39:23.001Z]     103/126 Test #105: testUsdMayaListShadingModesCommand ..............   Passed    4.05 sec
[2022-12-28T16:39:23.001Z]             Start 121: AL_USDMayaTestPlugin
[2022-12-28T16:39:23.757Z]     104/126 Test #106: testUsdImportExportSiteSpecificConfig ...........   Passed    4.24 sec
[2022-12-28T16:39:23.757Z]             Start 122: TestALUSDMayaPython_ProxyShape
[2022-12-28T16:39:23.898Z]     105/126 Test #120: Python:AL_USDTransactionTests ...................   Passed    0.82 sec
[2022-12-28T16:39:23.898Z]             Start 123: TestALUSDMayaPython_Translators
[2022-12-28T16:39:24.245Z]     106/126 Test #107: testUsdExportAssembly ...........................   Passed    4.62 sec
[2022-12-28T16:39:24.245Z]             Start 124: TestALUSDMayaPython_LayerManager
[2022-12-28T16:39:24.470Z]     107/126 Test #108: testUsdExportAssemblyEdits ......................   Passed    4.76 sec
[2022-12-28T16:39:24.470Z]             Start 125: TestALUSDMayaPython_ImportModule
[2022-12-28T16:39:24.595Z]     108/126 Test #109: testUsdExportPackage ............................   Passed    4.81 sec
[2022-12-28T16:39:24.595Z]             Start 126: testMayaSchemas
[2022-12-28T16:39:24.718Z]     109/126 Test #111: testUsdImportAsAssemblies .......................   Passed    4.26 sec
[2022-12-28T16:39:24.718Z]             Start 127: TestAdditionalTranslators
[2022-12-28T16:39:24.718Z]     110/126 Test #126: testMayaSchemas .................................   Passed    0.18 sec
[2022-12-28T16:39:24.718Z]             Start 128: TestPxrUsdTranslators
[2022-12-28T16:39:24.718Z]     111/126 Test #112: testUsdImportNestedAssemblyAnimation ............   Passed    4.15 sec
[2022-12-28T16:39:24.934Z]     112/126 Test #113: testUsdMayaGetVariantSetSelections ..............   Passed    4.10 sec
[2022-12-28T16:39:25.453Z]     113/126 Test #125: TestALUSDMayaPython_ImportModule ................   Passed    1.01 sec
[2022-12-28T16:39:25.773Z]     114/126 Test #115: testUsdMayaReferenceAssemblyEdits ...............   Passed    3.90 sec
[2022-12-28T16:39:25.883Z]     115/126 Test #118: AL_MayaUtilsTests ...............................   Passed    3.34 sec
[2022-12-28T16:39:26.101Z]     116/126 Test #114: testUsdMayaModelKindProcessor ...................   Passed    5.02 sec
[2022-12-28T16:39:26.212Z]     117/126 Test #116: testUsdReferenceAssemblyChangeRepresentations ...   Passed    4.28 sec
[2022-12-28T16:39:26.529Z]     118/126 Test #117: testPxrUsdAlembicChaser .........................   Passed    4.40 sec
[2022-12-28T16:39:27.555Z]     119/126 Test #122: TestALUSDMayaPython_ProxyShape ..................   Passed    3.81 sec
[2022-12-28T16:39:28.071Z]     120/126 Test #123: TestALUSDMayaPython_Translators .................   Passed    4.21 sec
[2022-12-28T16:39:28.071Z]     121/126 Test #124: TestALUSDMayaPython_LayerManager ................   Passed    3.79 sec
[2022-12-28T16:39:28.383Z]     122/126 Test #128: TestPxrUsdTranslators ...........................   Passed    3.58 sec
[2022-12-28T16:39:30.015Z]     123/126 Test #127: TestAdditionalTranslators .......................   Passed    5.36 sec
[2022-12-28T16:39:42.696Z]     124/126 Test #121: AL_USDMayaTestPlugin ............................   Passed   19.68 sec
[2022-12-28T16:39:48.691Z]     125/126 Test #110: testUsdExportPointInstancer .....................   Passed   28.28 sec
[2022-12-28T16:40:24.281Z]     126/126 Test  #89: testUsdImportXforms .............................   Passed   70.25 sec
[2022-12-28T16:40:24.281Z]     
[2022-12-28T16:40:24.281Z]     99% tests passed, 1 tests failed out of 125
[2022-12-28T16:40:24.281Z]     
[2022-12-28T16:40:24.281Z]     Label Time Summary:
[2022-12-28T16:40:24.281Z]     Debugging            =   0.00 sec*proc (1 test)
[2022-12-28T16:40:24.281Z]     MayaUsd              =  99.58 sec*proc (6 tests)
[2022-12-28T16:40:24.281Z]     translators          = 481.66 sec*proc (83 tests)
[2022-12-28T16:40:24.281Z]     usdPreviewSurface    =  34.11 sec*proc (2 tests)
[2022-12-28T16:40:24.281Z]     
[2022-12-28T16:40:24.281Z]     Total Test time (real) = 102.08 sec
[2022-12-28T16:40:24.281Z]     
[2022-12-28T16:40:24.281Z]     The following tests did not run:
[2022-12-28T16:40:24.281Z]     	  8 - _Interactive_Maya (Disabled)
[2022-12-28T16:40:24.281Z]     
[2022-12-28T16:40:24.281Z]     The following tests FAILED:
[2022-12-28T16:40:24.281Z]     	 59 - testUsdExportStripNamespaces (Failed)
[2022-12-28T16:40:24.281Z]     Errors while running CTest
[2022-12-28T16:40:24.281Z]     
[2022-12-28T16:40:24.281Z]         Building with settings:
[2022-12-28T16:40:24.281Z]           Source directory          S:\jenkins\workspace\ECP\ecg-maya-usd\ecg-mayausd-branch-preflight-2019-no-ufe-windows\ecg-maya-usd\maya-usd
[2022-12-28T16:40:24.281Z]           Workspace directory       W:\
[2022-12-28T16:40:24.281Z]           Build directory           W:\build\RelWithDebInfo
[2022-12-28T16:40:24.281Z]           Install directory         W:\install\RelWithDebInfo\MayaUSD
[2022-12-28T16:40:24.281Z]           Variant                   RelWithDebInfo
[2022-12-28T16:40:24.281Z]           Python Debug              Off
[2022-12-28T16:40:24.281Z]           CMake generator           Ninja
[2022-12-28T16:40:24.281Z]           Build arguments           ['-DCMAKE_MAKE_PROGRAM=P:/shared/Artifactory/Windows/ninja/1.9.0/c68f192/ninja.exe', '-DPYTHON_INCLUDE_DIR=P:/shared/Artifactory/Windows/rundev-2019/202003131251/runtime/155eb96/runTime/include/Python2.7', '-DPython_EXECUTABLE=P:/shared/Artifactory/Windows/rundev-2019/202003131251/runtime/155eb96/runTime/bin/mayapy.exe', '-DPYTHON_LIBRARIES=P:/shared/Artifactory/Windows/rundev-2019/202003131251/runtime/155eb96/runTime/lib/python27.lib', '-DCMAKE_WANT_UFE_BUILD=OFF', '-DUSD_LIB_PREFIX=', '-DCMAKE_WANT_MATERIALX_BUILD=ON', '-DCMAKE_PREFIX_PATH=P:\\shared\\Artifactory\\Windows\\USD\\cfb3d8a']
[2022-12-28T16:40:24.281Z]           Stages arguments          ['test']
[2022-12-28T16:40:24.281Z]           CTest arguments           ['-E testUsdReferenceAssemblySelection|testUsdMayaAppDir', '-LE interactive', '--parallel 16']
[2022-12-28T16:40:24.281Z]     #####################################################################################
[2022-12-28T16:40:24.281Z]     log date: 2022-12-28 08:38
[2022-12-28T16:40:24.281Z]     commit sha: ea49b706910096f6df2b4a66489ea1d6d71b3de2
[2022-12-28T16:40:24.281Z]     commit date: Wed Dec 28 11:28:37 2022 -0500
[2022-12-28T16:40:24.281Z]     #####################################################################################
[2022-12-28T16:40:24.281Z]     
[2022-12-28T16:40:24.281Z]     cmake --build . --config RelWithDebInfo --target install -- -j16
[2022-12-28T16:40:24.281Z]     #####################################################################################
[2022-12-28T16:40:24.281Z]     log date: 2022-12-28 08:38
[2022-12-28T16:40:24.281Z]     commit sha: ea49b706910096f6df2b4a66489ea1d6d71b3de2
[2022-12-28T16:40:24.281Z]     commit date: Wed Dec 28 11:28:37 2022 -0500
[2022-12-28T16:40:24.281Z]     #####################################################################################
[2022-12-28T16:40:24.281Z]     
[2022-12-28T16:40:24.281Z]     ctest --output-on-failure --timeout 500 -C RelWithDebInfo -E testUsdReferenceAssemblySelection|testUsdMayaAppDir -LE interactive --parallel 16
[2022-12-28T16:40:24.281Z]     
[2022-12-28T16:40:24.281Z]     Traceback (most recent call last):
[2022-12-28T16:40:24.281Z]       File "S:\jenkins\workspace\ECP\ecg-maya-usd\ecg-mayausd-branch-preflight-2019-no-ufe-windows\ecg-maya-usd\maya-usd\build.py", line 628, in <module>
[2022-12-28T16:40:24.281Z]         RunTests(context, context.ctestArgs)
[2022-12-28T16:40:24.281Z]       File "S:\jenkins\workspace\ECP\ecg-maya-usd\ecg-mayausd-branch-preflight-2019-no-ufe-windows\ecg-maya-usd\maya-usd\build.py", line 411, in RunTests
[2022-12-28T16:40:24.281Z]         RunCTest(context,extraArgs)
[2022-12-28T16:40:24.281Z]       File "S:\jenkins\workspace\ECP\ecg-maya-usd\ecg-mayausd-branch-preflight-2019-no-ufe-windows\ecg-maya-usd\maya-usd\build.py", line 322, in RunCTest
[2022-12-28T16:40:24.281Z]         extraArgs=(" ".join(extraArgs) if extraArgs else "")))
[2022-12-28T16:40:24.281Z]       File "S:\jenkins\workspace\ECP\ecg-maya-usd\ecg-mayausd-branch-preflight-2019-no-ufe-windows\ecg-maya-usd\maya-usd\build.py", line 179, in Run
[2022-12-28T16:40:24.281Z]         .format(cmd=cmd, log=os.path.abspath(context.logFileLocation)))
[2022-12-28T16:40:24.281Z]     RuntimeError: Failed to run 'ctest --output-on-failure --timeout 500 -C RelWithDebInfo -E testUsdReferenceAssemblySelection|testUsdMayaAppDir -LE interactive --parallel 16 '
[2022-12-28T16:40:24.281Z]     See W:\build\RelWithDebInfo\build_log.txt for more details.
[2022-12-28T16:40:24.281Z] build.py: error: Command failed with error code: 1
[Pipeline] bat
[2022-12-28T16:40:24.583Z] Deleting alias drive W:
[Pipeline] bat
[2022-12-28T16:40:24.886Z] Deleting alias drive P:
[Pipeline] }
[Pipeline] // withEnv
[Pipeline] }
[Pipeline] // timeout
[Pipeline] }
[Pipeline] // stage
[Pipeline] }
[Pipeline] // timestamps
[Pipeline] emailextrecipients
Not sending mail to unregistered user ecg.jenkins@autodesk.com because your SCM claimed this was associated with a user ID ecg.jenkins' which your security realm does not recognize; you may need changes in your SCM plugin
Not sending mail to unregistered user ecg.jenkins@autodesk.com because your SCM claimed this was associated with a user ID ecg.jenkins' which your security realm does not recognize; you may need changes in your SCM plugin
[Pipeline] echo
No recipients to send notification.
[Pipeline] }
[Pipeline] // node
[Pipeline] End of Pipeline
ERROR: script returned exit code 1
[Checks API] No suitable checks publisher found.
Finished: FAILURE
