================================================================================
                             setup (RelWithDebInfo)
================================================================================
[Pipeline] }
[Pipeline] // withEnv
[Pipeline] }
[Pipeline] // stage
[Pipeline] }
[Pipeline] // timestamps
[Pipeline] }
[Pipeline] // timeout
[Pipeline] timeout
Timeout set to expire in 6 hr 0 min
[Pipeline] {
[Pipeline] timestamps
[Pipeline] {
[Pipeline] stage
[Pipeline] { (Clean)
[Pipeline] withEnv
[Pipeline] {
[Pipeline] sh
[ecg-mayausd-branch-preflight-2020-linux] Running shell script
+ scl enable devtoolset-6 -
python ecg-maya-usd/build.py --stages=clean --workspace-dir=/local/S/jenkins/workspace/ecg-mayausd-branch-preflight-2020-linux --artifactory-dir=/local/S/jenkins/workspace/shared/Artifactory --build-dir=/local/S/jenkins/workspace/ecg-mayausd-branch-preflight-2020-linux/build --install-dir=/local/S/jenkins/workspace/ecg-mayausd-branch-preflight-2020-linux/install --signing-dir=/local/S/jenkins/workspace/ecg-mayausd-branch-preflight-2020-linux/signing --package-dir=/local/S/jenkins/workspace/ecg-mayausd-branch-preflight-2020-linux/package --output-dir=/local/S/jenkins/workspace/ecg-mayausd-branch-preflight-2020-linux/output --stash-dir=/local/S/jenkins/workspace/ecg-mayausd-branch-preflight-2020-linux/stash --jenkins-build=440 --git-commit=2e749849f820dc28ea6650054b7a4ca22d74ee66 --git-branch=master --variants=RelWithDebInfo --python=2 --maya-cut-config=maya-rundev-2020.yaml --stage-banner
Using Maya cut from /local/S/jenkins/workspace/shared/Artifactory/Linux/rundev-2020/202004291615/runtime/91f4300

================================================================================
                             clean (RelWithDebInfo)
================================================================================
running clean stage....................
Maya Python RelWithDebInfo Info:
  mayapy executable   = /local/S/jenkins/workspace/shared/Artifactory/Linux/rundev-2020/202004291615/runtime/91f4300/runTime/bin/mayapy
  Include Folder      = /local/S/jenkins/workspace/shared/Artifactory/Linux/rundev-2020/202004291615/runtime/91f4300/runTime/include/Python
  Library             = /local/S/jenkins/workspace/shared/Artifactory/Linux/rundev-2020/202004291615/runtime/91f4300/runTime/lib/libpython2.7.so.1.0
  site-package Folder = /local/S/jenkins/workspace/shared/Artifactory/Linux/rundev-2020/202004291615/runtime/91f4300/runTime/lib/python2.7/site-packages
In workdir: /home/S/jenkins/workspace/ecg-mayausd-branch-preflight-2020-linux/ecg-maya-usd/maya-usd
Executing: /local/S/jenkins/workspace/shared/Artifactory/Linux/rundev-2020/202004291615/runtime/91f4300/runTime/bin/mayapy /home/S/jenkins/workspace/ecg-mayausd-branch-preflight-2020-linux/ecg-maya-usd/maya-usd/build.py --generator Ninja --build-relwithdebug --maya-location /local/S/jenkins/workspace/shared/Artifactory/Linux/rundev-2020/202004291615/runtime/91f4300/runTime --devkit-location /local/S/jenkins/workspace/shared/Artifactory/Linux/rundev-2020/202004291615/runtime/91f4300/devkitBase --pxrusd-location /local/S/jenkins/workspace/shared/Artifactory/Linux/USD/df240d5 --qt-location /local/S/jenkins/workspace/shared/Artifactory/Linux/qt/5.12.5/84f551b --build-args=-DCMAKE_MAKE_PROGRAM=/local/S/jenkins/workspace/shared/Artifactory/Linux/ninja/1.9.0/aca9939/ninja,-DPYTHON_INCLUDE_DIR=/local/S/jenkins/workspace/shared/Artifactory/Linux/rundev-2020/202004291615/runtime/91f4300/runTime/include/Python,-DPython_EXECUTABLE=/local/S/jenkins/workspace/shared/Artifactory/Linux/rundev-2020/202004291615/runtime/91f4300/runTime/bin/mayapy,-DPYTHON_LIBRARIES=/local/S/jenkins/workspace/shared/Artifactory/Linux/rundev-2020/202004291615/runtime/91f4300/runTime/lib/libpython2.7.so.1.0,-DMAYAUSD_TO_USD_RELATIVE_PATH=../USD '--ctest-args=-E testUsdReferenceAssemblySelection|testUsdMayaAppDir|testUsdMayaReadWriteUtils,-LE interactive' --stages=clean --redirect-outstream-file=False --install-location /local/S/jenkins/workspace/ecg-mayausd-branch-preflight-2020-linux/install/RelWithDebInfo/MayaUSD /local/S/jenkins/workspace/ecg-mayausd-branch-preflight-2020-linux
Modified environment variables:
    PATH=/local/S/jenkins/workspace/shared/Artifactory/Linux/cmake/3.14.4/656573b/bin:/opt/rh/devtoolset-6/root/usr/bin:/usr/local/bin:/usr/bin
    LD_LIBRARY_PATH=/opt/rh/devtoolset-6/root/usr/lib64:/opt/rh/devtoolset-6/root/usr/lib64:/opt/rh/devtoolset-6/root/usr/lib
    
        Building with settings:
          Source directory          /home/S/jenkins/workspace/ecg-mayausd-branch-preflight-2020-linux/ecg-maya-usd/maya-usd
          Workspace directory       /local/S/jenkins/workspace/ecg-mayausd-branch-preflight-2020-linux
          Build directory           /local/S/jenkins/workspace/ecg-mayausd-branch-preflight-2020-linux/build/RelWithDebInfo
          Install directory         /local/S/jenkins/workspace/ecg-mayausd-branch-preflight-2020-linux/install/RelWithDebInfo/MayaUSD
          Variant                   RelWithDebInfo
          Python Debug              Off
          CMake generator           Ninja
          Build arguments           ['-DCMAKE_MAKE_PROGRAM=/local/S/jenkins/workspace/shared/Artifactory/Linux/ninja/1.9.0/aca9939/ninja', '-DPYTHON_INCLUDE_DIR=/local/S/jenkins/workspace/shared/Artifactory/Linux/rundev-2020/202004291615/runtime/91f4300/runTime/include/Python', '-DPython_EXECUTABLE=/local/S/jenkins/workspace/shared/Artifactory/Linux/rundev-2020/202004291615/runtime/91f4300/runTime/bin/mayapy', '-DPYTHON_LIBRARIES=/local/S/jenkins/workspace/shared/Artifactory/Linux/rundev-2020/202004291615/runtime/91f4300/runTime/lib/libpython2.7.so.1.0', '-DMAYAUSD_TO_USD_RELATIVE_PATH=../USD']
          Stages arguments          ['clean']
          CTest arguments           ['-E testUsdReferenceAssemblySelection|testUsdMayaAppDir|testUsdMayaReadWriteUtils', '-LE interactive']
    Success MayaUSD build and install !!!!
    Elapsed time: 00:00:00
[Pipeline] }
[Pipeline] // withEnv
[Pipeline] }
[Pipeline] // stage
[Pipeline] }
[Pipeline] // timestamps
[Pipeline] }
[Pipeline] // timeout
[Pipeline] timeout
Timeout set to expire in 6 hr 0 min
[Pipeline] {
[Pipeline] timestamps
[Pipeline] {
[Pipeline] stage
[Pipeline] { (Configure)
[Pipeline] withEnv
[Pipeline] {
[Pipeline] sh
[ecg-mayausd-branch-preflight-2020-linux] Running shell script
+ scl enable devtoolset-6 -
python ecg-maya-usd/build.py --stages=configure --workspace-dir=/local/S/jenkins/workspace/ecg-mayausd-branch-preflight-2020-linux --artifactory-dir=/local/S/jenkins/workspace/shared/Artifactory --build-dir=/local/S/jenkins/workspace/ecg-mayausd-branch-preflight-2020-linux/build --install-dir=/local/S/jenkins/workspace/ecg-mayausd-branch-preflight-2020-linux/install --signing-dir=/local/S/jenkins/workspace/ecg-mayausd-branch-preflight-2020-linux/signing --package-dir=/local/S/jenkins/workspace/ecg-mayausd-branch-preflight-2020-linux/package --output-dir=/local/S/jenkins/workspace/ecg-mayausd-branch-preflight-2020-linux/output --stash-dir=/local/S/jenkins/workspace/ecg-mayausd-branch-preflight-2020-linux/stash --jenkins-build=440 --git-commit=2e749849f820dc28ea6650054b7a4ca22d74ee66 --git-branch=master --variants=RelWithDebInfo --python=2 --maya-cut-config=maya-rundev-2020.yaml --stage-banner
Using Maya cut from /local/S/jenkins/workspace/shared/Artifactory/Linux/rundev-2020/202004291615/runtime/91f4300

================================================================================
                           configure (RelWithDebInfo)
================================================================================
running configure stage....................
Maya Python RelWithDebInfo Info:
  mayapy executable   = /local/S/jenkins/workspace/shared/Artifactory/Linux/rundev-2020/202004291615/runtime/91f4300/runTime/bin/mayapy
  Include Folder      = /local/S/jenkins/workspace/shared/Artifactory/Linux/rundev-2020/202004291615/runtime/91f4300/runTime/include/Python
  Library             = /local/S/jenkins/workspace/shared/Artifactory/Linux/rundev-2020/202004291615/runtime/91f4300/runTime/lib/libpython2.7.so.1.0
  site-package Folder = /local/S/jenkins/workspace/shared/Artifactory/Linux/rundev-2020/202004291615/runtime/91f4300/runTime/lib/python2.7/site-packages
In workdir: /home/S/jenkins/workspace/ecg-mayausd-branch-preflight-2020-linux/ecg-maya-usd/maya-usd
Executing: /local/S/jenkins/workspace/shared/Artifactory/Linux/rundev-2020/202004291615/runtime/91f4300/runTime/bin/mayapy /home/S/jenkins/workspace/ecg-mayausd-branch-preflight-2020-linux/ecg-maya-usd/maya-usd/build.py --generator Ninja --build-relwithdebug --maya-location /local/S/jenkins/workspace/shared/Artifactory/Linux/rundev-2020/202004291615/runtime/91f4300/runTime --devkit-location /local/S/jenkins/workspace/shared/Artifactory/Linux/rundev-2020/202004291615/runtime/91f4300/devkitBase --pxrusd-location /local/S/jenkins/workspace/shared/Artifactory/Linux/USD/df240d5 --qt-location /local/S/jenkins/workspace/shared/Artifactory/Linux/qt/5.12.5/84f551b --build-args=-DCMAKE_MAKE_PROGRAM=/local/S/jenkins/workspace/shared/Artifactory/Linux/ninja/1.9.0/aca9939/ninja,-DPYTHON_INCLUDE_DIR=/local/S/jenkins/workspace/shared/Artifactory/Linux/rundev-2020/202004291615/runtime/91f4300/runTime/include/Python,-DPython_EXECUTABLE=/local/S/jenkins/workspace/shared/Artifactory/Linux/rundev-2020/202004291615/runtime/91f4300/runTime/bin/mayapy,-DPYTHON_LIBRARIES=/local/S/jenkins/workspace/shared/Artifactory/Linux/rundev-2020/202004291615/runtime/91f4300/runTime/lib/libpython2.7.so.1.0,-DMAYAUSD_TO_USD_RELATIVE_PATH=../USD '--ctest-args=-E testUsdReferenceAssemblySelection|testUsdMayaAppDir|testUsdMayaReadWriteUtils,-LE interactive' --stages=configure --redirect-outstream-file=False --install-location /local/S/jenkins/workspace/ecg-mayausd-branch-preflight-2020-linux/install/RelWithDebInfo/MayaUSD /local/S/jenkins/workspace/ecg-mayausd-branch-preflight-2020-linux
Modified environment variables:
    PATH=/local/S/jenkins/workspace/shared/Artifactory/Linux/cmake/3.14.4/656573b/bin:/opt/rh/devtoolset-6/root/usr/bin:/usr/local/bin:/usr/bin
    LD_LIBRARY_PATH=/opt/rh/devtoolset-6/root/usr/lib64:/opt/rh/devtoolset-6/root/usr/lib64:/opt/rh/devtoolset-6/root/usr/lib
    -- The C compiler identification is GNU 6.3.1
    -- The CXX compiler identification is GNU 6.3.1
    -- Check for working C compiler: /opt/rh/devtoolset-6/root/usr/bin/cc
    -- Check for working C compiler: /opt/rh/devtoolset-6/root/usr/bin/cc -- works
    -- Detecting C compiler ABI info
    -- Detecting C compiler ABI info - done
    -- Detecting C compile features
    -- Detecting C compile features - done
    -- Check for working CXX compiler: /opt/rh/devtoolset-6/root/usr/bin/c++
    -- Check for working CXX compiler: /opt/rh/devtoolset-6/root/usr/bin/c++ -- works
    -- Detecting CXX compiler ABI info
    -- Detecting CXX compiler ABI info - done
    -- Detecting CXX compile features
    -- Detecting CXX compile features - done
    -- Found Python: /local/S/jenkins/workspace/shared/Artifactory/Linux/rundev-2020/202004291615/runtime/91f4300/runTime/bin/mayapy (found suitable exact version "2.7.11") found components:  Interpreter
    -- Build MayaUSD with Python3 = OFF
    --    PYTHON_INCLUDE_DIRS = /local/S/jenkins/workspace/shared/Artifactory/Linux/rundev-2020/202004291615/runtime/91f4300/runTime/include/Python
    --    PYTHON_LIBRARIES    = /local/S/jenkins/workspace/shared/Artifactory/Linux/rundev-2020/202004291615/runtime/91f4300/runTime/lib/libpython2.7.so.1.0
    --    Python_EXECUTABLE   = /local/S/jenkins/workspace/shared/Artifactory/Linux/rundev-2020/202004291615/runtime/91f4300/runTime/bin/mayapy
    -- Found Maya: /local/S/jenkins/workspace/shared/Artifactory/Linux/rundev-2020/202004291615/runtime/91f4300/runTime/bin/maya (found suitable version "2020", minimum required is "2018")
    -- USD include dir: /local/S/jenkins/workspace/shared/Artifactory/Linux/USD/df240d5/include
    -- USD library dir: /local/S/jenkins/workspace/shared/Artifactory/Linux/USD/df240d5/lib
    -- USD version: 0.20.11
    -- Found USD: /local/S/jenkins/workspace/shared/Artifactory/Linux/USD/df240d5 (found version "0.20.11")
    Updated PYTHONPATH: /opt/rh/devtoolset-6/root/usr/lib64/python2.7/site-packages:/opt/rh/devtoolset-6/root/usr/lib/python2.7/site-packages:/local/S/jenkins/workspace/shared/Artifactory/Linux/USD/df240d5/lib/python
    -- UFE include dir: /local/S/jenkins/workspace/shared/Artifactory/Linux/rundev-2020/202004291615/runtime/91f4300/devkitBase/devkit/ufe/include
    -- UFE library: /local/S/jenkins/workspace/shared/Artifactory/Linux/rundev-2020/202004291615/runtime/91f4300/devkitBase/devkit/ufe/lib/libufe_1.so
    -- UFE version: 1.0.0
    -- Building with UFE 1.0.0 features enabled.
    -- Building with Qt features enabled.
    -- ========== Installing GoogleTest... ==========
    -- Configuring done
    -- Generating done
    -- Build files have been written to: /home/S/jenkins/workspace/ecg-mayausd-branch-preflight-2020-linux/build/RelWithDebInfo/googletest-config
    [1/8] Creating directories for 'googletest'
    [2/8] Performing download step (git clone) for 'googletest'
    Cloning into 'googletest-src'...
    HEAD is now at 703bd9ca Googletest export
    [3/8] No patch step for 'googletest'
    [4/8] Performing update step for 'googletest'
    [5/8] Performing configure step for 'googletest'
    -- The C compiler identification is GNU 6.3.1
    -- The CXX compiler identification is GNU 6.3.1
    -- Check for working C compiler: /opt/rh/devtoolset-6/root/usr/bin/cc
    -- Check for working C compiler: /opt/rh/devtoolset-6/root/usr/bin/cc -- works
    -- Detecting C compiler ABI info
    -- Detecting C compiler ABI info - done
    -- Detecting C compile features
    -- Detecting C compile features - done
    -- Check for working CXX compiler: /opt/rh/devtoolset-6/root/usr/bin/c++
    -- Check for working CXX compiler: /opt/rh/devtoolset-6/root/usr/bin/c++ -- works
    -- Detecting CXX compiler ABI info
    -- Detecting CXX compiler ABI info - done
    -- Detecting CXX compile features
    -- Detecting CXX compile features - done
    -- Found PythonInterp: /usr/bin/python (found version "2.7.11")
    -- Looking for pthread.h
    -- Looking for pthread.h - found
    -- Looking for pthread_create
    -- Looking for pthread_create - not found
    -- Looking for pthread_create in pthreads
    -- Looking for pthread_create in pthreads - not found
    -- Looking for pthread_create in pthread
    -- Looking for pthread_create in pthread - found
    -- Found Threads: TRUE
    -- Configuring done
    -- Generating done
    -- Build files have been written to: /home/S/jenkins/workspace/ecg-mayausd-branch-preflight-2020-linux/build/RelWithDebInfo/googletest-build
    [6/8] Performing build step for 'googletest'
    [1/8] Building CXX object googletest/CMakeFiles/gtest_main.dir/src/gtest_main.cc.o
    [2/8] Building CXX object googlemock/CMakeFiles/gmock_main.dir/src/gmock_main.cc.o
    [3/8] Building CXX object googlemock/CMakeFiles/gmock.dir/src/gmock-all.cc.o
    [4/8] Building CXX object googletest/CMakeFiles/gtest.dir/src/gtest-all.cc.o
    [5/8] Linking CXX shared library lib/libgtest.so
    [6/8] Linking CXX shared library lib/libgtest_main.so
    [7/8] Linking CXX shared library lib/libgmock.so
    [8/8] Linking CXX shared library lib/libgmock_main.so
    [7/8] Performing install step for 'googletest'
    [0/1] Install the project...
    -- Install configuration: "RelWithDebInfo"
    -- Installing: /home/S/jenkins/workspace/ecg-mayausd-branch-preflight-2020-linux/build/RelWithDebInfo/googletest-install/include
    -- Installing: /home/S/jenkins/workspace/ecg-mayausd-branch-preflight-2020-linux/build/RelWithDebInfo/googletest-install/include/gmock
    -- Installing: /home/S/jenkins/workspace/ecg-mayausd-branch-preflight-2020-linux/build/RelWithDebInfo/googletest-install/include/gmock/gmock-cardinalities.h
    -- Installing: /home/S/jenkins/workspace/ecg-mayausd-branch-preflight-2020-linux/build/RelWithDebInfo/googletest-install/include/gmock/internal
    -- Installing: /home/S/jenkins/workspace/ecg-mayausd-branch-preflight-2020-linux/build/RelWithDebInfo/googletest-install/include/gmock/internal/custom
    -- Installing: /home/S/jenkins/workspace/ecg-mayausd-branch-preflight-2020-linux/build/RelWithDebInfo/googletest-install/include/gmock/internal/custom/README.md
    -- Installing: /home/S/jenkins/workspace/ecg-mayausd-branch-preflight-2020-linux/build/RelWithDebInfo/googletest-install/include/gmock/internal/custom/gmock-generated-actions.h
    -- Installing: /home/S/jenkins/workspace/ecg-mayausd-branch-preflight-2020-linux/build/RelWithDebInfo/googletest-install/include/gmock/internal/custom/gmock-generated-actions.h.pump
    -- Installing: /home/S/jenkins/workspace/ecg-mayausd-branch-preflight-2020-linux/build/RelWithDebInfo/googletest-install/include/gmock/internal/custom/gmock-matchers.h
    -- Installing: /home/S/jenkins/workspace/ecg-mayausd-branch-preflight-2020-linux/build/RelWithDebInfo/googletest-install/include/gmock/internal/custom/gmock-port.h
    -- Installing: /home/S/jenkins/workspace/ecg-mayausd-branch-preflight-2020-linux/build/RelWithDebInfo/googletest-install/include/gmock/internal/gmock-internal-utils.h
    -- Installing: /home/S/jenkins/workspace/ecg-mayausd-branch-preflight-2020-linux/build/RelWithDebInfo/googletest-install/include/gmock/internal/gmock-port.h
    -- Installing: /home/S/jenkins/workspace/ecg-mayausd-branch-preflight-2020-linux/build/RelWithDebInfo/googletest-install/include/gmock/internal/gmock-pp.h
    -- Installing: /home/S/jenkins/workspace/ecg-mayausd-branch-preflight-2020-linux/build/RelWithDebInfo/googletest-install/include/gmock/gmock-actions.h
    -- Installing: /home/S/jenkins/workspace/ecg-mayausd-branch-preflight-2020-linux/build/RelWithDebInfo/googletest-install/include/gmock/gmock-function-mocker.h
    -- Installing: /home/S/jenkins/workspace/ecg-mayausd-branch-preflight-2020-linux/build/RelWithDebInfo/googletest-install/include/gmock/gmock-generated-actions.h
    -- Installing: /home/S/jenkins/workspace/ecg-mayausd-branch-preflight-2020-linux/build/RelWithDebInfo/googletest-install/include/gmock/gmock-generated-actions.h.pump
    -- Installing: /home/S/jenkins/workspace/ecg-mayausd-branch-preflight-2020-linux/build/RelWithDebInfo/googletest-install/include/gmock/gmock-generated-function-mockers.h
    -- Installing: /home/S/jenkins/workspace/ecg-mayausd-branch-preflight-2020-linux/build/RelWithDebInfo/googletest-install/include/gmock/gmock-generated-function-mockers.h.pump
    -- Installing: /home/S/jenkins/workspace/ecg-mayausd-branch-preflight-2020-linux/build/RelWithDebInfo/googletest-install/include/gmock/gmock-generated-matchers.h
    -- Installing: /home/S/jenkins/workspace/ecg-mayausd-branch-preflight-2020-linux/build/RelWithDebInfo/googletest-install/include/gmock/gmock-generated-matchers.h.pump
    -- Installing: /home/S/jenkins/workspace/ecg-mayausd-branch-preflight-2020-linux/build/RelWithDebInfo/googletest-install/include/gmock/gmock-matchers.h
    -- Installing: /home/S/jenkins/workspace/ecg-mayausd-branch-preflight-2020-linux/build/RelWithDebInfo/googletest-install/include/gmock/gmock-more-actions.h
    -- Installing: /home/S/jenkins/workspace/ecg-mayausd-branch-preflight-2020-linux/build/RelWithDebInfo/googletest-install/include/gmock/gmock-more-matchers.h
    -- Installing: /home/S/jenkins/workspace/ecg-mayausd-branch-preflight-2020-linux/build/RelWithDebInfo/googletest-install/include/gmock/gmock-nice-strict.h
    -- Installing: /home/S/jenkins/workspace/ecg-mayausd-branch-preflight-2020-linux/build/RelWithDebInfo/googletest-install/include/gmock/gmock-spec-builders.h
    -- Installing: /home/S/jenkins/workspace/ecg-mayausd-branch-preflight-2020-linux/build/RelWithDebInfo/googletest-install/include/gmock/gmock.h
    -- Installing: /home/S/jenkins/workspace/ecg-mayausd-branch-preflight-2020-linux/build/RelWithDebInfo/googletest-install/lib64/libgmock.so
    -- Set runtime path of "/home/S/jenkins/workspace/ecg-mayausd-branch-preflight-2020-linux/build/RelWithDebInfo/googletest-install/lib64/libgmock.so" to ""
    -- Installing: /home/S/jenkins/workspace/ecg-mayausd-branch-preflight-2020-linux/build/RelWithDebInfo/googletest-install/lib64/libgmock_main.so
    -- Set runtime path of "/home/S/jenkins/workspace/ecg-mayausd-branch-preflight-2020-linux/build/RelWithDebInfo/googletest-install/lib64/libgmock_main.so" to ""
    -- Installing: /home/S/jenkins/workspace/ecg-mayausd-branch-preflight-2020-linux/build/RelWithDebInfo/googletest-install/lib64/pkgconfig/gmock.pc
    -- Installing: /home/S/jenkins/workspace/ecg-mayausd-branch-preflight-2020-linux/build/RelWithDebInfo/googletest-install/lib64/pkgconfig/gmock_main.pc
    -- Installing: /home/S/jenkins/workspace/ecg-mayausd-branch-preflight-2020-linux/build/RelWithDebInfo/googletest-install/lib64/cmake/GTest/GTestTargets.cmake
    -- Installing: /home/S/jenkins/workspace/ecg-mayausd-branch-preflight-2020-linux/build/RelWithDebInfo/googletest-install/lib64/cmake/GTest/GTestTargets-relwithdebinfo.cmake
    -- Installing: /home/S/jenkins/workspace/ecg-mayausd-branch-preflight-2020-linux/build/RelWithDebInfo/googletest-install/lib64/cmake/GTest/GTestConfigVersion.cmake
    -- Installing: /home/S/jenkins/workspace/ecg-mayausd-branch-preflight-2020-linux/build/RelWithDebInfo/googletest-install/lib64/cmake/GTest/GTestConfig.cmake
    -- Up-to-date: /home/S/jenkins/workspace/ecg-mayausd-branch-preflight-2020-linux/build/RelWithDebInfo/googletest-install/include
    -- Installing: /home/S/jenkins/workspace/ecg-mayausd-branch-preflight-2020-linux/build/RelWithDebInfo/googletest-install/include/gtest
    -- Installing: /home/S/jenkins/workspace/ecg-mayausd-branch-preflight-2020-linux/build/RelWithDebInfo/googletest-install/include/gtest/gtest-spi.h
    -- Installing: /home/S/jenkins/workspace/ecg-mayausd-branch-preflight-2020-linux/build/RelWithDebInfo/googletest-install/include/gtest/gtest-test-part.h
    -- Installing: /home/S/jenkins/workspace/ecg-mayausd-branch-preflight-2020-linux/build/RelWithDebInfo/googletest-install/include/gtest/gtest_pred_impl.h
    -- Installing: /home/S/jenkins/workspace/ecg-mayausd-branch-preflight-2020-linux/build/RelWithDebInfo/googletest-install/include/gtest/gtest_prod.h
    -- Installing: /home/S/jenkins/workspace/ecg-mayausd-branch-preflight-2020-linux/build/RelWithDebInfo/googletest-install/include/gtest/internal
    -- Installing: /home/S/jenkins/workspace/ecg-mayausd-branch-preflight-2020-linux/build/RelWithDebInfo/googletest-install/include/gtest/internal/custom
    -- Installing: /home/S/jenkins/workspace/ecg-mayausd-branch-preflight-2020-linux/build/RelWithDebInfo/googletest-install/include/gtest/internal/custom/README.md
    -- Installing: /home/S/jenkins/workspace/ecg-mayausd-branch-preflight-2020-linux/build/RelWithDebInfo/googletest-install/include/gtest/internal/custom/gtest-port.h
    -- Installing: /home/S/jenkins/workspace/ecg-mayausd-branch-preflight-2020-linux/build/RelWithDebInfo/googletest-install/include/gtest/internal/custom/gtest-printers.h
    -- Installing: /home/S/jenkins/workspace/ecg-mayausd-branch-preflight-2020-linux/build/RelWithDebInfo/googletest-install/include/gtest/internal/custom/gtest.h
    -- Installing: /home/S/jenkins/workspace/ecg-mayausd-branch-preflight-2020-linux/build/RelWithDebInfo/googletest-install/include/gtest/internal/gtest-death-test-internal.h
    -- Installing: /home/S/jenkins/workspace/ecg-mayausd-branch-preflight-2020-linux/build/RelWithDebInfo/googletest-install/include/gtest/internal/gtest-filepath.h
    -- Installing: /home/S/jenkins/workspace/ecg-mayausd-branch-preflight-2020-linux/build/RelWithDebInfo/googletest-install/include/gtest/internal/gtest-internal.h
    -- Installing: /home/S/jenkins/workspace/ecg-mayausd-branch-preflight-2020-linux/build/RelWithDebInfo/googletest-install/include/gtest/internal/gtest-param-util.h
    -- Installing: /home/S/jenkins/workspace/ecg-mayausd-branch-preflight-2020-linux/build/RelWithDebInfo/googletest-install/include/gtest/internal/gtest-port-arch.h
    -- Installing: /home/S/jenkins/workspace/ecg-mayausd-branch-preflight-2020-linux/build/RelWithDebInfo/googletest-install/include/gtest/internal/gtest-port.h
    -- Installing: /home/S/jenkins/workspace/ecg-mayausd-branch-preflight-2020-linux/build/RelWithDebInfo/googletest-install/include/gtest/internal/gtest-string.h
    -- Installing: /home/S/jenkins/workspace/ecg-mayausd-branch-preflight-2020-linux/build/RelWithDebInfo/googletest-install/include/gtest/internal/gtest-type-util.h
    -- Installing: /home/S/jenkins/workspace/ecg-mayausd-branch-preflight-2020-linux/build/RelWithDebInfo/googletest-install/include/gtest/internal/gtest-type-util.h.pump
    -- Installing: /home/S/jenkins/workspace/ecg-mayausd-branch-preflight-2020-linux/build/RelWithDebInfo/googletest-install/include/gtest/gtest-death-test.h
    -- Installing: /home/S/jenkins/workspace/ecg-mayausd-branch-preflight-2020-linux/build/RelWithDebInfo/googletest-install/include/gtest/gtest-matchers.h
    -- Installing: /home/S/jenkins/workspace/ecg-mayausd-branch-preflight-2020-linux/build/RelWithDebInfo/googletest-install/include/gtest/gtest-message.h
    -- Installing: /home/S/jenkins/workspace/ecg-mayausd-branch-preflight-2020-linux/build/RelWithDebInfo/googletest-install/include/gtest/gtest-param-test.h
    -- Installing: /home/S/jenkins/workspace/ecg-mayausd-branch-preflight-2020-linux/build/RelWithDebInfo/googletest-install/include/gtest/gtest-printers.h
    -- Installing: /home/S/jenkins/workspace/ecg-mayausd-branch-preflight-2020-linux/build/RelWithDebInfo/googletest-install/include/gtest/gtest-typed-test.h
    -- Installing: /home/S/jenkins/workspace/ecg-mayausd-branch-preflight-2020-linux/build/RelWithDebInfo/googletest-install/include/gtest/gtest.h
    -- Installing: /home/S/jenkins/workspace/ecg-mayausd-branch-preflight-2020-linux/build/RelWithDebInfo/googletest-install/lib64/libgtest.so
    -- Installing: /home/S/jenkins/workspace/ecg-mayausd-branch-preflight-2020-linux/build/RelWithDebInfo/googletest-install/lib64/libgtest_main.so
    -- Set runtime path of "/home/S/jenkins/workspace/ecg-mayausd-branch-preflight-2020-linux/build/RelWithDebInfo/googletest-install/lib64/libgtest_main.so" to ""
    -- Installing: /home/S/jenkins/workspace/ecg-mayausd-branch-preflight-2020-linux/build/RelWithDebInfo/googletest-install/lib64/pkgconfig/gtest.pc
    -- Installing: /home/S/jenkins/workspace/ecg-mayausd-branch-preflight-2020-linux/build/RelWithDebInfo/googletest-install/lib64/pkgconfig/gtest_main.pc
    [8/8] Completed 'googletest'
    -- ========== ...  GoogleTest installed. ==========
    -- Boost version: 1.61.0
    -- Found the following Boost libraries:
    --   filesystem
    --   system
    -- promoting: /home/S/jenkins/workspace/ecg-mayausd-branch-preflight-2020-linux/ecg-maya-usd/maya-usd/lib/mayaUsd/base/mayaUsd.h.src
    -- promoting: /home/S/jenkins/workspace/ecg-mayausd-branch-preflight-2020-linux/ecg-maya-usd/maya-usd/lib/mayaUsd/base/api.h
    -- promoting: /home/S/jenkins/workspace/ecg-mayausd-branch-preflight-2020-linux/ecg-maya-usd/maya-usd/lib/mayaUsd/base/debugCodes.h
    -- promoting: /home/S/jenkins/workspace/ecg-mayausd-branch-preflight-2020-linux/ecg-maya-usd/maya-usd/lib/mayaUsd/base/id.h
    -- promoting: /home/S/jenkins/workspace/ecg-mayausd-branch-preflight-2020-linux/ecg-maya-usd/maya-usd/lib/mayaUsd/base/syncId.h
    -- promoting: /home/S/jenkins/workspace/ecg-mayausd-branch-preflight-2020-linux/ecg-maya-usd/maya-usd/lib/mayaUsd/base/tokens.h
    -- promoting: /home/S/jenkins/workspace/ecg-mayausd-branch-preflight-2020-linux/ecg-maya-usd/maya-usd/lib/mayaUsd/commands/baseExportCommand.h
    -- promoting: /home/S/jenkins/workspace/ecg-mayausd-branch-preflight-2020-linux/ecg-maya-usd/maya-usd/lib/mayaUsd/commands/baseImportCommand.h
    -- promoting: /home/S/jenkins/workspace/ecg-mayausd-branch-preflight-2020-linux/ecg-maya-usd/maya-usd/lib/mayaUsd/commands/baseListShadingModesCommand.h
    -- promoting: /home/S/jenkins/workspace/ecg-mayausd-branch-preflight-2020-linux/ecg-maya-usd/maya-usd/lib/mayaUsd/commands/editTargetCommand.h
    -- promoting: /home/S/jenkins/workspace/ecg-mayausd-branch-preflight-2020-linux/ecg-maya-usd/maya-usd/lib/mayaUsd/commands/layerEditorCommand.h
    -- promoting: /home/S/jenkins/workspace/ecg-mayausd-branch-preflight-2020-linux/ecg-maya-usd/maya-usd/lib/mayaUsd/fileio/fallbackPrimReader.h
    -- promoting: /home/S/jenkins/workspace/ecg-mayausd-branch-preflight-2020-linux/ecg-maya-usd/maya-usd/lib/mayaUsd/fileio/functorPrimReader.h
    -- promoting: /home/S/jenkins/workspace/ecg-mayausd-branch-preflight-2020-linux/ecg-maya-usd/maya-usd/lib/mayaUsd/fileio/functorPrimWriter.h
    -- promoting: /home/S/jenkins/workspace/ecg-mayausd-branch-preflight-2020-linux/ecg-maya-usd/maya-usd/lib/mayaUsd/fileio/importData.h
    -- promoting: /home/S/jenkins/workspace/ecg-mayausd-branch-preflight-2020-linux/ecg-maya-usd/maya-usd/lib/mayaUsd/fileio/instancedNodeWriter.h
    -- promoting: /home/S/jenkins/workspace/ecg-mayausd-branch-preflight-2020-linux/ecg-maya-usd/maya-usd/lib/mayaUsd/fileio/primReader.h
    -- promoting: /home/S/jenkins/workspace/ecg-mayausd-branch-preflight-2020-linux/ecg-maya-usd/maya-usd/lib/mayaUsd/fileio/primReaderArgs.h
    -- promoting: /home/S/jenkins/workspace/ecg-mayausd-branch-preflight-2020-linux/ecg-maya-usd/maya-usd/lib/mayaUsd/fileio/primReaderContext.h
    -- promoting: /home/S/jenkins/workspace/ecg-mayausd-branch-preflight-2020-linux/ecg-maya-usd/maya-usd/lib/mayaUsd/fileio/primReaderRegistry.h
    -- promoting: /home/S/jenkins/workspace/ecg-mayausd-branch-preflight-2020-linux/ecg-maya-usd/maya-usd/lib/mayaUsd/fileio/primUpdater.h
    -- promoting: /home/S/jenkins/workspace/ecg-mayausd-branch-preflight-2020-linux/ecg-maya-usd/maya-usd/lib/mayaUsd/fileio/primUpdaterContext.h
    -- promoting: /home/S/jenkins/workspace/ecg-mayausd-branch-preflight-2020-linux/ecg-maya-usd/maya-usd/lib/mayaUsd/fileio/primUpdaterRegistry.h
    -- promoting: /home/S/jenkins/workspace/ecg-mayausd-branch-preflight-2020-linux/ecg-maya-usd/maya-usd/lib/mayaUsd/fileio/primWriter.h
    -- promoting: /home/S/jenkins/workspace/ecg-mayausd-branch-preflight-2020-linux/ecg-maya-usd/maya-usd/lib/mayaUsd/fileio/primWriterArgs.h
    -- promoting: /home/S/jenkins/workspace/ecg-mayausd-branch-preflight-2020-linux/ecg-maya-usd/maya-usd/lib/mayaUsd/fileio/primWriterContext.h
    -- promoting: /home/S/jenkins/workspace/ecg-mayausd-branch-preflight-2020-linux/ecg-maya-usd/maya-usd/lib/mayaUsd/fileio/primWriterRegistry.h
    -- promoting: /home/S/jenkins/workspace/ecg-mayausd-branch-preflight-2020-linux/ecg-maya-usd/maya-usd/lib/mayaUsd/fileio/registryHelper.h
    -- promoting: /home/S/jenkins/workspace/ecg-mayausd-branch-preflight-2020-linux/ecg-maya-usd/maya-usd/lib/mayaUsd/fileio/shaderReader.h
    -- promoting: /home/S/jenkins/workspace/ecg-mayausd-branch-preflight-2020-linux/ecg-maya-usd/maya-usd/lib/mayaUsd/fileio/shaderReaderRegistry.h
    -- promoting: /home/S/jenkins/workspace/ecg-mayausd-branch-preflight-2020-linux/ecg-maya-usd/maya-usd/lib/mayaUsd/fileio/shaderWriter.h
    -- promoting: /home/S/jenkins/workspace/ecg-mayausd-branch-preflight-2020-linux/ecg-maya-usd/maya-usd/lib/mayaUsd/fileio/shaderWriterRegistry.h
    -- promoting: /home/S/jenkins/workspace/ecg-mayausd-branch-preflight-2020-linux/ecg-maya-usd/maya-usd/lib/mayaUsd/fileio/transformWriter.h
    -- promoting: /home/S/jenkins/workspace/ecg-mayausd-branch-preflight-2020-linux/ecg-maya-usd/maya-usd/lib/mayaUsd/fileio/writeJobContext.h
    -- promoting: /home/S/jenkins/workspace/ecg-mayausd-branch-preflight-2020-linux/ecg-maya-usd/maya-usd/lib/mayaUsd/fileio/chaser/chaser.h
    -- promoting: /home/S/jenkins/workspace/ecg-mayausd-branch-preflight-2020-linux/ecg-maya-usd/maya-usd/lib/mayaUsd/fileio/chaser/chaserRegistry.h
    -- promoting: /home/S/jenkins/workspace/ecg-mayausd-branch-preflight-2020-linux/ecg-maya-usd/maya-usd/lib/mayaUsd/fileio/jobs/jobArgs.h
    -- promoting: /home/S/jenkins/workspace/ecg-mayausd-branch-preflight-2020-linux/ecg-maya-usd/maya-usd/lib/mayaUsd/fileio/jobs/modelKindProcessor.h
    -- promoting: /home/S/jenkins/workspace/ecg-mayausd-branch-preflight-2020-linux/ecg-maya-usd/maya-usd/lib/mayaUsd/fileio/jobs/readJob.h
    -- promoting: /home/S/jenkins/workspace/ecg-mayausd-branch-preflight-2020-linux/ecg-maya-usd/maya-usd/lib/mayaUsd/fileio/jobs/writeJob.h
    -- promoting: /home/S/jenkins/workspace/ecg-mayausd-branch-preflight-2020-linux/ecg-maya-usd/maya-usd/lib/mayaUsd/fileio/shading/rfmShaderMap.h
    -- promoting: /home/S/jenkins/workspace/ecg-mayausd-branch-preflight-2020-linux/ecg-maya-usd/maya-usd/lib/mayaUsd/fileio/shading/shadingModeExporter.h
    -- promoting: /home/S/jenkins/workspace/ecg-mayausd-branch-preflight-2020-linux/ecg-maya-usd/maya-usd/lib/mayaUsd/fileio/shading/shadingModeExporterContext.h
    -- promoting: /home/S/jenkins/workspace/ecg-mayausd-branch-preflight-2020-linux/ecg-maya-usd/maya-usd/lib/mayaUsd/fileio/shading/shadingModeImporter.h
    -- promoting: /home/S/jenkins/workspace/ecg-mayausd-branch-preflight-2020-linux/ecg-maya-usd/maya-usd/lib/mayaUsd/fileio/shading/shadingModeRegistry.h
    -- promoting: /home/S/jenkins/workspace/ecg-mayausd-branch-preflight-2020-linux/ecg-maya-usd/maya-usd/lib/mayaUsd/fileio/shading/symmetricShaderReader.h
    -- promoting: /home/S/jenkins/workspace/ecg-mayausd-branch-preflight-2020-linux/ecg-maya-usd/maya-usd/lib/mayaUsd/fileio/shading/symmetricShaderWriter.h
    -- promoting: /home/S/jenkins/workspace/ecg-mayausd-branch-preflight-2020-linux/ecg-maya-usd/maya-usd/lib/mayaUsd/fileio/translators/skelBindingsProcessor.h
    -- promoting: /home/S/jenkins/workspace/ecg-mayausd-branch-preflight-2020-linux/ecg-maya-usd/maya-usd/lib/mayaUsd/fileio/translators/translatorCamera.h
    -- promoting: /home/S/jenkins/workspace/ecg-mayausd-branch-preflight-2020-linux/ecg-maya-usd/maya-usd/lib/mayaUsd/fileio/translators/translatorCurves.h
    -- promoting: /home/S/jenkins/workspace/ecg-mayausd-branch-preflight-2020-linux/ecg-maya-usd/maya-usd/lib/mayaUsd/fileio/translators/translatorGprim.h
    -- promoting: /home/S/jenkins/workspace/ecg-mayausd-branch-preflight-2020-linux/ecg-maya-usd/maya-usd/lib/mayaUsd/fileio/translators/translatorMaterial.h
    -- promoting: /home/S/jenkins/workspace/ecg-mayausd-branch-preflight-2020-linux/ecg-maya-usd/maya-usd/lib/mayaUsd/fileio/translators/translatorMayaReference.h
    -- promoting: /home/S/jenkins/workspace/ecg-mayausd-branch-preflight-2020-linux/ecg-maya-usd/maya-usd/lib/mayaUsd/fileio/translators/translatorMesh.h
    -- promoting: /home/S/jenkins/workspace/ecg-mayausd-branch-preflight-2020-linux/ecg-maya-usd/maya-usd/lib/mayaUsd/fileio/translators/translatorNurbsPatch.h
    -- promoting: /home/S/jenkins/workspace/ecg-mayausd-branch-preflight-2020-linux/ecg-maya-usd/maya-usd/lib/mayaUsd/fileio/translators/translatorPrim.h
    -- promoting: /home/S/jenkins/workspace/ecg-mayausd-branch-preflight-2020-linux/ecg-maya-usd/maya-usd/lib/mayaUsd/fileio/translators/translatorRfMLight.h
    -- promoting: /home/S/jenkins/workspace/ecg-mayausd-branch-preflight-2020-linux/ecg-maya-usd/maya-usd/lib/mayaUsd/fileio/translators/translatorSkel.h
    -- promoting: /home/S/jenkins/workspace/ecg-mayausd-branch-preflight-2020-linux/ecg-maya-usd/maya-usd/lib/mayaUsd/fileio/translators/translatorUtil.h
    -- promoting: /home/S/jenkins/workspace/ecg-mayausd-branch-preflight-2020-linux/ecg-maya-usd/maya-usd/lib/mayaUsd/fileio/translators/translatorXformable.h
    -- promoting: /home/S/jenkins/workspace/ecg-mayausd-branch-preflight-2020-linux/ecg-maya-usd/maya-usd/lib/mayaUsd/fileio/utils/adaptor.h
    -- promoting: /home/S/jenkins/workspace/ecg-mayausd-branch-preflight-2020-linux/ecg-maya-usd/maya-usd/lib/mayaUsd/fileio/utils/jointWriteUtils.h
    -- promoting: /home/S/jenkins/workspace/ecg-mayausd-branch-preflight-2020-linux/ecg-maya-usd/maya-usd/lib/mayaUsd/fileio/utils/meshReadUtils.h
    -- promoting: /home/S/jenkins/workspace/ecg-mayausd-branch-preflight-2020-linux/ecg-maya-usd/maya-usd/lib/mayaUsd/fileio/utils/meshWriteUtils.h
    -- promoting: /home/S/jenkins/workspace/ecg-mayausd-branch-preflight-2020-linux/ecg-maya-usd/maya-usd/lib/mayaUsd/fileio/utils/readUtil.h
    -- promoting: /home/S/jenkins/workspace/ecg-mayausd-branch-preflight-2020-linux/ecg-maya-usd/maya-usd/lib/mayaUsd/fileio/utils/roundTripUtil.h
    -- promoting: /home/S/jenkins/workspace/ecg-mayausd-branch-preflight-2020-linux/ecg-maya-usd/maya-usd/lib/mayaUsd/fileio/utils/shadingUtil.h
    -- promoting: /home/S/jenkins/workspace/ecg-mayausd-branch-preflight-2020-linux/ecg-maya-usd/maya-usd/lib/mayaUsd/fileio/utils/userTaggedAttribute.h
    -- promoting: /home/S/jenkins/workspace/ecg-mayausd-branch-preflight-2020-linux/ecg-maya-usd/maya-usd/lib/mayaUsd/fileio/utils/writeUtil.h
    -- promoting: /home/S/jenkins/workspace/ecg-mayausd-branch-preflight-2020-linux/ecg-maya-usd/maya-usd/lib/mayaUsd/fileio/utils/xformStack.h
    -- promoting: /home/S/jenkins/workspace/ecg-mayausd-branch-preflight-2020-linux/ecg-maya-usd/maya-usd/lib/mayaUsd/listeners/notice.h
    -- promoting: /home/S/jenkins/workspace/ecg-mayausd-branch-preflight-2020-linux/ecg-maya-usd/maya-usd/lib/mayaUsd/listeners/proxyShapeNotice.h
    -- promoting: /home/S/jenkins/workspace/ecg-mayausd-branch-preflight-2020-linux/ecg-maya-usd/maya-usd/lib/mayaUsd/listeners/stageNoticeListener.h
    -- promoting: /home/S/jenkins/workspace/ecg-mayausd-branch-preflight-2020-linux/ecg-maya-usd/maya-usd/lib/mayaUsd/nodes/hdImagingShape.h
    -- promoting: /home/S/jenkins/workspace/ecg-mayausd-branch-preflight-2020-linux/ecg-maya-usd/maya-usd/lib/mayaUsd/nodes/pointBasedDeformerNode.h
    -- promoting: /home/S/jenkins/workspace/ecg-mayausd-branch-preflight-2020-linux/ecg-maya-usd/maya-usd/lib/mayaUsd/nodes/proxyAccessor.h
    -- promoting: /home/S/jenkins/workspace/ecg-mayausd-branch-preflight-2020-linux/ecg-maya-usd/maya-usd/lib/mayaUsd/nodes/proxyShapeBase.h
    -- promoting: /home/S/jenkins/workspace/ecg-mayausd-branch-preflight-2020-linux/ecg-maya-usd/maya-usd/lib/mayaUsd/nodes/proxyShapePlugin.h
    -- promoting: /home/S/jenkins/workspace/ecg-mayausd-branch-preflight-2020-linux/ecg-maya-usd/maya-usd/lib/mayaUsd/nodes/proxyStageProvider.h
    -- promoting: /home/S/jenkins/workspace/ecg-mayausd-branch-preflight-2020-linux/ecg-maya-usd/maya-usd/lib/mayaUsd/nodes/stageData.h
    -- promoting: /home/S/jenkins/workspace/ecg-mayausd-branch-preflight-2020-linux/ecg-maya-usd/maya-usd/lib/mayaUsd/nodes/stageNode.h
    -- promoting: /home/S/jenkins/workspace/ecg-mayausd-branch-preflight-2020-linux/ecg-maya-usd/maya-usd/lib/mayaUsd/nodes/usdPrimProvider.h
    -- promoting: /home/S/jenkins/workspace/ecg-mayausd-branch-preflight-2020-linux/ecg-maya-usd/maya-usd/lib/mayaUsd/render/px_vp20/glslProgram.h
    -- promoting: /home/S/jenkins/workspace/ecg-mayausd-branch-preflight-2020-linux/ecg-maya-usd/maya-usd/lib/mayaUsd/render/px_vp20/utils.h
    -- promoting: /home/S/jenkins/workspace/ecg-mayausd-branch-preflight-2020-linux/ecg-maya-usd/maya-usd/lib/mayaUsd/render/px_vp20/utils_legacy.h
    -- promoting: /home/S/jenkins/workspace/ecg-mayausd-branch-preflight-2020-linux/ecg-maya-usd/maya-usd/lib/mayaUsd/render/pxrUsdMayaGL/batchRenderer.h
    -- promoting: /home/S/jenkins/workspace/ecg-mayausd-branch-preflight-2020-linux/ecg-maya-usd/maya-usd/lib/mayaUsd/render/pxrUsdMayaGL/debugCodes.h
    -- promoting: /home/S/jenkins/workspace/ecg-mayausd-branch-preflight-2020-linux/ecg-maya-usd/maya-usd/lib/mayaUsd/render/pxrUsdMayaGL/hdImagingShapeDrawOverride.h
    -- promoting: /home/S/jenkins/workspace/ecg-mayausd-branch-preflight-2020-linux/ecg-maya-usd/maya-usd/lib/mayaUsd/render/pxrUsdMayaGL/hdImagingShapeUI.h
    -- promoting: /home/S/jenkins/workspace/ecg-mayausd-branch-preflight-2020-linux/ecg-maya-usd/maya-usd/lib/mayaUsd/render/pxrUsdMayaGL/instancerImager.h
    -- promoting: /home/S/jenkins/workspace/ecg-mayausd-branch-preflight-2020-linux/ecg-maya-usd/maya-usd/lib/mayaUsd/render/pxrUsdMayaGL/instancerShapeAdapter.h
    -- promoting: /home/S/jenkins/workspace/ecg-mayausd-branch-preflight-2020-linux/ecg-maya-usd/maya-usd/lib/mayaUsd/render/pxrUsdMayaGL/proxyDrawOverride.h
    -- promoting: /home/S/jenkins/workspace/ecg-mayausd-branch-preflight-2020-linux/ecg-maya-usd/maya-usd/lib/mayaUsd/render/pxrUsdMayaGL/proxyShapeUI.h
    -- promoting: /home/S/jenkins/workspace/ecg-mayausd-branch-preflight-2020-linux/ecg-maya-usd/maya-usd/lib/mayaUsd/render/pxrUsdMayaGL/renderParams.h
    -- promoting: /home/S/jenkins/workspace/ecg-mayausd-branch-preflight-2020-linux/ecg-maya-usd/maya-usd/lib/mayaUsd/render/pxrUsdMayaGL/sceneDelegate.h
    -- promoting: /home/S/jenkins/workspace/ecg-mayausd-branch-preflight-2020-linux/ecg-maya-usd/maya-usd/lib/mayaUsd/render/pxrUsdMayaGL/shapeAdapter.h
    -- promoting: /home/S/jenkins/workspace/ecg-mayausd-branch-preflight-2020-linux/ecg-maya-usd/maya-usd/lib/mayaUsd/render/pxrUsdMayaGL/softSelectHelper.h
    -- promoting: /home/S/jenkins/workspace/ecg-mayausd-branch-preflight-2020-linux/ecg-maya-usd/maya-usd/lib/mayaUsd/render/pxrUsdMayaGL/usdProxyShapeAdapter.h
    -- promoting: /home/S/jenkins/workspace/ecg-mayausd-branch-preflight-2020-linux/ecg-maya-usd/maya-usd/lib/mayaUsd/render/pxrUsdMayaGL/userData.h
    -- promoting: /home/S/jenkins/workspace/ecg-mayausd-branch-preflight-2020-linux/ecg-maya-usd/maya-usd/lib/mayaUsd/render/vp2RenderDelegate/proxyRenderDelegate.h
    -- promoting: /home/S/jenkins/workspace/ecg-mayausd-branch-preflight-2020-linux/ecg-maya-usd/maya-usd/lib/mayaUsd/render/vp2ShaderFragments/shaderFragments.h
    -- promoting: /home/S/jenkins/workspace/ecg-mayausd-branch-preflight-2020-linux/ecg-maya-usd/maya-usd/lib/mayaUsd/ufe/Global.h
    -- promoting: /home/S/jenkins/workspace/ecg-mayausd-branch-preflight-2020-linux/ecg-maya-usd/maya-usd/lib/mayaUsd/ufe/ProxyShapeHandler.h
    -- promoting: /home/S/jenkins/workspace/ecg-mayausd-branch-preflight-2020-linux/ecg-maya-usd/maya-usd/lib/mayaUsd/ufe/ProxyShapeHierarchy.h
    -- promoting: /home/S/jenkins/workspace/ecg-mayausd-branch-preflight-2020-linux/ecg-maya-usd/maya-usd/lib/mayaUsd/ufe/ProxyShapeHierarchyHandler.h
    -- promoting: /home/S/jenkins/workspace/ecg-mayausd-branch-preflight-2020-linux/ecg-maya-usd/maya-usd/lib/mayaUsd/ufe/StagesSubject.h
    -- promoting: /home/S/jenkins/workspace/ecg-mayausd-branch-preflight-2020-linux/ecg-maya-usd/maya-usd/lib/mayaUsd/ufe/UsdHierarchy.h
    -- promoting: /home/S/jenkins/workspace/ecg-mayausd-branch-preflight-2020-linux/ecg-maya-usd/maya-usd/lib/mayaUsd/ufe/UsdHierarchyHandler.h
    -- promoting: /home/S/jenkins/workspace/ecg-mayausd-branch-preflight-2020-linux/ecg-maya-usd/maya-usd/lib/mayaUsd/ufe/UsdRootChildHierarchy.h
    -- promoting: /home/S/jenkins/workspace/ecg-mayausd-branch-preflight-2020-linux/ecg-maya-usd/maya-usd/lib/mayaUsd/ufe/UsdRotatePivotTranslateUndoableCommand.h
    -- promoting: /home/S/jenkins/workspace/ecg-mayausd-branch-preflight-2020-linux/ecg-maya-usd/maya-usd/lib/mayaUsd/ufe/UsdRotateUndoableCommand.h
    -- promoting: /home/S/jenkins/workspace/ecg-mayausd-branch-preflight-2020-linux/ecg-maya-usd/maya-usd/lib/mayaUsd/ufe/UsdScaleUndoableCommand.h
    -- promoting: /home/S/jenkins/workspace/ecg-mayausd-branch-preflight-2020-linux/ecg-maya-usd/maya-usd/lib/mayaUsd/ufe/UsdSceneItem.h
    -- promoting: /home/S/jenkins/workspace/ecg-mayausd-branch-preflight-2020-linux/ecg-maya-usd/maya-usd/lib/mayaUsd/ufe/UsdSceneItemOps.h
    -- promoting: /home/S/jenkins/workspace/ecg-mayausd-branch-preflight-2020-linux/ecg-maya-usd/maya-usd/lib/mayaUsd/ufe/UsdSceneItemOpsHandler.h
    -- promoting: /home/S/jenkins/workspace/ecg-mayausd-branch-preflight-2020-linux/ecg-maya-usd/maya-usd/lib/mayaUsd/ufe/UsdStageMap.h
    -- promoting: /home/S/jenkins/workspace/ecg-mayausd-branch-preflight-2020-linux/ecg-maya-usd/maya-usd/lib/mayaUsd/ufe/UsdTRSUndoableCommandBase.h
    -- promoting: /home/S/jenkins/workspace/ecg-mayausd-branch-preflight-2020-linux/ecg-maya-usd/maya-usd/lib/mayaUsd/ufe/UsdTransform3d.h
    -- promoting: /home/S/jenkins/workspace/ecg-mayausd-branch-preflight-2020-linux/ecg-maya-usd/maya-usd/lib/mayaUsd/ufe/UsdTransform3dHandler.h
    -- promoting: /home/S/jenkins/workspace/ecg-mayausd-branch-preflight-2020-linux/ecg-maya-usd/maya-usd/lib/mayaUsd/ufe/UsdTranslateUndoableCommand.h
    -- promoting: /home/S/jenkins/workspace/ecg-mayausd-branch-preflight-2020-linux/ecg-maya-usd/maya-usd/lib/mayaUsd/ufe/UsdUndoDeleteCommand.h
    -- promoting: /home/S/jenkins/workspace/ecg-mayausd-branch-preflight-2020-linux/ecg-maya-usd/maya-usd/lib/mayaUsd/ufe/UsdUndoDuplicateCommand.h
    -- promoting: /home/S/jenkins/workspace/ecg-mayausd-branch-preflight-2020-linux/ecg-maya-usd/maya-usd/lib/mayaUsd/ufe/UsdUndoRenameCommand.h
    -- promoting: /home/S/jenkins/workspace/ecg-mayausd-branch-preflight-2020-linux/ecg-maya-usd/maya-usd/lib/mayaUsd/ufe/Utils.h
    -- promoting: /home/S/jenkins/workspace/ecg-mayausd-branch-preflight-2020-linux/ecg-maya-usd/maya-usd/lib/mayaUsd/ufe/UfeVersionCompat.h
    -- promoting: /home/S/jenkins/workspace/ecg-mayausd-branch-preflight-2020-linux/ecg-maya-usd/maya-usd/lib/mayaUsd/undo/UsdUndoBlock.h
    -- promoting: /home/S/jenkins/workspace/ecg-mayausd-branch-preflight-2020-linux/ecg-maya-usd/maya-usd/lib/mayaUsd/undo/UsdUndoManager.h
    -- promoting: /home/S/jenkins/workspace/ecg-mayausd-branch-preflight-2020-linux/ecg-maya-usd/maya-usd/lib/mayaUsd/undo/UsdUndoStateDelegate.h
    -- promoting: /home/S/jenkins/workspace/ecg-mayausd-branch-preflight-2020-linux/ecg-maya-usd/maya-usd/lib/mayaUsd/undo/UsdUndoableItem.h
    -- promoting: /home/S/jenkins/workspace/ecg-mayausd-branch-preflight-2020-linux/ecg-maya-usd/maya-usd/lib/mayaUsd/utils/blockSceneModificationContext.h
    -- promoting: /home/S/jenkins/workspace/ecg-mayausd-branch-preflight-2020-linux/ecg-maya-usd/maya-usd/lib/mayaUsd/utils/colorSpace.h
    -- promoting: /home/S/jenkins/workspace/ecg-mayausd-branch-preflight-2020-linux/ecg-maya-usd/maya-usd/lib/mayaUsd/utils/converter.h
    -- promoting: /home/S/jenkins/workspace/ecg-mayausd-branch-preflight-2020-linux/ecg-maya-usd/maya-usd/lib/mayaUsd/utils/diagnosticDelegate.h
    -- promoting: /home/S/jenkins/workspace/ecg-mayausd-branch-preflight-2020-linux/ecg-maya-usd/maya-usd/lib/mayaUsd/utils/query.h
    -- promoting: /home/S/jenkins/workspace/ecg-mayausd-branch-preflight-2020-linux/ecg-maya-usd/maya-usd/lib/mayaUsd/utils/plugRegistryHelper.h
    -- promoting: /home/S/jenkins/workspace/ecg-mayausd-branch-preflight-2020-linux/ecg-maya-usd/maya-usd/lib/mayaUsd/utils/stageCache.h
    -- promoting: /home/S/jenkins/workspace/ecg-mayausd-branch-preflight-2020-linux/ecg-maya-usd/maya-usd/lib/mayaUsd/utils/undoHelperCommand.h
    -- promoting: /home/S/jenkins/workspace/ecg-mayausd-branch-preflight-2020-linux/ecg-maya-usd/maya-usd/lib/mayaUsd/utils/util.h
    -- promoting: /home/S/jenkins/workspace/ecg-mayausd-branch-preflight-2020-linux/ecg-maya-usd/maya-usd/lib/mayaUsd/utils/utilFileSystem.h
    -- promoting: /home/S/jenkins/workspace/ecg-mayausd-branch-preflight-2020-linux/ecg-maya-usd/maya-usd/lib/usd/hdMaya/api.h
    -- promoting: /home/S/jenkins/workspace/ecg-mayausd-branch-preflight-2020-linux/ecg-maya-usd/maya-usd/lib/usd/hdMaya/utils.h
    -- promoting: /home/S/jenkins/workspace/ecg-mayausd-branch-preflight-2020-linux/ecg-maya-usd/maya-usd/lib/usd/hdMaya/debugCodes.h
    -- promoting: /home/S/jenkins/workspace/ecg-mayausd-branch-preflight-2020-linux/ecg-maya-usd/maya-usd/lib/usd/hdMaya/adapters/adapter.h
    -- promoting: /home/S/jenkins/workspace/ecg-mayausd-branch-preflight-2020-linux/ecg-maya-usd/maya-usd/lib/usd/hdMaya/adapters/adapterDebugCodes.h
    -- promoting: /home/S/jenkins/workspace/ecg-mayausd-branch-preflight-2020-linux/ecg-maya-usd/maya-usd/lib/usd/hdMaya/adapters/adapterRegistry.h
    -- promoting: /home/S/jenkins/workspace/ecg-mayausd-branch-preflight-2020-linux/ecg-maya-usd/maya-usd/lib/usd/hdMaya/adapters/constantShadowMatrix.h
    -- promoting: /home/S/jenkins/workspace/ecg-mayausd-branch-preflight-2020-linux/ecg-maya-usd/maya-usd/lib/usd/hdMaya/adapters/dagAdapter.h
    -- promoting: /home/S/jenkins/workspace/ecg-mayausd-branch-preflight-2020-linux/ecg-maya-usd/maya-usd/lib/usd/hdMaya/adapters/lightAdapter.h
    -- promoting: /home/S/jenkins/workspace/ecg-mayausd-branch-preflight-2020-linux/ecg-maya-usd/maya-usd/lib/usd/hdMaya/adapters/proxyAdapter.h
    -- promoting: /home/S/jenkins/workspace/ecg-mayausd-branch-preflight-2020-linux/ecg-maya-usd/maya-usd/lib/usd/hdMaya/adapters/materialAdapter.h
    -- promoting: /home/S/jenkins/workspace/ecg-mayausd-branch-preflight-2020-linux/ecg-maya-usd/maya-usd/lib/usd/hdMaya/adapters/materialNetworkConverter.h
    -- promoting: /home/S/jenkins/workspace/ecg-mayausd-branch-preflight-2020-linux/ecg-maya-usd/maya-usd/lib/usd/hdMaya/adapters/mayaAttrs.h
    -- promoting: /home/S/jenkins/workspace/ecg-mayausd-branch-preflight-2020-linux/ecg-maya-usd/maya-usd/lib/usd/hdMaya/adapters/shapeAdapter.h
    -- promoting: /home/S/jenkins/workspace/ecg-mayausd-branch-preflight-2020-linux/ecg-maya-usd/maya-usd/lib/usd/hdMaya/adapters/tokens.h
    -- promoting: /home/S/jenkins/workspace/ecg-mayausd-branch-preflight-2020-linux/ecg-maya-usd/maya-usd/lib/usd/hdMaya/delegates/delegate.h
    -- promoting: /home/S/jenkins/workspace/ecg-mayausd-branch-preflight-2020-linux/ecg-maya-usd/maya-usd/lib/usd/hdMaya/delegates/delegateCtx.h
    -- promoting: /home/S/jenkins/workspace/ecg-mayausd-branch-preflight-2020-linux/ecg-maya-usd/maya-usd/lib/usd/hdMaya/delegates/delegateDebugCodes.h
    -- promoting: /home/S/jenkins/workspace/ecg-mayausd-branch-preflight-2020-linux/ecg-maya-usd/maya-usd/lib/usd/hdMaya/delegates/delegateRegistry.h
    -- promoting: /home/S/jenkins/workspace/ecg-mayausd-branch-preflight-2020-linux/ecg-maya-usd/maya-usd/lib/usd/hdMaya/delegates/params.h
    -- promoting: /home/S/jenkins/workspace/ecg-mayausd-branch-preflight-2020-linux/ecg-maya-usd/maya-usd/lib/usd/hdMaya/delegates/proxyDelegate.h
    -- promoting: /home/S/jenkins/workspace/ecg-mayausd-branch-preflight-2020-linux/ecg-maya-usd/maya-usd/lib/usd/hdMaya/delegates/proxyUsdImagingDelegate.h
    -- promoting: /home/S/jenkins/workspace/ecg-mayausd-branch-preflight-2020-linux/ecg-maya-usd/maya-usd/lib/usd/hdMaya/delegates/sceneDelegate.h
    -- promoting: /home/S/jenkins/workspace/ecg-mayausd-branch-preflight-2020-linux/ecg-maya-usd/maya-usd/lib/usd/hdMaya/delegates/testDelegate.h
    -- promoting: /home/S/jenkins/workspace/ecg-mayausd-branch-preflight-2020-linux/ecg-maya-usd/maya-usd/lib/usd/pxrUsdPreviewSurface/usdPreviewSurface.h
    -- promoting: /home/S/jenkins/workspace/ecg-mayausd-branch-preflight-2020-linux/ecg-maya-usd/maya-usd/lib/usd/pxrUsdPreviewSurface/usdPreviewSurfacePlugin.h
    -- Boost version: 1.61.0
    -- Found the following Boost libraries:
    --   filesystem
    --   system
    -- promoting: /home/S/jenkins/workspace/ecg-mayausd-branch-preflight-2020-linux/ecg-maya-usd/maya-usd/lib/usd/schemas/api.h
    -- promoting: /home/S/jenkins/workspace/ecg-mayausd-branch-preflight-2020-linux/ecg-maya-usd/maya-usd/lib/usd/schemas/ALMayaReference.h
    -- promoting: /home/S/jenkins/workspace/ecg-mayausd-branch-preflight-2020-linux/ecg-maya-usd/maya-usd/lib/usd/schemas/MayaReference.h
    -- promoting: /home/S/jenkins/workspace/ecg-mayausd-branch-preflight-2020-linux/ecg-maya-usd/maya-usd/lib/usd/schemas/tokens.h
    Processing schema classes:
    MayaReference, ALMayaReference
    Loading Templates from /local/S/jenkins/workspace/shared/Artifactory/Linux/USD/df240d5/lib/usd/usd/resources/codegenTemplates
    Writing API:
    	    wrote /home/S/jenkins/workspace/ecg-mayausd-branch-preflight-2020-linux/build/RelWithDebInfo/lib/usd/schemas/api.h
    Writing Schema Tokens:
    	    wrote /home/S/jenkins/workspace/ecg-mayausd-branch-preflight-2020-linux/build/RelWithDebInfo/lib/usd/schemas/tokens.h
    	    wrote /home/S/jenkins/workspace/ecg-mayausd-branch-preflight-2020-linux/build/RelWithDebInfo/lib/usd/schemas/tokens.cpp
    	    wrote /home/S/jenkins/workspace/ecg-mayausd-branch-preflight-2020-linux/build/RelWithDebInfo/lib/usd/schemas/wrapTokens.cpp
    Generating Classes:
    	    wrote /home/S/jenkins/workspace/ecg-mayausd-branch-preflight-2020-linux/build/RelWithDebInfo/lib/usd/schemas/MayaReference.h
    	    wrote /home/S/jenkins/workspace/ecg-mayausd-branch-preflight-2020-linux/build/RelWithDebInfo/lib/usd/schemas/MayaReference.cpp
    	    wrote /home/S/jenkins/workspace/ecg-mayausd-branch-preflight-2020-linux/build/RelWithDebInfo/lib/usd/schemas/wrapMayaReference.cpp
    	    wrote /home/S/jenkins/workspace/ecg-mayausd-branch-preflight-2020-linux/build/RelWithDebInfo/lib/usd/schemas/ALMayaReference.h
    	    wrote /home/S/jenkins/workspace/ecg-mayausd-branch-preflight-2020-linux/build/RelWithDebInfo/lib/usd/schemas/ALMayaReference.cpp
    	    wrote /home/S/jenkins/workspace/ecg-mayausd-branch-preflight-2020-linux/build/RelWithDebInfo/lib/usd/schemas/wrapALMayaReference.cpp
    	    wrote /home/S/jenkins/workspace/ecg-mayausd-branch-preflight-2020-linux/build/RelWithDebInfo/lib/usd/schemas/plugInfo.json
    Generating Schematics:
    	    wrote /home/S/jenkins/workspace/ecg-mayausd-branch-preflight-2020-linux/build/RelWithDebInfo/lib/usd/schemas/generatedSchema.usda
    -- promoting: /home/S/jenkins/workspace/ecg-mayausd-branch-preflight-2020-linux/ecg-maya-usd/maya-usd/lib/usd/utils/ALHalf.h
    -- promoting: /home/S/jenkins/workspace/ecg-mayausd-branch-preflight-2020-linux/ecg-maya-usd/maya-usd/lib/usd/utils/Api.h
    -- promoting: /home/S/jenkins/workspace/ecg-mayausd-branch-preflight-2020-linux/ecg-maya-usd/maya-usd/lib/usd/utils/DebugCodes.h
    -- promoting: /home/S/jenkins/workspace/ecg-mayausd-branch-preflight-2020-linux/ecg-maya-usd/maya-usd/lib/usd/utils/DiffCore.h
    -- promoting: /home/S/jenkins/workspace/ecg-mayausd-branch-preflight-2020-linux/ecg-maya-usd/maya-usd/lib/usd/utils/ForwardDeclares.h
    -- promoting: /home/S/jenkins/workspace/ecg-mayausd-branch-preflight-2020-linux/ecg-maya-usd/maya-usd/lib/usd/utils/SIMD.h
    -- promoting: /home/S/jenkins/workspace/ecg-mayausd-branch-preflight-2020-linux/ecg-maya-usd/maya-usd/lib/usd/utils/util.h
    -- promoting: /home/S/jenkins/workspace/ecg-mayausd-branch-preflight-2020-linux/ecg-maya-usd/maya-usd/lib/usd/ui/api.h
    -- promoting: /home/S/jenkins/workspace/ecg-mayausd-branch-preflight-2020-linux/ecg-maya-usd/maya-usd/lib/usd/ui/IMayaMQtUtil.h
    -- promoting: /home/S/jenkins/workspace/ecg-mayausd-branch-preflight-2020-linux/ecg-maya-usd/maya-usd/lib/usd/ui/ItemDelegate.h
    -- promoting: /home/S/jenkins/workspace/ecg-mayausd-branch-preflight-2020-linux/ecg-maya-usd/maya-usd/lib/usd/ui/IUSDImportView.h
    -- promoting: /home/S/jenkins/workspace/ecg-mayausd-branch-preflight-2020-linux/ecg-maya-usd/maya-usd/lib/usd/ui/TreeItem.h
    -- promoting: /home/S/jenkins/workspace/ecg-mayausd-branch-preflight-2020-linux/ecg-maya-usd/maya-usd/lib/usd/ui/TreeModel.h
    -- promoting: /home/S/jenkins/workspace/ecg-mayausd-branch-preflight-2020-linux/ecg-maya-usd/maya-usd/lib/usd/ui/TreeModelFactory.h
    -- promoting: /home/S/jenkins/workspace/ecg-mayausd-branch-preflight-2020-linux/ecg-maya-usd/maya-usd/lib/usd/ui/USDImportDialog.h
    -- promoting: /home/S/jenkins/workspace/ecg-mayausd-branch-preflight-2020-linux/ecg-maya-usd/maya-usd/lib/usd/ui/USDImportDialogCmd.h
    -- promoting: /home/S/jenkins/workspace/ecg-mayausd-branch-preflight-2020-linux/ecg-maya-usd/maya-usd/lib/usd/ui/USDQtUtil.h
    ========== Pixar USD Plugin ==========
    Compiling /home/S/jenkins/workspace/ecg-mayausd-branch-preflight-2020-linux/build/RelWithDebInfo/plugin/pxr/__init__.py ...
    ========== AL USD Plugin ==========
    CMake Deprecation Warning at plugin/al/CMakeLists.txt:7 (cmake_policy):
      The OLD behavior for policy CMP0026 will be removed from a future version
      of CMake.
    
      The cmake-policies(7) manual explains that the OLD behaviors of all
      policies are deprecated and that a policy should be set to OLD only under
      specific short-term circumstances.  Projects should be ported to the NEW
      behavior and not rely on setting a policy to OLD.
    
    
    -- Boost version: 1.61.0
    -- Found Threads: TRUE
    -- Boost version: 1.61.0
    -- Found the following Boost libraries:
    --   thread
    --   filesystem
    --   system
    --   python
    --   date_time
    --   atomic
    -- Found GTest: /home/S/jenkins/workspace/ecg-mayausd-branch-preflight-2020-linux/build/RelWithDebInfo/googletest-install/lib64/libgtest.so
    Compiling /home/S/jenkins/workspace/ecg-mayausd-branch-preflight-2020-linux/build/RelWithDebInfo/plugin/al/lib/AL_USDMaya/lib/python/AL/usdmaya/__init__.py ...
    -- Building AL_USDMayaSchemas
    Processing schema classes:
    ALModelAPI, ALFrameRange
    Loading Templates from /local/S/jenkins/workspace/shared/Artifactory/Linux/USD/df240d5/lib/usd/usd/resources/codegenTemplates
    Writing API:
    	    wrote /home/S/jenkins/workspace/ecg-mayausd-branch-preflight-2020-linux/build/RelWithDebInfo/plugin/al/schemas/AL/usd/schemas/maya/api.h
    Writing Schema Tokens:
    	    wrote /home/S/jenkins/workspace/ecg-mayausd-branch-preflight-2020-linux/build/RelWithDebInfo/plugin/al/schemas/AL/usd/schemas/maya/tokens.h
    	    wrote /home/S/jenkins/workspace/ecg-mayausd-branch-preflight-2020-linux/build/RelWithDebInfo/plugin/al/schemas/AL/usd/schemas/maya/tokens.cpp
    	    wrote /home/S/jenkins/workspace/ecg-mayausd-branch-preflight-2020-linux/build/RelWithDebInfo/plugin/al/schemas/AL/usd/schemas/maya/wrapTokens.cpp
    Generating Classes:
    	    wrote /home/S/jenkins/workspace/ecg-mayausd-branch-preflight-2020-linux/build/RelWithDebInfo/plugin/al/schemas/AL/usd/schemas/maya/ModelAPI.h
    	    wrote /home/S/jenkins/workspace/ecg-mayausd-branch-preflight-2020-linux/build/RelWithDebInfo/plugin/al/schemas/AL/usd/schemas/maya/ModelAPI.cpp
    	    wrote /home/S/jenkins/workspace/ecg-mayausd-branch-preflight-2020-linux/build/RelWithDebInfo/plugin/al/schemas/AL/usd/schemas/maya/wrapModelAPI.cpp
    	    wrote /home/S/jenkins/workspace/ecg-mayausd-branch-preflight-2020-linux/build/RelWithDebInfo/plugin/al/schemas/AL/usd/schemas/maya/FrameRange.h
    	    wrote /home/S/jenkins/workspace/ecg-mayausd-branch-preflight-2020-linux/build/RelWithDebInfo/plugin/al/schemas/AL/usd/schemas/maya/FrameRange.cpp
    	    wrote /home/S/jenkins/workspace/ecg-mayausd-branch-preflight-2020-linux/build/RelWithDebInfo/plugin/al/schemas/AL/usd/schemas/maya/wrapFrameRange.cpp
    	    wrote /home/S/jenkins/workspace/ecg-mayausd-branch-preflight-2020-linux/build/RelWithDebInfo/plugin/al/schemas/AL/usd/schemas/maya/plugInfo.json
    Generating Schematics:
    	    wrote /home/S/jenkins/workspace/ecg-mayausd-branch-preflight-2020-linux/build/RelWithDebInfo/plugin/al/schemas/AL/usd/schemas/maya/generatedSchema.usda
    Compiling /home/S/jenkins/workspace/ecg-mayausd-branch-preflight-2020-linux/build/RelWithDebInfo/AL/usd/schemas/maya/__init__.py ...
    Compiling /home/S/jenkins/workspace/ecg-mayausd-branch-preflight-2020-linux/build/RelWithDebInfo/AL/__init__.py ...
    Compiling /home/S/jenkins/workspace/ecg-mayausd-branch-preflight-2020-linux/build/RelWithDebInfo/AL/usd/__init__.py ...
    Compiling /home/S/jenkins/workspace/ecg-mayausd-branch-preflight-2020-linux/build/RelWithDebInfo/AL/usd/schemas/__init__.py ...
    Processing schema classes:
    ALExamplePolyCubeNode
    Loading Templates from /local/S/jenkins/workspace/shared/Artifactory/Linux/USD/df240d5/lib/usd/usd/resources/codegenTemplates
    Writing API:
    	    wrote /home/S/jenkins/workspace/ecg-mayausd-branch-preflight-2020-linux/build/RelWithDebInfo/plugin/al/schemas/AL/usd/schemas/mayatest/api.h
    Writing Schema Tokens:
    	    wrote /home/S/jenkins/workspace/ecg-mayausd-branch-preflight-2020-linux/build/RelWithDebInfo/plugin/al/schemas/AL/usd/schemas/mayatest/tokens.h
    	    wrote /home/S/jenkins/workspace/ecg-mayausd-branch-preflight-2020-linux/build/RelWithDebInfo/plugin/al/schemas/AL/usd/schemas/mayatest/tokens.cpp
    	    wrote /home/S/jenkins/workspace/ecg-mayausd-branch-preflight-2020-linux/build/RelWithDebInfo/plugin/al/schemas/AL/usd/schemas/mayatest/wrapTokens.cpp
    Generating Classes:
    	    wrote /home/S/jenkins/workspace/ecg-mayausd-branch-preflight-2020-linux/build/RelWithDebInfo/plugin/al/schemas/AL/usd/schemas/mayatest/ExamplePolyCubeNode.h
    	    wrote /home/S/jenkins/workspace/ecg-mayausd-branch-preflight-2020-linux/build/RelWithDebInfo/plugin/al/schemas/AL/usd/schemas/mayatest/ExamplePolyCubeNode.cpp
    	    wrote /home/S/jenkins/workspace/ecg-mayausd-branch-preflight-2020-linux/build/RelWithDebInfo/plugin/al/schemas/AL/usd/schemas/mayatest/wrapExamplePolyCubeNode.cpp
    	unchanged /home/S/jenkins/workspace/ecg-mayausd-branch-preflight-2020-linux/build/RelWithDebInfo/plugin/al/schemas/AL/usd/schemas/mayatest/plugInfo.json
    Generating Schematics:
    	    wrote /home/S/jenkins/workspace/ecg-mayausd-branch-preflight-2020-linux/build/RelWithDebInfo/plugin/al/schemas/AL/usd/schemas/mayatest/generatedSchema.usda
    Compiling /home/S/jenkins/workspace/ecg-mayausd-branch-preflight-2020-linux/build/RelWithDebInfo/AL/usd/schemas/mayatest/__init__.py ...
    Compiling /home/S/jenkins/workspace/ecg-mayausd-branch-preflight-2020-linux/build/RelWithDebInfo/AL/__init__.py ...
    Compiling /home/S/jenkins/workspace/ecg-mayausd-branch-preflight-2020-linux/build/RelWithDebInfo/AL/usd/__init__.py ...
    Compiling /home/S/jenkins/workspace/ecg-mayausd-branch-preflight-2020-linux/build/RelWithDebInfo/AL/usd/schemas/__init__.py ...
    -- Building AL_USDMayaTranslators
    ========== ADSK USD Plugin ==========
    -- Configuring done
    CMake Warning at test/lib/usd/plugin/CMakeLists.txt:74 (add_library):
      Cannot generate a safe linker search path for target usdTestUsdPlugin
      because there is a cycle in the constraint graph:
    
        dir 0 is [/local/S/jenkins/workspace/shared/Artifactory/Linux/rundev-2020/202004291615/runtime/91f4300/runTime/lib]
          dir 1 must precede it due to link library [libtbb.so]
        dir 1 is [/local/S/jenkins/workspace/shared/Artifactory/Linux/USD/df240d5/lib]
          dir 0 must precede it due to link library [libtbb.so]
    
      Some of these libraries may not be found correctly.
    
    
    CMake Warning at test/lib/usd/plugin/CMakeLists.txt:74 (add_library):
      Cannot generate a safe runtime search path for target usdTestUsdPlugin
      because there is a cycle in the constraint graph:
    
        dir 0 is [/home/S/jenkins/workspace/ecg-mayausd-branch-preflight-2020-linux/build/RelWithDebInfo/lib/mayaUsd]
        dir 1 is [/local/S/jenkins/workspace/shared/Artifactory/Linux/USD/df240d5/lib]
          dir 4 must precede it due to runtime library [libtbb.so]
        dir 2 is [/local/S/jenkins/workspace/shared/Artifactory/Linux/USD/df240d5/lib64]
        dir 3 is [/local/S/jenkins/workspace/shared/Artifactory/Linux/rundev-2020/202004291615/runtime/91f4300/devkitBase/devkit/ufe/lib]
        dir 4 is [/local/S/jenkins/workspace/shared/Artifactory/Linux/rundev-2020/202004291615/runtime/91f4300/runTime/lib]
          dir 1 must precede it due to runtime library [libtbb.so]
          dir 3 must precede it due to runtime library [libufe_1.so]
        dir 5 is [/home/S/jenkins/workspace/ecg-mayausd-branch-preflight-2020-linux/build/RelWithDebInfo/lib/usd/utils]
    
      Some of these libraries may not be found correctly.
    
    
    CMake Warning at test/lib/usd/plugin/CMakeLists.txt:18 (add_library):
      Cannot generate a safe linker search path for target usdTestMayaPlugin
      because there is a cycle in the constraint graph:
    
        dir 0 is [/local/S/jenkins/workspace/shared/Artifactory/Linux/rundev-2020/202004291615/runtime/91f4300/runTime/lib]
          dir 1 must precede it due to link library [libtbb.so]
        dir 1 is [/local/S/jenkins/workspace/shared/Artifactory/Linux/USD/df240d5/lib]
          dir 0 must precede it due to link library [libtbb.so]
    
      Some of these libraries may not be found correctly.
    
    
    CMake Warning at test/lib/usd/plugin/CMakeLists.txt:18 (add_library):
      Cannot generate a safe runtime search path for target usdTestMayaPlugin
      because there is a cycle in the constraint graph:
    
        dir 0 is [/home/S/jenkins/workspace/ecg-mayausd-branch-preflight-2020-linux/build/RelWithDebInfo/lib/mayaUsd]
        dir 1 is [/local/S/jenkins/workspace/shared/Artifactory/Linux/USD/df240d5/lib]
          dir 4 must precede it due to runtime library [libtbb.so]
        dir 2 is [/local/S/jenkins/workspace/shared/Artifactory/Linux/USD/df240d5/lib64]
        dir 3 is [/local/S/jenkins/workspace/shared/Artifactory/Linux/rundev-2020/202004291615/runtime/91f4300/devkitBase/devkit/ufe/lib]
        dir 4 is [/local/S/jenkins/workspace/shared/Artifactory/Linux/rundev-2020/202004291615/runtime/91f4300/runTime/lib]
          dir 1 must precede it due to runtime library [libtbb.so]
          dir 3 must precede it due to runtime library [libufe_1.so]
        dir 5 is [/home/S/jenkins/workspace/ecg-mayausd-branch-preflight-2020-linux/build/RelWithDebInfo/lib/usd/utils]
    
      Some of these libraries may not be found correctly.
    
    
    CMake Warning at lib/mayaUsd/CMakeLists.txt:18 (add_library):
      Cannot generate a safe linker search path for target mayaUsd because there
      is a cycle in the constraint graph:
    
        dir 0 is [/local/S/jenkins/workspace/shared/Artifactory/Linux/rundev-2020/202004291615/runtime/91f4300/runTime/lib]
          dir 1 must precede it due to link library [libtbb.so]
        dir 1 is [/local/S/jenkins/workspace/shared/Artifactory/Linux/USD/df240d5/lib]
          dir 0 must precede it due to link library [libtbb.so]
    
      Some of these libraries may not be found correctly.
    
    
    CMake Warning at lib/mayaUsd/CMakeLists.txt:18 (add_library):
      Cannot generate a safe runtime search path for target mayaUsd because there
      is a cycle in the constraint graph:
    
        dir 0 is [/local/S/jenkins/workspace/shared/Artifactory/Linux/USD/df240d5/lib]
          dir 2 must precede it due to runtime library [libtbb.so]
        dir 1 is [/local/S/jenkins/workspace/shared/Artifactory/Linux/rundev-2020/202004291615/runtime/91f4300/devkitBase/devkit/ufe/lib]
        dir 2 is [/local/S/jenkins/workspace/shared/Artifactory/Linux/rundev-2020/202004291615/runtime/91f4300/runTime/lib]
          dir 0 must precede it due to runtime library [libtbb.so]
          dir 1 must precede it due to runtime library [libufe_1.so]
        dir 3 is [/home/S/jenkins/workspace/ecg-mayausd-branch-preflight-2020-linux/build/RelWithDebInfo/lib/usd/utils]
        dir 4 is [/local/S/jenkins/workspace/shared/Artifactory/Linux/USD/df240d5/lib64]
    
      Some of these libraries may not be found correctly.
    
    
    CMake Warning at lib/mayaUsd/python/CMakeLists.txt:20 (add_library):
      Cannot generate a safe linker search path for target _mayaUsd because there
      is a cycle in the constraint graph:
    
        dir 0 is [/local/S/jenkins/workspace/shared/Artifactory/Linux/rundev-2020/202004291615/runtime/91f4300/runTime/lib]
          dir 1 must precede it due to link library [libtbb.so]
        dir 1 is [/local/S/jenkins/workspace/shared/Artifactory/Linux/USD/df240d5/lib]
          dir 0 must precede it due to link library [libtbb.so]
    
      Some of these libraries may not be found correctly.
    
    
    CMake Warning at lib/mayaUsd/python/CMakeLists.txt:20 (add_library):
      Cannot generate a safe runtime search path for target _mayaUsd because
      there is a cycle in the constraint graph:
    
        dir 0 is [/home/S/jenkins/workspace/ecg-mayausd-branch-preflight-2020-linux/build/RelWithDebInfo/lib/mayaUsd]
        dir 1 is [/local/S/jenkins/workspace/shared/Artifactory/Linux/USD/df240d5/lib]
          dir 4 must precede it due to runtime library [libtbb.so]
        dir 2 is [/local/S/jenkins/workspace/shared/Artifactory/Linux/USD/df240d5/lib64]
        dir 3 is [/local/S/jenkins/workspace/shared/Artifactory/Linux/rundev-2020/202004291615/runtime/91f4300/devkitBase/devkit/ufe/lib]
        dir 4 is [/local/S/jenkins/workspace/shared/Artifactory/Linux/rundev-2020/202004291615/runtime/91f4300/runTime/lib]
          dir 1 must precede it due to runtime library [libtbb.so]
          dir 3 must precede it due to runtime library [libufe_1.so]
        dir 5 is [/home/S/jenkins/workspace/ecg-mayausd-branch-preflight-2020-linux/build/RelWithDebInfo/lib/usd/utils]
    
      Some of these libraries may not be found correctly.
    
    
    CMake Warning at lib/mayaUsd/ufe/CMakeLists.txt:131 (add_library):
      Cannot generate a safe linker search path for target _ufe because there is
      a cycle in the constraint graph:
    
        dir 0 is [/local/S/jenkins/workspace/shared/Artifactory/Linux/rundev-2020/202004291615/runtime/91f4300/runTime/lib]
          dir 1 must precede it due to link library [libtbb.so]
        dir 1 is [/local/S/jenkins/workspace/shared/Artifactory/Linux/USD/df240d5/lib]
          dir 0 must precede it due to link library [libtbb.so]
    
      Some of these libraries may not be found correctly.
    
    
    CMake Warning at lib/mayaUsd/ufe/CMakeLists.txt:131 (add_library):
      Cannot generate a safe runtime search path for target _ufe because there is
      a cycle in the constraint graph:
    
        dir 0 is [/home/S/jenkins/workspace/ecg-mayausd-branch-preflight-2020-linux/build/RelWithDebInfo/lib/mayaUsd]
        dir 1 is [/local/S/jenkins/workspace/shared/Artifactory/Linux/USD/df240d5/lib]
          dir 4 must precede it due to runtime library [libtbb.so]
        dir 2 is [/local/S/jenkins/workspace/shared/Artifactory/Linux/USD/df240d5/lib64]
        dir 3 is [/local/S/jenkins/workspace/shared/Artifactory/Linux/rundev-2020/202004291615/runtime/91f4300/devkitBase/devkit/ufe/lib]
        dir 4 is [/local/S/jenkins/workspace/shared/Artifactory/Linux/rundev-2020/202004291615/runtime/91f4300/runTime/lib]
          dir 1 must precede it due to runtime library [libtbb.so]
          dir 3 must precede it due to runtime library [libufe_1.so]
        dir 5 is [/home/S/jenkins/workspace/ecg-mayausd-branch-preflight-2020-linux/build/RelWithDebInfo/lib/usd/utils]
    
      Some of these libraries may not be found correctly.
    
    
    CMake Warning at lib/mayaUsd/render/mayaToHydra/CMakeLists.txt:3 (add_library):
      Cannot generate a safe linker search path for target mtoh because there is
      a cycle in the constraint graph:
    
        dir 0 is [/local/S/jenkins/workspace/shared/Artifactory/Linux/rundev-2020/202004291615/runtime/91f4300/runTime/lib]
          dir 1 must precede it due to link library [libtbb.so]
        dir 1 is [/local/S/jenkins/workspace/shared/Artifactory/Linux/USD/df240d5/lib]
          dir 0 must precede it due to link library [libtbb.so]
    
      Some of these libraries may not be found correctly.
    
    
    CMake Warning at lib/mayaUsd/render/mayaToHydra/CMakeLists.txt:3 (add_library):
      Cannot generate a safe runtime search path for target mtoh because there is
      a cycle in the constraint graph:
    
        dir 0 is [/home/S/jenkins/workspace/ecg-mayausd-branch-preflight-2020-linux/build/RelWithDebInfo/lib/usd/hdMaya]
        dir 1 is [/home/S/jenkins/workspace/ecg-mayausd-branch-preflight-2020-linux/build/RelWithDebInfo/lib/mayaUsd]
        dir 2 is [/local/S/jenkins/workspace/shared/Artifactory/Linux/USD/df240d5/lib]
          dir 5 must precede it due to runtime library [libtbb.so]
        dir 3 is [/local/S/jenkins/workspace/shared/Artifactory/Linux/USD/df240d5/lib64]
        dir 4 is [/local/S/jenkins/workspace/shared/Artifactory/Linux/rundev-2020/202004291615/runtime/91f4300/devkitBase/devkit/ufe/lib]
        dir 5 is [/local/S/jenkins/workspace/shared/Artifactory/Linux/rundev-2020/202004291615/runtime/91f4300/runTime/lib]
          dir 2 must precede it due to runtime library [libtbb.so]
          dir 4 must precede it due to runtime library [libufe_1.so]
        dir 6 is [/home/S/jenkins/workspace/ecg-mayausd-branch-preflight-2020-linux/build/RelWithDebInfo/lib/usd/utils]
    
      Some of these libraries may not be found correctly.
    
    
    CMake Warning at lib/usd/hdMaya/CMakeLists.txt:3 (add_library):
      Cannot generate a safe linker search path for target hdMaya because there
      is a cycle in the constraint graph:
    
        dir 0 is [/local/S/jenkins/workspace/shared/Artifactory/Linux/rundev-2020/202004291615/runtime/91f4300/runTime/lib]
          dir 1 must precede it due to link library [libtbb.so]
        dir 1 is [/local/S/jenkins/workspace/shared/Artifactory/Linux/USD/df240d5/lib]
          dir 0 must precede it due to link library [libtbb.so]
    
      Some of these libraries may not be found correctly.
    
    
    CMake Warning at lib/usd/hdMaya/CMakeLists.txt:3 (add_library):
      Cannot generate a safe runtime search path for target hdMaya because there
      is a cycle in the constraint graph:
    
        dir 0 is [/home/S/jenkins/workspace/ecg-mayausd-branch-preflight-2020-linux/build/RelWithDebInfo/lib/mayaUsd]
        dir 1 is [/local/S/jenkins/workspace/shared/Artifactory/Linux/USD/df240d5/lib]
          dir 4 must precede it due to runtime library [libtbb.so]
        dir 2 is [/local/S/jenkins/workspace/shared/Artifactory/Linux/USD/df240d5/lib64]
        dir 3 is [/local/S/jenkins/workspace/shared/Artifactory/Linux/rundev-2020/202004291615/runtime/91f4300/devkitBase/devkit/ufe/lib]
        dir 4 is [/local/S/jenkins/workspace/shared/Artifactory/Linux/rundev-2020/202004291615/runtime/91f4300/runTime/lib]
          dir 1 must precede it due to runtime library [libtbb.so]
          dir 3 must precede it due to runtime library [libufe_1.so]
        dir 5 is [/home/S/jenkins/workspace/ecg-mayausd-branch-preflight-2020-linux/build/RelWithDebInfo/lib/usd/utils]
    
      Some of these libraries may not be found correctly.
    
    
    CMake Warning at lib/usd/pxrUsdPreviewSurface/CMakeLists.txt:26 (add_library):
      Cannot generate a safe linker search path for target
      basePxrUsdPreviewSurface because there is a cycle in the constraint graph:
    
        dir 0 is [/local/S/jenkins/workspace/shared/Artifactory/Linux/rundev-2020/202004291615/runtime/91f4300/runTime/lib]
          dir 1 must precede it due to link library [libtbb.so]
        dir 1 is [/local/S/jenkins/workspace/shared/Artifactory/Linux/USD/df240d5/lib]
          dir 0 must precede it due to link library [libtbb.so]
    
      Some of these libraries may not be found correctly.
    
    
    CMake Warning at lib/usd/pxrUsdPreviewSurface/CMakeLists.txt:26 (add_library):
      Cannot generate a safe runtime search path for target
      basePxrUsdPreviewSurface because there is a cycle in the constraint graph:
    
        dir 0 is [/local/S/jenkins/workspace/shared/Artifactory/Linux/rundev-2020/202004291615/runtime/91f4300/runTime/lib]
          dir 2 must precede it due to runtime library [libtbb.so]
          dir 4 must precede it due to runtime library [libufe_1.so]
        dir 1 is [/home/S/jenkins/workspace/ecg-mayausd-branch-preflight-2020-linux/build/RelWithDebInfo/lib/mayaUsd]
        dir 2 is [/local/S/jenkins/workspace/shared/Artifactory/Linux/USD/df240d5/lib]
          dir 0 must precede it due to runtime library [libtbb.so]
        dir 3 is [/local/S/jenkins/workspace/shared/Artifactory/Linux/USD/df240d5/lib64]
        dir 4 is [/local/S/jenkins/workspace/shared/Artifactory/Linux/rundev-2020/202004291615/runtime/91f4300/devkitBase/devkit/ufe/lib]
        dir 5 is [/home/S/jenkins/workspace/ecg-mayausd-branch-preflight-2020-linux/build/RelWithDebInfo/lib/usd/utils]
    
      Some of these libraries may not be found correctly.
    
    
    CMake Warning at lib/usd/translators/CMakeLists.txt:11 (add_library):
      Cannot generate a safe linker search path for target mayaUsd_Translators
      because there is a cycle in the constraint graph:
    
        dir 0 is [/local/S/jenkins/workspace/shared/Artifactory/Linux/rundev-2020/202004291615/runtime/91f4300/runTime/lib]
          dir 1 must precede it due to link library [libtbb.so]
        dir 1 is [/local/S/jenkins/workspace/shared/Artifactory/Linux/USD/df240d5/lib]
          dir 0 must precede it due to link library [libtbb.so]
    
      Some of these libraries may not be found correctly.
    
    
    CMake Warning at lib/usd/translators/CMakeLists.txt:11 (add_library):
      Cannot generate a safe runtime search path for target mayaUsd_Translators
      because there is a cycle in the constraint graph:
    
        dir 0 is [/local/S/jenkins/workspace/shared/Artifactory/Linux/rundev-2020/202004291615/runtime/91f4300/runTime/lib]
          dir 3 must precede it due to runtime library [libtbb.so]
          dir 6 must precede it due to runtime library [libufe_1.so]
        dir 1 is [/home/S/jenkins/workspace/ecg-mayausd-branch-preflight-2020-linux/build/RelWithDebInfo/lib/usd/schemas]
        dir 2 is [/home/S/jenkins/workspace/ecg-mayausd-branch-preflight-2020-linux/build/RelWithDebInfo/lib/usd/pxrUsdPreviewSurface]
        dir 3 is [/local/S/jenkins/workspace/shared/Artifactory/Linux/USD/df240d5/lib]
          dir 0 must precede it due to runtime library [libtbb.so]
        dir 4 is [/home/S/jenkins/workspace/ecg-mayausd-branch-preflight-2020-linux/build/RelWithDebInfo/lib/mayaUsd]
        dir 5 is [/local/S/jenkins/workspace/shared/Artifactory/Linux/USD/df240d5/lib64]
        dir 6 is [/local/S/jenkins/workspace/shared/Artifactory/Linux/rundev-2020/202004291615/runtime/91f4300/devkitBase/devkit/ufe/lib]
        dir 7 is [/home/S/jenkins/workspace/ecg-mayausd-branch-preflight-2020-linux/build/RelWithDebInfo/lib/usd/utils]
    
      Some of these libraries may not be found correctly.
    
    
    CMake Warning at lib/usd/ui/CMakeLists.txt:23 (add_library):
      Cannot generate a safe linker search path for target mayaUsdUI because
      there is a cycle in the constraint graph:
    
        dir 0 is [/local/S/jenkins/workspace/shared/Artifactory/Linux/rundev-2020/202004291615/runtime/91f4300/runTime/lib]
          dir 1 must precede it due to link library [libtbb.so]
        dir 1 is [/local/S/jenkins/workspace/shared/Artifactory/Linux/USD/df240d5/lib]
          dir 0 must precede it due to link library [libtbb.so]
    
      Some of these libraries may not be found correctly.
    
    
    CMake Warning at lib/usd/ui/CMakeLists.txt:23 (add_library):
      Cannot generate a safe runtime search path for target mayaUsdUI because
      there is a cycle in the constraint graph:
    
        dir 0 is [/home/S/jenkins/workspace/ecg-mayausd-branch-preflight-2020-linux/build/RelWithDebInfo/lib/mayaUsd]
        dir 1 is [/local/S/jenkins/workspace/shared/Artifactory/Linux/qt/5.12.5/84f551b/lib]
        dir 2 is [/local/S/jenkins/workspace/shared/Artifactory/Linux/USD/df240d5/lib]
          dir 5 must precede it due to runtime library [libtbb.so]
        dir 3 is [/local/S/jenkins/workspace/shared/Artifactory/Linux/USD/df240d5/lib64]
        dir 4 is [/local/S/jenkins/workspace/shared/Artifactory/Linux/rundev-2020/202004291615/runtime/91f4300/devkitBase/devkit/ufe/lib]
        dir 5 is [/local/S/jenkins/workspace/shared/Artifactory/Linux/rundev-2020/202004291615/runtime/91f4300/runTime/lib]
          dir 1 must precede it due to runtime library [libQt5Widgets.so.5]
          dir 2 must precede it due to runtime library [libtbb.so]
          dir 4 must precede it due to runtime library [libufe_1.so]
        dir 6 is [/home/S/jenkins/workspace/ecg-mayausd-branch-preflight-2020-linux/build/RelWithDebInfo/lib/usd/utils]
    
      Some of these libraries may not be found correctly.
    
    
    CMake Warning at lib/usd/ui/demo/CMakeLists.txt:18 (add_executable):
      Cannot generate a safe linker search path for target testMayaUsdUI because
      there is a cycle in the constraint graph:
    
        dir 0 is [/local/S/jenkins/workspace/shared/Artifactory/Linux/rundev-2020/202004291615/runtime/91f4300/runTime/lib]
          dir 1 must precede it due to link library [libtbb.so]
        dir 1 is [/local/S/jenkins/workspace/shared/Artifactory/Linux/USD/df240d5/lib]
          dir 0 must precede it due to link library [libtbb.so]
    
      Some of these libraries may not be found correctly.
    
    
    CMake Warning at lib/usd/ui/demo/CMakeLists.txt:18 (add_executable):
      Cannot generate a safe runtime search path for target testMayaUsdUI because
      there is a cycle in the constraint graph:
    
        dir 0 is [/home/S/jenkins/workspace/ecg-mayausd-branch-preflight-2020-linux/build/RelWithDebInfo/lib/usd/ui]
        dir 1 is [/local/S/jenkins/workspace/shared/Artifactory/Linux/qt/5.12.5/84f551b/lib]
        dir 2 is [/home/S/jenkins/workspace/ecg-mayausd-branch-preflight-2020-linux/build/RelWithDebInfo/lib/mayaUsd]
        dir 3 is [/local/S/jenkins/workspace/shared/Artifactory/Linux/USD/df240d5/lib]
          dir 6 must precede it due to runtime library [libtbb.so]
        dir 4 is [/local/S/jenkins/workspace/shared/Artifactory/Linux/USD/df240d5/lib64]
        dir 5 is [/local/S/jenkins/workspace/shared/Artifactory/Linux/rundev-2020/202004291615/runtime/91f4300/devkitBase/devkit/ufe/lib]
        dir 6 is [/local/S/jenkins/workspace/shared/Artifactory/Linux/rundev-2020/202004291615/runtime/91f4300/runTime/lib]
          dir 1 must precede it due to runtime library [libQt5Widgets.so.5]
          dir 3 must precede it due to runtime library [libtbb.so]
          dir 5 must precede it due to runtime library [libufe_1.so]
        dir 7 is [/home/S/jenkins/workspace/ecg-mayausd-branch-preflight-2020-linux/build/RelWithDebInfo/lib/usd/utils]
    
      Some of these libraries may not be found correctly.
    
    
    CMake Warning at plugin/pxr/cmake/macros/Private.cmake:1060 (add_library):
      Cannot generate a safe linker search path for target usdMaya because there
      is a cycle in the constraint graph:
    
        dir 0 is [/local/S/jenkins/workspace/shared/Artifactory/Linux/rundev-2020/202004291615/runtime/91f4300/runTime/lib]
          dir 1 must precede it due to link library [libtbb.so]
        dir 1 is [/local/S/jenkins/workspace/shared/Artifactory/Linux/USD/df240d5/lib]
          dir 0 must precede it due to link library [libtbb.so]
    
      Some of these libraries may not be found correctly.
    Call Stack (most recent call first):
      plugin/pxr/cmake/macros/Public.cmake:131 (_pxr_library)
      plugin/pxr/cmake/macros/Public.cmake:162 (pxr_library)
      plugin/pxr/maya/lib/usdMaya/CMakeLists.txt:3 (pxr_shared_library)
    
    
    CMake Warning at plugin/pxr/cmake/macros/Private.cmake:1060 (add_library):
      Cannot generate a safe runtime search path for target usdMaya because there
      is a cycle in the constraint graph:
    
        dir 0 is [/local/S/jenkins/workspace/shared/Artifactory/Linux/rundev-2020/202004291615/runtime/91f4300/runTime/lib]
          dir 2 must precede it due to runtime library [libtbb.so]
          dir 4 must precede it due to runtime library [libufe_1.so]
        dir 1 is [/home/S/jenkins/workspace/ecg-mayausd-branch-preflight-2020-linux/build/RelWithDebInfo/lib/mayaUsd]
        dir 2 is [/local/S/jenkins/workspace/shared/Artifactory/Linux/USD/df240d5/lib]
          dir 0 must precede it due to runtime library [libtbb.so]
        dir 3 is [/local/S/jenkins/workspace/shared/Artifactory/Linux/USD/df240d5/lib64]
        dir 4 is [/local/S/jenkins/workspace/shared/Artifactory/Linux/rundev-2020/202004291615/runtime/91f4300/devkitBase/devkit/ufe/lib]
        dir 5 is [/home/S/jenkins/workspace/ecg-mayausd-branch-preflight-2020-linux/build/RelWithDebInfo/lib/usd/utils]
    
      Some of these libraries may not be found correctly.
    Call Stack (most recent call first):
      plugin/pxr/cmake/macros/Public.cmake:131 (_pxr_library)
      plugin/pxr/cmake/macros/Public.cmake:162 (pxr_library)
      plugin/pxr/maya/lib/usdMaya/CMakeLists.txt:3 (pxr_shared_library)
    
    
    CMake Warning at plugin/pxr/cmake/macros/Private.cmake:842 (add_library):
      Cannot generate a safe linker search path for target _usdMaya because there
      is a cycle in the constraint graph:
    
        dir 0 is [/local/S/jenkins/workspace/shared/Artifactory/Linux/rundev-2020/202004291615/runtime/91f4300/runTime/lib]
          dir 1 must precede it due to link library [libtbb.so]
        dir 1 is [/local/S/jenkins/workspace/shared/Artifactory/Linux/USD/df240d5/lib]
          dir 0 must precede it due to link library [libtbb.so]
    
      Some of these libraries may not be found correctly.
    Call Stack (most recent call first):
      plugin/pxr/cmake/macros/Public.cmake:148 (_pxr_python_module)
      plugin/pxr/cmake/macros/Public.cmake:162 (pxr_library)
      plugin/pxr/maya/lib/usdMaya/CMakeLists.txt:3 (pxr_shared_library)
    
    
    CMake Warning at plugin/pxr/cmake/macros/Private.cmake:842 (add_library):
      Cannot generate a safe runtime search path for target _usdMaya because
      there is a cycle in the constraint graph:
    
        dir 0 is [/home/S/jenkins/workspace/ecg-mayausd-branch-preflight-2020-linux/build/RelWithDebInfo/plugin/pxr/maya/lib/usdMaya]
        dir 1 is [/home/S/jenkins/workspace/ecg-mayausd-branch-preflight-2020-linux/build/RelWithDebInfo/lib/mayaUsd]
        dir 2 is [/local/S/jenkins/workspace/shared/Artifactory/Linux/USD/df240d5/lib]
          dir 5 must precede it due to runtime library [libtbb.so]
        dir 3 is [/local/S/jenkins/workspace/shared/Artifactory/Linux/USD/df240d5/lib64]
        dir 4 is [/local/S/jenkins/workspace/shared/Artifactory/Linux/rundev-2020/202004291615/runtime/91f4300/devkitBase/devkit/ufe/lib]
        dir 5 is [/local/S/jenkins/workspace/shared/Artifactory/Linux/rundev-2020/202004291615/runtime/91f4300/runTime/lib]
          dir 2 must precede it due to runtime library [libtbb.so]
          dir 4 must precede it due to runtime library [libufe_1.so]
        dir 6 is [/home/S/jenkins/workspace/ecg-mayausd-branch-preflight-2020-linux/build/RelWithDebInfo/lib/usd/utils]
    
      Some of these libraries may not be found correctly.
    Call Stack (most recent call first):
      plugin/pxr/cmake/macros/Public.cmake:148 (_pxr_python_module)
      plugin/pxr/cmake/macros/Public.cmake:162 (pxr_library)
      plugin/pxr/maya/lib/usdMaya/CMakeLists.txt:3 (pxr_shared_library)
    
    
    CMake Warning at plugin/pxr/cmake/macros/Private.cmake:1060 (add_library):
      Cannot generate a safe linker search path for target pxrUsd because there
      is a cycle in the constraint graph:
    
        dir 0 is [/local/S/jenkins/workspace/shared/Artifactory/Linux/rundev-2020/202004291615/runtime/91f4300/runTime/lib]
          dir 1 must precede it due to link library [libtbb.so]
        dir 1 is [/local/S/jenkins/workspace/shared/Artifactory/Linux/USD/df240d5/lib]
          dir 0 must precede it due to link library [libtbb.so]
    
      Some of these libraries may not be found correctly.
    Call Stack (most recent call first):
      plugin/pxr/cmake/macros/Public.cmake:131 (_pxr_library)
      plugin/pxr/cmake/macros/Public.cmake:166 (pxr_library)
      plugin/pxr/maya/plugin/pxrUsd/CMakeLists.txt:3 (pxr_plugin)
    
    
    CMake Warning at plugin/pxr/cmake/macros/Private.cmake:1060 (add_library):
      Cannot generate a safe runtime search path for target pxrUsd because there
      is a cycle in the constraint graph:
    
        dir 0 is [/home/S/jenkins/workspace/ecg-mayausd-branch-preflight-2020-linux/build/RelWithDebInfo/plugin/pxr/maya/lib/usdMaya]
        dir 1 is [/local/S/jenkins/workspace/shared/Artifactory/Linux/rundev-2020/202004291615/runtime/91f4300/runTime/lib]
          dir 2 must precede it due to runtime library [libufe_1.so]
          dir 4 must precede it due to runtime library [libtbb.so]
        dir 2 is [/local/S/jenkins/workspace/shared/Artifactory/Linux/rundev-2020/202004291615/runtime/91f4300/devkitBase/devkit/ufe/lib]
        dir 3 is [/home/S/jenkins/workspace/ecg-mayausd-branch-preflight-2020-linux/build/RelWithDebInfo/lib/mayaUsd]
        dir 4 is [/local/S/jenkins/workspace/shared/Artifactory/Linux/USD/df240d5/lib]
          dir 1 must precede it due to runtime library [libtbb.so]
        dir 5 is [/local/S/jenkins/workspace/shared/Artifactory/Linux/USD/df240d5/lib64]
        dir 6 is [/home/S/jenkins/workspace/ecg-mayausd-branch-preflight-2020-linux/build/RelWithDebInfo/lib/usd/utils]
    
      Some of these libraries may not be found correctly.
    Call Stack (most recent call first):
      plugin/pxr/cmake/macros/Public.cmake:131 (_pxr_library)
      plugin/pxr/cmake/macros/Public.cmake:166 (pxr_library)
      plugin/pxr/maya/plugin/pxrUsd/CMakeLists.txt:3 (pxr_plugin)
    
    
    CMake Warning at plugin/pxr/cmake/macros/Private.cmake:1060 (add_library):
      Cannot generate a safe linker search path for target pxrUsdPreviewSurface
      because there is a cycle in the constraint graph:
    
        dir 0 is [/local/S/jenkins/workspace/shared/Artifactory/Linux/rundev-2020/202004291615/runtime/91f4300/runTime/lib]
          dir 1 must precede it due to link library [libtbb.so]
        dir 1 is [/local/S/jenkins/workspace/shared/Artifactory/Linux/USD/df240d5/lib]
          dir 0 must precede it due to link library [libtbb.so]
    
      Some of these libraries may not be found correctly.
    Call Stack (most recent call first):
      plugin/pxr/cmake/macros/Public.cmake:131 (_pxr_library)
      plugin/pxr/cmake/macros/Public.cmake:166 (pxr_library)
      plugin/pxr/maya/plugin/pxrUsdPreviewSurface/CMakeLists.txt:3 (pxr_plugin)
    
    
    CMake Warning at plugin/pxr/cmake/macros/Private.cmake:1060 (add_library):
      Cannot generate a safe runtime search path for target pxrUsdPreviewSurface
      because there is a cycle in the constraint graph:
    
        dir 0 is [/home/S/jenkins/workspace/ecg-mayausd-branch-preflight-2020-linux/build/RelWithDebInfo/lib/usd/pxrUsdPreviewSurface]
        dir 1 is [/home/S/jenkins/workspace/ecg-mayausd-branch-preflight-2020-linux/build/RelWithDebInfo/lib/mayaUsd]
        dir 2 is [/local/S/jenkins/workspace/shared/Artifactory/Linux/rundev-2020/202004291615/runtime/91f4300/runTime/lib]
          dir 3 must precede it due to runtime library [libtbb.so]
          dir 5 must precede it due to runtime library [libufe_1.so]
        dir 3 is [/local/S/jenkins/workspace/shared/Artifactory/Linux/USD/df240d5/lib]
          dir 2 must precede it due to runtime library [libtbb.so]
        dir 4 is [/local/S/jenkins/workspace/shared/Artifactory/Linux/USD/df240d5/lib64]
        dir 5 is [/local/S/jenkins/workspace/shared/Artifactory/Linux/rundev-2020/202004291615/runtime/91f4300/devkitBase/devkit/ufe/lib]
        dir 6 is [/home/S/jenkins/workspace/ecg-mayausd-branch-preflight-2020-linux/build/RelWithDebInfo/lib/usd/utils]
    
      Some of these libraries may not be found correctly.
    Call Stack (most recent call first):
      plugin/pxr/cmake/macros/Public.cmake:131 (_pxr_library)
      plugin/pxr/cmake/macros/Public.cmake:166 (pxr_library)
      plugin/pxr/maya/plugin/pxrUsdPreviewSurface/CMakeLists.txt:3 (pxr_plugin)
    
    
    CMake Warning at plugin/al/mayatest/AL/maya/test/CMakeLists.txt:13 (add_library):
      Cannot generate a safe linker search path for target AL_MayaTest because
      there is a cycle in the constraint graph:
    
        dir 0 is [/local/S/jenkins/workspace/shared/Artifactory/Linux/rundev-2020/202004291615/runtime/91f4300/runTime/lib]
          dir 1 must precede it due to link library [libtbb.so]
        dir 1 is [/local/S/jenkins/workspace/shared/Artifactory/Linux/USD/df240d5/lib]
          dir 0 must precede it due to link library [libtbb.so]
    
      Some of these libraries may not be found correctly.
    
    
    CMake Warning at plugin/al/mayatest/AL/maya/test/CMakeLists.txt:13 (add_library):
      Cannot generate a safe runtime search path for target AL_MayaTest because
      there is a cycle in the constraint graph:
    
        dir 0 is [/home/S/jenkins/workspace/ecg-mayausd-branch-preflight-2020-linux/build/RelWithDebInfo/googletest-install/lib64]
        dir 1 is [/local/S/jenkins/workspace/shared/Artifactory/Linux/rundev-2020/202004291615/runtime/91f4300/runTime/lib]
          dir 2 must precede it due to runtime library [libtbb.so]
        dir 2 is [/local/S/jenkins/workspace/shared/Artifactory/Linux/USD/df240d5/lib]
          dir 1 must precede it due to runtime library [libtbb.so]
    
      Some of these libraries may not be found correctly.
    
    
    CMake Warning at plugin/al/mayautils/AL/maya/tests/mayaplugintest/CMakeLists.txt:5 (add_library):
      Cannot generate a safe linker search path for target AL_MayaUtilsTests
      because there is a cycle in the constraint graph:
    
        dir 0 is [/local/S/jenkins/workspace/shared/Artifactory/Linux/rundev-2020/202004291615/runtime/91f4300/runTime/lib]
          dir 1 must precede it due to link library [libtbb.so]
        dir 1 is [/local/S/jenkins/workspace/shared/Artifactory/Linux/USD/df240d5/lib]
          dir 0 must precede it due to link library [libtbb.so]
    
      Some of these libraries may not be found correctly.
    
    
    CMake Warning at plugin/al/mayautils/AL/maya/tests/mayaplugintest/CMakeLists.txt:5 (add_library):
      Cannot generate a safe runtime search path for target AL_MayaUtilsTests
      because there is a cycle in the constraint graph:
    
        dir 0 is [/home/S/jenkins/workspace/ecg-mayausd-branch-preflight-2020-linux/build/RelWithDebInfo/googletest-install/lib64]
        dir 1 is [/home/S/jenkins/workspace/ecg-mayausd-branch-preflight-2020-linux/build/RelWithDebInfo/plugin/al/mayatest/AL/maya/test]
        dir 2 is [/home/S/jenkins/workspace/ecg-mayausd-branch-preflight-2020-linux/build/RelWithDebInfo/plugin/al/mayautils/AL/maya]
        dir 3 is [/local/S/jenkins/workspace/shared/Artifactory/Linux/rundev-2020/202004291615/runtime/91f4300/runTime/lib]
          dir 6 must precede it due to runtime library [libtbb.so]
        dir 4 is [/home/S/jenkins/workspace/ecg-mayausd-branch-preflight-2020-linux/build/RelWithDebInfo/plugin/al/utils/AL]
        dir 5 is [/home/S/jenkins/workspace/ecg-mayausd-branch-preflight-2020-linux/build/RelWithDebInfo/lib/usd/utils]
        dir 6 is [/local/S/jenkins/workspace/shared/Artifactory/Linux/USD/df240d5/lib]
          dir 3 must precede it due to runtime library [libtbb.so]
    
      Some of these libraries may not be found correctly.
    
    
    CMake Warning at plugin/al/lib/AL_USDMaya/CMakeLists.txt:246 (add_library):
      Cannot generate a safe linker search path for target _AL_USDMaya because
      there is a cycle in the constraint graph:
    
        dir 0 is [/local/S/jenkins/workspace/shared/Artifactory/Linux/USD/df240d5/lib]
          dir 1 must precede it due to link library [libtbb.so]
        dir 1 is [/local/S/jenkins/workspace/shared/Artifactory/Linux/rundev-2020/202004291615/runtime/91f4300/runTime/lib]
          dir 0 must precede it due to link library [libtbb.so]
    
      Some of these libraries may not be found correctly.
    
    
    CMake Warning at plugin/al/lib/AL_USDMaya/CMakeLists.txt:246 (add_library):
      Cannot generate a safe runtime search path for target _AL_USDMaya because
      there is a cycle in the constraint graph:
    
        dir 0 is [/home/S/jenkins/workspace/ecg-mayausd-branch-preflight-2020-linux/build/RelWithDebInfo/plugin/al/lib/AL_USDMaya]
        dir 1 is [/home/S/jenkins/workspace/ecg-mayausd-branch-preflight-2020-linux/build/RelWithDebInfo/plugin/al/usdmayautils/AL/usdmaya/utils]
        dir 2 is [/home/S/jenkins/workspace/ecg-mayausd-branch-preflight-2020-linux/build/RelWithDebInfo/plugin/al/mayautils/AL/maya]
        dir 3 is [/home/S/jenkins/workspace/ecg-mayausd-branch-preflight-2020-linux/build/RelWithDebInfo/plugin/al/utils/AL]
        dir 4 is [/home/S/jenkins/workspace/ecg-mayausd-branch-preflight-2020-linux/build/RelWithDebInfo/plugin/al/usdtransaction/AL/usd/transaction]
        dir 5 is [/local/S/jenkins/workspace/shared/Artifactory/Linux/USD/df240d5/lib]
          dir 8 must precede it due to runtime library [libtbb.so]
        dir 6 is [/home/S/jenkins/workspace/ecg-mayausd-branch-preflight-2020-linux/build/RelWithDebInfo/lib/mayaUsd]
        dir 7 is [/home/S/jenkins/workspace/ecg-mayausd-branch-preflight-2020-linux/build/RelWithDebInfo/lib/usd/utils]
        dir 8 is [/local/S/jenkins/workspace/shared/Artifactory/Linux/rundev-2020/202004291615/runtime/91f4300/runTime/lib]
          dir 5 must precede it due to runtime library [libtbb.so]
          dir 10 must precede it due to runtime library [libufe_1.so]
        dir 9 is [/local/S/jenkins/workspace/shared/Artifactory/Linux/USD/df240d5/lib64]
        dir 10 is [/local/S/jenkins/workspace/shared/Artifactory/Linux/rundev-2020/202004291615/runtime/91f4300/devkitBase/devkit/ufe/lib]
    
      Some of these libraries may not be found correctly.
    
    
    CMake Warning at plugin/al/lib/AL_USDMaya/CMakeLists.txt:154 (add_library):
      Cannot generate a safe linker search path for target AL_USDMaya because
      there is a cycle in the constraint graph:
    
        dir 0 is [/local/S/jenkins/workspace/shared/Artifactory/Linux/USD/df240d5/lib]
          dir 1 must precede it due to link library [libtbb.so]
        dir 1 is [/local/S/jenkins/workspace/shared/Artifactory/Linux/rundev-2020/202004291615/runtime/91f4300/runTime/lib]
          dir 0 must precede it due to link library [libtbb.so]
    
      Some of these libraries may not be found correctly.
    
    
    CMake Warning at plugin/al/lib/AL_USDMaya/CMakeLists.txt:154 (add_library):
      Cannot generate a safe runtime search path for target AL_USDMaya because
      there is a cycle in the constraint graph:
    
        dir 0 is [/home/S/jenkins/workspace/ecg-mayausd-branch-preflight-2020-linux/build/RelWithDebInfo/plugin/al/usdmayautils/AL/usdmaya/utils]
        dir 1 is [/home/S/jenkins/workspace/ecg-mayausd-branch-preflight-2020-linux/build/RelWithDebInfo/plugin/al/mayautils/AL/maya]
        dir 2 is [/home/S/jenkins/workspace/ecg-mayausd-branch-preflight-2020-linux/build/RelWithDebInfo/plugin/al/usdtransaction/AL/usd/transaction]
        dir 3 is [/local/S/jenkins/workspace/shared/Artifactory/Linux/USD/df240d5/lib]
          dir 4 must precede it due to runtime library [libtbb.so]
        dir 4 is [/local/S/jenkins/workspace/shared/Artifactory/Linux/rundev-2020/202004291615/runtime/91f4300/runTime/lib]
          dir 3 must precede it due to runtime library [libtbb.so]
          dir 6 must precede it due to runtime library [libufe_1.so]
        dir 5 is [/home/S/jenkins/workspace/ecg-mayausd-branch-preflight-2020-linux/build/RelWithDebInfo/lib/mayaUsd]
        dir 6 is [/local/S/jenkins/workspace/shared/Artifactory/Linux/rundev-2020/202004291615/runtime/91f4300/devkitBase/devkit/ufe/lib]
        dir 7 is [/home/S/jenkins/workspace/ecg-mayausd-branch-preflight-2020-linux/build/RelWithDebInfo/plugin/al/utils/AL]
        dir 8 is [/home/S/jenkins/workspace/ecg-mayausd-branch-preflight-2020-linux/build/RelWithDebInfo/lib/usd/utils]
        dir 9 is [/local/S/jenkins/workspace/shared/Artifactory/Linux/USD/df240d5/lib64]
    
      Some of these libraries may not be found correctly.
    
    
    CMake Warning at plugin/al/plugin/AL_USDMayaPlugin/CMakeLists.txt:3 (add_library):
      Cannot generate a safe linker search path for target AL_USDMayaPlugin
      because there is a cycle in the constraint graph:
    
        dir 0 is [/local/S/jenkins/workspace/shared/Artifactory/Linux/rundev-2020/202004291615/runtime/91f4300/runTime/lib]
          dir 1 must precede it due to link library [libtbb.so]
        dir 1 is [/local/S/jenkins/workspace/shared/Artifactory/Linux/USD/df240d5/lib]
          dir 0 must precede it due to link library [libtbb.so]
    
      Some of these libraries may not be found correctly.
    
    
    CMake Warning at plugin/al/plugin/AL_USDMayaPlugin/CMakeLists.txt:3 (add_library):
      Cannot generate a safe runtime search path for target AL_USDMayaPlugin
      because there is a cycle in the constraint graph:
    
        dir 0 is [/home/S/jenkins/workspace/ecg-mayausd-branch-preflight-2020-linux/build/RelWithDebInfo/plugin/al/lib/AL_USDMaya]
        dir 1 is [/local/S/jenkins/workspace/shared/Artifactory/Linux/rundev-2020/202004291615/runtime/91f4300/runTime/lib]
          dir 6 must precede it due to runtime library [libtbb.so]
          dir 10 must precede it due to runtime library [libufe_1.so]
        dir 2 is [/home/S/jenkins/workspace/ecg-mayausd-branch-preflight-2020-linux/build/RelWithDebInfo/plugin/al/usdmayautils/AL/usdmaya/utils]
        dir 3 is [/home/S/jenkins/workspace/ecg-mayausd-branch-preflight-2020-linux/build/RelWithDebInfo/plugin/al/mayautils/AL/maya]
        dir 4 is [/home/S/jenkins/workspace/ecg-mayausd-branch-preflight-2020-linux/build/RelWithDebInfo/plugin/al/utils/AL]
        dir 5 is [/home/S/jenkins/workspace/ecg-mayausd-branch-preflight-2020-linux/build/RelWithDebInfo/plugin/al/usdtransaction/AL/usd/transaction]
        dir 6 is [/local/S/jenkins/workspace/shared/Artifactory/Linux/USD/df240d5/lib]
          dir 1 must precede it due to runtime library [libtbb.so]
        dir 7 is [/home/S/jenkins/workspace/ecg-mayausd-branch-preflight-2020-linux/build/RelWithDebInfo/lib/mayaUsd]
        dir 8 is [/home/S/jenkins/workspace/ecg-mayausd-branch-preflight-2020-linux/build/RelWithDebInfo/lib/usd/utils]
        dir 9 is [/local/S/jenkins/workspace/shared/Artifactory/Linux/USD/df240d5/lib64]
        dir 10 is [/local/S/jenkins/workspace/shared/Artifactory/Linux/rundev-2020/202004291615/runtime/91f4300/devkitBase/devkit/ufe/lib]
    
      Some of these libraries may not be found correctly.
    
    
    CMake Warning at plugin/al/plugin/AL_USDMayaTestPlugin/CMakeLists.txt:5 (add_library):
      Cannot generate a safe linker search path for target AL_USDMayaTestPlugin
      because there is a cycle in the constraint graph:
    
        dir 0 is [/local/S/jenkins/workspace/shared/Artifactory/Linux/rundev-2020/202004291615/runtime/91f4300/runTime/lib]
          dir 1 must precede it due to link library [libtbb.so]
        dir 1 is [/local/S/jenkins/workspace/shared/Artifactory/Linux/USD/df240d5/lib]
          dir 0 must precede it due to link library [libtbb.so]
    
      Some of these libraries may not be found correctly.
    
    
    CMake Warning at plugin/al/plugin/AL_USDMayaTestPlugin/CMakeLists.txt:5 (add_library):
      Cannot generate a safe runtime search path for target AL_USDMayaTestPlugin
      because there is a cycle in the constraint graph:
    
        dir 0 is [/home/S/jenkins/workspace/ecg-mayausd-branch-preflight-2020-linux/build/RelWithDebInfo/plugin/al/lib/AL_USDMaya]
        dir 1 is [/home/S/jenkins/workspace/ecg-mayausd-branch-preflight-2020-linux/build/RelWithDebInfo/plugin/al/mayatest/AL/maya/test]
        dir 2 is [/home/S/jenkins/workspace/ecg-mayausd-branch-preflight-2020-linux/build/RelWithDebInfo/plugin/al/schemas/AL/usd/schemas/maya]
        dir 3 is [/home/S/jenkins/workspace/ecg-mayausd-branch-preflight-2020-linux/build/RelWithDebInfo/plugin/al/schemas/AL/usd/schemas/mayatest]
        dir 4 is [/home/S/jenkins/workspace/ecg-mayausd-branch-preflight-2020-linux/build/RelWithDebInfo/googletest-install/lib64]
        dir 5 is [/home/S/jenkins/workspace/ecg-mayausd-branch-preflight-2020-linux/build/RelWithDebInfo/plugin/al/usdmayautils/AL/usdmaya/utils]
        dir 6 is [/home/S/jenkins/workspace/ecg-mayausd-branch-preflight-2020-linux/build/RelWithDebInfo/plugin/al/mayautils/AL/maya]
        dir 7 is [/home/S/jenkins/workspace/ecg-mayausd-branch-preflight-2020-linux/build/RelWithDebInfo/plugin/al/utils/AL]
        dir 8 is [/home/S/jenkins/workspace/ecg-mayausd-branch-preflight-2020-linux/build/RelWithDebInfo/plugin/al/usdtransaction/AL/usd/transaction]
        dir 9 is [/local/S/jenkins/workspace/shared/Artifactory/Linux/USD/df240d5/lib]
          dir 14 must precede it due to runtime library [libtbb.so]
        dir 10 is [/home/S/jenkins/workspace/ecg-mayausd-branch-preflight-2020-linux/build/RelWithDebInfo/lib/mayaUsd]
        dir 11 is [/home/S/jenkins/workspace/ecg-mayausd-branch-preflight-2020-linux/build/RelWithDebInfo/lib/usd/utils]
        dir 12 is [/local/S/jenkins/workspace/shared/Artifactory/Linux/USD/df240d5/lib64]
        dir 13 is [/local/S/jenkins/workspace/shared/Artifactory/Linux/rundev-2020/202004291615/runtime/91f4300/devkitBase/devkit/ufe/lib]
        dir 14 is [/local/S/jenkins/workspace/shared/Artifactory/Linux/rundev-2020/202004291615/runtime/91f4300/runTime/lib]
          dir 9 must precede it due to runtime library [libtbb.so]
          dir 13 must precede it due to runtime library [libufe_1.so]
    
      Some of these libraries may not be found correctly.
    
    
    CMake Warning at plugin/al/translators/CMakeLists.txt:16 (add_library):
      Cannot generate a safe linker search path for target AL_USDMayaTranslators
      because there is a cycle in the constraint graph:
    
        dir 0 is [/local/S/jenkins/workspace/shared/Artifactory/Linux/rundev-2020/202004291615/runtime/91f4300/runTime/lib]
          dir 1 must precede it due to link library [libtbb.so]
        dir 1 is [/local/S/jenkins/workspace/shared/Artifactory/Linux/USD/df240d5/lib]
          dir 0 must precede it due to link library [libtbb.so]
    
      Some of these libraries may not be found correctly.
    
    
    CMake Warning at plugin/al/translators/CMakeLists.txt:16 (add_library):
      Cannot generate a safe runtime search path for target AL_USDMayaTranslators
      because there is a cycle in the constraint graph:
    
        dir 0 is [/home/S/jenkins/workspace/ecg-mayausd-branch-preflight-2020-linux/build/RelWithDebInfo/plugin/al/lib/AL_USDMaya]
        dir 1 is [/home/S/jenkins/workspace/ecg-mayausd-branch-preflight-2020-linux/build/RelWithDebInfo/plugin/al/schemas/AL/usd/schemas/maya]
        dir 2 is [/home/S/jenkins/workspace/ecg-mayausd-branch-preflight-2020-linux/build/RelWithDebInfo/lib/mayaUsd]
        dir 3 is [/home/S/jenkins/workspace/ecg-mayausd-branch-preflight-2020-linux/build/RelWithDebInfo/lib/usd/schemas]
        dir 4 is [/local/S/jenkins/workspace/shared/Artifactory/Linux/USD/df240d5/lib]
          dir 5 must precede it due to runtime library [libtbb.so]
        dir 5 is [/local/S/jenkins/workspace/shared/Artifactory/Linux/rundev-2020/202004291615/runtime/91f4300/runTime/lib]
          dir 4 must precede it due to runtime library [libtbb.so]
          dir 12 must precede it due to runtime library [libufe_1.so]
        dir 6 is [/home/S/jenkins/workspace/ecg-mayausd-branch-preflight-2020-linux/build/RelWithDebInfo/plugin/al/usdmayautils/AL/usdmaya/utils]
        dir 7 is [/home/S/jenkins/workspace/ecg-mayausd-branch-preflight-2020-linux/build/RelWithDebInfo/plugin/al/mayautils/AL/maya]
        dir 8 is [/home/S/jenkins/workspace/ecg-mayausd-branch-preflight-2020-linux/build/RelWithDebInfo/plugin/al/utils/AL]
        dir 9 is [/home/S/jenkins/workspace/ecg-mayausd-branch-preflight-2020-linux/build/RelWithDebInfo/lib/usd/utils]
        dir 10 is [/home/S/jenkins/workspace/ecg-mayausd-branch-preflight-2020-linux/build/RelWithDebInfo/plugin/al/usdtransaction/AL/usd/transaction]
        dir 11 is [/local/S/jenkins/workspace/shared/Artifactory/Linux/USD/df240d5/lib64]
        dir 12 is [/local/S/jenkins/workspace/shared/Artifactory/Linux/rundev-2020/202004291615/runtime/91f4300/devkitBase/devkit/ufe/lib]
    
      Some of these libraries may not be found correctly.
    
    
    CMake Warning at plugin/al/translators/pxrUsdTranslators/CMakeLists.txt:27 (add_library):
      Cannot generate a safe linker search path for target
      AL_USDMayaPxrTranslators because there is a cycle in the constraint graph:
    
        dir 0 is [/local/S/jenkins/workspace/shared/Artifactory/Linux/rundev-2020/202004291615/runtime/91f4300/runTime/lib]
          dir 1 must precede it due to link library [libtbb.so]
        dir 1 is [/local/S/jenkins/workspace/shared/Artifactory/Linux/USD/df240d5/lib]
          dir 0 must precede it due to link library [libtbb.so]
    
      Some of these libraries may not be found correctly.
    
    
    CMake Warning at plugin/al/translators/pxrUsdTranslators/CMakeLists.txt:27 (add_library):
      Cannot generate a safe runtime search path for target
      AL_USDMayaPxrTranslators because there is a cycle in the constraint graph:
    
        dir 0 is [/home/S/jenkins/workspace/ecg-mayausd-branch-preflight-2020-linux/build/RelWithDebInfo/plugin/al/schemas/AL/usd/schemas/maya]
        dir 1 is [/home/S/jenkins/workspace/ecg-mayausd-branch-preflight-2020-linux/build/RelWithDebInfo/lib/usd/schemas]
        dir 2 is [/home/S/jenkins/workspace/ecg-mayausd-branch-preflight-2020-linux/build/RelWithDebInfo/plugin/al/lib/AL_USDMaya]
        dir 3 is [/home/S/jenkins/workspace/ecg-mayausd-branch-preflight-2020-linux/build/RelWithDebInfo/plugin/pxr/maya/lib/usdMaya]
        dir 4 is [/home/S/jenkins/workspace/ecg-mayausd-branch-preflight-2020-linux/build/RelWithDebInfo/plugin/al/usdmayautils/AL/usdmaya/utils]
        dir 5 is [/home/S/jenkins/workspace/ecg-mayausd-branch-preflight-2020-linux/build/RelWithDebInfo/plugin/al/mayautils/AL/maya]
        dir 6 is [/home/S/jenkins/workspace/ecg-mayausd-branch-preflight-2020-linux/build/RelWithDebInfo/plugin/al/utils/AL]
        dir 7 is [/home/S/jenkins/workspace/ecg-mayausd-branch-preflight-2020-linux/build/RelWithDebInfo/plugin/al/usdtransaction/AL/usd/transaction]
        dir 8 is [/local/S/jenkins/workspace/shared/Artifactory/Linux/USD/df240d5/lib]
          dir 13 must precede it due to runtime library [libtbb.so]
        dir 9 is [/home/S/jenkins/workspace/ecg-mayausd-branch-preflight-2020-linux/build/RelWithDebInfo/lib/mayaUsd]
        dir 10 is [/home/S/jenkins/workspace/ecg-mayausd-branch-preflight-2020-linux/build/RelWithDebInfo/lib/usd/utils]
        dir 11 is [/local/S/jenkins/workspace/shared/Artifactory/Linux/rundev-2020/202004291615/runtime/91f4300/devkitBase/devkit/ufe/lib]
        dir 12 is [/local/S/jenkins/workspace/shared/Artifactory/Linux/USD/df240d5/lib64]
        dir 13 is [/local/S/jenkins/workspace/shared/Artifactory/Linux/rundev-2020/202004291615/runtime/91f4300/runTime/lib]
          dir 8 must precede it due to runtime library [libtbb.so]
          dir 11 must precede it due to runtime library [libufe_1.so]
    
      Some of these libraries may not be found correctly.
    
    
    CMake Warning at plugin/adsk/plugin/CMakeLists.txt:18 (add_library):
      Cannot generate a safe linker search path for target mayaUsdPlugin because
      there is a cycle in the constraint graph:
    
        dir 0 is [/local/S/jenkins/workspace/shared/Artifactory/Linux/rundev-2020/202004291615/runtime/91f4300/runTime/lib]
          dir 1 must precede it due to link library [libtbb.so]
        dir 1 is [/local/S/jenkins/workspace/shared/Artifactory/Linux/USD/df240d5/lib]
          dir 0 must precede it due to link library [libtbb.so]
    
      Some of these libraries may not be found correctly.
    
    
    CMake Warning at plugin/adsk/plugin/CMakeLists.txt:18 (add_library):
      Cannot generate a safe runtime search path for target mayaUsdPlugin because
      there is a cycle in the constraint graph:
    
        dir 0 is [/local/S/jenkins/workspace/shared/Artifactory/Linux/rundev-2020/202004291615/runtime/91f4300/devkitBase/devkit/ufe/lib]
        dir 1 is [/home/S/jenkins/workspace/ecg-mayausd-branch-preflight-2020-linux/build/RelWithDebInfo/lib/usd/pxrUsdPreviewSurface]
        dir 2 is [/home/S/jenkins/workspace/ecg-mayausd-branch-preflight-2020-linux/build/RelWithDebInfo/lib/usd/ui]
        dir 3 is [/home/S/jenkins/workspace/ecg-mayausd-branch-preflight-2020-linux/build/RelWithDebInfo/lib/mayaUsd]
        dir 4 is [/local/S/jenkins/workspace/shared/Artifactory/Linux/USD/df240d5/lib]
          dir 6 must precede it due to runtime library [libtbb.so]
        dir 5 is [/local/S/jenkins/workspace/shared/Artifactory/Linux/USD/df240d5/lib64]
        dir 6 is [/local/S/jenkins/workspace/shared/Artifactory/Linux/rundev-2020/202004291615/runtime/91f4300/runTime/lib]
          dir 0 must precede it due to runtime library [libufe_1.so]
          dir 4 must precede it due to runtime library [libtbb.so]
          dir 8 must precede it due to runtime library [libQt5Widgets.so.5]
        dir 7 is [/home/S/jenkins/workspace/ecg-mayausd-branch-preflight-2020-linux/build/RelWithDebInfo/lib/usd/utils]
        dir 8 is [/local/S/jenkins/workspace/shared/Artifactory/Linux/qt/5.12.5/84f551b/lib]
    
      Some of these libraries may not be found correctly.
    
    
    -- Generating done
    -- Build files have been written to: /home/S/jenkins/workspace/ecg-mayausd-branch-preflight-2020-linux/build/RelWithDebInfo
    
        Building with settings:
          Source directory          /home/S/jenkins/workspace/ecg-mayausd-branch-preflight-2020-linux/ecg-maya-usd/maya-usd
          Workspace directory       /local/S/jenkins/workspace/ecg-mayausd-branch-preflight-2020-linux
          Build directory           /local/S/jenkins/workspace/ecg-mayausd-branch-preflight-2020-linux/build/RelWithDebInfo
          Install directory         /local/S/jenkins/workspace/ecg-mayausd-branch-preflight-2020-linux/install/RelWithDebInfo/MayaUSD
          Variant                   RelWithDebInfo
          Python Debug              Off
          CMake generator           Ninja
          Build arguments           ['-DCMAKE_MAKE_PROGRAM=/local/S/jenkins/workspace/shared/Artifactory/Linux/ninja/1.9.0/aca9939/ninja', '-DPYTHON_INCLUDE_DIR=/local/S/jenkins/workspace/shared/Artifactory/Linux/rundev-2020/202004291615/runtime/91f4300/runTime/include/Python', '-DPython_EXECUTABLE=/local/S/jenkins/workspace/shared/Artifactory/Linux/rundev-2020/202004291615/runtime/91f4300/runTime/bin/mayapy', '-DPYTHON_LIBRARIES=/local/S/jenkins/workspace/shared/Artifactory/Linux/rundev-2020/202004291615/runtime/91f4300/runTime/lib/libpython2.7.so.1.0', '-DMAYAUSD_TO_USD_RELATIVE_PATH=../USD']
          Stages arguments          ['configure']
          CTest arguments           ['-E testUsdReferenceAssemblySelection|testUsdMayaAppDir|testUsdMayaReadWriteUtils', '-LE interactive']
    Success MayaUSD build and install !!!!
    Elapsed time: 00:00:38
[Pipeline] }
[Pipeline] // withEnv
[Pipeline] }
[Pipeline] // stage
[Pipeline] }
[Pipeline] // timestamps
[Pipeline] }
[Pipeline] // timeout
[Pipeline] timeout
Timeout set to expire in 6 hr 0 min
[Pipeline] {
[Pipeline] timestamps
[Pipeline] {
[Pipeline] stage
[Pipeline] { (Build)
[Pipeline] withEnv
[Pipeline] {
[Pipeline] sh
[ecg-mayausd-branch-preflight-2020-linux] Running shell script
+ scl enable devtoolset-6 -
python ecg-maya-usd/build.py --stages=build --workspace-dir=/local/S/jenkins/workspace/ecg-mayausd-branch-preflight-2020-linux --artifactory-dir=/local/S/jenkins/workspace/shared/Artifactory --build-dir=/local/S/jenkins/workspace/ecg-mayausd-branch-preflight-2020-linux/build --install-dir=/local/S/jenkins/workspace/ecg-mayausd-branch-preflight-2020-linux/install --signing-dir=/local/S/jenkins/workspace/ecg-mayausd-branch-preflight-2020-linux/signing --package-dir=/local/S/jenkins/workspace/ecg-mayausd-branch-preflight-2020-linux/package --output-dir=/local/S/jenkins/workspace/ecg-mayausd-branch-preflight-2020-linux/output --stash-dir=/local/S/jenkins/workspace/ecg-mayausd-branch-preflight-2020-linux/stash --jenkins-build=440 --git-commit=2e749849f820dc28ea6650054b7a4ca22d74ee66 --git-branch=master --variants=RelWithDebInfo --python=2 --build-retry=3 --maya-cut-config=maya-rundev-2020.yaml --stage-banner
Using Maya cut from /local/S/jenkins/workspace/shared/Artifactory/Linux/rundev-2020/202004291615/runtime/91f4300

================================================================================
                             build (RelWithDebInfo)
================================================================================
running build stage....................
Maya Python RelWithDebInfo Info:
  mayapy executable   = /local/S/jenkins/workspace/shared/Artifactory/Linux/rundev-2020/202004291615/runtime/91f4300/runTime/bin/mayapy
  Include Folder      = /local/S/jenkins/workspace/shared/Artifactory/Linux/rundev-2020/202004291615/runtime/91f4300/runTime/include/Python
  Library             = /local/S/jenkins/workspace/shared/Artifactory/Linux/rundev-2020/202004291615/runtime/91f4300/runTime/lib/libpython2.7.so.1.0
  site-package Folder = /local/S/jenkins/workspace/shared/Artifactory/Linux/rundev-2020/202004291615/runtime/91f4300/runTime/lib/python2.7/site-packages
In workdir: /home/S/jenkins/workspace/ecg-mayausd-branch-preflight-2020-linux/ecg-maya-usd/maya-usd
Executing: /local/S/jenkins/workspace/shared/Artifactory/Linux/rundev-2020/202004291615/runtime/91f4300/runTime/bin/mayapy /home/S/jenkins/workspace/ecg-mayausd-branch-preflight-2020-linux/ecg-maya-usd/maya-usd/build.py --generator Ninja --build-relwithdebug --maya-location /local/S/jenkins/workspace/shared/Artifactory/Linux/rundev-2020/202004291615/runtime/91f4300/runTime --devkit-location /local/S/jenkins/workspace/shared/Artifactory/Linux/rundev-2020/202004291615/runtime/91f4300/devkitBase --pxrusd-location /local/S/jenkins/workspace/shared/Artifactory/Linux/USD/df240d5 --qt-location /local/S/jenkins/workspace/shared/Artifactory/Linux/qt/5.12.5/84f551b --build-args=-DCMAKE_MAKE_PROGRAM=/local/S/jenkins/workspace/shared/Artifactory/Linux/ninja/1.9.0/aca9939/ninja,-DPYTHON_INCLUDE_DIR=/local/S/jenkins/workspace/shared/Artifactory/Linux/rundev-2020/202004291615/runtime/91f4300/runTime/include/Python,-DPython_EXECUTABLE=/local/S/jenkins/workspace/shared/Artifactory/Linux/rundev-2020/202004291615/runtime/91f4300/runTime/bin/mayapy,-DPYTHON_LIBRARIES=/local/S/jenkins/workspace/shared/Artifactory/Linux/rundev-2020/202004291615/runtime/91f4300/runTime/lib/libpython2.7.so.1.0,-DMAYAUSD_TO_USD_RELATIVE_PATH=../USD '--ctest-args=-E testUsdReferenceAssemblySelection|testUsdMayaAppDir|testUsdMayaReadWriteUtils,-LE interactive' --stages=build --redirect-outstream-file=False --install-location /local/S/jenkins/workspace/ecg-mayausd-branch-preflight-2020-linux/install/RelWithDebInfo/MayaUSD /local/S/jenkins/workspace/ecg-mayausd-branch-preflight-2020-linux
Modified environment variables:
    PATH=/local/S/jenkins/workspace/shared/Artifactory/Linux/cmake/3.14.4/656573b/bin:/opt/rh/devtoolset-6/root/usr/bin:/usr/local/bin:/usr/bin
    LD_LIBRARY_PATH=/opt/rh/devtoolset-6/root/usr/lib64:/opt/rh/devtoolset-6/root/usr/lib64:/opt/rh/devtoolset-6/root/usr/lib
    [1/538] Running utility command for MAYAUSD_UNDO_TEST
    [2/538] Running utility command for MAYAUSD_NODES_TEST
    [3/538] Running utility command for MAYAUSD_SCHEMA_TEST
    [4/538] Running utility command for MAYAUSD_TEST
    [5/538] Running utility command for PYTHON_TEST_UTILS
    [6/538] Running utility command for MAYAUSD_PXR_USD_PREVIEW_SURFACE_TEST
    [7/538] Running utility command for UFE_TEST
    [8/538] Running utility command for PYTHON_TEST_SAMPLES
    [9/538] Building CXX object test/lib/usd/plugin/CMakeFiles/usdTestMayaPlugin.dir/plugin.cpp.o
    [10/538] Building CXX object lib/mayaUsd/CMakeFiles/mayaUsd.dir/base/tokens.cpp.o
    [11/538] Running utility command for MAYAUSD_RENDER_PXRUSDMAYAGL_TEST
    [12/538] Running utility command for IMPORT_EXPORT_TEST
    [13/538] Building CXX object test/lib/usd/utils/CMakeFiles/DiffCore.dir/main.cpp.o
    [14/538] Building CXX object lib/mayaUsd/CMakeFiles/mayaUsd.dir/base/debugCodes.cpp.o
    [15/538] Building CXX object test/lib/usd/utils/CMakeFiles/DiffCore.dir/test_DiffCore.cpp.o
    [16/538] Building CXX object lib/mayaUsd/CMakeFiles/mayaUsd.dir/fileio/primUpdater.cpp.o
    [17/538] Building CXX object lib/mayaUsd/CMakeFiles/mayaUsd.dir/commands/editTargetCommand.cpp.o
    [18/538] Building CXX object lib/mayaUsd/CMakeFiles/mayaUsd.dir/fileio/primReaderArgs.cpp.o
    [19/538] Building CXX object lib/mayaUsd/CMakeFiles/mayaUsd.dir/fileio/fallbackPrimReader.cpp.o
    [20/538] Building CXX object lib/mayaUsd/CMakeFiles/mayaUsd.dir/fileio/primReader.cpp.o
    [21/538] Building CXX object test/lib/usd/plugin/CMakeFiles/usdTestMayaPlugin.dir/mayaShaderTranslation.cpp.o
    [22/538] Building CXX object lib/mayaUsd/CMakeFiles/mayaUsd.dir/fileio/functorPrimReader.cpp.o
    [23/538] Building CXX object lib/mayaUsd/CMakeFiles/mayaUsd.dir/commands/baseImportCommand.cpp.o
    [24/538] Building CXX object lib/mayaUsd/CMakeFiles/mayaUsd.dir/commands/layerEditorCommand.cpp.o
    [25/538] Building CXX object lib/mayaUsd/CMakeFiles/mayaUsd.dir/fileio/importData.cpp.o
    [26/538] Building CXX object lib/mayaUsd/CMakeFiles/mayaUsd.dir/commands/baseExportCommand.cpp.o
    [27/538] Building CXX object test/lib/usd/plugin/CMakeFiles/usdTestUsdPlugin.dir/mayaShaderTranslation.cpp.o
    [28/538] Building CXX object lib/mayaUsd/CMakeFiles/mayaUsd.dir/commands/baseListShadingModesCommand.cpp.o
    [29/538] Building CXX object lib/mayaUsd/CMakeFiles/mayaUsd.dir/fileio/functorPrimWriter.cpp.o
    [30/538] Building CXX object lib/mayaUsd/CMakeFiles/mayaUsd.dir/fileio/instancedNodeWriter.cpp.o
    [31/538] Building CXX object lib/mayaUsd/CMakeFiles/mayaUsd.dir/fileio/primReaderContext.cpp.o
    [32/538] Building CXX object lib/mayaUsd/CMakeFiles/mayaUsd.dir/fileio/primUpdaterContext.cpp.o
    [33/538] Building CXX object lib/mayaUsd/CMakeFiles/mayaUsd.dir/fileio/registryHelper.cpp.o
    [34/538] Building CXX object lib/mayaUsd/CMakeFiles/mayaUsd.dir/fileio/chaser/chaser.cpp.o
    [35/538] Building CXX object lib/mayaUsd/CMakeFiles/mayaUsd.dir/fileio/shaderReader.cpp.o
    [36/538] Building CXX object lib/mayaUsd/CMakeFiles/mayaUsd.dir/fileio/primWriterContext.cpp.o
    [37/538] Building CXX object lib/mayaUsd/CMakeFiles/mayaUsd.dir/fileio/primReaderRegistry.cpp.o
    [38/538] Building CXX object lib/mayaUsd/CMakeFiles/mayaUsd.dir/fileio/shaderWriter.cpp.o
    [39/538] Building CXX object lib/mayaUsd/CMakeFiles/mayaUsd.dir/fileio/primWriterArgs.cpp.o
    [40/538] Building CXX object lib/mayaUsd/CMakeFiles/mayaUsd.dir/fileio/primUpdaterRegistry.cpp.o
    [41/538] Building CXX object lib/mayaUsd/CMakeFiles/mayaUsd.dir/fileio/shaderReaderRegistry.cpp.o
    [42/538] Building CXX object lib/mayaUsd/CMakeFiles/mayaUsd.dir/fileio/primWriterRegistry.cpp.o
    [43/538] Building CXX object lib/mayaUsd/CMakeFiles/mayaUsd.dir/fileio/primWriter.cpp.o
    [44/538] Building CXX object lib/mayaUsd/CMakeFiles/mayaUsd.dir/fileio/shaderWriterRegistry.cpp.o
    [45/538] Building CXX object lib/mayaUsd/CMakeFiles/mayaUsd.dir/fileio/jobs/jobArgs.cpp.o
    [46/538] Building CXX object lib/mayaUsd/CMakeFiles/mayaUsd.dir/fileio/shading/shadingModeExporterContext.cpp.o
    [47/538] Building CXX object lib/mayaUsd/CMakeFiles/mayaUsd.dir/fileio/transformWriter.cpp.o
    [48/538] Building CXX object lib/mayaUsd/CMakeFiles/mayaUsd.dir/fileio/writeJobContext.cpp.o
    [49/538] Building CXX object lib/mayaUsd/CMakeFiles/mayaUsd.dir/fileio/chaser/chaserRegistry.cpp.o
    [50/538] Building CXX object lib/mayaUsd/CMakeFiles/mayaUsd.dir/fileio/shading/shadingModeImporter.cpp.o
    [51/538] Building CXX object lib/mayaUsd/CMakeFiles/mayaUsd.dir/fileio/shading/shadingModeExporter.cpp.o
    [52/538] Building CXX object lib/mayaUsd/CMakeFiles/mayaUsd.dir/fileio/shading/shadingModeDisplayColor.cpp.o
    [53/538] Building CXX object lib/mayaUsd/CMakeFiles/mayaUsd.dir/fileio/jobs/modelKindProcessor.cpp.o
    [54/538] Building CXX object lib/mayaUsd/CMakeFiles/mayaUsd.dir/fileio/shading/symmetricShaderReader.cpp.o
    [55/538] Building CXX object lib/mayaUsd/CMakeFiles/mayaUsd.dir/fileio/shading/shadingModeRegistry.cpp.o
    [56/538] Building CXX object lib/mayaUsd/CMakeFiles/mayaUsd.dir/fileio/shading/shadingModePxrRis.cpp.o
    [57/538] Building CXX object lib/mayaUsd/CMakeFiles/mayaUsd.dir/fileio/jobs/readJob.cpp.o
    [58/538] Building CXX object lib/mayaUsd/CMakeFiles/mayaUsd.dir/fileio/jobs/writeJob.cpp.o
    [59/538] Building CXX object lib/mayaUsd/CMakeFiles/mayaUsd.dir/fileio/shading/symmetricShaderWriter.cpp.o
    [60/538] Building CXX object lib/mayaUsd/CMakeFiles/mayaUsd.dir/fileio/shading/shadingModeUseRegistry.cpp.o
    [61/538] Building CXX object lib/mayaUsd/CMakeFiles/mayaUsd.dir/fileio/translators/skelBindingsProcessor.cpp.o
    [62/538] Building CXX object lib/mayaUsd/CMakeFiles/mayaUsd.dir/fileio/translators/translatorGprim.cpp.o
    [63/538] Building CXX object lib/mayaUsd/CMakeFiles/mayaUsd.dir/fileio/translators/translatorCurves.cpp.o
    [64/538] Building CXX object lib/mayaUsd/CMakeFiles/mayaUsd.dir/fileio/translators/translatorCamera.cpp.o
    [65/538] Building CXX object lib/mayaUsd/CMakeFiles/mayaUsd.dir/fileio/translators/translatorMayaReference.cpp.o
    [66/538] Building CXX object lib/mayaUsd/CMakeFiles/mayaUsd.dir/fileio/translators/translatorMaterial.cpp.o
    [67/538] Building CXX object lib/mayaUsd/CMakeFiles/mayaUsd.dir/fileio/translators/translatorPrim.cpp.o
    [68/538] Building CXX object lib/mayaUsd/CMakeFiles/mayaUsd.dir/fileio/translators/translatorMesh.cpp.o
    [69/538] Building CXX object lib/mayaUsd/CMakeFiles/mayaUsd.dir/listeners/notice.cpp.o
    [70/538] Building CXX object lib/mayaUsd/CMakeFiles/mayaUsd.dir/fileio/translators/translatorUtil.cpp.o
    [71/538] Building CXX object lib/mayaUsd/CMakeFiles/mayaUsd.dir/fileio/translators/translatorXformable_decompose.cpp.o
    [72/538] Building CXX object lib/mayaUsd/CMakeFiles/mayaUsd.dir/fileio/translators/translatorNurbsPatch.cpp.o
    [73/538] Building CXX object lib/mayaUsd/CMakeFiles/mayaUsd.dir/fileio/translators/translatorXformable.cpp.o
    [74/538] Building CXX object lib/mayaUsd/CMakeFiles/mayaUsd.dir/fileio/translators/translatorRfMLight.cpp.o
    [75/538] Building CXX object lib/mayaUsd/CMakeFiles/mayaUsd.dir/fileio/translators/translatorSkel.cpp.o
    [76/538] Building CXX object lib/mayaUsd/CMakeFiles/mayaUsd.dir/fileio/utils/readUtil.cpp.o
    [77/538] Building CXX object lib/mayaUsd/CMakeFiles/mayaUsd.dir/fileio/utils/jointWriteUtils.cpp.o
    [78/538] Building CXX object lib/mayaUsd/CMakeFiles/mayaUsd.dir/fileio/utils/adaptor.cpp.o
    [79/538] Building CXX object lib/mayaUsd/CMakeFiles/mayaUsd.dir/fileio/utils/meshReadUtils.cpp.o
    [80/538] Building CXX object lib/mayaUsd/CMakeFiles/mayaUsd.dir/fileio/utils/shadingUtil.cpp.o
    [81/538] Building CXX object lib/mayaUsd/CMakeFiles/mayaUsd.dir/fileio/utils/roundTripUtil.cpp.o
    [82/538] Building CXX object lib/mayaUsd/CMakeFiles/mayaUsd.dir/fileio/utils/meshWriteUtils.cpp.o
    [83/538] Building CXX object lib/mayaUsd/CMakeFiles/mayaUsd.dir/nodes/hdImagingShape.cpp.o
    [84/538] Building CXX object lib/mayaUsd/CMakeFiles/mayaUsd.dir/fileio/utils/userTaggedAttribute.cpp.o
    [85/538] Building CXX object lib/mayaUsd/CMakeFiles/mayaUsd.dir/render/px_vp20/glslProgram.cpp.o
    [86/538] Building CXX object lib/mayaUsd/CMakeFiles/mayaUsd.dir/listeners/proxyShapeNotice.cpp.o
    [87/538] Building CXX object lib/mayaUsd/CMakeFiles/mayaUsd.dir/listeners/stageNoticeListener.cpp.o
    [88/538] Building CXX object lib/mayaUsd/CMakeFiles/mayaUsd.dir/fileio/utils/xformStack.cpp.o
    [89/538] Building CXX object lib/mayaUsd/CMakeFiles/mayaUsd.dir/python/moduleDeps.cpp.o
    [90/538] Building CXX object lib/mayaUsd/CMakeFiles/mayaUsd.dir/render/pxrUsdMayaGL/debugCodes.cpp.o
    [91/538] Building CXX object lib/mayaUsd/CMakeFiles/mayaUsd.dir/fileio/utils/writeUtil.cpp.o
    [92/538] Building CXX object lib/mayaUsd/CMakeFiles/mayaUsd.dir/nodes/pointBasedDeformerNode.cpp.o
    [93/538] Building CXX object lib/mayaUsd/CMakeFiles/mayaUsd.dir/nodes/stageData.cpp.o
    [94/538] Building CXX object lib/mayaUsd/CMakeFiles/mayaUsd.dir/render/px_vp20/utils_legacy.cpp.o
    [95/538] Building CXX object lib/mayaUsd/CMakeFiles/mayaUsd.dir/nodes/proxyAccessor.cpp.o
    [96/538] Building CXX object lib/mayaUsd/CMakeFiles/mayaUsd.dir/render/pxrUsdMayaGL/softSelectHelper.cpp.o
    [97/538] Building CXX object lib/mayaUsd/CMakeFiles/mayaUsd.dir/render/px_vp20/utils.cpp.o
    [98/538] Building CXX object lib/mayaUsd/CMakeFiles/mayaUsd.dir/nodes/proxyShapeBase.cpp.o
    [99/538] Building CXX object lib/mayaUsd/CMakeFiles/mayaUsd.dir/nodes/usdPrimProvider.cpp.o
    [100/538] Building CXX object lib/mayaUsd/CMakeFiles/mayaUsd.dir/nodes/stageNode.cpp.o
    [101/538] Building CXX object lib/mayaUsd/CMakeFiles/mayaUsd.dir/render/pxrUsdMayaGL/userData.cpp.o
    [102/538] Building CXX object lib/mayaUsd/CMakeFiles/mayaUsd.dir/render/vp2RenderDelegate/bboxGeom.cpp.o
    [103/538] Building CXX object lib/mayaUsd/CMakeFiles/mayaUsd.dir/render/vp2RenderDelegate/debugCodes.cpp.o
    [104/538] Building CXX object lib/mayaUsd/CMakeFiles/mayaUsd.dir/nodes/proxyShapePlugin.cpp.o
    [105/538] Building CXX object lib/mayaUsd/CMakeFiles/mayaUsd.dir/render/pxrUsdMayaGL/proxyShapeDelegate.cpp.o
    [106/538] Building CXX object lib/mayaUsd/CMakeFiles/mayaUsd.dir/render/pxrUsdMayaGL/hdImagingShapeDrawOverride.cpp.o
    [107/538] Building CXX object lib/mayaUsd/CMakeFiles/mayaUsd.dir/render/vp2RenderDelegate/draw_item.cpp.o
    [108/538] Building CXX object lib/mayaUsd/CMakeFiles/mayaUsd.dir/render/pxrUsdMayaGL/hdImagingShapeUI.cpp.o
    [109/538] Building CXX object lib/mayaUsd/CMakeFiles/mayaUsd.dir/render/pxrUsdMayaGL/proxyShapeUI.cpp.o
    [110/538] Building CXX object lib/mayaUsd/CMakeFiles/mayaUsd.dir/render/pxrUsdMayaGL/proxyDrawOverride.cpp.o
    [111/538] Building CXX object lib/mayaUsd/CMakeFiles/mayaUsd.dir/render/vp2RenderDelegate/instancer.cpp.o
    [112/538] Building CXX object lib/mayaUsd/CMakeFiles/mayaUsd.dir/render/pxrUsdMayaGL/instancerImager.cpp.o
    [113/538] Building CXX object lib/mayaUsd/CMakeFiles/mayaUsd.dir/render/pxrUsdMayaGL/batchRenderer.cpp.o
    [114/538] Building CXX object lib/mayaUsd/CMakeFiles/mayaUsd.dir/render/vp2ShaderFragments/shaderFragments.cpp.o
    [115/538] Building CXX object lib/mayaUsd/CMakeFiles/mayaUsd.dir/render/vp2RenderDelegate/tokens.cpp.o
    [116/538] Building CXX object lib/mayaUsd/CMakeFiles/mayaUsd.dir/render/pxrUsdMayaGL/shapeAdapter.cpp.o
    [117/538] Building CXX object lib/mayaUsd/CMakeFiles/mayaUsd.dir/render/pxrUsdMayaGL/sceneDelegate.cpp.o
    [118/538] Building CXX object lib/mayaUsd/CMakeFiles/mayaUsd.dir/render/pxrUsdMayaGL/instancerShapeAdapter.cpp.o
    [119/538] Building CXX object lib/mayaUsd/CMakeFiles/mayaUsd.dir/render/vp2RenderDelegate/sampler.cpp.o
    [120/538] Building CXX object lib/mayaUsd/CMakeFiles/mayaUsd.dir/render/vp2RenderDelegate/render_param.cpp.o
    [121/538] Building CXX object lib/mayaUsd/CMakeFiles/mayaUsd.dir/render/vp2RenderDelegate/basisCurves.cpp.o
    [122/538] Building CXX object lib/mayaUsd/CMakeFiles/mayaUsd.dir/render/pxrUsdMayaGL/usdProxyShapeAdapter.cpp.o
    [123/538] Building CXX object lib/mayaUsd/CMakeFiles/mayaUsd.dir/render/vp2RenderDelegate/material.cpp.o
    [124/538] Building CXX object lib/mayaUsd/CMakeFiles/mayaUsd.dir/render/vp2RenderDelegate/proxyRenderDelegate.cpp.o
    [125/538] Building CXX object lib/mayaUsd/CMakeFiles/mayaUsd.dir/ufe/ProxyShapeHandler.cpp.o
    [126/538] Building CXX object lib/mayaUsd/CMakeFiles/mayaUsd.dir/ufe/Global.cpp.o
    [127/538] Building CXX object lib/mayaUsd/CMakeFiles/mayaUsd.dir/ufe/ProxyShapeHierarchyHandler.cpp.o
    [128/538] Building CXX object lib/mayaUsd/CMakeFiles/mayaUsd.dir/render/vp2RenderDelegate/render_delegate.cpp.o
    [129/538] Building CXX object lib/mayaUsd/CMakeFiles/mayaUsd.dir/ufe/UsdHierarchyHandler.cpp.o
    [130/538] Building CXX object lib/mayaUsd/CMakeFiles/mayaUsd.dir/ufe/ProxyShapeHierarchy.cpp.o
    [131/538] Building CXX object lib/mayaUsd/CMakeFiles/mayaUsd.dir/ufe/UsdRotatePivotTranslateUndoableCommand.cpp.o
    [132/538] Building CXX object lib/mayaUsd/CMakeFiles/mayaUsd.dir/ufe/UsdRootChildHierarchy.cpp.o
    [133/538] Building CXX object lib/mayaUsd/CMakeFiles/mayaUsd.dir/ufe/UsdHierarchy.cpp.o
    [134/538] Building CXX object lib/mayaUsd/CMakeFiles/mayaUsd.dir/render/vp2RenderDelegate/mesh.cpp.o
    [135/538] Building CXX object lib/mayaUsd/CMakeFiles/mayaUsd.dir/ufe/UsdSceneItem.cpp.o
    [136/538] Building CXX object lib/mayaUsd/CMakeFiles/mayaUsd.dir/ufe/StagesSubject.cpp.o
    [137/538] Building CXX object lib/mayaUsd/CMakeFiles/mayaUsd.dir/ufe/UsdRotateUndoableCommand.cpp.o
    [138/538] Building CXX object lib/mayaUsd/CMakeFiles/mayaUsd.dir/ufe/UsdSceneItemOps.cpp.o
    [139/538] Building CXX object lib/mayaUsd/CMakeFiles/mayaUsd.dir/ufe/UsdScaleUndoableCommand.cpp.o
    [140/538] Building CXX object lib/mayaUsd/CMakeFiles/mayaUsd.dir/ufe/moduleDeps.cpp.o
    [141/538] Building CXX object lib/mayaUsd/CMakeFiles/mayaUsd.dir/undo/UsdUndoableItem.cpp.o
    [142/538] Building CXX object lib/mayaUsd/CMakeFiles/mayaUsd.dir/ufe/UsdSceneItemOpsHandler.cpp.o
    [143/538] Building CXX object lib/mayaUsd/CMakeFiles/mayaUsd.dir/utils/colorSpace.cpp.o
    [144/538] Building CXX object lib/mayaUsd/CMakeFiles/mayaUsd.dir/utils/blockSceneModificationContext.cpp.o
    [145/538] Building CXX object lib/mayaUsd/CMakeFiles/mayaUsd.dir/ufe/UsdTransform3dHandler.cpp.o
    [146/538] Building CXX object lib/mayaUsd/CMakeFiles/mayaUsd.dir/ufe/UsdStageMap.cpp.o
    [147/538] Building CXX object lib/mayaUsd/CMakeFiles/mayaUsd.dir/ufe/UsdTRSUndoableCommandBase.cpp.o
    [148/538] Building CXX object lib/mayaUsd/CMakeFiles/mayaUsd.dir/ufe/UsdTranslateUndoableCommand.cpp.o
    [149/538] Building CXX object lib/mayaUsd/CMakeFiles/mayaUsd.dir/ufe/UsdUndoDeleteCommand.cpp.o
    [150/538] Copying api.h ...
    [151/538] Generating userExportedAttributesUI.pyc
    [152/538] Copying instancerShapeAdapterWithSceneAssembly.h ...
    [153/538] Building CXX object lib/mayaUsd/python/CMakeFiles/_mayaUsd.dir/module.cpp.o
    [154/538] Building CXX object lib/mayaUsd/CMakeFiles/mayaUsd.dir/ufe/UsdTransform3d.cpp.o
    [155/538] Building CXX object lib/mayaUsd/CMakeFiles/mayaUsd.dir/ufe/UsdUndoDuplicateCommand.cpp.o
    [156/538] Building CXX object lib/mayaUsd/CMakeFiles/mayaUsd.dir/utils/diagnosticDelegate.cpp.o
    [157/538] Building CXX object lib/mayaUsd/CMakeFiles/mayaUsd.dir/utils/utilFileSystem.cpp.o
    [158/538] Building CXX object lib/mayaUsd/CMakeFiles/mayaUsd.dir/undo/UsdUndoBlock.cpp.o
    [159/538] Building CXX object lib/mayaUsd/CMakeFiles/mayaUsd.dir/ufe/UsdUndoRenameCommand.cpp.o
    [160/538] Building CXX object lib/mayaUsd/CMakeFiles/mayaUsd.dir/undo/UsdUndoManager.cpp.o
    [161/538] Building CXX object lib/mayaUsd/CMakeFiles/mayaUsd.dir/ufe/private/Utils.cpp.o
    [162/538] Building CXX object lib/mayaUsd/CMakeFiles/mayaUsd.dir/utils/query.cpp.o
    [163/538] Building CXX object lib/mayaUsd/CMakeFiles/mayaUsd.dir/utils/undoHelperCommand.cpp.o
    [164/538] Building CXX object lib/mayaUsd/python/CMakeFiles/_mayaUsd.dir/wrapBlockSceneModificationContext.cpp.o
    [165/538] Building CXX object lib/mayaUsd/python/CMakeFiles/_mayaUsd.dir/wrapColorSpace.cpp.o
    [166/538] Building CXX object lib/mayaUsd/CMakeFiles/mayaUsd.dir/undo/UsdUndoStateDelegate.cpp.o
    [167/538] Building CXX object lib/mayaUsd/CMakeFiles/mayaUsd.dir/utils/stageCache.cpp.o
    [168/538] Building CXX object lib/mayaUsd/python/CMakeFiles/_mayaUsd.dir/wrapDiagnosticDelegate.cpp.o
    [169/538] Building CXX object lib/mayaUsd/ufe/CMakeFiles/_ufe.dir/module.cpp.o
    [170/538] Building CXX object lib/mayaUsd/CMakeFiles/mayaUsd.dir/ufe/Utils.cpp.o
    [171/538] Building CXX object lib/mayaUsd/CMakeFiles/mayaUsd.dir/utils/converter.cpp.o
    [172/538] Building CXX object lib/mayaUsd/python/CMakeFiles/_mayaUsd.dir/wrapStageCache.cpp.o
    [173/538] Building CXX object lib/mayaUsd/render/mayaToHydra/CMakeFiles/mtoh.dir/tokens.cpp.o
    [174/538] Building CXX object lib/mayaUsd/ufe/CMakeFiles/_ufe.dir/wrapGlobal.cpp.o
    [175/538] Building CXX object lib/mayaUsd/python/CMakeFiles/_mayaUsd.dir/wrapQuery.cpp.o
    [176/538] Building CXX object lib/mayaUsd/python/CMakeFiles/_mayaUsd.dir/wrapMeshWriteUtils.cpp.o
    [177/538] Building CXX object lib/mayaUsd/python/CMakeFiles/_mayaUsd.dir/wrapRoundTripUtil.cpp.o
    [178/538] Building CXX object lib/mayaUsd/render/mayaToHydra/CMakeFiles/mtoh.dir/pluginDebugCodes.cpp.o
    [179/538] Building CXX object lib/mayaUsd/python/CMakeFiles/_mayaUsd.dir/wrapReadUtil.cpp.o
    [180/538] Building CXX object lib/mayaUsd/CMakeFiles/mayaUsd.dir/utils/util.cpp.o
    [181/538] Building CXX object lib/mayaUsd/python/CMakeFiles/_mayaUsd.dir/wrapConverter.cpp.o
    [182/538] Building CXX object lib/mayaUsd/python/CMakeFiles/_mayaUsd.dir/wrapUsdUndoManager.cpp.o
    [183/538] Building CXX object lib/mayaUsd/python/CMakeFiles/_mayaUsd.dir/wrapAdaptor.cpp.o
    [184/538] Building CXX object lib/usd/hdMaya/CMakeFiles/hdMaya.dir/debugCodes.cpp.o
    [185/538] Building CXX object lib/mayaUsd/python/CMakeFiles/_mayaUsd.dir/wrapUserTaggedAttribute.cpp.o
    [186/538] Building CXX object lib/mayaUsd/python/CMakeFiles/_mayaUsd.dir/wrapWriteUtil.cpp.o
    [187/538] Building CXX object lib/usd/hdMaya/CMakeFiles/hdMaya.dir/adapters/adapterDebugCodes.cpp.o
    [188/538] Building CXX object lib/mayaUsd/ufe/CMakeFiles/_ufe.dir/wrapUtils.cpp.o
    [189/538] Building CXX object lib/mayaUsd/render/mayaToHydra/CMakeFiles/mtoh.dir/utils.cpp.o
    [190/538] Building CXX object lib/mayaUsd/python/CMakeFiles/_mayaUsd.dir/wrapXformStack.cpp.o
    [191/538] Building CXX object lib/mayaUsd/ufe/CMakeFiles/_ufe.dir/wrapNotice.cpp.o
    [192/538] Building CXX object lib/usd/hdMaya/CMakeFiles/hdMaya.dir/utils.cpp.o
    [193/538] Building CXX object lib/usd/hdMaya/CMakeFiles/hdMaya.dir/adapters/adapter.cpp.o
    [194/538] Building CXX object lib/mayaUsd/render/mayaToHydra/CMakeFiles/mtoh.dir/plugin.cpp.o
    [195/538] Building CXX object lib/usd/hdMaya/CMakeFiles/hdMaya.dir/adapters/tokens.cpp.o
    [196/538] Building CXX object lib/usd/hdMaya/CMakeFiles/hdMaya.dir/adapters/mayaAttrs.cpp.o
    [197/538] Building CXX object lib/usd/hdMaya/CMakeFiles/hdMaya.dir/adapters/areaLightAdapter.cpp.o
    [198/538] Building CXX object lib/usd/hdMaya/CMakeFiles/hdMaya.dir/adapters/aiSkydomeLightAdapter.cpp.o
    [199/538] Building CXX object lib/mayaUsd/render/mayaToHydra/CMakeFiles/mtoh.dir/shadingModeExporter.cpp.o
    [200/538] Building CXX object lib/usd/hdMaya/CMakeFiles/hdMaya.dir/adapters/dagAdapter.cpp.o
    [201/538] Building CXX object lib/mayaUsd/render/mayaToHydra/CMakeFiles/mtoh.dir/defaultLightDelegate.cpp.o
    [202/538] Building CXX object lib/usd/hdMaya/CMakeFiles/hdMaya.dir/adapters/directionalLightAdapter.cpp.o
    [203/538] Building CXX object lib/usd/hdMaya/CMakeFiles/hdMaya.dir/adapters/adapterRegistry.cpp.o
    [204/538] Building CXX object lib/mayaUsd/render/mayaToHydra/CMakeFiles/mtoh.dir/viewCommand.cpp.o
    [205/538] Building CXX object lib/usd/hdMaya/CMakeFiles/hdMaya.dir/adapters/lightAdapter.cpp.o
    [206/538] Building CXX object lib/usd/hdMaya/CMakeFiles/hdMaya.dir/delegates/delegateDebugCodes.cpp.o
    [207/538] Building CXX object lib/mayaUsd/render/mayaToHydra/CMakeFiles/mtoh.dir/renderGlobals.cpp.o
    [208/538] Building CXX object lib/mayaUsd/render/mayaToHydra/CMakeFiles/mtoh.dir/renderOverride.cpp.o
    [209/538] Building CXX object lib/usd/pxrUsdPreviewSurface/CMakeFiles/basePxrUsdPreviewSurface.dir/usdPreviewSurface.cpp.o
    [210/538] Building CXX object lib/usd/hdMaya/CMakeFiles/hdMaya.dir/adapters/shapeAdapter.cpp.o
    [211/538] Building CXX object lib/usd/hdMaya/CMakeFiles/hdMaya.dir/adapters/pointLightAdapter.cpp.o
    [212/538] Building CXX object lib/usd/hdMaya/CMakeFiles/hdMaya.dir/delegates/delegate.cpp.o
    [213/538] Building CXX object lib/usd/hdMaya/CMakeFiles/hdMaya.dir/adapters/nurbsCurveAdapter.cpp.o
    [214/538] Building CXX object lib/usd/pxrUsdPreviewSurface/CMakeFiles/basePxrUsdPreviewSurface.dir/usdPreviewSurfaceShadingNodeOverride.cpp.o
    [215/538] Building CXX object lib/usd/hdMaya/CMakeFiles/hdMaya.dir/adapters/materialAdapter.cpp.o
    [216/538] Building CXX object lib/usd/hdMaya/CMakeFiles/hdMaya.dir/adapters/proxyAdapter.cpp.o
    [217/538] Building CXX object lib/usd/hdMaya/CMakeFiles/hdMaya.dir/adapters/spotLightAdapter.cpp.o
    [218/538] Building CXX object lib/usd/hdMaya/CMakeFiles/hdMaya.dir/adapters/meshAdapter.cpp.o
    [219/538] Building CXX object lib/usd/hdMaya/CMakeFiles/hdMaya.dir/delegates/delegateRegistry.cpp.o
    [220/538] Building CXX object lib/usd/hdMaya/CMakeFiles/hdMaya.dir/delegates/delegateCtx.cpp.o
    [221/538] Building CXX object lib/usd/hdMaya/CMakeFiles/hdMaya.dir/adapters/materialNetworkConverter.cpp.o
    [222/538] Building CXX object lib/usd/hdMaya/CMakeFiles/hdMaya.dir/delegates/sceneDelegate.cpp.o
    [223/538] Building CXX object lib/usd/hdMaya/CMakeFiles/hdMaya.dir/delegates/proxyUsdImagingDelegate.cpp.o
    [224/538] Building CXX object lib/usd/pxrUsdPreviewSurface/CMakeFiles/basePxrUsdPreviewSurface.dir/usdPreviewSurfacePlugin.cpp.o
    [225/538] Building CXX object lib/usd/hdMaya/CMakeFiles/hdMaya.dir/delegates/proxyDelegate.cpp.o
    [226/538] Building CXX object lib/usd/pxrUsdPreviewSurface/CMakeFiles/basePxrUsdPreviewSurface.dir/usdPreviewSurfaceReader.cpp.o
    [227/538] Building CXX object lib/usd/translators/CMakeFiles/mayaUsd_Translators.dir/cameraReader.cpp.o
    [228/538] Building CXX object lib/usd/translators/CMakeFiles/mayaUsd_Translators.dir/mayaReferenceReader.cpp.o
    [229/538] Building CXX object lib/usd/translators/CMakeFiles/mayaUsd_Translators.dir/lightReader.cpp.o
    [230/538] Building CXX object lib/usd/translators/CMakeFiles/mayaUsd_Translators.dir/lightWriter.cpp.o
    [231/538] Building CXX object lib/usd/pxrUsdPreviewSurface/CMakeFiles/basePxrUsdPreviewSurface.dir/usdPreviewSurfaceWriter.cpp.o
    [232/538] Building CXX object lib/usd/translators/CMakeFiles/mayaUsd_Translators.dir/cameraWriter.cpp.o
    [233/538] Building CXX object lib/usd/hdMaya/CMakeFiles/hdMaya.dir/delegates/testDelegate.cpp.o
    [234/538] Building CXX object lib/usd/translators/CMakeFiles/mayaUsd_Translators.dir/jointWriter.cpp.o
    [235/538] Building CXX object lib/usd/translators/CMakeFiles/mayaUsd_Translators.dir/locatorWriter.cpp.o
    [236/538] Building CXX object lib/usd/translators/CMakeFiles/mayaUsd_Translators.dir/materialReader.cpp.o
    [237/538] Building CXX object lib/usd/translators/CMakeFiles/mayaUsd_Translators.dir/instancerWriter.cpp.o
    [238/538] Building CXX object lib/usd/translators/CMakeFiles/mayaUsd_Translators.dir/mayaReferenceUpdater.cpp.o
    [239/538] Building CXX object lib/usd/translators/CMakeFiles/mayaUsd_Translators.dir/shading/usdBlinnReader.cpp.o
    [240/538] Building CXX object lib/usd/translators/CMakeFiles/mayaUsd_Translators.dir/nurbsCurvesReader.cpp.o
    [241/538] Building CXX object lib/usd/translators/CMakeFiles/mayaUsd_Translators.dir/meshReader.cpp.o
    [242/538] Building CXX object lib/usd/translators/CMakeFiles/mayaUsd_Translators.dir/scopeReader.cpp.o
    [243/538] Building CXX object lib/usd/translators/CMakeFiles/mayaUsd_Translators.dir/nurbsPatchReader.cpp.o
    [244/538] Building CXX object lib/usd/translators/CMakeFiles/mayaUsd_Translators.dir/meshWriter_BlendShapes.cpp.o
    FAILED: lib/usd/translators/CMakeFiles/mayaUsd_Translators.dir/meshWriter_BlendShapes.cpp.o
    /opt/rh/devtoolset-6/root/usr/bin/c++  -DPXR_PLUGINPATH_NAME="" -DPXR_PYTHON_ENABLED=1 -DUSD_VERSION_NUM=2011 -DWANT_UFE_BUILD -DmayaUsd_Translators_EXPORTS -I/local/S/jenkins/workspace/shared/Artifactory/Linux/rundev-2020/202004291615/runtime/91f4300/runTime/include -I. -I/local/S/jenkins/workspace/shared/Artifactory/Linux/rundev-2020/202004291615/runtime/91f4300/devkitBase/devkit/ufe/include -Iinclude -isystem /local/S/jenkins/workspace/shared/Artifactory/Linux/USD/df240d5/include -isystem /local/S/jenkins/workspace/shared/Artifactory/Linux/rundev-2020/202004291615/runtime/91f4300/runTime/include/Python -O2 -g -DNDEBUG -fPIC   -Wall -Werror -msse3 -Wno-deprecated -Wno-deprecated-declarations -Wno-unused-local-typedefs -std=c++14 -MD -MT lib/usd/translators/CMakeFiles/mayaUsd_Translators.dir/meshWriter_BlendShapes.cpp.o -MF lib/usd/translators/CMakeFiles/mayaUsd_Translators.dir/meshWriter_BlendShapes.cpp.o.d -o lib/usd/translators/CMakeFiles/mayaUsd_Translators.dir/meshWriter_BlendShapes.cpp.o -c /home/S/jenkins/workspace/ecg-mayausd-branch-preflight-2020-linux/ecg-maya-usd/maya-usd/lib/usd/translators/meshWriter_BlendShapes.cpp
    /home/S/jenkins/workspace/ecg-mayausd-branch-preflight-2020-linux/ecg-maya-usd/maya-usd/lib/usd/translators/meshWriter_BlendShapes.cpp: In function Autodesk::Maya::OpenMaya20200000::MStatus pxrInternal_v0_20__pxrReserved__::readBlendShapeTargetData(const Autodesk::Maya::OpenMaya20200000::MObject&, int, int, int, int, pxrInternal_v0_20__pxrReserved__::VtIntArray&, pxrInternal_v0_20__pxrReserved__::VtVec3fArray&, pxrInternal_v0_20__pxrReserved__::VtVec3fArray&):
    /home/S/jenkins/workspace/ecg-mayausd-branch-preflight-2020-linux/ecg-maya-usd/maya-usd/lib/usd/translators/meshWriter_BlendShapes.cpp:330:18: error: unused variable numInputTargetGrps [-Werror=unused-variable]
         unsigned int numInputTargetGrps = plgInputTargetGrps.numElements();
                      ^~~~~~~~~~~~~~~~~~
    /home/S/jenkins/workspace/ecg-mayausd-branch-preflight-2020-linux/ecg-maya-usd/maya-usd/lib/usd/translators/meshWriter_BlendShapes.cpp: In function void pxrInternal_v0_20__pxrReserved__::findUnionAndProcessArrays(const std::vector<pxrInternal_v0_20__pxrReserved__::VtArray<int> >&, const std::vector<pxrInternal_v0_20__pxrReserved__::VtArray<pxrInternal_v0_20__pxrReserved__::GfVec3f> >&, const std::vector<pxrInternal_v0_20__pxrReserved__::VtArray<pxrInternal_v0_20__pxrReserved__::GfVec3f> >&, pxrInternal_v0_20__pxrReserved__::VtIntArray&, std::vector<pxrInternal_v0_20__pxrReserved__::VtArray<pxrInternal_v0_20__pxrReserved__::GfVec3f> >&, std::vector<pxrInternal_v0_20__pxrReserved__::VtArray<pxrInternal_v0_20__pxrReserved__::GfVec3f> >&):
    /home/S/jenkins/workspace/ecg-mayausd-branch-preflight-2020-linux/ecg-maya-usd/maya-usd/lib/usd/translators/meshWriter_BlendShapes.cpp:530:29: error: unused variable numOrigNormals [-Werror=unused-variable]
             const size_t        numOrigNormals = origNormalsArray.size();
                                 ^~~~~~~~~~~~~~
    cc1plus: all warnings being treated as errors
    [245/538] Building CXX object lib/usd/translators/CMakeFiles/mayaUsd_Translators.dir/skelReader.cpp.o
    [246/538] Building CXX object lib/usd/translators/CMakeFiles/mayaUsd_Translators.dir/meshWriter.cpp.o
    [247/538] Building CXX object lib/usd/translators/CMakeFiles/mayaUsd_Translators.dir/xformReader.cpp.o
    [248/538] Building CXX object lib/usd/translators/CMakeFiles/mayaUsd_Translators.dir/nurbsCurveWriter.cpp.o
    [249/538] Building CXX object lib/usd/translators/CMakeFiles/mayaUsd_Translators.dir/nurbsSurfaceWriter.cpp.o
    [250/538] Building CXX object lib/usd/translators/CMakeFiles/mayaUsd_Translators.dir/shading/usdBlinnWriter.cpp.o
    [251/538] Building CXX object lib/usd/translators/CMakeFiles/mayaUsd_Translators.dir/strokeWriter.cpp.o
    [252/538] Building CXX object lib/usd/translators/CMakeFiles/mayaUsd_Translators.dir/particleWriter.cpp.o
    [253/538] Building CXX object lib/usd/translators/CMakeFiles/mayaUsd_Translators.dir/shading/usdDisplacementShaderWriter.cpp.o
    [254/538] Building CXX object lib/usd/translators/CMakeFiles/mayaUsd_Translators.dir/shading/usdMaterialReader.cpp.o
    [255/538] Building CXX object lib/usd/translators/CMakeFiles/mayaUsd_Translators.dir/shading/usdLambertWriter.cpp.o
    [256/538] Building CXX object lib/usd/translators/CMakeFiles/mayaUsd_Translators.dir/shading/usdLambertReader.cpp.o
    [257/538] Building CXX object lib/usd/translators/CMakeFiles/mayaUsd_Translators.dir/shading/usdMaterialWriter.cpp.o
    [258/538] Building CXX object lib/usd/translators/CMakeFiles/mayaUsd_Translators.dir/shading/usdPhongReader.cpp.o
    [259/538] Building CXX object lib/usd/translators/CMakeFiles/mayaUsd_Translators.dir/shading/usdFileTextureWriter.cpp.o
    ninja: build stopped: subcommand failed.
    
        Building with settings:
          Source directory          /home/S/jenkins/workspace/ecg-mayausd-branch-preflight-2020-linux/ecg-maya-usd/maya-usd
          Workspace directory       /local/S/jenkins/workspace/ecg-mayausd-branch-preflight-2020-linux
          Build directory           /local/S/jenkins/workspace/ecg-mayausd-branch-preflight-2020-linux/build/RelWithDebInfo
          Install directory         /local/S/jenkins/workspace/ecg-mayausd-branch-preflight-2020-linux/install/RelWithDebInfo/MayaUSD
          Variant                   RelWithDebInfo
          Python Debug              Off
          CMake generator           Ninja
          Build arguments           ['-DCMAKE_MAKE_PROGRAM=/local/S/jenkins/workspace/shared/Artifactory/Linux/ninja/1.9.0/aca9939/ninja', '-DPYTHON_INCLUDE_DIR=/local/S/jenkins/workspace/shared/Artifactory/Linux/rundev-2020/202004291615/runtime/91f4300/runTime/include/Python', '-DPython_EXECUTABLE=/local/S/jenkins/workspace/shared/Artifactory/Linux/rundev-2020/202004291615/runtime/91f4300/runTime/bin/mayapy', '-DPYTHON_LIBRARIES=/local/S/jenkins/workspace/shared/Artifactory/Linux/rundev-2020/202004291615/runtime/91f4300/runTime/lib/libpython2.7.so.1.0', '-DMAYAUSD_TO_USD_RELATIVE_PATH=../USD']
          Stages arguments          ['build']
          CTest arguments           ['-E testUsdReferenceAssemblySelection|testUsdMayaAppDir|testUsdMayaReadWriteUtils', '-LE interactive']
    #####################################################################################
    log date: 2020-12-01 02:50
    commit sha: b9c1d429a4aee75e5762f6fc280e752329edddf0
    commit date: Tue Dec 1 02:42:42 2020 -0800
    #####################################################################################
    
    cmake --build . --config RelWithDebInfo  -- -j16
    
    Traceback (most recent call last):
      File "/home/S/jenkins/workspace/ecg-mayausd-branch-preflight-2020-linux/ecg-maya-usd/maya-usd/build.py", line 602, in <module>
        BuildAndInstall(context, context.buildArgs, context.stagesArgs)
      File "/home/S/jenkins/workspace/ecg-mayausd-branch-preflight-2020-linux/ecg-maya-usd/maya-usd/build.py", line 371, in BuildAndInstall
        RunCMake(context, extraArgs, stagesArgs)
      File "/home/S/jenkins/workspace/ecg-mayausd-branch-preflight-2020-linux/ecg-maya-usd/maya-usd/build.py", line 287, in RunCMake
        multiproc=FormatMultiProcs(context.numJobs, generator)))
      File "/home/S/jenkins/workspace/ecg-mayausd-branch-preflight-2020-linux/ecg-maya-usd/maya-usd/build.py", line 165, in Run
        .format(cmd=cmd, log=os.path.abspath(context.logFileLocation)))
    RuntimeError: Failed to run 'cmake --build . --config RelWithDebInfo  -- -j16'
    See /local/S/jenkins/workspace/ecg-mayausd-branch-preflight-2020-linux/build/RelWithDebInfo/build_log.txt for more details.
build.py: error: Command failed with error code: 1
[Pipeline] }
[Pipeline] // withEnv
[Pipeline] }
[Pipeline] // stage
[Pipeline] }
[Pipeline] // timestamps
[Pipeline] }
[Pipeline] // timeout
[Pipeline] emailextrecipients
[Pipeline] echo
No recipients to send notification.
[Pipeline] }
[Pipeline] // node
[Pipeline] End of Pipeline
ERROR: script returned exit code 1
Finished: FAILURE
