[2023-02-02T16:50:25.321Z] ================================================================================
[2023-02-02T16:50:25.321Z]                              setup (RelWithDebInfo)
[2023-02-02T16:50:25.321Z] ================================================================================
[Pipeline] bat
[2023-02-02T16:50:25.665Z] Deleting alias drive W:
[Pipeline] bat
[2023-02-02T16:50:25.955Z] Deleting alias drive P:
[Pipeline] }
[Pipeline] // withEnv
[Pipeline] }
[Pipeline] // timeout
[Pipeline] }
[Pipeline] // stage
[Pipeline] }
[Pipeline] // timestamps
[Pipeline] timestamps
[Pipeline] {
[Pipeline] stage
[Pipeline] { (Clean)
[Pipeline] timeout
[2023-02-02T16:50:26.201Z] Timeout set to expire in 6 hr 0 min
[Pipeline] {
[Pipeline] withEnv
[Pipeline] {
[Pipeline] bat
[2023-02-02T16:50:26.683Z] Creating alias drive P: to S:\jenkins\workspace
[Pipeline] bat
[2023-02-02T16:50:27.065Z] Creating alias drive W: to S:\jenkins\workspace\ECP\ecg-maya-usd\ecg-mayausd-branch-preflight-2019-no-ufe-windows
[Pipeline] bat
[2023-02-02T16:50:27.603Z] "C:\Program Files (x86)\Microsoft Visual Studio\2017\Professional\VC\Auxiliary\Build\vcvarsall.bat" x64
[2023-02-02T16:50:27.705Z] **********************************************************************
[2023-02-02T16:50:27.705Z] ** Visual Studio 2017 Developer Command Prompt v15.9.15
[2023-02-02T16:50:27.705Z] ** Copyright (c) 2017 Microsoft Corporation
[2023-02-02T16:50:27.705Z] **********************************************************************
[2023-02-02T16:50:28.625Z] [vcvarsall.bat] Environment initialized for: 'x64'
[2023-02-02T16:50:28.625Z] python ecg-maya-usd/build.py --stages=clean --workspace-dir=W:\ --artifactory-dir=P:\shared\Artifactory --build-dir=W:\build --install-dir=W:\install --signing-dir=W:\signing --package-dir=W:\package --output-dir=W:\output --stash-dir=W:\stash --jenkins-build=649 --git-commit=64fac062d3897c491bc79a9ad0fe2e1305683679 --git-branch=master --variants=RelWithDebInfo --python=2.7 --ufe=false --pxrusd-version=0.21.05-gold --post-zips=false --maya-cut-config=maya-rundev-2019.yaml --maya-package=rundev-2019 --stage-banner
[2023-02-02T16:50:29.541Z] Using Maya cut from P:\shared\Artifactory\Windows\rundev-2019\202003131251\runtime\155eb96
[2023-02-02T16:50:29.661Z] 
[2023-02-02T16:50:29.661Z] ================================================================================
[2023-02-02T16:50:29.661Z]                              clean (RelWithDebInfo)
[2023-02-02T16:50:29.661Z] ================================================================================
[2023-02-02T16:50:29.661Z] Maya Python RelWithDebInfo Info:
[2023-02-02T16:50:29.661Z]   mayapy executable   = P:\shared\Artifactory\Windows\rundev-2019\202003131251\runtime\155eb96\runTime\bin\mayapy.exe
[2023-02-02T16:50:29.661Z]   Include Folder      = P:\shared\Artifactory\Windows\rundev-2019\202003131251\runtime\155eb96\runTime\include\Python2.7
[2023-02-02T16:50:29.661Z]   Library             = P:\shared\Artifactory\Windows\rundev-2019\202003131251\runtime\155eb96\runTime\lib\python27.lib
[2023-02-02T16:50:29.661Z]   site-package Folder = P:\shared\Artifactory\Windows\rundev-2019\202003131251\runtime\155eb96\runTime\Python\Lib\site-packages
[2023-02-02T16:50:35.037Z] In workdir: S:\jenkins\workspace\ECP\ecg-maya-usd\ecg-mayausd-branch-preflight-2019-no-ufe-windows\ecg-maya-usd\maya-usd
[2023-02-02T16:50:35.037Z] Executing: 'P:\\shared\\Artifactory\\Windows\\rundev-2019\\202003131251\\runtime\\155eb96\\runTime\\bin\\mayapy.exe' 'S:\\jenkins\\workspace\\ECP\\ecg-maya-usd\\ecg-mayausd-branch-preflight-2019-no-ufe-windows\\ecg-maya-usd\\maya-usd\\build.py' --generator Ninja --build-relwithdebug --maya-location 'P:\\shared\\Artifactory\\Windows\\rundev-2019\\202003131251\\runtime\\155eb96\\runTime' --devkit-location 'P:\\shared\\Artifactory\\Windows\\rundev-2019\\202003131251\\runtime\\155eb96\\devkitBase' --pxrusd-location 'P:\\shared\\Artifactory\\Windows\\USD\\cfb3d8a' --qt-location 'P:\\shared\\Artifactory\\Windows\\qt\\5.6.1\\1acd0ba' '--build-args=-DCMAKE_MAKE_PROGRAM=P:/shared/Artifactory/Windows/ninja/1.9.0/c68f192/ninja.exe,-DPYTHON_INCLUDE_DIR=P:/shared/Artifactory/Windows/rundev-2019/202003131251/runtime/155eb96/runTime/include/Python2.7,-DPython_EXECUTABLE=P:/shared/Artifactory/Windows/rundev-2019/202003131251/runtime/155eb96/runTime/bin/mayapy.exe,-DPYTHON_LIBRARIES=P:/shared/Artifactory/Windows/rundev-2019/202003131251/runtime/155eb96/runTime/lib/python27.lib,-DCMAKE_WANT_UFE_BUILD=OFF,-DUSD_LIB_PREFIX=,-DCMAKE_WANT_MATERIALX_BUILD=ON,-DCMAKE_PREFIX_PATH=P:\\shared\\Artifactory\\Windows\\USD\\cfb3d8a' '--ctest-args=-E testUsdReferenceAssemblySelection|testUsdMayaAppDir,-LE interactive,--parallel 16' --stages=clean --redirect-outstream-file=False --install-location 'W:\\install\\RelWithDebInfo\\MayaUSD' 'W:\\'
[2023-02-02T16:50:35.037Z] Modified environment variables:
[2023-02-02T16:50:35.037Z]     PATH=P:\shared\Artifactory\Windows\cmake\3.20.3\afe857a\bin;C:\Python27\lib\site-packages\pywin32_system32;C:\Program Files (x86)\Microsoft Visual Studio\2017\Professional\VC\Tools\MSVC\14.16.27023\bin\HostX64\x64;C:\Program Files (x86)\Microsoft Visual Studio\2017\Professional\Common7\IDE\VC\VCPackages;C:\Program Files (x86)\Microsoft Visual Studio\2017\Professional\Common7\IDE\CommonExtensions\Microsoft\TestWindow;C:\Program Files (x86)\Microsoft Visual Studio\2017\Professional\Common7\IDE\CommonExtensions\Microsoft\TeamFoundation\Team Explorer;C:\Program Files (x86)\Microsoft Visual Studio\2017\Professional\MSBuild\15.0\bin\Roslyn;C:\Program Files (x86)\Microsoft Visual Studio\2017\Professional\Team Tools\Performance Tools\x64;C:\Program Files (x86)\Microsoft Visual Studio\2017\Professional\Team Tools\Performance Tools;C:\Program Files (x86)\Microsoft Visual Studio\Shared\Common\VSPerfCollectionTools\\x64;C:\Program Files (x86)\Microsoft Visual Studio\Shared\Common\VSPerfCollectionTools\;C:\Program Files (x86)\Microsoft SDKs\Windows\v10.0A\bin\NETFX 4.6.1 Tools\x64\;C:\Program Files (x86)\HTML Help Workshop;C:\Program Files (x86)\Windows Kits\10\bin\10.0.18362.0\x64;C:\Program Files (x86)\Windows Kits\10\bin\x64;C:\Program Files (x86)\Microsoft Visual Studio\2017\Professional\\MSBuild\15.0\bin;C:\WINDOWS\Microsoft.NET\Framework64\v4.0.30319;C:\Program Files (x86)\Microsoft Visual Studio\2017\Professional\Common7\IDE\;C:\Program Files (x86)\Microsoft Visual Studio\2017\Professional\Common7\Tools\;C:\Python27\;C:\Python27\Scripts;C:\WINDOWS\system32;C:\WINDOWS;C:\WINDOWS\System32\Wbem;C:\WINDOWS\System32\WindowsPowerShell\v1.0\;C:\WINDOWS\System32\OpenSSH\;C:\ProgramData\chocolatey\bin;C:\Program Files (x86)\WiX Toolset v3.7\bin;C:\Program Files\dotnet\;C:\Program Files (x86)\Windows Kits\10\bin\10.0.18362.0\x64;C:\Program Files\Zulu\zulu-11\bin\;C:\Program Files (x86)\Windows Kits\10\bin\10.0.17763.0\x64;C:\Program Files (x86)\Windows Kits\10\bin\x64;C:\Program Files\Git\cmd;C:\Program Files\Git\usr\bin;C:\Program Files\Git\mingw64\bin;C:\Program Files\Git\bin;C:\Python38\;C:\Python38\Scripts;C:\StoreBoxClientWindows;C:\Program Files\Electric Cloud\ElectricCommander\bin;C:\Program Files\WinRAR;C:\Program Files\7-Zip;C:\Users\Administrator\AppData\Local\Microsoft\WindowsApps;C:\Program Files (x86)\Microsoft Visual Studio\2017\Professional\Common7\IDE\CommonExtensions\Microsoft\CMake\CMake\bin;C:\Program Files (x86)\Microsoft Visual Studio\2017\Professional\Common7\IDE\CommonExtensions\Microsoft\CMake\Ninja
[2023-02-02T16:50:35.240Z]     
[2023-02-02T16:50:35.240Z]         Building with settings:
[2023-02-02T16:50:35.240Z]           Source directory          S:\jenkins\workspace\ECP\ecg-maya-usd\ecg-mayausd-branch-preflight-2019-no-ufe-windows\ecg-maya-usd\maya-usd
[2023-02-02T16:50:35.240Z]           Workspace directory       W:\
[2023-02-02T16:50:35.240Z]           Build directory           W:\build\RelWithDebInfo
[2023-02-02T16:50:35.240Z]           Install directory         W:\install\RelWithDebInfo\MayaUSD
[2023-02-02T16:50:35.240Z]           Variant                   RelWithDebInfo
[2023-02-02T16:50:35.240Z]           Python Debug              Off
[2023-02-02T16:50:35.240Z]           CMake generator           Ninja
[2023-02-02T16:50:35.240Z]           Build arguments           ['-DCMAKE_MAKE_PROGRAM=P:/shared/Artifactory/Windows/ninja/1.9.0/c68f192/ninja.exe', '-DPYTHON_INCLUDE_DIR=P:/shared/Artifactory/Windows/rundev-2019/202003131251/runtime/155eb96/runTime/include/Python2.7', '-DPython_EXECUTABLE=P:/shared/Artifactory/Windows/rundev-2019/202003131251/runtime/155eb96/runTime/bin/mayapy.exe', '-DPYTHON_LIBRARIES=P:/shared/Artifactory/Windows/rundev-2019/202003131251/runtime/155eb96/runTime/lib/python27.lib', '-DCMAKE_WANT_UFE_BUILD=OFF', '-DUSD_LIB_PREFIX=', '-DCMAKE_WANT_MATERIALX_BUILD=ON', '-DCMAKE_PREFIX_PATH=P:\\shared\\Artifactory\\Windows\\USD\\cfb3d8a']
[2023-02-02T16:50:35.240Z]           Stages arguments          ['clean']
[2023-02-02T16:50:35.240Z]           CTest arguments           ['-E testUsdReferenceAssemblySelection|testUsdMayaAppDir', '-LE interactive', '--parallel 16']
[2023-02-02T16:50:35.240Z]     Success MayaUSD build and install !!!!
[2023-02-02T16:50:35.240Z]     Elapsed time: 00:00:00
[Pipeline] bat
[2023-02-02T16:50:35.872Z] Deleting alias drive W:
[Pipeline] bat
[2023-02-02T16:50:36.170Z] Deleting alias drive P:
[Pipeline] }
[Pipeline] // withEnv
[Pipeline] }
[Pipeline] // timeout
[Pipeline] }
[Pipeline] // stage
[Pipeline] }
[Pipeline] // timestamps
[Pipeline] timestamps
[Pipeline] {
[Pipeline] stage
[Pipeline] { (Configure)
[Pipeline] timeout
[2023-02-02T16:50:36.736Z] Timeout set to expire in 6 hr 0 min
[Pipeline] {
[Pipeline] withEnv
[Pipeline] {
[Pipeline] bat
[2023-02-02T16:50:37.140Z] Creating alias drive P: to S:\jenkins\workspace
[Pipeline] bat
[2023-02-02T16:50:37.458Z] Creating alias drive W: to S:\jenkins\workspace\ECP\ecg-maya-usd\ecg-mayausd-branch-preflight-2019-no-ufe-windows
[Pipeline] bat
[2023-02-02T16:50:38.040Z] "C:\Program Files (x86)\Microsoft Visual Studio\2017\Professional\VC\Auxiliary\Build\vcvarsall.bat" x64
[2023-02-02T16:50:38.143Z] **********************************************************************
[2023-02-02T16:50:38.143Z] ** Visual Studio 2017 Developer Command Prompt v15.9.15
[2023-02-02T16:50:38.143Z] ** Copyright (c) 2017 Microsoft Corporation
[2023-02-02T16:50:38.143Z] **********************************************************************
[2023-02-02T16:50:39.062Z] [vcvarsall.bat] Environment initialized for: 'x64'
[2023-02-02T16:50:39.062Z] python ecg-maya-usd/build.py --stages=configure --workspace-dir=W:\ --artifactory-dir=P:\shared\Artifactory --build-dir=W:\build --install-dir=W:\install --signing-dir=W:\signing --package-dir=W:\package --output-dir=W:\output --stash-dir=W:\stash --jenkins-build=649 --git-commit=64fac062d3897c491bc79a9ad0fe2e1305683679 --git-branch=master --variants=RelWithDebInfo --python=2.7 --ufe=false --pxrusd-version=0.21.05-gold --post-zips=false --maya-cut-config=maya-rundev-2019.yaml --maya-package=rundev-2019 --stage-banner
[2023-02-02T16:50:39.986Z] Using Maya cut from P:\shared\Artifactory\Windows\rundev-2019\202003131251\runtime\155eb96
[2023-02-02T16:50:39.986Z] 
[2023-02-02T16:50:39.986Z] ================================================================================
[2023-02-02T16:50:39.986Z]                            configure (RelWithDebInfo)
[2023-02-02T16:50:39.986Z] ================================================================================
[2023-02-02T16:50:39.986Z] Maya Python RelWithDebInfo Info:
[2023-02-02T16:50:39.986Z]   mayapy executable   = P:\shared\Artifactory\Windows\rundev-2019\202003131251\runtime\155eb96\runTime\bin\mayapy.exe
[2023-02-02T16:50:39.986Z]   Include Folder      = P:\shared\Artifactory\Windows\rundev-2019\202003131251\runtime\155eb96\runTime\include\Python2.7
[2023-02-02T16:50:39.986Z]   Library             = P:\shared\Artifactory\Windows\rundev-2019\202003131251\runtime\155eb96\runTime\lib\python27.lib
[2023-02-02T16:50:39.986Z]   site-package Folder = P:\shared\Artifactory\Windows\rundev-2019\202003131251\runtime\155eb96\runTime\Python\Lib\site-packages
[2023-02-02T16:50:40.803Z] In workdir: S:\jenkins\workspace\ECP\ecg-maya-usd\ecg-mayausd-branch-preflight-2019-no-ufe-windows\ecg-maya-usd\maya-usd
[2023-02-02T16:50:40.803Z] Executing: 'P:\\shared\\Artifactory\\Windows\\rundev-2019\\202003131251\\runtime\\155eb96\\runTime\\bin\\mayapy.exe' 'S:\\jenkins\\workspace\\ECP\\ecg-maya-usd\\ecg-mayausd-branch-preflight-2019-no-ufe-windows\\ecg-maya-usd\\maya-usd\\build.py' --generator Ninja --build-relwithdebug --maya-location 'P:\\shared\\Artifactory\\Windows\\rundev-2019\\202003131251\\runtime\\155eb96\\runTime' --devkit-location 'P:\\shared\\Artifactory\\Windows\\rundev-2019\\202003131251\\runtime\\155eb96\\devkitBase' --pxrusd-location 'P:\\shared\\Artifactory\\Windows\\USD\\cfb3d8a' --qt-location 'P:\\shared\\Artifactory\\Windows\\qt\\5.6.1\\1acd0ba' '--build-args=-DCMAKE_MAKE_PROGRAM=P:/shared/Artifactory/Windows/ninja/1.9.0/c68f192/ninja.exe,-DPYTHON_INCLUDE_DIR=P:/shared/Artifactory/Windows/rundev-2019/202003131251/runtime/155eb96/runTime/include/Python2.7,-DPython_EXECUTABLE=P:/shared/Artifactory/Windows/rundev-2019/202003131251/runtime/155eb96/runTime/bin/mayapy.exe,-DPYTHON_LIBRARIES=P:/shared/Artifactory/Windows/rundev-2019/202003131251/runtime/155eb96/runTime/lib/python27.lib,-DCMAKE_WANT_UFE_BUILD=OFF,-DUSD_LIB_PREFIX=,-DCMAKE_WANT_MATERIALX_BUILD=ON,-DCMAKE_PREFIX_PATH=P:\\shared\\Artifactory\\Windows\\USD\\cfb3d8a' '--ctest-args=-E testUsdReferenceAssemblySelection|testUsdMayaAppDir,-LE interactive,--parallel 16' --stages=configure --redirect-outstream-file=False --install-location 'W:\\install\\RelWithDebInfo\\MayaUSD' 'W:\\'
[2023-02-02T16:50:40.803Z] Modified environment variables:
[2023-02-02T16:50:40.803Z]     PATH=P:\shared\Artifactory\Windows\cmake\3.20.3\afe857a\bin;C:\Python27\lib\site-packages\pywin32_system32;C:\Program Files (x86)\Microsoft Visual Studio\2017\Professional\VC\Tools\MSVC\14.16.27023\bin\HostX64\x64;C:\Program Files (x86)\Microsoft Visual Studio\2017\Professional\Common7\IDE\VC\VCPackages;C:\Program Files (x86)\Microsoft Visual Studio\2017\Professional\Common7\IDE\CommonExtensions\Microsoft\TestWindow;C:\Program Files (x86)\Microsoft Visual Studio\2017\Professional\Common7\IDE\CommonExtensions\Microsoft\TeamFoundation\Team Explorer;C:\Program Files (x86)\Microsoft Visual Studio\2017\Professional\MSBuild\15.0\bin\Roslyn;C:\Program Files (x86)\Microsoft Visual Studio\2017\Professional\Team Tools\Performance Tools\x64;C:\Program Files (x86)\Microsoft Visual Studio\2017\Professional\Team Tools\Performance Tools;C:\Program Files (x86)\Microsoft Visual Studio\Shared\Common\VSPerfCollectionTools\\x64;C:\Program Files (x86)\Microsoft Visual Studio\Shared\Common\VSPerfCollectionTools\;C:\Program Files (x86)\Microsoft SDKs\Windows\v10.0A\bin\NETFX 4.6.1 Tools\x64\;C:\Program Files (x86)\HTML Help Workshop;C:\Program Files (x86)\Windows Kits\10\bin\10.0.18362.0\x64;C:\Program Files (x86)\Windows Kits\10\bin\x64;C:\Program Files (x86)\Microsoft Visual Studio\2017\Professional\\MSBuild\15.0\bin;C:\WINDOWS\Microsoft.NET\Framework64\v4.0.30319;C:\Program Files (x86)\Microsoft Visual Studio\2017\Professional\Common7\IDE\;C:\Program Files (x86)\Microsoft Visual Studio\2017\Professional\Common7\Tools\;C:\Python27\;C:\Python27\Scripts;C:\WINDOWS\system32;C:\WINDOWS;C:\WINDOWS\System32\Wbem;C:\WINDOWS\System32\WindowsPowerShell\v1.0\;C:\WINDOWS\System32\OpenSSH\;C:\ProgramData\chocolatey\bin;C:\Program Files (x86)\WiX Toolset v3.7\bin;C:\Program Files\dotnet\;C:\Program Files (x86)\Windows Kits\10\bin\10.0.18362.0\x64;C:\Program Files\Zulu\zulu-11\bin\;C:\Program Files (x86)\Windows Kits\10\bin\10.0.17763.0\x64;C:\Program Files (x86)\Windows Kits\10\bin\x64;C:\Program Files\Git\cmd;C:\Program Files\Git\usr\bin;C:\Program Files\Git\mingw64\bin;C:\Program Files\Git\bin;C:\Python38\;C:\Python38\Scripts;C:\StoreBoxClientWindows;C:\Program Files\Electric Cloud\ElectricCommander\bin;C:\Program Files\WinRAR;C:\Program Files\7-Zip;C:\Users\Administrator\AppData\Local\Microsoft\WindowsApps;C:\Program Files (x86)\Microsoft Visual Studio\2017\Professional\Common7\IDE\CommonExtensions\Microsoft\CMake\CMake\bin;C:\Program Files (x86)\Microsoft Visual Studio\2017\Professional\Common7\IDE\CommonExtensions\Microsoft\CMake\Ninja
[2023-02-02T16:50:41.520Z]     -- The C compiler identification is MSVC 19.16.27032.1
[2023-02-02T16:50:41.730Z]     -- The CXX compiler identification is MSVC 19.16.27032.1
[2023-02-02T16:50:41.838Z]     -- Detecting C compiler ABI info
[2023-02-02T16:50:42.657Z]     -- Detecting C compiler ABI info - done
[2023-02-02T16:50:42.657Z]     -- Check for working C compiler: C:/Program Files (x86)/Microsoft Visual Studio/2017/Professional/VC/Tools/MSVC/14.16.27023/bin/Hostx64/x64/cl.exe - skipped
[2023-02-02T16:50:42.657Z]     -- Detecting C compile features
[2023-02-02T16:50:42.657Z]     -- Detecting C compile features - done
[2023-02-02T16:50:42.657Z]     -- Detecting CXX compiler ABI info
[2023-02-02T16:50:43.171Z]     -- Detecting CXX compiler ABI info - done
[2023-02-02T16:50:43.171Z]     -- Check for working CXX compiler: C:/Program Files (x86)/Microsoft Visual Studio/2017/Professional/VC/Tools/MSVC/14.16.27023/bin/Hostx64/x64/cl.exe - skipped
[2023-02-02T16:50:43.171Z]     -- Detecting CXX compile features
[2023-02-02T16:50:43.171Z]     -- Detecting CXX compile features - done
[2023-02-02T16:50:43.282Z]     -- Using Maya Light API Version 1
[2023-02-02T16:50:43.391Z]     -- Found Maya: P:/shared/Artifactory/Windows/rundev-2019/202003131251/runtime/155eb96/runTime/bin/maya.exe (found suitable version "2019", minimum required is "2018")
[2023-02-02T16:50:43.905Z]     -- Found Python: P:/shared/Artifactory/Windows/rundev-2019/202003131251/runtime/155eb96/runTime/bin/mayapy.exe (found suitable exact version "2.7.11") found components: Interpreter
[2023-02-02T16:50:43.905Z]     -- Build MayaUSD with Python3 = OFF
[2023-02-02T16:50:43.905Z]     --    PYTHON_INCLUDE_DIRS = P:/shared/Artifactory/Windows/rundev-2019/202003131251/runtime/155eb96/runTime/include/Python2.7
[2023-02-02T16:50:43.905Z]     --    PYTHON_LIBRARIES    = P:/shared/Artifactory/Windows/rundev-2019/202003131251/runtime/155eb96/runTime/lib/python27.lib
[2023-02-02T16:50:43.905Z]     --    Python_EXECUTABLE   = P:/shared/Artifactory/Windows/rundev-2019/202003131251/runtime/155eb96/runTime/bin/mayapy.exe
[2023-02-02T16:50:44.726Z]     -- USD include dir: P:/shared/Artifactory/Windows/USD/cfb3d8a/include
[2023-02-02T16:50:44.726Z]     -- USD library dir: P:/shared/Artifactory/Windows/USD/cfb3d8a/lib
[2023-02-02T16:50:44.726Z]     -- USD version: 0.21.05
[2023-02-02T16:50:44.726Z]     -- USD Boost::boost version: 107000
[2023-02-02T16:50:44.726Z]     -- Found USD: P:/shared/Artifactory/Windows/USD/cfb3d8a (found suitable version "0.21.05", minimum required is "0.20.05")
[2023-02-02T16:50:44.726Z]     CMake Warning at CMakeLists.txt:125 (message):
[2023-02-02T16:50:44.726Z]       Disabling MaterialX VP2 rendering: it is not supported by this USD package.
[2023-02-02T16:50:44.726Z]     
[2023-02-02T16:50:44.726Z]     
[2023-02-02T16:50:44.726Z]     Updated PYTHONPATH: P:\shared\Artifactory\Windows\USD\cfb3d8a\lib\python
[2023-02-02T16:50:44.726Z]     Updated PATH: P:\shared\Artifactory\Windows\rundev-2019\202003131251\runtime\155eb96\runTime\bin;P:\shared\Artifactory\Windows\cmake\3.20.3\afe857a\bin;C:\Python27\lib\site-packages\pywin32_system32;C:\Program Files (x86)\Microsoft Visual Studio\2017\Professional\VC\Tools\MSVC\14.16.27023\bin\HostX64\x64;C:\Program Files (x86)\Microsoft Visual Studio\2017\Professional\Common7\IDE\VC\VCPackages;C:\Program Files (x86)\Microsoft Visual Studio\2017\Professional\Common7\IDE\CommonExtensions\Microsoft\TestWindow;C:\Program Files (x86)\Microsoft Visual Studio\2017\Professional\Common7\IDE\CommonExtensions\Microsoft\TeamFoundation\Team Explorer;C:\Program Files (x86)\Microsoft Visual Studio\2017\Professional\MSBuild\15.0\bin\Roslyn;C:\Program Files (x86)\Microsoft Visual Studio\2017\Professional\Team Tools\Performance Tools\x64;C:\Program Files (x86)\Microsoft Visual Studio\2017\Professional\Team Tools\Performance Tools;C:\Program Files (x86)\Microsoft Visual Studio\Shared\Common\VSPerfCollectionTools\\x64;C:\Program Files (x86)\Microsoft Visual Studio\Shared\Common\VSPerfCollectionTools\;C:\Program Files (x86)\Microsoft SDKs\Windows\v10.0A\bin\NETFX 4.6.1 Tools\x64\;C:\Program Files (x86)\HTML Help Workshop;C:\Program Files (x86)\Windows Kits\10\bin\10.0.18362.0\x64;C:\Program Files (x86)\Windows Kits\10\bin\x64;C:\Program Files (x86)\Microsoft Visual Studio\2017\Professional\\MSBuild\15.0\bin;C:\WINDOWS\Microsoft.NET\Framework64\v4.0.30319;C:\Program Files (x86)\Microsoft Visual Studio\2017\Professional\Common7\IDE\;C:\Program Files (x86)\Microsoft Visual Studio\2017\Professional\Common7\Tools\;C:\Python27\;C:\Python27\Scripts;C:\WINDOWS\system32;C:\WINDOWS;C:\WINDOWS\System32\Wbem;C:\WINDOWS\System32\WindowsPowerShell\v1.0\;C:\WINDOWS\System32\OpenSSH\;C:\ProgramData\chocolatey\bin;C:\Program Files (x86)\WiX Toolset v3.7\bin;C:\Program Files\dotnet\;C:\Program Files (x86)\Windows Kits\10\bin\10.0.18362.0\x64;C:\Program Files\Zulu\zulu-11\bin\;C:\Program Files (x86)\Windows Kits\10\bin\10.0.17763.0\x64;C:\Program Files (x86)\Windows Kits\10\bin\x64;C:\Program Files\Git\cmd;C:\Program Files\Git\usr\bin;C:\Program Files\Git\mingw64\bin;C:\Program Files\Git\bin;C:\Python38\;C:\Python38\Scripts;C:\StoreBoxClientWindows;C:\Program Files\Electric Cloud\ElectricCommander\bin;C:\Program Files\WinRAR;C:\Program Files\7-Zip;C:\Users\Administrator\AppData\Local\Microsoft\WindowsApps;C:\Program Files (x86)\Microsoft Visual Studio\2017\Professional\Common7\IDE\CommonExtensions\Microsoft\CMake\CMake\bin;C:\Program Files (x86)\Microsoft Visual Studio\2017\Professional\Common7\IDE\CommonExtensions\Microsoft\CMake\Ninja;P:\shared\Artifactory\Windows\USD\cfb3d8a\bin;P:\shared\Artifactory\Windows\USD\cfb3d8a\lib
[2023-02-02T16:50:44.940Z]     -- Building with Qt features enabled.
[2023-02-02T16:50:44.941Z]     -- **** Building Gulrak From Github Repository.
[2023-02-02T16:50:44.941Z]     -- Populating gulrak
[2023-02-02T16:50:45.154Z]     -- Configuring done
[2023-02-02T16:50:45.154Z]     -- Generating done
[2023-02-02T16:50:45.154Z]     -- Build files have been written to: W:/build/RelWithDebInfo/_deps/gulrak-subbuild
[2023-02-02T16:50:45.368Z]     [1/9] Creating directories for 'gulrak-populate'
[2023-02-02T16:50:45.368Z]     [1/9] Performing download step (git clone) for 'gulrak-populate'
[2023-02-02T16:50:45.481Z]     Cloning into 'gulrak-src'...
[2023-02-02T16:50:46.405Z]     HEAD is now at 4e21ab3 Version bump and updated readme.
[2023-02-02T16:50:47.126Z]     [2/9] Performing update step for 'gulrak-populate'
[2023-02-02T16:50:47.342Z]     [4/9] No patch step for 'gulrak-populate'
[2023-02-02T16:50:47.456Z]     [5/9] No configure step for 'gulrak-populate'
[2023-02-02T16:50:47.456Z]     [6/9] No build step for 'gulrak-populate'
[2023-02-02T16:50:47.456Z]     [7/9] No install step for 'gulrak-populate'
[2023-02-02T16:50:47.572Z]     [8/9] No test step for 'gulrak-populate'
[2023-02-02T16:50:47.572Z]     [9/9] Completed 'gulrak-populate'
[2023-02-02T16:50:48.497Z]     -- ========== Installing GoogleTest... ==========
[2023-02-02T16:50:48.712Z]     -- Configuring done
[2023-02-02T16:50:48.712Z]     -- Generating done
[2023-02-02T16:50:48.712Z]     -- Build files have been written to: W:/build/RelWithDebInfo/googletest-config
[2023-02-02T16:50:48.927Z]     [1/8] Creating directories for 'googletest'
[2023-02-02T16:50:51.774Z]     [2/8] Performing download step (git clone) for 'googletest'
[2023-02-02T16:50:51.774Z]     Cloning into 'googletest-src'...
[2023-02-02T16:50:51.774Z]     HEAD is now at 703bd9ca Googletest export
[2023-02-02T16:50:51.888Z]     [3/8] Performing update step for 'googletest'
[2023-02-02T16:50:52.001Z]     [4/8] No patch step for 'googletest'
[2023-02-02T16:50:53.940Z]     [5/8] Performing configure step for 'googletest'
[2023-02-02T16:50:53.940Z]     Not searching for unused variables given on the command line.
[2023-02-02T16:50:53.940Z]     CMake Deprecation Warning at CMakeLists.txt:4 (cmake_minimum_required):
[2023-02-02T16:50:53.940Z]       Compatibility with CMake < 2.8.12 will be removed from a future version of
[2023-02-02T16:50:53.940Z]       CMake.
[2023-02-02T16:50:53.940Z]     
[2023-02-02T16:50:53.940Z]       Update the VERSION argument <min> value or use a ...<max> suffix to tell
[2023-02-02T16:50:53.940Z]       CMake that the project does not need compatibility with older versions.
[2023-02-02T16:50:53.940Z]     
[2023-02-02T16:50:53.940Z]     
[2023-02-02T16:50:53.940Z]     -- The C compiler identification is MSVC 19.16.27032.1
[2023-02-02T16:50:53.940Z]     -- The CXX compiler identification is MSVC 19.16.27032.1
[2023-02-02T16:50:53.940Z]     -- Detecting C compiler ABI info
[2023-02-02T16:50:53.940Z]     -- Detecting C compiler ABI info - done
[2023-02-02T16:50:53.940Z]     -- Check for working C compiler: C:/Program Files (x86)/Microsoft Visual Studio/2017/Professional/VC/Tools/MSVC/14.16.27023/bin/Hostx64/x64/cl.exe - skipped
[2023-02-02T16:50:53.940Z]     -- Detecting C compile features
[2023-02-02T16:50:53.940Z]     -- Detecting C compile features - done
[2023-02-02T16:50:53.940Z]     -- Detecting CXX compiler ABI info
[2023-02-02T16:50:53.940Z]     -- Detecting CXX compiler ABI info - done
[2023-02-02T16:50:53.940Z]     -- Check for working CXX compiler: C:/Program Files (x86)/Microsoft Visual Studio/2017/Professional/VC/Tools/MSVC/14.16.27023/bin/Hostx64/x64/cl.exe - skipped
[2023-02-02T16:50:53.940Z]     -- Detecting CXX compile features
[2023-02-02T16:50:53.940Z]     -- Detecting CXX compile features - done
[2023-02-02T16:50:53.940Z]     CMake Deprecation Warning at googletest/CMakeLists.txt:56 (cmake_minimum_required):
[2023-02-02T16:50:53.940Z]       Compatibility with CMake < 2.8.12 will be removed from a future version of
[2023-02-02T16:50:53.940Z]       CMake.
[2023-02-02T16:50:53.940Z]     
[2023-02-02T16:50:53.940Z]       Update the VERSION argument <min> value or use a ...<max> suffix to tell
[2023-02-02T16:50:53.940Z]       CMake that the project does not need compatibility with older versions.
[2023-02-02T16:50:53.940Z]     
[2023-02-02T16:50:53.940Z]     
[2023-02-02T16:50:53.940Z]     -- Found PythonInterp: C:/Python27/python.exe
[2023-02-02T16:50:53.940Z]     -- Looking for pthread.h
[2023-02-02T16:50:53.940Z]     -- Looking for pthread.h - not found
[2023-02-02T16:50:53.940Z]     -- Found Threads: TRUE
[2023-02-02T16:50:53.940Z]     -- Configuring done
[2023-02-02T16:50:53.940Z]     -- Generating done
[2023-02-02T16:50:53.940Z]     -- Build files have been written to: W:/build/RelWithDebInfo/googletest-build
[2023-02-02T16:50:58.615Z]     [6/8] Performing build step for 'googletest'
[2023-02-02T16:50:58.615Z]     [1/4] Building CXX object googletest\CMakeFiles\gtest_main.dir\src\gtest_main.cc.obj
[2023-02-02T16:50:58.615Z]     [2/4] Building CXX object googletest\CMakeFiles\gtest.dir\src\gtest-all.cc.obj
[2023-02-02T16:50:58.615Z]     [3/4] Linking CXX shared library bin\gtest.dll
[2023-02-02T16:50:58.615Z]     [4/4] Linking CXX shared library bin\gtest_main.dll
[2023-02-02T16:50:59.033Z]     [7/8] Performing install step for 'googletest'
[2023-02-02T16:50:59.033Z]     [0/1] Install the project...
[2023-02-02T16:50:59.033Z]     -- Install configuration: "RelWithDebInfo"
[2023-02-02T16:50:59.033Z]     [8/8] Completed 'googletest'
[2023-02-02T16:50:59.033Z]     -- ========== ...  GoogleTest installed. ==========
[2023-02-02T16:51:00.261Z]     -- MAYA_HAS_DEFAULT_MATERIAL_API is FALSE
[2023-02-02T16:51:00.261Z]     -- MAYA_NEW_POINT_SNAPPING_SUPPORT is FALSE
[2023-02-02T16:51:00.261Z]     -- MAYA_HAS_CRASH_DETECTION is FALSE
[2023-02-02T16:51:00.261Z]     -- MAYA_CURRENT_UFE_CAMERA_SUPPORT is FALSE
[2023-02-02T16:51:00.261Z]     -- MAYA_MRENDERITEM_UFE_IDENTIFIER_SUPPORT is FALSE
[2023-02-02T16:51:00.261Z]     -- MAYA_UPDATE_UFE_IDENTIFIER_SUPPORT is FALSE
[2023-02-02T16:51:00.261Z]     -- MAYA_HAS_DISPLAY_STYLE_ALL_VIEWPORTS is FALSE
[2023-02-02T16:51:00.261Z]     -- MAYA_ARRAY_ITERATOR_DIFFERENCE_TYPE_SUPPORT is FALSE
[2023-02-02T16:51:00.261Z]     -- MAYA_HAS_GET_MEMBER_PATHS is FALSE
[2023-02-02T16:51:00.261Z]     -- USD_HAS_COLOR4_SDR_SUPPORT is FALSE
[2023-02-02T16:51:00.261Z]     -- MAYA_HAS_DISPLAY_LAYER_API is FALSE
[2023-02-02T16:51:00.261Z]     -- MAYA_HAS_NEW_DISPLAY_LAYER_MESSAGING_API is FALSE
[2023-02-02T16:51:00.261Z]     -- MAYA_HAS_RENDER_ITEM_HIDE_ON_PLAYBACK_API is FALSE
[2023-02-02T16:51:00.261Z]     -- promoting: S:/jenkins/workspace/ECP/ecg-maya-usd/ecg-mayausd-branch-preflight-2019-no-ufe-windows/ecg-maya-usd/maya-usd/lib/mayaUsd/base/mayaUsd.h.src
[2023-02-02T16:51:00.261Z]     -- promoting: S:/jenkins/workspace/ECP/ecg-maya-usd/ecg-mayausd-branch-preflight-2019-no-ufe-windows/ecg-maya-usd/maya-usd/lib/mayaUsd/base/api.h
[2023-02-02T16:51:00.261Z]     -- promoting: S:/jenkins/workspace/ECP/ecg-maya-usd/ecg-mayausd-branch-preflight-2019-no-ufe-windows/ecg-maya-usd/maya-usd/lib/mayaUsd/base/debugCodes.h
[2023-02-02T16:51:00.261Z]     -- promoting: S:/jenkins/workspace/ECP/ecg-maya-usd/ecg-mayausd-branch-preflight-2019-no-ufe-windows/ecg-maya-usd/maya-usd/lib/mayaUsd/base/id.h
[2023-02-02T16:51:00.261Z]     -- promoting: S:/jenkins/workspace/ECP/ecg-maya-usd/ecg-mayausd-branch-preflight-2019-no-ufe-windows/ecg-maya-usd/maya-usd/lib/mayaUsd/base/syncId.h
[2023-02-02T16:51:00.261Z]     -- promoting: S:/jenkins/workspace/ECP/ecg-maya-usd/ecg-mayausd-branch-preflight-2019-no-ufe-windows/ecg-maya-usd/maya-usd/lib/mayaUsd/base/tokens.h
[2023-02-02T16:51:00.261Z]     -- promoting: S:/jenkins/workspace/ECP/ecg-maya-usd/ecg-mayausd-branch-preflight-2019-no-ufe-windows/ecg-maya-usd/maya-usd/lib/mayaUsd/commands/abstractLayerEditorWindow.h
[2023-02-02T16:51:00.261Z]     -- promoting: S:/jenkins/workspace/ECP/ecg-maya-usd/ecg-mayausd-branch-preflight-2019-no-ufe-windows/ecg-maya-usd/maya-usd/lib/mayaUsd/commands/baseExportCommand.h
[2023-02-02T16:51:00.261Z]     -- promoting: S:/jenkins/workspace/ECP/ecg-maya-usd/ecg-mayausd-branch-preflight-2019-no-ufe-windows/ecg-maya-usd/maya-usd/lib/mayaUsd/commands/baseImportCommand.h
[2023-02-02T16:51:00.261Z]     -- promoting: S:/jenkins/workspace/ECP/ecg-maya-usd/ecg-mayausd-branch-preflight-2019-no-ufe-windows/ecg-maya-usd/maya-usd/lib/mayaUsd/commands/baseListJobContextsCommand.h
[2023-02-02T16:51:00.261Z]     -- promoting: S:/jenkins/workspace/ECP/ecg-maya-usd/ecg-mayausd-branch-preflight-2019-no-ufe-windows/ecg-maya-usd/maya-usd/lib/mayaUsd/commands/baseListShadingModesCommand.h
[2023-02-02T16:51:00.261Z]     -- promoting: S:/jenkins/workspace/ECP/ecg-maya-usd/ecg-mayausd-branch-preflight-2019-no-ufe-windows/ecg-maya-usd/maya-usd/lib/mayaUsd/commands/editTargetCommand.h
[2023-02-02T16:51:00.261Z]     -- promoting: S:/jenkins/workspace/ECP/ecg-maya-usd/ecg-mayausd-branch-preflight-2019-no-ufe-windows/ecg-maya-usd/maya-usd/lib/mayaUsd/commands/layerEditorCommand.h
[2023-02-02T16:51:00.261Z]     -- promoting: S:/jenkins/workspace/ECP/ecg-maya-usd/ecg-mayausd-branch-preflight-2019-no-ufe-windows/ecg-maya-usd/maya-usd/lib/mayaUsd/commands/layerEditorWindowCommand.h
[2023-02-02T16:51:00.261Z]     -- promoting: S:/jenkins/workspace/ECP/ecg-maya-usd/ecg-mayausd-branch-preflight-2019-no-ufe-windows/ecg-maya-usd/maya-usd/lib/mayaUsd/fileio/fallbackPrimReader.h
[2023-02-02T16:51:00.261Z]     -- promoting: S:/jenkins/workspace/ECP/ecg-maya-usd/ecg-mayausd-branch-preflight-2019-no-ufe-windows/ecg-maya-usd/maya-usd/lib/mayaUsd/fileio/functorPrimReader.h
[2023-02-02T16:51:00.261Z]     -- promoting: S:/jenkins/workspace/ECP/ecg-maya-usd/ecg-mayausd-branch-preflight-2019-no-ufe-windows/ecg-maya-usd/maya-usd/lib/mayaUsd/fileio/functorPrimWriter.h
[2023-02-02T16:51:00.261Z]     -- promoting: S:/jenkins/workspace/ECP/ecg-maya-usd/ecg-mayausd-branch-preflight-2019-no-ufe-windows/ecg-maya-usd/maya-usd/lib/mayaUsd/fileio/importData.h
[2023-02-02T16:51:00.261Z]     -- promoting: S:/jenkins/workspace/ECP/ecg-maya-usd/ecg-mayausd-branch-preflight-2019-no-ufe-windows/ecg-maya-usd/maya-usd/lib/mayaUsd/fileio/instancedNodeWriter.h
[2023-02-02T16:51:00.261Z]     -- promoting: S:/jenkins/workspace/ECP/ecg-maya-usd/ecg-mayausd-branch-preflight-2019-no-ufe-windows/ecg-maya-usd/maya-usd/lib/mayaUsd/fileio/jobContextRegistry.h
[2023-02-02T16:51:00.261Z]     -- promoting: S:/jenkins/workspace/ECP/ecg-maya-usd/ecg-mayausd-branch-preflight-2019-no-ufe-windows/ecg-maya-usd/maya-usd/lib/mayaUsd/fileio/primReader.h
[2023-02-02T16:51:00.261Z]     -- promoting: S:/jenkins/workspace/ECP/ecg-maya-usd/ecg-mayausd-branch-preflight-2019-no-ufe-windows/ecg-maya-usd/maya-usd/lib/mayaUsd/fileio/primReaderArgs.h
[2023-02-02T16:51:00.261Z]     -- promoting: S:/jenkins/workspace/ECP/ecg-maya-usd/ecg-mayausd-branch-preflight-2019-no-ufe-windows/ecg-maya-usd/maya-usd/lib/mayaUsd/fileio/primReaderContext.h
[2023-02-02T16:51:00.261Z]     -- promoting: S:/jenkins/workspace/ECP/ecg-maya-usd/ecg-mayausd-branch-preflight-2019-no-ufe-windows/ecg-maya-usd/maya-usd/lib/mayaUsd/fileio/primReaderRegistry.h
[2023-02-02T16:51:00.261Z]     -- promoting: S:/jenkins/workspace/ECP/ecg-maya-usd/ecg-mayausd-branch-preflight-2019-no-ufe-windows/ecg-maya-usd/maya-usd/lib/mayaUsd/fileio/primWriter.h
[2023-02-02T16:51:00.261Z]     -- promoting: S:/jenkins/workspace/ECP/ecg-maya-usd/ecg-mayausd-branch-preflight-2019-no-ufe-windows/ecg-maya-usd/maya-usd/lib/mayaUsd/fileio/primWriterArgs.h
[2023-02-02T16:51:00.261Z]     -- promoting: S:/jenkins/workspace/ECP/ecg-maya-usd/ecg-mayausd-branch-preflight-2019-no-ufe-windows/ecg-maya-usd/maya-usd/lib/mayaUsd/fileio/primWriterContext.h
[2023-02-02T16:51:00.261Z]     -- promoting: S:/jenkins/workspace/ECP/ecg-maya-usd/ecg-mayausd-branch-preflight-2019-no-ufe-windows/ecg-maya-usd/maya-usd/lib/mayaUsd/fileio/primWriterRegistry.h
[2023-02-02T16:51:00.261Z]     -- promoting: S:/jenkins/workspace/ECP/ecg-maya-usd/ecg-mayausd-branch-preflight-2019-no-ufe-windows/ecg-maya-usd/maya-usd/lib/mayaUsd/fileio/registryHelper.h
[2023-02-02T16:51:00.261Z]     -- promoting: S:/jenkins/workspace/ECP/ecg-maya-usd/ecg-mayausd-branch-preflight-2019-no-ufe-windows/ecg-maya-usd/maya-usd/lib/mayaUsd/fileio/schemaApiAdaptor.h
[2023-02-02T16:51:00.261Z]     -- promoting: S:/jenkins/workspace/ECP/ecg-maya-usd/ecg-mayausd-branch-preflight-2019-no-ufe-windows/ecg-maya-usd/maya-usd/lib/mayaUsd/fileio/schemaApiAdaptorRegistry.h
[2023-02-02T16:51:00.261Z]     -- promoting: S:/jenkins/workspace/ECP/ecg-maya-usd/ecg-mayausd-branch-preflight-2019-no-ufe-windows/ecg-maya-usd/maya-usd/lib/mayaUsd/fileio/shaderReader.h
[2023-02-02T16:51:00.261Z]     -- promoting: S:/jenkins/workspace/ECP/ecg-maya-usd/ecg-mayausd-branch-preflight-2019-no-ufe-windows/ecg-maya-usd/maya-usd/lib/mayaUsd/fileio/shaderReaderRegistry.h
[2023-02-02T16:51:00.261Z]     -- promoting: S:/jenkins/workspace/ECP/ecg-maya-usd/ecg-mayausd-branch-preflight-2019-no-ufe-windows/ecg-maya-usd/maya-usd/lib/mayaUsd/fileio/shaderWriter.h
[2023-02-02T16:51:00.261Z]     -- promoting: S:/jenkins/workspace/ECP/ecg-maya-usd/ecg-mayausd-branch-preflight-2019-no-ufe-windows/ecg-maya-usd/maya-usd/lib/mayaUsd/fileio/shaderWriterRegistry.h
[2023-02-02T16:51:00.261Z]     -- promoting: S:/jenkins/workspace/ECP/ecg-maya-usd/ecg-mayausd-branch-preflight-2019-no-ufe-windows/ecg-maya-usd/maya-usd/lib/mayaUsd/fileio/transformWriter.h
[2023-02-02T16:51:00.261Z]     -- promoting: S:/jenkins/workspace/ECP/ecg-maya-usd/ecg-mayausd-branch-preflight-2019-no-ufe-windows/ecg-maya-usd/maya-usd/lib/mayaUsd/fileio/writeJobContext.h
[2023-02-02T16:51:00.261Z]     -- promoting: S:/jenkins/workspace/ECP/ecg-maya-usd/ecg-mayausd-branch-preflight-2019-no-ufe-windows/ecg-maya-usd/maya-usd/lib/mayaUsd/fileio/chaser/exportChaser.h
[2023-02-02T16:51:00.261Z]     -- promoting: S:/jenkins/workspace/ECP/ecg-maya-usd/ecg-mayausd-branch-preflight-2019-no-ufe-windows/ecg-maya-usd/maya-usd/lib/mayaUsd/fileio/chaser/exportChaserRegistry.h
[2023-02-02T16:51:00.261Z]     -- promoting: S:/jenkins/workspace/ECP/ecg-maya-usd/ecg-mayausd-branch-preflight-2019-no-ufe-windows/ecg-maya-usd/maya-usd/lib/mayaUsd/fileio/chaser/importChaserRegistry.h
[2023-02-02T16:51:00.261Z]     -- promoting: S:/jenkins/workspace/ECP/ecg-maya-usd/ecg-mayausd-branch-preflight-2019-no-ufe-windows/ecg-maya-usd/maya-usd/lib/mayaUsd/fileio/chaser/importChaser.h
[2023-02-02T16:51:00.261Z]     -- promoting: S:/jenkins/workspace/ECP/ecg-maya-usd/ecg-mayausd-branch-preflight-2019-no-ufe-windows/ecg-maya-usd/maya-usd/lib/mayaUsd/fileio/jobs/jobArgs.h
[2023-02-02T16:51:00.261Z]     -- promoting: S:/jenkins/workspace/ECP/ecg-maya-usd/ecg-mayausd-branch-preflight-2019-no-ufe-windows/ecg-maya-usd/maya-usd/lib/mayaUsd/fileio/jobs/meshDataReadJob.h
[2023-02-02T16:51:00.261Z]     -- promoting: S:/jenkins/workspace/ECP/ecg-maya-usd/ecg-mayausd-branch-preflight-2019-no-ufe-windows/ecg-maya-usd/maya-usd/lib/mayaUsd/fileio/jobs/modelKindProcessor.h
[2023-02-02T16:51:00.261Z]     -- promoting: S:/jenkins/workspace/ECP/ecg-maya-usd/ecg-mayausd-branch-preflight-2019-no-ufe-windows/ecg-maya-usd/maya-usd/lib/mayaUsd/fileio/jobs/readJob.h
[2023-02-02T16:51:00.261Z]     -- promoting: S:/jenkins/workspace/ECP/ecg-maya-usd/ecg-mayausd-branch-preflight-2019-no-ufe-windows/ecg-maya-usd/maya-usd/lib/mayaUsd/fileio/jobs/writeJob.h
[2023-02-02T16:51:00.261Z]     -- promoting: S:/jenkins/workspace/ECP/ecg-maya-usd/ecg-mayausd-branch-preflight-2019-no-ufe-windows/ecg-maya-usd/maya-usd/lib/mayaUsd/fileio/shading/rfmShaderMap.h
[2023-02-02T16:51:00.261Z]     -- promoting: S:/jenkins/workspace/ECP/ecg-maya-usd/ecg-mayausd-branch-preflight-2019-no-ufe-windows/ecg-maya-usd/maya-usd/lib/mayaUsd/fileio/shading/shadingModeExporter.h
[2023-02-02T16:51:00.261Z]     -- promoting: S:/jenkins/workspace/ECP/ecg-maya-usd/ecg-mayausd-branch-preflight-2019-no-ufe-windows/ecg-maya-usd/maya-usd/lib/mayaUsd/fileio/shading/shadingModeExporterContext.h
[2023-02-02T16:51:00.261Z]     -- promoting: S:/jenkins/workspace/ECP/ecg-maya-usd/ecg-mayausd-branch-preflight-2019-no-ufe-windows/ecg-maya-usd/maya-usd/lib/mayaUsd/fileio/shading/shadingModeImporter.h
[2023-02-02T16:51:00.261Z]     -- promoting: S:/jenkins/workspace/ECP/ecg-maya-usd/ecg-mayausd-branch-preflight-2019-no-ufe-windows/ecg-maya-usd/maya-usd/lib/mayaUsd/fileio/shading/shadingModeRegistry.h
[2023-02-02T16:51:00.261Z]     -- promoting: S:/jenkins/workspace/ECP/ecg-maya-usd/ecg-mayausd-branch-preflight-2019-no-ufe-windows/ecg-maya-usd/maya-usd/lib/mayaUsd/fileio/shading/symmetricShaderReader.h
[2023-02-02T16:51:00.261Z]     -- promoting: S:/jenkins/workspace/ECP/ecg-maya-usd/ecg-mayausd-branch-preflight-2019-no-ufe-windows/ecg-maya-usd/maya-usd/lib/mayaUsd/fileio/shading/symmetricShaderWriter.h
[2023-02-02T16:51:00.375Z]     -- promoting: S:/jenkins/workspace/ECP/ecg-maya-usd/ecg-mayausd-branch-preflight-2019-no-ufe-windows/ecg-maya-usd/maya-usd/lib/mayaUsd/fileio/translators/skelBindingsProcessor.h
[2023-02-02T16:51:00.375Z]     -- promoting: S:/jenkins/workspace/ECP/ecg-maya-usd/ecg-mayausd-branch-preflight-2019-no-ufe-windows/ecg-maya-usd/maya-usd/lib/mayaUsd/fileio/translators/translatorCamera.h
[2023-02-02T16:51:00.375Z]     -- promoting: S:/jenkins/workspace/ECP/ecg-maya-usd/ecg-mayausd-branch-preflight-2019-no-ufe-windows/ecg-maya-usd/maya-usd/lib/mayaUsd/fileio/translators/translatorCurves.h
[2023-02-02T16:51:00.375Z]     -- promoting: S:/jenkins/workspace/ECP/ecg-maya-usd/ecg-mayausd-branch-preflight-2019-no-ufe-windows/ecg-maya-usd/maya-usd/lib/mayaUsd/fileio/translators/translatorGprim.h
[2023-02-02T16:51:00.375Z]     -- promoting: S:/jenkins/workspace/ECP/ecg-maya-usd/ecg-mayausd-branch-preflight-2019-no-ufe-windows/ecg-maya-usd/maya-usd/lib/mayaUsd/fileio/translators/translatorLight.h
[2023-02-02T16:51:00.375Z]     -- promoting: S:/jenkins/workspace/ECP/ecg-maya-usd/ecg-mayausd-branch-preflight-2019-no-ufe-windows/ecg-maya-usd/maya-usd/lib/mayaUsd/fileio/translators/translatorMaterial.h
[2023-02-02T16:51:00.375Z]     -- promoting: S:/jenkins/workspace/ECP/ecg-maya-usd/ecg-mayausd-branch-preflight-2019-no-ufe-windows/ecg-maya-usd/maya-usd/lib/mayaUsd/fileio/translators/translatorMayaReference.h
[2023-02-02T16:51:00.375Z]     -- promoting: S:/jenkins/workspace/ECP/ecg-maya-usd/ecg-mayausd-branch-preflight-2019-no-ufe-windows/ecg-maya-usd/maya-usd/lib/mayaUsd/fileio/translators/translatorMesh.h
[2023-02-02T16:51:00.375Z]     -- promoting: S:/jenkins/workspace/ECP/ecg-maya-usd/ecg-mayausd-branch-preflight-2019-no-ufe-windows/ecg-maya-usd/maya-usd/lib/mayaUsd/fileio/translators/translatorNurbsPatch.h
[2023-02-02T16:51:00.375Z]     -- promoting: S:/jenkins/workspace/ECP/ecg-maya-usd/ecg-mayausd-branch-preflight-2019-no-ufe-windows/ecg-maya-usd/maya-usd/lib/mayaUsd/fileio/translators/translatorPrim.h
[2023-02-02T16:51:00.375Z]     -- promoting: S:/jenkins/workspace/ECP/ecg-maya-usd/ecg-mayausd-branch-preflight-2019-no-ufe-windows/ecg-maya-usd/maya-usd/lib/mayaUsd/fileio/translators/translatorRfMLight.h
[2023-02-02T16:51:00.375Z]     -- promoting: S:/jenkins/workspace/ECP/ecg-maya-usd/ecg-mayausd-branch-preflight-2019-no-ufe-windows/ecg-maya-usd/maya-usd/lib/mayaUsd/fileio/translators/translatorSkel.h
[2023-02-02T16:51:00.375Z]     -- promoting: S:/jenkins/workspace/ECP/ecg-maya-usd/ecg-mayausd-branch-preflight-2019-no-ufe-windows/ecg-maya-usd/maya-usd/lib/mayaUsd/fileio/translators/translatorUtil.h
[2023-02-02T16:51:00.375Z]     -- promoting: S:/jenkins/workspace/ECP/ecg-maya-usd/ecg-mayausd-branch-preflight-2019-no-ufe-windows/ecg-maya-usd/maya-usd/lib/mayaUsd/fileio/translators/translatorXformable.h
[2023-02-02T16:51:00.375Z]     -- promoting: S:/jenkins/workspace/ECP/ecg-maya-usd/ecg-mayausd-branch-preflight-2019-no-ufe-windows/ecg-maya-usd/maya-usd/lib/mayaUsd/fileio/utils/adaptor.h
[2023-02-02T16:51:00.375Z]     -- promoting: S:/jenkins/workspace/ECP/ecg-maya-usd/ecg-mayausd-branch-preflight-2019-no-ufe-windows/ecg-maya-usd/maya-usd/lib/mayaUsd/fileio/utils/jointWriteUtils.h
[2023-02-02T16:51:00.375Z]     -- promoting: S:/jenkins/workspace/ECP/ecg-maya-usd/ecg-mayausd-branch-preflight-2019-no-ufe-windows/ecg-maya-usd/maya-usd/lib/mayaUsd/fileio/utils/meshReadUtils.h
[2023-02-02T16:51:00.375Z]     -- promoting: S:/jenkins/workspace/ECP/ecg-maya-usd/ecg-mayausd-branch-preflight-2019-no-ufe-windows/ecg-maya-usd/maya-usd/lib/mayaUsd/fileio/utils/meshWriteUtils.h
[2023-02-02T16:51:00.375Z]     -- promoting: S:/jenkins/workspace/ECP/ecg-maya-usd/ecg-mayausd-branch-preflight-2019-no-ufe-windows/ecg-maya-usd/maya-usd/lib/mayaUsd/fileio/utils/readUtil.h
[2023-02-02T16:51:00.375Z]     -- promoting: S:/jenkins/workspace/ECP/ecg-maya-usd/ecg-mayausd-branch-preflight-2019-no-ufe-windows/ecg-maya-usd/maya-usd/lib/mayaUsd/fileio/utils/roundTripUtil.h
[2023-02-02T16:51:00.375Z]     -- promoting: S:/jenkins/workspace/ECP/ecg-maya-usd/ecg-mayausd-branch-preflight-2019-no-ufe-windows/ecg-maya-usd/maya-usd/lib/mayaUsd/fileio/utils/shadingUtil.h
[2023-02-02T16:51:00.375Z]     -- promoting: S:/jenkins/workspace/ECP/ecg-maya-usd/ecg-mayausd-branch-preflight-2019-no-ufe-windows/ecg-maya-usd/maya-usd/lib/mayaUsd/fileio/utils/userTaggedAttribute.h
[2023-02-02T16:51:00.375Z]     -- promoting: S:/jenkins/workspace/ECP/ecg-maya-usd/ecg-mayausd-branch-preflight-2019-no-ufe-windows/ecg-maya-usd/maya-usd/lib/mayaUsd/fileio/utils/writeUtil.h
[2023-02-02T16:51:00.375Z]     -- promoting: S:/jenkins/workspace/ECP/ecg-maya-usd/ecg-mayausd-branch-preflight-2019-no-ufe-windows/ecg-maya-usd/maya-usd/lib/mayaUsd/fileio/utils/xformStack.h
[2023-02-02T16:51:00.375Z]     -- promoting: S:/jenkins/workspace/ECP/ecg-maya-usd/ecg-mayausd-branch-preflight-2019-no-ufe-windows/ecg-maya-usd/maya-usd/lib/mayaUsd/listeners/notice.h
[2023-02-02T16:51:00.375Z]     -- promoting: S:/jenkins/workspace/ECP/ecg-maya-usd/ecg-mayausd-branch-preflight-2019-no-ufe-windows/ecg-maya-usd/maya-usd/lib/mayaUsd/listeners/proxyShapeNotice.h
[2023-02-02T16:51:00.375Z]     -- promoting: S:/jenkins/workspace/ECP/ecg-maya-usd/ecg-mayausd-branch-preflight-2019-no-ufe-windows/ecg-maya-usd/maya-usd/lib/mayaUsd/listeners/stageNoticeListener.h
[2023-02-02T16:51:00.375Z]     -- promoting: S:/jenkins/workspace/ECP/ecg-maya-usd/ecg-mayausd-branch-preflight-2019-no-ufe-windows/ecg-maya-usd/maya-usd/lib/mayaUsd/nodes/hdImagingShape.h
[2023-02-02T16:51:00.375Z]     -- promoting: S:/jenkins/workspace/ECP/ecg-maya-usd/ecg-mayausd-branch-preflight-2019-no-ufe-windows/ecg-maya-usd/maya-usd/lib/mayaUsd/nodes/pointBasedDeformerNode.h
[2023-02-02T16:51:00.375Z]     -- promoting: S:/jenkins/workspace/ECP/ecg-maya-usd/ecg-mayausd-branch-preflight-2019-no-ufe-windows/ecg-maya-usd/maya-usd/lib/mayaUsd/nodes/proxyAccessor.h
[2023-02-02T16:51:00.375Z]     -- promoting: S:/jenkins/workspace/ECP/ecg-maya-usd/ecg-mayausd-branch-preflight-2019-no-ufe-windows/ecg-maya-usd/maya-usd/lib/mayaUsd/nodes/proxyShapeBase.h
[2023-02-02T16:51:00.375Z]     -- promoting: S:/jenkins/workspace/ECP/ecg-maya-usd/ecg-mayausd-branch-preflight-2019-no-ufe-windows/ecg-maya-usd/maya-usd/lib/mayaUsd/nodes/proxyShapePlugin.h
[2023-02-02T16:51:00.375Z]     -- promoting: S:/jenkins/workspace/ECP/ecg-maya-usd/ecg-mayausd-branch-preflight-2019-no-ufe-windows/ecg-maya-usd/maya-usd/lib/mayaUsd/nodes/proxyStageProvider.h
[2023-02-02T16:51:00.375Z]     -- promoting: S:/jenkins/workspace/ECP/ecg-maya-usd/ecg-mayausd-branch-preflight-2019-no-ufe-windows/ecg-maya-usd/maya-usd/lib/mayaUsd/nodes/proxyShapeStageExtraData.h
[2023-02-02T16:51:00.375Z]     -- promoting: S:/jenkins/workspace/ECP/ecg-maya-usd/ecg-mayausd-branch-preflight-2019-no-ufe-windows/ecg-maya-usd/maya-usd/lib/mayaUsd/nodes/stageData.h
[2023-02-02T16:51:00.375Z]     -- promoting: S:/jenkins/workspace/ECP/ecg-maya-usd/ecg-mayausd-branch-preflight-2019-no-ufe-windows/ecg-maya-usd/maya-usd/lib/mayaUsd/nodes/stageNode.h
[2023-02-02T16:51:00.375Z]     -- promoting: S:/jenkins/workspace/ECP/ecg-maya-usd/ecg-mayausd-branch-preflight-2019-no-ufe-windows/ecg-maya-usd/maya-usd/lib/mayaUsd/nodes/usdPrimProvider.h
[2023-02-02T16:51:00.375Z]     -- promoting: S:/jenkins/workspace/ECP/ecg-maya-usd/ecg-mayausd-branch-preflight-2019-no-ufe-windows/ecg-maya-usd/maya-usd/lib/mayaUsd/render/px_vp20/glslProgram.h
[2023-02-02T16:51:00.375Z]     -- promoting: S:/jenkins/workspace/ECP/ecg-maya-usd/ecg-mayausd-branch-preflight-2019-no-ufe-windows/ecg-maya-usd/maya-usd/lib/mayaUsd/render/px_vp20/utils.h
[2023-02-02T16:51:00.375Z]     -- promoting: S:/jenkins/workspace/ECP/ecg-maya-usd/ecg-mayausd-branch-preflight-2019-no-ufe-windows/ecg-maya-usd/maya-usd/lib/mayaUsd/render/px_vp20/utils_legacy.h
[2023-02-02T16:51:00.375Z]     -- promoting: S:/jenkins/workspace/ECP/ecg-maya-usd/ecg-mayausd-branch-preflight-2019-no-ufe-windows/ecg-maya-usd/maya-usd/lib/mayaUsd/render/pxrUsdMayaGL/batchRenderer.h
[2023-02-02T16:51:00.375Z]     -- promoting: S:/jenkins/workspace/ECP/ecg-maya-usd/ecg-mayausd-branch-preflight-2019-no-ufe-windows/ecg-maya-usd/maya-usd/lib/mayaUsd/render/pxrUsdMayaGL/debugCodes.h
[2023-02-02T16:51:00.375Z]     -- promoting: S:/jenkins/workspace/ECP/ecg-maya-usd/ecg-mayausd-branch-preflight-2019-no-ufe-windows/ecg-maya-usd/maya-usd/lib/mayaUsd/render/pxrUsdMayaGL/hdImagingShapeDrawOverride.h
[2023-02-02T16:51:00.375Z]     -- promoting: S:/jenkins/workspace/ECP/ecg-maya-usd/ecg-mayausd-branch-preflight-2019-no-ufe-windows/ecg-maya-usd/maya-usd/lib/mayaUsd/render/pxrUsdMayaGL/hdImagingShapeUI.h
[2023-02-02T16:51:00.375Z]     -- promoting: S:/jenkins/workspace/ECP/ecg-maya-usd/ecg-mayausd-branch-preflight-2019-no-ufe-windows/ecg-maya-usd/maya-usd/lib/mayaUsd/render/pxrUsdMayaGL/instancerImager.h
[2023-02-02T16:51:00.375Z]     -- promoting: S:/jenkins/workspace/ECP/ecg-maya-usd/ecg-mayausd-branch-preflight-2019-no-ufe-windows/ecg-maya-usd/maya-usd/lib/mayaUsd/render/pxrUsdMayaGL/instancerShapeAdapter.h
[2023-02-02T16:51:00.375Z]     -- promoting: S:/jenkins/workspace/ECP/ecg-maya-usd/ecg-mayausd-branch-preflight-2019-no-ufe-windows/ecg-maya-usd/maya-usd/lib/mayaUsd/render/pxrUsdMayaGL/proxyDrawOverride.h
[2023-02-02T16:51:00.375Z]     -- promoting: S:/jenkins/workspace/ECP/ecg-maya-usd/ecg-mayausd-branch-preflight-2019-no-ufe-windows/ecg-maya-usd/maya-usd/lib/mayaUsd/render/pxrUsdMayaGL/proxyShapeUI.h
[2023-02-02T16:51:00.375Z]     -- promoting: S:/jenkins/workspace/ECP/ecg-maya-usd/ecg-mayausd-branch-preflight-2019-no-ufe-windows/ecg-maya-usd/maya-usd/lib/mayaUsd/render/pxrUsdMayaGL/renderParams.h
[2023-02-02T16:51:00.375Z]     -- promoting: S:/jenkins/workspace/ECP/ecg-maya-usd/ecg-mayausd-branch-preflight-2019-no-ufe-windows/ecg-maya-usd/maya-usd/lib/mayaUsd/render/pxrUsdMayaGL/sceneDelegate.h
[2023-02-02T16:51:00.375Z]     -- promoting: S:/jenkins/workspace/ECP/ecg-maya-usd/ecg-mayausd-branch-preflight-2019-no-ufe-windows/ecg-maya-usd/maya-usd/lib/mayaUsd/render/pxrUsdMayaGL/shapeAdapter.h
[2023-02-02T16:51:00.375Z]     -- promoting: S:/jenkins/workspace/ECP/ecg-maya-usd/ecg-mayausd-branch-preflight-2019-no-ufe-windows/ecg-maya-usd/maya-usd/lib/mayaUsd/render/pxrUsdMayaGL/softSelectHelper.h
[2023-02-02T16:51:00.375Z]     -- promoting: S:/jenkins/workspace/ECP/ecg-maya-usd/ecg-mayausd-branch-preflight-2019-no-ufe-windows/ecg-maya-usd/maya-usd/lib/mayaUsd/render/pxrUsdMayaGL/usdProxyShapeAdapter.h
[2023-02-02T16:51:00.375Z]     -- promoting: S:/jenkins/workspace/ECP/ecg-maya-usd/ecg-mayausd-branch-preflight-2019-no-ufe-windows/ecg-maya-usd/maya-usd/lib/mayaUsd/render/pxrUsdMayaGL/userData.h
[2023-02-02T16:51:00.489Z]     -- promoting: S:/jenkins/workspace/ECP/ecg-maya-usd/ecg-mayausd-branch-preflight-2019-no-ufe-windows/ecg-maya-usd/maya-usd/lib/mayaUsd/render/vp2RenderDelegate/proxyRenderDelegate.h
[2023-02-02T16:51:00.489Z]     -- promoting: S:/jenkins/workspace/ECP/ecg-maya-usd/ecg-mayausd-branch-preflight-2019-no-ufe-windows/ecg-maya-usd/maya-usd/lib/mayaUsd/render/vp2ShaderFragments/shaderFragments.h
[2023-02-02T16:51:00.489Z]     -- promoting: S:/jenkins/workspace/ECP/ecg-maya-usd/ecg-mayausd-branch-preflight-2019-no-ufe-windows/ecg-maya-usd/maya-usd/lib/mayaUsd/undo/OpUndoItemList.h
[2023-02-02T16:51:00.489Z]     -- promoting: S:/jenkins/workspace/ECP/ecg-maya-usd/ecg-mayausd-branch-preflight-2019-no-ufe-windows/ecg-maya-usd/maya-usd/lib/mayaUsd/undo/OpUndoItemMuting.h
[2023-02-02T16:51:00.489Z]     -- promoting: S:/jenkins/workspace/ECP/ecg-maya-usd/ecg-mayausd-branch-preflight-2019-no-ufe-windows/ecg-maya-usd/maya-usd/lib/mayaUsd/undo/OpUndoItemRecorder.h
[2023-02-02T16:51:00.489Z]     -- promoting: S:/jenkins/workspace/ECP/ecg-maya-usd/ecg-mayausd-branch-preflight-2019-no-ufe-windows/ecg-maya-usd/maya-usd/lib/mayaUsd/undo/OpUndoItems.h
[2023-02-02T16:51:00.489Z]     -- promoting: S:/jenkins/workspace/ECP/ecg-maya-usd/ecg-mayausd-branch-preflight-2019-no-ufe-windows/ecg-maya-usd/maya-usd/lib/mayaUsd/undo/UsdUndoBlock.h
[2023-02-02T16:51:00.489Z]     -- promoting: S:/jenkins/workspace/ECP/ecg-maya-usd/ecg-mayausd-branch-preflight-2019-no-ufe-windows/ecg-maya-usd/maya-usd/lib/mayaUsd/undo/UsdUndoManager.h
[2023-02-02T16:51:00.489Z]     -- promoting: S:/jenkins/workspace/ECP/ecg-maya-usd/ecg-mayausd-branch-preflight-2019-no-ufe-windows/ecg-maya-usd/maya-usd/lib/mayaUsd/undo/UsdUndoStateDelegate.h
[2023-02-02T16:51:00.489Z]     -- promoting: S:/jenkins/workspace/ECP/ecg-maya-usd/ecg-mayausd-branch-preflight-2019-no-ufe-windows/ecg-maya-usd/maya-usd/lib/mayaUsd/undo/UsdUndoableItem.h
[2023-02-02T16:51:00.489Z]     -- promoting: S:/jenkins/workspace/ECP/ecg-maya-usd/ecg-mayausd-branch-preflight-2019-no-ufe-windows/ecg-maya-usd/maya-usd/lib/mayaUsd/utils/blockSceneModificationContext.h
[2023-02-02T16:51:00.489Z]     -- promoting: S:/jenkins/workspace/ECP/ecg-maya-usd/ecg-mayausd-branch-preflight-2019-no-ufe-windows/ecg-maya-usd/maya-usd/lib/mayaUsd/utils/colorSpace.h
[2023-02-02T16:51:00.489Z]     -- promoting: S:/jenkins/workspace/ECP/ecg-maya-usd/ecg-mayausd-branch-preflight-2019-no-ufe-windows/ecg-maya-usd/maya-usd/lib/mayaUsd/utils/customLayerData.h
[2023-02-02T16:51:00.489Z]     -- promoting: S:/jenkins/workspace/ECP/ecg-maya-usd/ecg-mayausd-branch-preflight-2019-no-ufe-windows/ecg-maya-usd/maya-usd/lib/mayaUsd/utils/converter.h
[2023-02-02T16:51:00.489Z]     -- promoting: S:/jenkins/workspace/ECP/ecg-maya-usd/ecg-mayausd-branch-preflight-2019-no-ufe-windows/ecg-maya-usd/maya-usd/lib/mayaUsd/utils/diagnosticDelegate.h
[2023-02-02T16:51:00.489Z]     -- promoting: S:/jenkins/workspace/ECP/ecg-maya-usd/ecg-mayausd-branch-preflight-2019-no-ufe-windows/ecg-maya-usd/maya-usd/lib/mayaUsd/utils/dynamicAttribute.h
[2023-02-02T16:51:00.489Z]     -- promoting: S:/jenkins/workspace/ECP/ecg-maya-usd/ecg-mayausd-branch-preflight-2019-no-ufe-windows/ecg-maya-usd/maya-usd/lib/mayaUsd/utils/editability.h
[2023-02-02T16:51:00.489Z]     -- promoting: S:/jenkins/workspace/ECP/ecg-maya-usd/ecg-mayausd-branch-preflight-2019-no-ufe-windows/ecg-maya-usd/maya-usd/lib/mayaUsd/utils/editRouter.h
[2023-02-02T16:51:00.489Z]     -- promoting: S:/jenkins/workspace/ECP/ecg-maya-usd/ecg-mayausd-branch-preflight-2019-no-ufe-windows/ecg-maya-usd/maya-usd/lib/mayaUsd/utils/hash.h
[2023-02-02T16:51:00.489Z]     -- promoting: S:/jenkins/workspace/ECP/ecg-maya-usd/ecg-mayausd-branch-preflight-2019-no-ufe-windows/ecg-maya-usd/maya-usd/lib/mayaUsd/utils/layerMuting.h
[2023-02-02T16:51:00.489Z]     -- promoting: S:/jenkins/workspace/ECP/ecg-maya-usd/ecg-mayausd-branch-preflight-2019-no-ufe-windows/ecg-maya-usd/maya-usd/lib/mayaUsd/utils/loadRules.h
[2023-02-02T16:51:00.489Z]     -- promoting: S:/jenkins/workspace/ECP/ecg-maya-usd/ecg-mayausd-branch-preflight-2019-no-ufe-windows/ecg-maya-usd/maya-usd/lib/mayaUsd/utils/query.h
[2023-02-02T16:51:00.489Z]     -- promoting: S:/jenkins/workspace/ECP/ecg-maya-usd/ecg-mayausd-branch-preflight-2019-no-ufe-windows/ecg-maya-usd/maya-usd/lib/mayaUsd/utils/plugRegistryHelper.h
[2023-02-02T16:51:00.489Z]     -- promoting: S:/jenkins/workspace/ECP/ecg-maya-usd/ecg-mayausd-branch-preflight-2019-no-ufe-windows/ecg-maya-usd/maya-usd/lib/mayaUsd/utils/progressBarScope.h
[2023-02-02T16:51:00.489Z]     -- promoting: S:/jenkins/workspace/ECP/ecg-maya-usd/ecg-mayausd-branch-preflight-2019-no-ufe-windows/ecg-maya-usd/maya-usd/lib/mayaUsd/utils/selectability.h
[2023-02-02T16:51:00.489Z]     -- promoting: S:/jenkins/workspace/ECP/ecg-maya-usd/ecg-mayausd-branch-preflight-2019-no-ufe-windows/ecg-maya-usd/maya-usd/lib/mayaUsd/utils/stageCache.h
[2023-02-02T16:51:00.489Z]     -- promoting: S:/jenkins/workspace/ECP/ecg-maya-usd/ecg-mayausd-branch-preflight-2019-no-ufe-windows/ecg-maya-usd/maya-usd/lib/mayaUsd/utils/traverseLayer.h
[2023-02-02T16:51:00.489Z]     -- promoting: S:/jenkins/workspace/ECP/ecg-maya-usd/ecg-mayausd-branch-preflight-2019-no-ufe-windows/ecg-maya-usd/maya-usd/lib/mayaUsd/utils/undoHelperCommand.h
[2023-02-02T16:51:00.489Z]     -- promoting: S:/jenkins/workspace/ECP/ecg-maya-usd/ecg-mayausd-branch-preflight-2019-no-ufe-windows/ecg-maya-usd/maya-usd/lib/mayaUsd/utils/util.h
[2023-02-02T16:51:00.489Z]     -- promoting: S:/jenkins/workspace/ECP/ecg-maya-usd/ecg-mayausd-branch-preflight-2019-no-ufe-windows/ecg-maya-usd/maya-usd/lib/mayaUsd/utils/utilDictionary.h
[2023-02-02T16:51:00.489Z]     -- promoting: S:/jenkins/workspace/ECP/ecg-maya-usd/ecg-mayausd-branch-preflight-2019-no-ufe-windows/ecg-maya-usd/maya-usd/lib/mayaUsd/utils/utilFileSystem.h
[2023-02-02T16:51:00.489Z]     -- promoting: S:/jenkins/workspace/ECP/ecg-maya-usd/ecg-mayausd-branch-preflight-2019-no-ufe-windows/ecg-maya-usd/maya-usd/lib/mayaUsd/utils/utilSerialization.h
[2023-02-02T16:51:00.489Z]     -- promoting: S:/jenkins/workspace/ECP/ecg-maya-usd/ecg-mayausd-branch-preflight-2019-no-ufe-windows/ecg-maya-usd/maya-usd/lib/mayaUsd/utils/variants.h
[2023-02-02T16:51:00.489Z]     -- promoting: S:/jenkins/workspace/ECP/ecg-maya-usd/ecg-mayausd-branch-preflight-2019-no-ufe-windows/ecg-maya-usd/maya-usd/lib/mayaUsd/render/mayaToHydra/utils.h
[2023-02-02T16:51:00.604Z]     -- promoting: S:/jenkins/workspace/ECP/ecg-maya-usd/ecg-mayausd-branch-preflight-2019-no-ufe-windows/ecg-maya-usd/maya-usd/lib/usd/hdMaya/api.h
[2023-02-02T16:51:00.604Z]     -- promoting: S:/jenkins/workspace/ECP/ecg-maya-usd/ecg-mayausd-branch-preflight-2019-no-ufe-windows/ecg-maya-usd/maya-usd/lib/usd/hdMaya/utils.h
[2023-02-02T16:51:00.604Z]     -- promoting: S:/jenkins/workspace/ECP/ecg-maya-usd/ecg-mayausd-branch-preflight-2019-no-ufe-windows/ecg-maya-usd/maya-usd/lib/usd/hdMaya/debugCodes.h
[2023-02-02T16:51:00.604Z]     -- promoting: S:/jenkins/workspace/ECP/ecg-maya-usd/ecg-mayausd-branch-preflight-2019-no-ufe-windows/ecg-maya-usd/maya-usd/lib/usd/hdMaya/adapters/adapter.h
[2023-02-02T16:51:00.604Z]     -- promoting: S:/jenkins/workspace/ECP/ecg-maya-usd/ecg-mayausd-branch-preflight-2019-no-ufe-windows/ecg-maya-usd/maya-usd/lib/usd/hdMaya/adapters/adapterDebugCodes.h
[2023-02-02T16:51:00.604Z]     -- promoting: S:/jenkins/workspace/ECP/ecg-maya-usd/ecg-mayausd-branch-preflight-2019-no-ufe-windows/ecg-maya-usd/maya-usd/lib/usd/hdMaya/adapters/adapterRegistry.h
[2023-02-02T16:51:00.604Z]     -- promoting: S:/jenkins/workspace/ECP/ecg-maya-usd/ecg-mayausd-branch-preflight-2019-no-ufe-windows/ecg-maya-usd/maya-usd/lib/usd/hdMaya/adapters/cameraAdapter.h
[2023-02-02T16:51:00.604Z]     -- promoting: S:/jenkins/workspace/ECP/ecg-maya-usd/ecg-mayausd-branch-preflight-2019-no-ufe-windows/ecg-maya-usd/maya-usd/lib/usd/hdMaya/adapters/constantShadowMatrix.h
[2023-02-02T16:51:00.604Z]     -- promoting: S:/jenkins/workspace/ECP/ecg-maya-usd/ecg-mayausd-branch-preflight-2019-no-ufe-windows/ecg-maya-usd/maya-usd/lib/usd/hdMaya/adapters/dagAdapter.h
[2023-02-02T16:51:00.604Z]     -- promoting: S:/jenkins/workspace/ECP/ecg-maya-usd/ecg-mayausd-branch-preflight-2019-no-ufe-windows/ecg-maya-usd/maya-usd/lib/usd/hdMaya/adapters/lightAdapter.h
[2023-02-02T16:51:00.604Z]     -- promoting: S:/jenkins/workspace/ECP/ecg-maya-usd/ecg-mayausd-branch-preflight-2019-no-ufe-windows/ecg-maya-usd/maya-usd/lib/usd/hdMaya/adapters/proxyAdapter.h
[2023-02-02T16:51:00.604Z]     -- promoting: S:/jenkins/workspace/ECP/ecg-maya-usd/ecg-mayausd-branch-preflight-2019-no-ufe-windows/ecg-maya-usd/maya-usd/lib/usd/hdMaya/adapters/materialAdapter.h
[2023-02-02T16:51:00.604Z]     -- promoting: S:/jenkins/workspace/ECP/ecg-maya-usd/ecg-mayausd-branch-preflight-2019-no-ufe-windows/ecg-maya-usd/maya-usd/lib/usd/hdMaya/adapters/materialNetworkConverter.h
[2023-02-02T16:51:00.604Z]     -- promoting: S:/jenkins/workspace/ECP/ecg-maya-usd/ecg-mayausd-branch-preflight-2019-no-ufe-windows/ecg-maya-usd/maya-usd/lib/usd/hdMaya/adapters/mayaAttrs.h
[2023-02-02T16:51:00.604Z]     -- promoting: S:/jenkins/workspace/ECP/ecg-maya-usd/ecg-mayausd-branch-preflight-2019-no-ufe-windows/ecg-maya-usd/maya-usd/lib/usd/hdMaya/adapters/shapeAdapter.h
[2023-02-02T16:51:00.604Z]     -- promoting: S:/jenkins/workspace/ECP/ecg-maya-usd/ecg-mayausd-branch-preflight-2019-no-ufe-windows/ecg-maya-usd/maya-usd/lib/usd/hdMaya/adapters/tokens.h
[2023-02-02T16:51:00.604Z]     -- promoting: S:/jenkins/workspace/ECP/ecg-maya-usd/ecg-mayausd-branch-preflight-2019-no-ufe-windows/ecg-maya-usd/maya-usd/lib/usd/hdMaya/delegates/delegate.h
[2023-02-02T16:51:00.604Z]     -- promoting: S:/jenkins/workspace/ECP/ecg-maya-usd/ecg-mayausd-branch-preflight-2019-no-ufe-windows/ecg-maya-usd/maya-usd/lib/usd/hdMaya/delegates/delegateCtx.h
[2023-02-02T16:51:00.604Z]     -- promoting: S:/jenkins/workspace/ECP/ecg-maya-usd/ecg-mayausd-branch-preflight-2019-no-ufe-windows/ecg-maya-usd/maya-usd/lib/usd/hdMaya/delegates/delegateDebugCodes.h
[2023-02-02T16:51:00.604Z]     -- promoting: S:/jenkins/workspace/ECP/ecg-maya-usd/ecg-mayausd-branch-preflight-2019-no-ufe-windows/ecg-maya-usd/maya-usd/lib/usd/hdMaya/delegates/delegateRegistry.h
[2023-02-02T16:51:00.604Z]     -- promoting: S:/jenkins/workspace/ECP/ecg-maya-usd/ecg-mayausd-branch-preflight-2019-no-ufe-windows/ecg-maya-usd/maya-usd/lib/usd/hdMaya/delegates/params.h
[2023-02-02T16:51:00.604Z]     -- promoting: S:/jenkins/workspace/ECP/ecg-maya-usd/ecg-mayausd-branch-preflight-2019-no-ufe-windows/ecg-maya-usd/maya-usd/lib/usd/hdMaya/delegates/proxyDelegate.h
[2023-02-02T16:51:00.604Z]     -- promoting: S:/jenkins/workspace/ECP/ecg-maya-usd/ecg-mayausd-branch-preflight-2019-no-ufe-windows/ecg-maya-usd/maya-usd/lib/usd/hdMaya/delegates/proxyUsdImagingDelegate.h
[2023-02-02T16:51:00.604Z]     -- promoting: S:/jenkins/workspace/ECP/ecg-maya-usd/ecg-mayausd-branch-preflight-2019-no-ufe-windows/ecg-maya-usd/maya-usd/lib/usd/hdMaya/delegates/sceneDelegate.h
[2023-02-02T16:51:00.604Z]     -- promoting: S:/jenkins/workspace/ECP/ecg-maya-usd/ecg-mayausd-branch-preflight-2019-no-ufe-windows/ecg-maya-usd/maya-usd/lib/usd/hdMaya/delegates/testDelegate.h
[2023-02-02T16:51:00.604Z]     -- promoting: S:/jenkins/workspace/ECP/ecg-maya-usd/ecg-mayausd-branch-preflight-2019-no-ufe-windows/ecg-maya-usd/maya-usd/lib/usd/pxrUsdPreviewSurface/usdPreviewSurface.h
[2023-02-02T16:51:00.604Z]     -- promoting: S:/jenkins/workspace/ECP/ecg-maya-usd/ecg-mayausd-branch-preflight-2019-no-ufe-windows/ecg-maya-usd/maya-usd/lib/usd/pxrUsdPreviewSurface/usdPreviewSurfacePlugin.h
[2023-02-02T16:51:00.604Z]     -- promoting: S:/jenkins/workspace/ECP/ecg-maya-usd/ecg-mayausd-branch-preflight-2019-no-ufe-windows/ecg-maya-usd/maya-usd/lib/usd/schemas/api.h
[2023-02-02T16:51:00.604Z]     -- promoting: S:/jenkins/workspace/ECP/ecg-maya-usd/ecg-mayausd-branch-preflight-2019-no-ufe-windows/ecg-maya-usd/maya-usd/lib/usd/schemas/ALMayaReference.h
[2023-02-02T16:51:00.604Z]     -- promoting: S:/jenkins/workspace/ECP/ecg-maya-usd/ecg-mayausd-branch-preflight-2019-no-ufe-windows/ecg-maya-usd/maya-usd/lib/usd/schemas/MayaReference.h
[2023-02-02T16:51:00.604Z]     -- promoting: S:/jenkins/workspace/ECP/ecg-maya-usd/ecg-mayausd-branch-preflight-2019-no-ufe-windows/ecg-maya-usd/maya-usd/lib/usd/schemas/tokens.h
[2023-02-02T16:51:03.761Z]     Processing schema classes:
[2023-02-02T16:51:03.761Z]     MayaReference, ALMayaReference
[2023-02-02T16:51:03.761Z]     Loading Templates from p:\shared\Artifactory\Windows\USD\cfb3d8a\lib\usd\usd\resources\codegenTemplates
[2023-02-02T16:51:03.761Z]     Writing API:
[2023-02-02T16:51:03.761Z]     	    wrote W:\build\RelWithDebInfo\lib\usd\schemas\api.h
[2023-02-02T16:51:03.761Z]     Writing Schema Tokens:
[2023-02-02T16:51:03.761Z]     	    wrote W:\build\RelWithDebInfo\lib\usd\schemas\tokens.h
[2023-02-02T16:51:03.761Z]     	    wrote W:\build\RelWithDebInfo\lib\usd\schemas\tokens.cpp
[2023-02-02T16:51:03.761Z]     	    wrote W:\build\RelWithDebInfo\lib\usd\schemas\wrapTokens.cpp
[2023-02-02T16:51:03.761Z]     Generating Classes:
[2023-02-02T16:51:03.761Z]     	    wrote W:\build\RelWithDebInfo\lib\usd\schemas\MayaReference.h
[2023-02-02T16:51:03.761Z]     	    wrote W:\build\RelWithDebInfo\lib\usd\schemas\MayaReference.cpp
[2023-02-02T16:51:03.761Z]     	    wrote W:\build\RelWithDebInfo\lib\usd\schemas\wrapMayaReference.cpp
[2023-02-02T16:51:03.761Z]     	    wrote W:\build\RelWithDebInfo\lib\usd\schemas\ALMayaReference.h
[2023-02-02T16:51:03.761Z]     	    wrote W:\build\RelWithDebInfo\lib\usd\schemas\ALMayaReference.cpp
[2023-02-02T16:51:03.761Z]     	    wrote W:\build\RelWithDebInfo\lib\usd\schemas\wrapALMayaReference.cpp
[2023-02-02T16:51:03.761Z]     Loading Templates from p:\shared\Artifactory\Windows\USD\cfb3d8a\lib\usd\usd\resources\codegenTemplates
[2023-02-02T16:51:03.761Z]     	    wrote W:\build\RelWithDebInfo\lib\usd\schemas\plugInfo.json
[2023-02-02T16:51:03.761Z]     Generating Schematics:
[2023-02-02T16:51:03.761Z]     	    wrote W:\build\RelWithDebInfo\lib\usd\schemas\generatedSchema.usda
[2023-02-02T16:51:03.761Z]     -- promoting: S:/jenkins/workspace/ECP/ecg-maya-usd/ecg-mayausd-branch-preflight-2019-no-ufe-windows/ecg-maya-usd/maya-usd/lib/usd/utils/ALHalf.h
[2023-02-02T16:51:03.761Z]     -- promoting: S:/jenkins/workspace/ECP/ecg-maya-usd/ecg-mayausd-branch-preflight-2019-no-ufe-windows/ecg-maya-usd/maya-usd/lib/usd/utils/Api.h
[2023-02-02T16:51:03.761Z]     -- promoting: S:/jenkins/workspace/ECP/ecg-maya-usd/ecg-mayausd-branch-preflight-2019-no-ufe-windows/ecg-maya-usd/maya-usd/lib/usd/utils/DebugCodes.h
[2023-02-02T16:51:03.761Z]     -- promoting: S:/jenkins/workspace/ECP/ecg-maya-usd/ecg-mayausd-branch-preflight-2019-no-ufe-windows/ecg-maya-usd/maya-usd/lib/usd/utils/DiffCore.h
[2023-02-02T16:51:03.761Z]     -- promoting: S:/jenkins/workspace/ECP/ecg-maya-usd/ecg-mayausd-branch-preflight-2019-no-ufe-windows/ecg-maya-usd/maya-usd/lib/usd/utils/DiffPrims.h
[2023-02-02T16:51:03.761Z]     -- promoting: S:/jenkins/workspace/ECP/ecg-maya-usd/ecg-mayausd-branch-preflight-2019-no-ufe-windows/ecg-maya-usd/maya-usd/lib/usd/utils/MergePrims.h
[2023-02-02T16:51:03.761Z]     -- promoting: S:/jenkins/workspace/ECP/ecg-maya-usd/ecg-mayausd-branch-preflight-2019-no-ufe-windows/ecg-maya-usd/maya-usd/lib/usd/utils/MergePrimsOptions.h
[2023-02-02T16:51:03.761Z]     -- promoting: S:/jenkins/workspace/ECP/ecg-maya-usd/ecg-mayausd-branch-preflight-2019-no-ufe-windows/ecg-maya-usd/maya-usd/lib/usd/utils/ForwardDeclares.h
[2023-02-02T16:51:03.761Z]     -- promoting: S:/jenkins/workspace/ECP/ecg-maya-usd/ecg-mayausd-branch-preflight-2019-no-ufe-windows/ecg-maya-usd/maya-usd/lib/usd/utils/SIMD.h
[2023-02-02T16:51:03.761Z]     -- promoting: S:/jenkins/workspace/ECP/ecg-maya-usd/ecg-mayausd-branch-preflight-2019-no-ufe-windows/ecg-maya-usd/maya-usd/lib/usd/utils/util.h
[2023-02-02T16:51:03.875Z]     -- promoting: S:/jenkins/workspace/ECP/ecg-maya-usd/ecg-mayausd-branch-preflight-2019-no-ufe-windows/ecg-maya-usd/maya-usd/lib/usd/ui/importDialog/IMayaMQtUtil.h
[2023-02-02T16:51:03.875Z]     -- promoting: S:/jenkins/workspace/ECP/ecg-maya-usd/ecg-mayausd-branch-preflight-2019-no-ufe-windows/ecg-maya-usd/maya-usd/lib/usd/ui/importDialog/ItemDelegate.h
[2023-02-02T16:51:03.875Z]     -- promoting: S:/jenkins/workspace/ECP/ecg-maya-usd/ecg-mayausd-branch-preflight-2019-no-ufe-windows/ecg-maya-usd/maya-usd/lib/usd/ui/importDialog/IUSDImportView.h
[2023-02-02T16:51:03.875Z]     -- promoting: S:/jenkins/workspace/ECP/ecg-maya-usd/ecg-mayausd-branch-preflight-2019-no-ufe-windows/ecg-maya-usd/maya-usd/lib/usd/ui/importDialog/TreeItem.h
[2023-02-02T16:51:03.875Z]     -- promoting: S:/jenkins/workspace/ECP/ecg-maya-usd/ecg-mayausd-branch-preflight-2019-no-ufe-windows/ecg-maya-usd/maya-usd/lib/usd/ui/importDialog/TreeModel.h
[2023-02-02T16:51:03.875Z]     -- promoting: S:/jenkins/workspace/ECP/ecg-maya-usd/ecg-mayausd-branch-preflight-2019-no-ufe-windows/ecg-maya-usd/maya-usd/lib/usd/ui/importDialog/TreeModelFactory.h
[2023-02-02T16:51:03.875Z]     -- promoting: S:/jenkins/workspace/ECP/ecg-maya-usd/ecg-mayausd-branch-preflight-2019-no-ufe-windows/ecg-maya-usd/maya-usd/lib/usd/ui/importDialog/USDImportDialog.h
[2023-02-02T16:51:03.875Z]     -- promoting: S:/jenkins/workspace/ECP/ecg-maya-usd/ecg-mayausd-branch-preflight-2019-no-ufe-windows/ecg-maya-usd/maya-usd/lib/usd/ui/importDialog/USDImportDialogCmd.h
[2023-02-02T16:51:03.875Z]     -- promoting: S:/jenkins/workspace/ECP/ecg-maya-usd/ecg-mayausd-branch-preflight-2019-no-ufe-windows/ecg-maya-usd/maya-usd/lib/usd/ui/importDialog/USDQtUtil.h
[2023-02-02T16:51:03.875Z]     -- promoting: S:/jenkins/workspace/ECP/ecg-maya-usd/ecg-mayausd-branch-preflight-2019-no-ufe-windows/ecg-maya-usd/maya-usd/lib/usd/ui/api.h
[2023-02-02T16:51:03.875Z]     -- promoting: S:/jenkins/workspace/ECP/ecg-maya-usd/ecg-mayausd-branch-preflight-2019-no-ufe-windows/ecg-maya-usd/maya-usd/lib/usd/ui/initStringResources.h
[2023-02-02T16:51:03.875Z]     ========== Pixar USD Plugin ==========
[2023-02-02T16:51:03.990Z]     Compiling W:/build/RelWithDebInfo/plugin/pxr/__init__.py ...
[2023-02-02T16:51:04.103Z]     ========== AL USD Plugin ==========
[2023-02-02T16:51:04.103Z]     CMake Deprecation Warning at plugin/al/CMakeLists.txt:7 (cmake_policy):
[2023-02-02T16:51:04.103Z]       The OLD behavior for policy CMP0026 will be removed from a future version
[2023-02-02T16:51:04.103Z]       of CMake.
[2023-02-02T16:51:04.103Z]     
[2023-02-02T16:51:04.103Z]       The cmake-policies(7) manual explains that the OLD behaviors of all
[2023-02-02T16:51:04.103Z]       policies are deprecated and that a policy should be set to OLD only under
[2023-02-02T16:51:04.103Z]       specific short-term circumstances.  Projects should be ported to the NEW
[2023-02-02T16:51:04.103Z]       behavior and not rely on setting a policy to OLD.
[2023-02-02T16:51:04.103Z]     
[2023-02-02T16:51:04.103Z]     
[2023-02-02T16:51:04.103Z]     -- Found Boost 1.70.0 at P:/shared/Artifactory/Windows/USD/cfb3d8a/lib/cmake/Boost-1.70.0
[2023-02-02T16:51:04.103Z]     --   Requested configuration: QUIET REQUIRED
[2023-02-02T16:51:04.103Z]     -- Found boost_headers 1.70.0 at P:/shared/Artifactory/Windows/USD/cfb3d8a/lib/cmake/boost_headers-1.70.0
[2023-02-02T16:51:04.103Z]     -- Found Boost: P:/shared/Artifactory/Windows/USD/cfb3d8a/lib/cmake/Boost-1.70.0/BoostConfig.cmake (found version "1.70.0")
[2023-02-02T16:51:04.103Z]     -- Found Boost 1.70.0 at P:/shared/Artifactory/Windows/USD/cfb3d8a/lib/cmake/Boost-1.70.0
[2023-02-02T16:51:04.103Z]     --   Requested configuration: QUIET REQUIRED COMPONENTS python
[2023-02-02T16:51:04.103Z]     -- Found boost_python 1.70.0 at P:/shared/Artifactory/Windows/USD/cfb3d8a/lib/cmake/boost_python-1.70.0
[2023-02-02T16:51:04.103Z]     --   boost_python27-vc141-mt-x64-1_70.lib
[2023-02-02T16:51:04.215Z]     -- Adding boost_python dependencies: headers
[2023-02-02T16:51:04.215Z]     -- Found Boost: P:/shared/Artifactory/Windows/USD/cfb3d8a/lib/cmake/Boost-1.70.0/BoostConfig.cmake (found version "1.70.0") found components: python
[2023-02-02T16:51:04.730Z]     -- Found GTest: W:/build/RelWithDebInfo/googletest-install/lib/gtest.lib
[2023-02-02T16:51:06.770Z]     -- Building AL_USDMayaSchemas
[2023-02-02T16:51:07.389Z]     Processing schema classes:
[2023-02-02T16:51:07.389Z]     ALModelAPI, ALFrameRange
[2023-02-02T16:51:07.389Z]     Loading Templates from p:\shared\Artifactory\Windows\USD\cfb3d8a\lib\usd\usd\resources\codegenTemplates
[2023-02-02T16:51:07.389Z]     Writing API:
[2023-02-02T16:51:07.389Z]     	    wrote W:\build\RelWithDebInfo\plugin\al\schemas\AL\usd\schemas\maya\api.h
[2023-02-02T16:51:07.389Z]     Writing Schema Tokens:
[2023-02-02T16:51:07.389Z]     	    wrote W:\build\RelWithDebInfo\plugin\al\schemas\AL\usd\schemas\maya\tokens.h
[2023-02-02T16:51:07.389Z]     	    wrote W:\build\RelWithDebInfo\plugin\al\schemas\AL\usd\schemas\maya\tokens.cpp
[2023-02-02T16:51:07.389Z]     	    wrote W:\build\RelWithDebInfo\plugin\al\schemas\AL\usd\schemas\maya\wrapTokens.cpp
[2023-02-02T16:51:07.389Z]     Generating Classes:
[2023-02-02T16:51:07.389Z]     	    wrote W:\build\RelWithDebInfo\plugin\al\schemas\AL\usd\schemas\maya\ModelAPI.h
[2023-02-02T16:51:07.389Z]     	    wrote W:\build\RelWithDebInfo\plugin\al\schemas\AL\usd\schemas\maya\ModelAPI.cpp
[2023-02-02T16:51:07.389Z]     	    wrote W:\build\RelWithDebInfo\plugin\al\schemas\AL\usd\schemas\maya\wrapModelAPI.cpp
[2023-02-02T16:51:07.389Z]     	    wrote W:\build\RelWithDebInfo\plugin\al\schemas\AL\usd\schemas\maya\FrameRange.h
[2023-02-02T16:51:07.389Z]     	    wrote W:\build\RelWithDebInfo\plugin\al\schemas\AL\usd\schemas\maya\FrameRange.cpp
[2023-02-02T16:51:07.389Z]     	    wrote W:\build\RelWithDebInfo\plugin\al\schemas\AL\usd\schemas\maya\wrapFrameRange.cpp
[2023-02-02T16:51:07.389Z]     Loading Templates from p:\shared\Artifactory\Windows\USD\cfb3d8a\lib\usd\usd\resources\codegenTemplates
[2023-02-02T16:51:07.389Z]     	    wrote W:\build\RelWithDebInfo\plugin\al\schemas\AL\usd\schemas\maya\plugInfo.json
[2023-02-02T16:51:07.389Z]     Generating Schematics:
[2023-02-02T16:51:07.389Z]     	    wrote W:\build\RelWithDebInfo\plugin\al\schemas\AL\usd\schemas\maya\generatedSchema.usda
[2023-02-02T16:51:08.619Z]     Processing schema classes:
[2023-02-02T16:51:08.619Z]     ALExamplePolyCubeNode
[2023-02-02T16:51:08.619Z]     Loading Templates from p:\shared\Artifactory\Windows\USD\cfb3d8a\lib\usd\usd\resources\codegenTemplates
[2023-02-02T16:51:08.619Z]     Writing API:
[2023-02-02T16:51:08.619Z]     	    wrote W:\build\RelWithDebInfo\plugin\al\schemas\AL\usd\schemas\mayatest\api.h
[2023-02-02T16:51:08.619Z]     Writing Schema Tokens:
[2023-02-02T16:51:08.619Z]     	    wrote W:\build\RelWithDebInfo\plugin\al\schemas\AL\usd\schemas\mayatest\tokens.h
[2023-02-02T16:51:08.619Z]     	    wrote W:\build\RelWithDebInfo\plugin\al\schemas\AL\usd\schemas\mayatest\tokens.cpp
[2023-02-02T16:51:08.619Z]     	    wrote W:\build\RelWithDebInfo\plugin\al\schemas\AL\usd\schemas\mayatest\wrapTokens.cpp
[2023-02-02T16:51:08.619Z]     Generating Classes:
[2023-02-02T16:51:08.619Z]     	    wrote W:\build\RelWithDebInfo\plugin\al\schemas\AL\usd\schemas\mayatest\ExamplePolyCubeNode.h
[2023-02-02T16:51:08.619Z]     	    wrote W:\build\RelWithDebInfo\plugin\al\schemas\AL\usd\schemas\mayatest\ExamplePolyCubeNode.cpp
[2023-02-02T16:51:08.619Z]     	    wrote W:\build\RelWithDebInfo\plugin\al\schemas\AL\usd\schemas\mayatest\wrapExamplePolyCubeNode.cpp
[2023-02-02T16:51:08.619Z]     Loading Templates from p:\shared\Artifactory\Windows\USD\cfb3d8a\lib\usd\usd\resources\codegenTemplates
[2023-02-02T16:51:08.619Z]     	    wrote W:\build\RelWithDebInfo\plugin\al\schemas\AL\usd\schemas\mayatest\plugInfo.json
[2023-02-02T16:51:08.619Z]     Generating Schematics:
[2023-02-02T16:51:08.619Z]     	    wrote W:\build\RelWithDebInfo\plugin\al\schemas\AL\usd\schemas\mayatest\generatedSchema.usda
[2023-02-02T16:51:08.619Z]     -- Building AL_USDMayaTranslators
[2023-02-02T16:51:08.735Z]     ========== ADSK USD Plugin ==========
[2023-02-02T16:51:08.847Z]     -- Configuring done
[2023-02-02T16:51:10.685Z]     -- Generating done
[2023-02-02T16:51:10.685Z]     CMake Warning:
[2023-02-02T16:51:10.685Z]       Manually-specified variables were not used by the project:
[2023-02-02T16:51:10.685Z]     
[2023-02-02T16:51:10.685Z]         MAYA_DEVKIT_LOCATION
[2023-02-02T16:51:10.685Z]     
[2023-02-02T16:51:10.685Z]     
[2023-02-02T16:51:10.791Z]     -- Build files have been written to: W:/build/RelWithDebInfo
[2023-02-02T16:51:10.791Z]     
[2023-02-02T16:51:10.791Z]         Building with settings:
[2023-02-02T16:51:10.791Z]           Source directory          S:\jenkins\workspace\ECP\ecg-maya-usd\ecg-mayausd-branch-preflight-2019-no-ufe-windows\ecg-maya-usd\maya-usd
[2023-02-02T16:51:10.791Z]           Workspace directory       W:\
[2023-02-02T16:51:10.791Z]           Build directory           W:\build\RelWithDebInfo
[2023-02-02T16:51:10.791Z]           Install directory         W:\install\RelWithDebInfo\MayaUSD
[2023-02-02T16:51:10.791Z]           Variant                   RelWithDebInfo
[2023-02-02T16:51:10.791Z]           Python Debug              Off
[2023-02-02T16:51:10.791Z]           CMake generator           Ninja
[2023-02-02T16:51:10.791Z]           Build arguments           ['-DCMAKE_MAKE_PROGRAM=P:/shared/Artifactory/Windows/ninja/1.9.0/c68f192/ninja.exe', '-DPYTHON_INCLUDE_DIR=P:/shared/Artifactory/Windows/rundev-2019/202003131251/runtime/155eb96/runTime/include/Python2.7', '-DPython_EXECUTABLE=P:/shared/Artifactory/Windows/rundev-2019/202003131251/runtime/155eb96/runTime/bin/mayapy.exe', '-DPYTHON_LIBRARIES=P:/shared/Artifactory/Windows/rundev-2019/202003131251/runtime/155eb96/runTime/lib/python27.lib', '-DCMAKE_WANT_UFE_BUILD=OFF', '-DUSD_LIB_PREFIX=', '-DCMAKE_WANT_MATERIALX_BUILD=ON', '-DCMAKE_PREFIX_PATH=P:\\shared\\Artifactory\\Windows\\USD\\cfb3d8a']
[2023-02-02T16:51:10.791Z]           Stages arguments          ['configure']
[2023-02-02T16:51:10.791Z]           CTest arguments           ['-E testUsdReferenceAssemblySelection|testUsdMayaAppDir', '-LE interactive', '--parallel 16']
[2023-02-02T16:51:10.791Z]     Success MayaUSD build and install !!!!
[2023-02-02T16:51:10.791Z]     Elapsed time: 00:00:29
[Pipeline] bat
[2023-02-02T16:51:11.181Z] Deleting alias drive W:
[Pipeline] bat
[2023-02-02T16:51:11.495Z] Deleting alias drive P:
[Pipeline] }
[Pipeline] // withEnv
[Pipeline] }
[Pipeline] // timeout
[Pipeline] }
[Pipeline] // stage
[Pipeline] }
[Pipeline] // timestamps
[Pipeline] timestamps
[Pipeline] {
[Pipeline] stage
[Pipeline] { (Build)
[Pipeline] timeout
[2023-02-02T16:51:11.683Z] Timeout set to expire in 6 hr 0 min
[Pipeline] {
[Pipeline] withEnv
[Pipeline] {
[Pipeline] bat
[2023-02-02T16:51:12.001Z] Creating alias drive P: to S:\jenkins\workspace
[Pipeline] bat
[2023-02-02T16:51:12.302Z] Creating alias drive W: to S:\jenkins\workspace\ECP\ecg-maya-usd\ecg-mayausd-branch-preflight-2019-no-ufe-windows
[Pipeline] bat
[2023-02-02T16:51:12.764Z] "C:\Program Files (x86)\Microsoft Visual Studio\2017\Professional\VC\Auxiliary\Build\vcvarsall.bat" x64
[2023-02-02T16:51:12.866Z] **********************************************************************
[2023-02-02T16:51:12.866Z] ** Visual Studio 2017 Developer Command Prompt v15.9.15
[2023-02-02T16:51:12.866Z] ** Copyright (c) 2017 Microsoft Corporation
[2023-02-02T16:51:12.866Z] **********************************************************************
[2023-02-02T16:51:13.783Z] [vcvarsall.bat] Environment initialized for: 'x64'
[2023-02-02T16:51:13.783Z] python ecg-maya-usd/build.py --stages=build --workspace-dir=W:\ --artifactory-dir=P:\shared\Artifactory --build-dir=W:\build --install-dir=W:\install --signing-dir=W:\signing --package-dir=W:\package --output-dir=W:\output --stash-dir=W:\stash --jenkins-build=649 --git-commit=64fac062d3897c491bc79a9ad0fe2e1305683679 --git-branch=master --variants=RelWithDebInfo --python=2.7 --ufe=false --pxrusd-version=0.21.05-gold --post-zips=false --build-retry=3 --maya-cut-config=maya-rundev-2019.yaml --maya-package=rundev-2019 --stage-banner
[2023-02-02T16:51:14.702Z] Using Maya cut from P:\shared\Artifactory\Windows\rundev-2019\202003131251\runtime\155eb96
[2023-02-02T16:51:14.702Z] 
[2023-02-02T16:51:14.702Z] ================================================================================
[2023-02-02T16:51:14.702Z]                              build (RelWithDebInfo)
[2023-02-02T16:51:14.702Z] ================================================================================
[2023-02-02T16:51:14.702Z] Maya Python RelWithDebInfo Info:
[2023-02-02T16:51:14.702Z]   mayapy executable   = P:\shared\Artifactory\Windows\rundev-2019\202003131251\runtime\155eb96\runTime\bin\mayapy.exe
[2023-02-02T16:51:14.702Z]   Include Folder      = P:\shared\Artifactory\Windows\rundev-2019\202003131251\runtime\155eb96\runTime\include\Python2.7
[2023-02-02T16:51:14.702Z]   Library             = P:\shared\Artifactory\Windows\rundev-2019\202003131251\runtime\155eb96\runTime\lib\python27.lib
[2023-02-02T16:51:14.702Z]   site-package Folder = P:\shared\Artifactory\Windows\rundev-2019\202003131251\runtime\155eb96\runTime\Python\Lib\site-packages
[2023-02-02T16:51:15.417Z] In workdir: S:\jenkins\workspace\ECP\ecg-maya-usd\ecg-mayausd-branch-preflight-2019-no-ufe-windows\ecg-maya-usd\maya-usd
[2023-02-02T16:51:15.417Z] Executing: 'P:\\shared\\Artifactory\\Windows\\rundev-2019\\202003131251\\runtime\\155eb96\\runTime\\bin\\mayapy.exe' 'S:\\jenkins\\workspace\\ECP\\ecg-maya-usd\\ecg-mayausd-branch-preflight-2019-no-ufe-windows\\ecg-maya-usd\\maya-usd\\build.py' --generator Ninja --build-relwithdebug --maya-location 'P:\\shared\\Artifactory\\Windows\\rundev-2019\\202003131251\\runtime\\155eb96\\runTime' --devkit-location 'P:\\shared\\Artifactory\\Windows\\rundev-2019\\202003131251\\runtime\\155eb96\\devkitBase' --pxrusd-location 'P:\\shared\\Artifactory\\Windows\\USD\\cfb3d8a' --qt-location 'P:\\shared\\Artifactory\\Windows\\qt\\5.6.1\\1acd0ba' '--build-args=-DCMAKE_MAKE_PROGRAM=P:/shared/Artifactory/Windows/ninja/1.9.0/c68f192/ninja.exe,-DPYTHON_INCLUDE_DIR=P:/shared/Artifactory/Windows/rundev-2019/202003131251/runtime/155eb96/runTime/include/Python2.7,-DPython_EXECUTABLE=P:/shared/Artifactory/Windows/rundev-2019/202003131251/runtime/155eb96/runTime/bin/mayapy.exe,-DPYTHON_LIBRARIES=P:/shared/Artifactory/Windows/rundev-2019/202003131251/runtime/155eb96/runTime/lib/python27.lib,-DCMAKE_WANT_UFE_BUILD=OFF,-DUSD_LIB_PREFIX=,-DCMAKE_WANT_MATERIALX_BUILD=ON,-DCMAKE_PREFIX_PATH=P:\\shared\\Artifactory\\Windows\\USD\\cfb3d8a' '--ctest-args=-E testUsdReferenceAssemblySelection|testUsdMayaAppDir,-LE interactive,--parallel 16' --stages=build --redirect-outstream-file=False --install-location 'W:\\install\\RelWithDebInfo\\MayaUSD' 'W:\\'
[2023-02-02T16:51:15.417Z] Modified environment variables:
[2023-02-02T16:51:15.417Z]     PATH=P:\shared\Artifactory\Windows\cmake\3.20.3\afe857a\bin;C:\Python27\lib\site-packages\pywin32_system32;C:\Program Files (x86)\Microsoft Visual Studio\2017\Professional\VC\Tools\MSVC\14.16.27023\bin\HostX64\x64;C:\Program Files (x86)\Microsoft Visual Studio\2017\Professional\Common7\IDE\VC\VCPackages;C:\Program Files (x86)\Microsoft Visual Studio\2017\Professional\Common7\IDE\CommonExtensions\Microsoft\TestWindow;C:\Program Files (x86)\Microsoft Visual Studio\2017\Professional\Common7\IDE\CommonExtensions\Microsoft\TeamFoundation\Team Explorer;C:\Program Files (x86)\Microsoft Visual Studio\2017\Professional\MSBuild\15.0\bin\Roslyn;C:\Program Files (x86)\Microsoft Visual Studio\2017\Professional\Team Tools\Performance Tools\x64;C:\Program Files (x86)\Microsoft Visual Studio\2017\Professional\Team Tools\Performance Tools;C:\Program Files (x86)\Microsoft Visual Studio\Shared\Common\VSPerfCollectionTools\\x64;C:\Program Files (x86)\Microsoft Visual Studio\Shared\Common\VSPerfCollectionTools\;C:\Program Files (x86)\Microsoft SDKs\Windows\v10.0A\bin\NETFX 4.6.1 Tools\x64\;C:\Program Files (x86)\HTML Help Workshop;C:\Program Files (x86)\Windows Kits\10\bin\10.0.18362.0\x64;C:\Program Files (x86)\Windows Kits\10\bin\x64;C:\Program Files (x86)\Microsoft Visual Studio\2017\Professional\\MSBuild\15.0\bin;C:\WINDOWS\Microsoft.NET\Framework64\v4.0.30319;C:\Program Files (x86)\Microsoft Visual Studio\2017\Professional\Common7\IDE\;C:\Program Files (x86)\Microsoft Visual Studio\2017\Professional\Common7\Tools\;C:\Python27\;C:\Python27\Scripts;C:\WINDOWS\system32;C:\WINDOWS;C:\WINDOWS\System32\Wbem;C:\WINDOWS\System32\WindowsPowerShell\v1.0\;C:\WINDOWS\System32\OpenSSH\;C:\ProgramData\chocolatey\bin;C:\Program Files (x86)\WiX Toolset v3.7\bin;C:\Program Files\dotnet\;C:\Program Files (x86)\Windows Kits\10\bin\10.0.18362.0\x64;C:\Program Files\Zulu\zulu-11\bin\;C:\Program Files (x86)\Windows Kits\10\bin\10.0.17763.0\x64;C:\Program Files (x86)\Windows Kits\10\bin\x64;C:\Program Files\Git\cmd;C:\Program Files\Git\usr\bin;C:\Program Files\Git\mingw64\bin;C:\Program Files\Git\bin;C:\Python38\;C:\Python38\Scripts;C:\StoreBoxClientWindows;C:\Program Files\Electric Cloud\ElectricCommander\bin;C:\Program Files\WinRAR;C:\Program Files\7-Zip;C:\Users\Administrator\AppData\Local\Microsoft\WindowsApps;C:\Program Files (x86)\Microsoft Visual Studio\2017\Professional\Common7\IDE\CommonExtensions\Microsoft\CMake\CMake\bin;C:\Program Files (x86)\Microsoft Visual Studio\2017\Professional\Common7\IDE\CommonExtensions\Microsoft\CMake\Ninja
[2023-02-02T16:51:16.957Z]     [1/621] Building CXX object test\lib\usd\utils\CMakeFiles\testDiffValues.dir\main.cpp.obj
[2023-02-02T16:51:16.957Z]     [2/621] Building CXX object test\lib\usd\utils\CMakeFiles\testDiffCore.dir\main.cpp.obj
[2023-02-02T16:51:16.957Z]     [3/621] Building CXX object test\lib\usd\utils\CMakeFiles\testDiffLists.dir\main.cpp.obj
[2023-02-02T16:51:17.473Z]     [4/621] Building CXX object test\lib\usd\utils\CMakeFiles\testDiffCore.dir\test_DiffCore.cpp.obj
[2023-02-02T16:51:17.986Z]     [5/621] Building CXX object test\lib\usd\utils\CMakeFiles\testDiffPrims.dir\main.cpp.obj
[2023-02-02T16:51:18.398Z]     [6/621] Building CXX object test\lib\usd\utils\CMakeFiles\testDiffRelationships.dir\main.cpp.obj
[2023-02-02T16:51:19.417Z]     [7/621] Building CXX object test\lib\usd\utils\CMakeFiles\testDiffAttributes.dir\main.cpp.obj
[2023-02-02T16:51:20.346Z]     [8/621] Building CXX object test\lib\usd\utils\CMakeFiles\testDiffDictionaries.dir\main.cpp.obj
[2023-02-02T16:51:27.586Z]     [9/621] Building CXX object test\lib\usd\utils\CMakeFiles\testDiffPrims.dir\test_DiffPrims.cpp.obj
[2023-02-02T16:51:27.586Z]     [10/621] Building CXX object test\lib\usd\utils\CMakeFiles\testDiffPrims.dir\test_DiffPrimsChildren.cpp.obj
[2023-02-02T16:51:27.850Z]     [11/621] Building CXX object test\lib\usd\utils\CMakeFiles\testDiffAttributes.dir\test_DiffAttributes.cpp.obj
[2023-02-02T16:51:28.095Z]     [12/621] Building CXX object test\lib\usd\utils\CMakeFiles\testDiffValues.dir\test_DiffValues.cpp.obj
[2023-02-02T16:51:28.095Z]     [13/621] Building CXX object test\lib\usd\utils\CMakeFiles\testDiffPrims.dir\test_DiffPrimsAttributes.cpp.obj
[2023-02-02T16:51:28.095Z]     [14/621] Building CXX object test\lib\usd\utils\CMakeFiles\testDiffRelationships.dir\test_DiffRelationships.cpp.obj
[2023-02-02T16:51:28.452Z]     [15/621] Building CXX object test\lib\usd\utils\CMakeFiles\testDiffPrims.dir\test_DiffPrimsRelations.cpp.obj
[2023-02-02T16:51:28.452Z]     [16/621] Building CXX object test\lib\usd\utils\CMakeFiles\testDiffValues.dir\test_DiffValuesMatrices.cpp.obj
[2023-02-02T16:51:28.731Z]     [17/621] Building CXX object test\lib\usd\utils\CMakeFiles\testDiffValues.dir\test_DiffValuesIntVecs.cpp.obj
[2023-02-02T16:51:28.964Z]     [18/621] Building CXX object test\lib\usd\utils\CMakeFiles\testDiffValues.dir\test_DiffValuesQuaternions.cpp.obj
[2023-02-02T16:51:28.964Z]     [19/621] Building CXX object test\lib\usd\utils\CMakeFiles\testDiffValues.dir\test_DiffValuesGeneric.cpp.obj
[2023-02-02T16:51:29.308Z]     [20/621] Building CXX object test\lib\usd\utils\CMakeFiles\testDiffLists.dir\test_DiffLists.cpp.obj
[2023-02-02T16:51:29.728Z]     [21/621] Building CXX object test\lib\usd\utils\CMakeFiles\testDiffValues.dir\test_DiffValuesFloatVecs.cpp.obj
[2023-02-02T16:51:29.728Z]     [22/621] Building CXX object test\lib\usd\utils\CMakeFiles\testDiffValues.dir\test_DiffValuesArrays.cpp.obj
[2023-02-02T16:51:29.728Z]     [23/621] Building CXX object lib\mayaUsd\CMakeFiles\mayaUsd.dir\base\debugCodes.cpp.obj
[2023-02-02T16:51:29.842Z]     [24/621] Building CXX object test\lib\usd\utils\CMakeFiles\testDiffValues.dir\test_DiffValuesHalfVecs.cpp.obj
[2023-02-02T16:51:29.951Z]     [25/621] Building CXX object test\lib\usd\utils\CMakeFiles\testDiffValues.dir\test_DiffValuesDoubleVecs.cpp.obj
[2023-02-02T16:51:30.163Z]     [26/621] Building CXX object test\lib\usd\utils\CMakeFiles\testDiffComputeOverall.dir\main.cpp.obj
[2023-02-02T16:51:30.272Z]     [27/621] Building CXX object test\lib\usd\utils\CMakeFiles\testDiffMetadatas.dir\main.cpp.obj
[2023-02-02T16:51:30.485Z]     [28/621] Building CXX object test\lib\usd\utils\CMakeFiles\testMergePrims.dir\main.cpp.obj
[2023-02-02T16:51:30.695Z]     [29/621] Building CXX object lib\mayaUsd\CMakeFiles\mayaUsd.dir\base\tokens.cpp.obj
[2023-02-02T16:51:30.808Z]     [30/621] Building CXX object lib\mayaUsd\CMakeFiles\mayaUsd.dir\commands\layerEditorWindowCommand.cpp.obj
[2023-02-02T16:51:35.403Z]     [31/621] Building CXX object lib\mayaUsd\CMakeFiles\mayaUsd.dir\commands\baseListJobContextsCommand.cpp.obj
[2023-02-02T16:51:35.896Z]     [32/621] Building CXX object lib\mayaUsd\CMakeFiles\mayaUsd.dir\fileio\fallbackPrimReader.cpp.obj
[2023-02-02T16:51:36.071Z]     [33/621] Building CXX object test\lib\usd\utils\CMakeFiles\testDiffMetadatas.dir\test_DiffMetadatas.cpp.obj
[2023-02-02T16:51:36.462Z]     [34/621] Building CXX object test\lib\usd\utils\CMakeFiles\testDiffComputeOverall.dir\test_DiffComputeOverall.cpp.obj
[2023-02-02T16:51:36.462Z]     [35/621] Building CXX object lib\mayaUsd\CMakeFiles\mayaUsd.dir\commands\editTargetCommand.cpp.obj
[2023-02-02T16:51:36.584Z]     [36/621] Building CXX object lib\mayaUsd\CMakeFiles\mayaUsd.dir\commands\baseImportCommand.cpp.obj
[2023-02-02T16:51:36.584Z]     [37/621] Building CXX object test\lib\usd\utils\CMakeFiles\testDiffDictionaries.dir\test_DiffDictionaries.cpp.obj
[2023-02-02T16:51:36.824Z]     [38/621] Building CXX object lib\mayaUsd\CMakeFiles\mayaUsd.dir\fileio\functorPrimReader.cpp.obj
[2023-02-02T16:51:36.934Z]     [39/621] Building CXX object test\lib\usd\utils\CMakeFiles\testMergePrims.dir\test_MergePrims.cpp.obj
[2023-02-02T16:51:37.072Z]     [40/621] Building CXX object lib\mayaUsd\CMakeFiles\mayaUsd.dir\commands\layerEditorCommand.cpp.obj
[2023-02-02T16:51:37.287Z]     [41/621] Building CXX object lib\mayaUsd\CMakeFiles\mayaUsd.dir\commands\baseListShadingModesCommand.cpp.obj
[2023-02-02T16:51:37.604Z]     [42/621] Building CXX object lib\mayaUsd\CMakeFiles\mayaUsd.dir\fileio\primReader.cpp.obj
[2023-02-02T16:51:37.604Z]     [43/621] Building CXX object lib\mayaUsd\CMakeFiles\mayaUsd.dir\commands\baseExportCommand.cpp.obj
[2023-02-02T16:51:38.349Z]     [44/621] Building CXX object lib\mayaUsd\CMakeFiles\mayaUsd.dir\fileio\primReaderArgs.cpp.obj
[2023-02-02T16:51:38.480Z]     [45/621] Building CXX object lib\mayaUsd\CMakeFiles\mayaUsd.dir\fileio\instancedNodeWriter.cpp.obj
[2023-02-02T16:51:38.803Z]     [46/621] Building CXX object lib\mayaUsd\CMakeFiles\mayaUsd.dir\fileio\functorPrimWriter.cpp.obj
[2023-02-02T16:51:40.247Z]     [47/621] Building CXX object lib\mayaUsd\CMakeFiles\mayaUsd.dir\fileio\jobContextRegistry.cpp.obj
[2023-02-02T16:51:41.794Z]     [48/621] Building CXX object lib\mayaUsd\CMakeFiles\mayaUsd.dir\fileio\primWriterContext.cpp.obj
[2023-02-02T16:51:42.248Z]     [49/621] Building CXX object lib\mayaUsd\CMakeFiles\mayaUsd.dir\fileio\registryHelper.cpp.obj
[2023-02-02T16:51:42.363Z]     [50/621] Building CXX object lib\mayaUsd\CMakeFiles\mayaUsd.dir\fileio\primReaderContext.cpp.obj
[2023-02-02T16:51:42.783Z]     [51/621] Building CXX object lib\mayaUsd\CMakeFiles\mayaUsd.dir\fileio\importData.cpp.obj
[2023-02-02T16:51:43.621Z]     [52/621] Building CXX object lib\mayaUsd\CMakeFiles\mayaUsd.dir\fileio\primWriterArgs.cpp.obj
[2023-02-02T16:51:43.958Z]     [53/621] Building CXX object lib\mayaUsd\CMakeFiles\mayaUsd.dir\fileio\primWriter.cpp.obj
[2023-02-02T16:51:44.179Z]     [54/621] Building CXX object lib\mayaUsd\CMakeFiles\mayaUsd.dir\fileio\schemaApiAdaptor.cpp.obj
[2023-02-02T16:51:44.391Z]     [55/621] Building CXX object lib\mayaUsd\CMakeFiles\mayaUsd.dir\fileio\primReaderRegistry.cpp.obj
[2023-02-02T16:51:44.723Z]     [56/621] Building CXX object lib\mayaUsd\CMakeFiles\mayaUsd.dir\fileio\primWriterRegistry.cpp.obj
[2023-02-02T16:51:44.723Z]     [57/621] Building CXX object lib\mayaUsd\CMakeFiles\mayaUsd.dir\fileio\shaderReaderRegistry.cpp.obj
[2023-02-02T16:51:44.944Z]     [58/621] Building CXX object lib\mayaUsd\CMakeFiles\mayaUsd.dir\fileio\schemaApiAdaptorRegistry.cpp.obj
[2023-02-02T16:51:45.262Z]     [59/621] Building CXX object lib\mayaUsd\CMakeFiles\mayaUsd.dir\fileio\shaderWriter.cpp.obj
[2023-02-02T16:51:45.377Z]     [60/621] Building CXX object lib\mayaUsd\CMakeFiles\mayaUsd.dir\fileio\shaderReader.cpp.obj
[2023-02-02T16:51:46.306Z]     [61/621] Building CXX object lib\mayaUsd\CMakeFiles\mayaUsd.dir\fileio\chaser\exportChaser.cpp.obj
[2023-02-02T16:51:47.633Z]     [62/621] Building CXX object lib\mayaUsd\CMakeFiles\mayaUsd.dir\fileio\shaderWriterRegistry.cpp.obj
[2023-02-02T16:51:48.156Z]     [63/621] Building CXX object lib\mayaUsd\CMakeFiles\mayaUsd.dir\fileio\writeJobContext.cpp.obj
[2023-02-02T16:51:49.086Z]     [64/621] Building CXX object lib\mayaUsd\CMakeFiles\mayaUsd.dir\fileio\transformWriter.cpp.obj
[2023-02-02T16:51:49.403Z]     [65/621] Building CXX object lib\mayaUsd\CMakeFiles\mayaUsd.dir\fileio\translators\translatorMayaReference.cpp.obj
[2023-02-02T16:51:50.229Z]     [66/621] Building CXX object lib\mayaUsd\CMakeFiles\mayaUsd.dir\fileio\translators\translatorLight.cpp.obj
[2023-02-02T16:51:50.343Z]     [67/621] Building CXX object lib\mayaUsd\CMakeFiles\mayaUsd.dir\fileio\translators\translatorCurves.cpp.obj
[2023-02-02T16:51:50.667Z]     [68/621] Building CXX object lib\mayaUsd\CMakeFiles\mayaUsd.dir\fileio\translators\translatorGprim.cpp.obj
[2023-02-02T16:51:51.600Z]     [69/621] Building CXX object lib\mayaUsd\CMakeFiles\mayaUsd.dir\fileio\translators\translatorMesh.cpp.obj
[2023-02-02T16:51:51.600Z]     [70/621] Building CXX object lib\mayaUsd\CMakeFiles\mayaUsd.dir\fileio\translators\translatorMaterial.cpp.obj
[2023-02-02T16:51:51.832Z]     [71/621] Building CXX object lib\mayaUsd\CMakeFiles\mayaUsd.dir\fileio\chaser\importChaser.cpp.obj
[2023-02-02T16:51:52.274Z]     [72/621] Building CXX object lib\mayaUsd\CMakeFiles\mayaUsd.dir\fileio\chaser\exportChaserRegistry.cpp.obj
[2023-02-02T16:51:52.609Z]     [73/621] Building CXX object lib\mayaUsd\CMakeFiles\mayaUsd.dir\fileio\chaser\importChaserRegistry.cpp.obj
[2023-02-02T16:51:52.733Z]     [74/621] Building CXX object lib\mayaUsd\CMakeFiles\mayaUsd.dir\fileio\jobs\meshDataReadJob.cpp.obj
[2023-02-02T16:51:53.858Z]     [75/621] Building CXX object lib\mayaUsd\CMakeFiles\mayaUsd.dir\fileio\shading\shadingModeExporter.cpp.obj
[2023-02-02T16:51:56.847Z]     [76/621] Building CXX object lib\mayaUsd\CMakeFiles\mayaUsd.dir\fileio\jobs\modelKindProcessor.cpp.obj
[2023-02-02T16:51:57.442Z]     [77/621] Building CXX object lib\mayaUsd\CMakeFiles\mayaUsd.dir\fileio\shading\shadingModeImporter.cpp.obj
[2023-02-02T16:51:57.829Z]     [78/621] Building CXX object lib\mayaUsd\CMakeFiles\mayaUsd.dir\fileio\shading\shadingModeDisplayColor.cpp.obj
[2023-02-02T16:51:58.106Z]     [79/621] Building CXX object lib\mayaUsd\CMakeFiles\mayaUsd.dir\fileio\jobs\jobArgs.cpp.obj
[2023-02-02T16:51:58.281Z]     [80/621] Building CXX object lib\mayaUsd\CMakeFiles\mayaUsd.dir\fileio\shading\shadingModeUseRegistry.cpp.obj
[2023-02-02T16:51:58.281Z]     [81/621] Building CXX object lib\mayaUsd\CMakeFiles\mayaUsd.dir\fileio\shading\symmetricShaderReader.cpp.obj
[2023-02-02T16:51:59.452Z]     [82/621] Building CXX object lib\mayaUsd\CMakeFiles\mayaUsd.dir\fileio\jobs\readJob.cpp.obj
[2023-02-02T16:51:59.974Z]     [83/621] Building CXX object lib\mayaUsd\CMakeFiles\mayaUsd.dir\fileio\jobs\writeJob.cpp.obj
[2023-02-02T16:52:00.705Z]     [84/621] Building CXX object lib\mayaUsd\CMakeFiles\mayaUsd.dir\fileio\shading\shadingModeExporterContext.cpp.obj
[2023-02-02T16:52:01.026Z]     [85/621] Building CXX object lib\mayaUsd\CMakeFiles\mayaUsd.dir\fileio\shading\shadingModePxrRis.cpp.obj
[2023-02-02T16:52:01.554Z]     [86/621] Building CXX object lib\mayaUsd\CMakeFiles\mayaUsd.dir\nodes\pointBasedDeformerNode.cpp.obj
[2023-02-02T16:52:01.703Z]     [87/621] Building CXX object lib\mayaUsd\CMakeFiles\mayaUsd.dir\fileio\translators\skelBindingsProcessor.cpp.obj
[2023-02-02T16:52:02.021Z]     [88/621] Building CXX object lib\mayaUsd\CMakeFiles\mayaUsd.dir\fileio\translators\translatorCamera.cpp.obj
[2023-02-02T16:52:02.021Z]     [89/621] Building CXX object lib\mayaUsd\CMakeFiles\mayaUsd.dir\fileio\shading\shadingModeRegistry.cpp.obj
[2023-02-02T16:52:02.136Z]     [90/621] Building CXX object lib\mayaUsd\CMakeFiles\mayaUsd.dir\fileio\shading\symmetricShaderWriter.cpp.obj
[2023-02-02T16:52:04.789Z]     [91/621] Building CXX object lib\mayaUsd\CMakeFiles\mayaUsd.dir\listeners\stageNoticeListener.cpp.obj
[2023-02-02T16:52:05.627Z]     [92/621] Building CXX object lib\mayaUsd\CMakeFiles\mayaUsd.dir\nodes\hdImagingShape.cpp.obj
[2023-02-02T16:52:05.745Z]     [93/621] Building CXX object lib\mayaUsd\CMakeFiles\mayaUsd.dir\fileio\translators\translatorPrim.cpp.obj
[2023-02-02T16:52:06.266Z]     [94/621] Building CXX object lib\mayaUsd\CMakeFiles\mayaUsd.dir\nodes\proxyAccessor.cpp.obj
[2023-02-02T16:52:06.812Z]     [95/621] Building CXX object lib\mayaUsd\CMakeFiles\mayaUsd.dir\fileio\translators\translatorRfMLight.cpp.obj
[2023-02-02T16:52:07.029Z]     [96/621] Building CXX object lib\mayaUsd\CMakeFiles\mayaUsd.dir\fileio\translators\translatorRfMLight_deprecated.cpp.obj
[2023-02-02T16:52:07.276Z]     [97/621] Building CXX object lib\mayaUsd\CMakeFiles\mayaUsd.dir\fileio\translators\translatorSkel.cpp.obj
[2023-02-02T16:52:08.764Z]     [98/621] Building CXX object lib\mayaUsd\CMakeFiles\mayaUsd.dir\fileio\translators\translatorNurbsPatch.cpp.obj
[2023-02-02T16:52:08.895Z]     [99/621] Building CXX object lib\mayaUsd\CMakeFiles\mayaUsd.dir\nodes\proxyShapeBase.cpp.obj
[2023-02-02T16:52:09.338Z]     [100/621] Building CXX object lib\mayaUsd\CMakeFiles\mayaUsd.dir\fileio\utils\adaptor.cpp.obj
[2023-02-02T16:52:09.470Z]     [101/621] Building CXX object lib\mayaUsd\CMakeFiles\mayaUsd.dir\nodes\proxyShapePlugin.cpp.obj
[2023-02-02T16:52:09.589Z]     [102/621] Building CXX object lib\mayaUsd\CMakeFiles\mayaUsd.dir\fileio\translators\translatorXformable_decompose.cpp.obj
[2023-02-02T16:52:10.315Z]     [103/621] Building CXX object lib\mayaUsd\CMakeFiles\mayaUsd.dir\fileio\utils\jointWriteUtils.cpp.obj
[2023-02-02T16:52:10.440Z]     [104/621] Building CXX object lib\mayaUsd\CMakeFiles\mayaUsd.dir\fileio\translators\translatorXformable.cpp.obj
[2023-02-02T16:52:10.759Z]     [105/621] Building CXX object lib\mayaUsd\CMakeFiles\mayaUsd.dir\render\vp2RenderDelegate\debugCodes.cpp.obj
[2023-02-02T16:52:10.974Z]     [106/621] Building CXX object lib\mayaUsd\CMakeFiles\mayaUsd.dir\fileio\translators\translatorUtil.cpp.obj
[2023-02-02T16:52:10.974Z]     [107/621] Building CXX object lib\mayaUsd\CMakeFiles\mayaUsd.dir\fileio\utils\meshReadUtils.cpp.obj
[2023-02-02T16:52:11.498Z]     [108/621] Building CXX object lib\mayaUsd\CMakeFiles\mayaUsd.dir\render\pxrUsdMayaGL\userData.cpp.obj
[2023-02-02T16:52:11.719Z]     [109/621] Building CXX object lib\mayaUsd\CMakeFiles\mayaUsd.dir\render\vp2RenderDelegate\bboxGeom.cpp.obj
[2023-02-02T16:52:11.719Z]     [110/621] Building CXX object lib\mayaUsd\CMakeFiles\mayaUsd.dir\listeners\notice.cpp.obj
[2023-02-02T16:52:13.369Z]     [111/621] Building CXX object lib\mayaUsd\CMakeFiles\mayaUsd.dir\fileio\utils\userTaggedAttribute.cpp.obj
[2023-02-02T16:52:13.491Z]     [112/621] Building CXX object lib\mayaUsd\CMakeFiles\mayaUsd.dir\fileio\utils\roundTripUtil.cpp.obj
[2023-02-02T16:52:13.924Z]     [113/621] Building CXX object lib\mayaUsd\CMakeFiles\mayaUsd.dir\python\moduleDeps.cpp.obj
[2023-02-02T16:52:14.241Z]     [114/621] Building CXX object lib\mayaUsd\CMakeFiles\mayaUsd.dir\fileio\utils\xformStack.cpp.obj
[2023-02-02T16:52:14.241Z]     [115/621] Building CXX object lib\mayaUsd\CMakeFiles\mayaUsd.dir\render\px_vp20\glslProgram.cpp.obj
[2023-02-02T16:52:14.790Z]     [116/621] Building CXX object lib\mayaUsd\CMakeFiles\mayaUsd.dir\listeners\proxyShapeNotice.cpp.obj
[2023-02-02T16:52:15.345Z]     [117/621] Building CXX object lib\mayaUsd\CMakeFiles\mayaUsd.dir\fileio\utils\readUtil.cpp.obj
[2023-02-02T16:52:15.980Z]     [118/621] Building CXX object lib\mayaUsd\CMakeFiles\mayaUsd.dir\fileio\utils\shadingUtil.cpp.obj
[2023-02-02T16:52:16.304Z]     [119/621] Building CXX object lib\mayaUsd\CMakeFiles\mayaUsd.dir\fileio\utils\meshWriteUtils.cpp.obj
[2023-02-02T16:52:16.424Z]     [120/621] Building CXX object lib\mayaUsd\CMakeFiles\mayaUsd.dir\render\pxrUsdMayaGL\debugCodes.cpp.obj
[2023-02-02T16:52:17.254Z]     [121/621] Building CXX object lib\mayaUsd\CMakeFiles\mayaUsd.dir\render\vp2RenderDelegate\draw_item.cpp.obj
[2023-02-02T16:52:17.254Z]     [122/621] Building CXX object lib\mayaUsd\CMakeFiles\mayaUsd.dir\fileio\utils\writeUtil.cpp.obj
[2023-02-02T16:52:17.571Z]     [123/621] Building CXX object lib\mayaUsd\CMakeFiles\mayaUsd.dir\render\px_vp20\utils_legacy.cpp.obj
[2023-02-02T16:52:18.400Z]     [124/621] Building CXX object lib\mayaUsd\CMakeFiles\mayaUsd.dir\nodes\usdPrimProvider.cpp.obj
[2023-02-02T16:52:18.400Z]     [125/621] Building CXX object lib\mayaUsd\CMakeFiles\mayaUsd.dir\nodes\stageData.cpp.obj
[2023-02-02T16:52:19.041Z]     [126/621] Building CXX object lib\mayaUsd\CMakeFiles\mayaUsd.dir\render\px_vp20\utils.cpp.obj
[2023-02-02T16:52:19.041Z]     [127/621] Building CXX object lib\mayaUsd\CMakeFiles\mayaUsd.dir\nodes\stageNode.cpp.obj
[2023-02-02T16:52:19.153Z]     [128/621] Building CXX object lib\mayaUsd\CMakeFiles\mayaUsd.dir\render\pxrUsdMayaGL\usdProxyShapeAdapter.cpp.obj
[2023-02-02T16:52:19.472Z]     [129/621] Building CXX object lib\mayaUsd\CMakeFiles\mayaUsd.dir\render\pxrUsdMayaGL\softSelectHelper.cpp.obj
[2023-02-02T16:52:20.091Z]     [130/621] Building CXX object lib\mayaUsd\CMakeFiles\mayaUsd.dir\nodes\proxyShapeStageExtraData.cpp.obj
[2023-02-02T16:52:22.876Z]     [131/621] Building CXX object lib\mayaUsd\CMakeFiles\mayaUsd.dir\render\vp2RenderDelegate\basisCurves.cpp.obj
[2023-02-02T16:52:23.305Z]     [132/621] Building CXX object lib\mayaUsd\CMakeFiles\mayaUsd.dir\render\pxrUsdMayaGL\batchRenderer.cpp.obj
[2023-02-02T16:52:23.731Z]     [133/621] Building CXX object lib\mayaUsd\CMakeFiles\mayaUsd.dir\render\pxrUsdMayaGL\hdImagingShapeDrawOverride.cpp.obj
[2023-02-02T16:52:24.150Z]     [134/621] Building CXX object lib\mayaUsd\CMakeFiles\mayaUsd.dir\render\vp2RenderDelegate\extComputation.cpp.obj
[2023-02-02T16:52:24.896Z]     [135/621] Building CXX object lib\mayaUsd\CMakeFiles\mayaUsd.dir\render\vp2RenderDelegate\instancer.cpp.obj
[2023-02-02T16:52:25.975Z]     [136/621] Building CXX object lib\mayaUsd\CMakeFiles\mayaUsd.dir\render\pxrUsdMayaGL\proxyShapeDelegate.cpp.obj
[2023-02-02T16:52:26.091Z]     [137/621] Building CXX object lib\mayaUsd\CMakeFiles\mayaUsd.dir\render\vp2RenderDelegate\meshViewportCompute.cpp.obj
[2023-02-02T16:52:26.512Z]     [138/621] Building CXX object lib\mayaUsd\CMakeFiles\mayaUsd.dir\render\pxrUsdMayaGL\sceneDelegate.cpp.obj
[2023-02-02T16:52:26.732Z]     [139/621] Building CXX object lib\mayaUsd\CMakeFiles\mayaUsd.dir\undo\OpUndoItemRecorder.cpp.obj
[2023-02-02T16:52:26.846Z]     [140/621] Building CXX object lib\mayaUsd\CMakeFiles\mayaUsd.dir\render\pxrUsdMayaGL\proxyShapeUI.cpp.obj
[2023-02-02T16:52:27.401Z]     [141/621] Building CXX object lib\mayaUsd\CMakeFiles\mayaUsd.dir\render\pxrUsdMayaGL\instancerShapeAdapter.cpp.obj
[2023-02-02T16:52:27.401Z]     [142/621] Building CXX object lib\mayaUsd\CMakeFiles\mayaUsd.dir\render\pxrUsdMayaGL\instancerImager.cpp.obj
[2023-02-02T16:52:27.658Z]     [143/621] Building CXX object lib\mayaUsd\CMakeFiles\mayaUsd.dir\render\pxrUsdMayaGL\proxyDrawOverride.cpp.obj
[2023-02-02T16:52:27.880Z]     [144/621] Building CXX object lib\mayaUsd\CMakeFiles\mayaUsd.dir\render\vp2RenderDelegate\tokens.cpp.obj
[2023-02-02T16:52:28.096Z]     [145/621] Building CXX object lib\mayaUsd\CMakeFiles\mayaUsd.dir\render\pxrUsdMayaGL\hdImagingShapeUI.cpp.obj
[2023-02-02T16:52:28.096Z]     [146/621] Building CXX object lib\mayaUsd\CMakeFiles\mayaUsd.dir\render\pxrUsdMayaGL\shapeAdapter.cpp.obj
[2023-02-02T16:52:28.514Z]     [147/621] Building CXX object lib\mayaUsd\CMakeFiles\mayaUsd.dir\render\vp2RenderDelegate\shader.cpp.obj
[2023-02-02T16:52:28.975Z]     [148/621] Building CXX object lib\mayaUsd\CMakeFiles\mayaUsd.dir\undo\UsdUndoableItem.cpp.obj
[2023-02-02T16:52:29.200Z]     [149/621] Building CXX object lib\mayaUsd\CMakeFiles\mayaUsd.dir\render\vp2RenderDelegate\mayaPrimCommon.cpp.obj
[2023-02-02T16:52:29.520Z]     [150/621] Building CXX object lib\mayaUsd\CMakeFiles\mayaUsd.dir\utils\blockSceneModificationContext.cpp.obj
[2023-02-02T16:52:30.283Z]     [151/621] Building CXX object lib\mayaUsd\CMakeFiles\mayaUsd.dir\render\vp2RenderDelegate\mesh.cpp.obj
[2023-02-02T16:52:30.398Z]     [152/621] Building CXX object lib\mayaUsd\CMakeFiles\mayaUsd.dir\utils\dynamicAttribute.cpp.obj
[2023-02-02T16:52:30.830Z]     [153/621] Building CXX object lib\mayaUsd\CMakeFiles\mayaUsd.dir\render\vp2RenderDelegate\material.cpp.obj
[2023-02-02T16:52:30.943Z]     [154/621] Building CXX object lib\mayaUsd\CMakeFiles\mayaUsd.dir\render\vp2RenderDelegate\sampler.cpp.obj
[2023-02-02T16:52:30.944Z]     [155/621] Building CXX object lib\mayaUsd\CMakeFiles\mayaUsd.dir\render\vp2ShaderFragments\shaderFragments.cpp.obj
[2023-02-02T16:52:31.057Z]     [156/621] Building CXX object lib\mayaUsd\CMakeFiles\mayaUsd.dir\render\vp2RenderDelegate\render_param.cpp.obj
[2023-02-02T16:52:31.057Z]     [157/621] Building CXX object lib\mayaUsd\CMakeFiles\mayaUsd.dir\utils\colorSpace.cpp.obj
[2023-02-02T16:52:31.283Z]     [158/621] Building CXX object lib\mayaUsd\CMakeFiles\mayaUsd.dir\undo\OpUndoItemList.cpp.obj
[2023-02-02T16:52:31.699Z]     [159/621] Building CXX object lib\mayaUsd\CMakeFiles\mayaUsd.dir\render\vp2RenderDelegate\render_delegate.cpp.obj
[2023-02-02T16:52:33.029Z]     [160/621] Building CXX object lib\mayaUsd\CMakeFiles\mayaUsd.dir\utils\diagnosticDelegate.cpp.obj
[2023-02-02T16:52:34.361Z]     [161/621] Building CXX object lib\mayaUsd\CMakeFiles\mayaUsd.dir\render\vp2RenderDelegate\proxyRenderDelegate.cpp.obj
[2023-02-02T16:52:34.497Z]     [162/621] Building CXX object lib\mayaUsd\CMakeFiles\mayaUsd.dir\undo\UsdUndoManager.cpp.obj
[2023-02-02T16:52:34.713Z]     [163/621] Building CXX object lib\mayaUsd\CMakeFiles\mayaUsd.dir\undo\OpUndoItems.cpp.obj
[2023-02-02T16:52:34.932Z]     [164/621] Building CXX object lib\mayaUsd\CMakeFiles\mayaUsd.dir\utils\editability.cpp.obj
[2023-02-02T16:52:35.184Z]     [165/621] Building CXX object lib\mayaUsd\CMakeFiles\mayaUsd.dir\undo\UsdUndoBlock.cpp.obj
[2023-02-02T16:52:35.505Z]     [166/621] Building CXX object lib\mayaUsd\CMakeFiles\mayaUsd.dir\utils\progressBarScope.cpp.obj
[2023-02-02T16:52:35.924Z]     [167/621] Building CXX object lib\mayaUsd\CMakeFiles\mayaUsd.dir\undo\UsdUndoStateDelegate.cpp.obj
[2023-02-02T16:52:36.245Z]     [168/621] Building CXX object lib\mayaUsd\CMakeFiles\mayaUsd.dir\utils\plugRegistryHelper.cpp.obj
[2023-02-02T16:52:36.575Z]     [169/621] Building CXX object lib\mayaUsd\CMakeFiles\mayaUsd.dir\utils\customLayerData.cpp.obj
[2023-02-02T16:52:38.042Z]     [170/621] Building CXX object lib\mayaUsd\CMakeFiles\mayaUsd.dir\render\vp2RenderDelegate\points.cpp.obj
[2023-02-02T16:52:38.042Z]     [171/621] Building CXX object lib\mayaUsd\CMakeFiles\mayaUsd.dir\utils\loadRulesText.cpp.obj
[2023-02-02T16:52:38.214Z]     [172/621] Building CXX object lib\mayaUsd\CMakeFiles\mayaUsd.dir\utils\loadRulesAttribute.cpp.obj
[2023-02-02T16:52:38.214Z]     [173/621] Building CXX object lib\mayaUsd\CMakeFiles\mayaUsd.dir\utils\layerMuting.cpp.obj
[2023-02-02T16:52:38.327Z]     [174/621] Building CXX object lib\mayaUsd\CMakeFiles\mayaUsd.dir\utils\loadRules.cpp.obj
[2023-02-02T16:52:38.327Z]     [175/621] Building CXX object lib\mayaUsd\CMakeFiles\mayaUsd.dir\utils\query.cpp.obj
[2023-02-02T16:52:38.439Z]     [176/621] Building CXX object lib\mayaUsd\CMakeFiles\mayaUsd.dir\utils\converter.cpp.obj
[2023-02-02T16:52:38.758Z]     [177/621] Building CXX object test\lib\usd\plugin\CMakeFiles\usdTestMayaPlugin.dir\plugin.cpp.obj
[2023-02-02T16:52:38.879Z]     [178/621] Building CXX object test\lib\usd\plugin\CMakeFiles\usdTestInfoImportChaser.dir\plugin.cpp.obj
[2023-02-02T16:52:38.993Z]     [179/621] Building CXX object test\lib\usd\plugin\CMakeFiles\usdTestApiWriter.dir\plugin.cpp.obj
[2023-02-02T16:52:38.993Z]     [180/621] Copying listShadingModesCommand.h ...
[2023-02-02T16:52:38.993Z]     [181/621] Copying editUtil.h ...
[2023-02-02T16:52:38.993Z]     [182/621] Copying api.h ...
[2023-02-02T16:52:39.107Z]     [183/621] Copying translatorModelAssembly.h ...
[2023-02-02T16:52:39.107Z]     [184/621] Copying exportTranslator.h ...
[2023-02-02T16:52:39.255Z]     [185/621] Copying importCommand.h ...
[2023-02-02T16:52:39.255Z]     [186/621] Copying importTranslator.h ...
[2023-02-02T16:52:39.391Z]     [187/621] Copying proxyShape.h ...
[2023-02-02T16:52:39.391Z]     [188/621] Copying referenceAssembly.h ...
[2023-02-02T16:52:39.503Z]     [189/621] Copying readJobWithSceneAssembly.h ...
[2023-02-02T16:52:39.503Z]     [190/621] Copying exportCommand.h ...
[2023-02-02T16:52:39.638Z]     [191/621] Building CXX object lib\mayaUsd\CMakeFiles\mayaUsd.dir\utils\traverseLayer.cpp.obj
[2023-02-02T16:52:39.638Z]     [192/621] Generating userExportedAttributesUI.pyc
[2023-02-02T16:52:39.638Z]     [193/621] Generating __init__.pyc
[2023-02-02T16:52:39.754Z]     [194/621] Copying instancerShapeAdapterWithSceneAssembly.h ...
[2023-02-02T16:52:39.754Z]     [195/621] Copying api.h ...
[2023-02-02T16:52:39.754Z]     [196/621] Generating AEpxrUsdReferenceAssemblyTemplate.pyc
[2023-02-02T16:52:40.084Z]     [197/621] Building CXX object lib\mayaUsd\CMakeFiles\mayaUsd.dir\utils\editRouter.cpp.obj
[2023-02-02T16:52:40.199Z]     [198/621] Building CXX object lib\mayaUsd\CMakeFiles\mayaUsd.dir\utils\selectability.cpp.obj
[2023-02-02T16:52:41.422Z]     [199/621] Building CXX object lib\mayaUsd\CMakeFiles\mayaUsd.dir\utils\stageCache.cpp.obj
[2023-02-02T16:52:42.659Z]     [200/621] Building CXX object lib\mayaUsd\CMakeFiles\mayaUsd.dir\utils\undoHelperCommand.cpp.obj
[2023-02-02T16:52:43.482Z]     [201/621] Building CXX object lib\mayaUsd\CMakeFiles\mayaUsd.dir\utils\variants.cpp.obj
[2023-02-02T16:52:43.906Z]     [202/621] Building CXX object plugin\pxr\maya\lib\usdMaya\CMakeFiles\usdMaya.dir\listShadingModesCommand.cpp.obj
[2023-02-02T16:52:44.661Z]     [203/621] Building CXX object lib\mayaUsd\CMakeFiles\mayaUsd.dir\utils\utilFileSystem.cpp.obj
[2023-02-02T16:52:44.776Z]     [204/621] Building CXX object lib\mayaUsd\CMakeFiles\mayaUsd.dir\utils\utilDictionary.cpp.obj
[2023-02-02T16:52:44.776Z]     [205/621] Building CXX object lib\mayaUsd\CMakeFiles\mayaUsd.dir\utils\utilSerialization.cpp.obj
[2023-02-02T16:52:44.890Z]     [206/621] Building CXX object test\lib\usd\plugin\CMakeFiles\usdTestInfoImportChaser.dir\infoImportChaser.cpp.obj
[2023-02-02T16:52:45.217Z]     [207/621] Building CXX object test\lib\usd\plugin\CMakeFiles\usdTestApiWriter.dir\nullApiExporter.cpp.obj
[2023-02-02T16:52:45.533Z]     [208/621] Building CXX object test\lib\usd\plugin\CMakeFiles\usdTestUsdPlugin.dir\mayaShaderTranslation.cpp.obj
[2023-02-02T16:52:45.849Z]     [209/621] Building CXX object plugin\pxr\maya\lib\usdMaya\CMakeFiles\usdMaya.dir\exportCommand.cpp.obj
[2023-02-02T16:52:46.772Z]     [210/621] Building CXX object plugin\pxr\maya\lib\usdMaya\CMakeFiles\usdMaya.dir\editUtil.cpp.obj
[2023-02-02T16:52:46.885Z]     [211/621] Building CXX object plugin\pxr\maya\lib\usdMaya\CMakeFiles\usdMaya.dir\readJobWithSceneAssembly.cpp.obj
[2023-02-02T16:52:47.310Z]     [212/621] Building CXX object lib\mayaUsd\CMakeFiles\mayaUsd.dir\utils\util.cpp.obj
[2023-02-02T16:52:47.436Z]     [213/621] Building CXX object plugin\pxr\maya\lib\usdMaya\CMakeFiles\_usdMaya.dir\module.cpp.obj
[2023-02-02T16:52:47.436Z]     [214/621] Copying api.h ...
[2023-02-02T16:52:47.656Z]     [215/621] Building CXX object test\lib\usd\plugin\CMakeFiles\usdTestMayaPlugin.dir\mayaShaderTranslation.cpp.obj
[2023-02-02T16:52:47.873Z]     [216/621] Building CXX object plugin\pxr\maya\lib\usdMaya\CMakeFiles\usdMaya.dir\translatorModelAssembly.cpp.obj
[2023-02-02T16:52:48.599Z]     [217/621] Building CXX object plugin\al\utils\AL\CMakeFiles\AL_EventSystem.dir\event\EventHandler.cpp.obj
[2023-02-02T16:52:49.128Z]     [218/621] Building CXX object plugin\al\mayatest\AL\maya\test\CMakeFiles\AL_MayaTest.dir\testHarness.cpp.obj
[2023-02-02T16:52:49.128Z]     [219/621] Building CXX object plugin\al\mayatest\AL\maya\test\CMakeFiles\AL_MayaTest.dir\testHelpers.cpp.obj
[2023-02-02T16:52:49.241Z]     [220/621] Building CXX object plugin\pxr\maya\lib\usdMaya\CMakeFiles\usdMaya.dir\instancerShapeAdapterWithSceneAssembly.cpp.obj
[2023-02-02T16:52:49.241Z]     [221/621] Linking CXX shared library plugin\al\utils\AL\AL_EventSystem.dll
[2023-02-02T16:52:50.081Z]     [222/621] Linking CXX shared library plugin\al\mayatest\AL\maya\test\AL_MayaTest.dll
[2023-02-02T16:52:50.081Z]     [223/621] Building CXX object plugin\al\mayautils\AL\maya\CMakeFiles\AL_MayaUtils.dir\utils\FileTranslatorOptions.cpp.obj
[2023-02-02T16:52:50.193Z]     [224/621] Building CXX object plugin\al\mayautils\AL\maya\CMakeFiles\AL_MayaUtils.dir\utils\MenuBuilder.cpp.obj
[2023-02-02T16:52:50.193Z]     [225/621] Building CXX object plugin\pxr\maya\lib\usdMaya\CMakeFiles\usdMaya.dir\readJob_ImportWithProxies.cpp.obj
[2023-02-02T16:52:50.407Z]     [226/621] Building CXX object plugin\pxr\maya\lib\usdMaya\CMakeFiles\usdMaya.dir\exportTranslator.cpp.obj
[2023-02-02T16:52:50.407Z]     [227/621] Building CXX object plugin\al\mayautils\AL\maya\CMakeFiles\AL_MayaUtils.dir\utils\NodeHelper.cpp.obj
[2023-02-02T16:52:50.623Z]     [228/621] Building CXX object plugin\al\mayautils\AL\maya\CMakeFiles\AL_MayaUtils.dir\utils\Utils.cpp.obj
[2023-02-02T16:52:51.054Z]     [229/621] Building CXX object plugin\al\mayautils\AL\maya\CMakeFiles\AL_MayaUtils.dir\utils\PluginTranslatorOptions.cpp.obj
[2023-02-02T16:52:51.285Z]     [230/621] Building CXX object plugin\al\mayautils\AL\maya\CMakeFiles\AL_MayaUtils.dir\event\MayaEventManager.cpp.obj
[2023-02-02T16:52:51.512Z]     [231/621] Building CXX object plugin\al\mayautils\AL\maya\CMakeFiles\AL_MayaUtils.dir\utils\CommandGuiHelper.cpp.obj
[2023-02-02T16:52:52.334Z]     [232/621] Building CXX object plugin\al\lib\AL_USDMaya\CMakeFiles\AL_USDMaya.dir\AL\usdmaya\nodes\Layer.cpp.obj
[2023-02-02T16:52:52.550Z]     [233/621] Building CXX object plugin\al\mayautils\AL\maya\tests\mayaplugintest\CMakeFiles\AL_MayaUtilsTests.dir\test_mobjectmap.cpp.obj
[2023-02-02T16:52:53.069Z]     [234/621] Building CXX object plugin\pxr\maya\plugin\pxrUsd\CMakeFiles\pxrUsd.dir\usdTranslator.cpp.obj
[2023-02-02T16:52:53.183Z]     [235/621] Building CXX object plugin\al\mayautils\AL\maya\tests\mayaplugintest\CMakeFiles\AL_MayaUtilsTests.dir\utils\CommandGuiHelperTest.cpp.obj
[2023-02-02T16:52:54.016Z]     [236/621] Building CXX object plugin\al\mayautils\AL\maya\tests\mayaplugintest\CMakeFiles\AL_MayaUtilsTests.dir\plugin.cpp.obj
[2023-02-02T16:52:54.145Z]     [237/621] Building CXX object plugin\al\mayautils\AL\maya\tests\mayaplugintest\CMakeFiles\AL_MayaUtilsTests.dir\test_maya_NodeHelper.cpp.obj
[2023-02-02T16:52:54.264Z]     [238/621] Building CXX object plugin\pxr\maya\lib\usdMaya\CMakeFiles\usdMaya.dir\importCommand.cpp.obj
[2023-02-02T16:52:54.587Z]     [239/621] Building CXX object plugin\pxr\maya\lib\usdMaya\CMakeFiles\_usdMaya.dir\wrapAssembly.cpp.obj
[2023-02-02T16:52:54.850Z]     [240/621] Building CXX object plugin\pxr\maya\plugin\pxrUsdPreviewSurface\CMakeFiles\pxrUsdPreviewSurface.dir\plugin.cpp.obj
[2023-02-02T16:52:54.850Z]     [241/621] Building CXX object plugin\al\mayautils\AL\maya\tests\mayaplugintest\CMakeFiles\AL_MayaUtilsTests.dir\utils\NodeHelperUnitTest.cpp.obj
[2023-02-02T16:52:55.105Z]     [242/621] Building CXX object plugin\al\mayautils\AL\maya\tests\mayaplugintest\CMakeFiles\AL_MayaUtilsTests.dir\test_maya_MenuBuilder.cpp.obj
[2023-02-02T16:52:55.431Z]     [243/621] Building CXX object plugin\pxr\maya\plugin\pxrUsd\CMakeFiles\pxrUsd.dir\alembicChaser.cpp.obj
[2023-02-02T16:52:55.748Z]     [244/621] Building CXX object plugin\al\mayautils\AL\maya\tests\mayaplugintest\CMakeFiles\AL_MayaUtilsTests.dir\utils\PluginTranslatorOptionsTest.cpp.obj
[2023-02-02T16:52:55.868Z]     [245/621] Building CXX object plugin\pxr\maya\lib\usdMaya\CMakeFiles\usdMaya.dir\importTranslator.cpp.obj
[2023-02-02T16:52:56.703Z]     [246/621] Building CXX object plugin\pxr\maya\lib\usdMaya\CMakeFiles\_usdMaya.dir\wrapEditUtil.cpp.obj
[2023-02-02T16:52:57.018Z]     [247/621] Building CXX object plugin\pxr\maya\lib\usdMaya\CMakeFiles\usdMaya.dir\proxyShape.cpp.obj
[2023-02-02T16:52:57.878Z]     [248/621] Building CXX object plugin\pxr\maya\plugin\pxrUsd\CMakeFiles\pxrUsd.dir\plugin.cpp.obj
[2023-02-02T16:52:58.197Z]     [249/621] Building CXX object plugin\al\lib\AL_USDMaya\CMakeFiles\AL_USDMaya.dir\AL\usdmaya\nodes\LayerManager.cpp.obj
[2023-02-02T16:52:58.416Z]     [250/621] Building CXX object plugin\al\usdtransaction\AL\usd\transaction\CMakeFiles\_AL_USDTransaction.dir\module.cpp.obj
[2023-02-02T16:52:58.942Z]     [251/621] Building CXX object plugin\al\lib\AL_USDMaya\CMakeFiles\AL_USDMaya.dir\AL\usdmaya\nodes\MeshAnimDeformer.cpp.obj
[2023-02-02T16:52:59.660Z]     [252/621] Building CXX object plugin\pxr\maya\lib\usdMaya\CMakeFiles\usdMaya.dir\referenceAssembly.cpp.obj
[2023-02-02T16:52:59.787Z]     [253/621] Building CXX object plugin\al\lib\AL_USDMaya\CMakeFiles\AL_USDMaya.dir\AL\usdmaya\nodes\MeshAnimCreator.cpp.obj
[2023-02-02T16:53:00.713Z]     [254/621] Building CXX object plugin\al\usdtransaction\AL\usd\transaction\tests\CMakeFiles\AL_USDTransactionTests.dir\testMain.cpp.obj
[2023-02-02T16:53:00.931Z]     [255/621] Building CXX object plugin\al\usdmayautils\AL\usdmaya\utils\CMakeFiles\AL_USDMayaUtils.dir\AnimationTranslator.cpp.obj
[2023-02-02T16:53:01.668Z]     [256/621] Building CXX object plugin\al\lib\AL_USDMaya\CMakeFiles\AL_USDMaya.dir\AL\usdmaya\Metadata.cpp.obj
[2023-02-02T16:53:01.906Z]     [257/621] Building CXX object plugin\al\lib\AL_USDMaya\CMakeFiles\AL_USDMaya.dir\AL\usdmaya\nodes\Engine.cpp.obj
[2023-02-02T16:53:02.043Z]     [258/621] Building CXX object plugin\al\usdtransaction\AL\usd\transaction\CMakeFiles\AL_USDTransaction.dir\Notice.cpp.obj
[2023-02-02T16:53:02.612Z]     [259/621] Building CXX object plugin\al\usdmayautils\AL\usdmaya\utils\CMakeFiles\AL_USDMayaUtils.dir\MeshUtils.cpp.obj
[2023-02-02T16:53:03.035Z]     [260/621] Building CXX object plugin\al\usdtransaction\AL\usd\transaction\CMakeFiles\AL_USDTransaction.dir\Transaction.cpp.obj
[2023-02-02T16:53:03.035Z]     [261/621] Building CXX object plugin\al\usdmayautils\AL\usdmaya\utils\CMakeFiles\AL_USDMayaUtils.dir\Utils.cpp.obj
[2023-02-02T16:53:03.400Z]     [262/621] Building CXX object plugin\al\usdmayautils\AL\usdmaya\utils\CMakeFiles\AL_USDMayaUtils.dir\AttributeType.cpp.obj
[2023-02-02T16:53:03.400Z]     [263/621] Building CXX object plugin\al\lib\AL_USDMaya\CMakeFiles\AL_USDMaya.dir\AL\usdmaya\DebugCodes.cpp.obj
[2023-02-02T16:53:03.628Z]     [264/621] Building CXX object plugin\al\usdmayautils\AL\usdmaya\utils\CMakeFiles\AL_USDMayaUtils.dir\DgNodeHelper.cpp.obj
[2023-02-02T16:53:04.087Z]     [265/621] Building CXX object plugin\al\usdtransaction\AL\usd\transaction\CMakeFiles\AL_USDTransaction.dir\TransactionManager.cpp.obj
[2023-02-02T16:53:04.087Z]     [266/621] Building CXX object plugin\al\usdmayautils\AL\usdmaya\utils\CMakeFiles\AL_USDMayaUtils.dir\NurbsCurveUtils.cpp.obj
[2023-02-02T16:53:04.512Z]     [267/621] Building CXX object plugin\al\usdmayautils\AL\usdmaya\utils\CMakeFiles\AL_USDMayaUtils.dir\DiffPrimVar.cpp.obj
[2023-02-02T16:53:04.749Z]     [268/621] Linking CXX shared library plugin\al\usdtransaction\AL\usd\transaction\AL_USDTransaction.dll
[2023-02-02T16:53:04.749Z]     [269/621] Building CXX object plugin\al\lib\AL_USDMaya\CMakeFiles\AL_USDMaya.dir\AL\usdmaya\cmds\DebugCommands.cpp.obj
[2023-02-02T16:53:05.267Z]     [270/621] Building CXX object plugin\al\lib\AL_USDMaya\CMakeFiles\AL_USDMaya.dir\AL\usdmaya\cmds\EventCommand.cpp.obj
[2023-02-02T16:53:05.689Z]     [271/621] Building CXX object plugin\al\lib\AL_USDMaya\CMakeFiles\AL_USDMaya.dir\AL\usdmaya\cmds\RendererCommands.cpp.obj
[2023-02-02T16:53:05.908Z]     [272/621] Building CXX object plugin\al\lib\AL_USDMaya\CMakeFiles\AL_USDMaya.dir\AL\usdmaya\StageCache.cpp.obj
[2023-02-02T16:53:06.379Z]     [273/621] Building CXX object plugin\al\lib\AL_USDMaya\CMakeFiles\AL_USDMaya.dir\AL\usdmaya\moduleDeps.cpp.obj
[2023-02-02T16:53:06.379Z]     [274/621] Building CXX object plugin\al\usdtransaction\AL\usd\transaction\tests\CMakeFiles\AL_USDTransactionTests.dir\testTransaction.cpp.obj
[2023-02-02T16:53:06.707Z]     [275/621] Building CXX object plugin\al\usdtransaction\AL\usd\transaction\CMakeFiles\_AL_USDTransaction.dir\wrapTransaction.cpp.obj
[2023-02-02T16:53:07.026Z]     [276/621] Building CXX object plugin\al\usdtransaction\AL\usd\transaction\tests\CMakeFiles\AL_USDTransactionTests.dir\testTransactionManager.cpp.obj
[2023-02-02T16:53:07.141Z]     [277/621] Building CXX object plugin\al\usdtransaction\AL\usd\transaction\CMakeFiles\_AL_USDTransaction.dir\wrapNotice.cpp.obj
[2023-02-02T16:53:07.356Z]     [278/621] Building CXX object plugin\al\usdtransaction\AL\usd\transaction\CMakeFiles\_AL_USDTransaction.dir\wrapTransactionManager.cpp.obj
[2023-02-02T16:53:07.472Z]     [279/621] Building CXX object plugin\al\lib\AL_USDMaya\CMakeFiles\AL_USDMaya.dir\AL\usdmaya\cmds\SyncFileIOGui.cpp.obj
[2023-02-02T16:53:07.585Z]     [280/621] Linking CXX executable plugin\al\usdtransaction\AL\usd\transaction\tests\AL_USDTransactionTests.exe
[2023-02-02T16:53:08.003Z]     [281/621] Linking CXX shared library plugin\al\usdtransaction\AL\usd\transaction\_AL_USDTransaction.pyd
[2023-02-02T16:53:10.778Z]     [282/621] Building CXX object plugin\al\lib\AL_USDMaya\CMakeFiles\AL_USDMaya.dir\AL\usdmaya\TransformOperation.cpp.obj
[2023-02-02T16:53:10.892Z]     [283/621] Building CXX object plugin\al\lib\AL_USDMaya\CMakeFiles\AL_USDMaya.dir\AL\usdmaya\cmds\CreateUsdPrim.cpp.obj
[2023-02-02T16:53:11.623Z]     [284/621] Building CXX object plugin\al\lib\AL_USDMaya\CMakeFiles\AL_USDMaya.dir\AL\usdmaya\Global.cpp.obj
[2023-02-02T16:53:12.070Z]     [285/621] Building CXX object plugin\al\lib\AL_USDMaya\CMakeFiles\AL_USDMaya.dir\AL\usdmaya\cmds\ListTranslators.cpp.obj
[2023-02-02T16:53:12.956Z]     [286/621] Building CXX object plugin\al\lib\AL_USDMaya\CMakeFiles\AL_USDMaya.dir\AL\usdmaya\cmds\ProxyShapePostLoadProcess.cpp.obj
[2023-02-02T16:53:13.163Z]     [287/621] Building CXX object plugin\al\lib\AL_USDMaya\CMakeFiles\AL_USDMaya.dir\AL\usdmaya\cmds\LayerCommands.cpp.obj
[2023-02-02T16:53:13.491Z]     [288/621] Building CXX object plugin\al\lib\AL_USDMaya\CMakeFiles\AL_USDMaya.dir\AL\usdmaya\fileio\ExportTranslator.cpp.obj
[2023-02-02T16:53:13.617Z]     [289/621] Building CXX object plugin\al\lib\AL_USDMaya\CMakeFiles\AL_USDMaya.dir\AL\usdmaya\fileio\Import.cpp.obj
[2023-02-02T16:53:13.940Z]     [290/621] Building CXX object plugin\al\lib\AL_USDMaya\CMakeFiles\AL_USDMaya.dir\AL\usdmaya\cmds\ProxyShapeCommands.cpp.obj
[2023-02-02T16:53:14.477Z]     [291/621] Building CXX object plugin\al\lib\AL_USDMaya\CMakeFiles\AL_USDMaya.dir\AL\usdmaya\fileio\translators\DagNodeTranslator.cpp.obj
[2023-02-02T16:53:14.590Z]     [292/621] Building CXX object plugin\al\lib\AL_USDMaya\CMakeFiles\AL_USDMaya.dir\AL\usdmaya\cmds\UnloadPrim.cpp.obj
[2023-02-02T16:53:14.716Z]     [293/621] Building CXX object plugin\al\lib\AL_USDMaya\CMakeFiles\AL_USDMaya.dir\AL\usdmaya\fileio\TransformIterator.cpp.obj
[2023-02-02T16:53:15.135Z]     [294/621] Building CXX object plugin\al\lib\AL_USDMaya\CMakeFiles\AL_USDMaya.dir\AL\usdmaya\fileio\AnimationTranslator.cpp.obj
[2023-02-02T16:53:15.769Z]     [295/621] Building CXX object plugin\al\lib\AL_USDMaya\CMakeFiles\AL_USDMaya.dir\AL\usdmaya\fileio\Export.cpp.obj
[2023-02-02T16:53:15.885Z]     [296/621] Building CXX object plugin\al\lib\AL_USDMaya\CMakeFiles\AL_USDMaya.dir\AL\usdmaya\fileio\ImportTranslator.cpp.obj
[2023-02-02T16:53:16.919Z]     [297/621] Building CXX object plugin\al\lib\AL_USDMaya\CMakeFiles\AL_USDMaya.dir\AL\usdmaya\fileio\NodeFactory.cpp.obj
[2023-02-02T16:53:17.848Z]     [298/621] Building CXX object lib\mayaUsd\python\CMakeFiles\_mayaUsd.dir\wrapColorSpace.cpp.obj
[2023-02-02T16:53:18.069Z]     [299/621] Building CXX object lib\mayaUsd\python\CMakeFiles\_mayaUsd.dir\module.cpp.obj
[2023-02-02T16:53:18.707Z]     [300/621] Building CXX object plugin\al\lib\AL_USDMaya\CMakeFiles\AL_USDMaya.dir\AL\usdmaya\fileio\SchemaPrims.cpp.obj
[2023-02-02T16:53:18.925Z]     [301/621] Building CXX object plugin\al\lib\AL_USDMaya\CMakeFiles\AL_USDMaya.dir\AL\usdmaya\fileio\translators\TranslatorTestPlugin.cpp.obj
[2023-02-02T16:53:19.547Z]     [302/621] Building CXX object plugin\al\lib\AL_USDMaya\CMakeFiles\AL_USDMaya.dir\AL\usdmaya\fileio\translators\DgNodeTranslator.cpp.obj
[2023-02-02T16:53:19.997Z]     [303/621] Building CXX object plugin\al\lib\AL_USDMaya\CMakeFiles\AL_USDMaya.dir\AL\usdmaya\fileio\translators\TestExtraDataPlugin.cpp.obj
[2023-02-02T16:53:20.336Z]     [304/621] Building CXX object plugin\al\lib\AL_USDMaya\CMakeFiles\AL_USDMaya.dir\AL\usdmaya\fileio\translators\TranslatorBase.cpp.obj
[2023-02-02T16:53:20.450Z]     [305/621] Building CXX object lib\mayaUsd\python\CMakeFiles\_mayaUsd.dir\wrapDiagnosticDelegate.cpp.obj
[2023-02-02T16:53:20.668Z]     [306/621] Building CXX object plugin\al\lib\AL_USDMaya\CMakeFiles\AL_USDMaya.dir\AL\usdmaya\fileio\translators\TranslatorContext.cpp.obj
[2023-02-02T16:53:20.796Z]     [307/621] Building CXX object lib\mayaUsd\python\CMakeFiles\_mayaUsd.dir\pythonObjectRegistry.cpp.obj
[2023-02-02T16:53:21.431Z]     [308/621] Building CXX object plugin\al\lib\AL_USDMaya\CMakeFiles\AL_USDMaya.dir\AL\usdmaya\fileio\translators\ExtraDataPlugin.cpp.obj
[2023-02-02T16:53:21.653Z]     [309/621] Building CXX object plugin\al\lib\AL_USDMaya\CMakeFiles\AL_USDMaya.dir\AL\usdmaya\fileio\translators\TransformTranslator.cpp.obj
[2023-02-02T16:53:21.978Z]     [310/621] Building CXX object plugin\al\lib\AL_USDMaya\CMakeFiles\AL_USDMaya.dir\AL\usdmaya\fileio\translators\TranslatorTestType.cpp.obj
[2023-02-02T16:53:22.296Z]     [311/621] Building CXX object lib\mayaUsd\python\CMakeFiles\_mayaUsd.dir\wrapBlockSceneModificationContext.cpp.obj
[2023-02-02T16:53:22.841Z]     [312/621] Building CXX object lib\mayaUsd\python\CMakeFiles\_mayaUsd.dir\wrapEditRouter.cpp.obj
[2023-02-02T16:53:22.957Z]     [313/621] Building CXX object lib\mayaUsd\python\CMakeFiles\_mayaUsd.dir\wrapOpUndoItem.cpp.obj
[2023-02-02T16:53:23.086Z]     [314/621] Building CXX object lib\mayaUsd\python\CMakeFiles\_mayaUsd.dir\wrapMeshWriteUtils.cpp.obj
[2023-02-02T16:53:23.204Z]     [315/621] Building CXX object lib\mayaUsd\python\CMakeFiles\_mayaUsd.dir\wrapConverter.cpp.obj
[2023-02-02T16:53:24.030Z]     [316/621] Building CXX object lib\mayaUsd\python\CMakeFiles\_mayaUsd.dir\wrapSparseValueWriter.cpp.obj
[2023-02-02T16:53:24.757Z]     [317/621] Building CXX object lib\mayaUsd\python\CMakeFiles\_mayaUsd.dir\wrapTokens.cpp.obj
[2023-02-02T16:53:25.381Z]     [318/621] Building CXX object lib\mayaUsd\python\CMakeFiles\_mayaUsd.dir\wrapRoundTripUtil.cpp.obj
[2023-02-02T16:53:25.606Z]     [319/621] Building CXX object lib\mayaUsd\python\CMakeFiles\_mayaUsd.dir\wrapQuery.cpp.obj
[2023-02-02T16:53:27.146Z]     [320/621] Building CXX object lib\mayaUsd\python\CMakeFiles\_mayaUsd.dir\wrapReadUtil.cpp.obj
[2023-02-02T16:53:27.364Z]     [321/621] Building CXX object lib\mayaUsd\python\CMakeFiles\_mayaUsd.dir\wrapAdaptor.cpp.obj
[2023-02-02T16:53:28.392Z]     [322/621] Building CXX object lib\mayaUsd\python\CMakeFiles\_mayaUsd.dir\wrapUsdUndoManager.cpp.obj
[2023-02-02T16:53:29.031Z]     [323/621] Building CXX object lib\mayaUsd\python\CMakeFiles\_mayaUsd.dir\wrapStageCache.cpp.obj
[2023-02-02T16:53:29.349Z]     [324/621] Building CXX object lib\mayaUsd\python\CMakeFiles\_mayaUsd.dir\wrapWriteUtil.cpp.obj
[2023-02-02T16:53:29.349Z]     [325/621] Building CXX object lib\mayaUsd\python\CMakeFiles\_mayaUsd.dir\wrapTranslatorUtil.cpp.obj
[2023-02-02T16:53:29.569Z]     [326/621] Building CXX object lib\mayaUsd\python\CMakeFiles\_mayaUsd.dir\wrapUserTaggedAttribute.cpp.obj
[2023-02-02T16:53:30.014Z]     [327/621] Building CXX object lib\mayaUsd\python\CMakeFiles\_mayaUsd.dir\wrapJobContextRegistry.cpp.obj
[2023-02-02T16:53:30.454Z]     [328/621] Building CXX object lib\mayaUsd\python\CMakeFiles\_mayaUsd.dir\wrapXformStack.cpp.obj
[2023-02-02T16:53:30.890Z]     [329/621] Building CXX object lib\mayaUsd\python\CMakeFiles\_mayaUsd.dir\wrapOpenMaya.cpp.obj
[2023-02-02T16:53:30.890Z]     [330/621] Building CXX object lib\usd\hdMaya\CMakeFiles\hdMaya.dir\adapters\adapterDebugCodes.cpp.obj
[2023-02-02T16:53:31.004Z]     [331/621] Building CXX object lib\mayaUsd\python\CMakeFiles\_mayaUsd.dir\wrapUtil.cpp.obj
[2023-02-02T16:53:31.220Z]     [332/621] Building CXX object lib\mayaUsd\python\CMakeFiles\_mayaUsd.dir\wrapImportChaser.cpp.obj
[2023-02-02T16:53:31.539Z]     [333/621] Building CXX object lib\mayaUsd\render\mayaToHydra\CMakeFiles\mtoh.dir\pluginDebugCodes.cpp.obj
[2023-02-02T16:53:32.064Z]     [334/621] Building CXX object lib\mayaUsd\render\mayaToHydra\CMakeFiles\mtoh.dir\tokens.cpp.obj
[2023-02-02T16:53:33.646Z]     [335/621] Building CXX object lib\mayaUsd\python\CMakeFiles\_mayaUsd.dir\wrapShadingMode.cpp.obj
[2023-02-02T16:53:33.778Z]     [336/621] Building CXX object lib\mayaUsd\python\CMakeFiles\_mayaUsd.dir\wrapShadingUtil.cpp.obj
[2023-02-02T16:53:34.306Z]     [337/621] Building CXX object lib\mayaUsd\python\CMakeFiles\_mayaUsd.dir\wrapExportChaser.cpp.obj
[2023-02-02T16:53:34.419Z]     [338/621] Building CXX object lib\mayaUsd\python\CMakeFiles\_mayaUsd.dir\wrapPrimWriter.cpp.obj
[2023-02-02T16:53:34.738Z]     [339/621] Building CXX object lib\mayaUsd\python\CMakeFiles\_mayaUsd.dir\wrapPrimReader.cpp.obj
[2023-02-02T16:53:35.258Z]     [340/621] Building CXX object lib\usd\hdMaya\CMakeFiles\hdMaya.dir\debugCodes.cpp.obj
[2023-02-02T16:53:36.287Z]     [341/621] Building CXX object lib\usd\hdMaya\CMakeFiles\hdMaya.dir\adapters\adapter.cpp.obj
[2023-02-02T16:53:36.399Z]     [342/621] Building CXX object lib\usd\hdMaya\CMakeFiles\hdMaya.dir\utils.cpp.obj
[2023-02-02T16:53:37.345Z]     [343/621] Building CXX object lib\usd\hdMaya\CMakeFiles\hdMaya.dir\adapters\areaLightAdapter.cpp.obj
[2023-02-02T16:53:37.794Z]     [344/621] Building CXX object lib\usd\hdMaya\CMakeFiles\hdMaya.dir\adapters\aiSkydomeLightAdapter.cpp.obj
[2023-02-02T16:53:37.913Z]     [345/621] Building CXX object lib\mayaUsd\render\mayaToHydra\CMakeFiles\mtoh.dir\utils.cpp.obj
[2023-02-02T16:53:38.749Z]     [346/621] Building CXX object lib\mayaUsd\python\CMakeFiles\_mayaUsd.dir\wrapSchemaApiAdaptor.cpp.obj
[2023-02-02T16:53:38.862Z]     [347/621] Building CXX object lib\usd\hdMaya\CMakeFiles\hdMaya.dir\adapters\mayaAttrs.cpp.obj
[2023-02-02T16:53:39.805Z]     [348/621] Building CXX object lib\usd\hdMaya\CMakeFiles\hdMaya.dir\adapters\cameraAdapter.cpp.obj
[2023-02-02T16:53:40.124Z]     [349/621] Building CXX object lib\usd\hdMaya\CMakeFiles\hdMaya.dir\adapters\adapterRegistry.cpp.obj
[2023-02-02T16:53:41.160Z]     [350/621] Building CXX object lib\mayaUsd\render\mayaToHydra\CMakeFiles\mtoh.dir\plugin.cpp.obj
[2023-02-02T16:53:41.305Z]     [351/621] Building CXX object lib\mayaUsd\render\mayaToHydra\CMakeFiles\mtoh.dir\viewCommand.cpp.obj
[2023-02-02T16:53:41.659Z]     [352/621] Building CXX object lib\mayaUsd\render\mayaToHydra\CMakeFiles\mtoh.dir\defaultLightDelegate.cpp.obj
[2023-02-02T16:53:41.659Z]     [353/621] Building CXX object lib\usd\hdMaya\CMakeFiles\hdMaya.dir\adapters\directionalLightAdapter.cpp.obj
[2023-02-02T16:53:41.774Z]     [354/621] Building CXX object lib\mayaUsd\render\mayaToHydra\CMakeFiles\mtoh.dir\shadingModeExporter.cpp.obj
[2023-02-02T16:53:42.506Z]     [355/621] Building CXX object lib\usd\hdMaya\CMakeFiles\hdMaya.dir\adapters\tokens.cpp.obj
[2023-02-02T16:53:42.856Z]     [356/621] Building CXX object lib\mayaUsd\render\mayaToHydra\CMakeFiles\mtoh.dir\renderOverride.cpp.obj
[2023-02-02T16:53:43.079Z]     [357/621] Building CXX object lib\usd\hdMaya\CMakeFiles\hdMaya.dir\adapters\lightAdapter.cpp.obj
[2023-02-02T16:53:43.707Z]     [358/621] Building CXX object lib\mayaUsd\render\mayaToHydra\CMakeFiles\mtoh.dir\renderGlobals.cpp.obj
[2023-02-02T16:53:43.823Z]     [359/621] Building CXX object lib\usd\hdMaya\CMakeFiles\hdMaya.dir\delegates\delegateDebugCodes.cpp.obj
[2023-02-02T16:53:43.936Z]     [360/621] Building CXX object lib\usd\hdMaya\CMakeFiles\hdMaya.dir\adapters\dagAdapter.cpp.obj
[2023-02-02T16:53:45.100Z]     [361/621] Building CXX object lib\usd\hdMaya\CMakeFiles\hdMaya.dir\adapters\meshAdapter.cpp.obj
[2023-02-02T16:53:45.460Z]     [362/621] Building CXX object lib\usd\hdMaya\CMakeFiles\hdMaya.dir\adapters\shapeAdapter.cpp.obj
[2023-02-02T16:53:45.575Z]     [363/621] Building CXX object lib\usd\hdMaya\CMakeFiles\hdMaya.dir\adapters\materialAdapter.cpp.obj
[2023-02-02T16:53:45.790Z]     [364/621] Building CXX object lib\usd\hdMaya\CMakeFiles\hdMaya.dir\adapters\nurbsCurveAdapter.cpp.obj
[2023-02-02T16:53:45.790Z]     [365/621] Building CXX object lib\usd\hdMaya\CMakeFiles\hdMaya.dir\adapters\pointLightAdapter.cpp.obj
[2023-02-02T16:53:45.904Z]     [366/621] Building CXX object lib\usd\pxrUsdPreviewSurface\CMakeFiles\basePxrUsdPreviewSurface.dir\cpvColor.cpp.obj
[2023-02-02T16:53:46.426Z]     [367/621] Building CXX object lib\usd\pxrUsdPreviewSurface\CMakeFiles\basePxrUsdPreviewSurface.dir\usdPreviewSurfaceShadingNodeOverride.cpp.obj
[2023-02-02T16:53:47.354Z]     [368/621] Building CXX object lib\usd\hdMaya\CMakeFiles\hdMaya.dir\adapters\spotLightAdapter.cpp.obj
[2023-02-02T16:53:48.497Z]     [369/621] Building CXX object lib\usd\pxrUsdPreviewSurface\CMakeFiles\basePxrUsdPreviewSurface.dir\usdPreviewSurface.cpp.obj
[2023-02-02T16:53:48.820Z]     [370/621] Building CXX object lib\usd\hdMaya\CMakeFiles\hdMaya.dir\delegates\delegate.cpp.obj
[2023-02-02T16:53:49.270Z]     [371/621] Building CXX object lib\usd\hdMaya\CMakeFiles\hdMaya.dir\delegates\delegateRegistry.cpp.obj
[2023-02-02T16:53:49.591Z]     [372/621] Building CXX object lib\usd\hdMaya\CMakeFiles\hdMaya.dir\adapters\materialNetworkConverter.cpp.obj
[2023-02-02T16:53:49.811Z]     [373/621] Building CXX object lib\usd\hdMaya\CMakeFiles\hdMaya.dir\adapters\proxyAdapter.cpp.obj
[2023-02-02T16:53:51.264Z]     [374/621] Building CXX object lib\usd\pxrUsdPreviewSurface\CMakeFiles\basePxrUsdPreviewSurface.dir\usdPreviewSurfacePlugin.cpp.obj
[2023-02-02T16:53:51.382Z]     [375/621] Building CXX object lib\usd\hdMaya\CMakeFiles\hdMaya.dir\delegates\sceneDelegate.cpp.obj
[2023-02-02T16:53:51.382Z]     [376/621] Building CXX object lib\usd\hdMaya\CMakeFiles\hdMaya.dir\delegates\delegateCtx.cpp.obj
[2023-02-02T16:53:52.514Z]     [377/621] Building CXX object lib\usd\pxrUsdPreviewSurface\CMakeFiles\basePxrUsdPreviewSurface.dir\usdPreviewSurfaceReader.cpp.obj
[2023-02-02T16:53:52.649Z]     [378/621] Building CXX object lib\usd\pxrUsdPreviewSurface\CMakeFiles\basePxrUsdPreviewSurface.dir\usdPreviewSurfaceWriter.cpp.obj
[2023-02-02T16:53:52.649Z]     [379/621] Building CXX object lib\usd\translators\CMakeFiles\mayaUsd_Translators.dir\cameraWriter.cpp.obj
[2023-02-02T16:53:53.895Z]     [380/621] Building CXX object lib\usd\hdMaya\CMakeFiles\hdMaya.dir\delegates\proxyUsdImagingDelegate.cpp.obj
[2023-02-02T16:53:54.014Z]     [381/621] Building CXX object lib\usd\translators\CMakeFiles\mayaUsd_Translators.dir\instancerWriter.cpp.obj
[2023-02-02T16:53:54.127Z]     [382/621] Building CXX object lib\usd\hdMaya\CMakeFiles\hdMaya.dir\delegates\proxyDelegate.cpp.obj
[2023-02-02T16:53:54.553Z]     [383/621] Building CXX object lib\usd\translators\CMakeFiles\mayaUsd_Translators.dir\plugin.cpp.obj
[2023-02-02T16:53:55.912Z]     [384/621] Building CXX object lib\usd\hdMaya\CMakeFiles\hdMaya.dir\delegates\testDelegate.cpp.obj
[2023-02-02T16:53:56.027Z]     [385/621] Building CXX object lib\usd\translators\CMakeFiles\mayaUsd_Translators.dir\cameraReader.cpp.obj
[2023-02-02T16:53:56.789Z]     [386/621] Building CXX object lib\usd\translators\CMakeFiles\mayaUsd_Translators.dir\lightRfMWriter.cpp.obj
[2023-02-02T16:53:57.219Z]     [387/621] Building CXX object lib\usd\translators\CMakeFiles\mayaUsd_Translators.dir\locatorWriter.cpp.obj
[2023-02-02T16:53:57.340Z]     [388/621] Building CXX object lib\usd\translators\CMakeFiles\mayaUsd_Translators.dir\lightRfMReader.cpp.obj
[2023-02-02T16:53:57.458Z]     [389/621] Building CXX object lib\usd\translators\CMakeFiles\mayaUsd_Translators.dir\lightReader.cpp.obj
[2023-02-02T16:53:58.183Z]     [390/621] Building CXX object lib\usd\translators\CMakeFiles\mayaUsd_Translators.dir\jointWriter.cpp.obj
[2023-02-02T16:53:58.922Z]     [391/621] Building CXX object lib\usd\translators\CMakeFiles\mayaUsd_Translators.dir\meshReader.cpp.obj
[2023-02-02T16:53:59.036Z]     [392/621] Building CXX object lib\usd\translators\CMakeFiles\mayaUsd_Translators.dir\lightWriter.cpp.obj
[2023-02-02T16:53:59.461Z]     [393/621] Building CXX object lib\usd\translators\CMakeFiles\mayaUsd_Translators.dir\shading\shadingTokens.cpp.obj
[2023-02-02T16:53:59.787Z]     [394/621] Building CXX object lib\usd\translators\CMakeFiles\mayaUsd_Translators.dir\mayaReferenceReader.cpp.obj
[2023-02-02T16:53:59.903Z]     [395/621] Building CXX object lib\usd\translators\CMakeFiles\mayaUsd_Translators.dir\materialReader.cpp.obj
[2023-02-02T16:54:00.358Z]     [396/621] Building CXX object lib\usd\translators\CMakeFiles\mayaUsd_Translators.dir\meshWriter.cpp.obj
[2023-02-02T16:54:00.472Z]     [397/621] Building CXX object lib\usd\translators\CMakeFiles\mayaUsd_Translators.dir\nurbsPatchReader.cpp.obj
[2023-02-02T16:54:01.031Z]     [398/621] Building CXX object lib\usd\translators\CMakeFiles\mayaUsd_Translators.dir\nurbsCurvesReader.cpp.obj
[2023-02-02T16:54:01.670Z]     [399/621] Building CXX object lib\usd\translators\CMakeFiles\mayaUsd_Translators.dir\particleWriter.cpp.obj
[2023-02-02T16:54:02.699Z]     [400/621] Building CXX object lib\usd\translators\CMakeFiles\mayaUsd_Translators.dir\meshWriter_BlendShapes.cpp.obj
[2023-02-02T16:54:04.802Z]     [401/621] Building CXX object lib\usd\translators\CMakeFiles\mayaUsd_Translators.dir\xformReader.cpp.obj
[2023-02-02T16:54:05.248Z]     [402/621] Building CXX object lib\usd\translators\CMakeFiles\mayaUsd_Translators.dir\scopeReader.cpp.obj
[2023-02-02T16:54:05.479Z]     [403/621] Building CXX object lib\usd\translators\CMakeFiles\mayaUsd_Translators.dir\nurbsCurveWriter.cpp.obj
[2023-02-02T16:54:05.594Z]     [404/621] Building CXX object lib\usd\translators\CMakeFiles\mayaUsd_Translators.dir\skelReader.cpp.obj
[2023-02-02T16:54:06.016Z]     [405/621] Building CXX object lib\usd\translators\CMakeFiles\mayaUsd_Translators.dir\nurbsSurfaceWriter.cpp.obj
[2023-02-02T16:54:06.952Z]     [406/621] Building CXX object lib\usd\translators\CMakeFiles\mayaUsd_Translators.dir\shading\usdBlinnReader.cpp.obj
[2023-02-02T16:54:07.082Z]     [407/621] Building CXX object lib\usd\translators\CMakeFiles\mayaUsd_Translators.dir\shading\usdBlinnWriter.cpp.obj
[2023-02-02T16:54:07.211Z]     [408/621] Building CXX object lib\usd\translators\CMakeFiles\mayaUsd_Translators.dir\shading\usdLambertWriter.cpp.obj
[2023-02-02T16:54:07.645Z]     [409/621] Building CXX object lib\usd\translators\CMakeFiles\mayaUsd_Translators.dir\strokeWriter.cpp.obj
[2023-02-02T16:54:07.910Z]     [410/621] Building CXX object lib\usd\translators\CMakeFiles\mayaUsd_Translators.dir\shading\usdReflectWriter.cpp.obj
[2023-02-02T16:54:07.910Z]     [411/621] Building CXX object lib\usd\translators\CMakeFiles\mayaUsd_Translators.dir\shading\usdLambertReader.cpp.obj
[2023-02-02T16:54:08.038Z]     [412/621] Building CXX object lib\usd\translators\CMakeFiles\mayaUsd_Translators.dir\shading\usdMaterialWriter.cpp.obj
[2023-02-02T16:54:08.162Z]     [413/621] Building CXX object lib\usd\schemas\CMakeFiles\_schemas.dir\module.cpp.obj
[2023-02-02T16:54:08.275Z]     [414/621] Building CXX object lib\usd\translators\CMakeFiles\mayaUsd_Translators.dir\shading\usdDisplacementShaderWriter.cpp.obj
[2023-02-02T16:54:08.275Z]     [415/621] Building CXX object lib\usd\schemas\CMakeFiles\mayaUsd_Schemas.dir\tokens.cpp.obj
[2023-02-02T16:54:08.707Z]     [416/621] Building CXX object lib\usd\translators\CMakeFiles\mayaUsd_Translators.dir\shading\usdFileTextureWriter.cpp.obj
[2023-02-02T16:54:09.126Z]     [417/621] Building CXX object lib\usd\utils\CMakeFiles\mayaUsdUtils.dir\DebugCodes.cpp.obj
[2023-02-02T16:54:09.126Z]     [418/621] Building CXX object lib\usd\translators\CMakeFiles\mayaUsd_Translators.dir\shading\usdPhongReader.cpp.obj
[2023-02-02T16:54:09.342Z]     [419/621] Building CXX object lib\usd\utils\CMakeFiles\mayaUsdUtils.dir\DiffCore.cpp.obj
[2023-02-02T16:54:10.690Z]     [420/621] Building CXX object lib\usd\schemas\CMakeFiles\mayaUsd_Schemas.dir\ModuleDeps.cpp.obj
[2023-02-02T16:54:10.807Z]     [421/621] Building CXX object lib\usd\translators\CMakeFiles\mayaUsd_Translators.dir\shading\usdMaterialReader.cpp.obj
[2023-02-02T16:54:10.807Z]     [422/621] Building CXX object lib\usd\schemas\CMakeFiles\_schemas.dir\wrapTokens.cpp.obj
[2023-02-02T16:54:13.066Z]     [423/621] Building CXX object lib\usd\translators\CMakeFiles\mayaUsd_Translators.dir\shading\usdPrimvarReaderFloat3Reader.cpp.obj
[2023-02-02T16:54:13.066Z]     [424/621] Building CXX object lib\usd\translators\CMakeFiles\mayaUsd_Translators.dir\shading\usdPhongEWriter.cpp.obj
[2023-02-02T16:54:13.511Z]     [425/621] Building CXX object lib\usd\translators\CMakeFiles\mayaUsd_Translators.dir\shading\usdPhongWriter.cpp.obj
[2023-02-02T16:54:13.688Z]     [426/621] Building CXX object lib\usd\utils\CMakeFiles\mayaUsdUtils.dir\DiffAttributes.cpp.obj
[2023-02-02T16:54:13.919Z]     [427/621] Building CXX object lib\usd\schemas\CMakeFiles\mayaUsd_Schemas.dir\MayaReference.cpp.obj
[2023-02-02T16:54:14.344Z]     [428/621] Building CXX object lib\usd\schemas\CMakeFiles\mayaUsd_Schemas.dir\ALMayaReference.cpp.obj
[2023-02-02T16:54:14.558Z]     [429/621] Building CXX object lib\usd\translators\CMakeFiles\mayaUsd_Translators.dir\shading\usdUVTextureReader.cpp.obj
[2023-02-02T16:54:14.680Z]     [430/621] Building CXX object plugin\al\schemas\AL\usd\schemas\maya\CMakeFiles\AL_USDMayaSchemas.dir\tokens.cpp.obj
[2023-02-02T16:54:14.908Z]     [431/621] Linking CXX shared library lib\usd\schemas\mayaUsd_Schemas.dll
[2023-02-02T16:54:15.235Z]     [432/621] Building CXX object lib\usd\utils\CMakeFiles\mayaUsdUtils.dir\DiffDictionaries.cpp.obj
[2023-02-02T16:54:15.348Z]     [433/621] Building CXX object lib\usd\schemas\CMakeFiles\_schemas.dir\wrapALMayaReference.cpp.obj
[2023-02-02T16:54:15.890Z]     [434/621] Building CXX object lib\usd\utils\CMakeFiles\mayaUsdUtils.dir\DiffRelationships.cpp.obj
[2023-02-02T16:54:16.106Z]     [435/621] Building CXX object lib\usd\schemas\CMakeFiles\_schemas.dir\wrapMayaReference.cpp.obj
[2023-02-02T16:54:16.636Z]     [436/621] Building CXX object lib\usd\translators\CMakeFiles\mayaUsd_Translators.dir\shading\rfmShaderTranslation.cpp.obj
[2023-02-02T16:54:16.753Z]     [437/621] Linking CXX shared library lib\usd\schemas\_schemas.pyd
[2023-02-02T16:54:16.969Z]     [438/621] Building CXX object lib\usd\utils\CMakeFiles\mayaUsdUtils.dir\DiffPrims.cpp.obj
[2023-02-02T16:54:17.497Z]     [439/621] Building CXX object lib\usd\utils\CMakeFiles\mayaUsdUtils.dir\MergePrimsOptions.cpp.obj
[2023-02-02T16:54:18.226Z]     [440/621] Building CXX object lib\usd\utils\CMakeFiles\mayaUsdUtils.dir\DiffMetadatas.cpp.obj
[2023-02-02T16:54:18.551Z]     [441/621] Building CXX object plugin\al\schemas\AL\usd\schemas\maya\CMakeFiles\AL_USDMayaSchemas.dir\ModuleDeps.cpp.obj
[2023-02-02T16:54:18.882Z]     [442/621] Building CXX object lib\usd\utils\CMakeFiles\mayaUsdUtils.dir\DiffLists.cpp.obj
[2023-02-02T16:54:19.403Z]     [443/621] Building CXX object lib\usd\utils\CMakeFiles\mayaUsdUtils.dir\DiffValues.cpp.obj
[2023-02-02T16:54:19.926Z]     [444/621] Building CXX object plugin\al\schemas\AL\usd\schemas\maya\CMakeFiles\AL_USDMayaSchemas.dir\FrameRange.cpp.obj
[2023-02-02T16:54:20.155Z]     [445/621] Building CXX object plugin\al\lib\AL_USDMaya\CMakeFiles\_AL_USDMaya.dir\AL\usdmaya\module.cpp.obj
[2023-02-02T16:54:20.681Z]     [446/621] Building CXX object lib\usd\utils\CMakeFiles\mayaUsdUtils.dir\util.cpp.obj
[2023-02-02T16:54:21.939Z]     [447/621] Building CXX object plugin\al\schemas\AL\usd\schemas\maya\CMakeFiles\AL_USDMayaSchemas.dir\ModelAPI.cpp.obj
[2023-02-02T16:54:22.389Z]     [448/621] Building CXX object plugin\al\lib\AL_USDMaya\CMakeFiles\AL_USDMaya.dir\AL\usdmaya\nodes\ProxyUsdGeomCamera.cpp.obj
[2023-02-02T16:54:23.131Z]     [449/621] Building CXX object lib\usd\utils\CMakeFiles\mayaUsdUtils.dir\MergePrims.cpp.obj
[2023-02-02T16:54:23.773Z]     [450/621] Building CXX object plugin\al\lib\AL_USDMaya\CMakeFiles\AL_USDMaya.dir\AL\usdmaya\nodes\Transform.cpp.obj
[2023-02-02T16:54:23.888Z]     [451/621] Linking CXX shared library lib\usd\utils\mayaUsdUtils.dll
[2023-02-02T16:54:24.455Z]     [452/621] Linking CXX executable test\lib\usd\utils\testDiffCore.exe
[2023-02-02T16:54:24.689Z]     [453/621] Building CXX object plugin\al\lib\AL_USDMaya\CMakeFiles\AL_USDMaya.dir\AL\usdmaya\nodes\RendererManager.cpp.obj
[2023-02-02T16:54:24.821Z]     [454/621] Building CXX object plugin\al\lib\AL_USDMaya\CMakeFiles\AL_USDMaya.dir\AL\usdmaya\nodes\Scope.cpp.obj
[2023-02-02T16:54:24.953Z]     [455/621] Building CXX object plugin\al\lib\AL_USDMaya\CMakeFiles\AL_USDMaya.dir\AL\usdmaya\nodes\proxy\PrimFilter.cpp.obj
[2023-02-02T16:54:25.077Z]     [456/621] Building CXX object plugin\al\lib\AL_USDMaya\CMakeFiles\AL_USDMaya.dir\AL\usdmaya\nodes\BasicTransformationMatrix.cpp.obj
[2023-02-02T16:54:25.305Z]     [457/621] Linking CXX executable test\lib\usd\utils\testDiffPrims.exe
[2023-02-02T16:54:25.520Z]     [458/621] Building CXX object plugin\al\lib\AL_USDMaya\CMakeFiles\AL_USDMaya.dir\AL\usdmaya\nodes\proxy\ProxyShapeVariantFallbacks.cpp.obj
[2023-02-02T16:54:25.963Z]     [459/621] Building CXX object plugin\al\lib\AL_USDMaya\CMakeFiles\AL_USDMaya.dir\AL\usdmaya\nodes\ProxyShapeSelection.cpp.obj
[2023-02-02T16:54:25.963Z]     [460/621] Linking CXX executable test\lib\usd\utils\testDiffAttributes.exe
[2023-02-02T16:54:26.078Z]     [461/621] Building CXX object plugin\al\lib\AL_USDMaya\CMakeFiles\AL_USDMaya.dir\AL\usdmaya\nodes\proxy\ProxyShapeMetaData.cpp.obj
[2023-02-02T16:54:26.078Z]     [462/621] Linking CXX executable test\lib\usd\utils\testDiffLists.exe
[2023-02-02T16:54:26.193Z]     [463/621] Linking CXX executable test\lib\usd\utils\testDiffRelationships.exe
[2023-02-02T16:54:26.315Z]     [464/621] Linking CXX executable test\lib\usd\utils\testDiffValues.exe
[2023-02-02T16:54:26.315Z]     [465/621] Linking CXX executable test\lib\usd\utils\testDiffMetadatas.exe
[2023-02-02T16:54:26.315Z]     [466/621] Linking CXX executable test\lib\usd\utils\testDiffDictionaries.exe
[2023-02-02T16:54:26.529Z]     [467/621] Linking CXX executable test\lib\usd\utils\testDiffComputeOverall.exe
[2023-02-02T16:54:26.641Z]     [468/621] Linking CXX executable test\lib\usd\utils\testMergePrims.exe
[2023-02-02T16:54:26.860Z]     [469/621] Linking CXX shared library plugin\al\mayautils\AL\maya\AL_MayaUtils.dll
[2023-02-02T16:54:27.203Z]     [470/621] Building CXX object plugin\al\lib\AL_USDMaya\CMakeFiles\_AL_USDMaya.dir\AL\usdmaya\wrapStageCache.cpp.obj
[2023-02-02T16:54:27.656Z]     [471/621] Linking CXX shared library plugin\al\mayautils\AL\maya\tests\mayaplugintest\AL_MayaUtilsTests.mll
[2023-02-02T16:54:28.198Z]     [472/621] Building CXX object plugin\al\lib\AL_USDMaya\CMakeFiles\AL_USDMaya.dir\AL\usdmaya\nodes\TransformationMatrix.cpp.obj
[2023-02-02T16:54:28.657Z]     [473/621] Linking CXX shared library plugin\al\usdmayautils\AL\usdmaya\utils\AL_USDMayaUtils.dll
[2023-02-02T16:54:29.013Z]     [474/621] Building CXX object plugin\al\lib\AL_USDMaya\CMakeFiles\_AL_USDMaya.dir\AL\usdmaya\nodes\wrapLayerManager.cpp.obj
[2023-02-02T16:54:29.665Z]     [475/621] Building CXX object plugin\al\plugin\AL_USDMayaTestPlugin\CMakeFiles\AL_USDMayaTestPlugin.dir\AL\maya\test_EventHandler.cpp.obj
[2023-02-02T16:54:29.897Z]     [476/621] Building CXX object plugin\al\lib\AL_USDMaya\CMakeFiles\AL_USDMaya.dir\AL\usdmaya\nodes\ProxyShape.cpp.obj
[2023-02-02T16:54:30.315Z]     [477/621] Linking CXX shared library lib\mayaUsd\mayaUsd.dll
[2023-02-02T16:54:31.448Z]     [478/621] Linking CXX shared library test\lib\usd\plugin\usdTestMayaPlugin.mll
[2023-02-02T16:54:32.073Z]     [479/621] Building CXX object plugin\al\lib\AL_USDMaya\CMakeFiles\_AL_USDMaya.dir\AL\usdmaya\nodes\wrapProxyShape.cpp.obj
[2023-02-02T16:54:32.191Z]     [480/621] Linking CXX shared library test\lib\usd\plugin\usdTestUsdPlugin.dll
[2023-02-02T16:54:33.330Z]     [481/621] Linking CXX shared library test\lib\usd\plugin\usdTestInfoImportChaser.mll
[2023-02-02T16:54:33.330Z]     [482/621] Building CXX object plugin\al\lib\AL_USDMaya\CMakeFiles\_AL_USDMaya.dir\AL\usdmaya\fileio\translators\wrapTranslatorContext.cpp.obj
[2023-02-02T16:54:33.453Z]     [483/621] Linking CXX shared library test\lib\usd\plugin\usdTestApiWriter.dll
[2023-02-02T16:54:34.402Z]     [484/621] Linking CXX shared library plugin\pxr\maya\lib\usdMaya\usdMaya.dll
[2023-02-02T16:54:34.911Z]     [485/621] Linking CXX shared library lib\usd\hdMaya\hdMaya.dll
[2023-02-02T16:54:35.301Z]     [486/621] Building CXX object plugin\al\plugin\AL_USDMayaTestPlugin\CMakeFiles\AL_USDMayaTestPlugin.dir\AL\usdmaya\commands\test_LayerCommands.cpp.obj
[2023-02-02T16:54:35.529Z]     [487/621] Linking CXX shared library lib\mayaUsd\python\_mayaUsd.pyd
[2023-02-02T16:54:35.684Z]     [488/621] Building CXX object plugin\al\plugin\AL_USDMayaPlugin\CMakeFiles\AL_USDMayaPlugin.dir\plugin.cpp.obj
[2023-02-02T16:54:35.838Z]     [489/621] Building CXX object plugin\al\lib\AL_USDMaya\CMakeFiles\_AL_USDMaya.dir\AL\usdmaya\fileio\translators\wrapTranslatorBase.cpp.obj
[2023-02-02T16:54:35.838Z]     [490/621] Linking CXX shared library plugin\pxr\maya\lib\usdMaya\_usdMaya.pyd
[2023-02-02T16:54:36.062Z]     [491/621] Building CXX object plugin\al\plugin\AL_USDMayaTestPlugin\CMakeFiles\AL_USDMayaTestPlugin.dir\AL\maya\test_MayaEventManager.cpp.obj
[2023-02-02T16:54:36.062Z]     [492/621] Building CXX object plugin\al\plugin\AL_USDMayaTestPlugin\CMakeFiles\AL_USDMayaTestPlugin.dir\AL\usdmaya\commands\test_ExportCommands.cpp.obj
[2023-02-02T16:54:36.204Z]     [493/621] Linking CXX shared library plugin\pxr\maya\plugin\pxrUsd\pxrUsd.mll
[2023-02-02T16:54:36.772Z]     [494/621] Linking CXX shared library lib\mayaUsd\render\mayaToHydra\mtoh.mll
[2023-02-02T16:54:36.772Z]     [495/621] Linking CXX shared library lib\usd\pxrUsdPreviewSurface\basePxrUsdPreviewSurface.dll
[2023-02-02T16:54:36.992Z]     [496/621] Building CXX object plugin\al\plugin\AL_USDMayaTestPlugin\CMakeFiles\AL_USDMayaTestPlugin.dir\AL\maya\test_MatrixToSRT.cpp.obj
[2023-02-02T16:54:37.771Z]     [497/621] Linking CXX shared library plugin\pxr\maya\plugin\pxrUsdPreviewSurface\pxrUsdPreviewSurface.mll
[2023-02-02T16:54:37.905Z]     [498/621] Building CXX object plugin\al\plugin\AL_USDMayaTestPlugin\CMakeFiles\AL_USDMayaTestPlugin.dir\AL\usdmaya\commands\test_TranslateCommand.cpp.obj
[2023-02-02T16:54:38.138Z]     [499/621] Linking CXX shared library plugin\al\lib\AL_USDMaya\AL_USDMaya.dll
[2023-02-02T16:54:38.694Z]     [500/621] Linking CXX shared library lib\usd\translators\mayaUsd_Translators.dll
[2023-02-02T16:54:38.823Z]     [501/621] Building CXX object plugin\al\plugin\AL_USDMayaTestPlugin\CMakeFiles\AL_USDMayaTestPlugin.dir\AL\usdmaya\commands\test_LayerManagerCommands.cpp.obj
[2023-02-02T16:54:39.152Z]     [502/621] Linking CXX shared library plugin\al\lib\AL_USDMaya\_AL_USDMaya.pyd
[2023-02-02T16:54:39.368Z]     [503/621] Building CXX object plugin\al\plugin\AL_USDMayaTestPlugin\CMakeFiles\AL_USDMayaTestPlugin.dir\plugin.cpp.obj
[2023-02-02T16:54:39.586Z]     [504/621] Building CXX object plugin\al\plugin\AL_USDMayaTestPlugin\CMakeFiles\AL_USDMayaTestPlugin.dir\AL\usdmaya\fileio\export_misc.cpp.obj
[2023-02-02T16:54:39.706Z]     [505/621] Building CXX object plugin\al\plugin\AL_USDMayaTestPlugin\CMakeFiles\AL_USDMayaTestPlugin.dir\AL\usdmaya\fileio\export_blendshape.cpp.obj
[2023-02-02T16:54:39.706Z]     [506/621] Linking CXX shared library plugin\al\plugin\AL_USDMayaPlugin\AL_USDMayaPlugin.mll
[2023-02-02T16:54:41.072Z]     [507/621] Building CXX object plugin\al\plugin\AL_USDMayaTestPlugin\CMakeFiles\AL_USDMayaTestPlugin.dir\AL\usdmaya\fileio\export_lattice.cpp.obj
[2023-02-02T16:54:42.039Z]     [508/621] Building CXX object plugin\al\plugin\AL_USDMayaTestPlugin\CMakeFiles\AL_USDMayaTestPlugin.dir\AL\usdmaya\commands\test_ProxyShapeImport.cpp.obj
[2023-02-02T16:54:43.421Z]     [509/621] Automatic MOC and UIC for target mayaUsdUI
[2023-02-02T16:54:43.736Z]     [510/621] Automatic RCC for layerEditor/resources.qrc
[2023-02-02T16:54:43.850Z]     [511/621] Automatic RCC for importDialog/images/ui.qrc
[2023-02-02T16:54:45.687Z]     [512/621] Building CXX object plugin\al\plugin\AL_USDMayaTestPlugin\CMakeFiles\AL_USDMayaTestPlugin.dir\AL\usdmaya\fileio\export_constraints.cpp.obj
[2023-02-02T16:54:46.421Z]     [513/621] Building CXX object plugin\al\plugin\AL_USDMayaTestPlugin\CMakeFiles\AL_USDMayaTestPlugin.dir\AL\usdmaya\fileio\import_playback_range.cpp.obj
[2023-02-02T16:54:46.750Z]     [514/621] Building CXX object plugin\al\plugin\AL_USDMayaTestPlugin\CMakeFiles\AL_USDMayaTestPlugin.dir\AL\usdmaya\fileio\export_multiple_shapes.cpp.obj
[2023-02-02T16:54:47.277Z]     [515/621] Building CXX object plugin\al\plugin\AL_USDMayaTestPlugin\CMakeFiles\AL_USDMayaTestPlugin.dir\AL\usdmaya\fileio\export_ik.cpp.obj
[2023-02-02T16:54:47.402Z]     [516/621] Building CXX object plugin\al\plugin\AL_USDMayaTestPlugin\CMakeFiles\AL_USDMayaTestPlugin.dir\AL\usdmaya\fileio\export_import_instancing.cpp.obj
[2023-02-02T16:54:48.446Z]     [517/621] Building CXX object plugin\al\plugin\AL_USDMayaTestPlugin\CMakeFiles\AL_USDMayaTestPlugin.dir\AL\usdmaya\fileio\export_unmerged.cpp.obj
[2023-02-02T16:54:48.604Z]     [518/621] Building CXX object lib\usd\ui\CMakeFiles\mayaUsdUI.dir\layerEditor\dirtyLayersCountBadge.cpp.obj
[2023-02-02T16:54:48.916Z]     [519/621] Building CXX object plugin\al\plugin\AL_USDMayaTestPlugin\CMakeFiles\AL_USDMayaTestPlugin.dir\AL\usdmaya\fileio\export_nonlinear.cpp.obj
[2023-02-02T16:54:49.042Z]     [520/621] Building CXX object plugin\al\plugin\AL_USDMayaTestPlugin\CMakeFiles\AL_USDMayaTestPlugin.dir\AL\usdmaya\fileio\test_activeInActiveTranslators.cpp.obj
[2023-02-02T16:54:49.575Z]     [521/621] Building CXX object plugin\al\plugin\AL_USDMayaTestPlugin\CMakeFiles\AL_USDMayaTestPlugin.dir\AL\usdmaya\nodes\test_LayerManager.cpp.obj
[2023-02-02T16:54:49.791Z]     [522/621] Building CXX object plugin\al\plugin\AL_USDMayaTestPlugin\CMakeFiles\AL_USDMayaTestPlugin.dir\AL\usdmaya\fileio\import_instances.cpp.obj
[2023-02-02T16:54:50.114Z]     [523/621] Building CXX object lib\usd\ui\CMakeFiles\mayaUsdUI.dir\layerEditor\generatedIconButton.cpp.obj
[2023-02-02T16:54:50.114Z]     [524/621] Building CXX object plugin\al\plugin\AL_USDMayaTestPlugin\CMakeFiles\AL_USDMayaTestPlugin.dir\AL\usdmaya\nodes\proxy\test_PrimFilter.cpp.obj
[2023-02-02T16:54:52.390Z]     [525/621] Building CXX object plugin\al\plugin\AL_USDMayaTestPlugin\CMakeFiles\AL_USDMayaTestPlugin.dir\AL\usdmaya\nodes\test_ExtraDataPlugin.cpp.obj
[2023-02-02T16:54:52.390Z]     [526/621] Building CXX object lib\usd\ui\CMakeFiles\mayaUsdUI.dir\mayaUsdUI_autogen\mocs_compilation.cpp.obj
[2023-02-02T16:54:52.390Z]     [527/621] Building CXX object lib\usd\ui\CMakeFiles\mayaUsdUI.dir\layerEditor\mayaQtUtils.cpp.obj
[2023-02-02T16:54:52.611Z]     [528/621] Building CXX object plugin\al\plugin\AL_USDMayaTestPlugin\CMakeFiles\AL_USDMayaTestPlugin.dir\AL\usdmaya\nodes\test_lockPrims.cpp.obj
[2023-02-02T16:54:53.356Z]     [529/621] Building CXX object lib\usd\ui\CMakeFiles\mayaUsdUI.dir\layerEditor\stringResources.cpp.obj
[2023-02-02T16:54:54.487Z]     [530/621] Building CXX object plugin\al\plugin\AL_USDMayaTestPlugin\CMakeFiles\AL_USDMayaTestPlugin.dir\AL\usdmaya\nodes\test_ProxyShape.cpp.obj
[2023-02-02T16:54:55.035Z]     [531/621] Building CXX object lib\usd\ui\CMakeFiles\mayaUsdUI.dir\layerEditor\layerTreeModel.cpp.obj
[2023-02-02T16:54:55.167Z]     [532/621] Building CXX object lib\usd\ui\CMakeFiles\mayaUsdUI.dir\layerEditor\layerTreeItem.cpp.obj
[2023-02-02T16:54:55.167Z]     [533/621] Building CXX object lib\usd\ui\CMakeFiles\mayaUsdUI.dir\layerEditor\warningDialogs.cpp.obj
[2023-02-02T16:54:55.385Z]     [534/621] Building CXX object plugin\al\plugin\AL_USDMayaTestPlugin\CMakeFiles\AL_USDMayaTestPlugin.dir\AL\usdmaya\nodes\test_ActiveInactive.cpp.obj
[2023-02-02T16:54:55.385Z]     [535/621] Building CXX object lib\usd\ui\CMakeFiles\mayaUsdUI.dir\layerEditor\layerEditorWidget.cpp.obj
[2023-02-02T16:54:56.010Z]     [536/621] Building CXX object lib\usd\ui\CMakeFiles\mayaUsdUI.dir\layerEditor\qtUtils.cpp.obj
[2023-02-02T16:54:57.850Z]     [537/621] Building CXX object lib\usd\ui\CMakeFiles\mayaUsdUI.dir\layerEditor\mayaCommandHook.cpp.obj
[2023-02-02T16:54:57.967Z]     [538/621] Building CXX object lib\usd\ui\CMakeFiles\mayaUsdUI.dir\layerEditor\layerTreeItemDelegate.cpp.obj
[2023-02-02T16:54:58.089Z]     [539/621] Building CXX object lib\usd\ui\CMakeFiles\mayaUsdUI.dir\layerEditor\pathChecker.cpp.obj
[2023-02-02T16:54:58.219Z]     [540/621] Building CXX object lib\usd\ui\CMakeFiles\mayaUsdUI.dir\mayaUsdUI_autogen\5WMDHDZAMM\qrc_resources.cpp.obj
[2023-02-02T16:54:58.338Z]     [541/621] Building CXX object lib\usd\ui\CMakeFiles\mayaUsdUI.dir\mayaUsdUI_autogen\AUCU3ACLTF\qrc_ui.cpp.obj
[2023-02-02T16:54:58.460Z]     [542/621] Building CXX object lib\usd\ui\CMakeFiles\mayaUsdUI.dir\initStringResources.cpp.obj
[2023-02-02T16:54:58.460Z]     [543/621] Building CXX object lib\usd\ui\CMakeFiles\mayaUsdUI.dir\layerEditor\layerTreeView.cpp.obj
[2023-02-02T16:54:58.678Z]     [544/621] Building CXX object lib\usd\ui\CMakeFiles\mayaUsdUI.dir\layerEditor\mayaSessionState.cpp.obj
[2023-02-02T16:54:59.098Z]     [545/621] Building CXX object lib\usd\ui\CMakeFiles\mayaUsdUI.dir\importDialog\USDQtUtil.cpp.obj
[2023-02-02T16:54:59.621Z]     [546/621] Building CXX object lib\usd\ui\CMakeFiles\mayaUsdUI.dir\layerEditor\loadLayersDialog.cpp.obj
[2023-02-02T16:54:59.621Z]     [547/621] Building CXX object lib\usd\ui\CMakeFiles\mayaUsdUI.dir\layerEditor\sessionState.cpp.obj
[2023-02-02T16:54:59.751Z]     [548/621] Building CXX object lib\usd\ui\CMakeFiles\mayaUsdUI.dir\layerEditor\stageSelectorWidget.cpp.obj
[2023-02-02T16:55:00.276Z]     [549/621] Building CXX object lib\usd\ui\CMakeFiles\mayaUsdUI.dir\layerEditor\mayaLayerEditorWindow.cpp.obj
[2023-02-02T16:55:01.317Z]     [550/621] Building CXX object lib\usd\ui\CMakeFiles\mayaUsdUI.dir\importDialog\TreeModelFactory.cpp.obj
[2023-02-02T16:55:01.449Z]     [551/621] Building CXX object lib\usd\ui\CMakeFiles\mayaUsdUI.dir\layerEditor\saveLayersDialog.cpp.obj
[2023-02-02T16:55:01.771Z]     [552/621] Building CXX object lib\usd\ui\CMakeFiles\mayaUsdUI.dir\importDialog\USDImportDialog.cpp.obj
[2023-02-02T16:55:03.216Z]     [553/621] Building CXX object lib\usd\ui\CMakeFiles\mayaUsdUI.dir\importDialog\TreeItem.cpp.obj
[2023-02-02T16:55:03.333Z]     [554/621] Building CXX object lib\usd\ui\CMakeFiles\mayaUsdUI.dir\importDialog\USDImportDialogCmd.cpp.obj
[2023-02-02T16:55:03.446Z]     [555/621] Building CXX object lib\usd\ui\CMakeFiles\mayaUsdUI.dir\importDialog\ItemDelegate.cpp.obj
[2023-02-02T16:55:03.561Z]     [556/621] Building CXX object lib\usd\ui\CMakeFiles\mayaUsdUI.dir\importDialog\TreeModel.cpp.obj
[2023-02-02T16:55:06.008Z]     [557/621] Linking CXX shared library lib\usd\ui\mayaUsdUI.dll
[2023-02-02T16:55:06.008Z]     [558/621] Automatic MOC and UIC for target testMayaUsdUI
[2023-02-02T16:55:06.143Z]     [559/621] Building CXX object lib\usd\ui\importDialogDemo\CMakeFiles\testMayaUsdUI.dir\testMayaUsdUI_autogen\mocs_compilation.cpp.obj
[2023-02-02T16:55:07.371Z]     [560/621] Building CXX object plugin\al\plugin\AL_USDMayaTestPlugin\CMakeFiles\AL_USDMayaTestPlugin.dir\AL\usdmaya\nodes\test_ProxyShapeSelectabilityDB.cpp.obj
[2023-02-02T16:55:07.730Z]     [561/621] Building CXX object plugin\al\plugin\AL_USDMayaTestPlugin\CMakeFiles\AL_USDMayaTestPlugin.dir\AL\usdmaya\nodes\test_ScopeMatrix.cpp.obj
[2023-02-02T16:55:07.862Z]     [562/621] Building CXX object plugin\al\plugin\AL_USDMayaTestPlugin\CMakeFiles\AL_USDMayaTestPlugin.dir\AL\usdmaya\nodes\test_Transform.cpp.obj
[2023-02-02T16:55:07.862Z]     [563/621] Building CXX object plugin\al\plugin\AL_USDMayaTestPlugin\CMakeFiles\AL_USDMayaTestPlugin.dir\AL\usdmaya\test_DiffGeom.cpp.obj
[2023-02-02T16:55:09.161Z]     [564/621] Building CXX object plugin\al\plugin\AL_USDMayaTestPlugin\CMakeFiles\AL_USDMayaTestPlugin.dir\AL\usdmaya\nodes\test_ProxyUsdGeomCamera.cpp.obj
[2023-02-02T16:55:09.161Z]     [565/621] Building CXX object plugin\al\plugin\AL_USDMayaTestPlugin\CMakeFiles\AL_USDMayaTestPlugin.dir\AL\usdmaya\nodes\test_VariantFallbacks.cpp.obj
[2023-02-02T16:55:09.932Z]     [566/621] Building CXX object plugin\al\plugin\AL_USDMayaTestPlugin\CMakeFiles\AL_USDMayaTestPlugin.dir\test_translators_AnimationTranslator.cpp.obj
[2023-02-02T16:55:10.050Z]     [567/621] Building CXX object plugin\al\plugin\AL_USDMayaTestPlugin\CMakeFiles\AL_USDMayaTestPlugin.dir\test_translators_CameraTranslator.cpp.obj
[2023-02-02T16:55:10.050Z]     [568/621] Building CXX object plugin\al\schemas\AL\usd\schemas\maya\CMakeFiles\_AL_USDMayaSchemas.dir\module.cpp.obj
[2023-02-02T16:55:10.570Z]     [569/621] Building CXX object plugin\al\plugin\AL_USDMayaTestPlugin\CMakeFiles\AL_USDMayaTestPlugin.dir\AL\usdmaya\nodes\test_TransformMatrix.cpp.obj
[2023-02-02T16:55:10.721Z]     [570/621] Linking CXX shared library plugin\al\schemas\AL\usd\schemas\maya\AL_USDMayaSchemas.dll
[2023-02-02T16:55:11.677Z]     [571/621] Building CXX object plugin\al\plugin\AL_USDMayaTestPlugin\CMakeFiles\AL_USDMayaTestPlugin.dir\test_translators_PythonBindings.cpp.obj
[2023-02-02T16:55:11.903Z]     [572/621] Building CXX object plugin\al\plugin\AL_USDMayaTestPlugin\CMakeFiles\AL_USDMayaTestPlugin.dir\AL\usdmaya\nodes\test_TranslatorContext.cpp.obj
[2023-02-02T16:55:12.019Z]     [573/621] Building CXX object plugin\al\plugin\AL_USDMayaTestPlugin\CMakeFiles\AL_USDMayaTestPlugin.dir\AL\usdmaya\test_DiffPrimVar.cpp.obj
[2023-02-02T16:55:12.019Z]     [574/621] Building CXX object plugin\al\plugin\AL_USDMayaTestPlugin\CMakeFiles\AL_USDMayaTestPlugin.dir\test_translators_Translator.cpp.obj
[2023-02-02T16:55:12.343Z]     [575/621] Building CXX object plugin\al\schemas\AL\usd\schemas\maya\CMakeFiles\_AL_USDMayaSchemas.dir\wrapTokens.cpp.obj
[2023-02-02T16:55:12.567Z]     [576/621] Building CXX object plugin\al\schemas\AL\usd\schemas\maya\tests\CMakeFiles\testMayaSchemas.dir\main.cpp.obj
[2023-02-02T16:55:12.751Z]     [577/621] Building CXX object plugin\al\schemas\AL\usd\schemas\mayatest\CMakeFiles\_AL_USDMayaSchemasTest.dir\module.cpp.obj
[2023-02-02T16:55:12.866Z]     [578/621] Building CXX object plugin\al\schemas\AL\usd\schemas\mayatest\CMakeFiles\AL_USDMayaSchemasTest.dir\tokens.cpp.obj
[2023-02-02T16:55:13.082Z]     [579/621] Building CXX object plugin\al\plugin\AL_USDMayaTestPlugin\CMakeFiles\AL_USDMayaTestPlugin.dir\test_translators_NurbsCurveTranslator.cpp.obj
[2023-02-02T16:55:14.572Z]     [580/621] Building CXX object plugin\al\schemas\AL\usd\schemas\mayatest\CMakeFiles\AL_USDMayaSchemasTest.dir\ModuleDeps.cpp.obj
[2023-02-02T16:55:14.787Z]     [581/621] Building CXX object plugin\al\plugin\AL_USDMayaTestPlugin\CMakeFiles\AL_USDMayaTestPlugin.dir\test_translators_DgTranslator.cpp.obj
[2023-02-02T16:55:15.002Z]     [582/621] Building CXX object lib\usd\ui\importDialogDemo\CMakeFiles\testMayaUsdUI.dir\testMayaUsdUI.cpp.obj
[2023-02-02T16:55:16.640Z]     [583/621] Building CXX object plugin\al\schemas\AL\usd\schemas\mayatest\CMakeFiles\_AL_USDMayaSchemasTest.dir\wrapTokens.cpp.obj
[2023-02-02T16:55:17.536Z]     [584/621] Linking CXX executable lib\usd\ui\importDialogDemo\testMayaUsdUI.exe
[2023-02-02T16:55:17.790Z]     [585/621] Building CXX object plugin\al\schemas\AL\usd\schemas\maya\CMakeFiles\_AL_USDMayaSchemas.dir\wrapFrameRange.cpp.obj
[2023-02-02T16:55:17.790Z]     [586/621] Building CXX object plugin\al\schemas\AL\usd\schemas\mayatest\CMakeFiles\AL_USDMayaSchemasTest.dir\ExamplePolyCubeNode.cpp.obj
[2023-02-02T16:55:17.968Z]     [587/621] Building CXX object plugin\al\plugin\AL_USDMayaTestPlugin\CMakeFiles\AL_USDMayaTestPlugin.dir\test_usdmaya.cpp.obj
[2023-02-02T16:55:18.109Z]     [588/621] Building CXX object plugin\al\schemas\AL\usd\schemas\maya\CMakeFiles\_AL_USDMayaSchemas.dir\wrapModelAPI.cpp.obj
[2023-02-02T16:55:18.458Z]     [589/621] Building CXX object plugin\al\plugin\AL_USDMayaTestPlugin\CMakeFiles\AL_USDMayaTestPlugin.dir\test_usdmaya_AttributeType.cpp.obj
[2023-02-02T16:55:18.588Z]     [590/621] Linking CXX shared library plugin\al\schemas\AL\usd\schemas\mayatest\AL_USDMayaSchemasTest.dll
[2023-02-02T16:55:18.829Z]     [591/621] Building CXX object plugin\al\translators\pxrUsdTranslators\CMakeFiles\AL_USDMayaPxrTranslators.dir\plugin.cpp.obj
[2023-02-02T16:55:18.829Z]     [592/621] Linking CXX shared library plugin\al\schemas\AL\usd\schemas\maya\_AL_USDMayaSchemas.pyd
[2023-02-02T16:55:18.954Z]     [593/621] Building CXX object plugin\al\plugin\AL_USDMayaTestPlugin\CMakeFiles\AL_USDMayaTestPlugin.dir\test_translators_MeshTranslator.cpp.obj
[2023-02-02T16:55:19.172Z]     [594/621] Building CXX object plugin\al\schemas\AL\usd\schemas\maya\tests\CMakeFiles\testMayaSchemas.dir\testMayaSchemas.cpp.obj
[2023-02-02T16:55:19.285Z]     [595/621] Building CXX object plugin\al\translators\CMakeFiles\AL_USDMayaTranslators.dir\CommonTranslatorOptions.cpp.obj
[2023-02-02T16:55:19.406Z]     [596/621] Building CXX object plugin\al\schemas\AL\usd\schemas\maya\tests\CMakeFiles\testMayaSchemas.dir\testModelAPI.cpp.obj
[2023-02-02T16:55:19.721Z]     [597/621] Building CXX object plugin\adsk\plugin\CMakeFiles\mayaUsdPlugin.dir\adskListShadingModesCommand.cpp.obj
[2023-02-02T16:55:19.721Z]     [598/621] Building CXX object plugin\adsk\plugin\CMakeFiles\mayaUsdPlugin.dir\adskListJobContextsCommand.cpp.obj
[2023-02-02T16:55:20.142Z]     [599/621] Building CXX object plugin\al\plugin\AL_USDMayaTestPlugin\CMakeFiles\AL_USDMayaTestPlugin.dir\test_translators_TransformTranslator.cpp.obj
[2023-02-02T16:55:21.574Z]     [600/621] Linking CXX executable plugin\al\schemas\AL\usd\schemas\maya\tests\testMayaSchemas.exe
[2023-02-02T16:55:22.406Z]     [601/621] Building CXX object plugin\al\schemas\AL\usd\schemas\mayatest\CMakeFiles\_AL_USDMayaSchemasTest.dir\wrapExamplePolyCubeNode.cpp.obj
[2023-02-02T16:55:22.734Z]     [602/621] Building CXX object plugin\al\translators\CMakeFiles\AL_USDMayaTranslators.dir\FrameRange.cpp.obj
[2023-02-02T16:55:23.058Z]     [603/621] Linking CXX shared library plugin\al\schemas\AL\usd\schemas\mayatest\_AL_USDMayaSchemasTest.pyd
[2023-02-02T16:55:23.384Z]     [604/621] Linking CXX shared library plugin\al\plugin\AL_USDMayaTestPlugin\AL_USDMayaTestPlugin.mll
[2023-02-02T16:55:23.496Z]     [605/621] Building CXX object plugin\al\translators\CMakeFiles\AL_USDMayaTranslators.dir\Mesh.cpp.obj
[2023-02-02T16:55:23.814Z]     [606/621] Building CXX object plugin\al\translators\CMakeFiles\AL_USDMayaTranslators.dir\MayaReference.cpp.obj
[2023-02-02T16:55:25.449Z]     [607/621] Building CXX object plugin\al\translators\CMakeFiles\AL_USDMayaTranslators.dir\NurbsCurve.cpp.obj
[2023-02-02T16:55:25.693Z]     [608/621] Building CXX object plugin\adsk\plugin\CMakeFiles\mayaUsdPlugin.dir\adskStageLoadUnloadCommands.cpp.obj
[2023-02-02T16:55:26.010Z]     [609/621] Building CXX object plugin\adsk\plugin\CMakeFiles\mayaUsdPlugin.dir\geomNode.cpp.obj
[2023-02-02T16:55:26.427Z]     [610/621] Building CXX object plugin\adsk\plugin\CMakeFiles\mayaUsdPlugin.dir\ProxyShape.cpp.obj
[2023-02-02T16:55:26.427Z]     [611/621] Building CXX object plugin\adsk\plugin\CMakeFiles\mayaUsdPlugin.dir\adskExportCommand.cpp.obj
[2023-02-02T16:55:27.049Z]     [612/621] Building CXX object plugin\al\translators\CMakeFiles\AL_USDMayaTranslators.dir\DirectionalLight.cpp.obj
[2023-02-02T16:55:27.049Z]     [613/621] Building CXX object plugin\al\translators\pxrUsdTranslators\CMakeFiles\AL_USDMayaPxrTranslators.dir\ProxyShapeTranslator.cpp.obj
[2023-02-02T16:55:27.162Z]     [614/621] Building CXX object plugin\al\translators\CMakeFiles\AL_USDMayaTranslators.dir\Camera.cpp.obj
[2023-02-02T16:55:27.376Z]     [615/621] Building CXX object plugin\adsk\plugin\CMakeFiles\mayaUsdPlugin.dir\adskImportCommand.cpp.obj
[2023-02-02T16:55:27.593Z]     [616/621] Building CXX object plugin\adsk\plugin\CMakeFiles\mayaUsdPlugin.dir\plugin.cpp.obj
[2023-02-02T16:55:27.808Z]     [617/621] Linking CXX shared library plugin\al\translators\pxrUsdTranslators\AL_USDMayaPxrTranslators.mll
[2023-02-02T16:55:27.921Z]     [618/621] Linking CXX shared library plugin\al\translators\AL_USDMayaTranslators.dll
[2023-02-02T16:55:29.049Z]     [619/621] Building CXX object plugin\adsk\plugin\CMakeFiles\mayaUsdPlugin.dir\importTranslator.cpp.obj
[2023-02-02T16:55:29.261Z]     [620/621] Building CXX object plugin\adsk\plugin\CMakeFiles\mayaUsdPlugin.dir\exportTranslator.cpp.obj
[2023-02-02T16:55:30.077Z]     [621/621] Linking CXX shared module plugin\adsk\plugin\mayaUsdPlugin.mll
[2023-02-02T16:55:30.077Z]     
[2023-02-02T16:55:30.077Z]         Building with settings:
[2023-02-02T16:55:30.077Z]           Source directory          S:\jenkins\workspace\ECP\ecg-maya-usd\ecg-mayausd-branch-preflight-2019-no-ufe-windows\ecg-maya-usd\maya-usd
[2023-02-02T16:55:30.077Z]           Workspace directory       W:\
[2023-02-02T16:55:30.077Z]           Build directory           W:\build\RelWithDebInfo
[2023-02-02T16:55:30.077Z]           Install directory         W:\install\RelWithDebInfo\MayaUSD
[2023-02-02T16:55:30.077Z]           Variant                   RelWithDebInfo
[2023-02-02T16:55:30.077Z]           Python Debug              Off
[2023-02-02T16:55:30.077Z]           CMake generator           Ninja
[2023-02-02T16:55:30.077Z]           Build arguments           ['-DCMAKE_MAKE_PROGRAM=P:/shared/Artifactory/Windows/ninja/1.9.0/c68f192/ninja.exe', '-DPYTHON_INCLUDE_DIR=P:/shared/Artifactory/Windows/rundev-2019/202003131251/runtime/155eb96/runTime/include/Python2.7', '-DPython_EXECUTABLE=P:/shared/Artifactory/Windows/rundev-2019/202003131251/runtime/155eb96/runTime/bin/mayapy.exe', '-DPYTHON_LIBRARIES=P:/shared/Artifactory/Windows/rundev-2019/202003131251/runtime/155eb96/runTime/lib/python27.lib', '-DCMAKE_WANT_UFE_BUILD=OFF', '-DUSD_LIB_PREFIX=', '-DCMAKE_WANT_MATERIALX_BUILD=ON', '-DCMAKE_PREFIX_PATH=P:\\shared\\Artifactory\\Windows\\USD\\cfb3d8a']
[2023-02-02T16:55:30.077Z]           Stages arguments          ['build']
[2023-02-02T16:55:30.077Z]           CTest arguments           ['-E testUsdReferenceAssemblySelection|testUsdMayaAppDir', '-LE interactive', '--parallel 16']
[2023-02-02T16:55:30.077Z]     Success MayaUSD build and install !!!!
[2023-02-02T16:55:30.077Z]     Elapsed time: 00:04:14
[Pipeline] bat
[2023-02-02T16:55:30.349Z] Deleting alias drive W:
[Pipeline] bat
[2023-02-02T16:55:30.631Z] Deleting alias drive P:
[Pipeline] }
[Pipeline] // withEnv
[Pipeline] }
[Pipeline] // timeout
[Pipeline] }
[Pipeline] // stage
[Pipeline] }
[Pipeline] // timestamps
[Pipeline] timestamps
[Pipeline] {
[Pipeline] stage
[Pipeline] { (Install)
[Pipeline] timeout
[2023-02-02T16:55:30.827Z] Timeout set to expire in 6 hr 0 min
[Pipeline] {
[Pipeline] withEnv
[Pipeline] {
[Pipeline] bat
[2023-02-02T16:55:31.117Z] Creating alias drive P: to S:\jenkins\workspace
[Pipeline] bat
[2023-02-02T16:55:31.401Z] Creating alias drive W: to S:\jenkins\workspace\ECP\ecg-maya-usd\ecg-mayausd-branch-preflight-2019-no-ufe-windows
[Pipeline] bat
[2023-02-02T16:55:31.839Z] "C:\Program Files (x86)\Microsoft Visual Studio\2017\Professional\VC\Auxiliary\Build\vcvarsall.bat" x64
[2023-02-02T16:55:31.947Z] **********************************************************************
[2023-02-02T16:55:31.947Z] ** Visual Studio 2017 Developer Command Prompt v15.9.15
[2023-02-02T16:55:31.947Z] ** Copyright (c) 2017 Microsoft Corporation
[2023-02-02T16:55:31.947Z] **********************************************************************
[2023-02-02T16:55:32.868Z] [vcvarsall.bat] Environment initialized for: 'x64'
[2023-02-02T16:55:32.868Z] python ecg-maya-usd/build.py --stages=install --workspace-dir=W:\ --artifactory-dir=P:\shared\Artifactory --build-dir=W:\build --install-dir=W:\install --signing-dir=W:\signing --package-dir=W:\package --output-dir=W:\output --stash-dir=W:\stash --jenkins-build=649 --git-commit=64fac062d3897c491bc79a9ad0fe2e1305683679 --git-branch=master --variants=RelWithDebInfo --python=2.7 --ufe=false --pxrusd-version=0.21.05-gold --post-zips=false --maya-cut-config=maya-rundev-2019.yaml --maya-package=rundev-2019 --stage-banner
[2023-02-02T16:55:33.784Z] Using Maya cut from P:\shared\Artifactory\Windows\rundev-2019\202003131251\runtime\155eb96
[2023-02-02T16:55:33.784Z] 
[2023-02-02T16:55:33.784Z] ================================================================================
[2023-02-02T16:55:33.784Z]                             install (RelWithDebInfo)
[2023-02-02T16:55:33.784Z] ================================================================================
[2023-02-02T16:55:33.784Z] Maya Python RelWithDebInfo Info:
[2023-02-02T16:55:33.784Z]   mayapy executable   = P:\shared\Artifactory\Windows\rundev-2019\202003131251\runtime\155eb96\runTime\bin\mayapy.exe
[2023-02-02T16:55:33.784Z]   Include Folder      = P:\shared\Artifactory\Windows\rundev-2019\202003131251\runtime\155eb96\runTime\include\Python2.7
[2023-02-02T16:55:33.784Z]   Library             = P:\shared\Artifactory\Windows\rundev-2019\202003131251\runtime\155eb96\runTime\lib\python27.lib
[2023-02-02T16:55:33.784Z]   site-package Folder = P:\shared\Artifactory\Windows\rundev-2019\202003131251\runtime\155eb96\runTime\Python\Lib\site-packages
[2023-02-02T16:55:34.500Z] In workdir: S:\jenkins\workspace\ECP\ecg-maya-usd\ecg-mayausd-branch-preflight-2019-no-ufe-windows\ecg-maya-usd\maya-usd
[2023-02-02T16:55:34.500Z] Executing: 'P:\\shared\\Artifactory\\Windows\\rundev-2019\\202003131251\\runtime\\155eb96\\runTime\\bin\\mayapy.exe' 'S:\\jenkins\\workspace\\ECP\\ecg-maya-usd\\ecg-mayausd-branch-preflight-2019-no-ufe-windows\\ecg-maya-usd\\maya-usd\\build.py' --generator Ninja --build-relwithdebug --maya-location 'P:\\shared\\Artifactory\\Windows\\rundev-2019\\202003131251\\runtime\\155eb96\\runTime' --devkit-location 'P:\\shared\\Artifactory\\Windows\\rundev-2019\\202003131251\\runtime\\155eb96\\devkitBase' --pxrusd-location 'P:\\shared\\Artifactory\\Windows\\USD\\cfb3d8a' --qt-location 'P:\\shared\\Artifactory\\Windows\\qt\\5.6.1\\1acd0ba' '--build-args=-DCMAKE_MAKE_PROGRAM=P:/shared/Artifactory/Windows/ninja/1.9.0/c68f192/ninja.exe,-DPYTHON_INCLUDE_DIR=P:/shared/Artifactory/Windows/rundev-2019/202003131251/runtime/155eb96/runTime/include/Python2.7,-DPython_EXECUTABLE=P:/shared/Artifactory/Windows/rundev-2019/202003131251/runtime/155eb96/runTime/bin/mayapy.exe,-DPYTHON_LIBRARIES=P:/shared/Artifactory/Windows/rundev-2019/202003131251/runtime/155eb96/runTime/lib/python27.lib,-DCMAKE_WANT_UFE_BUILD=OFF,-DUSD_LIB_PREFIX=,-DCMAKE_WANT_MATERIALX_BUILD=ON,-DCMAKE_PREFIX_PATH=P:\\shared\\Artifactory\\Windows\\USD\\cfb3d8a' '--ctest-args=-E testUsdReferenceAssemblySelection|testUsdMayaAppDir,-LE interactive,--parallel 16' --stages=install --redirect-outstream-file=False --install-location 'W:\\install\\RelWithDebInfo\\MayaUSD' 'W:\\'
[2023-02-02T16:55:34.500Z] Modified environment variables:
[2023-02-02T16:55:34.500Z]     PATH=P:\shared\Artifactory\Windows\cmake\3.20.3\afe857a\bin;C:\Python27\lib\site-packages\pywin32_system32;C:\Program Files (x86)\Microsoft Visual Studio\2017\Professional\VC\Tools\MSVC\14.16.27023\bin\HostX64\x64;C:\Program Files (x86)\Microsoft Visual Studio\2017\Professional\Common7\IDE\VC\VCPackages;C:\Program Files (x86)\Microsoft Visual Studio\2017\Professional\Common7\IDE\CommonExtensions\Microsoft\TestWindow;C:\Program Files (x86)\Microsoft Visual Studio\2017\Professional\Common7\IDE\CommonExtensions\Microsoft\TeamFoundation\Team Explorer;C:\Program Files (x86)\Microsoft Visual Studio\2017\Professional\MSBuild\15.0\bin\Roslyn;C:\Program Files (x86)\Microsoft Visual Studio\2017\Professional\Team Tools\Performance Tools\x64;C:\Program Files (x86)\Microsoft Visual Studio\2017\Professional\Team Tools\Performance Tools;C:\Program Files (x86)\Microsoft Visual Studio\Shared\Common\VSPerfCollectionTools\\x64;C:\Program Files (x86)\Microsoft Visual Studio\Shared\Common\VSPerfCollectionTools\;C:\Program Files (x86)\Microsoft SDKs\Windows\v10.0A\bin\NETFX 4.6.1 Tools\x64\;C:\Program Files (x86)\HTML Help Workshop;C:\Program Files (x86)\Windows Kits\10\bin\10.0.18362.0\x64;C:\Program Files (x86)\Windows Kits\10\bin\x64;C:\Program Files (x86)\Microsoft Visual Studio\2017\Professional\\MSBuild\15.0\bin;C:\WINDOWS\Microsoft.NET\Framework64\v4.0.30319;C:\Program Files (x86)\Microsoft Visual Studio\2017\Professional\Common7\IDE\;C:\Program Files (x86)\Microsoft Visual Studio\2017\Professional\Common7\Tools\;C:\Python27\;C:\Python27\Scripts;C:\WINDOWS\system32;C:\WINDOWS;C:\WINDOWS\System32\Wbem;C:\WINDOWS\System32\WindowsPowerShell\v1.0\;C:\WINDOWS\System32\OpenSSH\;C:\ProgramData\chocolatey\bin;C:\Program Files (x86)\WiX Toolset v3.7\bin;C:\Program Files\dotnet\;C:\Program Files (x86)\Windows Kits\10\bin\10.0.18362.0\x64;C:\Program Files\Zulu\zulu-11\bin\;C:\Program Files (x86)\Windows Kits\10\bin\10.0.17763.0\x64;C:\Program Files (x86)\Windows Kits\10\bin\x64;C:\Program Files\Git\cmd;C:\Program Files\Git\usr\bin;C:\Program Files\Git\mingw64\bin;C:\Program Files\Git\bin;C:\Python38\;C:\Python38\Scripts;C:\StoreBoxClientWindows;C:\Program Files\Electric Cloud\ElectricCommander\bin;C:\Program Files\WinRAR;C:\Program Files\7-Zip;C:\Users\Administrator\AppData\Local\Microsoft\WindowsApps;C:\Program Files (x86)\Microsoft Visual Studio\2017\Professional\Common7\IDE\CommonExtensions\Microsoft\CMake\CMake\bin;C:\Program Files (x86)\Microsoft Visual Studio\2017\Professional\Common7\IDE\CommonExtensions\Microsoft\CMake\Ninja
[2023-02-02T16:55:34.911Z]     [1/8] Automatic MOC and UIC for target mayaUsdUI
[2023-02-02T16:55:34.911Z]     [2/5] Automatic MOC and UIC for target testMayaUsdUI
[2023-02-02T16:55:34.911Z]     [2/3] Install the project...
[2023-02-02T16:55:34.911Z]     -- Install configuration: "RelWithDebInfo"
[2023-02-02T16:55:43.427Z]     
[2023-02-02T16:55:43.427Z]         Building with settings:
[2023-02-02T16:55:43.427Z]           Source directory          S:\jenkins\workspace\ECP\ecg-maya-usd\ecg-mayausd-branch-preflight-2019-no-ufe-windows\ecg-maya-usd\maya-usd
[2023-02-02T16:55:43.427Z]           Workspace directory       W:\
[2023-02-02T16:55:43.427Z]           Build directory           W:\build\RelWithDebInfo
[2023-02-02T16:55:43.427Z]           Install directory         W:\install\RelWithDebInfo\MayaUSD
[2023-02-02T16:55:43.427Z]           Variant                   RelWithDebInfo
[2023-02-02T16:55:43.427Z]           Python Debug              Off
[2023-02-02T16:55:43.427Z]           CMake generator           Ninja
[2023-02-02T16:55:43.427Z]           Build arguments           ['-DCMAKE_MAKE_PROGRAM=P:/shared/Artifactory/Windows/ninja/1.9.0/c68f192/ninja.exe', '-DPYTHON_INCLUDE_DIR=P:/shared/Artifactory/Windows/rundev-2019/202003131251/runtime/155eb96/runTime/include/Python2.7', '-DPython_EXECUTABLE=P:/shared/Artifactory/Windows/rundev-2019/202003131251/runtime/155eb96/runTime/bin/mayapy.exe', '-DPYTHON_LIBRARIES=P:/shared/Artifactory/Windows/rundev-2019/202003131251/runtime/155eb96/runTime/lib/python27.lib', '-DCMAKE_WANT_UFE_BUILD=OFF', '-DUSD_LIB_PREFIX=', '-DCMAKE_WANT_MATERIALX_BUILD=ON', '-DCMAKE_PREFIX_PATH=P:\\shared\\Artifactory\\Windows\\USD\\cfb3d8a']
[2023-02-02T16:55:43.427Z]           Stages arguments          ['install']
[2023-02-02T16:55:43.427Z]           CTest arguments           ['-E testUsdReferenceAssemblySelection|testUsdMayaAppDir', '-LE interactive', '--parallel 16']
[2023-02-02T16:55:43.427Z]     Success MayaUSD build and install !!!!
[2023-02-02T16:55:43.427Z]     Elapsed time: 00:00:08
[Pipeline] bat
[2023-02-02T16:55:43.805Z] Deleting alias drive W:
[Pipeline] bat
[2023-02-02T16:55:44.090Z] Deleting alias drive P:
[Pipeline] }
[Pipeline] // withEnv
[Pipeline] }
[Pipeline] // timeout
[Pipeline] }
[Pipeline] // stage
[Pipeline] }
[Pipeline] // timestamps
[Pipeline] timestamps
[Pipeline] {
[Pipeline] stage
[Pipeline] { (Test)
[Pipeline] timeout
[2023-02-02T16:55:44.384Z] Timeout set to expire in 6 hr 0 min
[Pipeline] {
[Pipeline] withEnv
[Pipeline] {
[Pipeline] bat
[2023-02-02T16:55:44.796Z] Creating alias drive P: to S:\jenkins\workspace
[Pipeline] bat
[2023-02-02T16:55:45.670Z] Creating alias drive W: to S:\jenkins\workspace\ECP\ecg-maya-usd\ecg-mayausd-branch-preflight-2019-no-ufe-windows
[Pipeline] bat
[2023-02-02T16:55:46.138Z] "C:\Program Files (x86)\Microsoft Visual Studio\2017\Professional\VC\Auxiliary\Build\vcvarsall.bat" x64
[2023-02-02T16:55:46.348Z] **********************************************************************
[2023-02-02T16:55:46.348Z] ** Visual Studio 2017 Developer Command Prompt v15.9.15
[2023-02-02T16:55:46.348Z] ** Copyright (c) 2017 Microsoft Corporation
[2023-02-02T16:55:46.348Z] **********************************************************************
[2023-02-02T16:55:47.266Z] [vcvarsall.bat] Environment initialized for: 'x64'
[2023-02-02T16:55:47.266Z] python ecg-maya-usd/build.py --stages=test --workspace-dir=W:\ --artifactory-dir=P:\shared\Artifactory --build-dir=W:\build --install-dir=W:\install --signing-dir=W:\signing --package-dir=W:\package --output-dir=W:\output --stash-dir=W:\stash --jenkins-build=649 --git-commit=64fac062d3897c491bc79a9ad0fe2e1305683679 --git-branch=master --variants=RelWithDebInfo --python=2.7 --ufe=false --pxrusd-version=0.21.05-gold --post-zips=false --test-jobs=0 --failed-test-retry=3 --maya-cut-config=maya-rundev-2019.yaml --maya-package=rundev-2019 --stage-banner --progressive-timeout
[2023-02-02T16:55:48.193Z] Using Maya cut from P:\shared\Artifactory\Windows\rundev-2019\202003131251\runtime\155eb96
[2023-02-02T16:55:48.306Z] 
[2023-02-02T16:55:48.306Z] ================================================================================
[2023-02-02T16:55:48.306Z]                              test (RelWithDebInfo)
[2023-02-02T16:55:48.306Z] ================================================================================
[2023-02-02T16:55:48.306Z] Maya Python RelWithDebInfo Info:
[2023-02-02T16:55:48.306Z]   mayapy executable   = P:\shared\Artifactory\Windows\rundev-2019\202003131251\runtime\155eb96\runTime\bin\mayapy.exe
[2023-02-02T16:55:48.306Z]   Include Folder      = P:\shared\Artifactory\Windows\rundev-2019\202003131251\runtime\155eb96\runTime\include\Python2.7
[2023-02-02T16:55:48.306Z]   Library             = P:\shared\Artifactory\Windows\rundev-2019\202003131251\runtime\155eb96\runTime\lib\python27.lib
[2023-02-02T16:55:48.306Z]   site-package Folder = P:\shared\Artifactory\Windows\rundev-2019\202003131251\runtime\155eb96\runTime\Python\Lib\site-packages
[2023-02-02T16:55:49.025Z] In workdir: S:\jenkins\workspace\ECP\ecg-maya-usd\ecg-mayausd-branch-preflight-2019-no-ufe-windows\ecg-maya-usd\maya-usd
[2023-02-02T16:55:49.025Z] Executing: 'P:\\shared\\Artifactory\\Windows\\rundev-2019\\202003131251\\runtime\\155eb96\\runTime\\bin\\mayapy.exe' 'S:\\jenkins\\workspace\\ECP\\ecg-maya-usd\\ecg-mayausd-branch-preflight-2019-no-ufe-windows\\ecg-maya-usd\\maya-usd\\build.py' --generator Ninja --build-relwithdebug --maya-location 'P:\\shared\\Artifactory\\Windows\\rundev-2019\\202003131251\\runtime\\155eb96\\runTime' --devkit-location 'P:\\shared\\Artifactory\\Windows\\rundev-2019\\202003131251\\runtime\\155eb96\\devkitBase' --pxrusd-location 'P:\\shared\\Artifactory\\Windows\\USD\\cfb3d8a' --qt-location 'P:\\shared\\Artifactory\\Windows\\qt\\5.6.1\\1acd0ba' '--build-args=-DCMAKE_MAKE_PROGRAM=P:/shared/Artifactory/Windows/ninja/1.9.0/c68f192/ninja.exe,-DPYTHON_INCLUDE_DIR=P:/shared/Artifactory/Windows/rundev-2019/202003131251/runtime/155eb96/runTime/include/Python2.7,-DPython_EXECUTABLE=P:/shared/Artifactory/Windows/rundev-2019/202003131251/runtime/155eb96/runTime/bin/mayapy.exe,-DPYTHON_LIBRARIES=P:/shared/Artifactory/Windows/rundev-2019/202003131251/runtime/155eb96/runTime/lib/python27.lib,-DCMAKE_WANT_UFE_BUILD=OFF,-DUSD_LIB_PREFIX=,-DCMAKE_WANT_MATERIALX_BUILD=ON,-DCMAKE_PREFIX_PATH=P:\\shared\\Artifactory\\Windows\\USD\\cfb3d8a' '--ctest-args=-E testUsdReferenceAssemblySelection|testUsdMayaAppDir,-LE interactive,--parallel 16' --stages=test --redirect-outstream-file=False --install-location 'W:\\install\\RelWithDebInfo\\MayaUSD' 'W:\\'
[2023-02-02T16:55:49.025Z] Modified environment variables:
[2023-02-02T16:55:49.025Z]     PATH=P:\shared\Artifactory\Windows\cmake\3.20.3\afe857a\bin;C:\Python27\lib\site-packages\pywin32_system32;C:\Program Files (x86)\Microsoft Visual Studio\2017\Professional\VC\Tools\MSVC\14.16.27023\bin\HostX64\x64;C:\Program Files (x86)\Microsoft Visual Studio\2017\Professional\Common7\IDE\VC\VCPackages;C:\Program Files (x86)\Microsoft Visual Studio\2017\Professional\Common7\IDE\CommonExtensions\Microsoft\TestWindow;C:\Program Files (x86)\Microsoft Visual Studio\2017\Professional\Common7\IDE\CommonExtensions\Microsoft\TeamFoundation\Team Explorer;C:\Program Files (x86)\Microsoft Visual Studio\2017\Professional\MSBuild\15.0\bin\Roslyn;C:\Program Files (x86)\Microsoft Visual Studio\2017\Professional\Team Tools\Performance Tools\x64;C:\Program Files (x86)\Microsoft Visual Studio\2017\Professional\Team Tools\Performance Tools;C:\Program Files (x86)\Microsoft Visual Studio\Shared\Common\VSPerfCollectionTools\\x64;C:\Program Files (x86)\Microsoft Visual Studio\Shared\Common\VSPerfCollectionTools\;C:\Program Files (x86)\Microsoft SDKs\Windows\v10.0A\bin\NETFX 4.6.1 Tools\x64\;C:\Program Files (x86)\HTML Help Workshop;C:\Program Files (x86)\Windows Kits\10\bin\10.0.18362.0\x64;C:\Program Files (x86)\Windows Kits\10\bin\x64;C:\Program Files (x86)\Microsoft Visual Studio\2017\Professional\\MSBuild\15.0\bin;C:\WINDOWS\Microsoft.NET\Framework64\v4.0.30319;C:\Program Files (x86)\Microsoft Visual Studio\2017\Professional\Common7\IDE\;C:\Program Files (x86)\Microsoft Visual Studio\2017\Professional\Common7\Tools\;C:\Python27\;C:\Python27\Scripts;C:\WINDOWS\system32;C:\WINDOWS;C:\WINDOWS\System32\Wbem;C:\WINDOWS\System32\WindowsPowerShell\v1.0\;C:\WINDOWS\System32\OpenSSH\;C:\ProgramData\chocolatey\bin;C:\Program Files (x86)\WiX Toolset v3.7\bin;C:\Program Files\dotnet\;C:\Program Files (x86)\Windows Kits\10\bin\10.0.18362.0\x64;C:\Program Files\Zulu\zulu-11\bin\;C:\Program Files (x86)\Windows Kits\10\bin\10.0.17763.0\x64;C:\Program Files (x86)\Windows Kits\10\bin\x64;C:\Program Files\Git\cmd;C:\Program Files\Git\usr\bin;C:\Program Files\Git\mingw64\bin;C:\Program Files\Git\bin;C:\Python38\;C:\Python38\Scripts;C:\StoreBoxClientWindows;C:\Program Files\Electric Cloud\ElectricCommander\bin;C:\Program Files\WinRAR;C:\Program Files\7-Zip;C:\Users\Administrator\AppData\Local\Microsoft\WindowsApps;C:\Program Files (x86)\Microsoft Visual Studio\2017\Professional\Common7\IDE\CommonExtensions\Microsoft\CMake\CMake\bin;C:\Program Files (x86)\Microsoft Visual Studio\2017\Professional\Common7\IDE\CommonExtensions\Microsoft\CMake\Ninja
[2023-02-02T16:55:49.340Z]     Test project W:/build/RelWithDebInfo
[2023-02-02T16:55:50.163Z]             Start   1: testMayaUsdConverter
[2023-02-02T16:55:50.164Z]             Start   2: testMayaUsdCreateStageCommands
[2023-02-02T16:55:50.164Z]             Start   3: testMayaUsdPythonImport
[2023-02-02T16:55:50.164Z]             Start   4: testMayaUsdLayerEditorCommands
[2023-02-02T16:55:50.164Z]             Start   5: testMayaUsdCacheId
[2023-02-02T16:55:50.164Z]             Start   8: _Interactive_Maya
[2023-02-02T16:55:50.164Z]       1/128 Test   #8: _Interactive_Maya ...............................***Not Run (Disabled)   0.00 sec
[2023-02-02T16:55:50.164Z]             Start   9: testMayaUsdPlugVersionCheck
[2023-02-02T16:55:50.164Z]             Start  10: testPxrUsdPreviewSurfaceDraw
[2023-02-02T16:55:50.164Z]             Start  11: testPxrUsdPreviewSurfaceExport
[2023-02-02T16:55:50.164Z]             Start  12: testMayaUsdSchemasPythonImport
[2023-02-02T16:55:50.311Z]             Start  13: testMayaUsdSchemasMayaReference
[2023-02-02T16:55:50.311Z]             Start  14: testDiffCore
[2023-02-02T16:55:50.311Z]             Start  15: testDiffValues
[2023-02-02T16:55:50.311Z]             Start  16: testDiffAttributes
[2023-02-02T16:55:51.001Z]             Start  17: testDiffRelationships
[2023-02-02T16:55:51.001Z]             Start  18: testDiffDictionaries
[2023-02-02T16:55:53.442Z]             Start  19: testDiffLists
[2023-02-02T16:55:53.671Z]       2/128 Test  #14: testDiffCore ....................................   Passed    3.25 sec
[2023-02-02T16:55:53.671Z]             Start  20: testDiffComputeOverall
[2023-02-02T16:55:53.805Z]       3/128 Test  #18: testDiffDictionaries ............................   Passed    3.36 sec
[2023-02-02T16:55:53.805Z]             Start  21: testDiffPrims
[2023-02-02T16:55:53.805Z]       4/128 Test  #19: testDiffLists ...................................   Passed    0.44 sec
[2023-02-02T16:55:53.805Z]             Start  22: testMergePrims
[2023-02-02T16:55:53.923Z]       5/128 Test  #20: testDiffComputeOverall ..........................   Passed    0.39 sec
[2023-02-02T16:55:53.923Z]             Start  23: testDiffMetadatas
[2023-02-02T16:55:54.074Z]       6/128 Test  #15: testDiffValues ..................................   Passed    3.79 sec
[2023-02-02T16:55:54.074Z]             Start  24: testUsdExportAnimation
[2023-02-02T16:55:54.183Z]       7/128 Test  #23: testDiffMetadatas ...............................   Passed    0.33 sec
[2023-02-02T16:55:54.183Z]             Start  25: testUsdExportAsClip
[2023-02-02T16:55:54.296Z]       8/128 Test  #17: testDiffRelationships ...........................   Passed    3.87 sec
[2023-02-02T16:55:54.296Z]             Start  26: testUsdExportBindTransform
[2023-02-02T16:55:54.296Z]       9/128 Test  #16: testDiffAttributes ..............................   Passed    3.93 sec
[2023-02-02T16:55:54.296Z]             Start  27: testUsdExportBlendshapes
[2023-02-02T16:55:54.296Z]      10/128 Test  #22: testMergePrims ..................................   Passed    0.45 sec
[2023-02-02T16:55:54.296Z]             Start  28: testUsdExportCamera
[2023-02-02T16:55:54.296Z]      11/128 Test  #21: testDiffPrims ...................................   Passed    0.50 sec
[2023-02-02T16:55:54.296Z]             Start  29: testUsdExportColorSets
[2023-02-02T16:56:20.907Z]      12/128 Test  #10: testPxrUsdPreviewSurfaceDraw ....................   Passed   30.71 sec
[2023-02-02T16:56:20.907Z]             Start  30: testUsdExportConnected
[2023-02-02T16:56:22.236Z]      13/128 Test  #12: testMayaUsdSchemasPythonImport ..................   Passed   31.98 sec
[2023-02-02T16:56:22.236Z]             Start  31: testUsdExportDisplacement
[2023-02-02T16:56:22.236Z]      14/128 Test  #13: testMayaUsdSchemasMayaReference .................   Passed   31.98 sec
[2023-02-02T16:56:22.236Z]             Start  32: testUsdExportDisplayColor
[2023-02-02T16:56:22.857Z]      15/128 Test   #3: testMayaUsdPythonImport .........................   Passed   32.68 sec
[2023-02-02T16:56:22.857Z]             Start  33: testUsdExportEulerFilter
[2023-02-02T16:56:22.857Z]      16/128 Test   #2: testMayaUsdCreateStageCommands ..................***Failed   32.70 sec
[2023-02-02T16:56:22.857Z]     MAYA_DEBUG_NO_SAVE_ON_CRASH is set.
[2023-02-02T16:56:22.857Z]     Traceback (most recent call last):
[2023-02-02T16:56:22.857Z]       File "W:/build/RelWithDebInfo/test/Temporary/scripts/runner_testMayaUsdCreateStageCommands.py", line 8, in <module>
[2023-02-02T16:56:22.857Z]         import testMayaUsdCreateStageCommands
[2023-02-02T16:56:22.857Z]       File "S:\jenkins\workspace\ECP\ecg-maya-usd\ecg-mayausd-branch-preflight-2019-no-ufe-windows\ecg-maya-usd\maya-usd\test\lib\testMayaUsdCreateStageCommands.py", line 20, in <module>
[2023-02-02T16:56:22.857Z]         from mayaUtils import openTopLayerScene
[2023-02-02T16:56:22.857Z]       File "S:\jenkins\workspace\ECP\ecg-maya-usd\ecg-mayausd-branch-preflight-2019-no-ufe-windows\ecg-maya-usd\maya-usd\test\testUtils\mayaUtils.py", line 25, in <module>
[2023-02-02T16:56:22.857Z]         from mayaUsd import ufe as mayaUsdUfe
[2023-02-02T16:56:22.857Z]     ImportError: cannot import name ufe
[2023-02-02T16:56:22.857Z]     
[2023-02-02T16:56:22.857Z]             Start  34: testUsdExportFileFormat
[2023-02-02T16:56:22.857Z]      17/128 Test   #4: testMayaUsdLayerEditorCommands ..................***Failed   32.69 sec
[2023-02-02T16:56:22.857Z]     MAYA_DEBUG_NO_SAVE_ON_CRASH is set.
[2023-02-02T16:56:22.857Z]     Traceback (most recent call last):
[2023-02-02T16:56:22.857Z]       File "W:/build/RelWithDebInfo/test/Temporary/scripts/runner_testMayaUsdLayerEditorCommands.py", line 8, in <module>
[2023-02-02T16:56:22.857Z]         import testMayaUsdLayerEditorCommands
[2023-02-02T16:56:22.857Z]       File "S:\jenkins\workspace\ECP\ecg-maya-usd\ecg-mayausd-branch-preflight-2019-no-ufe-windows\ecg-maya-usd\maya-usd\test\lib\testMayaUsdLayerEditorCommands.py", line 26, in <module>
[2023-02-02T16:56:22.857Z]         from mayaUtils import openTopLayerScene
[2023-02-02T16:56:22.857Z]       File "S:\jenkins\workspace\ECP\ecg-maya-usd\ecg-mayausd-branch-preflight-2019-no-ufe-windows\ecg-maya-usd\maya-usd\test\testUtils\mayaUtils.py", line 25, in <module>
[2023-02-02T16:56:22.857Z]         from mayaUsd import ufe as mayaUsdUfe
[2023-02-02T16:56:22.857Z]     ImportError: cannot import name ufe
[2023-02-02T16:56:22.857Z]     
[2023-02-02T16:56:22.857Z]             Start  35: testUsdExportFilterTypes
[2023-02-02T16:56:23.314Z]      18/128 Test   #9: testMayaUsdPlugVersionCheck .....................   Passed   33.14 sec
[2023-02-02T16:56:23.314Z]             Start  36: testUsdExportFrameOffset
[2023-02-02T16:56:23.675Z]      19/128 Test   #5: testMayaUsdCacheId ..............................   Passed   33.47 sec
[2023-02-02T16:56:23.675Z]             Start  37: testUsdExportGeomSubset
[2023-02-02T16:56:23.675Z]      20/128 Test   #1: testMayaUsdConverter ............................   Passed   33.53 sec
[2023-02-02T16:56:23.675Z]             Start  38: testUsdExportInstances
[2023-02-02T16:56:24.203Z]      21/128 Test  #24: testUsdExportAnimation ..........................   Passed   30.10 sec
[2023-02-02T16:56:24.203Z]             Start  39: testUsdExportLayerAttributes
[2023-02-02T16:56:24.530Z]      22/128 Test  #27: testUsdExportBlendshapes ........................   Passed   30.24 sec
[2023-02-02T16:56:24.530Z]             Start  40: testUsdExportLight
[2023-02-02T16:56:24.530Z]      23/128 Test  #26: testUsdExportBindTransform ......................   Passed   30.31 sec
[2023-02-02T16:56:24.530Z]             Start  41: testUsdExportLocator
[2023-02-02T16:56:25.887Z]      24/128 Test  #30: testUsdExportConnected ..........................   Passed    4.91 sec
[2023-02-02T16:56:25.887Z]             Start  42: testUsdExportMayaInstancer
[2023-02-02T16:56:25.887Z]      25/128 Test  #28: testUsdExportCamera .............................   Passed   31.64 sec
[2023-02-02T16:56:25.887Z]             Start  43: testUsdExportMesh
[2023-02-02T16:56:26.016Z]      26/128 Test  #11: testPxrUsdPreviewSurfaceExport ..................   Passed   35.84 sec
[2023-02-02T16:56:26.016Z]             Start  44: testUsdExportNurbsCurve
[2023-02-02T16:56:26.147Z]      27/128 Test  #25: testUsdExportAsClip .............................   Passed   31.91 sec
[2023-02-02T16:56:26.147Z]             Start  45: testUsdExportOpenLayer
[2023-02-02T16:56:26.386Z]      28/128 Test  #29: testUsdExportColorSets ..........................   Passed   32.04 sec
[2023-02-02T16:56:26.386Z]             Start  46: testUsdExportOverImport
[2023-02-02T16:56:27.240Z]      29/128 Test  #32: testUsdExportDisplayColor .......................   Passed    4.97 sec
[2023-02-02T16:56:27.240Z]             Start  47: testUsdExportUsdPreviewSurface
[2023-02-02T16:56:27.466Z]      30/128 Test  #31: testUsdExportDisplacement .......................   Passed    5.29 sec
[2023-02-02T16:56:27.466Z]             Start  48: testUsdExportParentScope
[2023-02-02T16:56:28.063Z]      31/128 Test  #34: testUsdExportFileFormat .........................   Passed    5.12 sec
[2023-02-02T16:56:28.063Z]             Start  49: testUsdExportParticles
[2023-02-02T16:56:28.063Z]      32/128 Test  #33: testUsdExportEulerFilter ........................   Passed    5.19 sec
[2023-02-02T16:56:28.063Z]             Start  50: testUsdExportPref
[2023-02-02T16:56:28.499Z]      33/128 Test  #38: testUsdExportInstances ..........................   Passed    4.81 sec
[2023-02-02T16:56:28.499Z]             Start  51: testUsdExportRenderLayerMode
[2023-02-02T16:56:28.628Z]      34/128 Test  #39: testUsdExportLayerAttributes ....................   Passed    4.40 sec
[2023-02-02T16:56:28.628Z]             Start  52: testUsdExportRoots
[2023-02-02T16:56:28.628Z]      35/128 Test  #36: testUsdExportFrameOffset ........................   Passed    5.24 sec
[2023-02-02T16:56:28.628Z]             Start  53: testUsdExportRootsAndParentScope
[2023-02-02T16:56:28.628Z]      36/128 Test  #35: testUsdExportFilterTypes ........................   Passed    5.76 sec
[2023-02-02T16:56:28.628Z]             Start  54: testUsdExportSelection
[2023-02-02T16:56:28.775Z]      37/128 Test  #37: testUsdExportGeomSubset .........................   Passed    5.10 sec
[2023-02-02T16:56:28.775Z]             Start  55: testUsdExportSelectionHierarchy
[2023-02-02T16:56:29.631Z]      38/128 Test  #40: testUsdExportLight ..............................   Passed    5.12 sec
[2023-02-02T16:56:29.631Z]             Start  56: testUsdExportShadingInstanced
[2023-02-02T16:56:30.361Z]      39/128 Test  #41: testUsdExportLocator ............................   Passed    5.83 sec
[2023-02-02T16:56:30.361Z]             Start  57: testUsdExportShadingModePxrRis
[2023-02-02T16:56:30.784Z]      40/128 Test  #45: testUsdExportOpenLayer ..........................   Passed    4.61 sec
[2023-02-02T16:56:30.784Z]             Start  58: testUsdExportSkeleton
[2023-02-02T16:56:31.422Z]      41/128 Test  #42: testUsdExportMayaInstancer ......................   Passed    5.57 sec
[2023-02-02T16:56:31.422Z]             Start  59: testUsdExportStripNamespaces
[2023-02-02T16:56:31.574Z]      42/128 Test  #44: testUsdExportNurbsCurve .........................   Passed    5.46 sec
[2023-02-02T16:56:31.574Z]             Start  60: testUsdExportStroke
[2023-02-02T16:56:31.574Z]      43/128 Test  #43: testUsdExportMesh ...............................   Passed    5.62 sec
[2023-02-02T16:56:31.574Z]             Start  61: testUsdExportUserTaggedAttributes
[2023-02-02T16:56:31.944Z]      44/128 Test  #46: testUsdExportOverImport .........................   Passed    5.63 sec
[2023-02-02T16:56:31.944Z]             Start  62: testUsdExportVisibilityDefault
[2023-02-02T16:56:32.374Z]      45/128 Test  #47: testUsdExportUsdPreviewSurface ..................   Passed    5.20 sec
[2023-02-02T16:56:32.374Z]             Start  63: testUsdImportAnonymousLayer
[2023-02-02T16:56:32.493Z]      46/128 Test  #51: testUsdExportRenderLayerMode ....................   Passed    3.97 sec
[2023-02-02T16:56:32.493Z]             Start  64: testUsdImportCamera
[2023-02-02T16:56:32.720Z]      47/128 Test  #48: testUsdExportParentScope ........................   Passed    5.22 sec
[2023-02-02T16:56:32.720Z]             Start  65: testUsdImportBasisCurves
[2023-02-02T16:56:32.720Z]      48/128 Test  #50: testUsdExportPref ...............................   Passed    4.71 sec
[2023-02-02T16:56:32.720Z]             Start  66: testUsdImportBatchNurbsCurves
[2023-02-02T16:56:32.849Z]      49/128 Test  #49: testUsdExportParticles ..........................   Passed    4.81 sec
[2023-02-02T16:56:32.849Z]             Start  67: testUsdImportLinearCurves
[2023-02-02T16:56:33.584Z]      50/128 Test  #53: testUsdExportRootsAndParentScope ................   Passed    4.99 sec
[2023-02-02T16:56:33.584Z]             Start  68: testUsdImportHighDegreeNurbsCurves
[2023-02-02T16:56:33.910Z]      51/128 Test  #54: testUsdExportSelection ..........................   Passed    5.25 sec
[2023-02-02T16:56:33.910Z]             Start  69: testUsdImportNurbsCurves
[2023-02-02T16:56:34.077Z]      52/128 Test  #55: testUsdExportSelectionHierarchy .................   Passed    5.30 sec
[2023-02-02T16:56:34.077Z]             Start  70: testUsdImportBatchBezierCurves
[2023-02-02T16:56:34.624Z]      53/128 Test  #56: testUsdExportShadingInstanced ...................   Passed    4.94 sec
[2023-02-02T16:56:34.624Z]             Start  71: testUsdImportColorSets
[2023-02-02T16:56:35.251Z]      54/128 Test  #57: testUsdExportShadingModePxrRis ..................   Passed    4.80 sec
[2023-02-02T16:56:35.251Z]             Start  72: testUsdImportDisplacement
[2023-02-02T16:56:35.800Z]      55/128 Test  #52: testUsdExportRoots ..............................   Passed    7.24 sec
[2023-02-02T16:56:35.800Z]             Start  73: testUsdImportExportScope
[2023-02-02T16:56:36.027Z]      56/128 Test  #59: testUsdExportStripNamespaces ....................   Passed    4.60 sec
[2023-02-02T16:56:36.027Z]             Start  74: testUsdImportExportTypelessDefs
[2023-02-02T16:56:36.455Z]      57/128 Test  #61: testUsdExportUserTaggedAttributes ...............   Passed    4.87 sec
[2023-02-02T16:56:36.455Z]             Start  75: testUsdImportFrameRange
[2023-02-02T16:56:36.811Z]      58/128 Test  #60: testUsdExportStroke .............................   Passed    5.26 sec
[2023-02-02T16:56:36.811Z]             Start  76: testUsdImportFramerates
[2023-02-02T16:56:36.939Z]      59/128 Test  #63: testUsdImportAnonymousLayer .....................   Passed    4.60 sec
[2023-02-02T16:56:36.939Z]             Start  77: testUsdImportInstances
[2023-02-02T16:56:37.060Z]      60/128 Test  #62: testUsdExportVisibilityDefault ..................   Passed    5.03 sec
[2023-02-02T16:56:37.060Z]             Start  78: testUsdImportLight
[2023-02-02T16:56:37.060Z]      61/128 Test  #58: testUsdExportSkeleton ...........................   Passed    6.31 sec
[2023-02-02T16:56:37.060Z]             Start  79: testUsdImportMayaReference
[2023-02-02T16:56:37.392Z]      62/128 Test  #64: testUsdImportCamera .............................   Passed    4.87 sec
[2023-02-02T16:56:37.392Z]             Start  80: testUsdImportMesh
[2023-02-02T16:56:37.748Z]      63/128 Test  #65: testUsdImportBasisCurves ........................   Passed    5.00 sec
[2023-02-02T16:56:37.748Z]             Start  81: testUsdImportPointCache
[2023-02-02T16:56:37.748Z]      64/128 Test  #66: testUsdImportBatchNurbsCurves ...................   Passed    4.99 sec
[2023-02-02T16:56:37.748Z]             Start  82: testUsdImportPreviewSurface
[2023-02-02T16:56:37.894Z]      65/128 Test  #67: testUsdImportLinearCurves .......................   Passed    5.03 sec
[2023-02-02T16:56:37.894Z]             Start  83: testUsdImportSessionLayer
[2023-02-02T16:56:38.328Z]      66/128 Test  #68: testUsdImportHighDegreeNurbsCurves ..............   Passed    4.76 sec
[2023-02-02T16:56:38.328Z]             Start  84: testUsdImportShadingModeDisplayColor
[2023-02-02T16:56:38.454Z]      67/128 Test  #69: testUsdImportNurbsCurves ........................   Passed    4.59 sec
[2023-02-02T16:56:38.454Z]             Start  85: testUsdImportShadingModePxrRis
[2023-02-02T16:56:38.789Z]      68/128 Test  #70: testUsdImportBatchBezierCurves ..................   Passed    4.69 sec
[2023-02-02T16:56:38.789Z]             Start  86: testUsdImportUVSetMappings
[2023-02-02T16:56:39.121Z]      69/128 Test  #71: testUsdImportColorSets ..........................   Passed    4.54 sec
[2023-02-02T16:56:39.121Z]             Start  87: testUsdImportUSDZTextures
[2023-02-02T16:56:39.677Z]      70/128 Test  #72: testUsdImportDisplacement .......................   Passed    4.42 sec
[2023-02-02T16:56:39.677Z]             Start  88: testUsdExportImportRoundtripPreviewSurface
[2023-02-02T16:56:40.217Z]      71/128 Test  #73: testUsdImportExportScope ........................   Passed    4.40 sec
[2023-02-02T16:56:40.217Z]             Start  89: testUsdExportImportUDIM
[2023-02-02T16:56:40.438Z]      72/128 Test  #74: testUsdImportExportTypelessDefs .................   Passed    4.47 sec
[2023-02-02T16:56:40.438Z]             Start  90: testUsdImportSkeleton
[2023-02-02T16:56:40.982Z]      73/128 Test  #75: testUsdImportFrameRange .........................   Passed    4.51 sec
[2023-02-02T16:56:40.982Z]             Start  91: testUsdImportXforms
[2023-02-02T16:56:41.339Z]      74/128 Test  #76: testUsdImportFramerates .........................   Passed    4.50 sec
[2023-02-02T16:56:41.339Z]             Start  92: testUsdImportXformAnim
[2023-02-02T16:56:41.339Z]      75/128 Test  #78: testUsdImportLight ..............................   Passed    4.31 sec
[2023-02-02T16:56:41.339Z]             Start  93: testUsdMayaAdaptor
[2023-02-02T16:56:41.568Z]      76/128 Test  #77: testUsdImportInstances ..........................   Passed    4.60 sec
[2023-02-02T16:56:41.568Z]             Start  94: testUsdMayaAdaptorGeom
[2023-02-02T16:56:41.900Z]      77/128 Test  #80: testUsdImportMesh ...............................   Passed    4.58 sec
[2023-02-02T16:56:41.900Z]             Start  95: testUsdMayaAdaptorMetadata
[2023-02-02T16:56:42.158Z]      78/128 Test  #79: testUsdImportMayaReference ......................   Passed    5.05 sec
[2023-02-02T16:56:42.158Z]             Start  96: testUsdMayaAdaptorUndoRedo
[2023-02-02T16:56:42.311Z]      79/128 Test  #81: testUsdImportPointCache .........................   Passed    4.52 sec
[2023-02-02T16:56:42.311Z]             Start  97: testUsdExportUVTransforms
[2023-02-02T16:56:42.311Z]      80/128 Test  #82: testUsdImportPreviewSurface .....................   Passed    4.50 sec
[2023-02-02T16:56:42.311Z]             Start  98: testUsdExportUsdzPackage
[2023-02-02T16:56:42.546Z]      81/128 Test  #83: testUsdImportSessionLayer .......................   Passed    4.71 sec
[2023-02-02T16:56:42.546Z]             Start  99: testUsdExportRfMShaders
[2023-02-02T16:56:42.779Z]      82/128 Test  #85: testUsdImportShadingModePxrRis ..................   Passed    4.26 sec
[2023-02-02T16:56:42.779Z]             Start 100: testUsdImportRfMShaders
[2023-02-02T16:56:42.779Z]      83/128 Test  #84: testUsdImportShadingModeDisplayColor ............   Passed    4.47 sec
[2023-02-02T16:56:42.779Z]             Start 101: testUsdExportUVSets
[2023-02-02T16:56:43.136Z]      84/128 Test  #86: testUsdImportUVSetMappings ......................   Passed    4.31 sec
[2023-02-02T16:56:43.136Z]             Start 102: testUsdExportUVSetsFloat
[2023-02-02T16:56:44.023Z]      85/128 Test  #87: testUsdImportUSDZTextures .......................   Passed    4.88 sec
[2023-02-02T16:56:44.023Z]             Start 103: testUsdExportUVSetMappings
[2023-02-02T16:56:44.833Z]      86/128 Test  #88: testUsdExportImportRoundtripPreviewSurface ......   Passed    5.15 sec
[2023-02-02T16:56:44.833Z]             Start 104: testUsdImportUVSets
[2023-02-02T16:56:45.171Z]      87/128 Test  #90: testUsdImportSkeleton ...........................   Passed    4.73 sec
[2023-02-02T16:56:45.171Z]             Start 105: testUsdImportUVSetsFloat
[2023-02-02T16:56:45.620Z]      88/128 Test  #92: testUsdImportXformAnim ..........................   Passed    4.33 sec
[2023-02-02T16:56:45.620Z]             Start 106: testUsdImportChaser
[2023-02-02T16:56:45.620Z]      89/128 Test  #93: testUsdMayaAdaptor ..............................   Passed    4.32 sec
[2023-02-02T16:56:45.620Z]             Start 107: testUsdMayaListShadingModesCommand
[2023-02-02T16:56:45.620Z]      90/128 Test  #89: testUsdExportImportUDIM .........................   Passed    5.46 sec
[2023-02-02T16:56:45.620Z]             Start 108: testUsdImportExportSiteSpecificConfig
[2023-02-02T16:56:46.086Z]      91/128 Test  #94: testUsdMayaAdaptorGeom ..........................   Passed    4.54 sec
[2023-02-02T16:56:46.087Z]             Start 109: testUsdExportAssembly
[2023-02-02T16:56:46.537Z]      92/128 Test  #96: testUsdMayaAdaptorUndoRedo ......................   Passed    4.42 sec
[2023-02-02T16:56:46.537Z]             Start 110: testUsdExportAssemblyEdits
[2023-02-02T16:56:46.537Z]      93/128 Test  #95: testUsdMayaAdaptorMetadata ......................   Passed    4.66 sec
[2023-02-02T16:56:46.537Z]             Start 111: testUsdExportPackage
[2023-02-02T16:56:46.859Z]      94/128 Test  #99: testUsdExportRfMShaders .........................   Passed    4.32 sec
[2023-02-02T16:56:46.860Z]             Start 112: testUsdExportPointInstancer
[2023-02-02T16:56:46.860Z]      95/128 Test  #98: testUsdExportUsdzPackage ........................   Passed    4.67 sec
[2023-02-02T16:56:46.860Z]             Start 113: testUsdImportAsAssemblies
[2023-02-02T16:56:47.450Z]      96/128 Test  #97: testUsdExportUVTransforms .......................   Passed    5.17 sec
[2023-02-02T16:56:47.450Z]             Start 114: testUsdImportNestedAssemblyAnimation
[2023-02-02T16:56:47.567Z]      97/128 Test #100: testUsdImportRfMShaders .........................   Passed    4.84 sec
[2023-02-02T16:56:47.567Z]             Start 115: testUsdMayaGetVariantSetSelections
[2023-02-02T16:56:47.706Z]      98/128 Test #101: testUsdExportUVSets .............................   Passed    4.94 sec
[2023-02-02T16:56:47.707Z]             Start 116: testUsdMayaModelKindProcessor
[2023-02-02T16:56:47.847Z]      99/128 Test #102: testUsdExportUVSetsFloat ........................   Passed    4.77 sec
[2023-02-02T16:56:47.847Z]             Start 117: testUsdMayaReferenceAssemblyEdits
[2023-02-02T16:56:49.263Z]     100/128 Test #103: testUsdExportUVSetMappings ......................   Passed    5.26 sec
[2023-02-02T16:56:49.263Z]             Start 118: testUsdReferenceAssemblyChangeRepresentations
[2023-02-02T16:56:49.620Z]     101/128 Test #105: testUsdImportUVSetsFloat ........................   Passed    4.42 sec
[2023-02-02T16:56:49.620Z]             Start 119: testPxrUsdAlembicChaser
[2023-02-02T16:56:49.620Z]     102/128 Test #104: testUsdImportUVSets .............................   Passed    4.84 sec
[2023-02-02T16:56:49.620Z]             Start 120: AL_MayaUtilsTests
[2023-02-02T16:56:50.094Z]     103/128 Test #107: testUsdMayaListShadingModesCommand ..............   Passed    4.50 sec
[2023-02-02T16:56:50.094Z]             Start 121: GTest:AL_USDTransactionTests
[2023-02-02T16:56:50.291Z]     104/128 Test #106: testUsdImportChaser .............................   Passed    4.58 sec
[2023-02-02T16:56:50.291Z]             Start 122: Python:AL_USDTransactionTests
[2023-02-02T16:56:50.422Z]     105/128 Test #121: GTest:AL_USDTransactionTests ....................   Passed    0.22 sec
[2023-02-02T16:56:50.422Z]             Start 123: AL_USDMayaTestPlugin
[2023-02-02T16:56:50.555Z]     106/128 Test #108: testUsdImportExportSiteSpecificConfig ...........   Passed    4.82 sec
[2023-02-02T16:56:50.555Z]             Start 124: TestALUSDMayaPython_ProxyShape
[2023-02-02T16:56:51.229Z]     107/128 Test #122: Python:AL_USDTransactionTests ...................   Passed    0.99 sec
[2023-02-02T16:56:51.229Z]             Start 125: TestALUSDMayaPython_Translators
[2023-02-02T16:56:51.465Z]     108/128 Test #110: testUsdExportAssemblyEdits ......................   Passed    4.92 sec
[2023-02-02T16:56:51.465Z]             Start 126: TestALUSDMayaPython_LayerManager
[2023-02-02T16:56:51.696Z]     109/128 Test #109: testUsdExportAssembly ...........................   Passed    5.60 sec
[2023-02-02T16:56:51.696Z]             Start 127: TestALUSDMayaPython_ImportModule
[2023-02-02T16:56:51.809Z]     110/128 Test #113: testUsdImportAsAssemblies .......................   Passed    4.87 sec
[2023-02-02T16:56:51.809Z]             Start 128: testMayaSchemas
[2023-02-02T16:56:51.932Z]     111/128 Test #111: testUsdExportPackage ............................   Passed    5.36 sec
[2023-02-02T16:56:51.932Z]             Start 129: TestAdditionalTranslators
[2023-02-02T16:56:51.932Z]     112/128 Test #128: testMayaSchemas .................................   Passed    0.20 sec
[2023-02-02T16:56:51.932Z]             Start 130: TestPxrUsdTranslators
[2023-02-02T16:56:52.406Z]     113/128 Test #114: testUsdImportNestedAssemblyAnimation ............   Passed    5.01 sec
[2023-02-02T16:56:52.406Z]     114/128 Test #117: testUsdMayaReferenceAssemblyEdits ...............   Passed    4.59 sec
[2023-02-02T16:56:52.523Z]     115/128 Test #115: testUsdMayaGetVariantSetSelections ..............   Passed    4.89 sec
[2023-02-02T16:56:52.943Z]     116/128 Test #127: TestALUSDMayaPython_ImportModule ................   Passed    1.25 sec
[2023-02-02T16:56:53.158Z]     117/128 Test #116: testUsdMayaModelKindProcessor ...................   Passed    5.45 sec
[2023-02-02T16:56:53.274Z]     118/128 Test #120: AL_MayaUtilsTests ...............................   Passed    3.61 sec
[2023-02-02T16:56:54.501Z]     119/128 Test #119: testPxrUsdAlembicChaser .........................   Passed    4.84 sec
[2023-02-02T16:56:54.501Z]     120/128 Test #118: testUsdReferenceAssemblyChangeRepresentations ...   Passed    5.20 sec
[2023-02-02T16:56:54.816Z]     121/128 Test #124: TestALUSDMayaPython_ProxyShape ..................   Passed    4.31 sec
[2023-02-02T16:56:55.740Z]     122/128 Test #126: TestALUSDMayaPython_LayerManager ................   Passed    4.23 sec
[2023-02-02T16:56:55.853Z]     123/128 Test #125: TestALUSDMayaPython_Translators .................   Passed    4.63 sec
[2023-02-02T16:56:56.065Z]     124/128 Test #130: TestPxrUsdTranslators ...........................   Passed    4.05 sec
[2023-02-02T16:56:58.001Z]     125/128 Test #129: TestAdditionalTranslators .......................   Passed    6.01 sec
[2023-02-02T16:57:12.103Z]     126/128 Test #123: AL_USDMayaTestPlugin ............................   Passed   21.73 sec
[2023-02-02T16:57:17.384Z]     127/128 Test #112: testUsdExportPointInstancer .....................   Passed   30.55 sec
[2023-02-02T16:57:57.526Z]     128/128 Test  #91: testUsdImportXforms .............................   Passed   76.58 sec
[2023-02-02T16:57:57.526Z]     
[2023-02-02T16:57:57.526Z]     98% tests passed, 2 tests failed out of 127
[2023-02-02T16:57:57.526Z]     
[2023-02-02T16:57:57.526Z]     Label Time Summary:
[2023-02-02T16:57:57.526Z]     Debugging            =   0.00 sec*proc (1 test)
[2023-02-02T16:57:57.526Z]     MayaUsd              = 198.21 sec*proc (6 tests)
[2023-02-02T16:57:57.526Z]     translators          = 644.28 sec*proc (85 tests)
[2023-02-02T16:57:57.526Z]     usdPreviewSurface    =  66.55 sec*proc (2 tests)
[2023-02-02T16:57:57.526Z]     
[2023-02-02T16:57:57.526Z]     Total Test time (real) = 128.20 sec
[2023-02-02T16:57:57.526Z]     
[2023-02-02T16:57:57.526Z]     The following tests did not run:
[2023-02-02T16:57:57.526Z]     	  8 - _Interactive_Maya (Disabled)
[2023-02-02T16:57:57.526Z]     
[2023-02-02T16:57:57.526Z]     The following tests FAILED:
[2023-02-02T16:57:57.526Z]     	  2 - testMayaUsdCreateStageCommands (Failed)
[2023-02-02T16:57:57.526Z]     	  4 - testMayaUsdLayerEditorCommands (Failed)
[2023-02-02T16:57:57.526Z]     Errors while running CTest
[2023-02-02T16:57:57.526Z]     
[2023-02-02T16:57:57.526Z]         Building with settings:
[2023-02-02T16:57:57.526Z]           Source directory          S:\jenkins\workspace\ECP\ecg-maya-usd\ecg-mayausd-branch-preflight-2019-no-ufe-windows\ecg-maya-usd\maya-usd
[2023-02-02T16:57:57.526Z]           Workspace directory       W:\
[2023-02-02T16:57:57.526Z]           Build directory           W:\build\RelWithDebInfo
[2023-02-02T16:57:57.526Z]           Install directory         W:\install\RelWithDebInfo\MayaUSD
[2023-02-02T16:57:57.526Z]           Variant                   RelWithDebInfo
[2023-02-02T16:57:57.526Z]           Python Debug              Off
[2023-02-02T16:57:57.526Z]           CMake generator           Ninja
[2023-02-02T16:57:57.526Z]           Build arguments           ['-DCMAKE_MAKE_PROGRAM=P:/shared/Artifactory/Windows/ninja/1.9.0/c68f192/ninja.exe', '-DPYTHON_INCLUDE_DIR=P:/shared/Artifactory/Windows/rundev-2019/202003131251/runtime/155eb96/runTime/include/Python2.7', '-DPython_EXECUTABLE=P:/shared/Artifactory/Windows/rundev-2019/202003131251/runtime/155eb96/runTime/bin/mayapy.exe', '-DPYTHON_LIBRARIES=P:/shared/Artifactory/Windows/rundev-2019/202003131251/runtime/155eb96/runTime/lib/python27.lib', '-DCMAKE_WANT_UFE_BUILD=OFF', '-DUSD_LIB_PREFIX=', '-DCMAKE_WANT_MATERIALX_BUILD=ON', '-DCMAKE_PREFIX_PATH=P:\\shared\\Artifactory\\Windows\\USD\\cfb3d8a']
[2023-02-02T16:57:57.526Z]           Stages arguments          ['test']
[2023-02-02T16:57:57.526Z]           CTest arguments           ['-E testUsdReferenceAssemblySelection|testUsdMayaAppDir', '-LE interactive', '--parallel 16']
[2023-02-02T16:57:57.526Z]     #####################################################################################
[2023-02-02T16:57:57.526Z]     log date: 2023-02-02 08:55
[2023-02-02T16:57:57.526Z]     commit sha: 08dfa89baecca7e55a32e343924a2e47bb3442d7
[2023-02-02T16:57:57.526Z]     commit date: Thu Feb 2 11:02:38 2023 -0500
[2023-02-02T16:57:57.526Z]     #####################################################################################
[2023-02-02T16:57:57.526Z]     
[2023-02-02T16:57:57.526Z]     cmake --build . --config RelWithDebInfo --target install -- -j16
[2023-02-02T16:57:57.526Z]     #####################################################################################
[2023-02-02T16:57:57.526Z]     log date: 2023-02-02 08:55
[2023-02-02T16:57:57.526Z]     commit sha: 08dfa89baecca7e55a32e343924a2e47bb3442d7
[2023-02-02T16:57:57.526Z]     commit date: Thu Feb 2 11:02:38 2023 -0500
[2023-02-02T16:57:57.526Z]     #####################################################################################
[2023-02-02T16:57:57.526Z]     
[2023-02-02T16:57:57.526Z]     ctest --output-on-failure --timeout 500 -C RelWithDebInfo -E testUsdReferenceAssemblySelection|testUsdMayaAppDir -LE interactive --parallel 16
[2023-02-02T16:57:57.526Z]     
[2023-02-02T16:57:57.526Z]     Traceback (most recent call last):
[2023-02-02T16:57:57.526Z]       File "S:\jenkins\workspace\ECP\ecg-maya-usd\ecg-mayausd-branch-preflight-2019-no-ufe-windows\ecg-maya-usd\maya-usd\build.py", line 628, in <module>
[2023-02-02T16:57:57.526Z]         RunTests(context, context.ctestArgs)
[2023-02-02T16:57:57.526Z]       File "S:\jenkins\workspace\ECP\ecg-maya-usd\ecg-mayausd-branch-preflight-2019-no-ufe-windows\ecg-maya-usd\maya-usd\build.py", line 411, in RunTests
[2023-02-02T16:57:57.526Z]         RunCTest(context,extraArgs)
[2023-02-02T16:57:57.526Z]       File "S:\jenkins\workspace\ECP\ecg-maya-usd\ecg-mayausd-branch-preflight-2019-no-ufe-windows\ecg-maya-usd\maya-usd\build.py", line 322, in RunCTest
[2023-02-02T16:57:57.526Z]         extraArgs=(" ".join(extraArgs) if extraArgs else "")))
[2023-02-02T16:57:57.526Z]       File "S:\jenkins\workspace\ECP\ecg-maya-usd\ecg-mayausd-branch-preflight-2019-no-ufe-windows\ecg-maya-usd\maya-usd\build.py", line 179, in Run
[2023-02-02T16:57:57.526Z]         .format(cmd=cmd, log=os.path.abspath(context.logFileLocation)))
[2023-02-02T16:57:57.526Z]     RuntimeError: Failed to run 'ctest --output-on-failure --timeout 500 -C RelWithDebInfo -E testUsdReferenceAssemblySelection|testUsdMayaAppDir -LE interactive --parallel 16 '
[2023-02-02T16:57:57.526Z]     See W:\build\RelWithDebInfo\build_log.txt for more details.
[2023-02-02T16:57:57.526Z] build.py: error: Command failed with error code: 1
[Pipeline] bat
[2023-02-02T16:57:57.807Z] Deleting alias drive W:
[Pipeline] bat
[2023-02-02T16:57:58.190Z] Deleting alias drive P:
[Pipeline] }
[Pipeline] // withEnv
[Pipeline] }
[Pipeline] // timeout
[Pipeline] }
[Pipeline] // stage
[Pipeline] }
[Pipeline] // timestamps
[Pipeline] emailextrecipients
Not sending mail to unregistered user ecg.jenkins@autodesk.com because your SCM claimed this was associated with a user ID ecg.jenkins' which your security realm does not recognize; you may need changes in your SCM plugin
Not sending mail to unregistered user ecg.jenkins@autodesk.com because your SCM claimed this was associated with a user ID ecg.jenkins' which your security realm does not recognize; you may need changes in your SCM plugin
[Pipeline] echo
No recipients to send notification.
[Pipeline] }
[Pipeline] // node
[Pipeline] End of Pipeline
ERROR: script returned exit code 1
[Checks API] No suitable checks publisher found.
Finished: FAILURE
