[2023-02-02T19:00:59.413Z] ================================================================================
[2023-02-02T19:00:59.413Z]                              setup (RelWithDebInfo)
[2023-02-02T19:00:59.413Z] ================================================================================
[Pipeline] bat
[2023-02-02T19:00:59.789Z] Deleting alias drive W:
[Pipeline] bat
[2023-02-02T19:01:00.342Z] Deleting alias drive P:
[Pipeline] }
[Pipeline] // withEnv
[Pipeline] }
[Pipeline] // timeout
[Pipeline] }
[Pipeline] // stage
[Pipeline] }
[Pipeline] // timestamps
[Pipeline] timestamps
[Pipeline] {
[Pipeline] stage
[Pipeline] { (Clean)
[Pipeline] timeout
[2023-02-02T19:01:00.671Z] Timeout set to expire in 6 hr 0 min
[Pipeline] {
[Pipeline] withEnv
[Pipeline] {
[Pipeline] bat
[2023-02-02T19:01:01.353Z] Creating alias drive P: to S:\jenkins\workspace
[Pipeline] bat
[2023-02-02T19:01:02.163Z] Creating alias drive W: to S:\jenkins\workspace\ECP\ecg-maya-usd\ecg-mayausd-branch-preflight-2019-no-ufe-windows
[Pipeline] bat
[2023-02-02T19:01:03.851Z] "C:\Program Files (x86)\Microsoft Visual Studio\2017\Professional\VC\Auxiliary\Build\vcvarsall.bat" x64
[2023-02-02T19:01:03.954Z] **********************************************************************
[2023-02-02T19:01:03.954Z] ** Visual Studio 2017 Developer Command Prompt v15.9.15
[2023-02-02T19:01:03.954Z] ** Copyright (c) 2017 Microsoft Corporation
[2023-02-02T19:01:03.954Z] **********************************************************************
[2023-02-02T19:01:04.872Z] [vcvarsall.bat] Environment initialized for: 'x64'
[2023-02-02T19:01:04.872Z] python ecg-maya-usd/build.py --stages=clean --workspace-dir=W:\ --artifactory-dir=P:\shared\Artifactory --build-dir=W:\build --install-dir=W:\install --signing-dir=W:\signing --package-dir=W:\package --output-dir=W:\output --stash-dir=W:\stash --jenkins-build=652 --git-commit=f16140ee2a8305b269f02e01f806477c7f1eb6dd --git-branch=master --variants=RelWithDebInfo --python=2.7 --ufe=false --pxrusd-version=0.21.05-gold --post-zips=false --maya-cut-config=maya-rundev-2019.yaml --maya-package=rundev-2019 --stage-banner
[2023-02-02T19:01:05.804Z] Using Maya cut from P:\shared\Artifactory\Windows\rundev-2019\202003131251\runtime\155eb96
[2023-02-02T19:01:05.804Z] 
[2023-02-02T19:01:05.804Z] ================================================================================
[2023-02-02T19:01:05.804Z]                              clean (RelWithDebInfo)
[2023-02-02T19:01:05.804Z] ================================================================================
[2023-02-02T19:01:05.804Z] Maya Python RelWithDebInfo Info:
[2023-02-02T19:01:05.804Z]   mayapy executable   = P:\shared\Artifactory\Windows\rundev-2019\202003131251\runtime\155eb96\runTime\bin\mayapy.exe
[2023-02-02T19:01:05.804Z]   Include Folder      = P:\shared\Artifactory\Windows\rundev-2019\202003131251\runtime\155eb96\runTime\include\Python2.7
[2023-02-02T19:01:05.804Z]   Library             = P:\shared\Artifactory\Windows\rundev-2019\202003131251\runtime\155eb96\runTime\lib\python27.lib
[2023-02-02T19:01:05.804Z]   site-package Folder = P:\shared\Artifactory\Windows\rundev-2019\202003131251\runtime\155eb96\runTime\Python\Lib\site-packages
[2023-02-02T19:01:10.582Z] In workdir: S:\jenkins\workspace\ECP\ecg-maya-usd\ecg-mayausd-branch-preflight-2019-no-ufe-windows\ecg-maya-usd\maya-usd
[2023-02-02T19:01:10.582Z] Executing: 'P:\\shared\\Artifactory\\Windows\\rundev-2019\\202003131251\\runtime\\155eb96\\runTime\\bin\\mayapy.exe' 'S:\\jenkins\\workspace\\ECP\\ecg-maya-usd\\ecg-mayausd-branch-preflight-2019-no-ufe-windows\\ecg-maya-usd\\maya-usd\\build.py' --generator Ninja --build-relwithdebug --maya-location 'P:\\shared\\Artifactory\\Windows\\rundev-2019\\202003131251\\runtime\\155eb96\\runTime' --devkit-location 'P:\\shared\\Artifactory\\Windows\\rundev-2019\\202003131251\\runtime\\155eb96\\devkitBase' --pxrusd-location 'P:\\shared\\Artifactory\\Windows\\USD\\cfb3d8a' --qt-location 'P:\\shared\\Artifactory\\Windows\\qt\\5.6.1\\1acd0ba' '--build-args=-DCMAKE_MAKE_PROGRAM=P:/shared/Artifactory/Windows/ninja/1.9.0/c68f192/ninja.exe,-DPYTHON_INCLUDE_DIR=P:/shared/Artifactory/Windows/rundev-2019/202003131251/runtime/155eb96/runTime/include/Python2.7,-DPython_EXECUTABLE=P:/shared/Artifactory/Windows/rundev-2019/202003131251/runtime/155eb96/runTime/bin/mayapy.exe,-DPYTHON_LIBRARIES=P:/shared/Artifactory/Windows/rundev-2019/202003131251/runtime/155eb96/runTime/lib/python27.lib,-DCMAKE_WANT_UFE_BUILD=OFF,-DUSD_LIB_PREFIX=,-DCMAKE_WANT_MATERIALX_BUILD=ON,-DCMAKE_PREFIX_PATH=P:\\shared\\Artifactory\\Windows\\USD\\cfb3d8a' '--ctest-args=-E testUsdReferenceAssemblySelection|testUsdMayaAppDir,-LE interactive,--parallel 16' --stages=clean --redirect-outstream-file=False --install-location 'W:\\install\\RelWithDebInfo\\MayaUSD' 'W:\\'
[2023-02-02T19:01:10.582Z] Modified environment variables:
[2023-02-02T19:01:10.582Z]     PATH=P:\shared\Artifactory\Windows\cmake\3.20.3\afe857a\bin;C:\Python27\lib\site-packages\pywin32_system32;C:\Program Files (x86)\Microsoft Visual Studio\2017\Professional\VC\Tools\MSVC\14.16.27023\bin\HostX64\x64;C:\Program Files (x86)\Microsoft Visual Studio\2017\Professional\Common7\IDE\VC\VCPackages;C:\Program Files (x86)\Microsoft Visual Studio\2017\Professional\Common7\IDE\CommonExtensions\Microsoft\TestWindow;C:\Program Files (x86)\Microsoft Visual Studio\2017\Professional\Common7\IDE\CommonExtensions\Microsoft\TeamFoundation\Team Explorer;C:\Program Files (x86)\Microsoft Visual Studio\2017\Professional\MSBuild\15.0\bin\Roslyn;C:\Program Files (x86)\Microsoft Visual Studio\2017\Professional\Team Tools\Performance Tools\x64;C:\Program Files (x86)\Microsoft Visual Studio\2017\Professional\Team Tools\Performance Tools;C:\Program Files (x86)\Microsoft Visual Studio\Shared\Common\VSPerfCollectionTools\\x64;C:\Program Files (x86)\Microsoft Visual Studio\Shared\Common\VSPerfCollectionTools\;C:\Program Files (x86)\Microsoft SDKs\Windows\v10.0A\bin\NETFX 4.6.1 Tools\x64\;C:\Program Files (x86)\HTML Help Workshop;C:\Program Files (x86)\Windows Kits\10\bin\10.0.18362.0\x64;C:\Program Files (x86)\Windows Kits\10\bin\x64;C:\Program Files (x86)\Microsoft Visual Studio\2017\Professional\\MSBuild\15.0\bin;C:\WINDOWS\Microsoft.NET\Framework64\v4.0.30319;C:\Program Files (x86)\Microsoft Visual Studio\2017\Professional\Common7\IDE\;C:\Program Files (x86)\Microsoft Visual Studio\2017\Professional\Common7\Tools\;C:\Python27\;C:\Python27\Scripts;C:\WINDOWS\system32;C:\WINDOWS;C:\WINDOWS\System32\Wbem;C:\WINDOWS\System32\WindowsPowerShell\v1.0\;C:\WINDOWS\System32\OpenSSH\;C:\ProgramData\chocolatey\bin;C:\Program Files (x86)\WiX Toolset v3.7\bin;C:\Program Files\dotnet\;C:\Program Files (x86)\Windows Kits\10\bin\10.0.18362.0\x64;C:\Program Files\Zulu\zulu-11\bin\;C:\Program Files (x86)\Windows Kits\10\bin\10.0.17763.0\x64;C:\Program Files (x86)\Windows Kits\10\bin\x64;C:\Program Files\Git\cmd;C:\Program Files\Git\usr\bin;C:\Program Files\Git\mingw64\bin;C:\Program Files\Git\bin;C:\Python38\;C:\Python38\Scripts;C:\StoreBoxClientWindows;C:\Program Files\Electric Cloud\ElectricCommander\bin;C:\Program Files\WinRAR;C:\Program Files\7-Zip;C:\Users\Administrator\AppData\Local\Microsoft\WindowsApps;C:\Program Files (x86)\Microsoft Visual Studio\2017\Professional\Common7\IDE\CommonExtensions\Microsoft\CMake\CMake\bin;C:\Program Files (x86)\Microsoft Visual Studio\2017\Professional\Common7\IDE\CommonExtensions\Microsoft\CMake\Ninja
[2023-02-02T19:01:10.784Z]     
[2023-02-02T19:01:10.784Z]         Building with settings:
[2023-02-02T19:01:10.784Z]           Source directory          S:\jenkins\workspace\ECP\ecg-maya-usd\ecg-mayausd-branch-preflight-2019-no-ufe-windows\ecg-maya-usd\maya-usd
[2023-02-02T19:01:10.784Z]           Workspace directory       W:\
[2023-02-02T19:01:10.784Z]           Build directory           W:\build\RelWithDebInfo
[2023-02-02T19:01:10.784Z]           Install directory         W:\install\RelWithDebInfo\MayaUSD
[2023-02-02T19:01:10.784Z]           Variant                   RelWithDebInfo
[2023-02-02T19:01:10.784Z]           Python Debug              Off
[2023-02-02T19:01:10.784Z]           CMake generator           Ninja
[2023-02-02T19:01:10.784Z]           Build arguments           ['-DCMAKE_MAKE_PROGRAM=P:/shared/Artifactory/Windows/ninja/1.9.0/c68f192/ninja.exe', '-DPYTHON_INCLUDE_DIR=P:/shared/Artifactory/Windows/rundev-2019/202003131251/runtime/155eb96/runTime/include/Python2.7', '-DPython_EXECUTABLE=P:/shared/Artifactory/Windows/rundev-2019/202003131251/runtime/155eb96/runTime/bin/mayapy.exe', '-DPYTHON_LIBRARIES=P:/shared/Artifactory/Windows/rundev-2019/202003131251/runtime/155eb96/runTime/lib/python27.lib', '-DCMAKE_WANT_UFE_BUILD=OFF', '-DUSD_LIB_PREFIX=', '-DCMAKE_WANT_MATERIALX_BUILD=ON', '-DCMAKE_PREFIX_PATH=P:\\shared\\Artifactory\\Windows\\USD\\cfb3d8a']
[2023-02-02T19:01:10.784Z]           Stages arguments          ['clean']
[2023-02-02T19:01:10.784Z]           CTest arguments           ['-E testUsdReferenceAssemblySelection|testUsdMayaAppDir', '-LE interactive', '--parallel 16']
[2023-02-02T19:01:10.784Z]     Success MayaUSD build and install !!!!
[2023-02-02T19:01:10.784Z]     Elapsed time: 00:00:00
[Pipeline] bat
[2023-02-02T19:01:11.059Z] Deleting alias drive W:
[Pipeline] bat
[2023-02-02T19:01:11.351Z] Deleting alias drive P:
[Pipeline] }
[Pipeline] // withEnv
[Pipeline] }
[Pipeline] // timeout
[Pipeline] }
[Pipeline] // stage
[Pipeline] }
[Pipeline] // timestamps
[Pipeline] timestamps
[Pipeline] {
[Pipeline] stage
[Pipeline] { (Configure)
[Pipeline] timeout
[2023-02-02T19:01:11.600Z] Timeout set to expire in 6 hr 0 min
[Pipeline] {
[Pipeline] withEnv
[Pipeline] {
[Pipeline] bat
[2023-02-02T19:01:11.898Z] Creating alias drive P: to S:\jenkins\workspace
[Pipeline] bat
[2023-02-02T19:01:12.193Z] Creating alias drive W: to S:\jenkins\workspace\ECP\ecg-maya-usd\ecg-mayausd-branch-preflight-2019-no-ufe-windows
[Pipeline] bat
[2023-02-02T19:01:12.723Z] "C:\Program Files (x86)\Microsoft Visual Studio\2017\Professional\VC\Auxiliary\Build\vcvarsall.bat" x64
[2023-02-02T19:01:12.826Z] **********************************************************************
[2023-02-02T19:01:12.826Z] ** Visual Studio 2017 Developer Command Prompt v15.9.15
[2023-02-02T19:01:12.826Z] ** Copyright (c) 2017 Microsoft Corporation
[2023-02-02T19:01:12.826Z] **********************************************************************
[2023-02-02T19:01:13.743Z] [vcvarsall.bat] Environment initialized for: 'x64'
[2023-02-02T19:01:13.743Z] python ecg-maya-usd/build.py --stages=configure --workspace-dir=W:\ --artifactory-dir=P:\shared\Artifactory --build-dir=W:\build --install-dir=W:\install --signing-dir=W:\signing --package-dir=W:\package --output-dir=W:\output --stash-dir=W:\stash --jenkins-build=652 --git-commit=f16140ee2a8305b269f02e01f806477c7f1eb6dd --git-branch=master --variants=RelWithDebInfo --python=2.7 --ufe=false --pxrusd-version=0.21.05-gold --post-zips=false --maya-cut-config=maya-rundev-2019.yaml --maya-package=rundev-2019 --stage-banner
[2023-02-02T19:01:14.763Z] Using Maya cut from P:\shared\Artifactory\Windows\rundev-2019\202003131251\runtime\155eb96
[2023-02-02T19:01:14.763Z] 
[2023-02-02T19:01:14.763Z] ================================================================================
[2023-02-02T19:01:14.763Z]                            configure (RelWithDebInfo)
[2023-02-02T19:01:14.763Z] ================================================================================
[2023-02-02T19:01:14.763Z] Maya Python RelWithDebInfo Info:
[2023-02-02T19:01:14.763Z]   mayapy executable   = P:\shared\Artifactory\Windows\rundev-2019\202003131251\runtime\155eb96\runTime\bin\mayapy.exe
[2023-02-02T19:01:14.763Z]   Include Folder      = P:\shared\Artifactory\Windows\rundev-2019\202003131251\runtime\155eb96\runTime\include\Python2.7
[2023-02-02T19:01:14.763Z]   Library             = P:\shared\Artifactory\Windows\rundev-2019\202003131251\runtime\155eb96\runTime\lib\python27.lib
[2023-02-02T19:01:14.763Z]   site-package Folder = P:\shared\Artifactory\Windows\rundev-2019\202003131251\runtime\155eb96\runTime\Python\Lib\site-packages
[2023-02-02T19:01:15.481Z] In workdir: S:\jenkins\workspace\ECP\ecg-maya-usd\ecg-mayausd-branch-preflight-2019-no-ufe-windows\ecg-maya-usd\maya-usd
[2023-02-02T19:01:15.481Z] Executing: 'P:\\shared\\Artifactory\\Windows\\rundev-2019\\202003131251\\runtime\\155eb96\\runTime\\bin\\mayapy.exe' 'S:\\jenkins\\workspace\\ECP\\ecg-maya-usd\\ecg-mayausd-branch-preflight-2019-no-ufe-windows\\ecg-maya-usd\\maya-usd\\build.py' --generator Ninja --build-relwithdebug --maya-location 'P:\\shared\\Artifactory\\Windows\\rundev-2019\\202003131251\\runtime\\155eb96\\runTime' --devkit-location 'P:\\shared\\Artifactory\\Windows\\rundev-2019\\202003131251\\runtime\\155eb96\\devkitBase' --pxrusd-location 'P:\\shared\\Artifactory\\Windows\\USD\\cfb3d8a' --qt-location 'P:\\shared\\Artifactory\\Windows\\qt\\5.6.1\\1acd0ba' '--build-args=-DCMAKE_MAKE_PROGRAM=P:/shared/Artifactory/Windows/ninja/1.9.0/c68f192/ninja.exe,-DPYTHON_INCLUDE_DIR=P:/shared/Artifactory/Windows/rundev-2019/202003131251/runtime/155eb96/runTime/include/Python2.7,-DPython_EXECUTABLE=P:/shared/Artifactory/Windows/rundev-2019/202003131251/runtime/155eb96/runTime/bin/mayapy.exe,-DPYTHON_LIBRARIES=P:/shared/Artifactory/Windows/rundev-2019/202003131251/runtime/155eb96/runTime/lib/python27.lib,-DCMAKE_WANT_UFE_BUILD=OFF,-DUSD_LIB_PREFIX=,-DCMAKE_WANT_MATERIALX_BUILD=ON,-DCMAKE_PREFIX_PATH=P:\\shared\\Artifactory\\Windows\\USD\\cfb3d8a' '--ctest-args=-E testUsdReferenceAssemblySelection|testUsdMayaAppDir,-LE interactive,--parallel 16' --stages=configure --redirect-outstream-file=False --install-location 'W:\\install\\RelWithDebInfo\\MayaUSD' 'W:\\'
[2023-02-02T19:01:15.481Z] Modified environment variables:
[2023-02-02T19:01:15.481Z]     PATH=P:\shared\Artifactory\Windows\cmake\3.20.3\afe857a\bin;C:\Python27\lib\site-packages\pywin32_system32;C:\Program Files (x86)\Microsoft Visual Studio\2017\Professional\VC\Tools\MSVC\14.16.27023\bin\HostX64\x64;C:\Program Files (x86)\Microsoft Visual Studio\2017\Professional\Common7\IDE\VC\VCPackages;C:\Program Files (x86)\Microsoft Visual Studio\2017\Professional\Common7\IDE\CommonExtensions\Microsoft\TestWindow;C:\Program Files (x86)\Microsoft Visual Studio\2017\Professional\Common7\IDE\CommonExtensions\Microsoft\TeamFoundation\Team Explorer;C:\Program Files (x86)\Microsoft Visual Studio\2017\Professional\MSBuild\15.0\bin\Roslyn;C:\Program Files (x86)\Microsoft Visual Studio\2017\Professional\Team Tools\Performance Tools\x64;C:\Program Files (x86)\Microsoft Visual Studio\2017\Professional\Team Tools\Performance Tools;C:\Program Files (x86)\Microsoft Visual Studio\Shared\Common\VSPerfCollectionTools\\x64;C:\Program Files (x86)\Microsoft Visual Studio\Shared\Common\VSPerfCollectionTools\;C:\Program Files (x86)\Microsoft SDKs\Windows\v10.0A\bin\NETFX 4.6.1 Tools\x64\;C:\Program Files (x86)\HTML Help Workshop;C:\Program Files (x86)\Windows Kits\10\bin\10.0.18362.0\x64;C:\Program Files (x86)\Windows Kits\10\bin\x64;C:\Program Files (x86)\Microsoft Visual Studio\2017\Professional\\MSBuild\15.0\bin;C:\WINDOWS\Microsoft.NET\Framework64\v4.0.30319;C:\Program Files (x86)\Microsoft Visual Studio\2017\Professional\Common7\IDE\;C:\Program Files (x86)\Microsoft Visual Studio\2017\Professional\Common7\Tools\;C:\Python27\;C:\Python27\Scripts;C:\WINDOWS\system32;C:\WINDOWS;C:\WINDOWS\System32\Wbem;C:\WINDOWS\System32\WindowsPowerShell\v1.0\;C:\WINDOWS\System32\OpenSSH\;C:\ProgramData\chocolatey\bin;C:\Program Files (x86)\WiX Toolset v3.7\bin;C:\Program Files\dotnet\;C:\Program Files (x86)\Windows Kits\10\bin\10.0.18362.0\x64;C:\Program Files\Zulu\zulu-11\bin\;C:\Program Files (x86)\Windows Kits\10\bin\10.0.17763.0\x64;C:\Program Files (x86)\Windows Kits\10\bin\x64;C:\Program Files\Git\cmd;C:\Program Files\Git\usr\bin;C:\Program Files\Git\mingw64\bin;C:\Program Files\Git\bin;C:\Python38\;C:\Python38\Scripts;C:\StoreBoxClientWindows;C:\Program Files\Electric Cloud\ElectricCommander\bin;C:\Program Files\WinRAR;C:\Program Files\7-Zip;C:\Users\Administrator\AppData\Local\Microsoft\WindowsApps;C:\Program Files (x86)\Microsoft Visual Studio\2017\Professional\Common7\IDE\CommonExtensions\Microsoft\CMake\CMake\bin;C:\Program Files (x86)\Microsoft Visual Studio\2017\Professional\Common7\IDE\CommonExtensions\Microsoft\CMake\Ninja
[2023-02-02T19:01:16.500Z]     -- The C compiler identification is MSVC 19.16.27032.1
[2023-02-02T19:01:16.712Z]     -- The CXX compiler identification is MSVC 19.16.27032.1
[2023-02-02T19:01:16.712Z]     -- Detecting C compiler ABI info
[2023-02-02T19:01:17.631Z]     -- Detecting C compiler ABI info - done
[2023-02-02T19:01:17.739Z]     -- Check for working C compiler: C:/Program Files (x86)/Microsoft Visual Studio/2017/Professional/VC/Tools/MSVC/14.16.27023/bin/Hostx64/x64/cl.exe - skipped
[2023-02-02T19:01:17.739Z]     -- Detecting C compile features
[2023-02-02T19:01:17.739Z]     -- Detecting C compile features - done
[2023-02-02T19:01:17.739Z]     -- Detecting CXX compiler ABI info
[2023-02-02T19:01:18.253Z]     -- Detecting CXX compiler ABI info - done
[2023-02-02T19:01:18.253Z]     -- Check for working CXX compiler: C:/Program Files (x86)/Microsoft Visual Studio/2017/Professional/VC/Tools/MSVC/14.16.27023/bin/Hostx64/x64/cl.exe - skipped
[2023-02-02T19:01:18.253Z]     -- Detecting CXX compile features
[2023-02-02T19:01:18.253Z]     -- Detecting CXX compile features - done
[2023-02-02T19:01:18.463Z]     -- Using Maya Light API Version 1
[2023-02-02T19:01:18.463Z]     -- Found Maya: P:/shared/Artifactory/Windows/rundev-2019/202003131251/runtime/155eb96/runTime/bin/maya.exe (found suitable version "2019", minimum required is "2018")
[2023-02-02T19:01:18.978Z]     -- Found Python: P:/shared/Artifactory/Windows/rundev-2019/202003131251/runtime/155eb96/runTime/bin/mayapy.exe (found suitable exact version "2.7.11") found components: Interpreter
[2023-02-02T19:01:18.978Z]     -- Build MayaUSD with Python3 = OFF
[2023-02-02T19:01:18.978Z]     --    PYTHON_INCLUDE_DIRS = P:/shared/Artifactory/Windows/rundev-2019/202003131251/runtime/155eb96/runTime/include/Python2.7
[2023-02-02T19:01:18.978Z]     --    PYTHON_LIBRARIES    = P:/shared/Artifactory/Windows/rundev-2019/202003131251/runtime/155eb96/runTime/lib/python27.lib
[2023-02-02T19:01:18.978Z]     --    Python_EXECUTABLE   = P:/shared/Artifactory/Windows/rundev-2019/202003131251/runtime/155eb96/runTime/bin/mayapy.exe
[2023-02-02T19:01:19.795Z]     -- USD include dir: P:/shared/Artifactory/Windows/USD/cfb3d8a/include
[2023-02-02T19:01:19.795Z]     -- USD library dir: P:/shared/Artifactory/Windows/USD/cfb3d8a/lib
[2023-02-02T19:01:19.795Z]     -- USD version: 0.21.05
[2023-02-02T19:01:19.795Z]     -- USD Boost::boost version: 107000
[2023-02-02T19:01:19.795Z]     -- Found USD: P:/shared/Artifactory/Windows/USD/cfb3d8a (found suitable version "0.21.05", minimum required is "0.20.05")
[2023-02-02T19:01:19.795Z]     CMake Warning at CMakeLists.txt:125 (message):
[2023-02-02T19:01:19.795Z]       Disabling MaterialX VP2 rendering: it is not supported by this USD package.
[2023-02-02T19:01:19.795Z]     
[2023-02-02T19:01:19.795Z]     
[2023-02-02T19:01:19.795Z]     Updated PYTHONPATH: P:\shared\Artifactory\Windows\USD\cfb3d8a\lib\python
[2023-02-02T19:01:19.795Z]     Updated PATH: P:\shared\Artifactory\Windows\rundev-2019\202003131251\runtime\155eb96\runTime\bin;P:\shared\Artifactory\Windows\cmake\3.20.3\afe857a\bin;C:\Python27\lib\site-packages\pywin32_system32;C:\Program Files (x86)\Microsoft Visual Studio\2017\Professional\VC\Tools\MSVC\14.16.27023\bin\HostX64\x64;C:\Program Files (x86)\Microsoft Visual Studio\2017\Professional\Common7\IDE\VC\VCPackages;C:\Program Files (x86)\Microsoft Visual Studio\2017\Professional\Common7\IDE\CommonExtensions\Microsoft\TestWindow;C:\Program Files (x86)\Microsoft Visual Studio\2017\Professional\Common7\IDE\CommonExtensions\Microsoft\TeamFoundation\Team Explorer;C:\Program Files (x86)\Microsoft Visual Studio\2017\Professional\MSBuild\15.0\bin\Roslyn;C:\Program Files (x86)\Microsoft Visual Studio\2017\Professional\Team Tools\Performance Tools\x64;C:\Program Files (x86)\Microsoft Visual Studio\2017\Professional\Team Tools\Performance Tools;C:\Program Files (x86)\Microsoft Visual Studio\Shared\Common\VSPerfCollectionTools\\x64;C:\Program Files (x86)\Microsoft Visual Studio\Shared\Common\VSPerfCollectionTools\;C:\Program Files (x86)\Microsoft SDKs\Windows\v10.0A\bin\NETFX 4.6.1 Tools\x64\;C:\Program Files (x86)\HTML Help Workshop;C:\Program Files (x86)\Windows Kits\10\bin\10.0.18362.0\x64;C:\Program Files (x86)\Windows Kits\10\bin\x64;C:\Program Files (x86)\Microsoft Visual Studio\2017\Professional\\MSBuild\15.0\bin;C:\WINDOWS\Microsoft.NET\Framework64\v4.0.30319;C:\Program Files (x86)\Microsoft Visual Studio\2017\Professional\Common7\IDE\;C:\Program Files (x86)\Microsoft Visual Studio\2017\Professional\Common7\Tools\;C:\Python27\;C:\Python27\Scripts;C:\WINDOWS\system32;C:\WINDOWS;C:\WINDOWS\System32\Wbem;C:\WINDOWS\System32\WindowsPowerShell\v1.0\;C:\WINDOWS\System32\OpenSSH\;C:\ProgramData\chocolatey\bin;C:\Program Files (x86)\WiX Toolset v3.7\bin;C:\Program Files\dotnet\;C:\Program Files (x86)\Windows Kits\10\bin\10.0.18362.0\x64;C:\Program Files\Zulu\zulu-11\bin\;C:\Program Files (x86)\Windows Kits\10\bin\10.0.17763.0\x64;C:\Program Files (x86)\Windows Kits\10\bin\x64;C:\Program Files\Git\cmd;C:\Program Files\Git\usr\bin;C:\Program Files\Git\mingw64\bin;C:\Program Files\Git\bin;C:\Python38\;C:\Python38\Scripts;C:\StoreBoxClientWindows;C:\Program Files\Electric Cloud\ElectricCommander\bin;C:\Program Files\WinRAR;C:\Program Files\7-Zip;C:\Users\Administrator\AppData\Local\Microsoft\WindowsApps;C:\Program Files (x86)\Microsoft Visual Studio\2017\Professional\Common7\IDE\CommonExtensions\Microsoft\CMake\CMake\bin;C:\Program Files (x86)\Microsoft Visual Studio\2017\Professional\Common7\IDE\CommonExtensions\Microsoft\CMake\Ninja;P:\shared\Artifactory\Windows\USD\cfb3d8a\bin;P:\shared\Artifactory\Windows\USD\cfb3d8a\lib
[2023-02-02T19:01:20.009Z]     -- Building with Qt features enabled.
[2023-02-02T19:01:20.009Z]     -- **** Building Gulrak From Github Repository.
[2023-02-02T19:01:20.009Z]     -- Populating gulrak
[2023-02-02T19:01:20.223Z]     -- Configuring done
[2023-02-02T19:01:20.223Z]     -- Generating done
[2023-02-02T19:01:20.223Z]     -- Build files have been written to: W:/build/RelWithDebInfo/_deps/gulrak-subbuild
[2023-02-02T19:01:20.440Z]     [1/9] Creating directories for 'gulrak-populate'
[2023-02-02T19:01:20.440Z]     [1/9] Performing download step (git clone) for 'gulrak-populate'
[2023-02-02T19:01:20.555Z]     Cloning into 'gulrak-src'...
[2023-02-02T19:01:21.782Z]     HEAD is now at 4e21ab3 Version bump and updated readme.
[2023-02-02T19:01:22.606Z]     [2/9] Performing update step for 'gulrak-populate'
[2023-02-02T19:01:22.820Z]     [4/9] No patch step for 'gulrak-populate'
[2023-02-02T19:01:22.820Z]     [5/9] No configure step for 'gulrak-populate'
[2023-02-02T19:01:22.820Z]     [6/9] No build step for 'gulrak-populate'
[2023-02-02T19:01:22.933Z]     [7/9] No install step for 'gulrak-populate'
[2023-02-02T19:01:22.933Z]     [8/9] No test step for 'gulrak-populate'
[2023-02-02T19:01:23.047Z]     [9/9] Completed 'gulrak-populate'
[2023-02-02T19:01:23.971Z]     -- ========== Installing GoogleTest... ==========
[2023-02-02T19:01:24.185Z]     -- Configuring done
[2023-02-02T19:01:24.185Z]     -- Generating done
[2023-02-02T19:01:24.185Z]     -- Build files have been written to: W:/build/RelWithDebInfo/googletest-config
[2023-02-02T19:01:24.402Z]     [1/8] Creating directories for 'googletest'
[2023-02-02T19:01:27.661Z]     [2/8] Performing download step (git clone) for 'googletest'
[2023-02-02T19:01:27.661Z]     Cloning into 'googletest-src'...
[2023-02-02T19:01:27.661Z]     HEAD is now at 703bd9ca Googletest export
[2023-02-02T19:01:27.776Z]     [3/8] Performing update step for 'googletest'
[2023-02-02T19:01:27.889Z]     [4/8] No patch step for 'googletest'
[2023-02-02T19:01:29.925Z]     [5/8] Performing configure step for 'googletest'
[2023-02-02T19:01:29.925Z]     Not searching for unused variables given on the command line.
[2023-02-02T19:01:29.925Z]     CMake Deprecation Warning at CMakeLists.txt:4 (cmake_minimum_required):
[2023-02-02T19:01:29.925Z]       Compatibility with CMake < 2.8.12 will be removed from a future version of
[2023-02-02T19:01:29.925Z]       CMake.
[2023-02-02T19:01:29.925Z]     
[2023-02-02T19:01:29.925Z]       Update the VERSION argument <min> value or use a ...<max> suffix to tell
[2023-02-02T19:01:29.925Z]       CMake that the project does not need compatibility with older versions.
[2023-02-02T19:01:29.925Z]     
[2023-02-02T19:01:29.925Z]     
[2023-02-02T19:01:29.925Z]     -- The C compiler identification is MSVC 19.16.27032.1
[2023-02-02T19:01:29.925Z]     -- The CXX compiler identification is MSVC 19.16.27032.1
[2023-02-02T19:01:29.925Z]     -- Detecting C compiler ABI info
[2023-02-02T19:01:29.925Z]     -- Detecting C compiler ABI info - done
[2023-02-02T19:01:29.925Z]     -- Check for working C compiler: C:/Program Files (x86)/Microsoft Visual Studio/2017/Professional/VC/Tools/MSVC/14.16.27023/bin/Hostx64/x64/cl.exe - skipped
[2023-02-02T19:01:29.925Z]     -- Detecting C compile features
[2023-02-02T19:01:29.925Z]     -- Detecting C compile features - done
[2023-02-02T19:01:29.925Z]     -- Detecting CXX compiler ABI info
[2023-02-02T19:01:29.925Z]     -- Detecting CXX compiler ABI info - done
[2023-02-02T19:01:29.925Z]     -- Check for working CXX compiler: C:/Program Files (x86)/Microsoft Visual Studio/2017/Professional/VC/Tools/MSVC/14.16.27023/bin/Hostx64/x64/cl.exe - skipped
[2023-02-02T19:01:29.925Z]     -- Detecting CXX compile features
[2023-02-02T19:01:29.925Z]     -- Detecting CXX compile features - done
[2023-02-02T19:01:29.925Z]     CMake Deprecation Warning at googletest/CMakeLists.txt:56 (cmake_minimum_required):
[2023-02-02T19:01:29.925Z]       Compatibility with CMake < 2.8.12 will be removed from a future version of
[2023-02-02T19:01:29.925Z]       CMake.
[2023-02-02T19:01:29.925Z]     
[2023-02-02T19:01:29.925Z]       Update the VERSION argument <min> value or use a ...<max> suffix to tell
[2023-02-02T19:01:29.925Z]       CMake that the project does not need compatibility with older versions.
[2023-02-02T19:01:29.925Z]     
[2023-02-02T19:01:29.925Z]     
[2023-02-02T19:01:29.925Z]     -- Found PythonInterp: C:/Python27/python.exe
[2023-02-02T19:01:29.925Z]     -- Looking for pthread.h
[2023-02-02T19:01:29.925Z]     -- Looking for pthread.h - not found
[2023-02-02T19:01:29.925Z]     -- Found Threads: TRUE
[2023-02-02T19:01:29.925Z]     -- Configuring done
[2023-02-02T19:01:29.925Z]     -- Generating done
[2023-02-02T19:01:29.925Z]     -- Build files have been written to: W:/build/RelWithDebInfo/googletest-build
[2023-02-02T19:01:34.907Z]     [6/8] Performing build step for 'googletest'
[2023-02-02T19:01:34.907Z]     [1/4] Building CXX object googletest\CMakeFiles\gtest_main.dir\src\gtest_main.cc.obj
[2023-02-02T19:01:34.907Z]     [2/4] Building CXX object googletest\CMakeFiles\gtest.dir\src\gtest-all.cc.obj
[2023-02-02T19:01:34.907Z]     [3/4] Linking CXX shared library bin\gtest.dll
[2023-02-02T19:01:34.907Z]     [4/4] Linking CXX shared library bin\gtest_main.dll
[2023-02-02T19:01:35.324Z]     [7/8] Performing install step for 'googletest'
[2023-02-02T19:01:35.324Z]     [0/1] Install the project...
[2023-02-02T19:01:35.324Z]     -- Install configuration: "RelWithDebInfo"
[2023-02-02T19:01:35.324Z]     [8/8] Completed 'googletest'
[2023-02-02T19:01:35.324Z]     -- ========== ...  GoogleTest installed. ==========
[2023-02-02T19:01:36.451Z]     -- MAYA_HAS_DEFAULT_MATERIAL_API is FALSE
[2023-02-02T19:01:36.451Z]     -- MAYA_NEW_POINT_SNAPPING_SUPPORT is FALSE
[2023-02-02T19:01:36.451Z]     -- MAYA_HAS_CRASH_DETECTION is FALSE
[2023-02-02T19:01:36.451Z]     -- MAYA_CURRENT_UFE_CAMERA_SUPPORT is FALSE
[2023-02-02T19:01:36.451Z]     -- MAYA_MRENDERITEM_UFE_IDENTIFIER_SUPPORT is FALSE
[2023-02-02T19:01:36.451Z]     -- MAYA_UPDATE_UFE_IDENTIFIER_SUPPORT is FALSE
[2023-02-02T19:01:36.451Z]     -- MAYA_HAS_DISPLAY_STYLE_ALL_VIEWPORTS is FALSE
[2023-02-02T19:01:36.451Z]     -- MAYA_ARRAY_ITERATOR_DIFFERENCE_TYPE_SUPPORT is FALSE
[2023-02-02T19:01:36.451Z]     -- MAYA_HAS_GET_MEMBER_PATHS is FALSE
[2023-02-02T19:01:36.451Z]     -- USD_HAS_COLOR4_SDR_SUPPORT is FALSE
[2023-02-02T19:01:36.451Z]     -- MAYA_HAS_DISPLAY_LAYER_API is FALSE
[2023-02-02T19:01:36.451Z]     -- MAYA_HAS_NEW_DISPLAY_LAYER_MESSAGING_API is FALSE
[2023-02-02T19:01:36.451Z]     -- MAYA_HAS_RENDER_ITEM_HIDE_ON_PLAYBACK_API is FALSE
[2023-02-02T19:01:36.451Z]     -- promoting: S:/jenkins/workspace/ECP/ecg-maya-usd/ecg-mayausd-branch-preflight-2019-no-ufe-windows/ecg-maya-usd/maya-usd/lib/mayaUsd/base/mayaUsd.h.src
[2023-02-02T19:01:36.451Z]     -- promoting: S:/jenkins/workspace/ECP/ecg-maya-usd/ecg-mayausd-branch-preflight-2019-no-ufe-windows/ecg-maya-usd/maya-usd/lib/mayaUsd/base/api.h
[2023-02-02T19:01:36.451Z]     -- promoting: S:/jenkins/workspace/ECP/ecg-maya-usd/ecg-mayausd-branch-preflight-2019-no-ufe-windows/ecg-maya-usd/maya-usd/lib/mayaUsd/base/debugCodes.h
[2023-02-02T19:01:36.562Z]     -- promoting: S:/jenkins/workspace/ECP/ecg-maya-usd/ecg-mayausd-branch-preflight-2019-no-ufe-windows/ecg-maya-usd/maya-usd/lib/mayaUsd/base/id.h
[2023-02-02T19:01:36.562Z]     -- promoting: S:/jenkins/workspace/ECP/ecg-maya-usd/ecg-mayausd-branch-preflight-2019-no-ufe-windows/ecg-maya-usd/maya-usd/lib/mayaUsd/base/syncId.h
[2023-02-02T19:01:36.562Z]     -- promoting: S:/jenkins/workspace/ECP/ecg-maya-usd/ecg-mayausd-branch-preflight-2019-no-ufe-windows/ecg-maya-usd/maya-usd/lib/mayaUsd/base/tokens.h
[2023-02-02T19:01:36.562Z]     -- promoting: S:/jenkins/workspace/ECP/ecg-maya-usd/ecg-mayausd-branch-preflight-2019-no-ufe-windows/ecg-maya-usd/maya-usd/lib/mayaUsd/commands/abstractLayerEditorWindow.h
[2023-02-02T19:01:36.562Z]     -- promoting: S:/jenkins/workspace/ECP/ecg-maya-usd/ecg-mayausd-branch-preflight-2019-no-ufe-windows/ecg-maya-usd/maya-usd/lib/mayaUsd/commands/baseExportCommand.h
[2023-02-02T19:01:36.562Z]     -- promoting: S:/jenkins/workspace/ECP/ecg-maya-usd/ecg-mayausd-branch-preflight-2019-no-ufe-windows/ecg-maya-usd/maya-usd/lib/mayaUsd/commands/baseImportCommand.h
[2023-02-02T19:01:36.562Z]     -- promoting: S:/jenkins/workspace/ECP/ecg-maya-usd/ecg-mayausd-branch-preflight-2019-no-ufe-windows/ecg-maya-usd/maya-usd/lib/mayaUsd/commands/baseListJobContextsCommand.h
[2023-02-02T19:01:36.562Z]     -- promoting: S:/jenkins/workspace/ECP/ecg-maya-usd/ecg-mayausd-branch-preflight-2019-no-ufe-windows/ecg-maya-usd/maya-usd/lib/mayaUsd/commands/baseListShadingModesCommand.h
[2023-02-02T19:01:36.562Z]     -- promoting: S:/jenkins/workspace/ECP/ecg-maya-usd/ecg-mayausd-branch-preflight-2019-no-ufe-windows/ecg-maya-usd/maya-usd/lib/mayaUsd/commands/editTargetCommand.h
[2023-02-02T19:01:36.562Z]     -- promoting: S:/jenkins/workspace/ECP/ecg-maya-usd/ecg-mayausd-branch-preflight-2019-no-ufe-windows/ecg-maya-usd/maya-usd/lib/mayaUsd/commands/layerEditorCommand.h
[2023-02-02T19:01:36.562Z]     -- promoting: S:/jenkins/workspace/ECP/ecg-maya-usd/ecg-mayausd-branch-preflight-2019-no-ufe-windows/ecg-maya-usd/maya-usd/lib/mayaUsd/commands/layerEditorWindowCommand.h
[2023-02-02T19:01:36.562Z]     -- promoting: S:/jenkins/workspace/ECP/ecg-maya-usd/ecg-mayausd-branch-preflight-2019-no-ufe-windows/ecg-maya-usd/maya-usd/lib/mayaUsd/fileio/fallbackPrimReader.h
[2023-02-02T19:01:36.562Z]     -- promoting: S:/jenkins/workspace/ECP/ecg-maya-usd/ecg-mayausd-branch-preflight-2019-no-ufe-windows/ecg-maya-usd/maya-usd/lib/mayaUsd/fileio/functorPrimReader.h
[2023-02-02T19:01:36.562Z]     -- promoting: S:/jenkins/workspace/ECP/ecg-maya-usd/ecg-mayausd-branch-preflight-2019-no-ufe-windows/ecg-maya-usd/maya-usd/lib/mayaUsd/fileio/functorPrimWriter.h
[2023-02-02T19:01:36.562Z]     -- promoting: S:/jenkins/workspace/ECP/ecg-maya-usd/ecg-mayausd-branch-preflight-2019-no-ufe-windows/ecg-maya-usd/maya-usd/lib/mayaUsd/fileio/importData.h
[2023-02-02T19:01:36.562Z]     -- promoting: S:/jenkins/workspace/ECP/ecg-maya-usd/ecg-mayausd-branch-preflight-2019-no-ufe-windows/ecg-maya-usd/maya-usd/lib/mayaUsd/fileio/instancedNodeWriter.h
[2023-02-02T19:01:36.562Z]     -- promoting: S:/jenkins/workspace/ECP/ecg-maya-usd/ecg-mayausd-branch-preflight-2019-no-ufe-windows/ecg-maya-usd/maya-usd/lib/mayaUsd/fileio/jobContextRegistry.h
[2023-02-02T19:01:36.562Z]     -- promoting: S:/jenkins/workspace/ECP/ecg-maya-usd/ecg-mayausd-branch-preflight-2019-no-ufe-windows/ecg-maya-usd/maya-usd/lib/mayaUsd/fileio/primReader.h
[2023-02-02T19:01:36.562Z]     -- promoting: S:/jenkins/workspace/ECP/ecg-maya-usd/ecg-mayausd-branch-preflight-2019-no-ufe-windows/ecg-maya-usd/maya-usd/lib/mayaUsd/fileio/primReaderArgs.h
[2023-02-02T19:01:36.562Z]     -- promoting: S:/jenkins/workspace/ECP/ecg-maya-usd/ecg-mayausd-branch-preflight-2019-no-ufe-windows/ecg-maya-usd/maya-usd/lib/mayaUsd/fileio/primReaderContext.h
[2023-02-02T19:01:36.562Z]     -- promoting: S:/jenkins/workspace/ECP/ecg-maya-usd/ecg-mayausd-branch-preflight-2019-no-ufe-windows/ecg-maya-usd/maya-usd/lib/mayaUsd/fileio/primReaderRegistry.h
[2023-02-02T19:01:36.562Z]     -- promoting: S:/jenkins/workspace/ECP/ecg-maya-usd/ecg-mayausd-branch-preflight-2019-no-ufe-windows/ecg-maya-usd/maya-usd/lib/mayaUsd/fileio/primWriter.h
[2023-02-02T19:01:36.562Z]     -- promoting: S:/jenkins/workspace/ECP/ecg-maya-usd/ecg-mayausd-branch-preflight-2019-no-ufe-windows/ecg-maya-usd/maya-usd/lib/mayaUsd/fileio/primWriterArgs.h
[2023-02-02T19:01:36.562Z]     -- promoting: S:/jenkins/workspace/ECP/ecg-maya-usd/ecg-mayausd-branch-preflight-2019-no-ufe-windows/ecg-maya-usd/maya-usd/lib/mayaUsd/fileio/primWriterContext.h
[2023-02-02T19:01:36.562Z]     -- promoting: S:/jenkins/workspace/ECP/ecg-maya-usd/ecg-mayausd-branch-preflight-2019-no-ufe-windows/ecg-maya-usd/maya-usd/lib/mayaUsd/fileio/primWriterRegistry.h
[2023-02-02T19:01:36.562Z]     -- promoting: S:/jenkins/workspace/ECP/ecg-maya-usd/ecg-mayausd-branch-preflight-2019-no-ufe-windows/ecg-maya-usd/maya-usd/lib/mayaUsd/fileio/registryHelper.h
[2023-02-02T19:01:36.562Z]     -- promoting: S:/jenkins/workspace/ECP/ecg-maya-usd/ecg-mayausd-branch-preflight-2019-no-ufe-windows/ecg-maya-usd/maya-usd/lib/mayaUsd/fileio/schemaApiAdaptor.h
[2023-02-02T19:01:36.562Z]     -- promoting: S:/jenkins/workspace/ECP/ecg-maya-usd/ecg-mayausd-branch-preflight-2019-no-ufe-windows/ecg-maya-usd/maya-usd/lib/mayaUsd/fileio/schemaApiAdaptorRegistry.h
[2023-02-02T19:01:36.562Z]     -- promoting: S:/jenkins/workspace/ECP/ecg-maya-usd/ecg-mayausd-branch-preflight-2019-no-ufe-windows/ecg-maya-usd/maya-usd/lib/mayaUsd/fileio/shaderReader.h
[2023-02-02T19:01:36.562Z]     -- promoting: S:/jenkins/workspace/ECP/ecg-maya-usd/ecg-mayausd-branch-preflight-2019-no-ufe-windows/ecg-maya-usd/maya-usd/lib/mayaUsd/fileio/shaderReaderRegistry.h
[2023-02-02T19:01:36.562Z]     -- promoting: S:/jenkins/workspace/ECP/ecg-maya-usd/ecg-mayausd-branch-preflight-2019-no-ufe-windows/ecg-maya-usd/maya-usd/lib/mayaUsd/fileio/shaderWriter.h
[2023-02-02T19:01:36.562Z]     -- promoting: S:/jenkins/workspace/ECP/ecg-maya-usd/ecg-mayausd-branch-preflight-2019-no-ufe-windows/ecg-maya-usd/maya-usd/lib/mayaUsd/fileio/shaderWriterRegistry.h
[2023-02-02T19:01:36.562Z]     -- promoting: S:/jenkins/workspace/ECP/ecg-maya-usd/ecg-mayausd-branch-preflight-2019-no-ufe-windows/ecg-maya-usd/maya-usd/lib/mayaUsd/fileio/transformWriter.h
[2023-02-02T19:01:36.562Z]     -- promoting: S:/jenkins/workspace/ECP/ecg-maya-usd/ecg-mayausd-branch-preflight-2019-no-ufe-windows/ecg-maya-usd/maya-usd/lib/mayaUsd/fileio/writeJobContext.h
[2023-02-02T19:01:36.562Z]     -- promoting: S:/jenkins/workspace/ECP/ecg-maya-usd/ecg-mayausd-branch-preflight-2019-no-ufe-windows/ecg-maya-usd/maya-usd/lib/mayaUsd/fileio/chaser/exportChaser.h
[2023-02-02T19:01:36.562Z]     -- promoting: S:/jenkins/workspace/ECP/ecg-maya-usd/ecg-mayausd-branch-preflight-2019-no-ufe-windows/ecg-maya-usd/maya-usd/lib/mayaUsd/fileio/chaser/exportChaserRegistry.h
[2023-02-02T19:01:36.562Z]     -- promoting: S:/jenkins/workspace/ECP/ecg-maya-usd/ecg-mayausd-branch-preflight-2019-no-ufe-windows/ecg-maya-usd/maya-usd/lib/mayaUsd/fileio/chaser/importChaserRegistry.h
[2023-02-02T19:01:36.562Z]     -- promoting: S:/jenkins/workspace/ECP/ecg-maya-usd/ecg-mayausd-branch-preflight-2019-no-ufe-windows/ecg-maya-usd/maya-usd/lib/mayaUsd/fileio/chaser/importChaser.h
[2023-02-02T19:01:36.562Z]     -- promoting: S:/jenkins/workspace/ECP/ecg-maya-usd/ecg-mayausd-branch-preflight-2019-no-ufe-windows/ecg-maya-usd/maya-usd/lib/mayaUsd/fileio/jobs/jobArgs.h
[2023-02-02T19:01:36.562Z]     -- promoting: S:/jenkins/workspace/ECP/ecg-maya-usd/ecg-mayausd-branch-preflight-2019-no-ufe-windows/ecg-maya-usd/maya-usd/lib/mayaUsd/fileio/jobs/meshDataReadJob.h
[2023-02-02T19:01:36.562Z]     -- promoting: S:/jenkins/workspace/ECP/ecg-maya-usd/ecg-mayausd-branch-preflight-2019-no-ufe-windows/ecg-maya-usd/maya-usd/lib/mayaUsd/fileio/jobs/modelKindProcessor.h
[2023-02-02T19:01:36.562Z]     -- promoting: S:/jenkins/workspace/ECP/ecg-maya-usd/ecg-mayausd-branch-preflight-2019-no-ufe-windows/ecg-maya-usd/maya-usd/lib/mayaUsd/fileio/jobs/readJob.h
[2023-02-02T19:01:36.562Z]     -- promoting: S:/jenkins/workspace/ECP/ecg-maya-usd/ecg-mayausd-branch-preflight-2019-no-ufe-windows/ecg-maya-usd/maya-usd/lib/mayaUsd/fileio/jobs/writeJob.h
[2023-02-02T19:01:36.562Z]     -- promoting: S:/jenkins/workspace/ECP/ecg-maya-usd/ecg-mayausd-branch-preflight-2019-no-ufe-windows/ecg-maya-usd/maya-usd/lib/mayaUsd/fileio/shading/rfmShaderMap.h
[2023-02-02T19:01:36.562Z]     -- promoting: S:/jenkins/workspace/ECP/ecg-maya-usd/ecg-mayausd-branch-preflight-2019-no-ufe-windows/ecg-maya-usd/maya-usd/lib/mayaUsd/fileio/shading/shadingModeExporter.h
[2023-02-02T19:01:36.562Z]     -- promoting: S:/jenkins/workspace/ECP/ecg-maya-usd/ecg-mayausd-branch-preflight-2019-no-ufe-windows/ecg-maya-usd/maya-usd/lib/mayaUsd/fileio/shading/shadingModeExporterContext.h
[2023-02-02T19:01:36.562Z]     -- promoting: S:/jenkins/workspace/ECP/ecg-maya-usd/ecg-mayausd-branch-preflight-2019-no-ufe-windows/ecg-maya-usd/maya-usd/lib/mayaUsd/fileio/shading/shadingModeImporter.h
[2023-02-02T19:01:36.562Z]     -- promoting: S:/jenkins/workspace/ECP/ecg-maya-usd/ecg-mayausd-branch-preflight-2019-no-ufe-windows/ecg-maya-usd/maya-usd/lib/mayaUsd/fileio/shading/shadingModeRegistry.h
[2023-02-02T19:01:36.562Z]     -- promoting: S:/jenkins/workspace/ECP/ecg-maya-usd/ecg-mayausd-branch-preflight-2019-no-ufe-windows/ecg-maya-usd/maya-usd/lib/mayaUsd/fileio/shading/symmetricShaderReader.h
[2023-02-02T19:01:36.562Z]     -- promoting: S:/jenkins/workspace/ECP/ecg-maya-usd/ecg-mayausd-branch-preflight-2019-no-ufe-windows/ecg-maya-usd/maya-usd/lib/mayaUsd/fileio/shading/symmetricShaderWriter.h
[2023-02-02T19:01:36.562Z]     -- promoting: S:/jenkins/workspace/ECP/ecg-maya-usd/ecg-mayausd-branch-preflight-2019-no-ufe-windows/ecg-maya-usd/maya-usd/lib/mayaUsd/fileio/translators/skelBindingsProcessor.h
[2023-02-02T19:01:36.562Z]     -- promoting: S:/jenkins/workspace/ECP/ecg-maya-usd/ecg-mayausd-branch-preflight-2019-no-ufe-windows/ecg-maya-usd/maya-usd/lib/mayaUsd/fileio/translators/translatorCamera.h
[2023-02-02T19:01:36.562Z]     -- promoting: S:/jenkins/workspace/ECP/ecg-maya-usd/ecg-mayausd-branch-preflight-2019-no-ufe-windows/ecg-maya-usd/maya-usd/lib/mayaUsd/fileio/translators/translatorCurves.h
[2023-02-02T19:01:36.562Z]     -- promoting: S:/jenkins/workspace/ECP/ecg-maya-usd/ecg-mayausd-branch-preflight-2019-no-ufe-windows/ecg-maya-usd/maya-usd/lib/mayaUsd/fileio/translators/translatorGprim.h
[2023-02-02T19:01:36.562Z]     -- promoting: S:/jenkins/workspace/ECP/ecg-maya-usd/ecg-mayausd-branch-preflight-2019-no-ufe-windows/ecg-maya-usd/maya-usd/lib/mayaUsd/fileio/translators/translatorLight.h
[2023-02-02T19:01:36.562Z]     -- promoting: S:/jenkins/workspace/ECP/ecg-maya-usd/ecg-mayausd-branch-preflight-2019-no-ufe-windows/ecg-maya-usd/maya-usd/lib/mayaUsd/fileio/translators/translatorMaterial.h
[2023-02-02T19:01:36.562Z]     -- promoting: S:/jenkins/workspace/ECP/ecg-maya-usd/ecg-mayausd-branch-preflight-2019-no-ufe-windows/ecg-maya-usd/maya-usd/lib/mayaUsd/fileio/translators/translatorMayaReference.h
[2023-02-02T19:01:36.562Z]     -- promoting: S:/jenkins/workspace/ECP/ecg-maya-usd/ecg-mayausd-branch-preflight-2019-no-ufe-windows/ecg-maya-usd/maya-usd/lib/mayaUsd/fileio/translators/translatorMesh.h
[2023-02-02T19:01:36.562Z]     -- promoting: S:/jenkins/workspace/ECP/ecg-maya-usd/ecg-mayausd-branch-preflight-2019-no-ufe-windows/ecg-maya-usd/maya-usd/lib/mayaUsd/fileio/translators/translatorNurbsPatch.h
[2023-02-02T19:01:36.562Z]     -- promoting: S:/jenkins/workspace/ECP/ecg-maya-usd/ecg-mayausd-branch-preflight-2019-no-ufe-windows/ecg-maya-usd/maya-usd/lib/mayaUsd/fileio/translators/translatorPrim.h
[2023-02-02T19:01:36.562Z]     -- promoting: S:/jenkins/workspace/ECP/ecg-maya-usd/ecg-mayausd-branch-preflight-2019-no-ufe-windows/ecg-maya-usd/maya-usd/lib/mayaUsd/fileio/translators/translatorRfMLight.h
[2023-02-02T19:01:36.562Z]     -- promoting: S:/jenkins/workspace/ECP/ecg-maya-usd/ecg-mayausd-branch-preflight-2019-no-ufe-windows/ecg-maya-usd/maya-usd/lib/mayaUsd/fileio/translators/translatorSkel.h
[2023-02-02T19:01:36.562Z]     -- promoting: S:/jenkins/workspace/ECP/ecg-maya-usd/ecg-mayausd-branch-preflight-2019-no-ufe-windows/ecg-maya-usd/maya-usd/lib/mayaUsd/fileio/translators/translatorUtil.h
[2023-02-02T19:01:36.562Z]     -- promoting: S:/jenkins/workspace/ECP/ecg-maya-usd/ecg-mayausd-branch-preflight-2019-no-ufe-windows/ecg-maya-usd/maya-usd/lib/mayaUsd/fileio/translators/translatorXformable.h
[2023-02-02T19:01:36.562Z]     -- promoting: S:/jenkins/workspace/ECP/ecg-maya-usd/ecg-mayausd-branch-preflight-2019-no-ufe-windows/ecg-maya-usd/maya-usd/lib/mayaUsd/fileio/utils/adaptor.h
[2023-02-02T19:01:36.562Z]     -- promoting: S:/jenkins/workspace/ECP/ecg-maya-usd/ecg-mayausd-branch-preflight-2019-no-ufe-windows/ecg-maya-usd/maya-usd/lib/mayaUsd/fileio/utils/jointWriteUtils.h
[2023-02-02T19:01:36.562Z]     -- promoting: S:/jenkins/workspace/ECP/ecg-maya-usd/ecg-mayausd-branch-preflight-2019-no-ufe-windows/ecg-maya-usd/maya-usd/lib/mayaUsd/fileio/utils/meshReadUtils.h
[2023-02-02T19:01:36.562Z]     -- promoting: S:/jenkins/workspace/ECP/ecg-maya-usd/ecg-mayausd-branch-preflight-2019-no-ufe-windows/ecg-maya-usd/maya-usd/lib/mayaUsd/fileio/utils/meshWriteUtils.h
[2023-02-02T19:01:36.562Z]     -- promoting: S:/jenkins/workspace/ECP/ecg-maya-usd/ecg-mayausd-branch-preflight-2019-no-ufe-windows/ecg-maya-usd/maya-usd/lib/mayaUsd/fileio/utils/readUtil.h
[2023-02-02T19:01:36.562Z]     -- promoting: S:/jenkins/workspace/ECP/ecg-maya-usd/ecg-mayausd-branch-preflight-2019-no-ufe-windows/ecg-maya-usd/maya-usd/lib/mayaUsd/fileio/utils/roundTripUtil.h
[2023-02-02T19:01:36.562Z]     -- promoting: S:/jenkins/workspace/ECP/ecg-maya-usd/ecg-mayausd-branch-preflight-2019-no-ufe-windows/ecg-maya-usd/maya-usd/lib/mayaUsd/fileio/utils/shadingUtil.h
[2023-02-02T19:01:36.562Z]     -- promoting: S:/jenkins/workspace/ECP/ecg-maya-usd/ecg-mayausd-branch-preflight-2019-no-ufe-windows/ecg-maya-usd/maya-usd/lib/mayaUsd/fileio/utils/userTaggedAttribute.h
[2023-02-02T19:01:36.562Z]     -- promoting: S:/jenkins/workspace/ECP/ecg-maya-usd/ecg-mayausd-branch-preflight-2019-no-ufe-windows/ecg-maya-usd/maya-usd/lib/mayaUsd/fileio/utils/writeUtil.h
[2023-02-02T19:01:36.562Z]     -- promoting: S:/jenkins/workspace/ECP/ecg-maya-usd/ecg-mayausd-branch-preflight-2019-no-ufe-windows/ecg-maya-usd/maya-usd/lib/mayaUsd/fileio/utils/xformStack.h
[2023-02-02T19:01:36.562Z]     -- promoting: S:/jenkins/workspace/ECP/ecg-maya-usd/ecg-mayausd-branch-preflight-2019-no-ufe-windows/ecg-maya-usd/maya-usd/lib/mayaUsd/listeners/notice.h
[2023-02-02T19:01:36.562Z]     -- promoting: S:/jenkins/workspace/ECP/ecg-maya-usd/ecg-mayausd-branch-preflight-2019-no-ufe-windows/ecg-maya-usd/maya-usd/lib/mayaUsd/listeners/proxyShapeNotice.h
[2023-02-02T19:01:36.562Z]     -- promoting: S:/jenkins/workspace/ECP/ecg-maya-usd/ecg-mayausd-branch-preflight-2019-no-ufe-windows/ecg-maya-usd/maya-usd/lib/mayaUsd/listeners/stageNoticeListener.h
[2023-02-02T19:01:36.562Z]     -- promoting: S:/jenkins/workspace/ECP/ecg-maya-usd/ecg-mayausd-branch-preflight-2019-no-ufe-windows/ecg-maya-usd/maya-usd/lib/mayaUsd/nodes/hdImagingShape.h
[2023-02-02T19:01:36.562Z]     -- promoting: S:/jenkins/workspace/ECP/ecg-maya-usd/ecg-mayausd-branch-preflight-2019-no-ufe-windows/ecg-maya-usd/maya-usd/lib/mayaUsd/nodes/pointBasedDeformerNode.h
[2023-02-02T19:01:36.562Z]     -- promoting: S:/jenkins/workspace/ECP/ecg-maya-usd/ecg-mayausd-branch-preflight-2019-no-ufe-windows/ecg-maya-usd/maya-usd/lib/mayaUsd/nodes/proxyAccessor.h
[2023-02-02T19:01:36.562Z]     -- promoting: S:/jenkins/workspace/ECP/ecg-maya-usd/ecg-mayausd-branch-preflight-2019-no-ufe-windows/ecg-maya-usd/maya-usd/lib/mayaUsd/nodes/proxyShapeBase.h
[2023-02-02T19:01:36.562Z]     -- promoting: S:/jenkins/workspace/ECP/ecg-maya-usd/ecg-mayausd-branch-preflight-2019-no-ufe-windows/ecg-maya-usd/maya-usd/lib/mayaUsd/nodes/proxyShapePlugin.h
[2023-02-02T19:01:36.562Z]     -- promoting: S:/jenkins/workspace/ECP/ecg-maya-usd/ecg-mayausd-branch-preflight-2019-no-ufe-windows/ecg-maya-usd/maya-usd/lib/mayaUsd/nodes/proxyStageProvider.h
[2023-02-02T19:01:36.562Z]     -- promoting: S:/jenkins/workspace/ECP/ecg-maya-usd/ecg-mayausd-branch-preflight-2019-no-ufe-windows/ecg-maya-usd/maya-usd/lib/mayaUsd/nodes/proxyShapeStageExtraData.h
[2023-02-02T19:01:36.562Z]     -- promoting: S:/jenkins/workspace/ECP/ecg-maya-usd/ecg-mayausd-branch-preflight-2019-no-ufe-windows/ecg-maya-usd/maya-usd/lib/mayaUsd/nodes/stageData.h
[2023-02-02T19:01:36.562Z]     -- promoting: S:/jenkins/workspace/ECP/ecg-maya-usd/ecg-mayausd-branch-preflight-2019-no-ufe-windows/ecg-maya-usd/maya-usd/lib/mayaUsd/nodes/stageNode.h
[2023-02-02T19:01:36.562Z]     -- promoting: S:/jenkins/workspace/ECP/ecg-maya-usd/ecg-mayausd-branch-preflight-2019-no-ufe-windows/ecg-maya-usd/maya-usd/lib/mayaUsd/nodes/usdPrimProvider.h
[2023-02-02T19:01:36.675Z]     -- promoting: S:/jenkins/workspace/ECP/ecg-maya-usd/ecg-mayausd-branch-preflight-2019-no-ufe-windows/ecg-maya-usd/maya-usd/lib/mayaUsd/render/px_vp20/glslProgram.h
[2023-02-02T19:01:36.675Z]     -- promoting: S:/jenkins/workspace/ECP/ecg-maya-usd/ecg-mayausd-branch-preflight-2019-no-ufe-windows/ecg-maya-usd/maya-usd/lib/mayaUsd/render/px_vp20/utils.h
[2023-02-02T19:01:36.675Z]     -- promoting: S:/jenkins/workspace/ECP/ecg-maya-usd/ecg-mayausd-branch-preflight-2019-no-ufe-windows/ecg-maya-usd/maya-usd/lib/mayaUsd/render/px_vp20/utils_legacy.h
[2023-02-02T19:01:36.675Z]     -- promoting: S:/jenkins/workspace/ECP/ecg-maya-usd/ecg-mayausd-branch-preflight-2019-no-ufe-windows/ecg-maya-usd/maya-usd/lib/mayaUsd/render/pxrUsdMayaGL/batchRenderer.h
[2023-02-02T19:01:36.675Z]     -- promoting: S:/jenkins/workspace/ECP/ecg-maya-usd/ecg-mayausd-branch-preflight-2019-no-ufe-windows/ecg-maya-usd/maya-usd/lib/mayaUsd/render/pxrUsdMayaGL/debugCodes.h
[2023-02-02T19:01:36.675Z]     -- promoting: S:/jenkins/workspace/ECP/ecg-maya-usd/ecg-mayausd-branch-preflight-2019-no-ufe-windows/ecg-maya-usd/maya-usd/lib/mayaUsd/render/pxrUsdMayaGL/hdImagingShapeDrawOverride.h
[2023-02-02T19:01:36.675Z]     -- promoting: S:/jenkins/workspace/ECP/ecg-maya-usd/ecg-mayausd-branch-preflight-2019-no-ufe-windows/ecg-maya-usd/maya-usd/lib/mayaUsd/render/pxrUsdMayaGL/hdImagingShapeUI.h
[2023-02-02T19:01:36.675Z]     -- promoting: S:/jenkins/workspace/ECP/ecg-maya-usd/ecg-mayausd-branch-preflight-2019-no-ufe-windows/ecg-maya-usd/maya-usd/lib/mayaUsd/render/pxrUsdMayaGL/instancerImager.h
[2023-02-02T19:01:36.675Z]     -- promoting: S:/jenkins/workspace/ECP/ecg-maya-usd/ecg-mayausd-branch-preflight-2019-no-ufe-windows/ecg-maya-usd/maya-usd/lib/mayaUsd/render/pxrUsdMayaGL/instancerShapeAdapter.h
[2023-02-02T19:01:36.675Z]     -- promoting: S:/jenkins/workspace/ECP/ecg-maya-usd/ecg-mayausd-branch-preflight-2019-no-ufe-windows/ecg-maya-usd/maya-usd/lib/mayaUsd/render/pxrUsdMayaGL/proxyDrawOverride.h
[2023-02-02T19:01:36.675Z]     -- promoting: S:/jenkins/workspace/ECP/ecg-maya-usd/ecg-mayausd-branch-preflight-2019-no-ufe-windows/ecg-maya-usd/maya-usd/lib/mayaUsd/render/pxrUsdMayaGL/proxyShapeUI.h
[2023-02-02T19:01:36.675Z]     -- promoting: S:/jenkins/workspace/ECP/ecg-maya-usd/ecg-mayausd-branch-preflight-2019-no-ufe-windows/ecg-maya-usd/maya-usd/lib/mayaUsd/render/pxrUsdMayaGL/renderParams.h
[2023-02-02T19:01:36.675Z]     -- promoting: S:/jenkins/workspace/ECP/ecg-maya-usd/ecg-mayausd-branch-preflight-2019-no-ufe-windows/ecg-maya-usd/maya-usd/lib/mayaUsd/render/pxrUsdMayaGL/sceneDelegate.h
[2023-02-02T19:01:36.675Z]     -- promoting: S:/jenkins/workspace/ECP/ecg-maya-usd/ecg-mayausd-branch-preflight-2019-no-ufe-windows/ecg-maya-usd/maya-usd/lib/mayaUsd/render/pxrUsdMayaGL/shapeAdapter.h
[2023-02-02T19:01:36.675Z]     -- promoting: S:/jenkins/workspace/ECP/ecg-maya-usd/ecg-mayausd-branch-preflight-2019-no-ufe-windows/ecg-maya-usd/maya-usd/lib/mayaUsd/render/pxrUsdMayaGL/softSelectHelper.h
[2023-02-02T19:01:36.675Z]     -- promoting: S:/jenkins/workspace/ECP/ecg-maya-usd/ecg-mayausd-branch-preflight-2019-no-ufe-windows/ecg-maya-usd/maya-usd/lib/mayaUsd/render/pxrUsdMayaGL/usdProxyShapeAdapter.h
[2023-02-02T19:01:36.675Z]     -- promoting: S:/jenkins/workspace/ECP/ecg-maya-usd/ecg-mayausd-branch-preflight-2019-no-ufe-windows/ecg-maya-usd/maya-usd/lib/mayaUsd/render/pxrUsdMayaGL/userData.h
[2023-02-02T19:01:36.675Z]     -- promoting: S:/jenkins/workspace/ECP/ecg-maya-usd/ecg-mayausd-branch-preflight-2019-no-ufe-windows/ecg-maya-usd/maya-usd/lib/mayaUsd/render/vp2RenderDelegate/proxyRenderDelegate.h
[2023-02-02T19:01:36.675Z]     -- promoting: S:/jenkins/workspace/ECP/ecg-maya-usd/ecg-mayausd-branch-preflight-2019-no-ufe-windows/ecg-maya-usd/maya-usd/lib/mayaUsd/render/vp2ShaderFragments/shaderFragments.h
[2023-02-02T19:01:36.675Z]     -- promoting: S:/jenkins/workspace/ECP/ecg-maya-usd/ecg-mayausd-branch-preflight-2019-no-ufe-windows/ecg-maya-usd/maya-usd/lib/mayaUsd/undo/OpUndoItemList.h
[2023-02-02T19:01:36.675Z]     -- promoting: S:/jenkins/workspace/ECP/ecg-maya-usd/ecg-mayausd-branch-preflight-2019-no-ufe-windows/ecg-maya-usd/maya-usd/lib/mayaUsd/undo/OpUndoItemMuting.h
[2023-02-02T19:01:36.675Z]     -- promoting: S:/jenkins/workspace/ECP/ecg-maya-usd/ecg-mayausd-branch-preflight-2019-no-ufe-windows/ecg-maya-usd/maya-usd/lib/mayaUsd/undo/OpUndoItemRecorder.h
[2023-02-02T19:01:36.675Z]     -- promoting: S:/jenkins/workspace/ECP/ecg-maya-usd/ecg-mayausd-branch-preflight-2019-no-ufe-windows/ecg-maya-usd/maya-usd/lib/mayaUsd/undo/OpUndoItems.h
[2023-02-02T19:01:36.676Z]     -- promoting: S:/jenkins/workspace/ECP/ecg-maya-usd/ecg-mayausd-branch-preflight-2019-no-ufe-windows/ecg-maya-usd/maya-usd/lib/mayaUsd/undo/UsdUndoBlock.h
[2023-02-02T19:01:36.676Z]     -- promoting: S:/jenkins/workspace/ECP/ecg-maya-usd/ecg-mayausd-branch-preflight-2019-no-ufe-windows/ecg-maya-usd/maya-usd/lib/mayaUsd/undo/UsdUndoManager.h
[2023-02-02T19:01:36.676Z]     -- promoting: S:/jenkins/workspace/ECP/ecg-maya-usd/ecg-mayausd-branch-preflight-2019-no-ufe-windows/ecg-maya-usd/maya-usd/lib/mayaUsd/undo/UsdUndoStateDelegate.h
[2023-02-02T19:01:36.676Z]     -- promoting: S:/jenkins/workspace/ECP/ecg-maya-usd/ecg-mayausd-branch-preflight-2019-no-ufe-windows/ecg-maya-usd/maya-usd/lib/mayaUsd/undo/UsdUndoableItem.h
[2023-02-02T19:01:36.676Z]     -- promoting: S:/jenkins/workspace/ECP/ecg-maya-usd/ecg-mayausd-branch-preflight-2019-no-ufe-windows/ecg-maya-usd/maya-usd/lib/mayaUsd/utils/blockSceneModificationContext.h
[2023-02-02T19:01:36.676Z]     -- promoting: S:/jenkins/workspace/ECP/ecg-maya-usd/ecg-mayausd-branch-preflight-2019-no-ufe-windows/ecg-maya-usd/maya-usd/lib/mayaUsd/utils/colorSpace.h
[2023-02-02T19:01:36.676Z]     -- promoting: S:/jenkins/workspace/ECP/ecg-maya-usd/ecg-mayausd-branch-preflight-2019-no-ufe-windows/ecg-maya-usd/maya-usd/lib/mayaUsd/utils/customLayerData.h
[2023-02-02T19:01:36.676Z]     -- promoting: S:/jenkins/workspace/ECP/ecg-maya-usd/ecg-mayausd-branch-preflight-2019-no-ufe-windows/ecg-maya-usd/maya-usd/lib/mayaUsd/utils/converter.h
[2023-02-02T19:01:36.676Z]     -- promoting: S:/jenkins/workspace/ECP/ecg-maya-usd/ecg-mayausd-branch-preflight-2019-no-ufe-windows/ecg-maya-usd/maya-usd/lib/mayaUsd/utils/diagnosticDelegate.h
[2023-02-02T19:01:36.676Z]     -- promoting: S:/jenkins/workspace/ECP/ecg-maya-usd/ecg-mayausd-branch-preflight-2019-no-ufe-windows/ecg-maya-usd/maya-usd/lib/mayaUsd/utils/dynamicAttribute.h
[2023-02-02T19:01:36.676Z]     -- promoting: S:/jenkins/workspace/ECP/ecg-maya-usd/ecg-mayausd-branch-preflight-2019-no-ufe-windows/ecg-maya-usd/maya-usd/lib/mayaUsd/utils/editability.h
[2023-02-02T19:01:36.676Z]     -- promoting: S:/jenkins/workspace/ECP/ecg-maya-usd/ecg-mayausd-branch-preflight-2019-no-ufe-windows/ecg-maya-usd/maya-usd/lib/mayaUsd/utils/editRouter.h
[2023-02-02T19:01:36.676Z]     -- promoting: S:/jenkins/workspace/ECP/ecg-maya-usd/ecg-mayausd-branch-preflight-2019-no-ufe-windows/ecg-maya-usd/maya-usd/lib/mayaUsd/utils/hash.h
[2023-02-02T19:01:36.676Z]     -- promoting: S:/jenkins/workspace/ECP/ecg-maya-usd/ecg-mayausd-branch-preflight-2019-no-ufe-windows/ecg-maya-usd/maya-usd/lib/mayaUsd/utils/layerMuting.h
[2023-02-02T19:01:36.676Z]     -- promoting: S:/jenkins/workspace/ECP/ecg-maya-usd/ecg-mayausd-branch-preflight-2019-no-ufe-windows/ecg-maya-usd/maya-usd/lib/mayaUsd/utils/loadRules.h
[2023-02-02T19:01:36.676Z]     -- promoting: S:/jenkins/workspace/ECP/ecg-maya-usd/ecg-mayausd-branch-preflight-2019-no-ufe-windows/ecg-maya-usd/maya-usd/lib/mayaUsd/utils/query.h
[2023-02-02T19:01:36.676Z]     -- promoting: S:/jenkins/workspace/ECP/ecg-maya-usd/ecg-mayausd-branch-preflight-2019-no-ufe-windows/ecg-maya-usd/maya-usd/lib/mayaUsd/utils/plugRegistryHelper.h
[2023-02-02T19:01:36.676Z]     -- promoting: S:/jenkins/workspace/ECP/ecg-maya-usd/ecg-mayausd-branch-preflight-2019-no-ufe-windows/ecg-maya-usd/maya-usd/lib/mayaUsd/utils/progressBarScope.h
[2023-02-02T19:01:36.676Z]     -- promoting: S:/jenkins/workspace/ECP/ecg-maya-usd/ecg-mayausd-branch-preflight-2019-no-ufe-windows/ecg-maya-usd/maya-usd/lib/mayaUsd/utils/selectability.h
[2023-02-02T19:01:36.676Z]     -- promoting: S:/jenkins/workspace/ECP/ecg-maya-usd/ecg-mayausd-branch-preflight-2019-no-ufe-windows/ecg-maya-usd/maya-usd/lib/mayaUsd/utils/stageCache.h
[2023-02-02T19:01:36.676Z]     -- promoting: S:/jenkins/workspace/ECP/ecg-maya-usd/ecg-mayausd-branch-preflight-2019-no-ufe-windows/ecg-maya-usd/maya-usd/lib/mayaUsd/utils/traverseLayer.h
[2023-02-02T19:01:36.676Z]     -- promoting: S:/jenkins/workspace/ECP/ecg-maya-usd/ecg-mayausd-branch-preflight-2019-no-ufe-windows/ecg-maya-usd/maya-usd/lib/mayaUsd/utils/undoHelperCommand.h
[2023-02-02T19:01:36.676Z]     -- promoting: S:/jenkins/workspace/ECP/ecg-maya-usd/ecg-mayausd-branch-preflight-2019-no-ufe-windows/ecg-maya-usd/maya-usd/lib/mayaUsd/utils/util.h
[2023-02-02T19:01:36.676Z]     -- promoting: S:/jenkins/workspace/ECP/ecg-maya-usd/ecg-mayausd-branch-preflight-2019-no-ufe-windows/ecg-maya-usd/maya-usd/lib/mayaUsd/utils/utilDictionary.h
[2023-02-02T19:01:36.676Z]     -- promoting: S:/jenkins/workspace/ECP/ecg-maya-usd/ecg-mayausd-branch-preflight-2019-no-ufe-windows/ecg-maya-usd/maya-usd/lib/mayaUsd/utils/utilFileSystem.h
[2023-02-02T19:01:36.676Z]     -- promoting: S:/jenkins/workspace/ECP/ecg-maya-usd/ecg-mayausd-branch-preflight-2019-no-ufe-windows/ecg-maya-usd/maya-usd/lib/mayaUsd/utils/utilSerialization.h
[2023-02-02T19:01:36.676Z]     -- promoting: S:/jenkins/workspace/ECP/ecg-maya-usd/ecg-mayausd-branch-preflight-2019-no-ufe-windows/ecg-maya-usd/maya-usd/lib/mayaUsd/utils/variants.h
[2023-02-02T19:01:36.788Z]     -- promoting: S:/jenkins/workspace/ECP/ecg-maya-usd/ecg-mayausd-branch-preflight-2019-no-ufe-windows/ecg-maya-usd/maya-usd/lib/mayaUsd/render/mayaToHydra/utils.h
[2023-02-02T19:01:36.788Z]     -- promoting: S:/jenkins/workspace/ECP/ecg-maya-usd/ecg-mayausd-branch-preflight-2019-no-ufe-windows/ecg-maya-usd/maya-usd/lib/usd/hdMaya/api.h
[2023-02-02T19:01:36.788Z]     -- promoting: S:/jenkins/workspace/ECP/ecg-maya-usd/ecg-mayausd-branch-preflight-2019-no-ufe-windows/ecg-maya-usd/maya-usd/lib/usd/hdMaya/utils.h
[2023-02-02T19:01:36.788Z]     -- promoting: S:/jenkins/workspace/ECP/ecg-maya-usd/ecg-mayausd-branch-preflight-2019-no-ufe-windows/ecg-maya-usd/maya-usd/lib/usd/hdMaya/debugCodes.h
[2023-02-02T19:01:36.788Z]     -- promoting: S:/jenkins/workspace/ECP/ecg-maya-usd/ecg-mayausd-branch-preflight-2019-no-ufe-windows/ecg-maya-usd/maya-usd/lib/usd/hdMaya/adapters/adapter.h
[2023-02-02T19:01:36.788Z]     -- promoting: S:/jenkins/workspace/ECP/ecg-maya-usd/ecg-mayausd-branch-preflight-2019-no-ufe-windows/ecg-maya-usd/maya-usd/lib/usd/hdMaya/adapters/adapterDebugCodes.h
[2023-02-02T19:01:36.788Z]     -- promoting: S:/jenkins/workspace/ECP/ecg-maya-usd/ecg-mayausd-branch-preflight-2019-no-ufe-windows/ecg-maya-usd/maya-usd/lib/usd/hdMaya/adapters/adapterRegistry.h
[2023-02-02T19:01:36.788Z]     -- promoting: S:/jenkins/workspace/ECP/ecg-maya-usd/ecg-mayausd-branch-preflight-2019-no-ufe-windows/ecg-maya-usd/maya-usd/lib/usd/hdMaya/adapters/cameraAdapter.h
[2023-02-02T19:01:36.788Z]     -- promoting: S:/jenkins/workspace/ECP/ecg-maya-usd/ecg-mayausd-branch-preflight-2019-no-ufe-windows/ecg-maya-usd/maya-usd/lib/usd/hdMaya/adapters/constantShadowMatrix.h
[2023-02-02T19:01:36.788Z]     -- promoting: S:/jenkins/workspace/ECP/ecg-maya-usd/ecg-mayausd-branch-preflight-2019-no-ufe-windows/ecg-maya-usd/maya-usd/lib/usd/hdMaya/adapters/dagAdapter.h
[2023-02-02T19:01:36.788Z]     -- promoting: S:/jenkins/workspace/ECP/ecg-maya-usd/ecg-mayausd-branch-preflight-2019-no-ufe-windows/ecg-maya-usd/maya-usd/lib/usd/hdMaya/adapters/lightAdapter.h
[2023-02-02T19:01:36.788Z]     -- promoting: S:/jenkins/workspace/ECP/ecg-maya-usd/ecg-mayausd-branch-preflight-2019-no-ufe-windows/ecg-maya-usd/maya-usd/lib/usd/hdMaya/adapters/proxyAdapter.h
[2023-02-02T19:01:36.788Z]     -- promoting: S:/jenkins/workspace/ECP/ecg-maya-usd/ecg-mayausd-branch-preflight-2019-no-ufe-windows/ecg-maya-usd/maya-usd/lib/usd/hdMaya/adapters/materialAdapter.h
[2023-02-02T19:01:36.788Z]     -- promoting: S:/jenkins/workspace/ECP/ecg-maya-usd/ecg-mayausd-branch-preflight-2019-no-ufe-windows/ecg-maya-usd/maya-usd/lib/usd/hdMaya/adapters/materialNetworkConverter.h
[2023-02-02T19:01:36.788Z]     -- promoting: S:/jenkins/workspace/ECP/ecg-maya-usd/ecg-mayausd-branch-preflight-2019-no-ufe-windows/ecg-maya-usd/maya-usd/lib/usd/hdMaya/adapters/mayaAttrs.h
[2023-02-02T19:01:36.788Z]     -- promoting: S:/jenkins/workspace/ECP/ecg-maya-usd/ecg-mayausd-branch-preflight-2019-no-ufe-windows/ecg-maya-usd/maya-usd/lib/usd/hdMaya/adapters/shapeAdapter.h
[2023-02-02T19:01:36.788Z]     -- promoting: S:/jenkins/workspace/ECP/ecg-maya-usd/ecg-mayausd-branch-preflight-2019-no-ufe-windows/ecg-maya-usd/maya-usd/lib/usd/hdMaya/adapters/tokens.h
[2023-02-02T19:01:36.788Z]     -- promoting: S:/jenkins/workspace/ECP/ecg-maya-usd/ecg-mayausd-branch-preflight-2019-no-ufe-windows/ecg-maya-usd/maya-usd/lib/usd/hdMaya/delegates/delegate.h
[2023-02-02T19:01:36.788Z]     -- promoting: S:/jenkins/workspace/ECP/ecg-maya-usd/ecg-mayausd-branch-preflight-2019-no-ufe-windows/ecg-maya-usd/maya-usd/lib/usd/hdMaya/delegates/delegateCtx.h
[2023-02-02T19:01:36.788Z]     -- promoting: S:/jenkins/workspace/ECP/ecg-maya-usd/ecg-mayausd-branch-preflight-2019-no-ufe-windows/ecg-maya-usd/maya-usd/lib/usd/hdMaya/delegates/delegateDebugCodes.h
[2023-02-02T19:01:36.788Z]     -- promoting: S:/jenkins/workspace/ECP/ecg-maya-usd/ecg-mayausd-branch-preflight-2019-no-ufe-windows/ecg-maya-usd/maya-usd/lib/usd/hdMaya/delegates/delegateRegistry.h
[2023-02-02T19:01:36.788Z]     -- promoting: S:/jenkins/workspace/ECP/ecg-maya-usd/ecg-mayausd-branch-preflight-2019-no-ufe-windows/ecg-maya-usd/maya-usd/lib/usd/hdMaya/delegates/params.h
[2023-02-02T19:01:36.788Z]     -- promoting: S:/jenkins/workspace/ECP/ecg-maya-usd/ecg-mayausd-branch-preflight-2019-no-ufe-windows/ecg-maya-usd/maya-usd/lib/usd/hdMaya/delegates/proxyDelegate.h
[2023-02-02T19:01:36.788Z]     -- promoting: S:/jenkins/workspace/ECP/ecg-maya-usd/ecg-mayausd-branch-preflight-2019-no-ufe-windows/ecg-maya-usd/maya-usd/lib/usd/hdMaya/delegates/proxyUsdImagingDelegate.h
[2023-02-02T19:01:36.788Z]     -- promoting: S:/jenkins/workspace/ECP/ecg-maya-usd/ecg-mayausd-branch-preflight-2019-no-ufe-windows/ecg-maya-usd/maya-usd/lib/usd/hdMaya/delegates/sceneDelegate.h
[2023-02-02T19:01:36.788Z]     -- promoting: S:/jenkins/workspace/ECP/ecg-maya-usd/ecg-mayausd-branch-preflight-2019-no-ufe-windows/ecg-maya-usd/maya-usd/lib/usd/hdMaya/delegates/testDelegate.h
[2023-02-02T19:01:36.788Z]     -- promoting: S:/jenkins/workspace/ECP/ecg-maya-usd/ecg-mayausd-branch-preflight-2019-no-ufe-windows/ecg-maya-usd/maya-usd/lib/usd/pxrUsdPreviewSurface/usdPreviewSurface.h
[2023-02-02T19:01:36.788Z]     -- promoting: S:/jenkins/workspace/ECP/ecg-maya-usd/ecg-mayausd-branch-preflight-2019-no-ufe-windows/ecg-maya-usd/maya-usd/lib/usd/pxrUsdPreviewSurface/usdPreviewSurfacePlugin.h
[2023-02-02T19:01:36.788Z]     -- promoting: S:/jenkins/workspace/ECP/ecg-maya-usd/ecg-mayausd-branch-preflight-2019-no-ufe-windows/ecg-maya-usd/maya-usd/lib/usd/schemas/api.h
[2023-02-02T19:01:36.788Z]     -- promoting: S:/jenkins/workspace/ECP/ecg-maya-usd/ecg-mayausd-branch-preflight-2019-no-ufe-windows/ecg-maya-usd/maya-usd/lib/usd/schemas/ALMayaReference.h
[2023-02-02T19:01:36.788Z]     -- promoting: S:/jenkins/workspace/ECP/ecg-maya-usd/ecg-mayausd-branch-preflight-2019-no-ufe-windows/ecg-maya-usd/maya-usd/lib/usd/schemas/MayaReference.h
[2023-02-02T19:01:36.788Z]     -- promoting: S:/jenkins/workspace/ECP/ecg-maya-usd/ecg-mayausd-branch-preflight-2019-no-ufe-windows/ecg-maya-usd/maya-usd/lib/usd/schemas/tokens.h
[2023-02-02T19:01:39.333Z]     Processing schema classes:
[2023-02-02T19:01:39.333Z]     MayaReference, ALMayaReference
[2023-02-02T19:01:39.333Z]     Loading Templates from p:\shared\Artifactory\Windows\USD\cfb3d8a\lib\usd\usd\resources\codegenTemplates
[2023-02-02T19:01:39.333Z]     Writing API:
[2023-02-02T19:01:39.333Z]     	    wrote W:\build\RelWithDebInfo\lib\usd\schemas\api.h
[2023-02-02T19:01:39.333Z]     Writing Schema Tokens:
[2023-02-02T19:01:39.333Z]     	    wrote W:\build\RelWithDebInfo\lib\usd\schemas\tokens.h
[2023-02-02T19:01:39.333Z]     	    wrote W:\build\RelWithDebInfo\lib\usd\schemas\tokens.cpp
[2023-02-02T19:01:39.333Z]     	    wrote W:\build\RelWithDebInfo\lib\usd\schemas\wrapTokens.cpp
[2023-02-02T19:01:39.333Z]     Generating Classes:
[2023-02-02T19:01:39.333Z]     	    wrote W:\build\RelWithDebInfo\lib\usd\schemas\MayaReference.h
[2023-02-02T19:01:39.333Z]     	    wrote W:\build\RelWithDebInfo\lib\usd\schemas\MayaReference.cpp
[2023-02-02T19:01:39.333Z]     	    wrote W:\build\RelWithDebInfo\lib\usd\schemas\wrapMayaReference.cpp
[2023-02-02T19:01:39.333Z]     	    wrote W:\build\RelWithDebInfo\lib\usd\schemas\ALMayaReference.h
[2023-02-02T19:01:39.333Z]     	    wrote W:\build\RelWithDebInfo\lib\usd\schemas\ALMayaReference.cpp
[2023-02-02T19:01:39.333Z]     	    wrote W:\build\RelWithDebInfo\lib\usd\schemas\wrapALMayaReference.cpp
[2023-02-02T19:01:39.333Z]     Loading Templates from p:\shared\Artifactory\Windows\USD\cfb3d8a\lib\usd\usd\resources\codegenTemplates
[2023-02-02T19:01:39.333Z]     	    wrote W:\build\RelWithDebInfo\lib\usd\schemas\plugInfo.json
[2023-02-02T19:01:39.333Z]     Generating Schematics:
[2023-02-02T19:01:39.333Z]     	    wrote W:\build\RelWithDebInfo\lib\usd\schemas\generatedSchema.usda
[2023-02-02T19:01:39.444Z]     -- promoting: S:/jenkins/workspace/ECP/ecg-maya-usd/ecg-mayausd-branch-preflight-2019-no-ufe-windows/ecg-maya-usd/maya-usd/lib/usd/utils/ALHalf.h
[2023-02-02T19:01:39.444Z]     -- promoting: S:/jenkins/workspace/ECP/ecg-maya-usd/ecg-mayausd-branch-preflight-2019-no-ufe-windows/ecg-maya-usd/maya-usd/lib/usd/utils/Api.h
[2023-02-02T19:01:39.444Z]     -- promoting: S:/jenkins/workspace/ECP/ecg-maya-usd/ecg-mayausd-branch-preflight-2019-no-ufe-windows/ecg-maya-usd/maya-usd/lib/usd/utils/DebugCodes.h
[2023-02-02T19:01:39.444Z]     -- promoting: S:/jenkins/workspace/ECP/ecg-maya-usd/ecg-mayausd-branch-preflight-2019-no-ufe-windows/ecg-maya-usd/maya-usd/lib/usd/utils/DiffCore.h
[2023-02-02T19:01:39.444Z]     -- promoting: S:/jenkins/workspace/ECP/ecg-maya-usd/ecg-mayausd-branch-preflight-2019-no-ufe-windows/ecg-maya-usd/maya-usd/lib/usd/utils/DiffPrims.h
[2023-02-02T19:01:39.444Z]     -- promoting: S:/jenkins/workspace/ECP/ecg-maya-usd/ecg-mayausd-branch-preflight-2019-no-ufe-windows/ecg-maya-usd/maya-usd/lib/usd/utils/MergePrims.h
[2023-02-02T19:01:39.444Z]     -- promoting: S:/jenkins/workspace/ECP/ecg-maya-usd/ecg-mayausd-branch-preflight-2019-no-ufe-windows/ecg-maya-usd/maya-usd/lib/usd/utils/MergePrimsOptions.h
[2023-02-02T19:01:39.444Z]     -- promoting: S:/jenkins/workspace/ECP/ecg-maya-usd/ecg-mayausd-branch-preflight-2019-no-ufe-windows/ecg-maya-usd/maya-usd/lib/usd/utils/ForwardDeclares.h
[2023-02-02T19:01:39.444Z]     -- promoting: S:/jenkins/workspace/ECP/ecg-maya-usd/ecg-mayausd-branch-preflight-2019-no-ufe-windows/ecg-maya-usd/maya-usd/lib/usd/utils/SIMD.h
[2023-02-02T19:01:39.444Z]     -- promoting: S:/jenkins/workspace/ECP/ecg-maya-usd/ecg-mayausd-branch-preflight-2019-no-ufe-windows/ecg-maya-usd/maya-usd/lib/usd/utils/util.h
[2023-02-02T19:01:39.444Z]     -- promoting: S:/jenkins/workspace/ECP/ecg-maya-usd/ecg-mayausd-branch-preflight-2019-no-ufe-windows/ecg-maya-usd/maya-usd/lib/usd/ui/importDialog/IMayaMQtUtil.h
[2023-02-02T19:01:39.444Z]     -- promoting: S:/jenkins/workspace/ECP/ecg-maya-usd/ecg-mayausd-branch-preflight-2019-no-ufe-windows/ecg-maya-usd/maya-usd/lib/usd/ui/importDialog/ItemDelegate.h
[2023-02-02T19:01:39.444Z]     -- promoting: S:/jenkins/workspace/ECP/ecg-maya-usd/ecg-mayausd-branch-preflight-2019-no-ufe-windows/ecg-maya-usd/maya-usd/lib/usd/ui/importDialog/IUSDImportView.h
[2023-02-02T19:01:39.444Z]     -- promoting: S:/jenkins/workspace/ECP/ecg-maya-usd/ecg-mayausd-branch-preflight-2019-no-ufe-windows/ecg-maya-usd/maya-usd/lib/usd/ui/importDialog/TreeItem.h
[2023-02-02T19:01:39.444Z]     -- promoting: S:/jenkins/workspace/ECP/ecg-maya-usd/ecg-mayausd-branch-preflight-2019-no-ufe-windows/ecg-maya-usd/maya-usd/lib/usd/ui/importDialog/TreeModel.h
[2023-02-02T19:01:39.444Z]     -- promoting: S:/jenkins/workspace/ECP/ecg-maya-usd/ecg-mayausd-branch-preflight-2019-no-ufe-windows/ecg-maya-usd/maya-usd/lib/usd/ui/importDialog/TreeModelFactory.h
[2023-02-02T19:01:39.444Z]     -- promoting: S:/jenkins/workspace/ECP/ecg-maya-usd/ecg-mayausd-branch-preflight-2019-no-ufe-windows/ecg-maya-usd/maya-usd/lib/usd/ui/importDialog/USDImportDialog.h
[2023-02-02T19:01:39.444Z]     -- promoting: S:/jenkins/workspace/ECP/ecg-maya-usd/ecg-mayausd-branch-preflight-2019-no-ufe-windows/ecg-maya-usd/maya-usd/lib/usd/ui/importDialog/USDImportDialogCmd.h
[2023-02-02T19:01:39.444Z]     -- promoting: S:/jenkins/workspace/ECP/ecg-maya-usd/ecg-mayausd-branch-preflight-2019-no-ufe-windows/ecg-maya-usd/maya-usd/lib/usd/ui/importDialog/USDQtUtil.h
[2023-02-02T19:01:39.444Z]     -- promoting: S:/jenkins/workspace/ECP/ecg-maya-usd/ecg-mayausd-branch-preflight-2019-no-ufe-windows/ecg-maya-usd/maya-usd/lib/usd/ui/api.h
[2023-02-02T19:01:39.444Z]     -- promoting: S:/jenkins/workspace/ECP/ecg-maya-usd/ecg-mayausd-branch-preflight-2019-no-ufe-windows/ecg-maya-usd/maya-usd/lib/usd/ui/initStringResources.h
[2023-02-02T19:01:39.444Z]     ========== Pixar USD Plugin ==========
[2023-02-02T19:01:39.555Z]     Compiling W:/build/RelWithDebInfo/plugin/pxr/__init__.py ...
[2023-02-02T19:01:39.667Z]     ========== AL USD Plugin ==========
[2023-02-02T19:01:39.667Z]     CMake Deprecation Warning at plugin/al/CMakeLists.txt:7 (cmake_policy):
[2023-02-02T19:01:39.667Z]       The OLD behavior for policy CMP0026 will be removed from a future version
[2023-02-02T19:01:39.667Z]       of CMake.
[2023-02-02T19:01:39.667Z]     
[2023-02-02T19:01:39.667Z]       The cmake-policies(7) manual explains that the OLD behaviors of all
[2023-02-02T19:01:39.667Z]       policies are deprecated and that a policy should be set to OLD only under
[2023-02-02T19:01:39.667Z]       specific short-term circumstances.  Projects should be ported to the NEW
[2023-02-02T19:01:39.667Z]       behavior and not rely on setting a policy to OLD.
[2023-02-02T19:01:39.667Z]     
[2023-02-02T19:01:39.667Z]     
[2023-02-02T19:01:39.778Z]     -- Found Boost 1.70.0 at P:/shared/Artifactory/Windows/USD/cfb3d8a/lib/cmake/Boost-1.70.0
[2023-02-02T19:01:39.778Z]     --   Requested configuration: QUIET REQUIRED
[2023-02-02T19:01:39.778Z]     -- Found boost_headers 1.70.0 at P:/shared/Artifactory/Windows/USD/cfb3d8a/lib/cmake/boost_headers-1.70.0
[2023-02-02T19:01:39.778Z]     -- Found Boost: P:/shared/Artifactory/Windows/USD/cfb3d8a/lib/cmake/Boost-1.70.0/BoostConfig.cmake (found version "1.70.0")
[2023-02-02T19:01:39.778Z]     -- Found Boost 1.70.0 at P:/shared/Artifactory/Windows/USD/cfb3d8a/lib/cmake/Boost-1.70.0
[2023-02-02T19:01:39.778Z]     --   Requested configuration: QUIET REQUIRED COMPONENTS python
[2023-02-02T19:01:39.778Z]     -- Found boost_python 1.70.0 at P:/shared/Artifactory/Windows/USD/cfb3d8a/lib/cmake/boost_python-1.70.0
[2023-02-02T19:01:39.778Z]     --   boost_python27-vc141-mt-x64-1_70.lib
[2023-02-02T19:01:39.778Z]     -- Adding boost_python dependencies: headers
[2023-02-02T19:01:39.778Z]     -- Found Boost: P:/shared/Artifactory/Windows/USD/cfb3d8a/lib/cmake/Boost-1.70.0/BoostConfig.cmake (found version "1.70.0") found components: python
[2023-02-02T19:01:40.402Z]     -- Found GTest: W:/build/RelWithDebInfo/googletest-install/lib/gtest.lib
[2023-02-02T19:01:42.543Z]     -- Building AL_USDMayaSchemas
[2023-02-02T19:01:43.164Z]     Processing schema classes:
[2023-02-02T19:01:43.164Z]     ALModelAPI, ALFrameRange
[2023-02-02T19:01:43.164Z]     Loading Templates from p:\shared\Artifactory\Windows\USD\cfb3d8a\lib\usd\usd\resources\codegenTemplates
[2023-02-02T19:01:43.164Z]     Writing API:
[2023-02-02T19:01:43.164Z]     	    wrote W:\build\RelWithDebInfo\plugin\al\schemas\AL\usd\schemas\maya\api.h
[2023-02-02T19:01:43.164Z]     Writing Schema Tokens:
[2023-02-02T19:01:43.164Z]     	    wrote W:\build\RelWithDebInfo\plugin\al\schemas\AL\usd\schemas\maya\tokens.h
[2023-02-02T19:01:43.164Z]     	    wrote W:\build\RelWithDebInfo\plugin\al\schemas\AL\usd\schemas\maya\tokens.cpp
[2023-02-02T19:01:43.164Z]     	    wrote W:\build\RelWithDebInfo\plugin\al\schemas\AL\usd\schemas\maya\wrapTokens.cpp
[2023-02-02T19:01:43.164Z]     Generating Classes:
[2023-02-02T19:01:43.164Z]     	    wrote W:\build\RelWithDebInfo\plugin\al\schemas\AL\usd\schemas\maya\ModelAPI.h
[2023-02-02T19:01:43.164Z]     	    wrote W:\build\RelWithDebInfo\plugin\al\schemas\AL\usd\schemas\maya\ModelAPI.cpp
[2023-02-02T19:01:43.164Z]     	    wrote W:\build\RelWithDebInfo\plugin\al\schemas\AL\usd\schemas\maya\wrapModelAPI.cpp
[2023-02-02T19:01:43.164Z]     	    wrote W:\build\RelWithDebInfo\plugin\al\schemas\AL\usd\schemas\maya\FrameRange.h
[2023-02-02T19:01:43.164Z]     	    wrote W:\build\RelWithDebInfo\plugin\al\schemas\AL\usd\schemas\maya\FrameRange.cpp
[2023-02-02T19:01:43.164Z]     	    wrote W:\build\RelWithDebInfo\plugin\al\schemas\AL\usd\schemas\maya\wrapFrameRange.cpp
[2023-02-02T19:01:43.164Z]     Loading Templates from p:\shared\Artifactory\Windows\USD\cfb3d8a\lib\usd\usd\resources\codegenTemplates
[2023-02-02T19:01:43.164Z]     	    wrote W:\build\RelWithDebInfo\plugin\al\schemas\AL\usd\schemas\maya\plugInfo.json
[2023-02-02T19:01:43.164Z]     Generating Schematics:
[2023-02-02T19:01:43.164Z]     	    wrote W:\build\RelWithDebInfo\plugin\al\schemas\AL\usd\schemas\maya\generatedSchema.usda
[2023-02-02T19:01:44.493Z]     Processing schema classes:
[2023-02-02T19:01:44.493Z]     ALExamplePolyCubeNode
[2023-02-02T19:01:44.493Z]     Loading Templates from p:\shared\Artifactory\Windows\USD\cfb3d8a\lib\usd\usd\resources\codegenTemplates
[2023-02-02T19:01:44.493Z]     Writing API:
[2023-02-02T19:01:44.493Z]     	    wrote W:\build\RelWithDebInfo\plugin\al\schemas\AL\usd\schemas\mayatest\api.h
[2023-02-02T19:01:44.493Z]     Writing Schema Tokens:
[2023-02-02T19:01:44.493Z]     	    wrote W:\build\RelWithDebInfo\plugin\al\schemas\AL\usd\schemas\mayatest\tokens.h
[2023-02-02T19:01:44.493Z]     	    wrote W:\build\RelWithDebInfo\plugin\al\schemas\AL\usd\schemas\mayatest\tokens.cpp
[2023-02-02T19:01:44.493Z]     	    wrote W:\build\RelWithDebInfo\plugin\al\schemas\AL\usd\schemas\mayatest\wrapTokens.cpp
[2023-02-02T19:01:44.493Z]     Generating Classes:
[2023-02-02T19:01:44.493Z]     	    wrote W:\build\RelWithDebInfo\plugin\al\schemas\AL\usd\schemas\mayatest\ExamplePolyCubeNode.h
[2023-02-02T19:01:44.493Z]     	    wrote W:\build\RelWithDebInfo\plugin\al\schemas\AL\usd\schemas\mayatest\ExamplePolyCubeNode.cpp
[2023-02-02T19:01:44.493Z]     	    wrote W:\build\RelWithDebInfo\plugin\al\schemas\AL\usd\schemas\mayatest\wrapExamplePolyCubeNode.cpp
[2023-02-02T19:01:44.493Z]     Loading Templates from p:\shared\Artifactory\Windows\USD\cfb3d8a\lib\usd\usd\resources\codegenTemplates
[2023-02-02T19:01:44.493Z]     	    wrote W:\build\RelWithDebInfo\plugin\al\schemas\AL\usd\schemas\mayatest\plugInfo.json
[2023-02-02T19:01:44.493Z]     Generating Schematics:
[2023-02-02T19:01:44.493Z]     	    wrote W:\build\RelWithDebInfo\plugin\al\schemas\AL\usd\schemas\mayatest\generatedSchema.usda
[2023-02-02T19:01:44.493Z]     -- Building AL_USDMayaTranslators
[2023-02-02T19:01:44.604Z]     ========== ADSK USD Plugin ==========
[2023-02-02T19:01:44.719Z]     -- Configuring done
[2023-02-02T19:01:46.657Z]     -- Generating done
[2023-02-02T19:01:46.657Z]     CMake Warning:
[2023-02-02T19:01:46.657Z]       Manually-specified variables were not used by the project:
[2023-02-02T19:01:46.657Z]     
[2023-02-02T19:01:46.657Z]         MAYA_DEVKIT_LOCATION
[2023-02-02T19:01:46.657Z]     
[2023-02-02T19:01:46.657Z]     
[2023-02-02T19:01:46.657Z]     -- Build files have been written to: W:/build/RelWithDebInfo
[2023-02-02T19:01:46.657Z]     
[2023-02-02T19:01:46.657Z]         Building with settings:
[2023-02-02T19:01:46.657Z]           Source directory          S:\jenkins\workspace\ECP\ecg-maya-usd\ecg-mayausd-branch-preflight-2019-no-ufe-windows\ecg-maya-usd\maya-usd
[2023-02-02T19:01:46.657Z]           Workspace directory       W:\
[2023-02-02T19:01:46.657Z]           Build directory           W:\build\RelWithDebInfo
[2023-02-02T19:01:46.657Z]           Install directory         W:\install\RelWithDebInfo\MayaUSD
[2023-02-02T19:01:46.657Z]           Variant                   RelWithDebInfo
[2023-02-02T19:01:46.657Z]           Python Debug              Off
[2023-02-02T19:01:46.657Z]           CMake generator           Ninja
[2023-02-02T19:01:46.657Z]           Build arguments           ['-DCMAKE_MAKE_PROGRAM=P:/shared/Artifactory/Windows/ninja/1.9.0/c68f192/ninja.exe', '-DPYTHON_INCLUDE_DIR=P:/shared/Artifactory/Windows/rundev-2019/202003131251/runtime/155eb96/runTime/include/Python2.7', '-DPython_EXECUTABLE=P:/shared/Artifactory/Windows/rundev-2019/202003131251/runtime/155eb96/runTime/bin/mayapy.exe', '-DPYTHON_LIBRARIES=P:/shared/Artifactory/Windows/rundev-2019/202003131251/runtime/155eb96/runTime/lib/python27.lib', '-DCMAKE_WANT_UFE_BUILD=OFF', '-DUSD_LIB_PREFIX=', '-DCMAKE_WANT_MATERIALX_BUILD=ON', '-DCMAKE_PREFIX_PATH=P:\\shared\\Artifactory\\Windows\\USD\\cfb3d8a']
[2023-02-02T19:01:46.657Z]           Stages arguments          ['configure']
[2023-02-02T19:01:46.657Z]           CTest arguments           ['-E testUsdReferenceAssemblySelection|testUsdMayaAppDir', '-LE interactive', '--parallel 16']
[2023-02-02T19:01:46.657Z]     Success MayaUSD build and install !!!!
[2023-02-02T19:01:46.657Z]     Elapsed time: 00:00:31
[Pipeline] bat
[2023-02-02T19:01:47.071Z] Deleting alias drive W:
[Pipeline] bat
[2023-02-02T19:01:47.366Z] Deleting alias drive P:
[Pipeline] }
[Pipeline] // withEnv
[Pipeline] }
[Pipeline] // timeout
[Pipeline] }
[Pipeline] // stage
[Pipeline] }
[Pipeline] // timestamps
[Pipeline] timestamps
[Pipeline] {
[Pipeline] stage
[Pipeline] { (Build)
[Pipeline] timeout
[2023-02-02T19:01:47.650Z] Timeout set to expire in 6 hr 0 min
[Pipeline] {
[Pipeline] withEnv
[Pipeline] {
[Pipeline] bat
[2023-02-02T19:01:47.943Z] Creating alias drive P: to S:\jenkins\workspace
[Pipeline] bat
[2023-02-02T19:01:48.332Z] Creating alias drive W: to S:\jenkins\workspace\ECP\ecg-maya-usd\ecg-mayausd-branch-preflight-2019-no-ufe-windows
[Pipeline] bat
[2023-02-02T19:01:48.871Z] "C:\Program Files (x86)\Microsoft Visual Studio\2017\Professional\VC\Auxiliary\Build\vcvarsall.bat" x64
[2023-02-02T19:01:49.082Z] **********************************************************************
[2023-02-02T19:01:49.082Z] ** Visual Studio 2017 Developer Command Prompt v15.9.15
[2023-02-02T19:01:49.082Z] ** Copyright (c) 2017 Microsoft Corporation
[2023-02-02T19:01:49.082Z] **********************************************************************
[2023-02-02T19:01:50.104Z] [vcvarsall.bat] Environment initialized for: 'x64'
[2023-02-02T19:01:50.104Z] python ecg-maya-usd/build.py --stages=build --workspace-dir=W:\ --artifactory-dir=P:\shared\Artifactory --build-dir=W:\build --install-dir=W:\install --signing-dir=W:\signing --package-dir=W:\package --output-dir=W:\output --stash-dir=W:\stash --jenkins-build=652 --git-commit=f16140ee2a8305b269f02e01f806477c7f1eb6dd --git-branch=master --variants=RelWithDebInfo --python=2.7 --ufe=false --pxrusd-version=0.21.05-gold --post-zips=false --build-retry=3 --maya-cut-config=maya-rundev-2019.yaml --maya-package=rundev-2019 --stage-banner
[2023-02-02T19:01:51.123Z] Using Maya cut from P:\shared\Artifactory\Windows\rundev-2019\202003131251\runtime\155eb96
[2023-02-02T19:01:51.123Z] 
[2023-02-02T19:01:51.123Z] ================================================================================
[2023-02-02T19:01:51.123Z]                              build (RelWithDebInfo)
[2023-02-02T19:01:51.123Z] ================================================================================
[2023-02-02T19:01:51.123Z] Maya Python RelWithDebInfo Info:
[2023-02-02T19:01:51.123Z]   mayapy executable   = P:\shared\Artifactory\Windows\rundev-2019\202003131251\runtime\155eb96\runTime\bin\mayapy.exe
[2023-02-02T19:01:51.123Z]   Include Folder      = P:\shared\Artifactory\Windows\rundev-2019\202003131251\runtime\155eb96\runTime\include\Python2.7
[2023-02-02T19:01:51.123Z]   Library             = P:\shared\Artifactory\Windows\rundev-2019\202003131251\runtime\155eb96\runTime\lib\python27.lib
[2023-02-02T19:01:51.123Z]   site-package Folder = P:\shared\Artifactory\Windows\rundev-2019\202003131251\runtime\155eb96\runTime\Python\Lib\site-packages
[2023-02-02T19:01:51.943Z] In workdir: S:\jenkins\workspace\ECP\ecg-maya-usd\ecg-mayausd-branch-preflight-2019-no-ufe-windows\ecg-maya-usd\maya-usd
[2023-02-02T19:01:51.943Z] Executing: 'P:\\shared\\Artifactory\\Windows\\rundev-2019\\202003131251\\runtime\\155eb96\\runTime\\bin\\mayapy.exe' 'S:\\jenkins\\workspace\\ECP\\ecg-maya-usd\\ecg-mayausd-branch-preflight-2019-no-ufe-windows\\ecg-maya-usd\\maya-usd\\build.py' --generator Ninja --build-relwithdebug --maya-location 'P:\\shared\\Artifactory\\Windows\\rundev-2019\\202003131251\\runtime\\155eb96\\runTime' --devkit-location 'P:\\shared\\Artifactory\\Windows\\rundev-2019\\202003131251\\runtime\\155eb96\\devkitBase' --pxrusd-location 'P:\\shared\\Artifactory\\Windows\\USD\\cfb3d8a' --qt-location 'P:\\shared\\Artifactory\\Windows\\qt\\5.6.1\\1acd0ba' '--build-args=-DCMAKE_MAKE_PROGRAM=P:/shared/Artifactory/Windows/ninja/1.9.0/c68f192/ninja.exe,-DPYTHON_INCLUDE_DIR=P:/shared/Artifactory/Windows/rundev-2019/202003131251/runtime/155eb96/runTime/include/Python2.7,-DPython_EXECUTABLE=P:/shared/Artifactory/Windows/rundev-2019/202003131251/runtime/155eb96/runTime/bin/mayapy.exe,-DPYTHON_LIBRARIES=P:/shared/Artifactory/Windows/rundev-2019/202003131251/runtime/155eb96/runTime/lib/python27.lib,-DCMAKE_WANT_UFE_BUILD=OFF,-DUSD_LIB_PREFIX=,-DCMAKE_WANT_MATERIALX_BUILD=ON,-DCMAKE_PREFIX_PATH=P:\\shared\\Artifactory\\Windows\\USD\\cfb3d8a' '--ctest-args=-E testUsdReferenceAssemblySelection|testUsdMayaAppDir,-LE interactive,--parallel 16' --stages=build --redirect-outstream-file=False --install-location 'W:\\install\\RelWithDebInfo\\MayaUSD' 'W:\\'
[2023-02-02T19:01:51.943Z] Modified environment variables:
[2023-02-02T19:01:51.943Z]     PATH=P:\shared\Artifactory\Windows\cmake\3.20.3\afe857a\bin;C:\Python27\lib\site-packages\pywin32_system32;C:\Program Files (x86)\Microsoft Visual Studio\2017\Professional\VC\Tools\MSVC\14.16.27023\bin\HostX64\x64;C:\Program Files (x86)\Microsoft Visual Studio\2017\Professional\Common7\IDE\VC\VCPackages;C:\Program Files (x86)\Microsoft Visual Studio\2017\Professional\Common7\IDE\CommonExtensions\Microsoft\TestWindow;C:\Program Files (x86)\Microsoft Visual Studio\2017\Professional\Common7\IDE\CommonExtensions\Microsoft\TeamFoundation\Team Explorer;C:\Program Files (x86)\Microsoft Visual Studio\2017\Professional\MSBuild\15.0\bin\Roslyn;C:\Program Files (x86)\Microsoft Visual Studio\2017\Professional\Team Tools\Performance Tools\x64;C:\Program Files (x86)\Microsoft Visual Studio\2017\Professional\Team Tools\Performance Tools;C:\Program Files (x86)\Microsoft Visual Studio\Shared\Common\VSPerfCollectionTools\\x64;C:\Program Files (x86)\Microsoft Visual Studio\Shared\Common\VSPerfCollectionTools\;C:\Program Files (x86)\Microsoft SDKs\Windows\v10.0A\bin\NETFX 4.6.1 Tools\x64\;C:\Program Files (x86)\HTML Help Workshop;C:\Program Files (x86)\Windows Kits\10\bin\10.0.18362.0\x64;C:\Program Files (x86)\Windows Kits\10\bin\x64;C:\Program Files (x86)\Microsoft Visual Studio\2017\Professional\\MSBuild\15.0\bin;C:\WINDOWS\Microsoft.NET\Framework64\v4.0.30319;C:\Program Files (x86)\Microsoft Visual Studio\2017\Professional\Common7\IDE\;C:\Program Files (x86)\Microsoft Visual Studio\2017\Professional\Common7\Tools\;C:\Python27\;C:\Python27\Scripts;C:\WINDOWS\system32;C:\WINDOWS;C:\WINDOWS\System32\Wbem;C:\WINDOWS\System32\WindowsPowerShell\v1.0\;C:\WINDOWS\System32\OpenSSH\;C:\ProgramData\chocolatey\bin;C:\Program Files (x86)\WiX Toolset v3.7\bin;C:\Program Files\dotnet\;C:\Program Files (x86)\Windows Kits\10\bin\10.0.18362.0\x64;C:\Program Files\Zulu\zulu-11\bin\;C:\Program Files (x86)\Windows Kits\10\bin\10.0.17763.0\x64;C:\Program Files (x86)\Windows Kits\10\bin\x64;C:\Program Files\Git\cmd;C:\Program Files\Git\usr\bin;C:\Program Files\Git\mingw64\bin;C:\Program Files\Git\bin;C:\Python38\;C:\Python38\Scripts;C:\StoreBoxClientWindows;C:\Program Files\Electric Cloud\ElectricCommander\bin;C:\Program Files\WinRAR;C:\Program Files\7-Zip;C:\Users\Administrator\AppData\Local\Microsoft\WindowsApps;C:\Program Files (x86)\Microsoft Visual Studio\2017\Professional\Common7\IDE\CommonExtensions\Microsoft\CMake\CMake\bin;C:\Program Files (x86)\Microsoft Visual Studio\2017\Professional\Common7\IDE\CommonExtensions\Microsoft\CMake\Ninja
[2023-02-02T19:01:53.692Z]     [1/621] Building CXX object test\lib\usd\utils\CMakeFiles\testDiffValues.dir\main.cpp.obj
[2023-02-02T19:01:53.692Z]     [2/621] Building CXX object test\lib\usd\utils\CMakeFiles\testDiffLists.dir\main.cpp.obj
[2023-02-02T19:01:53.692Z]     [3/621] Building CXX object test\lib\usd\utils\CMakeFiles\testDiffCore.dir\main.cpp.obj
[2023-02-02T19:01:54.209Z]     [4/621] Building CXX object test\lib\usd\utils\CMakeFiles\testDiffCore.dir\test_DiffCore.cpp.obj
[2023-02-02T19:01:54.746Z]     [5/621] Building CXX object test\lib\usd\utils\CMakeFiles\testDiffPrims.dir\main.cpp.obj
[2023-02-02T19:01:55.262Z]     [6/621] Building CXX object test\lib\usd\utils\CMakeFiles\testDiffDictionaries.dir\main.cpp.obj
[2023-02-02T19:02:02.818Z]     [7/621] Building CXX object test\lib\usd\utils\CMakeFiles\testDiffPrims.dir\test_DiffPrims.cpp.obj
[2023-02-02T19:02:02.818Z]     [8/621] Building CXX object test\lib\usd\utils\CMakeFiles\testDiffPrims.dir\test_DiffPrimsChildren.cpp.obj
[2023-02-02T19:02:03.194Z]     [9/621] Building CXX object test\lib\usd\utils\CMakeFiles\testDiffAttributes.dir\test_DiffAttributes.cpp.obj
[2023-02-02T19:02:03.329Z]     [10/621] Building CXX object test\lib\usd\utils\CMakeFiles\testDiffPrims.dir\test_DiffPrimsAttributes.cpp.obj
[2023-02-02T19:02:03.329Z]     [11/621] Building CXX object test\lib\usd\utils\CMakeFiles\testDiffPrims.dir\test_DiffPrimsRelations.cpp.obj
[2023-02-02T19:02:03.844Z]     [12/621] Building CXX object test\lib\usd\utils\CMakeFiles\testDiffValues.dir\test_DiffValuesIntVecs.cpp.obj
[2023-02-02T19:02:03.955Z]     [13/621] Building CXX object test\lib\usd\utils\CMakeFiles\testDiffValues.dir\test_DiffValues.cpp.obj
[2023-02-02T19:02:03.955Z]     [14/621] Building CXX object test\lib\usd\utils\CMakeFiles\testDiffDictionaries.dir\test_DiffDictionaries.cpp.obj
[2023-02-02T19:02:04.303Z]     [15/621] Building CXX object test\lib\usd\utils\CMakeFiles\testDiffValues.dir\test_DiffValuesMatrices.cpp.obj
[2023-02-02T19:02:04.534Z]     [16/621] Building CXX object test\lib\usd\utils\CMakeFiles\testDiffValues.dir\test_DiffValuesQuaternions.cpp.obj
[2023-02-02T19:02:04.650Z]     [17/621] Building CXX object test\lib\usd\utils\CMakeFiles\testDiffLists.dir\test_DiffLists.cpp.obj
[2023-02-02T19:02:04.650Z]     [18/621] Building CXX object test\lib\usd\utils\CMakeFiles\testDiffValues.dir\test_DiffValuesGeneric.cpp.obj
[2023-02-02T19:02:04.879Z]     [19/621] Building CXX object test\lib\usd\utils\CMakeFiles\testDiffValues.dir\test_DiffValuesFloatVecs.cpp.obj
[2023-02-02T19:02:04.992Z]     [20/621] Building CXX object test\lib\usd\utils\CMakeFiles\testDiffValues.dir\test_DiffValuesDoubleVecs.cpp.obj
[2023-02-02T19:02:05.311Z]     [21/621] Building CXX object test\lib\usd\utils\CMakeFiles\testDiffValues.dir\test_DiffValuesArrays.cpp.obj
[2023-02-02T19:02:05.311Z]     [22/621] Building CXX object test\lib\usd\utils\CMakeFiles\testDiffValues.dir\test_DiffValuesHalfVecs.cpp.obj
[2023-02-02T19:02:05.636Z]     [23/621] Building CXX object lib\mayaUsd\CMakeFiles\mayaUsd.dir\base\debugCodes.cpp.obj
[2023-02-02T19:02:05.746Z]     [24/621] Building CXX object test\lib\usd\utils\CMakeFiles\testDiffMetadatas.dir\main.cpp.obj
[2023-02-02T19:02:05.746Z]     [25/621] Building CXX object test\lib\usd\utils\CMakeFiles\testDiffRelationships.dir\main.cpp.obj
[2023-02-02T19:02:05.746Z]     [26/621] Building CXX object test\lib\usd\utils\CMakeFiles\testDiffAttributes.dir\main.cpp.obj
[2023-02-02T19:02:05.857Z]     [27/621] Building CXX object test\lib\usd\utils\CMakeFiles\testMergePrims.dir\main.cpp.obj
[2023-02-02T19:02:05.857Z]     [28/621] Building CXX object lib\mayaUsd\CMakeFiles\mayaUsd.dir\base\tokens.cpp.obj
[2023-02-02T19:02:05.857Z]     [29/621] Building CXX object test\lib\usd\utils\CMakeFiles\testDiffComputeOverall.dir\main.cpp.obj
[2023-02-02T19:02:06.270Z]     [30/621] Building CXX object lib\mayaUsd\CMakeFiles\mayaUsd.dir\commands\layerEditorWindowCommand.cpp.obj
[2023-02-02T19:02:09.422Z]     [31/621] Building CXX object lib\mayaUsd\CMakeFiles\mayaUsd.dir\fileio\jobContextRegistry.cpp.obj
[2023-02-02T19:02:11.326Z]     [32/621] Building CXX object lib\mayaUsd\CMakeFiles\mayaUsd.dir\commands\baseListJobContextsCommand.cpp.obj
[2023-02-02T19:02:11.326Z]     [33/621] Building CXX object lib\mayaUsd\CMakeFiles\mayaUsd.dir\fileio\fallbackPrimReader.cpp.obj
[2023-02-02T19:02:11.519Z]     [34/621] Building CXX object lib\mayaUsd\CMakeFiles\mayaUsd.dir\commands\editTargetCommand.cpp.obj
[2023-02-02T19:02:11.667Z]     [35/621] Building CXX object lib\mayaUsd\CMakeFiles\mayaUsd.dir\commands\baseImportCommand.cpp.obj
[2023-02-02T19:02:11.991Z]     [36/621] Building CXX object test\lib\usd\utils\CMakeFiles\testDiffComputeOverall.dir\test_DiffComputeOverall.cpp.obj
[2023-02-02T19:02:11.991Z]     [37/621] Building CXX object test\lib\usd\utils\CMakeFiles\testDiffMetadatas.dir\test_DiffMetadatas.cpp.obj
[2023-02-02T19:02:12.102Z]     [38/621] Building CXX object test\lib\usd\utils\CMakeFiles\testDiffRelationships.dir\test_DiffRelationships.cpp.obj
[2023-02-02T19:02:12.319Z]     [39/621] Building CXX object test\lib\usd\utils\CMakeFiles\testMergePrims.dir\test_MergePrims.cpp.obj
[2023-02-02T19:02:12.861Z]     [40/621] Building CXX object lib\mayaUsd\CMakeFiles\mayaUsd.dir\fileio\primReader.cpp.obj
[2023-02-02T19:02:12.861Z]     [41/621] Building CXX object lib\mayaUsd\CMakeFiles\mayaUsd.dir\commands\baseExportCommand.cpp.obj
[2023-02-02T19:02:13.188Z]     [42/621] Building CXX object lib\mayaUsd\CMakeFiles\mayaUsd.dir\fileio\functorPrimReader.cpp.obj
[2023-02-02T19:02:13.188Z]     [43/621] Building CXX object lib\mayaUsd\CMakeFiles\mayaUsd.dir\commands\layerEditorCommand.cpp.obj
[2023-02-02T19:02:13.816Z]     [44/621] Building CXX object lib\mayaUsd\CMakeFiles\mayaUsd.dir\fileio\functorPrimWriter.cpp.obj
[2023-02-02T19:02:14.350Z]     [45/621] Building CXX object lib\mayaUsd\CMakeFiles\mayaUsd.dir\fileio\instancedNodeWriter.cpp.obj
[2023-02-02T19:02:14.875Z]     [46/621] Building CXX object lib\mayaUsd\CMakeFiles\mayaUsd.dir\commands\baseListShadingModesCommand.cpp.obj
[2023-02-02T19:02:17.026Z]     [47/621] Building CXX object lib\mayaUsd\CMakeFiles\mayaUsd.dir\fileio\primReaderArgs.cpp.obj
[2023-02-02T19:02:17.561Z]     [48/621] Building CXX object lib\mayaUsd\CMakeFiles\mayaUsd.dir\fileio\registryHelper.cpp.obj
[2023-02-02T19:02:17.561Z]     [49/621] Building CXX object lib\mayaUsd\CMakeFiles\mayaUsd.dir\fileio\primWriterContext.cpp.obj
[2023-02-02T19:02:17.980Z]     [50/621] Building CXX object lib\mayaUsd\CMakeFiles\mayaUsd.dir\fileio\primReaderContext.cpp.obj
[2023-02-02T19:02:18.509Z]     [51/621] Building CXX object lib\mayaUsd\CMakeFiles\mayaUsd.dir\fileio\importData.cpp.obj
[2023-02-02T19:02:18.509Z]     [52/621] Building CXX object lib\mayaUsd\CMakeFiles\mayaUsd.dir\fileio\primWriterArgs.cpp.obj
[2023-02-02T19:02:19.255Z]     [53/621] Building CXX object lib\mayaUsd\CMakeFiles\mayaUsd.dir\fileio\primWriterRegistry.cpp.obj
[2023-02-02T19:02:19.255Z]     [54/621] Building CXX object lib\mayaUsd\CMakeFiles\mayaUsd.dir\fileio\primReaderRegistry.cpp.obj
[2023-02-02T19:02:19.470Z]     [55/621] Building CXX object lib\mayaUsd\CMakeFiles\mayaUsd.dir\fileio\primWriter.cpp.obj
[2023-02-02T19:02:19.797Z]     [56/621] Building CXX object lib\mayaUsd\CMakeFiles\mayaUsd.dir\fileio\shaderWriter.cpp.obj
[2023-02-02T19:02:20.122Z]     [57/621] Building CXX object lib\mayaUsd\CMakeFiles\mayaUsd.dir\fileio\schemaApiAdaptor.cpp.obj
[2023-02-02T19:02:20.748Z]     [58/621] Building CXX object lib\mayaUsd\CMakeFiles\mayaUsd.dir\fileio\shaderReaderRegistry.cpp.obj
[2023-02-02T19:02:20.867Z]     [59/621] Building CXX object lib\mayaUsd\CMakeFiles\mayaUsd.dir\fileio\chaser\exportChaser.cpp.obj
[2023-02-02T19:02:21.084Z]     [60/621] Building CXX object lib\mayaUsd\CMakeFiles\mayaUsd.dir\fileio\schemaApiAdaptorRegistry.cpp.obj
[2023-02-02T19:02:21.502Z]     [61/621] Building CXX object lib\mayaUsd\CMakeFiles\mayaUsd.dir\fileio\shaderReader.cpp.obj
[2023-02-02T19:02:23.246Z]     [62/621] Building CXX object lib\mayaUsd\CMakeFiles\mayaUsd.dir\fileio\transformWriter.cpp.obj
[2023-02-02T19:02:23.989Z]     [63/621] Building CXX object lib\mayaUsd\CMakeFiles\mayaUsd.dir\fileio\writeJobContext.cpp.obj
[2023-02-02T19:02:24.631Z]     [64/621] Building CXX object lib\mayaUsd\CMakeFiles\mayaUsd.dir\fileio\translators\translatorGprim.cpp.obj
[2023-02-02T19:02:25.407Z]     [65/621] Building CXX object lib\mayaUsd\CMakeFiles\mayaUsd.dir\fileio\shaderWriterRegistry.cpp.obj
[2023-02-02T19:02:25.728Z]     [66/621] Building CXX object lib\mayaUsd\CMakeFiles\mayaUsd.dir\fileio\translators\translatorMayaReference.cpp.obj
[2023-02-02T19:02:26.259Z]     [67/621] Building CXX object lib\mayaUsd\CMakeFiles\mayaUsd.dir\fileio\translators\translatorCurves.cpp.obj
[2023-02-02T19:02:26.376Z]     [68/621] Building CXX object lib\mayaUsd\CMakeFiles\mayaUsd.dir\fileio\translators\translatorMesh.cpp.obj
[2023-02-02T19:02:26.498Z]     [69/621] Building CXX object lib\mayaUsd\CMakeFiles\mayaUsd.dir\fileio\translators\translatorLight.cpp.obj
[2023-02-02T19:02:26.713Z]     [70/621] Building CXX object lib\mayaUsd\CMakeFiles\mayaUsd.dir\fileio\translators\translatorMaterial.cpp.obj
[2023-02-02T19:02:27.550Z]     [71/621] Building CXX object lib\mayaUsd\CMakeFiles\mayaUsd.dir\fileio\jobs\meshDataReadJob.cpp.obj
[2023-02-02T19:02:28.179Z]     [72/621] Building CXX object lib\mayaUsd\CMakeFiles\mayaUsd.dir\fileio\chaser\exportChaserRegistry.cpp.obj
[2023-02-02T19:02:28.294Z]     [73/621] Building CXX object lib\mayaUsd\CMakeFiles\mayaUsd.dir\fileio\chaser\importChaser.cpp.obj
[2023-02-02T19:02:28.627Z]     [74/621] Building CXX object lib\mayaUsd\CMakeFiles\mayaUsd.dir\fileio\chaser\importChaserRegistry.cpp.obj
[2023-02-02T19:02:29.456Z]     [75/621] Building CXX object lib\mayaUsd\CMakeFiles\mayaUsd.dir\fileio\jobs\modelKindProcessor.cpp.obj
[2023-02-02T19:02:32.285Z]     [76/621] Building CXX object lib\mayaUsd\CMakeFiles\mayaUsd.dir\fileio\jobs\readJob.cpp.obj
[2023-02-02T19:02:32.507Z]     [77/621] Building CXX object lib\mayaUsd\CMakeFiles\mayaUsd.dir\fileio\jobs\jobArgs.cpp.obj
[2023-02-02T19:02:33.031Z]     [78/621] Building CXX object lib\mayaUsd\CMakeFiles\mayaUsd.dir\fileio\shading\shadingModeExporter.cpp.obj
[2023-02-02T19:02:33.031Z]     [79/621] Building CXX object lib\mayaUsd\CMakeFiles\mayaUsd.dir\fileio\jobs\writeJob.cpp.obj
[2023-02-02T19:02:33.877Z]     [80/621] Building CXX object lib\mayaUsd\CMakeFiles\mayaUsd.dir\fileio\shading\symmetricShaderReader.cpp.obj
[2023-02-02T19:02:34.016Z]     [81/621] Building CXX object lib\mayaUsd\CMakeFiles\mayaUsd.dir\fileio\shading\shadingModeRegistry.cpp.obj
[2023-02-02T19:02:34.584Z]     [82/621] Building CXX object lib\mayaUsd\CMakeFiles\mayaUsd.dir\fileio\shading\shadingModeDisplayColor.cpp.obj
[2023-02-02T19:02:35.954Z]     [83/621] Building CXX object lib\mayaUsd\CMakeFiles\mayaUsd.dir\fileio\shading\shadingModeExporterContext.cpp.obj
[2023-02-02T19:02:36.380Z]     [84/621] Building CXX object lib\mayaUsd\CMakeFiles\mayaUsd.dir\listeners\stageNoticeListener.cpp.obj
[2023-02-02T19:02:36.798Z]     [85/621] Building CXX object lib\mayaUsd\CMakeFiles\mayaUsd.dir\fileio\shading\shadingModeUseRegistry.cpp.obj
[2023-02-02T19:02:37.115Z]     [86/621] Building CXX object lib\mayaUsd\CMakeFiles\mayaUsd.dir\fileio\shading\shadingModePxrRis.cpp.obj
[2023-02-02T19:02:37.539Z]     [87/621] Building CXX object lib\mayaUsd\CMakeFiles\mayaUsd.dir\fileio\shading\shadingModeImporter.cpp.obj
[2023-02-02T19:02:38.274Z]     [88/621] Building CXX object lib\mayaUsd\CMakeFiles\mayaUsd.dir\nodes\pointBasedDeformerNode.cpp.obj
[2023-02-02T19:02:38.498Z]     [89/621] Building CXX object lib\mayaUsd\CMakeFiles\mayaUsd.dir\fileio\translators\skelBindingsProcessor.cpp.obj
[2023-02-02T19:02:39.333Z]     [90/621] Building CXX object lib\mayaUsd\CMakeFiles\mayaUsd.dir\fileio\translators\translatorCamera.cpp.obj
[2023-02-02T19:02:39.333Z]     [91/621] Building CXX object lib\mayaUsd\CMakeFiles\mayaUsd.dir\fileio\shading\symmetricShaderWriter.cpp.obj
[2023-02-02T19:02:40.263Z]     [92/621] Building CXX object lib\mayaUsd\CMakeFiles\mayaUsd.dir\nodes\proxyAccessor.cpp.obj
[2023-02-02T19:02:40.578Z]     [93/621] Building CXX object lib\mayaUsd\CMakeFiles\mayaUsd.dir\nodes\hdImagingShape.cpp.obj
[2023-02-02T19:02:41.205Z]     [94/621] Building CXX object lib\mayaUsd\CMakeFiles\mayaUsd.dir\fileio\translators\translatorRfMLight.cpp.obj
[2023-02-02T19:02:41.724Z]     [95/621] Building CXX object lib\mayaUsd\CMakeFiles\mayaUsd.dir\fileio\translators\translatorRfMLight_deprecated.cpp.obj
[2023-02-02T19:02:42.459Z]     [96/621] Building CXX object lib\mayaUsd\CMakeFiles\mayaUsd.dir\fileio\translators\translatorSkel.cpp.obj
[2023-02-02T19:02:43.619Z]     [97/621] Building CXX object lib\mayaUsd\CMakeFiles\mayaUsd.dir\nodes\proxyShapePlugin.cpp.obj
[2023-02-02T19:02:44.357Z]     [98/621] Building CXX object lib\mayaUsd\CMakeFiles\mayaUsd.dir\fileio\translators\translatorPrim.cpp.obj
[2023-02-02T19:02:44.357Z]     [99/621] Building CXX object lib\mayaUsd\CMakeFiles\mayaUsd.dir\nodes\proxyShapeBase.cpp.obj
[2023-02-02T19:02:44.781Z]     [100/621] Building CXX object lib\mayaUsd\CMakeFiles\mayaUsd.dir\fileio\translators\translatorNurbsPatch.cpp.obj
[2023-02-02T19:02:45.718Z]     [101/621] Building CXX object lib\mayaUsd\CMakeFiles\mayaUsd.dir\fileio\translators\translatorXformable.cpp.obj
[2023-02-02T19:02:46.704Z]     [102/621] Building CXX object lib\mayaUsd\CMakeFiles\mayaUsd.dir\fileio\utils\jointWriteUtils.cpp.obj
[2023-02-02T19:02:47.236Z]     [103/621] Building CXX object lib\mayaUsd\CMakeFiles\mayaUsd.dir\fileio\utils\meshReadUtils.cpp.obj
[2023-02-02T19:02:47.236Z]     [104/621] Building CXX object lib\mayaUsd\CMakeFiles\mayaUsd.dir\fileio\utils\adaptor.cpp.obj
[2023-02-02T19:02:47.461Z]     [105/621] Building CXX object lib\mayaUsd\CMakeFiles\mayaUsd.dir\fileio\translators\translatorXformable_decompose.cpp.obj
[2023-02-02T19:02:47.461Z]     [106/621] Building CXX object lib\mayaUsd\CMakeFiles\mayaUsd.dir\fileio\translators\translatorUtil.cpp.obj
[2023-02-02T19:02:47.689Z]     [107/621] Building CXX object lib\mayaUsd\CMakeFiles\mayaUsd.dir\render\vp2RenderDelegate\bboxGeom.cpp.obj
[2023-02-02T19:02:47.802Z]     [108/621] Building CXX object lib\mayaUsd\CMakeFiles\mayaUsd.dir\listeners\notice.cpp.obj
[2023-02-02T19:02:48.119Z]     [109/621] Building CXX object lib\mayaUsd\CMakeFiles\mayaUsd.dir\fileio\utils\userTaggedAttribute.cpp.obj
[2023-02-02T19:02:48.439Z]     [110/621] Building CXX object lib\mayaUsd\CMakeFiles\mayaUsd.dir\render\vp2RenderDelegate\debugCodes.cpp.obj
[2023-02-02T19:02:48.572Z]     [111/621] Building CXX object lib\mayaUsd\CMakeFiles\mayaUsd.dir\render\pxrUsdMayaGL\userData.cpp.obj
[2023-02-02T19:02:49.109Z]     [112/621] Building CXX object lib\mayaUsd\CMakeFiles\mayaUsd.dir\fileio\utils\shadingUtil.cpp.obj
[2023-02-02T19:02:49.335Z]     [113/621] Building CXX object lib\mayaUsd\CMakeFiles\mayaUsd.dir\fileio\utils\roundTripUtil.cpp.obj
[2023-02-02T19:02:49.464Z]     [114/621] Building CXX object lib\mayaUsd\CMakeFiles\mayaUsd.dir\render\px_vp20\glslProgram.cpp.obj
[2023-02-02T19:02:50.021Z]     [115/621] Building CXX object lib\mayaUsd\CMakeFiles\mayaUsd.dir\fileio\utils\meshWriteUtils.cpp.obj
[2023-02-02T19:02:50.343Z]     [116/621] Building CXX object lib\mayaUsd\CMakeFiles\mayaUsd.dir\render\pxrUsdMayaGL\debugCodes.cpp.obj
[2023-02-02T19:02:50.468Z]     [117/621] Building CXX object lib\mayaUsd\CMakeFiles\mayaUsd.dir\listeners\proxyShapeNotice.cpp.obj
[2023-02-02T19:02:50.583Z]     [118/621] Building CXX object lib\mayaUsd\CMakeFiles\mayaUsd.dir\fileio\utils\readUtil.cpp.obj
[2023-02-02T19:02:51.840Z]     [119/621] Building CXX object lib\mayaUsd\CMakeFiles\mayaUsd.dir\fileio\utils\writeUtil.cpp.obj
[2023-02-02T19:02:51.840Z]     [120/621] Building CXX object lib\mayaUsd\CMakeFiles\mayaUsd.dir\python\moduleDeps.cpp.obj
[2023-02-02T19:02:52.573Z]     [121/621] Building CXX object lib\mayaUsd\CMakeFiles\mayaUsd.dir\render\px_vp20\utils_legacy.cpp.obj
[2023-02-02T19:02:52.573Z]     [122/621] Building CXX object lib\mayaUsd\CMakeFiles\mayaUsd.dir\render\vp2RenderDelegate\draw_item.cpp.obj
[2023-02-02T19:02:53.510Z]     [123/621] Building CXX object lib\mayaUsd\CMakeFiles\mayaUsd.dir\render\px_vp20\utils.cpp.obj
[2023-02-02T19:02:53.827Z]     [124/621] Building CXX object lib\mayaUsd\CMakeFiles\mayaUsd.dir\fileio\utils\xformStack.cpp.obj
[2023-02-02T19:02:54.356Z]     [125/621] Building CXX object lib\mayaUsd\CMakeFiles\mayaUsd.dir\render\pxrUsdMayaGL\softSelectHelper.cpp.obj
[2023-02-02T19:02:54.786Z]     [126/621] Building CXX object lib\mayaUsd\CMakeFiles\mayaUsd.dir\nodes\stageData.cpp.obj
[2023-02-02T19:02:55.001Z]     [127/621] Building CXX object lib\mayaUsd\CMakeFiles\mayaUsd.dir\nodes\usdPrimProvider.cpp.obj
[2023-02-02T19:02:55.633Z]     [128/621] Building CXX object lib\mayaUsd\CMakeFiles\mayaUsd.dir\nodes\stageNode.cpp.obj
[2023-02-02T19:02:55.853Z]     [129/621] Building CXX object lib\mayaUsd\CMakeFiles\mayaUsd.dir\nodes\proxyShapeStageExtraData.cpp.obj
[2023-02-02T19:02:59.132Z]     [130/621] Building CXX object lib\mayaUsd\CMakeFiles\mayaUsd.dir\render\pxrUsdMayaGL\usdProxyShapeAdapter.cpp.obj
[2023-02-02T19:02:59.132Z]     [131/621] Building CXX object lib\mayaUsd\CMakeFiles\mayaUsd.dir\render\pxrUsdMayaGL\proxyShapeDelegate.cpp.obj
[2023-02-02T19:02:59.691Z]     [132/621] Building CXX object lib\mayaUsd\CMakeFiles\mayaUsd.dir\render\vp2RenderDelegate\extComputation.cpp.obj
[2023-02-02T19:03:00.424Z]     [133/621] Building CXX object lib\mayaUsd\CMakeFiles\mayaUsd.dir\render\pxrUsdMayaGL\batchRenderer.cpp.obj
[2023-02-02T19:03:00.541Z]     [134/621] Building CXX object lib\mayaUsd\CMakeFiles\mayaUsd.dir\render\vp2RenderDelegate\basisCurves.cpp.obj
[2023-02-02T19:03:00.988Z]     [135/621] Building CXX object lib\mayaUsd\CMakeFiles\mayaUsd.dir\render\pxrUsdMayaGL\hdImagingShapeDrawOverride.cpp.obj
[2023-02-02T19:03:00.988Z]     [136/621] Building CXX object lib\mayaUsd\CMakeFiles\mayaUsd.dir\render\vp2RenderDelegate\meshViewportCompute.cpp.obj
[2023-02-02T19:03:01.319Z]     [137/621] Building CXX object lib\mayaUsd\CMakeFiles\mayaUsd.dir\render\vp2RenderDelegate\instancer.cpp.obj
[2023-02-02T19:03:01.759Z]     [138/621] Building CXX object lib\mayaUsd\CMakeFiles\mayaUsd.dir\render\pxrUsdMayaGL\instancerImager.cpp.obj
[2023-02-02T19:03:02.513Z]     [139/621] Building CXX object lib\mayaUsd\CMakeFiles\mayaUsd.dir\undo\OpUndoItemRecorder.cpp.obj
[2023-02-02T19:03:02.746Z]     [140/621] Building CXX object lib\mayaUsd\CMakeFiles\mayaUsd.dir\render\pxrUsdMayaGL\sceneDelegate.cpp.obj
[2023-02-02T19:03:02.746Z]     [141/621] Building CXX object lib\mayaUsd\CMakeFiles\mayaUsd.dir\render\pxrUsdMayaGL\hdImagingShapeUI.cpp.obj
[2023-02-02T19:03:03.092Z]     [142/621] Building CXX object lib\mayaUsd\CMakeFiles\mayaUsd.dir\render\pxrUsdMayaGL\shapeAdapter.cpp.obj
[2023-02-02T19:03:03.327Z]     [143/621] Building CXX object lib\mayaUsd\CMakeFiles\mayaUsd.dir\render\pxrUsdMayaGL\proxyDrawOverride.cpp.obj
[2023-02-02T19:03:03.457Z]     [144/621] Building CXX object lib\mayaUsd\CMakeFiles\mayaUsd.dir\render\pxrUsdMayaGL\proxyShapeUI.cpp.obj
[2023-02-02T19:03:03.801Z]     [145/621] Building CXX object lib\mayaUsd\CMakeFiles\mayaUsd.dir\render\pxrUsdMayaGL\instancerShapeAdapter.cpp.obj
[2023-02-02T19:03:03.801Z]     [146/621] Building CXX object lib\mayaUsd\CMakeFiles\mayaUsd.dir\render\vp2RenderDelegate\shader.cpp.obj
[2023-02-02T19:03:04.119Z]     [147/621] Building CXX object lib\mayaUsd\CMakeFiles\mayaUsd.dir\render\vp2RenderDelegate\tokens.cpp.obj
[2023-02-02T19:03:04.840Z]     [148/621] Building CXX object lib\mayaUsd\CMakeFiles\mayaUsd.dir\utils\blockSceneModificationContext.cpp.obj
[2023-02-02T19:03:05.060Z]     [149/621] Building CXX object lib\mayaUsd\CMakeFiles\mayaUsd.dir\undo\UsdUndoableItem.cpp.obj
[2023-02-02T19:03:05.060Z]     [150/621] Building CXX object lib\mayaUsd\CMakeFiles\mayaUsd.dir\render\vp2ShaderFragments\shaderFragments.cpp.obj
[2023-02-02T19:03:05.479Z]     [151/621] Building CXX object lib\mayaUsd\CMakeFiles\mayaUsd.dir\render\vp2RenderDelegate\sampler.cpp.obj
[2023-02-02T19:03:05.617Z]     [152/621] Building CXX object lib\mayaUsd\CMakeFiles\mayaUsd.dir\utils\colorSpace.cpp.obj
[2023-02-02T19:03:06.142Z]     [153/621] Building CXX object lib\mayaUsd\CMakeFiles\mayaUsd.dir\render\vp2RenderDelegate\render_param.cpp.obj
[2023-02-02T19:03:06.142Z]     [154/621] Building CXX object lib\mayaUsd\CMakeFiles\mayaUsd.dir\render\vp2RenderDelegate\mayaPrimCommon.cpp.obj
[2023-02-02T19:03:06.575Z]     [155/621] Building CXX object lib\mayaUsd\CMakeFiles\mayaUsd.dir\undo\OpUndoItemList.cpp.obj
[2023-02-02T19:03:06.795Z]     [156/621] Building CXX object lib\mayaUsd\CMakeFiles\mayaUsd.dir\utils\dynamicAttribute.cpp.obj
[2023-02-02T19:03:07.419Z]     [157/621] Building CXX object lib\mayaUsd\CMakeFiles\mayaUsd.dir\render\vp2RenderDelegate\mesh.cpp.obj
[2023-02-02T19:03:08.157Z]     [158/621] Building CXX object lib\mayaUsd\CMakeFiles\mayaUsd.dir\utils\diagnosticDelegate.cpp.obj
[2023-02-02T19:03:09.493Z]     [159/621] Building CXX object lib\mayaUsd\CMakeFiles\mayaUsd.dir\undo\UsdUndoManager.cpp.obj
[2023-02-02T19:03:09.816Z]     [160/621] Building CXX object lib\mayaUsd\CMakeFiles\mayaUsd.dir\undo\UsdUndoBlock.cpp.obj
[2023-02-02T19:03:10.188Z]     [161/621] Building CXX object lib\mayaUsd\CMakeFiles\mayaUsd.dir\undo\OpUndoItems.cpp.obj
[2023-02-02T19:03:10.649Z]     [162/621] Building CXX object lib\mayaUsd\CMakeFiles\mayaUsd.dir\undo\UsdUndoStateDelegate.cpp.obj
[2023-02-02T19:03:10.792Z]     [163/621] Building CXX object lib\mayaUsd\CMakeFiles\mayaUsd.dir\utils\progressBarScope.cpp.obj
[2023-02-02T19:03:11.361Z]     [164/621] Building CXX object lib\mayaUsd\CMakeFiles\mayaUsd.dir\utils\customLayerData.cpp.obj
[2023-02-02T19:03:11.477Z]     [165/621] Building CXX object lib\mayaUsd\CMakeFiles\mayaUsd.dir\render\vp2RenderDelegate\render_delegate.cpp.obj
[2023-02-02T19:03:12.107Z]     [166/621] Building CXX object lib\mayaUsd\CMakeFiles\mayaUsd.dir\render\vp2RenderDelegate\material.cpp.obj
[2023-02-02T19:03:13.154Z]     [167/621] Building CXX object lib\mayaUsd\CMakeFiles\mayaUsd.dir\utils\editability.cpp.obj
[2023-02-02T19:03:13.683Z]     [168/621] Building CXX object lib\mayaUsd\CMakeFiles\mayaUsd.dir\render\vp2RenderDelegate\points.cpp.obj
[2023-02-02T19:03:13.799Z]     [169/621] Building CXX object lib\mayaUsd\CMakeFiles\mayaUsd.dir\render\vp2RenderDelegate\proxyRenderDelegate.cpp.obj
[2023-02-02T19:03:14.019Z]     [170/621] Building CXX object lib\mayaUsd\CMakeFiles\mayaUsd.dir\utils\layerMuting.cpp.obj
[2023-02-02T19:03:14.240Z]     [171/621] Building CXX object lib\mayaUsd\CMakeFiles\mayaUsd.dir\utils\plugRegistryHelper.cpp.obj
[2023-02-02T19:03:14.358Z]     [172/621] Building CXX object lib\mayaUsd\CMakeFiles\mayaUsd.dir\utils\converter.cpp.obj
[2023-02-02T19:03:14.578Z]     [173/621] Building CXX object lib\mayaUsd\CMakeFiles\mayaUsd.dir\utils\query.cpp.obj
[2023-02-02T19:03:14.894Z]     [174/621] Building CXX object lib\mayaUsd\CMakeFiles\mayaUsd.dir\utils\loadRulesAttribute.cpp.obj
[2023-02-02T19:03:14.894Z]     [175/621] Building CXX object test\lib\usd\plugin\CMakeFiles\usdTestMayaPlugin.dir\plugin.cpp.obj
[2023-02-02T19:03:15.317Z]     [176/621] Building CXX object test\lib\usd\plugin\CMakeFiles\usdTestInfoImportChaser.dir\plugin.cpp.obj
[2023-02-02T19:03:15.747Z]     [177/621] Building CXX object lib\mayaUsd\CMakeFiles\mayaUsd.dir\utils\loadRules.cpp.obj
[2023-02-02T19:03:15.866Z]     [178/621] Building CXX object test\lib\usd\plugin\CMakeFiles\usdTestApiWriter.dir\plugin.cpp.obj
[2023-02-02T19:03:15.986Z]     [179/621] Copying proxyShape.h ...
[2023-02-02T19:03:15.986Z]     [180/621] Copying api.h ...
[2023-02-02T19:03:16.110Z]     [181/621] Building CXX object lib\mayaUsd\CMakeFiles\mayaUsd.dir\utils\editRouter.cpp.obj
[2023-02-02T19:03:16.110Z]     [182/621] Copying editUtil.h ...
[2023-02-02T19:03:16.223Z]     [183/621] Copying importTranslator.h ...
[2023-02-02T19:03:16.223Z]     [184/621] Copying listShadingModesCommand.h ...
[2023-02-02T19:03:16.344Z]     [185/621] Copying exportTranslator.h ...
[2023-02-02T19:03:16.344Z]     [186/621] Copying referenceAssembly.h ...
[2023-02-02T19:03:16.344Z]     [187/621] Building CXX object lib\mayaUsd\CMakeFiles\mayaUsd.dir\utils\loadRulesText.cpp.obj
[2023-02-02T19:03:16.344Z]     [188/621] Copying translatorModelAssembly.h ...
[2023-02-02T19:03:16.344Z]     [189/621] Copying readJobWithSceneAssembly.h ...
[2023-02-02T19:03:16.469Z]     [190/621] Copying importCommand.h ...
[2023-02-02T19:03:16.469Z]     [191/621] Copying exportCommand.h ...
[2023-02-02T19:03:16.584Z]     [192/621] Copying instancerShapeAdapterWithSceneAssembly.h ...
[2023-02-02T19:03:16.584Z]     [193/621] Generating AEpxrUsdReferenceAssemblyTemplate.pyc
[2023-02-02T19:03:16.584Z]     [194/621] Generating __init__.pyc
[2023-02-02T19:03:16.909Z]     [195/621] Building CXX object lib\mayaUsd\CMakeFiles\mayaUsd.dir\utils\selectability.cpp.obj
[2023-02-02T19:03:18.142Z]     [196/621] Building CXX object lib\mayaUsd\CMakeFiles\mayaUsd.dir\utils\traverseLayer.cpp.obj
[2023-02-02T19:03:18.660Z]     [197/621] Building CXX object lib\mayaUsd\CMakeFiles\mayaUsd.dir\utils\undoHelperCommand.cpp.obj
[2023-02-02T19:03:18.876Z]     [198/621] Building CXX object lib\mayaUsd\CMakeFiles\mayaUsd.dir\utils\stageCache.cpp.obj
[2023-02-02T19:03:20.119Z]     [199/621] Building CXX object lib\mayaUsd\CMakeFiles\mayaUsd.dir\utils\variants.cpp.obj
[2023-02-02T19:03:20.677Z]     [200/621] Building CXX object lib\mayaUsd\CMakeFiles\mayaUsd.dir\utils\utilDictionary.cpp.obj
[2023-02-02T19:03:20.817Z]     [201/621] Building CXX object plugin\pxr\maya\lib\usdMaya\CMakeFiles\usdMaya.dir\listShadingModesCommand.cpp.obj
[2023-02-02T19:03:20.817Z]     [202/621] Building CXX object lib\mayaUsd\CMakeFiles\mayaUsd.dir\utils\utilFileSystem.cpp.obj
[2023-02-02T19:03:21.681Z]     [203/621] Building CXX object test\lib\usd\plugin\CMakeFiles\usdTestInfoImportChaser.dir\infoImportChaser.cpp.obj
[2023-02-02T19:03:21.681Z]     [204/621] Building CXX object test\lib\usd\plugin\CMakeFiles\usdTestUsdPlugin.dir\mayaShaderTranslation.cpp.obj
[2023-02-02T19:03:21.914Z]     [205/621] Building CXX object test\lib\usd\plugin\CMakeFiles\usdTestMayaPlugin.dir\mayaShaderTranslation.cpp.obj
[2023-02-02T19:03:21.914Z]     [206/621] Generating userExportedAttributesUI.pyc
[2023-02-02T19:03:22.038Z]     [207/621] Copying api.h ...
[2023-02-02T19:03:22.265Z]     [208/621] Building CXX object lib\mayaUsd\CMakeFiles\mayaUsd.dir\utils\utilSerialization.cpp.obj
[2023-02-02T19:03:22.401Z]     [209/621] Building CXX object plugin\pxr\maya\lib\usdMaya\CMakeFiles\_usdMaya.dir\module.cpp.obj
[2023-02-02T19:03:22.530Z]     [210/621] Building CXX object test\lib\usd\plugin\CMakeFiles\usdTestApiWriter.dir\nullApiExporter.cpp.obj
[2023-02-02T19:03:24.507Z]     [211/621] Building CXX object lib\mayaUsd\CMakeFiles\mayaUsd.dir\utils\util.cpp.obj
[2023-02-02T19:03:24.857Z]     [212/621] Building CXX object plugin\pxr\maya\lib\usdMaya\CMakeFiles\usdMaya.dir\exportCommand.cpp.obj
[2023-02-02T19:03:24.980Z]     [213/621] Copying api.h ...
[2023-02-02T19:03:25.115Z]     [214/621] Building CXX object plugin\pxr\maya\lib\usdMaya\CMakeFiles\usdMaya.dir\editUtil.cpp.obj
[2023-02-02T19:03:25.463Z]     [215/621] Building CXX object plugin\pxr\maya\lib\usdMaya\CMakeFiles\usdMaya.dir\readJob_ImportWithProxies.cpp.obj
[2023-02-02T19:03:25.682Z]     [216/621] Building CXX object plugin\pxr\maya\lib\usdMaya\CMakeFiles\usdMaya.dir\translatorModelAssembly.cpp.obj
[2023-02-02T19:03:25.682Z]     [217/621] Building CXX object plugin\pxr\maya\lib\usdMaya\CMakeFiles\usdMaya.dir\readJobWithSceneAssembly.cpp.obj
[2023-02-02T19:03:26.321Z]     [218/621] Building CXX object plugin\al\utils\AL\CMakeFiles\AL_EventSystem.dir\event\EventHandler.cpp.obj
[2023-02-02T19:03:26.557Z]     [219/621] Building CXX object plugin\pxr\maya\lib\usdMaya\CMakeFiles\usdMaya.dir\instancerShapeAdapterWithSceneAssembly.cpp.obj
[2023-02-02T19:03:26.787Z]     [220/621] Building CXX object plugin\al\mayautils\AL\maya\CMakeFiles\AL_MayaUtils.dir\utils\FileTranslatorOptions.cpp.obj
[2023-02-02T19:03:26.907Z]     [221/621] Building CXX object plugin\al\mayatest\AL\maya\test\CMakeFiles\AL_MayaTest.dir\testHarness.cpp.obj
[2023-02-02T19:03:26.907Z]     [222/621] Linking CXX shared library plugin\al\utils\AL\AL_EventSystem.dll
[2023-02-02T19:03:27.125Z]     [223/621] Building CXX object plugin\al\mayatest\AL\maya\test\CMakeFiles\AL_MayaTest.dir\testHelpers.cpp.obj
[2023-02-02T19:03:27.354Z]     [224/621] Building CXX object plugin\al\mayautils\AL\maya\CMakeFiles\AL_MayaUtils.dir\utils\Utils.cpp.obj
[2023-02-02T19:03:27.470Z]     [225/621] Building CXX object plugin\al\mayautils\AL\maya\CMakeFiles\AL_MayaUtils.dir\utils\MenuBuilder.cpp.obj
[2023-02-02T19:03:28.025Z]     [226/621] Building CXX object plugin\pxr\maya\lib\usdMaya\CMakeFiles\usdMaya.dir\proxyShape.cpp.obj
[2023-02-02T19:03:28.025Z]     [227/621] Building CXX object plugin\al\mayautils\AL\maya\CMakeFiles\AL_MayaUtils.dir\utils\NodeHelper.cpp.obj
[2023-02-02T19:03:28.141Z]     [228/621] Linking CXX shared library plugin\al\mayatest\AL\maya\test\AL_MayaTest.dll
[2023-02-02T19:03:28.269Z]     [229/621] Building CXX object plugin\al\mayautils\AL\maya\CMakeFiles\AL_MayaUtils.dir\utils\CommandGuiHelper.cpp.obj
[2023-02-02T19:03:28.490Z]     [230/621] Building CXX object plugin\al\mayautils\AL\maya\CMakeFiles\AL_MayaUtils.dir\utils\PluginTranslatorOptions.cpp.obj
[2023-02-02T19:03:28.916Z]     [231/621] Building CXX object plugin\al\mayautils\AL\maya\CMakeFiles\AL_MayaUtils.dir\event\MayaEventManager.cpp.obj
[2023-02-02T19:03:29.036Z]     [232/621] Building CXX object plugin\al\mayautils\AL\maya\tests\mayaplugintest\CMakeFiles\AL_MayaUtilsTests.dir\plugin.cpp.obj
[2023-02-02T19:03:29.259Z]     [233/621] Building CXX object plugin\al\mayautils\AL\maya\tests\mayaplugintest\CMakeFiles\AL_MayaUtilsTests.dir\test_mobjectmap.cpp.obj
[2023-02-02T19:03:29.259Z]     [234/621] Building CXX object plugin\al\mayautils\AL\maya\tests\mayaplugintest\CMakeFiles\AL_MayaUtilsTests.dir\utils\CommandGuiHelperTest.cpp.obj
[2023-02-02T19:03:29.955Z]     [235/621] Building CXX object plugin\al\mayautils\AL\maya\tests\mayaplugintest\CMakeFiles\AL_MayaUtilsTests.dir\test_maya_MenuBuilder.cpp.obj
[2023-02-02T19:03:30.067Z]     [236/621] Building CXX object plugin\al\mayautils\AL\maya\tests\mayaplugintest\CMakeFiles\AL_MayaUtilsTests.dir\utils\NodeHelperUnitTest.cpp.obj
[2023-02-02T19:03:30.220Z]     [237/621] Building CXX object plugin\pxr\maya\lib\usdMaya\CMakeFiles\usdMaya.dir\importTranslator.cpp.obj
[2023-02-02T19:03:30.372Z]     [238/621] Building CXX object plugin\pxr\maya\plugin\pxrUsd\CMakeFiles\pxrUsd.dir\alembicChaser.cpp.obj
[2023-02-02T19:03:30.484Z]     [239/621] Building CXX object plugin\al\mayautils\AL\maya\tests\mayaplugintest\CMakeFiles\AL_MayaUtilsTests.dir\test_maya_NodeHelper.cpp.obj
[2023-02-02T19:03:30.604Z]     [240/621] Building CXX object plugin\pxr\maya\lib\usdMaya\CMakeFiles\_usdMaya.dir\wrapAssembly.cpp.obj
[2023-02-02T19:03:30.742Z]     [241/621] Building CXX object plugin\pxr\maya\lib\usdMaya\CMakeFiles\usdMaya.dir\exportTranslator.cpp.obj
[2023-02-02T19:03:30.860Z]     [242/621] Building CXX object plugin\pxr\maya\lib\usdMaya\CMakeFiles\usdMaya.dir\importCommand.cpp.obj
[2023-02-02T19:03:31.279Z]     [243/621] Building CXX object plugin\al\mayautils\AL\maya\tests\mayaplugintest\CMakeFiles\AL_MayaUtilsTests.dir\utils\PluginTranslatorOptionsTest.cpp.obj
[2023-02-02T19:03:31.493Z]     [244/621] Building CXX object plugin\pxr\maya\plugin\pxrUsd\CMakeFiles\pxrUsd.dir\usdTranslator.cpp.obj
[2023-02-02T19:03:31.493Z]     [245/621] Building CXX object plugin\al\usdtransaction\AL\usd\transaction\CMakeFiles\_AL_USDTransaction.dir\module.cpp.obj
[2023-02-02T19:03:33.034Z]     [246/621] Building CXX object plugin\pxr\maya\plugin\pxrUsd\CMakeFiles\pxrUsd.dir\plugin.cpp.obj
[2023-02-02T19:03:33.252Z]     [247/621] Building CXX object plugin\pxr\maya\lib\usdMaya\CMakeFiles\_usdMaya.dir\wrapEditUtil.cpp.obj
[2023-02-02T19:03:34.179Z]     [248/621] Building CXX object plugin\pxr\maya\plugin\pxrUsdPreviewSurface\CMakeFiles\pxrUsdPreviewSurface.dir\plugin.cpp.obj
[2023-02-02T19:03:34.179Z]     [249/621] Building CXX object plugin\al\usdtransaction\AL\usd\transaction\tests\CMakeFiles\AL_USDTransactionTests.dir\testMain.cpp.obj
[2023-02-02T19:03:36.139Z]     [250/621] Building CXX object plugin\al\usdmayautils\AL\usdmaya\utils\CMakeFiles\AL_USDMayaUtils.dir\Utils.cpp.obj
[2023-02-02T19:03:36.820Z]     [251/621] Building CXX object plugin\al\usdtransaction\AL\usd\transaction\CMakeFiles\AL_USDTransaction.dir\Notice.cpp.obj
[2023-02-02T19:03:36.820Z]     [252/621] Building CXX object plugin\pxr\maya\lib\usdMaya\CMakeFiles\usdMaya.dir\referenceAssembly.cpp.obj
[2023-02-02T19:03:36.820Z]     [253/621] Building CXX object plugin\al\usdmayautils\AL\usdmaya\utils\CMakeFiles\AL_USDMayaUtils.dir\AttributeType.cpp.obj
[2023-02-02T19:03:36.960Z]     [254/621] Building CXX object plugin\al\usdtransaction\AL\usd\transaction\CMakeFiles\AL_USDTransaction.dir\Transaction.cpp.obj
[2023-02-02T19:03:37.095Z]     [255/621] Building CXX object plugin\al\usdmayautils\AL\usdmaya\utils\CMakeFiles\AL_USDMayaUtils.dir\AnimationTranslator.cpp.obj
[2023-02-02T19:03:37.314Z]     [256/621] Building CXX object plugin\al\usdtransaction\AL\usd\transaction\CMakeFiles\AL_USDTransaction.dir\TransactionManager.cpp.obj
[2023-02-02T19:03:37.434Z]     [257/621] Building CXX object plugin\al\usdmayautils\AL\usdmaya\utils\CMakeFiles\AL_USDMayaUtils.dir\NurbsCurveUtils.cpp.obj
[2023-02-02T19:03:37.568Z]     [258/621] Building CXX object plugin\al\lib\AL_USDMaya\CMakeFiles\AL_USDMaya.dir\AL\usdmaya\DebugCodes.cpp.obj
[2023-02-02T19:03:37.723Z]     [259/621] Building CXX object plugin\al\usdmayautils\AL\usdmaya\utils\CMakeFiles\AL_USDMayaUtils.dir\MeshUtils.cpp.obj
[2023-02-02T19:03:37.841Z]     [260/621] Building CXX object plugin\al\lib\AL_USDMaya\CMakeFiles\AL_USDMaya.dir\AL\usdmaya\Metadata.cpp.obj
[2023-02-02T19:03:37.965Z]     [261/621] Linking CXX shared library plugin\al\usdtransaction\AL\usd\transaction\AL_USDTransaction.dll
[2023-02-02T19:03:38.831Z]     [262/621] Building CXX object plugin\al\lib\AL_USDMaya\CMakeFiles\AL_USDMaya.dir\AL\usdmaya\cmds\EventCommand.cpp.obj
[2023-02-02T19:03:38.831Z]     [263/621] Building CXX object plugin\al\usdtransaction\AL\usd\transaction\CMakeFiles\_AL_USDTransaction.dir\wrapNotice.cpp.obj
[2023-02-02T19:03:38.831Z]     [264/621] Building CXX object plugin\al\lib\AL_USDMaya\CMakeFiles\AL_USDMaya.dir\AL\usdmaya\cmds\DebugCommands.cpp.obj
[2023-02-02T19:03:39.380Z]     [265/621] Building CXX object plugin\al\usdmayautils\AL\usdmaya\utils\CMakeFiles\AL_USDMayaUtils.dir\DgNodeHelper.cpp.obj
[2023-02-02T19:03:39.596Z]     [266/621] Building CXX object plugin\al\usdmayautils\AL\usdmaya\utils\CMakeFiles\AL_USDMayaUtils.dir\DiffPrimVar.cpp.obj
[2023-02-02T19:03:40.028Z]     [267/621] Building CXX object plugin\al\usdtransaction\AL\usd\transaction\CMakeFiles\_AL_USDTransaction.dir\wrapTransactionManager.cpp.obj
[2023-02-02T19:03:40.028Z]     [268/621] Building CXX object plugin\al\lib\AL_USDMaya\CMakeFiles\AL_USDMaya.dir\AL\usdmaya\cmds\RendererCommands.cpp.obj
[2023-02-02T19:03:40.242Z]     [269/621] Building CXX object plugin\al\lib\AL_USDMaya\CMakeFiles\AL_USDMaya.dir\AL\usdmaya\StageCache.cpp.obj
[2023-02-02T19:03:41.070Z]     [270/621] Building CXX object plugin\al\lib\AL_USDMaya\CMakeFiles\AL_USDMaya.dir\AL\usdmaya\cmds\SyncFileIOGui.cpp.obj
[2023-02-02T19:03:41.187Z]     [271/621] Building CXX object plugin\al\lib\AL_USDMaya\CMakeFiles\AL_USDMaya.dir\AL\usdmaya\moduleDeps.cpp.obj
[2023-02-02T19:03:41.927Z]     [272/621] Building CXX object plugin\al\usdtransaction\AL\usd\transaction\CMakeFiles\_AL_USDTransaction.dir\wrapTransaction.cpp.obj
[2023-02-02T19:03:42.247Z]     [273/621] Building CXX object plugin\al\usdtransaction\AL\usd\transaction\tests\CMakeFiles\AL_USDTransactionTests.dir\testTransactionManager.cpp.obj
[2023-02-02T19:03:42.571Z]     [274/621] Linking CXX shared library plugin\al\usdtransaction\AL\usd\transaction\_AL_USDTransaction.pyd
[2023-02-02T19:03:42.571Z]     [275/621] Building CXX object plugin\al\usdtransaction\AL\usd\transaction\tests\CMakeFiles\AL_USDTransactionTests.dir\testTransaction.cpp.obj
[2023-02-02T19:03:43.195Z]     [276/621] Linking CXX executable plugin\al\usdtransaction\AL\usd\transaction\tests\AL_USDTransactionTests.exe
[2023-02-02T19:03:44.019Z]     [277/621] Building CXX object plugin\al\lib\AL_USDMaya\CMakeFiles\AL_USDMaya.dir\AL\usdmaya\cmds\CreateUsdPrim.cpp.obj
[2023-02-02T19:03:44.341Z]     [278/621] Building CXX object plugin\al\lib\AL_USDMaya\CMakeFiles\AL_USDMaya.dir\AL\usdmaya\cmds\ListTranslators.cpp.obj
[2023-02-02T19:03:44.963Z]     [279/621] Building CXX object plugin\al\lib\AL_USDMaya\CMakeFiles\AL_USDMaya.dir\AL\usdmaya\Global.cpp.obj
[2023-02-02T19:03:45.082Z]     [280/621] Building CXX object plugin\al\lib\AL_USDMaya\CMakeFiles\AL_USDMaya.dir\AL\usdmaya\TransformOperation.cpp.obj
[2023-02-02T19:03:47.256Z]     [281/621] Building CXX object plugin\al\lib\AL_USDMaya\CMakeFiles\AL_USDMaya.dir\AL\usdmaya\cmds\ProxyShapePostLoadProcess.cpp.obj
[2023-02-02T19:03:47.256Z]     [282/621] Building CXX object plugin\al\lib\AL_USDMaya\CMakeFiles\AL_USDMaya.dir\AL\usdmaya\fileio\AnimationTranslator.cpp.obj
[2023-02-02T19:03:47.641Z]     [283/621] Building CXX object plugin\al\lib\AL_USDMaya\CMakeFiles\AL_USDMaya.dir\AL\usdmaya\cmds\LayerCommands.cpp.obj
[2023-02-02T19:03:47.641Z]     [284/621] Building CXX object plugin\al\lib\AL_USDMaya\CMakeFiles\AL_USDMaya.dir\AL\usdmaya\fileio\ExportTranslator.cpp.obj
[2023-02-02T19:03:48.290Z]     [285/621] Building CXX object plugin\al\lib\AL_USDMaya\CMakeFiles\AL_USDMaya.dir\AL\usdmaya\cmds\ProxyShapeCommands.cpp.obj
[2023-02-02T19:03:48.418Z]     [286/621] Building CXX object plugin\al\lib\AL_USDMaya\CMakeFiles\AL_USDMaya.dir\AL\usdmaya\fileio\Import.cpp.obj
[2023-02-02T19:03:49.362Z]     [287/621] Building CXX object plugin\al\lib\AL_USDMaya\CMakeFiles\AL_USDMaya.dir\AL\usdmaya\nodes\Layer.cpp.obj
[2023-02-02T19:03:49.591Z]     [288/621] Building CXX object plugin\al\lib\AL_USDMaya\CMakeFiles\AL_USDMaya.dir\AL\usdmaya\fileio\Export.cpp.obj
[2023-02-02T19:03:49.714Z]     [289/621] Building CXX object plugin\al\lib\AL_USDMaya\CMakeFiles\AL_USDMaya.dir\AL\usdmaya\cmds\UnloadPrim.cpp.obj
[2023-02-02T19:03:50.048Z]     [290/621] Building CXX object plugin\al\lib\AL_USDMaya\CMakeFiles\AL_USDMaya.dir\AL\usdmaya\fileio\SchemaPrims.cpp.obj
[2023-02-02T19:03:50.048Z]     [291/621] Building CXX object plugin\al\lib\AL_USDMaya\CMakeFiles\AL_USDMaya.dir\AL\usdmaya\fileio\NodeFactory.cpp.obj
[2023-02-02T19:03:50.693Z]     [292/621] Building CXX object plugin\al\lib\AL_USDMaya\CMakeFiles\AL_USDMaya.dir\AL\usdmaya\fileio\TransformIterator.cpp.obj
[2023-02-02T19:03:50.908Z]     [293/621] Building CXX object lib\mayaUsd\python\CMakeFiles\_mayaUsd.dir\module.cpp.obj
[2023-02-02T19:03:51.639Z]     [294/621] Building CXX object plugin\al\lib\AL_USDMaya\CMakeFiles\AL_USDMaya.dir\AL\usdmaya\fileio\translators\DagNodeTranslator.cpp.obj
[2023-02-02T19:03:52.379Z]     [295/621] Building CXX object plugin\al\lib\AL_USDMaya\CMakeFiles\AL_USDMaya.dir\AL\usdmaya\fileio\ImportTranslator.cpp.obj
[2023-02-02T19:03:53.618Z]     [296/621] Building CXX object plugin\al\lib\AL_USDMaya\CMakeFiles\AL_USDMaya.dir\AL\usdmaya\fileio\translators\TranslatorContext.cpp.obj
[2023-02-02T19:03:54.137Z]     [297/621] Building CXX object plugin\al\lib\AL_USDMaya\CMakeFiles\AL_USDMaya.dir\AL\usdmaya\fileio\translators\TranslatorBase.cpp.obj
[2023-02-02T19:03:54.784Z]     [298/621] Building CXX object plugin\al\lib\AL_USDMaya\CMakeFiles\AL_USDMaya.dir\AL\usdmaya\fileio\translators\TranslatorTestType.cpp.obj
[2023-02-02T19:03:54.784Z]     [299/621] Building CXX object plugin\al\lib\AL_USDMaya\CMakeFiles\AL_USDMaya.dir\AL\usdmaya\fileio\translators\TestExtraDataPlugin.cpp.obj
[2023-02-02T19:03:54.999Z]     [300/621] Building CXX object plugin\al\lib\AL_USDMaya\CMakeFiles\AL_USDMaya.dir\AL\usdmaya\fileio\translators\TranslatorTestPlugin.cpp.obj
[2023-02-02T19:03:55.116Z]     [301/621] Building CXX object plugin\al\lib\AL_USDMaya\CMakeFiles\AL_USDMaya.dir\AL\usdmaya\fileio\translators\TransformTranslator.cpp.obj
[2023-02-02T19:03:55.744Z]     [302/621] Building CXX object plugin\al\lib\AL_USDMaya\CMakeFiles\AL_USDMaya.dir\AL\usdmaya\fileio\translators\ExtraDataPlugin.cpp.obj
[2023-02-02T19:03:55.984Z]     [303/621] Building CXX object lib\mayaUsd\python\CMakeFiles\_mayaUsd.dir\pythonObjectRegistry.cpp.obj
[2023-02-02T19:03:55.984Z]     [304/621] Building CXX object lib\mayaUsd\python\CMakeFiles\_mayaUsd.dir\wrapColorSpace.cpp.obj
[2023-02-02T19:03:55.984Z]     [305/621] Building CXX object plugin\al\lib\AL_USDMaya\CMakeFiles\AL_USDMaya.dir\AL\usdmaya\fileio\translators\DgNodeTranslator.cpp.obj
[2023-02-02T19:03:56.718Z]     [306/621] Building CXX object plugin\al\lib\AL_USDMaya\CMakeFiles\AL_USDMaya.dir\AL\usdmaya\nodes\LayerManager.cpp.obj
[2023-02-02T19:03:57.747Z]     [307/621] Building CXX object plugin\al\lib\AL_USDMaya\CMakeFiles\AL_USDMaya.dir\AL\usdmaya\nodes\Engine.cpp.obj
[2023-02-02T19:03:58.170Z]     [308/621] Building CXX object lib\mayaUsd\python\CMakeFiles\_mayaUsd.dir\wrapBlockSceneModificationContext.cpp.obj
[2023-02-02T19:03:58.697Z]     [309/621] Building CXX object lib\mayaUsd\python\CMakeFiles\_mayaUsd.dir\wrapDiagnosticDelegate.cpp.obj
[2023-02-02T19:03:59.020Z]     [310/621] Building CXX object plugin\al\lib\AL_USDMaya\CMakeFiles\AL_USDMaya.dir\AL\usdmaya\nodes\MeshAnimCreator.cpp.obj
[2023-02-02T19:03:59.020Z]     [311/621] Building CXX object lib\mayaUsd\python\CMakeFiles\_mayaUsd.dir\wrapSparseValueWriter.cpp.obj
[2023-02-02T19:03:59.135Z]     [312/621] Building CXX object lib\mayaUsd\python\CMakeFiles\_mayaUsd.dir\wrapOpUndoItem.cpp.obj
[2023-02-02T19:03:59.259Z]     [313/621] Building CXX object plugin\al\lib\AL_USDMaya\CMakeFiles\AL_USDMaya.dir\AL\usdmaya\nodes\MeshAnimDeformer.cpp.obj
[2023-02-02T19:03:59.393Z]     [314/621] Building CXX object lib\mayaUsd\python\CMakeFiles\_mayaUsd.dir\wrapTokens.cpp.obj
[2023-02-02T19:04:00.320Z]     [315/621] Building CXX object lib\mayaUsd\python\CMakeFiles\_mayaUsd.dir\wrapAdaptor.cpp.obj
[2023-02-02T19:04:01.850Z]     [316/621] Building CXX object lib\mayaUsd\python\CMakeFiles\_mayaUsd.dir\wrapStageCache.cpp.obj
[2023-02-02T19:04:02.599Z]     [317/621] Building CXX object lib\mayaUsd\python\CMakeFiles\_mayaUsd.dir\wrapMeshWriteUtils.cpp.obj
[2023-02-02T19:04:02.939Z]     [318/621] Building CXX object lib\mayaUsd\python\CMakeFiles\_mayaUsd.dir\wrapEditRouter.cpp.obj
[2023-02-02T19:04:03.155Z]     [319/621] Building CXX object lib\mayaUsd\python\CMakeFiles\_mayaUsd.dir\wrapConverter.cpp.obj
[2023-02-02T19:04:03.682Z]     [320/621] Building CXX object lib\mayaUsd\python\CMakeFiles\_mayaUsd.dir\wrapRoundTripUtil.cpp.obj
[2023-02-02T19:04:03.797Z]     [321/621] Building CXX object lib\mayaUsd\python\CMakeFiles\_mayaUsd.dir\wrapQuery.cpp.obj
[2023-02-02T19:04:03.911Z]     [322/621] Building CXX object lib\mayaUsd\python\CMakeFiles\_mayaUsd.dir\wrapReadUtil.cpp.obj
[2023-02-02T19:04:04.233Z]     [323/621] Building CXX object lib\mayaUsd\python\CMakeFiles\_mayaUsd.dir\wrapUsdUndoManager.cpp.obj
[2023-02-02T19:04:05.157Z]     [324/621] Building CXX object lib\mayaUsd\render\mayaToHydra\CMakeFiles\mtoh.dir\pluginDebugCodes.cpp.obj
[2023-02-02T19:04:05.981Z]     [325/621] Building CXX object lib\mayaUsd\python\CMakeFiles\_mayaUsd.dir\wrapUserTaggedAttribute.cpp.obj
[2023-02-02T19:04:06.434Z]     [326/621] Building CXX object lib\mayaUsd\python\CMakeFiles\_mayaUsd.dir\wrapOpenMaya.cpp.obj
[2023-02-02T19:04:06.773Z]     [327/621] Building CXX object lib\mayaUsd\python\CMakeFiles\_mayaUsd.dir\wrapWriteUtil.cpp.obj
[2023-02-02T19:04:06.773Z]     [328/621] Building CXX object lib\mayaUsd\python\CMakeFiles\_mayaUsd.dir\wrapTranslatorUtil.cpp.obj
[2023-02-02T19:04:06.773Z]     [329/621] Building CXX object lib\mayaUsd\python\CMakeFiles\_mayaUsd.dir\wrapUtil.cpp.obj
[2023-02-02T19:04:06.987Z]     [330/621] Building CXX object lib\mayaUsd\render\mayaToHydra\CMakeFiles\mtoh.dir\tokens.cpp.obj
[2023-02-02T19:04:08.026Z]     [331/621] Building CXX object lib\mayaUsd\python\CMakeFiles\_mayaUsd.dir\wrapXformStack.cpp.obj
[2023-02-02T19:04:08.359Z]     [332/621] Building CXX object lib\mayaUsd\python\CMakeFiles\_mayaUsd.dir\wrapJobContextRegistry.cpp.obj
[2023-02-02T19:04:08.996Z]     [333/621] Building CXX object lib\mayaUsd\python\CMakeFiles\_mayaUsd.dir\wrapExportChaser.cpp.obj
[2023-02-02T19:04:09.345Z]     [334/621] Building CXX object lib\usd\hdMaya\CMakeFiles\hdMaya.dir\debugCodes.cpp.obj
[2023-02-02T19:04:09.984Z]     [335/621] Building CXX object lib\mayaUsd\python\CMakeFiles\_mayaUsd.dir\wrapImportChaser.cpp.obj
[2023-02-02T19:04:10.404Z]     [336/621] Building CXX object lib\usd\hdMaya\CMakeFiles\hdMaya.dir\utils.cpp.obj
[2023-02-02T19:04:10.731Z]     [337/621] Building CXX object lib\mayaUsd\python\CMakeFiles\_mayaUsd.dir\wrapPrimWriter.cpp.obj
[2023-02-02T19:04:11.462Z]     [338/621] Building CXX object lib\usd\hdMaya\CMakeFiles\hdMaya.dir\adapters\adapterDebugCodes.cpp.obj
[2023-02-02T19:04:12.191Z]     [339/621] Building CXX object lib\mayaUsd\python\CMakeFiles\_mayaUsd.dir\wrapShadingUtil.cpp.obj
[2023-02-02T19:04:12.416Z]     [340/621] Building CXX object lib\mayaUsd\python\CMakeFiles\_mayaUsd.dir\wrapShadingMode.cpp.obj
[2023-02-02T19:04:13.160Z]     [341/621] Building CXX object lib\mayaUsd\render\mayaToHydra\CMakeFiles\mtoh.dir\utils.cpp.obj
[2023-02-02T19:04:14.411Z]     [342/621] Building CXX object lib\mayaUsd\python\CMakeFiles\_mayaUsd.dir\wrapSchemaApiAdaptor.cpp.obj
[2023-02-02T19:04:14.411Z]     [343/621] Building CXX object lib\usd\hdMaya\CMakeFiles\hdMaya.dir\adapters\cameraAdapter.cpp.obj
[2023-02-02T19:04:14.938Z]     [344/621] Building CXX object lib\mayaUsd\python\CMakeFiles\_mayaUsd.dir\wrapPrimReader.cpp.obj
[2023-02-02T19:04:15.376Z]     [345/621] Building CXX object lib\mayaUsd\render\mayaToHydra\CMakeFiles\mtoh.dir\plugin.cpp.obj
[2023-02-02T19:04:15.489Z]     [346/621] Building CXX object lib\usd\hdMaya\CMakeFiles\hdMaya.dir\adapters\aiSkydomeLightAdapter.cpp.obj
[2023-02-02T19:04:17.138Z]     [347/621] Building CXX object lib\usd\hdMaya\CMakeFiles\hdMaya.dir\adapters\areaLightAdapter.cpp.obj
[2023-02-02T19:04:17.138Z]     [348/621] Building CXX object lib\mayaUsd\render\mayaToHydra\CMakeFiles\mtoh.dir\shadingModeExporter.cpp.obj
[2023-02-02T19:04:17.267Z]     [349/621] Building CXX object lib\mayaUsd\render\mayaToHydra\CMakeFiles\mtoh.dir\defaultLightDelegate.cpp.obj
[2023-02-02T19:04:17.893Z]     [350/621] Building CXX object lib\usd\hdMaya\CMakeFiles\hdMaya.dir\adapters\mayaAttrs.cpp.obj
[2023-02-02T19:04:18.108Z]     [351/621] Building CXX object lib\usd\hdMaya\CMakeFiles\hdMaya.dir\adapters\adapter.cpp.obj
[2023-02-02T19:04:18.225Z]     [352/621] Building CXX object lib\mayaUsd\render\mayaToHydra\CMakeFiles\mtoh.dir\viewCommand.cpp.obj
[2023-02-02T19:04:19.271Z]     [353/621] Building CXX object lib\mayaUsd\render\mayaToHydra\CMakeFiles\mtoh.dir\renderOverride.cpp.obj
[2023-02-02T19:04:19.592Z]     [354/621] Building CXX object lib\mayaUsd\render\mayaToHydra\CMakeFiles\mtoh.dir\renderGlobals.cpp.obj
[2023-02-02T19:04:20.320Z]     [355/621] Building CXX object lib\usd\hdMaya\CMakeFiles\hdMaya.dir\delegates\delegateDebugCodes.cpp.obj
[2023-02-02T19:04:20.320Z]     [356/621] Building CXX object lib\usd\hdMaya\CMakeFiles\hdMaya.dir\adapters\directionalLightAdapter.cpp.obj
[2023-02-02T19:04:20.448Z]     [357/621] Building CXX object lib\usd\hdMaya\CMakeFiles\hdMaya.dir\adapters\dagAdapter.cpp.obj
[2023-02-02T19:04:21.585Z]     [358/621] Building CXX object lib\usd\hdMaya\CMakeFiles\hdMaya.dir\adapters\materialAdapter.cpp.obj
[2023-02-02T19:04:21.705Z]     [359/621] Building CXX object lib\usd\hdMaya\CMakeFiles\hdMaya.dir\adapters\shapeAdapter.cpp.obj
[2023-02-02T19:04:21.705Z]     [360/621] Building CXX object lib\usd\hdMaya\CMakeFiles\hdMaya.dir\adapters\lightAdapter.cpp.obj
[2023-02-02T19:04:21.822Z]     [361/621] Building CXX object lib\usd\hdMaya\CMakeFiles\hdMaya.dir\adapters\tokens.cpp.obj
[2023-02-02T19:04:22.548Z]     [362/621] Building CXX object lib\usd\hdMaya\CMakeFiles\hdMaya.dir\adapters\meshAdapter.cpp.obj
[2023-02-02T19:04:22.663Z]     [363/621] Building CXX object lib\usd\hdMaya\CMakeFiles\hdMaya.dir\adapters\adapterRegistry.cpp.obj
[2023-02-02T19:04:23.210Z]     [364/621] Building CXX object lib\usd\pxrUsdPreviewSurface\CMakeFiles\basePxrUsdPreviewSurface.dir\cpvColor.cpp.obj
[2023-02-02T19:04:23.429Z]     [365/621] Building CXX object lib\usd\hdMaya\CMakeFiles\hdMaya.dir\adapters\pointLightAdapter.cpp.obj
[2023-02-02T19:04:23.548Z]     [366/621] Building CXX object lib\usd\hdMaya\CMakeFiles\hdMaya.dir\adapters\nurbsCurveAdapter.cpp.obj
[2023-02-02T19:04:24.179Z]     [367/621] Building CXX object lib\usd\pxrUsdPreviewSurface\CMakeFiles\basePxrUsdPreviewSurface.dir\usdPreviewSurfaceShadingNodeOverride.cpp.obj
[2023-02-02T19:04:24.395Z]     [368/621] Building CXX object lib\usd\hdMaya\CMakeFiles\hdMaya.dir\adapters\spotLightAdapter.cpp.obj
[2023-02-02T19:04:24.817Z]     [369/621] Building CXX object lib\usd\pxrUsdPreviewSurface\CMakeFiles\basePxrUsdPreviewSurface.dir\usdPreviewSurface.cpp.obj
[2023-02-02T19:04:25.132Z]     [370/621] Building CXX object lib\usd\hdMaya\CMakeFiles\hdMaya.dir\delegates\delegate.cpp.obj
[2023-02-02T19:04:26.375Z]     [371/621] Building CXX object lib\usd\hdMaya\CMakeFiles\hdMaya.dir\delegates\delegateRegistry.cpp.obj
[2023-02-02T19:04:26.693Z]     [372/621] Building CXX object lib\usd\hdMaya\CMakeFiles\hdMaya.dir\adapters\proxyAdapter.cpp.obj
[2023-02-02T19:04:26.808Z]     [373/621] Building CXX object lib\usd\hdMaya\CMakeFiles\hdMaya.dir\adapters\materialNetworkConverter.cpp.obj
[2023-02-02T19:04:29.470Z]     [374/621] Building CXX object lib\usd\pxrUsdPreviewSurface\CMakeFiles\basePxrUsdPreviewSurface.dir\usdPreviewSurfacePlugin.cpp.obj
[2023-02-02T19:04:29.470Z]     [375/621] Building CXX object lib\usd\hdMaya\CMakeFiles\hdMaya.dir\delegates\delegateCtx.cpp.obj
[2023-02-02T19:04:30.216Z]     [376/621] Building CXX object lib\usd\translators\CMakeFiles\mayaUsd_Translators.dir\cameraReader.cpp.obj
[2023-02-02T19:04:30.367Z]     [377/621] Building CXX object lib\usd\hdMaya\CMakeFiles\hdMaya.dir\delegates\sceneDelegate.cpp.obj
[2023-02-02T19:04:30.367Z]     [378/621] Building CXX object lib\usd\pxrUsdPreviewSurface\CMakeFiles\basePxrUsdPreviewSurface.dir\usdPreviewSurfaceWriter.cpp.obj
[2023-02-02T19:04:30.584Z]     [379/621] Building CXX object lib\usd\pxrUsdPreviewSurface\CMakeFiles\basePxrUsdPreviewSurface.dir\usdPreviewSurfaceReader.cpp.obj
[2023-02-02T19:04:31.312Z]     [380/621] Building CXX object lib\usd\hdMaya\CMakeFiles\hdMaya.dir\delegates\proxyUsdImagingDelegate.cpp.obj
[2023-02-02T19:04:31.943Z]     [381/621] Building CXX object lib\usd\hdMaya\CMakeFiles\hdMaya.dir\delegates\proxyDelegate.cpp.obj
[2023-02-02T19:04:32.668Z]     [382/621] Building CXX object lib\usd\translators\CMakeFiles\mayaUsd_Translators.dir\instancerWriter.cpp.obj
[2023-02-02T19:04:32.899Z]     [383/621] Building CXX object lib\usd\hdMaya\CMakeFiles\hdMaya.dir\delegates\testDelegate.cpp.obj
[2023-02-02T19:04:33.525Z]     [384/621] Building CXX object lib\usd\translators\CMakeFiles\mayaUsd_Translators.dir\lightReader.cpp.obj
[2023-02-02T19:04:33.525Z]     [385/621] Building CXX object lib\usd\translators\CMakeFiles\mayaUsd_Translators.dir\cameraWriter.cpp.obj
[2023-02-02T19:04:33.525Z]     [386/621] Building CXX object lib\usd\translators\CMakeFiles\mayaUsd_Translators.dir\locatorWriter.cpp.obj
[2023-02-02T19:04:34.058Z]     [387/621] Building CXX object lib\usd\translators\CMakeFiles\mayaUsd_Translators.dir\plugin.cpp.obj
[2023-02-02T19:04:34.888Z]     [388/621] Building CXX object lib\usd\translators\CMakeFiles\mayaUsd_Translators.dir\lightWriter.cpp.obj
[2023-02-02T19:04:35.000Z]     [389/621] Building CXX object lib\usd\translators\CMakeFiles\mayaUsd_Translators.dir\lightRfMReader.cpp.obj
[2023-02-02T19:04:36.237Z]     [390/621] Building CXX object lib\usd\translators\CMakeFiles\mayaUsd_Translators.dir\jointWriter.cpp.obj
[2023-02-02T19:04:36.858Z]     [391/621] Building CXX object lib\usd\translators\CMakeFiles\mayaUsd_Translators.dir\lightRfMWriter.cpp.obj
[2023-02-02T19:04:37.173Z]     [392/621] Building CXX object lib\usd\translators\CMakeFiles\mayaUsd_Translators.dir\mayaReferenceReader.cpp.obj
[2023-02-02T19:04:37.727Z]     [393/621] Building CXX object lib\usd\translators\CMakeFiles\mayaUsd_Translators.dir\meshReader.cpp.obj
[2023-02-02T19:04:38.144Z]     [394/621] Building CXX object lib\usd\translators\CMakeFiles\mayaUsd_Translators.dir\materialReader.cpp.obj
[2023-02-02T19:04:38.257Z]     [395/621] Building CXX object lib\usd\translators\CMakeFiles\mayaUsd_Translators.dir\shading\shadingTokens.cpp.obj
[2023-02-02T19:04:38.370Z]     [396/621] Building CXX object lib\usd\translators\CMakeFiles\mayaUsd_Translators.dir\meshWriter.cpp.obj
[2023-02-02T19:04:39.739Z]     [397/621] Building CXX object lib\usd\translators\CMakeFiles\mayaUsd_Translators.dir\nurbsSurfaceWriter.cpp.obj
[2023-02-02T19:04:39.850Z]     [398/621] Building CXX object lib\usd\translators\CMakeFiles\mayaUsd_Translators.dir\nurbsCurveWriter.cpp.obj
[2023-02-02T19:04:40.789Z]     [399/621] Building CXX object lib\usd\translators\CMakeFiles\mayaUsd_Translators.dir\nurbsPatchReader.cpp.obj
[2023-02-02T19:04:40.908Z]     [400/621] Building CXX object lib\usd\translators\CMakeFiles\mayaUsd_Translators.dir\meshWriter_BlendShapes.cpp.obj
[2023-02-02T19:04:41.831Z]     [401/621] Building CXX object lib\usd\translators\CMakeFiles\mayaUsd_Translators.dir\nurbsCurvesReader.cpp.obj
[2023-02-02T19:04:42.408Z]     [402/621] Building CXX object lib\usd\translators\CMakeFiles\mayaUsd_Translators.dir\strokeWriter.cpp.obj
[2023-02-02T19:04:42.408Z]     [403/621] Building CXX object lib\usd\translators\CMakeFiles\mayaUsd_Translators.dir\skelReader.cpp.obj
[2023-02-02T19:04:42.663Z]     [404/621] Building CXX object lib\usd\translators\CMakeFiles\mayaUsd_Translators.dir\xformReader.cpp.obj
[2023-02-02T19:04:43.093Z]     [405/621] Building CXX object lib\usd\translators\CMakeFiles\mayaUsd_Translators.dir\particleWriter.cpp.obj
[2023-02-02T19:04:43.516Z]     [406/621] Building CXX object lib\usd\translators\CMakeFiles\mayaUsd_Translators.dir\shading\usdBlinnReader.cpp.obj
[2023-02-02T19:04:44.850Z]     [407/621] Building CXX object lib\usd\translators\CMakeFiles\mayaUsd_Translators.dir\scopeReader.cpp.obj
[2023-02-02T19:04:45.486Z]     [408/621] Building CXX object lib\usd\translators\CMakeFiles\mayaUsd_Translators.dir\shading\usdLambertWriter.cpp.obj
[2023-02-02T19:04:45.627Z]     [409/621] Building CXX object lib\usd\schemas\CMakeFiles\mayaUsd_Schemas.dir\tokens.cpp.obj
[2023-02-02T19:04:45.738Z]     [410/621] Building CXX object lib\usd\translators\CMakeFiles\mayaUsd_Translators.dir\shading\usdBlinnWriter.cpp.obj
[2023-02-02T19:04:45.738Z]     [411/621] Building CXX object lib\usd\translators\CMakeFiles\mayaUsd_Translators.dir\shading\usdLambertReader.cpp.obj
[2023-02-02T19:04:46.169Z]     [412/621] Building CXX object lib\usd\translators\CMakeFiles\mayaUsd_Translators.dir\shading\usdDisplacementShaderWriter.cpp.obj
[2023-02-02T19:04:46.498Z]     [413/621] Building CXX object lib\usd\translators\CMakeFiles\mayaUsd_Translators.dir\shading\usdFileTextureWriter.cpp.obj
[2023-02-02T19:04:46.629Z]     [414/621] Building CXX object lib\usd\schemas\CMakeFiles\_schemas.dir\module.cpp.obj
[2023-02-02T19:04:47.148Z]     [415/621] Building CXX object lib\usd\translators\CMakeFiles\mayaUsd_Translators.dir\shading\usdPhongWriter.cpp.obj
[2023-02-02T19:04:47.467Z]     [416/621] Building CXX object lib\usd\utils\CMakeFiles\mayaUsdUtils.dir\DebugCodes.cpp.obj
[2023-02-02T19:04:47.689Z]     [417/621] Building CXX object lib\usd\translators\CMakeFiles\mayaUsd_Translators.dir\shading\usdPhongReader.cpp.obj
[2023-02-02T19:04:48.410Z]     [418/621] Building CXX object lib\usd\schemas\CMakeFiles\mayaUsd_Schemas.dir\ModuleDeps.cpp.obj
[2023-02-02T19:04:49.044Z]     [419/621] Building CXX object lib\usd\translators\CMakeFiles\mayaUsd_Translators.dir\shading\usdMaterialReader.cpp.obj
[2023-02-02T19:04:49.044Z]     [420/621] Building CXX object lib\usd\schemas\CMakeFiles\_schemas.dir\wrapTokens.cpp.obj
[2023-02-02T19:04:49.265Z]     [421/621] Building CXX object lib\usd\utils\CMakeFiles\mayaUsdUtils.dir\DiffCore.cpp.obj
[2023-02-02T19:04:49.796Z]     [422/621] Building CXX object lib\usd\translators\CMakeFiles\mayaUsd_Translators.dir\shading\usdMaterialWriter.cpp.obj
[2023-02-02T19:04:49.796Z]     [423/621] Building CXX object lib\usd\translators\CMakeFiles\mayaUsd_Translators.dir\shading\usdPhongEWriter.cpp.obj
[2023-02-02T19:04:50.224Z]     [424/621] Building CXX object lib\usd\translators\CMakeFiles\mayaUsd_Translators.dir\shading\usdReflectWriter.cpp.obj
[2023-02-02T19:04:50.549Z]     [425/621] Building CXX object lib\usd\schemas\CMakeFiles\mayaUsd_Schemas.dir\ALMayaReference.cpp.obj
[2023-02-02T19:04:50.549Z]     [426/621] Building CXX object lib\usd\translators\CMakeFiles\mayaUsd_Translators.dir\shading\usdPrimvarReaderFloat3Reader.cpp.obj
[2023-02-02T19:04:51.394Z]     [427/621] Building CXX object lib\usd\translators\CMakeFiles\mayaUsd_Translators.dir\shading\usdUVTextureReader.cpp.obj
[2023-02-02T19:04:52.432Z]     [428/621] Building CXX object lib\usd\schemas\CMakeFiles\mayaUsd_Schemas.dir\MayaReference.cpp.obj
[2023-02-02T19:04:52.651Z]     [429/621] Building CXX object lib\usd\translators\CMakeFiles\mayaUsd_Translators.dir\shading\rfmShaderTranslation.cpp.obj
[2023-02-02T19:04:53.077Z]     [430/621] Linking CXX shared library lib\usd\schemas\mayaUsd_Schemas.dll
[2023-02-02T19:04:53.077Z]     [431/621] Building CXX object lib\usd\schemas\CMakeFiles\_schemas.dir\wrapALMayaReference.cpp.obj
[2023-02-02T19:04:53.192Z]     [432/621] Building CXX object lib\usd\schemas\CMakeFiles\_schemas.dir\wrapMayaReference.cpp.obj
[2023-02-02T19:04:53.822Z]     [433/621] Linking CXX shared library lib\usd\schemas\_schemas.pyd
[2023-02-02T19:04:54.037Z]     [434/621] Building CXX object plugin\al\schemas\AL\usd\schemas\maya\CMakeFiles\AL_USDMayaSchemas.dir\tokens.cpp.obj
[2023-02-02T19:04:54.264Z]     [435/621] Building CXX object lib\usd\utils\CMakeFiles\mayaUsdUtils.dir\MergePrimsOptions.cpp.obj
[2023-02-02T19:04:54.264Z]     [436/621] Building CXX object lib\usd\utils\CMakeFiles\mayaUsdUtils.dir\DiffAttributes.cpp.obj
[2023-02-02T19:04:54.780Z]     [437/621] Building CXX object lib\usd\utils\CMakeFiles\mayaUsdUtils.dir\DiffRelationships.cpp.obj
[2023-02-02T19:04:55.513Z]     [438/621] Building CXX object lib\usd\utils\CMakeFiles\mayaUsdUtils.dir\DiffDictionaries.cpp.obj
[2023-02-02T19:04:56.042Z]     [439/621] Building CXX object lib\usd\utils\CMakeFiles\mayaUsdUtils.dir\DiffLists.cpp.obj
[2023-02-02T19:04:56.289Z]     [440/621] Building CXX object plugin\al\schemas\AL\usd\schemas\maya\CMakeFiles\AL_USDMayaSchemas.dir\ModuleDeps.cpp.obj
[2023-02-02T19:04:56.455Z]     [441/621] Building CXX object plugin\al\schemas\AL\usd\schemas\maya\CMakeFiles\AL_USDMayaSchemas.dir\FrameRange.cpp.obj
[2023-02-02T19:04:56.694Z]     [442/621] Building CXX object lib\usd\utils\CMakeFiles\mayaUsdUtils.dir\DiffMetadatas.cpp.obj
[2023-02-02T19:04:57.133Z]     [443/621] Building CXX object lib\usd\utils\CMakeFiles\mayaUsdUtils.dir\util.cpp.obj
[2023-02-02T19:04:57.359Z]     [444/621] Building CXX object plugin\al\schemas\AL\usd\schemas\maya\CMakeFiles\AL_USDMayaSchemas.dir\ModelAPI.cpp.obj
[2023-02-02T19:04:57.574Z]     [445/621] Building CXX object plugin\al\lib\AL_USDMaya\CMakeFiles\_AL_USDMaya.dir\AL\usdmaya\module.cpp.obj
[2023-02-02T19:04:57.685Z]     [446/621] Building CXX object lib\usd\utils\CMakeFiles\mayaUsdUtils.dir\DiffPrims.cpp.obj
[2023-02-02T19:04:58.819Z]     [447/621] Building CXX object lib\usd\utils\CMakeFiles\mayaUsdUtils.dir\DiffValues.cpp.obj
[2023-02-02T19:04:59.582Z]     [448/621] Building CXX object lib\usd\utils\CMakeFiles\mayaUsdUtils.dir\MergePrims.cpp.obj
[2023-02-02T19:05:00.305Z]     [449/621] Linking CXX shared library lib\usd\utils\mayaUsdUtils.dll
[2023-02-02T19:05:00.840Z]     [450/621] Linking CXX executable test\lib\usd\utils\testDiffCore.exe
[2023-02-02T19:05:01.364Z]     [451/621] Linking CXX executable test\lib\usd\utils\testDiffPrims.exe
[2023-02-02T19:05:02.291Z]     [452/621] Linking CXX executable test\lib\usd\utils\testDiffValues.exe
[2023-02-02T19:05:02.428Z]     [453/621] Building CXX object plugin\al\lib\AL_USDMaya\CMakeFiles\AL_USDMaya.dir\AL\usdmaya\nodes\Scope.cpp.obj
[2023-02-02T19:05:02.984Z]     [454/621] Linking CXX executable test\lib\usd\utils\testDiffRelationships.exe
[2023-02-02T19:05:03.110Z]     [455/621] Linking CXX executable test\lib\usd\utils\testDiffAttributes.exe
[2023-02-02T19:05:03.110Z]     [456/621] Building CXX object plugin\al\lib\AL_USDMaya\CMakeFiles\AL_USDMaya.dir\AL\usdmaya\nodes\ProxyUsdGeomCamera.cpp.obj
[2023-02-02T19:05:03.532Z]     [457/621] Building CXX object plugin\al\lib\AL_USDMaya\CMakeFiles\_AL_USDMaya.dir\AL\usdmaya\wrapStageCache.cpp.obj
[2023-02-02T19:05:03.897Z]     [458/621] Building CXX object plugin\al\lib\AL_USDMaya\CMakeFiles\AL_USDMaya.dir\AL\usdmaya\nodes\proxy\PrimFilter.cpp.obj
[2023-02-02T19:05:04.021Z]     [459/621] Linking CXX executable test\lib\usd\utils\testDiffLists.exe
[2023-02-02T19:05:04.021Z]     [460/621] Building CXX object plugin\al\lib\AL_USDMaya\CMakeFiles\AL_USDMaya.dir\AL\usdmaya\nodes\Transform.cpp.obj
[2023-02-02T19:05:04.021Z]     [461/621] Linking CXX executable test\lib\usd\utils\testDiffDictionaries.exe
[2023-02-02T19:05:04.135Z]     [462/621] Linking CXX executable test\lib\usd\utils\testDiffMetadatas.exe
[2023-02-02T19:05:04.135Z]     [463/621] Building CXX object plugin\al\lib\AL_USDMaya\CMakeFiles\AL_USDMaya.dir\AL\usdmaya\nodes\RendererManager.cpp.obj
[2023-02-02T19:05:04.135Z]     [464/621] Building CXX object plugin\al\lib\AL_USDMaya\CMakeFiles\AL_USDMaya.dir\AL\usdmaya\nodes\proxy\ProxyShapeVariantFallbacks.cpp.obj
[2023-02-02T19:05:04.248Z]     [465/621] Building CXX object plugin\al\lib\AL_USDMaya\CMakeFiles\AL_USDMaya.dir\AL\usdmaya\nodes\TransformationMatrix.cpp.obj
[2023-02-02T19:05:04.365Z]     [466/621] Linking CXX executable test\lib\usd\utils\testMergePrims.exe
[2023-02-02T19:05:04.597Z]     [467/621] Linking CXX executable test\lib\usd\utils\testDiffComputeOverall.exe
[2023-02-02T19:05:04.825Z]     [468/621] Building CXX object plugin\al\lib\AL_USDMaya\CMakeFiles\AL_USDMaya.dir\AL\usdmaya\nodes\BasicTransformationMatrix.cpp.obj
[2023-02-02T19:05:04.947Z]     [469/621] Linking CXX shared library plugin\al\mayautils\AL\maya\AL_MayaUtils.dll
[2023-02-02T19:05:05.073Z]     [470/621] Building CXX object plugin\al\lib\AL_USDMaya\CMakeFiles\AL_USDMaya.dir\AL\usdmaya\nodes\ProxyShapeSelection.cpp.obj
[2023-02-02T19:05:05.593Z]     [471/621] Linking CXX shared library plugin\al\mayautils\AL\maya\tests\mayaplugintest\AL_MayaUtilsTests.mll
[2023-02-02T19:05:05.915Z]     [472/621] Linking CXX shared library plugin\al\usdmayautils\AL\usdmaya\utils\AL_USDMayaUtils.dll
[2023-02-02T19:05:06.135Z]     [473/621] Building CXX object plugin\al\lib\AL_USDMaya\CMakeFiles\AL_USDMaya.dir\AL\usdmaya\nodes\proxy\ProxyShapeMetaData.cpp.obj
[2023-02-02T19:05:07.000Z]     [474/621] Building CXX object plugin\al\lib\AL_USDMaya\CMakeFiles\_AL_USDMaya.dir\AL\usdmaya\nodes\wrapLayerManager.cpp.obj
[2023-02-02T19:05:07.754Z]     [475/621] Building CXX object plugin\al\plugin\AL_USDMayaTestPlugin\CMakeFiles\AL_USDMayaTestPlugin.dir\AL\maya\test_EventHandler.cpp.obj
[2023-02-02T19:05:07.754Z]     [476/621] Linking CXX shared library lib\mayaUsd\mayaUsd.dll
[2023-02-02T19:05:08.480Z]     [477/621] Linking CXX shared library test\lib\usd\plugin\usdTestMayaPlugin.mll
[2023-02-02T19:05:08.812Z]     [478/621] Building CXX object plugin\al\lib\AL_USDMaya\CMakeFiles\_AL_USDMaya.dir\AL\usdmaya\nodes\wrapProxyShape.cpp.obj
[2023-02-02T19:05:09.342Z]     [479/621] Linking CXX shared library test\lib\usd\plugin\usdTestUsdPlugin.dll
[2023-02-02T19:05:09.465Z]     [480/621] Linking CXX shared library test\lib\usd\plugin\usdTestApiWriter.dll
[2023-02-02T19:05:09.683Z]     [481/621] Building CXX object plugin\al\lib\AL_USDMaya\CMakeFiles\AL_USDMaya.dir\AL\usdmaya\nodes\ProxyShape.cpp.obj
[2023-02-02T19:05:10.002Z]     [482/621] Linking CXX shared library test\lib\usd\plugin\usdTestInfoImportChaser.mll
[2023-02-02T19:05:10.529Z]     [483/621] Linking CXX shared library plugin\pxr\maya\lib\usdMaya\usdMaya.dll
[2023-02-02T19:05:11.273Z]     [484/621] Linking CXX shared library lib\mayaUsd\python\_mayaUsd.pyd
[2023-02-02T19:05:11.273Z]     [485/621] Linking CXX shared library lib\usd\hdMaya\hdMaya.dll
[2023-02-02T19:05:11.273Z]     [486/621] Linking CXX shared library plugin\pxr\maya\lib\usdMaya\_usdMaya.pyd
[2023-02-02T19:05:12.122Z]     [487/621] Linking CXX shared library plugin\pxr\maya\plugin\pxrUsd\pxrUsd.mll
[2023-02-02T19:05:12.276Z]     [488/621] Linking CXX shared library lib\usd\pxrUsdPreviewSurface\basePxrUsdPreviewSurface.dll
[2023-02-02T19:05:12.442Z]     [489/621] Building CXX object plugin\al\lib\AL_USDMaya\CMakeFiles\_AL_USDMaya.dir\AL\usdmaya\fileio\translators\wrapTranslatorBase.cpp.obj
[2023-02-02T19:05:12.612Z]     [490/621] Linking CXX shared library lib\mayaUsd\render\mayaToHydra\mtoh.mll
[2023-02-02T19:05:13.159Z]     [491/621] Linking CXX shared library plugin\pxr\maya\plugin\pxrUsdPreviewSurface\pxrUsdPreviewSurface.mll
[2023-02-02T19:05:13.802Z]     [492/621] Building CXX object plugin\al\plugin\AL_USDMayaPlugin\CMakeFiles\AL_USDMayaPlugin.dir\plugin.cpp.obj
[2023-02-02T19:05:14.368Z]     [493/621] Linking CXX shared library lib\usd\translators\mayaUsd_Translators.dll
[2023-02-02T19:05:15.052Z]     [494/621] Linking CXX shared library plugin\al\lib\AL_USDMaya\AL_USDMaya.dll
[2023-02-02T19:05:15.173Z]     [495/621] Building CXX object plugin\al\plugin\AL_USDMayaTestPlugin\CMakeFiles\AL_USDMayaTestPlugin.dir\AL\maya\test_MayaEventManager.cpp.obj
[2023-02-02T19:05:15.398Z]     [496/621] Building CXX object plugin\al\plugin\AL_USDMayaTestPlugin\CMakeFiles\AL_USDMayaTestPlugin.dir\AL\usdmaya\commands\test_ExportCommands.cpp.obj
[2023-02-02T19:05:15.523Z]     [497/621] Building CXX object plugin\al\plugin\AL_USDMayaTestPlugin\CMakeFiles\AL_USDMayaTestPlugin.dir\AL\usdmaya\commands\test_LayerCommands.cpp.obj
[2023-02-02T19:05:15.659Z]     [498/621] Building CXX object plugin\al\plugin\AL_USDMayaTestPlugin\CMakeFiles\AL_USDMayaTestPlugin.dir\AL\usdmaya\commands\test_ProxyShapeImport.cpp.obj
[2023-02-02T19:05:15.979Z]     [499/621] Building CXX object plugin\al\plugin\AL_USDMayaTestPlugin\CMakeFiles\AL_USDMayaTestPlugin.dir\AL\maya\test_MatrixToSRT.cpp.obj
[2023-02-02T19:05:16.097Z]     [500/621] Linking CXX shared library plugin\al\plugin\AL_USDMayaPlugin\AL_USDMayaPlugin.mll
[2023-02-02T19:05:17.392Z]     [501/621] Building CXX object plugin\al\plugin\AL_USDMayaTestPlugin\CMakeFiles\AL_USDMayaTestPlugin.dir\AL\usdmaya\fileio\export_misc.cpp.obj
[2023-02-02T19:05:17.655Z]     [502/621] Building CXX object plugin\al\lib\AL_USDMaya\CMakeFiles\_AL_USDMaya.dir\AL\usdmaya\fileio\translators\wrapTranslatorContext.cpp.obj
[2023-02-02T19:05:17.657Z]     [503/621] Building CXX object plugin\al\plugin\AL_USDMayaTestPlugin\CMakeFiles\AL_USDMayaTestPlugin.dir\plugin.cpp.obj
[2023-02-02T19:05:18.549Z]     [504/621] Building CXX object plugin\al\plugin\AL_USDMayaTestPlugin\CMakeFiles\AL_USDMayaTestPlugin.dir\AL\usdmaya\commands\test_LayerManagerCommands.cpp.obj
[2023-02-02T19:05:18.783Z]     [505/621] Linking CXX shared library plugin\al\lib\AL_USDMaya\_AL_USDMaya.pyd
[2023-02-02T19:05:19.939Z]     [506/621] Automatic MOC and UIC for target mayaUsdUI
[2023-02-02T19:05:20.257Z]     [507/621] Automatic RCC for layerEditor/resources.qrc
[2023-02-02T19:05:20.379Z]     [508/621] Building CXX object plugin\al\plugin\AL_USDMayaTestPlugin\CMakeFiles\AL_USDMayaTestPlugin.dir\AL\usdmaya\fileio\export_blendshape.cpp.obj
[2023-02-02T19:05:20.379Z]     [509/621] Automatic RCC for importDialog/images/ui.qrc
[2023-02-02T19:05:20.897Z]     [510/621] Building CXX object plugin\al\plugin\AL_USDMayaTestPlugin\CMakeFiles\AL_USDMayaTestPlugin.dir\AL\usdmaya\commands\test_TranslateCommand.cpp.obj
[2023-02-02T19:05:23.340Z]     [511/621] Building CXX object lib\usd\ui\CMakeFiles\mayaUsdUI.dir\layerEditor\dirtyLayersCountBadge.cpp.obj
[2023-02-02T19:05:24.066Z]     [512/621] Building CXX object plugin\al\plugin\AL_USDMayaTestPlugin\CMakeFiles\AL_USDMayaTestPlugin.dir\AL\usdmaya\fileio\import_instances.cpp.obj
[2023-02-02T19:05:24.283Z]     [513/621] Building CXX object plugin\al\plugin\AL_USDMayaTestPlugin\CMakeFiles\AL_USDMayaTestPlugin.dir\AL\usdmaya\fileio\export_lattice.cpp.obj
[2023-02-02T19:05:25.337Z]     [514/621] Building CXX object plugin\al\plugin\AL_USDMayaTestPlugin\CMakeFiles\AL_USDMayaTestPlugin.dir\AL\usdmaya\fileio\export_multiple_shapes.cpp.obj
[2023-02-02T19:05:25.684Z]     [515/621] Building CXX object plugin\al\plugin\AL_USDMayaTestPlugin\CMakeFiles\AL_USDMayaTestPlugin.dir\AL\usdmaya\fileio\export_unmerged.cpp.obj
[2023-02-02T19:05:25.684Z]     [516/621] Building CXX object plugin\al\plugin\AL_USDMayaTestPlugin\CMakeFiles\AL_USDMayaTestPlugin.dir\AL\usdmaya\fileio\export_constraints.cpp.obj
[2023-02-02T19:05:26.359Z]     [517/621] Building CXX object plugin\al\plugin\AL_USDMayaTestPlugin\CMakeFiles\AL_USDMayaTestPlugin.dir\AL\usdmaya\fileio\export_ik.cpp.obj
[2023-02-02T19:05:26.485Z]     [518/621] Building CXX object plugin\al\plugin\AL_USDMayaTestPlugin\CMakeFiles\AL_USDMayaTestPlugin.dir\AL\usdmaya\fileio\export_nonlinear.cpp.obj
[2023-02-02T19:05:26.485Z]     [519/621] Building CXX object plugin\al\plugin\AL_USDMayaTestPlugin\CMakeFiles\AL_USDMayaTestPlugin.dir\AL\usdmaya\fileio\import_playback_range.cpp.obj
[2023-02-02T19:05:26.608Z]     [520/621] Building CXX object plugin\al\plugin\AL_USDMayaTestPlugin\CMakeFiles\AL_USDMayaTestPlugin.dir\AL\usdmaya\fileio\test_activeInActiveTranslators.cpp.obj
[2023-02-02T19:05:26.731Z]     [521/621] Building CXX object plugin\al\plugin\AL_USDMayaTestPlugin\CMakeFiles\AL_USDMayaTestPlugin.dir\AL\usdmaya\fileio\export_import_instancing.cpp.obj
[2023-02-02T19:05:28.372Z]     [522/621] Building CXX object plugin\al\plugin\AL_USDMayaTestPlugin\CMakeFiles\AL_USDMayaTestPlugin.dir\AL\usdmaya\nodes\proxy\test_PrimFilter.cpp.obj
[2023-02-02T19:05:28.810Z]     [523/621] Building CXX object lib\usd\ui\CMakeFiles\mayaUsdUI.dir\mayaUsdUI_autogen\mocs_compilation.cpp.obj
[2023-02-02T19:05:29.143Z]     [524/621] Building CXX object lib\usd\ui\CMakeFiles\mayaUsdUI.dir\layerEditor\generatedIconButton.cpp.obj
[2023-02-02T19:05:29.670Z]     [525/621] Building CXX object plugin\al\plugin\AL_USDMayaTestPlugin\CMakeFiles\AL_USDMayaTestPlugin.dir\AL\usdmaya\nodes\test_lockPrims.cpp.obj
[2023-02-02T19:05:29.799Z]     [526/621] Building CXX object plugin\al\plugin\AL_USDMayaTestPlugin\CMakeFiles\AL_USDMayaTestPlugin.dir\AL\usdmaya\nodes\test_LayerManager.cpp.obj
[2023-02-02T19:05:29.912Z]     [527/621] Building CXX object lib\usd\ui\CMakeFiles\mayaUsdUI.dir\layerEditor\mayaQtUtils.cpp.obj
[2023-02-02T19:05:31.900Z]     [528/621] Building CXX object lib\usd\ui\CMakeFiles\mayaUsdUI.dir\layerEditor\layerTreeItemDelegate.cpp.obj
[2023-02-02T19:05:31.900Z]     [529/621] Building CXX object lib\usd\ui\CMakeFiles\mayaUsdUI.dir\layerEditor\qtUtils.cpp.obj
[2023-02-02T19:05:32.333Z]     [530/621] Building CXX object plugin\al\plugin\AL_USDMayaTestPlugin\CMakeFiles\AL_USDMayaTestPlugin.dir\AL\usdmaya\nodes\test_ActiveInactive.cpp.obj
[2023-02-02T19:05:32.333Z]     [531/621] Building CXX object lib\usd\ui\CMakeFiles\mayaUsdUI.dir\layerEditor\layerTreeModel.cpp.obj
[2023-02-02T19:05:32.671Z]     [532/621] Building CXX object lib\usd\ui\CMakeFiles\mayaUsdUI.dir\layerEditor\warningDialogs.cpp.obj
[2023-02-02T19:05:32.785Z]     [533/621] Building CXX object lib\usd\ui\CMakeFiles\mayaUsdUI.dir\layerEditor\stringResources.cpp.obj
[2023-02-02T19:05:32.899Z]     [534/621] Building CXX object lib\usd\ui\CMakeFiles\mayaUsdUI.dir\layerEditor\layerTreeItem.cpp.obj
[2023-02-02T19:05:34.233Z]     [535/621] Building CXX object lib\usd\ui\CMakeFiles\mayaUsdUI.dir\layerEditor\mayaCommandHook.cpp.obj
[2023-02-02T19:05:34.575Z]     [536/621] Building CXX object lib\usd\ui\CMakeFiles\mayaUsdUI.dir\layerEditor\layerEditorWidget.cpp.obj
[2023-02-02T19:05:35.105Z]     [537/621] Building CXX object lib\usd\ui\CMakeFiles\mayaUsdUI.dir\layerEditor\pathChecker.cpp.obj
[2023-02-02T19:05:35.105Z]     [538/621] Building CXX object lib\usd\ui\CMakeFiles\mayaUsdUI.dir\layerEditor\sessionState.cpp.obj
[2023-02-02T19:05:35.105Z]     [539/621] Building CXX object lib\usd\ui\CMakeFiles\mayaUsdUI.dir\initStringResources.cpp.obj
[2023-02-02T19:05:35.105Z]     [540/621] Building CXX object lib\usd\ui\CMakeFiles\mayaUsdUI.dir\mayaUsdUI_autogen\5WMDHDZAMM\qrc_resources.cpp.obj
[2023-02-02T19:05:35.219Z]     [541/621] Building CXX object lib\usd\ui\CMakeFiles\mayaUsdUI.dir\mayaUsdUI_autogen\AUCU3ACLTF\qrc_ui.cpp.obj
[2023-02-02T19:05:35.219Z]     [542/621] Building CXX object lib\usd\ui\CMakeFiles\mayaUsdUI.dir\importDialog\USDQtUtil.cpp.obj
[2023-02-02T19:05:35.750Z]     [543/621] Building CXX object lib\usd\ui\CMakeFiles\mayaUsdUI.dir\layerEditor\loadLayersDialog.cpp.obj
[2023-02-02T19:05:35.866Z]     [544/621] Building CXX object lib\usd\ui\CMakeFiles\mayaUsdUI.dir\layerEditor\layerTreeView.cpp.obj
[2023-02-02T19:05:36.092Z]     [545/621] Building CXX object lib\usd\ui\CMakeFiles\mayaUsdUI.dir\layerEditor\mayaSessionState.cpp.obj
[2023-02-02T19:05:36.617Z]     [546/621] Building CXX object lib\usd\ui\CMakeFiles\mayaUsdUI.dir\layerEditor\stageSelectorWidget.cpp.obj
[2023-02-02T19:05:37.748Z]     [547/621] Building CXX object lib\usd\ui\CMakeFiles\mayaUsdUI.dir\layerEditor\mayaLayerEditorWindow.cpp.obj
[2023-02-02T19:05:38.692Z]     [548/621] Building CXX object lib\usd\ui\CMakeFiles\mayaUsdUI.dir\layerEditor\saveLayersDialog.cpp.obj
[2023-02-02T19:05:39.219Z]     [549/621] Building CXX object lib\usd\ui\CMakeFiles\mayaUsdUI.dir\importDialog\TreeModel.cpp.obj
[2023-02-02T19:05:40.373Z]     [550/621] Building CXX object lib\usd\ui\CMakeFiles\mayaUsdUI.dir\importDialog\USDImportDialog.cpp.obj
[2023-02-02T19:05:40.373Z]     [551/621] Building CXX object lib\usd\ui\CMakeFiles\mayaUsdUI.dir\importDialog\TreeItem.cpp.obj
[2023-02-02T19:05:40.592Z]     [552/621] Building CXX object lib\usd\ui\CMakeFiles\mayaUsdUI.dir\importDialog\ItemDelegate.cpp.obj
[2023-02-02T19:05:40.708Z]     [553/621] Building CXX object lib\usd\ui\CMakeFiles\mayaUsdUI.dir\importDialog\TreeModelFactory.cpp.obj
[2023-02-02T19:05:40.708Z]     [554/621] Building CXX object lib\usd\ui\CMakeFiles\mayaUsdUI.dir\importDialog\USDImportDialogCmd.cpp.obj
[2023-02-02T19:05:42.249Z]     [555/621] Linking CXX shared library lib\usd\ui\mayaUsdUI.dll
[2023-02-02T19:05:42.249Z]     [556/621] Automatic MOC and UIC for target testMayaUsdUI
[2023-02-02T19:05:42.369Z]     [557/621] Building CXX object lib\usd\ui\importDialogDemo\CMakeFiles\testMayaUsdUI.dir\testMayaUsdUI_autogen\mocs_compilation.cpp.obj
[2023-02-02T19:05:43.605Z]     [558/621] Building CXX object plugin\al\plugin\AL_USDMayaTestPlugin\CMakeFiles\AL_USDMayaTestPlugin.dir\AL\usdmaya\nodes\test_Transform.cpp.obj
[2023-02-02T19:05:44.164Z]     [559/621] Building CXX object plugin\al\plugin\AL_USDMayaTestPlugin\CMakeFiles\AL_USDMayaTestPlugin.dir\AL\usdmaya\nodes\test_ScopeMatrix.cpp.obj
[2023-02-02T19:05:44.597Z]     [560/621] Building CXX object plugin\al\plugin\AL_USDMayaTestPlugin\CMakeFiles\AL_USDMayaTestPlugin.dir\AL\usdmaya\nodes\test_ProxyUsdGeomCamera.cpp.obj
[2023-02-02T19:05:44.726Z]     [561/621] Building CXX object plugin\al\plugin\AL_USDMayaTestPlugin\CMakeFiles\AL_USDMayaTestPlugin.dir\AL\usdmaya\nodes\test_ProxyShapeSelectabilityDB.cpp.obj
[2023-02-02T19:05:44.948Z]     [562/621] Building CXX object plugin\al\plugin\AL_USDMayaTestPlugin\CMakeFiles\AL_USDMayaTestPlugin.dir\AL\usdmaya\nodes\test_ExtraDataPlugin.cpp.obj
[2023-02-02T19:05:47.128Z]     [563/621] Building CXX object plugin\al\plugin\AL_USDMayaTestPlugin\CMakeFiles\AL_USDMayaTestPlugin.dir\AL\usdmaya\nodes\test_ProxyShape.cpp.obj
[2023-02-02T19:05:47.241Z]     [564/621] Building CXX object plugin\al\plugin\AL_USDMayaTestPlugin\CMakeFiles\AL_USDMayaTestPlugin.dir\AL\usdmaya\nodes\test_TransformMatrix.cpp.obj
[2023-02-02T19:05:47.372Z]     [565/621] Building CXX object plugin\al\plugin\AL_USDMayaTestPlugin\CMakeFiles\AL_USDMayaTestPlugin.dir\test_translators_CameraTranslator.cpp.obj
[2023-02-02T19:05:47.489Z]     [566/621] Building CXX object plugin\al\schemas\AL\usd\schemas\maya\CMakeFiles\_AL_USDMayaSchemas.dir\module.cpp.obj
[2023-02-02T19:05:47.916Z]     [567/621] Building CXX object plugin\al\plugin\AL_USDMayaTestPlugin\CMakeFiles\AL_USDMayaTestPlugin.dir\AL\usdmaya\test_DiffGeom.cpp.obj
[2023-02-02T19:05:47.916Z]     [568/621] Linking CXX shared library plugin\al\schemas\AL\usd\schemas\maya\AL_USDMayaSchemas.dll
[2023-02-02T19:05:48.873Z]     [569/621] Building CXX object plugin\al\plugin\AL_USDMayaTestPlugin\CMakeFiles\AL_USDMayaTestPlugin.dir\test_translators_AnimationTranslator.cpp.obj
[2023-02-02T19:05:49.190Z]     [570/621] Building CXX object plugin\al\plugin\AL_USDMayaTestPlugin\CMakeFiles\AL_USDMayaTestPlugin.dir\AL\usdmaya\nodes\test_VariantFallbacks.cpp.obj
[2023-02-02T19:05:50.116Z]     [571/621] Building CXX object plugin\al\plugin\AL_USDMayaTestPlugin\CMakeFiles\AL_USDMayaTestPlugin.dir\test_translators_PythonBindings.cpp.obj
[2023-02-02T19:05:50.886Z]     [572/621] Building CXX object plugin\al\schemas\AL\usd\schemas\maya\tests\CMakeFiles\testMayaSchemas.dir\main.cpp.obj
[2023-02-02T19:05:51.106Z]     [573/621] Building CXX object plugin\al\plugin\AL_USDMayaTestPlugin\CMakeFiles\AL_USDMayaTestPlugin.dir\test_translators_NurbsCurveTranslator.cpp.obj
[2023-02-02T19:05:51.528Z]     [574/621] Building CXX object plugin\al\plugin\AL_USDMayaTestPlugin\CMakeFiles\AL_USDMayaTestPlugin.dir\AL\usdmaya\test_DiffPrimVar.cpp.obj
[2023-02-02T19:05:51.744Z]     [575/621] Building CXX object lib\usd\ui\importDialogDemo\CMakeFiles\testMayaUsdUI.dir\testMayaUsdUI.cpp.obj
[2023-02-02T19:05:51.744Z]     [576/621] Building CXX object plugin\al\schemas\AL\usd\schemas\mayatest\CMakeFiles\_AL_USDMayaSchemasTest.dir\module.cpp.obj
[2023-02-02T19:05:51.873Z]     [577/621] Building CXX object plugin\al\plugin\AL_USDMayaTestPlugin\CMakeFiles\AL_USDMayaTestPlugin.dir\AL\usdmaya\nodes\test_TranslatorContext.cpp.obj
[2023-02-02T19:05:52.091Z]     [578/621] Building CXX object plugin\al\schemas\AL\usd\schemas\maya\CMakeFiles\_AL_USDMayaSchemas.dir\wrapTokens.cpp.obj
[2023-02-02T19:05:52.563Z]     [579/621] Linking CXX executable lib\usd\ui\importDialogDemo\testMayaUsdUI.exe
[2023-02-02T19:05:52.688Z]     [580/621] Building CXX object plugin\al\plugin\AL_USDMayaTestPlugin\CMakeFiles\AL_USDMayaTestPlugin.dir\test_usdmaya.cpp.obj
[2023-02-02T19:05:52.688Z]     [581/621] Building CXX object plugin\al\schemas\AL\usd\schemas\mayatest\CMakeFiles\AL_USDMayaSchemasTest.dir\tokens.cpp.obj
[2023-02-02T19:05:53.741Z]     [582/621] Building CXX object plugin\al\translators\CMakeFiles\AL_USDMayaTranslators.dir\CommonTranslatorOptions.cpp.obj
[2023-02-02T19:05:53.958Z]     [583/621] Building CXX object plugin\al\plugin\AL_USDMayaTestPlugin\CMakeFiles\AL_USDMayaTestPlugin.dir\test_translators_Translator.cpp.obj
[2023-02-02T19:05:54.071Z]     [584/621] Building CXX object plugin\al\schemas\AL\usd\schemas\mayatest\CMakeFiles\AL_USDMayaSchemasTest.dir\ModuleDeps.cpp.obj
[2023-02-02T19:05:55.856Z]     [585/621] Building CXX object plugin\al\schemas\AL\usd\schemas\mayatest\CMakeFiles\_AL_USDMayaSchemasTest.dir\wrapTokens.cpp.obj
[2023-02-02T19:05:56.185Z]     [586/621] Building CXX object plugin\al\plugin\AL_USDMayaTestPlugin\CMakeFiles\AL_USDMayaTestPlugin.dir\test_translators_TransformTranslator.cpp.obj
[2023-02-02T19:05:56.305Z]     [587/621] Building CXX object plugin\al\schemas\AL\usd\schemas\maya\CMakeFiles\_AL_USDMayaSchemas.dir\wrapFrameRange.cpp.obj
[2023-02-02T19:05:56.420Z]     [588/621] Building CXX object plugin\al\plugin\AL_USDMayaTestPlugin\CMakeFiles\AL_USDMayaTestPlugin.dir\test_translators_DgTranslator.cpp.obj
[2023-02-02T19:05:56.546Z]     [589/621] Building CXX object plugin\al\plugin\AL_USDMayaTestPlugin\CMakeFiles\AL_USDMayaTestPlugin.dir\test_translators_MeshTranslator.cpp.obj
[2023-02-02T19:05:56.790Z]     [590/621] Building CXX object plugin\al\translators\pxrUsdTranslators\CMakeFiles\AL_USDMayaPxrTranslators.dir\plugin.cpp.obj
[2023-02-02T19:05:56.790Z]     [591/621] Building CXX object plugin\al\schemas\AL\usd\schemas\maya\tests\CMakeFiles\testMayaSchemas.dir\testModelAPI.cpp.obj
[2023-02-02T19:05:56.908Z]     [592/621] Building CXX object plugin\adsk\plugin\CMakeFiles\mayaUsdPlugin.dir\adskListShadingModesCommand.cpp.obj
[2023-02-02T19:05:57.227Z]     [593/621] Building CXX object plugin\al\plugin\AL_USDMayaTestPlugin\CMakeFiles\AL_USDMayaTestPlugin.dir\test_usdmaya_AttributeType.cpp.obj
[2023-02-02T19:05:57.227Z]     [594/621] Building CXX object plugin\adsk\plugin\CMakeFiles\mayaUsdPlugin.dir\adskListJobContextsCommand.cpp.obj
[2023-02-02T19:05:57.758Z]     [595/621] Building CXX object plugin\al\schemas\AL\usd\schemas\maya\tests\CMakeFiles\testMayaSchemas.dir\testMayaSchemas.cpp.obj
[2023-02-02T19:05:58.277Z]     [596/621] Linking CXX executable plugin\al\schemas\AL\usd\schemas\maya\tests\testMayaSchemas.exe
[2023-02-02T19:05:58.613Z]     [597/621] Building CXX object plugin\al\schemas\AL\usd\schemas\maya\CMakeFiles\_AL_USDMayaSchemas.dir\wrapModelAPI.cpp.obj
[2023-02-02T19:05:59.235Z]     [598/621] Linking CXX shared library plugin\al\schemas\AL\usd\schemas\maya\_AL_USDMayaSchemas.pyd
[2023-02-02T19:05:59.553Z]     [599/621] Building CXX object plugin\al\schemas\AL\usd\schemas\mayatest\CMakeFiles\AL_USDMayaSchemasTest.dir\ExamplePolyCubeNode.cpp.obj
[2023-02-02T19:06:00.083Z]     [600/621] Linking CXX shared library plugin\al\schemas\AL\usd\schemas\mayatest\AL_USDMayaSchemasTest.dll
[2023-02-02T19:06:01.541Z]     [601/621] Building CXX object plugin\al\schemas\AL\usd\schemas\mayatest\CMakeFiles\_AL_USDMayaSchemasTest.dir\wrapExamplePolyCubeNode.cpp.obj
[2023-02-02T19:06:02.079Z]     [602/621] Linking CXX shared library plugin\al\schemas\AL\usd\schemas\mayatest\_AL_USDMayaSchemasTest.pyd
[2023-02-02T19:06:02.193Z]     [603/621] Linking CXX shared library plugin\al\plugin\AL_USDMayaTestPlugin\AL_USDMayaTestPlugin.mll
[2023-02-02T19:06:02.528Z]     [604/621] Building CXX object plugin\al\translators\CMakeFiles\AL_USDMayaTranslators.dir\FrameRange.cpp.obj
[2023-02-02T19:06:02.781Z]     [605/621] Building CXX object plugin\adsk\plugin\CMakeFiles\mayaUsdPlugin.dir\adskStageLoadUnloadCommands.cpp.obj
[2023-02-02T19:06:02.914Z]     [606/621] Building CXX object plugin\adsk\plugin\CMakeFiles\mayaUsdPlugin.dir\adskExportCommand.cpp.obj
[2023-02-02T19:06:03.238Z]     [607/621] Building CXX object plugin\al\translators\CMakeFiles\AL_USDMayaTranslators.dir\Camera.cpp.obj
[2023-02-02T19:06:03.238Z]     [608/621] Building CXX object plugin\al\translators\CMakeFiles\AL_USDMayaTranslators.dir\MayaReference.cpp.obj
[2023-02-02T19:06:03.238Z]     [609/621] Building CXX object plugin\al\translators\CMakeFiles\AL_USDMayaTranslators.dir\Mesh.cpp.obj
[2023-02-02T19:06:03.453Z]     [610/621] Building CXX object plugin\al\translators\CMakeFiles\AL_USDMayaTranslators.dir\NurbsCurve.cpp.obj
[2023-02-02T19:06:03.972Z]     [611/621] Building CXX object plugin\adsk\plugin\CMakeFiles\mayaUsdPlugin.dir\adskImportCommand.cpp.obj
[2023-02-02T19:06:04.187Z]     [612/621] Building CXX object plugin\al\translators\CMakeFiles\AL_USDMayaTranslators.dir\DirectionalLight.cpp.obj
[2023-02-02T19:06:04.810Z]     [613/621] Building CXX object plugin\al\translators\pxrUsdTranslators\CMakeFiles\AL_USDMayaPxrTranslators.dir\ProxyShapeTranslator.cpp.obj
[2023-02-02T19:06:04.924Z]     [614/621] Linking CXX shared library plugin\al\translators\AL_USDMayaTranslators.dll
[2023-02-02T19:06:05.139Z]     [615/621] Building CXX object plugin\adsk\plugin\CMakeFiles\mayaUsdPlugin.dir\geomNode.cpp.obj
[2023-02-02T19:06:05.139Z]     [616/621] Building CXX object plugin\adsk\plugin\CMakeFiles\mayaUsdPlugin.dir\exportTranslator.cpp.obj
[2023-02-02T19:06:05.352Z]     [617/621] Linking CXX shared library plugin\al\translators\pxrUsdTranslators\AL_USDMayaPxrTranslators.mll
[2023-02-02T19:06:06.275Z]     [618/621] Building CXX object plugin\adsk\plugin\CMakeFiles\mayaUsdPlugin.dir\plugin.cpp.obj
[2023-02-02T19:06:06.895Z]     [619/621] Building CXX object plugin\adsk\plugin\CMakeFiles\mayaUsdPlugin.dir\importTranslator.cpp.obj
[2023-02-02T19:06:07.821Z]     [620/621] Building CXX object plugin\adsk\plugin\CMakeFiles\mayaUsdPlugin.dir\ProxyShape.cpp.obj
[2023-02-02T19:06:08.545Z]     [621/621] Linking CXX shared module plugin\adsk\plugin\mayaUsdPlugin.mll
[2023-02-02T19:06:08.545Z]     
[2023-02-02T19:06:08.545Z]         Building with settings:
[2023-02-02T19:06:08.545Z]           Source directory          S:\jenkins\workspace\ECP\ecg-maya-usd\ecg-mayausd-branch-preflight-2019-no-ufe-windows\ecg-maya-usd\maya-usd
[2023-02-02T19:06:08.545Z]           Workspace directory       W:\
[2023-02-02T19:06:08.545Z]           Build directory           W:\build\RelWithDebInfo
[2023-02-02T19:06:08.545Z]           Install directory         W:\install\RelWithDebInfo\MayaUSD
[2023-02-02T19:06:08.545Z]           Variant                   RelWithDebInfo
[2023-02-02T19:06:08.545Z]           Python Debug              Off
[2023-02-02T19:06:08.545Z]           CMake generator           Ninja
[2023-02-02T19:06:08.545Z]           Build arguments           ['-DCMAKE_MAKE_PROGRAM=P:/shared/Artifactory/Windows/ninja/1.9.0/c68f192/ninja.exe', '-DPYTHON_INCLUDE_DIR=P:/shared/Artifactory/Windows/rundev-2019/202003131251/runtime/155eb96/runTime/include/Python2.7', '-DPython_EXECUTABLE=P:/shared/Artifactory/Windows/rundev-2019/202003131251/runtime/155eb96/runTime/bin/mayapy.exe', '-DPYTHON_LIBRARIES=P:/shared/Artifactory/Windows/rundev-2019/202003131251/runtime/155eb96/runTime/lib/python27.lib', '-DCMAKE_WANT_UFE_BUILD=OFF', '-DUSD_LIB_PREFIX=', '-DCMAKE_WANT_MATERIALX_BUILD=ON', '-DCMAKE_PREFIX_PATH=P:\\shared\\Artifactory\\Windows\\USD\\cfb3d8a']
[2023-02-02T19:06:08.545Z]           Stages arguments          ['build']
[2023-02-02T19:06:08.545Z]           CTest arguments           ['-E testUsdReferenceAssemblySelection|testUsdMayaAppDir', '-LE interactive', '--parallel 16']
[2023-02-02T19:06:08.545Z]     Success MayaUSD build and install !!!!
[2023-02-02T19:06:08.545Z]     Elapsed time: 00:04:16
[Pipeline] bat
[2023-02-02T19:06:08.931Z] Deleting alias drive W:
[Pipeline] bat
[2023-02-02T19:06:09.308Z] Deleting alias drive P:
[Pipeline] }
[Pipeline] // withEnv
[Pipeline] }
[Pipeline] // timeout
[Pipeline] }
[Pipeline] // stage
[Pipeline] }
[Pipeline] // timestamps
[Pipeline] timestamps
[Pipeline] {
[Pipeline] stage
[Pipeline] { (Install)
[Pipeline] timeout
[2023-02-02T19:06:09.600Z] Timeout set to expire in 6 hr 0 min
[Pipeline] {
[Pipeline] withEnv
[Pipeline] {
[Pipeline] bat
[2023-02-02T19:06:09.888Z] Creating alias drive P: to S:\jenkins\workspace
[Pipeline] bat
[2023-02-02T19:06:10.277Z] Creating alias drive W: to S:\jenkins\workspace\ECP\ecg-maya-usd\ecg-mayausd-branch-preflight-2019-no-ufe-windows
[Pipeline] bat
[2023-02-02T19:06:10.809Z] "C:\Program Files (x86)\Microsoft Visual Studio\2017\Professional\VC\Auxiliary\Build\vcvarsall.bat" x64
[2023-02-02T19:06:10.917Z] **********************************************************************
[2023-02-02T19:06:10.917Z] ** Visual Studio 2017 Developer Command Prompt v15.9.15
[2023-02-02T19:06:10.917Z] ** Copyright (c) 2017 Microsoft Corporation
[2023-02-02T19:06:10.917Z] **********************************************************************
[2023-02-02T19:06:11.833Z] [vcvarsall.bat] Environment initialized for: 'x64'
[2023-02-02T19:06:11.833Z] python ecg-maya-usd/build.py --stages=install --workspace-dir=W:\ --artifactory-dir=P:\shared\Artifactory --build-dir=W:\build --install-dir=W:\install --signing-dir=W:\signing --package-dir=W:\package --output-dir=W:\output --stash-dir=W:\stash --jenkins-build=652 --git-commit=f16140ee2a8305b269f02e01f806477c7f1eb6dd --git-branch=master --variants=RelWithDebInfo --python=2.7 --ufe=false --pxrusd-version=0.21.05-gold --post-zips=false --maya-cut-config=maya-rundev-2019.yaml --maya-package=rundev-2019 --stage-banner
[2023-02-02T19:06:12.748Z] Using Maya cut from P:\shared\Artifactory\Windows\rundev-2019\202003131251\runtime\155eb96
[2023-02-02T19:06:12.748Z] 
[2023-02-02T19:06:12.748Z] ================================================================================
[2023-02-02T19:06:12.748Z]                             install (RelWithDebInfo)
[2023-02-02T19:06:12.748Z] ================================================================================
[2023-02-02T19:06:12.748Z] Maya Python RelWithDebInfo Info:
[2023-02-02T19:06:12.748Z]   mayapy executable   = P:\shared\Artifactory\Windows\rundev-2019\202003131251\runtime\155eb96\runTime\bin\mayapy.exe
[2023-02-02T19:06:12.748Z]   Include Folder      = P:\shared\Artifactory\Windows\rundev-2019\202003131251\runtime\155eb96\runTime\include\Python2.7
[2023-02-02T19:06:12.748Z]   Library             = P:\shared\Artifactory\Windows\rundev-2019\202003131251\runtime\155eb96\runTime\lib\python27.lib
[2023-02-02T19:06:12.748Z]   site-package Folder = P:\shared\Artifactory\Windows\rundev-2019\202003131251\runtime\155eb96\runTime\Python\Lib\site-packages
[2023-02-02T19:06:13.468Z] In workdir: S:\jenkins\workspace\ECP\ecg-maya-usd\ecg-mayausd-branch-preflight-2019-no-ufe-windows\ecg-maya-usd\maya-usd
[2023-02-02T19:06:13.468Z] Executing: 'P:\\shared\\Artifactory\\Windows\\rundev-2019\\202003131251\\runtime\\155eb96\\runTime\\bin\\mayapy.exe' 'S:\\jenkins\\workspace\\ECP\\ecg-maya-usd\\ecg-mayausd-branch-preflight-2019-no-ufe-windows\\ecg-maya-usd\\maya-usd\\build.py' --generator Ninja --build-relwithdebug --maya-location 'P:\\shared\\Artifactory\\Windows\\rundev-2019\\202003131251\\runtime\\155eb96\\runTime' --devkit-location 'P:\\shared\\Artifactory\\Windows\\rundev-2019\\202003131251\\runtime\\155eb96\\devkitBase' --pxrusd-location 'P:\\shared\\Artifactory\\Windows\\USD\\cfb3d8a' --qt-location 'P:\\shared\\Artifactory\\Windows\\qt\\5.6.1\\1acd0ba' '--build-args=-DCMAKE_MAKE_PROGRAM=P:/shared/Artifactory/Windows/ninja/1.9.0/c68f192/ninja.exe,-DPYTHON_INCLUDE_DIR=P:/shared/Artifactory/Windows/rundev-2019/202003131251/runtime/155eb96/runTime/include/Python2.7,-DPython_EXECUTABLE=P:/shared/Artifactory/Windows/rundev-2019/202003131251/runtime/155eb96/runTime/bin/mayapy.exe,-DPYTHON_LIBRARIES=P:/shared/Artifactory/Windows/rundev-2019/202003131251/runtime/155eb96/runTime/lib/python27.lib,-DCMAKE_WANT_UFE_BUILD=OFF,-DUSD_LIB_PREFIX=,-DCMAKE_WANT_MATERIALX_BUILD=ON,-DCMAKE_PREFIX_PATH=P:\\shared\\Artifactory\\Windows\\USD\\cfb3d8a' '--ctest-args=-E testUsdReferenceAssemblySelection|testUsdMayaAppDir,-LE interactive,--parallel 16' --stages=install --redirect-outstream-file=False --install-location 'W:\\install\\RelWithDebInfo\\MayaUSD' 'W:\\'
[2023-02-02T19:06:13.468Z] Modified environment variables:
[2023-02-02T19:06:13.468Z]     PATH=P:\shared\Artifactory\Windows\cmake\3.20.3\afe857a\bin;C:\Python27\lib\site-packages\pywin32_system32;C:\Program Files (x86)\Microsoft Visual Studio\2017\Professional\VC\Tools\MSVC\14.16.27023\bin\HostX64\x64;C:\Program Files (x86)\Microsoft Visual Studio\2017\Professional\Common7\IDE\VC\VCPackages;C:\Program Files (x86)\Microsoft Visual Studio\2017\Professional\Common7\IDE\CommonExtensions\Microsoft\TestWindow;C:\Program Files (x86)\Microsoft Visual Studio\2017\Professional\Common7\IDE\CommonExtensions\Microsoft\TeamFoundation\Team Explorer;C:\Program Files (x86)\Microsoft Visual Studio\2017\Professional\MSBuild\15.0\bin\Roslyn;C:\Program Files (x86)\Microsoft Visual Studio\2017\Professional\Team Tools\Performance Tools\x64;C:\Program Files (x86)\Microsoft Visual Studio\2017\Professional\Team Tools\Performance Tools;C:\Program Files (x86)\Microsoft Visual Studio\Shared\Common\VSPerfCollectionTools\\x64;C:\Program Files (x86)\Microsoft Visual Studio\Shared\Common\VSPerfCollectionTools\;C:\Program Files (x86)\Microsoft SDKs\Windows\v10.0A\bin\NETFX 4.6.1 Tools\x64\;C:\Program Files (x86)\HTML Help Workshop;C:\Program Files (x86)\Windows Kits\10\bin\10.0.18362.0\x64;C:\Program Files (x86)\Windows Kits\10\bin\x64;C:\Program Files (x86)\Microsoft Visual Studio\2017\Professional\\MSBuild\15.0\bin;C:\WINDOWS\Microsoft.NET\Framework64\v4.0.30319;C:\Program Files (x86)\Microsoft Visual Studio\2017\Professional\Common7\IDE\;C:\Program Files (x86)\Microsoft Visual Studio\2017\Professional\Common7\Tools\;C:\Python27\;C:\Python27\Scripts;C:\WINDOWS\system32;C:\WINDOWS;C:\WINDOWS\System32\Wbem;C:\WINDOWS\System32\WindowsPowerShell\v1.0\;C:\WINDOWS\System32\OpenSSH\;C:\ProgramData\chocolatey\bin;C:\Program Files (x86)\WiX Toolset v3.7\bin;C:\Program Files\dotnet\;C:\Program Files (x86)\Windows Kits\10\bin\10.0.18362.0\x64;C:\Program Files\Zulu\zulu-11\bin\;C:\Program Files (x86)\Windows Kits\10\bin\10.0.17763.0\x64;C:\Program Files (x86)\Windows Kits\10\bin\x64;C:\Program Files\Git\cmd;C:\Program Files\Git\usr\bin;C:\Program Files\Git\mingw64\bin;C:\Program Files\Git\bin;C:\Python38\;C:\Python38\Scripts;C:\StoreBoxClientWindows;C:\Program Files\Electric Cloud\ElectricCommander\bin;C:\Program Files\WinRAR;C:\Program Files\7-Zip;C:\Users\Administrator\AppData\Local\Microsoft\WindowsApps;C:\Program Files (x86)\Microsoft Visual Studio\2017\Professional\Common7\IDE\CommonExtensions\Microsoft\CMake\CMake\bin;C:\Program Files (x86)\Microsoft Visual Studio\2017\Professional\Common7\IDE\CommonExtensions\Microsoft\CMake\Ninja
[2023-02-02T19:06:13.981Z]     [1/8] Automatic MOC and UIC for target mayaUsdUI
[2023-02-02T19:06:13.981Z]     [2/5] Automatic MOC and UIC for target testMayaUsdUI
[2023-02-02T19:06:13.981Z]     [2/3] Install the project...
[2023-02-02T19:06:13.981Z]     -- Install configuration: "RelWithDebInfo"
[2023-02-02T19:06:19.358Z]     
[2023-02-02T19:06:19.358Z]         Building with settings:
[2023-02-02T19:06:19.358Z]           Source directory          S:\jenkins\workspace\ECP\ecg-maya-usd\ecg-mayausd-branch-preflight-2019-no-ufe-windows\ecg-maya-usd\maya-usd
[2023-02-02T19:06:19.358Z]           Workspace directory       W:\
[2023-02-02T19:06:19.358Z]           Build directory           W:\build\RelWithDebInfo
[2023-02-02T19:06:19.358Z]           Install directory         W:\install\RelWithDebInfo\MayaUSD
[2023-02-02T19:06:19.358Z]           Variant                   RelWithDebInfo
[2023-02-02T19:06:19.358Z]           Python Debug              Off
[2023-02-02T19:06:19.358Z]           CMake generator           Ninja
[2023-02-02T19:06:19.358Z]           Build arguments           ['-DCMAKE_MAKE_PROGRAM=P:/shared/Artifactory/Windows/ninja/1.9.0/c68f192/ninja.exe', '-DPYTHON_INCLUDE_DIR=P:/shared/Artifactory/Windows/rundev-2019/202003131251/runtime/155eb96/runTime/include/Python2.7', '-DPython_EXECUTABLE=P:/shared/Artifactory/Windows/rundev-2019/202003131251/runtime/155eb96/runTime/bin/mayapy.exe', '-DPYTHON_LIBRARIES=P:/shared/Artifactory/Windows/rundev-2019/202003131251/runtime/155eb96/runTime/lib/python27.lib', '-DCMAKE_WANT_UFE_BUILD=OFF', '-DUSD_LIB_PREFIX=', '-DCMAKE_WANT_MATERIALX_BUILD=ON', '-DCMAKE_PREFIX_PATH=P:\\shared\\Artifactory\\Windows\\USD\\cfb3d8a']
[2023-02-02T19:06:19.358Z]           Stages arguments          ['install']
[2023-02-02T19:06:19.358Z]           CTest arguments           ['-E testUsdReferenceAssemblySelection|testUsdMayaAppDir', '-LE interactive', '--parallel 16']
[2023-02-02T19:06:19.358Z]     Success MayaUSD build and install !!!!
[2023-02-02T19:06:19.358Z]     Elapsed time: 00:00:05
[Pipeline] bat
[2023-02-02T19:06:19.633Z] Deleting alias drive W:
[Pipeline] bat
[2023-02-02T19:06:20.008Z] Deleting alias drive P:
[Pipeline] }
[Pipeline] // withEnv
[Pipeline] }
[Pipeline] // timeout
[Pipeline] }
[Pipeline] // stage
[Pipeline] }
[Pipeline] // timestamps
[Pipeline] timestamps
[Pipeline] {
[Pipeline] stage
[Pipeline] { (Test)
[Pipeline] timeout
[2023-02-02T19:06:20.212Z] Timeout set to expire in 6 hr 0 min
[Pipeline] {
[Pipeline] withEnv
[Pipeline] {
[Pipeline] bat
[2023-02-02T19:06:20.514Z] Creating alias drive P: to S:\jenkins\workspace
[Pipeline] bat
[2023-02-02T19:06:20.898Z] Creating alias drive W: to S:\jenkins\workspace\ECP\ecg-maya-usd\ecg-mayausd-branch-preflight-2019-no-ufe-windows
[Pipeline] bat
[2023-02-02T19:06:21.443Z] "C:\Program Files (x86)\Microsoft Visual Studio\2017\Professional\VC\Auxiliary\Build\vcvarsall.bat" x64
[2023-02-02T19:06:21.652Z] **********************************************************************
[2023-02-02T19:06:21.652Z] ** Visual Studio 2017 Developer Command Prompt v15.9.15
[2023-02-02T19:06:21.652Z] ** Copyright (c) 2017 Microsoft Corporation
[2023-02-02T19:06:21.652Z] **********************************************************************
[2023-02-02T19:06:22.570Z] [vcvarsall.bat] Environment initialized for: 'x64'
[2023-02-02T19:06:22.570Z] python ecg-maya-usd/build.py --stages=test --workspace-dir=W:\ --artifactory-dir=P:\shared\Artifactory --build-dir=W:\build --install-dir=W:\install --signing-dir=W:\signing --package-dir=W:\package --output-dir=W:\output --stash-dir=W:\stash --jenkins-build=652 --git-commit=f16140ee2a8305b269f02e01f806477c7f1eb6dd --git-branch=master --variants=RelWithDebInfo --python=2.7 --ufe=false --pxrusd-version=0.21.05-gold --post-zips=false --test-jobs=0 --failed-test-retry=3 --maya-cut-config=maya-rundev-2019.yaml --maya-package=rundev-2019 --stage-banner --progressive-timeout
[2023-02-02T19:06:23.491Z] Using Maya cut from P:\shared\Artifactory\Windows\rundev-2019\202003131251\runtime\155eb96
[2023-02-02T19:06:23.491Z] 
[2023-02-02T19:06:23.491Z] ================================================================================
[2023-02-02T19:06:23.491Z]                              test (RelWithDebInfo)
[2023-02-02T19:06:23.491Z] ================================================================================
[2023-02-02T19:06:23.491Z] Maya Python RelWithDebInfo Info:
[2023-02-02T19:06:23.491Z]   mayapy executable   = P:\shared\Artifactory\Windows\rundev-2019\202003131251\runtime\155eb96\runTime\bin\mayapy.exe
[2023-02-02T19:06:23.491Z]   Include Folder      = P:\shared\Artifactory\Windows\rundev-2019\202003131251\runtime\155eb96\runTime\include\Python2.7
[2023-02-02T19:06:23.491Z]   Library             = P:\shared\Artifactory\Windows\rundev-2019\202003131251\runtime\155eb96\runTime\lib\python27.lib
[2023-02-02T19:06:23.491Z]   site-package Folder = P:\shared\Artifactory\Windows\rundev-2019\202003131251\runtime\155eb96\runTime\Python\Lib\site-packages
[2023-02-02T19:06:24.209Z] In workdir: S:\jenkins\workspace\ECP\ecg-maya-usd\ecg-mayausd-branch-preflight-2019-no-ufe-windows\ecg-maya-usd\maya-usd
[2023-02-02T19:06:24.209Z] Executing: 'P:\\shared\\Artifactory\\Windows\\rundev-2019\\202003131251\\runtime\\155eb96\\runTime\\bin\\mayapy.exe' 'S:\\jenkins\\workspace\\ECP\\ecg-maya-usd\\ecg-mayausd-branch-preflight-2019-no-ufe-windows\\ecg-maya-usd\\maya-usd\\build.py' --generator Ninja --build-relwithdebug --maya-location 'P:\\shared\\Artifactory\\Windows\\rundev-2019\\202003131251\\runtime\\155eb96\\runTime' --devkit-location 'P:\\shared\\Artifactory\\Windows\\rundev-2019\\202003131251\\runtime\\155eb96\\devkitBase' --pxrusd-location 'P:\\shared\\Artifactory\\Windows\\USD\\cfb3d8a' --qt-location 'P:\\shared\\Artifactory\\Windows\\qt\\5.6.1\\1acd0ba' '--build-args=-DCMAKE_MAKE_PROGRAM=P:/shared/Artifactory/Windows/ninja/1.9.0/c68f192/ninja.exe,-DPYTHON_INCLUDE_DIR=P:/shared/Artifactory/Windows/rundev-2019/202003131251/runtime/155eb96/runTime/include/Python2.7,-DPython_EXECUTABLE=P:/shared/Artifactory/Windows/rundev-2019/202003131251/runtime/155eb96/runTime/bin/mayapy.exe,-DPYTHON_LIBRARIES=P:/shared/Artifactory/Windows/rundev-2019/202003131251/runtime/155eb96/runTime/lib/python27.lib,-DCMAKE_WANT_UFE_BUILD=OFF,-DUSD_LIB_PREFIX=,-DCMAKE_WANT_MATERIALX_BUILD=ON,-DCMAKE_PREFIX_PATH=P:\\shared\\Artifactory\\Windows\\USD\\cfb3d8a' '--ctest-args=-E testUsdReferenceAssemblySelection|testUsdMayaAppDir,-LE interactive,--parallel 16' --stages=test --redirect-outstream-file=False --install-location 'W:\\install\\RelWithDebInfo\\MayaUSD' 'W:\\'
[2023-02-02T19:06:24.209Z] Modified environment variables:
[2023-02-02T19:06:24.209Z]     PATH=P:\shared\Artifactory\Windows\cmake\3.20.3\afe857a\bin;C:\Python27\lib\site-packages\pywin32_system32;C:\Program Files (x86)\Microsoft Visual Studio\2017\Professional\VC\Tools\MSVC\14.16.27023\bin\HostX64\x64;C:\Program Files (x86)\Microsoft Visual Studio\2017\Professional\Common7\IDE\VC\VCPackages;C:\Program Files (x86)\Microsoft Visual Studio\2017\Professional\Common7\IDE\CommonExtensions\Microsoft\TestWindow;C:\Program Files (x86)\Microsoft Visual Studio\2017\Professional\Common7\IDE\CommonExtensions\Microsoft\TeamFoundation\Team Explorer;C:\Program Files (x86)\Microsoft Visual Studio\2017\Professional\MSBuild\15.0\bin\Roslyn;C:\Program Files (x86)\Microsoft Visual Studio\2017\Professional\Team Tools\Performance Tools\x64;C:\Program Files (x86)\Microsoft Visual Studio\2017\Professional\Team Tools\Performance Tools;C:\Program Files (x86)\Microsoft Visual Studio\Shared\Common\VSPerfCollectionTools\\x64;C:\Program Files (x86)\Microsoft Visual Studio\Shared\Common\VSPerfCollectionTools\;C:\Program Files (x86)\Microsoft SDKs\Windows\v10.0A\bin\NETFX 4.6.1 Tools\x64\;C:\Program Files (x86)\HTML Help Workshop;C:\Program Files (x86)\Windows Kits\10\bin\10.0.18362.0\x64;C:\Program Files (x86)\Windows Kits\10\bin\x64;C:\Program Files (x86)\Microsoft Visual Studio\2017\Professional\\MSBuild\15.0\bin;C:\WINDOWS\Microsoft.NET\Framework64\v4.0.30319;C:\Program Files (x86)\Microsoft Visual Studio\2017\Professional\Common7\IDE\;C:\Program Files (x86)\Microsoft Visual Studio\2017\Professional\Common7\Tools\;C:\Python27\;C:\Python27\Scripts;C:\WINDOWS\system32;C:\WINDOWS;C:\WINDOWS\System32\Wbem;C:\WINDOWS\System32\WindowsPowerShell\v1.0\;C:\WINDOWS\System32\OpenSSH\;C:\ProgramData\chocolatey\bin;C:\Program Files (x86)\WiX Toolset v3.7\bin;C:\Program Files\dotnet\;C:\Program Files (x86)\Windows Kits\10\bin\10.0.18362.0\x64;C:\Program Files\Zulu\zulu-11\bin\;C:\Program Files (x86)\Windows Kits\10\bin\10.0.17763.0\x64;C:\Program Files (x86)\Windows Kits\10\bin\x64;C:\Program Files\Git\cmd;C:\Program Files\Git\usr\bin;C:\Program Files\Git\mingw64\bin;C:\Program Files\Git\bin;C:\Python38\;C:\Python38\Scripts;C:\StoreBoxClientWindows;C:\Program Files\Electric Cloud\ElectricCommander\bin;C:\Program Files\WinRAR;C:\Program Files\7-Zip;C:\Users\Administrator\AppData\Local\Microsoft\WindowsApps;C:\Program Files (x86)\Microsoft Visual Studio\2017\Professional\Common7\IDE\CommonExtensions\Microsoft\CMake\CMake\bin;C:\Program Files (x86)\Microsoft Visual Studio\2017\Professional\Common7\IDE\CommonExtensions\Microsoft\CMake\Ninja
[2023-02-02T19:06:24.521Z]     Test project W:/build/RelWithDebInfo
[2023-02-02T19:06:25.445Z]             Start   1: testMayaUsdConverter
[2023-02-02T19:06:25.445Z]             Start   2: testMayaUsdCreateStageCommands
[2023-02-02T19:06:25.445Z]             Start   3: testMayaUsdPythonImport
[2023-02-02T19:06:25.445Z]             Start   4: testMayaUsdLayerEditorCommands
[2023-02-02T19:06:25.445Z]             Start   5: testMayaUsdCacheId
[2023-02-02T19:06:25.445Z]             Start   8: _Interactive_Maya
[2023-02-02T19:06:25.445Z]       1/128 Test   #8: _Interactive_Maya ...............................***Not Run (Disabled)   0.00 sec
[2023-02-02T19:06:25.445Z]             Start   9: testMayaUsdPlugVersionCheck
[2023-02-02T19:06:25.445Z]             Start  10: testPxrUsdPreviewSurfaceDraw
[2023-02-02T19:06:25.445Z]             Start  11: testPxrUsdPreviewSurfaceExport
[2023-02-02T19:06:25.445Z]             Start  12: testMayaUsdSchemasPythonImport
[2023-02-02T19:06:25.445Z]             Start  13: testMayaUsdSchemasMayaReference
[2023-02-02T19:06:25.445Z]             Start  14: testDiffCore
[2023-02-02T19:06:25.565Z]             Start  15: testDiffValues
[2023-02-02T19:06:25.565Z]             Start  16: testDiffAttributes
[2023-02-02T19:06:26.368Z]             Start  17: testDiffRelationships
[2023-02-02T19:06:26.368Z]             Start  18: testDiffDictionaries
[2023-02-02T19:06:29.047Z]             Start  19: testDiffLists
[2023-02-02T19:06:29.333Z]       2/128 Test  #14: testDiffCore ....................................   Passed    3.57 sec
[2023-02-02T19:06:29.333Z]             Start  20: testDiffComputeOverall
[2023-02-02T19:06:29.333Z]       3/128 Test  #18: testDiffDictionaries ............................   Passed    3.04 sec
[2023-02-02T19:06:29.333Z]             Start  21: testDiffPrims
[2023-02-02T19:06:29.580Z]       4/128 Test  #19: testDiffLists ...................................   Passed    0.52 sec
[2023-02-02T19:06:29.580Z]             Start  22: testMergePrims
[2023-02-02T19:06:29.580Z]       5/128 Test  #20: testDiffComputeOverall ..........................   Passed    0.43 sec
[2023-02-02T19:06:29.580Z]             Start  23: testDiffMetadatas
[2023-02-02T19:06:29.709Z]       6/128 Test  #15: testDiffValues ..................................   Passed    4.14 sec
[2023-02-02T19:06:29.709Z]             Start  24: testUsdExportAnimation
[2023-02-02T19:06:29.820Z]       7/128 Test  #17: testDiffRelationships ...........................   Passed    4.17 sec
[2023-02-02T19:06:29.820Z]             Start  25: testUsdExportAsClip
[2023-02-02T19:06:29.820Z]       8/128 Test  #23: testDiffMetadatas ...............................   Passed    0.28 sec
[2023-02-02T19:06:29.820Z]             Start  26: testUsdExportBindTransform
[2023-02-02T19:06:29.820Z]       9/128 Test  #16: testDiffAttributes ..............................   Passed    4.26 sec
[2023-02-02T19:06:29.820Z]             Start  27: testUsdExportBlendshapes
[2023-02-02T19:06:29.820Z]      10/128 Test  #21: testDiffPrims ...................................   Passed    0.49 sec
[2023-02-02T19:06:29.820Z]             Start  28: testUsdExportCamera
[2023-02-02T19:06:29.820Z]      11/128 Test  #22: testMergePrims ..................................   Passed    0.36 sec
[2023-02-02T19:06:29.820Z]             Start  29: testUsdExportColorSets
[2023-02-02T19:06:52.399Z]      12/128 Test  #10: testPxrUsdPreviewSurfaceDraw ....................   Passed   26.89 sec
[2023-02-02T19:06:52.399Z]             Start  30: testUsdExportConnected
[2023-02-02T19:06:53.023Z]      13/128 Test  #12: testMayaUsdSchemasPythonImport ..................   Passed   27.58 sec
[2023-02-02T19:06:53.023Z]             Start  31: testUsdExportDisplacement
[2023-02-02T19:06:53.131Z]      14/128 Test  #13: testMayaUsdSchemasMayaReference .................   Passed   27.60 sec
[2023-02-02T19:06:53.131Z]             Start  32: testUsdExportDisplayColor
[2023-02-02T19:06:53.547Z]      15/128 Test   #3: testMayaUsdPythonImport .........................   Passed   28.13 sec
[2023-02-02T19:06:53.547Z]             Start  33: testUsdExportEulerFilter
[2023-02-02T19:06:53.961Z]      16/128 Test   #9: testMayaUsdPlugVersionCheck .....................   Passed   28.52 sec
[2023-02-02T19:06:53.961Z]             Start  34: testUsdExportFileFormat
[2023-02-02T19:06:54.179Z]      17/128 Test   #5: testMayaUsdCacheId ..............................   Passed   28.68 sec
[2023-02-02T19:06:54.179Z]             Start  35: testUsdExportFilterTypes
[2023-02-02T19:06:54.297Z]      18/128 Test   #1: testMayaUsdConverter ............................   Passed   28.83 sec
[2023-02-02T19:06:54.297Z]             Start  36: testUsdExportFrameOffset
[2023-02-02T19:06:54.297Z]      19/128 Test   #4: testMayaUsdLayerEditorCommands ..................***Failed   28.89 sec
[2023-02-02T19:06:54.297Z]     MAYA_DEBUG_NO_SAVE_ON_CRASH is set.
[2023-02-02T19:06:54.297Z]     Undo:
[2023-02-02T19:06:54.297Z]     Undo:
[2023-02-02T19:06:54.297Z]     Undo:
[2023-02-02T19:06:54.297Z]     Undo:
[2023-02-02T19:06:54.297Z]     
[2023-02-02T19:06:54.297Z]     API error detected in S:\jenkins\workspace\ECP\ecg-maya-usd\ecg-mayausd-branch-preflight-2019-no-ufe-windows\ecg-maya-usd\maya-usd\lib\mayaUsd\utils\query.cpp at line 43
[2023-02-02T19:06:54.297Z]     : (kInvalidParameter): Object does not exist
[2023-02-02T19:06:54.297Z]     
[2023-02-02T19:06:54.297Z]     API error detected in S:\jenkins\workspace\ECP\ecg-maya-usd\ecg-mayausd-branch-preflight-2019-no-ufe-windows\ecg-maya-usd\maya-usd\lib\mayaUsd\utils\query.cpp at line 43
[2023-02-02T19:06:54.297Z]     : (kInvalidParameter): Object does not exist
[2023-02-02T19:06:54.297Z]     .Undo:
[2023-02-02T19:06:54.297Z]     Redo:
[2023-02-02T19:06:54.297Z]     Undo:
[2023-02-02T19:06:54.297Z]     Undo:
[2023-02-02T19:06:54.297Z]     Redo:
[2023-02-02T19:06:54.297Z]     Undo:
[2023-02-02T19:06:54.297Z]     Undo:
[2023-02-02T19:06:54.297Z]     Redo:
[2023-02-02T19:06:54.297Z]     Undo:
[2023-02-02T19:06:54.297Z]     Undo:
[2023-02-02T19:06:54.297Z]     Redo:
[2023-02-02T19:06:54.297Z]     Undo:
[2023-02-02T19:06:54.297Z]     Undo:
[2023-02-02T19:06:54.297Z]     Redo:
[2023-02-02T19:06:54.297Z]     Undo:
[2023-02-02T19:06:54.297Z]     Undo:
[2023-02-02T19:06:54.297Z]     Redo:
[2023-02-02T19:06:54.297Z]     Undo:
[2023-02-02T19:06:54.297Z]     Undo:
[2023-02-02T19:06:54.297Z]     Redo:
[2023-02-02T19:06:54.297Z]     Undo:
[2023-02-02T19:06:54.297Z]     Undo:
[2023-02-02T19:06:54.297Z]     Redo:
[2023-02-02T19:06:54.297Z]     Undo:
[2023-02-02T19:06:54.297Z]     Undo:
[2023-02-02T19:06:54.297Z]     Redo:
[2023-02-02T19:06:54.297Z]     Undo:
[2023-02-02T19:06:54.297Z]     Undo:
[2023-02-02T19:06:54.297Z]     Undo:
[2023-02-02T19:06:54.297Z]     Undo:
[2023-02-02T19:06:54.297Z]     .Undo:
[2023-02-02T19:06:54.297Z]     Redo:
[2023-02-02T19:06:54.297Z]     Undo:
[2023-02-02T19:06:54.297Z]     Redo:
[2023-02-02T19:06:54.297Z]     Undo:
[2023-02-02T19:06:54.297Z]     Redo:
[2023-02-02T19:06:54.297Z]     .EUndo:
[2023-02-02T19:06:54.297Z]     Undo:
[2023-02-02T19:06:54.297Z]     Undo:
[2023-02-02T19:06:54.297Z]     Undo:
[2023-02-02T19:06:54.297Z]     Undo:
[2023-02-02T19:06:54.297Z]     Undo:
[2023-02-02T19:06:54.297Z]     Undo:
[2023-02-02T19:06:54.297Z]     Undo:
[2023-02-02T19:06:54.297Z]     Undo:
[2023-02-02T19:06:54.297Z]     Undo:
[2023-02-02T19:06:54.297Z]     Undo:
[2023-02-02T19:06:54.297Z]     Undo:
[2023-02-02T19:06:54.297Z]     Undo:
[2023-02-02T19:06:54.297Z]     Undo:
[2023-02-02T19:06:54.297Z]     Undo:
[2023-02-02T19:06:54.297Z]     ..Undo:
[2023-02-02T19:06:54.297Z]     Undo:
[2023-02-02T19:06:54.297Z]     Undo:
[2023-02-02T19:06:54.297Z]     Redo:
[2023-02-02T19:06:54.297Z]     Redo:
[2023-02-02T19:06:54.297Z]     Redo:
[2023-02-02T19:06:54.297Z]     Undo:
[2023-02-02T19:06:54.297Z]     Undo:
[2023-02-02T19:06:54.297Z]     Undo:
[2023-02-02T19:06:54.297Z]     Redo:
[2023-02-02T19:06:54.297Z]     Redo:
[2023-02-02T19:06:54.297Z]     Redo:
[2023-02-02T19:06:54.297Z]     Undo:
[2023-02-02T19:06:54.297Z]     Undo:
[2023-02-02T19:06:54.297Z]     Redo:
[2023-02-02T19:06:54.297Z]     Undo:
[2023-02-02T19:06:54.297Z]     Undo:
[2023-02-02T19:06:54.297Z]     Undo:
[2023-02-02T19:06:54.297Z]     Redo:
[2023-02-02T19:06:54.297Z]     Undo:
[2023-02-02T19:06:54.297Z]     Undo:
[2023-02-02T19:06:54.297Z]     Redo:
[2023-02-02T19:06:54.297Z]     Undo:
[2023-02-02T19:06:54.297Z]     .
[2023-02-02T19:06:54.297Z]     ======================================================================
[2023-02-02T19:06:54.297Z]     ERROR: testPathRelativeToMayaSceneFile (testMayaUsdLayerEditorCommands.MayaUsdLayerEditorCommandsTestCase)
[2023-02-02T19:06:54.297Z]     ----------------------------------------------------------------------
[2023-02-02T19:06:54.297Z]     Traceback (most recent call last):
[2023-02-02T19:06:54.297Z]       File "S:\jenkins\workspace\ECP\ecg-maya-usd\ecg-mayausd-branch-preflight-2019-no-ufe-windows\ecg-maya-usd\maya-usd\test\lib\testMayaUsdLayerEditorCommands.py", line 572, in testPathRelativeToMayaSceneFile
[2023-02-02T19:06:54.297Z]         filePathAbs = mayaUsd.lib.Util.getPathRelativeToMayaSceneFile(ballFilePath)
[2023-02-02T19:06:54.297Z]     TypeError: unbound method Boost.Python.function object must be called with Util instance as first argument (got str instance instead)
[2023-02-02T19:06:54.297Z]     
[2023-02-02T19:06:54.297Z]     ----------------------------------------------------------------------
[2023-02-02T19:06:54.297Z]     Ran 7 tests in 1.648s
[2023-02-02T19:06:54.297Z]     
[2023-02-02T19:06:54.297Z]     FAILED (errors=1)
[2023-02-02T19:06:54.297Z]     
[2023-02-02T19:06:54.297Z]             Start  37: testUsdExportGeomSubset
[2023-02-02T19:06:54.627Z]      20/128 Test  #24: testUsdExportAnimation ..........................   Passed   24.98 sec
[2023-02-02T19:06:54.627Z]             Start  38: testUsdExportInstances
[2023-02-02T19:06:54.955Z]      21/128 Test  #26: testUsdExportBindTransform ......................   Passed   25.09 sec
[2023-02-02T19:06:54.955Z]             Start  39: testUsdExportLayerAttributes
[2023-02-02T19:06:54.955Z]      22/128 Test  #27: testUsdExportBlendshapes ........................   Passed   25.14 sec
[2023-02-02T19:06:54.955Z]             Start  40: testUsdExportLight
[2023-02-02T19:06:56.303Z]      23/128 Test   #2: testMayaUsdCreateStageCommands ..................***Failed   30.89 sec
[2023-02-02T19:06:56.303Z]     MAYA_DEBUG_NO_SAVE_ON_CRASH is set.
[2023-02-02T19:06:56.303Z]     Warning: This file is from an older version of Maya.  If saved, it will not be readable by previous versions.
[2023-02-02T19:06:56.303Z]     File read in  2.2 seconds.
[2023-02-02T19:06:56.303Z]     Error: file: W:/install/RelWithDebInfo/MayaUSD/plugin/adsk/scripts/mayaUsd_createStageFromFile.mel line 147: unbound method Boost.Python.function object must be called with Util instance as first argument (got str instance instead)
[2023-02-02T19:06:56.303Z]     # Traceback (most recent call last):
[2023-02-02T19:06:56.303Z]     #   File "<maya console>", line 1, in <module>
[2023-02-02T19:06:56.303Z]     # TypeError: unbound method Boost.Python.function object must be called with Util instance as first argument (got str instance instead)
[2023-02-02T19:06:56.303Z]     E.
[2023-02-02T19:06:56.303Z]     ======================================================================
[2023-02-02T19:06:56.303Z]     ERROR: testCreateStageFromFile (testMayaUsdCreateStageCommands.MayaUsdCreateStageCommandsTestCase)
[2023-02-02T19:06:56.303Z]     ----------------------------------------------------------------------
[2023-02-02T19:06:56.303Z]     Traceback (most recent call last):
[2023-02-02T19:06:56.303Z]       File "S:\jenkins\workspace\ECP\ecg-maya-usd\ecg-mayausd-branch-preflight-2019-no-ufe-windows\ecg-maya-usd\maya-usd\test\lib\testMayaUsdCreateStageCommands.py", line 85, in testCreateStageFromFile
[2023-02-02T19:06:56.303Z]         shapeNodeRel = mel.eval('mayaUsd_createStageFromFilePath(\"'+ballFilePath+'\")')
[2023-02-02T19:06:56.303Z]     RuntimeError: Error occurred during execution of MEL script
[2023-02-02T19:06:56.303Z]     file: W:/install/RelWithDebInfo/MayaUSD/plugin/adsk/scripts/mayaUsd_createStageFromFile.mel line 147: unbound method Boost.Python.function object must be called with Util instance as first argument (got str instance instead)
[2023-02-02T19:06:56.303Z]     # Traceback (most recent call last):
[2023-02-02T19:06:56.303Z]     #   File "<maya console>", line 1, in <module>
[2023-02-02T19:06:56.303Z]     # TypeError: unbound method Boost.Python.function object must be called with Util instance as first argument (got str instance instead)
[2023-02-02T19:06:56.303Z]     
[2023-02-02T19:06:56.303Z]     ----------------------------------------------------------------------
[2023-02-02T19:06:56.303Z]     Ran 2 tests in 4.887s
[2023-02-02T19:06:56.303Z]     
[2023-02-02T19:06:56.303Z]     FAILED (errors=1)
[2023-02-02T19:06:56.303Z]     
[2023-02-02T19:06:56.303Z]             Start  41: testUsdExportLocator
[2023-02-02T19:06:56.303Z]      24/128 Test  #28: testUsdExportCamera .............................   Passed   26.50 sec
[2023-02-02T19:06:56.303Z]             Start  42: testUsdExportMayaInstancer
[2023-02-02T19:06:56.426Z]      25/128 Test  #11: testPxrUsdPreviewSurfaceExport ..................   Passed   30.97 sec
[2023-02-02T19:06:56.426Z]             Start  43: testUsdExportMesh
[2023-02-02T19:06:56.581Z]      26/128 Test  #25: testUsdExportAsClip .............................   Passed   26.73 sec
[2023-02-02T19:06:56.581Z]             Start  44: testUsdExportNurbsCurve
[2023-02-02T19:06:56.581Z]      27/128 Test  #30: testUsdExportConnected ..........................   Passed    4.26 sec
[2023-02-02T19:06:56.581Z]             Start  45: testUsdExportOpenLayer
[2023-02-02T19:06:56.706Z]      28/128 Test  #29: testUsdExportColorSets ..........................   Passed   26.84 sec
[2023-02-02T19:06:56.706Z]             Start  46: testUsdExportOverImport
[2023-02-02T19:06:57.593Z]      29/128 Test  #32: testUsdExportDisplayColor .......................   Passed    4.47 sec
[2023-02-02T19:06:57.593Z]             Start  47: testUsdExportUsdPreviewSurface
[2023-02-02T19:06:57.729Z]      30/128 Test  #31: testUsdExportDisplacement .......................   Passed    4.64 sec
[2023-02-02T19:06:57.729Z]             Start  48: testUsdExportParentScope
[2023-02-02T19:06:57.957Z]      31/128 Test  #33: testUsdExportEulerFilter ........................   Passed    4.40 sec
[2023-02-02T19:06:57.957Z]             Start  49: testUsdExportParticles
[2023-02-02T19:06:58.070Z]      32/128 Test  #34: testUsdExportFileFormat .........................   Passed    4.09 sec
[2023-02-02T19:06:58.070Z]             Start  50: testUsdExportPref
[2023-02-02T19:06:58.804Z]      33/128 Test  #37: testUsdExportGeomSubset .........................   Passed    4.42 sec
[2023-02-02T19:06:58.804Z]             Start  51: testUsdExportRenderLayerMode
[2023-02-02T19:06:58.940Z]      34/128 Test  #38: testUsdExportInstances ..........................   Passed    4.23 sec
[2023-02-02T19:06:58.940Z]             Start  52: testUsdExportRoots
[2023-02-02T19:06:58.940Z]      35/128 Test  #36: testUsdExportFrameOffset ........................   Passed    4.63 sec
[2023-02-02T19:06:58.940Z]             Start  53: testUsdExportRootsAndParentScope
[2023-02-02T19:06:59.065Z]      36/128 Test  #39: testUsdExportLayerAttributes ....................   Passed    4.16 sec
[2023-02-02T19:06:59.065Z]             Start  54: testUsdExportSelection
[2023-02-02T19:06:59.202Z]      37/128 Test  #40: testUsdExportLight ..............................   Passed    4.17 sec
[2023-02-02T19:06:59.202Z]             Start  55: testUsdExportSelectionHierarchy
[2023-02-02T19:06:59.202Z]      38/128 Test  #35: testUsdExportFilterTypes ........................   Passed    5.09 sec
[2023-02-02T19:06:59.202Z]             Start  56: testUsdExportShadingInstanced
[2023-02-02T19:07:00.888Z]      39/128 Test  #45: testUsdExportOpenLayer ..........................   Passed    4.25 sec
[2023-02-02T19:07:00.888Z]             Start  57: testUsdExportShadingModePxrRis
[2023-02-02T19:07:01.111Z]      40/128 Test  #41: testUsdExportLocator ............................   Passed    4.74 sec
[2023-02-02T19:07:01.111Z]             Start  58: testUsdExportSkeleton
[2023-02-02T19:07:01.111Z]      41/128 Test  #46: testUsdExportOverImport .........................   Passed    4.39 sec
[2023-02-02T19:07:01.111Z]             Start  59: testUsdExportStripNamespaces
[2023-02-02T19:07:01.332Z]      42/128 Test  #43: testUsdExportMesh ...............................   Passed    4.92 sec
[2023-02-02T19:07:01.332Z]             Start  60: testUsdExportStroke
[2023-02-02T19:07:01.449Z]      43/128 Test  #44: testUsdExportNurbsCurve .........................   Passed    4.87 sec
[2023-02-02T19:07:01.884Z]             Start  61: testUsdExportUserTaggedAttributes
[2023-02-02T19:07:01.884Z]      44/128 Test  #42: testUsdExportMayaInstancer ......................   Passed    5.49 sec
[2023-02-02T19:07:01.884Z]             Start  62: testUsdExportVisibilityDefault
[2023-02-02T19:07:02.420Z]      45/128 Test  #47: testUsdExportUsdPreviewSurface ..................   Passed    4.82 sec
[2023-02-02T19:07:02.420Z]             Start  63: testUsdImportAnonymousLayer
[2023-02-02T19:07:02.646Z]      46/128 Test  #49: testUsdExportParticles ..........................   Passed    4.71 sec
[2023-02-02T19:07:02.646Z]             Start  64: testUsdImportCamera
[2023-02-02T19:07:02.764Z]      47/128 Test  #48: testUsdExportParentScope ........................   Passed    5.04 sec
[2023-02-02T19:07:02.764Z]             Start  65: testUsdImportBasisCurves
[2023-02-02T19:07:02.900Z]      48/128 Test  #51: testUsdExportRenderLayerMode ....................   Passed    4.10 sec
[2023-02-02T19:07:02.900Z]             Start  66: testUsdImportBatchNurbsCurves
[2023-02-02T19:07:03.015Z]      49/128 Test  #50: testUsdExportPref ...............................   Passed    4.94 sec
[2023-02-02T19:07:03.015Z]             Start  67: testUsdImportLinearCurves
[2023-02-02T19:07:03.256Z]      50/128 Test  #53: testUsdExportRootsAndParentScope ................   Passed    4.35 sec
[2023-02-02T19:07:03.256Z]             Start  68: testUsdImportHighDegreeNurbsCurves
[2023-02-02T19:07:03.896Z]      51/128 Test  #55: testUsdExportSelectionHierarchy .................   Passed    4.74 sec
[2023-02-02T19:07:03.896Z]             Start  69: testUsdImportNurbsCurves
[2023-02-02T19:07:04.316Z]      52/128 Test  #54: testUsdExportSelection ..........................   Passed    5.16 sec
[2023-02-02T19:07:04.316Z]             Start  70: testUsdImportBatchBezierCurves
[2023-02-02T19:07:04.537Z]      53/128 Test  #56: testUsdExportShadingInstanced ...................   Passed    5.33 sec
[2023-02-02T19:07:04.537Z]             Start  71: testUsdImportColorSets
[2023-02-02T19:07:05.181Z]      54/128 Test  #52: testUsdExportRoots ..............................   Passed    6.32 sec
[2023-02-02T19:07:05.181Z]             Start  72: testUsdImportDisplacement
[2023-02-02T19:07:05.447Z]      55/128 Test  #57: testUsdExportShadingModePxrRis ..................   Passed    4.58 sec
[2023-02-02T19:07:05.447Z]             Start  73: testUsdImportExportScope
[2023-02-02T19:07:05.694Z]      56/128 Test  #59: testUsdExportStripNamespaces ....................   Passed    4.59 sec
[2023-02-02T19:07:05.695Z]             Start  74: testUsdImportExportTypelessDefs
[2023-02-02T19:07:06.015Z]      57/128 Test  #60: testUsdExportStroke .............................   Passed    4.68 sec
[2023-02-02T19:07:06.015Z]             Start  75: testUsdImportFrameRange
[2023-02-02T19:07:06.342Z]      58/128 Test  #63: testUsdImportAnonymousLayer .....................   Passed    3.92 sec
[2023-02-02T19:07:06.342Z]             Start  76: testUsdImportFramerates
[2023-02-02T19:07:06.342Z]      59/128 Test  #62: testUsdExportVisibilityDefault ..................   Passed    4.51 sec
[2023-02-02T19:07:06.342Z]             Start  77: testUsdImportInstances
[2023-02-02T19:07:06.576Z]      60/128 Test  #61: testUsdExportUserTaggedAttributes ...............   Passed    4.71 sec
[2023-02-02T19:07:06.576Z]             Start  78: testUsdImportLight
[2023-02-02T19:07:06.576Z]      61/128 Test  #58: testUsdExportSkeleton ...........................   Passed    5.54 sec
[2023-02-02T19:07:06.576Z]             Start  79: testUsdImportMayaReference
[2023-02-02T19:07:06.711Z]      62/128 Test  #64: testUsdImportCamera .............................   Passed    3.98 sec
[2023-02-02T19:07:06.711Z]             Start  80: testUsdImportMesh
[2023-02-02T19:07:07.269Z]      63/128 Test  #67: testUsdImportLinearCurves .......................   Passed    4.21 sec
[2023-02-02T19:07:07.269Z]             Start  81: testUsdImportPointCache
[2023-02-02T19:07:07.269Z]      64/128 Test  #65: testUsdImportBasisCurves ........................   Passed    4.49 sec
[2023-02-02T19:07:07.269Z]             Start  82: testUsdImportPreviewSurface
[2023-02-02T19:07:07.269Z]      65/128 Test  #66: testUsdImportBatchNurbsCurves ...................   Passed    4.43 sec
[2023-02-02T19:07:07.269Z]             Start  83: testUsdImportSessionLayer
[2023-02-02T19:07:07.835Z]      66/128 Test  #68: testUsdImportHighDegreeNurbsCurves ..............   Passed    4.59 sec
[2023-02-02T19:07:07.835Z]             Start  84: testUsdImportShadingModeDisplayColor
[2023-02-02T19:07:08.282Z]      67/128 Test  #69: testUsdImportNurbsCurves ........................   Passed    4.36 sec
[2023-02-02T19:07:08.282Z]             Start  85: testUsdImportShadingModePxrRis
[2023-02-02T19:07:08.428Z]      68/128 Test  #70: testUsdImportBatchBezierCurves ..................   Passed    4.12 sec
[2023-02-02T19:07:08.428Z]             Start  86: testUsdImportUVSetMappings
[2023-02-02T19:07:08.579Z]      69/128 Test  #71: testUsdImportColorSets ..........................   Passed    4.06 sec
[2023-02-02T19:07:08.579Z]             Start  87: testUsdImportUSDZTextures
[2023-02-02T19:07:09.469Z]      70/128 Test  #72: testUsdImportDisplacement .......................   Passed    4.24 sec
[2023-02-02T19:07:09.469Z]             Start  88: testUsdExportImportRoundtripPreviewSurface
[2023-02-02T19:07:09.635Z]      71/128 Test  #73: testUsdImportExportScope ........................   Passed    4.10 sec
[2023-02-02T19:07:09.635Z]             Start  89: testUsdExportImportUDIM
[2023-02-02T19:07:09.826Z]      72/128 Test  #74: testUsdImportExportTypelessDefs .................   Passed    4.12 sec
[2023-02-02T19:07:09.826Z]             Start  90: testUsdImportSkeleton
[2023-02-02T19:07:10.398Z]      73/128 Test  #75: testUsdImportFrameRange .........................   Passed    4.28 sec
[2023-02-02T19:07:10.398Z]             Start  91: testUsdImportXforms
[2023-02-02T19:07:10.398Z]      74/128 Test  #78: testUsdImportLight ..............................   Passed    3.86 sec
[2023-02-02T19:07:10.398Z]             Start  92: testUsdImportXformAnim
[2023-02-02T19:07:10.528Z]      75/128 Test  #76: testUsdImportFramerates .........................   Passed    4.21 sec
[2023-02-02T19:07:10.528Z]             Start  93: testUsdMayaAdaptor
[2023-02-02T19:07:10.882Z]      76/128 Test  #77: testUsdImportInstances ..........................   Passed    4.55 sec
[2023-02-02T19:07:10.882Z]             Start  94: testUsdMayaAdaptorGeom
[2023-02-02T19:07:11.018Z]      77/128 Test  #80: testUsdImportMesh ...............................   Passed    4.28 sec
[2023-02-02T19:07:11.018Z]             Start  95: testUsdMayaAdaptorMetadata
[2023-02-02T19:07:11.350Z]      78/128 Test  #82: testUsdImportPreviewSurface .....................   Passed    4.11 sec
[2023-02-02T19:07:11.350Z]             Start  96: testUsdMayaAdaptorUndoRedo
[2023-02-02T19:07:11.592Z]      79/128 Test  #81: testUsdImportPointCache .........................   Passed    4.33 sec
[2023-02-02T19:07:11.592Z]             Start  97: testUsdExportUVTransforms
[2023-02-02T19:07:11.592Z]      80/128 Test  #79: testUsdImportMayaReference ......................   Passed    4.99 sec
[2023-02-02T19:07:11.592Z]             Start  98: testUsdExportUsdzPackage
[2023-02-02T19:07:11.804Z]      81/128 Test  #83: testUsdImportSessionLayer .......................   Passed    4.50 sec
[2023-02-02T19:07:11.804Z]             Start  99: testUsdExportRfMShaders
[2023-02-02T19:07:12.143Z]      82/128 Test  #84: testUsdImportShadingModeDisplayColor ............   Passed    4.32 sec
[2023-02-02T19:07:12.143Z]             Start 100: testUsdImportRfMShaders
[2023-02-02T19:07:12.488Z]      83/128 Test  #85: testUsdImportShadingModePxrRis ..................   Passed    4.18 sec
[2023-02-02T19:07:12.488Z]             Start 101: testUsdExportUVSets
[2023-02-02T19:07:12.740Z]      84/128 Test  #86: testUsdImportUVSetMappings ......................   Passed    4.36 sec
[2023-02-02T19:07:12.740Z]             Start 102: testUsdExportUVSetsFloat
[2023-02-02T19:07:13.074Z]      85/128 Test  #87: testUsdImportUSDZTextures .......................   Passed    4.44 sec
[2023-02-02T19:07:13.074Z]             Start 103: testUsdExportUVSetMappings
[2023-02-02T19:07:14.028Z]      86/128 Test  #88: testUsdExportImportRoundtripPreviewSurface ......   Passed    4.58 sec
[2023-02-02T19:07:14.028Z]             Start 104: testUsdImportUVSets
[2023-02-02T19:07:14.028Z]      87/128 Test  #90: testUsdImportSkeleton ...........................   Passed    4.21 sec
[2023-02-02T19:07:14.028Z]             Start 105: testUsdImportUVSetsFloat
[2023-02-02T19:07:14.373Z]      88/128 Test  #89: testUsdExportImportUDIM .........................   Passed    4.75 sec
[2023-02-02T19:07:14.373Z]             Start 106: testUsdImportChaser
[2023-02-02T19:07:14.491Z]      89/128 Test  #92: testUsdImportXformAnim ..........................   Passed    4.11 sec
[2023-02-02T19:07:14.491Z]             Start 107: testUsdMayaListShadingModesCommand
[2023-02-02T19:07:14.722Z]      90/128 Test  #93: testUsdMayaAdaptor ..............................   Passed    4.15 sec
[2023-02-02T19:07:14.722Z]             Start 108: testUsdImportExportSiteSpecificConfig
[2023-02-02T19:07:14.855Z]      91/128 Test  #94: testUsdMayaAdaptorGeom ..........................   Passed    3.87 sec
[2023-02-02T19:07:14.855Z]             Start 109: testUsdExportAssembly
[2023-02-02T19:07:15.086Z]      92/128 Test  #95: testUsdMayaAdaptorMetadata ......................   Passed    4.12 sec
[2023-02-02T19:07:15.086Z]             Start 110: testUsdExportAssemblyEdits
[2023-02-02T19:07:15.316Z]      93/128 Test  #96: testUsdMayaAdaptorUndoRedo ......................   Passed    3.91 sec
[2023-02-02T19:07:15.316Z]             Start 111: testUsdExportPackage
[2023-02-02T19:07:15.853Z]      94/128 Test  #99: testUsdExportRfMShaders .........................   Passed    4.07 sec
[2023-02-02T19:07:15.853Z]             Start 112: testUsdExportPointInstancer
[2023-02-02T19:07:16.095Z]      95/128 Test #100: testUsdImportRfMShaders .........................   Passed    3.88 sec
[2023-02-02T19:07:16.095Z]             Start 113: testUsdImportAsAssemblies
[2023-02-02T19:07:16.095Z]      96/128 Test  #98: testUsdExportUsdzPackage ........................   Passed    4.54 sec
[2023-02-02T19:07:16.095Z]             Start 114: testUsdImportNestedAssemblyAnimation
[2023-02-02T19:07:16.210Z]      97/128 Test  #97: testUsdExportUVTransforms .......................   Passed    4.62 sec
[2023-02-02T19:07:16.210Z]             Start 115: testUsdMayaGetVariantSetSelections
[2023-02-02T19:07:16.876Z]      98/128 Test #101: testUsdExportUVSets .............................   Passed    4.40 sec
[2023-02-02T19:07:16.876Z]             Start 116: testUsdMayaModelKindProcessor
[2023-02-02T19:07:17.112Z]      99/128 Test #102: testUsdExportUVSetsFloat ........................   Passed    4.32 sec
[2023-02-02T19:07:17.112Z]             Start 117: testUsdMayaReferenceAssemblyEdits
[2023-02-02T19:07:17.774Z]     100/128 Test #103: testUsdExportUVSetMappings ......................   Passed    4.74 sec
[2023-02-02T19:07:17.774Z]             Start 118: testUsdReferenceAssemblyChangeRepresentations
[2023-02-02T19:07:18.021Z]     101/128 Test #104: testUsdImportUVSets .............................   Passed    4.00 sec
[2023-02-02T19:07:18.021Z]             Start 119: testPxrUsdAlembicChaser
[2023-02-02T19:07:18.183Z]     102/128 Test #105: testUsdImportUVSetsFloat ........................   Passed    4.06 sec
[2023-02-02T19:07:18.183Z]             Start 120: AL_MayaUtilsTests
[2023-02-02T19:07:18.510Z]     103/128 Test #106: testUsdImportChaser .............................   Passed    4.16 sec
[2023-02-02T19:07:18.510Z]             Start 121: GTest:AL_USDTransactionTests
[2023-02-02T19:07:18.723Z]     104/128 Test #121: GTest:AL_USDTransactionTests ....................   Passed    0.21 sec
[2023-02-02T19:07:18.723Z]             Start 122: Python:AL_USDTransactionTests
[2023-02-02T19:07:18.856Z]     105/128 Test #107: testUsdMayaListShadingModesCommand ..............   Passed    4.29 sec
[2023-02-02T19:07:18.856Z]             Start 123: AL_USDMayaTestPlugin
[2023-02-02T19:07:18.856Z]     106/128 Test #108: testUsdImportExportSiteSpecificConfig ...........   Passed    4.16 sec
[2023-02-02T19:07:18.856Z]             Start 124: TestALUSDMayaPython_ProxyShape
[2023-02-02T19:07:19.487Z]     107/128 Test #122: Python:AL_USDTransactionTests ...................   Passed    0.77 sec
[2023-02-02T19:07:19.487Z]             Start 125: TestALUSDMayaPython_Translators
[2023-02-02T19:07:19.619Z]     108/128 Test #109: testUsdExportAssembly ...........................   Passed    4.84 sec
[2023-02-02T19:07:19.619Z]             Start 126: TestALUSDMayaPython_LayerManager
[2023-02-02T19:07:20.068Z]     109/128 Test #110: testUsdExportAssemblyEdits ......................   Passed    4.97 sec
[2023-02-02T19:07:20.068Z]             Start 127: TestALUSDMayaPython_ImportModule
[2023-02-02T19:07:20.189Z]     110/128 Test #111: testUsdExportPackage ............................   Passed    4.94 sec
[2023-02-02T19:07:20.189Z]             Start 128: testMayaSchemas
[2023-02-02T19:07:20.304Z]     111/128 Test #114: testUsdImportNestedAssemblyAnimation ............   Passed    4.17 sec
[2023-02-02T19:07:20.304Z]             Start 129: TestAdditionalTranslators
[2023-02-02T19:07:20.423Z]     112/128 Test #128: testMayaSchemas .................................   Passed    0.19 sec
[2023-02-02T19:07:20.423Z]             Start 130: TestPxrUsdTranslators
[2023-02-02T19:07:20.423Z]     113/128 Test #115: testUsdMayaGetVariantSetSelections ..............   Passed    4.31 sec
[2023-02-02T19:07:20.537Z]     114/128 Test #113: testUsdImportAsAssemblies .......................   Passed    4.43 sec
[2023-02-02T19:07:21.164Z]     115/128 Test #117: testUsdMayaReferenceAssemblyEdits ...............   Passed    4.08 sec
[2023-02-02T19:07:21.164Z]     116/128 Test #127: TestALUSDMayaPython_ImportModule ................   Passed    1.16 sec
[2023-02-02T19:07:21.377Z]     117/128 Test #120: AL_MayaUtilsTests ...............................   Passed    3.34 sec
[2023-02-02T19:07:21.796Z]     118/128 Test #116: testUsdMayaModelKindProcessor ...................   Passed    4.94 sec
[2023-02-02T19:07:22.114Z]     119/128 Test #118: testUsdReferenceAssemblyChangeRepresentations ...   Passed    4.30 sec
[2023-02-02T19:07:22.531Z]     120/128 Test #119: testPxrUsdAlembicChaser .........................   Passed    4.53 sec
[2023-02-02T19:07:22.744Z]     121/128 Test #124: TestALUSDMayaPython_ProxyShape ..................   Passed    3.88 sec
[2023-02-02T19:07:23.363Z]     122/128 Test #126: TestALUSDMayaPython_LayerManager ................   Passed    3.75 sec
[2023-02-02T19:07:23.677Z]     123/128 Test #125: TestALUSDMayaPython_Translators .................   Passed    4.27 sec
[2023-02-02T19:07:23.991Z]     124/128 Test #130: TestPxrUsdTranslators ...........................   Passed    3.64 sec
[2023-02-02T19:07:25.823Z]     125/128 Test #129: TestAdditionalTranslators .......................   Passed    5.49 sec
[2023-02-02T19:07:39.017Z]     126/128 Test #123: AL_USDMayaTestPlugin ............................   Passed   20.18 sec
[2023-02-02T19:07:45.515Z]     127/128 Test #112: testUsdExportPointInstancer .....................   Passed   29.63 sec
[2023-02-02T19:08:19.881Z]     128/128 Test  #91: testUsdImportXforms .............................   Passed   69.55 sec
[2023-02-02T19:08:19.881Z]     
[2023-02-02T19:08:19.881Z]     98% tests passed, 2 tests failed out of 127
[2023-02-02T19:08:19.881Z]     
[2023-02-02T19:08:19.881Z]     Label Time Summary:
[2023-02-02T19:08:19.881Z]     Debugging            =   0.00 sec*proc (1 test)
[2023-02-02T19:08:19.881Z]     MayaUsd              = 173.94 sec*proc (6 tests)
[2023-02-02T19:08:19.881Z]     translators          = 572.10 sec*proc (85 tests)
[2023-02-02T19:08:19.881Z]     usdPreviewSurface    =  57.86 sec*proc (2 tests)
[2023-02-02T19:08:19.881Z]     
[2023-02-02T19:08:19.881Z]     Total Test time (real) = 115.35 sec
[2023-02-02T19:08:19.881Z]     
[2023-02-02T19:08:19.881Z]     The following tests did not run:
[2023-02-02T19:08:19.881Z]     	  8 - _Interactive_Maya (Disabled)
[2023-02-02T19:08:19.881Z]     
[2023-02-02T19:08:19.881Z]     The following tests FAILED:
[2023-02-02T19:08:19.881Z]     	  2 - testMayaUsdCreateStageCommands (Failed)
[2023-02-02T19:08:19.881Z]     	  4 - testMayaUsdLayerEditorCommands (Failed)
[2023-02-02T19:08:19.881Z]     Errors while running CTest
[2023-02-02T19:08:19.881Z]     
[2023-02-02T19:08:19.881Z]         Building with settings:
[2023-02-02T19:08:19.881Z]           Source directory          S:\jenkins\workspace\ECP\ecg-maya-usd\ecg-mayausd-branch-preflight-2019-no-ufe-windows\ecg-maya-usd\maya-usd
[2023-02-02T19:08:19.881Z]           Workspace directory       W:\
[2023-02-02T19:08:19.881Z]           Build directory           W:\build\RelWithDebInfo
[2023-02-02T19:08:19.881Z]           Install directory         W:\install\RelWithDebInfo\MayaUSD
[2023-02-02T19:08:19.881Z]           Variant                   RelWithDebInfo
[2023-02-02T19:08:19.881Z]           Python Debug              Off
[2023-02-02T19:08:19.881Z]           CMake generator           Ninja
[2023-02-02T19:08:19.881Z]           Build arguments           ['-DCMAKE_MAKE_PROGRAM=P:/shared/Artifactory/Windows/ninja/1.9.0/c68f192/ninja.exe', '-DPYTHON_INCLUDE_DIR=P:/shared/Artifactory/Windows/rundev-2019/202003131251/runtime/155eb96/runTime/include/Python2.7', '-DPython_EXECUTABLE=P:/shared/Artifactory/Windows/rundev-2019/202003131251/runtime/155eb96/runTime/bin/mayapy.exe', '-DPYTHON_LIBRARIES=P:/shared/Artifactory/Windows/rundev-2019/202003131251/runtime/155eb96/runTime/lib/python27.lib', '-DCMAKE_WANT_UFE_BUILD=OFF', '-DUSD_LIB_PREFIX=', '-DCMAKE_WANT_MATERIALX_BUILD=ON', '-DCMAKE_PREFIX_PATH=P:\\shared\\Artifactory\\Windows\\USD\\cfb3d8a']
[2023-02-02T19:08:19.881Z]           Stages arguments          ['test']
[2023-02-02T19:08:19.881Z]           CTest arguments           ['-E testUsdReferenceAssemblySelection|testUsdMayaAppDir', '-LE interactive', '--parallel 16']
[2023-02-02T19:08:19.881Z]     #####################################################################################
[2023-02-02T19:08:19.881Z]     log date: 2023-02-02 11:06
[2023-02-02T19:08:19.881Z]     commit sha: 93f21d1dc5cbea178e987e6fb49863916d2285e6
[2023-02-02T19:08:19.881Z]     commit date: Thu Feb 2 13:24:39 2023 -0500
[2023-02-02T19:08:19.881Z]     #####################################################################################
[2023-02-02T19:08:19.881Z]     
[2023-02-02T19:08:19.881Z]     cmake --build . --config RelWithDebInfo --target install -- -j16
[2023-02-02T19:08:19.881Z]     #####################################################################################
[2023-02-02T19:08:19.881Z]     log date: 2023-02-02 11:06
[2023-02-02T19:08:19.881Z]     commit sha: 93f21d1dc5cbea178e987e6fb49863916d2285e6
[2023-02-02T19:08:19.881Z]     commit date: Thu Feb 2 13:24:39 2023 -0500
[2023-02-02T19:08:19.881Z]     #####################################################################################
[2023-02-02T19:08:19.881Z]     
[2023-02-02T19:08:19.881Z]     ctest --output-on-failure --timeout 500 -C RelWithDebInfo -E testUsdReferenceAssemblySelection|testUsdMayaAppDir -LE interactive --parallel 16
[2023-02-02T19:08:19.881Z]     
[2023-02-02T19:08:19.881Z]     Traceback (most recent call last):
[2023-02-02T19:08:19.881Z]       File "S:\jenkins\workspace\ECP\ecg-maya-usd\ecg-mayausd-branch-preflight-2019-no-ufe-windows\ecg-maya-usd\maya-usd\build.py", line 628, in <module>
[2023-02-02T19:08:19.881Z]         RunTests(context, context.ctestArgs)
[2023-02-02T19:08:19.881Z]       File "S:\jenkins\workspace\ECP\ecg-maya-usd\ecg-mayausd-branch-preflight-2019-no-ufe-windows\ecg-maya-usd\maya-usd\build.py", line 411, in RunTests
[2023-02-02T19:08:19.881Z]         RunCTest(context,extraArgs)
[2023-02-02T19:08:19.881Z]       File "S:\jenkins\workspace\ECP\ecg-maya-usd\ecg-mayausd-branch-preflight-2019-no-ufe-windows\ecg-maya-usd\maya-usd\build.py", line 322, in RunCTest
[2023-02-02T19:08:19.881Z]         extraArgs=(" ".join(extraArgs) if extraArgs else "")))
[2023-02-02T19:08:19.881Z]       File "S:\jenkins\workspace\ECP\ecg-maya-usd\ecg-mayausd-branch-preflight-2019-no-ufe-windows\ecg-maya-usd\maya-usd\build.py", line 179, in Run
[2023-02-02T19:08:19.881Z]         .format(cmd=cmd, log=os.path.abspath(context.logFileLocation)))
[2023-02-02T19:08:19.881Z]     RuntimeError: Failed to run 'ctest --output-on-failure --timeout 500 -C RelWithDebInfo -E testUsdReferenceAssemblySelection|testUsdMayaAppDir -LE interactive --parallel 16 '
[2023-02-02T19:08:19.881Z]     See W:\build\RelWithDebInfo\build_log.txt for more details.
[2023-02-02T19:08:19.881Z] build.py: error: Command failed with error code: 1
[Pipeline] bat
[2023-02-02T19:08:20.157Z] Deleting alias drive W:
[Pipeline] bat
[2023-02-02T19:08:20.438Z] Deleting alias drive P:
[Pipeline] }
[Pipeline] // withEnv
[Pipeline] }
[Pipeline] // timeout
[Pipeline] }
[Pipeline] // stage
[Pipeline] }
[Pipeline] // timestamps
[Pipeline] emailextrecipients
Not sending mail to unregistered user ecg.jenkins@autodesk.com because your SCM claimed this was associated with a user ID ecg.jenkins' which your security realm does not recognize; you may need changes in your SCM plugin
Not sending mail to unregistered user ecg.jenkins@autodesk.com because your SCM claimed this was associated with a user ID ecg.jenkins' which your security realm does not recognize; you may need changes in your SCM plugin
[Pipeline] echo
No recipients to send notification.
[Pipeline] }
[Pipeline] // node
[Pipeline] End of Pipeline
ERROR: script returned exit code 1
[Checks API] No suitable checks publisher found.
Finished: FAILURE
