[2023-03-09T13:46:46.171Z] ================================================================================
[2023-03-09T13:46:46.171Z]                              setup (RelWithDebInfo)
[2023-03-09T13:46:46.171Z] ================================================================================
[Pipeline] bat
[2023-03-09T13:46:46.445Z] Deleting alias drive W:
[Pipeline] bat
[2023-03-09T13:46:46.819Z] Deleting alias drive P:
[Pipeline] }
[Pipeline] // withEnv
[Pipeline] }
[Pipeline] // timeout
[Pipeline] }
[Pipeline] // stage
[Pipeline] }
[Pipeline] // timestamps
[Pipeline] timestamps
[Pipeline] {
[Pipeline] stage
[Pipeline] { (Clean)
[Pipeline] timeout
[2023-03-09T13:46:47.098Z] Timeout set to expire in 6 hr 0 min
[Pipeline] {
[Pipeline] withEnv
[Pipeline] {
[Pipeline] bat
[2023-03-09T13:46:47.384Z] Creating alias drive P: to S:\jenkins\workspace
[Pipeline] bat
[2023-03-09T13:46:47.672Z] Creating alias drive W: to S:\jenkins\workspace\ECP\ecg-maya-usd\ecg-mayausd-branch-preflight-2019-no-ufe-windows
[Pipeline] bat
[2023-03-09T13:46:48.249Z] "C:\Program Files (x86)\Microsoft Visual Studio\2017\Professional\VC\Auxiliary\Build\vcvarsall.bat" x64
[2023-03-09T13:46:48.454Z] **********************************************************************
[2023-03-09T13:46:48.454Z] ** Visual Studio 2017 Developer Command Prompt v15.9.15
[2023-03-09T13:46:48.454Z] ** Copyright (c) 2017 Microsoft Corporation
[2023-03-09T13:46:48.454Z] **********************************************************************
[2023-03-09T13:46:49.374Z] [vcvarsall.bat] Environment initialized for: 'x64'
[2023-03-09T13:46:49.374Z] python ecg-maya-usd/build.py --stages=clean --workspace-dir=W:\ --artifactory-dir=P:\shared\Artifactory --build-dir=W:\build --install-dir=W:\install --signing-dir=W:\signing --package-dir=W:\package --output-dir=W:\output --stash-dir=W:\stash --jenkins-build=735 --git-commit=2eb12d25c3975e39391af96fc68ac6f1986a16dd --git-branch=master --variants=RelWithDebInfo --python=2.7 --ufe=false --pxrusd-version=0.21.05-gold --post-zips=false --maya-cut-config=maya-rundev-2019.yaml --maya-package=rundev-2019 --stage-banner
[2023-03-09T13:46:50.392Z] Using Maya cut from P:\shared\Artifactory\Windows\rundev-2019\202003131251\runtime\155eb96
[2023-03-09T13:46:50.392Z] 
[2023-03-09T13:46:50.392Z] ================================================================================
[2023-03-09T13:46:50.392Z]                              clean (RelWithDebInfo)
[2023-03-09T13:46:50.392Z] ================================================================================
[2023-03-09T13:46:50.392Z] Maya Python RelWithDebInfo Info:
[2023-03-09T13:46:50.392Z]   mayapy executable   = P:\shared\Artifactory\Windows\rundev-2019\202003131251\runtime\155eb96\runTime\bin\mayapy.exe
[2023-03-09T13:46:50.392Z]   Include Folder      = P:\shared\Artifactory\Windows\rundev-2019\202003131251\runtime\155eb96\runTime\include\Python2.7
[2023-03-09T13:46:50.392Z]   Library             = P:\shared\Artifactory\Windows\rundev-2019\202003131251\runtime\155eb96\runTime\lib\python27.lib
[2023-03-09T13:46:50.392Z]   site-package Folder = P:\shared\Artifactory\Windows\rundev-2019\202003131251\runtime\155eb96\runTime\Python\Lib\site-packages
[2023-03-09T13:46:55.767Z] In workdir: S:\jenkins\workspace\ECP\ecg-maya-usd\ecg-mayausd-branch-preflight-2019-no-ufe-windows\ecg-maya-usd\maya-usd
[2023-03-09T13:46:55.767Z] Executing: 'P:\\shared\\Artifactory\\Windows\\rundev-2019\\202003131251\\runtime\\155eb96\\runTime\\bin\\mayapy.exe' 'S:\\jenkins\\workspace\\ECP\\ecg-maya-usd\\ecg-mayausd-branch-preflight-2019-no-ufe-windows\\ecg-maya-usd\\maya-usd\\build.py' --generator Ninja --build-relwithdebug --maya-location 'P:\\shared\\Artifactory\\Windows\\rundev-2019\\202003131251\\runtime\\155eb96\\runTime' --devkit-location 'P:\\shared\\Artifactory\\Windows\\rundev-2019\\202003131251\\runtime\\155eb96\\devkitBase' --pxrusd-location 'P:\\shared\\Artifactory\\Windows\\USD\\cfb3d8a' --qt-location 'P:\\shared\\Artifactory\\Windows\\qt\\5.6.1\\1acd0ba' '--build-args=-DCMAKE_MAKE_PROGRAM=P:/shared/Artifactory/Windows/ninja/1.9.0/c68f192/ninja.exe,-DPYTHON_INCLUDE_DIR=P:/shared/Artifactory/Windows/rundev-2019/202003131251/runtime/155eb96/runTime/include/Python2.7,-DPython_EXECUTABLE=P:/shared/Artifactory/Windows/rundev-2019/202003131251/runtime/155eb96/runTime/bin/mayapy.exe,-DPYTHON_LIBRARIES=P:/shared/Artifactory/Windows/rundev-2019/202003131251/runtime/155eb96/runTime/lib/python27.lib,-DCMAKE_WANT_UFE_BUILD=OFF,-DUSD_LIB_PREFIX=,-DCMAKE_WANT_MATERIALX_BUILD=ON,-DCMAKE_PREFIX_PATH=P:\\shared\\Artifactory\\Windows\\USD\\cfb3d8a' '--ctest-args=-E testUsdReferenceAssemblySelection|testUsdMayaAppDir,-LE interactive,--parallel 16' --stages=clean --redirect-outstream-file=False --install-location 'W:\\install\\RelWithDebInfo\\MayaUSD' 'W:\\'
[2023-03-09T13:46:55.767Z] Modified environment variables:
[2023-03-09T13:46:55.767Z]     PATH=P:\shared\Artifactory\Windows\cmake\3.20.3\afe857a\bin;C:\Python27\lib\site-packages\pywin32_system32;C:\Program Files (x86)\Microsoft Visual Studio\2017\Professional\VC\Tools\MSVC\14.16.27023\bin\HostX64\x64;C:\Program Files (x86)\Microsoft Visual Studio\2017\Professional\Common7\IDE\VC\VCPackages;C:\Program Files (x86)\Microsoft Visual Studio\2017\Professional\Common7\IDE\CommonExtensions\Microsoft\TestWindow;C:\Program Files (x86)\Microsoft Visual Studio\2017\Professional\Common7\IDE\CommonExtensions\Microsoft\TeamFoundation\Team Explorer;C:\Program Files (x86)\Microsoft Visual Studio\2017\Professional\MSBuild\15.0\bin\Roslyn;C:\Program Files (x86)\Microsoft Visual Studio\2017\Professional\Team Tools\Performance Tools\x64;C:\Program Files (x86)\Microsoft Visual Studio\2017\Professional\Team Tools\Performance Tools;C:\Program Files (x86)\Microsoft Visual Studio\Shared\Common\VSPerfCollectionTools\\x64;C:\Program Files (x86)\Microsoft Visual Studio\Shared\Common\VSPerfCollectionTools\;C:\Program Files (x86)\Microsoft SDKs\Windows\v10.0A\bin\NETFX 4.6.1 Tools\x64\;C:\Program Files (x86)\HTML Help Workshop;C:\Program Files (x86)\Windows Kits\10\bin\10.0.18362.0\x64;C:\Program Files (x86)\Windows Kits\10\bin\x64;C:\Program Files (x86)\Microsoft Visual Studio\2017\Professional\\MSBuild\15.0\bin;C:\WINDOWS\Microsoft.NET\Framework64\v4.0.30319;C:\Program Files (x86)\Microsoft Visual Studio\2017\Professional\Common7\IDE\;C:\Program Files (x86)\Microsoft Visual Studio\2017\Professional\Common7\Tools\;C:\Python27\;C:\Python27\Scripts;C:\WINDOWS\system32;C:\WINDOWS;C:\WINDOWS\System32\Wbem;C:\WINDOWS\System32\WindowsPowerShell\v1.0\;C:\WINDOWS\System32\OpenSSH\;C:\ProgramData\chocolatey\bin;C:\Program Files (x86)\WiX Toolset v3.7\bin;C:\Program Files\dotnet\;C:\Program Files (x86)\Windows Kits\10\bin\10.0.18362.0\x64;C:\Program Files\Zulu\zulu-11\bin\;C:\Program Files (x86)\Windows Kits\10\bin\10.0.17763.0\x64;C:\Program Files (x86)\Windows Kits\10\bin\x64;C:\Program Files\Git\cmd;C:\Program Files\Git\usr\bin;C:\Program Files\Git\mingw64\bin;C:\Program Files\Git\bin;C:\Python38\;C:\Python38\Scripts;C:\StoreBoxClientWindows;C:\Program Files\Electric Cloud\ElectricCommander\bin;C:\Program Files\WinRAR;C:\Program Files\7-Zip;C:\Users\Administrator\AppData\Local\Microsoft\WindowsApps;C:\Program Files (x86)\Microsoft Visual Studio\2017\Professional\Common7\IDE\CommonExtensions\Microsoft\CMake\CMake\bin;C:\Program Files (x86)\Microsoft Visual Studio\2017\Professional\Common7\IDE\CommonExtensions\Microsoft\CMake\Ninja
[2023-03-09T13:46:56.584Z]     
[2023-03-09T13:46:56.584Z]         Building with settings:
[2023-03-09T13:46:56.584Z]           Source directory          S:\jenkins\workspace\ECP\ecg-maya-usd\ecg-mayausd-branch-preflight-2019-no-ufe-windows\ecg-maya-usd\maya-usd
[2023-03-09T13:46:56.584Z]           Workspace directory       W:\
[2023-03-09T13:46:56.584Z]           Build directory           W:\build\RelWithDebInfo
[2023-03-09T13:46:56.584Z]           Install directory         W:\install\RelWithDebInfo\MayaUSD
[2023-03-09T13:46:56.584Z]           Variant                   RelWithDebInfo
[2023-03-09T13:46:56.584Z]           Python Debug              Off
[2023-03-09T13:46:56.584Z]           CMake generator           Ninja
[2023-03-09T13:46:56.584Z]           Build arguments           ['-DCMAKE_MAKE_PROGRAM=P:/shared/Artifactory/Windows/ninja/1.9.0/c68f192/ninja.exe', '-DPYTHON_INCLUDE_DIR=P:/shared/Artifactory/Windows/rundev-2019/202003131251/runtime/155eb96/runTime/include/Python2.7', '-DPython_EXECUTABLE=P:/shared/Artifactory/Windows/rundev-2019/202003131251/runtime/155eb96/runTime/bin/mayapy.exe', '-DPYTHON_LIBRARIES=P:/shared/Artifactory/Windows/rundev-2019/202003131251/runtime/155eb96/runTime/lib/python27.lib', '-DCMAKE_WANT_UFE_BUILD=OFF', '-DUSD_LIB_PREFIX=', '-DCMAKE_WANT_MATERIALX_BUILD=ON', '-DCMAKE_PREFIX_PATH=P:\\shared\\Artifactory\\Windows\\USD\\cfb3d8a']
[2023-03-09T13:46:56.584Z]           Stages arguments          ['clean']
[2023-03-09T13:46:56.584Z]           CTest arguments           ['-E testUsdReferenceAssemblySelection|testUsdMayaAppDir', '-LE interactive', '--parallel 16']
[2023-03-09T13:46:56.584Z]     Success MayaUSD build and install !!!!
[2023-03-09T13:46:56.584Z]     Elapsed time: 00:00:00
[Pipeline] bat
[2023-03-09T13:46:56.960Z] Deleting alias drive W:
[Pipeline] bat
[2023-03-09T13:46:57.249Z] Deleting alias drive P:
[Pipeline] }
[Pipeline] // withEnv
[Pipeline] }
[Pipeline] // timeout
[Pipeline] }
[Pipeline] // stage
[Pipeline] }
[Pipeline] // timestamps
[Pipeline] timestamps
[Pipeline] {
[Pipeline] stage
[Pipeline] { (Configure)
[Pipeline] timeout
[2023-03-09T13:46:57.519Z] Timeout set to expire in 6 hr 0 min
[Pipeline] {
[Pipeline] withEnv
[Pipeline] {
[Pipeline] bat
[2023-03-09T13:46:57.804Z] Creating alias drive P: to S:\jenkins\workspace
[Pipeline] bat
[2023-03-09T13:46:58.197Z] Creating alias drive W: to S:\jenkins\workspace\ECP\ecg-maya-usd\ecg-mayausd-branch-preflight-2019-no-ufe-windows
[Pipeline] bat
[2023-03-09T13:46:58.742Z] "C:\Program Files (x86)\Microsoft Visual Studio\2017\Professional\VC\Auxiliary\Build\vcvarsall.bat" x64
[2023-03-09T13:46:58.947Z] **********************************************************************
[2023-03-09T13:46:58.947Z] ** Visual Studio 2017 Developer Command Prompt v15.9.15
[2023-03-09T13:46:58.947Z] ** Copyright (c) 2017 Microsoft Corporation
[2023-03-09T13:46:58.947Z] **********************************************************************
[2023-03-09T13:46:59.867Z] [vcvarsall.bat] Environment initialized for: 'x64'
[2023-03-09T13:46:59.867Z] python ecg-maya-usd/build.py --stages=configure --workspace-dir=W:\ --artifactory-dir=P:\shared\Artifactory --build-dir=W:\build --install-dir=W:\install --signing-dir=W:\signing --package-dir=W:\package --output-dir=W:\output --stash-dir=W:\stash --jenkins-build=735 --git-commit=2eb12d25c3975e39391af96fc68ac6f1986a16dd --git-branch=master --variants=RelWithDebInfo --python=2.7 --ufe=false --pxrusd-version=0.21.05-gold --post-zips=false --maya-cut-config=maya-rundev-2019.yaml --maya-package=rundev-2019 --stage-banner
[2023-03-09T13:47:00.785Z] Using Maya cut from P:\shared\Artifactory\Windows\rundev-2019\202003131251\runtime\155eb96
[2023-03-09T13:47:00.895Z] 
[2023-03-09T13:47:00.895Z] ================================================================================
[2023-03-09T13:47:00.895Z]                            configure (RelWithDebInfo)
[2023-03-09T13:47:00.895Z] ================================================================================
[2023-03-09T13:47:00.895Z] Maya Python RelWithDebInfo Info:
[2023-03-09T13:47:00.895Z]   mayapy executable   = P:\shared\Artifactory\Windows\rundev-2019\202003131251\runtime\155eb96\runTime\bin\mayapy.exe
[2023-03-09T13:47:00.895Z]   Include Folder      = P:\shared\Artifactory\Windows\rundev-2019\202003131251\runtime\155eb96\runTime\include\Python2.7
[2023-03-09T13:47:00.895Z]   Library             = P:\shared\Artifactory\Windows\rundev-2019\202003131251\runtime\155eb96\runTime\lib\python27.lib
[2023-03-09T13:47:00.895Z]   site-package Folder = P:\shared\Artifactory\Windows\rundev-2019\202003131251\runtime\155eb96\runTime\Python\Lib\site-packages
[2023-03-09T13:47:01.611Z] In workdir: S:\jenkins\workspace\ECP\ecg-maya-usd\ecg-mayausd-branch-preflight-2019-no-ufe-windows\ecg-maya-usd\maya-usd
[2023-03-09T13:47:01.611Z] Executing: 'P:\\shared\\Artifactory\\Windows\\rundev-2019\\202003131251\\runtime\\155eb96\\runTime\\bin\\mayapy.exe' 'S:\\jenkins\\workspace\\ECP\\ecg-maya-usd\\ecg-mayausd-branch-preflight-2019-no-ufe-windows\\ecg-maya-usd\\maya-usd\\build.py' --generator Ninja --build-relwithdebug --maya-location 'P:\\shared\\Artifactory\\Windows\\rundev-2019\\202003131251\\runtime\\155eb96\\runTime' --devkit-location 'P:\\shared\\Artifactory\\Windows\\rundev-2019\\202003131251\\runtime\\155eb96\\devkitBase' --pxrusd-location 'P:\\shared\\Artifactory\\Windows\\USD\\cfb3d8a' --qt-location 'P:\\shared\\Artifactory\\Windows\\qt\\5.6.1\\1acd0ba' '--build-args=-DCMAKE_MAKE_PROGRAM=P:/shared/Artifactory/Windows/ninja/1.9.0/c68f192/ninja.exe,-DPYTHON_INCLUDE_DIR=P:/shared/Artifactory/Windows/rundev-2019/202003131251/runtime/155eb96/runTime/include/Python2.7,-DPython_EXECUTABLE=P:/shared/Artifactory/Windows/rundev-2019/202003131251/runtime/155eb96/runTime/bin/mayapy.exe,-DPYTHON_LIBRARIES=P:/shared/Artifactory/Windows/rundev-2019/202003131251/runtime/155eb96/runTime/lib/python27.lib,-DCMAKE_WANT_UFE_BUILD=OFF,-DUSD_LIB_PREFIX=,-DCMAKE_WANT_MATERIALX_BUILD=ON,-DCMAKE_PREFIX_PATH=P:\\shared\\Artifactory\\Windows\\USD\\cfb3d8a' '--ctest-args=-E testUsdReferenceAssemblySelection|testUsdMayaAppDir,-LE interactive,--parallel 16' --stages=configure --redirect-outstream-file=False --install-location 'W:\\install\\RelWithDebInfo\\MayaUSD' 'W:\\'
[2023-03-09T13:47:01.611Z] Modified environment variables:
[2023-03-09T13:47:01.611Z]     PATH=P:\shared\Artifactory\Windows\cmake\3.20.3\afe857a\bin;C:\Python27\lib\site-packages\pywin32_system32;C:\Program Files (x86)\Microsoft Visual Studio\2017\Professional\VC\Tools\MSVC\14.16.27023\bin\HostX64\x64;C:\Program Files (x86)\Microsoft Visual Studio\2017\Professional\Common7\IDE\VC\VCPackages;C:\Program Files (x86)\Microsoft Visual Studio\2017\Professional\Common7\IDE\CommonExtensions\Microsoft\TestWindow;C:\Program Files (x86)\Microsoft Visual Studio\2017\Professional\Common7\IDE\CommonExtensions\Microsoft\TeamFoundation\Team Explorer;C:\Program Files (x86)\Microsoft Visual Studio\2017\Professional\MSBuild\15.0\bin\Roslyn;C:\Program Files (x86)\Microsoft Visual Studio\2017\Professional\Team Tools\Performance Tools\x64;C:\Program Files (x86)\Microsoft Visual Studio\2017\Professional\Team Tools\Performance Tools;C:\Program Files (x86)\Microsoft Visual Studio\Shared\Common\VSPerfCollectionTools\\x64;C:\Program Files (x86)\Microsoft Visual Studio\Shared\Common\VSPerfCollectionTools\;C:\Program Files (x86)\Microsoft SDKs\Windows\v10.0A\bin\NETFX 4.6.1 Tools\x64\;C:\Program Files (x86)\HTML Help Workshop;C:\Program Files (x86)\Windows Kits\10\bin\10.0.18362.0\x64;C:\Program Files (x86)\Windows Kits\10\bin\x64;C:\Program Files (x86)\Microsoft Visual Studio\2017\Professional\\MSBuild\15.0\bin;C:\WINDOWS\Microsoft.NET\Framework64\v4.0.30319;C:\Program Files (x86)\Microsoft Visual Studio\2017\Professional\Common7\IDE\;C:\Program Files (x86)\Microsoft Visual Studio\2017\Professional\Common7\Tools\;C:\Python27\;C:\Python27\Scripts;C:\WINDOWS\system32;C:\WINDOWS;C:\WINDOWS\System32\Wbem;C:\WINDOWS\System32\WindowsPowerShell\v1.0\;C:\WINDOWS\System32\OpenSSH\;C:\ProgramData\chocolatey\bin;C:\Program Files (x86)\WiX Toolset v3.7\bin;C:\Program Files\dotnet\;C:\Program Files (x86)\Windows Kits\10\bin\10.0.18362.0\x64;C:\Program Files\Zulu\zulu-11\bin\;C:\Program Files (x86)\Windows Kits\10\bin\10.0.17763.0\x64;C:\Program Files (x86)\Windows Kits\10\bin\x64;C:\Program Files\Git\cmd;C:\Program Files\Git\usr\bin;C:\Program Files\Git\mingw64\bin;C:\Program Files\Git\bin;C:\Python38\;C:\Python38\Scripts;C:\StoreBoxClientWindows;C:\Program Files\Electric Cloud\ElectricCommander\bin;C:\Program Files\WinRAR;C:\Program Files\7-Zip;C:\Users\Administrator\AppData\Local\Microsoft\WindowsApps;C:\Program Files (x86)\Microsoft Visual Studio\2017\Professional\Common7\IDE\CommonExtensions\Microsoft\CMake\CMake\bin;C:\Program Files (x86)\Microsoft Visual Studio\2017\Professional\Common7\IDE\CommonExtensions\Microsoft\CMake\Ninja
[2023-03-09T13:47:02.330Z]     -- The C compiler identification is MSVC 19.16.27032.1
[2023-03-09T13:47:02.542Z]     -- The CXX compiler identification is MSVC 19.16.27032.1
[2023-03-09T13:47:02.652Z]     -- Detecting C compiler ABI info
[2023-03-09T13:47:03.469Z]     -- Detecting C compiler ABI info - done
[2023-03-09T13:47:03.469Z]     -- Check for working C compiler: C:/Program Files (x86)/Microsoft Visual Studio/2017/Professional/VC/Tools/MSVC/14.16.27023/bin/Hostx64/x64/cl.exe - skipped
[2023-03-09T13:47:03.469Z]     -- Detecting C compile features
[2023-03-09T13:47:03.469Z]     -- Detecting C compile features - done
[2023-03-09T13:47:03.469Z]     -- Detecting CXX compiler ABI info
[2023-03-09T13:47:04.085Z]     -- Detecting CXX compiler ABI info - done
[2023-03-09T13:47:04.085Z]     -- Check for working CXX compiler: C:/Program Files (x86)/Microsoft Visual Studio/2017/Professional/VC/Tools/MSVC/14.16.27023/bin/Hostx64/x64/cl.exe - skipped
[2023-03-09T13:47:04.085Z]     -- Detecting CXX compile features
[2023-03-09T13:47:04.085Z]     -- Detecting CXX compile features - done
[2023-03-09T13:47:04.192Z]     -- Using Maya Light API Version 1
[2023-03-09T13:47:04.192Z]     -- Found Maya: P:/shared/Artifactory/Windows/rundev-2019/202003131251/runtime/155eb96/runTime/bin/maya.exe (found suitable version "2019", minimum required is "2018")
[2023-03-09T13:47:04.707Z]     -- Found Python: P:/shared/Artifactory/Windows/rundev-2019/202003131251/runtime/155eb96/runTime/bin/mayapy.exe (found suitable exact version "2.7.11") found components: Interpreter
[2023-03-09T13:47:04.707Z]     -- Build MayaUSD with Python3 = OFF
[2023-03-09T13:47:04.707Z]     --    PYTHON_INCLUDE_DIRS = P:/shared/Artifactory/Windows/rundev-2019/202003131251/runtime/155eb96/runTime/include/Python2.7
[2023-03-09T13:47:04.707Z]     --    PYTHON_LIBRARIES    = P:/shared/Artifactory/Windows/rundev-2019/202003131251/runtime/155eb96/runTime/lib/python27.lib
[2023-03-09T13:47:04.707Z]     --    Python_EXECUTABLE   = P:/shared/Artifactory/Windows/rundev-2019/202003131251/runtime/155eb96/runTime/bin/mayapy.exe
[2023-03-09T13:47:05.523Z]     -- USD include dir: P:/shared/Artifactory/Windows/USD/cfb3d8a/include
[2023-03-09T13:47:05.523Z]     -- USD library dir: P:/shared/Artifactory/Windows/USD/cfb3d8a/lib
[2023-03-09T13:47:05.523Z]     -- USD version: 0.21.05
[2023-03-09T13:47:05.523Z]     -- USD Boost::boost version: 107000
[2023-03-09T13:47:05.523Z]     -- Found USD: P:/shared/Artifactory/Windows/USD/cfb3d8a (found suitable version "0.21.05", minimum required is "0.20.05")
[2023-03-09T13:47:05.523Z]     CMake Warning at CMakeLists.txt:125 (message):
[2023-03-09T13:47:05.523Z]       Disabling MaterialX VP2 rendering: it is not supported by this USD package.
[2023-03-09T13:47:05.523Z]     
[2023-03-09T13:47:05.523Z]     
[2023-03-09T13:47:05.523Z]     Updated PYTHONPATH: P:\shared\Artifactory\Windows\USD\cfb3d8a\lib\python
[2023-03-09T13:47:05.523Z]     Updated PATH: P:\shared\Artifactory\Windows\rundev-2019\202003131251\runtime\155eb96\runTime\bin;P:\shared\Artifactory\Windows\cmake\3.20.3\afe857a\bin;C:\Python27\lib\site-packages\pywin32_system32;C:\Program Files (x86)\Microsoft Visual Studio\2017\Professional\VC\Tools\MSVC\14.16.27023\bin\HostX64\x64;C:\Program Files (x86)\Microsoft Visual Studio\2017\Professional\Common7\IDE\VC\VCPackages;C:\Program Files (x86)\Microsoft Visual Studio\2017\Professional\Common7\IDE\CommonExtensions\Microsoft\TestWindow;C:\Program Files (x86)\Microsoft Visual Studio\2017\Professional\Common7\IDE\CommonExtensions\Microsoft\TeamFoundation\Team Explorer;C:\Program Files (x86)\Microsoft Visual Studio\2017\Professional\MSBuild\15.0\bin\Roslyn;C:\Program Files (x86)\Microsoft Visual Studio\2017\Professional\Team Tools\Performance Tools\x64;C:\Program Files (x86)\Microsoft Visual Studio\2017\Professional\Team Tools\Performance Tools;C:\Program Files (x86)\Microsoft Visual Studio\Shared\Common\VSPerfCollectionTools\\x64;C:\Program Files (x86)\Microsoft Visual Studio\Shared\Common\VSPerfCollectionTools\;C:\Program Files (x86)\Microsoft SDKs\Windows\v10.0A\bin\NETFX 4.6.1 Tools\x64\;C:\Program Files (x86)\HTML Help Workshop;C:\Program Files (x86)\Windows Kits\10\bin\10.0.18362.0\x64;C:\Program Files (x86)\Windows Kits\10\bin\x64;C:\Program Files (x86)\Microsoft Visual Studio\2017\Professional\\MSBuild\15.0\bin;C:\WINDOWS\Microsoft.NET\Framework64\v4.0.30319;C:\Program Files (x86)\Microsoft Visual Studio\2017\Professional\Common7\IDE\;C:\Program Files (x86)\Microsoft Visual Studio\2017\Professional\Common7\Tools\;C:\Python27\;C:\Python27\Scripts;C:\WINDOWS\system32;C:\WINDOWS;C:\WINDOWS\System32\Wbem;C:\WINDOWS\System32\WindowsPowerShell\v1.0\;C:\WINDOWS\System32\OpenSSH\;C:\ProgramData\chocolatey\bin;C:\Program Files (x86)\WiX Toolset v3.7\bin;C:\Program Files\dotnet\;C:\Program Files (x86)\Windows Kits\10\bin\10.0.18362.0\x64;C:\Program Files\Zulu\zulu-11\bin\;C:\Program Files (x86)\Windows Kits\10\bin\10.0.17763.0\x64;C:\Program Files (x86)\Windows Kits\10\bin\x64;C:\Program Files\Git\cmd;C:\Program Files\Git\usr\bin;C:\Program Files\Git\mingw64\bin;C:\Program Files\Git\bin;C:\Python38\;C:\Python38\Scripts;C:\StoreBoxClientWindows;C:\Program Files\Electric Cloud\ElectricCommander\bin;C:\Program Files\WinRAR;C:\Program Files\7-Zip;C:\Users\Administrator\AppData\Local\Microsoft\WindowsApps;C:\Program Files (x86)\Microsoft Visual Studio\2017\Professional\Common7\IDE\CommonExtensions\Microsoft\CMake\CMake\bin;C:\Program Files (x86)\Microsoft Visual Studio\2017\Professional\Common7\IDE\CommonExtensions\Microsoft\CMake\Ninja;P:\shared\Artifactory\Windows\USD\cfb3d8a\bin;P:\shared\Artifactory\Windows\USD\cfb3d8a\lib
[2023-03-09T13:47:05.741Z]     -- Building with Qt features enabled.
[2023-03-09T13:47:05.855Z]     -- **** Building Gulrak From Github Repository.
[2023-03-09T13:47:05.855Z]     -- Populating gulrak
[2023-03-09T13:47:05.970Z]     -- Configuring done
[2023-03-09T13:47:05.970Z]     -- Generating done
[2023-03-09T13:47:05.970Z]     -- Build files have been written to: W:/build/RelWithDebInfo/_deps/gulrak-subbuild
[2023-03-09T13:47:06.288Z]     [1/9] Creating directories for 'gulrak-populate'
[2023-03-09T13:47:06.288Z]     [1/9] Performing download step (git clone) for 'gulrak-populate'
[2023-03-09T13:47:06.400Z]     Cloning into 'gulrak-src'...
[2023-03-09T13:47:07.527Z]     HEAD is now at 4e21ab3 Version bump and updated readme.
[2023-03-09T13:47:08.351Z]     [2/9] Performing update step for 'gulrak-populate'
[2023-03-09T13:47:08.566Z]     [4/9] No patch step for 'gulrak-populate'
[2023-03-09T13:47:08.566Z]     [5/9] No configure step for 'gulrak-populate'
[2023-03-09T13:47:08.679Z]     [6/9] No build step for 'gulrak-populate'
[2023-03-09T13:47:08.679Z]     [7/9] No install step for 'gulrak-populate'
[2023-03-09T13:47:08.794Z]     [8/9] No test step for 'gulrak-populate'
[2023-03-09T13:47:08.794Z]     [9/9] Completed 'gulrak-populate'
[2023-03-09T13:47:09.614Z]     -- ========== Installing GoogleTest... ==========
[2023-03-09T13:47:09.832Z]     -- Configuring done
[2023-03-09T13:47:09.832Z]     -- Generating done
[2023-03-09T13:47:09.832Z]     -- Build files have been written to: W:/build/RelWithDebInfo/googletest-config
[2023-03-09T13:47:10.048Z]     [1/8] Creating directories for 'googletest'
[2023-03-09T13:47:13.104Z]     [2/8] Performing download step (git clone) for 'googletest'
[2023-03-09T13:47:13.104Z]     Cloning into 'googletest-src'...
[2023-03-09T13:47:13.104Z]     HEAD is now at 703bd9ca Googletest export
[2023-03-09T13:47:13.218Z]     [3/8] Performing update step for 'googletest'
[2023-03-09T13:47:13.330Z]     [4/8] No patch step for 'googletest'
[2023-03-09T13:47:15.266Z]     [5/8] Performing configure step for 'googletest'
[2023-03-09T13:47:15.266Z]     Not searching for unused variables given on the command line.
[2023-03-09T13:47:15.266Z]     CMake Deprecation Warning at CMakeLists.txt:4 (cmake_minimum_required):
[2023-03-09T13:47:15.266Z]       Compatibility with CMake < 2.8.12 will be removed from a future version of
[2023-03-09T13:47:15.266Z]       CMake.
[2023-03-09T13:47:15.266Z]     
[2023-03-09T13:47:15.266Z]       Update the VERSION argument <min> value or use a ...<max> suffix to tell
[2023-03-09T13:47:15.266Z]       CMake that the project does not need compatibility with older versions.
[2023-03-09T13:47:15.266Z]     
[2023-03-09T13:47:15.266Z]     
[2023-03-09T13:47:15.266Z]     -- The C compiler identification is MSVC 19.16.27032.1
[2023-03-09T13:47:15.266Z]     -- The CXX compiler identification is MSVC 19.16.27032.1
[2023-03-09T13:47:15.266Z]     -- Detecting C compiler ABI info
[2023-03-09T13:47:15.266Z]     -- Detecting C compiler ABI info - done
[2023-03-09T13:47:15.266Z]     -- Check for working C compiler: C:/Program Files (x86)/Microsoft Visual Studio/2017/Professional/VC/Tools/MSVC/14.16.27023/bin/Hostx64/x64/cl.exe - skipped
[2023-03-09T13:47:15.266Z]     -- Detecting C compile features
[2023-03-09T13:47:15.266Z]     -- Detecting C compile features - done
[2023-03-09T13:47:15.266Z]     -- Detecting CXX compiler ABI info
[2023-03-09T13:47:15.266Z]     -- Detecting CXX compiler ABI info - done
[2023-03-09T13:47:15.266Z]     -- Check for working CXX compiler: C:/Program Files (x86)/Microsoft Visual Studio/2017/Professional/VC/Tools/MSVC/14.16.27023/bin/Hostx64/x64/cl.exe - skipped
[2023-03-09T13:47:15.266Z]     -- Detecting CXX compile features
[2023-03-09T13:47:15.266Z]     -- Detecting CXX compile features - done
[2023-03-09T13:47:15.266Z]     CMake Deprecation Warning at googletest/CMakeLists.txt:56 (cmake_minimum_required):
[2023-03-09T13:47:15.266Z]       Compatibility with CMake < 2.8.12 will be removed from a future version of
[2023-03-09T13:47:15.266Z]       CMake.
[2023-03-09T13:47:15.266Z]     
[2023-03-09T13:47:15.266Z]       Update the VERSION argument <min> value or use a ...<max> suffix to tell
[2023-03-09T13:47:15.266Z]       CMake that the project does not need compatibility with older versions.
[2023-03-09T13:47:15.266Z]     
[2023-03-09T13:47:15.266Z]     
[2023-03-09T13:47:15.266Z]     -- Found PythonInterp: C:/Python27/python.exe
[2023-03-09T13:47:15.266Z]     -- Looking for pthread.h
[2023-03-09T13:47:15.266Z]     -- Looking for pthread.h - not found
[2023-03-09T13:47:15.266Z]     -- Found Threads: TRUE
[2023-03-09T13:47:15.266Z]     -- Configuring done
[2023-03-09T13:47:15.266Z]     -- Generating done
[2023-03-09T13:47:15.266Z]     -- Build files have been written to: W:/build/RelWithDebInfo/googletest-build
[2023-03-09T13:47:19.938Z]     [6/8] Performing build step for 'googletest'
[2023-03-09T13:47:19.938Z]     [1/4] Building CXX object googletest\CMakeFiles\gtest_main.dir\src\gtest_main.cc.obj
[2023-03-09T13:47:19.938Z]     [2/4] Building CXX object googletest\CMakeFiles\gtest.dir\src\gtest-all.cc.obj
[2023-03-09T13:47:19.938Z]     [3/4] Linking CXX shared library bin\gtest.dll
[2023-03-09T13:47:19.938Z]     [4/4] Linking CXX shared library bin\gtest_main.dll
[2023-03-09T13:47:20.358Z]     [7/8] Performing install step for 'googletest'
[2023-03-09T13:47:20.358Z]     [0/1] Install the project...
[2023-03-09T13:47:20.358Z]     -- Install configuration: "RelWithDebInfo"
[2023-03-09T13:47:20.358Z]     [8/8] Completed 'googletest'
[2023-03-09T13:47:20.358Z]     -- ========== ...  GoogleTest installed. ==========
[2023-03-09T13:47:21.487Z]     -- MAYA_HAS_DEFAULT_MATERIAL_API is FALSE
[2023-03-09T13:47:21.488Z]     -- MAYA_NEW_POINT_SNAPPING_SUPPORT is FALSE
[2023-03-09T13:47:21.488Z]     -- MAYA_HAS_CRASH_DETECTION is FALSE
[2023-03-09T13:47:21.488Z]     -- MAYA_CURRENT_UFE_CAMERA_SUPPORT is FALSE
[2023-03-09T13:47:21.488Z]     -- MAYA_MRENDERITEM_UFE_IDENTIFIER_SUPPORT is FALSE
[2023-03-09T13:47:21.488Z]     -- MAYA_UPDATE_UFE_IDENTIFIER_SUPPORT is FALSE
[2023-03-09T13:47:21.488Z]     -- MAYA_HAS_DISPLAY_STYLE_ALL_VIEWPORTS is FALSE
[2023-03-09T13:47:21.488Z]     -- MAYA_ARRAY_ITERATOR_DIFFERENCE_TYPE_SUPPORT is FALSE
[2023-03-09T13:47:21.488Z]     -- MAYA_HAS_GET_MEMBER_PATHS is FALSE
[2023-03-09T13:47:21.488Z]     -- USD_HAS_COLOR4_SDR_SUPPORT is FALSE
[2023-03-09T13:47:21.488Z]     -- MAYA_HAS_DISPLAY_LAYER_API is FALSE
[2023-03-09T13:47:21.488Z]     -- MAYA_HAS_NEW_DISPLAY_LAYER_MESSAGING_API is FALSE
[2023-03-09T13:47:21.488Z]     -- MAYA_HAS_RENDER_ITEM_HIDE_ON_PLAYBACK_API is FALSE
[2023-03-09T13:47:21.488Z]     -- promoting: S:/jenkins/workspace/ECP/ecg-maya-usd/ecg-mayausd-branch-preflight-2019-no-ufe-windows/ecg-maya-usd/maya-usd/lib/mayaUsd/base/mayaUsd.h.src
[2023-03-09T13:47:21.488Z]     -- promoting: S:/jenkins/workspace/ECP/ecg-maya-usd/ecg-mayausd-branch-preflight-2019-no-ufe-windows/ecg-maya-usd/maya-usd/lib/mayaUsd/base/api.h
[2023-03-09T13:47:21.488Z]     -- promoting: S:/jenkins/workspace/ECP/ecg-maya-usd/ecg-mayausd-branch-preflight-2019-no-ufe-windows/ecg-maya-usd/maya-usd/lib/mayaUsd/base/debugCodes.h
[2023-03-09T13:47:21.488Z]     -- promoting: S:/jenkins/workspace/ECP/ecg-maya-usd/ecg-mayausd-branch-preflight-2019-no-ufe-windows/ecg-maya-usd/maya-usd/lib/mayaUsd/base/id.h
[2023-03-09T13:47:21.488Z]     -- promoting: S:/jenkins/workspace/ECP/ecg-maya-usd/ecg-mayausd-branch-preflight-2019-no-ufe-windows/ecg-maya-usd/maya-usd/lib/mayaUsd/base/syncId.h
[2023-03-09T13:47:21.488Z]     -- promoting: S:/jenkins/workspace/ECP/ecg-maya-usd/ecg-mayausd-branch-preflight-2019-no-ufe-windows/ecg-maya-usd/maya-usd/lib/mayaUsd/base/tokens.h
[2023-03-09T13:47:21.488Z]     -- promoting: S:/jenkins/workspace/ECP/ecg-maya-usd/ecg-mayausd-branch-preflight-2019-no-ufe-windows/ecg-maya-usd/maya-usd/lib/mayaUsd/commands/abstractLayerEditorWindow.h
[2023-03-09T13:47:21.488Z]     -- promoting: S:/jenkins/workspace/ECP/ecg-maya-usd/ecg-mayausd-branch-preflight-2019-no-ufe-windows/ecg-maya-usd/maya-usd/lib/mayaUsd/commands/baseExportCommand.h
[2023-03-09T13:47:21.488Z]     -- promoting: S:/jenkins/workspace/ECP/ecg-maya-usd/ecg-mayausd-branch-preflight-2019-no-ufe-windows/ecg-maya-usd/maya-usd/lib/mayaUsd/commands/baseImportCommand.h
[2023-03-09T13:47:21.488Z]     -- promoting: S:/jenkins/workspace/ECP/ecg-maya-usd/ecg-mayausd-branch-preflight-2019-no-ufe-windows/ecg-maya-usd/maya-usd/lib/mayaUsd/commands/baseListJobContextsCommand.h
[2023-03-09T13:47:21.488Z]     -- promoting: S:/jenkins/workspace/ECP/ecg-maya-usd/ecg-mayausd-branch-preflight-2019-no-ufe-windows/ecg-maya-usd/maya-usd/lib/mayaUsd/commands/baseListShadingModesCommand.h
[2023-03-09T13:47:21.488Z]     -- promoting: S:/jenkins/workspace/ECP/ecg-maya-usd/ecg-mayausd-branch-preflight-2019-no-ufe-windows/ecg-maya-usd/maya-usd/lib/mayaUsd/commands/editTargetCommand.h
[2023-03-09T13:47:21.488Z]     -- promoting: S:/jenkins/workspace/ECP/ecg-maya-usd/ecg-mayausd-branch-preflight-2019-no-ufe-windows/ecg-maya-usd/maya-usd/lib/mayaUsd/commands/layerEditorCommand.h
[2023-03-09T13:47:21.488Z]     -- promoting: S:/jenkins/workspace/ECP/ecg-maya-usd/ecg-mayausd-branch-preflight-2019-no-ufe-windows/ecg-maya-usd/maya-usd/lib/mayaUsd/commands/layerEditorWindowCommand.h
[2023-03-09T13:47:21.488Z]     -- promoting: S:/jenkins/workspace/ECP/ecg-maya-usd/ecg-mayausd-branch-preflight-2019-no-ufe-windows/ecg-maya-usd/maya-usd/lib/mayaUsd/fileio/fallbackPrimReader.h
[2023-03-09T13:47:21.488Z]     -- promoting: S:/jenkins/workspace/ECP/ecg-maya-usd/ecg-mayausd-branch-preflight-2019-no-ufe-windows/ecg-maya-usd/maya-usd/lib/mayaUsd/fileio/functorPrimReader.h
[2023-03-09T13:47:21.488Z]     -- promoting: S:/jenkins/workspace/ECP/ecg-maya-usd/ecg-mayausd-branch-preflight-2019-no-ufe-windows/ecg-maya-usd/maya-usd/lib/mayaUsd/fileio/functorPrimWriter.h
[2023-03-09T13:47:21.488Z]     -- promoting: S:/jenkins/workspace/ECP/ecg-maya-usd/ecg-mayausd-branch-preflight-2019-no-ufe-windows/ecg-maya-usd/maya-usd/lib/mayaUsd/fileio/importData.h
[2023-03-09T13:47:21.488Z]     -- promoting: S:/jenkins/workspace/ECP/ecg-maya-usd/ecg-mayausd-branch-preflight-2019-no-ufe-windows/ecg-maya-usd/maya-usd/lib/mayaUsd/fileio/instancedNodeWriter.h
[2023-03-09T13:47:21.488Z]     -- promoting: S:/jenkins/workspace/ECP/ecg-maya-usd/ecg-mayausd-branch-preflight-2019-no-ufe-windows/ecg-maya-usd/maya-usd/lib/mayaUsd/fileio/jobContextRegistry.h
[2023-03-09T13:47:21.488Z]     -- promoting: S:/jenkins/workspace/ECP/ecg-maya-usd/ecg-mayausd-branch-preflight-2019-no-ufe-windows/ecg-maya-usd/maya-usd/lib/mayaUsd/fileio/primReader.h
[2023-03-09T13:47:21.488Z]     -- promoting: S:/jenkins/workspace/ECP/ecg-maya-usd/ecg-mayausd-branch-preflight-2019-no-ufe-windows/ecg-maya-usd/maya-usd/lib/mayaUsd/fileio/primReaderArgs.h
[2023-03-09T13:47:21.488Z]     -- promoting: S:/jenkins/workspace/ECP/ecg-maya-usd/ecg-mayausd-branch-preflight-2019-no-ufe-windows/ecg-maya-usd/maya-usd/lib/mayaUsd/fileio/primReaderContext.h
[2023-03-09T13:47:21.488Z]     -- promoting: S:/jenkins/workspace/ECP/ecg-maya-usd/ecg-mayausd-branch-preflight-2019-no-ufe-windows/ecg-maya-usd/maya-usd/lib/mayaUsd/fileio/primReaderRegistry.h
[2023-03-09T13:47:21.488Z]     -- promoting: S:/jenkins/workspace/ECP/ecg-maya-usd/ecg-mayausd-branch-preflight-2019-no-ufe-windows/ecg-maya-usd/maya-usd/lib/mayaUsd/fileio/primWriter.h
[2023-03-09T13:47:21.488Z]     -- promoting: S:/jenkins/workspace/ECP/ecg-maya-usd/ecg-mayausd-branch-preflight-2019-no-ufe-windows/ecg-maya-usd/maya-usd/lib/mayaUsd/fileio/primWriterArgs.h
[2023-03-09T13:47:21.488Z]     -- promoting: S:/jenkins/workspace/ECP/ecg-maya-usd/ecg-mayausd-branch-preflight-2019-no-ufe-windows/ecg-maya-usd/maya-usd/lib/mayaUsd/fileio/primWriterContext.h
[2023-03-09T13:47:21.488Z]     -- promoting: S:/jenkins/workspace/ECP/ecg-maya-usd/ecg-mayausd-branch-preflight-2019-no-ufe-windows/ecg-maya-usd/maya-usd/lib/mayaUsd/fileio/primWriterRegistry.h
[2023-03-09T13:47:21.488Z]     -- promoting: S:/jenkins/workspace/ECP/ecg-maya-usd/ecg-mayausd-branch-preflight-2019-no-ufe-windows/ecg-maya-usd/maya-usd/lib/mayaUsd/fileio/registryHelper.h
[2023-03-09T13:47:21.488Z]     -- promoting: S:/jenkins/workspace/ECP/ecg-maya-usd/ecg-mayausd-branch-preflight-2019-no-ufe-windows/ecg-maya-usd/maya-usd/lib/mayaUsd/fileio/schemaApiAdaptor.h
[2023-03-09T13:47:21.488Z]     -- promoting: S:/jenkins/workspace/ECP/ecg-maya-usd/ecg-mayausd-branch-preflight-2019-no-ufe-windows/ecg-maya-usd/maya-usd/lib/mayaUsd/fileio/schemaApiAdaptorRegistry.h
[2023-03-09T13:47:21.488Z]     -- promoting: S:/jenkins/workspace/ECP/ecg-maya-usd/ecg-mayausd-branch-preflight-2019-no-ufe-windows/ecg-maya-usd/maya-usd/lib/mayaUsd/fileio/shaderReader.h
[2023-03-09T13:47:21.488Z]     -- promoting: S:/jenkins/workspace/ECP/ecg-maya-usd/ecg-mayausd-branch-preflight-2019-no-ufe-windows/ecg-maya-usd/maya-usd/lib/mayaUsd/fileio/shaderReaderRegistry.h
[2023-03-09T13:47:21.603Z]     -- promoting: S:/jenkins/workspace/ECP/ecg-maya-usd/ecg-mayausd-branch-preflight-2019-no-ufe-windows/ecg-maya-usd/maya-usd/lib/mayaUsd/fileio/shaderWriter.h
[2023-03-09T13:47:21.603Z]     -- promoting: S:/jenkins/workspace/ECP/ecg-maya-usd/ecg-mayausd-branch-preflight-2019-no-ufe-windows/ecg-maya-usd/maya-usd/lib/mayaUsd/fileio/shaderWriterRegistry.h
[2023-03-09T13:47:21.603Z]     -- promoting: S:/jenkins/workspace/ECP/ecg-maya-usd/ecg-mayausd-branch-preflight-2019-no-ufe-windows/ecg-maya-usd/maya-usd/lib/mayaUsd/fileio/transformWriter.h
[2023-03-09T13:47:21.603Z]     -- promoting: S:/jenkins/workspace/ECP/ecg-maya-usd/ecg-mayausd-branch-preflight-2019-no-ufe-windows/ecg-maya-usd/maya-usd/lib/mayaUsd/fileio/writeJobContext.h
[2023-03-09T13:47:21.603Z]     -- promoting: S:/jenkins/workspace/ECP/ecg-maya-usd/ecg-mayausd-branch-preflight-2019-no-ufe-windows/ecg-maya-usd/maya-usd/lib/mayaUsd/fileio/chaser/exportChaser.h
[2023-03-09T13:47:21.603Z]     -- promoting: S:/jenkins/workspace/ECP/ecg-maya-usd/ecg-mayausd-branch-preflight-2019-no-ufe-windows/ecg-maya-usd/maya-usd/lib/mayaUsd/fileio/chaser/exportChaserRegistry.h
[2023-03-09T13:47:21.603Z]     -- promoting: S:/jenkins/workspace/ECP/ecg-maya-usd/ecg-mayausd-branch-preflight-2019-no-ufe-windows/ecg-maya-usd/maya-usd/lib/mayaUsd/fileio/chaser/importChaserRegistry.h
[2023-03-09T13:47:21.603Z]     -- promoting: S:/jenkins/workspace/ECP/ecg-maya-usd/ecg-mayausd-branch-preflight-2019-no-ufe-windows/ecg-maya-usd/maya-usd/lib/mayaUsd/fileio/chaser/importChaser.h
[2023-03-09T13:47:21.603Z]     -- promoting: S:/jenkins/workspace/ECP/ecg-maya-usd/ecg-mayausd-branch-preflight-2019-no-ufe-windows/ecg-maya-usd/maya-usd/lib/mayaUsd/fileio/jobs/jobArgs.h
[2023-03-09T13:47:21.603Z]     -- promoting: S:/jenkins/workspace/ECP/ecg-maya-usd/ecg-mayausd-branch-preflight-2019-no-ufe-windows/ecg-maya-usd/maya-usd/lib/mayaUsd/fileio/jobs/meshDataReadJob.h
[2023-03-09T13:47:21.603Z]     -- promoting: S:/jenkins/workspace/ECP/ecg-maya-usd/ecg-mayausd-branch-preflight-2019-no-ufe-windows/ecg-maya-usd/maya-usd/lib/mayaUsd/fileio/jobs/modelKindProcessor.h
[2023-03-09T13:47:21.603Z]     -- promoting: S:/jenkins/workspace/ECP/ecg-maya-usd/ecg-mayausd-branch-preflight-2019-no-ufe-windows/ecg-maya-usd/maya-usd/lib/mayaUsd/fileio/jobs/readJob.h
[2023-03-09T13:47:21.603Z]     -- promoting: S:/jenkins/workspace/ECP/ecg-maya-usd/ecg-mayausd-branch-preflight-2019-no-ufe-windows/ecg-maya-usd/maya-usd/lib/mayaUsd/fileio/jobs/writeJob.h
[2023-03-09T13:47:21.603Z]     -- promoting: S:/jenkins/workspace/ECP/ecg-maya-usd/ecg-mayausd-branch-preflight-2019-no-ufe-windows/ecg-maya-usd/maya-usd/lib/mayaUsd/fileio/shading/rfmShaderMap.h
[2023-03-09T13:47:21.603Z]     -- promoting: S:/jenkins/workspace/ECP/ecg-maya-usd/ecg-mayausd-branch-preflight-2019-no-ufe-windows/ecg-maya-usd/maya-usd/lib/mayaUsd/fileio/shading/shadingModeExporter.h
[2023-03-09T13:47:21.603Z]     -- promoting: S:/jenkins/workspace/ECP/ecg-maya-usd/ecg-mayausd-branch-preflight-2019-no-ufe-windows/ecg-maya-usd/maya-usd/lib/mayaUsd/fileio/shading/shadingModeExporterContext.h
[2023-03-09T13:47:21.603Z]     -- promoting: S:/jenkins/workspace/ECP/ecg-maya-usd/ecg-mayausd-branch-preflight-2019-no-ufe-windows/ecg-maya-usd/maya-usd/lib/mayaUsd/fileio/shading/shadingModeImporter.h
[2023-03-09T13:47:21.603Z]     -- promoting: S:/jenkins/workspace/ECP/ecg-maya-usd/ecg-mayausd-branch-preflight-2019-no-ufe-windows/ecg-maya-usd/maya-usd/lib/mayaUsd/fileio/shading/shadingModeRegistry.h
[2023-03-09T13:47:21.603Z]     -- promoting: S:/jenkins/workspace/ECP/ecg-maya-usd/ecg-mayausd-branch-preflight-2019-no-ufe-windows/ecg-maya-usd/maya-usd/lib/mayaUsd/fileio/shading/symmetricShaderReader.h
[2023-03-09T13:47:21.603Z]     -- promoting: S:/jenkins/workspace/ECP/ecg-maya-usd/ecg-mayausd-branch-preflight-2019-no-ufe-windows/ecg-maya-usd/maya-usd/lib/mayaUsd/fileio/shading/symmetricShaderWriter.h
[2023-03-09T13:47:21.603Z]     -- promoting: S:/jenkins/workspace/ECP/ecg-maya-usd/ecg-mayausd-branch-preflight-2019-no-ufe-windows/ecg-maya-usd/maya-usd/lib/mayaUsd/fileio/translators/skelBindingsProcessor.h
[2023-03-09T13:47:21.603Z]     -- promoting: S:/jenkins/workspace/ECP/ecg-maya-usd/ecg-mayausd-branch-preflight-2019-no-ufe-windows/ecg-maya-usd/maya-usd/lib/mayaUsd/fileio/translators/translatorCamera.h
[2023-03-09T13:47:21.603Z]     -- promoting: S:/jenkins/workspace/ECP/ecg-maya-usd/ecg-mayausd-branch-preflight-2019-no-ufe-windows/ecg-maya-usd/maya-usd/lib/mayaUsd/fileio/translators/translatorCurves.h
[2023-03-09T13:47:21.603Z]     -- promoting: S:/jenkins/workspace/ECP/ecg-maya-usd/ecg-mayausd-branch-preflight-2019-no-ufe-windows/ecg-maya-usd/maya-usd/lib/mayaUsd/fileio/translators/translatorGprim.h
[2023-03-09T13:47:21.603Z]     -- promoting: S:/jenkins/workspace/ECP/ecg-maya-usd/ecg-mayausd-branch-preflight-2019-no-ufe-windows/ecg-maya-usd/maya-usd/lib/mayaUsd/fileio/translators/translatorLight.h
[2023-03-09T13:47:21.603Z]     -- promoting: S:/jenkins/workspace/ECP/ecg-maya-usd/ecg-mayausd-branch-preflight-2019-no-ufe-windows/ecg-maya-usd/maya-usd/lib/mayaUsd/fileio/translators/translatorMaterial.h
[2023-03-09T13:47:21.603Z]     -- promoting: S:/jenkins/workspace/ECP/ecg-maya-usd/ecg-mayausd-branch-preflight-2019-no-ufe-windows/ecg-maya-usd/maya-usd/lib/mayaUsd/fileio/translators/translatorMayaReference.h
[2023-03-09T13:47:21.603Z]     -- promoting: S:/jenkins/workspace/ECP/ecg-maya-usd/ecg-mayausd-branch-preflight-2019-no-ufe-windows/ecg-maya-usd/maya-usd/lib/mayaUsd/fileio/translators/translatorMesh.h
[2023-03-09T13:47:21.603Z]     -- promoting: S:/jenkins/workspace/ECP/ecg-maya-usd/ecg-mayausd-branch-preflight-2019-no-ufe-windows/ecg-maya-usd/maya-usd/lib/mayaUsd/fileio/translators/translatorNurbsPatch.h
[2023-03-09T13:47:21.603Z]     -- promoting: S:/jenkins/workspace/ECP/ecg-maya-usd/ecg-mayausd-branch-preflight-2019-no-ufe-windows/ecg-maya-usd/maya-usd/lib/mayaUsd/fileio/translators/translatorPrim.h
[2023-03-09T13:47:21.603Z]     -- promoting: S:/jenkins/workspace/ECP/ecg-maya-usd/ecg-mayausd-branch-preflight-2019-no-ufe-windows/ecg-maya-usd/maya-usd/lib/mayaUsd/fileio/translators/translatorRfMLight.h
[2023-03-09T13:47:21.603Z]     -- promoting: S:/jenkins/workspace/ECP/ecg-maya-usd/ecg-mayausd-branch-preflight-2019-no-ufe-windows/ecg-maya-usd/maya-usd/lib/mayaUsd/fileio/translators/translatorSkel.h
[2023-03-09T13:47:21.603Z]     -- promoting: S:/jenkins/workspace/ECP/ecg-maya-usd/ecg-mayausd-branch-preflight-2019-no-ufe-windows/ecg-maya-usd/maya-usd/lib/mayaUsd/fileio/translators/translatorUtil.h
[2023-03-09T13:47:21.603Z]     -- promoting: S:/jenkins/workspace/ECP/ecg-maya-usd/ecg-mayausd-branch-preflight-2019-no-ufe-windows/ecg-maya-usd/maya-usd/lib/mayaUsd/fileio/translators/translatorXformable.h
[2023-03-09T13:47:21.603Z]     -- promoting: S:/jenkins/workspace/ECP/ecg-maya-usd/ecg-mayausd-branch-preflight-2019-no-ufe-windows/ecg-maya-usd/maya-usd/lib/mayaUsd/fileio/utils/adaptor.h
[2023-03-09T13:47:21.603Z]     -- promoting: S:/jenkins/workspace/ECP/ecg-maya-usd/ecg-mayausd-branch-preflight-2019-no-ufe-windows/ecg-maya-usd/maya-usd/lib/mayaUsd/fileio/utils/jointWriteUtils.h
[2023-03-09T13:47:21.603Z]     -- promoting: S:/jenkins/workspace/ECP/ecg-maya-usd/ecg-mayausd-branch-preflight-2019-no-ufe-windows/ecg-maya-usd/maya-usd/lib/mayaUsd/fileio/utils/meshReadUtils.h
[2023-03-09T13:47:21.603Z]     -- promoting: S:/jenkins/workspace/ECP/ecg-maya-usd/ecg-mayausd-branch-preflight-2019-no-ufe-windows/ecg-maya-usd/maya-usd/lib/mayaUsd/fileio/utils/meshWriteUtils.h
[2023-03-09T13:47:21.603Z]     -- promoting: S:/jenkins/workspace/ECP/ecg-maya-usd/ecg-mayausd-branch-preflight-2019-no-ufe-windows/ecg-maya-usd/maya-usd/lib/mayaUsd/fileio/utils/readUtil.h
[2023-03-09T13:47:21.603Z]     -- promoting: S:/jenkins/workspace/ECP/ecg-maya-usd/ecg-mayausd-branch-preflight-2019-no-ufe-windows/ecg-maya-usd/maya-usd/lib/mayaUsd/fileio/utils/roundTripUtil.h
[2023-03-09T13:47:21.603Z]     -- promoting: S:/jenkins/workspace/ECP/ecg-maya-usd/ecg-mayausd-branch-preflight-2019-no-ufe-windows/ecg-maya-usd/maya-usd/lib/mayaUsd/fileio/utils/shadingUtil.h
[2023-03-09T13:47:21.603Z]     -- promoting: S:/jenkins/workspace/ECP/ecg-maya-usd/ecg-mayausd-branch-preflight-2019-no-ufe-windows/ecg-maya-usd/maya-usd/lib/mayaUsd/fileio/utils/userTaggedAttribute.h
[2023-03-09T13:47:21.603Z]     -- promoting: S:/jenkins/workspace/ECP/ecg-maya-usd/ecg-mayausd-branch-preflight-2019-no-ufe-windows/ecg-maya-usd/maya-usd/lib/mayaUsd/fileio/utils/writeUtil.h
[2023-03-09T13:47:21.603Z]     -- promoting: S:/jenkins/workspace/ECP/ecg-maya-usd/ecg-mayausd-branch-preflight-2019-no-ufe-windows/ecg-maya-usd/maya-usd/lib/mayaUsd/fileio/utils/xformStack.h
[2023-03-09T13:47:21.603Z]     -- promoting: S:/jenkins/workspace/ECP/ecg-maya-usd/ecg-mayausd-branch-preflight-2019-no-ufe-windows/ecg-maya-usd/maya-usd/lib/mayaUsd/listeners/notice.h
[2023-03-09T13:47:21.603Z]     -- promoting: S:/jenkins/workspace/ECP/ecg-maya-usd/ecg-mayausd-branch-preflight-2019-no-ufe-windows/ecg-maya-usd/maya-usd/lib/mayaUsd/listeners/proxyShapeNotice.h
[2023-03-09T13:47:21.603Z]     -- promoting: S:/jenkins/workspace/ECP/ecg-maya-usd/ecg-mayausd-branch-preflight-2019-no-ufe-windows/ecg-maya-usd/maya-usd/lib/mayaUsd/listeners/stageNoticeListener.h
[2023-03-09T13:47:21.603Z]     -- promoting: S:/jenkins/workspace/ECP/ecg-maya-usd/ecg-mayausd-branch-preflight-2019-no-ufe-windows/ecg-maya-usd/maya-usd/lib/mayaUsd/nodes/hdImagingShape.h
[2023-03-09T13:47:21.603Z]     -- promoting: S:/jenkins/workspace/ECP/ecg-maya-usd/ecg-mayausd-branch-preflight-2019-no-ufe-windows/ecg-maya-usd/maya-usd/lib/mayaUsd/nodes/pointBasedDeformerNode.h
[2023-03-09T13:47:21.603Z]     -- promoting: S:/jenkins/workspace/ECP/ecg-maya-usd/ecg-mayausd-branch-preflight-2019-no-ufe-windows/ecg-maya-usd/maya-usd/lib/mayaUsd/nodes/proxyAccessor.h
[2023-03-09T13:47:21.603Z]     -- promoting: S:/jenkins/workspace/ECP/ecg-maya-usd/ecg-mayausd-branch-preflight-2019-no-ufe-windows/ecg-maya-usd/maya-usd/lib/mayaUsd/nodes/proxyShapeBase.h
[2023-03-09T13:47:21.603Z]     -- promoting: S:/jenkins/workspace/ECP/ecg-maya-usd/ecg-mayausd-branch-preflight-2019-no-ufe-windows/ecg-maya-usd/maya-usd/lib/mayaUsd/nodes/proxyShapePlugin.h
[2023-03-09T13:47:21.603Z]     -- promoting: S:/jenkins/workspace/ECP/ecg-maya-usd/ecg-mayausd-branch-preflight-2019-no-ufe-windows/ecg-maya-usd/maya-usd/lib/mayaUsd/nodes/proxyStageProvider.h
[2023-03-09T13:47:21.603Z]     -- promoting: S:/jenkins/workspace/ECP/ecg-maya-usd/ecg-mayausd-branch-preflight-2019-no-ufe-windows/ecg-maya-usd/maya-usd/lib/mayaUsd/nodes/proxyShapeStageExtraData.h
[2023-03-09T13:47:21.603Z]     -- promoting: S:/jenkins/workspace/ECP/ecg-maya-usd/ecg-mayausd-branch-preflight-2019-no-ufe-windows/ecg-maya-usd/maya-usd/lib/mayaUsd/nodes/stageData.h
[2023-03-09T13:47:21.603Z]     -- promoting: S:/jenkins/workspace/ECP/ecg-maya-usd/ecg-mayausd-branch-preflight-2019-no-ufe-windows/ecg-maya-usd/maya-usd/lib/mayaUsd/nodes/stageNode.h
[2023-03-09T13:47:21.603Z]     -- promoting: S:/jenkins/workspace/ECP/ecg-maya-usd/ecg-mayausd-branch-preflight-2019-no-ufe-windows/ecg-maya-usd/maya-usd/lib/mayaUsd/nodes/usdPrimProvider.h
[2023-03-09T13:47:21.603Z]     -- promoting: S:/jenkins/workspace/ECP/ecg-maya-usd/ecg-mayausd-branch-preflight-2019-no-ufe-windows/ecg-maya-usd/maya-usd/lib/mayaUsd/render/px_vp20/glslProgram.h
[2023-03-09T13:47:21.603Z]     -- promoting: S:/jenkins/workspace/ECP/ecg-maya-usd/ecg-mayausd-branch-preflight-2019-no-ufe-windows/ecg-maya-usd/maya-usd/lib/mayaUsd/render/px_vp20/utils.h
[2023-03-09T13:47:21.603Z]     -- promoting: S:/jenkins/workspace/ECP/ecg-maya-usd/ecg-mayausd-branch-preflight-2019-no-ufe-windows/ecg-maya-usd/maya-usd/lib/mayaUsd/render/px_vp20/utils_legacy.h
[2023-03-09T13:47:21.717Z]     -- promoting: S:/jenkins/workspace/ECP/ecg-maya-usd/ecg-mayausd-branch-preflight-2019-no-ufe-windows/ecg-maya-usd/maya-usd/lib/mayaUsd/render/pxrUsdMayaGL/batchRenderer.h
[2023-03-09T13:47:21.717Z]     -- promoting: S:/jenkins/workspace/ECP/ecg-maya-usd/ecg-mayausd-branch-preflight-2019-no-ufe-windows/ecg-maya-usd/maya-usd/lib/mayaUsd/render/pxrUsdMayaGL/debugCodes.h
[2023-03-09T13:47:21.717Z]     -- promoting: S:/jenkins/workspace/ECP/ecg-maya-usd/ecg-mayausd-branch-preflight-2019-no-ufe-windows/ecg-maya-usd/maya-usd/lib/mayaUsd/render/pxrUsdMayaGL/hdImagingShapeDrawOverride.h
[2023-03-09T13:47:21.717Z]     -- promoting: S:/jenkins/workspace/ECP/ecg-maya-usd/ecg-mayausd-branch-preflight-2019-no-ufe-windows/ecg-maya-usd/maya-usd/lib/mayaUsd/render/pxrUsdMayaGL/hdImagingShapeUI.h
[2023-03-09T13:47:21.717Z]     -- promoting: S:/jenkins/workspace/ECP/ecg-maya-usd/ecg-mayausd-branch-preflight-2019-no-ufe-windows/ecg-maya-usd/maya-usd/lib/mayaUsd/render/pxrUsdMayaGL/instancerImager.h
[2023-03-09T13:47:21.717Z]     -- promoting: S:/jenkins/workspace/ECP/ecg-maya-usd/ecg-mayausd-branch-preflight-2019-no-ufe-windows/ecg-maya-usd/maya-usd/lib/mayaUsd/render/pxrUsdMayaGL/instancerShapeAdapter.h
[2023-03-09T13:47:21.717Z]     -- promoting: S:/jenkins/workspace/ECP/ecg-maya-usd/ecg-mayausd-branch-preflight-2019-no-ufe-windows/ecg-maya-usd/maya-usd/lib/mayaUsd/render/pxrUsdMayaGL/proxyDrawOverride.h
[2023-03-09T13:47:21.718Z]     -- promoting: S:/jenkins/workspace/ECP/ecg-maya-usd/ecg-mayausd-branch-preflight-2019-no-ufe-windows/ecg-maya-usd/maya-usd/lib/mayaUsd/render/pxrUsdMayaGL/proxyShapeUI.h
[2023-03-09T13:47:21.718Z]     -- promoting: S:/jenkins/workspace/ECP/ecg-maya-usd/ecg-mayausd-branch-preflight-2019-no-ufe-windows/ecg-maya-usd/maya-usd/lib/mayaUsd/render/pxrUsdMayaGL/renderParams.h
[2023-03-09T13:47:21.718Z]     -- promoting: S:/jenkins/workspace/ECP/ecg-maya-usd/ecg-mayausd-branch-preflight-2019-no-ufe-windows/ecg-maya-usd/maya-usd/lib/mayaUsd/render/pxrUsdMayaGL/sceneDelegate.h
[2023-03-09T13:47:21.718Z]     -- promoting: S:/jenkins/workspace/ECP/ecg-maya-usd/ecg-mayausd-branch-preflight-2019-no-ufe-windows/ecg-maya-usd/maya-usd/lib/mayaUsd/render/pxrUsdMayaGL/shapeAdapter.h
[2023-03-09T13:47:21.718Z]     -- promoting: S:/jenkins/workspace/ECP/ecg-maya-usd/ecg-mayausd-branch-preflight-2019-no-ufe-windows/ecg-maya-usd/maya-usd/lib/mayaUsd/render/pxrUsdMayaGL/softSelectHelper.h
[2023-03-09T13:47:21.718Z]     -- promoting: S:/jenkins/workspace/ECP/ecg-maya-usd/ecg-mayausd-branch-preflight-2019-no-ufe-windows/ecg-maya-usd/maya-usd/lib/mayaUsd/render/pxrUsdMayaGL/usdProxyShapeAdapter.h
[2023-03-09T13:47:21.718Z]     -- promoting: S:/jenkins/workspace/ECP/ecg-maya-usd/ecg-mayausd-branch-preflight-2019-no-ufe-windows/ecg-maya-usd/maya-usd/lib/mayaUsd/render/pxrUsdMayaGL/userData.h
[2023-03-09T13:47:21.718Z]     -- promoting: S:/jenkins/workspace/ECP/ecg-maya-usd/ecg-mayausd-branch-preflight-2019-no-ufe-windows/ecg-maya-usd/maya-usd/lib/mayaUsd/render/vp2RenderDelegate/proxyRenderDelegate.h
[2023-03-09T13:47:21.718Z]     -- promoting: S:/jenkins/workspace/ECP/ecg-maya-usd/ecg-mayausd-branch-preflight-2019-no-ufe-windows/ecg-maya-usd/maya-usd/lib/mayaUsd/render/vp2ShaderFragments/shaderFragments.h
[2023-03-09T13:47:21.718Z]     -- promoting: S:/jenkins/workspace/ECP/ecg-maya-usd/ecg-mayausd-branch-preflight-2019-no-ufe-windows/ecg-maya-usd/maya-usd/lib/mayaUsd/undo/OpUndoItemList.h
[2023-03-09T13:47:21.718Z]     -- promoting: S:/jenkins/workspace/ECP/ecg-maya-usd/ecg-mayausd-branch-preflight-2019-no-ufe-windows/ecg-maya-usd/maya-usd/lib/mayaUsd/undo/OpUndoItemMuting.h
[2023-03-09T13:47:21.718Z]     -- promoting: S:/jenkins/workspace/ECP/ecg-maya-usd/ecg-mayausd-branch-preflight-2019-no-ufe-windows/ecg-maya-usd/maya-usd/lib/mayaUsd/undo/OpUndoItemRecorder.h
[2023-03-09T13:47:21.718Z]     -- promoting: S:/jenkins/workspace/ECP/ecg-maya-usd/ecg-mayausd-branch-preflight-2019-no-ufe-windows/ecg-maya-usd/maya-usd/lib/mayaUsd/undo/OpUndoItems.h
[2023-03-09T13:47:21.718Z]     -- promoting: S:/jenkins/workspace/ECP/ecg-maya-usd/ecg-mayausd-branch-preflight-2019-no-ufe-windows/ecg-maya-usd/maya-usd/lib/mayaUsd/undo/UsdUndoBlock.h
[2023-03-09T13:47:21.718Z]     -- promoting: S:/jenkins/workspace/ECP/ecg-maya-usd/ecg-mayausd-branch-preflight-2019-no-ufe-windows/ecg-maya-usd/maya-usd/lib/mayaUsd/undo/UsdUndoManager.h
[2023-03-09T13:47:21.718Z]     -- promoting: S:/jenkins/workspace/ECP/ecg-maya-usd/ecg-mayausd-branch-preflight-2019-no-ufe-windows/ecg-maya-usd/maya-usd/lib/mayaUsd/undo/UsdUndoStateDelegate.h
[2023-03-09T13:47:21.718Z]     -- promoting: S:/jenkins/workspace/ECP/ecg-maya-usd/ecg-mayausd-branch-preflight-2019-no-ufe-windows/ecg-maya-usd/maya-usd/lib/mayaUsd/undo/UsdUndoableItem.h
[2023-03-09T13:47:21.718Z]     -- promoting: S:/jenkins/workspace/ECP/ecg-maya-usd/ecg-mayausd-branch-preflight-2019-no-ufe-windows/ecg-maya-usd/maya-usd/lib/mayaUsd/utils/blockSceneModificationContext.h
[2023-03-09T13:47:21.718Z]     -- promoting: S:/jenkins/workspace/ECP/ecg-maya-usd/ecg-mayausd-branch-preflight-2019-no-ufe-windows/ecg-maya-usd/maya-usd/lib/mayaUsd/utils/colorSpace.h
[2023-03-09T13:47:21.718Z]     -- promoting: S:/jenkins/workspace/ECP/ecg-maya-usd/ecg-mayausd-branch-preflight-2019-no-ufe-windows/ecg-maya-usd/maya-usd/lib/mayaUsd/utils/customLayerData.h
[2023-03-09T13:47:21.718Z]     -- promoting: S:/jenkins/workspace/ECP/ecg-maya-usd/ecg-mayausd-branch-preflight-2019-no-ufe-windows/ecg-maya-usd/maya-usd/lib/mayaUsd/utils/converter.h
[2023-03-09T13:47:21.718Z]     -- promoting: S:/jenkins/workspace/ECP/ecg-maya-usd/ecg-mayausd-branch-preflight-2019-no-ufe-windows/ecg-maya-usd/maya-usd/lib/mayaUsd/utils/diagnosticDelegate.h
[2023-03-09T13:47:21.718Z]     -- promoting: S:/jenkins/workspace/ECP/ecg-maya-usd/ecg-mayausd-branch-preflight-2019-no-ufe-windows/ecg-maya-usd/maya-usd/lib/mayaUsd/utils/dynamicAttribute.h
[2023-03-09T13:47:21.718Z]     -- promoting: S:/jenkins/workspace/ECP/ecg-maya-usd/ecg-mayausd-branch-preflight-2019-no-ufe-windows/ecg-maya-usd/maya-usd/lib/mayaUsd/utils/editability.h
[2023-03-09T13:47:21.718Z]     -- promoting: S:/jenkins/workspace/ECP/ecg-maya-usd/ecg-mayausd-branch-preflight-2019-no-ufe-windows/ecg-maya-usd/maya-usd/lib/mayaUsd/utils/editRouter.h
[2023-03-09T13:47:21.718Z]     -- promoting: S:/jenkins/workspace/ECP/ecg-maya-usd/ecg-mayausd-branch-preflight-2019-no-ufe-windows/ecg-maya-usd/maya-usd/lib/mayaUsd/utils/hash.h
[2023-03-09T13:47:21.718Z]     -- promoting: S:/jenkins/workspace/ECP/ecg-maya-usd/ecg-mayausd-branch-preflight-2019-no-ufe-windows/ecg-maya-usd/maya-usd/lib/mayaUsd/utils/layerMuting.h
[2023-03-09T13:47:21.718Z]     -- promoting: S:/jenkins/workspace/ECP/ecg-maya-usd/ecg-mayausd-branch-preflight-2019-no-ufe-windows/ecg-maya-usd/maya-usd/lib/mayaUsd/utils/loadRules.h
[2023-03-09T13:47:21.718Z]     -- promoting: S:/jenkins/workspace/ECP/ecg-maya-usd/ecg-mayausd-branch-preflight-2019-no-ufe-windows/ecg-maya-usd/maya-usd/lib/mayaUsd/utils/query.h
[2023-03-09T13:47:21.718Z]     -- promoting: S:/jenkins/workspace/ECP/ecg-maya-usd/ecg-mayausd-branch-preflight-2019-no-ufe-windows/ecg-maya-usd/maya-usd/lib/mayaUsd/utils/plugRegistryHelper.h
[2023-03-09T13:47:21.718Z]     -- promoting: S:/jenkins/workspace/ECP/ecg-maya-usd/ecg-mayausd-branch-preflight-2019-no-ufe-windows/ecg-maya-usd/maya-usd/lib/mayaUsd/utils/progressBarScope.h
[2023-03-09T13:47:21.718Z]     -- promoting: S:/jenkins/workspace/ECP/ecg-maya-usd/ecg-mayausd-branch-preflight-2019-no-ufe-windows/ecg-maya-usd/maya-usd/lib/mayaUsd/utils/selectability.h
[2023-03-09T13:47:21.718Z]     -- promoting: S:/jenkins/workspace/ECP/ecg-maya-usd/ecg-mayausd-branch-preflight-2019-no-ufe-windows/ecg-maya-usd/maya-usd/lib/mayaUsd/utils/stageCache.h
[2023-03-09T13:47:21.718Z]     -- promoting: S:/jenkins/workspace/ECP/ecg-maya-usd/ecg-mayausd-branch-preflight-2019-no-ufe-windows/ecg-maya-usd/maya-usd/lib/mayaUsd/utils/targetLayer.h
[2023-03-09T13:47:21.718Z]     -- promoting: S:/jenkins/workspace/ECP/ecg-maya-usd/ecg-mayausd-branch-preflight-2019-no-ufe-windows/ecg-maya-usd/maya-usd/lib/mayaUsd/utils/traverseLayer.h
[2023-03-09T13:47:21.718Z]     -- promoting: S:/jenkins/workspace/ECP/ecg-maya-usd/ecg-mayausd-branch-preflight-2019-no-ufe-windows/ecg-maya-usd/maya-usd/lib/mayaUsd/utils/undoHelperCommand.h
[2023-03-09T13:47:21.718Z]     -- promoting: S:/jenkins/workspace/ECP/ecg-maya-usd/ecg-mayausd-branch-preflight-2019-no-ufe-windows/ecg-maya-usd/maya-usd/lib/mayaUsd/utils/util.h
[2023-03-09T13:47:21.718Z]     -- promoting: S:/jenkins/workspace/ECP/ecg-maya-usd/ecg-mayausd-branch-preflight-2019-no-ufe-windows/ecg-maya-usd/maya-usd/lib/mayaUsd/utils/utilDictionary.h
[2023-03-09T13:47:21.718Z]     -- promoting: S:/jenkins/workspace/ECP/ecg-maya-usd/ecg-mayausd-branch-preflight-2019-no-ufe-windows/ecg-maya-usd/maya-usd/lib/mayaUsd/utils/utilFileSystem.h
[2023-03-09T13:47:21.718Z]     -- promoting: S:/jenkins/workspace/ECP/ecg-maya-usd/ecg-mayausd-branch-preflight-2019-no-ufe-windows/ecg-maya-usd/maya-usd/lib/mayaUsd/utils/utilSerialization.h
[2023-03-09T13:47:21.718Z]     -- promoting: S:/jenkins/workspace/ECP/ecg-maya-usd/ecg-mayausd-branch-preflight-2019-no-ufe-windows/ecg-maya-usd/maya-usd/lib/mayaUsd/utils/variants.h
[2023-03-09T13:47:21.718Z]     -- promoting: S:/jenkins/workspace/ECP/ecg-maya-usd/ecg-mayausd-branch-preflight-2019-no-ufe-windows/ecg-maya-usd/maya-usd/lib/mayaUsd/render/mayaToHydra/utils.h
[2023-03-09T13:47:21.830Z]     -- promoting: S:/jenkins/workspace/ECP/ecg-maya-usd/ecg-mayausd-branch-preflight-2019-no-ufe-windows/ecg-maya-usd/maya-usd/lib/usd/hdMaya/api.h
[2023-03-09T13:47:21.830Z]     -- promoting: S:/jenkins/workspace/ECP/ecg-maya-usd/ecg-mayausd-branch-preflight-2019-no-ufe-windows/ecg-maya-usd/maya-usd/lib/usd/hdMaya/utils.h
[2023-03-09T13:47:21.830Z]     -- promoting: S:/jenkins/workspace/ECP/ecg-maya-usd/ecg-mayausd-branch-preflight-2019-no-ufe-windows/ecg-maya-usd/maya-usd/lib/usd/hdMaya/debugCodes.h
[2023-03-09T13:47:21.830Z]     -- promoting: S:/jenkins/workspace/ECP/ecg-maya-usd/ecg-mayausd-branch-preflight-2019-no-ufe-windows/ecg-maya-usd/maya-usd/lib/usd/hdMaya/adapters/adapter.h
[2023-03-09T13:47:21.830Z]     -- promoting: S:/jenkins/workspace/ECP/ecg-maya-usd/ecg-mayausd-branch-preflight-2019-no-ufe-windows/ecg-maya-usd/maya-usd/lib/usd/hdMaya/adapters/adapterDebugCodes.h
[2023-03-09T13:47:21.830Z]     -- promoting: S:/jenkins/workspace/ECP/ecg-maya-usd/ecg-mayausd-branch-preflight-2019-no-ufe-windows/ecg-maya-usd/maya-usd/lib/usd/hdMaya/adapters/adapterRegistry.h
[2023-03-09T13:47:21.830Z]     -- promoting: S:/jenkins/workspace/ECP/ecg-maya-usd/ecg-mayausd-branch-preflight-2019-no-ufe-windows/ecg-maya-usd/maya-usd/lib/usd/hdMaya/adapters/cameraAdapter.h
[2023-03-09T13:47:21.830Z]     -- promoting: S:/jenkins/workspace/ECP/ecg-maya-usd/ecg-mayausd-branch-preflight-2019-no-ufe-windows/ecg-maya-usd/maya-usd/lib/usd/hdMaya/adapters/constantShadowMatrix.h
[2023-03-09T13:47:21.830Z]     -- promoting: S:/jenkins/workspace/ECP/ecg-maya-usd/ecg-mayausd-branch-preflight-2019-no-ufe-windows/ecg-maya-usd/maya-usd/lib/usd/hdMaya/adapters/dagAdapter.h
[2023-03-09T13:47:21.830Z]     -- promoting: S:/jenkins/workspace/ECP/ecg-maya-usd/ecg-mayausd-branch-preflight-2019-no-ufe-windows/ecg-maya-usd/maya-usd/lib/usd/hdMaya/adapters/lightAdapter.h
[2023-03-09T13:47:21.830Z]     -- promoting: S:/jenkins/workspace/ECP/ecg-maya-usd/ecg-mayausd-branch-preflight-2019-no-ufe-windows/ecg-maya-usd/maya-usd/lib/usd/hdMaya/adapters/proxyAdapter.h
[2023-03-09T13:47:21.830Z]     -- promoting: S:/jenkins/workspace/ECP/ecg-maya-usd/ecg-mayausd-branch-preflight-2019-no-ufe-windows/ecg-maya-usd/maya-usd/lib/usd/hdMaya/adapters/materialAdapter.h
[2023-03-09T13:47:21.830Z]     -- promoting: S:/jenkins/workspace/ECP/ecg-maya-usd/ecg-mayausd-branch-preflight-2019-no-ufe-windows/ecg-maya-usd/maya-usd/lib/usd/hdMaya/adapters/materialNetworkConverter.h
[2023-03-09T13:47:21.830Z]     -- promoting: S:/jenkins/workspace/ECP/ecg-maya-usd/ecg-mayausd-branch-preflight-2019-no-ufe-windows/ecg-maya-usd/maya-usd/lib/usd/hdMaya/adapters/mayaAttrs.h
[2023-03-09T13:47:21.830Z]     -- promoting: S:/jenkins/workspace/ECP/ecg-maya-usd/ecg-mayausd-branch-preflight-2019-no-ufe-windows/ecg-maya-usd/maya-usd/lib/usd/hdMaya/adapters/shapeAdapter.h
[2023-03-09T13:47:21.830Z]     -- promoting: S:/jenkins/workspace/ECP/ecg-maya-usd/ecg-mayausd-branch-preflight-2019-no-ufe-windows/ecg-maya-usd/maya-usd/lib/usd/hdMaya/adapters/tokens.h
[2023-03-09T13:47:21.830Z]     -- promoting: S:/jenkins/workspace/ECP/ecg-maya-usd/ecg-mayausd-branch-preflight-2019-no-ufe-windows/ecg-maya-usd/maya-usd/lib/usd/hdMaya/delegates/delegate.h
[2023-03-09T13:47:21.830Z]     -- promoting: S:/jenkins/workspace/ECP/ecg-maya-usd/ecg-mayausd-branch-preflight-2019-no-ufe-windows/ecg-maya-usd/maya-usd/lib/usd/hdMaya/delegates/delegateCtx.h
[2023-03-09T13:47:21.830Z]     -- promoting: S:/jenkins/workspace/ECP/ecg-maya-usd/ecg-mayausd-branch-preflight-2019-no-ufe-windows/ecg-maya-usd/maya-usd/lib/usd/hdMaya/delegates/delegateDebugCodes.h
[2023-03-09T13:47:21.830Z]     -- promoting: S:/jenkins/workspace/ECP/ecg-maya-usd/ecg-mayausd-branch-preflight-2019-no-ufe-windows/ecg-maya-usd/maya-usd/lib/usd/hdMaya/delegates/delegateRegistry.h
[2023-03-09T13:47:21.830Z]     -- promoting: S:/jenkins/workspace/ECP/ecg-maya-usd/ecg-mayausd-branch-preflight-2019-no-ufe-windows/ecg-maya-usd/maya-usd/lib/usd/hdMaya/delegates/params.h
[2023-03-09T13:47:21.830Z]     -- promoting: S:/jenkins/workspace/ECP/ecg-maya-usd/ecg-mayausd-branch-preflight-2019-no-ufe-windows/ecg-maya-usd/maya-usd/lib/usd/hdMaya/delegates/proxyDelegate.h
[2023-03-09T13:47:21.830Z]     -- promoting: S:/jenkins/workspace/ECP/ecg-maya-usd/ecg-mayausd-branch-preflight-2019-no-ufe-windows/ecg-maya-usd/maya-usd/lib/usd/hdMaya/delegates/proxyUsdImagingDelegate.h
[2023-03-09T13:47:21.830Z]     -- promoting: S:/jenkins/workspace/ECP/ecg-maya-usd/ecg-mayausd-branch-preflight-2019-no-ufe-windows/ecg-maya-usd/maya-usd/lib/usd/hdMaya/delegates/sceneDelegate.h
[2023-03-09T13:47:21.830Z]     -- promoting: S:/jenkins/workspace/ECP/ecg-maya-usd/ecg-mayausd-branch-preflight-2019-no-ufe-windows/ecg-maya-usd/maya-usd/lib/usd/hdMaya/delegates/testDelegate.h
[2023-03-09T13:47:21.830Z]     -- promoting: S:/jenkins/workspace/ECP/ecg-maya-usd/ecg-mayausd-branch-preflight-2019-no-ufe-windows/ecg-maya-usd/maya-usd/lib/usd/pxrUsdPreviewSurface/usdPreviewSurface.h
[2023-03-09T13:47:21.830Z]     -- promoting: S:/jenkins/workspace/ECP/ecg-maya-usd/ecg-mayausd-branch-preflight-2019-no-ufe-windows/ecg-maya-usd/maya-usd/lib/usd/pxrUsdPreviewSurface/usdPreviewSurfacePlugin.h
[2023-03-09T13:47:21.830Z]     -- promoting: S:/jenkins/workspace/ECP/ecg-maya-usd/ecg-mayausd-branch-preflight-2019-no-ufe-windows/ecg-maya-usd/maya-usd/lib/usd/schemas/api.h
[2023-03-09T13:47:21.830Z]     -- promoting: S:/jenkins/workspace/ECP/ecg-maya-usd/ecg-mayausd-branch-preflight-2019-no-ufe-windows/ecg-maya-usd/maya-usd/lib/usd/schemas/ALMayaReference.h
[2023-03-09T13:47:21.830Z]     -- promoting: S:/jenkins/workspace/ECP/ecg-maya-usd/ecg-mayausd-branch-preflight-2019-no-ufe-windows/ecg-maya-usd/maya-usd/lib/usd/schemas/MayaReference.h
[2023-03-09T13:47:21.830Z]     -- promoting: S:/jenkins/workspace/ECP/ecg-maya-usd/ecg-mayausd-branch-preflight-2019-no-ufe-windows/ecg-maya-usd/maya-usd/lib/usd/schemas/tokens.h
[2023-03-09T13:47:24.984Z]     Processing schema classes:
[2023-03-09T13:47:24.984Z]     MayaReference, ALMayaReference
[2023-03-09T13:47:24.984Z]     Loading Templates from p:\shared\Artifactory\Windows\USD\cfb3d8a\lib\usd\usd\resources\codegenTemplates
[2023-03-09T13:47:24.984Z]     Writing API:
[2023-03-09T13:47:24.984Z]     	    wrote W:\build\RelWithDebInfo\lib\usd\schemas\api.h
[2023-03-09T13:47:24.984Z]     Writing Schema Tokens:
[2023-03-09T13:47:24.984Z]     	    wrote W:\build\RelWithDebInfo\lib\usd\schemas\tokens.h
[2023-03-09T13:47:24.984Z]     	    wrote W:\build\RelWithDebInfo\lib\usd\schemas\tokens.cpp
[2023-03-09T13:47:24.984Z]     	    wrote W:\build\RelWithDebInfo\lib\usd\schemas\wrapTokens.cpp
[2023-03-09T13:47:24.984Z]     Generating Classes:
[2023-03-09T13:47:24.984Z]     	    wrote W:\build\RelWithDebInfo\lib\usd\schemas\MayaReference.h
[2023-03-09T13:47:24.984Z]     	    wrote W:\build\RelWithDebInfo\lib\usd\schemas\MayaReference.cpp
[2023-03-09T13:47:24.984Z]     	    wrote W:\build\RelWithDebInfo\lib\usd\schemas\wrapMayaReference.cpp
[2023-03-09T13:47:24.984Z]     	    wrote W:\build\RelWithDebInfo\lib\usd\schemas\ALMayaReference.h
[2023-03-09T13:47:24.984Z]     	    wrote W:\build\RelWithDebInfo\lib\usd\schemas\ALMayaReference.cpp
[2023-03-09T13:47:24.984Z]     	    wrote W:\build\RelWithDebInfo\lib\usd\schemas\wrapALMayaReference.cpp
[2023-03-09T13:47:24.984Z]     Loading Templates from p:\shared\Artifactory\Windows\USD\cfb3d8a\lib\usd\usd\resources\codegenTemplates
[2023-03-09T13:47:24.984Z]     	    wrote W:\build\RelWithDebInfo\lib\usd\schemas\plugInfo.json
[2023-03-09T13:47:24.984Z]     Generating Schematics:
[2023-03-09T13:47:24.984Z]     	    wrote W:\build\RelWithDebInfo\lib\usd\schemas\generatedSchema.usda
[2023-03-09T13:47:25.098Z]     -- promoting: S:/jenkins/workspace/ECP/ecg-maya-usd/ecg-mayausd-branch-preflight-2019-no-ufe-windows/ecg-maya-usd/maya-usd/lib/usd/utils/ALHalf.h
[2023-03-09T13:47:25.098Z]     -- promoting: S:/jenkins/workspace/ECP/ecg-maya-usd/ecg-mayausd-branch-preflight-2019-no-ufe-windows/ecg-maya-usd/maya-usd/lib/usd/utils/Api.h
[2023-03-09T13:47:25.098Z]     -- promoting: S:/jenkins/workspace/ECP/ecg-maya-usd/ecg-mayausd-branch-preflight-2019-no-ufe-windows/ecg-maya-usd/maya-usd/lib/usd/utils/DebugCodes.h
[2023-03-09T13:47:25.098Z]     -- promoting: S:/jenkins/workspace/ECP/ecg-maya-usd/ecg-mayausd-branch-preflight-2019-no-ufe-windows/ecg-maya-usd/maya-usd/lib/usd/utils/DiffCore.h
[2023-03-09T13:47:25.098Z]     -- promoting: S:/jenkins/workspace/ECP/ecg-maya-usd/ecg-mayausd-branch-preflight-2019-no-ufe-windows/ecg-maya-usd/maya-usd/lib/usd/utils/DiffPrims.h
[2023-03-09T13:47:25.098Z]     -- promoting: S:/jenkins/workspace/ECP/ecg-maya-usd/ecg-mayausd-branch-preflight-2019-no-ufe-windows/ecg-maya-usd/maya-usd/lib/usd/utils/MergePrims.h
[2023-03-09T13:47:25.098Z]     -- promoting: S:/jenkins/workspace/ECP/ecg-maya-usd/ecg-mayausd-branch-preflight-2019-no-ufe-windows/ecg-maya-usd/maya-usd/lib/usd/utils/MergePrimsOptions.h
[2023-03-09T13:47:25.098Z]     -- promoting: S:/jenkins/workspace/ECP/ecg-maya-usd/ecg-mayausd-branch-preflight-2019-no-ufe-windows/ecg-maya-usd/maya-usd/lib/usd/utils/ForwardDeclares.h
[2023-03-09T13:47:25.098Z]     -- promoting: S:/jenkins/workspace/ECP/ecg-maya-usd/ecg-mayausd-branch-preflight-2019-no-ufe-windows/ecg-maya-usd/maya-usd/lib/usd/utils/SIMD.h
[2023-03-09T13:47:25.098Z]     -- promoting: S:/jenkins/workspace/ECP/ecg-maya-usd/ecg-mayausd-branch-preflight-2019-no-ufe-windows/ecg-maya-usd/maya-usd/lib/usd/utils/util.h
[2023-03-09T13:47:25.099Z]     -- promoting: S:/jenkins/workspace/ECP/ecg-maya-usd/ecg-mayausd-branch-preflight-2019-no-ufe-windows/ecg-maya-usd/maya-usd/lib/usd/ui/importDialog/IMayaMQtUtil.h
[2023-03-09T13:47:25.099Z]     -- promoting: S:/jenkins/workspace/ECP/ecg-maya-usd/ecg-mayausd-branch-preflight-2019-no-ufe-windows/ecg-maya-usd/maya-usd/lib/usd/ui/importDialog/ItemDelegate.h
[2023-03-09T13:47:25.099Z]     -- promoting: S:/jenkins/workspace/ECP/ecg-maya-usd/ecg-mayausd-branch-preflight-2019-no-ufe-windows/ecg-maya-usd/maya-usd/lib/usd/ui/importDialog/IUSDImportView.h
[2023-03-09T13:47:25.099Z]     -- promoting: S:/jenkins/workspace/ECP/ecg-maya-usd/ecg-mayausd-branch-preflight-2019-no-ufe-windows/ecg-maya-usd/maya-usd/lib/usd/ui/importDialog/TreeItem.h
[2023-03-09T13:47:25.099Z]     -- promoting: S:/jenkins/workspace/ECP/ecg-maya-usd/ecg-mayausd-branch-preflight-2019-no-ufe-windows/ecg-maya-usd/maya-usd/lib/usd/ui/importDialog/TreeModel.h
[2023-03-09T13:47:25.099Z]     -- promoting: S:/jenkins/workspace/ECP/ecg-maya-usd/ecg-mayausd-branch-preflight-2019-no-ufe-windows/ecg-maya-usd/maya-usd/lib/usd/ui/importDialog/TreeModelFactory.h
[2023-03-09T13:47:25.099Z]     -- promoting: S:/jenkins/workspace/ECP/ecg-maya-usd/ecg-mayausd-branch-preflight-2019-no-ufe-windows/ecg-maya-usd/maya-usd/lib/usd/ui/importDialog/USDImportDialog.h
[2023-03-09T13:47:25.099Z]     -- promoting: S:/jenkins/workspace/ECP/ecg-maya-usd/ecg-mayausd-branch-preflight-2019-no-ufe-windows/ecg-maya-usd/maya-usd/lib/usd/ui/importDialog/USDImportDialogCmd.h
[2023-03-09T13:47:25.099Z]     -- promoting: S:/jenkins/workspace/ECP/ecg-maya-usd/ecg-mayausd-branch-preflight-2019-no-ufe-windows/ecg-maya-usd/maya-usd/lib/usd/ui/importDialog/USDQtUtil.h
[2023-03-09T13:47:25.099Z]     -- promoting: S:/jenkins/workspace/ECP/ecg-maya-usd/ecg-mayausd-branch-preflight-2019-no-ufe-windows/ecg-maya-usd/maya-usd/lib/usd/ui/api.h
[2023-03-09T13:47:25.099Z]     -- promoting: S:/jenkins/workspace/ECP/ecg-maya-usd/ecg-mayausd-branch-preflight-2019-no-ufe-windows/ecg-maya-usd/maya-usd/lib/usd/ui/initStringResources.h
[2023-03-09T13:47:25.099Z]     ========== Pixar USD Plugin ==========
[2023-03-09T13:47:25.212Z]     Compiling W:/build/RelWithDebInfo/plugin/pxr/__init__.py ...
[2023-03-09T13:47:25.328Z]     ========== AL USD Plugin ==========
[2023-03-09T13:47:25.328Z]     CMake Deprecation Warning at plugin/al/CMakeLists.txt:7 (cmake_policy):
[2023-03-09T13:47:25.328Z]       The OLD behavior for policy CMP0026 will be removed from a future version
[2023-03-09T13:47:25.328Z]       of CMake.
[2023-03-09T13:47:25.328Z]     
[2023-03-09T13:47:25.328Z]       The cmake-policies(7) manual explains that the OLD behaviors of all
[2023-03-09T13:47:25.328Z]       policies are deprecated and that a policy should be set to OLD only under
[2023-03-09T13:47:25.328Z]       specific short-term circumstances.  Projects should be ported to the NEW
[2023-03-09T13:47:25.328Z]       behavior and not rely on setting a policy to OLD.
[2023-03-09T13:47:25.328Z]     
[2023-03-09T13:47:25.328Z]     
[2023-03-09T13:47:25.439Z]     -- Found Boost 1.70.0 at P:/shared/Artifactory/Windows/USD/cfb3d8a/lib/cmake/Boost-1.70.0
[2023-03-09T13:47:25.439Z]     --   Requested configuration: QUIET REQUIRED
[2023-03-09T13:47:25.439Z]     -- Found boost_headers 1.70.0 at P:/shared/Artifactory/Windows/USD/cfb3d8a/lib/cmake/boost_headers-1.70.0
[2023-03-09T13:47:25.439Z]     -- Found Boost: P:/shared/Artifactory/Windows/USD/cfb3d8a/lib/cmake/Boost-1.70.0/BoostConfig.cmake (found version "1.70.0")
[2023-03-09T13:47:25.439Z]     -- Found Boost 1.70.0 at P:/shared/Artifactory/Windows/USD/cfb3d8a/lib/cmake/Boost-1.70.0
[2023-03-09T13:47:25.439Z]     --   Requested configuration: QUIET REQUIRED COMPONENTS python
[2023-03-09T13:47:25.439Z]     -- Found boost_python 1.70.0 at P:/shared/Artifactory/Windows/USD/cfb3d8a/lib/cmake/boost_python-1.70.0
[2023-03-09T13:47:25.439Z]     --   boost_python27-vc141-mt-x64-1_70.lib
[2023-03-09T13:47:25.439Z]     -- Adding boost_python dependencies: headers
[2023-03-09T13:47:25.439Z]     -- Found Boost: P:/shared/Artifactory/Windows/USD/cfb3d8a/lib/cmake/Boost-1.70.0/BoostConfig.cmake (found version "1.70.0") found components: python
[2023-03-09T13:47:26.060Z]     -- Found GTest: W:/build/RelWithDebInfo/googletest-install/lib/gtest.lib
[2023-03-09T13:47:27.997Z]     -- Building AL_USDMayaSchemas
[2023-03-09T13:47:28.720Z]     Processing schema classes:
[2023-03-09T13:47:28.720Z]     ALModelAPI, ALFrameRange
[2023-03-09T13:47:28.720Z]     Loading Templates from p:\shared\Artifactory\Windows\USD\cfb3d8a\lib\usd\usd\resources\codegenTemplates
[2023-03-09T13:47:28.720Z]     Writing API:
[2023-03-09T13:47:28.720Z]     	    wrote W:\build\RelWithDebInfo\plugin\al\schemas\AL\usd\schemas\maya\api.h
[2023-03-09T13:47:28.720Z]     Writing Schema Tokens:
[2023-03-09T13:47:28.720Z]     	    wrote W:\build\RelWithDebInfo\plugin\al\schemas\AL\usd\schemas\maya\tokens.h
[2023-03-09T13:47:28.720Z]     	    wrote W:\build\RelWithDebInfo\plugin\al\schemas\AL\usd\schemas\maya\tokens.cpp
[2023-03-09T13:47:28.720Z]     	    wrote W:\build\RelWithDebInfo\plugin\al\schemas\AL\usd\schemas\maya\wrapTokens.cpp
[2023-03-09T13:47:28.720Z]     Generating Classes:
[2023-03-09T13:47:28.720Z]     	    wrote W:\build\RelWithDebInfo\plugin\al\schemas\AL\usd\schemas\maya\ModelAPI.h
[2023-03-09T13:47:28.720Z]     	    wrote W:\build\RelWithDebInfo\plugin\al\schemas\AL\usd\schemas\maya\ModelAPI.cpp
[2023-03-09T13:47:28.720Z]     	    wrote W:\build\RelWithDebInfo\plugin\al\schemas\AL\usd\schemas\maya\wrapModelAPI.cpp
[2023-03-09T13:47:28.720Z]     	    wrote W:\build\RelWithDebInfo\plugin\al\schemas\AL\usd\schemas\maya\FrameRange.h
[2023-03-09T13:47:28.720Z]     	    wrote W:\build\RelWithDebInfo\plugin\al\schemas\AL\usd\schemas\maya\FrameRange.cpp
[2023-03-09T13:47:28.720Z]     	    wrote W:\build\RelWithDebInfo\plugin\al\schemas\AL\usd\schemas\maya\wrapFrameRange.cpp
[2023-03-09T13:47:28.720Z]     Loading Templates from p:\shared\Artifactory\Windows\USD\cfb3d8a\lib\usd\usd\resources\codegenTemplates
[2023-03-09T13:47:28.720Z]     	    wrote W:\build\RelWithDebInfo\plugin\al\schemas\AL\usd\schemas\maya\plugInfo.json
[2023-03-09T13:47:28.720Z]     Generating Schematics:
[2023-03-09T13:47:28.720Z]     	    wrote W:\build\RelWithDebInfo\plugin\al\schemas\AL\usd\schemas\maya\generatedSchema.usda
[2023-03-09T13:47:29.947Z]     Processing schema classes:
[2023-03-09T13:47:29.947Z]     ALExamplePolyCubeNode
[2023-03-09T13:47:29.947Z]     Loading Templates from p:\shared\Artifactory\Windows\USD\cfb3d8a\lib\usd\usd\resources\codegenTemplates
[2023-03-09T13:47:29.947Z]     Writing API:
[2023-03-09T13:47:29.947Z]     	    wrote W:\build\RelWithDebInfo\plugin\al\schemas\AL\usd\schemas\mayatest\api.h
[2023-03-09T13:47:29.947Z]     Writing Schema Tokens:
[2023-03-09T13:47:29.947Z]     	    wrote W:\build\RelWithDebInfo\plugin\al\schemas\AL\usd\schemas\mayatest\tokens.h
[2023-03-09T13:47:29.947Z]     	    wrote W:\build\RelWithDebInfo\plugin\al\schemas\AL\usd\schemas\mayatest\tokens.cpp
[2023-03-09T13:47:29.947Z]     	    wrote W:\build\RelWithDebInfo\plugin\al\schemas\AL\usd\schemas\mayatest\wrapTokens.cpp
[2023-03-09T13:47:29.947Z]     Generating Classes:
[2023-03-09T13:47:29.947Z]     	    wrote W:\build\RelWithDebInfo\plugin\al\schemas\AL\usd\schemas\mayatest\ExamplePolyCubeNode.h
[2023-03-09T13:47:29.947Z]     	    wrote W:\build\RelWithDebInfo\plugin\al\schemas\AL\usd\schemas\mayatest\ExamplePolyCubeNode.cpp
[2023-03-09T13:47:29.947Z]     	    wrote W:\build\RelWithDebInfo\plugin\al\schemas\AL\usd\schemas\mayatest\wrapExamplePolyCubeNode.cpp
[2023-03-09T13:47:29.947Z]     Loading Templates from p:\shared\Artifactory\Windows\USD\cfb3d8a\lib\usd\usd\resources\codegenTemplates
[2023-03-09T13:47:29.947Z]     	    wrote W:\build\RelWithDebInfo\plugin\al\schemas\AL\usd\schemas\mayatest\plugInfo.json
[2023-03-09T13:47:29.947Z]     Generating Schematics:
[2023-03-09T13:47:29.947Z]     	    wrote W:\build\RelWithDebInfo\plugin\al\schemas\AL\usd\schemas\mayatest\generatedSchema.usda
[2023-03-09T13:47:29.947Z]     -- Building AL_USDMayaTranslators
[2023-03-09T13:47:30.061Z]     ========== ADSK USD Plugin ==========
[2023-03-09T13:47:30.061Z]     -- Configuring done
[2023-03-09T13:47:31.695Z]     -- Generating done
[2023-03-09T13:47:31.695Z]     CMake Warning:
[2023-03-09T13:47:31.695Z]       Manually-specified variables were not used by the project:
[2023-03-09T13:47:31.695Z]     
[2023-03-09T13:47:31.695Z]         MAYA_DEVKIT_LOCATION
[2023-03-09T13:47:31.695Z]     
[2023-03-09T13:47:31.695Z]     
[2023-03-09T13:47:31.695Z]     -- Build files have been written to: W:/build/RelWithDebInfo
[2023-03-09T13:47:31.802Z]     
[2023-03-09T13:47:31.802Z]         Building with settings:
[2023-03-09T13:47:31.802Z]           Source directory          S:\jenkins\workspace\ECP\ecg-maya-usd\ecg-mayausd-branch-preflight-2019-no-ufe-windows\ecg-maya-usd\maya-usd
[2023-03-09T13:47:31.802Z]           Workspace directory       W:\
[2023-03-09T13:47:31.802Z]           Build directory           W:\build\RelWithDebInfo
[2023-03-09T13:47:31.802Z]           Install directory         W:\install\RelWithDebInfo\MayaUSD
[2023-03-09T13:47:31.802Z]           Variant                   RelWithDebInfo
[2023-03-09T13:47:31.802Z]           Python Debug              Off
[2023-03-09T13:47:31.802Z]           CMake generator           Ninja
[2023-03-09T13:47:31.802Z]           Build arguments           ['-DCMAKE_MAKE_PROGRAM=P:/shared/Artifactory/Windows/ninja/1.9.0/c68f192/ninja.exe', '-DPYTHON_INCLUDE_DIR=P:/shared/Artifactory/Windows/rundev-2019/202003131251/runtime/155eb96/runTime/include/Python2.7', '-DPython_EXECUTABLE=P:/shared/Artifactory/Windows/rundev-2019/202003131251/runtime/155eb96/runTime/bin/mayapy.exe', '-DPYTHON_LIBRARIES=P:/shared/Artifactory/Windows/rundev-2019/202003131251/runtime/155eb96/runTime/lib/python27.lib', '-DCMAKE_WANT_UFE_BUILD=OFF', '-DUSD_LIB_PREFIX=', '-DCMAKE_WANT_MATERIALX_BUILD=ON', '-DCMAKE_PREFIX_PATH=P:\\shared\\Artifactory\\Windows\\USD\\cfb3d8a']
[2023-03-09T13:47:31.802Z]           Stages arguments          ['configure']
[2023-03-09T13:47:31.802Z]           CTest arguments           ['-E testUsdReferenceAssemblySelection|testUsdMayaAppDir', '-LE interactive', '--parallel 16']
[2023-03-09T13:47:31.802Z]     Success MayaUSD build and install !!!!
[2023-03-09T13:47:31.802Z]     Elapsed time: 00:00:30
[Pipeline] bat
[2023-03-09T13:47:32.190Z] Deleting alias drive W:
[Pipeline] bat
[2023-03-09T13:47:32.565Z] Deleting alias drive P:
[Pipeline] }
[Pipeline] // withEnv
[Pipeline] }
[Pipeline] // timeout
[Pipeline] }
[Pipeline] // stage
[Pipeline] }
[Pipeline] // timestamps
[Pipeline] timestamps
[Pipeline] {
[Pipeline] stage
[Pipeline] { (Build)
[Pipeline] timeout
[2023-03-09T13:47:32.837Z] Timeout set to expire in 6 hr 0 min
[Pipeline] {
[Pipeline] withEnv
[Pipeline] {
[Pipeline] bat
[2023-03-09T13:47:33.132Z] Creating alias drive P: to S:\jenkins\workspace
[Pipeline] bat
[2023-03-09T13:47:33.512Z] Creating alias drive W: to S:\jenkins\workspace\ECP\ecg-maya-usd\ecg-mayausd-branch-preflight-2019-no-ufe-windows
[Pipeline] bat
[2023-03-09T13:47:34.045Z] "C:\Program Files (x86)\Microsoft Visual Studio\2017\Professional\VC\Auxiliary\Build\vcvarsall.bat" x64
[2023-03-09T13:47:34.249Z] **********************************************************************
[2023-03-09T13:47:34.249Z] ** Visual Studio 2017 Developer Command Prompt v15.9.15
[2023-03-09T13:47:34.249Z] ** Copyright (c) 2017 Microsoft Corporation
[2023-03-09T13:47:34.249Z] **********************************************************************
[2023-03-09T13:47:35.166Z] [vcvarsall.bat] Environment initialized for: 'x64'
[2023-03-09T13:47:35.166Z] python ecg-maya-usd/build.py --stages=build --workspace-dir=W:\ --artifactory-dir=P:\shared\Artifactory --build-dir=W:\build --install-dir=W:\install --signing-dir=W:\signing --package-dir=W:\package --output-dir=W:\output --stash-dir=W:\stash --jenkins-build=735 --git-commit=2eb12d25c3975e39391af96fc68ac6f1986a16dd --git-branch=master --variants=RelWithDebInfo --python=2.7 --ufe=false --pxrusd-version=0.21.05-gold --post-zips=false --build-retry=3 --maya-cut-config=maya-rundev-2019.yaml --maya-package=rundev-2019 --stage-banner
[2023-03-09T13:47:36.086Z] Using Maya cut from P:\shared\Artifactory\Windows\rundev-2019\202003131251\runtime\155eb96
[2023-03-09T13:47:36.086Z] 
[2023-03-09T13:47:36.086Z] ================================================================================
[2023-03-09T13:47:36.086Z]                              build (RelWithDebInfo)
[2023-03-09T13:47:36.086Z] ================================================================================
[2023-03-09T13:47:36.194Z] Maya Python RelWithDebInfo Info:
[2023-03-09T13:47:36.194Z]   mayapy executable   = P:\shared\Artifactory\Windows\rundev-2019\202003131251\runtime\155eb96\runTime\bin\mayapy.exe
[2023-03-09T13:47:36.194Z]   Include Folder      = P:\shared\Artifactory\Windows\rundev-2019\202003131251\runtime\155eb96\runTime\include\Python2.7
[2023-03-09T13:47:36.194Z]   Library             = P:\shared\Artifactory\Windows\rundev-2019\202003131251\runtime\155eb96\runTime\lib\python27.lib
[2023-03-09T13:47:36.194Z]   site-package Folder = P:\shared\Artifactory\Windows\rundev-2019\202003131251\runtime\155eb96\runTime\Python\Lib\site-packages
[2023-03-09T13:47:36.811Z] In workdir: S:\jenkins\workspace\ECP\ecg-maya-usd\ecg-mayausd-branch-preflight-2019-no-ufe-windows\ecg-maya-usd\maya-usd
[2023-03-09T13:47:36.811Z] Executing: 'P:\\shared\\Artifactory\\Windows\\rundev-2019\\202003131251\\runtime\\155eb96\\runTime\\bin\\mayapy.exe' 'S:\\jenkins\\workspace\\ECP\\ecg-maya-usd\\ecg-mayausd-branch-preflight-2019-no-ufe-windows\\ecg-maya-usd\\maya-usd\\build.py' --generator Ninja --build-relwithdebug --maya-location 'P:\\shared\\Artifactory\\Windows\\rundev-2019\\202003131251\\runtime\\155eb96\\runTime' --devkit-location 'P:\\shared\\Artifactory\\Windows\\rundev-2019\\202003131251\\runtime\\155eb96\\devkitBase' --pxrusd-location 'P:\\shared\\Artifactory\\Windows\\USD\\cfb3d8a' --qt-location 'P:\\shared\\Artifactory\\Windows\\qt\\5.6.1\\1acd0ba' '--build-args=-DCMAKE_MAKE_PROGRAM=P:/shared/Artifactory/Windows/ninja/1.9.0/c68f192/ninja.exe,-DPYTHON_INCLUDE_DIR=P:/shared/Artifactory/Windows/rundev-2019/202003131251/runtime/155eb96/runTime/include/Python2.7,-DPython_EXECUTABLE=P:/shared/Artifactory/Windows/rundev-2019/202003131251/runtime/155eb96/runTime/bin/mayapy.exe,-DPYTHON_LIBRARIES=P:/shared/Artifactory/Windows/rundev-2019/202003131251/runtime/155eb96/runTime/lib/python27.lib,-DCMAKE_WANT_UFE_BUILD=OFF,-DUSD_LIB_PREFIX=,-DCMAKE_WANT_MATERIALX_BUILD=ON,-DCMAKE_PREFIX_PATH=P:\\shared\\Artifactory\\Windows\\USD\\cfb3d8a' '--ctest-args=-E testUsdReferenceAssemblySelection|testUsdMayaAppDir,-LE interactive,--parallel 16' --stages=build --redirect-outstream-file=False --install-location 'W:\\install\\RelWithDebInfo\\MayaUSD' 'W:\\'
[2023-03-09T13:47:36.811Z] Modified environment variables:
[2023-03-09T13:47:36.811Z]     PATH=P:\shared\Artifactory\Windows\cmake\3.20.3\afe857a\bin;C:\Python27\lib\site-packages\pywin32_system32;C:\Program Files (x86)\Microsoft Visual Studio\2017\Professional\VC\Tools\MSVC\14.16.27023\bin\HostX64\x64;C:\Program Files (x86)\Microsoft Visual Studio\2017\Professional\Common7\IDE\VC\VCPackages;C:\Program Files (x86)\Microsoft Visual Studio\2017\Professional\Common7\IDE\CommonExtensions\Microsoft\TestWindow;C:\Program Files (x86)\Microsoft Visual Studio\2017\Professional\Common7\IDE\CommonExtensions\Microsoft\TeamFoundation\Team Explorer;C:\Program Files (x86)\Microsoft Visual Studio\2017\Professional\MSBuild\15.0\bin\Roslyn;C:\Program Files (x86)\Microsoft Visual Studio\2017\Professional\Team Tools\Performance Tools\x64;C:\Program Files (x86)\Microsoft Visual Studio\2017\Professional\Team Tools\Performance Tools;C:\Program Files (x86)\Microsoft Visual Studio\Shared\Common\VSPerfCollectionTools\\x64;C:\Program Files (x86)\Microsoft Visual Studio\Shared\Common\VSPerfCollectionTools\;C:\Program Files (x86)\Microsoft SDKs\Windows\v10.0A\bin\NETFX 4.6.1 Tools\x64\;C:\Program Files (x86)\HTML Help Workshop;C:\Program Files (x86)\Windows Kits\10\bin\10.0.18362.0\x64;C:\Program Files (x86)\Windows Kits\10\bin\x64;C:\Program Files (x86)\Microsoft Visual Studio\2017\Professional\\MSBuild\15.0\bin;C:\WINDOWS\Microsoft.NET\Framework64\v4.0.30319;C:\Program Files (x86)\Microsoft Visual Studio\2017\Professional\Common7\IDE\;C:\Program Files (x86)\Microsoft Visual Studio\2017\Professional\Common7\Tools\;C:\Python27\;C:\Python27\Scripts;C:\WINDOWS\system32;C:\WINDOWS;C:\WINDOWS\System32\Wbem;C:\WINDOWS\System32\WindowsPowerShell\v1.0\;C:\WINDOWS\System32\OpenSSH\;C:\ProgramData\chocolatey\bin;C:\Program Files (x86)\WiX Toolset v3.7\bin;C:\Program Files\dotnet\;C:\Program Files (x86)\Windows Kits\10\bin\10.0.18362.0\x64;C:\Program Files\Zulu\zulu-11\bin\;C:\Program Files (x86)\Windows Kits\10\bin\10.0.17763.0\x64;C:\Program Files (x86)\Windows Kits\10\bin\x64;C:\Program Files\Git\cmd;C:\Program Files\Git\usr\bin;C:\Program Files\Git\mingw64\bin;C:\Program Files\Git\bin;C:\Python38\;C:\Python38\Scripts;C:\StoreBoxClientWindows;C:\Program Files\Electric Cloud\ElectricCommander\bin;C:\Program Files\WinRAR;C:\Program Files\7-Zip;C:\Users\Administrator\AppData\Local\Microsoft\WindowsApps;C:\Program Files (x86)\Microsoft Visual Studio\2017\Professional\Common7\IDE\CommonExtensions\Microsoft\CMake\CMake\bin;C:\Program Files (x86)\Microsoft Visual Studio\2017\Professional\Common7\IDE\CommonExtensions\Microsoft\CMake\Ninja
[2023-03-09T13:47:38.465Z]     [1/622] Building CXX object test\lib\usd\utils\CMakeFiles\testDiffValues.dir\main.cpp.obj
[2023-03-09T13:47:38.465Z]     [2/622] Building CXX object test\lib\usd\utils\CMakeFiles\testDiffCore.dir\main.cpp.obj
[2023-03-09T13:47:38.465Z]     [3/622] Building CXX object test\lib\usd\utils\CMakeFiles\testDiffLists.dir\main.cpp.obj
[2023-03-09T13:47:38.981Z]     [4/622] Building CXX object test\lib\usd\utils\CMakeFiles\testDiffCore.dir\test_DiffCore.cpp.obj
[2023-03-09T13:47:39.397Z]     [5/622] Building CXX object test\lib\usd\utils\CMakeFiles\testDiffPrims.dir\main.cpp.obj
[2023-03-09T13:47:39.911Z]     [6/622] Building CXX object test\lib\usd\utils\CMakeFiles\testDiffAttributes.dir\main.cpp.obj
[2023-03-09T13:47:40.829Z]     [7/622] Building CXX object test\lib\usd\utils\CMakeFiles\testDiffRelationships.dir\main.cpp.obj
[2023-03-09T13:47:48.998Z]     [8/622] Building CXX object test\lib\usd\utils\CMakeFiles\testDiffPrims.dir\test_DiffPrims.cpp.obj
[2023-03-09T13:47:49.181Z]     [9/622] Building CXX object test\lib\usd\utils\CMakeFiles\testDiffRelationships.dir\test_DiffRelationships.cpp.obj
[2023-03-09T13:47:49.181Z]     [10/622] Building CXX object test\lib\usd\utils\CMakeFiles\testDiffAttributes.dir\test_DiffAttributes.cpp.obj
[2023-03-09T13:47:49.415Z]     [11/622] Building CXX object test\lib\usd\utils\CMakeFiles\testDiffPrims.dir\test_DiffPrimsAttributes.cpp.obj
[2023-03-09T13:47:49.415Z]     [12/622] Building CXX object test\lib\usd\utils\CMakeFiles\testDiffPrims.dir\test_DiffPrimsChildren.cpp.obj
[2023-03-09T13:47:49.677Z]     [13/622] Building CXX object test\lib\usd\utils\CMakeFiles\testDiffValues.dir\test_DiffValuesIntVecs.cpp.obj
[2023-03-09T13:47:49.677Z]     [14/622] Building CXX object test\lib\usd\utils\CMakeFiles\testDiffValues.dir\test_DiffValues.cpp.obj
[2023-03-09T13:47:49.805Z]     [15/622] Building CXX object test\lib\usd\utils\CMakeFiles\testDiffValues.dir\test_DiffValuesMatrices.cpp.obj
[2023-03-09T13:47:49.805Z]     [16/622] Building CXX object test\lib\usd\utils\CMakeFiles\testDiffPrims.dir\test_DiffPrimsRelations.cpp.obj
[2023-03-09T13:47:50.215Z]     [17/622] Building CXX object test\lib\usd\utils\CMakeFiles\testDiffValues.dir\test_DiffValuesGeneric.cpp.obj
[2023-03-09T13:47:50.215Z]     [18/622] Building CXX object test\lib\usd\utils\CMakeFiles\testDiffValues.dir\test_DiffValuesQuaternions.cpp.obj
[2023-03-09T13:47:50.803Z]     [19/622] Building CXX object test\lib\usd\utils\CMakeFiles\testDiffLists.dir\test_DiffLists.cpp.obj
[2023-03-09T13:47:51.052Z]     [20/622] Building CXX object test\lib\usd\utils\CMakeFiles\testDiffValues.dir\test_DiffValuesHalfVecs.cpp.obj
[2023-03-09T13:47:51.168Z]     [21/622] Building CXX object test\lib\usd\utils\CMakeFiles\testDiffValues.dir\test_DiffValuesFloatVecs.cpp.obj
[2023-03-09T13:47:51.396Z]     [22/622] Building CXX object test\lib\usd\utils\CMakeFiles\testDiffValues.dir\test_DiffValuesDoubleVecs.cpp.obj
[2023-03-09T13:47:51.527Z]     [23/622] Building CXX object test\lib\usd\utils\CMakeFiles\testDiffValues.dir\test_DiffValuesArrays.cpp.obj
[2023-03-09T13:47:51.739Z]     [24/622] Building CXX object test\lib\usd\utils\CMakeFiles\testDiffDictionaries.dir\main.cpp.obj
[2023-03-09T13:47:51.850Z]     [25/622] Building CXX object lib\mayaUsd\CMakeFiles\mayaUsd.dir\base\debugCodes.cpp.obj
[2023-03-09T13:47:51.961Z]     [26/622] Building CXX object test\lib\usd\utils\CMakeFiles\testDiffMetadatas.dir\main.cpp.obj
[2023-03-09T13:47:52.073Z]     [27/622] Building CXX object test\lib\usd\utils\CMakeFiles\testMergePrims.dir\main.cpp.obj
[2023-03-09T13:47:52.073Z]     [28/622] Building CXX object test\lib\usd\utils\CMakeFiles\testDiffComputeOverall.dir\main.cpp.obj
[2023-03-09T13:47:52.286Z]     [29/622] Building CXX object lib\mayaUsd\CMakeFiles\mayaUsd.dir\base\tokens.cpp.obj
[2023-03-09T13:47:57.415Z]     [30/622] Building CXX object test\lib\usd\utils\CMakeFiles\testDiffComputeOverall.dir\test_DiffComputeOverall.cpp.obj
[2023-03-09T13:47:57.549Z]     [31/622] Building CXX object test\lib\usd\utils\CMakeFiles\testDiffMetadatas.dir\test_DiffMetadatas.cpp.obj
[2023-03-09T13:47:57.549Z]     [32/622] Building CXX object lib\mayaUsd\CMakeFiles\mayaUsd.dir\commands\baseListJobContextsCommand.cpp.obj
[2023-03-09T13:47:57.549Z]     [33/622] Building CXX object test\lib\usd\utils\CMakeFiles\testDiffDictionaries.dir\test_DiffDictionaries.cpp.obj
[2023-03-09T13:47:58.095Z]     [34/622] Building CXX object lib\mayaUsd\CMakeFiles\mayaUsd.dir\commands\baseImportCommand.cpp.obj
[2023-03-09T13:47:58.212Z]     [35/622] Building CXX object lib\mayaUsd\CMakeFiles\mayaUsd.dir\fileio\shaderWriter.cpp.obj
[2023-03-09T13:47:58.533Z]     [36/622] Building CXX object test\lib\usd\utils\CMakeFiles\testMergePrims.dir\test_MergePrims.cpp.obj
[2023-03-09T13:47:58.533Z]     [37/622] Building CXX object lib\mayaUsd\CMakeFiles\mayaUsd.dir\fileio\functorPrimReader.cpp.obj
[2023-03-09T13:47:58.747Z]     [38/622] Building CXX object lib\mayaUsd\CMakeFiles\mayaUsd.dir\commands\layerEditorWindowCommand.cpp.obj
[2023-03-09T13:47:58.860Z]     [39/622] Building CXX object lib\mayaUsd\CMakeFiles\mayaUsd.dir\commands\layerEditorCommand.cpp.obj
[2023-03-09T13:47:58.860Z]     [40/622] Building CXX object lib\mayaUsd\CMakeFiles\mayaUsd.dir\fileio\shaderReaderRegistry.cpp.obj
[2023-03-09T13:47:59.396Z]     [41/622] Building CXX object lib\mayaUsd\CMakeFiles\mayaUsd.dir\fileio\shaderWriterRegistry.cpp.obj
[2023-03-09T13:47:59.515Z]     [42/622] Building CXX object lib\mayaUsd\CMakeFiles\mayaUsd.dir\fileio\shaderReader.cpp.obj
[2023-03-09T13:47:59.836Z]     [43/622] Building CXX object lib\mayaUsd\CMakeFiles\mayaUsd.dir\fileio\transformWriter.cpp.obj
[2023-03-09T13:48:00.169Z]     [44/622] Building CXX object lib\mayaUsd\CMakeFiles\mayaUsd.dir\fileio\fallbackPrimReader.cpp.obj
[2023-03-09T13:48:00.169Z]     [45/622] Building CXX object lib\mayaUsd\CMakeFiles\mayaUsd.dir\commands\baseExportCommand.cpp.obj
[2023-03-09T13:48:00.897Z]     [46/622] Building CXX object lib\mayaUsd\CMakeFiles\mayaUsd.dir\fileio\writeJobContext.cpp.obj
[2023-03-09T13:48:02.850Z]     [47/622] Building CXX object lib\mayaUsd\CMakeFiles\mayaUsd.dir\fileio\jobContextRegistry.cpp.obj
[2023-03-09T13:48:04.599Z]     [48/622] Building CXX object lib\mayaUsd\CMakeFiles\mayaUsd.dir\fileio\primWriterContext.cpp.obj
[2023-03-09T13:48:04.962Z]     [49/622] Building CXX object lib\mayaUsd\CMakeFiles\mayaUsd.dir\fileio\functorPrimWriter.cpp.obj
[2023-03-09T13:48:05.410Z]     [50/622] Building CXX object lib\mayaUsd\CMakeFiles\mayaUsd.dir\fileio\registryHelper.cpp.obj
[2023-03-09T13:48:05.527Z]     [51/622] Building CXX object lib\mayaUsd\CMakeFiles\mayaUsd.dir\fileio\importData.cpp.obj
[2023-03-09T13:48:05.527Z]     [52/622] Building CXX object lib\mayaUsd\CMakeFiles\mayaUsd.dir\commands\editTargetCommand.cpp.obj
[2023-03-09T13:48:05.527Z]     [53/622] Building CXX object lib\mayaUsd\CMakeFiles\mayaUsd.dir\fileio\primReaderArgs.cpp.obj
[2023-03-09T13:48:05.644Z]     [54/622] Building CXX object lib\mayaUsd\CMakeFiles\mayaUsd.dir\fileio\primReader.cpp.obj
[2023-03-09T13:48:06.194Z]     [55/622] Building CXX object lib\mayaUsd\CMakeFiles\mayaUsd.dir\fileio\instancedNodeWriter.cpp.obj
[2023-03-09T13:48:06.411Z]     [56/622] Building CXX object lib\mayaUsd\CMakeFiles\mayaUsd.dir\fileio\primReaderContext.cpp.obj
[2023-03-09T13:48:06.529Z]     [57/622] Building CXX object lib\mayaUsd\CMakeFiles\mayaUsd.dir\fileio\primWriterArgs.cpp.obj
[2023-03-09T13:48:06.644Z]     [58/622] Building CXX object lib\mayaUsd\CMakeFiles\mayaUsd.dir\fileio\primReaderRegistry.cpp.obj
[2023-03-09T13:48:07.167Z]     [59/622] Building CXX object lib\mayaUsd\CMakeFiles\mayaUsd.dir\fileio\primWriterRegistry.cpp.obj
[2023-03-09T13:48:07.499Z]     [60/622] Building CXX object lib\mayaUsd\CMakeFiles\mayaUsd.dir\fileio\chaser\exportChaser.cpp.obj
[2023-03-09T13:48:07.615Z]     [61/622] Building CXX object lib\mayaUsd\CMakeFiles\mayaUsd.dir\commands\baseListShadingModesCommand.cpp.obj
[2023-03-09T13:48:07.842Z]     [62/622] Building CXX object lib\mayaUsd\CMakeFiles\mayaUsd.dir\fileio\primWriter.cpp.obj
[2023-03-09T13:48:08.061Z]     [63/622] Building CXX object lib\mayaUsd\CMakeFiles\mayaUsd.dir\fileio\schemaApiAdaptor.cpp.obj
[2023-03-09T13:48:10.916Z]     [64/622] Building CXX object lib\mayaUsd\CMakeFiles\mayaUsd.dir\fileio\schemaApiAdaptorRegistry.cpp.obj
[2023-03-09T13:48:12.369Z]     [65/622] Building CXX object lib\mayaUsd\CMakeFiles\mayaUsd.dir\fileio\chaser\importChaserRegistry.cpp.obj
[2023-03-09T13:48:12.701Z]     [66/622] Building CXX object lib\mayaUsd\CMakeFiles\mayaUsd.dir\fileio\translators\translatorLight.cpp.obj
[2023-03-09T13:48:12.701Z]     [67/622] Building CXX object lib\mayaUsd\CMakeFiles\mayaUsd.dir\fileio\translators\translatorGprim.cpp.obj
[2023-03-09T13:48:13.063Z]     [68/622] Building CXX object lib\mayaUsd\CMakeFiles\mayaUsd.dir\fileio\chaser\importChaser.cpp.obj
[2023-03-09T13:48:13.180Z]     [69/622] Building CXX object lib\mayaUsd\CMakeFiles\mayaUsd.dir\fileio\translators\translatorMayaReference.cpp.obj
[2023-03-09T13:48:13.180Z]     [70/622] Building CXX object lib\mayaUsd\CMakeFiles\mayaUsd.dir\fileio\chaser\exportChaserRegistry.cpp.obj
[2023-03-09T13:48:13.638Z]     [71/622] Building CXX object lib\mayaUsd\CMakeFiles\mayaUsd.dir\fileio\translators\translatorCurves.cpp.obj
[2023-03-09T13:48:13.758Z]     [72/622] Building CXX object lib\mayaUsd\CMakeFiles\mayaUsd.dir\fileio\jobs\meshDataReadJob.cpp.obj
[2023-03-09T13:48:13.882Z]     [73/622] Building CXX object lib\mayaUsd\CMakeFiles\mayaUsd.dir\fileio\translators\translatorMesh.cpp.obj
[2023-03-09T13:48:14.508Z]     [74/622] Building CXX object lib\mayaUsd\CMakeFiles\mayaUsd.dir\fileio\translators\translatorMaterial.cpp.obj
[2023-03-09T13:48:16.234Z]     [75/622] Building CXX object lib\mayaUsd\CMakeFiles\mayaUsd.dir\fileio\jobs\modelKindProcessor.cpp.obj
[2023-03-09T13:48:16.458Z]     [76/622] Building CXX object lib\mayaUsd\CMakeFiles\mayaUsd.dir\fileio\shading\shadingModeDisplayColor.cpp.obj
[2023-03-09T13:48:16.791Z]     [77/622] Building CXX object lib\mayaUsd\CMakeFiles\mayaUsd.dir\fileio\shading\shadingModeExporter.cpp.obj
[2023-03-09T13:48:18.064Z]     [78/622] Building CXX object lib\mayaUsd\CMakeFiles\mayaUsd.dir\fileio\jobs\jobArgs.cpp.obj
[2023-03-09T13:48:18.386Z]     [79/622] Building CXX object lib\mayaUsd\CMakeFiles\mayaUsd.dir\fileio\jobs\readJob.cpp.obj
[2023-03-09T13:48:20.240Z]     [80/622] Building CXX object lib\mayaUsd\CMakeFiles\mayaUsd.dir\fileio\jobs\writeJob.cpp.obj
[2023-03-09T13:48:21.189Z]     [81/622] Building CXX object lib\mayaUsd\CMakeFiles\mayaUsd.dir\fileio\shading\symmetricShaderReader.cpp.obj
[2023-03-09T13:48:21.308Z]     [82/622] Building CXX object lib\mayaUsd\CMakeFiles\mayaUsd.dir\fileio\shading\shadingModeImporter.cpp.obj
[2023-03-09T13:48:22.295Z]     [83/622] Building CXX object lib\mayaUsd\CMakeFiles\mayaUsd.dir\fileio\translators\skelBindingsProcessor.cpp.obj
[2023-03-09T13:48:22.295Z]     [84/622] Building CXX object lib\mayaUsd\CMakeFiles\mayaUsd.dir\fileio\translators\translatorCamera.cpp.obj
[2023-03-09T13:48:22.295Z]     [85/622] Building CXX object lib\mayaUsd\CMakeFiles\mayaUsd.dir\fileio\shading\shadingModeRegistry.cpp.obj
[2023-03-09T13:48:22.519Z]     [86/622] Building CXX object lib\mayaUsd\CMakeFiles\mayaUsd.dir\fileio\shading\shadingModeUseRegistry.cpp.obj
[2023-03-09T13:48:22.643Z]     [87/622] Building CXX object lib\mayaUsd\CMakeFiles\mayaUsd.dir\fileio\shading\symmetricShaderWriter.cpp.obj
[2023-03-09T13:48:24.096Z]     [88/622] Building CXX object lib\mayaUsd\CMakeFiles\mayaUsd.dir\fileio\shading\shadingModeExporterContext.cpp.obj
[2023-03-09T13:48:24.096Z]     [89/622] Building CXX object lib\mayaUsd\CMakeFiles\mayaUsd.dir\nodes\proxyAccessor.cpp.obj
[2023-03-09T13:48:25.123Z]     [90/622] Building CXX object lib\mayaUsd\CMakeFiles\mayaUsd.dir\fileio\shading\shadingModePxrRis.cpp.obj
[2023-03-09T13:48:25.447Z]     [91/622] Building CXX object lib\mayaUsd\CMakeFiles\mayaUsd.dir\nodes\proxyShapePlugin.cpp.obj
[2023-03-09T13:48:26.306Z]     [92/622] Building CXX object lib\mayaUsd\CMakeFiles\mayaUsd.dir\nodes\pointBasedDeformerNode.cpp.obj
[2023-03-09T13:48:26.525Z]     [93/622] Building CXX object lib\mayaUsd\CMakeFiles\mayaUsd.dir\listeners\stageNoticeListener.cpp.obj
[2023-03-09T13:48:27.144Z]     [94/622] Building CXX object lib\mayaUsd\CMakeFiles\mayaUsd.dir\nodes\hdImagingShape.cpp.obj
[2023-03-09T13:48:28.900Z]     [95/622] Building CXX object lib\mayaUsd\CMakeFiles\mayaUsd.dir\fileio\translators\translatorRfMLight_deprecated.cpp.obj
[2023-03-09T13:48:29.016Z]     [96/622] Building CXX object lib\mayaUsd\CMakeFiles\mayaUsd.dir\fileio\translators\translatorPrim.cpp.obj
[2023-03-09T13:48:29.855Z]     [97/622] Building CXX object lib\mayaUsd\CMakeFiles\mayaUsd.dir\nodes\proxyShapeBase.cpp.obj
[2023-03-09T13:48:30.202Z]     [98/622] Building CXX object lib\mayaUsd\CMakeFiles\mayaUsd.dir\fileio\translators\translatorXformable.cpp.obj
[2023-03-09T13:48:30.648Z]     [99/622] Building CXX object lib\mayaUsd\CMakeFiles\mayaUsd.dir\fileio\translators\translatorRfMLight.cpp.obj
[2023-03-09T13:48:30.987Z]     [100/622] Building CXX object lib\mayaUsd\CMakeFiles\mayaUsd.dir\fileio\translators\translatorSkel.cpp.obj
[2023-03-09T13:48:30.987Z]     [101/622] Building CXX object lib\mayaUsd\CMakeFiles\mayaUsd.dir\fileio\translators\translatorUtil.cpp.obj
[2023-03-09T13:48:31.320Z]     [102/622] Building CXX object lib\mayaUsd\CMakeFiles\mayaUsd.dir\fileio\utils\adaptor.cpp.obj
[2023-03-09T13:48:31.438Z]     [103/622] Building CXX object lib\mayaUsd\CMakeFiles\mayaUsd.dir\fileio\translators\translatorNurbsPatch.cpp.obj
[2023-03-09T13:48:31.864Z]     [104/622] Building CXX object lib\mayaUsd\CMakeFiles\mayaUsd.dir\fileio\utils\meshReadUtils.cpp.obj
[2023-03-09T13:48:31.981Z]     [105/622] Building CXX object lib\mayaUsd\CMakeFiles\mayaUsd.dir\render\px_vp20\glslProgram.cpp.obj
[2023-03-09T13:48:32.407Z]     [106/622] Building CXX object lib\mayaUsd\CMakeFiles\mayaUsd.dir\fileio\translators\translatorXformable_decompose.cpp.obj
[2023-03-09T13:48:32.523Z]     [107/622] Building CXX object lib\mayaUsd\CMakeFiles\mayaUsd.dir\fileio\utils\jointWriteUtils.cpp.obj
[2023-03-09T13:48:34.061Z]     [108/622] Building CXX object lib\mayaUsd\CMakeFiles\mayaUsd.dir\fileio\utils\meshWriteUtils.cpp.obj
[2023-03-09T13:48:34.178Z]     [109/622] Building CXX object lib\mayaUsd\CMakeFiles\mayaUsd.dir\listeners\notice.cpp.obj
[2023-03-09T13:48:34.703Z]     [110/622] Building CXX object lib\mayaUsd\CMakeFiles\mayaUsd.dir\python\moduleDeps.cpp.obj
[2023-03-09T13:48:35.630Z]     [111/622] Building CXX object lib\mayaUsd\CMakeFiles\mayaUsd.dir\render\pxrUsdMayaGL\debugCodes.cpp.obj
[2023-03-09T13:48:35.757Z]     [112/622] Building CXX object lib\mayaUsd\CMakeFiles\mayaUsd.dir\render\px_vp20\utils_legacy.cpp.obj
[2023-03-09T13:48:36.402Z]     [113/622] Building CXX object lib\mayaUsd\CMakeFiles\mayaUsd.dir\fileio\utils\roundTripUtil.cpp.obj
[2023-03-09T13:48:36.936Z]     [114/622] Building CXX object lib\mayaUsd\CMakeFiles\mayaUsd.dir\fileio\utils\readUtil.cpp.obj
[2023-03-09T13:48:37.379Z]     [115/622] Building CXX object lib\mayaUsd\CMakeFiles\mayaUsd.dir\fileio\utils\userTaggedAttribute.cpp.obj
[2023-03-09T13:48:37.379Z]     [116/622] Building CXX object lib\mayaUsd\CMakeFiles\mayaUsd.dir\fileio\utils\shadingUtil.cpp.obj
[2023-03-09T13:48:37.746Z]     [117/622] Building CXX object lib\mayaUsd\CMakeFiles\mayaUsd.dir\nodes\stageData.cpp.obj
[2023-03-09T13:48:37.746Z]     [118/622] Building CXX object lib\mayaUsd\CMakeFiles\mayaUsd.dir\nodes\usdPrimProvider.cpp.obj
[2023-03-09T13:48:37.881Z]     [119/622] Building CXX object lib\mayaUsd\CMakeFiles\mayaUsd.dir\listeners\proxyShapeNotice.cpp.obj
[2023-03-09T13:48:38.221Z]     [120/622] Building CXX object lib\mayaUsd\CMakeFiles\mayaUsd.dir\nodes\proxyShapeStageExtraData.cpp.obj
[2023-03-09T13:48:38.652Z]     [121/622] Building CXX object lib\mayaUsd\CMakeFiles\mayaUsd.dir\nodes\stageNode.cpp.obj
[2023-03-09T13:48:38.769Z]     [122/622] Building CXX object lib\mayaUsd\CMakeFiles\mayaUsd.dir\fileio\utils\xformStack.cpp.obj
[2023-03-09T13:48:39.393Z]     [123/622] Building CXX object lib\mayaUsd\CMakeFiles\mayaUsd.dir\fileio\utils\writeUtil.cpp.obj
[2023-03-09T13:48:39.526Z]     [124/622] Building CXX object lib\mayaUsd\CMakeFiles\mayaUsd.dir\render\pxrUsdMayaGL\softSelectHelper.cpp.obj
[2023-03-09T13:48:39.666Z]     [125/622] Building CXX object lib\mayaUsd\CMakeFiles\mayaUsd.dir\render\pxrUsdMayaGL\userData.cpp.obj
[2023-03-09T13:48:39.889Z]     [126/622] Building CXX object lib\mayaUsd\CMakeFiles\mayaUsd.dir\render\px_vp20\utils.cpp.obj
[2023-03-09T13:48:40.411Z]     [127/622] Building CXX object lib\mayaUsd\CMakeFiles\mayaUsd.dir\render\vp2RenderDelegate\debugCodes.cpp.obj
[2023-03-09T13:48:40.529Z]     [128/622] Building CXX object lib\mayaUsd\CMakeFiles\mayaUsd.dir\render\vp2RenderDelegate\bboxGeom.cpp.obj
[2023-03-09T13:48:42.375Z]     [129/622] Building CXX object lib\mayaUsd\CMakeFiles\mayaUsd.dir\render\pxrUsdMayaGL\hdImagingShapeDrawOverride.cpp.obj
[2023-03-09T13:48:44.119Z]     [130/622] Building CXX object lib\mayaUsd\CMakeFiles\mayaUsd.dir\render\pxrUsdMayaGL\proxyShapeDelegate.cpp.obj
[2023-03-09T13:48:44.947Z]     [131/622] Building CXX object lib\mayaUsd\CMakeFiles\mayaUsd.dir\render\vp2RenderDelegate\draw_item.cpp.obj
[2023-03-09T13:48:45.388Z]     [132/622] Building CXX object lib\mayaUsd\CMakeFiles\mayaUsd.dir\render\pxrUsdMayaGL\batchRenderer.cpp.obj
[2023-03-09T13:48:46.012Z]     [133/622] Building CXX object lib\mayaUsd\CMakeFiles\mayaUsd.dir\render\pxrUsdMayaGL\sceneDelegate.cpp.obj
[2023-03-09T13:48:46.012Z]     [134/622] Building CXX object lib\mayaUsd\CMakeFiles\mayaUsd.dir\render\pxrUsdMayaGL\shapeAdapter.cpp.obj
[2023-03-09T13:48:46.012Z]     [135/622] Building CXX object lib\mayaUsd\CMakeFiles\mayaUsd.dir\render\vp2RenderDelegate\extComputation.cpp.obj
[2023-03-09T13:48:47.768Z]     [136/622] Building CXX object lib\mayaUsd\CMakeFiles\mayaUsd.dir\render\pxrUsdMayaGL\instancerShapeAdapter.cpp.obj
[2023-03-09T13:48:47.768Z]     [137/622] Building CXX object lib\mayaUsd\CMakeFiles\mayaUsd.dir\render\pxrUsdMayaGL\proxyDrawOverride.cpp.obj
[2023-03-09T13:48:47.768Z]     [138/622] Building CXX object lib\mayaUsd\CMakeFiles\mayaUsd.dir\render\vp2RenderDelegate\meshViewportCompute.cpp.obj
[2023-03-09T13:48:47.768Z]     [139/622] Building CXX object lib\mayaUsd\CMakeFiles\mayaUsd.dir\render\pxrUsdMayaGL\instancerImager.cpp.obj
[2023-03-09T13:48:48.088Z]     [140/622] Building CXX object lib\mayaUsd\CMakeFiles\mayaUsd.dir\render\pxrUsdMayaGL\usdProxyShapeAdapter.cpp.obj
[2023-03-09T13:48:48.088Z]     [141/622] Building CXX object lib\mayaUsd\CMakeFiles\mayaUsd.dir\render\pxrUsdMayaGL\proxyShapeUI.cpp.obj
[2023-03-09T13:48:48.203Z]     [142/622] Building CXX object lib\mayaUsd\CMakeFiles\mayaUsd.dir\render\pxrUsdMayaGL\hdImagingShapeUI.cpp.obj
[2023-03-09T13:48:48.746Z]     [143/622] Building CXX object lib\mayaUsd\CMakeFiles\mayaUsd.dir\render\vp2RenderDelegate\tokens.cpp.obj
[2023-03-09T13:48:48.907Z]     [144/622] Building CXX object lib\mayaUsd\CMakeFiles\mayaUsd.dir\undo\OpUndoItemRecorder.cpp.obj
[2023-03-09T13:48:49.144Z]     [145/622] Building CXX object lib\mayaUsd\CMakeFiles\mayaUsd.dir\render\vp2RenderDelegate\sampler.cpp.obj
[2023-03-09T13:48:49.269Z]     [146/622] Building CXX object lib\mayaUsd\CMakeFiles\mayaUsd.dir\render\vp2RenderDelegate\shader.cpp.obj
[2023-03-09T13:48:49.490Z]     [147/622] Building CXX object lib\mayaUsd\CMakeFiles\mayaUsd.dir\render\vp2RenderDelegate\instancer.cpp.obj
[2023-03-09T13:48:49.917Z]     [148/622] Building CXX object lib\mayaUsd\CMakeFiles\mayaUsd.dir\render\vp2RenderDelegate\basisCurves.cpp.obj
[2023-03-09T13:48:50.147Z]     [149/622] Building CXX object lib\mayaUsd\CMakeFiles\mayaUsd.dir\undo\UsdUndoableItem.cpp.obj
[2023-03-09T13:48:50.147Z]     [150/622] Building CXX object lib\mayaUsd\CMakeFiles\mayaUsd.dir\utils\blockSceneModificationContext.cpp.obj
[2023-03-09T13:48:50.679Z]     [151/622] Building CXX object lib\mayaUsd\CMakeFiles\mayaUsd.dir\render\vp2RenderDelegate\render_param.cpp.obj
[2023-03-09T13:48:50.799Z]     [152/622] Building CXX object lib\mayaUsd\CMakeFiles\mayaUsd.dir\utils\dynamicAttribute.cpp.obj
[2023-03-09T13:48:51.532Z]     [153/622] Building CXX object lib\mayaUsd\CMakeFiles\mayaUsd.dir\utils\colorSpace.cpp.obj
[2023-03-09T13:48:51.648Z]     [154/622] Building CXX object lib\mayaUsd\CMakeFiles\mayaUsd.dir\render\vp2RenderDelegate\material.cpp.obj
[2023-03-09T13:48:51.992Z]     [155/622] Building CXX object lib\mayaUsd\CMakeFiles\mayaUsd.dir\render\vp2ShaderFragments\shaderFragments.cpp.obj
[2023-03-09T13:48:52.827Z]     [156/622] Building CXX object lib\mayaUsd\CMakeFiles\mayaUsd.dir\undo\OpUndoItemList.cpp.obj
[2023-03-09T13:48:53.046Z]     [157/622] Building CXX object lib\mayaUsd\CMakeFiles\mayaUsd.dir\utils\diagnosticDelegate.cpp.obj
[2023-03-09T13:48:53.161Z]     [158/622] Building CXX object lib\mayaUsd\CMakeFiles\mayaUsd.dir\render\vp2RenderDelegate\mesh.cpp.obj
[2023-03-09T13:48:54.600Z]     [159/622] Building CXX object lib\mayaUsd\CMakeFiles\mayaUsd.dir\undo\OpUndoItems.cpp.obj
[2023-03-09T13:48:55.448Z]     [160/622] Building CXX object lib\mayaUsd\CMakeFiles\mayaUsd.dir\render\vp2RenderDelegate\render_delegate.cpp.obj
[2023-03-09T13:48:56.390Z]     [161/622] Building CXX object lib\mayaUsd\CMakeFiles\mayaUsd.dir\render\vp2RenderDelegate\mayaPrimCommon.cpp.obj
[2023-03-09T13:48:56.505Z]     [162/622] Building CXX object lib\mayaUsd\CMakeFiles\mayaUsd.dir\undo\UsdUndoManager.cpp.obj
[2023-03-09T13:48:56.734Z]     [163/622] Building CXX object lib\mayaUsd\CMakeFiles\mayaUsd.dir\utils\customLayerData.cpp.obj
[2023-03-09T13:48:56.984Z]     [164/622] Building CXX object lib\mayaUsd\CMakeFiles\mayaUsd.dir\undo\UsdUndoBlock.cpp.obj
[2023-03-09T13:48:57.752Z]     [165/622] Building CXX object lib\mayaUsd\CMakeFiles\mayaUsd.dir\utils\editability.cpp.obj
[2023-03-09T13:48:57.752Z]     [166/622] Building CXX object lib\mayaUsd\CMakeFiles\mayaUsd.dir\render\vp2RenderDelegate\proxyRenderDelegate.cpp.obj
[2023-03-09T13:48:58.086Z]     [167/622] Building CXX object lib\mayaUsd\CMakeFiles\mayaUsd.dir\utils\converter.cpp.obj
[2023-03-09T13:48:58.086Z]     [168/622] Building CXX object lib\mayaUsd\CMakeFiles\mayaUsd.dir\undo\UsdUndoStateDelegate.cpp.obj
[2023-03-09T13:48:58.201Z]     [169/622] Building CXX object lib\mayaUsd\CMakeFiles\mayaUsd.dir\utils\layerMuting.cpp.obj
[2023-03-09T13:48:58.325Z]     [170/622] Building CXX object lib\mayaUsd\CMakeFiles\mayaUsd.dir\utils\progressBarScope.cpp.obj
[2023-03-09T13:48:58.325Z]     [171/622] Building CXX object lib\mayaUsd\CMakeFiles\mayaUsd.dir\render\vp2RenderDelegate\points.cpp.obj
[2023-03-09T13:48:59.658Z]     [172/622] Building CXX object lib\mayaUsd\CMakeFiles\mayaUsd.dir\utils\plugRegistryHelper.cpp.obj
[2023-03-09T13:49:00.075Z]     [173/622] Building CXX object lib\mayaUsd\CMakeFiles\mayaUsd.dir\utils\query.cpp.obj
[2023-03-09T13:49:00.188Z]     [174/622] Building CXX object test\lib\usd\plugin\CMakeFiles\usdTestMayaPlugin.dir\plugin.cpp.obj
[2023-03-09T13:49:01.215Z]     [175/622] Building CXX object lib\mayaUsd\CMakeFiles\mayaUsd.dir\utils\loadRulesAttribute.cpp.obj
[2023-03-09T13:49:01.215Z]     [176/622] Building CXX object lib\mayaUsd\CMakeFiles\mayaUsd.dir\utils\loadRules.cpp.obj
[2023-03-09T13:49:01.339Z]     [177/622] Building CXX object lib\mayaUsd\CMakeFiles\mayaUsd.dir\utils\loadRulesText.cpp.obj
[2023-03-09T13:49:01.868Z]     [178/622] Building CXX object test\lib\usd\plugin\CMakeFiles\usdTestInfoImportChaser.dir\plugin.cpp.obj
[2023-03-09T13:49:01.986Z]     [179/622] Building CXX object test\lib\usd\plugin\CMakeFiles\usdTestApiWriter.dir\plugin.cpp.obj
[2023-03-09T13:49:01.986Z]     [180/622] Copying proxyShape.h ...
[2023-03-09T13:49:02.108Z]     [181/622] Building CXX object lib\mayaUsd\CMakeFiles\mayaUsd.dir\utils\editRouter.cpp.obj
[2023-03-09T13:49:02.108Z]     [182/622] Copying api.h ...
[2023-03-09T13:49:02.254Z]     [183/622] Copying editUtil.h ...
[2023-03-09T13:49:02.254Z]     [184/622] Copying exportCommand.h ...
[2023-03-09T13:49:02.377Z]     [185/622] Copying exportTranslator.h ...
[2023-03-09T13:49:02.377Z]     [186/622] Copying importTranslator.h ...
[2023-03-09T13:49:02.512Z]     [187/622] Copying translatorModelAssembly.h ...
[2023-03-09T13:49:02.512Z]     [188/622] Copying importCommand.h ...
[2023-03-09T13:49:02.512Z]     [189/622] Building CXX object lib\mayaUsd\CMakeFiles\mayaUsd.dir\utils\traverseLayer.cpp.obj
[2023-03-09T13:49:02.634Z]     [190/622] Copying listShadingModesCommand.h ...
[2023-03-09T13:49:02.634Z]     [191/622] Copying readJobWithSceneAssembly.h ...
[2023-03-09T13:49:02.634Z]     [192/622] Generating userExportedAttributesUI.pyc
[2023-03-09T13:49:02.753Z]     [193/622] Copying instancerShapeAdapterWithSceneAssembly.h ...
[2023-03-09T13:49:02.753Z]     [194/622] Generating AEpxrUsdReferenceAssemblyTemplate.pyc
[2023-03-09T13:49:02.753Z]     [195/622] Copying referenceAssembly.h ...
[2023-03-09T13:49:02.753Z]     [196/622] Generating __init__.pyc
[2023-03-09T13:49:02.753Z]     [197/622] Copying api.h ...
[2023-03-09T13:49:03.484Z]     [198/622] Building CXX object lib\mayaUsd\CMakeFiles\mayaUsd.dir\utils\targetLayer.cpp.obj
[2023-03-09T13:49:03.805Z]     [199/622] Building CXX object lib\mayaUsd\CMakeFiles\mayaUsd.dir\utils\selectability.cpp.obj
[2023-03-09T13:49:04.339Z]     [200/622] Building CXX object lib\mayaUsd\CMakeFiles\mayaUsd.dir\utils\undoHelperCommand.cpp.obj
[2023-03-09T13:49:04.339Z]     [201/622] Building CXX object lib\mayaUsd\CMakeFiles\mayaUsd.dir\utils\stageCache.cpp.obj
[2023-03-09T13:49:04.478Z]     [202/622] Building CXX object lib\mayaUsd\CMakeFiles\mayaUsd.dir\utils\variants.cpp.obj
[2023-03-09T13:49:04.478Z]     [203/622] Building CXX object lib\mayaUsd\CMakeFiles\mayaUsd.dir\utils\utilDictionary.cpp.obj
[2023-03-09T13:49:04.902Z]     [204/622] Building CXX object plugin\pxr\maya\lib\usdMaya\CMakeFiles\usdMaya.dir\listShadingModesCommand.cpp.obj
[2023-03-09T13:49:05.122Z]     [205/622] Building CXX object lib\mayaUsd\CMakeFiles\mayaUsd.dir\utils\utilFileSystem.cpp.obj
[2023-03-09T13:49:05.549Z]     [206/622] Building CXX object lib\mayaUsd\CMakeFiles\mayaUsd.dir\utils\utilSerialization.cpp.obj
[2023-03-09T13:49:08.050Z]     [207/622] Building CXX object test\lib\usd\plugin\CMakeFiles\usdTestInfoImportChaser.dir\infoImportChaser.cpp.obj
[2023-03-09T13:49:08.270Z]     [208/622] Building CXX object test\lib\usd\plugin\CMakeFiles\usdTestMayaPlugin.dir\mayaShaderTranslation.cpp.obj
[2023-03-09T13:49:08.270Z]     [209/622] Building CXX object test\lib\usd\plugin\CMakeFiles\usdTestUsdPlugin.dir\mayaShaderTranslation.cpp.obj
[2023-03-09T13:49:08.501Z]     [210/622] Building CXX object plugin\pxr\maya\lib\usdMaya\CMakeFiles\_usdMaya.dir\module.cpp.obj
[2023-03-09T13:49:09.263Z]     [211/622] Building CXX object test\lib\usd\plugin\CMakeFiles\usdTestApiWriter.dir\nullApiExporter.cpp.obj
[2023-03-09T13:49:09.789Z]     [212/622] Building CXX object lib\mayaUsd\CMakeFiles\mayaUsd.dir\utils\util.cpp.obj
[2023-03-09T13:49:10.828Z]     [213/622] Building CXX object plugin\pxr\maya\lib\usdMaya\CMakeFiles\usdMaya.dir\exportCommand.cpp.obj
[2023-03-09T13:49:10.958Z]     [214/622] Copying api.h ...
[2023-03-09T13:49:11.339Z]     [215/622] Building CXX object plugin\pxr\maya\lib\usdMaya\CMakeFiles\usdMaya.dir\editUtil.cpp.obj
[2023-03-09T13:49:11.486Z]     [216/622] Building CXX object plugin\pxr\maya\lib\usdMaya\CMakeFiles\usdMaya.dir\importCommand.cpp.obj
[2023-03-09T13:49:11.725Z]     [217/622] Building CXX object plugin\pxr\maya\lib\usdMaya\CMakeFiles\usdMaya.dir\exportTranslator.cpp.obj
[2023-03-09T13:49:11.842Z]     [218/622] Building CXX object plugin\pxr\maya\lib\usdMaya\CMakeFiles\usdMaya.dir\readJob_ImportWithProxies.cpp.obj
[2023-03-09T13:49:11.962Z]     [219/622] Building CXX object plugin\pxr\maya\lib\usdMaya\CMakeFiles\usdMaya.dir\readJobWithSceneAssembly.cpp.obj
[2023-03-09T13:49:12.181Z]     [220/622] Building CXX object plugin\pxr\maya\lib\usdMaya\CMakeFiles\usdMaya.dir\translatorModelAssembly.cpp.obj
[2023-03-09T13:49:12.401Z]     [221/622] Building CXX object plugin\pxr\maya\lib\usdMaya\CMakeFiles\usdMaya.dir\importTranslator.cpp.obj
[2023-03-09T13:49:12.627Z]     [222/622] Building CXX object plugin\al\utils\AL\CMakeFiles\AL_EventSystem.dir\event\EventHandler.cpp.obj
[2023-03-09T13:49:12.866Z]     [223/622] Building CXX object plugin\al\mayautils\AL\maya\CMakeFiles\AL_MayaUtils.dir\utils\FileTranslatorOptions.cpp.obj
[2023-03-09T13:49:13.011Z]     [224/622] Building CXX object plugin\al\mayatest\AL\maya\test\CMakeFiles\AL_MayaTest.dir\testHarness.cpp.obj
[2023-03-09T13:49:13.011Z]     [225/622] Building CXX object plugin\al\mayatest\AL\maya\test\CMakeFiles\AL_MayaTest.dir\testHelpers.cpp.obj
[2023-03-09T13:49:13.132Z]     [226/622] Building CXX object plugin\al\mayautils\AL\maya\CMakeFiles\AL_MayaUtils.dir\utils\NodeHelper.cpp.obj
[2023-03-09T13:49:13.254Z]     [227/622] Linking CXX shared library plugin\al\utils\AL\AL_EventSystem.dll
[2023-03-09T13:49:13.254Z]     [228/622] Building CXX object plugin\al\mayautils\AL\maya\CMakeFiles\AL_MayaUtils.dir\utils\PluginTranslatorOptions.cpp.obj
[2023-03-09T13:49:13.696Z]     [229/622] Building CXX object plugin\al\mayautils\AL\maya\CMakeFiles\AL_MayaUtils.dir\utils\Utils.cpp.obj
[2023-03-09T13:49:13.913Z]     [230/622] Building CXX object plugin\al\mayautils\AL\maya\CMakeFiles\AL_MayaUtils.dir\utils\MenuBuilder.cpp.obj
[2023-03-09T13:49:14.032Z]     [231/622] Building CXX object plugin\al\mayautils\AL\maya\CMakeFiles\AL_MayaUtils.dir\utils\CommandGuiHelper.cpp.obj
[2023-03-09T13:49:14.032Z]     [232/622] Linking CXX shared library plugin\al\mayatest\AL\maya\test\AL_MayaTest.dll
[2023-03-09T13:49:14.168Z]     [233/622] Building CXX object plugin\pxr\maya\lib\usdMaya\CMakeFiles\usdMaya.dir\proxyShape.cpp.obj
[2023-03-09T13:49:14.387Z]     [234/622] Building CXX object plugin\pxr\maya\lib\usdMaya\CMakeFiles\usdMaya.dir\instancerShapeAdapterWithSceneAssembly.cpp.obj
[2023-03-09T13:49:14.501Z]     [235/622] Building CXX object plugin\al\mayautils\AL\maya\CMakeFiles\AL_MayaUtils.dir\event\MayaEventManager.cpp.obj
[2023-03-09T13:49:14.922Z]     [236/622] Building CXX object plugin\al\lib\AL_USDMaya\CMakeFiles\AL_USDMaya.dir\AL\usdmaya\nodes\Layer.cpp.obj
[2023-03-09T13:49:15.255Z]     [237/622] Building CXX object plugin\al\mayautils\AL\maya\tests\mayaplugintest\CMakeFiles\AL_MayaUtilsTests.dir\plugin.cpp.obj
[2023-03-09T13:49:15.405Z]     [238/622] Building CXX object plugin\al\mayautils\AL\maya\tests\mayaplugintest\CMakeFiles\AL_MayaUtilsTests.dir\test_mobjectmap.cpp.obj
[2023-03-09T13:49:15.647Z]     [239/622] Building CXX object plugin\pxr\maya\lib\usdMaya\CMakeFiles\_usdMaya.dir\wrapAssembly.cpp.obj
[2023-03-09T13:49:15.967Z]     [240/622] Building CXX object plugin\al\mayautils\AL\maya\tests\mayaplugintest\CMakeFiles\AL_MayaUtilsTests.dir\test_maya_MenuBuilder.cpp.obj
[2023-03-09T13:49:16.302Z]     [241/622] Building CXX object plugin\al\mayautils\AL\maya\tests\mayaplugintest\CMakeFiles\AL_MayaUtilsTests.dir\utils\NodeHelperUnitTest.cpp.obj
[2023-03-09T13:49:16.302Z]     [242/622] Building CXX object plugin\al\mayautils\AL\maya\tests\mayaplugintest\CMakeFiles\AL_MayaUtilsTests.dir\utils\CommandGuiHelperTest.cpp.obj
[2023-03-09T13:49:16.436Z]     [243/622] Building CXX object plugin\al\mayautils\AL\maya\tests\mayaplugintest\CMakeFiles\AL_MayaUtilsTests.dir\test_maya_NodeHelper.cpp.obj
[2023-03-09T13:49:16.657Z]     [244/622] Building CXX object plugin\pxr\maya\plugin\pxrUsd\CMakeFiles\pxrUsd.dir\usdTranslator.cpp.obj
[2023-03-09T13:49:16.657Z]     [245/622] Building CXX object plugin\al\mayautils\AL\maya\tests\mayaplugintest\CMakeFiles\AL_MayaUtilsTests.dir\utils\PluginTranslatorOptionsTest.cpp.obj
[2023-03-09T13:49:18.811Z]     [246/622] Building CXX object plugin\pxr\maya\plugin\pxrUsdPreviewSurface\CMakeFiles\pxrUsdPreviewSurface.dir\plugin.cpp.obj
[2023-03-09T13:49:18.940Z]     [247/622] Building CXX object plugin\pxr\maya\plugin\pxrUsd\CMakeFiles\pxrUsd.dir\alembicChaser.cpp.obj
[2023-03-09T13:49:19.256Z]     [248/622] Building CXX object plugin\pxr\maya\lib\usdMaya\CMakeFiles\_usdMaya.dir\wrapEditUtil.cpp.obj
[2023-03-09T13:49:19.373Z]     [249/622] Building CXX object plugin\pxr\maya\lib\usdMaya\CMakeFiles\usdMaya.dir\referenceAssembly.cpp.obj
[2023-03-09T13:49:21.214Z]     [250/622] Building CXX object plugin\al\lib\AL_USDMaya\CMakeFiles\AL_USDMaya.dir\AL\usdmaya\nodes\LayerManager.cpp.obj
[2023-03-09T13:49:21.346Z]     [251/622] Building CXX object plugin\pxr\maya\plugin\pxrUsd\CMakeFiles\pxrUsd.dir\plugin.cpp.obj
[2023-03-09T13:49:21.464Z]     [252/622] Building CXX object plugin\al\usdtransaction\AL\usd\transaction\CMakeFiles\_AL_USDTransaction.dir\module.cpp.obj
[2023-03-09T13:49:22.511Z]     [253/622] Building CXX object plugin\al\lib\AL_USDMaya\CMakeFiles\AL_USDMaya.dir\AL\usdmaya\nodes\MeshAnimDeformer.cpp.obj
[2023-03-09T13:49:22.852Z]     [254/622] Building CXX object plugin\al\lib\AL_USDMaya\CMakeFiles\AL_USDMaya.dir\AL\usdmaya\nodes\MeshAnimCreator.cpp.obj
[2023-03-09T13:49:22.974Z]     [255/622] Building CXX object plugin\al\usdmayautils\AL\usdmaya\utils\CMakeFiles\AL_USDMayaUtils.dir\Utils.cpp.obj
[2023-03-09T13:49:23.106Z]     [256/622] Building CXX object plugin\al\usdmayautils\AL\usdmaya\utils\CMakeFiles\AL_USDMayaUtils.dir\AttributeType.cpp.obj
[2023-03-09T13:49:23.666Z]     [257/622] Building CXX object plugin\al\usdmayautils\AL\usdmaya\utils\CMakeFiles\AL_USDMayaUtils.dir\AnimationTranslator.cpp.obj
[2023-03-09T13:49:23.666Z]     [258/622] Building CXX object plugin\al\usdtransaction\AL\usd\transaction\tests\CMakeFiles\AL_USDTransactionTests.dir\testMain.cpp.obj
[2023-03-09T13:49:23.901Z]     [259/622] Building CXX object plugin\al\usdmayautils\AL\usdmaya\utils\CMakeFiles\AL_USDMayaUtils.dir\NurbsCurveUtils.cpp.obj
[2023-03-09T13:49:24.035Z]     [260/622] Building CXX object plugin\al\usdmayautils\AL\usdmaya\utils\CMakeFiles\AL_USDMayaUtils.dir\DiffPrimVar.cpp.obj
[2023-03-09T13:49:24.182Z]     [261/622] Building CXX object plugin\al\usdtransaction\AL\usd\transaction\CMakeFiles\AL_USDTransaction.dir\Transaction.cpp.obj
[2023-03-09T13:49:24.733Z]     [262/622] Building CXX object plugin\al\lib\AL_USDMaya\CMakeFiles\AL_USDMaya.dir\AL\usdmaya\DebugCodes.cpp.obj
[2023-03-09T13:49:24.733Z]     [263/622] Building CXX object plugin\al\lib\AL_USDMaya\CMakeFiles\AL_USDMaya.dir\AL\usdmaya\Metadata.cpp.obj
[2023-03-09T13:49:24.849Z]     [264/622] Building CXX object plugin\al\usdmayautils\AL\usdmaya\utils\CMakeFiles\AL_USDMayaUtils.dir\MeshUtils.cpp.obj
[2023-03-09T13:49:24.849Z]     [265/622] Building CXX object plugin\al\lib\AL_USDMaya\CMakeFiles\AL_USDMaya.dir\AL\usdmaya\nodes\Engine.cpp.obj
[2023-03-09T13:49:25.169Z]     [266/622] Building CXX object plugin\al\lib\AL_USDMaya\CMakeFiles\AL_USDMaya.dir\AL\usdmaya\cmds\DebugCommands.cpp.obj
[2023-03-09T13:49:25.689Z]     [267/622] Building CXX object plugin\al\usdmayautils\AL\usdmaya\utils\CMakeFiles\AL_USDMayaUtils.dir\DgNodeHelper.cpp.obj
[2023-03-09T13:49:25.806Z]     [268/622] Building CXX object plugin\al\usdtransaction\AL\usd\transaction\CMakeFiles\AL_USDTransaction.dir\Notice.cpp.obj
[2023-03-09T13:49:26.633Z]     [269/622] Building CXX object plugin\al\lib\AL_USDMaya\CMakeFiles\AL_USDMaya.dir\AL\usdmaya\StageCache.cpp.obj
[2023-03-09T13:49:26.748Z]     [270/622] Building CXX object plugin\al\usdtransaction\AL\usd\transaction\CMakeFiles\AL_USDTransaction.dir\TransactionManager.cpp.obj
[2023-03-09T13:49:27.280Z]     [271/622] Building CXX object plugin\al\lib\AL_USDMaya\CMakeFiles\AL_USDMaya.dir\AL\usdmaya\cmds\EventCommand.cpp.obj
[2023-03-09T13:49:27.497Z]     [272/622] Linking CXX shared library plugin\al\usdtransaction\AL\usd\transaction\AL_USDTransaction.dll
[2023-03-09T13:49:28.025Z]     [273/622] Building CXX object plugin\al\lib\AL_USDMaya\CMakeFiles\AL_USDMaya.dir\AL\usdmaya\moduleDeps.cpp.obj
[2023-03-09T13:49:28.146Z]     [274/622] Building CXX object plugin\al\usdtransaction\AL\usd\transaction\CMakeFiles\_AL_USDTransaction.dir\wrapNotice.cpp.obj
[2023-03-09T13:49:28.574Z]     [275/622] Building CXX object plugin\al\usdtransaction\AL\usd\transaction\CMakeFiles\_AL_USDTransaction.dir\wrapTransaction.cpp.obj
[2023-03-09T13:49:29.402Z]     [276/622] Building CXX object plugin\al\lib\AL_USDMaya\CMakeFiles\AL_USDMaya.dir\AL\usdmaya\cmds\SyncFileIOGui.cpp.obj
[2023-03-09T13:49:29.402Z]     [277/622] Building CXX object plugin\al\lib\AL_USDMaya\CMakeFiles\AL_USDMaya.dir\AL\usdmaya\cmds\RendererCommands.cpp.obj
[2023-03-09T13:49:30.235Z]     [278/622] Building CXX object plugin\al\usdtransaction\AL\usd\transaction\CMakeFiles\_AL_USDTransaction.dir\wrapTransactionManager.cpp.obj
[2023-03-09T13:49:30.235Z]     [279/622] Building CXX object plugin\al\usdtransaction\AL\usd\transaction\tests\CMakeFiles\AL_USDTransactionTests.dir\testTransactionManager.cpp.obj
[2023-03-09T13:49:30.887Z]     [280/622] Linking CXX shared library plugin\al\usdtransaction\AL\usd\transaction\_AL_USDTransaction.pyd
[2023-03-09T13:49:31.007Z]     [281/622] Building CXX object plugin\al\usdtransaction\AL\usd\transaction\tests\CMakeFiles\AL_USDTransactionTests.dir\testTransaction.cpp.obj
[2023-03-09T13:49:31.227Z]     [282/622] Building CXX object plugin\al\lib\AL_USDMaya\CMakeFiles\AL_USDMaya.dir\AL\usdmaya\cmds\CreateUsdPrim.cpp.obj
[2023-03-09T13:49:31.227Z]     [283/622] Building CXX object plugin\al\lib\AL_USDMaya\CMakeFiles\AL_USDMaya.dir\AL\usdmaya\TransformOperation.cpp.obj
[2023-03-09T13:49:31.553Z]     [284/622] Linking CXX executable plugin\al\usdtransaction\AL\usd\transaction\tests\AL_USDTransactionTests.exe
[2023-03-09T13:49:32.071Z]     [285/622] Building CXX object plugin\al\lib\AL_USDMaya\CMakeFiles\AL_USDMaya.dir\AL\usdmaya\Global.cpp.obj
[2023-03-09T13:49:33.010Z]     [286/622] Building CXX object plugin\al\lib\AL_USDMaya\CMakeFiles\AL_USDMaya.dir\AL\usdmaya\cmds\ListTranslators.cpp.obj
[2023-03-09T13:49:33.440Z]     [287/622] Building CXX object plugin\al\lib\AL_USDMaya\CMakeFiles\AL_USDMaya.dir\AL\usdmaya\cmds\ProxyShapePostLoadProcess.cpp.obj
[2023-03-09T13:49:33.766Z]     [288/622] Building CXX object plugin\al\lib\AL_USDMaya\CMakeFiles\AL_USDMaya.dir\AL\usdmaya\cmds\LayerCommands.cpp.obj
[2023-03-09T13:49:34.308Z]     [289/622] Building CXX object plugin\al\lib\AL_USDMaya\CMakeFiles\AL_USDMaya.dir\AL\usdmaya\fileio\ExportTranslator.cpp.obj
[2023-03-09T13:49:35.136Z]     [290/622] Building CXX object plugin\al\lib\AL_USDMaya\CMakeFiles\AL_USDMaya.dir\AL\usdmaya\cmds\ProxyShapeCommands.cpp.obj
[2023-03-09T13:49:35.768Z]     [291/622] Building CXX object plugin\al\lib\AL_USDMaya\CMakeFiles\AL_USDMaya.dir\AL\usdmaya\cmds\UnloadPrim.cpp.obj
[2023-03-09T13:49:36.192Z]     [292/622] Building CXX object plugin\al\lib\AL_USDMaya\CMakeFiles\AL_USDMaya.dir\AL\usdmaya\fileio\AnimationTranslator.cpp.obj
[2023-03-09T13:49:36.513Z]     [293/622] Building CXX object lib\mayaUsd\python\CMakeFiles\_mayaUsd.dir\module.cpp.obj
[2023-03-09T13:49:36.939Z]     [294/622] Building CXX object plugin\al\lib\AL_USDMaya\CMakeFiles\AL_USDMaya.dir\AL\usdmaya\fileio\SchemaPrims.cpp.obj
[2023-03-09T13:49:37.279Z]     [295/622] Building CXX object plugin\al\lib\AL_USDMaya\CMakeFiles\AL_USDMaya.dir\AL\usdmaya\fileio\TransformIterator.cpp.obj
[2023-03-09T13:49:38.025Z]     [296/622] Building CXX object plugin\al\lib\AL_USDMaya\CMakeFiles\AL_USDMaya.dir\AL\usdmaya\fileio\Export.cpp.obj
[2023-03-09T13:49:38.142Z]     [297/622] Building CXX object plugin\al\lib\AL_USDMaya\CMakeFiles\AL_USDMaya.dir\AL\usdmaya\fileio\Import.cpp.obj
[2023-03-09T13:49:38.972Z]     [298/622] Building CXX object plugin\al\lib\AL_USDMaya\CMakeFiles\AL_USDMaya.dir\AL\usdmaya\fileio\ImportTranslator.cpp.obj
[2023-03-09T13:49:39.093Z]     [299/622] Building CXX object plugin\al\lib\AL_USDMaya\CMakeFiles\AL_USDMaya.dir\AL\usdmaya\fileio\translators\TranslatorBase.cpp.obj
[2023-03-09T13:49:39.428Z]     [300/622] Building CXX object plugin\al\lib\AL_USDMaya\CMakeFiles\AL_USDMaya.dir\AL\usdmaya\fileio\translators\DagNodeTranslator.cpp.obj
[2023-03-09T13:49:39.555Z]     [301/622] Building CXX object plugin\al\lib\AL_USDMaya\CMakeFiles\AL_USDMaya.dir\AL\usdmaya\fileio\NodeFactory.cpp.obj
[2023-03-09T13:49:40.310Z]     [302/622] Building CXX object plugin\al\lib\AL_USDMaya\CMakeFiles\AL_USDMaya.dir\AL\usdmaya\fileio\translators\TranslatorContext.cpp.obj
[2023-03-09T13:49:41.448Z]     [303/622] Building CXX object plugin\al\lib\AL_USDMaya\CMakeFiles\AL_USDMaya.dir\AL\usdmaya\fileio\translators\DgNodeTranslator.cpp.obj
[2023-03-09T13:49:41.574Z]     [304/622] Building CXX object lib\mayaUsd\python\CMakeFiles\_mayaUsd.dir\pythonObjectRegistry.cpp.obj
[2023-03-09T13:49:41.816Z]     [305/622] Building CXX object lib\mayaUsd\python\CMakeFiles\_mayaUsd.dir\wrapBlockSceneModificationContext.cpp.obj
[2023-03-09T13:49:41.932Z]     [306/622] Building CXX object lib\mayaUsd\python\CMakeFiles\_mayaUsd.dir\wrapDiagnosticDelegate.cpp.obj
[2023-03-09T13:49:41.932Z]     [307/622] Building CXX object plugin\al\lib\AL_USDMaya\CMakeFiles\AL_USDMaya.dir\AL\usdmaya\fileio\translators\ExtraDataPlugin.cpp.obj
[2023-03-09T13:49:42.049Z]     [308/622] Building CXX object plugin\al\lib\AL_USDMaya\CMakeFiles\AL_USDMaya.dir\AL\usdmaya\fileio\translators\TranslatorTestPlugin.cpp.obj
[2023-03-09T13:49:42.265Z]     [309/622] Building CXX object lib\mayaUsd\python\CMakeFiles\_mayaUsd.dir\wrapColorSpace.cpp.obj
[2023-03-09T13:49:42.691Z]     [310/622] Building CXX object plugin\al\lib\AL_USDMaya\CMakeFiles\AL_USDMaya.dir\AL\usdmaya\fileio\translators\TestExtraDataPlugin.cpp.obj
[2023-03-09T13:49:42.807Z]     [311/622] Building CXX object plugin\al\lib\AL_USDMaya\CMakeFiles\AL_USDMaya.dir\AL\usdmaya\fileio\translators\TranslatorTestType.cpp.obj
[2023-03-09T13:49:43.027Z]     [312/622] Building CXX object plugin\al\lib\AL_USDMaya\CMakeFiles\AL_USDMaya.dir\AL\usdmaya\fileio\translators\TransformTranslator.cpp.obj
[2023-03-09T13:49:43.952Z]     [313/622] Building CXX object lib\mayaUsd\python\CMakeFiles\_mayaUsd.dir\wrapSparseValueWriter.cpp.obj
[2023-03-09T13:49:45.189Z]     [314/622] Building CXX object lib\mayaUsd\python\CMakeFiles\_mayaUsd.dir\wrapOpUndoItem.cpp.obj
[2023-03-09T13:49:45.317Z]     [315/622] Building CXX object lib\mayaUsd\python\CMakeFiles\_mayaUsd.dir\wrapTokens.cpp.obj
[2023-03-09T13:49:46.049Z]     [316/622] Building CXX object lib\mayaUsd\python\CMakeFiles\_mayaUsd.dir\wrapEditRouter.cpp.obj
[2023-03-09T13:49:46.981Z]     [317/622] Building CXX object lib\mayaUsd\python\CMakeFiles\_mayaUsd.dir\wrapMeshWriteUtils.cpp.obj
[2023-03-09T13:49:47.301Z]     [318/622] Building CXX object lib\mayaUsd\python\CMakeFiles\_mayaUsd.dir\wrapConverter.cpp.obj
[2023-03-09T13:49:47.636Z]     [319/622] Building CXX object lib\mayaUsd\python\CMakeFiles\_mayaUsd.dir\wrapStageCache.cpp.obj
[2023-03-09T13:49:47.636Z]     [320/622] Building CXX object lib\mayaUsd\python\CMakeFiles\_mayaUsd.dir\wrapQuery.cpp.obj
[2023-03-09T13:49:47.855Z]     [321/622] Building CXX object lib\mayaUsd\python\CMakeFiles\_mayaUsd.dir\wrapUsdUndoManager.cpp.obj
[2023-03-09T13:49:48.583Z]     [322/622] Building CXX object lib\mayaUsd\python\CMakeFiles\_mayaUsd.dir\wrapRoundTripUtil.cpp.obj
[2023-03-09T13:49:49.009Z]     [323/622] Building CXX object lib\mayaUsd\python\CMakeFiles\_mayaUsd.dir\wrapReadUtil.cpp.obj
[2023-03-09T13:49:49.128Z]     [324/622] Building CXX object lib\mayaUsd\python\CMakeFiles\_mayaUsd.dir\wrapUserTaggedAttribute.cpp.obj
[2023-03-09T13:49:49.128Z]     [325/622] Building CXX object lib\mayaUsd\python\CMakeFiles\_mayaUsd.dir\wrapAdaptor.cpp.obj
[2023-03-09T13:49:49.242Z]     [326/622] Building CXX object lib\mayaUsd\python\CMakeFiles\_mayaUsd.dir\wrapUtil.cpp.obj
[2023-03-09T13:49:49.964Z]     [327/622] Building CXX object lib\mayaUsd\python\CMakeFiles\_mayaUsd.dir\wrapWriteUtil.cpp.obj
[2023-03-09T13:49:50.794Z]     [328/622] Building CXX object lib\mayaUsd\python\CMakeFiles\_mayaUsd.dir\wrapTranslatorUtil.cpp.obj
[2023-03-09T13:49:51.717Z]     [329/622] Building CXX object lib\mayaUsd\render\mayaToHydra\CMakeFiles\mtoh.dir\tokens.cpp.obj
[2023-03-09T13:49:52.544Z]     [330/622] Building CXX object lib\mayaUsd\render\mayaToHydra\CMakeFiles\mtoh.dir\pluginDebugCodes.cpp.obj
[2023-03-09T13:49:53.178Z]     [331/622] Building CXX object lib\mayaUsd\python\CMakeFiles\_mayaUsd.dir\wrapXformStack.cpp.obj
[2023-03-09T13:49:54.425Z]     [332/622] Building CXX object lib\mayaUsd\python\CMakeFiles\_mayaUsd.dir\wrapImportChaser.cpp.obj
[2023-03-09T13:49:54.426Z]     [333/622] Building CXX object lib\mayaUsd\python\CMakeFiles\_mayaUsd.dir\wrapOpenMaya.cpp.obj
[2023-03-09T13:49:54.547Z]     [334/622] Building CXX object lib\mayaUsd\python\CMakeFiles\_mayaUsd.dir\wrapJobContextRegistry.cpp.obj
[2023-03-09T13:49:54.884Z]     [335/622] Building CXX object lib\mayaUsd\python\CMakeFiles\_mayaUsd.dir\wrapShadingUtil.cpp.obj
[2023-03-09T13:49:55.769Z]     [336/622] Building CXX object lib\usd\hdMaya\CMakeFiles\hdMaya.dir\utils.cpp.obj
[2023-03-09T13:49:56.527Z]     [337/622] Building CXX object lib\mayaUsd\python\CMakeFiles\_mayaUsd.dir\wrapShadingMode.cpp.obj
[2023-03-09T13:49:56.770Z]     [338/622] Building CXX object lib\mayaUsd\python\CMakeFiles\_mayaUsd.dir\wrapExportChaser.cpp.obj
[2023-03-09T13:49:57.202Z]     [339/622] Building CXX object lib\mayaUsd\python\CMakeFiles\_mayaUsd.dir\wrapPrimWriter.cpp.obj
[2023-03-09T13:49:57.524Z]     [340/622] Building CXX object lib\mayaUsd\render\mayaToHydra\CMakeFiles\mtoh.dir\shadingModeExporter.cpp.obj
[2023-03-09T13:49:57.744Z]     [341/622] Building CXX object lib\mayaUsd\python\CMakeFiles\_mayaUsd.dir\wrapSchemaApiAdaptor.cpp.obj
[2023-03-09T13:49:57.866Z]     [342/622] Building CXX object lib\mayaUsd\python\CMakeFiles\_mayaUsd.dir\wrapPrimReader.cpp.obj
[2023-03-09T13:49:57.988Z]     [343/622] Building CXX object lib\usd\hdMaya\CMakeFiles\hdMaya.dir\debugCodes.cpp.obj
[2023-03-09T13:49:57.988Z]     [344/622] Building CXX object lib\usd\hdMaya\CMakeFiles\hdMaya.dir\adapters\adapterDebugCodes.cpp.obj
[2023-03-09T13:49:59.345Z]     [345/622] Building CXX object lib\mayaUsd\render\mayaToHydra\CMakeFiles\mtoh.dir\plugin.cpp.obj
[2023-03-09T13:50:00.173Z]     [346/622] Building CXX object lib\mayaUsd\render\mayaToHydra\CMakeFiles\mtoh.dir\defaultLightDelegate.cpp.obj
[2023-03-09T13:50:00.490Z]     [347/622] Building CXX object lib\mayaUsd\render\mayaToHydra\CMakeFiles\mtoh.dir\utils.cpp.obj
[2023-03-09T13:50:00.604Z]     [348/622] Building CXX object lib\mayaUsd\render\mayaToHydra\CMakeFiles\mtoh.dir\renderGlobals.cpp.obj
[2023-03-09T13:50:01.230Z]     [349/622] Building CXX object lib\usd\hdMaya\CMakeFiles\hdMaya.dir\adapters\mayaAttrs.cpp.obj
[2023-03-09T13:50:01.652Z]     [350/622] Building CXX object lib\mayaUsd\render\mayaToHydra\CMakeFiles\mtoh.dir\renderOverride.cpp.obj
[2023-03-09T13:50:01.775Z]     [351/622] Building CXX object lib\usd\hdMaya\CMakeFiles\hdMaya.dir\adapters\adapter.cpp.obj
[2023-03-09T13:50:02.612Z]     [352/622] Building CXX object lib\usd\hdMaya\CMakeFiles\hdMaya.dir\delegates\delegateDebugCodes.cpp.obj
[2023-03-09T13:50:03.043Z]     [353/622] Building CXX object lib\usd\hdMaya\CMakeFiles\hdMaya.dir\adapters\aiSkydomeLightAdapter.cpp.obj
[2023-03-09T13:50:03.478Z]     [354/622] Building CXX object lib\usd\hdMaya\CMakeFiles\hdMaya.dir\adapters\areaLightAdapter.cpp.obj
[2023-03-09T13:50:03.608Z]     [355/622] Building CXX object lib\usd\hdMaya\CMakeFiles\hdMaya.dir\adapters\dagAdapter.cpp.obj
[2023-03-09T13:50:03.847Z]     [356/622] Building CXX object lib\usd\hdMaya\CMakeFiles\hdMaya.dir\adapters\lightAdapter.cpp.obj
[2023-03-09T13:50:04.170Z]     [357/622] Building CXX object lib\usd\hdMaya\CMakeFiles\hdMaya.dir\adapters\cameraAdapter.cpp.obj
[2023-03-09T13:50:04.170Z]     [358/622] Building CXX object lib\usd\hdMaya\CMakeFiles\hdMaya.dir\adapters\directionalLightAdapter.cpp.obj
[2023-03-09T13:50:04.903Z]     [359/622] Building CXX object lib\usd\hdMaya\CMakeFiles\hdMaya.dir\adapters\tokens.cpp.obj
[2023-03-09T13:50:05.233Z]     [360/622] Building CXX object lib\usd\hdMaya\CMakeFiles\hdMaya.dir\adapters\adapterRegistry.cpp.obj
[2023-03-09T13:50:05.471Z]     [361/622] Building CXX object lib\mayaUsd\render\mayaToHydra\CMakeFiles\mtoh.dir\viewCommand.cpp.obj
[2023-03-09T13:50:06.206Z]     [362/622] Building CXX object lib\usd\hdMaya\CMakeFiles\hdMaya.dir\adapters\nurbsCurveAdapter.cpp.obj
[2023-03-09T13:50:06.831Z]     [363/622] Building CXX object lib\usd\pxrUsdPreviewSurface\CMakeFiles\basePxrUsdPreviewSurface.dir\cpvColor.cpp.obj
[2023-03-09T13:50:07.154Z]     [364/622] Building CXX object lib\usd\hdMaya\CMakeFiles\hdMaya.dir\adapters\meshAdapter.cpp.obj
[2023-03-09T13:50:08.197Z]     [365/622] Building CXX object lib\usd\hdMaya\CMakeFiles\hdMaya.dir\adapters\pointLightAdapter.cpp.obj
[2023-03-09T13:50:08.323Z]     [366/622] Building CXX object lib\usd\hdMaya\CMakeFiles\hdMaya.dir\adapters\proxyAdapter.cpp.obj
[2023-03-09T13:50:08.546Z]     [367/622] Building CXX object lib\usd\hdMaya\CMakeFiles\hdMaya.dir\adapters\shapeAdapter.cpp.obj
[2023-03-09T13:50:09.177Z]     [368/622] Building CXX object lib\usd\hdMaya\CMakeFiles\hdMaya.dir\delegates\delegate.cpp.obj
[2023-03-09T13:50:09.394Z]     [369/622] Building CXX object lib\usd\hdMaya\CMakeFiles\hdMaya.dir\adapters\materialAdapter.cpp.obj
[2023-03-09T13:50:09.613Z]     [370/622] Building CXX object lib\usd\pxrUsdPreviewSurface\CMakeFiles\basePxrUsdPreviewSurface.dir\usdPreviewSurfaceShadingNodeOverride.cpp.obj
[2023-03-09T13:50:10.051Z]     [371/622] Building CXX object lib\usd\hdMaya\CMakeFiles\hdMaya.dir\delegates\delegateRegistry.cpp.obj
[2023-03-09T13:50:10.173Z]     [372/622] Building CXX object lib\usd\pxrUsdPreviewSurface\CMakeFiles\basePxrUsdPreviewSurface.dir\usdPreviewSurface.cpp.obj
[2023-03-09T13:50:10.173Z]     [373/622] Building CXX object lib\usd\hdMaya\CMakeFiles\hdMaya.dir\adapters\spotLightAdapter.cpp.obj
[2023-03-09T13:50:11.337Z]     [374/622] Building CXX object lib\usd\hdMaya\CMakeFiles\hdMaya.dir\adapters\materialNetworkConverter.cpp.obj
[2023-03-09T13:50:11.759Z]     [375/622] Building CXX object lib\usd\hdMaya\CMakeFiles\hdMaya.dir\delegates\delegateCtx.cpp.obj
[2023-03-09T13:50:12.077Z]     [376/622] Building CXX object lib\usd\hdMaya\CMakeFiles\hdMaya.dir\delegates\sceneDelegate.cpp.obj
[2023-03-09T13:50:14.023Z]     [377/622] Building CXX object lib\usd\hdMaya\CMakeFiles\hdMaya.dir\delegates\proxyUsdImagingDelegate.cpp.obj
[2023-03-09T13:50:14.240Z]     [378/622] Building CXX object lib\usd\hdMaya\CMakeFiles\hdMaya.dir\delegates\proxyDelegate.cpp.obj
[2023-03-09T13:50:14.457Z]     [379/622] Building CXX object lib\usd\pxrUsdPreviewSurface\CMakeFiles\basePxrUsdPreviewSurface.dir\usdPreviewSurfacePlugin.cpp.obj
[2023-03-09T13:50:16.303Z]     [380/622] Building CXX object lib\usd\translators\CMakeFiles\mayaUsd_Translators.dir\cameraReader.cpp.obj
[2023-03-09T13:50:16.303Z]     [381/622] Building CXX object lib\usd\pxrUsdPreviewSurface\CMakeFiles\basePxrUsdPreviewSurface.dir\usdPreviewSurfaceWriter.cpp.obj
[2023-03-09T13:50:16.416Z]     [382/622] Building CXX object lib\usd\pxrUsdPreviewSurface\CMakeFiles\basePxrUsdPreviewSurface.dir\usdPreviewSurfaceReader.cpp.obj
[2023-03-09T13:50:16.665Z]     [383/622] Building CXX object lib\usd\hdMaya\CMakeFiles\hdMaya.dir\delegates\testDelegate.cpp.obj
[2023-03-09T13:50:16.665Z]     [384/622] Building CXX object lib\usd\translators\CMakeFiles\mayaUsd_Translators.dir\lightRfMWriter.cpp.obj
[2023-03-09T13:50:16.899Z]     [385/622] Building CXX object lib\usd\translators\CMakeFiles\mayaUsd_Translators.dir\cameraWriter.cpp.obj
[2023-03-09T13:50:16.899Z]     [386/622] Building CXX object lib\usd\translators\CMakeFiles\mayaUsd_Translators.dir\lightWriter.cpp.obj
[2023-03-09T13:50:17.015Z]     [387/622] Building CXX object lib\usd\translators\CMakeFiles\mayaUsd_Translators.dir\lightReader.cpp.obj
[2023-03-09T13:50:17.442Z]     [388/622] Building CXX object lib\usd\translators\CMakeFiles\mayaUsd_Translators.dir\plugin.cpp.obj
[2023-03-09T13:50:18.174Z]     [389/622] Building CXX object lib\usd\translators\CMakeFiles\mayaUsd_Translators.dir\instancerWriter.cpp.obj
[2023-03-09T13:50:18.174Z]     [390/622] Building CXX object lib\usd\translators\CMakeFiles\mayaUsd_Translators.dir\lightRfMReader.cpp.obj
[2023-03-09T13:50:18.508Z]     [391/622] Building CXX object lib\usd\translators\CMakeFiles\mayaUsd_Translators.dir\jointWriter.cpp.obj
[2023-03-09T13:50:19.742Z]     [392/622] Building CXX object lib\usd\translators\CMakeFiles\mayaUsd_Translators.dir\locatorWriter.cpp.obj
[2023-03-09T13:50:20.169Z]     [393/622] Building CXX object lib\usd\translators\CMakeFiles\mayaUsd_Translators.dir\materialReader.cpp.obj
[2023-03-09T13:50:20.169Z]     [394/622] Building CXX object lib\usd\translators\CMakeFiles\mayaUsd_Translators.dir\shading\shadingTokens.cpp.obj
[2023-03-09T13:50:21.933Z]     [395/622] Building CXX object lib\usd\translators\CMakeFiles\mayaUsd_Translators.dir\mayaReferenceReader.cpp.obj
[2023-03-09T13:50:22.156Z]     [396/622] Building CXX object lib\usd\translators\CMakeFiles\mayaUsd_Translators.dir\meshReader.cpp.obj
[2023-03-09T13:50:22.281Z]     [397/622] Building CXX object lib\usd\translators\CMakeFiles\mayaUsd_Translators.dir\meshWriter.cpp.obj
[2023-03-09T13:50:23.631Z]     [398/622] Building CXX object lib\usd\translators\CMakeFiles\mayaUsd_Translators.dir\nurbsPatchReader.cpp.obj
[2023-03-09T13:50:23.631Z]     [399/622] Building CXX object lib\usd\translators\CMakeFiles\mayaUsd_Translators.dir\nurbsCurvesReader.cpp.obj
[2023-03-09T13:50:23.854Z]     [400/622] Building CXX object lib\usd\translators\CMakeFiles\mayaUsd_Translators.dir\scopeReader.cpp.obj
[2023-03-09T13:50:24.520Z]     [401/622] Building CXX object lib\usd\translators\CMakeFiles\mayaUsd_Translators.dir\xformReader.cpp.obj
[2023-03-09T13:50:24.744Z]     [402/622] Building CXX object lib\usd\translators\CMakeFiles\mayaUsd_Translators.dir\strokeWriter.cpp.obj
[2023-03-09T13:50:25.199Z]     [403/622] Building CXX object lib\usd\translators\CMakeFiles\mayaUsd_Translators.dir\particleWriter.cpp.obj
[2023-03-09T13:50:25.530Z]     [404/622] Building CXX object lib\usd\translators\CMakeFiles\mayaUsd_Translators.dir\nurbsCurveWriter.cpp.obj
[2023-03-09T13:50:25.749Z]     [405/622] Building CXX object lib\usd\translators\CMakeFiles\mayaUsd_Translators.dir\nurbsSurfaceWriter.cpp.obj
[2023-03-09T13:50:26.994Z]     [406/622] Building CXX object lib\usd\translators\CMakeFiles\mayaUsd_Translators.dir\meshWriter_BlendShapes.cpp.obj
[2023-03-09T13:50:26.994Z]     [407/622] Building CXX object lib\usd\translators\CMakeFiles\mayaUsd_Translators.dir\skelReader.cpp.obj
[2023-03-09T13:50:28.642Z]     [408/622] Building CXX object lib\usd\translators\CMakeFiles\mayaUsd_Translators.dir\shading\usdBlinnReader.cpp.obj
[2023-03-09T13:50:29.092Z]     [409/622] Building CXX object lib\usd\translators\CMakeFiles\mayaUsd_Translators.dir\shading\usdBlinnWriter.cpp.obj
[2023-03-09T13:50:29.311Z]     [410/622] Building CXX object lib\usd\translators\CMakeFiles\mayaUsd_Translators.dir\shading\usdDisplacementShaderWriter.cpp.obj
[2023-03-09T13:50:29.736Z]     [411/622] Building CXX object lib\usd\translators\CMakeFiles\mayaUsd_Translators.dir\shading\usdFileTextureWriter.cpp.obj
[2023-03-09T13:50:30.055Z]     [412/622] Building CXX object lib\usd\translators\CMakeFiles\mayaUsd_Translators.dir\shading\usdLambertWriter.cpp.obj
[2023-03-09T13:50:30.277Z]     [413/622] Building CXX object lib\usd\schemas\CMakeFiles\mayaUsd_Schemas.dir\tokens.cpp.obj
[2023-03-09T13:50:30.700Z]     [414/622] Building CXX object lib\usd\translators\CMakeFiles\mayaUsd_Translators.dir\shading\usdLambertReader.cpp.obj
[2023-03-09T13:50:30.815Z]     [415/622] Building CXX object lib\usd\schemas\CMakeFiles\_schemas.dir\module.cpp.obj
[2023-03-09T13:50:31.337Z]     [416/622] Building CXX object lib\usd\translators\CMakeFiles\mayaUsd_Translators.dir\shading\usdPhongEWriter.cpp.obj
[2023-03-09T13:50:31.769Z]     [417/622] Building CXX object lib\usd\utils\CMakeFiles\mayaUsdUtils.dir\DebugCodes.cpp.obj
[2023-03-09T13:50:31.884Z]     [418/622] Building CXX object lib\usd\translators\CMakeFiles\mayaUsd_Translators.dir\shading\usdMaterialReader.cpp.obj
[2023-03-09T13:50:32.132Z]     [419/622] Building CXX object lib\usd\translators\CMakeFiles\mayaUsd_Translators.dir\shading\usdPhongReader.cpp.obj
[2023-03-09T13:50:32.357Z]     [420/622] Building CXX object lib\usd\translators\CMakeFiles\mayaUsd_Translators.dir\shading\usdPrimvarReaderFloat3Reader.cpp.obj
[2023-03-09T13:50:32.497Z]     [421/622] Building CXX object lib\usd\translators\CMakeFiles\mayaUsd_Translators.dir\shading\usdMaterialWriter.cpp.obj
[2023-03-09T13:50:32.497Z]     [422/622] Building CXX object lib\usd\utils\CMakeFiles\mayaUsdUtils.dir\DiffCore.cpp.obj
[2023-03-09T13:50:32.619Z]     [423/622] Building CXX object lib\usd\translators\CMakeFiles\mayaUsd_Translators.dir\shading\usdPhongWriter.cpp.obj
[2023-03-09T13:50:32.734Z]     [424/622] Building CXX object lib\usd\schemas\CMakeFiles\mayaUsd_Schemas.dir\ModuleDeps.cpp.obj
[2023-03-09T13:50:33.675Z]     [425/622] Building CXX object lib\usd\schemas\CMakeFiles\_schemas.dir\wrapTokens.cpp.obj
[2023-03-09T13:50:33.893Z]     [426/622] Building CXX object lib\usd\translators\CMakeFiles\mayaUsd_Translators.dir\shading\usdReflectWriter.cpp.obj
[2023-03-09T13:50:34.115Z]     [427/622] Building CXX object lib\usd\translators\CMakeFiles\mayaUsd_Translators.dir\shading\usdUVTextureReader.cpp.obj
[2023-03-09T13:50:34.633Z]     [428/622] Building CXX object lib\usd\schemas\CMakeFiles\mayaUsd_Schemas.dir\MayaReference.cpp.obj
[2023-03-09T13:50:34.954Z]     [429/622] Building CXX object lib\usd\translators\CMakeFiles\mayaUsd_Translators.dir\shading\rfmShaderTranslation.cpp.obj
[2023-03-09T13:50:35.782Z]     [430/622] Building CXX object plugin\al\schemas\AL\usd\schemas\maya\CMakeFiles\AL_USDMayaSchemas.dir\tokens.cpp.obj
[2023-03-09T13:50:36.415Z]     [431/622] Building CXX object lib\usd\schemas\CMakeFiles\mayaUsd_Schemas.dir\ALMayaReference.cpp.obj
[2023-03-09T13:50:36.745Z]     [432/622] Building CXX object lib\usd\utils\CMakeFiles\mayaUsdUtils.dir\MergePrimsOptions.cpp.obj
[2023-03-09T13:50:36.967Z]     [433/622] Linking CXX shared library lib\usd\schemas\mayaUsd_Schemas.dll
[2023-03-09T13:50:37.507Z]     [434/622] Building CXX object lib\usd\schemas\CMakeFiles\_schemas.dir\wrapALMayaReference.cpp.obj
[2023-03-09T13:50:38.047Z]     [435/622] Building CXX object lib\usd\utils\CMakeFiles\mayaUsdUtils.dir\DiffDictionaries.cpp.obj
[2023-03-09T13:50:38.282Z]     [436/622] Building CXX object lib\usd\utils\CMakeFiles\mayaUsdUtils.dir\DiffAttributes.cpp.obj
[2023-03-09T13:50:38.818Z]     [437/622] Building CXX object lib\usd\utils\CMakeFiles\mayaUsdUtils.dir\DiffPrims.cpp.obj
[2023-03-09T13:50:38.935Z]     [438/622] Building CXX object lib\usd\schemas\CMakeFiles\_schemas.dir\wrapMayaReference.cpp.obj
[2023-03-09T13:50:39.152Z]     [439/622] Building CXX object lib\usd\utils\CMakeFiles\mayaUsdUtils.dir\DiffMetadatas.cpp.obj
[2023-03-09T13:50:39.152Z]     [440/622] Building CXX object lib\usd\utils\CMakeFiles\mayaUsdUtils.dir\DiffLists.cpp.obj
[2023-03-09T13:50:39.585Z]     [441/622] Linking CXX shared library lib\usd\schemas\_schemas.pyd
[2023-03-09T13:50:39.585Z]     [442/622] Building CXX object plugin\al\schemas\AL\usd\schemas\maya\CMakeFiles\AL_USDMayaSchemas.dir\ModuleDeps.cpp.obj
[2023-03-09T13:50:40.119Z]     [443/622] Building CXX object lib\usd\utils\CMakeFiles\mayaUsdUtils.dir\DiffValues.cpp.obj
[2023-03-09T13:50:40.776Z]     [444/622] Building CXX object plugin\al\schemas\AL\usd\schemas\maya\CMakeFiles\AL_USDMayaSchemas.dir\FrameRange.cpp.obj
[2023-03-09T13:50:40.776Z]     [445/622] Building CXX object lib\usd\utils\CMakeFiles\mayaUsdUtils.dir\util.cpp.obj
[2023-03-09T13:50:41.196Z]     [446/622] Building CXX object lib\usd\utils\CMakeFiles\mayaUsdUtils.dir\DiffRelationships.cpp.obj
[2023-03-09T13:50:41.413Z]     [447/622] Building CXX object plugin\al\lib\AL_USDMaya\CMakeFiles\_AL_USDMaya.dir\AL\usdmaya\module.cpp.obj
[2023-03-09T13:50:41.835Z]     [448/622] Building CXX object plugin\al\schemas\AL\usd\schemas\maya\CMakeFiles\AL_USDMayaSchemas.dir\ModelAPI.cpp.obj
[2023-03-09T13:50:43.477Z]     [449/622] Building CXX object lib\usd\utils\CMakeFiles\mayaUsdUtils.dir\MergePrims.cpp.obj
[2023-03-09T13:50:44.203Z]     [450/622] Linking CXX shared library lib\usd\utils\mayaUsdUtils.dll
[2023-03-09T13:50:44.723Z]     [451/622] Linking CXX executable test\lib\usd\utils\testDiffCore.exe
[2023-03-09T13:50:45.249Z]     [452/622] Linking CXX executable test\lib\usd\utils\testDiffPrims.exe
[2023-03-09T13:50:45.897Z]     [453/622] Building CXX object plugin\al\lib\AL_USDMaya\CMakeFiles\_AL_USDMaya.dir\AL\usdmaya\wrapStageCache.cpp.obj
[2023-03-09T13:50:46.503Z]     [454/622] Building CXX object plugin\al\lib\AL_USDMaya\CMakeFiles\AL_USDMaya.dir\AL\usdmaya\nodes\RendererManager.cpp.obj
[2023-03-09T13:50:46.503Z]     [455/622] Linking CXX executable test\lib\usd\utils\testDiffValues.exe
[2023-03-09T13:50:46.747Z]     [456/622] Building CXX object plugin\al\lib\AL_USDMaya\CMakeFiles\AL_USDMaya.dir\AL\usdmaya\nodes\ProxyUsdGeomCamera.cpp.obj
[2023-03-09T13:50:46.747Z]     [457/622] Building CXX object plugin\al\lib\AL_USDMaya\CMakeFiles\AL_USDMaya.dir\AL\usdmaya\nodes\Transform.cpp.obj
[2023-03-09T13:50:46.747Z]     [458/622] Building CXX object plugin\al\lib\AL_USDMaya\CMakeFiles\AL_USDMaya.dir\AL\usdmaya\nodes\proxy\PrimFilter.cpp.obj
[2023-03-09T13:50:46.747Z]     [459/622] Linking CXX executable test\lib\usd\utils\testDiffAttributes.exe
[2023-03-09T13:50:46.899Z]     [460/622] Building CXX object plugin\al\lib\AL_USDMaya\CMakeFiles\AL_USDMaya.dir\AL\usdmaya\nodes\BasicTransformationMatrix.cpp.obj
[2023-03-09T13:50:47.125Z]     [461/622] Building CXX object plugin\al\lib\AL_USDMaya\CMakeFiles\AL_USDMaya.dir\AL\usdmaya\nodes\proxy\ProxyShapeMetaData.cpp.obj
[2023-03-09T13:50:47.358Z]     [462/622] Linking CXX executable test\lib\usd\utils\testDiffRelationships.exe
[2023-03-09T13:50:47.358Z]     [463/622] Linking CXX executable test\lib\usd\utils\testDiffLists.exe
[2023-03-09T13:50:47.485Z]     [464/622] Linking CXX executable test\lib\usd\utils\testDiffDictionaries.exe
[2023-03-09T13:50:47.637Z]     [465/622] Linking CXX executable test\lib\usd\utils\testMergePrims.exe
[2023-03-09T13:50:47.637Z]     [466/622] Linking CXX executable test\lib\usd\utils\testDiffMetadatas.exe
[2023-03-09T13:50:47.762Z]     [467/622] Building CXX object plugin\al\lib\AL_USDMaya\CMakeFiles\AL_USDMaya.dir\AL\usdmaya\nodes\ProxyShapeSelection.cpp.obj
[2023-03-09T13:50:47.762Z]     [468/622] Linking CXX executable test\lib\usd\utils\testDiffComputeOverall.exe
[2023-03-09T13:50:48.086Z]     [469/622] Building CXX object plugin\al\lib\AL_USDMaya\CMakeFiles\AL_USDMaya.dir\AL\usdmaya\nodes\Scope.cpp.obj
[2023-03-09T13:50:48.086Z]     [470/622] Linking CXX shared library plugin\al\mayautils\AL\maya\AL_MayaUtils.dll
[2023-03-09T13:50:48.210Z]     [471/622] Building CXX object plugin\al\lib\AL_USDMaya\CMakeFiles\AL_USDMaya.dir\AL\usdmaya\nodes\proxy\ProxyShapeVariantFallbacks.cpp.obj
[2023-03-09T13:50:48.941Z]     [472/622] Linking CXX shared library plugin\al\mayautils\AL\maya\tests\mayaplugintest\AL_MayaUtilsTests.mll
[2023-03-09T13:50:49.158Z]     [473/622] Linking CXX shared library plugin\al\usdmayautils\AL\usdmaya\utils\AL_USDMayaUtils.dll
[2023-03-09T13:50:49.288Z]     [474/622] Building CXX object plugin\al\lib\AL_USDMaya\CMakeFiles\AL_USDMaya.dir\AL\usdmaya\nodes\TransformationMatrix.cpp.obj
[2023-03-09T13:50:50.462Z]     [475/622] Building CXX object plugin\al\lib\AL_USDMaya\CMakeFiles\_AL_USDMaya.dir\AL\usdmaya\nodes\wrapLayerManager.cpp.obj
[2023-03-09T13:50:50.897Z]     [476/622] Building CXX object plugin\al\plugin\AL_USDMayaTestPlugin\CMakeFiles\AL_USDMayaTestPlugin.dir\AL\maya\test_EventHandler.cpp.obj
[2023-03-09T13:50:50.897Z]     [477/622] Linking CXX shared library lib\mayaUsd\mayaUsd.dll
[2023-03-09T13:50:51.121Z]     [478/622] Building CXX object plugin\al\lib\AL_USDMaya\CMakeFiles\AL_USDMaya.dir\AL\usdmaya\nodes\ProxyShape.cpp.obj
[2023-03-09T13:50:51.341Z]     [479/622] Building CXX object plugin\al\lib\AL_USDMaya\CMakeFiles\_AL_USDMaya.dir\AL\usdmaya\nodes\wrapProxyShape.cpp.obj
[2023-03-09T13:50:51.672Z]     [480/622] Linking CXX shared library test\lib\usd\plugin\usdTestMayaPlugin.mll
[2023-03-09T13:50:51.891Z]     [481/622] Linking CXX shared library test\lib\usd\plugin\usdTestUsdPlugin.dll
[2023-03-09T13:50:52.219Z]     [482/622] Linking CXX shared library test\lib\usd\plugin\usdTestApiWriter.dll
[2023-03-09T13:50:52.450Z]     [483/622] Linking CXX shared library test\lib\usd\plugin\usdTestInfoImportChaser.mll
[2023-03-09T13:50:52.875Z]     [484/622] Building CXX object plugin\al\lib\AL_USDMaya\CMakeFiles\_AL_USDMaya.dir\AL\usdmaya\fileio\translators\wrapTranslatorContext.cpp.obj
[2023-03-09T13:50:53.091Z]     [485/622] Linking CXX shared library plugin\pxr\maya\lib\usdMaya\usdMaya.dll
[2023-03-09T13:50:53.616Z]     [486/622] Linking CXX shared library lib\usd\pxrUsdPreviewSurface\basePxrUsdPreviewSurface.dll
[2023-03-09T13:50:53.737Z]     [487/622] Linking CXX shared library lib\usd\hdMaya\hdMaya.dll
[2023-03-09T13:50:53.853Z]     [488/622] Linking CXX shared library plugin\pxr\maya\lib\usdMaya\_usdMaya.pyd
[2023-03-09T13:50:53.967Z]     [489/622] Linking CXX shared library lib\mayaUsd\python\_mayaUsd.pyd
[2023-03-09T13:50:54.496Z]     [490/622] Linking CXX shared library plugin\pxr\maya\plugin\pxrUsdPreviewSurface\pxrUsdPreviewSurface.mll
[2023-03-09T13:50:54.694Z]     [491/622] Linking CXX shared library plugin\pxr\maya\plugin\pxrUsd\pxrUsd.mll
[2023-03-09T13:50:54.972Z]     [492/622] Linking CXX shared library lib\mayaUsd\render\mayaToHydra\mtoh.mll
[2023-03-09T13:50:55.653Z]     [493/622] Linking CXX shared library lib\usd\translators\mayaUsd_Translators.dll
[2023-03-09T13:50:56.620Z]     [494/622] Linking CXX shared library plugin\al\lib\AL_USDMaya\AL_USDMaya.dll
[2023-03-09T13:50:57.603Z]     [495/622] Building CXX object plugin\al\plugin\AL_USDMayaTestPlugin\CMakeFiles\AL_USDMayaTestPlugin.dir\AL\maya\test_MayaEventManager.cpp.obj
[2023-03-09T13:50:58.378Z]     [496/622] Building CXX object plugin\al\plugin\AL_USDMayaTestPlugin\CMakeFiles\AL_USDMayaTestPlugin.dir\AL\usdmaya\commands\test_LayerCommands.cpp.obj
[2023-03-09T13:50:58.849Z]     [497/622] Building CXX object plugin\al\plugin\AL_USDMayaPlugin\CMakeFiles\AL_USDMayaPlugin.dir\plugin.cpp.obj
[2023-03-09T13:50:59.399Z]     [498/622] Building CXX object plugin\al\plugin\AL_USDMayaTestPlugin\CMakeFiles\AL_USDMayaTestPlugin.dir\AL\usdmaya\fileio\export_blendshape.cpp.obj
[2023-03-09T13:50:59.399Z]     [499/622] Building CXX object plugin\al\plugin\AL_USDMayaTestPlugin\CMakeFiles\AL_USDMayaTestPlugin.dir\AL\usdmaya\commands\test_ExportCommands.cpp.obj
[2023-03-09T13:50:59.536Z]     [500/622] Building CXX object plugin\al\plugin\AL_USDMayaTestPlugin\CMakeFiles\AL_USDMayaTestPlugin.dir\AL\usdmaya\fileio\export_misc.cpp.obj
[2023-03-09T13:50:59.867Z]     [501/622] Building CXX object plugin\al\plugin\AL_USDMayaTestPlugin\CMakeFiles\AL_USDMayaTestPlugin.dir\AL\usdmaya\commands\test_TranslateCommand.cpp.obj
[2023-03-09T13:50:59.987Z]     [502/622] Linking CXX shared library plugin\al\plugin\AL_USDMayaPlugin\AL_USDMayaPlugin.mll
[2023-03-09T13:51:00.166Z]     [503/622] Building CXX object plugin\al\plugin\AL_USDMayaTestPlugin\CMakeFiles\AL_USDMayaTestPlugin.dir\AL\maya\test_MatrixToSRT.cpp.obj
[2023-03-09T13:51:00.532Z]     [504/622] Building CXX object plugin\al\plugin\AL_USDMayaTestPlugin\CMakeFiles\AL_USDMayaTestPlugin.dir\plugin.cpp.obj
[2023-03-09T13:51:01.957Z]     [505/622] Building CXX object plugin\al\lib\AL_USDMaya\CMakeFiles\_AL_USDMaya.dir\AL\usdmaya\fileio\translators\wrapTranslatorBase.cpp.obj
[2023-03-09T13:51:02.181Z]     [506/622] Building CXX object plugin\al\plugin\AL_USDMayaTestPlugin\CMakeFiles\AL_USDMayaTestPlugin.dir\AL\usdmaya\commands\test_ProxyShapeImport.cpp.obj
[2023-03-09T13:51:03.027Z]     [507/622] Linking CXX shared library plugin\al\lib\AL_USDMaya\_AL_USDMaya.pyd
[2023-03-09T13:51:03.027Z]     [508/622] Automatic MOC and UIC for target mayaUsdUI
[2023-03-09T13:51:03.345Z]     [509/622] Automatic RCC for layerEditor/resources.qrc
[2023-03-09T13:51:03.564Z]     [510/622] Automatic RCC for importDialog/images/ui.qrc
[2023-03-09T13:51:04.892Z]     [511/622] Building CXX object plugin\al\plugin\AL_USDMayaTestPlugin\CMakeFiles\AL_USDMayaTestPlugin.dir\AL\usdmaya\commands\test_LayerManagerCommands.cpp.obj
[2023-03-09T13:51:06.325Z]     [512/622] Building CXX object plugin\al\plugin\AL_USDMayaTestPlugin\CMakeFiles\AL_USDMayaTestPlugin.dir\AL\usdmaya\fileio\export_import_instancing.cpp.obj
[2023-03-09T13:51:08.309Z]     [513/622] Building CXX object plugin\al\plugin\AL_USDMayaTestPlugin\CMakeFiles\AL_USDMayaTestPlugin.dir\AL\usdmaya\fileio\export_constraints.cpp.obj
[2023-03-09T13:51:08.539Z]     [514/622] Building CXX object plugin\al\plugin\AL_USDMayaTestPlugin\CMakeFiles\AL_USDMayaTestPlugin.dir\AL\usdmaya\fileio\export_ik.cpp.obj
[2023-03-09T13:51:08.656Z]     [515/622] Building CXX object plugin\al\plugin\AL_USDMayaTestPlugin\CMakeFiles\AL_USDMayaTestPlugin.dir\AL\usdmaya\fileio\export_lattice.cpp.obj
[2023-03-09T13:51:09.204Z]     [516/622] Building CXX object plugin\al\plugin\AL_USDMayaTestPlugin\CMakeFiles\AL_USDMayaTestPlugin.dir\AL\usdmaya\fileio\import_playback_range.cpp.obj
[2023-03-09T13:51:09.324Z]     [517/622] Building CXX object plugin\al\plugin\AL_USDMayaTestPlugin\CMakeFiles\AL_USDMayaTestPlugin.dir\AL\usdmaya\fileio\export_multiple_shapes.cpp.obj
[2023-03-09T13:51:09.324Z]     [518/622] Building CXX object plugin\al\plugin\AL_USDMayaTestPlugin\CMakeFiles\AL_USDMayaTestPlugin.dir\AL\usdmaya\fileio\import_instances.cpp.obj
[2023-03-09T13:51:09.470Z]     [519/622] Building CXX object plugin\al\plugin\AL_USDMayaTestPlugin\CMakeFiles\AL_USDMayaTestPlugin.dir\AL\usdmaya\fileio\export_unmerged.cpp.obj
[2023-03-09T13:51:09.586Z]     [520/622] Building CXX object lib\usd\ui\CMakeFiles\mayaUsdUI.dir\layerEditor\generatedIconButton.cpp.obj
[2023-03-09T13:51:09.586Z]     [521/622] Building CXX object plugin\al\plugin\AL_USDMayaTestPlugin\CMakeFiles\AL_USDMayaTestPlugin.dir\AL\usdmaya\fileio\export_nonlinear.cpp.obj
[2023-03-09T13:51:10.109Z]     [522/622] Building CXX object plugin\al\plugin\AL_USDMayaTestPlugin\CMakeFiles\AL_USDMayaTestPlugin.dir\AL\usdmaya\fileio\test_activeInActiveTranslators.cpp.obj
[2023-03-09T13:51:10.534Z]     [523/622] Building CXX object plugin\al\plugin\AL_USDMayaTestPlugin\CMakeFiles\AL_USDMayaTestPlugin.dir\AL\usdmaya\nodes\test_ExtraDataPlugin.cpp.obj
[2023-03-09T13:51:11.782Z]     [524/622] Building CXX object lib\usd\ui\CMakeFiles\mayaUsdUI.dir\layerEditor\dirtyLayersCountBadge.cpp.obj
[2023-03-09T13:51:12.322Z]     [525/622] Building CXX object plugin\al\plugin\AL_USDMayaTestPlugin\CMakeFiles\AL_USDMayaTestPlugin.dir\AL\usdmaya\nodes\proxy\test_PrimFilter.cpp.obj
[2023-03-09T13:51:12.540Z]     [526/622] Building CXX object plugin\al\plugin\AL_USDMayaTestPlugin\CMakeFiles\AL_USDMayaTestPlugin.dir\AL\usdmaya\nodes\test_LayerManager.cpp.obj
[2023-03-09T13:51:12.540Z]     [527/622] Building CXX object lib\usd\ui\CMakeFiles\mayaUsdUI.dir\mayaUsdUI_autogen\mocs_compilation.cpp.obj
[2023-03-09T13:51:12.679Z]     [528/622] Building CXX object lib\usd\ui\CMakeFiles\mayaUsdUI.dir\layerEditor\mayaQtUtils.cpp.obj
[2023-03-09T13:51:13.513Z]     [529/622] Building CXX object lib\usd\ui\CMakeFiles\mayaUsdUI.dir\layerEditor\stringResources.cpp.obj
[2023-03-09T13:51:15.176Z]     [530/622] Building CXX object plugin\al\plugin\AL_USDMayaTestPlugin\CMakeFiles\AL_USDMayaTestPlugin.dir\AL\usdmaya\nodes\test_ProxyShape.cpp.obj
[2023-03-09T13:51:15.707Z]     [531/622] Building CXX object lib\usd\ui\CMakeFiles\mayaUsdUI.dir\layerEditor\layerTreeModel.cpp.obj
[2023-03-09T13:51:15.931Z]     [532/622] Building CXX object lib\usd\ui\CMakeFiles\mayaUsdUI.dir\layerEditor\qtUtils.cpp.obj
[2023-03-09T13:51:16.754Z]     [533/622] Building CXX object lib\usd\ui\CMakeFiles\mayaUsdUI.dir\layerEditor\mayaCommandHook.cpp.obj
[2023-03-09T13:51:18.405Z]     [534/622] Building CXX object lib\usd\ui\CMakeFiles\mayaUsdUI.dir\layerEditor\layerEditorWidget.cpp.obj
[2023-03-09T13:51:18.405Z]     [535/622] Building CXX object lib\usd\ui\CMakeFiles\mayaUsdUI.dir\layerEditor\pathChecker.cpp.obj
[2023-03-09T13:51:18.405Z]     [536/622] Building CXX object lib\usd\ui\CMakeFiles\mayaUsdUI.dir\layerEditor\layerTreeItemDelegate.cpp.obj
[2023-03-09T13:51:18.866Z]     [537/622] Building CXX object lib\usd\ui\CMakeFiles\mayaUsdUI.dir\layerEditor\loadLayersDialog.cpp.obj
[2023-03-09T13:51:18.988Z]     [538/622] Building CXX object lib\usd\ui\CMakeFiles\mayaUsdUI.dir\layerEditor\layerTreeView.cpp.obj
[2023-03-09T13:51:18.988Z]     [539/622] Building CXX object lib\usd\ui\CMakeFiles\mayaUsdUI.dir\mayaUsdUI_autogen\5WMDHDZAMM\qrc_resources.cpp.obj
[2023-03-09T13:51:18.988Z]     [540/622] Building CXX object lib\usd\ui\CMakeFiles\mayaUsdUI.dir\layerEditor\mayaLayerEditorWindow.cpp.obj
[2023-03-09T13:51:18.988Z]     [541/622] Building CXX object lib\usd\ui\CMakeFiles\mayaUsdUI.dir\mayaUsdUI_autogen\AUCU3ACLTF\qrc_ui.cpp.obj
[2023-03-09T13:51:19.206Z]     [542/622] Building CXX object lib\usd\ui\CMakeFiles\mayaUsdUI.dir\layerEditor\sessionState.cpp.obj
[2023-03-09T13:51:19.206Z]     [543/622] Building CXX object lib\usd\ui\CMakeFiles\mayaUsdUI.dir\layerEditor\mayaSessionState.cpp.obj
[2023-03-09T13:51:19.325Z]     [544/622] Building CXX object lib\usd\ui\CMakeFiles\mayaUsdUI.dir\layerEditor\layerTreeItem.cpp.obj
[2023-03-09T13:51:19.445Z]     [545/622] Building CXX object lib\usd\ui\CMakeFiles\mayaUsdUI.dir\initStringResources.cpp.obj
[2023-03-09T13:51:19.765Z]     [546/622] Building CXX object lib\usd\ui\CMakeFiles\mayaUsdUI.dir\importDialog\USDQtUtil.cpp.obj
[2023-03-09T13:51:19.886Z]     [547/622] Building CXX object lib\usd\ui\CMakeFiles\mayaUsdUI.dir\layerEditor\warningDialogs.cpp.obj
[2023-03-09T13:51:20.913Z]     [548/622] Building CXX object lib\usd\ui\CMakeFiles\mayaUsdUI.dir\layerEditor\stageSelectorWidget.cpp.obj
[2023-03-09T13:51:21.132Z]     [549/622] Building CXX object lib\usd\ui\CMakeFiles\mayaUsdUI.dir\importDialog\TreeModelFactory.cpp.obj
[2023-03-09T13:51:21.859Z]     [550/622] Building CXX object lib\usd\ui\CMakeFiles\mayaUsdUI.dir\layerEditor\saveLayersDialog.cpp.obj
[2023-03-09T13:51:23.098Z]     [551/622] Building CXX object lib\usd\ui\CMakeFiles\mayaUsdUI.dir\importDialog\USDImportDialog.cpp.obj
[2023-03-09T13:51:23.431Z]     [552/622] Building CXX object lib\usd\ui\CMakeFiles\mayaUsdUI.dir\importDialog\ItemDelegate.cpp.obj
[2023-03-09T13:51:23.749Z]     [553/622] Building CXX object lib\usd\ui\CMakeFiles\mayaUsdUI.dir\importDialog\TreeModel.cpp.obj
[2023-03-09T13:51:25.489Z]     [554/622] Building CXX object lib\usd\ui\CMakeFiles\mayaUsdUI.dir\importDialog\TreeItem.cpp.obj
[2023-03-09T13:51:26.109Z]     [555/622] Building CXX object lib\usd\ui\CMakeFiles\mayaUsdUI.dir\importDialog\USDImportDialogCmd.cpp.obj
[2023-03-09T13:51:27.464Z]     [556/622] Building CXX object plugin\al\plugin\AL_USDMayaTestPlugin\CMakeFiles\AL_USDMayaTestPlugin.dir\AL\usdmaya\nodes\test_ProxyShapeSelectabilityDB.cpp.obj
[2023-03-09T13:51:27.939Z]     [557/622] Linking CXX shared library lib\usd\ui\mayaUsdUI.dll
[2023-03-09T13:51:27.939Z]     [558/622] Building CXX object plugin\al\plugin\AL_USDMayaTestPlugin\CMakeFiles\AL_USDMayaTestPlugin.dir\AL\usdmaya\nodes\test_Transform.cpp.obj
[2023-03-09T13:51:28.169Z]     [559/622] Automatic MOC and UIC for target testMayaUsdUI
[2023-03-09T13:51:28.921Z]     [560/622] Building CXX object plugin\al\plugin\AL_USDMayaTestPlugin\CMakeFiles\AL_USDMayaTestPlugin.dir\AL\usdmaya\nodes\test_lockPrims.cpp.obj
[2023-03-09T13:51:29.057Z]     [561/622] Building CXX object lib\usd\ui\importDialogDemo\CMakeFiles\testMayaUsdUI.dir\testMayaUsdUI_autogen\mocs_compilation.cpp.obj
[2023-03-09T13:51:29.200Z]     [562/622] Building CXX object plugin\al\plugin\AL_USDMayaTestPlugin\CMakeFiles\AL_USDMayaTestPlugin.dir\AL\usdmaya\nodes\test_ScopeMatrix.cpp.obj
[2023-03-09T13:51:29.200Z]     [563/622] Building CXX object plugin\al\plugin\AL_USDMayaTestPlugin\CMakeFiles\AL_USDMayaTestPlugin.dir\AL\usdmaya\nodes\test_VariantFallbacks.cpp.obj
[2023-03-09T13:51:30.049Z]     [564/622] Building CXX object plugin\al\plugin\AL_USDMayaTestPlugin\CMakeFiles\AL_USDMayaTestPlugin.dir\test_translators_AnimationTranslator.cpp.obj
[2023-03-09T13:51:30.271Z]     [565/622] Building CXX object plugin\al\plugin\AL_USDMayaTestPlugin\CMakeFiles\AL_USDMayaTestPlugin.dir\AL\usdmaya\nodes\test_ProxyUsdGeomCamera.cpp.obj
[2023-03-09T13:51:30.398Z]     [566/622] Building CXX object plugin\al\plugin\AL_USDMayaTestPlugin\CMakeFiles\AL_USDMayaTestPlugin.dir\AL\usdmaya\test_DiffGeom.cpp.obj
[2023-03-09T13:51:31.023Z]     [567/622] Linking CXX shared library plugin\al\schemas\AL\usd\schemas\maya\AL_USDMayaSchemas.dll
[2023-03-09T13:51:31.262Z]     [568/622] Building CXX object plugin\al\schemas\AL\usd\schemas\maya\CMakeFiles\_AL_USDMayaSchemas.dir\module.cpp.obj
[2023-03-09T13:51:31.595Z]     [569/622] Building CXX object plugin\al\plugin\AL_USDMayaTestPlugin\CMakeFiles\AL_USDMayaTestPlugin.dir\AL\usdmaya\nodes\test_ActiveInactive.cpp.obj
[2023-03-09T13:51:31.716Z]     [570/622] Building CXX object plugin\al\plugin\AL_USDMayaTestPlugin\CMakeFiles\AL_USDMayaTestPlugin.dir\AL\usdmaya\nodes\test_TransformMatrix.cpp.obj
[2023-03-09T13:51:32.247Z]     [571/622] Building CXX object plugin\al\plugin\AL_USDMayaTestPlugin\CMakeFiles\AL_USDMayaTestPlugin.dir\test_translators_Translator.cpp.obj
[2023-03-09T13:51:32.976Z]     [572/622] Building CXX object plugin\al\plugin\AL_USDMayaTestPlugin\CMakeFiles\AL_USDMayaTestPlugin.dir\AL\usdmaya\nodes\test_TranslatorContext.cpp.obj
[2023-03-09T13:51:34.135Z]     [573/622] Building CXX object plugin\al\plugin\AL_USDMayaTestPlugin\CMakeFiles\AL_USDMayaTestPlugin.dir\test_translators_CameraTranslator.cpp.obj
[2023-03-09T13:51:34.756Z]     [574/622] Building CXX object plugin\al\plugin\AL_USDMayaTestPlugin\CMakeFiles\AL_USDMayaTestPlugin.dir\AL\usdmaya\test_DiffPrimVar.cpp.obj
[2023-03-09T13:51:34.977Z]     [575/622] Building CXX object plugin\al\schemas\AL\usd\schemas\maya\tests\CMakeFiles\testMayaSchemas.dir\main.cpp.obj
[2023-03-09T13:51:35.318Z]     [576/622] Building CXX object plugin\al\schemas\AL\usd\schemas\mayatest\CMakeFiles\_AL_USDMayaSchemasTest.dir\module.cpp.obj
[2023-03-09T13:51:35.679Z]     [577/622] Building CXX object plugin\al\schemas\AL\usd\schemas\maya\CMakeFiles\_AL_USDMayaSchemas.dir\wrapTokens.cpp.obj
[2023-03-09T13:51:36.106Z]     [578/622] Building CXX object lib\usd\ui\importDialogDemo\CMakeFiles\testMayaUsdUI.dir\testMayaUsdUI.cpp.obj
[2023-03-09T13:51:36.325Z]     [579/622] Building CXX object plugin\al\schemas\AL\usd\schemas\mayatest\CMakeFiles\AL_USDMayaSchemasTest.dir\tokens.cpp.obj
[2023-03-09T13:51:36.645Z]     [580/622] Building CXX object plugin\al\plugin\AL_USDMayaTestPlugin\CMakeFiles\AL_USDMayaTestPlugin.dir\test_translators_MeshTranslator.cpp.obj
[2023-03-09T13:51:36.967Z]     [581/622] Linking CXX executable lib\usd\ui\importDialogDemo\testMayaUsdUI.exe
[2023-03-09T13:51:37.293Z]     [582/622] Building CXX object plugin\al\plugin\AL_USDMayaTestPlugin\CMakeFiles\AL_USDMayaTestPlugin.dir\test_translators_PythonBindings.cpp.obj
[2023-03-09T13:51:38.036Z]     [583/622] Building CXX object plugin\al\schemas\AL\usd\schemas\maya\CMakeFiles\_AL_USDMayaSchemas.dir\wrapModelAPI.cpp.obj
[2023-03-09T13:51:38.157Z]     [584/622] Building CXX object plugin\al\schemas\AL\usd\schemas\mayatest\CMakeFiles\AL_USDMayaSchemasTest.dir\ModuleDeps.cpp.obj
[2023-03-09T13:51:38.376Z]     [585/622] Building CXX object plugin\al\plugin\AL_USDMayaTestPlugin\CMakeFiles\AL_USDMayaTestPlugin.dir\test_translators_NurbsCurveTranslator.cpp.obj
[2023-03-09T13:51:38.493Z]     [586/622] Building CXX object plugin\al\translators\CMakeFiles\AL_USDMayaTranslators.dir\CommonTranslatorOptions.cpp.obj
[2023-03-09T13:51:39.439Z]     [587/622] Building CXX object plugin\al\schemas\AL\usd\schemas\maya\tests\CMakeFiles\testMayaSchemas.dir\testModelAPI.cpp.obj
[2023-03-09T13:51:39.556Z]     [588/622] Building CXX object plugin\al\schemas\AL\usd\schemas\mayatest\CMakeFiles\_AL_USDMayaSchemasTest.dir\wrapTokens.cpp.obj
[2023-03-09T13:51:39.675Z]     [589/622] Building CXX object plugin\al\plugin\AL_USDMayaTestPlugin\CMakeFiles\AL_USDMayaTestPlugin.dir\test_usdmaya.cpp.obj
[2023-03-09T13:51:40.013Z]     [590/622] Building CXX object plugin\al\translators\pxrUsdTranslators\CMakeFiles\AL_USDMayaPxrTranslators.dir\plugin.cpp.obj
[2023-03-09T13:51:40.138Z]     [591/622] Building CXX object plugin\al\schemas\AL\usd\schemas\maya\tests\CMakeFiles\testMayaSchemas.dir\testMayaSchemas.cpp.obj
[2023-03-09T13:51:40.825Z]     [592/622] Building CXX object plugin\al\schemas\AL\usd\schemas\maya\CMakeFiles\_AL_USDMayaSchemas.dir\wrapFrameRange.cpp.obj
[2023-03-09T13:51:40.964Z]     [593/622] Linking CXX executable plugin\al\schemas\AL\usd\schemas\maya\tests\testMayaSchemas.exe
[2023-03-09T13:51:41.493Z]     [594/622] Building CXX object plugin\al\schemas\AL\usd\schemas\mayatest\CMakeFiles\AL_USDMayaSchemasTest.dir\ExamplePolyCubeNode.cpp.obj
[2023-03-09T13:51:41.629Z]     [595/622] Building CXX object plugin\al\plugin\AL_USDMayaTestPlugin\CMakeFiles\AL_USDMayaTestPlugin.dir\test_usdmaya_AttributeType.cpp.obj
[2023-03-09T13:51:41.629Z]     [596/622] Linking CXX shared library plugin\al\schemas\AL\usd\schemas\maya\_AL_USDMayaSchemas.pyd
[2023-03-09T13:51:41.749Z]     [597/622] Building CXX object plugin\adsk\plugin\CMakeFiles\mayaUsdPlugin.dir\adskListShadingModesCommand.cpp.obj
[2023-03-09T13:51:41.880Z]     [598/622] Building CXX object plugin\al\plugin\AL_USDMayaTestPlugin\CMakeFiles\AL_USDMayaTestPlugin.dir\test_translators_TransformTranslator.cpp.obj
[2023-03-09T13:51:42.101Z]     [599/622] Linking CXX shared library plugin\al\schemas\AL\usd\schemas\mayatest\AL_USDMayaSchemasTest.dll
[2023-03-09T13:51:42.101Z]     [600/622] Building CXX object plugin\al\plugin\AL_USDMayaTestPlugin\CMakeFiles\AL_USDMayaTestPlugin.dir\test_translators_DgTranslator.cpp.obj
[2023-03-09T13:51:42.217Z]     [601/622] Building CXX object plugin\adsk\plugin\CMakeFiles\mayaUsdPlugin.dir\adskListJobContextsCommand.cpp.obj
[2023-03-09T13:51:44.285Z]     [602/622] Linking CXX shared library plugin\al\plugin\AL_USDMayaTestPlugin\AL_USDMayaTestPlugin.mll
[2023-03-09T13:51:44.614Z]     [603/622] Building CXX object plugin\al\schemas\AL\usd\schemas\mayatest\CMakeFiles\_AL_USDMayaSchemasTest.dir\wrapExamplePolyCubeNode.cpp.obj
[2023-03-09T13:51:44.942Z]     [604/622] Building CXX object plugin\al\translators\CMakeFiles\AL_USDMayaTranslators.dir\FrameRange.cpp.obj
[2023-03-09T13:51:45.263Z]     [605/622] Linking CXX shared library plugin\al\schemas\AL\usd\schemas\mayatest\_AL_USDMayaSchemasTest.pyd
[2023-03-09T13:51:46.393Z]     [606/622] Building CXX object plugin\al\translators\CMakeFiles\AL_USDMayaTranslators.dir\MayaReference.cpp.obj
[2023-03-09T13:51:46.837Z]     [607/622] Building CXX object plugin\al\translators\CMakeFiles\AL_USDMayaTranslators.dir\NurbsCurve.cpp.obj
[2023-03-09T13:51:46.952Z]     [608/622] Building CXX object plugin\al\translators\CMakeFiles\AL_USDMayaTranslators.dir\DirectionalLight.cpp.obj
[2023-03-09T13:51:47.274Z]     [609/622] Building CXX object plugin\al\translators\CMakeFiles\AL_USDMayaTranslators.dir\Camera.cpp.obj
[2023-03-09T13:51:47.591Z]     [610/622] Building CXX object plugin\al\translators\CMakeFiles\AL_USDMayaTranslators.dir\Mesh.cpp.obj
[2023-03-09T13:51:47.909Z]     [611/622] Building CXX object plugin\adsk\plugin\CMakeFiles\mayaUsdPlugin.dir\adskImportCommand.cpp.obj
[2023-03-09T13:51:48.022Z]     [612/622] Building CXX object plugin\adsk\plugin\CMakeFiles\mayaUsdPlugin.dir\adskStageLoadUnloadCommands.cpp.obj
[2023-03-09T13:51:48.137Z]     [613/622] Building CXX object plugin\adsk\plugin\CMakeFiles\mayaUsdPlugin.dir\ProxyShape.cpp.obj
[2023-03-09T13:51:48.354Z]     [614/622] Linking CXX shared library plugin\al\translators\AL_USDMayaTranslators.dll
[2023-03-09T13:51:48.673Z]     [615/622] Building CXX object plugin\adsk\plugin\CMakeFiles\mayaUsdPlugin.dir\adskExportCommand.cpp.obj
[2023-03-09T13:51:48.991Z]     [616/622] Building CXX object plugin\adsk\plugin\CMakeFiles\mayaUsdPlugin.dir\geomNode.cpp.obj
[2023-03-09T13:51:49.104Z]     [617/622] Building CXX object plugin\al\translators\pxrUsdTranslators\CMakeFiles\AL_USDMayaPxrTranslators.dir\ProxyShapeTranslator.cpp.obj
[2023-03-09T13:51:49.827Z]     [618/622] Linking CXX shared library plugin\al\translators\pxrUsdTranslators\AL_USDMayaPxrTranslators.mll
[2023-03-09T13:51:50.245Z]     [619/622] Building CXX object plugin\adsk\plugin\CMakeFiles\mayaUsdPlugin.dir\importTranslator.cpp.obj
[2023-03-09T13:51:50.866Z]     [620/622] Building CXX object plugin\adsk\plugin\CMakeFiles\mayaUsdPlugin.dir\plugin.cpp.obj
[2023-03-09T13:51:51.079Z]     [621/622] Building CXX object plugin\adsk\plugin\CMakeFiles\mayaUsdPlugin.dir\exportTranslator.cpp.obj
[2023-03-09T13:51:51.995Z]     [622/622] Linking CXX shared module plugin\adsk\plugin\mayaUsdPlugin.mll
[2023-03-09T13:51:51.995Z]     
[2023-03-09T13:51:51.995Z]         Building with settings:
[2023-03-09T13:51:51.995Z]           Source directory          S:\jenkins\workspace\ECP\ecg-maya-usd\ecg-mayausd-branch-preflight-2019-no-ufe-windows\ecg-maya-usd\maya-usd
[2023-03-09T13:51:51.995Z]           Workspace directory       W:\
[2023-03-09T13:51:51.995Z]           Build directory           W:\build\RelWithDebInfo
[2023-03-09T13:51:51.995Z]           Install directory         W:\install\RelWithDebInfo\MayaUSD
[2023-03-09T13:51:51.995Z]           Variant                   RelWithDebInfo
[2023-03-09T13:51:51.995Z]           Python Debug              Off
[2023-03-09T13:51:51.995Z]           CMake generator           Ninja
[2023-03-09T13:51:51.995Z]           Build arguments           ['-DCMAKE_MAKE_PROGRAM=P:/shared/Artifactory/Windows/ninja/1.9.0/c68f192/ninja.exe', '-DPYTHON_INCLUDE_DIR=P:/shared/Artifactory/Windows/rundev-2019/202003131251/runtime/155eb96/runTime/include/Python2.7', '-DPython_EXECUTABLE=P:/shared/Artifactory/Windows/rundev-2019/202003131251/runtime/155eb96/runTime/bin/mayapy.exe', '-DPYTHON_LIBRARIES=P:/shared/Artifactory/Windows/rundev-2019/202003131251/runtime/155eb96/runTime/lib/python27.lib', '-DCMAKE_WANT_UFE_BUILD=OFF', '-DUSD_LIB_PREFIX=', '-DCMAKE_WANT_MATERIALX_BUILD=ON', '-DCMAKE_PREFIX_PATH=P:\\shared\\Artifactory\\Windows\\USD\\cfb3d8a']
[2023-03-09T13:51:51.995Z]           Stages arguments          ['build']
[2023-03-09T13:51:51.995Z]           CTest arguments           ['-E testUsdReferenceAssemblySelection|testUsdMayaAppDir', '-LE interactive', '--parallel 16']
[2023-03-09T13:51:51.995Z]     Success MayaUSD build and install !!!!
[2023-03-09T13:51:51.995Z]     Elapsed time: 00:04:14
[Pipeline] bat
[2023-03-09T13:51:52.266Z] Deleting alias drive W:
[Pipeline] bat
[2023-03-09T13:51:52.645Z] Deleting alias drive P:
[Pipeline] }
[Pipeline] // withEnv
[Pipeline] }
[Pipeline] // timeout
[Pipeline] }
[Pipeline] // stage
[Pipeline] }
[Pipeline] // timestamps
[Pipeline] timestamps
[Pipeline] {
[Pipeline] stage
[Pipeline] { (Install)
[Pipeline] timeout
[2023-03-09T13:51:52.919Z] Timeout set to expire in 6 hr 0 min
[Pipeline] {
[Pipeline] withEnv
[Pipeline] {
[Pipeline] bat
[2023-03-09T13:51:53.203Z] Creating alias drive P: to S:\jenkins\workspace
[Pipeline] bat
[2023-03-09T13:51:53.579Z] Creating alias drive W: to S:\jenkins\workspace\ECP\ecg-maya-usd\ecg-mayausd-branch-preflight-2019-no-ufe-windows
[Pipeline] bat
[2023-03-09T13:51:53.993Z] "C:\Program Files (x86)\Microsoft Visual Studio\2017\Professional\VC\Auxiliary\Build\vcvarsall.bat" x64
[2023-03-09T13:51:54.095Z] **********************************************************************
[2023-03-09T13:51:54.095Z] ** Visual Studio 2017 Developer Command Prompt v15.9.15
[2023-03-09T13:51:54.095Z] ** Copyright (c) 2017 Microsoft Corporation
[2023-03-09T13:51:54.095Z] **********************************************************************
[2023-03-09T13:51:55.137Z] [vcvarsall.bat] Environment initialized for: 'x64'
[2023-03-09T13:51:55.137Z] python ecg-maya-usd/build.py --stages=install --workspace-dir=W:\ --artifactory-dir=P:\shared\Artifactory --build-dir=W:\build --install-dir=W:\install --signing-dir=W:\signing --package-dir=W:\package --output-dir=W:\output --stash-dir=W:\stash --jenkins-build=735 --git-commit=2eb12d25c3975e39391af96fc68ac6f1986a16dd --git-branch=master --variants=RelWithDebInfo --python=2.7 --ufe=false --pxrusd-version=0.21.05-gold --post-zips=false --maya-cut-config=maya-rundev-2019.yaml --maya-package=rundev-2019 --stage-banner
[2023-03-09T13:51:56.054Z] Using Maya cut from P:\shared\Artifactory\Windows\rundev-2019\202003131251\runtime\155eb96
[2023-03-09T13:51:56.054Z] 
[2023-03-09T13:51:56.054Z] ================================================================================
[2023-03-09T13:51:56.054Z]                             install (RelWithDebInfo)
[2023-03-09T13:51:56.054Z] ================================================================================
[2023-03-09T13:51:56.054Z] Maya Python RelWithDebInfo Info:
[2023-03-09T13:51:56.054Z]   mayapy executable   = P:\shared\Artifactory\Windows\rundev-2019\202003131251\runtime\155eb96\runTime\bin\mayapy.exe
[2023-03-09T13:51:56.054Z]   Include Folder      = P:\shared\Artifactory\Windows\rundev-2019\202003131251\runtime\155eb96\runTime\include\Python2.7
[2023-03-09T13:51:56.054Z]   Library             = P:\shared\Artifactory\Windows\rundev-2019\202003131251\runtime\155eb96\runTime\lib\python27.lib
[2023-03-09T13:51:56.054Z]   site-package Folder = P:\shared\Artifactory\Windows\rundev-2019\202003131251\runtime\155eb96\runTime\Python\Lib\site-packages
[2023-03-09T13:51:56.769Z] In workdir: S:\jenkins\workspace\ECP\ecg-maya-usd\ecg-mayausd-branch-preflight-2019-no-ufe-windows\ecg-maya-usd\maya-usd
[2023-03-09T13:51:56.769Z] Executing: 'P:\\shared\\Artifactory\\Windows\\rundev-2019\\202003131251\\runtime\\155eb96\\runTime\\bin\\mayapy.exe' 'S:\\jenkins\\workspace\\ECP\\ecg-maya-usd\\ecg-mayausd-branch-preflight-2019-no-ufe-windows\\ecg-maya-usd\\maya-usd\\build.py' --generator Ninja --build-relwithdebug --maya-location 'P:\\shared\\Artifactory\\Windows\\rundev-2019\\202003131251\\runtime\\155eb96\\runTime' --devkit-location 'P:\\shared\\Artifactory\\Windows\\rundev-2019\\202003131251\\runtime\\155eb96\\devkitBase' --pxrusd-location 'P:\\shared\\Artifactory\\Windows\\USD\\cfb3d8a' --qt-location 'P:\\shared\\Artifactory\\Windows\\qt\\5.6.1\\1acd0ba' '--build-args=-DCMAKE_MAKE_PROGRAM=P:/shared/Artifactory/Windows/ninja/1.9.0/c68f192/ninja.exe,-DPYTHON_INCLUDE_DIR=P:/shared/Artifactory/Windows/rundev-2019/202003131251/runtime/155eb96/runTime/include/Python2.7,-DPython_EXECUTABLE=P:/shared/Artifactory/Windows/rundev-2019/202003131251/runtime/155eb96/runTime/bin/mayapy.exe,-DPYTHON_LIBRARIES=P:/shared/Artifactory/Windows/rundev-2019/202003131251/runtime/155eb96/runTime/lib/python27.lib,-DCMAKE_WANT_UFE_BUILD=OFF,-DUSD_LIB_PREFIX=,-DCMAKE_WANT_MATERIALX_BUILD=ON,-DCMAKE_PREFIX_PATH=P:\\shared\\Artifactory\\Windows\\USD\\cfb3d8a' '--ctest-args=-E testUsdReferenceAssemblySelection|testUsdMayaAppDir,-LE interactive,--parallel 16' --stages=install --redirect-outstream-file=False --install-location 'W:\\install\\RelWithDebInfo\\MayaUSD' 'W:\\'
[2023-03-09T13:51:56.769Z] Modified environment variables:
[2023-03-09T13:51:56.769Z]     PATH=P:\shared\Artifactory\Windows\cmake\3.20.3\afe857a\bin;C:\Python27\lib\site-packages\pywin32_system32;C:\Program Files (x86)\Microsoft Visual Studio\2017\Professional\VC\Tools\MSVC\14.16.27023\bin\HostX64\x64;C:\Program Files (x86)\Microsoft Visual Studio\2017\Professional\Common7\IDE\VC\VCPackages;C:\Program Files (x86)\Microsoft Visual Studio\2017\Professional\Common7\IDE\CommonExtensions\Microsoft\TestWindow;C:\Program Files (x86)\Microsoft Visual Studio\2017\Professional\Common7\IDE\CommonExtensions\Microsoft\TeamFoundation\Team Explorer;C:\Program Files (x86)\Microsoft Visual Studio\2017\Professional\MSBuild\15.0\bin\Roslyn;C:\Program Files (x86)\Microsoft Visual Studio\2017\Professional\Team Tools\Performance Tools\x64;C:\Program Files (x86)\Microsoft Visual Studio\2017\Professional\Team Tools\Performance Tools;C:\Program Files (x86)\Microsoft Visual Studio\Shared\Common\VSPerfCollectionTools\\x64;C:\Program Files (x86)\Microsoft Visual Studio\Shared\Common\VSPerfCollectionTools\;C:\Program Files (x86)\Microsoft SDKs\Windows\v10.0A\bin\NETFX 4.6.1 Tools\x64\;C:\Program Files (x86)\HTML Help Workshop;C:\Program Files (x86)\Windows Kits\10\bin\10.0.18362.0\x64;C:\Program Files (x86)\Windows Kits\10\bin\x64;C:\Program Files (x86)\Microsoft Visual Studio\2017\Professional\\MSBuild\15.0\bin;C:\WINDOWS\Microsoft.NET\Framework64\v4.0.30319;C:\Program Files (x86)\Microsoft Visual Studio\2017\Professional\Common7\IDE\;C:\Program Files (x86)\Microsoft Visual Studio\2017\Professional\Common7\Tools\;C:\Python27\;C:\Python27\Scripts;C:\WINDOWS\system32;C:\WINDOWS;C:\WINDOWS\System32\Wbem;C:\WINDOWS\System32\WindowsPowerShell\v1.0\;C:\WINDOWS\System32\OpenSSH\;C:\ProgramData\chocolatey\bin;C:\Program Files (x86)\WiX Toolset v3.7\bin;C:\Program Files\dotnet\;C:\Program Files (x86)\Windows Kits\10\bin\10.0.18362.0\x64;C:\Program Files\Zulu\zulu-11\bin\;C:\Program Files (x86)\Windows Kits\10\bin\10.0.17763.0\x64;C:\Program Files (x86)\Windows Kits\10\bin\x64;C:\Program Files\Git\cmd;C:\Program Files\Git\usr\bin;C:\Program Files\Git\mingw64\bin;C:\Program Files\Git\bin;C:\Python38\;C:\Python38\Scripts;C:\StoreBoxClientWindows;C:\Program Files\Electric Cloud\ElectricCommander\bin;C:\Program Files\WinRAR;C:\Program Files\7-Zip;C:\Users\Administrator\AppData\Local\Microsoft\WindowsApps;C:\Program Files (x86)\Microsoft Visual Studio\2017\Professional\Common7\IDE\CommonExtensions\Microsoft\CMake\CMake\bin;C:\Program Files (x86)\Microsoft Visual Studio\2017\Professional\Common7\IDE\CommonExtensions\Microsoft\CMake\Ninja
[2023-03-09T13:51:57.179Z]     [1/8] Automatic MOC and UIC for target mayaUsdUI
[2023-03-09T13:51:57.287Z]     [2/5] Automatic MOC and UIC for target testMayaUsdUI
[2023-03-09T13:51:57.287Z]     [2/3] Install the project...
[2023-03-09T13:51:57.287Z]     -- Install configuration: "RelWithDebInfo"
[2023-03-09T13:52:12.801Z]     
[2023-03-09T13:52:12.801Z]         Building with settings:
[2023-03-09T13:52:12.801Z]           Source directory          S:\jenkins\workspace\ECP\ecg-maya-usd\ecg-mayausd-branch-preflight-2019-no-ufe-windows\ecg-maya-usd\maya-usd
[2023-03-09T13:52:12.801Z]           Workspace directory       W:\
[2023-03-09T13:52:12.801Z]           Build directory           W:\build\RelWithDebInfo
[2023-03-09T13:52:12.801Z]           Install directory         W:\install\RelWithDebInfo\MayaUSD
[2023-03-09T13:52:12.801Z]           Variant                   RelWithDebInfo
[2023-03-09T13:52:12.801Z]           Python Debug              Off
[2023-03-09T13:52:12.801Z]           CMake generator           Ninja
[2023-03-09T13:52:12.801Z]           Build arguments           ['-DCMAKE_MAKE_PROGRAM=P:/shared/Artifactory/Windows/ninja/1.9.0/c68f192/ninja.exe', '-DPYTHON_INCLUDE_DIR=P:/shared/Artifactory/Windows/rundev-2019/202003131251/runtime/155eb96/runTime/include/Python2.7', '-DPython_EXECUTABLE=P:/shared/Artifactory/Windows/rundev-2019/202003131251/runtime/155eb96/runTime/bin/mayapy.exe', '-DPYTHON_LIBRARIES=P:/shared/Artifactory/Windows/rundev-2019/202003131251/runtime/155eb96/runTime/lib/python27.lib', '-DCMAKE_WANT_UFE_BUILD=OFF', '-DUSD_LIB_PREFIX=', '-DCMAKE_WANT_MATERIALX_BUILD=ON', '-DCMAKE_PREFIX_PATH=P:\\shared\\Artifactory\\Windows\\USD\\cfb3d8a']
[2023-03-09T13:52:12.801Z]           Stages arguments          ['install']
[2023-03-09T13:52:12.801Z]           CTest arguments           ['-E testUsdReferenceAssemblySelection|testUsdMayaAppDir', '-LE interactive', '--parallel 16']
[2023-03-09T13:52:12.801Z]     Success MayaUSD build and install !!!!
[2023-03-09T13:52:12.801Z]     Elapsed time: 00:00:15
[Pipeline] bat
[2023-03-09T13:52:13.170Z] Deleting alias drive W:
[Pipeline] bat
[2023-03-09T13:52:13.450Z] Deleting alias drive P:
[Pipeline] }
[Pipeline] // withEnv
[Pipeline] }
[Pipeline] // timeout
[Pipeline] }
[Pipeline] // stage
[Pipeline] }
[Pipeline] // timestamps
[Pipeline] timestamps
[Pipeline] {
[Pipeline] stage
[Pipeline] { (Test)
[Pipeline] timeout
[2023-03-09T13:52:13.726Z] Timeout set to expire in 6 hr 0 min
[Pipeline] {
[Pipeline] withEnv
[Pipeline] {
[Pipeline] bat
[2023-03-09T13:52:14.010Z] Creating alias drive P: to S:\jenkins\workspace
[Pipeline] bat
[2023-03-09T13:52:14.392Z] Creating alias drive W: to S:\jenkins\workspace\ECP\ecg-maya-usd\ecg-mayausd-branch-preflight-2019-no-ufe-windows
[Pipeline] bat
[2023-03-09T13:52:14.824Z] "C:\Program Files (x86)\Microsoft Visual Studio\2017\Professional\VC\Auxiliary\Build\vcvarsall.bat" x64
[2023-03-09T13:52:14.926Z] **********************************************************************
[2023-03-09T13:52:14.926Z] ** Visual Studio 2017 Developer Command Prompt v15.9.15
[2023-03-09T13:52:14.926Z] ** Copyright (c) 2017 Microsoft Corporation
[2023-03-09T13:52:14.926Z] **********************************************************************
[2023-03-09T13:52:16.353Z] [vcvarsall.bat] Environment initialized for: 'x64'
[2023-03-09T13:52:16.353Z] python ecg-maya-usd/build.py --stages=test --workspace-dir=W:\ --artifactory-dir=P:\shared\Artifactory --build-dir=W:\build --install-dir=W:\install --signing-dir=W:\signing --package-dir=W:\package --output-dir=W:\output --stash-dir=W:\stash --jenkins-build=735 --git-commit=2eb12d25c3975e39391af96fc68ac6f1986a16dd --git-branch=master --variants=RelWithDebInfo --python=2.7 --ufe=false --pxrusd-version=0.21.05-gold --post-zips=false --test-jobs=0 --failed-test-retry=3 --maya-cut-config=maya-rundev-2019.yaml --maya-package=rundev-2019 --stage-banner --progressive-timeout
[2023-03-09T13:52:17.273Z] Using Maya cut from P:\shared\Artifactory\Windows\rundev-2019\202003131251\runtime\155eb96
[2023-03-09T13:52:17.383Z] 
[2023-03-09T13:52:17.383Z] ================================================================================
[2023-03-09T13:52:17.383Z]                              test (RelWithDebInfo)
[2023-03-09T13:52:17.383Z] ================================================================================
[2023-03-09T13:52:17.383Z] Maya Python RelWithDebInfo Info:
[2023-03-09T13:52:17.383Z]   mayapy executable   = P:\shared\Artifactory\Windows\rundev-2019\202003131251\runtime\155eb96\runTime\bin\mayapy.exe
[2023-03-09T13:52:17.383Z]   Include Folder      = P:\shared\Artifactory\Windows\rundev-2019\202003131251\runtime\155eb96\runTime\include\Python2.7
[2023-03-09T13:52:17.383Z]   Library             = P:\shared\Artifactory\Windows\rundev-2019\202003131251\runtime\155eb96\runTime\lib\python27.lib
[2023-03-09T13:52:17.383Z]   site-package Folder = P:\shared\Artifactory\Windows\rundev-2019\202003131251\runtime\155eb96\runTime\Python\Lib\site-packages
[2023-03-09T13:52:18.099Z] In workdir: S:\jenkins\workspace\ECP\ecg-maya-usd\ecg-mayausd-branch-preflight-2019-no-ufe-windows\ecg-maya-usd\maya-usd
[2023-03-09T13:52:18.099Z] Executing: 'P:\\shared\\Artifactory\\Windows\\rundev-2019\\202003131251\\runtime\\155eb96\\runTime\\bin\\mayapy.exe' 'S:\\jenkins\\workspace\\ECP\\ecg-maya-usd\\ecg-mayausd-branch-preflight-2019-no-ufe-windows\\ecg-maya-usd\\maya-usd\\build.py' --generator Ninja --build-relwithdebug --maya-location 'P:\\shared\\Artifactory\\Windows\\rundev-2019\\202003131251\\runtime\\155eb96\\runTime' --devkit-location 'P:\\shared\\Artifactory\\Windows\\rundev-2019\\202003131251\\runtime\\155eb96\\devkitBase' --pxrusd-location 'P:\\shared\\Artifactory\\Windows\\USD\\cfb3d8a' --qt-location 'P:\\shared\\Artifactory\\Windows\\qt\\5.6.1\\1acd0ba' '--build-args=-DCMAKE_MAKE_PROGRAM=P:/shared/Artifactory/Windows/ninja/1.9.0/c68f192/ninja.exe,-DPYTHON_INCLUDE_DIR=P:/shared/Artifactory/Windows/rundev-2019/202003131251/runtime/155eb96/runTime/include/Python2.7,-DPython_EXECUTABLE=P:/shared/Artifactory/Windows/rundev-2019/202003131251/runtime/155eb96/runTime/bin/mayapy.exe,-DPYTHON_LIBRARIES=P:/shared/Artifactory/Windows/rundev-2019/202003131251/runtime/155eb96/runTime/lib/python27.lib,-DCMAKE_WANT_UFE_BUILD=OFF,-DUSD_LIB_PREFIX=,-DCMAKE_WANT_MATERIALX_BUILD=ON,-DCMAKE_PREFIX_PATH=P:\\shared\\Artifactory\\Windows\\USD\\cfb3d8a' '--ctest-args=-E testUsdReferenceAssemblySelection|testUsdMayaAppDir,-LE interactive,--parallel 16' --stages=test --redirect-outstream-file=False --install-location 'W:\\install\\RelWithDebInfo\\MayaUSD' 'W:\\'
[2023-03-09T13:52:18.099Z] Modified environment variables:
[2023-03-09T13:52:18.099Z]     PATH=P:\shared\Artifactory\Windows\cmake\3.20.3\afe857a\bin;C:\Python27\lib\site-packages\pywin32_system32;C:\Program Files (x86)\Microsoft Visual Studio\2017\Professional\VC\Tools\MSVC\14.16.27023\bin\HostX64\x64;C:\Program Files (x86)\Microsoft Visual Studio\2017\Professional\Common7\IDE\VC\VCPackages;C:\Program Files (x86)\Microsoft Visual Studio\2017\Professional\Common7\IDE\CommonExtensions\Microsoft\TestWindow;C:\Program Files (x86)\Microsoft Visual Studio\2017\Professional\Common7\IDE\CommonExtensions\Microsoft\TeamFoundation\Team Explorer;C:\Program Files (x86)\Microsoft Visual Studio\2017\Professional\MSBuild\15.0\bin\Roslyn;C:\Program Files (x86)\Microsoft Visual Studio\2017\Professional\Team Tools\Performance Tools\x64;C:\Program Files (x86)\Microsoft Visual Studio\2017\Professional\Team Tools\Performance Tools;C:\Program Files (x86)\Microsoft Visual Studio\Shared\Common\VSPerfCollectionTools\\x64;C:\Program Files (x86)\Microsoft Visual Studio\Shared\Common\VSPerfCollectionTools\;C:\Program Files (x86)\Microsoft SDKs\Windows\v10.0A\bin\NETFX 4.6.1 Tools\x64\;C:\Program Files (x86)\HTML Help Workshop;C:\Program Files (x86)\Windows Kits\10\bin\10.0.18362.0\x64;C:\Program Files (x86)\Windows Kits\10\bin\x64;C:\Program Files (x86)\Microsoft Visual Studio\2017\Professional\\MSBuild\15.0\bin;C:\WINDOWS\Microsoft.NET\Framework64\v4.0.30319;C:\Program Files (x86)\Microsoft Visual Studio\2017\Professional\Common7\IDE\;C:\Program Files (x86)\Microsoft Visual Studio\2017\Professional\Common7\Tools\;C:\Python27\;C:\Python27\Scripts;C:\WINDOWS\system32;C:\WINDOWS;C:\WINDOWS\System32\Wbem;C:\WINDOWS\System32\WindowsPowerShell\v1.0\;C:\WINDOWS\System32\OpenSSH\;C:\ProgramData\chocolatey\bin;C:\Program Files (x86)\WiX Toolset v3.7\bin;C:\Program Files\dotnet\;C:\Program Files (x86)\Windows Kits\10\bin\10.0.18362.0\x64;C:\Program Files\Zulu\zulu-11\bin\;C:\Program Files (x86)\Windows Kits\10\bin\10.0.17763.0\x64;C:\Program Files (x86)\Windows Kits\10\bin\x64;C:\Program Files\Git\cmd;C:\Program Files\Git\usr\bin;C:\Program Files\Git\mingw64\bin;C:\Program Files\Git\bin;C:\Python38\;C:\Python38\Scripts;C:\StoreBoxClientWindows;C:\Program Files\Electric Cloud\ElectricCommander\bin;C:\Program Files\WinRAR;C:\Program Files\7-Zip;C:\Users\Administrator\AppData\Local\Microsoft\WindowsApps;C:\Program Files (x86)\Microsoft Visual Studio\2017\Professional\Common7\IDE\CommonExtensions\Microsoft\CMake\CMake\bin;C:\Program Files (x86)\Microsoft Visual Studio\2017\Professional\Common7\IDE\CommonExtensions\Microsoft\CMake\Ninja
[2023-03-09T13:52:23.787Z]     Test project W:/build/RelWithDebInfo
[2023-03-09T13:52:26.530Z]             Start   1: testMayaUsdConverter
[2023-03-09T13:52:26.743Z]             Start   2: testMayaUsdCreateStageCommands
[2023-03-09T13:52:26.743Z]             Start   3: testMayaUsdPythonImport
[2023-03-09T13:52:26.743Z]             Start   4: testMayaUsdLayerEditorCommands
[2023-03-09T13:52:26.743Z]             Start   5: testMayaUsdCacheId
[2023-03-09T13:52:26.743Z]             Start   7: _Interactive_Maya
[2023-03-09T13:52:26.743Z]       1/128 Test   #7: _Interactive_Maya ...............................***Not Run (Disabled)   0.00 sec
[2023-03-09T13:52:26.743Z]             Start   8: testMayaUsdPlugVersionCheck
[2023-03-09T13:52:26.743Z]             Start   9: testPxrUsdPreviewSurfaceDraw
[2023-03-09T13:52:26.743Z]             Start  10: testPxrUsdPreviewSurfaceExport
[2023-03-09T13:52:26.743Z]             Start  11: testMayaUsdSchemasPythonImport
[2023-03-09T13:52:26.743Z]             Start  12: testMayaUsdSchemasMayaReference
[2023-03-09T13:52:26.743Z]             Start  13: testDiffCore
[2023-03-09T13:52:26.926Z]             Start  14: testDiffValues
[2023-03-09T13:52:27.332Z]             Start  15: testDiffAttributes
[2023-03-09T13:52:27.332Z]             Start  16: testDiffRelationships
[2023-03-09T13:52:28.026Z]             Start  17: testDiffDictionaries
[2023-03-09T13:52:28.366Z]             Start  18: testDiffLists
[2023-03-09T13:52:44.995Z]       2/128 Test  #17: testDiffDictionaries ............................   Passed   17.52 sec
[2023-03-09T13:52:45.170Z]             Start  19: testDiffComputeOverall
[2023-03-09T13:52:45.170Z]       3/128 Test  #18: testDiffLists ...................................   Passed   16.80 sec
[2023-03-09T13:52:45.170Z]             Start  20: testDiffPrims
[2023-03-09T13:52:45.170Z]       4/128 Test  #16: testDiffRelationships ...........................   Passed   17.89 sec
[2023-03-09T13:52:45.171Z]             Start  21: testMergePrims
[2023-03-09T13:52:45.281Z]       5/128 Test  #14: testDiffValues ..................................   Passed   18.39 sec
[2023-03-09T13:52:45.281Z]             Start  22: testDiffMetadatas
[2023-03-09T13:52:45.492Z]       6/128 Test  #13: testDiffCore ....................................   Passed   18.74 sec
[2023-03-09T13:52:45.492Z]             Start  23: testUsdExportAnimation
[2023-03-09T13:52:45.603Z]       7/128 Test  #19: testDiffComputeOverall ..........................   Passed    0.49 sec
[2023-03-09T13:52:45.603Z]             Start  24: testUsdExportAsClip
[2023-03-09T13:52:45.713Z]       8/128 Test  #22: testDiffMetadatas ...............................   Passed    0.46 sec
[2023-03-09T13:52:45.713Z]             Start  25: testUsdExportBindTransform
[2023-03-09T13:52:45.713Z]       9/128 Test  #20: testDiffPrims ...................................   Passed    0.55 sec
[2023-03-09T13:52:45.713Z]             Start  26: testUsdExportBlendshapes
[2023-03-09T13:52:47.952Z]      10/128 Test  #15: testDiffAttributes ..............................   Passed   20.91 sec
[2023-03-09T13:52:47.952Z]             Start  27: testUsdExportCamera
[2023-03-09T13:52:48.062Z]      11/128 Test  #21: testMergePrims ..................................   Passed    2.85 sec
[2023-03-09T13:52:48.062Z]             Start  28: testUsdExportColorSets
[2023-03-09T13:59:37.516Z]      12/128 Test  #25: testUsdExportBindTransform ......................***Failed  411.82 sec
[2023-03-09T13:59:37.516Z]     
[2023-03-09T13:59:37.516Z]             Start  29: testUsdExportConnected
[2023-03-09T13:59:37.516Z]      13/128 Test   #3: testMayaUsdPythonImport .........................***Failed  430.81 sec
[2023-03-09T13:59:37.516Z]     
[2023-03-09T13:59:37.516Z]             Start  30: testUsdExportDisplayColor
[2023-03-09T13:59:37.516Z]      14/128 Test   #9: testPxrUsdPreviewSurfaceDraw ....................***Failed  430.78 sec
[2023-03-09T13:59:37.516Z]     
[2023-03-09T13:59:37.516Z]             Start  31: testUsdExportEulerFilter
[2023-03-09T13:59:37.516Z]      15/128 Test  #24: testUsdExportAsClip .............................***Failed  411.94 sec
[2023-03-09T13:59:37.516Z]     
[2023-03-09T13:59:37.516Z]             Start  32: testUsdExportFileFormat
[2023-03-09T13:59:37.516Z]      16/128 Test   #5: testMayaUsdCacheId ..............................***Failed  430.82 sec
[2023-03-09T13:59:37.516Z]     
[2023-03-09T13:59:37.516Z]             Start  33: testUsdExportFilterTypes
[2023-03-09T13:59:37.516Z]      17/128 Test  #10: testPxrUsdPreviewSurfaceExport ..................***Failed  430.80 sec
[2023-03-09T13:59:37.516Z]     
[2023-03-09T13:59:37.516Z]             Start  34: testUsdExportFrameOffset
[2023-03-09T13:59:37.665Z]      18/128 Test  #23: testUsdExportAnimation ..........................***Failed  412.04 sec
[2023-03-09T13:59:37.665Z]     
[2023-03-09T13:59:37.665Z]             Start  35: testUsdExportGeomSubset
[2023-03-09T13:59:37.665Z]      19/128 Test   #2: testMayaUsdCreateStageCommands ..................***Failed  430.89 sec
[2023-03-09T13:59:37.665Z]     
[2023-03-09T13:59:37.665Z]             Start  36: testUsdExportInstances
[2023-03-09T13:59:37.665Z]      20/128 Test  #28: testUsdExportColorSets ..........................***Failed  409.57 sec
[2023-03-09T13:59:37.665Z]     
[2023-03-09T13:59:37.665Z]             Start  37: testUsdExportLayerAttributes
[2023-03-09T13:59:37.665Z]      21/128 Test   #1: testMayaUsdConverter ............................***Failed  431.10 sec
[2023-03-09T13:59:37.665Z]     
[2023-03-09T13:59:37.665Z]             Start  38: testUsdExportLight
[2023-03-09T13:59:37.665Z]      22/128 Test   #8: testMayaUsdPlugVersionCheck .....................***Failed  430.88 sec
[2023-03-09T13:59:37.665Z]     
[2023-03-09T13:59:37.665Z]             Start  39: testUsdExportLocator
[2023-03-09T13:59:37.665Z]      23/128 Test   #4: testMayaUsdLayerEditorCommands ..................***Failed  430.91 sec
[2023-03-09T13:59:37.665Z]     
[2023-03-09T13:59:37.665Z]             Start  40: testUsdExportMayaInstancer
[2023-03-09T13:59:37.665Z]      24/128 Test  #27: testUsdExportCamera .............................***Failed  409.75 sec
[2023-03-09T13:59:37.665Z]     
[2023-03-09T13:59:37.665Z]             Start  41: testUsdExportMesh
[2023-03-09T13:59:37.665Z]      25/128 Test  #26: testUsdExportBlendshapes ........................***Failed  411.96 sec
[2023-03-09T13:59:37.665Z]     
[2023-03-09T13:59:37.665Z]             Start  42: testUsdExportNurbsCurve
[2023-03-09T13:59:37.665Z]      26/128 Test  #12: testMayaUsdSchemasMayaReference .................***Failed  430.89 sec
[2023-03-09T13:59:37.665Z]     
[2023-03-09T13:59:37.665Z]             Start  43: testUsdExportOpenLayer
[2023-03-09T13:59:37.665Z]      27/128 Test  #11: testMayaUsdSchemasPythonImport ..................***Failed  430.92 sec
[2023-03-09T13:59:37.665Z]     
[2023-03-09T13:59:37.665Z]             Start  44: testUsdExportOverImport
[2023-03-09T13:59:48.429Z]      28/128 Test  #31: testUsdExportEulerFilter ........................***Failed   10.92 sec
[2023-03-09T13:59:48.429Z]     
[2023-03-09T13:59:48.429Z]             Start  45: testUsdExportUsdPreviewSurface
[2023-03-09T13:59:48.552Z]      29/128 Test  #29: testUsdExportConnected ..........................***Failed   10.97 sec
[2023-03-09T13:59:48.552Z]     
[2023-03-09T13:59:48.552Z]             Start  46: testUsdExportParentScope
[2023-03-09T13:59:48.552Z]      30/128 Test  #33: testUsdExportFilterTypes ........................***Failed   10.94 sec
[2023-03-09T13:59:48.552Z]     
[2023-03-09T13:59:48.552Z]             Start  47: testUsdExportParticles
[2023-03-09T13:59:48.552Z]      31/128 Test  #32: testUsdExportFileFormat .........................***Failed   10.95 sec
[2023-03-09T13:59:48.552Z]     
[2023-03-09T13:59:48.552Z]             Start  48: testUsdExportPref
[2023-03-09T13:59:48.552Z]      32/128 Test  #30: testUsdExportDisplayColor .......................***Failed   10.99 sec
[2023-03-09T13:59:48.552Z]     
[2023-03-09T13:59:48.552Z]             Start  49: testUsdExportRenderLayerMode
[2023-03-09T13:59:48.552Z]      33/128 Test  #35: testUsdExportGeomSubset .........................***Failed   10.95 sec
[2023-03-09T13:59:48.552Z]     
[2023-03-09T13:59:48.552Z]             Start  50: testUsdExportRoots
[2023-03-09T13:59:48.552Z]      34/128 Test  #34: testUsdExportFrameOffset ........................***Failed   11.00 sec
[2023-03-09T13:59:48.552Z]     
[2023-03-09T13:59:48.552Z]             Start  51: testUsdExportRootsAndParentScope
[2023-03-09T13:59:48.552Z]      35/128 Test  #40: testUsdExportMayaInstancer ......................***Failed   10.94 sec
[2023-03-09T13:59:48.552Z]     
[2023-03-09T13:59:48.552Z]             Start  52: testUsdExportSelection
[2023-03-09T13:59:48.552Z]      36/128 Test  #36: testUsdExportInstances ..........................***Failed   11.00 sec
[2023-03-09T13:59:48.552Z]     
[2023-03-09T13:59:48.552Z]             Start  53: testUsdExportSelectionHierarchy
[2023-03-09T13:59:48.702Z]      37/128 Test  #37: testUsdExportLayerAttributes ....................***Failed   11.00 sec
[2023-03-09T13:59:48.702Z]     
[2023-03-09T13:59:48.702Z]             Start  54: testUsdExportSkeleton
[2023-03-09T13:59:48.702Z]      38/128 Test  #38: testUsdExportLight ..............................***Failed   11.03 sec
[2023-03-09T13:59:48.702Z]     
[2023-03-09T13:59:48.702Z]             Start  55: testUsdExportStripNamespaces
[2023-03-09T13:59:48.702Z]      39/128 Test  #39: testUsdExportLocator ............................***Failed   11.03 sec
[2023-03-09T13:59:48.702Z]     
[2023-03-09T13:59:48.702Z]             Start  56: testUsdExportStroke
[2023-03-09T13:59:48.702Z]      40/128 Test  #42: testUsdExportNurbsCurve .........................***Failed   11.01 sec
[2023-03-09T13:59:48.702Z]     
[2023-03-09T13:59:48.702Z]             Start  57: testUsdExportUserTaggedAttributes
[2023-03-09T13:59:48.702Z]      41/128 Test  #41: testUsdExportMesh ...............................***Failed   11.04 sec
[2023-03-09T13:59:48.702Z]     
[2023-03-09T13:59:48.702Z]             Start  58: testUsdExportVisibilityDefault
[2023-03-09T13:59:48.702Z]      42/128 Test  #44: testUsdExportOverImport .........................***Failed   11.04 sec
[2023-03-09T13:59:48.702Z]     
[2023-03-09T13:59:48.702Z]             Start  59: testUsdImportAnonymousLayer
[2023-03-09T13:59:48.846Z]      43/128 Test  #43: testUsdExportOpenLayer ..........................***Failed   11.09 sec
[2023-03-09T13:59:48.846Z]     
[2023-03-09T13:59:48.846Z]             Start  60: testUsdImportCamera
[2023-03-09T13:59:59.970Z]      44/128 Test  #47: testUsdExportParticles ..........................***Failed   10.86 sec
[2023-03-09T13:59:59.970Z]     
[2023-03-09T13:59:59.970Z]             Start  61: testUsdImportBasisCurves
[2023-03-09T13:59:59.970Z]      45/128 Test  #46: testUsdExportParentScope ........................***Failed   10.95 sec
[2023-03-09T13:59:59.971Z]     
[2023-03-09T13:59:59.971Z]             Start  62: testUsdImportBatchNurbsCurves
[2023-03-09T13:59:59.971Z]      46/128 Test  #45: testUsdExportUsdPreviewSurface ..................***Failed   10.99 sec
[2023-03-09T13:59:59.971Z]     
[2023-03-09T13:59:59.971Z]             Start  63: testUsdImportLinearCurves
[2023-03-09T13:59:59.971Z]      47/128 Test  #48: testUsdExportPref ...............................***Failed   10.96 sec
[2023-03-09T13:59:59.971Z]     
[2023-03-09T13:59:59.971Z]             Start  64: testUsdImportHighDegreeNurbsCurves
[2023-03-09T13:59:59.971Z]      48/128 Test  #52: testUsdExportSelection ..........................***Failed   10.90 sec
[2023-03-09T13:59:59.971Z]     
[2023-03-09T13:59:59.971Z]             Start  65: testUsdImportNurbsCurves
[2023-03-09T13:59:59.971Z]      49/128 Test  #50: testUsdExportRoots ..............................***Failed   10.99 sec
[2023-03-09T13:59:59.971Z]     
[2023-03-09T13:59:59.971Z]             Start  66: testUsdImportBatchBezierCurves
[2023-03-09T13:59:59.971Z]      50/128 Test  #49: testUsdExportRenderLayerMode ....................***Failed   11.02 sec
[2023-03-09T13:59:59.971Z]     
[2023-03-09T13:59:59.971Z]             Start  67: testUsdImportColorSets
[2023-03-09T13:59:59.971Z]      51/128 Test  #51: testUsdExportRootsAndParentScope ................***Failed   10.98 sec
[2023-03-09T13:59:59.971Z]     
[2023-03-09T13:59:59.971Z]             Start  68: testUsdImportDisplacement
[2023-03-09T13:59:59.971Z]      52/128 Test  #54: testUsdExportSkeleton ...........................***Failed   10.97 sec
[2023-03-09T13:59:59.971Z]     
[2023-03-09T13:59:59.971Z]             Start  69: testUsdImportExportScope
[2023-03-09T13:59:59.971Z]      53/128 Test  #53: testUsdExportSelectionHierarchy .................***Failed   11.00 sec
[2023-03-09T13:59:59.971Z]     
[2023-03-09T13:59:59.971Z]             Start  70: testUsdImportExportTypelessDefs
[2023-03-09T13:59:59.971Z]      54/128 Test  #55: testUsdExportStripNamespaces ....................***Failed   10.98 sec
[2023-03-09T13:59:59.971Z]     
[2023-03-09T13:59:59.971Z]             Start  71: testUsdImportFrameRange
[2023-03-09T13:59:59.971Z]      55/128 Test  #56: testUsdExportStroke .............................***Failed   11.00 sec
[2023-03-09T13:59:59.971Z]     
[2023-03-09T13:59:59.971Z]             Start  72: testUsdImportFramerates
[2023-03-09T13:59:59.971Z]      56/128 Test  #58: testUsdExportVisibilityDefault ..................***Failed   10.99 sec
[2023-03-09T13:59:59.971Z]     
[2023-03-09T13:59:59.971Z]             Start  73: testUsdImportInstances
[2023-03-09T13:59:59.971Z]      57/128 Test  #57: testUsdExportUserTaggedAttributes ...............***Failed   11.04 sec
[2023-03-09T13:59:59.971Z]     
[2023-03-09T13:59:59.971Z]             Start  74: testUsdImportLight
[2023-03-09T13:59:59.971Z]      58/128 Test  #59: testUsdImportAnonymousLayer .....................***Failed   11.00 sec
[2023-03-09T13:59:59.971Z]     
[2023-03-09T13:59:59.971Z]             Start  75: testUsdImportMayaReference
[2023-03-09T13:59:59.971Z]      59/128 Test  #60: testUsdImportCamera .............................***Failed   11.00 sec
[2023-03-09T13:59:59.971Z]     
[2023-03-09T13:59:59.971Z]             Start  76: testUsdImportMesh
[2023-03-09T14:00:10.312Z]      60/128 Test  #61: testUsdImportBasisCurves ........................***Failed   10.92 sec
[2023-03-09T14:00:10.312Z]     
[2023-03-09T14:00:10.312Z]             Start  77: testUsdImportPointCache
[2023-03-09T14:00:10.428Z]      61/128 Test  #63: testUsdImportLinearCurves .......................***Failed   10.95 sec
[2023-03-09T14:00:10.428Z]     
[2023-03-09T14:00:10.428Z]             Start  78: testUsdImportPreviewSurface
[2023-03-09T14:00:10.428Z]      62/128 Test  #64: testUsdImportHighDegreeNurbsCurves ..............***Failed   10.95 sec
[2023-03-09T14:00:10.428Z]     
[2023-03-09T14:00:10.428Z]             Start  79: testUsdImportSessionLayer
[2023-03-09T14:00:10.428Z]      63/128 Test  #62: testUsdImportBatchNurbsCurves ...................***Failed   10.99 sec
[2023-03-09T14:00:10.428Z]     
[2023-03-09T14:00:10.428Z]             Start  80: testUsdImportShadingModeDisplayColor
[2023-03-09T14:00:10.428Z]      64/128 Test  #65: testUsdImportNurbsCurves ........................***Failed   10.97 sec
[2023-03-09T14:00:10.428Z]     
[2023-03-09T14:00:10.428Z]             Start  81: testUsdImportShadingModePxrRis
[2023-03-09T14:00:10.555Z]      65/128 Test  #67: testUsdImportColorSets ..........................***Failed   10.98 sec
[2023-03-09T14:00:10.555Z]     
[2023-03-09T14:00:10.555Z]             Start  82: testUsdImportUVSetMappings
[2023-03-09T14:00:10.555Z]      66/128 Test  #68: testUsdImportDisplacement .......................***Failed   10.98 sec
[2023-03-09T14:00:10.555Z]     
[2023-03-09T14:00:10.555Z]             Start  83: testUsdImportUSDZTextures
[2023-03-09T14:00:10.555Z]      67/128 Test  #66: testUsdImportBatchBezierCurves ..................***Failed   11.01 sec
[2023-03-09T14:00:10.555Z]     
[2023-03-09T14:00:10.555Z]             Start  84: testUsdExportImportRoundtripPreviewSurface
[2023-03-09T14:00:10.555Z]      68/128 Test  #70: testUsdImportExportTypelessDefs .................***Failed   10.95 sec
[2023-03-09T14:00:10.555Z]     
[2023-03-09T14:00:10.555Z]             Start  85: testUsdImportSkeleton
[2023-03-09T14:00:10.555Z]      69/128 Test  #69: testUsdImportExportScope ........................***Failed   10.98 sec
[2023-03-09T14:00:10.555Z]     
[2023-03-09T14:00:10.555Z]             Start  86: testUsdImportXforms
[2023-03-09T14:00:10.697Z]      70/128 Test  #71: testUsdImportFrameRange .........................***Failed   11.02 sec
[2023-03-09T14:00:10.697Z]     
[2023-03-09T14:00:10.697Z]             Start  87: testUsdImportXformAnim
[2023-03-09T14:00:10.697Z]      71/128 Test  #72: testUsdImportFramerates .........................***Failed   11.00 sec
[2023-03-09T14:00:10.697Z]     
[2023-03-09T14:00:10.697Z]             Start  88: testUsdMayaAdaptor
[2023-03-09T14:00:10.697Z]      72/128 Test  #73: testUsdImportInstances ..........................***Failed   11.03 sec
[2023-03-09T14:00:10.697Z]     
[2023-03-09T14:00:10.697Z]             Start  89: testUsdMayaAdaptorGeom
[2023-03-09T14:00:10.697Z]      73/128 Test  #74: testUsdImportLight ..............................***Failed   10.99 sec
[2023-03-09T14:00:10.697Z]     
[2023-03-09T14:00:10.697Z]             Start  90: testUsdMayaAdaptorMetadata
[2023-03-09T14:00:10.826Z]      74/128 Test  #76: testUsdImportMesh ...............................***Failed   10.99 sec
[2023-03-09T14:00:10.826Z]     
[2023-03-09T14:00:10.826Z]             Start  91: testUsdMayaAdaptorUndoRedo
[2023-03-09T14:00:10.826Z]      75/128 Test  #75: testUsdImportMayaReference ......................***Failed   11.02 sec
[2023-03-09T14:00:10.826Z]     
[2023-03-09T14:00:10.826Z]             Start  92: testUsdExportUVTransforms
[2023-03-09T14:00:21.101Z]      76/128 Test  #77: testUsdImportPointCache .........................***Failed   10.83 sec
[2023-03-09T14:00:21.101Z]     
[2023-03-09T14:00:21.101Z]             Start  93: testUsdExportUsdzPackage
[2023-03-09T14:00:21.318Z]      77/128 Test  #79: testUsdImportSessionLayer .......................***Failed   10.89 sec
[2023-03-09T14:00:21.318Z]     
[2023-03-09T14:00:21.318Z]             Start  94: testUsdImportRfMShaders
[2023-03-09T14:00:21.318Z]      78/128 Test  #80: testUsdImportShadingModeDisplayColor ............***Failed   10.93 sec
[2023-03-09T14:00:21.318Z]     
[2023-03-09T14:00:21.318Z]             Start  95: testUsdExportDisplacement
[2023-03-09T14:00:21.318Z]      79/128 Test  #78: testUsdImportPreviewSurface .....................***Failed   10.96 sec
[2023-03-09T14:00:21.318Z]     
[2023-03-09T14:00:21.318Z]             Start  96: testUsdExportShadingInstanced
[2023-03-09T14:00:21.440Z]      80/128 Test  #81: testUsdImportShadingModePxrRis ..................***Failed   10.94 sec
[2023-03-09T14:00:21.440Z]     
[2023-03-09T14:00:21.440Z]             Start  97: testUsdExportShadingModePxrRis
[2023-03-09T14:00:21.440Z]      81/128 Test  #82: testUsdImportUVSetMappings ......................***Failed   10.94 sec
[2023-03-09T14:00:21.440Z]     
[2023-03-09T14:00:21.440Z]             Start  98: testUsdExportImportUDIM
[2023-03-09T14:00:21.440Z]      82/128 Test  #84: testUsdExportImportRoundtripPreviewSurface ......***Failed   10.95 sec
[2023-03-09T14:00:21.440Z]     
[2023-03-09T14:00:21.440Z]             Start  99: testUsdExportRfMShaders
[2023-03-09T14:00:21.570Z]      83/128 Test  #85: testUsdImportSkeleton ...........................***Failed   10.97 sec
[2023-03-09T14:00:21.570Z]     
[2023-03-09T14:00:21.570Z]             Start 100: testUsdExportUVSets
[2023-03-09T14:00:21.570Z]      84/128 Test  #86: testUsdImportXforms .............................***Failed   10.97 sec
[2023-03-09T14:00:21.570Z]     
[2023-03-09T14:00:21.570Z]             Start 101: testUsdExportUVSetsFloat
[2023-03-09T14:00:21.570Z]      85/128 Test  #83: testUsdImportUSDZTextures .......................***Failed   11.02 sec
[2023-03-09T14:00:21.570Z]     
[2023-03-09T14:00:21.570Z]             Start 102: testUsdExportUVSetMappings
[2023-03-09T14:00:21.570Z]      86/128 Test  #87: testUsdImportXformAnim ..........................***Failed   10.92 sec
[2023-03-09T14:00:21.570Z]     
[2023-03-09T14:00:21.570Z]             Start 103: testUsdImportUVSets
[2023-03-09T14:00:21.570Z]      87/128 Test  #91: testUsdMayaAdaptorUndoRedo ......................***Failed   10.85 sec
[2023-03-09T14:00:21.570Z]     
[2023-03-09T14:00:21.570Z]             Start 104: testUsdImportUVSetsFloat
[2023-03-09T14:00:21.570Z]      88/128 Test  #88: testUsdMayaAdaptor ..............................***Failed   10.95 sec
[2023-03-09T14:00:21.570Z]     
[2023-03-09T14:00:21.570Z]             Start 105: testUsdImportChaser
[2023-03-09T14:00:21.697Z]      89/128 Test  #90: testUsdMayaAdaptorMetadata ......................***Failed   10.90 sec
[2023-03-09T14:00:21.697Z]     
[2023-03-09T14:00:21.697Z]             Start 106: testUsdMayaListShadingModesCommand
[2023-03-09T14:00:21.697Z]      90/128 Test  #92: testUsdExportUVTransforms .......................***Failed   10.87 sec
[2023-03-09T14:00:21.697Z]     
[2023-03-09T14:00:21.697Z]             Start 107: testUsdImportExportSiteSpecificConfig
[2023-03-09T14:00:21.697Z]      91/128 Test  #89: testUsdMayaAdaptorGeom ..........................***Failed   10.94 sec
[2023-03-09T14:00:21.697Z]     
[2023-03-09T14:00:21.697Z]             Start 108: testUsdExportAssembly
[2023-03-09T14:00:31.853Z]      92/128 Test  #93: testUsdExportUsdzPackage ........................***Failed   10.75 sec
[2023-03-09T14:00:31.853Z]     
[2023-03-09T14:00:31.853Z]             Start 109: testUsdExportAssemblyEdits
[2023-03-09T14:00:32.172Z]      93/128 Test  #94: testUsdImportRfMShaders .........................***Failed   10.89 sec
[2023-03-09T14:00:32.172Z]     
[2023-03-09T14:00:32.172Z]             Start 110: testUsdExportPackage
[2023-03-09T14:00:32.287Z]      94/128 Test  #96: testUsdExportShadingInstanced ...................***Failed   10.90 sec
[2023-03-09T14:00:32.287Z]     
[2023-03-09T14:00:32.287Z]             Start 111: testUsdExportPointInstancer
[2023-03-09T14:00:32.287Z]      95/128 Test  #97: testUsdExportShadingModePxrRis ..................***Failed   10.89 sec
[2023-03-09T14:00:32.287Z]     
[2023-03-09T14:00:32.287Z]             Start 112: testUsdImportAsAssemblies
[2023-03-09T14:00:32.287Z]      96/128 Test  #95: testUsdExportDisplacement .......................***Failed   10.93 sec
[2023-03-09T14:00:32.287Z]     
[2023-03-09T14:00:32.287Z]             Start 113: testUsdImportNestedAssemblyAnimation
[2023-03-09T14:00:32.287Z]      97/128 Test  #98: testUsdExportImportUDIM .........................***Failed   10.86 sec
[2023-03-09T14:00:32.287Z]     
[2023-03-09T14:00:32.287Z]             Start 114: testUsdMayaGetVariantSetSelections
[2023-03-09T14:00:32.403Z]      98/128 Test  #99: testUsdExportRfMShaders .........................***Failed   10.87 sec
[2023-03-09T14:00:32.403Z]     
[2023-03-09T14:00:32.403Z]             Start 115: testUsdMayaModelKindProcessor
[2023-03-09T14:00:32.403Z]      99/128 Test #101: testUsdExportUVSetsFloat ........................***Failed   10.85 sec
[2023-03-09T14:00:32.403Z]     
[2023-03-09T14:00:32.403Z]             Start 116: testUsdMayaReferenceAssemblyEdits
[2023-03-09T14:00:32.403Z]     100/128 Test #100: testUsdExportUVSets .............................***Failed   10.87 sec
[2023-03-09T14:00:32.403Z]     
[2023-03-09T14:00:32.403Z]             Start 117: testUsdReferenceAssemblyChangeRepresentations
[2023-03-09T14:00:32.403Z]     101/128 Test #102: testUsdExportUVSetMappings ......................***Failed   10.88 sec
[2023-03-09T14:00:32.403Z]     
[2023-03-09T14:00:32.403Z]             Start 118: testPxrUsdAlembicChaser
[2023-03-09T14:00:32.518Z]     102/128 Test #106: testUsdMayaListShadingModesCommand ..............***Failed   10.85 sec
[2023-03-09T14:00:32.518Z]     
[2023-03-09T14:00:32.518Z]             Start 119: AL_MayaUtilsTests
[2023-03-09T14:00:32.518Z]     103/128 Test #104: testUsdImportUVSetsFloat ........................***Failed   10.88 sec
[2023-03-09T14:00:32.518Z]     
[2023-03-09T14:00:32.518Z]             Start 120: GTest:AL_USDTransactionTests
[2023-03-09T14:00:32.518Z]     104/128 Test #103: testUsdImportUVSets .............................***Failed   10.95 sec
[2023-03-09T14:00:32.518Z]     
[2023-03-09T14:00:32.518Z]             Start 121: Python:AL_USDTransactionTests
[2023-03-09T14:00:32.518Z]     105/128 Test #105: testUsdImportChaser .............................***Failed   10.92 sec
[2023-03-09T14:00:32.518Z]     
[2023-03-09T14:00:32.518Z]             Start 122: AL_USDMayaTestPlugin
[2023-03-09T14:00:32.518Z]     106/128 Test #107: testUsdImportExportSiteSpecificConfig ...........***Failed   10.90 sec
[2023-03-09T14:00:32.518Z]     
[2023-03-09T14:00:32.518Z]             Start 123: TestALUSDMayaPython_ProxyShape
[2023-03-09T14:00:48.140Z]     107/128 Test #123: TestALUSDMayaPython_ProxyShape ..................***Failed   15.61 sec
[2023-03-09T14:00:48.140Z]     
[2023-03-09T14:00:48.140Z]             Start 124: TestALUSDMayaPython_Translators
[2023-03-09T14:00:48.140Z]     108/128 Test #122: AL_USDMayaTestPlugin ............................***Failed   15.63 sec
[2023-03-09T14:00:48.140Z]     
[2023-03-09T14:00:48.140Z]             Start 125: TestALUSDMayaPython_LayerManager
[2023-03-09T14:00:48.140Z]     109/128 Test #119: AL_MayaUtilsTests ...............................***Failed   15.70 sec
[2023-03-09T14:00:48.140Z]     
[2023-03-09T14:00:48.140Z]             Start 126: TestALUSDMayaPython_ImportModule
[2023-03-09T14:00:48.458Z]     110/128 Test #112: testUsdImportAsAssemblies .......................***Failed   16.20 sec
[2023-03-09T14:00:48.458Z]     Error: return code 251 doesn't match expected 0 (EXPECTED_RETURN_CODE).chdir: w:\build\relwithdebinfo\test\temporary\testusdimportasassemblies\tmpdvqkxc
[2023-03-09T14:00:48.458Z]     copying testenv dir: W:/install/RelWithDebInfo/MayaUSD/plugin/pxr/tests/ctest/testUsdImportAsAssemblies
[2023-03-09T14:00:48.458Z]     cmd: ['P:/shared/Artifactory/Windows/rundev-2019/202003131251/runtime/155eb96/runTime/bin/mayapy.exe', 'W:/install/RelWithDebInfo/MayaUSD/plugin/pxr/tests/testUsdImportAsAssemblies']
[2023-03-09T14:00:48.458Z]     
[2023-03-09T14:00:48.458Z]             Start 127: testMayaSchemas
[2023-03-09T14:00:58.922Z]     111/128 Test #124: TestALUSDMayaPython_Translators .................***Failed   10.77 sec
[2023-03-09T14:00:58.922Z]     
[2023-03-09T14:00:58.922Z]             Start 128: TestAdditionalTranslators
[2023-03-09T14:00:58.922Z]     112/128 Test #125: TestALUSDMayaPython_LayerManager ................***Failed   10.77 sec
[2023-03-09T14:00:58.922Z]     
[2023-03-09T14:00:58.922Z]             Start 129: TestPxrUsdTranslators
[2023-03-09T14:01:09.685Z]     113/128 Test #128: TestAdditionalTranslators .......................***Failed   10.73 sec
[2023-03-09T14:01:09.685Z]     
[2023-03-09T14:01:09.685Z]     114/128 Test #129: TestPxrUsdTranslators ...........................***Failed   10.74 sec
[2023-03-09T14:01:09.685Z]     
[2023-03-09T14:01:22.672Z]     115/128 Test #127: testMayaSchemas .................................   Passed   34.21 sec
[2023-03-09T14:02:35.151Z]     116/128 Test #121: Python:AL_USDTransactionTests ...................   Passed  122.61 sec
[2023-03-09T14:02:46.312Z]     117/128 Test #115: testUsdMayaModelKindProcessor ...................***Failed  133.95 sec
[2023-03-09T14:02:46.312Z]     Error: return code 251 doesn't match expected 0 (EXPECTED_RETURN_CODE).chdir: w:\build\relwithdebinfo\test\temporary\testusdmayamodelkindprocessor\tmpeaefhc
[2023-03-09T14:02:46.312Z]     copying testenv dir: W:/install/RelWithDebInfo/MayaUSD/plugin/pxr/tests/ctest/testUsdMayaModelKindProcessor
[2023-03-09T14:02:46.312Z]     cmd: ['P:/shared/Artifactory/Windows/rundev-2019/202003131251/runtime/155eb96/runTime/bin/mayapy.exe', 'W:/install/RelWithDebInfo/MayaUSD/plugin/pxr/tests/testUsdMayaModelKindProcessor']
[2023-03-09T14:02:46.312Z]     
[2023-03-09T14:04:06.841Z]     118/128 Test #118: testPxrUsdAlembicChaser .........................***Failed  214.43 sec
[2023-03-09T14:04:06.841Z]     Error: return code 251 doesn't match expected 0 (EXPECTED_RETURN_CODE).chdir: w:\build\relwithdebinfo\test\temporary\testpxrusdalembicchaser\tmpynemjv
[2023-03-09T14:04:06.841Z]     copying testenv dir: W:/install/RelWithDebInfo/MayaUSD/plugin/pxr/tests/ctest/testPxrUsdAlembicChaser
[2023-03-09T14:04:06.841Z]     cmd: ['P:/shared/Artifactory/Windows/rundev-2019/202003131251/runtime/155eb96/runTime/bin/mayapy.exe', 'W:/install/RelWithDebInfo/MayaUSD/plugin/pxr/tests/testPxrUsdAlembicChaser']
[2023-03-09T14:04:06.841Z]     
[2023-03-09T14:04:06.841Z]     119/128 Test #108: testUsdExportAssembly ...........................***Failed  225.21 sec
[2023-03-09T14:04:06.841Z]     Error: return code 251 doesn't match expected 0 (EXPECTED_RETURN_CODE).chdir: w:\build\relwithdebinfo\test\temporary\testusdexportassembly\tmph_kyrx
[2023-03-09T14:04:06.841Z]     copying testenv dir: W:/install/RelWithDebInfo/MayaUSD/plugin/pxr/tests/ctest/testUsdExportAssembly
[2023-03-09T14:04:06.841Z]     cmd: ['P:/shared/Artifactory/Windows/rundev-2019/202003131251/runtime/155eb96/runTime/bin/mayapy.exe', 'W:/install/RelWithDebInfo/MayaUSD/plugin/pxr/tests/testUsdExportAssembly']
[2023-03-09T14:04:06.841Z]     
[2023-03-09T14:04:06.841Z]     120/128 Test #109: testUsdExportAssemblyEdits ......................***Failed  215.00 sec
[2023-03-09T14:04:06.841Z]     Error: return code 251 doesn't match expected 0 (EXPECTED_RETURN_CODE).chdir: w:\build\relwithdebinfo\test\temporary\testusdexportassemblyedits\tmpf6enbm
[2023-03-09T14:04:06.841Z]     copying testenv dir: W:/install/RelWithDebInfo/MayaUSD/plugin/pxr/tests/ctest/testUsdExportAssemblyEdits
[2023-03-09T14:04:06.841Z]     cmd: ['P:/shared/Artifactory/Windows/rundev-2019/202003131251/runtime/155eb96/runTime/bin/mayapy.exe', 'W:/install/RelWithDebInfo/MayaUSD/plugin/pxr/tests/testUsdExportAssemblyEdits']
[2023-03-09T14:04:06.841Z]     
[2023-03-09T14:04:06.952Z]     121/128 Test #110: testUsdExportPackage ............................***Failed  214.72 sec
[2023-03-09T14:04:06.952Z]     Error: return code 251 doesn't match expected 0 (EXPECTED_RETURN_CODE).chdir: w:\build\relwithdebinfo\test\temporary\testusdexportpackage\tmp88_zyc
[2023-03-09T14:04:06.952Z]     copying testenv dir: W:/install/RelWithDebInfo/MayaUSD/plugin/pxr/tests/ctest/testUsdExportPackage
[2023-03-09T14:04:06.952Z]     cmd: ['P:/shared/Artifactory/Windows/rundev-2019/202003131251/runtime/155eb96/runTime/bin/mayapy.exe', 'W:/install/RelWithDebInfo/MayaUSD/plugin/pxr/tests/testUsdExportPackage']
[2023-03-09T14:04:06.952Z]     
[2023-03-09T14:08:17.704Z]     122/128 Test #126: TestALUSDMayaPython_ImportModule ................   Passed  449.48 sec
[2023-03-09T14:08:53.098Z]     123/128 Test #111: testUsdExportPointInstancer .....................***Timeout 500.84 sec
[2023-03-09T14:08:53.098Z]     
[2023-03-09T14:08:53.211Z]     124/128 Test #113: testUsdImportNestedAssemblyAnimation ............***Timeout 500.85 sec
[2023-03-09T14:08:53.211Z]     
[2023-03-09T14:08:53.211Z]     125/128 Test #114: testUsdMayaGetVariantSetSelections ..............***Timeout 500.83 sec
[2023-03-09T14:08:53.211Z]     
[2023-03-09T14:08:53.211Z]     126/128 Test #116: testUsdMayaReferenceAssemblyEdits ...............***Timeout 500.77 sec
[2023-03-09T14:08:53.211Z]     
[2023-03-09T14:08:53.211Z]     127/128 Test #117: testUsdReferenceAssemblyChangeRepresentations ...***Timeout 500.76 sec
[2023-03-09T14:08:53.211Z]     
[2023-03-09T14:08:53.211Z]     128/128 Test #120: GTest:AL_USDTransactionTests ....................***Timeout 500.66 sec
[2023-03-09T14:08:53.211Z]     [==========] Running 10 tests from 2 test suites.
[2023-03-09T14:08:53.211Z]     [----------] Global test environment set-up.
[2023-03-09T14:08:53.211Z]     [----------] 4 tests from TransactionManagerTest
[2023-03-09T14:08:53.211Z]     [ RUN      ] TransactionManagerTest.StageLifetime
[2023-03-09T14:08:53.211Z]     Warning: in Open at line 128 of S:\jenkins\workspace\ECP\ecg-maya-usd\ecg-mayausd-branch-preflight-2019-no-ufe-windows\ecg-maya-usd\maya-usd\plugin\al\usdtransaction\AL\usd\transaction\TransactionManager.cpp -- Provided layer is invalid
[2023-03-09T14:08:53.211Z]     [       OK ] TransactionManagerTest.StageLifetime (1089 ms)
[2023-03-09T14:08:53.211Z]     [ RUN      ] TransactionManagerTest.LayerLifetime
[2023-03-09T14:08:53.211Z]     Warning: in Open at line 128 of S:\jenkins\workspace\ECP\ecg-maya-usd\ecg-mayausd-branch-preflight-2019-no-ufe-windows\ecg-maya-usd\maya-usd\plugin\al\usdtransaction\AL\usd\transaction\TransactionManager.cpp -- Provided layer is invalid
[2023-03-09T14:08:53.211Z]     [       OK ] TransactionManagerTest.LayerLifetime (0 ms)
[2023-03-09T14:08:53.211Z]     [ RUN      ] TransactionManagerTest.InProgress_Stage
[2023-03-09T14:08:53.211Z]     [       OK ] TransactionManagerTest.InProgress_Stage (1 ms)
[2023-03-09T14:08:53.211Z]     [ RUN      ] TransactionManagerTest.InProgress_Layer
[2023-03-09T14:08:53.211Z]     [       OK ] TransactionManagerTest.InProgress_Layer (0 ms)
[2023-03-09T14:08:53.211Z]     [----------] 4 tests from TransactionManagerTest (1091 ms total)
[2023-03-09T14:08:53.211Z]     
[2023-03-09T14:08:53.211Z]     [----------] 6 tests from TransactionTest
[2023-03-09T14:08:53.211Z]     [ RUN      ] TransactionTest.Transaction
[2023-03-09T14:08:53.211Z]     Warning: in Close at line 150 of S:\jenkins\workspace\ECP\ecg-maya-usd\ecg-mayausd-branch-preflight-2019-no-ufe-windows\ecg-maya-usd\maya-usd\plugin\al\usdtransaction\AL\usd\transaction\TransactionManager.cpp -- Tried to close unopened transaction
[2023-03-09T14:08:53.211Z]     [       OK ] TransactionTest.Transaction (1 ms)
[2023-03-09T14:08:53.211Z]     [ RUN      ] TransactionTest.ScopedTransaction
[2023-03-09T14:08:53.211Z]     [       OK ] TransactionTest.ScopedTransaction (0 ms)
[2023-03-09T14:08:53.211Z]     [ RUN      ] TransactionTest.Changes
[2023-03-09T14:08:53.211Z]     [       OK ] TransactionTest.Changes (20 ms)
[2023-03-09T14:08:53.211Z]     [ RUN      ] TransactionTest.Hierarchy
[2023-03-09T14:08:53.211Z]     [       OK ] TransactionTest.Hierarchy (2 ms)
[2023-03-09T14:08:53.211Z]     [ RUN      ] TransactionTest.Properties
[2023-03-09T14:08:53.211Z]     [       OK ] TransactionTest.Properties (0 ms)
[2023-03-09T14:08:53.211Z]     [ RUN      ] TransactionTest.Clear
[2023-03-09T14:08:53.211Z]     [       OK ] TransactionTest.Clear (2 ms)
[2023-03-09T14:08:53.211Z]     [----------] 6 tests from TransactionTest (25 ms total)
[2023-03-09T14:08:53.211Z]     
[2023-03-09T14:08:53.211Z]     [----------] Global test environment tear-down
[2023-03-09T14:08:53.211Z]     [==========] 10 tests from 2 test suites ran. (1116 ms total)
[2023-03-09T14:08:53.211Z]     [  PASSED  ] 10 tests.
[2023-03-09T14:08:53.211Z]     
[2023-03-09T14:08:53.211Z]     
[2023-03-09T14:08:53.211Z]     10% tests passed, 114 tests failed out of 127
[2023-03-09T14:08:53.211Z]     
[2023-03-09T14:08:53.211Z]     Label Time Summary:
[2023-03-09T14:08:53.211Z]     Debugging            =   0.00 sec*proc (1 test)
[2023-03-09T14:08:53.211Z]     MayaUsd              = 2585.41 sec*proc (6 tests)
[2023-03-09T14:08:53.211Z]     translators          = 3332.34 sec*proc (85 tests)
[2023-03-09T14:08:53.211Z]     usdPreviewSurface    = 861.58 sec*proc (2 tests)
[2023-03-09T14:08:53.211Z]     
[2023-03-09T14:08:53.211Z]     Total Test time (real) = 989.15 sec
[2023-03-09T14:08:53.211Z]     
[2023-03-09T14:08:53.211Z]     The following tests did not run:
[2023-03-09T14:08:53.211Z]     	  7 - _Interactive_Maya (Disabled)
[2023-03-09T14:08:53.211Z]     
[2023-03-09T14:08:53.211Z]     The following tests FAILED:
[2023-03-09T14:08:53.211Z]     	  1 - testMayaUsdConverter (Failed)
[2023-03-09T14:08:53.211Z]     	  2 - testMayaUsdCreateStageCommands (Failed)
[2023-03-09T14:08:53.211Z]     	  3 - testMayaUsdPythonImport (Failed)
[2023-03-09T14:08:53.211Z]     	  4 - testMayaUsdLayerEditorCommands (Failed)
[2023-03-09T14:08:53.211Z]     	  5 - testMayaUsdCacheId (Failed)
[2023-03-09T14:08:53.211Z]     	  8 - testMayaUsdPlugVersionCheck (Failed)
[2023-03-09T14:08:53.211Z]     	  9 - testPxrUsdPreviewSurfaceDraw (Failed)
[2023-03-09T14:08:53.211Z]     	 10 - testPxrUsdPreviewSurfaceExport (Failed)
[2023-03-09T14:08:53.211Z]     	 11 - testMayaUsdSchemasPythonImport (Failed)
[2023-03-09T14:08:53.211Z]     	 12 - testMayaUsdSchemasMayaReference (Failed)
[2023-03-09T14:08:53.211Z]     	 23 - testUsdExportAnimation (Failed)
[2023-03-09T14:08:53.211Z]     	 24 - testUsdExportAsClip (Failed)
[2023-03-09T14:08:53.211Z]     	 25 - testUsdExportBindTransform (Failed)
[2023-03-09T14:08:53.211Z]     	 26 - testUsdExportBlendshapes (Failed)
[2023-03-09T14:08:53.211Z]     	 27 - testUsdExportCamera (Failed)
[2023-03-09T14:08:53.211Z]     	 28 - testUsdExportColorSets (Failed)
[2023-03-09T14:08:53.211Z]     	 29 - testUsdExportConnected (Failed)
[2023-03-09T14:08:53.211Z]     	 30 - testUsdExportDisplayColor (Failed)
[2023-03-09T14:08:53.211Z]     	 31 - testUsdExportEulerFilter (Failed)
[2023-03-09T14:08:53.211Z]     	 32 - testUsdExportFileFormat (Failed)
[2023-03-09T14:08:53.211Z]     	 33 - testUsdExportFilterTypes (Failed)
[2023-03-09T14:08:53.211Z]     	 34 - testUsdExportFrameOffset (Failed)
[2023-03-09T14:08:53.211Z]     	 35 - testUsdExportGeomSubset (Failed)
[2023-03-09T14:08:53.211Z]     	 36 - testUsdExportInstances (Failed)
[2023-03-09T14:08:53.529Z]     	 37 - testUsdExportLayerAttributes (Failed)
[2023-03-09T14:08:53.529Z]     	 38 - testUsdExportLight (Failed)
[2023-03-09T14:08:53.529Z]     	 39 - testUsdExportLocator (Failed)
[2023-03-09T14:08:53.529Z]     	 40 - testUsdExportMayaInstancer (Failed)
[2023-03-09T14:08:53.529Z]     	 41 - testUsdExportMesh (Failed)
[2023-03-09T14:08:53.529Z]     	 42 - testUsdExportNurbsCurve (Failed)
[2023-03-09T14:08:53.529Z]     	 43 - testUsdExportOpenLayer (Failed)
[2023-03-09T14:08:53.529Z]     	 44 - testUsdExportOverImport (Failed)
[2023-03-09T14:08:53.529Z]     	 45 - testUsdExportUsdPreviewSurface (Failed)
[2023-03-09T14:08:53.529Z]     	 46 - testUsdExportParentScope (Failed)
[2023-03-09T14:08:53.529Z]     	 47 - testUsdExportParticles (Failed)
[2023-03-09T14:08:53.529Z]     	 48 - testUsdExportPref (Failed)
[2023-03-09T14:08:53.529Z]     	 49 - testUsdExportRenderLayerMode (Failed)
[2023-03-09T14:08:53.529Z]     	 50 - testUsdExportRoots (Failed)
[2023-03-09T14:08:53.529Z]     	 51 - testUsdExportRootsAndParentScope (Failed)
[2023-03-09T14:08:53.529Z]     	 52 - testUsdExportSelection (Failed)
[2023-03-09T14:08:53.529Z]     	 53 - testUsdExportSelectionHierarchy (Failed)
[2023-03-09T14:08:53.529Z]     	 54 - testUsdExportSkeleton (Failed)
[2023-03-09T14:08:53.529Z]     	 55 - testUsdExportStripNamespaces (Failed)
[2023-03-09T14:08:53.529Z]     	 56 - testUsdExportStroke (Failed)
[2023-03-09T14:08:53.529Z]     	 57 - testUsdExportUserTaggedAttributes (Failed)
[2023-03-09T14:08:53.529Z]     	 58 - testUsdExportVisibilityDefault (Failed)
[2023-03-09T14:08:53.529Z]     	 59 - testUsdImportAnonymousLayer (Failed)
[2023-03-09T14:08:53.529Z]     	 60 - testUsdImportCamera (Failed)
[2023-03-09T14:08:53.529Z]     	 61 - testUsdImportBasisCurves (Failed)
[2023-03-09T14:08:53.529Z]     	 62 - testUsdImportBatchNurbsCurves (Failed)
[2023-03-09T14:08:53.529Z]     	 63 - testUsdImportLinearCurves (Failed)
[2023-03-09T14:08:53.529Z]     	 64 - testUsdImportHighDegreeNurbsCurves (Failed)
[2023-03-09T14:08:53.529Z]     	 65 - testUsdImportNurbsCurves (Failed)
[2023-03-09T14:08:53.529Z]     	 66 - testUsdImportBatchBezierCurves (Failed)
[2023-03-09T14:08:53.529Z]     	 67 - testUsdImportColorSets (Failed)
[2023-03-09T14:08:53.529Z]     	 68 - testUsdImportDisplacement (Failed)
[2023-03-09T14:08:53.529Z]     	 69 - testUsdImportExportScope (Failed)
[2023-03-09T14:08:53.529Z]     	 70 - testUsdImportExportTypelessDefs (Failed)
[2023-03-09T14:08:53.529Z]     	 71 - testUsdImportFrameRange (Failed)
[2023-03-09T14:08:53.529Z]     	 72 - testUsdImportFramerates (Failed)
[2023-03-09T14:08:53.529Z]     	 73 - testUsdImportInstances (Failed)
[2023-03-09T14:08:53.529Z]     	 74 - testUsdImportLight (Failed)
[2023-03-09T14:08:53.529Z]     	 75 - testUsdImportMayaReference (Failed)
[2023-03-09T14:08:53.529Z]     	 76 - testUsdImportMesh (Failed)
[2023-03-09T14:08:53.529Z]     	 77 - testUsdImportPointCache (Failed)
[2023-03-09T14:08:53.529Z]     	 78 - testUsdImportPreviewSurface (Failed)
[2023-03-09T14:08:53.529Z]     	 79 - testUsdImportSessionLayer (Failed)
[2023-03-09T14:08:53.529Z]     	 80 - testUsdImportShadingModeDisplayColor (Failed)
[2023-03-09T14:08:53.529Z]     	 81 - testUsdImportShadingModePxrRis (Failed)
[2023-03-09T14:08:53.529Z]     	 82 - testUsdImportUVSetMappings (Failed)
[2023-03-09T14:08:53.529Z]     	 83 - testUsdImportUSDZTextures (Failed)
[2023-03-09T14:08:53.529Z]     	 84 - testUsdExportImportRoundtripPreviewSurface (Failed)
[2023-03-09T14:08:53.529Z]     	 85 - testUsdImportSkeleton (Failed)
[2023-03-09T14:08:53.529Z]     	 86 - testUsdImportXforms (Failed)
[2023-03-09T14:08:53.529Z]     	 87 - testUsdImportXformAnim (Failed)
[2023-03-09T14:08:53.529Z]     	 88 - testUsdMayaAdaptor (Failed)
[2023-03-09T14:08:53.529Z]     	 89 - testUsdMayaAdaptorGeom (Failed)
[2023-03-09T14:08:53.529Z]     	 90 - testUsdMayaAdaptorMetadata (Failed)
[2023-03-09T14:08:53.529Z]     	 91 - testUsdMayaAdaptorUndoRedo (Failed)
[2023-03-09T14:08:53.529Z]     	 92 - testUsdExportUVTransforms (Failed)
[2023-03-09T14:08:53.529Z]     	 93 - testUsdExportUsdzPackage (Failed)
[2023-03-09T14:08:53.529Z]     	 94 - testUsdImportRfMShaders (Failed)
[2023-03-09T14:08:53.529Z]     	 95 - testUsdExportDisplacement (Failed)
[2023-03-09T14:08:53.529Z]     	 96 - testUsdExportShadingInstanced (Failed)
[2023-03-09T14:08:53.529Z]     	 97 - testUsdExportShadingModePxrRis (Failed)
[2023-03-09T14:08:53.529Z]     	 98 - testUsdExportImportUDIM (Failed)
[2023-03-09T14:08:53.529Z]     	 99 - testUsdExportRfMShaders (Failed)
[2023-03-09T14:08:53.529Z]     	100 - testUsdExportUVSets (Failed)
[2023-03-09T14:08:53.529Z]     	101 - testUsdExportUVSetsFloat (Failed)
[2023-03-09T14:08:53.529Z]     	102 - testUsdExportUVSetMappings (Failed)
[2023-03-09T14:08:53.529Z]     	103 - testUsdImportUVSets (Failed)
[2023-03-09T14:08:53.529Z]     	104 - testUsdImportUVSetsFloat (Failed)
[2023-03-09T14:08:53.529Z]     	105 - testUsdImportChaser (Failed)
[2023-03-09T14:08:53.529Z]     	106 - testUsdMayaListShadingModesCommand (Failed)
[2023-03-09T14:08:53.529Z]     	107 - testUsdImportExportSiteSpecificConfig (Failed)
[2023-03-09T14:08:53.529Z]     	108 - testUsdExportAssembly (Failed)
[2023-03-09T14:08:53.529Z]     	109 - testUsdExportAssemblyEdits (Failed)
[2023-03-09T14:08:53.529Z]     	110 - testUsdExportPackage (Failed)
[2023-03-09T14:08:53.529Z]     	111 - testUsdExportPointInstancer (Timeout)
[2023-03-09T14:08:53.529Z]     	112 - testUsdImportAsAssemblies (Failed)
[2023-03-09T14:08:53.529Z]     	113 - testUsdImportNestedAssemblyAnimation (Timeout)
[2023-03-09T14:08:53.529Z]     	114 - testUsdMayaGetVariantSetSelections (Timeout)
[2023-03-09T14:08:53.529Z]     	115 - testUsdMayaModelKindProcessor (Failed)
[2023-03-09T14:08:53.529Z]     	116 - testUsdMayaReferenceAssemblyEdits (Timeout)
[2023-03-09T14:08:53.529Z]     	117 - testUsdReferenceAssemblyChangeRepresentations (Timeout)
[2023-03-09T14:08:53.529Z]     	118 - testPxrUsdAlembicChaser (Failed)
[2023-03-09T14:08:53.529Z]     	119 - AL_MayaUtilsTests (Failed)
[2023-03-09T14:08:53.529Z]     	120 - GTest:AL_USDTransactionTests (Timeout)
[2023-03-09T14:08:53.529Z]     	122 - AL_USDMayaTestPlugin (Failed)
[2023-03-09T14:08:53.529Z]     	123 - TestALUSDMayaPython_ProxyShape (Failed)
[2023-03-09T14:08:53.529Z]     	124 - TestALUSDMayaPython_Translators (Failed)
[2023-03-09T14:08:53.529Z]     	125 - TestALUSDMayaPython_LayerManager (Failed)
[2023-03-09T14:08:53.529Z]     	128 - TestAdditionalTranslators (Failed)
[2023-03-09T14:08:53.529Z]     	129 - TestPxrUsdTranslators (Failed)
[2023-03-09T14:08:53.529Z]     Errors while running CTest
[2023-03-09T14:08:53.938Z]     
[2023-03-09T14:08:53.938Z]         Building with settings:
[2023-03-09T14:08:53.938Z]           Source directory          S:\jenkins\workspace\ECP\ecg-maya-usd\ecg-mayausd-branch-preflight-2019-no-ufe-windows\ecg-maya-usd\maya-usd
[2023-03-09T14:08:53.938Z]           Workspace directory       W:\
[2023-03-09T14:08:53.938Z]           Build directory           W:\build\RelWithDebInfo
[2023-03-09T14:08:53.938Z]           Install directory         W:\install\RelWithDebInfo\MayaUSD
[2023-03-09T14:08:53.938Z]           Variant                   RelWithDebInfo
[2023-03-09T14:08:53.938Z]           Python Debug              Off
[2023-03-09T14:08:53.938Z]           CMake generator           Ninja
[2023-03-09T14:08:53.938Z]           Build arguments           ['-DCMAKE_MAKE_PROGRAM=P:/shared/Artifactory/Windows/ninja/1.9.0/c68f192/ninja.exe', '-DPYTHON_INCLUDE_DIR=P:/shared/Artifactory/Windows/rundev-2019/202003131251/runtime/155eb96/runTime/include/Python2.7', '-DPython_EXECUTABLE=P:/shared/Artifactory/Windows/rundev-2019/202003131251/runtime/155eb96/runTime/bin/mayapy.exe', '-DPYTHON_LIBRARIES=P:/shared/Artifactory/Windows/rundev-2019/202003131251/runtime/155eb96/runTime/lib/python27.lib', '-DCMAKE_WANT_UFE_BUILD=OFF', '-DUSD_LIB_PREFIX=', '-DCMAKE_WANT_MATERIALX_BUILD=ON', '-DCMAKE_PREFIX_PATH=P:\\shared\\Artifactory\\Windows\\USD\\cfb3d8a']
[2023-03-09T14:08:53.938Z]           Stages arguments          ['test']
[2023-03-09T14:08:53.938Z]           CTest arguments           ['-E testUsdReferenceAssemblySelection|testUsdMayaAppDir', '-LE interactive', '--parallel 16']
[2023-03-09T14:08:53.938Z]     #####################################################################################
[2023-03-09T14:08:53.938Z]     log date: 2023-03-09 05:51
[2023-03-09T14:08:53.938Z]     commit sha: 9ffc3a22f2c2553b38d4880e68570b1e70af5544
[2023-03-09T14:08:53.938Z]     commit date: Fri Mar 3 15:36:33 2023 -0500
[2023-03-09T14:08:53.938Z]     #####################################################################################
[2023-03-09T14:08:53.938Z]     
[2023-03-09T14:08:53.938Z]     cmake --build . --config RelWithDebInfo --target install -- -j16
[2023-03-09T14:08:53.938Z]     #####################################################################################
[2023-03-09T14:08:53.938Z]     log date: 2023-03-09 05:52
[2023-03-09T14:08:53.938Z]     commit sha: 9ffc3a22f2c2553b38d4880e68570b1e70af5544
[2023-03-09T14:08:53.938Z]     commit date: Fri Mar 3 15:36:33 2023 -0500
[2023-03-09T14:08:53.938Z]     #####################################################################################
[2023-03-09T14:08:53.938Z]     
[2023-03-09T14:08:53.938Z]     ctest --output-on-failure --timeout 500 -C RelWithDebInfo -E testUsdReferenceAssemblySelection|testUsdMayaAppDir -LE interactive --parallel 16
[2023-03-09T14:08:53.938Z]     
[2023-03-09T14:08:53.938Z]     Traceback (most recent call last):
[2023-03-09T14:08:53.938Z]       File "S:\jenkins\workspace\ECP\ecg-maya-usd\ecg-mayausd-branch-preflight-2019-no-ufe-windows\ecg-maya-usd\maya-usd\build.py", line 628, in <module>
[2023-03-09T14:08:53.938Z]         RunTests(context, context.ctestArgs)
[2023-03-09T14:08:53.938Z]       File "S:\jenkins\workspace\ECP\ecg-maya-usd\ecg-mayausd-branch-preflight-2019-no-ufe-windows\ecg-maya-usd\maya-usd\build.py", line 411, in RunTests
[2023-03-09T14:08:53.938Z]         RunCTest(context,extraArgs)
[2023-03-09T14:08:53.938Z]       File "S:\jenkins\workspace\ECP\ecg-maya-usd\ecg-mayausd-branch-preflight-2019-no-ufe-windows\ecg-maya-usd\maya-usd\build.py", line 322, in RunCTest
[2023-03-09T14:08:53.938Z]         extraArgs=(" ".join(extraArgs) if extraArgs else "")))
[2023-03-09T14:08:53.938Z]       File "S:\jenkins\workspace\ECP\ecg-maya-usd\ecg-mayausd-branch-preflight-2019-no-ufe-windows\ecg-maya-usd\maya-usd\build.py", line 179, in Run
[2023-03-09T14:08:53.938Z]         .format(cmd=cmd, log=os.path.abspath(context.logFileLocation)))
[2023-03-09T14:08:53.938Z]     RuntimeError: Failed to run 'ctest --output-on-failure --timeout 500 -C RelWithDebInfo -E testUsdReferenceAssemblySelection|testUsdMayaAppDir -LE interactive --parallel 16 '
[2023-03-09T14:08:53.938Z]     See W:\build\RelWithDebInfo\build_log.txt for more details.
[2023-03-09T14:08:53.938Z] build.py: error: Command failed with error code: 1
[Pipeline] bat
[2023-03-09T14:08:54.211Z] Deleting alias drive W:
[Pipeline] bat
[2023-03-09T14:08:54.584Z] Deleting alias drive P:
[Pipeline] }
[Pipeline] // withEnv
[Pipeline] }
[Pipeline] // timeout
[Pipeline] }
[Pipeline] // stage
[Pipeline] }
[Pipeline] // timestamps
[Pipeline] emailextrecipients
Not sending mail to unregistered user ecg.jenkins@autodesk.com because your SCM claimed this was associated with a user ID ecg.jenkins' which your security realm does not recognize; you may need changes in your SCM plugin
Not sending mail to unregistered user ecg.jenkins@autodesk.com because your SCM claimed this was associated with a user ID ecg.jenkins' which your security realm does not recognize; you may need changes in your SCM plugin
[Pipeline] echo
No recipients to send notification.
[Pipeline] }
[Pipeline] // node
[Pipeline] End of Pipeline
ERROR: script returned exit code 1
[Checks API] No suitable checks publisher found.
Finished: FAILURE
