[2023-03-31T14:06:38.822Z] ================================================================================
[2023-03-31T14:06:38.822Z]                              setup (RelWithDebInfo)
[2023-03-31T14:06:38.822Z] ================================================================================
[Pipeline] }
[Pipeline] // withEnv
[Pipeline] }
[Pipeline] // timeout
[Pipeline] }
[Pipeline] // stage
[Pipeline] }
[Pipeline] // timestamps
[Pipeline] timestamps
[Pipeline] {
[Pipeline] stage
[Pipeline] { (Clean)
[Pipeline] timeout
[2023-03-31T14:06:39.176Z] Timeout set to expire in 6 hr 0 min
[Pipeline] {
[Pipeline] withEnv
[Pipeline] {
[Pipeline] sh
[2023-03-31T14:06:40.548Z] + python ecg-maya-usd/build.py --stages=clean --workspace-dir=/local/S/jenkins/workspace/ECP/ecg-maya-usd/ecg-mayausd-branch-preflight-2022-python3-osx --artifactory-dir=/local/S/jenkins/workspace/shared/Artifactory --build-dir=/local/S/jenkins/workspace/ECP/ecg-maya-usd/ecg-mayausd-branch-preflight-2022-python3-osx/build --install-dir=/local/S/jenkins/workspace/ECP/ecg-maya-usd/ecg-mayausd-branch-preflight-2022-python3-osx/install --signing-dir=/local/S/jenkins/workspace/ECP/ecg-maya-usd/ecg-mayausd-branch-preflight-2022-python3-osx/signing --package-dir=/local/S/jenkins/workspace/ECP/ecg-maya-usd/ecg-mayausd-branch-preflight-2022-python3-osx/package --output-dir=/local/S/jenkins/workspace/ECP/ecg-maya-usd/ecg-mayausd-branch-preflight-2022-python3-osx/output --stash-dir=/local/S/jenkins/workspace/ECP/ecg-maya-usd/ecg-mayausd-branch-preflight-2022-python3-osx/stash --jenkins-build=816 --git-commit=187ad5f540de68c261aa637ad6e8835c0ebabe94 --git-branch=master --variants=RelWithDebInfo --python=3.7 --post-zips=false --maya-cut-config=maya-rundev-2022.yaml --maya-package=rundev-2022 --stage-banner
[2023-03-31T14:06:40.981Z] No catalog entry registered for tbb-4.4u5-ub2.
[2023-03-31T14:06:40.981Z] Using Maya cut from /local/S/jenkins/workspace/shared/Artifactory/OSX/rundev-2022/202303271415/runtime/14b7a14
[2023-03-31T14:06:40.981Z] Using Maya ADSK Signatures from /local/S/jenkins/workspace/shared/Artifactory/OSX/adsk-plugin-signatures-maya/2023/3ae1ae7
[2023-03-31T14:06:40.981Z] Using Maya Security Library from /local/S/jenkins/workspace/shared/Artifactory/OSX/maya-security-library/3.1.0/5f2130f
[2023-03-31T14:06:41.086Z] 
[2023-03-31T14:06:41.086Z] ================================================================================
[2023-03-31T14:06:41.086Z]                              clean (RelWithDebInfo)
[2023-03-31T14:06:41.086Z] ================================================================================
[2023-03-31T14:06:41.086Z] Maya Python RelWithDebInfo Info:
[2023-03-31T14:06:41.086Z]   mayapy executable   = /local/S/jenkins/workspace/shared/Artifactory/OSX/rundev-2022/202303271415/runtime/14b7a14/runTime/Maya.app/Contents/bin/mayapy
[2023-03-31T14:06:41.086Z]   Include Folder      = /local/S/jenkins/workspace/shared/Artifactory/OSX/rundev-2022/202303271415/runtime/14b7a14/runTime/Maya.app/Contents/Frameworks/Python.framework/Versions/Current/include/python3.7m
[2023-03-31T14:06:41.086Z]   Library             = /local/S/jenkins/workspace/shared/Artifactory/OSX/rundev-2022/202303271415/runtime/14b7a14/runTime/Maya.app/Contents/Frameworks/Python.framework/Versions/Current/lib/libpython3.7m.dylib
[2023-03-31T14:06:41.086Z]   site-package Folder = /local/S/jenkins/workspace/shared/Artifactory/OSX/rundev-2022/202303271415/runtime/14b7a14/runTime/Maya.app/Contents/Frameworks/Python.framework/Versions/Current/lib/python3.7/site-packages
[2023-03-31T14:06:42.063Z] In workdir: /local/S/jenkins/workspace/ECP/ecg-maya-usd/ecg-mayausd-branch-preflight-2022-python3-osx/ecg-maya-usd/maya-usd
[2023-03-31T14:06:42.063Z] Executing: /local/S/jenkins/workspace/shared/Artifactory/OSX/rundev-2022/202303271415/runtime/14b7a14/runTime/Maya.app/Contents/bin/mayapy /local/S/jenkins/workspace/ECP/ecg-maya-usd/ecg-mayausd-branch-preflight-2022-python3-osx/ecg-maya-usd/maya-usd/build.py --generator Ninja --build-relwithdebug --maya-location /local/S/jenkins/workspace/shared/Artifactory/OSX/rundev-2022/202303271415/runtime/14b7a14/runTime --devkit-location /local/S/jenkins/workspace/shared/Artifactory/OSX/rundev-2022/202303271415/runtime/14b7a14/devkitBase --pxrusd-location /local/S/jenkins/workspace/shared/Artifactory/OSX/USD/c188d08 --qt-location /local/S/jenkins/workspace/shared/Artifactory/OSX/qt/5.15.2/29061b6 --build-args=-DCMAKE_MAKE_PROGRAM=/local/S/jenkins/workspace/shared/Artifactory/OSX/ninja/1.9.0/41005eb/ninja,-DPYTHON_INCLUDE_DIR=/local/S/jenkins/workspace/shared/Artifactory/OSX/rundev-2022/202303271415/runtime/14b7a14/runTime/Maya.app/Contents/Frameworks/Python.framework/Versions/Current/include/python3.7m,-DPython_EXECUTABLE=/local/S/jenkins/workspace/shared/Artifactory/OSX/rundev-2022/202303271415/runtime/14b7a14/runTime/Maya.app/Contents/bin/mayapy,-DPYTHON_LIBRARIES=/local/S/jenkins/workspace/shared/Artifactory/OSX/rundev-2022/202303271415/runtime/14b7a14/runTime/Maya.app/Contents/Frameworks/Python.framework/Versions/Current/lib/libpython3.7m.dylib,-DBUILD_WITH_PYTHON_3=ON,-DUSD_LIB_PREFIX=lib,-DCMAKE_WANT_MATERIALX_BUILD=ON,-DCMAKE_PREFIX_PATH=/local/S/jenkins/workspace/shared/Artifactory/OSX/USD/c188d08 '--ctest-args=-E testUsdReferenceAssemblySelection|testUsdMayaAppDir,-LE interactive,--parallel 4' --stages=clean --redirect-outstream-file=False --install-location /local/S/jenkins/workspace/ECP/ecg-maya-usd/ecg-mayausd-branch-preflight-2022-python3-osx/install/RelWithDebInfo/MayaUSD /local/S/jenkins/workspace/ECP/ecg-maya-usd/ecg-mayausd-branch-preflight-2022-python3-osx
[2023-03-31T14:06:42.063Z] Modified environment variables:
[2023-03-31T14:06:42.063Z]     PATH=/local/S/jenkins/workspace/shared/Artifactory/OSX/cmake/3.20.3/2594509/bin:/usr/local/bin:/bin:/usr/sbin:/sbin:/usr/bin
[2023-03-31T14:06:42.166Z]     
[2023-03-31T14:06:42.166Z]         Building with settings:
[2023-03-31T14:06:42.166Z]           Source directory          /local/S/jenkins/workspace/ECP/ecg-maya-usd/ecg-mayausd-branch-preflight-2022-python3-osx/ecg-maya-usd/maya-usd
[2023-03-31T14:06:42.166Z]           Workspace directory       /local/S/jenkins/workspace/ECP/ecg-maya-usd/ecg-mayausd-branch-preflight-2022-python3-osx
[2023-03-31T14:06:42.166Z]           Build directory           /local/S/jenkins/workspace/ECP/ecg-maya-usd/ecg-mayausd-branch-preflight-2022-python3-osx/build/RelWithDebInfo
[2023-03-31T14:06:42.166Z]           Install directory         /local/S/jenkins/workspace/ECP/ecg-maya-usd/ecg-mayausd-branch-preflight-2022-python3-osx/install/RelWithDebInfo/MayaUSD
[2023-03-31T14:06:42.166Z]           Variant                   RelWithDebInfo
[2023-03-31T14:06:42.166Z]           Python Debug              Off
[2023-03-31T14:06:42.166Z]           CMake generator           Ninja
[2023-03-31T14:06:42.166Z]           Build arguments           ['-DCMAKE_MAKE_PROGRAM=/local/S/jenkins/workspace/shared/Artifactory/OSX/ninja/1.9.0/41005eb/ninja', '-DPYTHON_INCLUDE_DIR=/local/S/jenkins/workspace/shared/Artifactory/OSX/rundev-2022/202303271415/runtime/14b7a14/runTime/Maya.app/Contents/Frameworks/Python.framework/Versions/Current/include/python3.7m', '-DPython_EXECUTABLE=/local/S/jenkins/workspace/shared/Artifactory/OSX/rundev-2022/202303271415/runtime/14b7a14/runTime/Maya.app/Contents/bin/mayapy', '-DPYTHON_LIBRARIES=/local/S/jenkins/workspace/shared/Artifactory/OSX/rundev-2022/202303271415/runtime/14b7a14/runTime/Maya.app/Contents/Frameworks/Python.framework/Versions/Current/lib/libpython3.7m.dylib', '-DBUILD_WITH_PYTHON_3=ON', '-DUSD_LIB_PREFIX=lib', '-DCMAKE_WANT_MATERIALX_BUILD=ON', '-DCMAKE_PREFIX_PATH=/local/S/jenkins/workspace/shared/Artifactory/OSX/USD/c188d08']
[2023-03-31T14:06:42.166Z]           Stages arguments          ['clean']
[2023-03-31T14:06:42.166Z]           CTest arguments           ['-E testUsdReferenceAssemblySelection|testUsdMayaAppDir', '-LE interactive', '--parallel 4']
[2023-03-31T14:06:42.166Z]     Success MayaUSD build and install !!!!
[2023-03-31T14:06:42.166Z]     Elapsed time: 00:00:00
[Pipeline] }
[Pipeline] // withEnv
[Pipeline] }
[Pipeline] // timeout
[Pipeline] }
[Pipeline] // stage
[Pipeline] }
[Pipeline] // timestamps
[Pipeline] timestamps
[Pipeline] {
[Pipeline] stage
[Pipeline] { (Configure)
[Pipeline] timeout
[2023-03-31T14:06:42.371Z] Timeout set to expire in 6 hr 0 min
[Pipeline] {
[Pipeline] withEnv
[Pipeline] {
[Pipeline] sh
[2023-03-31T14:06:43.720Z] + python ecg-maya-usd/build.py --stages=configure --workspace-dir=/local/S/jenkins/workspace/ECP/ecg-maya-usd/ecg-mayausd-branch-preflight-2022-python3-osx --artifactory-dir=/local/S/jenkins/workspace/shared/Artifactory --build-dir=/local/S/jenkins/workspace/ECP/ecg-maya-usd/ecg-mayausd-branch-preflight-2022-python3-osx/build --install-dir=/local/S/jenkins/workspace/ECP/ecg-maya-usd/ecg-mayausd-branch-preflight-2022-python3-osx/install --signing-dir=/local/S/jenkins/workspace/ECP/ecg-maya-usd/ecg-mayausd-branch-preflight-2022-python3-osx/signing --package-dir=/local/S/jenkins/workspace/ECP/ecg-maya-usd/ecg-mayausd-branch-preflight-2022-python3-osx/package --output-dir=/local/S/jenkins/workspace/ECP/ecg-maya-usd/ecg-mayausd-branch-preflight-2022-python3-osx/output --stash-dir=/local/S/jenkins/workspace/ECP/ecg-maya-usd/ecg-mayausd-branch-preflight-2022-python3-osx/stash --jenkins-build=816 --git-commit=187ad5f540de68c261aa637ad6e8835c0ebabe94 --git-branch=master --variants=RelWithDebInfo --python=3.7 --post-zips=false --maya-cut-config=maya-rundev-2022.yaml --maya-package=rundev-2022 --stage-banner
[2023-03-31T14:06:44.137Z] No catalog entry registered for tbb-4.4u5-ub2.
[2023-03-31T14:06:44.137Z] Using Maya cut from /local/S/jenkins/workspace/shared/Artifactory/OSX/rundev-2022/202303271415/runtime/14b7a14
[2023-03-31T14:06:44.137Z] Using Maya ADSK Signatures from /local/S/jenkins/workspace/shared/Artifactory/OSX/adsk-plugin-signatures-maya/2023/3ae1ae7
[2023-03-31T14:06:44.137Z] Using Maya Security Library from /local/S/jenkins/workspace/shared/Artifactory/OSX/maya-security-library/3.1.0/5f2130f
[2023-03-31T14:06:44.244Z] 
[2023-03-31T14:06:44.244Z] ================================================================================
[2023-03-31T14:06:44.244Z]                            configure (RelWithDebInfo)
[2023-03-31T14:06:44.244Z] ================================================================================
[2023-03-31T14:06:44.244Z] Maya Python RelWithDebInfo Info:
[2023-03-31T14:06:44.244Z]   mayapy executable   = /local/S/jenkins/workspace/shared/Artifactory/OSX/rundev-2022/202303271415/runtime/14b7a14/runTime/Maya.app/Contents/bin/mayapy
[2023-03-31T14:06:44.244Z]   Include Folder      = /local/S/jenkins/workspace/shared/Artifactory/OSX/rundev-2022/202303271415/runtime/14b7a14/runTime/Maya.app/Contents/Frameworks/Python.framework/Versions/Current/include/python3.7m
[2023-03-31T14:06:44.244Z]   Library             = /local/S/jenkins/workspace/shared/Artifactory/OSX/rundev-2022/202303271415/runtime/14b7a14/runTime/Maya.app/Contents/Frameworks/Python.framework/Versions/Current/lib/libpython3.7m.dylib
[2023-03-31T14:06:44.244Z]   site-package Folder = /local/S/jenkins/workspace/shared/Artifactory/OSX/rundev-2022/202303271415/runtime/14b7a14/runTime/Maya.app/Contents/Frameworks/Python.framework/Versions/Current/lib/python3.7/site-packages
[2023-03-31T14:06:44.574Z] In workdir: /local/S/jenkins/workspace/ECP/ecg-maya-usd/ecg-mayausd-branch-preflight-2022-python3-osx/ecg-maya-usd/maya-usd
[2023-03-31T14:06:44.574Z] Executing: /local/S/jenkins/workspace/shared/Artifactory/OSX/rundev-2022/202303271415/runtime/14b7a14/runTime/Maya.app/Contents/bin/mayapy /local/S/jenkins/workspace/ECP/ecg-maya-usd/ecg-mayausd-branch-preflight-2022-python3-osx/ecg-maya-usd/maya-usd/build.py --generator Ninja --build-relwithdebug --maya-location /local/S/jenkins/workspace/shared/Artifactory/OSX/rundev-2022/202303271415/runtime/14b7a14/runTime --devkit-location /local/S/jenkins/workspace/shared/Artifactory/OSX/rundev-2022/202303271415/runtime/14b7a14/devkitBase --pxrusd-location /local/S/jenkins/workspace/shared/Artifactory/OSX/USD/c188d08 --qt-location /local/S/jenkins/workspace/shared/Artifactory/OSX/qt/5.15.2/29061b6 --build-args=-DCMAKE_MAKE_PROGRAM=/local/S/jenkins/workspace/shared/Artifactory/OSX/ninja/1.9.0/41005eb/ninja,-DPYTHON_INCLUDE_DIR=/local/S/jenkins/workspace/shared/Artifactory/OSX/rundev-2022/202303271415/runtime/14b7a14/runTime/Maya.app/Contents/Frameworks/Python.framework/Versions/Current/include/python3.7m,-DPython_EXECUTABLE=/local/S/jenkins/workspace/shared/Artifactory/OSX/rundev-2022/202303271415/runtime/14b7a14/runTime/Maya.app/Contents/bin/mayapy,-DPYTHON_LIBRARIES=/local/S/jenkins/workspace/shared/Artifactory/OSX/rundev-2022/202303271415/runtime/14b7a14/runTime/Maya.app/Contents/Frameworks/Python.framework/Versions/Current/lib/libpython3.7m.dylib,-DBUILD_WITH_PYTHON_3=ON,-DUSD_LIB_PREFIX=lib,-DCMAKE_WANT_MATERIALX_BUILD=ON,-DCMAKE_PREFIX_PATH=/local/S/jenkins/workspace/shared/Artifactory/OSX/USD/c188d08 '--ctest-args=-E testUsdReferenceAssemblySelection|testUsdMayaAppDir,-LE interactive,--parallel 4' --stages=configure --redirect-outstream-file=False --install-location /local/S/jenkins/workspace/ECP/ecg-maya-usd/ecg-mayausd-branch-preflight-2022-python3-osx/install/RelWithDebInfo/MayaUSD /local/S/jenkins/workspace/ECP/ecg-maya-usd/ecg-mayausd-branch-preflight-2022-python3-osx
[2023-03-31T14:06:44.574Z] Modified environment variables:
[2023-03-31T14:06:44.574Z]     PATH=/local/S/jenkins/workspace/shared/Artifactory/OSX/cmake/3.20.3/2594509/bin:/usr/local/bin:/bin:/usr/sbin:/sbin:/usr/bin
[2023-03-31T14:06:46.066Z]     -- The C compiler identification is AppleClang 10.0.1.10010046
[2023-03-31T14:06:46.066Z]     -- The CXX compiler identification is AppleClang 10.0.1.10010046
[2023-03-31T14:06:46.167Z]     -- Detecting C compiler ABI info
[2023-03-31T14:06:46.368Z]     -- Detecting C compiler ABI info - done
[2023-03-31T14:06:46.368Z]     -- Check for working C compiler: /Applications/Xcode.app/Contents/Developer/Toolchains/XcodeDefault.xctoolchain/usr/bin/cc - skipped
[2023-03-31T14:06:46.368Z]     -- Detecting C compile features
[2023-03-31T14:06:46.368Z]     -- Detecting C compile features - done
[2023-03-31T14:06:46.368Z]     -- Detecting CXX compiler ABI info
[2023-03-31T14:06:46.469Z]     -- Detecting CXX compiler ABI info - done
[2023-03-31T14:06:46.574Z]     -- Check for working CXX compiler: /Applications/Xcode.app/Contents/Developer/Toolchains/XcodeDefault.xctoolchain/usr/bin/c++ - skipped
[2023-03-31T14:06:46.574Z]     -- Detecting CXX compile features
[2023-03-31T14:06:46.574Z]     -- Detecting CXX compile features - done
[2023-03-31T14:06:47.445Z]     -- Using Maya Light API Version 2
[2023-03-31T14:06:47.445Z]     -- Maya has setDefaultMaterialHandling API
[2023-03-31T14:06:47.445Z]     -- Maya has new point snapping API
[2023-03-31T14:06:47.445Z]     -- Maya has setUfeIdentifiers API
[2023-03-31T14:06:47.445Z]     -- Maya has updateUfeIdentifiers API
[2023-03-31T14:06:47.445Z]     -- Maya has getDisplayStyleOfAllViewports API
[2023-03-31T14:06:47.445Z]     -- Maya array iterator has difference_type trait
[2023-03-31T14:06:47.445Z]     -- Found Maya: /local/S/jenkins/workspace/shared/Artifactory/OSX/rundev-2022/202303271415/runtime/14b7a14/runTime/maya.app/Contents/MacOS/Maya (found suitable version "2022", minimum required is "2018")
[2023-03-31T14:06:47.651Z]     -- Found Python: /local/S/jenkins/workspace/shared/Artifactory/OSX/rundev-2022/202303271415/runtime/14b7a14/runTime/Maya.app/Contents/bin/mayapy (found suitable exact version "3.7.7") found components: Interpreter
[2023-03-31T14:06:47.651Z]     -- Build MayaUSD with Python3 = ON
[2023-03-31T14:06:47.651Z]     --    PYTHON_INCLUDE_DIRS = /local/S/jenkins/workspace/shared/Artifactory/OSX/rundev-2022/202303271415/runtime/14b7a14/runTime/Maya.app/Contents/Frameworks/Python.framework/Versions/Current/include/python3.7m
[2023-03-31T14:06:47.651Z]     --    PYTHON_LIBRARIES    = /local/S/jenkins/workspace/shared/Artifactory/OSX/rundev-2022/202303271415/runtime/14b7a14/runTime/Maya.app/Contents/Frameworks/Python.framework/Versions/Current/lib/libpython3.7m.dylib
[2023-03-31T14:06:47.651Z]     --    Python_EXECUTABLE   = /local/S/jenkins/workspace/shared/Artifactory/OSX/rundev-2022/202303271415/runtime/14b7a14/runTime/Maya.app/Contents/bin/mayapy
[2023-03-31T14:06:47.972Z]     -- USD v0.21.11 has security patches.
[2023-03-31T14:06:47.972Z]     -- USD include dir: /local/S/jenkins/workspace/shared/Artifactory/OSX/USD/c188d08/include
[2023-03-31T14:06:47.972Z]     -- USD library dir: /local/S/jenkins/workspace/shared/Artifactory/OSX/USD/c188d08/lib
[2023-03-31T14:06:47.972Z]     -- USD version: 0.21.11
[2023-03-31T14:06:47.972Z]     -- Autodesk USD version: 0.21.11-ad1
[2023-03-31T14:06:47.972Z]     -- Found USD: /local/S/jenkins/workspace/shared/Artifactory/OSX/USD/c188d08 (found suitable version "0.21.11", minimum required is "0.20.05")
[2023-03-31T14:06:47.972Z]     Updated PYTHONPATH: /local/S/jenkins/workspace/shared/Artifactory/OSX/USD/c188d08/lib/python
[2023-03-31T14:06:48.087Z]     -- UFE include dir: /local/S/jenkins/workspace/shared/Artifactory/OSX/rundev-2022/202303271415/runtime/14b7a14/devkitBase/devkit/ufe/include
[2023-03-31T14:06:48.087Z]     -- UFE library: /local/S/jenkins/workspace/shared/Artifactory/OSX/rundev-2022/202303271415/runtime/14b7a14/devkitBase/devkit/ufe/lib/libufe_2.dylib
[2023-03-31T14:06:48.087Z]     -- UFE version: 2.1.1
[2023-03-31T14:06:48.087Z]     -- UFE preview features: ufe
[2023-03-31T14:06:48.087Z]     -- Building with UFE 2.1.1 features enabled.
[2023-03-31T14:06:48.087Z]     -- Found MaterialX
[2023-03-31T14:06:48.307Z]     -- Building with Qt features enabled.
[2023-03-31T14:06:48.307Z]     -- **** Building Gulrak From Github Repository.
[2023-03-31T14:06:48.307Z]     -- Populating gulrak
[2023-03-31T14:06:48.410Z]     -- Configuring done
[2023-03-31T14:06:48.519Z]     -- Generating done
[2023-03-31T14:06:48.519Z]     -- Build files have been written to: /local/S/jenkins/workspace/ECP/ecg-maya-usd/ecg-mayausd-branch-preflight-2022-python3-osx/build/RelWithDebInfo/_deps/gulrak-subbuild
[2023-03-31T14:06:48.621Z]     [1/9] Creating directories for 'gulrak-populate'
[2023-03-31T14:06:48.621Z]     [1/9] Performing download step (git clone) for 'gulrak-populate'
[2023-03-31T14:06:48.621Z]     Cloning into 'gulrak-src'...
[2023-03-31T14:06:49.142Z]     HEAD is now at 4e21ab3 Version bump and updated readme.
[2023-03-31T14:06:49.242Z]     [2/9] Performing update step for 'gulrak-populate'
[2023-03-31T14:06:49.344Z]     [4/9] No patch step for 'gulrak-populate'
[2023-03-31T14:06:49.344Z]     [5/9] No configure step for 'gulrak-populate'
[2023-03-31T14:06:49.344Z]     [6/9] No build step for 'gulrak-populate'
[2023-03-31T14:06:49.344Z]     [7/9] No install step for 'gulrak-populate'
[2023-03-31T14:06:49.456Z]     [8/9] No test step for 'gulrak-populate'
[2023-03-31T14:06:49.456Z]     [9/9] Completed 'gulrak-populate'
[2023-03-31T14:06:49.558Z]     -- ========== Installing GoogleTest... ==========
[2023-03-31T14:06:49.659Z]     -- Configuring done
[2023-03-31T14:06:49.767Z]     -- Generating done
[2023-03-31T14:06:49.767Z]     -- Build files have been written to: /local/S/jenkins/workspace/ECP/ecg-maya-usd/ecg-mayausd-branch-preflight-2022-python3-osx/build/RelWithDebInfo/googletest-config
[2023-03-31T14:06:49.872Z]     [1/8] Creating directories for 'googletest'
[2023-03-31T14:06:51.323Z]     [2/8] Performing download step (git clone) for 'googletest'
[2023-03-31T14:06:51.323Z]     Cloning into 'googletest-src'...
[2023-03-31T14:06:51.323Z]     HEAD is now at 703bd9ca Googletest export
[2023-03-31T14:06:51.323Z]     [3/8] Performing update step for 'googletest'
[2023-03-31T14:06:51.323Z]     [4/8] No patch step for 'googletest'
[2023-03-31T14:06:52.364Z]     [5/8] Performing configure step for 'googletest'
[2023-03-31T14:06:52.364Z]     Not searching for unused variables given on the command line.
[2023-03-31T14:06:52.365Z]     CMake Deprecation Warning at CMakeLists.txt:4 (cmake_minimum_required):
[2023-03-31T14:06:52.365Z]       Compatibility with CMake < 2.8.12 will be removed from a future version of
[2023-03-31T14:06:52.365Z]       CMake.
[2023-03-31T14:06:52.365Z]     
[2023-03-31T14:06:52.365Z]       Update the VERSION argument <min> value or use a ...<max> suffix to tell
[2023-03-31T14:06:52.365Z]       CMake that the project does not need compatibility with older versions.
[2023-03-31T14:06:52.365Z]     
[2023-03-31T14:06:52.365Z]     
[2023-03-31T14:06:52.365Z]     -- The C compiler identification is AppleClang 10.0.1.10010046
[2023-03-31T14:06:52.365Z]     -- The CXX compiler identification is AppleClang 10.0.1.10010046
[2023-03-31T14:06:52.365Z]     -- Detecting C compiler ABI info
[2023-03-31T14:06:52.365Z]     -- Detecting C compiler ABI info - done
[2023-03-31T14:06:52.365Z]     -- Check for working C compiler: /Applications/Xcode.app/Contents/Developer/Toolchains/XcodeDefault.xctoolchain/usr/bin/cc - skipped
[2023-03-31T14:06:52.365Z]     -- Detecting C compile features
[2023-03-31T14:06:52.365Z]     -- Detecting C compile features - done
[2023-03-31T14:06:52.365Z]     -- Detecting CXX compiler ABI info
[2023-03-31T14:06:52.365Z]     -- Detecting CXX compiler ABI info - done
[2023-03-31T14:06:52.365Z]     -- Check for working CXX compiler: /Applications/Xcode.app/Contents/Developer/Toolchains/XcodeDefault.xctoolchain/usr/bin/c++ - skipped
[2023-03-31T14:06:52.365Z]     -- Detecting CXX compile features
[2023-03-31T14:06:52.365Z]     -- Detecting CXX compile features - done
[2023-03-31T14:06:52.365Z]     CMake Deprecation Warning at googletest/CMakeLists.txt:56 (cmake_minimum_required):
[2023-03-31T14:06:52.365Z]       Compatibility with CMake < 2.8.12 will be removed from a future version of
[2023-03-31T14:06:52.365Z]       CMake.
[2023-03-31T14:06:52.365Z]     
[2023-03-31T14:06:52.365Z]       Update the VERSION argument <min> value or use a ...<max> suffix to tell
[2023-03-31T14:06:52.365Z]       CMake that the project does not need compatibility with older versions.
[2023-03-31T14:06:52.365Z]     
[2023-03-31T14:06:52.365Z]     
[2023-03-31T14:06:52.365Z]     -- Found PythonInterp: /usr/local/bin/python
[2023-03-31T14:06:52.365Z]     -- Looking for pthread.h
[2023-03-31T14:06:52.365Z]     -- Looking for pthread.h - found
[2023-03-31T14:06:52.365Z]     -- Performing Test CMAKE_HAVE_LIBC_PTHREAD
[2023-03-31T14:06:52.365Z]     -- Performing Test CMAKE_HAVE_LIBC_PTHREAD - Success
[2023-03-31T14:06:52.365Z]     -- Found Threads: TRUE
[2023-03-31T14:06:52.365Z]     -- Configuring done
[2023-03-31T14:06:52.365Z]     -- Generating done
[2023-03-31T14:06:52.365Z]     -- Build files have been written to: /local/S/jenkins/workspace/ECP/ecg-maya-usd/ecg-mayausd-branch-preflight-2022-python3-osx/build/RelWithDebInfo/googletest-build
[2023-03-31T14:06:58.644Z]     [6/8] Performing build step for 'googletest'
[2023-03-31T14:06:58.644Z]     [1/4] Building CXX object googletest/CMakeFiles/gtest_main.dir/src/gtest_main.cc.o
[2023-03-31T14:06:58.644Z]     [2/4] Building CXX object googletest/CMakeFiles/gtest.dir/src/gtest-all.cc.o
[2023-03-31T14:06:58.644Z]     [3/4] Linking CXX shared library lib/libgtest.dylib
[2023-03-31T14:06:58.644Z]     [4/4] Linking CXX shared library lib/libgtest_main.dylib
[2023-03-31T14:06:58.755Z]     [7/8] Performing install step for 'googletest'
[2023-03-31T14:06:58.755Z]     [0/1] Install the project...
[2023-03-31T14:06:58.755Z]     -- Install configuration: "RelWithDebInfo"
[2023-03-31T14:06:58.755Z]     [8/8] Completed 'googletest'
[2023-03-31T14:06:58.755Z]     -- ========== ...  GoogleTest installed. ==========
[2023-03-31T14:06:59.491Z]     -- MAYA_HAS_DEFAULT_MATERIAL_API is TRUE
[2023-03-31T14:06:59.491Z]     -- MAYA_NEW_POINT_SNAPPING_SUPPORT is TRUE
[2023-03-31T14:06:59.491Z]     -- MAYA_HAS_CRASH_DETECTION is FALSE
[2023-03-31T14:06:59.491Z]     -- MAYA_CURRENT_UFE_CAMERA_SUPPORT is FALSE
[2023-03-31T14:06:59.491Z]     -- MAYA_MRENDERITEM_UFE_IDENTIFIER_SUPPORT is TRUE
[2023-03-31T14:06:59.491Z]     -- MAYA_UPDATE_UFE_IDENTIFIER_SUPPORT is TRUE
[2023-03-31T14:06:59.491Z]     -- MAYA_HAS_DISPLAY_STYLE_ALL_VIEWPORTS is TRUE
[2023-03-31T14:06:59.491Z]     -- MAYA_ARRAY_ITERATOR_DIFFERENCE_TYPE_SUPPORT is TRUE
[2023-03-31T14:06:59.491Z]     -- MAYA_HAS_GET_MEMBER_PATHS is FALSE
[2023-03-31T14:06:59.491Z]     -- USD_HAS_COLOR4_SDR_SUPPORT is FALSE
[2023-03-31T14:06:59.491Z]     -- MAYA_HAS_DISPLAY_LAYER_API is FALSE
[2023-03-31T14:06:59.491Z]     -- MAYA_HAS_NEW_DISPLAY_LAYER_MESSAGING_API is FALSE
[2023-03-31T14:06:59.491Z]     -- MAYA_HAS_RENDER_ITEM_HIDE_ON_PLAYBACK_API is FALSE
[2023-03-31T14:06:59.491Z]     -- promoting: /local/S/jenkins/workspace/ECP/ecg-maya-usd/ecg-mayausd-branch-preflight-2022-python3-osx/ecg-maya-usd/maya-usd/lib/mayaUsd/base/mayaUsd.h.src
[2023-03-31T14:06:59.491Z]     -- promoting: /local/S/jenkins/workspace/ECP/ecg-maya-usd/ecg-mayausd-branch-preflight-2022-python3-osx/ecg-maya-usd/maya-usd/lib/mayaUsd/base/api.h
[2023-03-31T14:06:59.491Z]     -- promoting: /local/S/jenkins/workspace/ECP/ecg-maya-usd/ecg-mayausd-branch-preflight-2022-python3-osx/ecg-maya-usd/maya-usd/lib/mayaUsd/base/debugCodes.h
[2023-03-31T14:06:59.491Z]     -- promoting: /local/S/jenkins/workspace/ECP/ecg-maya-usd/ecg-mayausd-branch-preflight-2022-python3-osx/ecg-maya-usd/maya-usd/lib/mayaUsd/base/id.h
[2023-03-31T14:06:59.491Z]     -- promoting: /local/S/jenkins/workspace/ECP/ecg-maya-usd/ecg-mayausd-branch-preflight-2022-python3-osx/ecg-maya-usd/maya-usd/lib/mayaUsd/base/syncId.h
[2023-03-31T14:06:59.491Z]     -- promoting: /local/S/jenkins/workspace/ECP/ecg-maya-usd/ecg-mayausd-branch-preflight-2022-python3-osx/ecg-maya-usd/maya-usd/lib/mayaUsd/base/tokens.h
[2023-03-31T14:06:59.491Z]     -- promoting: /local/S/jenkins/workspace/ECP/ecg-maya-usd/ecg-mayausd-branch-preflight-2022-python3-osx/ecg-maya-usd/maya-usd/lib/mayaUsd/commands/abstractLayerEditorWindow.h
[2023-03-31T14:06:59.491Z]     -- promoting: /local/S/jenkins/workspace/ECP/ecg-maya-usd/ecg-mayausd-branch-preflight-2022-python3-osx/ecg-maya-usd/maya-usd/lib/mayaUsd/commands/baseExportCommand.h
[2023-03-31T14:06:59.491Z]     -- promoting: /local/S/jenkins/workspace/ECP/ecg-maya-usd/ecg-mayausd-branch-preflight-2022-python3-osx/ecg-maya-usd/maya-usd/lib/mayaUsd/commands/baseImportCommand.h
[2023-03-31T14:06:59.491Z]     -- promoting: /local/S/jenkins/workspace/ECP/ecg-maya-usd/ecg-mayausd-branch-preflight-2022-python3-osx/ecg-maya-usd/maya-usd/lib/mayaUsd/commands/baseListJobContextsCommand.h
[2023-03-31T14:06:59.491Z]     -- promoting: /local/S/jenkins/workspace/ECP/ecg-maya-usd/ecg-mayausd-branch-preflight-2022-python3-osx/ecg-maya-usd/maya-usd/lib/mayaUsd/commands/baseListShadingModesCommand.h
[2023-03-31T14:06:59.491Z]     -- promoting: /local/S/jenkins/workspace/ECP/ecg-maya-usd/ecg-mayausd-branch-preflight-2022-python3-osx/ecg-maya-usd/maya-usd/lib/mayaUsd/commands/editTargetCommand.h
[2023-03-31T14:06:59.491Z]     -- promoting: /local/S/jenkins/workspace/ECP/ecg-maya-usd/ecg-mayausd-branch-preflight-2022-python3-osx/ecg-maya-usd/maya-usd/lib/mayaUsd/commands/layerEditorCommand.h
[2023-03-31T14:06:59.491Z]     -- promoting: /local/S/jenkins/workspace/ECP/ecg-maya-usd/ecg-mayausd-branch-preflight-2022-python3-osx/ecg-maya-usd/maya-usd/lib/mayaUsd/commands/layerEditorWindowCommand.h
[2023-03-31T14:06:59.491Z]     -- promoting: /local/S/jenkins/workspace/ECP/ecg-maya-usd/ecg-mayausd-branch-preflight-2022-python3-osx/ecg-maya-usd/maya-usd/lib/mayaUsd/fileio/fallbackPrimReader.h
[2023-03-31T14:06:59.491Z]     -- promoting: /local/S/jenkins/workspace/ECP/ecg-maya-usd/ecg-mayausd-branch-preflight-2022-python3-osx/ecg-maya-usd/maya-usd/lib/mayaUsd/fileio/functorPrimReader.h
[2023-03-31T14:06:59.491Z]     -- promoting: /local/S/jenkins/workspace/ECP/ecg-maya-usd/ecg-mayausd-branch-preflight-2022-python3-osx/ecg-maya-usd/maya-usd/lib/mayaUsd/fileio/functorPrimWriter.h
[2023-03-31T14:06:59.491Z]     -- promoting: /local/S/jenkins/workspace/ECP/ecg-maya-usd/ecg-mayausd-branch-preflight-2022-python3-osx/ecg-maya-usd/maya-usd/lib/mayaUsd/fileio/importData.h
[2023-03-31T14:06:59.491Z]     -- promoting: /local/S/jenkins/workspace/ECP/ecg-maya-usd/ecg-mayausd-branch-preflight-2022-python3-osx/ecg-maya-usd/maya-usd/lib/mayaUsd/fileio/instancedNodeWriter.h
[2023-03-31T14:06:59.491Z]     -- promoting: /local/S/jenkins/workspace/ECP/ecg-maya-usd/ecg-mayausd-branch-preflight-2022-python3-osx/ecg-maya-usd/maya-usd/lib/mayaUsd/fileio/jobContextRegistry.h
[2023-03-31T14:06:59.491Z]     -- promoting: /local/S/jenkins/workspace/ECP/ecg-maya-usd/ecg-mayausd-branch-preflight-2022-python3-osx/ecg-maya-usd/maya-usd/lib/mayaUsd/fileio/primReader.h
[2023-03-31T14:06:59.491Z]     -- promoting: /local/S/jenkins/workspace/ECP/ecg-maya-usd/ecg-mayausd-branch-preflight-2022-python3-osx/ecg-maya-usd/maya-usd/lib/mayaUsd/fileio/primReaderArgs.h
[2023-03-31T14:06:59.491Z]     -- promoting: /local/S/jenkins/workspace/ECP/ecg-maya-usd/ecg-mayausd-branch-preflight-2022-python3-osx/ecg-maya-usd/maya-usd/lib/mayaUsd/fileio/primReaderContext.h
[2023-03-31T14:06:59.491Z]     -- promoting: /local/S/jenkins/workspace/ECP/ecg-maya-usd/ecg-mayausd-branch-preflight-2022-python3-osx/ecg-maya-usd/maya-usd/lib/mayaUsd/fileio/primReaderRegistry.h
[2023-03-31T14:06:59.491Z]     -- promoting: /local/S/jenkins/workspace/ECP/ecg-maya-usd/ecg-mayausd-branch-preflight-2022-python3-osx/ecg-maya-usd/maya-usd/lib/mayaUsd/fileio/primWriter.h
[2023-03-31T14:06:59.491Z]     -- promoting: /local/S/jenkins/workspace/ECP/ecg-maya-usd/ecg-mayausd-branch-preflight-2022-python3-osx/ecg-maya-usd/maya-usd/lib/mayaUsd/fileio/primWriterArgs.h
[2023-03-31T14:06:59.491Z]     -- promoting: /local/S/jenkins/workspace/ECP/ecg-maya-usd/ecg-mayausd-branch-preflight-2022-python3-osx/ecg-maya-usd/maya-usd/lib/mayaUsd/fileio/primWriterContext.h
[2023-03-31T14:06:59.491Z]     -- promoting: /local/S/jenkins/workspace/ECP/ecg-maya-usd/ecg-mayausd-branch-preflight-2022-python3-osx/ecg-maya-usd/maya-usd/lib/mayaUsd/fileio/primWriterRegistry.h
[2023-03-31T14:06:59.491Z]     -- promoting: /local/S/jenkins/workspace/ECP/ecg-maya-usd/ecg-mayausd-branch-preflight-2022-python3-osx/ecg-maya-usd/maya-usd/lib/mayaUsd/fileio/registryHelper.h
[2023-03-31T14:06:59.491Z]     -- promoting: /local/S/jenkins/workspace/ECP/ecg-maya-usd/ecg-mayausd-branch-preflight-2022-python3-osx/ecg-maya-usd/maya-usd/lib/mayaUsd/fileio/schemaApiAdaptor.h
[2023-03-31T14:06:59.491Z]     -- promoting: /local/S/jenkins/workspace/ECP/ecg-maya-usd/ecg-mayausd-branch-preflight-2022-python3-osx/ecg-maya-usd/maya-usd/lib/mayaUsd/fileio/schemaApiAdaptorRegistry.h
[2023-03-31T14:06:59.491Z]     -- promoting: /local/S/jenkins/workspace/ECP/ecg-maya-usd/ecg-mayausd-branch-preflight-2022-python3-osx/ecg-maya-usd/maya-usd/lib/mayaUsd/fileio/shaderReader.h
[2023-03-31T14:06:59.491Z]     -- promoting: /local/S/jenkins/workspace/ECP/ecg-maya-usd/ecg-mayausd-branch-preflight-2022-python3-osx/ecg-maya-usd/maya-usd/lib/mayaUsd/fileio/shaderReaderRegistry.h
[2023-03-31T14:06:59.491Z]     -- promoting: /local/S/jenkins/workspace/ECP/ecg-maya-usd/ecg-mayausd-branch-preflight-2022-python3-osx/ecg-maya-usd/maya-usd/lib/mayaUsd/fileio/shaderWriter.h
[2023-03-31T14:06:59.491Z]     -- promoting: /local/S/jenkins/workspace/ECP/ecg-maya-usd/ecg-mayausd-branch-preflight-2022-python3-osx/ecg-maya-usd/maya-usd/lib/mayaUsd/fileio/shaderWriterRegistry.h
[2023-03-31T14:06:59.491Z]     -- promoting: /local/S/jenkins/workspace/ECP/ecg-maya-usd/ecg-mayausd-branch-preflight-2022-python3-osx/ecg-maya-usd/maya-usd/lib/mayaUsd/fileio/transformWriter.h
[2023-03-31T14:06:59.491Z]     -- promoting: /local/S/jenkins/workspace/ECP/ecg-maya-usd/ecg-mayausd-branch-preflight-2022-python3-osx/ecg-maya-usd/maya-usd/lib/mayaUsd/fileio/writeJobContext.h
[2023-03-31T14:06:59.491Z]     -- promoting: /local/S/jenkins/workspace/ECP/ecg-maya-usd/ecg-mayausd-branch-preflight-2022-python3-osx/ecg-maya-usd/maya-usd/lib/mayaUsd/fileio/chaser/exportChaser.h
[2023-03-31T14:06:59.491Z]     -- promoting: /local/S/jenkins/workspace/ECP/ecg-maya-usd/ecg-mayausd-branch-preflight-2022-python3-osx/ecg-maya-usd/maya-usd/lib/mayaUsd/fileio/chaser/exportChaserRegistry.h
[2023-03-31T14:06:59.491Z]     -- promoting: /local/S/jenkins/workspace/ECP/ecg-maya-usd/ecg-mayausd-branch-preflight-2022-python3-osx/ecg-maya-usd/maya-usd/lib/mayaUsd/fileio/chaser/importChaserRegistry.h
[2023-03-31T14:06:59.491Z]     -- promoting: /local/S/jenkins/workspace/ECP/ecg-maya-usd/ecg-mayausd-branch-preflight-2022-python3-osx/ecg-maya-usd/maya-usd/lib/mayaUsd/fileio/chaser/importChaser.h
[2023-03-31T14:06:59.491Z]     -- promoting: /local/S/jenkins/workspace/ECP/ecg-maya-usd/ecg-mayausd-branch-preflight-2022-python3-osx/ecg-maya-usd/maya-usd/lib/mayaUsd/fileio/jobs/jobArgs.h
[2023-03-31T14:06:59.491Z]     -- promoting: /local/S/jenkins/workspace/ECP/ecg-maya-usd/ecg-mayausd-branch-preflight-2022-python3-osx/ecg-maya-usd/maya-usd/lib/mayaUsd/fileio/jobs/meshDataReadJob.h
[2023-03-31T14:06:59.491Z]     -- promoting: /local/S/jenkins/workspace/ECP/ecg-maya-usd/ecg-mayausd-branch-preflight-2022-python3-osx/ecg-maya-usd/maya-usd/lib/mayaUsd/fileio/jobs/modelKindProcessor.h
[2023-03-31T14:06:59.491Z]     -- promoting: /local/S/jenkins/workspace/ECP/ecg-maya-usd/ecg-mayausd-branch-preflight-2022-python3-osx/ecg-maya-usd/maya-usd/lib/mayaUsd/fileio/jobs/readJob.h
[2023-03-31T14:06:59.491Z]     -- promoting: /local/S/jenkins/workspace/ECP/ecg-maya-usd/ecg-mayausd-branch-preflight-2022-python3-osx/ecg-maya-usd/maya-usd/lib/mayaUsd/fileio/jobs/writeJob.h
[2023-03-31T14:06:59.491Z]     -- promoting: /local/S/jenkins/workspace/ECP/ecg-maya-usd/ecg-mayausd-branch-preflight-2022-python3-osx/ecg-maya-usd/maya-usd/lib/mayaUsd/fileio/shading/rfmShaderMap.h
[2023-03-31T14:06:59.491Z]     -- promoting: /local/S/jenkins/workspace/ECP/ecg-maya-usd/ecg-mayausd-branch-preflight-2022-python3-osx/ecg-maya-usd/maya-usd/lib/mayaUsd/fileio/shading/shadingModeExporter.h
[2023-03-31T14:06:59.491Z]     -- promoting: /local/S/jenkins/workspace/ECP/ecg-maya-usd/ecg-mayausd-branch-preflight-2022-python3-osx/ecg-maya-usd/maya-usd/lib/mayaUsd/fileio/shading/shadingModeExporterContext.h
[2023-03-31T14:06:59.491Z]     -- promoting: /local/S/jenkins/workspace/ECP/ecg-maya-usd/ecg-mayausd-branch-preflight-2022-python3-osx/ecg-maya-usd/maya-usd/lib/mayaUsd/fileio/shading/shadingModeImporter.h
[2023-03-31T14:06:59.491Z]     -- promoting: /local/S/jenkins/workspace/ECP/ecg-maya-usd/ecg-mayausd-branch-preflight-2022-python3-osx/ecg-maya-usd/maya-usd/lib/mayaUsd/fileio/shading/shadingModeRegistry.h
[2023-03-31T14:06:59.491Z]     -- promoting: /local/S/jenkins/workspace/ECP/ecg-maya-usd/ecg-mayausd-branch-preflight-2022-python3-osx/ecg-maya-usd/maya-usd/lib/mayaUsd/fileio/shading/symmetricShaderReader.h
[2023-03-31T14:06:59.491Z]     -- promoting: /local/S/jenkins/workspace/ECP/ecg-maya-usd/ecg-mayausd-branch-preflight-2022-python3-osx/ecg-maya-usd/maya-usd/lib/mayaUsd/fileio/shading/symmetricShaderWriter.h
[2023-03-31T14:06:59.491Z]     -- promoting: /local/S/jenkins/workspace/ECP/ecg-maya-usd/ecg-mayausd-branch-preflight-2022-python3-osx/ecg-maya-usd/maya-usd/lib/mayaUsd/fileio/translators/skelBindingsProcessor.h
[2023-03-31T14:06:59.491Z]     -- promoting: /local/S/jenkins/workspace/ECP/ecg-maya-usd/ecg-mayausd-branch-preflight-2022-python3-osx/ecg-maya-usd/maya-usd/lib/mayaUsd/fileio/translators/translatorCamera.h
[2023-03-31T14:06:59.491Z]     -- promoting: /local/S/jenkins/workspace/ECP/ecg-maya-usd/ecg-mayausd-branch-preflight-2022-python3-osx/ecg-maya-usd/maya-usd/lib/mayaUsd/fileio/translators/translatorCurves.h
[2023-03-31T14:06:59.491Z]     -- promoting: /local/S/jenkins/workspace/ECP/ecg-maya-usd/ecg-mayausd-branch-preflight-2022-python3-osx/ecg-maya-usd/maya-usd/lib/mayaUsd/fileio/translators/translatorGprim.h
[2023-03-31T14:06:59.491Z]     -- promoting: /local/S/jenkins/workspace/ECP/ecg-maya-usd/ecg-mayausd-branch-preflight-2022-python3-osx/ecg-maya-usd/maya-usd/lib/mayaUsd/fileio/translators/translatorLight.h
[2023-03-31T14:06:59.491Z]     -- promoting: /local/S/jenkins/workspace/ECP/ecg-maya-usd/ecg-mayausd-branch-preflight-2022-python3-osx/ecg-maya-usd/maya-usd/lib/mayaUsd/fileio/translators/translatorMaterial.h
[2023-03-31T14:06:59.492Z]     -- promoting: /local/S/jenkins/workspace/ECP/ecg-maya-usd/ecg-mayausd-branch-preflight-2022-python3-osx/ecg-maya-usd/maya-usd/lib/mayaUsd/fileio/translators/translatorMayaReference.h
[2023-03-31T14:06:59.492Z]     -- promoting: /local/S/jenkins/workspace/ECP/ecg-maya-usd/ecg-mayausd-branch-preflight-2022-python3-osx/ecg-maya-usd/maya-usd/lib/mayaUsd/fileio/translators/translatorMesh.h
[2023-03-31T14:06:59.602Z]     -- promoting: /local/S/jenkins/workspace/ECP/ecg-maya-usd/ecg-mayausd-branch-preflight-2022-python3-osx/ecg-maya-usd/maya-usd/lib/mayaUsd/fileio/translators/translatorNurbsPatch.h
[2023-03-31T14:06:59.602Z]     -- promoting: /local/S/jenkins/workspace/ECP/ecg-maya-usd/ecg-mayausd-branch-preflight-2022-python3-osx/ecg-maya-usd/maya-usd/lib/mayaUsd/fileio/translators/translatorPrim.h
[2023-03-31T14:06:59.602Z]     -- promoting: /local/S/jenkins/workspace/ECP/ecg-maya-usd/ecg-mayausd-branch-preflight-2022-python3-osx/ecg-maya-usd/maya-usd/lib/mayaUsd/fileio/translators/translatorRfMLight.h
[2023-03-31T14:06:59.602Z]     -- promoting: /local/S/jenkins/workspace/ECP/ecg-maya-usd/ecg-mayausd-branch-preflight-2022-python3-osx/ecg-maya-usd/maya-usd/lib/mayaUsd/fileio/translators/translatorSkel.h
[2023-03-31T14:06:59.602Z]     -- promoting: /local/S/jenkins/workspace/ECP/ecg-maya-usd/ecg-mayausd-branch-preflight-2022-python3-osx/ecg-maya-usd/maya-usd/lib/mayaUsd/fileio/translators/translatorUtil.h
[2023-03-31T14:06:59.602Z]     -- promoting: /local/S/jenkins/workspace/ECP/ecg-maya-usd/ecg-mayausd-branch-preflight-2022-python3-osx/ecg-maya-usd/maya-usd/lib/mayaUsd/fileio/translators/translatorXformable.h
[2023-03-31T14:06:59.602Z]     -- promoting: /local/S/jenkins/workspace/ECP/ecg-maya-usd/ecg-mayausd-branch-preflight-2022-python3-osx/ecg-maya-usd/maya-usd/lib/mayaUsd/fileio/utils/adaptor.h
[2023-03-31T14:06:59.602Z]     -- promoting: /local/S/jenkins/workspace/ECP/ecg-maya-usd/ecg-mayausd-branch-preflight-2022-python3-osx/ecg-maya-usd/maya-usd/lib/mayaUsd/fileio/utils/jointWriteUtils.h
[2023-03-31T14:06:59.602Z]     -- promoting: /local/S/jenkins/workspace/ECP/ecg-maya-usd/ecg-mayausd-branch-preflight-2022-python3-osx/ecg-maya-usd/maya-usd/lib/mayaUsd/fileio/utils/meshReadUtils.h
[2023-03-31T14:06:59.602Z]     -- promoting: /local/S/jenkins/workspace/ECP/ecg-maya-usd/ecg-mayausd-branch-preflight-2022-python3-osx/ecg-maya-usd/maya-usd/lib/mayaUsd/fileio/utils/meshWriteUtils.h
[2023-03-31T14:06:59.602Z]     -- promoting: /local/S/jenkins/workspace/ECP/ecg-maya-usd/ecg-mayausd-branch-preflight-2022-python3-osx/ecg-maya-usd/maya-usd/lib/mayaUsd/fileio/utils/readUtil.h
[2023-03-31T14:06:59.602Z]     -- promoting: /local/S/jenkins/workspace/ECP/ecg-maya-usd/ecg-mayausd-branch-preflight-2022-python3-osx/ecg-maya-usd/maya-usd/lib/mayaUsd/fileio/utils/roundTripUtil.h
[2023-03-31T14:06:59.602Z]     -- promoting: /local/S/jenkins/workspace/ECP/ecg-maya-usd/ecg-mayausd-branch-preflight-2022-python3-osx/ecg-maya-usd/maya-usd/lib/mayaUsd/fileio/utils/shadingUtil.h
[2023-03-31T14:06:59.602Z]     -- promoting: /local/S/jenkins/workspace/ECP/ecg-maya-usd/ecg-mayausd-branch-preflight-2022-python3-osx/ecg-maya-usd/maya-usd/lib/mayaUsd/fileio/utils/userTaggedAttribute.h
[2023-03-31T14:06:59.602Z]     -- promoting: /local/S/jenkins/workspace/ECP/ecg-maya-usd/ecg-mayausd-branch-preflight-2022-python3-osx/ecg-maya-usd/maya-usd/lib/mayaUsd/fileio/utils/writeUtil.h
[2023-03-31T14:06:59.602Z]     -- promoting: /local/S/jenkins/workspace/ECP/ecg-maya-usd/ecg-mayausd-branch-preflight-2022-python3-osx/ecg-maya-usd/maya-usd/lib/mayaUsd/fileio/utils/xformStack.h
[2023-03-31T14:06:59.602Z]     -- promoting: /local/S/jenkins/workspace/ECP/ecg-maya-usd/ecg-mayausd-branch-preflight-2022-python3-osx/ecg-maya-usd/maya-usd/lib/mayaUsd/listeners/notice.h
[2023-03-31T14:06:59.602Z]     -- promoting: /local/S/jenkins/workspace/ECP/ecg-maya-usd/ecg-mayausd-branch-preflight-2022-python3-osx/ecg-maya-usd/maya-usd/lib/mayaUsd/listeners/proxyShapeNotice.h
[2023-03-31T14:06:59.602Z]     -- promoting: /local/S/jenkins/workspace/ECP/ecg-maya-usd/ecg-mayausd-branch-preflight-2022-python3-osx/ecg-maya-usd/maya-usd/lib/mayaUsd/listeners/stageNoticeListener.h
[2023-03-31T14:06:59.602Z]     -- promoting: /local/S/jenkins/workspace/ECP/ecg-maya-usd/ecg-mayausd-branch-preflight-2022-python3-osx/ecg-maya-usd/maya-usd/lib/mayaUsd/nodes/hdImagingShape.h
[2023-03-31T14:06:59.602Z]     -- promoting: /local/S/jenkins/workspace/ECP/ecg-maya-usd/ecg-mayausd-branch-preflight-2022-python3-osx/ecg-maya-usd/maya-usd/lib/mayaUsd/nodes/pointBasedDeformerNode.h
[2023-03-31T14:06:59.602Z]     -- promoting: /local/S/jenkins/workspace/ECP/ecg-maya-usd/ecg-mayausd-branch-preflight-2022-python3-osx/ecg-maya-usd/maya-usd/lib/mayaUsd/nodes/proxyAccessor.h
[2023-03-31T14:06:59.602Z]     -- promoting: /local/S/jenkins/workspace/ECP/ecg-maya-usd/ecg-mayausd-branch-preflight-2022-python3-osx/ecg-maya-usd/maya-usd/lib/mayaUsd/nodes/proxyShapeBase.h
[2023-03-31T14:06:59.602Z]     -- promoting: /local/S/jenkins/workspace/ECP/ecg-maya-usd/ecg-mayausd-branch-preflight-2022-python3-osx/ecg-maya-usd/maya-usd/lib/mayaUsd/nodes/proxyShapePlugin.h
[2023-03-31T14:06:59.602Z]     -- promoting: /local/S/jenkins/workspace/ECP/ecg-maya-usd/ecg-mayausd-branch-preflight-2022-python3-osx/ecg-maya-usd/maya-usd/lib/mayaUsd/nodes/proxyStageProvider.h
[2023-03-31T14:06:59.602Z]     -- promoting: /local/S/jenkins/workspace/ECP/ecg-maya-usd/ecg-mayausd-branch-preflight-2022-python3-osx/ecg-maya-usd/maya-usd/lib/mayaUsd/nodes/proxyShapeStageExtraData.h
[2023-03-31T14:06:59.602Z]     -- promoting: /local/S/jenkins/workspace/ECP/ecg-maya-usd/ecg-mayausd-branch-preflight-2022-python3-osx/ecg-maya-usd/maya-usd/lib/mayaUsd/nodes/proxyShapeUpdateManager.h
[2023-03-31T14:06:59.602Z]     -- promoting: /local/S/jenkins/workspace/ECP/ecg-maya-usd/ecg-mayausd-branch-preflight-2022-python3-osx/ecg-maya-usd/maya-usd/lib/mayaUsd/nodes/stageData.h
[2023-03-31T14:06:59.602Z]     -- promoting: /local/S/jenkins/workspace/ECP/ecg-maya-usd/ecg-mayausd-branch-preflight-2022-python3-osx/ecg-maya-usd/maya-usd/lib/mayaUsd/nodes/stageNode.h
[2023-03-31T14:06:59.602Z]     -- promoting: /local/S/jenkins/workspace/ECP/ecg-maya-usd/ecg-mayausd-branch-preflight-2022-python3-osx/ecg-maya-usd/maya-usd/lib/mayaUsd/nodes/usdPrimProvider.h
[2023-03-31T14:06:59.602Z]     -- promoting: /local/S/jenkins/workspace/ECP/ecg-maya-usd/ecg-mayausd-branch-preflight-2022-python3-osx/ecg-maya-usd/maya-usd/lib/mayaUsd/nodes/layerManager.h
[2023-03-31T14:06:59.602Z]     -- promoting: /local/S/jenkins/workspace/ECP/ecg-maya-usd/ecg-mayausd-branch-preflight-2022-python3-osx/ecg-maya-usd/maya-usd/lib/mayaUsd/render/px_vp20/glslProgram.h
[2023-03-31T14:06:59.602Z]     -- promoting: /local/S/jenkins/workspace/ECP/ecg-maya-usd/ecg-mayausd-branch-preflight-2022-python3-osx/ecg-maya-usd/maya-usd/lib/mayaUsd/render/px_vp20/utils.h
[2023-03-31T14:06:59.602Z]     -- promoting: /local/S/jenkins/workspace/ECP/ecg-maya-usd/ecg-mayausd-branch-preflight-2022-python3-osx/ecg-maya-usd/maya-usd/lib/mayaUsd/render/px_vp20/utils_legacy.h
[2023-03-31T14:06:59.602Z]     -- promoting: /local/S/jenkins/workspace/ECP/ecg-maya-usd/ecg-mayausd-branch-preflight-2022-python3-osx/ecg-maya-usd/maya-usd/lib/mayaUsd/render/pxrUsdMayaGL/batchRenderer.h
[2023-03-31T14:06:59.602Z]     -- promoting: /local/S/jenkins/workspace/ECP/ecg-maya-usd/ecg-mayausd-branch-preflight-2022-python3-osx/ecg-maya-usd/maya-usd/lib/mayaUsd/render/pxrUsdMayaGL/debugCodes.h
[2023-03-31T14:06:59.602Z]     -- promoting: /local/S/jenkins/workspace/ECP/ecg-maya-usd/ecg-mayausd-branch-preflight-2022-python3-osx/ecg-maya-usd/maya-usd/lib/mayaUsd/render/pxrUsdMayaGL/hdImagingShapeDrawOverride.h
[2023-03-31T14:06:59.602Z]     -- promoting: /local/S/jenkins/workspace/ECP/ecg-maya-usd/ecg-mayausd-branch-preflight-2022-python3-osx/ecg-maya-usd/maya-usd/lib/mayaUsd/render/pxrUsdMayaGL/hdImagingShapeUI.h
[2023-03-31T14:06:59.602Z]     -- promoting: /local/S/jenkins/workspace/ECP/ecg-maya-usd/ecg-mayausd-branch-preflight-2022-python3-osx/ecg-maya-usd/maya-usd/lib/mayaUsd/render/pxrUsdMayaGL/instancerImager.h
[2023-03-31T14:06:59.602Z]     -- promoting: /local/S/jenkins/workspace/ECP/ecg-maya-usd/ecg-mayausd-branch-preflight-2022-python3-osx/ecg-maya-usd/maya-usd/lib/mayaUsd/render/pxrUsdMayaGL/instancerShapeAdapter.h
[2023-03-31T14:06:59.602Z]     -- promoting: /local/S/jenkins/workspace/ECP/ecg-maya-usd/ecg-mayausd-branch-preflight-2022-python3-osx/ecg-maya-usd/maya-usd/lib/mayaUsd/render/pxrUsdMayaGL/proxyDrawOverride.h
[2023-03-31T14:06:59.602Z]     -- promoting: /local/S/jenkins/workspace/ECP/ecg-maya-usd/ecg-mayausd-branch-preflight-2022-python3-osx/ecg-maya-usd/maya-usd/lib/mayaUsd/render/pxrUsdMayaGL/proxyShapeUI.h
[2023-03-31T14:06:59.602Z]     -- promoting: /local/S/jenkins/workspace/ECP/ecg-maya-usd/ecg-mayausd-branch-preflight-2022-python3-osx/ecg-maya-usd/maya-usd/lib/mayaUsd/render/pxrUsdMayaGL/renderParams.h
[2023-03-31T14:06:59.602Z]     -- promoting: /local/S/jenkins/workspace/ECP/ecg-maya-usd/ecg-mayausd-branch-preflight-2022-python3-osx/ecg-maya-usd/maya-usd/lib/mayaUsd/render/pxrUsdMayaGL/sceneDelegate.h
[2023-03-31T14:06:59.602Z]     -- promoting: /local/S/jenkins/workspace/ECP/ecg-maya-usd/ecg-mayausd-branch-preflight-2022-python3-osx/ecg-maya-usd/maya-usd/lib/mayaUsd/render/pxrUsdMayaGL/shapeAdapter.h
[2023-03-31T14:06:59.602Z]     -- promoting: /local/S/jenkins/workspace/ECP/ecg-maya-usd/ecg-mayausd-branch-preflight-2022-python3-osx/ecg-maya-usd/maya-usd/lib/mayaUsd/render/pxrUsdMayaGL/softSelectHelper.h
[2023-03-31T14:06:59.602Z]     -- promoting: /local/S/jenkins/workspace/ECP/ecg-maya-usd/ecg-mayausd-branch-preflight-2022-python3-osx/ecg-maya-usd/maya-usd/lib/mayaUsd/render/pxrUsdMayaGL/usdProxyShapeAdapter.h
[2023-03-31T14:06:59.602Z]     -- promoting: /local/S/jenkins/workspace/ECP/ecg-maya-usd/ecg-mayausd-branch-preflight-2022-python3-osx/ecg-maya-usd/maya-usd/lib/mayaUsd/render/pxrUsdMayaGL/userData.h
[2023-03-31T14:06:59.602Z]     -- promoting: /local/S/jenkins/workspace/ECP/ecg-maya-usd/ecg-mayausd-branch-preflight-2022-python3-osx/ecg-maya-usd/maya-usd/lib/mayaUsd/render/vp2RenderDelegate/proxyRenderDelegate.h
[2023-03-31T14:06:59.602Z]     -- promoting: /local/S/jenkins/workspace/ECP/ecg-maya-usd/ecg-mayausd-branch-preflight-2022-python3-osx/ecg-maya-usd/maya-usd/lib/mayaUsd/render/vp2ShaderFragments/shaderFragments.h
[2023-03-31T14:06:59.602Z]     -- promoting: /local/S/jenkins/workspace/ECP/ecg-maya-usd/ecg-mayausd-branch-preflight-2022-python3-osx/ecg-maya-usd/maya-usd/lib/mayaUsd/render/MaterialXGenOgsXml/GlslFragmentGenerator.h
[2023-03-31T14:06:59.602Z]     -- promoting: /local/S/jenkins/workspace/ECP/ecg-maya-usd/ecg-mayausd-branch-preflight-2022-python3-osx/ecg-maya-usd/maya-usd/lib/mayaUsd/render/MaterialXGenOgsXml/OgsFragment.h
[2023-03-31T14:06:59.602Z]     -- promoting: /local/S/jenkins/workspace/ECP/ecg-maya-usd/ecg-mayausd-branch-preflight-2022-python3-osx/ecg-maya-usd/maya-usd/lib/mayaUsd/render/MaterialXGenOgsXml/OgsXmlGenerator.h
[2023-03-31T14:06:59.602Z]     -- Using 1.38.3 libraries with MaterialX 1.38.3
[2023-03-31T14:06:59.602Z]     -- promoting: /local/S/jenkins/workspace/ECP/ecg-maya-usd/ecg-mayausd-branch-preflight-2022-python3-osx/ecg-maya-usd/maya-usd/lib/mayaUsd/ufe/Global.h
[2023-03-31T14:06:59.602Z]     -- promoting: /local/S/jenkins/workspace/ECP/ecg-maya-usd/ecg-mayausd-branch-preflight-2022-python3-osx/ecg-maya-usd/maya-usd/lib/mayaUsd/ufe/ProxyShapeHandler.h
[2023-03-31T14:06:59.602Z]     -- promoting: /local/S/jenkins/workspace/ECP/ecg-maya-usd/ecg-mayausd-branch-preflight-2022-python3-osx/ecg-maya-usd/maya-usd/lib/mayaUsd/ufe/ProxyShapeHierarchy.h
[2023-03-31T14:06:59.602Z]     -- promoting: /local/S/jenkins/workspace/ECP/ecg-maya-usd/ecg-mayausd-branch-preflight-2022-python3-osx/ecg-maya-usd/maya-usd/lib/mayaUsd/ufe/ProxyShapeHierarchyHandler.h
[2023-03-31T14:06:59.602Z]     -- promoting: /local/S/jenkins/workspace/ECP/ecg-maya-usd/ecg-mayausd-branch-preflight-2022-python3-osx/ecg-maya-usd/maya-usd/lib/mayaUsd/ufe/SetVariantSelectionCommand.h
[2023-03-31T14:06:59.602Z]     -- promoting: /local/S/jenkins/workspace/ECP/ecg-maya-usd/ecg-mayausd-branch-preflight-2022-python3-osx/ecg-maya-usd/maya-usd/lib/mayaUsd/ufe/StagesSubject.h
[2023-03-31T14:06:59.602Z]     -- promoting: /local/S/jenkins/workspace/ECP/ecg-maya-usd/ecg-mayausd-branch-preflight-2022-python3-osx/ecg-maya-usd/maya-usd/lib/mayaUsd/ufe/UsdHierarchy.h
[2023-03-31T14:06:59.602Z]     -- promoting: /local/S/jenkins/workspace/ECP/ecg-maya-usd/ecg-mayausd-branch-preflight-2022-python3-osx/ecg-maya-usd/maya-usd/lib/mayaUsd/ufe/UsdHierarchyHandler.h
[2023-03-31T14:06:59.602Z]     -- promoting: /local/S/jenkins/workspace/ECP/ecg-maya-usd/ecg-mayausd-branch-preflight-2022-python3-osx/ecg-maya-usd/maya-usd/lib/mayaUsd/ufe/UsdPointInstanceModifierBase.h
[2023-03-31T14:06:59.602Z]     -- promoting: /local/S/jenkins/workspace/ECP/ecg-maya-usd/ecg-mayausd-branch-preflight-2022-python3-osx/ecg-maya-usd/maya-usd/lib/mayaUsd/ufe/UsdPointInstanceOrientationModifier.h
[2023-03-31T14:06:59.602Z]     -- promoting: /local/S/jenkins/workspace/ECP/ecg-maya-usd/ecg-mayausd-branch-preflight-2022-python3-osx/ecg-maya-usd/maya-usd/lib/mayaUsd/ufe/UsdPointInstancePositionModifier.h
[2023-03-31T14:06:59.602Z]     -- promoting: /local/S/jenkins/workspace/ECP/ecg-maya-usd/ecg-mayausd-branch-preflight-2022-python3-osx/ecg-maya-usd/maya-usd/lib/mayaUsd/ufe/UsdPointInstanceScaleModifier.h
[2023-03-31T14:06:59.602Z]     -- promoting: /local/S/jenkins/workspace/ECP/ecg-maya-usd/ecg-mayausd-branch-preflight-2022-python3-osx/ecg-maya-usd/maya-usd/lib/mayaUsd/ufe/UsdRootChildHierarchy.h
[2023-03-31T14:06:59.602Z]     -- promoting: /local/S/jenkins/workspace/ECP/ecg-maya-usd/ecg-mayausd-branch-preflight-2022-python3-osx/ecg-maya-usd/maya-usd/lib/mayaUsd/ufe/UsdRotatePivotTranslateUndoableCommand.h
[2023-03-31T14:06:59.602Z]     -- promoting: /local/S/jenkins/workspace/ECP/ecg-maya-usd/ecg-mayausd-branch-preflight-2022-python3-osx/ecg-maya-usd/maya-usd/lib/mayaUsd/ufe/UsdRotateUndoableCommand.h
[2023-03-31T14:06:59.602Z]     -- promoting: /local/S/jenkins/workspace/ECP/ecg-maya-usd/ecg-mayausd-branch-preflight-2022-python3-osx/ecg-maya-usd/maya-usd/lib/mayaUsd/ufe/UsdScaleUndoableCommand.h
[2023-03-31T14:06:59.602Z]     -- promoting: /local/S/jenkins/workspace/ECP/ecg-maya-usd/ecg-mayausd-branch-preflight-2022-python3-osx/ecg-maya-usd/maya-usd/lib/mayaUsd/ufe/UsdSceneItem.h
[2023-03-31T14:06:59.602Z]     -- promoting: /local/S/jenkins/workspace/ECP/ecg-maya-usd/ecg-mayausd-branch-preflight-2022-python3-osx/ecg-maya-usd/maya-usd/lib/mayaUsd/ufe/UsdSceneItemOps.h
[2023-03-31T14:06:59.602Z]     -- promoting: /local/S/jenkins/workspace/ECP/ecg-maya-usd/ecg-mayausd-branch-preflight-2022-python3-osx/ecg-maya-usd/maya-usd/lib/mayaUsd/ufe/UsdSceneItemOpsHandler.h
[2023-03-31T14:06:59.602Z]     -- promoting: /local/S/jenkins/workspace/ECP/ecg-maya-usd/ecg-mayausd-branch-preflight-2022-python3-osx/ecg-maya-usd/maya-usd/lib/mayaUsd/ufe/UsdStageMap.h
[2023-03-31T14:06:59.602Z]     -- promoting: /local/S/jenkins/workspace/ECP/ecg-maya-usd/ecg-mayausd-branch-preflight-2022-python3-osx/ecg-maya-usd/maya-usd/lib/mayaUsd/ufe/UsdTRSUndoableCommandBase.h
[2023-03-31T14:06:59.602Z]     -- promoting: /local/S/jenkins/workspace/ECP/ecg-maya-usd/ecg-mayausd-branch-preflight-2022-python3-osx/ecg-maya-usd/maya-usd/lib/mayaUsd/ufe/UsdTransform3d.h
[2023-03-31T14:06:59.602Z]     -- promoting: /local/S/jenkins/workspace/ECP/ecg-maya-usd/ecg-mayausd-branch-preflight-2022-python3-osx/ecg-maya-usd/maya-usd/lib/mayaUsd/ufe/UsdTransform3dReadImpl.h
[2023-03-31T14:06:59.602Z]     -- promoting: /local/S/jenkins/workspace/ECP/ecg-maya-usd/ecg-mayausd-branch-preflight-2022-python3-osx/ecg-maya-usd/maya-usd/lib/mayaUsd/ufe/UsdTransform3dHandler.h
[2023-03-31T14:06:59.602Z]     -- promoting: /local/S/jenkins/workspace/ECP/ecg-maya-usd/ecg-mayausd-branch-preflight-2022-python3-osx/ecg-maya-usd/maya-usd/lib/mayaUsd/ufe/UsdTranslateUndoableCommand.h
[2023-03-31T14:06:59.602Z]     -- promoting: /local/S/jenkins/workspace/ECP/ecg-maya-usd/ecg-mayausd-branch-preflight-2022-python3-osx/ecg-maya-usd/maya-usd/lib/mayaUsd/ufe/UsdUndoDeleteCommand.h
[2023-03-31T14:06:59.602Z]     -- promoting: /local/S/jenkins/workspace/ECP/ecg-maya-usd/ecg-mayausd-branch-preflight-2022-python3-osx/ecg-maya-usd/maya-usd/lib/mayaUsd/ufe/UsdUndoDuplicateCommand.h
[2023-03-31T14:06:59.602Z]     -- promoting: /local/S/jenkins/workspace/ECP/ecg-maya-usd/ecg-mayausd-branch-preflight-2022-python3-osx/ecg-maya-usd/maya-usd/lib/mayaUsd/ufe/UsdUndoRenameCommand.h
[2023-03-31T14:06:59.602Z]     -- promoting: /local/S/jenkins/workspace/ECP/ecg-maya-usd/ecg-mayausd-branch-preflight-2022-python3-osx/ecg-maya-usd/maya-usd/lib/mayaUsd/ufe/Utils.h
[2023-03-31T14:06:59.602Z]     -- promoting: /local/S/jenkins/workspace/ECP/ecg-maya-usd/ecg-mayausd-branch-preflight-2022-python3-osx/ecg-maya-usd/maya-usd/lib/mayaUsd/ufe/UfeVersionCompat.h
[2023-03-31T14:06:59.602Z]     -- promoting: /local/S/jenkins/workspace/ECP/ecg-maya-usd/ecg-mayausd-branch-preflight-2022-python3-osx/ecg-maya-usd/maya-usd/lib/mayaUsd/ufe/ProxyShapeContextOpsHandler.h
[2023-03-31T14:06:59.602Z]     -- promoting: /local/S/jenkins/workspace/ECP/ecg-maya-usd/ecg-mayausd-branch-preflight-2022-python3-osx/ecg-maya-usd/maya-usd/lib/mayaUsd/ufe/RotationUtils.h
[2023-03-31T14:06:59.602Z]     -- promoting: /local/S/jenkins/workspace/ECP/ecg-maya-usd/ecg-mayausd-branch-preflight-2022-python3-osx/ecg-maya-usd/maya-usd/lib/mayaUsd/ufe/UsdAttribute.h
[2023-03-31T14:06:59.602Z]     -- promoting: /local/S/jenkins/workspace/ECP/ecg-maya-usd/ecg-mayausd-branch-preflight-2022-python3-osx/ecg-maya-usd/maya-usd/lib/mayaUsd/ufe/UsdAttributeHolder.h
[2023-03-31T14:06:59.602Z]     -- promoting: /local/S/jenkins/workspace/ECP/ecg-maya-usd/ecg-mayausd-branch-preflight-2022-python3-osx/ecg-maya-usd/maya-usd/lib/mayaUsd/ufe/UsdAttributes.h
[2023-03-31T14:06:59.602Z]     -- promoting: /local/S/jenkins/workspace/ECP/ecg-maya-usd/ecg-mayausd-branch-preflight-2022-python3-osx/ecg-maya-usd/maya-usd/lib/mayaUsd/ufe/UsdAttributesHandler.h
[2023-03-31T14:06:59.602Z]     -- promoting: /local/S/jenkins/workspace/ECP/ecg-maya-usd/ecg-mayausd-branch-preflight-2022-python3-osx/ecg-maya-usd/maya-usd/lib/mayaUsd/ufe/UsdCamera.h
[2023-03-31T14:06:59.602Z]     -- promoting: /local/S/jenkins/workspace/ECP/ecg-maya-usd/ecg-mayausd-branch-preflight-2022-python3-osx/ecg-maya-usd/maya-usd/lib/mayaUsd/ufe/UsdCameraHandler.h
[2023-03-31T14:06:59.602Z]     -- promoting: /local/S/jenkins/workspace/ECP/ecg-maya-usd/ecg-mayausd-branch-preflight-2022-python3-osx/ecg-maya-usd/maya-usd/lib/mayaUsd/ufe/UsdContextOps.h
[2023-03-31T14:06:59.602Z]     -- promoting: /local/S/jenkins/workspace/ECP/ecg-maya-usd/ecg-mayausd-branch-preflight-2022-python3-osx/ecg-maya-usd/maya-usd/lib/mayaUsd/ufe/UsdContextOpsHandler.h
[2023-03-31T14:06:59.603Z]     -- promoting: /local/S/jenkins/workspace/ECP/ecg-maya-usd/ecg-mayausd-branch-preflight-2022-python3-osx/ecg-maya-usd/maya-usd/lib/mayaUsd/ufe/UsdObject3d.h
[2023-03-31T14:06:59.603Z]     -- promoting: /local/S/jenkins/workspace/ECP/ecg-maya-usd/ecg-mayausd-branch-preflight-2022-python3-osx/ecg-maya-usd/maya-usd/lib/mayaUsd/ufe/UsdObject3dHandler.h
[2023-03-31T14:06:59.603Z]     -- promoting: /local/S/jenkins/workspace/ECP/ecg-maya-usd/ecg-mayausd-branch-preflight-2022-python3-osx/ecg-maya-usd/maya-usd/lib/mayaUsd/ufe/UsdPointInstanceUndoableCommands.h
[2023-03-31T14:06:59.603Z]     -- promoting: /local/S/jenkins/workspace/ECP/ecg-maya-usd/ecg-mayausd-branch-preflight-2022-python3-osx/ecg-maya-usd/maya-usd/lib/mayaUsd/ufe/UsdSetXformOpUndoableCommandBase.h
[2023-03-31T14:06:59.603Z]     -- promoting: /local/S/jenkins/workspace/ECP/ecg-maya-usd/ecg-mayausd-branch-preflight-2022-python3-osx/ecg-maya-usd/maya-usd/lib/mayaUsd/ufe/UsdTransform3dBase.h
[2023-03-31T14:06:59.603Z]     -- promoting: /local/S/jenkins/workspace/ECP/ecg-maya-usd/ecg-mayausd-branch-preflight-2022-python3-osx/ecg-maya-usd/maya-usd/lib/mayaUsd/ufe/UsdTransform3dCommonAPI.h
[2023-03-31T14:06:59.603Z]     -- promoting: /local/S/jenkins/workspace/ECP/ecg-maya-usd/ecg-mayausd-branch-preflight-2022-python3-osx/ecg-maya-usd/maya-usd/lib/mayaUsd/ufe/UsdTransform3dFallbackMayaXformStack.h
[2023-03-31T14:06:59.603Z]     -- promoting: /local/S/jenkins/workspace/ECP/ecg-maya-usd/ecg-mayausd-branch-preflight-2022-python3-osx/ecg-maya-usd/maya-usd/lib/mayaUsd/ufe/UsdTransform3dMatrixOp.h
[2023-03-31T14:06:59.603Z]     -- promoting: /local/S/jenkins/workspace/ECP/ecg-maya-usd/ecg-mayausd-branch-preflight-2022-python3-osx/ecg-maya-usd/maya-usd/lib/mayaUsd/ufe/UsdTransform3dMayaXformStack.h
[2023-03-31T14:06:59.603Z]     -- promoting: /local/S/jenkins/workspace/ECP/ecg-maya-usd/ecg-mayausd-branch-preflight-2022-python3-osx/ecg-maya-usd/maya-usd/lib/mayaUsd/ufe/UsdTransform3dPointInstance.h
[2023-03-31T14:06:59.603Z]     -- promoting: /local/S/jenkins/workspace/ECP/ecg-maya-usd/ecg-mayausd-branch-preflight-2022-python3-osx/ecg-maya-usd/maya-usd/lib/mayaUsd/ufe/UsdTransform3dSetObjectMatrix.h
[2023-03-31T14:06:59.603Z]     -- promoting: /local/S/jenkins/workspace/ECP/ecg-maya-usd/ecg-mayausd-branch-preflight-2022-python3-osx/ecg-maya-usd/maya-usd/lib/mayaUsd/ufe/UsdTransform3dUndoableCommands.h
[2023-03-31T14:06:59.603Z]     -- promoting: /local/S/jenkins/workspace/ECP/ecg-maya-usd/ecg-mayausd-branch-preflight-2022-python3-osx/ecg-maya-usd/maya-usd/lib/mayaUsd/ufe/UsdUIInfoHandler.h
[2023-03-31T14:06:59.603Z]     -- promoting: /local/S/jenkins/workspace/ECP/ecg-maya-usd/ecg-mayausd-branch-preflight-2022-python3-osx/ecg-maya-usd/maya-usd/lib/mayaUsd/ufe/UsdUIUfeObserver.h
[2023-03-31T14:06:59.603Z]     -- promoting: /local/S/jenkins/workspace/ECP/ecg-maya-usd/ecg-mayausd-branch-preflight-2022-python3-osx/ecg-maya-usd/maya-usd/lib/mayaUsd/ufe/UsdUndoableCommand.h
[2023-03-31T14:06:59.603Z]     -- promoting: /local/S/jenkins/workspace/ECP/ecg-maya-usd/ecg-mayausd-branch-preflight-2022-python3-osx/ecg-maya-usd/maya-usd/lib/mayaUsd/ufe/UsdUndoAddNewPrimCommand.h
[2023-03-31T14:06:59.603Z]     -- promoting: /local/S/jenkins/workspace/ECP/ecg-maya-usd/ecg-mayausd-branch-preflight-2022-python3-osx/ecg-maya-usd/maya-usd/lib/mayaUsd/ufe/UsdUndoCreateGroupCommand.h
[2023-03-31T14:06:59.603Z]     -- promoting: /local/S/jenkins/workspace/ECP/ecg-maya-usd/ecg-mayausd-branch-preflight-2022-python3-osx/ecg-maya-usd/maya-usd/lib/mayaUsd/ufe/UsdUndoInsertChildCommand.h
[2023-03-31T14:06:59.603Z]     -- promoting: /local/S/jenkins/workspace/ECP/ecg-maya-usd/ecg-mayausd-branch-preflight-2022-python3-osx/ecg-maya-usd/maya-usd/lib/mayaUsd/ufe/UsdUndoReorderCommand.h
[2023-03-31T14:06:59.603Z]     -- promoting: /local/S/jenkins/workspace/ECP/ecg-maya-usd/ecg-mayausd-branch-preflight-2022-python3-osx/ecg-maya-usd/maya-usd/lib/mayaUsd/ufe/UsdUndoSetKindCommand.h
[2023-03-31T14:06:59.603Z]     -- promoting: /local/S/jenkins/workspace/ECP/ecg-maya-usd/ecg-mayausd-branch-preflight-2022-python3-osx/ecg-maya-usd/maya-usd/lib/mayaUsd/ufe/UsdUndoVisibleCommand.h
[2023-03-31T14:06:59.603Z]     -- promoting: /local/S/jenkins/workspace/ECP/ecg-maya-usd/ecg-mayausd-branch-preflight-2022-python3-osx/ecg-maya-usd/maya-usd/lib/mayaUsd/ufe/XformOpUtils.h
[2023-03-31T14:06:59.603Z]     -- promoting: /local/S/jenkins/workspace/ECP/ecg-maya-usd/ecg-mayausd-branch-preflight-2022-python3-osx/ecg-maya-usd/maya-usd/lib/mayaUsd/ufe/UsdUndoMaterialCommands.h
[2023-03-31T14:06:59.603Z]     -- promoting: /local/S/jenkins/workspace/ECP/ecg-maya-usd/ecg-mayausd-branch-preflight-2022-python3-osx/ecg-maya-usd/maya-usd/lib/mayaUsd/undo/OpUndoItemList.h
[2023-03-31T14:06:59.603Z]     -- promoting: /local/S/jenkins/workspace/ECP/ecg-maya-usd/ecg-mayausd-branch-preflight-2022-python3-osx/ecg-maya-usd/maya-usd/lib/mayaUsd/undo/OpUndoItemMuting.h
[2023-03-31T14:06:59.603Z]     -- promoting: /local/S/jenkins/workspace/ECP/ecg-maya-usd/ecg-mayausd-branch-preflight-2022-python3-osx/ecg-maya-usd/maya-usd/lib/mayaUsd/undo/OpUndoItemRecorder.h
[2023-03-31T14:06:59.603Z]     -- promoting: /local/S/jenkins/workspace/ECP/ecg-maya-usd/ecg-mayausd-branch-preflight-2022-python3-osx/ecg-maya-usd/maya-usd/lib/mayaUsd/undo/OpUndoItems.h
[2023-03-31T14:06:59.603Z]     -- promoting: /local/S/jenkins/workspace/ECP/ecg-maya-usd/ecg-mayausd-branch-preflight-2022-python3-osx/ecg-maya-usd/maya-usd/lib/mayaUsd/undo/UsdUndoBlock.h
[2023-03-31T14:06:59.603Z]     -- promoting: /local/S/jenkins/workspace/ECP/ecg-maya-usd/ecg-mayausd-branch-preflight-2022-python3-osx/ecg-maya-usd/maya-usd/lib/mayaUsd/undo/UsdUndoManager.h
[2023-03-31T14:06:59.603Z]     -- promoting: /local/S/jenkins/workspace/ECP/ecg-maya-usd/ecg-mayausd-branch-preflight-2022-python3-osx/ecg-maya-usd/maya-usd/lib/mayaUsd/undo/UsdUndoStateDelegate.h
[2023-03-31T14:06:59.603Z]     -- promoting: /local/S/jenkins/workspace/ECP/ecg-maya-usd/ecg-mayausd-branch-preflight-2022-python3-osx/ecg-maya-usd/maya-usd/lib/mayaUsd/undo/UsdUndoableItem.h
[2023-03-31T14:06:59.603Z]     -- promoting: /local/S/jenkins/workspace/ECP/ecg-maya-usd/ecg-mayausd-branch-preflight-2022-python3-osx/ecg-maya-usd/maya-usd/lib/mayaUsd/utils/blockSceneModificationContext.h
[2023-03-31T14:06:59.603Z]     -- promoting: /local/S/jenkins/workspace/ECP/ecg-maya-usd/ecg-mayausd-branch-preflight-2022-python3-osx/ecg-maya-usd/maya-usd/lib/mayaUsd/utils/colorSpace.h
[2023-03-31T14:06:59.603Z]     -- promoting: /local/S/jenkins/workspace/ECP/ecg-maya-usd/ecg-mayausd-branch-preflight-2022-python3-osx/ecg-maya-usd/maya-usd/lib/mayaUsd/utils/customLayerData.h
[2023-03-31T14:06:59.603Z]     -- promoting: /local/S/jenkins/workspace/ECP/ecg-maya-usd/ecg-mayausd-branch-preflight-2022-python3-osx/ecg-maya-usd/maya-usd/lib/mayaUsd/utils/converter.h
[2023-03-31T14:06:59.603Z]     -- promoting: /local/S/jenkins/workspace/ECP/ecg-maya-usd/ecg-mayausd-branch-preflight-2022-python3-osx/ecg-maya-usd/maya-usd/lib/mayaUsd/utils/diagnosticDelegate.h
[2023-03-31T14:06:59.603Z]     -- promoting: /local/S/jenkins/workspace/ECP/ecg-maya-usd/ecg-mayausd-branch-preflight-2022-python3-osx/ecg-maya-usd/maya-usd/lib/mayaUsd/utils/dynamicAttribute.h
[2023-03-31T14:06:59.603Z]     -- promoting: /local/S/jenkins/workspace/ECP/ecg-maya-usd/ecg-mayausd-branch-preflight-2022-python3-osx/ecg-maya-usd/maya-usd/lib/mayaUsd/utils/editability.h
[2023-03-31T14:06:59.603Z]     -- promoting: /local/S/jenkins/workspace/ECP/ecg-maya-usd/ecg-mayausd-branch-preflight-2022-python3-osx/ecg-maya-usd/maya-usd/lib/mayaUsd/utils/editRouter.h
[2023-03-31T14:06:59.603Z]     -- promoting: /local/S/jenkins/workspace/ECP/ecg-maya-usd/ecg-mayausd-branch-preflight-2022-python3-osx/ecg-maya-usd/maya-usd/lib/mayaUsd/utils/editRouterContext.h
[2023-03-31T14:06:59.603Z]     -- promoting: /local/S/jenkins/workspace/ECP/ecg-maya-usd/ecg-mayausd-branch-preflight-2022-python3-osx/ecg-maya-usd/maya-usd/lib/mayaUsd/utils/hash.h
[2023-03-31T14:06:59.603Z]     -- promoting: /local/S/jenkins/workspace/ECP/ecg-maya-usd/ecg-mayausd-branch-preflight-2022-python3-osx/ecg-maya-usd/maya-usd/lib/mayaUsd/utils/layerMuting.h
[2023-03-31T14:06:59.603Z]     -- promoting: /local/S/jenkins/workspace/ECP/ecg-maya-usd/ecg-mayausd-branch-preflight-2022-python3-osx/ecg-maya-usd/maya-usd/lib/mayaUsd/utils/layers.h
[2023-03-31T14:06:59.603Z]     -- promoting: /local/S/jenkins/workspace/ECP/ecg-maya-usd/ecg-mayausd-branch-preflight-2022-python3-osx/ecg-maya-usd/maya-usd/lib/mayaUsd/utils/loadRules.h
[2023-03-31T14:06:59.603Z]     -- promoting: /local/S/jenkins/workspace/ECP/ecg-maya-usd/ecg-mayausd-branch-preflight-2022-python3-osx/ecg-maya-usd/maya-usd/lib/mayaUsd/utils/query.h
[2023-03-31T14:06:59.603Z]     -- promoting: /local/S/jenkins/workspace/ECP/ecg-maya-usd/ecg-mayausd-branch-preflight-2022-python3-osx/ecg-maya-usd/maya-usd/lib/mayaUsd/utils/plugRegistryHelper.h
[2023-03-31T14:06:59.603Z]     -- promoting: /local/S/jenkins/workspace/ECP/ecg-maya-usd/ecg-mayausd-branch-preflight-2022-python3-osx/ecg-maya-usd/maya-usd/lib/mayaUsd/utils/progressBarScope.h
[2023-03-31T14:06:59.603Z]     -- promoting: /local/S/jenkins/workspace/ECP/ecg-maya-usd/ecg-mayausd-branch-preflight-2022-python3-osx/ecg-maya-usd/maya-usd/lib/mayaUsd/utils/selectability.h
[2023-03-31T14:06:59.603Z]     -- promoting: /local/S/jenkins/workspace/ECP/ecg-maya-usd/ecg-mayausd-branch-preflight-2022-python3-osx/ecg-maya-usd/maya-usd/lib/mayaUsd/utils/stageCache.h
[2023-03-31T14:06:59.603Z]     -- promoting: /local/S/jenkins/workspace/ECP/ecg-maya-usd/ecg-mayausd-branch-preflight-2022-python3-osx/ecg-maya-usd/maya-usd/lib/mayaUsd/utils/targetLayer.h
[2023-03-31T14:06:59.603Z]     -- promoting: /local/S/jenkins/workspace/ECP/ecg-maya-usd/ecg-mayausd-branch-preflight-2022-python3-osx/ecg-maya-usd/maya-usd/lib/mayaUsd/utils/traverseLayer.h
[2023-03-31T14:06:59.603Z]     -- promoting: /local/S/jenkins/workspace/ECP/ecg-maya-usd/ecg-mayausd-branch-preflight-2022-python3-osx/ecg-maya-usd/maya-usd/lib/mayaUsd/utils/undoHelperCommand.h
[2023-03-31T14:06:59.603Z]     -- promoting: /local/S/jenkins/workspace/ECP/ecg-maya-usd/ecg-mayausd-branch-preflight-2022-python3-osx/ecg-maya-usd/maya-usd/lib/mayaUsd/utils/util.h
[2023-03-31T14:06:59.603Z]     -- promoting: /local/S/jenkins/workspace/ECP/ecg-maya-usd/ecg-mayausd-branch-preflight-2022-python3-osx/ecg-maya-usd/maya-usd/lib/mayaUsd/utils/utilDictionary.h
[2023-03-31T14:06:59.603Z]     -- promoting: /local/S/jenkins/workspace/ECP/ecg-maya-usd/ecg-mayausd-branch-preflight-2022-python3-osx/ecg-maya-usd/maya-usd/lib/mayaUsd/utils/utilFileSystem.h
[2023-03-31T14:06:59.603Z]     -- promoting: /local/S/jenkins/workspace/ECP/ecg-maya-usd/ecg-mayausd-branch-preflight-2022-python3-osx/ecg-maya-usd/maya-usd/lib/mayaUsd/utils/utilSerialization.h
[2023-03-31T14:06:59.603Z]     -- promoting: /local/S/jenkins/workspace/ECP/ecg-maya-usd/ecg-mayausd-branch-preflight-2022-python3-osx/ecg-maya-usd/maya-usd/lib/mayaUsd/utils/variants.h
[2023-03-31T14:06:59.603Z]     -- promoting: /local/S/jenkins/workspace/ECP/ecg-maya-usd/ecg-mayausd-branch-preflight-2022-python3-osx/ecg-maya-usd/maya-usd/lib/mayaUsd/utils/json.h
[2023-03-31T14:06:59.603Z]     -- promoting: /local/S/jenkins/workspace/ECP/ecg-maya-usd/ecg-mayausd-branch-preflight-2022-python3-osx/ecg-maya-usd/maya-usd/lib/mayaUsd/utils/primActivation.h
[2023-03-31T14:06:59.603Z]     -- promoting: /local/S/jenkins/workspace/ECP/ecg-maya-usd/ecg-mayausd-branch-preflight-2022-python3-osx/ecg-maya-usd/maya-usd/lib/usd/pxrUsdPreviewSurface/usdPreviewSurface.h
[2023-03-31T14:06:59.603Z]     -- promoting: /local/S/jenkins/workspace/ECP/ecg-maya-usd/ecg-mayausd-branch-preflight-2022-python3-osx/ecg-maya-usd/maya-usd/lib/usd/pxrUsdPreviewSurface/usdPreviewSurfacePlugin.h
[2023-03-31T14:06:59.603Z]     -- promoting: /local/S/jenkins/workspace/ECP/ecg-maya-usd/ecg-mayausd-branch-preflight-2022-python3-osx/ecg-maya-usd/maya-usd/lib/usd/schemas/api.h
[2023-03-31T14:06:59.603Z]     -- promoting: /local/S/jenkins/workspace/ECP/ecg-maya-usd/ecg-mayausd-branch-preflight-2022-python3-osx/ecg-maya-usd/maya-usd/lib/usd/schemas/ALMayaReference.h
[2023-03-31T14:06:59.603Z]     -- promoting: /local/S/jenkins/workspace/ECP/ecg-maya-usd/ecg-mayausd-branch-preflight-2022-python3-osx/ecg-maya-usd/maya-usd/lib/usd/schemas/MayaReference.h
[2023-03-31T14:06:59.603Z]     -- promoting: /local/S/jenkins/workspace/ECP/ecg-maya-usd/ecg-mayausd-branch-preflight-2022-python3-osx/ecg-maya-usd/maya-usd/lib/usd/schemas/tokens.h
[2023-03-31T14:06:59.808Z]     #################################################################################################
[2023-03-31T14:06:59.808Z]     #  USD_DISABLE_PRIM_DEFINITIONS_FOR_USDGENSCHEMA is overridden to 'true'.  Default is 'false'.  #
[2023-03-31T14:06:59.808Z]     #################################################################################################
[2023-03-31T14:07:00.020Z]     Processing schema classes:
[2023-03-31T14:07:00.020Z]     MayaReference, ALMayaReference
[2023-03-31T14:07:00.020Z]     Loading Templates from /local/S/jenkins/workspace/shared/Artifactory/OSX/USD/c188d08/lib/usd/usd/resources/codegenTemplates
[2023-03-31T14:07:00.020Z]     Writing API:
[2023-03-31T14:07:00.020Z]     	    wrote /local/S/jenkins/workspace/ECP/ecg-maya-usd/ecg-mayausd-branch-preflight-2022-python3-osx/build/RelWithDebInfo/lib/usd/schemas/api.h
[2023-03-31T14:07:00.020Z]     Writing Schema Tokens:
[2023-03-31T14:07:00.020Z]     	    wrote /local/S/jenkins/workspace/ECP/ecg-maya-usd/ecg-mayausd-branch-preflight-2022-python3-osx/build/RelWithDebInfo/lib/usd/schemas/tokens.h
[2023-03-31T14:07:00.020Z]     	    wrote /local/S/jenkins/workspace/ECP/ecg-maya-usd/ecg-mayausd-branch-preflight-2022-python3-osx/build/RelWithDebInfo/lib/usd/schemas/tokens.cpp
[2023-03-31T14:07:00.020Z]     	    wrote /local/S/jenkins/workspace/ECP/ecg-maya-usd/ecg-mayausd-branch-preflight-2022-python3-osx/build/RelWithDebInfo/lib/usd/schemas/wrapTokens.cpp
[2023-03-31T14:07:00.020Z]     Generating Classes:
[2023-03-31T14:07:00.020Z]     	    wrote /local/S/jenkins/workspace/ECP/ecg-maya-usd/ecg-mayausd-branch-preflight-2022-python3-osx/build/RelWithDebInfo/lib/usd/schemas/MayaReference.h
[2023-03-31T14:07:00.020Z]     	    wrote /local/S/jenkins/workspace/ECP/ecg-maya-usd/ecg-mayausd-branch-preflight-2022-python3-osx/build/RelWithDebInfo/lib/usd/schemas/MayaReference.cpp
[2023-03-31T14:07:00.020Z]     	    wrote /local/S/jenkins/workspace/ECP/ecg-maya-usd/ecg-mayausd-branch-preflight-2022-python3-osx/build/RelWithDebInfo/lib/usd/schemas/wrapMayaReference.cpp
[2023-03-31T14:07:00.020Z]     	    wrote /local/S/jenkins/workspace/ECP/ecg-maya-usd/ecg-mayausd-branch-preflight-2022-python3-osx/build/RelWithDebInfo/lib/usd/schemas/ALMayaReference.h
[2023-03-31T14:07:00.020Z]     	    wrote /local/S/jenkins/workspace/ECP/ecg-maya-usd/ecg-mayausd-branch-preflight-2022-python3-osx/build/RelWithDebInfo/lib/usd/schemas/ALMayaReference.cpp
[2023-03-31T14:07:00.020Z]     	    wrote /local/S/jenkins/workspace/ECP/ecg-maya-usd/ecg-mayausd-branch-preflight-2022-python3-osx/build/RelWithDebInfo/lib/usd/schemas/wrapALMayaReference.cpp
[2023-03-31T14:07:00.020Z]     Loading Templates from /local/S/jenkins/workspace/shared/Artifactory/OSX/USD/c188d08/lib/usd/usd/resources/codegenTemplates
[2023-03-31T14:07:00.020Z]     	    wrote /local/S/jenkins/workspace/ECP/ecg-maya-usd/ecg-mayausd-branch-preflight-2022-python3-osx/build/RelWithDebInfo/lib/usd/schemas/plugInfo.json
[2023-03-31T14:07:00.020Z]     Generating Schematics:
[2023-03-31T14:07:00.020Z]     	    wrote /local/S/jenkins/workspace/ECP/ecg-maya-usd/ecg-mayausd-branch-preflight-2022-python3-osx/build/RelWithDebInfo/lib/usd/schemas/generatedSchema.usda
[2023-03-31T14:07:00.020Z]     -- promoting: /local/S/jenkins/workspace/ECP/ecg-maya-usd/ecg-mayausd-branch-preflight-2022-python3-osx/ecg-maya-usd/maya-usd/lib/usd/utils/ALHalf.h
[2023-03-31T14:07:00.020Z]     -- promoting: /local/S/jenkins/workspace/ECP/ecg-maya-usd/ecg-mayausd-branch-preflight-2022-python3-osx/ecg-maya-usd/maya-usd/lib/usd/utils/Api.h
[2023-03-31T14:07:00.020Z]     -- promoting: /local/S/jenkins/workspace/ECP/ecg-maya-usd/ecg-mayausd-branch-preflight-2022-python3-osx/ecg-maya-usd/maya-usd/lib/usd/utils/DebugCodes.h
[2023-03-31T14:07:00.020Z]     -- promoting: /local/S/jenkins/workspace/ECP/ecg-maya-usd/ecg-mayausd-branch-preflight-2022-python3-osx/ecg-maya-usd/maya-usd/lib/usd/utils/DiffCore.h
[2023-03-31T14:07:00.020Z]     -- promoting: /local/S/jenkins/workspace/ECP/ecg-maya-usd/ecg-mayausd-branch-preflight-2022-python3-osx/ecg-maya-usd/maya-usd/lib/usd/utils/DiffPrims.h
[2023-03-31T14:07:00.020Z]     -- promoting: /local/S/jenkins/workspace/ECP/ecg-maya-usd/ecg-mayausd-branch-preflight-2022-python3-osx/ecg-maya-usd/maya-usd/lib/usd/utils/MergePrims.h
[2023-03-31T14:07:00.020Z]     -- promoting: /local/S/jenkins/workspace/ECP/ecg-maya-usd/ecg-mayausd-branch-preflight-2022-python3-osx/ecg-maya-usd/maya-usd/lib/usd/utils/MergePrimsOptions.h
[2023-03-31T14:07:00.020Z]     -- promoting: /local/S/jenkins/workspace/ECP/ecg-maya-usd/ecg-mayausd-branch-preflight-2022-python3-osx/ecg-maya-usd/maya-usd/lib/usd/utils/ForwardDeclares.h
[2023-03-31T14:07:00.020Z]     -- promoting: /local/S/jenkins/workspace/ECP/ecg-maya-usd/ecg-mayausd-branch-preflight-2022-python3-osx/ecg-maya-usd/maya-usd/lib/usd/utils/SIMD.h
[2023-03-31T14:07:00.020Z]     -- promoting: /local/S/jenkins/workspace/ECP/ecg-maya-usd/ecg-mayausd-branch-preflight-2022-python3-osx/ecg-maya-usd/maya-usd/lib/usd/utils/util.h
[2023-03-31T14:07:00.020Z]     -- promoting: /local/S/jenkins/workspace/ECP/ecg-maya-usd/ecg-mayausd-branch-preflight-2022-python3-osx/ecg-maya-usd/maya-usd/lib/usd/ui/layerEditor/batchSaveLayersUIDelegate.h
[2023-03-31T14:07:00.020Z]     -- promoting: /local/S/jenkins/workspace/ECP/ecg-maya-usd/ecg-mayausd-branch-preflight-2022-python3-osx/ecg-maya-usd/maya-usd/lib/usd/ui/importDialog/IMayaMQtUtil.h
[2023-03-31T14:07:00.020Z]     -- promoting: /local/S/jenkins/workspace/ECP/ecg-maya-usd/ecg-mayausd-branch-preflight-2022-python3-osx/ecg-maya-usd/maya-usd/lib/usd/ui/importDialog/ItemDelegate.h
[2023-03-31T14:07:00.020Z]     -- promoting: /local/S/jenkins/workspace/ECP/ecg-maya-usd/ecg-mayausd-branch-preflight-2022-python3-osx/ecg-maya-usd/maya-usd/lib/usd/ui/importDialog/IUSDImportView.h
[2023-03-31T14:07:00.020Z]     -- promoting: /local/S/jenkins/workspace/ECP/ecg-maya-usd/ecg-mayausd-branch-preflight-2022-python3-osx/ecg-maya-usd/maya-usd/lib/usd/ui/importDialog/TreeItem.h
[2023-03-31T14:07:00.020Z]     -- promoting: /local/S/jenkins/workspace/ECP/ecg-maya-usd/ecg-mayausd-branch-preflight-2022-python3-osx/ecg-maya-usd/maya-usd/lib/usd/ui/importDialog/TreeModel.h
[2023-03-31T14:07:00.020Z]     -- promoting: /local/S/jenkins/workspace/ECP/ecg-maya-usd/ecg-mayausd-branch-preflight-2022-python3-osx/ecg-maya-usd/maya-usd/lib/usd/ui/importDialog/TreeModelFactory.h
[2023-03-31T14:07:00.020Z]     -- promoting: /local/S/jenkins/workspace/ECP/ecg-maya-usd/ecg-mayausd-branch-preflight-2022-python3-osx/ecg-maya-usd/maya-usd/lib/usd/ui/importDialog/USDImportDialog.h
[2023-03-31T14:07:00.020Z]     -- promoting: /local/S/jenkins/workspace/ECP/ecg-maya-usd/ecg-mayausd-branch-preflight-2022-python3-osx/ecg-maya-usd/maya-usd/lib/usd/ui/importDialog/USDImportDialogCmd.h
[2023-03-31T14:07:00.020Z]     -- promoting: /local/S/jenkins/workspace/ECP/ecg-maya-usd/ecg-mayausd-branch-preflight-2022-python3-osx/ecg-maya-usd/maya-usd/lib/usd/ui/importDialog/USDQtUtil.h
[2023-03-31T14:07:00.020Z]     -- promoting: /local/S/jenkins/workspace/ECP/ecg-maya-usd/ecg-mayausd-branch-preflight-2022-python3-osx/ecg-maya-usd/maya-usd/lib/usd/ui/api.h
[2023-03-31T14:07:00.020Z]     -- promoting: /local/S/jenkins/workspace/ECP/ecg-maya-usd/ecg-mayausd-branch-preflight-2022-python3-osx/ecg-maya-usd/maya-usd/lib/usd/ui/initStringResources.h
[2023-03-31T14:07:00.020Z]     ========== Pixar USD Plugin ==========
[2023-03-31T14:07:00.126Z]     Compiling '/local/S/jenkins/workspace/ECP/ecg-maya-usd/ecg-mayausd-branch-preflight-2022-python3-osx/build/RelWithDebInfo/plugin/pxr/__init__.py'...
[2023-03-31T14:07:00.126Z]     ========== AL USD Plugin ==========
[2023-03-31T14:07:00.126Z]     CMake Deprecation Warning at plugin/al/CMakeLists.txt:7 (cmake_policy):
[2023-03-31T14:07:00.126Z]       The OLD behavior for policy CMP0026 will be removed from a future version
[2023-03-31T14:07:00.126Z]       of CMake.
[2023-03-31T14:07:00.126Z]     
[2023-03-31T14:07:00.126Z]       The cmake-policies(7) manual explains that the OLD behaviors of all
[2023-03-31T14:07:00.126Z]       policies are deprecated and that a policy should be set to OLD only under
[2023-03-31T14:07:00.126Z]       specific short-term circumstances.  Projects should be ported to the NEW
[2023-03-31T14:07:00.126Z]       behavior and not rely on setting a policy to OLD.
[2023-03-31T14:07:00.126Z]     
[2023-03-31T14:07:00.126Z]     
[2023-03-31T14:07:00.126Z]     -- Found Boost 1.70.0 at /local/S/jenkins/workspace/shared/Artifactory/OSX/USD/c188d08/lib/cmake/Boost-1.70.0
[2023-03-31T14:07:00.126Z]     --   Requested configuration: QUIET REQUIRED
[2023-03-31T14:07:00.126Z]     -- Found boost_headers 1.70.0 at /local/S/jenkins/workspace/shared/Artifactory/OSX/USD/c188d08/lib/cmake/boost_headers-1.70.0
[2023-03-31T14:07:00.126Z]     -- Found Boost: /local/S/jenkins/workspace/shared/Artifactory/OSX/USD/c188d08/lib/cmake/Boost-1.70.0/BoostConfig.cmake (found version "1.70.0")
[2023-03-31T14:07:00.126Z]     -- Found Boost 1.70.0 at /local/S/jenkins/workspace/shared/Artifactory/OSX/USD/c188d08/lib/cmake/Boost-1.70.0
[2023-03-31T14:07:00.126Z]     --   Requested configuration: QUIET REQUIRED COMPONENTS python
[2023-03-31T14:07:00.126Z]     -- Found boost_python 1.70.0 at /local/S/jenkins/workspace/shared/Artifactory/OSX/USD/c188d08/lib/cmake/boost_python-1.70.0
[2023-03-31T14:07:00.126Z]     --   libboost_python37.dylib
[2023-03-31T14:07:00.126Z]     -- Adding boost_python dependencies: headers
[2023-03-31T14:07:00.126Z]     -- Found Boost: /local/S/jenkins/workspace/shared/Artifactory/OSX/USD/c188d08/lib/cmake/Boost-1.70.0/BoostConfig.cmake (found version "1.70.0") found components: python
[2023-03-31T14:07:00.227Z]     -- Found GTest: /local/S/jenkins/workspace/ECP/ecg-maya-usd/ecg-mayausd-branch-preflight-2022-python3-osx/build/RelWithDebInfo/googletest-install/lib/libgtest.dylib
[2023-03-31T14:07:00.430Z]     -- Building AL_USDMayaSchemas
[2023-03-31T14:07:00.640Z]     #################################################################################################
[2023-03-31T14:07:00.640Z]     #  USD_DISABLE_PRIM_DEFINITIONS_FOR_USDGENSCHEMA is overridden to 'true'.  Default is 'false'.  #
[2023-03-31T14:07:00.640Z]     #################################################################################################
[2023-03-31T14:07:00.849Z]     Processing schema classes:
[2023-03-31T14:07:00.849Z]     ALModelAPI, ALFrameRange
[2023-03-31T14:07:00.849Z]     Loading Templates from /local/S/jenkins/workspace/shared/Artifactory/OSX/USD/c188d08/lib/usd/usd/resources/codegenTemplates
[2023-03-31T14:07:00.849Z]     Writing API:
[2023-03-31T14:07:00.849Z]     	    wrote /local/S/jenkins/workspace/ECP/ecg-maya-usd/ecg-mayausd-branch-preflight-2022-python3-osx/build/RelWithDebInfo/plugin/al/schemas/AL/usd/schemas/maya/api.h
[2023-03-31T14:07:00.849Z]     Writing Schema Tokens:
[2023-03-31T14:07:00.849Z]     	    wrote /local/S/jenkins/workspace/ECP/ecg-maya-usd/ecg-mayausd-branch-preflight-2022-python3-osx/build/RelWithDebInfo/plugin/al/schemas/AL/usd/schemas/maya/tokens.h
[2023-03-31T14:07:00.849Z]     	    wrote /local/S/jenkins/workspace/ECP/ecg-maya-usd/ecg-mayausd-branch-preflight-2022-python3-osx/build/RelWithDebInfo/plugin/al/schemas/AL/usd/schemas/maya/tokens.cpp
[2023-03-31T14:07:00.849Z]     	    wrote /local/S/jenkins/workspace/ECP/ecg-maya-usd/ecg-mayausd-branch-preflight-2022-python3-osx/build/RelWithDebInfo/plugin/al/schemas/AL/usd/schemas/maya/wrapTokens.cpp
[2023-03-31T14:07:00.849Z]     Generating Classes:
[2023-03-31T14:07:00.849Z]     	    wrote /local/S/jenkins/workspace/ECP/ecg-maya-usd/ecg-mayausd-branch-preflight-2022-python3-osx/build/RelWithDebInfo/plugin/al/schemas/AL/usd/schemas/maya/ModelAPI.h
[2023-03-31T14:07:00.849Z]     	    wrote /local/S/jenkins/workspace/ECP/ecg-maya-usd/ecg-mayausd-branch-preflight-2022-python3-osx/build/RelWithDebInfo/plugin/al/schemas/AL/usd/schemas/maya/ModelAPI.cpp
[2023-03-31T14:07:00.849Z]     	    wrote /local/S/jenkins/workspace/ECP/ecg-maya-usd/ecg-mayausd-branch-preflight-2022-python3-osx/build/RelWithDebInfo/plugin/al/schemas/AL/usd/schemas/maya/wrapModelAPI.cpp
[2023-03-31T14:07:00.849Z]     	    wrote /local/S/jenkins/workspace/ECP/ecg-maya-usd/ecg-mayausd-branch-preflight-2022-python3-osx/build/RelWithDebInfo/plugin/al/schemas/AL/usd/schemas/maya/FrameRange.h
[2023-03-31T14:07:00.849Z]     	    wrote /local/S/jenkins/workspace/ECP/ecg-maya-usd/ecg-mayausd-branch-preflight-2022-python3-osx/build/RelWithDebInfo/plugin/al/schemas/AL/usd/schemas/maya/FrameRange.cpp
[2023-03-31T14:07:00.849Z]     	    wrote /local/S/jenkins/workspace/ECP/ecg-maya-usd/ecg-mayausd-branch-preflight-2022-python3-osx/build/RelWithDebInfo/plugin/al/schemas/AL/usd/schemas/maya/wrapFrameRange.cpp
[2023-03-31T14:07:00.849Z]     Loading Templates from /local/S/jenkins/workspace/shared/Artifactory/OSX/USD/c188d08/lib/usd/usd/resources/codegenTemplates
[2023-03-31T14:07:00.849Z]     	    wrote /local/S/jenkins/workspace/ECP/ecg-maya-usd/ecg-mayausd-branch-preflight-2022-python3-osx/build/RelWithDebInfo/plugin/al/schemas/AL/usd/schemas/maya/plugInfo.json
[2023-03-31T14:07:00.849Z]     Generating Schematics:
[2023-03-31T14:07:00.849Z]     	    wrote /local/S/jenkins/workspace/ECP/ecg-maya-usd/ecg-mayausd-branch-preflight-2022-python3-osx/build/RelWithDebInfo/plugin/al/schemas/AL/usd/schemas/maya/generatedSchema.usda
[2023-03-31T14:07:01.050Z]     #################################################################################################
[2023-03-31T14:07:01.050Z]     #  USD_DISABLE_PRIM_DEFINITIONS_FOR_USDGENSCHEMA is overridden to 'true'.  Default is 'false'.  #
[2023-03-31T14:07:01.050Z]     #################################################################################################
[2023-03-31T14:07:01.268Z]     Processing schema classes:
[2023-03-31T14:07:01.268Z]     ALExamplePolyCubeNode
[2023-03-31T14:07:01.268Z]     Loading Templates from /local/S/jenkins/workspace/shared/Artifactory/OSX/USD/c188d08/lib/usd/usd/resources/codegenTemplates
[2023-03-31T14:07:01.268Z]     Writing API:
[2023-03-31T14:07:01.268Z]     	    wrote /local/S/jenkins/workspace/ECP/ecg-maya-usd/ecg-mayausd-branch-preflight-2022-python3-osx/build/RelWithDebInfo/plugin/al/schemas/AL/usd/schemas/mayatest/api.h
[2023-03-31T14:07:01.268Z]     Writing Schema Tokens:
[2023-03-31T14:07:01.268Z]     	    wrote /local/S/jenkins/workspace/ECP/ecg-maya-usd/ecg-mayausd-branch-preflight-2022-python3-osx/build/RelWithDebInfo/plugin/al/schemas/AL/usd/schemas/mayatest/tokens.h
[2023-03-31T14:07:01.268Z]     	    wrote /local/S/jenkins/workspace/ECP/ecg-maya-usd/ecg-mayausd-branch-preflight-2022-python3-osx/build/RelWithDebInfo/plugin/al/schemas/AL/usd/schemas/mayatest/tokens.cpp
[2023-03-31T14:07:01.268Z]     	    wrote /local/S/jenkins/workspace/ECP/ecg-maya-usd/ecg-mayausd-branch-preflight-2022-python3-osx/build/RelWithDebInfo/plugin/al/schemas/AL/usd/schemas/mayatest/wrapTokens.cpp
[2023-03-31T14:07:01.268Z]     Generating Classes:
[2023-03-31T14:07:01.268Z]     	    wrote /local/S/jenkins/workspace/ECP/ecg-maya-usd/ecg-mayausd-branch-preflight-2022-python3-osx/build/RelWithDebInfo/plugin/al/schemas/AL/usd/schemas/mayatest/ExamplePolyCubeNode.h
[2023-03-31T14:07:01.268Z]     	    wrote /local/S/jenkins/workspace/ECP/ecg-maya-usd/ecg-mayausd-branch-preflight-2022-python3-osx/build/RelWithDebInfo/plugin/al/schemas/AL/usd/schemas/mayatest/ExamplePolyCubeNode.cpp
[2023-03-31T14:07:01.268Z]     	    wrote /local/S/jenkins/workspace/ECP/ecg-maya-usd/ecg-mayausd-branch-preflight-2022-python3-osx/build/RelWithDebInfo/plugin/al/schemas/AL/usd/schemas/mayatest/wrapExamplePolyCubeNode.cpp
[2023-03-31T14:07:01.268Z]     Loading Templates from /local/S/jenkins/workspace/shared/Artifactory/OSX/USD/c188d08/lib/usd/usd/resources/codegenTemplates
[2023-03-31T14:07:01.268Z]     	    wrote /local/S/jenkins/workspace/ECP/ecg-maya-usd/ecg-mayausd-branch-preflight-2022-python3-osx/build/RelWithDebInfo/plugin/al/schemas/AL/usd/schemas/mayatest/plugInfo.json
[2023-03-31T14:07:01.268Z]     Generating Schematics:
[2023-03-31T14:07:01.268Z]     	    wrote /local/S/jenkins/workspace/ECP/ecg-maya-usd/ecg-mayausd-branch-preflight-2022-python3-osx/build/RelWithDebInfo/plugin/al/schemas/AL/usd/schemas/mayatest/generatedSchema.usda
[2023-03-31T14:07:01.268Z]     -- Building AL_USDMayaTranslators
[2023-03-31T14:07:01.268Z]     ========== ADSK USD Plugin ==========
[2023-03-31T14:07:01.268Z]     -- Configuring done
[2023-03-31T14:07:03.383Z]     -- Generating done
[2023-03-31T14:07:03.383Z]     -- Build files have been written to: /local/S/jenkins/workspace/ECP/ecg-maya-usd/ecg-mayausd-branch-preflight-2022-python3-osx/build/RelWithDebInfo
[2023-03-31T14:07:03.493Z]     
[2023-03-31T14:07:03.493Z]         Building with settings:
[2023-03-31T14:07:03.493Z]           Source directory          /local/S/jenkins/workspace/ECP/ecg-maya-usd/ecg-mayausd-branch-preflight-2022-python3-osx/ecg-maya-usd/maya-usd
[2023-03-31T14:07:03.493Z]           Workspace directory       /local/S/jenkins/workspace/ECP/ecg-maya-usd/ecg-mayausd-branch-preflight-2022-python3-osx
[2023-03-31T14:07:03.493Z]           Build directory           /local/S/jenkins/workspace/ECP/ecg-maya-usd/ecg-mayausd-branch-preflight-2022-python3-osx/build/RelWithDebInfo
[2023-03-31T14:07:03.493Z]           Install directory         /local/S/jenkins/workspace/ECP/ecg-maya-usd/ecg-mayausd-branch-preflight-2022-python3-osx/install/RelWithDebInfo/MayaUSD
[2023-03-31T14:07:03.493Z]           Variant                   RelWithDebInfo
[2023-03-31T14:07:03.493Z]           Python Debug              Off
[2023-03-31T14:07:03.493Z]           CMake generator           Ninja
[2023-03-31T14:07:03.493Z]           Build arguments           ['-DCMAKE_MAKE_PROGRAM=/local/S/jenkins/workspace/shared/Artifactory/OSX/ninja/1.9.0/41005eb/ninja', '-DPYTHON_INCLUDE_DIR=/local/S/jenkins/workspace/shared/Artifactory/OSX/rundev-2022/202303271415/runtime/14b7a14/runTime/Maya.app/Contents/Frameworks/Python.framework/Versions/Current/include/python3.7m', '-DPython_EXECUTABLE=/local/S/jenkins/workspace/shared/Artifactory/OSX/rundev-2022/202303271415/runtime/14b7a14/runTime/Maya.app/Contents/bin/mayapy', '-DPYTHON_LIBRARIES=/local/S/jenkins/workspace/shared/Artifactory/OSX/rundev-2022/202303271415/runtime/14b7a14/runTime/Maya.app/Contents/Frameworks/Python.framework/Versions/Current/lib/libpython3.7m.dylib', '-DBUILD_WITH_PYTHON_3=ON', '-DUSD_LIB_PREFIX=lib', '-DCMAKE_WANT_MATERIALX_BUILD=ON', '-DCMAKE_PREFIX_PATH=/local/S/jenkins/workspace/shared/Artifactory/OSX/USD/c188d08']
[2023-03-31T14:07:03.493Z]           Stages arguments          ['configure']
[2023-03-31T14:07:03.493Z]           CTest arguments           ['-E testUsdReferenceAssemblySelection|testUsdMayaAppDir', '-LE interactive', '--parallel 4']
[2023-03-31T14:07:03.493Z]     Success MayaUSD build and install !!!!
[2023-03-31T14:07:03.493Z]     Elapsed time: 00:00:18
[Pipeline] }
[Pipeline] // withEnv
[Pipeline] }
[Pipeline] // timeout
[Pipeline] }
[Pipeline] // stage
[Pipeline] }
[Pipeline] // timestamps
[Pipeline] timestamps
[Pipeline] {
[Pipeline] stage
[Pipeline] { (Build)
[Pipeline] timeout
[2023-03-31T14:07:03.709Z] Timeout set to expire in 6 hr 0 min
[Pipeline] {
[Pipeline] withEnv
[Pipeline] {
[Pipeline] sh
[2023-03-31T14:07:05.023Z] + python ecg-maya-usd/build.py --stages=build --workspace-dir=/local/S/jenkins/workspace/ECP/ecg-maya-usd/ecg-mayausd-branch-preflight-2022-python3-osx --artifactory-dir=/local/S/jenkins/workspace/shared/Artifactory --build-dir=/local/S/jenkins/workspace/ECP/ecg-maya-usd/ecg-mayausd-branch-preflight-2022-python3-osx/build --install-dir=/local/S/jenkins/workspace/ECP/ecg-maya-usd/ecg-mayausd-branch-preflight-2022-python3-osx/install --signing-dir=/local/S/jenkins/workspace/ECP/ecg-maya-usd/ecg-mayausd-branch-preflight-2022-python3-osx/signing --package-dir=/local/S/jenkins/workspace/ECP/ecg-maya-usd/ecg-mayausd-branch-preflight-2022-python3-osx/package --output-dir=/local/S/jenkins/workspace/ECP/ecg-maya-usd/ecg-mayausd-branch-preflight-2022-python3-osx/output --stash-dir=/local/S/jenkins/workspace/ECP/ecg-maya-usd/ecg-mayausd-branch-preflight-2022-python3-osx/stash --jenkins-build=816 --git-commit=187ad5f540de68c261aa637ad6e8835c0ebabe94 --git-branch=master --variants=RelWithDebInfo --python=3.7 --post-zips=false --build-retry=3 --maya-cut-config=maya-rundev-2022.yaml --maya-package=rundev-2022 --stage-banner
[2023-03-31T14:07:05.442Z] No catalog entry registered for tbb-4.4u5-ub2.
[2023-03-31T14:07:05.442Z] Using Maya cut from /local/S/jenkins/workspace/shared/Artifactory/OSX/rundev-2022/202303271415/runtime/14b7a14
[2023-03-31T14:07:05.442Z] Using Maya ADSK Signatures from /local/S/jenkins/workspace/shared/Artifactory/OSX/adsk-plugin-signatures-maya/2023/3ae1ae7
[2023-03-31T14:07:05.442Z] Using Maya Security Library from /local/S/jenkins/workspace/shared/Artifactory/OSX/maya-security-library/3.1.0/5f2130f
[2023-03-31T14:07:05.552Z] 
[2023-03-31T14:07:05.552Z] ================================================================================
[2023-03-31T14:07:05.552Z]                              build (RelWithDebInfo)
[2023-03-31T14:07:05.552Z] ================================================================================
[2023-03-31T14:07:05.552Z] Maya Python RelWithDebInfo Info:
[2023-03-31T14:07:05.552Z]   mayapy executable   = /local/S/jenkins/workspace/shared/Artifactory/OSX/rundev-2022/202303271415/runtime/14b7a14/runTime/Maya.app/Contents/bin/mayapy
[2023-03-31T14:07:05.552Z]   Include Folder      = /local/S/jenkins/workspace/shared/Artifactory/OSX/rundev-2022/202303271415/runtime/14b7a14/runTime/Maya.app/Contents/Frameworks/Python.framework/Versions/Current/include/python3.7m
[2023-03-31T14:07:05.552Z]   Library             = /local/S/jenkins/workspace/shared/Artifactory/OSX/rundev-2022/202303271415/runtime/14b7a14/runTime/Maya.app/Contents/Frameworks/Python.framework/Versions/Current/lib/libpython3.7m.dylib
[2023-03-31T14:07:05.552Z]   site-package Folder = /local/S/jenkins/workspace/shared/Artifactory/OSX/rundev-2022/202303271415/runtime/14b7a14/runTime/Maya.app/Contents/Frameworks/Python.framework/Versions/Current/lib/python3.7/site-packages
[2023-03-31T14:07:05.878Z] In workdir: /local/S/jenkins/workspace/ECP/ecg-maya-usd/ecg-mayausd-branch-preflight-2022-python3-osx/ecg-maya-usd/maya-usd
[2023-03-31T14:07:05.878Z] Executing: /local/S/jenkins/workspace/shared/Artifactory/OSX/rundev-2022/202303271415/runtime/14b7a14/runTime/Maya.app/Contents/bin/mayapy /local/S/jenkins/workspace/ECP/ecg-maya-usd/ecg-mayausd-branch-preflight-2022-python3-osx/ecg-maya-usd/maya-usd/build.py --generator Ninja --build-relwithdebug --maya-location /local/S/jenkins/workspace/shared/Artifactory/OSX/rundev-2022/202303271415/runtime/14b7a14/runTime --devkit-location /local/S/jenkins/workspace/shared/Artifactory/OSX/rundev-2022/202303271415/runtime/14b7a14/devkitBase --pxrusd-location /local/S/jenkins/workspace/shared/Artifactory/OSX/USD/c188d08 --qt-location /local/S/jenkins/workspace/shared/Artifactory/OSX/qt/5.15.2/29061b6 --build-args=-DCMAKE_MAKE_PROGRAM=/local/S/jenkins/workspace/shared/Artifactory/OSX/ninja/1.9.0/41005eb/ninja,-DPYTHON_INCLUDE_DIR=/local/S/jenkins/workspace/shared/Artifactory/OSX/rundev-2022/202303271415/runtime/14b7a14/runTime/Maya.app/Contents/Frameworks/Python.framework/Versions/Current/include/python3.7m,-DPython_EXECUTABLE=/local/S/jenkins/workspace/shared/Artifactory/OSX/rundev-2022/202303271415/runtime/14b7a14/runTime/Maya.app/Contents/bin/mayapy,-DPYTHON_LIBRARIES=/local/S/jenkins/workspace/shared/Artifactory/OSX/rundev-2022/202303271415/runtime/14b7a14/runTime/Maya.app/Contents/Frameworks/Python.framework/Versions/Current/lib/libpython3.7m.dylib,-DBUILD_WITH_PYTHON_3=ON,-DUSD_LIB_PREFIX=lib,-DCMAKE_WANT_MATERIALX_BUILD=ON,-DCMAKE_PREFIX_PATH=/local/S/jenkins/workspace/shared/Artifactory/OSX/USD/c188d08 '--ctest-args=-E testUsdReferenceAssemblySelection|testUsdMayaAppDir,-LE interactive,--parallel 4' --stages=build --redirect-outstream-file=False --install-location /local/S/jenkins/workspace/ECP/ecg-maya-usd/ecg-mayausd-branch-preflight-2022-python3-osx/install/RelWithDebInfo/MayaUSD /local/S/jenkins/workspace/ECP/ecg-maya-usd/ecg-mayausd-branch-preflight-2022-python3-osx
[2023-03-31T14:07:05.878Z] Modified environment variables:
[2023-03-31T14:07:05.878Z]     PATH=/local/S/jenkins/workspace/shared/Artifactory/OSX/cmake/3.20.3/2594509/bin:/usr/local/bin:/bin:/usr/sbin:/sbin:/usr/bin
[2023-03-31T14:07:06.503Z]     [1/667] Building CXX object test/lib/usd/plugin/CMakeFiles/usdTestApiWriter.dir/plugin.cpp.o
[2023-03-31T14:07:06.922Z]     [2/667] Building CXX object test/lib/usd/plugin/CMakeFiles/usdTestInfoImportChaser.dir/plugin.cpp.o
[2023-03-31T14:07:10.778Z]     [3/667] Building CXX object test/lib/usd/plugin/CMakeFiles/usdTestUsdPlugin.dir/mayaShaderTranslation.cpp.o
[2023-03-31T14:07:11.096Z]     [4/667] Building CXX object test/lib/usd/plugin/CMakeFiles/usdTestApiWriter.dir/nullApiExporter.cpp.o
[2023-03-31T14:07:11.314Z]     [5/667] Building CXX object test/lib/usd/plugin/CMakeFiles/usdTestInfoImportChaser.dir/infoImportChaser.cpp.o
[2023-03-31T14:07:11.628Z]     [6/667] Building CXX object test/lib/usd/plugin/CMakeFiles/usdTestMayaPlugin.dir/plugin.cpp.o
[2023-03-31T14:07:11.843Z]     [7/667] Building CXX object test/lib/usd/plugin/CMakeFiles/usdTestApiWriter.dir/bulletAdaptor.cpp.o
[2023-03-31T14:07:12.062Z]     [8/667] Building CXX object test/lib/usd/utils/CMakeFiles/testMergePrims.dir/main.cpp.o
[2023-03-31T14:07:12.494Z]     [9/667] Building CXX object test/lib/usd/utils/CMakeFiles/testDiffComputeOverall.dir/main.cpp.o
[2023-03-31T14:07:13.112Z]     [10/667] Building CXX object test/lib/usd/utils/CMakeFiles/testDiffPrims.dir/main.cpp.o
[2023-03-31T14:07:16.668Z]     [11/667] Building CXX object test/lib/usd/plugin/CMakeFiles/usdTestMayaPlugin.dir/mayaShaderTranslation.cpp.o
[2023-03-31T14:07:16.986Z]     [12/667] Building CXX object test/lib/usd/utils/CMakeFiles/testDiffComputeOverall.dir/test_DiffComputeOverall.cpp.o
[2023-03-31T14:07:17.801Z]     [13/667] Building CXX object test/lib/usd/utils/CMakeFiles/testDiffPrims.dir/test_DiffPrimsAttributes.cpp.o
[2023-03-31T14:07:17.801Z]     [14/667] Building CXX object test/lib/usd/utils/CMakeFiles/testMergePrims.dir/test_MergePrims.cpp.o
[2023-03-31T14:07:18.535Z]     [15/667] Building CXX object test/lib/usd/utils/CMakeFiles/testDiffDictionaries.dir/main.cpp.o
[2023-03-31T14:07:21.561Z]     [16/667] Building CXX object test/lib/usd/utils/CMakeFiles/testDiffPrims.dir/test_DiffPrimsRelations.cpp.o
[2023-03-31T14:07:21.663Z]     [17/667] Building CXX object test/lib/usd/utils/CMakeFiles/testDiffPrims.dir/test_DiffPrimsChildren.cpp.o
[2023-03-31T14:07:22.725Z]     [18/667] Building CXX object test/lib/usd/utils/CMakeFiles/testDiffLists.dir/main.cpp.o
[2023-03-31T14:07:22.835Z]     [19/667] Building CXX object test/lib/usd/utils/CMakeFiles/testDiffPrims.dir/test_DiffPrims.cpp.o
[2023-03-31T14:07:23.357Z]     [20/667] Building CXX object test/lib/usd/utils/CMakeFiles/testDiffDictionaries.dir/test_DiffDictionaries.cpp.o
[2023-03-31T14:07:23.468Z]     [21/667] Building CXX object test/lib/usd/utils/CMakeFiles/testDiffAttributes.dir/main.cpp.o
[2023-03-31T14:07:23.999Z]     [22/667] Building CXX object test/lib/usd/utils/CMakeFiles/testDiffCore.dir/main.cpp.o
[2023-03-31T14:07:24.723Z]     [23/667] Building CXX object test/lib/usd/utils/CMakeFiles/testDiffMetadatas.dir/main.cpp.o
[2023-03-31T14:07:25.445Z]     [24/667] Building CXX object test/lib/usd/utils/CMakeFiles/testDiffCore.dir/test_DiffCore.cpp.o
[2023-03-31T14:07:26.175Z]     [25/667] Building CXX object test/lib/usd/utils/CMakeFiles/testDiffValues.dir/main.cpp.o
[2023-03-31T14:07:27.937Z]     [26/667] Building CXX object test/lib/usd/utils/CMakeFiles/testDiffAttributes.dir/test_DiffAttributes.cpp.o
[2023-03-31T14:07:28.572Z]     [27/667] Building CXX object test/lib/usd/utils/CMakeFiles/testDiffLists.dir/test_DiffLists.cpp.o
[2023-03-31T14:07:29.605Z]     [28/667] Building CXX object test/lib/usd/utils/CMakeFiles/testDiffMetadatas.dir/test_DiffMetadatas.cpp.o
[2023-03-31T14:07:31.292Z]     [29/667] Building CXX object test/lib/usd/utils/CMakeFiles/testDiffValues.dir/test_DiffValues.cpp.o
[2023-03-31T14:07:34.450Z]     [30/667] Building CXX object test/lib/usd/utils/CMakeFiles/testDiffValues.dir/test_DiffValuesGeneric.cpp.o
[2023-03-31T14:07:34.664Z]     [31/667] Building CXX object test/lib/usd/utils/CMakeFiles/testDiffValues.dir/test_DiffValuesMatrices.cpp.o
[2023-03-31T14:07:35.183Z]     [32/667] Building CXX object test/lib/usd/utils/CMakeFiles/testDiffValues.dir/test_DiffValuesArrays.cpp.o
[2023-03-31T14:07:37.168Z]     [33/667] Building CXX object test/lib/usd/utils/CMakeFiles/testDiffValues.dir/test_DiffValuesQuaternions.cpp.o
[2023-03-31T14:07:41.944Z]     [34/667] Building CXX object test/lib/usd/utils/CMakeFiles/testDiffValues.dir/test_DiffValuesDoubleVecs.cpp.o
[2023-03-31T14:07:42.146Z]     [35/667] Building CXX object test/lib/usd/utils/CMakeFiles/testDiffValues.dir/test_DiffValuesFloatVecs.cpp.o
[2023-03-31T14:07:42.355Z]     [36/667] Building CXX object test/lib/usd/utils/CMakeFiles/testDiffValues.dir/test_DiffValuesIntVecs.cpp.o
[2023-03-31T14:07:42.566Z]     [37/667] Building CXX object test/lib/usd/utils/CMakeFiles/testDiffRelationships.dir/main.cpp.o
[2023-03-31T14:07:42.882Z]     [38/667] Building CXX object test/lib/usd/utils/CMakeFiles/testDiffValues.dir/test_DiffValuesHalfVecs.cpp.o
[2023-03-31T14:07:42.882Z]     [39/667] Building CXX object lib/mayaUsd/CMakeFiles/mayaUsd.dir/base/debugCodes.cpp.o
[2023-03-31T14:07:43.511Z]     [40/667] Building CXX object lib/mayaUsd/CMakeFiles/mayaUsd.dir/base/tokens.cpp.o
[2023-03-31T14:07:47.086Z]     [41/667] Building CXX object test/lib/usd/utils/CMakeFiles/testDiffRelationships.dir/test_DiffRelationships.cpp.o
[2023-03-31T14:07:47.613Z]     [42/667] Building CXX object lib/mayaUsd/CMakeFiles/mayaUsd.dir/commands/baseListJobContextsCommand.cpp.o
[2023-03-31T14:07:47.722Z]     [43/667] Building CXX object lib/mayaUsd/CMakeFiles/mayaUsd.dir/commands/baseImportCommand.cpp.o
[2023-03-31T14:07:48.344Z]     [44/667] Building CXX object lib/mayaUsd/CMakeFiles/mayaUsd.dir/commands/baseExportCommand.cpp.o
[2023-03-31T14:07:48.969Z]     [45/667] Building CXX object lib/mayaUsd/CMakeFiles/mayaUsd.dir/commands/layerEditorWindowCommand.cpp.o
[2023-03-31T14:07:51.681Z]     [46/667] Building CXX object lib/mayaUsd/CMakeFiles/mayaUsd.dir/commands/editTargetCommand.cpp.o
[2023-03-31T14:07:52.005Z]     [47/667] Building CXX object lib/mayaUsd/CMakeFiles/mayaUsd.dir/commands/baseListShadingModesCommand.cpp.o
[2023-03-31T14:07:53.157Z]     [48/667] Building CXX object lib/mayaUsd/CMakeFiles/mayaUsd.dir/fileio/fallbackPrimReader.cpp.o
[2023-03-31T14:07:55.240Z]     [49/667] Building CXX object lib/mayaUsd/CMakeFiles/mayaUsd.dir/commands/layerEditorCommand.cpp.o
[2023-03-31T14:07:55.863Z]     [50/667] Building CXX object lib/mayaUsd/CMakeFiles/mayaUsd.dir/fileio/functorPrimReader.cpp.o
[2023-03-31T14:07:56.693Z]     [51/667] Building CXX object lib/mayaUsd/CMakeFiles/mayaUsd.dir/fileio/functorPrimWriter.cpp.o
[2023-03-31T14:07:57.330Z]     [52/667] Building CXX object lib/mayaUsd/CMakeFiles/mayaUsd.dir/fileio/importData.cpp.o
[2023-03-31T14:07:58.490Z]     [53/667] Building CXX object lib/mayaUsd/CMakeFiles/mayaUsd.dir/fileio/jobContextRegistry.cpp.o
[2023-03-31T14:07:59.951Z]     [54/667] Building CXX object lib/mayaUsd/CMakeFiles/mayaUsd.dir/fileio/instancedNodeWriter.cpp.o
[2023-03-31T14:08:00.781Z]     [55/667] Building CXX object lib/mayaUsd/CMakeFiles/mayaUsd.dir/fileio/primReader.cpp.o
[2023-03-31T14:08:01.406Z]     [56/667] Building CXX object lib/mayaUsd/CMakeFiles/mayaUsd.dir/fileio/primReaderArgs.cpp.o
[2023-03-31T14:08:02.328Z]     [57/667] Building CXX object lib/mayaUsd/CMakeFiles/mayaUsd.dir/fileio/primReaderContext.cpp.o
[2023-03-31T14:08:04.618Z]     [58/667] Building CXX object lib/mayaUsd/CMakeFiles/mayaUsd.dir/fileio/primReaderRegistry.cpp.o
[2023-03-31T14:08:05.244Z]     [59/667] Building CXX object lib/mayaUsd/CMakeFiles/mayaUsd.dir/fileio/primWriterArgs.cpp.o
[2023-03-31T14:08:05.669Z]     [60/667] Building CXX object lib/mayaUsd/CMakeFiles/mayaUsd.dir/fileio/primWriterContext.cpp.o
[2023-03-31T14:08:06.708Z]     [61/667] Building CXX object lib/mayaUsd/CMakeFiles/mayaUsd.dir/fileio/primWriter.cpp.o
[2023-03-31T14:08:09.105Z]     [62/667] Building CXX object lib/mayaUsd/CMakeFiles/mayaUsd.dir/fileio/registryHelper.cpp.o
[2023-03-31T14:08:09.423Z]     [63/667] Building CXX object lib/mayaUsd/CMakeFiles/mayaUsd.dir/fileio/primWriterRegistry.cpp.o
[2023-03-31T14:08:09.947Z]     [64/667] Building CXX object lib/mayaUsd/CMakeFiles/mayaUsd.dir/fileio/schemaApiAdaptor.cpp.o
[2023-03-31T14:08:12.665Z]     [65/667] Building CXX object lib/mayaUsd/CMakeFiles/mayaUsd.dir/fileio/schemaApiAdaptorRegistry.cpp.o
[2023-03-31T14:08:13.399Z]     [66/667] Building CXX object lib/mayaUsd/CMakeFiles/mayaUsd.dir/fileio/shaderReader.cpp.o
[2023-03-31T14:08:13.924Z]     [67/667] Building CXX object lib/mayaUsd/CMakeFiles/mayaUsd.dir/fileio/shaderWriter.cpp.o
[2023-03-31T14:08:14.140Z]     [68/667] Building CXX object lib/mayaUsd/CMakeFiles/mayaUsd.dir/fileio/shaderReaderRegistry.cpp.o
[2023-03-31T14:08:14.753Z]     [69/667] Building CXX object lib/mayaUsd/CMakeFiles/mayaUsd.dir/fileio/chaser/exportChaser.cpp.o
[2023-03-31T14:08:18.733Z]     [70/667] Building CXX object lib/mayaUsd/CMakeFiles/mayaUsd.dir/fileio/shaderWriterRegistry.cpp.o
[2023-03-31T14:08:19.262Z]     [71/667] Building CXX object lib/mayaUsd/CMakeFiles/mayaUsd.dir/fileio/chaser/exportChaserRegistry.cpp.o
[2023-03-31T14:08:19.474Z]     [72/667] Building CXX object lib/mayaUsd/CMakeFiles/mayaUsd.dir/fileio/transformWriter.cpp.o
[2023-03-31T14:08:20.940Z]     [73/667] Building CXX object lib/mayaUsd/CMakeFiles/mayaUsd.dir/fileio/writeJobContext.cpp.o
[2023-03-31T14:08:23.976Z]     [74/667] Building CXX object lib/mayaUsd/CMakeFiles/mayaUsd.dir/fileio/chaser/importChaserRegistry.cpp.o
[2023-03-31T14:08:24.077Z]     [75/667] Building CXX object lib/mayaUsd/CMakeFiles/mayaUsd.dir/fileio/chaser/importChaser.cpp.o
[2023-03-31T14:08:25.429Z]     [76/667] Building CXX object lib/mayaUsd/CMakeFiles/mayaUsd.dir/fileio/jobs/meshDataReadJob.cpp.o
[2023-03-31T14:08:29.929Z]     [77/667] Building CXX object lib/mayaUsd/CMakeFiles/mayaUsd.dir/fileio/jobs/modelKindProcessor.cpp.o
[2023-03-31T14:08:31.089Z]     [78/667] Building CXX object lib/mayaUsd/CMakeFiles/mayaUsd.dir/fileio/jobs/jobArgs.cpp.o
[2023-03-31T14:08:31.521Z]     [79/667] Building CXX object lib/mayaUsd/CMakeFiles/mayaUsd.dir/fileio/jobs/readJob.cpp.o
[2023-03-31T14:08:32.555Z]     [80/667] Building CXX object lib/mayaUsd/CMakeFiles/mayaUsd.dir/fileio/jobs/writeJob.cpp.o
[2023-03-31T14:08:35.569Z]     [81/667] Building CXX object lib/mayaUsd/CMakeFiles/mayaUsd.dir/fileio/shading/shadingModeDisplayColor.cpp.o
[2023-03-31T14:08:36.207Z]     [82/667] Building CXX object lib/mayaUsd/CMakeFiles/mayaUsd.dir/fileio/shading/shadingModeExporter.cpp.o
[2023-03-31T14:08:37.149Z]     [83/667] Building CXX object lib/mayaUsd/CMakeFiles/mayaUsd.dir/fileio/shading/shadingModeImporter.cpp.o
[2023-03-31T14:08:41.097Z]     [84/667] Building CXX object lib/mayaUsd/CMakeFiles/mayaUsd.dir/fileio/shading/shadingModeExporterContext.cpp.o
[2023-03-31T14:08:42.024Z]     [85/667] Building CXX object lib/mayaUsd/CMakeFiles/mayaUsd.dir/fileio/shading/shadingModeRegistry.cpp.o
[2023-03-31T14:08:43.393Z]     [86/667] Building CXX object lib/mayaUsd/CMakeFiles/mayaUsd.dir/fileio/shading/shadingModeUseRegistry.cpp.o
[2023-03-31T14:08:44.655Z]     [87/667] Building CXX object lib/mayaUsd/CMakeFiles/mayaUsd.dir/fileio/shading/shadingModePxrRis.cpp.o
[2023-03-31T14:08:46.009Z]     [88/667] Building CXX object lib/mayaUsd/CMakeFiles/mayaUsd.dir/fileio/shading/symmetricShaderReader.cpp.o
[2023-03-31T14:08:47.349Z]     [89/667] Building CXX object lib/mayaUsd/CMakeFiles/mayaUsd.dir/fileio/shading/symmetricShaderWriter.cpp.o
[2023-03-31T14:08:48.096Z]     [90/667] Building CXX object lib/mayaUsd/CMakeFiles/mayaUsd.dir/fileio/translators/skelBindingsProcessor.cpp.o
[2023-03-31T14:08:50.473Z]     [91/667] Building CXX object lib/mayaUsd/CMakeFiles/mayaUsd.dir/fileio/translators/translatorCamera.cpp.o
[2023-03-31T14:08:51.196Z]     [92/667] Building CXX object lib/mayaUsd/CMakeFiles/mayaUsd.dir/fileio/translators/translatorCurves.cpp.o
[2023-03-31T14:08:51.818Z]     [93/667] Building CXX object lib/mayaUsd/CMakeFiles/mayaUsd.dir/fileio/translators/translatorGprim.cpp.o
[2023-03-31T14:08:53.273Z]     [94/667] Building CXX object lib/mayaUsd/CMakeFiles/mayaUsd.dir/fileio/translators/translatorLight.cpp.o
[2023-03-31T14:08:56.001Z]     [95/667] Building CXX object lib/mayaUsd/CMakeFiles/mayaUsd.dir/fileio/translators/translatorMayaReference.cpp.o
[2023-03-31T14:08:56.928Z]     [96/667] Building CXX object lib/mayaUsd/CMakeFiles/mayaUsd.dir/fileio/translators/translatorMaterial.cpp.o
[2023-03-31T14:08:57.460Z]     [97/667] Building CXX object lib/mayaUsd/CMakeFiles/mayaUsd.dir/fileio/translators/translatorMesh.cpp.o
[2023-03-31T14:08:58.701Z]     [98/667] Building CXX object lib/mayaUsd/CMakeFiles/mayaUsd.dir/fileio/translators/translatorNurbsPatch.cpp.o
[2023-03-31T14:09:00.474Z]     [99/667] Building CXX object lib/mayaUsd/CMakeFiles/mayaUsd.dir/fileio/translators/translatorPrim.cpp.o
[2023-03-31T14:09:01.949Z]     [100/667] Building CXX object lib/mayaUsd/CMakeFiles/mayaUsd.dir/fileio/translators/translatorRfMLight.cpp.o
[2023-03-31T14:09:04.250Z]     [101/667] Building CXX object lib/mayaUsd/CMakeFiles/mayaUsd.dir/fileio/translators/translatorRfMLight_deprecated.cpp.o
[2023-03-31T14:09:04.670Z]     [102/667] Building CXX object lib/mayaUsd/CMakeFiles/mayaUsd.dir/fileio/translators/translatorSkel.cpp.o
[2023-03-31T14:09:06.034Z]     [103/667] Building CXX object lib/mayaUsd/CMakeFiles/mayaUsd.dir/fileio/translators/translatorUtil.cpp.o
[2023-03-31T14:09:07.300Z]     [104/667] Building CXX object lib/mayaUsd/CMakeFiles/mayaUsd.dir/fileio/translators/translatorXformable.cpp.o
[2023-03-31T14:09:09.173Z]     [105/667] Building CXX object lib/mayaUsd/CMakeFiles/mayaUsd.dir/fileio/translators/translatorXformable_decompose.cpp.o
[2023-03-31T14:09:10.927Z]     [106/667] Building CXX object lib/mayaUsd/CMakeFiles/mayaUsd.dir/fileio/utils/adaptor.cpp.o
[2023-03-31T14:09:11.448Z]     [107/667] Building CXX object lib/mayaUsd/CMakeFiles/mayaUsd.dir/fileio/utils/jointWriteUtils.cpp.o
[2023-03-31T14:09:13.506Z]     [108/667] Building CXX object lib/mayaUsd/CMakeFiles/mayaUsd.dir/fileio/utils/meshReadUtils.cpp.o
[2023-03-31T14:09:15.896Z]     [109/667] Building CXX object lib/mayaUsd/CMakeFiles/mayaUsd.dir/fileio/utils/roundTripUtil.cpp.o
[2023-03-31T14:09:16.420Z]     [110/667] Building CXX object lib/mayaUsd/CMakeFiles/mayaUsd.dir/fileio/utils/meshWriteUtils.cpp.o
[2023-03-31T14:09:17.061Z]     [111/667] Building CXX object lib/mayaUsd/CMakeFiles/mayaUsd.dir/fileio/utils/readUtil.cpp.o
[2023-03-31T14:09:17.985Z]     [112/667] Building CXX object lib/mayaUsd/CMakeFiles/mayaUsd.dir/fileio/utils/userTaggedAttribute.cpp.o
[2023-03-31T14:09:19.963Z]     [113/667] Building CXX object lib/mayaUsd/CMakeFiles/mayaUsd.dir/listeners/notice.cpp.o
[2023-03-31T14:09:21.847Z]     [114/667] Building CXX object lib/mayaUsd/CMakeFiles/mayaUsd.dir/fileio/utils/xformStack.cpp.o
[2023-03-31T14:09:24.041Z]     [115/667] Building CXX object lib/mayaUsd/CMakeFiles/mayaUsd.dir/listeners/proxyShapeNotice.cpp.o
[2023-03-31T14:09:24.152Z]     [116/667] Building CXX object lib/mayaUsd/CMakeFiles/mayaUsd.dir/fileio/utils/shadingUtil.cpp.o
[2023-03-31T14:09:25.935Z]     [117/667] Building CXX object lib/mayaUsd/CMakeFiles/mayaUsd.dir/listeners/stageNoticeListener.cpp.o
[2023-03-31T14:09:27.100Z]     [118/667] Building CXX object lib/mayaUsd/CMakeFiles/mayaUsd.dir/fileio/utils/writeUtil.cpp.o
[2023-03-31T14:09:28.561Z]     [119/667] Building CXX object lib/mayaUsd/CMakeFiles/mayaUsd.dir/nodes/hdImagingShape.cpp.o
[2023-03-31T14:09:28.665Z]     [120/667] Building CXX object lib/mayaUsd/CMakeFiles/mayaUsd.dir/nodes/pointBasedDeformerNode.cpp.o
[2023-03-31T14:09:32.712Z]     [121/667] Building CXX object lib/mayaUsd/CMakeFiles/mayaUsd.dir/nodes/proxyShapeStageExtraData.cpp.o
[2023-03-31T14:09:33.029Z]     [122/667] Building CXX object lib/mayaUsd/CMakeFiles/mayaUsd.dir/nodes/proxyAccessor.cpp.o
[2023-03-31T14:09:35.024Z]     [123/667] Building CXX object lib/mayaUsd/CMakeFiles/mayaUsd.dir/nodes/proxyShapePlugin.cpp.o
[2023-03-31T14:09:36.694Z]     [124/667] Building CXX object lib/mayaUsd/CMakeFiles/mayaUsd.dir/nodes/proxyShapeBase.cpp.o
[2023-03-31T14:09:36.803Z]     [125/667] Building CXX object lib/mayaUsd/CMakeFiles/mayaUsd.dir/nodes/stageData.cpp.o
[2023-03-31T14:09:36.803Z]     [126/667] Building CXX object lib/mayaUsd/CMakeFiles/mayaUsd.dir/nodes/proxyShapeUpdateManager.cpp.o
[2023-03-31T14:09:38.713Z]     [127/667] Building CXX object lib/mayaUsd/CMakeFiles/mayaUsd.dir/python/moduleDeps.cpp.o
[2023-03-31T14:09:39.236Z]     [128/667] Building CXX object lib/mayaUsd/CMakeFiles/mayaUsd.dir/render/px_vp20/glslProgram.cpp.o
[2023-03-31T14:09:39.973Z]     [129/667] Building CXX object lib/mayaUsd/CMakeFiles/mayaUsd.dir/nodes/stageNode.cpp.o
[2023-03-31T14:09:40.601Z]     [130/667] Building CXX object lib/mayaUsd/CMakeFiles/mayaUsd.dir/nodes/usdPrimProvider.cpp.o
[2023-03-31T14:09:42.054Z]     [131/667] Building CXX object lib/mayaUsd/CMakeFiles/mayaUsd.dir/render/px_vp20/utils_legacy.cpp.o
[2023-03-31T14:09:42.371Z]     [132/667] Building CXX object lib/mayaUsd/CMakeFiles/mayaUsd.dir/render/px_vp20/utils.cpp.o
[2023-03-31T14:09:42.589Z]     [133/667] Building CXX object lib/mayaUsd/CMakeFiles/mayaUsd.dir/render/pxrUsdMayaGL/debugCodes.cpp.o
[2023-03-31T14:09:45.014Z]     [134/667] Building CXX object lib/mayaUsd/CMakeFiles/mayaUsd.dir/nodes/layerManager.cpp.o
[2023-03-31T14:09:50.386Z]     [135/667] Building CXX object lib/mayaUsd/CMakeFiles/mayaUsd.dir/render/pxrUsdMayaGL/hdImagingShapeDrawOverride.cpp.o
[2023-03-31T14:09:50.386Z]     [136/667] Building CXX object lib/mayaUsd/CMakeFiles/mayaUsd.dir/render/pxrUsdMayaGL/batchRenderer.cpp.o
[2023-03-31T14:09:50.497Z]     [137/667] Building CXX object lib/mayaUsd/CMakeFiles/mayaUsd.dir/render/pxrUsdMayaGL/hdImagingShapeUI.cpp.o
[2023-03-31T14:09:52.577Z]     [138/667] Building CXX object lib/mayaUsd/CMakeFiles/mayaUsd.dir/render/pxrUsdMayaGL/instancerImager.cpp.o
[2023-03-31T14:09:55.977Z]     [139/667] Building CXX object lib/mayaUsd/CMakeFiles/mayaUsd.dir/render/pxrUsdMayaGL/proxyShapeDelegate.cpp.o
[2023-03-31T14:09:57.244Z]     [140/667] Building CXX object lib/mayaUsd/CMakeFiles/mayaUsd.dir/render/pxrUsdMayaGL/proxyDrawOverride.cpp.o
[2023-03-31T14:09:57.763Z]     [141/667] Building CXX object lib/mayaUsd/CMakeFiles/mayaUsd.dir/render/pxrUsdMayaGL/instancerShapeAdapter.cpp.o
[2023-03-31T14:09:58.486Z]     [142/667] Building CXX object lib/mayaUsd/CMakeFiles/mayaUsd.dir/render/pxrUsdMayaGL/softSelectHelper.cpp.o
[2023-03-31T14:09:59.735Z]     [143/667] Building CXX object lib/mayaUsd/CMakeFiles/mayaUsd.dir/render/pxrUsdMayaGL/proxyShapeUI.cpp.o
[2023-03-31T14:10:03.178Z]     [144/667] Building CXX object lib/mayaUsd/CMakeFiles/mayaUsd.dir/render/pxrUsdMayaGL/shapeAdapter.cpp.o
[2023-03-31T14:10:03.590Z]     [145/667] Building CXX object lib/mayaUsd/CMakeFiles/mayaUsd.dir/render/pxrUsdMayaGL/sceneDelegate.cpp.o
[2023-03-31T14:10:03.802Z]     [146/667] Building CXX object lib/mayaUsd/CMakeFiles/mayaUsd.dir/render/pxrUsdMayaGL/userData.cpp.o
[2023-03-31T14:10:04.337Z]     [147/667] Building CXX object lib/mayaUsd/CMakeFiles/mayaUsd.dir/render/vp2RenderDelegate/bboxGeom.cpp.o
[2023-03-31T14:10:04.337Z]     [148/667] Building CXX object lib/mayaUsd/CMakeFiles/mayaUsd.dir/render/vp2RenderDelegate/debugCodes.cpp.o
[2023-03-31T14:10:06.129Z]     [149/667] Building CXX object lib/mayaUsd/CMakeFiles/mayaUsd.dir/render/pxrUsdMayaGL/usdProxyShapeAdapter.cpp.o
[2023-03-31T14:10:07.889Z]     [150/667] Building CXX object lib/mayaUsd/CMakeFiles/mayaUsd.dir/render/vp2RenderDelegate/draw_item.cpp.o
[2023-03-31T14:10:08.107Z]     [151/667] Building CXX object lib/mayaUsd/CMakeFiles/mayaUsd.dir/render/vp2RenderDelegate/instancer.cpp.o
[2023-03-31T14:10:09.358Z]     [152/667] Building CXX object lib/mayaUsd/CMakeFiles/mayaUsd.dir/render/vp2RenderDelegate/extComputation.cpp.o
[2023-03-31T14:10:10.095Z]     [153/667] Building CXX object lib/mayaUsd/CMakeFiles/mayaUsd.dir/render/vp2RenderDelegate/basisCurves.cpp.o
[2023-03-31T14:10:10.199Z]     [154/667] Building CXX object lib/mayaUsd/CMakeFiles/mayaUsd.dir/render/vp2RenderDelegate/meshViewportCompute.cpp.o
[2023-03-31T14:10:17.606Z]     [155/667] Building CXX object lib/mayaUsd/CMakeFiles/mayaUsd.dir/render/vp2RenderDelegate/mayaPrimCommon.cpp.o
[2023-03-31T14:10:19.811Z]     [156/667] Building CXX object lib/mayaUsd/CMakeFiles/mayaUsd.dir/render/vp2RenderDelegate/points.cpp.o
[2023-03-31T14:10:20.956Z]     [157/667] Building CXX object lib/mayaUsd/CMakeFiles/mayaUsd.dir/render/vp2RenderDelegate/mesh.cpp.o
[2023-03-31T14:10:23.784Z]     [158/667] Building CXX object lib/mayaUsd/CMakeFiles/mayaUsd.dir/render/vp2RenderDelegate/render_param.cpp.o
[2023-03-31T14:10:25.674Z]     [159/667] Building CXX object lib/mayaUsd/CMakeFiles/mayaUsd.dir/render/vp2RenderDelegate/sampler.cpp.o
[2023-03-31T14:10:26.521Z]     [160/667] Building CXX object lib/mayaUsd/CMakeFiles/mayaUsd.dir/render/vp2RenderDelegate/shader.cpp.o
[2023-03-31T14:10:27.052Z]     [161/667] Building CXX object lib/mayaUsd/CMakeFiles/mayaUsd.dir/render/vp2RenderDelegate/tokens.cpp.o
[2023-03-31T14:10:27.256Z]     [162/667] Building CXX object lib/mayaUsd/CMakeFiles/mayaUsd.dir/render/vp2RenderDelegate/render_delegate.cpp.o
[2023-03-31T14:10:27.256Z]     [163/667] Building CXX object lib/mayaUsd/CMakeFiles/mayaUsd.dir/render/vp2RenderDelegate/material.cpp.o
[2023-03-31T14:10:27.999Z]     [164/667] Building CXX object lib/mayaUsd/CMakeFiles/mayaUsd.dir/render/vp2RenderDelegate/proxyRenderDelegate.cpp.o
[2023-03-31T14:10:31.840Z]     [165/667] Building CXX object lib/mayaUsd/CMakeFiles/mayaUsd.dir/render/MaterialXGenOgsXml/OgsFragment.cpp.o
[2023-03-31T14:10:31.943Z]     [166/667] Building CXX object lib/mayaUsd/CMakeFiles/mayaUsd.dir/render/vp2ShaderFragments/shaderFragments.cpp.o
[2023-03-31T14:10:32.055Z]     [167/667] Building CXX object lib/mayaUsd/CMakeFiles/mayaUsd.dir/render/MaterialXGenOgsXml/OgsXmlGenerator.cpp.o
[2023-03-31T14:10:33.319Z]     [168/667] Building CXX object lib/mayaUsd/CMakeFiles/mayaUsd.dir/render/MaterialXGenOgsXml/GlslFragmentGenerator.cpp.o
[2023-03-31T14:10:34.971Z]     [169/667] Building CXX object lib/mayaUsd/CMakeFiles/mayaUsd.dir/render/MaterialXGenOgsXml/Nodes/SurfaceNodeMaya.cpp.o
[2023-03-31T14:10:35.914Z]     [170/667] Building CXX object lib/mayaUsd/CMakeFiles/mayaUsd.dir/render/MaterialXGenOgsXml/PugiXML/pugixml.cpp.o
[2023-03-31T14:10:38.432Z]     [171/667] Building CXX object lib/mayaUsd/CMakeFiles/mayaUsd.dir/ufe/Global.cpp.o
[2023-03-31T14:10:39.058Z]     [172/667] Building CXX object lib/mayaUsd/CMakeFiles/mayaUsd.dir/ufe/ProxyShapeHandler.cpp.o
[2023-03-31T14:10:40.007Z]     [173/667] Building CXX object lib/mayaUsd/CMakeFiles/mayaUsd.dir/ufe/ProxyShapeHierarchy.cpp.o
[2023-03-31T14:10:41.897Z]     [174/667] Building CXX object lib/mayaUsd/CMakeFiles/mayaUsd.dir/ufe/ProxyShapeHierarchyHandler.cpp.o
[2023-03-31T14:10:44.725Z]     [175/667] Building CXX object lib/mayaUsd/CMakeFiles/mayaUsd.dir/ufe/SetVariantSelectionCommand.cpp.o
[2023-03-31T14:10:46.310Z]     [176/667] Building CXX object lib/mayaUsd/CMakeFiles/mayaUsd.dir/ufe/UsdHierarchyHandler.cpp.o
[2023-03-31T14:10:47.141Z]     [177/667] Building CXX object lib/mayaUsd/CMakeFiles/mayaUsd.dir/ufe/StagesSubject.cpp.o
[2023-03-31T14:10:48.732Z]     [178/667] Building CXX object lib/mayaUsd/CMakeFiles/mayaUsd.dir/ufe/UsdHierarchy.cpp.o
[2023-03-31T14:10:50.828Z]     [179/667] Building CXX object lib/mayaUsd/CMakeFiles/mayaUsd.dir/ufe/UsdPointInstanceOrientationModifier.cpp.o
[2023-03-31T14:10:52.295Z]     [180/667] Building CXX object lib/mayaUsd/CMakeFiles/mayaUsd.dir/ufe/UsdPointInstancePositionModifier.cpp.o
[2023-03-31T14:10:53.128Z]     [181/667] Building CXX object lib/mayaUsd/CMakeFiles/mayaUsd.dir/ufe/UsdPointInstanceScaleModifier.cpp.o
[2023-03-31T14:10:54.915Z]     [182/667] Building CXX object lib/mayaUsd/CMakeFiles/mayaUsd.dir/ufe/UsdRotatePivotTranslateUndoableCommand.cpp.o
[2023-03-31T14:10:56.879Z]     [183/667] Building CXX object lib/mayaUsd/CMakeFiles/mayaUsd.dir/ufe/UsdRootChildHierarchy.cpp.o
[2023-03-31T14:10:58.553Z]     [184/667] Building CXX object lib/mayaUsd/CMakeFiles/mayaUsd.dir/ufe/UsdRotateUndoableCommand.cpp.o
[2023-03-31T14:10:59.280Z]     [185/667] Building CXX object lib/mayaUsd/CMakeFiles/mayaUsd.dir/ufe/UsdScaleUndoableCommand.cpp.o
[2023-03-31T14:11:01.145Z]     [186/667] Building CXX object lib/mayaUsd/CMakeFiles/mayaUsd.dir/ufe/UsdSceneItemOps.cpp.o
[2023-03-31T14:11:03.247Z]     [187/667] Building CXX object lib/mayaUsd/CMakeFiles/mayaUsd.dir/ufe/UsdSceneItem.cpp.o
[2023-03-31T14:11:04.514Z]     [188/667] Building CXX object lib/mayaUsd/CMakeFiles/mayaUsd.dir/ufe/UsdSceneItemOpsHandler.cpp.o
[2023-03-31T14:11:06.621Z]     [189/667] Building CXX object lib/mayaUsd/CMakeFiles/mayaUsd.dir/ufe/UsdStageMap.cpp.o
[2023-03-31T14:11:07.450Z]     [190/667] Building CXX object lib/mayaUsd/CMakeFiles/mayaUsd.dir/ufe/UsdTRSUndoableCommandBase.cpp.o
[2023-03-31T14:11:09.750Z]     [191/667] Building CXX object lib/mayaUsd/CMakeFiles/mayaUsd.dir/ufe/UsdTransform3d.cpp.o
[2023-03-31T14:11:10.912Z]     [192/667] Building CXX object lib/mayaUsd/CMakeFiles/mayaUsd.dir/ufe/UsdTransform3dReadImpl.cpp.o
[2023-03-31T14:11:12.795Z]     [193/667] Building CXX object lib/mayaUsd/CMakeFiles/mayaUsd.dir/ufe/UsdTransform3dHandler.cpp.o
[2023-03-31T14:11:13.637Z]     [194/667] Building CXX object lib/mayaUsd/CMakeFiles/mayaUsd.dir/ufe/UsdTranslateUndoableCommand.cpp.o
[2023-03-31T14:11:16.346Z]     [195/667] Building CXX object lib/mayaUsd/CMakeFiles/mayaUsd.dir/ufe/UsdUndoDeleteCommand.cpp.o
[2023-03-31T14:11:17.721Z]     [196/667] Building CXX object lib/mayaUsd/CMakeFiles/mayaUsd.dir/ufe/UsdUndoDuplicateCommand.cpp.o
[2023-03-31T14:11:18.244Z]     [197/667] Building CXX object lib/mayaUsd/CMakeFiles/mayaUsd.dir/ufe/moduleDeps.cpp.o
[2023-03-31T14:11:19.698Z]     [198/667] Building CXX object lib/mayaUsd/CMakeFiles/mayaUsd.dir/ufe/UsdUndoRenameCommand.cpp.o
[2023-03-31T14:11:20.224Z]     [199/667] Building CXX object lib/mayaUsd/CMakeFiles/mayaUsd.dir/ufe/RotationUtils.cpp.o
[2023-03-31T14:11:23.886Z]     [200/667] Building CXX object lib/mayaUsd/CMakeFiles/mayaUsd.dir/ufe/ProxyShapeContextOpsHandler.cpp.o
[2023-03-31T14:11:26.733Z]     [201/667] Building CXX object lib/mayaUsd/CMakeFiles/mayaUsd.dir/ufe/UsdAttributeHolder.cpp.o
[2023-03-31T14:11:29.327Z]     [202/667] Building CXX object lib/mayaUsd/CMakeFiles/mayaUsd.dir/ufe/UsdAttribute.cpp.o
[2023-03-31T14:11:29.533Z]     [203/667] Building CXX object lib/mayaUsd/CMakeFiles/mayaUsd.dir/ufe/Utils.cpp.o
[2023-03-31T14:11:30.060Z]     [204/667] Building CXX object lib/mayaUsd/CMakeFiles/mayaUsd.dir/ufe/UsdAttributesHandler.cpp.o
[2023-03-31T14:11:35.072Z]     [205/667] Building CXX object lib/mayaUsd/CMakeFiles/mayaUsd.dir/ufe/UsdAttributes.cpp.o
[2023-03-31T14:11:35.807Z]     [206/667] Building CXX object lib/mayaUsd/CMakeFiles/mayaUsd.dir/ufe/UsdCameraHandler.cpp.o
[2023-03-31T14:11:38.237Z]     [207/667] Building CXX object lib/mayaUsd/CMakeFiles/mayaUsd.dir/ufe/UsdCamera.cpp.o
[2023-03-31T14:11:41.061Z]     [208/667] Building CXX object lib/mayaUsd/CMakeFiles/mayaUsd.dir/ufe/UsdContextOps.cpp.o
[2023-03-31T14:11:41.167Z]     [209/667] Building CXX object lib/mayaUsd/CMakeFiles/mayaUsd.dir/ufe/UsdContextOpsHandler.cpp.o
[2023-03-31T14:11:42.717Z]     [210/667] Building CXX object lib/mayaUsd/CMakeFiles/mayaUsd.dir/ufe/UsdObject3d.cpp.o
[2023-03-31T14:11:44.167Z]     [211/667] Building CXX object lib/mayaUsd/CMakeFiles/mayaUsd.dir/ufe/UsdObject3dHandler.cpp.o
[2023-03-31T14:11:46.780Z]     [212/667] Building CXX object lib/mayaUsd/CMakeFiles/mayaUsd.dir/ufe/UsdSetXformOpUndoableCommandBase.cpp.o
[2023-03-31T14:11:47.103Z]     [213/667] Building CXX object lib/mayaUsd/CMakeFiles/mayaUsd.dir/ufe/UsdTransform3dBase.cpp.o
[2023-03-31T14:11:49.623Z]     [214/667] Building CXX object lib/mayaUsd/CMakeFiles/mayaUsd.dir/ufe/UsdTransform3dCommonAPI.cpp.o
[2023-03-31T14:11:52.411Z]     [215/667] Building CXX object lib/mayaUsd/CMakeFiles/mayaUsd.dir/ufe/UsdTransform3dFallbackMayaXformStack.cpp.o
[2023-03-31T14:11:54.612Z]     [216/667] Building CXX object lib/mayaUsd/CMakeFiles/mayaUsd.dir/ufe/UsdTransform3dMatrixOp.cpp.o
[2023-03-31T14:11:55.352Z]     [217/667] Building CXX object lib/mayaUsd/CMakeFiles/mayaUsd.dir/ufe/UsdTransform3dUndoableCommands.cpp.o
[2023-03-31T14:11:57.210Z]     [218/667] Building CXX object lib/mayaUsd/CMakeFiles/mayaUsd.dir/ufe/UsdTransform3dMayaXformStack.cpp.o
[2023-03-31T14:11:57.524Z]     [219/667] Building CXX object lib/mayaUsd/CMakeFiles/mayaUsd.dir/ufe/UsdTransform3dPointInstance.cpp.o
[2023-03-31T14:11:58.147Z]     [220/667] Building CXX object lib/mayaUsd/CMakeFiles/mayaUsd.dir/ufe/UsdUndoableCommand.cpp.o
[2023-03-31T14:11:58.360Z]     [221/667] Building CXX object lib/mayaUsd/CMakeFiles/mayaUsd.dir/ufe/UsdUIUfeObserver.cpp.o
[2023-03-31T14:11:58.665Z]     [222/667] Building CXX object lib/mayaUsd/CMakeFiles/mayaUsd.dir/ufe/UsdTransform3dSetObjectMatrix.cpp.o
[2023-03-31T14:12:02.320Z]     [223/667] Building CXX object lib/mayaUsd/CMakeFiles/mayaUsd.dir/ufe/UsdUIInfoHandler.cpp.o
[2023-03-31T14:12:04.612Z]     [224/667] Building CXX object lib/mayaUsd/CMakeFiles/mayaUsd.dir/ufe/UsdUndoAddNewPrimCommand.cpp.o
[2023-03-31T14:12:04.612Z]     [225/667] Building CXX object lib/mayaUsd/CMakeFiles/mayaUsd.dir/ufe/UsdUndoCreateGroupCommand.cpp.o
[2023-03-31T14:12:05.849Z]     [226/667] Building CXX object lib/mayaUsd/CMakeFiles/mayaUsd.dir/ufe/UsdUndoInsertChildCommand.cpp.o
[2023-03-31T14:12:08.678Z]     [227/667] Building CXX object lib/mayaUsd/CMakeFiles/mayaUsd.dir/ufe/UsdUndoSetKindCommand.cpp.o
[2023-03-31T14:12:08.888Z]     [228/667] Building CXX object lib/mayaUsd/CMakeFiles/mayaUsd.dir/ufe/UsdUndoReorderCommand.cpp.o
[2023-03-31T14:12:11.075Z]     [229/667] Building CXX object lib/mayaUsd/CMakeFiles/mayaUsd.dir/ufe/UsdUndoVisibleCommand.cpp.o
[2023-03-31T14:12:11.595Z]     [230/667] Building CXX object lib/mayaUsd/CMakeFiles/mayaUsd.dir/ufe/private/UfeNotifGuard.cpp.o
[2023-03-31T14:12:12.348Z]     [231/667] Building CXX object lib/mayaUsd/CMakeFiles/mayaUsd.dir/ufe/UsdUndoUngroupCommand.cpp.o
[2023-03-31T14:12:13.303Z]     [232/667] Building CXX object lib/mayaUsd/CMakeFiles/mayaUsd.dir/ufe/XformOpUtils.cpp.o
[2023-03-31T14:12:13.619Z]     [233/667] Building CXX object lib/mayaUsd/CMakeFiles/mayaUsd.dir/undo/OpUndoItemRecorder.cpp.o
[2023-03-31T14:12:14.469Z]     [234/667] Building CXX object lib/mayaUsd/CMakeFiles/mayaUsd.dir/undo/OpUndoItemList.cpp.o
[2023-03-31T14:12:16.232Z]     [235/667] Building CXX object lib/mayaUsd/CMakeFiles/mayaUsd.dir/ufe/private/Utils.cpp.o
[2023-03-31T14:12:16.232Z]     [236/667] Building CXX object lib/mayaUsd/CMakeFiles/mayaUsd.dir/ufe/UsdUndoMaterialCommands.cpp.o
[2023-03-31T14:12:18.328Z]     [237/667] Building CXX object lib/mayaUsd/CMakeFiles/mayaUsd.dir/undo/UsdUndoBlock.cpp.o
[2023-03-31T14:12:19.065Z]     [238/667] Building CXX object lib/mayaUsd/CMakeFiles/mayaUsd.dir/undo/UsdUndoableItem.cpp.o
[2023-03-31T14:12:19.587Z]     [239/667] Building CXX object lib/mayaUsd/CMakeFiles/mayaUsd.dir/utils/blockSceneModificationContext.cpp.o
[2023-03-31T14:12:19.905Z]     [240/667] Building CXX object lib/mayaUsd/CMakeFiles/mayaUsd.dir/utils/colorSpace.cpp.o
[2023-03-31T14:12:20.117Z]     [241/667] Building CXX object lib/mayaUsd/CMakeFiles/mayaUsd.dir/undo/UsdUndoManager.cpp.o
[2023-03-31T14:12:20.333Z]     [242/667] Building CXX object lib/mayaUsd/CMakeFiles/mayaUsd.dir/undo/OpUndoItems.cpp.o
[2023-03-31T14:12:22.120Z]     [243/667] Building CXX object lib/mayaUsd/CMakeFiles/mayaUsd.dir/utils/diagnosticDelegate.cpp.o
[2023-03-31T14:12:22.538Z]     [244/667] Building CXX object lib/mayaUsd/CMakeFiles/mayaUsd.dir/undo/UsdUndoStateDelegate.cpp.o
[2023-03-31T14:12:22.949Z]     [245/667] Building CXX object lib/mayaUsd/CMakeFiles/mayaUsd.dir/utils/dynamicAttribute.cpp.o
[2023-03-31T14:12:23.374Z]     [246/667] Building CXX object lib/mayaUsd/CMakeFiles/mayaUsd.dir/utils/customLayerData.cpp.o
[2023-03-31T14:12:26.734Z]     [247/667] Building CXX object lib/mayaUsd/CMakeFiles/mayaUsd.dir/utils/editability.cpp.o
[2023-03-31T14:12:26.734Z]     [248/667] Building CXX object lib/mayaUsd/CMakeFiles/mayaUsd.dir/utils/converter.cpp.o
[2023-03-31T14:12:27.382Z]     [249/667] Building CXX object lib/mayaUsd/CMakeFiles/mayaUsd.dir/utils/editRouterContext.cpp.o
[2023-03-31T14:12:28.859Z]     [250/667] Building CXX object lib/mayaUsd/CMakeFiles/mayaUsd.dir/utils/editRouter.cpp.o
[2023-03-31T14:12:31.067Z]     [251/667] Building CXX object lib/mayaUsd/CMakeFiles/mayaUsd.dir/utils/layerMuting.cpp.o
[2023-03-31T14:12:31.395Z]     [252/667] Building CXX object lib/mayaUsd/CMakeFiles/mayaUsd.dir/utils/layers.cpp.o
[2023-03-31T14:12:31.504Z]     [253/667] Building CXX object lib/mayaUsd/CMakeFiles/mayaUsd.dir/utils/loadRules.cpp.o
[2023-03-31T14:12:32.957Z]     [254/667] Building CXX object lib/mayaUsd/CMakeFiles/mayaUsd.dir/utils/loadRulesText.cpp.o
[2023-03-31T14:12:33.276Z]     [255/667] Building CXX object lib/mayaUsd/CMakeFiles/mayaUsd.dir/utils/plugRegistryHelper.cpp.o
[2023-03-31T14:12:33.583Z]     [256/667] Building CXX object lib/mayaUsd/CMakeFiles/mayaUsd.dir/utils/progressBarScope.cpp.o
[2023-03-31T14:12:36.103Z]     [257/667] Building CXX object lib/mayaUsd/CMakeFiles/mayaUsd.dir/utils/loadRulesAttribute.cpp.o
[2023-03-31T14:12:36.103Z]     [258/667] Building CXX object lib/mayaUsd/CMakeFiles/mayaUsd.dir/utils/query.cpp.o
[2023-03-31T14:12:37.592Z]     [259/667] Building CXX object lib/mayaUsd/CMakeFiles/mayaUsd.dir/utils/selectability.cpp.o
[2023-03-31T14:12:38.537Z]     [260/667] Building CXX object lib/mayaUsd/CMakeFiles/mayaUsd.dir/utils/stageCache.cpp.o
[2023-03-31T14:12:41.271Z]     [261/667] Building CXX object lib/mayaUsd/CMakeFiles/mayaUsd.dir/utils/traverseLayer.cpp.o
[2023-03-31T14:12:41.271Z]     [262/667] Building CXX object lib/mayaUsd/CMakeFiles/mayaUsd.dir/utils/targetLayer.cpp.o
[2023-03-31T14:12:41.382Z]     [263/667] Building CXX object lib/mayaUsd/CMakeFiles/mayaUsd.dir/utils/undoHelperCommand.cpp.o
[2023-03-31T14:12:45.645Z]     [264/667] Building CXX object lib/mayaUsd/CMakeFiles/mayaUsd.dir/utils/utilDictionary.cpp.o
[2023-03-31T14:12:46.487Z]     [265/667] Building CXX object lib/mayaUsd/CMakeFiles/mayaUsd.dir/utils/utilFileSystem.cpp.o
[2023-03-31T14:12:47.120Z]     [266/667] Building CXX object lib/mayaUsd/CMakeFiles/mayaUsd.dir/utils/utilSerialization.cpp.o
[2023-03-31T14:12:50.176Z]     [267/667] Building CXX object lib/mayaUsd/CMakeFiles/mayaUsd.dir/utils/variants.cpp.o
[2023-03-31T14:12:50.176Z]     [268/667] Building CXX object lib/mayaUsd/CMakeFiles/mayaUsd.dir/utils/util.cpp.o
[2023-03-31T14:12:50.279Z]     [269/667] Building CXX object lib/mayaUsd/python/CMakeFiles/_mayaUsd.dir/module.cpp.o
[2023-03-31T14:12:50.381Z]     [270/667] Building CXX object lib/mayaUsd/CMakeFiles/mayaUsd.dir/utils/json.cpp.o
[2023-03-31T14:12:53.411Z]     [271/667] Building CXX object lib/mayaUsd/python/CMakeFiles/_mayaUsd.dir/pythonObjectRegistry.cpp.o
[2023-03-31T14:12:53.521Z]     [272/667] Building CXX object lib/mayaUsd/CMakeFiles/mayaUsd.dir/utils/primActivation.cpp.o
[2023-03-31T14:12:55.736Z]     [273/667] Building CXX object lib/mayaUsd/python/CMakeFiles/_mayaUsd.dir/wrapSparseValueWriter.cpp.o
[2023-03-31T14:12:55.736Z]     [274/667] Building CXX object lib/mayaUsd/python/CMakeFiles/_mayaUsd.dir/wrapBlockSceneModificationContext.cpp.o
[2023-03-31T14:12:57.726Z]     [275/667] Building CXX object lib/mayaUsd/python/CMakeFiles/_mayaUsd.dir/wrapColorSpace.cpp.o
[2023-03-31T14:12:59.286Z]     [276/667] Building CXX object lib/mayaUsd/python/CMakeFiles/_mayaUsd.dir/wrapConverter.cpp.o
[2023-03-31T14:12:59.286Z]     [277/667] Building CXX object lib/mayaUsd/python/CMakeFiles/_mayaUsd.dir/wrapAdaptor.cpp.o
[2023-03-31T14:13:00.444Z]     [278/667] Building CXX object lib/mayaUsd/python/CMakeFiles/_mayaUsd.dir/wrapDiagnosticDelegate.cpp.o
[2023-03-31T14:13:01.078Z]     [279/667] Building CXX object lib/mayaUsd/python/CMakeFiles/_mayaUsd.dir/wrapEditRouter.cpp.o
[2023-03-31T14:13:02.866Z]     [280/667] Building CXX object lib/mayaUsd/python/CMakeFiles/_mayaUsd.dir/wrapOpUndoItem.cpp.o
[2023-03-31T14:13:03.396Z]     [281/667] Building CXX object lib/mayaUsd/python/CMakeFiles/_mayaUsd.dir/wrapQuery.cpp.o
[2023-03-31T14:13:04.025Z]     [282/667] Building CXX object lib/mayaUsd/python/CMakeFiles/_mayaUsd.dir/wrapMeshWriteUtils.cpp.o
[2023-03-31T14:13:06.120Z]     [283/667] Building CXX object lib/mayaUsd/python/CMakeFiles/_mayaUsd.dir/wrapTokens.cpp.o
[2023-03-31T14:13:06.440Z]     [284/667] Building CXX object lib/mayaUsd/python/CMakeFiles/_mayaUsd.dir/wrapReadUtil.cpp.o
[2023-03-31T14:13:07.698Z]     [285/667] Building CXX object lib/mayaUsd/python/CMakeFiles/_mayaUsd.dir/wrapRoundTripUtil.cpp.o
[2023-03-31T14:13:08.852Z]     [286/667] Building CXX object lib/mayaUsd/python/CMakeFiles/_mayaUsd.dir/wrapStageCache.cpp.o
[2023-03-31T14:13:10.311Z]     [287/667] Building CXX object lib/mayaUsd/python/CMakeFiles/_mayaUsd.dir/wrapUsdUndoManager.cpp.o
[2023-03-31T14:13:10.829Z]     [288/667] Building CXX object lib/mayaUsd/python/CMakeFiles/_mayaUsd.dir/wrapTranslatorUtil.cpp.o
[2023-03-31T14:13:12.438Z]     [289/667] Building CXX object lib/mayaUsd/python/CMakeFiles/_mayaUsd.dir/wrapUtil.cpp.o
[2023-03-31T14:13:13.724Z]     [290/667] Building CXX object lib/mayaUsd/python/CMakeFiles/_mayaUsd.dir/wrapUserTaggedAttribute.cpp.o
[2023-03-31T14:13:15.396Z]     [291/667] Building CXX object lib/mayaUsd/python/CMakeFiles/_mayaUsd.dir/wrapWriteUtil.cpp.o
[2023-03-31T14:13:16.437Z]     [292/667] Building CXX object lib/mayaUsd/python/CMakeFiles/_mayaUsd.dir/wrapOpenMaya.cpp.o
[2023-03-31T14:13:17.167Z]     [293/667] Building CXX object lib/mayaUsd/python/CMakeFiles/_mayaUsd.dir/wrapXformStack.cpp.o
[2023-03-31T14:13:23.334Z]     [294/667] Building CXX object lib/mayaUsd/python/CMakeFiles/_mayaUsd.dir/wrapImportChaser.cpp.o
[2023-03-31T14:13:25.136Z]     [295/667] Building CXX object lib/mayaUsd/python/CMakeFiles/_mayaUsd.dir/wrapExportChaser.cpp.o
[2023-03-31T14:13:26.373Z]     [296/667] Building CXX object lib/mayaUsd/python/CMakeFiles/_mayaUsd.dir/wrapPrimReader.cpp.o
[2023-03-31T14:13:27.735Z]     [297/667] Building CXX object lib/mayaUsd/python/CMakeFiles/_mayaUsd.dir/wrapPrimWriter.cpp.o
[2023-03-31T14:13:28.781Z]     [298/667] Building CXX object lib/mayaUsd/python/CMakeFiles/_mayaUsd.dir/wrapJobContextRegistry.cpp.o
[2023-03-31T14:13:28.997Z]     [299/667] Building CXX object lib/mayaUsd/ufe/CMakeFiles/_ufe.dir/module.cpp.o
[2023-03-31T14:13:30.774Z]     [300/667] Building CXX object lib/mayaUsd/python/CMakeFiles/_mayaUsd.dir/wrapShadingUtil.cpp.o
[2023-03-31T14:13:32.562Z]     [301/667] Building CXX object lib/mayaUsd/ufe/CMakeFiles/_ufe.dir/wrapGlobal.cpp.o
[2023-03-31T14:13:32.663Z]     [302/667] Building CXX object lib/mayaUsd/python/CMakeFiles/_mayaUsd.dir/wrapSchemaApiAdaptor.cpp.o
[2023-03-31T14:13:33.212Z]     [303/667] Building CXX object lib/usd/pxrUsdPreviewSurface/CMakeFiles/basePxrUsdPreviewSurface.dir/cpvColor.cpp.o
[2023-03-31T14:13:33.415Z]     [304/667] Building CXX object lib/mayaUsd/python/CMakeFiles/_mayaUsd.dir/wrapShadingMode.cpp.o
[2023-03-31T14:13:34.659Z]     [305/667] Building CXX object lib/usd/pxrUsdPreviewSurface/CMakeFiles/basePxrUsdPreviewSurface.dir/usdPreviewSurface.cpp.o
[2023-03-31T14:13:37.053Z]     [306/667] Building CXX object lib/mayaUsd/ufe/CMakeFiles/_ufe.dir/wrapUtils.cpp.o
[2023-03-31T14:13:37.791Z]     [307/667] Building CXX object lib/usd/pxrUsdPreviewSurface/CMakeFiles/basePxrUsdPreviewSurface.dir/usdPreviewSurfaceShadingNodeOverride.cpp.o
[2023-03-31T14:13:37.898Z]     [308/667] Building CXX object lib/mayaUsd/ufe/CMakeFiles/_ufe.dir/wrapNotice.cpp.o
[2023-03-31T14:13:38.011Z]     [309/667] Copying api.h ...
[2023-03-31T14:13:38.971Z]     [310/667] Building CXX object lib/usd/pxrUsdPreviewSurface/CMakeFiles/basePxrUsdPreviewSurface.dir/usdPreviewSurfacePlugin.cpp.o
[2023-03-31T14:13:39.794Z]     [311/667] Building CXX object lib/usd/pxrUsdPreviewSurface/CMakeFiles/basePxrUsdPreviewSurface.dir/usdPreviewSurfaceReader.cpp.o
[2023-03-31T14:13:43.153Z]     [312/667] Building CXX object lib/usd/pxrUsdPreviewSurface/CMakeFiles/basePxrUsdPreviewSurface.dir/usdPreviewSurfaceWriter.cpp.o
[2023-03-31T14:13:43.369Z]     [313/667] Building CXX object lib/usd/translators/CMakeFiles/mayaUsd_Translators.dir/cameraWriter.cpp.o
[2023-03-31T14:13:44.434Z]     [314/667] Building CXX object lib/usd/translators/CMakeFiles/mayaUsd_Translators.dir/cameraReader.cpp.o
[2023-03-31T14:13:45.802Z]     [315/667] Building CXX object lib/usd/translators/CMakeFiles/mayaUsd_Translators.dir/jointWriter.cpp.o
[2023-03-31T14:13:48.002Z]     [316/667] Building CXX object lib/usd/translators/CMakeFiles/mayaUsd_Translators.dir/lightReader.cpp.o
[2023-03-31T14:13:48.726Z]     [317/667] Building CXX object lib/usd/translators/CMakeFiles/mayaUsd_Translators.dir/lightRfMReader.cpp.o
[2023-03-31T14:13:49.454Z]     [318/667] Building CXX object lib/usd/translators/CMakeFiles/mayaUsd_Translators.dir/instancerWriter.cpp.o
[2023-03-31T14:13:50.599Z]     [319/667] Building CXX object lib/usd/translators/CMakeFiles/mayaUsd_Translators.dir/lightRfMWriter.cpp.o
[2023-03-31T14:13:53.439Z]     [320/667] Building CXX object lib/usd/translators/CMakeFiles/mayaUsd_Translators.dir/lightWriter.cpp.o
[2023-03-31T14:13:53.544Z]     [321/667] Building CXX object lib/usd/translators/CMakeFiles/mayaUsd_Translators.dir/locatorWriter.cpp.o
[2023-03-31T14:13:54.272Z]     [322/667] Building CXX object lib/usd/translators/CMakeFiles/mayaUsd_Translators.dir/materialReader.cpp.o
[2023-03-31T14:13:55.214Z]     [323/667] Building CXX object lib/usd/translators/CMakeFiles/mayaUsd_Translators.dir/mayaReferenceReader.cpp.o
[2023-03-31T14:13:58.441Z]     [324/667] Building CXX object lib/usd/translators/CMakeFiles/mayaUsd_Translators.dir/meshReader.cpp.o
[2023-03-31T14:13:59.806Z]     [325/667] Building CXX object lib/usd/translators/CMakeFiles/mayaUsd_Translators.dir/nurbsCurvesReader.cpp.o
[2023-03-31T14:13:59.911Z]     [326/667] Building CXX object lib/usd/translators/CMakeFiles/mayaUsd_Translators.dir/meshWriter.cpp.o
[2023-03-31T14:14:02.595Z]     [327/667] Building CXX object lib/usd/translators/CMakeFiles/mayaUsd_Translators.dir/meshWriter_BlendShapes.cpp.o
[2023-03-31T14:14:04.445Z]     [328/667] Building CXX object lib/usd/translators/CMakeFiles/mayaUsd_Translators.dir/nurbsPatchReader.cpp.o
[2023-03-31T14:14:04.868Z]     [329/667] Building CXX object lib/usd/translators/CMakeFiles/mayaUsd_Translators.dir/plugin.cpp.o
[2023-03-31T14:14:05.187Z]     [330/667] Building CXX object lib/usd/translators/CMakeFiles/mayaUsd_Translators.dir/nurbsCurveWriter.cpp.o
[2023-03-31T14:14:07.421Z]     [331/667] Building CXX object lib/usd/translators/CMakeFiles/mayaUsd_Translators.dir/nurbsSurfaceWriter.cpp.o
[2023-03-31T14:14:09.624Z]     [332/667] Building CXX object lib/usd/translators/CMakeFiles/mayaUsd_Translators.dir/scopeReader.cpp.o
[2023-03-31T14:14:09.731Z]     [333/667] Building CXX object lib/usd/translators/CMakeFiles/mayaUsd_Translators.dir/particleWriter.cpp.o
[2023-03-31T14:14:11.855Z]     [334/667] Building CXX object lib/usd/translators/CMakeFiles/mayaUsd_Translators.dir/skelReader.cpp.o
[2023-03-31T14:14:12.774Z]     [335/667] Building CXX object lib/usd/translators/CMakeFiles/mayaUsd_Translators.dir/strokeWriter.cpp.o
[2023-03-31T14:14:13.923Z]     [336/667] Building CXX object lib/usd/translators/CMakeFiles/mayaUsd_Translators.dir/xformReader.cpp.o
[2023-03-31T14:14:14.235Z]     [337/667] Building CXX object lib/usd/translators/CMakeFiles/mayaUsd_Translators.dir/shading/shadingTokens.cpp.o
[2023-03-31T14:14:15.171Z]     [338/667] Building CXX object lib/usd/translators/CMakeFiles/mayaUsd_Translators.dir/lightRfMWriter_PxrMeshLight.cpp.o
[2023-03-31T14:14:18.185Z]     [339/667] Building CXX object lib/usd/translators/CMakeFiles/mayaUsd_Translators.dir/shading/usdBlinnReader.cpp.o
[2023-03-31T14:14:19.024Z]     [340/667] Building CXX object lib/usd/translators/CMakeFiles/mayaUsd_Translators.dir/shading/usdBlinnWriter.cpp.o
[2023-03-31T14:14:19.972Z]     [341/667] Building CXX object lib/usd/translators/CMakeFiles/mayaUsd_Translators.dir/shading/usdDisplacementShaderWriter.cpp.o
[2023-03-31T14:14:21.719Z]     [342/667] Building CXX object lib/usd/translators/CMakeFiles/mayaUsd_Translators.dir/shading/usdFileTextureWriter.cpp.o
[2023-03-31T14:14:23.608Z]     [343/667] Building CXX object lib/usd/translators/CMakeFiles/mayaUsd_Translators.dir/shading/usdLambertReader.cpp.o
[2023-03-31T14:14:24.131Z]     [344/667] Building CXX object lib/usd/translators/CMakeFiles/mayaUsd_Translators.dir/shading/usdLambertWriter.cpp.o
[2023-03-31T14:14:24.860Z]     [345/667] Building CXX object lib/usd/translators/CMakeFiles/mayaUsd_Translators.dir/shading/usdMaterialReader.cpp.o
[2023-03-31T14:14:27.149Z]     [346/667] Building CXX object lib/usd/translators/CMakeFiles/mayaUsd_Translators.dir/shading/usdMaterialWriter.cpp.o
[2023-03-31T14:14:28.938Z]     [347/667] Building CXX object lib/usd/translators/CMakeFiles/mayaUsd_Translators.dir/shading/usdPhongReader.cpp.o
[2023-03-31T14:14:29.456Z]     [348/667] Building CXX object lib/usd/translators/CMakeFiles/mayaUsd_Translators.dir/shading/usdPhongWriter.cpp.o
[2023-03-31T14:14:29.879Z]     [349/667] Building CXX object lib/usd/translators/CMakeFiles/mayaUsd_Translators.dir/shading/usdPhongEWriter.cpp.o
[2023-03-31T14:14:31.974Z]     [350/667] Building CXX object lib/usd/translators/CMakeFiles/mayaUsd_Translators.dir/shading/usdReflectWriter.cpp.o
[2023-03-31T14:14:34.285Z]     [351/667] Building CXX object lib/usd/translators/CMakeFiles/mayaUsd_Translators.dir/shading/usdPrimvarReaderFloat3Reader.cpp.o
[2023-03-31T14:14:35.206Z]     [352/667] Building CXX object lib/usd/translators/CMakeFiles/mayaUsd_Translators.dir/shading/usdUVTextureReader.cpp.o
[2023-03-31T14:14:35.312Z]     [353/667] Building CXX object lib/usd/schemas/CMakeFiles/_schemas.dir/module.cpp.o
[2023-03-31T14:14:37.400Z]     [354/667] Building CXX object lib/usd/translators/CMakeFiles/mayaUsd_Translators.dir/shading/usdStandardSurfaceReader.cpp.o
[2023-03-31T14:14:37.610Z]     [355/667] Building CXX object lib/usd/schemas/CMakeFiles/_schemas.dir/wrapTokens.cpp.o
[2023-03-31T14:14:37.610Z]     [356/667] Building CXX object lib/usd/translators/CMakeFiles/mayaUsd_Translators.dir/shading/rfmShaderTranslation.cpp.o
[2023-03-31T14:14:39.595Z]     [357/667] Building CXX object lib/usd/translators/CMakeFiles/mayaUsd_Translators.dir/shading/usdStandardSurfaceWriter.cpp.o
[2023-03-31T14:14:41.789Z]     [358/667] Building CXX object lib/usd/schemas/CMakeFiles/mayaUsd_Schemas.dir/ALMayaReference.cpp.o
[2023-03-31T14:14:43.040Z]     [359/667] Building CXX object lib/usd/schemas/CMakeFiles/_schemas.dir/wrapMayaReference.cpp.o
[2023-03-31T14:14:43.040Z]     [360/667] Building CXX object lib/usd/schemas/CMakeFiles/_schemas.dir/wrapALMayaReference.cpp.o
[2023-03-31T14:14:43.469Z]     [361/667] Building CXX object lib/usd/utils/CMakeFiles/mayaUsdUtils.dir/DebugCodes.cpp.o
[2023-03-31T14:14:43.572Z]     [362/667] Building CXX object lib/usd/schemas/CMakeFiles/mayaUsd_Schemas.dir/tokens.cpp.o
[2023-03-31T14:14:43.677Z]     [363/667] Building CXX object lib/usd/schemas/CMakeFiles/mayaUsd_Schemas.dir/ModuleDeps.cpp.o
[2023-03-31T14:14:43.890Z]     [364/667] Building CXX object lib/usd/utils/CMakeFiles/mayaUsdUtils.dir/DiffCore.cpp.o
[2023-03-31T14:14:43.995Z]     [365/667] Building CXX object lib/usd/schemas/CMakeFiles/mayaUsd_Schemas.dir/MayaReference.cpp.o
[2023-03-31T14:14:44.099Z]     [366/667] Linking CXX shared library lib/usd/schemas/libmayaUsd_Schemas.dylib
[2023-03-31T14:14:44.099Z]     [367/667] Linking CXX shared library lib/usd/schemas/_schemas.so
[2023-03-31T14:14:47.641Z]     [368/667] Building CXX object lib/usd/utils/CMakeFiles/mayaUsdUtils.dir/DiffDictionaries.cpp.o
[2023-03-31T14:14:47.641Z]     [369/667] Building CXX object lib/usd/utils/CMakeFiles/mayaUsdUtils.dir/DiffAttributes.cpp.o
[2023-03-31T14:14:48.586Z]     [370/667] Building CXX object lib/usd/utils/CMakeFiles/mayaUsdUtils.dir/DiffMetadatas.cpp.o
[2023-03-31T14:14:49.018Z]     [371/667] Building CXX object lib/usd/utils/CMakeFiles/mayaUsdUtils.dir/DiffLists.cpp.o
[2023-03-31T14:14:51.514Z]     [372/667] Building CXX object lib/usd/utils/CMakeFiles/mayaUsdUtils.dir/DiffRelationships.cpp.o
[2023-03-31T14:14:52.873Z]     [373/667] Building CXX object lib/usd/utils/CMakeFiles/mayaUsdUtils.dir/DiffPrims.cpp.o
[2023-03-31T14:14:54.439Z]     [374/667] Building CXX object lib/usd/utils/CMakeFiles/mayaUsdUtils.dir/MergePrimsOptions.cpp.o
[2023-03-31T14:14:54.439Z]     [375/667] Copying importTranslator.h ...
[2023-03-31T14:14:54.439Z]     [376/667] Building CXX object lib/usd/utils/CMakeFiles/mayaUsdUtils.dir/DiffValues.cpp.o
[2023-03-31T14:14:54.539Z]     [377/667] Copying listShadingModesCommand.h ...
[2023-03-31T14:14:54.539Z]     [378/667] Copying exportTranslator.h ...
[2023-03-31T14:14:54.539Z]     [379/667] Copying api.h ...
[2023-03-31T14:14:54.539Z]     [380/667] Copying editUtil.h ...
[2023-03-31T14:14:54.539Z]     [381/667] Copying translatorModelAssembly.h ...
[2023-03-31T14:14:54.539Z]     [382/667] Copying exportCommand.h ...
[2023-03-31T14:14:54.640Z]     [383/667] Copying proxyShape.h ...
[2023-03-31T14:14:54.640Z]     [384/667] Copying importCommand.h ...
[2023-03-31T14:14:54.640Z]     [385/667] Copying referenceAssembly.h ...
[2023-03-31T14:14:54.640Z]     [386/667] Copying readJobWithSceneAssembly.h ...
[2023-03-31T14:14:54.640Z]     [387/667] Copying instancerShapeAdapterWithSceneAssembly.h ...
[2023-03-31T14:14:54.746Z]     [388/667] Generating AEpxrUsdReferenceAssemblyTemplate.pyc
[2023-03-31T14:14:54.746Z]     [389/667] Generating __init__.pyc
[2023-03-31T14:14:54.746Z]     [390/667] Generating userExportedAttributesUI.pyc
[2023-03-31T14:14:57.982Z]     [391/667] Building CXX object lib/usd/utils/CMakeFiles/mayaUsdUtils.dir/util.cpp.o
[2023-03-31T14:14:58.199Z]     [392/667] Building CXX object lib/usd/utils/CMakeFiles/mayaUsdUtils.dir/MergePrims.cpp.o
[2023-03-31T14:14:58.199Z]     [393/667] Linking CXX shared library lib/usd/utils/libmayaUsdUtils.dylib
[2023-03-31T14:14:58.307Z]     [394/667] Linking CXX executable test/lib/usd/utils/testMergePrims
[2023-03-31T14:14:58.307Z]     [395/667] Linking CXX executable test/lib/usd/utils/testDiffComputeOverall
[2023-03-31T14:14:58.414Z]     [396/667] Linking CXX executable test/lib/usd/utils/testDiffPrims
[2023-03-31T14:14:58.414Z]     [397/667] Linking CXX executable test/lib/usd/utils/testDiffDictionaries
[2023-03-31T14:14:58.414Z]     [398/667] Linking CXX executable test/lib/usd/utils/testDiffLists
[2023-03-31T14:14:58.515Z]     [399/667] Linking CXX executable test/lib/usd/utils/testDiffAttributes
[2023-03-31T14:14:58.515Z]     [400/667] Linking CXX executable test/lib/usd/utils/testDiffCore
[2023-03-31T14:14:58.622Z]     [401/667] Linking CXX executable test/lib/usd/utils/testDiffMetadatas
[2023-03-31T14:14:58.727Z]     [402/667] Linking CXX executable test/lib/usd/utils/testDiffValues
[2023-03-31T14:14:58.727Z]     [403/667] Linking CXX executable test/lib/usd/utils/testDiffRelationships
[2023-03-31T14:14:59.361Z]     [404/667] Linking CXX shared library lib/mayaUsd/libmayaUsd.dylib
[2023-03-31T14:14:59.463Z]     [405/667] Linking CXX shared library test/lib/usd/plugin/libusdTestApiWriter.dylib
[2023-03-31T14:14:59.570Z]     [406/667] Linking CXX shared library test/lib/usd/plugin/libusdTestUsdPlugin.dylib
[2023-03-31T14:14:59.671Z]     [407/667] Linking CXX shared library test/lib/usd/plugin/usdTestInfoImportChaser.bundle
[2023-03-31T14:14:59.775Z]     [408/667] Building CXX object plugin/pxr/maya/lib/usdMaya/CMakeFiles/usdMaya.dir/readJobWithSceneAssembly.cpp.o
[2023-03-31T14:14:59.775Z]     [409/667] Linking CXX shared library test/lib/usd/plugin/usdTestMayaPlugin.bundle
[2023-03-31T14:14:59.987Z]     [410/667] Linking CXX shared library lib/mayaUsd/ufe/_ufe.so
[2023-03-31T14:15:00.197Z]     [411/667] Linking CXX shared library lib/usd/pxrUsdPreviewSurface/libbasePxrUsdPreviewSurface.dylib
[2023-03-31T14:15:00.307Z]     [412/667] Linking CXX shared library lib/mayaUsd/python/_mayaUsd.so
[2023-03-31T14:15:00.726Z]     [413/667] Linking CXX shared library lib/usd/translators/libmayaUsd_Translators.dylib
[2023-03-31T14:15:01.535Z]     [414/667] Building CXX object plugin/pxr/maya/lib/usdMaya/CMakeFiles/usdMaya.dir/readJob_ImportWithProxies.cpp.o
[2023-03-31T14:15:09.827Z]     [415/667] Building CXX object plugin/pxr/maya/lib/usdMaya/CMakeFiles/usdMaya.dir/instancerShapeAdapterWithSceneAssembly.cpp.o
[2023-03-31T14:15:11.490Z]     [416/667] Building CXX object plugin/pxr/maya/lib/usdMaya/CMakeFiles/usdMaya.dir/editUtil.cpp.o
[2023-03-31T14:15:12.027Z]     [417/667] Building CXX object plugin/pxr/maya/lib/usdMaya/CMakeFiles/usdMaya.dir/translatorModelAssembly.cpp.o
[2023-03-31T14:15:15.143Z]     [418/667] Automatic MOC and UIC for target mayaUsdUI
[2023-03-31T14:15:15.244Z]     [419/667] Automatic RCC for layerEditor/resources.qrc
[2023-03-31T14:15:15.244Z]     [420/667] Automatic RCC for importDialog/images/ui.qrc
[2023-03-31T14:15:15.766Z]     [421/667] Building CXX object plugin/pxr/maya/lib/usdMaya/CMakeFiles/usdMaya.dir/exportCommand.cpp.o
[2023-03-31T14:15:17.122Z]     [422/667] Building CXX object plugin/pxr/maya/lib/usdMaya/CMakeFiles/usdMaya.dir/importCommand.cpp.o
[2023-03-31T14:15:17.539Z]     [423/667] Building CXX object plugin/pxr/maya/lib/usdMaya/CMakeFiles/usdMaya.dir/exportTranslator.cpp.o
[2023-03-31T14:15:18.179Z]     [424/667] Building CXX object lib/usd/ui/CMakeFiles/mayaUsdUI.dir/layerEditor/dirtyLayersCountBadge.cpp.o
[2023-03-31T14:15:19.431Z]     [425/667] Building CXX object lib/usd/ui/CMakeFiles/mayaUsdUI.dir/layerEditor/generatedIconButton.cpp.o
[2023-03-31T14:15:21.509Z]     [426/667] Building CXX object lib/usd/ui/CMakeFiles/mayaUsdUI.dir/mayaUsdUI_autogen/mocs_compilation.cpp.o
[2023-03-31T14:15:24.117Z]     [427/667] Building CXX object lib/usd/ui/CMakeFiles/mayaUsdUI.dir/layerEditor/layerEditorWidget.cpp.o
[2023-03-31T14:15:26.344Z]     [428/667] Building CXX object lib/usd/ui/CMakeFiles/mayaUsdUI.dir/layerEditor/layerTreeItem.cpp.o
[2023-03-31T14:15:26.344Z]     [429/667] Building CXX object lib/usd/ui/CMakeFiles/mayaUsdUI.dir/layerEditor/layerTreeItemDelegate.cpp.o
[2023-03-31T14:15:28.880Z]     [430/667] Building CXX object lib/usd/ui/CMakeFiles/mayaUsdUI.dir/layerEditor/layerTreeModel.cpp.o
[2023-03-31T14:15:30.558Z]     [431/667] Building CXX object lib/usd/ui/CMakeFiles/mayaUsdUI.dir/layerEditor/layerTreeView.cpp.o
[2023-03-31T14:15:31.226Z]     [432/667] Building CXX object lib/usd/ui/CMakeFiles/mayaUsdUI.dir/layerEditor/mayaCommandHook.cpp.o
[2023-03-31T14:15:32.579Z]     [433/667] Building CXX object lib/usd/ui/CMakeFiles/mayaUsdUI.dir/layerEditor/loadLayersDialog.cpp.o
[2023-03-31T14:15:33.508Z]     [434/667] Building CXX object lib/usd/ui/CMakeFiles/mayaUsdUI.dir/layerEditor/mayaQtUtils.cpp.o
[2023-03-31T14:15:35.277Z]     [435/667] Building CXX object lib/usd/ui/CMakeFiles/mayaUsdUI.dir/layerEditor/mayaLayerEditorWindow.cpp.o
[2023-03-31T14:15:35.793Z]     [436/667] Building CXX object lib/usd/ui/CMakeFiles/mayaUsdUI.dir/layerEditor/qtUtils.cpp.o
[2023-03-31T14:15:37.376Z]     [437/667] Building CXX object lib/usd/ui/CMakeFiles/mayaUsdUI.dir/layerEditor/mayaSessionState.cpp.o
[2023-03-31T14:15:37.581Z]     [438/667] Building CXX object lib/usd/ui/CMakeFiles/mayaUsdUI.dir/layerEditor/pathChecker.cpp.o
[2023-03-31T14:15:38.628Z]     [439/667] Building CXX object lib/usd/ui/CMakeFiles/mayaUsdUI.dir/layerEditor/stringResources.cpp.o
[2023-03-31T14:15:39.667Z]     [440/667] Building CXX object lib/usd/ui/CMakeFiles/mayaUsdUI.dir/layerEditor/sessionState.cpp.o
[2023-03-31T14:15:40.905Z]     [441/667] Building CXX object lib/usd/ui/CMakeFiles/mayaUsdUI.dir/layerEditor/warningDialogs.cpp.o
[2023-03-31T14:15:43.001Z]     [442/667] Building CXX object lib/usd/ui/CMakeFiles/mayaUsdUI.dir/layerEditor/stageSelectorWidget.cpp.o
[2023-03-31T14:15:45.185Z]     [443/667] Building CXX object lib/usd/ui/CMakeFiles/mayaUsdUI.dir/layerEditor/saveLayersDialog.cpp.o
[2023-03-31T14:15:45.926Z]     [444/667] Building CXX object lib/usd/ui/CMakeFiles/mayaUsdUI.dir/importDialog/ItemDelegate.cpp.o
[2023-03-31T14:15:45.926Z]     [445/667] Building CXX object lib/usd/ui/CMakeFiles/mayaUsdUI.dir/layerEditor/batchSaveLayersUIDelegate.cpp.o
[2023-03-31T14:15:47.587Z]     [446/667] Building CXX object lib/usd/ui/CMakeFiles/mayaUsdUI.dir/importDialog/TreeItem.cpp.o
[2023-03-31T14:15:50.734Z]     [447/667] Building CXX object lib/usd/ui/CMakeFiles/mayaUsdUI.dir/importDialog/TreeModel.cpp.o
[2023-03-31T14:15:50.734Z]     [448/667] Building CXX object lib/usd/ui/CMakeFiles/mayaUsdUI.dir/importDialog/TreeModelFactory.cpp.o
[2023-03-31T14:15:51.056Z]     [449/667] Building CXX object lib/usd/ui/CMakeFiles/mayaUsdUI.dir/importDialog/USDImportDialog.cpp.o
[2023-03-31T14:15:51.056Z]     [450/667] Building CXX object lib/usd/ui/CMakeFiles/mayaUsdUI.dir/mayaUsdUI_autogen/5WMDHDZAMM/qrc_resources.cpp.o
[2023-03-31T14:15:51.165Z]     [451/667] Building CXX object lib/usd/ui/CMakeFiles/mayaUsdUI.dir/mayaUsdUI_autogen/AUCU3ACLTF/qrc_ui.cpp.o
[2023-03-31T14:15:51.165Z]     [452/667] Building CXX object lib/usd/ui/CMakeFiles/mayaUsdUI.dir/initStringResources.cpp.o
[2023-03-31T14:15:51.476Z]     [453/667] Building CXX object lib/usd/ui/CMakeFiles/mayaUsdUI.dir/importDialog/USDQtUtil.cpp.o
[2023-03-31T14:15:51.583Z]     [454/667] Building CXX object plugin/pxr/maya/lib/usdMaya/CMakeFiles/usdMaya.dir/listShadingModesCommand.cpp.o
[2023-03-31T14:15:52.830Z]     [455/667] Building CXX object lib/usd/ui/CMakeFiles/mayaUsdUI.dir/importDialog/USDImportDialogCmd.cpp.o
[2023-03-31T14:15:53.033Z]     [456/667] Linking CXX shared library lib/usd/ui/libmayaUsdUI.dylib
[2023-03-31T14:15:53.033Z]     [457/667] Automatic MOC and UIC for target testMayaUsdUI
[2023-03-31T14:15:53.033Z]     [458/667] Building CXX object lib/usd/ui/importDialogDemo/CMakeFiles/testMayaUsdUI.dir/testMayaUsdUI_autogen/mocs_compilation.cpp.o
[2023-03-31T14:15:56.586Z]     [459/667] Building CXX object plugin/pxr/maya/lib/usdMaya/CMakeFiles/usdMaya.dir/importTranslator.cpp.o
[2023-03-31T14:15:56.690Z]     [460/667] Building CXX object plugin/pxr/maya/lib/usdMaya/CMakeFiles/_usdMaya.dir/module.cpp.o
[2023-03-31T14:15:58.042Z]     [461/667] Building CXX object lib/usd/ui/importDialogDemo/CMakeFiles/testMayaUsdUI.dir/testMayaUsdUI.cpp.o
[2023-03-31T14:15:58.256Z]     [462/667] Linking CXX executable lib/usd/ui/importDialogDemo/testMayaUsdUI
[2023-03-31T14:15:58.257Z]     [463/667] Building CXX object plugin/pxr/maya/lib/usdMaya/CMakeFiles/usdMaya.dir/proxyShape.cpp.o
[2023-03-31T14:16:01.298Z]     [464/667] Building CXX object plugin/pxr/maya/lib/usdMaya/CMakeFiles/_usdMaya.dir/wrapAssembly.cpp.o
[2023-03-31T14:16:01.820Z]     [465/667] Building CXX object plugin/pxr/maya/lib/usdMaya/CMakeFiles/usdMaya.dir/referenceAssembly.cpp.o
[2023-03-31T14:16:02.034Z]     [466/667] Linking CXX shared library plugin/pxr/maya/lib/usdMaya/libusdMaya.dylib
[2023-03-31T14:16:04.014Z]     [467/667] Building CXX object plugin/pxr/maya/plugin/pxrUsd/CMakeFiles/pxrUsd.dir/alembicChaser.cpp.o
[2023-03-31T14:16:04.014Z]     [468/667] Copying api.h ...
[2023-03-31T14:16:04.648Z]     [469/667] Building CXX object plugin/pxr/maya/lib/usdMaya/CMakeFiles/_usdMaya.dir/wrapEditUtil.cpp.o
[2023-03-31T14:16:04.756Z]     [470/667] Linking CXX shared library plugin/pxr/maya/lib/usdMaya/_usdMaya.so
[2023-03-31T14:16:06.068Z]     [471/667] Building CXX object plugin/al/utils/AL/CMakeFiles/AL_EventSystem.dir/event/EventHandler.cpp.o
[2023-03-31T14:16:06.179Z]     [472/667] Linking CXX shared library plugin/al/utils/AL/libAL_EventSystem.dylib
[2023-03-31T14:16:06.399Z]     [473/667] Building CXX object plugin/pxr/maya/plugin/pxrUsd/CMakeFiles/pxrUsd.dir/usdTranslator.cpp.o
[2023-03-31T14:16:07.335Z]     [474/667] Building CXX object plugin/al/mayatest/AL/maya/test/CMakeFiles/AL_MayaTest.dir/testHarness.cpp.o
[2023-03-31T14:16:08.078Z]     [475/667] Building CXX object plugin/al/mayatest/AL/maya/test/CMakeFiles/AL_MayaTest.dir/testHelpers.cpp.o
[2023-03-31T14:16:08.078Z]     [476/667] Building CXX object plugin/pxr/maya/plugin/pxrUsd/CMakeFiles/pxrUsd.dir/plugin.cpp.o
[2023-03-31T14:16:08.078Z]     [477/667] Linking CXX shared library plugin/al/mayatest/AL/maya/test/libAL_MayaTest.dylib
[2023-03-31T14:16:08.188Z]     [478/667] Linking CXX shared library plugin/pxr/maya/plugin/pxrUsd/pxrUsd.bundle
[2023-03-31T14:16:08.602Z]     [479/667] Building CXX object plugin/pxr/maya/plugin/pxrUsdPreviewSurface/CMakeFiles/pxrUsdPreviewSurface.dir/plugin.cpp.o
[2023-03-31T14:16:08.708Z]     [480/667] Linking CXX shared library plugin/pxr/maya/plugin/pxrUsdPreviewSurface/pxrUsdPreviewSurface.bundle
[2023-03-31T14:16:08.808Z]     [481/667] Building CXX object plugin/al/mayautils/AL/maya/CMakeFiles/AL_MayaUtils.dir/utils/FileTranslatorOptions.cpp.o
[2023-03-31T14:16:09.124Z]     [482/667] Building CXX object plugin/al/mayautils/AL/maya/CMakeFiles/AL_MayaUtils.dir/utils/MenuBuilder.cpp.o
[2023-03-31T14:16:09.646Z]     [483/667] Building CXX object plugin/al/mayautils/AL/maya/CMakeFiles/AL_MayaUtils.dir/utils/Utils.cpp.o
[2023-03-31T14:16:10.287Z]     [484/667] Building CXX object plugin/al/mayautils/AL/maya/CMakeFiles/AL_MayaUtils.dir/utils/PluginTranslatorOptions.cpp.o
[2023-03-31T14:16:10.500Z]     [485/667] Building CXX object plugin/al/mayautils/AL/maya/CMakeFiles/AL_MayaUtils.dir/utils/NodeHelper.cpp.o
[2023-03-31T14:16:10.500Z]     [486/667] Building CXX object plugin/al/mayautils/AL/maya/CMakeFiles/AL_MayaUtils.dir/utils/CommandGuiHelper.cpp.o
[2023-03-31T14:16:11.018Z]     [487/667] Building CXX object plugin/al/mayautils/AL/maya/CMakeFiles/AL_MayaUtils.dir/event/MayaEventManager.cpp.o
[2023-03-31T14:16:11.123Z]     [488/667] Linking CXX shared library plugin/al/mayautils/AL/maya/libAL_MayaUtils.dylib
[2023-03-31T14:16:11.225Z]     [489/667] Building CXX object plugin/al/mayautils/AL/maya/tests/mayaplugintest/CMakeFiles/AL_MayaUtilsTests.dir/plugin.cpp.o
[2023-03-31T14:16:12.171Z]     [490/667] Building CXX object plugin/al/mayautils/AL/maya/tests/mayaplugintest/CMakeFiles/AL_MayaUtilsTests.dir/test_mobjectmap.cpp.o
[2023-03-31T14:16:12.171Z]     [491/667] Building CXX object plugin/al/mayautils/AL/maya/tests/mayaplugintest/CMakeFiles/AL_MayaUtilsTests.dir/utils/CommandGuiHelperTest.cpp.o
[2023-03-31T14:16:12.171Z]     [492/667] Building CXX object plugin/al/mayautils/AL/maya/tests/mayaplugintest/CMakeFiles/AL_MayaUtilsTests.dir/test_maya_MenuBuilder.cpp.o
[2023-03-31T14:16:12.905Z]     [493/667] Building CXX object plugin/al/mayautils/AL/maya/tests/mayaplugintest/CMakeFiles/AL_MayaUtilsTests.dir/utils/NodeHelperUnitTest.cpp.o
[2023-03-31T14:16:13.533Z]     [494/667] Building CXX object plugin/al/mayautils/AL/maya/tests/mayaplugintest/CMakeFiles/AL_MayaUtilsTests.dir/test_maya_NodeHelper.cpp.o
[2023-03-31T14:16:14.155Z]     [495/667] Building CXX object plugin/al/mayautils/AL/maya/tests/mayaplugintest/CMakeFiles/AL_MayaUtilsTests.dir/utils/PluginTranslatorOptionsTest.cpp.o
[2023-03-31T14:16:14.155Z]     [496/667] Linking CXX shared library plugin/al/mayautils/AL/maya/tests/mayaplugintest/AL_MayaUtilsTests.bundle
[2023-03-31T14:16:16.988Z]     [497/667] Building CXX object plugin/al/usdmayautils/AL/usdmaya/utils/CMakeFiles/AL_USDMayaUtils.dir/AnimationTranslator.cpp.o
[2023-03-31T14:16:17.199Z]     [498/667] Building CXX object plugin/al/usdmayautils/AL/usdmaya/utils/CMakeFiles/AL_USDMayaUtils.dir/AttributeType.cpp.o
[2023-03-31T14:16:18.362Z]     [499/667] Building CXX object plugin/al/usdmayautils/AL/usdmaya/utils/CMakeFiles/AL_USDMayaUtils.dir/Utils.cpp.o
[2023-03-31T14:16:22.736Z]     [500/667] Building CXX object plugin/al/usdmayautils/AL/usdmaya/utils/CMakeFiles/AL_USDMayaUtils.dir/NurbsCurveUtils.cpp.o
[2023-03-31T14:16:22.953Z]     [501/667] Building CXX object plugin/al/usdtransaction/AL/usd/transaction/CMakeFiles/_AL_USDTransaction.dir/module.cpp.o
[2023-03-31T14:16:23.998Z]     [502/667] Building CXX object plugin/al/usdmayautils/AL/usdmaya/utils/CMakeFiles/AL_USDMayaUtils.dir/MeshUtils.cpp.o
[2023-03-31T14:16:24.316Z]     [503/667] Building CXX object plugin/al/usdmayautils/AL/usdmaya/utils/CMakeFiles/AL_USDMayaUtils.dir/DiffPrimVar.cpp.o
[2023-03-31T14:16:24.634Z]     [504/667] Building CXX object plugin/al/usdmayautils/AL/usdmaya/utils/CMakeFiles/AL_USDMayaUtils.dir/DgNodeHelper.cpp.o
[2023-03-31T14:16:24.634Z]     [505/667] Linking CXX shared library plugin/al/usdmayautils/AL/usdmaya/utils/libAL_USDMayaUtils.dylib
[2023-03-31T14:16:27.664Z]     [506/667] Building CXX object plugin/al/usdtransaction/AL/usd/transaction/CMakeFiles/_AL_USDTransaction.dir/wrapNotice.cpp.o
[2023-03-31T14:16:28.190Z]     [507/667] Building CXX object plugin/al/usdtransaction/AL/usd/transaction/CMakeFiles/AL_USDTransaction.dir/Notice.cpp.o
[2023-03-31T14:16:29.456Z]     [508/667] Building CXX object plugin/al/usdtransaction/AL/usd/transaction/CMakeFiles/_AL_USDTransaction.dir/wrapTransaction.cpp.o
[2023-03-31T14:16:29.456Z]     [509/667] Building CXX object plugin/al/usdtransaction/AL/usd/transaction/CMakeFiles/_AL_USDTransaction.dir/wrapTransactionManager.cpp.o
[2023-03-31T14:16:30.284Z]     [510/667] Building CXX object plugin/al/usdtransaction/AL/usd/transaction/tests/CMakeFiles/AL_USDTransactionTests.dir/testMain.cpp.o
[2023-03-31T14:16:31.132Z]     [511/667] Building CXX object plugin/al/usdtransaction/AL/usd/transaction/CMakeFiles/AL_USDTransaction.dir/Transaction.cpp.o
[2023-03-31T14:16:31.245Z]     [512/667] Building CXX object plugin/al/lib/AL_USDMaya/CMakeFiles/_AL_USDMaya.dir/AL/usdmaya/module.cpp.o
[2023-03-31T14:16:32.692Z]     [513/667] Building CXX object plugin/al/usdtransaction/AL/usd/transaction/CMakeFiles/AL_USDTransaction.dir/TransactionManager.cpp.o
[2023-03-31T14:16:32.797Z]     [514/667] Linking CXX shared library plugin/al/usdtransaction/AL/usd/transaction/libAL_USDTransaction.dylib
[2023-03-31T14:16:32.797Z]     [515/667] Linking CXX shared library plugin/al/usdtransaction/AL/usd/transaction/_AL_USDTransaction.so
[2023-03-31T14:16:34.162Z]     [516/667] Building CXX object plugin/al/usdtransaction/AL/usd/transaction/tests/CMakeFiles/AL_USDTransactionTests.dir/testTransactionManager.cpp.o
[2023-03-31T14:16:34.478Z]     [517/667] Building CXX object plugin/al/lib/AL_USDMaya/CMakeFiles/_AL_USDMaya.dir/AL/usdmaya/wrapStageCache.cpp.o
[2023-03-31T14:16:36.559Z]     [518/667] Building CXX object plugin/al/usdtransaction/AL/usd/transaction/tests/CMakeFiles/AL_USDTransactionTests.dir/testTransaction.cpp.o
[2023-03-31T14:16:36.665Z]     [519/667] Linking CXX executable plugin/al/usdtransaction/AL/usd/transaction/tests/AL_USDTransactionTests
[2023-03-31T14:16:37.898Z]     [520/667] Building CXX object plugin/al/lib/AL_USDMaya/CMakeFiles/_AL_USDMaya.dir/AL/usdmaya/nodes/wrapLayerManager.cpp.o
[2023-03-31T14:16:41.454Z]     [521/667] Building CXX object plugin/al/lib/AL_USDMaya/CMakeFiles/_AL_USDMaya.dir/AL/usdmaya/nodes/wrapProxyShape.cpp.o
[2023-03-31T14:16:41.990Z]     [522/667] Building CXX object plugin/al/lib/AL_USDMaya/CMakeFiles/AL_USDMaya.dir/AL/usdmaya/DebugCodes.cpp.o
[2023-03-31T14:16:42.197Z]     [523/667] Building CXX object plugin/al/lib/AL_USDMaya/CMakeFiles/AL_USDMaya.dir/AL/usdmaya/TransformOperation.cpp.o
[2023-03-31T14:16:42.507Z]     [524/667] Building CXX object plugin/al/lib/AL_USDMaya/CMakeFiles/AL_USDMaya.dir/AL/usdmaya/Metadata.cpp.o
[2023-03-31T14:16:43.861Z]     [525/667] Building CXX object plugin/al/lib/AL_USDMaya/CMakeFiles/_AL_USDMaya.dir/AL/usdmaya/fileio/translators/wrapTranslatorContext.cpp.o
[2023-03-31T14:16:44.077Z]     [526/667] Building CXX object plugin/al/lib/AL_USDMaya/CMakeFiles/AL_USDMaya.dir/AL/usdmaya/StageCache.cpp.o
[2023-03-31T14:16:45.525Z]     [527/667] Building CXX object plugin/al/lib/AL_USDMaya/CMakeFiles/_AL_USDMaya.dir/AL/usdmaya/fileio/translators/wrapTranslatorBase.cpp.o
[2023-03-31T14:16:45.736Z]     [528/667] Building CXX object plugin/al/lib/AL_USDMaya/CMakeFiles/AL_USDMaya.dir/AL/usdmaya/moduleDeps.cpp.o
[2023-03-31T14:16:46.265Z]     [529/667] Building CXX object plugin/al/lib/AL_USDMaya/CMakeFiles/AL_USDMaya.dir/AL/usdmaya/cmds/DebugCommands.cpp.o
[2023-03-31T14:16:47.331Z]     [530/667] Building CXX object plugin/al/lib/AL_USDMaya/CMakeFiles/AL_USDMaya.dir/AL/usdmaya/cmds/EventCommand.cpp.o
[2023-03-31T14:16:47.869Z]     [531/667] Building CXX object plugin/al/lib/AL_USDMaya/CMakeFiles/AL_USDMaya.dir/AL/usdmaya/Global.cpp.o
[2023-03-31T14:16:48.923Z]     [532/667] Building CXX object plugin/al/lib/AL_USDMaya/CMakeFiles/AL_USDMaya.dir/AL/usdmaya/cmds/CreateUsdPrim.cpp.o
[2023-03-31T14:16:51.545Z]     [533/667] Building CXX object plugin/al/lib/AL_USDMaya/CMakeFiles/AL_USDMaya.dir/AL/usdmaya/cmds/ListTranslators.cpp.o
[2023-03-31T14:16:52.281Z]     [534/667] Building CXX object plugin/al/lib/AL_USDMaya/CMakeFiles/AL_USDMaya.dir/AL/usdmaya/cmds/RendererCommands.cpp.o
[2023-03-31T14:16:52.808Z]     [535/667] Building CXX object plugin/al/lib/AL_USDMaya/CMakeFiles/AL_USDMaya.dir/AL/usdmaya/cmds/LayerCommands.cpp.o
[2023-03-31T14:16:53.014Z]     [536/667] Building CXX object plugin/al/lib/AL_USDMaya/CMakeFiles/AL_USDMaya.dir/AL/usdmaya/cmds/SyncFileIOGui.cpp.o
[2023-03-31T14:16:54.683Z]     [537/667] Building CXX object plugin/al/lib/AL_USDMaya/CMakeFiles/AL_USDMaya.dir/AL/usdmaya/cmds/ProxyShapePostLoadProcess.cpp.o
[2023-03-31T14:16:55.411Z]     [538/667] Building CXX object plugin/al/lib/AL_USDMaya/CMakeFiles/AL_USDMaya.dir/AL/usdmaya/cmds/ProxyShapeCommands.cpp.o
[2023-03-31T14:16:58.032Z]     [539/667] Building CXX object plugin/al/lib/AL_USDMaya/CMakeFiles/AL_USDMaya.dir/AL/usdmaya/cmds/UnloadPrim.cpp.o
[2023-03-31T14:16:58.240Z]     [540/667] Building CXX object plugin/al/lib/AL_USDMaya/CMakeFiles/AL_USDMaya.dir/AL/usdmaya/fileio/AnimationTranslator.cpp.o
[2023-03-31T14:17:00.449Z]     [541/667] Building CXX object plugin/al/lib/AL_USDMaya/CMakeFiles/AL_USDMaya.dir/AL/usdmaya/fileio/ExportTranslator.cpp.o
[2023-03-31T14:17:03.356Z]     [542/667] Building CXX object plugin/al/lib/AL_USDMaya/CMakeFiles/AL_USDMaya.dir/AL/usdmaya/fileio/Export.cpp.o
[2023-03-31T14:17:03.464Z]     [543/667] Building CXX object plugin/al/lib/AL_USDMaya/CMakeFiles/AL_USDMaya.dir/AL/usdmaya/fileio/NodeFactory.cpp.o
[2023-03-31T14:17:04.096Z]     [544/667] Building CXX object plugin/al/lib/AL_USDMaya/CMakeFiles/AL_USDMaya.dir/AL/usdmaya/fileio/Import.cpp.o
[2023-03-31T14:17:04.850Z]     [545/667] Building CXX object plugin/al/lib/AL_USDMaya/CMakeFiles/AL_USDMaya.dir/AL/usdmaya/fileio/ImportTranslator.cpp.o
[2023-03-31T14:17:07.671Z]     [546/667] Building CXX object plugin/al/lib/AL_USDMaya/CMakeFiles/AL_USDMaya.dir/AL/usdmaya/fileio/SchemaPrims.cpp.o
[2023-03-31T14:17:07.882Z]     [547/667] Building CXX object plugin/al/lib/AL_USDMaya/CMakeFiles/AL_USDMaya.dir/AL/usdmaya/fileio/TransformIterator.cpp.o
[2023-03-31T14:17:08.722Z]     [548/667] Building CXX object plugin/al/lib/AL_USDMaya/CMakeFiles/AL_USDMaya.dir/AL/usdmaya/fileio/translators/DagNodeTranslator.cpp.o
[2023-03-31T14:17:09.672Z]     [549/667] Building CXX object plugin/al/lib/AL_USDMaya/CMakeFiles/AL_USDMaya.dir/AL/usdmaya/fileio/translators/DgNodeTranslator.cpp.o
[2023-03-31T14:17:13.342Z]     [550/667] Building CXX object plugin/al/lib/AL_USDMaya/CMakeFiles/AL_USDMaya.dir/AL/usdmaya/fileio/translators/TranslatorBase.cpp.o
[2023-03-31T14:17:14.090Z]     [551/667] Building CXX object plugin/al/lib/AL_USDMaya/CMakeFiles/AL_USDMaya.dir/AL/usdmaya/fileio/translators/TranslatorTestPlugin.cpp.o
[2023-03-31T14:17:14.417Z]     [552/667] Building CXX object plugin/al/lib/AL_USDMaya/CMakeFiles/AL_USDMaya.dir/AL/usdmaya/fileio/translators/TransformTranslator.cpp.o
[2023-03-31T14:17:15.045Z]     [553/667] Building CXX object plugin/al/lib/AL_USDMaya/CMakeFiles/AL_USDMaya.dir/AL/usdmaya/fileio/translators/TranslatorContext.cpp.o
[2023-03-31T14:17:17.567Z]     [554/667] Building CXX object plugin/al/lib/AL_USDMaya/CMakeFiles/AL_USDMaya.dir/AL/usdmaya/fileio/translators/TranslatorTestType.cpp.o
[2023-03-31T14:17:18.384Z]     [555/667] Building CXX object plugin/al/lib/AL_USDMaya/CMakeFiles/AL_USDMaya.dir/AL/usdmaya/nodes/Layer.cpp.o
[2023-03-31T14:17:18.384Z]     [556/667] Building CXX object plugin/al/lib/AL_USDMaya/CMakeFiles/AL_USDMaya.dir/AL/usdmaya/fileio/translators/ExtraDataPlugin.cpp.o
[2023-03-31T14:17:18.909Z]     [557/667] Building CXX object plugin/al/lib/AL_USDMaya/CMakeFiles/AL_USDMaya.dir/AL/usdmaya/fileio/translators/TestExtraDataPlugin.cpp.o
[2023-03-31T14:17:22.784Z]     [558/667] Building CXX object plugin/al/lib/AL_USDMaya/CMakeFiles/AL_USDMaya.dir/AL/usdmaya/nodes/Engine.cpp.o
[2023-03-31T14:17:23.202Z]     [559/667] Building CXX object plugin/al/lib/AL_USDMaya/CMakeFiles/AL_USDMaya.dir/AL/usdmaya/nodes/LayerManager.cpp.o
[2023-03-31T14:17:23.727Z]     [560/667] Building CXX object plugin/al/lib/AL_USDMaya/CMakeFiles/AL_USDMaya.dir/AL/usdmaya/nodes/MeshAnimCreator.cpp.o
[2023-03-31T14:17:23.934Z]     [561/667] Building CXX object plugin/al/lib/AL_USDMaya/CMakeFiles/AL_USDMaya.dir/AL/usdmaya/nodes/MeshAnimDeformer.cpp.o
[2023-03-31T14:17:30.569Z]     [562/667] Building CXX object plugin/al/lib/AL_USDMaya/CMakeFiles/AL_USDMaya.dir/AL/usdmaya/nodes/ProxyUsdGeomCamera.cpp.o
[2023-03-31T14:17:30.569Z]     [563/667] Building CXX object plugin/al/lib/AL_USDMaya/CMakeFiles/AL_USDMaya.dir/AL/usdmaya/nodes/ProxyShapeSelection.cpp.o
[2023-03-31T14:17:30.569Z]     [564/667] Building CXX object plugin/al/lib/AL_USDMaya/CMakeFiles/AL_USDMaya.dir/AL/usdmaya/nodes/RendererManager.cpp.o
[2023-03-31T14:17:36.670Z]     [565/667] Building CXX object plugin/al/lib/AL_USDMaya/CMakeFiles/AL_USDMaya.dir/AL/usdmaya/nodes/BasicTransformationMatrix.cpp.o
[2023-03-31T14:17:36.771Z]     [566/667] Building CXX object plugin/al/lib/AL_USDMaya/CMakeFiles/AL_USDMaya.dir/AL/usdmaya/nodes/Transform.cpp.o
[2023-03-31T14:17:36.771Z]     [567/667] Building CXX object plugin/al/lib/AL_USDMaya/CMakeFiles/AL_USDMaya.dir/AL/usdmaya/nodes/Scope.cpp.o
[2023-03-31T14:17:36.871Z]     [568/667] Building CXX object plugin/al/lib/AL_USDMaya/CMakeFiles/AL_USDMaya.dir/AL/usdmaya/nodes/ProxyShape.cpp.o
[2023-03-31T14:17:41.725Z]     [569/667] Building CXX object plugin/al/lib/AL_USDMaya/CMakeFiles/AL_USDMaya.dir/AL/usdmaya/nodes/proxy/PrimFilter.cpp.o
[2023-03-31T14:17:41.826Z]     [570/667] Building CXX object plugin/al/lib/AL_USDMaya/CMakeFiles/AL_USDMaya.dir/AL/usdmaya/nodes/proxy/ProxyShapeVariantFallbacks.cpp.o
[2023-03-31T14:17:42.033Z]     [571/667] Building CXX object plugin/al/lib/AL_USDMaya/CMakeFiles/AL_USDMaya.dir/AL/usdmaya/nodes/proxy/ProxyShapeMetaData.cpp.o
[2023-03-31T14:17:43.505Z]     [572/667] Building CXX object plugin/al/lib/AL_USDMaya/CMakeFiles/AL_USDMaya.dir/AL/usdmaya/nodes/TransformationMatrix.cpp.o
[2023-03-31T14:17:43.719Z]     [573/667] Linking CXX shared library plugin/al/lib/AL_USDMaya/libAL_USDMaya.dylib
[2023-03-31T14:17:43.824Z]     [574/667] Linking CXX shared library plugin/al/lib/AL_USDMaya/_AL_USDMaya.so
[2023-03-31T14:17:46.878Z]     [575/667] Building CXX object plugin/al/plugin/AL_USDMayaTestPlugin/CMakeFiles/AL_USDMayaTestPlugin.dir/AL/maya/test_EventHandler.cpp.o
[2023-03-31T14:17:48.657Z]     [576/667] Building CXX object plugin/al/plugin/AL_USDMayaPlugin/CMakeFiles/AL_USDMayaPlugin.dir/plugin.cpp.o
[2023-03-31T14:17:48.764Z]     [577/667] Linking CXX shared library plugin/al/plugin/AL_USDMayaPlugin/AL_USDMayaPlugin.bundle
[2023-03-31T14:17:51.016Z]     [578/667] Building CXX object plugin/al/plugin/AL_USDMayaTestPlugin/CMakeFiles/AL_USDMayaTestPlugin.dir/AL/maya/test_MatrixToSRT.cpp.o
[2023-03-31T14:17:51.016Z]     [579/667] Building CXX object plugin/al/plugin/AL_USDMayaTestPlugin/CMakeFiles/AL_USDMayaTestPlugin.dir/plugin.cpp.o
[2023-03-31T14:17:51.852Z]     [580/667] Building CXX object plugin/al/plugin/AL_USDMayaTestPlugin/CMakeFiles/AL_USDMayaTestPlugin.dir/AL/maya/test_MayaEventManager.cpp.o
[2023-03-31T14:17:56.508Z]     [581/667] Building CXX object plugin/al/plugin/AL_USDMayaTestPlugin/CMakeFiles/AL_USDMayaTestPlugin.dir/AL/usdmaya/commands/test_ExportCommands.cpp.o
[2023-03-31T14:17:56.919Z]     [582/667] Building CXX object plugin/al/plugin/AL_USDMayaTestPlugin/CMakeFiles/AL_USDMayaTestPlugin.dir/AL/usdmaya/commands/test_LayerManagerCommands.cpp.o
[2023-03-31T14:17:57.028Z]     [583/667] Building CXX object plugin/al/plugin/AL_USDMayaTestPlugin/CMakeFiles/AL_USDMayaTestPlugin.dir/AL/usdmaya/commands/test_LayerCommands.cpp.o
[2023-03-31T14:18:01.299Z]     [584/667] Building CXX object plugin/al/plugin/AL_USDMayaTestPlugin/CMakeFiles/AL_USDMayaTestPlugin.dir/AL/usdmaya/commands/test_ProxyShapeImport.cpp.o
[2023-03-31T14:18:01.820Z]     [585/667] Building CXX object plugin/al/plugin/AL_USDMayaTestPlugin/CMakeFiles/AL_USDMayaTestPlugin.dir/AL/usdmaya/commands/test_TranslateCommand.cpp.o
[2023-03-31T14:18:02.348Z]     [586/667] Building CXX object plugin/al/plugin/AL_USDMayaTestPlugin/CMakeFiles/AL_USDMayaTestPlugin.dir/AL/usdmaya/fileio/export_blendshape.cpp.o
[2023-03-31T14:18:02.874Z]     [587/667] Building CXX object plugin/al/plugin/AL_USDMayaTestPlugin/CMakeFiles/AL_USDMayaTestPlugin.dir/AL/usdmaya/fileio/export_misc.cpp.o
[2023-03-31T14:18:06.698Z]     [588/667] Building CXX object plugin/al/plugin/AL_USDMayaTestPlugin/CMakeFiles/AL_USDMayaTestPlugin.dir/AL/usdmaya/fileio/export_constraints.cpp.o
[2023-03-31T14:18:07.425Z]     [589/667] Building CXX object plugin/al/plugin/AL_USDMayaTestPlugin/CMakeFiles/AL_USDMayaTestPlugin.dir/AL/usdmaya/fileio/export_ik.cpp.o
[2023-03-31T14:18:09.447Z]     [590/667] Building CXX object plugin/al/plugin/AL_USDMayaTestPlugin/CMakeFiles/AL_USDMayaTestPlugin.dir/AL/usdmaya/fileio/export_import_instancing.cpp.o
[2023-03-31T14:18:09.554Z]     [591/667] Building CXX object plugin/al/plugin/AL_USDMayaTestPlugin/CMakeFiles/AL_USDMayaTestPlugin.dir/AL/usdmaya/fileio/export_lattice.cpp.o
[2023-03-31T14:18:11.847Z]     [592/667] Building CXX object plugin/al/plugin/AL_USDMayaTestPlugin/CMakeFiles/AL_USDMayaTestPlugin.dir/AL/usdmaya/fileio/export_multiple_shapes.cpp.o
[2023-03-31T14:18:13.221Z]     [593/667] Building CXX object plugin/al/plugin/AL_USDMayaTestPlugin/CMakeFiles/AL_USDMayaTestPlugin.dir/AL/usdmaya/fileio/export_nonlinear.cpp.o
[2023-03-31T14:18:14.679Z]     [594/667] Building CXX object plugin/al/plugin/AL_USDMayaTestPlugin/CMakeFiles/AL_USDMayaTestPlugin.dir/AL/usdmaya/fileio/export_unmerged.cpp.o
[2023-03-31T14:18:14.780Z]     [595/667] Building CXX object plugin/al/plugin/AL_USDMayaTestPlugin/CMakeFiles/AL_USDMayaTestPlugin.dir/AL/usdmaya/fileio/import_instances.cpp.o
[2023-03-31T14:18:17.204Z]     [596/667] Building CXX object plugin/al/plugin/AL_USDMayaTestPlugin/CMakeFiles/AL_USDMayaTestPlugin.dir/AL/usdmaya/fileio/import_playback_range.cpp.o
[2023-03-31T14:18:18.670Z]     [597/667] Building CXX object plugin/al/plugin/AL_USDMayaTestPlugin/CMakeFiles/AL_USDMayaTestPlugin.dir/AL/usdmaya/fileio/test_activeInActiveTranslators.cpp.o
[2023-03-31T14:18:21.872Z]     [598/667] Building CXX object plugin/al/plugin/AL_USDMayaTestPlugin/CMakeFiles/AL_USDMayaTestPlugin.dir/AL/usdmaya/nodes/proxy/test_PrimFilter.cpp.o
[2023-03-31T14:18:23.525Z]     [599/667] Building CXX object plugin/al/plugin/AL_USDMayaTestPlugin/CMakeFiles/AL_USDMayaTestPlugin.dir/AL/usdmaya/nodes/test_ActiveInactive.cpp.o
[2023-03-31T14:18:23.636Z]     [600/667] Building CXX object plugin/al/plugin/AL_USDMayaTestPlugin/CMakeFiles/AL_USDMayaTestPlugin.dir/AL/usdmaya/nodes/test_ExtraDataPlugin.cpp.o
[2023-03-31T14:18:26.104Z]     [601/667] Building CXX object plugin/al/plugin/AL_USDMayaTestPlugin/CMakeFiles/AL_USDMayaTestPlugin.dir/AL/usdmaya/nodes/test_LayerManager.cpp.o
[2023-03-31T14:18:29.122Z]     [602/667] Building CXX object plugin/al/plugin/AL_USDMayaTestPlugin/CMakeFiles/AL_USDMayaTestPlugin.dir/AL/usdmaya/nodes/test_lockPrims.cpp.o
[2023-03-31T14:18:29.751Z]     [603/667] Building CXX object plugin/al/plugin/AL_USDMayaTestPlugin/CMakeFiles/AL_USDMayaTestPlugin.dir/AL/usdmaya/nodes/test_ProxyShapeSelectabilityDB.cpp.o
[2023-03-31T14:18:32.708Z]     [604/667] Building CXX object plugin/al/plugin/AL_USDMayaTestPlugin/CMakeFiles/AL_USDMayaTestPlugin.dir/AL/usdmaya/nodes/test_ProxyUsdGeomCamera.cpp.o
[2023-03-31T14:18:34.799Z]     [605/667] Building CXX object plugin/al/plugin/AL_USDMayaTestPlugin/CMakeFiles/AL_USDMayaTestPlugin.dir/AL/usdmaya/nodes/test_ProxyShape.cpp.o
[2023-03-31T14:18:35.219Z]     [606/667] Building CXX object plugin/al/plugin/AL_USDMayaTestPlugin/CMakeFiles/AL_USDMayaTestPlugin.dir/AL/usdmaya/nodes/test_Transform.cpp.o
[2023-03-31T14:18:38.677Z]     [607/667] Building CXX object plugin/al/plugin/AL_USDMayaTestPlugin/CMakeFiles/AL_USDMayaTestPlugin.dir/AL/usdmaya/nodes/test_ScopeMatrix.cpp.o
[2023-03-31T14:18:41.688Z]     [608/667] Building CXX object plugin/al/plugin/AL_USDMayaTestPlugin/CMakeFiles/AL_USDMayaTestPlugin.dir/AL/usdmaya/nodes/test_TranslatorContext.cpp.o
[2023-03-31T14:18:41.795Z]     [609/667] Building CXX object plugin/al/plugin/AL_USDMayaTestPlugin/CMakeFiles/AL_USDMayaTestPlugin.dir/AL/usdmaya/nodes/test_VariantFallbacks.cpp.o
[2023-03-31T14:18:41.795Z]     [610/667] Building CXX object plugin/al/plugin/AL_USDMayaTestPlugin/CMakeFiles/AL_USDMayaTestPlugin.dir/AL/usdmaya/nodes/test_TransformMatrix.cpp.o
[2023-03-31T14:18:48.879Z]     [611/667] Building CXX object plugin/al/plugin/AL_USDMayaTestPlugin/CMakeFiles/AL_USDMayaTestPlugin.dir/AL/usdmaya/test_DiffGeom.cpp.o
[2023-03-31T14:18:48.986Z]     [612/667] Building CXX object plugin/al/plugin/AL_USDMayaTestPlugin/CMakeFiles/AL_USDMayaTestPlugin.dir/test_translators_AnimationTranslator.cpp.o
[2023-03-31T14:18:48.986Z]     [613/667] Building CXX object plugin/al/plugin/AL_USDMayaTestPlugin/CMakeFiles/AL_USDMayaTestPlugin.dir/test_translators_CameraTranslator.cpp.o
[2023-03-31T14:18:49.407Z]     [614/667] Building CXX object plugin/al/plugin/AL_USDMayaTestPlugin/CMakeFiles/AL_USDMayaTestPlugin.dir/AL/usdmaya/test_DiffPrimVar.cpp.o
[2023-03-31T14:18:54.709Z]     [615/667] Building CXX object plugin/al/plugin/AL_USDMayaTestPlugin/CMakeFiles/AL_USDMayaTestPlugin.dir/test_translators_PythonBindings.cpp.o
[2023-03-31T14:18:55.125Z]     [616/667] Building CXX object plugin/al/plugin/AL_USDMayaTestPlugin/CMakeFiles/AL_USDMayaTestPlugin.dir/test_translators_NurbsCurveTranslator.cpp.o
[2023-03-31T14:18:59.626Z]     [617/667] Building CXX object plugin/al/plugin/AL_USDMayaTestPlugin/CMakeFiles/AL_USDMayaTestPlugin.dir/test_translators_MeshTranslator.cpp.o
[2023-03-31T14:18:59.626Z]     [618/667] Building CXX object plugin/al/plugin/AL_USDMayaTestPlugin/CMakeFiles/AL_USDMayaTestPlugin.dir/test_translators_DgTranslator.cpp.o
[2023-03-31T14:19:00.360Z]     [619/667] Building CXX object plugin/al/plugin/AL_USDMayaTestPlugin/CMakeFiles/AL_USDMayaTestPlugin.dir/test_translators_Translator.cpp.o
[2023-03-31T14:19:00.567Z]     [620/667] Building CXX object plugin/al/schemas/AL/usd/schemas/maya/CMakeFiles/_AL_USDMayaSchemas.dir/module.cpp.o
[2023-03-31T14:19:04.878Z]     [621/667] Building CXX object plugin/al/plugin/AL_USDMayaTestPlugin/CMakeFiles/AL_USDMayaTestPlugin.dir/test_translators_TransformTranslator.cpp.o
[2023-03-31T14:19:04.878Z]     [622/667] Building CXX object plugin/al/plugin/AL_USDMayaTestPlugin/CMakeFiles/AL_USDMayaTestPlugin.dir/test_usdmaya.cpp.o
[2023-03-31T14:19:06.258Z]     [623/667] Building CXX object plugin/al/schemas/AL/usd/schemas/maya/CMakeFiles/_AL_USDMayaSchemas.dir/wrapModelAPI.cpp.o
[2023-03-31T14:19:06.904Z]     [624/667] Building CXX object plugin/al/plugin/AL_USDMayaTestPlugin/CMakeFiles/AL_USDMayaTestPlugin.dir/test_usdmaya_AttributeType.cpp.o
[2023-03-31T14:19:09.448Z]     [625/667] Building CXX object plugin/al/schemas/AL/usd/schemas/maya/CMakeFiles/_AL_USDMayaSchemas.dir/wrapTokens.cpp.o
[2023-03-31T14:19:09.967Z]     [626/667] Building CXX object plugin/al/schemas/AL/usd/schemas/maya/CMakeFiles/AL_USDMayaSchemas.dir/tokens.cpp.o
[2023-03-31T14:19:10.484Z]     [627/667] Building CXX object plugin/al/schemas/AL/usd/schemas/maya/CMakeFiles/_AL_USDMayaSchemas.dir/wrapFrameRange.cpp.o
[2023-03-31T14:19:10.697Z]     [628/667] Building CXX object plugin/al/schemas/AL/usd/schemas/maya/CMakeFiles/AL_USDMayaSchemas.dir/ModelAPI.cpp.o
[2023-03-31T14:19:11.118Z]     [629/667] Building CXX object plugin/al/schemas/AL/usd/schemas/maya/CMakeFiles/AL_USDMayaSchemas.dir/FrameRange.cpp.o
[2023-03-31T14:19:11.536Z]     [630/667] Building CXX object plugin/al/schemas/AL/usd/schemas/maya/tests/CMakeFiles/testMayaSchemas.dir/main.cpp.o
[2023-03-31T14:19:13.538Z]     [631/667] Building CXX object plugin/al/schemas/AL/usd/schemas/maya/CMakeFiles/AL_USDMayaSchemas.dir/ModuleDeps.cpp.o
[2023-03-31T14:19:13.643Z]     [632/667] Building CXX object plugin/al/schemas/AL/usd/schemas/mayatest/CMakeFiles/AL_USDMayaSchemasTest.dir/ModuleDeps.cpp.o
[2023-03-31T14:19:13.643Z]     [633/667] Linking CXX shared library plugin/al/schemas/AL/usd/schemas/maya/libAL_USDMayaSchemas.dylib
[2023-03-31T14:19:13.643Z]     [634/667] Linking CXX shared library plugin/al/schemas/AL/usd/schemas/maya/_AL_USDMayaSchemas.so
[2023-03-31T14:19:14.160Z]     [635/667] Building CXX object plugin/al/schemas/AL/usd/schemas/mayatest/CMakeFiles/AL_USDMayaSchemasTest.dir/tokens.cpp.o
[2023-03-31T14:19:14.266Z]     [636/667] Building CXX object plugin/al/schemas/AL/usd/schemas/mayatest/CMakeFiles/_AL_USDMayaSchemasTest.dir/module.cpp.o
[2023-03-31T14:19:15.319Z]     [637/667] Building CXX object plugin/al/schemas/AL/usd/schemas/maya/tests/CMakeFiles/testMayaSchemas.dir/testMayaSchemas.cpp.o
[2023-03-31T14:19:15.744Z]     [638/667] Building CXX object plugin/al/schemas/AL/usd/schemas/maya/tests/CMakeFiles/testMayaSchemas.dir/testModelAPI.cpp.o
[2023-03-31T14:19:15.744Z]     [639/667] Linking CXX executable plugin/al/schemas/AL/usd/schemas/maya/tests/testMayaSchemas
[2023-03-31T14:19:16.593Z]     [640/667] Building CXX object plugin/al/schemas/AL/usd/schemas/mayatest/CMakeFiles/_AL_USDMayaSchemasTest.dir/wrapTokens.cpp.o
[2023-03-31T14:19:17.656Z]     [641/667] Building CXX object plugin/al/translators/CMakeFiles/AL_USDMayaTranslators.dir/CommonTranslatorOptions.cpp.o
[2023-03-31T14:19:17.859Z]     [642/667] Building CXX object plugin/al/schemas/AL/usd/schemas/mayatest/CMakeFiles/AL_USDMayaSchemasTest.dir/ExamplePolyCubeNode.cpp.o
[2023-03-31T14:19:17.962Z]     [643/667] Linking CXX shared library plugin/al/schemas/AL/usd/schemas/mayatest/libAL_USDMayaSchemasTest.dylib
[2023-03-31T14:19:18.267Z]     [644/667] Linking CXX shared library plugin/al/plugin/AL_USDMayaTestPlugin/AL_USDMayaTestPlugin.bundle
[2023-03-31T14:19:21.234Z]     [645/667] Building CXX object plugin/al/schemas/AL/usd/schemas/mayatest/CMakeFiles/_AL_USDMayaSchemasTest.dir/wrapExamplePolyCubeNode.cpp.o
[2023-03-31T14:19:21.234Z]     [646/667] Linking CXX shared library plugin/al/schemas/AL/usd/schemas/mayatest/_AL_USDMayaSchemasTest.so
[2023-03-31T14:19:21.970Z]     [647/667] Building CXX object plugin/al/translators/CMakeFiles/AL_USDMayaTranslators.dir/Camera.cpp.o
[2023-03-31T14:19:22.699Z]     [648/667] Building CXX object plugin/al/translators/CMakeFiles/AL_USDMayaTranslators.dir/MayaReference.cpp.o
[2023-03-31T14:19:24.500Z]     [649/667] Building CXX object plugin/al/translators/CMakeFiles/AL_USDMayaTranslators.dir/Mesh.cpp.o
[2023-03-31T14:19:26.402Z]     [650/667] Building CXX object plugin/al/translators/CMakeFiles/AL_USDMayaTranslators.dir/FrameRange.cpp.o
[2023-03-31T14:19:26.616Z]     [651/667] Building CXX object plugin/al/translators/CMakeFiles/AL_USDMayaTranslators.dir/NurbsCurve.cpp.o
[2023-03-31T14:19:26.931Z]     [652/667] Building CXX object plugin/al/translators/pxrUsdTranslators/CMakeFiles/AL_USDMayaPxrTranslators.dir/plugin.cpp.o
[2023-03-31T14:19:28.188Z]     [653/667] Building CXX object plugin/al/translators/CMakeFiles/AL_USDMayaTranslators.dir/DirectionalLight.cpp.o
[2023-03-31T14:19:28.406Z]     [654/667] Linking CXX shared library plugin/al/translators/libAL_USDMayaTranslators.dylib
[2023-03-31T14:19:30.297Z]     [655/667] Building CXX object plugin/al/translators/pxrUsdTranslators/CMakeFiles/AL_USDMayaPxrTranslators.dir/ProxyShapeTranslator.cpp.o
[2023-03-31T14:19:30.405Z]     [656/667] Linking CXX shared library plugin/al/translators/pxrUsdTranslators/AL_USDMayaPxrTranslators.bundle
[2023-03-31T14:19:30.930Z]     [657/667] Building CXX object plugin/adsk/plugin/CMakeFiles/mayaUsdPlugin.dir/adskListShadingModesCommand.cpp.o
[2023-03-31T14:19:31.142Z]     [658/667] Building CXX object plugin/adsk/plugin/CMakeFiles/mayaUsdPlugin.dir/adskImportCommand.cpp.o
[2023-03-31T14:19:31.356Z]     [659/667] Building CXX object plugin/adsk/plugin/CMakeFiles/mayaUsdPlugin.dir/adskListJobContextsCommand.cpp.o
[2023-03-31T14:19:32.426Z]     [660/667] Building CXX object plugin/adsk/plugin/CMakeFiles/mayaUsdPlugin.dir/adskExportCommand.cpp.o
[2023-03-31T14:19:34.217Z]     [661/667] Building CXX object plugin/adsk/plugin/CMakeFiles/mayaUsdPlugin.dir/plugin.cpp.o
[2023-03-31T14:19:35.263Z]     [662/667] Building CXX object plugin/adsk/plugin/CMakeFiles/mayaUsdPlugin.dir/adskStageLoadUnloadCommands.cpp.o
[2023-03-31T14:19:36.303Z]     [663/667] Building CXX object plugin/adsk/plugin/CMakeFiles/mayaUsdPlugin.dir/geomNode.cpp.o
[2023-03-31T14:19:37.474Z]     [664/667] Building CXX object plugin/adsk/plugin/CMakeFiles/mayaUsdPlugin.dir/importTranslator.cpp.o
[2023-03-31T14:19:38.988Z]     [665/667] Building CXX object plugin/adsk/plugin/CMakeFiles/mayaUsdPlugin.dir/exportTranslator.cpp.o
[2023-03-31T14:19:39.100Z]     [666/667] Building CXX object plugin/adsk/plugin/CMakeFiles/mayaUsdPlugin.dir/ProxyShape.cpp.o
[2023-03-31T14:19:39.211Z]     [667/667] Linking CXX shared module plugin/adsk/plugin/mayaUsdPlugin.bundle
[2023-03-31T14:19:39.211Z]     
[2023-03-31T14:19:39.211Z]         Building with settings:
[2023-03-31T14:19:39.211Z]           Source directory          /local/S/jenkins/workspace/ECP/ecg-maya-usd/ecg-mayausd-branch-preflight-2022-python3-osx/ecg-maya-usd/maya-usd
[2023-03-31T14:19:39.211Z]           Workspace directory       /local/S/jenkins/workspace/ECP/ecg-maya-usd/ecg-mayausd-branch-preflight-2022-python3-osx
[2023-03-31T14:19:39.211Z]           Build directory           /local/S/jenkins/workspace/ECP/ecg-maya-usd/ecg-mayausd-branch-preflight-2022-python3-osx/build/RelWithDebInfo
[2023-03-31T14:19:39.211Z]           Install directory         /local/S/jenkins/workspace/ECP/ecg-maya-usd/ecg-mayausd-branch-preflight-2022-python3-osx/install/RelWithDebInfo/MayaUSD
[2023-03-31T14:19:39.211Z]           Variant                   RelWithDebInfo
[2023-03-31T14:19:39.211Z]           Python Debug              Off
[2023-03-31T14:19:39.211Z]           CMake generator           Ninja
[2023-03-31T14:19:39.211Z]           Build arguments           ['-DCMAKE_MAKE_PROGRAM=/local/S/jenkins/workspace/shared/Artifactory/OSX/ninja/1.9.0/41005eb/ninja', '-DPYTHON_INCLUDE_DIR=/local/S/jenkins/workspace/shared/Artifactory/OSX/rundev-2022/202303271415/runtime/14b7a14/runTime/Maya.app/Contents/Frameworks/Python.framework/Versions/Current/include/python3.7m', '-DPython_EXECUTABLE=/local/S/jenkins/workspace/shared/Artifactory/OSX/rundev-2022/202303271415/runtime/14b7a14/runTime/Maya.app/Contents/bin/mayapy', '-DPYTHON_LIBRARIES=/local/S/jenkins/workspace/shared/Artifactory/OSX/rundev-2022/202303271415/runtime/14b7a14/runTime/Maya.app/Contents/Frameworks/Python.framework/Versions/Current/lib/libpython3.7m.dylib', '-DBUILD_WITH_PYTHON_3=ON', '-DUSD_LIB_PREFIX=lib', '-DCMAKE_WANT_MATERIALX_BUILD=ON', '-DCMAKE_PREFIX_PATH=/local/S/jenkins/workspace/shared/Artifactory/OSX/USD/c188d08']
[2023-03-31T14:19:39.211Z]           Stages arguments          ['build']
[2023-03-31T14:19:39.211Z]           CTest arguments           ['-E testUsdReferenceAssemblySelection|testUsdMayaAppDir', '-LE interactive', '--parallel 4']
[2023-03-31T14:19:39.211Z]     Success MayaUSD build and install !!!!
[2023-03-31T14:19:39.211Z]     Elapsed time: 00:12:33
[Pipeline] }
[Pipeline] // withEnv
[Pipeline] }
[Pipeline] // timeout
[Pipeline] }
[Pipeline] // stage
[Pipeline] }
[Pipeline] // timestamps
[Pipeline] timestamps
[Pipeline] {
[Pipeline] stage
[Pipeline] { (Install)
[Pipeline] timeout
[2023-03-31T14:19:39.418Z] Timeout set to expire in 6 hr 0 min
[Pipeline] {
[Pipeline] withEnv
[Pipeline] {
[Pipeline] sh
[2023-03-31T14:19:40.839Z] + python ecg-maya-usd/build.py --stages=install --workspace-dir=/local/S/jenkins/workspace/ECP/ecg-maya-usd/ecg-mayausd-branch-preflight-2022-python3-osx --artifactory-dir=/local/S/jenkins/workspace/shared/Artifactory --build-dir=/local/S/jenkins/workspace/ECP/ecg-maya-usd/ecg-mayausd-branch-preflight-2022-python3-osx/build --install-dir=/local/S/jenkins/workspace/ECP/ecg-maya-usd/ecg-mayausd-branch-preflight-2022-python3-osx/install --signing-dir=/local/S/jenkins/workspace/ECP/ecg-maya-usd/ecg-mayausd-branch-preflight-2022-python3-osx/signing --package-dir=/local/S/jenkins/workspace/ECP/ecg-maya-usd/ecg-mayausd-branch-preflight-2022-python3-osx/package --output-dir=/local/S/jenkins/workspace/ECP/ecg-maya-usd/ecg-mayausd-branch-preflight-2022-python3-osx/output --stash-dir=/local/S/jenkins/workspace/ECP/ecg-maya-usd/ecg-mayausd-branch-preflight-2022-python3-osx/stash --jenkins-build=816 --git-commit=187ad5f540de68c261aa637ad6e8835c0ebabe94 --git-branch=master --variants=RelWithDebInfo --python=3.7 --post-zips=false --maya-cut-config=maya-rundev-2022.yaml --maya-package=rundev-2022 --stage-banner
[2023-03-31T14:19:41.262Z] No catalog entry registered for tbb-4.4u5-ub2.
[2023-03-31T14:19:41.262Z] Using Maya cut from /local/S/jenkins/workspace/shared/Artifactory/OSX/rundev-2022/202303271415/runtime/14b7a14
[2023-03-31T14:19:41.262Z] Using Maya ADSK Signatures from /local/S/jenkins/workspace/shared/Artifactory/OSX/adsk-plugin-signatures-maya/2023/3ae1ae7
[2023-03-31T14:19:41.262Z] Using Maya Security Library from /local/S/jenkins/workspace/shared/Artifactory/OSX/maya-security-library/3.1.0/5f2130f
[2023-03-31T14:19:41.365Z] 
[2023-03-31T14:19:41.365Z] ================================================================================
[2023-03-31T14:19:41.365Z]                             install (RelWithDebInfo)
[2023-03-31T14:19:41.365Z] ================================================================================
[2023-03-31T14:19:41.365Z] Maya Python RelWithDebInfo Info:
[2023-03-31T14:19:41.365Z]   mayapy executable   = /local/S/jenkins/workspace/shared/Artifactory/OSX/rundev-2022/202303271415/runtime/14b7a14/runTime/Maya.app/Contents/bin/mayapy
[2023-03-31T14:19:41.365Z]   Include Folder      = /local/S/jenkins/workspace/shared/Artifactory/OSX/rundev-2022/202303271415/runtime/14b7a14/runTime/Maya.app/Contents/Frameworks/Python.framework/Versions/Current/include/python3.7m
[2023-03-31T14:19:41.365Z]   Library             = /local/S/jenkins/workspace/shared/Artifactory/OSX/rundev-2022/202303271415/runtime/14b7a14/runTime/Maya.app/Contents/Frameworks/Python.framework/Versions/Current/lib/libpython3.7m.dylib
[2023-03-31T14:19:41.365Z]   site-package Folder = /local/S/jenkins/workspace/shared/Artifactory/OSX/rundev-2022/202303271415/runtime/14b7a14/runTime/Maya.app/Contents/Frameworks/Python.framework/Versions/Current/lib/python3.7/site-packages
[2023-03-31T14:19:41.683Z] In workdir: /local/S/jenkins/workspace/ECP/ecg-maya-usd/ecg-mayausd-branch-preflight-2022-python3-osx/ecg-maya-usd/maya-usd
[2023-03-31T14:19:41.683Z] Executing: /local/S/jenkins/workspace/shared/Artifactory/OSX/rundev-2022/202303271415/runtime/14b7a14/runTime/Maya.app/Contents/bin/mayapy /local/S/jenkins/workspace/ECP/ecg-maya-usd/ecg-mayausd-branch-preflight-2022-python3-osx/ecg-maya-usd/maya-usd/build.py --generator Ninja --build-relwithdebug --maya-location /local/S/jenkins/workspace/shared/Artifactory/OSX/rundev-2022/202303271415/runtime/14b7a14/runTime --devkit-location /local/S/jenkins/workspace/shared/Artifactory/OSX/rundev-2022/202303271415/runtime/14b7a14/devkitBase --pxrusd-location /local/S/jenkins/workspace/shared/Artifactory/OSX/USD/c188d08 --qt-location /local/S/jenkins/workspace/shared/Artifactory/OSX/qt/5.15.2/29061b6 --build-args=-DCMAKE_MAKE_PROGRAM=/local/S/jenkins/workspace/shared/Artifactory/OSX/ninja/1.9.0/41005eb/ninja,-DPYTHON_INCLUDE_DIR=/local/S/jenkins/workspace/shared/Artifactory/OSX/rundev-2022/202303271415/runtime/14b7a14/runTime/Maya.app/Contents/Frameworks/Python.framework/Versions/Current/include/python3.7m,-DPython_EXECUTABLE=/local/S/jenkins/workspace/shared/Artifactory/OSX/rundev-2022/202303271415/runtime/14b7a14/runTime/Maya.app/Contents/bin/mayapy,-DPYTHON_LIBRARIES=/local/S/jenkins/workspace/shared/Artifactory/OSX/rundev-2022/202303271415/runtime/14b7a14/runTime/Maya.app/Contents/Frameworks/Python.framework/Versions/Current/lib/libpython3.7m.dylib,-DBUILD_WITH_PYTHON_3=ON,-DUSD_LIB_PREFIX=lib,-DCMAKE_WANT_MATERIALX_BUILD=ON,-DCMAKE_PREFIX_PATH=/local/S/jenkins/workspace/shared/Artifactory/OSX/USD/c188d08 '--ctest-args=-E testUsdReferenceAssemblySelection|testUsdMayaAppDir,-LE interactive,--parallel 4' --stages=install --redirect-outstream-file=False --install-location /local/S/jenkins/workspace/ECP/ecg-maya-usd/ecg-mayausd-branch-preflight-2022-python3-osx/install/RelWithDebInfo/MayaUSD /local/S/jenkins/workspace/ECP/ecg-maya-usd/ecg-mayausd-branch-preflight-2022-python3-osx
[2023-03-31T14:19:41.683Z] Modified environment variables:
[2023-03-31T14:19:41.683Z]     PATH=/local/S/jenkins/workspace/shared/Artifactory/OSX/cmake/3.20.3/2594509/bin:/usr/local/bin:/bin:/usr/sbin:/sbin:/usr/bin
[2023-03-31T14:19:42.002Z]     [0/1] Install the project...
[2023-03-31T14:19:42.002Z]     -- Install configuration: "RelWithDebInfo"
[2023-03-31T14:19:44.141Z]     
[2023-03-31T14:19:44.141Z]         Building with settings:
[2023-03-31T14:19:44.141Z]           Source directory          /local/S/jenkins/workspace/ECP/ecg-maya-usd/ecg-mayausd-branch-preflight-2022-python3-osx/ecg-maya-usd/maya-usd
[2023-03-31T14:19:44.141Z]           Workspace directory       /local/S/jenkins/workspace/ECP/ecg-maya-usd/ecg-mayausd-branch-preflight-2022-python3-osx
[2023-03-31T14:19:44.141Z]           Build directory           /local/S/jenkins/workspace/ECP/ecg-maya-usd/ecg-mayausd-branch-preflight-2022-python3-osx/build/RelWithDebInfo
[2023-03-31T14:19:44.141Z]           Install directory         /local/S/jenkins/workspace/ECP/ecg-maya-usd/ecg-mayausd-branch-preflight-2022-python3-osx/install/RelWithDebInfo/MayaUSD
[2023-03-31T14:19:44.141Z]           Variant                   RelWithDebInfo
[2023-03-31T14:19:44.141Z]           Python Debug              Off
[2023-03-31T14:19:44.141Z]           CMake generator           Ninja
[2023-03-31T14:19:44.141Z]           Build arguments           ['-DCMAKE_MAKE_PROGRAM=/local/S/jenkins/workspace/shared/Artifactory/OSX/ninja/1.9.0/41005eb/ninja', '-DPYTHON_INCLUDE_DIR=/local/S/jenkins/workspace/shared/Artifactory/OSX/rundev-2022/202303271415/runtime/14b7a14/runTime/Maya.app/Contents/Frameworks/Python.framework/Versions/Current/include/python3.7m', '-DPython_EXECUTABLE=/local/S/jenkins/workspace/shared/Artifactory/OSX/rundev-2022/202303271415/runtime/14b7a14/runTime/Maya.app/Contents/bin/mayapy', '-DPYTHON_LIBRARIES=/local/S/jenkins/workspace/shared/Artifactory/OSX/rundev-2022/202303271415/runtime/14b7a14/runTime/Maya.app/Contents/Frameworks/Python.framework/Versions/Current/lib/libpython3.7m.dylib', '-DBUILD_WITH_PYTHON_3=ON', '-DUSD_LIB_PREFIX=lib', '-DCMAKE_WANT_MATERIALX_BUILD=ON', '-DCMAKE_PREFIX_PATH=/local/S/jenkins/workspace/shared/Artifactory/OSX/USD/c188d08']
[2023-03-31T14:19:44.141Z]           Stages arguments          ['install']
[2023-03-31T14:19:44.141Z]           CTest arguments           ['-E testUsdReferenceAssemblySelection|testUsdMayaAppDir', '-LE interactive', '--parallel 4']
[2023-03-31T14:19:44.141Z]     Success MayaUSD build and install !!!!
[2023-03-31T14:19:44.141Z]     Elapsed time: 00:00:02
[2023-03-31T14:19:44.141Z] Applying ADSK plugin signature to mayaUsdPlugin.bundle
[2023-03-31T14:19:44.141Z] The file '/local/S/jenkins/workspace/ECP/ecg-maya-usd/ecg-mayausd-branch-preflight-2022-python3-osx/install/RelWithDebInfo/MayaUSD/plugin/adsk/plugin/mayaUsdPlugin.bundle' was properly signed
[2023-03-31T14:19:44.141Z] Applying ADSK plugin signature to AL_USDMayaPlugin.bundle
[2023-03-31T14:19:44.141Z] The file '/local/S/jenkins/workspace/ECP/ecg-maya-usd/ecg-mayausd-branch-preflight-2022-python3-osx/install/RelWithDebInfo/MayaUSD/plugin/al/plugin/AL_USDMayaPlugin.bundle' was properly signed
[2023-03-31T14:19:44.141Z] Applying ADSK plugin signature to pxrUsd.bundle
[2023-03-31T14:19:44.249Z] The file '/local/S/jenkins/workspace/ECP/ecg-maya-usd/ecg-mayausd-branch-preflight-2022-python3-osx/install/RelWithDebInfo/MayaUSD/plugin/pxr/maya/plugin/pxrUsd.bundle' was properly signed
[Pipeline] }
[Pipeline] // withEnv
[Pipeline] }
[Pipeline] // timeout
[Pipeline] }
[Pipeline] // stage
[Pipeline] }
[Pipeline] // timestamps
[Pipeline] timestamps
[Pipeline] {
[Pipeline] stage
[Pipeline] { (Test)
[Pipeline] timeout
[2023-03-31T14:19:44.438Z] Timeout set to expire in 6 hr 0 min
[Pipeline] {
[Pipeline] withEnv
[Pipeline] {
[Pipeline] sh
[2023-03-31T14:19:45.766Z] + python ecg-maya-usd/build.py --stages=test --workspace-dir=/local/S/jenkins/workspace/ECP/ecg-maya-usd/ecg-mayausd-branch-preflight-2022-python3-osx --artifactory-dir=/local/S/jenkins/workspace/shared/Artifactory --build-dir=/local/S/jenkins/workspace/ECP/ecg-maya-usd/ecg-mayausd-branch-preflight-2022-python3-osx/build --install-dir=/local/S/jenkins/workspace/ECP/ecg-maya-usd/ecg-mayausd-branch-preflight-2022-python3-osx/install --signing-dir=/local/S/jenkins/workspace/ECP/ecg-maya-usd/ecg-mayausd-branch-preflight-2022-python3-osx/signing --package-dir=/local/S/jenkins/workspace/ECP/ecg-maya-usd/ecg-mayausd-branch-preflight-2022-python3-osx/package --output-dir=/local/S/jenkins/workspace/ECP/ecg-maya-usd/ecg-mayausd-branch-preflight-2022-python3-osx/output --stash-dir=/local/S/jenkins/workspace/ECP/ecg-maya-usd/ecg-mayausd-branch-preflight-2022-python3-osx/stash --jenkins-build=816 --git-commit=187ad5f540de68c261aa637ad6e8835c0ebabe94 --git-branch=master --variants=RelWithDebInfo --python=3.7 --post-zips=false --test-jobs=0 --failed-test-retry=3 --maya-cut-config=maya-rundev-2022.yaml --maya-package=rundev-2022 --stage-banner --progressive-timeout
[2023-03-31T14:19:46.186Z] No catalog entry registered for tbb-4.4u5-ub2.
[2023-03-31T14:19:46.186Z] Using Maya cut from /local/S/jenkins/workspace/shared/Artifactory/OSX/rundev-2022/202303271415/runtime/14b7a14
[2023-03-31T14:19:46.186Z] Using Maya ADSK Signatures from /local/S/jenkins/workspace/shared/Artifactory/OSX/adsk-plugin-signatures-maya/2023/3ae1ae7
[2023-03-31T14:19:46.186Z] Using Maya Security Library from /local/S/jenkins/workspace/shared/Artifactory/OSX/maya-security-library/3.1.0/5f2130f
[2023-03-31T14:19:46.293Z] 
[2023-03-31T14:19:46.293Z] ================================================================================
[2023-03-31T14:19:46.293Z]                              test (RelWithDebInfo)
[2023-03-31T14:19:46.293Z] ================================================================================
[2023-03-31T14:19:46.293Z] Maya Python RelWithDebInfo Info:
[2023-03-31T14:19:46.293Z]   mayapy executable   = /local/S/jenkins/workspace/shared/Artifactory/OSX/rundev-2022/202303271415/runtime/14b7a14/runTime/Maya.app/Contents/bin/mayapy
[2023-03-31T14:19:46.293Z]   Include Folder      = /local/S/jenkins/workspace/shared/Artifactory/OSX/rundev-2022/202303271415/runtime/14b7a14/runTime/Maya.app/Contents/Frameworks/Python.framework/Versions/Current/include/python3.7m
[2023-03-31T14:19:46.293Z]   Library             = /local/S/jenkins/workspace/shared/Artifactory/OSX/rundev-2022/202303271415/runtime/14b7a14/runTime/Maya.app/Contents/Frameworks/Python.framework/Versions/Current/lib/libpython3.7m.dylib
[2023-03-31T14:19:46.293Z]   site-package Folder = /local/S/jenkins/workspace/shared/Artifactory/OSX/rundev-2022/202303271415/runtime/14b7a14/runTime/Maya.app/Contents/Frameworks/Python.framework/Versions/Current/lib/python3.7/site-packages
[2023-03-31T14:19:46.622Z] In workdir: /local/S/jenkins/workspace/ECP/ecg-maya-usd/ecg-mayausd-branch-preflight-2022-python3-osx/ecg-maya-usd/maya-usd
[2023-03-31T14:19:46.623Z] Executing: /local/S/jenkins/workspace/shared/Artifactory/OSX/rundev-2022/202303271415/runtime/14b7a14/runTime/Maya.app/Contents/bin/mayapy /local/S/jenkins/workspace/ECP/ecg-maya-usd/ecg-mayausd-branch-preflight-2022-python3-osx/ecg-maya-usd/maya-usd/build.py --generator Ninja --build-relwithdebug --maya-location /local/S/jenkins/workspace/shared/Artifactory/OSX/rundev-2022/202303271415/runtime/14b7a14/runTime --devkit-location /local/S/jenkins/workspace/shared/Artifactory/OSX/rundev-2022/202303271415/runtime/14b7a14/devkitBase --pxrusd-location /local/S/jenkins/workspace/shared/Artifactory/OSX/USD/c188d08 --qt-location /local/S/jenkins/workspace/shared/Artifactory/OSX/qt/5.15.2/29061b6 --build-args=-DCMAKE_MAKE_PROGRAM=/local/S/jenkins/workspace/shared/Artifactory/OSX/ninja/1.9.0/41005eb/ninja,-DPYTHON_INCLUDE_DIR=/local/S/jenkins/workspace/shared/Artifactory/OSX/rundev-2022/202303271415/runtime/14b7a14/runTime/Maya.app/Contents/Frameworks/Python.framework/Versions/Current/include/python3.7m,-DPython_EXECUTABLE=/local/S/jenkins/workspace/shared/Artifactory/OSX/rundev-2022/202303271415/runtime/14b7a14/runTime/Maya.app/Contents/bin/mayapy,-DPYTHON_LIBRARIES=/local/S/jenkins/workspace/shared/Artifactory/OSX/rundev-2022/202303271415/runtime/14b7a14/runTime/Maya.app/Contents/Frameworks/Python.framework/Versions/Current/lib/libpython3.7m.dylib,-DBUILD_WITH_PYTHON_3=ON,-DUSD_LIB_PREFIX=lib,-DCMAKE_WANT_MATERIALX_BUILD=ON,-DCMAKE_PREFIX_PATH=/local/S/jenkins/workspace/shared/Artifactory/OSX/USD/c188d08 '--ctest-args=-E testUsdReferenceAssemblySelection|testUsdMayaAppDir,-LE interactive,--parallel 4' --stages=test --redirect-outstream-file=False --install-location /local/S/jenkins/workspace/ECP/ecg-maya-usd/ecg-mayausd-branch-preflight-2022-python3-osx/install/RelWithDebInfo/MayaUSD /local/S/jenkins/workspace/ECP/ecg-maya-usd/ecg-mayausd-branch-preflight-2022-python3-osx
[2023-03-31T14:19:46.623Z] Modified environment variables:
[2023-03-31T14:19:46.623Z]     PATH=/local/S/jenkins/workspace/shared/Artifactory/OSX/cmake/3.20.3/2594509/bin:/usr/local/bin:/bin:/usr/sbin:/sbin:/usr/bin
[2023-03-31T14:19:46.829Z]     Test project /local/S/jenkins/workspace/ECP/ecg-maya-usd/ecg-mayausd-branch-preflight-2022-python3-osx/build/RelWithDebInfo
[2023-03-31T14:19:46.829Z]             Start   1: testMayaUsdConverter
[2023-03-31T14:19:46.829Z]             Start   2: testMayaUsdCreateStageCommands
[2023-03-31T14:19:46.829Z]             Start   3: testMayaUsdPythonImport
[2023-03-31T14:19:46.829Z]             Start   4: testMayaUsdLayerEditorCommands
[2023-03-31T14:19:51.735Z]       1/190 Test   #3: testMayaUsdPythonImport .........................   Passed    4.86 sec
[2023-03-31T14:19:51.735Z]             Start   5: testMayaUsdCacheId
[2023-03-31T14:19:51.947Z]       2/190 Test   #1: testMayaUsdConverter ............................   Passed    5.10 sec
[2023-03-31T14:19:51.947Z]             Start   6: testMayaUsdDirtyScene
[2023-03-31T14:19:52.464Z]       3/190 Test   #4: testMayaUsdLayerEditorCommands ..................   Passed    5.60 sec
[2023-03-31T14:19:52.464Z]             Start   7: testMayaUsdProxyAccessor
[2023-03-31T14:19:52.575Z]       4/190 Test   #2: testMayaUsdCreateStageCommands ..................   Passed    5.73 sec
[2023-03-31T14:19:52.575Z]             Start   9: _Interactive_Maya
[2023-03-31T14:19:52.575Z]       5/190 Test   #9: _Interactive_Maya ...............................***Not Run (Disabled)   0.00 sec
[2023-03-31T14:19:52.575Z]             Start  10: testMayaUsdPlugVersionCheck
[2023-03-31T14:19:56.131Z]       6/190 Test   #5: testMayaUsdCacheId ..............................   Passed    4.44 sec
[2023-03-31T14:19:56.131Z]             Start  11: testMatrices
[2023-03-31T14:19:57.077Z]       7/190 Test  #10: testMayaUsdPlugVersionCheck .....................   Passed    4.51 sec
[2023-03-31T14:19:57.077Z]             Start  12: testMayaPickwalk
[2023-03-31T14:19:57.077Z]       8/190 Test   #6: testMayaUsdDirtyScene ...........................   Passed    5.17 sec
[2023-03-31T14:19:57.077Z]             Start  13: testPythonWrappers
[2023-03-31T14:19:58.856Z]       9/190 Test   #7: testMayaUsdProxyAccessor ........................   Passed    6.38 sec
[2023-03-31T14:19:58.856Z]             Start  14: testSelection
[2023-03-31T14:20:01.286Z]      10/190 Test  #11: testMatrices ....................................   Passed    5.14 sec
[2023-03-31T14:20:01.286Z]             Start  15: testSelectionByArray
[2023-03-31T14:20:02.119Z]      11/190 Test  #13: testPythonWrappers ..............................   Passed    4.99 sec
[2023-03-31T14:20:02.119Z]             Start  16: testUfePythonImport
[2023-03-31T14:20:02.330Z]      12/190 Test  #12: testMayaPickwalk ................................   Passed    5.25 sec
[2023-03-31T14:20:02.330Z]             Start  17: testAttributeBlock
[2023-03-31T14:20:04.338Z]      13/190 Test  #14: testSelection ...................................   Passed    5.49 sec
[2023-03-31T14:20:04.338Z]             Start  18: testBlockedLayerEdit
[2023-03-31T14:20:06.518Z]      14/190 Test  #15: testSelectionByArray ............................   Passed    5.23 sec
[2023-03-31T14:20:06.518Z]             Start  19: testAttribute
[2023-03-31T14:20:06.620Z]      15/190 Test  #16: testUfePythonImport .............................   Passed    4.55 sec
[2023-03-31T14:20:06.620Z]             Start  20: testAttributes
[2023-03-31T14:20:07.982Z]      16/190 Test  #17: testAttributeBlock ..............................   Passed    5.63 sec
[2023-03-31T14:20:07.982Z]             Start  21: testChildFilter
[2023-03-31T14:20:09.879Z]      17/190 Test  #18: testBlockedLayerEdit ............................   Passed    5.53 sec
[2023-03-31T14:20:09.879Z]             Start  22: testComboCmd
[2023-03-31T14:20:12.191Z]      18/190 Test  #20: testAttributes ..................................   Passed    5.51 sec
[2023-03-31T14:20:12.191Z]             Start  23: testContextOps
[2023-03-31T14:20:12.401Z]      19/190 Test  #19: testAttribute ...................................   Passed    5.86 sec
[2023-03-31T14:20:12.401Z]             Start  24: testDuplicateCmd
[2023-03-31T14:20:13.426Z]      20/190 Test  #21: testChildFilter .................................   Passed    5.45 sec
[2023-03-31T14:20:13.426Z]             Start  25: testEditRouting
[2023-03-31T14:20:15.525Z]      21/190 Test  #22: testComboCmd ....................................   Passed    5.63 sec
[2023-03-31T14:20:15.525Z]             Start  26: testGroupCmd
[2023-03-31T14:20:17.618Z]      22/190 Test  #23: testContextOps ..................................   Passed    5.50 sec
[2023-03-31T14:20:17.618Z]             Start  27: testMoveCmd
[2023-03-31T14:20:18.140Z]      23/190 Test  #24: testDuplicateCmd ................................   Passed    5.73 sec
[2023-03-31T14:20:18.140Z]             Start  28: testObject3d
[2023-03-31T14:20:18.549Z]      24/190 Test  #25: testEditRouting .................................***Failed    5.17 sec
[2023-03-31T14:20:18.549Z]     This plugin does not support createPlatformOpenGLContext!
[2023-03-31T14:20:18.549Z]     This plugin does not support createPlatformOpenGLContext!
[2023-03-31T14:20:18.549Z]     MAYA_DEBUG_NO_SAVE_ON_CRASH is set.
[2023-03-31T14:20:18.549Z]     ......sF..Warning: Exception: Sorry, parent is not permitted
[2023-03-31T14:20:18.549Z]      -- and 1 similar
[2023-03-31T14:20:18.549Z]     Error: Failed verification: ' !segments.empty() ' -- Illegal UFE run-time path .
[2023-03-31T14:20:18.549Z]     
[2023-03-31T14:20:18.549Z]     ======================================================================
[2023-03-31T14:20:18.549Z]     FAIL: testPreventParentingCmd (testEditRouting.EditRoutingTestCase)
[2023-03-31T14:20:18.549Z]     Test edit router preventing the parent operation by raising an exception.
[2023-03-31T14:20:18.549Z]     ----------------------------------------------------------------------
[2023-03-31T14:20:18.549Z]     Traceback (most recent call last):
[2023-03-31T14:20:18.549Z]       File "/local/S/jenkins/workspace/ECP/ecg-maya-usd/ecg-mayausd-branch-preflight-2022-python3-osx/ecg-maya-usd/maya-usd/test/lib/ufe/testEditRouting.py", line 398, in testPreventParentingCmd
[2023-03-31T14:20:18.549Z]         self._verifyEditRouterPreventingCmd('parent', group, verifyNoGroup)
[2023-03-31T14:20:18.549Z]       File "/local/S/jenkins/workspace/ECP/ecg-maya-usd/ecg-mayausd-branch-preflight-2022-python3-osx/ecg-maya-usd/maya-usd/test/lib/ufe/testEditRouting.py", line 355, in _verifyEditRouterPreventingCmd
[2023-03-31T14:20:18.549Z]         verifyFunc(stage)
[2023-03-31T14:20:18.549Z]       File "/local/S/jenkins/workspace/ECP/ecg-maya-usd/ecg-mayausd-branch-preflight-2022-python3-osx/ecg-maya-usd/maya-usd/test/lib/ufe/testEditRouting.py", line 396, in verifyNoGroup
[2023-03-31T14:20:18.549Z]         self.assertFalse(stage.GetPrimAtPath('/group1'))
[2023-03-31T14:20:18.549Z]     AssertionError: Usd.Prim(</group1>) is not false
[2023-03-31T14:20:18.549Z]     
[2023-03-31T14:20:18.549Z]     ----------------------------------------------------------------------
[2023-03-31T14:20:18.549Z]     Ran 10 tests in 0.687s
[2023-03-31T14:20:18.549Z]     
[2023-03-31T14:20:18.549Z]     FAILED (failures=1, skipped=1)
[2023-03-31T14:20:18.549Z]     
[2023-03-31T14:20:18.549Z]             Start  29: testRename
[2023-03-31T14:20:21.060Z]      25/190 Test  #26: testGroupCmd ....................................   Passed    5.56 sec
[2023-03-31T14:20:21.060Z]             Start  30: testParentCmd
[2023-03-31T14:20:23.257Z]      26/190 Test  #27: testMoveCmd .....................................   Passed    5.59 sec
[2023-03-31T14:20:23.257Z]             Start  31: testPointInstances
[2023-03-31T14:20:23.459Z]      27/190 Test  #28: testObject3d ....................................   Passed    5.40 sec
[2023-03-31T14:20:23.459Z]             Start  32: testReorderCmd
[2023-03-31T14:20:24.483Z]      28/190 Test  #29: testRename ......................................   Passed    5.91 sec
[2023-03-31T14:20:24.483Z]             Start  33: testRotateCmd
[2023-03-31T14:20:26.971Z]      29/190 Test  #30: testParentCmd ...................................   Passed    5.89 sec
[2023-03-31T14:20:26.971Z]             Start  34: testRotatePivot
[2023-03-31T14:20:28.970Z]      30/190 Test  #31: testPointInstances ..............................   Passed    5.69 sec
[2023-03-31T14:20:28.970Z]             Start  35: testScaleCmd
[2023-03-31T14:20:29.072Z]      31/190 Test  #32: testReorderCmd ..................................   Passed    5.58 sec
[2023-03-31T14:20:29.072Z]             Start  36: testSceneItem
[2023-03-31T14:20:30.025Z]      32/190 Test  #33: testRotateCmd ...................................   Passed    5.53 sec
[2023-03-31T14:20:30.025Z]             Start  37: testTransform3dChainOfResponsibility
[2023-03-31T14:20:32.412Z]      33/190 Test  #34: testRotatePivot .................................   Passed    5.49 sec
[2023-03-31T14:20:32.412Z]             Start  38: testTransform3dTranslate
[2023-03-31T14:20:34.389Z]      34/190 Test  #35: testScaleCmd ....................................   Passed    5.48 sec
[2023-03-31T14:20:34.389Z]             Start  39: testUIInfoHandler
[2023-03-31T14:20:34.490Z]      35/190 Test  #36: testSceneItem ...................................   Passed    5.43 sec
[2023-03-31T14:20:34.490Z]             Start  40: testVisibilityCmd
[2023-03-31T14:20:35.222Z]      36/190 Test  #37: testTransform3dChainOfResponsibility ............   Passed    5.15 sec
[2023-03-31T14:20:35.222Z]             Start  41: testObservableScene
[2023-03-31T14:20:37.827Z]      37/190 Test  #38: testTransform3dTranslate ........................   Passed    5.41 sec
[2023-03-31T14:20:37.827Z]             Start  42: testCamera
[2023-03-31T14:20:38.038Z]      38/190 Test  #41: testObservableScene .............................   Passed    2.89 sec
[2023-03-31T14:20:38.038Z]             Start  43: testSetsCmd
[2023-03-31T14:20:39.495Z]      39/190 Test  #40: testVisibilityCmd ...............................   Passed    5.02 sec
[2023-03-31T14:20:39.495Z]             Start  44: testLegacyDeleteCmd
[2023-03-31T14:20:39.704Z]      40/190 Test  #39: testUIInfoHandler ...............................   Passed    5.31 sec
[2023-03-31T14:20:39.704Z]             Start  47: testPrimReader
[2023-03-31T14:20:43.053Z]      41/190 Test  #42: testCamera ......................................   Passed    5.23 sec
[2023-03-31T14:20:43.053Z]             Start  48: testPrimWriter
[2023-03-31T14:20:43.255Z]      42/190 Test  #43: testSetsCmd .....................................   Passed    5.17 sec
[2023-03-31T14:20:43.255Z]             Start  49: testExportChaser
[2023-03-31T14:20:44.916Z]      43/190 Test  #47: testPrimReader ..................................   Passed    5.14 sec
[2023-03-31T14:20:44.916Z]             Start  50: testImportChaser
[2023-03-31T14:20:45.025Z]      44/190 Test  #44: testLegacyDeleteCmd .............................   Passed    5.50 sec
[2023-03-31T14:20:45.025Z]             Start  51: testImportWithNamespace
[2023-03-31T14:20:48.372Z]      45/190 Test  #48: testPrimWriter ..................................   Passed    5.28 sec
[2023-03-31T14:20:48.372Z]             Start  52: testJobContextRegistry
[2023-03-31T14:20:48.582Z]      46/190 Test  #49: testExportChaser ................................   Passed    5.30 sec
[2023-03-31T14:20:48.582Z]             Start  53: testDisplayLayerSaveRestore
[2023-03-31T14:20:50.029Z]      47/190 Test  #50: testImportChaser ................................   Passed    5.20 sec
[2023-03-31T14:20:50.029Z]             Start  54: testSchemaApiAdaptor
[2023-03-31T14:20:50.238Z]      48/190 Test  #51: testImportWithNamespace .........................   Passed    5.16 sec
[2023-03-31T14:20:50.238Z]             Start  55: testComponentTags
[2023-03-31T14:20:53.145Z]      49/190 Test  #52: testJobContextRegistry ..........................   Passed    4.84 sec
[2023-03-31T14:20:53.146Z]             Start  56: testReadWriteUtils
[2023-03-31T14:20:53.454Z]      50/190 Test  #53: testDisplayLayerSaveRestore .....................   Passed    4.91 sec
[2023-03-31T14:20:53.454Z]             Start  57: testXformStack
[2023-03-31T14:20:55.226Z]      51/190 Test  #55: testComponentTags ...............................   Passed    5.00 sec
[2023-03-31T14:20:55.226Z]             Start  58: testGeomNode
[2023-03-31T14:20:55.631Z]      52/190 Test  #54: testSchemaApiAdaptor ............................   Passed    5.51 sec
[2023-03-31T14:20:55.631Z]             Start  59: testLayerManagerSerialization
[2023-03-31T14:20:58.225Z]      53/190 Test  #56: testReadWriteUtils ..............................   Passed    5.00 sec
[2023-03-31T14:20:58.225Z]             Start  60: testPointBasedDeformerNode
[2023-03-31T14:20:58.435Z]      54/190 Test  #57: testXformStack ..................................   Passed    5.00 sec
[2023-03-31T14:20:58.435Z]             Start  61: testProxyShapeBase
[2023-03-31T14:21:00.322Z]      55/190 Test  #58: testGeomNode ....................................   Passed    5.16 sec
[2023-03-31T14:21:00.322Z]             Start  62: testHdImagingShape
[2023-03-31T14:21:01.057Z]      56/190 Test  #59: testLayerManagerSerialization ...................   Passed    5.47 sec
[2023-03-31T14:21:01.057Z]             Start  96: testUsdUndoManager
[2023-03-31T14:21:03.144Z]      57/190 Test  #60: testPointBasedDeformerNode ......................   Passed    4.96 sec
[2023-03-31T14:21:03.144Z]             Start  97: testBlockSceneModificationContext
[2023-03-31T14:21:04.281Z]      58/190 Test  #61: testProxyShapeBase ..............................   Passed    5.87 sec
[2023-03-31T14:21:04.281Z]             Start  98: testDiagnosticDelegate
[2023-03-31T14:21:05.629Z]      59/190 Test  #62: testHdImagingShape ..............................   Passed    5.27 sec
[2023-03-31T14:21:05.629Z]             Start  99: testUtilsEditability
[2023-03-31T14:21:06.257Z]      60/190 Test  #96: testUsdUndoManager ..............................   Passed    5.22 sec
[2023-03-31T14:21:06.257Z]             Start 102: testPxrUsdPreviewSurfaceDraw
[2023-03-31T14:21:08.129Z]      61/190 Test  #97: testBlockSceneModificationContext ...............   Passed    4.97 sec
[2023-03-31T14:21:08.129Z]             Start 103: testPxrUsdPreviewSurfaceExport
[2023-03-31T14:21:08.969Z]      62/190 Test #102: testPxrUsdPreviewSurfaceDraw ....................   Passed    2.74 sec
[2023-03-31T14:21:08.969Z]             Start 104: testMayaUsdSchemasPythonImport
[2023-03-31T14:21:09.283Z]      63/190 Test  #98: testDiagnosticDelegate ..........................   Passed    4.99 sec
[2023-03-31T14:21:09.283Z]             Start 105: testMayaUsdSchemasMayaReference
[2023-03-31T14:21:10.432Z]      64/190 Test  #99: testUtilsEditability ............................   Passed    4.78 sec
[2023-03-31T14:21:10.432Z]             Start 106: testDiffCore
[2023-03-31T14:21:10.432Z]      65/190 Test #106: testDiffCore ....................................   Passed    0.03 sec
[2023-03-31T14:21:10.432Z]             Start 107: testDiffValues
[2023-03-31T14:21:10.533Z]      66/190 Test #107: testDiffValues ..................................   Passed    0.04 sec
[2023-03-31T14:21:10.533Z]             Start 108: testDiffAttributes
[2023-03-31T14:21:10.533Z]      67/190 Test #108: testDiffAttributes ..............................   Passed    0.06 sec
[2023-03-31T14:21:10.533Z]             Start 109: testDiffRelationships
[2023-03-31T14:21:10.646Z]      68/190 Test #109: testDiffRelationships ...........................   Passed    0.06 sec
[2023-03-31T14:21:10.646Z]             Start 110: testDiffDictionaries
[2023-03-31T14:21:10.646Z]      69/190 Test #110: testDiffDictionaries ............................   Passed    0.03 sec
[2023-03-31T14:21:10.646Z]             Start 111: testDiffLists
[2023-03-31T14:21:10.646Z]      70/190 Test #111: testDiffLists ...................................   Passed    0.03 sec
[2023-03-31T14:21:10.646Z]             Start 112: testDiffComputeOverall
[2023-03-31T14:21:10.748Z]      71/190 Test #112: testDiffComputeOverall ..........................   Passed    0.03 sec
[2023-03-31T14:21:10.748Z]             Start 113: testDiffPrims
[2023-03-31T14:21:10.748Z]      72/190 Test #113: testDiffPrims ...................................   Passed    0.07 sec
[2023-03-31T14:21:10.748Z]             Start 114: testMergePrims
[2023-03-31T14:21:10.852Z]      73/190 Test #114: testMergePrims ..................................   Passed    0.07 sec
[2023-03-31T14:21:10.852Z]             Start 115: testDiffMetadatas
[2023-03-31T14:21:10.852Z]      74/190 Test #115: testDiffMetadatas ...............................   Passed    0.06 sec
[2023-03-31T14:21:10.852Z]             Start 116: testUsdExportAnimation
[2023-03-31T14:21:12.422Z]      75/190 Test #104: testMayaUsdSchemasPythonImport ..................   Passed    3.39 sec
[2023-03-31T14:21:12.422Z]             Start 117: testUsdExportAsClip
[2023-03-31T14:21:12.736Z]      76/190 Test #105: testMayaUsdSchemasMayaReference .................   Passed    3.43 sec
[2023-03-31T14:21:12.736Z]             Start 118: testUsdExportBindTransform
[2023-03-31T14:21:13.560Z]      77/190 Test #103: testPxrUsdPreviewSurfaceExport ..................   Passed    5.44 sec
[2023-03-31T14:21:13.560Z]             Start 119: testUsdExportBlendshapes
[2023-03-31T14:21:15.761Z]      78/190 Test #116: testUsdExportAnimation ..........................   Passed    4.85 sec
[2023-03-31T14:21:15.761Z]             Start 120: testUsdExportCamera
[2023-03-31T14:21:17.439Z]      79/190 Test #117: testUsdExportAsClip .............................   Passed    5.05 sec
[2023-03-31T14:21:17.439Z]             Start 121: testUsdExportColorSets
[2023-03-31T14:21:18.290Z]      80/190 Test #118: testUsdExportBindTransform ......................   Passed    5.54 sec
[2023-03-31T14:21:18.290Z]             Start 122: testUsdExportConnected
[2023-03-31T14:21:18.811Z]      81/190 Test #119: testUsdExportBlendshapes ........................   Passed    5.25 sec
[2023-03-31T14:21:18.811Z]             Start 123: testUsdExportDisplayColor
[2023-03-31T14:21:20.913Z]      82/190 Test #120: testUsdExportCamera .............................   Passed    5.18 sec
[2023-03-31T14:21:20.913Z]             Start 124: testUsdExportEulerFilter
[2023-03-31T14:21:22.703Z]      83/190 Test #121: testUsdExportColorSets ..........................   Passed    5.28 sec
[2023-03-31T14:21:22.703Z]             Start 125: testUsdExportFileFormat
[2023-03-31T14:21:23.334Z]      84/190 Test #122: testUsdExportConnected ..........................   Passed    5.02 sec
[2023-03-31T14:21:23.334Z]             Start 126: testUsdExportFilterTypes
[2023-03-31T14:21:23.857Z]      85/190 Test #123: testUsdExportDisplayColor .......................   Passed    5.03 sec
[2023-03-31T14:21:23.857Z]             Start 127: testUsdExportFrameOffset
[2023-03-31T14:21:26.057Z]      86/190 Test #124: testUsdExportEulerFilter ........................   Passed    5.10 sec
[2023-03-31T14:21:26.057Z]             Start 128: testUsdExportGeomSubset
[2023-03-31T14:21:27.622Z]      87/190 Test #125: testUsdExportFileFormat .........................   Passed    4.84 sec
[2023-03-31T14:21:27.622Z]             Start 129: testUsdExportInstances
[2023-03-31T14:21:28.465Z]      88/190 Test #126: testUsdExportFilterTypes ........................   Passed    5.20 sec
[2023-03-31T14:21:28.465Z]             Start 130: testUsdExportLayerAttributes
[2023-03-31T14:21:28.879Z]      89/190 Test #127: testUsdExportFrameOffset ........................   Passed    5.09 sec
[2023-03-31T14:21:28.879Z]             Start 131: testUsdExportLight
[2023-03-31T14:21:31.297Z]      90/190 Test #128: testUsdExportGeomSubset .........................   Passed    5.27 sec
[2023-03-31T14:21:31.297Z]             Start 132: testUsdExportLocator
[2023-03-31T14:21:32.659Z]      91/190 Test #129: testUsdExportInstances ..........................   Passed    5.01 sec
[2023-03-31T14:21:32.659Z]             Start 133: testUsdExportMayaInstancer
[2023-03-31T14:21:33.181Z]      92/190 Test #130: testUsdExportLayerAttributes ....................   Passed    4.71 sec
[2023-03-31T14:21:33.181Z]             Start 134: testUsdExportMesh
[2023-03-31T14:21:33.594Z]      93/190 Test #131: testUsdExportLight ..............................   Passed    4.67 sec
[2023-03-31T14:21:33.594Z]             Start 135: testUsdExportNurbsCurve
[2023-03-31T14:21:36.520Z]      94/190 Test #132: testUsdExportLocator ............................   Passed    5.17 sec
[2023-03-31T14:21:36.520Z]             Start 136: testUsdExportOpenLayer
[2023-03-31T14:21:38.091Z]      95/190 Test #133: testUsdExportMayaInstancer ......................   Passed    5.49 sec
[2023-03-31T14:21:38.091Z]             Start 137: testUsdExportOverImport
[2023-03-31T14:21:38.506Z]      96/190 Test #134: testUsdExportMesh ...............................   Passed    5.31 sec
[2023-03-31T14:21:38.506Z]             Start 138: testUsdExportUsdPreviewSurface
[2023-03-31T14:21:38.810Z]      97/190 Test #135: testUsdExportNurbsCurve .........................   Passed    5.21 sec
[2023-03-31T14:21:38.810Z]             Start 139: testUsdExportParentScope
[2023-03-31T14:21:41.319Z]      98/190 Test #136: testUsdExportOpenLayer ..........................   Passed    4.88 sec
[2023-03-31T14:21:41.319Z]             Start 140: testUsdExportParticles
[2023-03-31T14:21:42.898Z]      99/190 Test #137: testUsdExportOverImport .........................   Passed    4.79 sec
[2023-03-31T14:21:42.898Z]             Start 141: testUsdExportPref
[2023-03-31T14:21:43.631Z]     100/190 Test #138: testUsdExportUsdPreviewSurface ..................   Passed    5.11 sec
[2023-03-31T14:21:43.631Z]             Start 142: testUsdExportRenderLayerMode
[2023-03-31T14:21:43.738Z]     101/190 Test #139: testUsdExportParentScope ........................   Passed    4.91 sec
[2023-03-31T14:21:43.738Z]             Start 143: testUsdExportRoots
[2023-03-31T14:21:46.361Z]     102/190 Test #140: testUsdExportParticles ..........................   Passed    5.00 sec
[2023-03-31T14:21:46.361Z]             Start 144: testUsdExportRootsAndParentScope
[2023-03-31T14:21:46.988Z]     103/190 Test #142: testUsdExportRenderLayerMode ....................   Passed    3.33 sec
[2023-03-31T14:21:46.988Z]             Start 145: testUsdExportSelection
[2023-03-31T14:21:48.127Z]     104/190 Test #141: testUsdExportPref ...............................   Passed    5.19 sec
[2023-03-31T14:21:48.127Z]             Start 146: testUsdExportSelectionHierarchy
[2023-03-31T14:21:49.581Z]     105/190 Test #143: testUsdExportRoots ..............................   Passed    5.91 sec
[2023-03-31T14:21:49.581Z]             Start 147: testUsdExportSkeleton
[2023-03-31T14:21:51.782Z]     106/190 Test #144: testUsdExportRootsAndParentScope ................   Passed    5.43 sec
[2023-03-31T14:21:51.782Z]             Start 148: testUsdExportStripNamespaces
[2023-03-31T14:21:51.993Z]     107/190 Test #145: testUsdExportSelection ..........................   Passed    5.08 sec
[2023-03-31T14:21:51.993Z]             Start 149: testUsdExportStroke
[2023-03-31T14:21:53.243Z]     108/190 Test #146: testUsdExportSelectionHierarchy .................   Passed    5.16 sec
[2023-03-31T14:21:53.243Z]             Start 150: testUsdExportUserTaggedAttributes
[2023-03-31T14:21:55.228Z]     109/190 Test #147: testUsdExportSkeleton ...........................   Passed    5.56 sec
[2023-03-31T14:21:55.228Z]             Start 151: testUsdExportVisibilityDefault
[2023-03-31T14:21:58.764Z]     110/190 Test #149: testUsdExportStroke .............................   Passed    6.72 sec
[2023-03-31T14:21:58.764Z]             Start 152: testUsdImportAnonymousLayer
[2023-03-31T14:21:58.764Z]     111/190 Test #150: testUsdExportUserTaggedAttributes ...............   Passed    5.53 sec
[2023-03-31T14:21:58.764Z]             Start 153: testUsdImportCamera
[2023-03-31T14:21:58.871Z]     112/190 Test #148: testUsdExportStripNamespaces ....................   Passed    7.04 sec
[2023-03-31T14:21:58.871Z]             Start 154: testUsdImportBasisCurves
[2023-03-31T14:21:59.906Z]     113/190 Test #151: testUsdExportVisibilityDefault ..................   Passed    4.69 sec
[2023-03-31T14:21:59.906Z]             Start 155: testUsdImportBatchNurbsCurves
[2023-03-31T14:22:03.568Z]     114/190 Test #152: testUsdImportAnonymousLayer .....................   Passed    4.80 sec
[2023-03-31T14:22:03.568Z]             Start 156: testUsdImportLinearCurves
[2023-03-31T14:22:03.568Z]     115/190 Test #153: testUsdImportCamera .............................   Passed    4.83 sec
[2023-03-31T14:22:05.925Z]             Start 157: testUsdImportHighDegreeNurbsCurves
[2023-03-31T14:22:05.925Z]     116/190 Test #154: testUsdImportBasisCurves ........................   Passed    7.08 sec
[2023-03-31T14:22:05.925Z]             Start 158: testUsdImportNurbsCurves
[2023-03-31T14:22:05.925Z]     117/190 Test #155: testUsdImportBatchNurbsCurves ...................   Passed    6.05 sec
[2023-03-31T14:22:05.925Z]             Start 159: testUsdImportBatchBezierCurves
[2023-03-31T14:22:08.005Z]     118/190 Test #156: testUsdImportLinearCurves .......................   Passed    4.43 sec
[2023-03-31T14:22:08.005Z]             Start 160: testUsdImportColorSets
[2023-03-31T14:22:10.588Z]     119/190 Test #158: testUsdImportNurbsCurves ........................   Passed    4.72 sec
[2023-03-31T14:22:10.589Z]             Start 161: testUsdImportDisplacement
[2023-03-31T14:22:10.691Z]     120/190 Test #157: testUsdImportHighDegreeNurbsCurves ..............   Passed    4.76 sec
[2023-03-31T14:22:10.691Z]             Start 162: testUsdImportExportScope
[2023-03-31T14:22:10.691Z]     121/190 Test #159: testUsdImportBatchBezierCurves ..................   Passed    4.77 sec
[2023-03-31T14:22:10.691Z]             Start 163: testUsdImportExportTypelessDefs
[2023-03-31T14:22:12.852Z]     122/190 Test #160: testUsdImportColorSets ..........................   Passed    4.89 sec
[2023-03-31T14:22:12.852Z]             Start 164: testUsdImportFrameRange
[2023-03-31T14:22:15.564Z]     123/190 Test #162: testUsdImportExportScope ........................   Passed    4.88 sec
[2023-03-31T14:22:15.564Z]             Start 165: testUsdImportFramerates
[2023-03-31T14:22:15.564Z]     124/190 Test #163: testUsdImportExportTypelessDefs .................   Passed    4.86 sec
[2023-03-31T14:22:15.564Z]             Start 166: testUsdImportInstances
[2023-03-31T14:22:15.665Z]     125/190 Test #161: testUsdImportDisplacement .......................   Passed    5.08 sec
[2023-03-31T14:22:15.665Z]             Start 167: testUsdImportLight
[2023-03-31T14:22:17.771Z]     126/190 Test #164: testUsdImportFrameRange .........................   Passed    4.90 sec
[2023-03-31T14:22:17.771Z]             Start 168: testUsdImportMayaReference
[2023-03-31T14:22:20.601Z]     127/190 Test #165: testUsdImportFramerates .........................   Passed    5.02 sec
[2023-03-31T14:22:20.601Z]             Start 169: testUsdImportMesh
[2023-03-31T14:22:20.708Z]     128/190 Test #167: testUsdImportLight ..............................   Passed    4.98 sec
[2023-03-31T14:22:20.708Z]             Start 170: testUsdImportPointCache
[2023-03-31T14:22:20.813Z]     129/190 Test #166: testUsdImportInstances ..........................   Passed    5.23 sec
[2023-03-31T14:22:20.813Z]             Start 171: testUsdImportPreviewSurface
[2023-03-31T14:22:22.918Z]     130/190 Test #168: testUsdImportMayaReference ......................   Passed    5.13 sec
[2023-03-31T14:22:22.918Z]             Start 172: testUsdImportSessionLayer
[2023-03-31T14:22:25.436Z]     131/190 Test #169: testUsdImportMesh ...............................   Passed    4.82 sec
[2023-03-31T14:22:25.436Z]             Start 173: testUsdImportShadingModeDisplayColor
[2023-03-31T14:22:25.649Z]     132/190 Test #170: testUsdImportPointCache .........................   Passed    5.00 sec
[2023-03-31T14:22:25.649Z]             Start 174: testUsdImportShadingModePxrRis
[2023-03-31T14:22:25.858Z]     133/190 Test #171: testUsdImportPreviewSurface .....................   Passed    5.05 sec
[2023-03-31T14:22:25.858Z]             Start 175: testUsdImportUVSetMappings
[2023-03-31T14:22:27.855Z]     134/190 Test #172: testUsdImportSessionLayer .......................   Passed    4.94 sec
[2023-03-31T14:22:27.855Z]             Start 176: testUsdImportUSDZTextures
[2023-03-31T14:22:30.043Z]     135/190 Test #173: testUsdImportShadingModeDisplayColor ............   Passed    4.70 sec
[2023-03-31T14:22:30.043Z]             Start 177: testUsdExportImportRoundtripPreviewSurface
[2023-03-31T14:22:30.456Z]     136/190 Test #174: testUsdImportShadingModePxrRis ..................   Passed    4.77 sec
[2023-03-31T14:22:30.456Z]             Start 178: testUsdImportSkeleton
[2023-03-31T14:22:30.566Z]     137/190 Test #175: testUsdImportUVSetMappings ......................   Passed    4.76 sec
[2023-03-31T14:22:30.566Z]             Start 179: testUsdImportXforms
[2023-03-31T14:22:32.755Z]     138/190 Test #176: testUsdImportUSDZTextures .......................   Passed    4.92 sec
[2023-03-31T14:22:32.755Z]             Start 180: testUsdImportXformAnim
[2023-03-31T14:22:35.184Z]     139/190 Test #178: testUsdImportSkeleton ...........................   Passed    4.75 sec
[2023-03-31T14:22:35.184Z]             Start 181: testUsdImportEulerFilter
[2023-03-31T14:22:36.026Z]     140/190 Test #177: testUsdExportImportRoundtripPreviewSurface ......   Passed    5.89 sec
[2023-03-31T14:22:36.026Z]             Start 182: testUsdMayaAdaptor
[2023-03-31T14:22:37.602Z]     141/190 Test #180: testUsdImportXformAnim ..........................   Passed    4.80 sec
[2023-03-31T14:22:37.602Z]             Start 183: testUsdMayaAdaptorGeom
[2023-03-31T14:22:40.026Z]     142/190 Test #181: testUsdImportEulerFilter ........................   Passed    4.78 sec
[2023-03-31T14:22:40.026Z]             Start 184: testUsdMayaAdaptorMetadata
[2023-03-31T14:22:40.754Z]     143/190 Test #182: testUsdMayaAdaptor ..............................   Passed    4.73 sec
[2023-03-31T14:22:40.754Z]             Start 185: testUsdMayaAdaptorUndoRedo
[2023-03-31T14:22:42.227Z]     144/190 Test #183: testUsdMayaAdaptorGeom ..........................   Passed    4.65 sec
[2023-03-31T14:22:42.227Z]             Start 186: testUsdExportUVTransforms
[2023-03-31T14:22:45.072Z]     145/190 Test #184: testUsdMayaAdaptorMetadata ......................   Passed    5.07 sec
[2023-03-31T14:22:45.072Z]             Start 187: testUsdExportUsdzPackage
[2023-03-31T14:22:45.705Z]     146/190 Test #185: testUsdMayaAdaptorUndoRedo ......................   Passed    5.03 sec
[2023-03-31T14:22:45.705Z]             Start 188: testUsdImportRfMShaders
[2023-03-31T14:22:47.792Z]     147/190 Test #186: testUsdExportUVTransforms .......................   Passed    5.60 sec
[2023-03-31T14:22:47.792Z]             Start 189: testUsdExportDisplacement
[2023-03-31T14:22:50.489Z]     148/190 Test #188: testUsdImportRfMShaders .........................   Passed    4.72 sec
[2023-03-31T14:22:50.489Z]             Start 190: testUsdExportShadingInstanced
[2023-03-31T14:22:53.792Z]     149/190 Test #189: testUsdExportDisplacement .......................   Passed    6.01 sec
[2023-03-31T14:22:53.893Z]             Start 191: testUsdExportShadingModePxrRis
[2023-03-31T14:22:53.893Z]     150/190 Test #187: testUsdExportUsdzPackage ........................   Passed    8.81 sec
[2023-03-31T14:22:53.893Z]             Start 192: testUsdExportImportUDIM
[2023-03-31T14:22:58.156Z]     151/190 Test #190: testUsdExportShadingInstanced ...................   Passed    7.74 sec
[2023-03-31T14:22:58.156Z]             Start 193: testUsdExportRfMShaders
[2023-03-31T14:22:58.873Z]     152/190 Test #191: testUsdExportShadingModePxrRis ..................   Passed    4.99 sec
[2023-03-31T14:22:58.874Z]             Start 194: testUsdExportUVSets
[2023-03-31T14:22:59.390Z]     153/190 Test #192: testUsdExportImportUDIM .........................   Passed    5.47 sec
[2023-03-31T14:22:59.390Z]             Start 195: testUsdExportUVSetsFloat
[2023-03-31T14:23:03.656Z]     154/190 Test #193: testUsdExportRfMShaders .........................   Passed    5.48 sec
[2023-03-31T14:23:03.656Z]             Start 196: testUsdExportUVSetMappings
[2023-03-31T14:23:03.861Z]     155/190 Test #194: testUsdExportUVSets .............................   Passed    5.05 sec
[2023-03-31T14:23:03.861Z]             Start 197: testUsdImportUVSets
[2023-03-31T14:23:04.377Z]     156/190 Test #195: testUsdExportUVSetsFloat ........................   Passed    5.04 sec
[2023-03-31T14:23:04.377Z]             Start 198: testUsdImportUVSetsFloat
[2023-03-31T14:23:09.110Z]     157/190 Test #197: testUsdImportUVSets .............................   Passed    5.23 sec
[2023-03-31T14:23:09.110Z]             Start 199: testUsdImportChaser
[2023-03-31T14:23:09.415Z]     158/190 Test #196: testUsdExportUVSetMappings ......................   Passed    5.78 sec
[2023-03-31T14:23:09.415Z]             Start 200: testUsdExportCustomConverter-Maya
[2023-03-31T14:23:10.049Z]     159/190 Test #198: testUsdImportUVSetsFloat ........................   Passed    5.66 sec
[2023-03-31T14:23:10.049Z]             Start 201: testUsdExportCustomConverter-USD
[2023-03-31T14:23:13.996Z]     160/190 Test #199: testUsdImportChaser .............................   Passed    4.83 sec
[2023-03-31T14:23:13.996Z]             Start 202: testUsdImportCustomConverter-Maya
[2023-03-31T14:23:14.914Z]     161/190 Test #200: testUsdExportCustomConverter-Maya ...............   Passed    5.50 sec
[2023-03-31T14:23:14.914Z]             Start 203: testUsdImportCustomConverter-USD
[2023-03-31T14:23:15.542Z]     162/190 Test #201: testUsdExportCustomConverter-USD ................   Passed    5.44 sec
[2023-03-31T14:23:15.542Z]             Start 204: testUsdMayaListShadingModesCommand
[2023-03-31T14:23:19.064Z]     163/190 Test #202: testUsdImportCustomConverter-Maya ...............   Passed    5.15 sec
[2023-03-31T14:23:19.064Z]             Start 205: testUsdExportSchemaApi
[2023-03-31T14:23:20.111Z]     164/190 Test #203: testUsdImportCustomConverter-USD ................   Passed    5.15 sec
[2023-03-31T14:23:20.111Z]             Start 206: testUsdImportExportSiteSpecificConfig
[2023-03-31T14:23:20.631Z]     165/190 Test #204: testUsdMayaListShadingModesCommand ..............   Passed    5.11 sec
[2023-03-31T14:23:20.631Z]             Start 207: testUsdExportAssembly
[2023-03-31T14:23:24.457Z]     166/190 Test #205: testUsdExportSchemaApi ..........................   Passed    5.35 sec
[2023-03-31T14:23:24.457Z]             Start 208: testUsdExportAssemblyEdits
[2023-03-31T14:23:25.190Z]     167/190 Test #206: testUsdImportExportSiteSpecificConfig ...........   Passed    5.07 sec
[2023-03-31T14:23:25.190Z]             Start 209: testUsdExportPackage
[2023-03-31T14:23:26.543Z]     168/190 Test #207: testUsdExportAssembly ...........................   Passed    5.92 sec
[2023-03-31T14:23:26.543Z]             Start 210: testUsdExportPointInstancer
[2023-03-31T14:23:29.860Z]     169/190 Test #208: testUsdExportAssemblyEdits ......................   Passed    5.46 sec
[2023-03-31T14:23:29.860Z]             Start 211: testUsdImportAsAssemblies
[2023-03-31T14:23:30.588Z]     170/190 Test #209: testUsdExportPackage ............................   Passed    5.43 sec
[2023-03-31T14:23:30.588Z]             Start 212: testUsdImportNestedAssemblyAnimation
[2023-03-31T14:23:34.850Z]     171/190 Test #211: testUsdImportAsAssemblies .......................   Passed    4.98 sec
[2023-03-31T14:23:34.850Z]             Start 213: testUsdMayaGetVariantSetSelections
[2023-03-31T14:23:35.927Z]     172/190 Test #212: testUsdImportNestedAssemblyAnimation ............   Passed    5.28 sec
[2023-03-31T14:23:35.927Z]             Start 214: testUsdMayaModelKindProcessor
[2023-03-31T14:23:41.244Z]     173/190 Test #213: testUsdMayaGetVariantSetSelections ..............   Passed    6.39 sec
[2023-03-31T14:23:41.244Z]             Start 215: testUsdMayaReferenceAssemblyEdits
[2023-03-31T14:23:42.376Z]     174/190 Test #214: testUsdMayaModelKindProcessor ...................   Passed    6.52 sec
[2023-03-31T14:23:42.376Z]             Start 216: testUsdReferenceAssemblyChangeRepresentations
[2023-03-31T14:23:47.594Z]     175/190 Test #215: testUsdMayaReferenceAssemblyEdits ...............   Passed    6.36 sec
[2023-03-31T14:23:47.594Z]             Start 217: testPxrUsdAlembicChaser
[2023-03-31T14:23:48.841Z]     176/190 Test #216: testUsdReferenceAssemblyChangeRepresentations ...   Passed    6.39 sec
[2023-03-31T14:23:48.841Z]             Start 218: AL_MayaUtilsTests
[2023-03-31T14:23:51.439Z]     177/190 Test #218: AL_MayaUtilsTests ...............................   Passed    2.61 sec
[2023-03-31T14:23:51.439Z]             Start 219: GTest:AL_USDTransactionTests
[2023-03-31T14:23:51.439Z]     178/190 Test #219: GTest:AL_USDTransactionTests ....................   Passed    0.06 sec
[2023-03-31T14:23:51.439Z]             Start 220: Python:AL_USDTransactionTests
[2023-03-31T14:23:51.864Z]     179/190 Test #220: Python:AL_USDTransactionTests ...................   Passed    0.39 sec
[2023-03-31T14:23:51.864Z]             Start 221: AL_USDMayaTestPlugin
[2023-03-31T14:23:53.741Z]     180/190 Test #217: testPxrUsdAlembicChaser .........................   Passed    6.15 sec
[2023-03-31T14:23:53.741Z]             Start 222: TestALUSDMayaPython_ProxyShape
[2023-03-31T14:23:53.953Z]     181/190 Test #210: testUsdExportPointInstancer .....................   Passed   27.41 sec
[2023-03-31T14:23:53.953Z]             Start 223: TestALUSDMayaPython_Translators
[2023-03-31T14:23:59.370Z]     182/190 Test #222: TestALUSDMayaPython_ProxyShape ..................   Passed    5.60 sec
[2023-03-31T14:23:59.370Z]             Start 224: TestALUSDMayaPython_LayerManager
[2023-03-31T14:23:59.370Z]     183/190 Test #223: TestALUSDMayaPython_Translators .................   Passed    5.47 sec
[2023-03-31T14:24:00.166Z]             Start 225: TestALUSDMayaPython_ImportModule
[2023-03-31T14:24:02.015Z]     184/190 Test #225: TestALUSDMayaPython_ImportModule ................   Passed    1.80 sec
[2023-03-31T14:24:02.015Z]             Start 226: testMayaSchemas
[2023-03-31T14:24:02.015Z]     185/190 Test #226: testMayaSchemas .................................   Passed    0.06 sec
[2023-03-31T14:24:02.015Z]             Start 227: TestAdditionalTranslators
[2023-03-31T14:24:06.475Z]     186/190 Test #224: TestALUSDMayaPython_LayerManager ................   Passed    7.04 sec
[2023-03-31T14:24:06.475Z]             Start 228: TestPxrUsdTranslators
[2023-03-31T14:24:09.721Z]     187/190 Test #227: TestAdditionalTranslators .......................   Passed    7.65 sec
[2023-03-31T14:24:12.711Z]     188/190 Test #228: TestPxrUsdTranslators ...........................   Passed    6.26 sec
[2023-03-31T14:24:13.432Z]     189/190 Test #221: AL_USDMayaTestPlugin ............................   Passed   21.61 sec
[2023-03-31T14:24:30.826Z]     190/190 Test #179: testUsdImportXforms .............................   Passed  120.23 sec
[2023-03-31T14:24:30.826Z]     
[2023-03-31T14:24:30.826Z]     99% tests passed, 1 tests failed out of 189
[2023-03-31T14:24:30.826Z]     
[2023-03-31T14:24:30.826Z]     Label Time Summary:
[2023-03-31T14:24:30.826Z]     Debugging            =   0.00 sec*proc (1 test)
[2023-03-31T14:24:30.826Z]     MayaUsd              =  41.80 sec*proc (8 tests)
[2023-03-31T14:24:30.826Z]     fileio               =  46.34 sec*proc (9 tests)
[2023-03-31T14:24:30.826Z]     fileio_utils         =   9.99 sec*proc (2 tests)
[2023-03-31T14:24:30.826Z]     nodes                =  26.73 sec*proc (5 tests)
[2023-03-31T14:24:30.826Z]     translators          = 589.09 sec*proc (91 tests)
[2023-03-31T14:24:30.826Z]     ufe                  = 181.88 sec*proc (34 tests)
[2023-03-31T14:24:30.826Z]     undo                 =   5.22 sec*proc (1 test)
[2023-03-31T14:24:30.826Z]     usdPreviewSurface    =   8.18 sec*proc (2 tests)
[2023-03-31T14:24:30.826Z]     utils                =  14.74 sec*proc (3 tests)
[2023-03-31T14:24:30.826Z]     
[2023-03-31T14:24:30.826Z]     Total Test time (real) = 284.03 sec
[2023-03-31T14:24:30.826Z]     
[2023-03-31T14:24:30.826Z]     The following tests did not run:
[2023-03-31T14:24:30.826Z]     	  9 - _Interactive_Maya (Disabled)
[2023-03-31T14:24:30.826Z]     
[2023-03-31T14:24:30.826Z]     The following tests FAILED:
[2023-03-31T14:24:30.826Z]     	 25 - testEditRouting (Failed)
[2023-03-31T14:24:30.826Z]     Errors while running CTest
[2023-03-31T14:24:30.826Z]     
[2023-03-31T14:24:30.826Z]         Building with settings:
[2023-03-31T14:24:30.826Z]           Source directory          /local/S/jenkins/workspace/ECP/ecg-maya-usd/ecg-mayausd-branch-preflight-2022-python3-osx/ecg-maya-usd/maya-usd
[2023-03-31T14:24:30.826Z]           Workspace directory       /local/S/jenkins/workspace/ECP/ecg-maya-usd/ecg-mayausd-branch-preflight-2022-python3-osx
[2023-03-31T14:24:30.826Z]           Build directory           /local/S/jenkins/workspace/ECP/ecg-maya-usd/ecg-mayausd-branch-preflight-2022-python3-osx/build/RelWithDebInfo
[2023-03-31T14:24:30.826Z]           Install directory         /local/S/jenkins/workspace/ECP/ecg-maya-usd/ecg-mayausd-branch-preflight-2022-python3-osx/install/RelWithDebInfo/MayaUSD
[2023-03-31T14:24:30.826Z]           Variant                   RelWithDebInfo
[2023-03-31T14:24:30.826Z]           Python Debug              Off
[2023-03-31T14:24:30.826Z]           CMake generator           Ninja
[2023-03-31T14:24:30.826Z]           Build arguments           ['-DCMAKE_MAKE_PROGRAM=/local/S/jenkins/workspace/shared/Artifactory/OSX/ninja/1.9.0/41005eb/ninja', '-DPYTHON_INCLUDE_DIR=/local/S/jenkins/workspace/shared/Artifactory/OSX/rundev-2022/202303271415/runtime/14b7a14/runTime/Maya.app/Contents/Frameworks/Python.framework/Versions/Current/include/python3.7m', '-DPython_EXECUTABLE=/local/S/jenkins/workspace/shared/Artifactory/OSX/rundev-2022/202303271415/runtime/14b7a14/runTime/Maya.app/Contents/bin/mayapy', '-DPYTHON_LIBRARIES=/local/S/jenkins/workspace/shared/Artifactory/OSX/rundev-2022/202303271415/runtime/14b7a14/runTime/Maya.app/Contents/Frameworks/Python.framework/Versions/Current/lib/libpython3.7m.dylib', '-DBUILD_WITH_PYTHON_3=ON', '-DUSD_LIB_PREFIX=lib', '-DCMAKE_WANT_MATERIALX_BUILD=ON', '-DCMAKE_PREFIX_PATH=/local/S/jenkins/workspace/shared/Artifactory/OSX/USD/c188d08']
[2023-03-31T14:24:30.826Z]           Stages arguments          ['test']
[2023-03-31T14:24:30.826Z]           CTest arguments           ['-E testUsdReferenceAssemblySelection|testUsdMayaAppDir', '-LE interactive', '--parallel 4']
[2023-03-31T14:24:30.826Z]     #####################################################################################
[2023-03-31T14:24:30.826Z]     log date: 2023-03-31 07:19
[2023-03-31T14:24:30.826Z]     commit sha: cb25652d18e0c99b8fa2e4d866c820eafe266014
[2023-03-31T14:24:30.826Z]     commit date: Fri Mar 31 07:05:35 2023 -0700
[2023-03-31T14:24:30.826Z]     #####################################################################################
[2023-03-31T14:24:30.826Z]     
[2023-03-31T14:24:30.826Z]     cmake --build . --config RelWithDebInfo --target install -- -j4
[2023-03-31T14:24:30.826Z]     #####################################################################################
[2023-03-31T14:24:30.826Z]     log date: 2023-03-31 07:19
[2023-03-31T14:24:30.826Z]     commit sha: cb25652d18e0c99b8fa2e4d866c820eafe266014
[2023-03-31T14:24:30.826Z]     commit date: Fri Mar 31 07:05:35 2023 -0700
[2023-03-31T14:24:30.826Z]     #####################################################################################
[2023-03-31T14:24:30.826Z]     
[2023-03-31T14:24:30.826Z]     ctest --output-on-failure --timeout 500 -C RelWithDebInfo -E testUsdReferenceAssemblySelection|testUsdMayaAppDir -LE interactive --parallel 4
[2023-03-31T14:24:30.826Z]     
[2023-03-31T14:24:30.827Z]     Traceback (most recent call last):
[2023-03-31T14:24:30.827Z]       File "/local/S/jenkins/workspace/ECP/ecg-maya-usd/ecg-mayausd-branch-preflight-2022-python3-osx/ecg-maya-usd/maya-usd/build.py", line 641, in <module>
[2023-03-31T14:24:30.827Z]         RunTests(context, context.ctestArgs)
[2023-03-31T14:24:30.827Z]       File "/local/S/jenkins/workspace/ECP/ecg-maya-usd/ecg-mayausd-branch-preflight-2022-python3-osx/ecg-maya-usd/maya-usd/build.py", line 416, in RunTests
[2023-03-31T14:24:30.827Z]         RunCTest(context,extraArgs)
[2023-03-31T14:24:30.827Z]       File "/local/S/jenkins/workspace/ECP/ecg-maya-usd/ecg-mayausd-branch-preflight-2022-python3-osx/ecg-maya-usd/maya-usd/build.py", line 322, in RunCTest
[2023-03-31T14:24:30.827Z]         extraArgs=(" ".join(extraArgs) if extraArgs else "")))
[2023-03-31T14:24:30.827Z]       File "/local/S/jenkins/workspace/ECP/ecg-maya-usd/ecg-mayausd-branch-preflight-2022-python3-osx/ecg-maya-usd/maya-usd/build.py", line 179, in Run
[2023-03-31T14:24:30.827Z]         .format(cmd=cmd, log=os.path.abspath(context.logFileLocation)))
[2023-03-31T14:24:30.827Z]     RuntimeError: Failed to run 'ctest --output-on-failure --timeout 500 -C RelWithDebInfo -E testUsdReferenceAssemblySelection|testUsdMayaAppDir -LE interactive --parallel 4 '
[2023-03-31T14:24:30.827Z]     See /local/S/jenkins/workspace/ECP/ecg-maya-usd/ecg-mayausd-branch-preflight-2022-python3-osx/build/RelWithDebInfo/build_log.txt for more details.
[2023-03-31T14:24:30.827Z] build.py: error: Command failed with error code: 1
[Pipeline] }
[Pipeline] // withEnv
[Pipeline] }
[Pipeline] // timeout
[Pipeline] }
[Pipeline] // stage
[Pipeline] }
[Pipeline] // timestamps
[Pipeline] emailextrecipients
Not sending mail to unregistered user ecg.jenkins@autodesk.com because your SCM claimed this was associated with a user ID ecg.jenkins' which your security realm does not recognize; you may need changes in your SCM plugin
Not sending mail to unregistered user ecg.jenkins@autodesk.com because your SCM claimed this was associated with a user ID ecg.jenkins' which your security realm does not recognize; you may need changes in your SCM plugin
[Pipeline] echo
No recipients to send notification.
[Pipeline] }
[Pipeline] // node
[Pipeline] End of Pipeline
ERROR: script returned exit code 1
[Checks API] No suitable checks publisher found.
Finished: FAILURE
