[2023-03-31T14:06:25.012Z] ================================================================================
[2023-03-31T14:06:25.012Z]                              setup (RelWithDebInfo)
[2023-03-31T14:06:25.012Z] ================================================================================
[Pipeline] }
[Pipeline] // withEnv
[Pipeline] }
[Pipeline] // timeout
[Pipeline] }
[Pipeline] // stage
[Pipeline] }
[Pipeline] // timestamps
[Pipeline] timestamps
[Pipeline] {
[Pipeline] stage
[Pipeline] { (Clean)
[Pipeline] timeout
[2023-03-31T14:06:25.197Z] Timeout set to expire in 6 hr 0 min
[Pipeline] {
[Pipeline] withEnv
[Pipeline] {
[Pipeline] sh
[2023-03-31T14:06:25.752Z] + scl enable devtoolset-6 -
[2023-03-31T14:06:25.752Z] python ecg-maya-usd/build.py --stages=clean --workspace-dir=/local/S/jenkins/workspace/ECP/ecg-maya-usd/ecg-mayausd-branch-preflight-2023-python3-linux --artifactory-dir=/local/S/jenkins/workspace/shared/Artifactory --build-dir=/local/S/jenkins/workspace/ECP/ecg-maya-usd/ecg-mayausd-branch-preflight-2023-python3-linux/build --install-dir=/local/S/jenkins/workspace/ECP/ecg-maya-usd/ecg-mayausd-branch-preflight-2023-python3-linux/install --signing-dir=/local/S/jenkins/workspace/ECP/ecg-maya-usd/ecg-mayausd-branch-preflight-2023-python3-linux/signing --package-dir=/local/S/jenkins/workspace/ECP/ecg-maya-usd/ecg-mayausd-branch-preflight-2023-python3-linux/package --output-dir=/local/S/jenkins/workspace/ECP/ecg-maya-usd/ecg-mayausd-branch-preflight-2023-python3-linux/output --stash-dir=/local/S/jenkins/workspace/ECP/ecg-maya-usd/ecg-mayausd-branch-preflight-2023-python3-linux/stash --jenkins-build=816 --git-commit=187ad5f540de68c261aa637ad6e8835c0ebabe94 --git-branch=master --variants=RelWithDebInfo --python=3.9 --post-zips=false --maya-cut-config=maya-rundev-2023.yaml --maya-package=rundev-2023 --stage-banner
[2023-03-31T14:06:26.456Z] Using Maya cut from /local/S/jenkins/workspace/shared/Artifactory/Linux/rundev-2023/202303171415/runtime/a1b1f31
[2023-03-31T14:06:26.456Z] 
[2023-03-31T14:06:26.456Z] ================================================================================
[2023-03-31T14:06:26.456Z]                              clean (RelWithDebInfo)
[2023-03-31T14:06:26.456Z] ================================================================================
[2023-03-31T14:06:26.456Z] Maya Python RelWithDebInfo Info:
[2023-03-31T14:06:26.456Z]   mayapy executable   = /local/S/jenkins/workspace/shared/Artifactory/Linux/rundev-2023/202303171415/runtime/a1b1f31/runTime/bin/mayapy
[2023-03-31T14:06:26.456Z]   Include Folder      = /local/S/jenkins/workspace/shared/Artifactory/Linux/rundev-2023/202303171415/runtime/a1b1f31/runTime/include/Python39/Python
[2023-03-31T14:06:26.456Z]   Library             = /local/S/jenkins/workspace/shared/Artifactory/Linux/rundev-2023/202303171415/runtime/a1b1f31/runTime/lib/libpython3.9.so.1.0
[2023-03-31T14:06:26.456Z]   site-package Folder = /local/S/jenkins/workspace/shared/Artifactory/Linux/rundev-2023/202303171415/runtime/a1b1f31/runTime/lib/python3.9/site-packages
[2023-03-31T14:06:27.059Z] In workdir: /home/S/jenkins/workspace/ECP/ecg-maya-usd/ecg-mayausd-branch-preflight-2023-python3-linux/ecg-maya-usd/maya-usd
[2023-03-31T14:06:27.059Z] Executing: /local/S/jenkins/workspace/shared/Artifactory/Linux/rundev-2023/202303171415/runtime/a1b1f31/runTime/bin/mayapy /home/S/jenkins/workspace/ECP/ecg-maya-usd/ecg-mayausd-branch-preflight-2023-python3-linux/ecg-maya-usd/maya-usd/build.py --generator Ninja --build-relwithdebug --maya-location /local/S/jenkins/workspace/shared/Artifactory/Linux/rundev-2023/202303171415/runtime/a1b1f31/runTime --devkit-location /local/S/jenkins/workspace/shared/Artifactory/Linux/rundev-2023/202303171415/runtime/a1b1f31/devkitBase --pxrusd-location /local/S/jenkins/workspace/shared/Artifactory/Linux/USD/cb5482e --qt-location /local/S/jenkins/workspace/shared/Artifactory/Linux/qt/5.15.2/95656d9 --build-args=-DCMAKE_MAKE_PROGRAM=/local/S/jenkins/workspace/shared/Artifactory/Linux/ninja/1.9.0/aca9939/ninja,-DPYTHON_INCLUDE_DIR=/local/S/jenkins/workspace/shared/Artifactory/Linux/rundev-2023/202303171415/runtime/a1b1f31/runTime/include/Python39/Python,-DPython_EXECUTABLE=/local/S/jenkins/workspace/shared/Artifactory/Linux/rundev-2023/202303171415/runtime/a1b1f31/runTime/bin/mayapy,-DPYTHON_LIBRARIES=/local/S/jenkins/workspace/shared/Artifactory/Linux/rundev-2023/202303171415/runtime/a1b1f31/runTime/lib/libpython3.9.so.1.0,-DBUILD_WITH_PYTHON_3=ON,-DBUILD_WITH_PYTHON_3_VERSION=3.9,-DUSD_LIB_PREFIX=lib,-DCMAKE_WANT_MATERIALX_BUILD=ON,-DCMAKE_PREFIX_PATH=/local/S/jenkins/workspace/shared/Artifactory/Linux/USD/cb5482e '--ctest-args=-E testUsdReferenceAssemblySelection|testUsdMayaAppDir,-LE interactive,--parallel 16' --stages=clean --redirect-outstream-file=False --install-location /local/S/jenkins/workspace/ECP/ecg-maya-usd/ecg-mayausd-branch-preflight-2023-python3-linux/install/RelWithDebInfo/MayaUSD /local/S/jenkins/workspace/ECP/ecg-maya-usd/ecg-mayausd-branch-preflight-2023-python3-linux
[2023-03-31T14:06:27.059Z] Modified environment variables:
[2023-03-31T14:06:27.059Z]     PATH=/local/S/jenkins/workspace/shared/Artifactory/Linux/cmake/3.20.3/ab685d7/bin:/opt/rh/devtoolset-6/root/usr/bin:/usr/local/bin:/usr/bin
[2023-03-31T14:06:27.059Z]     LD_LIBRARY_PATH=/opt/rh/devtoolset-6/root/usr/lib64:/opt/rh/devtoolset-6/root/usr/lib64:/opt/rh/devtoolset-6/root/usr/lib
[2023-03-31T14:06:27.160Z]     
[2023-03-31T14:06:27.160Z]         Building with settings:
[2023-03-31T14:06:27.160Z]           Source directory          /home/S/jenkins/workspace/ECP/ecg-maya-usd/ecg-mayausd-branch-preflight-2023-python3-linux/ecg-maya-usd/maya-usd
[2023-03-31T14:06:27.160Z]           Workspace directory       /local/S/jenkins/workspace/ECP/ecg-maya-usd/ecg-mayausd-branch-preflight-2023-python3-linux
[2023-03-31T14:06:27.160Z]           Build directory           /local/S/jenkins/workspace/ECP/ecg-maya-usd/ecg-mayausd-branch-preflight-2023-python3-linux/build/RelWithDebInfo
[2023-03-31T14:06:27.160Z]           Install directory         /local/S/jenkins/workspace/ECP/ecg-maya-usd/ecg-mayausd-branch-preflight-2023-python3-linux/install/RelWithDebInfo/MayaUSD
[2023-03-31T14:06:27.160Z]           Variant                   RelWithDebInfo
[2023-03-31T14:06:27.160Z]           Python Debug              Off
[2023-03-31T14:06:27.160Z]           CMake generator           Ninja
[2023-03-31T14:06:27.160Z]           Build arguments           ['-DCMAKE_MAKE_PROGRAM=/local/S/jenkins/workspace/shared/Artifactory/Linux/ninja/1.9.0/aca9939/ninja', '-DPYTHON_INCLUDE_DIR=/local/S/jenkins/workspace/shared/Artifactory/Linux/rundev-2023/202303171415/runtime/a1b1f31/runTime/include/Python39/Python', '-DPython_EXECUTABLE=/local/S/jenkins/workspace/shared/Artifactory/Linux/rundev-2023/202303171415/runtime/a1b1f31/runTime/bin/mayapy', '-DPYTHON_LIBRARIES=/local/S/jenkins/workspace/shared/Artifactory/Linux/rundev-2023/202303171415/runtime/a1b1f31/runTime/lib/libpython3.9.so.1.0', '-DBUILD_WITH_PYTHON_3=ON', '-DBUILD_WITH_PYTHON_3_VERSION=3.9', '-DUSD_LIB_PREFIX=lib', '-DCMAKE_WANT_MATERIALX_BUILD=ON', '-DCMAKE_PREFIX_PATH=/local/S/jenkins/workspace/shared/Artifactory/Linux/USD/cb5482e']
[2023-03-31T14:06:27.160Z]           Stages arguments          ['clean']
[2023-03-31T14:06:27.160Z]           CTest arguments           ['-E testUsdReferenceAssemblySelection|testUsdMayaAppDir', '-LE interactive', '--parallel 16']
[2023-03-31T14:06:27.160Z]     Success MayaUSD build and install !!!!
[2023-03-31T14:06:27.160Z]     Elapsed time: 00:00:00
[Pipeline] }
[Pipeline] // withEnv
[Pipeline] }
[Pipeline] // timeout
[Pipeline] }
[Pipeline] // stage
[Pipeline] }
[Pipeline] // timestamps
[Pipeline] timestamps
[Pipeline] {
[Pipeline] stage
[Pipeline] { (Configure)
[Pipeline] timeout
[2023-03-31T14:06:27.404Z] Timeout set to expire in 6 hr 0 min
[Pipeline] {
[Pipeline] withEnv
[Pipeline] {
[Pipeline] sh
[2023-03-31T14:06:28.071Z] + scl enable devtoolset-6 -
[2023-03-31T14:06:28.071Z] python ecg-maya-usd/build.py --stages=configure --workspace-dir=/local/S/jenkins/workspace/ECP/ecg-maya-usd/ecg-mayausd-branch-preflight-2023-python3-linux --artifactory-dir=/local/S/jenkins/workspace/shared/Artifactory --build-dir=/local/S/jenkins/workspace/ECP/ecg-maya-usd/ecg-mayausd-branch-preflight-2023-python3-linux/build --install-dir=/local/S/jenkins/workspace/ECP/ecg-maya-usd/ecg-mayausd-branch-preflight-2023-python3-linux/install --signing-dir=/local/S/jenkins/workspace/ECP/ecg-maya-usd/ecg-mayausd-branch-preflight-2023-python3-linux/signing --package-dir=/local/S/jenkins/workspace/ECP/ecg-maya-usd/ecg-mayausd-branch-preflight-2023-python3-linux/package --output-dir=/local/S/jenkins/workspace/ECP/ecg-maya-usd/ecg-mayausd-branch-preflight-2023-python3-linux/output --stash-dir=/local/S/jenkins/workspace/ECP/ecg-maya-usd/ecg-mayausd-branch-preflight-2023-python3-linux/stash --jenkins-build=816 --git-commit=187ad5f540de68c261aa637ad6e8835c0ebabe94 --git-branch=master --variants=RelWithDebInfo --python=3.9 --post-zips=false --maya-cut-config=maya-rundev-2023.yaml --maya-package=rundev-2023 --stage-banner
[2023-03-31T14:06:28.675Z] Using Maya cut from /local/S/jenkins/workspace/shared/Artifactory/Linux/rundev-2023/202303171415/runtime/a1b1f31
[2023-03-31T14:06:28.675Z] 
[2023-03-31T14:06:28.675Z] ================================================================================
[2023-03-31T14:06:28.675Z]                            configure (RelWithDebInfo)
[2023-03-31T14:06:28.675Z] ================================================================================
[2023-03-31T14:06:28.675Z] Maya Python RelWithDebInfo Info:
[2023-03-31T14:06:28.675Z]   mayapy executable   = /local/S/jenkins/workspace/shared/Artifactory/Linux/rundev-2023/202303171415/runtime/a1b1f31/runTime/bin/mayapy
[2023-03-31T14:06:28.675Z]   Include Folder      = /local/S/jenkins/workspace/shared/Artifactory/Linux/rundev-2023/202303171415/runtime/a1b1f31/runTime/include/Python39/Python
[2023-03-31T14:06:28.675Z]   Library             = /local/S/jenkins/workspace/shared/Artifactory/Linux/rundev-2023/202303171415/runtime/a1b1f31/runTime/lib/libpython3.9.so.1.0
[2023-03-31T14:06:28.675Z]   site-package Folder = /local/S/jenkins/workspace/shared/Artifactory/Linux/rundev-2023/202303171415/runtime/a1b1f31/runTime/lib/python3.9/site-packages
[2023-03-31T14:06:29.077Z] In workdir: /home/S/jenkins/workspace/ECP/ecg-maya-usd/ecg-mayausd-branch-preflight-2023-python3-linux/ecg-maya-usd/maya-usd
[2023-03-31T14:06:29.077Z] Executing: /local/S/jenkins/workspace/shared/Artifactory/Linux/rundev-2023/202303171415/runtime/a1b1f31/runTime/bin/mayapy /home/S/jenkins/workspace/ECP/ecg-maya-usd/ecg-mayausd-branch-preflight-2023-python3-linux/ecg-maya-usd/maya-usd/build.py --generator Ninja --build-relwithdebug --maya-location /local/S/jenkins/workspace/shared/Artifactory/Linux/rundev-2023/202303171415/runtime/a1b1f31/runTime --devkit-location /local/S/jenkins/workspace/shared/Artifactory/Linux/rundev-2023/202303171415/runtime/a1b1f31/devkitBase --pxrusd-location /local/S/jenkins/workspace/shared/Artifactory/Linux/USD/cb5482e --qt-location /local/S/jenkins/workspace/shared/Artifactory/Linux/qt/5.15.2/95656d9 --build-args=-DCMAKE_MAKE_PROGRAM=/local/S/jenkins/workspace/shared/Artifactory/Linux/ninja/1.9.0/aca9939/ninja,-DPYTHON_INCLUDE_DIR=/local/S/jenkins/workspace/shared/Artifactory/Linux/rundev-2023/202303171415/runtime/a1b1f31/runTime/include/Python39/Python,-DPython_EXECUTABLE=/local/S/jenkins/workspace/shared/Artifactory/Linux/rundev-2023/202303171415/runtime/a1b1f31/runTime/bin/mayapy,-DPYTHON_LIBRARIES=/local/S/jenkins/workspace/shared/Artifactory/Linux/rundev-2023/202303171415/runtime/a1b1f31/runTime/lib/libpython3.9.so.1.0,-DBUILD_WITH_PYTHON_3=ON,-DBUILD_WITH_PYTHON_3_VERSION=3.9,-DUSD_LIB_PREFIX=lib,-DCMAKE_WANT_MATERIALX_BUILD=ON,-DCMAKE_PREFIX_PATH=/local/S/jenkins/workspace/shared/Artifactory/Linux/USD/cb5482e '--ctest-args=-E testUsdReferenceAssemblySelection|testUsdMayaAppDir,-LE interactive,--parallel 16' --stages=configure --redirect-outstream-file=False --install-location /local/S/jenkins/workspace/ECP/ecg-maya-usd/ecg-mayausd-branch-preflight-2023-python3-linux/install/RelWithDebInfo/MayaUSD /local/S/jenkins/workspace/ECP/ecg-maya-usd/ecg-mayausd-branch-preflight-2023-python3-linux
[2023-03-31T14:06:29.077Z] Modified environment variables:
[2023-03-31T14:06:29.077Z]     PATH=/local/S/jenkins/workspace/shared/Artifactory/Linux/cmake/3.20.3/ab685d7/bin:/opt/rh/devtoolset-6/root/usr/bin:/usr/local/bin:/usr/bin
[2023-03-31T14:06:29.077Z]     LD_LIBRARY_PATH=/opt/rh/devtoolset-6/root/usr/lib64:/opt/rh/devtoolset-6/root/usr/lib64:/opt/rh/devtoolset-6/root/usr/lib
[2023-03-31T14:06:29.278Z]     -- The C compiler identification is GNU 6.3.1
[2023-03-31T14:06:29.278Z]     -- The CXX compiler identification is GNU 6.3.1
[2023-03-31T14:06:29.279Z]     -- Detecting C compiler ABI info
[2023-03-31T14:06:29.379Z]     -- Detecting C compiler ABI info - done
[2023-03-31T14:06:29.379Z]     -- Check for working C compiler: /opt/rh/devtoolset-6/root/usr/bin/cc - skipped
[2023-03-31T14:06:29.379Z]     -- Detecting C compile features
[2023-03-31T14:06:29.379Z]     -- Detecting C compile features - done
[2023-03-31T14:06:29.379Z]     -- Detecting CXX compiler ABI info
[2023-03-31T14:06:29.480Z]     -- Detecting CXX compiler ABI info - done
[2023-03-31T14:06:29.480Z]     -- Check for working CXX compiler: /opt/rh/devtoolset-6/root/usr/bin/c++ - skipped
[2023-03-31T14:06:29.480Z]     -- Detecting CXX compile features
[2023-03-31T14:06:29.480Z]     -- Detecting CXX compile features - done
[2023-03-31T14:06:30.184Z]     -- Using Maya Light API Version 3
[2023-03-31T14:06:30.184Z]     -- Maya has setDefaultMaterialHandling API
[2023-03-31T14:06:30.184Z]     -- Maya has new point snapping API
[2023-03-31T14:06:30.184Z]     -- Maya has getCurrentUfeCameraPath
[2023-03-31T14:06:30.184Z]     -- Maya has isInCrashHandler API
[2023-03-31T14:06:30.184Z]     -- Maya has setUfeIdentifiers API
[2023-03-31T14:06:30.184Z]     -- Maya has updateUfeIdentifiers API
[2023-03-31T14:06:30.184Z]     -- Maya has getDisplayStyleOfAllViewports API
[2023-03-31T14:06:30.184Z]     -- Maya array iterator has difference_type trait
[2023-03-31T14:06:30.184Z]     -- MFnSet has getMemberPaths function
[2023-03-31T14:06:30.184Z]     -- MFnDisplayLayer exists
[2023-03-31T14:06:30.184Z]     -- MDisplayLayerMessage has MDisplayLayerMemberChangedFunction
[2023-03-31T14:06:30.184Z]     -- MRenderItem has HideOnPlayback API
[2023-03-31T14:06:30.184Z]     -- Maya has UFE gizmo drawing
[2023-03-31T14:06:30.285Z]     -- Found Maya: /local/S/jenkins/workspace/shared/Artifactory/Linux/rundev-2023/202303171415/runtime/a1b1f31/runTime/bin/maya (found suitable version "2023", minimum required is "2018")
[2023-03-31T14:06:30.486Z]     -- Found Python: /local/S/jenkins/workspace/shared/Artifactory/Linux/rundev-2023/202303171415/runtime/a1b1f31/runTime/bin/mayapy (found suitable exact version "3.9.7") found components: Interpreter
[2023-03-31T14:06:30.486Z]     -- Build MayaUSD with Python3 = ON
[2023-03-31T14:06:30.486Z]     --    PYTHON_INCLUDE_DIRS = /local/S/jenkins/workspace/shared/Artifactory/Linux/rundev-2023/202303171415/runtime/a1b1f31/runTime/include/Python39/Python
[2023-03-31T14:06:30.486Z]     --    PYTHON_LIBRARIES    = /local/S/jenkins/workspace/shared/Artifactory/Linux/rundev-2023/202303171415/runtime/a1b1f31/runTime/lib/libpython3.9.so.1.0
[2023-03-31T14:06:30.486Z]     --    Python_EXECUTABLE   = /local/S/jenkins/workspace/shared/Artifactory/Linux/rundev-2023/202303171415/runtime/a1b1f31/runTime/bin/mayapy
[2023-03-31T14:06:30.688Z]     -- USD v0.21.11 has security patches.
[2023-03-31T14:06:30.688Z]     -- USD include dir: /local/S/jenkins/workspace/shared/Artifactory/Linux/USD/cb5482e/include
[2023-03-31T14:06:30.688Z]     -- USD library dir: /local/S/jenkins/workspace/shared/Artifactory/Linux/USD/cb5482e/lib
[2023-03-31T14:06:30.688Z]     -- USD version: 0.21.11
[2023-03-31T14:06:30.688Z]     -- Autodesk USD version: 0.21.11-ad1
[2023-03-31T14:06:30.688Z]     -- Found USD: /local/S/jenkins/workspace/shared/Artifactory/Linux/USD/cb5482e (found suitable version "0.21.11", minimum required is "0.20.05")
[2023-03-31T14:06:30.688Z]     Updated PYTHONPATH: /opt/rh/devtoolset-6/root/usr/lib64/python2.7/site-packages:/opt/rh/devtoolset-6/root/usr/lib/python2.7/site-packages:/local/S/jenkins/workspace/shared/Artifactory/Linux/USD/cb5482e/lib/python
[2023-03-31T14:06:30.688Z]     -- UFE include dir: /local/S/jenkins/workspace/shared/Artifactory/Linux/rundev-2023/202303171415/runtime/a1b1f31/devkitBase/devkit/ufe/include
[2023-03-31T14:06:30.688Z]     -- UFE library: /local/S/jenkins/workspace/shared/Artifactory/Linux/rundev-2023/202303171415/runtime/a1b1f31/devkitBase/devkit/ufe/lib/libufe_3.so
[2023-03-31T14:06:30.688Z]     -- UFE version: 3.3.0
[2023-03-31T14:06:30.688Z]     -- UFE preview features: ufe
[2023-03-31T14:06:30.688Z]     -- Maya has UFE lights API
[2023-03-31T14:06:30.688Z]     -- Maya has UFE scene segment API
[2023-03-31T14:06:30.688Z]     -- Maya has UFE TrieNode childrenComponents accessor
[2023-03-31T14:06:30.688Z]     -- Building with UFE 3.3.0 features enabled.
[2023-03-31T14:06:30.688Z]     -- Found MaterialX
[2023-03-31T14:06:30.688Z]     -- Building with Qt features enabled.
[2023-03-31T14:06:30.688Z]     -- **** Building Gulrak From Github Repository.
[2023-03-31T14:06:30.688Z]     -- Populating gulrak
[2023-03-31T14:06:30.688Z]     -- Configuring done
[2023-03-31T14:06:30.688Z]     -- Generating done
[2023-03-31T14:06:30.688Z]     -- Build files have been written to: /home/S/jenkins/workspace/ECP/ecg-maya-usd/ecg-mayausd-branch-preflight-2023-python3-linux/build/RelWithDebInfo/_deps/gulrak-subbuild
[2023-03-31T14:06:30.688Z]     [1/9] Creating directories for 'gulrak-populate'
[2023-03-31T14:06:30.688Z]     [1/9] Performing download step (git clone) for 'gulrak-populate'
[2023-03-31T14:06:30.789Z]     Cloning into 'gulrak-src'...
[2023-03-31T14:06:30.890Z]     fatal: unable to access 'https://github.com/gulrak/filesystem.git/': Encountered end of file
[2023-03-31T14:06:30.890Z]     Cloning into 'gulrak-src'...
[2023-03-31T14:06:31.091Z]     fatal: unable to access 'https://github.com/gulrak/filesystem.git/': Encountered end of file
[2023-03-31T14:06:31.091Z]     Cloning into 'gulrak-src'...
[2023-03-31T14:06:31.192Z]     fatal: unable to access 'https://github.com/gulrak/filesystem.git/': Encountered end of file
[2023-03-31T14:06:31.192Z]     -- Had to git clone more than once:
[2023-03-31T14:06:31.192Z]               3 times.
[2023-03-31T14:06:31.192Z]     CMake Error at gulrak-subbuild/gulrak-populate-prefix/tmp/gulrak-populate-gitclone.cmake:31 (message):
[2023-03-31T14:06:31.192Z]       Failed to clone repository: 'https://github.com/gulrak/filesystem.git'
[2023-03-31T14:06:31.192Z]     
[2023-03-31T14:06:31.192Z]     
[2023-03-31T14:06:31.192Z]     FAILED: gulrak-populate-prefix/src/gulrak-populate-stamp/gulrak-populate-download
[2023-03-31T14:06:31.192Z]     cd /home/S/jenkins/workspace/ECP/ecg-maya-usd/ecg-mayausd-branch-preflight-2023-python3-linux/build/RelWithDebInfo/_deps && /home/S/jenkins/workspace/shared/Artifactory/Linux/cmake/3.20.3/ab685d7/bin/cmake -P /home/S/jenkins/workspace/ECP/ecg-maya-usd/ecg-mayausd-branch-preflight-2023-python3-linux/build/RelWithDebInfo/_deps/gulrak-subbuild/gulrak-populate-prefix/tmp/gulrak-populate-gitclone.cmake && /home/S/jenkins/workspace/shared/Artifactory/Linux/cmake/3.20.3/ab685d7/bin/cmake -E touch /home/S/jenkins/workspace/ECP/ecg-maya-usd/ecg-mayausd-branch-preflight-2023-python3-linux/build/RelWithDebInfo/_deps/gulrak-subbuild/gulrak-populate-prefix/src/gulrak-populate-stamp/gulrak-populate-download
[2023-03-31T14:06:31.192Z]     ninja: build stopped: subcommand failed.
[2023-03-31T14:06:31.192Z]     CMake Error at /home/S/jenkins/workspace/shared/Artifactory/Linux/cmake/3.20.3/ab685d7/share/cmake-3.20/Modules/FetchContent.cmake:1012 (message):
[2023-03-31T14:06:31.192Z]       Build step for gulrak failed: 1
[2023-03-31T14:06:31.192Z]     Call Stack (most recent call first):
[2023-03-31T14:06:31.192Z]       /home/S/jenkins/workspace/shared/Artifactory/Linux/cmake/3.20.3/ab685d7/share/cmake-3.20/Modules/FetchContent.cmake:1141:EVAL:2 (__FetchContent_directPopulate)
[2023-03-31T14:06:31.192Z]       /home/S/jenkins/workspace/shared/Artifactory/Linux/cmake/3.20.3/ab685d7/share/cmake-3.20/Modules/FetchContent.cmake:1141 (cmake_language)
[2023-03-31T14:06:31.192Z]       /home/S/jenkins/workspace/shared/Artifactory/Linux/cmake/3.20.3/ab685d7/share/cmake-3.20/Modules/FetchContent.cmake:1184 (FetchContent_Populate)
[2023-03-31T14:06:31.192Z]       cmake/gulrak.cmake:48 (FetchContent_MakeAvailable)
[2023-03-31T14:06:31.192Z]       CMakeLists.txt:184 (include)
[2023-03-31T14:06:31.192Z]     
[2023-03-31T14:06:31.192Z]     
[2023-03-31T14:06:31.192Z]     -- Configuring incomplete, errors occurred!
[2023-03-31T14:06:31.192Z]     See also "/home/S/jenkins/workspace/ECP/ecg-maya-usd/ecg-mayausd-branch-preflight-2023-python3-linux/build/RelWithDebInfo/CMakeFiles/CMakeOutput.log".
[2023-03-31T14:06:31.192Z]     
[2023-03-31T14:06:31.192Z]         Building with settings:
[2023-03-31T14:06:31.192Z]           Source directory          /home/S/jenkins/workspace/ECP/ecg-maya-usd/ecg-mayausd-branch-preflight-2023-python3-linux/ecg-maya-usd/maya-usd
[2023-03-31T14:06:31.192Z]           Workspace directory       /local/S/jenkins/workspace/ECP/ecg-maya-usd/ecg-mayausd-branch-preflight-2023-python3-linux
[2023-03-31T14:06:31.192Z]           Build directory           /local/S/jenkins/workspace/ECP/ecg-maya-usd/ecg-mayausd-branch-preflight-2023-python3-linux/build/RelWithDebInfo
[2023-03-31T14:06:31.192Z]           Install directory         /local/S/jenkins/workspace/ECP/ecg-maya-usd/ecg-mayausd-branch-preflight-2023-python3-linux/install/RelWithDebInfo/MayaUSD
[2023-03-31T14:06:31.192Z]           Variant                   RelWithDebInfo
[2023-03-31T14:06:31.192Z]           Python Debug              Off
[2023-03-31T14:06:31.192Z]           CMake generator           Ninja
[2023-03-31T14:06:31.192Z]           Build arguments           ['-DCMAKE_MAKE_PROGRAM=/local/S/jenkins/workspace/shared/Artifactory/Linux/ninja/1.9.0/aca9939/ninja', '-DPYTHON_INCLUDE_DIR=/local/S/jenkins/workspace/shared/Artifactory/Linux/rundev-2023/202303171415/runtime/a1b1f31/runTime/include/Python39/Python', '-DPython_EXECUTABLE=/local/S/jenkins/workspace/shared/Artifactory/Linux/rundev-2023/202303171415/runtime/a1b1f31/runTime/bin/mayapy', '-DPYTHON_LIBRARIES=/local/S/jenkins/workspace/shared/Artifactory/Linux/rundev-2023/202303171415/runtime/a1b1f31/runTime/lib/libpython3.9.so.1.0', '-DBUILD_WITH_PYTHON_3=ON', '-DBUILD_WITH_PYTHON_3_VERSION=3.9', '-DUSD_LIB_PREFIX=lib', '-DCMAKE_WANT_MATERIALX_BUILD=ON', '-DCMAKE_PREFIX_PATH=/local/S/jenkins/workspace/shared/Artifactory/Linux/USD/cb5482e']
[2023-03-31T14:06:31.192Z]           Stages arguments          ['configure']
[2023-03-31T14:06:31.192Z]           CTest arguments           ['-E testUsdReferenceAssemblySelection|testUsdMayaAppDir', '-LE interactive', '--parallel 16']
[2023-03-31T14:06:31.192Z]     #####################################################################################
[2023-03-31T14:06:31.192Z]     log date: 2023-03-31 07:06
[2023-03-31T14:06:31.192Z]     commit sha: cb25652d18e0c99b8fa2e4d866c820eafe266014
[2023-03-31T14:06:31.192Z]     commit date: Fri Mar 31 07:05:35 2023 -0700
[2023-03-31T14:06:31.192Z]     #####################################################################################
[2023-03-31T14:06:31.192Z]     
[2023-03-31T14:06:31.192Z]     cmake -DCMAKE_INSTALL_PREFIX="/local/S/jenkins/workspace/ECP/ecg-maya-usd/ecg-mayausd-branch-preflight-2023-python3-linux/install/RelWithDebInfo/MayaUSD" -DCMAKE_BUILD_TYPE=RelWithDebInfo -DCMAKE_EXPORT_COMPILE_COMMANDS=ON -G "Ninja" -DMAYA_LOCATION="/local/S/jenkins/workspace/shared/Artifactory/Linux/rundev-2023/202303171415/runtime/a1b1f31/runTime" -DPXR_USD_LOCATION="/local/S/jenkins/workspace/shared/Artifactory/Linux/USD/cb5482e" -DMAYA_DEVKIT_LOCATION="/local/S/jenkins/workspace/shared/Artifactory/Linux/rundev-2023/202303171415/runtime/a1b1f31/devkitBase" -DCMAKE_WANT_MATERIALX_BUILD=ON -DCMAKE_PREFIX_PATH="/local/S/jenkins/workspace/shared/Artifactory/Linux/USD/cb5482e" -DMAYAUSD_DEFINE_BOOST_DEBUG_PYTHON_FLAG=OFF -DQT_LOCATION="/local/S/jenkins/workspace/shared/Artifactory/Linux/qt/5.15.2/95656d9" -DCMAKE_MAKE_PROGRAM=/local/S/jenkins/workspace/shared/Artifactory/Linux/ninja/1.9.0/aca9939/ninja -DPYTHON_INCLUDE_DIR=/local/S/jenkins/workspace/shared/Artifactory/Linux/rundev-2023/202303171415/runtime/a1b1f31/runTime/include/Python39/Python -DPython_EXECUTABLE=/local/S/jenkins/workspace/shared/Artifactory/Linux/rundev-2023/202303171415/runtime/a1b1f31/runTime/bin/mayapy -DPYTHON_LIBRARIES=/local/S/jenkins/workspace/shared/Artifactory/Linux/rundev-2023/202303171415/runtime/a1b1f31/runTime/lib/libpython3.9.so.1.0 -DBUILD_WITH_PYTHON_3=ON -DBUILD_WITH_PYTHON_3_VERSION=3.9 -DUSD_LIB_PREFIX=lib -DCMAKE_WANT_MATERIALX_BUILD=ON -DCMAKE_PREFIX_PATH=/local/S/jenkins/workspace/shared/Artifactory/Linux/USD/cb5482e "/home/S/jenkins/workspace/ECP/ecg-maya-usd/ecg-mayausd-branch-preflight-2023-python3-linux/ecg-maya-usd/maya-usd"
[2023-03-31T14:06:31.192Z]     
[2023-03-31T14:06:31.192Z]     Traceback (most recent call last):
[2023-03-31T14:06:31.192Z]       File "/home/S/jenkins/workspace/ECP/ecg-maya-usd/ecg-mayausd-branch-preflight-2023-python3-linux/ecg-maya-usd/maya-usd/build.py", line 636, in <module>
[2023-03-31T14:06:31.192Z]         BuildAndInstall(context, context.buildArgs, context.stagesArgs)
[2023-03-31T14:06:31.192Z]       File "/home/S/jenkins/workspace/ECP/ecg-maya-usd/ecg-mayausd-branch-preflight-2023-python3-linux/ecg-maya-usd/maya-usd/build.py", line 397, in BuildAndInstall
[2023-03-31T14:06:31.192Z]         RunCMake(context, extraArgs, stagesArgs)
[2023-03-31T14:06:31.192Z]       File "/home/S/jenkins/workspace/ECP/ecg-maya-usd/ecg-mayausd-branch-preflight-2023-python3-linux/ecg-maya-usd/maya-usd/build.py", line 286, in RunCMake
[2023-03-31T14:06:31.192Z]         Run(context,
[2023-03-31T14:06:31.192Z]       File "/home/S/jenkins/workspace/ECP/ecg-maya-usd/ecg-mayausd-branch-preflight-2023-python3-linux/ecg-maya-usd/maya-usd/build.py", line 178, in Run
[2023-03-31T14:06:31.192Z]         raise RuntimeError("Failed to run '{cmd}'\nSee {log} for more details."
[2023-03-31T14:06:31.192Z]     RuntimeError: Failed to run 'cmake -DCMAKE_INSTALL_PREFIX="/local/S/jenkins/workspace/ECP/ecg-maya-usd/ecg-mayausd-branch-preflight-2023-python3-linux/install/RelWithDebInfo/MayaUSD" -DCMAKE_BUILD_TYPE=RelWithDebInfo -DCMAKE_EXPORT_COMPILE_COMMANDS=ON -G "Ninja" -DMAYA_LOCATION="/local/S/jenkins/workspace/shared/Artifactory/Linux/rundev-2023/202303171415/runtime/a1b1f31/runTime" -DPXR_USD_LOCATION="/local/S/jenkins/workspace/shared/Artifactory/Linux/USD/cb5482e" -DMAYA_DEVKIT_LOCATION="/local/S/jenkins/workspace/shared/Artifactory/Linux/rundev-2023/202303171415/runtime/a1b1f31/devkitBase" -DCMAKE_WANT_MATERIALX_BUILD=ON -DCMAKE_PREFIX_PATH="/local/S/jenkins/workspace/shared/Artifactory/Linux/USD/cb5482e" -DMAYAUSD_DEFINE_BOOST_DEBUG_PYTHON_FLAG=OFF -DQT_LOCATION="/local/S/jenkins/workspace/shared/Artifactory/Linux/qt/5.15.2/95656d9" -DCMAKE_MAKE_PROGRAM=/local/S/jenkins/workspace/shared/Artifactory/Linux/ninja/1.9.0/aca9939/ninja -DPYTHON_INCLUDE_DIR=/local/S/jenkins/workspace/shared/Artifactory/Linux/rundev-2023/202303171415/runtime/a1b1f31/runTime/include/Python39/Python -DPython_EXECUTABLE=/local/S/jenkins/workspace/shared/Artifactory/Linux/rundev-2023/202303171415/runtime/a1b1f31/runTime/bin/mayapy -DPYTHON_LIBRARIES=/local/S/jenkins/workspace/shared/Artifactory/Linux/rundev-2023/202303171415/runtime/a1b1f31/runTime/lib/libpython3.9.so.1.0 -DBUILD_WITH_PYTHON_3=ON -DBUILD_WITH_PYTHON_3_VERSION=3.9 -DUSD_LIB_PREFIX=lib -DCMAKE_WANT_MATERIALX_BUILD=ON -DCMAKE_PREFIX_PATH=/local/S/jenkins/workspace/shared/Artifactory/Linux/USD/cb5482e "/home/S/jenkins/workspace/ECP/ecg-maya-usd/ecg-mayausd-branch-preflight-2023-python3-linux/ecg-maya-usd/maya-usd"'
[2023-03-31T14:06:31.192Z]     See /local/S/jenkins/workspace/ECP/ecg-maya-usd/ecg-mayausd-branch-preflight-2023-python3-linux/build/RelWithDebInfo/build_log.txt for more details.
[2023-03-31T14:06:31.294Z] build.py: error: Command failed with error code: 1
[Pipeline] }
[Pipeline] // withEnv
[Pipeline] }
[Pipeline] // timeout
[Pipeline] }
[Pipeline] // stage
[Pipeline] }
[Pipeline] // timestamps
[Pipeline] emailextrecipients
Not sending mail to unregistered user ecg.jenkins@autodesk.com because your SCM claimed this was associated with a user ID ‘ecg.jenkins' which your security realm does not recognize; you may need changes in your SCM plugin
Not sending mail to unregistered user ecg.jenkins@autodesk.com because your SCM claimed this was associated with a user ID ‘ecg.jenkins' which your security realm does not recognize; you may need changes in your SCM plugin
[Pipeline] echo
No recipients to send notification.
[Pipeline] }
[Pipeline] // node
[Pipeline] End of Pipeline
ERROR: script returned exit code 1
[Checks API] No suitable checks publisher found.
Finished: FAILURE
