[2023-04-03T16:05:32.938Z] ================================================================================
[2023-04-03T16:05:32.938Z]                              setup (RelWithDebInfo)
[2023-04-03T16:05:32.938Z] ================================================================================
[Pipeline] bat
[2023-04-03T16:05:33.376Z] Deleting alias drive W:
[Pipeline] bat
[2023-04-03T16:05:33.727Z] Deleting alias drive P:
[Pipeline] }
[Pipeline] // withEnv
[Pipeline] }
[Pipeline] // timeout
[Pipeline] }
[Pipeline] // stage
[Pipeline] }
[Pipeline] // timestamps
[Pipeline] timestamps
[Pipeline] {
[Pipeline] stage
[Pipeline] { (Clean)
[Pipeline] timeout
[2023-04-03T16:05:34.254Z] Timeout set to expire in 6 hr 0 min
[Pipeline] {
[Pipeline] withEnv
[Pipeline] {
[Pipeline] bat
[2023-04-03T16:05:34.313Z] Creating alias drive P: to S:\jenkins\workspace
[Pipeline] bat
[2023-04-03T16:05:34.666Z] Creating alias drive W: to S:\jenkins\workspace\ECP\ecg-maya-usd\ecg-mayausd-branch-preflight-2019-no-ufe-windows
[Pipeline] bat
[2023-04-03T16:05:35.197Z] "C:\Program Files (x86)\Microsoft Visual Studio\2017\Professional\VC\Auxiliary\Build\vcvarsall.bat" x64
[2023-04-03T16:05:35.400Z] **********************************************************************
[2023-04-03T16:05:35.400Z] ** Visual Studio 2017 Developer Command Prompt v15.9.15
[2023-04-03T16:05:35.400Z] ** Copyright (c) 2017 Microsoft Corporation
[2023-04-03T16:05:35.400Z] **********************************************************************
[2023-04-03T16:05:36.317Z] [vcvarsall.bat] Environment initialized for: 'x64'
[2023-04-03T16:05:36.317Z] python ecg-maya-usd/build.py --stages=clean --workspace-dir=W:\ --artifactory-dir=P:\shared\Artifactory --build-dir=W:\build --install-dir=W:\install --signing-dir=W:\signing --package-dir=W:\package --output-dir=W:\output --stash-dir=W:\stash --jenkins-build=819 --git-commit=fbc705fc97ac5e97dcc1209fffcb076b1cacfe11 --git-branch=master --variants=RelWithDebInfo --python=2.7 --ufe=false --pxrusd-version=0.21.05-gold --post-zips=false --maya-cut-config=maya-rundev-2019.yaml --maya-package=rundev-2019 --stage-banner
[2023-04-03T16:05:37.265Z] Using Maya cut from P:\shared\Artifactory\Windows\rundev-2019\202003131251\runtime\155eb96
[2023-04-03T16:05:37.265Z] 
[2023-04-03T16:05:37.265Z] ================================================================================
[2023-04-03T16:05:37.265Z]                              clean (RelWithDebInfo)
[2023-04-03T16:05:37.265Z] ================================================================================
[2023-04-03T16:05:37.265Z] Maya Python RelWithDebInfo Info:
[2023-04-03T16:05:37.265Z]   mayapy executable   = P:\shared\Artifactory\Windows\rundev-2019\202003131251\runtime\155eb96\runTime\bin\mayapy.exe
[2023-04-03T16:05:37.265Z]   Include Folder      = P:\shared\Artifactory\Windows\rundev-2019\202003131251\runtime\155eb96\runTime\include\Python2.7
[2023-04-03T16:05:37.265Z]   Library             = P:\shared\Artifactory\Windows\rundev-2019\202003131251\runtime\155eb96\runTime\lib\python27.lib
[2023-04-03T16:05:37.265Z]   site-package Folder = P:\shared\Artifactory\Windows\rundev-2019\202003131251\runtime\155eb96\runTime\Python\Lib\site-packages
[2023-04-03T16:05:42.027Z] In workdir: S:\jenkins\workspace\ECP\ecg-maya-usd\ecg-mayausd-branch-preflight-2019-no-ufe-windows\ecg-maya-usd\maya-usd
[2023-04-03T16:05:42.027Z] Executing: 'P:\\shared\\Artifactory\\Windows\\rundev-2019\\202003131251\\runtime\\155eb96\\runTime\\bin\\mayapy.exe' 'S:\\jenkins\\workspace\\ECP\\ecg-maya-usd\\ecg-mayausd-branch-preflight-2019-no-ufe-windows\\ecg-maya-usd\\maya-usd\\build.py' --generator Ninja --build-relwithdebug --maya-location 'P:\\shared\\Artifactory\\Windows\\rundev-2019\\202003131251\\runtime\\155eb96\\runTime' --devkit-location 'P:\\shared\\Artifactory\\Windows\\rundev-2019\\202003131251\\runtime\\155eb96\\devkitBase' --pxrusd-location 'P:\\shared\\Artifactory\\Windows\\USD\\cfb3d8a' --qt-location 'P:\\shared\\Artifactory\\Windows\\qt\\5.6.1\\1acd0ba' '--build-args=-DCMAKE_MAKE_PROGRAM=P:/shared/Artifactory/Windows/ninja/1.9.0/c68f192/ninja.exe,-DPYTHON_INCLUDE_DIR=P:/shared/Artifactory/Windows/rundev-2019/202003131251/runtime/155eb96/runTime/include/Python2.7,-DPython_EXECUTABLE=P:/shared/Artifactory/Windows/rundev-2019/202003131251/runtime/155eb96/runTime/bin/mayapy.exe,-DPYTHON_LIBRARIES=P:/shared/Artifactory/Windows/rundev-2019/202003131251/runtime/155eb96/runTime/lib/python27.lib,-DCMAKE_WANT_UFE_BUILD=OFF,-DUSD_LIB_PREFIX=,-DCMAKE_WANT_MATERIALX_BUILD=ON,-DCMAKE_PREFIX_PATH=P:\\shared\\Artifactory\\Windows\\USD\\cfb3d8a' '--ctest-args=-E testUsdReferenceAssemblySelection|testUsdMayaAppDir,-LE interactive,--parallel 16' --stages=clean --redirect-outstream-file=False --install-location 'W:\\install\\RelWithDebInfo\\MayaUSD' 'W:\\'
[2023-04-03T16:05:42.027Z] Modified environment variables:
[2023-04-03T16:05:42.027Z]     PATH=P:\shared\Artifactory\Windows\cmake\3.20.3\afe857a\bin;C:\Python27\lib\site-packages\pywin32_system32;C:\Program Files (x86)\Microsoft Visual Studio\2017\Professional\VC\Tools\MSVC\14.16.27023\bin\HostX64\x64;C:\Program Files (x86)\Microsoft Visual Studio\2017\Professional\Common7\IDE\VC\VCPackages;C:\Program Files (x86)\Microsoft Visual Studio\2017\Professional\Common7\IDE\CommonExtensions\Microsoft\TestWindow;C:\Program Files (x86)\Microsoft Visual Studio\2017\Professional\Common7\IDE\CommonExtensions\Microsoft\TeamFoundation\Team Explorer;C:\Program Files (x86)\Microsoft Visual Studio\2017\Professional\MSBuild\15.0\bin\Roslyn;C:\Program Files (x86)\Microsoft Visual Studio\2017\Professional\Team Tools\Performance Tools\x64;C:\Program Files (x86)\Microsoft Visual Studio\2017\Professional\Team Tools\Performance Tools;C:\Program Files (x86)\Microsoft Visual Studio\Shared\Common\VSPerfCollectionTools\\x64;C:\Program Files (x86)\Microsoft Visual Studio\Shared\Common\VSPerfCollectionTools\;C:\Program Files (x86)\Microsoft SDKs\Windows\v10.0A\bin\NETFX 4.6.1 Tools\x64\;C:\Program Files (x86)\HTML Help Workshop;C:\Program Files (x86)\Windows Kits\10\bin\10.0.18362.0\x64;C:\Program Files (x86)\Windows Kits\10\bin\x64;C:\Program Files (x86)\Microsoft Visual Studio\2017\Professional\\MSBuild\15.0\bin;C:\WINDOWS\Microsoft.NET\Framework64\v4.0.30319;C:\Program Files (x86)\Microsoft Visual Studio\2017\Professional\Common7\IDE\;C:\Program Files (x86)\Microsoft Visual Studio\2017\Professional\Common7\Tools\;C:\Python27\;C:\Python27\Scripts;C:\WINDOWS\system32;C:\WINDOWS;C:\WINDOWS\System32\Wbem;C:\WINDOWS\System32\WindowsPowerShell\v1.0\;C:\WINDOWS\System32\OpenSSH\;C:\ProgramData\chocolatey\bin;C:\Program Files (x86)\WiX Toolset v3.7\bin;C:\Program Files\dotnet\;C:\Program Files (x86)\Windows Kits\10\bin\10.0.18362.0\x64;C:\Program Files\Zulu\zulu-11\bin\;C:\Program Files (x86)\Windows Kits\10\bin\10.0.17763.0\x64;C:\Program Files (x86)\Windows Kits\10\bin\x64;C:\Program Files\Git\cmd;C:\Program Files\Git\usr\bin;C:\Program Files\Git\mingw64\bin;C:\Program Files\Git\bin;C:\Python38\;C:\Python38\Scripts;C:\StoreBoxClientWindows;C:\Program Files\Electric Cloud\ElectricCommander\bin;C:\Program Files\WinRAR;C:\Program Files\7-Zip;C:\Users\Administrator\AppData\Local\Microsoft\WindowsApps;C:\Program Files (x86)\Microsoft Visual Studio\2017\Professional\Common7\IDE\CommonExtensions\Microsoft\CMake\CMake\bin;C:\Program Files (x86)\Microsoft Visual Studio\2017\Professional\Common7\IDE\CommonExtensions\Microsoft\CMake\Ninja
[2023-04-03T16:05:42.229Z]     
[2023-04-03T16:05:42.229Z]         Building with settings:
[2023-04-03T16:05:42.229Z]           Source directory          S:\jenkins\workspace\ECP\ecg-maya-usd\ecg-mayausd-branch-preflight-2019-no-ufe-windows\ecg-maya-usd\maya-usd
[2023-04-03T16:05:42.229Z]           Workspace directory       W:\
[2023-04-03T16:05:42.229Z]           Build directory           W:\build\RelWithDebInfo
[2023-04-03T16:05:42.229Z]           Install directory         W:\install\RelWithDebInfo\MayaUSD
[2023-04-03T16:05:42.229Z]           Variant                   RelWithDebInfo
[2023-04-03T16:05:42.229Z]           Python Debug              Off
[2023-04-03T16:05:42.229Z]           CMake generator           Ninja
[2023-04-03T16:05:42.229Z]           Build arguments           ['-DCMAKE_MAKE_PROGRAM=P:/shared/Artifactory/Windows/ninja/1.9.0/c68f192/ninja.exe', '-DPYTHON_INCLUDE_DIR=P:/shared/Artifactory/Windows/rundev-2019/202003131251/runtime/155eb96/runTime/include/Python2.7', '-DPython_EXECUTABLE=P:/shared/Artifactory/Windows/rundev-2019/202003131251/runtime/155eb96/runTime/bin/mayapy.exe', '-DPYTHON_LIBRARIES=P:/shared/Artifactory/Windows/rundev-2019/202003131251/runtime/155eb96/runTime/lib/python27.lib', '-DCMAKE_WANT_UFE_BUILD=OFF', '-DUSD_LIB_PREFIX=', '-DCMAKE_WANT_MATERIALX_BUILD=ON', '-DCMAKE_PREFIX_PATH=P:\\shared\\Artifactory\\Windows\\USD\\cfb3d8a']
[2023-04-03T16:05:42.229Z]           Stages arguments          ['clean']
[2023-04-03T16:05:42.229Z]           CTest arguments           ['-E testUsdReferenceAssemblySelection|testUsdMayaAppDir', '-LE interactive', '--parallel 16']
[2023-04-03T16:05:42.229Z]     Success MayaUSD build and install !!!!
[2023-04-03T16:05:42.229Z]     Elapsed time: 00:00:00
[Pipeline] bat
[2023-04-03T16:05:42.563Z] Deleting alias drive W:
[Pipeline] bat
[2023-04-03T16:05:42.908Z] Deleting alias drive P:
[Pipeline] }
[Pipeline] // withEnv
[Pipeline] }
[Pipeline] // timeout
[Pipeline] }
[Pipeline] // stage
[Pipeline] }
[Pipeline] // timestamps
[Pipeline] timestamps
[Pipeline] {
[Pipeline] stage
[Pipeline] { (Configure)
[Pipeline] timeout
[2023-04-03T16:05:43.396Z] Timeout set to expire in 6 hr 0 min
[Pipeline] {
[Pipeline] withEnv
[Pipeline] {
[Pipeline] bat
[2023-04-03T16:05:43.442Z] Creating alias drive P: to S:\jenkins\workspace
[Pipeline] bat
[2023-04-03T16:05:43.793Z] Creating alias drive W: to S:\jenkins\workspace\ECP\ecg-maya-usd\ecg-mayausd-branch-preflight-2019-no-ufe-windows
[Pipeline] bat
[2023-04-03T16:05:44.292Z] "C:\Program Files (x86)\Microsoft Visual Studio\2017\Professional\VC\Auxiliary\Build\vcvarsall.bat" x64
[2023-04-03T16:05:44.396Z] **********************************************************************
[2023-04-03T16:05:44.396Z] ** Visual Studio 2017 Developer Command Prompt v15.9.15
[2023-04-03T16:05:44.396Z] ** Copyright (c) 2017 Microsoft Corporation
[2023-04-03T16:05:44.396Z] **********************************************************************
[2023-04-03T16:05:45.416Z] [vcvarsall.bat] Environment initialized for: 'x64'
[2023-04-03T16:05:45.416Z] python ecg-maya-usd/build.py --stages=configure --workspace-dir=W:\ --artifactory-dir=P:\shared\Artifactory --build-dir=W:\build --install-dir=W:\install --signing-dir=W:\signing --package-dir=W:\package --output-dir=W:\output --stash-dir=W:\stash --jenkins-build=819 --git-commit=fbc705fc97ac5e97dcc1209fffcb076b1cacfe11 --git-branch=master --variants=RelWithDebInfo --python=2.7 --ufe=false --pxrusd-version=0.21.05-gold --post-zips=false --maya-cut-config=maya-rundev-2019.yaml --maya-package=rundev-2019 --stage-banner
[2023-04-03T16:05:46.335Z] Using Maya cut from P:\shared\Artifactory\Windows\rundev-2019\202003131251\runtime\155eb96
[2023-04-03T16:05:46.335Z] 
[2023-04-03T16:05:46.335Z] ================================================================================
[2023-04-03T16:05:46.335Z]                            configure (RelWithDebInfo)
[2023-04-03T16:05:46.335Z] ================================================================================
[2023-04-03T16:05:46.335Z] Maya Python RelWithDebInfo Info:
[2023-04-03T16:05:46.335Z]   mayapy executable   = P:\shared\Artifactory\Windows\rundev-2019\202003131251\runtime\155eb96\runTime\bin\mayapy.exe
[2023-04-03T16:05:46.335Z]   Include Folder      = P:\shared\Artifactory\Windows\rundev-2019\202003131251\runtime\155eb96\runTime\include\Python2.7
[2023-04-03T16:05:46.335Z]   Library             = P:\shared\Artifactory\Windows\rundev-2019\202003131251\runtime\155eb96\runTime\lib\python27.lib
[2023-04-03T16:05:46.335Z]   site-package Folder = P:\shared\Artifactory\Windows\rundev-2019\202003131251\runtime\155eb96\runTime\Python\Lib\site-packages
[2023-04-03T16:05:47.052Z] In workdir: S:\jenkins\workspace\ECP\ecg-maya-usd\ecg-mayausd-branch-preflight-2019-no-ufe-windows\ecg-maya-usd\maya-usd
[2023-04-03T16:05:47.053Z] Executing: 'P:\\shared\\Artifactory\\Windows\\rundev-2019\\202003131251\\runtime\\155eb96\\runTime\\bin\\mayapy.exe' 'S:\\jenkins\\workspace\\ECP\\ecg-maya-usd\\ecg-mayausd-branch-preflight-2019-no-ufe-windows\\ecg-maya-usd\\maya-usd\\build.py' --generator Ninja --build-relwithdebug --maya-location 'P:\\shared\\Artifactory\\Windows\\rundev-2019\\202003131251\\runtime\\155eb96\\runTime' --devkit-location 'P:\\shared\\Artifactory\\Windows\\rundev-2019\\202003131251\\runtime\\155eb96\\devkitBase' --pxrusd-location 'P:\\shared\\Artifactory\\Windows\\USD\\cfb3d8a' --qt-location 'P:\\shared\\Artifactory\\Windows\\qt\\5.6.1\\1acd0ba' '--build-args=-DCMAKE_MAKE_PROGRAM=P:/shared/Artifactory/Windows/ninja/1.9.0/c68f192/ninja.exe,-DPYTHON_INCLUDE_DIR=P:/shared/Artifactory/Windows/rundev-2019/202003131251/runtime/155eb96/runTime/include/Python2.7,-DPython_EXECUTABLE=P:/shared/Artifactory/Windows/rundev-2019/202003131251/runtime/155eb96/runTime/bin/mayapy.exe,-DPYTHON_LIBRARIES=P:/shared/Artifactory/Windows/rundev-2019/202003131251/runtime/155eb96/runTime/lib/python27.lib,-DCMAKE_WANT_UFE_BUILD=OFF,-DUSD_LIB_PREFIX=,-DCMAKE_WANT_MATERIALX_BUILD=ON,-DCMAKE_PREFIX_PATH=P:\\shared\\Artifactory\\Windows\\USD\\cfb3d8a' '--ctest-args=-E testUsdReferenceAssemblySelection|testUsdMayaAppDir,-LE interactive,--parallel 16' --stages=configure --redirect-outstream-file=False --install-location 'W:\\install\\RelWithDebInfo\\MayaUSD' 'W:\\'
[2023-04-03T16:05:47.053Z] Modified environment variables:
[2023-04-03T16:05:47.053Z]     PATH=P:\shared\Artifactory\Windows\cmake\3.20.3\afe857a\bin;C:\Python27\lib\site-packages\pywin32_system32;C:\Program Files (x86)\Microsoft Visual Studio\2017\Professional\VC\Tools\MSVC\14.16.27023\bin\HostX64\x64;C:\Program Files (x86)\Microsoft Visual Studio\2017\Professional\Common7\IDE\VC\VCPackages;C:\Program Files (x86)\Microsoft Visual Studio\2017\Professional\Common7\IDE\CommonExtensions\Microsoft\TestWindow;C:\Program Files (x86)\Microsoft Visual Studio\2017\Professional\Common7\IDE\CommonExtensions\Microsoft\TeamFoundation\Team Explorer;C:\Program Files (x86)\Microsoft Visual Studio\2017\Professional\MSBuild\15.0\bin\Roslyn;C:\Program Files (x86)\Microsoft Visual Studio\2017\Professional\Team Tools\Performance Tools\x64;C:\Program Files (x86)\Microsoft Visual Studio\2017\Professional\Team Tools\Performance Tools;C:\Program Files (x86)\Microsoft Visual Studio\Shared\Common\VSPerfCollectionTools\\x64;C:\Program Files (x86)\Microsoft Visual Studio\Shared\Common\VSPerfCollectionTools\;C:\Program Files (x86)\Microsoft SDKs\Windows\v10.0A\bin\NETFX 4.6.1 Tools\x64\;C:\Program Files (x86)\HTML Help Workshop;C:\Program Files (x86)\Windows Kits\10\bin\10.0.18362.0\x64;C:\Program Files (x86)\Windows Kits\10\bin\x64;C:\Program Files (x86)\Microsoft Visual Studio\2017\Professional\\MSBuild\15.0\bin;C:\WINDOWS\Microsoft.NET\Framework64\v4.0.30319;C:\Program Files (x86)\Microsoft Visual Studio\2017\Professional\Common7\IDE\;C:\Program Files (x86)\Microsoft Visual Studio\2017\Professional\Common7\Tools\;C:\Python27\;C:\Python27\Scripts;C:\WINDOWS\system32;C:\WINDOWS;C:\WINDOWS\System32\Wbem;C:\WINDOWS\System32\WindowsPowerShell\v1.0\;C:\WINDOWS\System32\OpenSSH\;C:\ProgramData\chocolatey\bin;C:\Program Files (x86)\WiX Toolset v3.7\bin;C:\Program Files\dotnet\;C:\Program Files (x86)\Windows Kits\10\bin\10.0.18362.0\x64;C:\Program Files\Zulu\zulu-11\bin\;C:\Program Files (x86)\Windows Kits\10\bin\10.0.17763.0\x64;C:\Program Files (x86)\Windows Kits\10\bin\x64;C:\Program Files\Git\cmd;C:\Program Files\Git\usr\bin;C:\Program Files\Git\mingw64\bin;C:\Program Files\Git\bin;C:\Python38\;C:\Python38\Scripts;C:\StoreBoxClientWindows;C:\Program Files\Electric Cloud\ElectricCommander\bin;C:\Program Files\WinRAR;C:\Program Files\7-Zip;C:\Users\Administrator\AppData\Local\Microsoft\WindowsApps;C:\Program Files (x86)\Microsoft Visual Studio\2017\Professional\Common7\IDE\CommonExtensions\Microsoft\CMake\CMake\bin;C:\Program Files (x86)\Microsoft Visual Studio\2017\Professional\Common7\IDE\CommonExtensions\Microsoft\CMake\Ninja
[2023-04-03T16:05:47.768Z]     -- The C compiler identification is MSVC 19.16.27032.1
[2023-04-03T16:05:47.977Z]     -- The CXX compiler identification is MSVC 19.16.27032.1
[2023-04-03T16:05:47.977Z]     -- Detecting C compiler ABI info
[2023-04-03T16:05:48.794Z]     -- Detecting C compiler ABI info - done
[2023-04-03T16:05:48.794Z]     -- Check for working C compiler: C:/Program Files (x86)/Microsoft Visual Studio/2017/Professional/VC/Tools/MSVC/14.16.27023/bin/Hostx64/x64/cl.exe - skipped
[2023-04-03T16:05:48.794Z]     -- Detecting C compile features
[2023-04-03T16:05:48.794Z]     -- Detecting C compile features - done
[2023-04-03T16:05:48.902Z]     -- Detecting CXX compiler ABI info
[2023-04-03T16:05:49.419Z]     -- Detecting CXX compiler ABI info - done
[2023-04-03T16:05:49.419Z]     -- Check for working CXX compiler: C:/Program Files (x86)/Microsoft Visual Studio/2017/Professional/VC/Tools/MSVC/14.16.27023/bin/Hostx64/x64/cl.exe - skipped
[2023-04-03T16:05:49.419Z]     -- Detecting CXX compile features
[2023-04-03T16:05:49.419Z]     -- Detecting CXX compile features - done
[2023-04-03T16:05:49.533Z]     -- Using Maya Light API Version 1
[2023-04-03T16:05:49.643Z]     -- Found Maya: P:/shared/Artifactory/Windows/rundev-2019/202003131251/runtime/155eb96/runTime/bin/maya.exe (found suitable version "2019", minimum required is "2018")
[2023-04-03T16:05:50.055Z]     -- Found Python: P:/shared/Artifactory/Windows/rundev-2019/202003131251/runtime/155eb96/runTime/bin/mayapy.exe (found suitable exact version "2.7.11") found components: Interpreter
[2023-04-03T16:05:50.055Z]     -- Build MayaUSD with Python3 = OFF
[2023-04-03T16:05:50.055Z]     --    PYTHON_INCLUDE_DIRS = P:/shared/Artifactory/Windows/rundev-2019/202003131251/runtime/155eb96/runTime/include/Python2.7
[2023-04-03T16:05:50.055Z]     --    PYTHON_LIBRARIES    = P:/shared/Artifactory/Windows/rundev-2019/202003131251/runtime/155eb96/runTime/lib/python27.lib
[2023-04-03T16:05:50.055Z]     --    Python_EXECUTABLE   = P:/shared/Artifactory/Windows/rundev-2019/202003131251/runtime/155eb96/runTime/bin/mayapy.exe
[2023-04-03T16:05:50.875Z]     -- USD include dir: P:/shared/Artifactory/Windows/USD/cfb3d8a/include
[2023-04-03T16:05:50.875Z]     -- USD library dir: P:/shared/Artifactory/Windows/USD/cfb3d8a/lib
[2023-04-03T16:05:50.875Z]     -- USD version: 0.21.05
[2023-04-03T16:05:50.875Z]     -- Autodesk USD version: 0.21.05
[2023-04-03T16:05:50.875Z]     -- USD Boost::boost version: 107000
[2023-04-03T16:05:50.875Z]     -- Found USD: P:/shared/Artifactory/Windows/USD/cfb3d8a (found suitable version "0.21.05", minimum required is "0.20.05")
[2023-04-03T16:05:50.875Z]     CMake Warning at CMakeLists.txt:125 (message):
[2023-04-03T16:05:50.875Z]       Disabling MaterialX VP2 rendering: it is not supported by this USD package.
[2023-04-03T16:05:50.875Z]     
[2023-04-03T16:05:50.875Z]     
[2023-04-03T16:05:50.875Z]     Updated PYTHONPATH: P:\shared\Artifactory\Windows\USD\cfb3d8a\lib\python
[2023-04-03T16:05:50.875Z]     Updated PATH: P:\shared\Artifactory\Windows\rundev-2019\202003131251\runtime\155eb96\runTime\bin;P:\shared\Artifactory\Windows\cmake\3.20.3\afe857a\bin;C:\Python27\lib\site-packages\pywin32_system32;C:\Program Files (x86)\Microsoft Visual Studio\2017\Professional\VC\Tools\MSVC\14.16.27023\bin\HostX64\x64;C:\Program Files (x86)\Microsoft Visual Studio\2017\Professional\Common7\IDE\VC\VCPackages;C:\Program Files (x86)\Microsoft Visual Studio\2017\Professional\Common7\IDE\CommonExtensions\Microsoft\TestWindow;C:\Program Files (x86)\Microsoft Visual Studio\2017\Professional\Common7\IDE\CommonExtensions\Microsoft\TeamFoundation\Team Explorer;C:\Program Files (x86)\Microsoft Visual Studio\2017\Professional\MSBuild\15.0\bin\Roslyn;C:\Program Files (x86)\Microsoft Visual Studio\2017\Professional\Team Tools\Performance Tools\x64;C:\Program Files (x86)\Microsoft Visual Studio\2017\Professional\Team Tools\Performance Tools;C:\Program Files (x86)\Microsoft Visual Studio\Shared\Common\VSPerfCollectionTools\\x64;C:\Program Files (x86)\Microsoft Visual Studio\Shared\Common\VSPerfCollectionTools\;C:\Program Files (x86)\Microsoft SDKs\Windows\v10.0A\bin\NETFX 4.6.1 Tools\x64\;C:\Program Files (x86)\HTML Help Workshop;C:\Program Files (x86)\Windows Kits\10\bin\10.0.18362.0\x64;C:\Program Files (x86)\Windows Kits\10\bin\x64;C:\Program Files (x86)\Microsoft Visual Studio\2017\Professional\\MSBuild\15.0\bin;C:\WINDOWS\Microsoft.NET\Framework64\v4.0.30319;C:\Program Files (x86)\Microsoft Visual Studio\2017\Professional\Common7\IDE\;C:\Program Files (x86)\Microsoft Visual Studio\2017\Professional\Common7\Tools\;C:\Python27\;C:\Python27\Scripts;C:\WINDOWS\system32;C:\WINDOWS;C:\WINDOWS\System32\Wbem;C:\WINDOWS\System32\WindowsPowerShell\v1.0\;C:\WINDOWS\System32\OpenSSH\;C:\ProgramData\chocolatey\bin;C:\Program Files (x86)\WiX Toolset v3.7\bin;C:\Program Files\dotnet\;C:\Program Files (x86)\Windows Kits\10\bin\10.0.18362.0\x64;C:\Program Files\Zulu\zulu-11\bin\;C:\Program Files (x86)\Windows Kits\10\bin\10.0.17763.0\x64;C:\Program Files (x86)\Windows Kits\10\bin\x64;C:\Program Files\Git\cmd;C:\Program Files\Git\usr\bin;C:\Program Files\Git\mingw64\bin;C:\Program Files\Git\bin;C:\Python38\;C:\Python38\Scripts;C:\StoreBoxClientWindows;C:\Program Files\Electric Cloud\ElectricCommander\bin;C:\Program Files\WinRAR;C:\Program Files\7-Zip;C:\Users\Administrator\AppData\Local\Microsoft\WindowsApps;C:\Program Files (x86)\Microsoft Visual Studio\2017\Professional\Common7\IDE\CommonExtensions\Microsoft\CMake\CMake\bin;C:\Program Files (x86)\Microsoft Visual Studio\2017\Professional\Common7\IDE\CommonExtensions\Microsoft\CMake\Ninja;P:\shared\Artifactory\Windows\USD\cfb3d8a\bin;P:\shared\Artifactory\Windows\USD\cfb3d8a\lib
[2023-04-03T16:05:51.090Z]     -- Building with Qt features enabled.
[2023-04-03T16:05:51.090Z]     -- **** Building Gulrak From Github Repository.
[2023-04-03T16:05:51.090Z]     -- Populating gulrak
[2023-04-03T16:05:51.305Z]     -- Configuring done
[2023-04-03T16:05:51.305Z]     -- Generating done
[2023-04-03T16:05:51.305Z]     -- Build files have been written to: W:/build/RelWithDebInfo/_deps/gulrak-subbuild
[2023-04-03T16:05:51.521Z]     [1/9] Creating directories for 'gulrak-populate'
[2023-04-03T16:05:51.522Z]     [1/9] Performing download step (git clone) for 'gulrak-populate'
[2023-04-03T16:05:51.634Z]     Cloning into 'gulrak-src'...
[2023-04-03T16:05:53.775Z]     HEAD is now at 4e21ab3 Version bump and updated readme.
[2023-04-03T16:05:54.497Z]     [2/9] Performing update step for 'gulrak-populate'
[2023-04-03T16:05:54.714Z]     [4/9] No patch step for 'gulrak-populate'
[2023-04-03T16:05:54.714Z]     [5/9] No configure step for 'gulrak-populate'
[2023-04-03T16:05:54.827Z]     [6/9] No build step for 'gulrak-populate'
[2023-04-03T16:05:54.827Z]     [7/9] No install step for 'gulrak-populate'
[2023-04-03T16:05:54.827Z]     [8/9] No test step for 'gulrak-populate'
[2023-04-03T16:05:54.940Z]     [9/9] Completed 'gulrak-populate'
[2023-04-03T16:05:55.764Z]     -- ========== Installing GoogleTest... ==========
[2023-04-03T16:05:55.979Z]     -- Configuring done
[2023-04-03T16:05:55.979Z]     -- Generating done
[2023-04-03T16:05:55.979Z]     -- Build files have been written to: W:/build/RelWithDebInfo/googletest-config
[2023-04-03T16:05:56.196Z]     [1/8] Creating directories for 'googletest'
[2023-04-03T16:05:58.948Z]     [2/8] Performing download step (git clone) for 'googletest'
[2023-04-03T16:05:58.948Z]     Cloning into 'googletest-src'...
[2023-04-03T16:05:58.948Z]     HEAD is now at 703bd9ca Googletest export
[2023-04-03T16:05:59.062Z]     [3/8] Performing update step for 'googletest'
[2023-04-03T16:05:59.062Z]     [4/8] No patch step for 'googletest'
[2023-04-03T16:06:00.997Z]     [5/8] Performing configure step for 'googletest'
[2023-04-03T16:06:00.997Z]     Not searching for unused variables given on the command line.
[2023-04-03T16:06:00.997Z]     CMake Deprecation Warning at CMakeLists.txt:4 (cmake_minimum_required):
[2023-04-03T16:06:00.997Z]       Compatibility with CMake < 2.8.12 will be removed from a future version of
[2023-04-03T16:06:00.997Z]       CMake.
[2023-04-03T16:06:00.997Z]     
[2023-04-03T16:06:00.997Z]       Update the VERSION argument <min> value or use a ...<max> suffix to tell
[2023-04-03T16:06:00.997Z]       CMake that the project does not need compatibility with older versions.
[2023-04-03T16:06:00.997Z]     
[2023-04-03T16:06:00.997Z]     
[2023-04-03T16:06:00.997Z]     -- The C compiler identification is MSVC 19.16.27032.1
[2023-04-03T16:06:00.997Z]     -- The CXX compiler identification is MSVC 19.16.27032.1
[2023-04-03T16:06:00.997Z]     -- Detecting C compiler ABI info
[2023-04-03T16:06:00.997Z]     -- Detecting C compiler ABI info - done
[2023-04-03T16:06:00.997Z]     -- Check for working C compiler: C:/Program Files (x86)/Microsoft Visual Studio/2017/Professional/VC/Tools/MSVC/14.16.27023/bin/Hostx64/x64/cl.exe - skipped
[2023-04-03T16:06:00.997Z]     -- Detecting C compile features
[2023-04-03T16:06:00.997Z]     -- Detecting C compile features - done
[2023-04-03T16:06:00.997Z]     -- Detecting CXX compiler ABI info
[2023-04-03T16:06:00.997Z]     -- Detecting CXX compiler ABI info - done
[2023-04-03T16:06:00.997Z]     -- Check for working CXX compiler: C:/Program Files (x86)/Microsoft Visual Studio/2017/Professional/VC/Tools/MSVC/14.16.27023/bin/Hostx64/x64/cl.exe - skipped
[2023-04-03T16:06:00.997Z]     -- Detecting CXX compile features
[2023-04-03T16:06:00.997Z]     -- Detecting CXX compile features - done
[2023-04-03T16:06:00.997Z]     CMake Deprecation Warning at googletest/CMakeLists.txt:56 (cmake_minimum_required):
[2023-04-03T16:06:00.997Z]       Compatibility with CMake < 2.8.12 will be removed from a future version of
[2023-04-03T16:06:00.997Z]       CMake.
[2023-04-03T16:06:00.997Z]     
[2023-04-03T16:06:00.997Z]       Update the VERSION argument <min> value or use a ...<max> suffix to tell
[2023-04-03T16:06:00.997Z]       CMake that the project does not need compatibility with older versions.
[2023-04-03T16:06:00.997Z]     
[2023-04-03T16:06:00.997Z]     
[2023-04-03T16:06:00.997Z]     -- Found PythonInterp: C:/Python27/python.exe
[2023-04-03T16:06:00.997Z]     -- Looking for pthread.h
[2023-04-03T16:06:00.997Z]     -- Looking for pthread.h - not found
[2023-04-03T16:06:00.997Z]     -- Found Threads: TRUE
[2023-04-03T16:06:00.997Z]     -- Configuring done
[2023-04-03T16:06:00.997Z]     -- Generating done
[2023-04-03T16:06:00.997Z]     -- Build files have been written to: W:/build/RelWithDebInfo/googletest-build
[2023-04-03T16:06:05.672Z]     [6/8] Performing build step for 'googletest'
[2023-04-03T16:06:05.672Z]     [1/4] Building CXX object googletest\CMakeFiles\gtest_main.dir\src\gtest_main.cc.obj
[2023-04-03T16:06:05.672Z]     [2/4] Building CXX object googletest\CMakeFiles\gtest.dir\src\gtest-all.cc.obj
[2023-04-03T16:06:05.672Z]     [3/4] Linking CXX shared library bin\gtest.dll
[2023-04-03T16:06:05.672Z]     [4/4] Linking CXX shared library bin\gtest_main.dll
[2023-04-03T16:06:05.987Z]     [7/8] Performing install step for 'googletest'
[2023-04-03T16:06:05.987Z]     [0/1] Install the project...
[2023-04-03T16:06:05.987Z]     -- Install configuration: "RelWithDebInfo"
[2023-04-03T16:06:06.099Z]     [8/8] Completed 'googletest'
[2023-04-03T16:06:06.099Z]     -- ========== ...  GoogleTest installed. ==========
[2023-04-03T16:06:07.124Z]     -- MAYA_HAS_DEFAULT_MATERIAL_API is FALSE
[2023-04-03T16:06:07.124Z]     -- MAYA_NEW_POINT_SNAPPING_SUPPORT is FALSE
[2023-04-03T16:06:07.124Z]     -- MAYA_HAS_CRASH_DETECTION is FALSE
[2023-04-03T16:06:07.124Z]     -- MAYA_CURRENT_UFE_CAMERA_SUPPORT is FALSE
[2023-04-03T16:06:07.124Z]     -- MAYA_MRENDERITEM_UFE_IDENTIFIER_SUPPORT is FALSE
[2023-04-03T16:06:07.124Z]     -- MAYA_UPDATE_UFE_IDENTIFIER_SUPPORT is FALSE
[2023-04-03T16:06:07.124Z]     -- MAYA_HAS_DISPLAY_STYLE_ALL_VIEWPORTS is FALSE
[2023-04-03T16:06:07.124Z]     -- MAYA_ARRAY_ITERATOR_DIFFERENCE_TYPE_SUPPORT is FALSE
[2023-04-03T16:06:07.124Z]     -- MAYA_HAS_GET_MEMBER_PATHS is FALSE
[2023-04-03T16:06:07.124Z]     -- USD_HAS_COLOR4_SDR_SUPPORT is FALSE
[2023-04-03T16:06:07.124Z]     -- MAYA_HAS_DISPLAY_LAYER_API is FALSE
[2023-04-03T16:06:07.124Z]     -- MAYA_HAS_NEW_DISPLAY_LAYER_MESSAGING_API is FALSE
[2023-04-03T16:06:07.124Z]     -- MAYA_HAS_RENDER_ITEM_HIDE_ON_PLAYBACK_API is FALSE
[2023-04-03T16:06:07.124Z]     -- promoting: S:/jenkins/workspace/ECP/ecg-maya-usd/ecg-mayausd-branch-preflight-2019-no-ufe-windows/ecg-maya-usd/maya-usd/lib/mayaUsd/base/mayaUsd.h.src
[2023-04-03T16:06:07.124Z]     -- promoting: S:/jenkins/workspace/ECP/ecg-maya-usd/ecg-mayausd-branch-preflight-2019-no-ufe-windows/ecg-maya-usd/maya-usd/lib/mayaUsd/base/api.h
[2023-04-03T16:06:07.125Z]     -- promoting: S:/jenkins/workspace/ECP/ecg-maya-usd/ecg-mayausd-branch-preflight-2019-no-ufe-windows/ecg-maya-usd/maya-usd/lib/mayaUsd/base/debugCodes.h
[2023-04-03T16:06:07.125Z]     -- promoting: S:/jenkins/workspace/ECP/ecg-maya-usd/ecg-mayausd-branch-preflight-2019-no-ufe-windows/ecg-maya-usd/maya-usd/lib/mayaUsd/base/id.h
[2023-04-03T16:06:07.125Z]     -- promoting: S:/jenkins/workspace/ECP/ecg-maya-usd/ecg-mayausd-branch-preflight-2019-no-ufe-windows/ecg-maya-usd/maya-usd/lib/mayaUsd/base/syncId.h
[2023-04-03T16:06:07.125Z]     -- promoting: S:/jenkins/workspace/ECP/ecg-maya-usd/ecg-mayausd-branch-preflight-2019-no-ufe-windows/ecg-maya-usd/maya-usd/lib/mayaUsd/base/tokens.h
[2023-04-03T16:06:07.125Z]     -- promoting: S:/jenkins/workspace/ECP/ecg-maya-usd/ecg-mayausd-branch-preflight-2019-no-ufe-windows/ecg-maya-usd/maya-usd/lib/mayaUsd/commands/abstractLayerEditorWindow.h
[2023-04-03T16:06:07.125Z]     -- promoting: S:/jenkins/workspace/ECP/ecg-maya-usd/ecg-mayausd-branch-preflight-2019-no-ufe-windows/ecg-maya-usd/maya-usd/lib/mayaUsd/commands/baseExportCommand.h
[2023-04-03T16:06:07.125Z]     -- promoting: S:/jenkins/workspace/ECP/ecg-maya-usd/ecg-mayausd-branch-preflight-2019-no-ufe-windows/ecg-maya-usd/maya-usd/lib/mayaUsd/commands/baseImportCommand.h
[2023-04-03T16:06:07.125Z]     -- promoting: S:/jenkins/workspace/ECP/ecg-maya-usd/ecg-mayausd-branch-preflight-2019-no-ufe-windows/ecg-maya-usd/maya-usd/lib/mayaUsd/commands/baseListJobContextsCommand.h
[2023-04-03T16:06:07.125Z]     -- promoting: S:/jenkins/workspace/ECP/ecg-maya-usd/ecg-mayausd-branch-preflight-2019-no-ufe-windows/ecg-maya-usd/maya-usd/lib/mayaUsd/commands/baseListShadingModesCommand.h
[2023-04-03T16:06:07.125Z]     -- promoting: S:/jenkins/workspace/ECP/ecg-maya-usd/ecg-mayausd-branch-preflight-2019-no-ufe-windows/ecg-maya-usd/maya-usd/lib/mayaUsd/commands/editTargetCommand.h
[2023-04-03T16:06:07.125Z]     -- promoting: S:/jenkins/workspace/ECP/ecg-maya-usd/ecg-mayausd-branch-preflight-2019-no-ufe-windows/ecg-maya-usd/maya-usd/lib/mayaUsd/commands/layerEditorCommand.h
[2023-04-03T16:06:07.125Z]     -- promoting: S:/jenkins/workspace/ECP/ecg-maya-usd/ecg-mayausd-branch-preflight-2019-no-ufe-windows/ecg-maya-usd/maya-usd/lib/mayaUsd/commands/layerEditorWindowCommand.h
[2023-04-03T16:06:07.125Z]     -- promoting: S:/jenkins/workspace/ECP/ecg-maya-usd/ecg-mayausd-branch-preflight-2019-no-ufe-windows/ecg-maya-usd/maya-usd/lib/mayaUsd/fileio/fallbackPrimReader.h
[2023-04-03T16:06:07.125Z]     -- promoting: S:/jenkins/workspace/ECP/ecg-maya-usd/ecg-mayausd-branch-preflight-2019-no-ufe-windows/ecg-maya-usd/maya-usd/lib/mayaUsd/fileio/functorPrimReader.h
[2023-04-03T16:06:07.125Z]     -- promoting: S:/jenkins/workspace/ECP/ecg-maya-usd/ecg-mayausd-branch-preflight-2019-no-ufe-windows/ecg-maya-usd/maya-usd/lib/mayaUsd/fileio/functorPrimWriter.h
[2023-04-03T16:06:07.125Z]     -- promoting: S:/jenkins/workspace/ECP/ecg-maya-usd/ecg-mayausd-branch-preflight-2019-no-ufe-windows/ecg-maya-usd/maya-usd/lib/mayaUsd/fileio/importData.h
[2023-04-03T16:06:07.125Z]     -- promoting: S:/jenkins/workspace/ECP/ecg-maya-usd/ecg-mayausd-branch-preflight-2019-no-ufe-windows/ecg-maya-usd/maya-usd/lib/mayaUsd/fileio/instancedNodeWriter.h
[2023-04-03T16:06:07.125Z]     -- promoting: S:/jenkins/workspace/ECP/ecg-maya-usd/ecg-mayausd-branch-preflight-2019-no-ufe-windows/ecg-maya-usd/maya-usd/lib/mayaUsd/fileio/jobContextRegistry.h
[2023-04-03T16:06:07.125Z]     -- promoting: S:/jenkins/workspace/ECP/ecg-maya-usd/ecg-mayausd-branch-preflight-2019-no-ufe-windows/ecg-maya-usd/maya-usd/lib/mayaUsd/fileio/primReader.h
[2023-04-03T16:06:07.125Z]     -- promoting: S:/jenkins/workspace/ECP/ecg-maya-usd/ecg-mayausd-branch-preflight-2019-no-ufe-windows/ecg-maya-usd/maya-usd/lib/mayaUsd/fileio/primReaderArgs.h
[2023-04-03T16:06:07.125Z]     -- promoting: S:/jenkins/workspace/ECP/ecg-maya-usd/ecg-mayausd-branch-preflight-2019-no-ufe-windows/ecg-maya-usd/maya-usd/lib/mayaUsd/fileio/primReaderContext.h
[2023-04-03T16:06:07.125Z]     -- promoting: S:/jenkins/workspace/ECP/ecg-maya-usd/ecg-mayausd-branch-preflight-2019-no-ufe-windows/ecg-maya-usd/maya-usd/lib/mayaUsd/fileio/primReaderRegistry.h
[2023-04-03T16:06:07.125Z]     -- promoting: S:/jenkins/workspace/ECP/ecg-maya-usd/ecg-mayausd-branch-preflight-2019-no-ufe-windows/ecg-maya-usd/maya-usd/lib/mayaUsd/fileio/primWriter.h
[2023-04-03T16:06:07.125Z]     -- promoting: S:/jenkins/workspace/ECP/ecg-maya-usd/ecg-mayausd-branch-preflight-2019-no-ufe-windows/ecg-maya-usd/maya-usd/lib/mayaUsd/fileio/primWriterArgs.h
[2023-04-03T16:06:07.125Z]     -- promoting: S:/jenkins/workspace/ECP/ecg-maya-usd/ecg-mayausd-branch-preflight-2019-no-ufe-windows/ecg-maya-usd/maya-usd/lib/mayaUsd/fileio/primWriterContext.h
[2023-04-03T16:06:07.125Z]     -- promoting: S:/jenkins/workspace/ECP/ecg-maya-usd/ecg-mayausd-branch-preflight-2019-no-ufe-windows/ecg-maya-usd/maya-usd/lib/mayaUsd/fileio/primWriterRegistry.h
[2023-04-03T16:06:07.125Z]     -- promoting: S:/jenkins/workspace/ECP/ecg-maya-usd/ecg-mayausd-branch-preflight-2019-no-ufe-windows/ecg-maya-usd/maya-usd/lib/mayaUsd/fileio/registryHelper.h
[2023-04-03T16:06:07.125Z]     -- promoting: S:/jenkins/workspace/ECP/ecg-maya-usd/ecg-mayausd-branch-preflight-2019-no-ufe-windows/ecg-maya-usd/maya-usd/lib/mayaUsd/fileio/schemaApiAdaptor.h
[2023-04-03T16:06:07.125Z]     -- promoting: S:/jenkins/workspace/ECP/ecg-maya-usd/ecg-mayausd-branch-preflight-2019-no-ufe-windows/ecg-maya-usd/maya-usd/lib/mayaUsd/fileio/schemaApiAdaptorRegistry.h
[2023-04-03T16:06:07.125Z]     -- promoting: S:/jenkins/workspace/ECP/ecg-maya-usd/ecg-mayausd-branch-preflight-2019-no-ufe-windows/ecg-maya-usd/maya-usd/lib/mayaUsd/fileio/shaderReader.h
[2023-04-03T16:06:07.125Z]     -- promoting: S:/jenkins/workspace/ECP/ecg-maya-usd/ecg-mayausd-branch-preflight-2019-no-ufe-windows/ecg-maya-usd/maya-usd/lib/mayaUsd/fileio/shaderReaderRegistry.h
[2023-04-03T16:06:07.125Z]     -- promoting: S:/jenkins/workspace/ECP/ecg-maya-usd/ecg-mayausd-branch-preflight-2019-no-ufe-windows/ecg-maya-usd/maya-usd/lib/mayaUsd/fileio/shaderWriter.h
[2023-04-03T16:06:07.125Z]     -- promoting: S:/jenkins/workspace/ECP/ecg-maya-usd/ecg-mayausd-branch-preflight-2019-no-ufe-windows/ecg-maya-usd/maya-usd/lib/mayaUsd/fileio/shaderWriterRegistry.h
[2023-04-03T16:06:07.236Z]     -- promoting: S:/jenkins/workspace/ECP/ecg-maya-usd/ecg-mayausd-branch-preflight-2019-no-ufe-windows/ecg-maya-usd/maya-usd/lib/mayaUsd/fileio/transformWriter.h
[2023-04-03T16:06:07.236Z]     -- promoting: S:/jenkins/workspace/ECP/ecg-maya-usd/ecg-mayausd-branch-preflight-2019-no-ufe-windows/ecg-maya-usd/maya-usd/lib/mayaUsd/fileio/writeJobContext.h
[2023-04-03T16:06:07.236Z]     -- promoting: S:/jenkins/workspace/ECP/ecg-maya-usd/ecg-mayausd-branch-preflight-2019-no-ufe-windows/ecg-maya-usd/maya-usd/lib/mayaUsd/fileio/chaser/exportChaser.h
[2023-04-03T16:06:07.236Z]     -- promoting: S:/jenkins/workspace/ECP/ecg-maya-usd/ecg-mayausd-branch-preflight-2019-no-ufe-windows/ecg-maya-usd/maya-usd/lib/mayaUsd/fileio/chaser/exportChaserRegistry.h
[2023-04-03T16:06:07.236Z]     -- promoting: S:/jenkins/workspace/ECP/ecg-maya-usd/ecg-mayausd-branch-preflight-2019-no-ufe-windows/ecg-maya-usd/maya-usd/lib/mayaUsd/fileio/chaser/importChaserRegistry.h
[2023-04-03T16:06:07.236Z]     -- promoting: S:/jenkins/workspace/ECP/ecg-maya-usd/ecg-mayausd-branch-preflight-2019-no-ufe-windows/ecg-maya-usd/maya-usd/lib/mayaUsd/fileio/chaser/importChaser.h
[2023-04-03T16:06:07.236Z]     -- promoting: S:/jenkins/workspace/ECP/ecg-maya-usd/ecg-mayausd-branch-preflight-2019-no-ufe-windows/ecg-maya-usd/maya-usd/lib/mayaUsd/fileio/jobs/jobArgs.h
[2023-04-03T16:06:07.236Z]     -- promoting: S:/jenkins/workspace/ECP/ecg-maya-usd/ecg-mayausd-branch-preflight-2019-no-ufe-windows/ecg-maya-usd/maya-usd/lib/mayaUsd/fileio/jobs/meshDataReadJob.h
[2023-04-03T16:06:07.236Z]     -- promoting: S:/jenkins/workspace/ECP/ecg-maya-usd/ecg-mayausd-branch-preflight-2019-no-ufe-windows/ecg-maya-usd/maya-usd/lib/mayaUsd/fileio/jobs/modelKindProcessor.h
[2023-04-03T16:06:07.236Z]     -- promoting: S:/jenkins/workspace/ECP/ecg-maya-usd/ecg-mayausd-branch-preflight-2019-no-ufe-windows/ecg-maya-usd/maya-usd/lib/mayaUsd/fileio/jobs/readJob.h
[2023-04-03T16:06:07.236Z]     -- promoting: S:/jenkins/workspace/ECP/ecg-maya-usd/ecg-mayausd-branch-preflight-2019-no-ufe-windows/ecg-maya-usd/maya-usd/lib/mayaUsd/fileio/jobs/writeJob.h
[2023-04-03T16:06:07.236Z]     -- promoting: S:/jenkins/workspace/ECP/ecg-maya-usd/ecg-mayausd-branch-preflight-2019-no-ufe-windows/ecg-maya-usd/maya-usd/lib/mayaUsd/fileio/shading/rfmShaderMap.h
[2023-04-03T16:06:07.236Z]     -- promoting: S:/jenkins/workspace/ECP/ecg-maya-usd/ecg-mayausd-branch-preflight-2019-no-ufe-windows/ecg-maya-usd/maya-usd/lib/mayaUsd/fileio/shading/shadingModeExporter.h
[2023-04-03T16:06:07.236Z]     -- promoting: S:/jenkins/workspace/ECP/ecg-maya-usd/ecg-mayausd-branch-preflight-2019-no-ufe-windows/ecg-maya-usd/maya-usd/lib/mayaUsd/fileio/shading/shadingModeExporterContext.h
[2023-04-03T16:06:07.236Z]     -- promoting: S:/jenkins/workspace/ECP/ecg-maya-usd/ecg-mayausd-branch-preflight-2019-no-ufe-windows/ecg-maya-usd/maya-usd/lib/mayaUsd/fileio/shading/shadingModeImporter.h
[2023-04-03T16:06:07.236Z]     -- promoting: S:/jenkins/workspace/ECP/ecg-maya-usd/ecg-mayausd-branch-preflight-2019-no-ufe-windows/ecg-maya-usd/maya-usd/lib/mayaUsd/fileio/shading/shadingModeRegistry.h
[2023-04-03T16:06:07.236Z]     -- promoting: S:/jenkins/workspace/ECP/ecg-maya-usd/ecg-mayausd-branch-preflight-2019-no-ufe-windows/ecg-maya-usd/maya-usd/lib/mayaUsd/fileio/shading/symmetricShaderReader.h
[2023-04-03T16:06:07.236Z]     -- promoting: S:/jenkins/workspace/ECP/ecg-maya-usd/ecg-mayausd-branch-preflight-2019-no-ufe-windows/ecg-maya-usd/maya-usd/lib/mayaUsd/fileio/shading/symmetricShaderWriter.h
[2023-04-03T16:06:07.236Z]     -- promoting: S:/jenkins/workspace/ECP/ecg-maya-usd/ecg-mayausd-branch-preflight-2019-no-ufe-windows/ecg-maya-usd/maya-usd/lib/mayaUsd/fileio/translators/skelBindingsProcessor.h
[2023-04-03T16:06:07.236Z]     -- promoting: S:/jenkins/workspace/ECP/ecg-maya-usd/ecg-mayausd-branch-preflight-2019-no-ufe-windows/ecg-maya-usd/maya-usd/lib/mayaUsd/fileio/translators/translatorCamera.h
[2023-04-03T16:06:07.236Z]     -- promoting: S:/jenkins/workspace/ECP/ecg-maya-usd/ecg-mayausd-branch-preflight-2019-no-ufe-windows/ecg-maya-usd/maya-usd/lib/mayaUsd/fileio/translators/translatorCurves.h
[2023-04-03T16:06:07.236Z]     -- promoting: S:/jenkins/workspace/ECP/ecg-maya-usd/ecg-mayausd-branch-preflight-2019-no-ufe-windows/ecg-maya-usd/maya-usd/lib/mayaUsd/fileio/translators/translatorGprim.h
[2023-04-03T16:06:07.236Z]     -- promoting: S:/jenkins/workspace/ECP/ecg-maya-usd/ecg-mayausd-branch-preflight-2019-no-ufe-windows/ecg-maya-usd/maya-usd/lib/mayaUsd/fileio/translators/translatorLight.h
[2023-04-03T16:06:07.236Z]     -- promoting: S:/jenkins/workspace/ECP/ecg-maya-usd/ecg-mayausd-branch-preflight-2019-no-ufe-windows/ecg-maya-usd/maya-usd/lib/mayaUsd/fileio/translators/translatorMaterial.h
[2023-04-03T16:06:07.236Z]     -- promoting: S:/jenkins/workspace/ECP/ecg-maya-usd/ecg-mayausd-branch-preflight-2019-no-ufe-windows/ecg-maya-usd/maya-usd/lib/mayaUsd/fileio/translators/translatorMayaReference.h
[2023-04-03T16:06:07.236Z]     -- promoting: S:/jenkins/workspace/ECP/ecg-maya-usd/ecg-mayausd-branch-preflight-2019-no-ufe-windows/ecg-maya-usd/maya-usd/lib/mayaUsd/fileio/translators/translatorMesh.h
[2023-04-03T16:06:07.236Z]     -- promoting: S:/jenkins/workspace/ECP/ecg-maya-usd/ecg-mayausd-branch-preflight-2019-no-ufe-windows/ecg-maya-usd/maya-usd/lib/mayaUsd/fileio/translators/translatorNurbsPatch.h
[2023-04-03T16:06:07.236Z]     -- promoting: S:/jenkins/workspace/ECP/ecg-maya-usd/ecg-mayausd-branch-preflight-2019-no-ufe-windows/ecg-maya-usd/maya-usd/lib/mayaUsd/fileio/translators/translatorPrim.h
[2023-04-03T16:06:07.236Z]     -- promoting: S:/jenkins/workspace/ECP/ecg-maya-usd/ecg-mayausd-branch-preflight-2019-no-ufe-windows/ecg-maya-usd/maya-usd/lib/mayaUsd/fileio/translators/translatorRfMLight.h
[2023-04-03T16:06:07.236Z]     -- promoting: S:/jenkins/workspace/ECP/ecg-maya-usd/ecg-mayausd-branch-preflight-2019-no-ufe-windows/ecg-maya-usd/maya-usd/lib/mayaUsd/fileio/translators/translatorSkel.h
[2023-04-03T16:06:07.236Z]     -- promoting: S:/jenkins/workspace/ECP/ecg-maya-usd/ecg-mayausd-branch-preflight-2019-no-ufe-windows/ecg-maya-usd/maya-usd/lib/mayaUsd/fileio/translators/translatorUtil.h
[2023-04-03T16:06:07.236Z]     -- promoting: S:/jenkins/workspace/ECP/ecg-maya-usd/ecg-mayausd-branch-preflight-2019-no-ufe-windows/ecg-maya-usd/maya-usd/lib/mayaUsd/fileio/translators/translatorXformable.h
[2023-04-03T16:06:07.236Z]     -- promoting: S:/jenkins/workspace/ECP/ecg-maya-usd/ecg-mayausd-branch-preflight-2019-no-ufe-windows/ecg-maya-usd/maya-usd/lib/mayaUsd/fileio/utils/adaptor.h
[2023-04-03T16:06:07.236Z]     -- promoting: S:/jenkins/workspace/ECP/ecg-maya-usd/ecg-mayausd-branch-preflight-2019-no-ufe-windows/ecg-maya-usd/maya-usd/lib/mayaUsd/fileio/utils/jointWriteUtils.h
[2023-04-03T16:06:07.236Z]     -- promoting: S:/jenkins/workspace/ECP/ecg-maya-usd/ecg-mayausd-branch-preflight-2019-no-ufe-windows/ecg-maya-usd/maya-usd/lib/mayaUsd/fileio/utils/meshReadUtils.h
[2023-04-03T16:06:07.236Z]     -- promoting: S:/jenkins/workspace/ECP/ecg-maya-usd/ecg-mayausd-branch-preflight-2019-no-ufe-windows/ecg-maya-usd/maya-usd/lib/mayaUsd/fileio/utils/meshWriteUtils.h
[2023-04-03T16:06:07.236Z]     -- promoting: S:/jenkins/workspace/ECP/ecg-maya-usd/ecg-mayausd-branch-preflight-2019-no-ufe-windows/ecg-maya-usd/maya-usd/lib/mayaUsd/fileio/utils/readUtil.h
[2023-04-03T16:06:07.236Z]     -- promoting: S:/jenkins/workspace/ECP/ecg-maya-usd/ecg-mayausd-branch-preflight-2019-no-ufe-windows/ecg-maya-usd/maya-usd/lib/mayaUsd/fileio/utils/roundTripUtil.h
[2023-04-03T16:06:07.236Z]     -- promoting: S:/jenkins/workspace/ECP/ecg-maya-usd/ecg-mayausd-branch-preflight-2019-no-ufe-windows/ecg-maya-usd/maya-usd/lib/mayaUsd/fileio/utils/shadingUtil.h
[2023-04-03T16:06:07.236Z]     -- promoting: S:/jenkins/workspace/ECP/ecg-maya-usd/ecg-mayausd-branch-preflight-2019-no-ufe-windows/ecg-maya-usd/maya-usd/lib/mayaUsd/fileio/utils/userTaggedAttribute.h
[2023-04-03T16:06:07.236Z]     -- promoting: S:/jenkins/workspace/ECP/ecg-maya-usd/ecg-mayausd-branch-preflight-2019-no-ufe-windows/ecg-maya-usd/maya-usd/lib/mayaUsd/fileio/utils/writeUtil.h
[2023-04-03T16:06:07.236Z]     -- promoting: S:/jenkins/workspace/ECP/ecg-maya-usd/ecg-mayausd-branch-preflight-2019-no-ufe-windows/ecg-maya-usd/maya-usd/lib/mayaUsd/fileio/utils/xformStack.h
[2023-04-03T16:06:07.236Z]     -- promoting: S:/jenkins/workspace/ECP/ecg-maya-usd/ecg-mayausd-branch-preflight-2019-no-ufe-windows/ecg-maya-usd/maya-usd/lib/mayaUsd/listeners/notice.h
[2023-04-03T16:06:07.236Z]     -- promoting: S:/jenkins/workspace/ECP/ecg-maya-usd/ecg-mayausd-branch-preflight-2019-no-ufe-windows/ecg-maya-usd/maya-usd/lib/mayaUsd/listeners/proxyShapeNotice.h
[2023-04-03T16:06:07.236Z]     -- promoting: S:/jenkins/workspace/ECP/ecg-maya-usd/ecg-mayausd-branch-preflight-2019-no-ufe-windows/ecg-maya-usd/maya-usd/lib/mayaUsd/listeners/stageNoticeListener.h
[2023-04-03T16:06:07.236Z]     -- promoting: S:/jenkins/workspace/ECP/ecg-maya-usd/ecg-mayausd-branch-preflight-2019-no-ufe-windows/ecg-maya-usd/maya-usd/lib/mayaUsd/nodes/hdImagingShape.h
[2023-04-03T16:06:07.236Z]     -- promoting: S:/jenkins/workspace/ECP/ecg-maya-usd/ecg-mayausd-branch-preflight-2019-no-ufe-windows/ecg-maya-usd/maya-usd/lib/mayaUsd/nodes/pointBasedDeformerNode.h
[2023-04-03T16:06:07.236Z]     -- promoting: S:/jenkins/workspace/ECP/ecg-maya-usd/ecg-mayausd-branch-preflight-2019-no-ufe-windows/ecg-maya-usd/maya-usd/lib/mayaUsd/nodes/proxyAccessor.h
[2023-04-03T16:06:07.236Z]     -- promoting: S:/jenkins/workspace/ECP/ecg-maya-usd/ecg-mayausd-branch-preflight-2019-no-ufe-windows/ecg-maya-usd/maya-usd/lib/mayaUsd/nodes/proxyShapeBase.h
[2023-04-03T16:06:07.236Z]     -- promoting: S:/jenkins/workspace/ECP/ecg-maya-usd/ecg-mayausd-branch-preflight-2019-no-ufe-windows/ecg-maya-usd/maya-usd/lib/mayaUsd/nodes/proxyShapePlugin.h
[2023-04-03T16:06:07.236Z]     -- promoting: S:/jenkins/workspace/ECP/ecg-maya-usd/ecg-mayausd-branch-preflight-2019-no-ufe-windows/ecg-maya-usd/maya-usd/lib/mayaUsd/nodes/proxyStageProvider.h
[2023-04-03T16:06:07.236Z]     -- promoting: S:/jenkins/workspace/ECP/ecg-maya-usd/ecg-mayausd-branch-preflight-2019-no-ufe-windows/ecg-maya-usd/maya-usd/lib/mayaUsd/nodes/proxyShapeStageExtraData.h
[2023-04-03T16:06:07.236Z]     -- promoting: S:/jenkins/workspace/ECP/ecg-maya-usd/ecg-mayausd-branch-preflight-2019-no-ufe-windows/ecg-maya-usd/maya-usd/lib/mayaUsd/nodes/proxyShapeUpdateManager.h
[2023-04-03T16:06:07.236Z]     -- promoting: S:/jenkins/workspace/ECP/ecg-maya-usd/ecg-mayausd-branch-preflight-2019-no-ufe-windows/ecg-maya-usd/maya-usd/lib/mayaUsd/nodes/stageData.h
[2023-04-03T16:06:07.236Z]     -- promoting: S:/jenkins/workspace/ECP/ecg-maya-usd/ecg-mayausd-branch-preflight-2019-no-ufe-windows/ecg-maya-usd/maya-usd/lib/mayaUsd/nodes/stageNode.h
[2023-04-03T16:06:07.236Z]     -- promoting: S:/jenkins/workspace/ECP/ecg-maya-usd/ecg-mayausd-branch-preflight-2019-no-ufe-windows/ecg-maya-usd/maya-usd/lib/mayaUsd/nodes/usdPrimProvider.h
[2023-04-03T16:06:07.347Z]     -- promoting: S:/jenkins/workspace/ECP/ecg-maya-usd/ecg-mayausd-branch-preflight-2019-no-ufe-windows/ecg-maya-usd/maya-usd/lib/mayaUsd/render/px_vp20/glslProgram.h
[2023-04-03T16:06:07.347Z]     -- promoting: S:/jenkins/workspace/ECP/ecg-maya-usd/ecg-mayausd-branch-preflight-2019-no-ufe-windows/ecg-maya-usd/maya-usd/lib/mayaUsd/render/px_vp20/utils.h
[2023-04-03T16:06:07.347Z]     -- promoting: S:/jenkins/workspace/ECP/ecg-maya-usd/ecg-mayausd-branch-preflight-2019-no-ufe-windows/ecg-maya-usd/maya-usd/lib/mayaUsd/render/px_vp20/utils_legacy.h
[2023-04-03T16:06:07.347Z]     -- promoting: S:/jenkins/workspace/ECP/ecg-maya-usd/ecg-mayausd-branch-preflight-2019-no-ufe-windows/ecg-maya-usd/maya-usd/lib/mayaUsd/render/pxrUsdMayaGL/batchRenderer.h
[2023-04-03T16:06:07.347Z]     -- promoting: S:/jenkins/workspace/ECP/ecg-maya-usd/ecg-mayausd-branch-preflight-2019-no-ufe-windows/ecg-maya-usd/maya-usd/lib/mayaUsd/render/pxrUsdMayaGL/debugCodes.h
[2023-04-03T16:06:07.347Z]     -- promoting: S:/jenkins/workspace/ECP/ecg-maya-usd/ecg-mayausd-branch-preflight-2019-no-ufe-windows/ecg-maya-usd/maya-usd/lib/mayaUsd/render/pxrUsdMayaGL/hdImagingShapeDrawOverride.h
[2023-04-03T16:06:07.347Z]     -- promoting: S:/jenkins/workspace/ECP/ecg-maya-usd/ecg-mayausd-branch-preflight-2019-no-ufe-windows/ecg-maya-usd/maya-usd/lib/mayaUsd/render/pxrUsdMayaGL/hdImagingShapeUI.h
[2023-04-03T16:06:07.347Z]     -- promoting: S:/jenkins/workspace/ECP/ecg-maya-usd/ecg-mayausd-branch-preflight-2019-no-ufe-windows/ecg-maya-usd/maya-usd/lib/mayaUsd/render/pxrUsdMayaGL/instancerImager.h
[2023-04-03T16:06:07.347Z]     -- promoting: S:/jenkins/workspace/ECP/ecg-maya-usd/ecg-mayausd-branch-preflight-2019-no-ufe-windows/ecg-maya-usd/maya-usd/lib/mayaUsd/render/pxrUsdMayaGL/instancerShapeAdapter.h
[2023-04-03T16:06:07.347Z]     -- promoting: S:/jenkins/workspace/ECP/ecg-maya-usd/ecg-mayausd-branch-preflight-2019-no-ufe-windows/ecg-maya-usd/maya-usd/lib/mayaUsd/render/pxrUsdMayaGL/proxyDrawOverride.h
[2023-04-03T16:06:07.347Z]     -- promoting: S:/jenkins/workspace/ECP/ecg-maya-usd/ecg-mayausd-branch-preflight-2019-no-ufe-windows/ecg-maya-usd/maya-usd/lib/mayaUsd/render/pxrUsdMayaGL/proxyShapeUI.h
[2023-04-03T16:06:07.347Z]     -- promoting: S:/jenkins/workspace/ECP/ecg-maya-usd/ecg-mayausd-branch-preflight-2019-no-ufe-windows/ecg-maya-usd/maya-usd/lib/mayaUsd/render/pxrUsdMayaGL/renderParams.h
[2023-04-03T16:06:07.347Z]     -- promoting: S:/jenkins/workspace/ECP/ecg-maya-usd/ecg-mayausd-branch-preflight-2019-no-ufe-windows/ecg-maya-usd/maya-usd/lib/mayaUsd/render/pxrUsdMayaGL/sceneDelegate.h
[2023-04-03T16:06:07.347Z]     -- promoting: S:/jenkins/workspace/ECP/ecg-maya-usd/ecg-mayausd-branch-preflight-2019-no-ufe-windows/ecg-maya-usd/maya-usd/lib/mayaUsd/render/pxrUsdMayaGL/shapeAdapter.h
[2023-04-03T16:06:07.347Z]     -- promoting: S:/jenkins/workspace/ECP/ecg-maya-usd/ecg-mayausd-branch-preflight-2019-no-ufe-windows/ecg-maya-usd/maya-usd/lib/mayaUsd/render/pxrUsdMayaGL/softSelectHelper.h
[2023-04-03T16:06:07.347Z]     -- promoting: S:/jenkins/workspace/ECP/ecg-maya-usd/ecg-mayausd-branch-preflight-2019-no-ufe-windows/ecg-maya-usd/maya-usd/lib/mayaUsd/render/pxrUsdMayaGL/usdProxyShapeAdapter.h
[2023-04-03T16:06:07.347Z]     -- promoting: S:/jenkins/workspace/ECP/ecg-maya-usd/ecg-mayausd-branch-preflight-2019-no-ufe-windows/ecg-maya-usd/maya-usd/lib/mayaUsd/render/pxrUsdMayaGL/userData.h
[2023-04-03T16:06:07.347Z]     -- promoting: S:/jenkins/workspace/ECP/ecg-maya-usd/ecg-mayausd-branch-preflight-2019-no-ufe-windows/ecg-maya-usd/maya-usd/lib/mayaUsd/render/vp2RenderDelegate/proxyRenderDelegate.h
[2023-04-03T16:06:07.347Z]     -- promoting: S:/jenkins/workspace/ECP/ecg-maya-usd/ecg-mayausd-branch-preflight-2019-no-ufe-windows/ecg-maya-usd/maya-usd/lib/mayaUsd/render/vp2ShaderFragments/shaderFragments.h
[2023-04-03T16:06:07.347Z]     -- promoting: S:/jenkins/workspace/ECP/ecg-maya-usd/ecg-mayausd-branch-preflight-2019-no-ufe-windows/ecg-maya-usd/maya-usd/lib/mayaUsd/undo/OpUndoItemList.h
[2023-04-03T16:06:07.347Z]     -- promoting: S:/jenkins/workspace/ECP/ecg-maya-usd/ecg-mayausd-branch-preflight-2019-no-ufe-windows/ecg-maya-usd/maya-usd/lib/mayaUsd/undo/OpUndoItemMuting.h
[2023-04-03T16:06:07.347Z]     -- promoting: S:/jenkins/workspace/ECP/ecg-maya-usd/ecg-mayausd-branch-preflight-2019-no-ufe-windows/ecg-maya-usd/maya-usd/lib/mayaUsd/undo/OpUndoItemRecorder.h
[2023-04-03T16:06:07.347Z]     -- promoting: S:/jenkins/workspace/ECP/ecg-maya-usd/ecg-mayausd-branch-preflight-2019-no-ufe-windows/ecg-maya-usd/maya-usd/lib/mayaUsd/undo/OpUndoItems.h
[2023-04-03T16:06:07.347Z]     -- promoting: S:/jenkins/workspace/ECP/ecg-maya-usd/ecg-mayausd-branch-preflight-2019-no-ufe-windows/ecg-maya-usd/maya-usd/lib/mayaUsd/undo/UsdUndoBlock.h
[2023-04-03T16:06:07.347Z]     -- promoting: S:/jenkins/workspace/ECP/ecg-maya-usd/ecg-mayausd-branch-preflight-2019-no-ufe-windows/ecg-maya-usd/maya-usd/lib/mayaUsd/undo/UsdUndoManager.h
[2023-04-03T16:06:07.347Z]     -- promoting: S:/jenkins/workspace/ECP/ecg-maya-usd/ecg-mayausd-branch-preflight-2019-no-ufe-windows/ecg-maya-usd/maya-usd/lib/mayaUsd/undo/UsdUndoStateDelegate.h
[2023-04-03T16:06:07.347Z]     -- promoting: S:/jenkins/workspace/ECP/ecg-maya-usd/ecg-mayausd-branch-preflight-2019-no-ufe-windows/ecg-maya-usd/maya-usd/lib/mayaUsd/undo/UsdUndoableItem.h
[2023-04-03T16:06:07.347Z]     -- promoting: S:/jenkins/workspace/ECP/ecg-maya-usd/ecg-mayausd-branch-preflight-2019-no-ufe-windows/ecg-maya-usd/maya-usd/lib/mayaUsd/utils/blockSceneModificationContext.h
[2023-04-03T16:06:07.347Z]     -- promoting: S:/jenkins/workspace/ECP/ecg-maya-usd/ecg-mayausd-branch-preflight-2019-no-ufe-windows/ecg-maya-usd/maya-usd/lib/mayaUsd/utils/colorSpace.h
[2023-04-03T16:06:07.347Z]     -- promoting: S:/jenkins/workspace/ECP/ecg-maya-usd/ecg-mayausd-branch-preflight-2019-no-ufe-windows/ecg-maya-usd/maya-usd/lib/mayaUsd/utils/customLayerData.h
[2023-04-03T16:06:07.347Z]     -- promoting: S:/jenkins/workspace/ECP/ecg-maya-usd/ecg-mayausd-branch-preflight-2019-no-ufe-windows/ecg-maya-usd/maya-usd/lib/mayaUsd/utils/converter.h
[2023-04-03T16:06:07.347Z]     -- promoting: S:/jenkins/workspace/ECP/ecg-maya-usd/ecg-mayausd-branch-preflight-2019-no-ufe-windows/ecg-maya-usd/maya-usd/lib/mayaUsd/utils/diagnosticDelegate.h
[2023-04-03T16:06:07.347Z]     -- promoting: S:/jenkins/workspace/ECP/ecg-maya-usd/ecg-mayausd-branch-preflight-2019-no-ufe-windows/ecg-maya-usd/maya-usd/lib/mayaUsd/utils/dynamicAttribute.h
[2023-04-03T16:06:07.347Z]     -- promoting: S:/jenkins/workspace/ECP/ecg-maya-usd/ecg-mayausd-branch-preflight-2019-no-ufe-windows/ecg-maya-usd/maya-usd/lib/mayaUsd/utils/editability.h
[2023-04-03T16:06:07.347Z]     -- promoting: S:/jenkins/workspace/ECP/ecg-maya-usd/ecg-mayausd-branch-preflight-2019-no-ufe-windows/ecg-maya-usd/maya-usd/lib/mayaUsd/utils/editRouter.h
[2023-04-03T16:06:07.347Z]     -- promoting: S:/jenkins/workspace/ECP/ecg-maya-usd/ecg-mayausd-branch-preflight-2019-no-ufe-windows/ecg-maya-usd/maya-usd/lib/mayaUsd/utils/hash.h
[2023-04-03T16:06:07.347Z]     -- promoting: S:/jenkins/workspace/ECP/ecg-maya-usd/ecg-mayausd-branch-preflight-2019-no-ufe-windows/ecg-maya-usd/maya-usd/lib/mayaUsd/utils/layerMuting.h
[2023-04-03T16:06:07.347Z]     -- promoting: S:/jenkins/workspace/ECP/ecg-maya-usd/ecg-mayausd-branch-preflight-2019-no-ufe-windows/ecg-maya-usd/maya-usd/lib/mayaUsd/utils/layers.h
[2023-04-03T16:06:07.347Z]     -- promoting: S:/jenkins/workspace/ECP/ecg-maya-usd/ecg-mayausd-branch-preflight-2019-no-ufe-windows/ecg-maya-usd/maya-usd/lib/mayaUsd/utils/loadRules.h
[2023-04-03T16:06:07.347Z]     -- promoting: S:/jenkins/workspace/ECP/ecg-maya-usd/ecg-mayausd-branch-preflight-2019-no-ufe-windows/ecg-maya-usd/maya-usd/lib/mayaUsd/utils/query.h
[2023-04-03T16:06:07.347Z]     -- promoting: S:/jenkins/workspace/ECP/ecg-maya-usd/ecg-mayausd-branch-preflight-2019-no-ufe-windows/ecg-maya-usd/maya-usd/lib/mayaUsd/utils/plugRegistryHelper.h
[2023-04-03T16:06:07.347Z]     -- promoting: S:/jenkins/workspace/ECP/ecg-maya-usd/ecg-mayausd-branch-preflight-2019-no-ufe-windows/ecg-maya-usd/maya-usd/lib/mayaUsd/utils/progressBarScope.h
[2023-04-03T16:06:07.347Z]     -- promoting: S:/jenkins/workspace/ECP/ecg-maya-usd/ecg-mayausd-branch-preflight-2019-no-ufe-windows/ecg-maya-usd/maya-usd/lib/mayaUsd/utils/selectability.h
[2023-04-03T16:06:07.347Z]     -- promoting: S:/jenkins/workspace/ECP/ecg-maya-usd/ecg-mayausd-branch-preflight-2019-no-ufe-windows/ecg-maya-usd/maya-usd/lib/mayaUsd/utils/stageCache.h
[2023-04-03T16:06:07.347Z]     -- promoting: S:/jenkins/workspace/ECP/ecg-maya-usd/ecg-mayausd-branch-preflight-2019-no-ufe-windows/ecg-maya-usd/maya-usd/lib/mayaUsd/utils/targetLayer.h
[2023-04-03T16:06:07.347Z]     -- promoting: S:/jenkins/workspace/ECP/ecg-maya-usd/ecg-mayausd-branch-preflight-2019-no-ufe-windows/ecg-maya-usd/maya-usd/lib/mayaUsd/utils/traverseLayer.h
[2023-04-03T16:06:07.347Z]     -- promoting: S:/jenkins/workspace/ECP/ecg-maya-usd/ecg-mayausd-branch-preflight-2019-no-ufe-windows/ecg-maya-usd/maya-usd/lib/mayaUsd/utils/undoHelperCommand.h
[2023-04-03T16:06:07.347Z]     -- promoting: S:/jenkins/workspace/ECP/ecg-maya-usd/ecg-mayausd-branch-preflight-2019-no-ufe-windows/ecg-maya-usd/maya-usd/lib/mayaUsd/utils/util.h
[2023-04-03T16:06:07.347Z]     -- promoting: S:/jenkins/workspace/ECP/ecg-maya-usd/ecg-mayausd-branch-preflight-2019-no-ufe-windows/ecg-maya-usd/maya-usd/lib/mayaUsd/utils/utilDictionary.h
[2023-04-03T16:06:07.347Z]     -- promoting: S:/jenkins/workspace/ECP/ecg-maya-usd/ecg-mayausd-branch-preflight-2019-no-ufe-windows/ecg-maya-usd/maya-usd/lib/mayaUsd/utils/utilFileSystem.h
[2023-04-03T16:06:07.347Z]     -- promoting: S:/jenkins/workspace/ECP/ecg-maya-usd/ecg-mayausd-branch-preflight-2019-no-ufe-windows/ecg-maya-usd/maya-usd/lib/mayaUsd/utils/utilSerialization.h
[2023-04-03T16:06:07.347Z]     -- promoting: S:/jenkins/workspace/ECP/ecg-maya-usd/ecg-mayausd-branch-preflight-2019-no-ufe-windows/ecg-maya-usd/maya-usd/lib/mayaUsd/utils/variants.h
[2023-04-03T16:06:07.458Z]     -- promoting: S:/jenkins/workspace/ECP/ecg-maya-usd/ecg-mayausd-branch-preflight-2019-no-ufe-windows/ecg-maya-usd/maya-usd/lib/usd/pxrUsdPreviewSurface/usdPreviewSurface.h
[2023-04-03T16:06:07.458Z]     -- promoting: S:/jenkins/workspace/ECP/ecg-maya-usd/ecg-mayausd-branch-preflight-2019-no-ufe-windows/ecg-maya-usd/maya-usd/lib/usd/pxrUsdPreviewSurface/usdPreviewSurfacePlugin.h
[2023-04-03T16:06:07.458Z]     -- promoting: S:/jenkins/workspace/ECP/ecg-maya-usd/ecg-mayausd-branch-preflight-2019-no-ufe-windows/ecg-maya-usd/maya-usd/lib/usd/schemas/api.h
[2023-04-03T16:06:07.458Z]     -- promoting: S:/jenkins/workspace/ECP/ecg-maya-usd/ecg-mayausd-branch-preflight-2019-no-ufe-windows/ecg-maya-usd/maya-usd/lib/usd/schemas/ALMayaReference.h
[2023-04-03T16:06:07.458Z]     -- promoting: S:/jenkins/workspace/ECP/ecg-maya-usd/ecg-mayausd-branch-preflight-2019-no-ufe-windows/ecg-maya-usd/maya-usd/lib/usd/schemas/MayaReference.h
[2023-04-03T16:06:07.458Z]     -- promoting: S:/jenkins/workspace/ECP/ecg-maya-usd/ecg-mayausd-branch-preflight-2019-no-ufe-windows/ecg-maya-usd/maya-usd/lib/usd/schemas/tokens.h
[2023-04-03T16:06:09.811Z]     Processing schema classes:
[2023-04-03T16:06:09.811Z]     MayaReference, ALMayaReference
[2023-04-03T16:06:09.811Z]     Loading Templates from p:\shared\Artifactory\Windows\USD\cfb3d8a\lib\usd\usd\resources\codegenTemplates
[2023-04-03T16:06:09.811Z]     Writing API:
[2023-04-03T16:06:09.811Z]     	    wrote W:\build\RelWithDebInfo\lib\usd\schemas\api.h
[2023-04-03T16:06:09.811Z]     Writing Schema Tokens:
[2023-04-03T16:06:09.811Z]     	    wrote W:\build\RelWithDebInfo\lib\usd\schemas\tokens.h
[2023-04-03T16:06:09.811Z]     	    wrote W:\build\RelWithDebInfo\lib\usd\schemas\tokens.cpp
[2023-04-03T16:06:09.811Z]     	    wrote W:\build\RelWithDebInfo\lib\usd\schemas\wrapTokens.cpp
[2023-04-03T16:06:09.811Z]     Generating Classes:
[2023-04-03T16:06:09.811Z]     	    wrote W:\build\RelWithDebInfo\lib\usd\schemas\MayaReference.h
[2023-04-03T16:06:09.811Z]     	    wrote W:\build\RelWithDebInfo\lib\usd\schemas\MayaReference.cpp
[2023-04-03T16:06:09.811Z]     	    wrote W:\build\RelWithDebInfo\lib\usd\schemas\wrapMayaReference.cpp
[2023-04-03T16:06:09.811Z]     	    wrote W:\build\RelWithDebInfo\lib\usd\schemas\ALMayaReference.h
[2023-04-03T16:06:09.811Z]     	    wrote W:\build\RelWithDebInfo\lib\usd\schemas\ALMayaReference.cpp
[2023-04-03T16:06:09.811Z]     	    wrote W:\build\RelWithDebInfo\lib\usd\schemas\wrapALMayaReference.cpp
[2023-04-03T16:06:09.811Z]     Loading Templates from p:\shared\Artifactory\Windows\USD\cfb3d8a\lib\usd\usd\resources\codegenTemplates
[2023-04-03T16:06:09.811Z]     	    wrote W:\build\RelWithDebInfo\lib\usd\schemas\plugInfo.json
[2023-04-03T16:06:09.811Z]     Generating Schematics:
[2023-04-03T16:06:09.811Z]     	    wrote W:\build\RelWithDebInfo\lib\usd\schemas\generatedSchema.usda
[2023-04-03T16:06:09.811Z]     -- promoting: S:/jenkins/workspace/ECP/ecg-maya-usd/ecg-mayausd-branch-preflight-2019-no-ufe-windows/ecg-maya-usd/maya-usd/lib/usd/utils/ALHalf.h
[2023-04-03T16:06:09.811Z]     -- promoting: S:/jenkins/workspace/ECP/ecg-maya-usd/ecg-mayausd-branch-preflight-2019-no-ufe-windows/ecg-maya-usd/maya-usd/lib/usd/utils/Api.h
[2023-04-03T16:06:09.811Z]     -- promoting: S:/jenkins/workspace/ECP/ecg-maya-usd/ecg-mayausd-branch-preflight-2019-no-ufe-windows/ecg-maya-usd/maya-usd/lib/usd/utils/DebugCodes.h
[2023-04-03T16:06:09.811Z]     -- promoting: S:/jenkins/workspace/ECP/ecg-maya-usd/ecg-mayausd-branch-preflight-2019-no-ufe-windows/ecg-maya-usd/maya-usd/lib/usd/utils/DiffCore.h
[2023-04-03T16:06:09.811Z]     -- promoting: S:/jenkins/workspace/ECP/ecg-maya-usd/ecg-mayausd-branch-preflight-2019-no-ufe-windows/ecg-maya-usd/maya-usd/lib/usd/utils/DiffPrims.h
[2023-04-03T16:06:09.811Z]     -- promoting: S:/jenkins/workspace/ECP/ecg-maya-usd/ecg-mayausd-branch-preflight-2019-no-ufe-windows/ecg-maya-usd/maya-usd/lib/usd/utils/MergePrims.h
[2023-04-03T16:06:09.811Z]     -- promoting: S:/jenkins/workspace/ECP/ecg-maya-usd/ecg-mayausd-branch-preflight-2019-no-ufe-windows/ecg-maya-usd/maya-usd/lib/usd/utils/MergePrimsOptions.h
[2023-04-03T16:06:09.811Z]     -- promoting: S:/jenkins/workspace/ECP/ecg-maya-usd/ecg-mayausd-branch-preflight-2019-no-ufe-windows/ecg-maya-usd/maya-usd/lib/usd/utils/ForwardDeclares.h
[2023-04-03T16:06:09.811Z]     -- promoting: S:/jenkins/workspace/ECP/ecg-maya-usd/ecg-mayausd-branch-preflight-2019-no-ufe-windows/ecg-maya-usd/maya-usd/lib/usd/utils/SIMD.h
[2023-04-03T16:06:09.811Z]     -- promoting: S:/jenkins/workspace/ECP/ecg-maya-usd/ecg-mayausd-branch-preflight-2019-no-ufe-windows/ecg-maya-usd/maya-usd/lib/usd/utils/util.h
[2023-04-03T16:06:09.923Z]     -- promoting: S:/jenkins/workspace/ECP/ecg-maya-usd/ecg-mayausd-branch-preflight-2019-no-ufe-windows/ecg-maya-usd/maya-usd/lib/usd/ui/importDialog/IMayaMQtUtil.h
[2023-04-03T16:06:09.923Z]     -- promoting: S:/jenkins/workspace/ECP/ecg-maya-usd/ecg-mayausd-branch-preflight-2019-no-ufe-windows/ecg-maya-usd/maya-usd/lib/usd/ui/importDialog/ItemDelegate.h
[2023-04-03T16:06:09.923Z]     -- promoting: S:/jenkins/workspace/ECP/ecg-maya-usd/ecg-mayausd-branch-preflight-2019-no-ufe-windows/ecg-maya-usd/maya-usd/lib/usd/ui/importDialog/IUSDImportView.h
[2023-04-03T16:06:09.923Z]     -- promoting: S:/jenkins/workspace/ECP/ecg-maya-usd/ecg-mayausd-branch-preflight-2019-no-ufe-windows/ecg-maya-usd/maya-usd/lib/usd/ui/importDialog/TreeItem.h
[2023-04-03T16:06:09.923Z]     -- promoting: S:/jenkins/workspace/ECP/ecg-maya-usd/ecg-mayausd-branch-preflight-2019-no-ufe-windows/ecg-maya-usd/maya-usd/lib/usd/ui/importDialog/TreeModel.h
[2023-04-03T16:06:09.923Z]     -- promoting: S:/jenkins/workspace/ECP/ecg-maya-usd/ecg-mayausd-branch-preflight-2019-no-ufe-windows/ecg-maya-usd/maya-usd/lib/usd/ui/importDialog/TreeModelFactory.h
[2023-04-03T16:06:09.923Z]     -- promoting: S:/jenkins/workspace/ECP/ecg-maya-usd/ecg-mayausd-branch-preflight-2019-no-ufe-windows/ecg-maya-usd/maya-usd/lib/usd/ui/importDialog/USDImportDialog.h
[2023-04-03T16:06:09.923Z]     -- promoting: S:/jenkins/workspace/ECP/ecg-maya-usd/ecg-mayausd-branch-preflight-2019-no-ufe-windows/ecg-maya-usd/maya-usd/lib/usd/ui/importDialog/USDImportDialogCmd.h
[2023-04-03T16:06:09.923Z]     -- promoting: S:/jenkins/workspace/ECP/ecg-maya-usd/ecg-mayausd-branch-preflight-2019-no-ufe-windows/ecg-maya-usd/maya-usd/lib/usd/ui/importDialog/USDQtUtil.h
[2023-04-03T16:06:09.923Z]     -- promoting: S:/jenkins/workspace/ECP/ecg-maya-usd/ecg-mayausd-branch-preflight-2019-no-ufe-windows/ecg-maya-usd/maya-usd/lib/usd/ui/api.h
[2023-04-03T16:06:09.923Z]     -- promoting: S:/jenkins/workspace/ECP/ecg-maya-usd/ecg-mayausd-branch-preflight-2019-no-ufe-windows/ecg-maya-usd/maya-usd/lib/usd/ui/initStringResources.h
[2023-04-03T16:06:09.923Z]     ========== Pixar USD Plugin ==========
[2023-04-03T16:06:10.036Z]     Compiling W:/build/RelWithDebInfo/plugin/pxr/__init__.py ...
[2023-04-03T16:06:10.148Z]     ========== AL USD Plugin ==========
[2023-04-03T16:06:10.148Z]     CMake Deprecation Warning at plugin/al/CMakeLists.txt:7 (cmake_policy):
[2023-04-03T16:06:10.148Z]       The OLD behavior for policy CMP0026 will be removed from a future version
[2023-04-03T16:06:10.148Z]       of CMake.
[2023-04-03T16:06:10.148Z]     
[2023-04-03T16:06:10.148Z]       The cmake-policies(7) manual explains that the OLD behaviors of all
[2023-04-03T16:06:10.148Z]       policies are deprecated and that a policy should be set to OLD only under
[2023-04-03T16:06:10.148Z]       specific short-term circumstances.  Projects should be ported to the NEW
[2023-04-03T16:06:10.148Z]       behavior and not rely on setting a policy to OLD.
[2023-04-03T16:06:10.148Z]     
[2023-04-03T16:06:10.148Z]     
[2023-04-03T16:06:10.148Z]     -- Found Boost 1.70.0 at P:/shared/Artifactory/Windows/USD/cfb3d8a/lib/cmake/Boost-1.70.0
[2023-04-03T16:06:10.148Z]     --   Requested configuration: QUIET REQUIRED
[2023-04-03T16:06:10.148Z]     -- Found boost_headers 1.70.0 at P:/shared/Artifactory/Windows/USD/cfb3d8a/lib/cmake/boost_headers-1.70.0
[2023-04-03T16:06:10.149Z]     -- Found Boost: P:/shared/Artifactory/Windows/USD/cfb3d8a/lib/cmake/Boost-1.70.0/BoostConfig.cmake (found version "1.70.0")
[2023-04-03T16:06:10.149Z]     -- Found Boost 1.70.0 at P:/shared/Artifactory/Windows/USD/cfb3d8a/lib/cmake/Boost-1.70.0
[2023-04-03T16:06:10.149Z]     --   Requested configuration: QUIET REQUIRED COMPONENTS python
[2023-04-03T16:06:10.149Z]     -- Found boost_python 1.70.0 at P:/shared/Artifactory/Windows/USD/cfb3d8a/lib/cmake/boost_python-1.70.0
[2023-04-03T16:06:10.149Z]     --   boost_python27-vc141-mt-x64-1_70.lib
[2023-04-03T16:06:10.149Z]     -- Adding boost_python dependencies: headers
[2023-04-03T16:06:10.149Z]     -- Found Boost: P:/shared/Artifactory/Windows/USD/cfb3d8a/lib/cmake/Boost-1.70.0/BoostConfig.cmake (found version "1.70.0") found components: python
[2023-04-03T16:06:10.765Z]     -- Found GTest: W:/build/RelWithDebInfo/googletest-install/lib/gtest.lib
[2023-04-03T16:06:12.703Z]     -- Building AL_USDMayaSchemas
[2023-04-03T16:06:13.323Z]     Processing schema classes:
[2023-04-03T16:06:13.323Z]     ALModelAPI, ALFrameRange
[2023-04-03T16:06:13.323Z]     Loading Templates from p:\shared\Artifactory\Windows\USD\cfb3d8a\lib\usd\usd\resources\codegenTemplates
[2023-04-03T16:06:13.323Z]     Writing API:
[2023-04-03T16:06:13.323Z]     	    wrote W:\build\RelWithDebInfo\plugin\al\schemas\AL\usd\schemas\maya\api.h
[2023-04-03T16:06:13.323Z]     Writing Schema Tokens:
[2023-04-03T16:06:13.323Z]     	    wrote W:\build\RelWithDebInfo\plugin\al\schemas\AL\usd\schemas\maya\tokens.h
[2023-04-03T16:06:13.323Z]     	    wrote W:\build\RelWithDebInfo\plugin\al\schemas\AL\usd\schemas\maya\tokens.cpp
[2023-04-03T16:06:13.323Z]     	    wrote W:\build\RelWithDebInfo\plugin\al\schemas\AL\usd\schemas\maya\wrapTokens.cpp
[2023-04-03T16:06:13.323Z]     Generating Classes:
[2023-04-03T16:06:13.323Z]     	    wrote W:\build\RelWithDebInfo\plugin\al\schemas\AL\usd\schemas\maya\ModelAPI.h
[2023-04-03T16:06:13.323Z]     	    wrote W:\build\RelWithDebInfo\plugin\al\schemas\AL\usd\schemas\maya\ModelAPI.cpp
[2023-04-03T16:06:13.323Z]     	    wrote W:\build\RelWithDebInfo\plugin\al\schemas\AL\usd\schemas\maya\wrapModelAPI.cpp
[2023-04-03T16:06:13.323Z]     	    wrote W:\build\RelWithDebInfo\plugin\al\schemas\AL\usd\schemas\maya\FrameRange.h
[2023-04-03T16:06:13.323Z]     	    wrote W:\build\RelWithDebInfo\plugin\al\schemas\AL\usd\schemas\maya\FrameRange.cpp
[2023-04-03T16:06:13.323Z]     	    wrote W:\build\RelWithDebInfo\plugin\al\schemas\AL\usd\schemas\maya\wrapFrameRange.cpp
[2023-04-03T16:06:13.323Z]     Loading Templates from p:\shared\Artifactory\Windows\USD\cfb3d8a\lib\usd\usd\resources\codegenTemplates
[2023-04-03T16:06:13.323Z]     	    wrote W:\build\RelWithDebInfo\plugin\al\schemas\AL\usd\schemas\maya\plugInfo.json
[2023-04-03T16:06:13.323Z]     Generating Schematics:
[2023-04-03T16:06:13.323Z]     	    wrote W:\build\RelWithDebInfo\plugin\al\schemas\AL\usd\schemas\maya\generatedSchema.usda
[2023-04-03T16:06:14.448Z]     Processing schema classes:
[2023-04-03T16:06:14.448Z]     ALExamplePolyCubeNode
[2023-04-03T16:06:14.448Z]     Loading Templates from p:\shared\Artifactory\Windows\USD\cfb3d8a\lib\usd\usd\resources\codegenTemplates
[2023-04-03T16:06:14.448Z]     Writing API:
[2023-04-03T16:06:14.448Z]     	    wrote W:\build\RelWithDebInfo\plugin\al\schemas\AL\usd\schemas\mayatest\api.h
[2023-04-03T16:06:14.448Z]     Writing Schema Tokens:
[2023-04-03T16:06:14.448Z]     	    wrote W:\build\RelWithDebInfo\plugin\al\schemas\AL\usd\schemas\mayatest\tokens.h
[2023-04-03T16:06:14.448Z]     	    wrote W:\build\RelWithDebInfo\plugin\al\schemas\AL\usd\schemas\mayatest\tokens.cpp
[2023-04-03T16:06:14.448Z]     	    wrote W:\build\RelWithDebInfo\plugin\al\schemas\AL\usd\schemas\mayatest\wrapTokens.cpp
[2023-04-03T16:06:14.448Z]     Generating Classes:
[2023-04-03T16:06:14.448Z]     	    wrote W:\build\RelWithDebInfo\plugin\al\schemas\AL\usd\schemas\mayatest\ExamplePolyCubeNode.h
[2023-04-03T16:06:14.448Z]     	    wrote W:\build\RelWithDebInfo\plugin\al\schemas\AL\usd\schemas\mayatest\ExamplePolyCubeNode.cpp
[2023-04-03T16:06:14.448Z]     	    wrote W:\build\RelWithDebInfo\plugin\al\schemas\AL\usd\schemas\mayatest\wrapExamplePolyCubeNode.cpp
[2023-04-03T16:06:14.448Z]     Loading Templates from p:\shared\Artifactory\Windows\USD\cfb3d8a\lib\usd\usd\resources\codegenTemplates
[2023-04-03T16:06:14.448Z]     	    wrote W:\build\RelWithDebInfo\plugin\al\schemas\AL\usd\schemas\mayatest\plugInfo.json
[2023-04-03T16:06:14.448Z]     Generating Schematics:
[2023-04-03T16:06:14.448Z]     	    wrote W:\build\RelWithDebInfo\plugin\al\schemas\AL\usd\schemas\mayatest\generatedSchema.usda
[2023-04-03T16:06:14.560Z]     -- Building AL_USDMayaTranslators
[2023-04-03T16:06:14.560Z]     ========== ADSK USD Plugin ==========
[2023-04-03T16:06:14.672Z]     -- Configuring done
[2023-04-03T16:06:16.409Z]     -- Generating done
[2023-04-03T16:06:16.409Z]     CMake Warning:
[2023-04-03T16:06:16.409Z]       Manually-specified variables were not used by the project:
[2023-04-03T16:06:16.409Z]     
[2023-04-03T16:06:16.409Z]         MAYA_DEVKIT_LOCATION
[2023-04-03T16:06:16.410Z]     
[2023-04-03T16:06:16.410Z]     
[2023-04-03T16:06:16.516Z]     -- Build files have been written to: W:/build/RelWithDebInfo
[2023-04-03T16:06:16.516Z]     
[2023-04-03T16:06:16.516Z]         Building with settings:
[2023-04-03T16:06:16.516Z]           Source directory          S:\jenkins\workspace\ECP\ecg-maya-usd\ecg-mayausd-branch-preflight-2019-no-ufe-windows\ecg-maya-usd\maya-usd
[2023-04-03T16:06:16.516Z]           Workspace directory       W:\
[2023-04-03T16:06:16.516Z]           Build directory           W:\build\RelWithDebInfo
[2023-04-03T16:06:16.516Z]           Install directory         W:\install\RelWithDebInfo\MayaUSD
[2023-04-03T16:06:16.516Z]           Variant                   RelWithDebInfo
[2023-04-03T16:06:16.516Z]           Python Debug              Off
[2023-04-03T16:06:16.516Z]           CMake generator           Ninja
[2023-04-03T16:06:16.516Z]           Build arguments           ['-DCMAKE_MAKE_PROGRAM=P:/shared/Artifactory/Windows/ninja/1.9.0/c68f192/ninja.exe', '-DPYTHON_INCLUDE_DIR=P:/shared/Artifactory/Windows/rundev-2019/202003131251/runtime/155eb96/runTime/include/Python2.7', '-DPython_EXECUTABLE=P:/shared/Artifactory/Windows/rundev-2019/202003131251/runtime/155eb96/runTime/bin/mayapy.exe', '-DPYTHON_LIBRARIES=P:/shared/Artifactory/Windows/rundev-2019/202003131251/runtime/155eb96/runTime/lib/python27.lib', '-DCMAKE_WANT_UFE_BUILD=OFF', '-DUSD_LIB_PREFIX=', '-DCMAKE_WANT_MATERIALX_BUILD=ON', '-DCMAKE_PREFIX_PATH=P:\\shared\\Artifactory\\Windows\\USD\\cfb3d8a']
[2023-04-03T16:06:16.516Z]           Stages arguments          ['configure']
[2023-04-03T16:06:16.516Z]           CTest arguments           ['-E testUsdReferenceAssemblySelection|testUsdMayaAppDir', '-LE interactive', '--parallel 16']
[2023-04-03T16:06:16.516Z]     Success MayaUSD build and install !!!!
[2023-04-03T16:06:16.516Z]     Elapsed time: 00:00:29
[Pipeline] bat
[2023-04-03T16:06:16.850Z] Deleting alias drive W:
[Pipeline] bat
[2023-04-03T16:06:17.197Z] Deleting alias drive P:
[Pipeline] }
[Pipeline] // withEnv
[Pipeline] }
[Pipeline] // timeout
[Pipeline] }
[Pipeline] // stage
[Pipeline] }
[Pipeline] // timestamps
[Pipeline] timestamps
[Pipeline] {
[Pipeline] stage
[Pipeline] { (Build)
[Pipeline] timeout
[2023-04-03T16:06:17.710Z] Timeout set to expire in 6 hr 0 min
[Pipeline] {
[Pipeline] withEnv
[Pipeline] {
[Pipeline] bat
[2023-04-03T16:06:17.762Z] Creating alias drive P: to S:\jenkins\workspace
[Pipeline] bat
[2023-04-03T16:06:18.115Z] Creating alias drive W: to S:\jenkins\workspace\ECP\ecg-maya-usd\ecg-mayausd-branch-preflight-2019-no-ufe-windows
[Pipeline] bat
[2023-04-03T16:06:18.612Z] "C:\Program Files (x86)\Microsoft Visual Studio\2017\Professional\VC\Auxiliary\Build\vcvarsall.bat" x64
[2023-04-03T16:06:18.715Z] **********************************************************************
[2023-04-03T16:06:18.715Z] ** Visual Studio 2017 Developer Command Prompt v15.9.15
[2023-04-03T16:06:18.715Z] ** Copyright (c) 2017 Microsoft Corporation
[2023-04-03T16:06:18.715Z] **********************************************************************
[2023-04-03T16:06:19.632Z] [vcvarsall.bat] Environment initialized for: 'x64'
[2023-04-03T16:06:19.632Z] python ecg-maya-usd/build.py --stages=build --workspace-dir=W:\ --artifactory-dir=P:\shared\Artifactory --build-dir=W:\build --install-dir=W:\install --signing-dir=W:\signing --package-dir=W:\package --output-dir=W:\output --stash-dir=W:\stash --jenkins-build=819 --git-commit=fbc705fc97ac5e97dcc1209fffcb076b1cacfe11 --git-branch=master --variants=RelWithDebInfo --python=2.7 --ufe=false --pxrusd-version=0.21.05-gold --post-zips=false --build-retry=3 --maya-cut-config=maya-rundev-2019.yaml --maya-package=rundev-2019 --stage-banner
[2023-04-03T16:06:20.551Z] Using Maya cut from P:\shared\Artifactory\Windows\rundev-2019\202003131251\runtime\155eb96
[2023-04-03T16:06:20.551Z] 
[2023-04-03T16:06:20.551Z] ================================================================================
[2023-04-03T16:06:20.551Z]                              build (RelWithDebInfo)
[2023-04-03T16:06:20.551Z] ================================================================================
[2023-04-03T16:06:20.551Z] Maya Python RelWithDebInfo Info:
[2023-04-03T16:06:20.551Z]   mayapy executable   = P:\shared\Artifactory\Windows\rundev-2019\202003131251\runtime\155eb96\runTime\bin\mayapy.exe
[2023-04-03T16:06:20.551Z]   Include Folder      = P:\shared\Artifactory\Windows\rundev-2019\202003131251\runtime\155eb96\runTime\include\Python2.7
[2023-04-03T16:06:20.551Z]   Library             = P:\shared\Artifactory\Windows\rundev-2019\202003131251\runtime\155eb96\runTime\lib\python27.lib
[2023-04-03T16:06:20.551Z]   site-package Folder = P:\shared\Artifactory\Windows\rundev-2019\202003131251\runtime\155eb96\runTime\Python\Lib\site-packages
[2023-04-03T16:06:21.270Z] In workdir: S:\jenkins\workspace\ECP\ecg-maya-usd\ecg-mayausd-branch-preflight-2019-no-ufe-windows\ecg-maya-usd\maya-usd
[2023-04-03T16:06:21.270Z] Executing: 'P:\\shared\\Artifactory\\Windows\\rundev-2019\\202003131251\\runtime\\155eb96\\runTime\\bin\\mayapy.exe' 'S:\\jenkins\\workspace\\ECP\\ecg-maya-usd\\ecg-mayausd-branch-preflight-2019-no-ufe-windows\\ecg-maya-usd\\maya-usd\\build.py' --generator Ninja --build-relwithdebug --maya-location 'P:\\shared\\Artifactory\\Windows\\rundev-2019\\202003131251\\runtime\\155eb96\\runTime' --devkit-location 'P:\\shared\\Artifactory\\Windows\\rundev-2019\\202003131251\\runtime\\155eb96\\devkitBase' --pxrusd-location 'P:\\shared\\Artifactory\\Windows\\USD\\cfb3d8a' --qt-location 'P:\\shared\\Artifactory\\Windows\\qt\\5.6.1\\1acd0ba' '--build-args=-DCMAKE_MAKE_PROGRAM=P:/shared/Artifactory/Windows/ninja/1.9.0/c68f192/ninja.exe,-DPYTHON_INCLUDE_DIR=P:/shared/Artifactory/Windows/rundev-2019/202003131251/runtime/155eb96/runTime/include/Python2.7,-DPython_EXECUTABLE=P:/shared/Artifactory/Windows/rundev-2019/202003131251/runtime/155eb96/runTime/bin/mayapy.exe,-DPYTHON_LIBRARIES=P:/shared/Artifactory/Windows/rundev-2019/202003131251/runtime/155eb96/runTime/lib/python27.lib,-DCMAKE_WANT_UFE_BUILD=OFF,-DUSD_LIB_PREFIX=,-DCMAKE_WANT_MATERIALX_BUILD=ON,-DCMAKE_PREFIX_PATH=P:\\shared\\Artifactory\\Windows\\USD\\cfb3d8a' '--ctest-args=-E testUsdReferenceAssemblySelection|testUsdMayaAppDir,-LE interactive,--parallel 16' --stages=build --redirect-outstream-file=False --install-location 'W:\\install\\RelWithDebInfo\\MayaUSD' 'W:\\'
[2023-04-03T16:06:21.270Z] Modified environment variables:
[2023-04-03T16:06:21.270Z]     PATH=P:\shared\Artifactory\Windows\cmake\3.20.3\afe857a\bin;C:\Python27\lib\site-packages\pywin32_system32;C:\Program Files (x86)\Microsoft Visual Studio\2017\Professional\VC\Tools\MSVC\14.16.27023\bin\HostX64\x64;C:\Program Files (x86)\Microsoft Visual Studio\2017\Professional\Common7\IDE\VC\VCPackages;C:\Program Files (x86)\Microsoft Visual Studio\2017\Professional\Common7\IDE\CommonExtensions\Microsoft\TestWindow;C:\Program Files (x86)\Microsoft Visual Studio\2017\Professional\Common7\IDE\CommonExtensions\Microsoft\TeamFoundation\Team Explorer;C:\Program Files (x86)\Microsoft Visual Studio\2017\Professional\MSBuild\15.0\bin\Roslyn;C:\Program Files (x86)\Microsoft Visual Studio\2017\Professional\Team Tools\Performance Tools\x64;C:\Program Files (x86)\Microsoft Visual Studio\2017\Professional\Team Tools\Performance Tools;C:\Program Files (x86)\Microsoft Visual Studio\Shared\Common\VSPerfCollectionTools\\x64;C:\Program Files (x86)\Microsoft Visual Studio\Shared\Common\VSPerfCollectionTools\;C:\Program Files (x86)\Microsoft SDKs\Windows\v10.0A\bin\NETFX 4.6.1 Tools\x64\;C:\Program Files (x86)\HTML Help Workshop;C:\Program Files (x86)\Windows Kits\10\bin\10.0.18362.0\x64;C:\Program Files (x86)\Windows Kits\10\bin\x64;C:\Program Files (x86)\Microsoft Visual Studio\2017\Professional\\MSBuild\15.0\bin;C:\WINDOWS\Microsoft.NET\Framework64\v4.0.30319;C:\Program Files (x86)\Microsoft Visual Studio\2017\Professional\Common7\IDE\;C:\Program Files (x86)\Microsoft Visual Studio\2017\Professional\Common7\Tools\;C:\Python27\;C:\Python27\Scripts;C:\WINDOWS\system32;C:\WINDOWS;C:\WINDOWS\System32\Wbem;C:\WINDOWS\System32\WindowsPowerShell\v1.0\;C:\WINDOWS\System32\OpenSSH\;C:\ProgramData\chocolatey\bin;C:\Program Files (x86)\WiX Toolset v3.7\bin;C:\Program Files\dotnet\;C:\Program Files (x86)\Windows Kits\10\bin\10.0.18362.0\x64;C:\Program Files\Zulu\zulu-11\bin\;C:\Program Files (x86)\Windows Kits\10\bin\10.0.17763.0\x64;C:\Program Files (x86)\Windows Kits\10\bin\x64;C:\Program Files\Git\cmd;C:\Program Files\Git\usr\bin;C:\Program Files\Git\mingw64\bin;C:\Program Files\Git\bin;C:\Python38\;C:\Python38\Scripts;C:\StoreBoxClientWindows;C:\Program Files\Electric Cloud\ElectricCommander\bin;C:\Program Files\WinRAR;C:\Program Files\7-Zip;C:\Users\Administrator\AppData\Local\Microsoft\WindowsApps;C:\Program Files (x86)\Microsoft Visual Studio\2017\Professional\Common7\IDE\CommonExtensions\Microsoft\CMake\CMake\bin;C:\Program Files (x86)\Microsoft Visual Studio\2017\Professional\Common7\IDE\CommonExtensions\Microsoft\CMake\Ninja
[2023-04-03T16:06:22.800Z]     [1/584] Building CXX object test\lib\usd\utils\CMakeFiles\testDiffCore.dir\main.cpp.obj
[2023-04-03T16:06:22.800Z]     [2/584] Building CXX object test\lib\usd\utils\CMakeFiles\testDiffLists.dir\main.cpp.obj
[2023-04-03T16:06:22.800Z]     [3/584] Building CXX object test\lib\usd\utils\CMakeFiles\testDiffValues.dir\main.cpp.obj
[2023-04-03T16:06:23.314Z]     [4/584] Building CXX object test\lib\usd\utils\CMakeFiles\testDiffCore.dir\test_DiffCore.cpp.obj
[2023-04-03T16:06:23.933Z]     [5/584] Building CXX object test\lib\usd\utils\CMakeFiles\testDiffPrims.dir\main.cpp.obj
[2023-04-03T16:06:25.056Z]     [6/584] Building CXX object test\lib\usd\utils\CMakeFiles\testDiffDictionaries.dir\main.cpp.obj
[2023-04-03T16:06:26.178Z]     [7/584] Building CXX object test\lib\usd\utils\CMakeFiles\testDiffRelationships.dir\main.cpp.obj
[2023-04-03T16:06:27.219Z]     [8/584] Building CXX object test\lib\usd\utils\CMakeFiles\testDiffAttributes.dir\main.cpp.obj
[2023-04-03T16:06:31.792Z]     [9/584] Building CXX object test\lib\usd\utils\CMakeFiles\testDiffPrims.dir\test_DiffPrims.cpp.obj
[2023-04-03T16:06:32.425Z]     [10/584] Building CXX object test\lib\usd\utils\CMakeFiles\testDiffPrims.dir\test_DiffPrimsChildren.cpp.obj
[2023-04-03T16:06:32.627Z]     [11/584] Building CXX object test\lib\usd\utils\CMakeFiles\testDiffPrims.dir\test_DiffPrimsRelations.cpp.obj
[2023-04-03T16:06:32.627Z]     [12/584] Building CXX object test\lib\usd\utils\CMakeFiles\testDiffPrims.dir\test_DiffPrimsAttributes.cpp.obj
[2023-04-03T16:06:32.627Z]     [13/584] Building CXX object test\lib\usd\utils\CMakeFiles\testDiffDictionaries.dir\test_DiffDictionaries.cpp.obj
[2023-04-03T16:06:33.133Z]     [14/584] Building CXX object test\lib\usd\utils\CMakeFiles\testDiffValues.dir\test_DiffValuesMatrices.cpp.obj
[2023-04-03T16:06:33.133Z]     [15/584] Building CXX object test\lib\usd\utils\CMakeFiles\testDiffValues.dir\test_DiffValues.cpp.obj
[2023-04-03T16:06:33.364Z]     [16/584] Building CXX object test\lib\usd\utils\CMakeFiles\testDiffValues.dir\test_DiffValuesIntVecs.cpp.obj
[2023-04-03T16:06:33.364Z]     [17/584] Building CXX object test\lib\usd\utils\CMakeFiles\testDiffValues.dir\test_DiffValuesQuaternions.cpp.obj
[2023-04-03T16:06:33.822Z]     [18/584] Building CXX object test\lib\usd\utils\CMakeFiles\testDiffValues.dir\test_DiffValuesGeneric.cpp.obj
[2023-04-03T16:06:33.936Z]     [19/584] Building CXX object test\lib\usd\utils\CMakeFiles\testDiffLists.dir\test_DiffLists.cpp.obj
[2023-04-03T16:06:34.059Z]     [20/584] Building CXX object test\lib\usd\utils\CMakeFiles\testDiffValues.dir\test_DiffValuesDoubleVecs.cpp.obj
[2023-04-03T16:06:34.169Z]     [21/584] Building CXX object test\lib\usd\utils\CMakeFiles\testDiffValues.dir\test_DiffValuesFloatVecs.cpp.obj
[2023-04-03T16:06:34.381Z]     [22/584] Building CXX object test\lib\usd\utils\CMakeFiles\testDiffValues.dir\test_DiffValuesHalfVecs.cpp.obj
[2023-04-03T16:06:34.491Z]     [23/584] Building CXX object test\lib\usd\utils\CMakeFiles\testDiffValues.dir\test_DiffValuesArrays.cpp.obj
[2023-04-03T16:06:34.907Z]     [24/584] Building CXX object test\lib\usd\utils\CMakeFiles\testDiffMetadatas.dir\main.cpp.obj
[2023-04-03T16:06:34.907Z]     [25/584] Building CXX object test\lib\usd\utils\CMakeFiles\testMergePrims.dir\main.cpp.obj
[2023-04-03T16:06:34.907Z]     [26/584] Building CXX object test\lib\usd\utils\CMakeFiles\testDiffComputeOverall.dir\main.cpp.obj
[2023-04-03T16:06:35.021Z]     [27/584] Building CXX object lib\mayaUsd\CMakeFiles\mayaUsd.dir\base\debugCodes.cpp.obj
[2023-04-03T16:06:35.335Z]     [28/584] Building CXX object lib\mayaUsd\CMakeFiles\mayaUsd.dir\base\tokens.cpp.obj
[2023-04-03T16:06:37.977Z]     [29/584] Building CXX object test\lib\usd\utils\CMakeFiles\testDiffAttributes.dir\test_DiffAttributes.cpp.obj
[2023-04-03T16:06:40.850Z]     [30/584] Building CXX object test\lib\usd\utils\CMakeFiles\testDiffMetadatas.dir\test_DiffMetadatas.cpp.obj
[2023-04-03T16:06:41.113Z]     [31/584] Building CXX object test\lib\usd\utils\CMakeFiles\testDiffRelationships.dir\test_DiffRelationships.cpp.obj
[2023-04-03T16:06:41.346Z]     [32/584] Building CXX object lib\mayaUsd\CMakeFiles\mayaUsd.dir\commands\baseListJobContextsCommand.cpp.obj
[2023-04-03T16:06:41.346Z]     [33/584] Building CXX object test\lib\usd\utils\CMakeFiles\testDiffComputeOverall.dir\test_DiffComputeOverall.cpp.obj
[2023-04-03T16:06:41.572Z]     [34/584] Building CXX object test\lib\usd\utils\CMakeFiles\testMergePrims.dir\test_MergePrims.cpp.obj
[2023-04-03T16:06:41.572Z]     [35/584] Building CXX object lib\mayaUsd\CMakeFiles\mayaUsd.dir\fileio\shaderWriter.cpp.obj
[2023-04-03T16:06:41.887Z]     [36/584] Building CXX object lib\mayaUsd\CMakeFiles\mayaUsd.dir\fileio\fallbackPrimReader.cpp.obj
[2023-04-03T16:06:41.887Z]     [37/584] Building CXX object lib\mayaUsd\CMakeFiles\mayaUsd.dir\commands\baseImportCommand.cpp.obj
[2023-04-03T16:06:41.887Z]     [38/584] Building CXX object lib\mayaUsd\CMakeFiles\mayaUsd.dir\fileio\shaderReaderRegistry.cpp.obj
[2023-04-03T16:06:42.199Z]     [39/584] Building CXX object lib\mayaUsd\CMakeFiles\mayaUsd.dir\commands\layerEditorWindowCommand.cpp.obj
[2023-04-03T16:06:42.519Z]     [40/584] Building CXX object lib\mayaUsd\CMakeFiles\mayaUsd.dir\fileio\functorPrimReader.cpp.obj
[2023-04-03T16:06:42.942Z]     [41/584] Building CXX object lib\mayaUsd\CMakeFiles\mayaUsd.dir\fileio\shaderReader.cpp.obj
[2023-04-03T16:06:43.269Z]     [42/584] Building CXX object lib\mayaUsd\CMakeFiles\mayaUsd.dir\commands\baseExportCommand.cpp.obj
[2023-04-03T16:06:43.494Z]     [43/584] Building CXX object lib\mayaUsd\CMakeFiles\mayaUsd.dir\fileio\shaderWriterRegistry.cpp.obj
[2023-04-03T16:06:44.123Z]     [44/584] Building CXX object lib\mayaUsd\CMakeFiles\mayaUsd.dir\fileio\transformWriter.cpp.obj
[2023-04-03T16:06:44.672Z]     [45/584] Building CXX object lib\mayaUsd\CMakeFiles\mayaUsd.dir\fileio\writeJobContext.cpp.obj
[2023-04-03T16:06:46.117Z]     [46/584] Building CXX object lib\mayaUsd\CMakeFiles\mayaUsd.dir\fileio\jobContextRegistry.cpp.obj
[2023-04-03T16:06:46.643Z]     [47/584] Building CXX object lib\mayaUsd\CMakeFiles\mayaUsd.dir\commands\layerEditorCommand.cpp.obj
[2023-04-03T16:06:47.875Z]     [48/584] Building CXX object lib\mayaUsd\CMakeFiles\mayaUsd.dir\commands\editTargetCommand.cpp.obj
[2023-04-03T16:06:49.009Z]     [49/584] Building CXX object lib\mayaUsd\CMakeFiles\mayaUsd.dir\fileio\primWriterContext.cpp.obj
[2023-04-03T16:06:49.248Z]     [50/584] Building CXX object lib\mayaUsd\CMakeFiles\mayaUsd.dir\fileio\functorPrimWriter.cpp.obj
[2023-04-03T16:06:49.249Z]     [51/584] Building CXX object lib\mayaUsd\CMakeFiles\mayaUsd.dir\fileio\primReader.cpp.obj
[2023-04-03T16:06:49.378Z]     [52/584] Building CXX object lib\mayaUsd\CMakeFiles\mayaUsd.dir\fileio\primReaderArgs.cpp.obj
[2023-04-03T16:06:49.597Z]     [53/584] Building CXX object lib\mayaUsd\CMakeFiles\mayaUsd.dir\fileio\importData.cpp.obj
[2023-04-03T16:06:50.140Z]     [54/584] Building CXX object lib\mayaUsd\CMakeFiles\mayaUsd.dir\fileio\instancedNodeWriter.cpp.obj
[2023-04-03T16:06:50.363Z]     [55/584] Building CXX object lib\mayaUsd\CMakeFiles\mayaUsd.dir\fileio\primReaderContext.cpp.obj
[2023-04-03T16:06:50.589Z]     [56/584] Building CXX object lib\mayaUsd\CMakeFiles\mayaUsd.dir\fileio\primWriterArgs.cpp.obj
[2023-04-03T16:06:50.589Z]     [57/584] Building CXX object lib\mayaUsd\CMakeFiles\mayaUsd.dir\fileio\primReaderRegistry.cpp.obj
[2023-04-03T16:06:51.013Z]     [58/584] Building CXX object lib\mayaUsd\CMakeFiles\mayaUsd.dir\commands\baseListShadingModesCommand.cpp.obj
[2023-04-03T16:06:51.013Z]     [59/584] Building CXX object lib\mayaUsd\CMakeFiles\mayaUsd.dir\fileio\primWriterRegistry.cpp.obj
[2023-04-03T16:06:51.540Z]     [60/584] Building CXX object lib\mayaUsd\CMakeFiles\mayaUsd.dir\fileio\schemaApiAdaptor.cpp.obj
[2023-04-03T16:06:51.668Z]     [61/584] Building CXX object lib\mayaUsd\CMakeFiles\mayaUsd.dir\fileio\chaser\exportChaser.cpp.obj
[2023-04-03T16:06:52.088Z]     [62/584] Building CXX object lib\mayaUsd\CMakeFiles\mayaUsd.dir\fileio\primWriter.cpp.obj
[2023-04-03T16:06:52.406Z]     [63/584] Building CXX object lib\mayaUsd\CMakeFiles\mayaUsd.dir\fileio\registryHelper.cpp.obj
[2023-04-03T16:06:53.644Z]     [64/584] Building CXX object lib\mayaUsd\CMakeFiles\mayaUsd.dir\fileio\schemaApiAdaptorRegistry.cpp.obj
[2023-04-03T16:06:56.720Z]     [65/584] Building CXX object lib\mayaUsd\CMakeFiles\mayaUsd.dir\fileio\translators\translatorMayaReference.cpp.obj
[2023-04-03T16:06:57.272Z]     [66/584] Building CXX object lib\mayaUsd\CMakeFiles\mayaUsd.dir\fileio\translators\translatorGprim.cpp.obj
[2023-04-03T16:06:57.605Z]     [67/584] Building CXX object lib\mayaUsd\CMakeFiles\mayaUsd.dir\fileio\translators\translatorMesh.cpp.obj
[2023-04-03T16:06:57.856Z]     [68/584] Building CXX object lib\mayaUsd\CMakeFiles\mayaUsd.dir\fileio\chaser\importChaser.cpp.obj
[2023-04-03T16:06:57.856Z]     [69/584] Building CXX object lib\mayaUsd\CMakeFiles\mayaUsd.dir\fileio\chaser\importChaserRegistry.cpp.obj
[2023-04-03T16:06:58.077Z]     [70/584] Building CXX object lib\mayaUsd\CMakeFiles\mayaUsd.dir\fileio\chaser\exportChaserRegistry.cpp.obj
[2023-04-03T16:06:58.301Z]     [71/584] Building CXX object lib\mayaUsd\CMakeFiles\mayaUsd.dir\fileio\translators\translatorCurves.cpp.obj
[2023-04-03T16:06:58.523Z]     [72/584] Building CXX object lib\mayaUsd\CMakeFiles\mayaUsd.dir\fileio\translators\translatorLight.cpp.obj
[2023-04-03T16:06:58.646Z]     [73/584] Building CXX object lib\mayaUsd\CMakeFiles\mayaUsd.dir\fileio\jobs\meshDataReadJob.cpp.obj
[2023-04-03T16:06:59.585Z]     [74/584] Building CXX object lib\mayaUsd\CMakeFiles\mayaUsd.dir\fileio\translators\translatorMaterial.cpp.obj
[2023-04-03T16:06:59.585Z]     [75/584] Building CXX object lib\mayaUsd\CMakeFiles\mayaUsd.dir\fileio\jobs\modelKindProcessor.cpp.obj
[2023-04-03T16:07:01.511Z]     [76/584] Building CXX object lib\mayaUsd\CMakeFiles\mayaUsd.dir\fileio\jobs\writeJob.cpp.obj
[2023-04-03T16:07:01.935Z]     [77/584] Building CXX object lib\mayaUsd\CMakeFiles\mayaUsd.dir\fileio\jobs\readJob.cpp.obj
[2023-04-03T16:07:02.059Z]     [78/584] Building CXX object lib\mayaUsd\CMakeFiles\mayaUsd.dir\fileio\shading\shadingModeDisplayColor.cpp.obj
[2023-04-03T16:07:02.583Z]     [79/584] Building CXX object lib\mayaUsd\CMakeFiles\mayaUsd.dir\fileio\jobs\jobArgs.cpp.obj
[2023-04-03T16:07:04.124Z]     [80/584] Building CXX object lib\mayaUsd\CMakeFiles\mayaUsd.dir\fileio\shading\shadingModeExporter.cpp.obj
[2023-04-03T16:07:05.455Z]     [81/584] Building CXX object lib\mayaUsd\CMakeFiles\mayaUsd.dir\fileio\shading\shadingModeImporter.cpp.obj
[2023-04-03T16:07:06.401Z]     [82/584] Building CXX object lib\mayaUsd\CMakeFiles\mayaUsd.dir\listeners\stageNoticeListener.cpp.obj
[2023-04-03T16:07:07.057Z]     [83/584] Building CXX object lib\mayaUsd\CMakeFiles\mayaUsd.dir\fileio\shading\symmetricShaderReader.cpp.obj
[2023-04-03T16:07:07.296Z]     [84/584] Building CXX object lib\mayaUsd\CMakeFiles\mayaUsd.dir\fileio\shading\symmetricShaderWriter.cpp.obj
[2023-04-03T16:07:07.753Z]     [85/584] Building CXX object lib\mayaUsd\CMakeFiles\mayaUsd.dir\fileio\translators\skelBindingsProcessor.cpp.obj
[2023-04-03T16:07:07.753Z]     [86/584] Building CXX object lib\mayaUsd\CMakeFiles\mayaUsd.dir\fileio\translators\translatorCamera.cpp.obj
[2023-04-03T16:07:07.871Z]     [87/584] Building CXX object lib\mayaUsd\CMakeFiles\mayaUsd.dir\fileio\shading\shadingModeRegistry.cpp.obj
[2023-04-03T16:07:08.511Z]     [88/584] Building CXX object lib\mayaUsd\CMakeFiles\mayaUsd.dir\fileio\shading\shadingModeUseRegistry.cpp.obj
[2023-04-03T16:07:08.511Z]     [89/584] Building CXX object lib\mayaUsd\CMakeFiles\mayaUsd.dir\nodes\hdImagingShape.cpp.obj
[2023-04-03T16:07:09.460Z]     [90/584] Building CXX object lib\mayaUsd\CMakeFiles\mayaUsd.dir\nodes\pointBasedDeformerNode.cpp.obj
[2023-04-03T16:07:09.882Z]     [91/584] Building CXX object lib\mayaUsd\CMakeFiles\mayaUsd.dir\fileio\shading\shadingModeExporterContext.cpp.obj
[2023-04-03T16:07:11.025Z]     [92/584] Building CXX object lib\mayaUsd\CMakeFiles\mayaUsd.dir\fileio\shading\shadingModePxrRis.cpp.obj
[2023-04-03T16:07:11.246Z]     [93/584] Building CXX object lib\mayaUsd\CMakeFiles\mayaUsd.dir\nodes\proxyAccessor.cpp.obj
[2023-04-03T16:07:13.293Z]     [94/584] Building CXX object lib\mayaUsd\CMakeFiles\mayaUsd.dir\nodes\proxyShapeBase.cpp.obj
[2023-04-03T16:07:14.540Z]     [95/584] Building CXX object lib\mayaUsd\CMakeFiles\mayaUsd.dir\nodes\proxyShapePlugin.cpp.obj
[2023-04-03T16:07:14.758Z]     [96/584] Building CXX object lib\mayaUsd\CMakeFiles\mayaUsd.dir\fileio\translators\translatorRfMLight_deprecated.cpp.obj
[2023-04-03T16:07:14.881Z]     [97/584] Building CXX object lib\mayaUsd\CMakeFiles\mayaUsd.dir\fileio\translators\translatorRfMLight.cpp.obj
[2023-04-03T16:07:15.973Z]     [98/584] Building CXX object lib\mayaUsd\CMakeFiles\mayaUsd.dir\fileio\translators\translatorPrim.cpp.obj
[2023-04-03T16:07:16.095Z]     [99/584] Building CXX object lib\mayaUsd\CMakeFiles\mayaUsd.dir\fileio\translators\translatorXformable_decompose.cpp.obj
[2023-04-03T16:07:16.217Z]     [100/584] Building CXX object lib\mayaUsd\CMakeFiles\mayaUsd.dir\fileio\utils\jointWriteUtils.cpp.obj
[2023-04-03T16:07:16.651Z]     [101/584] Building CXX object lib\mayaUsd\CMakeFiles\mayaUsd.dir\fileio\translators\translatorXformable.cpp.obj
[2023-04-03T16:07:16.976Z]     [102/584] Building CXX object lib\mayaUsd\CMakeFiles\mayaUsd.dir\fileio\translators\translatorNurbsPatch.cpp.obj
[2023-04-03T16:07:17.536Z]     [103/584] Building CXX object lib\mayaUsd\CMakeFiles\mayaUsd.dir\fileio\translators\translatorUtil.cpp.obj
[2023-04-03T16:07:17.774Z]     [104/584] Building CXX object lib\mayaUsd\CMakeFiles\mayaUsd.dir\fileio\translators\translatorSkel.cpp.obj
[2023-04-03T16:07:17.892Z]     [105/584] Building CXX object lib\mayaUsd\CMakeFiles\mayaUsd.dir\render\pxrUsdMayaGL\userData.cpp.obj
[2023-04-03T16:07:18.010Z]     [106/584] Building CXX object lib\mayaUsd\CMakeFiles\mayaUsd.dir\fileio\utils\meshReadUtils.cpp.obj
[2023-04-03T16:07:18.231Z]     [107/584] Building CXX object lib\mayaUsd\CMakeFiles\mayaUsd.dir\fileio\utils\adaptor.cpp.obj
[2023-04-03T16:07:18.595Z]     [108/584] Building CXX object lib\mayaUsd\CMakeFiles\mayaUsd.dir\render\vp2RenderDelegate\bboxGeom.cpp.obj
[2023-04-03T16:07:18.749Z]     [109/584] Building CXX object lib\mayaUsd\CMakeFiles\mayaUsd.dir\render\vp2RenderDelegate\debugCodes.cpp.obj
[2023-04-03T16:07:18.903Z]     [110/584] Building CXX object lib\mayaUsd\CMakeFiles\mayaUsd.dir\render\pxrUsdMayaGL\softSelectHelper.cpp.obj
[2023-04-03T16:07:19.954Z]     [111/584] Building CXX object lib\mayaUsd\CMakeFiles\mayaUsd.dir\fileio\utils\readUtil.cpp.obj
[2023-04-03T16:07:19.954Z]     [112/584] Building CXX object lib\mayaUsd\CMakeFiles\mayaUsd.dir\fileio\utils\meshWriteUtils.cpp.obj
[2023-04-03T16:07:20.474Z]     [113/584] Building CXX object lib\mayaUsd\CMakeFiles\mayaUsd.dir\fileio\utils\writeUtil.cpp.obj
[2023-04-03T16:07:21.096Z]     [114/584] Building CXX object lib\mayaUsd\CMakeFiles\mayaUsd.dir\listeners\notice.cpp.obj
[2023-04-03T16:07:21.416Z]     [115/584] Building CXX object lib\mayaUsd\CMakeFiles\mayaUsd.dir\render\pxrUsdMayaGL\debugCodes.cpp.obj
[2023-04-03T16:07:21.739Z]     [116/584] Building CXX object lib\mayaUsd\CMakeFiles\mayaUsd.dir\python\moduleDeps.cpp.obj
[2023-04-03T16:07:21.852Z]     [117/584] Building CXX object lib\mayaUsd\CMakeFiles\mayaUsd.dir\render\px_vp20\glslProgram.cpp.obj
[2023-04-03T16:07:22.680Z]     [118/584] Building CXX object lib\mayaUsd\CMakeFiles\mayaUsd.dir\fileio\utils\roundTripUtil.cpp.obj
[2023-04-03T16:07:24.251Z]     [119/584] Building CXX object lib\mayaUsd\CMakeFiles\mayaUsd.dir\fileio\utils\xformStack.cpp.obj
[2023-04-03T16:07:24.369Z]     [120/584] Building CXX object lib\mayaUsd\CMakeFiles\mayaUsd.dir\listeners\proxyShapeNotice.cpp.obj
[2023-04-03T16:07:24.585Z]     [121/584] Building CXX object lib\mayaUsd\CMakeFiles\mayaUsd.dir\nodes\stageData.cpp.obj
[2023-04-03T16:07:24.586Z]     [122/584] Building CXX object lib\mayaUsd\CMakeFiles\mayaUsd.dir\fileio\utils\userTaggedAttribute.cpp.obj
[2023-04-03T16:07:25.213Z]     [123/584] Building CXX object lib\mayaUsd\CMakeFiles\mayaUsd.dir\nodes\proxyShapeStageExtraData.cpp.obj
[2023-04-03T16:07:25.653Z]     [124/584] Building CXX object lib\mayaUsd\CMakeFiles\mayaUsd.dir\render\px_vp20\utils_legacy.cpp.obj
[2023-04-03T16:07:25.770Z]     [125/584] Building CXX object lib\mayaUsd\CMakeFiles\mayaUsd.dir\nodes\stageNode.cpp.obj
[2023-04-03T16:07:25.887Z]     [126/584] Building CXX object lib\mayaUsd\CMakeFiles\mayaUsd.dir\render\px_vp20\utils.cpp.obj
[2023-04-03T16:07:26.111Z]     [127/584] Building CXX object lib\mayaUsd\CMakeFiles\mayaUsd.dir\fileio\utils\shadingUtil.cpp.obj
[2023-04-03T16:07:26.741Z]     [128/584] Building CXX object lib\mayaUsd\CMakeFiles\mayaUsd.dir\nodes\usdPrimProvider.cpp.obj
[2023-04-03T16:07:27.162Z]     [129/584] Building CXX object lib\mayaUsd\CMakeFiles\mayaUsd.dir\nodes\proxyShapeUpdateManager.cpp.obj
[2023-04-03T16:07:28.713Z]     [130/584] Building CXX object lib\mayaUsd\CMakeFiles\mayaUsd.dir\render\pxrUsdMayaGL\usdProxyShapeAdapter.cpp.obj
[2023-04-03T16:07:30.673Z]     [131/584] Building CXX object lib\mayaUsd\CMakeFiles\mayaUsd.dir\render\pxrUsdMayaGL\batchRenderer.cpp.obj
[2023-04-03T16:07:30.787Z]     [132/584] Building CXX object lib\mayaUsd\CMakeFiles\mayaUsd.dir\render\vp2RenderDelegate\basisCurves.cpp.obj
[2023-04-03T16:07:30.903Z]     [133/584] Building CXX object lib\mayaUsd\CMakeFiles\mayaUsd.dir\render\vp2RenderDelegate\meshViewportCompute.cpp.obj
[2023-04-03T16:07:32.036Z]     [134/584] Building CXX object lib\mayaUsd\CMakeFiles\mayaUsd.dir\render\vp2RenderDelegate\extComputation.cpp.obj
[2023-04-03T16:07:33.095Z]     [135/584] Building CXX object lib\mayaUsd\CMakeFiles\mayaUsd.dir\render\pxrUsdMayaGL\proxyShapeDelegate.cpp.obj
[2023-04-03T16:07:33.518Z]     [136/584] Building CXX object lib\mayaUsd\CMakeFiles\mayaUsd.dir\render\pxrUsdMayaGL\instancerImager.cpp.obj
[2023-04-03T16:07:33.518Z]     [137/584] Building CXX object lib\mayaUsd\CMakeFiles\mayaUsd.dir\render\pxrUsdMayaGL\sceneDelegate.cpp.obj
[2023-04-03T16:07:33.973Z]     [138/584] Building CXX object lib\mayaUsd\CMakeFiles\mayaUsd.dir\render\pxrUsdMayaGL\hdImagingShapeUI.cpp.obj
[2023-04-03T16:07:34.296Z]     [139/584] Building CXX object lib\mayaUsd\CMakeFiles\mayaUsd.dir\render\pxrUsdMayaGL\shapeAdapter.cpp.obj
[2023-04-03T16:07:34.634Z]     [140/584] Building CXX object lib\mayaUsd\CMakeFiles\mayaUsd.dir\render\vp2RenderDelegate\draw_item.cpp.obj
[2023-04-03T16:07:34.858Z]     [141/584] Building CXX object lib\mayaUsd\CMakeFiles\mayaUsd.dir\render\pxrUsdMayaGL\hdImagingShapeDrawOverride.cpp.obj
[2023-04-03T16:07:34.982Z]     [142/584] Building CXX object lib\mayaUsd\CMakeFiles\mayaUsd.dir\render\vp2RenderDelegate\instancer.cpp.obj
[2023-04-03T16:07:35.123Z]     [143/584] Building CXX object lib\mayaUsd\CMakeFiles\mayaUsd.dir\render\vp2RenderDelegate\tokens.cpp.obj
[2023-04-03T16:07:35.360Z]     [144/584] Building CXX object lib\mayaUsd\CMakeFiles\mayaUsd.dir\undo\OpUndoItemRecorder.cpp.obj
[2023-04-03T16:07:35.487Z]     [145/584] Building CXX object lib\mayaUsd\CMakeFiles\mayaUsd.dir\render\pxrUsdMayaGL\proxyDrawOverride.cpp.obj
[2023-04-03T16:07:35.604Z]     [146/584] Building CXX object lib\mayaUsd\CMakeFiles\mayaUsd.dir\render\pxrUsdMayaGL\instancerShapeAdapter.cpp.obj
[2023-04-03T16:07:35.821Z]     [147/584] Building CXX object lib\mayaUsd\CMakeFiles\mayaUsd.dir\render\pxrUsdMayaGL\proxyShapeUI.cpp.obj
[2023-04-03T16:07:36.345Z]     [148/584] Building CXX object lib\mayaUsd\CMakeFiles\mayaUsd.dir\render\vp2RenderDelegate\shader.cpp.obj
[2023-04-03T16:07:36.668Z]     [149/584] Building CXX object lib\mayaUsd\CMakeFiles\mayaUsd.dir\undo\UsdUndoableItem.cpp.obj
[2023-04-03T16:07:37.337Z]     [150/584] Building CXX object lib\mayaUsd\CMakeFiles\mayaUsd.dir\utils\colorSpace.cpp.obj
[2023-04-03T16:07:37.457Z]     [151/584] Building CXX object lib\mayaUsd\CMakeFiles\mayaUsd.dir\render\vp2ShaderFragments\shaderFragments.cpp.obj
[2023-04-03T16:07:37.599Z]     [152/584] Building CXX object lib\mayaUsd\CMakeFiles\mayaUsd.dir\undo\OpUndoItemList.cpp.obj
[2023-04-03T16:07:38.127Z]     [153/584] Building CXX object lib\mayaUsd\CMakeFiles\mayaUsd.dir\utils\dynamicAttribute.cpp.obj
[2023-04-03T16:07:38.255Z]     [154/584] Building CXX object lib\mayaUsd\CMakeFiles\mayaUsd.dir\utils\blockSceneModificationContext.cpp.obj
[2023-04-03T16:07:38.781Z]     [155/584] Building CXX object lib\mayaUsd\CMakeFiles\mayaUsd.dir\render\vp2RenderDelegate\render_param.cpp.obj
[2023-04-03T16:07:39.001Z]     [156/584] Building CXX object lib\mayaUsd\CMakeFiles\mayaUsd.dir\render\vp2RenderDelegate\material.cpp.obj
[2023-04-03T16:07:39.121Z]     [157/584] Building CXX object lib\mayaUsd\CMakeFiles\mayaUsd.dir\render\vp2RenderDelegate\sampler.cpp.obj
[2023-04-03T16:07:39.772Z]     [158/584] Building CXX object lib\mayaUsd\CMakeFiles\mayaUsd.dir\render\vp2RenderDelegate\mayaPrimCommon.cpp.obj
[2023-04-03T16:07:40.296Z]     [159/584] Building CXX object lib\mayaUsd\CMakeFiles\mayaUsd.dir\utils\diagnosticDelegate.cpp.obj
[2023-04-03T16:07:41.935Z]     [160/584] Building CXX object lib\mayaUsd\CMakeFiles\mayaUsd.dir\undo\UsdUndoBlock.cpp.obj
[2023-04-03T16:07:42.878Z]     [161/584] Building CXX object lib\mayaUsd\CMakeFiles\mayaUsd.dir\utils\customLayerData.cpp.obj
[2023-04-03T16:07:43.099Z]     [162/584] Building CXX object lib\mayaUsd\CMakeFiles\mayaUsd.dir\render\vp2RenderDelegate\render_delegate.cpp.obj
[2023-04-03T16:07:43.573Z]     [163/584] Building CXX object lib\mayaUsd\CMakeFiles\mayaUsd.dir\undo\UsdUndoManager.cpp.obj
[2023-04-03T16:07:44.127Z]     [164/584] Building CXX object lib\mayaUsd\CMakeFiles\mayaUsd.dir\utils\progressBarScope.cpp.obj
[2023-04-03T16:07:44.127Z]     [165/584] Building CXX object lib\mayaUsd\CMakeFiles\mayaUsd.dir\undo\OpUndoItems.cpp.obj
[2023-04-03T16:07:44.458Z]     [166/584] Building CXX object lib\mayaUsd\CMakeFiles\mayaUsd.dir\undo\UsdUndoStateDelegate.cpp.obj
[2023-04-03T16:07:44.576Z]     [167/584] Building CXX object lib\mayaUsd\CMakeFiles\mayaUsd.dir\render\vp2RenderDelegate\points.cpp.obj
[2023-04-03T16:07:44.803Z]     [168/584] Building CXX object lib\mayaUsd\CMakeFiles\mayaUsd.dir\render\vp2RenderDelegate\proxyRenderDelegate.cpp.obj
[2023-04-03T16:07:44.921Z]     [169/584] Building CXX object lib\mayaUsd\CMakeFiles\mayaUsd.dir\render\vp2RenderDelegate\mesh.cpp.obj
[2023-04-03T16:07:45.353Z]     [170/584] Building CXX object lib\mayaUsd\CMakeFiles\mayaUsd.dir\utils\layerMuting.cpp.obj
[2023-04-03T16:07:45.695Z]     [171/584] Building CXX object lib\mayaUsd\CMakeFiles\mayaUsd.dir\utils\plugRegistryHelper.cpp.obj
[2023-04-03T16:07:45.813Z]     [172/584] Building CXX object lib\mayaUsd\CMakeFiles\mayaUsd.dir\utils\editability.cpp.obj
[2023-04-03T16:07:46.543Z]     [173/584] Building CXX object lib\mayaUsd\CMakeFiles\mayaUsd.dir\utils\layers.cpp.obj
[2023-04-03T16:07:46.765Z]     [174/584] Building CXX object lib\mayaUsd\CMakeFiles\mayaUsd.dir\utils\converter.cpp.obj
[2023-04-03T16:07:48.094Z]     [175/584] Building CXX object lib\mayaUsd\CMakeFiles\mayaUsd.dir\utils\loadRulesText.cpp.obj
[2023-04-03T16:07:48.627Z]     [176/584] Building CXX object test\lib\usd\plugin\CMakeFiles\usdTestMayaPlugin.dir\plugin.cpp.obj
[2023-04-03T16:07:48.952Z]     [177/584] Building CXX object lib\mayaUsd\CMakeFiles\mayaUsd.dir\utils\loadRules.cpp.obj
[2023-04-03T16:07:50.004Z]     [178/584] Building CXX object lib\mayaUsd\CMakeFiles\mayaUsd.dir\utils\traverseLayer.cpp.obj
[2023-04-03T16:07:50.122Z]     [179/584] Building CXX object lib\mayaUsd\CMakeFiles\mayaUsd.dir\utils\editRouter.cpp.obj
[2023-04-03T16:07:50.541Z]     [180/584] Building CXX object test\lib\usd\plugin\CMakeFiles\usdTestInfoImportChaser.dir\plugin.cpp.obj
[2023-04-03T16:07:50.656Z]     [181/584] Building CXX object test\lib\usd\plugin\CMakeFiles\usdTestApiWriter.dir\plugin.cpp.obj
[2023-04-03T16:07:51.618Z]     [182/584] Building CXX object lib\mayaUsd\CMakeFiles\mayaUsd.dir\utils\selectability.cpp.obj
[2023-04-03T16:07:51.913Z]     [183/584] Building CXX object lib\mayaUsd\CMakeFiles\mayaUsd.dir\utils\loadRulesAttribute.cpp.obj
[2023-04-03T16:07:51.913Z]     [184/584] Building CXX object lib\mayaUsd\CMakeFiles\mayaUsd.dir\utils\stageCache.cpp.obj
[2023-04-03T16:07:51.913Z]     [185/584] Building CXX object lib\mayaUsd\CMakeFiles\mayaUsd.dir\utils\query.cpp.obj
[2023-04-03T16:07:52.043Z]     [186/584] Building CXX object lib\mayaUsd\CMakeFiles\mayaUsd.dir\utils\utilDictionary.cpp.obj
[2023-04-03T16:07:52.043Z]     [187/584] Building CXX object lib\mayaUsd\CMakeFiles\mayaUsd.dir\utils\targetLayer.cpp.obj
[2023-04-03T16:07:52.043Z]     [188/584] Building CXX object plugin\al\utils\AL\CMakeFiles\AL_EventSystem.dir\event\EventHandler.cpp.obj
[2023-04-03T16:07:52.466Z]     [189/584] Building CXX object lib\mayaUsd\CMakeFiles\mayaUsd.dir\utils\undoHelperCommand.cpp.obj
[2023-04-03T16:07:52.600Z]     [190/584] Building CXX object lib\mayaUsd\CMakeFiles\mayaUsd.dir\utils\utilFileSystem.cpp.obj
[2023-04-03T16:07:52.600Z]     [191/584] Building CXX object lib\mayaUsd\CMakeFiles\mayaUsd.dir\utils\variants.cpp.obj
[2023-04-03T16:07:52.600Z]     [192/584] Linking CXX shared library plugin\al\utils\AL\AL_EventSystem.dll
[2023-04-03T16:07:52.600Z]     [193/584] Building CXX object plugin\al\mayautils\AL\maya\CMakeFiles\AL_MayaUtils.dir\utils\Utils.cpp.obj
[2023-04-03T16:07:53.073Z]     [194/584] Building CXX object plugin\al\mayautils\AL\maya\CMakeFiles\AL_MayaUtils.dir\utils\MenuBuilder.cpp.obj
[2023-04-03T16:07:53.073Z]     [195/584] Building CXX object plugin\al\mayautils\AL\maya\CMakeFiles\AL_MayaUtils.dir\utils\FileTranslatorOptions.cpp.obj
[2023-04-03T16:07:53.200Z]     [196/584] Building CXX object plugin\al\mayatest\AL\maya\test\CMakeFiles\AL_MayaTest.dir\testHarness.cpp.obj
[2023-04-03T16:07:53.315Z]     [197/584] Building CXX object plugin\al\mayautils\AL\maya\CMakeFiles\AL_MayaUtils.dir\utils\NodeHelper.cpp.obj
[2023-04-03T16:07:53.659Z]     [198/584] Building CXX object plugin\al\mayatest\AL\maya\test\CMakeFiles\AL_MayaTest.dir\testHelpers.cpp.obj
[2023-04-03T16:07:53.659Z]     [199/584] Building CXX object plugin\al\mayautils\AL\maya\CMakeFiles\AL_MayaUtils.dir\utils\PluginTranslatorOptions.cpp.obj
[2023-04-03T16:07:53.775Z]     [200/584] Building CXX object plugin\al\mayautils\AL\maya\tests\mayaplugintest\CMakeFiles\AL_MayaUtilsTests.dir\plugin.cpp.obj
[2023-04-03T16:07:53.901Z]     [201/584] Building CXX object plugin\al\mayautils\AL\maya\tests\mayaplugintest\CMakeFiles\AL_MayaUtilsTests.dir\utils\CommandGuiHelperTest.cpp.obj
[2023-04-03T16:07:53.901Z]     [202/584] Building CXX object plugin\al\mayautils\AL\maya\CMakeFiles\AL_MayaUtils.dir\event\MayaEventManager.cpp.obj
[2023-04-03T16:07:54.123Z]     [203/584] Building CXX object plugin\al\mayautils\AL\maya\CMakeFiles\AL_MayaUtils.dir\utils\CommandGuiHelper.cpp.obj
[2023-04-03T16:07:54.779Z]     [204/584] Building CXX object plugin\al\mayautils\AL\maya\tests\mayaplugintest\CMakeFiles\AL_MayaUtilsTests.dir\test_maya_MenuBuilder.cpp.obj
[2023-04-03T16:07:54.779Z]     [205/584] Linking CXX shared library plugin\al\mayatest\AL\maya\test\AL_MayaTest.dll
[2023-04-03T16:07:54.779Z]     [206/584] Building CXX object plugin\al\mayautils\AL\maya\tests\mayaplugintest\CMakeFiles\AL_MayaUtilsTests.dir\utils\NodeHelperUnitTest.cpp.obj
[2023-04-03T16:07:55.341Z]     [207/584] Building CXX object plugin\al\mayautils\AL\maya\tests\mayaplugintest\CMakeFiles\AL_MayaUtilsTests.dir\test_mobjectmap.cpp.obj
[2023-04-03T16:07:55.472Z]     [208/584] Building CXX object plugin\al\mayautils\AL\maya\tests\mayaplugintest\CMakeFiles\AL_MayaUtilsTests.dir\utils\PluginTranslatorOptionsTest.cpp.obj
[2023-04-03T16:07:56.010Z]     [209/584] Building CXX object plugin\al\mayautils\AL\maya\tests\mayaplugintest\CMakeFiles\AL_MayaUtilsTests.dir\test_maya_NodeHelper.cpp.obj
[2023-04-03T16:07:56.130Z]     [210/584] Building CXX object lib\mayaUsd\CMakeFiles\mayaUsd.dir\utils\util.cpp.obj
[2023-04-03T16:07:56.760Z]     [211/584] Building CXX object test\lib\usd\plugin\CMakeFiles\usdTestMayaPlugin.dir\mayaShaderTranslation.cpp.obj
[2023-04-03T16:07:57.393Z]     [212/584] Building CXX object test\lib\usd\plugin\CMakeFiles\usdTestUsdPlugin.dir\mayaShaderTranslation.cpp.obj
[2023-04-03T16:07:57.611Z]     [213/584] Building CXX object lib\mayaUsd\CMakeFiles\mayaUsd.dir\utils\utilSerialization.cpp.obj
[2023-04-03T16:07:57.829Z]     [214/584] Building CXX object plugin\al\usdtransaction\AL\usd\transaction\CMakeFiles\_AL_USDTransaction.dir\module.cpp.obj
[2023-04-03T16:07:58.759Z]     [215/584] Building CXX object test\lib\usd\plugin\CMakeFiles\usdTestInfoImportChaser.dir\infoImportChaser.cpp.obj
[2023-04-03T16:07:59.689Z]     [216/584] Building CXX object plugin\al\usdtransaction\AL\usd\transaction\tests\CMakeFiles\AL_USDTransactionTests.dir\testMain.cpp.obj
[2023-04-03T16:08:00.421Z]     [217/584] Building CXX object test\lib\usd\plugin\CMakeFiles\usdTestApiWriter.dir\nullApiExporter.cpp.obj
[2023-04-03T16:08:01.469Z]     [218/584] Building CXX object plugin\al\usdmayautils\AL\usdmaya\utils\CMakeFiles\AL_USDMayaUtils.dir\AttributeType.cpp.obj
[2023-04-03T16:08:01.616Z]     [219/584] Building CXX object plugin\al\usdtransaction\AL\usd\transaction\CMakeFiles\AL_USDTransaction.dir\Transaction.cpp.obj
[2023-04-03T16:08:02.070Z]     [220/584] Building CXX object plugin\al\usdtransaction\AL\usd\transaction\CMakeFiles\AL_USDTransaction.dir\TransactionManager.cpp.obj
[2023-04-03T16:08:02.070Z]     [221/584] Building CXX object plugin\al\usdtransaction\AL\usd\transaction\CMakeFiles\AL_USDTransaction.dir\Notice.cpp.obj
[2023-04-03T16:08:02.206Z]     [222/584] Building CXX object plugin\al\usdmayautils\AL\usdmaya\utils\CMakeFiles\AL_USDMayaUtils.dir\AnimationTranslator.cpp.obj
[2023-04-03T16:08:02.206Z]     [223/584] Building CXX object plugin\al\usdmayautils\AL\usdmaya\utils\CMakeFiles\AL_USDMayaUtils.dir\Utils.cpp.obj
[2023-04-03T16:08:02.642Z]     [224/584] Building CXX object plugin\al\usdmayautils\AL\usdmaya\utils\CMakeFiles\AL_USDMayaUtils.dir\NurbsCurveUtils.cpp.obj
[2023-04-03T16:08:02.759Z]     [225/584] Linking CXX shared library plugin\al\usdtransaction\AL\usd\transaction\AL_USDTransaction.dll
[2023-04-03T16:08:03.402Z]     [226/584] Building CXX object plugin\al\usdmayautils\AL\usdmaya\utils\CMakeFiles\AL_USDMayaUtils.dir\MeshUtils.cpp.obj
[2023-04-03T16:08:03.564Z]     [227/584] Building CXX object plugin\al\lib\AL_USDMaya\CMakeFiles\AL_USDMaya.dir\AL\usdmaya\DebugCodes.cpp.obj
[2023-04-03T16:08:04.036Z]     [228/584] Building CXX object plugin\al\usdmayautils\AL\usdmaya\utils\CMakeFiles\AL_USDMayaUtils.dir\DiffPrimVar.cpp.obj
[2023-04-03T16:08:04.376Z]     [229/584] Building CXX object plugin\al\usdtransaction\AL\usd\transaction\CMakeFiles\_AL_USDTransaction.dir\wrapNotice.cpp.obj
[2023-04-03T16:08:04.700Z]     [230/584] Building CXX object plugin\al\usdtransaction\AL\usd\transaction\tests\CMakeFiles\AL_USDTransactionTests.dir\testTransactionManager.cpp.obj
[2023-04-03T16:08:05.220Z]     [231/584] Building CXX object plugin\al\usdmayautils\AL\usdmaya\utils\CMakeFiles\AL_USDMayaUtils.dir\DgNodeHelper.cpp.obj
[2023-04-03T16:08:05.220Z]     [232/584] Building CXX object plugin\al\usdtransaction\AL\usd\transaction\CMakeFiles\_AL_USDTransaction.dir\wrapTransactionManager.cpp.obj
[2023-04-03T16:08:05.220Z]     [233/584] Building CXX object plugin\al\lib\AL_USDMaya\CMakeFiles\AL_USDMaya.dir\AL\usdmaya\Metadata.cpp.obj
[2023-04-03T16:08:05.954Z]     [234/584] Building CXX object plugin\al\usdtransaction\AL\usd\transaction\CMakeFiles\_AL_USDTransaction.dir\wrapTransaction.cpp.obj
[2023-04-03T16:08:06.573Z]     [235/584] Linking CXX shared library plugin\al\usdtransaction\AL\usd\transaction\_AL_USDTransaction.pyd
[2023-04-03T16:08:06.789Z]     [236/584] Building CXX object plugin\al\lib\AL_USDMaya\CMakeFiles\AL_USDMaya.dir\AL\usdmaya\cmds\EventCommand.cpp.obj
[2023-04-03T16:08:06.789Z]     [237/584] Building CXX object plugin\al\lib\AL_USDMaya\CMakeFiles\AL_USDMaya.dir\AL\usdmaya\StageCache.cpp.obj
[2023-04-03T16:08:07.410Z]     [238/584] Building CXX object plugin\al\lib\AL_USDMaya\CMakeFiles\AL_USDMaya.dir\AL\usdmaya\moduleDeps.cpp.obj
[2023-04-03T16:08:07.629Z]     [239/584] Building CXX object plugin\al\lib\AL_USDMaya\CMakeFiles\AL_USDMaya.dir\AL\usdmaya\cmds\DebugCommands.cpp.obj
[2023-04-03T16:08:07.947Z]     [240/584] Building CXX object plugin\al\lib\AL_USDMaya\CMakeFiles\AL_USDMaya.dir\AL\usdmaya\cmds\SyncFileIOGui.cpp.obj
[2023-04-03T16:08:08.581Z]     [241/584] Building CXX object plugin\al\usdtransaction\AL\usd\transaction\tests\CMakeFiles\AL_USDTransactionTests.dir\testTransaction.cpp.obj
[2023-04-03T16:08:08.802Z]     [242/584] Building CXX object plugin\al\lib\AL_USDMaya\CMakeFiles\AL_USDMaya.dir\AL\usdmaya\cmds\RendererCommands.cpp.obj
[2023-04-03T16:08:09.120Z]     [243/584] Linking CXX executable plugin\al\usdtransaction\AL\usd\transaction\tests\AL_USDTransactionTests.exe
[2023-04-03T16:08:10.055Z]     [244/584] Building CXX object plugin\al\lib\AL_USDMaya\CMakeFiles\AL_USDMaya.dir\AL\usdmaya\TransformOperation.cpp.obj
[2023-04-03T16:08:10.779Z]     [245/584] Building CXX object plugin\al\plugin\AL_USDMayaTestPlugin\CMakeFiles\AL_USDMayaTestPlugin.dir\AL\usdmaya\fileio\export_ik.cpp.obj
[2023-04-03T16:08:10.996Z]     [246/584] Building CXX object plugin\al\plugin\AL_USDMayaTestPlugin\CMakeFiles\AL_USDMayaTestPlugin.dir\AL\usdmaya\fileio\export_misc.cpp.obj
[2023-04-03T16:08:11.628Z]     [247/584] Building CXX object plugin\al\plugin\AL_USDMayaTestPlugin\CMakeFiles\AL_USDMayaTestPlugin.dir\AL\usdmaya\fileio\export_blendshape.cpp.obj
[2023-04-03T16:08:11.745Z]     [248/584] Building CXX object plugin\al\plugin\AL_USDMayaTestPlugin\CMakeFiles\AL_USDMayaTestPlugin.dir\AL\usdmaya\fileio\export_constraints.cpp.obj
[2023-04-03T16:08:12.075Z]     [249/584] Building CXX object plugin\al\lib\AL_USDMaya\CMakeFiles\AL_USDMaya.dir\AL\usdmaya\cmds\CreateUsdPrim.cpp.obj
[2023-04-03T16:08:12.292Z]     [250/584] Building CXX object plugin\al\lib\AL_USDMaya\CMakeFiles\AL_USDMaya.dir\AL\usdmaya\Global.cpp.obj
[2023-04-03T16:08:12.620Z]     [251/584] Building CXX object plugin\al\plugin\AL_USDMayaTestPlugin\CMakeFiles\AL_USDMayaTestPlugin.dir\AL\usdmaya\fileio\export_import_instancing.cpp.obj
[2023-04-03T16:08:12.740Z]     [252/584] Building CXX object plugin\al\lib\AL_USDMaya\CMakeFiles\AL_USDMaya.dir\AL\usdmaya\cmds\ListTranslators.cpp.obj
[2023-04-03T16:08:13.675Z]     [253/584] Building CXX object plugin\al\lib\AL_USDMaya\CMakeFiles\AL_USDMaya.dir\AL\usdmaya\cmds\LayerCommands.cpp.obj
[2023-04-03T16:08:15.432Z]     [254/584] Building CXX object plugin\al\lib\AL_USDMaya\CMakeFiles\AL_USDMaya.dir\AL\usdmaya\cmds\UnloadPrim.cpp.obj
[2023-04-03T16:08:15.754Z]     [255/584] Building CXX object plugin\al\lib\AL_USDMaya\CMakeFiles\AL_USDMaya.dir\AL\usdmaya\cmds\ProxyShapeCommands.cpp.obj
[2023-04-03T16:08:16.175Z]     [256/584] Building CXX object plugin\al\lib\AL_USDMaya\CMakeFiles\AL_USDMaya.dir\AL\usdmaya\fileio\AnimationTranslator.cpp.obj
[2023-04-03T16:08:16.392Z]     [257/584] Building CXX object plugin\al\lib\AL_USDMaya\CMakeFiles\AL_USDMaya.dir\AL\usdmaya\cmds\ProxyShapePostLoadProcess.cpp.obj
[2023-04-03T16:08:16.917Z]     [258/584] Building CXX object plugin\al\lib\AL_USDMaya\CMakeFiles\AL_USDMaya.dir\AL\usdmaya\fileio\ImportTranslator.cpp.obj
[2023-04-03T16:08:17.661Z]     [259/584] Building CXX object plugin\al\lib\AL_USDMaya\CMakeFiles\AL_USDMaya.dir\AL\usdmaya\fileio\ExportTranslator.cpp.obj
[2023-04-03T16:08:18.283Z]     [260/584] Building CXX object plugin\al\lib\AL_USDMaya\CMakeFiles\AL_USDMaya.dir\AL\usdmaya\fileio\SchemaPrims.cpp.obj
[2023-04-03T16:08:18.712Z]     [261/584] Building CXX object plugin\al\lib\AL_USDMaya\CMakeFiles\AL_USDMaya.dir\AL\usdmaya\fileio\NodeFactory.cpp.obj
[2023-04-03T16:08:19.562Z]     [262/584] Building CXX object plugin\al\lib\AL_USDMaya\CMakeFiles\AL_USDMaya.dir\AL\usdmaya\fileio\translators\TranslatorBase.cpp.obj
[2023-04-03T16:08:19.563Z]     [263/584] Building CXX object plugin\al\lib\AL_USDMaya\CMakeFiles\AL_USDMaya.dir\AL\usdmaya\nodes\Layer.cpp.obj
[2023-04-03T16:08:19.885Z]     [264/584] Building CXX object plugin\al\lib\AL_USDMaya\CMakeFiles\AL_USDMaya.dir\AL\usdmaya\fileio\Import.cpp.obj
[2023-04-03T16:08:20.410Z]     [265/584] Building CXX object plugin\al\lib\AL_USDMaya\CMakeFiles\AL_USDMaya.dir\AL\usdmaya\fileio\TransformIterator.cpp.obj
[2023-04-03T16:08:21.059Z]     [266/584] Building CXX object plugin\al\lib\AL_USDMaya\CMakeFiles\AL_USDMaya.dir\AL\usdmaya\fileio\translators\TranslatorTestPlugin.cpp.obj
[2023-04-03T16:08:21.480Z]     [267/584] Building CXX object plugin\al\lib\AL_USDMaya\CMakeFiles\AL_USDMaya.dir\AL\usdmaya\fileio\Export.cpp.obj
[2023-04-03T16:08:21.597Z]     [268/584] Building CXX object plugin\al\lib\AL_USDMaya\CMakeFiles\AL_USDMaya.dir\AL\usdmaya\fileio\translators\DagNodeTranslator.cpp.obj
[2023-04-03T16:08:22.323Z]     [269/584] Building CXX object plugin\al\lib\AL_USDMaya\CMakeFiles\AL_USDMaya.dir\AL\usdmaya\fileio\translators\DgNodeTranslator.cpp.obj
[2023-04-03T16:08:23.572Z]     [270/584] Building CXX object plugin\al\lib\AL_USDMaya\CMakeFiles\AL_USDMaya.dir\AL\usdmaya\fileio\translators\TransformTranslator.cpp.obj
[2023-04-03T16:08:23.800Z]     [271/584] Building CXX object plugin\al\lib\AL_USDMaya\CMakeFiles\AL_USDMaya.dir\AL\usdmaya\fileio\translators\TranslatorTestType.cpp.obj
[2023-04-03T16:08:24.021Z]     [272/584] Building CXX object plugin\al\lib\AL_USDMaya\CMakeFiles\AL_USDMaya.dir\AL\usdmaya\fileio\translators\TestExtraDataPlugin.cpp.obj
[2023-04-03T16:08:24.558Z]     [273/584] Building CXX object plugin\al\lib\AL_USDMaya\CMakeFiles\AL_USDMaya.dir\AL\usdmaya\fileio\translators\ExtraDataPlugin.cpp.obj
[2023-04-03T16:08:25.083Z]     [274/584] Building CXX object plugin\al\lib\AL_USDMaya\CMakeFiles\AL_USDMaya.dir\AL\usdmaya\fileio\translators\TranslatorContext.cpp.obj
[2023-04-03T16:08:26.424Z]     [275/584] Building CXX object plugin\al\lib\AL_USDMaya\CMakeFiles\AL_USDMaya.dir\AL\usdmaya\nodes\LayerManager.cpp.obj
[2023-04-03T16:08:26.424Z]     [276/584] Building CXX object plugin\al\lib\AL_USDMaya\CMakeFiles\AL_USDMaya.dir\AL\usdmaya\nodes\MeshAnimCreator.cpp.obj
[2023-04-03T16:08:27.752Z]     [277/584] Building CXX object plugin\al\lib\AL_USDMaya\CMakeFiles\AL_USDMaya.dir\AL\usdmaya\nodes\MeshAnimDeformer.cpp.obj
[2023-04-03T16:08:28.379Z]     [278/584] Building CXX object plugin\al\lib\AL_USDMaya\CMakeFiles\AL_USDMaya.dir\AL\usdmaya\nodes\Transform.cpp.obj
[2023-04-03T16:08:28.601Z]     [279/584] Building CXX object plugin\al\lib\AL_USDMaya\CMakeFiles\_AL_USDMaya.dir\AL\usdmaya\module.cpp.obj
[2023-04-03T16:08:29.641Z]     [280/584] Building CXX object plugin\al\lib\AL_USDMaya\CMakeFiles\AL_USDMaya.dir\AL\usdmaya\nodes\Scope.cpp.obj
[2023-04-03T16:08:29.969Z]     [281/584] Building CXX object plugin\al\lib\AL_USDMaya\CMakeFiles\AL_USDMaya.dir\AL\usdmaya\nodes\ProxyUsdGeomCamera.cpp.obj
[2023-04-03T16:08:30.088Z]     [282/584] Building CXX object plugin\al\lib\AL_USDMaya\CMakeFiles\AL_USDMaya.dir\AL\usdmaya\nodes\proxy\PrimFilter.cpp.obj
[2023-04-03T16:08:30.513Z]     [283/584] Building CXX object plugin\al\lib\AL_USDMaya\CMakeFiles\AL_USDMaya.dir\AL\usdmaya\nodes\Engine.cpp.obj
[2023-04-03T16:08:31.147Z]     [284/584] Building CXX object plugin\al\lib\AL_USDMaya\CMakeFiles\AL_USDMaya.dir\AL\usdmaya\nodes\RendererManager.cpp.obj
[2023-04-03T16:08:31.368Z]     [285/584] Building CXX object plugin\al\lib\AL_USDMaya\CMakeFiles\AL_USDMaya.dir\AL\usdmaya\nodes\ProxyShapeSelection.cpp.obj
[2023-04-03T16:08:31.591Z]     [286/584] Building CXX object plugin\al\lib\AL_USDMaya\CMakeFiles\AL_USDMaya.dir\AL\usdmaya\nodes\ProxyShape.cpp.obj
[2023-04-03T16:08:32.623Z]     [287/584] Building CXX object plugin\al\lib\AL_USDMaya\CMakeFiles\AL_USDMaya.dir\AL\usdmaya\nodes\BasicTransformationMatrix.cpp.obj
[2023-04-03T16:08:32.623Z]     [288/584] Building CXX object plugin\al\lib\AL_USDMaya\CMakeFiles\AL_USDMaya.dir\AL\usdmaya\nodes\proxy\ProxyShapeVariantFallbacks.cpp.obj
[2023-04-03T16:08:33.456Z]     [289/584] Building CXX object plugin\al\plugin\AL_USDMayaTestPlugin\CMakeFiles\AL_USDMayaTestPlugin.dir\AL\usdmaya\fileio\export_lattice.cpp.obj
[2023-04-03T16:08:33.678Z]     [290/584] Building CXX object plugin\al\lib\AL_USDMaya\CMakeFiles\AL_USDMaya.dir\AL\usdmaya\nodes\proxy\ProxyShapeMetaData.cpp.obj
[2023-04-03T16:08:34.314Z]     [291/584] Building CXX object plugin\al\lib\AL_USDMaya\CMakeFiles\AL_USDMaya.dir\AL\usdmaya\nodes\TransformationMatrix.cpp.obj
[2023-04-03T16:08:34.314Z]     [292/584] Building CXX object plugin\al\plugin\AL_USDMayaTestPlugin\CMakeFiles\AL_USDMayaTestPlugin.dir\AL\maya\test_EventHandler.cpp.obj
[2023-04-03T16:08:34.536Z]     [293/584] Building CXX object plugin\al\lib\AL_USDMaya\CMakeFiles\_AL_USDMaya.dir\AL\usdmaya\wrapStageCache.cpp.obj
[2023-04-03T16:08:35.872Z]     [294/584] Building CXX object plugin\al\lib\AL_USDMaya\CMakeFiles\_AL_USDMaya.dir\AL\usdmaya\nodes\wrapLayerManager.cpp.obj
[2023-04-03T16:08:37.322Z]     [295/584] Building CXX object plugin\al\lib\AL_USDMaya\CMakeFiles\_AL_USDMaya.dir\AL\usdmaya\nodes\wrapProxyShape.cpp.obj
[2023-04-03T16:08:37.761Z]     [296/584] Building CXX object lib\mayaUsd\python\CMakeFiles\_mayaUsd.dir\wrapBlockSceneModificationContext.cpp.obj
[2023-04-03T16:08:37.978Z]     [297/584] Building CXX object lib\mayaUsd\python\CMakeFiles\_mayaUsd.dir\module.cpp.obj
[2023-04-03T16:08:38.909Z]     [298/584] Building CXX object lib\mayaUsd\python\CMakeFiles\_mayaUsd.dir\wrapColorSpace.cpp.obj
[2023-04-03T16:08:40.648Z]     [299/584] Building CXX object plugin\al\plugin\AL_USDMayaTestPlugin\CMakeFiles\AL_USDMayaTestPlugin.dir\AL\usdmaya\commands\test_ExportCommands.cpp.obj
[2023-04-03T16:08:40.766Z]     [300/584] Building CXX object plugin\al\plugin\AL_USDMayaTestPlugin\CMakeFiles\AL_USDMayaTestPlugin.dir\AL\maya\test_MayaEventManager.cpp.obj
[2023-04-03T16:08:41.007Z]     [301/584] Building CXX object plugin\al\lib\AL_USDMaya\CMakeFiles\_AL_USDMaya.dir\AL\usdmaya\fileio\translators\wrapTranslatorBase.cpp.obj
[2023-04-03T16:08:41.531Z]     [302/584] Building CXX object plugin\al\plugin\AL_USDMayaTestPlugin\CMakeFiles\AL_USDMayaTestPlugin.dir\AL\usdmaya\commands\test_LayerCommands.cpp.obj
[2023-04-03T16:08:41.756Z]     [303/584] Building CXX object plugin\al\plugin\AL_USDMayaTestPlugin\CMakeFiles\AL_USDMayaTestPlugin.dir\plugin.cpp.obj
[2023-04-03T16:08:41.872Z]     [304/584] Building CXX object plugin\al\lib\AL_USDMaya\CMakeFiles\_AL_USDMaya.dir\AL\usdmaya\fileio\translators\wrapTranslatorContext.cpp.obj
[2023-04-03T16:08:41.872Z]     [305/584] Building CXX object plugin\al\plugin\AL_USDMayaPlugin\CMakeFiles\AL_USDMayaPlugin.dir\plugin.cpp.obj
[2023-04-03T16:08:42.093Z]     [306/584] Building CXX object plugin\al\plugin\AL_USDMayaTestPlugin\CMakeFiles\AL_USDMayaTestPlugin.dir\AL\usdmaya\commands\test_TranslateCommand.cpp.obj
[2023-04-03T16:08:42.093Z]     [307/584] Building CXX object lib\mayaUsd\python\CMakeFiles\_mayaUsd.dir\wrapSparseValueWriter.cpp.obj
[2023-04-03T16:08:42.919Z]     [308/584] Building CXX object plugin\al\plugin\AL_USDMayaTestPlugin\CMakeFiles\AL_USDMayaTestPlugin.dir\AL\maya\test_MatrixToSRT.cpp.obj
[2023-04-03T16:08:43.875Z]     [309/584] Building CXX object lib\mayaUsd\python\CMakeFiles\_mayaUsd.dir\wrapAdaptor.cpp.obj
[2023-04-03T16:08:44.097Z]     [310/584] Building CXX object plugin\al\plugin\AL_USDMayaTestPlugin\CMakeFiles\AL_USDMayaTestPlugin.dir\AL\usdmaya\commands\test_ProxyShapeImport.cpp.obj
[2023-04-03T16:08:44.097Z]     [311/584] Building CXX object plugin\al\plugin\AL_USDMayaTestPlugin\CMakeFiles\AL_USDMayaTestPlugin.dir\AL\usdmaya\commands\test_LayerManagerCommands.cpp.obj
[2023-04-03T16:08:45.033Z]     [312/584] Building CXX object lib\mayaUsd\python\CMakeFiles\_mayaUsd.dir\pythonObjectRegistry.cpp.obj
[2023-04-03T16:08:45.163Z]     [313/584] Building CXX object lib\mayaUsd\python\CMakeFiles\_mayaUsd.dir\wrapOpUndoItem.cpp.obj
[2023-04-03T16:08:45.495Z]     [314/584] Building CXX object lib\mayaUsd\python\CMakeFiles\_mayaUsd.dir\wrapConverter.cpp.obj
[2023-04-03T16:08:46.629Z]     [315/584] Building CXX object lib\mayaUsd\python\CMakeFiles\_mayaUsd.dir\wrapTokens.cpp.obj
[2023-04-03T16:08:46.951Z]     [316/584] Building CXX object lib\mayaUsd\python\CMakeFiles\_mayaUsd.dir\wrapDiagnosticDelegate.cpp.obj
[2023-04-03T16:08:48.690Z]     [317/584] Building CXX object lib\mayaUsd\python\CMakeFiles\_mayaUsd.dir\wrapMeshWriteUtils.cpp.obj
[2023-04-03T16:08:48.916Z]     [318/584] Building CXX object lib\mayaUsd\python\CMakeFiles\_mayaUsd.dir\wrapQuery.cpp.obj
[2023-04-03T16:08:49.464Z]     [319/584] Building CXX object lib\mayaUsd\python\CMakeFiles\_mayaUsd.dir\wrapRoundTripUtil.cpp.obj
[2023-04-03T16:08:49.587Z]     [320/584] Building CXX object lib\mayaUsd\python\CMakeFiles\_mayaUsd.dir\wrapStageCache.cpp.obj
[2023-04-03T16:08:49.704Z]     [321/584] Building CXX object lib\mayaUsd\python\CMakeFiles\_mayaUsd.dir\wrapReadUtil.cpp.obj
[2023-04-03T16:08:49.820Z]     [322/584] Building CXX object lib\mayaUsd\python\CMakeFiles\_mayaUsd.dir\wrapUsdUndoManager.cpp.obj
[2023-04-03T16:08:49.820Z]     [323/584] Building CXX object lib\mayaUsd\python\CMakeFiles\_mayaUsd.dir\wrapEditRouter.cpp.obj
[2023-04-03T16:08:50.347Z]     [324/584] Building CXX object lib\mayaUsd\python\CMakeFiles\_mayaUsd.dir\wrapUserTaggedAttribute.cpp.obj
[2023-04-03T16:08:50.347Z]     [325/584] Building CXX object lib\usd\pxrUsdPreviewSurface\CMakeFiles\basePxrUsdPreviewSurface.dir\cpvColor.cpp.obj
[2023-04-03T16:08:50.472Z]     [326/584] Building CXX object lib\mayaUsd\python\CMakeFiles\_mayaUsd.dir\wrapTranslatorUtil.cpp.obj
[2023-04-03T16:08:50.794Z]     [327/584] Building CXX object lib\mayaUsd\python\CMakeFiles\_mayaUsd.dir\wrapOpenMaya.cpp.obj
[2023-04-03T16:08:51.718Z]     [328/584] Building CXX object lib\usd\pxrUsdPreviewSurface\CMakeFiles\basePxrUsdPreviewSurface.dir\usdPreviewSurfaceShadingNodeOverride.cpp.obj
[2023-04-03T16:08:52.547Z]     [329/584] Building CXX object lib\usd\pxrUsdPreviewSurface\CMakeFiles\basePxrUsdPreviewSurface.dir\usdPreviewSurface.cpp.obj
[2023-04-03T16:08:52.665Z]     [330/584] Building CXX object lib\mayaUsd\python\CMakeFiles\_mayaUsd.dir\wrapXformStack.cpp.obj
[2023-04-03T16:08:53.503Z]     [331/584] Building CXX object lib\mayaUsd\python\CMakeFiles\_mayaUsd.dir\wrapUtil.cpp.obj
[2023-04-03T16:08:55.049Z]     [332/584] Building CXX object lib\mayaUsd\python\CMakeFiles\_mayaUsd.dir\wrapShadingMode.cpp.obj
[2023-04-03T16:08:55.385Z]     [333/584] Building CXX object lib\mayaUsd\python\CMakeFiles\_mayaUsd.dir\wrapWriteUtil.cpp.obj
[2023-04-03T16:08:55.622Z]     [334/584] Building CXX object lib\mayaUsd\python\CMakeFiles\_mayaUsd.dir\wrapJobContextRegistry.cpp.obj
[2023-04-03T16:08:57.404Z]     [335/584] Building CXX object lib\mayaUsd\python\CMakeFiles\_mayaUsd.dir\wrapShadingUtil.cpp.obj
[2023-04-03T16:08:57.563Z]     [336/584] Building CXX object lib\usd\pxrUsdPreviewSurface\CMakeFiles\basePxrUsdPreviewSurface.dir\usdPreviewSurfacePlugin.cpp.obj
[2023-04-03T16:08:57.708Z]     [337/584] Building CXX object lib\mayaUsd\python\CMakeFiles\_mayaUsd.dir\wrapPrimWriter.cpp.obj
[2023-04-03T16:08:58.085Z]     [338/584] Building CXX object lib\usd\pxrUsdPreviewSurface\CMakeFiles\basePxrUsdPreviewSurface.dir\usdPreviewSurfaceReader.cpp.obj
[2023-04-03T16:08:58.205Z]     [339/584] Building CXX object lib\usd\pxrUsdPreviewSurface\CMakeFiles\basePxrUsdPreviewSurface.dir\usdPreviewSurfaceWriter.cpp.obj
[2023-04-03T16:08:58.324Z]     [340/584] Building CXX object lib\mayaUsd\python\CMakeFiles\_mayaUsd.dir\wrapImportChaser.cpp.obj
[2023-04-03T16:08:58.577Z]     [341/584] Building CXX object lib\mayaUsd\python\CMakeFiles\_mayaUsd.dir\wrapPrimReader.cpp.obj
[2023-04-03T16:09:00.537Z]     [342/584] Building CXX object lib\mayaUsd\python\CMakeFiles\_mayaUsd.dir\wrapSchemaApiAdaptor.cpp.obj
[2023-04-03T16:09:00.964Z]     [343/584] Building CXX object lib\mayaUsd\python\CMakeFiles\_mayaUsd.dir\wrapExportChaser.cpp.obj
[2023-04-03T16:09:01.385Z]     [344/584] Building CXX object lib\usd\translators\CMakeFiles\mayaUsd_Translators.dir\cameraReader.cpp.obj
[2023-04-03T16:09:01.629Z]     [345/584] Building CXX object lib\usd\translators\CMakeFiles\mayaUsd_Translators.dir\lightRfMWriter.cpp.obj
[2023-04-03T16:09:02.257Z]     [346/584] Building CXX object lib\usd\translators\CMakeFiles\mayaUsd_Translators.dir\lightRfMReader.cpp.obj
[2023-04-03T16:09:03.838Z]     [347/584] Building CXX object lib\usd\translators\CMakeFiles\mayaUsd_Translators.dir\cameraWriter.cpp.obj
[2023-04-03T16:09:04.060Z]     [348/584] Building CXX object lib\usd\translators\CMakeFiles\mayaUsd_Translators.dir\jointWriter.cpp.obj
[2023-04-03T16:09:04.683Z]     [349/584] Building CXX object lib\usd\translators\CMakeFiles\mayaUsd_Translators.dir\plugin.cpp.obj
[2023-04-03T16:09:05.316Z]     [350/584] Building CXX object lib\usd\translators\CMakeFiles\mayaUsd_Translators.dir\lightReader.cpp.obj
[2023-04-03T16:09:05.544Z]     [351/584] Building CXX object lib\usd\translators\CMakeFiles\mayaUsd_Translators.dir\mayaReferenceReader.cpp.obj
[2023-04-03T16:09:05.892Z]     [352/584] Building CXX object lib\usd\translators\CMakeFiles\mayaUsd_Translators.dir\locatorWriter.cpp.obj
[2023-04-03T16:09:05.892Z]     [353/584] Building CXX object lib\usd\translators\CMakeFiles\mayaUsd_Translators.dir\materialReader.cpp.obj
[2023-04-03T16:09:06.037Z]     [354/584] Building CXX object lib\usd\translators\CMakeFiles\mayaUsd_Translators.dir\lightWriter.cpp.obj
[2023-04-03T16:09:06.621Z]     [355/584] Building CXX object lib\usd\translators\CMakeFiles\mayaUsd_Translators.dir\instancerWriter.cpp.obj
[2023-04-03T16:09:06.621Z]     [356/584] Building CXX object lib\usd\translators\CMakeFiles\mayaUsd_Translators.dir\meshReader.cpp.obj
[2023-04-03T16:09:06.843Z]     [357/584] Building CXX object lib\usd\translators\CMakeFiles\mayaUsd_Translators.dir\meshWriter.cpp.obj
[2023-04-03T16:09:07.061Z]     [358/584] Building CXX object lib\usd\translators\CMakeFiles\mayaUsd_Translators.dir\particleWriter.cpp.obj
[2023-04-03T16:09:07.888Z]     [359/584] Building CXX object lib\usd\translators\CMakeFiles\mayaUsd_Translators.dir\nurbsCurvesReader.cpp.obj
[2023-04-03T16:09:08.307Z]     [360/584] Building CXX object lib\usd\translators\CMakeFiles\mayaUsd_Translators.dir\shading\shadingTokens.cpp.obj
[2023-04-03T16:09:09.958Z]     [361/584] Building CXX object lib\usd\translators\CMakeFiles\mayaUsd_Translators.dir\nurbsPatchReader.cpp.obj
[2023-04-03T16:09:10.634Z]     [362/584] Building CXX object lib\usd\translators\CMakeFiles\mayaUsd_Translators.dir\xformReader.cpp.obj
[2023-04-03T16:09:11.079Z]     [363/584] Building CXX object lib\usd\translators\CMakeFiles\mayaUsd_Translators.dir\nurbsCurveWriter.cpp.obj
[2023-04-03T16:09:12.726Z]     [364/584] Building CXX object lib\usd\translators\CMakeFiles\mayaUsd_Translators.dir\nurbsSurfaceWriter.cpp.obj
[2023-04-03T16:09:12.726Z]     [365/584] Building CXX object lib\usd\translators\CMakeFiles\mayaUsd_Translators.dir\meshWriter_BlendShapes.cpp.obj
[2023-04-03T16:09:13.966Z]     [366/584] Building CXX object lib\usd\translators\CMakeFiles\mayaUsd_Translators.dir\scopeReader.cpp.obj
[2023-04-03T16:09:14.104Z]     [367/584] Building CXX object lib\usd\translators\CMakeFiles\mayaUsd_Translators.dir\skelReader.cpp.obj
[2023-04-03T16:09:14.351Z]     [368/584] Building CXX object lib\usd\translators\CMakeFiles\mayaUsd_Translators.dir\shading\usdBlinnReader.cpp.obj
[2023-04-03T16:09:14.351Z]     [369/584] Building CXX object lib\usd\translators\CMakeFiles\mayaUsd_Translators.dir\strokeWriter.cpp.obj
[2023-04-03T16:09:14.481Z]     [370/584] Building CXX object lib\usd\translators\CMakeFiles\mayaUsd_Translators.dir\shading\usdBlinnWriter.cpp.obj
[2023-04-03T16:09:14.481Z]     [371/584] Building CXX object lib\usd\translators\CMakeFiles\mayaUsd_Translators.dir\shading\usdLambertReader.cpp.obj
[2023-04-03T16:09:14.808Z]     [372/584] Building CXX object lib\usd\translators\CMakeFiles\mayaUsd_Translators.dir\shading\usdDisplacementShaderWriter.cpp.obj
[2023-04-03T16:09:14.808Z]     [373/584] Building CXX object lib\usd\translators\CMakeFiles\mayaUsd_Translators.dir\shading\usdPhongWriter.cpp.obj
[2023-04-03T16:09:15.755Z]     [374/584] Building CXX object lib\usd\schemas\CMakeFiles\mayaUsd_Schemas.dir\tokens.cpp.obj
[2023-04-03T16:09:15.755Z]     [375/584] Building CXX object lib\usd\translators\CMakeFiles\mayaUsd_Translators.dir\shading\usdFileTextureWriter.cpp.obj
[2023-04-03T16:09:15.972Z]     [376/584] Building CXX object lib\usd\schemas\CMakeFiles\_schemas.dir\module.cpp.obj
[2023-04-03T16:09:17.411Z]     [377/584] Building CXX object lib\usd\schemas\CMakeFiles\mayaUsd_Schemas.dir\ModuleDeps.cpp.obj
[2023-04-03T16:09:17.736Z]     [378/584] Building CXX object lib\usd\translators\CMakeFiles\mayaUsd_Translators.dir\shading\usdMaterialReader.cpp.obj
[2023-04-03T16:09:18.084Z]     [379/584] Building CXX object lib\usd\schemas\CMakeFiles\_schemas.dir\wrapTokens.cpp.obj
[2023-04-03T16:09:18.084Z]     [380/584] Building CXX object lib\usd\translators\CMakeFiles\mayaUsd_Translators.dir\shading\usdMaterialWriter.cpp.obj
[2023-04-03T16:09:18.310Z]     [381/584] Building CXX object lib\usd\utils\CMakeFiles\mayaUsdUtils.dir\DiffCore.cpp.obj
[2023-04-03T16:09:18.429Z]     [382/584] Building CXX object lib\usd\translators\CMakeFiles\mayaUsd_Translators.dir\shading\usdReflectWriter.cpp.obj
[2023-04-03T16:09:18.749Z]     [383/584] Building CXX object lib\usd\utils\CMakeFiles\mayaUsdUtils.dir\DebugCodes.cpp.obj
[2023-04-03T16:09:19.689Z]     [384/584] Building CXX object lib\usd\translators\CMakeFiles\mayaUsd_Translators.dir\shading\usdLambertWriter.cpp.obj
[2023-04-03T16:09:20.218Z]     [385/584] Building CXX object lib\usd\translators\CMakeFiles\mayaUsd_Translators.dir\shading\usdPhongReader.cpp.obj
[2023-04-03T16:09:21.252Z]     [386/584] Building CXX object lib\usd\schemas\CMakeFiles\mayaUsd_Schemas.dir\MayaReference.cpp.obj
[2023-04-03T16:09:21.399Z]     [387/584] Building CXX object lib\usd\schemas\CMakeFiles\mayaUsd_Schemas.dir\ALMayaReference.cpp.obj
[2023-04-03T16:09:21.845Z]     [388/584] Building CXX object lib\usd\translators\CMakeFiles\mayaUsd_Translators.dir\shading\usdPrimvarReaderFloat3Reader.cpp.obj
[2023-04-03T16:09:22.071Z]     [389/584] Linking CXX shared library lib\usd\schemas\mayaUsd_Schemas.dll
[2023-04-03T16:09:22.071Z]     [390/584] Building CXX object lib\usd\translators\CMakeFiles\mayaUsd_Translators.dir\shading\usdPhongEWriter.cpp.obj
[2023-04-03T16:09:22.071Z]     [391/584] Copying api.h ...
[2023-04-03T16:09:22.186Z]     [392/584] Copying api.h ...
[2023-04-03T16:09:22.317Z]     [393/584] Copying listShadingModesCommand.h ...
[2023-04-03T16:09:22.317Z]     [394/584] Copying exportCommand.h ...
[2023-04-03T16:09:22.471Z]     [395/584] Copying editUtil.h ...
[2023-04-03T16:09:22.603Z]     [396/584] Copying referenceAssembly.h ...
[2023-04-03T16:09:22.723Z]     [397/584] Copying readJobWithSceneAssembly.h ...
[2023-04-03T16:09:22.844Z]     [398/584] Copying importCommand.h ...
[2023-04-03T16:09:22.844Z]     [399/584] Building CXX object lib\usd\utils\CMakeFiles\mayaUsdUtils.dir\DiffDictionaries.cpp.obj
[2023-04-03T16:09:22.844Z]     [400/584] Building CXX object lib\usd\translators\CMakeFiles\mayaUsd_Translators.dir\shading\usdUVTextureReader.cpp.obj
[2023-04-03T16:09:22.844Z]     [401/584] Copying importTranslator.h ...
[2023-04-03T16:09:22.844Z]     [402/584] Copying exportTranslator.h ...
[2023-04-03T16:09:22.969Z]     [403/584] Copying proxyShape.h ...
[2023-04-03T16:09:22.970Z]     [404/584] Building CXX object lib\usd\schemas\CMakeFiles\_schemas.dir\wrapMayaReference.cpp.obj
[2023-04-03T16:09:22.970Z]     [405/584] Copying translatorModelAssembly.h ...
[2023-04-03T16:09:22.970Z]     [406/584] Copying instancerShapeAdapterWithSceneAssembly.h ...
[2023-04-03T16:09:22.970Z]     [407/584] Generating userExportedAttributesUI.pyc
[2023-04-03T16:09:23.084Z]     [408/584] Generating AEpxrUsdReferenceAssemblyTemplate.pyc
[2023-04-03T16:09:23.084Z]     [409/584] Generating __init__.pyc
[2023-04-03T16:09:24.416Z]     [410/584] Building CXX object lib\usd\translators\CMakeFiles\mayaUsd_Translators.dir\shading\rfmShaderTranslation.cpp.obj
[2023-04-03T16:09:24.947Z]     [411/584] Building CXX object lib\usd\schemas\CMakeFiles\_schemas.dir\wrapALMayaReference.cpp.obj
[2023-04-03T16:09:25.277Z]     [412/584] Building CXX object lib\usd\utils\CMakeFiles\mayaUsdUtils.dir\MergePrimsOptions.cpp.obj
[2023-04-03T16:09:25.395Z]     [413/584] Building CXX object lib\usd\utils\CMakeFiles\mayaUsdUtils.dir\DiffRelationships.cpp.obj
[2023-04-03T16:09:25.395Z]     [414/584] Building CXX object lib\usd\utils\CMakeFiles\mayaUsdUtils.dir\DiffAttributes.cpp.obj
[2023-04-03T16:09:25.734Z]     [415/584] Linking CXX shared library lib\usd\schemas\_schemas.pyd
[2023-04-03T16:09:26.072Z]     [416/584] Building CXX object lib\usd\utils\CMakeFiles\mayaUsdUtils.dir\DiffMetadatas.cpp.obj
[2023-04-03T16:09:26.190Z]     [417/584] Building CXX object lib\usd\utils\CMakeFiles\mayaUsdUtils.dir\DiffLists.cpp.obj
[2023-04-03T16:09:26.928Z]     [418/584] Building CXX object lib\usd\utils\CMakeFiles\mayaUsdUtils.dir\DiffPrims.cpp.obj
[2023-04-03T16:09:27.362Z]     [419/584] Building CXX object plugin\pxr\maya\lib\usdMaya\CMakeFiles\usdMaya.dir\listShadingModesCommand.cpp.obj
[2023-04-03T16:09:27.583Z]     [420/584] Building CXX object plugin\pxr\maya\lib\usdMaya\CMakeFiles\_usdMaya.dir\module.cpp.obj
[2023-04-03T16:09:29.290Z]     [421/584] Building CXX object lib\usd\utils\CMakeFiles\mayaUsdUtils.dir\DiffValues.cpp.obj
[2023-04-03T16:09:29.638Z]     [422/584] Building CXX object lib\usd\utils\CMakeFiles\mayaUsdUtils.dir\MergePrims.cpp.obj
[2023-04-03T16:09:29.638Z]     [423/584] Building CXX object plugin\pxr\maya\plugin\pxrUsdPreviewSurface\CMakeFiles\pxrUsdPreviewSurface.dir\plugin.cpp.obj
[2023-04-03T16:09:29.638Z]     [424/584] Copying api.h ...
[2023-04-03T16:09:29.862Z]     [425/584] Building CXX object lib\usd\utils\CMakeFiles\mayaUsdUtils.dir\util.cpp.obj
[2023-04-03T16:09:30.594Z]     [426/584] Linking CXX shared library lib\usd\utils\mayaUsdUtils.dll
[2023-04-03T16:09:31.118Z]     [427/584] Linking CXX executable test\lib\usd\utils\testDiffCore.exe
[2023-04-03T16:09:31.762Z]     [428/584] Linking CXX executable test\lib\usd\utils\testDiffPrims.exe
[2023-04-03T16:09:32.135Z]     [429/584] Building CXX object plugin\pxr\maya\lib\usdMaya\CMakeFiles\usdMaya.dir\editUtil.cpp.obj
[2023-04-03T16:09:32.712Z]     [430/584] Building CXX object plugin\pxr\maya\lib\usdMaya\CMakeFiles\usdMaya.dir\readJob_ImportWithProxies.cpp.obj
[2023-04-03T16:09:32.836Z]     [431/584] Building CXX object plugin\pxr\maya\lib\usdMaya\CMakeFiles\usdMaya.dir\exportTranslator.cpp.obj
[2023-04-03T16:09:32.956Z]     [432/584] Linking CXX executable test\lib\usd\utils\testDiffValues.exe
[2023-04-03T16:09:32.956Z]     [433/584] Linking CXX executable test\lib\usd\utils\testDiffRelationships.exe
[2023-04-03T16:09:33.072Z]     [434/584] Building CXX object plugin\pxr\maya\lib\usdMaya\CMakeFiles\usdMaya.dir\translatorModelAssembly.cpp.obj
[2023-04-03T16:09:33.501Z]     [435/584] Linking CXX executable test\lib\usd\utils\testDiffLists.exe
[2023-04-03T16:09:33.501Z]     [436/584] Linking CXX executable test\lib\usd\utils\testDiffAttributes.exe
[2023-04-03T16:09:33.501Z]     [437/584] Building CXX object plugin\pxr\maya\lib\usdMaya\CMakeFiles\usdMaya.dir\importCommand.cpp.obj
[2023-04-03T16:09:33.501Z]     [438/584] Linking CXX executable test\lib\usd\utils\testMergePrims.exe
[2023-04-03T16:09:33.617Z]     [439/584] Linking CXX executable test\lib\usd\utils\testDiffDictionaries.exe
[2023-04-03T16:09:33.617Z]     [440/584] Building CXX object plugin\pxr\maya\lib\usdMaya\CMakeFiles\usdMaya.dir\exportCommand.cpp.obj
[2023-04-03T16:09:33.741Z]     [441/584] Linking CXX executable test\lib\usd\utils\testDiffMetadatas.exe
[2023-04-03T16:09:34.061Z]     [442/584] Linking CXX executable test\lib\usd\utils\testDiffComputeOverall.exe
[2023-04-03T16:09:34.291Z]     [443/584] Linking CXX shared library plugin\al\mayautils\AL\maya\AL_MayaUtils.dll
[2023-04-03T16:09:34.736Z]     [444/584] Building CXX object plugin\pxr\maya\lib\usdMaya\CMakeFiles\usdMaya.dir\instancerShapeAdapterWithSceneAssembly.cpp.obj
[2023-04-03T16:09:34.856Z]     [445/584] Building CXX object plugin\pxr\maya\lib\usdMaya\CMakeFiles\usdMaya.dir\readJobWithSceneAssembly.cpp.obj
[2023-04-03T16:09:35.074Z]     [446/584] Linking CXX shared library plugin\al\mayautils\AL\maya\tests\mayaplugintest\AL_MayaUtilsTests.mll
[2023-04-03T16:09:35.709Z]     [447/584] Building CXX object plugin\pxr\maya\lib\usdMaya\CMakeFiles\usdMaya.dir\importTranslator.cpp.obj
[2023-04-03T16:09:35.709Z]     [448/584] Linking CXX shared library plugin\al\usdmayautils\AL\usdmaya\utils\AL_USDMayaUtils.dll
[2023-04-03T16:09:36.138Z]     [449/584] Building CXX object plugin\pxr\maya\lib\usdMaya\CMakeFiles\usdMaya.dir\proxyShape.cpp.obj
[2023-04-03T16:09:37.065Z]     [450/584] Building CXX object plugin\pxr\maya\lib\usdMaya\CMakeFiles\_usdMaya.dir\wrapAssembly.cpp.obj
[2023-04-03T16:09:37.388Z]     [451/584] Linking CXX shared library lib\mayaUsd\mayaUsd.dll
[2023-04-03T16:09:38.116Z]     [452/584] Linking CXX shared library test\lib\usd\plugin\usdTestMayaPlugin.mll
[2023-04-03T16:09:38.440Z]     [453/584] Building CXX object plugin\pxr\maya\lib\usdMaya\CMakeFiles\usdMaya.dir\referenceAssembly.cpp.obj
[2023-04-03T16:09:38.862Z]     [454/584] Linking CXX shared library test\lib\usd\plugin\usdTestUsdPlugin.dll
[2023-04-03T16:09:39.180Z]     [455/584] Linking CXX shared library test\lib\usd\plugin\usdTestApiWriter.dll
[2023-04-03T16:09:39.599Z]     [456/584] Linking CXX shared library test\lib\usd\plugin\usdTestInfoImportChaser.mll
[2023-04-03T16:09:40.244Z]     [457/584] Building CXX object plugin\al\plugin\AL_USDMayaTestPlugin\CMakeFiles\AL_USDMayaTestPlugin.dir\AL\usdmaya\fileio\export_multiple_shapes.cpp.obj
[2023-04-03T16:09:40.553Z]     [458/584] Building CXX object plugin\pxr\maya\lib\usdMaya\CMakeFiles\_usdMaya.dir\wrapEditUtil.cpp.obj
[2023-04-03T16:09:41.093Z]     [459/584] Linking CXX shared library plugin\al\lib\AL_USDMaya\AL_USDMaya.dll
[2023-04-03T16:09:41.093Z]     [460/584] Linking CXX shared library lib\usd\pxrUsdPreviewSurface\basePxrUsdPreviewSurface.dll
[2023-04-03T16:09:41.214Z]     [461/584] Building CXX object plugin\pxr\maya\plugin\pxrUsd\CMakeFiles\pxrUsd.dir\plugin.cpp.obj
[2023-04-03T16:09:41.451Z]     [462/584] Linking CXX shared library lib\mayaUsd\python\_mayaUsd.pyd
[2023-04-03T16:09:42.017Z]     [463/584] Building CXX object plugin\pxr\maya\plugin\pxrUsd\CMakeFiles\pxrUsd.dir\usdTranslator.cpp.obj
[2023-04-03T16:09:42.345Z]     [464/584] Linking CXX shared library plugin\al\lib\AL_USDMaya\_AL_USDMaya.pyd
[2023-04-03T16:09:42.345Z]     [465/584] Linking CXX shared library plugin\al\plugin\AL_USDMayaPlugin\AL_USDMayaPlugin.mll
[2023-04-03T16:09:42.468Z]     [466/584] Linking CXX shared library plugin\pxr\maya\plugin\pxrUsdPreviewSurface\pxrUsdPreviewSurface.mll
[2023-04-03T16:09:42.988Z]     [467/584] Building CXX object plugin\pxr\maya\plugin\pxrUsd\CMakeFiles\pxrUsd.dir\alembicChaser.cpp.obj
[2023-04-03T16:09:43.210Z]     [468/584] Linking CXX shared library lib\usd\translators\mayaUsd_Translators.dll
[2023-04-03T16:09:43.326Z]     [469/584] Building CXX object plugin\al\plugin\AL_USDMayaTestPlugin\CMakeFiles\AL_USDMayaTestPlugin.dir\AL\usdmaya\fileio\import_instances.cpp.obj
[2023-04-03T16:09:43.443Z]     [470/584] Linking CXX shared library plugin\pxr\maya\lib\usdMaya\usdMaya.dll
[2023-04-03T16:09:44.493Z]     [471/584] Linking CXX shared library plugin\pxr\maya\lib\usdMaya\_usdMaya.pyd
[2023-04-03T16:09:44.851Z]     [472/584] Building CXX object plugin\al\plugin\AL_USDMayaTestPlugin\CMakeFiles\AL_USDMayaTestPlugin.dir\AL\usdmaya\fileio\export_unmerged.cpp.obj
[2023-04-03T16:09:45.615Z]     [473/584] Linking CXX shared library plugin\pxr\maya\plugin\pxrUsd\pxrUsd.mll
[2023-04-03T16:09:45.762Z]     [474/584] Building CXX object plugin\al\plugin\AL_USDMayaTestPlugin\CMakeFiles\AL_USDMayaTestPlugin.dir\AL\usdmaya\fileio\import_playback_range.cpp.obj
[2023-04-03T16:09:46.105Z]     [475/584] Building CXX object plugin\al\plugin\AL_USDMayaTestPlugin\CMakeFiles\AL_USDMayaTestPlugin.dir\AL\usdmaya\fileio\export_nonlinear.cpp.obj
[2023-04-03T16:09:47.443Z]     [476/584] Building CXX object plugin\al\plugin\AL_USDMayaTestPlugin\CMakeFiles\AL_USDMayaTestPlugin.dir\AL\usdmaya\nodes\test_lockPrims.cpp.obj
[2023-04-03T16:09:48.108Z]     [477/584] Building CXX object plugin\al\plugin\AL_USDMayaTestPlugin\CMakeFiles\AL_USDMayaTestPlugin.dir\AL\usdmaya\nodes\proxy\test_PrimFilter.cpp.obj
[2023-04-03T16:09:48.435Z]     [478/584] Automatic MOC and UIC for target mayaUsdUI
[2023-04-03T16:09:48.757Z]     [479/584] Automatic RCC for layerEditor/resources.qrc
[2023-04-03T16:09:48.757Z]     [480/584] Building CXX object plugin\al\plugin\AL_USDMayaTestPlugin\CMakeFiles\AL_USDMayaTestPlugin.dir\AL\usdmaya\fileio\test_activeInActiveTranslators.cpp.obj
[2023-04-03T16:09:48.870Z]     [481/584] Automatic RCC for importDialog/images/ui.qrc
[2023-04-03T16:09:50.311Z]     [482/584] Building CXX object plugin\al\plugin\AL_USDMayaTestPlugin\CMakeFiles\AL_USDMayaTestPlugin.dir\AL\usdmaya\nodes\test_ExtraDataPlugin.cpp.obj
[2023-04-03T16:09:52.350Z]     [483/584] Building CXX object plugin\al\plugin\AL_USDMayaTestPlugin\CMakeFiles\AL_USDMayaTestPlugin.dir\AL\usdmaya\nodes\test_ActiveInactive.cpp.obj
[2023-04-03T16:09:54.368Z]     [484/584] Building CXX object plugin\al\plugin\AL_USDMayaTestPlugin\CMakeFiles\AL_USDMayaTestPlugin.dir\AL\usdmaya\nodes\test_Transform.cpp.obj
[2023-04-03T16:09:54.484Z]     [485/584] Building CXX object plugin\al\plugin\AL_USDMayaTestPlugin\CMakeFiles\AL_USDMayaTestPlugin.dir\AL\usdmaya\nodes\test_LayerManager.cpp.obj
[2023-04-03T16:09:55.432Z]     [486/584] Building CXX object plugin\al\plugin\AL_USDMayaTestPlugin\CMakeFiles\AL_USDMayaTestPlugin.dir\AL\usdmaya\nodes\test_ProxyShapeSelectabilityDB.cpp.obj
[2023-04-03T16:09:55.867Z]     [487/584] Building CXX object plugin\al\plugin\AL_USDMayaTestPlugin\CMakeFiles\AL_USDMayaTestPlugin.dir\AL\usdmaya\test_DiffGeom.cpp.obj
[2023-04-03T16:09:56.013Z]     [488/584] Building CXX object plugin\al\plugin\AL_USDMayaTestPlugin\CMakeFiles\AL_USDMayaTestPlugin.dir\AL\usdmaya\nodes\test_ProxyUsdGeomCamera.cpp.obj
[2023-04-03T16:09:56.799Z]     [489/584] Building CXX object plugin\al\plugin\AL_USDMayaTestPlugin\CMakeFiles\AL_USDMayaTestPlugin.dir\AL\usdmaya\nodes\test_VariantFallbacks.cpp.obj
[2023-04-03T16:09:56.928Z]     [490/584] Building CXX object lib\usd\ui\CMakeFiles\mayaUsdUI.dir\importDialog\TreeModel.cpp.obj
[2023-04-03T16:09:56.928Z]     [491/584] Building CXX object plugin\al\plugin\AL_USDMayaTestPlugin\CMakeFiles\AL_USDMayaTestPlugin.dir\test_translators_AnimationTranslator.cpp.obj
[2023-04-03T16:09:57.603Z]     [492/584] Building CXX object plugin\al\plugin\AL_USDMayaTestPlugin\CMakeFiles\AL_USDMayaTestPlugin.dir\AL\usdmaya\nodes\test_ScopeMatrix.cpp.obj
[2023-04-03T16:09:57.729Z]     [493/584] Building CXX object plugin\al\plugin\AL_USDMayaTestPlugin\CMakeFiles\AL_USDMayaTestPlugin.dir\AL\usdmaya\nodes\test_ProxyShape.cpp.obj
[2023-04-03T16:09:58.256Z]     [494/584] Building CXX object plugin\al\plugin\AL_USDMayaTestPlugin\CMakeFiles\AL_USDMayaTestPlugin.dir\AL\usdmaya\test_DiffPrimVar.cpp.obj
[2023-04-03T16:09:59.200Z]     [495/584] Building CXX object plugin\al\plugin\AL_USDMayaTestPlugin\CMakeFiles\AL_USDMayaTestPlugin.dir\AL\usdmaya\nodes\test_TransformMatrix.cpp.obj
[2023-04-03T16:09:59.733Z]     [496/584] Building CXX object plugin\al\plugin\AL_USDMayaTestPlugin\CMakeFiles\AL_USDMayaTestPlugin.dir\AL\usdmaya\nodes\test_TranslatorContext.cpp.obj
[2023-04-03T16:09:59.857Z]     [497/584] Building CXX object lib\usd\ui\CMakeFiles\mayaUsdUI.dir\layerEditor\warningDialogs.cpp.obj
[2023-04-03T16:09:59.986Z]     [498/584] Building CXX object lib\usd\ui\CMakeFiles\mayaUsdUI.dir\layerEditor\dirtyLayersCountBadge.cpp.obj
[2023-04-03T16:10:00.208Z]     [499/584] Building CXX object lib\usd\ui\CMakeFiles\mayaUsdUI.dir\importDialog\ItemDelegate.cpp.obj
[2023-04-03T16:10:00.745Z]     [500/584] Building CXX object lib\usd\ui\CMakeFiles\mayaUsdUI.dir\layerEditor\generatedIconButton.cpp.obj
[2023-04-03T16:10:02.083Z]     [501/584] Building CXX object plugin\al\plugin\AL_USDMayaTestPlugin\CMakeFiles\AL_USDMayaTestPlugin.dir\test_translators_MeshTranslator.cpp.obj
[2023-04-03T16:10:03.218Z]     [502/584] Building CXX object lib\usd\ui\CMakeFiles\mayaUsdUI.dir\importDialog\USDImportDialog.cpp.obj
[2023-04-03T16:10:04.144Z]     [503/584] Building CXX object lib\usd\ui\CMakeFiles\mayaUsdUI.dir\importDialog\TreeModelFactory.cpp.obj
[2023-04-03T16:10:04.670Z]     [504/584] Building CXX object lib\usd\ui\CMakeFiles\mayaUsdUI.dir\importDialog\USDImportDialogCmd.cpp.obj
[2023-04-03T16:10:04.670Z]     [505/584] Building CXX object lib\usd\ui\CMakeFiles\mayaUsdUI.dir\importDialog\TreeItem.cpp.obj
[2023-04-03T16:10:05.399Z]     [506/584] Building CXX object lib\usd\ui\CMakeFiles\mayaUsdUI.dir\layerEditor\layerTreeItemDelegate.cpp.obj
[2023-04-03T16:10:06.125Z]     [507/584] Building CXX object lib\usd\ui\CMakeFiles\mayaUsdUI.dir\layerEditor\layerEditorWidget.cpp.obj
[2023-04-03T16:10:06.246Z]     [508/584] Building CXX object lib\usd\ui\CMakeFiles\mayaUsdUI.dir\layerEditor\stringResources.cpp.obj
[2023-04-03T16:10:06.246Z]     [509/584] Building CXX object lib\usd\ui\CMakeFiles\mayaUsdUI.dir\mayaUsdUI_autogen\mocs_compilation.cpp.obj
[2023-04-03T16:10:06.246Z]     [510/584] Building CXX object lib\usd\ui\CMakeFiles\mayaUsdUI.dir\mayaUsdUI_autogen\AUCU3ACLTF\qrc_ui.cpp.obj
[2023-04-03T16:10:06.384Z]     [511/584] Building CXX object lib\usd\ui\CMakeFiles\mayaUsdUI.dir\mayaUsdUI_autogen\5WMDHDZAMM\qrc_resources.cpp.obj
[2023-04-03T16:10:06.714Z]     [512/584] Building CXX object lib\usd\ui\CMakeFiles\mayaUsdUI.dir\initStringResources.cpp.obj
[2023-04-03T16:10:07.148Z]     [513/584] Building CXX object lib\usd\ui\CMakeFiles\mayaUsdUI.dir\layerEditor\mayaQtUtils.cpp.obj
[2023-04-03T16:10:07.470Z]     [514/584] Building CXX object lib\usd\ui\CMakeFiles\mayaUsdUI.dir\importDialog\USDQtUtil.cpp.obj
[2023-04-03T16:10:07.700Z]     [515/584] Building CXX object lib\usd\ui\CMakeFiles\mayaUsdUI.dir\layerEditor\mayaCommandHook.cpp.obj
[2023-04-03T16:10:07.829Z]     [516/584] Building CXX object lib\usd\ui\CMakeFiles\mayaUsdUI.dir\layerEditor\qtUtils.cpp.obj
[2023-04-03T16:10:08.168Z]     [517/584] Building CXX object lib\usd\ui\CMakeFiles\mayaUsdUI.dir\layerEditor\sessionState.cpp.obj
[2023-04-03T16:10:08.284Z]     [518/584] Building CXX object lib\usd\ui\CMakeFiles\mayaUsdUI.dir\layerEditor\mayaLayerEditorWindow.cpp.obj
[2023-04-03T16:10:08.284Z]     [519/584] Building CXX object lib\usd\ui\CMakeFiles\mayaUsdUI.dir\layerEditor\loadLayersDialog.cpp.obj
[2023-04-03T16:10:08.403Z]     [520/584] Building CXX object lib\usd\ui\CMakeFiles\mayaUsdUI.dir\layerEditor\layerTreeItem.cpp.obj
[2023-04-03T16:10:08.731Z]     [521/584] Building CXX object plugin\al\schemas\AL\usd\schemas\maya\CMakeFiles\_AL_USDMayaSchemas.dir\module.cpp.obj
[2023-04-03T16:10:08.953Z]     [522/584] Building CXX object lib\usd\ui\CMakeFiles\mayaUsdUI.dir\layerEditor\layerTreeView.cpp.obj
[2023-04-03T16:10:09.374Z]     [523/584] Building CXX object lib\usd\ui\CMakeFiles\mayaUsdUI.dir\layerEditor\pathChecker.cpp.obj
[2023-04-03T16:10:10.207Z]     [524/584] Building CXX object plugin\al\schemas\AL\usd\schemas\maya\CMakeFiles\AL_USDMayaSchemas.dir\tokens.cpp.obj
[2023-04-03T16:10:10.639Z]     [525/584] Building CXX object lib\usd\ui\CMakeFiles\mayaUsdUI.dir\layerEditor\layerTreeModel.cpp.obj
[2023-04-03T16:10:11.593Z]     [526/584] Building CXX object lib\usd\ui\CMakeFiles\mayaUsdUI.dir\layerEditor\saveLayersDialog.cpp.obj
[2023-04-03T16:10:11.918Z]     [527/584] Building CXX object plugin\al\schemas\AL\usd\schemas\maya\CMakeFiles\AL_USDMayaSchemas.dir\ModuleDeps.cpp.obj
[2023-04-03T16:10:12.746Z]     [528/584] Building CXX object lib\usd\ui\CMakeFiles\mayaUsdUI.dir\layerEditor\stageSelectorWidget.cpp.obj
[2023-04-03T16:10:12.746Z]     [529/584] Building CXX object lib\usd\ui\CMakeFiles\mayaUsdUI.dir\layerEditor\mayaSessionState.cpp.obj
[2023-04-03T16:10:14.189Z]     [530/584] Linking CXX shared library lib\usd\ui\mayaUsdUI.dll
[2023-04-03T16:10:14.321Z]     [531/584] Building CXX object plugin\al\schemas\AL\usd\schemas\maya\tests\CMakeFiles\testMayaSchemas.dir\main.cpp.obj
[2023-04-03T16:10:14.321Z]     [532/584] Automatic MOC and UIC for target testMayaUsdUI
[2023-04-03T16:10:14.321Z]     [533/584] Building CXX object lib\usd\ui\importDialogDemo\CMakeFiles\testMayaUsdUI.dir\testMayaUsdUI_autogen\mocs_compilation.cpp.obj
[2023-04-03T16:10:15.123Z]     [534/584] Building CXX object plugin\al\schemas\AL\usd\schemas\maya\CMakeFiles\AL_USDMayaSchemas.dir\ModelAPI.cpp.obj
[2023-04-03T16:10:15.249Z]     [535/584] Building CXX object plugin\al\plugin\AL_USDMayaTestPlugin\CMakeFiles\AL_USDMayaTestPlugin.dir\test_translators_PythonBindings.cpp.obj
[2023-04-03T16:10:15.374Z]     [536/584] Building CXX object plugin\al\schemas\AL\usd\schemas\maya\CMakeFiles\AL_USDMayaSchemas.dir\FrameRange.cpp.obj
[2023-04-03T16:10:15.700Z]     [537/584] Building CXX object plugin\al\schemas\AL\usd\schemas\maya\CMakeFiles\_AL_USDMayaSchemas.dir\wrapTokens.cpp.obj
[2023-04-03T16:10:15.917Z]     [538/584] Linking CXX shared library plugin\al\schemas\AL\usd\schemas\maya\AL_USDMayaSchemas.dll
[2023-04-03T16:10:16.137Z]     [539/584] Building CXX object plugin\al\plugin\AL_USDMayaTestPlugin\CMakeFiles\AL_USDMayaTestPlugin.dir\test_usdmaya.cpp.obj
[2023-04-03T16:10:16.563Z]     [540/584] Building CXX object plugin\al\schemas\AL\usd\schemas\mayatest\CMakeFiles\AL_USDMayaSchemasTest.dir\tokens.cpp.obj
[2023-04-03T16:10:17.013Z]     [541/584] Building CXX object plugin\al\plugin\AL_USDMayaTestPlugin\CMakeFiles\AL_USDMayaTestPlugin.dir\test_translators_Translator.cpp.obj
[2023-04-03T16:10:17.258Z]     [542/584] Building CXX object plugin\al\schemas\AL\usd\schemas\mayatest\CMakeFiles\_AL_USDMayaSchemasTest.dir\module.cpp.obj
[2023-04-03T16:10:17.479Z]     [543/584] Building CXX object plugin\al\plugin\AL_USDMayaTestPlugin\CMakeFiles\AL_USDMayaTestPlugin.dir\test_translators_CameraTranslator.cpp.obj
[2023-04-03T16:10:17.617Z]     [544/584] Building CXX object plugin\al\plugin\AL_USDMayaTestPlugin\CMakeFiles\AL_USDMayaTestPlugin.dir\test_translators_NurbsCurveTranslator.cpp.obj
[2023-04-03T16:10:18.772Z]     [545/584] Building CXX object plugin\al\translators\CMakeFiles\AL_USDMayaTranslators.dir\CommonTranslatorOptions.cpp.obj
[2023-04-03T16:10:18.772Z]     [546/584] Building CXX object plugin\al\plugin\AL_USDMayaTestPlugin\CMakeFiles\AL_USDMayaTestPlugin.dir\test_usdmaya_AttributeType.cpp.obj
[2023-04-03T16:10:18.997Z]     [547/584] Building CXX object plugin\al\plugin\AL_USDMayaTestPlugin\CMakeFiles\AL_USDMayaTestPlugin.dir\test_translators_TransformTranslator.cpp.obj
[2023-04-03T16:10:19.320Z]     [548/584] Building CXX object plugin\al\plugin\AL_USDMayaTestPlugin\CMakeFiles\AL_USDMayaTestPlugin.dir\test_translators_DgTranslator.cpp.obj
[2023-04-03T16:10:19.320Z]     [549/584] Building CXX object plugin\al\schemas\AL\usd\schemas\mayatest\CMakeFiles\AL_USDMayaSchemasTest.dir\ModuleDeps.cpp.obj
[2023-04-03T16:10:19.844Z]     [550/584] Building CXX object plugin\al\schemas\AL\usd\schemas\mayatest\CMakeFiles\_AL_USDMayaSchemasTest.dir\wrapTokens.cpp.obj
[2023-04-03T16:10:19.844Z]     [551/584] Building CXX object plugin\al\translators\pxrUsdTranslators\CMakeFiles\AL_USDMayaPxrTranslators.dir\plugin.cpp.obj
[2023-04-03T16:10:20.687Z]     [552/584] Building CXX object plugin\al\schemas\AL\usd\schemas\maya\CMakeFiles\_AL_USDMayaSchemas.dir\wrapModelAPI.cpp.obj
[2023-04-03T16:10:20.687Z]     [553/584] Building CXX object plugin\al\schemas\AL\usd\schemas\maya\tests\CMakeFiles\testMayaSchemas.dir\testMayaSchemas.cpp.obj
[2023-04-03T16:10:20.802Z]     [554/584] Building CXX object plugin\al\schemas\AL\usd\schemas\maya\CMakeFiles\_AL_USDMayaSchemas.dir\wrapFrameRange.cpp.obj
[2023-04-03T16:10:21.225Z]     [555/584] Building CXX object plugin\adsk\plugin\CMakeFiles\mayaUsdPlugin.dir\adskListShadingModesCommand.cpp.obj
[2023-04-03T16:10:21.341Z]     [556/584] Linking CXX shared library plugin\al\schemas\AL\usd\schemas\maya\_AL_USDMayaSchemas.pyd
[2023-04-03T16:10:21.767Z]     [557/584] Building CXX object plugin\adsk\plugin\CMakeFiles\mayaUsdPlugin.dir\adskListJobContextsCommand.cpp.obj
[2023-04-03T16:10:21.884Z]     [558/584] Building CXX object lib\usd\ui\importDialogDemo\CMakeFiles\testMayaUsdUI.dir\testMayaUsdUI.cpp.obj
[2023-04-03T16:10:22.608Z]     [559/584] Linking CXX executable lib\usd\ui\importDialogDemo\testMayaUsdUI.exe
[2023-04-03T16:10:23.441Z]     [560/584] Building CXX object plugin\al\schemas\AL\usd\schemas\mayatest\CMakeFiles\AL_USDMayaSchemasTest.dir\ExamplePolyCubeNode.cpp.obj
[2023-04-03T16:10:23.672Z]     [561/584] Building CXX object plugin\al\schemas\AL\usd\schemas\maya\tests\CMakeFiles\testMayaSchemas.dir\testModelAPI.cpp.obj
[2023-04-03T16:10:23.995Z]     [562/584] Linking CXX shared library plugin\al\schemas\AL\usd\schemas\mayatest\AL_USDMayaSchemasTest.dll
[2023-04-03T16:10:24.215Z]     [563/584] Linking CXX executable plugin\al\schemas\AL\usd\schemas\maya\tests\testMayaSchemas.exe
[2023-04-03T16:10:26.083Z]     [564/584] Building CXX object plugin\al\schemas\AL\usd\schemas\mayatest\CMakeFiles\_AL_USDMayaSchemasTest.dir\wrapExamplePolyCubeNode.cpp.obj
[2023-04-03T16:10:26.215Z]     [565/584] Linking CXX shared library plugin\al\plugin\AL_USDMayaTestPlugin\AL_USDMayaTestPlugin.mll
[2023-04-03T16:10:26.376Z]     [566/584] Building CXX object plugin\al\translators\CMakeFiles\AL_USDMayaTranslators.dir\FrameRange.cpp.obj
[2023-04-03T16:10:26.489Z]     [567/584] Building CXX object plugin\adsk\plugin\CMakeFiles\mayaUsdPlugin.dir\adskImportCommand.cpp.obj
[2023-04-03T16:10:26.489Z]     [568/584] Building CXX object plugin\al\translators\CMakeFiles\AL_USDMayaTranslators.dir\MayaReference.cpp.obj
[2023-04-03T16:10:26.706Z]     [569/584] Linking CXX shared library plugin\al\schemas\AL\usd\schemas\mayatest\_AL_USDMayaSchemasTest.pyd
[2023-04-03T16:10:26.706Z]     [570/584] Building CXX object plugin\al\translators\CMakeFiles\AL_USDMayaTranslators.dir\Camera.cpp.obj
[2023-04-03T16:10:26.820Z]     [571/584] Building CXX object plugin\al\translators\CMakeFiles\AL_USDMayaTranslators.dir\Mesh.cpp.obj
[2023-04-03T16:10:27.137Z]     [572/584] Building CXX object plugin\al\translators\CMakeFiles\AL_USDMayaTranslators.dir\DirectionalLight.cpp.obj
[2023-04-03T16:10:27.252Z]     [573/584] Building CXX object plugin\al\translators\CMakeFiles\AL_USDMayaTranslators.dir\NurbsCurve.cpp.obj
[2023-04-03T16:10:27.772Z]     [574/584] Building CXX object plugin\al\translators\pxrUsdTranslators\CMakeFiles\AL_USDMayaPxrTranslators.dir\ProxyShapeTranslator.cpp.obj
[2023-04-03T16:10:27.885Z]     [575/584] Building CXX object plugin\adsk\plugin\CMakeFiles\mayaUsdPlugin.dir\adskStageLoadUnloadCommands.cpp.obj
[2023-04-03T16:10:27.998Z]     [576/584] Linking CXX shared library plugin\al\translators\AL_USDMayaTranslators.dll
[2023-04-03T16:10:28.519Z]     [577/584] Linking CXX shared library plugin\al\translators\pxrUsdTranslators\AL_USDMayaPxrTranslators.mll
[2023-04-03T16:10:28.736Z]     [578/584] Building CXX object plugin\adsk\plugin\CMakeFiles\mayaUsdPlugin.dir\geomNode.cpp.obj
[2023-04-03T16:10:29.053Z]     [579/584] Building CXX object plugin\adsk\plugin\CMakeFiles\mayaUsdPlugin.dir\adskExportCommand.cpp.obj
[2023-04-03T16:10:29.977Z]     [580/584] Building CXX object plugin\adsk\plugin\CMakeFiles\mayaUsdPlugin.dir\exportTranslator.cpp.obj
[2023-04-03T16:10:30.599Z]     [581/584] Building CXX object plugin\adsk\plugin\CMakeFiles\mayaUsdPlugin.dir\plugin.cpp.obj
[2023-04-03T16:10:30.915Z]     [582/584] Building CXX object plugin\adsk\plugin\CMakeFiles\mayaUsdPlugin.dir\ProxyShape.cpp.obj
[2023-04-03T16:10:33.155Z]     [583/584] Building CXX object plugin\adsk\plugin\CMakeFiles\mayaUsdPlugin.dir\importTranslator.cpp.obj
[2023-04-03T16:10:33.970Z]     [584/584] Linking CXX shared module plugin\adsk\plugin\mayaUsdPlugin.mll
[2023-04-03T16:10:33.970Z]     
[2023-04-03T16:10:33.970Z]         Building with settings:
[2023-04-03T16:10:33.970Z]           Source directory          S:\jenkins\workspace\ECP\ecg-maya-usd\ecg-mayausd-branch-preflight-2019-no-ufe-windows\ecg-maya-usd\maya-usd
[2023-04-03T16:10:33.970Z]           Workspace directory       W:\
[2023-04-03T16:10:33.970Z]           Build directory           W:\build\RelWithDebInfo
[2023-04-03T16:10:33.970Z]           Install directory         W:\install\RelWithDebInfo\MayaUSD
[2023-04-03T16:10:33.970Z]           Variant                   RelWithDebInfo
[2023-04-03T16:10:33.970Z]           Python Debug              Off
[2023-04-03T16:10:33.970Z]           CMake generator           Ninja
[2023-04-03T16:10:33.970Z]           Build arguments           ['-DCMAKE_MAKE_PROGRAM=P:/shared/Artifactory/Windows/ninja/1.9.0/c68f192/ninja.exe', '-DPYTHON_INCLUDE_DIR=P:/shared/Artifactory/Windows/rundev-2019/202003131251/runtime/155eb96/runTime/include/Python2.7', '-DPython_EXECUTABLE=P:/shared/Artifactory/Windows/rundev-2019/202003131251/runtime/155eb96/runTime/bin/mayapy.exe', '-DPYTHON_LIBRARIES=P:/shared/Artifactory/Windows/rundev-2019/202003131251/runtime/155eb96/runTime/lib/python27.lib', '-DCMAKE_WANT_UFE_BUILD=OFF', '-DUSD_LIB_PREFIX=', '-DCMAKE_WANT_MATERIALX_BUILD=ON', '-DCMAKE_PREFIX_PATH=P:\\shared\\Artifactory\\Windows\\USD\\cfb3d8a']
[2023-04-03T16:10:33.970Z]           Stages arguments          ['build']
[2023-04-03T16:10:33.970Z]           CTest arguments           ['-E testUsdReferenceAssemblySelection|testUsdMayaAppDir', '-LE interactive', '--parallel 16']
[2023-04-03T16:10:33.970Z]     Success MayaUSD build and install !!!!
[2023-04-03T16:10:33.970Z]     Elapsed time: 00:04:12
[Pipeline] bat
[2023-04-03T16:10:34.304Z] Deleting alias drive W:
[Pipeline] bat
[2023-04-03T16:10:34.649Z] Deleting alias drive P:
[Pipeline] }
[Pipeline] // withEnv
[Pipeline] }
[Pipeline] // timeout
[Pipeline] }
[Pipeline] // stage
[Pipeline] }
[Pipeline] // timestamps
[Pipeline] timestamps
[Pipeline] {
[Pipeline] stage
[Pipeline] { (Install)
[Pipeline] timeout
[2023-04-03T16:10:35.160Z] Timeout set to expire in 6 hr 0 min
[Pipeline] {
[Pipeline] withEnv
[Pipeline] {
[Pipeline] bat
[2023-04-03T16:10:35.203Z] Creating alias drive P: to S:\jenkins\workspace
[Pipeline] bat
[2023-04-03T16:10:35.554Z] Creating alias drive W: to S:\jenkins\workspace\ECP\ecg-maya-usd\ecg-mayausd-branch-preflight-2019-no-ufe-windows
[Pipeline] bat
[2023-04-03T16:10:36.045Z] "C:\Program Files (x86)\Microsoft Visual Studio\2017\Professional\VC\Auxiliary\Build\vcvarsall.bat" x64
[2023-04-03T16:10:36.152Z] **********************************************************************
[2023-04-03T16:10:36.152Z] ** Visual Studio 2017 Developer Command Prompt v15.9.15
[2023-04-03T16:10:36.152Z] ** Copyright (c) 2017 Microsoft Corporation
[2023-04-03T16:10:36.152Z] **********************************************************************
[2023-04-03T16:10:37.070Z] [vcvarsall.bat] Environment initialized for: 'x64'
[2023-04-03T16:10:37.070Z] python ecg-maya-usd/build.py --stages=install --workspace-dir=W:\ --artifactory-dir=P:\shared\Artifactory --build-dir=W:\build --install-dir=W:\install --signing-dir=W:\signing --package-dir=W:\package --output-dir=W:\output --stash-dir=W:\stash --jenkins-build=819 --git-commit=fbc705fc97ac5e97dcc1209fffcb076b1cacfe11 --git-branch=master --variants=RelWithDebInfo --python=2.7 --ufe=false --pxrusd-version=0.21.05-gold --post-zips=false --maya-cut-config=maya-rundev-2019.yaml --maya-package=rundev-2019 --stage-banner
[2023-04-03T16:10:37.989Z] Using Maya cut from P:\shared\Artifactory\Windows\rundev-2019\202003131251\runtime\155eb96
[2023-04-03T16:10:37.989Z] 
[2023-04-03T16:10:37.989Z] ================================================================================
[2023-04-03T16:10:37.989Z]                             install (RelWithDebInfo)
[2023-04-03T16:10:37.989Z] ================================================================================
[2023-04-03T16:10:37.989Z] Maya Python RelWithDebInfo Info:
[2023-04-03T16:10:37.989Z]   mayapy executable   = P:\shared\Artifactory\Windows\rundev-2019\202003131251\runtime\155eb96\runTime\bin\mayapy.exe
[2023-04-03T16:10:37.989Z]   Include Folder      = P:\shared\Artifactory\Windows\rundev-2019\202003131251\runtime\155eb96\runTime\include\Python2.7
[2023-04-03T16:10:37.989Z]   Library             = P:\shared\Artifactory\Windows\rundev-2019\202003131251\runtime\155eb96\runTime\lib\python27.lib
[2023-04-03T16:10:37.989Z]   site-package Folder = P:\shared\Artifactory\Windows\rundev-2019\202003131251\runtime\155eb96\runTime\Python\Lib\site-packages
[2023-04-03T16:10:38.710Z] In workdir: S:\jenkins\workspace\ECP\ecg-maya-usd\ecg-mayausd-branch-preflight-2019-no-ufe-windows\ecg-maya-usd\maya-usd
[2023-04-03T16:10:38.710Z] Executing: 'P:\\shared\\Artifactory\\Windows\\rundev-2019\\202003131251\\runtime\\155eb96\\runTime\\bin\\mayapy.exe' 'S:\\jenkins\\workspace\\ECP\\ecg-maya-usd\\ecg-mayausd-branch-preflight-2019-no-ufe-windows\\ecg-maya-usd\\maya-usd\\build.py' --generator Ninja --build-relwithdebug --maya-location 'P:\\shared\\Artifactory\\Windows\\rundev-2019\\202003131251\\runtime\\155eb96\\runTime' --devkit-location 'P:\\shared\\Artifactory\\Windows\\rundev-2019\\202003131251\\runtime\\155eb96\\devkitBase' --pxrusd-location 'P:\\shared\\Artifactory\\Windows\\USD\\cfb3d8a' --qt-location 'P:\\shared\\Artifactory\\Windows\\qt\\5.6.1\\1acd0ba' '--build-args=-DCMAKE_MAKE_PROGRAM=P:/shared/Artifactory/Windows/ninja/1.9.0/c68f192/ninja.exe,-DPYTHON_INCLUDE_DIR=P:/shared/Artifactory/Windows/rundev-2019/202003131251/runtime/155eb96/runTime/include/Python2.7,-DPython_EXECUTABLE=P:/shared/Artifactory/Windows/rundev-2019/202003131251/runtime/155eb96/runTime/bin/mayapy.exe,-DPYTHON_LIBRARIES=P:/shared/Artifactory/Windows/rundev-2019/202003131251/runtime/155eb96/runTime/lib/python27.lib,-DCMAKE_WANT_UFE_BUILD=OFF,-DUSD_LIB_PREFIX=,-DCMAKE_WANT_MATERIALX_BUILD=ON,-DCMAKE_PREFIX_PATH=P:\\shared\\Artifactory\\Windows\\USD\\cfb3d8a' '--ctest-args=-E testUsdReferenceAssemblySelection|testUsdMayaAppDir,-LE interactive,--parallel 16' --stages=install --redirect-outstream-file=False --install-location 'W:\\install\\RelWithDebInfo\\MayaUSD' 'W:\\'
[2023-04-03T16:10:38.710Z] Modified environment variables:
[2023-04-03T16:10:38.710Z]     PATH=P:\shared\Artifactory\Windows\cmake\3.20.3\afe857a\bin;C:\Python27\lib\site-packages\pywin32_system32;C:\Program Files (x86)\Microsoft Visual Studio\2017\Professional\VC\Tools\MSVC\14.16.27023\bin\HostX64\x64;C:\Program Files (x86)\Microsoft Visual Studio\2017\Professional\Common7\IDE\VC\VCPackages;C:\Program Files (x86)\Microsoft Visual Studio\2017\Professional\Common7\IDE\CommonExtensions\Microsoft\TestWindow;C:\Program Files (x86)\Microsoft Visual Studio\2017\Professional\Common7\IDE\CommonExtensions\Microsoft\TeamFoundation\Team Explorer;C:\Program Files (x86)\Microsoft Visual Studio\2017\Professional\MSBuild\15.0\bin\Roslyn;C:\Program Files (x86)\Microsoft Visual Studio\2017\Professional\Team Tools\Performance Tools\x64;C:\Program Files (x86)\Microsoft Visual Studio\2017\Professional\Team Tools\Performance Tools;C:\Program Files (x86)\Microsoft Visual Studio\Shared\Common\VSPerfCollectionTools\\x64;C:\Program Files (x86)\Microsoft Visual Studio\Shared\Common\VSPerfCollectionTools\;C:\Program Files (x86)\Microsoft SDKs\Windows\v10.0A\bin\NETFX 4.6.1 Tools\x64\;C:\Program Files (x86)\HTML Help Workshop;C:\Program Files (x86)\Windows Kits\10\bin\10.0.18362.0\x64;C:\Program Files (x86)\Windows Kits\10\bin\x64;C:\Program Files (x86)\Microsoft Visual Studio\2017\Professional\\MSBuild\15.0\bin;C:\WINDOWS\Microsoft.NET\Framework64\v4.0.30319;C:\Program Files (x86)\Microsoft Visual Studio\2017\Professional\Common7\IDE\;C:\Program Files (x86)\Microsoft Visual Studio\2017\Professional\Common7\Tools\;C:\Python27\;C:\Python27\Scripts;C:\WINDOWS\system32;C:\WINDOWS;C:\WINDOWS\System32\Wbem;C:\WINDOWS\System32\WindowsPowerShell\v1.0\;C:\WINDOWS\System32\OpenSSH\;C:\ProgramData\chocolatey\bin;C:\Program Files (x86)\WiX Toolset v3.7\bin;C:\Program Files\dotnet\;C:\Program Files (x86)\Windows Kits\10\bin\10.0.18362.0\x64;C:\Program Files\Zulu\zulu-11\bin\;C:\Program Files (x86)\Windows Kits\10\bin\10.0.17763.0\x64;C:\Program Files (x86)\Windows Kits\10\bin\x64;C:\Program Files\Git\cmd;C:\Program Files\Git\usr\bin;C:\Program Files\Git\mingw64\bin;C:\Program Files\Git\bin;C:\Python38\;C:\Python38\Scripts;C:\StoreBoxClientWindows;C:\Program Files\Electric Cloud\ElectricCommander\bin;C:\Program Files\WinRAR;C:\Program Files\7-Zip;C:\Users\Administrator\AppData\Local\Microsoft\WindowsApps;C:\Program Files (x86)\Microsoft Visual Studio\2017\Professional\Common7\IDE\CommonExtensions\Microsoft\CMake\CMake\bin;C:\Program Files (x86)\Microsoft Visual Studio\2017\Professional\Common7\IDE\CommonExtensions\Microsoft\CMake\Ninja
[2023-04-03T16:10:39.122Z]     [1/8] Automatic MOC and UIC for target mayaUsdUI
[2023-04-03T16:10:39.231Z]     [2/5] Automatic MOC and UIC for target testMayaUsdUI
[2023-04-03T16:10:39.231Z]     [2/3] Install the project...
[2023-04-03T16:10:39.231Z]     -- Install configuration: "RelWithDebInfo"
[2023-04-03T16:10:44.411Z]     
[2023-04-03T16:10:44.411Z]         Building with settings:
[2023-04-03T16:10:44.411Z]           Source directory          S:\jenkins\workspace\ECP\ecg-maya-usd\ecg-mayausd-branch-preflight-2019-no-ufe-windows\ecg-maya-usd\maya-usd
[2023-04-03T16:10:44.411Z]           Workspace directory       W:\
[2023-04-03T16:10:44.411Z]           Build directory           W:\build\RelWithDebInfo
[2023-04-03T16:10:44.411Z]           Install directory         W:\install\RelWithDebInfo\MayaUSD
[2023-04-03T16:10:44.411Z]           Variant                   RelWithDebInfo
[2023-04-03T16:10:44.411Z]           Python Debug              Off
[2023-04-03T16:10:44.411Z]           CMake generator           Ninja
[2023-04-03T16:10:44.411Z]           Build arguments           ['-DCMAKE_MAKE_PROGRAM=P:/shared/Artifactory/Windows/ninja/1.9.0/c68f192/ninja.exe', '-DPYTHON_INCLUDE_DIR=P:/shared/Artifactory/Windows/rundev-2019/202003131251/runtime/155eb96/runTime/include/Python2.7', '-DPython_EXECUTABLE=P:/shared/Artifactory/Windows/rundev-2019/202003131251/runtime/155eb96/runTime/bin/mayapy.exe', '-DPYTHON_LIBRARIES=P:/shared/Artifactory/Windows/rundev-2019/202003131251/runtime/155eb96/runTime/lib/python27.lib', '-DCMAKE_WANT_UFE_BUILD=OFF', '-DUSD_LIB_PREFIX=', '-DCMAKE_WANT_MATERIALX_BUILD=ON', '-DCMAKE_PREFIX_PATH=P:\\shared\\Artifactory\\Windows\\USD\\cfb3d8a']
[2023-04-03T16:10:44.411Z]           Stages arguments          ['install']
[2023-04-03T16:10:44.411Z]           CTest arguments           ['-E testUsdReferenceAssemblySelection|testUsdMayaAppDir', '-LE interactive', '--parallel 16']
[2023-04-03T16:10:44.411Z]     Success MayaUSD build and install !!!!
[2023-04-03T16:10:44.411Z]     Elapsed time: 00:00:05
[Pipeline] bat
[2023-04-03T16:10:44.748Z] Deleting alias drive W:
[Pipeline] bat
[2023-04-03T16:10:45.096Z] Deleting alias drive P:
[Pipeline] }
[Pipeline] // withEnv
[Pipeline] }
[Pipeline] // timeout
[Pipeline] }
[Pipeline] // stage
[Pipeline] }
[Pipeline] // timestamps
[Pipeline] timestamps
[Pipeline] {
[Pipeline] stage
[Pipeline] { (Test)
[Pipeline] timeout
[2023-04-03T16:10:45.596Z] Timeout set to expire in 6 hr 0 min
[Pipeline] {
[Pipeline] withEnv
[Pipeline] {
[Pipeline] bat
[2023-04-03T16:10:45.639Z] Creating alias drive P: to S:\jenkins\workspace
[Pipeline] bat
[2023-04-03T16:10:45.990Z] Creating alias drive W: to S:\jenkins\workspace\ECP\ecg-maya-usd\ecg-mayausd-branch-preflight-2019-no-ufe-windows
[Pipeline] bat
[2023-04-03T16:10:46.488Z] "C:\Program Files (x86)\Microsoft Visual Studio\2017\Professional\VC\Auxiliary\Build\vcvarsall.bat" x64
[2023-04-03T16:10:46.591Z] **********************************************************************
[2023-04-03T16:10:46.591Z] ** Visual Studio 2017 Developer Command Prompt v15.9.15
[2023-04-03T16:10:46.591Z] ** Copyright (c) 2017 Microsoft Corporation
[2023-04-03T16:10:46.591Z] **********************************************************************
[2023-04-03T16:10:47.610Z] [vcvarsall.bat] Environment initialized for: 'x64'
[2023-04-03T16:10:47.610Z] python ecg-maya-usd/build.py --stages=test --workspace-dir=W:\ --artifactory-dir=P:\shared\Artifactory --build-dir=W:\build --install-dir=W:\install --signing-dir=W:\signing --package-dir=W:\package --output-dir=W:\output --stash-dir=W:\stash --jenkins-build=819 --git-commit=fbc705fc97ac5e97dcc1209fffcb076b1cacfe11 --git-branch=master --variants=RelWithDebInfo --python=2.7 --ufe=false --pxrusd-version=0.21.05-gold --post-zips=false --test-jobs=0 --failed-test-retry=3 --maya-cut-config=maya-rundev-2019.yaml --maya-package=rundev-2019 --stage-banner --progressive-timeout
[2023-04-03T16:10:48.428Z] Using Maya cut from P:\shared\Artifactory\Windows\rundev-2019\202003131251\runtime\155eb96
[2023-04-03T16:10:48.535Z] 
[2023-04-03T16:10:48.535Z] ================================================================================
[2023-04-03T16:10:48.535Z]                              test (RelWithDebInfo)
[2023-04-03T16:10:48.535Z] ================================================================================
[2023-04-03T16:10:48.535Z] Maya Python RelWithDebInfo Info:
[2023-04-03T16:10:48.535Z]   mayapy executable   = P:\shared\Artifactory\Windows\rundev-2019\202003131251\runtime\155eb96\runTime\bin\mayapy.exe
[2023-04-03T16:10:48.535Z]   Include Folder      = P:\shared\Artifactory\Windows\rundev-2019\202003131251\runtime\155eb96\runTime\include\Python2.7
[2023-04-03T16:10:48.535Z]   Library             = P:\shared\Artifactory\Windows\rundev-2019\202003131251\runtime\155eb96\runTime\lib\python27.lib
[2023-04-03T16:10:48.535Z]   site-package Folder = P:\shared\Artifactory\Windows\rundev-2019\202003131251\runtime\155eb96\runTime\Python\Lib\site-packages
[2023-04-03T16:10:49.253Z] In workdir: S:\jenkins\workspace\ECP\ecg-maya-usd\ecg-mayausd-branch-preflight-2019-no-ufe-windows\ecg-maya-usd\maya-usd
[2023-04-03T16:10:49.253Z] Executing: 'P:\\shared\\Artifactory\\Windows\\rundev-2019\\202003131251\\runtime\\155eb96\\runTime\\bin\\mayapy.exe' 'S:\\jenkins\\workspace\\ECP\\ecg-maya-usd\\ecg-mayausd-branch-preflight-2019-no-ufe-windows\\ecg-maya-usd\\maya-usd\\build.py' --generator Ninja --build-relwithdebug --maya-location 'P:\\shared\\Artifactory\\Windows\\rundev-2019\\202003131251\\runtime\\155eb96\\runTime' --devkit-location 'P:\\shared\\Artifactory\\Windows\\rundev-2019\\202003131251\\runtime\\155eb96\\devkitBase' --pxrusd-location 'P:\\shared\\Artifactory\\Windows\\USD\\cfb3d8a' --qt-location 'P:\\shared\\Artifactory\\Windows\\qt\\5.6.1\\1acd0ba' '--build-args=-DCMAKE_MAKE_PROGRAM=P:/shared/Artifactory/Windows/ninja/1.9.0/c68f192/ninja.exe,-DPYTHON_INCLUDE_DIR=P:/shared/Artifactory/Windows/rundev-2019/202003131251/runtime/155eb96/runTime/include/Python2.7,-DPython_EXECUTABLE=P:/shared/Artifactory/Windows/rundev-2019/202003131251/runtime/155eb96/runTime/bin/mayapy.exe,-DPYTHON_LIBRARIES=P:/shared/Artifactory/Windows/rundev-2019/202003131251/runtime/155eb96/runTime/lib/python27.lib,-DCMAKE_WANT_UFE_BUILD=OFF,-DUSD_LIB_PREFIX=,-DCMAKE_WANT_MATERIALX_BUILD=ON,-DCMAKE_PREFIX_PATH=P:\\shared\\Artifactory\\Windows\\USD\\cfb3d8a' '--ctest-args=-E testUsdReferenceAssemblySelection|testUsdMayaAppDir,-LE interactive,--parallel 16' --stages=test --redirect-outstream-file=False --install-location 'W:\\install\\RelWithDebInfo\\MayaUSD' 'W:\\'
[2023-04-03T16:10:49.253Z] Modified environment variables:
[2023-04-03T16:10:49.253Z]     PATH=P:\shared\Artifactory\Windows\cmake\3.20.3\afe857a\bin;C:\Python27\lib\site-packages\pywin32_system32;C:\Program Files (x86)\Microsoft Visual Studio\2017\Professional\VC\Tools\MSVC\14.16.27023\bin\HostX64\x64;C:\Program Files (x86)\Microsoft Visual Studio\2017\Professional\Common7\IDE\VC\VCPackages;C:\Program Files (x86)\Microsoft Visual Studio\2017\Professional\Common7\IDE\CommonExtensions\Microsoft\TestWindow;C:\Program Files (x86)\Microsoft Visual Studio\2017\Professional\Common7\IDE\CommonExtensions\Microsoft\TeamFoundation\Team Explorer;C:\Program Files (x86)\Microsoft Visual Studio\2017\Professional\MSBuild\15.0\bin\Roslyn;C:\Program Files (x86)\Microsoft Visual Studio\2017\Professional\Team Tools\Performance Tools\x64;C:\Program Files (x86)\Microsoft Visual Studio\2017\Professional\Team Tools\Performance Tools;C:\Program Files (x86)\Microsoft Visual Studio\Shared\Common\VSPerfCollectionTools\\x64;C:\Program Files (x86)\Microsoft Visual Studio\Shared\Common\VSPerfCollectionTools\;C:\Program Files (x86)\Microsoft SDKs\Windows\v10.0A\bin\NETFX 4.6.1 Tools\x64\;C:\Program Files (x86)\HTML Help Workshop;C:\Program Files (x86)\Windows Kits\10\bin\10.0.18362.0\x64;C:\Program Files (x86)\Windows Kits\10\bin\x64;C:\Program Files (x86)\Microsoft Visual Studio\2017\Professional\\MSBuild\15.0\bin;C:\WINDOWS\Microsoft.NET\Framework64\v4.0.30319;C:\Program Files (x86)\Microsoft Visual Studio\2017\Professional\Common7\IDE\;C:\Program Files (x86)\Microsoft Visual Studio\2017\Professional\Common7\Tools\;C:\Python27\;C:\Python27\Scripts;C:\WINDOWS\system32;C:\WINDOWS;C:\WINDOWS\System32\Wbem;C:\WINDOWS\System32\WindowsPowerShell\v1.0\;C:\WINDOWS\System32\OpenSSH\;C:\ProgramData\chocolatey\bin;C:\Program Files (x86)\WiX Toolset v3.7\bin;C:\Program Files\dotnet\;C:\Program Files (x86)\Windows Kits\10\bin\10.0.18362.0\x64;C:\Program Files\Zulu\zulu-11\bin\;C:\Program Files (x86)\Windows Kits\10\bin\10.0.17763.0\x64;C:\Program Files (x86)\Windows Kits\10\bin\x64;C:\Program Files\Git\cmd;C:\Program Files\Git\usr\bin;C:\Program Files\Git\mingw64\bin;C:\Program Files\Git\bin;C:\Python38\;C:\Python38\Scripts;C:\StoreBoxClientWindows;C:\Program Files\Electric Cloud\ElectricCommander\bin;C:\Program Files\WinRAR;C:\Program Files\7-Zip;C:\Users\Administrator\AppData\Local\Microsoft\WindowsApps;C:\Program Files (x86)\Microsoft Visual Studio\2017\Professional\Common7\IDE\CommonExtensions\Microsoft\CMake\CMake\bin;C:\Program Files (x86)\Microsoft Visual Studio\2017\Professional\Common7\IDE\CommonExtensions\Microsoft\CMake\Ninja
[2023-04-03T16:10:49.463Z]     Test project W:/build/RelWithDebInfo
[2023-04-03T16:10:50.279Z]             Start   1: testMayaUsdConverter
[2023-04-03T16:10:50.279Z]             Start   2: testMayaUsdCreateStageCommands
[2023-04-03T16:10:50.404Z]             Start   3: testMayaUsdPythonImport
[2023-04-03T16:10:50.404Z]             Start   4: testMayaUsdLayerEditorCommands
[2023-04-03T16:10:50.404Z]             Start   5: testMayaUsdCacheId
[2023-04-03T16:10:50.404Z]             Start   7: _Interactive_Maya
[2023-04-03T16:10:50.404Z]       1/129 Test   #7: _Interactive_Maya ...............................***Not Run (Disabled)   0.00 sec
[2023-04-03T16:10:50.404Z]             Start   8: testMayaUsdPlugVersionCheck
[2023-04-03T16:10:50.404Z]             Start   9: testPxrUsdPreviewSurfaceDraw
[2023-04-03T16:10:50.404Z]             Start  10: testPxrUsdPreviewSurfaceExport
[2023-04-03T16:10:50.404Z]             Start  11: testMayaUsdSchemasPythonImport
[2023-04-03T16:10:50.404Z]             Start  12: testMayaUsdSchemasMayaReference
[2023-04-03T16:10:50.404Z]             Start  13: testDiffCore
[2023-04-03T16:10:50.404Z]             Start  14: testDiffValues
[2023-04-03T16:10:51.048Z]             Start  15: testDiffAttributes
[2023-04-03T16:10:51.048Z]             Start  16: testDiffRelationships
[2023-04-03T16:10:51.048Z]             Start  17: testDiffDictionaries
[2023-04-03T16:10:52.603Z]             Start  18: testDiffLists
[2023-04-03T16:10:52.603Z]       2/129 Test  #13: testDiffCore ....................................   Passed    2.20 sec
[2023-04-03T16:10:52.603Z]             Start  19: testDiffComputeOverall
[2023-04-03T16:10:52.890Z]       3/129 Test  #17: testDiffDictionaries ............................   Passed    1.80 sec
[2023-04-03T16:10:52.890Z]             Start  20: testDiffPrims
[2023-04-03T16:10:52.890Z]       4/129 Test  #18: testDiffLists ...................................   Passed    0.36 sec
[2023-04-03T16:10:52.890Z]             Start  21: testMergePrims
[2023-04-03T16:10:53.010Z]       5/129 Test  #19: testDiffComputeOverall ..........................   Passed    0.38 sec
[2023-04-03T16:10:53.010Z]             Start  22: testDiffMetadatas
[2023-04-03T16:10:53.010Z]       6/129 Test  #14: testDiffValues ..................................   Passed    2.63 sec
[2023-04-03T16:10:53.010Z]             Start  23: testUsdExportAnimation
[2023-04-03T16:10:53.220Z]       7/129 Test  #22: testDiffMetadatas ...............................   Passed    0.28 sec
[2023-04-03T16:10:53.220Z]             Start  24: testUsdExportAsClip
[2023-04-03T16:10:53.220Z]       8/129 Test  #16: testDiffRelationships ...........................   Passed    2.72 sec
[2023-04-03T16:10:53.333Z]             Start  25: testUsdExportBindTransform
[2023-04-03T16:10:53.333Z]       9/129 Test  #15: testDiffAttributes ..............................   Passed    2.79 sec
[2023-04-03T16:10:53.333Z]             Start  26: testUsdExportBlendshapes
[2023-04-03T16:10:53.333Z]      10/129 Test  #21: testMergePrims ..................................   Passed    0.39 sec
[2023-04-03T16:10:53.333Z]             Start  27: testUsdExportCamera
[2023-04-03T16:10:53.333Z]      11/129 Test  #20: testDiffPrims ...................................   Passed    0.46 sec
[2023-04-03T16:10:53.333Z]             Start  28: testUsdExportColorSets
[2023-04-03T16:11:14.004Z]      12/129 Test   #9: testPxrUsdPreviewSurfaceDraw ....................   Passed   23.60 sec
[2023-04-03T16:11:14.004Z]             Start  29: testUsdExportConnected
[2023-04-03T16:11:14.827Z]      13/129 Test  #11: testMayaUsdSchemasPythonImport ..................   Passed   24.45 sec
[2023-04-03T16:11:14.827Z]             Start  30: testUsdExportDisplayColor
[2023-04-03T16:11:14.939Z]      14/129 Test  #12: testMayaUsdSchemasMayaReference .................   Passed   24.49 sec
[2023-04-03T16:11:14.939Z]             Start  31: testUsdExportEulerFilter
[2023-04-03T16:11:15.258Z]      15/129 Test   #3: testMayaUsdPythonImport .........................   Passed   24.93 sec
[2023-04-03T16:11:15.258Z]             Start  32: testUsdExportFileFormat
[2023-04-03T16:11:15.683Z]      16/129 Test   #8: testMayaUsdPlugVersionCheck .....................   Passed   25.35 sec
[2023-04-03T16:11:15.683Z]             Start  33: testUsdExportFilterTypes
[2023-04-03T16:11:16.005Z]      17/129 Test   #1: testMayaUsdConverter ............................   Passed   25.62 sec
[2023-04-03T16:11:16.005Z]             Start  34: testUsdExportFrameOffset
[2023-04-03T16:11:16.005Z]      18/129 Test   #5: testMayaUsdCacheId ..............................   Passed   25.60 sec
[2023-04-03T16:11:16.005Z]             Start  35: testUsdExportGeomSubset
[2023-04-03T16:11:16.220Z]      19/129 Test  #23: testUsdExportAnimation ..........................   Passed   23.18 sec
[2023-04-03T16:11:16.220Z]             Start  36: testUsdExportInstances
[2023-04-03T16:11:16.738Z]      20/129 Test  #26: testUsdExportBlendshapes ........................   Passed   23.43 sec
[2023-04-03T16:11:16.738Z]             Start  37: testUsdExportLayerAttributes
[2023-04-03T16:11:16.738Z]      21/129 Test  #25: testUsdExportBindTransform ......................   Passed   23.47 sec
[2023-04-03T16:11:16.738Z]             Start  38: testUsdExportLight
[2023-04-03T16:11:18.489Z]      22/129 Test  #29: testUsdExportConnected ..........................   Passed    4.47 sec
[2023-04-03T16:11:18.489Z]             Start  39: testUsdExportLocator
[2023-04-03T16:11:18.489Z]      23/129 Test   #4: testMayaUsdLayerEditorCommands ..................***Failed   28.16 sec
[2023-04-03T16:11:18.489Z]     MAYA_DEBUG_NO_SAVE_ON_CRASH is set.
[2023-04-03T16:11:18.489Z]     Undo:
[2023-04-03T16:11:18.489Z]     Undo:
[2023-04-03T16:11:18.489Z]     Undo:
[2023-04-03T16:11:18.489Z]     Undo:
[2023-04-03T16:11:18.489Z]     
[2023-04-03T16:11:18.489Z]     API error detected in S:\jenkins\workspace\ECP\ecg-maya-usd\ecg-mayausd-branch-preflight-2019-no-ufe-windows\ecg-maya-usd\maya-usd\lib\mayaUsd\utils\query.cpp at line 43
[2023-04-03T16:11:18.489Z]     : (kInvalidParameter): Object does not exist
[2023-04-03T16:11:18.489Z]     
[2023-04-03T16:11:18.489Z]     API error detected in S:\jenkins\workspace\ECP\ecg-maya-usd\ecg-mayausd-branch-preflight-2019-no-ufe-windows\ecg-maya-usd\maya-usd\lib\mayaUsd\utils\query.cpp at line 43
[2023-04-03T16:11:18.489Z]     : (kInvalidParameter): Object does not exist
[2023-04-03T16:11:18.489Z]     .EUndo:
[2023-04-03T16:11:18.489Z]     Redo:
[2023-04-03T16:11:18.489Z]     Undo:
[2023-04-03T16:11:18.489Z]     Undo:
[2023-04-03T16:11:18.489Z]     Redo:
[2023-04-03T16:11:18.489Z]     Undo:
[2023-04-03T16:11:18.489Z]     Undo:
[2023-04-03T16:11:18.489Z]     Redo:
[2023-04-03T16:11:18.489Z]     Undo:
[2023-04-03T16:11:18.489Z]     Undo:
[2023-04-03T16:11:18.489Z]     Redo:
[2023-04-03T16:11:18.489Z]     Undo:
[2023-04-03T16:11:18.489Z]     Undo:
[2023-04-03T16:11:18.489Z]     Redo:
[2023-04-03T16:11:18.489Z]     Undo:
[2023-04-03T16:11:18.489Z]     Undo:
[2023-04-03T16:11:18.489Z]     Redo:
[2023-04-03T16:11:18.489Z]     Undo:
[2023-04-03T16:11:18.489Z]     Undo:
[2023-04-03T16:11:18.489Z]     Redo:
[2023-04-03T16:11:18.489Z]     Undo:
[2023-04-03T16:11:18.489Z]     Undo:
[2023-04-03T16:11:18.489Z]     Redo:
[2023-04-03T16:11:18.489Z]     Undo:
[2023-04-03T16:11:18.489Z]     Undo:
[2023-04-03T16:11:18.489Z]     Redo:
[2023-04-03T16:11:18.489Z]     Undo:
[2023-04-03T16:11:18.489Z]     Undo:
[2023-04-03T16:11:18.489Z]     Undo:
[2023-04-03T16:11:18.489Z]     Undo:
[2023-04-03T16:11:18.489Z]     .Undo:
[2023-04-03T16:11:18.489Z]     Redo:
[2023-04-03T16:11:18.489Z]     Undo:
[2023-04-03T16:11:18.489Z]     Redo:
[2023-04-03T16:11:18.489Z]     Undo:
[2023-04-03T16:11:18.489Z]     Redo:
[2023-04-03T16:11:18.489Z]     .Warning: This file is from an older version of Maya.  If saved, it will not be readable by previous versions.
[2023-04-03T16:11:18.489Z]     File read in  2.4 seconds.
[2023-04-03T16:11:18.489Z]     .Undo:
[2023-04-03T16:11:18.489Z]     Undo:
[2023-04-03T16:11:18.489Z]     Undo:
[2023-04-03T16:11:18.489Z]     Undo:
[2023-04-03T16:11:18.489Z]     Undo:
[2023-04-03T16:11:18.489Z]     Undo:
[2023-04-03T16:11:18.489Z]     Undo:
[2023-04-03T16:11:18.489Z]     Undo:
[2023-04-03T16:11:18.489Z]     Undo:
[2023-04-03T16:11:18.489Z]     Undo:
[2023-04-03T16:11:18.489Z]     Undo:
[2023-04-03T16:11:18.489Z]     Undo:
[2023-04-03T16:11:18.489Z]     Undo:
[2023-04-03T16:11:18.489Z]     Undo:
[2023-04-03T16:11:18.489Z]     Undo:
[2023-04-03T16:11:18.489Z]     ..Undo:
[2023-04-03T16:11:18.489Z]     Undo:
[2023-04-03T16:11:18.489Z]     Undo:
[2023-04-03T16:11:18.489Z]     Redo:
[2023-04-03T16:11:18.489Z]     Redo:
[2023-04-03T16:11:18.489Z]     Redo:
[2023-04-03T16:11:18.489Z]     Undo:
[2023-04-03T16:11:18.489Z]     Undo:
[2023-04-03T16:11:18.489Z]     Undo:
[2023-04-03T16:11:18.489Z]     Redo:
[2023-04-03T16:11:18.489Z]     Redo:
[2023-04-03T16:11:18.489Z]     Redo:
[2023-04-03T16:11:18.489Z]     Undo:
[2023-04-03T16:11:18.489Z]     Undo:
[2023-04-03T16:11:18.489Z]     Redo:
[2023-04-03T16:11:18.489Z]     Undo:
[2023-04-03T16:11:18.489Z]     Undo:
[2023-04-03T16:11:18.489Z]     Undo:
[2023-04-03T16:11:18.489Z]     Redo:
[2023-04-03T16:11:18.489Z]     Undo:
[2023-04-03T16:11:18.489Z]     Undo:
[2023-04-03T16:11:18.489Z]     Redo:
[2023-04-03T16:11:18.489Z]     Undo:
[2023-04-03T16:11:18.489Z]     .
[2023-04-03T16:11:18.489Z]     ======================================================================
[2023-04-03T16:11:18.489Z]     ERROR: testMoveRelativeSubPath (testMayaUsdLayerEditorCommands.MayaUsdLayerEditorCommandsTestCase)
[2023-04-03T16:11:18.489Z]     test 'mayaUsdLayerEditor' command 'moveSubPath' paramater for relative subpaths
[2023-04-03T16:11:18.489Z]     ----------------------------------------------------------------------
[2023-04-03T16:11:18.489Z]     Traceback (most recent call last):
[2023-04-03T16:11:18.489Z]       File "S:\jenkins\workspace\ECP\ecg-maya-usd\ecg-mayausd-branch-preflight-2019-no-ufe-windows\ecg-maya-usd\maya-usd\test\lib\testMayaUsdLayerEditorCommands.py", line 499, in testMoveRelativeSubPath
[2023-04-03T16:11:18.489Z]         myDir = tempfile.TemporaryDirectory(suffix="testMoveRelativeSubPathDir")
[2023-04-03T16:11:18.489Z]     AttributeError: 'module' object has no attribute 'TemporaryDirectory'
[2023-04-03T16:11:18.489Z]     
[2023-04-03T16:11:18.489Z]     ----------------------------------------------------------------------
[2023-04-03T16:11:18.489Z]     Ran 8 tests in 3.771s
[2023-04-03T16:11:18.489Z]     
[2023-04-03T16:11:18.489Z]     FAILED (errors=1)
[2023-04-03T16:11:18.489Z]     Warning: Could not load sublayer @second.usda@ of layer @anon:0000014409F23CA0:anonymousLayer1@; skipping. (Recomposing stage on stage @anon:0000014409F23CA0:anonymousLayer1@ <0000014427C340C0>) -- and 4 similar
[2023-04-03T16:11:18.489Z]     
[2023-04-03T16:11:18.489Z]             Start  40: testUsdExportMayaInstancer
[2023-04-03T16:11:18.606Z]      24/129 Test  #27: testUsdExportCamera .............................   Passed   25.30 sec
[2023-04-03T16:11:18.606Z]             Start  41: testUsdExportMesh
[2023-04-03T16:11:18.606Z]      25/129 Test   #2: testMayaUsdCreateStageCommands ..................   Passed   28.28 sec
[2023-04-03T16:11:18.606Z]             Start  42: testUsdExportNurbsCurve
[2023-04-03T16:11:18.776Z]      26/129 Test  #10: testPxrUsdPreviewSurfaceExport ..................   Passed   28.33 sec
[2023-04-03T16:11:18.776Z]             Start  43: testUsdExportOpenLayer
[2023-04-03T16:11:19.005Z]      27/129 Test  #24: testUsdExportAsClip .............................   Passed   25.67 sec
[2023-04-03T16:11:19.005Z]             Start  44: testUsdExportOverImport
[2023-04-03T16:11:19.005Z]      28/129 Test  #28: testUsdExportColorSets ..........................   Passed   25.73 sec
[2023-04-03T16:11:19.005Z]             Start  45: testUsdExportUsdPreviewSurface
[2023-04-03T16:11:19.169Z]      29/129 Test  #30: testUsdExportDisplayColor .......................   Passed    4.29 sec
[2023-04-03T16:11:19.169Z]             Start  46: testUsdExportParentScope
[2023-04-03T16:11:19.169Z]      30/129 Test  #32: testUsdExportFileFormat .........................   Passed    3.93 sec
[2023-04-03T16:11:19.169Z]             Start  47: testUsdExportParticles
[2023-04-03T16:11:19.294Z]      31/129 Test  #31: testUsdExportEulerFilter ........................   Passed    4.41 sec
[2023-04-03T16:11:19.294Z]             Start  48: testUsdExportPref
[2023-04-03T16:11:20.375Z]      32/129 Test  #35: testUsdExportGeomSubset .........................   Passed    4.40 sec
[2023-04-03T16:11:20.375Z]             Start  49: testUsdExportRenderLayerMode
[2023-04-03T16:11:20.816Z]      33/129 Test  #36: testUsdExportInstances ..........................   Passed    4.58 sec
[2023-04-03T16:11:20.816Z]             Start  50: testUsdExportRoots
[2023-04-03T16:11:20.816Z]      34/129 Test  #33: testUsdExportFilterTypes ........................   Passed    5.13 sec
[2023-04-03T16:11:20.816Z]             Start  51: testUsdExportRootsAndParentScope
[2023-04-03T16:11:21.040Z]      35/129 Test  #34: testUsdExportFrameOffset ........................   Passed    5.10 sec
[2023-04-03T16:11:21.040Z]             Start  52: testUsdExportSelection
[2023-04-03T16:11:21.040Z]      36/129 Test  #37: testUsdExportLayerAttributes ....................   Passed    4.36 sec
[2023-04-03T16:11:21.040Z]             Start  53: testUsdExportSelectionHierarchy
[2023-04-03T16:11:21.194Z]      37/129 Test  #38: testUsdExportLight ..............................   Passed    4.36 sec
[2023-04-03T16:11:21.194Z]             Start  54: testUsdExportSkeleton
[2023-04-03T16:11:23.098Z]      38/129 Test  #43: testUsdExportOpenLayer ..........................   Passed    4.32 sec
[2023-04-03T16:11:23.098Z]             Start  55: testUsdExportStripNamespaces
[2023-04-03T16:11:23.428Z]      39/129 Test  #44: testUsdExportOverImport .........................   Passed    4.45 sec
[2023-04-03T16:11:23.428Z]             Start  56: testUsdExportStroke
[2023-04-03T16:11:23.428Z]      40/129 Test  #39: testUsdExportLocator ............................   Passed    5.02 sec
[2023-04-03T16:11:23.428Z]             Start  57: testUsdExportUserTaggedAttributes
[2023-04-03T16:11:23.776Z]      41/129 Test  #42: testUsdExportNurbsCurve .........................   Passed    5.13 sec
[2023-04-03T16:11:23.776Z]             Start  58: testUsdExportVisibilityDefault
[2023-04-03T16:11:23.896Z]      42/129 Test  #45: testUsdExportUsdPreviewSurface ..................   Passed    4.83 sec
[2023-04-03T16:11:23.896Z]             Start  59: testUsdImportAnonymousLayer
[2023-04-03T16:11:23.896Z]      43/129 Test  #40: testUsdExportMayaInstancer ......................   Passed    5.43 sec
[2023-04-03T16:11:23.896Z]             Start  60: testUsdImportCamera
[2023-04-03T16:11:24.032Z]      44/129 Test  #46: testUsdExportParentScope ........................   Passed    4.86 sec
[2023-04-03T16:11:24.032Z]             Start  61: testUsdImportBasisCurves
[2023-04-03T16:11:24.032Z]      45/129 Test  #48: testUsdExportPref ...............................   Passed    4.73 sec
[2023-04-03T16:11:24.032Z]             Start  62: testUsdImportBatchNurbsCurves
[2023-04-03T16:11:24.032Z]      46/129 Test  #47: testUsdExportParticles ..........................   Passed    4.84 sec
[2023-04-03T16:11:24.032Z]             Start  63: testUsdImportLinearCurves
[2023-04-03T16:11:24.268Z]      47/129 Test  #41: testUsdExportMesh ...............................   Passed    5.65 sec
[2023-04-03T16:11:24.268Z]             Start  64: testUsdImportHighDegreeNurbsCurves
[2023-04-03T16:11:24.268Z]      48/129 Test  #49: testUsdExportRenderLayerMode ....................   Passed    3.90 sec
[2023-04-03T16:11:24.268Z]             Start  65: testUsdImportNurbsCurves
[2023-04-03T16:11:25.227Z]      49/129 Test  #51: testUsdExportRootsAndParentScope ................   Passed    4.38 sec
[2023-04-03T16:11:25.227Z]             Start  66: testUsdImportBatchBezierCurves
[2023-04-03T16:11:25.856Z]      50/129 Test  #52: testUsdExportSelection ..........................   Passed    4.85 sec
[2023-04-03T16:11:25.856Z]             Start  67: testUsdImportColorSets
[2023-04-03T16:11:25.972Z]      51/129 Test  #53: testUsdExportSelectionHierarchy .................   Passed    4.94 sec
[2023-04-03T16:11:25.972Z]             Start  68: testUsdImportDisplacement
[2023-04-03T16:11:27.120Z]      52/129 Test  #50: testUsdExportRoots ..............................   Passed    6.27 sec
[2023-04-03T16:11:27.120Z]             Start  69: testUsdImportExportScope
[2023-04-03T16:11:27.240Z]      53/129 Test  #54: testUsdExportSkeleton ...........................   Passed    6.07 sec
[2023-04-03T16:11:27.240Z]             Start  70: testUsdImportExportTypelessDefs
[2023-04-03T16:11:27.240Z]      54/129 Test  #55: testUsdExportStripNamespaces ....................   Passed    4.21 sec
[2023-04-03T16:11:27.240Z]             Start  71: testUsdImportFrameRange
[2023-04-03T16:11:27.994Z]      55/129 Test  #59: testUsdImportAnonymousLayer .....................   Passed    4.09 sec
[2023-04-03T16:11:27.994Z]             Start  72: testUsdImportFramerates
[2023-04-03T16:11:28.119Z]      56/129 Test  #56: testUsdExportStroke .............................   Passed    4.73 sec
[2023-04-03T16:11:28.119Z]             Start  73: testUsdImportInstances
[2023-04-03T16:11:28.248Z]      57/129 Test  #60: testUsdImportCamera .............................   Passed    4.30 sec
[2023-04-03T16:11:28.248Z]             Start  74: testUsdImportLight
[2023-04-03T16:11:28.248Z]      58/129 Test  #57: testUsdExportUserTaggedAttributes ...............   Passed    4.82 sec
[2023-04-03T16:11:28.248Z]             Start  75: testUsdImportMayaReference
[2023-04-03T16:11:28.705Z]      59/129 Test  #58: testUsdExportVisibilityDefault ..................   Passed    4.90 sec
[2023-04-03T16:11:28.705Z]             Start  76: testUsdImportMesh
[2023-04-03T16:11:28.828Z]      60/129 Test  #63: testUsdImportLinearCurves .......................   Passed    4.81 sec
[2023-04-03T16:11:28.828Z]             Start  77: testUsdImportPointCache
[2023-04-03T16:11:28.828Z]      61/129 Test  #61: testUsdImportBasisCurves ........................   Passed    4.89 sec
[2023-04-03T16:11:28.828Z]             Start  78: testUsdImportPreviewSurface
[2023-04-03T16:11:28.948Z]      62/129 Test  #62: testUsdImportBatchNurbsCurves ...................   Passed    4.86 sec
[2023-04-03T16:11:28.948Z]             Start  79: testUsdImportSessionLayer
[2023-04-03T16:11:28.948Z]      63/129 Test  #65: testUsdImportNurbsCurves ........................   Passed    4.67 sec
[2023-04-03T16:11:28.948Z]             Start  80: testUsdImportShadingModeDisplayColor
[2023-04-03T16:11:28.948Z]      64/129 Test  #64: testUsdImportHighDegreeNurbsCurves ..............   Passed    4.70 sec
[2023-04-03T16:11:28.948Z]             Start  81: testUsdImportShadingModePxrRis
[2023-04-03T16:11:29.391Z]      65/129 Test  #66: testUsdImportBatchBezierCurves ..................   Passed    4.16 sec
[2023-04-03T16:11:29.391Z]             Start  82: testUsdImportUVSetMappings
[2023-04-03T16:11:30.380Z]      66/129 Test  #68: testUsdImportDisplacement .......................   Passed    4.33 sec
[2023-04-03T16:11:30.380Z]             Start  83: testUsdImportUSDZTextures
[2023-04-03T16:11:30.380Z]      67/129 Test  #67: testUsdImportColorSets ..........................   Passed    4.52 sec
[2023-04-03T16:11:30.380Z]             Start  84: testUsdExportImportRoundtripPreviewSurface
[2023-04-03T16:11:31.331Z]      68/129 Test  #70: testUsdImportExportTypelessDefs .................   Passed    4.15 sec
[2023-04-03T16:11:31.331Z]             Start  85: testUsdImportSkeleton
[2023-04-03T16:11:31.331Z]      69/129 Test  #69: testUsdImportExportScope ........................   Passed    4.26 sec
[2023-04-03T16:11:31.331Z]             Start  86: testUsdImportXforms
[2023-04-03T16:11:31.564Z]      70/129 Test  #71: testUsdImportFrameRange .........................   Passed    4.36 sec
[2023-04-03T16:11:31.564Z]             Start  87: testUsdImportXformAnim
[2023-04-03T16:11:32.093Z]      71/129 Test  #72: testUsdImportFramerates .........................   Passed    4.18 sec
[2023-04-03T16:11:32.093Z]             Start  88: testUsdImportEulerFilter
[2023-04-03T16:11:32.334Z]      72/129 Test  #74: testUsdImportLight ..............................   Passed    4.04 sec
[2023-04-03T16:11:32.334Z]             Start  89: testUsdMayaAdaptor
[2023-04-03T16:11:32.478Z]      73/129 Test  #73: testUsdImportInstances ..........................   Passed    4.27 sec
[2023-04-03T16:11:32.478Z]             Start  90: testUsdMayaAdaptorGeom
[2023-04-03T16:11:32.824Z]      74/129 Test  #76: testUsdImportMesh ...............................   Passed    4.10 sec
[2023-04-03T16:11:32.824Z]             Start  91: testUsdMayaAdaptorMetadata
[2023-04-03T16:11:33.060Z]      75/129 Test  #75: testUsdImportMayaReference ......................   Passed    4.72 sec
[2023-04-03T16:11:33.060Z]             Start  92: testUsdMayaAdaptorUndoRedo
[2023-04-03T16:11:33.060Z]      76/129 Test  #80: testUsdImportShadingModeDisplayColor ............   Passed    4.11 sec
[2023-04-03T16:11:33.060Z]             Start  93: testUsdExportUVTransforms
[2023-04-03T16:11:33.060Z]      77/129 Test  #79: testUsdImportSessionLayer .......................   Passed    4.21 sec
[2023-04-03T16:11:33.060Z]             Start  94: testUsdExportUsdzPackage
[2023-04-03T16:11:33.195Z]      78/129 Test  #81: testUsdImportShadingModePxrRis ..................   Passed    4.21 sec
[2023-04-03T16:11:33.195Z]             Start  95: testUsdImportRfMShaders
[2023-04-03T16:11:33.312Z]      79/129 Test  #77: testUsdImportPointCache .........................   Passed    4.49 sec
[2023-04-03T16:11:33.312Z]             Start  96: testUsdExportDisplacement
[2023-04-03T16:11:33.427Z]      80/129 Test  #78: testUsdImportPreviewSurface .....................   Passed    4.54 sec
[2023-04-03T16:11:33.427Z]             Start  97: testUsdExportShadingInstanced
[2023-04-03T16:11:33.661Z]      81/129 Test  #82: testUsdImportUVSetMappings ......................   Passed    4.32 sec
[2023-04-03T16:11:33.661Z]             Start  98: testUsdExportShadingModePxrRis
[2023-04-03T16:11:34.625Z]      82/129 Test  #83: testUsdImportUSDZTextures .......................   Passed    4.26 sec
[2023-04-03T16:11:34.625Z]             Start  99: testUsdExportImportUDIM
[2023-04-03T16:11:35.409Z]      83/129 Test  #84: testUsdExportImportRoundtripPreviewSurface ......   Passed    5.03 sec
[2023-04-03T16:11:35.409Z]             Start 100: testUsdExportRfMShaders
[2023-04-03T16:11:35.755Z]      84/129 Test  #85: testUsdImportSkeleton ...........................   Passed    4.39 sec
[2023-04-03T16:11:35.755Z]             Start 101: testUsdExportUVSets
[2023-04-03T16:11:35.755Z]      85/129 Test  #87: testUsdImportXformAnim ..........................   Passed    4.16 sec
[2023-04-03T16:11:35.755Z]             Start 102: testUsdExportUVSetsFloat
[2023-04-03T16:11:36.379Z]      86/129 Test  #88: testUsdImportEulerFilter ........................   Passed    4.21 sec
[2023-04-03T16:11:36.379Z]             Start 103: testUsdExportUVSetMappings
[2023-04-03T16:11:36.379Z]      87/129 Test  #89: testUsdMayaAdaptor ..............................   Passed    4.15 sec
[2023-04-03T16:11:36.379Z]             Start 104: testUsdImportUVSets
[2023-04-03T16:11:36.644Z]      88/129 Test  #90: testUsdMayaAdaptorGeom ..........................   Passed    4.24 sec
[2023-04-03T16:11:36.645Z]             Start 105: testUsdImportUVSetsFloat
[2023-04-03T16:11:36.978Z]      89/129 Test  #91: testUsdMayaAdaptorMetadata ......................   Passed    4.23 sec
[2023-04-03T16:11:36.978Z]             Start 106: testUsdImportChaser
[2023-04-03T16:11:37.105Z]      90/129 Test  #92: testUsdMayaAdaptorUndoRedo ......................   Passed    4.10 sec
[2023-04-03T16:11:37.105Z]             Start 107: testUsdMayaListShadingModesCommand
[2023-04-03T16:11:37.467Z]      91/129 Test  #95: testUsdImportRfMShaders .........................   Passed    4.28 sec
[2023-04-03T16:11:37.467Z]             Start 108: testUsdImportExportSiteSpecificConfig
[2023-04-03T16:11:37.805Z]      92/129 Test  #94: testUsdExportUsdzPackage ........................   Passed    4.71 sec
[2023-04-03T16:11:37.805Z]             Start 109: testUsdExportAssembly
[2023-04-03T16:11:37.930Z]      93/129 Test  #93: testUsdExportUVTransforms .......................   Passed    4.86 sec
[2023-04-03T16:11:37.930Z]             Start 110: testUsdExportAssemblyEdits
[2023-04-03T16:11:38.277Z]      94/129 Test  #97: testUsdExportShadingInstanced ...................   Passed    4.85 sec
[2023-04-03T16:11:38.277Z]             Start 111: testUsdExportPackage
[2023-04-03T16:11:38.277Z]      95/129 Test  #98: testUsdExportShadingModePxrRis ..................   Passed    4.59 sec
[2023-04-03T16:11:38.277Z]             Start 112: testUsdExportPointInstancer
[2023-04-03T16:11:38.402Z]      96/129 Test  #96: testUsdExportDisplacement .......................   Passed    5.08 sec
[2023-04-03T16:11:38.402Z]             Start 113: testUsdImportAsAssemblies
[2023-04-03T16:11:39.579Z]      97/129 Test  #99: testUsdExportImportUDIM .........................   Passed    4.95 sec
[2023-04-03T16:11:39.579Z]             Start 114: testUsdImportNestedAssemblyAnimation
[2023-04-03T16:11:39.824Z]      98/129 Test #100: testUsdExportRfMShaders .........................   Passed    4.36 sec
[2023-04-03T16:11:39.824Z]             Start 115: testUsdMayaGetVariantSetSelections
[2023-04-03T16:11:40.280Z]      99/129 Test #101: testUsdExportUVSets .............................   Passed    4.56 sec
[2023-04-03T16:11:40.280Z]             Start 116: testUsdMayaModelKindProcessor
[2023-04-03T16:11:40.402Z]     100/129 Test #102: testUsdExportUVSetsFloat ........................   Passed    4.65 sec
[2023-04-03T16:11:40.402Z]             Start 117: testUsdMayaReferenceAssemblyEdits
[2023-04-03T16:11:40.661Z]     101/129 Test #104: testUsdImportUVSets .............................   Passed    4.19 sec
[2023-04-03T16:11:40.661Z]             Start 118: testUsdReferenceAssemblyChangeRepresentations
[2023-04-03T16:11:40.661Z]     102/129 Test #105: testUsdImportUVSetsFloat ........................   Passed    4.05 sec
[2023-04-03T16:11:40.661Z]             Start 119: testPxrUsdAlembicChaser
[2023-04-03T16:11:41.104Z]     103/129 Test #106: testUsdImportChaser .............................   Passed    4.12 sec
[2023-04-03T16:11:41.104Z]             Start 120: AL_MayaUtilsTests
[2023-04-03T16:11:41.319Z]     104/129 Test #103: testUsdExportUVSetMappings ......................   Passed    4.90 sec
[2023-04-03T16:11:41.319Z]             Start 121: GTest:AL_USDTransactionTests
[2023-04-03T16:11:41.574Z]     105/129 Test #121: GTest:AL_USDTransactionTests ....................   Passed    0.32 sec
[2023-04-03T16:11:41.574Z]             Start 122: Python:AL_USDTransactionTests
[2023-04-03T16:11:41.699Z]     106/129 Test #108: testUsdImportExportSiteSpecificConfig ...........   Passed    4.22 sec
[2023-04-03T16:11:41.699Z]             Start 123: AL_USDMayaTestPlugin
[2023-04-03T16:11:41.824Z]     107/129 Test #107: testUsdMayaListShadingModesCommand ..............   Passed    4.63 sec
[2023-04-03T16:11:41.824Z]             Start 124: TestALUSDMayaPython_ProxyShape
[2023-04-03T16:11:42.468Z]     108/129 Test #122: Python:AL_USDTransactionTests ...................   Passed    0.86 sec
[2023-04-03T16:11:42.468Z]             Start 125: TestALUSDMayaPython_Translators
[2023-04-03T16:11:42.836Z]     109/129 Test #110: testUsdExportAssemblyEdits ......................   Passed    4.88 sec
[2023-04-03T16:11:42.836Z]             Start 126: TestALUSDMayaPython_LayerManager
[2023-04-03T16:11:43.233Z]     110/129 Test #113: testUsdImportAsAssemblies .......................   Passed    4.75 sec
[2023-04-03T16:11:43.233Z]             Start 127: TestALUSDMayaPython_ImportModule
[2023-04-03T16:11:43.233Z]     111/129 Test #109: testUsdExportAssembly ...........................   Passed    5.44 sec
[2023-04-03T16:11:43.233Z]             Start 128: testMayaSchemas
[2023-04-03T16:11:43.494Z]     112/129 Test #111: testUsdExportPackage ............................   Passed    5.23 sec
[2023-04-03T16:11:43.494Z]             Start 129: TestAdditionalTranslators
[2023-04-03T16:11:43.495Z]     113/129 Test #128: testMayaSchemas .................................   Passed    0.26 sec
[2023-04-03T16:11:43.495Z]             Start 130: TestPxrUsdTranslators
[2023-04-03T16:11:44.269Z]     114/129 Test #114: testUsdImportNestedAssemblyAnimation ............   Passed    4.71 sec
[2023-04-03T16:11:44.498Z]     115/129 Test #127: TestALUSDMayaPython_ImportModule ................   Passed    1.33 sec
[2023-04-03T16:11:44.617Z]     116/129 Test #115: testUsdMayaGetVariantSetSelections ..............   Passed    4.78 sec
[2023-04-03T16:11:45.167Z]     117/129 Test #117: testUsdMayaReferenceAssemblyEdits ...............   Passed    4.72 sec
[2023-04-03T16:11:45.489Z]     118/129 Test #120: AL_MayaUtilsTests ...............................   Passed    4.34 sec
[2023-04-03T16:11:45.815Z]     119/129 Test #119: testPxrUsdAlembicChaser .........................   Passed    5.08 sec
[2023-04-03T16:11:45.930Z]     120/129 Test #116: testUsdMayaModelKindProcessor ...................   Passed    5.63 sec
[2023-04-03T16:11:45.930Z]     121/129 Test #118: testUsdReferenceAssemblyChangeRepresentations ...   Passed    5.28 sec
[2023-04-03T16:11:46.553Z]     122/129 Test #124: TestALUSDMayaPython_ProxyShape ..................   Passed    4.76 sec
[2023-04-03T16:11:47.484Z]     123/129 Test #126: TestALUSDMayaPython_LayerManager ................   Passed    4.71 sec
[2023-04-03T16:11:47.612Z]     124/129 Test #125: TestALUSDMayaPython_Translators .................   Passed    5.18 sec
[2023-04-03T16:11:47.831Z]     125/129 Test #130: TestPxrUsdTranslators ...........................   Passed    4.33 sec
[2023-04-03T16:11:50.276Z]     126/129 Test #129: TestAdditionalTranslators .......................   Passed    6.77 sec
[2023-04-03T16:12:05.389Z]     127/129 Test #123: AL_USDMayaTestPlugin ............................   Passed   23.75 sec
[2023-04-03T16:12:10.572Z]     128/129 Test #112: testUsdExportPointInstancer .....................   Passed   32.30 sec
[2023-04-03T16:12:46.590Z]     129/129 Test  #86: testUsdImportXforms .............................   Passed   75.26 sec
[2023-04-03T16:12:46.590Z]     
[2023-04-03T16:12:46.590Z]     99% tests passed, 1 tests failed out of 128
[2023-04-03T16:12:46.590Z]     
[2023-04-03T16:12:46.590Z]     Label Time Summary:
[2023-04-03T16:12:46.590Z]     Debugging            =   0.00 sec*proc (1 test)
[2023-04-03T16:12:46.590Z]     MayaUsd              = 157.95 sec*proc (6 tests)
[2023-04-03T16:12:46.590Z]     translators          = 582.44 sec*proc (86 tests)
[2023-04-03T16:12:46.590Z]     usdPreviewSurface    =  51.94 sec*proc (2 tests)
[2023-04-03T16:12:46.590Z]     
[2023-04-03T16:12:46.590Z]     Total Test time (real) = 117.14 sec
[2023-04-03T16:12:46.590Z]     
[2023-04-03T16:12:46.590Z]     The following tests did not run:
[2023-04-03T16:12:46.590Z]     	  7 - _Interactive_Maya (Disabled)
[2023-04-03T16:12:46.590Z]     
[2023-04-03T16:12:46.590Z]     The following tests FAILED:
[2023-04-03T16:12:46.590Z]     	  4 - testMayaUsdLayerEditorCommands (Failed)
[2023-04-03T16:12:46.590Z]     Errors while running CTest
[2023-04-03T16:12:46.590Z]     
[2023-04-03T16:12:46.590Z]         Building with settings:
[2023-04-03T16:12:46.590Z]           Source directory          S:\jenkins\workspace\ECP\ecg-maya-usd\ecg-mayausd-branch-preflight-2019-no-ufe-windows\ecg-maya-usd\maya-usd
[2023-04-03T16:12:46.590Z]           Workspace directory       W:\
[2023-04-03T16:12:46.590Z]           Build directory           W:\build\RelWithDebInfo
[2023-04-03T16:12:46.590Z]           Install directory         W:\install\RelWithDebInfo\MayaUSD
[2023-04-03T16:12:46.590Z]           Variant                   RelWithDebInfo
[2023-04-03T16:12:46.590Z]           Python Debug              Off
[2023-04-03T16:12:46.590Z]           CMake generator           Ninja
[2023-04-03T16:12:46.590Z]           Build arguments           ['-DCMAKE_MAKE_PROGRAM=P:/shared/Artifactory/Windows/ninja/1.9.0/c68f192/ninja.exe', '-DPYTHON_INCLUDE_DIR=P:/shared/Artifactory/Windows/rundev-2019/202003131251/runtime/155eb96/runTime/include/Python2.7', '-DPython_EXECUTABLE=P:/shared/Artifactory/Windows/rundev-2019/202003131251/runtime/155eb96/runTime/bin/mayapy.exe', '-DPYTHON_LIBRARIES=P:/shared/Artifactory/Windows/rundev-2019/202003131251/runtime/155eb96/runTime/lib/python27.lib', '-DCMAKE_WANT_UFE_BUILD=OFF', '-DUSD_LIB_PREFIX=', '-DCMAKE_WANT_MATERIALX_BUILD=ON', '-DCMAKE_PREFIX_PATH=P:\\shared\\Artifactory\\Windows\\USD\\cfb3d8a']
[2023-04-03T16:12:46.590Z]           Stages arguments          ['test']
[2023-04-03T16:12:46.590Z]           CTest arguments           ['-E testUsdReferenceAssemblySelection|testUsdMayaAppDir', '-LE interactive', '--parallel 16']
[2023-04-03T16:12:46.590Z]     #####################################################################################
[2023-04-03T16:12:46.590Z]     log date: 2023-04-03 09:10
[2023-04-03T16:12:46.590Z]     commit sha: 8257dfdb016adaa18a91c3b35f028911a544fdbd
[2023-04-03T16:12:46.590Z]     commit date: Mon Apr 3 10:50:19 2023 -0400
[2023-04-03T16:12:46.590Z]     #####################################################################################
[2023-04-03T16:12:46.590Z]     
[2023-04-03T16:12:46.590Z]     cmake --build . --config RelWithDebInfo --target install -- -j16
[2023-04-03T16:12:46.590Z]     #####################################################################################
[2023-04-03T16:12:46.590Z]     log date: 2023-04-03 09:10
[2023-04-03T16:12:46.590Z]     commit sha: 8257dfdb016adaa18a91c3b35f028911a544fdbd
[2023-04-03T16:12:46.590Z]     commit date: Mon Apr 3 10:50:19 2023 -0400
[2023-04-03T16:12:46.590Z]     #####################################################################################
[2023-04-03T16:12:46.591Z]     
[2023-04-03T16:12:46.591Z]     ctest --output-on-failure --timeout 500 -C RelWithDebInfo -E testUsdReferenceAssemblySelection|testUsdMayaAppDir -LE interactive --parallel 16
[2023-04-03T16:12:46.591Z]     
[2023-04-03T16:12:46.591Z]     Traceback (most recent call last):
[2023-04-03T16:12:46.591Z]       File "S:\jenkins\workspace\ECP\ecg-maya-usd\ecg-mayausd-branch-preflight-2019-no-ufe-windows\ecg-maya-usd\maya-usd\build.py", line 641, in <module>
[2023-04-03T16:12:46.591Z]         RunTests(context, context.ctestArgs)
[2023-04-03T16:12:46.591Z]       File "S:\jenkins\workspace\ECP\ecg-maya-usd\ecg-mayausd-branch-preflight-2019-no-ufe-windows\ecg-maya-usd\maya-usd\build.py", line 416, in RunTests
[2023-04-03T16:12:46.591Z]         RunCTest(context,extraArgs)
[2023-04-03T16:12:46.591Z]       File "S:\jenkins\workspace\ECP\ecg-maya-usd\ecg-mayausd-branch-preflight-2019-no-ufe-windows\ecg-maya-usd\maya-usd\build.py", line 322, in RunCTest
[2023-04-03T16:12:46.591Z]         extraArgs=(" ".join(extraArgs) if extraArgs else "")))
[2023-04-03T16:12:46.591Z]       File "S:\jenkins\workspace\ECP\ecg-maya-usd\ecg-mayausd-branch-preflight-2019-no-ufe-windows\ecg-maya-usd\maya-usd\build.py", line 179, in Run
[2023-04-03T16:12:46.591Z]         .format(cmd=cmd, log=os.path.abspath(context.logFileLocation)))
[2023-04-03T16:12:46.591Z]     RuntimeError: Failed to run 'ctest --output-on-failure --timeout 500 -C RelWithDebInfo -E testUsdReferenceAssemblySelection|testUsdMayaAppDir -LE interactive --parallel 16 '
[2023-04-03T16:12:46.591Z]     See W:\build\RelWithDebInfo\build_log.txt for more details.
[2023-04-03T16:12:46.699Z] build.py: error: Command failed with error code: 1
[Pipeline] bat
[2023-04-03T16:12:47.144Z] Deleting alias drive W:
[Pipeline] bat
[2023-04-03T16:12:47.490Z] Deleting alias drive P:
[Pipeline] }
[Pipeline] // withEnv
[Pipeline] }
[Pipeline] // timeout
[Pipeline] }
[Pipeline] // stage
[Pipeline] }
[Pipeline] // timestamps
[Pipeline] emailextrecipients
Not sending mail to unregistered user ecg.jenkins@autodesk.com because your SCM claimed this was associated with a user ID ecg.jenkins' which your security realm does not recognize; you may need changes in your SCM plugin
Not sending mail to unregistered user ecg.jenkins@autodesk.com because your SCM claimed this was associated with a user ID ecg.jenkins' which your security realm does not recognize; you may need changes in your SCM plugin
[Pipeline] echo
No recipients to send notification.
[Pipeline] }
[Pipeline] // node
[Pipeline] End of Pipeline
ERROR: script returned exit code 1
[Checks API] No suitable checks publisher found.
Finished: FAILURE
