[2023-04-06T14:18:05.985Z] ================================================================================
[2023-04-06T14:18:05.985Z]                              setup (RelWithDebInfo)
[2023-04-06T14:18:05.985Z] ================================================================================
[Pipeline] bat
[2023-04-06T14:18:06.359Z] Deleting alias drive W:
[Pipeline] bat
[2023-04-06T14:18:06.737Z] Deleting alias drive P:
[Pipeline] }
[Pipeline] // withEnv
[Pipeline] }
[Pipeline] // timeout
[Pipeline] }
[Pipeline] // stage
[Pipeline] }
[Pipeline] // timestamps
[Pipeline] timestamps
[Pipeline] {
[Pipeline] stage
[Pipeline] { (Clean)
[Pipeline] timeout
[2023-04-06T14:18:06.997Z] Timeout set to expire in 6 hr 0 min
[Pipeline] {
[Pipeline] withEnv
[Pipeline] {
[Pipeline] bat
[2023-04-06T14:18:07.304Z] Creating alias drive P: to S:\jenkins\workspace
[Pipeline] bat
[2023-04-06T14:18:07.689Z] Creating alias drive W: to S:\jenkins\workspace\ECP\ecg-maya-usd\ecg-mayausd-branch-preflight-2019-no-ufe-windows
[Pipeline] bat
[2023-04-06T14:18:08.213Z] "C:\Program Files (x86)\Microsoft Visual Studio\2017\Professional\VC\Auxiliary\Build\vcvarsall.bat" x64
[2023-04-06T14:18:08.319Z] **********************************************************************
[2023-04-06T14:18:08.319Z] ** Visual Studio 2017 Developer Command Prompt v15.9.15
[2023-04-06T14:18:08.319Z] ** Copyright (c) 2017 Microsoft Corporation
[2023-04-06T14:18:08.319Z] **********************************************************************
[2023-04-06T14:18:09.547Z] [vcvarsall.bat] Environment initialized for: 'x64'
[2023-04-06T14:18:09.547Z] python ecg-maya-usd/build.py --stages=clean --workspace-dir=W:\ --artifactory-dir=P:\shared\Artifactory --build-dir=W:\build --install-dir=W:\install --signing-dir=W:\signing --package-dir=W:\package --output-dir=W:\output --stash-dir=W:\stash --jenkins-build=830 --git-commit=a8fa22c6f13696b4ec78dd9d6c429e0c7430f14d --git-branch=master --variants=RelWithDebInfo --python=2.7 --ufe=false --pxrusd-version=0.21.05-gold --post-zips=false --maya-cut-config=maya-rundev-2019.yaml --maya-package=rundev-2019 --stage-banner
[2023-04-06T14:18:10.572Z] Using Maya cut from P:\shared\Artifactory\Windows\rundev-2019\202003131251\runtime\155eb96
[2023-04-06T14:18:10.573Z] 
[2023-04-06T14:18:10.573Z] ================================================================================
[2023-04-06T14:18:10.573Z]                              clean (RelWithDebInfo)
[2023-04-06T14:18:10.573Z] ================================================================================
[2023-04-06T14:18:10.573Z] Maya Python RelWithDebInfo Info:
[2023-04-06T14:18:10.573Z]   mayapy executable   = P:\shared\Artifactory\Windows\rundev-2019\202003131251\runtime\155eb96\runTime\bin\mayapy.exe
[2023-04-06T14:18:10.573Z]   Include Folder      = P:\shared\Artifactory\Windows\rundev-2019\202003131251\runtime\155eb96\runTime\include\Python2.7
[2023-04-06T14:18:10.573Z]   Library             = P:\shared\Artifactory\Windows\rundev-2019\202003131251\runtime\155eb96\runTime\lib\python27.lib
[2023-04-06T14:18:10.573Z]   site-package Folder = P:\shared\Artifactory\Windows\rundev-2019\202003131251\runtime\155eb96\runTime\Python\Lib\site-packages
[2023-04-06T14:18:17.884Z] In workdir: S:\jenkins\workspace\ECP\ecg-maya-usd\ecg-mayausd-branch-preflight-2019-no-ufe-windows\ecg-maya-usd\maya-usd
[2023-04-06T14:18:17.884Z] Executing: 'P:\\shared\\Artifactory\\Windows\\rundev-2019\\202003131251\\runtime\\155eb96\\runTime\\bin\\mayapy.exe' 'S:\\jenkins\\workspace\\ECP\\ecg-maya-usd\\ecg-mayausd-branch-preflight-2019-no-ufe-windows\\ecg-maya-usd\\maya-usd\\build.py' --generator Ninja --build-relwithdebug --maya-location 'P:\\shared\\Artifactory\\Windows\\rundev-2019\\202003131251\\runtime\\155eb96\\runTime' --devkit-location 'P:\\shared\\Artifactory\\Windows\\rundev-2019\\202003131251\\runtime\\155eb96\\devkitBase' --pxrusd-location 'P:\\shared\\Artifactory\\Windows\\USD\\cfb3d8a' --qt-location 'P:\\shared\\Artifactory\\Windows\\qt\\5.6.1\\1acd0ba' --materialx '--build-args=-DCMAKE_MAKE_PROGRAM=P:/shared/Artifactory/Windows/ninja/1.9.0/c68f192/ninja.exe,-DPYTHON_INCLUDE_DIR=P:/shared/Artifactory/Windows/rundev-2019/202003131251/runtime/155eb96/runTime/include/Python2.7,-DPython_EXECUTABLE=P:/shared/Artifactory/Windows/rundev-2019/202003131251/runtime/155eb96/runTime/bin/mayapy.exe,-DPYTHON_LIBRARIES=P:/shared/Artifactory/Windows/rundev-2019/202003131251/runtime/155eb96/runTime/lib/python27.lib,-DCMAKE_WANT_UFE_BUILD=OFF,-DUSD_LIB_PREFIX=,-DBUILD_HDMAYA=OFF' '--ctest-args=-E testUsdReferenceAssemblySelection|testUsdMayaAppDir,-LE interactive,--parallel 16' --stages=clean --redirect-outstream-file=False --install-location 'W:\\install\\RelWithDebInfo\\MayaUSD' 'W:\\'
[2023-04-06T14:18:17.884Z] Modified environment variables:
[2023-04-06T14:18:17.884Z]     PATH=P:\shared\Artifactory\Windows\cmake\3.20.3\afe857a\bin;C:\Python27\lib\site-packages\pywin32_system32;C:\Program Files (x86)\Microsoft Visual Studio\2017\Professional\VC\Tools\MSVC\14.16.27023\bin\HostX64\x64;C:\Program Files (x86)\Microsoft Visual Studio\2017\Professional\Common7\IDE\VC\VCPackages;C:\Program Files (x86)\Microsoft Visual Studio\2017\Professional\Common7\IDE\CommonExtensions\Microsoft\TestWindow;C:\Program Files (x86)\Microsoft Visual Studio\2017\Professional\Common7\IDE\CommonExtensions\Microsoft\TeamFoundation\Team Explorer;C:\Program Files (x86)\Microsoft Visual Studio\2017\Professional\MSBuild\15.0\bin\Roslyn;C:\Program Files (x86)\Microsoft Visual Studio\2017\Professional\Team Tools\Performance Tools\x64;C:\Program Files (x86)\Microsoft Visual Studio\2017\Professional\Team Tools\Performance Tools;C:\Program Files (x86)\Microsoft Visual Studio\Shared\Common\VSPerfCollectionTools\\x64;C:\Program Files (x86)\Microsoft Visual Studio\Shared\Common\VSPerfCollectionTools\;C:\Program Files (x86)\Microsoft SDKs\Windows\v10.0A\bin\NETFX 4.6.1 Tools\x64\;C:\Program Files (x86)\HTML Help Workshop;C:\Program Files (x86)\Windows Kits\10\bin\10.0.18362.0\x64;C:\Program Files (x86)\Windows Kits\10\bin\x64;C:\Program Files (x86)\Microsoft Visual Studio\2017\Professional\\MSBuild\15.0\bin;C:\WINDOWS\Microsoft.NET\Framework64\v4.0.30319;C:\Program Files (x86)\Microsoft Visual Studio\2017\Professional\Common7\IDE\;C:\Program Files (x86)\Microsoft Visual Studio\2017\Professional\Common7\Tools\;C:\Python27\;C:\Python27\Scripts;C:\WINDOWS\system32;C:\WINDOWS;C:\WINDOWS\System32\Wbem;C:\WINDOWS\System32\WindowsPowerShell\v1.0\;C:\WINDOWS\System32\OpenSSH\;C:\ProgramData\chocolatey\bin;C:\Program Files (x86)\WiX Toolset v3.7\bin;C:\Program Files\dotnet\;C:\Program Files (x86)\Windows Kits\10\bin\10.0.18362.0\x64;C:\Program Files\Zulu\zulu-11\bin\;C:\Program Files (x86)\Windows Kits\10\bin\10.0.17763.0\x64;C:\Program Files (x86)\Windows Kits\10\bin\x64;C:\Program Files\Git\cmd;C:\Program Files\Git\usr\bin;C:\Program Files\Git\mingw64\bin;C:\Program Files\Git\bin;C:\Python38\;C:\Python38\Scripts;C:\StoreBoxClientWindows;C:\Program Files\Electric Cloud\ElectricCommander\bin;C:\Program Files\WinRAR;C:\Program Files\7-Zip;C:\Users\Administrator\AppData\Local\Microsoft\WindowsApps;C:\Program Files (x86)\Microsoft Visual Studio\2017\Professional\Common7\IDE\CommonExtensions\Microsoft\CMake\CMake\bin;C:\Program Files (x86)\Microsoft Visual Studio\2017\Professional\Common7\IDE\CommonExtensions\Microsoft\CMake\Ninja
[2023-04-06T14:18:18.595Z]     
[2023-04-06T14:18:18.595Z]         Building with settings:
[2023-04-06T14:18:18.595Z]           Source directory          S:\jenkins\workspace\ECP\ecg-maya-usd\ecg-mayausd-branch-preflight-2019-no-ufe-windows\ecg-maya-usd\maya-usd
[2023-04-06T14:18:18.595Z]           Workspace directory       W:\
[2023-04-06T14:18:18.595Z]           Build directory           W:\build\RelWithDebInfo
[2023-04-06T14:18:18.595Z]           Install directory         W:\install\RelWithDebInfo\MayaUSD
[2023-04-06T14:18:18.595Z]           Variant                   RelWithDebInfo
[2023-04-06T14:18:18.595Z]           Python Debug              Off
[2023-04-06T14:18:18.595Z]           CMake generator           Ninja
[2023-04-06T14:18:18.595Z]           Build arguments           ['-DCMAKE_MAKE_PROGRAM=P:/shared/Artifactory/Windows/ninja/1.9.0/c68f192/ninja.exe', '-DPYTHON_INCLUDE_DIR=P:/shared/Artifactory/Windows/rundev-2019/202003131251/runtime/155eb96/runTime/include/Python2.7', '-DPython_EXECUTABLE=P:/shared/Artifactory/Windows/rundev-2019/202003131251/runtime/155eb96/runTime/bin/mayapy.exe', '-DPYTHON_LIBRARIES=P:/shared/Artifactory/Windows/rundev-2019/202003131251/runtime/155eb96/runTime/lib/python27.lib', '-DCMAKE_WANT_UFE_BUILD=OFF', '-DUSD_LIB_PREFIX=', '-DBUILD_HDMAYA=OFF']
[2023-04-06T14:18:18.595Z]           Stages arguments          ['clean']
[2023-04-06T14:18:18.595Z]           CTest arguments           ['-E testUsdReferenceAssemblySelection|testUsdMayaAppDir', '-LE interactive', '--parallel 16']
[2023-04-06T14:18:18.595Z]     Success MayaUSD build and install !!!!
[2023-04-06T14:18:18.595Z]     Elapsed time: 00:00:00
[Pipeline] bat
[2023-04-06T14:18:18.966Z] Deleting alias drive W:
[Pipeline] bat
[2023-04-06T14:18:19.339Z] Deleting alias drive P:
[Pipeline] }
[Pipeline] // withEnv
[Pipeline] }
[Pipeline] // timeout
[Pipeline] }
[Pipeline] // stage
[Pipeline] }
[Pipeline] // timestamps
[Pipeline] timestamps
[Pipeline] {
[Pipeline] stage
[Pipeline] { (Configure)
[Pipeline] timeout
[2023-04-06T14:18:19.591Z] Timeout set to expire in 6 hr 0 min
[Pipeline] {
[Pipeline] withEnv
[Pipeline] {
[Pipeline] bat
[2023-04-06T14:18:19.905Z] Creating alias drive P: to S:\jenkins\workspace
[Pipeline] bat
[2023-04-06T14:18:20.286Z] Creating alias drive W: to S:\jenkins\workspace\ECP\ecg-maya-usd\ecg-mayausd-branch-preflight-2019-no-ufe-windows
[Pipeline] bat
[2023-04-06T14:18:20.824Z] "C:\Program Files (x86)\Microsoft Visual Studio\2017\Professional\VC\Auxiliary\Build\vcvarsall.bat" x64
[2023-04-06T14:18:20.937Z] **********************************************************************
[2023-04-06T14:18:20.938Z] ** Visual Studio 2017 Developer Command Prompt v15.9.15
[2023-04-06T14:18:20.938Z] ** Copyright (c) 2017 Microsoft Corporation
[2023-04-06T14:18:20.938Z] **********************************************************************
[2023-04-06T14:18:22.061Z] [vcvarsall.bat] Environment initialized for: 'x64'
[2023-04-06T14:18:22.061Z] python ecg-maya-usd/build.py --stages=configure --workspace-dir=W:\ --artifactory-dir=P:\shared\Artifactory --build-dir=W:\build --install-dir=W:\install --signing-dir=W:\signing --package-dir=W:\package --output-dir=W:\output --stash-dir=W:\stash --jenkins-build=830 --git-commit=a8fa22c6f13696b4ec78dd9d6c429e0c7430f14d --git-branch=master --variants=RelWithDebInfo --python=2.7 --ufe=false --pxrusd-version=0.21.05-gold --post-zips=false --maya-cut-config=maya-rundev-2019.yaml --maya-package=rundev-2019 --stage-banner
[2023-04-06T14:18:23.091Z] Using Maya cut from P:\shared\Artifactory\Windows\rundev-2019\202003131251\runtime\155eb96
[2023-04-06T14:18:23.091Z] 
[2023-04-06T14:18:23.091Z] ================================================================================
[2023-04-06T14:18:23.091Z]                            configure (RelWithDebInfo)
[2023-04-06T14:18:23.091Z] ================================================================================
[2023-04-06T14:18:23.091Z] Maya Python RelWithDebInfo Info:
[2023-04-06T14:18:23.091Z]   mayapy executable   = P:\shared\Artifactory\Windows\rundev-2019\202003131251\runtime\155eb96\runTime\bin\mayapy.exe
[2023-04-06T14:18:23.091Z]   Include Folder      = P:\shared\Artifactory\Windows\rundev-2019\202003131251\runtime\155eb96\runTime\include\Python2.7
[2023-04-06T14:18:23.091Z]   Library             = P:\shared\Artifactory\Windows\rundev-2019\202003131251\runtime\155eb96\runTime\lib\python27.lib
[2023-04-06T14:18:23.091Z]   site-package Folder = P:\shared\Artifactory\Windows\rundev-2019\202003131251\runtime\155eb96\runTime\Python\Lib\site-packages
[2023-04-06T14:18:24.020Z] In workdir: S:\jenkins\workspace\ECP\ecg-maya-usd\ecg-mayausd-branch-preflight-2019-no-ufe-windows\ecg-maya-usd\maya-usd
[2023-04-06T14:18:24.020Z] Executing: 'P:\\shared\\Artifactory\\Windows\\rundev-2019\\202003131251\\runtime\\155eb96\\runTime\\bin\\mayapy.exe' 'S:\\jenkins\\workspace\\ECP\\ecg-maya-usd\\ecg-mayausd-branch-preflight-2019-no-ufe-windows\\ecg-maya-usd\\maya-usd\\build.py' --generator Ninja --build-relwithdebug --maya-location 'P:\\shared\\Artifactory\\Windows\\rundev-2019\\202003131251\\runtime\\155eb96\\runTime' --devkit-location 'P:\\shared\\Artifactory\\Windows\\rundev-2019\\202003131251\\runtime\\155eb96\\devkitBase' --pxrusd-location 'P:\\shared\\Artifactory\\Windows\\USD\\cfb3d8a' --qt-location 'P:\\shared\\Artifactory\\Windows\\qt\\5.6.1\\1acd0ba' --materialx '--build-args=-DCMAKE_MAKE_PROGRAM=P:/shared/Artifactory/Windows/ninja/1.9.0/c68f192/ninja.exe,-DPYTHON_INCLUDE_DIR=P:/shared/Artifactory/Windows/rundev-2019/202003131251/runtime/155eb96/runTime/include/Python2.7,-DPython_EXECUTABLE=P:/shared/Artifactory/Windows/rundev-2019/202003131251/runtime/155eb96/runTime/bin/mayapy.exe,-DPYTHON_LIBRARIES=P:/shared/Artifactory/Windows/rundev-2019/202003131251/runtime/155eb96/runTime/lib/python27.lib,-DCMAKE_WANT_UFE_BUILD=OFF,-DUSD_LIB_PREFIX=,-DBUILD_HDMAYA=OFF' '--ctest-args=-E testUsdReferenceAssemblySelection|testUsdMayaAppDir,-LE interactive,--parallel 16' --stages=configure --redirect-outstream-file=False --install-location 'W:\\install\\RelWithDebInfo\\MayaUSD' 'W:\\'
[2023-04-06T14:18:24.020Z] Modified environment variables:
[2023-04-06T14:18:24.020Z]     PATH=P:\shared\Artifactory\Windows\cmake\3.20.3\afe857a\bin;C:\Python27\lib\site-packages\pywin32_system32;C:\Program Files (x86)\Microsoft Visual Studio\2017\Professional\VC\Tools\MSVC\14.16.27023\bin\HostX64\x64;C:\Program Files (x86)\Microsoft Visual Studio\2017\Professional\Common7\IDE\VC\VCPackages;C:\Program Files (x86)\Microsoft Visual Studio\2017\Professional\Common7\IDE\CommonExtensions\Microsoft\TestWindow;C:\Program Files (x86)\Microsoft Visual Studio\2017\Professional\Common7\IDE\CommonExtensions\Microsoft\TeamFoundation\Team Explorer;C:\Program Files (x86)\Microsoft Visual Studio\2017\Professional\MSBuild\15.0\bin\Roslyn;C:\Program Files (x86)\Microsoft Visual Studio\2017\Professional\Team Tools\Performance Tools\x64;C:\Program Files (x86)\Microsoft Visual Studio\2017\Professional\Team Tools\Performance Tools;C:\Program Files (x86)\Microsoft Visual Studio\Shared\Common\VSPerfCollectionTools\\x64;C:\Program Files (x86)\Microsoft Visual Studio\Shared\Common\VSPerfCollectionTools\;C:\Program Files (x86)\Microsoft SDKs\Windows\v10.0A\bin\NETFX 4.6.1 Tools\x64\;C:\Program Files (x86)\HTML Help Workshop;C:\Program Files (x86)\Windows Kits\10\bin\10.0.18362.0\x64;C:\Program Files (x86)\Windows Kits\10\bin\x64;C:\Program Files (x86)\Microsoft Visual Studio\2017\Professional\\MSBuild\15.0\bin;C:\WINDOWS\Microsoft.NET\Framework64\v4.0.30319;C:\Program Files (x86)\Microsoft Visual Studio\2017\Professional\Common7\IDE\;C:\Program Files (x86)\Microsoft Visual Studio\2017\Professional\Common7\Tools\;C:\Python27\;C:\Python27\Scripts;C:\WINDOWS\system32;C:\WINDOWS;C:\WINDOWS\System32\Wbem;C:\WINDOWS\System32\WindowsPowerShell\v1.0\;C:\WINDOWS\System32\OpenSSH\;C:\ProgramData\chocolatey\bin;C:\Program Files (x86)\WiX Toolset v3.7\bin;C:\Program Files\dotnet\;C:\Program Files (x86)\Windows Kits\10\bin\10.0.18362.0\x64;C:\Program Files\Zulu\zulu-11\bin\;C:\Program Files (x86)\Windows Kits\10\bin\10.0.17763.0\x64;C:\Program Files (x86)\Windows Kits\10\bin\x64;C:\Program Files\Git\cmd;C:\Program Files\Git\usr\bin;C:\Program Files\Git\mingw64\bin;C:\Program Files\Git\bin;C:\Python38\;C:\Python38\Scripts;C:\StoreBoxClientWindows;C:\Program Files\Electric Cloud\ElectricCommander\bin;C:\Program Files\WinRAR;C:\Program Files\7-Zip;C:\Users\Administrator\AppData\Local\Microsoft\WindowsApps;C:\Program Files (x86)\Microsoft Visual Studio\2017\Professional\Common7\IDE\CommonExtensions\Microsoft\CMake\CMake\bin;C:\Program Files (x86)\Microsoft Visual Studio\2017\Professional\Common7\IDE\CommonExtensions\Microsoft\CMake\Ninja
[2023-04-06T14:18:25.349Z]     -- The C compiler identification is MSVC 19.16.27032.1
[2023-04-06T14:18:25.665Z]     -- The CXX compiler identification is MSVC 19.16.27032.1
[2023-04-06T14:18:25.782Z]     -- Detecting C compiler ABI info
[2023-04-06T14:18:26.812Z]     -- Detecting C compiler ABI info - done
[2023-04-06T14:18:26.930Z]     -- Check for working C compiler: C:/Program Files (x86)/Microsoft Visual Studio/2017/Professional/VC/Tools/MSVC/14.16.27023/bin/Hostx64/x64/cl.exe - skipped
[2023-04-06T14:18:26.930Z]     -- Detecting C compile features
[2023-04-06T14:18:26.930Z]     -- Detecting C compile features - done
[2023-04-06T14:18:26.930Z]     -- Detecting CXX compiler ABI info
[2023-04-06T14:18:27.659Z]     -- Detecting CXX compiler ABI info - done
[2023-04-06T14:18:27.659Z]     -- Check for working CXX compiler: C:/Program Files (x86)/Microsoft Visual Studio/2017/Professional/VC/Tools/MSVC/14.16.27023/bin/Hostx64/x64/cl.exe - skipped
[2023-04-06T14:18:27.659Z]     -- Detecting CXX compile features
[2023-04-06T14:18:27.659Z]     -- Detecting CXX compile features - done
[2023-04-06T14:18:27.773Z]     -- Using Maya Light API Version 1
[2023-04-06T14:18:27.888Z]     -- Found Maya: P:/shared/Artifactory/Windows/rundev-2019/202003131251/runtime/155eb96/runTime/bin/maya.exe (found suitable version "2019", minimum required is "2018")
[2023-04-06T14:18:28.404Z]     -- Found Python: P:/shared/Artifactory/Windows/rundev-2019/202003131251/runtime/155eb96/runTime/bin/mayapy.exe (found suitable exact version "2.7.11") found components: Interpreter
[2023-04-06T14:18:28.404Z]     -- Build MayaUSD with Python3 = OFF
[2023-04-06T14:18:28.404Z]     --    PYTHON_INCLUDE_DIRS = P:/shared/Artifactory/Windows/rundev-2019/202003131251/runtime/155eb96/runTime/include/Python2.7
[2023-04-06T14:18:28.404Z]     --    PYTHON_LIBRARIES    = P:/shared/Artifactory/Windows/rundev-2019/202003131251/runtime/155eb96/runTime/lib/python27.lib
[2023-04-06T14:18:28.404Z]     --    Python_EXECUTABLE   = P:/shared/Artifactory/Windows/rundev-2019/202003131251/runtime/155eb96/runTime/bin/mayapy.exe
[2023-04-06T14:18:29.530Z]     -- USD include dir: P:/shared/Artifactory/Windows/USD/cfb3d8a/include
[2023-04-06T14:18:29.530Z]     -- USD library dir: P:/shared/Artifactory/Windows/USD/cfb3d8a/lib
[2023-04-06T14:18:29.530Z]     -- USD version: 0.21.05
[2023-04-06T14:18:29.530Z]     -- Autodesk USD version: 0.21.05
[2023-04-06T14:18:29.530Z]     -- USD Boost::boost version: 107000
[2023-04-06T14:18:29.530Z]     -- Found USD: P:/shared/Artifactory/Windows/USD/cfb3d8a (found suitable version "0.21.05", minimum required is "0.20.05")
[2023-04-06T14:18:29.530Z]     CMake Warning at CMakeLists.txt:125 (message):
[2023-04-06T14:18:29.530Z]       Disabling MaterialX VP2 rendering: it is not supported by this USD package.
[2023-04-06T14:18:29.530Z]     
[2023-04-06T14:18:29.530Z]     
[2023-04-06T14:18:29.530Z]     Updated PYTHONPATH: P:\shared\Artifactory\Windows\USD\cfb3d8a\lib\python
[2023-04-06T14:18:29.530Z]     Updated PATH: P:\shared\Artifactory\Windows\rundev-2019\202003131251\runtime\155eb96\runTime\bin;P:\shared\Artifactory\Windows\cmake\3.20.3\afe857a\bin;C:\Python27\lib\site-packages\pywin32_system32;C:\Program Files (x86)\Microsoft Visual Studio\2017\Professional\VC\Tools\MSVC\14.16.27023\bin\HostX64\x64;C:\Program Files (x86)\Microsoft Visual Studio\2017\Professional\Common7\IDE\VC\VCPackages;C:\Program Files (x86)\Microsoft Visual Studio\2017\Professional\Common7\IDE\CommonExtensions\Microsoft\TestWindow;C:\Program Files (x86)\Microsoft Visual Studio\2017\Professional\Common7\IDE\CommonExtensions\Microsoft\TeamFoundation\Team Explorer;C:\Program Files (x86)\Microsoft Visual Studio\2017\Professional\MSBuild\15.0\bin\Roslyn;C:\Program Files (x86)\Microsoft Visual Studio\2017\Professional\Team Tools\Performance Tools\x64;C:\Program Files (x86)\Microsoft Visual Studio\2017\Professional\Team Tools\Performance Tools;C:\Program Files (x86)\Microsoft Visual Studio\Shared\Common\VSPerfCollectionTools\\x64;C:\Program Files (x86)\Microsoft Visual Studio\Shared\Common\VSPerfCollectionTools\;C:\Program Files (x86)\Microsoft SDKs\Windows\v10.0A\bin\NETFX 4.6.1 Tools\x64\;C:\Program Files (x86)\HTML Help Workshop;C:\Program Files (x86)\Windows Kits\10\bin\10.0.18362.0\x64;C:\Program Files (x86)\Windows Kits\10\bin\x64;C:\Program Files (x86)\Microsoft Visual Studio\2017\Professional\\MSBuild\15.0\bin;C:\WINDOWS\Microsoft.NET\Framework64\v4.0.30319;C:\Program Files (x86)\Microsoft Visual Studio\2017\Professional\Common7\IDE\;C:\Program Files (x86)\Microsoft Visual Studio\2017\Professional\Common7\Tools\;C:\Python27\;C:\Python27\Scripts;C:\WINDOWS\system32;C:\WINDOWS;C:\WINDOWS\System32\Wbem;C:\WINDOWS\System32\WindowsPowerShell\v1.0\;C:\WINDOWS\System32\OpenSSH\;C:\ProgramData\chocolatey\bin;C:\Program Files (x86)\WiX Toolset v3.7\bin;C:\Program Files\dotnet\;C:\Program Files (x86)\Windows Kits\10\bin\10.0.18362.0\x64;C:\Program Files\Zulu\zulu-11\bin\;C:\Program Files (x86)\Windows Kits\10\bin\10.0.17763.0\x64;C:\Program Files (x86)\Windows Kits\10\bin\x64;C:\Program Files\Git\cmd;C:\Program Files\Git\usr\bin;C:\Program Files\Git\mingw64\bin;C:\Program Files\Git\bin;C:\Python38\;C:\Python38\Scripts;C:\StoreBoxClientWindows;C:\Program Files\Electric Cloud\ElectricCommander\bin;C:\Program Files\WinRAR;C:\Program Files\7-Zip;C:\Users\Administrator\AppData\Local\Microsoft\WindowsApps;C:\Program Files (x86)\Microsoft Visual Studio\2017\Professional\Common7\IDE\CommonExtensions\Microsoft\CMake\CMake\bin;C:\Program Files (x86)\Microsoft Visual Studio\2017\Professional\Common7\IDE\CommonExtensions\Microsoft\CMake\Ninja;P:\shared\Artifactory\Windows\USD\cfb3d8a\bin;P:\shared\Artifactory\Windows\USD\cfb3d8a\lib
[2023-04-06T14:18:29.755Z]     -- Building with Qt features enabled.
[2023-04-06T14:18:29.755Z]     -- **** Building Gulrak From Github Repository.
[2023-04-06T14:18:29.755Z]     -- Populating gulrak
[2023-04-06T14:18:30.079Z]     -- Configuring done
[2023-04-06T14:18:30.079Z]     -- Generating done
[2023-04-06T14:18:30.079Z]     -- Build files have been written to: W:/build/RelWithDebInfo/_deps/gulrak-subbuild
[2023-04-06T14:18:30.411Z]     [1/9] Creating directories for 'gulrak-populate'
[2023-04-06T14:18:30.411Z]     [1/9] Performing download step (git clone) for 'gulrak-populate'
[2023-04-06T14:18:30.531Z]     Cloning into 'gulrak-src'...
[2023-04-06T14:18:34.811Z]     HEAD is now at 4e21ab3 Version bump and updated readme.
[2023-04-06T14:18:35.743Z]     [2/9] Performing update step for 'gulrak-populate'
[2023-04-06T14:18:35.965Z]     [4/9] No patch step for 'gulrak-populate'
[2023-04-06T14:18:36.087Z]     [5/9] No configure step for 'gulrak-populate'
[2023-04-06T14:18:36.087Z]     [6/9] No build step for 'gulrak-populate'
[2023-04-06T14:18:36.207Z]     [7/9] No install step for 'gulrak-populate'
[2023-04-06T14:18:36.326Z]     [8/9] No test step for 'gulrak-populate'
[2023-04-06T14:18:36.326Z]     [9/9] Completed 'gulrak-populate'
[2023-04-06T14:18:37.360Z]     -- ========== Installing GoogleTest... ==========
[2023-04-06T14:18:37.588Z]     -- Configuring done
[2023-04-06T14:18:37.588Z]     -- Generating done
[2023-04-06T14:18:37.705Z]     -- Build files have been written to: W:/build/RelWithDebInfo/googletest-config
[2023-04-06T14:18:37.926Z]     [1/8] Creating directories for 'googletest'
[2023-04-06T14:18:41.807Z]     [2/8] Performing download step (git clone) for 'googletest'
[2023-04-06T14:18:41.807Z]     Cloning into 'googletest-src'...
[2023-04-06T14:18:41.807Z]     HEAD is now at 703bd9ca Googletest export
[2023-04-06T14:18:42.028Z]     [3/8] Performing update step for 'googletest'
[2023-04-06T14:18:42.148Z]     [4/8] No patch step for 'googletest'
[2023-04-06T14:18:44.708Z]     [5/8] Performing configure step for 'googletest'
[2023-04-06T14:18:44.708Z]     Not searching for unused variables given on the command line.
[2023-04-06T14:18:44.708Z]     CMake Deprecation Warning at CMakeLists.txt:4 (cmake_minimum_required):
[2023-04-06T14:18:44.708Z]       Compatibility with CMake < 2.8.12 will be removed from a future version of
[2023-04-06T14:18:44.708Z]       CMake.
[2023-04-06T14:18:44.708Z]     
[2023-04-06T14:18:44.708Z]       Update the VERSION argument <min> value or use a ...<max> suffix to tell
[2023-04-06T14:18:44.708Z]       CMake that the project does not need compatibility with older versions.
[2023-04-06T14:18:44.708Z]     
[2023-04-06T14:18:44.708Z]     
[2023-04-06T14:18:44.708Z]     -- The C compiler identification is MSVC 19.16.27032.1
[2023-04-06T14:18:44.708Z]     -- The CXX compiler identification is MSVC 19.16.27032.1
[2023-04-06T14:18:44.708Z]     -- Detecting C compiler ABI info
[2023-04-06T14:18:44.708Z]     -- Detecting C compiler ABI info - done
[2023-04-06T14:18:44.708Z]     -- Check for working C compiler: C:/Program Files (x86)/Microsoft Visual Studio/2017/Professional/VC/Tools/MSVC/14.16.27023/bin/Hostx64/x64/cl.exe - skipped
[2023-04-06T14:18:44.708Z]     -- Detecting C compile features
[2023-04-06T14:18:44.708Z]     -- Detecting C compile features - done
[2023-04-06T14:18:44.708Z]     -- Detecting CXX compiler ABI info
[2023-04-06T14:18:44.708Z]     -- Detecting CXX compiler ABI info - done
[2023-04-06T14:18:44.708Z]     -- Check for working CXX compiler: C:/Program Files (x86)/Microsoft Visual Studio/2017/Professional/VC/Tools/MSVC/14.16.27023/bin/Hostx64/x64/cl.exe - skipped
[2023-04-06T14:18:44.708Z]     -- Detecting CXX compile features
[2023-04-06T14:18:44.708Z]     -- Detecting CXX compile features - done
[2023-04-06T14:18:44.708Z]     CMake Deprecation Warning at googletest/CMakeLists.txt:56 (cmake_minimum_required):
[2023-04-06T14:18:44.708Z]       Compatibility with CMake < 2.8.12 will be removed from a future version of
[2023-04-06T14:18:44.708Z]       CMake.
[2023-04-06T14:18:44.708Z]     
[2023-04-06T14:18:44.708Z]       Update the VERSION argument <min> value or use a ...<max> suffix to tell
[2023-04-06T14:18:44.708Z]       CMake that the project does not need compatibility with older versions.
[2023-04-06T14:18:44.708Z]     
[2023-04-06T14:18:44.708Z]     
[2023-04-06T14:18:44.708Z]     -- Found PythonInterp: C:/Python27/python.exe
[2023-04-06T14:18:44.708Z]     -- Looking for pthread.h
[2023-04-06T14:18:44.708Z]     -- Looking for pthread.h - not found
[2023-04-06T14:18:44.708Z]     -- Found Threads: TRUE
[2023-04-06T14:18:44.708Z]     -- Configuring done
[2023-04-06T14:18:44.708Z]     -- Generating done
[2023-04-06T14:18:44.708Z]     -- Build files have been written to: W:/build/RelWithDebInfo/googletest-build
[2023-04-06T14:18:50.401Z]     [6/8] Performing build step for 'googletest'
[2023-04-06T14:18:50.401Z]     [1/4] Building CXX object googletest\CMakeFiles\gtest_main.dir\src\gtest_main.cc.obj
[2023-04-06T14:18:50.401Z]     [2/4] Building CXX object googletest\CMakeFiles\gtest.dir\src\gtest-all.cc.obj
[2023-04-06T14:18:50.401Z]     [3/4] Linking CXX shared library bin\gtest.dll
[2023-04-06T14:18:50.401Z]     [4/4] Linking CXX shared library bin\gtest_main.dll
[2023-04-06T14:18:50.826Z]     [7/8] Performing install step for 'googletest'
[2023-04-06T14:18:50.826Z]     [0/1] Install the project...
[2023-04-06T14:18:50.826Z]     -- Install configuration: "RelWithDebInfo"
[2023-04-06T14:18:50.944Z]     [8/8] Completed 'googletest'
[2023-04-06T14:18:50.944Z]     -- ========== ...  GoogleTest installed. ==========
[2023-04-06T14:18:52.177Z]     -- MAYA_HAS_DEFAULT_MATERIAL_API is FALSE
[2023-04-06T14:18:52.177Z]     -- MAYA_NEW_POINT_SNAPPING_SUPPORT is FALSE
[2023-04-06T14:18:52.177Z]     -- MAYA_HAS_CRASH_DETECTION is FALSE
[2023-04-06T14:18:52.177Z]     -- MAYA_CURRENT_UFE_CAMERA_SUPPORT is FALSE
[2023-04-06T14:18:52.177Z]     -- MAYA_MRENDERITEM_UFE_IDENTIFIER_SUPPORT is FALSE
[2023-04-06T14:18:52.177Z]     -- MAYA_UPDATE_UFE_IDENTIFIER_SUPPORT is FALSE
[2023-04-06T14:18:52.177Z]     -- MAYA_HAS_DISPLAY_STYLE_ALL_VIEWPORTS is FALSE
[2023-04-06T14:18:52.177Z]     -- MAYA_ARRAY_ITERATOR_DIFFERENCE_TYPE_SUPPORT is FALSE
[2023-04-06T14:18:52.177Z]     -- MAYA_HAS_GET_MEMBER_PATHS is FALSE
[2023-04-06T14:18:52.177Z]     -- USD_HAS_COLOR4_SDR_SUPPORT is FALSE
[2023-04-06T14:18:52.177Z]     -- MAYA_HAS_DISPLAY_LAYER_API is FALSE
[2023-04-06T14:18:52.177Z]     -- MAYA_HAS_NEW_DISPLAY_LAYER_MESSAGING_API is FALSE
[2023-04-06T14:18:52.177Z]     -- MAYA_HAS_RENDER_ITEM_HIDE_ON_PLAYBACK_API is FALSE
[2023-04-06T14:18:52.177Z]     -- promoting: S:/jenkins/workspace/ECP/ecg-maya-usd/ecg-mayausd-branch-preflight-2019-no-ufe-windows/ecg-maya-usd/maya-usd/lib/mayaUsd/base/mayaUsd.h.src
[2023-04-06T14:18:52.177Z]     -- promoting: S:/jenkins/workspace/ECP/ecg-maya-usd/ecg-mayausd-branch-preflight-2019-no-ufe-windows/ecg-maya-usd/maya-usd/lib/mayaUsd/base/api.h
[2023-04-06T14:18:52.177Z]     -- promoting: S:/jenkins/workspace/ECP/ecg-maya-usd/ecg-mayausd-branch-preflight-2019-no-ufe-windows/ecg-maya-usd/maya-usd/lib/mayaUsd/base/debugCodes.h
[2023-04-06T14:18:52.177Z]     -- promoting: S:/jenkins/workspace/ECP/ecg-maya-usd/ecg-mayausd-branch-preflight-2019-no-ufe-windows/ecg-maya-usd/maya-usd/lib/mayaUsd/base/id.h
[2023-04-06T14:18:52.177Z]     -- promoting: S:/jenkins/workspace/ECP/ecg-maya-usd/ecg-mayausd-branch-preflight-2019-no-ufe-windows/ecg-maya-usd/maya-usd/lib/mayaUsd/base/syncId.h
[2023-04-06T14:18:52.177Z]     -- promoting: S:/jenkins/workspace/ECP/ecg-maya-usd/ecg-mayausd-branch-preflight-2019-no-ufe-windows/ecg-maya-usd/maya-usd/lib/mayaUsd/base/tokens.h
[2023-04-06T14:18:52.177Z]     -- promoting: S:/jenkins/workspace/ECP/ecg-maya-usd/ecg-mayausd-branch-preflight-2019-no-ufe-windows/ecg-maya-usd/maya-usd/lib/mayaUsd/commands/abstractLayerEditorWindow.h
[2023-04-06T14:18:52.177Z]     -- promoting: S:/jenkins/workspace/ECP/ecg-maya-usd/ecg-mayausd-branch-preflight-2019-no-ufe-windows/ecg-maya-usd/maya-usd/lib/mayaUsd/commands/baseExportCommand.h
[2023-04-06T14:18:52.177Z]     -- promoting: S:/jenkins/workspace/ECP/ecg-maya-usd/ecg-mayausd-branch-preflight-2019-no-ufe-windows/ecg-maya-usd/maya-usd/lib/mayaUsd/commands/baseImportCommand.h
[2023-04-06T14:18:52.177Z]     -- promoting: S:/jenkins/workspace/ECP/ecg-maya-usd/ecg-mayausd-branch-preflight-2019-no-ufe-windows/ecg-maya-usd/maya-usd/lib/mayaUsd/commands/baseListJobContextsCommand.h
[2023-04-06T14:18:52.177Z]     -- promoting: S:/jenkins/workspace/ECP/ecg-maya-usd/ecg-mayausd-branch-preflight-2019-no-ufe-windows/ecg-maya-usd/maya-usd/lib/mayaUsd/commands/baseListShadingModesCommand.h
[2023-04-06T14:18:52.177Z]     -- promoting: S:/jenkins/workspace/ECP/ecg-maya-usd/ecg-mayausd-branch-preflight-2019-no-ufe-windows/ecg-maya-usd/maya-usd/lib/mayaUsd/commands/editTargetCommand.h
[2023-04-06T14:18:52.177Z]     -- promoting: S:/jenkins/workspace/ECP/ecg-maya-usd/ecg-mayausd-branch-preflight-2019-no-ufe-windows/ecg-maya-usd/maya-usd/lib/mayaUsd/commands/layerEditorCommand.h
[2023-04-06T14:18:52.177Z]     -- promoting: S:/jenkins/workspace/ECP/ecg-maya-usd/ecg-mayausd-branch-preflight-2019-no-ufe-windows/ecg-maya-usd/maya-usd/lib/mayaUsd/commands/layerEditorWindowCommand.h
[2023-04-06T14:18:52.177Z]     -- promoting: S:/jenkins/workspace/ECP/ecg-maya-usd/ecg-mayausd-branch-preflight-2019-no-ufe-windows/ecg-maya-usd/maya-usd/lib/mayaUsd/fileio/fallbackPrimReader.h
[2023-04-06T14:18:52.177Z]     -- promoting: S:/jenkins/workspace/ECP/ecg-maya-usd/ecg-mayausd-branch-preflight-2019-no-ufe-windows/ecg-maya-usd/maya-usd/lib/mayaUsd/fileio/functorPrimReader.h
[2023-04-06T14:18:52.177Z]     -- promoting: S:/jenkins/workspace/ECP/ecg-maya-usd/ecg-mayausd-branch-preflight-2019-no-ufe-windows/ecg-maya-usd/maya-usd/lib/mayaUsd/fileio/functorPrimWriter.h
[2023-04-06T14:18:52.177Z]     -- promoting: S:/jenkins/workspace/ECP/ecg-maya-usd/ecg-mayausd-branch-preflight-2019-no-ufe-windows/ecg-maya-usd/maya-usd/lib/mayaUsd/fileio/importData.h
[2023-04-06T14:18:52.177Z]     -- promoting: S:/jenkins/workspace/ECP/ecg-maya-usd/ecg-mayausd-branch-preflight-2019-no-ufe-windows/ecg-maya-usd/maya-usd/lib/mayaUsd/fileio/instancedNodeWriter.h
[2023-04-06T14:18:52.177Z]     -- promoting: S:/jenkins/workspace/ECP/ecg-maya-usd/ecg-mayausd-branch-preflight-2019-no-ufe-windows/ecg-maya-usd/maya-usd/lib/mayaUsd/fileio/jobContextRegistry.h
[2023-04-06T14:18:52.177Z]     -- promoting: S:/jenkins/workspace/ECP/ecg-maya-usd/ecg-mayausd-branch-preflight-2019-no-ufe-windows/ecg-maya-usd/maya-usd/lib/mayaUsd/fileio/primReader.h
[2023-04-06T14:18:52.177Z]     -- promoting: S:/jenkins/workspace/ECP/ecg-maya-usd/ecg-mayausd-branch-preflight-2019-no-ufe-windows/ecg-maya-usd/maya-usd/lib/mayaUsd/fileio/primReaderArgs.h
[2023-04-06T14:18:52.177Z]     -- promoting: S:/jenkins/workspace/ECP/ecg-maya-usd/ecg-mayausd-branch-preflight-2019-no-ufe-windows/ecg-maya-usd/maya-usd/lib/mayaUsd/fileio/primReaderContext.h
[2023-04-06T14:18:52.177Z]     -- promoting: S:/jenkins/workspace/ECP/ecg-maya-usd/ecg-mayausd-branch-preflight-2019-no-ufe-windows/ecg-maya-usd/maya-usd/lib/mayaUsd/fileio/primReaderRegistry.h
[2023-04-06T14:18:52.177Z]     -- promoting: S:/jenkins/workspace/ECP/ecg-maya-usd/ecg-mayausd-branch-preflight-2019-no-ufe-windows/ecg-maya-usd/maya-usd/lib/mayaUsd/fileio/primWriter.h
[2023-04-06T14:18:52.177Z]     -- promoting: S:/jenkins/workspace/ECP/ecg-maya-usd/ecg-mayausd-branch-preflight-2019-no-ufe-windows/ecg-maya-usd/maya-usd/lib/mayaUsd/fileio/primWriterArgs.h
[2023-04-06T14:18:52.177Z]     -- promoting: S:/jenkins/workspace/ECP/ecg-maya-usd/ecg-mayausd-branch-preflight-2019-no-ufe-windows/ecg-maya-usd/maya-usd/lib/mayaUsd/fileio/primWriterContext.h
[2023-04-06T14:18:52.177Z]     -- promoting: S:/jenkins/workspace/ECP/ecg-maya-usd/ecg-mayausd-branch-preflight-2019-no-ufe-windows/ecg-maya-usd/maya-usd/lib/mayaUsd/fileio/primWriterRegistry.h
[2023-04-06T14:18:52.177Z]     -- promoting: S:/jenkins/workspace/ECP/ecg-maya-usd/ecg-mayausd-branch-preflight-2019-no-ufe-windows/ecg-maya-usd/maya-usd/lib/mayaUsd/fileio/registryHelper.h
[2023-04-06T14:18:52.177Z]     -- promoting: S:/jenkins/workspace/ECP/ecg-maya-usd/ecg-mayausd-branch-preflight-2019-no-ufe-windows/ecg-maya-usd/maya-usd/lib/mayaUsd/fileio/schemaApiAdaptor.h
[2023-04-06T14:18:52.177Z]     -- promoting: S:/jenkins/workspace/ECP/ecg-maya-usd/ecg-mayausd-branch-preflight-2019-no-ufe-windows/ecg-maya-usd/maya-usd/lib/mayaUsd/fileio/schemaApiAdaptorRegistry.h
[2023-04-06T14:18:52.177Z]     -- promoting: S:/jenkins/workspace/ECP/ecg-maya-usd/ecg-mayausd-branch-preflight-2019-no-ufe-windows/ecg-maya-usd/maya-usd/lib/mayaUsd/fileio/shaderReader.h
[2023-04-06T14:18:52.177Z]     -- promoting: S:/jenkins/workspace/ECP/ecg-maya-usd/ecg-mayausd-branch-preflight-2019-no-ufe-windows/ecg-maya-usd/maya-usd/lib/mayaUsd/fileio/shaderReaderRegistry.h
[2023-04-06T14:18:52.177Z]     -- promoting: S:/jenkins/workspace/ECP/ecg-maya-usd/ecg-mayausd-branch-preflight-2019-no-ufe-windows/ecg-maya-usd/maya-usd/lib/mayaUsd/fileio/shaderWriter.h
[2023-04-06T14:18:52.177Z]     -- promoting: S:/jenkins/workspace/ECP/ecg-maya-usd/ecg-mayausd-branch-preflight-2019-no-ufe-windows/ecg-maya-usd/maya-usd/lib/mayaUsd/fileio/shaderWriterRegistry.h
[2023-04-06T14:18:52.177Z]     -- promoting: S:/jenkins/workspace/ECP/ecg-maya-usd/ecg-mayausd-branch-preflight-2019-no-ufe-windows/ecg-maya-usd/maya-usd/lib/mayaUsd/fileio/transformWriter.h
[2023-04-06T14:18:52.177Z]     -- promoting: S:/jenkins/workspace/ECP/ecg-maya-usd/ecg-mayausd-branch-preflight-2019-no-ufe-windows/ecg-maya-usd/maya-usd/lib/mayaUsd/fileio/writeJobContext.h
[2023-04-06T14:18:52.177Z]     -- promoting: S:/jenkins/workspace/ECP/ecg-maya-usd/ecg-mayausd-branch-preflight-2019-no-ufe-windows/ecg-maya-usd/maya-usd/lib/mayaUsd/fileio/chaser/exportChaser.h
[2023-04-06T14:18:52.177Z]     -- promoting: S:/jenkins/workspace/ECP/ecg-maya-usd/ecg-mayausd-branch-preflight-2019-no-ufe-windows/ecg-maya-usd/maya-usd/lib/mayaUsd/fileio/chaser/exportChaserRegistry.h
[2023-04-06T14:18:52.177Z]     -- promoting: S:/jenkins/workspace/ECP/ecg-maya-usd/ecg-mayausd-branch-preflight-2019-no-ufe-windows/ecg-maya-usd/maya-usd/lib/mayaUsd/fileio/chaser/importChaserRegistry.h
[2023-04-06T14:18:52.177Z]     -- promoting: S:/jenkins/workspace/ECP/ecg-maya-usd/ecg-mayausd-branch-preflight-2019-no-ufe-windows/ecg-maya-usd/maya-usd/lib/mayaUsd/fileio/chaser/importChaser.h
[2023-04-06T14:18:52.299Z]     -- promoting: S:/jenkins/workspace/ECP/ecg-maya-usd/ecg-mayausd-branch-preflight-2019-no-ufe-windows/ecg-maya-usd/maya-usd/lib/mayaUsd/fileio/jobs/jobArgs.h
[2023-04-06T14:18:52.299Z]     -- promoting: S:/jenkins/workspace/ECP/ecg-maya-usd/ecg-mayausd-branch-preflight-2019-no-ufe-windows/ecg-maya-usd/maya-usd/lib/mayaUsd/fileio/jobs/meshDataReadJob.h
[2023-04-06T14:18:52.299Z]     -- promoting: S:/jenkins/workspace/ECP/ecg-maya-usd/ecg-mayausd-branch-preflight-2019-no-ufe-windows/ecg-maya-usd/maya-usd/lib/mayaUsd/fileio/jobs/modelKindProcessor.h
[2023-04-06T14:18:52.299Z]     -- promoting: S:/jenkins/workspace/ECP/ecg-maya-usd/ecg-mayausd-branch-preflight-2019-no-ufe-windows/ecg-maya-usd/maya-usd/lib/mayaUsd/fileio/jobs/readJob.h
[2023-04-06T14:18:52.299Z]     -- promoting: S:/jenkins/workspace/ECP/ecg-maya-usd/ecg-mayausd-branch-preflight-2019-no-ufe-windows/ecg-maya-usd/maya-usd/lib/mayaUsd/fileio/jobs/writeJob.h
[2023-04-06T14:18:52.299Z]     -- promoting: S:/jenkins/workspace/ECP/ecg-maya-usd/ecg-mayausd-branch-preflight-2019-no-ufe-windows/ecg-maya-usd/maya-usd/lib/mayaUsd/fileio/shading/rfmShaderMap.h
[2023-04-06T14:18:52.299Z]     -- promoting: S:/jenkins/workspace/ECP/ecg-maya-usd/ecg-mayausd-branch-preflight-2019-no-ufe-windows/ecg-maya-usd/maya-usd/lib/mayaUsd/fileio/shading/shadingModeExporter.h
[2023-04-06T14:18:52.299Z]     -- promoting: S:/jenkins/workspace/ECP/ecg-maya-usd/ecg-mayausd-branch-preflight-2019-no-ufe-windows/ecg-maya-usd/maya-usd/lib/mayaUsd/fileio/shading/shadingModeExporterContext.h
[2023-04-06T14:18:52.299Z]     -- promoting: S:/jenkins/workspace/ECP/ecg-maya-usd/ecg-mayausd-branch-preflight-2019-no-ufe-windows/ecg-maya-usd/maya-usd/lib/mayaUsd/fileio/shading/shadingModeImporter.h
[2023-04-06T14:18:52.299Z]     -- promoting: S:/jenkins/workspace/ECP/ecg-maya-usd/ecg-mayausd-branch-preflight-2019-no-ufe-windows/ecg-maya-usd/maya-usd/lib/mayaUsd/fileio/shading/shadingModeRegistry.h
[2023-04-06T14:18:52.299Z]     -- promoting: S:/jenkins/workspace/ECP/ecg-maya-usd/ecg-mayausd-branch-preflight-2019-no-ufe-windows/ecg-maya-usd/maya-usd/lib/mayaUsd/fileio/shading/symmetricShaderReader.h
[2023-04-06T14:18:52.299Z]     -- promoting: S:/jenkins/workspace/ECP/ecg-maya-usd/ecg-mayausd-branch-preflight-2019-no-ufe-windows/ecg-maya-usd/maya-usd/lib/mayaUsd/fileio/shading/symmetricShaderWriter.h
[2023-04-06T14:18:52.299Z]     -- promoting: S:/jenkins/workspace/ECP/ecg-maya-usd/ecg-mayausd-branch-preflight-2019-no-ufe-windows/ecg-maya-usd/maya-usd/lib/mayaUsd/fileio/translators/skelBindingsProcessor.h
[2023-04-06T14:18:52.299Z]     -- promoting: S:/jenkins/workspace/ECP/ecg-maya-usd/ecg-mayausd-branch-preflight-2019-no-ufe-windows/ecg-maya-usd/maya-usd/lib/mayaUsd/fileio/translators/translatorCamera.h
[2023-04-06T14:18:52.299Z]     -- promoting: S:/jenkins/workspace/ECP/ecg-maya-usd/ecg-mayausd-branch-preflight-2019-no-ufe-windows/ecg-maya-usd/maya-usd/lib/mayaUsd/fileio/translators/translatorCurves.h
[2023-04-06T14:18:52.299Z]     -- promoting: S:/jenkins/workspace/ECP/ecg-maya-usd/ecg-mayausd-branch-preflight-2019-no-ufe-windows/ecg-maya-usd/maya-usd/lib/mayaUsd/fileio/translators/translatorGprim.h
[2023-04-06T14:18:52.299Z]     -- promoting: S:/jenkins/workspace/ECP/ecg-maya-usd/ecg-mayausd-branch-preflight-2019-no-ufe-windows/ecg-maya-usd/maya-usd/lib/mayaUsd/fileio/translators/translatorLight.h
[2023-04-06T14:18:52.299Z]     -- promoting: S:/jenkins/workspace/ECP/ecg-maya-usd/ecg-mayausd-branch-preflight-2019-no-ufe-windows/ecg-maya-usd/maya-usd/lib/mayaUsd/fileio/translators/translatorMaterial.h
[2023-04-06T14:18:52.299Z]     -- promoting: S:/jenkins/workspace/ECP/ecg-maya-usd/ecg-mayausd-branch-preflight-2019-no-ufe-windows/ecg-maya-usd/maya-usd/lib/mayaUsd/fileio/translators/translatorMayaReference.h
[2023-04-06T14:18:52.299Z]     -- promoting: S:/jenkins/workspace/ECP/ecg-maya-usd/ecg-mayausd-branch-preflight-2019-no-ufe-windows/ecg-maya-usd/maya-usd/lib/mayaUsd/fileio/translators/translatorMesh.h
[2023-04-06T14:18:52.299Z]     -- promoting: S:/jenkins/workspace/ECP/ecg-maya-usd/ecg-mayausd-branch-preflight-2019-no-ufe-windows/ecg-maya-usd/maya-usd/lib/mayaUsd/fileio/translators/translatorNurbsPatch.h
[2023-04-06T14:18:52.299Z]     -- promoting: S:/jenkins/workspace/ECP/ecg-maya-usd/ecg-mayausd-branch-preflight-2019-no-ufe-windows/ecg-maya-usd/maya-usd/lib/mayaUsd/fileio/translators/translatorPrim.h
[2023-04-06T14:18:52.299Z]     -- promoting: S:/jenkins/workspace/ECP/ecg-maya-usd/ecg-mayausd-branch-preflight-2019-no-ufe-windows/ecg-maya-usd/maya-usd/lib/mayaUsd/fileio/translators/translatorRfMLight.h
[2023-04-06T14:18:52.299Z]     -- promoting: S:/jenkins/workspace/ECP/ecg-maya-usd/ecg-mayausd-branch-preflight-2019-no-ufe-windows/ecg-maya-usd/maya-usd/lib/mayaUsd/fileio/translators/translatorSkel.h
[2023-04-06T14:18:52.299Z]     -- promoting: S:/jenkins/workspace/ECP/ecg-maya-usd/ecg-mayausd-branch-preflight-2019-no-ufe-windows/ecg-maya-usd/maya-usd/lib/mayaUsd/fileio/translators/translatorUtil.h
[2023-04-06T14:18:52.299Z]     -- promoting: S:/jenkins/workspace/ECP/ecg-maya-usd/ecg-mayausd-branch-preflight-2019-no-ufe-windows/ecg-maya-usd/maya-usd/lib/mayaUsd/fileio/translators/translatorXformable.h
[2023-04-06T14:18:52.299Z]     -- promoting: S:/jenkins/workspace/ECP/ecg-maya-usd/ecg-mayausd-branch-preflight-2019-no-ufe-windows/ecg-maya-usd/maya-usd/lib/mayaUsd/fileio/utils/adaptor.h
[2023-04-06T14:18:52.299Z]     -- promoting: S:/jenkins/workspace/ECP/ecg-maya-usd/ecg-mayausd-branch-preflight-2019-no-ufe-windows/ecg-maya-usd/maya-usd/lib/mayaUsd/fileio/utils/jointWriteUtils.h
[2023-04-06T14:18:52.299Z]     -- promoting: S:/jenkins/workspace/ECP/ecg-maya-usd/ecg-mayausd-branch-preflight-2019-no-ufe-windows/ecg-maya-usd/maya-usd/lib/mayaUsd/fileio/utils/meshReadUtils.h
[2023-04-06T14:18:52.299Z]     -- promoting: S:/jenkins/workspace/ECP/ecg-maya-usd/ecg-mayausd-branch-preflight-2019-no-ufe-windows/ecg-maya-usd/maya-usd/lib/mayaUsd/fileio/utils/meshWriteUtils.h
[2023-04-06T14:18:52.299Z]     -- promoting: S:/jenkins/workspace/ECP/ecg-maya-usd/ecg-mayausd-branch-preflight-2019-no-ufe-windows/ecg-maya-usd/maya-usd/lib/mayaUsd/fileio/utils/readUtil.h
[2023-04-06T14:18:52.299Z]     -- promoting: S:/jenkins/workspace/ECP/ecg-maya-usd/ecg-mayausd-branch-preflight-2019-no-ufe-windows/ecg-maya-usd/maya-usd/lib/mayaUsd/fileio/utils/roundTripUtil.h
[2023-04-06T14:18:52.299Z]     -- promoting: S:/jenkins/workspace/ECP/ecg-maya-usd/ecg-mayausd-branch-preflight-2019-no-ufe-windows/ecg-maya-usd/maya-usd/lib/mayaUsd/fileio/utils/shadingUtil.h
[2023-04-06T14:18:52.299Z]     -- promoting: S:/jenkins/workspace/ECP/ecg-maya-usd/ecg-mayausd-branch-preflight-2019-no-ufe-windows/ecg-maya-usd/maya-usd/lib/mayaUsd/fileio/utils/userTaggedAttribute.h
[2023-04-06T14:18:52.299Z]     -- promoting: S:/jenkins/workspace/ECP/ecg-maya-usd/ecg-mayausd-branch-preflight-2019-no-ufe-windows/ecg-maya-usd/maya-usd/lib/mayaUsd/fileio/utils/writeUtil.h
[2023-04-06T14:18:52.299Z]     -- promoting: S:/jenkins/workspace/ECP/ecg-maya-usd/ecg-mayausd-branch-preflight-2019-no-ufe-windows/ecg-maya-usd/maya-usd/lib/mayaUsd/fileio/utils/xformStack.h
[2023-04-06T14:18:52.299Z]     -- promoting: S:/jenkins/workspace/ECP/ecg-maya-usd/ecg-mayausd-branch-preflight-2019-no-ufe-windows/ecg-maya-usd/maya-usd/lib/mayaUsd/listeners/notice.h
[2023-04-06T14:18:52.300Z]     -- promoting: S:/jenkins/workspace/ECP/ecg-maya-usd/ecg-mayausd-branch-preflight-2019-no-ufe-windows/ecg-maya-usd/maya-usd/lib/mayaUsd/listeners/proxyShapeNotice.h
[2023-04-06T14:18:52.300Z]     -- promoting: S:/jenkins/workspace/ECP/ecg-maya-usd/ecg-mayausd-branch-preflight-2019-no-ufe-windows/ecg-maya-usd/maya-usd/lib/mayaUsd/listeners/stageNoticeListener.h
[2023-04-06T14:18:52.300Z]     -- promoting: S:/jenkins/workspace/ECP/ecg-maya-usd/ecg-mayausd-branch-preflight-2019-no-ufe-windows/ecg-maya-usd/maya-usd/lib/mayaUsd/nodes/hdImagingShape.h
[2023-04-06T14:18:52.300Z]     -- promoting: S:/jenkins/workspace/ECP/ecg-maya-usd/ecg-mayausd-branch-preflight-2019-no-ufe-windows/ecg-maya-usd/maya-usd/lib/mayaUsd/nodes/pointBasedDeformerNode.h
[2023-04-06T14:18:52.300Z]     -- promoting: S:/jenkins/workspace/ECP/ecg-maya-usd/ecg-mayausd-branch-preflight-2019-no-ufe-windows/ecg-maya-usd/maya-usd/lib/mayaUsd/nodes/proxyAccessor.h
[2023-04-06T14:18:52.300Z]     -- promoting: S:/jenkins/workspace/ECP/ecg-maya-usd/ecg-mayausd-branch-preflight-2019-no-ufe-windows/ecg-maya-usd/maya-usd/lib/mayaUsd/nodes/proxyShapeBase.h
[2023-04-06T14:18:52.300Z]     -- promoting: S:/jenkins/workspace/ECP/ecg-maya-usd/ecg-mayausd-branch-preflight-2019-no-ufe-windows/ecg-maya-usd/maya-usd/lib/mayaUsd/nodes/proxyShapePlugin.h
[2023-04-06T14:18:52.300Z]     -- promoting: S:/jenkins/workspace/ECP/ecg-maya-usd/ecg-mayausd-branch-preflight-2019-no-ufe-windows/ecg-maya-usd/maya-usd/lib/mayaUsd/nodes/proxyStageProvider.h
[2023-04-06T14:18:52.300Z]     -- promoting: S:/jenkins/workspace/ECP/ecg-maya-usd/ecg-mayausd-branch-preflight-2019-no-ufe-windows/ecg-maya-usd/maya-usd/lib/mayaUsd/nodes/proxyShapeStageExtraData.h
[2023-04-06T14:18:52.300Z]     -- promoting: S:/jenkins/workspace/ECP/ecg-maya-usd/ecg-mayausd-branch-preflight-2019-no-ufe-windows/ecg-maya-usd/maya-usd/lib/mayaUsd/nodes/proxyShapeUpdateManager.h
[2023-04-06T14:18:52.300Z]     -- promoting: S:/jenkins/workspace/ECP/ecg-maya-usd/ecg-mayausd-branch-preflight-2019-no-ufe-windows/ecg-maya-usd/maya-usd/lib/mayaUsd/nodes/stageData.h
[2023-04-06T14:18:52.300Z]     -- promoting: S:/jenkins/workspace/ECP/ecg-maya-usd/ecg-mayausd-branch-preflight-2019-no-ufe-windows/ecg-maya-usd/maya-usd/lib/mayaUsd/nodes/stageNode.h
[2023-04-06T14:18:52.300Z]     -- promoting: S:/jenkins/workspace/ECP/ecg-maya-usd/ecg-mayausd-branch-preflight-2019-no-ufe-windows/ecg-maya-usd/maya-usd/lib/mayaUsd/nodes/usdPrimProvider.h
[2023-04-06T14:18:52.300Z]     -- promoting: S:/jenkins/workspace/ECP/ecg-maya-usd/ecg-mayausd-branch-preflight-2019-no-ufe-windows/ecg-maya-usd/maya-usd/lib/mayaUsd/render/px_vp20/glslProgram.h
[2023-04-06T14:18:52.300Z]     -- promoting: S:/jenkins/workspace/ECP/ecg-maya-usd/ecg-mayausd-branch-preflight-2019-no-ufe-windows/ecg-maya-usd/maya-usd/lib/mayaUsd/render/px_vp20/utils.h
[2023-04-06T14:18:52.300Z]     -- promoting: S:/jenkins/workspace/ECP/ecg-maya-usd/ecg-mayausd-branch-preflight-2019-no-ufe-windows/ecg-maya-usd/maya-usd/lib/mayaUsd/render/px_vp20/utils_legacy.h
[2023-04-06T14:18:52.300Z]     -- promoting: S:/jenkins/workspace/ECP/ecg-maya-usd/ecg-mayausd-branch-preflight-2019-no-ufe-windows/ecg-maya-usd/maya-usd/lib/mayaUsd/render/pxrUsdMayaGL/batchRenderer.h
[2023-04-06T14:18:52.414Z]     -- promoting: S:/jenkins/workspace/ECP/ecg-maya-usd/ecg-mayausd-branch-preflight-2019-no-ufe-windows/ecg-maya-usd/maya-usd/lib/mayaUsd/render/pxrUsdMayaGL/debugCodes.h
[2023-04-06T14:18:52.414Z]     -- promoting: S:/jenkins/workspace/ECP/ecg-maya-usd/ecg-mayausd-branch-preflight-2019-no-ufe-windows/ecg-maya-usd/maya-usd/lib/mayaUsd/render/pxrUsdMayaGL/hdImagingShapeDrawOverride.h
[2023-04-06T14:18:52.414Z]     -- promoting: S:/jenkins/workspace/ECP/ecg-maya-usd/ecg-mayausd-branch-preflight-2019-no-ufe-windows/ecg-maya-usd/maya-usd/lib/mayaUsd/render/pxrUsdMayaGL/hdImagingShapeUI.h
[2023-04-06T14:18:52.414Z]     -- promoting: S:/jenkins/workspace/ECP/ecg-maya-usd/ecg-mayausd-branch-preflight-2019-no-ufe-windows/ecg-maya-usd/maya-usd/lib/mayaUsd/render/pxrUsdMayaGL/instancerImager.h
[2023-04-06T14:18:52.415Z]     -- promoting: S:/jenkins/workspace/ECP/ecg-maya-usd/ecg-mayausd-branch-preflight-2019-no-ufe-windows/ecg-maya-usd/maya-usd/lib/mayaUsd/render/pxrUsdMayaGL/instancerShapeAdapter.h
[2023-04-06T14:18:52.415Z]     -- promoting: S:/jenkins/workspace/ECP/ecg-maya-usd/ecg-mayausd-branch-preflight-2019-no-ufe-windows/ecg-maya-usd/maya-usd/lib/mayaUsd/render/pxrUsdMayaGL/proxyDrawOverride.h
[2023-04-06T14:18:52.415Z]     -- promoting: S:/jenkins/workspace/ECP/ecg-maya-usd/ecg-mayausd-branch-preflight-2019-no-ufe-windows/ecg-maya-usd/maya-usd/lib/mayaUsd/render/pxrUsdMayaGL/proxyShapeUI.h
[2023-04-06T14:18:52.415Z]     -- promoting: S:/jenkins/workspace/ECP/ecg-maya-usd/ecg-mayausd-branch-preflight-2019-no-ufe-windows/ecg-maya-usd/maya-usd/lib/mayaUsd/render/pxrUsdMayaGL/renderParams.h
[2023-04-06T14:18:52.415Z]     -- promoting: S:/jenkins/workspace/ECP/ecg-maya-usd/ecg-mayausd-branch-preflight-2019-no-ufe-windows/ecg-maya-usd/maya-usd/lib/mayaUsd/render/pxrUsdMayaGL/sceneDelegate.h
[2023-04-06T14:18:52.415Z]     -- promoting: S:/jenkins/workspace/ECP/ecg-maya-usd/ecg-mayausd-branch-preflight-2019-no-ufe-windows/ecg-maya-usd/maya-usd/lib/mayaUsd/render/pxrUsdMayaGL/shapeAdapter.h
[2023-04-06T14:18:52.415Z]     -- promoting: S:/jenkins/workspace/ECP/ecg-maya-usd/ecg-mayausd-branch-preflight-2019-no-ufe-windows/ecg-maya-usd/maya-usd/lib/mayaUsd/render/pxrUsdMayaGL/softSelectHelper.h
[2023-04-06T14:18:52.415Z]     -- promoting: S:/jenkins/workspace/ECP/ecg-maya-usd/ecg-mayausd-branch-preflight-2019-no-ufe-windows/ecg-maya-usd/maya-usd/lib/mayaUsd/render/pxrUsdMayaGL/usdProxyShapeAdapter.h
[2023-04-06T14:18:52.415Z]     -- promoting: S:/jenkins/workspace/ECP/ecg-maya-usd/ecg-mayausd-branch-preflight-2019-no-ufe-windows/ecg-maya-usd/maya-usd/lib/mayaUsd/render/pxrUsdMayaGL/userData.h
[2023-04-06T14:18:52.415Z]     -- promoting: S:/jenkins/workspace/ECP/ecg-maya-usd/ecg-mayausd-branch-preflight-2019-no-ufe-windows/ecg-maya-usd/maya-usd/lib/mayaUsd/render/vp2RenderDelegate/proxyRenderDelegate.h
[2023-04-06T14:18:52.415Z]     -- promoting: S:/jenkins/workspace/ECP/ecg-maya-usd/ecg-mayausd-branch-preflight-2019-no-ufe-windows/ecg-maya-usd/maya-usd/lib/mayaUsd/render/vp2ShaderFragments/shaderFragments.h
[2023-04-06T14:18:52.415Z]     -- promoting: S:/jenkins/workspace/ECP/ecg-maya-usd/ecg-mayausd-branch-preflight-2019-no-ufe-windows/ecg-maya-usd/maya-usd/lib/mayaUsd/undo/OpUndoItemList.h
[2023-04-06T14:18:52.415Z]     -- promoting: S:/jenkins/workspace/ECP/ecg-maya-usd/ecg-mayausd-branch-preflight-2019-no-ufe-windows/ecg-maya-usd/maya-usd/lib/mayaUsd/undo/OpUndoItemMuting.h
[2023-04-06T14:18:52.415Z]     -- promoting: S:/jenkins/workspace/ECP/ecg-maya-usd/ecg-mayausd-branch-preflight-2019-no-ufe-windows/ecg-maya-usd/maya-usd/lib/mayaUsd/undo/OpUndoItemRecorder.h
[2023-04-06T14:18:52.415Z]     -- promoting: S:/jenkins/workspace/ECP/ecg-maya-usd/ecg-mayausd-branch-preflight-2019-no-ufe-windows/ecg-maya-usd/maya-usd/lib/mayaUsd/undo/OpUndoItems.h
[2023-04-06T14:18:52.415Z]     -- promoting: S:/jenkins/workspace/ECP/ecg-maya-usd/ecg-mayausd-branch-preflight-2019-no-ufe-windows/ecg-maya-usd/maya-usd/lib/mayaUsd/undo/UsdUndoBlock.h
[2023-04-06T14:18:52.415Z]     -- promoting: S:/jenkins/workspace/ECP/ecg-maya-usd/ecg-mayausd-branch-preflight-2019-no-ufe-windows/ecg-maya-usd/maya-usd/lib/mayaUsd/undo/UsdUndoManager.h
[2023-04-06T14:18:52.415Z]     -- promoting: S:/jenkins/workspace/ECP/ecg-maya-usd/ecg-mayausd-branch-preflight-2019-no-ufe-windows/ecg-maya-usd/maya-usd/lib/mayaUsd/undo/UsdUndoStateDelegate.h
[2023-04-06T14:18:52.415Z]     -- promoting: S:/jenkins/workspace/ECP/ecg-maya-usd/ecg-mayausd-branch-preflight-2019-no-ufe-windows/ecg-maya-usd/maya-usd/lib/mayaUsd/undo/UsdUndoableItem.h
[2023-04-06T14:18:52.415Z]     -- promoting: S:/jenkins/workspace/ECP/ecg-maya-usd/ecg-mayausd-branch-preflight-2019-no-ufe-windows/ecg-maya-usd/maya-usd/lib/mayaUsd/utils/blockSceneModificationContext.h
[2023-04-06T14:18:52.415Z]     -- promoting: S:/jenkins/workspace/ECP/ecg-maya-usd/ecg-mayausd-branch-preflight-2019-no-ufe-windows/ecg-maya-usd/maya-usd/lib/mayaUsd/utils/colorSpace.h
[2023-04-06T14:18:52.415Z]     -- promoting: S:/jenkins/workspace/ECP/ecg-maya-usd/ecg-mayausd-branch-preflight-2019-no-ufe-windows/ecg-maya-usd/maya-usd/lib/mayaUsd/utils/customLayerData.h
[2023-04-06T14:18:52.415Z]     -- promoting: S:/jenkins/workspace/ECP/ecg-maya-usd/ecg-mayausd-branch-preflight-2019-no-ufe-windows/ecg-maya-usd/maya-usd/lib/mayaUsd/utils/converter.h
[2023-04-06T14:18:52.415Z]     -- promoting: S:/jenkins/workspace/ECP/ecg-maya-usd/ecg-mayausd-branch-preflight-2019-no-ufe-windows/ecg-maya-usd/maya-usd/lib/mayaUsd/utils/diagnosticDelegate.h
[2023-04-06T14:18:52.415Z]     -- promoting: S:/jenkins/workspace/ECP/ecg-maya-usd/ecg-mayausd-branch-preflight-2019-no-ufe-windows/ecg-maya-usd/maya-usd/lib/mayaUsd/utils/dynamicAttribute.h
[2023-04-06T14:18:52.415Z]     -- promoting: S:/jenkins/workspace/ECP/ecg-maya-usd/ecg-mayausd-branch-preflight-2019-no-ufe-windows/ecg-maya-usd/maya-usd/lib/mayaUsd/utils/editability.h
[2023-04-06T14:18:52.415Z]     -- promoting: S:/jenkins/workspace/ECP/ecg-maya-usd/ecg-mayausd-branch-preflight-2019-no-ufe-windows/ecg-maya-usd/maya-usd/lib/mayaUsd/utils/editRouter.h
[2023-04-06T14:18:52.415Z]     -- promoting: S:/jenkins/workspace/ECP/ecg-maya-usd/ecg-mayausd-branch-preflight-2019-no-ufe-windows/ecg-maya-usd/maya-usd/lib/mayaUsd/utils/editRouterContext.h
[2023-04-06T14:18:52.415Z]     -- promoting: S:/jenkins/workspace/ECP/ecg-maya-usd/ecg-mayausd-branch-preflight-2019-no-ufe-windows/ecg-maya-usd/maya-usd/lib/mayaUsd/utils/hash.h
[2023-04-06T14:18:52.415Z]     -- promoting: S:/jenkins/workspace/ECP/ecg-maya-usd/ecg-mayausd-branch-preflight-2019-no-ufe-windows/ecg-maya-usd/maya-usd/lib/mayaUsd/utils/layerMuting.h
[2023-04-06T14:18:52.415Z]     -- promoting: S:/jenkins/workspace/ECP/ecg-maya-usd/ecg-mayausd-branch-preflight-2019-no-ufe-windows/ecg-maya-usd/maya-usd/lib/mayaUsd/utils/layers.h
[2023-04-06T14:18:52.415Z]     -- promoting: S:/jenkins/workspace/ECP/ecg-maya-usd/ecg-mayausd-branch-preflight-2019-no-ufe-windows/ecg-maya-usd/maya-usd/lib/mayaUsd/utils/loadRules.h
[2023-04-06T14:18:52.415Z]     -- promoting: S:/jenkins/workspace/ECP/ecg-maya-usd/ecg-mayausd-branch-preflight-2019-no-ufe-windows/ecg-maya-usd/maya-usd/lib/mayaUsd/utils/query.h
[2023-04-06T14:18:52.415Z]     -- promoting: S:/jenkins/workspace/ECP/ecg-maya-usd/ecg-mayausd-branch-preflight-2019-no-ufe-windows/ecg-maya-usd/maya-usd/lib/mayaUsd/utils/plugRegistryHelper.h
[2023-04-06T14:18:52.415Z]     -- promoting: S:/jenkins/workspace/ECP/ecg-maya-usd/ecg-mayausd-branch-preflight-2019-no-ufe-windows/ecg-maya-usd/maya-usd/lib/mayaUsd/utils/progressBarScope.h
[2023-04-06T14:18:52.415Z]     -- promoting: S:/jenkins/workspace/ECP/ecg-maya-usd/ecg-mayausd-branch-preflight-2019-no-ufe-windows/ecg-maya-usd/maya-usd/lib/mayaUsd/utils/selectability.h
[2023-04-06T14:18:52.415Z]     -- promoting: S:/jenkins/workspace/ECP/ecg-maya-usd/ecg-mayausd-branch-preflight-2019-no-ufe-windows/ecg-maya-usd/maya-usd/lib/mayaUsd/utils/stageCache.h
[2023-04-06T14:18:52.415Z]     -- promoting: S:/jenkins/workspace/ECP/ecg-maya-usd/ecg-mayausd-branch-preflight-2019-no-ufe-windows/ecg-maya-usd/maya-usd/lib/mayaUsd/utils/targetLayer.h
[2023-04-06T14:18:52.415Z]     -- promoting: S:/jenkins/workspace/ECP/ecg-maya-usd/ecg-mayausd-branch-preflight-2019-no-ufe-windows/ecg-maya-usd/maya-usd/lib/mayaUsd/utils/traverseLayer.h
[2023-04-06T14:18:52.415Z]     -- promoting: S:/jenkins/workspace/ECP/ecg-maya-usd/ecg-mayausd-branch-preflight-2019-no-ufe-windows/ecg-maya-usd/maya-usd/lib/mayaUsd/utils/undoHelperCommand.h
[2023-04-06T14:18:52.415Z]     -- promoting: S:/jenkins/workspace/ECP/ecg-maya-usd/ecg-mayausd-branch-preflight-2019-no-ufe-windows/ecg-maya-usd/maya-usd/lib/mayaUsd/utils/util.h
[2023-04-06T14:18:52.415Z]     -- promoting: S:/jenkins/workspace/ECP/ecg-maya-usd/ecg-mayausd-branch-preflight-2019-no-ufe-windows/ecg-maya-usd/maya-usd/lib/mayaUsd/utils/utilDictionary.h
[2023-04-06T14:18:52.415Z]     -- promoting: S:/jenkins/workspace/ECP/ecg-maya-usd/ecg-mayausd-branch-preflight-2019-no-ufe-windows/ecg-maya-usd/maya-usd/lib/mayaUsd/utils/utilFileSystem.h
[2023-04-06T14:18:52.415Z]     -- promoting: S:/jenkins/workspace/ECP/ecg-maya-usd/ecg-mayausd-branch-preflight-2019-no-ufe-windows/ecg-maya-usd/maya-usd/lib/mayaUsd/utils/utilSerialization.h
[2023-04-06T14:18:52.415Z]     -- promoting: S:/jenkins/workspace/ECP/ecg-maya-usd/ecg-mayausd-branch-preflight-2019-no-ufe-windows/ecg-maya-usd/maya-usd/lib/mayaUsd/utils/variants.h
[2023-04-06T14:18:52.533Z]     -- promoting: S:/jenkins/workspace/ECP/ecg-maya-usd/ecg-mayausd-branch-preflight-2019-no-ufe-windows/ecg-maya-usd/maya-usd/lib/usd/pxrUsdPreviewSurface/usdPreviewSurface.h
[2023-04-06T14:18:52.533Z]     -- promoting: S:/jenkins/workspace/ECP/ecg-maya-usd/ecg-mayausd-branch-preflight-2019-no-ufe-windows/ecg-maya-usd/maya-usd/lib/usd/pxrUsdPreviewSurface/usdPreviewSurfacePlugin.h
[2023-04-06T14:18:52.533Z]     -- promoting: S:/jenkins/workspace/ECP/ecg-maya-usd/ecg-mayausd-branch-preflight-2019-no-ufe-windows/ecg-maya-usd/maya-usd/lib/usd/schemas/api.h
[2023-04-06T14:18:52.533Z]     -- promoting: S:/jenkins/workspace/ECP/ecg-maya-usd/ecg-mayausd-branch-preflight-2019-no-ufe-windows/ecg-maya-usd/maya-usd/lib/usd/schemas/ALMayaReference.h
[2023-04-06T14:18:52.533Z]     -- promoting: S:/jenkins/workspace/ECP/ecg-maya-usd/ecg-mayausd-branch-preflight-2019-no-ufe-windows/ecg-maya-usd/maya-usd/lib/usd/schemas/MayaReference.h
[2023-04-06T14:18:52.533Z]     -- promoting: S:/jenkins/workspace/ECP/ecg-maya-usd/ecg-mayausd-branch-preflight-2019-no-ufe-windows/ecg-maya-usd/maya-usd/lib/usd/schemas/tokens.h
[2023-04-06T14:18:55.587Z]     Processing schema classes:
[2023-04-06T14:18:55.587Z]     MayaReference, ALMayaReference
[2023-04-06T14:18:55.587Z]     Loading Templates from p:\shared\Artifactory\Windows\USD\cfb3d8a\lib\usd\usd\resources\codegenTemplates
[2023-04-06T14:18:55.587Z]     Writing API:
[2023-04-06T14:18:55.587Z]     	    wrote W:\build\RelWithDebInfo\lib\usd\schemas\api.h
[2023-04-06T14:18:55.587Z]     Writing Schema Tokens:
[2023-04-06T14:18:55.587Z]     	    wrote W:\build\RelWithDebInfo\lib\usd\schemas\tokens.h
[2023-04-06T14:18:55.587Z]     	    wrote W:\build\RelWithDebInfo\lib\usd\schemas\tokens.cpp
[2023-04-06T14:18:55.587Z]     	    wrote W:\build\RelWithDebInfo\lib\usd\schemas\wrapTokens.cpp
[2023-04-06T14:18:55.587Z]     Generating Classes:
[2023-04-06T14:18:55.587Z]     	    wrote W:\build\RelWithDebInfo\lib\usd\schemas\MayaReference.h
[2023-04-06T14:18:55.587Z]     	    wrote W:\build\RelWithDebInfo\lib\usd\schemas\MayaReference.cpp
[2023-04-06T14:18:55.587Z]     	    wrote W:\build\RelWithDebInfo\lib\usd\schemas\wrapMayaReference.cpp
[2023-04-06T14:18:55.587Z]     	    wrote W:\build\RelWithDebInfo\lib\usd\schemas\ALMayaReference.h
[2023-04-06T14:18:55.587Z]     	    wrote W:\build\RelWithDebInfo\lib\usd\schemas\ALMayaReference.cpp
[2023-04-06T14:18:55.587Z]     	    wrote W:\build\RelWithDebInfo\lib\usd\schemas\wrapALMayaReference.cpp
[2023-04-06T14:18:55.587Z]     Loading Templates from p:\shared\Artifactory\Windows\USD\cfb3d8a\lib\usd\usd\resources\codegenTemplates
[2023-04-06T14:18:55.587Z]     	    wrote W:\build\RelWithDebInfo\lib\usd\schemas\plugInfo.json
[2023-04-06T14:18:55.587Z]     Generating Schematics:
[2023-04-06T14:18:55.587Z]     	    wrote W:\build\RelWithDebInfo\lib\usd\schemas\generatedSchema.usda
[2023-04-06T14:18:55.701Z]     -- promoting: S:/jenkins/workspace/ECP/ecg-maya-usd/ecg-mayausd-branch-preflight-2019-no-ufe-windows/ecg-maya-usd/maya-usd/lib/usd/utils/ALHalf.h
[2023-04-06T14:18:55.701Z]     -- promoting: S:/jenkins/workspace/ECP/ecg-maya-usd/ecg-mayausd-branch-preflight-2019-no-ufe-windows/ecg-maya-usd/maya-usd/lib/usd/utils/Api.h
[2023-04-06T14:18:55.701Z]     -- promoting: S:/jenkins/workspace/ECP/ecg-maya-usd/ecg-mayausd-branch-preflight-2019-no-ufe-windows/ecg-maya-usd/maya-usd/lib/usd/utils/DebugCodes.h
[2023-04-06T14:18:55.701Z]     -- promoting: S:/jenkins/workspace/ECP/ecg-maya-usd/ecg-mayausd-branch-preflight-2019-no-ufe-windows/ecg-maya-usd/maya-usd/lib/usd/utils/DiffCore.h
[2023-04-06T14:18:55.701Z]     -- promoting: S:/jenkins/workspace/ECP/ecg-maya-usd/ecg-mayausd-branch-preflight-2019-no-ufe-windows/ecg-maya-usd/maya-usd/lib/usd/utils/DiffPrims.h
[2023-04-06T14:18:55.701Z]     -- promoting: S:/jenkins/workspace/ECP/ecg-maya-usd/ecg-mayausd-branch-preflight-2019-no-ufe-windows/ecg-maya-usd/maya-usd/lib/usd/utils/MergePrims.h
[2023-04-06T14:18:55.701Z]     -- promoting: S:/jenkins/workspace/ECP/ecg-maya-usd/ecg-mayausd-branch-preflight-2019-no-ufe-windows/ecg-maya-usd/maya-usd/lib/usd/utils/MergePrimsOptions.h
[2023-04-06T14:18:55.701Z]     -- promoting: S:/jenkins/workspace/ECP/ecg-maya-usd/ecg-mayausd-branch-preflight-2019-no-ufe-windows/ecg-maya-usd/maya-usd/lib/usd/utils/ForwardDeclares.h
[2023-04-06T14:18:55.701Z]     -- promoting: S:/jenkins/workspace/ECP/ecg-maya-usd/ecg-mayausd-branch-preflight-2019-no-ufe-windows/ecg-maya-usd/maya-usd/lib/usd/utils/SIMD.h
[2023-04-06T14:18:55.701Z]     -- promoting: S:/jenkins/workspace/ECP/ecg-maya-usd/ecg-mayausd-branch-preflight-2019-no-ufe-windows/ecg-maya-usd/maya-usd/lib/usd/utils/util.h
[2023-04-06T14:18:55.701Z]     -- promoting: S:/jenkins/workspace/ECP/ecg-maya-usd/ecg-mayausd-branch-preflight-2019-no-ufe-windows/ecg-maya-usd/maya-usd/lib/usd/ui/importDialog/IMayaMQtUtil.h
[2023-04-06T14:18:55.701Z]     -- promoting: S:/jenkins/workspace/ECP/ecg-maya-usd/ecg-mayausd-branch-preflight-2019-no-ufe-windows/ecg-maya-usd/maya-usd/lib/usd/ui/importDialog/ItemDelegate.h
[2023-04-06T14:18:55.701Z]     -- promoting: S:/jenkins/workspace/ECP/ecg-maya-usd/ecg-mayausd-branch-preflight-2019-no-ufe-windows/ecg-maya-usd/maya-usd/lib/usd/ui/importDialog/IUSDImportView.h
[2023-04-06T14:18:55.701Z]     -- promoting: S:/jenkins/workspace/ECP/ecg-maya-usd/ecg-mayausd-branch-preflight-2019-no-ufe-windows/ecg-maya-usd/maya-usd/lib/usd/ui/importDialog/TreeItem.h
[2023-04-06T14:18:55.701Z]     -- promoting: S:/jenkins/workspace/ECP/ecg-maya-usd/ecg-mayausd-branch-preflight-2019-no-ufe-windows/ecg-maya-usd/maya-usd/lib/usd/ui/importDialog/TreeModel.h
[2023-04-06T14:18:55.701Z]     -- promoting: S:/jenkins/workspace/ECP/ecg-maya-usd/ecg-mayausd-branch-preflight-2019-no-ufe-windows/ecg-maya-usd/maya-usd/lib/usd/ui/importDialog/TreeModelFactory.h
[2023-04-06T14:18:55.701Z]     -- promoting: S:/jenkins/workspace/ECP/ecg-maya-usd/ecg-mayausd-branch-preflight-2019-no-ufe-windows/ecg-maya-usd/maya-usd/lib/usd/ui/importDialog/USDImportDialog.h
[2023-04-06T14:18:55.701Z]     -- promoting: S:/jenkins/workspace/ECP/ecg-maya-usd/ecg-mayausd-branch-preflight-2019-no-ufe-windows/ecg-maya-usd/maya-usd/lib/usd/ui/importDialog/USDImportDialogCmd.h
[2023-04-06T14:18:55.701Z]     -- promoting: S:/jenkins/workspace/ECP/ecg-maya-usd/ecg-mayausd-branch-preflight-2019-no-ufe-windows/ecg-maya-usd/maya-usd/lib/usd/ui/importDialog/USDQtUtil.h
[2023-04-06T14:18:55.701Z]     -- promoting: S:/jenkins/workspace/ECP/ecg-maya-usd/ecg-mayausd-branch-preflight-2019-no-ufe-windows/ecg-maya-usd/maya-usd/lib/usd/ui/api.h
[2023-04-06T14:18:55.701Z]     -- promoting: S:/jenkins/workspace/ECP/ecg-maya-usd/ecg-mayausd-branch-preflight-2019-no-ufe-windows/ecg-maya-usd/maya-usd/lib/usd/ui/initStringResources.h
[2023-04-06T14:18:55.701Z]     ========== Pixar USD Plugin ==========
[2023-04-06T14:18:55.819Z]     Compiling W:/build/RelWithDebInfo/plugin/pxr/__init__.py ...
[2023-04-06T14:18:55.937Z]     ========== AL USD Plugin ==========
[2023-04-06T14:18:55.937Z]     CMake Deprecation Warning at plugin/al/CMakeLists.txt:7 (cmake_policy):
[2023-04-06T14:18:55.937Z]       The OLD behavior for policy CMP0026 will be removed from a future version
[2023-04-06T14:18:55.937Z]       of CMake.
[2023-04-06T14:18:55.937Z]     
[2023-04-06T14:18:55.937Z]       The cmake-policies(7) manual explains that the OLD behaviors of all
[2023-04-06T14:18:55.937Z]       policies are deprecated and that a policy should be set to OLD only under
[2023-04-06T14:18:55.937Z]       specific short-term circumstances.  Projects should be ported to the NEW
[2023-04-06T14:18:55.937Z]       behavior and not rely on setting a policy to OLD.
[2023-04-06T14:18:55.937Z]     
[2023-04-06T14:18:55.937Z]     
[2023-04-06T14:18:55.937Z]     -- Found Boost 1.70.0 at P:/shared/Artifactory/Windows/USD/cfb3d8a/lib/cmake/Boost-1.70.0
[2023-04-06T14:18:55.937Z]     --   Requested configuration: QUIET REQUIRED
[2023-04-06T14:18:56.050Z]     -- Found boost_headers 1.70.0 at P:/shared/Artifactory/Windows/USD/cfb3d8a/lib/cmake/boost_headers-1.70.0
[2023-04-06T14:18:56.050Z]     -- Found Boost: P:/shared/Artifactory/Windows/USD/cfb3d8a/lib/cmake/Boost-1.70.0/BoostConfig.cmake (found version "1.70.0")
[2023-04-06T14:18:56.050Z]     -- Found Boost 1.70.0 at P:/shared/Artifactory/Windows/USD/cfb3d8a/lib/cmake/Boost-1.70.0
[2023-04-06T14:18:56.050Z]     --   Requested configuration: QUIET REQUIRED COMPONENTS python
[2023-04-06T14:18:56.050Z]     -- Found boost_python 1.70.0 at P:/shared/Artifactory/Windows/USD/cfb3d8a/lib/cmake/boost_python-1.70.0
[2023-04-06T14:18:56.050Z]     --   boost_python27-vc141-mt-x64-1_70.lib
[2023-04-06T14:18:56.050Z]     -- Adding boost_python dependencies: headers
[2023-04-06T14:18:56.050Z]     -- Found Boost: P:/shared/Artifactory/Windows/USD/cfb3d8a/lib/cmake/Boost-1.70.0/BoostConfig.cmake (found version "1.70.0") found components: python
[2023-04-06T14:18:56.674Z]     -- Found GTest: W:/build/RelWithDebInfo/googletest-install/lib/gtest.lib
[2023-04-06T14:18:58.917Z]     -- Building AL_USDMayaSchemas
[2023-04-06T14:18:59.642Z]     Processing schema classes:
[2023-04-06T14:18:59.642Z]     ALModelAPI, ALFrameRange
[2023-04-06T14:18:59.642Z]     Loading Templates from p:\shared\Artifactory\Windows\USD\cfb3d8a\lib\usd\usd\resources\codegenTemplates
[2023-04-06T14:18:59.642Z]     Writing API:
[2023-04-06T14:18:59.642Z]     	    wrote W:\build\RelWithDebInfo\plugin\al\schemas\AL\usd\schemas\maya\api.h
[2023-04-06T14:18:59.642Z]     Writing Schema Tokens:
[2023-04-06T14:18:59.642Z]     	    wrote W:\build\RelWithDebInfo\plugin\al\schemas\AL\usd\schemas\maya\tokens.h
[2023-04-06T14:18:59.642Z]     	    wrote W:\build\RelWithDebInfo\plugin\al\schemas\AL\usd\schemas\maya\tokens.cpp
[2023-04-06T14:18:59.642Z]     	    wrote W:\build\RelWithDebInfo\plugin\al\schemas\AL\usd\schemas\maya\wrapTokens.cpp
[2023-04-06T14:18:59.642Z]     Generating Classes:
[2023-04-06T14:18:59.642Z]     	    wrote W:\build\RelWithDebInfo\plugin\al\schemas\AL\usd\schemas\maya\ModelAPI.h
[2023-04-06T14:18:59.642Z]     	    wrote W:\build\RelWithDebInfo\plugin\al\schemas\AL\usd\schemas\maya\ModelAPI.cpp
[2023-04-06T14:18:59.642Z]     	    wrote W:\build\RelWithDebInfo\plugin\al\schemas\AL\usd\schemas\maya\wrapModelAPI.cpp
[2023-04-06T14:18:59.642Z]     	    wrote W:\build\RelWithDebInfo\plugin\al\schemas\AL\usd\schemas\maya\FrameRange.h
[2023-04-06T14:18:59.642Z]     	    wrote W:\build\RelWithDebInfo\plugin\al\schemas\AL\usd\schemas\maya\FrameRange.cpp
[2023-04-06T14:18:59.642Z]     	    wrote W:\build\RelWithDebInfo\plugin\al\schemas\AL\usd\schemas\maya\wrapFrameRange.cpp
[2023-04-06T14:18:59.642Z]     Loading Templates from p:\shared\Artifactory\Windows\USD\cfb3d8a\lib\usd\usd\resources\codegenTemplates
[2023-04-06T14:18:59.642Z]     	    wrote W:\build\RelWithDebInfo\plugin\al\schemas\AL\usd\schemas\maya\plugInfo.json
[2023-04-06T14:18:59.642Z]     Generating Schematics:
[2023-04-06T14:18:59.642Z]     	    wrote W:\build\RelWithDebInfo\plugin\al\schemas\AL\usd\schemas\maya\generatedSchema.usda
[2023-04-06T14:19:00.975Z]     Processing schema classes:
[2023-04-06T14:19:00.975Z]     ALExamplePolyCubeNode
[2023-04-06T14:19:00.975Z]     Loading Templates from p:\shared\Artifactory\Windows\USD\cfb3d8a\lib\usd\usd\resources\codegenTemplates
[2023-04-06T14:19:00.975Z]     Writing API:
[2023-04-06T14:19:00.975Z]     	    wrote W:\build\RelWithDebInfo\plugin\al\schemas\AL\usd\schemas\mayatest\api.h
[2023-04-06T14:19:00.975Z]     Writing Schema Tokens:
[2023-04-06T14:19:00.975Z]     	    wrote W:\build\RelWithDebInfo\plugin\al\schemas\AL\usd\schemas\mayatest\tokens.h
[2023-04-06T14:19:00.975Z]     	    wrote W:\build\RelWithDebInfo\plugin\al\schemas\AL\usd\schemas\mayatest\tokens.cpp
[2023-04-06T14:19:00.975Z]     	    wrote W:\build\RelWithDebInfo\plugin\al\schemas\AL\usd\schemas\mayatest\wrapTokens.cpp
[2023-04-06T14:19:00.975Z]     Generating Classes:
[2023-04-06T14:19:00.975Z]     	    wrote W:\build\RelWithDebInfo\plugin\al\schemas\AL\usd\schemas\mayatest\ExamplePolyCubeNode.h
[2023-04-06T14:19:00.975Z]     	    wrote W:\build\RelWithDebInfo\plugin\al\schemas\AL\usd\schemas\mayatest\ExamplePolyCubeNode.cpp
[2023-04-06T14:19:00.975Z]     	    wrote W:\build\RelWithDebInfo\plugin\al\schemas\AL\usd\schemas\mayatest\wrapExamplePolyCubeNode.cpp
[2023-04-06T14:19:00.975Z]     Loading Templates from p:\shared\Artifactory\Windows\USD\cfb3d8a\lib\usd\usd\resources\codegenTemplates
[2023-04-06T14:19:00.975Z]     	    wrote W:\build\RelWithDebInfo\plugin\al\schemas\AL\usd\schemas\mayatest\plugInfo.json
[2023-04-06T14:19:00.975Z]     Generating Schematics:
[2023-04-06T14:19:00.975Z]     	    wrote W:\build\RelWithDebInfo\plugin\al\schemas\AL\usd\schemas\mayatest\generatedSchema.usda
[2023-04-06T14:19:00.975Z]     -- Building AL_USDMayaTranslators
[2023-04-06T14:19:01.096Z]     ========== ADSK USD Plugin ==========
[2023-04-06T14:19:01.211Z]     -- Configuring done
[2023-04-06T14:19:03.049Z]     -- Generating done
[2023-04-06T14:19:03.050Z]     CMake Warning:
[2023-04-06T14:19:03.050Z]       Manually-specified variables were not used by the project:
[2023-04-06T14:19:03.050Z]     
[2023-04-06T14:19:03.050Z]         MAYA_DEVKIT_LOCATION
[2023-04-06T14:19:03.050Z]     
[2023-04-06T14:19:03.050Z]     
[2023-04-06T14:19:03.050Z]     -- Build files have been written to: W:/build/RelWithDebInfo
[2023-04-06T14:19:03.157Z]     
[2023-04-06T14:19:03.157Z]         Building with settings:
[2023-04-06T14:19:03.157Z]           Source directory          S:\jenkins\workspace\ECP\ecg-maya-usd\ecg-mayausd-branch-preflight-2019-no-ufe-windows\ecg-maya-usd\maya-usd
[2023-04-06T14:19:03.157Z]           Workspace directory       W:\
[2023-04-06T14:19:03.157Z]           Build directory           W:\build\RelWithDebInfo
[2023-04-06T14:19:03.157Z]           Install directory         W:\install\RelWithDebInfo\MayaUSD
[2023-04-06T14:19:03.157Z]           Variant                   RelWithDebInfo
[2023-04-06T14:19:03.157Z]           Python Debug              Off
[2023-04-06T14:19:03.157Z]           CMake generator           Ninja
[2023-04-06T14:19:03.157Z]           Build arguments           ['-DCMAKE_MAKE_PROGRAM=P:/shared/Artifactory/Windows/ninja/1.9.0/c68f192/ninja.exe', '-DPYTHON_INCLUDE_DIR=P:/shared/Artifactory/Windows/rundev-2019/202003131251/runtime/155eb96/runTime/include/Python2.7', '-DPython_EXECUTABLE=P:/shared/Artifactory/Windows/rundev-2019/202003131251/runtime/155eb96/runTime/bin/mayapy.exe', '-DPYTHON_LIBRARIES=P:/shared/Artifactory/Windows/rundev-2019/202003131251/runtime/155eb96/runTime/lib/python27.lib', '-DCMAKE_WANT_UFE_BUILD=OFF', '-DUSD_LIB_PREFIX=', '-DBUILD_HDMAYA=OFF']
[2023-04-06T14:19:03.157Z]           Stages arguments          ['configure']
[2023-04-06T14:19:03.157Z]           CTest arguments           ['-E testUsdReferenceAssemblySelection|testUsdMayaAppDir', '-LE interactive', '--parallel 16']
[2023-04-06T14:19:03.157Z]     Success MayaUSD build and install !!!!
[2023-04-06T14:19:03.157Z]     Elapsed time: 00:00:38
[Pipeline] bat
[2023-04-06T14:19:03.526Z] Deleting alias drive W:
[Pipeline] bat
[2023-04-06T14:19:03.897Z] Deleting alias drive P:
[Pipeline] }
[Pipeline] // withEnv
[Pipeline] }
[Pipeline] // timeout
[Pipeline] }
[Pipeline] // stage
[Pipeline] }
[Pipeline] // timestamps
[Pipeline] timestamps
[Pipeline] {
[Pipeline] stage
[Pipeline] { (Build)
[Pipeline] timeout
[2023-04-06T14:19:04.286Z] Timeout set to expire in 6 hr 0 min
[Pipeline] {
[Pipeline] withEnv
[Pipeline] {
[Pipeline] bat
[2023-04-06T14:19:04.599Z] Creating alias drive P: to S:\jenkins\workspace
[Pipeline] bat
[2023-04-06T14:19:04.977Z] Creating alias drive W: to S:\jenkins\workspace\ECP\ecg-maya-usd\ecg-mayausd-branch-preflight-2019-no-ufe-windows
[Pipeline] bat
[2023-04-06T14:19:05.399Z] "C:\Program Files (x86)\Microsoft Visual Studio\2017\Professional\VC\Auxiliary\Build\vcvarsall.bat" x64
[2023-04-06T14:19:05.613Z] **********************************************************************
[2023-04-06T14:19:05.613Z] ** Visual Studio 2017 Developer Command Prompt v15.9.15
[2023-04-06T14:19:05.613Z] ** Copyright (c) 2017 Microsoft Corporation
[2023-04-06T14:19:05.613Z] **********************************************************************
[2023-04-06T14:19:06.634Z] [vcvarsall.bat] Environment initialized for: 'x64'
[2023-04-06T14:19:06.634Z] python ecg-maya-usd/build.py --stages=build --workspace-dir=W:\ --artifactory-dir=P:\shared\Artifactory --build-dir=W:\build --install-dir=W:\install --signing-dir=W:\signing --package-dir=W:\package --output-dir=W:\output --stash-dir=W:\stash --jenkins-build=830 --git-commit=a8fa22c6f13696b4ec78dd9d6c429e0c7430f14d --git-branch=master --variants=RelWithDebInfo --python=2.7 --ufe=false --pxrusd-version=0.21.05-gold --post-zips=false --build-retry=3 --maya-cut-config=maya-rundev-2019.yaml --maya-package=rundev-2019 --stage-banner
[2023-04-06T14:19:07.558Z] Using Maya cut from P:\shared\Artifactory\Windows\rundev-2019\202003131251\runtime\155eb96
[2023-04-06T14:19:07.558Z] 
[2023-04-06T14:19:07.558Z] ================================================================================
[2023-04-06T14:19:07.558Z]                              build (RelWithDebInfo)
[2023-04-06T14:19:07.558Z] ================================================================================
[2023-04-06T14:19:07.558Z] Maya Python RelWithDebInfo Info:
[2023-04-06T14:19:07.558Z]   mayapy executable   = P:\shared\Artifactory\Windows\rundev-2019\202003131251\runtime\155eb96\runTime\bin\mayapy.exe
[2023-04-06T14:19:07.558Z]   Include Folder      = P:\shared\Artifactory\Windows\rundev-2019\202003131251\runtime\155eb96\runTime\include\Python2.7
[2023-04-06T14:19:07.558Z]   Library             = P:\shared\Artifactory\Windows\rundev-2019\202003131251\runtime\155eb96\runTime\lib\python27.lib
[2023-04-06T14:19:07.558Z]   site-package Folder = P:\shared\Artifactory\Windows\rundev-2019\202003131251\runtime\155eb96\runTime\Python\Lib\site-packages
[2023-04-06T14:19:08.380Z] In workdir: S:\jenkins\workspace\ECP\ecg-maya-usd\ecg-mayausd-branch-preflight-2019-no-ufe-windows\ecg-maya-usd\maya-usd
[2023-04-06T14:19:08.380Z] Executing: 'P:\\shared\\Artifactory\\Windows\\rundev-2019\\202003131251\\runtime\\155eb96\\runTime\\bin\\mayapy.exe' 'S:\\jenkins\\workspace\\ECP\\ecg-maya-usd\\ecg-mayausd-branch-preflight-2019-no-ufe-windows\\ecg-maya-usd\\maya-usd\\build.py' --generator Ninja --build-relwithdebug --maya-location 'P:\\shared\\Artifactory\\Windows\\rundev-2019\\202003131251\\runtime\\155eb96\\runTime' --devkit-location 'P:\\shared\\Artifactory\\Windows\\rundev-2019\\202003131251\\runtime\\155eb96\\devkitBase' --pxrusd-location 'P:\\shared\\Artifactory\\Windows\\USD\\cfb3d8a' --qt-location 'P:\\shared\\Artifactory\\Windows\\qt\\5.6.1\\1acd0ba' --materialx '--build-args=-DCMAKE_MAKE_PROGRAM=P:/shared/Artifactory/Windows/ninja/1.9.0/c68f192/ninja.exe,-DPYTHON_INCLUDE_DIR=P:/shared/Artifactory/Windows/rundev-2019/202003131251/runtime/155eb96/runTime/include/Python2.7,-DPython_EXECUTABLE=P:/shared/Artifactory/Windows/rundev-2019/202003131251/runtime/155eb96/runTime/bin/mayapy.exe,-DPYTHON_LIBRARIES=P:/shared/Artifactory/Windows/rundev-2019/202003131251/runtime/155eb96/runTime/lib/python27.lib,-DCMAKE_WANT_UFE_BUILD=OFF,-DUSD_LIB_PREFIX=,-DBUILD_HDMAYA=OFF' '--ctest-args=-E testUsdReferenceAssemblySelection|testUsdMayaAppDir,-LE interactive,--parallel 16' --stages=build --redirect-outstream-file=False --install-location 'W:\\install\\RelWithDebInfo\\MayaUSD' 'W:\\'
[2023-04-06T14:19:08.380Z] Modified environment variables:
[2023-04-06T14:19:08.380Z]     PATH=P:\shared\Artifactory\Windows\cmake\3.20.3\afe857a\bin;C:\Python27\lib\site-packages\pywin32_system32;C:\Program Files (x86)\Microsoft Visual Studio\2017\Professional\VC\Tools\MSVC\14.16.27023\bin\HostX64\x64;C:\Program Files (x86)\Microsoft Visual Studio\2017\Professional\Common7\IDE\VC\VCPackages;C:\Program Files (x86)\Microsoft Visual Studio\2017\Professional\Common7\IDE\CommonExtensions\Microsoft\TestWindow;C:\Program Files (x86)\Microsoft Visual Studio\2017\Professional\Common7\IDE\CommonExtensions\Microsoft\TeamFoundation\Team Explorer;C:\Program Files (x86)\Microsoft Visual Studio\2017\Professional\MSBuild\15.0\bin\Roslyn;C:\Program Files (x86)\Microsoft Visual Studio\2017\Professional\Team Tools\Performance Tools\x64;C:\Program Files (x86)\Microsoft Visual Studio\2017\Professional\Team Tools\Performance Tools;C:\Program Files (x86)\Microsoft Visual Studio\Shared\Common\VSPerfCollectionTools\\x64;C:\Program Files (x86)\Microsoft Visual Studio\Shared\Common\VSPerfCollectionTools\;C:\Program Files (x86)\Microsoft SDKs\Windows\v10.0A\bin\NETFX 4.6.1 Tools\x64\;C:\Program Files (x86)\HTML Help Workshop;C:\Program Files (x86)\Windows Kits\10\bin\10.0.18362.0\x64;C:\Program Files (x86)\Windows Kits\10\bin\x64;C:\Program Files (x86)\Microsoft Visual Studio\2017\Professional\\MSBuild\15.0\bin;C:\WINDOWS\Microsoft.NET\Framework64\v4.0.30319;C:\Program Files (x86)\Microsoft Visual Studio\2017\Professional\Common7\IDE\;C:\Program Files (x86)\Microsoft Visual Studio\2017\Professional\Common7\Tools\;C:\Python27\;C:\Python27\Scripts;C:\WINDOWS\system32;C:\WINDOWS;C:\WINDOWS\System32\Wbem;C:\WINDOWS\System32\WindowsPowerShell\v1.0\;C:\WINDOWS\System32\OpenSSH\;C:\ProgramData\chocolatey\bin;C:\Program Files (x86)\WiX Toolset v3.7\bin;C:\Program Files\dotnet\;C:\Program Files (x86)\Windows Kits\10\bin\10.0.18362.0\x64;C:\Program Files\Zulu\zulu-11\bin\;C:\Program Files (x86)\Windows Kits\10\bin\10.0.17763.0\x64;C:\Program Files (x86)\Windows Kits\10\bin\x64;C:\Program Files\Git\cmd;C:\Program Files\Git\usr\bin;C:\Program Files\Git\mingw64\bin;C:\Program Files\Git\bin;C:\Python38\;C:\Python38\Scripts;C:\StoreBoxClientWindows;C:\Program Files\Electric Cloud\ElectricCommander\bin;C:\Program Files\WinRAR;C:\Program Files\7-Zip;C:\Users\Administrator\AppData\Local\Microsoft\WindowsApps;C:\Program Files (x86)\Microsoft Visual Studio\2017\Professional\Common7\IDE\CommonExtensions\Microsoft\CMake\CMake\bin;C:\Program Files (x86)\Microsoft Visual Studio\2017\Professional\Common7\IDE\CommonExtensions\Microsoft\CMake\Ninja
[2023-04-06T14:19:10.544Z]     [1/585] Building CXX object test\lib\usd\utils\CMakeFiles\testDiffValues.dir\main.cpp.obj
[2023-04-06T14:19:10.544Z]     [2/585] Building CXX object test\lib\usd\utils\CMakeFiles\testDiffCore.dir\main.cpp.obj
[2023-04-06T14:19:10.544Z]     [3/585] Building CXX object test\lib\usd\utils\CMakeFiles\testDiffPrims.dir\main.cpp.obj
[2023-04-06T14:19:10.544Z]     [4/585] Building CXX object test\lib\usd\utils\CMakeFiles\testDiffLists.dir\main.cpp.obj
[2023-04-06T14:19:11.067Z]     [5/585] Building CXX object test\lib\usd\utils\CMakeFiles\testDiffCore.dir\test_DiffCore.cpp.obj
[2023-04-06T14:19:11.790Z]     [6/585] Building CXX object test\lib\usd\utils\CMakeFiles\testDiffDictionaries.dir\main.cpp.obj
[2023-04-06T14:19:13.023Z]     [7/585] Building CXX object test\lib\usd\utils\CMakeFiles\testDiffRelationships.dir\main.cpp.obj
[2023-04-06T14:19:19.571Z]     [8/585] Building CXX object test\lib\usd\utils\CMakeFiles\testDiffPrims.dir\test_DiffPrimsRelations.cpp.obj
[2023-04-06T14:19:19.571Z]     [9/585] Building CXX object test\lib\usd\utils\CMakeFiles\testDiffPrims.dir\test_DiffPrims.cpp.obj
[2023-04-06T14:19:19.571Z]     [10/585] Building CXX object test\lib\usd\utils\CMakeFiles\testDiffValues.dir\test_DiffValues.cpp.obj
[2023-04-06T14:19:19.682Z]     [11/585] Building CXX object test\lib\usd\utils\CMakeFiles\testDiffPrims.dir\test_DiffPrimsAttributes.cpp.obj
[2023-04-06T14:19:20.040Z]     [12/585] Building CXX object test\lib\usd\utils\CMakeFiles\testDiffValues.dir\test_DiffValuesIntVecs.cpp.obj
[2023-04-06T14:19:20.040Z]     [13/585] Building CXX object test\lib\usd\utils\CMakeFiles\testDiffDictionaries.dir\test_DiffDictionaries.cpp.obj
[2023-04-06T14:19:20.040Z]     [14/585] Building CXX object test\lib\usd\utils\CMakeFiles\testDiffValues.dir\test_DiffValuesMatrices.cpp.obj
[2023-04-06T14:19:20.375Z]     [15/585] Building CXX object test\lib\usd\utils\CMakeFiles\testDiffPrims.dir\test_DiffPrimsChildren.cpp.obj
[2023-04-06T14:19:20.742Z]     [16/585] Building CXX object test\lib\usd\utils\CMakeFiles\testDiffValues.dir\test_DiffValuesQuaternions.cpp.obj
[2023-04-06T14:19:20.742Z]     [17/585] Building CXX object test\lib\usd\utils\CMakeFiles\testDiffValues.dir\test_DiffValuesGeneric.cpp.obj
[2023-04-06T14:19:21.217Z]     [18/585] Building CXX object test\lib\usd\utils\CMakeFiles\testDiffLists.dir\test_DiffLists.cpp.obj
[2023-04-06T14:19:21.540Z]     [19/585] Building CXX object test\lib\usd\utils\CMakeFiles\testDiffValues.dir\test_DiffValuesHalfVecs.cpp.obj
[2023-04-06T14:19:21.656Z]     [20/585] Building CXX object test\lib\usd\utils\CMakeFiles\testDiffValues.dir\test_DiffValuesDoubleVecs.cpp.obj
[2023-04-06T14:19:21.656Z]     [21/585] Building CXX object test\lib\usd\utils\CMakeFiles\testDiffValues.dir\test_DiffValuesFloatVecs.cpp.obj
[2023-04-06T14:19:21.770Z]     [22/585] Building CXX object test\lib\usd\utils\CMakeFiles\testDiffValues.dir\test_DiffValuesArrays.cpp.obj
[2023-04-06T14:19:22.397Z]     [23/585] Building CXX object test\lib\usd\utils\CMakeFiles\testDiffAttributes.dir\main.cpp.obj
[2023-04-06T14:19:22.397Z]     [24/585] Building CXX object lib\mayaUsd\CMakeFiles\mayaUsd.dir\base\debugCodes.cpp.obj
[2023-04-06T14:19:22.514Z]     [25/585] Building CXX object test\lib\usd\utils\CMakeFiles\testDiffMetadatas.dir\main.cpp.obj
[2023-04-06T14:19:22.514Z]     [26/585] Building CXX object test\lib\usd\utils\CMakeFiles\testDiffComputeOverall.dir\main.cpp.obj
[2023-04-06T14:19:22.514Z]     [27/585] Building CXX object test\lib\usd\utils\CMakeFiles\testMergePrims.dir\main.cpp.obj
[2023-04-06T14:19:22.832Z]     [28/585] Building CXX object lib\mayaUsd\CMakeFiles\mayaUsd.dir\base\tokens.cpp.obj
[2023-04-06T14:19:24.367Z]     [29/585] Building CXX object test\lib\usd\utils\CMakeFiles\testDiffAttributes.dir\test_DiffAttributes.cpp.obj
[2023-04-06T14:19:24.987Z]     [30/585] Building CXX object lib\mayaUsd\CMakeFiles\mayaUsd.dir\commands\layerEditorWindowCommand.cpp.obj
[2023-04-06T14:19:29.235Z]     [31/585] Building CXX object lib\mayaUsd\CMakeFiles\mayaUsd.dir\commands\baseListJobContextsCommand.cpp.obj
[2023-04-06T14:19:29.458Z]     [32/585] Building CXX object test\lib\usd\utils\CMakeFiles\testDiffRelationships.dir\test_DiffRelationships.cpp.obj
[2023-04-06T14:19:29.458Z]     [33/585] Building CXX object test\lib\usd\utils\CMakeFiles\testDiffComputeOverall.dir\test_DiffComputeOverall.cpp.obj
[2023-04-06T14:19:29.593Z]     [34/585] Building CXX object test\lib\usd\utils\CMakeFiles\testDiffMetadatas.dir\test_DiffMetadatas.cpp.obj
[2023-04-06T14:19:29.919Z]     [35/585] Building CXX object test\lib\usd\utils\CMakeFiles\testMergePrims.dir\test_MergePrims.cpp.obj
[2023-04-06T14:19:29.919Z]     [36/585] Building CXX object lib\mayaUsd\CMakeFiles\mayaUsd.dir\fileio\shaderReader.cpp.obj
[2023-04-06T14:19:30.138Z]     [37/585] Building CXX object lib\mayaUsd\CMakeFiles\mayaUsd.dir\commands\baseImportCommand.cpp.obj
[2023-04-06T14:19:30.271Z]     [38/585] Building CXX object lib\mayaUsd\CMakeFiles\mayaUsd.dir\fileio\shaderWriter.cpp.obj
[2023-04-06T14:19:30.794Z]     [39/585] Building CXX object lib\mayaUsd\CMakeFiles\mayaUsd.dir\commands\baseListShadingModesCommand.cpp.obj
[2023-04-06T14:19:31.157Z]     [40/585] Building CXX object lib\mayaUsd\CMakeFiles\mayaUsd.dir\commands\baseExportCommand.cpp.obj
[2023-04-06T14:19:31.400Z]     [41/585] Building CXX object lib\mayaUsd\CMakeFiles\mayaUsd.dir\fileio\fallbackPrimReader.cpp.obj
[2023-04-06T14:19:31.638Z]     [42/585] Building CXX object lib\mayaUsd\CMakeFiles\mayaUsd.dir\fileio\shaderReaderRegistry.cpp.obj
[2023-04-06T14:19:31.980Z]     [43/585] Building CXX object lib\mayaUsd\CMakeFiles\mayaUsd.dir\fileio\transformWriter.cpp.obj
[2023-04-06T14:19:32.512Z]     [44/585] Building CXX object lib\mayaUsd\CMakeFiles\mayaUsd.dir\fileio\shaderWriterRegistry.cpp.obj
[2023-04-06T14:19:33.761Z]     [45/585] Building CXX object lib\mayaUsd\CMakeFiles\mayaUsd.dir\fileio\functorPrimReader.cpp.obj
[2023-04-06T14:19:33.761Z]     [46/585] Building CXX object lib\mayaUsd\CMakeFiles\mayaUsd.dir\fileio\writeJobContext.cpp.obj
[2023-04-06T14:19:34.601Z]     [47/585] Building CXX object lib\mayaUsd\CMakeFiles\mayaUsd.dir\fileio\jobContextRegistry.cpp.obj
[2023-04-06T14:19:37.372Z]     [48/585] Building CXX object lib\mayaUsd\CMakeFiles\mayaUsd.dir\fileio\primReaderArgs.cpp.obj
[2023-04-06T14:19:37.372Z]     [49/585] Building CXX object lib\mayaUsd\CMakeFiles\mayaUsd.dir\fileio\primReader.cpp.obj
[2023-04-06T14:19:37.372Z]     [50/585] Building CXX object lib\mayaUsd\CMakeFiles\mayaUsd.dir\commands\editTargetCommand.cpp.obj
[2023-04-06T14:19:37.372Z]     [51/585] Building CXX object lib\mayaUsd\CMakeFiles\mayaUsd.dir\fileio\importData.cpp.obj
[2023-04-06T14:19:38.365Z]     [52/585] Building CXX object lib\mayaUsd\CMakeFiles\mayaUsd.dir\fileio\instancedNodeWriter.cpp.obj
[2023-04-06T14:19:38.365Z]     [53/585] Building CXX object lib\mayaUsd\CMakeFiles\mayaUsd.dir\fileio\primWriterContext.cpp.obj
[2023-04-06T14:19:38.493Z]     [54/585] Building CXX object lib\mayaUsd\CMakeFiles\mayaUsd.dir\fileio\functorPrimWriter.cpp.obj
[2023-04-06T14:19:38.618Z]     [55/585] Building CXX object lib\mayaUsd\CMakeFiles\mayaUsd.dir\fileio\primReaderContext.cpp.obj
[2023-04-06T14:19:38.845Z]     [56/585] Building CXX object lib\mayaUsd\CMakeFiles\mayaUsd.dir\fileio\chaser\exportChaser.cpp.obj
[2023-04-06T14:19:38.967Z]     [57/585] Building CXX object lib\mayaUsd\CMakeFiles\mayaUsd.dir\fileio\registryHelper.cpp.obj
[2023-04-06T14:19:38.967Z]     [58/585] Building CXX object lib\mayaUsd\CMakeFiles\mayaUsd.dir\commands\layerEditorCommand.cpp.obj
[2023-04-06T14:19:40.415Z]     [59/585] Building CXX object lib\mayaUsd\CMakeFiles\mayaUsd.dir\fileio\primWriterArgs.cpp.obj
[2023-04-06T14:19:40.415Z]     [60/585] Building CXX object lib\mayaUsd\CMakeFiles\mayaUsd.dir\fileio\primReaderRegistry.cpp.obj
[2023-04-06T14:19:41.677Z]     [61/585] Building CXX object lib\mayaUsd\CMakeFiles\mayaUsd.dir\fileio\primWriterRegistry.cpp.obj
[2023-04-06T14:19:42.001Z]     [62/585] Building CXX object lib\mayaUsd\CMakeFiles\mayaUsd.dir\fileio\primWriter.cpp.obj
[2023-04-06T14:19:42.532Z]     [63/585] Building CXX object lib\mayaUsd\CMakeFiles\mayaUsd.dir\fileio\schemaApiAdaptorRegistry.cpp.obj
[2023-04-06T14:19:43.064Z]     [64/585] Building CXX object lib\mayaUsd\CMakeFiles\mayaUsd.dir\fileio\schemaApiAdaptor.cpp.obj
[2023-04-06T14:19:45.626Z]     [65/585] Building CXX object lib\mayaUsd\CMakeFiles\mayaUsd.dir\fileio\chaser\importChaser.cpp.obj
[2023-04-06T14:19:45.956Z]     [66/585] Building CXX object lib\mayaUsd\CMakeFiles\mayaUsd.dir\fileio\chaser\importChaserRegistry.cpp.obj
[2023-04-06T14:19:46.084Z]     [67/585] Building CXX object lib\mayaUsd\CMakeFiles\mayaUsd.dir\fileio\chaser\exportChaserRegistry.cpp.obj
[2023-04-06T14:19:46.332Z]     [68/585] Building CXX object lib\mayaUsd\CMakeFiles\mayaUsd.dir\fileio\jobs\meshDataReadJob.cpp.obj
[2023-04-06T14:19:48.242Z]     [69/585] Building CXX object lib\mayaUsd\CMakeFiles\mayaUsd.dir\fileio\jobs\writeJob.cpp.obj
[2023-04-06T14:19:48.384Z]     [70/585] Building CXX object lib\mayaUsd\CMakeFiles\mayaUsd.dir\fileio\jobs\modelKindProcessor.cpp.obj
[2023-04-06T14:19:48.521Z]     [71/585] Building CXX object lib\mayaUsd\CMakeFiles\mayaUsd.dir\fileio\shading\shadingModeDisplayColor.cpp.obj
[2023-04-06T14:19:49.945Z]     [72/585] Building CXX object lib\mayaUsd\CMakeFiles\mayaUsd.dir\fileio\shading\shadingModeImporter.cpp.obj
[2023-04-06T14:19:50.484Z]     [73/585] Building CXX object lib\mayaUsd\CMakeFiles\mayaUsd.dir\fileio\shading\shadingModeExporter.cpp.obj
[2023-04-06T14:19:50.484Z]     [74/585] Building CXX object lib\mayaUsd\CMakeFiles\mayaUsd.dir\fileio\jobs\jobArgs.cpp.obj
[2023-04-06T14:19:51.020Z]     [75/585] Building CXX object lib\mayaUsd\CMakeFiles\mayaUsd.dir\fileio\shading\shadingModeExporterContext.cpp.obj
[2023-04-06T14:19:51.020Z]     [76/585] Building CXX object lib\mayaUsd\CMakeFiles\mayaUsd.dir\fileio\shading\symmetricShaderReader.cpp.obj
[2023-04-06T14:19:51.453Z]     [77/585] Building CXX object lib\mayaUsd\CMakeFiles\mayaUsd.dir\fileio\jobs\readJob.cpp.obj
[2023-04-06T14:19:53.213Z]     [78/585] Building CXX object lib\mayaUsd\CMakeFiles\mayaUsd.dir\fileio\shading\shadingModeRegistry.cpp.obj
[2023-04-06T14:19:54.069Z]     [79/585] Building CXX object lib\mayaUsd\CMakeFiles\mayaUsd.dir\fileio\shading\shadingModeUseRegistry.cpp.obj
[2023-04-06T14:19:56.217Z]     [80/585] Building CXX object lib\mayaUsd\CMakeFiles\mayaUsd.dir\fileio\translators\translatorLight.cpp.obj
[2023-04-06T14:19:56.996Z]     [81/585] Building CXX object lib\mayaUsd\CMakeFiles\mayaUsd.dir\fileio\translators\translatorGprim.cpp.obj
[2023-04-06T14:19:57.234Z]     [82/585] Building CXX object lib\mayaUsd\CMakeFiles\mayaUsd.dir\fileio\translators\translatorCamera.cpp.obj
[2023-04-06T14:19:57.234Z]     [83/585] Building CXX object lib\mayaUsd\CMakeFiles\mayaUsd.dir\fileio\shading\shadingModePxrRis.cpp.obj
[2023-04-06T14:19:57.577Z]     [84/585] Building CXX object lib\mayaUsd\CMakeFiles\mayaUsd.dir\fileio\translators\skelBindingsProcessor.cpp.obj
[2023-04-06T14:19:57.908Z]     [85/585] Building CXX object lib\mayaUsd\CMakeFiles\mayaUsd.dir\fileio\shading\symmetricShaderWriter.cpp.obj
[2023-04-06T14:19:58.244Z]     [86/585] Building CXX object lib\mayaUsd\CMakeFiles\mayaUsd.dir\fileio\translators\translatorCurves.cpp.obj
[2023-04-06T14:20:00.222Z]     [87/585] Building CXX object lib\mayaUsd\CMakeFiles\mayaUsd.dir\fileio\translators\translatorMayaReference.cpp.obj
[2023-04-06T14:20:00.342Z]     [88/585] Building CXX object lib\mayaUsd\CMakeFiles\mayaUsd.dir\fileio\translators\translatorMesh.cpp.obj
[2023-04-06T14:20:00.342Z]     [89/585] Building CXX object lib\mayaUsd\CMakeFiles\mayaUsd.dir\fileio\translators\translatorPrim.cpp.obj
[2023-04-06T14:20:00.707Z]     [90/585] Building CXX object lib\mayaUsd\CMakeFiles\mayaUsd.dir\fileio\translators\translatorRfMLight.cpp.obj
[2023-04-06T14:20:01.152Z]     [91/585] Building CXX object lib\mayaUsd\CMakeFiles\mayaUsd.dir\fileio\translators\translatorNurbsPatch.cpp.obj
[2023-04-06T14:20:01.679Z]     [92/585] Building CXX object lib\mayaUsd\CMakeFiles\mayaUsd.dir\fileio\translators\translatorSkel.cpp.obj
[2023-04-06T14:20:01.802Z]     [93/585] Building CXX object lib\mayaUsd\CMakeFiles\mayaUsd.dir\fileio\translators\translatorMaterial.cpp.obj
[2023-04-06T14:20:03.551Z]     [94/585] Building CXX object lib\mayaUsd\CMakeFiles\mayaUsd.dir\fileio\translators\translatorRfMLight_deprecated.cpp.obj
[2023-04-06T14:20:04.692Z]     [95/585] Building CXX object lib\mayaUsd\CMakeFiles\mayaUsd.dir\fileio\translators\translatorUtil.cpp.obj
[2023-04-06T14:20:06.071Z]     [96/585] Building CXX object lib\mayaUsd\CMakeFiles\mayaUsd.dir\fileio\utils\jointWriteUtils.cpp.obj
[2023-04-06T14:20:06.411Z]     [97/585] Building CXX object lib\mayaUsd\CMakeFiles\mayaUsd.dir\fileio\translators\translatorXformable.cpp.obj
[2023-04-06T14:20:06.548Z]     [98/585] Building CXX object lib\mayaUsd\CMakeFiles\mayaUsd.dir\fileio\translators\translatorXformable_decompose.cpp.obj
[2023-04-06T14:20:06.774Z]     [99/585] Building CXX object lib\mayaUsd\CMakeFiles\mayaUsd.dir\fileio\utils\meshReadUtils.cpp.obj
[2023-04-06T14:20:07.104Z]     [100/585] Building CXX object lib\mayaUsd\CMakeFiles\mayaUsd.dir\fileio\utils\adaptor.cpp.obj
[2023-04-06T14:20:07.448Z]     [101/585] Building CXX object lib\mayaUsd\CMakeFiles\mayaUsd.dir\fileio\utils\userTaggedAttribute.cpp.obj
[2023-04-06T14:20:09.632Z]     [102/585] Building CXX object lib\mayaUsd\CMakeFiles\mayaUsd.dir\fileio\utils\writeUtil.cpp.obj
[2023-04-06T14:20:09.766Z]     [103/585] Building CXX object lib\mayaUsd\CMakeFiles\mayaUsd.dir\listeners\stageNoticeListener.cpp.obj
[2023-04-06T14:20:09.902Z]     [104/585] Building CXX object lib\mayaUsd\CMakeFiles\mayaUsd.dir\fileio\utils\roundTripUtil.cpp.obj
[2023-04-06T14:20:10.125Z]     [105/585] Building CXX object lib\mayaUsd\CMakeFiles\mayaUsd.dir\nodes\pointBasedDeformerNode.cpp.obj
[2023-04-06T14:20:11.138Z]     [106/585] Building CXX object lib\mayaUsd\CMakeFiles\mayaUsd.dir\fileio\utils\xformStack.cpp.obj
[2023-04-06T14:20:11.138Z]     [107/585] Building CXX object lib\mayaUsd\CMakeFiles\mayaUsd.dir\listeners\notice.cpp.obj
[2023-04-06T14:20:12.136Z]     [108/585] Building CXX object lib\mayaUsd\CMakeFiles\mayaUsd.dir\fileio\utils\readUtil.cpp.obj
[2023-04-06T14:20:12.266Z]     [109/585] Building CXX object lib\mayaUsd\CMakeFiles\mayaUsd.dir\listeners\proxyShapeNotice.cpp.obj
[2023-04-06T14:20:12.494Z]     [110/585] Building CXX object lib\mayaUsd\CMakeFiles\mayaUsd.dir\render\px_vp20\glslProgram.cpp.obj
[2023-04-06T14:20:12.618Z]     [111/585] Building CXX object lib\mayaUsd\CMakeFiles\mayaUsd.dir\fileio\utils\shadingUtil.cpp.obj
[2023-04-06T14:20:12.743Z]     [112/585] Building CXX object lib\mayaUsd\CMakeFiles\mayaUsd.dir\fileio\utils\meshWriteUtils.cpp.obj
[2023-04-06T14:20:13.672Z]     [113/585] Building CXX object lib\mayaUsd\CMakeFiles\mayaUsd.dir\render\pxrUsdMayaGL\debugCodes.cpp.obj
[2023-04-06T14:20:13.895Z]     [114/585] Building CXX object lib\mayaUsd\CMakeFiles\mayaUsd.dir\nodes\stageData.cpp.obj
[2023-04-06T14:20:14.841Z]     [115/585] Building CXX object lib\mayaUsd\CMakeFiles\mayaUsd.dir\nodes\hdImagingShape.cpp.obj
[2023-04-06T14:20:14.841Z]     [116/585] Building CXX object lib\mayaUsd\CMakeFiles\mayaUsd.dir\python\moduleDeps.cpp.obj
[2023-04-06T14:20:14.970Z]     [117/585] Building CXX object lib\mayaUsd\CMakeFiles\mayaUsd.dir\nodes\proxyShapeUpdateManager.cpp.obj
[2023-04-06T14:20:16.109Z]     [118/585] Building CXX object lib\mayaUsd\CMakeFiles\mayaUsd.dir\render\px_vp20\utils_legacy.cpp.obj
[2023-04-06T14:20:16.774Z]     [119/585] Building CXX object lib\mayaUsd\CMakeFiles\mayaUsd.dir\render\px_vp20\utils.cpp.obj
[2023-04-06T14:20:17.002Z]     [120/585] Building CXX object lib\mayaUsd\CMakeFiles\mayaUsd.dir\nodes\proxyAccessor.cpp.obj
[2023-04-06T14:20:18.273Z]     [121/585] Building CXX object lib\mayaUsd\CMakeFiles\mayaUsd.dir\nodes\proxyShapePlugin.cpp.obj
[2023-04-06T14:20:18.395Z]     [122/585] Building CXX object lib\mayaUsd\CMakeFiles\mayaUsd.dir\render\pxrUsdMayaGL\userData.cpp.obj
[2023-04-06T14:20:18.842Z]     [123/585] Building CXX object lib\mayaUsd\CMakeFiles\mayaUsd.dir\nodes\proxyShapeStageExtraData.cpp.obj
[2023-04-06T14:20:19.068Z]     [124/585] Building CXX object lib\mayaUsd\CMakeFiles\mayaUsd.dir\nodes\usdPrimProvider.cpp.obj
[2023-04-06T14:20:19.402Z]     [125/585] Building CXX object lib\mayaUsd\CMakeFiles\mayaUsd.dir\render\pxrUsdMayaGL\softSelectHelper.cpp.obj
[2023-04-06T14:20:19.730Z]     [126/585] Building CXX object lib\mayaUsd\CMakeFiles\mayaUsd.dir\nodes\proxyShapeBase.cpp.obj
[2023-04-06T14:20:19.958Z]     [127/585] Building CXX object lib\mayaUsd\CMakeFiles\mayaUsd.dir\render\vp2RenderDelegate\bboxGeom.cpp.obj
[2023-04-06T14:20:20.405Z]     [128/585] Building CXX object lib\mayaUsd\CMakeFiles\mayaUsd.dir\nodes\stageNode.cpp.obj
[2023-04-06T14:20:20.529Z]     [129/585] Building CXX object lib\mayaUsd\CMakeFiles\mayaUsd.dir\render\vp2RenderDelegate\debugCodes.cpp.obj
[2023-04-06T14:20:22.592Z]     [130/585] Building CXX object lib\mayaUsd\CMakeFiles\mayaUsd.dir\render\pxrUsdMayaGL\proxyShapeDelegate.cpp.obj
[2023-04-06T14:20:23.986Z]     [131/585] Building CXX object lib\mayaUsd\CMakeFiles\mayaUsd.dir\render\pxrUsdMayaGL\batchRenderer.cpp.obj
[2023-04-06T14:20:24.230Z]     [132/585] Building CXX object lib\mayaUsd\CMakeFiles\mayaUsd.dir\render\pxrUsdMayaGL\hdImagingShapeDrawOverride.cpp.obj
[2023-04-06T14:20:24.460Z]     [133/585] Building CXX object lib\mayaUsd\CMakeFiles\mayaUsd.dir\render\vp2RenderDelegate\meshViewportCompute.cpp.obj
[2023-04-06T14:20:24.460Z]     [134/585] Building CXX object lib\mayaUsd\CMakeFiles\mayaUsd.dir\render\pxrUsdMayaGL\shapeAdapter.cpp.obj
[2023-04-06T14:20:24.799Z]     [135/585] Building CXX object lib\mayaUsd\CMakeFiles\mayaUsd.dir\render\pxrUsdMayaGL\proxyDrawOverride.cpp.obj
[2023-04-06T14:20:25.849Z]     [136/585] Building CXX object lib\mayaUsd\CMakeFiles\mayaUsd.dir\render\pxrUsdMayaGL\sceneDelegate.cpp.obj
[2023-04-06T14:20:25.985Z]     [137/585] Building CXX object lib\mayaUsd\CMakeFiles\mayaUsd.dir\render\pxrUsdMayaGL\hdImagingShapeUI.cpp.obj
[2023-04-06T14:20:26.523Z]     [138/585] Building CXX object lib\mayaUsd\CMakeFiles\mayaUsd.dir\render\pxrUsdMayaGL\instancerShapeAdapter.cpp.obj
[2023-04-06T14:20:26.645Z]     [139/585] Building CXX object lib\mayaUsd\CMakeFiles\mayaUsd.dir\render\pxrUsdMayaGL\instancerImager.cpp.obj
[2023-04-06T14:20:26.871Z]     [140/585] Building CXX object lib\mayaUsd\CMakeFiles\mayaUsd.dir\undo\OpUndoItemRecorder.cpp.obj
[2023-04-06T14:20:27.719Z]     [141/585] Building CXX object lib\mayaUsd\CMakeFiles\mayaUsd.dir\render\vp2RenderDelegate\instancer.cpp.obj
[2023-04-06T14:20:27.844Z]     [142/585] Building CXX object lib\mayaUsd\CMakeFiles\mayaUsd.dir\render\vp2RenderDelegate\draw_item.cpp.obj
[2023-04-06T14:20:27.967Z]     [143/585] Building CXX object lib\mayaUsd\CMakeFiles\mayaUsd.dir\render\vp2RenderDelegate\shader.cpp.obj
[2023-04-06T14:20:27.967Z]     [144/585] Building CXX object lib\mayaUsd\CMakeFiles\mayaUsd.dir\render\vp2RenderDelegate\tokens.cpp.obj
[2023-04-06T14:20:29.522Z]     [145/585] Building CXX object lib\mayaUsd\CMakeFiles\mayaUsd.dir\render\vp2RenderDelegate\extComputation.cpp.obj
[2023-04-06T14:20:30.264Z]     [146/585] Building CXX object lib\mayaUsd\CMakeFiles\mayaUsd.dir\render\vp2ShaderFragments\shaderFragments.cpp.obj
[2023-04-06T14:20:30.496Z]     [147/585] Building CXX object lib\mayaUsd\CMakeFiles\mayaUsd.dir\render\pxrUsdMayaGL\proxyShapeUI.cpp.obj
[2023-04-06T14:20:31.224Z]     [148/585] Building CXX object lib\mayaUsd\CMakeFiles\mayaUsd.dir\utils\blockSceneModificationContext.cpp.obj
[2023-04-06T14:20:31.460Z]     [149/585] Building CXX object lib\mayaUsd\CMakeFiles\mayaUsd.dir\render\vp2RenderDelegate\render_param.cpp.obj
[2023-04-06T14:20:31.584Z]     [150/585] Building CXX object lib\mayaUsd\CMakeFiles\mayaUsd.dir\undo\UsdUndoableItem.cpp.obj
[2023-04-06T14:20:31.584Z]     [151/585] Building CXX object lib\mayaUsd\CMakeFiles\mayaUsd.dir\render\vp2RenderDelegate\sampler.cpp.obj
[2023-04-06T14:20:31.853Z]     [152/585] Building CXX object lib\mayaUsd\CMakeFiles\mayaUsd.dir\undo\OpUndoItemList.cpp.obj
[2023-04-06T14:20:32.328Z]     [153/585] Building CXX object lib\mayaUsd\CMakeFiles\mayaUsd.dir\render\pxrUsdMayaGL\usdProxyShapeAdapter.cpp.obj
[2023-04-06T14:20:32.810Z]     [154/585] Building CXX object lib\mayaUsd\CMakeFiles\mayaUsd.dir\utils\dynamicAttribute.cpp.obj
[2023-04-06T14:20:33.505Z]     [155/585] Building CXX object lib\mayaUsd\CMakeFiles\mayaUsd.dir\render\vp2RenderDelegate\basisCurves.cpp.obj
[2023-04-06T14:20:33.957Z]     [156/585] Building CXX object lib\mayaUsd\CMakeFiles\mayaUsd.dir\render\vp2RenderDelegate\mayaPrimCommon.cpp.obj
[2023-04-06T14:20:34.184Z]     [157/585] Building CXX object lib\mayaUsd\CMakeFiles\mayaUsd.dir\utils\colorSpace.cpp.obj
[2023-04-06T14:20:34.315Z]     [158/585] Building CXX object lib\mayaUsd\CMakeFiles\mayaUsd.dir\render\vp2RenderDelegate\mesh.cpp.obj
[2023-04-06T14:20:35.461Z]     [159/585] Building CXX object lib\mayaUsd\CMakeFiles\mayaUsd.dir\render\vp2RenderDelegate\material.cpp.obj
[2023-04-06T14:20:36.509Z]     [160/585] Building CXX object lib\mayaUsd\CMakeFiles\mayaUsd.dir\render\vp2RenderDelegate\render_delegate.cpp.obj
[2023-04-06T14:20:36.509Z]     [161/585] Building CXX object lib\mayaUsd\CMakeFiles\mayaUsd.dir\utils\diagnosticDelegate.cpp.obj
[2023-04-06T14:20:36.946Z]     [162/585] Building CXX object lib\mayaUsd\CMakeFiles\mayaUsd.dir\undo\UsdUndoManager.cpp.obj
[2023-04-06T14:20:37.296Z]     [163/585] Building CXX object lib\mayaUsd\CMakeFiles\mayaUsd.dir\undo\OpUndoItems.cpp.obj
[2023-04-06T14:20:37.442Z]     [164/585] Building CXX object lib\mayaUsd\CMakeFiles\mayaUsd.dir\utils\progressBarScope.cpp.obj
[2023-04-06T14:20:38.090Z]     [165/585] Building CXX object lib\mayaUsd\CMakeFiles\mayaUsd.dir\undo\UsdUndoStateDelegate.cpp.obj
[2023-04-06T14:20:38.625Z]     [166/585] Building CXX object lib\mayaUsd\CMakeFiles\mayaUsd.dir\undo\UsdUndoBlock.cpp.obj
[2023-04-06T14:20:39.444Z]     [167/585] Building CXX object lib\mayaUsd\CMakeFiles\mayaUsd.dir\utils\customLayerData.cpp.obj
[2023-04-06T14:20:39.678Z]     [168/585] Building CXX object lib\mayaUsd\CMakeFiles\mayaUsd.dir\utils\plugRegistryHelper.cpp.obj
[2023-04-06T14:20:40.111Z]     [169/585] Building CXX object lib\mayaUsd\CMakeFiles\mayaUsd.dir\render\vp2RenderDelegate\points.cpp.obj
[2023-04-06T14:20:40.439Z]     [170/585] Building CXX object lib\mayaUsd\CMakeFiles\mayaUsd.dir\render\vp2RenderDelegate\proxyRenderDelegate.cpp.obj
[2023-04-06T14:20:41.782Z]     [171/585] Building CXX object lib\mayaUsd\CMakeFiles\mayaUsd.dir\utils\loadRules.cpp.obj
[2023-04-06T14:20:42.104Z]     [172/585] Building CXX object lib\mayaUsd\CMakeFiles\mayaUsd.dir\utils\editability.cpp.obj
[2023-04-06T14:20:42.749Z]     [173/585] Building CXX object lib\mayaUsd\CMakeFiles\mayaUsd.dir\utils\editRouterContext.cpp.obj
[2023-04-06T14:20:43.093Z]     [174/585] Building CXX object lib\mayaUsd\CMakeFiles\mayaUsd.dir\utils\layers.cpp.obj
[2023-04-06T14:20:43.554Z]     [175/585] Building CXX object lib\mayaUsd\CMakeFiles\mayaUsd.dir\utils\converter.cpp.obj
[2023-04-06T14:20:43.554Z]     [176/585] Building CXX object lib\mayaUsd\CMakeFiles\mayaUsd.dir\utils\loadRulesAttribute.cpp.obj
[2023-04-06T14:20:44.093Z]     [177/585] Building CXX object lib\mayaUsd\CMakeFiles\mayaUsd.dir\utils\query.cpp.obj
[2023-04-06T14:20:44.093Z]     [178/585] Building CXX object lib\mayaUsd\CMakeFiles\mayaUsd.dir\utils\layerMuting.cpp.obj
[2023-04-06T14:20:44.429Z]     [179/585] Building CXX object lib\mayaUsd\CMakeFiles\mayaUsd.dir\utils\loadRulesText.cpp.obj
[2023-04-06T14:20:44.429Z]     [180/585] Building CXX object lib\mayaUsd\CMakeFiles\mayaUsd.dir\utils\editRouter.cpp.obj
[2023-04-06T14:20:44.956Z]     [181/585] Building CXX object test\lib\usd\plugin\CMakeFiles\usdTestMayaPlugin.dir\plugin.cpp.obj
[2023-04-06T14:20:45.486Z]     [182/585] Building CXX object test\lib\usd\plugin\CMakeFiles\usdTestInfoImportChaser.dir\plugin.cpp.obj
[2023-04-06T14:20:46.629Z]     [183/585] Building CXX object lib\mayaUsd\CMakeFiles\mayaUsd.dir\utils\selectability.cpp.obj
[2023-04-06T14:20:46.629Z]     [184/585] Building CXX object lib\mayaUsd\CMakeFiles\mayaUsd.dir\utils\traverseLayer.cpp.obj
[2023-04-06T14:20:46.753Z]     [185/585] Building CXX object lib\mayaUsd\python\CMakeFiles\_mayaUsd.dir\wrapColorSpace.cpp.obj
[2023-04-06T14:20:47.317Z]     [186/585] Building CXX object test\lib\usd\plugin\CMakeFiles\usdTestApiWriter.dir\plugin.cpp.obj
[2023-04-06T14:20:47.541Z]     [187/585] Building CXX object lib\mayaUsd\python\CMakeFiles\_mayaUsd.dir\wrapBlockSceneModificationContext.cpp.obj
[2023-04-06T14:20:47.541Z]     [188/585] Building CXX object lib\mayaUsd\CMakeFiles\mayaUsd.dir\utils\utilDictionary.cpp.obj
[2023-04-06T14:20:47.969Z]     [189/585] Building CXX object plugin\al\utils\AL\CMakeFiles\AL_EventSystem.dir\event\EventHandler.cpp.obj
[2023-04-06T14:20:48.090Z]     [190/585] Building CXX object lib\mayaUsd\CMakeFiles\mayaUsd.dir\utils\targetLayer.cpp.obj
[2023-04-06T14:20:48.560Z]     [191/585] Linking CXX shared library plugin\al\utils\AL\AL_EventSystem.dll
[2023-04-06T14:20:48.837Z]     [192/585] Building CXX object lib\mayaUsd\CMakeFiles\mayaUsd.dir\utils\stageCache.cpp.obj
[2023-04-06T14:20:48.966Z]     [193/585] Building CXX object plugin\al\mayautils\AL\maya\CMakeFiles\AL_MayaUtils.dir\utils\FileTranslatorOptions.cpp.obj
[2023-04-06T14:20:48.966Z]     [194/585] Building CXX object plugin\al\mayatest\AL\maya\test\CMakeFiles\AL_MayaTest.dir\testHarness.cpp.obj
[2023-04-06T14:20:49.191Z]     [195/585] Building CXX object plugin\al\mayautils\AL\maya\CMakeFiles\AL_MayaUtils.dir\utils\PluginTranslatorOptions.cpp.obj
[2023-04-06T14:20:49.316Z]     [196/585] Building CXX object plugin\al\mayatest\AL\maya\test\CMakeFiles\AL_MayaTest.dir\testHelpers.cpp.obj
[2023-04-06T14:20:49.441Z]     [197/585] Building CXX object plugin\al\mayautils\AL\maya\CMakeFiles\AL_MayaUtils.dir\utils\Utils.cpp.obj
[2023-04-06T14:20:50.195Z]     [198/585] Building CXX object plugin\al\mayautils\AL\maya\CMakeFiles\AL_MayaUtils.dir\utils\MenuBuilder.cpp.obj
[2023-04-06T14:20:50.195Z]     [199/585] Building CXX object plugin\al\mayautils\AL\maya\CMakeFiles\AL_MayaUtils.dir\utils\NodeHelper.cpp.obj
[2023-04-06T14:20:50.439Z]     [200/585] Linking CXX shared library plugin\al\mayatest\AL\maya\test\AL_MayaTest.dll
[2023-04-06T14:20:50.439Z]     [201/585] Building CXX object lib\mayaUsd\CMakeFiles\mayaUsd.dir\utils\undoHelperCommand.cpp.obj
[2023-04-06T14:20:50.561Z]     [202/585] Building CXX object plugin\al\mayautils\AL\maya\CMakeFiles\AL_MayaUtils.dir\utils\CommandGuiHelper.cpp.obj
[2023-04-06T14:20:50.688Z]     [203/585] Building CXX object plugin\al\mayautils\AL\maya\tests\mayaplugintest\CMakeFiles\AL_MayaUtilsTests.dir\plugin.cpp.obj
[2023-04-06T14:20:50.815Z]     [204/585] Building CXX object plugin\al\mayautils\AL\maya\CMakeFiles\AL_MayaUtils.dir\event\MayaEventManager.cpp.obj
[2023-04-06T14:20:51.375Z]     [205/585] Building CXX object plugin\al\mayautils\AL\maya\tests\mayaplugintest\CMakeFiles\AL_MayaUtilsTests.dir\utils\CommandGuiHelperTest.cpp.obj
[2023-04-06T14:20:51.657Z]     [206/585] Building CXX object plugin\al\mayautils\AL\maya\tests\mayaplugintest\CMakeFiles\AL_MayaUtilsTests.dir\utils\NodeHelperUnitTest.cpp.obj
[2023-04-06T14:20:51.791Z]     [207/585] Building CXX object lib\mayaUsd\CMakeFiles\mayaUsd.dir\utils\variants.cpp.obj
[2023-04-06T14:20:52.040Z]     [208/585] Building CXX object plugin\al\mayautils\AL\maya\tests\mayaplugintest\CMakeFiles\AL_MayaUtilsTests.dir\test_mobjectmap.cpp.obj
[2023-04-06T14:20:52.813Z]     [209/585] Building CXX object test\lib\usd\plugin\CMakeFiles\usdTestMayaPlugin.dir\mayaShaderTranslation.cpp.obj
[2023-04-06T14:20:52.989Z]     [210/585] Building CXX object lib\mayaUsd\python\CMakeFiles\_mayaUsd.dir\wrapConverter.cpp.obj
[2023-04-06T14:20:53.136Z]     [211/585] Building CXX object plugin\al\mayautils\AL\maya\tests\mayaplugintest\CMakeFiles\AL_MayaUtilsTests.dir\utils\PluginTranslatorOptionsTest.cpp.obj
[2023-04-06T14:20:53.288Z]     [212/585] Building CXX object test\lib\usd\plugin\CMakeFiles\usdTestUsdPlugin.dir\mayaShaderTranslation.cpp.obj
[2023-04-06T14:20:53.410Z]     [213/585] Building CXX object plugin\al\mayautils\AL\maya\tests\mayaplugintest\CMakeFiles\AL_MayaUtilsTests.dir\test_maya_MenuBuilder.cpp.obj
[2023-04-06T14:20:53.410Z]     [214/585] Building CXX object lib\mayaUsd\CMakeFiles\mayaUsd.dir\utils\util.cpp.obj
[2023-04-06T14:20:53.537Z]     [215/585] Building CXX object lib\mayaUsd\CMakeFiles\mayaUsd.dir\utils\utilFileSystem.cpp.obj
[2023-04-06T14:20:53.661Z]     [216/585] Building CXX object plugin\al\mayautils\AL\maya\tests\mayaplugintest\CMakeFiles\AL_MayaUtilsTests.dir\test_maya_NodeHelper.cpp.obj
[2023-04-06T14:20:53.884Z]     [217/585] Building CXX object plugin\al\usdtransaction\AL\usd\transaction\CMakeFiles\_AL_USDTransaction.dir\module.cpp.obj
[2023-04-06T14:20:54.004Z]     [218/585] Building CXX object lib\mayaUsd\CMakeFiles\mayaUsd.dir\utils\utilSerialization.cpp.obj
[2023-04-06T14:20:55.043Z]     [219/585] Building CXX object plugin\al\usdtransaction\AL\usd\transaction\tests\CMakeFiles\AL_USDTransactionTests.dir\testMain.cpp.obj
[2023-04-06T14:20:56.596Z]     [220/585] Building CXX object test\lib\usd\plugin\CMakeFiles\usdTestInfoImportChaser.dir\infoImportChaser.cpp.obj
[2023-04-06T14:20:57.944Z]     [221/585] Building CXX object test\lib\usd\plugin\CMakeFiles\usdTestApiWriter.dir\nullApiExporter.cpp.obj
[2023-04-06T14:20:59.829Z]     [222/585] Building CXX object plugin\al\usdmayautils\AL\usdmaya\utils\CMakeFiles\AL_USDMayaUtils.dir\AttributeType.cpp.obj
[2023-04-06T14:21:00.007Z]     [223/585] Building CXX object plugin\al\usdtransaction\AL\usd\transaction\CMakeFiles\AL_USDTransaction.dir\Notice.cpp.obj
[2023-04-06T14:21:00.007Z]     [224/585] Building CXX object plugin\al\usdtransaction\AL\usd\transaction\CMakeFiles\AL_USDTransaction.dir\Transaction.cpp.obj
[2023-04-06T14:21:00.289Z]     [225/585] Building CXX object plugin\al\usdmayautils\AL\usdmaya\utils\CMakeFiles\AL_USDMayaUtils.dir\AnimationTranslator.cpp.obj
[2023-04-06T14:21:00.641Z]     [226/585] Building CXX object plugin\al\usdtransaction\AL\usd\transaction\CMakeFiles\AL_USDTransaction.dir\TransactionManager.cpp.obj
[2023-04-06T14:21:00.892Z]     [227/585] Building CXX object plugin\al\usdmayautils\AL\usdmaya\utils\CMakeFiles\AL_USDMayaUtils.dir\DiffPrimVar.cpp.obj
[2023-04-06T14:21:01.252Z]     [228/585] Building CXX object plugin\al\usdtransaction\AL\usd\transaction\CMakeFiles\_AL_USDTransaction.dir\wrapNotice.cpp.obj
[2023-04-06T14:21:01.493Z]     [229/585] Building CXX object plugin\al\usdmayautils\AL\usdmaya\utils\CMakeFiles\AL_USDMayaUtils.dir\Utils.cpp.obj
[2023-04-06T14:21:01.493Z]     [230/585] Linking CXX shared library plugin\al\usdtransaction\AL\usd\transaction\AL_USDTransaction.dll
[2023-04-06T14:21:01.720Z]     [231/585] Building CXX object plugin\al\usdmayautils\AL\usdmaya\utils\CMakeFiles\AL_USDMayaUtils.dir\MeshUtils.cpp.obj
[2023-04-06T14:21:02.161Z]     [232/585] Building CXX object plugin\al\lib\AL_USDMaya\CMakeFiles\AL_USDMaya.dir\AL\usdmaya\Metadata.cpp.obj
[2023-04-06T14:21:02.703Z]     [233/585] Building CXX object plugin\al\usdmayautils\AL\usdmaya\utils\CMakeFiles\AL_USDMayaUtils.dir\NurbsCurveUtils.cpp.obj
[2023-04-06T14:21:02.931Z]     [234/585] Building CXX object plugin\al\lib\AL_USDMaya\CMakeFiles\AL_USDMaya.dir\AL\usdmaya\DebugCodes.cpp.obj
[2023-04-06T14:21:02.931Z]     [235/585] Building CXX object plugin\al\usdtransaction\AL\usd\transaction\CMakeFiles\_AL_USDTransaction.dir\wrapTransaction.cpp.obj
[2023-04-06T14:21:03.363Z]     [236/585] Building CXX object plugin\al\usdmayautils\AL\usdmaya\utils\CMakeFiles\AL_USDMayaUtils.dir\DgNodeHelper.cpp.obj
[2023-04-06T14:21:03.996Z]     [237/585] Building CXX object plugin\al\usdtransaction\AL\usd\transaction\tests\CMakeFiles\AL_USDTransactionTests.dir\testTransactionManager.cpp.obj
[2023-04-06T14:21:04.219Z]     [238/585] Building CXX object plugin\al\usdtransaction\AL\usd\transaction\CMakeFiles\_AL_USDTransaction.dir\wrapTransactionManager.cpp.obj
[2023-04-06T14:21:04.341Z]     [239/585] Building CXX object plugin\al\lib\AL_USDMaya\CMakeFiles\AL_USDMaya.dir\AL\usdmaya\StageCache.cpp.obj
[2023-04-06T14:21:04.665Z]     [240/585] Building CXX object plugin\al\lib\AL_USDMaya\CMakeFiles\AL_USDMaya.dir\AL\usdmaya\cmds\DebugCommands.cpp.obj
[2023-04-06T14:21:04.790Z]     [241/585] Building CXX object plugin\al\lib\AL_USDMaya\CMakeFiles\AL_USDMaya.dir\AL\usdmaya\cmds\EventCommand.cpp.obj
[2023-04-06T14:21:04.908Z]     [242/585] Linking CXX shared library plugin\al\usdtransaction\AL\usd\transaction\_AL_USDTransaction.pyd
[2023-04-06T14:21:05.147Z]     [243/585] Building CXX object plugin\al\lib\AL_USDMaya\CMakeFiles\AL_USDMaya.dir\AL\usdmaya\moduleDeps.cpp.obj
[2023-04-06T14:21:05.674Z]     [244/585] Building CXX object plugin\al\lib\AL_USDMaya\CMakeFiles\AL_USDMaya.dir\AL\usdmaya\cmds\RendererCommands.cpp.obj
[2023-04-06T14:21:06.203Z]     [245/585] Building CXX object plugin\al\lib\AL_USDMaya\CMakeFiles\AL_USDMaya.dir\AL\usdmaya\cmds\SyncFileIOGui.cpp.obj
[2023-04-06T14:21:07.338Z]     [246/585] Building CXX object plugin\al\plugin\AL_USDMayaTestPlugin\CMakeFiles\AL_USDMayaTestPlugin.dir\AL\usdmaya\fileio\export_import_instancing.cpp.obj
[2023-04-06T14:21:07.964Z]     [247/585] Building CXX object plugin\al\plugin\AL_USDMayaTestPlugin\CMakeFiles\AL_USDMayaTestPlugin.dir\AL\usdmaya\fileio\export_constraints.cpp.obj
[2023-04-06T14:21:09.830Z]     [248/585] Building CXX object plugin\al\plugin\AL_USDMayaTestPlugin\CMakeFiles\AL_USDMayaTestPlugin.dir\AL\usdmaya\fileio\export_blendshape.cpp.obj
[2023-04-06T14:21:10.056Z]     [249/585] Building CXX object plugin\al\usdtransaction\AL\usd\transaction\tests\CMakeFiles\AL_USDTransactionTests.dir\testTransaction.cpp.obj
[2023-04-06T14:21:10.180Z]     [250/585] Building CXX object plugin\al\lib\AL_USDMaya\CMakeFiles\AL_USDMaya.dir\AL\usdmaya\TransformOperation.cpp.obj
[2023-04-06T14:21:10.180Z]     [251/585] Building CXX object plugin\al\plugin\AL_USDMayaTestPlugin\CMakeFiles\AL_USDMayaTestPlugin.dir\AL\usdmaya\fileio\export_ik.cpp.obj
[2023-04-06T14:21:10.822Z]     [252/585] Linking CXX executable plugin\al\usdtransaction\AL\usd\transaction\tests\AL_USDTransactionTests.exe
[2023-04-06T14:21:11.146Z]     [253/585] Building CXX object plugin\al\plugin\AL_USDMayaTestPlugin\CMakeFiles\AL_USDMayaTestPlugin.dir\AL\usdmaya\fileio\export_misc.cpp.obj
[2023-04-06T14:21:11.683Z]     [254/585] Building CXX object plugin\al\lib\AL_USDMaya\CMakeFiles\AL_USDMaya.dir\AL\usdmaya\cmds\CreateUsdPrim.cpp.obj
[2023-04-06T14:21:12.026Z]     [255/585] Building CXX object plugin\al\lib\AL_USDMaya\CMakeFiles\AL_USDMaya.dir\AL\usdmaya\cmds\ListTranslators.cpp.obj
[2023-04-06T14:21:12.557Z]     [256/585] Building CXX object plugin\al\lib\AL_USDMaya\CMakeFiles\AL_USDMaya.dir\AL\usdmaya\cmds\LayerCommands.cpp.obj
[2023-04-06T14:21:12.781Z]     [257/585] Building CXX object plugin\al\lib\AL_USDMaya\CMakeFiles\AL_USDMaya.dir\AL\usdmaya\Global.cpp.obj
[2023-04-06T14:21:13.978Z]     [258/585] Building CXX object plugin\al\lib\AL_USDMaya\CMakeFiles\AL_USDMaya.dir\AL\usdmaya\fileio\ImportTranslator.cpp.obj
[2023-04-06T14:21:14.108Z]     [259/585] Building CXX object plugin\al\lib\AL_USDMaya\CMakeFiles\AL_USDMaya.dir\AL\usdmaya\cmds\UnloadPrim.cpp.obj
[2023-04-06T14:21:14.435Z]     [260/585] Building CXX object plugin\al\lib\AL_USDMaya\CMakeFiles\AL_USDMaya.dir\AL\usdmaya\cmds\ProxyShapeCommands.cpp.obj
[2023-04-06T14:21:14.656Z]     [261/585] Building CXX object plugin\al\lib\AL_USDMaya\CMakeFiles\AL_USDMaya.dir\AL\usdmaya\cmds\ProxyShapePostLoadProcess.cpp.obj
[2023-04-06T14:21:16.102Z]     [262/585] Building CXX object plugin\al\lib\AL_USDMaya\CMakeFiles\AL_USDMaya.dir\AL\usdmaya\fileio\NodeFactory.cpp.obj
[2023-04-06T14:21:18.593Z]     [263/585] Building CXX object plugin\al\lib\AL_USDMaya\CMakeFiles\AL_USDMaya.dir\AL\usdmaya\fileio\ExportTranslator.cpp.obj
[2023-04-06T14:21:19.038Z]     [264/585] Building CXX object plugin\al\lib\AL_USDMaya\CMakeFiles\AL_USDMaya.dir\AL\usdmaya\fileio\Export.cpp.obj
[2023-04-06T14:21:19.038Z]     [265/585] Building CXX object plugin\al\lib\AL_USDMaya\CMakeFiles\AL_USDMaya.dir\AL\usdmaya\fileio\AnimationTranslator.cpp.obj
[2023-04-06T14:21:19.162Z]     [266/585] Building CXX object plugin\al\lib\AL_USDMaya\CMakeFiles\AL_USDMaya.dir\AL\usdmaya\fileio\TransformIterator.cpp.obj
[2023-04-06T14:21:20.016Z]     [267/585] Building CXX object plugin\al\lib\AL_USDMaya\CMakeFiles\AL_USDMaya.dir\AL\usdmaya\fileio\SchemaPrims.cpp.obj
[2023-04-06T14:21:20.148Z]     [268/585] Building CXX object plugin\al\lib\AL_USDMaya\CMakeFiles\AL_USDMaya.dir\AL\usdmaya\fileio\translators\DagNodeTranslator.cpp.obj
[2023-04-06T14:21:20.148Z]     [269/585] Building CXX object plugin\al\lib\AL_USDMaya\CMakeFiles\AL_USDMaya.dir\AL\usdmaya\fileio\translators\TranslatorTestType.cpp.obj
[2023-04-06T14:21:20.436Z]     [270/585] Building CXX object plugin\al\lib\AL_USDMaya\CMakeFiles\AL_USDMaya.dir\AL\usdmaya\nodes\Layer.cpp.obj
[2023-04-06T14:21:20.436Z]     [271/585] Building CXX object plugin\al\lib\AL_USDMaya\CMakeFiles\AL_USDMaya.dir\AL\usdmaya\fileio\translators\DgNodeTranslator.cpp.obj
[2023-04-06T14:21:21.144Z]     [272/585] Building CXX object plugin\al\lib\AL_USDMaya\CMakeFiles\AL_USDMaya.dir\AL\usdmaya\fileio\translators\TranslatorBase.cpp.obj
[2023-04-06T14:21:21.365Z]     [273/585] Building CXX object plugin\al\lib\AL_USDMaya\CMakeFiles\AL_USDMaya.dir\AL\usdmaya\fileio\Import.cpp.obj
[2023-04-06T14:21:21.501Z]     [274/585] Building CXX object plugin\al\lib\AL_USDMaya\CMakeFiles\AL_USDMaya.dir\AL\usdmaya\fileio\translators\TransformTranslator.cpp.obj
[2023-04-06T14:21:23.050Z]     [275/585] Building CXX object plugin\al\lib\AL_USDMaya\CMakeFiles\AL_USDMaya.dir\AL\usdmaya\nodes\LayerManager.cpp.obj
[2023-04-06T14:21:23.172Z]     [276/585] Building CXX object plugin\al\lib\AL_USDMaya\CMakeFiles\AL_USDMaya.dir\AL\usdmaya\fileio\translators\ExtraDataPlugin.cpp.obj
[2023-04-06T14:21:23.300Z]     [277/585] Building CXX object plugin\al\lib\AL_USDMaya\CMakeFiles\AL_USDMaya.dir\AL\usdmaya\fileio\translators\TranslatorTestPlugin.cpp.obj
[2023-04-06T14:21:24.040Z]     [278/585] Building CXX object plugin\al\lib\AL_USDMaya\CMakeFiles\AL_USDMaya.dir\AL\usdmaya\fileio\translators\TranslatorContext.cpp.obj
[2023-04-06T14:21:24.263Z]     [279/585] Building CXX object plugin\al\lib\AL_USDMaya\CMakeFiles\_AL_USDMaya.dir\AL\usdmaya\module.cpp.obj
[2023-04-06T14:21:25.401Z]     [280/585] Building CXX object plugin\al\lib\AL_USDMaya\CMakeFiles\AL_USDMaya.dir\AL\usdmaya\fileio\translators\TestExtraDataPlugin.cpp.obj
[2023-04-06T14:21:28.172Z]     [281/585] Building CXX object plugin\al\lib\AL_USDMaya\CMakeFiles\AL_USDMaya.dir\AL\usdmaya\nodes\MeshAnimDeformer.cpp.obj
[2023-04-06T14:21:28.579Z]     [282/585] Building CXX object plugin\al\lib\AL_USDMaya\CMakeFiles\AL_USDMaya.dir\AL\usdmaya\nodes\MeshAnimCreator.cpp.obj
[2023-04-06T14:21:28.944Z]     [283/585] Building CXX object plugin\al\lib\AL_USDMaya\CMakeFiles\AL_USDMaya.dir\AL\usdmaya\nodes\ProxyUsdGeomCamera.cpp.obj
[2023-04-06T14:21:29.183Z]     [284/585] Building CXX object plugin\al\lib\AL_USDMaya\CMakeFiles\AL_USDMaya.dir\AL\usdmaya\nodes\Transform.cpp.obj
[2023-04-06T14:21:29.424Z]     [285/585] Building CXX object plugin\al\lib\AL_USDMaya\CMakeFiles\AL_USDMaya.dir\AL\usdmaya\nodes\Scope.cpp.obj
[2023-04-06T14:21:30.191Z]     [286/585] Building CXX object plugin\al\lib\AL_USDMaya\CMakeFiles\AL_USDMaya.dir\AL\usdmaya\nodes\RendererManager.cpp.obj
[2023-04-06T14:21:30.447Z]     [287/585] Building CXX object plugin\al\lib\AL_USDMaya\CMakeFiles\AL_USDMaya.dir\AL\usdmaya\nodes\TransformationMatrix.cpp.obj
[2023-04-06T14:21:30.571Z]     [288/585] Building CXX object plugin\al\lib\AL_USDMaya\CMakeFiles\AL_USDMaya.dir\AL\usdmaya\nodes\ProxyShapeSelection.cpp.obj
[2023-04-06T14:21:30.571Z]     [289/585] Building CXX object plugin\al\lib\AL_USDMaya\CMakeFiles\AL_USDMaya.dir\AL\usdmaya\nodes\proxy\ProxyShapeVariantFallbacks.cpp.obj
[2023-04-06T14:21:31.650Z]     [290/585] Building CXX object plugin\al\lib\AL_USDMaya\CMakeFiles\AL_USDMaya.dir\AL\usdmaya\nodes\Engine.cpp.obj
[2023-04-06T14:21:31.774Z]     [291/585] Building CXX object plugin\al\lib\AL_USDMaya\CMakeFiles\AL_USDMaya.dir\AL\usdmaya\nodes\BasicTransformationMatrix.cpp.obj
[2023-04-06T14:21:32.816Z]     [292/585] Building CXX object plugin\al\lib\AL_USDMaya\CMakeFiles\AL_USDMaya.dir\AL\usdmaya\nodes\proxy\PrimFilter.cpp.obj
[2023-04-06T14:21:32.816Z]     [293/585] Building CXX object plugin\al\lib\AL_USDMaya\CMakeFiles\AL_USDMaya.dir\AL\usdmaya\nodes\proxy\ProxyShapeMetaData.cpp.obj
[2023-04-06T14:21:33.446Z]     [294/585] Building CXX object plugin\al\plugin\AL_USDMayaTestPlugin\CMakeFiles\AL_USDMayaTestPlugin.dir\AL\maya\test_EventHandler.cpp.obj
[2023-04-06T14:21:34.184Z]     [295/585] Building CXX object plugin\al\lib\AL_USDMaya\CMakeFiles\_AL_USDMaya.dir\AL\usdmaya\nodes\wrapLayerManager.cpp.obj
[2023-04-06T14:21:35.428Z]     [296/585] Building CXX object plugin\al\lib\AL_USDMaya\CMakeFiles\_AL_USDMaya.dir\AL\usdmaya\wrapStageCache.cpp.obj
[2023-04-06T14:21:35.649Z]     [297/585] Building CXX object lib\mayaUsd\python\CMakeFiles\_mayaUsd.dir\module.cpp.obj
[2023-04-06T14:21:37.613Z]     [298/585] Building CXX object plugin\al\lib\AL_USDMaya\CMakeFiles\_AL_USDMaya.dir\AL\usdmaya\nodes\wrapProxyShape.cpp.obj
[2023-04-06T14:21:37.613Z]     [299/585] Building CXX object plugin\al\lib\AL_USDMaya\CMakeFiles\AL_USDMaya.dir\AL\usdmaya\nodes\ProxyShape.cpp.obj
[2023-04-06T14:21:38.868Z]     [300/585] Building CXX object lib\mayaUsd\python\CMakeFiles\_mayaUsd.dir\pythonObjectRegistry.cpp.obj
[2023-04-06T14:21:38.997Z]     [301/585] Building CXX object plugin\al\plugin\AL_USDMayaTestPlugin\CMakeFiles\AL_USDMayaTestPlugin.dir\AL\usdmaya\commands\test_ExportCommands.cpp.obj
[2023-04-06T14:21:39.874Z]     [302/585] Building CXX object plugin\al\plugin\AL_USDMayaPlugin\CMakeFiles\AL_USDMayaPlugin.dir\plugin.cpp.obj
[2023-04-06T14:21:40.206Z]     [303/585] Building CXX object plugin\al\plugin\AL_USDMayaTestPlugin\CMakeFiles\AL_USDMayaTestPlugin.dir\AL\maya\test_MayaEventManager.cpp.obj
[2023-04-06T14:21:41.516Z]     [304/585] Building CXX object plugin\al\plugin\AL_USDMayaTestPlugin\CMakeFiles\AL_USDMayaTestPlugin.dir\AL\maya\test_MatrixToSRT.cpp.obj
[2023-04-06T14:21:41.516Z]     [305/585] Building CXX object plugin\al\lib\AL_USDMaya\CMakeFiles\_AL_USDMaya.dir\AL\usdmaya\fileio\translators\wrapTranslatorContext.cpp.obj
[2023-04-06T14:21:41.965Z]     [306/585] Building CXX object plugin\al\lib\AL_USDMaya\CMakeFiles\_AL_USDMaya.dir\AL\usdmaya\fileio\translators\wrapTranslatorBase.cpp.obj
[2023-04-06T14:21:42.216Z]     [307/585] Building CXX object plugin\al\plugin\AL_USDMayaTestPlugin\CMakeFiles\AL_USDMayaTestPlugin.dir\AL\usdmaya\commands\test_TranslateCommand.cpp.obj
[2023-04-06T14:21:42.952Z]     [308/585] Building CXX object plugin\al\plugin\AL_USDMayaTestPlugin\CMakeFiles\AL_USDMayaTestPlugin.dir\AL\usdmaya\commands\test_LayerCommands.cpp.obj
[2023-04-06T14:21:43.079Z]     [309/585] Building CXX object lib\mayaUsd\python\CMakeFiles\_mayaUsd.dir\wrapSparseValueWriter.cpp.obj
[2023-04-06T14:21:43.948Z]     [310/585] Building CXX object lib\mayaUsd\python\CMakeFiles\_mayaUsd.dir\wrapDiagnosticDelegate.cpp.obj
[2023-04-06T14:21:44.068Z]     [311/585] Building CXX object plugin\al\plugin\AL_USDMayaTestPlugin\CMakeFiles\AL_USDMayaTestPlugin.dir\AL\usdmaya\commands\test_LayerManagerCommands.cpp.obj
[2023-04-06T14:21:44.068Z]     [312/585] Building CXX object lib\mayaUsd\python\CMakeFiles\_mayaUsd.dir\wrapOpUndoItem.cpp.obj
[2023-04-06T14:21:44.598Z]     [313/585] Building CXX object plugin\al\plugin\AL_USDMayaTestPlugin\CMakeFiles\AL_USDMayaTestPlugin.dir\AL\usdmaya\commands\test_ProxyShapeImport.cpp.obj
[2023-04-06T14:21:45.749Z]     [314/585] Building CXX object plugin\al\plugin\AL_USDMayaTestPlugin\CMakeFiles\AL_USDMayaTestPlugin.dir\plugin.cpp.obj
[2023-04-06T14:21:45.970Z]     [315/585] Building CXX object lib\mayaUsd\python\CMakeFiles\_mayaUsd.dir\wrapQuery.cpp.obj
[2023-04-06T14:21:46.297Z]     [316/585] Building CXX object lib\mayaUsd\python\CMakeFiles\_mayaUsd.dir\wrapEditRouter.cpp.obj
[2023-04-06T14:21:47.340Z]     [317/585] Building CXX object lib\mayaUsd\python\CMakeFiles\_mayaUsd.dir\wrapTokens.cpp.obj
[2023-04-06T14:21:47.791Z]     [318/585] Building CXX object lib\mayaUsd\python\CMakeFiles\_mayaUsd.dir\wrapMeshWriteUtils.cpp.obj
[2023-04-06T14:21:47.791Z]     [319/585] Building CXX object lib\mayaUsd\python\CMakeFiles\_mayaUsd.dir\wrapUsdUndoManager.cpp.obj
[2023-04-06T14:21:48.121Z]     [320/585] Building CXX object lib\mayaUsd\python\CMakeFiles\_mayaUsd.dir\wrapAdaptor.cpp.obj
[2023-04-06T14:21:50.699Z]     [321/585] Building CXX object lib\mayaUsd\python\CMakeFiles\_mayaUsd.dir\wrapRoundTripUtil.cpp.obj
[2023-04-06T14:21:51.028Z]     [322/585] Building CXX object lib\mayaUsd\python\CMakeFiles\_mayaUsd.dir\wrapStageCache.cpp.obj
[2023-04-06T14:21:51.357Z]     [323/585] Building CXX object lib\mayaUsd\python\CMakeFiles\_mayaUsd.dir\wrapReadUtil.cpp.obj
[2023-04-06T14:21:51.693Z]     [324/585] Building CXX object lib\mayaUsd\python\CMakeFiles\_mayaUsd.dir\wrapTranslatorUtil.cpp.obj
[2023-04-06T14:21:52.116Z]     [325/585] Building CXX object lib\mayaUsd\python\CMakeFiles\_mayaUsd.dir\wrapJobContextRegistry.cpp.obj
[2023-04-06T14:21:53.015Z]     [326/585] Building CXX object lib\mayaUsd\python\CMakeFiles\_mayaUsd.dir\wrapUtil.cpp.obj
[2023-04-06T14:21:53.235Z]     [327/585] Building CXX object lib\mayaUsd\python\CMakeFiles\_mayaUsd.dir\wrapUserTaggedAttribute.cpp.obj
[2023-04-06T14:21:53.356Z]     [328/585] Building CXX object lib\mayaUsd\python\CMakeFiles\_mayaUsd.dir\wrapXformStack.cpp.obj
[2023-04-06T14:21:53.893Z]     [329/585] Building CXX object lib\mayaUsd\python\CMakeFiles\_mayaUsd.dir\wrapShadingUtil.cpp.obj
[2023-04-06T14:21:54.022Z]     [330/585] Building CXX object lib\usd\pxrUsdPreviewSurface\CMakeFiles\basePxrUsdPreviewSurface.dir\cpvColor.cpp.obj
[2023-04-06T14:21:54.022Z]     [331/585] Building CXX object lib\mayaUsd\python\CMakeFiles\_mayaUsd.dir\wrapWriteUtil.cpp.obj
[2023-04-06T14:21:54.147Z]     [332/585] Building CXX object lib\mayaUsd\python\CMakeFiles\_mayaUsd.dir\wrapOpenMaya.cpp.obj
[2023-04-06T14:21:55.088Z]     [333/585] Building CXX object lib\usd\pxrUsdPreviewSurface\CMakeFiles\basePxrUsdPreviewSurface.dir\usdPreviewSurfaceShadingNodeOverride.cpp.obj
[2023-04-06T14:21:56.940Z]     [334/585] Building CXX object lib\usd\pxrUsdPreviewSurface\CMakeFiles\basePxrUsdPreviewSurface.dir\usdPreviewSurface.cpp.obj
[2023-04-06T14:21:56.940Z]     [335/585] Building CXX object lib\mayaUsd\python\CMakeFiles\_mayaUsd.dir\wrapImportChaser.cpp.obj
[2023-04-06T14:21:57.700Z]     [336/585] Building CXX object lib\mayaUsd\python\CMakeFiles\_mayaUsd.dir\wrapExportChaser.cpp.obj
[2023-04-06T14:21:58.329Z]     [337/585] Building CXX object lib\mayaUsd\python\CMakeFiles\_mayaUsd.dir\wrapPrimReader.cpp.obj
[2023-04-06T14:22:00.684Z]     [338/585] Building CXX object lib\mayaUsd\python\CMakeFiles\_mayaUsd.dir\wrapSchemaApiAdaptor.cpp.obj
[2023-04-06T14:22:01.115Z]     [339/585] Building CXX object lib\usd\translators\CMakeFiles\mayaUsd_Translators.dir\cameraReader.cpp.obj
[2023-04-06T14:22:01.115Z]     [340/585] Building CXX object lib\usd\translators\CMakeFiles\mayaUsd_Translators.dir\lightRfMWriter.cpp.obj
[2023-04-06T14:22:01.115Z]     [341/585] Building CXX object lib\mayaUsd\python\CMakeFiles\_mayaUsd.dir\wrapPrimWriter.cpp.obj
[2023-04-06T14:22:01.645Z]     [342/585] Building CXX object lib\usd\pxrUsdPreviewSurface\CMakeFiles\basePxrUsdPreviewSurface.dir\usdPreviewSurfacePlugin.cpp.obj
[2023-04-06T14:22:02.487Z]     [343/585] Building CXX object lib\usd\translators\CMakeFiles\mayaUsd_Translators.dir\lightReader.cpp.obj
[2023-04-06T14:22:02.614Z]     [344/585] Building CXX object lib\usd\translators\CMakeFiles\mayaUsd_Translators.dir\lightRfMReader.cpp.obj
[2023-04-06T14:22:02.842Z]     [345/585] Building CXX object lib\usd\translators\CMakeFiles\mayaUsd_Translators.dir\cameraWriter.cpp.obj
[2023-04-06T14:22:02.971Z]     [346/585] Building CXX object lib\mayaUsd\python\CMakeFiles\_mayaUsd.dir\wrapShadingMode.cpp.obj
[2023-04-06T14:22:03.210Z]     [347/585] Building CXX object lib\usd\pxrUsdPreviewSurface\CMakeFiles\basePxrUsdPreviewSurface.dir\usdPreviewSurfaceWriter.cpp.obj
[2023-04-06T14:22:03.439Z]     [348/585] Building CXX object lib\usd\translators\CMakeFiles\mayaUsd_Translators.dir\jointWriter.cpp.obj
[2023-04-06T14:22:04.068Z]     [349/585] Building CXX object lib\usd\translators\CMakeFiles\mayaUsd_Translators.dir\plugin.cpp.obj
[2023-04-06T14:22:04.068Z]     [350/585] Building CXX object lib\usd\translators\CMakeFiles\mayaUsd_Translators.dir\instancerWriter.cpp.obj
[2023-04-06T14:22:06.840Z]     [351/585] Building CXX object lib\usd\pxrUsdPreviewSurface\CMakeFiles\basePxrUsdPreviewSurface.dir\usdPreviewSurfaceReader.cpp.obj
[2023-04-06T14:22:07.591Z]     [352/585] Building CXX object lib\usd\translators\CMakeFiles\mayaUsd_Translators.dir\materialReader.cpp.obj
[2023-04-06T14:22:07.819Z]     [353/585] Building CXX object lib\usd\translators\CMakeFiles\mayaUsd_Translators.dir\mayaReferenceReader.cpp.obj
[2023-04-06T14:22:08.145Z]     [354/585] Building CXX object lib\usd\translators\CMakeFiles\mayaUsd_Translators.dir\locatorWriter.cpp.obj
[2023-04-06T14:22:09.607Z]     [355/585] Building CXX object lib\usd\translators\CMakeFiles\mayaUsd_Translators.dir\lightWriter.cpp.obj
[2023-04-06T14:22:09.869Z]     [356/585] Building CXX object lib\usd\translators\CMakeFiles\mayaUsd_Translators.dir\meshReader.cpp.obj
[2023-04-06T14:22:10.014Z]     [357/585] Building CXX object lib\usd\translators\CMakeFiles\mayaUsd_Translators.dir\nurbsPatchReader.cpp.obj
[2023-04-06T14:22:10.328Z]     [358/585] Building CXX object lib\usd\translators\CMakeFiles\mayaUsd_Translators.dir\shading\shadingTokens.cpp.obj
[2023-04-06T14:22:10.447Z]     [359/585] Building CXX object lib\usd\translators\CMakeFiles\mayaUsd_Translators.dir\scopeReader.cpp.obj
[2023-04-06T14:22:10.910Z]     [360/585] Building CXX object lib\usd\translators\CMakeFiles\mayaUsd_Translators.dir\meshWriter.cpp.obj
[2023-04-06T14:22:11.359Z]     [361/585] Building CXX object lib\usd\translators\CMakeFiles\mayaUsd_Translators.dir\skelReader.cpp.obj
[2023-04-06T14:22:11.359Z]     [362/585] Building CXX object lib\usd\translators\CMakeFiles\mayaUsd_Translators.dir\nurbsCurvesReader.cpp.obj
[2023-04-06T14:22:12.632Z]     [363/585] Building CXX object lib\usd\translators\CMakeFiles\mayaUsd_Translators.dir\nurbsCurveWriter.cpp.obj
[2023-04-06T14:22:13.171Z]     [364/585] Building CXX object lib\usd\translators\CMakeFiles\mayaUsd_Translators.dir\meshWriter_BlendShapes.cpp.obj
[2023-04-06T14:22:13.171Z]     [365/585] Building CXX object lib\usd\translators\CMakeFiles\mayaUsd_Translators.dir\nurbsSurfaceWriter.cpp.obj
[2023-04-06T14:22:13.171Z]     [366/585] Building CXX object lib\usd\translators\CMakeFiles\mayaUsd_Translators.dir\particleWriter.cpp.obj
[2023-04-06T14:22:13.396Z]     [367/585] Building CXX object lib\usd\translators\CMakeFiles\mayaUsd_Translators.dir\strokeWriter.cpp.obj
[2023-04-06T14:22:16.050Z]     [368/585] Building CXX object lib\usd\translators\CMakeFiles\mayaUsd_Translators.dir\xformReader.cpp.obj
[2023-04-06T14:22:17.905Z]     [369/585] Building CXX object lib\usd\translators\CMakeFiles\mayaUsd_Translators.dir\shading\usdBlinnWriter.cpp.obj
[2023-04-06T14:22:19.066Z]     [370/585] Building CXX object lib\usd\translators\CMakeFiles\mayaUsd_Translators.dir\shading\usdLambertWriter.cpp.obj
[2023-04-06T14:22:19.186Z]     [371/585] Building CXX object lib\usd\translators\CMakeFiles\mayaUsd_Translators.dir\shading\usdFileTextureWriter.cpp.obj
[2023-04-06T14:22:19.186Z]     [372/585] Building CXX object lib\usd\translators\CMakeFiles\mayaUsd_Translators.dir\shading\usdMaterialReader.cpp.obj
[2023-04-06T14:22:19.541Z]     [373/585] Building CXX object lib\usd\translators\CMakeFiles\mayaUsd_Translators.dir\shading\usdBlinnReader.cpp.obj
[2023-04-06T14:22:19.867Z]     [374/585] Building CXX object lib\usd\translators\CMakeFiles\mayaUsd_Translators.dir\shading\usdDisplacementShaderWriter.cpp.obj
[2023-04-06T14:22:19.988Z]     [375/585] Building CXX object lib\usd\translators\CMakeFiles\mayaUsd_Translators.dir\shading\usdLambertReader.cpp.obj
[2023-04-06T14:22:20.230Z]     [376/585] Building CXX object lib\usd\schemas\CMakeFiles\_schemas.dir\module.cpp.obj
[2023-04-06T14:22:20.230Z]     [377/585] Building CXX object lib\usd\schemas\CMakeFiles\mayaUsd_Schemas.dir\tokens.cpp.obj
[2023-04-06T14:22:20.670Z]     [378/585] Building CXX object lib\usd\utils\CMakeFiles\mayaUsdUtils.dir\DiffCore.cpp.obj
[2023-04-06T14:22:20.792Z]     [379/585] Building CXX object lib\usd\translators\CMakeFiles\mayaUsd_Translators.dir\shading\usdMaterialWriter.cpp.obj
[2023-04-06T14:22:20.792Z]     [380/585] Building CXX object lib\usd\translators\CMakeFiles\mayaUsd_Translators.dir\shading\usdReflectWriter.cpp.obj
[2023-04-06T14:22:20.910Z]     [381/585] Building CXX object lib\usd\translators\CMakeFiles\mayaUsd_Translators.dir\shading\usdPhongWriter.cpp.obj
[2023-04-06T14:22:21.167Z]     [382/585] Building CXX object lib\usd\translators\CMakeFiles\mayaUsd_Translators.dir\shading\usdPhongReader.cpp.obj
[2023-04-06T14:22:21.391Z]     [383/585] Building CXX object lib\usd\utils\CMakeFiles\mayaUsdUtils.dir\DebugCodes.cpp.obj
[2023-04-06T14:22:21.919Z]     [384/585] Building CXX object lib\usd\translators\CMakeFiles\mayaUsd_Translators.dir\shading\usdPhongEWriter.cpp.obj
[2023-04-06T14:22:21.919Z]     [385/585] Building CXX object lib\usd\translators\CMakeFiles\mayaUsd_Translators.dir\shading\usdPrimvarReaderFloat3Reader.cpp.obj
[2023-04-06T14:22:22.143Z]     [386/585] Building CXX object lib\usd\schemas\CMakeFiles\mayaUsd_Schemas.dir\ModuleDeps.cpp.obj
[2023-04-06T14:22:22.569Z]     [387/585] Building CXX object lib\usd\translators\CMakeFiles\mayaUsd_Translators.dir\shading\usdUVTextureReader.cpp.obj
[2023-04-06T14:22:23.511Z]     [388/585] Building CXX object lib\usd\translators\CMakeFiles\mayaUsd_Translators.dir\shading\rfmShaderTranslation.cpp.obj
[2023-04-06T14:22:23.511Z]     [389/585] Building CXX object lib\usd\schemas\CMakeFiles\_schemas.dir\wrapTokens.cpp.obj
[2023-04-06T14:22:23.632Z]     [390/585] Copying api.h ...
[2023-04-06T14:22:23.632Z]     [391/585] Copying api.h ...
[2023-04-06T14:22:23.757Z]     [392/585] Copying listShadingModesCommand.h ...
[2023-04-06T14:22:23.883Z]     [393/585] Copying importTranslator.h ...
[2023-04-06T14:22:24.022Z]     [394/585] Copying proxyShape.h ...
[2023-04-06T14:22:24.022Z]     [395/585] Copying exportTranslator.h ...
[2023-04-06T14:22:24.146Z]     [396/585] Copying translatorModelAssembly.h ...
[2023-04-06T14:22:24.272Z]     [397/585] Copying importCommand.h ...
[2023-04-06T14:22:24.392Z]     [398/585] Copying exportCommand.h ...
[2023-04-06T14:22:24.392Z]     [399/585] Copying referenceAssembly.h ...
[2023-04-06T14:22:24.514Z]     [400/585] Copying readJobWithSceneAssembly.h ...
[2023-04-06T14:22:24.635Z]     [401/585] Copying editUtil.h ...
[2023-04-06T14:22:24.758Z]     [402/585] Generating AEpxrUsdReferenceAssemblyTemplate.pyc
[2023-04-06T14:22:24.876Z]     [403/585] Generating __init__.pyc
[2023-04-06T14:22:25.001Z]     [404/585] Building CXX object lib\usd\schemas\CMakeFiles\mayaUsd_Schemas.dir\ALMayaReference.cpp.obj
[2023-04-06T14:22:25.001Z]     [405/585] Generating userExportedAttributesUI.pyc
[2023-04-06T14:22:25.124Z]     [406/585] Copying instancerShapeAdapterWithSceneAssembly.h ...
[2023-04-06T14:22:25.124Z]     [407/585] Copying api.h ...
[2023-04-06T14:22:26.365Z]     [408/585] Building CXX object lib\usd\utils\CMakeFiles\mayaUsdUtils.dir\MergePrimsOptions.cpp.obj
[2023-04-06T14:22:27.401Z]     [409/585] Building CXX object lib\usd\utils\CMakeFiles\mayaUsdUtils.dir\DiffAttributes.cpp.obj
[2023-04-06T14:22:27.552Z]     [410/585] Building CXX object lib\usd\utils\CMakeFiles\mayaUsdUtils.dir\DiffDictionaries.cpp.obj
[2023-04-06T14:22:27.885Z]     [411/585] Building CXX object lib\usd\schemas\CMakeFiles\mayaUsd_Schemas.dir\MayaReference.cpp.obj
[2023-04-06T14:22:28.803Z]     [412/585] Building CXX object lib\usd\utils\CMakeFiles\mayaUsdUtils.dir\DiffRelationships.cpp.obj
[2023-04-06T14:22:28.803Z]     [413/585] Linking CXX shared library lib\usd\schemas\mayaUsd_Schemas.dll
[2023-04-06T14:22:28.945Z]     [414/585] Building CXX object lib\usd\schemas\CMakeFiles\_schemas.dir\wrapMayaReference.cpp.obj
[2023-04-06T14:22:29.101Z]     [415/585] Building CXX object lib\usd\utils\CMakeFiles\mayaUsdUtils.dir\DiffLists.cpp.obj
[2023-04-06T14:22:29.535Z]     [416/585] Building CXX object lib\usd\utils\CMakeFiles\mayaUsdUtils.dir\DiffMetadatas.cpp.obj
[2023-04-06T14:22:29.679Z]     [417/585] Building CXX object lib\usd\utils\CMakeFiles\mayaUsdUtils.dir\DiffValues.cpp.obj
[2023-04-06T14:22:29.864Z]     [418/585] Building CXX object lib\usd\schemas\CMakeFiles\_schemas.dir\wrapALMayaReference.cpp.obj
[2023-04-06T14:22:30.723Z]     [419/585] Linking CXX shared library lib\usd\schemas\_schemas.pyd
[2023-04-06T14:22:30.844Z]     [420/585] Building CXX object lib\usd\utils\CMakeFiles\mayaUsdUtils.dir\DiffPrims.cpp.obj
[2023-04-06T14:22:30.844Z]     [421/585] Building CXX object lib\usd\utils\CMakeFiles\mayaUsdUtils.dir\util.cpp.obj
[2023-04-06T14:22:31.166Z]     [422/585] Building CXX object plugin\pxr\maya\lib\usdMaya\CMakeFiles\_usdMaya.dir\module.cpp.obj
[2023-04-06T14:22:31.292Z]     [423/585] Building CXX object plugin\pxr\maya\lib\usdMaya\CMakeFiles\usdMaya.dir\listShadingModesCommand.cpp.obj
[2023-04-06T14:22:31.513Z]     [424/585] Building CXX object plugin\pxr\maya\plugin\pxrUsdPreviewSurface\CMakeFiles\pxrUsdPreviewSurface.dir\plugin.cpp.obj
[2023-04-06T14:22:33.263Z]     [425/585] Building CXX object lib\usd\utils\CMakeFiles\mayaUsdUtils.dir\MergePrims.cpp.obj
[2023-04-06T14:22:34.206Z]     [426/585] Linking CXX shared library lib\usd\utils\mayaUsdUtils.dll
[2023-04-06T14:22:35.062Z]     [427/585] Linking CXX executable test\lib\usd\utils\testDiffCore.exe
[2023-04-06T14:22:35.599Z]     [428/585] Building CXX object plugin\pxr\maya\lib\usdMaya\CMakeFiles\usdMaya.dir\readJob_ImportWithProxies.cpp.obj
[2023-04-06T14:22:35.959Z]     [429/585] Linking CXX executable test\lib\usd\utils\testDiffPrims.exe
[2023-04-06T14:22:36.185Z]     [430/585] Building CXX object plugin\pxr\maya\lib\usdMaya\CMakeFiles\usdMaya.dir\translatorModelAssembly.cpp.obj
[2023-04-06T14:22:36.611Z]     [431/585] Building CXX object plugin\pxr\maya\lib\usdMaya\CMakeFiles\usdMaya.dir\editUtil.cpp.obj
[2023-04-06T14:22:36.611Z]     [432/585] Linking CXX executable test\lib\usd\utils\testDiffRelationships.exe
[2023-04-06T14:22:36.837Z]     [433/585] Linking CXX executable test\lib\usd\utils\testDiffValues.exe
[2023-04-06T14:22:36.837Z]     [434/585] Linking CXX executable test\lib\usd\utils\testDiffLists.exe
[2023-04-06T14:22:37.172Z]     [435/585] Building CXX object plugin\pxr\maya\lib\usdMaya\CMakeFiles\usdMaya.dir\exportCommand.cpp.obj
[2023-04-06T14:22:37.337Z]     [436/585] Linking CXX executable test\lib\usd\utils\testDiffAttributes.exe
[2023-04-06T14:22:37.337Z]     [437/585] Linking CXX executable test\lib\usd\utils\testDiffDictionaries.exe
[2023-04-06T14:22:37.455Z]     [438/585] Linking CXX executable test\lib\usd\utils\testDiffMetadatas.exe
[2023-04-06T14:22:37.578Z]     [439/585] Linking CXX executable test\lib\usd\utils\testDiffComputeOverall.exe
[2023-04-06T14:22:38.026Z]     [440/585] Linking CXX executable test\lib\usd\utils\testMergePrims.exe
[2023-04-06T14:22:38.026Z]     [441/585] Building CXX object plugin\pxr\maya\lib\usdMaya\CMakeFiles\usdMaya.dir\importCommand.cpp.obj
[2023-04-06T14:22:38.259Z]     [442/585] Linking CXX shared library plugin\al\mayautils\AL\maya\AL_MayaUtils.dll
[2023-04-06T14:22:38.400Z]     [443/585] Building CXX object plugin\al\translators\pxrUsdTranslators\CMakeFiles\AL_USDMayaPxrTranslators.dir\plugin.cpp.obj
[2023-04-06T14:22:38.529Z]     [444/585] Building CXX object plugin\pxr\maya\lib\usdMaya\CMakeFiles\usdMaya.dir\readJobWithSceneAssembly.cpp.obj
[2023-04-06T14:22:38.662Z]     [445/585] Building CXX object plugin\pxr\maya\lib\usdMaya\CMakeFiles\usdMaya.dir\exportTranslator.cpp.obj
[2023-04-06T14:22:39.196Z]     [446/585] Building CXX object plugin\pxr\maya\lib\usdMaya\CMakeFiles\usdMaya.dir\importTranslator.cpp.obj
[2023-04-06T14:22:39.196Z]     [447/585] Linking CXX shared library plugin\al\mayautils\AL\maya\tests\mayaplugintest\AL_MayaUtilsTests.mll
[2023-04-06T14:22:39.417Z]     [448/585] Linking CXX shared library plugin\al\usdmayautils\AL\usdmaya\utils\AL_USDMayaUtils.dll
[2023-04-06T14:22:39.639Z]     [449/585] Building CXX object plugin\pxr\maya\lib\usdMaya\CMakeFiles\usdMaya.dir\instancerShapeAdapterWithSceneAssembly.cpp.obj
[2023-04-06T14:22:39.639Z]     [450/585] Building CXX object plugin\pxr\maya\plugin\pxrUsd\CMakeFiles\pxrUsd.dir\usdTranslator.cpp.obj
[2023-04-06T14:22:39.864Z]     [451/585] Building CXX object plugin\pxr\maya\lib\usdMaya\CMakeFiles\_usdMaya.dir\wrapAssembly.cpp.obj
[2023-04-06T14:22:41.318Z]     [452/585] Building CXX object plugin\pxr\maya\lib\usdMaya\CMakeFiles\usdMaya.dir\proxyShape.cpp.obj
[2023-04-06T14:22:41.949Z]     [453/585] Linking CXX shared library lib\mayaUsd\mayaUsd.dll
[2023-04-06T14:22:42.088Z]     [454/585] Building CXX object plugin\pxr\maya\lib\usdMaya\CMakeFiles\_usdMaya.dir\wrapEditUtil.cpp.obj
[2023-04-06T14:22:42.716Z]     [455/585] Linking CXX shared library test\lib\usd\plugin\usdTestMayaPlugin.mll
[2023-04-06T14:22:42.942Z]     [456/585] Linking CXX shared library test\lib\usd\plugin\usdTestUsdPlugin.dll
[2023-04-06T14:22:43.578Z]     [457/585] Building CXX object plugin\pxr\maya\plugin\pxrUsd\CMakeFiles\pxrUsd.dir\plugin.cpp.obj
[2023-04-06T14:22:43.700Z]     [458/585] Linking CXX shared library test\lib\usd\plugin\usdTestApiWriter.dll
[2023-04-06T14:22:43.834Z]     [459/585] Linking CXX shared library test\lib\usd\plugin\usdTestInfoImportChaser.mll
[2023-04-06T14:22:44.174Z]     [460/585] Building CXX object plugin\pxr\maya\lib\usdMaya\CMakeFiles\usdMaya.dir\referenceAssembly.cpp.obj
[2023-04-06T14:22:44.850Z]     [461/585] Linking CXX shared library lib\usd\pxrUsdPreviewSurface\basePxrUsdPreviewSurface.dll
[2023-04-06T14:22:45.893Z]     [462/585] Linking CXX shared library lib\mayaUsd\python\_mayaUsd.pyd
[2023-04-06T14:22:45.893Z]     [463/585] Linking CXX shared library plugin\al\lib\AL_USDMaya\AL_USDMaya.dll
[2023-04-06T14:22:46.775Z]     [464/585] Linking CXX shared library lib\usd\translators\mayaUsd_Translators.dll
[2023-04-06T14:22:47.040Z]     [465/585] Linking CXX shared library plugin\pxr\maya\plugin\pxrUsdPreviewSurface\pxrUsdPreviewSurface.mll
[2023-04-06T14:22:47.304Z]     [466/585] Linking CXX shared library plugin\al\lib\AL_USDMaya\_AL_USDMaya.pyd
[2023-04-06T14:22:47.996Z]     [467/585] Linking CXX shared library plugin\al\plugin\AL_USDMayaPlugin\AL_USDMayaPlugin.mll
[2023-04-06T14:22:48.275Z]     [468/585] Building CXX object plugin\pxr\maya\plugin\pxrUsd\CMakeFiles\pxrUsd.dir\alembicChaser.cpp.obj
[2023-04-06T14:22:48.608Z]     [469/585] Linking CXX shared library plugin\pxr\maya\lib\usdMaya\usdMaya.dll
[2023-04-06T14:22:48.734Z]     [470/585] Building CXX object plugin\al\translators\pxrUsdTranslators\CMakeFiles\AL_USDMayaPxrTranslators.dir\ProxyShapeTranslator.cpp.obj
[2023-04-06T14:22:49.260Z]     [471/585] Building CXX object plugin\al\plugin\AL_USDMayaTestPlugin\CMakeFiles\AL_USDMayaTestPlugin.dir\AL\usdmaya\fileio\export_unmerged.cpp.obj
[2023-04-06T14:22:49.588Z]     [472/585] Linking CXX shared library plugin\pxr\maya\lib\usdMaya\_usdMaya.pyd
[2023-04-06T14:22:49.931Z]     [473/585] Building CXX object plugin\al\plugin\AL_USDMayaTestPlugin\CMakeFiles\AL_USDMayaTestPlugin.dir\AL\usdmaya\fileio\import_instances.cpp.obj
[2023-04-06T14:22:50.053Z]     [474/585] Building CXX object plugin\al\plugin\AL_USDMayaTestPlugin\CMakeFiles\AL_USDMayaTestPlugin.dir\AL\usdmaya\fileio\export_nonlinear.cpp.obj
[2023-04-06T14:22:50.053Z]     [475/585] Linking CXX shared library plugin\pxr\maya\plugin\pxrUsd\pxrUsd.mll
[2023-04-06T14:22:50.406Z]     [476/585] Building CXX object plugin\al\plugin\AL_USDMayaTestPlugin\CMakeFiles\AL_USDMayaTestPlugin.dir\AL\usdmaya\fileio\export_lattice.cpp.obj
[2023-04-06T14:22:51.041Z]     [477/585] Building CXX object plugin\al\plugin\AL_USDMayaTestPlugin\CMakeFiles\AL_USDMayaTestPlugin.dir\AL\usdmaya\fileio\import_playback_range.cpp.obj
[2023-04-06T14:22:51.604Z]     [478/585] Building CXX object plugin\al\plugin\AL_USDMayaTestPlugin\CMakeFiles\AL_USDMayaTestPlugin.dir\AL\usdmaya\fileio\export_multiple_shapes.cpp.obj
[2023-04-06T14:22:52.489Z]     [479/585] Building CXX object plugin\al\plugin\AL_USDMayaTestPlugin\CMakeFiles\AL_USDMayaTestPlugin.dir\AL\usdmaya\fileio\test_activeInActiveTranslators.cpp.obj
[2023-04-06T14:22:53.528Z]     [480/585] Automatic MOC and UIC for target mayaUsdUI
[2023-04-06T14:22:53.645Z]     [481/585] Building CXX object plugin\al\plugin\AL_USDMayaTestPlugin\CMakeFiles\AL_USDMayaTestPlugin.dir\AL\usdmaya\nodes\test_ExtraDataPlugin.cpp.obj
[2023-04-06T14:22:53.896Z]     [482/585] Automatic RCC for importDialog/images/ui.qrc
[2023-04-06T14:22:53.896Z]     [483/585] Automatic RCC for layerEditor/resources.qrc
[2023-04-06T14:22:57.068Z]     [484/585] Building CXX object plugin\al\plugin\AL_USDMayaTestPlugin\CMakeFiles\AL_USDMayaTestPlugin.dir\AL\usdmaya\nodes\test_ActiveInactive.cpp.obj
[2023-04-06T14:22:57.392Z]     [485/585] Building CXX object plugin\al\plugin\AL_USDMayaTestPlugin\CMakeFiles\AL_USDMayaTestPlugin.dir\AL\usdmaya\nodes\test_LayerManager.cpp.obj
[2023-04-06T14:23:00.414Z]     [486/585] Building CXX object lib\usd\ui\CMakeFiles\mayaUsdUI.dir\layerEditor\dirtyLayersCountBadge.cpp.obj
[2023-04-06T14:23:00.642Z]     [487/585] Building CXX object plugin\al\plugin\AL_USDMayaTestPlugin\CMakeFiles\AL_USDMayaTestPlugin.dir\AL\usdmaya\test_DiffGeom.cpp.obj
[2023-04-06T14:23:00.642Z]     [488/585] Building CXX object plugin\al\plugin\AL_USDMayaTestPlugin\CMakeFiles\AL_USDMayaTestPlugin.dir\AL\usdmaya\nodes\test_Transform.cpp.obj
[2023-04-06T14:23:00.860Z]     [489/585] Building CXX object plugin\al\plugin\AL_USDMayaTestPlugin\CMakeFiles\AL_USDMayaTestPlugin.dir\AL\usdmaya\nodes\test_ScopeMatrix.cpp.obj
[2023-04-06T14:23:01.387Z]     [490/585] Building CXX object plugin\al\plugin\AL_USDMayaTestPlugin\CMakeFiles\AL_USDMayaTestPlugin.dir\AL\usdmaya\nodes\proxy\test_PrimFilter.cpp.obj
[2023-04-06T14:23:03.917Z]     [491/585] Building CXX object plugin\al\plugin\AL_USDMayaTestPlugin\CMakeFiles\AL_USDMayaTestPlugin.dir\AL\usdmaya\nodes\test_ProxyShapeSelectabilityDB.cpp.obj
[2023-04-06T14:23:04.209Z]     [492/585] Building CXX object plugin\al\plugin\AL_USDMayaTestPlugin\CMakeFiles\AL_USDMayaTestPlugin.dir\AL\usdmaya\nodes\test_TranslatorContext.cpp.obj
[2023-04-06T14:23:04.343Z]     [493/585] Building CXX object plugin\al\plugin\AL_USDMayaTestPlugin\CMakeFiles\AL_USDMayaTestPlugin.dir\AL\usdmaya\nodes\test_lockPrims.cpp.obj
[2023-04-06T14:23:04.467Z]     [494/585] Building CXX object plugin\al\plugin\AL_USDMayaTestPlugin\CMakeFiles\AL_USDMayaTestPlugin.dir\test_translators_AnimationTranslator.cpp.obj
[2023-04-06T14:23:04.467Z]     [495/585] Building CXX object plugin\al\plugin\AL_USDMayaTestPlugin\CMakeFiles\AL_USDMayaTestPlugin.dir\AL\usdmaya\nodes\test_ProxyUsdGeomCamera.cpp.obj
[2023-04-06T14:23:04.787Z]     [496/585] Building CXX object lib\usd\ui\CMakeFiles\mayaUsdUI.dir\layerEditor\generatedIconButton.cpp.obj
[2023-04-06T14:23:05.217Z]     [497/585] Building CXX object plugin\al\plugin\AL_USDMayaTestPlugin\CMakeFiles\AL_USDMayaTestPlugin.dir\AL\usdmaya\nodes\test_TransformMatrix.cpp.obj
[2023-04-06T14:23:06.169Z]     [498/585] Building CXX object plugin\al\plugin\AL_USDMayaTestPlugin\CMakeFiles\AL_USDMayaTestPlugin.dir\AL\usdmaya\nodes\test_ProxyShape.cpp.obj
[2023-04-06T14:23:06.291Z]     [499/585] Building CXX object lib\usd\ui\CMakeFiles\mayaUsdUI.dir\mayaUsdUI_autogen\mocs_compilation.cpp.obj
[2023-04-06T14:23:06.513Z]     [500/585] Building CXX object plugin\al\plugin\AL_USDMayaTestPlugin\CMakeFiles\AL_USDMayaTestPlugin.dir\AL\usdmaya\nodes\test_VariantFallbacks.cpp.obj
[2023-04-06T14:23:06.734Z]     [501/585] Building CXX object plugin\al\plugin\AL_USDMayaTestPlugin\CMakeFiles\AL_USDMayaTestPlugin.dir\AL\usdmaya\test_DiffPrimVar.cpp.obj
[2023-04-06T14:23:07.770Z]     [502/585] Building CXX object lib\usd\ui\CMakeFiles\mayaUsdUI.dir\layerEditor\layerTreeItem.cpp.obj
[2023-04-06T14:23:08.092Z]     [503/585] Building CXX object lib\usd\ui\CMakeFiles\mayaUsdUI.dir\layerEditor\qtUtils.cpp.obj
[2023-04-06T14:23:08.515Z]     [504/585] Building CXX object lib\usd\ui\CMakeFiles\mayaUsdUI.dir\layerEditor\mayaQtUtils.cpp.obj
[2023-04-06T14:23:08.945Z]     [505/585] Building CXX object lib\usd\ui\CMakeFiles\mayaUsdUI.dir\layerEditor\stringResources.cpp.obj
[2023-04-06T14:23:09.881Z]     [506/585] Building CXX object lib\usd\ui\CMakeFiles\mayaUsdUI.dir\layerEditor\warningDialogs.cpp.obj
[2023-04-06T14:23:11.219Z]     [507/585] Building CXX object lib\usd\ui\CMakeFiles\mayaUsdUI.dir\layerEditor\layerEditorWidget.cpp.obj
[2023-04-06T14:23:11.219Z]     [508/585] Building CXX object lib\usd\ui\CMakeFiles\mayaUsdUI.dir\layerEditor\sessionState.cpp.obj
[2023-04-06T14:23:11.853Z]     [509/585] Building CXX object lib\usd\ui\CMakeFiles\mayaUsdUI.dir\initStringResources.cpp.obj
[2023-04-06T14:23:11.853Z]     [510/585] Building CXX object lib\usd\ui\CMakeFiles\mayaUsdUI.dir\mayaUsdUI_autogen\AUCU3ACLTF\qrc_ui.cpp.obj
[2023-04-06T14:23:12.300Z]     [511/585] Building CXX object lib\usd\ui\CMakeFiles\mayaUsdUI.dir\layerEditor\layerTreeItemDelegate.cpp.obj
[2023-04-06T14:23:12.423Z]     [512/585] Building CXX object lib\usd\ui\CMakeFiles\mayaUsdUI.dir\layerEditor\mayaCommandHook.cpp.obj
[2023-04-06T14:23:12.423Z]     [513/585] Building CXX object lib\usd\ui\CMakeFiles\mayaUsdUI.dir\mayaUsdUI_autogen\5WMDHDZAMM\qrc_resources.cpp.obj
[2023-04-06T14:23:13.056Z]     [514/585] Building CXX object lib\usd\ui\CMakeFiles\mayaUsdUI.dir\importDialog\USDQtUtil.cpp.obj
[2023-04-06T14:23:13.382Z]     [515/585] Building CXX object lib\usd\ui\CMakeFiles\mayaUsdUI.dir\layerEditor\layerTreeView.cpp.obj
[2023-04-06T14:23:14.130Z]     [516/585] Building CXX object lib\usd\ui\CMakeFiles\mayaUsdUI.dir\layerEditor\mayaLayerEditorWindow.cpp.obj
[2023-04-06T14:23:14.358Z]     [517/585] Building CXX object lib\usd\ui\CMakeFiles\mayaUsdUI.dir\layerEditor\loadLayersDialog.cpp.obj
[2023-04-06T14:23:14.358Z]     [518/585] Building CXX object lib\usd\ui\CMakeFiles\mayaUsdUI.dir\layerEditor\stageSelectorWidget.cpp.obj
[2023-04-06T14:23:14.789Z]     [519/585] Building CXX object lib\usd\ui\CMakeFiles\mayaUsdUI.dir\layerEditor\pathChecker.cpp.obj
[2023-04-06T14:23:15.559Z]     [520/585] Building CXX object lib\usd\ui\CMakeFiles\mayaUsdUI.dir\layerEditor\layerTreeModel.cpp.obj
[2023-04-06T14:23:15.697Z]     [521/585] Building CXX object lib\usd\ui\CMakeFiles\mayaUsdUI.dir\importDialog\TreeModel.cpp.obj
[2023-04-06T14:23:16.565Z]     [522/585] Building CXX object lib\usd\ui\CMakeFiles\mayaUsdUI.dir\layerEditor\mayaSessionState.cpp.obj
[2023-04-06T14:23:17.019Z]     [523/585] Building CXX object lib\usd\ui\CMakeFiles\mayaUsdUI.dir\importDialog\ItemDelegate.cpp.obj
[2023-04-06T14:23:17.141Z]     [524/585] Building CXX object lib\usd\ui\CMakeFiles\mayaUsdUI.dir\layerEditor\saveLayersDialog.cpp.obj
[2023-04-06T14:23:17.781Z]     [525/585] Building CXX object lib\usd\ui\CMakeFiles\mayaUsdUI.dir\importDialog\TreeItem.cpp.obj
[2023-04-06T14:23:18.724Z]     [526/585] Building CXX object plugin\al\schemas\AL\usd\schemas\maya\CMakeFiles\AL_USDMayaSchemas.dir\tokens.cpp.obj
[2023-04-06T14:23:19.767Z]     [527/585] Building CXX object lib\usd\ui\CMakeFiles\mayaUsdUI.dir\importDialog\USDImportDialog.cpp.obj
[2023-04-06T14:23:19.990Z]     [528/585] Building CXX object plugin\al\schemas\AL\usd\schemas\maya\CMakeFiles\_AL_USDMayaSchemas.dir\module.cpp.obj
[2023-04-06T14:23:20.421Z]     [529/585] Building CXX object plugin\al\schemas\AL\usd\schemas\maya\CMakeFiles\AL_USDMayaSchemas.dir\ModuleDeps.cpp.obj
[2023-04-06T14:23:20.559Z]     [530/585] Building CXX object lib\usd\ui\CMakeFiles\mayaUsdUI.dir\importDialog\TreeModelFactory.cpp.obj
[2023-04-06T14:23:20.888Z]     [531/585] Building CXX object lib\usd\ui\CMakeFiles\mayaUsdUI.dir\importDialog\USDImportDialogCmd.cpp.obj
[2023-04-06T14:23:22.441Z]     [532/585] Building CXX object plugin\al\schemas\AL\usd\schemas\maya\CMakeFiles\_AL_USDMayaSchemas.dir\wrapTokens.cpp.obj
[2023-04-06T14:23:22.560Z]     [533/585] Linking CXX shared library lib\usd\ui\mayaUsdUI.dll
[2023-04-06T14:23:22.698Z]     [534/585] Automatic MOC and UIC for target testMayaUsdUI
[2023-04-06T14:23:22.699Z]     [535/585] Building CXX object lib\usd\ui\importDialogDemo\CMakeFiles\testMayaUsdUI.dir\testMayaUsdUI_autogen\mocs_compilation.cpp.obj
[2023-04-06T14:23:23.026Z]     [536/585] Building CXX object plugin\al\plugin\AL_USDMayaTestPlugin\CMakeFiles\AL_USDMayaTestPlugin.dir\test_translators_PythonBindings.cpp.obj
[2023-04-06T14:23:23.728Z]     [537/585] Building CXX object plugin\al\plugin\AL_USDMayaTestPlugin\CMakeFiles\AL_USDMayaTestPlugin.dir\test_translators_Translator.cpp.obj
[2023-04-06T14:23:24.094Z]     [538/585] Building CXX object plugin\al\plugin\AL_USDMayaTestPlugin\CMakeFiles\AL_USDMayaTestPlugin.dir\test_translators_NurbsCurveTranslator.cpp.obj
[2023-04-06T14:23:24.095Z]     [539/585] Building CXX object plugin\al\plugin\AL_USDMayaTestPlugin\CMakeFiles\AL_USDMayaTestPlugin.dir\test_translators_CameraTranslator.cpp.obj
[2023-04-06T14:23:24.713Z]     [540/585] Building CXX object plugin\al\schemas\AL\usd\schemas\maya\CMakeFiles\AL_USDMayaSchemas.dir\FrameRange.cpp.obj
[2023-04-06T14:23:24.844Z]     [541/585] Building CXX object plugin\al\schemas\AL\usd\schemas\maya\CMakeFiles\AL_USDMayaSchemas.dir\ModelAPI.cpp.obj
[2023-04-06T14:23:24.996Z]     [542/585] Building CXX object plugin\al\plugin\AL_USDMayaTestPlugin\CMakeFiles\AL_USDMayaTestPlugin.dir\test_usdmaya.cpp.obj
[2023-04-06T14:23:25.540Z]     [543/585] Building CXX object plugin\al\schemas\AL\usd\schemas\maya\tests\CMakeFiles\testMayaSchemas.dir\main.cpp.obj
[2023-04-06T14:23:25.540Z]     [544/585] Building CXX object plugin\al\schemas\AL\usd\schemas\mayatest\CMakeFiles\_AL_USDMayaSchemasTest.dir\module.cpp.obj
[2023-04-06T14:23:25.666Z]     [545/585] Linking CXX shared library plugin\al\schemas\AL\usd\schemas\maya\AL_USDMayaSchemas.dll
[2023-04-06T14:23:25.895Z]     [546/585] Building CXX object plugin\al\schemas\AL\usd\schemas\mayatest\CMakeFiles\AL_USDMayaSchemasTest.dir\tokens.cpp.obj
[2023-04-06T14:23:25.895Z]     [547/585] Building CXX object plugin\al\plugin\AL_USDMayaTestPlugin\CMakeFiles\AL_USDMayaTestPlugin.dir\test_translators_MeshTranslator.cpp.obj
[2023-04-06T14:23:26.017Z]     [548/585] Building CXX object plugin\al\plugin\AL_USDMayaTestPlugin\CMakeFiles\AL_USDMayaTestPlugin.dir\test_translators_DgTranslator.cpp.obj
[2023-04-06T14:23:26.350Z]     [549/585] Building CXX object plugin\al\plugin\AL_USDMayaTestPlugin\CMakeFiles\AL_USDMayaTestPlugin.dir\test_translators_TransformTranslator.cpp.obj
[2023-04-06T14:23:26.975Z]     [550/585] Building CXX object plugin\al\translators\CMakeFiles\AL_USDMayaTranslators.dir\CommonTranslatorOptions.cpp.obj
[2023-04-06T14:23:27.923Z]     [551/585] Building CXX object plugin\al\schemas\AL\usd\schemas\mayatest\CMakeFiles\AL_USDMayaSchemasTest.dir\ModuleDeps.cpp.obj
[2023-04-06T14:23:28.758Z]     [552/585] Linking CXX shared library plugin\al\translators\pxrUsdTranslators\AL_USDMayaPxrTranslators.mll
[2023-04-06T14:23:28.758Z]     [553/585] Building CXX object plugin\al\plugin\AL_USDMayaTestPlugin\CMakeFiles\AL_USDMayaTestPlugin.dir\test_usdmaya_AttributeType.cpp.obj
[2023-04-06T14:23:29.183Z]     [554/585] Building CXX object plugin\al\schemas\AL\usd\schemas\mayatest\CMakeFiles\_AL_USDMayaSchemasTest.dir\wrapTokens.cpp.obj
[2023-04-06T14:23:29.709Z]     [555/585] Building CXX object plugin\adsk\plugin\CMakeFiles\mayaUsdPlugin.dir\adskListJobContextsCommand.cpp.obj
[2023-04-06T14:23:30.640Z]     [556/585] Building CXX object plugin\al\schemas\AL\usd\schemas\maya\CMakeFiles\_AL_USDMayaSchemas.dir\wrapFrameRange.cpp.obj
[2023-04-06T14:23:30.640Z]     [557/585] Building CXX object plugin\al\schemas\AL\usd\schemas\maya\tests\CMakeFiles\testMayaSchemas.dir\testMayaSchemas.cpp.obj
[2023-04-06T14:23:31.376Z]     [558/585] Building CXX object plugin\al\schemas\AL\usd\schemas\maya\CMakeFiles\_AL_USDMayaSchemas.dir\wrapModelAPI.cpp.obj
[2023-04-06T14:23:31.499Z]     [559/585] Building CXX object plugin\al\schemas\AL\usd\schemas\mayatest\CMakeFiles\AL_USDMayaSchemasTest.dir\ExamplePolyCubeNode.cpp.obj
[2023-04-06T14:23:32.131Z]     [560/585] Linking CXX shared library plugin\al\schemas\AL\usd\schemas\mayatest\AL_USDMayaSchemasTest.dll
[2023-04-06T14:23:32.131Z]     [561/585] Linking CXX shared library plugin\al\schemas\AL\usd\schemas\maya\_AL_USDMayaSchemas.pyd
[2023-04-06T14:23:32.968Z]     [562/585] Building CXX object lib\usd\ui\importDialogDemo\CMakeFiles\testMayaUsdUI.dir\testMayaUsdUI.cpp.obj
[2023-04-06T14:23:32.968Z]     [563/585] Building CXX object plugin\al\schemas\AL\usd\schemas\maya\tests\CMakeFiles\testMayaSchemas.dir\testModelAPI.cpp.obj
[2023-04-06T14:23:33.707Z]     [564/585] Linking CXX executable plugin\al\schemas\AL\usd\schemas\maya\tests\testMayaSchemas.exe
[2023-04-06T14:23:33.964Z]     [565/585] Linking CXX executable lib\usd\ui\importDialogDemo\testMayaUsdUI.exe
[2023-04-06T14:23:34.291Z]     [566/585] Building CXX object plugin\al\schemas\AL\usd\schemas\mayatest\CMakeFiles\_AL_USDMayaSchemasTest.dir\wrapExamplePolyCubeNode.cpp.obj
[2023-04-06T14:23:34.413Z]     [567/585] Building CXX object plugin\al\translators\CMakeFiles\AL_USDMayaTranslators.dir\Camera.cpp.obj
[2023-04-06T14:23:34.528Z]     [568/585] Building CXX object plugin\adsk\plugin\CMakeFiles\mayaUsdPlugin.dir\adskListShadingModesCommand.cpp.obj
[2023-04-06T14:23:34.645Z]     [569/585] Linking CXX shared library plugin\al\plugin\AL_USDMayaTestPlugin\AL_USDMayaTestPlugin.mll
[2023-04-06T14:23:34.966Z]     [570/585] Linking CXX shared library plugin\al\schemas\AL\usd\schemas\mayatest\_AL_USDMayaSchemasTest.pyd
[2023-04-06T14:23:35.184Z]     [571/585] Building CXX object plugin\al\translators\CMakeFiles\AL_USDMayaTranslators.dir\NurbsCurve.cpp.obj
[2023-04-06T14:23:35.817Z]     [572/585] Building CXX object plugin\al\translators\CMakeFiles\AL_USDMayaTranslators.dir\DirectionalLight.cpp.obj
[2023-04-06T14:23:35.934Z]     [573/585] Building CXX object plugin\al\translators\CMakeFiles\AL_USDMayaTranslators.dir\FrameRange.cpp.obj
[2023-04-06T14:23:36.049Z]     [574/585] Building CXX object plugin\al\translators\CMakeFiles\AL_USDMayaTranslators.dir\MayaReference.cpp.obj
[2023-04-06T14:23:36.978Z]     [575/585] Building CXX object plugin\adsk\plugin\CMakeFiles\mayaUsdPlugin.dir\adskExportCommand.cpp.obj
[2023-04-06T14:23:36.979Z]     [576/585] Building CXX object plugin\adsk\plugin\CMakeFiles\mayaUsdPlugin.dir\adskImportCommand.cpp.obj
[2023-04-06T14:23:37.095Z]     [577/585] Building CXX object plugin\al\translators\CMakeFiles\AL_USDMayaTranslators.dir\Mesh.cpp.obj
[2023-04-06T14:23:37.826Z]     [578/585] Building CXX object plugin\adsk\plugin\CMakeFiles\mayaUsdPlugin.dir\adskStageLoadUnloadCommands.cpp.obj
[2023-04-06T14:23:38.043Z]     [579/585] Linking CXX shared library plugin\al\translators\AL_USDMayaTranslators.dll
[2023-04-06T14:23:38.970Z]     [580/585] Building CXX object plugin\adsk\plugin\CMakeFiles\mayaUsdPlugin.dir\ProxyShape.cpp.obj
[2023-04-06T14:23:39.190Z]     [581/585] Building CXX object plugin\adsk\plugin\CMakeFiles\mayaUsdPlugin.dir\importTranslator.cpp.obj
[2023-04-06T14:23:40.522Z]     [582/585] Building CXX object plugin\adsk\plugin\CMakeFiles\mayaUsdPlugin.dir\geomNode.cpp.obj
[2023-04-06T14:23:40.842Z]     [583/585] Building CXX object plugin\adsk\plugin\CMakeFiles\mayaUsdPlugin.dir\plugin.cpp.obj
[2023-04-06T14:23:41.364Z]     [584/585] Building CXX object plugin\adsk\plugin\CMakeFiles\mayaUsdPlugin.dir\exportTranslator.cpp.obj
[2023-04-06T14:23:42.281Z]     [585/585] Linking CXX shared module plugin\adsk\plugin\mayaUsdPlugin.mll
[2023-04-06T14:23:42.281Z]     
[2023-04-06T14:23:42.281Z]         Building with settings:
[2023-04-06T14:23:42.281Z]           Source directory          S:\jenkins\workspace\ECP\ecg-maya-usd\ecg-mayausd-branch-preflight-2019-no-ufe-windows\ecg-maya-usd\maya-usd
[2023-04-06T14:23:42.281Z]           Workspace directory       W:\
[2023-04-06T14:23:42.281Z]           Build directory           W:\build\RelWithDebInfo
[2023-04-06T14:23:42.281Z]           Install directory         W:\install\RelWithDebInfo\MayaUSD
[2023-04-06T14:23:42.281Z]           Variant                   RelWithDebInfo
[2023-04-06T14:23:42.281Z]           Python Debug              Off
[2023-04-06T14:23:42.281Z]           CMake generator           Ninja
[2023-04-06T14:23:42.281Z]           Build arguments           ['-DCMAKE_MAKE_PROGRAM=P:/shared/Artifactory/Windows/ninja/1.9.0/c68f192/ninja.exe', '-DPYTHON_INCLUDE_DIR=P:/shared/Artifactory/Windows/rundev-2019/202003131251/runtime/155eb96/runTime/include/Python2.7', '-DPython_EXECUTABLE=P:/shared/Artifactory/Windows/rundev-2019/202003131251/runtime/155eb96/runTime/bin/mayapy.exe', '-DPYTHON_LIBRARIES=P:/shared/Artifactory/Windows/rundev-2019/202003131251/runtime/155eb96/runTime/lib/python27.lib', '-DCMAKE_WANT_UFE_BUILD=OFF', '-DUSD_LIB_PREFIX=', '-DBUILD_HDMAYA=OFF']
[2023-04-06T14:23:42.281Z]           Stages arguments          ['build']
[2023-04-06T14:23:42.281Z]           CTest arguments           ['-E testUsdReferenceAssemblySelection|testUsdMayaAppDir', '-LE interactive', '--parallel 16']
[2023-04-06T14:23:42.281Z]     Success MayaUSD build and install !!!!
[2023-04-06T14:23:42.281Z]     Elapsed time: 00:04:33
[Pipeline] bat
[2023-04-06T14:23:42.768Z] Deleting alias drive W:
[Pipeline] bat
[2023-04-06T14:23:43.051Z] Deleting alias drive P:
[Pipeline] }
[Pipeline] // withEnv
[Pipeline] }
[Pipeline] // timeout
[Pipeline] }
[Pipeline] // stage
[Pipeline] }
[Pipeline] // timestamps
[Pipeline] timestamps
[Pipeline] {
[Pipeline] stage
[Pipeline] { (Install)
[Pipeline] timeout
[2023-04-06T14:23:43.419Z] Timeout set to expire in 6 hr 0 min
[Pipeline] {
[Pipeline] withEnv
[Pipeline] {
[Pipeline] bat
[2023-04-06T14:23:43.733Z] Creating alias drive P: to S:\jenkins\workspace
[Pipeline] bat
[2023-04-06T14:23:44.109Z] Creating alias drive W: to S:\jenkins\workspace\ECP\ecg-maya-usd\ecg-mayausd-branch-preflight-2019-no-ufe-windows
[Pipeline] bat
[2023-04-06T14:23:44.572Z] "C:\Program Files (x86)\Microsoft Visual Studio\2017\Professional\VC\Auxiliary\Build\vcvarsall.bat" x64
[2023-04-06T14:23:44.783Z] **********************************************************************
[2023-04-06T14:23:44.783Z] ** Visual Studio 2017 Developer Command Prompt v15.9.15
[2023-04-06T14:23:44.783Z] ** Copyright (c) 2017 Microsoft Corporation
[2023-04-06T14:23:44.783Z] **********************************************************************
[2023-04-06T14:23:45.703Z] [vcvarsall.bat] Environment initialized for: 'x64'
[2023-04-06T14:23:45.703Z] python ecg-maya-usd/build.py --stages=install --workspace-dir=W:\ --artifactory-dir=P:\shared\Artifactory --build-dir=W:\build --install-dir=W:\install --signing-dir=W:\signing --package-dir=W:\package --output-dir=W:\output --stash-dir=W:\stash --jenkins-build=830 --git-commit=a8fa22c6f13696b4ec78dd9d6c429e0c7430f14d --git-branch=master --variants=RelWithDebInfo --python=2.7 --ufe=false --pxrusd-version=0.21.05-gold --post-zips=false --maya-cut-config=maya-rundev-2019.yaml --maya-package=rundev-2019 --stage-banner
[2023-04-06T14:23:46.524Z] Using Maya cut from P:\shared\Artifactory\Windows\rundev-2019\202003131251\runtime\155eb96
[2023-04-06T14:23:46.525Z] 
[2023-04-06T14:23:46.525Z] ================================================================================
[2023-04-06T14:23:46.525Z]                             install (RelWithDebInfo)
[2023-04-06T14:23:46.525Z] ================================================================================
[2023-04-06T14:23:46.635Z] Maya Python RelWithDebInfo Info:
[2023-04-06T14:23:46.635Z]   mayapy executable   = P:\shared\Artifactory\Windows\rundev-2019\202003131251\runtime\155eb96\runTime\bin\mayapy.exe
[2023-04-06T14:23:46.635Z]   Include Folder      = P:\shared\Artifactory\Windows\rundev-2019\202003131251\runtime\155eb96\runTime\include\Python2.7
[2023-04-06T14:23:46.635Z]   Library             = P:\shared\Artifactory\Windows\rundev-2019\202003131251\runtime\155eb96\runTime\lib\python27.lib
[2023-04-06T14:23:46.635Z]   site-package Folder = P:\shared\Artifactory\Windows\rundev-2019\202003131251\runtime\155eb96\runTime\Python\Lib\site-packages
[2023-04-06T14:23:47.357Z] In workdir: S:\jenkins\workspace\ECP\ecg-maya-usd\ecg-mayausd-branch-preflight-2019-no-ufe-windows\ecg-maya-usd\maya-usd
[2023-04-06T14:23:47.357Z] Executing: 'P:\\shared\\Artifactory\\Windows\\rundev-2019\\202003131251\\runtime\\155eb96\\runTime\\bin\\mayapy.exe' 'S:\\jenkins\\workspace\\ECP\\ecg-maya-usd\\ecg-mayausd-branch-preflight-2019-no-ufe-windows\\ecg-maya-usd\\maya-usd\\build.py' --generator Ninja --build-relwithdebug --maya-location 'P:\\shared\\Artifactory\\Windows\\rundev-2019\\202003131251\\runtime\\155eb96\\runTime' --devkit-location 'P:\\shared\\Artifactory\\Windows\\rundev-2019\\202003131251\\runtime\\155eb96\\devkitBase' --pxrusd-location 'P:\\shared\\Artifactory\\Windows\\USD\\cfb3d8a' --qt-location 'P:\\shared\\Artifactory\\Windows\\qt\\5.6.1\\1acd0ba' --materialx '--build-args=-DCMAKE_MAKE_PROGRAM=P:/shared/Artifactory/Windows/ninja/1.9.0/c68f192/ninja.exe,-DPYTHON_INCLUDE_DIR=P:/shared/Artifactory/Windows/rundev-2019/202003131251/runtime/155eb96/runTime/include/Python2.7,-DPython_EXECUTABLE=P:/shared/Artifactory/Windows/rundev-2019/202003131251/runtime/155eb96/runTime/bin/mayapy.exe,-DPYTHON_LIBRARIES=P:/shared/Artifactory/Windows/rundev-2019/202003131251/runtime/155eb96/runTime/lib/python27.lib,-DCMAKE_WANT_UFE_BUILD=OFF,-DUSD_LIB_PREFIX=,-DBUILD_HDMAYA=OFF' '--ctest-args=-E testUsdReferenceAssemblySelection|testUsdMayaAppDir,-LE interactive,--parallel 16' --stages=install --redirect-outstream-file=False --install-location 'W:\\install\\RelWithDebInfo\\MayaUSD' 'W:\\'
[2023-04-06T14:23:47.357Z] Modified environment variables:
[2023-04-06T14:23:47.357Z]     PATH=P:\shared\Artifactory\Windows\cmake\3.20.3\afe857a\bin;C:\Python27\lib\site-packages\pywin32_system32;C:\Program Files (x86)\Microsoft Visual Studio\2017\Professional\VC\Tools\MSVC\14.16.27023\bin\HostX64\x64;C:\Program Files (x86)\Microsoft Visual Studio\2017\Professional\Common7\IDE\VC\VCPackages;C:\Program Files (x86)\Microsoft Visual Studio\2017\Professional\Common7\IDE\CommonExtensions\Microsoft\TestWindow;C:\Program Files (x86)\Microsoft Visual Studio\2017\Professional\Common7\IDE\CommonExtensions\Microsoft\TeamFoundation\Team Explorer;C:\Program Files (x86)\Microsoft Visual Studio\2017\Professional\MSBuild\15.0\bin\Roslyn;C:\Program Files (x86)\Microsoft Visual Studio\2017\Professional\Team Tools\Performance Tools\x64;C:\Program Files (x86)\Microsoft Visual Studio\2017\Professional\Team Tools\Performance Tools;C:\Program Files (x86)\Microsoft Visual Studio\Shared\Common\VSPerfCollectionTools\\x64;C:\Program Files (x86)\Microsoft Visual Studio\Shared\Common\VSPerfCollectionTools\;C:\Program Files (x86)\Microsoft SDKs\Windows\v10.0A\bin\NETFX 4.6.1 Tools\x64\;C:\Program Files (x86)\HTML Help Workshop;C:\Program Files (x86)\Windows Kits\10\bin\10.0.18362.0\x64;C:\Program Files (x86)\Windows Kits\10\bin\x64;C:\Program Files (x86)\Microsoft Visual Studio\2017\Professional\\MSBuild\15.0\bin;C:\WINDOWS\Microsoft.NET\Framework64\v4.0.30319;C:\Program Files (x86)\Microsoft Visual Studio\2017\Professional\Common7\IDE\;C:\Program Files (x86)\Microsoft Visual Studio\2017\Professional\Common7\Tools\;C:\Python27\;C:\Python27\Scripts;C:\WINDOWS\system32;C:\WINDOWS;C:\WINDOWS\System32\Wbem;C:\WINDOWS\System32\WindowsPowerShell\v1.0\;C:\WINDOWS\System32\OpenSSH\;C:\ProgramData\chocolatey\bin;C:\Program Files (x86)\WiX Toolset v3.7\bin;C:\Program Files\dotnet\;C:\Program Files (x86)\Windows Kits\10\bin\10.0.18362.0\x64;C:\Program Files\Zulu\zulu-11\bin\;C:\Program Files (x86)\Windows Kits\10\bin\10.0.17763.0\x64;C:\Program Files (x86)\Windows Kits\10\bin\x64;C:\Program Files\Git\cmd;C:\Program Files\Git\usr\bin;C:\Program Files\Git\mingw64\bin;C:\Program Files\Git\bin;C:\Python38\;C:\Python38\Scripts;C:\StoreBoxClientWindows;C:\Program Files\Electric Cloud\ElectricCommander\bin;C:\Program Files\WinRAR;C:\Program Files\7-Zip;C:\Users\Administrator\AppData\Local\Microsoft\WindowsApps;C:\Program Files (x86)\Microsoft Visual Studio\2017\Professional\Common7\IDE\CommonExtensions\Microsoft\CMake\CMake\bin;C:\Program Files (x86)\Microsoft Visual Studio\2017\Professional\Common7\IDE\CommonExtensions\Microsoft\CMake\Ninja
[2023-04-06T14:23:47.773Z]     [1/8] Automatic MOC and UIC for target mayaUsdUI
[2023-04-06T14:23:47.882Z]     [2/5] Automatic MOC and UIC for target testMayaUsdUI
[2023-04-06T14:23:47.882Z]     [2/3] Install the project...
[2023-04-06T14:23:47.882Z]     -- Install configuration: "RelWithDebInfo"
[2023-04-06T14:23:53.868Z]     
[2023-04-06T14:23:53.868Z]         Building with settings:
[2023-04-06T14:23:53.868Z]           Source directory          S:\jenkins\workspace\ECP\ecg-maya-usd\ecg-mayausd-branch-preflight-2019-no-ufe-windows\ecg-maya-usd\maya-usd
[2023-04-06T14:23:53.868Z]           Workspace directory       W:\
[2023-04-06T14:23:53.868Z]           Build directory           W:\build\RelWithDebInfo
[2023-04-06T14:23:53.868Z]           Install directory         W:\install\RelWithDebInfo\MayaUSD
[2023-04-06T14:23:53.868Z]           Variant                   RelWithDebInfo
[2023-04-06T14:23:53.868Z]           Python Debug              Off
[2023-04-06T14:23:53.868Z]           CMake generator           Ninja
[2023-04-06T14:23:53.868Z]           Build arguments           ['-DCMAKE_MAKE_PROGRAM=P:/shared/Artifactory/Windows/ninja/1.9.0/c68f192/ninja.exe', '-DPYTHON_INCLUDE_DIR=P:/shared/Artifactory/Windows/rundev-2019/202003131251/runtime/155eb96/runTime/include/Python2.7', '-DPython_EXECUTABLE=P:/shared/Artifactory/Windows/rundev-2019/202003131251/runtime/155eb96/runTime/bin/mayapy.exe', '-DPYTHON_LIBRARIES=P:/shared/Artifactory/Windows/rundev-2019/202003131251/runtime/155eb96/runTime/lib/python27.lib', '-DCMAKE_WANT_UFE_BUILD=OFF', '-DUSD_LIB_PREFIX=', '-DBUILD_HDMAYA=OFF']
[2023-04-06T14:23:53.868Z]           Stages arguments          ['install']
[2023-04-06T14:23:53.868Z]           CTest arguments           ['-E testUsdReferenceAssemblySelection|testUsdMayaAppDir', '-LE interactive', '--parallel 16']
[2023-04-06T14:23:53.868Z]     Success MayaUSD build and install !!!!
[2023-04-06T14:23:53.868Z]     Elapsed time: 00:00:06
[Pipeline] bat
[2023-04-06T14:23:54.269Z] Deleting alias drive W:
[Pipeline] bat
[2023-04-06T14:23:54.545Z] Deleting alias drive P:
[Pipeline] }
[Pipeline] // withEnv
[Pipeline] }
[Pipeline] // timeout
[Pipeline] }
[Pipeline] // stage
[Pipeline] }
[Pipeline] // timestamps
[Pipeline] timestamps
[Pipeline] {
[Pipeline] stage
[Pipeline] { (Test)
[Pipeline] timeout
[2023-04-06T14:23:54.898Z] Timeout set to expire in 6 hr 0 min
[Pipeline] {
[Pipeline] withEnv
[Pipeline] {
[Pipeline] bat
[2023-04-06T14:23:55.097Z] Creating alias drive P: to S:\jenkins\workspace
[Pipeline] bat
[2023-04-06T14:23:55.476Z] Creating alias drive W: to S:\jenkins\workspace\ECP\ecg-maya-usd\ecg-mayausd-branch-preflight-2019-no-ufe-windows
[Pipeline] bat
[2023-04-06T14:23:56.001Z] "C:\Program Files (x86)\Microsoft Visual Studio\2017\Professional\VC\Auxiliary\Build\vcvarsall.bat" x64
[2023-04-06T14:23:56.207Z] **********************************************************************
[2023-04-06T14:23:56.207Z] ** Visual Studio 2017 Developer Command Prompt v15.9.15
[2023-04-06T14:23:56.207Z] ** Copyright (c) 2017 Microsoft Corporation
[2023-04-06T14:23:56.207Z] **********************************************************************
[2023-04-06T14:23:57.126Z] [vcvarsall.bat] Environment initialized for: 'x64'
[2023-04-06T14:23:57.126Z] python ecg-maya-usd/build.py --stages=test --workspace-dir=W:\ --artifactory-dir=P:\shared\Artifactory --build-dir=W:\build --install-dir=W:\install --signing-dir=W:\signing --package-dir=W:\package --output-dir=W:\output --stash-dir=W:\stash --jenkins-build=830 --git-commit=a8fa22c6f13696b4ec78dd9d6c429e0c7430f14d --git-branch=master --variants=RelWithDebInfo --python=2.7 --ufe=false --pxrusd-version=0.21.05-gold --post-zips=false --test-jobs=0 --failed-test-retry=3 --maya-cut-config=maya-rundev-2019.yaml --maya-package=rundev-2019 --stage-banner --progressive-timeout
[2023-04-06T14:23:58.048Z] Using Maya cut from P:\shared\Artifactory\Windows\rundev-2019\202003131251\runtime\155eb96
[2023-04-06T14:23:58.048Z] 
[2023-04-06T14:23:58.048Z] ================================================================================
[2023-04-06T14:23:58.048Z]                              test (RelWithDebInfo)
[2023-04-06T14:23:58.048Z] ================================================================================
[2023-04-06T14:23:58.048Z] Maya Python RelWithDebInfo Info:
[2023-04-06T14:23:58.048Z]   mayapy executable   = P:\shared\Artifactory\Windows\rundev-2019\202003131251\runtime\155eb96\runTime\bin\mayapy.exe
[2023-04-06T14:23:58.048Z]   Include Folder      = P:\shared\Artifactory\Windows\rundev-2019\202003131251\runtime\155eb96\runTime\include\Python2.7
[2023-04-06T14:23:58.048Z]   Library             = P:\shared\Artifactory\Windows\rundev-2019\202003131251\runtime\155eb96\runTime\lib\python27.lib
[2023-04-06T14:23:58.048Z]   site-package Folder = P:\shared\Artifactory\Windows\rundev-2019\202003131251\runtime\155eb96\runTime\Python\Lib\site-packages
[2023-04-06T14:23:58.772Z] In workdir: S:\jenkins\workspace\ECP\ecg-maya-usd\ecg-mayausd-branch-preflight-2019-no-ufe-windows\ecg-maya-usd\maya-usd
[2023-04-06T14:23:58.772Z] Executing: 'P:\\shared\\Artifactory\\Windows\\rundev-2019\\202003131251\\runtime\\155eb96\\runTime\\bin\\mayapy.exe' 'S:\\jenkins\\workspace\\ECP\\ecg-maya-usd\\ecg-mayausd-branch-preflight-2019-no-ufe-windows\\ecg-maya-usd\\maya-usd\\build.py' --generator Ninja --build-relwithdebug --maya-location 'P:\\shared\\Artifactory\\Windows\\rundev-2019\\202003131251\\runtime\\155eb96\\runTime' --devkit-location 'P:\\shared\\Artifactory\\Windows\\rundev-2019\\202003131251\\runtime\\155eb96\\devkitBase' --pxrusd-location 'P:\\shared\\Artifactory\\Windows\\USD\\cfb3d8a' --qt-location 'P:\\shared\\Artifactory\\Windows\\qt\\5.6.1\\1acd0ba' --materialx '--build-args=-DCMAKE_MAKE_PROGRAM=P:/shared/Artifactory/Windows/ninja/1.9.0/c68f192/ninja.exe,-DPYTHON_INCLUDE_DIR=P:/shared/Artifactory/Windows/rundev-2019/202003131251/runtime/155eb96/runTime/include/Python2.7,-DPython_EXECUTABLE=P:/shared/Artifactory/Windows/rundev-2019/202003131251/runtime/155eb96/runTime/bin/mayapy.exe,-DPYTHON_LIBRARIES=P:/shared/Artifactory/Windows/rundev-2019/202003131251/runtime/155eb96/runTime/lib/python27.lib,-DCMAKE_WANT_UFE_BUILD=OFF,-DUSD_LIB_PREFIX=,-DBUILD_HDMAYA=OFF' '--ctest-args=-E testUsdReferenceAssemblySelection|testUsdMayaAppDir,-LE interactive,--parallel 16' --stages=test --redirect-outstream-file=False --install-location 'W:\\install\\RelWithDebInfo\\MayaUSD' 'W:\\'
[2023-04-06T14:23:58.772Z] Modified environment variables:
[2023-04-06T14:23:58.772Z]     PATH=P:\shared\Artifactory\Windows\cmake\3.20.3\afe857a\bin;C:\Python27\lib\site-packages\pywin32_system32;C:\Program Files (x86)\Microsoft Visual Studio\2017\Professional\VC\Tools\MSVC\14.16.27023\bin\HostX64\x64;C:\Program Files (x86)\Microsoft Visual Studio\2017\Professional\Common7\IDE\VC\VCPackages;C:\Program Files (x86)\Microsoft Visual Studio\2017\Professional\Common7\IDE\CommonExtensions\Microsoft\TestWindow;C:\Program Files (x86)\Microsoft Visual Studio\2017\Professional\Common7\IDE\CommonExtensions\Microsoft\TeamFoundation\Team Explorer;C:\Program Files (x86)\Microsoft Visual Studio\2017\Professional\MSBuild\15.0\bin\Roslyn;C:\Program Files (x86)\Microsoft Visual Studio\2017\Professional\Team Tools\Performance Tools\x64;C:\Program Files (x86)\Microsoft Visual Studio\2017\Professional\Team Tools\Performance Tools;C:\Program Files (x86)\Microsoft Visual Studio\Shared\Common\VSPerfCollectionTools\\x64;C:\Program Files (x86)\Microsoft Visual Studio\Shared\Common\VSPerfCollectionTools\;C:\Program Files (x86)\Microsoft SDKs\Windows\v10.0A\bin\NETFX 4.6.1 Tools\x64\;C:\Program Files (x86)\HTML Help Workshop;C:\Program Files (x86)\Windows Kits\10\bin\10.0.18362.0\x64;C:\Program Files (x86)\Windows Kits\10\bin\x64;C:\Program Files (x86)\Microsoft Visual Studio\2017\Professional\\MSBuild\15.0\bin;C:\WINDOWS\Microsoft.NET\Framework64\v4.0.30319;C:\Program Files (x86)\Microsoft Visual Studio\2017\Professional\Common7\IDE\;C:\Program Files (x86)\Microsoft Visual Studio\2017\Professional\Common7\Tools\;C:\Python27\;C:\Python27\Scripts;C:\WINDOWS\system32;C:\WINDOWS;C:\WINDOWS\System32\Wbem;C:\WINDOWS\System32\WindowsPowerShell\v1.0\;C:\WINDOWS\System32\OpenSSH\;C:\ProgramData\chocolatey\bin;C:\Program Files (x86)\WiX Toolset v3.7\bin;C:\Program Files\dotnet\;C:\Program Files (x86)\Windows Kits\10\bin\10.0.18362.0\x64;C:\Program Files\Zulu\zulu-11\bin\;C:\Program Files (x86)\Windows Kits\10\bin\10.0.17763.0\x64;C:\Program Files (x86)\Windows Kits\10\bin\x64;C:\Program Files\Git\cmd;C:\Program Files\Git\usr\bin;C:\Program Files\Git\mingw64\bin;C:\Program Files\Git\bin;C:\Python38\;C:\Python38\Scripts;C:\StoreBoxClientWindows;C:\Program Files\Electric Cloud\ElectricCommander\bin;C:\Program Files\WinRAR;C:\Program Files\7-Zip;C:\Users\Administrator\AppData\Local\Microsoft\WindowsApps;C:\Program Files (x86)\Microsoft Visual Studio\2017\Professional\Common7\IDE\CommonExtensions\Microsoft\CMake\CMake\bin;C:\Program Files (x86)\Microsoft Visual Studio\2017\Professional\Common7\IDE\CommonExtensions\Microsoft\CMake\Ninja
[2023-04-06T14:23:59.083Z]     Test project W:/build/RelWithDebInfo
[2023-04-06T14:24:00.008Z]             Start   1: testMayaUsdConverter
[2023-04-06T14:24:00.008Z]             Start   2: testMayaUsdCreateStageCommands
[2023-04-06T14:24:00.008Z]             Start   3: testMayaUsdPythonImport
[2023-04-06T14:24:00.008Z]             Start   4: testMayaUsdLayerEditorCommands
[2023-04-06T14:24:00.008Z]             Start   5: testMayaUsdCacheId
[2023-04-06T14:24:00.008Z]             Start   7: _Interactive_Maya
[2023-04-06T14:24:00.008Z]       1/129 Test   #7: _Interactive_Maya ...............................***Not Run (Disabled)   0.00 sec
[2023-04-06T14:24:00.008Z]             Start   8: testMayaUsdPlugVersionCheck
[2023-04-06T14:24:00.141Z]             Start   9: testPxrUsdPreviewSurfaceDraw
[2023-04-06T14:24:00.141Z]             Start  10: testPxrUsdPreviewSurfaceExport
[2023-04-06T14:24:00.141Z]             Start  11: testMayaUsdSchemasPythonImport
[2023-04-06T14:24:00.141Z]             Start  12: testMayaUsdSchemasMayaReference
[2023-04-06T14:24:00.141Z]             Start  13: testDiffCore
[2023-04-06T14:24:00.141Z]             Start  14: testDiffValues
[2023-04-06T14:24:01.226Z]             Start  15: testDiffAttributes
[2023-04-06T14:24:01.226Z]             Start  16: testDiffRelationships
[2023-04-06T14:24:01.226Z]             Start  17: testDiffDictionaries
[2023-04-06T14:24:04.190Z]             Start  18: testDiffLists
[2023-04-06T14:24:04.190Z]       2/129 Test  #13: testDiffCore ....................................   Passed    4.05 sec
[2023-04-06T14:24:04.190Z]             Start  19: testDiffComputeOverall
[2023-04-06T14:24:04.710Z]       3/129 Test  #17: testDiffDictionaries ............................   Passed    3.20 sec
[2023-04-06T14:24:04.710Z]             Start  20: testDiffPrims
[2023-04-06T14:24:04.710Z]       4/129 Test  #18: testDiffLists ...................................   Passed    0.36 sec
[2023-04-06T14:24:04.710Z]             Start  21: testMergePrims
[2023-04-06T14:24:04.821Z]       5/129 Test  #19: testDiffComputeOverall ..........................   Passed    0.61 sec
[2023-04-06T14:24:04.821Z]             Start  22: testDiffMetadatas
[2023-04-06T14:24:04.821Z]       6/129 Test  #14: testDiffValues ..................................   Passed    4.70 sec
[2023-04-06T14:24:04.821Z]             Start  23: testUsdExportAnimation
[2023-04-06T14:24:04.822Z]       7/129 Test  #16: testDiffRelationships ...........................   Passed    4.60 sec
[2023-04-06T14:24:04.822Z]             Start  24: testUsdExportAsClip
[2023-04-06T14:24:04.935Z]       8/129 Test  #15: testDiffAttributes ..............................   Passed    4.66 sec
[2023-04-06T14:24:04.935Z]             Start  25: testUsdExportBindTransform
[2023-04-06T14:24:04.935Z]       9/129 Test  #20: testDiffPrims ...................................   Passed    0.50 sec
[2023-04-06T14:24:04.935Z]             Start  26: testUsdExportBlendshapes
[2023-04-06T14:24:04.935Z]      10/129 Test  #21: testMergePrims ..................................   Passed    0.50 sec
[2023-04-06T14:24:04.935Z]             Start  27: testUsdExportCamera
[2023-04-06T14:24:04.935Z]      11/129 Test  #22: testDiffMetadatas ...............................   Passed    0.19 sec
[2023-04-06T14:24:04.935Z]             Start  28: testUsdExportColorSets
[2023-04-06T14:24:30.998Z]      12/129 Test   #9: testPxrUsdPreviewSurfaceDraw ....................   Passed   30.93 sec
[2023-04-06T14:24:30.998Z]             Start  29: testUsdExportConnected
[2023-04-06T14:24:31.730Z]      13/129 Test  #11: testMayaUsdSchemasPythonImport ..................   Passed   31.62 sec
[2023-04-06T14:24:31.730Z]             Start  30: testUsdExportDisplayColor
[2023-04-06T14:24:31.730Z]      14/129 Test  #12: testMayaUsdSchemasMayaReference .................   Passed   31.66 sec
[2023-04-06T14:24:31.730Z]             Start  31: testUsdExportEulerFilter
[2023-04-06T14:24:32.044Z]      15/129 Test   #3: testMayaUsdPythonImport .........................   Passed   32.00 sec
[2023-04-06T14:24:32.044Z]             Start  32: testUsdExportFileFormat
[2023-04-06T14:24:32.376Z]      16/129 Test   #8: testMayaUsdPlugVersionCheck .....................   Passed   32.32 sec
[2023-04-06T14:24:32.376Z]             Start  33: testUsdExportFilterTypes
[2023-04-06T14:24:32.594Z]      17/129 Test   #5: testMayaUsdCacheId ..............................   Passed   32.52 sec
[2023-04-06T14:24:32.594Z]             Start  34: testUsdExportFrameOffset
[2023-04-06T14:24:32.594Z]      18/129 Test   #1: testMayaUsdConverter ............................   Passed   32.57 sec
[2023-04-06T14:24:32.594Z]             Start  35: testUsdExportGeomSubset
[2023-04-06T14:24:33.019Z]      19/129 Test  #23: testUsdExportAnimation ..........................   Passed   28.20 sec
[2023-04-06T14:24:33.019Z]             Start  36: testUsdExportInstances
[2023-04-06T14:24:33.343Z]      20/129 Test  #26: testUsdExportBlendshapes ........................   Passed   28.46 sec
[2023-04-06T14:24:33.343Z]             Start  37: testUsdExportLayerAttributes
[2023-04-06T14:24:33.343Z]      21/129 Test  #25: testUsdExportBindTransform ......................   Passed   28.49 sec
[2023-04-06T14:24:33.343Z]             Start  38: testUsdExportLight
[2023-04-06T14:24:34.987Z]      22/129 Test   #2: testMayaUsdCreateStageCommands ..................   Passed   34.99 sec
[2023-04-06T14:24:34.987Z]             Start  39: testUsdExportLocator
[2023-04-06T14:24:34.987Z]      23/129 Test   #4: testMayaUsdLayerEditorCommands ..................   Passed   34.98 sec
[2023-04-06T14:24:34.987Z]             Start  40: testUsdExportMayaInstancer
[2023-04-06T14:24:35.109Z]      24/129 Test  #27: testUsdExportCamera .............................   Passed   30.08 sec
[2023-04-06T14:24:35.109Z]             Start  41: testUsdExportMesh
[2023-04-06T14:24:35.109Z]      25/129 Test  #10: testPxrUsdPreviewSurfaceExport ..................   Passed   35.08 sec
[2023-04-06T14:24:35.109Z]             Start  42: testUsdExportNurbsCurve
[2023-04-06T14:24:35.352Z]      26/129 Test  #24: testUsdExportAsClip .............................   Passed   30.47 sec
[2023-04-06T14:24:35.352Z]             Start  43: testUsdExportOpenLayer
[2023-04-06T14:24:35.352Z]      27/129 Test  #29: testUsdExportConnected ..........................   Passed    4.36 sec
[2023-04-06T14:24:35.352Z]             Start  44: testUsdExportOverImport
[2023-04-06T14:24:35.577Z]      28/129 Test  #28: testUsdExportColorSets ..........................   Passed   30.59 sec
[2023-04-06T14:24:35.577Z]             Start  45: testUsdExportUsdPreviewSurface
[2023-04-06T14:24:36.124Z]      29/129 Test  #30: testUsdExportDisplayColor .......................   Passed    4.40 sec
[2023-04-06T14:24:36.124Z]             Start  46: testUsdExportParentScope
[2023-04-06T14:24:36.362Z]      30/129 Test  #32: testUsdExportFileFormat .........................   Passed    4.33 sec
[2023-04-06T14:24:36.362Z]             Start  47: testUsdExportParticles
[2023-04-06T14:24:36.362Z]      31/129 Test  #31: testUsdExportEulerFilter ........................   Passed    4.65 sec
[2023-04-06T14:24:36.362Z]             Start  48: testUsdExportPref
[2023-04-06T14:24:37.460Z]      32/129 Test  #35: testUsdExportGeomSubset .........................   Passed    4.83 sec
[2023-04-06T14:24:37.460Z]             Start  49: testUsdExportRenderLayerMode
[2023-04-06T14:24:37.588Z]      33/129 Test  #34: testUsdExportFrameOffset ........................   Passed    4.96 sec
[2023-04-06T14:24:37.588Z]             Start  50: testUsdExportRoots
[2023-04-06T14:24:37.588Z]      34/129 Test  #36: testUsdExportInstances ..........................   Passed    4.49 sec
[2023-04-06T14:24:37.588Z]             Start  51: testUsdExportRootsAndParentScope
[2023-04-06T14:24:37.588Z]      35/129 Test  #33: testUsdExportFilterTypes ........................   Passed    5.19 sec
[2023-04-06T14:24:37.588Z]             Start  52: testUsdExportSelection
[2023-04-06T14:24:37.588Z]      36/129 Test  #37: testUsdExportLayerAttributes ....................   Passed    4.25 sec
[2023-04-06T14:24:37.588Z]             Start  53: testUsdExportSelectionHierarchy
[2023-04-06T14:24:37.929Z]      37/129 Test  #38: testUsdExportLight ..............................   Passed    4.56 sec
[2023-04-06T14:24:37.929Z]             Start  54: testUsdExportSkeleton
[2023-04-06T14:24:39.631Z]      38/129 Test  #43: testUsdExportOpenLayer ..........................   Passed    4.22 sec
[2023-04-06T14:24:39.631Z]             Start  55: testUsdExportStripNamespaces
[2023-04-06T14:24:39.631Z]      39/129 Test  #44: testUsdExportOverImport .........................   Passed    4.29 sec
[2023-04-06T14:24:39.631Z]             Start  56: testUsdExportStroke
[2023-04-06T14:24:39.980Z]      40/129 Test  #39: testUsdExportLocator ............................   Passed    4.98 sec
[2023-04-06T14:24:39.980Z]             Start  57: testUsdExportUserTaggedAttributes
[2023-04-06T14:24:40.241Z]      41/129 Test  #42: testUsdExportNurbsCurve .........................   Passed    5.00 sec
[2023-04-06T14:24:40.241Z]             Start  58: testUsdExportVisibilityDefault
[2023-04-06T14:24:40.241Z]      42/129 Test  #41: testUsdExportMesh ...............................   Passed    5.13 sec
[2023-04-06T14:24:40.241Z]             Start  59: testUsdImportAnonymousLayer
[2023-04-06T14:24:40.241Z]      43/129 Test  #45: testUsdExportUsdPreviewSurface ..................   Passed    4.71 sec
[2023-04-06T14:24:40.241Z]             Start  60: testUsdImportCamera
[2023-04-06T14:24:40.805Z]      44/129 Test  #40: testUsdExportMayaInstancer ......................   Passed    5.70 sec
[2023-04-06T14:24:40.805Z]             Start  61: testUsdImportBasisCurves
[2023-04-06T14:24:40.938Z]      45/129 Test  #46: testUsdExportParentScope ........................   Passed    4.77 sec
[2023-04-06T14:24:40.938Z]             Start  62: testUsdImportBatchNurbsCurves
[2023-04-06T14:24:40.938Z]      46/129 Test  #47: testUsdExportParticles ..........................   Passed    4.56 sec
[2023-04-06T14:24:40.938Z]             Start  63: testUsdImportLinearCurves
[2023-04-06T14:24:41.697Z]      47/129 Test  #48: testUsdExportPref ...............................   Passed    5.22 sec
[2023-04-06T14:24:41.698Z]             Start  64: testUsdImportHighDegreeNurbsCurves
[2023-04-06T14:24:41.833Z]      48/129 Test  #49: testUsdExportRenderLayerMode ....................   Passed    4.41 sec
[2023-04-06T14:24:41.833Z]             Start  65: testUsdImportNurbsCurves
[2023-04-06T14:24:41.963Z]      49/129 Test  #51: testUsdExportRootsAndParentScope ................   Passed    4.44 sec
[2023-04-06T14:24:41.963Z]             Start  66: testUsdImportBatchBezierCurves
[2023-04-06T14:24:42.603Z]      50/129 Test  #52: testUsdExportSelection ..........................   Passed    5.04 sec
[2023-04-06T14:24:42.603Z]             Start  67: testUsdImportColorSets
[2023-04-06T14:24:42.733Z]      51/129 Test  #53: testUsdExportSelectionHierarchy .................   Passed    5.08 sec
[2023-04-06T14:24:42.733Z]             Start  68: testUsdImportDisplacement
[2023-04-06T14:24:43.806Z]      52/129 Test  #55: testUsdExportStripNamespaces ....................   Passed    4.25 sec
[2023-04-06T14:24:43.806Z]             Start  69: testUsdImportExportScope
[2023-04-06T14:24:44.133Z]      53/129 Test  #54: testUsdExportSkeleton ...........................   Passed    6.17 sec
[2023-04-06T14:24:44.133Z]             Start  70: testUsdImportExportTypelessDefs
[2023-04-06T14:24:44.133Z]      54/129 Test  #56: testUsdExportStroke .............................   Passed    4.47 sec
[2023-04-06T14:24:44.133Z]             Start  71: testUsdImportFrameRange
[2023-04-06T14:24:44.280Z]      55/129 Test  #59: testUsdImportAnonymousLayer .....................   Passed    4.04 sec
[2023-04-06T14:24:44.280Z]             Start  72: testUsdImportFramerates
[2023-04-06T14:24:44.433Z]      56/129 Test  #50: testUsdExportRoots ..............................   Passed    6.82 sec
[2023-04-06T14:24:44.433Z]             Start  73: testUsdImportInstances
[2023-04-06T14:24:44.887Z]      57/129 Test  #58: testUsdExportVisibilityDefault ..................   Passed    4.75 sec
[2023-04-06T14:24:44.887Z]             Start  74: testUsdImportLight
[2023-04-06T14:24:45.029Z]      58/129 Test  #60: testUsdImportCamera .............................   Passed    4.69 sec
[2023-04-06T14:24:45.029Z]             Start  75: testUsdImportMayaReference
[2023-04-06T14:24:45.029Z]      59/129 Test  #57: testUsdExportUserTaggedAttributes ...............   Passed    4.99 sec
[2023-04-06T14:24:45.029Z]             Start  76: testUsdImportMesh
[2023-04-06T14:24:45.789Z]      60/129 Test  #63: testUsdImportLinearCurves .......................   Passed    4.81 sec
[2023-04-06T14:24:45.789Z]             Start  77: testUsdImportPointCache
[2023-04-06T14:24:45.789Z]      61/129 Test  #61: testUsdImportBasisCurves ........................   Passed    5.10 sec
[2023-04-06T14:24:45.789Z]             Start  78: testUsdImportPreviewSurface
[2023-04-06T14:24:46.013Z]      62/129 Test  #62: testUsdImportBatchNurbsCurves ...................   Passed    5.11 sec
[2023-04-06T14:24:46.013Z]             Start  79: testUsdImportSessionLayer
[2023-04-06T14:24:46.159Z]      63/129 Test  #64: testUsdImportHighDegreeNurbsCurves ..............   Passed    4.47 sec
[2023-04-06T14:24:46.159Z]             Start  80: testUsdImportShadingModeDisplayColor
[2023-04-06T14:24:46.308Z]      64/129 Test  #65: testUsdImportNurbsCurves ........................   Passed    4.45 sec
[2023-04-06T14:24:46.308Z]             Start  81: testUsdImportShadingModePxrRis
[2023-04-06T14:24:46.308Z]      65/129 Test  #66: testUsdImportBatchBezierCurves ..................   Passed    4.30 sec
[2023-04-06T14:24:46.308Z]             Start  82: testUsdImportUVSetMappings
[2023-04-06T14:24:46.950Z]      66/129 Test  #68: testUsdImportDisplacement .......................   Passed    4.26 sec
[2023-04-06T14:24:46.950Z]             Start  83: testUsdImportUSDZTextures
[2023-04-06T14:24:46.950Z]      67/129 Test  #67: testUsdImportColorSets ..........................   Passed    4.37 sec
[2023-04-06T14:24:46.950Z]             Start  84: testUsdExportImportRoundtripPreviewSurface
[2023-04-06T14:24:48.098Z]      68/129 Test  #69: testUsdImportExportScope ........................   Passed    4.26 sec
[2023-04-06T14:24:48.098Z]             Start  85: testUsdImportSkeleton
[2023-04-06T14:24:48.354Z]      69/129 Test  #70: testUsdImportExportTypelessDefs .................   Passed    4.21 sec
[2023-04-06T14:24:48.354Z]             Start  86: testUsdImportXforms
[2023-04-06T14:24:48.476Z]      70/129 Test  #71: testUsdImportFrameRange .........................   Passed    4.32 sec
[2023-04-06T14:24:48.476Z]             Start  87: testUsdImportXformAnim
[2023-04-06T14:24:48.476Z]      71/129 Test  #72: testUsdImportFramerates .........................   Passed    4.29 sec
[2023-04-06T14:24:48.476Z]             Start  88: testUsdImportEulerFilter
[2023-04-06T14:24:48.936Z]      72/129 Test  #73: testUsdImportInstances ..........................   Passed    4.55 sec
[2023-04-06T14:24:48.936Z]             Start  89: testUsdMayaAdaptor
[2023-04-06T14:24:49.270Z]      73/129 Test  #74: testUsdImportLight ..............................   Passed    4.31 sec
[2023-04-06T14:24:49.270Z]             Start  90: testUsdMayaAdaptorGeom
[2023-04-06T14:24:49.271Z]      74/129 Test  #76: testUsdImportMesh ...............................   Passed    4.23 sec
[2023-04-06T14:24:49.271Z]             Start  91: testUsdMayaAdaptorMetadata
[2023-04-06T14:24:50.134Z]      75/129 Test  #77: testUsdImportPointCache .........................   Passed    4.34 sec
[2023-04-06T14:24:50.134Z]             Start  92: testUsdMayaAdaptorUndoRedo
[2023-04-06T14:24:50.134Z]      76/129 Test  #75: testUsdImportMayaReference ......................   Passed    5.12 sec
[2023-04-06T14:24:50.134Z]             Start  93: testUsdExportUVTransforms
[2023-04-06T14:24:50.134Z]      77/129 Test  #80: testUsdImportShadingModeDisplayColor ............   Passed    4.04 sec
[2023-04-06T14:24:50.134Z]             Start  94: testUsdExportUsdzPackage
[2023-04-06T14:24:50.134Z]      78/129 Test  #79: testUsdImportSessionLayer .......................   Passed    4.17 sec
[2023-04-06T14:24:50.134Z]             Start  95: testUsdImportRfMShaders
[2023-04-06T14:24:50.703Z]      79/129 Test  #81: testUsdImportShadingModePxrRis ..................   Passed    4.37 sec
[2023-04-06T14:24:50.703Z]             Start  96: testUsdExportDisplacement
[2023-04-06T14:24:50.703Z]      80/129 Test  #78: testUsdImportPreviewSurface .....................   Passed    4.84 sec
[2023-04-06T14:24:50.703Z]             Start  97: testUsdExportShadingInstanced
[2023-04-06T14:24:50.828Z]      81/129 Test  #82: testUsdImportUVSetMappings ......................   Passed    4.47 sec
[2023-04-06T14:24:50.828Z]             Start  98: testUsdExportShadingModePxrRis
[2023-04-06T14:24:51.419Z]      82/129 Test  #83: testUsdImportUSDZTextures .......................   Passed    4.43 sec
[2023-04-06T14:24:51.419Z]             Start  99: testUsdExportImportUDIM
[2023-04-06T14:24:51.959Z]      83/129 Test  #84: testUsdExportImportRoundtripPreviewSurface ......   Passed    5.02 sec
[2023-04-06T14:24:51.960Z]             Start 100: testUsdExportRfMShaders
[2023-04-06T14:24:52.590Z]      84/129 Test  #85: testUsdImportSkeleton ...........................   Passed    4.51 sec
[2023-04-06T14:24:52.590Z]             Start 101: testUsdExportUVSets
[2023-04-06T14:24:52.729Z]      85/129 Test  #87: testUsdImportXformAnim ..........................   Passed    4.26 sec
[2023-04-06T14:24:52.729Z]             Start 102: testUsdExportUVSetsFloat
[2023-04-06T14:24:52.961Z]      86/129 Test  #88: testUsdImportEulerFilter ........................   Passed    4.47 sec
[2023-04-06T14:24:52.961Z]             Start 103: testUsdExportUVSetMappings
[2023-04-06T14:24:53.106Z]      87/129 Test  #89: testUsdMayaAdaptor ..............................   Passed    4.15 sec
[2023-04-06T14:24:53.106Z]             Start 104: testUsdImportUVSets
[2023-04-06T14:24:53.342Z]      88/129 Test  #90: testUsdMayaAdaptorGeom ..........................   Passed    4.15 sec
[2023-04-06T14:24:53.342Z]             Start 105: testUsdImportUVSetsFloat
[2023-04-06T14:24:53.799Z]      89/129 Test  #91: testUsdMayaAdaptorMetadata ......................   Passed    4.60 sec
[2023-04-06T14:24:53.799Z]             Start 106: testUsdImportChaser
[2023-04-06T14:24:54.355Z]      90/129 Test  #92: testUsdMayaAdaptorUndoRedo ......................   Passed    4.25 sec
[2023-04-06T14:24:54.355Z]             Start 107: testUsdMayaListShadingModesCommand
[2023-04-06T14:24:54.495Z]      91/129 Test  #94: testUsdExportUsdzPackage ........................   Passed    4.30 sec
[2023-04-06T14:24:54.495Z]             Start 108: testUsdImportExportSiteSpecificConfig
[2023-04-06T14:24:54.633Z]      92/129 Test  #95: testUsdImportRfMShaders .........................   Passed    4.48 sec
[2023-04-06T14:24:54.633Z]             Start 109: testUsdExportAssembly
[2023-04-06T14:24:54.956Z]      93/129 Test  #93: testUsdExportUVTransforms .......................   Passed    4.88 sec
[2023-04-06T14:24:54.956Z]             Start 110: testUsdExportAssemblyEdits
[2023-04-06T14:24:55.498Z]      94/129 Test  #98: testUsdExportShadingModePxrRis ..................   Passed    4.68 sec
[2023-04-06T14:24:55.498Z]             Start 111: testUsdExportPackage
[2023-04-06T14:24:55.717Z]      95/129 Test  #97: testUsdExportShadingInstanced ...................   Passed    5.03 sec
[2023-04-06T14:24:55.717Z]             Start 112: testUsdExportPointInstancer
[2023-04-06T14:24:55.948Z]      96/129 Test  #96: testUsdExportDisplacement .......................   Passed    5.24 sec
[2023-04-06T14:24:55.948Z]             Start 113: testUsdImportAsAssemblies
[2023-04-06T14:24:56.184Z]      97/129 Test #100: testUsdExportRfMShaders .........................   Passed    4.12 sec
[2023-04-06T14:24:56.188Z]             Start 114: testUsdImportNestedAssemblyAnimation
[2023-04-06T14:24:56.748Z]      98/129 Test  #99: testUsdExportImportUDIM .........................   Passed    5.34 sec
[2023-04-06T14:24:56.748Z]             Start 115: testUsdMayaGetVariantSetSelections
[2023-04-06T14:24:57.307Z]      99/129 Test #101: testUsdExportUVSets .............................   Passed    4.69 sec
[2023-04-06T14:24:57.307Z]             Start 116: testUsdMayaModelKindProcessor
[2023-04-06T14:24:57.431Z]     100/129 Test #102: testUsdExportUVSetsFloat ........................   Passed    4.65 sec
[2023-04-06T14:24:57.431Z]             Start 117: testUsdMayaReferenceAssemblyEdits
[2023-04-06T14:24:57.431Z]     101/129 Test #104: testUsdImportUVSets .............................   Passed    4.40 sec
[2023-04-06T14:24:57.431Z]             Start 118: testUsdReferenceAssemblyChangeRepresentations
[2023-04-06T14:24:57.566Z]     102/129 Test #105: testUsdImportUVSetsFloat ........................   Passed    4.13 sec
[2023-04-06T14:24:57.566Z]             Start 119: testPxrUsdAlembicChaser
[2023-04-06T14:24:58.277Z]     103/129 Test #103: testUsdExportUVSetMappings ......................   Passed    5.18 sec
[2023-04-06T14:24:58.277Z]             Start 120: AL_MayaUtilsTests
[2023-04-06T14:24:58.397Z]     104/129 Test #106: testUsdImportChaser .............................   Passed    4.59 sec
[2023-04-06T14:24:58.397Z]             Start 121: GTest:AL_USDTransactionTests
[2023-04-06T14:24:58.654Z]     105/129 Test #107: testUsdMayaListShadingModesCommand ..............   Passed    4.28 sec
[2023-04-06T14:24:58.654Z]             Start 122: Python:AL_USDTransactionTests
[2023-04-06T14:24:58.654Z]     106/129 Test #121: GTest:AL_USDTransactionTests ....................   Passed    0.25 sec
[2023-04-06T14:24:58.654Z]             Start 123: AL_USDMayaTestPlugin
[2023-04-06T14:24:58.804Z]     107/129 Test #108: testUsdImportExportSiteSpecificConfig ...........   Passed    4.38 sec
[2023-04-06T14:24:58.804Z]             Start 124: TestALUSDMayaPython_ProxyShape
[2023-04-06T14:24:59.468Z]     108/129 Test #122: Python:AL_USDTransactionTests ...................   Passed    0.84 sec
[2023-04-06T14:24:59.468Z]             Start 125: TestALUSDMayaPython_Translators
[2023-04-06T14:24:59.715Z]     109/129 Test #109: testUsdExportAssembly ...........................   Passed    5.08 sec
[2023-04-06T14:24:59.715Z]             Start 126: TestALUSDMayaPython_LayerManager
[2023-04-06T14:24:59.954Z]     110/129 Test #110: testUsdExportAssemblyEdits ......................   Passed    4.91 sec
[2023-04-06T14:24:59.954Z]             Start 127: TestALUSDMayaPython_ImportModule
[2023-04-06T14:25:00.621Z]     111/129 Test #113: testUsdImportAsAssemblies .......................   Passed    4.67 sec
[2023-04-06T14:25:00.621Z]             Start 128: testMayaSchemas
[2023-04-06T14:25:00.872Z]     112/129 Test #128: testMayaSchemas .................................   Passed    0.29 sec
[2023-04-06T14:25:00.872Z]             Start 129: TestAdditionalTranslators
[2023-04-06T14:25:00.990Z]     113/129 Test #114: testUsdImportNestedAssemblyAnimation ............   Passed    4.83 sec
[2023-04-06T14:25:00.990Z]             Start 130: TestPxrUsdTranslators
[2023-04-06T14:25:00.990Z]     114/129 Test #111: testUsdExportPackage ............................   Passed    5.51 sec
[2023-04-06T14:25:01.106Z]     115/129 Test #127: TestALUSDMayaPython_ImportModule ................   Passed    1.20 sec
[2023-04-06T14:25:01.224Z]     116/129 Test #115: testUsdMayaGetVariantSetSelections ..............   Passed    4.42 sec
[2023-04-06T14:25:01.647Z]     117/129 Test #120: AL_MayaUtilsTests ...............................   Passed    3.48 sec
[2023-04-06T14:25:01.766Z]     118/129 Test #117: testUsdMayaReferenceAssemblyEdits ...............   Passed    4.36 sec
[2023-04-06T14:25:02.191Z]     119/129 Test #119: testPxrUsdAlembicChaser .........................   Passed    4.70 sec
[2023-04-06T14:25:02.304Z]     120/129 Test #118: testUsdReferenceAssemblyChangeRepresentations ...   Passed    4.87 sec
[2023-04-06T14:25:02.728Z]     121/129 Test #116: testUsdMayaModelKindProcessor ...................   Passed    5.43 sec
[2023-04-06T14:25:03.045Z]     122/129 Test #124: TestALUSDMayaPython_ProxyShape ..................   Passed    4.25 sec
[2023-04-06T14:25:03.870Z]     123/129 Test #126: TestALUSDMayaPython_LayerManager ................   Passed    4.11 sec
[2023-04-06T14:25:03.983Z]     124/129 Test #125: TestALUSDMayaPython_Translators .................   Passed    4.53 sec
[2023-04-06T14:25:04.710Z]     125/129 Test #130: TestPxrUsdTranslators ...........................   Passed    3.79 sec
[2023-04-06T14:25:06.549Z]     126/129 Test #129: TestAdditionalTranslators .......................***Failed    5.73 sec
[2023-04-06T14:25:06.549Z]     MAYA_DEBUG_NO_SAVE_ON_CRASH is set.
[2023-04-06T14:25:06.549Z]     testDirectionalLight_PluginIsFunctional (testTranslators.TestTranslator) ... ok
[2023-04-06T14:25:06.549Z]     testDirectionalLight_TranslateRoundTrip (testTranslators.TestTranslator) ... ok
[2023-04-06T14:25:06.549Z]     testDirectionalLight_TranslatorExists (testTranslators.TestTranslator) ... ok
[2023-04-06T14:25:06.549Z]     testFrameRange_FallbackIsFunctional (testTranslators.TestTranslator) ... ok
[2023-04-06T14:25:06.549Z]     testFrameRange_NoImpactIfNoFrameRange (testTranslators.TestTranslator) ... ok
[2023-04-06T14:25:06.549Z]     testFrameRange_OnlyCurrentFrame (testTranslators.TestTranslator) ... ok
[2023-04-06T14:25:06.549Z]     testFrameRange_PluginIsFunctional (testTranslators.TestTranslator) ... ok
[2023-04-06T14:25:06.549Z]     testFrameRange_TranslatorExists (testTranslators.TestTranslator) ... ok
[2023-04-06T14:25:06.549Z]     testMayaReference_PluginIsFunctional (testTranslators.TestTranslator) ... File read in  0.41 seconds.
[2023-04-06T14:25:06.549Z]     File read in  0.012 seconds.
[2023-04-06T14:25:06.549Z]     Warning: line 1: The namespace name '/test_cubeWithDefaultNamespace' contains illegal characters.  Truncating to 'test_cubeWithDefaultNamespace'.
[2023-04-06T14:25:06.549Z]     File read in  0.012 seconds.
[2023-04-06T14:25:06.549Z]     ok
[2023-04-06T14:25:06.549Z]     testMayaReference_RefKeepsRefEdits (testTranslators.TestTranslator)
[2023-04-06T14:25:06.549Z]     Tests that, even if the MayaReference is swapped for a pure-usda representation, refedits are preserved ... File read in  0.011 seconds.
[2023-04-06T14:25:06.549Z]     File read in  0.011 seconds.
[2023-04-06T14:25:06.549Z]     ok
[2023-04-06T14:25:06.549Z]     testMayaReference_RefLoading (testTranslators.TestTranslator)
[2023-04-06T14:25:06.549Z]     Test that Maya References are only loaded when they need to be. ... File read in  0.011 seconds.
[2023-04-06T14:25:06.549Z]     File read in  0.013 seconds.
[2023-04-06T14:25:06.549Z]     File read in  0.013 seconds.
[2023-04-06T14:25:06.549Z]     ok
[2023-04-06T14:25:06.549Z]     testMayaReference_SurvivesHierarchyChanges (testTranslators.TestTranslator) ... File read in  0.012 seconds.
[2023-04-06T14:25:06.549Z]     File read in  0.011 seconds.
[2023-04-06T14:25:06.549Z]     ok
[2023-04-06T14:25:06.549Z]     testMayaReference_TranslatorExists (testTranslators.TestTranslator) ... ok
[2023-04-06T14:25:06.549Z]     testMayaReference_TranslatorImport (testTranslators.TestTranslator) ... File read in  0.012 seconds.
[2023-04-06T14:25:06.549Z]     File read in  0.012 seconds.
[2023-04-06T14:25:06.549Z]     Warning: line 1: The namespace name '/test_cubeWithDefaultNamespace' contains illegal characters.  Truncating to 'test_cubeWithDefaultNamespace'.
[2023-04-06T14:25:06.549Z]     File read in  0.012 seconds.
[2023-04-06T14:25:06.549Z]     ok
[2023-04-06T14:25:06.549Z]     testMeshTranslator_multipleTranslations (testTranslators.TestTranslator) ... ok
[2023-04-06T14:25:06.549Z]     testMeshTranslator_variantswitch (testTranslators.TestTranslator) ... ok
[2023-04-06T14:25:06.549Z]     testMesh_PretearDownEditTargetWrite (testTranslators.TestTranslator) ... ok
[2023-04-06T14:25:06.549Z]     testMesh_TranslateOff (testTranslators.TestTranslator) ... ok
[2023-04-06T14:25:06.549Z]     testMesh_TranslateRoundTrip (testTranslators.TestTranslator) ... ok
[2023-04-06T14:25:06.549Z]     testMesh_TranslatorExists (testTranslators.TestTranslator) ... ok
[2023-04-06T14:25:06.549Z]     testMesh_testTranslateOn (testTranslators.TestTranslator) ... ok
[2023-04-06T14:25:06.549Z]     testMultipleColorSetsExportImport (testTranslators.TestTranslator)
[2023-04-06T14:25:06.549Z]     Testing static export/import multiple color sets ... ('tempFile ', 'w:\\build\\relwithdebinfo\\test\\temporary\\testadditionaltranslators\\test_MeshTranslator_a3fkei.usda')
[2023-04-06T14:25:06.549Z]     ('tempFile ', 'w:\\build\\relwithdebinfo\\test\\temporary\\testadditionaltranslators\\test_MeshTranslator_ttdath.usda')
[2023-04-06T14:25:06.549Z]     ('tempFile ', 'w:\\build\\relwithdebinfo\\test\\temporary\\testadditionaltranslators\\test_MeshTranslator_0lkmy7.usda')
[2023-04-06T14:25:06.549Z]     Breakdown for file: w:/build/relwithdebinfo/test/temporary/testadditionaltranslators/tempTestMultiColorSetsExportusmcck.usda
[2023-04-06T14:25:06.549Z]     
[2023-04-06T14:25:06.549Z]     File read in  0.01 seconds.
[2023-04-06T14:25:06.549Z]     ok
[2023-04-06T14:25:06.549Z]     testNurbsCurve_PretearDownEditTargetWrite (testTranslators.TestTranslator) ... circle -c 0 0 0 -nr 0 1 0 -sw 360 -r 1 -d 3 -ut 0 -tol 0 -s 8 -ch 1; objectMoveCommand;
[2023-04-06T14:25:06.549Z]     ok
[2023-04-06T14:25:06.549Z]     testNurbsCurve_TranslateOff (testTranslators.TestTranslator) ... circle -c 0 0 0 -nr 0 1 0 -sw 360 -r 1 -d 3 -ut 0 -tol 0 -s 8 -ch 1; objectMoveCommand;
[2023-04-06T14:25:06.549Z]     ok
[2023-04-06T14:25:06.549Z]     testNurbsCurve_TranslateRoundTrip (testTranslators.TestTranslator) ... circle -c 0 0 0 -nr 0 1 0 -sw 360 -r 1 -d 3 -ut 0 -tol 0 -s 8 -ch 1; objectMoveCommand;
[2023-04-06T14:25:06.549Z]     ok
[2023-04-06T14:25:06.549Z]     testNurbsCurve_TranslatorExists (testTranslators.TestTranslator) ... ok
[2023-04-06T14:25:06.549Z]     testNurbsCurve_curve_width_double_export (testTranslators.TestTranslator) ... circle -c 0 0 0 -nr 0 1 0 -sw 360 -r 1 -d 3 -ut 0 -tol 0 -s 8 -ch 1; objectMoveCommand;
[2023-04-06T14:25:06.549Z]     ok
[2023-04-06T14:25:06.549Z]     testNurbsCurve_curve_width_doublearray_export (testTranslators.TestTranslator) ... circle -c 0 0 0 -nr 0 1 0 -sw 360 -r 1 -d 3 -ut 0 -tol 0 -s 8 -ch 1; objectMoveCommand;
[2023-04-06T14:25:06.549Z]     Unhandled typed attribute: nurbsCircleShape1 nurbsCurve
[2023-04-06T14:25:06.549Z]     ok
[2023-04-06T14:25:06.549Z]     testNurbsCurve_curve_width_doublearrayempty_export (testTranslators.TestTranslator) ... circle -c 0 0 0 -nr 0 1 0 -sw 360 -r 1 -d 3 -ut 0 -tol 0 -s 8 -ch 1; objectMoveCommand;
[2023-04-06T14:25:06.549Z]     Unhandled typed attribute: nurbsCircleShape1 nurbsCurve
[2023-04-06T14:25:06.549Z]     ok
[2023-04-06T14:25:06.549Z]     testNurbsCurve_curve_width_float_export (testTranslators.TestTranslator) ... circle -c 0 0 0 -nr 0 1 0 -sw 360 -r 1 -d 3 -ut 0 -tol 0 -s 8 -ch 1; objectMoveCommand;
[2023-04-06T14:25:06.549Z]     ok
[2023-04-06T14:25:06.549Z]     testNurbsCurve_curve_width_floatarray_export (testTranslators.TestTranslator) ... circle -c 0 0 0 -nr 0 1 0 -sw 360 -r 1 -d 3 -ut 0 -tol 0 -s 8 -ch 1; objectMoveCommand;
[2023-04-06T14:25:06.549Z]     Unhandled typed attribute: nurbsCircleShape1 nurbsCurve
[2023-04-06T14:25:06.549Z]     ok
[2023-04-06T14:25:06.549Z]     testNurbsCurve_curve_width_floatarrayempty_export (testTranslators.TestTranslator) ... circle -c 0 0 0 -nr 0 1 0 -sw 360 -r 1 -d 3 -ut 0 -tol 0 -s 8 -ch 1; objectMoveCommand;
[2023-04-06T14:25:06.549Z]     Unhandled typed attribute: nurbsCircleShape1 nurbsCurve
[2023-04-06T14:25:06.549Z]     ok
[2023-04-06T14:25:06.549Z]     testNurbsCurve_curve_width_none_export (testTranslators.TestTranslator) ... circle -c 0 0 0 -nr 0 1 0 -sw 360 -r 1 -d 3 -ut 0 -tol 0 -s 8 -ch 1; objectMoveCommand;
[2023-04-06T14:25:06.549Z]     ok
[2023-04-06T14:25:06.549Z]     testNurbsCurve_testTranslateOn (testTranslators.TestTranslator) ... circle -c 0 0 0 -nr 0 1 0 -sw 360 -r 1 -d 3 -ut 0 -tol 0 -s 8 -ch 1; objectMoveCommand;
[2023-04-06T14:25:06.549Z]     ok
[2023-04-06T14:25:06.549Z]     testTranslatedPrimDeactiveClearIssue (testTranslators.TestTranslator) ... File read in  0.012 seconds.
[2023-04-06T14:25:06.549Z]     ok
[2023-04-06T14:25:06.549Z]     testTranslatedPrimDeactiveCrashIssue (testTranslators.TestTranslator) ... File read in  0.012 seconds.
[2023-04-06T14:25:06.549Z]     ok
[2023-04-06T14:25:06.549Z]     testUSDSpecNurbsCurveExportImport (testTranslators.TestTranslator)
[2023-04-06T14:25:06.549Z]     Testing exporting maya nurbsCurves in USD's curve spec, and importing USD curve spec in Maya ... circle -c 0 0 0 -nr 0 1 0 -sw 360 -r 1 -d 3 -ut 0 -tol 0 -s 8 -ch 1; objectMoveCommand;
[2023-04-06T14:25:06.549Z]     Runtime Error: in WriteToFile at line 340 of S:\jenkins\workspace\ecg-usd-full-windows\ecg-usd-build\usd\pxr\usd\sdf\textFileFormat.cpp -- Failed to rename temporary file 'w:\build\relwithdebinfo\test\temporary\testadditionaltranslators/test_USDNurbsCurveExportImport_ldkqm9.lxdbx6' to 'w:\build\relwithdebinfo\test\temporary\testadditionaltranslators\test_USDNurbsCurveExportImport_ldkqm9.usda': Access is denied.
[2023-04-06T14:25:06.549Z]     
[2023-04-06T14:25:06.549Z]     ERROR
[2023-04-06T14:25:06.549Z]     
[2023-04-06T14:25:06.549Z]     ======================================================================
[2023-04-06T14:25:06.549Z]     ERROR: testUSDSpecNurbsCurveExportImport (testTranslators.TestTranslator)
[2023-04-06T14:25:06.549Z]     Testing exporting maya nurbsCurves in USD's curve spec, and importing USD curve spec in Maya
[2023-04-06T14:25:06.549Z]     ----------------------------------------------------------------------
[2023-04-06T14:25:06.549Z]     Traceback (most recent call last):
[2023-04-06T14:25:06.549Z]       File "S:\jenkins\workspace\ECP\ecg-maya-usd\ecg-mayausd-branch-preflight-2019-no-ufe-windows\ecg-maya-usd\maya-usd\plugin\al\translators\tests\testTranslators.py", line 836, in testUSDSpecNurbsCurveExportImport
[2023-04-06T14:25:06.549Z]         stage = Usd.Stage.Open(tempFile.name)
[2023-04-06T14:25:06.549Z]     ErrorException:
[2023-04-06T14:25:06.549Z]     	Error in 'pxrInternal_v0_21__pxrReserved__::ArFilesystemAsset::Read' at line 83 in file S:\jenkins\workspace\ecg-usd-full-windows\ecg-usd-build\usd\pxr\usd\ar\filesystemAsset.cpp : 'Error occurred reading file: No such file or directory'
[2023-04-06T14:25:06.549Z]     	Error in 'pxrInternal_v0_21__pxrReserved__::SdfTextFileFormat::Read' at line 167 in file S:\jenkins\workspace\ecg-usd-full-windows\ecg-usd-build\usd\pxr\usd\sdf\textFileFormat.cpp : '<w:\build\relwithdebinfo\test\temporary\testadditionaltranslators\test_USDNurbsCurveExportImport_ldkqm9.usda> is not a valid usda layer'
[2023-04-06T14:25:06.549Z]     	Error in 'pxrInternal_v0_21__pxrReserved__::UsdStage::Open' at line 853 in file S:\jenkins\workspace\ecg-usd-full-windows\ecg-usd-build\usd\pxr\usd\usd\stage.cpp : 'Failed to open layer @w:\build\relwithdebinfo\test\temporary\testadditionaltranslators\test_USDNurbsCurveExportImport_ldkqm9.usda@'
[2023-04-06T14:25:06.549Z]     
[2023-04-06T14:25:06.549Z]     ----------------------------------------------------------------------
[2023-04-06T14:25:06.549Z]     Ran 37 tests in 1.592s
[2023-04-06T14:25:06.549Z]     
[2023-04-06T14:25:06.549Z]     FAILED (errors=1)
[2023-04-06T14:25:06.549Z]     Warning: Plug-in, "AL_USDMayaPlugin.mll", is already loaded.  Skipped.
[2023-04-06T14:25:06.549Z]     ........File read in  0.011 seconds.
[2023-04-06T14:25:06.549Z]     File read in  0.011 seconds.
[2023-04-06T14:25:06.549Z]     Warning: line 1: The namespace name '/test_cubeWithDefaultNamespace' contains illegal characters.  Truncating to 'test_cubeWithDefaultNamespace'.
[2023-04-06T14:25:06.549Z]     File read in  0.01 seconds.
[2023-04-06T14:25:06.549Z]     .File read in  0.011 seconds.
[2023-04-06T14:25:06.549Z]     File read in  0.011 seconds.
[2023-04-06T14:25:06.549Z]     .File read in  0.012 seconds.
[2023-04-06T14:25:06.549Z]     File read in  0.012 seconds.
[2023-04-06T14:25:06.549Z]     File read in  0.011 seconds.
[2023-04-06T14:25:06.549Z]     .File read in  0.012 seconds.
[2023-04-06T14:25:06.549Z]     File read in  0.011 seconds.
[2023-04-06T14:25:06.549Z]     ..File read in  0.011 seconds.
[2023-04-06T14:25:06.549Z]     File read in  0.012 seconds.
[2023-04-06T14:25:06.549Z]     Warning: line 1: The namespace name '/test_cubeWithDefaultNamespace' contains illegal characters.  Truncating to 'test_cubeWithDefaultNamespace'.
[2023-04-06T14:25:06.549Z]     File read in  0.011 seconds.
[2023-04-06T14:25:06.549Z]     ........('tempFile ', 'w:\\build\\relwithdebinfo\\test\\temporary\\testadditionaltranslators\\test_MeshTranslator_9qa_s5.usda')
[2023-04-06T14:25:06.549Z]     ('tempFile ', 'w:\\build\\relwithdebinfo\\test\\temporary\\testadditionaltranslators\\test_MeshTranslator_kejiil.usda')
[2023-04-06T14:25:06.549Z]     ('tempFile ', 'w:\\build\\relwithdebinfo\\test\\temporary\\testadditionaltranslators\\test_MeshTranslator_b1ajsw.usda')
[2023-04-06T14:25:06.549Z]     Breakdown for file: w:/build/relwithdebinfo/test/temporary/testadditionaltranslators/tempTestMultiColorSetsExporto_mwdo.usda
[2023-04-06T14:25:06.549Z]     
[2023-04-06T14:25:06.549Z]     File read in  0.013 seconds.
[2023-04-06T14:25:06.549Z]     .circle -c 0 0 0 -nr 0 1 0 -sw 360 -r 1 -d 3 -ut 0 -tol 0 -s 8 -ch 1; objectMoveCommand;
[2023-04-06T14:25:06.549Z]     .circle -c 0 0 0 -nr 0 1 0 -sw 360 -r 1 -d 3 -ut 0 -tol 0 -s 8 -ch 1; objectMoveCommand;
[2023-04-06T14:25:06.549Z]     .circle -c 0 0 0 -nr 0 1 0 -sw 360 -r 1 -d 3 -ut 0 -tol 0 -s 8 -ch 1; objectMoveCommand;
[2023-04-06T14:25:06.549Z]     ..circle -c 0 0 0 -nr 0 1 0 -sw 360 -r 1 -d 3 -ut 0 -tol 0 -s 8 -ch 1; objectMoveCommand;
[2023-04-06T14:25:06.549Z]     .circle -c 0 0 0 -nr 0 1 0 -sw 360 -r 1 -d 3 -ut 0 -tol 0 -s 8 -ch 1; objectMoveCommand;
[2023-04-06T14:25:06.549Z]     Unhandled typed attribute: nurbsCircleShape1 nurbsCurve
[2023-04-06T14:25:06.549Z]     .circle -c 0 0 0 -nr 0 1 0 -sw 360 -r 1 -d 3 -ut 0 -tol 0 -s 8 -ch 1; objectMoveCommand;
[2023-04-06T14:25:06.549Z]     Unhandled typed attribute: nurbsCircleShape1 nurbsCurve
[2023-04-06T14:25:06.549Z]     .circle -c 0 0 0 -nr 0 1 0 -sw 360 -r 1 -d 3 -ut 0 -tol 0 -s 8 -ch 1; objectMoveCommand;
[2023-04-06T14:25:06.549Z]     .circle -c 0 0 0 -nr 0 1 0 -sw 360 -r 1 -d 3 -ut 0 -tol 0 -s 8 -ch 1; objectMoveCommand;
[2023-04-06T14:25:06.549Z]     Unhandled typed attribute: nurbsCircleShape1 nurbsCurve
[2023-04-06T14:25:06.549Z]     .circle -c 0 0 0 -nr 0 1 0 -sw 360 -r 1 -d 3 -ut 0 -tol 0 -s 8 -ch 1; objectMoveCommand;
[2023-04-06T14:25:06.549Z]     Unhandled typed attribute: nurbsCircleShape1 nurbsCurve
[2023-04-06T14:25:06.549Z]     .circle -c 0 0 0 -nr 0 1 0 -sw 360 -r 1 -d 3 -ut 0 -tol 0 -s 8 -ch 1; objectMoveCommand;
[2023-04-06T14:25:06.549Z]     .circle -c 0 0 0 -nr 0 1 0 -sw 360 -r 1 -d 3 -ut 0 -tol 0 -s 8 -ch 1; objectMoveCommand;
[2023-04-06T14:25:06.549Z]     .File read in  0.014 seconds.
[2023-04-06T14:25:06.549Z]     .File read in  0.012 seconds.
[2023-04-06T14:25:06.549Z]     .circle -c 0 0 0 -nr 0 1 0 -sw 360 -r 1 -d 3 -ut 0 -tol 0 -s 8 -ch 1; objectMoveCommand;
[2023-04-06T14:25:06.549Z]     Runtime Error: in WriteToFile at line 340 of S:\jenkins\workspace\ecg-usd-full-windows\ecg-usd-build\usd\pxr\usd\sdf\textFileFormat.cpp -- Failed to rename temporary file 'w:\build\relwithdebinfo\test\temporary\testadditionaltranslators/test_USDNurbsCurveExportImport_clwpmh.cvidhe' to 'w:\build\relwithdebinfo\test\temporary\testadditionaltranslators\test_USDNurbsCurveExportImport_clwpmh.usda': Access is denied.
[2023-04-06T14:25:06.549Z]     
[2023-04-06T14:25:06.549Z]     E
[2023-04-06T14:25:06.549Z]     ======================================================================
[2023-04-06T14:25:06.549Z]     ERROR: testUSDSpecNurbsCurveExportImport (testTranslators.TestTranslator)
[2023-04-06T14:25:06.549Z]     Testing exporting maya nurbsCurves in USD's curve spec, and importing USD curve spec in Maya
[2023-04-06T14:25:06.549Z]     ----------------------------------------------------------------------
[2023-04-06T14:25:06.549Z]     Traceback (most recent call last):
[2023-04-06T14:25:06.549Z]       File "S:\jenkins\workspace\ECP\ecg-maya-usd\ecg-mayausd-branch-preflight-2019-no-ufe-windows\ecg-maya-usd\maya-usd\plugin\al\translators\tests\testTranslators.py", line 836, in testUSDSpecNurbsCurveExportImport
[2023-04-06T14:25:06.549Z]         stage = Usd.Stage.Open(tempFile.name)
[2023-04-06T14:25:06.549Z]     ErrorException:
[2023-04-06T14:25:06.549Z]     	Error in 'pxrInternal_v0_21__pxrReserved__::ArFilesystemAsset::Read' at line 83 in file S:\jenkins\workspace\ecg-usd-full-windows\ecg-usd-build\usd\pxr\usd\ar\filesystemAsset.cpp : 'Error occurred reading file: No such file or directory'
[2023-04-06T14:25:06.549Z]     	Error in 'pxrInternal_v0_21__pxrReserved__::SdfTextFileFormat::Read' at line 167 in file S:\jenkins\workspace\ecg-usd-full-windows\ecg-usd-build\usd\pxr\usd\sdf\textFileFormat.cpp : '<w:\build\relwithdebinfo\test\temporary\testadditionaltranslators\test_USDNurbsCurveExportImport_clwpmh.usda> is not a valid usda layer'
[2023-04-06T14:25:06.549Z]     	Error in 'pxrInternal_v0_21__pxrReserved__::UsdStage::Open' at line 853 in file S:\jenkins\workspace\ecg-usd-full-windows\ecg-usd-build\usd\pxr\usd\usd\stage.cpp : 'Failed to open layer @w:\build\relwithdebinfo\test\temporary\testadditionaltranslators\test_USDNurbsCurveExportImport_clwpmh.usda@'
[2023-04-06T14:25:06.549Z]     
[2023-04-06T14:25:06.549Z]     ----------------------------------------------------------------------
[2023-04-06T14:25:06.549Z]     Ran 37 tests in 0.809s
[2023-04-06T14:25:06.549Z]     
[2023-04-06T14:25:06.549Z]     FAILED (errors=1)
[2023-04-06T14:25:06.549Z]     
[2023-04-06T14:25:19.836Z]     127/129 Test #123: AL_USDMayaTestPlugin ............................   Passed   21.18 sec
[2023-04-06T14:25:26.948Z]     128/129 Test #112: testUsdExportPointInstancer .....................   Passed   31.28 sec
[2023-04-06T14:26:03.250Z]     129/129 Test  #86: testUsdImportXforms .............................   Passed   74.94 sec
[2023-04-06T14:26:03.250Z]     
[2023-04-06T14:26:03.250Z]     99% tests passed, 1 tests failed out of 128
[2023-04-06T14:26:03.250Z]     
[2023-04-06T14:26:03.250Z]     Label Time Summary:
[2023-04-06T14:26:03.250Z]     Debugging            =   0.00 sec*proc (1 test)
[2023-04-06T14:26:03.250Z]     MayaUsd              = 199.39 sec*proc (6 tests)
[2023-04-06T14:26:03.250Z]     translators          = 617.59 sec*proc (86 tests)
[2023-04-06T14:26:03.250Z]     usdPreviewSurface    =  66.01 sec*proc (2 tests)
[2023-04-06T14:26:03.250Z]     
[2023-04-06T14:26:03.250Z]     Total Test time (real) = 124.16 sec
[2023-04-06T14:26:03.250Z]     
[2023-04-06T14:26:03.250Z]     The following tests did not run:
[2023-04-06T14:26:03.250Z]     	  7 - _Interactive_Maya (Disabled)
[2023-04-06T14:26:03.250Z]     
[2023-04-06T14:26:03.250Z]     The following tests FAILED:
[2023-04-06T14:26:03.250Z]     	129 - TestAdditionalTranslators (Failed)
[2023-04-06T14:26:03.250Z]     Errors while running CTest
[2023-04-06T14:26:03.250Z]     
[2023-04-06T14:26:03.250Z]         Building with settings:
[2023-04-06T14:26:03.250Z]           Source directory          S:\jenkins\workspace\ECP\ecg-maya-usd\ecg-mayausd-branch-preflight-2019-no-ufe-windows\ecg-maya-usd\maya-usd
[2023-04-06T14:26:03.250Z]           Workspace directory       W:\
[2023-04-06T14:26:03.250Z]           Build directory           W:\build\RelWithDebInfo
[2023-04-06T14:26:03.250Z]           Install directory         W:\install\RelWithDebInfo\MayaUSD
[2023-04-06T14:26:03.250Z]           Variant                   RelWithDebInfo
[2023-04-06T14:26:03.250Z]           Python Debug              Off
[2023-04-06T14:26:03.250Z]           CMake generator           Ninja
[2023-04-06T14:26:03.250Z]           Build arguments           ['-DCMAKE_MAKE_PROGRAM=P:/shared/Artifactory/Windows/ninja/1.9.0/c68f192/ninja.exe', '-DPYTHON_INCLUDE_DIR=P:/shared/Artifactory/Windows/rundev-2019/202003131251/runtime/155eb96/runTime/include/Python2.7', '-DPython_EXECUTABLE=P:/shared/Artifactory/Windows/rundev-2019/202003131251/runtime/155eb96/runTime/bin/mayapy.exe', '-DPYTHON_LIBRARIES=P:/shared/Artifactory/Windows/rundev-2019/202003131251/runtime/155eb96/runTime/lib/python27.lib', '-DCMAKE_WANT_UFE_BUILD=OFF', '-DUSD_LIB_PREFIX=', '-DBUILD_HDMAYA=OFF']
[2023-04-06T14:26:03.250Z]           Stages arguments          ['test']
[2023-04-06T14:26:03.250Z]           CTest arguments           ['-E testUsdReferenceAssemblySelection|testUsdMayaAppDir', '-LE interactive', '--parallel 16']
[2023-04-06T14:26:03.250Z]     #####################################################################################
[2023-04-06T14:26:03.250Z]     log date: 2023-04-06 07:23
[2023-04-06T14:26:03.250Z]     commit sha: cc4154795c25e50152ce0edd22ad86275a0eade9
[2023-04-06T14:26:03.250Z]     commit date: Thu Apr 6 07:16:52 2023 -0700
[2023-04-06T14:26:03.250Z]     #####################################################################################
[2023-04-06T14:26:03.250Z]     
[2023-04-06T14:26:03.250Z]     cmake --build . --config RelWithDebInfo --target install -- -j16
[2023-04-06T14:26:03.250Z]     #####################################################################################
[2023-04-06T14:26:03.250Z]     log date: 2023-04-06 07:23
[2023-04-06T14:26:03.250Z]     commit sha: cc4154795c25e50152ce0edd22ad86275a0eade9
[2023-04-06T14:26:03.250Z]     commit date: Thu Apr 6 07:16:52 2023 -0700
[2023-04-06T14:26:03.250Z]     #####################################################################################
[2023-04-06T14:26:03.250Z]     
[2023-04-06T14:26:03.250Z]     ctest --output-on-failure --timeout 500 -C RelWithDebInfo -E testUsdReferenceAssemblySelection|testUsdMayaAppDir -LE interactive --parallel 16
[2023-04-06T14:26:03.250Z]     
[2023-04-06T14:26:03.250Z]     Traceback (most recent call last):
[2023-04-06T14:26:03.250Z]       File "S:\jenkins\workspace\ECP\ecg-maya-usd\ecg-mayausd-branch-preflight-2019-no-ufe-windows\ecg-maya-usd\maya-usd\build.py", line 641, in <module>
[2023-04-06T14:26:03.250Z]         RunTests(context, context.ctestArgs)
[2023-04-06T14:26:03.250Z]       File "S:\jenkins\workspace\ECP\ecg-maya-usd\ecg-mayausd-branch-preflight-2019-no-ufe-windows\ecg-maya-usd\maya-usd\build.py", line 416, in RunTests
[2023-04-06T14:26:03.250Z]         RunCTest(context,extraArgs)
[2023-04-06T14:26:03.250Z]       File "S:\jenkins\workspace\ECP\ecg-maya-usd\ecg-mayausd-branch-preflight-2019-no-ufe-windows\ecg-maya-usd\maya-usd\build.py", line 322, in RunCTest
[2023-04-06T14:26:03.250Z]         extraArgs=(" ".join(extraArgs) if extraArgs else "")))
[2023-04-06T14:26:03.250Z]       File "S:\jenkins\workspace\ECP\ecg-maya-usd\ecg-mayausd-branch-preflight-2019-no-ufe-windows\ecg-maya-usd\maya-usd\build.py", line 179, in Run
[2023-04-06T14:26:03.250Z]         .format(cmd=cmd, log=os.path.abspath(context.logFileLocation)))
[2023-04-06T14:26:03.250Z]     RuntimeError: Failed to run 'ctest --output-on-failure --timeout 500 -C RelWithDebInfo -E testUsdReferenceAssemblySelection|testUsdMayaAppDir -LE interactive --parallel 16 '
[2023-04-06T14:26:03.250Z]     See W:\build\RelWithDebInfo\build_log.txt for more details.
[2023-04-06T14:26:03.360Z] build.py: error: Command failed with error code: 1
[Pipeline] bat
[2023-04-06T14:26:03.674Z] Deleting alias drive W:
[Pipeline] bat
[2023-04-06T14:26:04.148Z] Deleting alias drive P:
[Pipeline] }
[Pipeline] // withEnv
[Pipeline] }
[Pipeline] // timeout
[Pipeline] }
[Pipeline] // stage
[Pipeline] }
[Pipeline] // timestamps
[Pipeline] emailextrecipients
Not sending mail to unregistered user ecg.jenkins@autodesk.com because your SCM claimed this was associated with a user ID ecg.jenkins' which your security realm does not recognize; you may need changes in your SCM plugin
Not sending mail to unregistered user ecg.jenkins@autodesk.com because your SCM claimed this was associated with a user ID ecg.jenkins' which your security realm does not recognize; you may need changes in your SCM plugin
[Pipeline] echo
No recipients to send notification.
[Pipeline] }
[Pipeline] // node
[Pipeline] End of Pipeline
ERROR: script returned exit code 1
[Checks API] No suitable checks publisher found.
Finished: FAILURE
