[2023-04-06T14:17:42.772Z] ================================================================================
[2023-04-06T14:17:42.772Z]                              setup (RelWithDebInfo)
[2023-04-06T14:17:42.772Z] ================================================================================
[Pipeline] }
[Pipeline] // withEnv
[Pipeline] }
[Pipeline] // timeout
[Pipeline] }
[Pipeline] // stage
[Pipeline] }
[Pipeline] // timestamps
[Pipeline] timestamps
[Pipeline] {
[Pipeline] stage
[Pipeline] { (Clean)
[Pipeline] timeout
[2023-04-06T14:17:42.974Z] Timeout set to expire in 6 hr 0 min
[Pipeline] {
[Pipeline] withEnv
[Pipeline] {
[Pipeline] sh
[2023-04-06T14:17:44.097Z] + python ecg-maya-usd/build.py --stages=clean --workspace-dir=/local/S/jenkins/workspace/ECP/ecg-maya-usd/ecg-mayausd-branch-preflight-2020-osx --artifactory-dir=/local/S/jenkins/workspace/shared/Artifactory --build-dir=/local/S/jenkins/workspace/ECP/ecg-maya-usd/ecg-mayausd-branch-preflight-2020-osx/build --install-dir=/local/S/jenkins/workspace/ECP/ecg-maya-usd/ecg-mayausd-branch-preflight-2020-osx/install --signing-dir=/local/S/jenkins/workspace/ECP/ecg-maya-usd/ecg-mayausd-branch-preflight-2020-osx/signing --package-dir=/local/S/jenkins/workspace/ECP/ecg-maya-usd/ecg-mayausd-branch-preflight-2020-osx/package --output-dir=/local/S/jenkins/workspace/ECP/ecg-maya-usd/ecg-mayausd-branch-preflight-2020-osx/output --stash-dir=/local/S/jenkins/workspace/ECP/ecg-maya-usd/ecg-mayausd-branch-preflight-2020-osx/stash --jenkins-build=830 --git-commit=a8fa22c6f13696b4ec78dd9d6c429e0c7430f14d --git-branch=master --variants=RelWithDebInfo --python=2.7 --post-zips=false --maya-cut-config=maya-rundev-2020.yaml --maya-package=rundev-2020 --stage-banner
[2023-04-06T14:17:44.844Z] No catalog entry registered for tbb-4.4u5-ub2.
[2023-04-06T14:17:44.844Z] Using Maya cut from /local/S/jenkins/workspace/shared/Artifactory/OSX/rundev-2020/202107140359/runtime/446214e
[2023-04-06T14:17:44.844Z] 
[2023-04-06T14:17:44.844Z] ================================================================================
[2023-04-06T14:17:44.844Z]                              clean (RelWithDebInfo)
[2023-04-06T14:17:44.844Z] ================================================================================
[2023-04-06T14:17:44.844Z] Maya Python RelWithDebInfo Info:
[2023-04-06T14:17:44.844Z]   mayapy executable   = /local/S/jenkins/workspace/shared/Artifactory/OSX/rundev-2020/202107140359/runtime/446214e/runTime/Maya.app/Contents/bin/mayapy
[2023-04-06T14:17:44.844Z]   Include Folder      = /local/S/jenkins/workspace/shared/Artifactory/OSX/rundev-2020/202107140359/runtime/446214e/runTime/Maya.app/Contents/Frameworks/Python.framework/Versions/Current/include/python2.7
[2023-04-06T14:17:44.844Z]   Library             = /local/S/jenkins/workspace/shared/Artifactory/OSX/rundev-2020/202107140359/runtime/446214e/runTime/Maya.app/Contents/Frameworks/Python.framework/Versions/Current/lib/libpython2.7.dylib
[2023-04-06T14:17:44.844Z]   site-package Folder = /local/S/jenkins/workspace/shared/Artifactory/OSX/rundev-2020/202107140359/runtime/446214e/runTime/Maya.app/Contents/Frameworks/Python.framework/Versions/Current/lib/python2.7/site-packages
[2023-04-06T14:17:46.275Z] In workdir: /local/S/jenkins/workspace/ECP/ecg-maya-usd/ecg-mayausd-branch-preflight-2020-osx/ecg-maya-usd/maya-usd
[2023-04-06T14:17:46.275Z] Executing: /local/S/jenkins/workspace/shared/Artifactory/OSX/rundev-2020/202107140359/runtime/446214e/runTime/Maya.app/Contents/bin/mayapy /local/S/jenkins/workspace/ECP/ecg-maya-usd/ecg-mayausd-branch-preflight-2020-osx/ecg-maya-usd/maya-usd/build.py --generator Ninja --build-relwithdebug --maya-location /local/S/jenkins/workspace/shared/Artifactory/OSX/rundev-2020/202107140359/runtime/446214e/runTime --devkit-location /local/S/jenkins/workspace/shared/Artifactory/OSX/rundev-2020/202107140359/runtime/446214e/devkitBase --pxrusd-location /local/S/jenkins/workspace/shared/Artifactory/OSX/USD/b41f6d4 --qt-location /local/S/jenkins/workspace/shared/Artifactory/OSX/qt/5.12.5/3ca78fe --materialx --build-args=-DCMAKE_MAKE_PROGRAM=/local/S/jenkins/workspace/shared/Artifactory/OSX/ninja/1.9.0/41005eb/ninja,-DPYTHON_INCLUDE_DIR=/local/S/jenkins/workspace/shared/Artifactory/OSX/rundev-2020/202107140359/runtime/446214e/runTime/Maya.app/Contents/Frameworks/Python.framework/Versions/Current/include/python2.7,-DPython_EXECUTABLE=/local/S/jenkins/workspace/shared/Artifactory/OSX/rundev-2020/202107140359/runtime/446214e/runTime/Maya.app/Contents/bin/mayapy,-DPYTHON_LIBRARIES=/local/S/jenkins/workspace/shared/Artifactory/OSX/rundev-2020/202107140359/runtime/446214e/runTime/Maya.app/Contents/Frameworks/Python.framework/Versions/Current/lib/libpython2.7.dylib,-DUSD_LIB_PREFIX=lib,-DBUILD_HDMAYA=OFF '--ctest-args=-E testUsdReferenceAssemblySelection|testUsdMayaAppDir,-LE interactive,--parallel 4' --stages=clean --redirect-outstream-file=False --install-location /local/S/jenkins/workspace/ECP/ecg-maya-usd/ecg-mayausd-branch-preflight-2020-osx/install/RelWithDebInfo/MayaUSD /local/S/jenkins/workspace/ECP/ecg-maya-usd/ecg-mayausd-branch-preflight-2020-osx
[2023-04-06T14:17:46.275Z] Modified environment variables:
[2023-04-06T14:17:46.275Z]     PATH=/local/S/jenkins/workspace/shared/Artifactory/OSX/cmake/3.20.3/2594509/bin:/usr/local/bin:/bin:/usr/sbin:/sbin:/usr/bin
[2023-04-06T14:17:46.377Z]     
[2023-04-06T14:17:46.377Z]         Building with settings:
[2023-04-06T14:17:46.377Z]           Source directory          /local/S/jenkins/workspace/ECP/ecg-maya-usd/ecg-mayausd-branch-preflight-2020-osx/ecg-maya-usd/maya-usd
[2023-04-06T14:17:46.377Z]           Workspace directory       /local/S/jenkins/workspace/ECP/ecg-maya-usd/ecg-mayausd-branch-preflight-2020-osx
[2023-04-06T14:17:46.377Z]           Build directory           /local/S/jenkins/workspace/ECP/ecg-maya-usd/ecg-mayausd-branch-preflight-2020-osx/build/RelWithDebInfo
[2023-04-06T14:17:46.377Z]           Install directory         /local/S/jenkins/workspace/ECP/ecg-maya-usd/ecg-mayausd-branch-preflight-2020-osx/install/RelWithDebInfo/MayaUSD
[2023-04-06T14:17:46.377Z]           Variant                   RelWithDebInfo
[2023-04-06T14:17:46.377Z]           Python Debug              Off
[2023-04-06T14:17:46.377Z]           CMake generator           Ninja
[2023-04-06T14:17:46.377Z]           Build arguments           ['-DCMAKE_MAKE_PROGRAM=/local/S/jenkins/workspace/shared/Artifactory/OSX/ninja/1.9.0/41005eb/ninja', '-DPYTHON_INCLUDE_DIR=/local/S/jenkins/workspace/shared/Artifactory/OSX/rundev-2020/202107140359/runtime/446214e/runTime/Maya.app/Contents/Frameworks/Python.framework/Versions/Current/include/python2.7', '-DPython_EXECUTABLE=/local/S/jenkins/workspace/shared/Artifactory/OSX/rundev-2020/202107140359/runtime/446214e/runTime/Maya.app/Contents/bin/mayapy', '-DPYTHON_LIBRARIES=/local/S/jenkins/workspace/shared/Artifactory/OSX/rundev-2020/202107140359/runtime/446214e/runTime/Maya.app/Contents/Frameworks/Python.framework/Versions/Current/lib/libpython2.7.dylib', '-DUSD_LIB_PREFIX=lib', '-DBUILD_HDMAYA=OFF']
[2023-04-06T14:17:46.377Z]           Stages arguments          ['clean']
[2023-04-06T14:17:46.377Z]           CTest arguments           ['-E testUsdReferenceAssemblySelection|testUsdMayaAppDir', '-LE interactive', '--parallel 4']
[2023-04-06T14:17:46.377Z]     Success MayaUSD build and install !!!!
[2023-04-06T14:17:46.377Z]     Elapsed time: 00:00:00
[Pipeline] }
[Pipeline] // withEnv
[Pipeline] }
[Pipeline] // timeout
[Pipeline] }
[Pipeline] // stage
[Pipeline] }
[Pipeline] // timestamps
[Pipeline] timestamps
[Pipeline] {
[Pipeline] stage
[Pipeline] { (Configure)
[Pipeline] timeout
[2023-04-06T14:17:46.587Z] Timeout set to expire in 6 hr 0 min
[Pipeline] {
[Pipeline] withEnv
[Pipeline] {
[Pipeline] sh
[2023-04-06T14:17:47.511Z] + python ecg-maya-usd/build.py --stages=configure --workspace-dir=/local/S/jenkins/workspace/ECP/ecg-maya-usd/ecg-mayausd-branch-preflight-2020-osx --artifactory-dir=/local/S/jenkins/workspace/shared/Artifactory --build-dir=/local/S/jenkins/workspace/ECP/ecg-maya-usd/ecg-mayausd-branch-preflight-2020-osx/build --install-dir=/local/S/jenkins/workspace/ECP/ecg-maya-usd/ecg-mayausd-branch-preflight-2020-osx/install --signing-dir=/local/S/jenkins/workspace/ECP/ecg-maya-usd/ecg-mayausd-branch-preflight-2020-osx/signing --package-dir=/local/S/jenkins/workspace/ECP/ecg-maya-usd/ecg-mayausd-branch-preflight-2020-osx/package --output-dir=/local/S/jenkins/workspace/ECP/ecg-maya-usd/ecg-mayausd-branch-preflight-2020-osx/output --stash-dir=/local/S/jenkins/workspace/ECP/ecg-maya-usd/ecg-mayausd-branch-preflight-2020-osx/stash --jenkins-build=830 --git-commit=a8fa22c6f13696b4ec78dd9d6c429e0c7430f14d --git-branch=master --variants=RelWithDebInfo --python=2.7 --post-zips=false --maya-cut-config=maya-rundev-2020.yaml --maya-package=rundev-2020 --stage-banner
[2023-04-06T14:17:48.141Z] No catalog entry registered for tbb-4.4u5-ub2.
[2023-04-06T14:17:48.141Z] Using Maya cut from /local/S/jenkins/workspace/shared/Artifactory/OSX/rundev-2020/202107140359/runtime/446214e
[2023-04-06T14:17:48.141Z] 
[2023-04-06T14:17:48.141Z] ================================================================================
[2023-04-06T14:17:48.141Z]                            configure (RelWithDebInfo)
[2023-04-06T14:17:48.141Z] ================================================================================
[2023-04-06T14:17:48.141Z] Maya Python RelWithDebInfo Info:
[2023-04-06T14:17:48.141Z]   mayapy executable   = /local/S/jenkins/workspace/shared/Artifactory/OSX/rundev-2020/202107140359/runtime/446214e/runTime/Maya.app/Contents/bin/mayapy
[2023-04-06T14:17:48.141Z]   Include Folder      = /local/S/jenkins/workspace/shared/Artifactory/OSX/rundev-2020/202107140359/runtime/446214e/runTime/Maya.app/Contents/Frameworks/Python.framework/Versions/Current/include/python2.7
[2023-04-06T14:17:48.141Z]   Library             = /local/S/jenkins/workspace/shared/Artifactory/OSX/rundev-2020/202107140359/runtime/446214e/runTime/Maya.app/Contents/Frameworks/Python.framework/Versions/Current/lib/libpython2.7.dylib
[2023-04-06T14:17:48.141Z]   site-package Folder = /local/S/jenkins/workspace/shared/Artifactory/OSX/rundev-2020/202107140359/runtime/446214e/runTime/Maya.app/Contents/Frameworks/Python.framework/Versions/Current/lib/python2.7/site-packages
[2023-04-06T14:17:48.889Z] In workdir: /local/S/jenkins/workspace/ECP/ecg-maya-usd/ecg-mayausd-branch-preflight-2020-osx/ecg-maya-usd/maya-usd
[2023-04-06T14:17:48.889Z] Executing: /local/S/jenkins/workspace/shared/Artifactory/OSX/rundev-2020/202107140359/runtime/446214e/runTime/Maya.app/Contents/bin/mayapy /local/S/jenkins/workspace/ECP/ecg-maya-usd/ecg-mayausd-branch-preflight-2020-osx/ecg-maya-usd/maya-usd/build.py --generator Ninja --build-relwithdebug --maya-location /local/S/jenkins/workspace/shared/Artifactory/OSX/rundev-2020/202107140359/runtime/446214e/runTime --devkit-location /local/S/jenkins/workspace/shared/Artifactory/OSX/rundev-2020/202107140359/runtime/446214e/devkitBase --pxrusd-location /local/S/jenkins/workspace/shared/Artifactory/OSX/USD/b41f6d4 --qt-location /local/S/jenkins/workspace/shared/Artifactory/OSX/qt/5.12.5/3ca78fe --materialx --build-args=-DCMAKE_MAKE_PROGRAM=/local/S/jenkins/workspace/shared/Artifactory/OSX/ninja/1.9.0/41005eb/ninja,-DPYTHON_INCLUDE_DIR=/local/S/jenkins/workspace/shared/Artifactory/OSX/rundev-2020/202107140359/runtime/446214e/runTime/Maya.app/Contents/Frameworks/Python.framework/Versions/Current/include/python2.7,-DPython_EXECUTABLE=/local/S/jenkins/workspace/shared/Artifactory/OSX/rundev-2020/202107140359/runtime/446214e/runTime/Maya.app/Contents/bin/mayapy,-DPYTHON_LIBRARIES=/local/S/jenkins/workspace/shared/Artifactory/OSX/rundev-2020/202107140359/runtime/446214e/runTime/Maya.app/Contents/Frameworks/Python.framework/Versions/Current/lib/libpython2.7.dylib,-DUSD_LIB_PREFIX=lib,-DBUILD_HDMAYA=OFF '--ctest-args=-E testUsdReferenceAssemblySelection|testUsdMayaAppDir,-LE interactive,--parallel 4' --stages=configure --redirect-outstream-file=False --install-location /local/S/jenkins/workspace/ECP/ecg-maya-usd/ecg-mayausd-branch-preflight-2020-osx/install/RelWithDebInfo/MayaUSD /local/S/jenkins/workspace/ECP/ecg-maya-usd/ecg-mayausd-branch-preflight-2020-osx
[2023-04-06T14:17:48.889Z] Modified environment variables:
[2023-04-06T14:17:48.889Z]     PATH=/local/S/jenkins/workspace/shared/Artifactory/OSX/cmake/3.20.3/2594509/bin:/usr/local/bin:/bin:/usr/sbin:/sbin:/usr/bin
[2023-04-06T14:17:49.099Z]     -- The C compiler identification is AppleClang 10.0.1.10010046
[2023-04-06T14:17:49.099Z]     -- The CXX compiler identification is AppleClang 10.0.1.10010046
[2023-04-06T14:17:49.099Z]     -- Detecting C compiler ABI info
[2023-04-06T14:17:49.308Z]     -- Detecting C compiler ABI info - done
[2023-04-06T14:17:49.308Z]     -- Check for working C compiler: /Applications/Xcode.app/Contents/Developer/Toolchains/XcodeDefault.xctoolchain/usr/bin/cc - skipped
[2023-04-06T14:17:49.308Z]     -- Detecting C compile features
[2023-04-06T14:17:49.308Z]     -- Detecting C compile features - done
[2023-04-06T14:17:49.308Z]     -- Detecting CXX compiler ABI info
[2023-04-06T14:17:49.413Z]     -- Detecting CXX compiler ABI info - done
[2023-04-06T14:17:49.413Z]     -- Check for working CXX compiler: /Applications/Xcode.app/Contents/Developer/Toolchains/XcodeDefault.xctoolchain/usr/bin/c++ - skipped
[2023-04-06T14:17:49.413Z]     -- Detecting CXX compile features
[2023-04-06T14:17:49.413Z]     -- Detecting CXX compile features - done
[2023-04-06T14:17:49.842Z]     -- Using Maya Light API Version 1
[2023-04-06T14:17:49.943Z]     -- Maya array iterator has difference_type trait
[2023-04-06T14:17:49.943Z]     -- Found Maya: /local/S/jenkins/workspace/shared/Artifactory/OSX/rundev-2020/202107140359/runtime/446214e/runTime/maya.app/Contents/MacOS/Maya (found suitable version "2020", minimum required is "2018")
[2023-04-06T14:17:50.048Z]     -- Found Python: /local/S/jenkins/workspace/shared/Artifactory/OSX/rundev-2020/202107140359/runtime/446214e/runTime/Maya.app/Contents/bin/mayapy (found suitable exact version "2.7.15") found components: Interpreter
[2023-04-06T14:17:50.048Z]     -- Build MayaUSD with Python3 = OFF
[2023-04-06T14:17:50.048Z]     --    PYTHON_INCLUDE_DIRS = /local/S/jenkins/workspace/shared/Artifactory/OSX/rundev-2020/202107140359/runtime/446214e/runTime/Maya.app/Contents/Frameworks/Python.framework/Versions/Current/include/python2.7
[2023-04-06T14:17:50.048Z]     --    PYTHON_LIBRARIES    = /local/S/jenkins/workspace/shared/Artifactory/OSX/rundev-2020/202107140359/runtime/446214e/runTime/Maya.app/Contents/Frameworks/Python.framework/Versions/Current/lib/libpython2.7.dylib
[2023-04-06T14:17:50.048Z]     --    Python_EXECUTABLE   = /local/S/jenkins/workspace/shared/Artifactory/OSX/rundev-2020/202107140359/runtime/446214e/runTime/Maya.app/Contents/bin/mayapy
[2023-04-06T14:17:50.459Z]     -- USD v0.21.11 has security patches.
[2023-04-06T14:17:50.459Z]     -- USD include dir: /local/S/jenkins/workspace/shared/Artifactory/OSX/USD/b41f6d4/include
[2023-04-06T14:17:50.459Z]     -- USD library dir: /local/S/jenkins/workspace/shared/Artifactory/OSX/USD/b41f6d4/lib
[2023-04-06T14:17:50.459Z]     -- USD version: 0.21.11
[2023-04-06T14:17:50.459Z]     -- Autodesk USD version: 0.21.11-ad1
[2023-04-06T14:17:50.459Z]     -- Found USD: /local/S/jenkins/workspace/shared/Artifactory/OSX/USD/b41f6d4 (found suitable version "0.21.11", minimum required is "0.20.05")
[2023-04-06T14:17:50.459Z]     Updated PYTHONPATH: /local/S/jenkins/workspace/shared/Artifactory/OSX/USD/b41f6d4/lib/python
[2023-04-06T14:17:50.562Z]     -- UFE include dir: /local/S/jenkins/workspace/shared/Artifactory/OSX/rundev-2020/202107140359/runtime/446214e/devkitBase/devkit/ufe/include
[2023-04-06T14:17:50.562Z]     -- UFE library: /local/S/jenkins/workspace/shared/Artifactory/OSX/rundev-2020/202107140359/runtime/446214e/devkitBase/devkit/ufe/lib/libufe_1.dylib
[2023-04-06T14:17:50.562Z]     -- UFE version: 1.0.0
[2023-04-06T14:17:50.562Z]     -- UFE preview features: ufe
[2023-04-06T14:17:50.562Z]     -- Building with UFE 1.0.0 features enabled.
[2023-04-06T14:17:50.562Z]     CMake Warning at CMakeLists.txt:148 (message):
[2023-04-06T14:17:50.562Z]       Disabling MaterialX VP2 rendering: it is not supported by this version of
[2023-04-06T14:17:50.562Z]       Maya.
[2023-04-06T14:17:50.562Z]     
[2023-04-06T14:17:50.562Z]     
[2023-04-06T14:17:50.562Z]     -- Found MaterialX
[2023-04-06T14:17:50.877Z]     -- Building with Qt features enabled.
[2023-04-06T14:17:50.877Z]     -- **** Building Gulrak From Github Repository.
[2023-04-06T14:17:50.877Z]     -- Populating gulrak
[2023-04-06T14:17:51.091Z]     -- Configuring done
[2023-04-06T14:17:51.091Z]     -- Generating done
[2023-04-06T14:17:51.091Z]     -- Build files have been written to: /local/S/jenkins/workspace/ECP/ecg-maya-usd/ecg-mayausd-branch-preflight-2020-osx/build/RelWithDebInfo/_deps/gulrak-subbuild
[2023-04-06T14:17:51.200Z]     [1/9] Creating directories for 'gulrak-populate'
[2023-04-06T14:17:51.200Z]     [1/9] Performing download step (git clone) for 'gulrak-populate'
[2023-04-06T14:17:51.200Z]     Cloning into 'gulrak-src'...
[2023-04-06T14:17:53.308Z]     HEAD is now at 4e21ab3 Version bump and updated readme.
[2023-04-06T14:17:53.415Z]     [2/9] Performing update step for 'gulrak-populate'
[2023-04-06T14:17:53.415Z]     [4/9] No patch step for 'gulrak-populate'
[2023-04-06T14:17:53.517Z]     [5/9] No configure step for 'gulrak-populate'
[2023-04-06T14:17:53.517Z]     [6/9] No build step for 'gulrak-populate'
[2023-04-06T14:17:53.517Z]     [7/9] No install step for 'gulrak-populate'
[2023-04-06T14:17:53.517Z]     [8/9] No test step for 'gulrak-populate'
[2023-04-06T14:17:53.619Z]     [9/9] Completed 'gulrak-populate'
[2023-04-06T14:17:53.721Z]     -- ========== Installing GoogleTest... ==========
[2023-04-06T14:17:53.823Z]     -- Configuring done
[2023-04-06T14:17:53.823Z]     -- Generating done
[2023-04-06T14:17:53.823Z]     -- Build files have been written to: /local/S/jenkins/workspace/ECP/ecg-maya-usd/ecg-mayausd-branch-preflight-2020-osx/build/RelWithDebInfo/googletest-config
[2023-04-06T14:17:53.930Z]     [1/8] Creating directories for 'googletest'
[2023-04-06T14:18:00.353Z]     [2/8] Performing download step (git clone) for 'googletest'
[2023-04-06T14:18:00.353Z]     Cloning into 'googletest-src'...
[2023-04-06T14:18:00.353Z]     HEAD is now at 703bd9ca Googletest export
[2023-04-06T14:18:00.353Z]     [3/8] Performing update step for 'googletest'
[2023-04-06T14:18:00.353Z]     [4/8] No patch step for 'googletest'
[2023-04-06T14:18:01.292Z]     [5/8] Performing configure step for 'googletest'
[2023-04-06T14:18:01.292Z]     Not searching for unused variables given on the command line.
[2023-04-06T14:18:01.292Z]     CMake Deprecation Warning at CMakeLists.txt:4 (cmake_minimum_required):
[2023-04-06T14:18:01.292Z]       Compatibility with CMake < 2.8.12 will be removed from a future version of
[2023-04-06T14:18:01.292Z]       CMake.
[2023-04-06T14:18:01.292Z]     
[2023-04-06T14:18:01.292Z]       Update the VERSION argument <min> value or use a ...<max> suffix to tell
[2023-04-06T14:18:01.292Z]       CMake that the project does not need compatibility with older versions.
[2023-04-06T14:18:01.292Z]     
[2023-04-06T14:18:01.292Z]     
[2023-04-06T14:18:01.292Z]     -- The C compiler identification is AppleClang 10.0.1.10010046
[2023-04-06T14:18:01.292Z]     -- The CXX compiler identification is AppleClang 10.0.1.10010046
[2023-04-06T14:18:01.292Z]     -- Detecting C compiler ABI info
[2023-04-06T14:18:01.292Z]     -- Detecting C compiler ABI info - done
[2023-04-06T14:18:01.292Z]     -- Check for working C compiler: /Applications/Xcode.app/Contents/Developer/Toolchains/XcodeDefault.xctoolchain/usr/bin/cc - skipped
[2023-04-06T14:18:01.292Z]     -- Detecting C compile features
[2023-04-06T14:18:01.292Z]     -- Detecting C compile features - done
[2023-04-06T14:18:01.292Z]     -- Detecting CXX compiler ABI info
[2023-04-06T14:18:01.292Z]     -- Detecting CXX compiler ABI info - done
[2023-04-06T14:18:01.292Z]     -- Check for working CXX compiler: /Applications/Xcode.app/Contents/Developer/Toolchains/XcodeDefault.xctoolchain/usr/bin/c++ - skipped
[2023-04-06T14:18:01.292Z]     -- Detecting CXX compile features
[2023-04-06T14:18:01.292Z]     -- Detecting CXX compile features - done
[2023-04-06T14:18:01.292Z]     CMake Deprecation Warning at googletest/CMakeLists.txt:56 (cmake_minimum_required):
[2023-04-06T14:18:01.292Z]       Compatibility with CMake < 2.8.12 will be removed from a future version of
[2023-04-06T14:18:01.292Z]       CMake.
[2023-04-06T14:18:01.292Z]     
[2023-04-06T14:18:01.292Z]       Update the VERSION argument <min> value or use a ...<max> suffix to tell
[2023-04-06T14:18:01.292Z]       CMake that the project does not need compatibility with older versions.
[2023-04-06T14:18:01.292Z]     
[2023-04-06T14:18:01.292Z]     
[2023-04-06T14:18:01.292Z]     -- Found PythonInterp: /usr/local/bin/python (found version "2.7.15")
[2023-04-06T14:18:01.292Z]     -- Looking for pthread.h
[2023-04-06T14:18:01.292Z]     -- Looking for pthread.h - found
[2023-04-06T14:18:01.292Z]     -- Performing Test CMAKE_HAVE_LIBC_PTHREAD
[2023-04-06T14:18:01.292Z]     -- Performing Test CMAKE_HAVE_LIBC_PTHREAD - Success
[2023-04-06T14:18:01.292Z]     -- Found Threads: TRUE
[2023-04-06T14:18:01.292Z]     -- Configuring done
[2023-04-06T14:18:01.292Z]     -- Generating done
[2023-04-06T14:18:01.292Z]     -- Build files have been written to: /local/S/jenkins/workspace/ECP/ecg-maya-usd/ecg-mayausd-branch-preflight-2020-osx/build/RelWithDebInfo/googletest-build
[2023-04-06T14:18:07.480Z]     [6/8] Performing build step for 'googletest'
[2023-04-06T14:18:07.480Z]     [1/4] Building CXX object googletest/CMakeFiles/gtest_main.dir/src/gtest_main.cc.o
[2023-04-06T14:18:07.480Z]     [2/4] Building CXX object googletest/CMakeFiles/gtest.dir/src/gtest-all.cc.o
[2023-04-06T14:18:07.480Z]     [3/4] Linking CXX shared library lib/libgtest.dylib
[2023-04-06T14:18:07.480Z]     [4/4] Linking CXX shared library lib/libgtest_main.dylib
[2023-04-06T14:18:07.480Z]     [7/8] Performing install step for 'googletest'
[2023-04-06T14:18:07.480Z]     [0/1] Install the project...
[2023-04-06T14:18:07.480Z]     -- Install configuration: "RelWithDebInfo"
[2023-04-06T14:18:07.591Z]     [8/8] Completed 'googletest'
[2023-04-06T14:18:07.591Z]     -- ========== ...  GoogleTest installed. ==========
[2023-04-06T14:18:08.112Z]     -- MAYA_HAS_DEFAULT_MATERIAL_API is FALSE
[2023-04-06T14:18:08.112Z]     -- MAYA_NEW_POINT_SNAPPING_SUPPORT is FALSE
[2023-04-06T14:18:08.112Z]     -- MAYA_HAS_CRASH_DETECTION is FALSE
[2023-04-06T14:18:08.112Z]     -- MAYA_CURRENT_UFE_CAMERA_SUPPORT is FALSE
[2023-04-06T14:18:08.112Z]     -- MAYA_MRENDERITEM_UFE_IDENTIFIER_SUPPORT is FALSE
[2023-04-06T14:18:08.112Z]     -- MAYA_UPDATE_UFE_IDENTIFIER_SUPPORT is FALSE
[2023-04-06T14:18:08.112Z]     -- MAYA_HAS_DISPLAY_STYLE_ALL_VIEWPORTS is FALSE
[2023-04-06T14:18:08.112Z]     -- MAYA_ARRAY_ITERATOR_DIFFERENCE_TYPE_SUPPORT is TRUE
[2023-04-06T14:18:08.112Z]     -- MAYA_HAS_GET_MEMBER_PATHS is FALSE
[2023-04-06T14:18:08.112Z]     -- USD_HAS_COLOR4_SDR_SUPPORT is FALSE
[2023-04-06T14:18:08.112Z]     -- MAYA_HAS_DISPLAY_LAYER_API is FALSE
[2023-04-06T14:18:08.112Z]     -- MAYA_HAS_NEW_DISPLAY_LAYER_MESSAGING_API is FALSE
[2023-04-06T14:18:08.112Z]     -- MAYA_HAS_RENDER_ITEM_HIDE_ON_PLAYBACK_API is FALSE
[2023-04-06T14:18:08.223Z]     -- promoting: /local/S/jenkins/workspace/ECP/ecg-maya-usd/ecg-mayausd-branch-preflight-2020-osx/ecg-maya-usd/maya-usd/lib/mayaUsd/base/mayaUsd.h.src
[2023-04-06T14:18:08.223Z]     -- promoting: /local/S/jenkins/workspace/ECP/ecg-maya-usd/ecg-mayausd-branch-preflight-2020-osx/ecg-maya-usd/maya-usd/lib/mayaUsd/base/api.h
[2023-04-06T14:18:08.223Z]     -- promoting: /local/S/jenkins/workspace/ECP/ecg-maya-usd/ecg-mayausd-branch-preflight-2020-osx/ecg-maya-usd/maya-usd/lib/mayaUsd/base/debugCodes.h
[2023-04-06T14:18:08.223Z]     -- promoting: /local/S/jenkins/workspace/ECP/ecg-maya-usd/ecg-mayausd-branch-preflight-2020-osx/ecg-maya-usd/maya-usd/lib/mayaUsd/base/id.h
[2023-04-06T14:18:08.223Z]     -- promoting: /local/S/jenkins/workspace/ECP/ecg-maya-usd/ecg-mayausd-branch-preflight-2020-osx/ecg-maya-usd/maya-usd/lib/mayaUsd/base/syncId.h
[2023-04-06T14:18:08.223Z]     -- promoting: /local/S/jenkins/workspace/ECP/ecg-maya-usd/ecg-mayausd-branch-preflight-2020-osx/ecg-maya-usd/maya-usd/lib/mayaUsd/base/tokens.h
[2023-04-06T14:18:08.223Z]     -- promoting: /local/S/jenkins/workspace/ECP/ecg-maya-usd/ecg-mayausd-branch-preflight-2020-osx/ecg-maya-usd/maya-usd/lib/mayaUsd/commands/abstractLayerEditorWindow.h
[2023-04-06T14:18:08.223Z]     -- promoting: /local/S/jenkins/workspace/ECP/ecg-maya-usd/ecg-mayausd-branch-preflight-2020-osx/ecg-maya-usd/maya-usd/lib/mayaUsd/commands/baseExportCommand.h
[2023-04-06T14:18:08.223Z]     -- promoting: /local/S/jenkins/workspace/ECP/ecg-maya-usd/ecg-mayausd-branch-preflight-2020-osx/ecg-maya-usd/maya-usd/lib/mayaUsd/commands/baseImportCommand.h
[2023-04-06T14:18:08.223Z]     -- promoting: /local/S/jenkins/workspace/ECP/ecg-maya-usd/ecg-mayausd-branch-preflight-2020-osx/ecg-maya-usd/maya-usd/lib/mayaUsd/commands/baseListJobContextsCommand.h
[2023-04-06T14:18:08.223Z]     -- promoting: /local/S/jenkins/workspace/ECP/ecg-maya-usd/ecg-mayausd-branch-preflight-2020-osx/ecg-maya-usd/maya-usd/lib/mayaUsd/commands/baseListShadingModesCommand.h
[2023-04-06T14:18:08.223Z]     -- promoting: /local/S/jenkins/workspace/ECP/ecg-maya-usd/ecg-mayausd-branch-preflight-2020-osx/ecg-maya-usd/maya-usd/lib/mayaUsd/commands/editTargetCommand.h
[2023-04-06T14:18:08.223Z]     -- promoting: /local/S/jenkins/workspace/ECP/ecg-maya-usd/ecg-mayausd-branch-preflight-2020-osx/ecg-maya-usd/maya-usd/lib/mayaUsd/commands/layerEditorCommand.h
[2023-04-06T14:18:08.223Z]     -- promoting: /local/S/jenkins/workspace/ECP/ecg-maya-usd/ecg-mayausd-branch-preflight-2020-osx/ecg-maya-usd/maya-usd/lib/mayaUsd/commands/layerEditorWindowCommand.h
[2023-04-06T14:18:08.223Z]     -- promoting: /local/S/jenkins/workspace/ECP/ecg-maya-usd/ecg-mayausd-branch-preflight-2020-osx/ecg-maya-usd/maya-usd/lib/mayaUsd/fileio/fallbackPrimReader.h
[2023-04-06T14:18:08.223Z]     -- promoting: /local/S/jenkins/workspace/ECP/ecg-maya-usd/ecg-mayausd-branch-preflight-2020-osx/ecg-maya-usd/maya-usd/lib/mayaUsd/fileio/functorPrimReader.h
[2023-04-06T14:18:08.223Z]     -- promoting: /local/S/jenkins/workspace/ECP/ecg-maya-usd/ecg-mayausd-branch-preflight-2020-osx/ecg-maya-usd/maya-usd/lib/mayaUsd/fileio/functorPrimWriter.h
[2023-04-06T14:18:08.223Z]     -- promoting: /local/S/jenkins/workspace/ECP/ecg-maya-usd/ecg-mayausd-branch-preflight-2020-osx/ecg-maya-usd/maya-usd/lib/mayaUsd/fileio/importData.h
[2023-04-06T14:18:08.223Z]     -- promoting: /local/S/jenkins/workspace/ECP/ecg-maya-usd/ecg-mayausd-branch-preflight-2020-osx/ecg-maya-usd/maya-usd/lib/mayaUsd/fileio/instancedNodeWriter.h
[2023-04-06T14:18:08.223Z]     -- promoting: /local/S/jenkins/workspace/ECP/ecg-maya-usd/ecg-mayausd-branch-preflight-2020-osx/ecg-maya-usd/maya-usd/lib/mayaUsd/fileio/jobContextRegistry.h
[2023-04-06T14:18:08.223Z]     -- promoting: /local/S/jenkins/workspace/ECP/ecg-maya-usd/ecg-mayausd-branch-preflight-2020-osx/ecg-maya-usd/maya-usd/lib/mayaUsd/fileio/primReader.h
[2023-04-06T14:18:08.223Z]     -- promoting: /local/S/jenkins/workspace/ECP/ecg-maya-usd/ecg-mayausd-branch-preflight-2020-osx/ecg-maya-usd/maya-usd/lib/mayaUsd/fileio/primReaderArgs.h
[2023-04-06T14:18:08.223Z]     -- promoting: /local/S/jenkins/workspace/ECP/ecg-maya-usd/ecg-mayausd-branch-preflight-2020-osx/ecg-maya-usd/maya-usd/lib/mayaUsd/fileio/primReaderContext.h
[2023-04-06T14:18:08.223Z]     -- promoting: /local/S/jenkins/workspace/ECP/ecg-maya-usd/ecg-mayausd-branch-preflight-2020-osx/ecg-maya-usd/maya-usd/lib/mayaUsd/fileio/primReaderRegistry.h
[2023-04-06T14:18:08.223Z]     -- promoting: /local/S/jenkins/workspace/ECP/ecg-maya-usd/ecg-mayausd-branch-preflight-2020-osx/ecg-maya-usd/maya-usd/lib/mayaUsd/fileio/primWriter.h
[2023-04-06T14:18:08.223Z]     -- promoting: /local/S/jenkins/workspace/ECP/ecg-maya-usd/ecg-mayausd-branch-preflight-2020-osx/ecg-maya-usd/maya-usd/lib/mayaUsd/fileio/primWriterArgs.h
[2023-04-06T14:18:08.223Z]     -- promoting: /local/S/jenkins/workspace/ECP/ecg-maya-usd/ecg-mayausd-branch-preflight-2020-osx/ecg-maya-usd/maya-usd/lib/mayaUsd/fileio/primWriterContext.h
[2023-04-06T14:18:08.223Z]     -- promoting: /local/S/jenkins/workspace/ECP/ecg-maya-usd/ecg-mayausd-branch-preflight-2020-osx/ecg-maya-usd/maya-usd/lib/mayaUsd/fileio/primWriterRegistry.h
[2023-04-06T14:18:08.223Z]     -- promoting: /local/S/jenkins/workspace/ECP/ecg-maya-usd/ecg-mayausd-branch-preflight-2020-osx/ecg-maya-usd/maya-usd/lib/mayaUsd/fileio/registryHelper.h
[2023-04-06T14:18:08.223Z]     -- promoting: /local/S/jenkins/workspace/ECP/ecg-maya-usd/ecg-mayausd-branch-preflight-2020-osx/ecg-maya-usd/maya-usd/lib/mayaUsd/fileio/schemaApiAdaptor.h
[2023-04-06T14:18:08.223Z]     -- promoting: /local/S/jenkins/workspace/ECP/ecg-maya-usd/ecg-mayausd-branch-preflight-2020-osx/ecg-maya-usd/maya-usd/lib/mayaUsd/fileio/schemaApiAdaptorRegistry.h
[2023-04-06T14:18:08.223Z]     -- promoting: /local/S/jenkins/workspace/ECP/ecg-maya-usd/ecg-mayausd-branch-preflight-2020-osx/ecg-maya-usd/maya-usd/lib/mayaUsd/fileio/shaderReader.h
[2023-04-06T14:18:08.223Z]     -- promoting: /local/S/jenkins/workspace/ECP/ecg-maya-usd/ecg-mayausd-branch-preflight-2020-osx/ecg-maya-usd/maya-usd/lib/mayaUsd/fileio/shaderReaderRegistry.h
[2023-04-06T14:18:08.223Z]     -- promoting: /local/S/jenkins/workspace/ECP/ecg-maya-usd/ecg-mayausd-branch-preflight-2020-osx/ecg-maya-usd/maya-usd/lib/mayaUsd/fileio/shaderWriter.h
[2023-04-06T14:18:08.223Z]     -- promoting: /local/S/jenkins/workspace/ECP/ecg-maya-usd/ecg-mayausd-branch-preflight-2020-osx/ecg-maya-usd/maya-usd/lib/mayaUsd/fileio/shaderWriterRegistry.h
[2023-04-06T14:18:08.223Z]     -- promoting: /local/S/jenkins/workspace/ECP/ecg-maya-usd/ecg-mayausd-branch-preflight-2020-osx/ecg-maya-usd/maya-usd/lib/mayaUsd/fileio/transformWriter.h
[2023-04-06T14:18:08.223Z]     -- promoting: /local/S/jenkins/workspace/ECP/ecg-maya-usd/ecg-mayausd-branch-preflight-2020-osx/ecg-maya-usd/maya-usd/lib/mayaUsd/fileio/writeJobContext.h
[2023-04-06T14:18:08.223Z]     -- promoting: /local/S/jenkins/workspace/ECP/ecg-maya-usd/ecg-mayausd-branch-preflight-2020-osx/ecg-maya-usd/maya-usd/lib/mayaUsd/fileio/chaser/exportChaser.h
[2023-04-06T14:18:08.223Z]     -- promoting: /local/S/jenkins/workspace/ECP/ecg-maya-usd/ecg-mayausd-branch-preflight-2020-osx/ecg-maya-usd/maya-usd/lib/mayaUsd/fileio/chaser/exportChaserRegistry.h
[2023-04-06T14:18:08.223Z]     -- promoting: /local/S/jenkins/workspace/ECP/ecg-maya-usd/ecg-mayausd-branch-preflight-2020-osx/ecg-maya-usd/maya-usd/lib/mayaUsd/fileio/chaser/importChaserRegistry.h
[2023-04-06T14:18:08.223Z]     -- promoting: /local/S/jenkins/workspace/ECP/ecg-maya-usd/ecg-mayausd-branch-preflight-2020-osx/ecg-maya-usd/maya-usd/lib/mayaUsd/fileio/chaser/importChaser.h
[2023-04-06T14:18:08.223Z]     -- promoting: /local/S/jenkins/workspace/ECP/ecg-maya-usd/ecg-mayausd-branch-preflight-2020-osx/ecg-maya-usd/maya-usd/lib/mayaUsd/fileio/jobs/jobArgs.h
[2023-04-06T14:18:08.223Z]     -- promoting: /local/S/jenkins/workspace/ECP/ecg-maya-usd/ecg-mayausd-branch-preflight-2020-osx/ecg-maya-usd/maya-usd/lib/mayaUsd/fileio/jobs/meshDataReadJob.h
[2023-04-06T14:18:08.223Z]     -- promoting: /local/S/jenkins/workspace/ECP/ecg-maya-usd/ecg-mayausd-branch-preflight-2020-osx/ecg-maya-usd/maya-usd/lib/mayaUsd/fileio/jobs/modelKindProcessor.h
[2023-04-06T14:18:08.223Z]     -- promoting: /local/S/jenkins/workspace/ECP/ecg-maya-usd/ecg-mayausd-branch-preflight-2020-osx/ecg-maya-usd/maya-usd/lib/mayaUsd/fileio/jobs/readJob.h
[2023-04-06T14:18:08.223Z]     -- promoting: /local/S/jenkins/workspace/ECP/ecg-maya-usd/ecg-mayausd-branch-preflight-2020-osx/ecg-maya-usd/maya-usd/lib/mayaUsd/fileio/jobs/writeJob.h
[2023-04-06T14:18:08.223Z]     -- promoting: /local/S/jenkins/workspace/ECP/ecg-maya-usd/ecg-mayausd-branch-preflight-2020-osx/ecg-maya-usd/maya-usd/lib/mayaUsd/fileio/shading/rfmShaderMap.h
[2023-04-06T14:18:08.223Z]     -- promoting: /local/S/jenkins/workspace/ECP/ecg-maya-usd/ecg-mayausd-branch-preflight-2020-osx/ecg-maya-usd/maya-usd/lib/mayaUsd/fileio/shading/shadingModeExporter.h
[2023-04-06T14:18:08.223Z]     -- promoting: /local/S/jenkins/workspace/ECP/ecg-maya-usd/ecg-mayausd-branch-preflight-2020-osx/ecg-maya-usd/maya-usd/lib/mayaUsd/fileio/shading/shadingModeExporterContext.h
[2023-04-06T14:18:08.223Z]     -- promoting: /local/S/jenkins/workspace/ECP/ecg-maya-usd/ecg-mayausd-branch-preflight-2020-osx/ecg-maya-usd/maya-usd/lib/mayaUsd/fileio/shading/shadingModeImporter.h
[2023-04-06T14:18:08.223Z]     -- promoting: /local/S/jenkins/workspace/ECP/ecg-maya-usd/ecg-mayausd-branch-preflight-2020-osx/ecg-maya-usd/maya-usd/lib/mayaUsd/fileio/shading/shadingModeRegistry.h
[2023-04-06T14:18:08.223Z]     -- promoting: /local/S/jenkins/workspace/ECP/ecg-maya-usd/ecg-mayausd-branch-preflight-2020-osx/ecg-maya-usd/maya-usd/lib/mayaUsd/fileio/shading/symmetricShaderReader.h
[2023-04-06T14:18:08.223Z]     -- promoting: /local/S/jenkins/workspace/ECP/ecg-maya-usd/ecg-mayausd-branch-preflight-2020-osx/ecg-maya-usd/maya-usd/lib/mayaUsd/fileio/shading/symmetricShaderWriter.h
[2023-04-06T14:18:08.223Z]     -- promoting: /local/S/jenkins/workspace/ECP/ecg-maya-usd/ecg-mayausd-branch-preflight-2020-osx/ecg-maya-usd/maya-usd/lib/mayaUsd/fileio/translators/skelBindingsProcessor.h
[2023-04-06T14:18:08.223Z]     -- promoting: /local/S/jenkins/workspace/ECP/ecg-maya-usd/ecg-mayausd-branch-preflight-2020-osx/ecg-maya-usd/maya-usd/lib/mayaUsd/fileio/translators/translatorCamera.h
[2023-04-06T14:18:08.223Z]     -- promoting: /local/S/jenkins/workspace/ECP/ecg-maya-usd/ecg-mayausd-branch-preflight-2020-osx/ecg-maya-usd/maya-usd/lib/mayaUsd/fileio/translators/translatorCurves.h
[2023-04-06T14:18:08.223Z]     -- promoting: /local/S/jenkins/workspace/ECP/ecg-maya-usd/ecg-mayausd-branch-preflight-2020-osx/ecg-maya-usd/maya-usd/lib/mayaUsd/fileio/translators/translatorGprim.h
[2023-04-06T14:18:08.223Z]     -- promoting: /local/S/jenkins/workspace/ECP/ecg-maya-usd/ecg-mayausd-branch-preflight-2020-osx/ecg-maya-usd/maya-usd/lib/mayaUsd/fileio/translators/translatorLight.h
[2023-04-06T14:18:08.223Z]     -- promoting: /local/S/jenkins/workspace/ECP/ecg-maya-usd/ecg-mayausd-branch-preflight-2020-osx/ecg-maya-usd/maya-usd/lib/mayaUsd/fileio/translators/translatorMaterial.h
[2023-04-06T14:18:08.223Z]     -- promoting: /local/S/jenkins/workspace/ECP/ecg-maya-usd/ecg-mayausd-branch-preflight-2020-osx/ecg-maya-usd/maya-usd/lib/mayaUsd/fileio/translators/translatorMayaReference.h
[2023-04-06T14:18:08.223Z]     -- promoting: /local/S/jenkins/workspace/ECP/ecg-maya-usd/ecg-mayausd-branch-preflight-2020-osx/ecg-maya-usd/maya-usd/lib/mayaUsd/fileio/translators/translatorMesh.h
[2023-04-06T14:18:08.223Z]     -- promoting: /local/S/jenkins/workspace/ECP/ecg-maya-usd/ecg-mayausd-branch-preflight-2020-osx/ecg-maya-usd/maya-usd/lib/mayaUsd/fileio/translators/translatorNurbsPatch.h
[2023-04-06T14:18:08.223Z]     -- promoting: /local/S/jenkins/workspace/ECP/ecg-maya-usd/ecg-mayausd-branch-preflight-2020-osx/ecg-maya-usd/maya-usd/lib/mayaUsd/fileio/translators/translatorPrim.h
[2023-04-06T14:18:08.223Z]     -- promoting: /local/S/jenkins/workspace/ECP/ecg-maya-usd/ecg-mayausd-branch-preflight-2020-osx/ecg-maya-usd/maya-usd/lib/mayaUsd/fileio/translators/translatorRfMLight.h
[2023-04-06T14:18:08.223Z]     -- promoting: /local/S/jenkins/workspace/ECP/ecg-maya-usd/ecg-mayausd-branch-preflight-2020-osx/ecg-maya-usd/maya-usd/lib/mayaUsd/fileio/translators/translatorSkel.h
[2023-04-06T14:18:08.223Z]     -- promoting: /local/S/jenkins/workspace/ECP/ecg-maya-usd/ecg-mayausd-branch-preflight-2020-osx/ecg-maya-usd/maya-usd/lib/mayaUsd/fileio/translators/translatorUtil.h
[2023-04-06T14:18:08.223Z]     -- promoting: /local/S/jenkins/workspace/ECP/ecg-maya-usd/ecg-mayausd-branch-preflight-2020-osx/ecg-maya-usd/maya-usd/lib/mayaUsd/fileio/translators/translatorXformable.h
[2023-04-06T14:18:08.223Z]     -- promoting: /local/S/jenkins/workspace/ECP/ecg-maya-usd/ecg-mayausd-branch-preflight-2020-osx/ecg-maya-usd/maya-usd/lib/mayaUsd/fileio/utils/adaptor.h
[2023-04-06T14:18:08.223Z]     -- promoting: /local/S/jenkins/workspace/ECP/ecg-maya-usd/ecg-mayausd-branch-preflight-2020-osx/ecg-maya-usd/maya-usd/lib/mayaUsd/fileio/utils/jointWriteUtils.h
[2023-04-06T14:18:08.223Z]     -- promoting: /local/S/jenkins/workspace/ECP/ecg-maya-usd/ecg-mayausd-branch-preflight-2020-osx/ecg-maya-usd/maya-usd/lib/mayaUsd/fileio/utils/meshReadUtils.h
[2023-04-06T14:18:08.223Z]     -- promoting: /local/S/jenkins/workspace/ECP/ecg-maya-usd/ecg-mayausd-branch-preflight-2020-osx/ecg-maya-usd/maya-usd/lib/mayaUsd/fileio/utils/meshWriteUtils.h
[2023-04-06T14:18:08.223Z]     -- promoting: /local/S/jenkins/workspace/ECP/ecg-maya-usd/ecg-mayausd-branch-preflight-2020-osx/ecg-maya-usd/maya-usd/lib/mayaUsd/fileio/utils/readUtil.h
[2023-04-06T14:18:08.223Z]     -- promoting: /local/S/jenkins/workspace/ECP/ecg-maya-usd/ecg-mayausd-branch-preflight-2020-osx/ecg-maya-usd/maya-usd/lib/mayaUsd/fileio/utils/roundTripUtil.h
[2023-04-06T14:18:08.223Z]     -- promoting: /local/S/jenkins/workspace/ECP/ecg-maya-usd/ecg-mayausd-branch-preflight-2020-osx/ecg-maya-usd/maya-usd/lib/mayaUsd/fileio/utils/shadingUtil.h
[2023-04-06T14:18:08.223Z]     -- promoting: /local/S/jenkins/workspace/ECP/ecg-maya-usd/ecg-mayausd-branch-preflight-2020-osx/ecg-maya-usd/maya-usd/lib/mayaUsd/fileio/utils/userTaggedAttribute.h
[2023-04-06T14:18:08.223Z]     -- promoting: /local/S/jenkins/workspace/ECP/ecg-maya-usd/ecg-mayausd-branch-preflight-2020-osx/ecg-maya-usd/maya-usd/lib/mayaUsd/fileio/utils/writeUtil.h
[2023-04-06T14:18:08.223Z]     -- promoting: /local/S/jenkins/workspace/ECP/ecg-maya-usd/ecg-mayausd-branch-preflight-2020-osx/ecg-maya-usd/maya-usd/lib/mayaUsd/fileio/utils/xformStack.h
[2023-04-06T14:18:08.223Z]     -- promoting: /local/S/jenkins/workspace/ECP/ecg-maya-usd/ecg-mayausd-branch-preflight-2020-osx/ecg-maya-usd/maya-usd/lib/mayaUsd/listeners/notice.h
[2023-04-06T14:18:08.223Z]     -- promoting: /local/S/jenkins/workspace/ECP/ecg-maya-usd/ecg-mayausd-branch-preflight-2020-osx/ecg-maya-usd/maya-usd/lib/mayaUsd/listeners/proxyShapeNotice.h
[2023-04-06T14:18:08.223Z]     -- promoting: /local/S/jenkins/workspace/ECP/ecg-maya-usd/ecg-mayausd-branch-preflight-2020-osx/ecg-maya-usd/maya-usd/lib/mayaUsd/listeners/stageNoticeListener.h
[2023-04-06T14:18:08.223Z]     -- promoting: /local/S/jenkins/workspace/ECP/ecg-maya-usd/ecg-mayausd-branch-preflight-2020-osx/ecg-maya-usd/maya-usd/lib/mayaUsd/nodes/hdImagingShape.h
[2023-04-06T14:18:08.223Z]     -- promoting: /local/S/jenkins/workspace/ECP/ecg-maya-usd/ecg-mayausd-branch-preflight-2020-osx/ecg-maya-usd/maya-usd/lib/mayaUsd/nodes/pointBasedDeformerNode.h
[2023-04-06T14:18:08.223Z]     -- promoting: /local/S/jenkins/workspace/ECP/ecg-maya-usd/ecg-mayausd-branch-preflight-2020-osx/ecg-maya-usd/maya-usd/lib/mayaUsd/nodes/proxyAccessor.h
[2023-04-06T14:18:08.223Z]     -- promoting: /local/S/jenkins/workspace/ECP/ecg-maya-usd/ecg-mayausd-branch-preflight-2020-osx/ecg-maya-usd/maya-usd/lib/mayaUsd/nodes/proxyShapeBase.h
[2023-04-06T14:18:08.223Z]     -- promoting: /local/S/jenkins/workspace/ECP/ecg-maya-usd/ecg-mayausd-branch-preflight-2020-osx/ecg-maya-usd/maya-usd/lib/mayaUsd/nodes/proxyShapePlugin.h
[2023-04-06T14:18:08.223Z]     -- promoting: /local/S/jenkins/workspace/ECP/ecg-maya-usd/ecg-mayausd-branch-preflight-2020-osx/ecg-maya-usd/maya-usd/lib/mayaUsd/nodes/proxyStageProvider.h
[2023-04-06T14:18:08.223Z]     -- promoting: /local/S/jenkins/workspace/ECP/ecg-maya-usd/ecg-mayausd-branch-preflight-2020-osx/ecg-maya-usd/maya-usd/lib/mayaUsd/nodes/proxyShapeStageExtraData.h
[2023-04-06T14:18:08.223Z]     -- promoting: /local/S/jenkins/workspace/ECP/ecg-maya-usd/ecg-mayausd-branch-preflight-2020-osx/ecg-maya-usd/maya-usd/lib/mayaUsd/nodes/proxyShapeUpdateManager.h
[2023-04-06T14:18:08.223Z]     -- promoting: /local/S/jenkins/workspace/ECP/ecg-maya-usd/ecg-mayausd-branch-preflight-2020-osx/ecg-maya-usd/maya-usd/lib/mayaUsd/nodes/stageData.h
[2023-04-06T14:18:08.223Z]     -- promoting: /local/S/jenkins/workspace/ECP/ecg-maya-usd/ecg-mayausd-branch-preflight-2020-osx/ecg-maya-usd/maya-usd/lib/mayaUsd/nodes/stageNode.h
[2023-04-06T14:18:08.223Z]     -- promoting: /local/S/jenkins/workspace/ECP/ecg-maya-usd/ecg-mayausd-branch-preflight-2020-osx/ecg-maya-usd/maya-usd/lib/mayaUsd/nodes/usdPrimProvider.h
[2023-04-06T14:18:08.223Z]     -- promoting: /local/S/jenkins/workspace/ECP/ecg-maya-usd/ecg-mayausd-branch-preflight-2020-osx/ecg-maya-usd/maya-usd/lib/mayaUsd/nodes/layerManager.h
[2023-04-06T14:18:08.223Z]     -- promoting: /local/S/jenkins/workspace/ECP/ecg-maya-usd/ecg-mayausd-branch-preflight-2020-osx/ecg-maya-usd/maya-usd/lib/mayaUsd/render/px_vp20/glslProgram.h
[2023-04-06T14:18:08.223Z]     -- promoting: /local/S/jenkins/workspace/ECP/ecg-maya-usd/ecg-mayausd-branch-preflight-2020-osx/ecg-maya-usd/maya-usd/lib/mayaUsd/render/px_vp20/utils.h
[2023-04-06T14:18:08.223Z]     -- promoting: /local/S/jenkins/workspace/ECP/ecg-maya-usd/ecg-mayausd-branch-preflight-2020-osx/ecg-maya-usd/maya-usd/lib/mayaUsd/render/px_vp20/utils_legacy.h
[2023-04-06T14:18:08.223Z]     -- promoting: /local/S/jenkins/workspace/ECP/ecg-maya-usd/ecg-mayausd-branch-preflight-2020-osx/ecg-maya-usd/maya-usd/lib/mayaUsd/render/pxrUsdMayaGL/batchRenderer.h
[2023-04-06T14:18:08.223Z]     -- promoting: /local/S/jenkins/workspace/ECP/ecg-maya-usd/ecg-mayausd-branch-preflight-2020-osx/ecg-maya-usd/maya-usd/lib/mayaUsd/render/pxrUsdMayaGL/debugCodes.h
[2023-04-06T14:18:08.223Z]     -- promoting: /local/S/jenkins/workspace/ECP/ecg-maya-usd/ecg-mayausd-branch-preflight-2020-osx/ecg-maya-usd/maya-usd/lib/mayaUsd/render/pxrUsdMayaGL/hdImagingShapeDrawOverride.h
[2023-04-06T14:18:08.223Z]     -- promoting: /local/S/jenkins/workspace/ECP/ecg-maya-usd/ecg-mayausd-branch-preflight-2020-osx/ecg-maya-usd/maya-usd/lib/mayaUsd/render/pxrUsdMayaGL/hdImagingShapeUI.h
[2023-04-06T14:18:08.223Z]     -- promoting: /local/S/jenkins/workspace/ECP/ecg-maya-usd/ecg-mayausd-branch-preflight-2020-osx/ecg-maya-usd/maya-usd/lib/mayaUsd/render/pxrUsdMayaGL/instancerImager.h
[2023-04-06T14:18:08.223Z]     -- promoting: /local/S/jenkins/workspace/ECP/ecg-maya-usd/ecg-mayausd-branch-preflight-2020-osx/ecg-maya-usd/maya-usd/lib/mayaUsd/render/pxrUsdMayaGL/instancerShapeAdapter.h
[2023-04-06T14:18:08.223Z]     -- promoting: /local/S/jenkins/workspace/ECP/ecg-maya-usd/ecg-mayausd-branch-preflight-2020-osx/ecg-maya-usd/maya-usd/lib/mayaUsd/render/pxrUsdMayaGL/proxyDrawOverride.h
[2023-04-06T14:18:08.223Z]     -- promoting: /local/S/jenkins/workspace/ECP/ecg-maya-usd/ecg-mayausd-branch-preflight-2020-osx/ecg-maya-usd/maya-usd/lib/mayaUsd/render/pxrUsdMayaGL/proxyShapeUI.h
[2023-04-06T14:18:08.223Z]     -- promoting: /local/S/jenkins/workspace/ECP/ecg-maya-usd/ecg-mayausd-branch-preflight-2020-osx/ecg-maya-usd/maya-usd/lib/mayaUsd/render/pxrUsdMayaGL/renderParams.h
[2023-04-06T14:18:08.223Z]     -- promoting: /local/S/jenkins/workspace/ECP/ecg-maya-usd/ecg-mayausd-branch-preflight-2020-osx/ecg-maya-usd/maya-usd/lib/mayaUsd/render/pxrUsdMayaGL/sceneDelegate.h
[2023-04-06T14:18:08.223Z]     -- promoting: /local/S/jenkins/workspace/ECP/ecg-maya-usd/ecg-mayausd-branch-preflight-2020-osx/ecg-maya-usd/maya-usd/lib/mayaUsd/render/pxrUsdMayaGL/shapeAdapter.h
[2023-04-06T14:18:08.223Z]     -- promoting: /local/S/jenkins/workspace/ECP/ecg-maya-usd/ecg-mayausd-branch-preflight-2020-osx/ecg-maya-usd/maya-usd/lib/mayaUsd/render/pxrUsdMayaGL/softSelectHelper.h
[2023-04-06T14:18:08.223Z]     -- promoting: /local/S/jenkins/workspace/ECP/ecg-maya-usd/ecg-mayausd-branch-preflight-2020-osx/ecg-maya-usd/maya-usd/lib/mayaUsd/render/pxrUsdMayaGL/usdProxyShapeAdapter.h
[2023-04-06T14:18:08.223Z]     -- promoting: /local/S/jenkins/workspace/ECP/ecg-maya-usd/ecg-mayausd-branch-preflight-2020-osx/ecg-maya-usd/maya-usd/lib/mayaUsd/render/pxrUsdMayaGL/userData.h
[2023-04-06T14:18:08.223Z]     -- promoting: /local/S/jenkins/workspace/ECP/ecg-maya-usd/ecg-mayausd-branch-preflight-2020-osx/ecg-maya-usd/maya-usd/lib/mayaUsd/render/vp2RenderDelegate/proxyRenderDelegate.h
[2023-04-06T14:18:08.223Z]     -- promoting: /local/S/jenkins/workspace/ECP/ecg-maya-usd/ecg-mayausd-branch-preflight-2020-osx/ecg-maya-usd/maya-usd/lib/mayaUsd/render/vp2ShaderFragments/shaderFragments.h
[2023-04-06T14:18:08.223Z]     -- promoting: /local/S/jenkins/workspace/ECP/ecg-maya-usd/ecg-mayausd-branch-preflight-2020-osx/ecg-maya-usd/maya-usd/lib/mayaUsd/ufe/Global.h
[2023-04-06T14:18:08.223Z]     -- promoting: /local/S/jenkins/workspace/ECP/ecg-maya-usd/ecg-mayausd-branch-preflight-2020-osx/ecg-maya-usd/maya-usd/lib/mayaUsd/ufe/ProxyShapeHandler.h
[2023-04-06T14:18:08.223Z]     -- promoting: /local/S/jenkins/workspace/ECP/ecg-maya-usd/ecg-mayausd-branch-preflight-2020-osx/ecg-maya-usd/maya-usd/lib/mayaUsd/ufe/ProxyShapeHierarchy.h
[2023-04-06T14:18:08.223Z]     -- promoting: /local/S/jenkins/workspace/ECP/ecg-maya-usd/ecg-mayausd-branch-preflight-2020-osx/ecg-maya-usd/maya-usd/lib/mayaUsd/ufe/ProxyShapeHierarchyHandler.h
[2023-04-06T14:18:08.223Z]     -- promoting: /local/S/jenkins/workspace/ECP/ecg-maya-usd/ecg-mayausd-branch-preflight-2020-osx/ecg-maya-usd/maya-usd/lib/mayaUsd/ufe/SetVariantSelectionCommand.h
[2023-04-06T14:18:08.223Z]     -- promoting: /local/S/jenkins/workspace/ECP/ecg-maya-usd/ecg-mayausd-branch-preflight-2020-osx/ecg-maya-usd/maya-usd/lib/mayaUsd/ufe/StagesSubject.h
[2023-04-06T14:18:08.223Z]     -- promoting: /local/S/jenkins/workspace/ECP/ecg-maya-usd/ecg-mayausd-branch-preflight-2020-osx/ecg-maya-usd/maya-usd/lib/mayaUsd/ufe/UsdHierarchy.h
[2023-04-06T14:18:08.223Z]     -- promoting: /local/S/jenkins/workspace/ECP/ecg-maya-usd/ecg-mayausd-branch-preflight-2020-osx/ecg-maya-usd/maya-usd/lib/mayaUsd/ufe/UsdHierarchyHandler.h
[2023-04-06T14:18:08.224Z]     -- promoting: /local/S/jenkins/workspace/ECP/ecg-maya-usd/ecg-mayausd-branch-preflight-2020-osx/ecg-maya-usd/maya-usd/lib/mayaUsd/ufe/UsdPointInstanceModifierBase.h
[2023-04-06T14:18:08.224Z]     -- promoting: /local/S/jenkins/workspace/ECP/ecg-maya-usd/ecg-mayausd-branch-preflight-2020-osx/ecg-maya-usd/maya-usd/lib/mayaUsd/ufe/UsdPointInstanceOrientationModifier.h
[2023-04-06T14:18:08.224Z]     -- promoting: /local/S/jenkins/workspace/ECP/ecg-maya-usd/ecg-mayausd-branch-preflight-2020-osx/ecg-maya-usd/maya-usd/lib/mayaUsd/ufe/UsdPointInstancePositionModifier.h
[2023-04-06T14:18:08.224Z]     -- promoting: /local/S/jenkins/workspace/ECP/ecg-maya-usd/ecg-mayausd-branch-preflight-2020-osx/ecg-maya-usd/maya-usd/lib/mayaUsd/ufe/UsdPointInstanceScaleModifier.h
[2023-04-06T14:18:08.224Z]     -- promoting: /local/S/jenkins/workspace/ECP/ecg-maya-usd/ecg-mayausd-branch-preflight-2020-osx/ecg-maya-usd/maya-usd/lib/mayaUsd/ufe/UsdRootChildHierarchy.h
[2023-04-06T14:18:08.224Z]     -- promoting: /local/S/jenkins/workspace/ECP/ecg-maya-usd/ecg-mayausd-branch-preflight-2020-osx/ecg-maya-usd/maya-usd/lib/mayaUsd/ufe/UsdRotatePivotTranslateUndoableCommand.h
[2023-04-06T14:18:08.224Z]     -- promoting: /local/S/jenkins/workspace/ECP/ecg-maya-usd/ecg-mayausd-branch-preflight-2020-osx/ecg-maya-usd/maya-usd/lib/mayaUsd/ufe/UsdRotateUndoableCommand.h
[2023-04-06T14:18:08.224Z]     -- promoting: /local/S/jenkins/workspace/ECP/ecg-maya-usd/ecg-mayausd-branch-preflight-2020-osx/ecg-maya-usd/maya-usd/lib/mayaUsd/ufe/UsdScaleUndoableCommand.h
[2023-04-06T14:18:08.224Z]     -- promoting: /local/S/jenkins/workspace/ECP/ecg-maya-usd/ecg-mayausd-branch-preflight-2020-osx/ecg-maya-usd/maya-usd/lib/mayaUsd/ufe/UsdSceneItem.h
[2023-04-06T14:18:08.224Z]     -- promoting: /local/S/jenkins/workspace/ECP/ecg-maya-usd/ecg-mayausd-branch-preflight-2020-osx/ecg-maya-usd/maya-usd/lib/mayaUsd/ufe/UsdSceneItemOps.h
[2023-04-06T14:18:08.224Z]     -- promoting: /local/S/jenkins/workspace/ECP/ecg-maya-usd/ecg-mayausd-branch-preflight-2020-osx/ecg-maya-usd/maya-usd/lib/mayaUsd/ufe/UsdSceneItemOpsHandler.h
[2023-04-06T14:18:08.224Z]     -- promoting: /local/S/jenkins/workspace/ECP/ecg-maya-usd/ecg-mayausd-branch-preflight-2020-osx/ecg-maya-usd/maya-usd/lib/mayaUsd/ufe/UsdStageMap.h
[2023-04-06T14:18:08.224Z]     -- promoting: /local/S/jenkins/workspace/ECP/ecg-maya-usd/ecg-mayausd-branch-preflight-2020-osx/ecg-maya-usd/maya-usd/lib/mayaUsd/ufe/UsdTRSUndoableCommandBase.h
[2023-04-06T14:18:08.224Z]     -- promoting: /local/S/jenkins/workspace/ECP/ecg-maya-usd/ecg-mayausd-branch-preflight-2020-osx/ecg-maya-usd/maya-usd/lib/mayaUsd/ufe/UsdTransform3d.h
[2023-04-06T14:18:08.224Z]     -- promoting: /local/S/jenkins/workspace/ECP/ecg-maya-usd/ecg-mayausd-branch-preflight-2020-osx/ecg-maya-usd/maya-usd/lib/mayaUsd/ufe/UsdTransform3dReadImpl.h
[2023-04-06T14:18:08.224Z]     -- promoting: /local/S/jenkins/workspace/ECP/ecg-maya-usd/ecg-mayausd-branch-preflight-2020-osx/ecg-maya-usd/maya-usd/lib/mayaUsd/ufe/UsdTransform3dHandler.h
[2023-04-06T14:18:08.224Z]     -- promoting: /local/S/jenkins/workspace/ECP/ecg-maya-usd/ecg-mayausd-branch-preflight-2020-osx/ecg-maya-usd/maya-usd/lib/mayaUsd/ufe/UsdTranslateUndoableCommand.h
[2023-04-06T14:18:08.224Z]     -- promoting: /local/S/jenkins/workspace/ECP/ecg-maya-usd/ecg-mayausd-branch-preflight-2020-osx/ecg-maya-usd/maya-usd/lib/mayaUsd/ufe/UsdUndoDeleteCommand.h
[2023-04-06T14:18:08.224Z]     -- promoting: /local/S/jenkins/workspace/ECP/ecg-maya-usd/ecg-mayausd-branch-preflight-2020-osx/ecg-maya-usd/maya-usd/lib/mayaUsd/ufe/UsdUndoDuplicateCommand.h
[2023-04-06T14:18:08.224Z]     -- promoting: /local/S/jenkins/workspace/ECP/ecg-maya-usd/ecg-mayausd-branch-preflight-2020-osx/ecg-maya-usd/maya-usd/lib/mayaUsd/ufe/UsdUndoRenameCommand.h
[2023-04-06T14:18:08.224Z]     -- promoting: /local/S/jenkins/workspace/ECP/ecg-maya-usd/ecg-mayausd-branch-preflight-2020-osx/ecg-maya-usd/maya-usd/lib/mayaUsd/ufe/Utils.h
[2023-04-06T14:18:08.224Z]     -- promoting: /local/S/jenkins/workspace/ECP/ecg-maya-usd/ecg-mayausd-branch-preflight-2020-osx/ecg-maya-usd/maya-usd/lib/mayaUsd/ufe/UfeVersionCompat.h
[2023-04-06T14:18:08.224Z]     -- promoting: /local/S/jenkins/workspace/ECP/ecg-maya-usd/ecg-mayausd-branch-preflight-2020-osx/ecg-maya-usd/maya-usd/lib/mayaUsd/undo/OpUndoItemList.h
[2023-04-06T14:18:08.224Z]     -- promoting: /local/S/jenkins/workspace/ECP/ecg-maya-usd/ecg-mayausd-branch-preflight-2020-osx/ecg-maya-usd/maya-usd/lib/mayaUsd/undo/OpUndoItemMuting.h
[2023-04-06T14:18:08.224Z]     -- promoting: /local/S/jenkins/workspace/ECP/ecg-maya-usd/ecg-mayausd-branch-preflight-2020-osx/ecg-maya-usd/maya-usd/lib/mayaUsd/undo/OpUndoItemRecorder.h
[2023-04-06T14:18:08.224Z]     -- promoting: /local/S/jenkins/workspace/ECP/ecg-maya-usd/ecg-mayausd-branch-preflight-2020-osx/ecg-maya-usd/maya-usd/lib/mayaUsd/undo/OpUndoItems.h
[2023-04-06T14:18:08.224Z]     -- promoting: /local/S/jenkins/workspace/ECP/ecg-maya-usd/ecg-mayausd-branch-preflight-2020-osx/ecg-maya-usd/maya-usd/lib/mayaUsd/undo/UsdUndoBlock.h
[2023-04-06T14:18:08.224Z]     -- promoting: /local/S/jenkins/workspace/ECP/ecg-maya-usd/ecg-mayausd-branch-preflight-2020-osx/ecg-maya-usd/maya-usd/lib/mayaUsd/undo/UsdUndoManager.h
[2023-04-06T14:18:08.224Z]     -- promoting: /local/S/jenkins/workspace/ECP/ecg-maya-usd/ecg-mayausd-branch-preflight-2020-osx/ecg-maya-usd/maya-usd/lib/mayaUsd/undo/UsdUndoStateDelegate.h
[2023-04-06T14:18:08.224Z]     -- promoting: /local/S/jenkins/workspace/ECP/ecg-maya-usd/ecg-mayausd-branch-preflight-2020-osx/ecg-maya-usd/maya-usd/lib/mayaUsd/undo/UsdUndoableItem.h
[2023-04-06T14:18:08.224Z]     -- promoting: /local/S/jenkins/workspace/ECP/ecg-maya-usd/ecg-mayausd-branch-preflight-2020-osx/ecg-maya-usd/maya-usd/lib/mayaUsd/utils/blockSceneModificationContext.h
[2023-04-06T14:18:08.224Z]     -- promoting: /local/S/jenkins/workspace/ECP/ecg-maya-usd/ecg-mayausd-branch-preflight-2020-osx/ecg-maya-usd/maya-usd/lib/mayaUsd/utils/colorSpace.h
[2023-04-06T14:18:08.224Z]     -- promoting: /local/S/jenkins/workspace/ECP/ecg-maya-usd/ecg-mayausd-branch-preflight-2020-osx/ecg-maya-usd/maya-usd/lib/mayaUsd/utils/customLayerData.h
[2023-04-06T14:18:08.224Z]     -- promoting: /local/S/jenkins/workspace/ECP/ecg-maya-usd/ecg-mayausd-branch-preflight-2020-osx/ecg-maya-usd/maya-usd/lib/mayaUsd/utils/converter.h
[2023-04-06T14:18:08.224Z]     -- promoting: /local/S/jenkins/workspace/ECP/ecg-maya-usd/ecg-mayausd-branch-preflight-2020-osx/ecg-maya-usd/maya-usd/lib/mayaUsd/utils/diagnosticDelegate.h
[2023-04-06T14:18:08.224Z]     -- promoting: /local/S/jenkins/workspace/ECP/ecg-maya-usd/ecg-mayausd-branch-preflight-2020-osx/ecg-maya-usd/maya-usd/lib/mayaUsd/utils/dynamicAttribute.h
[2023-04-06T14:18:08.224Z]     -- promoting: /local/S/jenkins/workspace/ECP/ecg-maya-usd/ecg-mayausd-branch-preflight-2020-osx/ecg-maya-usd/maya-usd/lib/mayaUsd/utils/editability.h
[2023-04-06T14:18:08.224Z]     -- promoting: /local/S/jenkins/workspace/ECP/ecg-maya-usd/ecg-mayausd-branch-preflight-2020-osx/ecg-maya-usd/maya-usd/lib/mayaUsd/utils/editRouter.h
[2023-04-06T14:18:08.224Z]     -- promoting: /local/S/jenkins/workspace/ECP/ecg-maya-usd/ecg-mayausd-branch-preflight-2020-osx/ecg-maya-usd/maya-usd/lib/mayaUsd/utils/editRouterContext.h
[2023-04-06T14:18:08.224Z]     -- promoting: /local/S/jenkins/workspace/ECP/ecg-maya-usd/ecg-mayausd-branch-preflight-2020-osx/ecg-maya-usd/maya-usd/lib/mayaUsd/utils/hash.h
[2023-04-06T14:18:08.224Z]     -- promoting: /local/S/jenkins/workspace/ECP/ecg-maya-usd/ecg-mayausd-branch-preflight-2020-osx/ecg-maya-usd/maya-usd/lib/mayaUsd/utils/layerMuting.h
[2023-04-06T14:18:08.224Z]     -- promoting: /local/S/jenkins/workspace/ECP/ecg-maya-usd/ecg-mayausd-branch-preflight-2020-osx/ecg-maya-usd/maya-usd/lib/mayaUsd/utils/layers.h
[2023-04-06T14:18:08.224Z]     -- promoting: /local/S/jenkins/workspace/ECP/ecg-maya-usd/ecg-mayausd-branch-preflight-2020-osx/ecg-maya-usd/maya-usd/lib/mayaUsd/utils/loadRules.h
[2023-04-06T14:18:08.224Z]     -- promoting: /local/S/jenkins/workspace/ECP/ecg-maya-usd/ecg-mayausd-branch-preflight-2020-osx/ecg-maya-usd/maya-usd/lib/mayaUsd/utils/query.h
[2023-04-06T14:18:08.224Z]     -- promoting: /local/S/jenkins/workspace/ECP/ecg-maya-usd/ecg-mayausd-branch-preflight-2020-osx/ecg-maya-usd/maya-usd/lib/mayaUsd/utils/plugRegistryHelper.h
[2023-04-06T14:18:08.224Z]     -- promoting: /local/S/jenkins/workspace/ECP/ecg-maya-usd/ecg-mayausd-branch-preflight-2020-osx/ecg-maya-usd/maya-usd/lib/mayaUsd/utils/progressBarScope.h
[2023-04-06T14:18:08.224Z]     -- promoting: /local/S/jenkins/workspace/ECP/ecg-maya-usd/ecg-mayausd-branch-preflight-2020-osx/ecg-maya-usd/maya-usd/lib/mayaUsd/utils/selectability.h
[2023-04-06T14:18:08.224Z]     -- promoting: /local/S/jenkins/workspace/ECP/ecg-maya-usd/ecg-mayausd-branch-preflight-2020-osx/ecg-maya-usd/maya-usd/lib/mayaUsd/utils/stageCache.h
[2023-04-06T14:18:08.224Z]     -- promoting: /local/S/jenkins/workspace/ECP/ecg-maya-usd/ecg-mayausd-branch-preflight-2020-osx/ecg-maya-usd/maya-usd/lib/mayaUsd/utils/targetLayer.h
[2023-04-06T14:18:08.224Z]     -- promoting: /local/S/jenkins/workspace/ECP/ecg-maya-usd/ecg-mayausd-branch-preflight-2020-osx/ecg-maya-usd/maya-usd/lib/mayaUsd/utils/traverseLayer.h
[2023-04-06T14:18:08.224Z]     -- promoting: /local/S/jenkins/workspace/ECP/ecg-maya-usd/ecg-mayausd-branch-preflight-2020-osx/ecg-maya-usd/maya-usd/lib/mayaUsd/utils/undoHelperCommand.h
[2023-04-06T14:18:08.224Z]     -- promoting: /local/S/jenkins/workspace/ECP/ecg-maya-usd/ecg-mayausd-branch-preflight-2020-osx/ecg-maya-usd/maya-usd/lib/mayaUsd/utils/util.h
[2023-04-06T14:18:08.224Z]     -- promoting: /local/S/jenkins/workspace/ECP/ecg-maya-usd/ecg-mayausd-branch-preflight-2020-osx/ecg-maya-usd/maya-usd/lib/mayaUsd/utils/utilDictionary.h
[2023-04-06T14:18:08.224Z]     -- promoting: /local/S/jenkins/workspace/ECP/ecg-maya-usd/ecg-mayausd-branch-preflight-2020-osx/ecg-maya-usd/maya-usd/lib/mayaUsd/utils/utilFileSystem.h
[2023-04-06T14:18:08.224Z]     -- promoting: /local/S/jenkins/workspace/ECP/ecg-maya-usd/ecg-mayausd-branch-preflight-2020-osx/ecg-maya-usd/maya-usd/lib/mayaUsd/utils/utilSerialization.h
[2023-04-06T14:18:08.224Z]     -- promoting: /local/S/jenkins/workspace/ECP/ecg-maya-usd/ecg-mayausd-branch-preflight-2020-osx/ecg-maya-usd/maya-usd/lib/mayaUsd/utils/variants.h
[2023-04-06T14:18:08.224Z]     -- promoting: /local/S/jenkins/workspace/ECP/ecg-maya-usd/ecg-mayausd-branch-preflight-2020-osx/ecg-maya-usd/maya-usd/lib/usd/pxrUsdPreviewSurface/usdPreviewSurface.h
[2023-04-06T14:18:08.224Z]     -- promoting: /local/S/jenkins/workspace/ECP/ecg-maya-usd/ecg-mayausd-branch-preflight-2020-osx/ecg-maya-usd/maya-usd/lib/usd/pxrUsdPreviewSurface/usdPreviewSurfacePlugin.h
[2023-04-06T14:18:08.224Z]     -- promoting: /local/S/jenkins/workspace/ECP/ecg-maya-usd/ecg-mayausd-branch-preflight-2020-osx/ecg-maya-usd/maya-usd/lib/usd/schemas/api.h
[2023-04-06T14:18:08.224Z]     -- promoting: /local/S/jenkins/workspace/ECP/ecg-maya-usd/ecg-mayausd-branch-preflight-2020-osx/ecg-maya-usd/maya-usd/lib/usd/schemas/ALMayaReference.h
[2023-04-06T14:18:08.224Z]     -- promoting: /local/S/jenkins/workspace/ECP/ecg-maya-usd/ecg-mayausd-branch-preflight-2020-osx/ecg-maya-usd/maya-usd/lib/usd/schemas/MayaReference.h
[2023-04-06T14:18:08.224Z]     -- promoting: /local/S/jenkins/workspace/ECP/ecg-maya-usd/ecg-mayausd-branch-preflight-2020-osx/ecg-maya-usd/maya-usd/lib/usd/schemas/tokens.h
[2023-04-06T14:18:09.361Z]     #################################################################################################
[2023-04-06T14:18:09.361Z]     #  USD_DISABLE_PRIM_DEFINITIONS_FOR_USDGENSCHEMA is overridden to 'true'.  Default is 'false'.  #
[2023-04-06T14:18:09.361Z]     #################################################################################################
[2023-04-06T14:18:09.568Z]     Processing schema classes:
[2023-04-06T14:18:09.568Z]     MayaReference, ALMayaReference
[2023-04-06T14:18:09.568Z]     Loading Templates from /local/S/jenkins/workspace/shared/Artifactory/OSX/USD/b41f6d4/lib/usd/usd/resources/codegenTemplates
[2023-04-06T14:18:09.568Z]     Writing API:
[2023-04-06T14:18:09.568Z]     	    wrote /local/S/jenkins/workspace/ECP/ecg-maya-usd/ecg-mayausd-branch-preflight-2020-osx/build/RelWithDebInfo/lib/usd/schemas/api.h
[2023-04-06T14:18:09.568Z]     Writing Schema Tokens:
[2023-04-06T14:18:09.568Z]     	    wrote /local/S/jenkins/workspace/ECP/ecg-maya-usd/ecg-mayausd-branch-preflight-2020-osx/build/RelWithDebInfo/lib/usd/schemas/tokens.h
[2023-04-06T14:18:09.568Z]     	    wrote /local/S/jenkins/workspace/ECP/ecg-maya-usd/ecg-mayausd-branch-preflight-2020-osx/build/RelWithDebInfo/lib/usd/schemas/tokens.cpp
[2023-04-06T14:18:09.568Z]     	    wrote /local/S/jenkins/workspace/ECP/ecg-maya-usd/ecg-mayausd-branch-preflight-2020-osx/build/RelWithDebInfo/lib/usd/schemas/wrapTokens.cpp
[2023-04-06T14:18:09.568Z]     Generating Classes:
[2023-04-06T14:18:09.568Z]     	    wrote /local/S/jenkins/workspace/ECP/ecg-maya-usd/ecg-mayausd-branch-preflight-2020-osx/build/RelWithDebInfo/lib/usd/schemas/MayaReference.h
[2023-04-06T14:18:09.568Z]     	    wrote /local/S/jenkins/workspace/ECP/ecg-maya-usd/ecg-mayausd-branch-preflight-2020-osx/build/RelWithDebInfo/lib/usd/schemas/MayaReference.cpp
[2023-04-06T14:18:09.568Z]     	    wrote /local/S/jenkins/workspace/ECP/ecg-maya-usd/ecg-mayausd-branch-preflight-2020-osx/build/RelWithDebInfo/lib/usd/schemas/wrapMayaReference.cpp
[2023-04-06T14:18:09.568Z]     	    wrote /local/S/jenkins/workspace/ECP/ecg-maya-usd/ecg-mayausd-branch-preflight-2020-osx/build/RelWithDebInfo/lib/usd/schemas/ALMayaReference.h
[2023-04-06T14:18:09.568Z]     	    wrote /local/S/jenkins/workspace/ECP/ecg-maya-usd/ecg-mayausd-branch-preflight-2020-osx/build/RelWithDebInfo/lib/usd/schemas/ALMayaReference.cpp
[2023-04-06T14:18:09.568Z]     	    wrote /local/S/jenkins/workspace/ECP/ecg-maya-usd/ecg-mayausd-branch-preflight-2020-osx/build/RelWithDebInfo/lib/usd/schemas/wrapALMayaReference.cpp
[2023-04-06T14:18:09.568Z]     Loading Templates from /local/S/jenkins/workspace/shared/Artifactory/OSX/USD/b41f6d4/lib/usd/usd/resources/codegenTemplates
[2023-04-06T14:18:09.568Z]     	    wrote /local/S/jenkins/workspace/ECP/ecg-maya-usd/ecg-mayausd-branch-preflight-2020-osx/build/RelWithDebInfo/lib/usd/schemas/plugInfo.json
[2023-04-06T14:18:09.568Z]     Generating Schematics:
[2023-04-06T14:18:09.568Z]     	    wrote /local/S/jenkins/workspace/ECP/ecg-maya-usd/ecg-mayausd-branch-preflight-2020-osx/build/RelWithDebInfo/lib/usd/schemas/generatedSchema.usda
[2023-04-06T14:18:09.568Z]     -- promoting: /local/S/jenkins/workspace/ECP/ecg-maya-usd/ecg-mayausd-branch-preflight-2020-osx/ecg-maya-usd/maya-usd/lib/usd/utils/ALHalf.h
[2023-04-06T14:18:09.568Z]     -- promoting: /local/S/jenkins/workspace/ECP/ecg-maya-usd/ecg-mayausd-branch-preflight-2020-osx/ecg-maya-usd/maya-usd/lib/usd/utils/Api.h
[2023-04-06T14:18:09.568Z]     -- promoting: /local/S/jenkins/workspace/ECP/ecg-maya-usd/ecg-mayausd-branch-preflight-2020-osx/ecg-maya-usd/maya-usd/lib/usd/utils/DebugCodes.h
[2023-04-06T14:18:09.568Z]     -- promoting: /local/S/jenkins/workspace/ECP/ecg-maya-usd/ecg-mayausd-branch-preflight-2020-osx/ecg-maya-usd/maya-usd/lib/usd/utils/DiffCore.h
[2023-04-06T14:18:09.568Z]     -- promoting: /local/S/jenkins/workspace/ECP/ecg-maya-usd/ecg-mayausd-branch-preflight-2020-osx/ecg-maya-usd/maya-usd/lib/usd/utils/DiffPrims.h
[2023-04-06T14:18:09.568Z]     -- promoting: /local/S/jenkins/workspace/ECP/ecg-maya-usd/ecg-mayausd-branch-preflight-2020-osx/ecg-maya-usd/maya-usd/lib/usd/utils/MergePrims.h
[2023-04-06T14:18:09.568Z]     -- promoting: /local/S/jenkins/workspace/ECP/ecg-maya-usd/ecg-mayausd-branch-preflight-2020-osx/ecg-maya-usd/maya-usd/lib/usd/utils/MergePrimsOptions.h
[2023-04-06T14:18:09.568Z]     -- promoting: /local/S/jenkins/workspace/ECP/ecg-maya-usd/ecg-mayausd-branch-preflight-2020-osx/ecg-maya-usd/maya-usd/lib/usd/utils/ForwardDeclares.h
[2023-04-06T14:18:09.568Z]     -- promoting: /local/S/jenkins/workspace/ECP/ecg-maya-usd/ecg-mayausd-branch-preflight-2020-osx/ecg-maya-usd/maya-usd/lib/usd/utils/SIMD.h
[2023-04-06T14:18:09.568Z]     -- promoting: /local/S/jenkins/workspace/ECP/ecg-maya-usd/ecg-mayausd-branch-preflight-2020-osx/ecg-maya-usd/maya-usd/lib/usd/utils/util.h
[2023-04-06T14:18:09.568Z]     -- promoting: /local/S/jenkins/workspace/ECP/ecg-maya-usd/ecg-mayausd-branch-preflight-2020-osx/ecg-maya-usd/maya-usd/lib/usd/ui/layerEditor/batchSaveLayersUIDelegate.h
[2023-04-06T14:18:09.669Z]     -- promoting: /local/S/jenkins/workspace/ECP/ecg-maya-usd/ecg-mayausd-branch-preflight-2020-osx/ecg-maya-usd/maya-usd/lib/usd/ui/importDialog/IMayaMQtUtil.h
[2023-04-06T14:18:09.669Z]     -- promoting: /local/S/jenkins/workspace/ECP/ecg-maya-usd/ecg-mayausd-branch-preflight-2020-osx/ecg-maya-usd/maya-usd/lib/usd/ui/importDialog/ItemDelegate.h
[2023-04-06T14:18:09.669Z]     -- promoting: /local/S/jenkins/workspace/ECP/ecg-maya-usd/ecg-mayausd-branch-preflight-2020-osx/ecg-maya-usd/maya-usd/lib/usd/ui/importDialog/IUSDImportView.h
[2023-04-06T14:18:09.669Z]     -- promoting: /local/S/jenkins/workspace/ECP/ecg-maya-usd/ecg-mayausd-branch-preflight-2020-osx/ecg-maya-usd/maya-usd/lib/usd/ui/importDialog/TreeItem.h
[2023-04-06T14:18:09.669Z]     -- promoting: /local/S/jenkins/workspace/ECP/ecg-maya-usd/ecg-mayausd-branch-preflight-2020-osx/ecg-maya-usd/maya-usd/lib/usd/ui/importDialog/TreeModel.h
[2023-04-06T14:18:09.669Z]     -- promoting: /local/S/jenkins/workspace/ECP/ecg-maya-usd/ecg-mayausd-branch-preflight-2020-osx/ecg-maya-usd/maya-usd/lib/usd/ui/importDialog/TreeModelFactory.h
[2023-04-06T14:18:09.669Z]     -- promoting: /local/S/jenkins/workspace/ECP/ecg-maya-usd/ecg-mayausd-branch-preflight-2020-osx/ecg-maya-usd/maya-usd/lib/usd/ui/importDialog/USDImportDialog.h
[2023-04-06T14:18:09.669Z]     -- promoting: /local/S/jenkins/workspace/ECP/ecg-maya-usd/ecg-mayausd-branch-preflight-2020-osx/ecg-maya-usd/maya-usd/lib/usd/ui/importDialog/USDImportDialogCmd.h
[2023-04-06T14:18:09.669Z]     -- promoting: /local/S/jenkins/workspace/ECP/ecg-maya-usd/ecg-mayausd-branch-preflight-2020-osx/ecg-maya-usd/maya-usd/lib/usd/ui/importDialog/USDQtUtil.h
[2023-04-06T14:18:09.669Z]     -- promoting: /local/S/jenkins/workspace/ECP/ecg-maya-usd/ecg-mayausd-branch-preflight-2020-osx/ecg-maya-usd/maya-usd/lib/usd/ui/api.h
[2023-04-06T14:18:09.669Z]     -- promoting: /local/S/jenkins/workspace/ECP/ecg-maya-usd/ecg-mayausd-branch-preflight-2020-osx/ecg-maya-usd/maya-usd/lib/usd/ui/initStringResources.h
[2023-04-06T14:18:09.669Z]     ========== Pixar USD Plugin ==========
[2023-04-06T14:18:09.669Z]     Compiling /local/S/jenkins/workspace/ECP/ecg-maya-usd/ecg-mayausd-branch-preflight-2020-osx/build/RelWithDebInfo/plugin/pxr/__init__.py ...
[2023-04-06T14:18:09.669Z]     ========== AL USD Plugin ==========
[2023-04-06T14:18:09.669Z]     CMake Deprecation Warning at plugin/al/CMakeLists.txt:7 (cmake_policy):
[2023-04-06T14:18:09.669Z]       The OLD behavior for policy CMP0026 will be removed from a future version
[2023-04-06T14:18:09.669Z]       of CMake.
[2023-04-06T14:18:09.669Z]     
[2023-04-06T14:18:09.669Z]       The cmake-policies(7) manual explains that the OLD behaviors of all
[2023-04-06T14:18:09.669Z]       policies are deprecated and that a policy should be set to OLD only under
[2023-04-06T14:18:09.669Z]       specific short-term circumstances.  Projects should be ported to the NEW
[2023-04-06T14:18:09.669Z]       behavior and not rely on setting a policy to OLD.
[2023-04-06T14:18:09.669Z]     
[2023-04-06T14:18:09.669Z]     
[2023-04-06T14:18:09.669Z]     -- Found Boost 1.70.0 at /local/S/jenkins/workspace/shared/Artifactory/OSX/USD/b41f6d4/lib/cmake/Boost-1.70.0
[2023-04-06T14:18:09.669Z]     --   Requested configuration: QUIET REQUIRED
[2023-04-06T14:18:09.778Z]     -- Found boost_headers 1.70.0 at /local/S/jenkins/workspace/shared/Artifactory/OSX/USD/b41f6d4/lib/cmake/boost_headers-1.70.0
[2023-04-06T14:18:09.778Z]     -- Found Boost: /local/S/jenkins/workspace/shared/Artifactory/OSX/USD/b41f6d4/lib/cmake/Boost-1.70.0/BoostConfig.cmake (found version "1.70.0")
[2023-04-06T14:18:09.778Z]     -- Found Boost 1.70.0 at /local/S/jenkins/workspace/shared/Artifactory/OSX/USD/b41f6d4/lib/cmake/Boost-1.70.0
[2023-04-06T14:18:09.778Z]     --   Requested configuration: QUIET REQUIRED COMPONENTS python
[2023-04-06T14:18:09.778Z]     -- Found boost_python 1.70.0 at /local/S/jenkins/workspace/shared/Artifactory/OSX/USD/b41f6d4/lib/cmake/boost_python-1.70.0
[2023-04-06T14:18:09.778Z]     --   libboost_python27.dylib
[2023-04-06T14:18:09.778Z]     -- Adding boost_python dependencies: headers
[2023-04-06T14:18:09.778Z]     -- Found Boost: /local/S/jenkins/workspace/shared/Artifactory/OSX/USD/b41f6d4/lib/cmake/Boost-1.70.0/BoostConfig.cmake (found version "1.70.0") found components: python
[2023-04-06T14:18:09.778Z]     -- Found GTest: /local/S/jenkins/workspace/ECP/ecg-maya-usd/ecg-mayausd-branch-preflight-2020-osx/build/RelWithDebInfo/googletest-install/lib/libgtest.dylib
[2023-04-06T14:18:09.983Z]     -- Building AL_USDMayaSchemas
[2023-04-06T14:18:10.296Z]     #################################################################################################
[2023-04-06T14:18:10.296Z]     #  USD_DISABLE_PRIM_DEFINITIONS_FOR_USDGENSCHEMA is overridden to 'true'.  Default is 'false'.  #
[2023-04-06T14:18:10.296Z]     #################################################################################################
[2023-04-06T14:18:10.406Z]     Processing schema classes:
[2023-04-06T14:18:10.406Z]     ALModelAPI, ALFrameRange
[2023-04-06T14:18:10.406Z]     Loading Templates from /local/S/jenkins/workspace/shared/Artifactory/OSX/USD/b41f6d4/lib/usd/usd/resources/codegenTemplates
[2023-04-06T14:18:10.406Z]     Writing API:
[2023-04-06T14:18:10.406Z]     	    wrote /local/S/jenkins/workspace/ECP/ecg-maya-usd/ecg-mayausd-branch-preflight-2020-osx/build/RelWithDebInfo/plugin/al/schemas/AL/usd/schemas/maya/api.h
[2023-04-06T14:18:10.406Z]     Writing Schema Tokens:
[2023-04-06T14:18:10.406Z]     	    wrote /local/S/jenkins/workspace/ECP/ecg-maya-usd/ecg-mayausd-branch-preflight-2020-osx/build/RelWithDebInfo/plugin/al/schemas/AL/usd/schemas/maya/tokens.h
[2023-04-06T14:18:10.406Z]     	    wrote /local/S/jenkins/workspace/ECP/ecg-maya-usd/ecg-mayausd-branch-preflight-2020-osx/build/RelWithDebInfo/plugin/al/schemas/AL/usd/schemas/maya/tokens.cpp
[2023-04-06T14:18:10.406Z]     	    wrote /local/S/jenkins/workspace/ECP/ecg-maya-usd/ecg-mayausd-branch-preflight-2020-osx/build/RelWithDebInfo/plugin/al/schemas/AL/usd/schemas/maya/wrapTokens.cpp
[2023-04-06T14:18:10.406Z]     Generating Classes:
[2023-04-06T14:18:10.406Z]     	    wrote /local/S/jenkins/workspace/ECP/ecg-maya-usd/ecg-mayausd-branch-preflight-2020-osx/build/RelWithDebInfo/plugin/al/schemas/AL/usd/schemas/maya/ModelAPI.h
[2023-04-06T14:18:10.406Z]     	    wrote /local/S/jenkins/workspace/ECP/ecg-maya-usd/ecg-mayausd-branch-preflight-2020-osx/build/RelWithDebInfo/plugin/al/schemas/AL/usd/schemas/maya/ModelAPI.cpp
[2023-04-06T14:18:10.406Z]     	    wrote /local/S/jenkins/workspace/ECP/ecg-maya-usd/ecg-mayausd-branch-preflight-2020-osx/build/RelWithDebInfo/plugin/al/schemas/AL/usd/schemas/maya/wrapModelAPI.cpp
[2023-04-06T14:18:10.406Z]     	    wrote /local/S/jenkins/workspace/ECP/ecg-maya-usd/ecg-mayausd-branch-preflight-2020-osx/build/RelWithDebInfo/plugin/al/schemas/AL/usd/schemas/maya/FrameRange.h
[2023-04-06T14:18:10.406Z]     	    wrote /local/S/jenkins/workspace/ECP/ecg-maya-usd/ecg-mayausd-branch-preflight-2020-osx/build/RelWithDebInfo/plugin/al/schemas/AL/usd/schemas/maya/FrameRange.cpp
[2023-04-06T14:18:10.406Z]     	    wrote /local/S/jenkins/workspace/ECP/ecg-maya-usd/ecg-mayausd-branch-preflight-2020-osx/build/RelWithDebInfo/plugin/al/schemas/AL/usd/schemas/maya/wrapFrameRange.cpp
[2023-04-06T14:18:10.406Z]     Loading Templates from /local/S/jenkins/workspace/shared/Artifactory/OSX/USD/b41f6d4/lib/usd/usd/resources/codegenTemplates
[2023-04-06T14:18:10.406Z]     	    wrote /local/S/jenkins/workspace/ECP/ecg-maya-usd/ecg-mayausd-branch-preflight-2020-osx/build/RelWithDebInfo/plugin/al/schemas/AL/usd/schemas/maya/plugInfo.json
[2023-04-06T14:18:10.406Z]     Generating Schematics:
[2023-04-06T14:18:10.406Z]     	    wrote /local/S/jenkins/workspace/ECP/ecg-maya-usd/ecg-mayausd-branch-preflight-2020-osx/build/RelWithDebInfo/plugin/al/schemas/AL/usd/schemas/maya/generatedSchema.usda
[2023-04-06T14:18:10.735Z]     #################################################################################################
[2023-04-06T14:18:10.735Z]     #  USD_DISABLE_PRIM_DEFINITIONS_FOR_USDGENSCHEMA is overridden to 'true'.  Default is 'false'.  #
[2023-04-06T14:18:10.735Z]     #################################################################################################
[2023-04-06T14:18:10.837Z]     Processing schema classes:
[2023-04-06T14:18:10.837Z]     ALExamplePolyCubeNode
[2023-04-06T14:18:10.837Z]     Loading Templates from /local/S/jenkins/workspace/shared/Artifactory/OSX/USD/b41f6d4/lib/usd/usd/resources/codegenTemplates
[2023-04-06T14:18:10.837Z]     Writing API:
[2023-04-06T14:18:10.837Z]     	    wrote /local/S/jenkins/workspace/ECP/ecg-maya-usd/ecg-mayausd-branch-preflight-2020-osx/build/RelWithDebInfo/plugin/al/schemas/AL/usd/schemas/mayatest/api.h
[2023-04-06T14:18:10.837Z]     Writing Schema Tokens:
[2023-04-06T14:18:10.837Z]     	    wrote /local/S/jenkins/workspace/ECP/ecg-maya-usd/ecg-mayausd-branch-preflight-2020-osx/build/RelWithDebInfo/plugin/al/schemas/AL/usd/schemas/mayatest/tokens.h
[2023-04-06T14:18:10.837Z]     	    wrote /local/S/jenkins/workspace/ECP/ecg-maya-usd/ecg-mayausd-branch-preflight-2020-osx/build/RelWithDebInfo/plugin/al/schemas/AL/usd/schemas/mayatest/tokens.cpp
[2023-04-06T14:18:10.837Z]     	    wrote /local/S/jenkins/workspace/ECP/ecg-maya-usd/ecg-mayausd-branch-preflight-2020-osx/build/RelWithDebInfo/plugin/al/schemas/AL/usd/schemas/mayatest/wrapTokens.cpp
[2023-04-06T14:18:10.837Z]     Generating Classes:
[2023-04-06T14:18:10.837Z]     	    wrote /local/S/jenkins/workspace/ECP/ecg-maya-usd/ecg-mayausd-branch-preflight-2020-osx/build/RelWithDebInfo/plugin/al/schemas/AL/usd/schemas/mayatest/ExamplePolyCubeNode.h
[2023-04-06T14:18:10.837Z]     	    wrote /local/S/jenkins/workspace/ECP/ecg-maya-usd/ecg-mayausd-branch-preflight-2020-osx/build/RelWithDebInfo/plugin/al/schemas/AL/usd/schemas/mayatest/ExamplePolyCubeNode.cpp
[2023-04-06T14:18:10.837Z]     	    wrote /local/S/jenkins/workspace/ECP/ecg-maya-usd/ecg-mayausd-branch-preflight-2020-osx/build/RelWithDebInfo/plugin/al/schemas/AL/usd/schemas/mayatest/wrapExamplePolyCubeNode.cpp
[2023-04-06T14:18:10.837Z]     Loading Templates from /local/S/jenkins/workspace/shared/Artifactory/OSX/USD/b41f6d4/lib/usd/usd/resources/codegenTemplates
[2023-04-06T14:18:10.837Z]     	    wrote /local/S/jenkins/workspace/ECP/ecg-maya-usd/ecg-mayausd-branch-preflight-2020-osx/build/RelWithDebInfo/plugin/al/schemas/AL/usd/schemas/mayatest/plugInfo.json
[2023-04-06T14:18:10.837Z]     Generating Schematics:
[2023-04-06T14:18:10.837Z]     	    wrote /local/S/jenkins/workspace/ECP/ecg-maya-usd/ecg-mayausd-branch-preflight-2020-osx/build/RelWithDebInfo/plugin/al/schemas/AL/usd/schemas/mayatest/generatedSchema.usda
[2023-04-06T14:18:10.837Z]     -- Building AL_USDMayaTranslators
[2023-04-06T14:18:10.946Z]     ========== ADSK USD Plugin ==========
[2023-04-06T14:18:10.946Z]     -- Configuring done
[2023-04-06T14:18:13.116Z]     -- Generating done
[2023-04-06T14:18:13.116Z]     -- Build files have been written to: /local/S/jenkins/workspace/ECP/ecg-maya-usd/ecg-mayausd-branch-preflight-2020-osx/build/RelWithDebInfo
[2023-04-06T14:18:13.116Z]     
[2023-04-06T14:18:13.116Z]         Building with settings:
[2023-04-06T14:18:13.116Z]           Source directory          /local/S/jenkins/workspace/ECP/ecg-maya-usd/ecg-mayausd-branch-preflight-2020-osx/ecg-maya-usd/maya-usd
[2023-04-06T14:18:13.116Z]           Workspace directory       /local/S/jenkins/workspace/ECP/ecg-maya-usd/ecg-mayausd-branch-preflight-2020-osx
[2023-04-06T14:18:13.116Z]           Build directory           /local/S/jenkins/workspace/ECP/ecg-maya-usd/ecg-mayausd-branch-preflight-2020-osx/build/RelWithDebInfo
[2023-04-06T14:18:13.116Z]           Install directory         /local/S/jenkins/workspace/ECP/ecg-maya-usd/ecg-mayausd-branch-preflight-2020-osx/install/RelWithDebInfo/MayaUSD
[2023-04-06T14:18:13.116Z]           Variant                   RelWithDebInfo
[2023-04-06T14:18:13.116Z]           Python Debug              Off
[2023-04-06T14:18:13.116Z]           CMake generator           Ninja
[2023-04-06T14:18:13.116Z]           Build arguments           ['-DCMAKE_MAKE_PROGRAM=/local/S/jenkins/workspace/shared/Artifactory/OSX/ninja/1.9.0/41005eb/ninja', '-DPYTHON_INCLUDE_DIR=/local/S/jenkins/workspace/shared/Artifactory/OSX/rundev-2020/202107140359/runtime/446214e/runTime/Maya.app/Contents/Frameworks/Python.framework/Versions/Current/include/python2.7', '-DPython_EXECUTABLE=/local/S/jenkins/workspace/shared/Artifactory/OSX/rundev-2020/202107140359/runtime/446214e/runTime/Maya.app/Contents/bin/mayapy', '-DPYTHON_LIBRARIES=/local/S/jenkins/workspace/shared/Artifactory/OSX/rundev-2020/202107140359/runtime/446214e/runTime/Maya.app/Contents/Frameworks/Python.framework/Versions/Current/lib/libpython2.7.dylib', '-DUSD_LIB_PREFIX=lib', '-DBUILD_HDMAYA=OFF']
[2023-04-06T14:18:13.116Z]           Stages arguments          ['configure']
[2023-04-06T14:18:13.116Z]           CTest arguments           ['-E testUsdReferenceAssemblySelection|testUsdMayaAppDir', '-LE interactive', '--parallel 4']
[2023-04-06T14:18:13.116Z]     Success MayaUSD build and install !!!!
[2023-04-06T14:18:13.116Z]     Elapsed time: 00:00:24
[Pipeline] }
[Pipeline] // withEnv
[Pipeline] }
[Pipeline] // timeout
[Pipeline] }
[Pipeline] // stage
[Pipeline] }
[Pipeline] // timestamps
[Pipeline] timestamps
[Pipeline] {
[Pipeline] stage
[Pipeline] { (Build)
[Pipeline] timeout
[2023-04-06T14:18:13.320Z] Timeout set to expire in 6 hr 0 min
[Pipeline] {
[Pipeline] withEnv
[Pipeline] {
[Pipeline] sh
[2023-04-06T14:18:14.247Z] + python ecg-maya-usd/build.py --stages=build --workspace-dir=/local/S/jenkins/workspace/ECP/ecg-maya-usd/ecg-mayausd-branch-preflight-2020-osx --artifactory-dir=/local/S/jenkins/workspace/shared/Artifactory --build-dir=/local/S/jenkins/workspace/ECP/ecg-maya-usd/ecg-mayausd-branch-preflight-2020-osx/build --install-dir=/local/S/jenkins/workspace/ECP/ecg-maya-usd/ecg-mayausd-branch-preflight-2020-osx/install --signing-dir=/local/S/jenkins/workspace/ECP/ecg-maya-usd/ecg-mayausd-branch-preflight-2020-osx/signing --package-dir=/local/S/jenkins/workspace/ECP/ecg-maya-usd/ecg-mayausd-branch-preflight-2020-osx/package --output-dir=/local/S/jenkins/workspace/ECP/ecg-maya-usd/ecg-mayausd-branch-preflight-2020-osx/output --stash-dir=/local/S/jenkins/workspace/ECP/ecg-maya-usd/ecg-mayausd-branch-preflight-2020-osx/stash --jenkins-build=830 --git-commit=a8fa22c6f13696b4ec78dd9d6c429e0c7430f14d --git-branch=master --variants=RelWithDebInfo --python=2.7 --post-zips=false --build-retry=3 --maya-cut-config=maya-rundev-2020.yaml --maya-package=rundev-2020 --stage-banner
[2023-04-06T14:18:14.900Z] No catalog entry registered for tbb-4.4u5-ub2.
[2023-04-06T14:18:14.900Z] Using Maya cut from /local/S/jenkins/workspace/shared/Artifactory/OSX/rundev-2020/202107140359/runtime/446214e
[2023-04-06T14:18:14.900Z] 
[2023-04-06T14:18:14.900Z] ================================================================================
[2023-04-06T14:18:14.900Z]                              build (RelWithDebInfo)
[2023-04-06T14:18:14.900Z] ================================================================================
[2023-04-06T14:18:14.900Z] Maya Python RelWithDebInfo Info:
[2023-04-06T14:18:14.900Z]   mayapy executable   = /local/S/jenkins/workspace/shared/Artifactory/OSX/rundev-2020/202107140359/runtime/446214e/runTime/Maya.app/Contents/bin/mayapy
[2023-04-06T14:18:14.900Z]   Include Folder      = /local/S/jenkins/workspace/shared/Artifactory/OSX/rundev-2020/202107140359/runtime/446214e/runTime/Maya.app/Contents/Frameworks/Python.framework/Versions/Current/include/python2.7
[2023-04-06T14:18:14.900Z]   Library             = /local/S/jenkins/workspace/shared/Artifactory/OSX/rundev-2020/202107140359/runtime/446214e/runTime/Maya.app/Contents/Frameworks/Python.framework/Versions/Current/lib/libpython2.7.dylib
[2023-04-06T14:18:14.900Z]   site-package Folder = /local/S/jenkins/workspace/shared/Artifactory/OSX/rundev-2020/202107140359/runtime/446214e/runTime/Maya.app/Contents/Frameworks/Python.framework/Versions/Current/lib/python2.7/site-packages
[2023-04-06T14:18:15.546Z] In workdir: /local/S/jenkins/workspace/ECP/ecg-maya-usd/ecg-mayausd-branch-preflight-2020-osx/ecg-maya-usd/maya-usd
[2023-04-06T14:18:15.546Z] Executing: /local/S/jenkins/workspace/shared/Artifactory/OSX/rundev-2020/202107140359/runtime/446214e/runTime/Maya.app/Contents/bin/mayapy /local/S/jenkins/workspace/ECP/ecg-maya-usd/ecg-mayausd-branch-preflight-2020-osx/ecg-maya-usd/maya-usd/build.py --generator Ninja --build-relwithdebug --maya-location /local/S/jenkins/workspace/shared/Artifactory/OSX/rundev-2020/202107140359/runtime/446214e/runTime --devkit-location /local/S/jenkins/workspace/shared/Artifactory/OSX/rundev-2020/202107140359/runtime/446214e/devkitBase --pxrusd-location /local/S/jenkins/workspace/shared/Artifactory/OSX/USD/b41f6d4 --qt-location /local/S/jenkins/workspace/shared/Artifactory/OSX/qt/5.12.5/3ca78fe --materialx --build-args=-DCMAKE_MAKE_PROGRAM=/local/S/jenkins/workspace/shared/Artifactory/OSX/ninja/1.9.0/41005eb/ninja,-DPYTHON_INCLUDE_DIR=/local/S/jenkins/workspace/shared/Artifactory/OSX/rundev-2020/202107140359/runtime/446214e/runTime/Maya.app/Contents/Frameworks/Python.framework/Versions/Current/include/python2.7,-DPython_EXECUTABLE=/local/S/jenkins/workspace/shared/Artifactory/OSX/rundev-2020/202107140359/runtime/446214e/runTime/Maya.app/Contents/bin/mayapy,-DPYTHON_LIBRARIES=/local/S/jenkins/workspace/shared/Artifactory/OSX/rundev-2020/202107140359/runtime/446214e/runTime/Maya.app/Contents/Frameworks/Python.framework/Versions/Current/lib/libpython2.7.dylib,-DUSD_LIB_PREFIX=lib,-DBUILD_HDMAYA=OFF '--ctest-args=-E testUsdReferenceAssemblySelection|testUsdMayaAppDir,-LE interactive,--parallel 4' --stages=build --redirect-outstream-file=False --install-location /local/S/jenkins/workspace/ECP/ecg-maya-usd/ecg-mayausd-branch-preflight-2020-osx/install/RelWithDebInfo/MayaUSD /local/S/jenkins/workspace/ECP/ecg-maya-usd/ecg-mayausd-branch-preflight-2020-osx
[2023-04-06T14:18:15.546Z] Modified environment variables:
[2023-04-06T14:18:15.546Z]     PATH=/local/S/jenkins/workspace/shared/Artifactory/OSX/cmake/3.20.3/2594509/bin:/usr/local/bin:/bin:/usr/sbin:/sbin:/usr/bin
[2023-04-06T14:18:16.174Z]     [1/627] Building CXX object test/lib/usd/plugin/CMakeFiles/usdTestApiWriter.dir/plugin.cpp.o
[2023-04-06T14:18:16.683Z]     [2/627] Building CXX object test/lib/usd/plugin/CMakeFiles/usdTestInfoImportChaser.dir/plugin.cpp.o
[2023-04-06T14:18:20.960Z]     [3/627] Building CXX object test/lib/usd/plugin/CMakeFiles/usdTestInfoImportChaser.dir/infoImportChaser.cpp.o
[2023-04-06T14:18:21.070Z]     [4/627] Building CXX object test/lib/usd/plugin/CMakeFiles/usdTestUsdPlugin.dir/mayaShaderTranslation.cpp.o
[2023-04-06T14:18:21.287Z]     [5/627] Building CXX object test/lib/usd/plugin/CMakeFiles/usdTestApiWriter.dir/nullApiExporter.cpp.o
[2023-04-06T14:18:21.390Z]     [6/627] Building CXX object test/lib/usd/plugin/CMakeFiles/usdTestMayaPlugin.dir/plugin.cpp.o
[2023-04-06T14:18:22.013Z]     [7/627] Building CXX object test/lib/usd/utils/CMakeFiles/testMergePrims.dir/main.cpp.o
[2023-04-06T14:18:22.117Z]     [8/627] Building CXX object test/lib/usd/plugin/CMakeFiles/usdTestApiWriter.dir/bulletAdaptor.cpp.o
[2023-04-06T14:18:22.641Z]     [9/627] Building CXX object test/lib/usd/utils/CMakeFiles/testDiffComputeOverall.dir/main.cpp.o
[2023-04-06T14:18:23.264Z]     [10/627] Building CXX object test/lib/usd/utils/CMakeFiles/testDiffPrims.dir/main.cpp.o
[2023-04-06T14:18:25.658Z]     [11/627] Building CXX object test/lib/usd/plugin/CMakeFiles/usdTestMayaPlugin.dir/mayaShaderTranslation.cpp.o
[2023-04-06T14:18:27.016Z]     [12/627] Building CXX object test/lib/usd/utils/CMakeFiles/testDiffComputeOverall.dir/test_DiffComputeOverall.cpp.o
[2023-04-06T14:18:27.426Z]     [13/627] Building CXX object test/lib/usd/utils/CMakeFiles/testMergePrims.dir/test_MergePrims.cpp.o
[2023-04-06T14:18:27.746Z]     [14/627] Building CXX object test/lib/usd/utils/CMakeFiles/testDiffPrims.dir/test_DiffPrimsAttributes.cpp.o
[2023-04-06T14:18:28.371Z]     [15/627] Building CXX object test/lib/usd/utils/CMakeFiles/testDiffDictionaries.dir/main.cpp.o
[2023-04-06T14:18:30.241Z]     [16/627] Building CXX object test/lib/usd/utils/CMakeFiles/testDiffPrims.dir/test_DiffPrimsRelations.cpp.o
[2023-04-06T14:18:30.878Z]     [17/627] Building CXX object test/lib/usd/utils/CMakeFiles/testDiffLists.dir/main.cpp.o
[2023-04-06T14:18:31.410Z]     [18/627] Building CXX object test/lib/usd/utils/CMakeFiles/testDiffPrims.dir/test_DiffPrimsChildren.cpp.o
[2023-04-06T14:18:31.850Z]     [19/627] Building CXX object test/lib/usd/utils/CMakeFiles/testDiffPrims.dir/test_DiffPrims.cpp.o
[2023-04-06T14:18:32.496Z]     [20/627] Building CXX object test/lib/usd/utils/CMakeFiles/testDiffAttributes.dir/main.cpp.o
[2023-04-06T14:18:33.029Z]     [21/627] Building CXX object test/lib/usd/utils/CMakeFiles/testDiffDictionaries.dir/test_DiffDictionaries.cpp.o
[2023-04-06T14:18:33.245Z]     [22/627] Building CXX object test/lib/usd/utils/CMakeFiles/testDiffCore.dir/main.cpp.o
[2023-04-06T14:18:33.882Z]     [23/627] Building CXX object test/lib/usd/utils/CMakeFiles/testDiffMetadatas.dir/main.cpp.o
[2023-04-06T14:18:34.930Z]     [24/627] Building CXX object test/lib/usd/utils/CMakeFiles/testDiffCore.dir/test_DiffCore.cpp.o
[2023-04-06T14:18:35.667Z]     [25/627] Building CXX object test/lib/usd/utils/CMakeFiles/testDiffValues.dir/main.cpp.o
[2023-04-06T14:18:36.302Z]     [26/627] Building CXX object test/lib/usd/utils/CMakeFiles/testDiffAttributes.dir/test_DiffAttributes.cpp.o
[2023-04-06T14:18:37.574Z]     [27/627] Building CXX object test/lib/usd/utils/CMakeFiles/testDiffLists.dir/test_DiffLists.cpp.o
[2023-04-06T14:18:38.597Z]     [28/627] Building CXX object test/lib/usd/utils/CMakeFiles/testDiffMetadatas.dir/test_DiffMetadatas.cpp.o
[2023-04-06T14:18:40.484Z]     [29/627] Building CXX object test/lib/usd/utils/CMakeFiles/testDiffValues.dir/test_DiffValues.cpp.o
[2023-04-06T14:18:43.214Z]     [30/627] Building CXX object test/lib/usd/utils/CMakeFiles/testDiffValues.dir/test_DiffValuesGeneric.cpp.o
[2023-04-06T14:18:43.431Z]     [31/627] Building CXX object test/lib/usd/utils/CMakeFiles/testDiffValues.dir/test_DiffValuesArrays.cpp.o
[2023-04-06T14:18:43.535Z]     [32/627] Building CXX object test/lib/usd/utils/CMakeFiles/testDiffValues.dir/test_DiffValuesMatrices.cpp.o
[2023-04-06T14:18:46.265Z]     [33/627] Building CXX object test/lib/usd/utils/CMakeFiles/testDiffValues.dir/test_DiffValuesQuaternions.cpp.o
[2023-04-06T14:18:50.524Z]     [34/627] Building CXX object test/lib/usd/utils/CMakeFiles/testDiffValues.dir/test_DiffValuesDoubleVecs.cpp.o
[2023-04-06T14:18:50.630Z]     [35/627] Building CXX object test/lib/usd/utils/CMakeFiles/testDiffValues.dir/test_DiffValuesFloatVecs.cpp.o
[2023-04-06T14:18:50.937Z]     [36/627] Building CXX object test/lib/usd/utils/CMakeFiles/testDiffValues.dir/test_DiffValuesHalfVecs.cpp.o
[2023-04-06T14:18:51.149Z]     [37/627] Building CXX object test/lib/usd/utils/CMakeFiles/testDiffRelationships.dir/main.cpp.o
[2023-04-06T14:18:51.253Z]     [38/627] Building CXX object test/lib/usd/utils/CMakeFiles/testDiffValues.dir/test_DiffValuesIntVecs.cpp.o
[2023-04-06T14:18:51.576Z]     [39/627] Building CXX object lib/mayaUsd/CMakeFiles/mayaUsd.dir/base/debugCodes.cpp.o
[2023-04-06T14:18:51.784Z]     [40/627] Building CXX object lib/mayaUsd/CMakeFiles/mayaUsd.dir/base/tokens.cpp.o
[2023-04-06T14:18:55.310Z]     [41/627] Building CXX object test/lib/usd/utils/CMakeFiles/testDiffRelationships.dir/test_DiffRelationships.cpp.o
[2023-04-06T14:18:56.271Z]     [42/627] Building CXX object lib/mayaUsd/CMakeFiles/mayaUsd.dir/commands/baseImportCommand.cpp.o
[2023-04-06T14:18:56.587Z]     [43/627] Building CXX object lib/mayaUsd/CMakeFiles/mayaUsd.dir/commands/baseExportCommand.cpp.o
[2023-04-06T14:18:56.693Z]     [44/627] Building CXX object lib/mayaUsd/CMakeFiles/mayaUsd.dir/commands/baseListShadingModesCommand.cpp.o
[2023-04-06T14:18:57.224Z]     [45/627] Building CXX object lib/mayaUsd/CMakeFiles/mayaUsd.dir/commands/layerEditorWindowCommand.cpp.o
[2023-04-06T14:18:59.309Z]     [46/627] Building CXX object lib/mayaUsd/CMakeFiles/mayaUsd.dir/commands/baseListJobContextsCommand.cpp.o
[2023-04-06T14:19:00.139Z]     [47/627] Building CXX object lib/mayaUsd/CMakeFiles/mayaUsd.dir/commands/editTargetCommand.cpp.o
[2023-04-06T14:19:01.491Z]     [48/627] Building CXX object lib/mayaUsd/CMakeFiles/mayaUsd.dir/fileio/fallbackPrimReader.cpp.o
[2023-04-06T14:19:03.566Z]     [49/627] Building CXX object lib/mayaUsd/CMakeFiles/mayaUsd.dir/fileio/functorPrimReader.cpp.o
[2023-04-06T14:19:04.923Z]     [50/627] Building CXX object lib/mayaUsd/CMakeFiles/mayaUsd.dir/commands/layerEditorCommand.cpp.o
[2023-04-06T14:19:04.923Z]     [51/627] Building CXX object lib/mayaUsd/CMakeFiles/mayaUsd.dir/fileio/functorPrimWriter.cpp.o
[2023-04-06T14:19:06.472Z]     [52/627] Building CXX object lib/mayaUsd/CMakeFiles/mayaUsd.dir/fileio/instancedNodeWriter.cpp.o
[2023-04-06T14:19:07.500Z]     [53/627] Building CXX object lib/mayaUsd/CMakeFiles/mayaUsd.dir/fileio/jobContextRegistry.cpp.o
[2023-04-06T14:19:07.921Z]     [54/627] Building CXX object lib/mayaUsd/CMakeFiles/mayaUsd.dir/fileio/importData.cpp.o
[2023-04-06T14:19:08.975Z]     [55/627] Building CXX object lib/mayaUsd/CMakeFiles/mayaUsd.dir/fileio/primReader.cpp.o
[2023-04-06T14:19:10.413Z]     [56/627] Building CXX object lib/mayaUsd/CMakeFiles/mayaUsd.dir/fileio/primReaderArgs.cpp.o
[2023-04-06T14:19:11.163Z]     [57/627] Building CXX object lib/mayaUsd/CMakeFiles/mayaUsd.dir/fileio/primReaderContext.cpp.o
[2023-04-06T14:19:12.419Z]     [58/627] Building CXX object lib/mayaUsd/CMakeFiles/mayaUsd.dir/fileio/primReaderRegistry.cpp.o
[2023-04-06T14:19:14.103Z]     [59/627] Building CXX object lib/mayaUsd/CMakeFiles/mayaUsd.dir/fileio/primWriterArgs.cpp.o
[2023-04-06T14:19:14.533Z]     [60/627] Building CXX object lib/mayaUsd/CMakeFiles/mayaUsd.dir/fileio/primWriterContext.cpp.o
[2023-04-06T14:19:14.751Z]     [61/627] Building CXX object lib/mayaUsd/CMakeFiles/mayaUsd.dir/fileio/primWriter.cpp.o
[2023-04-06T14:19:17.327Z]     [62/627] Building CXX object lib/mayaUsd/CMakeFiles/mayaUsd.dir/fileio/primWriterRegistry.cpp.o
[2023-04-06T14:19:17.962Z]     [63/627] Building CXX object lib/mayaUsd/CMakeFiles/mayaUsd.dir/fileio/registryHelper.cpp.o
[2023-04-06T14:19:18.784Z]     [64/627] Building CXX object lib/mayaUsd/CMakeFiles/mayaUsd.dir/fileio/schemaApiAdaptor.cpp.o
[2023-04-06T14:19:19.624Z]     [65/627] Building CXX object lib/mayaUsd/CMakeFiles/mayaUsd.dir/fileio/schemaApiAdaptorRegistry.cpp.o
[2023-04-06T14:19:21.806Z]     [66/627] Building CXX object lib/mayaUsd/CMakeFiles/mayaUsd.dir/fileio/shaderReader.cpp.o
[2023-04-06T14:19:22.752Z]     [67/627] Building CXX object lib/mayaUsd/CMakeFiles/mayaUsd.dir/fileio/shaderReaderRegistry.cpp.o
[2023-04-06T14:19:22.752Z]     [68/627] Building CXX object lib/mayaUsd/CMakeFiles/mayaUsd.dir/fileio/shaderWriter.cpp.o
[2023-04-06T14:19:23.396Z]     [69/627] Building CXX object lib/mayaUsd/CMakeFiles/mayaUsd.dir/fileio/chaser/exportChaser.cpp.o
[2023-04-06T14:19:25.572Z]     [70/627] Building CXX object lib/mayaUsd/CMakeFiles/mayaUsd.dir/fileio/transformWriter.cpp.o
[2023-04-06T14:19:26.915Z]     [71/627] Building CXX object lib/mayaUsd/CMakeFiles/mayaUsd.dir/fileio/shaderWriterRegistry.cpp.o
[2023-04-06T14:19:27.762Z]     [72/627] Building CXX object lib/mayaUsd/CMakeFiles/mayaUsd.dir/fileio/chaser/exportChaserRegistry.cpp.o
[2023-04-06T14:19:29.425Z]     [73/627] Building CXX object lib/mayaUsd/CMakeFiles/mayaUsd.dir/fileio/writeJobContext.cpp.o
[2023-04-06T14:19:29.934Z]     [74/627] Building CXX object lib/mayaUsd/CMakeFiles/mayaUsd.dir/fileio/chaser/importChaserRegistry.cpp.o
[2023-04-06T14:19:30.794Z]     [75/627] Building CXX object lib/mayaUsd/CMakeFiles/mayaUsd.dir/fileio/chaser/importChaser.cpp.o
[2023-04-06T14:19:33.831Z]     [76/627] Building CXX object lib/mayaUsd/CMakeFiles/mayaUsd.dir/fileio/jobs/meshDataReadJob.cpp.o
[2023-04-06T14:19:35.708Z]     [77/627] Building CXX object lib/mayaUsd/CMakeFiles/mayaUsd.dir/fileio/jobs/modelKindProcessor.cpp.o
[2023-04-06T14:19:38.185Z]     [78/627] Building CXX object lib/mayaUsd/CMakeFiles/mayaUsd.dir/fileio/jobs/readJob.cpp.o
[2023-04-06T14:19:39.127Z]     [79/627] Building CXX object lib/mayaUsd/CMakeFiles/mayaUsd.dir/fileio/jobs/jobArgs.cpp.o
[2023-04-06T14:19:40.907Z]     [80/627] Building CXX object lib/mayaUsd/CMakeFiles/mayaUsd.dir/fileio/jobs/writeJob.cpp.o
[2023-04-06T14:19:41.428Z]     [81/627] Building CXX object lib/mayaUsd/CMakeFiles/mayaUsd.dir/fileio/shading/shadingModeDisplayColor.cpp.o
[2023-04-06T14:19:43.322Z]     [82/627] Building CXX object lib/mayaUsd/CMakeFiles/mayaUsd.dir/fileio/shading/shadingModeExporter.cpp.o
[2023-04-06T14:19:45.326Z]     [83/627] Building CXX object lib/mayaUsd/CMakeFiles/mayaUsd.dir/fileio/shading/shadingModeImporter.cpp.o
[2023-04-06T14:19:48.576Z]     [84/627] Building CXX object lib/mayaUsd/CMakeFiles/mayaUsd.dir/fileio/shading/shadingModeExporterContext.cpp.o
[2023-04-06T14:19:49.101Z]     [85/627] Building CXX object lib/mayaUsd/CMakeFiles/mayaUsd.dir/fileio/shading/shadingModeRegistry.cpp.o
[2023-04-06T14:19:50.356Z]     [86/627] Building CXX object lib/mayaUsd/CMakeFiles/mayaUsd.dir/fileio/shading/shadingModePxrRis.cpp.o
[2023-04-06T14:19:51.490Z]     [87/627] Building CXX object lib/mayaUsd/CMakeFiles/mayaUsd.dir/fileio/shading/shadingModeUseRegistry.cpp.o
[2023-04-06T14:19:53.255Z]     [88/627] Building CXX object lib/mayaUsd/CMakeFiles/mayaUsd.dir/fileio/shading/symmetricShaderReader.cpp.o
[2023-04-06T14:19:54.192Z]     [89/627] Building CXX object lib/mayaUsd/CMakeFiles/mayaUsd.dir/fileio/shading/symmetricShaderWriter.cpp.o
[2023-04-06T14:19:54.916Z]     [90/627] Building CXX object lib/mayaUsd/CMakeFiles/mayaUsd.dir/fileio/translators/skelBindingsProcessor.cpp.o
[2023-04-06T14:19:57.206Z]     [91/627] Building CXX object lib/mayaUsd/CMakeFiles/mayaUsd.dir/fileio/translators/translatorCamera.cpp.o
[2023-04-06T14:19:58.280Z]     [92/627] Building CXX object lib/mayaUsd/CMakeFiles/mayaUsd.dir/fileio/translators/translatorCurves.cpp.o
[2023-04-06T14:19:58.697Z]     [93/627] Building CXX object lib/mayaUsd/CMakeFiles/mayaUsd.dir/fileio/translators/translatorGprim.cpp.o
[2023-04-06T14:20:00.069Z]     [94/627] Building CXX object lib/mayaUsd/CMakeFiles/mayaUsd.dir/fileio/translators/translatorLight.cpp.o
[2023-04-06T14:20:03.308Z]     [95/627] Building CXX object lib/mayaUsd/CMakeFiles/mayaUsd.dir/fileio/translators/translatorMayaReference.cpp.o
[2023-04-06T14:20:03.308Z]     [96/627] Building CXX object lib/mayaUsd/CMakeFiles/mayaUsd.dir/fileio/translators/translatorMaterial.cpp.o
[2023-04-06T14:20:03.629Z]     [97/627] Building CXX object lib/mayaUsd/CMakeFiles/mayaUsd.dir/fileio/translators/translatorMesh.cpp.o
[2023-04-06T14:20:05.210Z]     [98/627] Building CXX object lib/mayaUsd/CMakeFiles/mayaUsd.dir/fileio/translators/translatorNurbsPatch.cpp.o
[2023-04-06T14:20:07.719Z]     [99/627] Building CXX object lib/mayaUsd/CMakeFiles/mayaUsd.dir/fileio/translators/translatorPrim.cpp.o
[2023-04-06T14:20:08.357Z]     [100/627] Building CXX object lib/mayaUsd/CMakeFiles/mayaUsd.dir/fileio/translators/translatorRfMLight.cpp.o
[2023-04-06T14:20:08.669Z]     [101/627] Building CXX object lib/mayaUsd/CMakeFiles/mayaUsd.dir/fileio/translators/translatorXformable.cpp.o
[2023-04-06T14:20:12.101Z]     [102/627] Building CXX object lib/mayaUsd/CMakeFiles/mayaUsd.dir/fileio/translators/translatorRfMLight_deprecated.cpp.o
[2023-04-06T14:20:12.931Z]     [103/627] Building CXX object lib/mayaUsd/CMakeFiles/mayaUsd.dir/fileio/translators/translatorXformable_decompose.cpp.o
[2023-04-06T14:20:13.785Z]     [104/627] Building CXX object lib/mayaUsd/CMakeFiles/mayaUsd.dir/fileio/translators/translatorSkel.cpp.o
[2023-04-06T14:20:13.894Z]     [105/627] Building CXX object lib/mayaUsd/CMakeFiles/mayaUsd.dir/fileio/translators/translatorUtil.cpp.o
[2023-04-06T14:20:18.068Z]     [106/627] Building CXX object lib/mayaUsd/CMakeFiles/mayaUsd.dir/fileio/utils/jointWriteUtils.cpp.o
[2023-04-06T14:20:18.492Z]     [107/627] Building CXX object lib/mayaUsd/CMakeFiles/mayaUsd.dir/fileio/utils/adaptor.cpp.o
[2023-04-06T14:20:19.551Z]     [108/627] Building CXX object lib/mayaUsd/CMakeFiles/mayaUsd.dir/fileio/utils/meshReadUtils.cpp.o
[2023-04-06T14:20:20.697Z]     [109/627] Building CXX object lib/mayaUsd/CMakeFiles/mayaUsd.dir/fileio/utils/meshWriteUtils.cpp.o
[2023-04-06T14:20:22.693Z]     [110/627] Building CXX object lib/mayaUsd/CMakeFiles/mayaUsd.dir/fileio/utils/roundTripUtil.cpp.o
[2023-04-06T14:20:23.925Z]     [111/627] Building CXX object lib/mayaUsd/CMakeFiles/mayaUsd.dir/fileio/utils/readUtil.cpp.o
[2023-04-06T14:20:25.072Z]     [112/627] Building CXX object lib/mayaUsd/CMakeFiles/mayaUsd.dir/fileio/utils/userTaggedAttribute.cpp.o
[2023-04-06T14:20:26.888Z]     [113/627] Building CXX object lib/mayaUsd/CMakeFiles/mayaUsd.dir/listeners/notice.cpp.o
[2023-04-06T14:20:27.413Z]     [114/627] Building CXX object lib/mayaUsd/CMakeFiles/mayaUsd.dir/fileio/utils/shadingUtil.cpp.o
[2023-04-06T14:20:28.977Z]     [115/627] Building CXX object lib/mayaUsd/CMakeFiles/mayaUsd.dir/fileio/utils/xformStack.cpp.o
[2023-04-06T14:20:30.843Z]     [116/627] Building CXX object lib/mayaUsd/CMakeFiles/mayaUsd.dir/listeners/proxyShapeNotice.cpp.o
[2023-04-06T14:20:31.267Z]     [117/627] Building CXX object lib/mayaUsd/CMakeFiles/mayaUsd.dir/listeners/stageNoticeListener.cpp.o
[2023-04-06T14:20:32.308Z]     [118/627] Building CXX object lib/mayaUsd/CMakeFiles/mayaUsd.dir/fileio/utils/writeUtil.cpp.o
[2023-04-06T14:20:33.151Z]     [119/627] Building CXX object lib/mayaUsd/CMakeFiles/mayaUsd.dir/nodes/hdImagingShape.cpp.o
[2023-04-06T14:20:35.031Z]     [120/627] Building CXX object lib/mayaUsd/CMakeFiles/mayaUsd.dir/nodes/pointBasedDeformerNode.cpp.o
[2023-04-06T14:20:37.956Z]     [121/627] Building CXX object lib/mayaUsd/CMakeFiles/mayaUsd.dir/nodes/proxyAccessor.cpp.o
[2023-04-06T14:20:38.773Z]     [122/627] Building CXX object lib/mayaUsd/CMakeFiles/mayaUsd.dir/nodes/proxyShapeUpdateManager.cpp.o
[2023-04-06T14:20:39.084Z]     [123/627] Building CXX object lib/mayaUsd/CMakeFiles/mayaUsd.dir/nodes/proxyShapePlugin.cpp.o
[2023-04-06T14:20:41.389Z]     [124/627] Building CXX object lib/mayaUsd/CMakeFiles/mayaUsd.dir/nodes/proxyShapeBase.cpp.o
[2023-04-06T14:20:41.916Z]     [125/627] Building CXX object lib/mayaUsd/CMakeFiles/mayaUsd.dir/nodes/proxyShapeStageExtraData.cpp.o
[2023-04-06T14:20:42.232Z]     [126/627] Building CXX object lib/mayaUsd/CMakeFiles/mayaUsd.dir/nodes/stageData.cpp.o
[2023-04-06T14:20:44.007Z]     [127/627] Building CXX object lib/mayaUsd/CMakeFiles/mayaUsd.dir/python/moduleDeps.cpp.o
[2023-04-06T14:20:44.630Z]     [128/627] Building CXX object lib/mayaUsd/CMakeFiles/mayaUsd.dir/render/px_vp20/glslProgram.cpp.o
[2023-04-06T14:20:45.362Z]     [129/627] Building CXX object lib/mayaUsd/CMakeFiles/mayaUsd.dir/nodes/usdPrimProvider.cpp.o
[2023-04-06T14:20:45.986Z]     [130/627] Building CXX object lib/mayaUsd/CMakeFiles/mayaUsd.dir/nodes/stageNode.cpp.o
[2023-04-06T14:20:46.923Z]     [131/627] Building CXX object lib/mayaUsd/CMakeFiles/mayaUsd.dir/nodes/layerManager.cpp.o
[2023-04-06T14:20:47.342Z]     [132/627] Building CXX object lib/mayaUsd/CMakeFiles/mayaUsd.dir/render/pxrUsdMayaGL/debugCodes.cpp.o
[2023-04-06T14:20:47.453Z]     [133/627] Building CXX object lib/mayaUsd/CMakeFiles/mayaUsd.dir/render/px_vp20/utils_legacy.cpp.o
[2023-04-06T14:20:47.453Z]     [134/627] Building CXX object lib/mayaUsd/CMakeFiles/mayaUsd.dir/render/px_vp20/utils.cpp.o
[2023-04-06T14:20:53.430Z]     [135/627] Building CXX object lib/mayaUsd/CMakeFiles/mayaUsd.dir/render/pxrUsdMayaGL/hdImagingShapeDrawOverride.cpp.o
[2023-04-06T14:20:53.532Z]     [136/627] Building CXX object lib/mayaUsd/CMakeFiles/mayaUsd.dir/render/pxrUsdMayaGL/hdImagingShapeUI.cpp.o
[2023-04-06T14:20:54.272Z]     [137/627] Building CXX object lib/mayaUsd/CMakeFiles/mayaUsd.dir/render/pxrUsdMayaGL/batchRenderer.cpp.o
[2023-04-06T14:20:54.798Z]     [138/627] Building CXX object lib/mayaUsd/CMakeFiles/mayaUsd.dir/render/pxrUsdMayaGL/instancerImager.cpp.o
[2023-04-06T14:20:59.614Z]     [139/627] Building CXX object lib/mayaUsd/CMakeFiles/mayaUsd.dir/render/pxrUsdMayaGL/proxyShapeDelegate.cpp.o
[2023-04-06T14:21:00.035Z]     [140/627] Building CXX object lib/mayaUsd/CMakeFiles/mayaUsd.dir/render/pxrUsdMayaGL/proxyDrawOverride.cpp.o
[2023-04-06T14:21:00.569Z]     [141/627] Building CXX object lib/mayaUsd/CMakeFiles/mayaUsd.dir/render/pxrUsdMayaGL/instancerShapeAdapter.cpp.o
[2023-04-06T14:21:01.307Z]     [142/627] Building CXX object lib/mayaUsd/CMakeFiles/mayaUsd.dir/render/pxrUsdMayaGL/softSelectHelper.cpp.o
[2023-04-06T14:21:01.411Z]     [143/627] Building CXX object lib/mayaUsd/CMakeFiles/mayaUsd.dir/render/pxrUsdMayaGL/proxyShapeUI.cpp.o
[2023-04-06T14:21:02.048Z]     [144/627] Building CXX object lib/mayaUsd/CMakeFiles/mayaUsd.dir/render/pxrUsdMayaGL/userData.cpp.o
[2023-04-06T14:21:05.720Z]     [145/627] Building CXX object lib/mayaUsd/CMakeFiles/mayaUsd.dir/render/pxrUsdMayaGL/shapeAdapter.cpp.o
[2023-04-06T14:21:06.345Z]     [146/627] Building CXX object lib/mayaUsd/CMakeFiles/mayaUsd.dir/render/vp2RenderDelegate/bboxGeom.cpp.o
[2023-04-06T14:21:06.759Z]     [147/627] Building CXX object lib/mayaUsd/CMakeFiles/mayaUsd.dir/render/vp2RenderDelegate/debugCodes.cpp.o
[2023-04-06T14:21:06.759Z]     [148/627] Building CXX object lib/mayaUsd/CMakeFiles/mayaUsd.dir/render/pxrUsdMayaGL/sceneDelegate.cpp.o
[2023-04-06T14:21:08.326Z]     [149/627] Building CXX object lib/mayaUsd/CMakeFiles/mayaUsd.dir/render/pxrUsdMayaGL/usdProxyShapeAdapter.cpp.o
[2023-04-06T14:21:09.785Z]     [150/627] Building CXX object lib/mayaUsd/CMakeFiles/mayaUsd.dir/render/vp2RenderDelegate/extComputation.cpp.o
[2023-04-06T14:21:10.208Z]     [151/627] Building CXX object lib/mayaUsd/CMakeFiles/mayaUsd.dir/render/vp2RenderDelegate/draw_item.cpp.o
[2023-04-06T14:21:11.484Z]     [152/627] Building CXX object lib/mayaUsd/CMakeFiles/mayaUsd.dir/render/vp2RenderDelegate/basisCurves.cpp.o
[2023-04-06T14:21:11.484Z]     [153/627] Building CXX object lib/mayaUsd/CMakeFiles/mayaUsd.dir/render/vp2RenderDelegate/meshViewportCompute.cpp.o
[2023-04-06T14:21:11.917Z]     [154/627] Building CXX object lib/mayaUsd/CMakeFiles/mayaUsd.dir/render/vp2RenderDelegate/instancer.cpp.o
[2023-04-06T14:21:18.684Z]     [155/627] Building CXX object lib/mayaUsd/CMakeFiles/mayaUsd.dir/render/vp2RenderDelegate/mayaPrimCommon.cpp.o
[2023-04-06T14:21:20.961Z]     [156/627] Building CXX object lib/mayaUsd/CMakeFiles/mayaUsd.dir/render/vp2RenderDelegate/material.cpp.o
[2023-04-06T14:21:21.070Z]     [157/627] Building CXX object lib/mayaUsd/CMakeFiles/mayaUsd.dir/render/vp2RenderDelegate/points.cpp.o
[2023-04-06T14:21:22.237Z]     [158/627] Building CXX object lib/mayaUsd/CMakeFiles/mayaUsd.dir/render/vp2RenderDelegate/mesh.cpp.o
[2023-04-06T14:21:23.691Z]     [159/627] Building CXX object lib/mayaUsd/CMakeFiles/mayaUsd.dir/render/vp2RenderDelegate/render_param.cpp.o
[2023-04-06T14:21:24.000Z]     [160/627] Building CXX object lib/mayaUsd/CMakeFiles/mayaUsd.dir/render/vp2RenderDelegate/sampler.cpp.o
[2023-04-06T14:21:24.518Z]     [161/627] Building CXX object lib/mayaUsd/CMakeFiles/mayaUsd.dir/render/vp2RenderDelegate/shader.cpp.o
[2023-04-06T14:21:24.630Z]     [162/627] Building CXX object lib/mayaUsd/CMakeFiles/mayaUsd.dir/render/vp2RenderDelegate/tokens.cpp.o
[2023-04-06T14:21:27.901Z]     [163/627] Building CXX object lib/mayaUsd/CMakeFiles/mayaUsd.dir/render/vp2RenderDelegate/render_delegate.cpp.o
[2023-04-06T14:21:28.315Z]     [164/627] Building CXX object lib/mayaUsd/CMakeFiles/mayaUsd.dir/render/vp2RenderDelegate/proxyRenderDelegate.cpp.o
[2023-04-06T14:21:28.843Z]     [165/627] Building CXX object lib/mayaUsd/CMakeFiles/mayaUsd.dir/render/vp2ShaderFragments/shaderFragments.cpp.o
[2023-04-06T14:21:30.298Z]     [166/627] Building CXX object lib/mayaUsd/CMakeFiles/mayaUsd.dir/ufe/Global.cpp.o
[2023-04-06T14:21:31.676Z]     [167/627] Building CXX object lib/mayaUsd/CMakeFiles/mayaUsd.dir/ufe/ProxyShapeHandler.cpp.o
[2023-04-06T14:21:34.390Z]     [168/627] Building CXX object lib/mayaUsd/CMakeFiles/mayaUsd.dir/ufe/ProxyShapeHierarchy.cpp.o
[2023-04-06T14:21:34.495Z]     [169/627] Building CXX object lib/mayaUsd/CMakeFiles/mayaUsd.dir/ufe/ProxyShapeHierarchyHandler.cpp.o
[2023-04-06T14:21:36.053Z]     [170/627] Building CXX object lib/mayaUsd/CMakeFiles/mayaUsd.dir/ufe/SetVariantSelectionCommand.cpp.o
[2023-04-06T14:21:38.973Z]     [171/627] Building CXX object lib/mayaUsd/CMakeFiles/mayaUsd.dir/ufe/StagesSubject.cpp.o
[2023-04-06T14:21:40.016Z]     [172/627] Building CXX object lib/mayaUsd/CMakeFiles/mayaUsd.dir/ufe/UsdHierarchyHandler.cpp.o
[2023-04-06T14:21:40.759Z]     [173/627] Building CXX object lib/mayaUsd/CMakeFiles/mayaUsd.dir/ufe/UsdHierarchy.cpp.o
[2023-04-06T14:21:41.821Z]     [174/627] Building CXX object lib/mayaUsd/CMakeFiles/mayaUsd.dir/ufe/UsdPointInstanceOrientationModifier.cpp.o
[2023-04-06T14:21:44.633Z]     [175/627] Building CXX object lib/mayaUsd/CMakeFiles/mayaUsd.dir/ufe/UsdPointInstancePositionModifier.cpp.o
[2023-04-06T14:21:45.685Z]     [176/627] Building CXX object lib/mayaUsd/CMakeFiles/mayaUsd.dir/ufe/UsdPointInstanceScaleModifier.cpp.o
[2023-04-06T14:21:46.325Z]     [177/627] Building CXX object lib/mayaUsd/CMakeFiles/mayaUsd.dir/ufe/UsdRootChildHierarchy.cpp.o
[2023-04-06T14:21:47.486Z]     [178/627] Building CXX object lib/mayaUsd/CMakeFiles/mayaUsd.dir/ufe/UsdRotatePivotTranslateUndoableCommand.cpp.o
[2023-04-06T14:21:50.530Z]     [179/627] Building CXX object lib/mayaUsd/CMakeFiles/mayaUsd.dir/ufe/UsdRotateUndoableCommand.cpp.o
[2023-04-06T14:21:51.477Z]     [180/627] Building CXX object lib/mayaUsd/CMakeFiles/mayaUsd.dir/ufe/UsdScaleUndoableCommand.cpp.o
[2023-04-06T14:21:51.904Z]     [181/627] Building CXX object lib/mayaUsd/CMakeFiles/mayaUsd.dir/ufe/UsdSceneItem.cpp.o
[2023-04-06T14:21:53.284Z]     [182/627] Building CXX object lib/mayaUsd/CMakeFiles/mayaUsd.dir/ufe/UsdSceneItemOps.cpp.o
[2023-04-06T14:21:56.083Z]     [183/627] Building CXX object lib/mayaUsd/CMakeFiles/mayaUsd.dir/ufe/UsdSceneItemOpsHandler.cpp.o
[2023-04-06T14:21:57.740Z]     [184/627] Building CXX object lib/mayaUsd/CMakeFiles/mayaUsd.dir/ufe/UsdTRSUndoableCommandBase.cpp.o
[2023-04-06T14:21:58.251Z]     [185/627] Building CXX object lib/mayaUsd/CMakeFiles/mayaUsd.dir/ufe/UsdStageMap.cpp.o
[2023-04-06T14:21:58.979Z]     [186/627] Building CXX object lib/mayaUsd/CMakeFiles/mayaUsd.dir/ufe/UsdTransform3dReadImpl.cpp.o
[2023-04-06T14:22:01.904Z]     [187/627] Building CXX object lib/mayaUsd/CMakeFiles/mayaUsd.dir/ufe/UsdTransform3d.cpp.o
[2023-04-06T14:22:03.707Z]     [188/627] Building CXX object lib/mayaUsd/CMakeFiles/mayaUsd.dir/ufe/UsdUndoDeleteCommand.cpp.o
[2023-04-06T14:22:04.138Z]     [189/627] Building CXX object lib/mayaUsd/CMakeFiles/mayaUsd.dir/ufe/UsdTransform3dHandler.cpp.o
[2023-04-06T14:22:05.187Z]     [190/627] Building CXX object lib/mayaUsd/CMakeFiles/mayaUsd.dir/ufe/UsdTranslateUndoableCommand.cpp.o
[2023-04-06T14:22:06.851Z]     [191/627] Building CXX object lib/mayaUsd/CMakeFiles/mayaUsd.dir/ufe/moduleDeps.cpp.o
[2023-04-06T14:22:07.378Z]     [192/627] Building CXX object lib/mayaUsd/CMakeFiles/mayaUsd.dir/ufe/private/UfeNotifGuard.cpp.o
[2023-04-06T14:22:08.555Z]     [193/627] Building CXX object lib/mayaUsd/CMakeFiles/mayaUsd.dir/ufe/UsdUndoDuplicateCommand.cpp.o
[2023-04-06T14:22:10.255Z]     [194/627] Building CXX object lib/mayaUsd/CMakeFiles/mayaUsd.dir/ufe/UsdUndoRenameCommand.cpp.o
[2023-04-06T14:22:10.367Z]     [195/627] Building CXX object lib/mayaUsd/CMakeFiles/mayaUsd.dir/undo/OpUndoItemList.cpp.o
[2023-04-06T14:22:10.678Z]     [196/627] Building CXX object lib/mayaUsd/CMakeFiles/mayaUsd.dir/undo/OpUndoItemRecorder.cpp.o
[2023-04-06T14:22:11.528Z]     [197/627] Building CXX object lib/mayaUsd/CMakeFiles/mayaUsd.dir/ufe/private/Utils.cpp.o
[2023-04-06T14:22:14.124Z]     [198/627] Building CXX object lib/mayaUsd/CMakeFiles/mayaUsd.dir/undo/UsdUndoBlock.cpp.o
[2023-04-06T14:22:15.169Z]     [199/627] Building CXX object lib/mayaUsd/CMakeFiles/mayaUsd.dir/ufe/Utils.cpp.o
[2023-04-06T14:22:15.278Z]     [200/627] Building CXX object lib/mayaUsd/CMakeFiles/mayaUsd.dir/undo/UsdUndoManager.cpp.o
[2023-04-06T14:22:15.490Z]     [201/627] Building CXX object lib/mayaUsd/CMakeFiles/mayaUsd.dir/utils/colorSpace.cpp.o
[2023-04-06T14:22:15.702Z]     [202/627] Building CXX object lib/mayaUsd/CMakeFiles/mayaUsd.dir/undo/UsdUndoableItem.cpp.o
[2023-04-06T14:22:16.017Z]     [203/627] Building CXX object lib/mayaUsd/CMakeFiles/mayaUsd.dir/utils/blockSceneModificationContext.cpp.o
[2023-04-06T14:22:16.952Z]     [204/627] Building CXX object lib/mayaUsd/CMakeFiles/mayaUsd.dir/undo/OpUndoItems.cpp.o
[2023-04-06T14:22:18.538Z]     [205/627] Building CXX object lib/mayaUsd/CMakeFiles/mayaUsd.dir/utils/diagnosticDelegate.cpp.o
[2023-04-06T14:22:18.971Z]     [206/627] Building CXX object lib/mayaUsd/CMakeFiles/mayaUsd.dir/utils/dynamicAttribute.cpp.o
[2023-04-06T14:22:19.075Z]     [207/627] Building CXX object lib/mayaUsd/CMakeFiles/mayaUsd.dir/utils/customLayerData.cpp.o
[2023-04-06T14:22:20.007Z]     [208/627] Building CXX object lib/mayaUsd/CMakeFiles/mayaUsd.dir/undo/UsdUndoStateDelegate.cpp.o
[2023-04-06T14:22:21.783Z]     [209/627] Building CXX object lib/mayaUsd/CMakeFiles/mayaUsd.dir/utils/converter.cpp.o
[2023-04-06T14:22:22.718Z]     [210/627] Building CXX object lib/mayaUsd/CMakeFiles/mayaUsd.dir/utils/editability.cpp.o
[2023-04-06T14:22:22.921Z]     [211/627] Building CXX object lib/mayaUsd/CMakeFiles/mayaUsd.dir/utils/editRouterContext.cpp.o
[2023-04-06T14:22:25.531Z]     [212/627] Building CXX object lib/mayaUsd/CMakeFiles/mayaUsd.dir/utils/layerMuting.cpp.o
[2023-04-06T14:22:25.635Z]     [213/627] Building CXX object lib/mayaUsd/CMakeFiles/mayaUsd.dir/utils/editRouter.cpp.o
[2023-04-06T14:22:26.578Z]     [214/627] Building CXX object lib/mayaUsd/CMakeFiles/mayaUsd.dir/utils/loadRules.cpp.o
[2023-04-06T14:22:27.493Z]     [215/627] Building CXX object lib/mayaUsd/CMakeFiles/mayaUsd.dir/utils/layers.cpp.o
[2023-04-06T14:22:28.128Z]     [216/627] Building CXX object lib/mayaUsd/CMakeFiles/mayaUsd.dir/utils/progressBarScope.cpp.o
[2023-04-06T14:22:29.499Z]     [217/627] Building CXX object lib/mayaUsd/CMakeFiles/mayaUsd.dir/utils/loadRulesAttribute.cpp.o
[2023-04-06T14:22:29.499Z]     [218/627] Building CXX object lib/mayaUsd/CMakeFiles/mayaUsd.dir/utils/loadRulesText.cpp.o
[2023-04-06T14:22:29.822Z]     [219/627] Building CXX object lib/mayaUsd/CMakeFiles/mayaUsd.dir/utils/plugRegistryHelper.cpp.o
[2023-04-06T14:22:30.444Z]     [220/627] Building CXX object lib/mayaUsd/CMakeFiles/mayaUsd.dir/utils/query.cpp.o
[2023-04-06T14:22:33.375Z]     [221/627] Building CXX object lib/mayaUsd/CMakeFiles/mayaUsd.dir/utils/selectability.cpp.o
[2023-04-06T14:22:33.685Z]     [222/627] Building CXX object lib/mayaUsd/CMakeFiles/mayaUsd.dir/utils/targetLayer.cpp.o
[2023-04-06T14:22:33.894Z]     [223/627] Building CXX object lib/mayaUsd/CMakeFiles/mayaUsd.dir/utils/traverseLayer.cpp.o
[2023-04-06T14:22:33.998Z]     [224/627] Building CXX object lib/mayaUsd/CMakeFiles/mayaUsd.dir/utils/stageCache.cpp.o
[2023-04-06T14:22:37.330Z]     [225/627] Building CXX object lib/mayaUsd/CMakeFiles/mayaUsd.dir/utils/undoHelperCommand.cpp.o
[2023-04-06T14:22:38.060Z]     [226/627] Building CXX object lib/mayaUsd/CMakeFiles/mayaUsd.dir/utils/utilDictionary.cpp.o
[2023-04-06T14:22:38.915Z]     [227/627] Building CXX object lib/mayaUsd/CMakeFiles/mayaUsd.dir/utils/utilFileSystem.cpp.o
[2023-04-06T14:22:39.125Z]     [228/627] Building CXX object lib/mayaUsd/python/CMakeFiles/_mayaUsd.dir/module.cpp.o
[2023-04-06T14:22:41.715Z]     [229/627] Building CXX object lib/mayaUsd/CMakeFiles/mayaUsd.dir/utils/variants.cpp.o
[2023-04-06T14:22:42.767Z]     [230/627] Building CXX object lib/mayaUsd/CMakeFiles/mayaUsd.dir/utils/utilSerialization.cpp.o
[2023-04-06T14:22:43.176Z]     [231/627] Building CXX object lib/mayaUsd/CMakeFiles/mayaUsd.dir/utils/util.cpp.o
[2023-04-06T14:22:43.497Z]     [232/627] Building CXX object lib/mayaUsd/python/CMakeFiles/_mayaUsd.dir/wrapSparseValueWriter.cpp.o
[2023-04-06T14:22:44.645Z]     [233/627] Building CXX object lib/mayaUsd/python/CMakeFiles/_mayaUsd.dir/pythonObjectRegistry.cpp.o
[2023-04-06T14:22:44.962Z]     [234/627] Building CXX object lib/mayaUsd/python/CMakeFiles/_mayaUsd.dir/wrapColorSpace.cpp.o
[2023-04-06T14:22:45.813Z]     [235/627] Building CXX object lib/mayaUsd/python/CMakeFiles/_mayaUsd.dir/wrapBlockSceneModificationContext.cpp.o
[2023-04-06T14:22:47.476Z]     [236/627] Building CXX object lib/mayaUsd/python/CMakeFiles/_mayaUsd.dir/wrapDiagnosticDelegate.cpp.o
[2023-04-06T14:22:49.960Z]     [237/627] Building CXX object lib/mayaUsd/python/CMakeFiles/_mayaUsd.dir/wrapConverter.cpp.o
[2023-04-06T14:22:50.780Z]     [238/627] Building CXX object lib/mayaUsd/python/CMakeFiles/_mayaUsd.dir/wrapEditRouter.cpp.o
[2023-04-06T14:22:51.194Z]     [239/627] Building CXX object lib/mayaUsd/python/CMakeFiles/_mayaUsd.dir/wrapAdaptor.cpp.o
[2023-04-06T14:22:52.019Z]     [240/627] Building CXX object lib/mayaUsd/python/CMakeFiles/_mayaUsd.dir/wrapMeshWriteUtils.cpp.o
[2023-04-06T14:22:53.164Z]     [241/627] Building CXX object lib/mayaUsd/python/CMakeFiles/_mayaUsd.dir/wrapOpUndoItem.cpp.o
[2023-04-06T14:22:53.778Z]     [242/627] Building CXX object lib/mayaUsd/python/CMakeFiles/_mayaUsd.dir/wrapQuery.cpp.o
[2023-04-06T14:22:55.669Z]     [243/627] Building CXX object lib/mayaUsd/python/CMakeFiles/_mayaUsd.dir/wrapRoundTripUtil.cpp.o
[2023-04-06T14:22:56.403Z]     [244/627] Building CXX object lib/mayaUsd/python/CMakeFiles/_mayaUsd.dir/wrapTokens.cpp.o
[2023-04-06T14:22:57.032Z]     [245/627] Building CXX object lib/mayaUsd/python/CMakeFiles/_mayaUsd.dir/wrapReadUtil.cpp.o
[2023-04-06T14:22:57.564Z]     [246/627] Building CXX object lib/mayaUsd/python/CMakeFiles/_mayaUsd.dir/wrapStageCache.cpp.o
[2023-04-06T14:22:59.845Z]     [247/627] Building CXX object lib/mayaUsd/python/CMakeFiles/_mayaUsd.dir/wrapUsdUndoManager.cpp.o
[2023-04-06T14:22:59.950Z]     [248/627] Building CXX object lib/mayaUsd/python/CMakeFiles/_mayaUsd.dir/wrapTranslatorUtil.cpp.o
[2023-04-06T14:23:01.752Z]     [249/627] Building CXX object lib/mayaUsd/python/CMakeFiles/_mayaUsd.dir/wrapUserTaggedAttribute.cpp.o
[2023-04-06T14:23:02.072Z]     [250/627] Building CXX object lib/mayaUsd/python/CMakeFiles/_mayaUsd.dir/wrapUtil.cpp.o
[2023-04-06T14:23:03.756Z]     [251/627] Building CXX object lib/mayaUsd/python/CMakeFiles/_mayaUsd.dir/wrapOpenMaya.cpp.o
[2023-04-06T14:23:04.791Z]     [252/627] Building CXX object lib/mayaUsd/python/CMakeFiles/_mayaUsd.dir/wrapWriteUtil.cpp.o
[2023-04-06T14:23:07.719Z]     [253/627] Building CXX object lib/mayaUsd/python/CMakeFiles/_mayaUsd.dir/wrapXformStack.cpp.o
[2023-04-06T14:23:12.379Z]     [254/627] Building CXX object lib/mayaUsd/python/CMakeFiles/_mayaUsd.dir/wrapExportChaser.cpp.o
[2023-04-06T14:23:14.068Z]     [255/627] Building CXX object lib/mayaUsd/python/CMakeFiles/_mayaUsd.dir/wrapPrimReader.cpp.o
[2023-04-06T14:23:14.275Z]     [256/627] Building CXX object lib/mayaUsd/python/CMakeFiles/_mayaUsd.dir/wrapImportChaser.cpp.o
[2023-04-06T14:23:15.423Z]     [257/627] Building CXX object lib/mayaUsd/python/CMakeFiles/_mayaUsd.dir/wrapPrimWriter.cpp.o
[2023-04-06T14:23:15.855Z]     [258/627] Building CXX object lib/mayaUsd/python/CMakeFiles/_mayaUsd.dir/wrapJobContextRegistry.cpp.o
[2023-04-06T14:23:15.959Z]     [259/627] Building CXX object lib/mayaUsd/ufe/CMakeFiles/_ufe.dir/module.cpp.o
[2023-04-06T14:23:18.251Z]     [260/627] Building CXX object lib/mayaUsd/python/CMakeFiles/_mayaUsd.dir/wrapShadingUtil.cpp.o
[2023-04-06T14:23:19.819Z]     [261/627] Building CXX object lib/mayaUsd/ufe/CMakeFiles/_ufe.dir/wrapGlobal.cpp.o
[2023-04-06T14:23:20.856Z]     [262/627] Building CXX object lib/mayaUsd/python/CMakeFiles/_mayaUsd.dir/wrapShadingMode.cpp.o
[2023-04-06T14:23:22.204Z]     [263/627] Building CXX object lib/usd/pxrUsdPreviewSurface/CMakeFiles/basePxrUsdPreviewSurface.dir/usdPreviewSurface.cpp.o
[2023-04-06T14:23:22.728Z]     [264/627] Building CXX object lib/usd/pxrUsdPreviewSurface/CMakeFiles/basePxrUsdPreviewSurface.dir/cpvColor.cpp.o
[2023-04-06T14:23:23.260Z]     [265/627] Building CXX object lib/mayaUsd/python/CMakeFiles/_mayaUsd.dir/wrapSchemaApiAdaptor.cpp.o
[2023-04-06T14:23:23.985Z]     [266/627] Building CXX object lib/mayaUsd/ufe/CMakeFiles/_ufe.dir/wrapUtils.cpp.o
[2023-04-06T14:23:24.603Z]     [267/627] Building CXX object lib/usd/pxrUsdPreviewSurface/CMakeFiles/basePxrUsdPreviewSurface.dir/usdPreviewSurfaceShadingNodeOverride.cpp.o
[2023-04-06T14:23:24.822Z]     [268/627] Building CXX object lib/mayaUsd/ufe/CMakeFiles/_ufe.dir/wrapNotice.cpp.o
[2023-04-06T14:23:24.822Z]     [269/627] Copying api.h ...
[2023-04-06T14:23:27.766Z]     [270/627] Building CXX object lib/usd/pxrUsdPreviewSurface/CMakeFiles/basePxrUsdPreviewSurface.dir/usdPreviewSurfacePlugin.cpp.o
[2023-04-06T14:23:27.978Z]     [271/627] Building CXX object lib/usd/pxrUsdPreviewSurface/CMakeFiles/basePxrUsdPreviewSurface.dir/usdPreviewSurfaceReader.cpp.o
[2023-04-06T14:23:29.653Z]     [272/627] Building CXX object lib/usd/pxrUsdPreviewSurface/CMakeFiles/basePxrUsdPreviewSurface.dir/usdPreviewSurfaceWriter.cpp.o
[2023-04-06T14:23:30.787Z]     [273/627] Building CXX object lib/usd/translators/CMakeFiles/mayaUsd_Translators.dir/instancerWriter.cpp.o
[2023-04-06T14:23:32.360Z]     [274/627] Building CXX object lib/usd/translators/CMakeFiles/mayaUsd_Translators.dir/cameraReader.cpp.o
[2023-04-06T14:23:32.884Z]     [275/627] Building CXX object lib/usd/translators/CMakeFiles/mayaUsd_Translators.dir/cameraWriter.cpp.o
[2023-04-06T14:23:35.192Z]     [276/627] Building CXX object lib/usd/translators/CMakeFiles/mayaUsd_Translators.dir/lightReader.cpp.o
[2023-04-06T14:23:36.120Z]     [277/627] Building CXX object lib/usd/translators/CMakeFiles/mayaUsd_Translators.dir/jointWriter.cpp.o
[2023-04-06T14:23:36.428Z]     [278/627] Building CXX object lib/usd/translators/CMakeFiles/mayaUsd_Translators.dir/lightRfMReader.cpp.o
[2023-04-06T14:23:36.957Z]     [279/627] Building CXX object lib/usd/translators/CMakeFiles/mayaUsd_Translators.dir/lightRfMWriter.cpp.o
[2023-04-06T14:23:40.268Z]     [280/627] Building CXX object lib/usd/translators/CMakeFiles/mayaUsd_Translators.dir/lightWriter.cpp.o
[2023-04-06T14:23:40.686Z]     [281/627] Building CXX object lib/usd/translators/CMakeFiles/mayaUsd_Translators.dir/locatorWriter.cpp.o
[2023-04-06T14:23:40.899Z]     [282/627] Building CXX object lib/usd/translators/CMakeFiles/mayaUsd_Translators.dir/materialReader.cpp.o
[2023-04-06T14:23:41.318Z]     [283/627] Building CXX object lib/usd/translators/CMakeFiles/mayaUsd_Translators.dir/mayaReferenceReader.cpp.o
[2023-04-06T14:23:44.729Z]     [284/627] Building CXX object lib/usd/translators/CMakeFiles/mayaUsd_Translators.dir/meshReader.cpp.o
[2023-04-06T14:23:45.574Z]     [285/627] Building CXX object lib/usd/translators/CMakeFiles/mayaUsd_Translators.dir/nurbsCurvesReader.cpp.o
[2023-04-06T14:23:46.529Z]     [286/627] Building CXX object lib/usd/translators/CMakeFiles/mayaUsd_Translators.dir/meshWriter.cpp.o
[2023-04-06T14:23:48.643Z]     [287/627] Building CXX object lib/usd/translators/CMakeFiles/mayaUsd_Translators.dir/meshWriter_BlendShapes.cpp.o
[2023-04-06T14:23:49.905Z]     [288/627] Building CXX object lib/usd/translators/CMakeFiles/mayaUsd_Translators.dir/nurbsPatchReader.cpp.o
[2023-04-06T14:23:50.416Z]     [289/627] Building CXX object lib/usd/translators/CMakeFiles/mayaUsd_Translators.dir/plugin.cpp.o
[2023-04-06T14:23:51.142Z]     [290/627] Building CXX object lib/usd/translators/CMakeFiles/mayaUsd_Translators.dir/nurbsCurveWriter.cpp.o
[2023-04-06T14:23:53.247Z]     [291/627] Building CXX object lib/usd/translators/CMakeFiles/mayaUsd_Translators.dir/nurbsSurfaceWriter.cpp.o
[2023-04-06T14:23:54.828Z]     [292/627] Building CXX object lib/usd/translators/CMakeFiles/mayaUsd_Translators.dir/scopeReader.cpp.o
[2023-04-06T14:23:55.362Z]     [293/627] Building CXX object lib/usd/translators/CMakeFiles/mayaUsd_Translators.dir/particleWriter.cpp.o
[2023-04-06T14:23:56.085Z]     [294/627] Building CXX object lib/usd/translators/CMakeFiles/mayaUsd_Translators.dir/skelReader.cpp.o
[2023-04-06T14:23:58.273Z]     [295/627] Building CXX object lib/usd/translators/CMakeFiles/mayaUsd_Translators.dir/strokeWriter.cpp.o
[2023-04-06T14:23:58.382Z]     [296/627] Building CXX object lib/usd/translators/CMakeFiles/mayaUsd_Translators.dir/shading/shadingTokens.cpp.o
[2023-04-06T14:23:58.905Z]     [297/627] Building CXX object lib/usd/translators/CMakeFiles/mayaUsd_Translators.dir/xformReader.cpp.o
[2023-04-06T14:24:00.465Z]     [298/627] Building CXX object lib/usd/translators/CMakeFiles/mayaUsd_Translators.dir/lightRfMWriter_PxrMeshLight.cpp.o
[2023-04-06T14:24:03.082Z]     [299/627] Building CXX object lib/usd/translators/CMakeFiles/mayaUsd_Translators.dir/shading/usdBlinnWriter.cpp.o
[2023-04-06T14:24:03.189Z]     [300/627] Building CXX object lib/usd/translators/CMakeFiles/mayaUsd_Translators.dir/shading/usdBlinnReader.cpp.o
[2023-04-06T14:24:04.247Z]     [301/627] Building CXX object lib/usd/translators/CMakeFiles/mayaUsd_Translators.dir/shading/usdDisplacementShaderWriter.cpp.o
[2023-04-06T14:24:06.653Z]     [302/627] Building CXX object lib/usd/translators/CMakeFiles/mayaUsd_Translators.dir/shading/usdFileTextureWriter.cpp.o
[2023-04-06T14:24:08.114Z]     [303/627] Building CXX object lib/usd/translators/CMakeFiles/mayaUsd_Translators.dir/shading/usdLambertWriter.cpp.o
[2023-04-06T14:24:08.224Z]     [304/627] Building CXX object lib/usd/translators/CMakeFiles/mayaUsd_Translators.dir/shading/usdLambertReader.cpp.o
[2023-04-06T14:24:08.861Z]     [305/627] Building CXX object lib/usd/translators/CMakeFiles/mayaUsd_Translators.dir/shading/usdMaterialReader.cpp.o
[2023-04-06T14:24:11.715Z]     [306/627] Building CXX object lib/usd/translators/CMakeFiles/mayaUsd_Translators.dir/shading/usdMaterialWriter.cpp.o
[2023-04-06T14:24:13.058Z]     [307/627] Building CXX object lib/usd/translators/CMakeFiles/mayaUsd_Translators.dir/shading/usdPhongReader.cpp.o
[2023-04-06T14:24:13.160Z]     [308/627] Building CXX object lib/usd/translators/CMakeFiles/mayaUsd_Translators.dir/shading/usdPhongWriter.cpp.o
[2023-04-06T14:24:13.590Z]     [309/627] Building CXX object lib/usd/translators/CMakeFiles/mayaUsd_Translators.dir/shading/usdPhongEWriter.cpp.o
[2023-04-06T14:24:16.275Z]     [310/627] Building CXX object lib/usd/translators/CMakeFiles/mayaUsd_Translators.dir/shading/usdReflectWriter.cpp.o
[2023-04-06T14:24:17.744Z]     [311/627] Building CXX object lib/usd/translators/CMakeFiles/mayaUsd_Translators.dir/shading/usdPrimvarReaderFloat3Reader.cpp.o
[2023-04-06T14:24:19.090Z]     [312/627] Building CXX object lib/usd/translators/CMakeFiles/mayaUsd_Translators.dir/shading/usdUVTextureReader.cpp.o
[2023-04-06T14:24:19.196Z]     [313/627] Building CXX object lib/usd/schemas/CMakeFiles/_schemas.dir/module.cpp.o
[2023-04-06T14:24:20.962Z]     [314/627] Building CXX object lib/usd/translators/CMakeFiles/mayaUsd_Translators.dir/shading/rfmShaderTranslation.cpp.o
[2023-04-06T14:24:21.385Z]     [315/627] Building CXX object lib/usd/schemas/CMakeFiles/_schemas.dir/wrapTokens.cpp.o
[2023-04-06T14:24:21.385Z]     [316/627] Building CXX object lib/usd/translators/CMakeFiles/mayaUsd_Translators.dir/shading/usdStandardSurfaceReader.cpp.o
[2023-04-06T14:24:23.049Z]     [317/627] Building CXX object lib/usd/translators/CMakeFiles/mayaUsd_Translators.dir/shading/usdStandardSurfaceWriter.cpp.o
[2023-04-06T14:24:25.450Z]     [318/627] Building CXX object lib/usd/schemas/CMakeFiles/mayaUsd_Schemas.dir/ALMayaReference.cpp.o
[2023-04-06T14:24:26.284Z]     [319/627] Building CXX object lib/usd/schemas/CMakeFiles/_schemas.dir/wrapMayaReference.cpp.o
[2023-04-06T14:24:26.597Z]     [320/627] Building CXX object lib/usd/schemas/CMakeFiles/_schemas.dir/wrapALMayaReference.cpp.o
[2023-04-06T14:24:26.819Z]     [321/627] Building CXX object lib/usd/schemas/CMakeFiles/mayaUsd_Schemas.dir/tokens.cpp.o
[2023-04-06T14:24:27.030Z]     [322/627] Building CXX object lib/usd/utils/CMakeFiles/mayaUsdUtils.dir/DebugCodes.cpp.o
[2023-04-06T14:24:27.235Z]     [323/627] Building CXX object lib/usd/schemas/CMakeFiles/mayaUsd_Schemas.dir/ModuleDeps.cpp.o
[2023-04-06T14:24:27.342Z]     [324/627] Building CXX object lib/usd/schemas/CMakeFiles/mayaUsd_Schemas.dir/MayaReference.cpp.o
[2023-04-06T14:24:27.342Z]     [325/627] Linking CXX shared library lib/usd/schemas/libmayaUsd_Schemas.dylib
[2023-04-06T14:24:27.450Z]     [326/627] Linking CXX shared library lib/usd/schemas/_schemas.so
[2023-04-06T14:24:27.450Z]     [327/627] Building CXX object lib/usd/utils/CMakeFiles/mayaUsdUtils.dir/DiffCore.cpp.o
[2023-04-06T14:24:30.656Z]     [328/627] Building CXX object lib/usd/utils/CMakeFiles/mayaUsdUtils.dir/DiffAttributes.cpp.o
[2023-04-06T14:24:30.873Z]     [329/627] Building CXX object lib/usd/utils/CMakeFiles/mayaUsdUtils.dir/DiffDictionaries.cpp.o
[2023-04-06T14:24:31.510Z]     [330/627] Building CXX object lib/usd/utils/CMakeFiles/mayaUsdUtils.dir/DiffMetadatas.cpp.o
[2023-04-06T14:24:32.129Z]     [331/627] Building CXX object lib/usd/utils/CMakeFiles/mayaUsdUtils.dir/DiffLists.cpp.o
[2023-04-06T14:24:34.550Z]     [332/627] Building CXX object lib/usd/utils/CMakeFiles/mayaUsdUtils.dir/DiffRelationships.cpp.o
[2023-04-06T14:24:35.602Z]     [333/627] Building CXX object lib/usd/utils/CMakeFiles/mayaUsdUtils.dir/DiffPrims.cpp.o
[2023-04-06T14:24:37.054Z]     [334/627] Building CXX object lib/usd/utils/CMakeFiles/mayaUsdUtils.dir/DiffValues.cpp.o
[2023-04-06T14:24:37.054Z]     [335/627] Copying importTranslator.h ...
[2023-04-06T14:24:37.155Z]     [336/627] Copying importCommand.h ...
[2023-04-06T14:24:37.155Z]     [337/627] Copying api.h ...
[2023-04-06T14:24:37.155Z]     [338/627] Copying editUtil.h ...
[2023-04-06T14:24:37.258Z]     [339/627] Copying translatorModelAssembly.h ...
[2023-04-06T14:24:37.258Z]     [340/627] Copying exportCommand.h ...
[2023-04-06T14:24:37.258Z]     [341/627] Copying exportTranslator.h ...
[2023-04-06T14:24:37.258Z]     [342/627] Copying listShadingModesCommand.h ...
[2023-04-06T14:24:37.258Z]     [343/627] Building CXX object lib/usd/utils/CMakeFiles/mayaUsdUtils.dir/MergePrimsOptions.cpp.o
[2023-04-06T14:24:37.367Z]     [344/627] Copying proxyShape.h ...
[2023-04-06T14:24:37.367Z]     [345/627] Copying referenceAssembly.h ...
[2023-04-06T14:24:37.367Z]     [346/627] Copying instancerShapeAdapterWithSceneAssembly.h ...
[2023-04-06T14:24:37.367Z]     [347/627] Generating AEpxrUsdReferenceAssemblyTemplate.pyc
[2023-04-06T14:24:37.467Z]     [348/627] Generating __init__.pyc
[2023-04-06T14:24:37.467Z]     [349/627] Generating userExportedAttributesUI.pyc
[2023-04-06T14:24:38.239Z]     [350/627] Copying api.h ...
[2023-04-06T14:24:38.349Z]     [351/627] Copying readJobWithSceneAssembly.h ...
[2023-04-06T14:24:40.221Z]     [352/627] Building CXX object lib/usd/utils/CMakeFiles/mayaUsdUtils.dir/util.cpp.o
[2023-04-06T14:24:40.531Z]     [353/627] Building CXX object lib/usd/utils/CMakeFiles/mayaUsdUtils.dir/MergePrims.cpp.o
[2023-04-06T14:24:40.531Z]     [354/627] Linking CXX shared library lib/usd/utils/libmayaUsdUtils.dylib
[2023-04-06T14:24:40.640Z]     [355/627] Linking CXX executable test/lib/usd/utils/testMergePrims
[2023-04-06T14:24:40.640Z]     [356/627] Linking CXX executable test/lib/usd/utils/testDiffComputeOverall
[2023-04-06T14:24:40.742Z]     [357/627] Linking CXX executable test/lib/usd/utils/testDiffPrims
[2023-04-06T14:24:40.742Z]     [358/627] Linking CXX executable test/lib/usd/utils/testDiffDictionaries
[2023-04-06T14:24:40.842Z]     [359/627] Linking CXX executable test/lib/usd/utils/testDiffLists
[2023-04-06T14:24:40.842Z]     [360/627] Linking CXX executable test/lib/usd/utils/testDiffAttributes
[2023-04-06T14:24:40.842Z]     [361/627] Linking CXX executable test/lib/usd/utils/testDiffCore
[2023-04-06T14:24:40.945Z]     [362/627] Linking CXX executable test/lib/usd/utils/testDiffMetadatas
[2023-04-06T14:24:41.045Z]     [363/627] Linking CXX executable test/lib/usd/utils/testDiffValues
[2023-04-06T14:24:41.146Z]     [364/627] Linking CXX executable test/lib/usd/utils/testDiffRelationships
[2023-04-06T14:24:41.566Z]     [365/627] Linking CXX shared library lib/mayaUsd/libmayaUsd.dylib
[2023-04-06T14:24:41.674Z]     [366/627] Linking CXX shared library test/lib/usd/plugin/libusdTestApiWriter.dylib
[2023-04-06T14:24:41.775Z]     [367/627] Linking CXX shared library test/lib/usd/plugin/libusdTestUsdPlugin.dylib
[2023-04-06T14:24:41.876Z]     [368/627] Linking CXX shared library test/lib/usd/plugin/usdTestInfoImportChaser.bundle
[2023-04-06T14:24:41.977Z]     [369/627] Linking CXX shared library test/lib/usd/plugin/usdTestMayaPlugin.bundle
[2023-04-06T14:24:42.392Z]     [370/627] Linking CXX shared library lib/mayaUsd/python/_mayaUsd.so
[2023-04-06T14:24:42.493Z]     [371/627] Linking CXX shared library lib/mayaUsd/ufe/_ufe.so
[2023-04-06T14:24:42.493Z]     [372/627] Building CXX object plugin/pxr/maya/plugin/pxrUsdPreviewSurface/CMakeFiles/pxrUsdPreviewSurface.dir/plugin.cpp.o
[2023-04-06T14:24:42.602Z]     [373/627] Linking CXX shared library lib/usd/pxrUsdPreviewSurface/libbasePxrUsdPreviewSurface.dylib
[2023-04-06T14:24:42.921Z]     [374/627] Linking CXX shared library lib/usd/translators/libmayaUsd_Translators.dylib
[2023-04-06T14:24:45.210Z]     [375/627] Building CXX object plugin/pxr/maya/lib/usdMaya/CMakeFiles/usdMaya.dir/readJob_ImportWithProxies.cpp.o
[2023-04-06T14:24:47.199Z]     [376/627] Building CXX object plugin/pxr/maya/lib/usdMaya/CMakeFiles/usdMaya.dir/readJobWithSceneAssembly.cpp.o
[2023-04-06T14:24:54.480Z]     [377/627] Building CXX object plugin/pxr/maya/lib/usdMaya/CMakeFiles/usdMaya.dir/editUtil.cpp.o
[2023-04-06T14:24:54.893Z]     [378/627] Building CXX object plugin/pxr/maya/lib/usdMaya/CMakeFiles/usdMaya.dir/instancerShapeAdapterWithSceneAssembly.cpp.o
[2023-04-06T14:24:56.848Z]     [379/627] Automatic MOC and UIC for target mayaUsdUI
[2023-04-06T14:24:56.952Z]     [380/627] Automatic RCC for layerEditor/resources.qrc
[2023-04-06T14:24:56.952Z]     [381/627] Automatic RCC for importDialog/images/ui.qrc
[2023-04-06T14:24:57.060Z]     [382/627] Building CXX object plugin/pxr/maya/lib/usdMaya/CMakeFiles/usdMaya.dir/translatorModelAssembly.cpp.o
[2023-04-06T14:24:59.492Z]     [383/627] Building CXX object plugin/pxr/maya/lib/usdMaya/CMakeFiles/usdMaya.dir/exportCommand.cpp.o
[2023-04-06T14:24:59.492Z]     [384/627] Building CXX object lib/usd/ui/CMakeFiles/mayaUsdUI.dir/layerEditor/dirtyLayersCountBadge.cpp.o
[2023-04-06T14:24:59.916Z]     [385/627] Building CXX object plugin/pxr/maya/lib/usdMaya/CMakeFiles/usdMaya.dir/exportTranslator.cpp.o
[2023-04-06T14:25:01.375Z]     [386/627] Building CXX object lib/usd/ui/CMakeFiles/mayaUsdUI.dir/layerEditor/generatedIconButton.cpp.o
[2023-04-06T14:25:03.683Z]     [387/627] Building CXX object lib/usd/ui/CMakeFiles/mayaUsdUI.dir/mayaUsdUI_autogen/mocs_compilation.cpp.o
[2023-04-06T14:25:05.223Z]     [388/627] Building CXX object lib/usd/ui/CMakeFiles/mayaUsdUI.dir/layerEditor/layerEditorWidget.cpp.o
[2023-04-06T14:25:07.890Z]     [389/627] Building CXX object lib/usd/ui/CMakeFiles/mayaUsdUI.dir/layerEditor/layerTreeItem.cpp.o
[2023-04-06T14:25:07.890Z]     [390/627] Building CXX object lib/usd/ui/CMakeFiles/mayaUsdUI.dir/layerEditor/layerTreeItemDelegate.cpp.o
[2023-04-06T14:25:10.078Z]     [391/627] Building CXX object lib/usd/ui/CMakeFiles/mayaUsdUI.dir/layerEditor/layerTreeModel.cpp.o
[2023-04-06T14:25:11.875Z]     [392/627] Building CXX object lib/usd/ui/CMakeFiles/mayaUsdUI.dir/layerEditor/layerTreeView.cpp.o
[2023-04-06T14:25:12.090Z]     [393/627] Building CXX object lib/usd/ui/CMakeFiles/mayaUsdUI.dir/layerEditor/mayaCommandHook.cpp.o
[2023-04-06T14:25:13.223Z]     [394/627] Building CXX object lib/usd/ui/CMakeFiles/mayaUsdUI.dir/layerEditor/loadLayersDialog.cpp.o
[2023-04-06T14:25:14.045Z]     [395/627] Building CXX object lib/usd/ui/CMakeFiles/mayaUsdUI.dir/layerEditor/mayaQtUtils.cpp.o
[2023-04-06T14:25:16.026Z]     [396/627] Building CXX object lib/usd/ui/CMakeFiles/mayaUsdUI.dir/layerEditor/mayaLayerEditorWindow.cpp.o
[2023-04-06T14:25:16.129Z]     [397/627] Building CXX object lib/usd/ui/CMakeFiles/mayaUsdUI.dir/layerEditor/qtUtils.cpp.o
[2023-04-06T14:25:17.929Z]     [398/627] Building CXX object lib/usd/ui/CMakeFiles/mayaUsdUI.dir/layerEditor/pathChecker.cpp.o
[2023-04-06T14:25:18.032Z]     [399/627] Building CXX object lib/usd/ui/CMakeFiles/mayaUsdUI.dir/layerEditor/mayaSessionState.cpp.o
[2023-04-06T14:25:19.606Z]     [400/627] Building CXX object lib/usd/ui/CMakeFiles/mayaUsdUI.dir/layerEditor/stringResources.cpp.o
[2023-04-06T14:25:19.606Z]     [401/627] Building CXX object lib/usd/ui/CMakeFiles/mayaUsdUI.dir/layerEditor/sessionState.cpp.o
[2023-04-06T14:25:21.561Z]     [402/627] Building CXX object lib/usd/ui/CMakeFiles/mayaUsdUI.dir/layerEditor/warningDialogs.cpp.o
[2023-04-06T14:25:23.137Z]     [403/627] Building CXX object lib/usd/ui/CMakeFiles/mayaUsdUI.dir/layerEditor/stageSelectorWidget.cpp.o
[2023-04-06T14:25:25.202Z]     [404/627] Building CXX object lib/usd/ui/CMakeFiles/mayaUsdUI.dir/layerEditor/batchSaveLayersUIDelegate.cpp.o
[2023-04-06T14:25:25.202Z]     [405/627] Building CXX object lib/usd/ui/CMakeFiles/mayaUsdUI.dir/layerEditor/saveLayersDialog.cpp.o
[2023-04-06T14:25:26.142Z]     [406/627] Building CXX object lib/usd/ui/CMakeFiles/mayaUsdUI.dir/importDialog/ItemDelegate.cpp.o
[2023-04-06T14:25:27.394Z]     [407/627] Building CXX object lib/usd/ui/CMakeFiles/mayaUsdUI.dir/importDialog/TreeItem.cpp.o
[2023-04-06T14:25:29.599Z]     [408/627] Building CXX object lib/usd/ui/CMakeFiles/mayaUsdUI.dir/importDialog/TreeModelFactory.cpp.o
[2023-04-06T14:25:30.223Z]     [409/627] Building CXX object lib/usd/ui/CMakeFiles/mayaUsdUI.dir/importDialog/TreeModel.cpp.o
[2023-04-06T14:25:30.437Z]     [410/627] Building CXX object lib/usd/ui/CMakeFiles/mayaUsdUI.dir/importDialog/USDQtUtil.cpp.o
[2023-04-06T14:25:30.545Z]     [411/627] Building CXX object lib/usd/ui/CMakeFiles/mayaUsdUI.dir/mayaUsdUI_autogen/5WMDHDZAMM/qrc_resources.cpp.o
[2023-04-06T14:25:30.545Z]     [412/627] Building CXX object lib/usd/ui/CMakeFiles/mayaUsdUI.dir/mayaUsdUI_autogen/AUCU3ACLTF/qrc_ui.cpp.o
[2023-04-06T14:25:30.655Z]     [413/627] Building CXX object lib/usd/ui/CMakeFiles/mayaUsdUI.dir/initStringResources.cpp.o
[2023-04-06T14:25:30.761Z]     [414/627] Building CXX object lib/usd/ui/CMakeFiles/mayaUsdUI.dir/importDialog/USDImportDialog.cpp.o
[2023-04-06T14:25:31.184Z]     [415/627] Building CXX object plugin/pxr/maya/lib/usdMaya/CMakeFiles/usdMaya.dir/listShadingModesCommand.cpp.o
[2023-04-06T14:25:31.919Z]     [416/627] Building CXX object lib/usd/ui/CMakeFiles/mayaUsdUI.dir/importDialog/USDImportDialogCmd.cpp.o
[2023-04-06T14:25:32.132Z]     [417/627] Linking CXX shared library lib/usd/ui/libmayaUsdUI.dylib
[2023-04-06T14:25:32.132Z]     [418/627] Automatic MOC and UIC for target testMayaUsdUI
[2023-04-06T14:25:32.132Z]     [419/627] Building CXX object lib/usd/ui/importDialogDemo/CMakeFiles/testMayaUsdUI.dir/testMayaUsdUI_autogen/mocs_compilation.cpp.o
[2023-04-06T14:25:34.526Z]     [420/627] Building CXX object plugin/pxr/maya/lib/usdMaya/CMakeFiles/usdMaya.dir/importCommand.cpp.o
[2023-04-06T14:25:35.551Z]     [421/627] Building CXX object plugin/pxr/maya/lib/usdMaya/CMakeFiles/usdMaya.dir/importTranslator.cpp.o
[2023-04-06T14:25:35.657Z]     [422/627] Building CXX object plugin/pxr/maya/lib/usdMaya/CMakeFiles/_usdMaya.dir/module.cpp.o
[2023-04-06T14:25:36.811Z]     [423/627] Building CXX object lib/usd/ui/importDialogDemo/CMakeFiles/testMayaUsdUI.dir/testMayaUsdUI.cpp.o
[2023-04-06T14:25:36.925Z]     [424/627] Linking CXX executable lib/usd/ui/importDialogDemo/testMayaUsdUI
[2023-04-06T14:25:37.343Z]     [425/627] Building CXX object plugin/pxr/maya/lib/usdMaya/CMakeFiles/usdMaya.dir/proxyShape.cpp.o
[2023-04-06T14:25:39.750Z]     [426/627] Building CXX object plugin/pxr/maya/lib/usdMaya/CMakeFiles/_usdMaya.dir/wrapAssembly.cpp.o
[2023-04-06T14:25:42.936Z]     [427/627] Building CXX object plugin/pxr/maya/plugin/pxrUsd/CMakeFiles/pxrUsd.dir/alembicChaser.cpp.o
[2023-04-06T14:25:43.039Z]     [428/627] Building CXX object plugin/pxr/maya/lib/usdMaya/CMakeFiles/_usdMaya.dir/wrapEditUtil.cpp.o
[2023-04-06T14:25:43.148Z]     [429/627] Linking CXX shared library plugin/pxr/maya/plugin/pxrUsdPreviewSurface/pxrUsdPreviewSurface.bundle
[2023-04-06T14:25:44.203Z]     [430/627] Building CXX object plugin/pxr/maya/lib/usdMaya/CMakeFiles/usdMaya.dir/referenceAssembly.cpp.o
[2023-04-06T14:25:44.305Z]     [431/627] Building CXX object plugin/al/utils/AL/CMakeFiles/AL_EventSystem.dir/event/EventHandler.cpp.o
[2023-04-06T14:25:44.305Z]     [432/627] Linking CXX shared library plugin/pxr/maya/lib/usdMaya/libusdMaya.dylib
[2023-04-06T14:25:44.305Z]     [433/627] Linking CXX shared library plugin/al/utils/AL/libAL_EventSystem.dylib
[2023-04-06T14:25:44.412Z]     [434/627] Linking CXX shared library plugin/pxr/maya/lib/usdMaya/_usdMaya.so
[2023-04-06T14:25:45.777Z]     [435/627] Building CXX object plugin/al/mayatest/AL/maya/test/CMakeFiles/AL_MayaTest.dir/testHarness.cpp.o
[2023-04-06T14:25:46.097Z]     [436/627] Building CXX object plugin/pxr/maya/plugin/pxrUsd/CMakeFiles/pxrUsd.dir/plugin.cpp.o
[2023-04-06T14:25:46.201Z]     [437/627] Building CXX object plugin/al/mayatest/AL/maya/test/CMakeFiles/AL_MayaTest.dir/testHelpers.cpp.o
[2023-04-06T14:25:46.201Z]     [438/627] Linking CXX shared library plugin/al/mayatest/AL/maya/test/libAL_MayaTest.dylib
[2023-04-06T14:25:46.928Z]     [439/627] Building CXX object plugin/al/mayautils/AL/maya/CMakeFiles/AL_MayaUtils.dir/utils/MenuBuilder.cpp.o
[2023-04-06T14:25:47.032Z]     [440/627] Building CXX object plugin/pxr/maya/plugin/pxrUsd/CMakeFiles/pxrUsd.dir/usdTranslator.cpp.o
[2023-04-06T14:25:47.032Z]     [441/627] Building CXX object plugin/al/mayautils/AL/maya/CMakeFiles/AL_MayaUtils.dir/utils/FileTranslatorOptions.cpp.o
[2023-04-06T14:25:47.139Z]     [442/627] Linking CXX shared library plugin/pxr/maya/plugin/pxrUsd/pxrUsd.bundle
[2023-04-06T14:25:47.655Z]     [443/627] Building CXX object plugin/al/mayautils/AL/maya/CMakeFiles/AL_MayaUtils.dir/utils/Utils.cpp.o
[2023-04-06T14:25:49.483Z]     [444/627] Building CXX object plugin/al/mayautils/AL/maya/CMakeFiles/AL_MayaUtils.dir/utils/NodeHelper.cpp.o
[2023-04-06T14:25:49.483Z]     [445/627] Building CXX object plugin/al/mayautils/AL/maya/CMakeFiles/AL_MayaUtils.dir/utils/CommandGuiHelper.cpp.o
[2023-04-06T14:25:49.483Z]     [446/627] Building CXX object plugin/al/mayautils/AL/maya/CMakeFiles/AL_MayaUtils.dir/utils/PluginTranslatorOptions.cpp.o
[2023-04-06T14:25:49.483Z]     [447/627] Building CXX object plugin/al/mayautils/AL/maya/CMakeFiles/AL_MayaUtils.dir/event/MayaEventManager.cpp.o
[2023-04-06T14:25:49.589Z]     [448/627] Linking CXX shared library plugin/al/mayautils/AL/maya/libAL_MayaUtils.dylib
[2023-04-06T14:25:50.322Z]     [449/627] Building CXX object plugin/al/mayautils/AL/maya/tests/mayaplugintest/CMakeFiles/AL_MayaUtilsTests.dir/plugin.cpp.o
[2023-04-06T14:25:50.425Z]     [450/627] Building CXX object plugin/al/mayautils/AL/maya/tests/mayaplugintest/CMakeFiles/AL_MayaUtilsTests.dir/test_mobjectmap.cpp.o
[2023-04-06T14:25:51.051Z]     [451/627] Building CXX object plugin/al/mayautils/AL/maya/tests/mayaplugintest/CMakeFiles/AL_MayaUtilsTests.dir/utils/CommandGuiHelperTest.cpp.o
[2023-04-06T14:25:51.159Z]     [452/627] Building CXX object plugin/al/mayautils/AL/maya/tests/mayaplugintest/CMakeFiles/AL_MayaUtilsTests.dir/utils/NodeHelperUnitTest.cpp.o
[2023-04-06T14:25:51.264Z]     [453/627] Building CXX object plugin/al/mayautils/AL/maya/tests/mayaplugintest/CMakeFiles/AL_MayaUtilsTests.dir/test_maya_MenuBuilder.cpp.o
[2023-04-06T14:25:52.220Z]     [454/627] Building CXX object plugin/al/mayautils/AL/maya/tests/mayaplugintest/CMakeFiles/AL_MayaUtilsTests.dir/test_maya_NodeHelper.cpp.o
[2023-04-06T14:25:55.727Z]     [455/627] Building CXX object plugin/al/mayautils/AL/maya/tests/mayaplugintest/CMakeFiles/AL_MayaUtilsTests.dir/utils/PluginTranslatorOptionsTest.cpp.o
[2023-04-06T14:25:55.727Z]     [456/627] Building CXX object plugin/al/usdmayautils/AL/usdmaya/utils/CMakeFiles/AL_USDMayaUtils.dir/AnimationTranslator.cpp.o
[2023-04-06T14:25:55.727Z]     [457/627] Building CXX object plugin/al/usdmayautils/AL/usdmaya/utils/CMakeFiles/AL_USDMayaUtils.dir/AttributeType.cpp.o
[2023-04-06T14:25:55.727Z]     [458/627] Linking CXX shared library plugin/al/mayautils/AL/maya/tests/mayaplugintest/AL_MayaUtilsTests.bundle
[2023-04-06T14:25:59.388Z]     [459/627] Building CXX object plugin/al/usdmayautils/AL/usdmaya/utils/CMakeFiles/AL_USDMayaUtils.dir/Utils.cpp.o
[2023-04-06T14:26:01.983Z]     [460/627] Building CXX object plugin/al/usdmayautils/AL/usdmaya/utils/CMakeFiles/AL_USDMayaUtils.dir/NurbsCurveUtils.cpp.o
[2023-04-06T14:26:01.983Z]     [461/627] Building CXX object plugin/al/usdmayautils/AL/usdmaya/utils/CMakeFiles/AL_USDMayaUtils.dir/MeshUtils.cpp.o
[2023-04-06T14:26:02.088Z]     [462/627] Building CXX object plugin/al/usdmayautils/AL/usdmaya/utils/CMakeFiles/AL_USDMayaUtils.dir/DgNodeHelper.cpp.o
[2023-04-06T14:26:02.088Z]     [463/627] Building CXX object plugin/al/usdtransaction/AL/usd/transaction/CMakeFiles/_AL_USDTransaction.dir/module.cpp.o
[2023-04-06T14:26:04.786Z]     [464/627] Building CXX object plugin/al/usdmayautils/AL/usdmaya/utils/CMakeFiles/AL_USDMayaUtils.dir/DiffPrimVar.cpp.o
[2023-04-06T14:26:04.893Z]     [465/627] Linking CXX shared library plugin/al/usdmayautils/AL/usdmaya/utils/libAL_USDMayaUtils.dylib
[2023-04-06T14:26:06.453Z]     [466/627] Building CXX object plugin/al/usdtransaction/AL/usd/transaction/CMakeFiles/_AL_USDTransaction.dir/wrapNotice.cpp.o
[2023-04-06T14:26:06.565Z]     [467/627] Building CXX object plugin/al/usdtransaction/AL/usd/transaction/CMakeFiles/_AL_USDTransaction.dir/wrapTransaction.cpp.o
[2023-04-06T14:26:06.882Z]     [468/627] Building CXX object plugin/al/usdtransaction/AL/usd/transaction/CMakeFiles/_AL_USDTransaction.dir/wrapTransactionManager.cpp.o
[2023-04-06T14:26:07.600Z]     [469/627] Building CXX object plugin/al/usdtransaction/AL/usd/transaction/tests/CMakeFiles/AL_USDTransactionTests.dir/testMain.cpp.o
[2023-04-06T14:26:08.014Z]     [470/627] Building CXX object plugin/al/usdtransaction/AL/usd/transaction/CMakeFiles/AL_USDTransaction.dir/Notice.cpp.o
[2023-04-06T14:26:09.678Z]     [471/627] Building CXX object plugin/al/usdtransaction/AL/usd/transaction/CMakeFiles/AL_USDTransaction.dir/Transaction.cpp.o
[2023-04-06T14:26:09.783Z]     [472/627] Building CXX object plugin/al/lib/AL_USDMaya/CMakeFiles/_AL_USDMaya.dir/AL/usdmaya/module.cpp.o
[2023-04-06T14:26:10.734Z]     [473/627] Building CXX object plugin/al/usdtransaction/AL/usd/transaction/CMakeFiles/AL_USDTransaction.dir/TransactionManager.cpp.o
[2023-04-06T14:26:10.846Z]     [474/627] Linking CXX shared library plugin/al/usdtransaction/AL/usd/transaction/libAL_USDTransaction.dylib
[2023-04-06T14:26:10.846Z]     [475/627] Linking CXX shared library plugin/al/usdtransaction/AL/usd/transaction/_AL_USDTransaction.so
[2023-04-06T14:26:12.009Z]     [476/627] Building CXX object plugin/al/usdtransaction/AL/usd/transaction/tests/CMakeFiles/AL_USDTransactionTests.dir/testTransactionManager.cpp.o
[2023-04-06T14:26:12.743Z]     [477/627] Building CXX object plugin/al/lib/AL_USDMaya/CMakeFiles/_AL_USDMaya.dir/AL/usdmaya/wrapStageCache.cpp.o
[2023-04-06T14:26:13.913Z]     [478/627] Building CXX object plugin/al/usdtransaction/AL/usd/transaction/tests/CMakeFiles/AL_USDTransactionTests.dir/testTransaction.cpp.o
[2023-04-06T14:26:13.913Z]     [479/627] Linking CXX executable plugin/al/usdtransaction/AL/usd/transaction/tests/AL_USDTransactionTests
[2023-04-06T14:26:15.700Z]     [480/627] Building CXX object plugin/al/lib/AL_USDMaya/CMakeFiles/_AL_USDMaya.dir/AL/usdmaya/nodes/wrapLayerManager.cpp.o
[2023-04-06T14:26:18.625Z]     [481/627] Building CXX object plugin/al/lib/AL_USDMaya/CMakeFiles/_AL_USDMaya.dir/AL/usdmaya/nodes/wrapProxyShape.cpp.o
[2023-04-06T14:26:19.670Z]     [482/627] Building CXX object plugin/al/lib/AL_USDMaya/CMakeFiles/AL_USDMaya.dir/AL/usdmaya/TransformOperation.cpp.o
[2023-04-06T14:26:19.876Z]     [483/627] Building CXX object plugin/al/lib/AL_USDMaya/CMakeFiles/AL_USDMaya.dir/AL/usdmaya/StageCache.cpp.o
[2023-04-06T14:26:20.189Z]     [484/627] Building CXX object plugin/al/lib/AL_USDMaya/CMakeFiles/AL_USDMaya.dir/AL/usdmaya/DebugCodes.cpp.o
[2023-04-06T14:26:20.511Z]     [485/627] Building CXX object plugin/al/lib/AL_USDMaya/CMakeFiles/AL_USDMaya.dir/AL/usdmaya/Metadata.cpp.o
[2023-04-06T14:26:20.620Z]     [486/627] Building CXX object plugin/al/lib/AL_USDMaya/CMakeFiles/_AL_USDMaya.dir/AL/usdmaya/fileio/translators/wrapTranslatorContext.cpp.o
[2023-04-06T14:26:22.275Z]     [487/627] Building CXX object plugin/al/lib/AL_USDMaya/CMakeFiles/AL_USDMaya.dir/AL/usdmaya/moduleDeps.cpp.o
[2023-04-06T14:26:22.899Z]     [488/627] Building CXX object plugin/al/lib/AL_USDMaya/CMakeFiles/AL_USDMaya.dir/AL/usdmaya/cmds/DebugCommands.cpp.o
[2023-04-06T14:26:23.212Z]     [489/627] Building CXX object plugin/al/lib/AL_USDMaya/CMakeFiles/_AL_USDMaya.dir/AL/usdmaya/fileio/translators/wrapTranslatorBase.cpp.o
[2023-04-06T14:26:24.273Z]     [490/627] Building CXX object plugin/al/lib/AL_USDMaya/CMakeFiles/AL_USDMaya.dir/AL/usdmaya/cmds/EventCommand.cpp.o
[2023-04-06T14:26:25.098Z]     [491/627] Building CXX object plugin/al/lib/AL_USDMaya/CMakeFiles/AL_USDMaya.dir/AL/usdmaya/cmds/CreateUsdPrim.cpp.o
[2023-04-06T14:26:25.098Z]     [492/627] Building CXX object plugin/al/lib/AL_USDMaya/CMakeFiles/AL_USDMaya.dir/AL/usdmaya/Global.cpp.o
[2023-04-06T14:26:28.267Z]     [493/627] Building CXX object plugin/al/lib/AL_USDMaya/CMakeFiles/AL_USDMaya.dir/AL/usdmaya/cmds/ListTranslators.cpp.o
[2023-04-06T14:26:28.891Z]     [494/627] Building CXX object plugin/al/lib/AL_USDMaya/CMakeFiles/AL_USDMaya.dir/AL/usdmaya/cmds/RendererCommands.cpp.o
[2023-04-06T14:26:29.113Z]     [495/627] Building CXX object plugin/al/lib/AL_USDMaya/CMakeFiles/AL_USDMaya.dir/AL/usdmaya/cmds/LayerCommands.cpp.o
[2023-04-06T14:26:29.538Z]     [496/627] Building CXX object plugin/al/lib/AL_USDMaya/CMakeFiles/AL_USDMaya.dir/AL/usdmaya/cmds/SyncFileIOGui.cpp.o
[2023-04-06T14:26:30.481Z]     [497/627] Building CXX object plugin/al/lib/AL_USDMaya/CMakeFiles/AL_USDMaya.dir/AL/usdmaya/cmds/ProxyShapePostLoadProcess.cpp.o
[2023-04-06T14:26:31.946Z]     [498/627] Building CXX object plugin/al/lib/AL_USDMaya/CMakeFiles/AL_USDMaya.dir/AL/usdmaya/cmds/ProxyShapeCommands.cpp.o
[2023-04-06T14:26:33.930Z]     [499/627] Building CXX object plugin/al/lib/AL_USDMaya/CMakeFiles/AL_USDMaya.dir/AL/usdmaya/cmds/UnloadPrim.cpp.o
[2023-04-06T14:26:35.299Z]     [500/627] Building CXX object plugin/al/lib/AL_USDMaya/CMakeFiles/AL_USDMaya.dir/AL/usdmaya/fileio/AnimationTranslator.cpp.o
[2023-04-06T14:26:36.555Z]     [501/627] Building CXX object plugin/al/lib/AL_USDMaya/CMakeFiles/AL_USDMaya.dir/AL/usdmaya/fileio/ExportTranslator.cpp.o
[2023-04-06T14:26:37.523Z]     [502/627] Building CXX object plugin/al/lib/AL_USDMaya/CMakeFiles/AL_USDMaya.dir/AL/usdmaya/fileio/Export.cpp.o
[2023-04-06T14:26:39.409Z]     [503/627] Building CXX object plugin/al/lib/AL_USDMaya/CMakeFiles/AL_USDMaya.dir/AL/usdmaya/fileio/ImportTranslator.cpp.o
[2023-04-06T14:26:39.512Z]     [504/627] Building CXX object plugin/al/lib/AL_USDMaya/CMakeFiles/AL_USDMaya.dir/AL/usdmaya/fileio/Import.cpp.o
[2023-04-06T14:26:41.311Z]     [505/627] Building CXX object plugin/al/lib/AL_USDMaya/CMakeFiles/AL_USDMaya.dir/AL/usdmaya/fileio/NodeFactory.cpp.o
[2023-04-06T14:26:41.415Z]     [506/627] Building CXX object plugin/al/lib/AL_USDMaya/CMakeFiles/AL_USDMaya.dir/AL/usdmaya/fileio/SchemaPrims.cpp.o
[2023-04-06T14:26:43.484Z]     [507/627] Building CXX object plugin/al/lib/AL_USDMaya/CMakeFiles/AL_USDMaya.dir/AL/usdmaya/fileio/TransformIterator.cpp.o
[2023-04-06T14:26:43.690Z]     [508/627] Building CXX object plugin/al/lib/AL_USDMaya/CMakeFiles/AL_USDMaya.dir/AL/usdmaya/fileio/translators/DagNodeTranslator.cpp.o
[2023-04-06T14:26:45.611Z]     [509/627] Building CXX object plugin/al/lib/AL_USDMaya/CMakeFiles/AL_USDMaya.dir/AL/usdmaya/fileio/translators/DgNodeTranslator.cpp.o
[2023-04-06T14:26:47.616Z]     [510/627] Building CXX object plugin/al/lib/AL_USDMaya/CMakeFiles/AL_USDMaya.dir/AL/usdmaya/fileio/translators/TransformTranslator.cpp.o
[2023-04-06T14:26:48.533Z]     [511/627] Building CXX object plugin/al/lib/AL_USDMaya/CMakeFiles/AL_USDMaya.dir/AL/usdmaya/fileio/translators/TranslatorBase.cpp.o
[2023-04-06T14:26:49.473Z]     [512/627] Building CXX object plugin/al/lib/AL_USDMaya/CMakeFiles/AL_USDMaya.dir/AL/usdmaya/fileio/translators/TranslatorContext.cpp.o
[2023-04-06T14:26:49.680Z]     [513/627] Building CXX object plugin/al/lib/AL_USDMaya/CMakeFiles/AL_USDMaya.dir/AL/usdmaya/fileio/translators/TranslatorTestPlugin.cpp.o
[2023-04-06T14:26:51.553Z]     [514/627] Building CXX object plugin/al/lib/AL_USDMaya/CMakeFiles/AL_USDMaya.dir/AL/usdmaya/fileio/translators/TranslatorTestType.cpp.o
[2023-04-06T14:26:52.185Z]     [515/627] Building CXX object plugin/al/lib/AL_USDMaya/CMakeFiles/AL_USDMaya.dir/AL/usdmaya/nodes/Layer.cpp.o
[2023-04-06T14:26:52.496Z]     [516/627] Building CXX object plugin/al/lib/AL_USDMaya/CMakeFiles/AL_USDMaya.dir/AL/usdmaya/fileio/translators/ExtraDataPlugin.cpp.o
[2023-04-06T14:26:53.526Z]     [517/627] Building CXX object plugin/al/lib/AL_USDMaya/CMakeFiles/AL_USDMaya.dir/AL/usdmaya/fileio/translators/TestExtraDataPlugin.cpp.o
[2023-04-06T14:26:56.736Z]     [518/627] Building CXX object plugin/al/lib/AL_USDMaya/CMakeFiles/AL_USDMaya.dir/AL/usdmaya/nodes/LayerManager.cpp.o
[2023-04-06T14:26:56.737Z]     [519/627] Building CXX object plugin/al/lib/AL_USDMaya/CMakeFiles/AL_USDMaya.dir/AL/usdmaya/nodes/Engine.cpp.o
[2023-04-06T14:26:57.372Z]     [520/627] Building CXX object plugin/al/lib/AL_USDMaya/CMakeFiles/AL_USDMaya.dir/AL/usdmaya/nodes/MeshAnimCreator.cpp.o
[2023-04-06T14:26:58.730Z]     [521/627] Building CXX object plugin/al/lib/AL_USDMaya/CMakeFiles/AL_USDMaya.dir/AL/usdmaya/nodes/MeshAnimDeformer.cpp.o
[2023-04-06T14:27:02.060Z]     [522/627] Building CXX object plugin/al/lib/AL_USDMaya/CMakeFiles/AL_USDMaya.dir/AL/usdmaya/nodes/ProxyUsdGeomCamera.cpp.o
[2023-04-06T14:27:02.801Z]     [523/627] Building CXX object plugin/al/lib/AL_USDMaya/CMakeFiles/AL_USDMaya.dir/AL/usdmaya/nodes/ProxyShapeSelection.cpp.o
[2023-04-06T14:27:04.373Z]     [524/627] Building CXX object plugin/al/lib/AL_USDMaya/CMakeFiles/AL_USDMaya.dir/AL/usdmaya/nodes/RendererManager.cpp.o
[2023-04-06T14:27:06.885Z]     [525/627] Building CXX object plugin/al/lib/AL_USDMaya/CMakeFiles/AL_USDMaya.dir/AL/usdmaya/nodes/Transform.cpp.o
[2023-04-06T14:27:07.720Z]     [526/627] Building CXX object plugin/al/lib/AL_USDMaya/CMakeFiles/AL_USDMaya.dir/AL/usdmaya/nodes/Scope.cpp.o
[2023-04-06T14:27:08.244Z]     [527/627] Building CXX object plugin/al/lib/AL_USDMaya/CMakeFiles/AL_USDMaya.dir/AL/usdmaya/nodes/BasicTransformationMatrix.cpp.o
[2023-04-06T14:27:08.456Z]     [528/627] Building CXX object plugin/al/lib/AL_USDMaya/CMakeFiles/AL_USDMaya.dir/AL/usdmaya/nodes/ProxyShape.cpp.o
[2023-04-06T14:27:12.238Z]     [529/627] Building CXX object plugin/al/lib/AL_USDMaya/CMakeFiles/AL_USDMaya.dir/AL/usdmaya/nodes/proxy/PrimFilter.cpp.o
[2023-04-06T14:27:13.187Z]     [530/627] Building CXX object plugin/al/lib/AL_USDMaya/CMakeFiles/AL_USDMaya.dir/AL/usdmaya/nodes/proxy/ProxyShapeMetaData.cpp.o
[2023-04-06T14:27:13.293Z]     [531/627] Building CXX object plugin/al/lib/AL_USDMaya/CMakeFiles/AL_USDMaya.dir/AL/usdmaya/nodes/proxy/ProxyShapeVariantFallbacks.cpp.o
[2023-04-06T14:27:13.396Z]     [532/627] Building CXX object plugin/al/lib/AL_USDMaya/CMakeFiles/AL_USDMaya.dir/AL/usdmaya/nodes/TransformationMatrix.cpp.o
[2023-04-06T14:27:13.610Z]     [533/627] Linking CXX shared library plugin/al/lib/AL_USDMaya/libAL_USDMaya.dylib
[2023-04-06T14:27:13.714Z]     [534/627] Linking CXX shared library plugin/al/lib/AL_USDMaya/_AL_USDMaya.so
[2023-04-06T14:27:15.799Z]     [535/627] Building CXX object plugin/al/plugin/AL_USDMayaTestPlugin/CMakeFiles/AL_USDMayaTestPlugin.dir/AL/maya/test_EventHandler.cpp.o
[2023-04-06T14:27:18.441Z]     [536/627] Building CXX object plugin/al/plugin/AL_USDMayaTestPlugin/CMakeFiles/AL_USDMayaTestPlugin.dir/AL/maya/test_MatrixToSRT.cpp.o
[2023-04-06T14:27:18.868Z]     [537/627] Building CXX object plugin/al/plugin/AL_USDMayaPlugin/CMakeFiles/AL_USDMayaPlugin.dir/plugin.cpp.o
[2023-04-06T14:27:19.076Z]     [538/627] Linking CXX shared library plugin/al/plugin/AL_USDMayaPlugin/AL_USDMayaPlugin.bundle
[2023-04-06T14:27:19.811Z]     [539/627] Building CXX object plugin/al/plugin/AL_USDMayaTestPlugin/CMakeFiles/AL_USDMayaTestPlugin.dir/plugin.cpp.o
[2023-04-06T14:27:20.652Z]     [540/627] Building CXX object plugin/al/plugin/AL_USDMayaTestPlugin/CMakeFiles/AL_USDMayaTestPlugin.dir/AL/maya/test_MayaEventManager.cpp.o
[2023-04-06T14:27:24.122Z]     [541/627] Building CXX object plugin/al/plugin/AL_USDMayaTestPlugin/CMakeFiles/AL_USDMayaTestPlugin.dir/AL/usdmaya/commands/test_ExportCommands.cpp.o
[2023-04-06T14:27:24.851Z]     [542/627] Building CXX object plugin/al/plugin/AL_USDMayaTestPlugin/CMakeFiles/AL_USDMayaTestPlugin.dir/AL/usdmaya/commands/test_LayerCommands.cpp.o
[2023-04-06T14:27:25.476Z]     [543/627] Building CXX object plugin/al/plugin/AL_USDMayaTestPlugin/CMakeFiles/AL_USDMayaTestPlugin.dir/AL/usdmaya/commands/test_LayerManagerCommands.cpp.o
[2023-04-06T14:27:27.756Z]     [544/627] Building CXX object plugin/al/plugin/AL_USDMayaTestPlugin/CMakeFiles/AL_USDMayaTestPlugin.dir/AL/usdmaya/commands/test_ProxyShapeImport.cpp.o
[2023-04-06T14:27:29.753Z]     [545/627] Building CXX object plugin/al/plugin/AL_USDMayaTestPlugin/CMakeFiles/AL_USDMayaTestPlugin.dir/AL/usdmaya/fileio/export_misc.cpp.o
[2023-04-06T14:27:29.862Z]     [546/627] Building CXX object plugin/al/plugin/AL_USDMayaTestPlugin/CMakeFiles/AL_USDMayaTestPlugin.dir/AL/usdmaya/commands/test_TranslateCommand.cpp.o
[2023-04-06T14:27:30.598Z]     [547/627] Building CXX object plugin/al/plugin/AL_USDMayaTestPlugin/CMakeFiles/AL_USDMayaTestPlugin.dir/AL/usdmaya/fileio/export_blendshape.cpp.o
[2023-04-06T14:27:32.784Z]     [548/627] Building CXX object plugin/al/plugin/AL_USDMayaTestPlugin/CMakeFiles/AL_USDMayaTestPlugin.dir/AL/usdmaya/fileio/export_constraints.cpp.o
[2023-04-06T14:27:34.876Z]     [549/627] Building CXX object plugin/al/plugin/AL_USDMayaTestPlugin/CMakeFiles/AL_USDMayaTestPlugin.dir/AL/usdmaya/fileio/export_ik.cpp.o
[2023-04-06T14:27:35.292Z]     [550/627] Building CXX object plugin/al/plugin/AL_USDMayaTestPlugin/CMakeFiles/AL_USDMayaTestPlugin.dir/AL/usdmaya/fileio/export_import_instancing.cpp.o
[2023-04-06T14:27:35.601Z]     [551/627] Building CXX object plugin/al/plugin/AL_USDMayaTestPlugin/CMakeFiles/AL_USDMayaTestPlugin.dir/AL/usdmaya/fileio/export_lattice.cpp.o
[2023-04-06T14:27:37.803Z]     [552/627] Building CXX object plugin/al/plugin/AL_USDMayaTestPlugin/CMakeFiles/AL_USDMayaTestPlugin.dir/AL/usdmaya/fileio/export_multiple_shapes.cpp.o
[2023-04-06T14:27:39.774Z]     [553/627] Building CXX object plugin/al/plugin/AL_USDMayaTestPlugin/CMakeFiles/AL_USDMayaTestPlugin.dir/AL/usdmaya/fileio/export_nonlinear.cpp.o
[2023-04-06T14:27:39.984Z]     [554/627] Building CXX object plugin/al/plugin/AL_USDMayaTestPlugin/CMakeFiles/AL_USDMayaTestPlugin.dir/AL/usdmaya/fileio/export_unmerged.cpp.o
[2023-04-06T14:27:40.512Z]     [555/627] Building CXX object plugin/al/plugin/AL_USDMayaTestPlugin/CMakeFiles/AL_USDMayaTestPlugin.dir/AL/usdmaya/fileio/import_instances.cpp.o
[2023-04-06T14:27:42.419Z]     [556/627] Building CXX object plugin/al/plugin/AL_USDMayaTestPlugin/CMakeFiles/AL_USDMayaTestPlugin.dir/AL/usdmaya/fileio/import_playback_range.cpp.o
[2023-04-06T14:27:44.816Z]     [557/627] Building CXX object plugin/al/plugin/AL_USDMayaTestPlugin/CMakeFiles/AL_USDMayaTestPlugin.dir/AL/usdmaya/fileio/test_activeInActiveTranslators.cpp.o
[2023-04-06T14:27:46.695Z]     [558/627] Building CXX object plugin/al/plugin/AL_USDMayaTestPlugin/CMakeFiles/AL_USDMayaTestPlugin.dir/AL/usdmaya/nodes/proxy/test_PrimFilter.cpp.o
[2023-04-06T14:27:48.657Z]     [559/627] Building CXX object plugin/al/plugin/AL_USDMayaTestPlugin/CMakeFiles/AL_USDMayaTestPlugin.dir/AL/usdmaya/nodes/test_ExtraDataPlugin.cpp.o
[2023-04-06T14:27:48.767Z]     [560/627] Building CXX object plugin/al/plugin/AL_USDMayaTestPlugin/CMakeFiles/AL_USDMayaTestPlugin.dir/AL/usdmaya/nodes/test_ActiveInactive.cpp.o
[2023-04-06T14:27:51.883Z]     [561/627] Building CXX object plugin/al/plugin/AL_USDMayaTestPlugin/CMakeFiles/AL_USDMayaTestPlugin.dir/AL/usdmaya/nodes/test_LayerManager.cpp.o
[2023-04-06T14:27:53.455Z]     [562/627] Building CXX object plugin/al/plugin/AL_USDMayaTestPlugin/CMakeFiles/AL_USDMayaTestPlugin.dir/AL/usdmaya/nodes/test_lockPrims.cpp.o
[2023-04-06T14:27:54.394Z]     [563/627] Building CXX object plugin/al/plugin/AL_USDMayaTestPlugin/CMakeFiles/AL_USDMayaTestPlugin.dir/AL/usdmaya/nodes/test_ProxyShapeSelectabilityDB.cpp.o
[2023-04-06T14:27:57.959Z]     [564/627] Building CXX object plugin/al/plugin/AL_USDMayaTestPlugin/CMakeFiles/AL_USDMayaTestPlugin.dir/AL/usdmaya/nodes/test_ProxyUsdGeomCamera.cpp.o
[2023-04-06T14:27:58.887Z]     [565/627] Building CXX object plugin/al/plugin/AL_USDMayaTestPlugin/CMakeFiles/AL_USDMayaTestPlugin.dir/AL/usdmaya/nodes/test_ProxyShape.cpp.o
[2023-04-06T14:27:59.098Z]     [566/627] Building CXX object plugin/al/plugin/AL_USDMayaTestPlugin/CMakeFiles/AL_USDMayaTestPlugin.dir/AL/usdmaya/nodes/test_Transform.cpp.o
[2023-04-06T14:28:03.597Z]     [567/627] Building CXX object plugin/al/plugin/AL_USDMayaTestPlugin/CMakeFiles/AL_USDMayaTestPlugin.dir/AL/usdmaya/nodes/test_ScopeMatrix.cpp.o
[2023-04-06T14:28:04.751Z]     [568/627] Building CXX object plugin/al/plugin/AL_USDMayaTestPlugin/CMakeFiles/AL_USDMayaTestPlugin.dir/AL/usdmaya/nodes/test_VariantFallbacks.cpp.o
[2023-04-06T14:28:04.857Z]     [569/627] Building CXX object plugin/al/plugin/AL_USDMayaTestPlugin/CMakeFiles/AL_USDMayaTestPlugin.dir/AL/usdmaya/nodes/test_TranslatorContext.cpp.o
[2023-04-06T14:28:05.486Z]     [570/627] Building CXX object plugin/al/plugin/AL_USDMayaTestPlugin/CMakeFiles/AL_USDMayaTestPlugin.dir/AL/usdmaya/nodes/test_TransformMatrix.cpp.o
[2023-04-06T14:28:09.128Z]     [571/627] Building CXX object plugin/al/plugin/AL_USDMayaTestPlugin/CMakeFiles/AL_USDMayaTestPlugin.dir/AL/usdmaya/test_DiffGeom.cpp.o
[2023-04-06T14:28:10.693Z]     [572/627] Building CXX object plugin/al/plugin/AL_USDMayaTestPlugin/CMakeFiles/AL_USDMayaTestPlugin.dir/test_translators_AnimationTranslator.cpp.o
[2023-04-06T14:28:11.644Z]     [573/627] Building CXX object plugin/al/plugin/AL_USDMayaTestPlugin/CMakeFiles/AL_USDMayaTestPlugin.dir/test_translators_CameraTranslator.cpp.o
[2023-04-06T14:28:12.173Z]     [574/627] Building CXX object plugin/al/plugin/AL_USDMayaTestPlugin/CMakeFiles/AL_USDMayaTestPlugin.dir/AL/usdmaya/test_DiffPrimVar.cpp.o
[2023-04-06T14:28:17.125Z]     [575/627] Building CXX object plugin/al/plugin/AL_USDMayaTestPlugin/CMakeFiles/AL_USDMayaTestPlugin.dir/test_translators_PythonBindings.cpp.o
[2023-04-06T14:28:17.346Z]     [576/627] Building CXX object plugin/al/plugin/AL_USDMayaTestPlugin/CMakeFiles/AL_USDMayaTestPlugin.dir/test_translators_NurbsCurveTranslator.cpp.o
[2023-04-06T14:28:19.196Z]     [577/627] Building CXX object plugin/al/plugin/AL_USDMayaTestPlugin/CMakeFiles/AL_USDMayaTestPlugin.dir/test_translators_DgTranslator.cpp.o
[2023-04-06T14:28:19.502Z]     [578/627] Building CXX object plugin/al/plugin/AL_USDMayaTestPlugin/CMakeFiles/AL_USDMayaTestPlugin.dir/test_translators_MeshTranslator.cpp.o
[2023-04-06T14:28:22.403Z]     [579/627] Building CXX object plugin/al/plugin/AL_USDMayaTestPlugin/CMakeFiles/AL_USDMayaTestPlugin.dir/test_translators_Translator.cpp.o
[2023-04-06T14:28:22.509Z]     [580/627] Building CXX object plugin/al/schemas/AL/usd/schemas/maya/CMakeFiles/_AL_USDMayaSchemas.dir/module.cpp.o
[2023-04-06T14:28:23.874Z]     [581/627] Building CXX object plugin/al/plugin/AL_USDMayaTestPlugin/CMakeFiles/AL_USDMayaTestPlugin.dir/test_usdmaya.cpp.o
[2023-04-06T14:28:25.635Z]     [582/627] Building CXX object plugin/al/plugin/AL_USDMayaTestPlugin/CMakeFiles/AL_USDMayaTestPlugin.dir/test_translators_TransformTranslator.cpp.o
[2023-04-06T14:28:26.047Z]     [583/627] Building CXX object plugin/al/schemas/AL/usd/schemas/maya/CMakeFiles/_AL_USDMayaSchemas.dir/wrapTokens.cpp.o
[2023-04-06T14:28:26.261Z]     [584/627] Building CXX object plugin/al/plugin/AL_USDMayaTestPlugin/CMakeFiles/AL_USDMayaTestPlugin.dir/test_usdmaya_AttributeType.cpp.o
[2023-04-06T14:28:27.739Z]     [585/627] Building CXX object plugin/al/schemas/AL/usd/schemas/maya/CMakeFiles/_AL_USDMayaSchemas.dir/wrapModelAPI.cpp.o
[2023-04-06T14:28:28.165Z]     [586/627] Building CXX object plugin/al/schemas/AL/usd/schemas/maya/CMakeFiles/AL_USDMayaSchemas.dir/tokens.cpp.o
[2023-04-06T14:28:29.957Z]     [587/627] Building CXX object plugin/al/schemas/AL/usd/schemas/maya/CMakeFiles/AL_USDMayaSchemas.dir/ModuleDeps.cpp.o
[2023-04-06T14:28:30.274Z]     [588/627] Building CXX object plugin/al/schemas/AL/usd/schemas/maya/CMakeFiles/AL_USDMayaSchemas.dir/FrameRange.cpp.o
[2023-04-06T14:28:30.274Z]     [589/627] Building CXX object plugin/al/schemas/AL/usd/schemas/maya/CMakeFiles/AL_USDMayaSchemas.dir/ModelAPI.cpp.o
[2023-04-06T14:28:30.274Z]     [590/627] Linking CXX shared library plugin/al/schemas/AL/usd/schemas/maya/libAL_USDMayaSchemas.dylib
[2023-04-06T14:28:31.023Z]     [591/627] Building CXX object plugin/al/schemas/AL/usd/schemas/maya/tests/CMakeFiles/testMayaSchemas.dir/main.cpp.o
[2023-04-06T14:28:31.127Z]     [592/627] Building CXX object plugin/al/schemas/AL/usd/schemas/maya/CMakeFiles/_AL_USDMayaSchemas.dir/wrapFrameRange.cpp.o
[2023-04-06T14:28:31.127Z]     [593/627] Linking CXX shared library plugin/al/schemas/AL/usd/schemas/maya/_AL_USDMayaSchemas.so
[2023-04-06T14:28:32.805Z]     [594/627] Building CXX object plugin/al/schemas/AL/usd/schemas/mayatest/CMakeFiles/AL_USDMayaSchemasTest.dir/ModuleDeps.cpp.o
[2023-04-06T14:28:33.217Z]     [595/627] Building CXX object plugin/al/schemas/AL/usd/schemas/mayatest/CMakeFiles/AL_USDMayaSchemasTest.dir/tokens.cpp.o
[2023-04-06T14:28:33.323Z]     [596/627] Building CXX object plugin/al/schemas/AL/usd/schemas/mayatest/CMakeFiles/_AL_USDMayaSchemasTest.dir/module.cpp.o
[2023-04-06T14:28:34.778Z]     [597/627] Building CXX object plugin/al/schemas/AL/usd/schemas/maya/tests/CMakeFiles/testMayaSchemas.dir/testMayaSchemas.cpp.o
[2023-04-06T14:28:34.882Z]     [598/627] Building CXX object plugin/al/schemas/AL/usd/schemas/maya/tests/CMakeFiles/testMayaSchemas.dir/testModelAPI.cpp.o
[2023-04-06T14:28:34.986Z]     [599/627] Linking CXX executable plugin/al/schemas/AL/usd/schemas/maya/tests/testMayaSchemas
[2023-04-06T14:28:35.194Z]     [600/627] Building CXX object plugin/al/schemas/AL/usd/schemas/mayatest/CMakeFiles/AL_USDMayaSchemasTest.dir/ExamplePolyCubeNode.cpp.o
[2023-04-06T14:28:35.194Z]     [601/627] Linking CXX shared library plugin/al/schemas/AL/usd/schemas/mayatest/libAL_USDMayaSchemasTest.dylib
[2023-04-06T14:28:35.502Z]     [602/627] Linking CXX shared library plugin/al/plugin/AL_USDMayaTestPlugin/AL_USDMayaTestPlugin.bundle
[2023-04-06T14:28:35.604Z]     [603/627] Building CXX object plugin/al/schemas/AL/usd/schemas/mayatest/CMakeFiles/_AL_USDMayaSchemasTest.dir/wrapTokens.cpp.o
[2023-04-06T14:28:36.352Z]     [604/627] Building CXX object plugin/al/translators/CMakeFiles/AL_USDMayaTranslators.dir/CommonTranslatorOptions.cpp.o
[2023-04-06T14:28:40.223Z]     [605/627] Building CXX object plugin/al/schemas/AL/usd/schemas/mayatest/CMakeFiles/_AL_USDMayaSchemasTest.dir/wrapExamplePolyCubeNode.cpp.o
[2023-04-06T14:28:40.223Z]     [606/627] Linking CXX shared library plugin/al/schemas/AL/usd/schemas/mayatest/_AL_USDMayaSchemasTest.so
[2023-04-06T14:28:40.331Z]     [607/627] Building CXX object plugin/al/translators/CMakeFiles/AL_USDMayaTranslators.dir/MayaReference.cpp.o
[2023-04-06T14:28:40.643Z]     [608/627] Building CXX object plugin/al/translators/CMakeFiles/AL_USDMayaTranslators.dir/Camera.cpp.o
[2023-04-06T14:28:42.323Z]     [609/627] Building CXX object plugin/al/translators/CMakeFiles/AL_USDMayaTranslators.dir/Mesh.cpp.o
[2023-04-06T14:28:44.516Z]     [610/627] Building CXX object plugin/al/translators/CMakeFiles/AL_USDMayaTranslators.dir/FrameRange.cpp.o
[2023-04-06T14:28:44.952Z]     [611/627] Building CXX object plugin/al/translators/pxrUsdTranslators/CMakeFiles/AL_USDMayaPxrTranslators.dir/plugin.cpp.o
[2023-04-06T14:28:45.368Z]     [612/627] Building CXX object plugin/al/translators/CMakeFiles/AL_USDMayaTranslators.dir/NurbsCurve.cpp.o
[2023-04-06T14:28:45.678Z]     [613/627] Building CXX object plugin/al/translators/CMakeFiles/AL_USDMayaTranslators.dir/DirectionalLight.cpp.o
[2023-04-06T14:28:45.789Z]     [614/627] Linking CXX shared library plugin/al/translators/libAL_USDMayaTranslators.dylib
[2023-04-06T14:28:47.753Z]     [615/627] Building CXX object plugin/al/translators/pxrUsdTranslators/CMakeFiles/AL_USDMayaPxrTranslators.dir/ProxyShapeTranslator.cpp.o
[2023-04-06T14:28:47.855Z]     [616/627] Linking CXX shared library plugin/al/translators/pxrUsdTranslators/AL_USDMayaPxrTranslators.bundle
[2023-04-06T14:28:48.269Z]     [617/627] Building CXX object plugin/adsk/plugin/CMakeFiles/mayaUsdPlugin.dir/adskListJobContextsCommand.cpp.o
[2023-04-06T14:28:48.585Z]     [618/627] Building CXX object plugin/adsk/plugin/CMakeFiles/mayaUsdPlugin.dir/adskListShadingModesCommand.cpp.o
[2023-04-06T14:28:49.311Z]     [619/627] Building CXX object plugin/adsk/plugin/CMakeFiles/mayaUsdPlugin.dir/adskImportCommand.cpp.o
[2023-04-06T14:28:49.629Z]     [620/627] Building CXX object plugin/adsk/plugin/CMakeFiles/mayaUsdPlugin.dir/adskExportCommand.cpp.o
[2023-04-06T14:28:51.829Z]     [621/627] Building CXX object plugin/adsk/plugin/CMakeFiles/mayaUsdPlugin.dir/plugin.cpp.o
[2023-04-06T14:28:52.361Z]     [622/627] Building CXX object plugin/adsk/plugin/CMakeFiles/mayaUsdPlugin.dir/adskStageLoadUnloadCommands.cpp.o
[2023-04-06T14:28:54.041Z]     [623/627] Building CXX object plugin/adsk/plugin/CMakeFiles/mayaUsdPlugin.dir/geomNode.cpp.o
[2023-04-06T14:28:54.447Z]     [624/627] Building CXX object plugin/adsk/plugin/CMakeFiles/mayaUsdPlugin.dir/importTranslator.cpp.o
[2023-04-06T14:28:56.160Z]     [625/627] Building CXX object plugin/adsk/plugin/CMakeFiles/mayaUsdPlugin.dir/ProxyShape.cpp.o
[2023-04-06T14:28:56.470Z]     [626/627] Building CXX object plugin/adsk/plugin/CMakeFiles/mayaUsdPlugin.dir/exportTranslator.cpp.o
[2023-04-06T14:28:56.575Z]     [627/627] Linking CXX shared module plugin/adsk/plugin/mayaUsdPlugin.bundle
[2023-04-06T14:28:56.575Z]     
[2023-04-06T14:28:56.575Z]         Building with settings:
[2023-04-06T14:28:56.575Z]           Source directory          /local/S/jenkins/workspace/ECP/ecg-maya-usd/ecg-mayausd-branch-preflight-2020-osx/ecg-maya-usd/maya-usd
[2023-04-06T14:28:56.575Z]           Workspace directory       /local/S/jenkins/workspace/ECP/ecg-maya-usd/ecg-mayausd-branch-preflight-2020-osx
[2023-04-06T14:28:56.575Z]           Build directory           /local/S/jenkins/workspace/ECP/ecg-maya-usd/ecg-mayausd-branch-preflight-2020-osx/build/RelWithDebInfo
[2023-04-06T14:28:56.575Z]           Install directory         /local/S/jenkins/workspace/ECP/ecg-maya-usd/ecg-mayausd-branch-preflight-2020-osx/install/RelWithDebInfo/MayaUSD
[2023-04-06T14:28:56.575Z]           Variant                   RelWithDebInfo
[2023-04-06T14:28:56.575Z]           Python Debug              Off
[2023-04-06T14:28:56.575Z]           CMake generator           Ninja
[2023-04-06T14:28:56.575Z]           Build arguments           ['-DCMAKE_MAKE_PROGRAM=/local/S/jenkins/workspace/shared/Artifactory/OSX/ninja/1.9.0/41005eb/ninja', '-DPYTHON_INCLUDE_DIR=/local/S/jenkins/workspace/shared/Artifactory/OSX/rundev-2020/202107140359/runtime/446214e/runTime/Maya.app/Contents/Frameworks/Python.framework/Versions/Current/include/python2.7', '-DPython_EXECUTABLE=/local/S/jenkins/workspace/shared/Artifactory/OSX/rundev-2020/202107140359/runtime/446214e/runTime/Maya.app/Contents/bin/mayapy', '-DPYTHON_LIBRARIES=/local/S/jenkins/workspace/shared/Artifactory/OSX/rundev-2020/202107140359/runtime/446214e/runTime/Maya.app/Contents/Frameworks/Python.framework/Versions/Current/lib/libpython2.7.dylib', '-DUSD_LIB_PREFIX=lib', '-DBUILD_HDMAYA=OFF']
[2023-04-06T14:28:56.575Z]           Stages arguments          ['build']
[2023-04-06T14:28:56.575Z]           CTest arguments           ['-E testUsdReferenceAssemblySelection|testUsdMayaAppDir', '-LE interactive', '--parallel 4']
[2023-04-06T14:28:56.575Z]     Success MayaUSD build and install !!!!
[2023-04-06T14:28:56.575Z]     Elapsed time: 00:10:40
[Pipeline] }
[Pipeline] // withEnv
[Pipeline] }
[Pipeline] // timeout
[Pipeline] }
[Pipeline] // stage
[Pipeline] }
[Pipeline] // timestamps
[Pipeline] timestamps
[Pipeline] {
[Pipeline] stage
[Pipeline] { (Install)
[Pipeline] timeout
[2023-04-06T14:28:57.204Z] Timeout set to expire in 6 hr 0 min
[Pipeline] {
[Pipeline] withEnv
[Pipeline] {
[Pipeline] sh
[2023-04-06T14:28:58.201Z] + python ecg-maya-usd/build.py --stages=install --workspace-dir=/local/S/jenkins/workspace/ECP/ecg-maya-usd/ecg-mayausd-branch-preflight-2020-osx --artifactory-dir=/local/S/jenkins/workspace/shared/Artifactory --build-dir=/local/S/jenkins/workspace/ECP/ecg-maya-usd/ecg-mayausd-branch-preflight-2020-osx/build --install-dir=/local/S/jenkins/workspace/ECP/ecg-maya-usd/ecg-mayausd-branch-preflight-2020-osx/install --signing-dir=/local/S/jenkins/workspace/ECP/ecg-maya-usd/ecg-mayausd-branch-preflight-2020-osx/signing --package-dir=/local/S/jenkins/workspace/ECP/ecg-maya-usd/ecg-mayausd-branch-preflight-2020-osx/package --output-dir=/local/S/jenkins/workspace/ECP/ecg-maya-usd/ecg-mayausd-branch-preflight-2020-osx/output --stash-dir=/local/S/jenkins/workspace/ECP/ecg-maya-usd/ecg-mayausd-branch-preflight-2020-osx/stash --jenkins-build=830 --git-commit=a8fa22c6f13696b4ec78dd9d6c429e0c7430f14d --git-branch=master --variants=RelWithDebInfo --python=2.7 --post-zips=false --maya-cut-config=maya-rundev-2020.yaml --maya-package=rundev-2020 --stage-banner
[2023-04-06T14:28:58.846Z] No catalog entry registered for tbb-4.4u5-ub2.
[2023-04-06T14:28:58.846Z] Using Maya cut from /local/S/jenkins/workspace/shared/Artifactory/OSX/rundev-2020/202107140359/runtime/446214e
[2023-04-06T14:28:58.846Z] 
[2023-04-06T14:28:58.846Z] ================================================================================
[2023-04-06T14:28:58.846Z]                             install (RelWithDebInfo)
[2023-04-06T14:28:58.846Z] ================================================================================
[2023-04-06T14:28:58.846Z] Maya Python RelWithDebInfo Info:
[2023-04-06T14:28:58.846Z]   mayapy executable   = /local/S/jenkins/workspace/shared/Artifactory/OSX/rundev-2020/202107140359/runtime/446214e/runTime/Maya.app/Contents/bin/mayapy
[2023-04-06T14:28:58.846Z]   Include Folder      = /local/S/jenkins/workspace/shared/Artifactory/OSX/rundev-2020/202107140359/runtime/446214e/runTime/Maya.app/Contents/Frameworks/Python.framework/Versions/Current/include/python2.7
[2023-04-06T14:28:58.846Z]   Library             = /local/S/jenkins/workspace/shared/Artifactory/OSX/rundev-2020/202107140359/runtime/446214e/runTime/Maya.app/Contents/Frameworks/Python.framework/Versions/Current/lib/libpython2.7.dylib
[2023-04-06T14:28:58.846Z]   site-package Folder = /local/S/jenkins/workspace/shared/Artifactory/OSX/rundev-2020/202107140359/runtime/446214e/runTime/Maya.app/Contents/Frameworks/Python.framework/Versions/Current/lib/python2.7/site-packages
[2023-04-06T14:28:59.488Z] In workdir: /local/S/jenkins/workspace/ECP/ecg-maya-usd/ecg-mayausd-branch-preflight-2020-osx/ecg-maya-usd/maya-usd
[2023-04-06T14:28:59.489Z] Executing: /local/S/jenkins/workspace/shared/Artifactory/OSX/rundev-2020/202107140359/runtime/446214e/runTime/Maya.app/Contents/bin/mayapy /local/S/jenkins/workspace/ECP/ecg-maya-usd/ecg-mayausd-branch-preflight-2020-osx/ecg-maya-usd/maya-usd/build.py --generator Ninja --build-relwithdebug --maya-location /local/S/jenkins/workspace/shared/Artifactory/OSX/rundev-2020/202107140359/runtime/446214e/runTime --devkit-location /local/S/jenkins/workspace/shared/Artifactory/OSX/rundev-2020/202107140359/runtime/446214e/devkitBase --pxrusd-location /local/S/jenkins/workspace/shared/Artifactory/OSX/USD/b41f6d4 --qt-location /local/S/jenkins/workspace/shared/Artifactory/OSX/qt/5.12.5/3ca78fe --materialx --build-args=-DCMAKE_MAKE_PROGRAM=/local/S/jenkins/workspace/shared/Artifactory/OSX/ninja/1.9.0/41005eb/ninja,-DPYTHON_INCLUDE_DIR=/local/S/jenkins/workspace/shared/Artifactory/OSX/rundev-2020/202107140359/runtime/446214e/runTime/Maya.app/Contents/Frameworks/Python.framework/Versions/Current/include/python2.7,-DPython_EXECUTABLE=/local/S/jenkins/workspace/shared/Artifactory/OSX/rundev-2020/202107140359/runtime/446214e/runTime/Maya.app/Contents/bin/mayapy,-DPYTHON_LIBRARIES=/local/S/jenkins/workspace/shared/Artifactory/OSX/rundev-2020/202107140359/runtime/446214e/runTime/Maya.app/Contents/Frameworks/Python.framework/Versions/Current/lib/libpython2.7.dylib,-DUSD_LIB_PREFIX=lib,-DBUILD_HDMAYA=OFF '--ctest-args=-E testUsdReferenceAssemblySelection|testUsdMayaAppDir,-LE interactive,--parallel 4' --stages=install --redirect-outstream-file=False --install-location /local/S/jenkins/workspace/ECP/ecg-maya-usd/ecg-mayausd-branch-preflight-2020-osx/install/RelWithDebInfo/MayaUSD /local/S/jenkins/workspace/ECP/ecg-maya-usd/ecg-mayausd-branch-preflight-2020-osx
[2023-04-06T14:28:59.489Z] Modified environment variables:
[2023-04-06T14:28:59.489Z]     PATH=/local/S/jenkins/workspace/shared/Artifactory/OSX/cmake/3.20.3/2594509/bin:/usr/local/bin:/bin:/usr/sbin:/sbin:/usr/bin
[2023-04-06T14:28:59.808Z]     [1/8] Automatic MOC and UIC for target mayaUsdUI
[2023-04-06T14:28:59.808Z]     [2/5] Automatic MOC and UIC for target testMayaUsdUI
[2023-04-06T14:28:59.808Z]     [2/3] Install the project...
[2023-04-06T14:28:59.808Z]     -- Install configuration: "RelWithDebInfo"
[2023-04-06T14:29:01.959Z]     
[2023-04-06T14:29:01.959Z]         Building with settings:
[2023-04-06T14:29:01.959Z]           Source directory          /local/S/jenkins/workspace/ECP/ecg-maya-usd/ecg-mayausd-branch-preflight-2020-osx/ecg-maya-usd/maya-usd
[2023-04-06T14:29:01.959Z]           Workspace directory       /local/S/jenkins/workspace/ECP/ecg-maya-usd/ecg-mayausd-branch-preflight-2020-osx
[2023-04-06T14:29:01.960Z]           Build directory           /local/S/jenkins/workspace/ECP/ecg-maya-usd/ecg-mayausd-branch-preflight-2020-osx/build/RelWithDebInfo
[2023-04-06T14:29:01.960Z]           Install directory         /local/S/jenkins/workspace/ECP/ecg-maya-usd/ecg-mayausd-branch-preflight-2020-osx/install/RelWithDebInfo/MayaUSD
[2023-04-06T14:29:01.960Z]           Variant                   RelWithDebInfo
[2023-04-06T14:29:01.960Z]           Python Debug              Off
[2023-04-06T14:29:01.960Z]           CMake generator           Ninja
[2023-04-06T14:29:01.960Z]           Build arguments           ['-DCMAKE_MAKE_PROGRAM=/local/S/jenkins/workspace/shared/Artifactory/OSX/ninja/1.9.0/41005eb/ninja', '-DPYTHON_INCLUDE_DIR=/local/S/jenkins/workspace/shared/Artifactory/OSX/rundev-2020/202107140359/runtime/446214e/runTime/Maya.app/Contents/Frameworks/Python.framework/Versions/Current/include/python2.7', '-DPython_EXECUTABLE=/local/S/jenkins/workspace/shared/Artifactory/OSX/rundev-2020/202107140359/runtime/446214e/runTime/Maya.app/Contents/bin/mayapy', '-DPYTHON_LIBRARIES=/local/S/jenkins/workspace/shared/Artifactory/OSX/rundev-2020/202107140359/runtime/446214e/runTime/Maya.app/Contents/Frameworks/Python.framework/Versions/Current/lib/libpython2.7.dylib', '-DUSD_LIB_PREFIX=lib', '-DBUILD_HDMAYA=OFF']
[2023-04-06T14:29:01.960Z]           Stages arguments          ['install']
[2023-04-06T14:29:01.960Z]           CTest arguments           ['-E testUsdReferenceAssemblySelection|testUsdMayaAppDir', '-LE interactive', '--parallel 4']
[2023-04-06T14:29:01.960Z]     Success MayaUSD build and install !!!!
[2023-04-06T14:29:01.960Z]     Elapsed time: 00:00:02
[Pipeline] }
[Pipeline] // withEnv
[Pipeline] }
[Pipeline] // timeout
[Pipeline] }
[Pipeline] // stage
[Pipeline] }
[Pipeline] // timestamps
[Pipeline] timestamps
[Pipeline] {
[Pipeline] stage
[Pipeline] { (Test)
[Pipeline] timeout
[2023-04-06T14:29:02.581Z] Timeout set to expire in 6 hr 0 min
[Pipeline] {
[Pipeline] withEnv
[Pipeline] {
[Pipeline] sh
[2023-04-06T14:29:03.667Z] + python ecg-maya-usd/build.py --stages=test --workspace-dir=/local/S/jenkins/workspace/ECP/ecg-maya-usd/ecg-mayausd-branch-preflight-2020-osx --artifactory-dir=/local/S/jenkins/workspace/shared/Artifactory --build-dir=/local/S/jenkins/workspace/ECP/ecg-maya-usd/ecg-mayausd-branch-preflight-2020-osx/build --install-dir=/local/S/jenkins/workspace/ECP/ecg-maya-usd/ecg-mayausd-branch-preflight-2020-osx/install --signing-dir=/local/S/jenkins/workspace/ECP/ecg-maya-usd/ecg-mayausd-branch-preflight-2020-osx/signing --package-dir=/local/S/jenkins/workspace/ECP/ecg-maya-usd/ecg-mayausd-branch-preflight-2020-osx/package --output-dir=/local/S/jenkins/workspace/ECP/ecg-maya-usd/ecg-mayausd-branch-preflight-2020-osx/output --stash-dir=/local/S/jenkins/workspace/ECP/ecg-maya-usd/ecg-mayausd-branch-preflight-2020-osx/stash --jenkins-build=830 --git-commit=a8fa22c6f13696b4ec78dd9d6c429e0c7430f14d --git-branch=master --variants=RelWithDebInfo --python=2.7 --post-zips=false --test-jobs=0 --failed-test-retry=3 --maya-cut-config=maya-rundev-2020.yaml --maya-package=rundev-2020 --stage-banner --progressive-timeout
[2023-04-06T14:29:04.319Z] No catalog entry registered for tbb-4.4u5-ub2.
[2023-04-06T14:29:04.319Z] Using Maya cut from /local/S/jenkins/workspace/shared/Artifactory/OSX/rundev-2020/202107140359/runtime/446214e
[2023-04-06T14:29:04.319Z] 
[2023-04-06T14:29:04.319Z] ================================================================================
[2023-04-06T14:29:04.319Z]                              test (RelWithDebInfo)
[2023-04-06T14:29:04.319Z] ================================================================================
[2023-04-06T14:29:04.319Z] Maya Python RelWithDebInfo Info:
[2023-04-06T14:29:04.319Z]   mayapy executable   = /local/S/jenkins/workspace/shared/Artifactory/OSX/rundev-2020/202107140359/runtime/446214e/runTime/Maya.app/Contents/bin/mayapy
[2023-04-06T14:29:04.319Z]   Include Folder      = /local/S/jenkins/workspace/shared/Artifactory/OSX/rundev-2020/202107140359/runtime/446214e/runTime/Maya.app/Contents/Frameworks/Python.framework/Versions/Current/include/python2.7
[2023-04-06T14:29:04.319Z]   Library             = /local/S/jenkins/workspace/shared/Artifactory/OSX/rundev-2020/202107140359/runtime/446214e/runTime/Maya.app/Contents/Frameworks/Python.framework/Versions/Current/lib/libpython2.7.dylib
[2023-04-06T14:29:04.319Z]   site-package Folder = /local/S/jenkins/workspace/shared/Artifactory/OSX/rundev-2020/202107140359/runtime/446214e/runTime/Maya.app/Contents/Frameworks/Python.framework/Versions/Current/lib/python2.7/site-packages
[2023-04-06T14:29:04.958Z] In workdir: /local/S/jenkins/workspace/ECP/ecg-maya-usd/ecg-mayausd-branch-preflight-2020-osx/ecg-maya-usd/maya-usd
[2023-04-06T14:29:04.958Z] Executing: /local/S/jenkins/workspace/shared/Artifactory/OSX/rundev-2020/202107140359/runtime/446214e/runTime/Maya.app/Contents/bin/mayapy /local/S/jenkins/workspace/ECP/ecg-maya-usd/ecg-mayausd-branch-preflight-2020-osx/ecg-maya-usd/maya-usd/build.py --generator Ninja --build-relwithdebug --maya-location /local/S/jenkins/workspace/shared/Artifactory/OSX/rundev-2020/202107140359/runtime/446214e/runTime --devkit-location /local/S/jenkins/workspace/shared/Artifactory/OSX/rundev-2020/202107140359/runtime/446214e/devkitBase --pxrusd-location /local/S/jenkins/workspace/shared/Artifactory/OSX/USD/b41f6d4 --qt-location /local/S/jenkins/workspace/shared/Artifactory/OSX/qt/5.12.5/3ca78fe --materialx --build-args=-DCMAKE_MAKE_PROGRAM=/local/S/jenkins/workspace/shared/Artifactory/OSX/ninja/1.9.0/41005eb/ninja,-DPYTHON_INCLUDE_DIR=/local/S/jenkins/workspace/shared/Artifactory/OSX/rundev-2020/202107140359/runtime/446214e/runTime/Maya.app/Contents/Frameworks/Python.framework/Versions/Current/include/python2.7,-DPython_EXECUTABLE=/local/S/jenkins/workspace/shared/Artifactory/OSX/rundev-2020/202107140359/runtime/446214e/runTime/Maya.app/Contents/bin/mayapy,-DPYTHON_LIBRARIES=/local/S/jenkins/workspace/shared/Artifactory/OSX/rundev-2020/202107140359/runtime/446214e/runTime/Maya.app/Contents/Frameworks/Python.framework/Versions/Current/lib/libpython2.7.dylib,-DUSD_LIB_PREFIX=lib,-DBUILD_HDMAYA=OFF '--ctest-args=-E testUsdReferenceAssemblySelection|testUsdMayaAppDir,-LE interactive,--parallel 4' --stages=test --redirect-outstream-file=False --install-location /local/S/jenkins/workspace/ECP/ecg-maya-usd/ecg-mayausd-branch-preflight-2020-osx/install/RelWithDebInfo/MayaUSD /local/S/jenkins/workspace/ECP/ecg-maya-usd/ecg-mayausd-branch-preflight-2020-osx
[2023-04-06T14:29:04.958Z] Modified environment variables:
[2023-04-06T14:29:04.958Z]     PATH=/local/S/jenkins/workspace/shared/Artifactory/OSX/cmake/3.20.3/2594509/bin:/usr/local/bin:/bin:/usr/sbin:/sbin:/usr/bin
[2023-04-06T14:29:05.172Z]     Test project /local/S/jenkins/workspace/ECP/ecg-maya-usd/ecg-mayausd-branch-preflight-2020-osx/build/RelWithDebInfo
[2023-04-06T14:29:05.172Z]             Start   1: testMayaUsdConverter
[2023-04-06T14:29:05.172Z]             Start   2: testMayaUsdCreateStageCommands
[2023-04-06T14:29:05.172Z]             Start   3: testMayaUsdPythonImport
[2023-04-06T14:29:05.172Z]             Start   4: testMayaUsdLayerEditorCommands
[2023-04-06T14:29:14.274Z]       1/161 Test   #3: testMayaUsdPythonImport .........................   Passed    9.13 sec
[2023-04-06T14:29:14.274Z]             Start   5: testMayaUsdCacheId
[2023-04-06T14:29:14.590Z]       2/161 Test   #1: testMayaUsdConverter ............................   Passed    9.43 sec
[2023-04-06T14:29:14.590Z]             Start   7: _Interactive_Maya
[2023-04-06T14:29:14.590Z]       3/161 Test   #7: _Interactive_Maya ...............................***Not Run (Disabled)   0.00 sec
[2023-04-06T14:29:14.590Z]             Start   8: testMayaUsdPlugVersionCheck
[2023-04-06T14:29:15.107Z]       4/161 Test   #4: testMayaUsdLayerEditorCommands ..................   Passed    9.94 sec
[2023-04-06T14:29:15.107Z]             Start   9: testMatrices
[2023-04-06T14:29:15.212Z]       5/161 Test   #2: testMayaUsdCreateStageCommands ..................   Passed   10.03 sec
[2023-04-06T14:29:15.212Z]             Start  10: testMayaPickwalk
[2023-04-06T14:29:18.639Z]       6/161 Test   #5: testMayaUsdCacheId ..............................   Passed    4.38 sec
[2023-04-06T14:29:18.639Z]             Start  11: testPythonWrappers
[2023-04-06T14:29:19.055Z]       7/161 Test   #8: testMayaUsdPlugVersionCheck .....................   Passed    4.43 sec
[2023-04-06T14:29:19.055Z]             Start  12: testSelection
[2023-04-06T14:29:20.084Z]       8/161 Test   #9: testMatrices ....................................   Passed    5.00 sec
[2023-04-06T14:29:20.084Z]             Start  13: testSelectionByArray
[2023-04-06T14:29:20.188Z]       9/161 Test  #10: testMayaPickwalk ................................   Passed    4.95 sec
[2023-04-06T14:29:20.188Z]             Start  14: testUfePythonImport
[2023-04-06T14:29:23.313Z]      10/161 Test  #11: testPythonWrappers ..............................   Passed    4.60 sec
[2023-04-06T14:29:23.313Z]             Start  15: testAttributeBlock
[2023-04-06T14:29:23.619Z]      11/161 Test  #12: testSelection ...................................   Passed    4.62 sec
[2023-04-06T14:29:23.619Z]             Start  16: testBlockedLayerEdit
[2023-04-06T14:29:24.248Z]      12/161 Test  #14: testUfePythonImport .............................   Passed    4.11 sec
[2023-04-06T14:29:24.248Z]             Start  17: testLegacyDeleteCmd
[2023-04-06T14:29:24.676Z]      13/161 Test  #13: testSelectionByArray ............................   Passed    4.62 sec
[2023-04-06T14:29:24.676Z]             Start  18: testPrimReader
[2023-04-06T14:29:28.303Z]      14/161 Test  #15: testAttributeBlock ..............................   Passed    4.99 sec
[2023-04-06T14:29:28.303Z]             Start  19: testPrimWriter
[2023-04-06T14:29:28.608Z]      15/161 Test  #16: testBlockedLayerEdit ............................   Passed    4.98 sec
[2023-04-06T14:29:28.608Z]             Start  20: testExportChaser
[2023-04-06T14:29:29.228Z]      16/161 Test  #17: testLegacyDeleteCmd .............................   Passed    4.94 sec
[2023-04-06T14:29:29.228Z]             Start  21: testImportChaser
[2023-04-06T14:29:29.336Z]      17/161 Test  #18: testPrimReader ..................................   Passed    4.56 sec
[2023-04-06T14:29:29.336Z]             Start  22: testImportWithNamespace
[2023-04-06T14:29:32.863Z]      18/161 Test  #19: testPrimWriter ..................................   Passed    4.62 sec
[2023-04-06T14:29:32.863Z]             Start  23: testJobContextRegistry
[2023-04-06T14:29:33.280Z]      19/161 Test  #20: testExportChaser ................................   Passed    4.61 sec
[2023-04-06T14:29:33.280Z]             Start  24: testDisplayLayerSaveRestore
[2023-04-06T14:29:33.793Z]      20/161 Test  #21: testImportChaser ................................   Passed    4.59 sec
[2023-04-06T14:29:33.793Z]             Start  25: testSchemaApiAdaptor
[2023-04-06T14:29:34.742Z]      21/161 Test  #22: testImportWithNamespace .........................   Passed    5.49 sec
[2023-04-06T14:29:34.742Z]             Start  26: testReadWriteUtils
[2023-04-06T14:29:37.463Z]      22/161 Test  #23: testJobContextRegistry ..........................   Passed    4.57 sec
[2023-04-06T14:29:37.464Z]             Start  27: testXformStack
[2023-04-06T14:29:37.885Z]      23/161 Test  #24: testDisplayLayerSaveRestore .....................   Passed    4.67 sec
[2023-04-06T14:29:37.885Z]             Start  28: testGeomNode
[2023-04-06T14:29:38.837Z]      24/161 Test  #25: testSchemaApiAdaptor ............................   Passed    5.07 sec
[2023-04-06T14:29:38.837Z]             Start  29: testLayerManagerSerialization
[2023-04-06T14:29:39.446Z]      25/161 Test  #26: testReadWriteUtils ..............................   Passed    4.62 sec
[2023-04-06T14:29:39.446Z]             Start  30: testPointBasedDeformerNode
[2023-04-06T14:29:42.066Z]      26/161 Test  #27: testXformStack ..................................   Passed    4.62 sec
[2023-04-06T14:29:42.066Z]             Start  31: testProxyShapeBase
[2023-04-06T14:29:42.584Z]      27/161 Test  #28: testGeomNode ....................................   Passed    4.66 sec
[2023-04-06T14:29:42.584Z]             Start  32: testHdImagingShape
[2023-04-06T14:29:43.546Z]      28/161 Test  #29: testLayerManagerSerialization ...................   Passed    4.71 sec
[2023-04-06T14:29:43.546Z]             Start  51: testUsdUndoManager
[2023-04-06T14:29:43.961Z]      29/161 Test  #30: testPointBasedDeformerNode ......................   Passed    4.54 sec
[2023-04-06T14:29:43.961Z]             Start  52: testBlockSceneModificationContext
[2023-04-06T14:29:47.107Z]      30/161 Test  #31: testProxyShapeBase ..............................   Passed    5.02 sec
[2023-04-06T14:29:47.107Z]             Start  53: testDiagnosticDelegate
[2023-04-06T14:29:47.522Z]      31/161 Test  #32: testHdImagingShape ..............................   Passed    4.94 sec
[2023-04-06T14:29:47.522Z]             Start  54: testPxrUsdPreviewSurfaceDraw
[2023-04-06T14:29:48.140Z]      32/161 Test  #51: testUsdUndoManager ..............................   Passed    4.57 sec
[2023-04-06T14:29:48.140Z]             Start  55: testPxrUsdPreviewSurfaceExport
[2023-04-06T14:29:48.666Z]      33/161 Test  #52: testBlockSceneModificationContext ...............   Passed    4.70 sec
[2023-04-06T14:29:48.666Z]             Start  56: testMayaUsdSchemasPythonImport
[2023-04-06T14:29:50.152Z]      34/161 Test  #54: testPxrUsdPreviewSurfaceDraw ....................   Passed    2.64 sec
[2023-04-06T14:29:50.152Z]             Start  57: testMayaUsdSchemasMayaReference
[2023-04-06T14:29:51.810Z]      35/161 Test  #53: testDiagnosticDelegate ..........................   Passed    4.74 sec
[2023-04-06T14:29:51.810Z]             Start  58: testDiffCore
[2023-04-06T14:29:51.912Z]      36/161 Test  #58: testDiffCore ....................................   Passed    0.03 sec
[2023-04-06T14:29:51.912Z]             Start  59: testDiffValues
[2023-04-06T14:29:51.912Z]      37/161 Test  #56: testMayaUsdSchemasPythonImport ..................   Passed    3.26 sec
[2023-04-06T14:29:51.912Z]             Start  60: testDiffAttributes
[2023-04-06T14:29:51.912Z]      38/161 Test  #59: testDiffValues ..................................   Passed    0.03 sec
[2023-04-06T14:29:51.912Z]             Start  61: testDiffRelationships
[2023-04-06T14:29:51.912Z]      39/161 Test  #60: testDiffAttributes ..............................   Passed    0.06 sec
[2023-04-06T14:29:51.912Z]             Start  62: testDiffDictionaries
[2023-04-06T14:29:51.912Z]      40/161 Test  #61: testDiffRelationships ...........................   Passed    0.06 sec
[2023-04-06T14:29:51.912Z]             Start  63: testDiffLists
[2023-04-06T14:29:52.013Z]      41/161 Test  #62: testDiffDictionaries ............................   Passed    0.03 sec
[2023-04-06T14:29:52.013Z]             Start  64: testDiffComputeOverall
[2023-04-06T14:29:52.013Z]      42/161 Test  #63: testDiffLists ...................................   Passed    0.03 sec
[2023-04-06T14:29:52.013Z]             Start  65: testDiffPrims
[2023-04-06T14:29:52.013Z]      43/161 Test  #64: testDiffComputeOverall ..........................   Passed    0.03 sec
[2023-04-06T14:29:52.013Z]             Start  66: testMergePrims
[2023-04-06T14:29:52.013Z]      44/161 Test  #65: testDiffPrims ...................................   Passed    0.06 sec
[2023-04-06T14:29:52.013Z]             Start  67: testDiffMetadatas
[2023-04-06T14:29:52.123Z]      45/161 Test  #66: testMergePrims ..................................   Passed    0.06 sec
[2023-04-06T14:29:52.123Z]             Start  68: testUsdExportAnimation
[2023-04-06T14:29:52.123Z]      46/161 Test  #67: testDiffMetadatas ...............................   Passed    0.06 sec
[2023-04-06T14:29:52.123Z]             Start  69: testUsdExportAsClip
[2023-04-06T14:29:53.489Z]      47/161 Test  #57: testMayaUsdSchemasMayaReference .................   Passed    3.29 sec
[2023-04-06T14:29:53.489Z]             Start  70: testUsdExportBindTransform
[2023-04-06T14:29:53.489Z]      48/161 Test  #55: testPxrUsdPreviewSurfaceExport ..................   Passed    5.38 sec
[2023-04-06T14:29:53.489Z]             Start  71: testUsdExportBlendshapes
[2023-04-06T14:29:56.731Z]      49/161 Test  #68: testUsdExportAnimation ..........................   Passed    4.64 sec
[2023-04-06T14:29:56.731Z]             Start  72: testUsdExportCamera
[2023-04-06T14:29:57.249Z]      50/161 Test  #69: testUsdExportAsClip .............................   Passed    5.13 sec
[2023-04-06T14:29:57.249Z]             Start  73: testUsdExportColorSets
[2023-04-06T14:29:58.406Z]      51/161 Test  #71: testUsdExportBlendshapes ........................   Passed    4.90 sec
[2023-04-06T14:29:58.406Z]             Start  74: testUsdExportConnected
[2023-04-06T14:29:58.617Z]      52/161 Test  #70: testUsdExportBindTransform ......................   Passed    5.20 sec
[2023-04-06T14:29:58.617Z]             Start  75: testUsdExportDisplayColor
[2023-04-06T14:30:01.759Z]      53/161 Test  #72: testUsdExportCamera .............................   Passed    5.06 sec
[2023-04-06T14:30:01.759Z]             Start  76: testUsdExportEulerFilter
[2023-04-06T14:30:02.271Z]      54/161 Test  #73: testUsdExportColorSets ..........................   Passed    5.06 sec
[2023-04-06T14:30:02.271Z]             Start  77: testUsdExportFileFormat
[2023-04-06T14:30:03.330Z]      55/161 Test  #74: testUsdExportConnected ..........................   Passed    4.87 sec
[2023-04-06T14:30:03.330Z]             Start  78: testUsdExportFilterTypes
[2023-04-06T14:30:03.542Z]      56/161 Test  #75: testUsdExportDisplayColor .......................   Passed    4.91 sec
[2023-04-06T14:30:03.542Z]             Start  79: testUsdExportFrameOffset
[2023-04-06T14:30:06.678Z]      57/161 Test  #76: testUsdExportEulerFilter ........................   Passed    4.91 sec
[2023-04-06T14:30:06.678Z]             Start  80: testUsdExportGeomSubset
[2023-04-06T14:30:06.892Z]      58/161 Test  #77: testUsdExportFileFormat .........................   Passed    4.59 sec
[2023-04-06T14:30:06.892Z]             Start  81: testUsdExportInstances
[2023-04-06T14:30:08.444Z]      59/161 Test  #78: testUsdExportFilterTypes ........................   Passed    5.12 sec
[2023-04-06T14:30:08.444Z]             Start  82: testUsdExportLayerAttributes
[2023-04-06T14:30:08.546Z]      60/161 Test  #79: testUsdExportFrameOffset ........................   Passed    4.99 sec
[2023-04-06T14:30:08.546Z]             Start  83: testUsdExportLight
[2023-04-06T14:30:11.798Z]      61/161 Test  #81: testUsdExportInstances ..........................   Passed    4.93 sec
[2023-04-06T14:30:11.798Z]             Start  84: testUsdExportLocator
[2023-04-06T14:30:11.900Z]      62/161 Test  #80: testUsdExportGeomSubset .........................   Passed    5.25 sec
[2023-04-06T14:30:11.900Z]             Start  85: testUsdExportMayaInstancer
[2023-04-06T14:30:12.953Z]      63/161 Test  #82: testUsdExportLayerAttributes ....................   Passed    4.50 sec
[2023-04-06T14:30:12.953Z]             Start  86: testUsdExportMesh
[2023-04-06T14:30:12.953Z]      64/161 Test  #83: testUsdExportLight ..............................   Passed    4.46 sec
[2023-04-06T14:30:12.953Z]             Start  87: testUsdExportNurbsCurve
[2023-04-06T14:30:16.677Z]      65/161 Test  #84: testUsdExportLocator ............................   Passed    4.81 sec
[2023-04-06T14:30:16.677Z]             Start  88: testUsdExportOpenLayer
[2023-04-06T14:30:17.096Z]      66/161 Test  #85: testUsdExportMayaInstancer ......................   Passed    5.17 sec
[2023-04-06T14:30:17.096Z]             Start  89: testUsdExportOverImport
[2023-04-06T14:30:17.932Z]      67/161 Test  #87: testUsdExportNurbsCurve .........................   Passed    4.90 sec
[2023-04-06T14:30:17.932Z]             Start  90: testUsdExportUsdPreviewSurface
[2023-04-06T14:30:17.932Z]      68/161 Test  #86: testUsdExportMesh ...............................   Passed    5.00 sec
[2023-04-06T14:30:17.932Z]             Start  91: testUsdExportParentScope
[2023-04-06T14:30:21.260Z]      69/161 Test  #88: testUsdExportOpenLayer ..........................   Passed    4.64 sec
[2023-04-06T14:30:21.260Z]             Start  92: testUsdExportParticles
[2023-04-06T14:30:21.680Z]      70/161 Test  #89: testUsdExportOverImport .........................   Passed    4.57 sec
[2023-04-06T14:30:21.680Z]             Start  93: testUsdExportPref
[2023-04-06T14:30:22.722Z]      71/161 Test  #91: testUsdExportParentScope ........................   Passed    4.79 sec
[2023-04-06T14:30:22.722Z]             Start  94: testUsdExportRenderLayerMode
[2023-04-06T14:30:22.822Z]      72/161 Test  #90: testUsdExportUsdPreviewSurface ..................   Passed    4.89 sec
[2023-04-06T14:30:22.822Z]             Start  95: testUsdExportRoots
[2023-04-06T14:30:25.940Z]      73/161 Test  #94: testUsdExportRenderLayerMode ....................   Passed    3.22 sec
[2023-04-06T14:30:25.940Z]             Start  96: testUsdExportRootsAndParentScope
[2023-04-06T14:30:26.041Z]      74/161 Test  #92: testUsdExportParticles ..........................   Passed    4.83 sec
[2023-04-06T14:30:26.041Z]             Start  97: testUsdExportSelection
[2023-04-06T14:30:26.454Z]      75/161 Test  #93: testUsdExportPref ...............................   Passed    4.75 sec
[2023-04-06T14:30:26.454Z]             Start  98: testUsdExportSelectionHierarchy
[2023-04-06T14:30:28.551Z]      76/161 Test  #95: testUsdExportRoots ..............................   Passed    5.71 sec
[2023-04-06T14:30:28.551Z]             Start  99: testUsdExportSkeleton
[2023-04-06T14:30:30.786Z]      77/161 Test  #96: testUsdExportRootsAndParentScope ................   Passed    4.81 sec
[2023-04-06T14:30:30.786Z]             Start 100: testUsdExportStripNamespaces
[2023-04-06T14:30:31.098Z]      78/161 Test  #97: testUsdExportSelection ..........................   Passed    5.02 sec
[2023-04-06T14:30:31.098Z]             Start 101: testUsdExportStroke
[2023-04-06T14:30:31.510Z]      79/161 Test  #98: testUsdExportSelectionHierarchy .................   Passed    5.10 sec
[2023-04-06T14:30:31.510Z]             Start 102: testUsdExportUserTaggedAttributes
[2023-04-06T14:30:33.891Z]      80/161 Test  #99: testUsdExportSkeleton ...........................   Passed    5.40 sec
[2023-04-06T14:30:33.891Z]             Start 103: testUsdExportVisibilityDefault
[2023-04-06T14:30:35.547Z]      81/161 Test #100: testUsdExportStripNamespaces ....................   Passed    4.78 sec
[2023-04-06T14:30:35.547Z]             Start 104: testUsdImportAnonymousLayer
[2023-04-06T14:30:35.961Z]      82/161 Test #101: testUsdExportStroke .............................   Passed    4.83 sec
[2023-04-06T14:30:35.961Z]             Start 105: testUsdImportCamera
[2023-04-06T14:30:36.386Z]      83/161 Test #102: testUsdExportUserTaggedAttributes ...............   Passed    4.81 sec
[2023-04-06T14:30:36.386Z]             Start 106: testUsdImportBasisCurves
[2023-04-06T14:30:38.698Z]      84/161 Test #103: testUsdExportVisibilityDefault ..................   Passed    4.79 sec
[2023-04-06T14:30:38.699Z]             Start 107: testUsdImportBatchNurbsCurves
[2023-04-06T14:30:40.050Z]      85/161 Test #104: testUsdImportAnonymousLayer .....................   Passed    4.53 sec
[2023-04-06T14:30:40.050Z]             Start 108: testUsdImportLinearCurves
[2023-04-06T14:30:40.466Z]      86/161 Test #105: testUsdImportCamera .............................   Passed    4.53 sec
[2023-04-06T14:30:40.466Z]             Start 109: testUsdImportHighDegreeNurbsCurves
[2023-04-06T14:30:41.915Z]      87/161 Test #106: testUsdImportBasisCurves ........................   Passed    5.53 sec
[2023-04-06T14:30:41.915Z]             Start 110: testUsdImportNurbsCurves
[2023-04-06T14:30:44.411Z]      88/161 Test #107: testUsdImportBatchNurbsCurves ...................   Passed    5.67 sec
[2023-04-06T14:30:44.411Z]             Start 111: testUsdImportBatchBezierCurves
[2023-04-06T14:30:45.559Z]      89/161 Test #108: testUsdImportLinearCurves .......................   Passed    5.56 sec
[2023-04-06T14:30:45.559Z]             Start 112: testUsdImportColorSets
[2023-04-06T14:30:46.074Z]      90/161 Test #109: testUsdImportHighDegreeNurbsCurves ..............   Passed    5.55 sec
[2023-04-06T14:30:46.074Z]             Start 113: testUsdImportDisplacement
[2023-04-06T14:30:47.441Z]      91/161 Test #110: testUsdImportNurbsCurves ........................   Passed    5.52 sec
[2023-04-06T14:30:47.441Z]             Start 114: testUsdImportExportScope
[2023-04-06T14:30:49.941Z]      92/161 Test #111: testUsdImportBatchBezierCurves ..................   Passed    5.60 sec
[2023-04-06T14:30:49.941Z]             Start 115: testUsdImportExportTypelessDefs
[2023-04-06T14:30:50.152Z]      93/161 Test #112: testUsdImportColorSets ..........................   Passed    4.57 sec
[2023-04-06T14:30:50.152Z]             Start 116: testUsdImportFrameRange
[2023-04-06T14:30:50.775Z]      94/161 Test #113: testUsdImportDisplacement .......................   Passed    4.76 sec
[2023-04-06T14:30:50.775Z]             Start 117: testUsdImportFramerates
[2023-04-06T14:30:52.126Z]      95/161 Test #114: testUsdImportExportScope ........................   Passed    4.69 sec
[2023-04-06T14:30:52.126Z]             Start 118: testUsdImportInstances
[2023-04-06T14:30:54.545Z]      96/161 Test #115: testUsdImportExportTypelessDefs .................   Passed    4.61 sec
[2023-04-06T14:30:54.545Z]             Start 119: testUsdImportLight
[2023-04-06T14:30:54.861Z]      97/161 Test #116: testUsdImportFrameRange .........................   Passed    4.72 sec
[2023-04-06T14:30:54.861Z]             Start 120: testUsdImportMayaReference
[2023-04-06T14:30:55.475Z]      98/161 Test #117: testUsdImportFramerates .........................   Passed    4.65 sec
[2023-04-06T14:30:55.475Z]             Start 121: testUsdImportMesh
[2023-04-06T14:30:57.032Z]      99/161 Test #118: testUsdImportInstances ..........................   Passed    4.91 sec
[2023-04-06T14:30:57.032Z]             Start 122: testUsdImportPointCache
[2023-04-06T14:30:59.225Z]     100/161 Test #119: testUsdImportLight ..............................   Passed    4.59 sec
[2023-04-06T14:30:59.225Z]             Start 123: testUsdImportPreviewSurface
[2023-04-06T14:30:59.735Z]     101/161 Test #120: testUsdImportMayaReference ......................   Passed    4.88 sec
[2023-04-06T14:30:59.735Z]             Start 124: testUsdImportSessionLayer
[2023-04-06T14:31:00.055Z]     102/161 Test #121: testUsdImportMesh ...............................   Passed    4.63 sec
[2023-04-06T14:31:00.055Z]             Start 125: testUsdImportShadingModeDisplayColor
[2023-04-06T14:31:01.835Z]     103/161 Test #122: testUsdImportPointCache .........................   Passed    4.83 sec
[2023-04-06T14:31:01.835Z]             Start 126: testUsdImportShadingModePxrRis
[2023-04-06T14:31:04.010Z]     104/161 Test #123: testUsdImportPreviewSurface .....................   Passed    4.87 sec
[2023-04-06T14:31:04.010Z]             Start 127: testUsdImportUVSetMappings
[2023-04-06T14:31:04.424Z]     105/161 Test #124: testUsdImportSessionLayer .......................   Passed    4.62 sec
[2023-04-06T14:31:04.424Z]             Start 128: testUsdImportUSDZTextures
[2023-04-06T14:31:04.643Z]     106/161 Test #125: testUsdImportShadingModeDisplayColor ............   Passed    4.53 sec
[2023-04-06T14:31:04.643Z]             Start 129: testUsdExportImportRoundtripPreviewSurface
[2023-04-06T14:31:06.340Z]     107/161 Test #126: testUsdImportShadingModePxrRis ..................   Passed    4.51 sec
[2023-04-06T14:31:06.340Z]             Start 130: testUsdImportSkeleton
[2023-04-06T14:31:08.530Z]     108/161 Test #127: testUsdImportUVSetMappings ......................   Passed    4.47 sec
[2023-04-06T14:31:08.530Z]             Start 131: testUsdImportXforms
[2023-04-06T14:31:09.049Z]     109/161 Test #128: testUsdImportUSDZTextures .......................   Passed    4.62 sec
[2023-04-06T14:31:09.049Z]             Start 132: testUsdImportXformAnim
[2023-04-06T14:31:09.881Z]     110/161 Test #129: testUsdExportImportRoundtripPreviewSurface ......   Passed    5.30 sec
[2023-04-06T14:31:09.881Z]             Start 133: testUsdImportEulerFilter
[2023-04-06T14:31:11.026Z]     111/161 Test #130: testUsdImportSkeleton ...........................   Passed    4.74 sec
[2023-04-06T14:31:11.026Z]             Start 134: testUsdMayaAdaptor
[2023-04-06T14:31:13.617Z]     112/161 Test #132: testUsdImportXformAnim ..........................   Passed    4.60 sec
[2023-04-06T14:31:13.617Z]             Start 135: testUsdMayaAdaptorGeom
[2023-04-06T14:31:14.573Z]     113/161 Test #133: testUsdImportEulerFilter ........................   Passed    4.64 sec
[2023-04-06T14:31:14.573Z]             Start 136: testUsdMayaAdaptorMetadata
[2023-04-06T14:31:15.615Z]     114/161 Test #134: testUsdMayaAdaptor ..............................   Passed    4.54 sec
[2023-04-06T14:31:15.615Z]             Start 137: testUsdMayaAdaptorUndoRedo
[2023-04-06T14:31:18.138Z]     115/161 Test #135: testUsdMayaAdaptorGeom ..........................   Passed    4.53 sec
[2023-04-06T14:31:18.138Z]             Start 138: testUsdExportUVTransforms
[2023-04-06T14:31:19.490Z]     116/161 Test #136: testUsdMayaAdaptorMetadata ......................   Passed    4.90 sec
[2023-04-06T14:31:19.490Z]             Start 139: testUsdExportUsdzPackage
[2023-04-06T14:31:20.426Z]     117/161 Test #137: testUsdMayaAdaptorUndoRedo ......................   Passed    4.78 sec
[2023-04-06T14:31:20.426Z]             Start 140: testUsdImportRfMShaders
[2023-04-06T14:31:23.416Z]     118/161 Test #138: testUsdExportUVTransforms .......................   Passed    5.33 sec
[2023-04-06T14:31:23.416Z]             Start 141: testUsdExportDisplacement
[2023-04-06T14:31:24.455Z]     119/161 Test #139: testUsdExportUsdzPackage ........................   Passed    4.96 sec
[2023-04-06T14:31:24.455Z]             Start 142: testUsdExportShadingInstanced
[2023-04-06T14:31:24.983Z]     120/161 Test #140: testUsdImportRfMShaders .........................   Passed    4.57 sec
[2023-04-06T14:31:24.983Z]             Start 143: testUsdExportShadingModePxrRis
[2023-04-06T14:31:28.831Z]     121/161 Test #141: testUsdExportDisplacement .......................   Passed    5.33 sec
[2023-04-06T14:31:28.831Z]             Start 144: testUsdExportImportUDIM
[2023-04-06T14:31:29.558Z]     122/161 Test #142: testUsdExportShadingInstanced ...................   Passed    5.18 sec
[2023-04-06T14:31:29.558Z]             Start 145: testUsdExportRfMShaders
[2023-04-06T14:31:29.763Z]     123/161 Test #143: testUsdExportShadingModePxrRis ..................   Passed    4.78 sec
[2023-04-06T14:31:29.763Z]             Start 146: testUsdExportUVSets
[2023-04-06T14:31:34.099Z]     124/161 Test #144: testUsdExportImportUDIM .........................   Passed    5.31 sec
[2023-04-06T14:31:34.099Z]             Start 147: testUsdExportUVSetsFloat
[2023-04-06T14:31:34.521Z]     125/161 Test #146: testUsdExportUVSets .............................   Passed    4.74 sec
[2023-04-06T14:31:34.521Z]             Start 148: testUsdExportUVSetMappings
[2023-04-06T14:31:34.825Z]     126/161 Test #145: testUsdExportRfMShaders .........................   Passed    5.20 sec
[2023-04-06T14:31:34.825Z]             Start 149: testUsdImportUVSets
[2023-04-06T14:31:38.874Z]     127/161 Test #147: testUsdExportUVSetsFloat ........................   Passed    4.77 sec
[2023-04-06T14:31:38.874Z]             Start 150: testUsdImportUVSetsFloat
[2023-04-06T14:31:39.907Z]     128/161 Test #148: testUsdExportUVSetMappings ......................   Passed    5.42 sec
[2023-04-06T14:31:39.907Z]             Start 151: testUsdImportChaser
[2023-04-06T14:31:40.649Z]     129/161 Test #149: testUsdImportUVSets .............................   Passed    5.83 sec
[2023-04-06T14:31:40.649Z]             Start 152: testUsdExportCustomConverter-Maya
[2023-04-06T14:31:44.569Z]     130/161 Test #151: testUsdImportChaser .............................   Passed    4.68 sec
[2023-04-06T14:31:44.569Z]             Start 153: testUsdExportCustomConverter-USD
[2023-04-06T14:31:44.670Z]     131/161 Test #150: testUsdImportUVSetsFloat ........................   Passed    5.85 sec
[2023-04-06T14:31:44.670Z]             Start 154: testUsdImportCustomConverter-Maya
[2023-04-06T14:31:45.615Z]     132/161 Test #152: testUsdExportCustomConverter-Maya ...............   Passed    4.98 sec
[2023-04-06T14:31:45.615Z]             Start 155: testUsdImportCustomConverter-USD
[2023-04-06T14:31:49.663Z]     133/161 Test #153: testUsdExportCustomConverter-USD ................   Passed    5.03 sec
[2023-04-06T14:31:49.663Z]             Start 156: testUsdMayaListShadingModesCommand
[2023-04-06T14:31:49.663Z]     134/161 Test #154: testUsdImportCustomConverter-Maya ...............   Passed    4.96 sec
[2023-04-06T14:31:49.663Z]             Start 157: testUsdExportSchemaApi
[2023-04-06T14:31:50.495Z]     135/161 Test #155: testUsdImportCustomConverter-USD ................   Passed    4.93 sec
[2023-04-06T14:31:50.495Z]             Start 158: testUsdImportExportSiteSpecificConfig
[2023-04-06T14:31:54.283Z]     136/161 Test #156: testUsdMayaListShadingModesCommand ..............   Passed    4.67 sec
[2023-04-06T14:31:54.283Z]             Start 159: testUsdExportAssembly
[2023-04-06T14:31:54.602Z]     137/161 Test #157: testUsdExportSchemaApi ..........................   Passed    4.91 sec
[2023-04-06T14:31:54.602Z]             Start 160: testUsdExportAssemblyEdits
[2023-04-06T14:31:55.321Z]     138/161 Test #158: testUsdImportExportSiteSpecificConfig ...........   Passed    4.81 sec
[2023-04-06T14:31:55.321Z]             Start 161: testUsdExportPackage
[2023-04-06T14:31:59.651Z]     139/161 Test #159: testUsdExportAssembly ...........................   Passed    5.34 sec
[2023-04-06T14:31:59.651Z]             Start 162: testUsdExportPointInstancer
[2023-04-06T14:31:59.969Z]     140/161 Test #160: testUsdExportAssemblyEdits ......................   Passed    5.33 sec
[2023-04-06T14:31:59.969Z]             Start 163: testUsdImportAsAssemblies
[2023-04-06T14:32:00.606Z]     141/161 Test #161: testUsdExportPackage ............................   Passed    5.30 sec
[2023-04-06T14:32:00.606Z]             Start 164: testUsdImportNestedAssemblyAnimation
[2023-04-06T14:32:04.867Z]     142/161 Test #163: testUsdImportAsAssemblies .......................   Passed    4.91 sec
[2023-04-06T14:32:04.867Z]             Start 165: testUsdMayaGetVariantSetSelections
[2023-04-06T14:32:05.497Z]     143/161 Test #164: testUsdImportNestedAssemblyAnimation ............   Passed    4.83 sec
[2023-04-06T14:32:05.497Z]             Start 166: testUsdMayaModelKindProcessor
[2023-04-06T14:32:10.260Z]     144/161 Test #165: testUsdMayaGetVariantSetSelections ..............   Passed    5.44 sec
[2023-04-06T14:32:10.260Z]             Start 167: testUsdMayaReferenceAssemblyEdits
[2023-04-06T14:32:10.866Z]     145/161 Test #166: testUsdMayaModelKindProcessor ...................   Passed    5.42 sec
[2023-04-06T14:32:10.866Z]             Start 168: testUsdReferenceAssemblyChangeRepresentations
[2023-04-06T14:32:15.566Z]     146/161 Test #167: testUsdMayaReferenceAssemblyEdits ...............   Passed    5.28 sec
[2023-04-06T14:32:15.566Z]             Start 169: testPxrUsdAlembicChaser
[2023-04-06T14:32:16.394Z]     147/161 Test #168: testUsdReferenceAssemblyChangeRepresentations ...   Passed    5.53 sec
[2023-04-06T14:32:16.394Z]             Start 170: AL_MayaUtilsTests
[2023-04-06T14:32:19.116Z]     148/161 Test #170: AL_MayaUtilsTests ...............................   Passed    2.74 sec
[2023-04-06T14:32:19.116Z]             Start 171: GTest:AL_USDTransactionTests
[2023-04-06T14:32:19.220Z]     149/161 Test #171: GTest:AL_USDTransactionTests ....................   Passed    0.06 sec
[2023-04-06T14:32:19.220Z]             Start 172: Python:AL_USDTransactionTests
[2023-04-06T14:32:19.636Z]     150/161 Test #172: Python:AL_USDTransactionTests ...................   Passed    0.43 sec
[2023-04-06T14:32:19.636Z]             Start 173: AL_USDMayaTestPlugin
[2023-04-06T14:32:20.773Z]     151/161 Test #169: testPxrUsdAlembicChaser .........................   Passed    5.26 sec
[2023-04-06T14:32:20.773Z]             Start 174: TestALUSDMayaPython_ProxyShape
[2023-04-06T14:32:23.948Z]     152/161 Test #162: testUsdExportPointInstancer .....................   Passed   24.33 sec
[2023-04-06T14:32:23.948Z]             Start 175: TestALUSDMayaPython_Translators
[2023-04-06T14:32:25.717Z]     153/161 Test #174: TestALUSDMayaPython_ProxyShape ..................   Passed    4.89 sec
[2023-04-06T14:32:25.717Z]             Start 176: TestALUSDMayaPython_LayerManager
[2023-04-06T14:32:29.307Z]     154/161 Test #175: TestALUSDMayaPython_Translators .................   Passed    5.33 sec
[2023-04-06T14:32:29.307Z]             Start 177: TestALUSDMayaPython_ImportModule
[2023-04-06T14:32:30.969Z]     155/161 Test #176: TestALUSDMayaPython_LayerManager ................   Passed    5.31 sec
[2023-04-06T14:32:30.970Z]             Start 178: testMayaSchemas
[2023-04-06T14:32:31.074Z]     156/161 Test #177: TestALUSDMayaPython_ImportModule ................   Passed    1.74 sec
[2023-04-06T14:32:31.074Z]             Start 179: TestAdditionalTranslators
[2023-04-06T14:32:31.074Z]     157/161 Test #178: testMayaSchemas .................................   Passed    0.06 sec
[2023-04-06T14:32:31.074Z]             Start 180: TestPxrUsdTranslators
[2023-04-06T14:32:36.301Z]     158/161 Test #180: TestPxrUsdTranslators ...........................   Passed    5.19 sec
[2023-04-06T14:32:36.809Z]     159/161 Test #173: AL_USDMayaTestPlugin ............................   Passed   17.16 sec
[2023-04-06T14:32:37.442Z]     160/161 Test #179: TestAdditionalTranslators .......................***Failed    6.42 sec
[2023-04-06T14:32:37.442Z]     MAYA_DEBUG_NO_SAVE_ON_CRASH is set.
[2023-04-06T14:32:37.442Z]     testDirectionalLight_PluginIsFunctional (testTranslators.TestTranslator) ... ok
[2023-04-06T14:32:37.442Z]     testDirectionalLight_TranslateRoundTrip (testTranslators.TestTranslator) ... ok
[2023-04-06T14:32:37.442Z]     testDirectionalLight_TranslatorExists (testTranslators.TestTranslator) ... ok
[2023-04-06T14:32:37.442Z]     testFrameRange_FallbackIsFunctional (testTranslators.TestTranslator) ... ok
[2023-04-06T14:32:37.442Z]     testFrameRange_NoImpactIfNoFrameRange (testTranslators.TestTranslator) ... ok
[2023-04-06T14:32:37.442Z]     testFrameRange_OnlyCurrentFrame (testTranslators.TestTranslator) ... ok
[2023-04-06T14:32:37.442Z]     testFrameRange_PluginIsFunctional (testTranslators.TestTranslator) ... ok
[2023-04-06T14:32:37.442Z]     testFrameRange_TranslatorExists (testTranslators.TestTranslator) ... ok
[2023-04-06T14:32:37.442Z]     testMayaReference_PluginIsFunctional (testTranslators.TestTranslator) ... File read in  0.39 seconds.
[2023-04-06T14:32:37.442Z]     File read in  0.0055 seconds.
[2023-04-06T14:32:37.442Z]     Warning: line 1: The namespace name '/test_cubeWithDefaultNamespace' contains illegal characters.  Truncating to 'test_cubeWithDefaultNamespace'.
[2023-04-06T14:32:37.442Z]     File read in  0.0053 seconds.
[2023-04-06T14:32:37.442Z]     ok
[2023-04-06T14:32:37.442Z]     testMayaReference_RefKeepsRefEdits (testTranslators.TestTranslator)
[2023-04-06T14:32:37.442Z]     Tests that, even if the MayaReference is swapped for a pure-usda representation, refedits are preserved ... File read in  0.0053 seconds.
[2023-04-06T14:32:37.442Z]     File read in  0.0055 seconds.
[2023-04-06T14:32:37.442Z]     ok
[2023-04-06T14:32:37.442Z]     testMayaReference_RefLoading (testTranslators.TestTranslator)
[2023-04-06T14:32:37.442Z]     Test that Maya References are only loaded when they need to be. ... File read in  0.0051 seconds.
[2023-04-06T14:32:37.442Z]     File read in  0.005 seconds.
[2023-04-06T14:32:37.442Z]     File read in  0.0054 seconds.
[2023-04-06T14:32:37.442Z]     ok
[2023-04-06T14:32:37.442Z]     testMayaReference_SurvivesHierarchyChanges (testTranslators.TestTranslator) ... File read in  0.0052 seconds.
[2023-04-06T14:32:37.442Z]     File read in  0.0051 seconds.
[2023-04-06T14:32:37.442Z]     ok
[2023-04-06T14:32:37.442Z]     testMayaReference_TranslatorExists (testTranslators.TestTranslator) ... ok
[2023-04-06T14:32:37.442Z]     testMayaReference_TranslatorImport (testTranslators.TestTranslator) ... File read in  0.0054 seconds.
[2023-04-06T14:32:37.442Z]     File read in  0.005 seconds.
[2023-04-06T14:32:37.442Z]     Warning: line 1: The namespace name '/test_cubeWithDefaultNamespace' contains illegal characters.  Truncating to 'test_cubeWithDefaultNamespace'.
[2023-04-06T14:32:37.442Z]     File read in  0.005 seconds.
[2023-04-06T14:32:37.442Z]     ok
[2023-04-06T14:32:37.442Z]     testMeshTranslator_multipleTranslations (testTranslators.TestTranslator) ... ok
[2023-04-06T14:32:37.442Z]     testMeshTranslator_variantswitch (testTranslators.TestTranslator) ... ok
[2023-04-06T14:32:37.442Z]     testMesh_PretearDownEditTargetWrite (testTranslators.TestTranslator) ... ok
[2023-04-06T14:32:37.442Z]     testMesh_TranslateOff (testTranslators.TestTranslator) ... ok
[2023-04-06T14:32:37.442Z]     testMesh_TranslateRoundTrip (testTranslators.TestTranslator) ... ok
[2023-04-06T14:32:37.442Z]     testMesh_TranslatorExists (testTranslators.TestTranslator) ... ok
[2023-04-06T14:32:37.442Z]     testMesh_testTranslateOn (testTranslators.TestTranslator) ... ok
[2023-04-06T14:32:37.442Z]     testMultipleColorSetsExportImport (testTranslators.TestTranslator)
[2023-04-06T14:32:37.442Z]     Testing static export/import multiple color sets ... ('tempFile ', '/var/folders/cc/h3hp1kt14rv3j5t_lybwwgqh0000gp/T/test_MeshTranslator_0hlOpy.usda')
[2023-04-06T14:32:37.442Z]     ('tempFile ', '/var/folders/cc/h3hp1kt14rv3j5t_lybwwgqh0000gp/T/test_MeshTranslator_cQ5Blz.usda')
[2023-04-06T14:32:37.442Z]     ('tempFile ', '/var/folders/cc/h3hp1kt14rv3j5t_lybwwgqh0000gp/T/test_MeshTranslator_urLSjy.usda')
[2023-04-06T14:32:37.442Z]     Breakdown for file: /var/folders/cc/h3hp1kt14rv3j5t_lybwwgqh0000gp/T/tempTestMultiColorSetsExportvg1Fw2.usda
[2023-04-06T14:32:37.442Z]     
[2023-04-06T14:32:37.442Z]     File read in  0.0032 seconds.
[2023-04-06T14:32:37.442Z]     ok
[2023-04-06T14:32:37.442Z]     testNurbsCurve_PretearDownEditTargetWrite (testTranslators.TestTranslator) ... circle -c 0 0 0 -nr 0 1 0 -sw 360 -r 1 -d 3 -ut 0 -tol 0 -s 8 -ch 1; objectMoveCommand;
[2023-04-06T14:32:37.442Z]     ok
[2023-04-06T14:32:37.442Z]     testNurbsCurve_TranslateOff (testTranslators.TestTranslator) ... circle -c 0 0 0 -nr 0 1 0 -sw 360 -r 1 -d 3 -ut 0 -tol 0 -s 8 -ch 1; objectMoveCommand;
[2023-04-06T14:32:37.442Z]     ok
[2023-04-06T14:32:37.442Z]     testNurbsCurve_TranslateRoundTrip (testTranslators.TestTranslator) ... circle -c 0 0 0 -nr 0 1 0 -sw 360 -r 1 -d 3 -ut 0 -tol 0 -s 8 -ch 1; objectMoveCommand;
[2023-04-06T14:32:37.442Z]     ok
[2023-04-06T14:32:37.442Z]     testNurbsCurve_TranslatorExists (testTranslators.TestTranslator) ... ok
[2023-04-06T14:32:37.442Z]     testNurbsCurve_curve_width_double_export (testTranslators.TestTranslator) ... circle -c 0 0 0 -nr 0 1 0 -sw 360 -r 1 -d 3 -ut 0 -tol 0 -s 8 -ch 1; objectMoveCommand;
[2023-04-06T14:32:37.442Z]     ok
[2023-04-06T14:32:37.442Z]     testNurbsCurve_curve_width_doublearray_export (testTranslators.TestTranslator) ... circle -c 0 0 0 -nr 0 1 0 -sw 360 -r 1 -d 3 -ut 0 -tol 0 -s 8 -ch 1; objectMoveCommand;
[2023-04-06T14:32:37.442Z]     Unhandled typed attribute: nurbsCircleShape1 nurbsCurve
[2023-04-06T14:32:37.442Z]     ok
[2023-04-06T14:32:37.442Z]     testNurbsCurve_curve_width_doublearrayempty_export (testTranslators.TestTranslator) ... circle -c 0 0 0 -nr 0 1 0 -sw 360 -r 1 -d 3 -ut 0 -tol 0 -s 8 -ch 1; objectMoveCommand;
[2023-04-06T14:32:37.442Z]     Unhandled typed attribute: nurbsCircleShape1 nurbsCurve
[2023-04-06T14:32:37.442Z]     ok
[2023-04-06T14:32:37.442Z]     testNurbsCurve_curve_width_float_export (testTranslators.TestTranslator) ... circle -c 0 0 0 -nr 0 1 0 -sw 360 -r 1 -d 3 -ut 0 -tol 0 -s 8 -ch 1; objectMoveCommand;
[2023-04-06T14:32:37.442Z]     ok
[2023-04-06T14:32:37.442Z]     testNurbsCurve_curve_width_floatarray_export (testTranslators.TestTranslator) ... circle -c 0 0 0 -nr 0 1 0 -sw 360 -r 1 -d 3 -ut 0 -tol 0 -s 8 -ch 1; objectMoveCommand;
[2023-04-06T14:32:37.442Z]     Unhandled typed attribute: nurbsCircleShape1 nurbsCurve
[2023-04-06T14:32:37.442Z]     ok
[2023-04-06T14:32:37.442Z]     testNurbsCurve_curve_width_floatarrayempty_export (testTranslators.TestTranslator) ... circle -c 0 0 0 -nr 0 1 0 -sw 360 -r 1 -d 3 -ut 0 -tol 0 -s 8 -ch 1; objectMoveCommand;
[2023-04-06T14:32:37.442Z]     Unhandled typed attribute: nurbsCircleShape1 nurbsCurve
[2023-04-06T14:32:37.442Z]     ok
[2023-04-06T14:32:37.442Z]     testNurbsCurve_curve_width_none_export (testTranslators.TestTranslator) ... circle -c 0 0 0 -nr 0 1 0 -sw 360 -r 1 -d 3 -ut 0 -tol 0 -s 8 -ch 1; objectMoveCommand;
[2023-04-06T14:32:37.442Z]     ok
[2023-04-06T14:32:37.442Z]     testNurbsCurve_testTranslateOn (testTranslators.TestTranslator) ... circle -c 0 0 0 -nr 0 1 0 -sw 360 -r 1 -d 3 -ut 0 -tol 0 -s 8 -ch 1; objectMoveCommand;
[2023-04-06T14:32:37.442Z]     ok
[2023-04-06T14:32:37.442Z]     testTranslatedPrimDeactiveClearIssue (testTranslators.TestTranslator) ... File read in  0.0054 seconds.
[2023-04-06T14:32:37.442Z]     ok
[2023-04-06T14:32:37.442Z]     testTranslatedPrimDeactiveCrashIssue (testTranslators.TestTranslator) ... File read in  0.0051 seconds.
[2023-04-06T14:32:37.442Z]     ok
[2023-04-06T14:32:37.442Z]     testUSDSpecNurbsCurveExportImport (testTranslators.TestTranslator)
[2023-04-06T14:32:37.442Z]     Testing exporting maya nurbsCurves in USD's curve spec, and importing USD curve spec in Maya ... circle -c 0 0 0 -nr 0 1 0 -sw 360 -r 1 -d 3 -ut 0 -tol 0 -s 8 -ch 1; objectMoveCommand;
[2023-04-06T14:32:37.442Z]     ERROR
[2023-04-06T14:32:37.442Z]     
[2023-04-06T14:32:37.442Z]     ======================================================================
[2023-04-06T14:32:37.442Z]     ERROR: testUSDSpecNurbsCurveExportImport (testTranslators.TestTranslator)
[2023-04-06T14:32:37.442Z]     Testing exporting maya nurbsCurves in USD's curve spec, and importing USD curve spec in Maya
[2023-04-06T14:32:37.442Z]     ----------------------------------------------------------------------
[2023-04-06T14:32:37.442Z]     Traceback (most recent call last):
[2023-04-06T14:32:37.442Z]       File "/local/S/jenkins/workspace/ECP/ecg-maya-usd/ecg-mayausd-branch-preflight-2020-osx/ecg-maya-usd/maya-usd/plugin/al/translators/tests/testTranslators.py", line 839, in testUSDSpecNurbsCurveExportImport
[2023-04-06T14:32:37.442Z]         self.assertEqual(len(knotValues), usdnotCount)
[2023-04-06T14:32:37.442Z]     NameError: global name 'usdnotCount' is not defined
[2023-04-06T14:32:37.442Z]     
[2023-04-06T14:32:37.442Z]     ----------------------------------------------------------------------
[2023-04-06T14:32:37.442Z]     Ran 37 tests in 2.555s
[2023-04-06T14:32:37.442Z]     
[2023-04-06T14:32:37.442Z]     FAILED (errors=1)
[2023-04-06T14:32:37.442Z]     Warning: Plug-in, "AL_USDMayaPlugin.bundle", is already loaded.  Skipped.
[2023-04-06T14:32:37.442Z]     ........File read in  0.0052 seconds.
[2023-04-06T14:32:37.442Z]     File read in  0.0049 seconds.
[2023-04-06T14:32:37.442Z]     Warning: line 1: The namespace name '/test_cubeWithDefaultNamespace' contains illegal characters.  Truncating to 'test_cubeWithDefaultNamespace'.
[2023-04-06T14:32:37.442Z]     File read in  0.005 seconds.
[2023-04-06T14:32:37.442Z]     .File read in  0.005 seconds.
[2023-04-06T14:32:37.442Z]     File read in  0.0051 seconds.
[2023-04-06T14:32:37.442Z]     .File read in  0.0051 seconds.
[2023-04-06T14:32:37.442Z]     File read in  0.0051 seconds.
[2023-04-06T14:32:37.442Z]     File read in  0.0051 seconds.
[2023-04-06T14:32:37.442Z]     .File read in  0.0051 seconds.
[2023-04-06T14:32:37.442Z]     File read in  0.005 seconds.
[2023-04-06T14:32:37.442Z]     ..File read in  0.0052 seconds.
[2023-04-06T14:32:37.442Z]     File read in  0.0049 seconds.
[2023-04-06T14:32:37.442Z]     Warning: line 1: The namespace name '/test_cubeWithDefaultNamespace' contains illegal characters.  Truncating to 'test_cubeWithDefaultNamespace'.
[2023-04-06T14:32:37.442Z]     File read in  0.005 seconds.
[2023-04-06T14:32:37.442Z]     ........('tempFile ', '/var/folders/cc/h3hp1kt14rv3j5t_lybwwgqh0000gp/T/test_MeshTranslator_AZymZ2.usda')
[2023-04-06T14:32:37.442Z]     ('tempFile ', '/var/folders/cc/h3hp1kt14rv3j5t_lybwwgqh0000gp/T/test_MeshTranslator_Lg48FS.usda')
[2023-04-06T14:32:37.442Z]     ('tempFile ', '/var/folders/cc/h3hp1kt14rv3j5t_lybwwgqh0000gp/T/test_MeshTranslator_wDahUb.usda')
[2023-04-06T14:32:37.442Z]     Breakdown for file: /var/folders/cc/h3hp1kt14rv3j5t_lybwwgqh0000gp/T/tempTestMultiColorSetsExportSM8noM.usda
[2023-04-06T14:32:37.442Z]     
[2023-04-06T14:32:37.442Z]     File read in  0.003 seconds.
[2023-04-06T14:32:37.442Z]     .circle -c 0 0 0 -nr 0 1 0 -sw 360 -r 1 -d 3 -ut 0 -tol 0 -s 8 -ch 1; objectMoveCommand;
[2023-04-06T14:32:37.443Z]     .circle -c 0 0 0 -nr 0 1 0 -sw 360 -r 1 -d 3 -ut 0 -tol 0 -s 8 -ch 1; objectMoveCommand;
[2023-04-06T14:32:37.443Z]     .circle -c 0 0 0 -nr 0 1 0 -sw 360 -r 1 -d 3 -ut 0 -tol 0 -s 8 -ch 1; objectMoveCommand;
[2023-04-06T14:32:37.443Z]     ..circle -c 0 0 0 -nr 0 1 0 -sw 360 -r 1 -d 3 -ut 0 -tol 0 -s 8 -ch 1; objectMoveCommand;
[2023-04-06T14:32:37.443Z]     .circle -c 0 0 0 -nr 0 1 0 -sw 360 -r 1 -d 3 -ut 0 -tol 0 -s 8 -ch 1; objectMoveCommand;
[2023-04-06T14:32:37.443Z]     Unhandled typed attribute: nurbsCircleShape1 nurbsCurve
[2023-04-06T14:32:37.443Z]     .circle -c 0 0 0 -nr 0 1 0 -sw 360 -r 1 -d 3 -ut 0 -tol 0 -s 8 -ch 1; objectMoveCommand;
[2023-04-06T14:32:37.443Z]     Unhandled typed attribute: nurbsCircleShape1 nurbsCurve
[2023-04-06T14:32:37.443Z]     .circle -c 0 0 0 -nr 0 1 0 -sw 360 -r 1 -d 3 -ut 0 -tol 0 -s 8 -ch 1; objectMoveCommand;
[2023-04-06T14:32:37.443Z]     .circle -c 0 0 0 -nr 0 1 0 -sw 360 -r 1 -d 3 -ut 0 -tol 0 -s 8 -ch 1; objectMoveCommand;
[2023-04-06T14:32:37.443Z]     Unhandled typed attribute: nurbsCircleShape1 nurbsCurve
[2023-04-06T14:32:37.443Z]     .circle -c 0 0 0 -nr 0 1 0 -sw 360 -r 1 -d 3 -ut 0 -tol 0 -s 8 -ch 1; objectMoveCommand;
[2023-04-06T14:32:37.443Z]     Unhandled typed attribute: nurbsCircleShape1 nurbsCurve
[2023-04-06T14:32:37.443Z]     .circle -c 0 0 0 -nr 0 1 0 -sw 360 -r 1 -d 3 -ut 0 -tol 0 -s 8 -ch 1; objectMoveCommand;
[2023-04-06T14:32:37.443Z]     .circle -c 0 0 0 -nr 0 1 0 -sw 360 -r 1 -d 3 -ut 0 -tol 0 -s 8 -ch 1; objectMoveCommand;
[2023-04-06T14:32:37.443Z]     .File read in  0.0051 seconds.
[2023-04-06T14:32:37.443Z]     .File read in  0.005 seconds.
[2023-04-06T14:32:37.443Z]     .circle -c 0 0 0 -nr 0 1 0 -sw 360 -r 1 -d 3 -ut 0 -tol 0 -s 8 -ch 1; objectMoveCommand;
[2023-04-06T14:32:37.443Z]     E
[2023-04-06T14:32:37.443Z]     ======================================================================
[2023-04-06T14:32:37.443Z]     ERROR: testUSDSpecNurbsCurveExportImport (testTranslators.TestTranslator)
[2023-04-06T14:32:37.443Z]     Testing exporting maya nurbsCurves in USD's curve spec, and importing USD curve spec in Maya
[2023-04-06T14:32:37.443Z]     ----------------------------------------------------------------------
[2023-04-06T14:32:37.443Z]     Traceback (most recent call last):
[2023-04-06T14:32:37.443Z]       File "/local/S/jenkins/workspace/ECP/ecg-maya-usd/ecg-mayausd-branch-preflight-2020-osx/ecg-maya-usd/maya-usd/plugin/al/translators/tests/testTranslators.py", line 839, in testUSDSpecNurbsCurveExportImport
[2023-04-06T14:32:37.443Z]         self.assertEqual(len(knotValues), usdnotCount)
[2023-04-06T14:32:37.443Z]     NameError: global name 'usdnotCount' is not defined
[2023-04-06T14:32:37.443Z]     
[2023-04-06T14:32:37.443Z]     ----------------------------------------------------------------------
[2023-04-06T14:32:37.443Z]     Ran 37 tests in 0.532s
[2023-04-06T14:32:37.443Z]     
[2023-04-06T14:32:37.443Z]     FAILED (errors=1)
[2023-04-06T14:32:37.443Z]     
[2023-04-06T14:33:01.004Z]     161/161 Test #131: testUsdImportXforms .............................   Passed  112.45 sec
[2023-04-06T14:33:01.004Z]     
[2023-04-06T14:33:01.004Z]     99% tests passed, 1 tests failed out of 160
[2023-04-06T14:33:01.004Z]     
[2023-04-06T14:33:01.004Z]     Label Time Summary:
[2023-04-06T14:33:01.004Z]     Debugging            =   0.00 sec*proc (1 test)
[2023-04-06T14:33:01.004Z]     MayaUsd              =  47.33 sec*proc (6 tests)
[2023-04-06T14:33:01.004Z]     fileio               =  38.18 sec*proc (8 tests)
[2023-04-06T14:33:01.004Z]     fileio_utils         =   9.24 sec*proc (2 tests)
[2023-04-06T14:33:01.004Z]     nodes                =  23.88 sec*proc (5 tests)
[2023-04-06T14:33:01.004Z]     translators          = 554.01 sec*proc (91 tests)
[2023-04-06T14:33:01.004Z]     ufe                  =  42.81 sec*proc (9 tests)
[2023-04-06T14:33:01.004Z]     undo                 =   4.57 sec*proc (1 test)
[2023-04-06T14:33:01.004Z]     usdPreviewSurface    =   8.02 sec*proc (2 tests)
[2023-04-06T14:33:01.004Z]     utils                =   9.44 sec*proc (2 tests)
[2023-04-06T14:33:01.004Z]     
[2023-04-06T14:33:01.004Z]     Total Test time (real) = 235.85 sec
[2023-04-06T14:33:01.004Z]     
[2023-04-06T14:33:01.004Z]     The following tests did not run:
[2023-04-06T14:33:01.004Z]     	  7 - _Interactive_Maya (Disabled)
[2023-04-06T14:33:01.004Z]     
[2023-04-06T14:33:01.004Z]     The following tests FAILED:
[2023-04-06T14:33:01.004Z]     	179 - TestAdditionalTranslators (Failed)
[2023-04-06T14:33:01.004Z]     Errors while running CTest
[2023-04-06T14:33:01.004Z]     
[2023-04-06T14:33:01.004Z]         Building with settings:
[2023-04-06T14:33:01.004Z]           Source directory          /local/S/jenkins/workspace/ECP/ecg-maya-usd/ecg-mayausd-branch-preflight-2020-osx/ecg-maya-usd/maya-usd
[2023-04-06T14:33:01.004Z]           Workspace directory       /local/S/jenkins/workspace/ECP/ecg-maya-usd/ecg-mayausd-branch-preflight-2020-osx
[2023-04-06T14:33:01.004Z]           Build directory           /local/S/jenkins/workspace/ECP/ecg-maya-usd/ecg-mayausd-branch-preflight-2020-osx/build/RelWithDebInfo
[2023-04-06T14:33:01.004Z]           Install directory         /local/S/jenkins/workspace/ECP/ecg-maya-usd/ecg-mayausd-branch-preflight-2020-osx/install/RelWithDebInfo/MayaUSD
[2023-04-06T14:33:01.004Z]           Variant                   RelWithDebInfo
[2023-04-06T14:33:01.004Z]           Python Debug              Off
[2023-04-06T14:33:01.004Z]           CMake generator           Ninja
[2023-04-06T14:33:01.004Z]           Build arguments           ['-DCMAKE_MAKE_PROGRAM=/local/S/jenkins/workspace/shared/Artifactory/OSX/ninja/1.9.0/41005eb/ninja', '-DPYTHON_INCLUDE_DIR=/local/S/jenkins/workspace/shared/Artifactory/OSX/rundev-2020/202107140359/runtime/446214e/runTime/Maya.app/Contents/Frameworks/Python.framework/Versions/Current/include/python2.7', '-DPython_EXECUTABLE=/local/S/jenkins/workspace/shared/Artifactory/OSX/rundev-2020/202107140359/runtime/446214e/runTime/Maya.app/Contents/bin/mayapy', '-DPYTHON_LIBRARIES=/local/S/jenkins/workspace/shared/Artifactory/OSX/rundev-2020/202107140359/runtime/446214e/runTime/Maya.app/Contents/Frameworks/Python.framework/Versions/Current/lib/libpython2.7.dylib', '-DUSD_LIB_PREFIX=lib', '-DBUILD_HDMAYA=OFF']
[2023-04-06T14:33:01.004Z]           Stages arguments          ['test']
[2023-04-06T14:33:01.004Z]           CTest arguments           ['-E testUsdReferenceAssemblySelection|testUsdMayaAppDir', '-LE interactive', '--parallel 4']
[2023-04-06T14:33:01.004Z]     #####################################################################################
[2023-04-06T14:33:01.004Z]     log date: 2023-04-06 07:28
[2023-04-06T14:33:01.004Z]     commit sha: cc4154795c25e50152ce0edd22ad86275a0eade9
[2023-04-06T14:33:01.004Z]     commit date: Thu Apr 6 07:16:52 2023 -0700
[2023-04-06T14:33:01.004Z]     #####################################################################################
[2023-04-06T14:33:01.004Z]     
[2023-04-06T14:33:01.004Z]     cmake --build . --config RelWithDebInfo --target install -- -j4
[2023-04-06T14:33:01.004Z]     #####################################################################################
[2023-04-06T14:33:01.004Z]     log date: 2023-04-06 07:29
[2023-04-06T14:33:01.004Z]     commit sha: cc4154795c25e50152ce0edd22ad86275a0eade9
[2023-04-06T14:33:01.004Z]     commit date: Thu Apr 6 07:16:52 2023 -0700
[2023-04-06T14:33:01.004Z]     #####################################################################################
[2023-04-06T14:33:01.004Z]     
[2023-04-06T14:33:01.004Z]     ctest --output-on-failure --timeout 500 -C RelWithDebInfo -E testUsdReferenceAssemblySelection|testUsdMayaAppDir -LE interactive --parallel 4
[2023-04-06T14:33:01.004Z]     
[2023-04-06T14:33:01.004Z]     Traceback (most recent call last):
[2023-04-06T14:33:01.004Z]       File "/local/S/jenkins/workspace/ECP/ecg-maya-usd/ecg-mayausd-branch-preflight-2020-osx/ecg-maya-usd/maya-usd/build.py", line 641, in <module>
[2023-04-06T14:33:01.004Z]         RunTests(context, context.ctestArgs)
[2023-04-06T14:33:01.004Z]       File "/local/S/jenkins/workspace/ECP/ecg-maya-usd/ecg-mayausd-branch-preflight-2020-osx/ecg-maya-usd/maya-usd/build.py", line 416, in RunTests
[2023-04-06T14:33:01.004Z]         RunCTest(context,extraArgs)
[2023-04-06T14:33:01.004Z]       File "/local/S/jenkins/workspace/ECP/ecg-maya-usd/ecg-mayausd-branch-preflight-2020-osx/ecg-maya-usd/maya-usd/build.py", line 322, in RunCTest
[2023-04-06T14:33:01.004Z]         extraArgs=(" ".join(extraArgs) if extraArgs else "")))
[2023-04-06T14:33:01.004Z]       File "/local/S/jenkins/workspace/ECP/ecg-maya-usd/ecg-mayausd-branch-preflight-2020-osx/ecg-maya-usd/maya-usd/build.py", line 179, in Run
[2023-04-06T14:33:01.004Z]         .format(cmd=cmd, log=os.path.abspath(context.logFileLocation)))
[2023-04-06T14:33:01.004Z]     RuntimeError: Failed to run 'ctest --output-on-failure --timeout 500 -C RelWithDebInfo -E testUsdReferenceAssemblySelection|testUsdMayaAppDir -LE interactive --parallel 4 '
[2023-04-06T14:33:01.004Z]     See /local/S/jenkins/workspace/ECP/ecg-maya-usd/ecg-mayausd-branch-preflight-2020-osx/build/RelWithDebInfo/build_log.txt for more details.
[2023-04-06T14:33:01.004Z] build.py: error: Command failed with error code: 1
[Pipeline] }
[Pipeline] // withEnv
[Pipeline] }
[Pipeline] // timeout
[Pipeline] }
[Pipeline] // stage
[Pipeline] }
[Pipeline] // timestamps
[Pipeline] emailextrecipients
Not sending mail to unregistered user ecg.jenkins@autodesk.com because your SCM claimed this was associated with a user ID ecg.jenkins' which your security realm does not recognize; you may need changes in your SCM plugin
Not sending mail to unregistered user ecg.jenkins@autodesk.com because your SCM claimed this was associated with a user ID ecg.jenkins' which your security realm does not recognize; you may need changes in your SCM plugin
[Pipeline] echo
No recipients to send notification.
[Pipeline] }
[Pipeline] // node
[Pipeline] End of Pipeline
ERROR: script returned exit code 1
[Checks API] No suitable checks publisher found.
Finished: FAILURE
