[2023-04-06T14:17:45.648Z] ================================================================================
[2023-04-06T14:17:45.648Z]                              setup (RelWithDebInfo)
[2023-04-06T14:17:45.648Z] ================================================================================
[Pipeline] bat
[2023-04-06T14:17:45.981Z] Deleting alias drive W:
[Pipeline] bat
[2023-04-06T14:17:46.322Z] Deleting alias drive P:
[Pipeline] }
[Pipeline] // withEnv
[Pipeline] }
[Pipeline] // timeout
[Pipeline] }
[Pipeline] // stage
[Pipeline] }
[Pipeline] // timestamps
[Pipeline] timestamps
[Pipeline] {
[Pipeline] stage
[Pipeline] { (Clean)
[Pipeline] timeout
[2023-04-06T14:17:46.559Z] Timeout set to expire in 6 hr 0 min
[Pipeline] {
[Pipeline] withEnv
[Pipeline] {
[Pipeline] bat
[2023-04-06T14:17:46.878Z] Creating alias drive P: to S:\jenkins\workspace
[Pipeline] bat
[2023-04-06T14:17:47.229Z] Creating alias drive W: to S:\jenkins\workspace\ECP\ecg-maya-usd\ecg-mayausd-branch-preflight-2020-windows
[Pipeline] bat
[2023-04-06T14:17:47.939Z] "C:\Program Files (x86)\Microsoft Visual Studio\2017\Professional\VC\Auxiliary\Build\vcvarsall.bat" x64
[2023-04-06T14:17:48.043Z] **********************************************************************
[2023-04-06T14:17:48.043Z] ** Visual Studio 2017 Developer Command Prompt v15.9.15
[2023-04-06T14:17:48.043Z] ** Copyright (c) 2017 Microsoft Corporation
[2023-04-06T14:17:48.043Z] **********************************************************************
[2023-04-06T14:17:49.064Z] [vcvarsall.bat] Environment initialized for: 'x64'
[2023-04-06T14:17:49.064Z] python ecg-maya-usd/build.py --stages=clean --workspace-dir=W:\ --artifactory-dir=P:\shared\Artifactory --build-dir=W:\build --install-dir=W:\install --signing-dir=W:\signing --package-dir=W:\package --output-dir=W:\output --stash-dir=W:\stash --jenkins-build=830 --git-commit=a8fa22c6f13696b4ec78dd9d6c429e0c7430f14d --git-branch=master --variants=RelWithDebInfo --python=2.7 --post-zips=false --maya-cut-config=maya-rundev-2020.yaml --maya-package=rundev-2020 --stage-banner
[2023-04-06T14:17:49.984Z] Using Maya cut from P:\shared\Artifactory\Windows\rundev-2020\202107140359\runtime\5d64bf0
[2023-04-06T14:17:49.984Z] 
[2023-04-06T14:17:49.984Z] ================================================================================
[2023-04-06T14:17:49.984Z]                              clean (RelWithDebInfo)
[2023-04-06T14:17:49.984Z] ================================================================================
[2023-04-06T14:17:49.984Z] Maya Python RelWithDebInfo Info:
[2023-04-06T14:17:49.984Z]   mayapy executable   = P:\shared\Artifactory\Windows\rundev-2020\202107140359\runtime\5d64bf0\runTime\bin\mayapy.exe
[2023-04-06T14:17:49.984Z]   Include Folder      = P:\shared\Artifactory\Windows\rundev-2020\202107140359\runtime\5d64bf0\runTime\include\Python
[2023-04-06T14:17:49.984Z]   Library             = P:\shared\Artifactory\Windows\rundev-2020\202107140359\runtime\5d64bf0\runTime\lib\python27.lib
[2023-04-06T14:17:49.984Z]   site-package Folder = P:\shared\Artifactory\Windows\rundev-2020\202107140359\runtime\5d64bf0\runTime\Python\Lib\site-packages
[2023-04-06T14:17:50.804Z] In workdir: S:\jenkins\workspace\ECP\ecg-maya-usd\ecg-mayausd-branch-preflight-2020-windows\ecg-maya-usd\maya-usd
[2023-04-06T14:17:50.804Z] Executing: 'P:\\shared\\Artifactory\\Windows\\rundev-2020\\202107140359\\runtime\\5d64bf0\\runTime\\bin\\mayapy.exe' 'S:\\jenkins\\workspace\\ECP\\ecg-maya-usd\\ecg-mayausd-branch-preflight-2020-windows\\ecg-maya-usd\\maya-usd\\build.py' --generator Ninja --build-relwithdebug --maya-location 'P:\\shared\\Artifactory\\Windows\\rundev-2020\\202107140359\\runtime\\5d64bf0\\runTime' --devkit-location 'P:\\shared\\Artifactory\\Windows\\rundev-2020\\202107140359\\runtime\\5d64bf0\\devkitBase' --pxrusd-location 'P:\\shared\\Artifactory\\Windows\\USD\\9ab6422' --qt-location 'P:\\shared\\Artifactory\\Windows\\qt\\5.12.5\\4755980' --materialx '--build-args=-DCMAKE_MAKE_PROGRAM=P:/shared/Artifactory/Windows/ninja/1.9.0/c68f192/ninja.exe,-DPYTHON_INCLUDE_DIR=P:/shared/Artifactory/Windows/rundev-2020/202107140359/runtime/5d64bf0/runTime/include/Python,-DPython_EXECUTABLE=P:/shared/Artifactory/Windows/rundev-2020/202107140359/runtime/5d64bf0/runTime/bin/mayapy.exe,-DPYTHON_LIBRARIES=P:/shared/Artifactory/Windows/rundev-2020/202107140359/runtime/5d64bf0/runTime/lib/python27.lib,-DUSD_LIB_PREFIX=,-DBUILD_HDMAYA=OFF' '--ctest-args=-E testUsdReferenceAssemblySelection|testUsdMayaAppDir,-LE interactive,--parallel 16' --stages=clean --redirect-outstream-file=False --install-location 'W:\\install\\RelWithDebInfo\\MayaUSD' 'W:\\'
[2023-04-06T14:17:50.804Z] Modified environment variables:
[2023-04-06T14:17:50.804Z]     PATH=P:\shared\Artifactory\Windows\cmake\3.20.3\afe857a\bin;C:\Python27\lib\site-packages\pywin32_system32;C:\Program Files (x86)\Microsoft Visual Studio\2017\Professional\VC\Tools\MSVC\14.16.27023\bin\HostX64\x64;C:\Program Files (x86)\Microsoft Visual Studio\2017\Professional\Common7\IDE\VC\VCPackages;C:\Program Files (x86)\Microsoft Visual Studio\2017\Professional\Common7\IDE\CommonExtensions\Microsoft\TestWindow;C:\Program Files (x86)\Microsoft Visual Studio\2017\Professional\Common7\IDE\CommonExtensions\Microsoft\TeamFoundation\Team Explorer;C:\Program Files (x86)\Microsoft Visual Studio\2017\Professional\MSBuild\15.0\bin\Roslyn;C:\Program Files (x86)\Microsoft Visual Studio\2017\Professional\Team Tools\Performance Tools\x64;C:\Program Files (x86)\Microsoft Visual Studio\2017\Professional\Team Tools\Performance Tools;C:\Program Files (x86)\Microsoft Visual Studio\Shared\Common\VSPerfCollectionTools\\x64;C:\Program Files (x86)\Microsoft Visual Studio\Shared\Common\VSPerfCollectionTools\;C:\Program Files (x86)\Microsoft SDKs\Windows\v10.0A\bin\NETFX 4.6.1 Tools\x64\;C:\Program Files (x86)\HTML Help Workshop;C:\Program Files (x86)\Windows Kits\10\bin\10.0.18362.0\x64;C:\Program Files (x86)\Windows Kits\10\bin\x64;C:\Program Files (x86)\Microsoft Visual Studio\2017\Professional\\MSBuild\15.0\bin;C:\WINDOWS\Microsoft.NET\Framework64\v4.0.30319;C:\Program Files (x86)\Microsoft Visual Studio\2017\Professional\Common7\IDE\;C:\Program Files (x86)\Microsoft Visual Studio\2017\Professional\Common7\Tools\;C:\Python27\;C:\Python27\Scripts;C:\WINDOWS\system32;C:\WINDOWS;C:\WINDOWS\System32\Wbem;C:\WINDOWS\System32\WindowsPowerShell\v1.0\;C:\WINDOWS\System32\OpenSSH\;C:\ProgramData\chocolatey\bin;C:\Program Files (x86)\WiX Toolset v3.7\bin;C:\Program Files\dotnet\;C:\Program Files (x86)\Windows Kits\10\bin\10.0.18362.0\x64;C:\Program Files\Zulu\zulu-11\bin\;C:\Program Files (x86)\Windows Kits\10\bin\10.0.17763.0\x64;C:\Program Files (x86)\Windows Kits\10\bin\x64;C:\Program Files\Git\cmd;C:\Program Files\Git\usr\bin;C:\Program Files\Git\mingw64\bin;C:\Program Files\Git\bin;C:\Python38\;C:\Python38\Scripts;C:\StoreBoxClientWindows;C:\Program Files\Electric Cloud\ElectricCommander\bin;C:\Program Files\WinRAR;C:\Program Files\7-Zip;C:\Users\Administrator\AppData\Local\Microsoft\WindowsApps;C:\Program Files (x86)\Microsoft Visual Studio\2017\Professional\Common7\IDE\CommonExtensions\Microsoft\CMake\CMake\bin;C:\Program Files (x86)\Microsoft Visual Studio\2017\Professional\Common7\IDE\CommonExtensions\Microsoft\CMake\Ninja
[2023-04-06T14:17:50.905Z]     
[2023-04-06T14:17:50.905Z]         Building with settings:
[2023-04-06T14:17:50.905Z]           Source directory          S:\jenkins\workspace\ECP\ecg-maya-usd\ecg-mayausd-branch-preflight-2020-windows\ecg-maya-usd\maya-usd
[2023-04-06T14:17:50.905Z]           Workspace directory       W:\
[2023-04-06T14:17:50.905Z]           Build directory           W:\build\RelWithDebInfo
[2023-04-06T14:17:50.905Z]           Install directory         W:\install\RelWithDebInfo\MayaUSD
[2023-04-06T14:17:50.905Z]           Variant                   RelWithDebInfo
[2023-04-06T14:17:50.905Z]           Python Debug              Off
[2023-04-06T14:17:50.905Z]           CMake generator           Ninja
[2023-04-06T14:17:50.905Z]           Build arguments           ['-DCMAKE_MAKE_PROGRAM=P:/shared/Artifactory/Windows/ninja/1.9.0/c68f192/ninja.exe', '-DPYTHON_INCLUDE_DIR=P:/shared/Artifactory/Windows/rundev-2020/202107140359/runtime/5d64bf0/runTime/include/Python', '-DPython_EXECUTABLE=P:/shared/Artifactory/Windows/rundev-2020/202107140359/runtime/5d64bf0/runTime/bin/mayapy.exe', '-DPYTHON_LIBRARIES=P:/shared/Artifactory/Windows/rundev-2020/202107140359/runtime/5d64bf0/runTime/lib/python27.lib', '-DUSD_LIB_PREFIX=', '-DBUILD_HDMAYA=OFF']
[2023-04-06T14:17:50.905Z]           Stages arguments          ['clean']
[2023-04-06T14:17:50.905Z]           CTest arguments           ['-E testUsdReferenceAssemblySelection|testUsdMayaAppDir', '-LE interactive', '--parallel 16']
[2023-04-06T14:17:50.905Z]     Success MayaUSD build and install !!!!
[2023-04-06T14:17:50.905Z]     Elapsed time: 00:00:00
[Pipeline] bat
[2023-04-06T14:17:51.237Z] Deleting alias drive W:
[Pipeline] bat
[2023-04-06T14:17:51.578Z] Deleting alias drive P:
[Pipeline] }
[Pipeline] // withEnv
[Pipeline] }
[Pipeline] // timeout
[Pipeline] }
[Pipeline] // stage
[Pipeline] }
[Pipeline] // timestamps
[Pipeline] timestamps
[Pipeline] {
[Pipeline] stage
[Pipeline] { (Configure)
[Pipeline] timeout
[2023-04-06T14:17:51.803Z] Timeout set to expire in 6 hr 0 min
[Pipeline] {
[Pipeline] withEnv
[Pipeline] {
[Pipeline] bat
[2023-04-06T14:17:52.121Z] Creating alias drive P: to S:\jenkins\workspace
[Pipeline] bat
[2023-04-06T14:17:52.565Z] Creating alias drive W: to S:\jenkins\workspace\ECP\ecg-maya-usd\ecg-mayausd-branch-preflight-2020-windows
[Pipeline] bat
[2023-04-06T14:17:53.054Z] "C:\Program Files (x86)\Microsoft Visual Studio\2017\Professional\VC\Auxiliary\Build\vcvarsall.bat" x64
[2023-04-06T14:17:53.157Z] **********************************************************************
[2023-04-06T14:17:53.157Z] ** Visual Studio 2017 Developer Command Prompt v15.9.15
[2023-04-06T14:17:53.157Z] ** Copyright (c) 2017 Microsoft Corporation
[2023-04-06T14:17:53.157Z] **********************************************************************
[2023-04-06T14:17:54.178Z] [vcvarsall.bat] Environment initialized for: 'x64'
[2023-04-06T14:17:54.178Z] python ecg-maya-usd/build.py --stages=configure --workspace-dir=W:\ --artifactory-dir=P:\shared\Artifactory --build-dir=W:\build --install-dir=W:\install --signing-dir=W:\signing --package-dir=W:\package --output-dir=W:\output --stash-dir=W:\stash --jenkins-build=830 --git-commit=a8fa22c6f13696b4ec78dd9d6c429e0c7430f14d --git-branch=master --variants=RelWithDebInfo --python=2.7 --post-zips=false --maya-cut-config=maya-rundev-2020.yaml --maya-package=rundev-2020 --stage-banner
[2023-04-06T14:17:55.098Z] Using Maya cut from P:\shared\Artifactory\Windows\rundev-2020\202107140359\runtime\5d64bf0
[2023-04-06T14:17:55.098Z] 
[2023-04-06T14:17:55.098Z] ================================================================================
[2023-04-06T14:17:55.098Z]                            configure (RelWithDebInfo)
[2023-04-06T14:17:55.098Z] ================================================================================
[2023-04-06T14:17:55.098Z] Maya Python RelWithDebInfo Info:
[2023-04-06T14:17:55.098Z]   mayapy executable   = P:\shared\Artifactory\Windows\rundev-2020\202107140359\runtime\5d64bf0\runTime\bin\mayapy.exe
[2023-04-06T14:17:55.098Z]   Include Folder      = P:\shared\Artifactory\Windows\rundev-2020\202107140359\runtime\5d64bf0\runTime\include\Python
[2023-04-06T14:17:55.098Z]   Library             = P:\shared\Artifactory\Windows\rundev-2020\202107140359\runtime\5d64bf0\runTime\lib\python27.lib
[2023-04-06T14:17:55.098Z]   site-package Folder = P:\shared\Artifactory\Windows\rundev-2020\202107140359\runtime\5d64bf0\runTime\Python\Lib\site-packages
[2023-04-06T14:17:55.819Z] In workdir: S:\jenkins\workspace\ECP\ecg-maya-usd\ecg-mayausd-branch-preflight-2020-windows\ecg-maya-usd\maya-usd
[2023-04-06T14:17:55.819Z] Executing: 'P:\\shared\\Artifactory\\Windows\\rundev-2020\\202107140359\\runtime\\5d64bf0\\runTime\\bin\\mayapy.exe' 'S:\\jenkins\\workspace\\ECP\\ecg-maya-usd\\ecg-mayausd-branch-preflight-2020-windows\\ecg-maya-usd\\maya-usd\\build.py' --generator Ninja --build-relwithdebug --maya-location 'P:\\shared\\Artifactory\\Windows\\rundev-2020\\202107140359\\runtime\\5d64bf0\\runTime' --devkit-location 'P:\\shared\\Artifactory\\Windows\\rundev-2020\\202107140359\\runtime\\5d64bf0\\devkitBase' --pxrusd-location 'P:\\shared\\Artifactory\\Windows\\USD\\9ab6422' --qt-location 'P:\\shared\\Artifactory\\Windows\\qt\\5.12.5\\4755980' --materialx '--build-args=-DCMAKE_MAKE_PROGRAM=P:/shared/Artifactory/Windows/ninja/1.9.0/c68f192/ninja.exe,-DPYTHON_INCLUDE_DIR=P:/shared/Artifactory/Windows/rundev-2020/202107140359/runtime/5d64bf0/runTime/include/Python,-DPython_EXECUTABLE=P:/shared/Artifactory/Windows/rundev-2020/202107140359/runtime/5d64bf0/runTime/bin/mayapy.exe,-DPYTHON_LIBRARIES=P:/shared/Artifactory/Windows/rundev-2020/202107140359/runtime/5d64bf0/runTime/lib/python27.lib,-DUSD_LIB_PREFIX=,-DBUILD_HDMAYA=OFF' '--ctest-args=-E testUsdReferenceAssemblySelection|testUsdMayaAppDir,-LE interactive,--parallel 16' --stages=configure --redirect-outstream-file=False --install-location 'W:\\install\\RelWithDebInfo\\MayaUSD' 'W:\\'
[2023-04-06T14:17:55.819Z] Modified environment variables:
[2023-04-06T14:17:55.819Z]     PATH=P:\shared\Artifactory\Windows\cmake\3.20.3\afe857a\bin;C:\Python27\lib\site-packages\pywin32_system32;C:\Program Files (x86)\Microsoft Visual Studio\2017\Professional\VC\Tools\MSVC\14.16.27023\bin\HostX64\x64;C:\Program Files (x86)\Microsoft Visual Studio\2017\Professional\Common7\IDE\VC\VCPackages;C:\Program Files (x86)\Microsoft Visual Studio\2017\Professional\Common7\IDE\CommonExtensions\Microsoft\TestWindow;C:\Program Files (x86)\Microsoft Visual Studio\2017\Professional\Common7\IDE\CommonExtensions\Microsoft\TeamFoundation\Team Explorer;C:\Program Files (x86)\Microsoft Visual Studio\2017\Professional\MSBuild\15.0\bin\Roslyn;C:\Program Files (x86)\Microsoft Visual Studio\2017\Professional\Team Tools\Performance Tools\x64;C:\Program Files (x86)\Microsoft Visual Studio\2017\Professional\Team Tools\Performance Tools;C:\Program Files (x86)\Microsoft Visual Studio\Shared\Common\VSPerfCollectionTools\\x64;C:\Program Files (x86)\Microsoft Visual Studio\Shared\Common\VSPerfCollectionTools\;C:\Program Files (x86)\Microsoft SDKs\Windows\v10.0A\bin\NETFX 4.6.1 Tools\x64\;C:\Program Files (x86)\HTML Help Workshop;C:\Program Files (x86)\Windows Kits\10\bin\10.0.18362.0\x64;C:\Program Files (x86)\Windows Kits\10\bin\x64;C:\Program Files (x86)\Microsoft Visual Studio\2017\Professional\\MSBuild\15.0\bin;C:\WINDOWS\Microsoft.NET\Framework64\v4.0.30319;C:\Program Files (x86)\Microsoft Visual Studio\2017\Professional\Common7\IDE\;C:\Program Files (x86)\Microsoft Visual Studio\2017\Professional\Common7\Tools\;C:\Python27\;C:\Python27\Scripts;C:\WINDOWS\system32;C:\WINDOWS;C:\WINDOWS\System32\Wbem;C:\WINDOWS\System32\WindowsPowerShell\v1.0\;C:\WINDOWS\System32\OpenSSH\;C:\ProgramData\chocolatey\bin;C:\Program Files (x86)\WiX Toolset v3.7\bin;C:\Program Files\dotnet\;C:\Program Files (x86)\Windows Kits\10\bin\10.0.18362.0\x64;C:\Program Files\Zulu\zulu-11\bin\;C:\Program Files (x86)\Windows Kits\10\bin\10.0.17763.0\x64;C:\Program Files (x86)\Windows Kits\10\bin\x64;C:\Program Files\Git\cmd;C:\Program Files\Git\usr\bin;C:\Program Files\Git\mingw64\bin;C:\Program Files\Git\bin;C:\Python38\;C:\Python38\Scripts;C:\StoreBoxClientWindows;C:\Program Files\Electric Cloud\ElectricCommander\bin;C:\Program Files\WinRAR;C:\Program Files\7-Zip;C:\Users\Administrator\AppData\Local\Microsoft\WindowsApps;C:\Program Files (x86)\Microsoft Visual Studio\2017\Professional\Common7\IDE\CommonExtensions\Microsoft\CMake\CMake\bin;C:\Program Files (x86)\Microsoft Visual Studio\2017\Professional\Common7\IDE\CommonExtensions\Microsoft\CMake\Ninja
[2023-04-06T14:17:56.537Z]     -- The C compiler identification is MSVC 19.16.27032.1
[2023-04-06T14:17:56.848Z]     -- The CXX compiler identification is MSVC 19.16.27032.1
[2023-04-06T14:17:56.848Z]     -- Detecting C compiler ABI info
[2023-04-06T14:17:57.771Z]     -- Detecting C compiler ABI info - done
[2023-04-06T14:17:57.771Z]     -- Check for working C compiler: C:/Program Files (x86)/Microsoft Visual Studio/2017/Professional/VC/Tools/MSVC/14.16.27023/bin/Hostx64/x64/cl.exe - skipped
[2023-04-06T14:17:57.771Z]     -- Detecting C compile features
[2023-04-06T14:17:57.771Z]     -- Detecting C compile features - done
[2023-04-06T14:17:57.771Z]     -- Detecting CXX compiler ABI info
[2023-04-06T14:17:58.387Z]     -- Detecting CXX compiler ABI info - done
[2023-04-06T14:17:58.387Z]     -- Check for working CXX compiler: C:/Program Files (x86)/Microsoft Visual Studio/2017/Professional/VC/Tools/MSVC/14.16.27023/bin/Hostx64/x64/cl.exe - skipped
[2023-04-06T14:17:58.387Z]     -- Detecting CXX compile features
[2023-04-06T14:17:58.387Z]     -- Detecting CXX compile features - done
[2023-04-06T14:17:58.599Z]     -- Using Maya Light API Version 1
[2023-04-06T14:17:58.599Z]     -- Maya array iterator has difference_type trait
[2023-04-06T14:17:58.599Z]     -- Found Maya: P:/shared/Artifactory/Windows/rundev-2020/202107140359/runtime/5d64bf0/runTime/bin/maya.exe (found suitable version "2020", minimum required is "2018")
[2023-04-06T14:17:59.014Z]     -- Found Python: P:/shared/Artifactory/Windows/rundev-2020/202107140359/runtime/5d64bf0/runTime/bin/mayapy.exe (found suitable exact version "2.7.11") found components: Interpreter
[2023-04-06T14:17:59.014Z]     -- Build MayaUSD with Python3 = OFF
[2023-04-06T14:17:59.014Z]     --    PYTHON_INCLUDE_DIRS = P:/shared/Artifactory/Windows/rundev-2020/202107140359/runtime/5d64bf0/runTime/include/Python
[2023-04-06T14:17:59.014Z]     --    PYTHON_LIBRARIES    = P:/shared/Artifactory/Windows/rundev-2020/202107140359/runtime/5d64bf0/runTime/lib/python27.lib
[2023-04-06T14:17:59.014Z]     --    Python_EXECUTABLE   = P:/shared/Artifactory/Windows/rundev-2020/202107140359/runtime/5d64bf0/runTime/bin/mayapy.exe
[2023-04-06T14:17:59.427Z]     -- USD v0.21.11 has security patches.
[2023-04-06T14:17:59.427Z]     -- USD include dir: P:/shared/Artifactory/Windows/USD/9ab6422/include
[2023-04-06T14:17:59.427Z]     -- USD library dir: P:/shared/Artifactory/Windows/USD/9ab6422/lib
[2023-04-06T14:17:59.427Z]     -- USD version: 0.21.11
[2023-04-06T14:17:59.427Z]     -- Autodesk USD version: 0.21.11-ad1
[2023-04-06T14:17:59.427Z]     -- USD Boost::boost version: 107000
[2023-04-06T14:17:59.427Z]     -- Found USD: P:/shared/Artifactory/Windows/USD/9ab6422 (found suitable version "0.21.11", minimum required is "0.20.05")
[2023-04-06T14:17:59.427Z]     Updated PYTHONPATH: P:\shared\Artifactory\Windows\USD\9ab6422\lib\python
[2023-04-06T14:17:59.427Z]     Updated PATH: P:\shared\Artifactory\Windows\rundev-2020\202107140359\runtime\5d64bf0\runTime\bin;P:\shared\Artifactory\Windows\cmake\3.20.3\afe857a\bin;C:\Python27\lib\site-packages\pywin32_system32;C:\Program Files (x86)\Microsoft Visual Studio\2017\Professional\VC\Tools\MSVC\14.16.27023\bin\HostX64\x64;C:\Program Files (x86)\Microsoft Visual Studio\2017\Professional\Common7\IDE\VC\VCPackages;C:\Program Files (x86)\Microsoft Visual Studio\2017\Professional\Common7\IDE\CommonExtensions\Microsoft\TestWindow;C:\Program Files (x86)\Microsoft Visual Studio\2017\Professional\Common7\IDE\CommonExtensions\Microsoft\TeamFoundation\Team Explorer;C:\Program Files (x86)\Microsoft Visual Studio\2017\Professional\MSBuild\15.0\bin\Roslyn;C:\Program Files (x86)\Microsoft Visual Studio\2017\Professional\Team Tools\Performance Tools\x64;C:\Program Files (x86)\Microsoft Visual Studio\2017\Professional\Team Tools\Performance Tools;C:\Program Files (x86)\Microsoft Visual Studio\Shared\Common\VSPerfCollectionTools\\x64;C:\Program Files (x86)\Microsoft Visual Studio\Shared\Common\VSPerfCollectionTools\;C:\Program Files (x86)\Microsoft SDKs\Windows\v10.0A\bin\NETFX 4.6.1 Tools\x64\;C:\Program Files (x86)\HTML Help Workshop;C:\Program Files (x86)\Windows Kits\10\bin\10.0.18362.0\x64;C:\Program Files (x86)\Windows Kits\10\bin\x64;C:\Program Files (x86)\Microsoft Visual Studio\2017\Professional\\MSBuild\15.0\bin;C:\WINDOWS\Microsoft.NET\Framework64\v4.0.30319;C:\Program Files (x86)\Microsoft Visual Studio\2017\Professional\Common7\IDE\;C:\Program Files (x86)\Microsoft Visual Studio\2017\Professional\Common7\Tools\;C:\Python27\;C:\Python27\Scripts;C:\WINDOWS\system32;C:\WINDOWS;C:\WINDOWS\System32\Wbem;C:\WINDOWS\System32\WindowsPowerShell\v1.0\;C:\WINDOWS\System32\OpenSSH\;C:\ProgramData\chocolatey\bin;C:\Program Files (x86)\WiX Toolset v3.7\bin;C:\Program Files\dotnet\;C:\Program Files (x86)\Windows Kits\10\bin\10.0.18362.0\x64;C:\Program Files\Zulu\zulu-11\bin\;C:\Program Files (x86)\Windows Kits\10\bin\10.0.17763.0\x64;C:\Program Files (x86)\Windows Kits\10\bin\x64;C:\Program Files\Git\cmd;C:\Program Files\Git\usr\bin;C:\Program Files\Git\mingw64\bin;C:\Program Files\Git\bin;C:\Python38\;C:\Python38\Scripts;C:\StoreBoxClientWindows;C:\Program Files\Electric Cloud\ElectricCommander\bin;C:\Program Files\WinRAR;C:\Program Files\7-Zip;C:\Users\Administrator\AppData\Local\Microsoft\WindowsApps;C:\Program Files (x86)\Microsoft Visual Studio\2017\Professional\Common7\IDE\CommonExtensions\Microsoft\CMake\CMake\bin;C:\Program Files (x86)\Microsoft Visual Studio\2017\Professional\Common7\IDE\CommonExtensions\Microsoft\CMake\Ninja;P:\shared\Artifactory\Windows\USD\9ab6422\bin;P:\shared\Artifactory\Windows\USD\9ab6422\lib
[2023-04-06T14:17:59.428Z]     -- UFE include dir: P:/shared/Artifactory/Windows/rundev-2020/202107140359/runtime/5d64bf0/devkitBase/devkit/ufe/include
[2023-04-06T14:17:59.428Z]     -- UFE library: P:/shared/Artifactory/Windows/rundev-2020/202107140359/runtime/5d64bf0/devkitBase/devkit/ufe/lib/ufe_1.lib
[2023-04-06T14:17:59.428Z]     -- UFE version: 1.0.0
[2023-04-06T14:17:59.428Z]     -- UFE preview features: ufe
[2023-04-06T14:17:59.428Z]     -- Building with UFE 1.0.0 features enabled.
[2023-04-06T14:17:59.428Z]     CMake Warning at CMakeLists.txt:148 (message):
[2023-04-06T14:17:59.428Z]       Disabling MaterialX VP2 rendering: it is not supported by this version of
[2023-04-06T14:17:59.428Z]       Maya.
[2023-04-06T14:17:59.428Z]     
[2023-04-06T14:17:59.428Z]     
[2023-04-06T14:17:59.428Z]     -- Found MaterialX
[2023-04-06T14:17:59.428Z]     -- Building with Qt features enabled.
[2023-04-06T14:17:59.428Z]     -- **** Building Gulrak From Github Repository.
[2023-04-06T14:17:59.428Z]     -- Populating gulrak
[2023-04-06T14:17:59.645Z]     -- Configuring done
[2023-04-06T14:17:59.645Z]     -- Generating done
[2023-04-06T14:17:59.645Z]     -- Build files have been written to: W:/build/RelWithDebInfo/_deps/gulrak-subbuild
[2023-04-06T14:17:59.863Z]     [1/9] Creating directories for 'gulrak-populate'
[2023-04-06T14:17:59.863Z]     [1/9] Performing download step (git clone) for 'gulrak-populate'
[2023-04-06T14:17:59.979Z]     Cloning into 'gulrak-src'...
[2023-04-06T14:18:01.308Z]     HEAD is now at 4e21ab3 Version bump and updated readme.
[2023-04-06T14:18:02.136Z]     [2/9] Performing update step for 'gulrak-populate'
[2023-04-06T14:18:02.354Z]     [4/9] No patch step for 'gulrak-populate'
[2023-04-06T14:18:02.354Z]     [5/9] No configure step for 'gulrak-populate'
[2023-04-06T14:18:02.469Z]     [6/9] No build step for 'gulrak-populate'
[2023-04-06T14:18:02.584Z]     [7/9] No install step for 'gulrak-populate'
[2023-04-06T14:18:02.584Z]     [8/9] No test step for 'gulrak-populate'
[2023-04-06T14:18:02.696Z]     [9/9] Completed 'gulrak-populate'
[2023-04-06T14:18:03.421Z]     -- ========== Installing GoogleTest... ==========
[2023-04-06T14:18:03.637Z]     -- Configuring done
[2023-04-06T14:18:03.637Z]     -- Generating done
[2023-04-06T14:18:03.637Z]     -- Build files have been written to: W:/build/RelWithDebInfo/googletest-config
[2023-04-06T14:18:03.855Z]     [1/8] Creating directories for 'googletest'
[2023-04-06T14:18:06.609Z]     [2/8] Performing download step (git clone) for 'googletest'
[2023-04-06T14:18:06.609Z]     Cloning into 'googletest-src'...
[2023-04-06T14:18:06.609Z]     HEAD is now at 703bd9ca Googletest export
[2023-04-06T14:18:06.726Z]     [3/8] Performing update step for 'googletest'
[2023-04-06T14:18:06.843Z]     [4/8] No patch step for 'googletest'
[2023-04-06T14:18:09.319Z]     [5/8] Performing configure step for 'googletest'
[2023-04-06T14:18:09.319Z]     Not searching for unused variables given on the command line.
[2023-04-06T14:18:09.319Z]     CMake Deprecation Warning at CMakeLists.txt:4 (cmake_minimum_required):
[2023-04-06T14:18:09.319Z]       Compatibility with CMake < 2.8.12 will be removed from a future version of
[2023-04-06T14:18:09.319Z]       CMake.
[2023-04-06T14:18:09.319Z]     
[2023-04-06T14:18:09.319Z]       Update the VERSION argument <min> value or use a ...<max> suffix to tell
[2023-04-06T14:18:09.319Z]       CMake that the project does not need compatibility with older versions.
[2023-04-06T14:18:09.319Z]     
[2023-04-06T14:18:09.319Z]     
[2023-04-06T14:18:09.319Z]     -- The C compiler identification is MSVC 19.16.27032.1
[2023-04-06T14:18:09.319Z]     -- The CXX compiler identification is MSVC 19.16.27032.1
[2023-04-06T14:18:09.319Z]     -- Detecting C compiler ABI info
[2023-04-06T14:18:09.319Z]     -- Detecting C compiler ABI info - done
[2023-04-06T14:18:09.319Z]     -- Check for working C compiler: C:/Program Files (x86)/Microsoft Visual Studio/2017/Professional/VC/Tools/MSVC/14.16.27023/bin/Hostx64/x64/cl.exe - skipped
[2023-04-06T14:18:09.319Z]     -- Detecting C compile features
[2023-04-06T14:18:09.319Z]     -- Detecting C compile features - done
[2023-04-06T14:18:09.319Z]     -- Detecting CXX compiler ABI info
[2023-04-06T14:18:09.319Z]     -- Detecting CXX compiler ABI info - done
[2023-04-06T14:18:09.319Z]     -- Check for working CXX compiler: C:/Program Files (x86)/Microsoft Visual Studio/2017/Professional/VC/Tools/MSVC/14.16.27023/bin/Hostx64/x64/cl.exe - skipped
[2023-04-06T14:18:09.319Z]     -- Detecting CXX compile features
[2023-04-06T14:18:09.319Z]     -- Detecting CXX compile features - done
[2023-04-06T14:18:09.319Z]     CMake Deprecation Warning at googletest/CMakeLists.txt:56 (cmake_minimum_required):
[2023-04-06T14:18:09.319Z]       Compatibility with CMake < 2.8.12 will be removed from a future version of
[2023-04-06T14:18:09.319Z]       CMake.
[2023-04-06T14:18:09.319Z]     
[2023-04-06T14:18:09.319Z]       Update the VERSION argument <min> value or use a ...<max> suffix to tell
[2023-04-06T14:18:09.319Z]       CMake that the project does not need compatibility with older versions.
[2023-04-06T14:18:09.319Z]     
[2023-04-06T14:18:09.319Z]     
[2023-04-06T14:18:09.319Z]     -- Found PythonInterp: C:/Python27/python.exe
[2023-04-06T14:18:09.319Z]     -- Looking for pthread.h
[2023-04-06T14:18:09.319Z]     -- Looking for pthread.h - not found
[2023-04-06T14:18:09.319Z]     -- Found Threads: TRUE
[2023-04-06T14:18:09.319Z]     -- Configuring done
[2023-04-06T14:18:09.319Z]     -- Generating done
[2023-04-06T14:18:09.319Z]     -- Build files have been written to: W:/build/RelWithDebInfo/googletest-build
[2023-04-06T14:18:14.738Z]     [6/8] Performing build step for 'googletest'
[2023-04-06T14:18:14.738Z]     [1/4] Building CXX object googletest\CMakeFiles\gtest_main.dir\src\gtest_main.cc.obj
[2023-04-06T14:18:14.738Z]     [2/4] Building CXX object googletest\CMakeFiles\gtest.dir\src\gtest-all.cc.obj
[2023-04-06T14:18:14.738Z]     [3/4] Linking CXX shared library bin\gtest.dll
[2023-04-06T14:18:14.738Z]     [4/4] Linking CXX shared library bin\gtest_main.dll
[2023-04-06T14:18:15.157Z]     [7/8] Performing install step for 'googletest'
[2023-04-06T14:18:15.157Z]     [0/1] Install the project...
[2023-04-06T14:18:15.157Z]     -- Install configuration: "RelWithDebInfo"
[2023-04-06T14:18:15.157Z]     [8/8] Completed 'googletest'
[2023-04-06T14:18:15.276Z]     -- ========== ...  GoogleTest installed. ==========
[2023-04-06T14:18:16.309Z]     -- MAYA_HAS_DEFAULT_MATERIAL_API is FALSE
[2023-04-06T14:18:16.309Z]     -- MAYA_NEW_POINT_SNAPPING_SUPPORT is FALSE
[2023-04-06T14:18:16.309Z]     -- MAYA_HAS_CRASH_DETECTION is FALSE
[2023-04-06T14:18:16.309Z]     -- MAYA_CURRENT_UFE_CAMERA_SUPPORT is FALSE
[2023-04-06T14:18:16.309Z]     -- MAYA_MRENDERITEM_UFE_IDENTIFIER_SUPPORT is FALSE
[2023-04-06T14:18:16.309Z]     -- MAYA_UPDATE_UFE_IDENTIFIER_SUPPORT is FALSE
[2023-04-06T14:18:16.309Z]     -- MAYA_HAS_DISPLAY_STYLE_ALL_VIEWPORTS is FALSE
[2023-04-06T14:18:16.309Z]     -- MAYA_ARRAY_ITERATOR_DIFFERENCE_TYPE_SUPPORT is TRUE
[2023-04-06T14:18:16.309Z]     -- MAYA_HAS_GET_MEMBER_PATHS is FALSE
[2023-04-06T14:18:16.309Z]     -- USD_HAS_COLOR4_SDR_SUPPORT is FALSE
[2023-04-06T14:18:16.309Z]     -- MAYA_HAS_DISPLAY_LAYER_API is FALSE
[2023-04-06T14:18:16.309Z]     -- MAYA_HAS_NEW_DISPLAY_LAYER_MESSAGING_API is FALSE
[2023-04-06T14:18:16.309Z]     -- MAYA_HAS_RENDER_ITEM_HIDE_ON_PLAYBACK_API is FALSE
[2023-04-06T14:18:16.309Z]     -- promoting: S:/jenkins/workspace/ECP/ecg-maya-usd/ecg-mayausd-branch-preflight-2020-windows/ecg-maya-usd/maya-usd/lib/mayaUsd/base/mayaUsd.h.src
[2023-04-06T14:18:16.309Z]     -- promoting: S:/jenkins/workspace/ECP/ecg-maya-usd/ecg-mayausd-branch-preflight-2020-windows/ecg-maya-usd/maya-usd/lib/mayaUsd/base/api.h
[2023-04-06T14:18:16.309Z]     -- promoting: S:/jenkins/workspace/ECP/ecg-maya-usd/ecg-mayausd-branch-preflight-2020-windows/ecg-maya-usd/maya-usd/lib/mayaUsd/base/debugCodes.h
[2023-04-06T14:18:16.309Z]     -- promoting: S:/jenkins/workspace/ECP/ecg-maya-usd/ecg-mayausd-branch-preflight-2020-windows/ecg-maya-usd/maya-usd/lib/mayaUsd/base/id.h
[2023-04-06T14:18:16.309Z]     -- promoting: S:/jenkins/workspace/ECP/ecg-maya-usd/ecg-mayausd-branch-preflight-2020-windows/ecg-maya-usd/maya-usd/lib/mayaUsd/base/syncId.h
[2023-04-06T14:18:16.309Z]     -- promoting: S:/jenkins/workspace/ECP/ecg-maya-usd/ecg-mayausd-branch-preflight-2020-windows/ecg-maya-usd/maya-usd/lib/mayaUsd/base/tokens.h
[2023-04-06T14:18:16.309Z]     -- promoting: S:/jenkins/workspace/ECP/ecg-maya-usd/ecg-mayausd-branch-preflight-2020-windows/ecg-maya-usd/maya-usd/lib/mayaUsd/commands/abstractLayerEditorWindow.h
[2023-04-06T14:18:16.309Z]     -- promoting: S:/jenkins/workspace/ECP/ecg-maya-usd/ecg-mayausd-branch-preflight-2020-windows/ecg-maya-usd/maya-usd/lib/mayaUsd/commands/baseExportCommand.h
[2023-04-06T14:18:16.309Z]     -- promoting: S:/jenkins/workspace/ECP/ecg-maya-usd/ecg-mayausd-branch-preflight-2020-windows/ecg-maya-usd/maya-usd/lib/mayaUsd/commands/baseImportCommand.h
[2023-04-06T14:18:16.309Z]     -- promoting: S:/jenkins/workspace/ECP/ecg-maya-usd/ecg-mayausd-branch-preflight-2020-windows/ecg-maya-usd/maya-usd/lib/mayaUsd/commands/baseListJobContextsCommand.h
[2023-04-06T14:18:16.309Z]     -- promoting: S:/jenkins/workspace/ECP/ecg-maya-usd/ecg-mayausd-branch-preflight-2020-windows/ecg-maya-usd/maya-usd/lib/mayaUsd/commands/baseListShadingModesCommand.h
[2023-04-06T14:18:16.309Z]     -- promoting: S:/jenkins/workspace/ECP/ecg-maya-usd/ecg-mayausd-branch-preflight-2020-windows/ecg-maya-usd/maya-usd/lib/mayaUsd/commands/editTargetCommand.h
[2023-04-06T14:18:16.309Z]     -- promoting: S:/jenkins/workspace/ECP/ecg-maya-usd/ecg-mayausd-branch-preflight-2020-windows/ecg-maya-usd/maya-usd/lib/mayaUsd/commands/layerEditorCommand.h
[2023-04-06T14:18:16.309Z]     -- promoting: S:/jenkins/workspace/ECP/ecg-maya-usd/ecg-mayausd-branch-preflight-2020-windows/ecg-maya-usd/maya-usd/lib/mayaUsd/commands/layerEditorWindowCommand.h
[2023-04-06T14:18:16.309Z]     -- promoting: S:/jenkins/workspace/ECP/ecg-maya-usd/ecg-mayausd-branch-preflight-2020-windows/ecg-maya-usd/maya-usd/lib/mayaUsd/fileio/fallbackPrimReader.h
[2023-04-06T14:18:16.309Z]     -- promoting: S:/jenkins/workspace/ECP/ecg-maya-usd/ecg-mayausd-branch-preflight-2020-windows/ecg-maya-usd/maya-usd/lib/mayaUsd/fileio/functorPrimReader.h
[2023-04-06T14:18:16.309Z]     -- promoting: S:/jenkins/workspace/ECP/ecg-maya-usd/ecg-mayausd-branch-preflight-2020-windows/ecg-maya-usd/maya-usd/lib/mayaUsd/fileio/functorPrimWriter.h
[2023-04-06T14:18:16.309Z]     -- promoting: S:/jenkins/workspace/ECP/ecg-maya-usd/ecg-mayausd-branch-preflight-2020-windows/ecg-maya-usd/maya-usd/lib/mayaUsd/fileio/importData.h
[2023-04-06T14:18:16.309Z]     -- promoting: S:/jenkins/workspace/ECP/ecg-maya-usd/ecg-mayausd-branch-preflight-2020-windows/ecg-maya-usd/maya-usd/lib/mayaUsd/fileio/instancedNodeWriter.h
[2023-04-06T14:18:16.309Z]     -- promoting: S:/jenkins/workspace/ECP/ecg-maya-usd/ecg-mayausd-branch-preflight-2020-windows/ecg-maya-usd/maya-usd/lib/mayaUsd/fileio/jobContextRegistry.h
[2023-04-06T14:18:16.309Z]     -- promoting: S:/jenkins/workspace/ECP/ecg-maya-usd/ecg-mayausd-branch-preflight-2020-windows/ecg-maya-usd/maya-usd/lib/mayaUsd/fileio/primReader.h
[2023-04-06T14:18:16.309Z]     -- promoting: S:/jenkins/workspace/ECP/ecg-maya-usd/ecg-mayausd-branch-preflight-2020-windows/ecg-maya-usd/maya-usd/lib/mayaUsd/fileio/primReaderArgs.h
[2023-04-06T14:18:16.309Z]     -- promoting: S:/jenkins/workspace/ECP/ecg-maya-usd/ecg-mayausd-branch-preflight-2020-windows/ecg-maya-usd/maya-usd/lib/mayaUsd/fileio/primReaderContext.h
[2023-04-06T14:18:16.427Z]     -- promoting: S:/jenkins/workspace/ECP/ecg-maya-usd/ecg-mayausd-branch-preflight-2020-windows/ecg-maya-usd/maya-usd/lib/mayaUsd/fileio/primReaderRegistry.h
[2023-04-06T14:18:16.427Z]     -- promoting: S:/jenkins/workspace/ECP/ecg-maya-usd/ecg-mayausd-branch-preflight-2020-windows/ecg-maya-usd/maya-usd/lib/mayaUsd/fileio/primWriter.h
[2023-04-06T14:18:16.427Z]     -- promoting: S:/jenkins/workspace/ECP/ecg-maya-usd/ecg-mayausd-branch-preflight-2020-windows/ecg-maya-usd/maya-usd/lib/mayaUsd/fileio/primWriterArgs.h
[2023-04-06T14:18:16.427Z]     -- promoting: S:/jenkins/workspace/ECP/ecg-maya-usd/ecg-mayausd-branch-preflight-2020-windows/ecg-maya-usd/maya-usd/lib/mayaUsd/fileio/primWriterContext.h
[2023-04-06T14:18:16.427Z]     -- promoting: S:/jenkins/workspace/ECP/ecg-maya-usd/ecg-mayausd-branch-preflight-2020-windows/ecg-maya-usd/maya-usd/lib/mayaUsd/fileio/primWriterRegistry.h
[2023-04-06T14:18:16.427Z]     -- promoting: S:/jenkins/workspace/ECP/ecg-maya-usd/ecg-mayausd-branch-preflight-2020-windows/ecg-maya-usd/maya-usd/lib/mayaUsd/fileio/registryHelper.h
[2023-04-06T14:18:16.427Z]     -- promoting: S:/jenkins/workspace/ECP/ecg-maya-usd/ecg-mayausd-branch-preflight-2020-windows/ecg-maya-usd/maya-usd/lib/mayaUsd/fileio/schemaApiAdaptor.h
[2023-04-06T14:18:16.427Z]     -- promoting: S:/jenkins/workspace/ECP/ecg-maya-usd/ecg-mayausd-branch-preflight-2020-windows/ecg-maya-usd/maya-usd/lib/mayaUsd/fileio/schemaApiAdaptorRegistry.h
[2023-04-06T14:18:16.427Z]     -- promoting: S:/jenkins/workspace/ECP/ecg-maya-usd/ecg-mayausd-branch-preflight-2020-windows/ecg-maya-usd/maya-usd/lib/mayaUsd/fileio/shaderReader.h
[2023-04-06T14:18:16.427Z]     -- promoting: S:/jenkins/workspace/ECP/ecg-maya-usd/ecg-mayausd-branch-preflight-2020-windows/ecg-maya-usd/maya-usd/lib/mayaUsd/fileio/shaderReaderRegistry.h
[2023-04-06T14:18:16.427Z]     -- promoting: S:/jenkins/workspace/ECP/ecg-maya-usd/ecg-mayausd-branch-preflight-2020-windows/ecg-maya-usd/maya-usd/lib/mayaUsd/fileio/shaderWriter.h
[2023-04-06T14:18:16.427Z]     -- promoting: S:/jenkins/workspace/ECP/ecg-maya-usd/ecg-mayausd-branch-preflight-2020-windows/ecg-maya-usd/maya-usd/lib/mayaUsd/fileio/shaderWriterRegistry.h
[2023-04-06T14:18:16.427Z]     -- promoting: S:/jenkins/workspace/ECP/ecg-maya-usd/ecg-mayausd-branch-preflight-2020-windows/ecg-maya-usd/maya-usd/lib/mayaUsd/fileio/transformWriter.h
[2023-04-06T14:18:16.427Z]     -- promoting: S:/jenkins/workspace/ECP/ecg-maya-usd/ecg-mayausd-branch-preflight-2020-windows/ecg-maya-usd/maya-usd/lib/mayaUsd/fileio/writeJobContext.h
[2023-04-06T14:18:16.427Z]     -- promoting: S:/jenkins/workspace/ECP/ecg-maya-usd/ecg-mayausd-branch-preflight-2020-windows/ecg-maya-usd/maya-usd/lib/mayaUsd/fileio/chaser/exportChaser.h
[2023-04-06T14:18:16.427Z]     -- promoting: S:/jenkins/workspace/ECP/ecg-maya-usd/ecg-mayausd-branch-preflight-2020-windows/ecg-maya-usd/maya-usd/lib/mayaUsd/fileio/chaser/exportChaserRegistry.h
[2023-04-06T14:18:16.427Z]     -- promoting: S:/jenkins/workspace/ECP/ecg-maya-usd/ecg-mayausd-branch-preflight-2020-windows/ecg-maya-usd/maya-usd/lib/mayaUsd/fileio/chaser/importChaserRegistry.h
[2023-04-06T14:18:16.427Z]     -- promoting: S:/jenkins/workspace/ECP/ecg-maya-usd/ecg-mayausd-branch-preflight-2020-windows/ecg-maya-usd/maya-usd/lib/mayaUsd/fileio/chaser/importChaser.h
[2023-04-06T14:18:16.427Z]     -- promoting: S:/jenkins/workspace/ECP/ecg-maya-usd/ecg-mayausd-branch-preflight-2020-windows/ecg-maya-usd/maya-usd/lib/mayaUsd/fileio/jobs/jobArgs.h
[2023-04-06T14:18:16.427Z]     -- promoting: S:/jenkins/workspace/ECP/ecg-maya-usd/ecg-mayausd-branch-preflight-2020-windows/ecg-maya-usd/maya-usd/lib/mayaUsd/fileio/jobs/meshDataReadJob.h
[2023-04-06T14:18:16.427Z]     -- promoting: S:/jenkins/workspace/ECP/ecg-maya-usd/ecg-mayausd-branch-preflight-2020-windows/ecg-maya-usd/maya-usd/lib/mayaUsd/fileio/jobs/modelKindProcessor.h
[2023-04-06T14:18:16.427Z]     -- promoting: S:/jenkins/workspace/ECP/ecg-maya-usd/ecg-mayausd-branch-preflight-2020-windows/ecg-maya-usd/maya-usd/lib/mayaUsd/fileio/jobs/readJob.h
[2023-04-06T14:18:16.427Z]     -- promoting: S:/jenkins/workspace/ECP/ecg-maya-usd/ecg-mayausd-branch-preflight-2020-windows/ecg-maya-usd/maya-usd/lib/mayaUsd/fileio/jobs/writeJob.h
[2023-04-06T14:18:16.427Z]     -- promoting: S:/jenkins/workspace/ECP/ecg-maya-usd/ecg-mayausd-branch-preflight-2020-windows/ecg-maya-usd/maya-usd/lib/mayaUsd/fileio/shading/rfmShaderMap.h
[2023-04-06T14:18:16.427Z]     -- promoting: S:/jenkins/workspace/ECP/ecg-maya-usd/ecg-mayausd-branch-preflight-2020-windows/ecg-maya-usd/maya-usd/lib/mayaUsd/fileio/shading/shadingModeExporter.h
[2023-04-06T14:18:16.427Z]     -- promoting: S:/jenkins/workspace/ECP/ecg-maya-usd/ecg-mayausd-branch-preflight-2020-windows/ecg-maya-usd/maya-usd/lib/mayaUsd/fileio/shading/shadingModeExporterContext.h
[2023-04-06T14:18:16.427Z]     -- promoting: S:/jenkins/workspace/ECP/ecg-maya-usd/ecg-mayausd-branch-preflight-2020-windows/ecg-maya-usd/maya-usd/lib/mayaUsd/fileio/shading/shadingModeImporter.h
[2023-04-06T14:18:16.427Z]     -- promoting: S:/jenkins/workspace/ECP/ecg-maya-usd/ecg-mayausd-branch-preflight-2020-windows/ecg-maya-usd/maya-usd/lib/mayaUsd/fileio/shading/shadingModeRegistry.h
[2023-04-06T14:18:16.427Z]     -- promoting: S:/jenkins/workspace/ECP/ecg-maya-usd/ecg-mayausd-branch-preflight-2020-windows/ecg-maya-usd/maya-usd/lib/mayaUsd/fileio/shading/symmetricShaderReader.h
[2023-04-06T14:18:16.427Z]     -- promoting: S:/jenkins/workspace/ECP/ecg-maya-usd/ecg-mayausd-branch-preflight-2020-windows/ecg-maya-usd/maya-usd/lib/mayaUsd/fileio/shading/symmetricShaderWriter.h
[2023-04-06T14:18:16.427Z]     -- promoting: S:/jenkins/workspace/ECP/ecg-maya-usd/ecg-mayausd-branch-preflight-2020-windows/ecg-maya-usd/maya-usd/lib/mayaUsd/fileio/translators/skelBindingsProcessor.h
[2023-04-06T14:18:16.427Z]     -- promoting: S:/jenkins/workspace/ECP/ecg-maya-usd/ecg-mayausd-branch-preflight-2020-windows/ecg-maya-usd/maya-usd/lib/mayaUsd/fileio/translators/translatorCamera.h
[2023-04-06T14:18:16.427Z]     -- promoting: S:/jenkins/workspace/ECP/ecg-maya-usd/ecg-mayausd-branch-preflight-2020-windows/ecg-maya-usd/maya-usd/lib/mayaUsd/fileio/translators/translatorCurves.h
[2023-04-06T14:18:16.427Z]     -- promoting: S:/jenkins/workspace/ECP/ecg-maya-usd/ecg-mayausd-branch-preflight-2020-windows/ecg-maya-usd/maya-usd/lib/mayaUsd/fileio/translators/translatorGprim.h
[2023-04-06T14:18:16.427Z]     -- promoting: S:/jenkins/workspace/ECP/ecg-maya-usd/ecg-mayausd-branch-preflight-2020-windows/ecg-maya-usd/maya-usd/lib/mayaUsd/fileio/translators/translatorLight.h
[2023-04-06T14:18:16.427Z]     -- promoting: S:/jenkins/workspace/ECP/ecg-maya-usd/ecg-mayausd-branch-preflight-2020-windows/ecg-maya-usd/maya-usd/lib/mayaUsd/fileio/translators/translatorMaterial.h
[2023-04-06T14:18:16.427Z]     -- promoting: S:/jenkins/workspace/ECP/ecg-maya-usd/ecg-mayausd-branch-preflight-2020-windows/ecg-maya-usd/maya-usd/lib/mayaUsd/fileio/translators/translatorMayaReference.h
[2023-04-06T14:18:16.427Z]     -- promoting: S:/jenkins/workspace/ECP/ecg-maya-usd/ecg-mayausd-branch-preflight-2020-windows/ecg-maya-usd/maya-usd/lib/mayaUsd/fileio/translators/translatorMesh.h
[2023-04-06T14:18:16.427Z]     -- promoting: S:/jenkins/workspace/ECP/ecg-maya-usd/ecg-mayausd-branch-preflight-2020-windows/ecg-maya-usd/maya-usd/lib/mayaUsd/fileio/translators/translatorNurbsPatch.h
[2023-04-06T14:18:16.427Z]     -- promoting: S:/jenkins/workspace/ECP/ecg-maya-usd/ecg-mayausd-branch-preflight-2020-windows/ecg-maya-usd/maya-usd/lib/mayaUsd/fileio/translators/translatorPrim.h
[2023-04-06T14:18:16.427Z]     -- promoting: S:/jenkins/workspace/ECP/ecg-maya-usd/ecg-mayausd-branch-preflight-2020-windows/ecg-maya-usd/maya-usd/lib/mayaUsd/fileio/translators/translatorRfMLight.h
[2023-04-06T14:18:16.427Z]     -- promoting: S:/jenkins/workspace/ECP/ecg-maya-usd/ecg-mayausd-branch-preflight-2020-windows/ecg-maya-usd/maya-usd/lib/mayaUsd/fileio/translators/translatorSkel.h
[2023-04-06T14:18:16.427Z]     -- promoting: S:/jenkins/workspace/ECP/ecg-maya-usd/ecg-mayausd-branch-preflight-2020-windows/ecg-maya-usd/maya-usd/lib/mayaUsd/fileio/translators/translatorUtil.h
[2023-04-06T14:18:16.427Z]     -- promoting: S:/jenkins/workspace/ECP/ecg-maya-usd/ecg-mayausd-branch-preflight-2020-windows/ecg-maya-usd/maya-usd/lib/mayaUsd/fileio/translators/translatorXformable.h
[2023-04-06T14:18:16.427Z]     -- promoting: S:/jenkins/workspace/ECP/ecg-maya-usd/ecg-mayausd-branch-preflight-2020-windows/ecg-maya-usd/maya-usd/lib/mayaUsd/fileio/utils/adaptor.h
[2023-04-06T14:18:16.427Z]     -- promoting: S:/jenkins/workspace/ECP/ecg-maya-usd/ecg-mayausd-branch-preflight-2020-windows/ecg-maya-usd/maya-usd/lib/mayaUsd/fileio/utils/jointWriteUtils.h
[2023-04-06T14:18:16.427Z]     -- promoting: S:/jenkins/workspace/ECP/ecg-maya-usd/ecg-mayausd-branch-preflight-2020-windows/ecg-maya-usd/maya-usd/lib/mayaUsd/fileio/utils/meshReadUtils.h
[2023-04-06T14:18:16.427Z]     -- promoting: S:/jenkins/workspace/ECP/ecg-maya-usd/ecg-mayausd-branch-preflight-2020-windows/ecg-maya-usd/maya-usd/lib/mayaUsd/fileio/utils/meshWriteUtils.h
[2023-04-06T14:18:16.427Z]     -- promoting: S:/jenkins/workspace/ECP/ecg-maya-usd/ecg-mayausd-branch-preflight-2020-windows/ecg-maya-usd/maya-usd/lib/mayaUsd/fileio/utils/readUtil.h
[2023-04-06T14:18:16.427Z]     -- promoting: S:/jenkins/workspace/ECP/ecg-maya-usd/ecg-mayausd-branch-preflight-2020-windows/ecg-maya-usd/maya-usd/lib/mayaUsd/fileio/utils/roundTripUtil.h
[2023-04-06T14:18:16.427Z]     -- promoting: S:/jenkins/workspace/ECP/ecg-maya-usd/ecg-mayausd-branch-preflight-2020-windows/ecg-maya-usd/maya-usd/lib/mayaUsd/fileio/utils/shadingUtil.h
[2023-04-06T14:18:16.427Z]     -- promoting: S:/jenkins/workspace/ECP/ecg-maya-usd/ecg-mayausd-branch-preflight-2020-windows/ecg-maya-usd/maya-usd/lib/mayaUsd/fileio/utils/userTaggedAttribute.h
[2023-04-06T14:18:16.427Z]     -- promoting: S:/jenkins/workspace/ECP/ecg-maya-usd/ecg-mayausd-branch-preflight-2020-windows/ecg-maya-usd/maya-usd/lib/mayaUsd/fileio/utils/writeUtil.h
[2023-04-06T14:18:16.427Z]     -- promoting: S:/jenkins/workspace/ECP/ecg-maya-usd/ecg-mayausd-branch-preflight-2020-windows/ecg-maya-usd/maya-usd/lib/mayaUsd/fileio/utils/xformStack.h
[2023-04-06T14:18:16.427Z]     -- promoting: S:/jenkins/workspace/ECP/ecg-maya-usd/ecg-mayausd-branch-preflight-2020-windows/ecg-maya-usd/maya-usd/lib/mayaUsd/listeners/notice.h
[2023-04-06T14:18:16.427Z]     -- promoting: S:/jenkins/workspace/ECP/ecg-maya-usd/ecg-mayausd-branch-preflight-2020-windows/ecg-maya-usd/maya-usd/lib/mayaUsd/listeners/proxyShapeNotice.h
[2023-04-06T14:18:16.427Z]     -- promoting: S:/jenkins/workspace/ECP/ecg-maya-usd/ecg-mayausd-branch-preflight-2020-windows/ecg-maya-usd/maya-usd/lib/mayaUsd/listeners/stageNoticeListener.h
[2023-04-06T14:18:16.427Z]     -- promoting: S:/jenkins/workspace/ECP/ecg-maya-usd/ecg-mayausd-branch-preflight-2020-windows/ecg-maya-usd/maya-usd/lib/mayaUsd/nodes/hdImagingShape.h
[2023-04-06T14:18:16.427Z]     -- promoting: S:/jenkins/workspace/ECP/ecg-maya-usd/ecg-mayausd-branch-preflight-2020-windows/ecg-maya-usd/maya-usd/lib/mayaUsd/nodes/pointBasedDeformerNode.h
[2023-04-06T14:18:16.428Z]     -- promoting: S:/jenkins/workspace/ECP/ecg-maya-usd/ecg-mayausd-branch-preflight-2020-windows/ecg-maya-usd/maya-usd/lib/mayaUsd/nodes/proxyAccessor.h
[2023-04-06T14:18:16.428Z]     -- promoting: S:/jenkins/workspace/ECP/ecg-maya-usd/ecg-mayausd-branch-preflight-2020-windows/ecg-maya-usd/maya-usd/lib/mayaUsd/nodes/proxyShapeBase.h
[2023-04-06T14:18:16.428Z]     -- promoting: S:/jenkins/workspace/ECP/ecg-maya-usd/ecg-mayausd-branch-preflight-2020-windows/ecg-maya-usd/maya-usd/lib/mayaUsd/nodes/proxyShapePlugin.h
[2023-04-06T14:18:16.428Z]     -- promoting: S:/jenkins/workspace/ECP/ecg-maya-usd/ecg-mayausd-branch-preflight-2020-windows/ecg-maya-usd/maya-usd/lib/mayaUsd/nodes/proxyStageProvider.h
[2023-04-06T14:18:16.428Z]     -- promoting: S:/jenkins/workspace/ECP/ecg-maya-usd/ecg-mayausd-branch-preflight-2020-windows/ecg-maya-usd/maya-usd/lib/mayaUsd/nodes/proxyShapeStageExtraData.h
[2023-04-06T14:18:16.428Z]     -- promoting: S:/jenkins/workspace/ECP/ecg-maya-usd/ecg-mayausd-branch-preflight-2020-windows/ecg-maya-usd/maya-usd/lib/mayaUsd/nodes/proxyShapeUpdateManager.h
[2023-04-06T14:18:16.428Z]     -- promoting: S:/jenkins/workspace/ECP/ecg-maya-usd/ecg-mayausd-branch-preflight-2020-windows/ecg-maya-usd/maya-usd/lib/mayaUsd/nodes/stageData.h
[2023-04-06T14:18:16.428Z]     -- promoting: S:/jenkins/workspace/ECP/ecg-maya-usd/ecg-mayausd-branch-preflight-2020-windows/ecg-maya-usd/maya-usd/lib/mayaUsd/nodes/stageNode.h
[2023-04-06T14:18:16.428Z]     -- promoting: S:/jenkins/workspace/ECP/ecg-maya-usd/ecg-mayausd-branch-preflight-2020-windows/ecg-maya-usd/maya-usd/lib/mayaUsd/nodes/usdPrimProvider.h
[2023-04-06T14:18:16.428Z]     -- promoting: S:/jenkins/workspace/ECP/ecg-maya-usd/ecg-mayausd-branch-preflight-2020-windows/ecg-maya-usd/maya-usd/lib/mayaUsd/nodes/layerManager.h
[2023-04-06T14:18:16.428Z]     -- promoting: S:/jenkins/workspace/ECP/ecg-maya-usd/ecg-mayausd-branch-preflight-2020-windows/ecg-maya-usd/maya-usd/lib/mayaUsd/render/px_vp20/glslProgram.h
[2023-04-06T14:18:16.428Z]     -- promoting: S:/jenkins/workspace/ECP/ecg-maya-usd/ecg-mayausd-branch-preflight-2020-windows/ecg-maya-usd/maya-usd/lib/mayaUsd/render/px_vp20/utils.h
[2023-04-06T14:18:16.428Z]     -- promoting: S:/jenkins/workspace/ECP/ecg-maya-usd/ecg-mayausd-branch-preflight-2020-windows/ecg-maya-usd/maya-usd/lib/mayaUsd/render/px_vp20/utils_legacy.h
[2023-04-06T14:18:16.428Z]     -- promoting: S:/jenkins/workspace/ECP/ecg-maya-usd/ecg-mayausd-branch-preflight-2020-windows/ecg-maya-usd/maya-usd/lib/mayaUsd/render/pxrUsdMayaGL/batchRenderer.h
[2023-04-06T14:18:16.428Z]     -- promoting: S:/jenkins/workspace/ECP/ecg-maya-usd/ecg-mayausd-branch-preflight-2020-windows/ecg-maya-usd/maya-usd/lib/mayaUsd/render/pxrUsdMayaGL/debugCodes.h
[2023-04-06T14:18:16.428Z]     -- promoting: S:/jenkins/workspace/ECP/ecg-maya-usd/ecg-mayausd-branch-preflight-2020-windows/ecg-maya-usd/maya-usd/lib/mayaUsd/render/pxrUsdMayaGL/hdImagingShapeDrawOverride.h
[2023-04-06T14:18:16.428Z]     -- promoting: S:/jenkins/workspace/ECP/ecg-maya-usd/ecg-mayausd-branch-preflight-2020-windows/ecg-maya-usd/maya-usd/lib/mayaUsd/render/pxrUsdMayaGL/hdImagingShapeUI.h
[2023-04-06T14:18:16.428Z]     -- promoting: S:/jenkins/workspace/ECP/ecg-maya-usd/ecg-mayausd-branch-preflight-2020-windows/ecg-maya-usd/maya-usd/lib/mayaUsd/render/pxrUsdMayaGL/instancerImager.h
[2023-04-06T14:18:16.428Z]     -- promoting: S:/jenkins/workspace/ECP/ecg-maya-usd/ecg-mayausd-branch-preflight-2020-windows/ecg-maya-usd/maya-usd/lib/mayaUsd/render/pxrUsdMayaGL/instancerShapeAdapter.h
[2023-04-06T14:18:16.428Z]     -- promoting: S:/jenkins/workspace/ECP/ecg-maya-usd/ecg-mayausd-branch-preflight-2020-windows/ecg-maya-usd/maya-usd/lib/mayaUsd/render/pxrUsdMayaGL/proxyDrawOverride.h
[2023-04-06T14:18:16.428Z]     -- promoting: S:/jenkins/workspace/ECP/ecg-maya-usd/ecg-mayausd-branch-preflight-2020-windows/ecg-maya-usd/maya-usd/lib/mayaUsd/render/pxrUsdMayaGL/proxyShapeUI.h
[2023-04-06T14:18:16.428Z]     -- promoting: S:/jenkins/workspace/ECP/ecg-maya-usd/ecg-mayausd-branch-preflight-2020-windows/ecg-maya-usd/maya-usd/lib/mayaUsd/render/pxrUsdMayaGL/renderParams.h
[2023-04-06T14:18:16.428Z]     -- promoting: S:/jenkins/workspace/ECP/ecg-maya-usd/ecg-mayausd-branch-preflight-2020-windows/ecg-maya-usd/maya-usd/lib/mayaUsd/render/pxrUsdMayaGL/sceneDelegate.h
[2023-04-06T14:18:16.428Z]     -- promoting: S:/jenkins/workspace/ECP/ecg-maya-usd/ecg-mayausd-branch-preflight-2020-windows/ecg-maya-usd/maya-usd/lib/mayaUsd/render/pxrUsdMayaGL/shapeAdapter.h
[2023-04-06T14:18:16.428Z]     -- promoting: S:/jenkins/workspace/ECP/ecg-maya-usd/ecg-mayausd-branch-preflight-2020-windows/ecg-maya-usd/maya-usd/lib/mayaUsd/render/pxrUsdMayaGL/softSelectHelper.h
[2023-04-06T14:18:16.428Z]     -- promoting: S:/jenkins/workspace/ECP/ecg-maya-usd/ecg-mayausd-branch-preflight-2020-windows/ecg-maya-usd/maya-usd/lib/mayaUsd/render/pxrUsdMayaGL/usdProxyShapeAdapter.h
[2023-04-06T14:18:16.428Z]     -- promoting: S:/jenkins/workspace/ECP/ecg-maya-usd/ecg-mayausd-branch-preflight-2020-windows/ecg-maya-usd/maya-usd/lib/mayaUsd/render/pxrUsdMayaGL/userData.h
[2023-04-06T14:18:16.428Z]     -- promoting: S:/jenkins/workspace/ECP/ecg-maya-usd/ecg-mayausd-branch-preflight-2020-windows/ecg-maya-usd/maya-usd/lib/mayaUsd/render/vp2RenderDelegate/proxyRenderDelegate.h
[2023-04-06T14:18:16.428Z]     -- promoting: S:/jenkins/workspace/ECP/ecg-maya-usd/ecg-mayausd-branch-preflight-2020-windows/ecg-maya-usd/maya-usd/lib/mayaUsd/render/vp2ShaderFragments/shaderFragments.h
[2023-04-06T14:18:16.428Z]     -- promoting: S:/jenkins/workspace/ECP/ecg-maya-usd/ecg-mayausd-branch-preflight-2020-windows/ecg-maya-usd/maya-usd/lib/mayaUsd/ufe/Global.h
[2023-04-06T14:18:16.428Z]     -- promoting: S:/jenkins/workspace/ECP/ecg-maya-usd/ecg-mayausd-branch-preflight-2020-windows/ecg-maya-usd/maya-usd/lib/mayaUsd/ufe/ProxyShapeHandler.h
[2023-04-06T14:18:16.428Z]     -- promoting: S:/jenkins/workspace/ECP/ecg-maya-usd/ecg-mayausd-branch-preflight-2020-windows/ecg-maya-usd/maya-usd/lib/mayaUsd/ufe/ProxyShapeHierarchy.h
[2023-04-06T14:18:16.428Z]     -- promoting: S:/jenkins/workspace/ECP/ecg-maya-usd/ecg-mayausd-branch-preflight-2020-windows/ecg-maya-usd/maya-usd/lib/mayaUsd/ufe/ProxyShapeHierarchyHandler.h
[2023-04-06T14:18:16.428Z]     -- promoting: S:/jenkins/workspace/ECP/ecg-maya-usd/ecg-mayausd-branch-preflight-2020-windows/ecg-maya-usd/maya-usd/lib/mayaUsd/ufe/SetVariantSelectionCommand.h
[2023-04-06T14:18:16.428Z]     -- promoting: S:/jenkins/workspace/ECP/ecg-maya-usd/ecg-mayausd-branch-preflight-2020-windows/ecg-maya-usd/maya-usd/lib/mayaUsd/ufe/StagesSubject.h
[2023-04-06T14:18:16.428Z]     -- promoting: S:/jenkins/workspace/ECP/ecg-maya-usd/ecg-mayausd-branch-preflight-2020-windows/ecg-maya-usd/maya-usd/lib/mayaUsd/ufe/UsdHierarchy.h
[2023-04-06T14:18:16.428Z]     -- promoting: S:/jenkins/workspace/ECP/ecg-maya-usd/ecg-mayausd-branch-preflight-2020-windows/ecg-maya-usd/maya-usd/lib/mayaUsd/ufe/UsdHierarchyHandler.h
[2023-04-06T14:18:16.428Z]     -- promoting: S:/jenkins/workspace/ECP/ecg-maya-usd/ecg-mayausd-branch-preflight-2020-windows/ecg-maya-usd/maya-usd/lib/mayaUsd/ufe/UsdPointInstanceModifierBase.h
[2023-04-06T14:18:16.428Z]     -- promoting: S:/jenkins/workspace/ECP/ecg-maya-usd/ecg-mayausd-branch-preflight-2020-windows/ecg-maya-usd/maya-usd/lib/mayaUsd/ufe/UsdPointInstanceOrientationModifier.h
[2023-04-06T14:18:16.428Z]     -- promoting: S:/jenkins/workspace/ECP/ecg-maya-usd/ecg-mayausd-branch-preflight-2020-windows/ecg-maya-usd/maya-usd/lib/mayaUsd/ufe/UsdPointInstancePositionModifier.h
[2023-04-06T14:18:16.428Z]     -- promoting: S:/jenkins/workspace/ECP/ecg-maya-usd/ecg-mayausd-branch-preflight-2020-windows/ecg-maya-usd/maya-usd/lib/mayaUsd/ufe/UsdPointInstanceScaleModifier.h
[2023-04-06T14:18:16.428Z]     -- promoting: S:/jenkins/workspace/ECP/ecg-maya-usd/ecg-mayausd-branch-preflight-2020-windows/ecg-maya-usd/maya-usd/lib/mayaUsd/ufe/UsdRootChildHierarchy.h
[2023-04-06T14:18:16.428Z]     -- promoting: S:/jenkins/workspace/ECP/ecg-maya-usd/ecg-mayausd-branch-preflight-2020-windows/ecg-maya-usd/maya-usd/lib/mayaUsd/ufe/UsdRotatePivotTranslateUndoableCommand.h
[2023-04-06T14:18:16.428Z]     -- promoting: S:/jenkins/workspace/ECP/ecg-maya-usd/ecg-mayausd-branch-preflight-2020-windows/ecg-maya-usd/maya-usd/lib/mayaUsd/ufe/UsdRotateUndoableCommand.h
[2023-04-06T14:18:16.428Z]     -- promoting: S:/jenkins/workspace/ECP/ecg-maya-usd/ecg-mayausd-branch-preflight-2020-windows/ecg-maya-usd/maya-usd/lib/mayaUsd/ufe/UsdScaleUndoableCommand.h
[2023-04-06T14:18:16.428Z]     -- promoting: S:/jenkins/workspace/ECP/ecg-maya-usd/ecg-mayausd-branch-preflight-2020-windows/ecg-maya-usd/maya-usd/lib/mayaUsd/ufe/UsdSceneItem.h
[2023-04-06T14:18:16.428Z]     -- promoting: S:/jenkins/workspace/ECP/ecg-maya-usd/ecg-mayausd-branch-preflight-2020-windows/ecg-maya-usd/maya-usd/lib/mayaUsd/ufe/UsdSceneItemOps.h
[2023-04-06T14:18:16.428Z]     -- promoting: S:/jenkins/workspace/ECP/ecg-maya-usd/ecg-mayausd-branch-preflight-2020-windows/ecg-maya-usd/maya-usd/lib/mayaUsd/ufe/UsdSceneItemOpsHandler.h
[2023-04-06T14:18:16.428Z]     -- promoting: S:/jenkins/workspace/ECP/ecg-maya-usd/ecg-mayausd-branch-preflight-2020-windows/ecg-maya-usd/maya-usd/lib/mayaUsd/ufe/UsdStageMap.h
[2023-04-06T14:18:16.428Z]     -- promoting: S:/jenkins/workspace/ECP/ecg-maya-usd/ecg-mayausd-branch-preflight-2020-windows/ecg-maya-usd/maya-usd/lib/mayaUsd/ufe/UsdTRSUndoableCommandBase.h
[2023-04-06T14:18:16.428Z]     -- promoting: S:/jenkins/workspace/ECP/ecg-maya-usd/ecg-mayausd-branch-preflight-2020-windows/ecg-maya-usd/maya-usd/lib/mayaUsd/ufe/UsdTransform3d.h
[2023-04-06T14:18:16.428Z]     -- promoting: S:/jenkins/workspace/ECP/ecg-maya-usd/ecg-mayausd-branch-preflight-2020-windows/ecg-maya-usd/maya-usd/lib/mayaUsd/ufe/UsdTransform3dReadImpl.h
[2023-04-06T14:18:16.428Z]     -- promoting: S:/jenkins/workspace/ECP/ecg-maya-usd/ecg-mayausd-branch-preflight-2020-windows/ecg-maya-usd/maya-usd/lib/mayaUsd/ufe/UsdTransform3dHandler.h
[2023-04-06T14:18:16.428Z]     -- promoting: S:/jenkins/workspace/ECP/ecg-maya-usd/ecg-mayausd-branch-preflight-2020-windows/ecg-maya-usd/maya-usd/lib/mayaUsd/ufe/UsdTranslateUndoableCommand.h
[2023-04-06T14:18:16.428Z]     -- promoting: S:/jenkins/workspace/ECP/ecg-maya-usd/ecg-mayausd-branch-preflight-2020-windows/ecg-maya-usd/maya-usd/lib/mayaUsd/ufe/UsdUndoDeleteCommand.h
[2023-04-06T14:18:16.428Z]     -- promoting: S:/jenkins/workspace/ECP/ecg-maya-usd/ecg-mayausd-branch-preflight-2020-windows/ecg-maya-usd/maya-usd/lib/mayaUsd/ufe/UsdUndoDuplicateCommand.h
[2023-04-06T14:18:16.428Z]     -- promoting: S:/jenkins/workspace/ECP/ecg-maya-usd/ecg-mayausd-branch-preflight-2020-windows/ecg-maya-usd/maya-usd/lib/mayaUsd/ufe/UsdUndoRenameCommand.h
[2023-04-06T14:18:16.428Z]     -- promoting: S:/jenkins/workspace/ECP/ecg-maya-usd/ecg-mayausd-branch-preflight-2020-windows/ecg-maya-usd/maya-usd/lib/mayaUsd/ufe/Utils.h
[2023-04-06T14:18:16.428Z]     -- promoting: S:/jenkins/workspace/ECP/ecg-maya-usd/ecg-mayausd-branch-preflight-2020-windows/ecg-maya-usd/maya-usd/lib/mayaUsd/ufe/UfeVersionCompat.h
[2023-04-06T14:18:16.428Z]     -- promoting: S:/jenkins/workspace/ECP/ecg-maya-usd/ecg-mayausd-branch-preflight-2020-windows/ecg-maya-usd/maya-usd/lib/mayaUsd/undo/OpUndoItemList.h
[2023-04-06T14:18:16.428Z]     -- promoting: S:/jenkins/workspace/ECP/ecg-maya-usd/ecg-mayausd-branch-preflight-2020-windows/ecg-maya-usd/maya-usd/lib/mayaUsd/undo/OpUndoItemMuting.h
[2023-04-06T14:18:16.428Z]     -- promoting: S:/jenkins/workspace/ECP/ecg-maya-usd/ecg-mayausd-branch-preflight-2020-windows/ecg-maya-usd/maya-usd/lib/mayaUsd/undo/OpUndoItemRecorder.h
[2023-04-06T14:18:16.428Z]     -- promoting: S:/jenkins/workspace/ECP/ecg-maya-usd/ecg-mayausd-branch-preflight-2020-windows/ecg-maya-usd/maya-usd/lib/mayaUsd/undo/OpUndoItems.h
[2023-04-06T14:18:16.428Z]     -- promoting: S:/jenkins/workspace/ECP/ecg-maya-usd/ecg-mayausd-branch-preflight-2020-windows/ecg-maya-usd/maya-usd/lib/mayaUsd/undo/UsdUndoBlock.h
[2023-04-06T14:18:16.428Z]     -- promoting: S:/jenkins/workspace/ECP/ecg-maya-usd/ecg-mayausd-branch-preflight-2020-windows/ecg-maya-usd/maya-usd/lib/mayaUsd/undo/UsdUndoManager.h
[2023-04-06T14:18:16.428Z]     -- promoting: S:/jenkins/workspace/ECP/ecg-maya-usd/ecg-mayausd-branch-preflight-2020-windows/ecg-maya-usd/maya-usd/lib/mayaUsd/undo/UsdUndoStateDelegate.h
[2023-04-06T14:18:16.428Z]     -- promoting: S:/jenkins/workspace/ECP/ecg-maya-usd/ecg-mayausd-branch-preflight-2020-windows/ecg-maya-usd/maya-usd/lib/mayaUsd/undo/UsdUndoableItem.h
[2023-04-06T14:18:16.428Z]     -- promoting: S:/jenkins/workspace/ECP/ecg-maya-usd/ecg-mayausd-branch-preflight-2020-windows/ecg-maya-usd/maya-usd/lib/mayaUsd/utils/blockSceneModificationContext.h
[2023-04-06T14:18:16.428Z]     -- promoting: S:/jenkins/workspace/ECP/ecg-maya-usd/ecg-mayausd-branch-preflight-2020-windows/ecg-maya-usd/maya-usd/lib/mayaUsd/utils/colorSpace.h
[2023-04-06T14:18:16.428Z]     -- promoting: S:/jenkins/workspace/ECP/ecg-maya-usd/ecg-mayausd-branch-preflight-2020-windows/ecg-maya-usd/maya-usd/lib/mayaUsd/utils/customLayerData.h
[2023-04-06T14:18:16.428Z]     -- promoting: S:/jenkins/workspace/ECP/ecg-maya-usd/ecg-mayausd-branch-preflight-2020-windows/ecg-maya-usd/maya-usd/lib/mayaUsd/utils/converter.h
[2023-04-06T14:18:16.428Z]     -- promoting: S:/jenkins/workspace/ECP/ecg-maya-usd/ecg-mayausd-branch-preflight-2020-windows/ecg-maya-usd/maya-usd/lib/mayaUsd/utils/diagnosticDelegate.h
[2023-04-06T14:18:16.428Z]     -- promoting: S:/jenkins/workspace/ECP/ecg-maya-usd/ecg-mayausd-branch-preflight-2020-windows/ecg-maya-usd/maya-usd/lib/mayaUsd/utils/dynamicAttribute.h
[2023-04-06T14:18:16.428Z]     -- promoting: S:/jenkins/workspace/ECP/ecg-maya-usd/ecg-mayausd-branch-preflight-2020-windows/ecg-maya-usd/maya-usd/lib/mayaUsd/utils/editability.h
[2023-04-06T14:18:16.428Z]     -- promoting: S:/jenkins/workspace/ECP/ecg-maya-usd/ecg-mayausd-branch-preflight-2020-windows/ecg-maya-usd/maya-usd/lib/mayaUsd/utils/editRouter.h
[2023-04-06T14:18:16.428Z]     -- promoting: S:/jenkins/workspace/ECP/ecg-maya-usd/ecg-mayausd-branch-preflight-2020-windows/ecg-maya-usd/maya-usd/lib/mayaUsd/utils/editRouterContext.h
[2023-04-06T14:18:16.428Z]     -- promoting: S:/jenkins/workspace/ECP/ecg-maya-usd/ecg-mayausd-branch-preflight-2020-windows/ecg-maya-usd/maya-usd/lib/mayaUsd/utils/hash.h
[2023-04-06T14:18:16.428Z]     -- promoting: S:/jenkins/workspace/ECP/ecg-maya-usd/ecg-mayausd-branch-preflight-2020-windows/ecg-maya-usd/maya-usd/lib/mayaUsd/utils/layerMuting.h
[2023-04-06T14:18:16.428Z]     -- promoting: S:/jenkins/workspace/ECP/ecg-maya-usd/ecg-mayausd-branch-preflight-2020-windows/ecg-maya-usd/maya-usd/lib/mayaUsd/utils/layers.h
[2023-04-06T14:18:16.428Z]     -- promoting: S:/jenkins/workspace/ECP/ecg-maya-usd/ecg-mayausd-branch-preflight-2020-windows/ecg-maya-usd/maya-usd/lib/mayaUsd/utils/loadRules.h
[2023-04-06T14:18:16.428Z]     -- promoting: S:/jenkins/workspace/ECP/ecg-maya-usd/ecg-mayausd-branch-preflight-2020-windows/ecg-maya-usd/maya-usd/lib/mayaUsd/utils/query.h
[2023-04-06T14:18:16.428Z]     -- promoting: S:/jenkins/workspace/ECP/ecg-maya-usd/ecg-mayausd-branch-preflight-2020-windows/ecg-maya-usd/maya-usd/lib/mayaUsd/utils/plugRegistryHelper.h
[2023-04-06T14:18:16.428Z]     -- promoting: S:/jenkins/workspace/ECP/ecg-maya-usd/ecg-mayausd-branch-preflight-2020-windows/ecg-maya-usd/maya-usd/lib/mayaUsd/utils/progressBarScope.h
[2023-04-06T14:18:16.428Z]     -- promoting: S:/jenkins/workspace/ECP/ecg-maya-usd/ecg-mayausd-branch-preflight-2020-windows/ecg-maya-usd/maya-usd/lib/mayaUsd/utils/selectability.h
[2023-04-06T14:18:16.428Z]     -- promoting: S:/jenkins/workspace/ECP/ecg-maya-usd/ecg-mayausd-branch-preflight-2020-windows/ecg-maya-usd/maya-usd/lib/mayaUsd/utils/stageCache.h
[2023-04-06T14:18:16.428Z]     -- promoting: S:/jenkins/workspace/ECP/ecg-maya-usd/ecg-mayausd-branch-preflight-2020-windows/ecg-maya-usd/maya-usd/lib/mayaUsd/utils/targetLayer.h
[2023-04-06T14:18:16.428Z]     -- promoting: S:/jenkins/workspace/ECP/ecg-maya-usd/ecg-mayausd-branch-preflight-2020-windows/ecg-maya-usd/maya-usd/lib/mayaUsd/utils/traverseLayer.h
[2023-04-06T14:18:16.428Z]     -- promoting: S:/jenkins/workspace/ECP/ecg-maya-usd/ecg-mayausd-branch-preflight-2020-windows/ecg-maya-usd/maya-usd/lib/mayaUsd/utils/undoHelperCommand.h
[2023-04-06T14:18:16.428Z]     -- promoting: S:/jenkins/workspace/ECP/ecg-maya-usd/ecg-mayausd-branch-preflight-2020-windows/ecg-maya-usd/maya-usd/lib/mayaUsd/utils/util.h
[2023-04-06T14:18:16.428Z]     -- promoting: S:/jenkins/workspace/ECP/ecg-maya-usd/ecg-mayausd-branch-preflight-2020-windows/ecg-maya-usd/maya-usd/lib/mayaUsd/utils/utilDictionary.h
[2023-04-06T14:18:16.428Z]     -- promoting: S:/jenkins/workspace/ECP/ecg-maya-usd/ecg-mayausd-branch-preflight-2020-windows/ecg-maya-usd/maya-usd/lib/mayaUsd/utils/utilFileSystem.h
[2023-04-06T14:18:16.428Z]     -- promoting: S:/jenkins/workspace/ECP/ecg-maya-usd/ecg-mayausd-branch-preflight-2020-windows/ecg-maya-usd/maya-usd/lib/mayaUsd/utils/utilSerialization.h
[2023-04-06T14:18:16.428Z]     -- promoting: S:/jenkins/workspace/ECP/ecg-maya-usd/ecg-mayausd-branch-preflight-2020-windows/ecg-maya-usd/maya-usd/lib/mayaUsd/utils/variants.h
[2023-04-06T14:18:16.428Z]     -- promoting: S:/jenkins/workspace/ECP/ecg-maya-usd/ecg-mayausd-branch-preflight-2020-windows/ecg-maya-usd/maya-usd/lib/usd/pxrUsdPreviewSurface/usdPreviewSurface.h
[2023-04-06T14:18:16.428Z]     -- promoting: S:/jenkins/workspace/ECP/ecg-maya-usd/ecg-mayausd-branch-preflight-2020-windows/ecg-maya-usd/maya-usd/lib/usd/pxrUsdPreviewSurface/usdPreviewSurfacePlugin.h
[2023-04-06T14:18:16.428Z]     -- promoting: S:/jenkins/workspace/ECP/ecg-maya-usd/ecg-mayausd-branch-preflight-2020-windows/ecg-maya-usd/maya-usd/lib/usd/schemas/api.h
[2023-04-06T14:18:16.428Z]     -- promoting: S:/jenkins/workspace/ECP/ecg-maya-usd/ecg-mayausd-branch-preflight-2020-windows/ecg-maya-usd/maya-usd/lib/usd/schemas/ALMayaReference.h
[2023-04-06T14:18:16.428Z]     -- promoting: S:/jenkins/workspace/ECP/ecg-maya-usd/ecg-mayausd-branch-preflight-2020-windows/ecg-maya-usd/maya-usd/lib/usd/schemas/MayaReference.h
[2023-04-06T14:18:16.428Z]     -- promoting: S:/jenkins/workspace/ECP/ecg-maya-usd/ecg-mayausd-branch-preflight-2020-windows/ecg-maya-usd/maya-usd/lib/usd/schemas/tokens.h
[2023-04-06T14:18:16.980Z]     #################################################################################################
[2023-04-06T14:18:16.980Z]     #  USD_DISABLE_PRIM_DEFINITIONS_FOR_USDGENSCHEMA is overridden to 'true'.  Default is 'false'.  #
[2023-04-06T14:18:16.980Z]     #################################################################################################
[2023-04-06T14:18:17.201Z]     Processing schema classes:
[2023-04-06T14:18:17.201Z]     MayaReference, ALMayaReference
[2023-04-06T14:18:17.201Z]     Loading Templates from p:\shared\Artifactory\Windows\USD\9ab6422\lib\usd\usd\resources\codegenTemplates
[2023-04-06T14:18:17.201Z]     Writing API:
[2023-04-06T14:18:17.201Z]     	    wrote W:\build\RelWithDebInfo\lib\usd\schemas\api.h
[2023-04-06T14:18:17.201Z]     Writing Schema Tokens:
[2023-04-06T14:18:17.201Z]     	    wrote W:\build\RelWithDebInfo\lib\usd\schemas\tokens.h
[2023-04-06T14:18:17.201Z]     	    wrote W:\build\RelWithDebInfo\lib\usd\schemas\tokens.cpp
[2023-04-06T14:18:17.201Z]     	    wrote W:\build\RelWithDebInfo\lib\usd\schemas\wrapTokens.cpp
[2023-04-06T14:18:17.201Z]     Generating Classes:
[2023-04-06T14:18:17.201Z]     	    wrote W:\build\RelWithDebInfo\lib\usd\schemas\MayaReference.h
[2023-04-06T14:18:17.201Z]     	    wrote W:\build\RelWithDebInfo\lib\usd\schemas\MayaReference.cpp
[2023-04-06T14:18:17.201Z]     	    wrote W:\build\RelWithDebInfo\lib\usd\schemas\wrapMayaReference.cpp
[2023-04-06T14:18:17.201Z]     	    wrote W:\build\RelWithDebInfo\lib\usd\schemas\ALMayaReference.h
[2023-04-06T14:18:17.201Z]     	    wrote W:\build\RelWithDebInfo\lib\usd\schemas\ALMayaReference.cpp
[2023-04-06T14:18:17.201Z]     	    wrote W:\build\RelWithDebInfo\lib\usd\schemas\wrapALMayaReference.cpp
[2023-04-06T14:18:17.201Z]     Loading Templates from p:\shared\Artifactory\Windows\USD\9ab6422\lib\usd\usd\resources\codegenTemplates
[2023-04-06T14:18:17.201Z]     	    wrote W:\build\RelWithDebInfo\lib\usd\schemas\plugInfo.json
[2023-04-06T14:18:17.201Z]     Generating Schematics:
[2023-04-06T14:18:17.201Z]     	    wrote W:\build\RelWithDebInfo\lib\usd\schemas\generatedSchema.usda
[2023-04-06T14:18:17.201Z]     -- promoting: S:/jenkins/workspace/ECP/ecg-maya-usd/ecg-mayausd-branch-preflight-2020-windows/ecg-maya-usd/maya-usd/lib/usd/utils/ALHalf.h
[2023-04-06T14:18:17.201Z]     -- promoting: S:/jenkins/workspace/ECP/ecg-maya-usd/ecg-mayausd-branch-preflight-2020-windows/ecg-maya-usd/maya-usd/lib/usd/utils/Api.h
[2023-04-06T14:18:17.201Z]     -- promoting: S:/jenkins/workspace/ECP/ecg-maya-usd/ecg-mayausd-branch-preflight-2020-windows/ecg-maya-usd/maya-usd/lib/usd/utils/DebugCodes.h
[2023-04-06T14:18:17.201Z]     -- promoting: S:/jenkins/workspace/ECP/ecg-maya-usd/ecg-mayausd-branch-preflight-2020-windows/ecg-maya-usd/maya-usd/lib/usd/utils/DiffCore.h
[2023-04-06T14:18:17.201Z]     -- promoting: S:/jenkins/workspace/ECP/ecg-maya-usd/ecg-mayausd-branch-preflight-2020-windows/ecg-maya-usd/maya-usd/lib/usd/utils/DiffPrims.h
[2023-04-06T14:18:17.201Z]     -- promoting: S:/jenkins/workspace/ECP/ecg-maya-usd/ecg-mayausd-branch-preflight-2020-windows/ecg-maya-usd/maya-usd/lib/usd/utils/MergePrims.h
[2023-04-06T14:18:17.201Z]     -- promoting: S:/jenkins/workspace/ECP/ecg-maya-usd/ecg-mayausd-branch-preflight-2020-windows/ecg-maya-usd/maya-usd/lib/usd/utils/MergePrimsOptions.h
[2023-04-06T14:18:17.201Z]     -- promoting: S:/jenkins/workspace/ECP/ecg-maya-usd/ecg-mayausd-branch-preflight-2020-windows/ecg-maya-usd/maya-usd/lib/usd/utils/ForwardDeclares.h
[2023-04-06T14:18:17.201Z]     -- promoting: S:/jenkins/workspace/ECP/ecg-maya-usd/ecg-mayausd-branch-preflight-2020-windows/ecg-maya-usd/maya-usd/lib/usd/utils/SIMD.h
[2023-04-06T14:18:17.201Z]     -- promoting: S:/jenkins/workspace/ECP/ecg-maya-usd/ecg-mayausd-branch-preflight-2020-windows/ecg-maya-usd/maya-usd/lib/usd/utils/util.h
[2023-04-06T14:18:17.201Z]     -- promoting: S:/jenkins/workspace/ECP/ecg-maya-usd/ecg-mayausd-branch-preflight-2020-windows/ecg-maya-usd/maya-usd/lib/usd/ui/layerEditor/batchSaveLayersUIDelegate.h
[2023-04-06T14:18:17.201Z]     -- promoting: S:/jenkins/workspace/ECP/ecg-maya-usd/ecg-mayausd-branch-preflight-2020-windows/ecg-maya-usd/maya-usd/lib/usd/ui/importDialog/IMayaMQtUtil.h
[2023-04-06T14:18:17.201Z]     -- promoting: S:/jenkins/workspace/ECP/ecg-maya-usd/ecg-mayausd-branch-preflight-2020-windows/ecg-maya-usd/maya-usd/lib/usd/ui/importDialog/ItemDelegate.h
[2023-04-06T14:18:17.201Z]     -- promoting: S:/jenkins/workspace/ECP/ecg-maya-usd/ecg-mayausd-branch-preflight-2020-windows/ecg-maya-usd/maya-usd/lib/usd/ui/importDialog/IUSDImportView.h
[2023-04-06T14:18:17.201Z]     -- promoting: S:/jenkins/workspace/ECP/ecg-maya-usd/ecg-mayausd-branch-preflight-2020-windows/ecg-maya-usd/maya-usd/lib/usd/ui/importDialog/TreeItem.h
[2023-04-06T14:18:17.201Z]     -- promoting: S:/jenkins/workspace/ECP/ecg-maya-usd/ecg-mayausd-branch-preflight-2020-windows/ecg-maya-usd/maya-usd/lib/usd/ui/importDialog/TreeModel.h
[2023-04-06T14:18:17.201Z]     -- promoting: S:/jenkins/workspace/ECP/ecg-maya-usd/ecg-mayausd-branch-preflight-2020-windows/ecg-maya-usd/maya-usd/lib/usd/ui/importDialog/TreeModelFactory.h
[2023-04-06T14:18:17.201Z]     -- promoting: S:/jenkins/workspace/ECP/ecg-maya-usd/ecg-mayausd-branch-preflight-2020-windows/ecg-maya-usd/maya-usd/lib/usd/ui/importDialog/USDImportDialog.h
[2023-04-06T14:18:17.201Z]     -- promoting: S:/jenkins/workspace/ECP/ecg-maya-usd/ecg-mayausd-branch-preflight-2020-windows/ecg-maya-usd/maya-usd/lib/usd/ui/importDialog/USDImportDialogCmd.h
[2023-04-06T14:18:17.201Z]     -- promoting: S:/jenkins/workspace/ECP/ecg-maya-usd/ecg-mayausd-branch-preflight-2020-windows/ecg-maya-usd/maya-usd/lib/usd/ui/importDialog/USDQtUtil.h
[2023-04-06T14:18:17.201Z]     -- promoting: S:/jenkins/workspace/ECP/ecg-maya-usd/ecg-mayausd-branch-preflight-2020-windows/ecg-maya-usd/maya-usd/lib/usd/ui/api.h
[2023-04-06T14:18:17.201Z]     -- promoting: S:/jenkins/workspace/ECP/ecg-maya-usd/ecg-mayausd-branch-preflight-2020-windows/ecg-maya-usd/maya-usd/lib/usd/ui/initStringResources.h
[2023-04-06T14:18:17.201Z]     ========== Pixar USD Plugin ==========
[2023-04-06T14:18:17.317Z]     Compiling W:/build/RelWithDebInfo/plugin/pxr/__init__.py ...
[2023-04-06T14:18:17.435Z]     ========== AL USD Plugin ==========
[2023-04-06T14:18:17.435Z]     CMake Deprecation Warning at plugin/al/CMakeLists.txt:7 (cmake_policy):
[2023-04-06T14:18:17.435Z]       The OLD behavior for policy CMP0026 will be removed from a future version
[2023-04-06T14:18:17.435Z]       of CMake.
[2023-04-06T14:18:17.435Z]     
[2023-04-06T14:18:17.435Z]       The cmake-policies(7) manual explains that the OLD behaviors of all
[2023-04-06T14:18:17.435Z]       policies are deprecated and that a policy should be set to OLD only under
[2023-04-06T14:18:17.435Z]       specific short-term circumstances.  Projects should be ported to the NEW
[2023-04-06T14:18:17.435Z]       behavior and not rely on setting a policy to OLD.
[2023-04-06T14:18:17.435Z]     
[2023-04-06T14:18:17.435Z]     
[2023-04-06T14:18:17.435Z]     -- Found Boost 1.70.0 at P:/shared/Artifactory/Windows/USD/9ab6422/lib/cmake/Boost-1.70.0
[2023-04-06T14:18:17.435Z]     --   Requested configuration: QUIET REQUIRED
[2023-04-06T14:18:17.436Z]     -- Found boost_headers 1.70.0 at P:/shared/Artifactory/Windows/USD/9ab6422/lib/cmake/boost_headers-1.70.0
[2023-04-06T14:18:17.436Z]     -- Found Boost: P:/shared/Artifactory/Windows/USD/9ab6422/lib/cmake/Boost-1.70.0/BoostConfig.cmake (found version "1.70.0")
[2023-04-06T14:18:17.436Z]     -- Found Boost 1.70.0 at P:/shared/Artifactory/Windows/USD/9ab6422/lib/cmake/Boost-1.70.0
[2023-04-06T14:18:17.436Z]     --   Requested configuration: QUIET REQUIRED COMPONENTS python
[2023-04-06T14:18:17.436Z]     -- Found boost_python 1.70.0 at P:/shared/Artifactory/Windows/USD/9ab6422/lib/cmake/boost_python-1.70.0
[2023-04-06T14:18:17.436Z]     --   boost_python27-vc141-mt-x64-1_70.lib
[2023-04-06T14:18:17.436Z]     -- Adding boost_python dependencies: headers
[2023-04-06T14:18:17.436Z]     -- Found Boost: P:/shared/Artifactory/Windows/USD/9ab6422/lib/cmake/Boost-1.70.0/BoostConfig.cmake (found version "1.70.0") found components: python
[2023-04-06T14:18:18.062Z]     -- Found GTest: W:/build/RelWithDebInfo/googletest-install/lib/gtest.lib
[2023-04-06T14:18:20.004Z]     -- Building AL_USDMayaSchemas
[2023-04-06T14:18:20.432Z]     #################################################################################################
[2023-04-06T14:18:20.432Z]     #  USD_DISABLE_PRIM_DEFINITIONS_FOR_USDGENSCHEMA is overridden to 'true'.  Default is 'false'.  #
[2023-04-06T14:18:20.432Z]     #################################################################################################
[2023-04-06T14:18:20.653Z]     Processing schema classes:
[2023-04-06T14:18:20.653Z]     ALModelAPI, ALFrameRange
[2023-04-06T14:18:20.653Z]     Loading Templates from p:\shared\Artifactory\Windows\USD\9ab6422\lib\usd\usd\resources\codegenTemplates
[2023-04-06T14:18:20.653Z]     Writing API:
[2023-04-06T14:18:20.653Z]     	    wrote W:\build\RelWithDebInfo\plugin\al\schemas\AL\usd\schemas\maya\api.h
[2023-04-06T14:18:20.653Z]     Writing Schema Tokens:
[2023-04-06T14:18:20.653Z]     	    wrote W:\build\RelWithDebInfo\plugin\al\schemas\AL\usd\schemas\maya\tokens.h
[2023-04-06T14:18:20.653Z]     	    wrote W:\build\RelWithDebInfo\plugin\al\schemas\AL\usd\schemas\maya\tokens.cpp
[2023-04-06T14:18:20.653Z]     	    wrote W:\build\RelWithDebInfo\plugin\al\schemas\AL\usd\schemas\maya\wrapTokens.cpp
[2023-04-06T14:18:20.653Z]     Generating Classes:
[2023-04-06T14:18:20.653Z]     	    wrote W:\build\RelWithDebInfo\plugin\al\schemas\AL\usd\schemas\maya\ModelAPI.h
[2023-04-06T14:18:20.653Z]     	    wrote W:\build\RelWithDebInfo\plugin\al\schemas\AL\usd\schemas\maya\ModelAPI.cpp
[2023-04-06T14:18:20.653Z]     	    wrote W:\build\RelWithDebInfo\plugin\al\schemas\AL\usd\schemas\maya\wrapModelAPI.cpp
[2023-04-06T14:18:20.653Z]     	    wrote W:\build\RelWithDebInfo\plugin\al\schemas\AL\usd\schemas\maya\FrameRange.h
[2023-04-06T14:18:20.653Z]     	    wrote W:\build\RelWithDebInfo\plugin\al\schemas\AL\usd\schemas\maya\FrameRange.cpp
[2023-04-06T14:18:20.653Z]     	    wrote W:\build\RelWithDebInfo\plugin\al\schemas\AL\usd\schemas\maya\wrapFrameRange.cpp
[2023-04-06T14:18:20.653Z]     Loading Templates from p:\shared\Artifactory\Windows\USD\9ab6422\lib\usd\usd\resources\codegenTemplates
[2023-04-06T14:18:20.653Z]     	    wrote W:\build\RelWithDebInfo\plugin\al\schemas\AL\usd\schemas\maya\plugInfo.json
[2023-04-06T14:18:20.653Z]     Generating Schematics:
[2023-04-06T14:18:20.653Z]     	    wrote W:\build\RelWithDebInfo\plugin\al\schemas\AL\usd\schemas\maya\generatedSchema.usda
[2023-04-06T14:18:21.786Z]     #################################################################################################
[2023-04-06T14:18:21.786Z]     #  USD_DISABLE_PRIM_DEFINITIONS_FOR_USDGENSCHEMA is overridden to 'true'.  Default is 'false'.  #
[2023-04-06T14:18:21.786Z]     #################################################################################################
[2023-04-06T14:18:22.008Z]     Processing schema classes:
[2023-04-06T14:18:22.008Z]     ALExamplePolyCubeNode
[2023-04-06T14:18:22.008Z]     Loading Templates from p:\shared\Artifactory\Windows\USD\9ab6422\lib\usd\usd\resources\codegenTemplates
[2023-04-06T14:18:22.008Z]     Writing API:
[2023-04-06T14:18:22.008Z]     	    wrote W:\build\RelWithDebInfo\plugin\al\schemas\AL\usd\schemas\mayatest\api.h
[2023-04-06T14:18:22.008Z]     Writing Schema Tokens:
[2023-04-06T14:18:22.008Z]     	    wrote W:\build\RelWithDebInfo\plugin\al\schemas\AL\usd\schemas\mayatest\tokens.h
[2023-04-06T14:18:22.008Z]     	    wrote W:\build\RelWithDebInfo\plugin\al\schemas\AL\usd\schemas\mayatest\tokens.cpp
[2023-04-06T14:18:22.008Z]     	    wrote W:\build\RelWithDebInfo\plugin\al\schemas\AL\usd\schemas\mayatest\wrapTokens.cpp
[2023-04-06T14:18:22.008Z]     Generating Classes:
[2023-04-06T14:18:22.008Z]     	    wrote W:\build\RelWithDebInfo\plugin\al\schemas\AL\usd\schemas\mayatest\ExamplePolyCubeNode.h
[2023-04-06T14:18:22.008Z]     	    wrote W:\build\RelWithDebInfo\plugin\al\schemas\AL\usd\schemas\mayatest\ExamplePolyCubeNode.cpp
[2023-04-06T14:18:22.009Z]     	    wrote W:\build\RelWithDebInfo\plugin\al\schemas\AL\usd\schemas\mayatest\wrapExamplePolyCubeNode.cpp
[2023-04-06T14:18:22.009Z]     Loading Templates from p:\shared\Artifactory\Windows\USD\9ab6422\lib\usd\usd\resources\codegenTemplates
[2023-04-06T14:18:22.009Z]     	    wrote W:\build\RelWithDebInfo\plugin\al\schemas\AL\usd\schemas\mayatest\plugInfo.json
[2023-04-06T14:18:22.009Z]     Generating Schematics:
[2023-04-06T14:18:22.009Z]     	    wrote W:\build\RelWithDebInfo\plugin\al\schemas\AL\usd\schemas\mayatest\generatedSchema.usda
[2023-04-06T14:18:22.122Z]     -- Building AL_USDMayaTranslators
[2023-04-06T14:18:22.122Z]     ========== ADSK USD Plugin ==========
[2023-04-06T14:18:22.122Z]     -- Configuring done
[2023-04-06T14:18:23.555Z]     -- Generating done
[2023-04-06T14:18:23.555Z]     -- Build files have been written to: W:/build/RelWithDebInfo
[2023-04-06T14:18:23.663Z]     
[2023-04-06T14:18:23.663Z]         Building with settings:
[2023-04-06T14:18:23.663Z]           Source directory          S:\jenkins\workspace\ECP\ecg-maya-usd\ecg-mayausd-branch-preflight-2020-windows\ecg-maya-usd\maya-usd
[2023-04-06T14:18:23.663Z]           Workspace directory       W:\
[2023-04-06T14:18:23.663Z]           Build directory           W:\build\RelWithDebInfo
[2023-04-06T14:18:23.663Z]           Install directory         W:\install\RelWithDebInfo\MayaUSD
[2023-04-06T14:18:23.663Z]           Variant                   RelWithDebInfo
[2023-04-06T14:18:23.663Z]           Python Debug              Off
[2023-04-06T14:18:23.663Z]           CMake generator           Ninja
[2023-04-06T14:18:23.664Z]           Build arguments           ['-DCMAKE_MAKE_PROGRAM=P:/shared/Artifactory/Windows/ninja/1.9.0/c68f192/ninja.exe', '-DPYTHON_INCLUDE_DIR=P:/shared/Artifactory/Windows/rundev-2020/202107140359/runtime/5d64bf0/runTime/include/Python', '-DPython_EXECUTABLE=P:/shared/Artifactory/Windows/rundev-2020/202107140359/runtime/5d64bf0/runTime/bin/mayapy.exe', '-DPYTHON_LIBRARIES=P:/shared/Artifactory/Windows/rundev-2020/202107140359/runtime/5d64bf0/runTime/lib/python27.lib', '-DUSD_LIB_PREFIX=', '-DBUILD_HDMAYA=OFF']
[2023-04-06T14:18:23.664Z]           Stages arguments          ['configure']
[2023-04-06T14:18:23.664Z]           CTest arguments           ['-E testUsdReferenceAssemblySelection|testUsdMayaAppDir', '-LE interactive', '--parallel 16']
[2023-04-06T14:18:23.664Z]     Success MayaUSD build and install !!!!
[2023-04-06T14:18:23.664Z]     Elapsed time: 00:00:27
[Pipeline] bat
[2023-04-06T14:18:24.017Z] Deleting alias drive W:
[Pipeline] bat
[2023-04-06T14:18:24.367Z] Deleting alias drive P:
[Pipeline] }
[Pipeline] // withEnv
[Pipeline] }
[Pipeline] // timeout
[Pipeline] }
[Pipeline] // stage
[Pipeline] }
[Pipeline] // timestamps
[Pipeline] timestamps
[Pipeline] {
[Pipeline] stage
[Pipeline] { (Build)
[Pipeline] timeout
[2023-04-06T14:18:24.672Z] Timeout set to expire in 6 hr 0 min
[Pipeline] {
[Pipeline] withEnv
[Pipeline] {
[Pipeline] bat
[2023-04-06T14:18:24.996Z] Creating alias drive P: to S:\jenkins\workspace
[Pipeline] bat
[2023-04-06T14:18:25.598Z] Creating alias drive W: to S:\jenkins\workspace\ECP\ecg-maya-usd\ecg-mayausd-branch-preflight-2020-windows
[Pipeline] bat
[2023-04-06T14:18:26.108Z] "C:\Program Files (x86)\Microsoft Visual Studio\2017\Professional\VC\Auxiliary\Build\vcvarsall.bat" x64
[2023-04-06T14:18:26.313Z] **********************************************************************
[2023-04-06T14:18:26.313Z] ** Visual Studio 2017 Developer Command Prompt v15.9.15
[2023-04-06T14:18:26.313Z] ** Copyright (c) 2017 Microsoft Corporation
[2023-04-06T14:18:26.313Z] **********************************************************************
[2023-04-06T14:18:27.440Z] [vcvarsall.bat] Environment initialized for: 'x64'
[2023-04-06T14:18:27.440Z] python ecg-maya-usd/build.py --stages=build --workspace-dir=W:\ --artifactory-dir=P:\shared\Artifactory --build-dir=W:\build --install-dir=W:\install --signing-dir=W:\signing --package-dir=W:\package --output-dir=W:\output --stash-dir=W:\stash --jenkins-build=830 --git-commit=a8fa22c6f13696b4ec78dd9d6c429e0c7430f14d --git-branch=master --variants=RelWithDebInfo --python=2.7 --post-zips=false --build-retry=3 --maya-cut-config=maya-rundev-2020.yaml --maya-package=rundev-2020 --stage-banner
[2023-04-06T14:18:28.362Z] Using Maya cut from P:\shared\Artifactory\Windows\rundev-2020\202107140359\runtime\5d64bf0
[2023-04-06T14:18:28.362Z] 
[2023-04-06T14:18:28.362Z] ================================================================================
[2023-04-06T14:18:28.362Z]                              build (RelWithDebInfo)
[2023-04-06T14:18:28.362Z] ================================================================================
[2023-04-06T14:18:28.362Z] Maya Python RelWithDebInfo Info:
[2023-04-06T14:18:28.362Z]   mayapy executable   = P:\shared\Artifactory\Windows\rundev-2020\202107140359\runtime\5d64bf0\runTime\bin\mayapy.exe
[2023-04-06T14:18:28.362Z]   Include Folder      = P:\shared\Artifactory\Windows\rundev-2020\202107140359\runtime\5d64bf0\runTime\include\Python
[2023-04-06T14:18:28.362Z]   Library             = P:\shared\Artifactory\Windows\rundev-2020\202107140359\runtime\5d64bf0\runTime\lib\python27.lib
[2023-04-06T14:18:28.362Z]   site-package Folder = P:\shared\Artifactory\Windows\rundev-2020\202107140359\runtime\5d64bf0\runTime\Python\Lib\site-packages
[2023-04-06T14:18:29.184Z] In workdir: S:\jenkins\workspace\ECP\ecg-maya-usd\ecg-mayausd-branch-preflight-2020-windows\ecg-maya-usd\maya-usd
[2023-04-06T14:18:29.184Z] Executing: 'P:\\shared\\Artifactory\\Windows\\rundev-2020\\202107140359\\runtime\\5d64bf0\\runTime\\bin\\mayapy.exe' 'S:\\jenkins\\workspace\\ECP\\ecg-maya-usd\\ecg-mayausd-branch-preflight-2020-windows\\ecg-maya-usd\\maya-usd\\build.py' --generator Ninja --build-relwithdebug --maya-location 'P:\\shared\\Artifactory\\Windows\\rundev-2020\\202107140359\\runtime\\5d64bf0\\runTime' --devkit-location 'P:\\shared\\Artifactory\\Windows\\rundev-2020\\202107140359\\runtime\\5d64bf0\\devkitBase' --pxrusd-location 'P:\\shared\\Artifactory\\Windows\\USD\\9ab6422' --qt-location 'P:\\shared\\Artifactory\\Windows\\qt\\5.12.5\\4755980' --materialx '--build-args=-DCMAKE_MAKE_PROGRAM=P:/shared/Artifactory/Windows/ninja/1.9.0/c68f192/ninja.exe,-DPYTHON_INCLUDE_DIR=P:/shared/Artifactory/Windows/rundev-2020/202107140359/runtime/5d64bf0/runTime/include/Python,-DPython_EXECUTABLE=P:/shared/Artifactory/Windows/rundev-2020/202107140359/runtime/5d64bf0/runTime/bin/mayapy.exe,-DPYTHON_LIBRARIES=P:/shared/Artifactory/Windows/rundev-2020/202107140359/runtime/5d64bf0/runTime/lib/python27.lib,-DUSD_LIB_PREFIX=,-DBUILD_HDMAYA=OFF' '--ctest-args=-E testUsdReferenceAssemblySelection|testUsdMayaAppDir,-LE interactive,--parallel 16' --stages=build --redirect-outstream-file=False --install-location 'W:\\install\\RelWithDebInfo\\MayaUSD' 'W:\\'
[2023-04-06T14:18:29.184Z] Modified environment variables:
[2023-04-06T14:18:29.184Z]     PATH=P:\shared\Artifactory\Windows\cmake\3.20.3\afe857a\bin;C:\Python27\lib\site-packages\pywin32_system32;C:\Program Files (x86)\Microsoft Visual Studio\2017\Professional\VC\Tools\MSVC\14.16.27023\bin\HostX64\x64;C:\Program Files (x86)\Microsoft Visual Studio\2017\Professional\Common7\IDE\VC\VCPackages;C:\Program Files (x86)\Microsoft Visual Studio\2017\Professional\Common7\IDE\CommonExtensions\Microsoft\TestWindow;C:\Program Files (x86)\Microsoft Visual Studio\2017\Professional\Common7\IDE\CommonExtensions\Microsoft\TeamFoundation\Team Explorer;C:\Program Files (x86)\Microsoft Visual Studio\2017\Professional\MSBuild\15.0\bin\Roslyn;C:\Program Files (x86)\Microsoft Visual Studio\2017\Professional\Team Tools\Performance Tools\x64;C:\Program Files (x86)\Microsoft Visual Studio\2017\Professional\Team Tools\Performance Tools;C:\Program Files (x86)\Microsoft Visual Studio\Shared\Common\VSPerfCollectionTools\\x64;C:\Program Files (x86)\Microsoft Visual Studio\Shared\Common\VSPerfCollectionTools\;C:\Program Files (x86)\Microsoft SDKs\Windows\v10.0A\bin\NETFX 4.6.1 Tools\x64\;C:\Program Files (x86)\HTML Help Workshop;C:\Program Files (x86)\Windows Kits\10\bin\10.0.18362.0\x64;C:\Program Files (x86)\Windows Kits\10\bin\x64;C:\Program Files (x86)\Microsoft Visual Studio\2017\Professional\\MSBuild\15.0\bin;C:\WINDOWS\Microsoft.NET\Framework64\v4.0.30319;C:\Program Files (x86)\Microsoft Visual Studio\2017\Professional\Common7\IDE\;C:\Program Files (x86)\Microsoft Visual Studio\2017\Professional\Common7\Tools\;C:\Python27\;C:\Python27\Scripts;C:\WINDOWS\system32;C:\WINDOWS;C:\WINDOWS\System32\Wbem;C:\WINDOWS\System32\WindowsPowerShell\v1.0\;C:\WINDOWS\System32\OpenSSH\;C:\ProgramData\chocolatey\bin;C:\Program Files (x86)\WiX Toolset v3.7\bin;C:\Program Files\dotnet\;C:\Program Files (x86)\Windows Kits\10\bin\10.0.18362.0\x64;C:\Program Files\Zulu\zulu-11\bin\;C:\Program Files (x86)\Windows Kits\10\bin\10.0.17763.0\x64;C:\Program Files (x86)\Windows Kits\10\bin\x64;C:\Program Files\Git\cmd;C:\Program Files\Git\usr\bin;C:\Program Files\Git\mingw64\bin;C:\Program Files\Git\bin;C:\Python38\;C:\Python38\Scripts;C:\StoreBoxClientWindows;C:\Program Files\Electric Cloud\ElectricCommander\bin;C:\Program Files\WinRAR;C:\Program Files\7-Zip;C:\Users\Administrator\AppData\Local\Microsoft\WindowsApps;C:\Program Files (x86)\Microsoft Visual Studio\2017\Professional\Common7\IDE\CommonExtensions\Microsoft\CMake\CMake\bin;C:\Program Files (x86)\Microsoft Visual Studio\2017\Professional\Common7\IDE\CommonExtensions\Microsoft\CMake\Ninja
[2023-04-06T14:18:30.418Z]     [1/636] Building CXX object test\lib\usd\plugin\CMakeFiles\usdTestApiWriter.dir\plugin.cpp.obj
[2023-04-06T14:18:30.418Z]     [2/636] Building CXX object test\lib\usd\plugin\CMakeFiles\usdTestMayaPlugin.dir\plugin.cpp.obj
[2023-04-06T14:18:30.418Z]     [3/636] Building CXX object test\lib\usd\plugin\CMakeFiles\usdTestInfoImportChaser.dir\plugin.cpp.obj
[2023-04-06T14:18:30.848Z]     [4/636] Building CXX object test\lib\mayaUsd\utils\CMakeFiles\testSplitString.dir\main.cpp.obj
[2023-04-06T14:18:30.848Z]     [5/636] Building CXX object test\lib\mayaUsd\utils\CMakeFiles\testTargetLayer.dir\main.cpp.obj
[2023-04-06T14:18:30.965Z]     [6/636] Building CXX object test\lib\usd\utils\CMakeFiles\testDiffCore.dir\main.cpp.obj
[2023-04-06T14:18:30.965Z]     [7/636] Building CXX object test\lib\usd\utils\CMakeFiles\testDiffValues.dir\main.cpp.obj
[2023-04-06T14:18:31.726Z]     [8/636] Building CXX object test\lib\usd\utils\CMakeFiles\testDiffCore.dir\test_DiffCore.cpp.obj
[2023-04-06T14:18:32.178Z]     [9/636] Building CXX object test\lib\usd\utils\CMakeFiles\testDiffRelationships.dir\main.cpp.obj
[2023-04-06T14:18:37.078Z]     [10/636] Building CXX object test\lib\mayaUsd\utils\CMakeFiles\testTargetLayer.dir\testTargetLayer.cpp.obj
[2023-04-06T14:18:37.784Z]     [11/636] Building CXX object test\lib\usd\plugin\CMakeFiles\usdTestApiWriter.dir\nullApiExporter.cpp.obj
[2023-04-06T14:18:37.944Z]     [12/636] Building CXX object test\lib\usd\utils\CMakeFiles\testDiffAttributes.dir\test_DiffAttributes.cpp.obj
[2023-04-06T14:18:38.058Z]     [13/636] Building CXX object test\lib\usd\plugin\CMakeFiles\usdTestInfoImportChaser.dir\infoImportChaser.cpp.obj
[2023-04-06T14:18:38.220Z]     [14/636] Building CXX object test\lib\usd\utils\CMakeFiles\testDiffRelationships.dir\test_DiffRelationships.cpp.obj
[2023-04-06T14:18:38.586Z]     [15/636] Building CXX object test\lib\usd\plugin\CMakeFiles\usdTestMayaPlugin.dir\mayaShaderTranslation.cpp.obj
[2023-04-06T14:18:38.697Z]     [16/636] Building CXX object test\lib\usd\utils\CMakeFiles\testDiffValues.dir\test_DiffValues.cpp.obj
[2023-04-06T14:18:38.697Z]     [17/636] Building CXX object lib\usd\translators\CMakeFiles\mayaUsd_Translators.dir\lightWriter.cpp.obj
[2023-04-06T14:18:38.912Z]     [18/636] Building CXX object test\lib\usd\plugin\CMakeFiles\usdTestApiWriter.dir\bulletAdaptor.cpp.obj
[2023-04-06T14:18:39.464Z]     [19/636] Building CXX object test\lib\usd\utils\CMakeFiles\testDiffValues.dir\test_DiffValuesArrays.cpp.obj
[2023-04-06T14:18:39.584Z]     [20/636] Building CXX object test\lib\usd\plugin\CMakeFiles\usdTestUsdPlugin.dir\mayaShaderTranslation.cpp.obj
[2023-04-06T14:18:40.218Z]     [21/636] Building CXX object lib\mayaUsd\CMakeFiles\mayaUsd.dir\base\tokens.cpp.obj
[2023-04-06T14:18:40.218Z]     [22/636] Building CXX object test\lib\usd\utils\CMakeFiles\testDiffPrims.dir\main.cpp.obj
[2023-04-06T14:18:40.333Z]     [23/636] Building CXX object test\lib\usd\utils\CMakeFiles\testDiffLists.dir\main.cpp.obj
[2023-04-06T14:18:40.333Z]     [24/636] Building CXX object test\lib\usd\utils\CMakeFiles\testDiffValues.dir\test_DiffValuesHalfVecs.cpp.obj
[2023-04-06T14:18:40.546Z]     [25/636] Building CXX object test\lib\mayaUsd\utils\CMakeFiles\testSplitString.dir\testSplitString.cpp.obj
[2023-04-06T14:18:41.372Z]     [26/636] Building CXX object test\lib\usd\utils\CMakeFiles\testDiffAttributes.dir\main.cpp.obj
[2023-04-06T14:18:41.372Z]     [27/636] Building CXX object test\lib\usd\utils\CMakeFiles\testDiffDictionaries.dir\main.cpp.obj
[2023-04-06T14:18:41.604Z]     [28/636] Building CXX object test\lib\usd\utils\CMakeFiles\testDiffValues.dir\test_DiffValuesFloatVecs.cpp.obj
[2023-04-06T14:18:42.019Z]     [29/636] Building CXX object test\lib\usd\utils\CMakeFiles\testDiffMetadatas.dir\main.cpp.obj
[2023-04-06T14:18:42.234Z]     [30/636] Building CXX object test\lib\usd\utils\CMakeFiles\testDiffValues.dir\test_DiffValuesDoubleVecs.cpp.obj
[2023-04-06T14:18:42.446Z]     [31/636] Building CXX object test\lib\usd\utils\CMakeFiles\testDiffValues.dir\test_DiffValuesQuaternions.cpp.obj
[2023-04-06T14:18:42.761Z]     [32/636] Building CXX object test\lib\usd\utils\CMakeFiles\testDiffComputeOverall.dir\main.cpp.obj
[2023-04-06T14:18:43.197Z]     [33/636] Building CXX object test\lib\usd\utils\CMakeFiles\testMergePrims.dir\main.cpp.obj
[2023-04-06T14:18:43.306Z]     [34/636] Building CXX object lib\mayaUsd\CMakeFiles\mayaUsd.dir\base\debugCodes.cpp.obj
[2023-04-06T14:18:46.377Z]     [35/636] Building CXX object test\lib\usd\utils\CMakeFiles\testDiffPrims.dir\test_DiffPrims.cpp.obj
[2023-04-06T14:18:46.958Z]     [36/636] Building CXX object test\lib\usd\utils\CMakeFiles\testDiffPrims.dir\test_DiffPrimsChildren.cpp.obj
[2023-04-06T14:18:47.627Z]     [37/636] Building CXX object test\lib\usd\utils\CMakeFiles\testDiffPrims.dir\test_DiffPrimsAttributes.cpp.obj
[2023-04-06T14:18:47.760Z]     [38/636] Building CXX object lib\mayaUsd\CMakeFiles\mayaUsd.dir\fileio\registryHelper.cpp.obj
[2023-04-06T14:18:47.760Z]     [39/636] Building CXX object test\lib\usd\utils\CMakeFiles\testDiffPrims.dir\test_DiffPrimsRelations.cpp.obj
[2023-04-06T14:18:47.883Z]     [40/636] Building CXX object test\lib\usd\utils\CMakeFiles\testDiffValues.dir\test_DiffValuesMatrices.cpp.obj
[2023-04-06T14:18:47.883Z]     [41/636] Building CXX object test\lib\usd\utils\CMakeFiles\testDiffLists.dir\test_DiffLists.cpp.obj
[2023-04-06T14:18:48.102Z]     [42/636] Building CXX object test\lib\usd\utils\CMakeFiles\testDiffValues.dir\test_DiffValuesIntVecs.cpp.obj
[2023-04-06T14:18:48.426Z]     [43/636] Building CXX object test\lib\usd\utils\CMakeFiles\testDiffValues.dir\test_DiffValuesGeneric.cpp.obj
[2023-04-06T14:18:49.897Z]     [44/636] Building CXX object test\lib\usd\utils\CMakeFiles\testDiffMetadatas.dir\test_DiffMetadatas.cpp.obj
[2023-04-06T14:18:50.349Z]     [45/636] Building CXX object test\lib\usd\utils\CMakeFiles\testDiffDictionaries.dir\test_DiffDictionaries.cpp.obj
[2023-04-06T14:18:50.578Z]     [46/636] Building CXX object test\lib\usd\utils\CMakeFiles\testDiffComputeOverall.dir\test_DiffComputeOverall.cpp.obj
[2023-04-06T14:18:50.797Z]     [47/636] Building CXX object test\lib\usd\utils\CMakeFiles\testMergePrims.dir\test_MergePrims.cpp.obj
[2023-04-06T14:18:51.017Z]     [48/636] Building CXX object lib\mayaUsd\CMakeFiles\mayaUsd.dir\fileio\shaderWriter.cpp.obj
[2023-04-06T14:18:51.651Z]     [49/636] Building CXX object lib\mayaUsd\CMakeFiles\mayaUsd.dir\commands\layerEditorWindowCommand.cpp.obj
[2023-04-06T14:18:52.079Z]     [50/636] Building CXX object lib\mayaUsd\CMakeFiles\mayaUsd.dir\fileio\schemaApiAdaptor.cpp.obj
[2023-04-06T14:18:52.303Z]     [51/636] Building CXX object lib\mayaUsd\CMakeFiles\mayaUsd.dir\fileio\shaderReader.cpp.obj
[2023-04-06T14:18:54.870Z]     [52/636] Building CXX object lib\mayaUsd\CMakeFiles\mayaUsd.dir\fileio\schemaApiAdaptorRegistry.cpp.obj
[2023-04-06T14:18:54.987Z]     [53/636] Building CXX object lib\mayaUsd\CMakeFiles\mayaUsd.dir\fileio\shaderReaderRegistry.cpp.obj
[2023-04-06T14:18:55.317Z]     [54/636] Building CXX object lib\mayaUsd\CMakeFiles\mayaUsd.dir\commands\editTargetCommand.cpp.obj
[2023-04-06T14:18:55.550Z]     [55/636] Building CXX object lib\mayaUsd\CMakeFiles\mayaUsd.dir\fileio\jobContextRegistry.cpp.obj
[2023-04-06T14:18:55.675Z]     [56/636] Building CXX object lib\mayaUsd\CMakeFiles\mayaUsd.dir\fileio\importData.cpp.obj
[2023-04-06T14:18:56.313Z]     [57/636] Building CXX object lib\mayaUsd\CMakeFiles\mayaUsd.dir\commands\baseListJobContextsCommand.cpp.obj
[2023-04-06T14:18:56.943Z]     [58/636] Building CXX object lib\mayaUsd\CMakeFiles\mayaUsd.dir\commands\baseImportCommand.cpp.obj
[2023-04-06T14:18:57.495Z]     [59/636] Building CXX object lib\mayaUsd\CMakeFiles\mayaUsd.dir\commands\baseListShadingModesCommand.cpp.obj
[2023-04-06T14:18:57.939Z]     [60/636] Building CXX object lib\mayaUsd\CMakeFiles\mayaUsd.dir\commands\baseExportCommand.cpp.obj
[2023-04-06T14:18:58.171Z]     [61/636] Building CXX object lib\mayaUsd\CMakeFiles\mayaUsd.dir\fileio\instancedNodeWriter.cpp.obj
[2023-04-06T14:18:58.395Z]     [62/636] Building CXX object lib\mayaUsd\CMakeFiles\mayaUsd.dir\fileio\fallbackPrimReader.cpp.obj
[2023-04-06T14:18:58.625Z]     [63/636] Building CXX object lib\mayaUsd\CMakeFiles\mayaUsd.dir\fileio\functorPrimReader.cpp.obj
[2023-04-06T14:18:58.625Z]     [64/636] Building CXX object lib\mayaUsd\CMakeFiles\mayaUsd.dir\fileio\primReaderContext.cpp.obj
[2023-04-06T14:18:58.739Z]     [65/636] Building CXX object lib\mayaUsd\CMakeFiles\mayaUsd.dir\commands\layerEditorCommand.cpp.obj
[2023-04-06T14:18:58.857Z]     [66/636] Building CXX object lib\mayaUsd\CMakeFiles\mayaUsd.dir\fileio\functorPrimWriter.cpp.obj
[2023-04-06T14:19:00.843Z]     [67/636] Building CXX object lib\mayaUsd\CMakeFiles\mayaUsd.dir\fileio\primWriter.cpp.obj
[2023-04-06T14:19:02.683Z]     [68/636] Building CXX object lib\mayaUsd\CMakeFiles\mayaUsd.dir\fileio\primWriterContext.cpp.obj
[2023-04-06T14:19:02.906Z]     [69/636] Building CXX object lib\mayaUsd\CMakeFiles\mayaUsd.dir\fileio\primReaderArgs.cpp.obj
[2023-04-06T14:19:03.648Z]     [70/636] Building CXX object lib\mayaUsd\CMakeFiles\mayaUsd.dir\fileio\primReader.cpp.obj
[2023-04-06T14:19:03.765Z]     [71/636] Building CXX object lib\mayaUsd\CMakeFiles\mayaUsd.dir\fileio\primReaderRegistry.cpp.obj
[2023-04-06T14:19:03.765Z]     [72/636] Building CXX object lib\mayaUsd\CMakeFiles\mayaUsd.dir\fileio\primWriterArgs.cpp.obj
[2023-04-06T14:19:04.489Z]     [73/636] Building CXX object lib\mayaUsd\CMakeFiles\mayaUsd.dir\fileio\chaser\exportChaser.cpp.obj
[2023-04-06T14:19:05.018Z]     [74/636] Building CXX object lib\mayaUsd\CMakeFiles\mayaUsd.dir\fileio\primWriterRegistry.cpp.obj
[2023-04-06T14:19:05.660Z]     [75/636] Building CXX object lib\mayaUsd\CMakeFiles\mayaUsd.dir\fileio\translators\translatorGprim.cpp.obj
[2023-04-06T14:19:05.778Z]     [76/636] Building CXX object lib\mayaUsd\CMakeFiles\mayaUsd.dir\fileio\chaser\exportChaserRegistry.cpp.obj
[2023-04-06T14:19:05.778Z]     [77/636] Building CXX object lib\mayaUsd\CMakeFiles\mayaUsd.dir\fileio\translators\translatorLight.cpp.obj
[2023-04-06T14:19:05.895Z]     [78/636] Building CXX object lib\mayaUsd\CMakeFiles\mayaUsd.dir\fileio\chaser\importChaserRegistry.cpp.obj
[2023-04-06T14:19:06.320Z]     [79/636] Building CXX object lib\mayaUsd\CMakeFiles\mayaUsd.dir\fileio\translators\translatorCurves.cpp.obj
[2023-04-06T14:19:06.659Z]     [80/636] Building CXX object lib\mayaUsd\CMakeFiles\mayaUsd.dir\fileio\translators\skelBindingsProcessor.cpp.obj
[2023-04-06T14:19:06.889Z]     [81/636] Building CXX object lib\mayaUsd\CMakeFiles\mayaUsd.dir\fileio\shaderWriterRegistry.cpp.obj
[2023-04-06T14:19:07.105Z]     [82/636] Building CXX object lib\mayaUsd\CMakeFiles\mayaUsd.dir\fileio\translators\translatorCamera.cpp.obj
[2023-04-06T14:19:07.236Z]     [83/636] Building CXX object lib\mayaUsd\CMakeFiles\mayaUsd.dir\fileio\shading\symmetricShaderWriter.cpp.obj
[2023-04-06T14:19:11.677Z]     [84/636] Building CXX object lib\mayaUsd\CMakeFiles\mayaUsd.dir\fileio\writeJobContext.cpp.obj
[2023-04-06T14:19:12.479Z]     [85/636] Building CXX object lib\mayaUsd\CMakeFiles\mayaUsd.dir\fileio\jobs\modelKindProcessor.cpp.obj
[2023-04-06T14:19:12.479Z]     [86/636] Building CXX object lib\mayaUsd\CMakeFiles\mayaUsd.dir\fileio\chaser\importChaser.cpp.obj
[2023-04-06T14:19:12.804Z]     [87/636] Building CXX object lib\mayaUsd\CMakeFiles\mayaUsd.dir\fileio\transformWriter.cpp.obj
[2023-04-06T14:19:13.790Z]     [88/636] Building CXX object lib\mayaUsd\CMakeFiles\mayaUsd.dir\render\pxrUsdMayaGL\softSelectHelper.cpp.obj
[2023-04-06T14:19:13.923Z]     [89/636] Building CXX object lib\mayaUsd\CMakeFiles\mayaUsd.dir\fileio\jobs\meshDataReadJob.cpp.obj
[2023-04-06T14:19:14.090Z]     [90/636] Building CXX object lib\mayaUsd\CMakeFiles\mayaUsd.dir\fileio\shading\shadingModeImporter.cpp.obj
[2023-04-06T14:19:14.318Z]     [91/636] Building CXX object lib\mayaUsd\CMakeFiles\mayaUsd.dir\fileio\shading\symmetricShaderReader.cpp.obj
[2023-04-06T14:19:15.012Z]     [92/636] Building CXX object lib\mayaUsd\CMakeFiles\mayaUsd.dir\fileio\shading\shadingModeExporter.cpp.obj
[2023-04-06T14:19:15.127Z]     [93/636] Building CXX object lib\mayaUsd\CMakeFiles\mayaUsd.dir\fileio\jobs\readJob.cpp.obj
[2023-04-06T14:19:15.382Z]     [94/636] Building CXX object lib\mayaUsd\CMakeFiles\mayaUsd.dir\fileio\jobs\writeJob.cpp.obj
[2023-04-06T14:19:15.612Z]     [95/636] Building CXX object lib\mayaUsd\CMakeFiles\mayaUsd.dir\fileio\shading\shadingModeDisplayColor.cpp.obj
[2023-04-06T14:19:16.797Z]     [96/636] Building CXX object lib\mayaUsd\CMakeFiles\mayaUsd.dir\fileio\jobs\jobArgs.cpp.obj
[2023-04-06T14:19:17.326Z]     [97/636] Building CXX object lib\mayaUsd\CMakeFiles\mayaUsd.dir\fileio\shading\shadingModeExporterContext.cpp.obj
[2023-04-06T14:19:17.751Z]     [98/636] Building CXX object lib\mayaUsd\CMakeFiles\mayaUsd.dir\fileio\shading\shadingModePxrRis.cpp.obj
[2023-04-06T14:19:18.890Z]     [99/636] Building CXX object lib\mayaUsd\CMakeFiles\mayaUsd.dir\fileio\shading\shadingModeUseRegistry.cpp.obj
[2023-04-06T14:19:19.211Z]     [100/636] Building CXX object lib\mayaUsd\CMakeFiles\mayaUsd.dir\fileio\shading\shadingModeRegistry.cpp.obj
[2023-04-06T14:19:22.386Z]     [101/636] Building CXX object lib\mayaUsd\CMakeFiles\mayaUsd.dir\fileio\translators\translatorPrim.cpp.obj
[2023-04-06T14:19:23.202Z]     [102/636] Building CXX object lib\mayaUsd\CMakeFiles\mayaUsd.dir\fileio\translators\translatorRfMLight.cpp.obj
[2023-04-06T14:19:23.699Z]     [103/636] Building CXX object lib\mayaUsd\CMakeFiles\mayaUsd.dir\fileio\translators\translatorMayaReference.cpp.obj
[2023-04-06T14:19:23.930Z]     [104/636] Building CXX object lib\mayaUsd\CMakeFiles\mayaUsd.dir\render\pxrUsdMayaGL\sceneDelegate.cpp.obj
[2023-04-06T14:19:24.430Z]     [105/636] Building CXX object lib\mayaUsd\CMakeFiles\mayaUsd.dir\render\pxrUsdMayaGL\shapeAdapter.cpp.obj
[2023-04-06T14:19:24.430Z]     [106/636] Building CXX object lib\mayaUsd\CMakeFiles\mayaUsd.dir\fileio\translators\translatorMesh.cpp.obj
[2023-04-06T14:19:24.557Z]     [107/636] Building CXX object lib\mayaUsd\CMakeFiles\mayaUsd.dir\render\pxrUsdMayaGL\proxyShapeDelegate.cpp.obj
[2023-04-06T14:19:25.090Z]     [108/636] Building CXX object lib\mayaUsd\CMakeFiles\mayaUsd.dir\fileio\translators\translatorRfMLight_deprecated.cpp.obj
[2023-04-06T14:19:25.207Z]     [109/636] Building CXX object lib\mayaUsd\CMakeFiles\mayaUsd.dir\fileio\translators\translatorMaterial.cpp.obj
[2023-04-06T14:19:25.432Z]     [110/636] Building CXX object lib\mayaUsd\CMakeFiles\mayaUsd.dir\fileio\translators\translatorNurbsPatch.cpp.obj
[2023-04-06T14:19:26.169Z]     [111/636] Building CXX object lib\mayaUsd\CMakeFiles\mayaUsd.dir\fileio\translators\translatorUtil.cpp.obj
[2023-04-06T14:19:27.094Z]     [112/636] Building CXX object lib\mayaUsd\CMakeFiles\mayaUsd.dir\render\pxrUsdMayaGL\usdProxyShapeAdapter.cpp.obj
[2023-04-06T14:19:27.215Z]     [113/636] Building CXX object lib\mayaUsd\CMakeFiles\mayaUsd.dir\fileio\translators\translatorXformable.cpp.obj
[2023-04-06T14:19:27.641Z]     [114/636] Building CXX object lib\mayaUsd\CMakeFiles\mayaUsd.dir\render\pxrUsdMayaGL\proxyShapeUI.cpp.obj
[2023-04-06T14:19:28.481Z]     [115/636] Building CXX object lib\mayaUsd\CMakeFiles\mayaUsd.dir\listeners\notice.cpp.obj
[2023-04-06T14:19:28.903Z]     [116/636] Building CXX object lib\mayaUsd\CMakeFiles\mayaUsd.dir\fileio\translators\translatorXformable_decompose.cpp.obj
[2023-04-06T14:19:29.531Z]     [117/636] Building CXX object lib\mayaUsd\CMakeFiles\mayaUsd.dir\fileio\translators\translatorSkel.cpp.obj
[2023-04-06T14:19:31.810Z]     [118/636] Building CXX object lib\mayaUsd\CMakeFiles\mayaUsd.dir\fileio\utils\roundTripUtil.cpp.obj
[2023-04-06T14:19:32.138Z]     [119/636] Building CXX object lib\mayaUsd\CMakeFiles\mayaUsd.dir\fileio\utils\userTaggedAttribute.cpp.obj
[2023-04-06T14:19:32.721Z]     [120/636] Building CXX object lib\mayaUsd\CMakeFiles\mayaUsd.dir\fileio\utils\meshReadUtils.cpp.obj
[2023-04-06T14:19:32.721Z]     [121/636] Building CXX object lib\mayaUsd\CMakeFiles\mayaUsd.dir\fileio\utils\jointWriteUtils.cpp.obj
[2023-04-06T14:19:33.647Z]     [122/636] Building CXX object lib\mayaUsd\CMakeFiles\mayaUsd.dir\fileio\utils\xformStack.cpp.obj
[2023-04-06T14:19:33.647Z]     [123/636] Building CXX object lib\mayaUsd\CMakeFiles\mayaUsd.dir\fileio\utils\readUtil.cpp.obj
[2023-04-06T14:19:33.647Z]     [124/636] Building CXX object lib\mayaUsd\CMakeFiles\mayaUsd.dir\fileio\utils\adaptor.cpp.obj
[2023-04-06T14:19:33.647Z]     [125/636] Building CXX object lib\mayaUsd\CMakeFiles\mayaUsd.dir\listeners\stageNoticeListener.cpp.obj
[2023-04-06T14:19:33.764Z]     [126/636] Building CXX object lib\mayaUsd\CMakeFiles\mayaUsd.dir\fileio\utils\meshWriteUtils.cpp.obj
[2023-04-06T14:19:34.494Z]     [127/636] Building CXX object lib\mayaUsd\CMakeFiles\mayaUsd.dir\render\px_vp20\glslProgram.cpp.obj
[2023-04-06T14:19:35.439Z]     [128/636] Building CXX object lib\mayaUsd\CMakeFiles\mayaUsd.dir\fileio\utils\shadingUtil.cpp.obj
[2023-04-06T14:19:35.658Z]     [129/636] Building CXX object lib\mayaUsd\CMakeFiles\mayaUsd.dir\fileio\utils\writeUtil.cpp.obj
[2023-04-06T14:19:36.412Z]     [130/636] Building CXX object lib\mayaUsd\CMakeFiles\mayaUsd.dir\listeners\proxyShapeNotice.cpp.obj
[2023-04-06T14:19:36.940Z]     [131/636] Building CXX object lib\mayaUsd\CMakeFiles\mayaUsd.dir\python\moduleDeps.cpp.obj
[2023-04-06T14:19:37.769Z]     [132/636] Building CXX object lib\mayaUsd\CMakeFiles\mayaUsd.dir\nodes\proxyAccessor.cpp.obj
[2023-04-06T14:19:38.308Z]     [133/636] Building CXX object lib\mayaUsd\CMakeFiles\mayaUsd.dir\nodes\pointBasedDeformerNode.cpp.obj
[2023-04-06T14:19:38.525Z]     [134/636] Building CXX object lib\mayaUsd\CMakeFiles\mayaUsd.dir\render\px_vp20\utils.cpp.obj
[2023-04-06T14:19:38.750Z]     [135/636] Building CXX object lib\mayaUsd\CMakeFiles\mayaUsd.dir\render\px_vp20\utils_legacy.cpp.obj
[2023-04-06T14:19:38.867Z]     [136/636] Building CXX object lib\mayaUsd\CMakeFiles\mayaUsd.dir\render\pxrUsdMayaGL\debugCodes.cpp.obj
[2023-04-06T14:19:39.799Z]     [137/636] Building CXX object lib\mayaUsd\CMakeFiles\mayaUsd.dir\nodes\hdImagingShape.cpp.obj
[2023-04-06T14:19:40.120Z]     [138/636] Building CXX object lib\mayaUsd\CMakeFiles\mayaUsd.dir\nodes\usdPrimProvider.cpp.obj
[2023-04-06T14:19:40.545Z]     [139/636] Building CXX object lib\mayaUsd\CMakeFiles\mayaUsd.dir\nodes\proxyShapeStageExtraData.cpp.obj
[2023-04-06T14:19:40.662Z]     [140/636] Building CXX object lib\mayaUsd\CMakeFiles\mayaUsd.dir\nodes\stageData.cpp.obj
[2023-04-06T14:19:40.892Z]     [141/636] Building CXX object lib\mayaUsd\CMakeFiles\mayaUsd.dir\nodes\proxyShapeUpdateManager.cpp.obj
[2023-04-06T14:19:42.249Z]     [142/636] Building CXX object lib\mayaUsd\CMakeFiles\mayaUsd.dir\nodes\stageNode.cpp.obj
[2023-04-06T14:19:42.901Z]     [143/636] Building CXX object lib\mayaUsd\CMakeFiles\mayaUsd.dir\nodes\proxyShapeBase.cpp.obj
[2023-04-06T14:19:44.688Z]     [144/636] Building CXX object lib\mayaUsd\CMakeFiles\mayaUsd.dir\nodes\proxyShapePlugin.cpp.obj
[2023-04-06T14:19:45.013Z]     [145/636] Building CXX object lib\mayaUsd\CMakeFiles\mayaUsd.dir\render\pxrUsdMayaGL\batchRenderer.cpp.obj
[2023-04-06T14:19:47.411Z]     [146/636] Building CXX object lib\mayaUsd\CMakeFiles\mayaUsd.dir\nodes\layerManager.cpp.obj
[2023-04-06T14:19:47.533Z]     [147/636] Building CXX object lib\usd\translators\CMakeFiles\mayaUsd_Translators.dir\mayaReferenceReader.cpp.obj
[2023-04-06T14:19:47.957Z]     [148/636] Building CXX object lib\mayaUsd\CMakeFiles\mayaUsd.dir\render\pxrUsdMayaGL\hdImagingShapeDrawOverride.cpp.obj
[2023-04-06T14:19:48.382Z]     [149/636] Building CXX object lib\usd\translators\CMakeFiles\mayaUsd_Translators.dir\locatorWriter.cpp.obj
[2023-04-06T14:19:48.636Z]     [150/636] Building CXX object lib\mayaUsd\CMakeFiles\mayaUsd.dir\render\pxrUsdMayaGL\hdImagingShapeUI.cpp.obj
[2023-04-06T14:19:48.991Z]     [151/636] Building CXX object lib\usd\translators\CMakeFiles\mayaUsd_Translators.dir\meshReader.cpp.obj
[2023-04-06T14:19:49.123Z]     [152/636] Building CXX object lib\usd\translators\CMakeFiles\mayaUsd_Translators.dir\materialReader.cpp.obj
[2023-04-06T14:19:49.862Z]     [153/636] Building CXX object lib\usd\translators\CMakeFiles\mayaUsd_Translators.dir\plugin.cpp.obj
[2023-04-06T14:19:50.094Z]     [154/636] Building CXX object lib\usd\translators\CMakeFiles\mayaUsd_Translators.dir\meshWriter.cpp.obj
[2023-04-06T14:19:50.431Z]     [155/636] Building CXX object lib\mayaUsd\CMakeFiles\mayaUsd.dir\render\pxrUsdMayaGL\instancerShapeAdapter.cpp.obj
[2023-04-06T14:19:50.664Z]     [156/636] Building CXX object lib\usd\translators\CMakeFiles\mayaUsd_Translators.dir\nurbsCurvesReader.cpp.obj
[2023-04-06T14:19:50.780Z]     [157/636] Building CXX object lib\mayaUsd\CMakeFiles\mayaUsd.dir\render\pxrUsdMayaGL\proxyDrawOverride.cpp.obj
[2023-04-06T14:19:50.895Z]     [158/636] Building CXX object lib\mayaUsd\CMakeFiles\mayaUsd.dir\render\pxrUsdMayaGL\instancerImager.cpp.obj
[2023-04-06T14:19:51.128Z]     [159/636] Building CXX object lib\usd\translators\CMakeFiles\mayaUsd_Translators.dir\meshWriter_BlendShapes.cpp.obj
[2023-04-06T14:19:51.248Z]     [160/636] Building CXX object lib\usd\translators\CMakeFiles\mayaUsd_Translators.dir\particleWriter.cpp.obj
[2023-04-06T14:19:52.282Z]     [161/636] Building CXX object lib\usd\translators\CMakeFiles\mayaUsd_Translators.dir\shading\shadingTokens.cpp.obj
[2023-04-06T14:19:55.053Z]     [162/636] Building CXX object lib\usd\translators\CMakeFiles\mayaUsd_Translators.dir\nurbsSurfaceWriter.cpp.obj
[2023-04-06T14:19:55.678Z]     [163/636] Building CXX object lib\usd\translators\CMakeFiles\mayaUsd_Translators.dir\nurbsCurveWriter.cpp.obj
[2023-04-06T14:19:56.634Z]     [164/636] Building CXX object lib\usd\translators\CMakeFiles\mayaUsd_Translators.dir\xformReader.cpp.obj
[2023-04-06T14:19:56.883Z]     [165/636] Building CXX object lib\usd\translators\CMakeFiles\mayaUsd_Translators.dir\lightRfMWriter_PxrMeshLight.cpp.obj
[2023-04-06T14:19:57.002Z]     [166/636] Building CXX object lib\usd\translators\CMakeFiles\mayaUsd_Translators.dir\scopeReader.cpp.obj
[2023-04-06T14:19:57.131Z]     [167/636] Building CXX object lib\usd\translators\CMakeFiles\mayaUsd_Translators.dir\nurbsPatchReader.cpp.obj
[2023-04-06T14:19:57.360Z]     [168/636] Building CXX object lib\usd\translators\CMakeFiles\mayaUsd_Translators.dir\skelReader.cpp.obj
[2023-04-06T14:19:57.691Z]     [169/636] Building CXX object lib\usd\translators\CMakeFiles\mayaUsd_Translators.dir\strokeWriter.cpp.obj
[2023-04-06T14:19:57.910Z]     [170/636] Building CXX object lib\usd\translators\CMakeFiles\mayaUsd_Translators.dir\shading\usdBlinnWriter.cpp.obj
[2023-04-06T14:19:58.747Z]     [171/636] Building CXX object lib\usd\translators\CMakeFiles\mayaUsd_Translators.dir\shading\usdDisplacementShaderWriter.cpp.obj
[2023-04-06T14:19:58.868Z]     [172/636] Building CXX object lib\usd\translators\CMakeFiles\mayaUsd_Translators.dir\shading\usdMaterialWriter.cpp.obj
[2023-04-06T14:19:59.095Z]     [173/636] Building CXX object lib\usd\translators\CMakeFiles\mayaUsd_Translators.dir\shading\usdPhongReader.cpp.obj
[2023-04-06T14:19:59.215Z]     [174/636] Building CXX object lib\usd\schemas\CMakeFiles\_schemas.dir\module.cpp.obj
[2023-04-06T14:19:59.545Z]     [175/636] Building CXX object lib\usd\translators\CMakeFiles\mayaUsd_Translators.dir\shading\usdBlinnReader.cpp.obj
[2023-04-06T14:19:59.867Z]     [176/636] Building CXX object lib\usd\translators\CMakeFiles\mayaUsd_Translators.dir\shading\usdPhongWriter.cpp.obj
[2023-04-06T14:20:00.195Z]     [177/636] Building CXX object lib\usd\translators\CMakeFiles\mayaUsd_Translators.dir\shading\usdFileTextureWriter.cpp.obj
[2023-04-06T14:20:01.028Z]     [178/636] Building CXX object lib\usd\schemas\CMakeFiles\mayaUsd_Schemas.dir\tokens.cpp.obj
[2023-04-06T14:20:01.979Z]     [179/636] Building CXX object lib\usd\translators\CMakeFiles\mayaUsd_Translators.dir\shading\usdLambertReader.cpp.obj
[2023-04-06T14:20:02.907Z]     [180/636] Building CXX object lib\usd\utils\CMakeFiles\mayaUsdUtils.dir\DebugCodes.cpp.obj
[2023-04-06T14:20:02.907Z]     [181/636] Building CXX object lib\usd\schemas\CMakeFiles\mayaUsd_Schemas.dir\ModuleDeps.cpp.obj
[2023-04-06T14:20:03.022Z]     [182/636] Building CXX object lib\usd\schemas\CMakeFiles\_schemas.dir\wrapTokens.cpp.obj
[2023-04-06T14:20:03.345Z]     [183/636] Building CXX object lib\usd\utils\CMakeFiles\mayaUsdUtils.dir\DiffCore.cpp.obj
[2023-04-06T14:20:03.975Z]     [184/636] Building CXX object lib\usd\translators\CMakeFiles\mayaUsd_Translators.dir\shading\usdLambertWriter.cpp.obj
[2023-04-06T14:20:04.606Z]     [185/636] Building CXX object lib\usd\translators\CMakeFiles\mayaUsd_Translators.dir\shading\usdMaterialReader.cpp.obj
[2023-04-06T14:20:05.041Z]     [186/636] Building CXX object lib\usd\translators\CMakeFiles\mayaUsd_Translators.dir\shading\usdPrimvarReaderFloat3Reader.cpp.obj
[2023-04-06T14:20:05.041Z]     [187/636] Building CXX object lib\usd\translators\CMakeFiles\mayaUsd_Translators.dir\shading\usdReflectWriter.cpp.obj
[2023-04-06T14:20:05.155Z]     [188/636] Building CXX object lib\usd\translators\CMakeFiles\mayaUsd_Translators.dir\shading\usdPhongEWriter.cpp.obj
[2023-04-06T14:20:05.271Z]     [189/636] Building CXX object lib\usd\schemas\CMakeFiles\mayaUsd_Schemas.dir\ALMayaReference.cpp.obj
[2023-04-06T14:20:05.428Z]     [190/636] Building CXX object lib\usd\schemas\CMakeFiles\mayaUsd_Schemas.dir\MayaReference.cpp.obj
[2023-04-06T14:20:06.196Z]     [191/636] Linking CXX shared library lib\usd\schemas\mayaUsd_Schemas.dll
[2023-04-06T14:20:06.197Z]     [192/636] Building CXX object lib\usd\translators\CMakeFiles\mayaUsd_Translators.dir\shading\usdStandardSurfaceReader.cpp.obj
[2023-04-06T14:20:06.517Z]     [193/636] Building CXX object lib\usd\translators\CMakeFiles\mayaUsd_Translators.dir\shading\usdStandardSurfaceWriter.cpp.obj
[2023-04-06T14:20:06.742Z]     [194/636] Building CXX object lib\usd\translators\CMakeFiles\mayaUsd_Translators.dir\shading\usdUVTextureReader.cpp.obj
[2023-04-06T14:20:06.869Z]     [195/636] Copying api.h ...
[2023-04-06T14:20:06.869Z]     [196/636] Copying importCommand.h ...
[2023-04-06T14:20:06.993Z]     [197/636] Copying listShadingModesCommand.h ...
[2023-04-06T14:20:06.993Z]     [198/636] Copying instancerShapeAdapterWithSceneAssembly.h ...
[2023-04-06T14:20:07.110Z]     [199/636] Copying exportTranslator.h ...
[2023-04-06T14:20:07.110Z]     [200/636] Copying readJobWithSceneAssembly.h ...
[2023-04-06T14:20:07.223Z]     [201/636] Copying referenceAssembly.h ...
[2023-04-06T14:20:07.358Z]     [202/636] Copying importTranslator.h ...
[2023-04-06T14:20:07.482Z]     [203/636] Copying translatorModelAssembly.h ...
[2023-04-06T14:20:07.482Z]     [204/636] Copying exportCommand.h ...
[2023-04-06T14:20:07.605Z]     [205/636] Building CXX object test\lib\mayaUsd\utils\CMakeFiles\testLoadRules.dir\main.cpp.obj
[2023-04-06T14:20:07.605Z]     [206/636] Building CXX object lib\usd\schemas\CMakeFiles\_schemas.dir\wrapMayaReference.cpp.obj
[2023-04-06T14:20:07.605Z]     [207/636] Copying editUtil.h ...
[2023-04-06T14:20:07.605Z]     [208/636] Copying proxyShape.h ...
[2023-04-06T14:20:07.725Z]     [209/636] Generating userExportedAttributesUI.pyc
[2023-04-06T14:20:07.725Z]     [210/636] Generating __init__.pyc
[2023-04-06T14:20:08.245Z]     [211/636] Building CXX object lib\usd\translators\CMakeFiles\mayaUsd_Translators.dir\shading\rfmShaderTranslation.cpp.obj
[2023-04-06T14:20:09.379Z]     [212/636] Building CXX object lib\usd\utils\CMakeFiles\mayaUsdUtils.dir\MergePrimsOptions.cpp.obj
[2023-04-06T14:20:10.358Z]     [213/636] Building CXX object lib\usd\utils\CMakeFiles\mayaUsdUtils.dir\DiffAttributes.cpp.obj
[2023-04-06T14:20:10.604Z]     [214/636] Building CXX object lib\usd\schemas\CMakeFiles\_schemas.dir\wrapALMayaReference.cpp.obj
[2023-04-06T14:20:10.741Z]     [215/636] Building CXX object lib\usd\utils\CMakeFiles\mayaUsdUtils.dir\DiffDictionaries.cpp.obj
[2023-04-06T14:20:11.184Z]     [216/636] Linking CXX shared library lib\usd\schemas\_schemas.pyd
[2023-04-06T14:20:11.507Z]     [217/636] Building CXX object lib\usd\utils\CMakeFiles\mayaUsdUtils.dir\DiffLists.cpp.obj
[2023-04-06T14:20:12.031Z]     [218/636] Building CXX object lib\usd\utils\CMakeFiles\mayaUsdUtils.dir\DiffMetadatas.cpp.obj
[2023-04-06T14:20:12.467Z]     [219/636] Building CXX object lib\usd\utils\CMakeFiles\mayaUsdUtils.dir\DiffRelationships.cpp.obj
[2023-04-06T14:20:13.332Z]     [220/636] Building CXX object lib\usd\utils\CMakeFiles\mayaUsdUtils.dir\DiffValues.cpp.obj
[2023-04-06T14:20:13.453Z]     [221/636] Building CXX object plugin\pxr\maya\lib\usdMaya\CMakeFiles\usdMaya.dir\listShadingModesCommand.cpp.obj
[2023-04-06T14:20:13.453Z]     [222/636] Building CXX object lib\usd\utils\CMakeFiles\mayaUsdUtils.dir\DiffPrims.cpp.obj
[2023-04-06T14:20:13.576Z]     [223/636] Copying api.h ...
[2023-04-06T14:20:13.576Z]     [224/636] Generating AEpxrUsdReferenceAssemblyTemplate.pyc
[2023-04-06T14:20:14.005Z]     [225/636] Building CXX object plugin\pxr\maya\lib\usdMaya\CMakeFiles\_usdMaya.dir\module.cpp.obj
[2023-04-06T14:20:14.223Z]     [226/636] Building CXX object lib\usd\utils\CMakeFiles\mayaUsdUtils.dir\util.cpp.obj
[2023-04-06T14:20:14.339Z]     [227/636] Building CXX object lib\usd\utils\CMakeFiles\mayaUsdUtils.dir\MergePrims.cpp.obj
[2023-04-06T14:20:14.666Z]     [228/636] Building CXX object test\lib\mayaUsd\utils\CMakeFiles\testLoadRules.dir\testLoadRules.cpp.obj
[2023-04-06T14:20:15.091Z]     [229/636] Linking CXX shared library lib\usd\utils\mayaUsdUtils.dll
[2023-04-06T14:20:15.617Z]     [230/636] Linking CXX executable test\lib\usd\utils\testDiffCore.exe
[2023-04-06T14:20:16.157Z]     [231/636] Linking CXX executable test\lib\usd\utils\testDiffRelationships.exe
[2023-04-06T14:20:16.374Z]     [232/636] Building CXX object plugin\pxr\maya\lib\usdMaya\CMakeFiles\usdMaya.dir\exportCommand.cpp.obj
[2023-04-06T14:20:16.505Z]     [233/636] Building CXX object plugin\pxr\maya\lib\usdMaya\CMakeFiles\usdMaya.dir\readJobWithSceneAssembly.cpp.obj
[2023-04-06T14:20:16.834Z]     [234/636] Linking CXX executable test\lib\usd\utils\testDiffAttributes.exe
[2023-04-06T14:20:17.003Z]     [235/636] Building CXX object plugin\pxr\maya\lib\usdMaya\CMakeFiles\usdMaya.dir\readJob_ImportWithProxies.cpp.obj
[2023-04-06T14:20:17.223Z]     [236/636] Linking CXX executable test\lib\usd\utils\testDiffPrims.exe
[2023-04-06T14:20:17.440Z]     [237/636] Linking CXX executable test\lib\usd\utils\testDiffValues.exe
[2023-04-06T14:20:17.555Z]     [238/636] Building CXX object plugin\pxr\maya\lib\usdMaya\CMakeFiles\usdMaya.dir\translatorModelAssembly.cpp.obj
[2023-04-06T14:20:17.555Z]     [239/636] Linking CXX executable test\lib\usd\utils\testDiffLists.exe
[2023-04-06T14:20:17.555Z]     [240/636] Linking CXX executable test\lib\usd\utils\testDiffDictionaries.exe
[2023-04-06T14:20:17.668Z]     [241/636] Copying api.h ...
[2023-04-06T14:20:17.788Z]     [242/636] Linking CXX executable test\lib\usd\utils\testDiffComputeOverall.exe
[2023-04-06T14:20:18.008Z]     [243/636] Linking CXX executable test\lib\usd\utils\testDiffMetadatas.exe
[2023-04-06T14:20:18.124Z]     [244/636] Linking CXX executable test\lib\usd\utils\testMergePrims.exe
[2023-04-06T14:20:18.754Z]     [245/636] Building CXX object plugin\al\utils\AL\CMakeFiles\AL_EventSystem.dir\event\EventHandler.cpp.obj
[2023-04-06T14:20:19.277Z]     [246/636] Linking CXX shared library plugin\al\utils\AL\AL_EventSystem.dll
[2023-04-06T14:20:19.421Z]     [247/636] Building CXX object plugin\al\mayatest\AL\maya\test\CMakeFiles\AL_MayaTest.dir\testHarness.cpp.obj
[2023-04-06T14:20:19.534Z]     [248/636] Building CXX object plugin\pxr\maya\lib\usdMaya\CMakeFiles\usdMaya.dir\importCommand.cpp.obj
[2023-04-06T14:20:20.099Z]     [249/636] Building CXX object plugin\pxr\maya\lib\usdMaya\CMakeFiles\usdMaya.dir\editUtil.cpp.obj
[2023-04-06T14:20:20.099Z]     [250/636] Building CXX object plugin\al\mayatest\AL\maya\test\CMakeFiles\AL_MayaTest.dir\testHelpers.cpp.obj
[2023-04-06T14:20:20.212Z]     [251/636] Building CXX object plugin\pxr\maya\lib\usdMaya\CMakeFiles\usdMaya.dir\exportTranslator.cpp.obj
[2023-04-06T14:20:20.638Z]     [252/636] Building CXX object plugin\al\mayautils\AL\maya\CMakeFiles\AL_MayaUtils.dir\utils\FileTranslatorOptions.cpp.obj
[2023-04-06T14:20:20.759Z]     [253/636] Building CXX object plugin\al\mayautils\AL\maya\CMakeFiles\AL_MayaUtils.dir\utils\MenuBuilder.cpp.obj
[2023-04-06T14:20:20.874Z]     [254/636] Linking CXX shared library plugin\al\mayatest\AL\maya\test\AL_MayaTest.dll
[2023-04-06T14:20:20.999Z]     [255/636] Building CXX object plugin\al\mayautils\AL\maya\CMakeFiles\AL_MayaUtils.dir\event\MayaEventManager.cpp.obj
[2023-04-06T14:20:21.368Z]     [256/636] Building CXX object plugin\al\mayautils\AL\maya\CMakeFiles\AL_MayaUtils.dir\utils\NodeHelper.cpp.obj
[2023-04-06T14:20:21.368Z]     [257/636] Building CXX object plugin\al\mayautils\AL\maya\CMakeFiles\AL_MayaUtils.dir\utils\PluginTranslatorOptions.cpp.obj
[2023-04-06T14:20:21.596Z]     [258/636] Building CXX object plugin\pxr\maya\lib\usdMaya\CMakeFiles\usdMaya.dir\instancerShapeAdapterWithSceneAssembly.cpp.obj
[2023-04-06T14:20:21.716Z]     [259/636] Building CXX object plugin\al\mayautils\AL\maya\CMakeFiles\AL_MayaUtils.dir\utils\Utils.cpp.obj
[2023-04-06T14:20:22.150Z]     [260/636] Building CXX object plugin\al\mayautils\AL\maya\tests\mayaplugintest\CMakeFiles\AL_MayaUtilsTests.dir\utils\NodeHelperUnitTest.cpp.obj
[2023-04-06T14:20:22.150Z]     [261/636] Building CXX object plugin\pxr\maya\lib\usdMaya\CMakeFiles\usdMaya.dir\importTranslator.cpp.obj
[2023-04-06T14:20:22.150Z]     [262/636] Building CXX object plugin\al\mayautils\AL\maya\tests\mayaplugintest\CMakeFiles\AL_MayaUtilsTests.dir\plugin.cpp.obj
[2023-04-06T14:20:22.150Z]     [263/636] Building CXX object plugin\al\mayautils\AL\maya\tests\mayaplugintest\CMakeFiles\AL_MayaUtilsTests.dir\utils\CommandGuiHelperTest.cpp.obj
[2023-04-06T14:20:22.150Z]     [264/636] Building CXX object plugin\pxr\maya\lib\usdMaya\CMakeFiles\_usdMaya.dir\wrapAssembly.cpp.obj
[2023-04-06T14:20:22.369Z]     [265/636] Building CXX object plugin\al\mayautils\AL\maya\CMakeFiles\AL_MayaUtils.dir\utils\CommandGuiHelper.cpp.obj
[2023-04-06T14:20:23.003Z]     [266/636] Building CXX object plugin\al\mayautils\AL\maya\tests\mayaplugintest\CMakeFiles\AL_MayaUtilsTests.dir\test_mobjectmap.cpp.obj
[2023-04-06T14:20:23.237Z]     [267/636] Linking CXX shared library plugin\al\mayautils\AL\maya\AL_MayaUtils.dll
[2023-04-06T14:20:23.472Z]     [268/636] Building CXX object plugin\al\mayautils\AL\maya\tests\mayaplugintest\CMakeFiles\AL_MayaUtilsTests.dir\test_maya_MenuBuilder.cpp.obj
[2023-04-06T14:20:23.801Z]     [269/636] Building CXX object plugin\pxr\maya\plugin\pxrUsd\CMakeFiles\pxrUsd.dir\usdTranslator.cpp.obj
[2023-04-06T14:20:23.801Z]     [270/636] Building CXX object plugin\al\mayautils\AL\maya\tests\mayaplugintest\CMakeFiles\AL_MayaUtilsTests.dir\utils\PluginTranslatorOptionsTest.cpp.obj
[2023-04-06T14:20:24.231Z]     [271/636] Building CXX object plugin\al\mayautils\AL\maya\tests\mayaplugintest\CMakeFiles\AL_MayaUtilsTests.dir\test_maya_NodeHelper.cpp.obj
[2023-04-06T14:20:24.839Z]     [272/636] Building CXX object plugin\pxr\maya\lib\usdMaya\CMakeFiles\usdMaya.dir\proxyShape.cpp.obj
[2023-04-06T14:20:25.082Z]     [273/636] Linking CXX shared library plugin\al\mayautils\AL\maya\tests\mayaplugintest\AL_MayaUtilsTests.mll
[2023-04-06T14:20:25.324Z]     [274/636] Building CXX object plugin\pxr\maya\lib\usdMaya\CMakeFiles\usdMaya.dir\referenceAssembly.cpp.obj
[2023-04-06T14:20:25.549Z]     [275/636] Building CXX object plugin\pxr\maya\lib\usdMaya\CMakeFiles\_usdMaya.dir\wrapEditUtil.cpp.obj
[2023-04-06T14:20:25.770Z]     [276/636] Building CXX object plugin\al\usdtransaction\AL\usd\transaction\CMakeFiles\_AL_USDTransaction.dir\module.cpp.obj
[2023-04-06T14:20:25.885Z]     [277/636] Building CXX object plugin\pxr\maya\plugin\pxrUsd\CMakeFiles\pxrUsd.dir\alembicChaser.cpp.obj
[2023-04-06T14:20:26.512Z]     [278/636] Building CXX object plugin\pxr\maya\plugin\pxrUsdPreviewSurface\CMakeFiles\pxrUsdPreviewSurface.dir\plugin.cpp.obj
[2023-04-06T14:20:26.512Z]     [279/636] Building CXX object plugin\pxr\maya\plugin\pxrUsd\CMakeFiles\pxrUsd.dir\plugin.cpp.obj
[2023-04-06T14:20:27.450Z]     [280/636] Building CXX object plugin\al\usdtransaction\AL\usd\transaction\tests\CMakeFiles\AL_USDTransactionTests.dir\testMain.cpp.obj
[2023-04-06T14:20:29.596Z]     [281/636] Building CXX object plugin\al\usdmayautils\AL\usdmaya\utils\CMakeFiles\AL_USDMayaUtils.dir\Utils.cpp.obj
[2023-04-06T14:20:29.817Z]     [282/636] Building CXX object plugin\al\usdmayautils\AL\usdmaya\utils\CMakeFiles\AL_USDMayaUtils.dir\AttributeType.cpp.obj
[2023-04-06T14:20:30.041Z]     [283/636] Building CXX object plugin\al\usdtransaction\AL\usd\transaction\CMakeFiles\AL_USDTransaction.dir\Transaction.cpp.obj
[2023-04-06T14:20:31.042Z]     [284/636] Building CXX object plugin\al\usdtransaction\AL\usd\transaction\CMakeFiles\AL_USDTransaction.dir\Notice.cpp.obj
[2023-04-06T14:20:31.161Z]     [285/636] Building CXX object lib\mayaUsd\CMakeFiles\mayaUsd.dir\render\vp2RenderDelegate\debugCodes.cpp.obj
[2023-04-06T14:20:31.161Z]     [286/636] Building CXX object plugin\al\usdmayautils\AL\usdmaya\utils\CMakeFiles\AL_USDMayaUtils.dir\AnimationTranslator.cpp.obj
[2023-04-06T14:20:31.413Z]     [287/636] Building CXX object lib\mayaUsd\CMakeFiles\mayaUsd.dir\render\vp2RenderDelegate\bboxGeom.cpp.obj
[2023-04-06T14:20:31.413Z]     [288/636] Building CXX object lib\mayaUsd\CMakeFiles\mayaUsd.dir\render\vp2RenderDelegate\meshViewportCompute.cpp.obj
[2023-04-06T14:20:31.588Z]     [289/636] Building CXX object plugin\al\usdmayautils\AL\usdmaya\utils\CMakeFiles\AL_USDMayaUtils.dir\MeshUtils.cpp.obj
[2023-04-06T14:20:31.728Z]     [290/636] Building CXX object plugin\al\usdtransaction\AL\usd\transaction\tests\CMakeFiles\AL_USDTransactionTests.dir\testTransaction.cpp.obj
[2023-04-06T14:20:31.851Z]     [291/636] Building CXX object plugin\al\usdtransaction\AL\usd\transaction\CMakeFiles\AL_USDTransaction.dir\TransactionManager.cpp.obj
[2023-04-06T14:20:32.080Z]     [292/636] Building CXX object plugin\al\usdmayautils\AL\usdmaya\utils\CMakeFiles\AL_USDMayaUtils.dir\DiffPrimVar.cpp.obj
[2023-04-06T14:20:32.419Z]     [293/636] Building CXX object plugin\al\usdmayautils\AL\usdmaya\utils\CMakeFiles\AL_USDMayaUtils.dir\NurbsCurveUtils.cpp.obj
[2023-04-06T14:20:32.556Z]     [294/636] Linking CXX shared library plugin\al\usdtransaction\AL\usd\transaction\AL_USDTransaction.dll
[2023-04-06T14:20:32.674Z]     [295/636] Building CXX object lib\mayaUsd\CMakeFiles\mayaUsd.dir\render\pxrUsdMayaGL\userData.cpp.obj
[2023-04-06T14:20:32.790Z]     [296/636] Building CXX object plugin\al\usdtransaction\AL\usd\transaction\CMakeFiles\_AL_USDTransaction.dir\wrapNotice.cpp.obj
[2023-04-06T14:20:33.956Z]     [297/636] Building CXX object plugin\al\usdtransaction\AL\usd\transaction\CMakeFiles\_AL_USDTransaction.dir\wrapTransaction.cpp.obj
[2023-04-06T14:20:34.181Z]     [298/636] Building CXX object plugin\al\usdtransaction\AL\usd\transaction\CMakeFiles\_AL_USDTransaction.dir\wrapTransactionManager.cpp.obj
[2023-04-06T14:20:34.181Z]     [299/636] Building CXX object plugin\al\usdmayautils\AL\usdmaya\utils\CMakeFiles\AL_USDMayaUtils.dir\DgNodeHelper.cpp.obj
[2023-04-06T14:20:34.807Z]     [300/636] Linking CXX shared library plugin\al\usdtransaction\AL\usd\transaction\_AL_USDTransaction.pyd
[2023-04-06T14:20:34.923Z]     [301/636] Building CXX object plugin\al\usdtransaction\AL\usd\transaction\tests\CMakeFiles\AL_USDTransactionTests.dir\testTransactionManager.cpp.obj
[2023-04-06T14:20:35.040Z]     [302/636] Linking CXX shared library plugin\al\usdmayautils\AL\usdmaya\utils\AL_USDMayaUtils.dll
[2023-04-06T14:20:35.770Z]     [303/636] Building CXX object lib\mayaUsd\CMakeFiles\mayaUsd.dir\render\vp2RenderDelegate\tokens.cpp.obj
[2023-04-06T14:20:36.498Z]     [304/636] Building CXX object lib\mayaUsd\CMakeFiles\mayaUsd.dir\render\vp2RenderDelegate\sampler.cpp.obj
[2023-04-06T14:20:36.940Z]     [305/636] Building CXX object lib\mayaUsd\CMakeFiles\mayaUsd.dir\render\vp2RenderDelegate\draw_item.cpp.obj
[2023-04-06T14:20:37.088Z]     [306/636] Building CXX object lib\mayaUsd\CMakeFiles\mayaUsd.dir\render\vp2RenderDelegate\render_param.cpp.obj
[2023-04-06T14:20:37.719Z]     [307/636] Building CXX object lib\mayaUsd\CMakeFiles\mayaUsd.dir\render\vp2RenderDelegate\extComputation.cpp.obj
[2023-04-06T14:20:37.838Z]     [308/636] Building CXX object lib\mayaUsd\CMakeFiles\mayaUsd.dir\render\vp2RenderDelegate\instancer.cpp.obj
[2023-04-06T14:20:38.162Z]     [309/636] Building CXX object lib\mayaUsd\CMakeFiles\mayaUsd.dir\render\vp2RenderDelegate\shader.cpp.obj
[2023-04-06T14:20:38.281Z]     [310/636] Building CXX object lib\mayaUsd\CMakeFiles\mayaUsd.dir\render\vp2ShaderFragments\shaderFragments.cpp.obj
[2023-04-06T14:20:40.447Z]     [311/636] Building CXX object lib\mayaUsd\CMakeFiles\mayaUsd.dir\ufe\ProxyShapeHandler.cpp.obj
[2023-04-06T14:20:41.801Z]     [312/636] Building CXX object lib\mayaUsd\CMakeFiles\mayaUsd.dir\render\vp2RenderDelegate\basisCurves.cpp.obj
[2023-04-06T14:20:42.949Z]     [313/636] Building CXX object lib\mayaUsd\CMakeFiles\mayaUsd.dir\render\vp2RenderDelegate\render_delegate.cpp.obj
[2023-04-06T14:20:43.478Z]     [314/636] Building CXX object lib\mayaUsd\CMakeFiles\mayaUsd.dir\render\vp2RenderDelegate\material.cpp.obj
[2023-04-06T14:20:44.121Z]     [315/636] Building CXX object lib\mayaUsd\CMakeFiles\mayaUsd.dir\render\vp2RenderDelegate\mayaPrimCommon.cpp.obj
[2023-04-06T14:20:44.746Z]     [316/636] Building CXX object lib\mayaUsd\CMakeFiles\mayaUsd.dir\render\vp2RenderDelegate\mesh.cpp.obj
[2023-04-06T14:20:44.865Z]     [317/636] Building CXX object lib\mayaUsd\CMakeFiles\mayaUsd.dir\render\vp2RenderDelegate\points.cpp.obj
[2023-04-06T14:20:46.107Z]     [318/636] Building CXX object lib\mayaUsd\CMakeFiles\mayaUsd.dir\ufe\ProxyShapeHierarchy.cpp.obj
[2023-04-06T14:20:47.553Z]     [319/636] Building CXX object lib\mayaUsd\CMakeFiles\mayaUsd.dir\ufe\Global.cpp.obj
[2023-04-06T14:20:47.975Z]     [320/636] Building CXX object lib\mayaUsd\CMakeFiles\mayaUsd.dir\ufe\SetVariantSelectionCommand.cpp.obj
[2023-04-06T14:20:48.197Z]     [321/636] Building CXX object lib\mayaUsd\CMakeFiles\mayaUsd.dir\ufe\UsdPointInstanceOrientationModifier.cpp.obj
[2023-04-06T14:20:48.325Z]     [322/636] Building CXX object lib\mayaUsd\CMakeFiles\mayaUsd.dir\ufe\ProxyShapeHierarchyHandler.cpp.obj
[2023-04-06T14:20:48.551Z]     [323/636] Building CXX object lib\mayaUsd\CMakeFiles\mayaUsd.dir\ufe\UsdHierarchyHandler.cpp.obj
[2023-04-06T14:20:48.665Z]     [324/636] Building CXX object lib\mayaUsd\CMakeFiles\mayaUsd.dir\render\vp2RenderDelegate\proxyRenderDelegate.cpp.obj
[2023-04-06T14:20:48.782Z]     [325/636] Building CXX object lib\mayaUsd\CMakeFiles\mayaUsd.dir\ufe\UsdHierarchy.cpp.obj
[2023-04-06T14:20:49.618Z]     [326/636] Building CXX object lib\mayaUsd\CMakeFiles\mayaUsd.dir\ufe\StagesSubject.cpp.obj
[2023-04-06T14:20:52.214Z]     [327/636] Building CXX object lib\mayaUsd\CMakeFiles\mayaUsd.dir\ufe\UsdRotateUndoableCommand.cpp.obj
[2023-04-06T14:20:53.598Z]     [328/636] Building CXX object lib\mayaUsd\CMakeFiles\mayaUsd.dir\ufe\UsdRotatePivotTranslateUndoableCommand.cpp.obj
[2023-04-06T14:20:54.356Z]     [329/636] Building CXX object lib\mayaUsd\CMakeFiles\mayaUsd.dir\ufe\UsdScaleUndoableCommand.cpp.obj
[2023-04-06T14:20:54.804Z]     [330/636] Building CXX object lib\mayaUsd\CMakeFiles\mayaUsd.dir\ufe\UsdRootChildHierarchy.cpp.obj
[2023-04-06T14:20:54.929Z]     [331/636] Building CXX object lib\mayaUsd\CMakeFiles\mayaUsd.dir\ufe\UsdPointInstancePositionModifier.cpp.obj
[2023-04-06T14:20:54.929Z]     [332/636] Building CXX object lib\mayaUsd\CMakeFiles\mayaUsd.dir\ufe\UsdPointInstanceScaleModifier.cpp.obj
[2023-04-06T14:20:55.764Z]     [333/636] Building CXX object lib\mayaUsd\CMakeFiles\mayaUsd.dir\ufe\private\UfeNotifGuard.cpp.obj
[2023-04-06T14:20:55.879Z]     [334/636] Building CXX object lib\mayaUsd\CMakeFiles\mayaUsd.dir\ufe\UsdStageMap.cpp.obj
[2023-04-06T14:20:56.310Z]     [335/636] Building CXX object lib\mayaUsd\CMakeFiles\mayaUsd.dir\ufe\UsdTRSUndoableCommandBase.cpp.obj
[2023-04-06T14:20:56.428Z]     [336/636] Building CXX object lib\mayaUsd\CMakeFiles\mayaUsd.dir\undo\OpUndoItemRecorder.cpp.obj
[2023-04-06T14:20:57.085Z]     [337/636] Building CXX object lib\mayaUsd\CMakeFiles\mayaUsd.dir\utils\blockSceneModificationContext.cpp.obj
[2023-04-06T14:20:58.138Z]     [338/636] Building CXX object lib\mayaUsd\CMakeFiles\mayaUsd.dir\ufe\UsdTranslateUndoableCommand.cpp.obj
[2023-04-06T14:20:58.138Z]     [339/636] Building CXX object lib\mayaUsd\CMakeFiles\mayaUsd.dir\ufe\UsdSceneItem.cpp.obj
[2023-04-06T14:20:58.138Z]     [340/636] Building CXX object lib\mayaUsd\CMakeFiles\mayaUsd.dir\ufe\UsdTransform3dReadImpl.cpp.obj
[2023-04-06T14:20:58.252Z]     [341/636] Building CXX object lib\mayaUsd\CMakeFiles\mayaUsd.dir\ufe\moduleDeps.cpp.obj
[2023-04-06T14:20:58.252Z]     [342/636] Building CXX object lib\mayaUsd\CMakeFiles\mayaUsd.dir\ufe\UsdTransform3d.cpp.obj
[2023-04-06T14:20:58.675Z]     [343/636] Building CXX object lib\mayaUsd\CMakeFiles\mayaUsd.dir\ufe\UsdSceneItemOpsHandler.cpp.obj
[2023-04-06T14:20:58.676Z]     [344/636] Building CXX object lib\mayaUsd\CMakeFiles\mayaUsd.dir\ufe\UsdSceneItemOps.cpp.obj
[2023-04-06T14:20:58.894Z]     [345/636] Building CXX object lib\mayaUsd\CMakeFiles\mayaUsd.dir\utils\dynamicAttribute.cpp.obj
[2023-04-06T14:20:59.013Z]     [346/636] Building CXX object lib\mayaUsd\CMakeFiles\mayaUsd.dir\ufe\UsdTransform3dHandler.cpp.obj
[2023-04-06T14:20:59.127Z]     [347/636] Building CXX object lib\mayaUsd\CMakeFiles\mayaUsd.dir\undo\OpUndoItemList.cpp.obj
[2023-04-06T14:20:59.369Z]     [348/636] Building CXX object lib\mayaUsd\CMakeFiles\mayaUsd.dir\ufe\UsdUndoDuplicateCommand.cpp.obj
[2023-04-06T14:20:59.369Z]     [349/636] Building CXX object lib\mayaUsd\CMakeFiles\mayaUsd.dir\undo\UsdUndoableItem.cpp.obj
[2023-04-06T14:20:59.905Z]     [350/636] Building CXX object lib\mayaUsd\CMakeFiles\mayaUsd.dir\utils\colorSpace.cpp.obj
[2023-04-06T14:21:01.966Z]     [351/636] Building CXX object lib\mayaUsd\CMakeFiles\mayaUsd.dir\utils\diagnosticDelegate.cpp.obj
[2023-04-06T14:21:02.603Z]     [352/636] Building CXX object lib\mayaUsd\CMakeFiles\mayaUsd.dir\ufe\private\Utils.cpp.obj
[2023-04-06T14:21:03.238Z]     [353/636] Building CXX object lib\mayaUsd\CMakeFiles\mayaUsd.dir\ufe\UsdUndoDeleteCommand.cpp.obj
[2023-04-06T14:21:03.763Z]     [354/636] Building CXX object lib\mayaUsd\CMakeFiles\mayaUsd.dir\undo\UsdUndoBlock.cpp.obj
[2023-04-06T14:21:04.595Z]     [355/636] Building CXX object lib\mayaUsd\CMakeFiles\mayaUsd.dir\undo\UsdUndoManager.cpp.obj
[2023-04-06T14:21:04.719Z]     [356/636] Building CXX object lib\mayaUsd\CMakeFiles\mayaUsd.dir\utils\customLayerData.cpp.obj
[2023-04-06T14:21:05.060Z]     [357/636] Building CXX object lib\mayaUsd\CMakeFiles\mayaUsd.dir\ufe\UsdUndoRenameCommand.cpp.obj
[2023-04-06T14:21:05.713Z]     [358/636] Building CXX object lib\mayaUsd\CMakeFiles\mayaUsd.dir\undo\UsdUndoStateDelegate.cpp.obj
[2023-04-06T14:21:05.847Z]     [359/636] Building CXX object lib\mayaUsd\CMakeFiles\mayaUsd.dir\utils\progressBarScope.cpp.obj
[2023-04-06T14:21:05.990Z]     [360/636] Building CXX object lib\mayaUsd\CMakeFiles\mayaUsd.dir\utils\editability.cpp.obj
[2023-04-06T14:21:06.878Z]     [361/636] Building CXX object lib\mayaUsd\CMakeFiles\mayaUsd.dir\utils\loadRules.cpp.obj
[2023-04-06T14:21:07.080Z]     [362/636] Building CXX object lib\mayaUsd\CMakeFiles\mayaUsd.dir\utils\layerMuting.cpp.obj
[2023-04-06T14:21:07.080Z]     [363/636] Building CXX object lib\mayaUsd\CMakeFiles\mayaUsd.dir\utils\editRouterContext.cpp.obj
[2023-04-06T14:21:07.518Z]     [364/636] Building CXX object lib\mayaUsd\CMakeFiles\mayaUsd.dir\utils\converter.cpp.obj
[2023-04-06T14:21:07.648Z]     [365/636] Building CXX object lib\mayaUsd\CMakeFiles\mayaUsd.dir\ufe\Utils.cpp.obj
[2023-04-06T14:21:07.794Z]     [366/636] Building CXX object lib\mayaUsd\CMakeFiles\mayaUsd.dir\utils\plugRegistryHelper.cpp.obj
[2023-04-06T14:21:08.243Z]     [367/636] Building CXX object lib\mayaUsd\CMakeFiles\mayaUsd.dir\undo\OpUndoItems.cpp.obj
[2023-04-06T14:21:08.243Z]     [368/636] Building CXX object lib\mayaUsd\CMakeFiles\mayaUsd.dir\utils\layers.cpp.obj
[2023-04-06T14:21:10.694Z]     [369/636] Building CXX object lib\mayaUsd\CMakeFiles\mayaUsd.dir\utils\query.cpp.obj
[2023-04-06T14:21:11.529Z]     [370/636] Building CXX object lib\mayaUsd\CMakeFiles\mayaUsd.dir\utils\selectability.cpp.obj
[2023-04-06T14:21:11.748Z]     [371/636] Building CXX object lib\mayaUsd\CMakeFiles\mayaUsd.dir\utils\loadRulesAttribute.cpp.obj
[2023-04-06T14:21:11.964Z]     [372/636] Building CXX object lib\mayaUsd\CMakeFiles\mayaUsd.dir\utils\editRouter.cpp.obj
[2023-04-06T14:21:11.964Z]     [373/636] Building CXX object lib\mayaUsd\CMakeFiles\mayaUsd.dir\utils\loadRulesText.cpp.obj
[2023-04-06T14:21:12.716Z]     [374/636] Building CXX object lib\mayaUsd\CMakeFiles\mayaUsd.dir\utils\traverseLayer.cpp.obj
[2023-04-06T14:21:14.336Z]     [375/636] Building CXX object lib\mayaUsd\CMakeFiles\mayaUsd.dir\utils\targetLayer.cpp.obj
[2023-04-06T14:21:14.459Z]     [376/636] Building CXX object lib\mayaUsd\CMakeFiles\mayaUsd.dir\utils\stageCache.cpp.obj
[2023-04-06T14:21:14.459Z]     [377/636] Building CXX object lib\mayaUsd\CMakeFiles\mayaUsd.dir\utils\undoHelperCommand.cpp.obj
[2023-04-06T14:21:14.459Z]     [378/636] Building CXX object lib\mayaUsd\CMakeFiles\mayaUsd.dir\utils\utilDictionary.cpp.obj
[2023-04-06T14:21:14.577Z]     [379/636] Building CXX object lib\mayaUsd\CMakeFiles\mayaUsd.dir\utils\variants.cpp.obj
[2023-04-06T14:21:14.694Z]     [380/636] Building CXX object lib\mayaUsd\python\CMakeFiles\_mayaUsd.dir\module.cpp.obj
[2023-04-06T14:21:15.135Z]     [381/636] Building CXX object lib\mayaUsd\python\CMakeFiles\_mayaUsd.dir\wrapColorSpace.cpp.obj
[2023-04-06T14:21:15.910Z]     [382/636] Building CXX object lib\mayaUsd\CMakeFiles\mayaUsd.dir\utils\utilFileSystem.cpp.obj
[2023-04-06T14:21:16.235Z]     [383/636] Building CXX object lib\mayaUsd\CMakeFiles\mayaUsd.dir\utils\utilSerialization.cpp.obj
[2023-04-06T14:21:16.675Z]     [384/636] Building CXX object lib\mayaUsd\python\CMakeFiles\_mayaUsd.dir\wrapUserTaggedAttribute.cpp.obj
[2023-04-06T14:21:17.807Z]     [385/636] Building CXX object lib\mayaUsd\CMakeFiles\mayaUsd.dir\utils\util.cpp.obj
[2023-04-06T14:21:18.136Z]     [386/636] Building CXX object lib\mayaUsd\python\CMakeFiles\_mayaUsd.dir\wrapOpenMaya.cpp.obj
[2023-04-06T14:21:18.976Z]     [387/636] Building CXX object lib\mayaUsd\python\CMakeFiles\_mayaUsd.dir\wrapOpUndoItem.cpp.obj
[2023-04-06T14:21:18.976Z]     [388/636] Building CXX object lib\mayaUsd\python\CMakeFiles\_mayaUsd.dir\wrapBlockSceneModificationContext.cpp.obj
[2023-04-06T14:21:19.303Z]     [389/636] Building CXX object lib\mayaUsd\python\CMakeFiles\_mayaUsd.dir\wrapUtil.cpp.obj
[2023-04-06T14:21:19.829Z]     [390/636] Building CXX object lib\mayaUsd\python\CMakeFiles\_mayaUsd.dir\wrapWriteUtil.cpp.obj
[2023-04-06T14:21:20.195Z]     [391/636] Building CXX object lib\mayaUsd\python\CMakeFiles\_mayaUsd.dir\pythonObjectRegistry.cpp.obj
[2023-04-06T14:21:20.566Z]     [392/636] Building CXX object lib\mayaUsd\python\CMakeFiles\_mayaUsd.dir\wrapDiagnosticDelegate.cpp.obj
[2023-04-06T14:21:20.889Z]     [393/636] Building CXX object lib\mayaUsd\python\CMakeFiles\_mayaUsd.dir\wrapXformStack.cpp.obj
[2023-04-06T14:21:21.822Z]     [394/636] Building CXX object lib\mayaUsd\python\CMakeFiles\_mayaUsd.dir\wrapSparseValueWriter.cpp.obj
[2023-04-06T14:21:21.946Z]     [395/636] Building CXX object lib\mayaUsd\python\CMakeFiles\_mayaUsd.dir\wrapPrimReader.cpp.obj
[2023-04-06T14:21:22.064Z]     [396/636] Building CXX object lib\mayaUsd\python\CMakeFiles\_mayaUsd.dir\wrapQuery.cpp.obj
[2023-04-06T14:21:23.411Z]     [397/636] Linking CXX shared library lib\mayaUsd\mayaUsd.dll
[2023-04-06T14:21:24.158Z]     [398/636] Linking CXX executable test\lib\mayaUsd\utils\testTargetLayer.exe
[2023-04-06T14:21:24.784Z]     [399/636] Building CXX object lib\mayaUsd\python\CMakeFiles\_mayaUsd.dir\wrapTokens.cpp.obj
[2023-04-06T14:21:24.906Z]     [400/636] Linking CXX executable test\lib\mayaUsd\utils\testSplitString.exe
[2023-04-06T14:21:25.032Z]     [401/636] Building CXX object lib\mayaUsd\python\CMakeFiles\_mayaUsd.dir\wrapEditRouter.cpp.obj
[2023-04-06T14:21:25.692Z]     [402/636] Building CXX object lib\mayaUsd\python\CMakeFiles\_mayaUsd.dir\wrapConverter.cpp.obj
[2023-04-06T14:21:25.692Z]     [403/636] Linking CXX shared library test\lib\usd\plugin\usdTestMayaPlugin.mll
[2023-04-06T14:21:25.692Z]     [404/636] Linking CXX shared library test\lib\usd\plugin\usdTestUsdPlugin.dll
[2023-04-06T14:21:25.846Z]     [405/636] Building CXX object lib\mayaUsd\python\CMakeFiles\_mayaUsd.dir\wrapMeshWriteUtils.cpp.obj
[2023-04-06T14:21:26.861Z]     [406/636] Linking CXX shared library test\lib\usd\plugin\usdTestInfoImportChaser.mll
[2023-04-06T14:21:26.861Z]     [407/636] Building CXX object lib\mayaUsd\python\CMakeFiles\_mayaUsd.dir\wrapAdaptor.cpp.obj
[2023-04-06T14:21:27.156Z]     [408/636] Building CXX object lib\mayaUsd\python\CMakeFiles\_mayaUsd.dir\wrapTranslatorUtil.cpp.obj
[2023-04-06T14:21:27.616Z]     [409/636] Linking CXX shared library test\lib\usd\plugin\usdTestApiWriter.dll
[2023-04-06T14:21:27.616Z]     [410/636] Linking CXX executable test\lib\mayaUsd\utils\testLoadRules.exe
[2023-04-06T14:21:27.866Z]     [411/636] Building CXX object lib\mayaUsd\python\CMakeFiles\_mayaUsd.dir\wrapUsdUndoManager.cpp.obj
[2023-04-06T14:21:28.064Z]     [412/636] Linking CXX shared library plugin\pxr\maya\lib\usdMaya\usdMaya.dll
[2023-04-06T14:21:28.728Z]     [413/636] Building CXX object lib\mayaUsd\ufe\CMakeFiles\_ufe.dir\module.cpp.obj
[2023-04-06T14:21:29.051Z]     [414/636] Linking CXX shared library plugin\pxr\maya\lib\usdMaya\_usdMaya.pyd
[2023-04-06T14:21:29.051Z]     [415/636] Automatic MOC and UIC for target mayaUsdUI
[2023-04-06T14:21:29.676Z]     [416/636] Building CXX object lib\usd\pxrUsdPreviewSurface\CMakeFiles\basePxrUsdPreviewSurface.dir\cpvColor.cpp.obj
[2023-04-06T14:21:30.039Z]     [417/636] Automatic RCC for importDialog/images/ui.qrc
[2023-04-06T14:21:30.039Z]     [418/636] Automatic RCC for layerEditor/resources.qrc
[2023-04-06T14:21:30.192Z]     [419/636] Building CXX object lib\mayaUsd\python\CMakeFiles\_mayaUsd.dir\wrapJobContextRegistry.cpp.obj
[2023-04-06T14:21:30.421Z]     [420/636] Linking CXX shared library plugin\pxr\maya\plugin\pxrUsd\pxrUsd.mll
[2023-04-06T14:21:30.421Z]     [421/636] Building CXX object lib\mayaUsd\python\CMakeFiles\_mayaUsd.dir\wrapReadUtil.cpp.obj
[2023-04-06T14:21:30.644Z]     [422/636] Building CXX object lib\mayaUsd\python\CMakeFiles\_mayaUsd.dir\wrapRoundTripUtil.cpp.obj
[2023-04-06T14:21:30.761Z]     [423/636] Building CXX object lib\mayaUsd\python\CMakeFiles\_mayaUsd.dir\wrapStageCache.cpp.obj
[2023-04-06T14:21:30.988Z]     [424/636] Building CXX object lib\mayaUsd\ufe\CMakeFiles\_ufe.dir\wrapGlobal.cpp.obj
[2023-04-06T14:21:31.613Z]     [425/636] Building CXX object lib\usd\ui\CMakeFiles\mayaUsdUI.dir\layerEditor\stringResources.cpp.obj
[2023-04-06T14:21:32.036Z]     [426/636] Building CXX object lib\mayaUsd\python\CMakeFiles\_mayaUsd.dir\wrapImportChaser.cpp.obj
[2023-04-06T14:21:33.406Z]     [427/636] Building CXX object lib\mayaUsd\python\CMakeFiles\_mayaUsd.dir\wrapSchemaApiAdaptor.cpp.obj
[2023-04-06T14:21:33.530Z]     [428/636] Building CXX object lib\mayaUsd\python\CMakeFiles\_mayaUsd.dir\wrapExportChaser.cpp.obj
[2023-04-06T14:21:35.389Z]     [429/636] Building CXX object lib\mayaUsd\python\CMakeFiles\_mayaUsd.dir\wrapPrimWriter.cpp.obj
[2023-04-06T14:21:35.715Z]     [430/636] Building CXX object lib\mayaUsd\python\CMakeFiles\_mayaUsd.dir\wrapShadingUtil.cpp.obj
[2023-04-06T14:21:35.830Z]     [431/636] Building CXX object lib\usd\ui\CMakeFiles\mayaUsdUI.dir\layerEditor\warningDialogs.cpp.obj
[2023-04-06T14:21:36.454Z]     [432/636] Building CXX object lib\usd\ui\CMakeFiles\mayaUsdUI.dir\layerEditor\dirtyLayersCountBadge.cpp.obj
[2023-04-06T14:21:37.086Z]     [433/636] Building CXX object lib\usd\ui\CMakeFiles\mayaUsdUI.dir\importDialog\TreeItem.cpp.obj
[2023-04-06T14:21:37.417Z]     [434/636] Building CXX object lib\mayaUsd\ufe\CMakeFiles\_ufe.dir\wrapNotice.cpp.obj
[2023-04-06T14:21:37.946Z]     [435/636] Building CXX object lib\mayaUsd\python\CMakeFiles\_mayaUsd.dir\wrapShadingMode.cpp.obj
[2023-04-06T14:21:38.266Z]     [436/636] Building CXX object lib\usd\ui\CMakeFiles\mayaUsdUI.dir\layerEditor\generatedIconButton.cpp.obj
[2023-04-06T14:21:39.040Z]     [437/636] Building CXX object lib\mayaUsd\ufe\CMakeFiles\_ufe.dir\wrapUtils.cpp.obj
[2023-04-06T14:21:39.261Z]     [438/636] Building CXX object lib\usd\ui\CMakeFiles\mayaUsdUI.dir\importDialog\ItemDelegate.cpp.obj
[2023-04-06T14:21:39.261Z]     [439/636] Building CXX object lib\usd\pxrUsdPreviewSurface\CMakeFiles\basePxrUsdPreviewSurface.dir\usdPreviewSurfacePlugin.cpp.obj
[2023-04-06T14:21:40.900Z]     [440/636] Building CXX object lib\usd\ui\CMakeFiles\mayaUsdUI.dir\importDialog\TreeModel.cpp.obj
[2023-04-06T14:21:42.648Z]     [441/636] Building CXX object lib\usd\ui\CMakeFiles\mayaUsdUI.dir\layerEditor\batchSaveLayersUIDelegate.cpp.obj
[2023-04-06T14:21:42.871Z]     [442/636] Building CXX object lib\usd\ui\CMakeFiles\mayaUsdUI.dir\mayaUsdUI_autogen\mocs_compilation.cpp.obj
[2023-04-06T14:21:43.934Z]     [443/636] Building CXX object lib\usd\ui\CMakeFiles\mayaUsdUI.dir\layerEditor\mayaQtUtils.cpp.obj
[2023-04-06T14:21:44.159Z]     [444/636] Building CXX object lib\usd\ui\CMakeFiles\mayaUsdUI.dir\layerEditor\sessionState.cpp.obj
[2023-04-06T14:21:44.290Z]     [445/636] Building CXX object lib\usd\ui\CMakeFiles\mayaUsdUI.dir\layerEditor\layerTreeItem.cpp.obj
[2023-04-06T14:21:44.417Z]     [446/636] Building CXX object lib\usd\ui\CMakeFiles\mayaUsdUI.dir\layerEditor\layerEditorWidget.cpp.obj
[2023-04-06T14:21:44.643Z]     [447/636] Building CXX object lib\usd\ui\CMakeFiles\mayaUsdUI.dir\layerEditor\mayaCommandHook.cpp.obj
[2023-04-06T14:21:44.643Z]     [448/636] Building CXX object lib\usd\ui\CMakeFiles\mayaUsdUI.dir\initStringResources.cpp.obj
[2023-04-06T14:21:44.762Z]     [449/636] Building CXX object lib\usd\ui\CMakeFiles\mayaUsdUI.dir\mayaUsdUI_autogen\5WMDHDZAMM\qrc_resources.cpp.obj
[2023-04-06T14:21:44.762Z]     [450/636] Building CXX object lib\usd\ui\CMakeFiles\mayaUsdUI.dir\mayaUsdUI_autogen\AUCU3ACLTF\qrc_ui.cpp.obj
[2023-04-06T14:21:45.700Z]     [451/636] Building CXX object lib\usd\ui\CMakeFiles\mayaUsdUI.dir\importDialog\USDQtUtil.cpp.obj
[2023-04-06T14:21:45.700Z]     [452/636] Linking CXX shared library lib\mayaUsd\ufe\_ufe.pyd
[2023-04-06T14:21:45.926Z]     [453/636] Building CXX object lib\usd\ui\CMakeFiles\mayaUsdUI.dir\layerEditor\mayaLayerEditorWindow.cpp.obj
[2023-04-06T14:21:46.151Z]     [454/636] Building CXX object lib\usd\ui\CMakeFiles\mayaUsdUI.dir\layerEditor\qtUtils.cpp.obj
[2023-04-06T14:21:46.268Z]     [455/636] Building CXX object lib\usd\ui\CMakeFiles\mayaUsdUI.dir\layerEditor\loadLayersDialog.cpp.obj
[2023-04-06T14:21:46.387Z]     [456/636] Building CXX object lib\usd\ui\CMakeFiles\mayaUsdUI.dir\layerEditor\layerTreeItemDelegate.cpp.obj
[2023-04-06T14:21:46.502Z]     [457/636] Linking CXX shared library lib\mayaUsd\python\_mayaUsd.pyd
[2023-04-06T14:21:46.938Z]     [458/636] Building CXX object lib\usd\pxrUsdPreviewSurface\CMakeFiles\basePxrUsdPreviewSurface.dir\usdPreviewSurfaceShadingNodeOverride.cpp.obj
[2023-04-06T14:21:47.361Z]     [459/636] Building CXX object lib\usd\ui\CMakeFiles\mayaUsdUI.dir\layerEditor\layerTreeView.cpp.obj
[2023-04-06T14:21:47.705Z]     [460/636] Building CXX object lib\usd\ui\CMakeFiles\mayaUsdUI.dir\layerEditor\layerTreeModel.cpp.obj
[2023-04-06T14:21:48.025Z]     [461/636] Building CXX object lib\usd\ui\CMakeFiles\mayaUsdUI.dir\layerEditor\pathChecker.cpp.obj
[2023-04-06T14:21:48.957Z]     [462/636] Building CXX object lib\usd\pxrUsdPreviewSurface\CMakeFiles\basePxrUsdPreviewSurface.dir\usdPreviewSurface.cpp.obj
[2023-04-06T14:21:49.488Z]     [463/636] Linking CXX executable plugin\al\usdtransaction\AL\usd\transaction\tests\AL_USDTransactionTests.exe
[2023-04-06T14:21:50.528Z]     [464/636] Building CXX object plugin\al\lib\AL_USDMaya\CMakeFiles\AL_USDMaya.dir\AL\usdmaya\DebugCodes.cpp.obj
[2023-04-06T14:21:50.852Z]     [465/636] Building CXX object lib\usd\ui\CMakeFiles\mayaUsdUI.dir\layerEditor\mayaSessionState.cpp.obj
[2023-04-06T14:21:51.986Z]     [466/636] Building CXX object lib\usd\ui\CMakeFiles\mayaUsdUI.dir\layerEditor\saveLayersDialog.cpp.obj
[2023-04-06T14:21:52.106Z]     [467/636] Building CXX object lib\usd\ui\CMakeFiles\mayaUsdUI.dir\importDialog\USDImportDialogCmd.cpp.obj
[2023-04-06T14:21:52.636Z]     [468/636] Building CXX object lib\usd\ui\CMakeFiles\mayaUsdUI.dir\importDialog\TreeModelFactory.cpp.obj
[2023-04-06T14:21:52.977Z]     [469/636] Building CXX object plugin\al\lib\AL_USDMaya\CMakeFiles\AL_USDMaya.dir\AL\usdmaya\Metadata.cpp.obj
[2023-04-06T14:21:53.095Z]     [470/636] Building CXX object lib\usd\ui\CMakeFiles\mayaUsdUI.dir\importDialog\USDImportDialog.cpp.obj
[2023-04-06T14:21:53.095Z]     [471/636] Building CXX object lib\usd\pxrUsdPreviewSurface\CMakeFiles\basePxrUsdPreviewSurface.dir\usdPreviewSurfaceWriter.cpp.obj
[2023-04-06T14:21:53.627Z]     [472/636] Building CXX object lib\usd\ui\CMakeFiles\mayaUsdUI.dir\layerEditor\stageSelectorWidget.cpp.obj
[2023-04-06T14:21:54.570Z]     [473/636] Building CXX object plugin\al\lib\AL_USDMaya\CMakeFiles\AL_USDMaya.dir\AL\usdmaya\moduleDeps.cpp.obj
[2023-04-06T14:21:54.694Z]     [474/636] Building CXX object lib\usd\translators\CMakeFiles\mayaUsd_Translators.dir\lightReader.cpp.obj
[2023-04-06T14:21:54.694Z]     [475/636] Building CXX object plugin\al\lib\AL_USDMaya\CMakeFiles\AL_USDMaya.dir\AL\usdmaya\StageCache.cpp.obj
[2023-04-06T14:21:54.883Z]     [476/636] Building CXX object lib\usd\pxrUsdPreviewSurface\CMakeFiles\basePxrUsdPreviewSurface.dir\usdPreviewSurfaceReader.cpp.obj
[2023-04-06T14:21:55.130Z]     [477/636] Building CXX object lib\usd\translators\CMakeFiles\mayaUsd_Translators.dir\lightRfMReader.cpp.obj
[2023-04-06T14:21:55.455Z]     [478/636] Linking CXX shared library lib\usd\ui\mayaUsdUI.dll
[2023-04-06T14:21:55.581Z]     [479/636] Automatic MOC and UIC for target testMayaUsdUI
[2023-04-06T14:21:55.581Z]     [480/636] Building CXX object lib\usd\ui\importDialogDemo\CMakeFiles\testMayaUsdUI.dir\testMayaUsdUI_autogen\mocs_compilation.cpp.obj
[2023-04-06T14:21:55.708Z]     [481/636] Building CXX object lib\usd\translators\CMakeFiles\mayaUsd_Translators.dir\instancerWriter.cpp.obj
[2023-04-06T14:21:55.708Z]     [482/636] Building CXX object lib\usd\translators\CMakeFiles\mayaUsd_Translators.dir\jointWriter.cpp.obj
[2023-04-06T14:21:55.924Z]     [483/636] Linking CXX shared library lib\usd\pxrUsdPreviewSurface\basePxrUsdPreviewSurface.dll
[2023-04-06T14:21:55.924Z]     [484/636] Building CXX object lib\usd\translators\CMakeFiles\mayaUsd_Translators.dir\lightRfMWriter.cpp.obj
[2023-04-06T14:21:56.044Z]     [485/636] Building CXX object lib\usd\translators\CMakeFiles\mayaUsd_Translators.dir\cameraWriter.cpp.obj
[2023-04-06T14:21:56.372Z]     [486/636] Building CXX object plugin\al\lib\AL_USDMaya\CMakeFiles\AL_USDMaya.dir\AL\usdmaya\cmds\DebugCommands.cpp.obj
[2023-04-06T14:21:56.590Z]     [487/636] Building CXX object plugin\al\lib\AL_USDMaya\CMakeFiles\AL_USDMaya.dir\AL\usdmaya\cmds\EventCommand.cpp.obj
[2023-04-06T14:21:56.703Z]     [488/636] Linking CXX shared library plugin\pxr\maya\plugin\pxrUsdPreviewSurface\pxrUsdPreviewSurface.mll
[2023-04-06T14:21:56.703Z]     [489/636] Building CXX object lib\usd\translators\CMakeFiles\mayaUsd_Translators.dir\cameraReader.cpp.obj
[2023-04-06T14:21:56.822Z]     [490/636] Building CXX object plugin\al\lib\AL_USDMaya\CMakeFiles\AL_USDMaya.dir\AL\usdmaya\cmds\RendererCommands.cpp.obj
[2023-04-06T14:21:57.268Z]     [491/636] Building CXX object plugin\al\lib\AL_USDMaya\CMakeFiles\AL_USDMaya.dir\AL\usdmaya\cmds\SyncFileIOGui.cpp.obj
[2023-04-06T14:21:58.195Z]     [492/636] Linking CXX shared library lib\usd\translators\mayaUsd_Translators.dll
[2023-04-06T14:22:00.573Z]     [493/636] Building CXX object plugin\al\lib\AL_USDMaya\CMakeFiles\AL_USDMaya.dir\AL\usdmaya\cmds\CreateUsdPrim.cpp.obj
[2023-04-06T14:22:00.692Z]     [494/636] Building CXX object plugin\al\lib\AL_USDMaya\CMakeFiles\AL_USDMaya.dir\AL\usdmaya\TransformOperation.cpp.obj
[2023-04-06T14:22:01.530Z]     [495/636] Building CXX object plugin\al\lib\AL_USDMaya\CMakeFiles\AL_USDMaya.dir\AL\usdmaya\Global.cpp.obj
[2023-04-06T14:22:01.955Z]     [496/636] Building CXX object plugin\al\lib\AL_USDMaya\CMakeFiles\AL_USDMaya.dir\AL\usdmaya\cmds\LayerCommands.cpp.obj
[2023-04-06T14:22:02.072Z]     [497/636] Building CXX object plugin\al\lib\AL_USDMaya\CMakeFiles\AL_USDMaya.dir\AL\usdmaya\cmds\ListTranslators.cpp.obj
[2023-04-06T14:22:03.312Z]     [498/636] Building CXX object lib\usd\ui\importDialogDemo\CMakeFiles\testMayaUsdUI.dir\testMayaUsdUI.cpp.obj
[2023-04-06T14:22:03.680Z]     [499/636] Building CXX object plugin\al\lib\AL_USDMaya\CMakeFiles\AL_USDMaya.dir\AL\usdmaya\fileio\ImportTranslator.cpp.obj
[2023-04-06T14:22:03.932Z]     [500/636] Building CXX object plugin\al\lib\AL_USDMaya\CMakeFiles\AL_USDMaya.dir\AL\usdmaya\fileio\AnimationTranslator.cpp.obj
[2023-04-06T14:22:04.920Z]     [501/636] Building CXX object plugin\al\lib\AL_USDMaya\CMakeFiles\AL_USDMaya.dir\AL\usdmaya\fileio\Import.cpp.obj
[2023-04-06T14:22:04.920Z]     [502/636] Building CXX object plugin\al\lib\AL_USDMaya\CMakeFiles\AL_USDMaya.dir\AL\usdmaya\cmds\ProxyShapeCommands.cpp.obj
[2023-04-06T14:22:04.920Z]     [503/636] Building CXX object plugin\al\lib\AL_USDMaya\CMakeFiles\AL_USDMaya.dir\AL\usdmaya\cmds\ProxyShapePostLoadProcess.cpp.obj
[2023-04-06T14:22:04.920Z]     [504/636] Linking CXX executable lib\usd\ui\importDialogDemo\testMayaUsdUI.exe
[2023-04-06T14:22:05.550Z]     [505/636] Building CXX object plugin\al\lib\AL_USDMaya\CMakeFiles\AL_USDMaya.dir\AL\usdmaya\fileio\SchemaPrims.cpp.obj
[2023-04-06T14:22:05.551Z]     [506/636] Building CXX object plugin\al\lib\AL_USDMaya\CMakeFiles\AL_USDMaya.dir\AL\usdmaya\fileio\ExportTranslator.cpp.obj
[2023-04-06T14:22:05.870Z]     [507/636] Building CXX object plugin\al\lib\AL_USDMaya\CMakeFiles\AL_USDMaya.dir\AL\usdmaya\fileio\NodeFactory.cpp.obj
[2023-04-06T14:22:06.497Z]     [508/636] Building CXX object plugin\al\lib\AL_USDMaya\CMakeFiles\AL_USDMaya.dir\AL\usdmaya\cmds\UnloadPrim.cpp.obj
[2023-04-06T14:22:08.959Z]     [509/636] Building CXX object plugin\al\lib\AL_USDMaya\CMakeFiles\AL_USDMaya.dir\AL\usdmaya\fileio\translators\TranslatorBase.cpp.obj
[2023-04-06T14:22:09.276Z]     [510/636] Building CXX object plugin\al\lib\AL_USDMaya\CMakeFiles\AL_USDMaya.dir\AL\usdmaya\fileio\Export.cpp.obj
[2023-04-06T14:22:10.004Z]     [511/636] Building CXX object plugin\al\lib\AL_USDMaya\CMakeFiles\AL_USDMaya.dir\AL\usdmaya\nodes\Layer.cpp.obj
[2023-04-06T14:22:10.529Z]     [512/636] Building CXX object plugin\al\lib\AL_USDMaya\CMakeFiles\AL_USDMaya.dir\AL\usdmaya\fileio\TransformIterator.cpp.obj
[2023-04-06T14:22:10.529Z]     [513/636] Building CXX object plugin\al\lib\AL_USDMaya\CMakeFiles\AL_USDMaya.dir\AL\usdmaya\fileio\translators\TranslatorTestType.cpp.obj
[2023-04-06T14:22:11.061Z]     [514/636] Building CXX object plugin\al\lib\AL_USDMaya\CMakeFiles\AL_USDMaya.dir\AL\usdmaya\fileio\translators\DagNodeTranslator.cpp.obj
[2023-04-06T14:22:11.291Z]     [515/636] Building CXX object plugin\al\lib\AL_USDMaya\CMakeFiles\AL_USDMaya.dir\AL\usdmaya\fileio\translators\DgNodeTranslator.cpp.obj
[2023-04-06T14:22:11.950Z]     [516/636] Building CXX object plugin\al\lib\AL_USDMaya\CMakeFiles\AL_USDMaya.dir\AL\usdmaya\fileio\translators\TranslatorTestPlugin.cpp.obj
[2023-04-06T14:22:12.791Z]     [517/636] Building CXX object plugin\al\lib\AL_USDMaya\CMakeFiles\AL_USDMaya.dir\AL\usdmaya\fileio\translators\ExtraDataPlugin.cpp.obj
[2023-04-06T14:22:13.104Z]     [518/636] Building CXX object plugin\al\lib\AL_USDMaya\CMakeFiles\AL_USDMaya.dir\AL\usdmaya\fileio\translators\TransformTranslator.cpp.obj
[2023-04-06T14:22:13.329Z]     [519/636] Building CXX object plugin\al\lib\AL_USDMaya\CMakeFiles\AL_USDMaya.dir\AL\usdmaya\fileio\translators\TestExtraDataPlugin.cpp.obj
[2023-04-06T14:22:13.556Z]     [520/636] Building CXX object plugin\al\lib\AL_USDMaya\CMakeFiles\AL_USDMaya.dir\AL\usdmaya\nodes\LayerManager.cpp.obj
[2023-04-06T14:22:13.894Z]     [521/636] Building CXX object plugin\al\lib\AL_USDMaya\CMakeFiles\AL_USDMaya.dir\AL\usdmaya\nodes\MeshAnimCreator.cpp.obj
[2023-04-06T14:22:14.243Z]     [522/636] Building CXX object plugin\al\lib\AL_USDMaya\CMakeFiles\AL_USDMaya.dir\AL\usdmaya\fileio\translators\TranslatorContext.cpp.obj
[2023-04-06T14:22:15.476Z]     [523/636] Building CXX object plugin\al\lib\AL_USDMaya\CMakeFiles\AL_USDMaya.dir\AL\usdmaya\nodes\MeshAnimDeformer.cpp.obj
[2023-04-06T14:22:17.118Z]     [524/636] Building CXX object plugin\al\lib\AL_USDMaya\CMakeFiles\AL_USDMaya.dir\AL\usdmaya\nodes\Engine.cpp.obj
[2023-04-06T14:22:17.567Z]     [525/636] Building CXX object plugin\al\lib\AL_USDMaya\CMakeFiles\AL_USDMaya.dir\AL\usdmaya\nodes\Scope.cpp.obj
[2023-04-06T14:22:17.686Z]     [526/636] Building CXX object plugin\al\lib\AL_USDMaya\CMakeFiles\_AL_USDMaya.dir\AL\usdmaya\module.cpp.obj
[2023-04-06T14:22:18.006Z]     [527/636] Building CXX object plugin\al\lib\AL_USDMaya\CMakeFiles\AL_USDMaya.dir\AL\usdmaya\nodes\ProxyUsdGeomCamera.cpp.obj
[2023-04-06T14:22:18.226Z]     [528/636] Building CXX object plugin\al\lib\AL_USDMaya\CMakeFiles\AL_USDMaya.dir\AL\usdmaya\nodes\Transform.cpp.obj
[2023-04-06T14:22:19.604Z]     [529/636] Building CXX object plugin\al\lib\AL_USDMaya\CMakeFiles\_AL_USDMaya.dir\AL\usdmaya\wrapStageCache.cpp.obj
[2023-04-06T14:22:19.727Z]     [530/636] Building CXX object plugin\al\lib\AL_USDMaya\CMakeFiles\AL_USDMaya.dir\AL\usdmaya\nodes\RendererManager.cpp.obj
[2023-04-06T14:22:19.956Z]     [531/636] Building CXX object plugin\al\lib\AL_USDMaya\CMakeFiles\AL_USDMaya.dir\AL\usdmaya\nodes\BasicTransformationMatrix.cpp.obj
[2023-04-06T14:22:20.074Z]     [532/636] Building CXX object plugin\al\lib\AL_USDMaya\CMakeFiles\AL_USDMaya.dir\AL\usdmaya\nodes\ProxyShapeSelection.cpp.obj
[2023-04-06T14:22:20.638Z]     [533/636] Building CXX object plugin\al\lib\AL_USDMaya\CMakeFiles\AL_USDMaya.dir\AL\usdmaya\nodes\proxy\ProxyShapeVariantFallbacks.cpp.obj
[2023-04-06T14:22:20.861Z]     [534/636] Building CXX object plugin\al\lib\AL_USDMaya\CMakeFiles\AL_USDMaya.dir\AL\usdmaya\nodes\ProxyShape.cpp.obj
[2023-04-06T14:22:22.323Z]     [535/636] Building CXX object plugin\al\lib\AL_USDMaya\CMakeFiles\AL_USDMaya.dir\AL\usdmaya\nodes\proxy\ProxyShapeMetaData.cpp.obj
[2023-04-06T14:22:22.446Z]     [536/636] Building CXX object plugin\al\lib\AL_USDMaya\CMakeFiles\AL_USDMaya.dir\AL\usdmaya\nodes\proxy\PrimFilter.cpp.obj
[2023-04-06T14:22:23.271Z]     [537/636] Building CXX object plugin\al\plugin\AL_USDMayaTestPlugin\CMakeFiles\AL_USDMayaTestPlugin.dir\AL\usdmaya\fileio\export_multiple_shapes.cpp.obj
[2023-04-06T14:22:23.396Z]     [538/636] Building CXX object plugin\al\plugin\AL_USDMayaTestPlugin\CMakeFiles\AL_USDMayaTestPlugin.dir\AL\maya\test_EventHandler.cpp.obj
[2023-04-06T14:22:23.742Z]     [539/636] Building CXX object plugin\al\lib\AL_USDMaya\CMakeFiles\_AL_USDMaya.dir\AL\usdmaya\nodes\wrapLayerManager.cpp.obj
[2023-04-06T14:22:23.968Z]     [540/636] Building CXX object plugin\al\lib\AL_USDMaya\CMakeFiles\AL_USDMaya.dir\AL\usdmaya\nodes\TransformationMatrix.cpp.obj
[2023-04-06T14:22:25.618Z]     [541/636] Linking CXX shared library plugin\al\lib\AL_USDMaya\AL_USDMaya.dll
[2023-04-06T14:22:26.760Z]     [542/636] Building CXX object plugin\al\lib\AL_USDMaya\CMakeFiles\_AL_USDMaya.dir\AL\usdmaya\nodes\wrapProxyShape.cpp.obj
[2023-04-06T14:22:27.929Z]     [543/636] Building CXX object plugin\al\plugin\AL_USDMayaTestPlugin\CMakeFiles\AL_USDMayaTestPlugin.dir\AL\usdmaya\commands\test_LayerCommands.cpp.obj
[2023-04-06T14:22:28.358Z]     [544/636] Building CXX object plugin\al\plugin\AL_USDMayaPlugin\CMakeFiles\AL_USDMayaPlugin.dir\plugin.cpp.obj
[2023-04-06T14:22:28.501Z]     [545/636] Building CXX object plugin\al\plugin\AL_USDMayaTestPlugin\CMakeFiles\AL_USDMayaTestPlugin.dir\AL\usdmaya\commands\test_ExportCommands.cpp.obj
[2023-04-06T14:22:28.617Z]     [546/636] Building CXX object plugin\al\plugin\AL_USDMayaTestPlugin\CMakeFiles\AL_USDMayaTestPlugin.dir\AL\maya\test_MatrixToSRT.cpp.obj
[2023-04-06T14:22:29.155Z]     [547/636] Building CXX object plugin\al\translators\pxrUsdTranslators\CMakeFiles\AL_USDMayaPxrTranslators.dir\plugin.cpp.obj
[2023-04-06T14:22:29.274Z]     [548/636] Linking CXX shared library plugin\al\plugin\AL_USDMayaPlugin\AL_USDMayaPlugin.mll
[2023-04-06T14:22:29.805Z]     [549/636] Building CXX object plugin\al\lib\AL_USDMaya\CMakeFiles\_AL_USDMaya.dir\AL\usdmaya\fileio\translators\wrapTranslatorContext.cpp.obj
[2023-04-06T14:22:30.349Z]     [550/636] Building CXX object plugin\al\plugin\AL_USDMayaTestPlugin\CMakeFiles\AL_USDMayaTestPlugin.dir\AL\maya\test_MayaEventManager.cpp.obj
[2023-04-06T14:22:30.999Z]     [551/636] Building CXX object plugin\al\plugin\AL_USDMayaTestPlugin\CMakeFiles\AL_USDMayaTestPlugin.dir\AL\usdmaya\fileio\export_misc.cpp.obj
[2023-04-06T14:22:31.433Z]     [552/636] Building CXX object plugin\al\lib\AL_USDMaya\CMakeFiles\_AL_USDMaya.dir\AL\usdmaya\fileio\translators\wrapTranslatorBase.cpp.obj
[2023-04-06T14:22:31.880Z]     [553/636] Building CXX object plugin\al\plugin\AL_USDMayaTestPlugin\CMakeFiles\AL_USDMayaTestPlugin.dir\AL\usdmaya\commands\test_TranslateCommand.cpp.obj
[2023-04-06T14:22:31.996Z]     [554/636] Building CXX object plugin\al\plugin\AL_USDMayaTestPlugin\CMakeFiles\AL_USDMayaTestPlugin.dir\plugin.cpp.obj
[2023-04-06T14:22:31.996Z]     [555/636] Building CXX object plugin\al\plugin\AL_USDMayaTestPlugin\CMakeFiles\AL_USDMayaTestPlugin.dir\AL\usdmaya\fileio\export_blendshape.cpp.obj
[2023-04-06T14:22:32.330Z]     [556/636] Linking CXX shared library plugin\al\lib\AL_USDMaya\_AL_USDMaya.pyd
[2023-04-06T14:22:33.668Z]     [557/636] Building CXX object plugin\al\plugin\AL_USDMayaTestPlugin\CMakeFiles\AL_USDMayaTestPlugin.dir\AL\usdmaya\fileio\export_ik.cpp.obj
[2023-04-06T14:22:34.099Z]     [558/636] Building CXX object plugin\al\plugin\AL_USDMayaTestPlugin\CMakeFiles\AL_USDMayaTestPlugin.dir\AL\usdmaya\commands\test_LayerManagerCommands.cpp.obj
[2023-04-06T14:22:34.727Z]     [559/636] Building CXX object plugin\al\plugin\AL_USDMayaTestPlugin\CMakeFiles\AL_USDMayaTestPlugin.dir\AL\usdmaya\commands\test_ProxyShapeImport.cpp.obj
[2023-04-06T14:22:36.468Z]     [560/636] Building CXX object plugin\al\plugin\AL_USDMayaTestPlugin\CMakeFiles\AL_USDMayaTestPlugin.dir\AL\usdmaya\fileio\import_instances.cpp.obj
[2023-04-06T14:22:36.692Z]     [561/636] Building CXX object plugin\al\plugin\AL_USDMayaTestPlugin\CMakeFiles\AL_USDMayaTestPlugin.dir\AL\usdmaya\fileio\export_import_instancing.cpp.obj
[2023-04-06T14:22:36.909Z]     [562/636] Building CXX object plugin\al\plugin\AL_USDMayaTestPlugin\CMakeFiles\AL_USDMayaTestPlugin.dir\AL\usdmaya\fileio\export_constraints.cpp.obj
[2023-04-06T14:22:38.039Z]     [563/636] Building CXX object plugin\al\plugin\AL_USDMayaTestPlugin\CMakeFiles\AL_USDMayaTestPlugin.dir\AL\usdmaya\fileio\export_lattice.cpp.obj
[2023-04-06T14:22:38.157Z]     [564/636] Building CXX object plugin\al\plugin\AL_USDMayaTestPlugin\CMakeFiles\AL_USDMayaTestPlugin.dir\AL\usdmaya\fileio\import_playback_range.cpp.obj
[2023-04-06T14:22:38.789Z]     [565/636] Building CXX object plugin\al\plugin\AL_USDMayaTestPlugin\CMakeFiles\AL_USDMayaTestPlugin.dir\AL\usdmaya\fileio\test_activeInActiveTranslators.cpp.obj
[2023-04-06T14:22:38.904Z]     [566/636] Building CXX object plugin\al\plugin\AL_USDMayaTestPlugin\CMakeFiles\AL_USDMayaTestPlugin.dir\AL\usdmaya\fileio\export_unmerged.cpp.obj
[2023-04-06T14:22:40.139Z]     [567/636] Building CXX object plugin\al\plugin\AL_USDMayaTestPlugin\CMakeFiles\AL_USDMayaTestPlugin.dir\AL\usdmaya\fileio\export_nonlinear.cpp.obj
[2023-04-06T14:22:42.044Z]     [568/636] Building CXX object plugin\al\plugin\AL_USDMayaTestPlugin\CMakeFiles\AL_USDMayaTestPlugin.dir\AL\usdmaya\nodes\test_LayerManager.cpp.obj
[2023-04-06T14:22:42.900Z]     [569/636] Building CXX object plugin\al\plugin\AL_USDMayaTestPlugin\CMakeFiles\AL_USDMayaTestPlugin.dir\AL\usdmaya\nodes\test_lockPrims.cpp.obj
[2023-04-06T14:22:43.243Z]     [570/636] Building CXX object plugin\al\plugin\AL_USDMayaTestPlugin\CMakeFiles\AL_USDMayaTestPlugin.dir\AL\usdmaya\nodes\proxy\test_PrimFilter.cpp.obj
[2023-04-06T14:22:43.579Z]     [571/636] Building CXX object plugin\al\plugin\AL_USDMayaTestPlugin\CMakeFiles\AL_USDMayaTestPlugin.dir\AL\usdmaya\nodes\test_ScopeMatrix.cpp.obj
[2023-04-06T14:22:43.696Z]     [572/636] Building CXX object plugin\al\plugin\AL_USDMayaTestPlugin\CMakeFiles\AL_USDMayaTestPlugin.dir\AL\usdmaya\nodes\test_ExtraDataPlugin.cpp.obj
[2023-04-06T14:22:44.555Z]     [573/636] Building CXX object plugin\al\plugin\AL_USDMayaTestPlugin\CMakeFiles\AL_USDMayaTestPlugin.dir\AL\usdmaya\nodes\test_ProxyShapeSelectabilityDB.cpp.obj
[2023-04-06T14:22:44.677Z]     [574/636] Building CXX object plugin\al\plugin\AL_USDMayaTestPlugin\CMakeFiles\AL_USDMayaTestPlugin.dir\AL\usdmaya\nodes\test_ActiveInactive.cpp.obj
[2023-04-06T14:22:46.165Z]     [575/636] Building CXX object plugin\al\plugin\AL_USDMayaTestPlugin\CMakeFiles\AL_USDMayaTestPlugin.dir\AL\usdmaya\nodes\test_Transform.cpp.obj
[2023-04-06T14:22:46.612Z]     [576/636] Building CXX object plugin\al\plugin\AL_USDMayaTestPlugin\CMakeFiles\AL_USDMayaTestPlugin.dir\AL\usdmaya\nodes\test_ProxyUsdGeomCamera.cpp.obj
[2023-04-06T14:22:47.352Z]     [577/636] Building CXX object plugin\al\plugin\AL_USDMayaTestPlugin\CMakeFiles\AL_USDMayaTestPlugin.dir\AL\usdmaya\nodes\test_ProxyShape.cpp.obj
[2023-04-06T14:22:48.903Z]     [578/636] Building CXX object plugin\al\plugin\AL_USDMayaTestPlugin\CMakeFiles\AL_USDMayaTestPlugin.dir\AL\usdmaya\nodes\test_TransformMatrix.cpp.obj
[2023-04-06T14:22:49.591Z]     [579/636] Building CXX object plugin\al\plugin\AL_USDMayaTestPlugin\CMakeFiles\AL_USDMayaTestPlugin.dir\test_translators_AnimationTranslator.cpp.obj
[2023-04-06T14:22:49.812Z]     [580/636] Building CXX object plugin\al\plugin\AL_USDMayaTestPlugin\CMakeFiles\AL_USDMayaTestPlugin.dir\AL\usdmaya\test_DiffPrimVar.cpp.obj
[2023-04-06T14:22:50.849Z]     [581/636] Building CXX object plugin\al\schemas\AL\usd\schemas\maya\CMakeFiles\AL_USDMayaSchemas.dir\tokens.cpp.obj
[2023-04-06T14:22:51.178Z]     [582/636] Building CXX object plugin\al\plugin\AL_USDMayaTestPlugin\CMakeFiles\AL_USDMayaTestPlugin.dir\AL\usdmaya\nodes\test_VariantFallbacks.cpp.obj
[2023-04-06T14:22:51.505Z]     [583/636] Building CXX object plugin\al\schemas\AL\usd\schemas\maya\CMakeFiles\_AL_USDMayaSchemas.dir\module.cpp.obj
[2023-04-06T14:22:52.650Z]     [584/636] Building CXX object plugin\al\plugin\AL_USDMayaTestPlugin\CMakeFiles\AL_USDMayaTestPlugin.dir\AL\usdmaya\test_DiffGeom.cpp.obj
[2023-04-06T14:22:52.771Z]     [585/636] Building CXX object plugin\al\plugin\AL_USDMayaTestPlugin\CMakeFiles\AL_USDMayaTestPlugin.dir\AL\usdmaya\nodes\test_TranslatorContext.cpp.obj
[2023-04-06T14:22:53.309Z]     [586/636] Building CXX object plugin\al\plugin\AL_USDMayaTestPlugin\CMakeFiles\AL_USDMayaTestPlugin.dir\test_translators_PythonBindings.cpp.obj
[2023-04-06T14:22:53.665Z]     [587/636] Building CXX object plugin\al\schemas\AL\usd\schemas\maya\CMakeFiles\AL_USDMayaSchemas.dir\FrameRange.cpp.obj
[2023-04-06T14:22:54.350Z]     [588/636] Building CXX object plugin\al\plugin\AL_USDMayaTestPlugin\CMakeFiles\AL_USDMayaTestPlugin.dir\test_translators_Translator.cpp.obj
[2023-04-06T14:22:54.690Z]     [589/636] Building CXX object plugin\al\plugin\AL_USDMayaTestPlugin\CMakeFiles\AL_USDMayaTestPlugin.dir\test_translators_NurbsCurveTranslator.cpp.obj
[2023-04-06T14:22:55.168Z]     [590/636] Building CXX object plugin\al\plugin\AL_USDMayaTestPlugin\CMakeFiles\AL_USDMayaTestPlugin.dir\test_usdmaya.cpp.obj
[2023-04-06T14:22:55.594Z]     [591/636] Building CXX object plugin\al\schemas\AL\usd\schemas\maya\CMakeFiles\AL_USDMayaSchemas.dir\ModelAPI.cpp.obj
[2023-04-06T14:22:55.594Z]     [592/636] Building CXX object plugin\al\plugin\AL_USDMayaTestPlugin\CMakeFiles\AL_USDMayaTestPlugin.dir\test_translators_TransformTranslator.cpp.obj
[2023-04-06T14:22:55.819Z]     [593/636] Building CXX object plugin\al\plugin\AL_USDMayaTestPlugin\CMakeFiles\AL_USDMayaTestPlugin.dir\test_translators_CameraTranslator.cpp.obj
[2023-04-06T14:22:55.820Z]     [594/636] Building CXX object plugin\al\schemas\AL\usd\schemas\mayatest\CMakeFiles\_AL_USDMayaSchemasTest.dir\module.cpp.obj
[2023-04-06T14:22:56.093Z]     [595/636] Building CXX object plugin\al\schemas\AL\usd\schemas\maya\CMakeFiles\AL_USDMayaSchemas.dir\ModuleDeps.cpp.obj
[2023-04-06T14:22:56.330Z]     [596/636] Building CXX object plugin\al\schemas\AL\usd\schemas\maya\tests\CMakeFiles\testMayaSchemas.dir\main.cpp.obj
[2023-04-06T14:22:56.567Z]     [597/636] Building CXX object plugin\al\plugin\AL_USDMayaTestPlugin\CMakeFiles\AL_USDMayaTestPlugin.dir\test_usdmaya_AttributeType.cpp.obj
[2023-04-06T14:22:56.894Z]     [598/636] Building CXX object plugin\al\schemas\AL\usd\schemas\mayatest\CMakeFiles\AL_USDMayaSchemasTest.dir\tokens.cpp.obj
[2023-04-06T14:22:56.894Z]     [599/636] Linking CXX shared library plugin\al\schemas\AL\usd\schemas\maya\AL_USDMayaSchemas.dll
[2023-04-06T14:22:57.030Z]     [600/636] Building CXX object plugin\al\plugin\AL_USDMayaTestPlugin\CMakeFiles\AL_USDMayaTestPlugin.dir\test_translators_DgTranslator.cpp.obj
[2023-04-06T14:22:57.654Z]     [601/636] Building CXX object plugin\al\plugin\AL_USDMayaTestPlugin\CMakeFiles\AL_USDMayaTestPlugin.dir\test_translators_MeshTranslator.cpp.obj
[2023-04-06T14:22:57.654Z]     [602/636] Building CXX object plugin\al\schemas\AL\usd\schemas\maya\CMakeFiles\_AL_USDMayaSchemas.dir\wrapTokens.cpp.obj
[2023-04-06T14:22:57.974Z]     [603/636] Building CXX object plugin\al\translators\CMakeFiles\AL_USDMayaTranslators.dir\CommonTranslatorOptions.cpp.obj
[2023-04-06T14:22:59.206Z]     [604/636] Building CXX object plugin\al\schemas\AL\usd\schemas\mayatest\CMakeFiles\AL_USDMayaSchemasTest.dir\ModuleDeps.cpp.obj
[2023-04-06T14:22:59.526Z]     [605/636] Building CXX object plugin\al\schemas\AL\usd\schemas\mayatest\CMakeFiles\_AL_USDMayaSchemasTest.dir\wrapTokens.cpp.obj
[2023-04-06T14:23:00.687Z]     [606/636] Building CXX object plugin\al\schemas\AL\usd\schemas\maya\CMakeFiles\_AL_USDMayaSchemas.dir\wrapModelAPI.cpp.obj
[2023-04-06T14:23:02.566Z]     [607/636] Building CXX object plugin\al\schemas\AL\usd\schemas\maya\tests\CMakeFiles\testMayaSchemas.dir\testModelAPI.cpp.obj
[2023-04-06T14:23:02.690Z]     [608/636] Building CXX object plugin\al\schemas\AL\usd\schemas\maya\tests\CMakeFiles\testMayaSchemas.dir\testMayaSchemas.cpp.obj
[2023-04-06T14:23:02.690Z]     [609/636] Building CXX object plugin\al\schemas\AL\usd\schemas\mayatest\CMakeFiles\AL_USDMayaSchemasTest.dir\ExamplePolyCubeNode.cpp.obj
[2023-04-06T14:23:03.229Z]     [610/636] Building CXX object plugin\al\schemas\AL\usd\schemas\maya\CMakeFiles\_AL_USDMayaSchemas.dir\wrapFrameRange.cpp.obj
[2023-04-06T14:23:03.345Z]     [611/636] Linking CXX shared library plugin\al\schemas\AL\usd\schemas\mayatest\AL_USDMayaSchemasTest.dll
[2023-04-06T14:23:03.345Z]     [612/636] Linking CXX executable plugin\al\schemas\AL\usd\schemas\maya\tests\testMayaSchemas.exe
[2023-04-06T14:23:04.018Z]     [613/636] Linking CXX shared library plugin\al\schemas\AL\usd\schemas\maya\_AL_USDMayaSchemas.pyd
[2023-04-06T14:23:04.018Z]     [614/636] Building CXX object plugin\al\translators\CMakeFiles\AL_USDMayaTranslators.dir\FrameRange.cpp.obj
[2023-04-06T14:23:04.595Z]     [615/636] Building CXX object plugin\al\schemas\AL\usd\schemas\mayatest\CMakeFiles\_AL_USDMayaSchemasTest.dir\wrapExamplePolyCubeNode.cpp.obj
[2023-04-06T14:23:04.595Z]     [616/636] Building CXX object plugin\al\translators\CMakeFiles\AL_USDMayaTranslators.dir\Camera.cpp.obj
[2023-04-06T14:23:04.595Z]     [617/636] Building CXX object plugin\adsk\plugin\CMakeFiles\mayaUsdPlugin.dir\adskListShadingModesCommand.cpp.obj
[2023-04-06T14:23:04.916Z]     [618/636] Building CXX object plugin\adsk\plugin\CMakeFiles\mayaUsdPlugin.dir\adskListJobContextsCommand.cpp.obj
[2023-04-06T14:23:05.135Z]     [619/636] Building CXX object plugin\al\translators\CMakeFiles\AL_USDMayaTranslators.dir\NurbsCurve.cpp.obj
[2023-04-06T14:23:05.252Z]     [620/636] Linking CXX shared library plugin\al\schemas\AL\usd\schemas\mayatest\_AL_USDMayaSchemasTest.pyd
[2023-04-06T14:23:05.670Z]     [621/636] Linking CXX shared library plugin\al\plugin\AL_USDMayaTestPlugin\AL_USDMayaTestPlugin.mll
[2023-04-06T14:23:05.887Z]     [622/636] Building CXX object plugin\al\translators\CMakeFiles\AL_USDMayaTranslators.dir\Mesh.cpp.obj
[2023-04-06T14:23:06.509Z]     [623/636] Building CXX object plugin\adsk\plugin\CMakeFiles\mayaUsdPlugin.dir\adskImportCommand.cpp.obj
[2023-04-06T14:23:06.509Z]     [624/636] Building CXX object plugin\al\translators\CMakeFiles\AL_USDMayaTranslators.dir\MayaReference.cpp.obj
[2023-04-06T14:23:06.927Z]     [625/636] Building CXX object plugin\al\translators\CMakeFiles\AL_USDMayaTranslators.dir\DirectionalLight.cpp.obj
[2023-04-06T14:23:07.447Z]     [626/636] Building CXX object plugin\al\translators\pxrUsdTranslators\CMakeFiles\AL_USDMayaPxrTranslators.dir\ProxyShapeTranslator.cpp.obj
[2023-04-06T14:23:07.562Z]     [627/636] Building CXX object plugin\adsk\plugin\CMakeFiles\mayaUsdPlugin.dir\adskExportCommand.cpp.obj
[2023-04-06T14:23:07.676Z]     [628/636] Linking CXX shared library plugin\al\translators\AL_USDMayaTranslators.dll
[2023-04-06T14:23:08.198Z]     [629/636] Linking CXX shared library plugin\al\translators\pxrUsdTranslators\AL_USDMayaPxrTranslators.mll
[2023-04-06T14:23:09.328Z]     [630/636] Building CXX object plugin\adsk\plugin\CMakeFiles\mayaUsdPlugin.dir\importTranslator.cpp.obj
[2023-04-06T14:23:09.545Z]     [631/636] Building CXX object plugin\adsk\plugin\CMakeFiles\mayaUsdPlugin.dir\adskStageLoadUnloadCommands.cpp.obj
[2023-04-06T14:23:10.471Z]     [632/636] Building CXX object plugin\adsk\plugin\CMakeFiles\mayaUsdPlugin.dir\ProxyShape.cpp.obj
[2023-04-06T14:23:10.585Z]     [633/636] Building CXX object plugin\adsk\plugin\CMakeFiles\mayaUsdPlugin.dir\geomNode.cpp.obj
[2023-04-06T14:23:10.585Z]     [634/636] Building CXX object plugin\adsk\plugin\CMakeFiles\mayaUsdPlugin.dir\plugin.cpp.obj
[2023-04-06T14:23:11.308Z]     [635/636] Building CXX object plugin\adsk\plugin\CMakeFiles\mayaUsdPlugin.dir\exportTranslator.cpp.obj
[2023-04-06T14:23:12.124Z]     [636/636] Linking CXX shared module plugin\adsk\plugin\mayaUsdPlugin.mll
[2023-04-06T14:23:12.124Z]     
[2023-04-06T14:23:12.124Z]         Building with settings:
[2023-04-06T14:23:12.124Z]           Source directory          S:\jenkins\workspace\ECP\ecg-maya-usd\ecg-mayausd-branch-preflight-2020-windows\ecg-maya-usd\maya-usd
[2023-04-06T14:23:12.124Z]           Workspace directory       W:\
[2023-04-06T14:23:12.124Z]           Build directory           W:\build\RelWithDebInfo
[2023-04-06T14:23:12.124Z]           Install directory         W:\install\RelWithDebInfo\MayaUSD
[2023-04-06T14:23:12.124Z]           Variant                   RelWithDebInfo
[2023-04-06T14:23:12.124Z]           Python Debug              Off
[2023-04-06T14:23:12.124Z]           CMake generator           Ninja
[2023-04-06T14:23:12.124Z]           Build arguments           ['-DCMAKE_MAKE_PROGRAM=P:/shared/Artifactory/Windows/ninja/1.9.0/c68f192/ninja.exe', '-DPYTHON_INCLUDE_DIR=P:/shared/Artifactory/Windows/rundev-2020/202107140359/runtime/5d64bf0/runTime/include/Python', '-DPython_EXECUTABLE=P:/shared/Artifactory/Windows/rundev-2020/202107140359/runtime/5d64bf0/runTime/bin/mayapy.exe', '-DPYTHON_LIBRARIES=P:/shared/Artifactory/Windows/rundev-2020/202107140359/runtime/5d64bf0/runTime/lib/python27.lib', '-DUSD_LIB_PREFIX=', '-DBUILD_HDMAYA=OFF']
[2023-04-06T14:23:12.124Z]           Stages arguments          ['build']
[2023-04-06T14:23:12.124Z]           CTest arguments           ['-E testUsdReferenceAssemblySelection|testUsdMayaAppDir', '-LE interactive', '--parallel 16']
[2023-04-06T14:23:12.124Z]     Success MayaUSD build and install !!!!
[2023-04-06T14:23:12.124Z]     Elapsed time: 00:04:42
[Pipeline] bat
[2023-04-06T14:23:12.457Z] Deleting alias drive W:
[Pipeline] bat
[2023-04-06T14:23:12.804Z] Deleting alias drive P:
[Pipeline] }
[Pipeline] // withEnv
[Pipeline] }
[Pipeline] // timeout
[Pipeline] }
[Pipeline] // stage
[Pipeline] }
[Pipeline] // timestamps
[Pipeline] timestamps
[Pipeline] {
[Pipeline] stage
[Pipeline] { (Install)
[Pipeline] timeout
[2023-04-06T14:23:13.023Z] Timeout set to expire in 6 hr 0 min
[Pipeline] {
[Pipeline] withEnv
[Pipeline] {
[Pipeline] bat
[2023-04-06T14:23:13.342Z] Creating alias drive P: to S:\jenkins\workspace
[Pipeline] bat
[2023-04-06T14:23:13.688Z] Creating alias drive W: to S:\jenkins\workspace\ECP\ecg-maya-usd\ecg-mayausd-branch-preflight-2020-windows
[Pipeline] bat
[2023-04-06T14:23:14.220Z] "C:\Program Files (x86)\Microsoft Visual Studio\2017\Professional\VC\Auxiliary\Build\vcvarsall.bat" x64
[2023-04-06T14:23:14.324Z] **********************************************************************
[2023-04-06T14:23:14.324Z] ** Visual Studio 2017 Developer Command Prompt v15.9.15
[2023-04-06T14:23:14.324Z] ** Copyright (c) 2017 Microsoft Corporation
[2023-04-06T14:23:14.324Z] **********************************************************************
[2023-04-06T14:23:15.241Z] [vcvarsall.bat] Environment initialized for: 'x64'
[2023-04-06T14:23:15.241Z] python ecg-maya-usd/build.py --stages=install --workspace-dir=W:\ --artifactory-dir=P:\shared\Artifactory --build-dir=W:\build --install-dir=W:\install --signing-dir=W:\signing --package-dir=W:\package --output-dir=W:\output --stash-dir=W:\stash --jenkins-build=830 --git-commit=a8fa22c6f13696b4ec78dd9d6c429e0c7430f14d --git-branch=master --variants=RelWithDebInfo --python=2.7 --post-zips=false --maya-cut-config=maya-rundev-2020.yaml --maya-package=rundev-2020 --stage-banner
[2023-04-06T14:23:16.158Z] Using Maya cut from P:\shared\Artifactory\Windows\rundev-2020\202107140359\runtime\5d64bf0
[2023-04-06T14:23:16.266Z] 
[2023-04-06T14:23:16.266Z] ================================================================================
[2023-04-06T14:23:16.266Z]                             install (RelWithDebInfo)
[2023-04-06T14:23:16.266Z] ================================================================================
[2023-04-06T14:23:16.266Z] Maya Python RelWithDebInfo Info:
[2023-04-06T14:23:16.266Z]   mayapy executable   = P:\shared\Artifactory\Windows\rundev-2020\202107140359\runtime\5d64bf0\runTime\bin\mayapy.exe
[2023-04-06T14:23:16.266Z]   Include Folder      = P:\shared\Artifactory\Windows\rundev-2020\202107140359\runtime\5d64bf0\runTime\include\Python
[2023-04-06T14:23:16.266Z]   Library             = P:\shared\Artifactory\Windows\rundev-2020\202107140359\runtime\5d64bf0\runTime\lib\python27.lib
[2023-04-06T14:23:16.266Z]   site-package Folder = P:\shared\Artifactory\Windows\rundev-2020\202107140359\runtime\5d64bf0\runTime\Python\Lib\site-packages
[2023-04-06T14:23:16.882Z] In workdir: S:\jenkins\workspace\ECP\ecg-maya-usd\ecg-mayausd-branch-preflight-2020-windows\ecg-maya-usd\maya-usd
[2023-04-06T14:23:16.882Z] Executing: 'P:\\shared\\Artifactory\\Windows\\rundev-2020\\202107140359\\runtime\\5d64bf0\\runTime\\bin\\mayapy.exe' 'S:\\jenkins\\workspace\\ECP\\ecg-maya-usd\\ecg-mayausd-branch-preflight-2020-windows\\ecg-maya-usd\\maya-usd\\build.py' --generator Ninja --build-relwithdebug --maya-location 'P:\\shared\\Artifactory\\Windows\\rundev-2020\\202107140359\\runtime\\5d64bf0\\runTime' --devkit-location 'P:\\shared\\Artifactory\\Windows\\rundev-2020\\202107140359\\runtime\\5d64bf0\\devkitBase' --pxrusd-location 'P:\\shared\\Artifactory\\Windows\\USD\\9ab6422' --qt-location 'P:\\shared\\Artifactory\\Windows\\qt\\5.12.5\\4755980' --materialx '--build-args=-DCMAKE_MAKE_PROGRAM=P:/shared/Artifactory/Windows/ninja/1.9.0/c68f192/ninja.exe,-DPYTHON_INCLUDE_DIR=P:/shared/Artifactory/Windows/rundev-2020/202107140359/runtime/5d64bf0/runTime/include/Python,-DPython_EXECUTABLE=P:/shared/Artifactory/Windows/rundev-2020/202107140359/runtime/5d64bf0/runTime/bin/mayapy.exe,-DPYTHON_LIBRARIES=P:/shared/Artifactory/Windows/rundev-2020/202107140359/runtime/5d64bf0/runTime/lib/python27.lib,-DUSD_LIB_PREFIX=,-DBUILD_HDMAYA=OFF' '--ctest-args=-E testUsdReferenceAssemblySelection|testUsdMayaAppDir,-LE interactive,--parallel 16' --stages=install --redirect-outstream-file=False --install-location 'W:\\install\\RelWithDebInfo\\MayaUSD' 'W:\\'
[2023-04-06T14:23:16.882Z] Modified environment variables:
[2023-04-06T14:23:16.882Z]     PATH=P:\shared\Artifactory\Windows\cmake\3.20.3\afe857a\bin;C:\Python27\lib\site-packages\pywin32_system32;C:\Program Files (x86)\Microsoft Visual Studio\2017\Professional\VC\Tools\MSVC\14.16.27023\bin\HostX64\x64;C:\Program Files (x86)\Microsoft Visual Studio\2017\Professional\Common7\IDE\VC\VCPackages;C:\Program Files (x86)\Microsoft Visual Studio\2017\Professional\Common7\IDE\CommonExtensions\Microsoft\TestWindow;C:\Program Files (x86)\Microsoft Visual Studio\2017\Professional\Common7\IDE\CommonExtensions\Microsoft\TeamFoundation\Team Explorer;C:\Program Files (x86)\Microsoft Visual Studio\2017\Professional\MSBuild\15.0\bin\Roslyn;C:\Program Files (x86)\Microsoft Visual Studio\2017\Professional\Team Tools\Performance Tools\x64;C:\Program Files (x86)\Microsoft Visual Studio\2017\Professional\Team Tools\Performance Tools;C:\Program Files (x86)\Microsoft Visual Studio\Shared\Common\VSPerfCollectionTools\\x64;C:\Program Files (x86)\Microsoft Visual Studio\Shared\Common\VSPerfCollectionTools\;C:\Program Files (x86)\Microsoft SDKs\Windows\v10.0A\bin\NETFX 4.6.1 Tools\x64\;C:\Program Files (x86)\HTML Help Workshop;C:\Program Files (x86)\Windows Kits\10\bin\10.0.18362.0\x64;C:\Program Files (x86)\Windows Kits\10\bin\x64;C:\Program Files (x86)\Microsoft Visual Studio\2017\Professional\\MSBuild\15.0\bin;C:\WINDOWS\Microsoft.NET\Framework64\v4.0.30319;C:\Program Files (x86)\Microsoft Visual Studio\2017\Professional\Common7\IDE\;C:\Program Files (x86)\Microsoft Visual Studio\2017\Professional\Common7\Tools\;C:\Python27\;C:\Python27\Scripts;C:\WINDOWS\system32;C:\WINDOWS;C:\WINDOWS\System32\Wbem;C:\WINDOWS\System32\WindowsPowerShell\v1.0\;C:\WINDOWS\System32\OpenSSH\;C:\ProgramData\chocolatey\bin;C:\Program Files (x86)\WiX Toolset v3.7\bin;C:\Program Files\dotnet\;C:\Program Files (x86)\Windows Kits\10\bin\10.0.18362.0\x64;C:\Program Files\Zulu\zulu-11\bin\;C:\Program Files (x86)\Windows Kits\10\bin\10.0.17763.0\x64;C:\Program Files (x86)\Windows Kits\10\bin\x64;C:\Program Files\Git\cmd;C:\Program Files\Git\usr\bin;C:\Program Files\Git\mingw64\bin;C:\Program Files\Git\bin;C:\Python38\;C:\Python38\Scripts;C:\StoreBoxClientWindows;C:\Program Files\Electric Cloud\ElectricCommander\bin;C:\Program Files\WinRAR;C:\Program Files\7-Zip;C:\Users\Administrator\AppData\Local\Microsoft\WindowsApps;C:\Program Files (x86)\Microsoft Visual Studio\2017\Professional\Common7\IDE\CommonExtensions\Microsoft\CMake\CMake\bin;C:\Program Files (x86)\Microsoft Visual Studio\2017\Professional\Common7\IDE\CommonExtensions\Microsoft\CMake\Ninja
[2023-04-06T14:23:17.398Z]     [1/8] Automatic MOC and UIC for target mayaUsdUI
[2023-04-06T14:23:17.399Z]     [2/5] Automatic MOC and UIC for target testMayaUsdUI
[2023-04-06T14:23:17.399Z]     [2/3] Install the project...
[2023-04-06T14:23:17.399Z]     -- Install configuration: "RelWithDebInfo"
[2023-04-06T14:23:20.153Z]     
[2023-04-06T14:23:20.153Z]         Building with settings:
[2023-04-06T14:23:20.153Z]           Source directory          S:\jenkins\workspace\ECP\ecg-maya-usd\ecg-mayausd-branch-preflight-2020-windows\ecg-maya-usd\maya-usd
[2023-04-06T14:23:20.153Z]           Workspace directory       W:\
[2023-04-06T14:23:20.153Z]           Build directory           W:\build\RelWithDebInfo
[2023-04-06T14:23:20.153Z]           Install directory         W:\install\RelWithDebInfo\MayaUSD
[2023-04-06T14:23:20.153Z]           Variant                   RelWithDebInfo
[2023-04-06T14:23:20.153Z]           Python Debug              Off
[2023-04-06T14:23:20.153Z]           CMake generator           Ninja
[2023-04-06T14:23:20.153Z]           Build arguments           ['-DCMAKE_MAKE_PROGRAM=P:/shared/Artifactory/Windows/ninja/1.9.0/c68f192/ninja.exe', '-DPYTHON_INCLUDE_DIR=P:/shared/Artifactory/Windows/rundev-2020/202107140359/runtime/5d64bf0/runTime/include/Python', '-DPython_EXECUTABLE=P:/shared/Artifactory/Windows/rundev-2020/202107140359/runtime/5d64bf0/runTime/bin/mayapy.exe', '-DPYTHON_LIBRARIES=P:/shared/Artifactory/Windows/rundev-2020/202107140359/runtime/5d64bf0/runTime/lib/python27.lib', '-DUSD_LIB_PREFIX=', '-DBUILD_HDMAYA=OFF']
[2023-04-06T14:23:20.153Z]           Stages arguments          ['install']
[2023-04-06T14:23:20.153Z]           CTest arguments           ['-E testUsdReferenceAssemblySelection|testUsdMayaAppDir', '-LE interactive', '--parallel 16']
[2023-04-06T14:23:20.153Z]     Success MayaUSD build and install !!!!
[2023-04-06T14:23:20.153Z]     Elapsed time: 00:00:03
[Pipeline] bat
[2023-04-06T14:23:20.486Z] Deleting alias drive W:
[Pipeline] bat
[2023-04-06T14:23:20.831Z] Deleting alias drive P:
[Pipeline] }
[Pipeline] // withEnv
[Pipeline] }
[Pipeline] // timeout
[Pipeline] }
[Pipeline] // stage
[Pipeline] }
[Pipeline] // timestamps
[Pipeline] timestamps
[Pipeline] {
[Pipeline] stage
[Pipeline] { (Test)
[Pipeline] timeout
[2023-04-06T14:23:21.081Z] Timeout set to expire in 6 hr 0 min
[Pipeline] {
[Pipeline] withEnv
[Pipeline] {
[Pipeline] bat
[2023-04-06T14:23:21.401Z] Creating alias drive P: to S:\jenkins\workspace
[Pipeline] bat
[2023-04-06T14:23:21.748Z] Creating alias drive W: to S:\jenkins\workspace\ECP\ecg-maya-usd\ecg-mayausd-branch-preflight-2020-windows
[Pipeline] bat
[2023-04-06T14:23:22.291Z] "C:\Program Files (x86)\Microsoft Visual Studio\2017\Professional\VC\Auxiliary\Build\vcvarsall.bat" x64
[2023-04-06T14:23:22.398Z] **********************************************************************
[2023-04-06T14:23:22.398Z] ** Visual Studio 2017 Developer Command Prompt v15.9.15
[2023-04-06T14:23:22.398Z] ** Copyright (c) 2017 Microsoft Corporation
[2023-04-06T14:23:22.398Z] **********************************************************************
[2023-04-06T14:23:23.318Z] [vcvarsall.bat] Environment initialized for: 'x64'
[2023-04-06T14:23:23.318Z] python ecg-maya-usd/build.py --stages=test --workspace-dir=W:\ --artifactory-dir=P:\shared\Artifactory --build-dir=W:\build --install-dir=W:\install --signing-dir=W:\signing --package-dir=W:\package --output-dir=W:\output --stash-dir=W:\stash --jenkins-build=830 --git-commit=a8fa22c6f13696b4ec78dd9d6c429e0c7430f14d --git-branch=master --variants=RelWithDebInfo --python=2.7 --post-zips=false --test-jobs=0 --failed-test-retry=3 --maya-cut-config=maya-rundev-2020.yaml --maya-package=rundev-2020 --stage-banner --progressive-timeout
[2023-04-06T14:23:24.237Z] Using Maya cut from P:\shared\Artifactory\Windows\rundev-2020\202107140359\runtime\5d64bf0
[2023-04-06T14:23:24.346Z] 
[2023-04-06T14:23:24.346Z] ================================================================================
[2023-04-06T14:23:24.346Z]                              test (RelWithDebInfo)
[2023-04-06T14:23:24.346Z] ================================================================================
[2023-04-06T14:23:24.346Z] Maya Python RelWithDebInfo Info:
[2023-04-06T14:23:24.346Z]   mayapy executable   = P:\shared\Artifactory\Windows\rundev-2020\202107140359\runtime\5d64bf0\runTime\bin\mayapy.exe
[2023-04-06T14:23:24.346Z]   Include Folder      = P:\shared\Artifactory\Windows\rundev-2020\202107140359\runtime\5d64bf0\runTime\include\Python
[2023-04-06T14:23:24.346Z]   Library             = P:\shared\Artifactory\Windows\rundev-2020\202107140359\runtime\5d64bf0\runTime\lib\python27.lib
[2023-04-06T14:23:24.346Z]   site-package Folder = P:\shared\Artifactory\Windows\rundev-2020\202107140359\runtime\5d64bf0\runTime\Python\Lib\site-packages
[2023-04-06T14:23:25.062Z] In workdir: S:\jenkins\workspace\ECP\ecg-maya-usd\ecg-mayausd-branch-preflight-2020-windows\ecg-maya-usd\maya-usd
[2023-04-06T14:23:25.062Z] Executing: 'P:\\shared\\Artifactory\\Windows\\rundev-2020\\202107140359\\runtime\\5d64bf0\\runTime\\bin\\mayapy.exe' 'S:\\jenkins\\workspace\\ECP\\ecg-maya-usd\\ecg-mayausd-branch-preflight-2020-windows\\ecg-maya-usd\\maya-usd\\build.py' --generator Ninja --build-relwithdebug --maya-location 'P:\\shared\\Artifactory\\Windows\\rundev-2020\\202107140359\\runtime\\5d64bf0\\runTime' --devkit-location 'P:\\shared\\Artifactory\\Windows\\rundev-2020\\202107140359\\runtime\\5d64bf0\\devkitBase' --pxrusd-location 'P:\\shared\\Artifactory\\Windows\\USD\\9ab6422' --qt-location 'P:\\shared\\Artifactory\\Windows\\qt\\5.12.5\\4755980' --materialx '--build-args=-DCMAKE_MAKE_PROGRAM=P:/shared/Artifactory/Windows/ninja/1.9.0/c68f192/ninja.exe,-DPYTHON_INCLUDE_DIR=P:/shared/Artifactory/Windows/rundev-2020/202107140359/runtime/5d64bf0/runTime/include/Python,-DPython_EXECUTABLE=P:/shared/Artifactory/Windows/rundev-2020/202107140359/runtime/5d64bf0/runTime/bin/mayapy.exe,-DPYTHON_LIBRARIES=P:/shared/Artifactory/Windows/rundev-2020/202107140359/runtime/5d64bf0/runTime/lib/python27.lib,-DUSD_LIB_PREFIX=,-DBUILD_HDMAYA=OFF' '--ctest-args=-E testUsdReferenceAssemblySelection|testUsdMayaAppDir,-LE interactive,--parallel 16' --stages=test --redirect-outstream-file=False --install-location 'W:\\install\\RelWithDebInfo\\MayaUSD' 'W:\\'
[2023-04-06T14:23:25.062Z] Modified environment variables:
[2023-04-06T14:23:25.062Z]     PATH=P:\shared\Artifactory\Windows\cmake\3.20.3\afe857a\bin;C:\Python27\lib\site-packages\pywin32_system32;C:\Program Files (x86)\Microsoft Visual Studio\2017\Professional\VC\Tools\MSVC\14.16.27023\bin\HostX64\x64;C:\Program Files (x86)\Microsoft Visual Studio\2017\Professional\Common7\IDE\VC\VCPackages;C:\Program Files (x86)\Microsoft Visual Studio\2017\Professional\Common7\IDE\CommonExtensions\Microsoft\TestWindow;C:\Program Files (x86)\Microsoft Visual Studio\2017\Professional\Common7\IDE\CommonExtensions\Microsoft\TeamFoundation\Team Explorer;C:\Program Files (x86)\Microsoft Visual Studio\2017\Professional\MSBuild\15.0\bin\Roslyn;C:\Program Files (x86)\Microsoft Visual Studio\2017\Professional\Team Tools\Performance Tools\x64;C:\Program Files (x86)\Microsoft Visual Studio\2017\Professional\Team Tools\Performance Tools;C:\Program Files (x86)\Microsoft Visual Studio\Shared\Common\VSPerfCollectionTools\\x64;C:\Program Files (x86)\Microsoft Visual Studio\Shared\Common\VSPerfCollectionTools\;C:\Program Files (x86)\Microsoft SDKs\Windows\v10.0A\bin\NETFX 4.6.1 Tools\x64\;C:\Program Files (x86)\HTML Help Workshop;C:\Program Files (x86)\Windows Kits\10\bin\10.0.18362.0\x64;C:\Program Files (x86)\Windows Kits\10\bin\x64;C:\Program Files (x86)\Microsoft Visual Studio\2017\Professional\\MSBuild\15.0\bin;C:\WINDOWS\Microsoft.NET\Framework64\v4.0.30319;C:\Program Files (x86)\Microsoft Visual Studio\2017\Professional\Common7\IDE\;C:\Program Files (x86)\Microsoft Visual Studio\2017\Professional\Common7\Tools\;C:\Python27\;C:\Python27\Scripts;C:\WINDOWS\system32;C:\WINDOWS;C:\WINDOWS\System32\Wbem;C:\WINDOWS\System32\WindowsPowerShell\v1.0\;C:\WINDOWS\System32\OpenSSH\;C:\ProgramData\chocolatey\bin;C:\Program Files (x86)\WiX Toolset v3.7\bin;C:\Program Files\dotnet\;C:\Program Files (x86)\Windows Kits\10\bin\10.0.18362.0\x64;C:\Program Files\Zulu\zulu-11\bin\;C:\Program Files (x86)\Windows Kits\10\bin\10.0.17763.0\x64;C:\Program Files (x86)\Windows Kits\10\bin\x64;C:\Program Files\Git\cmd;C:\Program Files\Git\usr\bin;C:\Program Files\Git\mingw64\bin;C:\Program Files\Git\bin;C:\Python38\;C:\Python38\Scripts;C:\StoreBoxClientWindows;C:\Program Files\Electric Cloud\ElectricCommander\bin;C:\Program Files\WinRAR;C:\Program Files\7-Zip;C:\Users\Administrator\AppData\Local\Microsoft\WindowsApps;C:\Program Files (x86)\Microsoft Visual Studio\2017\Professional\Common7\IDE\CommonExtensions\Microsoft\CMake\CMake\bin;C:\Program Files (x86)\Microsoft Visual Studio\2017\Professional\Common7\IDE\CommonExtensions\Microsoft\CMake\Ninja
[2023-04-06T14:23:25.270Z]     Test project W:/build/RelWithDebInfo
[2023-04-06T14:23:26.292Z]             Start   1: testMayaUsdConverter
[2023-04-06T14:23:26.292Z]             Start   2: testMayaUsdCreateStageCommands
[2023-04-06T14:23:26.292Z]             Start   3: testMayaUsdPythonImport
[2023-04-06T14:23:26.292Z]             Start   4: testMayaUsdLayerEditorCommands
[2023-04-06T14:23:26.422Z]             Start   5: testMayaUsdCacheId
[2023-04-06T14:23:26.422Z]             Start   7: _Interactive_Maya
[2023-04-06T14:23:26.422Z]       1/164 Test   #7: _Interactive_Maya ...............................***Not Run (Disabled)   0.00 sec
[2023-04-06T14:23:26.422Z]             Start   8: testMayaUsdPlugVersionCheck
[2023-04-06T14:23:26.422Z]             Start   9: testMatrices
[2023-04-06T14:23:26.422Z]             Start  10: testMayaPickwalk
[2023-04-06T14:23:26.422Z]             Start  11: testPythonWrappers
[2023-04-06T14:23:26.422Z]             Start  12: testSelection
[2023-04-06T14:23:26.422Z]             Start  13: testSelectionByArray
[2023-04-06T14:23:26.422Z]             Start  14: testUfePythonImport
[2023-04-06T14:23:26.422Z]             Start  15: testAttributeBlock
[2023-04-06T14:23:26.422Z]             Start  16: testBlockedLayerEdit
[2023-04-06T14:23:26.422Z]             Start  17: testLegacyDeleteCmd
[2023-04-06T14:23:26.422Z]             Start  18: testPrimReader
[2023-04-06T14:23:30.727Z]       2/164 Test   #5: testMayaUsdCacheId ..............................   Passed    4.34 sec
[2023-04-06T14:23:30.727Z]             Start  19: testPrimWriter
[2023-04-06T14:23:30.851Z]       3/164 Test   #1: testMayaUsdConverter ............................   Passed    4.55 sec
[2023-04-06T14:23:30.852Z]             Start  20: testExportChaser
[2023-04-06T14:23:31.069Z]       4/164 Test  #12: testSelection ...................................   Passed    4.62 sec
[2023-04-06T14:23:31.069Z]             Start  21: testImportChaser
[2023-04-06T14:23:31.201Z]       5/164 Test   #8: testMayaUsdPlugVersionCheck .....................   Passed    4.79 sec
[2023-04-06T14:23:31.201Z]             Start  22: testImportWithNamespace
[2023-04-06T14:23:31.339Z]       6/164 Test   #3: testMayaUsdPythonImport .........................   Passed    4.95 sec
[2023-04-06T14:23:31.339Z]             Start  23: testJobContextRegistry
[2023-04-06T14:23:31.339Z]       7/164 Test   #4: testMayaUsdLayerEditorCommands ..................   Passed    4.95 sec
[2023-04-06T14:23:31.339Z]             Start  24: testDisplayLayerSaveRestore
[2023-04-06T14:23:31.452Z]       8/164 Test   #2: testMayaUsdCreateStageCommands ..................   Passed    5.11 sec
[2023-04-06T14:23:31.452Z]             Start  25: testSchemaApiAdaptor
[2023-04-06T14:23:31.666Z]       9/164 Test  #18: testPrimReader ..................................   Passed    5.18 sec
[2023-04-06T14:23:31.666Z]             Start  26: testReadWriteUtils
[2023-04-06T14:23:31.666Z]      10/164 Test  #14: testUfePythonImport .............................   Passed    5.23 sec
[2023-04-06T14:23:31.666Z]             Start  27: testXformStack
[2023-04-06T14:23:31.666Z]      11/164 Test  #16: testBlockedLayerEdit ............................   Passed    5.23 sec
[2023-04-06T14:23:31.666Z]             Start  28: testGeomNode
[2023-04-06T14:23:31.877Z]      12/164 Test   #9: testMatrices ....................................   Passed    5.49 sec
[2023-04-06T14:23:31.877Z]             Start  29: testLayerManagerSerialization
[2023-04-06T14:23:32.143Z]      13/164 Test  #11: testPythonWrappers ..............................   Passed    5.70 sec
[2023-04-06T14:23:32.143Z]             Start  30: testPointBasedDeformerNode
[2023-04-06T14:23:32.143Z]      14/164 Test  #17: testLegacyDeleteCmd .............................   Passed    5.68 sec
[2023-04-06T14:23:32.143Z]             Start  31: testProxyShapeBase
[2023-04-06T14:23:32.143Z]      15/164 Test  #10: testMayaPickwalk ................................   Passed    5.77 sec
[2023-04-06T14:23:32.143Z]             Start  32: testHdImagingShape
[2023-04-06T14:23:32.358Z]      16/164 Test  #13: testSelectionByArray ............................   Passed    5.98 sec
[2023-04-06T14:23:32.358Z]             Start  51: testUsdUndoManager
[2023-04-06T14:23:32.468Z]      17/164 Test  #15: testAttributeBlock ..............................   Passed    6.06 sec
[2023-04-06T14:23:32.468Z]             Start  52: testBlockSceneModificationContext
[2023-04-06T14:23:34.998Z]      18/164 Test  #19: testPrimWriter ..................................   Passed    4.23 sec
[2023-04-06T14:23:34.998Z]             Start  53: testDiagnosticDelegate
[2023-04-06T14:23:35.229Z]      19/164 Test  #20: testExportChaser ................................   Passed    4.38 sec
[2023-04-06T14:23:35.229Z]             Start  54: testLoadRules
[2023-04-06T14:23:35.400Z]      20/164 Test  #21: testImportChaser ................................   Passed    4.31 sec
[2023-04-06T14:23:35.400Z]             Start  55: testTargetLayer
[2023-04-06T14:23:35.654Z]      21/164 Test  #23: testJobContextRegistry ..........................   Passed    4.31 sec
[2023-04-06T14:23:35.654Z]             Start  56: testSplitString
[2023-04-06T14:23:35.893Z]      22/164 Test  #22: testImportWithNamespace .........................   Passed    4.69 sec
[2023-04-06T14:23:35.893Z]             Start  57: testPxrUsdPreviewSurfaceDraw
[2023-04-06T14:23:35.893Z]      23/164 Test  #24: testDisplayLayerSaveRestore .....................   Passed    4.57 sec
[2023-04-06T14:23:35.893Z]             Start  58: testPxrUsdPreviewSurfaceExport
[2023-04-06T14:23:35.893Z]      24/164 Test  #27: testXformStack ..................................   Passed    4.26 sec
[2023-04-06T14:23:35.893Z]             Start  59: testMayaUsdSchemasPythonImport
[2023-04-06T14:23:36.110Z]      25/164 Test  #26: testReadWriteUtils ..............................   Passed    4.44 sec
[2023-04-06T14:23:36.110Z]             Start  60: testMayaUsdSchemasMayaReference
[2023-04-06T14:23:36.224Z]      26/164 Test  #25: testSchemaApiAdaptor ............................   Passed    4.75 sec
[2023-04-06T14:23:36.224Z]             Start  61: testDiffCore
[2023-04-06T14:23:36.342Z]      27/164 Test  #28: testGeomNode ....................................   Passed    4.64 sec
[2023-04-06T14:23:36.343Z]             Start  62: testDiffValues
[2023-04-06T14:23:36.343Z]      28/164 Test  #61: testDiffCore ....................................   Passed    0.14 sec
[2023-04-06T14:23:36.343Z]             Start  63: testDiffAttributes
[2023-04-06T14:23:36.343Z]      29/164 Test  #29: testLayerManagerSerialization ...................   Passed    4.50 sec
[2023-04-06T14:23:36.343Z]             Start  64: testDiffRelationships
[2023-04-06T14:23:36.460Z]      30/164 Test  #62: testDiffValues ..................................   Passed    0.14 sec
[2023-04-06T14:23:36.460Z]             Start  65: testDiffDictionaries
[2023-04-06T14:23:36.460Z]      31/164 Test  #30: testPointBasedDeformerNode ......................   Passed    4.39 sec
[2023-04-06T14:23:36.460Z]             Start  66: testDiffLists
[2023-04-06T14:23:36.587Z]      32/164 Test  #63: testDiffAttributes ..............................   Passed    0.20 sec
[2023-04-06T14:23:36.587Z]             Start  67: testDiffComputeOverall
[2023-04-06T14:23:36.587Z]      33/164 Test  #64: testDiffRelationships ...........................   Passed    0.20 sec
[2023-04-06T14:23:36.587Z]             Start  68: testDiffPrims
[2023-04-06T14:23:36.587Z]      34/164 Test  #65: testDiffDictionaries ............................   Passed    0.17 sec
[2023-04-06T14:23:36.587Z]             Start  69: testMergePrims
[2023-04-06T14:23:36.587Z]      35/164 Test  #66: testDiffLists ...................................   Passed    0.15 sec
[2023-04-06T14:23:36.587Z]             Start  70: testDiffMetadatas
[2023-04-06T14:23:36.707Z]      36/164 Test  #67: testDiffComputeOverall ..........................   Passed    0.14 sec
[2023-04-06T14:23:36.707Z]             Start  71: testUsdExportAnimation
[2023-04-06T14:23:36.707Z]      37/164 Test  #52: testBlockSceneModificationContext ...............   Passed    4.25 sec
[2023-04-06T14:23:36.707Z]             Start  72: testUsdExportAsClip
[2023-04-06T14:23:36.707Z]      38/164 Test  #68: testDiffPrims ...................................   Passed    0.18 sec
[2023-04-06T14:23:36.707Z]             Start  73: testUsdExportBindTransform
[2023-04-06T14:23:36.707Z]      39/164 Test  #54: testLoadRules ...................................   Passed    1.47 sec
[2023-04-06T14:23:36.707Z]             Start  74: testUsdExportBlendshapes
[2023-04-06T14:23:36.867Z]      40/164 Test  #55: testTargetLayer .................................   Passed    1.46 sec
[2023-04-06T14:23:36.867Z]             Start  75: testUsdExportCamera
[2023-04-06T14:23:36.867Z]      41/164 Test  #69: testMergePrims ..................................   Passed    0.20 sec
[2023-04-06T14:23:36.867Z]             Start  76: testUsdExportColorSets
[2023-04-06T14:23:36.867Z]      42/164 Test  #70: testDiffMetadatas ...............................   Passed    0.18 sec
[2023-04-06T14:23:36.867Z]             Start  77: testUsdExportConnected
[2023-04-06T14:23:36.867Z]      43/164 Test  #51: testUsdUndoManager ..............................   Passed    4.50 sec
[2023-04-06T14:23:36.867Z]             Start  78: testUsdExportDisplayColor
[2023-04-06T14:23:37.026Z]      44/164 Test  #32: testHdImagingShape ..............................   Passed    4.80 sec
[2023-04-06T14:23:37.026Z]             Start  79: testUsdExportEulerFilter
[2023-04-06T14:23:37.026Z]      45/164 Test  #56: testSplitString .................................   Passed    1.47 sec
[2023-04-06T14:23:37.026Z]             Start  80: testUsdExportFileFormat
[2023-04-06T14:23:37.743Z]      46/164 Test  #31: testProxyShapeBase ..............................   Passed    5.57 sec
[2023-04-06T14:23:37.743Z]             Start  81: testUsdExportFilterTypes
[2023-04-06T14:23:39.750Z]      47/164 Test  #57: testPxrUsdPreviewSurfaceDraw ....................   Passed    3.85 sec
[2023-04-06T14:23:39.750Z]             Start  82: testUsdExportFrameOffset
[2023-04-06T14:23:39.893Z]      48/164 Test  #53: testDiagnosticDelegate ..........................   Passed    4.97 sec
[2023-04-06T14:23:39.893Z]             Start  83: testUsdExportGeomSubset
[2023-04-06T14:23:40.010Z]      49/164 Test  #59: testMayaUsdSchemasPythonImport ..................   Passed    4.15 sec
[2023-04-06T14:23:40.010Z]             Start  84: testUsdExportInstances
[2023-04-06T14:23:40.165Z]      50/164 Test  #60: testMayaUsdSchemasMayaReference .................   Passed    4.09 sec
[2023-04-06T14:23:40.165Z]             Start  85: testUsdExportLayerAttributes
[2023-04-06T14:23:41.003Z]      51/164 Test  #71: testUsdExportAnimation ..........................   Passed    4.35 sec
[2023-04-06T14:23:41.003Z]             Start  86: testUsdExportLight
[2023-04-06T14:23:41.125Z]      52/164 Test  #58: testPxrUsdPreviewSurfaceExport ..................   Passed    5.19 sec
[2023-04-06T14:23:41.125Z]             Start  87: testUsdExportLocator
[2023-04-06T14:23:41.240Z]      53/164 Test  #74: testUsdExportBlendshapes ........................   Passed    4.48 sec
[2023-04-06T14:23:41.240Z]             Start  88: testUsdExportMayaInstancer
[2023-04-06T14:23:41.710Z]      54/164 Test  #77: testUsdExportConnected ..........................   Passed    4.88 sec
[2023-04-06T14:23:41.710Z]             Start  89: testUsdExportMesh
[2023-04-06T14:23:41.828Z]      55/164 Test  #80: testUsdExportFileFormat .........................   Passed    4.79 sec
[2023-04-06T14:23:41.828Z]             Start  90: testUsdExportNurbsCurve
[2023-04-06T14:23:42.049Z]      56/164 Test  #76: testUsdExportColorSets ..........................   Passed    5.26 sec
[2023-04-06T14:23:42.049Z]             Start  91: testUsdExportOpenLayer
[2023-04-06T14:23:42.049Z]      57/164 Test  #73: testUsdExportBindTransform ......................   Passed    5.33 sec
[2023-04-06T14:23:42.049Z]             Start  92: testUsdExportOverImport
[2023-04-06T14:23:42.290Z]      58/164 Test  #78: testUsdExportDisplayColor .......................   Passed    5.39 sec
[2023-04-06T14:23:42.290Z]             Start  93: testUsdExportUsdPreviewSurface
[2023-04-06T14:23:42.290Z]      59/164 Test  #79: testUsdExportEulerFilter ........................   Passed    5.38 sec
[2023-04-06T14:23:42.290Z]             Start  94: testUsdExportParentScope
[2023-04-06T14:23:42.554Z]      60/164 Test  #75: testUsdExportCamera .............................   Passed    5.69 sec
[2023-04-06T14:23:42.554Z]             Start  95: testUsdExportParticles
[2023-04-06T14:23:42.555Z]      61/164 Test  #72: testUsdExportAsClip .............................   Passed    5.80 sec
[2023-04-06T14:23:42.555Z]             Start  96: testUsdExportPref
[2023-04-06T14:23:42.910Z]      62/164 Test  #81: testUsdExportFilterTypes ........................   Passed    5.18 sec
[2023-04-06T14:23:42.913Z]             Start  97: testUsdExportRenderLayerMode
[2023-04-06T14:23:44.599Z]      63/164 Test  #85: testUsdExportLayerAttributes ....................   Passed    4.42 sec
[2023-04-06T14:23:44.599Z]             Start  98: testUsdExportRoots
[2023-04-06T14:23:44.729Z]      64/164 Test  #82: testUsdExportFrameOffset ........................   Passed    5.07 sec
[2023-04-06T14:23:44.729Z]             Start  99: testUsdExportRootsAndParentScope
[2023-04-06T14:23:44.947Z]      65/164 Test  #84: testUsdExportInstances ..........................   Passed    4.92 sec
[2023-04-06T14:23:44.947Z]             Start 100: testUsdExportSelection
[2023-04-06T14:23:45.074Z]      66/164 Test  #83: testUsdExportGeomSubset .........................   Passed    5.11 sec
[2023-04-06T14:23:45.074Z]             Start 101: testUsdExportSelectionHierarchy
[2023-04-06T14:23:45.641Z]      67/164 Test  #86: testUsdExportLight ..............................   Passed    4.58 sec
[2023-04-06T14:23:45.641Z]             Start 102: testUsdExportSkeleton
[2023-04-06T14:23:45.980Z]      68/164 Test  #87: testUsdExportLocator ............................   Passed    4.88 sec
[2023-04-06T14:23:45.980Z]             Start 103: testUsdExportStripNamespaces
[2023-04-06T14:23:46.201Z]      69/164 Test  #92: testUsdExportOverImport .........................   Passed    4.08 sec
[2023-04-06T14:23:46.201Z]             Start 104: testUsdExportStroke
[2023-04-06T14:23:46.354Z]      70/164 Test  #91: testUsdExportOpenLayer ..........................   Passed    4.32 sec
[2023-04-06T14:23:46.354Z]             Start 105: testUsdExportUserTaggedAttributes
[2023-04-06T14:23:46.682Z]      71/164 Test  #89: testUsdExportMesh ...............................   Passed    4.99 sec
[2023-04-06T14:23:46.682Z]             Start 106: testUsdExportVisibilityDefault
[2023-04-06T14:23:46.910Z]      72/164 Test  #97: testUsdExportRenderLayerMode ....................   Passed    4.01 sec
[2023-04-06T14:23:46.910Z]             Start 107: testUsdImportAnonymousLayer
[2023-04-06T14:23:46.910Z]      73/164 Test  #90: testUsdExportNurbsCurve .........................   Passed    5.05 sec
[2023-04-06T14:23:46.910Z]             Start 108: testUsdImportCamera
[2023-04-06T14:23:46.910Z]      74/164 Test  #93: testUsdExportUsdPreviewSurface ..................   Passed    4.68 sec
[2023-04-06T14:23:46.910Z]             Start 109: testUsdImportBasisCurves
[2023-04-06T14:23:47.074Z]      75/164 Test  #88: testUsdExportMayaInstancer ......................   Passed    5.76 sec
[2023-04-06T14:23:47.074Z]             Start 110: testUsdImportBatchNurbsCurves
[2023-04-06T14:23:47.314Z]      76/164 Test  #94: testUsdExportParentScope ........................   Passed    5.01 sec
[2023-04-06T14:23:47.314Z]             Start 111: testUsdImportLinearCurves
[2023-04-06T14:23:47.564Z]      77/164 Test  #95: testUsdExportParticles ..........................   Passed    5.12 sec
[2023-04-06T14:23:47.564Z]             Start 112: testUsdImportHighDegreeNurbsCurves
[2023-04-06T14:23:47.564Z]      78/164 Test  #96: testUsdExportPref ...............................   Passed    5.07 sec
[2023-04-06T14:23:47.564Z]             Start 113: testUsdImportNurbsCurves
[2023-04-06T14:23:49.139Z]      79/164 Test  #99: testUsdExportRootsAndParentScope ................   Passed    4.38 sec
[2023-04-06T14:23:49.139Z]             Start 114: testUsdImportBatchBezierCurves
[2023-04-06T14:23:49.787Z]      80/164 Test #100: testUsdExportSelection ..........................   Passed    4.84 sec
[2023-04-06T14:23:49.787Z]             Start 115: testUsdImportColorSets
[2023-04-06T14:23:50.007Z]      81/164 Test #101: testUsdExportSelectionHierarchy .................   Passed    4.96 sec
[2023-04-06T14:23:50.007Z]             Start 116: testUsdImportDisplacement
[2023-04-06T14:23:50.360Z]      82/164 Test #103: testUsdExportStripNamespaces ....................   Passed    4.42 sec
[2023-04-06T14:23:50.360Z]             Start 117: testUsdImportExportScope
[2023-04-06T14:23:50.804Z]      83/164 Test  #98: testUsdExportRoots ..............................   Passed    6.25 sec
[2023-04-06T14:23:50.804Z]             Start 118: testUsdImportExportTypelessDefs
[2023-04-06T14:23:50.930Z]      84/164 Test #104: testUsdExportStroke .............................   Passed    4.76 sec
[2023-04-06T14:23:50.930Z]             Start 119: testUsdImportFrameRange
[2023-04-06T14:23:51.163Z]      85/164 Test #107: testUsdImportAnonymousLayer .....................   Passed    4.24 sec
[2023-04-06T14:23:51.163Z]             Start 120: testUsdImportFramerates
[2023-04-06T14:23:51.163Z]      86/164 Test #105: testUsdExportUserTaggedAttributes ...............   Passed    4.83 sec
[2023-04-06T14:23:51.163Z]             Start 121: testUsdImportInstances
[2023-04-06T14:23:51.291Z]      87/164 Test #102: testUsdExportSkeleton ...........................   Passed    5.68 sec
[2023-04-06T14:23:51.291Z]             Start 122: testUsdImportLight
[2023-04-06T14:23:51.431Z]      88/164 Test #106: testUsdExportVisibilityDefault ..................   Passed    4.66 sec
[2023-04-06T14:23:51.431Z]             Start 123: testUsdImportMayaReference
[2023-04-06T14:23:51.431Z]      89/164 Test #109: testUsdImportBasisCurves ........................   Passed    4.42 sec
[2023-04-06T14:23:51.431Z]             Start 124: testUsdImportMesh
[2023-04-06T14:23:51.581Z]      90/164 Test #108: testUsdImportCamera .............................   Passed    4.61 sec
[2023-04-06T14:23:51.581Z]             Start 125: testUsdImportPointCache
[2023-04-06T14:23:51.811Z]      91/164 Test #110: testUsdImportBatchNurbsCurves ...................   Passed    4.78 sec
[2023-04-06T14:23:51.814Z]             Start 126: testUsdImportPreviewSurface
[2023-04-06T14:23:51.814Z]      92/164 Test #111: testUsdImportLinearCurves .......................   Passed    4.45 sec
[2023-04-06T14:23:51.814Z]             Start 127: testUsdImportSessionLayer
[2023-04-06T14:23:51.981Z]      93/164 Test #112: testUsdImportHighDegreeNurbsCurves ..............   Passed    4.37 sec
[2023-04-06T14:23:51.981Z]             Start 128: testUsdImportShadingModeDisplayColor
[2023-04-06T14:23:51.981Z]      94/164 Test #113: testUsdImportNurbsCurves ........................   Passed    4.42 sec
[2023-04-06T14:23:51.981Z]             Start 129: testUsdImportShadingModePxrRis
[2023-04-06T14:23:53.713Z]      95/164 Test #114: testUsdImportBatchBezierCurves ..................   Passed    4.52 sec
[2023-04-06T14:23:53.713Z]             Start 130: testUsdImportUVSetMappings
[2023-04-06T14:23:54.059Z]      96/164 Test #115: testUsdImportColorSets ..........................   Passed    4.26 sec
[2023-04-06T14:23:54.059Z]             Start 131: testUsdImportUSDZTextures
[2023-04-06T14:23:54.321Z]      97/164 Test #116: testUsdImportDisplacement .......................   Passed    4.28 sec
[2023-04-06T14:23:54.321Z]             Start 132: testUsdExportImportRoundtripPreviewSurface
[2023-04-06T14:23:54.656Z]      98/164 Test #117: testUsdImportExportScope ........................   Passed    4.31 sec
[2023-04-06T14:23:54.656Z]             Start 133: testUsdImportSkeleton
[2023-04-06T14:23:54.995Z]      99/164 Test #118: testUsdImportExportTypelessDefs .................   Passed    4.18 sec
[2023-04-06T14:23:54.995Z]             Start 134: testUsdImportXforms
[2023-04-06T14:23:55.334Z]     100/164 Test #119: testUsdImportFrameRange .........................   Passed    4.37 sec
[2023-04-06T14:23:55.335Z]             Start 135: testUsdImportXformAnim
[2023-04-06T14:23:55.335Z]     101/164 Test #120: testUsdImportFramerates .........................   Passed    4.26 sec
[2023-04-06T14:23:55.335Z]             Start 136: testUsdImportEulerFilter
[2023-04-06T14:23:55.572Z]     102/164 Test #122: testUsdImportLight ..............................   Passed    4.30 sec
[2023-04-06T14:23:55.572Z]             Start 137: testUsdMayaAdaptor
[2023-04-06T14:23:55.739Z]     103/164 Test #124: testUsdImportMesh ...............................   Passed    4.31 sec
[2023-04-06T14:23:55.739Z]             Start 138: testUsdMayaAdaptorGeom
[2023-04-06T14:23:55.739Z]     104/164 Test #121: testUsdImportInstances ..........................   Passed    4.49 sec
[2023-04-06T14:23:55.739Z]             Start 139: testUsdMayaAdaptorMetadata
[2023-04-06T14:23:55.900Z]     105/164 Test #125: testUsdImportPointCache .........................   Passed    4.39 sec
[2023-04-06T14:23:55.900Z]             Start 140: testUsdMayaAdaptorUndoRedo
[2023-04-06T14:23:56.073Z]     106/164 Test #127: testUsdImportSessionLayer .......................   Passed    4.25 sec
[2023-04-06T14:23:56.073Z]             Start 141: testUsdExportUVTransforms
[2023-04-06T14:23:56.211Z]     107/164 Test #126: testUsdImportPreviewSurface .....................   Passed    4.36 sec
[2023-04-06T14:23:56.211Z]             Start 142: testUsdExportUsdzPackage
[2023-04-06T14:23:56.211Z]     108/164 Test #123: testUsdImportMayaReference ......................   Passed    4.86 sec
[2023-04-06T14:23:56.211Z]             Start 143: testUsdImportRfMShaders
[2023-04-06T14:23:56.211Z]     109/164 Test #129: testUsdImportShadingModePxrRis ..................   Passed    4.23 sec
[2023-04-06T14:23:56.211Z]             Start 144: testUsdExportDisplacement
[2023-04-06T14:23:56.453Z]     110/164 Test #128: testUsdImportShadingModeDisplayColor ............   Passed    4.47 sec
[2023-04-06T14:23:56.453Z]             Start 145: testUsdExportShadingInstanced
[2023-04-06T14:23:58.049Z]     111/164 Test #130: testUsdImportUVSetMappings ......................   Passed    4.39 sec
[2023-04-06T14:23:58.049Z]             Start 146: testUsdExportShadingModePxrRis
[2023-04-06T14:23:58.580Z]     112/164 Test #131: testUsdImportUSDZTextures .......................   Passed    4.52 sec
[2023-04-06T14:23:58.580Z]             Start 147: testUsdExportImportUDIM
[2023-04-06T14:23:59.103Z]     113/164 Test #133: testUsdImportSkeleton ...........................   Passed    4.42 sec
[2023-04-06T14:23:59.103Z]             Start 148: testUsdExportRfMShaders
[2023-04-06T14:23:59.233Z]     114/164 Test #132: testUsdExportImportRoundtripPreviewSurface ......   Passed    4.98 sec
[2023-04-06T14:23:59.233Z]             Start 149: testUsdExportUVSets
[2023-04-06T14:23:59.353Z]     115/164 Test #136: testUsdImportEulerFilter ........................   Passed    3.99 sec
[2023-04-06T14:23:59.353Z]             Start 150: testUsdExportUVSetsFloat
[2023-04-06T14:23:59.614Z]     116/164 Test #135: testUsdImportXformAnim ..........................   Passed    4.36 sec
[2023-04-06T14:23:59.614Z]             Start 151: testUsdExportUVSetMappings
[2023-04-06T14:23:59.739Z]     117/164 Test #137: testUsdMayaAdaptor ..............................   Passed    4.13 sec
[2023-04-06T14:23:59.739Z]             Start 152: testUsdImportUVSets
[2023-04-06T14:23:59.867Z]     118/164 Test #138: testUsdMayaAdaptorGeom ..........................   Passed    4.21 sec
[2023-04-06T14:23:59.867Z]             Start 153: testUsdImportUVSetsFloat
[2023-04-06T14:24:00.129Z]     119/164 Test #140: testUsdMayaAdaptorUndoRedo ......................   Passed    4.15 sec
[2023-04-06T14:24:00.129Z]             Start 154: testUsdImportChaser
[2023-04-06T14:24:00.500Z]     120/164 Test #139: testUsdMayaAdaptorMetadata ......................   Passed    4.75 sec
[2023-04-06T14:24:00.500Z]             Start 155: testUsdExportCustomConverter-Maya
[2023-04-06T14:24:00.500Z]     121/164 Test #143: testUsdImportRfMShaders .........................   Passed    4.28 sec
[2023-04-06T14:24:00.500Z]             Start 156: testUsdExportCustomConverter-USD
[2023-04-06T14:24:00.618Z]     122/164 Test #142: testUsdExportUsdzPackage ........................   Passed    4.50 sec
[2023-04-06T14:24:00.618Z]             Start 157: testUsdImportCustomConverter-Maya
[2023-04-06T14:24:00.938Z]     123/164 Test #141: testUsdExportUVTransforms .......................   Passed    4.92 sec
[2023-04-06T14:24:00.938Z]             Start 158: testUsdImportCustomConverter-USD
[2023-04-06T14:24:01.490Z]     124/164 Test #145: testUsdExportShadingInstanced ...................   Passed    4.98 sec
[2023-04-06T14:24:01.490Z]             Start 159: testUsdMayaListShadingModesCommand
[2023-04-06T14:24:01.490Z]     125/164 Test #144: testUsdExportDisplacement .......................   Passed    5.19 sec
[2023-04-06T14:24:01.490Z]             Start 160: testUsdExportSchemaApi
[2023-04-06T14:24:02.769Z]     126/164 Test #146: testUsdExportShadingModePxrRis ..................   Passed    4.67 sec
[2023-04-06T14:24:02.769Z]             Start 161: testUsdImportExportSiteSpecificConfig
[2023-04-06T14:24:03.512Z]     127/164 Test #147: testUsdExportImportUDIM .........................   Passed    4.93 sec
[2023-04-06T14:24:03.512Z]             Start 162: testUsdExportAssembly
[2023-04-06T14:24:03.956Z]     128/164 Test #150: testUsdExportUVSetsFloat ........................   Passed    4.57 sec
[2023-04-06T14:24:03.956Z]             Start 163: testUsdExportAssemblyEdits
[2023-04-06T14:24:03.956Z]     129/164 Test #149: testUsdExportUVSets .............................   Passed    4.72 sec
[2023-04-06T14:24:03.956Z]             Start 164: testUsdExportPackage
[2023-04-06T14:24:04.081Z]     130/164 Test #152: testUsdImportUVSets .............................   Passed    4.31 sec
[2023-04-06T14:24:04.081Z]             Start 165: testUsdExportPointInstancer
[2023-04-06T14:24:04.081Z]     131/164 Test #148: testUsdExportRfMShaders .........................   Passed    4.98 sec
[2023-04-06T14:24:04.081Z]             Start 166: testUsdImportAsAssemblies
[2023-04-06T14:24:04.221Z]     132/164 Test #153: testUsdImportUVSetsFloat ........................   Passed    4.33 sec
[2023-04-06T14:24:04.221Z]             Start 167: testUsdImportNestedAssemblyAnimation
[2023-04-06T14:24:04.576Z]     133/164 Test #154: testUsdImportChaser .............................   Passed    4.49 sec
[2023-04-06T14:24:04.576Z]             Start 168: testUsdMayaGetVariantSetSelections
[2023-04-06T14:24:04.829Z]     134/164 Test #151: testUsdExportUVSetMappings ......................   Passed    5.12 sec
[2023-04-06T14:24:04.829Z]             Start 169: testUsdMayaModelKindProcessor
[2023-04-06T14:24:04.829Z]     135/164 Test #156: testUsdExportCustomConverter-USD ................   Passed    4.37 sec
[2023-04-06T14:24:04.829Z]             Start 170: testUsdMayaReferenceAssemblyEdits
[2023-04-06T14:24:05.201Z]     136/164 Test #155: testUsdExportCustomConverter-Maya ...............   Passed    4.71 sec
[2023-04-06T14:24:05.201Z]             Start 171: testUsdReferenceAssemblyChangeRepresentations
[2023-04-06T14:24:05.433Z]     137/164 Test #158: testUsdImportCustomConverter-USD ................   Passed    4.40 sec
[2023-04-06T14:24:05.433Z]             Start 172: testPxrUsdAlembicChaser
[2023-04-06T14:24:05.433Z]     138/164 Test #157: testUsdImportCustomConverter-Maya ...............   Passed    4.81 sec
[2023-04-06T14:24:05.433Z]             Start 173: AL_MayaUtilsTests
[2023-04-06T14:24:05.891Z]     139/164 Test #159: testUsdMayaListShadingModesCommand ..............   Passed    4.47 sec
[2023-04-06T14:24:05.891Z]             Start 174: GTest:AL_USDTransactionTests
[2023-04-06T14:24:06.153Z]     140/164 Test #174: GTest:AL_USDTransactionTests ....................   Passed    0.24 sec
[2023-04-06T14:24:06.153Z]             Start 175: Python:AL_USDTransactionTests
[2023-04-06T14:24:06.153Z]     141/164 Test #160: testUsdExportSchemaApi ..........................   Passed    4.73 sec
[2023-04-06T14:24:06.153Z]             Start 176: AL_USDMayaTestPlugin
[2023-04-06T14:24:06.838Z]     142/164 Test #175: Python:AL_USDTransactionTests ...................   Passed    0.68 sec
[2023-04-06T14:24:06.838Z]             Start 177: TestALUSDMayaPython_ProxyShape
[2023-04-06T14:24:07.352Z]     143/164 Test #161: testUsdImportExportSiteSpecificConfig ...........   Passed    4.60 sec
[2023-04-06T14:24:07.352Z]             Start 178: TestALUSDMayaPython_Translators
[2023-04-06T14:24:08.601Z]     144/164 Test #162: testUsdExportAssembly ...........................   Passed    5.12 sec
[2023-04-06T14:24:08.602Z]             Start 179: TestALUSDMayaPython_LayerManager
[2023-04-06T14:24:08.838Z]     145/164 Test #167: testUsdImportNestedAssemblyAnimation ............   Passed    4.64 sec
[2023-04-06T14:24:08.839Z]             Start 180: TestALUSDMayaPython_ImportModule
[2023-04-06T14:24:08.959Z]     146/164 Test #163: testUsdExportAssemblyEdits ......................   Passed    4.94 sec
[2023-04-06T14:24:08.959Z]             Start 181: testMayaSchemas
[2023-04-06T14:24:08.959Z]     147/164 Test #166: testUsdImportAsAssemblies .......................   Passed    4.86 sec
[2023-04-06T14:24:08.959Z]             Start 182: TestAdditionalTranslators
[2023-04-06T14:24:09.090Z]     148/164 Test #164: testUsdExportPackage ............................   Passed    5.05 sec
[2023-04-06T14:24:09.090Z]             Start 183: TestPxrUsdTranslators
[2023-04-06T14:24:09.090Z]     149/164 Test #181: testMayaSchemas .................................   Passed    0.21 sec
[2023-04-06T14:24:09.313Z]     150/164 Test #168: testUsdMayaGetVariantSetSelections ..............   Passed    4.71 sec
[2023-04-06T14:24:09.313Z]     151/164 Test #173: AL_MayaUtilsTests ...............................   Passed    3.88 sec
[2023-04-06T14:24:09.434Z]     152/164 Test #170: testUsdMayaReferenceAssemblyEdits ...............   Passed    4.52 sec
[2023-04-06T14:24:09.958Z]     153/164 Test #169: testUsdMayaModelKindProcessor ...................   Passed    5.15 sec
[2023-04-06T14:24:10.076Z]     154/164 Test #171: testUsdReferenceAssemblyChangeRepresentations ...   Passed    4.85 sec
[2023-04-06T14:24:10.401Z]     155/164 Test #172: testPxrUsdAlembicChaser .........................   Passed    5.02 sec
[2023-04-06T14:24:10.623Z]     156/164 Test #180: TestALUSDMayaPython_ImportModule ................   Passed    1.77 sec
[2023-04-06T14:24:10.942Z]     157/164 Test #177: TestALUSDMayaPython_ProxyShape ..................   Passed    4.11 sec
[2023-04-06T14:24:12.175Z]     158/164 Test #178: TestALUSDMayaPython_Translators .................   Passed    4.87 sec
[2023-04-06T14:24:12.798Z]     159/164 Test #179: TestALUSDMayaPython_LayerManager ................   Passed    4.14 sec
[2023-04-06T14:24:13.119Z]     160/164 Test #183: TestPxrUsdTranslators ...........................   Passed    4.04 sec
[2023-04-06T14:24:14.754Z]     161/164 Test #182: TestAdditionalTranslators .......................***Failed    5.79 sec
[2023-04-06T14:24:14.754Z]     MAYA_DEBUG_NO_SAVE_ON_CRASH is set.
[2023-04-06T14:24:14.754Z]     testDirectionalLight_PluginIsFunctional (testTranslators.TestTranslator) ... ok
[2023-04-06T14:24:14.754Z]     testDirectionalLight_TranslateRoundTrip (testTranslators.TestTranslator) ... ok
[2023-04-06T14:24:14.754Z]     testDirectionalLight_TranslatorExists (testTranslators.TestTranslator) ... ok
[2023-04-06T14:24:14.754Z]     testFrameRange_FallbackIsFunctional (testTranslators.TestTranslator) ... ok
[2023-04-06T14:24:14.754Z]     testFrameRange_NoImpactIfNoFrameRange (testTranslators.TestTranslator) ... ok
[2023-04-06T14:24:14.754Z]     testFrameRange_OnlyCurrentFrame (testTranslators.TestTranslator) ... ok
[2023-04-06T14:24:14.754Z]     testFrameRange_PluginIsFunctional (testTranslators.TestTranslator) ... ok
[2023-04-06T14:24:14.754Z]     testFrameRange_TranslatorExists (testTranslators.TestTranslator) ... ok
[2023-04-06T14:24:14.754Z]     testMayaReference_PluginIsFunctional (testTranslators.TestTranslator) ... File read in  0.41 seconds.
[2023-04-06T14:24:14.754Z]     File read in  0.011 seconds.
[2023-04-06T14:24:14.754Z]     Warning: line 1: The namespace name '/test_cubeWithDefaultNamespace' contains illegal characters.  Truncating to 'test_cubeWithDefaultNamespace'.
[2023-04-06T14:24:14.754Z]     File read in  0.011 seconds.
[2023-04-06T14:24:14.754Z]     ok
[2023-04-06T14:24:14.754Z]     testMayaReference_RefKeepsRefEdits (testTranslators.TestTranslator)
[2023-04-06T14:24:14.754Z]     Tests that, even if the MayaReference is swapped for a pure-usda representation, refedits are preserved ... File read in  0.011 seconds.
[2023-04-06T14:24:14.754Z]     File read in  0.011 seconds.
[2023-04-06T14:24:14.754Z]     ok
[2023-04-06T14:24:14.754Z]     testMayaReference_RefLoading (testTranslators.TestTranslator)
[2023-04-06T14:24:14.754Z]     Test that Maya References are only loaded when they need to be. ... File read in  0.011 seconds.
[2023-04-06T14:24:14.754Z]     File read in  0.011 seconds.
[2023-04-06T14:24:14.754Z]     File read in  0.011 seconds.
[2023-04-06T14:24:14.754Z]     ok
[2023-04-06T14:24:14.754Z]     testMayaReference_SurvivesHierarchyChanges (testTranslators.TestTranslator) ... File read in  0.011 seconds.
[2023-04-06T14:24:14.754Z]     File read in  0.011 seconds.
[2023-04-06T14:24:14.754Z]     ok
[2023-04-06T14:24:14.754Z]     testMayaReference_TranslatorExists (testTranslators.TestTranslator) ... ok
[2023-04-06T14:24:14.754Z]     testMayaReference_TranslatorImport (testTranslators.TestTranslator) ... File read in  0.011 seconds.
[2023-04-06T14:24:14.754Z]     File read in  0.011 seconds.
[2023-04-06T14:24:14.754Z]     Warning: line 1: The namespace name '/test_cubeWithDefaultNamespace' contains illegal characters.  Truncating to 'test_cubeWithDefaultNamespace'.
[2023-04-06T14:24:14.754Z]     File read in  0.011 seconds.
[2023-04-06T14:24:14.754Z]     ok
[2023-04-06T14:24:14.754Z]     testMeshTranslator_multipleTranslations (testTranslators.TestTranslator) ... ok
[2023-04-06T14:24:14.754Z]     testMeshTranslator_variantswitch (testTranslators.TestTranslator) ... ok
[2023-04-06T14:24:14.754Z]     testMesh_PretearDownEditTargetWrite (testTranslators.TestTranslator) ... ok
[2023-04-06T14:24:14.754Z]     testMesh_TranslateOff (testTranslators.TestTranslator) ... ok
[2023-04-06T14:24:14.754Z]     testMesh_TranslateRoundTrip (testTranslators.TestTranslator) ... ok
[2023-04-06T14:24:14.754Z]     testMesh_TranslatorExists (testTranslators.TestTranslator) ... ok
[2023-04-06T14:24:14.754Z]     testMesh_testTranslateOn (testTranslators.TestTranslator) ... ok
[2023-04-06T14:24:14.754Z]     testMultipleColorSetsExportImport (testTranslators.TestTranslator)
[2023-04-06T14:24:14.754Z]     Testing static export/import multiple color sets ... ('tempFile ', 'w:\\build\\relwithdebinfo\\test\\temporary\\testadditionaltranslators\\test_MeshTranslator_wflvpp.usda')
[2023-04-06T14:24:14.754Z]     ('tempFile ', 'w:\\build\\relwithdebinfo\\test\\temporary\\testadditionaltranslators\\test_MeshTranslator_vxib2x.usda')
[2023-04-06T14:24:14.754Z]     ('tempFile ', 'w:\\build\\relwithdebinfo\\test\\temporary\\testadditionaltranslators\\test_MeshTranslator_yjbvil.usda')
[2023-04-06T14:24:14.754Z]     Breakdown for file: w:/build/relwithdebinfo/test/temporary/testadditionaltranslators/tempTestMultiColorSetsExportvwn1fd.usda
[2023-04-06T14:24:14.754Z]     
[2023-04-06T14:24:14.754Z]     File read in  0.01 seconds.
[2023-04-06T14:24:14.754Z]     ok
[2023-04-06T14:24:14.754Z]     testNurbsCurve_PretearDownEditTargetWrite (testTranslators.TestTranslator) ... circle -c 0 0 0 -nr 0 1 0 -sw 360 -r 1 -d 3 -ut 0 -tol 0 -s 8 -ch 1; objectMoveCommand;
[2023-04-06T14:24:14.754Z]     ok
[2023-04-06T14:24:14.754Z]     testNurbsCurve_TranslateOff (testTranslators.TestTranslator) ... circle -c 0 0 0 -nr 0 1 0 -sw 360 -r 1 -d 3 -ut 0 -tol 0 -s 8 -ch 1; objectMoveCommand;
[2023-04-06T14:24:14.754Z]     ok
[2023-04-06T14:24:14.754Z]     testNurbsCurve_TranslateRoundTrip (testTranslators.TestTranslator) ... circle -c 0 0 0 -nr 0 1 0 -sw 360 -r 1 -d 3 -ut 0 -tol 0 -s 8 -ch 1; objectMoveCommand;
[2023-04-06T14:24:14.754Z]     ok
[2023-04-06T14:24:14.754Z]     testNurbsCurve_TranslatorExists (testTranslators.TestTranslator) ... ok
[2023-04-06T14:24:14.754Z]     testNurbsCurve_curve_width_double_export (testTranslators.TestTranslator) ... circle -c 0 0 0 -nr 0 1 0 -sw 360 -r 1 -d 3 -ut 0 -tol 0 -s 8 -ch 1; objectMoveCommand;
[2023-04-06T14:24:14.754Z]     ok
[2023-04-06T14:24:14.754Z]     testNurbsCurve_curve_width_doublearray_export (testTranslators.TestTranslator) ... circle -c 0 0 0 -nr 0 1 0 -sw 360 -r 1 -d 3 -ut 0 -tol 0 -s 8 -ch 1; objectMoveCommand;
[2023-04-06T14:24:14.754Z]     Unhandled typed attribute: nurbsCircleShape1 nurbsCurve
[2023-04-06T14:24:14.754Z]     ok
[2023-04-06T14:24:14.754Z]     testNurbsCurve_curve_width_doublearrayempty_export (testTranslators.TestTranslator) ... circle -c 0 0 0 -nr 0 1 0 -sw 360 -r 1 -d 3 -ut 0 -tol 0 -s 8 -ch 1; objectMoveCommand;
[2023-04-06T14:24:14.754Z]     Unhandled typed attribute: nurbsCircleShape1 nurbsCurve
[2023-04-06T14:24:14.754Z]     ok
[2023-04-06T14:24:14.754Z]     testNurbsCurve_curve_width_float_export (testTranslators.TestTranslator) ... circle -c 0 0 0 -nr 0 1 0 -sw 360 -r 1 -d 3 -ut 0 -tol 0 -s 8 -ch 1; objectMoveCommand;
[2023-04-06T14:24:14.754Z]     ok
[2023-04-06T14:24:14.754Z]     testNurbsCurve_curve_width_floatarray_export (testTranslators.TestTranslator) ... circle -c 0 0 0 -nr 0 1 0 -sw 360 -r 1 -d 3 -ut 0 -tol 0 -s 8 -ch 1; objectMoveCommand;
[2023-04-06T14:24:14.754Z]     Unhandled typed attribute: nurbsCircleShape1 nurbsCurve
[2023-04-06T14:24:14.754Z]     ok
[2023-04-06T14:24:14.754Z]     testNurbsCurve_curve_width_floatarrayempty_export (testTranslators.TestTranslator) ... circle -c 0 0 0 -nr 0 1 0 -sw 360 -r 1 -d 3 -ut 0 -tol 0 -s 8 -ch 1; objectMoveCommand;
[2023-04-06T14:24:14.754Z]     Unhandled typed attribute: nurbsCircleShape1 nurbsCurve
[2023-04-06T14:24:14.754Z]     ok
[2023-04-06T14:24:14.754Z]     testNurbsCurve_curve_width_none_export (testTranslators.TestTranslator) ... circle -c 0 0 0 -nr 0 1 0 -sw 360 -r 1 -d 3 -ut 0 -tol 0 -s 8 -ch 1; objectMoveCommand;
[2023-04-06T14:24:14.754Z]     ok
[2023-04-06T14:24:14.754Z]     testNurbsCurve_testTranslateOn (testTranslators.TestTranslator) ... circle -c 0 0 0 -nr 0 1 0 -sw 360 -r 1 -d 3 -ut 0 -tol 0 -s 8 -ch 1; objectMoveCommand;
[2023-04-06T14:24:14.754Z]     ok
[2023-04-06T14:24:14.754Z]     testTranslatedPrimDeactiveClearIssue (testTranslators.TestTranslator) ... File read in  0.011 seconds.
[2023-04-06T14:24:14.754Z]     ok
[2023-04-06T14:24:14.754Z]     testTranslatedPrimDeactiveCrashIssue (testTranslators.TestTranslator) ... File read in  0.011 seconds.
[2023-04-06T14:24:14.754Z]     ok
[2023-04-06T14:24:14.754Z]     testUSDSpecNurbsCurveExportImport (testTranslators.TestTranslator)
[2023-04-06T14:24:14.754Z]     Testing exporting maya nurbsCurves in USD's curve spec, and importing USD curve spec in Maya ... circle -c 0 0 0 -nr 0 1 0 -sw 360 -r 1 -d 3 -ut 0 -tol 0 -s 8 -ch 1; objectMoveCommand;
[2023-04-06T14:24:14.754Z]     Runtime Error: in WriteToFile at line 358 of S:\jenkins\workspace\ECP\ecg-usd-build\ecg-usd-full-windows\ecg-usd-build\usd\pxr\usd\sdf\textFileFormat.cpp -- Failed to rename temporary file 'w:\build\relwithdebinfo\test\temporary\testadditionaltranslators/test_USDNurbsCurveExportImport_a2tujl.gtah14' to 'w:\build\relwithdebinfo\test\temporary\testadditionaltranslators\test_USDNurbsCurveExportImport_a2tujl.usda': Access is denied.
[2023-04-06T14:24:14.754Z]     
[2023-04-06T14:24:14.754Z]     ERROR
[2023-04-06T14:24:14.754Z]     
[2023-04-06T14:24:14.754Z]     ======================================================================
[2023-04-06T14:24:14.754Z]     ERROR: testUSDSpecNurbsCurveExportImport (testTranslators.TestTranslator)
[2023-04-06T14:24:14.754Z]     Testing exporting maya nurbsCurves in USD's curve spec, and importing USD curve spec in Maya
[2023-04-06T14:24:14.754Z]     ----------------------------------------------------------------------
[2023-04-06T14:24:14.754Z]     Traceback (most recent call last):
[2023-04-06T14:24:14.754Z]       File "S:\jenkins\workspace\ECP\ecg-maya-usd\ecg-mayausd-branch-preflight-2020-windows\ecg-maya-usd\maya-usd\plugin\al\translators\tests\testTranslators.py", line 836, in testUSDSpecNurbsCurveExportImport
[2023-04-06T14:24:14.754Z]         stage = Usd.Stage.Open(tempFile.name)
[2023-04-06T14:24:14.754Z]     ErrorException:
[2023-04-06T14:24:14.754Z]     	Error in 'pxrInternal_v0_21__pxrReserved__::ArFilesystemAsset::Read' at line 95 in file S:\jenkins\workspace\ECP\ecg-usd-build\ecg-usd-full-windows\ecg-usd-build\usd\pxr\usd\ar\filesystemAsset_v1.cpp : 'Error occurred reading file: No such file or directory'
[2023-04-06T14:24:14.754Z]     	Error in 'pxrInternal_v0_21__pxrReserved__::SdfTextFileFormat::_ReadFromAsset' at line 185 in file S:\jenkins\workspace\ECP\ecg-usd-build\ecg-usd-full-windows\ecg-usd-build\usd\pxr\usd\sdf\textFileFormat.cpp : '<w:\build\relwithdebinfo\test\temporary\testadditionaltranslators\test_USDNurbsCurveExportImport_a2tujl.usda> is not a valid usda layer'
[2023-04-06T14:24:14.755Z]     	Error in 'pxrInternal_v0_21__pxrReserved__::UsdStage::Open' at line 878 in file S:\jenkins\workspace\ECP\ecg-usd-build\ecg-usd-full-windows\ecg-usd-build\usd\pxr\usd\usd\stage.cpp : 'Failed to open layer @w:\build\relwithdebinfo\test\temporary\testadditionaltranslators\test_USDNurbsCurveExportImport_a2tujl.usda@'
[2023-04-06T14:24:14.755Z]     
[2023-04-06T14:24:14.755Z]     ----------------------------------------------------------------------
[2023-04-06T14:24:14.755Z]     Ran 37 tests in 1.466s
[2023-04-06T14:24:14.755Z]     
[2023-04-06T14:24:14.755Z]     FAILED (errors=1)
[2023-04-06T14:24:14.755Z]     Warning: Plug-in, "AL_USDMayaPlugin.mll", is already loaded.  Skipped.
[2023-04-06T14:24:14.755Z]     ........File read in  0.012 seconds.
[2023-04-06T14:24:14.755Z]     File read in  0.011 seconds.
[2023-04-06T14:24:14.755Z]     Warning: line 1: The namespace name '/test_cubeWithDefaultNamespace' contains illegal characters.  Truncating to 'test_cubeWithDefaultNamespace'.
[2023-04-06T14:24:14.755Z]     File read in  0.011 seconds.
[2023-04-06T14:24:14.755Z]     .File read in  0.011 seconds.
[2023-04-06T14:24:14.755Z]     File read in  0.011 seconds.
[2023-04-06T14:24:14.755Z]     .File read in  0.011 seconds.
[2023-04-06T14:24:14.755Z]     File read in  0.011 seconds.
[2023-04-06T14:24:14.755Z]     File read in  0.012 seconds.
[2023-04-06T14:24:14.755Z]     .File read in  0.012 seconds.
[2023-04-06T14:24:14.755Z]     File read in  0.011 seconds.
[2023-04-06T14:24:14.755Z]     ..File read in  0.012 seconds.
[2023-04-06T14:24:14.755Z]     File read in  0.011 seconds.
[2023-04-06T14:24:14.755Z]     Warning: line 1: The namespace name '/test_cubeWithDefaultNamespace' contains illegal characters.  Truncating to 'test_cubeWithDefaultNamespace'.
[2023-04-06T14:24:14.755Z]     File read in  0.011 seconds.
[2023-04-06T14:24:14.755Z]     ........('tempFile ', 'w:\\build\\relwithdebinfo\\test\\temporary\\testadditionaltranslators\\test_MeshTranslator_9ahuw3.usda')
[2023-04-06T14:24:14.755Z]     ('tempFile ', 'w:\\build\\relwithdebinfo\\test\\temporary\\testadditionaltranslators\\test_MeshTranslator_tgipbd.usda')
[2023-04-06T14:24:14.755Z]     ('tempFile ', 'w:\\build\\relwithdebinfo\\test\\temporary\\testadditionaltranslators\\test_MeshTranslator_w16tnc.usda')
[2023-04-06T14:24:14.755Z]     Breakdown for file: w:/build/relwithdebinfo/test/temporary/testadditionaltranslators/tempTestMultiColorSetsExportaubybj.usda
[2023-04-06T14:24:14.755Z]     
[2023-04-06T14:24:14.755Z]     File read in  0.01 seconds.
[2023-04-06T14:24:14.755Z]     .circle -c 0 0 0 -nr 0 1 0 -sw 360 -r 1 -d 3 -ut 0 -tol 0 -s 8 -ch 1; objectMoveCommand;
[2023-04-06T14:24:14.755Z]     .circle -c 0 0 0 -nr 0 1 0 -sw 360 -r 1 -d 3 -ut 0 -tol 0 -s 8 -ch 1; objectMoveCommand;
[2023-04-06T14:24:14.755Z]     .circle -c 0 0 0 -nr 0 1 0 -sw 360 -r 1 -d 3 -ut 0 -tol 0 -s 8 -ch 1; objectMoveCommand;
[2023-04-06T14:24:14.755Z]     ..circle -c 0 0 0 -nr 0 1 0 -sw 360 -r 1 -d 3 -ut 0 -tol 0 -s 8 -ch 1; objectMoveCommand;
[2023-04-06T14:24:14.755Z]     .circle -c 0 0 0 -nr 0 1 0 -sw 360 -r 1 -d 3 -ut 0 -tol 0 -s 8 -ch 1; objectMoveCommand;
[2023-04-06T14:24:14.755Z]     Unhandled typed attribute: nurbsCircleShape1 nurbsCurve
[2023-04-06T14:24:14.755Z]     .circle -c 0 0 0 -nr 0 1 0 -sw 360 -r 1 -d 3 -ut 0 -tol 0 -s 8 -ch 1; objectMoveCommand;
[2023-04-06T14:24:14.755Z]     Unhandled typed attribute: nurbsCircleShape1 nurbsCurve
[2023-04-06T14:24:14.755Z]     .circle -c 0 0 0 -nr 0 1 0 -sw 360 -r 1 -d 3 -ut 0 -tol 0 -s 8 -ch 1; objectMoveCommand;
[2023-04-06T14:24:14.755Z]     .circle -c 0 0 0 -nr 0 1 0 -sw 360 -r 1 -d 3 -ut 0 -tol 0 -s 8 -ch 1; objectMoveCommand;
[2023-04-06T14:24:14.755Z]     Unhandled typed attribute: nurbsCircleShape1 nurbsCurve
[2023-04-06T14:24:14.755Z]     .circle -c 0 0 0 -nr 0 1 0 -sw 360 -r 1 -d 3 -ut 0 -tol 0 -s 8 -ch 1; objectMoveCommand;
[2023-04-06T14:24:14.755Z]     Unhandled typed attribute: nurbsCircleShape1 nurbsCurve
[2023-04-06T14:24:14.755Z]     .circle -c 0 0 0 -nr 0 1 0 -sw 360 -r 1 -d 3 -ut 0 -tol 0 -s 8 -ch 1; objectMoveCommand;
[2023-04-06T14:24:14.755Z]     .circle -c 0 0 0 -nr 0 1 0 -sw 360 -r 1 -d 3 -ut 0 -tol 0 -s 8 -ch 1; objectMoveCommand;
[2023-04-06T14:24:14.755Z]     .File read in  0.013 seconds.
[2023-04-06T14:24:14.755Z]     .File read in  0.012 seconds.
[2023-04-06T14:24:14.755Z]     .circle -c 0 0 0 -nr 0 1 0 -sw 360 -r 1 -d 3 -ut 0 -tol 0 -s 8 -ch 1; objectMoveCommand;
[2023-04-06T14:24:14.755Z]     Runtime Error: in WriteToFile at line 358 of S:\jenkins\workspace\ECP\ecg-usd-build\ecg-usd-full-windows\ecg-usd-build\usd\pxr\usd\sdf\textFileFormat.cpp -- Failed to rename temporary file 'w:\build\relwithdebinfo\test\temporary\testadditionaltranslators/test_USDNurbsCurveExportImport_kgfpkf.qcfdbq' to 'w:\build\relwithdebinfo\test\temporary\testadditionaltranslators\test_USDNurbsCurveExportImport_kgfpkf.usda': Access is denied.
[2023-04-06T14:24:14.755Z]     
[2023-04-06T14:24:14.755Z]     E
[2023-04-06T14:24:14.755Z]     ======================================================================
[2023-04-06T14:24:14.755Z]     ERROR: testUSDSpecNurbsCurveExportImport (testTranslators.TestTranslator)
[2023-04-06T14:24:14.755Z]     Testing exporting maya nurbsCurves in USD's curve spec, and importing USD curve spec in Maya
[2023-04-06T14:24:14.755Z]     ----------------------------------------------------------------------
[2023-04-06T14:24:14.755Z]     Traceback (most recent call last):
[2023-04-06T14:24:14.755Z]       File "S:\jenkins\workspace\ECP\ecg-maya-usd\ecg-mayausd-branch-preflight-2020-windows\ecg-maya-usd\maya-usd\plugin\al\translators\tests\testTranslators.py", line 836, in testUSDSpecNurbsCurveExportImport
[2023-04-06T14:24:14.755Z]         stage = Usd.Stage.Open(tempFile.name)
[2023-04-06T14:24:14.755Z]     ErrorException:
[2023-04-06T14:24:14.755Z]     	Error in 'pxrInternal_v0_21__pxrReserved__::ArFilesystemAsset::Read' at line 95 in file S:\jenkins\workspace\ECP\ecg-usd-build\ecg-usd-full-windows\ecg-usd-build\usd\pxr\usd\ar\filesystemAsset_v1.cpp : 'Error occurred reading file: No such file or directory'
[2023-04-06T14:24:14.755Z]     	Error in 'pxrInternal_v0_21__pxrReserved__::SdfTextFileFormat::_ReadFromAsset' at line 185 in file S:\jenkins\workspace\ECP\ecg-usd-build\ecg-usd-full-windows\ecg-usd-build\usd\pxr\usd\sdf\textFileFormat.cpp : '<w:\build\relwithdebinfo\test\temporary\testadditionaltranslators\test_USDNurbsCurveExportImport_kgfpkf.usda> is not a valid usda layer'
[2023-04-06T14:24:14.755Z]     	Error in 'pxrInternal_v0_21__pxrReserved__::UsdStage::Open' at line 878 in file S:\jenkins\workspace\ECP\ecg-usd-build\ecg-usd-full-windows\ecg-usd-build\usd\pxr\usd\usd\stage.cpp : 'Failed to open layer @w:\build\relwithdebinfo\test\temporary\testadditionaltranslators\test_USDNurbsCurveExportImport_kgfpkf.usda@'
[2023-04-06T14:24:14.755Z]     
[2023-04-06T14:24:14.755Z]     ----------------------------------------------------------------------
[2023-04-06T14:24:14.755Z]     Ran 37 tests in 0.833s
[2023-04-06T14:24:14.755Z]     
[2023-04-06T14:24:14.755Z]     FAILED (errors=1)
[2023-04-06T14:24:14.755Z]     
[2023-04-06T14:24:27.133Z]     162/164 Test #176: AL_USDMayaTestPlugin ............................   Passed   20.97 sec
[2023-04-06T14:24:33.638Z]     163/164 Test #165: testUsdExportPointInstancer .....................   Passed   29.61 sec
[2023-04-06T14:25:04.050Z]     164/164 Test #134: testUsdImportXforms .............................   Passed   69.07 sec
[2023-04-06T14:25:04.050Z]     
[2023-04-06T14:25:04.050Z]     99% tests passed, 1 tests failed out of 163
[2023-04-06T14:25:04.050Z]     
[2023-04-06T14:25:04.050Z]     Label Time Summary:
[2023-04-06T14:25:04.050Z]     Debugging            =   0.00 sec*proc (1 test)
[2023-04-06T14:25:04.050Z]     MayaUsd              =  28.70 sec*proc (6 tests)
[2023-04-06T14:25:04.050Z]     fileio               =  36.42 sec*proc (8 tests)
[2023-04-06T14:25:04.050Z]     fileio_utils         =   8.70 sec*proc (2 tests)
[2023-04-06T14:25:04.050Z]     nodes                =  23.91 sec*proc (5 tests)
[2023-04-06T14:25:04.050Z]     translators          = 490.59 sec*proc (91 tests)
[2023-04-06T14:25:04.050Z]     ufe                  =  49.77 sec*proc (9 tests)
[2023-04-06T14:25:04.050Z]     undo                 =   4.50 sec*proc (1 test)
[2023-04-06T14:25:04.050Z]     usdPreviewSurface    =   9.04 sec*proc (2 tests)
[2023-04-06T14:25:04.050Z]     utils                =   9.22 sec*proc (2 tests)
[2023-04-06T14:25:04.050Z]     
[2023-04-06T14:25:04.050Z]     Total Test time (real) =  98.79 sec
[2023-04-06T14:25:04.050Z]     
[2023-04-06T14:25:04.050Z]     The following tests did not run:
[2023-04-06T14:25:04.050Z]     	  7 - _Interactive_Maya (Disabled)
[2023-04-06T14:25:04.050Z]     
[2023-04-06T14:25:04.050Z]     The following tests FAILED:
[2023-04-06T14:25:04.050Z]     	182 - TestAdditionalTranslators (Failed)
[2023-04-06T14:25:04.050Z]     Errors while running CTest
[2023-04-06T14:25:04.050Z]     
[2023-04-06T14:25:04.050Z]         Building with settings:
[2023-04-06T14:25:04.050Z]           Source directory          S:\jenkins\workspace\ECP\ecg-maya-usd\ecg-mayausd-branch-preflight-2020-windows\ecg-maya-usd\maya-usd
[2023-04-06T14:25:04.050Z]           Workspace directory       W:\
[2023-04-06T14:25:04.050Z]           Build directory           W:\build\RelWithDebInfo
[2023-04-06T14:25:04.050Z]           Install directory         W:\install\RelWithDebInfo\MayaUSD
[2023-04-06T14:25:04.050Z]           Variant                   RelWithDebInfo
[2023-04-06T14:25:04.050Z]           Python Debug              Off
[2023-04-06T14:25:04.050Z]           CMake generator           Ninja
[2023-04-06T14:25:04.050Z]           Build arguments           ['-DCMAKE_MAKE_PROGRAM=P:/shared/Artifactory/Windows/ninja/1.9.0/c68f192/ninja.exe', '-DPYTHON_INCLUDE_DIR=P:/shared/Artifactory/Windows/rundev-2020/202107140359/runtime/5d64bf0/runTime/include/Python', '-DPython_EXECUTABLE=P:/shared/Artifactory/Windows/rundev-2020/202107140359/runtime/5d64bf0/runTime/bin/mayapy.exe', '-DPYTHON_LIBRARIES=P:/shared/Artifactory/Windows/rundev-2020/202107140359/runtime/5d64bf0/runTime/lib/python27.lib', '-DUSD_LIB_PREFIX=', '-DBUILD_HDMAYA=OFF']
[2023-04-06T14:25:04.050Z]           Stages arguments          ['test']
[2023-04-06T14:25:04.050Z]           CTest arguments           ['-E testUsdReferenceAssemblySelection|testUsdMayaAppDir', '-LE interactive', '--parallel 16']
[2023-04-06T14:25:04.050Z]     #####################################################################################
[2023-04-06T14:25:04.050Z]     log date: 2023-04-06 07:23
[2023-04-06T14:25:04.050Z]     commit sha: cc4154795c25e50152ce0edd22ad86275a0eade9
[2023-04-06T14:25:04.050Z]     commit date: Thu Apr 6 07:16:52 2023 -0700
[2023-04-06T14:25:04.050Z]     #####################################################################################
[2023-04-06T14:25:04.050Z]     
[2023-04-06T14:25:04.050Z]     cmake --build . --config RelWithDebInfo --target install -- -j16
[2023-04-06T14:25:04.050Z]     #####################################################################################
[2023-04-06T14:25:04.050Z]     log date: 2023-04-06 07:23
[2023-04-06T14:25:04.050Z]     commit sha: cc4154795c25e50152ce0edd22ad86275a0eade9
[2023-04-06T14:25:04.050Z]     commit date: Thu Apr 6 07:16:52 2023 -0700
[2023-04-06T14:25:04.050Z]     #####################################################################################
[2023-04-06T14:25:04.050Z]     
[2023-04-06T14:25:04.050Z]     ctest --output-on-failure --timeout 500 -C RelWithDebInfo -E testUsdReferenceAssemblySelection|testUsdMayaAppDir -LE interactive --parallel 16
[2023-04-06T14:25:04.050Z]     
[2023-04-06T14:25:04.050Z]     Traceback (most recent call last):
[2023-04-06T14:25:04.050Z]       File "S:\jenkins\workspace\ECP\ecg-maya-usd\ecg-mayausd-branch-preflight-2020-windows\ecg-maya-usd\maya-usd\build.py", line 641, in <module>
[2023-04-06T14:25:04.050Z]         RunTests(context, context.ctestArgs)
[2023-04-06T14:25:04.050Z]       File "S:\jenkins\workspace\ECP\ecg-maya-usd\ecg-mayausd-branch-preflight-2020-windows\ecg-maya-usd\maya-usd\build.py", line 416, in RunTests
[2023-04-06T14:25:04.050Z]         RunCTest(context,extraArgs)
[2023-04-06T14:25:04.050Z]       File "S:\jenkins\workspace\ECP\ecg-maya-usd\ecg-mayausd-branch-preflight-2020-windows\ecg-maya-usd\maya-usd\build.py", line 322, in RunCTest
[2023-04-06T14:25:04.050Z]         extraArgs=(" ".join(extraArgs) if extraArgs else "")))
[2023-04-06T14:25:04.050Z]       File "S:\jenkins\workspace\ECP\ecg-maya-usd\ecg-mayausd-branch-preflight-2020-windows\ecg-maya-usd\maya-usd\build.py", line 179, in Run
[2023-04-06T14:25:04.050Z]         .format(cmd=cmd, log=os.path.abspath(context.logFileLocation)))
[2023-04-06T14:25:04.050Z]     RuntimeError: Failed to run 'ctest --output-on-failure --timeout 500 -C RelWithDebInfo -E testUsdReferenceAssemblySelection|testUsdMayaAppDir -LE interactive --parallel 16 '
[2023-04-06T14:25:04.050Z]     See W:\build\RelWithDebInfo\build_log.txt for more details.
[2023-04-06T14:25:04.157Z] build.py: error: Command failed with error code: 1
[Pipeline] bat
[2023-04-06T14:25:04.489Z] Deleting alias drive W:
[Pipeline] bat
[2023-04-06T14:25:04.828Z] Deleting alias drive P:
[Pipeline] }
[Pipeline] // withEnv
[Pipeline] }
[Pipeline] // timeout
[Pipeline] }
[Pipeline] // stage
[Pipeline] }
[Pipeline] // timestamps
[Pipeline] emailextrecipients
Not sending mail to unregistered user ecg.jenkins@autodesk.com because your SCM claimed this was associated with a user ID ecg.jenkins' which your security realm does not recognize; you may need changes in your SCM plugin
Not sending mail to unregistered user ecg.jenkins@autodesk.com because your SCM claimed this was associated with a user ID ecg.jenkins' which your security realm does not recognize; you may need changes in your SCM plugin
[Pipeline] echo
No recipients to send notification.
[Pipeline] }
[Pipeline] // node
[Pipeline] End of Pipeline
ERROR: script returned exit code 1
[Checks API] No suitable checks publisher found.
Finished: FAILURE
