[2023-04-06T14:17:43.417Z] ================================================================================
[2023-04-06T14:17:43.417Z]                              setup (RelWithDebInfo)
[2023-04-06T14:17:43.417Z] ================================================================================
[Pipeline] }
[Pipeline] // withEnv
[Pipeline] }
[Pipeline] // timeout
[Pipeline] }
[Pipeline] // stage
[Pipeline] }
[Pipeline] // timestamps
[Pipeline] timestamps
[Pipeline] {
[Pipeline] stage
[Pipeline] { (Clean)
[Pipeline] timeout
[2023-04-06T14:17:43.632Z] Timeout set to expire in 6 hr 0 min
[Pipeline] {
[Pipeline] withEnv
[Pipeline] {
[Pipeline] sh
[2023-04-06T14:17:44.674Z] + python ecg-maya-usd/build.py --stages=clean --workspace-dir=/local/S/jenkins/workspace/ECP/ecg-maya-usd/ecg-mayausd-branch-preflight-2020-pxrusd-mid1-osx --artifactory-dir=/local/S/jenkins/workspace/shared/Artifactory --build-dir=/local/S/jenkins/workspace/ECP/ecg-maya-usd/ecg-mayausd-branch-preflight-2020-pxrusd-mid1-osx/build --install-dir=/local/S/jenkins/workspace/ECP/ecg-maya-usd/ecg-mayausd-branch-preflight-2020-pxrusd-mid1-osx/install --signing-dir=/local/S/jenkins/workspace/ECP/ecg-maya-usd/ecg-mayausd-branch-preflight-2020-pxrusd-mid1-osx/signing --package-dir=/local/S/jenkins/workspace/ECP/ecg-maya-usd/ecg-mayausd-branch-preflight-2020-pxrusd-mid1-osx/package --output-dir=/local/S/jenkins/workspace/ECP/ecg-maya-usd/ecg-mayausd-branch-preflight-2020-pxrusd-mid1-osx/output --stash-dir=/local/S/jenkins/workspace/ECP/ecg-maya-usd/ecg-mayausd-branch-preflight-2020-pxrusd-mid1-osx/stash --jenkins-build=830 --git-commit=a8fa22c6f13696b4ec78dd9d6c429e0c7430f14d --git-branch=master --variants=RelWithDebInfo --python=2.7 --pxrusd-version=mid1 --post-zips=false --maya-cut-config=maya-rundev-2020.yaml --maya-package=rundev-2020 --stage-banner
[2023-04-06T14:17:45.307Z] No catalog entry registered for tbb-4.4u5-ub2.
[2023-04-06T14:17:45.307Z] Using Maya cut from /local/S/jenkins/workspace/shared/Artifactory/OSX/rundev-2020/202107140359/runtime/446214e
[2023-04-06T14:17:45.307Z] 
[2023-04-06T14:17:45.307Z] ================================================================================
[2023-04-06T14:17:45.307Z]                              clean (RelWithDebInfo)
[2023-04-06T14:17:45.307Z] ================================================================================
[2023-04-06T14:17:45.307Z] Maya Python RelWithDebInfo Info:
[2023-04-06T14:17:45.307Z]   mayapy executable   = /local/S/jenkins/workspace/shared/Artifactory/OSX/rundev-2020/202107140359/runtime/446214e/runTime/Maya.app/Contents/bin/mayapy
[2023-04-06T14:17:45.307Z]   Include Folder      = /local/S/jenkins/workspace/shared/Artifactory/OSX/rundev-2020/202107140359/runtime/446214e/runTime/Maya.app/Contents/Frameworks/Python.framework/Versions/Current/include/python2.7
[2023-04-06T14:17:45.307Z]   Library             = /local/S/jenkins/workspace/shared/Artifactory/OSX/rundev-2020/202107140359/runtime/446214e/runTime/Maya.app/Contents/Frameworks/Python.framework/Versions/Current/lib/libpython2.7.dylib
[2023-04-06T14:17:45.307Z]   site-package Folder = /local/S/jenkins/workspace/shared/Artifactory/OSX/rundev-2020/202107140359/runtime/446214e/runTime/Maya.app/Contents/Frameworks/Python.framework/Versions/Current/lib/python2.7/site-packages
[2023-04-06T14:17:45.940Z] In workdir: /local/S/jenkins/workspace/ECP/ecg-maya-usd/ecg-mayausd-branch-preflight-2020-pxrusd-mid1-osx/ecg-maya-usd/maya-usd
[2023-04-06T14:17:45.940Z] Executing: /local/S/jenkins/workspace/shared/Artifactory/OSX/rundev-2020/202107140359/runtime/446214e/runTime/Maya.app/Contents/bin/mayapy /local/S/jenkins/workspace/ECP/ecg-maya-usd/ecg-mayausd-branch-preflight-2020-pxrusd-mid1-osx/ecg-maya-usd/maya-usd/build.py --generator Ninja --build-relwithdebug --maya-location /local/S/jenkins/workspace/shared/Artifactory/OSX/rundev-2020/202107140359/runtime/446214e/runTime --devkit-location /local/S/jenkins/workspace/shared/Artifactory/OSX/rundev-2020/202107140359/runtime/446214e/devkitBase --pxrusd-location /local/S/jenkins/workspace/shared/Artifactory/OSX/USD/cae4017 --qt-location /local/S/jenkins/workspace/shared/Artifactory/OSX/qt/5.12.5/3ca78fe --materialx --build-args=-DCMAKE_MAKE_PROGRAM=/local/S/jenkins/workspace/shared/Artifactory/OSX/ninja/1.9.0/41005eb/ninja,-DPYTHON_INCLUDE_DIR=/local/S/jenkins/workspace/shared/Artifactory/OSX/rundev-2020/202107140359/runtime/446214e/runTime/Maya.app/Contents/Frameworks/Python.framework/Versions/Current/include/python2.7,-DPython_EXECUTABLE=/local/S/jenkins/workspace/shared/Artifactory/OSX/rundev-2020/202107140359/runtime/446214e/runTime/Maya.app/Contents/bin/mayapy,-DPYTHON_LIBRARIES=/local/S/jenkins/workspace/shared/Artifactory/OSX/rundev-2020/202107140359/runtime/446214e/runTime/Maya.app/Contents/Frameworks/Python.framework/Versions/Current/lib/libpython2.7.dylib,-DUSD_LIB_PREFIX=lib,-DBUILD_HDMAYA=OFF '--ctest-args=-E testUsdReferenceAssemblySelection|testUsdMayaAppDir,-LE interactive,--parallel 4' --stages=clean --redirect-outstream-file=False --install-location /local/S/jenkins/workspace/ECP/ecg-maya-usd/ecg-mayausd-branch-preflight-2020-pxrusd-mid1-osx/install/RelWithDebInfo/MayaUSD /local/S/jenkins/workspace/ECP/ecg-maya-usd/ecg-mayausd-branch-preflight-2020-pxrusd-mid1-osx
[2023-04-06T14:17:45.940Z] Modified environment variables:
[2023-04-06T14:17:45.940Z]     PATH=/local/S/jenkins/workspace/shared/Artifactory/OSX/cmake/3.20.3/2594509/bin:/usr/local/bin:/bin:/usr/sbin:/sbin:/usr/bin
[2023-04-06T14:17:46.051Z]     
[2023-04-06T14:17:46.051Z]         Building with settings:
[2023-04-06T14:17:46.051Z]           Source directory          /local/S/jenkins/workspace/ECP/ecg-maya-usd/ecg-mayausd-branch-preflight-2020-pxrusd-mid1-osx/ecg-maya-usd/maya-usd
[2023-04-06T14:17:46.051Z]           Workspace directory       /local/S/jenkins/workspace/ECP/ecg-maya-usd/ecg-mayausd-branch-preflight-2020-pxrusd-mid1-osx
[2023-04-06T14:17:46.051Z]           Build directory           /local/S/jenkins/workspace/ECP/ecg-maya-usd/ecg-mayausd-branch-preflight-2020-pxrusd-mid1-osx/build/RelWithDebInfo
[2023-04-06T14:17:46.051Z]           Install directory         /local/S/jenkins/workspace/ECP/ecg-maya-usd/ecg-mayausd-branch-preflight-2020-pxrusd-mid1-osx/install/RelWithDebInfo/MayaUSD
[2023-04-06T14:17:46.051Z]           Variant                   RelWithDebInfo
[2023-04-06T14:17:46.051Z]           Python Debug              Off
[2023-04-06T14:17:46.051Z]           CMake generator           Ninja
[2023-04-06T14:17:46.051Z]           Build arguments           ['-DCMAKE_MAKE_PROGRAM=/local/S/jenkins/workspace/shared/Artifactory/OSX/ninja/1.9.0/41005eb/ninja', '-DPYTHON_INCLUDE_DIR=/local/S/jenkins/workspace/shared/Artifactory/OSX/rundev-2020/202107140359/runtime/446214e/runTime/Maya.app/Contents/Frameworks/Python.framework/Versions/Current/include/python2.7', '-DPython_EXECUTABLE=/local/S/jenkins/workspace/shared/Artifactory/OSX/rundev-2020/202107140359/runtime/446214e/runTime/Maya.app/Contents/bin/mayapy', '-DPYTHON_LIBRARIES=/local/S/jenkins/workspace/shared/Artifactory/OSX/rundev-2020/202107140359/runtime/446214e/runTime/Maya.app/Contents/Frameworks/Python.framework/Versions/Current/lib/libpython2.7.dylib', '-DUSD_LIB_PREFIX=lib', '-DBUILD_HDMAYA=OFF']
[2023-04-06T14:17:46.051Z]           Stages arguments          ['clean']
[2023-04-06T14:17:46.051Z]           CTest arguments           ['-E testUsdReferenceAssemblySelection|testUsdMayaAppDir', '-LE interactive', '--parallel 4']
[2023-04-06T14:17:46.051Z]     Success MayaUSD build and install !!!!
[2023-04-06T14:17:46.051Z]     Elapsed time: 00:00:00
[Pipeline] }
[Pipeline] // withEnv
[Pipeline] }
[Pipeline] // timeout
[Pipeline] }
[Pipeline] // stage
[Pipeline] }
[Pipeline] // timestamps
[Pipeline] timestamps
[Pipeline] {
[Pipeline] stage
[Pipeline] { (Configure)
[Pipeline] timeout
[2023-04-06T14:17:46.259Z] Timeout set to expire in 6 hr 0 min
[Pipeline] {
[Pipeline] withEnv
[Pipeline] {
[Pipeline] sh
[2023-04-06T14:17:47.305Z] + python ecg-maya-usd/build.py --stages=configure --workspace-dir=/local/S/jenkins/workspace/ECP/ecg-maya-usd/ecg-mayausd-branch-preflight-2020-pxrusd-mid1-osx --artifactory-dir=/local/S/jenkins/workspace/shared/Artifactory --build-dir=/local/S/jenkins/workspace/ECP/ecg-maya-usd/ecg-mayausd-branch-preflight-2020-pxrusd-mid1-osx/build --install-dir=/local/S/jenkins/workspace/ECP/ecg-maya-usd/ecg-mayausd-branch-preflight-2020-pxrusd-mid1-osx/install --signing-dir=/local/S/jenkins/workspace/ECP/ecg-maya-usd/ecg-mayausd-branch-preflight-2020-pxrusd-mid1-osx/signing --package-dir=/local/S/jenkins/workspace/ECP/ecg-maya-usd/ecg-mayausd-branch-preflight-2020-pxrusd-mid1-osx/package --output-dir=/local/S/jenkins/workspace/ECP/ecg-maya-usd/ecg-mayausd-branch-preflight-2020-pxrusd-mid1-osx/output --stash-dir=/local/S/jenkins/workspace/ECP/ecg-maya-usd/ecg-mayausd-branch-preflight-2020-pxrusd-mid1-osx/stash --jenkins-build=830 --git-commit=a8fa22c6f13696b4ec78dd9d6c429e0c7430f14d --git-branch=master --variants=RelWithDebInfo --python=2.7 --pxrusd-version=mid1 --post-zips=false --maya-cut-config=maya-rundev-2020.yaml --maya-package=rundev-2020 --stage-banner
[2023-04-06T14:17:47.843Z] No catalog entry registered for tbb-4.4u5-ub2.
[2023-04-06T14:17:47.843Z] Using Maya cut from /local/S/jenkins/workspace/shared/Artifactory/OSX/rundev-2020/202107140359/runtime/446214e
[2023-04-06T14:17:47.953Z] 
[2023-04-06T14:17:47.953Z] ================================================================================
[2023-04-06T14:17:47.953Z]                            configure (RelWithDebInfo)
[2023-04-06T14:17:47.953Z] ================================================================================
[2023-04-06T14:17:47.953Z] Maya Python RelWithDebInfo Info:
[2023-04-06T14:17:47.953Z]   mayapy executable   = /local/S/jenkins/workspace/shared/Artifactory/OSX/rundev-2020/202107140359/runtime/446214e/runTime/Maya.app/Contents/bin/mayapy
[2023-04-06T14:17:47.953Z]   Include Folder      = /local/S/jenkins/workspace/shared/Artifactory/OSX/rundev-2020/202107140359/runtime/446214e/runTime/Maya.app/Contents/Frameworks/Python.framework/Versions/Current/include/python2.7
[2023-04-06T14:17:47.953Z]   Library             = /local/S/jenkins/workspace/shared/Artifactory/OSX/rundev-2020/202107140359/runtime/446214e/runTime/Maya.app/Contents/Frameworks/Python.framework/Versions/Current/lib/libpython2.7.dylib
[2023-04-06T14:17:47.953Z]   site-package Folder = /local/S/jenkins/workspace/shared/Artifactory/OSX/rundev-2020/202107140359/runtime/446214e/runTime/Maya.app/Contents/Frameworks/Python.framework/Versions/Current/lib/python2.7/site-packages
[2023-04-06T14:17:48.587Z] In workdir: /local/S/jenkins/workspace/ECP/ecg-maya-usd/ecg-mayausd-branch-preflight-2020-pxrusd-mid1-osx/ecg-maya-usd/maya-usd
[2023-04-06T14:17:48.587Z] Executing: /local/S/jenkins/workspace/shared/Artifactory/OSX/rundev-2020/202107140359/runtime/446214e/runTime/Maya.app/Contents/bin/mayapy /local/S/jenkins/workspace/ECP/ecg-maya-usd/ecg-mayausd-branch-preflight-2020-pxrusd-mid1-osx/ecg-maya-usd/maya-usd/build.py --generator Ninja --build-relwithdebug --maya-location /local/S/jenkins/workspace/shared/Artifactory/OSX/rundev-2020/202107140359/runtime/446214e/runTime --devkit-location /local/S/jenkins/workspace/shared/Artifactory/OSX/rundev-2020/202107140359/runtime/446214e/devkitBase --pxrusd-location /local/S/jenkins/workspace/shared/Artifactory/OSX/USD/cae4017 --qt-location /local/S/jenkins/workspace/shared/Artifactory/OSX/qt/5.12.5/3ca78fe --materialx --build-args=-DCMAKE_MAKE_PROGRAM=/local/S/jenkins/workspace/shared/Artifactory/OSX/ninja/1.9.0/41005eb/ninja,-DPYTHON_INCLUDE_DIR=/local/S/jenkins/workspace/shared/Artifactory/OSX/rundev-2020/202107140359/runtime/446214e/runTime/Maya.app/Contents/Frameworks/Python.framework/Versions/Current/include/python2.7,-DPython_EXECUTABLE=/local/S/jenkins/workspace/shared/Artifactory/OSX/rundev-2020/202107140359/runtime/446214e/runTime/Maya.app/Contents/bin/mayapy,-DPYTHON_LIBRARIES=/local/S/jenkins/workspace/shared/Artifactory/OSX/rundev-2020/202107140359/runtime/446214e/runTime/Maya.app/Contents/Frameworks/Python.framework/Versions/Current/lib/libpython2.7.dylib,-DUSD_LIB_PREFIX=lib,-DBUILD_HDMAYA=OFF '--ctest-args=-E testUsdReferenceAssemblySelection|testUsdMayaAppDir,-LE interactive,--parallel 4' --stages=configure --redirect-outstream-file=False --install-location /local/S/jenkins/workspace/ECP/ecg-maya-usd/ecg-mayausd-branch-preflight-2020-pxrusd-mid1-osx/install/RelWithDebInfo/MayaUSD /local/S/jenkins/workspace/ECP/ecg-maya-usd/ecg-mayausd-branch-preflight-2020-pxrusd-mid1-osx
[2023-04-06T14:17:48.587Z] Modified environment variables:
[2023-04-06T14:17:48.587Z]     PATH=/local/S/jenkins/workspace/shared/Artifactory/OSX/cmake/3.20.3/2594509/bin:/usr/local/bin:/bin:/usr/sbin:/sbin:/usr/bin
[2023-04-06T14:17:48.793Z]     -- The C compiler identification is AppleClang 10.0.1.10010046
[2023-04-06T14:17:48.901Z]     -- The CXX compiler identification is AppleClang 10.0.1.10010046
[2023-04-06T14:17:48.901Z]     -- Detecting C compiler ABI info
[2023-04-06T14:17:49.007Z]     -- Detecting C compiler ABI info - done
[2023-04-06T14:17:49.007Z]     -- Check for working C compiler: /Applications/Xcode.app/Contents/Developer/Toolchains/XcodeDefault.xctoolchain/usr/bin/cc - skipped
[2023-04-06T14:17:49.007Z]     -- Detecting C compile features
[2023-04-06T14:17:49.007Z]     -- Detecting C compile features - done
[2023-04-06T14:17:49.007Z]     -- Detecting CXX compiler ABI info
[2023-04-06T14:17:49.218Z]     -- Detecting CXX compiler ABI info - done
[2023-04-06T14:17:49.218Z]     -- Check for working CXX compiler: /Applications/Xcode.app/Contents/Developer/Toolchains/XcodeDefault.xctoolchain/usr/bin/c++ - skipped
[2023-04-06T14:17:49.218Z]     -- Detecting CXX compile features
[2023-04-06T14:17:49.218Z]     -- Detecting CXX compile features - done
[2023-04-06T14:17:49.536Z]     -- Using Maya Light API Version 1
[2023-04-06T14:17:49.536Z]     -- Maya array iterator has difference_type trait
[2023-04-06T14:17:49.536Z]     -- Found Maya: /local/S/jenkins/workspace/shared/Artifactory/OSX/rundev-2020/202107140359/runtime/446214e/runTime/maya.app/Contents/MacOS/Maya (found suitable version "2020", minimum required is "2018")
[2023-04-06T14:17:49.740Z]     -- Found Python: /local/S/jenkins/workspace/shared/Artifactory/OSX/rundev-2020/202107140359/runtime/446214e/runTime/Maya.app/Contents/bin/mayapy (found suitable exact version "2.7.15") found components: Interpreter
[2023-04-06T14:17:49.740Z]     -- Build MayaUSD with Python3 = OFF
[2023-04-06T14:17:49.740Z]     --    PYTHON_INCLUDE_DIRS = /local/S/jenkins/workspace/shared/Artifactory/OSX/rundev-2020/202107140359/runtime/446214e/runTime/Maya.app/Contents/Frameworks/Python.framework/Versions/Current/include/python2.7
[2023-04-06T14:17:49.740Z]     --    PYTHON_LIBRARIES    = /local/S/jenkins/workspace/shared/Artifactory/OSX/rundev-2020/202107140359/runtime/446214e/runTime/Maya.app/Contents/Frameworks/Python.framework/Versions/Current/lib/libpython2.7.dylib
[2023-04-06T14:17:49.740Z]     --    Python_EXECUTABLE   = /local/S/jenkins/workspace/shared/Artifactory/OSX/rundev-2020/202107140359/runtime/446214e/runTime/Maya.app/Contents/bin/mayapy
[2023-04-06T14:17:50.054Z]     -- USD include dir: /local/S/jenkins/workspace/shared/Artifactory/OSX/USD/cae4017/include
[2023-04-06T14:17:50.054Z]     -- USD library dir: /local/S/jenkins/workspace/shared/Artifactory/OSX/USD/cae4017/lib
[2023-04-06T14:17:50.054Z]     -- USD version: 0.21.05
[2023-04-06T14:17:50.054Z]     -- Autodesk USD version: 0.21.05
[2023-04-06T14:17:50.054Z]     -- Found USD: /local/S/jenkins/workspace/shared/Artifactory/OSX/USD/cae4017 (found suitable version "0.21.05", minimum required is "0.20.05")
[2023-04-06T14:17:50.054Z]     CMake Warning at CMakeLists.txt:125 (message):
[2023-04-06T14:17:50.054Z]       Disabling MaterialX VP2 rendering: it is not supported by this USD package.
[2023-04-06T14:17:50.054Z]     
[2023-04-06T14:17:50.054Z]     
[2023-04-06T14:17:50.054Z]     Updated PYTHONPATH: /local/S/jenkins/workspace/shared/Artifactory/OSX/USD/cae4017/lib/python
[2023-04-06T14:17:50.164Z]     -- UFE include dir: /local/S/jenkins/workspace/shared/Artifactory/OSX/rundev-2020/202107140359/runtime/446214e/devkitBase/devkit/ufe/include
[2023-04-06T14:17:50.164Z]     -- UFE library: /local/S/jenkins/workspace/shared/Artifactory/OSX/rundev-2020/202107140359/runtime/446214e/devkitBase/devkit/ufe/lib/libufe_1.dylib
[2023-04-06T14:17:50.164Z]     -- UFE version: 1.0.0
[2023-04-06T14:17:50.164Z]     -- UFE preview features: ufe
[2023-04-06T14:17:50.164Z]     -- Building with UFE 1.0.0 features enabled.
[2023-04-06T14:17:50.375Z]     -- Building with Qt features enabled.
[2023-04-06T14:17:50.375Z]     -- **** Building Gulrak From Github Repository.
[2023-04-06T14:17:50.375Z]     -- Populating gulrak
[2023-04-06T14:17:50.482Z]     -- Configuring done
[2023-04-06T14:17:50.589Z]     -- Generating done
[2023-04-06T14:17:50.589Z]     -- Build files have been written to: /local/S/jenkins/workspace/ECP/ecg-maya-usd/ecg-mayausd-branch-preflight-2020-pxrusd-mid1-osx/build/RelWithDebInfo/_deps/gulrak-subbuild
[2023-04-06T14:17:50.692Z]     [1/9] Creating directories for 'gulrak-populate'
[2023-04-06T14:17:50.692Z]     [1/9] Performing download step (git clone) for 'gulrak-populate'
[2023-04-06T14:17:50.692Z]     Cloning into 'gulrak-src'...
[2023-04-06T14:17:53.260Z]     HEAD is now at 4e21ab3 Version bump and updated readme.
[2023-04-06T14:17:53.366Z]     [2/9] Performing update step for 'gulrak-populate'
[2023-04-06T14:17:53.469Z]     [4/9] No patch step for 'gulrak-populate'
[2023-04-06T14:17:53.469Z]     [5/9] No configure step for 'gulrak-populate'
[2023-04-06T14:17:53.469Z]     [6/9] No build step for 'gulrak-populate'
[2023-04-06T14:17:53.469Z]     [7/9] No install step for 'gulrak-populate'
[2023-04-06T14:17:53.580Z]     [8/9] No test step for 'gulrak-populate'
[2023-04-06T14:17:53.580Z]     [9/9] Completed 'gulrak-populate'
[2023-04-06T14:17:53.685Z]     -- ========== Installing GoogleTest... ==========
[2023-04-06T14:17:53.789Z]     -- Configuring done
[2023-04-06T14:17:53.890Z]     -- Generating done
[2023-04-06T14:17:53.890Z]     -- Build files have been written to: /local/S/jenkins/workspace/ECP/ecg-maya-usd/ecg-mayausd-branch-preflight-2020-pxrusd-mid1-osx/build/RelWithDebInfo/googletest-config
[2023-04-06T14:17:53.993Z]     [1/8] Creating directories for 'googletest'
[2023-04-06T14:18:00.508Z]     [2/8] Performing download step (git clone) for 'googletest'
[2023-04-06T14:18:00.508Z]     Cloning into 'googletest-src'...
[2023-04-06T14:18:00.508Z]     HEAD is now at 703bd9ca Googletest export
[2023-04-06T14:18:00.508Z]     [3/8] Performing update step for 'googletest'
[2023-04-06T14:18:00.508Z]     [4/8] No patch step for 'googletest'
[2023-04-06T14:18:01.457Z]     [5/8] Performing configure step for 'googletest'
[2023-04-06T14:18:01.457Z]     Not searching for unused variables given on the command line.
[2023-04-06T14:18:01.457Z]     CMake Deprecation Warning at CMakeLists.txt:4 (cmake_minimum_required):
[2023-04-06T14:18:01.457Z]       Compatibility with CMake < 2.8.12 will be removed from a future version of
[2023-04-06T14:18:01.457Z]       CMake.
[2023-04-06T14:18:01.457Z]     
[2023-04-06T14:18:01.457Z]       Update the VERSION argument <min> value or use a ...<max> suffix to tell
[2023-04-06T14:18:01.457Z]       CMake that the project does not need compatibility with older versions.
[2023-04-06T14:18:01.457Z]     
[2023-04-06T14:18:01.457Z]     
[2023-04-06T14:18:01.457Z]     -- The C compiler identification is AppleClang 10.0.1.10010046
[2023-04-06T14:18:01.457Z]     -- The CXX compiler identification is AppleClang 10.0.1.10010046
[2023-04-06T14:18:01.457Z]     -- Detecting C compiler ABI info
[2023-04-06T14:18:01.457Z]     -- Detecting C compiler ABI info - done
[2023-04-06T14:18:01.457Z]     -- Check for working C compiler: /Applications/Xcode.app/Contents/Developer/Toolchains/XcodeDefault.xctoolchain/usr/bin/cc - skipped
[2023-04-06T14:18:01.457Z]     -- Detecting C compile features
[2023-04-06T14:18:01.457Z]     -- Detecting C compile features - done
[2023-04-06T14:18:01.457Z]     -- Detecting CXX compiler ABI info
[2023-04-06T14:18:01.457Z]     -- Detecting CXX compiler ABI info - done
[2023-04-06T14:18:01.457Z]     -- Check for working CXX compiler: /Applications/Xcode.app/Contents/Developer/Toolchains/XcodeDefault.xctoolchain/usr/bin/c++ - skipped
[2023-04-06T14:18:01.457Z]     -- Detecting CXX compile features
[2023-04-06T14:18:01.457Z]     -- Detecting CXX compile features - done
[2023-04-06T14:18:01.457Z]     CMake Deprecation Warning at googletest/CMakeLists.txt:56 (cmake_minimum_required):
[2023-04-06T14:18:01.457Z]       Compatibility with CMake < 2.8.12 will be removed from a future version of
[2023-04-06T14:18:01.457Z]       CMake.
[2023-04-06T14:18:01.457Z]     
[2023-04-06T14:18:01.457Z]       Update the VERSION argument <min> value or use a ...<max> suffix to tell
[2023-04-06T14:18:01.457Z]       CMake that the project does not need compatibility with older versions.
[2023-04-06T14:18:01.457Z]     
[2023-04-06T14:18:01.457Z]     
[2023-04-06T14:18:01.457Z]     -- Found PythonInterp: /usr/local/bin/python (found version "2.7.15")
[2023-04-06T14:18:01.457Z]     -- Looking for pthread.h
[2023-04-06T14:18:01.457Z]     -- Looking for pthread.h - found
[2023-04-06T14:18:01.457Z]     -- Performing Test CMAKE_HAVE_LIBC_PTHREAD
[2023-04-06T14:18:01.457Z]     -- Performing Test CMAKE_HAVE_LIBC_PTHREAD - Success
[2023-04-06T14:18:01.457Z]     -- Found Threads: TRUE
[2023-04-06T14:18:01.457Z]     -- Configuring done
[2023-04-06T14:18:01.457Z]     -- Generating done
[2023-04-06T14:18:01.457Z]     -- Build files have been written to: /local/S/jenkins/workspace/ECP/ecg-maya-usd/ecg-mayausd-branch-preflight-2020-pxrusd-mid1-osx/build/RelWithDebInfo/googletest-build
[2023-04-06T14:18:07.688Z]     [6/8] Performing build step for 'googletest'
[2023-04-06T14:18:07.688Z]     [1/4] Building CXX object googletest/CMakeFiles/gtest_main.dir/src/gtest_main.cc.o
[2023-04-06T14:18:07.688Z]     [2/4] Building CXX object googletest/CMakeFiles/gtest.dir/src/gtest-all.cc.o
[2023-04-06T14:18:07.688Z]     [3/4] Linking CXX shared library lib/libgtest.dylib
[2023-04-06T14:18:07.688Z]     [4/4] Linking CXX shared library lib/libgtest_main.dylib
[2023-04-06T14:18:07.794Z]     [7/8] Performing install step for 'googletest'
[2023-04-06T14:18:07.794Z]     [0/1] Install the project...
[2023-04-06T14:18:07.794Z]     -- Install configuration: "RelWithDebInfo"
[2023-04-06T14:18:07.794Z]     [8/8] Completed 'googletest'
[2023-04-06T14:18:07.794Z]     -- ========== ...  GoogleTest installed. ==========
[2023-04-06T14:18:08.514Z]     -- MAYA_HAS_DEFAULT_MATERIAL_API is FALSE
[2023-04-06T14:18:08.514Z]     -- MAYA_NEW_POINT_SNAPPING_SUPPORT is FALSE
[2023-04-06T14:18:08.514Z]     -- MAYA_HAS_CRASH_DETECTION is FALSE
[2023-04-06T14:18:08.514Z]     -- MAYA_CURRENT_UFE_CAMERA_SUPPORT is FALSE
[2023-04-06T14:18:08.514Z]     -- MAYA_MRENDERITEM_UFE_IDENTIFIER_SUPPORT is FALSE
[2023-04-06T14:18:08.514Z]     -- MAYA_UPDATE_UFE_IDENTIFIER_SUPPORT is FALSE
[2023-04-06T14:18:08.514Z]     -- MAYA_HAS_DISPLAY_STYLE_ALL_VIEWPORTS is FALSE
[2023-04-06T14:18:08.514Z]     -- MAYA_ARRAY_ITERATOR_DIFFERENCE_TYPE_SUPPORT is TRUE
[2023-04-06T14:18:08.514Z]     -- MAYA_HAS_GET_MEMBER_PATHS is FALSE
[2023-04-06T14:18:08.514Z]     -- USD_HAS_COLOR4_SDR_SUPPORT is FALSE
[2023-04-06T14:18:08.514Z]     -- MAYA_HAS_DISPLAY_LAYER_API is FALSE
[2023-04-06T14:18:08.514Z]     -- MAYA_HAS_NEW_DISPLAY_LAYER_MESSAGING_API is FALSE
[2023-04-06T14:18:08.514Z]     -- MAYA_HAS_RENDER_ITEM_HIDE_ON_PLAYBACK_API is FALSE
[2023-04-06T14:18:08.514Z]     -- promoting: /local/S/jenkins/workspace/ECP/ecg-maya-usd/ecg-mayausd-branch-preflight-2020-pxrusd-mid1-osx/ecg-maya-usd/maya-usd/lib/mayaUsd/base/mayaUsd.h.src
[2023-04-06T14:18:08.514Z]     -- promoting: /local/S/jenkins/workspace/ECP/ecg-maya-usd/ecg-mayausd-branch-preflight-2020-pxrusd-mid1-osx/ecg-maya-usd/maya-usd/lib/mayaUsd/base/api.h
[2023-04-06T14:18:08.514Z]     -- promoting: /local/S/jenkins/workspace/ECP/ecg-maya-usd/ecg-mayausd-branch-preflight-2020-pxrusd-mid1-osx/ecg-maya-usd/maya-usd/lib/mayaUsd/base/debugCodes.h
[2023-04-06T14:18:08.514Z]     -- promoting: /local/S/jenkins/workspace/ECP/ecg-maya-usd/ecg-mayausd-branch-preflight-2020-pxrusd-mid1-osx/ecg-maya-usd/maya-usd/lib/mayaUsd/base/id.h
[2023-04-06T14:18:08.514Z]     -- promoting: /local/S/jenkins/workspace/ECP/ecg-maya-usd/ecg-mayausd-branch-preflight-2020-pxrusd-mid1-osx/ecg-maya-usd/maya-usd/lib/mayaUsd/base/syncId.h
[2023-04-06T14:18:08.515Z]     -- promoting: /local/S/jenkins/workspace/ECP/ecg-maya-usd/ecg-mayausd-branch-preflight-2020-pxrusd-mid1-osx/ecg-maya-usd/maya-usd/lib/mayaUsd/base/tokens.h
[2023-04-06T14:18:08.515Z]     -- promoting: /local/S/jenkins/workspace/ECP/ecg-maya-usd/ecg-mayausd-branch-preflight-2020-pxrusd-mid1-osx/ecg-maya-usd/maya-usd/lib/mayaUsd/commands/abstractLayerEditorWindow.h
[2023-04-06T14:18:08.515Z]     -- promoting: /local/S/jenkins/workspace/ECP/ecg-maya-usd/ecg-mayausd-branch-preflight-2020-pxrusd-mid1-osx/ecg-maya-usd/maya-usd/lib/mayaUsd/commands/baseExportCommand.h
[2023-04-06T14:18:08.515Z]     -- promoting: /local/S/jenkins/workspace/ECP/ecg-maya-usd/ecg-mayausd-branch-preflight-2020-pxrusd-mid1-osx/ecg-maya-usd/maya-usd/lib/mayaUsd/commands/baseImportCommand.h
[2023-04-06T14:18:08.515Z]     -- promoting: /local/S/jenkins/workspace/ECP/ecg-maya-usd/ecg-mayausd-branch-preflight-2020-pxrusd-mid1-osx/ecg-maya-usd/maya-usd/lib/mayaUsd/commands/baseListJobContextsCommand.h
[2023-04-06T14:18:08.515Z]     -- promoting: /local/S/jenkins/workspace/ECP/ecg-maya-usd/ecg-mayausd-branch-preflight-2020-pxrusd-mid1-osx/ecg-maya-usd/maya-usd/lib/mayaUsd/commands/baseListShadingModesCommand.h
[2023-04-06T14:18:08.515Z]     -- promoting: /local/S/jenkins/workspace/ECP/ecg-maya-usd/ecg-mayausd-branch-preflight-2020-pxrusd-mid1-osx/ecg-maya-usd/maya-usd/lib/mayaUsd/commands/editTargetCommand.h
[2023-04-06T14:18:08.515Z]     -- promoting: /local/S/jenkins/workspace/ECP/ecg-maya-usd/ecg-mayausd-branch-preflight-2020-pxrusd-mid1-osx/ecg-maya-usd/maya-usd/lib/mayaUsd/commands/layerEditorCommand.h
[2023-04-06T14:18:08.515Z]     -- promoting: /local/S/jenkins/workspace/ECP/ecg-maya-usd/ecg-mayausd-branch-preflight-2020-pxrusd-mid1-osx/ecg-maya-usd/maya-usd/lib/mayaUsd/commands/layerEditorWindowCommand.h
[2023-04-06T14:18:08.515Z]     -- promoting: /local/S/jenkins/workspace/ECP/ecg-maya-usd/ecg-mayausd-branch-preflight-2020-pxrusd-mid1-osx/ecg-maya-usd/maya-usd/lib/mayaUsd/fileio/fallbackPrimReader.h
[2023-04-06T14:18:08.515Z]     -- promoting: /local/S/jenkins/workspace/ECP/ecg-maya-usd/ecg-mayausd-branch-preflight-2020-pxrusd-mid1-osx/ecg-maya-usd/maya-usd/lib/mayaUsd/fileio/functorPrimReader.h
[2023-04-06T14:18:08.515Z]     -- promoting: /local/S/jenkins/workspace/ECP/ecg-maya-usd/ecg-mayausd-branch-preflight-2020-pxrusd-mid1-osx/ecg-maya-usd/maya-usd/lib/mayaUsd/fileio/functorPrimWriter.h
[2023-04-06T14:18:08.515Z]     -- promoting: /local/S/jenkins/workspace/ECP/ecg-maya-usd/ecg-mayausd-branch-preflight-2020-pxrusd-mid1-osx/ecg-maya-usd/maya-usd/lib/mayaUsd/fileio/importData.h
[2023-04-06T14:18:08.515Z]     -- promoting: /local/S/jenkins/workspace/ECP/ecg-maya-usd/ecg-mayausd-branch-preflight-2020-pxrusd-mid1-osx/ecg-maya-usd/maya-usd/lib/mayaUsd/fileio/instancedNodeWriter.h
[2023-04-06T14:18:08.515Z]     -- promoting: /local/S/jenkins/workspace/ECP/ecg-maya-usd/ecg-mayausd-branch-preflight-2020-pxrusd-mid1-osx/ecg-maya-usd/maya-usd/lib/mayaUsd/fileio/jobContextRegistry.h
[2023-04-06T14:18:08.515Z]     -- promoting: /local/S/jenkins/workspace/ECP/ecg-maya-usd/ecg-mayausd-branch-preflight-2020-pxrusd-mid1-osx/ecg-maya-usd/maya-usd/lib/mayaUsd/fileio/primReader.h
[2023-04-06T14:18:08.515Z]     -- promoting: /local/S/jenkins/workspace/ECP/ecg-maya-usd/ecg-mayausd-branch-preflight-2020-pxrusd-mid1-osx/ecg-maya-usd/maya-usd/lib/mayaUsd/fileio/primReaderArgs.h
[2023-04-06T14:18:08.515Z]     -- promoting: /local/S/jenkins/workspace/ECP/ecg-maya-usd/ecg-mayausd-branch-preflight-2020-pxrusd-mid1-osx/ecg-maya-usd/maya-usd/lib/mayaUsd/fileio/primReaderContext.h
[2023-04-06T14:18:08.515Z]     -- promoting: /local/S/jenkins/workspace/ECP/ecg-maya-usd/ecg-mayausd-branch-preflight-2020-pxrusd-mid1-osx/ecg-maya-usd/maya-usd/lib/mayaUsd/fileio/primReaderRegistry.h
[2023-04-06T14:18:08.515Z]     -- promoting: /local/S/jenkins/workspace/ECP/ecg-maya-usd/ecg-mayausd-branch-preflight-2020-pxrusd-mid1-osx/ecg-maya-usd/maya-usd/lib/mayaUsd/fileio/primWriter.h
[2023-04-06T14:18:08.515Z]     -- promoting: /local/S/jenkins/workspace/ECP/ecg-maya-usd/ecg-mayausd-branch-preflight-2020-pxrusd-mid1-osx/ecg-maya-usd/maya-usd/lib/mayaUsd/fileio/primWriterArgs.h
[2023-04-06T14:18:08.515Z]     -- promoting: /local/S/jenkins/workspace/ECP/ecg-maya-usd/ecg-mayausd-branch-preflight-2020-pxrusd-mid1-osx/ecg-maya-usd/maya-usd/lib/mayaUsd/fileio/primWriterContext.h
[2023-04-06T14:18:08.515Z]     -- promoting: /local/S/jenkins/workspace/ECP/ecg-maya-usd/ecg-mayausd-branch-preflight-2020-pxrusd-mid1-osx/ecg-maya-usd/maya-usd/lib/mayaUsd/fileio/primWriterRegistry.h
[2023-04-06T14:18:08.515Z]     -- promoting: /local/S/jenkins/workspace/ECP/ecg-maya-usd/ecg-mayausd-branch-preflight-2020-pxrusd-mid1-osx/ecg-maya-usd/maya-usd/lib/mayaUsd/fileio/registryHelper.h
[2023-04-06T14:18:08.515Z]     -- promoting: /local/S/jenkins/workspace/ECP/ecg-maya-usd/ecg-mayausd-branch-preflight-2020-pxrusd-mid1-osx/ecg-maya-usd/maya-usd/lib/mayaUsd/fileio/schemaApiAdaptor.h
[2023-04-06T14:18:08.515Z]     -- promoting: /local/S/jenkins/workspace/ECP/ecg-maya-usd/ecg-mayausd-branch-preflight-2020-pxrusd-mid1-osx/ecg-maya-usd/maya-usd/lib/mayaUsd/fileio/schemaApiAdaptorRegistry.h
[2023-04-06T14:18:08.515Z]     -- promoting: /local/S/jenkins/workspace/ECP/ecg-maya-usd/ecg-mayausd-branch-preflight-2020-pxrusd-mid1-osx/ecg-maya-usd/maya-usd/lib/mayaUsd/fileio/shaderReader.h
[2023-04-06T14:18:08.515Z]     -- promoting: /local/S/jenkins/workspace/ECP/ecg-maya-usd/ecg-mayausd-branch-preflight-2020-pxrusd-mid1-osx/ecg-maya-usd/maya-usd/lib/mayaUsd/fileio/shaderReaderRegistry.h
[2023-04-06T14:18:08.515Z]     -- promoting: /local/S/jenkins/workspace/ECP/ecg-maya-usd/ecg-mayausd-branch-preflight-2020-pxrusd-mid1-osx/ecg-maya-usd/maya-usd/lib/mayaUsd/fileio/shaderWriter.h
[2023-04-06T14:18:08.515Z]     -- promoting: /local/S/jenkins/workspace/ECP/ecg-maya-usd/ecg-mayausd-branch-preflight-2020-pxrusd-mid1-osx/ecg-maya-usd/maya-usd/lib/mayaUsd/fileio/shaderWriterRegistry.h
[2023-04-06T14:18:08.515Z]     -- promoting: /local/S/jenkins/workspace/ECP/ecg-maya-usd/ecg-mayausd-branch-preflight-2020-pxrusd-mid1-osx/ecg-maya-usd/maya-usd/lib/mayaUsd/fileio/transformWriter.h
[2023-04-06T14:18:08.515Z]     -- promoting: /local/S/jenkins/workspace/ECP/ecg-maya-usd/ecg-mayausd-branch-preflight-2020-pxrusd-mid1-osx/ecg-maya-usd/maya-usd/lib/mayaUsd/fileio/writeJobContext.h
[2023-04-06T14:18:08.515Z]     -- promoting: /local/S/jenkins/workspace/ECP/ecg-maya-usd/ecg-mayausd-branch-preflight-2020-pxrusd-mid1-osx/ecg-maya-usd/maya-usd/lib/mayaUsd/fileio/chaser/exportChaser.h
[2023-04-06T14:18:08.515Z]     -- promoting: /local/S/jenkins/workspace/ECP/ecg-maya-usd/ecg-mayausd-branch-preflight-2020-pxrusd-mid1-osx/ecg-maya-usd/maya-usd/lib/mayaUsd/fileio/chaser/exportChaserRegistry.h
[2023-04-06T14:18:08.515Z]     -- promoting: /local/S/jenkins/workspace/ECP/ecg-maya-usd/ecg-mayausd-branch-preflight-2020-pxrusd-mid1-osx/ecg-maya-usd/maya-usd/lib/mayaUsd/fileio/chaser/importChaserRegistry.h
[2023-04-06T14:18:08.515Z]     -- promoting: /local/S/jenkins/workspace/ECP/ecg-maya-usd/ecg-mayausd-branch-preflight-2020-pxrusd-mid1-osx/ecg-maya-usd/maya-usd/lib/mayaUsd/fileio/chaser/importChaser.h
[2023-04-06T14:18:08.515Z]     -- promoting: /local/S/jenkins/workspace/ECP/ecg-maya-usd/ecg-mayausd-branch-preflight-2020-pxrusd-mid1-osx/ecg-maya-usd/maya-usd/lib/mayaUsd/fileio/jobs/jobArgs.h
[2023-04-06T14:18:08.515Z]     -- promoting: /local/S/jenkins/workspace/ECP/ecg-maya-usd/ecg-mayausd-branch-preflight-2020-pxrusd-mid1-osx/ecg-maya-usd/maya-usd/lib/mayaUsd/fileio/jobs/meshDataReadJob.h
[2023-04-06T14:18:08.515Z]     -- promoting: /local/S/jenkins/workspace/ECP/ecg-maya-usd/ecg-mayausd-branch-preflight-2020-pxrusd-mid1-osx/ecg-maya-usd/maya-usd/lib/mayaUsd/fileio/jobs/modelKindProcessor.h
[2023-04-06T14:18:08.515Z]     -- promoting: /local/S/jenkins/workspace/ECP/ecg-maya-usd/ecg-mayausd-branch-preflight-2020-pxrusd-mid1-osx/ecg-maya-usd/maya-usd/lib/mayaUsd/fileio/jobs/readJob.h
[2023-04-06T14:18:08.515Z]     -- promoting: /local/S/jenkins/workspace/ECP/ecg-maya-usd/ecg-mayausd-branch-preflight-2020-pxrusd-mid1-osx/ecg-maya-usd/maya-usd/lib/mayaUsd/fileio/jobs/writeJob.h
[2023-04-06T14:18:08.515Z]     -- promoting: /local/S/jenkins/workspace/ECP/ecg-maya-usd/ecg-mayausd-branch-preflight-2020-pxrusd-mid1-osx/ecg-maya-usd/maya-usd/lib/mayaUsd/fileio/shading/rfmShaderMap.h
[2023-04-06T14:18:08.515Z]     -- promoting: /local/S/jenkins/workspace/ECP/ecg-maya-usd/ecg-mayausd-branch-preflight-2020-pxrusd-mid1-osx/ecg-maya-usd/maya-usd/lib/mayaUsd/fileio/shading/shadingModeExporter.h
[2023-04-06T14:18:08.515Z]     -- promoting: /local/S/jenkins/workspace/ECP/ecg-maya-usd/ecg-mayausd-branch-preflight-2020-pxrusd-mid1-osx/ecg-maya-usd/maya-usd/lib/mayaUsd/fileio/shading/shadingModeExporterContext.h
[2023-04-06T14:18:08.515Z]     -- promoting: /local/S/jenkins/workspace/ECP/ecg-maya-usd/ecg-mayausd-branch-preflight-2020-pxrusd-mid1-osx/ecg-maya-usd/maya-usd/lib/mayaUsd/fileio/shading/shadingModeImporter.h
[2023-04-06T14:18:08.515Z]     -- promoting: /local/S/jenkins/workspace/ECP/ecg-maya-usd/ecg-mayausd-branch-preflight-2020-pxrusd-mid1-osx/ecg-maya-usd/maya-usd/lib/mayaUsd/fileio/shading/shadingModeRegistry.h
[2023-04-06T14:18:08.515Z]     -- promoting: /local/S/jenkins/workspace/ECP/ecg-maya-usd/ecg-mayausd-branch-preflight-2020-pxrusd-mid1-osx/ecg-maya-usd/maya-usd/lib/mayaUsd/fileio/shading/symmetricShaderReader.h
[2023-04-06T14:18:08.515Z]     -- promoting: /local/S/jenkins/workspace/ECP/ecg-maya-usd/ecg-mayausd-branch-preflight-2020-pxrusd-mid1-osx/ecg-maya-usd/maya-usd/lib/mayaUsd/fileio/shading/symmetricShaderWriter.h
[2023-04-06T14:18:08.515Z]     -- promoting: /local/S/jenkins/workspace/ECP/ecg-maya-usd/ecg-mayausd-branch-preflight-2020-pxrusd-mid1-osx/ecg-maya-usd/maya-usd/lib/mayaUsd/fileio/translators/skelBindingsProcessor.h
[2023-04-06T14:18:08.515Z]     -- promoting: /local/S/jenkins/workspace/ECP/ecg-maya-usd/ecg-mayausd-branch-preflight-2020-pxrusd-mid1-osx/ecg-maya-usd/maya-usd/lib/mayaUsd/fileio/translators/translatorCamera.h
[2023-04-06T14:18:08.515Z]     -- promoting: /local/S/jenkins/workspace/ECP/ecg-maya-usd/ecg-mayausd-branch-preflight-2020-pxrusd-mid1-osx/ecg-maya-usd/maya-usd/lib/mayaUsd/fileio/translators/translatorCurves.h
[2023-04-06T14:18:08.515Z]     -- promoting: /local/S/jenkins/workspace/ECP/ecg-maya-usd/ecg-mayausd-branch-preflight-2020-pxrusd-mid1-osx/ecg-maya-usd/maya-usd/lib/mayaUsd/fileio/translators/translatorGprim.h
[2023-04-06T14:18:08.515Z]     -- promoting: /local/S/jenkins/workspace/ECP/ecg-maya-usd/ecg-mayausd-branch-preflight-2020-pxrusd-mid1-osx/ecg-maya-usd/maya-usd/lib/mayaUsd/fileio/translators/translatorLight.h
[2023-04-06T14:18:08.515Z]     -- promoting: /local/S/jenkins/workspace/ECP/ecg-maya-usd/ecg-mayausd-branch-preflight-2020-pxrusd-mid1-osx/ecg-maya-usd/maya-usd/lib/mayaUsd/fileio/translators/translatorMaterial.h
[2023-04-06T14:18:08.515Z]     -- promoting: /local/S/jenkins/workspace/ECP/ecg-maya-usd/ecg-mayausd-branch-preflight-2020-pxrusd-mid1-osx/ecg-maya-usd/maya-usd/lib/mayaUsd/fileio/translators/translatorMayaReference.h
[2023-04-06T14:18:08.515Z]     -- promoting: /local/S/jenkins/workspace/ECP/ecg-maya-usd/ecg-mayausd-branch-preflight-2020-pxrusd-mid1-osx/ecg-maya-usd/maya-usd/lib/mayaUsd/fileio/translators/translatorMesh.h
[2023-04-06T14:18:08.515Z]     -- promoting: /local/S/jenkins/workspace/ECP/ecg-maya-usd/ecg-mayausd-branch-preflight-2020-pxrusd-mid1-osx/ecg-maya-usd/maya-usd/lib/mayaUsd/fileio/translators/translatorNurbsPatch.h
[2023-04-06T14:18:08.515Z]     -- promoting: /local/S/jenkins/workspace/ECP/ecg-maya-usd/ecg-mayausd-branch-preflight-2020-pxrusd-mid1-osx/ecg-maya-usd/maya-usd/lib/mayaUsd/fileio/translators/translatorPrim.h
[2023-04-06T14:18:08.515Z]     -- promoting: /local/S/jenkins/workspace/ECP/ecg-maya-usd/ecg-mayausd-branch-preflight-2020-pxrusd-mid1-osx/ecg-maya-usd/maya-usd/lib/mayaUsd/fileio/translators/translatorRfMLight.h
[2023-04-06T14:18:08.515Z]     -- promoting: /local/S/jenkins/workspace/ECP/ecg-maya-usd/ecg-mayausd-branch-preflight-2020-pxrusd-mid1-osx/ecg-maya-usd/maya-usd/lib/mayaUsd/fileio/translators/translatorSkel.h
[2023-04-06T14:18:08.515Z]     -- promoting: /local/S/jenkins/workspace/ECP/ecg-maya-usd/ecg-mayausd-branch-preflight-2020-pxrusd-mid1-osx/ecg-maya-usd/maya-usd/lib/mayaUsd/fileio/translators/translatorUtil.h
[2023-04-06T14:18:08.515Z]     -- promoting: /local/S/jenkins/workspace/ECP/ecg-maya-usd/ecg-mayausd-branch-preflight-2020-pxrusd-mid1-osx/ecg-maya-usd/maya-usd/lib/mayaUsd/fileio/translators/translatorXformable.h
[2023-04-06T14:18:08.515Z]     -- promoting: /local/S/jenkins/workspace/ECP/ecg-maya-usd/ecg-mayausd-branch-preflight-2020-pxrusd-mid1-osx/ecg-maya-usd/maya-usd/lib/mayaUsd/fileio/utils/adaptor.h
[2023-04-06T14:18:08.515Z]     -- promoting: /local/S/jenkins/workspace/ECP/ecg-maya-usd/ecg-mayausd-branch-preflight-2020-pxrusd-mid1-osx/ecg-maya-usd/maya-usd/lib/mayaUsd/fileio/utils/jointWriteUtils.h
[2023-04-06T14:18:08.515Z]     -- promoting: /local/S/jenkins/workspace/ECP/ecg-maya-usd/ecg-mayausd-branch-preflight-2020-pxrusd-mid1-osx/ecg-maya-usd/maya-usd/lib/mayaUsd/fileio/utils/meshReadUtils.h
[2023-04-06T14:18:08.515Z]     -- promoting: /local/S/jenkins/workspace/ECP/ecg-maya-usd/ecg-mayausd-branch-preflight-2020-pxrusd-mid1-osx/ecg-maya-usd/maya-usd/lib/mayaUsd/fileio/utils/meshWriteUtils.h
[2023-04-06T14:18:08.515Z]     -- promoting: /local/S/jenkins/workspace/ECP/ecg-maya-usd/ecg-mayausd-branch-preflight-2020-pxrusd-mid1-osx/ecg-maya-usd/maya-usd/lib/mayaUsd/fileio/utils/readUtil.h
[2023-04-06T14:18:08.515Z]     -- promoting: /local/S/jenkins/workspace/ECP/ecg-maya-usd/ecg-mayausd-branch-preflight-2020-pxrusd-mid1-osx/ecg-maya-usd/maya-usd/lib/mayaUsd/fileio/utils/roundTripUtil.h
[2023-04-06T14:18:08.515Z]     -- promoting: /local/S/jenkins/workspace/ECP/ecg-maya-usd/ecg-mayausd-branch-preflight-2020-pxrusd-mid1-osx/ecg-maya-usd/maya-usd/lib/mayaUsd/fileio/utils/shadingUtil.h
[2023-04-06T14:18:08.515Z]     -- promoting: /local/S/jenkins/workspace/ECP/ecg-maya-usd/ecg-mayausd-branch-preflight-2020-pxrusd-mid1-osx/ecg-maya-usd/maya-usd/lib/mayaUsd/fileio/utils/userTaggedAttribute.h
[2023-04-06T14:18:08.515Z]     -- promoting: /local/S/jenkins/workspace/ECP/ecg-maya-usd/ecg-mayausd-branch-preflight-2020-pxrusd-mid1-osx/ecg-maya-usd/maya-usd/lib/mayaUsd/fileio/utils/writeUtil.h
[2023-04-06T14:18:08.515Z]     -- promoting: /local/S/jenkins/workspace/ECP/ecg-maya-usd/ecg-mayausd-branch-preflight-2020-pxrusd-mid1-osx/ecg-maya-usd/maya-usd/lib/mayaUsd/fileio/utils/xformStack.h
[2023-04-06T14:18:08.515Z]     -- promoting: /local/S/jenkins/workspace/ECP/ecg-maya-usd/ecg-mayausd-branch-preflight-2020-pxrusd-mid1-osx/ecg-maya-usd/maya-usd/lib/mayaUsd/listeners/notice.h
[2023-04-06T14:18:08.515Z]     -- promoting: /local/S/jenkins/workspace/ECP/ecg-maya-usd/ecg-mayausd-branch-preflight-2020-pxrusd-mid1-osx/ecg-maya-usd/maya-usd/lib/mayaUsd/listeners/proxyShapeNotice.h
[2023-04-06T14:18:08.515Z]     -- promoting: /local/S/jenkins/workspace/ECP/ecg-maya-usd/ecg-mayausd-branch-preflight-2020-pxrusd-mid1-osx/ecg-maya-usd/maya-usd/lib/mayaUsd/listeners/stageNoticeListener.h
[2023-04-06T14:18:08.515Z]     -- promoting: /local/S/jenkins/workspace/ECP/ecg-maya-usd/ecg-mayausd-branch-preflight-2020-pxrusd-mid1-osx/ecg-maya-usd/maya-usd/lib/mayaUsd/nodes/hdImagingShape.h
[2023-04-06T14:18:08.515Z]     -- promoting: /local/S/jenkins/workspace/ECP/ecg-maya-usd/ecg-mayausd-branch-preflight-2020-pxrusd-mid1-osx/ecg-maya-usd/maya-usd/lib/mayaUsd/nodes/pointBasedDeformerNode.h
[2023-04-06T14:18:08.515Z]     -- promoting: /local/S/jenkins/workspace/ECP/ecg-maya-usd/ecg-mayausd-branch-preflight-2020-pxrusd-mid1-osx/ecg-maya-usd/maya-usd/lib/mayaUsd/nodes/proxyAccessor.h
[2023-04-06T14:18:08.515Z]     -- promoting: /local/S/jenkins/workspace/ECP/ecg-maya-usd/ecg-mayausd-branch-preflight-2020-pxrusd-mid1-osx/ecg-maya-usd/maya-usd/lib/mayaUsd/nodes/proxyShapeBase.h
[2023-04-06T14:18:08.515Z]     -- promoting: /local/S/jenkins/workspace/ECP/ecg-maya-usd/ecg-mayausd-branch-preflight-2020-pxrusd-mid1-osx/ecg-maya-usd/maya-usd/lib/mayaUsd/nodes/proxyShapePlugin.h
[2023-04-06T14:18:08.515Z]     -- promoting: /local/S/jenkins/workspace/ECP/ecg-maya-usd/ecg-mayausd-branch-preflight-2020-pxrusd-mid1-osx/ecg-maya-usd/maya-usd/lib/mayaUsd/nodes/proxyStageProvider.h
[2023-04-06T14:18:08.515Z]     -- promoting: /local/S/jenkins/workspace/ECP/ecg-maya-usd/ecg-mayausd-branch-preflight-2020-pxrusd-mid1-osx/ecg-maya-usd/maya-usd/lib/mayaUsd/nodes/proxyShapeStageExtraData.h
[2023-04-06T14:18:08.515Z]     -- promoting: /local/S/jenkins/workspace/ECP/ecg-maya-usd/ecg-mayausd-branch-preflight-2020-pxrusd-mid1-osx/ecg-maya-usd/maya-usd/lib/mayaUsd/nodes/proxyShapeUpdateManager.h
[2023-04-06T14:18:08.515Z]     -- promoting: /local/S/jenkins/workspace/ECP/ecg-maya-usd/ecg-mayausd-branch-preflight-2020-pxrusd-mid1-osx/ecg-maya-usd/maya-usd/lib/mayaUsd/nodes/stageData.h
[2023-04-06T14:18:08.515Z]     -- promoting: /local/S/jenkins/workspace/ECP/ecg-maya-usd/ecg-mayausd-branch-preflight-2020-pxrusd-mid1-osx/ecg-maya-usd/maya-usd/lib/mayaUsd/nodes/stageNode.h
[2023-04-06T14:18:08.515Z]     -- promoting: /local/S/jenkins/workspace/ECP/ecg-maya-usd/ecg-mayausd-branch-preflight-2020-pxrusd-mid1-osx/ecg-maya-usd/maya-usd/lib/mayaUsd/nodes/usdPrimProvider.h
[2023-04-06T14:18:08.515Z]     -- promoting: /local/S/jenkins/workspace/ECP/ecg-maya-usd/ecg-mayausd-branch-preflight-2020-pxrusd-mid1-osx/ecg-maya-usd/maya-usd/lib/mayaUsd/nodes/layerManager.h
[2023-04-06T14:18:08.515Z]     -- promoting: /local/S/jenkins/workspace/ECP/ecg-maya-usd/ecg-mayausd-branch-preflight-2020-pxrusd-mid1-osx/ecg-maya-usd/maya-usd/lib/mayaUsd/render/px_vp20/glslProgram.h
[2023-04-06T14:18:08.515Z]     -- promoting: /local/S/jenkins/workspace/ECP/ecg-maya-usd/ecg-mayausd-branch-preflight-2020-pxrusd-mid1-osx/ecg-maya-usd/maya-usd/lib/mayaUsd/render/px_vp20/utils.h
[2023-04-06T14:18:08.515Z]     -- promoting: /local/S/jenkins/workspace/ECP/ecg-maya-usd/ecg-mayausd-branch-preflight-2020-pxrusd-mid1-osx/ecg-maya-usd/maya-usd/lib/mayaUsd/render/px_vp20/utils_legacy.h
[2023-04-06T14:18:08.515Z]     -- promoting: /local/S/jenkins/workspace/ECP/ecg-maya-usd/ecg-mayausd-branch-preflight-2020-pxrusd-mid1-osx/ecg-maya-usd/maya-usd/lib/mayaUsd/render/pxrUsdMayaGL/batchRenderer.h
[2023-04-06T14:18:08.515Z]     -- promoting: /local/S/jenkins/workspace/ECP/ecg-maya-usd/ecg-mayausd-branch-preflight-2020-pxrusd-mid1-osx/ecg-maya-usd/maya-usd/lib/mayaUsd/render/pxrUsdMayaGL/debugCodes.h
[2023-04-06T14:18:08.515Z]     -- promoting: /local/S/jenkins/workspace/ECP/ecg-maya-usd/ecg-mayausd-branch-preflight-2020-pxrusd-mid1-osx/ecg-maya-usd/maya-usd/lib/mayaUsd/render/pxrUsdMayaGL/hdImagingShapeDrawOverride.h
[2023-04-06T14:18:08.515Z]     -- promoting: /local/S/jenkins/workspace/ECP/ecg-maya-usd/ecg-mayausd-branch-preflight-2020-pxrusd-mid1-osx/ecg-maya-usd/maya-usd/lib/mayaUsd/render/pxrUsdMayaGL/hdImagingShapeUI.h
[2023-04-06T14:18:08.515Z]     -- promoting: /local/S/jenkins/workspace/ECP/ecg-maya-usd/ecg-mayausd-branch-preflight-2020-pxrusd-mid1-osx/ecg-maya-usd/maya-usd/lib/mayaUsd/render/pxrUsdMayaGL/instancerImager.h
[2023-04-06T14:18:08.515Z]     -- promoting: /local/S/jenkins/workspace/ECP/ecg-maya-usd/ecg-mayausd-branch-preflight-2020-pxrusd-mid1-osx/ecg-maya-usd/maya-usd/lib/mayaUsd/render/pxrUsdMayaGL/instancerShapeAdapter.h
[2023-04-06T14:18:08.515Z]     -- promoting: /local/S/jenkins/workspace/ECP/ecg-maya-usd/ecg-mayausd-branch-preflight-2020-pxrusd-mid1-osx/ecg-maya-usd/maya-usd/lib/mayaUsd/render/pxrUsdMayaGL/proxyDrawOverride.h
[2023-04-06T14:18:08.515Z]     -- promoting: /local/S/jenkins/workspace/ECP/ecg-maya-usd/ecg-mayausd-branch-preflight-2020-pxrusd-mid1-osx/ecg-maya-usd/maya-usd/lib/mayaUsd/render/pxrUsdMayaGL/proxyShapeUI.h
[2023-04-06T14:18:08.515Z]     -- promoting: /local/S/jenkins/workspace/ECP/ecg-maya-usd/ecg-mayausd-branch-preflight-2020-pxrusd-mid1-osx/ecg-maya-usd/maya-usd/lib/mayaUsd/render/pxrUsdMayaGL/renderParams.h
[2023-04-06T14:18:08.515Z]     -- promoting: /local/S/jenkins/workspace/ECP/ecg-maya-usd/ecg-mayausd-branch-preflight-2020-pxrusd-mid1-osx/ecg-maya-usd/maya-usd/lib/mayaUsd/render/pxrUsdMayaGL/sceneDelegate.h
[2023-04-06T14:18:08.515Z]     -- promoting: /local/S/jenkins/workspace/ECP/ecg-maya-usd/ecg-mayausd-branch-preflight-2020-pxrusd-mid1-osx/ecg-maya-usd/maya-usd/lib/mayaUsd/render/pxrUsdMayaGL/shapeAdapter.h
[2023-04-06T14:18:08.515Z]     -- promoting: /local/S/jenkins/workspace/ECP/ecg-maya-usd/ecg-mayausd-branch-preflight-2020-pxrusd-mid1-osx/ecg-maya-usd/maya-usd/lib/mayaUsd/render/pxrUsdMayaGL/softSelectHelper.h
[2023-04-06T14:18:08.515Z]     -- promoting: /local/S/jenkins/workspace/ECP/ecg-maya-usd/ecg-mayausd-branch-preflight-2020-pxrusd-mid1-osx/ecg-maya-usd/maya-usd/lib/mayaUsd/render/pxrUsdMayaGL/usdProxyShapeAdapter.h
[2023-04-06T14:18:08.515Z]     -- promoting: /local/S/jenkins/workspace/ECP/ecg-maya-usd/ecg-mayausd-branch-preflight-2020-pxrusd-mid1-osx/ecg-maya-usd/maya-usd/lib/mayaUsd/render/pxrUsdMayaGL/userData.h
[2023-04-06T14:18:08.515Z]     -- promoting: /local/S/jenkins/workspace/ECP/ecg-maya-usd/ecg-mayausd-branch-preflight-2020-pxrusd-mid1-osx/ecg-maya-usd/maya-usd/lib/mayaUsd/render/vp2RenderDelegate/proxyRenderDelegate.h
[2023-04-06T14:18:08.515Z]     -- promoting: /local/S/jenkins/workspace/ECP/ecg-maya-usd/ecg-mayausd-branch-preflight-2020-pxrusd-mid1-osx/ecg-maya-usd/maya-usd/lib/mayaUsd/render/vp2ShaderFragments/shaderFragments.h
[2023-04-06T14:18:08.515Z]     -- promoting: /local/S/jenkins/workspace/ECP/ecg-maya-usd/ecg-mayausd-branch-preflight-2020-pxrusd-mid1-osx/ecg-maya-usd/maya-usd/lib/mayaUsd/ufe/Global.h
[2023-04-06T14:18:08.515Z]     -- promoting: /local/S/jenkins/workspace/ECP/ecg-maya-usd/ecg-mayausd-branch-preflight-2020-pxrusd-mid1-osx/ecg-maya-usd/maya-usd/lib/mayaUsd/ufe/ProxyShapeHandler.h
[2023-04-06T14:18:08.515Z]     -- promoting: /local/S/jenkins/workspace/ECP/ecg-maya-usd/ecg-mayausd-branch-preflight-2020-pxrusd-mid1-osx/ecg-maya-usd/maya-usd/lib/mayaUsd/ufe/ProxyShapeHierarchy.h
[2023-04-06T14:18:08.515Z]     -- promoting: /local/S/jenkins/workspace/ECP/ecg-maya-usd/ecg-mayausd-branch-preflight-2020-pxrusd-mid1-osx/ecg-maya-usd/maya-usd/lib/mayaUsd/ufe/ProxyShapeHierarchyHandler.h
[2023-04-06T14:18:08.515Z]     -- promoting: /local/S/jenkins/workspace/ECP/ecg-maya-usd/ecg-mayausd-branch-preflight-2020-pxrusd-mid1-osx/ecg-maya-usd/maya-usd/lib/mayaUsd/ufe/SetVariantSelectionCommand.h
[2023-04-06T14:18:08.515Z]     -- promoting: /local/S/jenkins/workspace/ECP/ecg-maya-usd/ecg-mayausd-branch-preflight-2020-pxrusd-mid1-osx/ecg-maya-usd/maya-usd/lib/mayaUsd/ufe/StagesSubject.h
[2023-04-06T14:18:08.515Z]     -- promoting: /local/S/jenkins/workspace/ECP/ecg-maya-usd/ecg-mayausd-branch-preflight-2020-pxrusd-mid1-osx/ecg-maya-usd/maya-usd/lib/mayaUsd/ufe/UsdHierarchy.h
[2023-04-06T14:18:08.515Z]     -- promoting: /local/S/jenkins/workspace/ECP/ecg-maya-usd/ecg-mayausd-branch-preflight-2020-pxrusd-mid1-osx/ecg-maya-usd/maya-usd/lib/mayaUsd/ufe/UsdHierarchyHandler.h
[2023-04-06T14:18:08.515Z]     -- promoting: /local/S/jenkins/workspace/ECP/ecg-maya-usd/ecg-mayausd-branch-preflight-2020-pxrusd-mid1-osx/ecg-maya-usd/maya-usd/lib/mayaUsd/ufe/UsdPointInstanceModifierBase.h
[2023-04-06T14:18:08.515Z]     -- promoting: /local/S/jenkins/workspace/ECP/ecg-maya-usd/ecg-mayausd-branch-preflight-2020-pxrusd-mid1-osx/ecg-maya-usd/maya-usd/lib/mayaUsd/ufe/UsdPointInstanceOrientationModifier.h
[2023-04-06T14:18:08.515Z]     -- promoting: /local/S/jenkins/workspace/ECP/ecg-maya-usd/ecg-mayausd-branch-preflight-2020-pxrusd-mid1-osx/ecg-maya-usd/maya-usd/lib/mayaUsd/ufe/UsdPointInstancePositionModifier.h
[2023-04-06T14:18:08.515Z]     -- promoting: /local/S/jenkins/workspace/ECP/ecg-maya-usd/ecg-mayausd-branch-preflight-2020-pxrusd-mid1-osx/ecg-maya-usd/maya-usd/lib/mayaUsd/ufe/UsdPointInstanceScaleModifier.h
[2023-04-06T14:18:08.515Z]     -- promoting: /local/S/jenkins/workspace/ECP/ecg-maya-usd/ecg-mayausd-branch-preflight-2020-pxrusd-mid1-osx/ecg-maya-usd/maya-usd/lib/mayaUsd/ufe/UsdRootChildHierarchy.h
[2023-04-06T14:18:08.515Z]     -- promoting: /local/S/jenkins/workspace/ECP/ecg-maya-usd/ecg-mayausd-branch-preflight-2020-pxrusd-mid1-osx/ecg-maya-usd/maya-usd/lib/mayaUsd/ufe/UsdRotatePivotTranslateUndoableCommand.h
[2023-04-06T14:18:08.515Z]     -- promoting: /local/S/jenkins/workspace/ECP/ecg-maya-usd/ecg-mayausd-branch-preflight-2020-pxrusd-mid1-osx/ecg-maya-usd/maya-usd/lib/mayaUsd/ufe/UsdRotateUndoableCommand.h
[2023-04-06T14:18:08.515Z]     -- promoting: /local/S/jenkins/workspace/ECP/ecg-maya-usd/ecg-mayausd-branch-preflight-2020-pxrusd-mid1-osx/ecg-maya-usd/maya-usd/lib/mayaUsd/ufe/UsdScaleUndoableCommand.h
[2023-04-06T14:18:08.515Z]     -- promoting: /local/S/jenkins/workspace/ECP/ecg-maya-usd/ecg-mayausd-branch-preflight-2020-pxrusd-mid1-osx/ecg-maya-usd/maya-usd/lib/mayaUsd/ufe/UsdSceneItem.h
[2023-04-06T14:18:08.515Z]     -- promoting: /local/S/jenkins/workspace/ECP/ecg-maya-usd/ecg-mayausd-branch-preflight-2020-pxrusd-mid1-osx/ecg-maya-usd/maya-usd/lib/mayaUsd/ufe/UsdSceneItemOps.h
[2023-04-06T14:18:08.515Z]     -- promoting: /local/S/jenkins/workspace/ECP/ecg-maya-usd/ecg-mayausd-branch-preflight-2020-pxrusd-mid1-osx/ecg-maya-usd/maya-usd/lib/mayaUsd/ufe/UsdSceneItemOpsHandler.h
[2023-04-06T14:18:08.515Z]     -- promoting: /local/S/jenkins/workspace/ECP/ecg-maya-usd/ecg-mayausd-branch-preflight-2020-pxrusd-mid1-osx/ecg-maya-usd/maya-usd/lib/mayaUsd/ufe/UsdStageMap.h
[2023-04-06T14:18:08.515Z]     -- promoting: /local/S/jenkins/workspace/ECP/ecg-maya-usd/ecg-mayausd-branch-preflight-2020-pxrusd-mid1-osx/ecg-maya-usd/maya-usd/lib/mayaUsd/ufe/UsdTRSUndoableCommandBase.h
[2023-04-06T14:18:08.515Z]     -- promoting: /local/S/jenkins/workspace/ECP/ecg-maya-usd/ecg-mayausd-branch-preflight-2020-pxrusd-mid1-osx/ecg-maya-usd/maya-usd/lib/mayaUsd/ufe/UsdTransform3d.h
[2023-04-06T14:18:08.515Z]     -- promoting: /local/S/jenkins/workspace/ECP/ecg-maya-usd/ecg-mayausd-branch-preflight-2020-pxrusd-mid1-osx/ecg-maya-usd/maya-usd/lib/mayaUsd/ufe/UsdTransform3dReadImpl.h
[2023-04-06T14:18:08.515Z]     -- promoting: /local/S/jenkins/workspace/ECP/ecg-maya-usd/ecg-mayausd-branch-preflight-2020-pxrusd-mid1-osx/ecg-maya-usd/maya-usd/lib/mayaUsd/ufe/UsdTransform3dHandler.h
[2023-04-06T14:18:08.515Z]     -- promoting: /local/S/jenkins/workspace/ECP/ecg-maya-usd/ecg-mayausd-branch-preflight-2020-pxrusd-mid1-osx/ecg-maya-usd/maya-usd/lib/mayaUsd/ufe/UsdTranslateUndoableCommand.h
[2023-04-06T14:18:08.515Z]     -- promoting: /local/S/jenkins/workspace/ECP/ecg-maya-usd/ecg-mayausd-branch-preflight-2020-pxrusd-mid1-osx/ecg-maya-usd/maya-usd/lib/mayaUsd/ufe/UsdUndoDeleteCommand.h
[2023-04-06T14:18:08.515Z]     -- promoting: /local/S/jenkins/workspace/ECP/ecg-maya-usd/ecg-mayausd-branch-preflight-2020-pxrusd-mid1-osx/ecg-maya-usd/maya-usd/lib/mayaUsd/ufe/UsdUndoDuplicateCommand.h
[2023-04-06T14:18:08.515Z]     -- promoting: /local/S/jenkins/workspace/ECP/ecg-maya-usd/ecg-mayausd-branch-preflight-2020-pxrusd-mid1-osx/ecg-maya-usd/maya-usd/lib/mayaUsd/ufe/UsdUndoRenameCommand.h
[2023-04-06T14:18:08.515Z]     -- promoting: /local/S/jenkins/workspace/ECP/ecg-maya-usd/ecg-mayausd-branch-preflight-2020-pxrusd-mid1-osx/ecg-maya-usd/maya-usd/lib/mayaUsd/ufe/Utils.h
[2023-04-06T14:18:08.515Z]     -- promoting: /local/S/jenkins/workspace/ECP/ecg-maya-usd/ecg-mayausd-branch-preflight-2020-pxrusd-mid1-osx/ecg-maya-usd/maya-usd/lib/mayaUsd/ufe/UfeVersionCompat.h
[2023-04-06T14:18:08.515Z]     -- promoting: /local/S/jenkins/workspace/ECP/ecg-maya-usd/ecg-mayausd-branch-preflight-2020-pxrusd-mid1-osx/ecg-maya-usd/maya-usd/lib/mayaUsd/undo/OpUndoItemList.h
[2023-04-06T14:18:08.515Z]     -- promoting: /local/S/jenkins/workspace/ECP/ecg-maya-usd/ecg-mayausd-branch-preflight-2020-pxrusd-mid1-osx/ecg-maya-usd/maya-usd/lib/mayaUsd/undo/OpUndoItemMuting.h
[2023-04-06T14:18:08.515Z]     -- promoting: /local/S/jenkins/workspace/ECP/ecg-maya-usd/ecg-mayausd-branch-preflight-2020-pxrusd-mid1-osx/ecg-maya-usd/maya-usd/lib/mayaUsd/undo/OpUndoItemRecorder.h
[2023-04-06T14:18:08.515Z]     -- promoting: /local/S/jenkins/workspace/ECP/ecg-maya-usd/ecg-mayausd-branch-preflight-2020-pxrusd-mid1-osx/ecg-maya-usd/maya-usd/lib/mayaUsd/undo/OpUndoItems.h
[2023-04-06T14:18:08.515Z]     -- promoting: /local/S/jenkins/workspace/ECP/ecg-maya-usd/ecg-mayausd-branch-preflight-2020-pxrusd-mid1-osx/ecg-maya-usd/maya-usd/lib/mayaUsd/undo/UsdUndoBlock.h
[2023-04-06T14:18:08.515Z]     -- promoting: /local/S/jenkins/workspace/ECP/ecg-maya-usd/ecg-mayausd-branch-preflight-2020-pxrusd-mid1-osx/ecg-maya-usd/maya-usd/lib/mayaUsd/undo/UsdUndoManager.h
[2023-04-06T14:18:08.515Z]     -- promoting: /local/S/jenkins/workspace/ECP/ecg-maya-usd/ecg-mayausd-branch-preflight-2020-pxrusd-mid1-osx/ecg-maya-usd/maya-usd/lib/mayaUsd/undo/UsdUndoStateDelegate.h
[2023-04-06T14:18:08.515Z]     -- promoting: /local/S/jenkins/workspace/ECP/ecg-maya-usd/ecg-mayausd-branch-preflight-2020-pxrusd-mid1-osx/ecg-maya-usd/maya-usd/lib/mayaUsd/undo/UsdUndoableItem.h
[2023-04-06T14:18:08.515Z]     -- promoting: /local/S/jenkins/workspace/ECP/ecg-maya-usd/ecg-mayausd-branch-preflight-2020-pxrusd-mid1-osx/ecg-maya-usd/maya-usd/lib/mayaUsd/utils/blockSceneModificationContext.h
[2023-04-06T14:18:08.515Z]     -- promoting: /local/S/jenkins/workspace/ECP/ecg-maya-usd/ecg-mayausd-branch-preflight-2020-pxrusd-mid1-osx/ecg-maya-usd/maya-usd/lib/mayaUsd/utils/colorSpace.h
[2023-04-06T14:18:08.515Z]     -- promoting: /local/S/jenkins/workspace/ECP/ecg-maya-usd/ecg-mayausd-branch-preflight-2020-pxrusd-mid1-osx/ecg-maya-usd/maya-usd/lib/mayaUsd/utils/customLayerData.h
[2023-04-06T14:18:08.515Z]     -- promoting: /local/S/jenkins/workspace/ECP/ecg-maya-usd/ecg-mayausd-branch-preflight-2020-pxrusd-mid1-osx/ecg-maya-usd/maya-usd/lib/mayaUsd/utils/converter.h
[2023-04-06T14:18:08.515Z]     -- promoting: /local/S/jenkins/workspace/ECP/ecg-maya-usd/ecg-mayausd-branch-preflight-2020-pxrusd-mid1-osx/ecg-maya-usd/maya-usd/lib/mayaUsd/utils/diagnosticDelegate.h
[2023-04-06T14:18:08.515Z]     -- promoting: /local/S/jenkins/workspace/ECP/ecg-maya-usd/ecg-mayausd-branch-preflight-2020-pxrusd-mid1-osx/ecg-maya-usd/maya-usd/lib/mayaUsd/utils/dynamicAttribute.h
[2023-04-06T14:18:08.515Z]     -- promoting: /local/S/jenkins/workspace/ECP/ecg-maya-usd/ecg-mayausd-branch-preflight-2020-pxrusd-mid1-osx/ecg-maya-usd/maya-usd/lib/mayaUsd/utils/editability.h
[2023-04-06T14:18:08.515Z]     -- promoting: /local/S/jenkins/workspace/ECP/ecg-maya-usd/ecg-mayausd-branch-preflight-2020-pxrusd-mid1-osx/ecg-maya-usd/maya-usd/lib/mayaUsd/utils/editRouter.h
[2023-04-06T14:18:08.515Z]     -- promoting: /local/S/jenkins/workspace/ECP/ecg-maya-usd/ecg-mayausd-branch-preflight-2020-pxrusd-mid1-osx/ecg-maya-usd/maya-usd/lib/mayaUsd/utils/editRouterContext.h
[2023-04-06T14:18:08.515Z]     -- promoting: /local/S/jenkins/workspace/ECP/ecg-maya-usd/ecg-mayausd-branch-preflight-2020-pxrusd-mid1-osx/ecg-maya-usd/maya-usd/lib/mayaUsd/utils/hash.h
[2023-04-06T14:18:08.515Z]     -- promoting: /local/S/jenkins/workspace/ECP/ecg-maya-usd/ecg-mayausd-branch-preflight-2020-pxrusd-mid1-osx/ecg-maya-usd/maya-usd/lib/mayaUsd/utils/layerMuting.h
[2023-04-06T14:18:08.515Z]     -- promoting: /local/S/jenkins/workspace/ECP/ecg-maya-usd/ecg-mayausd-branch-preflight-2020-pxrusd-mid1-osx/ecg-maya-usd/maya-usd/lib/mayaUsd/utils/layers.h
[2023-04-06T14:18:08.515Z]     -- promoting: /local/S/jenkins/workspace/ECP/ecg-maya-usd/ecg-mayausd-branch-preflight-2020-pxrusd-mid1-osx/ecg-maya-usd/maya-usd/lib/mayaUsd/utils/loadRules.h
[2023-04-06T14:18:08.515Z]     -- promoting: /local/S/jenkins/workspace/ECP/ecg-maya-usd/ecg-mayausd-branch-preflight-2020-pxrusd-mid1-osx/ecg-maya-usd/maya-usd/lib/mayaUsd/utils/query.h
[2023-04-06T14:18:08.515Z]     -- promoting: /local/S/jenkins/workspace/ECP/ecg-maya-usd/ecg-mayausd-branch-preflight-2020-pxrusd-mid1-osx/ecg-maya-usd/maya-usd/lib/mayaUsd/utils/plugRegistryHelper.h
[2023-04-06T14:18:08.515Z]     -- promoting: /local/S/jenkins/workspace/ECP/ecg-maya-usd/ecg-mayausd-branch-preflight-2020-pxrusd-mid1-osx/ecg-maya-usd/maya-usd/lib/mayaUsd/utils/progressBarScope.h
[2023-04-06T14:18:08.515Z]     -- promoting: /local/S/jenkins/workspace/ECP/ecg-maya-usd/ecg-mayausd-branch-preflight-2020-pxrusd-mid1-osx/ecg-maya-usd/maya-usd/lib/mayaUsd/utils/selectability.h
[2023-04-06T14:18:08.515Z]     -- promoting: /local/S/jenkins/workspace/ECP/ecg-maya-usd/ecg-mayausd-branch-preflight-2020-pxrusd-mid1-osx/ecg-maya-usd/maya-usd/lib/mayaUsd/utils/stageCache.h
[2023-04-06T14:18:08.515Z]     -- promoting: /local/S/jenkins/workspace/ECP/ecg-maya-usd/ecg-mayausd-branch-preflight-2020-pxrusd-mid1-osx/ecg-maya-usd/maya-usd/lib/mayaUsd/utils/targetLayer.h
[2023-04-06T14:18:08.515Z]     -- promoting: /local/S/jenkins/workspace/ECP/ecg-maya-usd/ecg-mayausd-branch-preflight-2020-pxrusd-mid1-osx/ecg-maya-usd/maya-usd/lib/mayaUsd/utils/traverseLayer.h
[2023-04-06T14:18:08.515Z]     -- promoting: /local/S/jenkins/workspace/ECP/ecg-maya-usd/ecg-mayausd-branch-preflight-2020-pxrusd-mid1-osx/ecg-maya-usd/maya-usd/lib/mayaUsd/utils/undoHelperCommand.h
[2023-04-06T14:18:08.515Z]     -- promoting: /local/S/jenkins/workspace/ECP/ecg-maya-usd/ecg-mayausd-branch-preflight-2020-pxrusd-mid1-osx/ecg-maya-usd/maya-usd/lib/mayaUsd/utils/util.h
[2023-04-06T14:18:08.515Z]     -- promoting: /local/S/jenkins/workspace/ECP/ecg-maya-usd/ecg-mayausd-branch-preflight-2020-pxrusd-mid1-osx/ecg-maya-usd/maya-usd/lib/mayaUsd/utils/utilDictionary.h
[2023-04-06T14:18:08.515Z]     -- promoting: /local/S/jenkins/workspace/ECP/ecg-maya-usd/ecg-mayausd-branch-preflight-2020-pxrusd-mid1-osx/ecg-maya-usd/maya-usd/lib/mayaUsd/utils/utilFileSystem.h
[2023-04-06T14:18:08.515Z]     -- promoting: /local/S/jenkins/workspace/ECP/ecg-maya-usd/ecg-mayausd-branch-preflight-2020-pxrusd-mid1-osx/ecg-maya-usd/maya-usd/lib/mayaUsd/utils/utilSerialization.h
[2023-04-06T14:18:08.515Z]     -- promoting: /local/S/jenkins/workspace/ECP/ecg-maya-usd/ecg-mayausd-branch-preflight-2020-pxrusd-mid1-osx/ecg-maya-usd/maya-usd/lib/mayaUsd/utils/variants.h
[2023-04-06T14:18:08.515Z]     -- promoting: /local/S/jenkins/workspace/ECP/ecg-maya-usd/ecg-mayausd-branch-preflight-2020-pxrusd-mid1-osx/ecg-maya-usd/maya-usd/lib/usd/pxrUsdPreviewSurface/usdPreviewSurface.h
[2023-04-06T14:18:08.515Z]     -- promoting: /local/S/jenkins/workspace/ECP/ecg-maya-usd/ecg-mayausd-branch-preflight-2020-pxrusd-mid1-osx/ecg-maya-usd/maya-usd/lib/usd/pxrUsdPreviewSurface/usdPreviewSurfacePlugin.h
[2023-04-06T14:18:08.515Z]     -- promoting: /local/S/jenkins/workspace/ECP/ecg-maya-usd/ecg-mayausd-branch-preflight-2020-pxrusd-mid1-osx/ecg-maya-usd/maya-usd/lib/usd/schemas/api.h
[2023-04-06T14:18:08.515Z]     -- promoting: /local/S/jenkins/workspace/ECP/ecg-maya-usd/ecg-mayausd-branch-preflight-2020-pxrusd-mid1-osx/ecg-maya-usd/maya-usd/lib/usd/schemas/ALMayaReference.h
[2023-04-06T14:18:08.515Z]     -- promoting: /local/S/jenkins/workspace/ECP/ecg-maya-usd/ecg-mayausd-branch-preflight-2020-pxrusd-mid1-osx/ecg-maya-usd/maya-usd/lib/usd/schemas/MayaReference.h
[2023-04-06T14:18:08.515Z]     -- promoting: /local/S/jenkins/workspace/ECP/ecg-maya-usd/ecg-mayausd-branch-preflight-2020-pxrusd-mid1-osx/ecg-maya-usd/maya-usd/lib/usd/schemas/tokens.h
[2023-04-06T14:18:09.383Z]     Processing schema classes:
[2023-04-06T14:18:09.383Z]     MayaReference, ALMayaReference
[2023-04-06T14:18:09.383Z]     Loading Templates from /local/S/jenkins/workspace/shared/Artifactory/OSX/USD/cae4017/lib/usd/usd/resources/codegenTemplates
[2023-04-06T14:18:09.383Z]     Writing API:
[2023-04-06T14:18:09.383Z]     	    wrote /local/S/jenkins/workspace/ECP/ecg-maya-usd/ecg-mayausd-branch-preflight-2020-pxrusd-mid1-osx/build/RelWithDebInfo/lib/usd/schemas/api.h
[2023-04-06T14:18:09.383Z]     Writing Schema Tokens:
[2023-04-06T14:18:09.383Z]     	    wrote /local/S/jenkins/workspace/ECP/ecg-maya-usd/ecg-mayausd-branch-preflight-2020-pxrusd-mid1-osx/build/RelWithDebInfo/lib/usd/schemas/tokens.h
[2023-04-06T14:18:09.383Z]     	    wrote /local/S/jenkins/workspace/ECP/ecg-maya-usd/ecg-mayausd-branch-preflight-2020-pxrusd-mid1-osx/build/RelWithDebInfo/lib/usd/schemas/tokens.cpp
[2023-04-06T14:18:09.383Z]     	    wrote /local/S/jenkins/workspace/ECP/ecg-maya-usd/ecg-mayausd-branch-preflight-2020-pxrusd-mid1-osx/build/RelWithDebInfo/lib/usd/schemas/wrapTokens.cpp
[2023-04-06T14:18:09.383Z]     Generating Classes:
[2023-04-06T14:18:09.383Z]     	    wrote /local/S/jenkins/workspace/ECP/ecg-maya-usd/ecg-mayausd-branch-preflight-2020-pxrusd-mid1-osx/build/RelWithDebInfo/lib/usd/schemas/MayaReference.h
[2023-04-06T14:18:09.383Z]     	    wrote /local/S/jenkins/workspace/ECP/ecg-maya-usd/ecg-mayausd-branch-preflight-2020-pxrusd-mid1-osx/build/RelWithDebInfo/lib/usd/schemas/MayaReference.cpp
[2023-04-06T14:18:09.383Z]     	    wrote /local/S/jenkins/workspace/ECP/ecg-maya-usd/ecg-mayausd-branch-preflight-2020-pxrusd-mid1-osx/build/RelWithDebInfo/lib/usd/schemas/wrapMayaReference.cpp
[2023-04-06T14:18:09.383Z]     	    wrote /local/S/jenkins/workspace/ECP/ecg-maya-usd/ecg-mayausd-branch-preflight-2020-pxrusd-mid1-osx/build/RelWithDebInfo/lib/usd/schemas/ALMayaReference.h
[2023-04-06T14:18:09.383Z]     	    wrote /local/S/jenkins/workspace/ECP/ecg-maya-usd/ecg-mayausd-branch-preflight-2020-pxrusd-mid1-osx/build/RelWithDebInfo/lib/usd/schemas/ALMayaReference.cpp
[2023-04-06T14:18:09.383Z]     	    wrote /local/S/jenkins/workspace/ECP/ecg-maya-usd/ecg-mayausd-branch-preflight-2020-pxrusd-mid1-osx/build/RelWithDebInfo/lib/usd/schemas/wrapALMayaReference.cpp
[2023-04-06T14:18:09.383Z]     Loading Templates from /local/S/jenkins/workspace/shared/Artifactory/OSX/USD/cae4017/lib/usd/usd/resources/codegenTemplates
[2023-04-06T14:18:09.383Z]     	    wrote /local/S/jenkins/workspace/ECP/ecg-maya-usd/ecg-mayausd-branch-preflight-2020-pxrusd-mid1-osx/build/RelWithDebInfo/lib/usd/schemas/plugInfo.json
[2023-04-06T14:18:09.383Z]     Generating Schematics:
[2023-04-06T14:18:09.383Z]     	    wrote /local/S/jenkins/workspace/ECP/ecg-maya-usd/ecg-mayausd-branch-preflight-2020-pxrusd-mid1-osx/build/RelWithDebInfo/lib/usd/schemas/generatedSchema.usda
[2023-04-06T14:18:09.485Z]     -- promoting: /local/S/jenkins/workspace/ECP/ecg-maya-usd/ecg-mayausd-branch-preflight-2020-pxrusd-mid1-osx/ecg-maya-usd/maya-usd/lib/usd/utils/ALHalf.h
[2023-04-06T14:18:09.485Z]     -- promoting: /local/S/jenkins/workspace/ECP/ecg-maya-usd/ecg-mayausd-branch-preflight-2020-pxrusd-mid1-osx/ecg-maya-usd/maya-usd/lib/usd/utils/Api.h
[2023-04-06T14:18:09.485Z]     -- promoting: /local/S/jenkins/workspace/ECP/ecg-maya-usd/ecg-mayausd-branch-preflight-2020-pxrusd-mid1-osx/ecg-maya-usd/maya-usd/lib/usd/utils/DebugCodes.h
[2023-04-06T14:18:09.485Z]     -- promoting: /local/S/jenkins/workspace/ECP/ecg-maya-usd/ecg-mayausd-branch-preflight-2020-pxrusd-mid1-osx/ecg-maya-usd/maya-usd/lib/usd/utils/DiffCore.h
[2023-04-06T14:18:09.485Z]     -- promoting: /local/S/jenkins/workspace/ECP/ecg-maya-usd/ecg-mayausd-branch-preflight-2020-pxrusd-mid1-osx/ecg-maya-usd/maya-usd/lib/usd/utils/DiffPrims.h
[2023-04-06T14:18:09.485Z]     -- promoting: /local/S/jenkins/workspace/ECP/ecg-maya-usd/ecg-mayausd-branch-preflight-2020-pxrusd-mid1-osx/ecg-maya-usd/maya-usd/lib/usd/utils/MergePrims.h
[2023-04-06T14:18:09.485Z]     -- promoting: /local/S/jenkins/workspace/ECP/ecg-maya-usd/ecg-mayausd-branch-preflight-2020-pxrusd-mid1-osx/ecg-maya-usd/maya-usd/lib/usd/utils/MergePrimsOptions.h
[2023-04-06T14:18:09.485Z]     -- promoting: /local/S/jenkins/workspace/ECP/ecg-maya-usd/ecg-mayausd-branch-preflight-2020-pxrusd-mid1-osx/ecg-maya-usd/maya-usd/lib/usd/utils/ForwardDeclares.h
[2023-04-06T14:18:09.485Z]     -- promoting: /local/S/jenkins/workspace/ECP/ecg-maya-usd/ecg-mayausd-branch-preflight-2020-pxrusd-mid1-osx/ecg-maya-usd/maya-usd/lib/usd/utils/SIMD.h
[2023-04-06T14:18:09.485Z]     -- promoting: /local/S/jenkins/workspace/ECP/ecg-maya-usd/ecg-mayausd-branch-preflight-2020-pxrusd-mid1-osx/ecg-maya-usd/maya-usd/lib/usd/utils/util.h
[2023-04-06T14:18:09.485Z]     -- promoting: /local/S/jenkins/workspace/ECP/ecg-maya-usd/ecg-mayausd-branch-preflight-2020-pxrusd-mid1-osx/ecg-maya-usd/maya-usd/lib/usd/ui/layerEditor/batchSaveLayersUIDelegate.h
[2023-04-06T14:18:09.485Z]     -- promoting: /local/S/jenkins/workspace/ECP/ecg-maya-usd/ecg-mayausd-branch-preflight-2020-pxrusd-mid1-osx/ecg-maya-usd/maya-usd/lib/usd/ui/importDialog/IMayaMQtUtil.h
[2023-04-06T14:18:09.485Z]     -- promoting: /local/S/jenkins/workspace/ECP/ecg-maya-usd/ecg-mayausd-branch-preflight-2020-pxrusd-mid1-osx/ecg-maya-usd/maya-usd/lib/usd/ui/importDialog/ItemDelegate.h
[2023-04-06T14:18:09.485Z]     -- promoting: /local/S/jenkins/workspace/ECP/ecg-maya-usd/ecg-mayausd-branch-preflight-2020-pxrusd-mid1-osx/ecg-maya-usd/maya-usd/lib/usd/ui/importDialog/IUSDImportView.h
[2023-04-06T14:18:09.485Z]     -- promoting: /local/S/jenkins/workspace/ECP/ecg-maya-usd/ecg-mayausd-branch-preflight-2020-pxrusd-mid1-osx/ecg-maya-usd/maya-usd/lib/usd/ui/importDialog/TreeItem.h
[2023-04-06T14:18:09.485Z]     -- promoting: /local/S/jenkins/workspace/ECP/ecg-maya-usd/ecg-mayausd-branch-preflight-2020-pxrusd-mid1-osx/ecg-maya-usd/maya-usd/lib/usd/ui/importDialog/TreeModel.h
[2023-04-06T14:18:09.485Z]     -- promoting: /local/S/jenkins/workspace/ECP/ecg-maya-usd/ecg-mayausd-branch-preflight-2020-pxrusd-mid1-osx/ecg-maya-usd/maya-usd/lib/usd/ui/importDialog/TreeModelFactory.h
[2023-04-06T14:18:09.485Z]     -- promoting: /local/S/jenkins/workspace/ECP/ecg-maya-usd/ecg-mayausd-branch-preflight-2020-pxrusd-mid1-osx/ecg-maya-usd/maya-usd/lib/usd/ui/importDialog/USDImportDialog.h
[2023-04-06T14:18:09.485Z]     -- promoting: /local/S/jenkins/workspace/ECP/ecg-maya-usd/ecg-mayausd-branch-preflight-2020-pxrusd-mid1-osx/ecg-maya-usd/maya-usd/lib/usd/ui/importDialog/USDImportDialogCmd.h
[2023-04-06T14:18:09.485Z]     -- promoting: /local/S/jenkins/workspace/ECP/ecg-maya-usd/ecg-mayausd-branch-preflight-2020-pxrusd-mid1-osx/ecg-maya-usd/maya-usd/lib/usd/ui/importDialog/USDQtUtil.h
[2023-04-06T14:18:09.485Z]     -- promoting: /local/S/jenkins/workspace/ECP/ecg-maya-usd/ecg-mayausd-branch-preflight-2020-pxrusd-mid1-osx/ecg-maya-usd/maya-usd/lib/usd/ui/api.h
[2023-04-06T14:18:09.485Z]     -- promoting: /local/S/jenkins/workspace/ECP/ecg-maya-usd/ecg-mayausd-branch-preflight-2020-pxrusd-mid1-osx/ecg-maya-usd/maya-usd/lib/usd/ui/initStringResources.h
[2023-04-06T14:18:09.485Z]     ========== Pixar USD Plugin ==========
[2023-04-06T14:18:09.485Z]     Compiling /local/S/jenkins/workspace/ECP/ecg-maya-usd/ecg-mayausd-branch-preflight-2020-pxrusd-mid1-osx/build/RelWithDebInfo/plugin/pxr/__init__.py ...
[2023-04-06T14:18:09.485Z]     ========== AL USD Plugin ==========
[2023-04-06T14:18:09.485Z]     CMake Deprecation Warning at plugin/al/CMakeLists.txt:7 (cmake_policy):
[2023-04-06T14:18:09.485Z]       The OLD behavior for policy CMP0026 will be removed from a future version
[2023-04-06T14:18:09.485Z]       of CMake.
[2023-04-06T14:18:09.485Z]     
[2023-04-06T14:18:09.485Z]       The cmake-policies(7) manual explains that the OLD behaviors of all
[2023-04-06T14:18:09.485Z]       policies are deprecated and that a policy should be set to OLD only under
[2023-04-06T14:18:09.485Z]       specific short-term circumstances.  Projects should be ported to the NEW
[2023-04-06T14:18:09.485Z]       behavior and not rely on setting a policy to OLD.
[2023-04-06T14:18:09.485Z]     
[2023-04-06T14:18:09.485Z]     
[2023-04-06T14:18:09.485Z]     -- Found Boost 1.70.0 at /local/S/jenkins/workspace/shared/Artifactory/OSX/USD/cae4017/lib/cmake/Boost-1.70.0
[2023-04-06T14:18:09.485Z]     --   Requested configuration: QUIET REQUIRED
[2023-04-06T14:18:09.485Z]     -- Found boost_headers 1.70.0 at /local/S/jenkins/workspace/shared/Artifactory/OSX/USD/cae4017/lib/cmake/boost_headers-1.70.0
[2023-04-06T14:18:09.595Z]     -- Found Boost: /local/S/jenkins/workspace/shared/Artifactory/OSX/USD/cae4017/lib/cmake/Boost-1.70.0/BoostConfig.cmake (found version "1.70.0")
[2023-04-06T14:18:09.595Z]     -- Found Boost 1.70.0 at /local/S/jenkins/workspace/shared/Artifactory/OSX/USD/cae4017/lib/cmake/Boost-1.70.0
[2023-04-06T14:18:09.595Z]     --   Requested configuration: QUIET REQUIRED COMPONENTS python
[2023-04-06T14:18:09.595Z]     -- Found boost_python 1.70.0 at /local/S/jenkins/workspace/shared/Artifactory/OSX/USD/cae4017/lib/cmake/boost_python-1.70.0
[2023-04-06T14:18:09.595Z]     --   libboost_python27.dylib
[2023-04-06T14:18:09.595Z]     -- Adding boost_python dependencies: headers
[2023-04-06T14:18:09.595Z]     -- Found Boost: /local/S/jenkins/workspace/shared/Artifactory/OSX/USD/cae4017/lib/cmake/Boost-1.70.0/BoostConfig.cmake (found version "1.70.0") found components: python
[2023-04-06T14:18:09.595Z]     -- Found GTest: /local/S/jenkins/workspace/ECP/ecg-maya-usd/ecg-mayausd-branch-preflight-2020-pxrusd-mid1-osx/build/RelWithDebInfo/googletest-install/lib/libgtest.dylib
[2023-04-06T14:18:09.806Z]     -- Building AL_USDMayaSchemas
[2023-04-06T14:18:10.237Z]     Processing schema classes:
[2023-04-06T14:18:10.237Z]     ALModelAPI, ALFrameRange
[2023-04-06T14:18:10.237Z]     Loading Templates from /local/S/jenkins/workspace/shared/Artifactory/OSX/USD/cae4017/lib/usd/usd/resources/codegenTemplates
[2023-04-06T14:18:10.237Z]     Writing API:
[2023-04-06T14:18:10.237Z]     	    wrote /local/S/jenkins/workspace/ECP/ecg-maya-usd/ecg-mayausd-branch-preflight-2020-pxrusd-mid1-osx/build/RelWithDebInfo/plugin/al/schemas/AL/usd/schemas/maya/api.h
[2023-04-06T14:18:10.237Z]     Writing Schema Tokens:
[2023-04-06T14:18:10.237Z]     	    wrote /local/S/jenkins/workspace/ECP/ecg-maya-usd/ecg-mayausd-branch-preflight-2020-pxrusd-mid1-osx/build/RelWithDebInfo/plugin/al/schemas/AL/usd/schemas/maya/tokens.h
[2023-04-06T14:18:10.237Z]     	    wrote /local/S/jenkins/workspace/ECP/ecg-maya-usd/ecg-mayausd-branch-preflight-2020-pxrusd-mid1-osx/build/RelWithDebInfo/plugin/al/schemas/AL/usd/schemas/maya/tokens.cpp
[2023-04-06T14:18:10.237Z]     	    wrote /local/S/jenkins/workspace/ECP/ecg-maya-usd/ecg-mayausd-branch-preflight-2020-pxrusd-mid1-osx/build/RelWithDebInfo/plugin/al/schemas/AL/usd/schemas/maya/wrapTokens.cpp
[2023-04-06T14:18:10.237Z]     Generating Classes:
[2023-04-06T14:18:10.237Z]     	    wrote /local/S/jenkins/workspace/ECP/ecg-maya-usd/ecg-mayausd-branch-preflight-2020-pxrusd-mid1-osx/build/RelWithDebInfo/plugin/al/schemas/AL/usd/schemas/maya/ModelAPI.h
[2023-04-06T14:18:10.237Z]     	    wrote /local/S/jenkins/workspace/ECP/ecg-maya-usd/ecg-mayausd-branch-preflight-2020-pxrusd-mid1-osx/build/RelWithDebInfo/plugin/al/schemas/AL/usd/schemas/maya/ModelAPI.cpp
[2023-04-06T14:18:10.237Z]     	    wrote /local/S/jenkins/workspace/ECP/ecg-maya-usd/ecg-mayausd-branch-preflight-2020-pxrusd-mid1-osx/build/RelWithDebInfo/plugin/al/schemas/AL/usd/schemas/maya/wrapModelAPI.cpp
[2023-04-06T14:18:10.237Z]     	    wrote /local/S/jenkins/workspace/ECP/ecg-maya-usd/ecg-mayausd-branch-preflight-2020-pxrusd-mid1-osx/build/RelWithDebInfo/plugin/al/schemas/AL/usd/schemas/maya/FrameRange.h
[2023-04-06T14:18:10.237Z]     	    wrote /local/S/jenkins/workspace/ECP/ecg-maya-usd/ecg-mayausd-branch-preflight-2020-pxrusd-mid1-osx/build/RelWithDebInfo/plugin/al/schemas/AL/usd/schemas/maya/FrameRange.cpp
[2023-04-06T14:18:10.237Z]     	    wrote /local/S/jenkins/workspace/ECP/ecg-maya-usd/ecg-mayausd-branch-preflight-2020-pxrusd-mid1-osx/build/RelWithDebInfo/plugin/al/schemas/AL/usd/schemas/maya/wrapFrameRange.cpp
[2023-04-06T14:18:10.237Z]     Loading Templates from /local/S/jenkins/workspace/shared/Artifactory/OSX/USD/cae4017/lib/usd/usd/resources/codegenTemplates
[2023-04-06T14:18:10.237Z]     	    wrote /local/S/jenkins/workspace/ECP/ecg-maya-usd/ecg-mayausd-branch-preflight-2020-pxrusd-mid1-osx/build/RelWithDebInfo/plugin/al/schemas/AL/usd/schemas/maya/plugInfo.json
[2023-04-06T14:18:10.237Z]     Generating Schematics:
[2023-04-06T14:18:10.237Z]     	    wrote /local/S/jenkins/workspace/ECP/ecg-maya-usd/ecg-mayausd-branch-preflight-2020-pxrusd-mid1-osx/build/RelWithDebInfo/plugin/al/schemas/AL/usd/schemas/maya/generatedSchema.usda
[2023-04-06T14:18:10.660Z]     Processing schema classes:
[2023-04-06T14:18:10.660Z]     ALExamplePolyCubeNode
[2023-04-06T14:18:10.660Z]     Loading Templates from /local/S/jenkins/workspace/shared/Artifactory/OSX/USD/cae4017/lib/usd/usd/resources/codegenTemplates
[2023-04-06T14:18:10.660Z]     Writing API:
[2023-04-06T14:18:10.660Z]     	    wrote /local/S/jenkins/workspace/ECP/ecg-maya-usd/ecg-mayausd-branch-preflight-2020-pxrusd-mid1-osx/build/RelWithDebInfo/plugin/al/schemas/AL/usd/schemas/mayatest/api.h
[2023-04-06T14:18:10.660Z]     Writing Schema Tokens:
[2023-04-06T14:18:10.660Z]     	    wrote /local/S/jenkins/workspace/ECP/ecg-maya-usd/ecg-mayausd-branch-preflight-2020-pxrusd-mid1-osx/build/RelWithDebInfo/plugin/al/schemas/AL/usd/schemas/mayatest/tokens.h
[2023-04-06T14:18:10.660Z]     	    wrote /local/S/jenkins/workspace/ECP/ecg-maya-usd/ecg-mayausd-branch-preflight-2020-pxrusd-mid1-osx/build/RelWithDebInfo/plugin/al/schemas/AL/usd/schemas/mayatest/tokens.cpp
[2023-04-06T14:18:10.660Z]     	    wrote /local/S/jenkins/workspace/ECP/ecg-maya-usd/ecg-mayausd-branch-preflight-2020-pxrusd-mid1-osx/build/RelWithDebInfo/plugin/al/schemas/AL/usd/schemas/mayatest/wrapTokens.cpp
[2023-04-06T14:18:10.660Z]     Generating Classes:
[2023-04-06T14:18:10.660Z]     	    wrote /local/S/jenkins/workspace/ECP/ecg-maya-usd/ecg-mayausd-branch-preflight-2020-pxrusd-mid1-osx/build/RelWithDebInfo/plugin/al/schemas/AL/usd/schemas/mayatest/ExamplePolyCubeNode.h
[2023-04-06T14:18:10.660Z]     	    wrote /local/S/jenkins/workspace/ECP/ecg-maya-usd/ecg-mayausd-branch-preflight-2020-pxrusd-mid1-osx/build/RelWithDebInfo/plugin/al/schemas/AL/usd/schemas/mayatest/ExamplePolyCubeNode.cpp
[2023-04-06T14:18:10.660Z]     	    wrote /local/S/jenkins/workspace/ECP/ecg-maya-usd/ecg-mayausd-branch-preflight-2020-pxrusd-mid1-osx/build/RelWithDebInfo/plugin/al/schemas/AL/usd/schemas/mayatest/wrapExamplePolyCubeNode.cpp
[2023-04-06T14:18:10.660Z]     Loading Templates from /local/S/jenkins/workspace/shared/Artifactory/OSX/USD/cae4017/lib/usd/usd/resources/codegenTemplates
[2023-04-06T14:18:10.660Z]     	    wrote /local/S/jenkins/workspace/ECP/ecg-maya-usd/ecg-mayausd-branch-preflight-2020-pxrusd-mid1-osx/build/RelWithDebInfo/plugin/al/schemas/AL/usd/schemas/mayatest/plugInfo.json
[2023-04-06T14:18:10.660Z]     Generating Schematics:
[2023-04-06T14:18:10.660Z]     	    wrote /local/S/jenkins/workspace/ECP/ecg-maya-usd/ecg-mayausd-branch-preflight-2020-pxrusd-mid1-osx/build/RelWithDebInfo/plugin/al/schemas/AL/usd/schemas/mayatest/generatedSchema.usda
[2023-04-06T14:18:10.660Z]     -- Building AL_USDMayaTranslators
[2023-04-06T14:18:10.770Z]     ========== ADSK USD Plugin ==========
[2023-04-06T14:18:10.770Z]     -- Configuring done
[2023-04-06T14:18:12.982Z]     -- Generating done
[2023-04-06T14:18:12.982Z]     -- Build files have been written to: /local/S/jenkins/workspace/ECP/ecg-maya-usd/ecg-mayausd-branch-preflight-2020-pxrusd-mid1-osx/build/RelWithDebInfo
[2023-04-06T14:18:12.982Z]     
[2023-04-06T14:18:12.982Z]         Building with settings:
[2023-04-06T14:18:12.982Z]           Source directory          /local/S/jenkins/workspace/ECP/ecg-maya-usd/ecg-mayausd-branch-preflight-2020-pxrusd-mid1-osx/ecg-maya-usd/maya-usd
[2023-04-06T14:18:12.982Z]           Workspace directory       /local/S/jenkins/workspace/ECP/ecg-maya-usd/ecg-mayausd-branch-preflight-2020-pxrusd-mid1-osx
[2023-04-06T14:18:12.982Z]           Build directory           /local/S/jenkins/workspace/ECP/ecg-maya-usd/ecg-mayausd-branch-preflight-2020-pxrusd-mid1-osx/build/RelWithDebInfo
[2023-04-06T14:18:12.982Z]           Install directory         /local/S/jenkins/workspace/ECP/ecg-maya-usd/ecg-mayausd-branch-preflight-2020-pxrusd-mid1-osx/install/RelWithDebInfo/MayaUSD
[2023-04-06T14:18:12.982Z]           Variant                   RelWithDebInfo
[2023-04-06T14:18:12.982Z]           Python Debug              Off
[2023-04-06T14:18:12.982Z]           CMake generator           Ninja
[2023-04-06T14:18:12.982Z]           Build arguments           ['-DCMAKE_MAKE_PROGRAM=/local/S/jenkins/workspace/shared/Artifactory/OSX/ninja/1.9.0/41005eb/ninja', '-DPYTHON_INCLUDE_DIR=/local/S/jenkins/workspace/shared/Artifactory/OSX/rundev-2020/202107140359/runtime/446214e/runTime/Maya.app/Contents/Frameworks/Python.framework/Versions/Current/include/python2.7', '-DPython_EXECUTABLE=/local/S/jenkins/workspace/shared/Artifactory/OSX/rundev-2020/202107140359/runtime/446214e/runTime/Maya.app/Contents/bin/mayapy', '-DPYTHON_LIBRARIES=/local/S/jenkins/workspace/shared/Artifactory/OSX/rundev-2020/202107140359/runtime/446214e/runTime/Maya.app/Contents/Frameworks/Python.framework/Versions/Current/lib/libpython2.7.dylib', '-DUSD_LIB_PREFIX=lib', '-DBUILD_HDMAYA=OFF']
[2023-04-06T14:18:12.982Z]           Stages arguments          ['configure']
[2023-04-06T14:18:12.982Z]           CTest arguments           ['-E testUsdReferenceAssemblySelection|testUsdMayaAppDir', '-LE interactive', '--parallel 4']
[2023-04-06T14:18:12.982Z]     Success MayaUSD build and install !!!!
[2023-04-06T14:18:12.982Z]     Elapsed time: 00:00:24
[Pipeline] }
[Pipeline] // withEnv
[Pipeline] }
[Pipeline] // timeout
[Pipeline] }
[Pipeline] // stage
[Pipeline] }
[Pipeline] // timestamps
[Pipeline] timestamps
[Pipeline] {
[Pipeline] stage
[Pipeline] { (Build)
[Pipeline] timeout
[2023-04-06T14:18:13.299Z] Timeout set to expire in 6 hr 0 min
[Pipeline] {
[Pipeline] withEnv
[Pipeline] {
[Pipeline] sh
[2023-04-06T14:18:14.344Z] + python ecg-maya-usd/build.py --stages=build --workspace-dir=/local/S/jenkins/workspace/ECP/ecg-maya-usd/ecg-mayausd-branch-preflight-2020-pxrusd-mid1-osx --artifactory-dir=/local/S/jenkins/workspace/shared/Artifactory --build-dir=/local/S/jenkins/workspace/ECP/ecg-maya-usd/ecg-mayausd-branch-preflight-2020-pxrusd-mid1-osx/build --install-dir=/local/S/jenkins/workspace/ECP/ecg-maya-usd/ecg-mayausd-branch-preflight-2020-pxrusd-mid1-osx/install --signing-dir=/local/S/jenkins/workspace/ECP/ecg-maya-usd/ecg-mayausd-branch-preflight-2020-pxrusd-mid1-osx/signing --package-dir=/local/S/jenkins/workspace/ECP/ecg-maya-usd/ecg-mayausd-branch-preflight-2020-pxrusd-mid1-osx/package --output-dir=/local/S/jenkins/workspace/ECP/ecg-maya-usd/ecg-mayausd-branch-preflight-2020-pxrusd-mid1-osx/output --stash-dir=/local/S/jenkins/workspace/ECP/ecg-maya-usd/ecg-mayausd-branch-preflight-2020-pxrusd-mid1-osx/stash --jenkins-build=830 --git-commit=a8fa22c6f13696b4ec78dd9d6c429e0c7430f14d --git-branch=master --variants=RelWithDebInfo --python=2.7 --pxrusd-version=mid1 --post-zips=false --build-retry=3 --maya-cut-config=maya-rundev-2020.yaml --maya-package=rundev-2020 --stage-banner
[2023-04-06T14:18:14.877Z] No catalog entry registered for tbb-4.4u5-ub2.
[2023-04-06T14:18:14.878Z] Using Maya cut from /local/S/jenkins/workspace/shared/Artifactory/OSX/rundev-2020/202107140359/runtime/446214e
[2023-04-06T14:18:14.988Z] 
[2023-04-06T14:18:14.988Z] ================================================================================
[2023-04-06T14:18:14.988Z]                              build (RelWithDebInfo)
[2023-04-06T14:18:14.988Z] ================================================================================
[2023-04-06T14:18:14.988Z] Maya Python RelWithDebInfo Info:
[2023-04-06T14:18:14.988Z]   mayapy executable   = /local/S/jenkins/workspace/shared/Artifactory/OSX/rundev-2020/202107140359/runtime/446214e/runTime/Maya.app/Contents/bin/mayapy
[2023-04-06T14:18:14.988Z]   Include Folder      = /local/S/jenkins/workspace/shared/Artifactory/OSX/rundev-2020/202107140359/runtime/446214e/runTime/Maya.app/Contents/Frameworks/Python.framework/Versions/Current/include/python2.7
[2023-04-06T14:18:14.988Z]   Library             = /local/S/jenkins/workspace/shared/Artifactory/OSX/rundev-2020/202107140359/runtime/446214e/runTime/Maya.app/Contents/Frameworks/Python.framework/Versions/Current/lib/libpython2.7.dylib
[2023-04-06T14:18:14.988Z]   site-package Folder = /local/S/jenkins/workspace/shared/Artifactory/OSX/rundev-2020/202107140359/runtime/446214e/runTime/Maya.app/Contents/Frameworks/Python.framework/Versions/Current/lib/python2.7/site-packages
[2023-04-06T14:18:15.618Z] In workdir: /local/S/jenkins/workspace/ECP/ecg-maya-usd/ecg-mayausd-branch-preflight-2020-pxrusd-mid1-osx/ecg-maya-usd/maya-usd
[2023-04-06T14:18:15.618Z] Executing: /local/S/jenkins/workspace/shared/Artifactory/OSX/rundev-2020/202107140359/runtime/446214e/runTime/Maya.app/Contents/bin/mayapy /local/S/jenkins/workspace/ECP/ecg-maya-usd/ecg-mayausd-branch-preflight-2020-pxrusd-mid1-osx/ecg-maya-usd/maya-usd/build.py --generator Ninja --build-relwithdebug --maya-location /local/S/jenkins/workspace/shared/Artifactory/OSX/rundev-2020/202107140359/runtime/446214e/runTime --devkit-location /local/S/jenkins/workspace/shared/Artifactory/OSX/rundev-2020/202107140359/runtime/446214e/devkitBase --pxrusd-location /local/S/jenkins/workspace/shared/Artifactory/OSX/USD/cae4017 --qt-location /local/S/jenkins/workspace/shared/Artifactory/OSX/qt/5.12.5/3ca78fe --materialx --build-args=-DCMAKE_MAKE_PROGRAM=/local/S/jenkins/workspace/shared/Artifactory/OSX/ninja/1.9.0/41005eb/ninja,-DPYTHON_INCLUDE_DIR=/local/S/jenkins/workspace/shared/Artifactory/OSX/rundev-2020/202107140359/runtime/446214e/runTime/Maya.app/Contents/Frameworks/Python.framework/Versions/Current/include/python2.7,-DPython_EXECUTABLE=/local/S/jenkins/workspace/shared/Artifactory/OSX/rundev-2020/202107140359/runtime/446214e/runTime/Maya.app/Contents/bin/mayapy,-DPYTHON_LIBRARIES=/local/S/jenkins/workspace/shared/Artifactory/OSX/rundev-2020/202107140359/runtime/446214e/runTime/Maya.app/Contents/Frameworks/Python.framework/Versions/Current/lib/libpython2.7.dylib,-DUSD_LIB_PREFIX=lib,-DBUILD_HDMAYA=OFF '--ctest-args=-E testUsdReferenceAssemblySelection|testUsdMayaAppDir,-LE interactive,--parallel 4' --stages=build --redirect-outstream-file=False --install-location /local/S/jenkins/workspace/ECP/ecg-maya-usd/ecg-mayausd-branch-preflight-2020-pxrusd-mid1-osx/install/RelWithDebInfo/MayaUSD /local/S/jenkins/workspace/ECP/ecg-maya-usd/ecg-mayausd-branch-preflight-2020-pxrusd-mid1-osx
[2023-04-06T14:18:15.618Z] Modified environment variables:
[2023-04-06T14:18:15.618Z]     PATH=/local/S/jenkins/workspace/shared/Artifactory/OSX/cmake/3.20.3/2594509/bin:/usr/local/bin:/bin:/usr/sbin:/sbin:/usr/bin
[2023-04-06T14:18:16.249Z]     [1/625] Building CXX object test/lib/usd/plugin/CMakeFiles/usdTestInfoImportChaser.dir/plugin.cpp.o
[2023-04-06T14:18:16.249Z]     [2/625] Building CXX object test/lib/usd/plugin/CMakeFiles/usdTestApiWriter.dir/plugin.cpp.o
[2023-04-06T14:18:20.623Z]     [3/625] Building CXX object test/lib/usd/plugin/CMakeFiles/usdTestInfoImportChaser.dir/infoImportChaser.cpp.o
[2023-04-06T14:18:20.943Z]     [4/625] Building CXX object test/lib/usd/plugin/CMakeFiles/usdTestMayaPlugin.dir/mayaShaderTranslation.cpp.o
[2023-04-06T14:18:20.943Z]     [5/625] Building CXX object test/lib/usd/plugin/CMakeFiles/usdTestUsdPlugin.dir/mayaShaderTranslation.cpp.o
[2023-04-06T14:18:21.045Z]     [6/625] Building CXX object test/lib/usd/plugin/CMakeFiles/usdTestMayaPlugin.dir/plugin.cpp.o
[2023-04-06T14:18:21.146Z]     [7/625] Building CXX object test/lib/usd/plugin/CMakeFiles/usdTestApiWriter.dir/nullApiExporter.cpp.o
[2023-04-06T14:18:21.566Z]     [8/625] Building CXX object test/lib/usd/utils/CMakeFiles/testMergePrims.dir/main.cpp.o
[2023-04-06T14:18:21.667Z]     [9/625] Building CXX object test/lib/usd/utils/CMakeFiles/testDiffComputeOverall.dir/main.cpp.o
[2023-04-06T14:18:22.186Z]     [10/625] Building CXX object test/lib/usd/utils/CMakeFiles/testDiffPrims.dir/main.cpp.o
[2023-04-06T14:18:26.021Z]     [11/625] Building CXX object test/lib/usd/utils/CMakeFiles/testDiffComputeOverall.dir/test_DiffComputeOverall.cpp.o
[2023-04-06T14:18:26.126Z]     [12/625] Building CXX object test/lib/usd/utils/CMakeFiles/testDiffPrims.dir/test_DiffPrimsAttributes.cpp.o
[2023-04-06T14:18:26.859Z]     [13/625] Building CXX object test/lib/usd/utils/CMakeFiles/testDiffPrims.dir/test_DiffPrimsRelations.cpp.o
[2023-04-06T14:18:27.073Z]     [14/625] Building CXX object test/lib/usd/utils/CMakeFiles/testMergePrims.dir/test_MergePrims.cpp.o
[2023-04-06T14:18:27.702Z]     [15/625] Building CXX object test/lib/usd/utils/CMakeFiles/testDiffDictionaries.dir/main.cpp.o
[2023-04-06T14:18:28.330Z]     [16/625] Building CXX object test/lib/usd/utils/CMakeFiles/testDiffLists.dir/main.cpp.o
[2023-04-06T14:18:30.497Z]     [17/625] Building CXX object test/lib/usd/utils/CMakeFiles/testDiffPrims.dir/test_DiffPrimsChildren.cpp.o
[2023-04-06T14:18:30.497Z]     [18/625] Building CXX object test/lib/usd/utils/CMakeFiles/testDiffPrims.dir/test_DiffPrims.cpp.o
[2023-04-06T14:18:31.138Z]     [19/625] Building CXX object test/lib/usd/utils/CMakeFiles/testDiffAttributes.dir/main.cpp.o
[2023-04-06T14:18:31.550Z]     [20/625] Building CXX object test/lib/usd/utils/CMakeFiles/testDiffDictionaries.dir/test_DiffDictionaries.cpp.o
[2023-04-06T14:18:31.766Z]     [21/625] Building CXX object test/lib/usd/utils/CMakeFiles/testDiffCore.dir/main.cpp.o
[2023-04-06T14:18:32.397Z]     [22/625] Building CXX object test/lib/usd/utils/CMakeFiles/testDiffMetadatas.dir/main.cpp.o
[2023-04-06T14:18:33.455Z]     [23/625] Building CXX object test/lib/usd/utils/CMakeFiles/testDiffCore.dir/test_DiffCore.cpp.o
[2023-04-06T14:18:34.187Z]     [24/625] Building CXX object test/lib/usd/utils/CMakeFiles/testDiffValues.dir/main.cpp.o
[2023-04-06T14:18:34.921Z]     [25/625] Building CXX object test/lib/usd/utils/CMakeFiles/testDiffLists.dir/test_DiffLists.cpp.o
[2023-04-06T14:18:35.440Z]     [26/625] Building CXX object test/lib/usd/utils/CMakeFiles/testDiffAttributes.dir/test_DiffAttributes.cpp.o
[2023-04-06T14:18:37.203Z]     [27/625] Building CXX object test/lib/usd/utils/CMakeFiles/testDiffMetadatas.dir/test_DiffMetadatas.cpp.o
[2023-04-06T14:18:39.077Z]     [28/625] Building CXX object test/lib/usd/utils/CMakeFiles/testDiffValues.dir/test_DiffValues.cpp.o
[2023-04-06T14:18:41.156Z]     [29/625] Building CXX object test/lib/usd/utils/CMakeFiles/testDiffValues.dir/test_DiffValuesGeneric.cpp.o
[2023-04-06T14:18:41.998Z]     [30/625] Building CXX object test/lib/usd/utils/CMakeFiles/testDiffValues.dir/test_DiffValuesArrays.cpp.o
[2023-04-06T14:18:42.101Z]     [31/625] Building CXX object test/lib/usd/utils/CMakeFiles/testDiffValues.dir/test_DiffValuesMatrices.cpp.o
[2023-04-06T14:18:44.729Z]     [32/625] Building CXX object test/lib/usd/utils/CMakeFiles/testDiffValues.dir/test_DiffValuesQuaternions.cpp.o
[2023-04-06T14:18:48.051Z]     [33/625] Building CXX object test/lib/usd/utils/CMakeFiles/testDiffValues.dir/test_DiffValuesDoubleVecs.cpp.o
[2023-04-06T14:18:48.803Z]     [34/625] Building CXX object test/lib/usd/utils/CMakeFiles/testDiffRelationships.dir/main.cpp.o
[2023-04-06T14:18:49.012Z]     [35/625] Building CXX object test/lib/usd/utils/CMakeFiles/testDiffValues.dir/test_DiffValuesFloatVecs.cpp.o
[2023-04-06T14:18:49.218Z]     [36/625] Building CXX object test/lib/usd/utils/CMakeFiles/testDiffValues.dir/test_DiffValuesHalfVecs.cpp.o
[2023-04-06T14:18:49.423Z]     [37/625] Building CXX object lib/mayaUsd/CMakeFiles/mayaUsd.dir/base/debugCodes.cpp.o
[2023-04-06T14:18:49.633Z]     [38/625] Building CXX object test/lib/usd/utils/CMakeFiles/testDiffValues.dir/test_DiffValuesIntVecs.cpp.o
[2023-04-06T14:18:50.156Z]     [39/625] Building CXX object lib/mayaUsd/CMakeFiles/mayaUsd.dir/base/tokens.cpp.o
[2023-04-06T14:18:53.464Z]     [40/625] Building CXX object test/lib/usd/utils/CMakeFiles/testDiffRelationships.dir/test_DiffRelationships.cpp.o
[2023-04-06T14:18:54.093Z]     [41/625] Building CXX object lib/mayaUsd/CMakeFiles/mayaUsd.dir/commands/baseListJobContextsCommand.cpp.o
[2023-04-06T14:18:54.093Z]     [42/625] Building CXX object lib/mayaUsd/CMakeFiles/mayaUsd.dir/commands/baseImportCommand.cpp.o
[2023-04-06T14:18:54.723Z]     [43/625] Building CXX object lib/mayaUsd/CMakeFiles/mayaUsd.dir/commands/baseExportCommand.cpp.o
[2023-04-06T14:18:54.723Z]     [44/625] Building CXX object lib/mayaUsd/CMakeFiles/mayaUsd.dir/commands/layerEditorWindowCommand.cpp.o
[2023-04-06T14:18:58.060Z]     [45/625] Building CXX object lib/mayaUsd/CMakeFiles/mayaUsd.dir/commands/editTargetCommand.cpp.o
[2023-04-06T14:18:58.377Z]     [46/625] Building CXX object lib/mayaUsd/CMakeFiles/mayaUsd.dir/commands/baseListShadingModesCommand.cpp.o
[2023-04-06T14:18:59.013Z]     [47/625] Building CXX object lib/mayaUsd/CMakeFiles/mayaUsd.dir/fileio/fallbackPrimReader.cpp.o
[2023-04-06T14:19:02.306Z]     [48/625] Building CXX object lib/mayaUsd/CMakeFiles/mayaUsd.dir/fileio/functorPrimReader.cpp.o
[2023-04-06T14:19:02.829Z]     [49/625] Building CXX object lib/mayaUsd/CMakeFiles/mayaUsd.dir/commands/layerEditorCommand.cpp.o
[2023-04-06T14:19:03.136Z]     [50/625] Building CXX object lib/mayaUsd/CMakeFiles/mayaUsd.dir/fileio/importData.cpp.o
[2023-04-06T14:19:03.136Z]     [51/625] Building CXX object lib/mayaUsd/CMakeFiles/mayaUsd.dir/fileio/functorPrimWriter.cpp.o
[2023-04-06T14:19:05.434Z]     [52/625] Building CXX object lib/mayaUsd/CMakeFiles/mayaUsd.dir/fileio/jobContextRegistry.cpp.o
[2023-04-06T14:19:07.191Z]     [53/625] Building CXX object lib/mayaUsd/CMakeFiles/mayaUsd.dir/fileio/instancedNodeWriter.cpp.o
[2023-04-06T14:19:07.408Z]     [54/625] Building CXX object lib/mayaUsd/CMakeFiles/mayaUsd.dir/fileio/primReaderArgs.cpp.o
[2023-04-06T14:19:07.408Z]     [55/625] Building CXX object lib/mayaUsd/CMakeFiles/mayaUsd.dir/fileio/primReader.cpp.o
[2023-04-06T14:19:09.159Z]     [56/625] Building CXX object lib/mayaUsd/CMakeFiles/mayaUsd.dir/fileio/primReaderContext.cpp.o
[2023-04-06T14:19:11.075Z]     [57/625] Building CXX object lib/mayaUsd/CMakeFiles/mayaUsd.dir/fileio/primWriterArgs.cpp.o
[2023-04-06T14:19:11.819Z]     [58/625] Building CXX object lib/mayaUsd/CMakeFiles/mayaUsd.dir/fileio/primReaderRegistry.cpp.o
[2023-04-06T14:19:12.457Z]     [59/625] Building CXX object lib/mayaUsd/CMakeFiles/mayaUsd.dir/fileio/primWriterContext.cpp.o
[2023-04-06T14:19:13.198Z]     [60/625] Building CXX object lib/mayaUsd/CMakeFiles/mayaUsd.dir/fileio/primWriter.cpp.o
[2023-04-06T14:19:15.522Z]     [61/625] Building CXX object lib/mayaUsd/CMakeFiles/mayaUsd.dir/fileio/registryHelper.cpp.o
[2023-04-06T14:19:15.947Z]     [62/625] Building CXX object lib/mayaUsd/CMakeFiles/mayaUsd.dir/fileio/primWriterRegistry.cpp.o
[2023-04-06T14:19:16.778Z]     [63/625] Building CXX object lib/mayaUsd/CMakeFiles/mayaUsd.dir/fileio/schemaApiAdaptor.cpp.o
[2023-04-06T14:19:18.035Z]     [64/625] Building CXX object lib/mayaUsd/CMakeFiles/mayaUsd.dir/fileio/schemaApiAdaptorRegistry.cpp.o
[2023-04-06T14:19:20.025Z]     [65/625] Building CXX object lib/mayaUsd/CMakeFiles/mayaUsd.dir/fileio/shaderReader.cpp.o
[2023-04-06T14:19:20.871Z]     [66/625] Building CXX object lib/mayaUsd/CMakeFiles/mayaUsd.dir/fileio/shaderReaderRegistry.cpp.o
[2023-04-06T14:19:20.871Z]     [67/625] Building CXX object lib/mayaUsd/CMakeFiles/mayaUsd.dir/fileio/shaderWriter.cpp.o
[2023-04-06T14:19:21.485Z]     [68/625] Building CXX object lib/mayaUsd/CMakeFiles/mayaUsd.dir/fileio/chaser/exportChaser.cpp.o
[2023-04-06T14:19:23.265Z]     [69/625] Building CXX object lib/mayaUsd/CMakeFiles/mayaUsd.dir/fileio/shaderWriterRegistry.cpp.o
[2023-04-06T14:19:25.881Z]     [70/625] Building CXX object lib/mayaUsd/CMakeFiles/mayaUsd.dir/fileio/chaser/exportChaserRegistry.cpp.o
[2023-04-06T14:19:25.990Z]     [71/625] Building CXX object lib/mayaUsd/CMakeFiles/mayaUsd.dir/fileio/transformWriter.cpp.o
[2023-04-06T14:19:27.454Z]     [72/625] Building CXX object lib/mayaUsd/CMakeFiles/mayaUsd.dir/fileio/writeJobContext.cpp.o
[2023-04-06T14:19:27.772Z]     [73/625] Building CXX object lib/mayaUsd/CMakeFiles/mayaUsd.dir/fileio/chaser/importChaserRegistry.cpp.o
[2023-04-06T14:19:29.989Z]     [74/625] Building CXX object lib/mayaUsd/CMakeFiles/mayaUsd.dir/fileio/chaser/importChaser.cpp.o
[2023-04-06T14:19:32.177Z]     [75/625] Building CXX object lib/mayaUsd/CMakeFiles/mayaUsd.dir/fileio/jobs/meshDataReadJob.cpp.o
[2023-04-06T14:19:33.655Z]     [76/625] Building CXX object lib/mayaUsd/CMakeFiles/mayaUsd.dir/fileio/jobs/modelKindProcessor.cpp.o
[2023-04-06T14:19:37.220Z]     [77/625] Building CXX object lib/mayaUsd/CMakeFiles/mayaUsd.dir/fileio/jobs/readJob.cpp.o
[2023-04-06T14:19:37.438Z]     [78/625] Building CXX object lib/mayaUsd/CMakeFiles/mayaUsd.dir/fileio/jobs/jobArgs.cpp.o
[2023-04-06T14:19:39.025Z]     [79/625] Building CXX object lib/mayaUsd/CMakeFiles/mayaUsd.dir/fileio/jobs/writeJob.cpp.o
[2023-04-06T14:19:39.232Z]     [80/625] Building CXX object lib/mayaUsd/CMakeFiles/mayaUsd.dir/fileio/shading/shadingModeDisplayColor.cpp.o
[2023-04-06T14:19:42.348Z]     [81/625] Building CXX object lib/mayaUsd/CMakeFiles/mayaUsd.dir/fileio/shading/shadingModeExporter.cpp.o
[2023-04-06T14:19:43.502Z]     [82/625] Building CXX object lib/mayaUsd/CMakeFiles/mayaUsd.dir/fileio/shading/shadingModeImporter.cpp.o
[2023-04-06T14:19:46.824Z]     [83/625] Building CXX object lib/mayaUsd/CMakeFiles/mayaUsd.dir/fileio/shading/shadingModeExporterContext.cpp.o
[2023-04-06T14:19:47.955Z]     [84/625] Building CXX object lib/mayaUsd/CMakeFiles/mayaUsd.dir/fileio/shading/shadingModeRegistry.cpp.o
[2023-04-06T14:19:48.064Z]     [85/625] Building CXX object lib/mayaUsd/CMakeFiles/mayaUsd.dir/fileio/shading/shadingModePxrRis.cpp.o
[2023-04-06T14:19:49.622Z]     [86/625] Building CXX object lib/mayaUsd/CMakeFiles/mayaUsd.dir/fileio/shading/shadingModeUseRegistry.cpp.o
[2023-04-06T14:19:52.211Z]     [87/625] Building CXX object lib/mayaUsd/CMakeFiles/mayaUsd.dir/fileio/shading/symmetricShaderWriter.cpp.o
[2023-04-06T14:19:52.625Z]     [88/625] Building CXX object lib/mayaUsd/CMakeFiles/mayaUsd.dir/fileio/translators/skelBindingsProcessor.cpp.o
[2023-04-06T14:19:52.728Z]     [89/625] Building CXX object lib/mayaUsd/CMakeFiles/mayaUsd.dir/fileio/shading/symmetricShaderReader.cpp.o
[2023-04-06T14:19:55.335Z]     [90/625] Building CXX object lib/mayaUsd/CMakeFiles/mayaUsd.dir/fileio/translators/translatorCamera.cpp.o
[2023-04-06T14:19:57.119Z]     [91/625] Building CXX object lib/mayaUsd/CMakeFiles/mayaUsd.dir/fileio/translators/translatorGprim.cpp.o
[2023-04-06T14:19:57.337Z]     [92/625] Building CXX object lib/mayaUsd/CMakeFiles/mayaUsd.dir/fileio/translators/translatorCurves.cpp.o
[2023-04-06T14:19:58.890Z]     [93/625] Building CXX object lib/mayaUsd/CMakeFiles/mayaUsd.dir/fileio/translators/translatorMaterial.cpp.o
[2023-04-06T14:20:00.651Z]     [94/625] Building CXX object lib/mayaUsd/CMakeFiles/mayaUsd.dir/fileio/translators/translatorLight.cpp.o
[2023-04-06T14:20:02.000Z]     [95/625] Building CXX object lib/mayaUsd/CMakeFiles/mayaUsd.dir/fileio/translators/translatorMayaReference.cpp.o
[2023-04-06T14:20:02.310Z]     [96/625] Building CXX object lib/mayaUsd/CMakeFiles/mayaUsd.dir/fileio/translators/translatorNurbsPatch.cpp.o
[2023-04-06T14:20:04.379Z]     [97/625] Building CXX object lib/mayaUsd/CMakeFiles/mayaUsd.dir/fileio/translators/translatorMesh.cpp.o
[2023-04-06T14:20:04.995Z]     [98/625] Building CXX object lib/mayaUsd/CMakeFiles/mayaUsd.dir/fileio/translators/translatorPrim.cpp.o
[2023-04-06T14:20:06.964Z]     [99/625] Building CXX object lib/mayaUsd/CMakeFiles/mayaUsd.dir/fileio/translators/translatorRfMLight.cpp.o
[2023-04-06T14:20:09.241Z]     [100/625] Building CXX object lib/mayaUsd/CMakeFiles/mayaUsd.dir/fileio/translators/translatorRfMLight_deprecated.cpp.o
[2023-04-06T14:20:10.392Z]     [101/625] Building CXX object lib/mayaUsd/CMakeFiles/mayaUsd.dir/fileio/translators/translatorSkel.cpp.o
[2023-04-06T14:20:10.608Z]     [102/625] Building CXX object lib/mayaUsd/CMakeFiles/mayaUsd.dir/fileio/translators/translatorUtil.cpp.o
[2023-04-06T14:20:12.158Z]     [103/625] Building CXX object lib/mayaUsd/CMakeFiles/mayaUsd.dir/fileio/translators/translatorXformable.cpp.o
[2023-04-06T14:20:13.528Z]     [104/625] Building CXX object lib/mayaUsd/CMakeFiles/mayaUsd.dir/fileio/translators/translatorXformable_decompose.cpp.o
[2023-04-06T14:20:15.746Z]     [105/625] Building CXX object lib/mayaUsd/CMakeFiles/mayaUsd.dir/fileio/utils/jointWriteUtils.cpp.o
[2023-04-06T14:20:16.792Z]     [106/625] Building CXX object lib/mayaUsd/CMakeFiles/mayaUsd.dir/fileio/utils/adaptor.cpp.o
[2023-04-06T14:20:17.852Z]     [107/625] Building CXX object lib/mayaUsd/CMakeFiles/mayaUsd.dir/fileio/utils/meshReadUtils.cpp.o
[2023-04-06T14:20:20.253Z]     [108/625] Building CXX object lib/mayaUsd/CMakeFiles/mayaUsd.dir/fileio/utils/meshWriteUtils.cpp.o
[2023-04-06T14:20:21.085Z]     [109/625] Building CXX object lib/mayaUsd/CMakeFiles/mayaUsd.dir/fileio/utils/roundTripUtil.cpp.o
[2023-04-06T14:20:21.611Z]     [110/625] Building CXX object lib/mayaUsd/CMakeFiles/mayaUsd.dir/fileio/utils/readUtil.cpp.o
[2023-04-06T14:20:24.722Z]     [111/625] Building CXX object lib/mayaUsd/CMakeFiles/mayaUsd.dir/fileio/utils/userTaggedAttribute.cpp.o
[2023-04-06T14:20:25.879Z]     [112/625] Building CXX object lib/mayaUsd/CMakeFiles/mayaUsd.dir/fileio/utils/shadingUtil.cpp.o
[2023-04-06T14:20:26.512Z]     [113/625] Building CXX object lib/mayaUsd/CMakeFiles/mayaUsd.dir/listeners/notice.cpp.o
[2023-04-06T14:20:26.613Z]     [114/625] Building CXX object lib/mayaUsd/CMakeFiles/mayaUsd.dir/fileio/utils/xformStack.cpp.o
[2023-04-06T14:20:29.712Z]     [115/625] Building CXX object lib/mayaUsd/CMakeFiles/mayaUsd.dir/listeners/proxyShapeNotice.cpp.o
[2023-04-06T14:20:30.425Z]     [116/625] Building CXX object lib/mayaUsd/CMakeFiles/mayaUsd.dir/listeners/stageNoticeListener.cpp.o
[2023-04-06T14:20:30.632Z]     [117/625] Building CXX object lib/mayaUsd/CMakeFiles/mayaUsd.dir/fileio/utils/writeUtil.cpp.o
[2023-04-06T14:20:30.852Z]     [118/625] Building CXX object lib/mayaUsd/CMakeFiles/mayaUsd.dir/nodes/hdImagingShape.cpp.o
[2023-04-06T14:20:33.981Z]     [119/625] Building CXX object lib/mayaUsd/CMakeFiles/mayaUsd.dir/nodes/pointBasedDeformerNode.cpp.o
[2023-04-06T14:20:36.766Z]     [120/625] Building CXX object lib/mayaUsd/CMakeFiles/mayaUsd.dir/nodes/proxyShapePlugin.cpp.o
[2023-04-06T14:20:37.077Z]     [121/625] Building CXX object lib/mayaUsd/CMakeFiles/mayaUsd.dir/nodes/proxyAccessor.cpp.o
[2023-04-06T14:20:38.014Z]     [122/625] Building CXX object lib/mayaUsd/CMakeFiles/mayaUsd.dir/nodes/proxyShapeStageExtraData.cpp.o
[2023-04-06T14:20:39.804Z]     [123/625] Building CXX object lib/mayaUsd/CMakeFiles/mayaUsd.dir/nodes/proxyShapeBase.cpp.o
[2023-04-06T14:20:40.540Z]     [124/625] Building CXX object lib/mayaUsd/CMakeFiles/mayaUsd.dir/nodes/stageData.cpp.o
[2023-04-06T14:20:40.646Z]     [125/625] Building CXX object lib/mayaUsd/CMakeFiles/mayaUsd.dir/nodes/proxyShapeUpdateManager.cpp.o
[2023-04-06T14:20:42.424Z]     [126/625] Building CXX object lib/mayaUsd/CMakeFiles/mayaUsd.dir/python/moduleDeps.cpp.o
[2023-04-06T14:20:42.638Z]     [127/625] Building CXX object lib/mayaUsd/CMakeFiles/mayaUsd.dir/nodes/stageNode.cpp.o
[2023-04-06T14:20:43.061Z]     [128/625] Building CXX object lib/mayaUsd/CMakeFiles/mayaUsd.dir/render/px_vp20/glslProgram.cpp.o
[2023-04-06T14:20:44.225Z]     [129/625] Building CXX object lib/mayaUsd/CMakeFiles/mayaUsd.dir/nodes/usdPrimProvider.cpp.o
[2023-04-06T14:20:45.052Z]     [130/625] Building CXX object lib/mayaUsd/CMakeFiles/mayaUsd.dir/render/px_vp20/utils_legacy.cpp.o
[2023-04-06T14:20:45.468Z]     [131/625] Building CXX object lib/mayaUsd/CMakeFiles/mayaUsd.dir/render/pxrUsdMayaGL/debugCodes.cpp.o
[2023-04-06T14:20:45.468Z]     [132/625] Building CXX object lib/mayaUsd/CMakeFiles/mayaUsd.dir/render/px_vp20/utils.cpp.o
[2023-04-06T14:20:47.555Z]     [133/625] Building CXX object lib/mayaUsd/CMakeFiles/mayaUsd.dir/nodes/layerManager.cpp.o
[2023-04-06T14:20:51.518Z]     [134/625] Building CXX object lib/mayaUsd/CMakeFiles/mayaUsd.dir/render/pxrUsdMayaGL/hdImagingShapeDrawOverride.cpp.o
[2023-04-06T14:20:52.445Z]     [135/625] Building CXX object lib/mayaUsd/CMakeFiles/mayaUsd.dir/render/pxrUsdMayaGL/batchRenderer.cpp.o
[2023-04-06T14:20:52.861Z]     [136/625] Building CXX object lib/mayaUsd/CMakeFiles/mayaUsd.dir/render/pxrUsdMayaGL/instancerImager.cpp.o
[2023-04-06T14:20:53.494Z]     [137/625] Building CXX object lib/mayaUsd/CMakeFiles/mayaUsd.dir/render/pxrUsdMayaGL/hdImagingShapeUI.cpp.o
[2023-04-06T14:20:58.074Z]     [138/625] Building CXX object lib/mayaUsd/CMakeFiles/mayaUsd.dir/render/pxrUsdMayaGL/proxyShapeDelegate.cpp.o
[2023-04-06T14:20:58.074Z]     [139/625] Building CXX object lib/mayaUsd/CMakeFiles/mayaUsd.dir/render/pxrUsdMayaGL/proxyDrawOverride.cpp.o
[2023-04-06T14:21:00.054Z]     [140/625] Building CXX object lib/mayaUsd/CMakeFiles/mayaUsd.dir/render/pxrUsdMayaGL/proxyShapeUI.cpp.o
[2023-04-06T14:21:00.054Z]     [141/625] Building CXX object lib/mayaUsd/CMakeFiles/mayaUsd.dir/render/pxrUsdMayaGL/instancerShapeAdapter.cpp.o
[2023-04-06T14:21:00.789Z]     [142/625] Building CXX object lib/mayaUsd/CMakeFiles/mayaUsd.dir/render/pxrUsdMayaGL/softSelectHelper.cpp.o
[2023-04-06T14:21:01.415Z]     [143/625] Building CXX object lib/mayaUsd/CMakeFiles/mayaUsd.dir/render/pxrUsdMayaGL/userData.cpp.o
[2023-04-06T14:21:03.619Z]     [144/625] Building CXX object lib/mayaUsd/CMakeFiles/mayaUsd.dir/render/pxrUsdMayaGL/shapeAdapter.cpp.o
[2023-04-06T14:21:04.347Z]     [145/625] Building CXX object lib/mayaUsd/CMakeFiles/mayaUsd.dir/render/vp2RenderDelegate/bboxGeom.cpp.o
[2023-04-06T14:21:04.662Z]     [146/625] Building CXX object lib/mayaUsd/CMakeFiles/mayaUsd.dir/render/vp2RenderDelegate/debugCodes.cpp.o
[2023-04-06T14:21:05.082Z]     [147/625] Building CXX object lib/mayaUsd/CMakeFiles/mayaUsd.dir/render/pxrUsdMayaGL/sceneDelegate.cpp.o
[2023-04-06T14:21:07.074Z]     [148/625] Building CXX object lib/mayaUsd/CMakeFiles/mayaUsd.dir/render/pxrUsdMayaGL/usdProxyShapeAdapter.cpp.o
[2023-04-06T14:21:08.104Z]     [149/625] Building CXX object lib/mayaUsd/CMakeFiles/mayaUsd.dir/render/vp2RenderDelegate/draw_item.cpp.o
[2023-04-06T14:21:08.728Z]     [150/625] Building CXX object lib/mayaUsd/CMakeFiles/mayaUsd.dir/render/vp2RenderDelegate/instancer.cpp.o
[2023-04-06T14:21:10.082Z]     [151/625] Building CXX object lib/mayaUsd/CMakeFiles/mayaUsd.dir/render/vp2RenderDelegate/extComputation.cpp.o
[2023-04-06T14:21:10.820Z]     [152/625] Building CXX object lib/mayaUsd/CMakeFiles/mayaUsd.dir/render/vp2RenderDelegate/basisCurves.cpp.o
[2023-04-06T14:21:10.927Z]     [153/625] Building CXX object lib/mayaUsd/CMakeFiles/mayaUsd.dir/render/vp2RenderDelegate/meshViewportCompute.cpp.o
[2023-04-06T14:21:17.209Z]     [154/625] Building CXX object lib/mayaUsd/CMakeFiles/mayaUsd.dir/render/vp2RenderDelegate/mayaPrimCommon.cpp.o
[2023-04-06T14:21:19.192Z]     [155/625] Building CXX object lib/mayaUsd/CMakeFiles/mayaUsd.dir/render/vp2RenderDelegate/material.cpp.o
[2023-04-06T14:21:19.825Z]     [156/625] Building CXX object lib/mayaUsd/CMakeFiles/mayaUsd.dir/render/vp2RenderDelegate/points.cpp.o
[2023-04-06T14:21:20.761Z]     [157/625] Building CXX object lib/mayaUsd/CMakeFiles/mayaUsd.dir/render/vp2RenderDelegate/mesh.cpp.o
[2023-04-06T14:21:22.534Z]     [158/625] Building CXX object lib/mayaUsd/CMakeFiles/mayaUsd.dir/render/vp2RenderDelegate/render_param.cpp.o
[2023-04-06T14:21:22.642Z]     [159/625] Building CXX object lib/mayaUsd/CMakeFiles/mayaUsd.dir/render/vp2RenderDelegate/sampler.cpp.o
[2023-04-06T14:21:23.159Z]     [160/625] Building CXX object lib/mayaUsd/CMakeFiles/mayaUsd.dir/render/vp2RenderDelegate/tokens.cpp.o
[2023-04-06T14:21:23.259Z]     [161/625] Building CXX object lib/mayaUsd/CMakeFiles/mayaUsd.dir/render/vp2RenderDelegate/shader.cpp.o
[2023-04-06T14:21:25.974Z]     [162/625] Building CXX object lib/mayaUsd/CMakeFiles/mayaUsd.dir/render/vp2RenderDelegate/render_delegate.cpp.o
[2023-04-06T14:21:26.819Z]     [163/625] Building CXX object lib/mayaUsd/CMakeFiles/mayaUsd.dir/render/vp2RenderDelegate/proxyRenderDelegate.cpp.o
[2023-04-06T14:21:27.442Z]     [164/625] Building CXX object lib/mayaUsd/CMakeFiles/mayaUsd.dir/render/vp2ShaderFragments/shaderFragments.cpp.o
[2023-04-06T14:21:29.001Z]     [165/625] Building CXX object lib/mayaUsd/CMakeFiles/mayaUsd.dir/ufe/Global.cpp.o
[2023-04-06T14:21:29.831Z]     [166/625] Building CXX object lib/mayaUsd/CMakeFiles/mayaUsd.dir/ufe/ProxyShapeHandler.cpp.o
[2023-04-06T14:21:32.782Z]     [167/625] Building CXX object lib/mayaUsd/CMakeFiles/mayaUsd.dir/ufe/ProxyShapeHierarchy.cpp.o
[2023-04-06T14:21:33.097Z]     [168/625] Building CXX object lib/mayaUsd/CMakeFiles/mayaUsd.dir/ufe/ProxyShapeHierarchyHandler.cpp.o
[2023-04-06T14:21:34.783Z]     [169/625] Building CXX object lib/mayaUsd/CMakeFiles/mayaUsd.dir/ufe/SetVariantSelectionCommand.cpp.o
[2023-04-06T14:21:37.172Z]     [170/625] Building CXX object lib/mayaUsd/CMakeFiles/mayaUsd.dir/ufe/StagesSubject.cpp.o
[2023-04-06T14:21:38.659Z]     [171/625] Building CXX object lib/mayaUsd/CMakeFiles/mayaUsd.dir/ufe/UsdHierarchyHandler.cpp.o
[2023-04-06T14:21:39.075Z]     [172/625] Building CXX object lib/mayaUsd/CMakeFiles/mayaUsd.dir/ufe/UsdHierarchy.cpp.o
[2023-04-06T14:21:40.536Z]     [173/625] Building CXX object lib/mayaUsd/CMakeFiles/mayaUsd.dir/ufe/UsdPointInstanceOrientationModifier.cpp.o
[2023-04-06T14:21:42.843Z]     [174/625] Building CXX object lib/mayaUsd/CMakeFiles/mayaUsd.dir/ufe/UsdPointInstancePositionModifier.cpp.o
[2023-04-06T14:21:44.406Z]     [175/625] Building CXX object lib/mayaUsd/CMakeFiles/mayaUsd.dir/ufe/UsdPointInstanceScaleModifier.cpp.o
[2023-04-06T14:21:44.618Z]     [176/625] Building CXX object lib/mayaUsd/CMakeFiles/mayaUsd.dir/ufe/UsdRootChildHierarchy.cpp.o
[2023-04-06T14:21:46.293Z]     [177/625] Building CXX object lib/mayaUsd/CMakeFiles/mayaUsd.dir/ufe/UsdRotatePivotTranslateUndoableCommand.cpp.o
[2023-04-06T14:21:48.612Z]     [178/625] Building CXX object lib/mayaUsd/CMakeFiles/mayaUsd.dir/ufe/UsdRotateUndoableCommand.cpp.o
[2023-04-06T14:21:50.078Z]     [179/625] Building CXX object lib/mayaUsd/CMakeFiles/mayaUsd.dir/ufe/UsdScaleUndoableCommand.cpp.o
[2023-04-06T14:21:50.288Z]     [180/625] Building CXX object lib/mayaUsd/CMakeFiles/mayaUsd.dir/ufe/UsdSceneItem.cpp.o
[2023-04-06T14:21:51.946Z]     [181/625] Building CXX object lib/mayaUsd/CMakeFiles/mayaUsd.dir/ufe/UsdSceneItemOps.cpp.o
[2023-04-06T14:21:54.154Z]     [182/625] Building CXX object lib/mayaUsd/CMakeFiles/mayaUsd.dir/ufe/UsdSceneItemOpsHandler.cpp.o
[2023-04-06T14:21:56.120Z]     [183/625] Building CXX object lib/mayaUsd/CMakeFiles/mayaUsd.dir/ufe/UsdTRSUndoableCommandBase.cpp.o
[2023-04-06T14:21:56.748Z]     [184/625] Building CXX object lib/mayaUsd/CMakeFiles/mayaUsd.dir/ufe/UsdStageMap.cpp.o
[2023-04-06T14:21:57.893Z]     [185/625] Building CXX object lib/mayaUsd/CMakeFiles/mayaUsd.dir/ufe/UsdTransform3d.cpp.o
[2023-04-06T14:21:59.688Z]     [186/625] Building CXX object lib/mayaUsd/CMakeFiles/mayaUsd.dir/ufe/UsdTransform3dReadImpl.cpp.o
[2023-04-06T14:22:01.763Z]     [187/625] Building CXX object lib/mayaUsd/CMakeFiles/mayaUsd.dir/ufe/UsdTransform3dHandler.cpp.o
[2023-04-06T14:22:02.487Z]     [188/625] Building CXX object lib/mayaUsd/CMakeFiles/mayaUsd.dir/ufe/UsdTranslateUndoableCommand.cpp.o
[2023-04-06T14:22:03.617Z]     [189/625] Building CXX object lib/mayaUsd/CMakeFiles/mayaUsd.dir/ufe/UsdUndoDeleteCommand.cpp.o
[2023-04-06T14:22:05.380Z]     [190/625] Building CXX object lib/mayaUsd/CMakeFiles/mayaUsd.dir/ufe/moduleDeps.cpp.o
[2023-04-06T14:22:05.895Z]     [191/625] Building CXX object lib/mayaUsd/CMakeFiles/mayaUsd.dir/ufe/UsdUndoDuplicateCommand.cpp.o
[2023-04-06T14:22:06.315Z]     [192/625] Building CXX object lib/mayaUsd/CMakeFiles/mayaUsd.dir/ufe/private/UfeNotifGuard.cpp.o
[2023-04-06T14:22:08.089Z]     [193/625] Building CXX object lib/mayaUsd/CMakeFiles/mayaUsd.dir/ufe/UsdUndoRenameCommand.cpp.o
[2023-04-06T14:22:08.296Z]     [194/625] Building CXX object lib/mayaUsd/CMakeFiles/mayaUsd.dir/undo/OpUndoItemList.cpp.o
[2023-04-06T14:22:08.607Z]     [195/625] Building CXX object lib/mayaUsd/CMakeFiles/mayaUsd.dir/undo/OpUndoItemRecorder.cpp.o
[2023-04-06T14:22:09.557Z]     [196/625] Building CXX object lib/mayaUsd/CMakeFiles/mayaUsd.dir/ufe/private/Utils.cpp.o
[2023-04-06T14:22:12.374Z]     [197/625] Building CXX object lib/mayaUsd/CMakeFiles/mayaUsd.dir/undo/UsdUndoBlock.cpp.o
[2023-04-06T14:22:13.210Z]     [198/625] Building CXX object lib/mayaUsd/CMakeFiles/mayaUsd.dir/ufe/Utils.cpp.o
[2023-04-06T14:22:13.210Z]     [199/625] Building CXX object lib/mayaUsd/CMakeFiles/mayaUsd.dir/undo/UsdUndoManager.cpp.o
[2023-04-06T14:22:13.735Z]     [200/625] Building CXX object lib/mayaUsd/CMakeFiles/mayaUsd.dir/utils/blockSceneModificationContext.cpp.o
[2023-04-06T14:22:13.735Z]     [201/625] Building CXX object lib/mayaUsd/CMakeFiles/mayaUsd.dir/undo/UsdUndoableItem.cpp.o
[2023-04-06T14:22:14.046Z]     [202/625] Building CXX object lib/mayaUsd/CMakeFiles/mayaUsd.dir/utils/colorSpace.cpp.o
[2023-04-06T14:22:14.256Z]     [203/625] Building CXX object lib/mayaUsd/CMakeFiles/mayaUsd.dir/undo/OpUndoItems.cpp.o
[2023-04-06T14:22:15.810Z]     [204/625] Building CXX object lib/mayaUsd/CMakeFiles/mayaUsd.dir/utils/diagnosticDelegate.cpp.o
[2023-04-06T14:22:16.339Z]     [205/625] Building CXX object lib/mayaUsd/CMakeFiles/mayaUsd.dir/utils/dynamicAttribute.cpp.o
[2023-04-06T14:22:17.071Z]     [206/625] Building CXX object lib/mayaUsd/CMakeFiles/mayaUsd.dir/utils/customLayerData.cpp.o
[2023-04-06T14:22:18.205Z]     [207/625] Building CXX object lib/mayaUsd/CMakeFiles/mayaUsd.dir/undo/UsdUndoStateDelegate.cpp.o
[2023-04-06T14:22:19.951Z]     [208/625] Building CXX object lib/mayaUsd/CMakeFiles/mayaUsd.dir/utils/converter.cpp.o
[2023-04-06T14:22:20.160Z]     [209/625] Building CXX object lib/mayaUsd/CMakeFiles/mayaUsd.dir/utils/editability.cpp.o
[2023-04-06T14:22:22.036Z]     [210/625] Building CXX object lib/mayaUsd/CMakeFiles/mayaUsd.dir/utils/layerMuting.cpp.o
[2023-04-06T14:22:22.768Z]     [211/625] Building CXX object lib/mayaUsd/CMakeFiles/mayaUsd.dir/utils/editRouter.cpp.o
[2023-04-06T14:22:23.817Z]     [212/625] Building CXX object lib/mayaUsd/CMakeFiles/mayaUsd.dir/utils/editRouterContext.cpp.o
[2023-04-06T14:22:24.661Z]     [213/625] Building CXX object lib/mayaUsd/CMakeFiles/mayaUsd.dir/utils/layers.cpp.o
[2023-04-06T14:22:25.911Z]     [214/625] Building CXX object lib/mayaUsd/CMakeFiles/mayaUsd.dir/utils/loadRules.cpp.o
[2023-04-06T14:22:26.643Z]     [215/625] Building CXX object lib/mayaUsd/CMakeFiles/mayaUsd.dir/utils/loadRulesText.cpp.o
[2023-04-06T14:22:27.257Z]     [216/625] Building CXX object lib/mayaUsd/CMakeFiles/mayaUsd.dir/utils/progressBarScope.cpp.o
[2023-04-06T14:22:27.676Z]     [217/625] Building CXX object lib/mayaUsd/CMakeFiles/mayaUsd.dir/utils/plugRegistryHelper.cpp.o
[2023-04-06T14:22:27.676Z]     [218/625] Building CXX object lib/mayaUsd/CMakeFiles/mayaUsd.dir/utils/loadRulesAttribute.cpp.o
[2023-04-06T14:22:28.499Z]     [219/625] Building CXX object lib/mayaUsd/CMakeFiles/mayaUsd.dir/utils/query.cpp.o
[2023-04-06T14:22:31.310Z]     [220/625] Building CXX object lib/mayaUsd/CMakeFiles/mayaUsd.dir/utils/selectability.cpp.o
[2023-04-06T14:22:31.719Z]     [221/625] Building CXX object lib/mayaUsd/CMakeFiles/mayaUsd.dir/utils/targetLayer.cpp.o
[2023-04-06T14:22:31.928Z]     [222/625] Building CXX object lib/mayaUsd/CMakeFiles/mayaUsd.dir/utils/traverseLayer.cpp.o
[2023-04-06T14:22:32.137Z]     [223/625] Building CXX object lib/mayaUsd/CMakeFiles/mayaUsd.dir/utils/stageCache.cpp.o
[2023-04-06T14:22:34.931Z]     [224/625] Building CXX object lib/mayaUsd/CMakeFiles/mayaUsd.dir/utils/undoHelperCommand.cpp.o
[2023-04-06T14:22:36.092Z]     [225/625] Building CXX object lib/mayaUsd/CMakeFiles/mayaUsd.dir/utils/utilDictionary.cpp.o
[2023-04-06T14:22:37.134Z]     [226/625] Building CXX object lib/mayaUsd/CMakeFiles/mayaUsd.dir/utils/utilFileSystem.cpp.o
[2023-04-06T14:22:37.347Z]     [227/625] Building CXX object lib/mayaUsd/python/CMakeFiles/_mayaUsd.dir/module.cpp.o
[2023-04-06T14:22:38.725Z]     [228/625] Building CXX object lib/mayaUsd/CMakeFiles/mayaUsd.dir/utils/variants.cpp.o
[2023-04-06T14:22:40.221Z]     [229/625] Building CXX object lib/mayaUsd/python/CMakeFiles/_mayaUsd.dir/pythonObjectRegistry.cpp.o
[2023-04-06T14:22:41.467Z]     [230/625] Building CXX object lib/mayaUsd/CMakeFiles/mayaUsd.dir/utils/util.cpp.o
[2023-04-06T14:22:41.568Z]     [231/625] Building CXX object lib/mayaUsd/CMakeFiles/mayaUsd.dir/utils/utilSerialization.cpp.o
[2023-04-06T14:22:43.030Z]     [232/625] Building CXX object lib/mayaUsd/python/CMakeFiles/_mayaUsd.dir/wrapSparseValueWriter.cpp.o
[2023-04-06T14:22:43.542Z]     [233/625] Building CXX object lib/mayaUsd/python/CMakeFiles/_mayaUsd.dir/wrapColorSpace.cpp.o
[2023-04-06T14:22:43.854Z]     [234/625] Building CXX object lib/mayaUsd/python/CMakeFiles/_mayaUsd.dir/wrapBlockSceneModificationContext.cpp.o
[2023-04-06T14:22:46.041Z]     [235/625] Building CXX object lib/mayaUsd/python/CMakeFiles/_mayaUsd.dir/wrapDiagnosticDelegate.cpp.o
[2023-04-06T14:22:48.436Z]     [236/625] Building CXX object lib/mayaUsd/python/CMakeFiles/_mayaUsd.dir/wrapConverter.cpp.o
[2023-04-06T14:22:48.860Z]     [237/625] Building CXX object lib/mayaUsd/python/CMakeFiles/_mayaUsd.dir/wrapAdaptor.cpp.o
[2023-04-06T14:22:48.967Z]     [238/625] Building CXX object lib/mayaUsd/python/CMakeFiles/_mayaUsd.dir/wrapEditRouter.cpp.o
[2023-04-06T14:22:50.625Z]     [239/625] Building CXX object lib/mayaUsd/python/CMakeFiles/_mayaUsd.dir/wrapMeshWriteUtils.cpp.o
[2023-04-06T14:22:50.832Z]     [240/625] Building CXX object lib/mayaUsd/python/CMakeFiles/_mayaUsd.dir/wrapOpUndoItem.cpp.o
[2023-04-06T14:22:52.625Z]     [241/625] Building CXX object lib/mayaUsd/python/CMakeFiles/_mayaUsd.dir/wrapQuery.cpp.o
[2023-04-06T14:22:54.003Z]     [242/625] Building CXX object lib/mayaUsd/python/CMakeFiles/_mayaUsd.dir/wrapReadUtil.cpp.o
[2023-04-06T14:22:55.029Z]     [243/625] Building CXX object lib/mayaUsd/python/CMakeFiles/_mayaUsd.dir/wrapRoundTripUtil.cpp.o
[2023-04-06T14:22:55.234Z]     [244/625] Building CXX object lib/mayaUsd/python/CMakeFiles/_mayaUsd.dir/wrapTokens.cpp.o
[2023-04-06T14:22:55.234Z]     [245/625] Building CXX object lib/mayaUsd/python/CMakeFiles/_mayaUsd.dir/wrapStageCache.cpp.o
[2023-04-06T14:22:57.635Z]     [246/625] Building CXX object lib/mayaUsd/python/CMakeFiles/_mayaUsd.dir/wrapUsdUndoManager.cpp.o
[2023-04-06T14:22:59.504Z]     [247/625] Building CXX object lib/mayaUsd/python/CMakeFiles/_mayaUsd.dir/wrapTranslatorUtil.cpp.o
[2023-04-06T14:22:59.813Z]     [248/625] Building CXX object lib/mayaUsd/python/CMakeFiles/_mayaUsd.dir/wrapUtil.cpp.o
[2023-04-06T14:23:00.024Z]     [249/625] Building CXX object lib/mayaUsd/python/CMakeFiles/_mayaUsd.dir/wrapUserTaggedAttribute.cpp.o
[2023-04-06T14:23:02.625Z]     [250/625] Building CXX object lib/mayaUsd/python/CMakeFiles/_mayaUsd.dir/wrapWriteUtil.cpp.o
[2023-04-06T14:23:03.565Z]     [251/625] Building CXX object lib/mayaUsd/python/CMakeFiles/_mayaUsd.dir/wrapOpenMaya.cpp.o
[2023-04-06T14:23:05.522Z]     [252/625] Building CXX object lib/mayaUsd/python/CMakeFiles/_mayaUsd.dir/wrapXformStack.cpp.o
[2023-04-06T14:23:11.210Z]     [253/625] Building CXX object lib/mayaUsd/python/CMakeFiles/_mayaUsd.dir/wrapExportChaser.cpp.o
[2023-04-06T14:23:12.064Z]     [254/625] Building CXX object lib/mayaUsd/python/CMakeFiles/_mayaUsd.dir/wrapPrimReader.cpp.o
[2023-04-06T14:23:12.064Z]     [255/625] Building CXX object lib/mayaUsd/python/CMakeFiles/_mayaUsd.dir/wrapImportChaser.cpp.o
[2023-04-06T14:23:14.259Z]     [256/625] Building CXX object lib/mayaUsd/python/CMakeFiles/_mayaUsd.dir/wrapPrimWriter.cpp.o
[2023-04-06T14:23:14.673Z]     [257/625] Building CXX object lib/mayaUsd/python/CMakeFiles/_mayaUsd.dir/wrapJobContextRegistry.cpp.o
[2023-04-06T14:23:14.776Z]     [258/625] Building CXX object lib/mayaUsd/ufe/CMakeFiles/_ufe.dir/module.cpp.o
[2023-04-06T14:23:16.223Z]     [259/625] Building CXX object lib/mayaUsd/python/CMakeFiles/_mayaUsd.dir/wrapShadingUtil.cpp.o
[2023-04-06T14:23:16.434Z]     [260/625] Building CXX object lib/mayaUsd/ufe/CMakeFiles/_ufe.dir/wrapGlobal.cpp.o
[2023-04-06T14:23:19.860Z]     [261/625] Building CXX object lib/mayaUsd/python/CMakeFiles/_mayaUsd.dir/wrapShadingMode.cpp.o
[2023-04-06T14:23:20.484Z]     [262/625] Building CXX object lib/usd/pxrUsdPreviewSurface/CMakeFiles/basePxrUsdPreviewSurface.dir/cpvColor.cpp.o
[2023-04-06T14:23:21.116Z]     [263/625] Building CXX object lib/mayaUsd/python/CMakeFiles/_mayaUsd.dir/wrapSchemaApiAdaptor.cpp.o
[2023-04-06T14:23:21.527Z]     [264/625] Building CXX object lib/mayaUsd/ufe/CMakeFiles/_ufe.dir/wrapNotice.cpp.o
[2023-04-06T14:23:21.733Z]     [265/625] Building CXX object lib/usd/pxrUsdPreviewSurface/CMakeFiles/basePxrUsdPreviewSurface.dir/usdPreviewSurface.cpp.o
[2023-04-06T14:23:22.464Z]     [266/625] Building CXX object lib/usd/pxrUsdPreviewSurface/CMakeFiles/basePxrUsdPreviewSurface.dir/usdPreviewSurfaceShadingNodeOverride.cpp.o
[2023-04-06T14:23:24.340Z]     [267/625] Building CXX object lib/mayaUsd/ufe/CMakeFiles/_ufe.dir/wrapUtils.cpp.o
[2023-04-06T14:23:26.307Z]     [268/625] Building CXX object lib/usd/pxrUsdPreviewSurface/CMakeFiles/basePxrUsdPreviewSurface.dir/usdPreviewSurfacePlugin.cpp.o
[2023-04-06T14:23:26.411Z]     [269/625] Building CXX object lib/usd/pxrUsdPreviewSurface/CMakeFiles/basePxrUsdPreviewSurface.dir/usdPreviewSurfaceReader.cpp.o
[2023-04-06T14:23:27.591Z]     [270/625] Building CXX object lib/usd/pxrUsdPreviewSurface/CMakeFiles/basePxrUsdPreviewSurface.dir/usdPreviewSurfaceWriter.cpp.o
[2023-04-06T14:23:29.475Z]     [271/625] Building CXX object lib/usd/translators/CMakeFiles/mayaUsd_Translators.dir/cameraWriter.cpp.o
[2023-04-06T14:23:32.082Z]     [272/625] Building CXX object lib/usd/translators/CMakeFiles/mayaUsd_Translators.dir/cameraReader.cpp.o
[2023-04-06T14:23:32.295Z]     [273/625] Building CXX object lib/usd/translators/CMakeFiles/mayaUsd_Translators.dir/instancerWriter.cpp.o
[2023-04-06T14:23:33.023Z]     [274/625] Building CXX object lib/usd/translators/CMakeFiles/mayaUsd_Translators.dir/jointWriter.cpp.o
[2023-04-06T14:23:33.961Z]     [275/625] Building CXX object lib/usd/translators/CMakeFiles/mayaUsd_Translators.dir/lightReader.cpp.o
[2023-04-06T14:23:36.154Z]     [276/625] Building CXX object lib/usd/translators/CMakeFiles/mayaUsd_Translators.dir/lightRfMReader.cpp.o
[2023-04-06T14:23:36.470Z]     [277/625] Building CXX object lib/usd/translators/CMakeFiles/mayaUsd_Translators.dir/lightRfMWriter.cpp.o
[2023-04-06T14:23:40.520Z]     [278/625] Building CXX object lib/usd/translators/CMakeFiles/mayaUsd_Translators.dir/lightWriter.cpp.o
[2023-04-06T14:23:40.520Z]     [279/625] Building CXX object lib/usd/translators/CMakeFiles/mayaUsd_Translators.dir/locatorWriter.cpp.o
[2023-04-06T14:23:40.520Z]     [280/625] Building CXX object lib/usd/translators/CMakeFiles/mayaUsd_Translators.dir/materialReader.cpp.o
[2023-04-06T14:23:41.437Z]     [281/625] Building CXX object lib/usd/translators/CMakeFiles/mayaUsd_Translators.dir/mayaReferenceReader.cpp.o
[2023-04-06T14:23:45.056Z]     [282/625] Building CXX object lib/usd/translators/CMakeFiles/mayaUsd_Translators.dir/meshReader.cpp.o
[2023-04-06T14:23:45.696Z]     [283/625] Building CXX object lib/usd/translators/CMakeFiles/mayaUsd_Translators.dir/nurbsCurvesReader.cpp.o
[2023-04-06T14:23:46.536Z]     [284/625] Building CXX object lib/usd/translators/CMakeFiles/mayaUsd_Translators.dir/meshWriter.cpp.o
[2023-04-06T14:23:48.094Z]     [285/625] Building CXX object lib/usd/translators/CMakeFiles/mayaUsd_Translators.dir/meshWriter_BlendShapes.cpp.o
[2023-04-06T14:23:50.075Z]     [286/625] Building CXX object lib/usd/translators/CMakeFiles/mayaUsd_Translators.dir/nurbsPatchReader.cpp.o
[2023-04-06T14:23:50.606Z]     [287/625] Building CXX object lib/usd/translators/CMakeFiles/mayaUsd_Translators.dir/plugin.cpp.o
[2023-04-06T14:23:51.449Z]     [288/625] Building CXX object lib/usd/translators/CMakeFiles/mayaUsd_Translators.dir/nurbsCurveWriter.cpp.o
[2023-04-06T14:23:53.321Z]     [289/625] Building CXX object lib/usd/translators/CMakeFiles/mayaUsd_Translators.dir/nurbsSurfaceWriter.cpp.o
[2023-04-06T14:23:54.988Z]     [290/625] Building CXX object lib/usd/translators/CMakeFiles/mayaUsd_Translators.dir/particleWriter.cpp.o
[2023-04-06T14:23:55.195Z]     [291/625] Building CXX object lib/usd/translators/CMakeFiles/mayaUsd_Translators.dir/scopeReader.cpp.o
[2023-04-06T14:23:56.563Z]     [292/625] Building CXX object lib/usd/translators/CMakeFiles/mayaUsd_Translators.dir/skelReader.cpp.o
[2023-04-06T14:23:57.398Z]     [293/625] Building CXX object lib/usd/translators/CMakeFiles/mayaUsd_Translators.dir/shading/shadingTokens.cpp.o
[2023-04-06T14:23:58.549Z]     [294/625] Building CXX object lib/usd/translators/CMakeFiles/mayaUsd_Translators.dir/strokeWriter.cpp.o
[2023-04-06T14:23:59.159Z]     [295/625] Building CXX object lib/usd/translators/CMakeFiles/mayaUsd_Translators.dir/xformReader.cpp.o
[2023-04-06T14:24:01.516Z]     [296/625] Building CXX object lib/usd/translators/CMakeFiles/mayaUsd_Translators.dir/shading/usdBlinnReader.cpp.o
[2023-04-06T14:24:02.368Z]     [297/625] Building CXX object lib/usd/translators/CMakeFiles/mayaUsd_Translators.dir/shading/usdBlinnWriter.cpp.o
[2023-04-06T14:24:03.943Z]     [298/625] Building CXX object lib/usd/translators/CMakeFiles/mayaUsd_Translators.dir/shading/usdDisplacementShaderWriter.cpp.o
[2023-04-06T14:24:05.393Z]     [299/625] Building CXX object lib/usd/translators/CMakeFiles/mayaUsd_Translators.dir/shading/usdFileTextureWriter.cpp.o
[2023-04-06T14:24:06.644Z]     [300/625] Building CXX object lib/usd/translators/CMakeFiles/mayaUsd_Translators.dir/shading/usdLambertReader.cpp.o
[2023-04-06T14:24:07.156Z]     [301/625] Building CXX object lib/usd/translators/CMakeFiles/mayaUsd_Translators.dir/shading/usdLambertWriter.cpp.o
[2023-04-06T14:24:08.504Z]     [302/625] Building CXX object lib/usd/translators/CMakeFiles/mayaUsd_Translators.dir/shading/usdMaterialReader.cpp.o
[2023-04-06T14:24:10.580Z]     [303/625] Building CXX object lib/usd/translators/CMakeFiles/mayaUsd_Translators.dir/shading/usdMaterialWriter.cpp.o
[2023-04-06T14:24:11.628Z]     [304/625] Building CXX object lib/usd/translators/CMakeFiles/mayaUsd_Translators.dir/shading/usdPhongReader.cpp.o
[2023-04-06T14:24:12.262Z]     [305/625] Building CXX object lib/usd/translators/CMakeFiles/mayaUsd_Translators.dir/shading/usdPhongWriter.cpp.o
[2023-04-06T14:24:13.305Z]     [306/625] Building CXX object lib/usd/translators/CMakeFiles/mayaUsd_Translators.dir/shading/usdPhongEWriter.cpp.o
[2023-04-06T14:24:15.161Z]     [307/625] Building CXX object lib/usd/translators/CMakeFiles/mayaUsd_Translators.dir/shading/usdReflectWriter.cpp.o
[2023-04-06T14:24:17.056Z]     [308/625] Building CXX object lib/usd/translators/CMakeFiles/mayaUsd_Translators.dir/shading/usdPrimvarReaderFloat3Reader.cpp.o
[2023-04-06T14:24:17.906Z]     [309/625] Building CXX object lib/usd/translators/CMakeFiles/mayaUsd_Translators.dir/shading/usdUVTextureReader.cpp.o
[2023-04-06T14:24:18.013Z]     [310/625] Building CXX object lib/usd/schemas/CMakeFiles/_schemas.dir/module.cpp.o
[2023-04-06T14:24:18.531Z]     [311/625] Building CXX object lib/usd/translators/CMakeFiles/mayaUsd_Translators.dir/shading/usdStandardSurfaceReader.cpp.o
[2023-04-06T14:24:20.215Z]     [312/625] Building CXX object lib/usd/schemas/CMakeFiles/_schemas.dir/wrapTokens.cpp.o
[2023-04-06T14:24:22.202Z]     [313/625] Building CXX object lib/usd/translators/CMakeFiles/mayaUsd_Translators.dir/shading/usdStandardSurfaceWriter.cpp.o
[2023-04-06T14:24:22.607Z]     [314/625] Building CXX object lib/usd/translators/CMakeFiles/mayaUsd_Translators.dir/shading/rfmShaderTranslation.cpp.o
[2023-04-06T14:24:24.079Z]     [315/625] Building CXX object lib/usd/schemas/CMakeFiles/_schemas.dir/wrapMayaReference.cpp.o
[2023-04-06T14:24:25.453Z]     [316/625] Building CXX object lib/usd/schemas/CMakeFiles/_schemas.dir/wrapALMayaReference.cpp.o
[2023-04-06T14:24:25.767Z]     [317/625] Building CXX object lib/usd/schemas/CMakeFiles/mayaUsd_Schemas.dir/ModuleDeps.cpp.o
[2023-04-06T14:24:25.877Z]     [318/625] Building CXX object lib/usd/schemas/CMakeFiles/mayaUsd_Schemas.dir/tokens.cpp.o
[2023-04-06T14:24:26.300Z]     [319/625] Building CXX object lib/usd/utils/CMakeFiles/mayaUsdUtils.dir/DebugCodes.cpp.o
[2023-04-06T14:24:26.300Z]     [320/625] Building CXX object lib/usd/schemas/CMakeFiles/mayaUsd_Schemas.dir/ALMayaReference.cpp.o
[2023-04-06T14:24:26.604Z]     [321/625] Building CXX object lib/usd/utils/CMakeFiles/mayaUsdUtils.dir/DiffCore.cpp.o
[2023-04-06T14:24:26.813Z]     [322/625] Building CXX object lib/usd/schemas/CMakeFiles/mayaUsd_Schemas.dir/MayaReference.cpp.o
[2023-04-06T14:24:26.813Z]     [323/625] Linking CXX shared library lib/usd/schemas/libmayaUsd_Schemas.dylib
[2023-04-06T14:24:26.921Z]     [324/625] Linking CXX shared library lib/usd/schemas/_schemas.so
[2023-04-06T14:24:29.623Z]     [325/625] Building CXX object lib/usd/utils/CMakeFiles/mayaUsdUtils.dir/DiffAttributes.cpp.o
[2023-04-06T14:24:29.830Z]     [326/625] Building CXX object lib/usd/utils/CMakeFiles/mayaUsdUtils.dir/DiffDictionaries.cpp.o
[2023-04-06T14:24:30.969Z]     [327/625] Building CXX object lib/usd/utils/CMakeFiles/mayaUsdUtils.dir/DiffMetadatas.cpp.o
[2023-04-06T14:24:31.383Z]     [328/625] Building CXX object lib/usd/utils/CMakeFiles/mayaUsdUtils.dir/DiffLists.cpp.o
[2023-04-06T14:24:33.661Z]     [329/625] Building CXX object lib/usd/utils/CMakeFiles/mayaUsdUtils.dir/DiffRelationships.cpp.o
[2023-04-06T14:24:34.702Z]     [330/625] Building CXX object lib/usd/utils/CMakeFiles/mayaUsdUtils.dir/DiffPrims.cpp.o
[2023-04-06T14:24:36.469Z]     [331/625] Building CXX object lib/usd/utils/CMakeFiles/mayaUsdUtils.dir/MergePrimsOptions.cpp.o
[2023-04-06T14:24:36.469Z]     [332/625] Copying api.h ...
[2023-04-06T14:24:36.569Z]     [333/625] Copying translatorModelAssembly.h ...
[2023-04-06T14:24:36.569Z]     [334/625] Copying editUtil.h ...
[2023-04-06T14:24:36.569Z]     [335/625] Copying exportCommand.h ...
[2023-04-06T14:24:36.671Z]     [336/625] Copying exportTranslator.h ...
[2023-04-06T14:24:36.671Z]     [337/625] Copying importCommand.h ...
[2023-04-06T14:24:36.671Z]     [338/625] Building CXX object lib/usd/utils/CMakeFiles/mayaUsdUtils.dir/DiffValues.cpp.o
[2023-04-06T14:24:36.671Z]     [339/625] Copying importTranslator.h ...
[2023-04-06T14:24:36.671Z]     [340/625] Copying listShadingModesCommand.h ...
[2023-04-06T14:24:36.671Z]     [341/625] Copying proxyShape.h ...
[2023-04-06T14:24:36.671Z]     [342/625] Copying referenceAssembly.h ...
[2023-04-06T14:24:36.772Z]     [343/625] Copying readJobWithSceneAssembly.h ...
[2023-04-06T14:24:36.772Z]     [344/625] Copying instancerShapeAdapterWithSceneAssembly.h ...
[2023-04-06T14:24:36.772Z]     [345/625] Generating AEpxrUsdReferenceAssemblyTemplate.pyc
[2023-04-06T14:24:36.772Z]     [346/625] Generating __init__.pyc
[2023-04-06T14:24:36.875Z]     [347/625] Generating userExportedAttributesUI.pyc
[2023-04-06T14:24:39.608Z]     [348/625] Building CXX object lib/usd/utils/CMakeFiles/mayaUsdUtils.dir/util.cpp.o
[2023-04-06T14:24:40.021Z]     [349/625] Building CXX object lib/usd/utils/CMakeFiles/mayaUsdUtils.dir/MergePrims.cpp.o
[2023-04-06T14:24:40.125Z]     [350/625] Linking CXX shared library lib/usd/utils/libmayaUsdUtils.dylib
[2023-04-06T14:24:40.125Z]     [351/625] Linking CXX executable test/lib/usd/utils/testMergePrims
[2023-04-06T14:24:40.125Z]     [352/625] Linking CXX executable test/lib/usd/utils/testDiffComputeOverall
[2023-04-06T14:24:40.229Z]     [353/625] Linking CXX executable test/lib/usd/utils/testDiffPrims
[2023-04-06T14:24:40.229Z]     [354/625] Linking CXX executable test/lib/usd/utils/testDiffDictionaries
[2023-04-06T14:24:40.330Z]     [355/625] Linking CXX executable test/lib/usd/utils/testDiffLists
[2023-04-06T14:24:40.330Z]     [356/625] Linking CXX executable test/lib/usd/utils/testDiffAttributes
[2023-04-06T14:24:40.433Z]     [357/625] Linking CXX executable test/lib/usd/utils/testDiffCore
[2023-04-06T14:24:40.433Z]     [358/625] Linking CXX executable test/lib/usd/utils/testDiffMetadatas
[2023-04-06T14:24:40.537Z]     [359/625] Linking CXX executable test/lib/usd/utils/testDiffValues
[2023-04-06T14:24:40.638Z]     [360/625] Linking CXX executable test/lib/usd/utils/testDiffRelationships
[2023-04-06T14:24:41.050Z]     [361/625] Linking CXX shared library lib/mayaUsd/libmayaUsd.dylib
[2023-04-06T14:24:41.157Z]     [362/625] Linking CXX shared library test/lib/usd/plugin/libusdTestApiWriter.dylib
[2023-04-06T14:24:41.258Z]     [363/625] Linking CXX shared library test/lib/usd/plugin/libusdTestUsdPlugin.dylib
[2023-04-06T14:24:41.363Z]     [364/625] Linking CXX shared library test/lib/usd/plugin/usdTestInfoImportChaser.bundle
[2023-04-06T14:24:41.464Z]     [365/625] Linking CXX shared library test/lib/usd/plugin/usdTestMayaPlugin.bundle
[2023-04-06T14:24:41.673Z]     [366/625] Building CXX object plugin/pxr/maya/lib/usdMaya/CMakeFiles/usdMaya.dir/readJobWithSceneAssembly.cpp.o
[2023-04-06T14:24:41.777Z]     [367/625] Linking CXX shared library lib/mayaUsd/ufe/_ufe.so
[2023-04-06T14:24:41.877Z]     [368/625] Linking CXX shared library lib/mayaUsd/python/_mayaUsd.so
[2023-04-06T14:24:41.877Z]     [369/625] Linking CXX shared library lib/usd/pxrUsdPreviewSurface/libbasePxrUsdPreviewSurface.dylib
[2023-04-06T14:24:42.190Z]     [370/625] Linking CXX shared library lib/usd/translators/libmayaUsd_Translators.dylib
[2023-04-06T14:24:43.323Z]     [371/625] Building CXX object plugin/pxr/maya/lib/usdMaya/CMakeFiles/usdMaya.dir/readJob_ImportWithProxies.cpp.o
[2023-04-06T14:24:50.303Z]     [372/625] Building CXX object plugin/pxr/maya/lib/usdMaya/CMakeFiles/usdMaya.dir/instancerShapeAdapterWithSceneAssembly.cpp.o
[2023-04-06T14:24:51.555Z]     [373/625] Building CXX object plugin/pxr/maya/lib/usdMaya/CMakeFiles/usdMaya.dir/editUtil.cpp.o
[2023-04-06T14:24:54.572Z]     [374/625] Building CXX object plugin/pxr/maya/lib/usdMaya/CMakeFiles/usdMaya.dir/translatorModelAssembly.cpp.o
[2023-04-06T14:24:55.726Z]     [375/625] Automatic MOC and UIC for target mayaUsdUI
[2023-04-06T14:24:55.827Z]     [376/625] Automatic RCC for importDialog/images/ui.qrc
[2023-04-06T14:24:55.936Z]     [377/625] Automatic RCC for layerEditor/resources.qrc
[2023-04-06T14:24:56.040Z]     [378/625] Building CXX object plugin/pxr/maya/lib/usdMaya/CMakeFiles/usdMaya.dir/exportCommand.cpp.o
[2023-04-06T14:24:58.016Z]     [379/625] Building CXX object plugin/pxr/maya/lib/usdMaya/CMakeFiles/usdMaya.dir/exportTranslator.cpp.o
[2023-04-06T14:24:58.016Z]     [380/625] Building CXX object lib/usd/ui/CMakeFiles/mayaUsdUI.dir/layerEditor/dirtyLayersCountBadge.cpp.o
[2023-04-06T14:24:58.747Z]     [381/625] Building CXX object plugin/pxr/maya/lib/usdMaya/CMakeFiles/usdMaya.dir/importCommand.cpp.o
[2023-04-06T14:24:59.893Z]     [382/625] Building CXX object lib/usd/ui/CMakeFiles/mayaUsdUI.dir/layerEditor/generatedIconButton.cpp.o
[2023-04-06T14:25:01.353Z]     [383/625] Building CXX object lib/usd/ui/CMakeFiles/mayaUsdUI.dir/mayaUsdUI_autogen/mocs_compilation.cpp.o
[2023-04-06T14:25:04.699Z]     [384/625] Building CXX object lib/usd/ui/CMakeFiles/mayaUsdUI.dir/layerEditor/layerEditorWidget.cpp.o
[2023-04-06T14:25:05.224Z]     [385/625] Building CXX object lib/usd/ui/CMakeFiles/mayaUsdUI.dir/layerEditor/layerTreeItem.cpp.o
[2023-04-06T14:25:05.224Z]     [386/625] Building CXX object lib/usd/ui/CMakeFiles/mayaUsdUI.dir/layerEditor/layerTreeItemDelegate.cpp.o
[2023-04-06T14:25:08.248Z]     [387/625] Building CXX object lib/usd/ui/CMakeFiles/mayaUsdUI.dir/layerEditor/layerTreeModel.cpp.o
[2023-04-06T14:25:09.708Z]     [388/625] Building CXX object lib/usd/ui/CMakeFiles/mayaUsdUI.dir/layerEditor/mayaCommandHook.cpp.o
[2023-04-06T14:25:11.389Z]     [389/625] Building CXX object lib/usd/ui/CMakeFiles/mayaUsdUI.dir/layerEditor/layerTreeView.cpp.o
[2023-04-06T14:25:11.389Z]     [390/625] Building CXX object lib/usd/ui/CMakeFiles/mayaUsdUI.dir/layerEditor/loadLayersDialog.cpp.o
[2023-04-06T14:25:13.347Z]     [391/625] Building CXX object lib/usd/ui/CMakeFiles/mayaUsdUI.dir/layerEditor/mayaQtUtils.cpp.o
[2023-04-06T14:25:14.825Z]     [392/625] Building CXX object lib/usd/ui/CMakeFiles/mayaUsdUI.dir/layerEditor/mayaLayerEditorWindow.cpp.o
[2023-04-06T14:25:15.245Z]     [393/625] Building CXX object lib/usd/ui/CMakeFiles/mayaUsdUI.dir/layerEditor/qtUtils.cpp.o
[2023-04-06T14:25:15.766Z]     [394/625] Building CXX object lib/usd/ui/CMakeFiles/mayaUsdUI.dir/layerEditor/mayaSessionState.cpp.o
[2023-04-06T14:25:16.080Z]     [395/625] Building CXX object lib/usd/ui/CMakeFiles/mayaUsdUI.dir/layerEditor/pathChecker.cpp.o
[2023-04-06T14:25:16.488Z]     [396/625] Building CXX object lib/usd/ui/CMakeFiles/mayaUsdUI.dir/layerEditor/stringResources.cpp.o
[2023-04-06T14:25:18.438Z]     [397/625] Building CXX object lib/usd/ui/CMakeFiles/mayaUsdUI.dir/layerEditor/warningDialogs.cpp.o
[2023-04-06T14:25:18.648Z]     [398/625] Building CXX object lib/usd/ui/CMakeFiles/mayaUsdUI.dir/layerEditor/sessionState.cpp.o
[2023-04-06T14:25:21.891Z]     [399/625] Building CXX object lib/usd/ui/CMakeFiles/mayaUsdUI.dir/layerEditor/stageSelectorWidget.cpp.o
[2023-04-06T14:25:23.232Z]     [400/625] Building CXX object lib/usd/ui/CMakeFiles/mayaUsdUI.dir/importDialog/ItemDelegate.cpp.o
[2023-04-06T14:25:23.964Z]     [401/625] Building CXX object lib/usd/ui/CMakeFiles/mayaUsdUI.dir/layerEditor/batchSaveLayersUIDelegate.cpp.o
[2023-04-06T14:25:24.183Z]     [402/625] Building CXX object lib/usd/ui/CMakeFiles/mayaUsdUI.dir/layerEditor/saveLayersDialog.cpp.o
[2023-04-06T14:25:26.905Z]     [403/625] Building CXX object lib/usd/ui/CMakeFiles/mayaUsdUI.dir/importDialog/TreeModel.cpp.o
[2023-04-06T14:25:27.547Z]     [404/625] Building CXX object lib/usd/ui/CMakeFiles/mayaUsdUI.dir/importDialog/TreeItem.cpp.o
[2023-04-06T14:25:28.584Z]     [405/625] Building CXX object lib/usd/ui/CMakeFiles/mayaUsdUI.dir/importDialog/USDQtUtil.cpp.o
[2023-04-06T14:25:28.584Z]     [406/625] Building CXX object lib/usd/ui/CMakeFiles/mayaUsdUI.dir/importDialog/TreeModelFactory.cpp.o
[2023-04-06T14:25:28.695Z]     [407/625] Building CXX object lib/usd/ui/CMakeFiles/mayaUsdUI.dir/mayaUsdUI_autogen/5WMDHDZAMM/qrc_resources.cpp.o
[2023-04-06T14:25:28.695Z]     [408/625] Building CXX object lib/usd/ui/CMakeFiles/mayaUsdUI.dir/mayaUsdUI_autogen/AUCU3ACLTF/qrc_ui.cpp.o
[2023-04-06T14:25:28.903Z]     [409/625] Building CXX object lib/usd/ui/CMakeFiles/mayaUsdUI.dir/importDialog/USDImportDialog.cpp.o
[2023-04-06T14:25:29.013Z]     [410/625] Building CXX object lib/usd/ui/CMakeFiles/mayaUsdUI.dir/initStringResources.cpp.o
[2023-04-06T14:25:29.327Z]     [411/625] Building CXX object plugin/pxr/maya/lib/usdMaya/CMakeFiles/usdMaya.dir/listShadingModesCommand.cpp.o
[2023-04-06T14:25:32.047Z]     [412/625] Building CXX object lib/usd/ui/CMakeFiles/mayaUsdUI.dir/importDialog/USDImportDialogCmd.cpp.o
[2023-04-06T14:25:32.149Z]     [413/625] Linking CXX shared library lib/usd/ui/libmayaUsdUI.dylib
[2023-04-06T14:25:32.149Z]     [414/625] Automatic MOC and UIC for target testMayaUsdUI
[2023-04-06T14:25:32.251Z]     [415/625] Building CXX object lib/usd/ui/importDialogDemo/CMakeFiles/testMayaUsdUI.dir/testMayaUsdUI_autogen/mocs_compilation.cpp.o
[2023-04-06T14:25:33.726Z]     [416/625] Building CXX object plugin/pxr/maya/lib/usdMaya/CMakeFiles/usdMaya.dir/importTranslator.cpp.o
[2023-04-06T14:25:35.285Z]     [417/625] Building CXX object plugin/pxr/maya/lib/usdMaya/CMakeFiles/usdMaya.dir/proxyShape.cpp.o
[2023-04-06T14:25:35.386Z]     [418/625] Building CXX object plugin/pxr/maya/lib/usdMaya/CMakeFiles/_usdMaya.dir/module.cpp.o
[2023-04-06T14:25:36.843Z]     [419/625] Building CXX object lib/usd/ui/importDialogDemo/CMakeFiles/testMayaUsdUI.dir/testMayaUsdUI.cpp.o
[2023-04-06T14:25:36.951Z]     [420/625] Linking CXX executable lib/usd/ui/importDialogDemo/testMayaUsdUI
[2023-04-06T14:25:36.951Z]     [421/625] Copying api.h ...
[2023-04-06T14:25:39.560Z]     [422/625] Building CXX object plugin/pxr/maya/lib/usdMaya/CMakeFiles/_usdMaya.dir/wrapAssembly.cpp.o
[2023-04-06T14:25:39.666Z]     [423/625] Building CXX object plugin/pxr/maya/lib/usdMaya/CMakeFiles/usdMaya.dir/referenceAssembly.cpp.o
[2023-04-06T14:25:39.666Z]     [424/625] Building CXX object plugin/pxr/maya/lib/usdMaya/CMakeFiles/_usdMaya.dir/wrapEditUtil.cpp.o
[2023-04-06T14:25:39.768Z]     [425/625] Linking CXX shared library plugin/pxr/maya/lib/usdMaya/libusdMaya.dylib
[2023-04-06T14:25:39.873Z]     [426/625] Linking CXX shared library plugin/pxr/maya/lib/usdMaya/_usdMaya.so
[2023-04-06T14:25:39.982Z]     [427/625] Copying api.h ...
[2023-04-06T14:25:44.738Z]     [428/625] Building CXX object plugin/pxr/maya/plugin/pxrUsd/CMakeFiles/pxrUsd.dir/alembicChaser.cpp.o
[2023-04-06T14:25:44.738Z]     [429/625] Building CXX object plugin/pxr/maya/plugin/pxrUsd/CMakeFiles/pxrUsd.dir/usdTranslator.cpp.o
[2023-04-06T14:25:44.738Z]     [430/625] Building CXX object plugin/pxr/maya/plugin/pxrUsdPreviewSurface/CMakeFiles/pxrUsdPreviewSurface.dir/plugin.cpp.o
[2023-04-06T14:25:44.843Z]     [431/625] Linking CXX shared library plugin/pxr/maya/plugin/pxrUsdPreviewSurface/pxrUsdPreviewSurface.bundle
[2023-04-06T14:25:45.581Z]     [432/625] Building CXX object plugin/pxr/maya/plugin/pxrUsd/CMakeFiles/pxrUsd.dir/plugin.cpp.o
[2023-04-06T14:25:45.684Z]     [433/625] Linking CXX shared library plugin/pxr/maya/plugin/pxrUsd/pxrUsd.bundle
[2023-04-06T14:25:45.789Z]     [434/625] Building CXX object plugin/al/mayatest/AL/maya/test/CMakeFiles/AL_MayaTest.dir/testHarness.cpp.o
[2023-04-06T14:25:45.895Z]     [435/625] Building CXX object plugin/al/utils/AL/CMakeFiles/AL_EventSystem.dir/event/EventHandler.cpp.o
[2023-04-06T14:25:45.895Z]     [436/625] Linking CXX shared library plugin/al/utils/AL/libAL_EventSystem.dylib
[2023-04-06T14:25:46.510Z]     [437/625] Building CXX object plugin/al/mayatest/AL/maya/test/CMakeFiles/AL_MayaTest.dir/testHelpers.cpp.o
[2023-04-06T14:25:46.616Z]     [438/625] Linking CXX shared library plugin/al/mayatest/AL/maya/test/libAL_MayaTest.dylib
[2023-04-06T14:25:46.616Z]     [439/625] Building CXX object plugin/al/mayautils/AL/maya/CMakeFiles/AL_MayaUtils.dir/utils/MenuBuilder.cpp.o
[2023-04-06T14:25:46.921Z]     [440/625] Building CXX object plugin/al/mayautils/AL/maya/CMakeFiles/AL_MayaUtils.dir/utils/FileTranslatorOptions.cpp.o
[2023-04-06T14:25:48.300Z]     [441/625] Building CXX object plugin/al/mayautils/AL/maya/CMakeFiles/AL_MayaUtils.dir/utils/Utils.cpp.o
[2023-04-06T14:25:48.300Z]     [442/625] Building CXX object plugin/al/mayautils/AL/maya/CMakeFiles/AL_MayaUtils.dir/utils/NodeHelper.cpp.o
[2023-04-06T14:25:48.300Z]     [443/625] Building CXX object plugin/al/mayautils/AL/maya/CMakeFiles/AL_MayaUtils.dir/utils/CommandGuiHelper.cpp.o
[2023-04-06T14:25:48.300Z]     [444/625] Building CXX object plugin/al/mayautils/AL/maya/CMakeFiles/AL_MayaUtils.dir/utils/PluginTranslatorOptions.cpp.o
[2023-04-06T14:25:49.035Z]     [445/625] Building CXX object plugin/al/mayautils/AL/maya/tests/mayaplugintest/CMakeFiles/AL_MayaUtilsTests.dir/plugin.cpp.o
[2023-04-06T14:25:49.565Z]     [446/625] Building CXX object plugin/al/mayautils/AL/maya/CMakeFiles/AL_MayaUtils.dir/event/MayaEventManager.cpp.o
[2023-04-06T14:25:49.668Z]     [447/625] Linking CXX shared library plugin/al/mayautils/AL/maya/libAL_MayaUtils.dylib
[2023-04-06T14:25:49.979Z]     [448/625] Building CXX object plugin/al/mayautils/AL/maya/tests/mayaplugintest/CMakeFiles/AL_MayaUtilsTests.dir/test_mobjectmap.cpp.o
[2023-04-06T14:25:50.086Z]     [449/625] Building CXX object plugin/al/mayautils/AL/maya/tests/mayaplugintest/CMakeFiles/AL_MayaUtilsTests.dir/test_maya_MenuBuilder.cpp.o
[2023-04-06T14:25:50.502Z]     [450/625] Building CXX object plugin/al/mayautils/AL/maya/tests/mayaplugintest/CMakeFiles/AL_MayaUtilsTests.dir/utils/CommandGuiHelperTest.cpp.o
[2023-04-06T14:25:52.220Z]     [451/625] Building CXX object plugin/al/mayautils/AL/maya/tests/mayaplugintest/CMakeFiles/AL_MayaUtilsTests.dir/utils/NodeHelperUnitTest.cpp.o
[2023-04-06T14:25:52.220Z]     [452/625] Building CXX object plugin/al/mayautils/AL/maya/tests/mayaplugintest/CMakeFiles/AL_MayaUtilsTests.dir/test_maya_NodeHelper.cpp.o
[2023-04-06T14:25:52.220Z]     [453/625] Building CXX object plugin/al/mayautils/AL/maya/tests/mayaplugintest/CMakeFiles/AL_MayaUtilsTests.dir/utils/PluginTranslatorOptionsTest.cpp.o
[2023-04-06T14:25:52.325Z]     [454/625] Linking CXX shared library plugin/al/mayautils/AL/maya/tests/mayaplugintest/AL_MayaUtilsTests.bundle
[2023-04-06T14:25:56.061Z]     [455/625] Building CXX object plugin/al/usdmayautils/AL/usdmaya/utils/CMakeFiles/AL_USDMayaUtils.dir/AnimationTranslator.cpp.o
[2023-04-06T14:25:56.166Z]     [456/625] Building CXX object plugin/al/usdmayautils/AL/usdmaya/utils/CMakeFiles/AL_USDMayaUtils.dir/AttributeType.cpp.o
[2023-04-06T14:25:56.166Z]     [457/625] Building CXX object plugin/al/usdmayautils/AL/usdmaya/utils/CMakeFiles/AL_USDMayaUtils.dir/Utils.cpp.o
[2023-04-06T14:26:01.335Z]     [458/625] Building CXX object plugin/al/usdmayautils/AL/usdmaya/utils/CMakeFiles/AL_USDMayaUtils.dir/NurbsCurveUtils.cpp.o
[2023-04-06T14:26:01.440Z]     [459/625] Building CXX object plugin/al/usdtransaction/AL/usd/transaction/CMakeFiles/_AL_USDTransaction.dir/module.cpp.o
[2023-04-06T14:26:01.654Z]     [460/625] Building CXX object plugin/al/usdmayautils/AL/usdmaya/utils/CMakeFiles/AL_USDMayaUtils.dir/DiffPrimVar.cpp.o
[2023-04-06T14:26:02.294Z]     [461/625] Building CXX object plugin/al/usdmayautils/AL/usdmaya/utils/CMakeFiles/AL_USDMayaUtils.dir/DgNodeHelper.cpp.o
[2023-04-06T14:26:02.714Z]     [462/625] Building CXX object plugin/al/usdmayautils/AL/usdmaya/utils/CMakeFiles/AL_USDMayaUtils.dir/MeshUtils.cpp.o
[2023-04-06T14:26:02.714Z]     [463/625] Linking CXX shared library plugin/al/usdmayautils/AL/usdmaya/utils/libAL_USDMayaUtils.dylib
[2023-04-06T14:26:05.887Z]     [464/625] Building CXX object plugin/al/usdtransaction/AL/usd/transaction/CMakeFiles/_AL_USDTransaction.dir/wrapNotice.cpp.o
[2023-04-06T14:26:05.996Z]     [465/625] Building CXX object plugin/al/usdtransaction/AL/usd/transaction/CMakeFiles/AL_USDTransaction.dir/Notice.cpp.o
[2023-04-06T14:26:06.200Z]     [466/625] Building CXX object plugin/al/usdtransaction/AL/usd/transaction/CMakeFiles/_AL_USDTransaction.dir/wrapTransaction.cpp.o
[2023-04-06T14:26:07.565Z]     [467/625] Building CXX object plugin/al/usdtransaction/AL/usd/transaction/tests/CMakeFiles/AL_USDTransactionTests.dir/testMain.cpp.o
[2023-04-06T14:26:07.565Z]     [468/625] Building CXX object plugin/al/usdtransaction/AL/usd/transaction/CMakeFiles/_AL_USDTransaction.dir/wrapTransactionManager.cpp.o
[2023-04-06T14:26:08.912Z]     [469/625] Building CXX object plugin/al/usdtransaction/AL/usd/transaction/CMakeFiles/AL_USDTransaction.dir/Transaction.cpp.o
[2023-04-06T14:26:09.014Z]     [470/625] Building CXX object plugin/al/lib/AL_USDMaya/CMakeFiles/_AL_USDMaya.dir/AL/usdmaya/module.cpp.o
[2023-04-06T14:26:10.072Z]     [471/625] Building CXX object plugin/al/usdtransaction/AL/usd/transaction/CMakeFiles/AL_USDTransaction.dir/TransactionManager.cpp.o
[2023-04-06T14:26:10.072Z]     [472/625] Linking CXX shared library plugin/al/usdtransaction/AL/usd/transaction/libAL_USDTransaction.dylib
[2023-04-06T14:26:10.180Z]     [473/625] Linking CXX shared library plugin/al/usdtransaction/AL/usd/transaction/_AL_USDTransaction.so
[2023-04-06T14:26:11.931Z]     [474/625] Building CXX object plugin/al/usdtransaction/AL/usd/transaction/tests/CMakeFiles/AL_USDTransactionTests.dir/testTransactionManager.cpp.o
[2023-04-06T14:26:12.144Z]     [475/625] Building CXX object plugin/al/lib/AL_USDMaya/CMakeFiles/_AL_USDMaya.dir/AL/usdmaya/wrapStageCache.cpp.o
[2023-04-06T14:26:13.509Z]     [476/625] Building CXX object plugin/al/usdtransaction/AL/usd/transaction/tests/CMakeFiles/AL_USDTransactionTests.dir/testTransaction.cpp.o
[2023-04-06T14:26:13.509Z]     [477/625] Linking CXX executable plugin/al/usdtransaction/AL/usd/transaction/tests/AL_USDTransactionTests
[2023-04-06T14:26:15.079Z]     [478/625] Building CXX object plugin/al/lib/AL_USDMaya/CMakeFiles/_AL_USDMaya.dir/AL/usdmaya/nodes/wrapLayerManager.cpp.o
[2023-04-06T14:26:15.608Z]     [479/625] Building CXX object plugin/al/lib/AL_USDMaya/CMakeFiles/AL_USDMaya.dir/AL/usdmaya/DebugCodes.cpp.o
[2023-04-06T14:26:18.604Z]     [480/625] Building CXX object plugin/al/lib/AL_USDMaya/CMakeFiles/_AL_USDMaya.dir/AL/usdmaya/nodes/wrapProxyShape.cpp.o
[2023-04-06T14:26:18.918Z]     [481/625] Building CXX object plugin/al/lib/AL_USDMaya/CMakeFiles/AL_USDMaya.dir/AL/usdmaya/Metadata.cpp.o
[2023-04-06T14:26:20.282Z]     [482/625] Building CXX object plugin/al/lib/AL_USDMaya/CMakeFiles/AL_USDMaya.dir/AL/usdmaya/StageCache.cpp.o
[2023-04-06T14:26:20.383Z]     [483/625] Building CXX object plugin/al/lib/AL_USDMaya/CMakeFiles/_AL_USDMaya.dir/AL/usdmaya/fileio/translators/wrapTranslatorContext.cpp.o
[2023-04-06T14:26:20.995Z]     [484/625] Building CXX object plugin/al/lib/AL_USDMaya/CMakeFiles/AL_USDMaya.dir/AL/usdmaya/Global.cpp.o
[2023-04-06T14:26:22.148Z]     [485/625] Building CXX object plugin/al/lib/AL_USDMaya/CMakeFiles/AL_USDMaya.dir/AL/usdmaya/moduleDeps.cpp.o
[2023-04-06T14:26:22.775Z]     [486/625] Building CXX object plugin/al/lib/AL_USDMaya/CMakeFiles/_AL_USDMaya.dir/AL/usdmaya/fileio/translators/wrapTranslatorBase.cpp.o
[2023-04-06T14:26:22.775Z]     [487/625] Building CXX object plugin/al/lib/AL_USDMaya/CMakeFiles/AL_USDMaya.dir/AL/usdmaya/cmds/DebugCommands.cpp.o
[2023-04-06T14:26:24.220Z]     [488/625] Building CXX object plugin/al/lib/AL_USDMaya/CMakeFiles/AL_USDMaya.dir/AL/usdmaya/cmds/EventCommand.cpp.o
[2023-04-06T14:26:24.327Z]     [489/625] Building CXX object plugin/al/lib/AL_USDMaya/CMakeFiles/AL_USDMaya.dir/AL/usdmaya/TransformOperation.cpp.o
[2023-04-06T14:26:25.471Z]     [490/625] Building CXX object plugin/al/lib/AL_USDMaya/CMakeFiles/AL_USDMaya.dir/AL/usdmaya/cmds/CreateUsdPrim.cpp.o
[2023-04-06T14:26:28.177Z]     [491/625] Building CXX object plugin/al/lib/AL_USDMaya/CMakeFiles/AL_USDMaya.dir/AL/usdmaya/cmds/ListTranslators.cpp.o
[2023-04-06T14:26:28.809Z]     [492/625] Building CXX object plugin/al/lib/AL_USDMaya/CMakeFiles/AL_USDMaya.dir/AL/usdmaya/cmds/LayerCommands.cpp.o
[2023-04-06T14:26:28.915Z]     [493/625] Building CXX object plugin/al/lib/AL_USDMaya/CMakeFiles/AL_USDMaya.dir/AL/usdmaya/cmds/RendererCommands.cpp.o
[2023-04-06T14:26:29.428Z]     [494/625] Building CXX object plugin/al/lib/AL_USDMaya/CMakeFiles/AL_USDMaya.dir/AL/usdmaya/cmds/SyncFileIOGui.cpp.o
[2023-04-06T14:26:30.790Z]     [495/625] Building CXX object plugin/al/lib/AL_USDMaya/CMakeFiles/AL_USDMaya.dir/AL/usdmaya/cmds/ProxyShapePostLoadProcess.cpp.o
[2023-04-06T14:26:31.194Z]     [496/625] Building CXX object plugin/al/lib/AL_USDMaya/CMakeFiles/AL_USDMaya.dir/AL/usdmaya/cmds/ProxyShapeCommands.cpp.o
[2023-04-06T14:26:33.723Z]     [497/625] Building CXX object plugin/al/lib/AL_USDMaya/CMakeFiles/AL_USDMaya.dir/AL/usdmaya/cmds/UnloadPrim.cpp.o
[2023-04-06T14:26:34.345Z]     [498/625] Building CXX object plugin/al/lib/AL_USDMaya/CMakeFiles/AL_USDMaya.dir/AL/usdmaya/fileio/AnimationTranslator.cpp.o
[2023-04-06T14:26:35.896Z]     [499/625] Building CXX object plugin/al/lib/AL_USDMaya/CMakeFiles/AL_USDMaya.dir/AL/usdmaya/fileio/ExportTranslator.cpp.o
[2023-04-06T14:26:38.487Z]     [500/625] Building CXX object plugin/al/lib/AL_USDMaya/CMakeFiles/AL_USDMaya.dir/AL/usdmaya/fileio/ImportTranslator.cpp.o
[2023-04-06T14:26:38.813Z]     [501/625] Building CXX object plugin/al/lib/AL_USDMaya/CMakeFiles/AL_USDMaya.dir/AL/usdmaya/fileio/Export.cpp.o
[2023-04-06T14:26:39.339Z]     [502/625] Building CXX object plugin/al/lib/AL_USDMaya/CMakeFiles/AL_USDMaya.dir/AL/usdmaya/fileio/Import.cpp.o
[2023-04-06T14:26:40.682Z]     [503/625] Building CXX object plugin/al/lib/AL_USDMaya/CMakeFiles/AL_USDMaya.dir/AL/usdmaya/fileio/NodeFactory.cpp.o
[2023-04-06T14:26:42.469Z]     [504/625] Building CXX object plugin/al/lib/AL_USDMaya/CMakeFiles/AL_USDMaya.dir/AL/usdmaya/fileio/SchemaPrims.cpp.o
[2023-04-06T14:26:42.997Z]     [505/625] Building CXX object plugin/al/lib/AL_USDMaya/CMakeFiles/AL_USDMaya.dir/AL/usdmaya/fileio/TransformIterator.cpp.o
[2023-04-06T14:26:43.621Z]     [506/625] Building CXX object plugin/al/lib/AL_USDMaya/CMakeFiles/AL_USDMaya.dir/AL/usdmaya/fileio/translators/DagNodeTranslator.cpp.o
[2023-04-06T14:26:45.072Z]     [507/625] Building CXX object plugin/al/lib/AL_USDMaya/CMakeFiles/AL_USDMaya.dir/AL/usdmaya/fileio/translators/DgNodeTranslator.cpp.o
[2023-04-06T14:26:48.228Z]     [508/625] Building CXX object plugin/al/lib/AL_USDMaya/CMakeFiles/AL_USDMaya.dir/AL/usdmaya/fileio/translators/TranslatorBase.cpp.o
[2023-04-06T14:26:48.954Z]     [509/625] Building CXX object plugin/al/lib/AL_USDMaya/CMakeFiles/AL_USDMaya.dir/AL/usdmaya/fileio/translators/TransformTranslator.cpp.o
[2023-04-06T14:26:49.372Z]     [510/625] Building CXX object plugin/al/lib/AL_USDMaya/CMakeFiles/AL_USDMaya.dir/AL/usdmaya/fileio/translators/TranslatorTestPlugin.cpp.o
[2023-04-06T14:26:49.700Z]     [511/625] Building CXX object plugin/al/lib/AL_USDMaya/CMakeFiles/AL_USDMaya.dir/AL/usdmaya/fileio/translators/TranslatorContext.cpp.o
[2023-04-06T14:26:52.288Z]     [512/625] Building CXX object plugin/al/lib/AL_USDMaya/CMakeFiles/AL_USDMaya.dir/AL/usdmaya/fileio/translators/TranslatorTestType.cpp.o
[2023-04-06T14:26:52.908Z]     [513/625] Building CXX object plugin/al/lib/AL_USDMaya/CMakeFiles/AL_USDMaya.dir/AL/usdmaya/fileio/translators/ExtraDataPlugin.cpp.o
[2023-04-06T14:26:53.018Z]     [514/625] Building CXX object plugin/al/lib/AL_USDMaya/CMakeFiles/AL_USDMaya.dir/AL/usdmaya/nodes/Layer.cpp.o
[2023-04-06T14:26:53.427Z]     [515/625] Building CXX object plugin/al/lib/AL_USDMaya/CMakeFiles/AL_USDMaya.dir/AL/usdmaya/fileio/translators/TestExtraDataPlugin.cpp.o
[2023-04-06T14:26:56.685Z]     [516/625] Building CXX object plugin/al/lib/AL_USDMaya/CMakeFiles/AL_USDMaya.dir/AL/usdmaya/nodes/Engine.cpp.o
[2023-04-06T14:26:57.422Z]     [517/625] Building CXX object plugin/al/lib/AL_USDMaya/CMakeFiles/AL_USDMaya.dir/AL/usdmaya/nodes/LayerManager.cpp.o
[2023-04-06T14:26:59.355Z]     [518/625] Building CXX object plugin/al/lib/AL_USDMaya/CMakeFiles/AL_USDMaya.dir/AL/usdmaya/nodes/MeshAnimCreator.cpp.o
[2023-04-06T14:26:59.355Z]     [519/625] Building CXX object plugin/al/lib/AL_USDMaya/CMakeFiles/AL_USDMaya.dir/AL/usdmaya/nodes/MeshAnimDeformer.cpp.o
[2023-04-06T14:27:03.392Z]     [520/625] Building CXX object plugin/al/lib/AL_USDMaya/CMakeFiles/AL_USDMaya.dir/AL/usdmaya/nodes/ProxyShapeSelection.cpp.o
[2023-04-06T14:27:03.906Z]     [521/625] Building CXX object plugin/al/lib/AL_USDMaya/CMakeFiles/AL_USDMaya.dir/AL/usdmaya/nodes/ProxyUsdGeomCamera.cpp.o
[2023-04-06T14:27:04.955Z]     [522/625] Building CXX object plugin/al/lib/AL_USDMaya/CMakeFiles/AL_USDMaya.dir/AL/usdmaya/nodes/RendererManager.cpp.o
[2023-04-06T14:27:08.745Z]     [523/625] Building CXX object plugin/al/lib/AL_USDMaya/CMakeFiles/AL_USDMaya.dir/AL/usdmaya/nodes/Transform.cpp.o
[2023-04-06T14:27:08.855Z]     [524/625] Building CXX object plugin/al/lib/AL_USDMaya/CMakeFiles/AL_USDMaya.dir/AL/usdmaya/nodes/ProxyShape.cpp.o
[2023-04-06T14:27:08.855Z]     [525/625] Building CXX object plugin/al/lib/AL_USDMaya/CMakeFiles/AL_USDMaya.dir/AL/usdmaya/nodes/BasicTransformationMatrix.cpp.o
[2023-04-06T14:27:08.962Z]     [526/625] Building CXX object plugin/al/lib/AL_USDMaya/CMakeFiles/AL_USDMaya.dir/AL/usdmaya/nodes/Scope.cpp.o
[2023-04-06T14:27:14.320Z]     [527/625] Building CXX object plugin/al/lib/AL_USDMaya/CMakeFiles/AL_USDMaya.dir/AL/usdmaya/nodes/proxy/PrimFilter.cpp.o
[2023-04-06T14:27:14.320Z]     [528/625] Building CXX object plugin/al/lib/AL_USDMaya/CMakeFiles/AL_USDMaya.dir/AL/usdmaya/nodes/proxy/ProxyShapeVariantFallbacks.cpp.o
[2023-04-06T14:27:14.320Z]     [529/625] Building CXX object plugin/al/lib/AL_USDMaya/CMakeFiles/AL_USDMaya.dir/AL/usdmaya/nodes/proxy/ProxyShapeMetaData.cpp.o
[2023-04-06T14:27:15.048Z]     [530/625] Building CXX object plugin/al/lib/AL_USDMaya/CMakeFiles/AL_USDMaya.dir/AL/usdmaya/nodes/TransformationMatrix.cpp.o
[2023-04-06T14:27:15.154Z]     [531/625] Linking CXX shared library plugin/al/lib/AL_USDMaya/libAL_USDMaya.dylib
[2023-04-06T14:27:15.363Z]     [532/625] Linking CXX shared library plugin/al/lib/AL_USDMaya/_AL_USDMaya.so
[2023-04-06T14:27:17.029Z]     [533/625] Building CXX object plugin/al/plugin/AL_USDMayaTestPlugin/CMakeFiles/AL_USDMayaTestPlugin.dir/AL/maya/test_EventHandler.cpp.o
[2023-04-06T14:27:20.254Z]     [534/625] Building CXX object plugin/al/plugin/AL_USDMayaTestPlugin/CMakeFiles/AL_USDMayaTestPlugin.dir/AL/maya/test_MatrixToSRT.cpp.o
[2023-04-06T14:27:21.092Z]     [535/625] Building CXX object plugin/al/plugin/AL_USDMayaTestPlugin/CMakeFiles/AL_USDMayaTestPlugin.dir/plugin.cpp.o
[2023-04-06T14:27:21.092Z]     [536/625] Building CXX object plugin/al/plugin/AL_USDMayaPlugin/CMakeFiles/AL_USDMayaPlugin.dir/plugin.cpp.o
[2023-04-06T14:27:21.197Z]     [537/625] Linking CXX shared library plugin/al/plugin/AL_USDMayaPlugin/AL_USDMayaPlugin.bundle
[2023-04-06T14:27:21.916Z]     [538/625] Building CXX object plugin/al/plugin/AL_USDMayaTestPlugin/CMakeFiles/AL_USDMayaTestPlugin.dir/AL/maya/test_MayaEventManager.cpp.o
[2023-04-06T14:27:25.973Z]     [539/625] Building CXX object plugin/al/plugin/AL_USDMayaTestPlugin/CMakeFiles/AL_USDMayaTestPlugin.dir/AL/usdmaya/commands/test_ExportCommands.cpp.o
[2023-04-06T14:27:26.906Z]     [540/625] Building CXX object plugin/al/plugin/AL_USDMayaTestPlugin/CMakeFiles/AL_USDMayaTestPlugin.dir/AL/usdmaya/commands/test_LayerCommands.cpp.o
[2023-04-06T14:27:27.007Z]     [541/625] Building CXX object plugin/al/plugin/AL_USDMayaTestPlugin/CMakeFiles/AL_USDMayaTestPlugin.dir/AL/usdmaya/commands/test_LayerManagerCommands.cpp.o
[2023-04-06T14:27:29.096Z]     [542/625] Building CXX object plugin/al/plugin/AL_USDMayaTestPlugin/CMakeFiles/AL_USDMayaTestPlugin.dir/AL/usdmaya/commands/test_ProxyShapeImport.cpp.o
[2023-04-06T14:27:31.082Z]     [543/625] Building CXX object plugin/al/plugin/AL_USDMayaTestPlugin/CMakeFiles/AL_USDMayaTestPlugin.dir/AL/usdmaya/fileio/export_blendshape.cpp.o
[2023-04-06T14:27:32.022Z]     [544/625] Building CXX object plugin/al/plugin/AL_USDMayaTestPlugin/CMakeFiles/AL_USDMayaTestPlugin.dir/AL/usdmaya/commands/test_TranslateCommand.cpp.o
[2023-04-06T14:27:32.653Z]     [545/625] Building CXX object plugin/al/plugin/AL_USDMayaTestPlugin/CMakeFiles/AL_USDMayaTestPlugin.dir/AL/usdmaya/fileio/export_misc.cpp.o
[2023-04-06T14:27:34.190Z]     [546/625] Building CXX object plugin/al/plugin/AL_USDMayaTestPlugin/CMakeFiles/AL_USDMayaTestPlugin.dir/AL/usdmaya/fileio/export_ik.cpp.o
[2023-04-06T14:27:36.250Z]     [547/625] Building CXX object plugin/al/plugin/AL_USDMayaTestPlugin/CMakeFiles/AL_USDMayaTestPlugin.dir/AL/usdmaya/fileio/export_constraints.cpp.o
[2023-04-06T14:27:37.505Z]     [548/625] Building CXX object plugin/al/plugin/AL_USDMayaTestPlugin/CMakeFiles/AL_USDMayaTestPlugin.dir/AL/usdmaya/fileio/export_import_instancing.cpp.o
[2023-04-06T14:27:37.715Z]     [549/625] Building CXX object plugin/al/plugin/AL_USDMayaTestPlugin/CMakeFiles/AL_USDMayaTestPlugin.dir/AL/usdmaya/fileio/export_lattice.cpp.o
[2023-04-06T14:27:39.412Z]     [550/625] Building CXX object plugin/al/plugin/AL_USDMayaTestPlugin/CMakeFiles/AL_USDMayaTestPlugin.dir/AL/usdmaya/fileio/export_multiple_shapes.cpp.o
[2023-04-06T14:27:41.301Z]     [551/625] Building CXX object plugin/al/plugin/AL_USDMayaTestPlugin/CMakeFiles/AL_USDMayaTestPlugin.dir/AL/usdmaya/fileio/import_instances.cpp.o
[2023-04-06T14:27:42.554Z]     [552/625] Building CXX object plugin/al/plugin/AL_USDMayaTestPlugin/CMakeFiles/AL_USDMayaTestPlugin.dir/AL/usdmaya/fileio/export_unmerged.cpp.o
[2023-04-06T14:27:42.554Z]     [553/625] Building CXX object plugin/al/plugin/AL_USDMayaTestPlugin/CMakeFiles/AL_USDMayaTestPlugin.dir/AL/usdmaya/fileio/export_nonlinear.cpp.o
[2023-04-06T14:27:44.117Z]     [554/625] Building CXX object plugin/al/plugin/AL_USDMayaTestPlugin/CMakeFiles/AL_USDMayaTestPlugin.dir/AL/usdmaya/fileio/import_playback_range.cpp.o
[2023-04-06T14:27:46.422Z]     [555/625] Building CXX object plugin/al/plugin/AL_USDMayaTestPlugin/CMakeFiles/AL_USDMayaTestPlugin.dir/AL/usdmaya/fileio/test_activeInActiveTranslators.cpp.o
[2023-04-06T14:27:49.429Z]     [556/625] Building CXX object plugin/al/plugin/AL_USDMayaTestPlugin/CMakeFiles/AL_USDMayaTestPlugin.dir/AL/usdmaya/nodes/proxy/test_PrimFilter.cpp.o
[2023-04-06T14:27:50.467Z]     [557/625] Building CXX object plugin/al/plugin/AL_USDMayaTestPlugin/CMakeFiles/AL_USDMayaTestPlugin.dir/AL/usdmaya/nodes/test_ExtraDataPlugin.cpp.o
[2023-04-06T14:27:51.096Z]     [558/625] Building CXX object plugin/al/plugin/AL_USDMayaTestPlugin/CMakeFiles/AL_USDMayaTestPlugin.dir/AL/usdmaya/nodes/test_ActiveInactive.cpp.o
[2023-04-06T14:27:53.495Z]     [559/625] Building CXX object plugin/al/plugin/AL_USDMayaTestPlugin/CMakeFiles/AL_USDMayaTestPlugin.dir/AL/usdmaya/nodes/test_LayerManager.cpp.o
[2023-04-06T14:27:56.289Z]     [560/625] Building CXX object plugin/al/plugin/AL_USDMayaTestPlugin/CMakeFiles/AL_USDMayaTestPlugin.dir/AL/usdmaya/nodes/test_lockPrims.cpp.o
[2023-04-06T14:27:57.347Z]     [561/625] Building CXX object plugin/al/plugin/AL_USDMayaTestPlugin/CMakeFiles/AL_USDMayaTestPlugin.dir/AL/usdmaya/nodes/test_ProxyUsdGeomCamera.cpp.o
[2023-04-06T14:27:59.249Z]     [562/625] Building CXX object plugin/al/plugin/AL_USDMayaTestPlugin/CMakeFiles/AL_USDMayaTestPlugin.dir/AL/usdmaya/nodes/test_ProxyShapeSelectabilityDB.cpp.o
[2023-04-06T14:28:00.922Z]     [563/625] Building CXX object plugin/al/plugin/AL_USDMayaTestPlugin/CMakeFiles/AL_USDMayaTestPlugin.dir/AL/usdmaya/nodes/test_ProxyShape.cpp.o
[2023-04-06T14:28:03.206Z]     [564/625] Building CXX object plugin/al/plugin/AL_USDMayaTestPlugin/CMakeFiles/AL_USDMayaTestPlugin.dir/AL/usdmaya/nodes/test_Transform.cpp.o
[2023-04-06T14:28:04.878Z]     [565/625] Building CXX object plugin/al/plugin/AL_USDMayaTestPlugin/CMakeFiles/AL_USDMayaTestPlugin.dir/AL/usdmaya/nodes/test_ScopeMatrix.cpp.o
[2023-04-06T14:28:06.669Z]     [566/625] Building CXX object plugin/al/plugin/AL_USDMayaTestPlugin/CMakeFiles/AL_USDMayaTestPlugin.dir/AL/usdmaya/nodes/test_VariantFallbacks.cpp.o
[2023-04-06T14:28:07.408Z]     [567/625] Building CXX object plugin/al/plugin/AL_USDMayaTestPlugin/CMakeFiles/AL_USDMayaTestPlugin.dir/AL/usdmaya/nodes/test_TransformMatrix.cpp.o
[2023-04-06T14:28:09.296Z]     [568/625] Building CXX object plugin/al/plugin/AL_USDMayaTestPlugin/CMakeFiles/AL_USDMayaTestPlugin.dir/AL/usdmaya/nodes/test_TranslatorContext.cpp.o
[2023-04-06T14:28:10.433Z]     [569/625] Building CXX object plugin/al/plugin/AL_USDMayaTestPlugin/CMakeFiles/AL_USDMayaTestPlugin.dir/AL/usdmaya/test_DiffGeom.cpp.o
[2023-04-06T14:28:13.410Z]     [570/625] Building CXX object plugin/al/plugin/AL_USDMayaTestPlugin/CMakeFiles/AL_USDMayaTestPlugin.dir/test_translators_AnimationTranslator.cpp.o
[2023-04-06T14:28:14.031Z]     [571/625] Building CXX object plugin/al/plugin/AL_USDMayaTestPlugin/CMakeFiles/AL_USDMayaTestPlugin.dir/AL/usdmaya/test_DiffPrimVar.cpp.o
[2023-04-06T14:28:15.389Z]     [572/625] Building CXX object plugin/al/plugin/AL_USDMayaTestPlugin/CMakeFiles/AL_USDMayaTestPlugin.dir/test_translators_CameraTranslator.cpp.o
[2023-04-06T14:28:19.847Z]     [573/625] Building CXX object plugin/al/plugin/AL_USDMayaTestPlugin/CMakeFiles/AL_USDMayaTestPlugin.dir/test_translators_NurbsCurveTranslator.cpp.o
[2023-04-06T14:28:20.477Z]     [574/625] Building CXX object plugin/al/plugin/AL_USDMayaTestPlugin/CMakeFiles/AL_USDMayaTestPlugin.dir/test_translators_PythonBindings.cpp.o
[2023-04-06T14:28:20.477Z]     [575/625] Building CXX object plugin/al/plugin/AL_USDMayaTestPlugin/CMakeFiles/AL_USDMayaTestPlugin.dir/test_translators_DgTranslator.cpp.o
[2023-04-06T14:28:22.156Z]     [576/625] Building CXX object plugin/al/plugin/AL_USDMayaTestPlugin/CMakeFiles/AL_USDMayaTestPlugin.dir/test_translators_MeshTranslator.cpp.o
[2023-04-06T14:28:24.857Z]     [577/625] Building CXX object plugin/al/plugin/AL_USDMayaTestPlugin/CMakeFiles/AL_USDMayaTestPlugin.dir/test_translators_Translator.cpp.o
[2023-04-06T14:28:24.959Z]     [578/625] Building CXX object plugin/al/schemas/AL/usd/schemas/maya/CMakeFiles/_AL_USDMayaSchemas.dir/module.cpp.o
[2023-04-06T14:28:25.168Z]     [579/625] Building CXX object plugin/al/plugin/AL_USDMayaTestPlugin/CMakeFiles/AL_USDMayaTestPlugin.dir/test_usdmaya.cpp.o
[2023-04-06T14:28:27.460Z]     [580/625] Building CXX object plugin/al/schemas/AL/usd/schemas/maya/CMakeFiles/_AL_USDMayaSchemas.dir/wrapTokens.cpp.o
[2023-04-06T14:28:28.831Z]     [581/625] Building CXX object plugin/al/plugin/AL_USDMayaTestPlugin/CMakeFiles/AL_USDMayaTestPlugin.dir/test_translators_TransformTranslator.cpp.o
[2023-04-06T14:28:28.933Z]     [582/625] Building CXX object plugin/al/plugin/AL_USDMayaTestPlugin/CMakeFiles/AL_USDMayaTestPlugin.dir/test_usdmaya_AttributeType.cpp.o
[2023-04-06T14:28:30.311Z]     [583/625] Building CXX object plugin/al/schemas/AL/usd/schemas/maya/CMakeFiles/_AL_USDMayaSchemas.dir/wrapModelAPI.cpp.o
[2023-04-06T14:28:30.737Z]     [584/625] Building CXX object plugin/al/schemas/AL/usd/schemas/maya/CMakeFiles/AL_USDMayaSchemas.dir/tokens.cpp.o
[2023-04-06T14:28:32.487Z]     [585/625] Building CXX object plugin/al/schemas/AL/usd/schemas/maya/CMakeFiles/AL_USDMayaSchemas.dir/ModuleDeps.cpp.o
[2023-04-06T14:28:32.801Z]     [586/625] Building CXX object plugin/al/schemas/AL/usd/schemas/maya/CMakeFiles/_AL_USDMayaSchemas.dir/wrapFrameRange.cpp.o
[2023-04-06T14:28:32.904Z]     [587/625] Building CXX object plugin/al/schemas/AL/usd/schemas/maya/CMakeFiles/AL_USDMayaSchemas.dir/FrameRange.cpp.o
[2023-04-06T14:28:33.330Z]     [588/625] Building CXX object plugin/al/schemas/AL/usd/schemas/maya/CMakeFiles/AL_USDMayaSchemas.dir/ModelAPI.cpp.o
[2023-04-06T14:28:33.331Z]     [589/625] Linking CXX shared library plugin/al/schemas/AL/usd/schemas/maya/libAL_USDMayaSchemas.dylib
[2023-04-06T14:28:33.438Z]     [590/625] Linking CXX shared library plugin/al/schemas/AL/usd/schemas/maya/_AL_USDMayaSchemas.so
[2023-04-06T14:28:33.545Z]     [591/625] Building CXX object plugin/al/schemas/AL/usd/schemas/maya/tests/CMakeFiles/testMayaSchemas.dir/main.cpp.o
[2023-04-06T14:28:35.219Z]     [592/625] Building CXX object plugin/al/schemas/AL/usd/schemas/mayatest/CMakeFiles/AL_USDMayaSchemasTest.dir/ModuleDeps.cpp.o
[2023-04-06T14:28:35.542Z]     [593/625] Building CXX object plugin/al/schemas/AL/usd/schemas/mayatest/CMakeFiles/AL_USDMayaSchemasTest.dir/tokens.cpp.o
[2023-04-06T14:28:35.647Z]     [594/625] Building CXX object plugin/al/schemas/AL/usd/schemas/mayatest/CMakeFiles/_AL_USDMayaSchemasTest.dir/module.cpp.o
[2023-04-06T14:28:37.329Z]     [595/625] Building CXX object plugin/al/schemas/AL/usd/schemas/maya/tests/CMakeFiles/testMayaSchemas.dir/testMayaSchemas.cpp.o
[2023-04-06T14:28:37.535Z]     [596/625] Building CXX object plugin/al/schemas/AL/usd/schemas/maya/tests/CMakeFiles/testMayaSchemas.dir/testModelAPI.cpp.o
[2023-04-06T14:28:37.535Z]     [597/625] Linking CXX executable plugin/al/schemas/AL/usd/schemas/maya/tests/testMayaSchemas
[2023-04-06T14:28:37.535Z]     [598/625] Building CXX object plugin/al/schemas/AL/usd/schemas/mayatest/CMakeFiles/AL_USDMayaSchemasTest.dir/ExamplePolyCubeNode.cpp.o
[2023-04-06T14:28:37.637Z]     [599/625] Linking CXX shared library plugin/al/schemas/AL/usd/schemas/mayatest/libAL_USDMayaSchemasTest.dylib
[2023-04-06T14:28:37.840Z]     [600/625] Linking CXX shared library plugin/al/plugin/AL_USDMayaTestPlugin/AL_USDMayaTestPlugin.bundle
[2023-04-06T14:28:37.948Z]     [601/625] Building CXX object plugin/al/schemas/AL/usd/schemas/mayatest/CMakeFiles/_AL_USDMayaSchemasTest.dir/wrapTokens.cpp.o
[2023-04-06T14:28:38.897Z]     [602/625] Building CXX object plugin/al/translators/CMakeFiles/AL_USDMayaTranslators.dir/CommonTranslatorOptions.cpp.o
[2023-04-06T14:28:42.651Z]     [603/625] Building CXX object plugin/al/translators/CMakeFiles/AL_USDMayaTranslators.dir/MayaReference.cpp.o
[2023-04-06T14:28:42.863Z]     [604/625] Building CXX object plugin/al/schemas/AL/usd/schemas/mayatest/CMakeFiles/_AL_USDMayaSchemasTest.dir/wrapExamplePolyCubeNode.cpp.o
[2023-04-06T14:28:42.863Z]     [605/625] Linking CXX shared library plugin/al/schemas/AL/usd/schemas/mayatest/_AL_USDMayaSchemasTest.so
[2023-04-06T14:28:43.174Z]     [606/625] Building CXX object plugin/al/translators/CMakeFiles/AL_USDMayaTranslators.dir/Camera.cpp.o
[2023-04-06T14:28:44.740Z]     [607/625] Building CXX object plugin/al/translators/CMakeFiles/AL_USDMayaTranslators.dir/Mesh.cpp.o
[2023-04-06T14:28:47.141Z]     [608/625] Building CXX object plugin/al/translators/CMakeFiles/AL_USDMayaTranslators.dir/FrameRange.cpp.o
[2023-04-06T14:28:47.571Z]     [609/625] Building CXX object plugin/al/translators/pxrUsdTranslators/CMakeFiles/AL_USDMayaPxrTranslators.dir/plugin.cpp.o
[2023-04-06T14:28:47.672Z]     [610/625] Building CXX object plugin/al/translators/CMakeFiles/AL_USDMayaTranslators.dir/NurbsCurve.cpp.o
[2023-04-06T14:28:48.312Z]     [611/625] Building CXX object plugin/al/translators/CMakeFiles/AL_USDMayaTranslators.dir/DirectionalLight.cpp.o
[2023-04-06T14:28:48.416Z]     [612/625] Linking CXX shared library plugin/al/translators/libAL_USDMayaTranslators.dylib
[2023-04-06T14:28:50.292Z]     [613/625] Building CXX object plugin/al/translators/pxrUsdTranslators/CMakeFiles/AL_USDMayaPxrTranslators.dir/ProxyShapeTranslator.cpp.o
[2023-04-06T14:28:50.402Z]     [614/625] Linking CXX shared library plugin/al/translators/pxrUsdTranslators/AL_USDMayaPxrTranslators.bundle
[2023-04-06T14:28:50.829Z]     [615/625] Building CXX object plugin/adsk/plugin/CMakeFiles/mayaUsdPlugin.dir/adskListJobContextsCommand.cpp.o
[2023-04-06T14:28:51.252Z]     [616/625] Building CXX object plugin/adsk/plugin/CMakeFiles/mayaUsdPlugin.dir/adskListShadingModesCommand.cpp.o
[2023-04-06T14:28:51.875Z]     [617/625] Building CXX object plugin/adsk/plugin/CMakeFiles/mayaUsdPlugin.dir/adskImportCommand.cpp.o
[2023-04-06T14:28:52.380Z]     [618/625] Building CXX object plugin/adsk/plugin/CMakeFiles/mayaUsdPlugin.dir/adskExportCommand.cpp.o
[2023-04-06T14:28:54.461Z]     [619/625] Building CXX object plugin/adsk/plugin/CMakeFiles/mayaUsdPlugin.dir/plugin.cpp.o
[2023-04-06T14:28:55.100Z]     [620/625] Building CXX object plugin/adsk/plugin/CMakeFiles/mayaUsdPlugin.dir/adskStageLoadUnloadCommands.cpp.o
[2023-04-06T14:28:56.543Z]     [621/625] Building CXX object plugin/adsk/plugin/CMakeFiles/mayaUsdPlugin.dir/geomNode.cpp.o
[2023-04-06T14:28:57.294Z]     [622/625] Building CXX object plugin/adsk/plugin/CMakeFiles/mayaUsdPlugin.dir/importTranslator.cpp.o
[2023-04-06T14:28:58.813Z]     [623/625] Building CXX object plugin/adsk/plugin/CMakeFiles/mayaUsdPlugin.dir/ProxyShape.cpp.o
[2023-04-06T14:28:59.132Z]     [624/625] Building CXX object plugin/adsk/plugin/CMakeFiles/mayaUsdPlugin.dir/exportTranslator.cpp.o
[2023-04-06T14:28:59.243Z]     [625/625] Linking CXX shared module plugin/adsk/plugin/mayaUsdPlugin.bundle
[2023-04-06T14:28:59.243Z]     
[2023-04-06T14:28:59.243Z]         Building with settings:
[2023-04-06T14:28:59.243Z]           Source directory          /local/S/jenkins/workspace/ECP/ecg-maya-usd/ecg-mayausd-branch-preflight-2020-pxrusd-mid1-osx/ecg-maya-usd/maya-usd
[2023-04-06T14:28:59.243Z]           Workspace directory       /local/S/jenkins/workspace/ECP/ecg-maya-usd/ecg-mayausd-branch-preflight-2020-pxrusd-mid1-osx
[2023-04-06T14:28:59.243Z]           Build directory           /local/S/jenkins/workspace/ECP/ecg-maya-usd/ecg-mayausd-branch-preflight-2020-pxrusd-mid1-osx/build/RelWithDebInfo
[2023-04-06T14:28:59.243Z]           Install directory         /local/S/jenkins/workspace/ECP/ecg-maya-usd/ecg-mayausd-branch-preflight-2020-pxrusd-mid1-osx/install/RelWithDebInfo/MayaUSD
[2023-04-06T14:28:59.243Z]           Variant                   RelWithDebInfo
[2023-04-06T14:28:59.243Z]           Python Debug              Off
[2023-04-06T14:28:59.243Z]           CMake generator           Ninja
[2023-04-06T14:28:59.243Z]           Build arguments           ['-DCMAKE_MAKE_PROGRAM=/local/S/jenkins/workspace/shared/Artifactory/OSX/ninja/1.9.0/41005eb/ninja', '-DPYTHON_INCLUDE_DIR=/local/S/jenkins/workspace/shared/Artifactory/OSX/rundev-2020/202107140359/runtime/446214e/runTime/Maya.app/Contents/Frameworks/Python.framework/Versions/Current/include/python2.7', '-DPython_EXECUTABLE=/local/S/jenkins/workspace/shared/Artifactory/OSX/rundev-2020/202107140359/runtime/446214e/runTime/Maya.app/Contents/bin/mayapy', '-DPYTHON_LIBRARIES=/local/S/jenkins/workspace/shared/Artifactory/OSX/rundev-2020/202107140359/runtime/446214e/runTime/Maya.app/Contents/Frameworks/Python.framework/Versions/Current/lib/libpython2.7.dylib', '-DUSD_LIB_PREFIX=lib', '-DBUILD_HDMAYA=OFF']
[2023-04-06T14:28:59.243Z]           Stages arguments          ['build']
[2023-04-06T14:28:59.243Z]           CTest arguments           ['-E testUsdReferenceAssemblySelection|testUsdMayaAppDir', '-LE interactive', '--parallel 4']
[2023-04-06T14:28:59.243Z]     Success MayaUSD build and install !!!!
[2023-04-06T14:28:59.243Z]     Elapsed time: 00:10:43
[Pipeline] }
[Pipeline] // withEnv
[Pipeline] }
[Pipeline] // timeout
[Pipeline] }
[Pipeline] // stage
[Pipeline] }
[Pipeline] // timestamps
[Pipeline] timestamps
[Pipeline] {
[Pipeline] stage
[Pipeline] { (Install)
[Pipeline] timeout
[2023-04-06T14:28:59.869Z] Timeout set to expire in 6 hr 0 min
[Pipeline] {
[Pipeline] withEnv
[Pipeline] {
[Pipeline] sh
[2023-04-06T14:29:01.082Z] + python ecg-maya-usd/build.py --stages=install --workspace-dir=/local/S/jenkins/workspace/ECP/ecg-maya-usd/ecg-mayausd-branch-preflight-2020-pxrusd-mid1-osx --artifactory-dir=/local/S/jenkins/workspace/shared/Artifactory --build-dir=/local/S/jenkins/workspace/ECP/ecg-maya-usd/ecg-mayausd-branch-preflight-2020-pxrusd-mid1-osx/build --install-dir=/local/S/jenkins/workspace/ECP/ecg-maya-usd/ecg-mayausd-branch-preflight-2020-pxrusd-mid1-osx/install --signing-dir=/local/S/jenkins/workspace/ECP/ecg-maya-usd/ecg-mayausd-branch-preflight-2020-pxrusd-mid1-osx/signing --package-dir=/local/S/jenkins/workspace/ECP/ecg-maya-usd/ecg-mayausd-branch-preflight-2020-pxrusd-mid1-osx/package --output-dir=/local/S/jenkins/workspace/ECP/ecg-maya-usd/ecg-mayausd-branch-preflight-2020-pxrusd-mid1-osx/output --stash-dir=/local/S/jenkins/workspace/ECP/ecg-maya-usd/ecg-mayausd-branch-preflight-2020-pxrusd-mid1-osx/stash --jenkins-build=830 --git-commit=a8fa22c6f13696b4ec78dd9d6c429e0c7430f14d --git-branch=master --variants=RelWithDebInfo --python=2.7 --pxrusd-version=mid1 --post-zips=false --maya-cut-config=maya-rundev-2020.yaml --maya-package=rundev-2020 --stage-banner
[2023-04-06T14:29:01.621Z] No catalog entry registered for tbb-4.4u5-ub2.
[2023-04-06T14:29:01.621Z] Using Maya cut from /local/S/jenkins/workspace/shared/Artifactory/OSX/rundev-2020/202107140359/runtime/446214e
[2023-04-06T14:29:01.722Z] 
[2023-04-06T14:29:01.722Z] ================================================================================
[2023-04-06T14:29:01.722Z]                             install (RelWithDebInfo)
[2023-04-06T14:29:01.722Z] ================================================================================
[2023-04-06T14:29:01.722Z] Maya Python RelWithDebInfo Info:
[2023-04-06T14:29:01.722Z]   mayapy executable   = /local/S/jenkins/workspace/shared/Artifactory/OSX/rundev-2020/202107140359/runtime/446214e/runTime/Maya.app/Contents/bin/mayapy
[2023-04-06T14:29:01.722Z]   Include Folder      = /local/S/jenkins/workspace/shared/Artifactory/OSX/rundev-2020/202107140359/runtime/446214e/runTime/Maya.app/Contents/Frameworks/Python.framework/Versions/Current/include/python2.7
[2023-04-06T14:29:01.722Z]   Library             = /local/S/jenkins/workspace/shared/Artifactory/OSX/rundev-2020/202107140359/runtime/446214e/runTime/Maya.app/Contents/Frameworks/Python.framework/Versions/Current/lib/libpython2.7.dylib
[2023-04-06T14:29:01.722Z]   site-package Folder = /local/S/jenkins/workspace/shared/Artifactory/OSX/rundev-2020/202107140359/runtime/446214e/runTime/Maya.app/Contents/Frameworks/Python.framework/Versions/Current/lib/python2.7/site-packages
[2023-04-06T14:29:02.370Z] In workdir: /local/S/jenkins/workspace/ECP/ecg-maya-usd/ecg-mayausd-branch-preflight-2020-pxrusd-mid1-osx/ecg-maya-usd/maya-usd
[2023-04-06T14:29:02.370Z] Executing: /local/S/jenkins/workspace/shared/Artifactory/OSX/rundev-2020/202107140359/runtime/446214e/runTime/Maya.app/Contents/bin/mayapy /local/S/jenkins/workspace/ECP/ecg-maya-usd/ecg-mayausd-branch-preflight-2020-pxrusd-mid1-osx/ecg-maya-usd/maya-usd/build.py --generator Ninja --build-relwithdebug --maya-location /local/S/jenkins/workspace/shared/Artifactory/OSX/rundev-2020/202107140359/runtime/446214e/runTime --devkit-location /local/S/jenkins/workspace/shared/Artifactory/OSX/rundev-2020/202107140359/runtime/446214e/devkitBase --pxrusd-location /local/S/jenkins/workspace/shared/Artifactory/OSX/USD/cae4017 --qt-location /local/S/jenkins/workspace/shared/Artifactory/OSX/qt/5.12.5/3ca78fe --materialx --build-args=-DCMAKE_MAKE_PROGRAM=/local/S/jenkins/workspace/shared/Artifactory/OSX/ninja/1.9.0/41005eb/ninja,-DPYTHON_INCLUDE_DIR=/local/S/jenkins/workspace/shared/Artifactory/OSX/rundev-2020/202107140359/runtime/446214e/runTime/Maya.app/Contents/Frameworks/Python.framework/Versions/Current/include/python2.7,-DPython_EXECUTABLE=/local/S/jenkins/workspace/shared/Artifactory/OSX/rundev-2020/202107140359/runtime/446214e/runTime/Maya.app/Contents/bin/mayapy,-DPYTHON_LIBRARIES=/local/S/jenkins/workspace/shared/Artifactory/OSX/rundev-2020/202107140359/runtime/446214e/runTime/Maya.app/Contents/Frameworks/Python.framework/Versions/Current/lib/libpython2.7.dylib,-DUSD_LIB_PREFIX=lib,-DBUILD_HDMAYA=OFF '--ctest-args=-E testUsdReferenceAssemblySelection|testUsdMayaAppDir,-LE interactive,--parallel 4' --stages=install --redirect-outstream-file=False --install-location /local/S/jenkins/workspace/ECP/ecg-maya-usd/ecg-mayausd-branch-preflight-2020-pxrusd-mid1-osx/install/RelWithDebInfo/MayaUSD /local/S/jenkins/workspace/ECP/ecg-maya-usd/ecg-mayausd-branch-preflight-2020-pxrusd-mid1-osx
[2023-04-06T14:29:02.370Z] Modified environment variables:
[2023-04-06T14:29:02.370Z]     PATH=/local/S/jenkins/workspace/shared/Artifactory/OSX/cmake/3.20.3/2594509/bin:/usr/local/bin:/bin:/usr/sbin:/sbin:/usr/bin
[2023-04-06T14:29:02.590Z]     [1/8] Automatic MOC and UIC for target mayaUsdUI
[2023-04-06T14:29:02.590Z]     [2/5] Automatic MOC and UIC for target testMayaUsdUI
[2023-04-06T14:29:02.590Z]     [2/3] Install the project...
[2023-04-06T14:29:02.590Z]     -- Install configuration: "RelWithDebInfo"
[2023-04-06T14:29:04.843Z]     
[2023-04-06T14:29:04.843Z]         Building with settings:
[2023-04-06T14:29:04.843Z]           Source directory          /local/S/jenkins/workspace/ECP/ecg-maya-usd/ecg-mayausd-branch-preflight-2020-pxrusd-mid1-osx/ecg-maya-usd/maya-usd
[2023-04-06T14:29:04.843Z]           Workspace directory       /local/S/jenkins/workspace/ECP/ecg-maya-usd/ecg-mayausd-branch-preflight-2020-pxrusd-mid1-osx
[2023-04-06T14:29:04.843Z]           Build directory           /local/S/jenkins/workspace/ECP/ecg-maya-usd/ecg-mayausd-branch-preflight-2020-pxrusd-mid1-osx/build/RelWithDebInfo
[2023-04-06T14:29:04.843Z]           Install directory         /local/S/jenkins/workspace/ECP/ecg-maya-usd/ecg-mayausd-branch-preflight-2020-pxrusd-mid1-osx/install/RelWithDebInfo/MayaUSD
[2023-04-06T14:29:04.843Z]           Variant                   RelWithDebInfo
[2023-04-06T14:29:04.843Z]           Python Debug              Off
[2023-04-06T14:29:04.843Z]           CMake generator           Ninja
[2023-04-06T14:29:04.843Z]           Build arguments           ['-DCMAKE_MAKE_PROGRAM=/local/S/jenkins/workspace/shared/Artifactory/OSX/ninja/1.9.0/41005eb/ninja', '-DPYTHON_INCLUDE_DIR=/local/S/jenkins/workspace/shared/Artifactory/OSX/rundev-2020/202107140359/runtime/446214e/runTime/Maya.app/Contents/Frameworks/Python.framework/Versions/Current/include/python2.7', '-DPython_EXECUTABLE=/local/S/jenkins/workspace/shared/Artifactory/OSX/rundev-2020/202107140359/runtime/446214e/runTime/Maya.app/Contents/bin/mayapy', '-DPYTHON_LIBRARIES=/local/S/jenkins/workspace/shared/Artifactory/OSX/rundev-2020/202107140359/runtime/446214e/runTime/Maya.app/Contents/Frameworks/Python.framework/Versions/Current/lib/libpython2.7.dylib', '-DUSD_LIB_PREFIX=lib', '-DBUILD_HDMAYA=OFF']
[2023-04-06T14:29:04.843Z]           Stages arguments          ['install']
[2023-04-06T14:29:04.843Z]           CTest arguments           ['-E testUsdReferenceAssemblySelection|testUsdMayaAppDir', '-LE interactive', '--parallel 4']
[2023-04-06T14:29:04.843Z]     Success MayaUSD build and install !!!!
[2023-04-06T14:29:04.843Z]     Elapsed time: 00:00:02
[Pipeline] }
[Pipeline] // withEnv
[Pipeline] }
[Pipeline] // timeout
[Pipeline] }
[Pipeline] // stage
[Pipeline] }
[Pipeline] // timestamps
[Pipeline] timestamps
[Pipeline] {
[Pipeline] stage
[Pipeline] { (Test)
[Pipeline] timeout
[2023-04-06T14:29:05.369Z] Timeout set to expire in 6 hr 0 min
[Pipeline] {
[Pipeline] withEnv
[Pipeline] {
[Pipeline] sh
[2023-04-06T14:29:06.487Z] + python ecg-maya-usd/build.py --stages=test --workspace-dir=/local/S/jenkins/workspace/ECP/ecg-maya-usd/ecg-mayausd-branch-preflight-2020-pxrusd-mid1-osx --artifactory-dir=/local/S/jenkins/workspace/shared/Artifactory --build-dir=/local/S/jenkins/workspace/ECP/ecg-maya-usd/ecg-mayausd-branch-preflight-2020-pxrusd-mid1-osx/build --install-dir=/local/S/jenkins/workspace/ECP/ecg-maya-usd/ecg-mayausd-branch-preflight-2020-pxrusd-mid1-osx/install --signing-dir=/local/S/jenkins/workspace/ECP/ecg-maya-usd/ecg-mayausd-branch-preflight-2020-pxrusd-mid1-osx/signing --package-dir=/local/S/jenkins/workspace/ECP/ecg-maya-usd/ecg-mayausd-branch-preflight-2020-pxrusd-mid1-osx/package --output-dir=/local/S/jenkins/workspace/ECP/ecg-maya-usd/ecg-mayausd-branch-preflight-2020-pxrusd-mid1-osx/output --stash-dir=/local/S/jenkins/workspace/ECP/ecg-maya-usd/ecg-mayausd-branch-preflight-2020-pxrusd-mid1-osx/stash --jenkins-build=830 --git-commit=a8fa22c6f13696b4ec78dd9d6c429e0c7430f14d --git-branch=master --variants=RelWithDebInfo --python=2.7 --pxrusd-version=mid1 --post-zips=false --test-jobs=0 --failed-test-retry=3 --maya-cut-config=maya-rundev-2020.yaml --maya-package=rundev-2020 --stage-banner --progressive-timeout
[2023-04-06T14:29:07.023Z] No catalog entry registered for tbb-4.4u5-ub2.
[2023-04-06T14:29:07.125Z] Using Maya cut from /local/S/jenkins/workspace/shared/Artifactory/OSX/rundev-2020/202107140359/runtime/446214e
[2023-04-06T14:29:07.125Z] 
[2023-04-06T14:29:07.125Z] ================================================================================
[2023-04-06T14:29:07.125Z]                              test (RelWithDebInfo)
[2023-04-06T14:29:07.125Z] ================================================================================
[2023-04-06T14:29:07.125Z] Maya Python RelWithDebInfo Info:
[2023-04-06T14:29:07.125Z]   mayapy executable   = /local/S/jenkins/workspace/shared/Artifactory/OSX/rundev-2020/202107140359/runtime/446214e/runTime/Maya.app/Contents/bin/mayapy
[2023-04-06T14:29:07.125Z]   Include Folder      = /local/S/jenkins/workspace/shared/Artifactory/OSX/rundev-2020/202107140359/runtime/446214e/runTime/Maya.app/Contents/Frameworks/Python.framework/Versions/Current/include/python2.7
[2023-04-06T14:29:07.125Z]   Library             = /local/S/jenkins/workspace/shared/Artifactory/OSX/rundev-2020/202107140359/runtime/446214e/runTime/Maya.app/Contents/Frameworks/Python.framework/Versions/Current/lib/libpython2.7.dylib
[2023-04-06T14:29:07.125Z]   site-package Folder = /local/S/jenkins/workspace/shared/Artifactory/OSX/rundev-2020/202107140359/runtime/446214e/runTime/Maya.app/Contents/Frameworks/Python.framework/Versions/Current/lib/python2.7/site-packages
[2023-04-06T14:29:07.772Z] In workdir: /local/S/jenkins/workspace/ECP/ecg-maya-usd/ecg-mayausd-branch-preflight-2020-pxrusd-mid1-osx/ecg-maya-usd/maya-usd
[2023-04-06T14:29:07.772Z] Executing: /local/S/jenkins/workspace/shared/Artifactory/OSX/rundev-2020/202107140359/runtime/446214e/runTime/Maya.app/Contents/bin/mayapy /local/S/jenkins/workspace/ECP/ecg-maya-usd/ecg-mayausd-branch-preflight-2020-pxrusd-mid1-osx/ecg-maya-usd/maya-usd/build.py --generator Ninja --build-relwithdebug --maya-location /local/S/jenkins/workspace/shared/Artifactory/OSX/rundev-2020/202107140359/runtime/446214e/runTime --devkit-location /local/S/jenkins/workspace/shared/Artifactory/OSX/rundev-2020/202107140359/runtime/446214e/devkitBase --pxrusd-location /local/S/jenkins/workspace/shared/Artifactory/OSX/USD/cae4017 --qt-location /local/S/jenkins/workspace/shared/Artifactory/OSX/qt/5.12.5/3ca78fe --materialx --build-args=-DCMAKE_MAKE_PROGRAM=/local/S/jenkins/workspace/shared/Artifactory/OSX/ninja/1.9.0/41005eb/ninja,-DPYTHON_INCLUDE_DIR=/local/S/jenkins/workspace/shared/Artifactory/OSX/rundev-2020/202107140359/runtime/446214e/runTime/Maya.app/Contents/Frameworks/Python.framework/Versions/Current/include/python2.7,-DPython_EXECUTABLE=/local/S/jenkins/workspace/shared/Artifactory/OSX/rundev-2020/202107140359/runtime/446214e/runTime/Maya.app/Contents/bin/mayapy,-DPYTHON_LIBRARIES=/local/S/jenkins/workspace/shared/Artifactory/OSX/rundev-2020/202107140359/runtime/446214e/runTime/Maya.app/Contents/Frameworks/Python.framework/Versions/Current/lib/libpython2.7.dylib,-DUSD_LIB_PREFIX=lib,-DBUILD_HDMAYA=OFF '--ctest-args=-E testUsdReferenceAssemblySelection|testUsdMayaAppDir,-LE interactive,--parallel 4' --stages=test --redirect-outstream-file=False --install-location /local/S/jenkins/workspace/ECP/ecg-maya-usd/ecg-mayausd-branch-preflight-2020-pxrusd-mid1-osx/install/RelWithDebInfo/MayaUSD /local/S/jenkins/workspace/ECP/ecg-maya-usd/ecg-mayausd-branch-preflight-2020-pxrusd-mid1-osx
[2023-04-06T14:29:07.772Z] Modified environment variables:
[2023-04-06T14:29:07.772Z]     PATH=/local/S/jenkins/workspace/shared/Artifactory/OSX/cmake/3.20.3/2594509/bin:/usr/local/bin:/bin:/usr/sbin:/sbin:/usr/bin
[2023-04-06T14:29:07.883Z]     Test project /local/S/jenkins/workspace/ECP/ecg-maya-usd/ecg-mayausd-branch-preflight-2020-pxrusd-mid1-osx/build/RelWithDebInfo
[2023-04-06T14:29:07.988Z]             Start   1: testMayaUsdConverter
[2023-04-06T14:29:07.988Z]             Start   2: testMayaUsdCreateStageCommands
[2023-04-06T14:29:07.988Z]             Start   3: testMayaUsdPythonImport
[2023-04-06T14:29:07.988Z]             Start   4: testMayaUsdLayerEditorCommands
[2023-04-06T14:29:12.354Z]       1/160 Test   #3: testMayaUsdPythonImport .........................   Passed    4.38 sec
[2023-04-06T14:29:12.354Z]             Start   5: testMayaUsdCacheId
[2023-04-06T14:29:12.663Z]       2/160 Test   #1: testMayaUsdConverter ............................   Passed    4.75 sec
[2023-04-06T14:29:12.663Z]             Start   7: _Interactive_Maya
[2023-04-06T14:29:12.663Z]       3/160 Test   #7: _Interactive_Maya ...............................***Not Run (Disabled)   0.00 sec
[2023-04-06T14:29:12.663Z]             Start   8: testMayaUsdPlugVersionCheck
[2023-04-06T14:29:13.181Z]       4/160 Test   #4: testMayaUsdLayerEditorCommands ..................   Passed    5.19 sec
[2023-04-06T14:29:13.181Z]             Start   9: testMatrices
[2023-04-06T14:29:13.286Z]       5/160 Test   #2: testMayaUsdCreateStageCommands ..................   Passed    5.31 sec
[2023-04-06T14:29:13.286Z]             Start  10: testMayaPickwalk
[2023-04-06T14:29:16.638Z]       6/160 Test   #5: testMayaUsdCacheId ..............................   Passed    4.34 sec
[2023-04-06T14:29:16.638Z]             Start  11: testPythonWrappers
[2023-04-06T14:29:17.058Z]       7/160 Test   #8: testMayaUsdPlugVersionCheck .....................   Passed    4.36 sec
[2023-04-06T14:29:17.058Z]             Start  12: testSelection
[2023-04-06T14:29:17.979Z]       8/160 Test   #9: testMatrices ....................................   Passed    4.88 sec
[2023-04-06T14:29:17.979Z]             Start  13: testSelectionByArray
[2023-04-06T14:29:18.081Z]       9/160 Test  #10: testMayaPickwalk ................................   Passed    4.87 sec
[2023-04-06T14:29:18.081Z]             Start  14: testUfePythonImport
[2023-04-06T14:29:21.298Z]      10/160 Test  #11: testPythonWrappers ..............................   Passed    4.59 sec
[2023-04-06T14:29:21.298Z]             Start  15: testAttributeBlock
[2023-04-06T14:29:21.718Z]      11/160 Test  #12: testSelection ...................................   Passed    4.63 sec
[2023-04-06T14:29:21.718Z]             Start  16: testBlockedLayerEdit
[2023-04-06T14:29:22.245Z]      12/160 Test  #14: testUfePythonImport .............................   Passed    4.15 sec
[2023-04-06T14:29:22.245Z]             Start  17: testLegacyDeleteCmd
[2023-04-06T14:29:22.666Z]      13/160 Test  #13: testSelectionByArray ............................   Passed    4.61 sec
[2023-04-06T14:29:22.666Z]             Start  18: testPrimReader
[2023-04-06T14:29:26.192Z]      14/160 Test  #15: testAttributeBlock ..............................   Passed    4.97 sec
[2023-04-06T14:29:26.192Z]             Start  19: testPrimWriter
[2023-04-06T14:29:26.613Z]      15/160 Test  #16: testBlockedLayerEdit ............................   Passed    4.92 sec
[2023-04-06T14:29:26.613Z]             Start  20: testExportChaser
[2023-04-06T14:29:27.243Z]      16/160 Test  #17: testLegacyDeleteCmd .............................   Passed    4.95 sec
[2023-04-06T14:29:27.243Z]             Start  21: testImportChaser
[2023-04-06T14:29:27.243Z]      17/160 Test  #18: testPrimReader ..................................   Passed    4.60 sec
[2023-04-06T14:29:27.243Z]             Start  22: testImportWithNamespace
[2023-04-06T14:29:31.107Z]      18/160 Test  #19: testPrimWriter ..................................   Passed    4.83 sec
[2023-04-06T14:29:31.107Z]             Start  23: testJobContextRegistry
[2023-04-06T14:29:31.523Z]      19/160 Test  #20: testExportChaser ................................   Passed    4.87 sec
[2023-04-06T14:29:31.523Z]             Start  24: testDisplayLayerSaveRestore
[2023-04-06T14:29:31.943Z]      20/160 Test  #21: testImportChaser ................................   Passed    4.75 sec
[2023-04-06T14:29:31.943Z]             Start  25: testSchemaApiAdaptor
[2023-04-06T14:29:32.986Z]      21/160 Test  #22: testImportWithNamespace .........................   Passed    5.70 sec
[2023-04-06T14:29:32.986Z]             Start  26: testReadWriteUtils
[2023-04-06T14:29:35.807Z]      22/160 Test  #23: testJobContextRegistry ..........................   Passed    4.74 sec
[2023-04-06T14:29:35.807Z]             Start  27: testXformStack
[2023-04-06T14:29:36.212Z]      23/160 Test  #24: testDisplayLayerSaveRestore .....................   Passed    4.79 sec
[2023-04-06T14:29:36.212Z]             Start  28: testGeomNode
[2023-04-06T14:29:36.833Z]      24/160 Test  #25: testSchemaApiAdaptor ............................   Passed    4.87 sec
[2023-04-06T14:29:36.833Z]             Start  29: testLayerManagerSerialization
[2023-04-06T14:29:37.654Z]      25/160 Test  #26: testReadWriteUtils ..............................   Passed    4.76 sec
[2023-04-06T14:29:37.654Z]             Start  30: testPointBasedDeformerNode
[2023-04-06T14:29:40.578Z]      26/160 Test  #27: testXformStack ..................................   Passed    4.75 sec
[2023-04-06T14:29:40.578Z]             Start  31: testProxyShapeBase
[2023-04-06T14:29:41.090Z]      27/160 Test  #28: testGeomNode ....................................   Passed    4.83 sec
[2023-04-06T14:29:41.090Z]             Start  32: testHdImagingShape
[2023-04-06T14:29:41.728Z]      28/160 Test  #29: testLayerManagerSerialization ...................   Passed    4.86 sec
[2023-04-06T14:29:41.728Z]             Start  51: testUsdUndoManager
[2023-04-06T14:29:42.341Z]      29/160 Test  #30: testPointBasedDeformerNode ......................   Passed    4.62 sec
[2023-04-06T14:29:42.341Z]             Start  52: testBlockSceneModificationContext
[2023-04-06T14:29:45.671Z]      30/160 Test  #31: testProxyShapeBase ..............................   Passed    5.16 sec
[2023-04-06T14:29:45.671Z]             Start  53: testDiagnosticDelegate
[2023-04-06T14:29:46.093Z]      31/160 Test  #32: testHdImagingShape ..............................   Passed    5.00 sec
[2023-04-06T14:29:46.093Z]             Start  54: testPxrUsdPreviewSurfaceDraw
[2023-04-06T14:29:46.306Z]      32/160 Test  #51: testUsdUndoManager ..............................   Passed    4.59 sec
[2023-04-06T14:29:46.306Z]             Start  55: testPxrUsdPreviewSurfaceExport
[2023-04-06T14:29:47.122Z]      33/160 Test  #52: testBlockSceneModificationContext ...............   Passed    4.77 sec
[2023-04-06T14:29:47.122Z]             Start  56: testMayaUsdSchemasPythonImport
[2023-04-06T14:29:48.795Z]      34/160 Test  #54: testPxrUsdPreviewSurfaceDraw ....................   Passed    2.73 sec
[2023-04-06T14:29:48.795Z]             Start  57: testMayaUsdSchemasMayaReference
[2023-04-06T14:29:50.342Z]      35/160 Test  #56: testMayaUsdSchemasPythonImport ..................   Passed    3.30 sec
[2023-04-06T14:29:50.342Z]             Start  58: testDiffCore
[2023-04-06T14:29:50.446Z]      36/160 Test  #58: testDiffCore ....................................   Passed    0.03 sec
[2023-04-06T14:29:50.446Z]             Start  59: testDiffValues
[2023-04-06T14:29:50.446Z]      37/160 Test  #59: testDiffValues ..................................   Passed    0.03 sec
[2023-04-06T14:29:50.446Z]             Start  60: testDiffAttributes
[2023-04-06T14:29:50.446Z]      38/160 Test  #53: testDiagnosticDelegate ..........................   Passed    4.77 sec
[2023-04-06T14:29:50.446Z]             Start  61: testDiffRelationships
[2023-04-06T14:29:50.552Z]      39/160 Test  #60: testDiffAttributes ..............................   Passed    0.06 sec
[2023-04-06T14:29:50.552Z]             Start  62: testDiffDictionaries
[2023-04-06T14:29:50.552Z]      40/160 Test  #62: testDiffDictionaries ............................   Passed    0.03 sec
[2023-04-06T14:29:50.552Z]             Start  63: testDiffLists
[2023-04-06T14:29:50.552Z]      41/160 Test  #61: testDiffRelationships ...........................   Passed    0.06 sec
[2023-04-06T14:29:50.552Z]             Start  64: testDiffComputeOverall
[2023-04-06T14:29:50.552Z]      42/160 Test  #63: testDiffLists ...................................   Passed    0.03 sec
[2023-04-06T14:29:50.552Z]             Start  65: testDiffPrims
[2023-04-06T14:29:50.552Z]      43/160 Test  #64: testDiffComputeOverall ..........................   Passed    0.03 sec
[2023-04-06T14:29:50.552Z]             Start  66: testMergePrims
[2023-04-06T14:29:50.657Z]      44/160 Test  #65: testDiffPrims ...................................   Passed    0.06 sec
[2023-04-06T14:29:50.657Z]             Start  67: testDiffMetadatas
[2023-04-06T14:29:50.657Z]      45/160 Test  #66: testMergePrims ..................................   Passed    0.06 sec
[2023-04-06T14:29:50.657Z]             Start  68: testUsdExportAnimation
[2023-04-06T14:29:50.657Z]      46/160 Test  #67: testDiffMetadatas ...............................   Passed    0.06 sec
[2023-04-06T14:29:50.657Z]             Start  69: testUsdExportAsClip
[2023-04-06T14:29:51.387Z]      47/160 Test  #55: testPxrUsdPreviewSurfaceExport ..................   Passed    5.09 sec
[2023-04-06T14:29:51.387Z]             Start  70: testUsdExportBindTransform
[2023-04-06T14:29:52.315Z]      48/160 Test  #57: testMayaUsdSchemasMayaReference .................   Passed    3.44 sec
[2023-04-06T14:29:52.315Z]             Start  71: testUsdExportBlendshapes
[2023-04-06T14:29:55.333Z]      49/160 Test  #68: testUsdExportAnimation ..........................   Passed    4.65 sec
[2023-04-06T14:29:55.333Z]             Start  72: testUsdExportCamera
[2023-04-06T14:29:55.851Z]      50/160 Test  #69: testUsdExportAsClip .............................   Passed    5.12 sec
[2023-04-06T14:29:55.851Z]             Start  73: testUsdExportColorSets
[2023-04-06T14:29:56.271Z]      51/160 Test  #70: testUsdExportBindTransform ......................   Passed    4.91 sec
[2023-04-06T14:29:56.271Z]             Start  74: testUsdExportConnected
[2023-04-06T14:29:57.216Z]      52/160 Test  #71: testUsdExportBlendshapes ........................   Passed    4.92 sec
[2023-04-06T14:29:57.216Z]             Start  75: testUsdExportDisplayColor
[2023-04-06T14:30:00.365Z]      53/160 Test  #72: testUsdExportCamera .............................   Passed    5.05 sec
[2023-04-06T14:30:00.366Z]             Start  76: testUsdExportEulerFilter
[2023-04-06T14:30:00.992Z]      54/160 Test  #73: testUsdExportColorSets ..........................   Passed    5.13 sec
[2023-04-06T14:30:00.992Z]             Start  77: testUsdExportFileFormat
[2023-04-06T14:30:01.206Z]      55/160 Test  #74: testUsdExportConnected ..........................   Passed    4.91 sec
[2023-04-06T14:30:01.206Z]             Start  78: testUsdExportFilterTypes
[2023-04-06T14:30:02.262Z]      56/160 Test  #75: testUsdExportDisplayColor .......................   Passed    5.06 sec
[2023-04-06T14:30:02.262Z]             Start  79: testUsdExportFrameOffset
[2023-04-06T14:30:05.279Z]      57/160 Test  #76: testUsdExportEulerFilter ........................   Passed    4.94 sec
[2023-04-06T14:30:05.279Z]             Start  80: testUsdExportGeomSubset
[2023-04-06T14:30:05.585Z]      58/160 Test  #77: testUsdExportFileFormat .........................   Passed    4.61 sec
[2023-04-06T14:30:05.585Z]             Start  81: testUsdExportInstances
[2023-04-06T14:30:06.413Z]      59/160 Test  #78: testUsdExportFilterTypes ........................   Passed    5.17 sec
[2023-04-06T14:30:06.413Z]             Start  82: testUsdExportLayerAttributes
[2023-04-06T14:30:07.240Z]      60/160 Test  #79: testUsdExportFrameOffset ........................   Passed    4.98 sec
[2023-04-06T14:30:07.240Z]             Start  83: testUsdExportLight
[2023-04-06T14:30:10.383Z]      61/160 Test  #80: testUsdExportGeomSubset .........................   Passed    5.12 sec
[2023-04-06T14:30:10.383Z]             Start  84: testUsdExportLocator
[2023-04-06T14:30:10.593Z]      62/160 Test  #81: testUsdExportInstances ..........................   Passed    5.00 sec
[2023-04-06T14:30:10.593Z]             Start  85: testUsdExportMayaInstancer
[2023-04-06T14:30:10.900Z]      63/160 Test  #82: testUsdExportLayerAttributes ....................   Passed    4.55 sec
[2023-04-06T14:30:10.900Z]             Start  86: testUsdExportMesh
[2023-04-06T14:30:11.736Z]      64/160 Test  #83: testUsdExportLight ..............................   Passed    4.55 sec
[2023-04-06T14:30:11.736Z]             Start  87: testUsdExportNurbsCurve
[2023-04-06T14:30:15.289Z]      65/160 Test  #84: testUsdExportLocator ............................   Passed    4.89 sec
[2023-04-06T14:30:15.289Z]             Start  88: testUsdExportOpenLayer
[2023-04-06T14:30:15.715Z]      66/160 Test  #85: testUsdExportMayaInstancer ......................   Passed    5.18 sec
[2023-04-06T14:30:15.715Z]             Start  89: testUsdExportOverImport
[2023-04-06T14:30:15.927Z]      67/160 Test  #86: testUsdExportMesh ...............................   Passed    5.00 sec
[2023-04-06T14:30:15.927Z]             Start  90: testUsdExportUsdPreviewSurface
[2023-04-06T14:30:16.760Z]      68/160 Test  #87: testUsdExportNurbsCurve .........................   Passed    4.99 sec
[2023-04-06T14:30:16.760Z]             Start  91: testUsdExportParentScope
[2023-04-06T14:30:19.980Z]      69/160 Test  #88: testUsdExportOpenLayer ..........................   Passed    4.66 sec
[2023-04-06T14:30:19.980Z]             Start  92: testUsdExportParticles
[2023-04-06T14:30:20.404Z]      70/160 Test  #89: testUsdExportOverImport .........................   Passed    4.61 sec
[2023-04-06T14:30:20.404Z]             Start  93: testUsdExportPref
[2023-04-06T14:30:20.613Z]      71/160 Test  #90: testUsdExportUsdPreviewSurface ..................   Passed    4.71 sec
[2023-04-06T14:30:20.613Z]             Start  94: testUsdExportRenderLayerMode
[2023-04-06T14:30:21.653Z]      72/160 Test  #91: testUsdExportParentScope ........................   Passed    4.86 sec
[2023-04-06T14:30:21.653Z]             Start  95: testUsdExportRoots
[2023-04-06T14:30:23.858Z]      73/160 Test  #94: testUsdExportRenderLayerMode ....................   Passed    3.25 sec
[2023-04-06T14:30:23.858Z]             Start  96: testUsdExportRootsAndParentScope
[2023-04-06T14:30:24.902Z]      74/160 Test  #92: testUsdExportParticles ..........................   Passed    4.95 sec
[2023-04-06T14:30:24.902Z]             Start  97: testUsdExportSelection
[2023-04-06T14:30:25.212Z]      75/160 Test  #93: testUsdExportPref ...............................   Passed    4.82 sec
[2023-04-06T14:30:25.212Z]             Start  98: testUsdExportSelectionHierarchy
[2023-04-06T14:30:27.196Z]      76/160 Test  #95: testUsdExportRoots ..............................   Passed    5.53 sec
[2023-04-06T14:30:27.196Z]             Start  99: testUsdExportSkeleton
[2023-04-06T14:30:28.769Z]      77/160 Test  #96: testUsdExportRootsAndParentScope ................   Passed    4.89 sec
[2023-04-06T14:30:28.769Z]             Start 100: testUsdExportStripNamespaces
[2023-04-06T14:30:29.815Z]      78/160 Test  #97: testUsdExportSelection ..........................   Passed    4.94 sec
[2023-04-06T14:30:29.815Z]             Start 101: testUsdExportStroke
[2023-04-06T14:30:30.228Z]      79/160 Test  #98: testUsdExportSelectionHierarchy .................   Passed    5.06 sec
[2023-04-06T14:30:30.228Z]             Start 102: testUsdExportUserTaggedAttributes
[2023-04-06T14:30:32.636Z]      80/160 Test  #99: testUsdExportSkeleton ...........................   Passed    5.44 sec
[2023-04-06T14:30:32.636Z]             Start 103: testUsdExportVisibilityDefault
[2023-04-06T14:30:33.582Z]      81/160 Test #100: testUsdExportStripNamespaces ....................   Passed    4.83 sec
[2023-04-06T14:30:33.582Z]             Start 104: testUsdImportAnonymousLayer
[2023-04-06T14:30:34.835Z]      82/160 Test #101: testUsdExportStroke .............................   Passed    5.00 sec
[2023-04-06T14:30:34.835Z]             Start 105: testUsdImportCamera
[2023-04-06T14:30:35.144Z]      83/160 Test #102: testUsdExportUserTaggedAttributes ...............   Passed    4.93 sec
[2023-04-06T14:30:35.144Z]             Start 106: testUsdImportBasisCurves
[2023-04-06T14:30:37.554Z]      84/160 Test #103: testUsdExportVisibilityDefault ..................   Passed    4.89 sec
[2023-04-06T14:30:37.554Z]             Start 107: testUsdImportBatchNurbsCurves
[2023-04-06T14:30:38.174Z]      85/160 Test #104: testUsdImportAnonymousLayer .....................   Passed    4.59 sec
[2023-04-06T14:30:38.174Z]             Start 108: testUsdImportLinearCurves
[2023-04-06T14:30:39.337Z]      86/160 Test #105: testUsdImportCamera .............................   Passed    4.54 sec
[2023-04-06T14:30:39.337Z]             Start 109: testUsdImportHighDegreeNurbsCurves
[2023-04-06T14:30:40.695Z]      87/160 Test #106: testUsdImportBasisCurves ........................   Passed    5.59 sec
[2023-04-06T14:30:40.695Z]             Start 110: testUsdImportNurbsCurves
[2023-04-06T14:30:43.102Z]      88/160 Test #107: testUsdImportBatchNurbsCurves ...................   Passed    5.56 sec
[2023-04-06T14:30:43.102Z]             Start 111: testUsdImportBatchBezierCurves
[2023-04-06T14:30:43.738Z]      89/160 Test #108: testUsdImportLinearCurves .......................   Passed    5.52 sec
[2023-04-06T14:30:43.738Z]             Start 112: testUsdImportColorSets
[2023-04-06T14:30:44.884Z]      90/160 Test #109: testUsdImportHighDegreeNurbsCurves ..............   Passed    5.53 sec
[2023-04-06T14:30:44.884Z]             Start 113: testUsdImportDisplacement
[2023-04-06T14:30:46.351Z]      91/160 Test #110: testUsdImportNurbsCurves ........................   Passed    5.56 sec
[2023-04-06T14:30:46.351Z]             Start 114: testUsdImportExportScope
[2023-04-06T14:30:48.331Z]      92/160 Test #112: testUsdImportColorSets ..........................   Passed    4.59 sec
[2023-04-06T14:30:48.331Z]             Start 115: testUsdImportExportTypelessDefs
[2023-04-06T14:30:48.642Z]      93/160 Test #111: testUsdImportBatchBezierCurves ..................   Passed    5.58 sec
[2023-04-06T14:30:48.642Z]             Start 116: testUsdImportFrameRange
[2023-04-06T14:30:49.779Z]      94/160 Test #113: testUsdImportDisplacement .......................   Passed    4.84 sec
[2023-04-06T14:30:49.779Z]             Start 117: testUsdImportFramerates
[2023-04-06T14:30:50.917Z]      95/160 Test #114: testUsdImportExportScope ........................   Passed    4.66 sec
[2023-04-06T14:30:50.917Z]             Start 118: testUsdImportInstances
[2023-04-06T14:30:52.997Z]      96/160 Test #115: testUsdImportExportTypelessDefs .................   Passed    4.70 sec
[2023-04-06T14:30:52.997Z]             Start 119: testUsdImportLight
[2023-04-06T14:30:53.408Z]      97/160 Test #116: testUsdImportFrameRange .........................   Passed    4.80 sec
[2023-04-06T14:30:53.408Z]             Start 120: testUsdImportMayaReference
[2023-04-06T14:30:54.548Z]      98/160 Test #117: testUsdImportFramerates .........................   Passed    4.77 sec
[2023-04-06T14:30:54.548Z]             Start 121: testUsdImportMesh
[2023-04-06T14:30:55.914Z]      99/160 Test #118: testUsdImportInstances ..........................   Passed    4.90 sec
[2023-04-06T14:30:55.914Z]             Start 122: testUsdImportPointCache
[2023-04-06T14:30:57.594Z]     100/160 Test #119: testUsdImportLight ..............................   Passed    4.61 sec
[2023-04-06T14:30:57.594Z]             Start 123: testUsdImportPreviewSurface
[2023-04-06T14:30:58.318Z]     101/160 Test #120: testUsdImportMayaReference ......................   Passed    4.88 sec
[2023-04-06T14:30:58.318Z]             Start 124: testUsdImportSessionLayer
[2023-04-06T14:30:59.155Z]     102/160 Test #121: testUsdImportMesh ...............................   Passed    4.68 sec
[2023-04-06T14:30:59.155Z]             Start 125: testUsdImportShadingModeDisplayColor
[2023-04-06T14:31:00.707Z]     103/160 Test #122: testUsdImportPointCache .........................   Passed    4.81 sec
[2023-04-06T14:31:00.707Z]             Start 126: testUsdImportShadingModePxrRis
[2023-04-06T14:31:02.385Z]     104/160 Test #123: testUsdImportPreviewSurface .....................   Passed    4.80 sec
[2023-04-06T14:31:02.385Z]             Start 127: testUsdImportUVSetMappings
[2023-04-06T14:31:03.023Z]     105/160 Test #124: testUsdImportSessionLayer .......................   Passed    4.69 sec
[2023-04-06T14:31:03.023Z]             Start 128: testUsdImportUSDZTextures
[2023-04-06T14:31:03.756Z]     106/160 Test #125: testUsdImportShadingModeDisplayColor ............   Passed    4.54 sec
[2023-04-06T14:31:03.756Z]             Start 129: testUsdExportImportRoundtripPreviewSurface
[2023-04-06T14:31:05.235Z]     107/160 Test #126: testUsdImportShadingModePxrRis ..................   Passed    4.53 sec
[2023-04-06T14:31:05.235Z]             Start 130: testUsdImportSkeleton
[2023-04-06T14:31:07.012Z]     108/160 Test #127: testUsdImportUVSetMappings ......................   Passed    4.60 sec
[2023-04-06T14:31:07.012Z]             Start 131: testUsdImportXforms
[2023-04-06T14:31:07.632Z]     109/160 Test #128: testUsdImportUSDZTextures .......................   Passed    4.60 sec
[2023-04-06T14:31:07.632Z]             Start 132: testUsdImportXformAnim
[2023-04-06T14:31:08.785Z]     110/160 Test #129: testUsdExportImportRoundtripPreviewSurface ......   Passed    5.05 sec
[2023-04-06T14:31:08.785Z]             Start 133: testUsdImportEulerFilter
[2023-04-06T14:31:09.826Z]     111/160 Test #130: testUsdImportSkeleton ...........................   Passed    4.58 sec
[2023-04-06T14:31:09.826Z]             Start 134: testUsdMayaAdaptor
[2023-04-06T14:31:12.124Z]     112/160 Test #132: testUsdImportXformAnim ..........................   Passed    4.57 sec
[2023-04-06T14:31:12.124Z]             Start 135: testUsdMayaAdaptorGeom
[2023-04-06T14:31:13.479Z]     113/160 Test #133: testUsdImportEulerFilter ........................   Passed    4.68 sec
[2023-04-06T14:31:13.479Z]             Start 136: testUsdMayaAdaptorMetadata
[2023-04-06T14:31:14.421Z]     114/160 Test #134: testUsdMayaAdaptor ..............................   Passed    4.65 sec
[2023-04-06T14:31:14.421Z]             Start 137: testUsdMayaAdaptorUndoRedo
[2023-04-06T14:31:16.809Z]     115/160 Test #135: testUsdMayaAdaptorGeom ..........................   Passed    4.62 sec
[2023-04-06T14:31:16.809Z]             Start 138: testUsdExportUVTransforms
[2023-04-06T14:31:18.368Z]     116/160 Test #136: testUsdMayaAdaptorMetadata ......................   Passed    4.86 sec
[2023-04-06T14:31:18.368Z]             Start 139: testUsdExportUsdzPackage
[2023-04-06T14:31:19.320Z]     117/160 Test #137: testUsdMayaAdaptorUndoRedo ......................   Passed    4.83 sec
[2023-04-06T14:31:19.320Z]             Start 140: testUsdImportRfMShaders
[2023-04-06T14:31:21.947Z]     118/160 Test #138: testUsdExportUVTransforms .......................   Passed    5.16 sec
[2023-04-06T14:31:21.947Z]             Start 141: testUsdExportDisplacement
[2023-04-06T14:31:23.189Z]     119/160 Test #139: testUsdExportUsdzPackage ........................   Passed    4.83 sec
[2023-04-06T14:31:23.189Z]             Start 142: testUsdExportShadingInstanced
[2023-04-06T14:31:23.910Z]     120/160 Test #140: testUsdImportRfMShaders .........................   Passed    4.59 sec
[2023-04-06T14:31:23.910Z]             Start 143: testUsdExportShadingModePxrRis
[2023-04-06T14:31:27.103Z]     121/160 Test #141: testUsdExportDisplacement .......................   Passed    5.20 sec
[2023-04-06T14:31:27.103Z]             Start 144: testUsdExportImportUDIM
[2023-04-06T14:31:28.130Z]     122/160 Test #142: testUsdExportShadingInstanced ...................   Passed    5.02 sec
[2023-04-06T14:31:28.130Z]             Start 145: testUsdExportRfMShaders
[2023-04-06T14:31:28.765Z]     123/160 Test #143: testUsdExportShadingModePxrRis ..................   Passed    4.85 sec
[2023-04-06T14:31:28.765Z]             Start 146: testUsdExportUVSets
[2023-04-06T14:31:32.260Z]     124/160 Test #144: testUsdExportImportUDIM .........................   Passed    5.12 sec
[2023-04-06T14:31:32.260Z]             Start 147: testUsdExportUVSetsFloat
[2023-04-06T14:31:33.204Z]     125/160 Test #145: testUsdExportRfMShaders .........................   Passed    5.08 sec
[2023-04-06T14:31:33.204Z]             Start 148: testUsdExportUVSetMappings
[2023-04-06T14:31:33.516Z]     126/160 Test #146: testUsdExportUVSets .............................   Passed    4.81 sec
[2023-04-06T14:31:33.516Z]             Start 149: testUsdImportUVSets
[2023-04-06T14:31:37.020Z]     127/160 Test #147: testUsdExportUVSetsFloat ........................   Passed    4.76 sec
[2023-04-06T14:31:37.020Z]             Start 150: testUsdImportUVSetsFloat
[2023-04-06T14:31:38.454Z]     128/160 Test #148: testUsdExportUVSetMappings ......................   Passed    5.18 sec
[2023-04-06T14:31:38.454Z]             Start 151: testUsdImportChaser
[2023-04-06T14:31:39.376Z]     129/160 Test #149: testUsdImportUVSets .............................   Passed    5.82 sec
[2023-04-06T14:31:39.376Z]             Start 152: testUsdExportCustomConverter-Maya
[2023-04-06T14:31:42.893Z]     130/160 Test #150: testUsdImportUVSetsFloat ........................   Passed    5.86 sec
[2023-04-06T14:31:42.893Z]             Start 153: testUsdExportCustomConverter-USD
[2023-04-06T14:31:43.098Z]     131/160 Test #151: testUsdImportChaser .............................   Passed    4.71 sec
[2023-04-06T14:31:43.098Z]             Start 154: testUsdImportCustomConverter-Maya
[2023-04-06T14:31:44.124Z]     132/160 Test #152: testUsdExportCustomConverter-Maya ...............   Passed    4.81 sec
[2023-04-06T14:31:44.124Z]             Start 155: testUsdImportCustomConverter-USD
[2023-04-06T14:31:47.721Z]     133/160 Test #153: testUsdExportCustomConverter-USD ................   Passed    4.85 sec
[2023-04-06T14:31:47.721Z]             Start 156: testUsdMayaListShadingModesCommand
[2023-04-06T14:31:48.135Z]     134/160 Test #154: testUsdImportCustomConverter-Maya ...............   Passed    4.96 sec
[2023-04-06T14:31:48.135Z]             Start 157: testUsdImportExportSiteSpecificConfig
[2023-04-06T14:31:49.072Z]     135/160 Test #155: testUsdImportCustomConverter-USD ................   Passed    4.95 sec
[2023-04-06T14:31:49.072Z]             Start 158: testUsdExportAssembly
[2023-04-06T14:31:52.588Z]     136/160 Test #156: testUsdMayaListShadingModesCommand ..............   Passed    4.84 sec
[2023-04-06T14:31:52.588Z]             Start 159: testUsdExportAssemblyEdits
[2023-04-06T14:31:52.901Z]     137/160 Test #157: testUsdImportExportSiteSpecificConfig ...........   Passed    4.82 sec
[2023-04-06T14:31:52.901Z]             Start 160: testUsdExportPackage
[2023-04-06T14:31:54.439Z]     138/160 Test #158: testUsdExportAssembly ...........................   Passed    5.34 sec
[2023-04-06T14:31:54.439Z]             Start 161: testUsdExportPointInstancer
[2023-04-06T14:31:57.915Z]     139/160 Test #159: testUsdExportAssemblyEdits ......................   Passed    5.32 sec
[2023-04-06T14:31:57.915Z]             Start 162: testUsdImportAsAssemblies
[2023-04-06T14:31:58.328Z]     140/160 Test #160: testUsdExportPackage ............................   Passed    5.40 sec
[2023-04-06T14:31:58.329Z]             Start 163: testUsdImportNestedAssemblyAnimation
[2023-04-06T14:32:02.782Z]     141/160 Test #162: testUsdImportAsAssemblies .......................   Passed    4.85 sec
[2023-04-06T14:32:02.782Z]             Start 164: testUsdMayaGetVariantSetSelections
[2023-04-06T14:32:03.195Z]     142/160 Test #163: testUsdImportNestedAssemblyAnimation ............   Passed    4.89 sec
[2023-04-06T14:32:03.195Z]             Start 165: testUsdMayaModelKindProcessor
[2023-04-06T14:32:08.256Z]     143/160 Test #164: testUsdMayaGetVariantSetSelections ..............   Passed    5.48 sec
[2023-04-06T14:32:08.256Z]             Start 166: testUsdMayaReferenceAssemblyEdits
[2023-04-06T14:32:08.663Z]     144/160 Test #165: testUsdMayaModelKindProcessor ...................   Passed    5.42 sec
[2023-04-06T14:32:08.663Z]             Start 167: testUsdReferenceAssemblyChangeRepresentations
[2023-04-06T14:32:13.521Z]     145/160 Test #166: testUsdMayaReferenceAssemblyEdits ...............   Passed    5.29 sec
[2023-04-06T14:32:13.521Z]             Start 168: testPxrUsdAlembicChaser
[2023-04-06T14:32:14.260Z]     146/160 Test #167: testUsdReferenceAssemblyChangeRepresentations ...   Passed    5.59 sec
[2023-04-06T14:32:14.260Z]             Start 169: AL_MayaUtilsTests
[2023-04-06T14:32:16.838Z]     147/160 Test #169: AL_MayaUtilsTests ...............................   Passed    2.67 sec
[2023-04-06T14:32:16.838Z]             Start 170: GTest:AL_USDTransactionTests
[2023-04-06T14:32:16.940Z]     148/160 Test #170: GTest:AL_USDTransactionTests ....................   Passed    0.06 sec
[2023-04-06T14:32:16.940Z]             Start 171: Python:AL_USDTransactionTests
[2023-04-06T14:32:17.352Z]     149/160 Test #171: Python:AL_USDTransactionTests ...................   Passed    0.43 sec
[2023-04-06T14:32:17.352Z]             Start 172: AL_USDMayaTestPlugin
[2023-04-06T14:32:18.789Z]     150/160 Test #168: testPxrUsdAlembicChaser .........................   Passed    5.29 sec
[2023-04-06T14:32:18.789Z]             Start 173: TestALUSDMayaPython_ProxyShape
[2023-04-06T14:32:19.095Z]     151/160 Test #161: testUsdExportPointInstancer .....................   Passed   24.62 sec
[2023-04-06T14:32:19.095Z]             Start 174: TestALUSDMayaPython_Translators
[2023-04-06T14:32:23.679Z]     152/160 Test #173: TestALUSDMayaPython_ProxyShape ..................   Passed    4.89 sec
[2023-04-06T14:32:23.679Z]             Start 175: TestALUSDMayaPython_LayerManager
[2023-04-06T14:32:24.314Z]     153/160 Test #174: TestALUSDMayaPython_Translators .................   Passed    5.22 sec
[2023-04-06T14:32:24.314Z]             Start 176: TestALUSDMayaPython_ImportModule
[2023-04-06T14:32:26.104Z]     154/160 Test #176: TestALUSDMayaPython_ImportModule ................   Passed    1.79 sec
[2023-04-06T14:32:26.104Z]             Start 177: testMayaSchemas
[2023-04-06T14:32:26.104Z]     155/160 Test #177: testMayaSchemas .................................   Passed    0.06 sec
[2023-04-06T14:32:26.104Z]             Start 178: TestAdditionalTranslators
[2023-04-06T14:32:29.062Z]     156/160 Test #175: TestALUSDMayaPython_LayerManager ................   Passed    5.33 sec
[2023-04-06T14:32:29.062Z]             Start 179: TestPxrUsdTranslators
[2023-04-06T14:32:32.616Z]     157/160 Test #178: TestAdditionalTranslators .......................***Failed    6.42 sec
[2023-04-06T14:32:32.616Z]     MAYA_DEBUG_NO_SAVE_ON_CRASH is set.
[2023-04-06T14:32:32.616Z]     testDirectionalLight_PluginIsFunctional (testTranslators.TestTranslator) ... ok
[2023-04-06T14:32:32.616Z]     testDirectionalLight_TranslateRoundTrip (testTranslators.TestTranslator) ... ok
[2023-04-06T14:32:32.616Z]     testDirectionalLight_TranslatorExists (testTranslators.TestTranslator) ... ok
[2023-04-06T14:32:32.616Z]     testFrameRange_FallbackIsFunctional (testTranslators.TestTranslator) ... ok
[2023-04-06T14:32:32.616Z]     testFrameRange_NoImpactIfNoFrameRange (testTranslators.TestTranslator) ... ok
[2023-04-06T14:32:32.616Z]     testFrameRange_OnlyCurrentFrame (testTranslators.TestTranslator) ... ok
[2023-04-06T14:32:32.616Z]     testFrameRange_PluginIsFunctional (testTranslators.TestTranslator) ... ok
[2023-04-06T14:32:32.616Z]     testFrameRange_TranslatorExists (testTranslators.TestTranslator) ... ok
[2023-04-06T14:32:32.616Z]     testMayaReference_PluginIsFunctional (testTranslators.TestTranslator) ... File read in  0.39 seconds.
[2023-04-06T14:32:32.616Z]     File read in  0.0055 seconds.
[2023-04-06T14:32:32.616Z]     Warning: line 1: The namespace name '/test_cubeWithDefaultNamespace' contains illegal characters.  Truncating to 'test_cubeWithDefaultNamespace'.
[2023-04-06T14:32:32.616Z]     File read in  0.0053 seconds.
[2023-04-06T14:32:32.616Z]     ok
[2023-04-06T14:32:32.616Z]     testMayaReference_RefKeepsRefEdits (testTranslators.TestTranslator)
[2023-04-06T14:32:32.616Z]     Tests that, even if the MayaReference is swapped for a pure-usda representation, refedits are preserved ... File read in  0.0053 seconds.
[2023-04-06T14:32:32.616Z]     File read in  0.0052 seconds.
[2023-04-06T14:32:32.616Z]     ok
[2023-04-06T14:32:32.616Z]     testMayaReference_RefLoading (testTranslators.TestTranslator)
[2023-04-06T14:32:32.616Z]     Test that Maya References are only loaded when they need to be. ... File read in  0.0054 seconds.
[2023-04-06T14:32:32.616Z]     File read in  0.0053 seconds.
[2023-04-06T14:32:32.616Z]     File read in  0.0051 seconds.
[2023-04-06T14:32:32.616Z]     ok
[2023-04-06T14:32:32.616Z]     testMayaReference_SurvivesHierarchyChanges (testTranslators.TestTranslator) ... File read in  0.0051 seconds.
[2023-04-06T14:32:32.616Z]     File read in  0.0052 seconds.
[2023-04-06T14:32:32.616Z]     ok
[2023-04-06T14:32:32.616Z]     testMayaReference_TranslatorExists (testTranslators.TestTranslator) ... ok
[2023-04-06T14:32:32.616Z]     testMayaReference_TranslatorImport (testTranslators.TestTranslator) ... File read in  0.0055 seconds.
[2023-04-06T14:32:32.616Z]     File read in  0.0051 seconds.
[2023-04-06T14:32:32.616Z]     Warning: line 1: The namespace name '/test_cubeWithDefaultNamespace' contains illegal characters.  Truncating to 'test_cubeWithDefaultNamespace'.
[2023-04-06T14:32:32.616Z]     File read in  0.005 seconds.
[2023-04-06T14:32:32.616Z]     ok
[2023-04-06T14:32:32.616Z]     testMeshTranslator_multipleTranslations (testTranslators.TestTranslator) ... ok
[2023-04-06T14:32:32.616Z]     testMeshTranslator_variantswitch (testTranslators.TestTranslator) ... ok
[2023-04-06T14:32:32.616Z]     testMesh_PretearDownEditTargetWrite (testTranslators.TestTranslator) ... ok
[2023-04-06T14:32:32.616Z]     testMesh_TranslateOff (testTranslators.TestTranslator) ... ok
[2023-04-06T14:32:32.616Z]     testMesh_TranslateRoundTrip (testTranslators.TestTranslator) ... ok
[2023-04-06T14:32:32.616Z]     testMesh_TranslatorExists (testTranslators.TestTranslator) ... ok
[2023-04-06T14:32:32.616Z]     testMesh_testTranslateOn (testTranslators.TestTranslator) ... ok
[2023-04-06T14:32:32.616Z]     testMultipleColorSetsExportImport (testTranslators.TestTranslator)
[2023-04-06T14:32:32.616Z]     Testing static export/import multiple color sets ... ('tempFile ', '/var/folders/cc/h3hp1kt14rv3j5t_lybwwgqh0000gp/T/test_MeshTranslator_HK0Ag9.usda')
[2023-04-06T14:32:32.616Z]     ('tempFile ', '/var/folders/cc/h3hp1kt14rv3j5t_lybwwgqh0000gp/T/test_MeshTranslator_NZNChI.usda')
[2023-04-06T14:32:32.616Z]     ('tempFile ', '/var/folders/cc/h3hp1kt14rv3j5t_lybwwgqh0000gp/T/test_MeshTranslator_0Y_4Lc.usda')
[2023-04-06T14:32:32.616Z]     Breakdown for file: /var/folders/cc/h3hp1kt14rv3j5t_lybwwgqh0000gp/T/tempTestMultiColorSetsExportajlNkB.usda
[2023-04-06T14:32:32.616Z]     
[2023-04-06T14:32:32.616Z]     File read in  0.0031 seconds.
[2023-04-06T14:32:32.616Z]     ok
[2023-04-06T14:32:32.616Z]     testNurbsCurve_PretearDownEditTargetWrite (testTranslators.TestTranslator) ... circle -c 0 0 0 -nr 0 1 0 -sw 360 -r 1 -d 3 -ut 0 -tol 0 -s 8 -ch 1; objectMoveCommand;
[2023-04-06T14:32:32.616Z]     ok
[2023-04-06T14:32:32.616Z]     testNurbsCurve_TranslateOff (testTranslators.TestTranslator) ... circle -c 0 0 0 -nr 0 1 0 -sw 360 -r 1 -d 3 -ut 0 -tol 0 -s 8 -ch 1; objectMoveCommand;
[2023-04-06T14:32:32.616Z]     ok
[2023-04-06T14:32:32.616Z]     testNurbsCurve_TranslateRoundTrip (testTranslators.TestTranslator) ... circle -c 0 0 0 -nr 0 1 0 -sw 360 -r 1 -d 3 -ut 0 -tol 0 -s 8 -ch 1; objectMoveCommand;
[2023-04-06T14:32:32.616Z]     ok
[2023-04-06T14:32:32.616Z]     testNurbsCurve_TranslatorExists (testTranslators.TestTranslator) ... ok
[2023-04-06T14:32:32.616Z]     testNurbsCurve_curve_width_double_export (testTranslators.TestTranslator) ... circle -c 0 0 0 -nr 0 1 0 -sw 360 -r 1 -d 3 -ut 0 -tol 0 -s 8 -ch 1; objectMoveCommand;
[2023-04-06T14:32:32.616Z]     ok
[2023-04-06T14:32:32.616Z]     testNurbsCurve_curve_width_doublearray_export (testTranslators.TestTranslator) ... circle -c 0 0 0 -nr 0 1 0 -sw 360 -r 1 -d 3 -ut 0 -tol 0 -s 8 -ch 1; objectMoveCommand;
[2023-04-06T14:32:32.616Z]     Unhandled typed attribute: nurbsCircleShape1 nurbsCurve
[2023-04-06T14:32:32.616Z]     ok
[2023-04-06T14:32:32.616Z]     testNurbsCurve_curve_width_doublearrayempty_export (testTranslators.TestTranslator) ... circle -c 0 0 0 -nr 0 1 0 -sw 360 -r 1 -d 3 -ut 0 -tol 0 -s 8 -ch 1; objectMoveCommand;
[2023-04-06T14:32:32.616Z]     Unhandled typed attribute: nurbsCircleShape1 nurbsCurve
[2023-04-06T14:32:32.616Z]     ok
[2023-04-06T14:32:32.616Z]     testNurbsCurve_curve_width_float_export (testTranslators.TestTranslator) ... circle -c 0 0 0 -nr 0 1 0 -sw 360 -r 1 -d 3 -ut 0 -tol 0 -s 8 -ch 1; objectMoveCommand;
[2023-04-06T14:32:32.616Z]     ok
[2023-04-06T14:32:32.616Z]     testNurbsCurve_curve_width_floatarray_export (testTranslators.TestTranslator) ... circle -c 0 0 0 -nr 0 1 0 -sw 360 -r 1 -d 3 -ut 0 -tol 0 -s 8 -ch 1; objectMoveCommand;
[2023-04-06T14:32:32.616Z]     Unhandled typed attribute: nurbsCircleShape1 nurbsCurve
[2023-04-06T14:32:32.616Z]     ok
[2023-04-06T14:32:32.616Z]     testNurbsCurve_curve_width_floatarrayempty_export (testTranslators.TestTranslator) ... circle -c 0 0 0 -nr 0 1 0 -sw 360 -r 1 -d 3 -ut 0 -tol 0 -s 8 -ch 1; objectMoveCommand;
[2023-04-06T14:32:32.616Z]     Unhandled typed attribute: nurbsCircleShape1 nurbsCurve
[2023-04-06T14:32:32.616Z]     ok
[2023-04-06T14:32:32.616Z]     testNurbsCurve_curve_width_none_export (testTranslators.TestTranslator) ... circle -c 0 0 0 -nr 0 1 0 -sw 360 -r 1 -d 3 -ut 0 -tol 0 -s 8 -ch 1; objectMoveCommand;
[2023-04-06T14:32:32.616Z]     ok
[2023-04-06T14:32:32.616Z]     testNurbsCurve_testTranslateOn (testTranslators.TestTranslator) ... circle -c 0 0 0 -nr 0 1 0 -sw 360 -r 1 -d 3 -ut 0 -tol 0 -s 8 -ch 1; objectMoveCommand;
[2023-04-06T14:32:32.616Z]     ok
[2023-04-06T14:32:32.616Z]     testTranslatedPrimDeactiveClearIssue (testTranslators.TestTranslator) ... File read in  0.0052 seconds.
[2023-04-06T14:32:32.616Z]     ok
[2023-04-06T14:32:32.616Z]     testTranslatedPrimDeactiveCrashIssue (testTranslators.TestTranslator) ... File read in  0.0051 seconds.
[2023-04-06T14:32:32.616Z]     ok
[2023-04-06T14:32:32.616Z]     testUSDSpecNurbsCurveExportImport (testTranslators.TestTranslator)
[2023-04-06T14:32:32.616Z]     Testing exporting maya nurbsCurves in USD's curve spec, and importing USD curve spec in Maya ... circle -c 0 0 0 -nr 0 1 0 -sw 360 -r 1 -d 3 -ut 0 -tol 0 -s 8 -ch 1; objectMoveCommand;
[2023-04-06T14:32:32.616Z]     ERROR
[2023-04-06T14:32:32.616Z]     
[2023-04-06T14:32:32.616Z]     ======================================================================
[2023-04-06T14:32:32.616Z]     ERROR: testUSDSpecNurbsCurveExportImport (testTranslators.TestTranslator)
[2023-04-06T14:32:32.616Z]     Testing exporting maya nurbsCurves in USD's curve spec, and importing USD curve spec in Maya
[2023-04-06T14:32:32.616Z]     ----------------------------------------------------------------------
[2023-04-06T14:32:32.616Z]     Traceback (most recent call last):
[2023-04-06T14:32:32.616Z]       File "/local/S/jenkins/workspace/ECP/ecg-maya-usd/ecg-mayausd-branch-preflight-2020-pxrusd-mid1-osx/ecg-maya-usd/maya-usd/plugin/al/translators/tests/testTranslators.py", line 839, in testUSDSpecNurbsCurveExportImport
[2023-04-06T14:32:32.616Z]         self.assertEqual(len(knotValues), usdnotCount)
[2023-04-06T14:32:32.616Z]     NameError: global name 'usdnotCount' is not defined
[2023-04-06T14:32:32.616Z]     
[2023-04-06T14:32:32.616Z]     ----------------------------------------------------------------------
[2023-04-06T14:32:32.616Z]     Ran 37 tests in 2.526s
[2023-04-06T14:32:32.616Z]     
[2023-04-06T14:32:32.616Z]     FAILED (errors=1)
[2023-04-06T14:32:32.616Z]     Warning: Plug-in, "AL_USDMayaPlugin.bundle", is already loaded.  Skipped.
[2023-04-06T14:32:32.616Z]     ........File read in  0.0053 seconds.
[2023-04-06T14:32:32.616Z]     File read in  0.0052 seconds.
[2023-04-06T14:32:32.616Z]     Warning: line 1: The namespace name '/test_cubeWithDefaultNamespace' contains illegal characters.  Truncating to 'test_cubeWithDefaultNamespace'.
[2023-04-06T14:32:32.616Z]     File read in  0.0052 seconds.
[2023-04-06T14:32:32.616Z]     .File read in  0.0052 seconds.
[2023-04-06T14:32:32.616Z]     File read in  0.0052 seconds.
[2023-04-06T14:32:32.616Z]     .File read in  0.0053 seconds.
[2023-04-06T14:32:32.616Z]     File read in  0.0053 seconds.
[2023-04-06T14:32:32.616Z]     File read in  0.0052 seconds.
[2023-04-06T14:32:32.616Z]     .File read in  0.0051 seconds.
[2023-04-06T14:32:32.616Z]     File read in  0.0052 seconds.
[2023-04-06T14:32:32.616Z]     ..File read in  0.0052 seconds.
[2023-04-06T14:32:32.616Z]     File read in  0.005 seconds.
[2023-04-06T14:32:32.616Z]     Warning: line 1: The namespace name '/test_cubeWithDefaultNamespace' contains illegal characters.  Truncating to 'test_cubeWithDefaultNamespace'.
[2023-04-06T14:32:32.616Z]     File read in  0.005 seconds.
[2023-04-06T14:32:32.616Z]     ........('tempFile ', '/var/folders/cc/h3hp1kt14rv3j5t_lybwwgqh0000gp/T/test_MeshTranslator_0HD2I1.usda')
[2023-04-06T14:32:32.616Z]     ('tempFile ', '/var/folders/cc/h3hp1kt14rv3j5t_lybwwgqh0000gp/T/test_MeshTranslator_yP_fjj.usda')
[2023-04-06T14:32:32.616Z]     ('tempFile ', '/var/folders/cc/h3hp1kt14rv3j5t_lybwwgqh0000gp/T/test_MeshTranslator_FFHrhe.usda')
[2023-04-06T14:32:32.616Z]     Breakdown for file: /var/folders/cc/h3hp1kt14rv3j5t_lybwwgqh0000gp/T/tempTestMultiColorSetsExport8pmlx2.usda
[2023-04-06T14:32:32.616Z]     
[2023-04-06T14:32:32.616Z]     File read in  0.003 seconds.
[2023-04-06T14:32:32.616Z]     .circle -c 0 0 0 -nr 0 1 0 -sw 360 -r 1 -d 3 -ut 0 -tol 0 -s 8 -ch 1; objectMoveCommand;
[2023-04-06T14:32:32.616Z]     .circle -c 0 0 0 -nr 0 1 0 -sw 360 -r 1 -d 3 -ut 0 -tol 0 -s 8 -ch 1; objectMoveCommand;
[2023-04-06T14:32:32.616Z]     .circle -c 0 0 0 -nr 0 1 0 -sw 360 -r 1 -d 3 -ut 0 -tol 0 -s 8 -ch 1; objectMoveCommand;
[2023-04-06T14:32:32.616Z]     ..circle -c 0 0 0 -nr 0 1 0 -sw 360 -r 1 -d 3 -ut 0 -tol 0 -s 8 -ch 1; objectMoveCommand;
[2023-04-06T14:32:32.616Z]     .circle -c 0 0 0 -nr 0 1 0 -sw 360 -r 1 -d 3 -ut 0 -tol 0 -s 8 -ch 1; objectMoveCommand;
[2023-04-06T14:32:32.616Z]     Unhandled typed attribute: nurbsCircleShape1 nurbsCurve
[2023-04-06T14:32:32.616Z]     .circle -c 0 0 0 -nr 0 1 0 -sw 360 -r 1 -d 3 -ut 0 -tol 0 -s 8 -ch 1; objectMoveCommand;
[2023-04-06T14:32:32.616Z]     Unhandled typed attribute: nurbsCircleShape1 nurbsCurve
[2023-04-06T14:32:32.616Z]     .circle -c 0 0 0 -nr 0 1 0 -sw 360 -r 1 -d 3 -ut 0 -tol 0 -s 8 -ch 1; objectMoveCommand;
[2023-04-06T14:32:32.616Z]     .circle -c 0 0 0 -nr 0 1 0 -sw 360 -r 1 -d 3 -ut 0 -tol 0 -s 8 -ch 1; objectMoveCommand;
[2023-04-06T14:32:32.616Z]     Unhandled typed attribute: nurbsCircleShape1 nurbsCurve
[2023-04-06T14:32:32.616Z]     .circle -c 0 0 0 -nr 0 1 0 -sw 360 -r 1 -d 3 -ut 0 -tol 0 -s 8 -ch 1; objectMoveCommand;
[2023-04-06T14:32:32.616Z]     Unhandled typed attribute: nurbsCircleShape1 nurbsCurve
[2023-04-06T14:32:32.616Z]     .circle -c 0 0 0 -nr 0 1 0 -sw 360 -r 1 -d 3 -ut 0 -tol 0 -s 8 -ch 1; objectMoveCommand;
[2023-04-06T14:32:32.616Z]     .circle -c 0 0 0 -nr 0 1 0 -sw 360 -r 1 -d 3 -ut 0 -tol 0 -s 8 -ch 1; objectMoveCommand;
[2023-04-06T14:32:32.616Z]     .File read in  0.0051 seconds.
[2023-04-06T14:32:32.616Z]     .File read in  0.005 seconds.
[2023-04-06T14:32:32.616Z]     .circle -c 0 0 0 -nr 0 1 0 -sw 360 -r 1 -d 3 -ut 0 -tol 0 -s 8 -ch 1; objectMoveCommand;
[2023-04-06T14:32:32.616Z]     E
[2023-04-06T14:32:32.616Z]     ======================================================================
[2023-04-06T14:32:32.616Z]     ERROR: testUSDSpecNurbsCurveExportImport (testTranslators.TestTranslator)
[2023-04-06T14:32:32.616Z]     Testing exporting maya nurbsCurves in USD's curve spec, and importing USD curve spec in Maya
[2023-04-06T14:32:32.616Z]     ----------------------------------------------------------------------
[2023-04-06T14:32:32.616Z]     Traceback (most recent call last):
[2023-04-06T14:32:32.616Z]       File "/local/S/jenkins/workspace/ECP/ecg-maya-usd/ecg-mayausd-branch-preflight-2020-pxrusd-mid1-osx/ecg-maya-usd/maya-usd/plugin/al/translators/tests/testTranslators.py", line 839, in testUSDSpecNurbsCurveExportImport
[2023-04-06T14:32:32.616Z]         self.assertEqual(len(knotValues), usdnotCount)
[2023-04-06T14:32:32.616Z]     NameError: global name 'usdnotCount' is not defined
[2023-04-06T14:32:32.616Z]     
[2023-04-06T14:32:32.616Z]     ----------------------------------------------------------------------
[2023-04-06T14:32:32.616Z]     Ran 37 tests in 0.526s
[2023-04-06T14:32:32.616Z]     
[2023-04-06T14:32:32.616Z]     FAILED (errors=1)
[2023-04-06T14:32:32.616Z]     
[2023-04-06T14:32:34.072Z]     158/160 Test #179: TestPxrUsdTranslators ...........................   Passed    5.05 sec
[2023-04-06T14:32:34.487Z]     159/160 Test #172: AL_USDMayaTestPlugin ............................   Passed   17.07 sec
[2023-04-06T14:32:58.056Z]     160/160 Test #131: testUsdImportXforms .............................   Passed  110.98 sec
[2023-04-06T14:32:58.056Z]     
[2023-04-06T14:32:58.056Z]     99% tests passed, 1 tests failed out of 159
[2023-04-06T14:32:58.056Z]     
[2023-04-06T14:32:58.056Z]     Label Time Summary:
[2023-04-06T14:32:58.056Z]     Debugging            =   0.00 sec*proc (1 test)
[2023-04-06T14:32:58.056Z]     MayaUsd              =  28.33 sec*proc (6 tests)
[2023-04-06T14:32:58.056Z]     fileio               =  39.16 sec*proc (8 tests)
[2023-04-06T14:32:58.056Z]     fileio_utils         =   9.51 sec*proc (2 tests)
[2023-04-06T14:32:58.056Z]     nodes                =  24.48 sec*proc (5 tests)
[2023-04-06T14:32:58.056Z]     translators          = 547.56 sec*proc (90 tests)
[2023-04-06T14:32:58.056Z]     ufe                  =  42.58 sec*proc (9 tests)
[2023-04-06T14:32:58.056Z]     undo                 =   4.59 sec*proc (1 test)
[2023-04-06T14:32:58.057Z]     usdPreviewSurface    =   7.82 sec*proc (2 tests)
[2023-04-06T14:32:58.057Z]     utils                =   9.54 sec*proc (2 tests)
[2023-04-06T14:32:58.057Z]     
[2023-04-06T14:32:58.057Z]     Total Test time (real) = 230.11 sec
[2023-04-06T14:32:58.057Z]     
[2023-04-06T14:32:58.057Z]     The following tests did not run:
[2023-04-06T14:32:58.057Z]     	  7 - _Interactive_Maya (Disabled)
[2023-04-06T14:32:58.057Z]     
[2023-04-06T14:32:58.057Z]     The following tests FAILED:
[2023-04-06T14:32:58.057Z]     	178 - TestAdditionalTranslators (Failed)
[2023-04-06T14:32:58.057Z]     Errors while running CTest
[2023-04-06T14:32:58.057Z]     
[2023-04-06T14:32:58.057Z]         Building with settings:
[2023-04-06T14:32:58.057Z]           Source directory          /local/S/jenkins/workspace/ECP/ecg-maya-usd/ecg-mayausd-branch-preflight-2020-pxrusd-mid1-osx/ecg-maya-usd/maya-usd
[2023-04-06T14:32:58.057Z]           Workspace directory       /local/S/jenkins/workspace/ECP/ecg-maya-usd/ecg-mayausd-branch-preflight-2020-pxrusd-mid1-osx
[2023-04-06T14:32:58.057Z]           Build directory           /local/S/jenkins/workspace/ECP/ecg-maya-usd/ecg-mayausd-branch-preflight-2020-pxrusd-mid1-osx/build/RelWithDebInfo
[2023-04-06T14:32:58.057Z]           Install directory         /local/S/jenkins/workspace/ECP/ecg-maya-usd/ecg-mayausd-branch-preflight-2020-pxrusd-mid1-osx/install/RelWithDebInfo/MayaUSD
[2023-04-06T14:32:58.057Z]           Variant                   RelWithDebInfo
[2023-04-06T14:32:58.057Z]           Python Debug              Off
[2023-04-06T14:32:58.057Z]           CMake generator           Ninja
[2023-04-06T14:32:58.057Z]           Build arguments           ['-DCMAKE_MAKE_PROGRAM=/local/S/jenkins/workspace/shared/Artifactory/OSX/ninja/1.9.0/41005eb/ninja', '-DPYTHON_INCLUDE_DIR=/local/S/jenkins/workspace/shared/Artifactory/OSX/rundev-2020/202107140359/runtime/446214e/runTime/Maya.app/Contents/Frameworks/Python.framework/Versions/Current/include/python2.7', '-DPython_EXECUTABLE=/local/S/jenkins/workspace/shared/Artifactory/OSX/rundev-2020/202107140359/runtime/446214e/runTime/Maya.app/Contents/bin/mayapy', '-DPYTHON_LIBRARIES=/local/S/jenkins/workspace/shared/Artifactory/OSX/rundev-2020/202107140359/runtime/446214e/runTime/Maya.app/Contents/Frameworks/Python.framework/Versions/Current/lib/libpython2.7.dylib', '-DUSD_LIB_PREFIX=lib', '-DBUILD_HDMAYA=OFF']
[2023-04-06T14:32:58.057Z]           Stages arguments          ['test']
[2023-04-06T14:32:58.057Z]           CTest arguments           ['-E testUsdReferenceAssemblySelection|testUsdMayaAppDir', '-LE interactive', '--parallel 4']
[2023-04-06T14:32:58.057Z]     #####################################################################################
[2023-04-06T14:32:58.057Z]     log date: 2023-04-06 07:29
[2023-04-06T14:32:58.057Z]     commit sha: cc4154795c25e50152ce0edd22ad86275a0eade9
[2023-04-06T14:32:58.057Z]     commit date: Thu Apr 6 07:16:52 2023 -0700
[2023-04-06T14:32:58.057Z]     #####################################################################################
[2023-04-06T14:32:58.057Z]     
[2023-04-06T14:32:58.057Z]     cmake --build . --config RelWithDebInfo --target install -- -j4
[2023-04-06T14:32:58.057Z]     #####################################################################################
[2023-04-06T14:32:58.057Z]     log date: 2023-04-06 07:29
[2023-04-06T14:32:58.057Z]     commit sha: cc4154795c25e50152ce0edd22ad86275a0eade9
[2023-04-06T14:32:58.057Z]     commit date: Thu Apr 6 07:16:52 2023 -0700
[2023-04-06T14:32:58.057Z]     #####################################################################################
[2023-04-06T14:32:58.057Z]     
[2023-04-06T14:32:58.057Z]     ctest --output-on-failure --timeout 500 -C RelWithDebInfo -E testUsdReferenceAssemblySelection|testUsdMayaAppDir -LE interactive --parallel 4
[2023-04-06T14:32:58.057Z]     
[2023-04-06T14:32:58.057Z]     Traceback (most recent call last):
[2023-04-06T14:32:58.057Z]       File "/local/S/jenkins/workspace/ECP/ecg-maya-usd/ecg-mayausd-branch-preflight-2020-pxrusd-mid1-osx/ecg-maya-usd/maya-usd/build.py", line 641, in <module>
[2023-04-06T14:32:58.057Z]         RunTests(context, context.ctestArgs)
[2023-04-06T14:32:58.057Z]       File "/local/S/jenkins/workspace/ECP/ecg-maya-usd/ecg-mayausd-branch-preflight-2020-pxrusd-mid1-osx/ecg-maya-usd/maya-usd/build.py", line 416, in RunTests
[2023-04-06T14:32:58.057Z]         RunCTest(context,extraArgs)
[2023-04-06T14:32:58.057Z]       File "/local/S/jenkins/workspace/ECP/ecg-maya-usd/ecg-mayausd-branch-preflight-2020-pxrusd-mid1-osx/ecg-maya-usd/maya-usd/build.py", line 322, in RunCTest
[2023-04-06T14:32:58.057Z]         extraArgs=(" ".join(extraArgs) if extraArgs else "")))
[2023-04-06T14:32:58.057Z]       File "/local/S/jenkins/workspace/ECP/ecg-maya-usd/ecg-mayausd-branch-preflight-2020-pxrusd-mid1-osx/ecg-maya-usd/maya-usd/build.py", line 179, in Run
[2023-04-06T14:32:58.057Z]         .format(cmd=cmd, log=os.path.abspath(context.logFileLocation)))
[2023-04-06T14:32:58.057Z]     RuntimeError: Failed to run 'ctest --output-on-failure --timeout 500 -C RelWithDebInfo -E testUsdReferenceAssemblySelection|testUsdMayaAppDir -LE interactive --parallel 4 '
[2023-04-06T14:32:58.057Z]     See /local/S/jenkins/workspace/ECP/ecg-maya-usd/ecg-mayausd-branch-preflight-2020-pxrusd-mid1-osx/build/RelWithDebInfo/build_log.txt for more details.
[2023-04-06T14:32:58.057Z] build.py: error: Command failed with error code: 1
[Pipeline] }
[Pipeline] // withEnv
[Pipeline] }
[Pipeline] // timeout
[Pipeline] }
[Pipeline] // stage
[Pipeline] }
[Pipeline] // timestamps
[Pipeline] emailextrecipients
Not sending mail to unregistered user ecg.jenkins@autodesk.com because your SCM claimed this was associated with a user ID ecg.jenkins' which your security realm does not recognize; you may need changes in your SCM plugin
Not sending mail to unregistered user ecg.jenkins@autodesk.com because your SCM claimed this was associated with a user ID ecg.jenkins' which your security realm does not recognize; you may need changes in your SCM plugin
[Pipeline] echo
No recipients to send notification.
[Pipeline] }
[Pipeline] // node
[Pipeline] End of Pipeline
ERROR: script returned exit code 1
[Checks API] No suitable checks publisher found.
Finished: FAILURE
