[2023-05-11T22:31:00.261Z] ================================================================================
[2023-05-11T22:31:00.261Z]                              setup (RelWithDebInfo)
[2023-05-11T22:31:00.261Z] ================================================================================
[Pipeline] bat
[2023-05-11T22:31:00.606Z] Deleting alias drive W:
[Pipeline] bat
[2023-05-11T22:31:01.007Z] Deleting alias drive P:
[Pipeline] }
[Pipeline] // withEnv
[Pipeline] }
[Pipeline] // timeout
[Pipeline] }
[Pipeline] // stage
[Pipeline] }
[Pipeline] // timestamps
[Pipeline] timestamps
[Pipeline] {
[Pipeline] stage
[Pipeline] { (Clean)
[Pipeline] timeout
[2023-05-11T22:31:01.420Z] Timeout set to expire in 6 hr 0 min
[Pipeline] {
[Pipeline] withEnv
[Pipeline] {
[Pipeline] bat
[2023-05-11T22:31:01.782Z] Creating alias drive P: to S:\jenkins\workspace
[Pipeline] bat
[2023-05-11T22:31:02.165Z] Creating alias drive W: to S:\jenkins\workspace\ECP\ecg-maya-usd\ecg-mayausd-branch-preflight-2019-no-ufe-windows
[Pipeline] bat
[2023-05-11T22:31:02.790Z] "C:\Program Files (x86)\Microsoft Visual Studio\2017\Professional\VC\Auxiliary\Build\vcvarsall.bat" x64
[2023-05-11T22:31:02.893Z] **********************************************************************
[2023-05-11T22:31:02.893Z] ** Visual Studio 2017 Developer Command Prompt v15.9.15
[2023-05-11T22:31:02.893Z] ** Copyright (c) 2017 Microsoft Corporation
[2023-05-11T22:31:02.893Z] **********************************************************************
[2023-05-11T22:31:03.818Z] [vcvarsall.bat] Environment initialized for: 'x64'
[2023-05-11T22:31:03.818Z] python ecg-maya-usd/build.py --stages=clean --workspace-dir=W:\ --artifactory-dir=P:\shared\Artifactory --build-dir=W:\build --install-dir=W:\install --signing-dir=W:\signing --package-dir=W:\package --output-dir=W:\output --stash-dir=W:\stash --jenkins-build=920 --git-commit=e5851046dd9c0676f14ddea2cded9d3b59b25958 --git-branch=master --variants=RelWithDebInfo --python=2.7 --ufe=false --pxrusd-version=0.21.05-gold --post-zips=false --maya-cut-config=maya-rundev-2019.yaml --maya-package=rundev-2019 --stage-banner
[2023-05-11T22:31:04.838Z] Using Maya cut from P:\shared\Artifactory\Windows\rundev-2019\202003131251\runtime\155eb96
[2023-05-11T22:31:04.838Z] 
[2023-05-11T22:31:04.838Z] ================================================================================
[2023-05-11T22:31:04.838Z]                              clean (RelWithDebInfo)
[2023-05-11T22:31:04.838Z] ================================================================================
[2023-05-11T22:31:04.838Z] Maya Python RelWithDebInfo Info:
[2023-05-11T22:31:04.838Z]   mayapy executable   = P:\shared\Artifactory\Windows\rundev-2019\202003131251\runtime\155eb96\runTime\bin\mayapy.exe
[2023-05-11T22:31:04.838Z]   Include Folder      = P:\shared\Artifactory\Windows\rundev-2019\202003131251\runtime\155eb96\runTime\include\Python2.7
[2023-05-11T22:31:04.838Z]   Library             = P:\shared\Artifactory\Windows\rundev-2019\202003131251\runtime\155eb96\runTime\lib\python27.lib
[2023-05-11T22:31:04.838Z]   site-package Folder = P:\shared\Artifactory\Windows\rundev-2019\202003131251\runtime\155eb96\runTime\Python\Lib\site-packages
[2023-05-11T22:31:05.562Z] In workdir: S:\jenkins\workspace\ECP\ecg-maya-usd\ecg-mayausd-branch-preflight-2019-no-ufe-windows\ecg-maya-usd\maya-usd
[2023-05-11T22:31:05.562Z] Executing: 'P:\\shared\\Artifactory\\Windows\\rundev-2019\\202003131251\\runtime\\155eb96\\runTime\\bin\\mayapy.exe' 'S:\\jenkins\\workspace\\ECP\\ecg-maya-usd\\ecg-mayausd-branch-preflight-2019-no-ufe-windows\\ecg-maya-usd\\maya-usd\\build.py' --generator Ninja --build-relwithdebug --maya-location 'P:\\shared\\Artifactory\\Windows\\rundev-2019\\202003131251\\runtime\\155eb96\\runTime' --devkit-location 'P:\\shared\\Artifactory\\Windows\\rundev-2019\\202003131251\\runtime\\155eb96\\devkitBase' --pxrusd-location 'P:\\shared\\Artifactory\\Windows\\USD\\cfb3d8a' --qt-location 'P:\\shared\\Artifactory\\Windows\\qt\\5.6.1\\1acd0ba' --materialx '--build-args=-DCMAKE_MAKE_PROGRAM=P:/shared/Artifactory/Windows/ninja/1.9.0/c68f192/ninja.exe,-DPYTHON_INCLUDE_DIR=P:/shared/Artifactory/Windows/rundev-2019/202003131251/runtime/155eb96/runTime/include/Python2.7,-DPython_EXECUTABLE=P:/shared/Artifactory/Windows/rundev-2019/202003131251/runtime/155eb96/runTime/bin/mayapy.exe,-DPYTHON_LIBRARIES=P:/shared/Artifactory/Windows/rundev-2019/202003131251/runtime/155eb96/runTime/lib/python27.lib,-DCMAKE_WANT_UFE_BUILD=OFF,-DUSD_LIB_PREFIX=,-DBUILD_HDMAYA=OFF' '--ctest-args=-E testUsdReferenceAssemblySelection|testUsdMayaAppDir,-LE interactive,--parallel 16' --stages=clean --redirect-outstream-file=False --install-location 'W:\\install\\RelWithDebInfo\\MayaUSD' 'W:\\'
[2023-05-11T22:31:05.562Z] Modified environment variables:
[2023-05-11T22:31:05.562Z]     PATH=P:\shared\Artifactory\Windows\cmake\3.20.3\afe857a\bin;C:\Python27\lib\site-packages\pywin32_system32;C:\Program Files (x86)\Microsoft Visual Studio\2017\Professional\VC\Tools\MSVC\14.16.27023\bin\HostX64\x64;C:\Program Files (x86)\Microsoft Visual Studio\2017\Professional\Common7\IDE\VC\VCPackages;C:\Program Files (x86)\Microsoft Visual Studio\2017\Professional\Common7\IDE\CommonExtensions\Microsoft\TestWindow;C:\Program Files (x86)\Microsoft Visual Studio\2017\Professional\Common7\IDE\CommonExtensions\Microsoft\TeamFoundation\Team Explorer;C:\Program Files (x86)\Microsoft Visual Studio\2017\Professional\MSBuild\15.0\bin\Roslyn;C:\Program Files (x86)\Microsoft Visual Studio\2017\Professional\Team Tools\Performance Tools\x64;C:\Program Files (x86)\Microsoft Visual Studio\2017\Professional\Team Tools\Performance Tools;C:\Program Files (x86)\Microsoft Visual Studio\Shared\Common\VSPerfCollectionTools\\x64;C:\Program Files (x86)\Microsoft Visual Studio\Shared\Common\VSPerfCollectionTools\;C:\Program Files (x86)\Microsoft SDKs\Windows\v10.0A\bin\NETFX 4.6.1 Tools\x64\;C:\Program Files (x86)\HTML Help Workshop;C:\Program Files (x86)\Windows Kits\10\bin\10.0.18362.0\x64;C:\Program Files (x86)\Windows Kits\10\bin\x64;C:\Program Files (x86)\Microsoft Visual Studio\2017\Professional\\MSBuild\15.0\bin;C:\WINDOWS\Microsoft.NET\Framework64\v4.0.30319;C:\Program Files (x86)\Microsoft Visual Studio\2017\Professional\Common7\IDE\;C:\Program Files (x86)\Microsoft Visual Studio\2017\Professional\Common7\Tools\;C:\Python27\;C:\Python27\Scripts;C:\WINDOWS\system32;C:\WINDOWS;C:\WINDOWS\System32\Wbem;C:\WINDOWS\System32\WindowsPowerShell\v1.0\;C:\WINDOWS\System32\OpenSSH\;C:\ProgramData\chocolatey\bin;C:\Program Files (x86)\WiX Toolset v3.7\bin;C:\Program Files\dotnet\;C:\Program Files (x86)\Windows Kits\10\bin\10.0.18362.0\x64;C:\Program Files\Zulu\zulu-11\bin\;C:\Program Files (x86)\Windows Kits\10\bin\10.0.17763.0\x64;C:\Program Files (x86)\Windows Kits\10\bin\x64;C:\Program Files\Git\cmd;C:\Program Files\Git\usr\bin;C:\Program Files\Git\mingw64\bin;C:\Program Files\Git\bin;C:\Python38\;C:\Python38\Scripts;C:\StoreBoxClientWindows;C:\Program Files\Electric Cloud\ElectricCommander\bin;C:\Program Files\WinRAR;C:\Program Files\7-Zip;C:\Users\Administrator\AppData\Local\Microsoft\WindowsApps;C:\Program Files (x86)\Microsoft Visual Studio\2017\Professional\Common7\IDE\CommonExtensions\Microsoft\CMake\CMake\bin;C:\Program Files (x86)\Microsoft Visual Studio\2017\Professional\Common7\IDE\CommonExtensions\Microsoft\CMake\Ninja
[2023-05-11T22:31:05.764Z]     
[2023-05-11T22:31:05.764Z]         Building with settings:
[2023-05-11T22:31:05.764Z]           Source directory          S:\jenkins\workspace\ECP\ecg-maya-usd\ecg-mayausd-branch-preflight-2019-no-ufe-windows\ecg-maya-usd\maya-usd
[2023-05-11T22:31:05.764Z]           Workspace directory       W:\
[2023-05-11T22:31:05.764Z]           Build directory           W:\build\RelWithDebInfo
[2023-05-11T22:31:05.764Z]           Install directory         W:\install\RelWithDebInfo\MayaUSD
[2023-05-11T22:31:05.764Z]           Variant                   RelWithDebInfo
[2023-05-11T22:31:05.764Z]           Python Debug              Off
[2023-05-11T22:31:05.764Z]           CMake generator           Ninja
[2023-05-11T22:31:05.764Z]           Build arguments           ['-DCMAKE_MAKE_PROGRAM=P:/shared/Artifactory/Windows/ninja/1.9.0/c68f192/ninja.exe', '-DPYTHON_INCLUDE_DIR=P:/shared/Artifactory/Windows/rundev-2019/202003131251/runtime/155eb96/runTime/include/Python2.7', '-DPython_EXECUTABLE=P:/shared/Artifactory/Windows/rundev-2019/202003131251/runtime/155eb96/runTime/bin/mayapy.exe', '-DPYTHON_LIBRARIES=P:/shared/Artifactory/Windows/rundev-2019/202003131251/runtime/155eb96/runTime/lib/python27.lib', '-DCMAKE_WANT_UFE_BUILD=OFF', '-DUSD_LIB_PREFIX=', '-DBUILD_HDMAYA=OFF']
[2023-05-11T22:31:05.764Z]           Stages arguments          ['clean']
[2023-05-11T22:31:05.764Z]           CTest arguments           ['-E testUsdReferenceAssemblySelection|testUsdMayaAppDir', '-LE interactive', '--parallel 16']
[2023-05-11T22:31:05.764Z]     Success MayaUSD build and install !!!!
[2023-05-11T22:31:05.764Z]     Elapsed time: 00:00:00
[Pipeline] bat
[2023-05-11T22:31:06.111Z] Deleting alias drive W:
[Pipeline] bat
[2023-05-11T22:31:06.489Z] Deleting alias drive P:
[Pipeline] }
[Pipeline] // withEnv
[Pipeline] }
[Pipeline] // timeout
[Pipeline] }
[Pipeline] // stage
[Pipeline] }
[Pipeline] // timestamps
[Pipeline] timestamps
[Pipeline] {
[Pipeline] stage
[Pipeline] { (Configure)
[Pipeline] timeout
[2023-05-11T22:31:06.810Z] Timeout set to expire in 6 hr 0 min
[Pipeline] {
[Pipeline] withEnv
[Pipeline] {
[Pipeline] bat
[2023-05-11T22:31:07.092Z] Creating alias drive P: to S:\jenkins\workspace
[Pipeline] bat
[2023-05-11T22:31:07.451Z] Creating alias drive W: to S:\jenkins\workspace\ECP\ecg-maya-usd\ecg-mayausd-branch-preflight-2019-no-ufe-windows
[Pipeline] bat
[2023-05-11T22:31:07.942Z] "C:\Program Files (x86)\Microsoft Visual Studio\2017\Professional\VC\Auxiliary\Build\vcvarsall.bat" x64
[2023-05-11T22:31:08.046Z] **********************************************************************
[2023-05-11T22:31:08.046Z] ** Visual Studio 2017 Developer Command Prompt v15.9.15
[2023-05-11T22:31:08.046Z] ** Copyright (c) 2017 Microsoft Corporation
[2023-05-11T22:31:08.046Z] **********************************************************************
[2023-05-11T22:31:09.067Z] [vcvarsall.bat] Environment initialized for: 'x64'
[2023-05-11T22:31:09.067Z] python ecg-maya-usd/build.py --stages=configure --workspace-dir=W:\ --artifactory-dir=P:\shared\Artifactory --build-dir=W:\build --install-dir=W:\install --signing-dir=W:\signing --package-dir=W:\package --output-dir=W:\output --stash-dir=W:\stash --jenkins-build=920 --git-commit=e5851046dd9c0676f14ddea2cded9d3b59b25958 --git-branch=master --variants=RelWithDebInfo --python=2.7 --ufe=false --pxrusd-version=0.21.05-gold --post-zips=false --maya-cut-config=maya-rundev-2019.yaml --maya-package=rundev-2019 --stage-banner
[2023-05-11T22:31:09.991Z] Using Maya cut from P:\shared\Artifactory\Windows\rundev-2019\202003131251\runtime\155eb96
[2023-05-11T22:31:10.102Z] 
[2023-05-11T22:31:10.102Z] ================================================================================
[2023-05-11T22:31:10.102Z]                            configure (RelWithDebInfo)
[2023-05-11T22:31:10.102Z] ================================================================================
[2023-05-11T22:31:10.102Z] Maya Python RelWithDebInfo Info:
[2023-05-11T22:31:10.102Z]   mayapy executable   = P:\shared\Artifactory\Windows\rundev-2019\202003131251\runtime\155eb96\runTime\bin\mayapy.exe
[2023-05-11T22:31:10.102Z]   Include Folder      = P:\shared\Artifactory\Windows\rundev-2019\202003131251\runtime\155eb96\runTime\include\Python2.7
[2023-05-11T22:31:10.102Z]   Library             = P:\shared\Artifactory\Windows\rundev-2019\202003131251\runtime\155eb96\runTime\lib\python27.lib
[2023-05-11T22:31:10.102Z]   site-package Folder = P:\shared\Artifactory\Windows\rundev-2019\202003131251\runtime\155eb96\runTime\Python\Lib\site-packages
[2023-05-11T22:31:10.722Z] In workdir: S:\jenkins\workspace\ECP\ecg-maya-usd\ecg-mayausd-branch-preflight-2019-no-ufe-windows\ecg-maya-usd\maya-usd
[2023-05-11T22:31:10.722Z] Executing: 'P:\\shared\\Artifactory\\Windows\\rundev-2019\\202003131251\\runtime\\155eb96\\runTime\\bin\\mayapy.exe' 'S:\\jenkins\\workspace\\ECP\\ecg-maya-usd\\ecg-mayausd-branch-preflight-2019-no-ufe-windows\\ecg-maya-usd\\maya-usd\\build.py' --generator Ninja --build-relwithdebug --maya-location 'P:\\shared\\Artifactory\\Windows\\rundev-2019\\202003131251\\runtime\\155eb96\\runTime' --devkit-location 'P:\\shared\\Artifactory\\Windows\\rundev-2019\\202003131251\\runtime\\155eb96\\devkitBase' --pxrusd-location 'P:\\shared\\Artifactory\\Windows\\USD\\cfb3d8a' --qt-location 'P:\\shared\\Artifactory\\Windows\\qt\\5.6.1\\1acd0ba' --materialx '--build-args=-DCMAKE_MAKE_PROGRAM=P:/shared/Artifactory/Windows/ninja/1.9.0/c68f192/ninja.exe,-DPYTHON_INCLUDE_DIR=P:/shared/Artifactory/Windows/rundev-2019/202003131251/runtime/155eb96/runTime/include/Python2.7,-DPython_EXECUTABLE=P:/shared/Artifactory/Windows/rundev-2019/202003131251/runtime/155eb96/runTime/bin/mayapy.exe,-DPYTHON_LIBRARIES=P:/shared/Artifactory/Windows/rundev-2019/202003131251/runtime/155eb96/runTime/lib/python27.lib,-DCMAKE_WANT_UFE_BUILD=OFF,-DUSD_LIB_PREFIX=,-DBUILD_HDMAYA=OFF' '--ctest-args=-E testUsdReferenceAssemblySelection|testUsdMayaAppDir,-LE interactive,--parallel 16' --stages=configure --redirect-outstream-file=False --install-location 'W:\\install\\RelWithDebInfo\\MayaUSD' 'W:\\'
[2023-05-11T22:31:10.722Z] Modified environment variables:
[2023-05-11T22:31:10.723Z]     PATH=P:\shared\Artifactory\Windows\cmake\3.20.3\afe857a\bin;C:\Python27\lib\site-packages\pywin32_system32;C:\Program Files (x86)\Microsoft Visual Studio\2017\Professional\VC\Tools\MSVC\14.16.27023\bin\HostX64\x64;C:\Program Files (x86)\Microsoft Visual Studio\2017\Professional\Common7\IDE\VC\VCPackages;C:\Program Files (x86)\Microsoft Visual Studio\2017\Professional\Common7\IDE\CommonExtensions\Microsoft\TestWindow;C:\Program Files (x86)\Microsoft Visual Studio\2017\Professional\Common7\IDE\CommonExtensions\Microsoft\TeamFoundation\Team Explorer;C:\Program Files (x86)\Microsoft Visual Studio\2017\Professional\MSBuild\15.0\bin\Roslyn;C:\Program Files (x86)\Microsoft Visual Studio\2017\Professional\Team Tools\Performance Tools\x64;C:\Program Files (x86)\Microsoft Visual Studio\2017\Professional\Team Tools\Performance Tools;C:\Program Files (x86)\Microsoft Visual Studio\Shared\Common\VSPerfCollectionTools\\x64;C:\Program Files (x86)\Microsoft Visual Studio\Shared\Common\VSPerfCollectionTools\;C:\Program Files (x86)\Microsoft SDKs\Windows\v10.0A\bin\NETFX 4.6.1 Tools\x64\;C:\Program Files (x86)\HTML Help Workshop;C:\Program Files (x86)\Windows Kits\10\bin\10.0.18362.0\x64;C:\Program Files (x86)\Windows Kits\10\bin\x64;C:\Program Files (x86)\Microsoft Visual Studio\2017\Professional\\MSBuild\15.0\bin;C:\WINDOWS\Microsoft.NET\Framework64\v4.0.30319;C:\Program Files (x86)\Microsoft Visual Studio\2017\Professional\Common7\IDE\;C:\Program Files (x86)\Microsoft Visual Studio\2017\Professional\Common7\Tools\;C:\Python27\;C:\Python27\Scripts;C:\WINDOWS\system32;C:\WINDOWS;C:\WINDOWS\System32\Wbem;C:\WINDOWS\System32\WindowsPowerShell\v1.0\;C:\WINDOWS\System32\OpenSSH\;C:\ProgramData\chocolatey\bin;C:\Program Files (x86)\WiX Toolset v3.7\bin;C:\Program Files\dotnet\;C:\Program Files (x86)\Windows Kits\10\bin\10.0.18362.0\x64;C:\Program Files\Zulu\zulu-11\bin\;C:\Program Files (x86)\Windows Kits\10\bin\10.0.17763.0\x64;C:\Program Files (x86)\Windows Kits\10\bin\x64;C:\Program Files\Git\cmd;C:\Program Files\Git\usr\bin;C:\Program Files\Git\mingw64\bin;C:\Program Files\Git\bin;C:\Python38\;C:\Python38\Scripts;C:\StoreBoxClientWindows;C:\Program Files\Electric Cloud\ElectricCommander\bin;C:\Program Files\WinRAR;C:\Program Files\7-Zip;C:\Users\Administrator\AppData\Local\Microsoft\WindowsApps;C:\Program Files (x86)\Microsoft Visual Studio\2017\Professional\Common7\IDE\CommonExtensions\Microsoft\CMake\CMake\bin;C:\Program Files (x86)\Microsoft Visual Studio\2017\Professional\Common7\IDE\CommonExtensions\Microsoft\CMake\Ninja
[2023-05-11T22:31:11.443Z]     -- The C compiler identification is MSVC 19.16.27032.1
[2023-05-11T22:31:11.757Z]     -- The CXX compiler identification is MSVC 19.16.27032.1
[2023-05-11T22:31:11.757Z]     -- Detecting C compiler ABI info
[2023-05-11T22:31:12.574Z]     -- Detecting C compiler ABI info - done
[2023-05-11T22:31:12.574Z]     -- Check for working C compiler: C:/Program Files (x86)/Microsoft Visual Studio/2017/Professional/VC/Tools/MSVC/14.16.27023/bin/Hostx64/x64/cl.exe - skipped
[2023-05-11T22:31:12.574Z]     -- Detecting C compile features
[2023-05-11T22:31:12.574Z]     -- Detecting C compile features - done
[2023-05-11T22:31:12.574Z]     -- Detecting CXX compiler ABI info
[2023-05-11T22:31:13.191Z]     -- Detecting CXX compiler ABI info - done
[2023-05-11T22:31:13.191Z]     -- Check for working CXX compiler: C:/Program Files (x86)/Microsoft Visual Studio/2017/Professional/VC/Tools/MSVC/14.16.27023/bin/Hostx64/x64/cl.exe - skipped
[2023-05-11T22:31:13.191Z]     -- Detecting CXX compile features
[2023-05-11T22:31:13.191Z]     -- Detecting CXX compile features - done
[2023-05-11T22:31:13.303Z]     -- Using Maya Light API Version 1
[2023-05-11T22:31:13.415Z]     -- Found Maya: P:/shared/Artifactory/Windows/rundev-2019/202003131251/runtime/155eb96/runTime/bin/maya.exe (found suitable version "2019", minimum required is "2018")
[2023-05-11T22:31:13.829Z]     -- Found Python: P:/shared/Artifactory/Windows/rundev-2019/202003131251/runtime/155eb96/runTime/bin/mayapy.exe (found suitable exact version "2.7.11") found components: Interpreter
[2023-05-11T22:31:13.829Z]     -- Build MayaUSD with Python3 = OFF
[2023-05-11T22:31:13.829Z]     --    PYTHON_INCLUDE_DIRS = P:/shared/Artifactory/Windows/rundev-2019/202003131251/runtime/155eb96/runTime/include/Python2.7
[2023-05-11T22:31:13.829Z]     --    PYTHON_LIBRARIES    = P:/shared/Artifactory/Windows/rundev-2019/202003131251/runtime/155eb96/runTime/lib/python27.lib
[2023-05-11T22:31:13.829Z]     --    Python_EXECUTABLE   = P:/shared/Artifactory/Windows/rundev-2019/202003131251/runtime/155eb96/runTime/bin/mayapy.exe
[2023-05-11T22:31:14.551Z]     -- USD include dir: P:/shared/Artifactory/Windows/USD/cfb3d8a/include
[2023-05-11T22:31:14.551Z]     -- USD library dir: P:/shared/Artifactory/Windows/USD/cfb3d8a/lib
[2023-05-11T22:31:14.551Z]     -- USD version: 0.21.05
[2023-05-11T22:31:14.551Z]     -- Autodesk USD version: 0.21.05
[2023-05-11T22:31:14.551Z]     -- USD Boost::boost version: 107000
[2023-05-11T22:31:14.551Z]     -- Found USD: P:/shared/Artifactory/Windows/USD/cfb3d8a (found suitable version "0.21.05", minimum required is "0.20.05")
[2023-05-11T22:31:14.551Z]     CMake Warning at CMakeLists.txt:125 (message):
[2023-05-11T22:31:14.551Z]       Disabling MaterialX VP2 rendering: it is not supported by this USD package.
[2023-05-11T22:31:14.551Z]     
[2023-05-11T22:31:14.551Z]     
[2023-05-11T22:31:14.551Z]     Updated PYTHONPATH: P:\shared\Artifactory\Windows\USD\cfb3d8a\lib\python
[2023-05-11T22:31:14.551Z]     Updated PATH: P:\shared\Artifactory\Windows\rundev-2019\202003131251\runtime\155eb96\runTime\bin;P:\shared\Artifactory\Windows\cmake\3.20.3\afe857a\bin;C:\Python27\lib\site-packages\pywin32_system32;C:\Program Files (x86)\Microsoft Visual Studio\2017\Professional\VC\Tools\MSVC\14.16.27023\bin\HostX64\x64;C:\Program Files (x86)\Microsoft Visual Studio\2017\Professional\Common7\IDE\VC\VCPackages;C:\Program Files (x86)\Microsoft Visual Studio\2017\Professional\Common7\IDE\CommonExtensions\Microsoft\TestWindow;C:\Program Files (x86)\Microsoft Visual Studio\2017\Professional\Common7\IDE\CommonExtensions\Microsoft\TeamFoundation\Team Explorer;C:\Program Files (x86)\Microsoft Visual Studio\2017\Professional\MSBuild\15.0\bin\Roslyn;C:\Program Files (x86)\Microsoft Visual Studio\2017\Professional\Team Tools\Performance Tools\x64;C:\Program Files (x86)\Microsoft Visual Studio\2017\Professional\Team Tools\Performance Tools;C:\Program Files (x86)\Microsoft Visual Studio\Shared\Common\VSPerfCollectionTools\\x64;C:\Program Files (x86)\Microsoft Visual Studio\Shared\Common\VSPerfCollectionTools\;C:\Program Files (x86)\Microsoft SDKs\Windows\v10.0A\bin\NETFX 4.6.1 Tools\x64\;C:\Program Files (x86)\HTML Help Workshop;C:\Program Files (x86)\Windows Kits\10\bin\10.0.18362.0\x64;C:\Program Files (x86)\Windows Kits\10\bin\x64;C:\Program Files (x86)\Microsoft Visual Studio\2017\Professional\\MSBuild\15.0\bin;C:\WINDOWS\Microsoft.NET\Framework64\v4.0.30319;C:\Program Files (x86)\Microsoft Visual Studio\2017\Professional\Common7\IDE\;C:\Program Files (x86)\Microsoft Visual Studio\2017\Professional\Common7\Tools\;C:\Python27\;C:\Python27\Scripts;C:\WINDOWS\system32;C:\WINDOWS;C:\WINDOWS\System32\Wbem;C:\WINDOWS\System32\WindowsPowerShell\v1.0\;C:\WINDOWS\System32\OpenSSH\;C:\ProgramData\chocolatey\bin;C:\Program Files (x86)\WiX Toolset v3.7\bin;C:\Program Files\dotnet\;C:\Program Files (x86)\Windows Kits\10\bin\10.0.18362.0\x64;C:\Program Files\Zulu\zulu-11\bin\;C:\Program Files (x86)\Windows Kits\10\bin\10.0.17763.0\x64;C:\Program Files (x86)\Windows Kits\10\bin\x64;C:\Program Files\Git\cmd;C:\Program Files\Git\usr\bin;C:\Program Files\Git\mingw64\bin;C:\Program Files\Git\bin;C:\Python38\;C:\Python38\Scripts;C:\StoreBoxClientWindows;C:\Program Files\Electric Cloud\ElectricCommander\bin;C:\Program Files\WinRAR;C:\Program Files\7-Zip;C:\Users\Administrator\AppData\Local\Microsoft\WindowsApps;C:\Program Files (x86)\Microsoft Visual Studio\2017\Professional\Common7\IDE\CommonExtensions\Microsoft\CMake\CMake\bin;C:\Program Files (x86)\Microsoft Visual Studio\2017\Professional\Common7\IDE\CommonExtensions\Microsoft\CMake\Ninja;P:\shared\Artifactory\Windows\USD\cfb3d8a\bin;P:\shared\Artifactory\Windows\USD\cfb3d8a\lib
[2023-05-11T22:31:14.664Z]     -- Building with Qt features enabled.
[2023-05-11T22:31:14.664Z]     -- **** Building Gulrak From Github Repository.
[2023-05-11T22:31:14.664Z]     -- Populating gulrak
[2023-05-11T22:31:14.882Z]     -- Configuring done
[2023-05-11T22:31:14.882Z]     -- Generating done
[2023-05-11T22:31:14.882Z]     -- Build files have been written to: W:/build/RelWithDebInfo/_deps/gulrak-subbuild
[2023-05-11T22:31:15.101Z]     [1/9] Creating directories for 'gulrak-populate'
[2023-05-11T22:31:15.101Z]     [1/9] Performing download step (git clone) for 'gulrak-populate'
[2023-05-11T22:31:15.216Z]     Cloning into 'gulrak-src'...
[2023-05-11T22:31:16.147Z]     HEAD is now at 4e21ab3 Version bump and updated readme.
[2023-05-11T22:31:16.972Z]     [2/9] Performing update step for 'gulrak-populate'
[2023-05-11T22:31:17.091Z]     [4/9] No patch step for 'gulrak-populate'
[2023-05-11T22:31:17.210Z]     [5/9] No configure step for 'gulrak-populate'
[2023-05-11T22:31:17.210Z]     [6/9] No build step for 'gulrak-populate'
[2023-05-11T22:31:17.328Z]     [7/9] No install step for 'gulrak-populate'
[2023-05-11T22:31:17.328Z]     [8/9] No test step for 'gulrak-populate'
[2023-05-11T22:31:17.328Z]     [9/9] Completed 'gulrak-populate'
[2023-05-11T22:31:18.153Z]     -- ========== Installing GoogleTest... ==========
[2023-05-11T22:31:18.371Z]     -- Configuring done
[2023-05-11T22:31:18.371Z]     -- Generating done
[2023-05-11T22:31:18.371Z]     -- Build files have been written to: W:/build/RelWithDebInfo/googletest-config
[2023-05-11T22:31:18.593Z]     [1/8] Creating directories for 'googletest'
[2023-05-11T22:31:21.448Z]     [2/8] Performing download step (git clone) for 'googletest'
[2023-05-11T22:31:21.448Z]     Cloning into 'googletest-src'...
[2023-05-11T22:31:21.448Z]     HEAD is now at 703bd9ca Googletest export
[2023-05-11T22:31:21.566Z]     [3/8] Performing update step for 'googletest'
[2023-05-11T22:31:21.684Z]     [4/8] No patch step for 'googletest'
[2023-05-11T22:31:23.725Z]     [5/8] Performing configure step for 'googletest'
[2023-05-11T22:31:23.725Z]     Not searching for unused variables given on the command line.
[2023-05-11T22:31:23.725Z]     CMake Deprecation Warning at CMakeLists.txt:4 (cmake_minimum_required):
[2023-05-11T22:31:23.725Z]       Compatibility with CMake < 2.8.12 will be removed from a future version of
[2023-05-11T22:31:23.725Z]       CMake.
[2023-05-11T22:31:23.725Z]     
[2023-05-11T22:31:23.725Z]       Update the VERSION argument <min> value or use a ...<max> suffix to tell
[2023-05-11T22:31:23.725Z]       CMake that the project does not need compatibility with older versions.
[2023-05-11T22:31:23.725Z]     
[2023-05-11T22:31:23.725Z]     
[2023-05-11T22:31:23.725Z]     -- The C compiler identification is MSVC 19.16.27032.1
[2023-05-11T22:31:23.725Z]     -- The CXX compiler identification is MSVC 19.16.27032.1
[2023-05-11T22:31:23.725Z]     -- Detecting C compiler ABI info
[2023-05-11T22:31:23.725Z]     -- Detecting C compiler ABI info - done
[2023-05-11T22:31:23.725Z]     -- Check for working C compiler: C:/Program Files (x86)/Microsoft Visual Studio/2017/Professional/VC/Tools/MSVC/14.16.27023/bin/Hostx64/x64/cl.exe - skipped
[2023-05-11T22:31:23.725Z]     -- Detecting C compile features
[2023-05-11T22:31:23.725Z]     -- Detecting C compile features - done
[2023-05-11T22:31:23.725Z]     -- Detecting CXX compiler ABI info
[2023-05-11T22:31:23.725Z]     -- Detecting CXX compiler ABI info - done
[2023-05-11T22:31:23.725Z]     -- Check for working CXX compiler: C:/Program Files (x86)/Microsoft Visual Studio/2017/Professional/VC/Tools/MSVC/14.16.27023/bin/Hostx64/x64/cl.exe - skipped
[2023-05-11T22:31:23.725Z]     -- Detecting CXX compile features
[2023-05-11T22:31:23.725Z]     -- Detecting CXX compile features - done
[2023-05-11T22:31:23.725Z]     CMake Deprecation Warning at googletest/CMakeLists.txt:56 (cmake_minimum_required):
[2023-05-11T22:31:23.725Z]       Compatibility with CMake < 2.8.12 will be removed from a future version of
[2023-05-11T22:31:23.725Z]       CMake.
[2023-05-11T22:31:23.725Z]     
[2023-05-11T22:31:23.725Z]       Update the VERSION argument <min> value or use a ...<max> suffix to tell
[2023-05-11T22:31:23.725Z]       CMake that the project does not need compatibility with older versions.
[2023-05-11T22:31:23.725Z]     
[2023-05-11T22:31:23.725Z]     
[2023-05-11T22:31:23.725Z]     -- Found PythonInterp: C:/Python27/python.exe
[2023-05-11T22:31:23.725Z]     -- Looking for pthread.h
[2023-05-11T22:31:23.725Z]     -- Looking for pthread.h - not found
[2023-05-11T22:31:23.725Z]     -- Found Threads: TRUE
[2023-05-11T22:31:23.725Z]     -- Configuring done
[2023-05-11T22:31:23.725Z]     -- Generating done
[2023-05-11T22:31:23.725Z]     -- Build files have been written to: W:/build/RelWithDebInfo/googletest-build
[2023-05-11T22:31:28.402Z]     [6/8] Performing build step for 'googletest'
[2023-05-11T22:31:28.402Z]     [1/4] Building CXX object googletest\CMakeFiles\gtest_main.dir\src\gtest_main.cc.obj
[2023-05-11T22:31:28.402Z]     [2/4] Building CXX object googletest\CMakeFiles\gtest.dir\src\gtest-all.cc.obj
[2023-05-11T22:31:28.402Z]     [3/4] Linking CXX shared library bin\gtest.dll
[2023-05-11T22:31:28.402Z]     [4/4] Linking CXX shared library bin\gtest_main.dll
[2023-05-11T22:31:28.721Z]     [7/8] Performing install step for 'googletest'
[2023-05-11T22:31:28.721Z]     [0/1] Install the project...
[2023-05-11T22:31:28.721Z]     -- Install configuration: "RelWithDebInfo"
[2023-05-11T22:31:28.837Z]     [8/8] Completed 'googletest'
[2023-05-11T22:31:28.837Z]     -- ========== ...  GoogleTest installed. ==========
[2023-05-11T22:31:29.971Z]     -- MAYA_HAS_DEFAULT_MATERIAL_API is FALSE
[2023-05-11T22:31:29.971Z]     -- MAYA_NEW_POINT_SNAPPING_SUPPORT is FALSE
[2023-05-11T22:31:29.971Z]     -- MAYA_HAS_CRASH_DETECTION is FALSE
[2023-05-11T22:31:29.971Z]     -- MAYA_CURRENT_UFE_CAMERA_SUPPORT is FALSE
[2023-05-11T22:31:29.971Z]     -- MAYA_MRENDERITEM_UFE_IDENTIFIER_SUPPORT is FALSE
[2023-05-11T22:31:29.971Z]     -- MAYA_UPDATE_UFE_IDENTIFIER_SUPPORT is FALSE
[2023-05-11T22:31:29.971Z]     -- MAYA_HAS_DISPLAY_STYLE_ALL_VIEWPORTS is FALSE
[2023-05-11T22:31:29.971Z]     -- MAYA_ARRAY_ITERATOR_DIFFERENCE_TYPE_SUPPORT is FALSE
[2023-05-11T22:31:29.971Z]     -- MAYA_HAS_GET_MEMBER_PATHS is FALSE
[2023-05-11T22:31:29.971Z]     -- USD_HAS_COLOR4_SDR_SUPPORT is FALSE
[2023-05-11T22:31:29.971Z]     -- MAYA_HAS_DISPLAY_LAYER_API is FALSE
[2023-05-11T22:31:29.971Z]     -- MAYA_HAS_NEW_DISPLAY_LAYER_MESSAGING_API is FALSE
[2023-05-11T22:31:29.971Z]     -- MAYA_HAS_RENDER_ITEM_HIDE_ON_PLAYBACK_API is FALSE
[2023-05-11T22:31:29.971Z]     -- promoting: S:/jenkins/workspace/ECP/ecg-maya-usd/ecg-mayausd-branch-preflight-2019-no-ufe-windows/ecg-maya-usd/maya-usd/lib/mayaUsd/base/mayaUsd.h.src
[2023-05-11T22:31:29.971Z]     -- promoting: S:/jenkins/workspace/ECP/ecg-maya-usd/ecg-mayausd-branch-preflight-2019-no-ufe-windows/ecg-maya-usd/maya-usd/lib/mayaUsd/base/api.h
[2023-05-11T22:31:29.971Z]     -- promoting: S:/jenkins/workspace/ECP/ecg-maya-usd/ecg-mayausd-branch-preflight-2019-no-ufe-windows/ecg-maya-usd/maya-usd/lib/mayaUsd/base/debugCodes.h
[2023-05-11T22:31:29.971Z]     -- promoting: S:/jenkins/workspace/ECP/ecg-maya-usd/ecg-mayausd-branch-preflight-2019-no-ufe-windows/ecg-maya-usd/maya-usd/lib/mayaUsd/base/id.h
[2023-05-11T22:31:29.971Z]     -- promoting: S:/jenkins/workspace/ECP/ecg-maya-usd/ecg-mayausd-branch-preflight-2019-no-ufe-windows/ecg-maya-usd/maya-usd/lib/mayaUsd/base/syncId.h
[2023-05-11T22:31:29.971Z]     -- promoting: S:/jenkins/workspace/ECP/ecg-maya-usd/ecg-mayausd-branch-preflight-2019-no-ufe-windows/ecg-maya-usd/maya-usd/lib/mayaUsd/base/tokens.h
[2023-05-11T22:31:29.971Z]     -- promoting: S:/jenkins/workspace/ECP/ecg-maya-usd/ecg-mayausd-branch-preflight-2019-no-ufe-windows/ecg-maya-usd/maya-usd/lib/mayaUsd/commands/abstractLayerEditorWindow.h
[2023-05-11T22:31:29.971Z]     -- promoting: S:/jenkins/workspace/ECP/ecg-maya-usd/ecg-mayausd-branch-preflight-2019-no-ufe-windows/ecg-maya-usd/maya-usd/lib/mayaUsd/commands/baseExportCommand.h
[2023-05-11T22:31:29.971Z]     -- promoting: S:/jenkins/workspace/ECP/ecg-maya-usd/ecg-mayausd-branch-preflight-2019-no-ufe-windows/ecg-maya-usd/maya-usd/lib/mayaUsd/commands/baseImportCommand.h
[2023-05-11T22:31:29.971Z]     -- promoting: S:/jenkins/workspace/ECP/ecg-maya-usd/ecg-mayausd-branch-preflight-2019-no-ufe-windows/ecg-maya-usd/maya-usd/lib/mayaUsd/commands/baseListJobContextsCommand.h
[2023-05-11T22:31:29.971Z]     -- promoting: S:/jenkins/workspace/ECP/ecg-maya-usd/ecg-mayausd-branch-preflight-2019-no-ufe-windows/ecg-maya-usd/maya-usd/lib/mayaUsd/commands/baseListShadingModesCommand.h
[2023-05-11T22:31:29.971Z]     -- promoting: S:/jenkins/workspace/ECP/ecg-maya-usd/ecg-mayausd-branch-preflight-2019-no-ufe-windows/ecg-maya-usd/maya-usd/lib/mayaUsd/commands/editTargetCommand.h
[2023-05-11T22:31:29.971Z]     -- promoting: S:/jenkins/workspace/ECP/ecg-maya-usd/ecg-mayausd-branch-preflight-2019-no-ufe-windows/ecg-maya-usd/maya-usd/lib/mayaUsd/commands/layerEditorCommand.h
[2023-05-11T22:31:29.971Z]     -- promoting: S:/jenkins/workspace/ECP/ecg-maya-usd/ecg-mayausd-branch-preflight-2019-no-ufe-windows/ecg-maya-usd/maya-usd/lib/mayaUsd/commands/layerEditorWindowCommand.h
[2023-05-11T22:31:29.971Z]     -- promoting: S:/jenkins/workspace/ECP/ecg-maya-usd/ecg-mayausd-branch-preflight-2019-no-ufe-windows/ecg-maya-usd/maya-usd/lib/mayaUsd/fileio/fallbackPrimReader.h
[2023-05-11T22:31:29.971Z]     -- promoting: S:/jenkins/workspace/ECP/ecg-maya-usd/ecg-mayausd-branch-preflight-2019-no-ufe-windows/ecg-maya-usd/maya-usd/lib/mayaUsd/fileio/functorPrimReader.h
[2023-05-11T22:31:29.971Z]     -- promoting: S:/jenkins/workspace/ECP/ecg-maya-usd/ecg-mayausd-branch-preflight-2019-no-ufe-windows/ecg-maya-usd/maya-usd/lib/mayaUsd/fileio/functorPrimWriter.h
[2023-05-11T22:31:29.971Z]     -- promoting: S:/jenkins/workspace/ECP/ecg-maya-usd/ecg-mayausd-branch-preflight-2019-no-ufe-windows/ecg-maya-usd/maya-usd/lib/mayaUsd/fileio/importData.h
[2023-05-11T22:31:29.971Z]     -- promoting: S:/jenkins/workspace/ECP/ecg-maya-usd/ecg-mayausd-branch-preflight-2019-no-ufe-windows/ecg-maya-usd/maya-usd/lib/mayaUsd/fileio/instancedNodeWriter.h
[2023-05-11T22:31:29.971Z]     -- promoting: S:/jenkins/workspace/ECP/ecg-maya-usd/ecg-mayausd-branch-preflight-2019-no-ufe-windows/ecg-maya-usd/maya-usd/lib/mayaUsd/fileio/jobContextRegistry.h
[2023-05-11T22:31:29.971Z]     -- promoting: S:/jenkins/workspace/ECP/ecg-maya-usd/ecg-mayausd-branch-preflight-2019-no-ufe-windows/ecg-maya-usd/maya-usd/lib/mayaUsd/fileio/primReader.h
[2023-05-11T22:31:29.971Z]     -- promoting: S:/jenkins/workspace/ECP/ecg-maya-usd/ecg-mayausd-branch-preflight-2019-no-ufe-windows/ecg-maya-usd/maya-usd/lib/mayaUsd/fileio/primReaderArgs.h
[2023-05-11T22:31:29.971Z]     -- promoting: S:/jenkins/workspace/ECP/ecg-maya-usd/ecg-mayausd-branch-preflight-2019-no-ufe-windows/ecg-maya-usd/maya-usd/lib/mayaUsd/fileio/primReaderContext.h
[2023-05-11T22:31:29.971Z]     -- promoting: S:/jenkins/workspace/ECP/ecg-maya-usd/ecg-mayausd-branch-preflight-2019-no-ufe-windows/ecg-maya-usd/maya-usd/lib/mayaUsd/fileio/primReaderRegistry.h
[2023-05-11T22:31:29.971Z]     -- promoting: S:/jenkins/workspace/ECP/ecg-maya-usd/ecg-mayausd-branch-preflight-2019-no-ufe-windows/ecg-maya-usd/maya-usd/lib/mayaUsd/fileio/primWriter.h
[2023-05-11T22:31:29.971Z]     -- promoting: S:/jenkins/workspace/ECP/ecg-maya-usd/ecg-mayausd-branch-preflight-2019-no-ufe-windows/ecg-maya-usd/maya-usd/lib/mayaUsd/fileio/primWriterArgs.h
[2023-05-11T22:31:29.971Z]     -- promoting: S:/jenkins/workspace/ECP/ecg-maya-usd/ecg-mayausd-branch-preflight-2019-no-ufe-windows/ecg-maya-usd/maya-usd/lib/mayaUsd/fileio/primWriterContext.h
[2023-05-11T22:31:29.971Z]     -- promoting: S:/jenkins/workspace/ECP/ecg-maya-usd/ecg-mayausd-branch-preflight-2019-no-ufe-windows/ecg-maya-usd/maya-usd/lib/mayaUsd/fileio/primWriterRegistry.h
[2023-05-11T22:31:29.971Z]     -- promoting: S:/jenkins/workspace/ECP/ecg-maya-usd/ecg-mayausd-branch-preflight-2019-no-ufe-windows/ecg-maya-usd/maya-usd/lib/mayaUsd/fileio/registryHelper.h
[2023-05-11T22:31:29.971Z]     -- promoting: S:/jenkins/workspace/ECP/ecg-maya-usd/ecg-mayausd-branch-preflight-2019-no-ufe-windows/ecg-maya-usd/maya-usd/lib/mayaUsd/fileio/schemaApiAdaptor.h
[2023-05-11T22:31:29.971Z]     -- promoting: S:/jenkins/workspace/ECP/ecg-maya-usd/ecg-mayausd-branch-preflight-2019-no-ufe-windows/ecg-maya-usd/maya-usd/lib/mayaUsd/fileio/schemaApiAdaptorRegistry.h
[2023-05-11T22:31:29.971Z]     -- promoting: S:/jenkins/workspace/ECP/ecg-maya-usd/ecg-mayausd-branch-preflight-2019-no-ufe-windows/ecg-maya-usd/maya-usd/lib/mayaUsd/fileio/shaderReader.h
[2023-05-11T22:31:29.971Z]     -- promoting: S:/jenkins/workspace/ECP/ecg-maya-usd/ecg-mayausd-branch-preflight-2019-no-ufe-windows/ecg-maya-usd/maya-usd/lib/mayaUsd/fileio/shaderReaderRegistry.h
[2023-05-11T22:31:29.971Z]     -- promoting: S:/jenkins/workspace/ECP/ecg-maya-usd/ecg-mayausd-branch-preflight-2019-no-ufe-windows/ecg-maya-usd/maya-usd/lib/mayaUsd/fileio/shaderWriter.h
[2023-05-11T22:31:29.971Z]     -- promoting: S:/jenkins/workspace/ECP/ecg-maya-usd/ecg-mayausd-branch-preflight-2019-no-ufe-windows/ecg-maya-usd/maya-usd/lib/mayaUsd/fileio/shaderWriterRegistry.h
[2023-05-11T22:31:29.971Z]     -- promoting: S:/jenkins/workspace/ECP/ecg-maya-usd/ecg-mayausd-branch-preflight-2019-no-ufe-windows/ecg-maya-usd/maya-usd/lib/mayaUsd/fileio/transformWriter.h
[2023-05-11T22:31:29.971Z]     -- promoting: S:/jenkins/workspace/ECP/ecg-maya-usd/ecg-mayausd-branch-preflight-2019-no-ufe-windows/ecg-maya-usd/maya-usd/lib/mayaUsd/fileio/writeJobContext.h
[2023-05-11T22:31:29.971Z]     -- promoting: S:/jenkins/workspace/ECP/ecg-maya-usd/ecg-mayausd-branch-preflight-2019-no-ufe-windows/ecg-maya-usd/maya-usd/lib/mayaUsd/fileio/chaser/exportChaser.h
[2023-05-11T22:31:29.971Z]     -- promoting: S:/jenkins/workspace/ECP/ecg-maya-usd/ecg-mayausd-branch-preflight-2019-no-ufe-windows/ecg-maya-usd/maya-usd/lib/mayaUsd/fileio/chaser/exportChaserRegistry.h
[2023-05-11T22:31:29.971Z]     -- promoting: S:/jenkins/workspace/ECP/ecg-maya-usd/ecg-mayausd-branch-preflight-2019-no-ufe-windows/ecg-maya-usd/maya-usd/lib/mayaUsd/fileio/chaser/importChaserRegistry.h
[2023-05-11T22:31:29.971Z]     -- promoting: S:/jenkins/workspace/ECP/ecg-maya-usd/ecg-mayausd-branch-preflight-2019-no-ufe-windows/ecg-maya-usd/maya-usd/lib/mayaUsd/fileio/chaser/importChaser.h
[2023-05-11T22:31:29.971Z]     -- promoting: S:/jenkins/workspace/ECP/ecg-maya-usd/ecg-mayausd-branch-preflight-2019-no-ufe-windows/ecg-maya-usd/maya-usd/lib/mayaUsd/fileio/jobs/jobArgs.h
[2023-05-11T22:31:29.971Z]     -- promoting: S:/jenkins/workspace/ECP/ecg-maya-usd/ecg-mayausd-branch-preflight-2019-no-ufe-windows/ecg-maya-usd/maya-usd/lib/mayaUsd/fileio/jobs/meshDataReadJob.h
[2023-05-11T22:31:29.971Z]     -- promoting: S:/jenkins/workspace/ECP/ecg-maya-usd/ecg-mayausd-branch-preflight-2019-no-ufe-windows/ecg-maya-usd/maya-usd/lib/mayaUsd/fileio/jobs/modelKindProcessor.h
[2023-05-11T22:31:29.971Z]     -- promoting: S:/jenkins/workspace/ECP/ecg-maya-usd/ecg-mayausd-branch-preflight-2019-no-ufe-windows/ecg-maya-usd/maya-usd/lib/mayaUsd/fileio/jobs/readJob.h
[2023-05-11T22:31:29.972Z]     -- promoting: S:/jenkins/workspace/ECP/ecg-maya-usd/ecg-mayausd-branch-preflight-2019-no-ufe-windows/ecg-maya-usd/maya-usd/lib/mayaUsd/fileio/jobs/writeJob.h
[2023-05-11T22:31:29.972Z]     -- promoting: S:/jenkins/workspace/ECP/ecg-maya-usd/ecg-mayausd-branch-preflight-2019-no-ufe-windows/ecg-maya-usd/maya-usd/lib/mayaUsd/fileio/shading/rfmShaderMap.h
[2023-05-11T22:31:29.972Z]     -- promoting: S:/jenkins/workspace/ECP/ecg-maya-usd/ecg-mayausd-branch-preflight-2019-no-ufe-windows/ecg-maya-usd/maya-usd/lib/mayaUsd/fileio/shading/shadingModeExporter.h
[2023-05-11T22:31:29.972Z]     -- promoting: S:/jenkins/workspace/ECP/ecg-maya-usd/ecg-mayausd-branch-preflight-2019-no-ufe-windows/ecg-maya-usd/maya-usd/lib/mayaUsd/fileio/shading/shadingModeExporterContext.h
[2023-05-11T22:31:29.972Z]     -- promoting: S:/jenkins/workspace/ECP/ecg-maya-usd/ecg-mayausd-branch-preflight-2019-no-ufe-windows/ecg-maya-usd/maya-usd/lib/mayaUsd/fileio/shading/shadingModeImporter.h
[2023-05-11T22:31:29.972Z]     -- promoting: S:/jenkins/workspace/ECP/ecg-maya-usd/ecg-mayausd-branch-preflight-2019-no-ufe-windows/ecg-maya-usd/maya-usd/lib/mayaUsd/fileio/shading/shadingModeRegistry.h
[2023-05-11T22:31:29.972Z]     -- promoting: S:/jenkins/workspace/ECP/ecg-maya-usd/ecg-mayausd-branch-preflight-2019-no-ufe-windows/ecg-maya-usd/maya-usd/lib/mayaUsd/fileio/shading/symmetricShaderReader.h
[2023-05-11T22:31:29.972Z]     -- promoting: S:/jenkins/workspace/ECP/ecg-maya-usd/ecg-mayausd-branch-preflight-2019-no-ufe-windows/ecg-maya-usd/maya-usd/lib/mayaUsd/fileio/shading/symmetricShaderWriter.h
[2023-05-11T22:31:29.972Z]     -- promoting: S:/jenkins/workspace/ECP/ecg-maya-usd/ecg-mayausd-branch-preflight-2019-no-ufe-windows/ecg-maya-usd/maya-usd/lib/mayaUsd/fileio/translators/skelBindingsProcessor.h
[2023-05-11T22:31:29.972Z]     -- promoting: S:/jenkins/workspace/ECP/ecg-maya-usd/ecg-mayausd-branch-preflight-2019-no-ufe-windows/ecg-maya-usd/maya-usd/lib/mayaUsd/fileio/translators/translatorCamera.h
[2023-05-11T22:31:29.972Z]     -- promoting: S:/jenkins/workspace/ECP/ecg-maya-usd/ecg-mayausd-branch-preflight-2019-no-ufe-windows/ecg-maya-usd/maya-usd/lib/mayaUsd/fileio/translators/translatorCurves.h
[2023-05-11T22:31:29.972Z]     -- promoting: S:/jenkins/workspace/ECP/ecg-maya-usd/ecg-mayausd-branch-preflight-2019-no-ufe-windows/ecg-maya-usd/maya-usd/lib/mayaUsd/fileio/translators/translatorGprim.h
[2023-05-11T22:31:29.972Z]     -- promoting: S:/jenkins/workspace/ECP/ecg-maya-usd/ecg-mayausd-branch-preflight-2019-no-ufe-windows/ecg-maya-usd/maya-usd/lib/mayaUsd/fileio/translators/translatorLight.h
[2023-05-11T22:31:29.972Z]     -- promoting: S:/jenkins/workspace/ECP/ecg-maya-usd/ecg-mayausd-branch-preflight-2019-no-ufe-windows/ecg-maya-usd/maya-usd/lib/mayaUsd/fileio/translators/translatorMaterial.h
[2023-05-11T22:31:29.972Z]     -- promoting: S:/jenkins/workspace/ECP/ecg-maya-usd/ecg-mayausd-branch-preflight-2019-no-ufe-windows/ecg-maya-usd/maya-usd/lib/mayaUsd/fileio/translators/translatorMayaReference.h
[2023-05-11T22:31:29.972Z]     -- promoting: S:/jenkins/workspace/ECP/ecg-maya-usd/ecg-mayausd-branch-preflight-2019-no-ufe-windows/ecg-maya-usd/maya-usd/lib/mayaUsd/fileio/translators/translatorMesh.h
[2023-05-11T22:31:29.972Z]     -- promoting: S:/jenkins/workspace/ECP/ecg-maya-usd/ecg-mayausd-branch-preflight-2019-no-ufe-windows/ecg-maya-usd/maya-usd/lib/mayaUsd/fileio/translators/translatorNurbsPatch.h
[2023-05-11T22:31:29.972Z]     -- promoting: S:/jenkins/workspace/ECP/ecg-maya-usd/ecg-mayausd-branch-preflight-2019-no-ufe-windows/ecg-maya-usd/maya-usd/lib/mayaUsd/fileio/translators/translatorPrim.h
[2023-05-11T22:31:29.972Z]     -- promoting: S:/jenkins/workspace/ECP/ecg-maya-usd/ecg-mayausd-branch-preflight-2019-no-ufe-windows/ecg-maya-usd/maya-usd/lib/mayaUsd/fileio/translators/translatorRfMLight.h
[2023-05-11T22:31:29.972Z]     -- promoting: S:/jenkins/workspace/ECP/ecg-maya-usd/ecg-mayausd-branch-preflight-2019-no-ufe-windows/ecg-maya-usd/maya-usd/lib/mayaUsd/fileio/translators/translatorSkel.h
[2023-05-11T22:31:29.972Z]     -- promoting: S:/jenkins/workspace/ECP/ecg-maya-usd/ecg-mayausd-branch-preflight-2019-no-ufe-windows/ecg-maya-usd/maya-usd/lib/mayaUsd/fileio/translators/translatorUtil.h
[2023-05-11T22:31:29.972Z]     -- promoting: S:/jenkins/workspace/ECP/ecg-maya-usd/ecg-mayausd-branch-preflight-2019-no-ufe-windows/ecg-maya-usd/maya-usd/lib/mayaUsd/fileio/translators/translatorXformable.h
[2023-05-11T22:31:29.972Z]     -- promoting: S:/jenkins/workspace/ECP/ecg-maya-usd/ecg-mayausd-branch-preflight-2019-no-ufe-windows/ecg-maya-usd/maya-usd/lib/mayaUsd/fileio/utils/adaptor.h
[2023-05-11T22:31:29.972Z]     -- promoting: S:/jenkins/workspace/ECP/ecg-maya-usd/ecg-mayausd-branch-preflight-2019-no-ufe-windows/ecg-maya-usd/maya-usd/lib/mayaUsd/fileio/utils/jointWriteUtils.h
[2023-05-11T22:31:29.972Z]     -- promoting: S:/jenkins/workspace/ECP/ecg-maya-usd/ecg-mayausd-branch-preflight-2019-no-ufe-windows/ecg-maya-usd/maya-usd/lib/mayaUsd/fileio/utils/meshReadUtils.h
[2023-05-11T22:31:29.972Z]     -- promoting: S:/jenkins/workspace/ECP/ecg-maya-usd/ecg-mayausd-branch-preflight-2019-no-ufe-windows/ecg-maya-usd/maya-usd/lib/mayaUsd/fileio/utils/meshWriteUtils.h
[2023-05-11T22:31:29.972Z]     -- promoting: S:/jenkins/workspace/ECP/ecg-maya-usd/ecg-mayausd-branch-preflight-2019-no-ufe-windows/ecg-maya-usd/maya-usd/lib/mayaUsd/fileio/utils/readUtil.h
[2023-05-11T22:31:29.972Z]     -- promoting: S:/jenkins/workspace/ECP/ecg-maya-usd/ecg-mayausd-branch-preflight-2019-no-ufe-windows/ecg-maya-usd/maya-usd/lib/mayaUsd/fileio/utils/roundTripUtil.h
[2023-05-11T22:31:29.972Z]     -- promoting: S:/jenkins/workspace/ECP/ecg-maya-usd/ecg-mayausd-branch-preflight-2019-no-ufe-windows/ecg-maya-usd/maya-usd/lib/mayaUsd/fileio/utils/shadingUtil.h
[2023-05-11T22:31:29.972Z]     -- promoting: S:/jenkins/workspace/ECP/ecg-maya-usd/ecg-mayausd-branch-preflight-2019-no-ufe-windows/ecg-maya-usd/maya-usd/lib/mayaUsd/fileio/utils/userTaggedAttribute.h
[2023-05-11T22:31:29.972Z]     -- promoting: S:/jenkins/workspace/ECP/ecg-maya-usd/ecg-mayausd-branch-preflight-2019-no-ufe-windows/ecg-maya-usd/maya-usd/lib/mayaUsd/fileio/utils/writeUtil.h
[2023-05-11T22:31:29.972Z]     -- promoting: S:/jenkins/workspace/ECP/ecg-maya-usd/ecg-mayausd-branch-preflight-2019-no-ufe-windows/ecg-maya-usd/maya-usd/lib/mayaUsd/fileio/utils/xformStack.h
[2023-05-11T22:31:30.090Z]     -- promoting: S:/jenkins/workspace/ECP/ecg-maya-usd/ecg-mayausd-branch-preflight-2019-no-ufe-windows/ecg-maya-usd/maya-usd/lib/mayaUsd/listeners/notice.h
[2023-05-11T22:31:30.090Z]     -- promoting: S:/jenkins/workspace/ECP/ecg-maya-usd/ecg-mayausd-branch-preflight-2019-no-ufe-windows/ecg-maya-usd/maya-usd/lib/mayaUsd/listeners/proxyShapeNotice.h
[2023-05-11T22:31:30.090Z]     -- promoting: S:/jenkins/workspace/ECP/ecg-maya-usd/ecg-mayausd-branch-preflight-2019-no-ufe-windows/ecg-maya-usd/maya-usd/lib/mayaUsd/listeners/stageNoticeListener.h
[2023-05-11T22:31:30.090Z]     -- promoting: S:/jenkins/workspace/ECP/ecg-maya-usd/ecg-mayausd-branch-preflight-2019-no-ufe-windows/ecg-maya-usd/maya-usd/lib/mayaUsd/nodes/hdImagingShape.h
[2023-05-11T22:31:30.090Z]     -- promoting: S:/jenkins/workspace/ECP/ecg-maya-usd/ecg-mayausd-branch-preflight-2019-no-ufe-windows/ecg-maya-usd/maya-usd/lib/mayaUsd/nodes/pointBasedDeformerNode.h
[2023-05-11T22:31:30.090Z]     -- promoting: S:/jenkins/workspace/ECP/ecg-maya-usd/ecg-mayausd-branch-preflight-2019-no-ufe-windows/ecg-maya-usd/maya-usd/lib/mayaUsd/nodes/proxyAccessor.h
[2023-05-11T22:31:30.090Z]     -- promoting: S:/jenkins/workspace/ECP/ecg-maya-usd/ecg-mayausd-branch-preflight-2019-no-ufe-windows/ecg-maya-usd/maya-usd/lib/mayaUsd/nodes/proxyShapeBase.h
[2023-05-11T22:31:30.090Z]     -- promoting: S:/jenkins/workspace/ECP/ecg-maya-usd/ecg-mayausd-branch-preflight-2019-no-ufe-windows/ecg-maya-usd/maya-usd/lib/mayaUsd/nodes/proxyShapePlugin.h
[2023-05-11T22:31:30.090Z]     -- promoting: S:/jenkins/workspace/ECP/ecg-maya-usd/ecg-mayausd-branch-preflight-2019-no-ufe-windows/ecg-maya-usd/maya-usd/lib/mayaUsd/nodes/proxyStageProvider.h
[2023-05-11T22:31:30.090Z]     -- promoting: S:/jenkins/workspace/ECP/ecg-maya-usd/ecg-mayausd-branch-preflight-2019-no-ufe-windows/ecg-maya-usd/maya-usd/lib/mayaUsd/nodes/proxyShapeStageExtraData.h
[2023-05-11T22:31:30.090Z]     -- promoting: S:/jenkins/workspace/ECP/ecg-maya-usd/ecg-mayausd-branch-preflight-2019-no-ufe-windows/ecg-maya-usd/maya-usd/lib/mayaUsd/nodes/proxyShapeListenerBase.h
[2023-05-11T22:31:30.090Z]     -- promoting: S:/jenkins/workspace/ECP/ecg-maya-usd/ecg-mayausd-branch-preflight-2019-no-ufe-windows/ecg-maya-usd/maya-usd/lib/mayaUsd/nodes/stageData.h
[2023-05-11T22:31:30.090Z]     -- promoting: S:/jenkins/workspace/ECP/ecg-maya-usd/ecg-mayausd-branch-preflight-2019-no-ufe-windows/ecg-maya-usd/maya-usd/lib/mayaUsd/nodes/stageNode.h
[2023-05-11T22:31:30.090Z]     -- promoting: S:/jenkins/workspace/ECP/ecg-maya-usd/ecg-mayausd-branch-preflight-2019-no-ufe-windows/ecg-maya-usd/maya-usd/lib/mayaUsd/nodes/usdPrimProvider.h
[2023-05-11T22:31:30.090Z]     -- promoting: S:/jenkins/workspace/ECP/ecg-maya-usd/ecg-mayausd-branch-preflight-2019-no-ufe-windows/ecg-maya-usd/maya-usd/lib/mayaUsd/render/px_vp20/glslProgram.h
[2023-05-11T22:31:30.090Z]     -- promoting: S:/jenkins/workspace/ECP/ecg-maya-usd/ecg-mayausd-branch-preflight-2019-no-ufe-windows/ecg-maya-usd/maya-usd/lib/mayaUsd/render/px_vp20/utils.h
[2023-05-11T22:31:30.090Z]     -- promoting: S:/jenkins/workspace/ECP/ecg-maya-usd/ecg-mayausd-branch-preflight-2019-no-ufe-windows/ecg-maya-usd/maya-usd/lib/mayaUsd/render/px_vp20/utils_legacy.h
[2023-05-11T22:31:30.090Z]     -- promoting: S:/jenkins/workspace/ECP/ecg-maya-usd/ecg-mayausd-branch-preflight-2019-no-ufe-windows/ecg-maya-usd/maya-usd/lib/mayaUsd/render/pxrUsdMayaGL/batchRenderer.h
[2023-05-11T22:31:30.090Z]     -- promoting: S:/jenkins/workspace/ECP/ecg-maya-usd/ecg-mayausd-branch-preflight-2019-no-ufe-windows/ecg-maya-usd/maya-usd/lib/mayaUsd/render/pxrUsdMayaGL/debugCodes.h
[2023-05-11T22:31:30.090Z]     -- promoting: S:/jenkins/workspace/ECP/ecg-maya-usd/ecg-mayausd-branch-preflight-2019-no-ufe-windows/ecg-maya-usd/maya-usd/lib/mayaUsd/render/pxrUsdMayaGL/hdImagingShapeDrawOverride.h
[2023-05-11T22:31:30.090Z]     -- promoting: S:/jenkins/workspace/ECP/ecg-maya-usd/ecg-mayausd-branch-preflight-2019-no-ufe-windows/ecg-maya-usd/maya-usd/lib/mayaUsd/render/pxrUsdMayaGL/hdImagingShapeUI.h
[2023-05-11T22:31:30.090Z]     -- promoting: S:/jenkins/workspace/ECP/ecg-maya-usd/ecg-mayausd-branch-preflight-2019-no-ufe-windows/ecg-maya-usd/maya-usd/lib/mayaUsd/render/pxrUsdMayaGL/instancerImager.h
[2023-05-11T22:31:30.090Z]     -- promoting: S:/jenkins/workspace/ECP/ecg-maya-usd/ecg-mayausd-branch-preflight-2019-no-ufe-windows/ecg-maya-usd/maya-usd/lib/mayaUsd/render/pxrUsdMayaGL/instancerShapeAdapter.h
[2023-05-11T22:31:30.090Z]     -- promoting: S:/jenkins/workspace/ECP/ecg-maya-usd/ecg-mayausd-branch-preflight-2019-no-ufe-windows/ecg-maya-usd/maya-usd/lib/mayaUsd/render/pxrUsdMayaGL/proxyDrawOverride.h
[2023-05-11T22:31:30.090Z]     -- promoting: S:/jenkins/workspace/ECP/ecg-maya-usd/ecg-mayausd-branch-preflight-2019-no-ufe-windows/ecg-maya-usd/maya-usd/lib/mayaUsd/render/pxrUsdMayaGL/proxyShapeUI.h
[2023-05-11T22:31:30.090Z]     -- promoting: S:/jenkins/workspace/ECP/ecg-maya-usd/ecg-mayausd-branch-preflight-2019-no-ufe-windows/ecg-maya-usd/maya-usd/lib/mayaUsd/render/pxrUsdMayaGL/renderParams.h
[2023-05-11T22:31:30.090Z]     -- promoting: S:/jenkins/workspace/ECP/ecg-maya-usd/ecg-mayausd-branch-preflight-2019-no-ufe-windows/ecg-maya-usd/maya-usd/lib/mayaUsd/render/pxrUsdMayaGL/sceneDelegate.h
[2023-05-11T22:31:30.090Z]     -- promoting: S:/jenkins/workspace/ECP/ecg-maya-usd/ecg-mayausd-branch-preflight-2019-no-ufe-windows/ecg-maya-usd/maya-usd/lib/mayaUsd/render/pxrUsdMayaGL/shapeAdapter.h
[2023-05-11T22:31:30.090Z]     -- promoting: S:/jenkins/workspace/ECP/ecg-maya-usd/ecg-mayausd-branch-preflight-2019-no-ufe-windows/ecg-maya-usd/maya-usd/lib/mayaUsd/render/pxrUsdMayaGL/softSelectHelper.h
[2023-05-11T22:31:30.090Z]     -- promoting: S:/jenkins/workspace/ECP/ecg-maya-usd/ecg-mayausd-branch-preflight-2019-no-ufe-windows/ecg-maya-usd/maya-usd/lib/mayaUsd/render/pxrUsdMayaGL/usdProxyShapeAdapter.h
[2023-05-11T22:31:30.090Z]     -- promoting: S:/jenkins/workspace/ECP/ecg-maya-usd/ecg-mayausd-branch-preflight-2019-no-ufe-windows/ecg-maya-usd/maya-usd/lib/mayaUsd/render/pxrUsdMayaGL/userData.h
[2023-05-11T22:31:30.090Z]     -- promoting: S:/jenkins/workspace/ECP/ecg-maya-usd/ecg-mayausd-branch-preflight-2019-no-ufe-windows/ecg-maya-usd/maya-usd/lib/mayaUsd/render/vp2RenderDelegate/proxyRenderDelegate.h
[2023-05-11T22:31:30.090Z]     -- promoting: S:/jenkins/workspace/ECP/ecg-maya-usd/ecg-mayausd-branch-preflight-2019-no-ufe-windows/ecg-maya-usd/maya-usd/lib/mayaUsd/render/vp2ShaderFragments/shaderFragments.h
[2023-05-11T22:31:30.090Z]     -- promoting: S:/jenkins/workspace/ECP/ecg-maya-usd/ecg-mayausd-branch-preflight-2019-no-ufe-windows/ecg-maya-usd/maya-usd/lib/mayaUsd/undo/OpUndoItemList.h
[2023-05-11T22:31:30.090Z]     -- promoting: S:/jenkins/workspace/ECP/ecg-maya-usd/ecg-mayausd-branch-preflight-2019-no-ufe-windows/ecg-maya-usd/maya-usd/lib/mayaUsd/undo/OpUndoItemMuting.h
[2023-05-11T22:31:30.090Z]     -- promoting: S:/jenkins/workspace/ECP/ecg-maya-usd/ecg-mayausd-branch-preflight-2019-no-ufe-windows/ecg-maya-usd/maya-usd/lib/mayaUsd/undo/OpUndoItemRecorder.h
[2023-05-11T22:31:30.090Z]     -- promoting: S:/jenkins/workspace/ECP/ecg-maya-usd/ecg-mayausd-branch-preflight-2019-no-ufe-windows/ecg-maya-usd/maya-usd/lib/mayaUsd/undo/OpUndoItems.h
[2023-05-11T22:31:30.090Z]     -- promoting: S:/jenkins/workspace/ECP/ecg-maya-usd/ecg-mayausd-branch-preflight-2019-no-ufe-windows/ecg-maya-usd/maya-usd/lib/mayaUsd/undo/UsdUndoBlock.h
[2023-05-11T22:31:30.090Z]     -- promoting: S:/jenkins/workspace/ECP/ecg-maya-usd/ecg-mayausd-branch-preflight-2019-no-ufe-windows/ecg-maya-usd/maya-usd/lib/mayaUsd/undo/UsdUndoManager.h
[2023-05-11T22:31:30.090Z]     -- promoting: S:/jenkins/workspace/ECP/ecg-maya-usd/ecg-mayausd-branch-preflight-2019-no-ufe-windows/ecg-maya-usd/maya-usd/lib/mayaUsd/undo/UsdUndoStateDelegate.h
[2023-05-11T22:31:30.090Z]     -- promoting: S:/jenkins/workspace/ECP/ecg-maya-usd/ecg-mayausd-branch-preflight-2019-no-ufe-windows/ecg-maya-usd/maya-usd/lib/mayaUsd/undo/UsdUndoableItem.h
[2023-05-11T22:31:30.090Z]     -- promoting: S:/jenkins/workspace/ECP/ecg-maya-usd/ecg-mayausd-branch-preflight-2019-no-ufe-windows/ecg-maya-usd/maya-usd/lib/mayaUsd/utils/blockSceneModificationContext.h
[2023-05-11T22:31:30.090Z]     -- promoting: S:/jenkins/workspace/ECP/ecg-maya-usd/ecg-mayausd-branch-preflight-2019-no-ufe-windows/ecg-maya-usd/maya-usd/lib/mayaUsd/utils/colorSpace.h
[2023-05-11T22:31:30.090Z]     -- promoting: S:/jenkins/workspace/ECP/ecg-maya-usd/ecg-mayausd-branch-preflight-2019-no-ufe-windows/ecg-maya-usd/maya-usd/lib/mayaUsd/utils/customLayerData.h
[2023-05-11T22:31:30.090Z]     -- promoting: S:/jenkins/workspace/ECP/ecg-maya-usd/ecg-mayausd-branch-preflight-2019-no-ufe-windows/ecg-maya-usd/maya-usd/lib/mayaUsd/utils/converter.h
[2023-05-11T22:31:30.090Z]     -- promoting: S:/jenkins/workspace/ECP/ecg-maya-usd/ecg-mayausd-branch-preflight-2019-no-ufe-windows/ecg-maya-usd/maya-usd/lib/mayaUsd/utils/diagnosticDelegate.h
[2023-05-11T22:31:30.090Z]     -- promoting: S:/jenkins/workspace/ECP/ecg-maya-usd/ecg-mayausd-branch-preflight-2019-no-ufe-windows/ecg-maya-usd/maya-usd/lib/mayaUsd/utils/dynamicAttribute.h
[2023-05-11T22:31:30.206Z]     -- promoting: S:/jenkins/workspace/ECP/ecg-maya-usd/ecg-mayausd-branch-preflight-2019-no-ufe-windows/ecg-maya-usd/maya-usd/lib/mayaUsd/utils/editability.h
[2023-05-11T22:31:30.206Z]     -- promoting: S:/jenkins/workspace/ECP/ecg-maya-usd/ecg-mayausd-branch-preflight-2019-no-ufe-windows/ecg-maya-usd/maya-usd/lib/mayaUsd/utils/editRouter.h
[2023-05-11T22:31:30.206Z]     -- promoting: S:/jenkins/workspace/ECP/ecg-maya-usd/ecg-mayausd-branch-preflight-2019-no-ufe-windows/ecg-maya-usd/maya-usd/lib/mayaUsd/utils/editRouterContext.h
[2023-05-11T22:31:30.206Z]     -- promoting: S:/jenkins/workspace/ECP/ecg-maya-usd/ecg-mayausd-branch-preflight-2019-no-ufe-windows/ecg-maya-usd/maya-usd/lib/mayaUsd/utils/hash.h
[2023-05-11T22:31:30.206Z]     -- promoting: S:/jenkins/workspace/ECP/ecg-maya-usd/ecg-mayausd-branch-preflight-2019-no-ufe-windows/ecg-maya-usd/maya-usd/lib/mayaUsd/utils/layerMuting.h
[2023-05-11T22:31:30.206Z]     -- promoting: S:/jenkins/workspace/ECP/ecg-maya-usd/ecg-mayausd-branch-preflight-2019-no-ufe-windows/ecg-maya-usd/maya-usd/lib/mayaUsd/utils/layers.h
[2023-05-11T22:31:30.206Z]     -- promoting: S:/jenkins/workspace/ECP/ecg-maya-usd/ecg-mayausd-branch-preflight-2019-no-ufe-windows/ecg-maya-usd/maya-usd/lib/mayaUsd/utils/loadRules.h
[2023-05-11T22:31:30.206Z]     -- promoting: S:/jenkins/workspace/ECP/ecg-maya-usd/ecg-mayausd-branch-preflight-2019-no-ufe-windows/ecg-maya-usd/maya-usd/lib/mayaUsd/utils/query.h
[2023-05-11T22:31:30.206Z]     -- promoting: S:/jenkins/workspace/ECP/ecg-maya-usd/ecg-mayausd-branch-preflight-2019-no-ufe-windows/ecg-maya-usd/maya-usd/lib/mayaUsd/utils/plugRegistryHelper.h
[2023-05-11T22:31:30.206Z]     -- promoting: S:/jenkins/workspace/ECP/ecg-maya-usd/ecg-mayausd-branch-preflight-2019-no-ufe-windows/ecg-maya-usd/maya-usd/lib/mayaUsd/utils/progressBarScope.h
[2023-05-11T22:31:30.206Z]     -- promoting: S:/jenkins/workspace/ECP/ecg-maya-usd/ecg-mayausd-branch-preflight-2019-no-ufe-windows/ecg-maya-usd/maya-usd/lib/mayaUsd/utils/selectability.h
[2023-05-11T22:31:30.206Z]     -- promoting: S:/jenkins/workspace/ECP/ecg-maya-usd/ecg-mayausd-branch-preflight-2019-no-ufe-windows/ecg-maya-usd/maya-usd/lib/mayaUsd/utils/stageCache.h
[2023-05-11T22:31:30.206Z]     -- promoting: S:/jenkins/workspace/ECP/ecg-maya-usd/ecg-mayausd-branch-preflight-2019-no-ufe-windows/ecg-maya-usd/maya-usd/lib/mayaUsd/utils/targetLayer.h
[2023-05-11T22:31:30.206Z]     -- promoting: S:/jenkins/workspace/ECP/ecg-maya-usd/ecg-mayausd-branch-preflight-2019-no-ufe-windows/ecg-maya-usd/maya-usd/lib/mayaUsd/utils/traverseLayer.h
[2023-05-11T22:31:30.206Z]     -- promoting: S:/jenkins/workspace/ECP/ecg-maya-usd/ecg-mayausd-branch-preflight-2019-no-ufe-windows/ecg-maya-usd/maya-usd/lib/mayaUsd/utils/undoHelperCommand.h
[2023-05-11T22:31:30.206Z]     -- promoting: S:/jenkins/workspace/ECP/ecg-maya-usd/ecg-mayausd-branch-preflight-2019-no-ufe-windows/ecg-maya-usd/maya-usd/lib/mayaUsd/utils/util.h
[2023-05-11T22:31:30.206Z]     -- promoting: S:/jenkins/workspace/ECP/ecg-maya-usd/ecg-mayausd-branch-preflight-2019-no-ufe-windows/ecg-maya-usd/maya-usd/lib/mayaUsd/utils/utilDictionary.h
[2023-05-11T22:31:30.206Z]     -- promoting: S:/jenkins/workspace/ECP/ecg-maya-usd/ecg-mayausd-branch-preflight-2019-no-ufe-windows/ecg-maya-usd/maya-usd/lib/mayaUsd/utils/utilFileSystem.h
[2023-05-11T22:31:30.206Z]     -- promoting: S:/jenkins/workspace/ECP/ecg-maya-usd/ecg-mayausd-branch-preflight-2019-no-ufe-windows/ecg-maya-usd/maya-usd/lib/mayaUsd/utils/utilSerialization.h
[2023-05-11T22:31:30.206Z]     -- promoting: S:/jenkins/workspace/ECP/ecg-maya-usd/ecg-mayausd-branch-preflight-2019-no-ufe-windows/ecg-maya-usd/maya-usd/lib/mayaUsd/utils/variants.h
[2023-05-11T22:31:30.206Z]     -- promoting: S:/jenkins/workspace/ECP/ecg-maya-usd/ecg-mayausd-branch-preflight-2019-no-ufe-windows/ecg-maya-usd/maya-usd/lib/usd/pxrUsdPreviewSurface/usdPreviewSurface.h
[2023-05-11T22:31:30.206Z]     -- promoting: S:/jenkins/workspace/ECP/ecg-maya-usd/ecg-mayausd-branch-preflight-2019-no-ufe-windows/ecg-maya-usd/maya-usd/lib/usd/pxrUsdPreviewSurface/usdPreviewSurfacePlugin.h
[2023-05-11T22:31:30.206Z]     -- promoting: S:/jenkins/workspace/ECP/ecg-maya-usd/ecg-mayausd-branch-preflight-2019-no-ufe-windows/ecg-maya-usd/maya-usd/lib/usd/schemas/api.h
[2023-05-11T22:31:30.206Z]     -- promoting: S:/jenkins/workspace/ECP/ecg-maya-usd/ecg-mayausd-branch-preflight-2019-no-ufe-windows/ecg-maya-usd/maya-usd/lib/usd/schemas/ALMayaReference.h
[2023-05-11T22:31:30.206Z]     -- promoting: S:/jenkins/workspace/ECP/ecg-maya-usd/ecg-mayausd-branch-preflight-2019-no-ufe-windows/ecg-maya-usd/maya-usd/lib/usd/schemas/MayaReference.h
[2023-05-11T22:31:30.206Z]     -- promoting: S:/jenkins/workspace/ECP/ecg-maya-usd/ecg-mayausd-branch-preflight-2019-no-ufe-windows/ecg-maya-usd/maya-usd/lib/usd/schemas/tokens.h
[2023-05-11T22:31:30.932Z]     Processing schema classes:
[2023-05-11T22:31:30.932Z]     MayaReference, ALMayaReference
[2023-05-11T22:31:30.932Z]     Loading Templates from p:\shared\Artifactory\Windows\USD\cfb3d8a\lib\usd\usd\resources\codegenTemplates
[2023-05-11T22:31:30.932Z]     Writing API:
[2023-05-11T22:31:30.932Z]     	    wrote W:\build\RelWithDebInfo\lib\usd\schemas\api.h
[2023-05-11T22:31:30.932Z]     Writing Schema Tokens:
[2023-05-11T22:31:30.932Z]     	    wrote W:\build\RelWithDebInfo\lib\usd\schemas\tokens.h
[2023-05-11T22:31:30.932Z]     	    wrote W:\build\RelWithDebInfo\lib\usd\schemas\tokens.cpp
[2023-05-11T22:31:30.932Z]     	    wrote W:\build\RelWithDebInfo\lib\usd\schemas\wrapTokens.cpp
[2023-05-11T22:31:30.932Z]     Generating Classes:
[2023-05-11T22:31:30.932Z]     	    wrote W:\build\RelWithDebInfo\lib\usd\schemas\MayaReference.h
[2023-05-11T22:31:30.932Z]     	    wrote W:\build\RelWithDebInfo\lib\usd\schemas\MayaReference.cpp
[2023-05-11T22:31:30.932Z]     	    wrote W:\build\RelWithDebInfo\lib\usd\schemas\wrapMayaReference.cpp
[2023-05-11T22:31:30.932Z]     	    wrote W:\build\RelWithDebInfo\lib\usd\schemas\ALMayaReference.h
[2023-05-11T22:31:30.932Z]     	    wrote W:\build\RelWithDebInfo\lib\usd\schemas\ALMayaReference.cpp
[2023-05-11T22:31:30.932Z]     	    wrote W:\build\RelWithDebInfo\lib\usd\schemas\wrapALMayaReference.cpp
[2023-05-11T22:31:30.932Z]     Loading Templates from p:\shared\Artifactory\Windows\USD\cfb3d8a\lib\usd\usd\resources\codegenTemplates
[2023-05-11T22:31:30.932Z]     	    wrote W:\build\RelWithDebInfo\lib\usd\schemas\plugInfo.json
[2023-05-11T22:31:30.932Z]     Generating Schematics:
[2023-05-11T22:31:30.932Z]     	    wrote W:\build\RelWithDebInfo\lib\usd\schemas\generatedSchema.usda
[2023-05-11T22:31:30.932Z]     -- promoting: S:/jenkins/workspace/ECP/ecg-maya-usd/ecg-mayausd-branch-preflight-2019-no-ufe-windows/ecg-maya-usd/maya-usd/lib/usd/utils/ALHalf.h
[2023-05-11T22:31:30.932Z]     -- promoting: S:/jenkins/workspace/ECP/ecg-maya-usd/ecg-mayausd-branch-preflight-2019-no-ufe-windows/ecg-maya-usd/maya-usd/lib/usd/utils/Api.h
[2023-05-11T22:31:30.932Z]     -- promoting: S:/jenkins/workspace/ECP/ecg-maya-usd/ecg-mayausd-branch-preflight-2019-no-ufe-windows/ecg-maya-usd/maya-usd/lib/usd/utils/DebugCodes.h
[2023-05-11T22:31:30.932Z]     -- promoting: S:/jenkins/workspace/ECP/ecg-maya-usd/ecg-mayausd-branch-preflight-2019-no-ufe-windows/ecg-maya-usd/maya-usd/lib/usd/utils/DiffCore.h
[2023-05-11T22:31:30.932Z]     -- promoting: S:/jenkins/workspace/ECP/ecg-maya-usd/ecg-mayausd-branch-preflight-2019-no-ufe-windows/ecg-maya-usd/maya-usd/lib/usd/utils/DiffPrims.h
[2023-05-11T22:31:30.932Z]     -- promoting: S:/jenkins/workspace/ECP/ecg-maya-usd/ecg-mayausd-branch-preflight-2019-no-ufe-windows/ecg-maya-usd/maya-usd/lib/usd/utils/MergePrims.h
[2023-05-11T22:31:30.932Z]     -- promoting: S:/jenkins/workspace/ECP/ecg-maya-usd/ecg-mayausd-branch-preflight-2019-no-ufe-windows/ecg-maya-usd/maya-usd/lib/usd/utils/MergePrimsOptions.h
[2023-05-11T22:31:30.932Z]     -- promoting: S:/jenkins/workspace/ECP/ecg-maya-usd/ecg-mayausd-branch-preflight-2019-no-ufe-windows/ecg-maya-usd/maya-usd/lib/usd/utils/ForwardDeclares.h
[2023-05-11T22:31:30.932Z]     -- promoting: S:/jenkins/workspace/ECP/ecg-maya-usd/ecg-mayausd-branch-preflight-2019-no-ufe-windows/ecg-maya-usd/maya-usd/lib/usd/utils/SIMD.h
[2023-05-11T22:31:30.932Z]     -- promoting: S:/jenkins/workspace/ECP/ecg-maya-usd/ecg-mayausd-branch-preflight-2019-no-ufe-windows/ecg-maya-usd/maya-usd/lib/usd/utils/util.h
[2023-05-11T22:31:31.047Z]     -- promoting: S:/jenkins/workspace/ECP/ecg-maya-usd/ecg-mayausd-branch-preflight-2019-no-ufe-windows/ecg-maya-usd/maya-usd/lib/usd/ui/importDialog/IMayaMQtUtil.h
[2023-05-11T22:31:31.047Z]     -- promoting: S:/jenkins/workspace/ECP/ecg-maya-usd/ecg-mayausd-branch-preflight-2019-no-ufe-windows/ecg-maya-usd/maya-usd/lib/usd/ui/importDialog/ItemDelegate.h
[2023-05-11T22:31:31.047Z]     -- promoting: S:/jenkins/workspace/ECP/ecg-maya-usd/ecg-mayausd-branch-preflight-2019-no-ufe-windows/ecg-maya-usd/maya-usd/lib/usd/ui/importDialog/IUSDImportView.h
[2023-05-11T22:31:31.047Z]     -- promoting: S:/jenkins/workspace/ECP/ecg-maya-usd/ecg-mayausd-branch-preflight-2019-no-ufe-windows/ecg-maya-usd/maya-usd/lib/usd/ui/importDialog/TreeItem.h
[2023-05-11T22:31:31.047Z]     -- promoting: S:/jenkins/workspace/ECP/ecg-maya-usd/ecg-mayausd-branch-preflight-2019-no-ufe-windows/ecg-maya-usd/maya-usd/lib/usd/ui/importDialog/TreeModel.h
[2023-05-11T22:31:31.047Z]     -- promoting: S:/jenkins/workspace/ECP/ecg-maya-usd/ecg-mayausd-branch-preflight-2019-no-ufe-windows/ecg-maya-usd/maya-usd/lib/usd/ui/importDialog/TreeModelFactory.h
[2023-05-11T22:31:31.047Z]     -- promoting: S:/jenkins/workspace/ECP/ecg-maya-usd/ecg-mayausd-branch-preflight-2019-no-ufe-windows/ecg-maya-usd/maya-usd/lib/usd/ui/importDialog/USDImportDialog.h
[2023-05-11T22:31:31.047Z]     -- promoting: S:/jenkins/workspace/ECP/ecg-maya-usd/ecg-mayausd-branch-preflight-2019-no-ufe-windows/ecg-maya-usd/maya-usd/lib/usd/ui/importDialog/USDImportDialogCmd.h
[2023-05-11T22:31:31.047Z]     -- promoting: S:/jenkins/workspace/ECP/ecg-maya-usd/ecg-mayausd-branch-preflight-2019-no-ufe-windows/ecg-maya-usd/maya-usd/lib/usd/ui/importDialog/USDQtUtil.h
[2023-05-11T22:31:31.047Z]     -- promoting: S:/jenkins/workspace/ECP/ecg-maya-usd/ecg-mayausd-branch-preflight-2019-no-ufe-windows/ecg-maya-usd/maya-usd/lib/usd/ui/api.h
[2023-05-11T22:31:31.047Z]     -- promoting: S:/jenkins/workspace/ECP/ecg-maya-usd/ecg-mayausd-branch-preflight-2019-no-ufe-windows/ecg-maya-usd/maya-usd/lib/usd/ui/initStringResources.h
[2023-05-11T22:31:31.047Z]     ========== Pixar USD Plugin ==========
[2023-05-11T22:31:31.169Z]     Compiling W:/build/RelWithDebInfo/plugin/pxr/__init__.py ...
[2023-05-11T22:31:31.287Z]     ========== AL USD Plugin ==========
[2023-05-11T22:31:31.287Z]     CMake Deprecation Warning at plugin/al/CMakeLists.txt:7 (cmake_policy):
[2023-05-11T22:31:31.287Z]       The OLD behavior for policy CMP0026 will be removed from a future version
[2023-05-11T22:31:31.287Z]       of CMake.
[2023-05-11T22:31:31.287Z]     
[2023-05-11T22:31:31.287Z]       The cmake-policies(7) manual explains that the OLD behaviors of all
[2023-05-11T22:31:31.287Z]       policies are deprecated and that a policy should be set to OLD only under
[2023-05-11T22:31:31.287Z]       specific short-term circumstances.  Projects should be ported to the NEW
[2023-05-11T22:31:31.287Z]       behavior and not rely on setting a policy to OLD.
[2023-05-11T22:31:31.287Z]     
[2023-05-11T22:31:31.287Z]     
[2023-05-11T22:31:31.287Z]     -- Found Boost 1.70.0 at P:/shared/Artifactory/Windows/USD/cfb3d8a/lib/cmake/Boost-1.70.0
[2023-05-11T22:31:31.287Z]     --   Requested configuration: QUIET REQUIRED
[2023-05-11T22:31:31.287Z]     -- Found boost_headers 1.70.0 at P:/shared/Artifactory/Windows/USD/cfb3d8a/lib/cmake/boost_headers-1.70.0
[2023-05-11T22:31:31.287Z]     -- Found Boost: P:/shared/Artifactory/Windows/USD/cfb3d8a/lib/cmake/Boost-1.70.0/BoostConfig.cmake (found version "1.70.0")
[2023-05-11T22:31:31.287Z]     -- Found Boost 1.70.0 at P:/shared/Artifactory/Windows/USD/cfb3d8a/lib/cmake/Boost-1.70.0
[2023-05-11T22:31:31.287Z]     --   Requested configuration: QUIET REQUIRED COMPONENTS python
[2023-05-11T22:31:31.287Z]     -- Found boost_python 1.70.0 at P:/shared/Artifactory/Windows/USD/cfb3d8a/lib/cmake/boost_python-1.70.0
[2023-05-11T22:31:31.287Z]     --   boost_python27-vc141-mt-x64-1_70.lib
[2023-05-11T22:31:31.287Z]     -- Adding boost_python dependencies: headers
[2023-05-11T22:31:31.287Z]     -- Found Boost: P:/shared/Artifactory/Windows/USD/cfb3d8a/lib/cmake/Boost-1.70.0/BoostConfig.cmake (found version "1.70.0") found components: python
[2023-05-11T22:31:31.908Z]     -- Found GTest: W:/build/RelWithDebInfo/googletest-install/lib/gtest.lib
[2023-05-11T22:31:33.745Z]     -- Building AL_USDMayaSchemas
[2023-05-11T22:31:34.372Z]     Processing schema classes:
[2023-05-11T22:31:34.372Z]     ALModelAPI, ALFrameRange
[2023-05-11T22:31:34.372Z]     Loading Templates from p:\shared\Artifactory\Windows\USD\cfb3d8a\lib\usd\usd\resources\codegenTemplates
[2023-05-11T22:31:34.372Z]     Writing API:
[2023-05-11T22:31:34.372Z]     	    wrote W:\build\RelWithDebInfo\plugin\al\schemas\AL\usd\schemas\maya\api.h
[2023-05-11T22:31:34.372Z]     Writing Schema Tokens:
[2023-05-11T22:31:34.372Z]     	    wrote W:\build\RelWithDebInfo\plugin\al\schemas\AL\usd\schemas\maya\tokens.h
[2023-05-11T22:31:34.372Z]     	    wrote W:\build\RelWithDebInfo\plugin\al\schemas\AL\usd\schemas\maya\tokens.cpp
[2023-05-11T22:31:34.372Z]     	    wrote W:\build\RelWithDebInfo\plugin\al\schemas\AL\usd\schemas\maya\wrapTokens.cpp
[2023-05-11T22:31:34.372Z]     Generating Classes:
[2023-05-11T22:31:34.372Z]     	    wrote W:\build\RelWithDebInfo\plugin\al\schemas\AL\usd\schemas\maya\ModelAPI.h
[2023-05-11T22:31:34.372Z]     	    wrote W:\build\RelWithDebInfo\plugin\al\schemas\AL\usd\schemas\maya\ModelAPI.cpp
[2023-05-11T22:31:34.372Z]     	    wrote W:\build\RelWithDebInfo\plugin\al\schemas\AL\usd\schemas\maya\wrapModelAPI.cpp
[2023-05-11T22:31:34.372Z]     	    wrote W:\build\RelWithDebInfo\plugin\al\schemas\AL\usd\schemas\maya\FrameRange.h
[2023-05-11T22:31:34.372Z]     	    wrote W:\build\RelWithDebInfo\plugin\al\schemas\AL\usd\schemas\maya\FrameRange.cpp
[2023-05-11T22:31:34.372Z]     	    wrote W:\build\RelWithDebInfo\plugin\al\schemas\AL\usd\schemas\maya\wrapFrameRange.cpp
[2023-05-11T22:31:34.372Z]     Loading Templates from p:\shared\Artifactory\Windows\USD\cfb3d8a\lib\usd\usd\resources\codegenTemplates
[2023-05-11T22:31:34.372Z]     	    wrote W:\build\RelWithDebInfo\plugin\al\schemas\AL\usd\schemas\maya\plugInfo.json
[2023-05-11T22:31:34.372Z]     Generating Schematics:
[2023-05-11T22:31:34.372Z]     	    wrote W:\build\RelWithDebInfo\plugin\al\schemas\AL\usd\schemas\maya\generatedSchema.usda
[2023-05-11T22:31:35.601Z]     Processing schema classes:
[2023-05-11T22:31:35.601Z]     ALExamplePolyCubeNode
[2023-05-11T22:31:35.601Z]     Loading Templates from p:\shared\Artifactory\Windows\USD\cfb3d8a\lib\usd\usd\resources\codegenTemplates
[2023-05-11T22:31:35.601Z]     Writing API:
[2023-05-11T22:31:35.601Z]     	    wrote W:\build\RelWithDebInfo\plugin\al\schemas\AL\usd\schemas\mayatest\api.h
[2023-05-11T22:31:35.601Z]     Writing Schema Tokens:
[2023-05-11T22:31:35.601Z]     	    wrote W:\build\RelWithDebInfo\plugin\al\schemas\AL\usd\schemas\mayatest\tokens.h
[2023-05-11T22:31:35.601Z]     	    wrote W:\build\RelWithDebInfo\plugin\al\schemas\AL\usd\schemas\mayatest\tokens.cpp
[2023-05-11T22:31:35.601Z]     	    wrote W:\build\RelWithDebInfo\plugin\al\schemas\AL\usd\schemas\mayatest\wrapTokens.cpp
[2023-05-11T22:31:35.601Z]     Generating Classes:
[2023-05-11T22:31:35.601Z]     	    wrote W:\build\RelWithDebInfo\plugin\al\schemas\AL\usd\schemas\mayatest\ExamplePolyCubeNode.h
[2023-05-11T22:31:35.601Z]     	    wrote W:\build\RelWithDebInfo\plugin\al\schemas\AL\usd\schemas\mayatest\ExamplePolyCubeNode.cpp
[2023-05-11T22:31:35.601Z]     	    wrote W:\build\RelWithDebInfo\plugin\al\schemas\AL\usd\schemas\mayatest\wrapExamplePolyCubeNode.cpp
[2023-05-11T22:31:35.601Z]     Loading Templates from p:\shared\Artifactory\Windows\USD\cfb3d8a\lib\usd\usd\resources\codegenTemplates
[2023-05-11T22:31:35.601Z]     	    wrote W:\build\RelWithDebInfo\plugin\al\schemas\AL\usd\schemas\mayatest\plugInfo.json
[2023-05-11T22:31:35.601Z]     Generating Schematics:
[2023-05-11T22:31:35.601Z]     	    wrote W:\build\RelWithDebInfo\plugin\al\schemas\AL\usd\schemas\mayatest\generatedSchema.usda
[2023-05-11T22:31:35.601Z]     -- Building AL_USDMayaTranslators
[2023-05-11T22:31:35.721Z]     ========== ADSK USD Plugin ==========
[2023-05-11T22:31:35.837Z]     -- Configuring done
[2023-05-11T22:31:36.966Z]     -- Generating done
[2023-05-11T22:31:36.966Z]     CMake Warning:
[2023-05-11T22:31:36.966Z]       Manually-specified variables were not used by the project:
[2023-05-11T22:31:36.966Z]     
[2023-05-11T22:31:36.966Z]         MAYA_DEVKIT_LOCATION
[2023-05-11T22:31:36.966Z]     
[2023-05-11T22:31:36.966Z]     
[2023-05-11T22:31:37.071Z]     -- Build files have been written to: W:/build/RelWithDebInfo
[2023-05-11T22:31:37.071Z]     
[2023-05-11T22:31:37.071Z]         Building with settings:
[2023-05-11T22:31:37.071Z]           Source directory          S:\jenkins\workspace\ECP\ecg-maya-usd\ecg-mayausd-branch-preflight-2019-no-ufe-windows\ecg-maya-usd\maya-usd
[2023-05-11T22:31:37.071Z]           Workspace directory       W:\
[2023-05-11T22:31:37.071Z]           Build directory           W:\build\RelWithDebInfo
[2023-05-11T22:31:37.071Z]           Install directory         W:\install\RelWithDebInfo\MayaUSD
[2023-05-11T22:31:37.071Z]           Variant                   RelWithDebInfo
[2023-05-11T22:31:37.071Z]           Python Debug              Off
[2023-05-11T22:31:37.071Z]           CMake generator           Ninja
[2023-05-11T22:31:37.071Z]           Build arguments           ['-DCMAKE_MAKE_PROGRAM=P:/shared/Artifactory/Windows/ninja/1.9.0/c68f192/ninja.exe', '-DPYTHON_INCLUDE_DIR=P:/shared/Artifactory/Windows/rundev-2019/202003131251/runtime/155eb96/runTime/include/Python2.7', '-DPython_EXECUTABLE=P:/shared/Artifactory/Windows/rundev-2019/202003131251/runtime/155eb96/runTime/bin/mayapy.exe', '-DPYTHON_LIBRARIES=P:/shared/Artifactory/Windows/rundev-2019/202003131251/runtime/155eb96/runTime/lib/python27.lib', '-DCMAKE_WANT_UFE_BUILD=OFF', '-DUSD_LIB_PREFIX=', '-DBUILD_HDMAYA=OFF']
[2023-05-11T22:31:37.071Z]           Stages arguments          ['configure']
[2023-05-11T22:31:37.071Z]           CTest arguments           ['-E testUsdReferenceAssemblySelection|testUsdMayaAppDir', '-LE interactive', '--parallel 16']
[2023-05-11T22:31:37.071Z]     Success MayaUSD build and install !!!!
[2023-05-11T22:31:37.071Z]     Elapsed time: 00:00:26
[Pipeline] bat
[2023-05-11T22:31:37.413Z] Deleting alias drive W:
[Pipeline] bat
[2023-05-11T22:31:37.761Z] Deleting alias drive P:
[Pipeline] }
[Pipeline] // withEnv
[Pipeline] }
[Pipeline] // timeout
[Pipeline] }
[Pipeline] // stage
[Pipeline] }
[Pipeline] // timestamps
[Pipeline] timestamps
[Pipeline] {
[Pipeline] stage
[Pipeline] { (Build)
[Pipeline] timeout
[2023-05-11T22:31:38.100Z] Timeout set to expire in 6 hr 0 min
[Pipeline] {
[Pipeline] withEnv
[Pipeline] {
[Pipeline] bat
[2023-05-11T22:31:38.368Z] Creating alias drive P: to S:\jenkins\workspace
[Pipeline] bat
[2023-05-11T22:31:38.726Z] Creating alias drive W: to S:\jenkins\workspace\ECP\ecg-maya-usd\ecg-mayausd-branch-preflight-2019-no-ufe-windows
[Pipeline] bat
[2023-05-11T22:31:39.228Z] "C:\Program Files (x86)\Microsoft Visual Studio\2017\Professional\VC\Auxiliary\Build\vcvarsall.bat" x64
[2023-05-11T22:31:39.330Z] **********************************************************************
[2023-05-11T22:31:39.330Z] ** Visual Studio 2017 Developer Command Prompt v15.9.15
[2023-05-11T22:31:39.330Z] ** Copyright (c) 2017 Microsoft Corporation
[2023-05-11T22:31:39.330Z] **********************************************************************
[2023-05-11T22:31:40.250Z] [vcvarsall.bat] Environment initialized for: 'x64'
[2023-05-11T22:31:40.250Z] python ecg-maya-usd/build.py --stages=build --workspace-dir=W:\ --artifactory-dir=P:\shared\Artifactory --build-dir=W:\build --install-dir=W:\install --signing-dir=W:\signing --package-dir=W:\package --output-dir=W:\output --stash-dir=W:\stash --jenkins-build=920 --git-commit=e5851046dd9c0676f14ddea2cded9d3b59b25958 --git-branch=master --variants=RelWithDebInfo --python=2.7 --ufe=false --pxrusd-version=0.21.05-gold --post-zips=false --build-retry=3 --maya-cut-config=maya-rundev-2019.yaml --maya-package=rundev-2019 --stage-banner
[2023-05-11T22:31:41.170Z] Using Maya cut from P:\shared\Artifactory\Windows\rundev-2019\202003131251\runtime\155eb96
[2023-05-11T22:31:41.282Z] 
[2023-05-11T22:31:41.282Z] ================================================================================
[2023-05-11T22:31:41.282Z]                              build (RelWithDebInfo)
[2023-05-11T22:31:41.282Z] ================================================================================
[2023-05-11T22:31:41.282Z] Maya Python RelWithDebInfo Info:
[2023-05-11T22:31:41.282Z]   mayapy executable   = P:\shared\Artifactory\Windows\rundev-2019\202003131251\runtime\155eb96\runTime\bin\mayapy.exe
[2023-05-11T22:31:41.282Z]   Include Folder      = P:\shared\Artifactory\Windows\rundev-2019\202003131251\runtime\155eb96\runTime\include\Python2.7
[2023-05-11T22:31:41.282Z]   Library             = P:\shared\Artifactory\Windows\rundev-2019\202003131251\runtime\155eb96\runTime\lib\python27.lib
[2023-05-11T22:31:41.282Z]   site-package Folder = P:\shared\Artifactory\Windows\rundev-2019\202003131251\runtime\155eb96\runTime\Python\Lib\site-packages
[2023-05-11T22:31:41.905Z] In workdir: S:\jenkins\workspace\ECP\ecg-maya-usd\ecg-mayausd-branch-preflight-2019-no-ufe-windows\ecg-maya-usd\maya-usd
[2023-05-11T22:31:41.905Z] Executing: 'P:\\shared\\Artifactory\\Windows\\rundev-2019\\202003131251\\runtime\\155eb96\\runTime\\bin\\mayapy.exe' 'S:\\jenkins\\workspace\\ECP\\ecg-maya-usd\\ecg-mayausd-branch-preflight-2019-no-ufe-windows\\ecg-maya-usd\\maya-usd\\build.py' --generator Ninja --build-relwithdebug --maya-location 'P:\\shared\\Artifactory\\Windows\\rundev-2019\\202003131251\\runtime\\155eb96\\runTime' --devkit-location 'P:\\shared\\Artifactory\\Windows\\rundev-2019\\202003131251\\runtime\\155eb96\\devkitBase' --pxrusd-location 'P:\\shared\\Artifactory\\Windows\\USD\\cfb3d8a' --qt-location 'P:\\shared\\Artifactory\\Windows\\qt\\5.6.1\\1acd0ba' --materialx '--build-args=-DCMAKE_MAKE_PROGRAM=P:/shared/Artifactory/Windows/ninja/1.9.0/c68f192/ninja.exe,-DPYTHON_INCLUDE_DIR=P:/shared/Artifactory/Windows/rundev-2019/202003131251/runtime/155eb96/runTime/include/Python2.7,-DPython_EXECUTABLE=P:/shared/Artifactory/Windows/rundev-2019/202003131251/runtime/155eb96/runTime/bin/mayapy.exe,-DPYTHON_LIBRARIES=P:/shared/Artifactory/Windows/rundev-2019/202003131251/runtime/155eb96/runTime/lib/python27.lib,-DCMAKE_WANT_UFE_BUILD=OFF,-DUSD_LIB_PREFIX=,-DBUILD_HDMAYA=OFF' '--ctest-args=-E testUsdReferenceAssemblySelection|testUsdMayaAppDir,-LE interactive,--parallel 16' --stages=build --redirect-outstream-file=False --install-location 'W:\\install\\RelWithDebInfo\\MayaUSD' 'W:\\'
[2023-05-11T22:31:41.905Z] Modified environment variables:
[2023-05-11T22:31:41.905Z]     PATH=P:\shared\Artifactory\Windows\cmake\3.20.3\afe857a\bin;C:\Python27\lib\site-packages\pywin32_system32;C:\Program Files (x86)\Microsoft Visual Studio\2017\Professional\VC\Tools\MSVC\14.16.27023\bin\HostX64\x64;C:\Program Files (x86)\Microsoft Visual Studio\2017\Professional\Common7\IDE\VC\VCPackages;C:\Program Files (x86)\Microsoft Visual Studio\2017\Professional\Common7\IDE\CommonExtensions\Microsoft\TestWindow;C:\Program Files (x86)\Microsoft Visual Studio\2017\Professional\Common7\IDE\CommonExtensions\Microsoft\TeamFoundation\Team Explorer;C:\Program Files (x86)\Microsoft Visual Studio\2017\Professional\MSBuild\15.0\bin\Roslyn;C:\Program Files (x86)\Microsoft Visual Studio\2017\Professional\Team Tools\Performance Tools\x64;C:\Program Files (x86)\Microsoft Visual Studio\2017\Professional\Team Tools\Performance Tools;C:\Program Files (x86)\Microsoft Visual Studio\Shared\Common\VSPerfCollectionTools\\x64;C:\Program Files (x86)\Microsoft Visual Studio\Shared\Common\VSPerfCollectionTools\;C:\Program Files (x86)\Microsoft SDKs\Windows\v10.0A\bin\NETFX 4.6.1 Tools\x64\;C:\Program Files (x86)\HTML Help Workshop;C:\Program Files (x86)\Windows Kits\10\bin\10.0.18362.0\x64;C:\Program Files (x86)\Windows Kits\10\bin\x64;C:\Program Files (x86)\Microsoft Visual Studio\2017\Professional\\MSBuild\15.0\bin;C:\WINDOWS\Microsoft.NET\Framework64\v4.0.30319;C:\Program Files (x86)\Microsoft Visual Studio\2017\Professional\Common7\IDE\;C:\Program Files (x86)\Microsoft Visual Studio\2017\Professional\Common7\Tools\;C:\Python27\;C:\Python27\Scripts;C:\WINDOWS\system32;C:\WINDOWS;C:\WINDOWS\System32\Wbem;C:\WINDOWS\System32\WindowsPowerShell\v1.0\;C:\WINDOWS\System32\OpenSSH\;C:\ProgramData\chocolatey\bin;C:\Program Files (x86)\WiX Toolset v3.7\bin;C:\Program Files\dotnet\;C:\Program Files (x86)\Windows Kits\10\bin\10.0.18362.0\x64;C:\Program Files\Zulu\zulu-11\bin\;C:\Program Files (x86)\Windows Kits\10\bin\10.0.17763.0\x64;C:\Program Files (x86)\Windows Kits\10\bin\x64;C:\Program Files\Git\cmd;C:\Program Files\Git\usr\bin;C:\Program Files\Git\mingw64\bin;C:\Program Files\Git\bin;C:\Python38\;C:\Python38\Scripts;C:\StoreBoxClientWindows;C:\Program Files\Electric Cloud\ElectricCommander\bin;C:\Program Files\WinRAR;C:\Program Files\7-Zip;C:\Users\Administrator\AppData\Local\Microsoft\WindowsApps;C:\Program Files (x86)\Microsoft Visual Studio\2017\Professional\Common7\IDE\CommonExtensions\Microsoft\CMake\CMake\bin;C:\Program Files (x86)\Microsoft Visual Studio\2017\Professional\Common7\IDE\CommonExtensions\Microsoft\CMake\Ninja
[2023-05-11T22:31:43.436Z]     [1/586] Building CXX object test\lib\usd\utils\CMakeFiles\testDiffValues.dir\main.cpp.obj
[2023-05-11T22:31:43.436Z]     [2/586] Building CXX object test\lib\usd\utils\CMakeFiles\testDiffCore.dir\main.cpp.obj
[2023-05-11T22:31:43.436Z]     [3/586] Building CXX object test\lib\usd\utils\CMakeFiles\testDiffLists.dir\main.cpp.obj
[2023-05-11T22:31:44.057Z]     [4/586] Building CXX object test\lib\usd\utils\CMakeFiles\testDiffCore.dir\test_DiffCore.cpp.obj
[2023-05-11T22:31:44.577Z]     [5/586] Building CXX object test\lib\usd\utils\CMakeFiles\testDiffPrims.dir\main.cpp.obj
[2023-05-11T22:31:45.603Z]     [6/586] Building CXX object test\lib\usd\utils\CMakeFiles\testDiffDictionaries.dir\main.cpp.obj
[2023-05-11T22:31:49.218Z]     [7/586] Building CXX object test\lib\usd\utils\CMakeFiles\testDiffPrims.dir\test_DiffPrims.cpp.obj
[2023-05-11T22:31:49.683Z]     [8/586] Building CXX object test\lib\usd\utils\CMakeFiles\testDiffValues.dir\test_DiffValues.cpp.obj
[2023-05-11T22:31:49.961Z]     [9/586] Building CXX object test\lib\usd\utils\CMakeFiles\testDiffPrims.dir\test_DiffPrimsChildren.cpp.obj
[2023-05-11T22:31:50.166Z]     [10/586] Building CXX object test\lib\usd\utils\CMakeFiles\testDiffPrims.dir\test_DiffPrimsRelations.cpp.obj
[2023-05-11T22:31:50.166Z]     [11/586] Building CXX object test\lib\usd\utils\CMakeFiles\testDiffValues.dir\test_DiffValuesMatrices.cpp.obj
[2023-05-11T22:31:50.764Z]     [12/586] Building CXX object test\lib\usd\utils\CMakeFiles\testDiffValues.dir\test_DiffValuesQuaternions.cpp.obj
[2023-05-11T22:31:50.764Z]     [13/586] Building CXX object test\lib\usd\utils\CMakeFiles\testDiffValues.dir\test_DiffValuesGeneric.cpp.obj
[2023-05-11T22:31:51.169Z]     [14/586] Building CXX object test\lib\usd\utils\CMakeFiles\testDiffPrims.dir\test_DiffPrimsAttributes.cpp.obj
[2023-05-11T22:31:51.311Z]     [15/586] Building CXX object test\lib\usd\utils\CMakeFiles\testDiffValues.dir\test_DiffValuesArrays.cpp.obj
[2023-05-11T22:31:51.534Z]     [16/586] Building CXX object test\lib\usd\utils\CMakeFiles\testDiffLists.dir\test_DiffLists.cpp.obj
[2023-05-11T22:31:51.758Z]     [17/586] Building CXX object test\lib\usd\utils\CMakeFiles\testDiffValues.dir\test_DiffValuesFloatVecs.cpp.obj
[2023-05-11T22:31:51.758Z]     [18/586] Building CXX object test\lib\usd\utils\CMakeFiles\testDiffValues.dir\test_DiffValuesHalfVecs.cpp.obj
[2023-05-11T22:31:52.087Z]     [19/586] Building CXX object test\lib\usd\utils\CMakeFiles\testDiffValues.dir\test_DiffValuesDoubleVecs.cpp.obj
[2023-05-11T22:31:52.087Z]     [20/586] Building CXX object test\lib\usd\utils\CMakeFiles\testDiffDictionaries.dir\test_DiffDictionaries.cpp.obj
[2023-05-11T22:31:52.508Z]     [21/586] Building CXX object test\lib\usd\utils\CMakeFiles\testDiffRelationships.dir\main.cpp.obj
[2023-05-11T22:31:52.724Z]     [22/586] Building CXX object test\lib\usd\utils\CMakeFiles\testDiffAttributes.dir\main.cpp.obj
[2023-05-11T22:31:52.724Z]     [23/586] Building CXX object test\lib\usd\utils\CMakeFiles\testDiffMetadatas.dir\main.cpp.obj
[2023-05-11T22:31:52.724Z]     [24/586] Building CXX object test\lib\usd\utils\CMakeFiles\testDiffComputeOverall.dir\main.cpp.obj
[2023-05-11T22:31:52.724Z]     [25/586] Building CXX object test\lib\usd\utils\CMakeFiles\testMergePrims.dir\main.cpp.obj
[2023-05-11T22:31:53.047Z]     [26/586] Building CXX object test\lib\usd\utils\CMakeFiles\testDiffValues.dir\test_DiffValuesIntVecs.cpp.obj
[2023-05-11T22:31:53.164Z]     [27/586] Building CXX object lib\mayaUsd\CMakeFiles\mayaUsd.dir\base\debugCodes.cpp.obj
[2023-05-11T22:31:53.801Z]     [28/586] Building CXX object lib\mayaUsd\CMakeFiles\mayaUsd.dir\commands\layerEditorWindowCommand.cpp.obj
[2023-05-11T22:31:53.917Z]     [29/586] Building CXX object lib\mayaUsd\CMakeFiles\mayaUsd.dir\base\tokens.cpp.obj
[2023-05-11T22:31:55.655Z]     [30/586] Building CXX object test\lib\usd\utils\CMakeFiles\testDiffAttributes.dir\test_DiffAttributes.cpp.obj
[2023-05-11T22:31:58.986Z]     [31/586] Building CXX object test\lib\usd\utils\CMakeFiles\testDiffRelationships.dir\test_DiffRelationships.cpp.obj
[2023-05-11T22:31:59.243Z]     [32/586] Building CXX object lib\mayaUsd\CMakeFiles\mayaUsd.dir\commands\editTargetCommand.cpp.obj
[2023-05-11T22:31:59.366Z]     [33/586] Building CXX object lib\mayaUsd\CMakeFiles\mayaUsd.dir\commands\baseImportCommand.cpp.obj
[2023-05-11T22:31:59.366Z]     [34/586] Building CXX object test\lib\usd\utils\CMakeFiles\testMergePrims.dir\test_MergePrims.cpp.obj
[2023-05-11T22:31:59.366Z]     [35/586] Building CXX object test\lib\usd\utils\CMakeFiles\testDiffComputeOverall.dir\test_DiffComputeOverall.cpp.obj
[2023-05-11T22:31:59.481Z]     [36/586] Building CXX object test\lib\usd\utils\CMakeFiles\testDiffMetadatas.dir\test_DiffMetadatas.cpp.obj
[2023-05-11T22:31:59.596Z]     [37/586] Building CXX object lib\mayaUsd\CMakeFiles\mayaUsd.dir\commands\baseListJobContextsCommand.cpp.obj
[2023-05-11T22:31:59.596Z]     [38/586] Building CXX object lib\mayaUsd\CMakeFiles\mayaUsd.dir\fileio\functorPrimReader.cpp.obj
[2023-05-11T22:31:59.712Z]     [39/586] Building CXX object lib\mayaUsd\CMakeFiles\mayaUsd.dir\fileio\fallbackPrimReader.cpp.obj
[2023-05-11T22:31:59.835Z]     [40/586] Building CXX object lib\mayaUsd\CMakeFiles\mayaUsd.dir\commands\baseListShadingModesCommand.cpp.obj
[2023-05-11T22:32:00.263Z]     [41/586] Building CXX object lib\mayaUsd\CMakeFiles\mayaUsd.dir\commands\baseExportCommand.cpp.obj
[2023-05-11T22:32:00.686Z]     [42/586] Building CXX object lib\mayaUsd\CMakeFiles\mayaUsd.dir\commands\layerEditorCommand.cpp.obj
[2023-05-11T22:32:00.908Z]     [43/586] Building CXX object lib\mayaUsd\CMakeFiles\mayaUsd.dir\fileio\primReader.cpp.obj
[2023-05-11T22:32:02.042Z]     [44/586] Building CXX object lib\mayaUsd\CMakeFiles\mayaUsd.dir\fileio\instancedNodeWriter.cpp.obj
[2023-05-11T22:32:02.266Z]     [45/586] Building CXX object lib\mayaUsd\CMakeFiles\mayaUsd.dir\fileio\functorPrimWriter.cpp.obj
[2023-05-11T22:32:03.097Z]     [46/586] Building CXX object lib\mayaUsd\CMakeFiles\mayaUsd.dir\fileio\importData.cpp.obj
[2023-05-11T22:32:03.317Z]     [47/586] Building CXX object lib\mayaUsd\CMakeFiles\mayaUsd.dir\fileio\jobContextRegistry.cpp.obj
[2023-05-11T22:32:05.381Z]     [48/586] Building CXX object lib\mayaUsd\CMakeFiles\mayaUsd.dir\fileio\primWriterContext.cpp.obj
[2023-05-11T22:32:05.708Z]     [49/586] Building CXX object lib\mayaUsd\CMakeFiles\mayaUsd.dir\fileio\primReaderContext.cpp.obj
[2023-05-11T22:32:06.135Z]     [50/586] Building CXX object lib\mayaUsd\CMakeFiles\mayaUsd.dir\fileio\primWriterArgs.cpp.obj
[2023-05-11T22:32:06.367Z]     [51/586] Building CXX object lib\mayaUsd\CMakeFiles\mayaUsd.dir\fileio\primReaderArgs.cpp.obj
[2023-05-11T22:32:06.489Z]     [52/586] Building CXX object lib\mayaUsd\CMakeFiles\mayaUsd.dir\fileio\primReaderRegistry.cpp.obj
[2023-05-11T22:32:06.826Z]     [53/586] Building CXX object lib\mayaUsd\CMakeFiles\mayaUsd.dir\fileio\registryHelper.cpp.obj
[2023-05-11T22:32:07.171Z]     [54/586] Building CXX object lib\mayaUsd\CMakeFiles\mayaUsd.dir\fileio\primWriterRegistry.cpp.obj
[2023-05-11T22:32:07.171Z]     [55/586] Building CXX object lib\mayaUsd\CMakeFiles\mayaUsd.dir\fileio\shaderWriter.cpp.obj
[2023-05-11T22:32:07.301Z]     [56/586] Building CXX object lib\mayaUsd\CMakeFiles\mayaUsd.dir\fileio\schemaApiAdaptorRegistry.cpp.obj
[2023-05-11T22:32:07.526Z]     [57/586] Building CXX object lib\mayaUsd\CMakeFiles\mayaUsd.dir\fileio\shaderReaderRegistry.cpp.obj
[2023-05-11T22:32:08.161Z]     [58/586] Building CXX object lib\mayaUsd\CMakeFiles\mayaUsd.dir\fileio\schemaApiAdaptor.cpp.obj
[2023-05-11T22:32:08.382Z]     [59/586] Building CXX object lib\mayaUsd\CMakeFiles\mayaUsd.dir\fileio\primWriter.cpp.obj
[2023-05-11T22:32:08.503Z]     [60/586] Building CXX object lib\mayaUsd\CMakeFiles\mayaUsd.dir\fileio\chaser\exportChaser.cpp.obj
[2023-05-11T22:32:08.929Z]     [61/586] Building CXX object lib\mayaUsd\CMakeFiles\mayaUsd.dir\fileio\shaderReader.cpp.obj
[2023-05-11T22:32:10.996Z]     [62/586] Building CXX object lib\mayaUsd\CMakeFiles\mayaUsd.dir\fileio\transformWriter.cpp.obj
[2023-05-11T22:32:11.222Z]     [63/586] Building CXX object lib\mayaUsd\CMakeFiles\mayaUsd.dir\fileio\shaderWriterRegistry.cpp.obj
[2023-05-11T22:32:12.778Z]     [64/586] Building CXX object lib\mayaUsd\CMakeFiles\mayaUsd.dir\fileio\writeJobContext.cpp.obj
[2023-05-11T22:32:13.108Z]     [65/586] Building CXX object lib\mayaUsd\CMakeFiles\mayaUsd.dir\fileio\translators\translatorGprim.cpp.obj
[2023-05-11T22:32:14.263Z]     [66/586] Building CXX object lib\mayaUsd\CMakeFiles\mayaUsd.dir\fileio\translators\translatorLight.cpp.obj
[2023-05-11T22:32:14.380Z]     [67/586] Building CXX object lib\mayaUsd\CMakeFiles\mayaUsd.dir\fileio\translators\translatorCurves.cpp.obj
[2023-05-11T22:32:14.602Z]     [68/586] Building CXX object lib\mayaUsd\CMakeFiles\mayaUsd.dir\fileio\translators\translatorMayaReference.cpp.obj
[2023-05-11T22:32:14.768Z]     [69/586] Building CXX object lib\mayaUsd\CMakeFiles\mayaUsd.dir\fileio\translators\translatorMesh.cpp.obj
[2023-05-11T22:32:15.099Z]     [70/586] Building CXX object lib\mayaUsd\CMakeFiles\mayaUsd.dir\fileio\chaser\importChaserRegistry.cpp.obj
[2023-05-11T22:32:15.427Z]     [71/586] Building CXX object lib\mayaUsd\CMakeFiles\mayaUsd.dir\fileio\translators\translatorMaterial.cpp.obj
[2023-05-11T22:32:15.544Z]     [72/586] Building CXX object lib\mayaUsd\CMakeFiles\mayaUsd.dir\fileio\jobs\meshDataReadJob.cpp.obj
[2023-05-11T22:32:15.764Z]     [73/586] Building CXX object lib\mayaUsd\CMakeFiles\mayaUsd.dir\fileio\chaser\importChaser.cpp.obj
[2023-05-11T22:32:16.592Z]     [74/586] Building CXX object lib\mayaUsd\CMakeFiles\mayaUsd.dir\fileio\chaser\exportChaserRegistry.cpp.obj
[2023-05-11T22:32:18.794Z]     [75/586] Building CXX object lib\mayaUsd\CMakeFiles\mayaUsd.dir\fileio\jobs\jobArgs.cpp.obj
[2023-05-11T22:32:18.913Z]     [76/586] Building CXX object lib\mayaUsd\CMakeFiles\mayaUsd.dir\fileio\jobs\writeJob.cpp.obj
[2023-05-11T22:32:19.442Z]     [77/586] Building CXX object lib\mayaUsd\CMakeFiles\mayaUsd.dir\fileio\jobs\readJob.cpp.obj
[2023-05-11T22:32:19.564Z]     [78/586] Building CXX object lib\mayaUsd\CMakeFiles\mayaUsd.dir\fileio\shading\shadingModeExporter.cpp.obj
[2023-05-11T22:32:21.237Z]     [79/586] Building CXX object lib\mayaUsd\CMakeFiles\mayaUsd.dir\fileio\jobs\modelKindProcessor.cpp.obj
[2023-05-11T22:32:21.976Z]     [80/586] Building CXX object lib\mayaUsd\CMakeFiles\mayaUsd.dir\fileio\shading\shadingModeImporter.cpp.obj
[2023-05-11T22:32:22.515Z]     [81/586] Building CXX object lib\mayaUsd\CMakeFiles\mayaUsd.dir\fileio\shading\shadingModeExporterContext.cpp.obj
[2023-05-11T22:32:22.943Z]     [82/586] Building CXX object lib\mayaUsd\CMakeFiles\mayaUsd.dir\fileio\shading\shadingModeRegistry.cpp.obj
[2023-05-11T22:32:23.389Z]     [83/586] Building CXX object lib\mayaUsd\CMakeFiles\mayaUsd.dir\fileio\shading\symmetricShaderReader.cpp.obj
[2023-05-11T22:32:23.614Z]     [84/586] Building CXX object lib\mayaUsd\CMakeFiles\mayaUsd.dir\fileio\shading\shadingModeDisplayColor.cpp.obj
[2023-05-11T22:32:24.965Z]     [85/586] Building CXX object lib\mayaUsd\CMakeFiles\mayaUsd.dir\fileio\translators\skelBindingsProcessor.cpp.obj
[2023-05-11T22:32:25.193Z]     [86/586] Building CXX object lib\mayaUsd\CMakeFiles\mayaUsd.dir\fileio\shading\shadingModeUseRegistry.cpp.obj
[2023-05-11T22:32:25.414Z]     [87/586] Building CXX object lib\mayaUsd\CMakeFiles\mayaUsd.dir\fileio\shading\shadingModePxrRis.cpp.obj
[2023-05-11T22:32:25.534Z]     [88/586] Building CXX object lib\mayaUsd\CMakeFiles\mayaUsd.dir\fileio\translators\translatorCamera.cpp.obj
[2023-05-11T22:32:26.464Z]     [89/586] Building CXX object lib\mayaUsd\CMakeFiles\mayaUsd.dir\fileio\shading\symmetricShaderWriter.cpp.obj
[2023-05-11T22:32:26.993Z]     [90/586] Building CXX object lib\mayaUsd\CMakeFiles\mayaUsd.dir\fileio\translators\translatorPrim.cpp.obj
[2023-05-11T22:32:27.827Z]     [91/586] Building CXX object lib\mayaUsd\CMakeFiles\mayaUsd.dir\fileio\translators\translatorNurbsPatch.cpp.obj
[2023-05-11T22:32:28.153Z]     [92/586] Building CXX object lib\mayaUsd\CMakeFiles\mayaUsd.dir\fileio\translators\translatorRfMLight.cpp.obj
[2023-05-11T22:32:28.680Z]     [93/586] Building CXX object lib\mayaUsd\CMakeFiles\mayaUsd.dir\fileio\translators\translatorRfMLight_deprecated.cpp.obj
[2023-05-11T22:32:29.303Z]     [94/586] Building CXX object lib\mayaUsd\CMakeFiles\mayaUsd.dir\fileio\translators\translatorXformable_decompose.cpp.obj
[2023-05-11T22:32:29.422Z]     [95/586] Building CXX object lib\mayaUsd\CMakeFiles\mayaUsd.dir\fileio\translators\translatorSkel.cpp.obj
[2023-05-11T22:32:30.053Z]     [96/586] Building CXX object lib\mayaUsd\CMakeFiles\mayaUsd.dir\fileio\utils\jointWriteUtils.cpp.obj
[2023-05-11T22:32:30.682Z]     [97/586] Building CXX object lib\mayaUsd\CMakeFiles\mayaUsd.dir\fileio\translators\translatorXformable.cpp.obj
[2023-05-11T22:32:31.326Z]     [98/586] Building CXX object lib\mayaUsd\CMakeFiles\mayaUsd.dir\fileio\utils\meshReadUtils.cpp.obj
[2023-05-11T22:32:31.449Z]     [99/586] Building CXX object lib\mayaUsd\CMakeFiles\mayaUsd.dir\fileio\translators\translatorUtil.cpp.obj
[2023-05-11T22:32:31.981Z]     [100/586] Building CXX object lib\mayaUsd\CMakeFiles\mayaUsd.dir\fileio\utils\adaptor.cpp.obj
[2023-05-11T22:32:32.214Z]     [101/586] Building CXX object lib\mayaUsd\CMakeFiles\mayaUsd.dir\listeners\notice.cpp.obj
[2023-05-11T22:32:32.540Z]     [102/586] Building CXX object lib\mayaUsd\CMakeFiles\mayaUsd.dir\fileio\utils\roundTripUtil.cpp.obj
[2023-05-11T22:32:32.981Z]     [103/586] Building CXX object lib\mayaUsd\CMakeFiles\mayaUsd.dir\fileio\utils\userTaggedAttribute.cpp.obj
[2023-05-11T22:32:33.817Z]     [104/586] Building CXX object lib\mayaUsd\CMakeFiles\mayaUsd.dir\fileio\utils\readUtil.cpp.obj
[2023-05-11T22:32:34.342Z]     [105/586] Building CXX object lib\mayaUsd\CMakeFiles\mayaUsd.dir\fileio\utils\meshWriteUtils.cpp.obj
[2023-05-11T22:32:34.971Z]     [106/586] Building CXX object lib\mayaUsd\CMakeFiles\mayaUsd.dir\python\moduleDeps.cpp.obj
[2023-05-11T22:32:35.193Z]     [107/586] Building CXX object lib\mayaUsd\CMakeFiles\mayaUsd.dir\listeners\stageNoticeListener.cpp.obj
[2023-05-11T22:32:35.926Z]     [108/586] Building CXX object lib\mayaUsd\CMakeFiles\mayaUsd.dir\listeners\proxyShapeNotice.cpp.obj
[2023-05-11T22:32:35.926Z]     [109/586] Building CXX object lib\mayaUsd\CMakeFiles\mayaUsd.dir\render\px_vp20\glslProgram.cpp.obj
[2023-05-11T22:32:37.391Z]     [110/586] Building CXX object lib\mayaUsd\CMakeFiles\mayaUsd.dir\nodes\hdImagingShape.cpp.obj
[2023-05-11T22:32:37.621Z]     [111/586] Building CXX object lib\mayaUsd\CMakeFiles\mayaUsd.dir\fileio\utils\shadingUtil.cpp.obj
[2023-05-11T22:32:37.754Z]     [112/586] Building CXX object lib\mayaUsd\CMakeFiles\mayaUsd.dir\fileio\utils\xformStack.cpp.obj
[2023-05-11T22:32:38.395Z]     [113/586] Building CXX object lib\mayaUsd\CMakeFiles\mayaUsd.dir\render\pxrUsdMayaGL\debugCodes.cpp.obj
[2023-05-11T22:32:38.618Z]     [114/586] Building CXX object lib\mayaUsd\CMakeFiles\mayaUsd.dir\fileio\utils\writeUtil.cpp.obj
[2023-05-11T22:32:38.738Z]     [115/586] Building CXX object lib\mayaUsd\CMakeFiles\mayaUsd.dir\nodes\proxyAccessor.cpp.obj
[2023-05-11T22:32:39.265Z]     [116/586] Building CXX object lib\mayaUsd\CMakeFiles\mayaUsd.dir\nodes\pointBasedDeformerNode.cpp.obj
[2023-05-11T22:32:39.605Z]     [117/586] Building CXX object lib\mayaUsd\CMakeFiles\mayaUsd.dir\nodes\usdPrimProvider.cpp.obj
[2023-05-11T22:32:40.053Z]     [118/586] Building CXX object lib\mayaUsd\CMakeFiles\mayaUsd.dir\nodes\proxyShapeStageExtraData.cpp.obj
[2023-05-11T22:32:40.290Z]     [119/586] Building CXX object lib\mayaUsd\CMakeFiles\mayaUsd.dir\render\px_vp20\utils_legacy.cpp.obj
[2023-05-11T22:32:40.611Z]     [120/586] Building CXX object lib\mayaUsd\CMakeFiles\mayaUsd.dir\nodes\stageData.cpp.obj
[2023-05-11T22:32:41.042Z]     [121/586] Building CXX object lib\mayaUsd\CMakeFiles\mayaUsd.dir\nodes\proxyShapePlugin.cpp.obj
[2023-05-11T22:32:41.042Z]     [122/586] Building CXX object lib\mayaUsd\CMakeFiles\mayaUsd.dir\render\px_vp20\utils.cpp.obj
[2023-05-11T22:32:41.471Z]     [123/586] Building CXX object lib\mayaUsd\CMakeFiles\mayaUsd.dir\render\pxrUsdMayaGL\userData.cpp.obj
[2023-05-11T22:32:41.802Z]     [124/586] Building CXX object lib\mayaUsd\CMakeFiles\mayaUsd.dir\render\pxrUsdMayaGL\softSelectHelper.cpp.obj
[2023-05-11T22:32:42.125Z]     [125/586] Building CXX object lib\mayaUsd\CMakeFiles\mayaUsd.dir\nodes\stageNode.cpp.obj
[2023-05-11T22:32:42.247Z]     [126/586] Building CXX object lib\mayaUsd\CMakeFiles\mayaUsd.dir\nodes\proxyShapeBase.cpp.obj
[2023-05-11T22:32:42.466Z]     [127/586] Building CXX object lib\mayaUsd\CMakeFiles\mayaUsd.dir\render\vp2RenderDelegate\debugCodes.cpp.obj
[2023-05-11T22:32:43.004Z]     [128/586] Building CXX object lib\mayaUsd\CMakeFiles\mayaUsd.dir\nodes\proxyShapeListenerBase.cpp.obj
[2023-05-11T22:32:43.123Z]     [129/586] Building CXX object lib\mayaUsd\CMakeFiles\mayaUsd.dir\render\vp2RenderDelegate\bboxGeom.cpp.obj
[2023-05-11T22:32:46.901Z]     [130/586] Building CXX object lib\mayaUsd\CMakeFiles\mayaUsd.dir\render\pxrUsdMayaGL\hdImagingShapeDrawOverride.cpp.obj
[2023-05-11T22:32:47.124Z]     [131/586] Building CXX object lib\mayaUsd\CMakeFiles\mayaUsd.dir\render\pxrUsdMayaGL\proxyShapeDelegate.cpp.obj
[2023-05-11T22:32:47.455Z]     [132/586] Building CXX object lib\mayaUsd\CMakeFiles\mayaUsd.dir\render\vp2RenderDelegate\draw_item.cpp.obj
[2023-05-11T22:32:48.103Z]     [133/586] Building CXX object lib\mayaUsd\CMakeFiles\mayaUsd.dir\render\pxrUsdMayaGL\sceneDelegate.cpp.obj
[2023-05-11T22:32:48.103Z]     [134/586] Building CXX object lib\mayaUsd\CMakeFiles\mayaUsd.dir\render\pxrUsdMayaGL\batchRenderer.cpp.obj
[2023-05-11T22:32:48.103Z]     [135/586] Building CXX object lib\mayaUsd\CMakeFiles\mayaUsd.dir\render\vp2RenderDelegate\meshViewportCompute.cpp.obj
[2023-05-11T22:32:48.426Z]     [136/586] Building CXX object lib\mayaUsd\CMakeFiles\mayaUsd.dir\render\pxrUsdMayaGL\proxyDrawOverride.cpp.obj
[2023-05-11T22:32:48.653Z]     [137/586] Building CXX object lib\mayaUsd\CMakeFiles\mayaUsd.dir\render\pxrUsdMayaGL\instancerImager.cpp.obj
[2023-05-11T22:32:48.771Z]     [138/586] Building CXX object lib\mayaUsd\CMakeFiles\mayaUsd.dir\render\pxrUsdMayaGL\instancerShapeAdapter.cpp.obj
[2023-05-11T22:32:49.195Z]     [139/586] Building CXX object lib\mayaUsd\CMakeFiles\mayaUsd.dir\render\vp2RenderDelegate\instancer.cpp.obj
[2023-05-11T22:32:49.826Z]     [140/586] Building CXX object lib\mayaUsd\CMakeFiles\mayaUsd.dir\render\vp2RenderDelegate\shader.cpp.obj
[2023-05-11T22:32:49.946Z]     [141/586] Building CXX object lib\mayaUsd\CMakeFiles\mayaUsd.dir\render\pxrUsdMayaGL\hdImagingShapeUI.cpp.obj
[2023-05-11T22:32:50.173Z]     [142/586] Building CXX object lib\mayaUsd\CMakeFiles\mayaUsd.dir\render\vp2RenderDelegate\tokens.cpp.obj
[2023-05-11T22:32:50.600Z]     [143/586] Building CXX object lib\mayaUsd\CMakeFiles\mayaUsd.dir\render\pxrUsdMayaGL\shapeAdapter.cpp.obj
[2023-05-11T22:32:50.833Z]     [144/586] Building CXX object lib\mayaUsd\CMakeFiles\mayaUsd.dir\undo\OpUndoItemRecorder.cpp.obj
[2023-05-11T22:32:51.157Z]     [145/586] Building CXX object lib\mayaUsd\CMakeFiles\mayaUsd.dir\render\pxrUsdMayaGL\usdProxyShapeAdapter.cpp.obj
[2023-05-11T22:32:51.782Z]     [146/586] Building CXX object lib\mayaUsd\CMakeFiles\mayaUsd.dir\utils\blockSceneModificationContext.cpp.obj
[2023-05-11T22:32:51.782Z]     [147/586] Building CXX object lib\mayaUsd\CMakeFiles\mayaUsd.dir\undo\UsdUndoableItem.cpp.obj
[2023-05-11T22:32:52.318Z]     [148/586] Building CXX object lib\mayaUsd\CMakeFiles\mayaUsd.dir\render\vp2RenderDelegate\sampler.cpp.obj
[2023-05-11T22:32:52.318Z]     [149/586] Building CXX object lib\mayaUsd\CMakeFiles\mayaUsd.dir\render\pxrUsdMayaGL\proxyShapeUI.cpp.obj
[2023-05-11T22:32:52.564Z]     [150/586] Building CXX object lib\mayaUsd\CMakeFiles\mayaUsd.dir\render\vp2RenderDelegate\render_param.cpp.obj
[2023-05-11T22:32:52.809Z]     [151/586] Building CXX object lib\mayaUsd\CMakeFiles\mayaUsd.dir\render\vp2RenderDelegate\extComputation.cpp.obj
[2023-05-11T22:32:53.250Z]     [152/586] Building CXX object lib\mayaUsd\CMakeFiles\mayaUsd.dir\undo\OpUndoItemList.cpp.obj
[2023-05-11T22:32:53.378Z]     [153/586] Building CXX object lib\mayaUsd\CMakeFiles\mayaUsd.dir\utils\colorSpace.cpp.obj
[2023-05-11T22:32:53.378Z]     [154/586] Building CXX object lib\mayaUsd\CMakeFiles\mayaUsd.dir\render\vp2ShaderFragments\shaderFragments.cpp.obj
[2023-05-11T22:32:54.037Z]     [155/586] Building CXX object lib\mayaUsd\CMakeFiles\mayaUsd.dir\utils\dynamicAttribute.cpp.obj
[2023-05-11T22:32:54.037Z]     [156/586] Building CXX object lib\mayaUsd\CMakeFiles\mayaUsd.dir\render\vp2RenderDelegate\basisCurves.cpp.obj
[2023-05-11T22:32:54.162Z]     [157/586] Building CXX object lib\mayaUsd\CMakeFiles\mayaUsd.dir\render\vp2RenderDelegate\mayaPrimCommon.cpp.obj
[2023-05-11T22:32:55.296Z]     [158/586] Building CXX object lib\mayaUsd\CMakeFiles\mayaUsd.dir\render\vp2RenderDelegate\mesh.cpp.obj
[2023-05-11T22:32:56.027Z]     [159/586] Building CXX object lib\mayaUsd\CMakeFiles\mayaUsd.dir\utils\diagnosticDelegate.cpp.obj
[2023-05-11T22:32:57.593Z]     [160/586] Building CXX object lib\mayaUsd\CMakeFiles\mayaUsd.dir\undo\UsdUndoManager.cpp.obj
[2023-05-11T22:32:58.335Z]     [161/586] Building CXX object lib\mayaUsd\CMakeFiles\mayaUsd.dir\render\vp2RenderDelegate\render_delegate.cpp.obj
[2023-05-11T22:32:58.458Z]     [162/586] Building CXX object lib\mayaUsd\CMakeFiles\mayaUsd.dir\undo\UsdUndoBlock.cpp.obj
[2023-05-11T22:32:58.787Z]     [163/586] Building CXX object lib\mayaUsd\CMakeFiles\mayaUsd.dir\undo\OpUndoItems.cpp.obj
[2023-05-11T22:32:59.023Z]     [164/586] Building CXX object lib\mayaUsd\CMakeFiles\mayaUsd.dir\render\vp2RenderDelegate\material.cpp.obj
[2023-05-11T22:32:59.144Z]     [165/586] Building CXX object lib\mayaUsd\CMakeFiles\mayaUsd.dir\utils\customLayerData.cpp.obj
[2023-05-11T22:32:59.399Z]     [166/586] Building CXX object lib\mayaUsd\CMakeFiles\mayaUsd.dir\utils\progressBarScope.cpp.obj
[2023-05-11T22:33:00.041Z]     [167/586] Building CXX object lib\mayaUsd\CMakeFiles\mayaUsd.dir\render\vp2RenderDelegate\points.cpp.obj
[2023-05-11T22:33:00.366Z]     [168/586] Building CXX object lib\mayaUsd\CMakeFiles\mayaUsd.dir\utils\plugRegistryHelper.cpp.obj
[2023-05-11T22:33:01.316Z]     [169/586] Building CXX object lib\mayaUsd\CMakeFiles\mayaUsd.dir\undo\UsdUndoStateDelegate.cpp.obj
[2023-05-11T22:33:01.438Z]     [170/586] Building CXX object lib\mayaUsd\CMakeFiles\mayaUsd.dir\utils\loadRules.cpp.obj
[2023-05-11T22:33:01.574Z]     [171/586] Building CXX object lib\mayaUsd\CMakeFiles\mayaUsd.dir\utils\editability.cpp.obj
[2023-05-11T22:33:01.806Z]     [172/586] Building CXX object lib\mayaUsd\CMakeFiles\mayaUsd.dir\render\vp2RenderDelegate\proxyRenderDelegate.cpp.obj
[2023-05-11T22:33:02.038Z]     [173/586] Building CXX object lib\mayaUsd\CMakeFiles\mayaUsd.dir\utils\layers.cpp.obj
[2023-05-11T22:33:02.477Z]     [174/586] Building CXX object lib\mayaUsd\CMakeFiles\mayaUsd.dir\utils\converter.cpp.obj
[2023-05-11T22:33:02.900Z]     [175/586] Building CXX object lib\mayaUsd\CMakeFiles\mayaUsd.dir\utils\editRouter.cpp.obj
[2023-05-11T22:33:03.224Z]     [176/586] Building CXX object lib\mayaUsd\CMakeFiles\mayaUsd.dir\utils\editRouterContext.cpp.obj
[2023-05-11T22:33:04.258Z]     [177/586] Building CXX object lib\mayaUsd\CMakeFiles\mayaUsd.dir\utils\selectability.cpp.obj
[2023-05-11T22:33:04.783Z]     [178/586] Building CXX object lib\mayaUsd\CMakeFiles\mayaUsd.dir\utils\layerMuting.cpp.obj
[2023-05-11T22:33:05.008Z]     [179/586] Building CXX object lib\mayaUsd\CMakeFiles\mayaUsd.dir\utils\loadRulesText.cpp.obj
[2023-05-11T22:33:05.126Z]     [180/586] Building CXX object lib\mayaUsd\python\CMakeFiles\_mayaUsd.dir\wrapColorSpace.cpp.obj
[2023-05-11T22:33:05.446Z]     [181/586] Building CXX object test\lib\usd\plugin\CMakeFiles\usdTestMayaPlugin.dir\plugin.cpp.obj
[2023-05-11T22:33:05.569Z]     [182/586] Building CXX object test\lib\usd\plugin\CMakeFiles\usdTestInfoImportChaser.dir\plugin.cpp.obj
[2023-05-11T22:33:06.202Z]     [183/586] Building CXX object lib\mayaUsd\CMakeFiles\mayaUsd.dir\utils\traverseLayer.cpp.obj
[2023-05-11T22:33:06.523Z]     [184/586] Building CXX object lib\mayaUsd\CMakeFiles\mayaUsd.dir\utils\loadRulesAttribute.cpp.obj
[2023-05-11T22:33:06.650Z]     [185/586] Building CXX object test\lib\usd\plugin\CMakeFiles\usdTestApiWriter.dir\plugin.cpp.obj
[2023-05-11T22:33:06.770Z]     [186/586] Building CXX object lib\mayaUsd\CMakeFiles\mayaUsd.dir\utils\query.cpp.obj
[2023-05-11T22:33:07.404Z]     [187/586] Building CXX object lib\mayaUsd\python\CMakeFiles\_mayaUsd.dir\wrapBlockSceneModificationContext.cpp.obj
[2023-05-11T22:33:07.652Z]     [188/586] Building CXX object plugin\al\usdtransaction\AL\usd\transaction\tests\CMakeFiles\AL_USDTransactionTests.dir\testMain.cpp.obj
[2023-05-11T22:33:07.773Z]     [189/586] Building CXX object plugin\al\utils\AL\CMakeFiles\AL_EventSystem.dir\event\EventHandler.cpp.obj
[2023-05-11T22:33:08.118Z]     [190/586] Building CXX object lib\mayaUsd\CMakeFiles\mayaUsd.dir\utils\utilDictionary.cpp.obj
[2023-05-11T22:33:08.349Z]     [191/586] Building CXX object lib\mayaUsd\CMakeFiles\mayaUsd.dir\utils\targetLayer.cpp.obj
[2023-05-11T22:33:08.349Z]     [192/586] Linking CXX shared library plugin\al\utils\AL\AL_EventSystem.dll
[2023-05-11T22:33:08.578Z]     [193/586] Building CXX object lib\mayaUsd\CMakeFiles\mayaUsd.dir\utils\undoHelperCommand.cpp.obj
[2023-05-11T22:33:08.713Z]     [194/586] Building CXX object plugin\al\mayatest\AL\maya\test\CMakeFiles\AL_MayaTest.dir\testHarness.cpp.obj
[2023-05-11T22:33:08.841Z]     [195/586] Building CXX object lib\mayaUsd\CMakeFiles\mayaUsd.dir\utils\stageCache.cpp.obj
[2023-05-11T22:33:09.307Z]     [196/586] Building CXX object plugin\al\mayautils\AL\maya\CMakeFiles\AL_MayaUtils.dir\utils\FileTranslatorOptions.cpp.obj
[2023-05-11T22:33:09.433Z]     [197/586] Building CXX object plugin\al\mayautils\AL\maya\CMakeFiles\AL_MayaUtils.dir\utils\PluginTranslatorOptions.cpp.obj
[2023-05-11T22:33:09.433Z]     [198/586] Building CXX object lib\mayaUsd\CMakeFiles\mayaUsd.dir\utils\utilFileSystem.cpp.obj
[2023-05-11T22:33:09.433Z]     [199/586] Building CXX object plugin\al\mayatest\AL\maya\test\CMakeFiles\AL_MayaTest.dir\testHelpers.cpp.obj
[2023-05-11T22:33:09.581Z]     [200/586] Building CXX object lib\mayaUsd\CMakeFiles\mayaUsd.dir\utils\variants.cpp.obj
[2023-05-11T22:33:10.092Z]     [201/586] Building CXX object plugin\al\mayautils\AL\maya\CMakeFiles\AL_MayaUtils.dir\utils\NodeHelper.cpp.obj
[2023-05-11T22:33:10.092Z]     [202/586] Building CXX object plugin\al\mayautils\AL\maya\CMakeFiles\AL_MayaUtils.dir\utils\MenuBuilder.cpp.obj
[2023-05-11T22:33:10.218Z]     [203/586] Building CXX object plugin\al\mayautils\AL\maya\tests\mayaplugintest\CMakeFiles\AL_MayaUtilsTests.dir\utils\CommandGuiHelperTest.cpp.obj
[2023-05-11T22:33:10.343Z]     [204/586] Building CXX object plugin\al\mayautils\AL\maya\CMakeFiles\AL_MayaUtils.dir\utils\CommandGuiHelper.cpp.obj
[2023-05-11T22:33:10.468Z]     [205/586] Building CXX object plugin\al\mayautils\AL\maya\CMakeFiles\AL_MayaUtils.dir\utils\Utils.cpp.obj
[2023-05-11T22:33:10.468Z]     [206/586] Linking CXX shared library plugin\al\mayatest\AL\maya\test\AL_MayaTest.dll
[2023-05-11T22:33:10.702Z]     [207/586] Building CXX object lib\mayaUsd\CMakeFiles\mayaUsd.dir\utils\utilSerialization.cpp.obj
[2023-05-11T22:33:11.025Z]     [208/586] Building CXX object plugin\al\mayautils\AL\maya\CMakeFiles\AL_MayaUtils.dir\event\MayaEventManager.cpp.obj
[2023-05-11T22:33:11.253Z]     [209/586] Building CXX object plugin\al\mayautils\AL\maya\tests\mayaplugintest\CMakeFiles\AL_MayaUtilsTests.dir\plugin.cpp.obj
[2023-05-11T22:33:11.611Z]     [210/586] Building CXX object plugin\al\mayautils\AL\maya\tests\mayaplugintest\CMakeFiles\AL_MayaUtilsTests.dir\utils\NodeHelperUnitTest.cpp.obj
[2023-05-11T22:33:11.734Z]     [211/586] Building CXX object plugin\al\mayautils\AL\maya\tests\mayaplugintest\CMakeFiles\AL_MayaUtilsTests.dir\test_maya_MenuBuilder.cpp.obj
[2023-05-11T22:33:11.734Z]     [212/586] Building CXX object plugin\al\mayautils\AL\maya\tests\mayaplugintest\CMakeFiles\AL_MayaUtilsTests.dir\test_mobjectmap.cpp.obj
[2023-05-11T22:33:11.857Z]     [213/586] Building CXX object lib\mayaUsd\python\CMakeFiles\_mayaUsd.dir\wrapConverter.cpp.obj
[2023-05-11T22:33:12.185Z]     [214/586] Building CXX object lib\mayaUsd\CMakeFiles\mayaUsd.dir\utils\util.cpp.obj
[2023-05-11T22:33:12.185Z]     [215/586] Building CXX object plugin\al\mayautils\AL\maya\tests\mayaplugintest\CMakeFiles\AL_MayaUtilsTests.dir\utils\PluginTranslatorOptionsTest.cpp.obj
[2023-05-11T22:33:12.717Z]     [216/586] Building CXX object test\lib\usd\plugin\CMakeFiles\usdTestMayaPlugin.dir\mayaShaderTranslation.cpp.obj
[2023-05-11T22:33:13.142Z]     [217/586] Building CXX object plugin\al\mayautils\AL\maya\tests\mayaplugintest\CMakeFiles\AL_MayaUtilsTests.dir\test_maya_NodeHelper.cpp.obj
[2023-05-11T22:33:14.578Z]     [218/586] Building CXX object test\lib\usd\plugin\CMakeFiles\usdTestInfoImportChaser.dir\infoImportChaser.cpp.obj
[2023-05-11T22:33:14.802Z]     [219/586] Building CXX object plugin\al\usdtransaction\AL\usd\transaction\CMakeFiles\_AL_USDTransaction.dir\module.cpp.obj
[2023-05-11T22:33:15.030Z]     [220/586] Building CXX object test\lib\usd\plugin\CMakeFiles\usdTestUsdPlugin.dir\mayaShaderTranslation.cpp.obj
[2023-05-11T22:33:16.476Z]     [221/586] Building CXX object test\lib\usd\plugin\CMakeFiles\usdTestApiWriter.dir\nullApiExporter.cpp.obj
[2023-05-11T22:33:17.528Z]     [222/586] Building CXX object plugin\al\usdtransaction\AL\usd\transaction\CMakeFiles\AL_USDTransaction.dir\Transaction.cpp.obj
[2023-05-11T22:33:17.528Z]     [223/586] Building CXX object plugin\al\usdtransaction\AL\usd\transaction\CMakeFiles\AL_USDTransaction.dir\Notice.cpp.obj
[2023-05-11T22:33:17.852Z]     [224/586] Building CXX object plugin\al\usdmayautils\AL\usdmaya\utils\CMakeFiles\AL_USDMayaUtils.dir\Utils.cpp.obj
[2023-05-11T22:33:17.852Z]     [225/586] Building CXX object plugin\al\usdmayautils\AL\usdmaya\utils\CMakeFiles\AL_USDMayaUtils.dir\AnimationTranslator.cpp.obj
[2023-05-11T22:33:18.177Z]     [226/586] Building CXX object plugin\al\usdtransaction\AL\usd\transaction\CMakeFiles\AL_USDTransaction.dir\TransactionManager.cpp.obj
[2023-05-11T22:33:18.177Z]     [227/586] Building CXX object plugin\al\usdmayautils\AL\usdmaya\utils\CMakeFiles\AL_USDMayaUtils.dir\AttributeType.cpp.obj
[2023-05-11T22:33:18.314Z]     [228/586] Building CXX object plugin\al\usdmayautils\AL\usdmaya\utils\CMakeFiles\AL_USDMayaUtils.dir\NurbsCurveUtils.cpp.obj
[2023-05-11T22:33:18.770Z]     [229/586] Building CXX object plugin\al\usdtransaction\AL\usd\transaction\CMakeFiles\_AL_USDTransaction.dir\wrapNotice.cpp.obj
[2023-05-11T22:33:18.904Z]     [230/586] Linking CXX shared library plugin\al\usdtransaction\AL\usd\transaction\AL_USDTransaction.dll
[2023-05-11T22:33:19.037Z]     [231/586] Building CXX object plugin\al\usdmayautils\AL\usdmaya\utils\CMakeFiles\AL_USDMayaUtils.dir\DiffPrimVar.cpp.obj
[2023-05-11T22:33:19.870Z]     [232/586] Building CXX object plugin\al\lib\AL_USDMaya\CMakeFiles\AL_USDMaya.dir\AL\usdmaya\Metadata.cpp.obj
[2023-05-11T22:33:20.094Z]     [233/586] Building CXX object plugin\al\usdmayautils\AL\usdmaya\utils\CMakeFiles\AL_USDMayaUtils.dir\MeshUtils.cpp.obj
[2023-05-11T22:33:20.217Z]     [234/586] Building CXX object plugin\al\lib\AL_USDMaya\CMakeFiles\AL_USDMaya.dir\AL\usdmaya\DebugCodes.cpp.obj
[2023-05-11T22:33:20.543Z]     [235/586] Building CXX object plugin\al\usdtransaction\AL\usd\transaction\CMakeFiles\_AL_USDTransaction.dir\wrapTransaction.cpp.obj
[2023-05-11T22:33:21.075Z]     [236/586] Building CXX object plugin\al\lib\AL_USDMaya\CMakeFiles\AL_USDMaya.dir\AL\usdmaya\StageCache.cpp.obj
[2023-05-11T22:33:21.075Z]     [237/586] Building CXX object plugin\al\usdtransaction\AL\usd\transaction\CMakeFiles\_AL_USDTransaction.dir\wrapTransactionManager.cpp.obj
[2023-05-11T22:33:21.703Z]     [238/586] Linking CXX shared library plugin\al\usdtransaction\AL\usd\transaction\_AL_USDTransaction.pyd
[2023-05-11T22:33:21.925Z]     [239/586] Building CXX object plugin\al\lib\AL_USDMaya\CMakeFiles\AL_USDMaya.dir\AL\usdmaya\cmds\DebugCommands.cpp.obj
[2023-05-11T22:33:21.925Z]     [240/586] Building CXX object plugin\al\usdmayautils\AL\usdmaya\utils\CMakeFiles\AL_USDMayaUtils.dir\DgNodeHelper.cpp.obj
[2023-05-11T22:33:22.551Z]     [241/586] Building CXX object plugin\al\lib\AL_USDMaya\CMakeFiles\AL_USDMaya.dir\AL\usdmaya\cmds\EventCommand.cpp.obj
[2023-05-11T22:33:23.079Z]     [242/586] Building CXX object plugin\al\lib\AL_USDMaya\CMakeFiles\AL_USDMaya.dir\AL\usdmaya\cmds\SyncFileIOGui.cpp.obj
[2023-05-11T22:33:23.623Z]     [243/586] Building CXX object plugin\al\lib\AL_USDMaya\CMakeFiles\AL_USDMaya.dir\AL\usdmaya\moduleDeps.cpp.obj
[2023-05-11T22:33:23.623Z]     [244/586] Building CXX object plugin\al\plugin\AL_USDMayaTestPlugin\CMakeFiles\AL_USDMayaTestPlugin.dir\AL\usdmaya\fileio\export_constraints.cpp.obj
[2023-05-11T22:33:23.955Z]     [245/586] Building CXX object plugin\al\lib\AL_USDMaya\CMakeFiles\AL_USDMaya.dir\AL\usdmaya\cmds\RendererCommands.cpp.obj
[2023-05-11T22:33:24.276Z]     [246/586] Building CXX object plugin\al\plugin\AL_USDMayaTestPlugin\CMakeFiles\AL_USDMayaTestPlugin.dir\AL\usdmaya\commands\test_ProxyShapeImport.cpp.obj
[2023-05-11T22:33:25.208Z]     [247/586] Building CXX object plugin\al\plugin\AL_USDMayaTestPlugin\CMakeFiles\AL_USDMayaTestPlugin.dir\AL\usdmaya\fileio\export_blendshape.cpp.obj
[2023-05-11T22:33:25.431Z]     [248/586] Building CXX object plugin\al\usdtransaction\AL\usd\transaction\tests\CMakeFiles\AL_USDTransactionTests.dir\testTransactionManager.cpp.obj
[2023-05-11T22:33:26.173Z]     [249/586] Building CXX object plugin\al\plugin\AL_USDMayaTestPlugin\CMakeFiles\AL_USDMayaTestPlugin.dir\AL\usdmaya\fileio\export_ik.cpp.obj
[2023-05-11T22:33:26.611Z]     [250/586] Building CXX object plugin\al\usdtransaction\AL\usd\transaction\tests\CMakeFiles\AL_USDTransactionTests.dir\testTransaction.cpp.obj
[2023-05-11T22:33:26.611Z]     [251/586] Building CXX object plugin\al\lib\AL_USDMaya\CMakeFiles\AL_USDMaya.dir\AL\usdmaya\TransformOperation.cpp.obj
[2023-05-11T22:33:26.611Z]     [252/586] Building CXX object plugin\al\plugin\AL_USDMayaTestPlugin\CMakeFiles\AL_USDMayaTestPlugin.dir\AL\usdmaya\commands\test_TranslateCommand.cpp.obj
[2023-05-11T22:33:27.349Z]     [253/586] Building CXX object plugin\al\plugin\AL_USDMayaTestPlugin\CMakeFiles\AL_USDMayaTestPlugin.dir\AL\usdmaya\fileio\export_misc.cpp.obj
[2023-05-11T22:33:28.278Z]     [254/586] Linking CXX executable plugin\al\usdtransaction\AL\usd\transaction\tests\AL_USDTransactionTests.exe
[2023-05-11T22:33:28.610Z]     [255/586] Building CXX object plugin\al\lib\AL_USDMaya\CMakeFiles\AL_USDMaya.dir\AL\usdmaya\Global.cpp.obj
[2023-05-11T22:33:29.243Z]     [256/586] Building CXX object plugin\al\lib\AL_USDMaya\CMakeFiles\AL_USDMaya.dir\AL\usdmaya\cmds\CreateUsdPrim.cpp.obj
[2023-05-11T22:33:29.466Z]     [257/586] Building CXX object plugin\al\lib\AL_USDMaya\CMakeFiles\AL_USDMaya.dir\AL\usdmaya\cmds\LayerCommands.cpp.obj
[2023-05-11T22:33:30.203Z]     [258/586] Building CXX object plugin\al\lib\AL_USDMaya\CMakeFiles\AL_USDMaya.dir\AL\usdmaya\cmds\ListTranslators.cpp.obj
[2023-05-11T22:33:31.234Z]     [259/586] Building CXX object plugin\al\lib\AL_USDMaya\CMakeFiles\AL_USDMaya.dir\AL\usdmaya\fileio\ExportTranslator.cpp.obj
[2023-05-11T22:33:31.676Z]     [260/586] Building CXX object plugin\al\lib\AL_USDMaya\CMakeFiles\AL_USDMaya.dir\AL\usdmaya\cmds\ProxyShapePostLoadProcess.cpp.obj
[2023-05-11T22:33:31.897Z]     [261/586] Building CXX object plugin\al\lib\AL_USDMaya\CMakeFiles\AL_USDMaya.dir\AL\usdmaya\fileio\ImportTranslator.cpp.obj
[2023-05-11T22:33:32.358Z]     [262/586] Building CXX object plugin\al\lib\AL_USDMaya\CMakeFiles\AL_USDMaya.dir\AL\usdmaya\cmds\ProxyShapeCommands.cpp.obj
[2023-05-11T22:33:32.903Z]     [263/586] Building CXX object plugin\al\lib\AL_USDMaya\CMakeFiles\AL_USDMaya.dir\AL\usdmaya\fileio\AnimationTranslator.cpp.obj
[2023-05-11T22:33:33.329Z]     [264/586] Building CXX object plugin\al\lib\AL_USDMaya\CMakeFiles\AL_USDMaya.dir\AL\usdmaya\fileio\Import.cpp.obj
[2023-05-11T22:33:33.851Z]     [265/586] Building CXX object plugin\al\lib\AL_USDMaya\CMakeFiles\AL_USDMaya.dir\AL\usdmaya\fileio\Export.cpp.obj
[2023-05-11T22:33:34.582Z]     [266/586] Building CXX object plugin\al\lib\AL_USDMaya\CMakeFiles\AL_USDMaya.dir\AL\usdmaya\fileio\SchemaPrims.cpp.obj
[2023-05-11T22:33:34.700Z]     [267/586] Building CXX object plugin\al\lib\AL_USDMaya\CMakeFiles\AL_USDMaya.dir\AL\usdmaya\cmds\UnloadPrim.cpp.obj
[2023-05-11T22:33:35.239Z]     [268/586] Building CXX object plugin\al\lib\AL_USDMaya\CMakeFiles\AL_USDMaya.dir\AL\usdmaya\fileio\translators\DagNodeTranslator.cpp.obj
[2023-05-11T22:33:35.564Z]     [269/586] Building CXX object plugin\al\lib\AL_USDMaya\CMakeFiles\AL_USDMaya.dir\AL\usdmaya\fileio\TransformIterator.cpp.obj
[2023-05-11T22:33:35.681Z]     [270/586] Building CXX object plugin\al\lib\AL_USDMaya\CMakeFiles\AL_USDMaya.dir\AL\usdmaya\nodes\Layer.cpp.obj
[2023-05-11T22:33:36.006Z]     [271/586] Building CXX object plugin\al\lib\AL_USDMaya\CMakeFiles\AL_USDMaya.dir\AL\usdmaya\fileio\translators\DgNodeTranslator.cpp.obj
[2023-05-11T22:33:36.336Z]     [272/586] Building CXX object plugin\al\lib\AL_USDMaya\CMakeFiles\AL_USDMaya.dir\AL\usdmaya\fileio\translators\TranslatorTestPlugin.cpp.obj
[2023-05-11T22:33:36.661Z]     [273/586] Building CXX object plugin\al\lib\AL_USDMaya\CMakeFiles\AL_USDMaya.dir\AL\usdmaya\fileio\NodeFactory.cpp.obj
[2023-05-11T22:33:38.202Z]     [274/586] Building CXX object plugin\al\lib\AL_USDMaya\CMakeFiles\AL_USDMaya.dir\AL\usdmaya\fileio\translators\TranslatorContext.cpp.obj
[2023-05-11T22:33:38.732Z]     [275/586] Building CXX object plugin\al\lib\AL_USDMaya\CMakeFiles\AL_USDMaya.dir\AL\usdmaya\fileio\translators\TranslatorTestType.cpp.obj
[2023-05-11T22:33:39.492Z]     [276/586] Building CXX object plugin\al\lib\AL_USDMaya\CMakeFiles\AL_USDMaya.dir\AL\usdmaya\fileio\translators\TranslatorBase.cpp.obj
[2023-05-11T22:33:39.609Z]     [277/586] Building CXX object plugin\al\lib\AL_USDMaya\CMakeFiles\AL_USDMaya.dir\AL\usdmaya\fileio\translators\ExtraDataPlugin.cpp.obj
[2023-05-11T22:33:39.834Z]     [278/586] Building CXX object plugin\al\lib\AL_USDMaya\CMakeFiles\AL_USDMaya.dir\AL\usdmaya\nodes\LayerManager.cpp.obj
[2023-05-11T22:33:39.956Z]     [279/586] Building CXX object plugin\al\lib\AL_USDMaya\CMakeFiles\AL_USDMaya.dir\AL\usdmaya\fileio\translators\TransformTranslator.cpp.obj
[2023-05-11T22:33:40.077Z]     [280/586] Building CXX object plugin\al\lib\AL_USDMaya\CMakeFiles\_AL_USDMaya.dir\AL\usdmaya\module.cpp.obj
[2023-05-11T22:33:41.310Z]     [281/586] Building CXX object plugin\al\lib\AL_USDMaya\CMakeFiles\AL_USDMaya.dir\AL\usdmaya\fileio\translators\TestExtraDataPlugin.cpp.obj
[2023-05-11T22:33:42.546Z]     [282/586] Building CXX object plugin\al\lib\AL_USDMaya\CMakeFiles\AL_USDMaya.dir\AL\usdmaya\nodes\MeshAnimCreator.cpp.obj
[2023-05-11T22:33:43.880Z]     [283/586] Building CXX object plugin\al\lib\AL_USDMaya\CMakeFiles\AL_USDMaya.dir\AL\usdmaya\nodes\ProxyShapeSelection.cpp.obj
[2023-05-11T22:33:44.145Z]     [284/586] Building CXX object plugin\al\lib\AL_USDMaya\CMakeFiles\AL_USDMaya.dir\AL\usdmaya\nodes\MeshAnimDeformer.cpp.obj
[2023-05-11T22:33:44.273Z]     [285/586] Building CXX object plugin\al\lib\AL_USDMaya\CMakeFiles\AL_USDMaya.dir\AL\usdmaya\nodes\RendererManager.cpp.obj
[2023-05-11T22:33:44.273Z]     [286/586] Building CXX object plugin\al\lib\AL_USDMaya\CMakeFiles\AL_USDMaya.dir\AL\usdmaya\nodes\ProxyUsdGeomCamera.cpp.obj
[2023-05-11T22:33:44.394Z]     [287/586] Building CXX object plugin\al\lib\AL_USDMaya\CMakeFiles\AL_USDMaya.dir\AL\usdmaya\nodes\Scope.cpp.obj
[2023-05-11T22:33:44.522Z]     [288/586] Building CXX object plugin\al\lib\AL_USDMaya\CMakeFiles\AL_USDMaya.dir\AL\usdmaya\nodes\proxy\PrimFilter.cpp.obj
[2023-05-11T22:33:44.641Z]     [289/586] Building CXX object plugin\al\lib\AL_USDMaya\CMakeFiles\AL_USDMaya.dir\AL\usdmaya\nodes\Engine.cpp.obj
[2023-05-11T22:33:46.306Z]     [290/586] Building CXX object plugin\al\lib\AL_USDMaya\CMakeFiles\AL_USDMaya.dir\AL\usdmaya\nodes\BasicTransformationMatrix.cpp.obj
[2023-05-11T22:33:46.526Z]     [291/586] Building CXX object plugin\al\lib\AL_USDMaya\CMakeFiles\AL_USDMaya.dir\AL\usdmaya\nodes\proxy\ProxyShapeMetaData.cpp.obj
[2023-05-11T22:33:46.645Z]     [292/586] Building CXX object plugin\al\lib\AL_USDMaya\CMakeFiles\_AL_USDMaya.dir\AL\usdmaya\wrapStageCache.cpp.obj
[2023-05-11T22:33:47.174Z]     [293/586] Building CXX object plugin\al\lib\AL_USDMaya\CMakeFiles\AL_USDMaya.dir\AL\usdmaya\nodes\Transform.cpp.obj
[2023-05-11T22:33:47.399Z]     [294/586] Building CXX object lib\mayaUsd\python\CMakeFiles\_mayaUsd.dir\module.cpp.obj
[2023-05-11T22:33:47.518Z]     [295/586] Building CXX object plugin\al\plugin\AL_USDMayaTestPlugin\CMakeFiles\AL_USDMayaTestPlugin.dir\AL\maya\test_EventHandler.cpp.obj
[2023-05-11T22:33:48.579Z]     [296/586] Building CXX object plugin\al\lib\AL_USDMaya\CMakeFiles\_AL_USDMaya.dir\AL\usdmaya\nodes\wrapLayerManager.cpp.obj
[2023-05-11T22:33:48.709Z]     [297/586] Building CXX object plugin\al\lib\AL_USDMaya\CMakeFiles\AL_USDMaya.dir\AL\usdmaya\nodes\proxy\ProxyShapeVariantFallbacks.cpp.obj
[2023-05-11T22:33:49.036Z]     [298/586] Building CXX object plugin\al\lib\AL_USDMaya\CMakeFiles\AL_USDMaya.dir\AL\usdmaya\nodes\TransformationMatrix.cpp.obj
[2023-05-11T22:33:49.968Z]     [299/586] Building CXX object plugin\al\lib\AL_USDMaya\CMakeFiles\AL_USDMaya.dir\AL\usdmaya\nodes\ProxyShape.cpp.obj
[2023-05-11T22:33:52.236Z]     [300/586] Building CXX object plugin\al\plugin\AL_USDMayaTestPlugin\CMakeFiles\AL_USDMayaTestPlugin.dir\AL\maya\test_MayaEventManager.cpp.obj
[2023-05-11T22:33:52.236Z]     [301/586] Building CXX object lib\mayaUsd\python\CMakeFiles\_mayaUsd.dir\pythonObjectRegistry.cpp.obj
[2023-05-11T22:33:52.360Z]     [302/586] Building CXX object lib\mayaUsd\python\CMakeFiles\_mayaUsd.dir\wrapOpUndoItem.cpp.obj
[2023-05-11T22:33:52.904Z]     [303/586] Building CXX object plugin\al\lib\AL_USDMaya\CMakeFiles\_AL_USDMaya.dir\AL\usdmaya\fileio\translators\wrapTranslatorContext.cpp.obj
[2023-05-11T22:33:52.904Z]     [304/586] Building CXX object plugin\al\plugin\AL_USDMayaTestPlugin\CMakeFiles\AL_USDMayaTestPlugin.dir\AL\usdmaya\commands\test_ExportCommands.cpp.obj
[2023-05-11T22:33:53.742Z]     [305/586] Building CXX object plugin\al\lib\AL_USDMaya\CMakeFiles\_AL_USDMaya.dir\AL\usdmaya\nodes\wrapProxyShape.cpp.obj
[2023-05-11T22:33:53.862Z]     [306/586] Building CXX object plugin\al\plugin\AL_USDMayaPlugin\CMakeFiles\AL_USDMayaPlugin.dir\plugin.cpp.obj
[2023-05-11T22:33:53.979Z]     [307/586] Building CXX object plugin\al\plugin\AL_USDMayaTestPlugin\CMakeFiles\AL_USDMayaTestPlugin.dir\AL\maya\test_MatrixToSRT.cpp.obj
[2023-05-11T22:33:54.920Z]     [308/586] Building CXX object lib\mayaUsd\python\CMakeFiles\_mayaUsd.dir\wrapDiagnosticDelegate.cpp.obj
[2023-05-11T22:33:55.446Z]     [309/586] Building CXX object lib\mayaUsd\python\CMakeFiles\_mayaUsd.dir\wrapSparseValueWriter.cpp.obj
[2023-05-11T22:33:56.595Z]     [310/586] Building CXX object plugin\al\plugin\AL_USDMayaTestPlugin\CMakeFiles\AL_USDMayaTestPlugin.dir\AL\usdmaya\commands\test_LayerCommands.cpp.obj
[2023-05-11T22:33:56.595Z]     [311/586] Building CXX object lib\mayaUsd\python\CMakeFiles\_mayaUsd.dir\wrapTokens.cpp.obj
[2023-05-11T22:33:56.770Z]     [312/586] Building CXX object lib\mayaUsd\python\CMakeFiles\_mayaUsd.dir\wrapEditRouter.cpp.obj
[2023-05-11T22:33:56.936Z]     [313/586] Building CXX object plugin\al\plugin\AL_USDMayaTestPlugin\CMakeFiles\AL_USDMayaTestPlugin.dir\AL\usdmaya\commands\test_LayerManagerCommands.cpp.obj
[2023-05-11T22:33:57.373Z]     [314/586] Building CXX object plugin\al\plugin\AL_USDMayaTestPlugin\CMakeFiles\AL_USDMayaTestPlugin.dir\plugin.cpp.obj
[2023-05-11T22:33:57.900Z]     [315/586] Building CXX object plugin\al\lib\AL_USDMaya\CMakeFiles\_AL_USDMaya.dir\AL\usdmaya\fileio\translators\wrapTranslatorBase.cpp.obj
[2023-05-11T22:33:58.126Z]     [316/586] Building CXX object lib\mayaUsd\python\CMakeFiles\_mayaUsd.dir\wrapAdaptor.cpp.obj
[2023-05-11T22:33:58.651Z]     [317/586] Building CXX object lib\mayaUsd\python\CMakeFiles\_mayaUsd.dir\wrapQuery.cpp.obj
[2023-05-11T22:33:59.781Z]     [318/586] Building CXX object lib\mayaUsd\python\CMakeFiles\_mayaUsd.dir\wrapTranslatorUtil.cpp.obj
[2023-05-11T22:34:00.107Z]     [319/586] Building CXX object lib\mayaUsd\python\CMakeFiles\_mayaUsd.dir\wrapMeshWriteUtils.cpp.obj
[2023-05-11T22:34:00.336Z]     [320/586] Building CXX object lib\mayaUsd\python\CMakeFiles\_mayaUsd.dir\wrapUsdUndoManager.cpp.obj
[2023-05-11T22:34:00.559Z]     [321/586] Building CXX object lib\mayaUsd\python\CMakeFiles\_mayaUsd.dir\wrapRoundTripUtil.cpp.obj
[2023-05-11T22:34:01.723Z]     [322/586] Building CXX object lib\mayaUsd\python\CMakeFiles\_mayaUsd.dir\wrapStageCache.cpp.obj
[2023-05-11T22:34:01.950Z]     [323/586] Building CXX object lib\mayaUsd\python\CMakeFiles\_mayaUsd.dir\wrapReadUtil.cpp.obj
[2023-05-11T22:34:03.691Z]     [324/586] Building CXX object lib\mayaUsd\python\CMakeFiles\_mayaUsd.dir\wrapUserTaggedAttribute.cpp.obj
[2023-05-11T22:34:03.916Z]     [325/586] Building CXX object lib\mayaUsd\python\CMakeFiles\_mayaUsd.dir\wrapJobContextRegistry.cpp.obj
[2023-05-11T22:34:03.916Z]     [326/586] Building CXX object lib\mayaUsd\python\CMakeFiles\_mayaUsd.dir\wrapOpenMaya.cpp.obj
[2023-05-11T22:34:04.138Z]     [327/586] Building CXX object lib\mayaUsd\python\CMakeFiles\_mayaUsd.dir\wrapUtil.cpp.obj
[2023-05-11T22:34:04.670Z]     [328/586] Building CXX object lib\usd\pxrUsdPreviewSurface\CMakeFiles\basePxrUsdPreviewSurface.dir\cpvColor.cpp.obj
[2023-05-11T22:34:04.804Z]     [329/586] Building CXX object lib\mayaUsd\python\CMakeFiles\_mayaUsd.dir\wrapWriteUtil.cpp.obj
[2023-05-11T22:34:04.927Z]     [330/586] Building CXX object lib\mayaUsd\python\CMakeFiles\_mayaUsd.dir\wrapShadingUtil.cpp.obj
[2023-05-11T22:34:05.557Z]     [331/586] Building CXX object lib\mayaUsd\python\CMakeFiles\_mayaUsd.dir\wrapXformStack.cpp.obj
[2023-05-11T22:34:05.884Z]     [332/586] Building CXX object lib\usd\pxrUsdPreviewSurface\CMakeFiles\basePxrUsdPreviewSurface.dir\usdPreviewSurfaceShadingNodeOverride.cpp.obj
[2023-05-11T22:34:06.009Z]     [333/586] Building CXX object lib\mayaUsd\python\CMakeFiles\_mayaUsd.dir\wrapImportChaser.cpp.obj
[2023-05-11T22:34:07.559Z]     [334/586] Building CXX object lib\mayaUsd\python\CMakeFiles\_mayaUsd.dir\wrapExportChaser.cpp.obj
[2023-05-11T22:34:08.613Z]     [335/586] Building CXX object lib\usd\pxrUsdPreviewSurface\CMakeFiles\basePxrUsdPreviewSurface.dir\usdPreviewSurface.cpp.obj
[2023-05-11T22:34:09.052Z]     [336/586] Building CXX object lib\mayaUsd\python\CMakeFiles\_mayaUsd.dir\wrapSchemaApiAdaptor.cpp.obj
[2023-05-11T22:34:09.052Z]     [337/586] Building CXX object lib\mayaUsd\python\CMakeFiles\_mayaUsd.dir\wrapShadingMode.cpp.obj
[2023-05-11T22:34:09.275Z]     [338/586] Building CXX object lib\mayaUsd\python\CMakeFiles\_mayaUsd.dir\wrapPrimReader.cpp.obj
[2023-05-11T22:34:09.810Z]     [339/586] Building CXX object lib\usd\translators\CMakeFiles\mayaUsd_Translators.dir\jointWriter.cpp.obj
[2023-05-11T22:34:10.444Z]     [340/586] Building CXX object lib\usd\translators\CMakeFiles\mayaUsd_Translators.dir\cameraReader.cpp.obj
[2023-05-11T22:34:10.971Z]     [341/586] Building CXX object lib\mayaUsd\python\CMakeFiles\_mayaUsd.dir\wrapPrimWriter.cpp.obj
[2023-05-11T22:34:12.211Z]     [342/586] Building CXX object lib\usd\translators\CMakeFiles\mayaUsd_Translators.dir\instancerWriter.cpp.obj
[2023-05-11T22:34:12.840Z]     [343/586] Building CXX object lib\usd\translators\CMakeFiles\mayaUsd_Translators.dir\lightRfMWriter.cpp.obj
[2023-05-11T22:34:13.592Z]     [344/586] Building CXX object lib\usd\translators\CMakeFiles\mayaUsd_Translators.dir\lightRfMReader.cpp.obj
[2023-05-11T22:34:13.724Z]     [345/586] Building CXX object lib\usd\translators\CMakeFiles\mayaUsd_Translators.dir\lightReader.cpp.obj
[2023-05-11T22:34:13.945Z]     [346/586] Building CXX object lib\usd\pxrUsdPreviewSurface\CMakeFiles\basePxrUsdPreviewSurface.dir\usdPreviewSurfaceWriter.cpp.obj
[2023-05-11T22:34:13.945Z]     [347/586] Building CXX object lib\usd\translators\CMakeFiles\mayaUsd_Translators.dir\cameraWriter.cpp.obj
[2023-05-11T22:34:14.567Z]     [348/586] Building CXX object lib\usd\pxrUsdPreviewSurface\CMakeFiles\basePxrUsdPreviewSurface.dir\usdPreviewSurfaceReader.cpp.obj
[2023-05-11T22:34:14.785Z]     [349/586] Building CXX object lib\usd\translators\CMakeFiles\mayaUsd_Translators.dir\mayaReferenceReader.cpp.obj
[2023-05-11T22:34:15.009Z]     [350/586] Building CXX object lib\usd\pxrUsdPreviewSurface\CMakeFiles\basePxrUsdPreviewSurface.dir\usdPreviewSurfacePlugin.cpp.obj
[2023-05-11T22:34:15.009Z]     [351/586] Building CXX object lib\usd\translators\CMakeFiles\mayaUsd_Translators.dir\plugin.cpp.obj
[2023-05-11T22:34:16.048Z]     [352/586] Building CXX object lib\usd\translators\CMakeFiles\mayaUsd_Translators.dir\meshReader.cpp.obj
[2023-05-11T22:34:16.878Z]     [353/586] Building CXX object lib\usd\translators\CMakeFiles\mayaUsd_Translators.dir\materialReader.cpp.obj
[2023-05-11T22:34:17.000Z]     [354/586] Building CXX object lib\usd\translators\CMakeFiles\mayaUsd_Translators.dir\locatorWriter.cpp.obj
[2023-05-11T22:34:17.000Z]     [355/586] Building CXX object lib\usd\translators\CMakeFiles\mayaUsd_Translators.dir\lightWriter.cpp.obj
[2023-05-11T22:34:18.645Z]     [356/586] Building CXX object lib\usd\translators\CMakeFiles\mayaUsd_Translators.dir\meshWriter.cpp.obj
[2023-05-11T22:34:18.991Z]     [357/586] Building CXX object lib\usd\translators\CMakeFiles\mayaUsd_Translators.dir\nurbsCurveWriter.cpp.obj
[2023-05-11T22:34:19.130Z]     [358/586] Building CXX object lib\usd\translators\CMakeFiles\mayaUsd_Translators.dir\shading\shadingTokens.cpp.obj
[2023-05-11T22:34:19.968Z]     [359/586] Building CXX object lib\usd\translators\CMakeFiles\mayaUsd_Translators.dir\nurbsSurfaceWriter.cpp.obj
[2023-05-11T22:34:21.656Z]     [360/586] Building CXX object lib\usd\translators\CMakeFiles\mayaUsd_Translators.dir\strokeWriter.cpp.obj
[2023-05-11T22:34:21.788Z]     [361/586] Building CXX object lib\usd\translators\CMakeFiles\mayaUsd_Translators.dir\scopeReader.cpp.obj
[2023-05-11T22:34:21.913Z]     [362/586] Building CXX object lib\usd\translators\CMakeFiles\mayaUsd_Translators.dir\xformReader.cpp.obj
[2023-05-11T22:34:21.913Z]     [363/586] Building CXX object lib\usd\translators\CMakeFiles\mayaUsd_Translators.dir\nurbsPatchReader.cpp.obj
[2023-05-11T22:34:21.913Z]     [364/586] Building CXX object lib\usd\translators\CMakeFiles\mayaUsd_Translators.dir\nurbsCurvesReader.cpp.obj
[2023-05-11T22:34:22.138Z]     [365/586] Building CXX object lib\usd\translators\CMakeFiles\mayaUsd_Translators.dir\skelReader.cpp.obj
[2023-05-11T22:34:22.575Z]     [366/586] Building CXX object lib\usd\translators\CMakeFiles\mayaUsd_Translators.dir\meshWriter_BlendShapes.cpp.obj
[2023-05-11T22:34:23.408Z]     [367/586] Building CXX object lib\usd\translators\CMakeFiles\mayaUsd_Translators.dir\particleWriter.cpp.obj
[2023-05-11T22:34:23.831Z]     [368/586] Building CXX object lib\usd\translators\CMakeFiles\mayaUsd_Translators.dir\shading\usdDisplacementShaderWriter.cpp.obj
[2023-05-11T22:34:24.661Z]     [369/586] Building CXX object lib\usd\translators\CMakeFiles\mayaUsd_Translators.dir\shading\usdBlinnReader.cpp.obj
[2023-05-11T22:34:25.083Z]     [370/586] Building CXX object lib\usd\translators\CMakeFiles\mayaUsd_Translators.dir\shading\usdBlinnWriter.cpp.obj
[2023-05-11T22:34:26.216Z]     [371/586] Building CXX object lib\usd\translators\CMakeFiles\mayaUsd_Translators.dir\shading\usdFileTextureWriter.cpp.obj
[2023-05-11T22:34:26.641Z]     [372/586] Building CXX object lib\usd\schemas\CMakeFiles\mayaUsd_Schemas.dir\ModuleDeps.cpp.obj
[2023-05-11T22:34:27.489Z]     [373/586] Building CXX object lib\usd\schemas\CMakeFiles\mayaUsd_Schemas.dir\tokens.cpp.obj
[2023-05-11T22:34:27.603Z]     [374/586] Building CXX object lib\usd\translators\CMakeFiles\mayaUsd_Translators.dir\shading\usdLambertWriter.cpp.obj
[2023-05-11T22:34:27.727Z]     [375/586] Building CXX object lib\usd\translators\CMakeFiles\mayaUsd_Translators.dir\shading\usdLambertReader.cpp.obj
[2023-05-11T22:34:27.852Z]     [376/586] Building CXX object lib\usd\schemas\CMakeFiles\_schemas.dir\module.cpp.obj
[2023-05-11T22:34:28.076Z]     [377/586] Building CXX object lib\usd\translators\CMakeFiles\mayaUsd_Translators.dir\shading\usdMaterialReader.cpp.obj
[2023-05-11T22:34:28.508Z]     [378/586] Building CXX object lib\usd\translators\CMakeFiles\mayaUsd_Translators.dir\shading\usdMaterialWriter.cpp.obj
[2023-05-11T22:34:28.732Z]     [379/586] Building CXX object lib\usd\utils\CMakeFiles\mayaUsdUtils.dir\DiffCore.cpp.obj
[2023-05-11T22:34:28.957Z]     [380/586] Building CXX object lib\usd\translators\CMakeFiles\mayaUsd_Translators.dir\shading\usdReflectWriter.cpp.obj
[2023-05-11T22:34:28.957Z]     [381/586] Building CXX object lib\usd\utils\CMakeFiles\mayaUsdUtils.dir\DebugCodes.cpp.obj
[2023-05-11T22:34:29.077Z]     [382/586] Building CXX object lib\usd\translators\CMakeFiles\mayaUsd_Translators.dir\shading\usdPhongEWriter.cpp.obj
[2023-05-11T22:34:29.710Z]     [383/586] Building CXX object lib\usd\translators\CMakeFiles\mayaUsd_Translators.dir\shading\usdPrimvarReaderFloat3Reader.cpp.obj
[2023-05-11T22:34:29.710Z]     [384/586] Building CXX object lib\usd\schemas\CMakeFiles\_schemas.dir\wrapTokens.cpp.obj
[2023-05-11T22:34:29.942Z]     [385/586] Building CXX object lib\usd\translators\CMakeFiles\mayaUsd_Translators.dir\shading\usdPhongWriter.cpp.obj
[2023-05-11T22:34:30.163Z]     [386/586] Building CXX object lib\usd\translators\CMakeFiles\mayaUsd_Translators.dir\shading\usdPhongReader.cpp.obj
[2023-05-11T22:34:30.163Z]     [387/586] Building CXX object lib\usd\schemas\CMakeFiles\mayaUsd_Schemas.dir\ALMayaReference.cpp.obj
[2023-05-11T22:34:30.282Z]     [388/586] Copying api.h ...
[2023-05-11T22:34:30.282Z]     [389/586] Copying proxyShape.h ...
[2023-05-11T22:34:30.406Z]     [390/586] Copying api.h ...
[2023-05-11T22:34:30.531Z]     [391/586] Copying importTranslator.h ...
[2023-05-11T22:34:30.531Z]     [392/586] Copying exportCommand.h ...
[2023-05-11T22:34:30.655Z]     [393/586] Copying editUtil.h ...
[2023-05-11T22:34:30.655Z]     [394/586] Copying exportTranslator.h ...
[2023-05-11T22:34:30.781Z]     [395/586] Copying importCommand.h ...
[2023-05-11T22:34:30.781Z]     [396/586] Copying listShadingModesCommand.h ...
[2023-05-11T22:34:30.899Z]     [397/586] Copying translatorModelAssembly.h ...
[2023-05-11T22:34:30.899Z]     [398/586] Copying referenceAssembly.h ...
[2023-05-11T22:34:30.899Z]     [399/586] Building CXX object lib\usd\translators\CMakeFiles\mayaUsd_Translators.dir\shading\usdUVTextureReader.cpp.obj
[2023-05-11T22:34:31.022Z]     [400/586] Copying instancerShapeAdapterWithSceneAssembly.h ...
[2023-05-11T22:34:31.022Z]     [401/586] Generating userExportedAttributesUI.pyc
[2023-05-11T22:34:31.141Z]     [402/586] Copying readJobWithSceneAssembly.h ...
[2023-05-11T22:34:31.141Z]     [403/586] Generating __init__.pyc
[2023-05-11T22:34:31.977Z]     [404/586] Building CXX object lib\usd\schemas\CMakeFiles\mayaUsd_Schemas.dir\MayaReference.cpp.obj
[2023-05-11T22:34:32.612Z]     [405/586] Linking CXX shared library lib\usd\schemas\mayaUsd_Schemas.dll
[2023-05-11T22:34:32.612Z]     [406/586] Building CXX object lib\usd\translators\CMakeFiles\mayaUsd_Translators.dir\shading\rfmShaderTranslation.cpp.obj
[2023-05-11T22:34:33.762Z]     [407/586] Building CXX object lib\usd\schemas\CMakeFiles\_schemas.dir\wrapMayaReference.cpp.obj
[2023-05-11T22:34:33.887Z]     [408/586] Building CXX object lib\usd\utils\CMakeFiles\mayaUsdUtils.dir\MergePrimsOptions.cpp.obj
[2023-05-11T22:34:34.524Z]     [409/586] Building CXX object lib\usd\utils\CMakeFiles\mayaUsdUtils.dir\DiffDictionaries.cpp.obj
[2023-05-11T22:34:35.175Z]     [410/586] Building CXX object lib\usd\utils\CMakeFiles\mayaUsdUtils.dir\DiffRelationships.cpp.obj
[2023-05-11T22:34:35.175Z]     [411/586] Building CXX object lib\usd\utils\CMakeFiles\mayaUsdUtils.dir\DiffAttributes.cpp.obj
[2023-05-11T22:34:35.612Z]     [412/586] Building CXX object lib\usd\utils\CMakeFiles\mayaUsdUtils.dir\DiffLists.cpp.obj
[2023-05-11T22:34:35.785Z]     [413/586] Building CXX object lib\usd\utils\CMakeFiles\mayaUsdUtils.dir\DiffMetadatas.cpp.obj
[2023-05-11T22:34:35.915Z]     [414/586] Building CXX object plugin\pxr\maya\lib\usdMaya\CMakeFiles\usdMaya.dir\listShadingModesCommand.cpp.obj
[2023-05-11T22:34:36.251Z]     [415/586] Building CXX object lib\usd\schemas\CMakeFiles\_schemas.dir\wrapALMayaReference.cpp.obj
[2023-05-11T22:34:36.678Z]     [416/586] Building CXX object lib\usd\utils\CMakeFiles\mayaUsdUtils.dir\DiffPrims.cpp.obj
[2023-05-11T22:34:36.804Z]     [417/586] Generating AEpxrUsdReferenceAssemblyTemplate.pyc
[2023-05-11T22:34:36.804Z]     [418/586] Linking CXX shared library lib\usd\schemas\_schemas.pyd
[2023-05-11T22:34:37.025Z]     [419/586] Building CXX object plugin\pxr\maya\lib\usdMaya\CMakeFiles\_usdMaya.dir\module.cpp.obj
[2023-05-11T22:34:38.275Z]     [420/586] Building CXX object lib\usd\utils\CMakeFiles\mayaUsdUtils.dir\util.cpp.obj
[2023-05-11T22:34:38.275Z]     [421/586] Building CXX object lib\usd\utils\CMakeFiles\mayaUsdUtils.dir\DiffValues.cpp.obj
[2023-05-11T22:34:38.275Z]     [422/586] Copying api.h ...
[2023-05-11T22:34:39.215Z]     [423/586] Building CXX object plugin\pxr\maya\lib\usdMaya\CMakeFiles\usdMaya.dir\readJob_ImportWithProxies.cpp.obj
[2023-05-11T22:34:39.641Z]     [424/586] Building CXX object lib\usd\utils\CMakeFiles\mayaUsdUtils.dir\MergePrims.cpp.obj
[2023-05-11T22:34:40.272Z]     [425/586] Building CXX object plugin\pxr\maya\lib\usdMaya\CMakeFiles\usdMaya.dir\readJobWithSceneAssembly.cpp.obj
[2023-05-11T22:34:40.397Z]     [426/586] Linking CXX shared library lib\usd\utils\mayaUsdUtils.dll
[2023-05-11T22:34:40.624Z]     [427/586] Building CXX object plugin\pxr\maya\lib\usdMaya\CMakeFiles\usdMaya.dir\exportCommand.cpp.obj
[2023-05-11T22:34:40.951Z]     [428/586] Building CXX object plugin\pxr\maya\lib\usdMaya\CMakeFiles\usdMaya.dir\translatorModelAssembly.cpp.obj
[2023-05-11T22:34:40.951Z]     [429/586] Linking CXX executable test\lib\usd\utils\testDiffCore.exe
[2023-05-11T22:34:41.272Z]     [430/586] Linking CXX executable test\lib\usd\utils\testDiffPrims.exe
[2023-05-11T22:34:41.497Z]     [431/586] Linking CXX executable test\lib\usd\utils\testDiffRelationships.exe
[2023-05-11T22:34:41.617Z]     [432/586] Building CXX object plugin\pxr\maya\lib\usdMaya\CMakeFiles\usdMaya.dir\editUtil.cpp.obj
[2023-05-11T22:34:41.838Z]     [433/586] Linking CXX executable test\lib\usd\utils\testDiffLists.exe
[2023-05-11T22:34:41.984Z]     [434/586] Linking CXX executable test\lib\usd\utils\testDiffValues.exe
[2023-05-11T22:34:42.208Z]     [435/586] Linking CXX executable test\lib\usd\utils\testDiffMetadatas.exe
[2023-05-11T22:34:42.208Z]     [436/586] Linking CXX executable test\lib\usd\utils\testDiffAttributes.exe
[2023-05-11T22:34:42.427Z]     [437/586] Building CXX object plugin\pxr\maya\lib\usdMaya\CMakeFiles\usdMaya.dir\instancerShapeAdapterWithSceneAssembly.cpp.obj
[2023-05-11T22:34:42.427Z]     [438/586] Linking CXX executable test\lib\usd\utils\testDiffDictionaries.exe
[2023-05-11T22:34:42.656Z]     [439/586] Linking CXX executable test\lib\usd\utils\testMergePrims.exe
[2023-05-11T22:34:42.656Z]     [440/586] Building CXX object plugin\pxr\maya\lib\usdMaya\CMakeFiles\usdMaya.dir\importCommand.cpp.obj
[2023-05-11T22:34:42.656Z]     [441/586] Linking CXX executable test\lib\usd\utils\testDiffComputeOverall.exe
[2023-05-11T22:34:42.877Z]     [442/586] Linking CXX shared library plugin\al\mayautils\AL\maya\AL_MayaUtils.dll
[2023-05-11T22:34:43.610Z]     [443/586] Linking CXX shared library plugin\al\mayautils\AL\maya\tests\mayaplugintest\AL_MayaUtilsTests.mll
[2023-05-11T22:34:44.244Z]     [444/586] Building CXX object plugin\pxr\maya\lib\usdMaya\CMakeFiles\usdMaya.dir\exportTranslator.cpp.obj
[2023-05-11T22:34:44.464Z]     [445/586] Linking CXX shared library plugin\al\usdmayautils\AL\usdmaya\utils\AL_USDMayaUtils.dll
[2023-05-11T22:34:45.422Z]     [446/586] Building CXX object plugin\pxr\maya\lib\usdMaya\CMakeFiles\usdMaya.dir\proxyShape.cpp.obj
[2023-05-11T22:34:45.422Z]     [447/586] Building CXX object plugin\pxr\maya\lib\usdMaya\CMakeFiles\_usdMaya.dir\wrapAssembly.cpp.obj
[2023-05-11T22:34:45.543Z]     [448/586] Building CXX object plugin\pxr\maya\lib\usdMaya\CMakeFiles\usdMaya.dir\importTranslator.cpp.obj
[2023-05-11T22:34:45.869Z]     [449/586] Building CXX object plugin\pxr\maya\plugin\pxrUsd\CMakeFiles\pxrUsd.dir\usdTranslator.cpp.obj
[2023-05-11T22:34:45.987Z]     [450/586] Building CXX object plugin\pxr\maya\plugin\pxrUsdPreviewSurface\CMakeFiles\pxrUsdPreviewSurface.dir\plugin.cpp.obj
[2023-05-11T22:34:46.312Z]     [451/586] Linking CXX shared library lib\mayaUsd\mayaUsd.dll
[2023-05-11T22:34:47.042Z]     [452/586] Linking CXX shared library test\lib\usd\plugin\usdTestMayaPlugin.mll
[2023-05-11T22:34:47.790Z]     [453/586] Linking CXX shared library test\lib\usd\plugin\usdTestUsdPlugin.dll
[2023-05-11T22:34:47.790Z]     [454/586] Building CXX object plugin\pxr\maya\lib\usdMaya\CMakeFiles\_usdMaya.dir\wrapEditUtil.cpp.obj
[2023-05-11T22:34:48.112Z]     [455/586] Building CXX object plugin\pxr\maya\plugin\pxrUsd\CMakeFiles\pxrUsd.dir\alembicChaser.cpp.obj
[2023-05-11T22:34:48.541Z]     [456/586] Linking CXX shared library test\lib\usd\plugin\usdTestApiWriter.dll
[2023-05-11T22:34:48.675Z]     [457/586] Linking CXX shared library test\lib\usd\plugin\usdTestInfoImportChaser.mll
[2023-05-11T22:34:49.510Z]     [458/586] Linking CXX shared library lib\usd\pxrUsdPreviewSurface\basePxrUsdPreviewSurface.dll
[2023-05-11T22:34:49.837Z]     [459/586] Building CXX object plugin\pxr\maya\lib\usdMaya\CMakeFiles\usdMaya.dir\referenceAssembly.cpp.obj
[2023-05-11T22:34:50.229Z]     [460/586] Linking CXX shared library plugin\al\lib\AL_USDMaya\AL_USDMaya.dll
[2023-05-11T22:34:50.850Z]     [461/586] Linking CXX shared library lib\mayaUsd\python\_mayaUsd.pyd
[2023-05-11T22:34:51.956Z]     [462/586] Linking CXX shared library plugin\al\lib\AL_USDMaya\_AL_USDMaya.pyd
[2023-05-11T22:34:51.956Z]     [463/586] Linking CXX shared library lib\usd\translators\mayaUsd_Translators.dll
[2023-05-11T22:34:52.145Z]     [464/586] Building CXX object plugin\al\plugin\AL_USDMayaTestPlugin\CMakeFiles\AL_USDMayaTestPlugin.dir\AL\usdmaya\fileio\export_multiple_shapes.cpp.obj
[2023-05-11T22:34:52.335Z]     [465/586] Building CXX object plugin\pxr\maya\plugin\pxrUsd\CMakeFiles\pxrUsd.dir\plugin.cpp.obj
[2023-05-11T22:34:52.490Z]     [466/586] Building CXX object plugin\al\plugin\AL_USDMayaTestPlugin\CMakeFiles\AL_USDMayaTestPlugin.dir\AL\usdmaya\fileio\export_unmerged.cpp.obj
[2023-05-11T22:34:52.646Z]     [467/586] Linking CXX shared library plugin\al\plugin\AL_USDMayaPlugin\AL_USDMayaPlugin.mll
[2023-05-11T22:34:52.979Z]     [468/586] Building CXX object plugin\al\plugin\AL_USDMayaTestPlugin\CMakeFiles\AL_USDMayaTestPlugin.dir\AL\usdmaya\fileio\export_nonlinear.cpp.obj
[2023-05-11T22:34:52.980Z]     [469/586] Linking CXX shared library plugin\pxr\maya\plugin\pxrUsdPreviewSurface\pxrUsdPreviewSurface.mll
[2023-05-11T22:34:53.210Z]     [470/586] Automatic MOC and UIC for target mayaUsdUI
[2023-05-11T22:34:53.336Z]     [471/586] Automatic RCC for layerEditor/resources.qrc
[2023-05-11T22:34:53.336Z]     [472/586] Automatic RCC for importDialog/images/ui.qrc
[2023-05-11T22:34:53.336Z]     [473/586] Linking CXX shared library plugin\pxr\maya\lib\usdMaya\usdMaya.dll
[2023-05-11T22:34:54.170Z]     [474/586] Building CXX object plugin\al\plugin\AL_USDMayaTestPlugin\CMakeFiles\AL_USDMayaTestPlugin.dir\AL\usdmaya\fileio\export_lattice.cpp.obj
[2023-05-11T22:34:54.495Z]     [475/586] Building CXX object plugin\al\plugin\AL_USDMayaTestPlugin\CMakeFiles\AL_USDMayaTestPlugin.dir\AL\usdmaya\fileio\export_import_instancing.cpp.obj
[2023-05-11T22:34:56.256Z]     [476/586] Building CXX object plugin\al\plugin\AL_USDMayaTestPlugin\CMakeFiles\AL_USDMayaTestPlugin.dir\AL\usdmaya\fileio\import_instances.cpp.obj
[2023-05-11T22:34:56.256Z]     [477/586] Building CXX object plugin\al\plugin\AL_USDMayaTestPlugin\CMakeFiles\AL_USDMayaTestPlugin.dir\AL\usdmaya\fileio\test_activeInActiveTranslators.cpp.obj
[2023-05-11T22:34:56.256Z]     [478/586] Building CXX object plugin\al\plugin\AL_USDMayaTestPlugin\CMakeFiles\AL_USDMayaTestPlugin.dir\AL\usdmaya\fileio\import_playback_range.cpp.obj
[2023-05-11T22:34:57.998Z]     [479/586] Building CXX object plugin\al\plugin\AL_USDMayaTestPlugin\CMakeFiles\AL_USDMayaTestPlugin.dir\AL\usdmaya\nodes\proxy\test_PrimFilter.cpp.obj
[2023-05-11T22:34:58.119Z]     [480/586] Building CXX object plugin\al\plugin\AL_USDMayaTestPlugin\CMakeFiles\AL_USDMayaTestPlugin.dir\AL\usdmaya\nodes\test_lockPrims.cpp.obj
[2023-05-11T22:34:59.156Z]     [481/586] Building CXX object lib\usd\ui\CMakeFiles\mayaUsdUI.dir\layerEditor\dirtyLayersCountBadge.cpp.obj
[2023-05-11T22:34:59.156Z]     [482/586] Building CXX object lib\usd\ui\CMakeFiles\mayaUsdUI.dir\layerEditor\generatedIconButton.cpp.obj
[2023-05-11T22:35:00.504Z]     [483/586] Building CXX object plugin\al\plugin\AL_USDMayaTestPlugin\CMakeFiles\AL_USDMayaTestPlugin.dir\AL\usdmaya\nodes\test_ActiveInactive.cpp.obj
[2023-05-11T22:35:01.357Z]     [484/586] Building CXX object plugin\al\plugin\AL_USDMayaTestPlugin\CMakeFiles\AL_USDMayaTestPlugin.dir\AL\usdmaya\nodes\test_ProxyShapeSelectabilityDB.cpp.obj
[2023-05-11T22:35:02.134Z]     [485/586] Building CXX object lib\usd\ui\CMakeFiles\mayaUsdUI.dir\layerEditor\layerTreeItemDelegate.cpp.obj
[2023-05-11T22:35:02.134Z]     [486/586] Building CXX object plugin\al\plugin\AL_USDMayaTestPlugin\CMakeFiles\AL_USDMayaTestPlugin.dir\AL\usdmaya\nodes\test_Transform.cpp.obj
[2023-05-11T22:35:02.470Z]     [487/586] Building CXX object plugin\al\plugin\AL_USDMayaTestPlugin\CMakeFiles\AL_USDMayaTestPlugin.dir\AL\usdmaya\nodes\test_LayerManager.cpp.obj
[2023-05-11T22:35:02.805Z]     [488/586] Building CXX object lib\usd\ui\CMakeFiles\mayaUsdUI.dir\mayaUsdUI_autogen\mocs_compilation.cpp.obj
[2023-05-11T22:35:02.805Z]     [489/586] Building CXX object lib\usd\ui\CMakeFiles\mayaUsdUI.dir\layerEditor\layerTreeItem.cpp.obj
[2023-05-11T22:35:02.805Z]     [490/586] Building CXX object lib\usd\ui\CMakeFiles\mayaUsdUI.dir\layerEditor\layerEditorWidget.cpp.obj
[2023-05-11T22:35:03.138Z]     [491/586] Building CXX object plugin\al\plugin\AL_USDMayaTestPlugin\CMakeFiles\AL_USDMayaTestPlugin.dir\AL\usdmaya\nodes\test_ExtraDataPlugin.cpp.obj
[2023-05-11T22:35:03.468Z]     [492/586] Building CXX object plugin\al\plugin\AL_USDMayaTestPlugin\CMakeFiles\AL_USDMayaTestPlugin.dir\AL\usdmaya\nodes\test_ProxyUsdGeomCamera.cpp.obj
[2023-05-11T22:35:03.694Z]     [493/586] Building CXX object lib\usd\ui\CMakeFiles\mayaUsdUI.dir\layerEditor\stringResources.cpp.obj
[2023-05-11T22:35:05.339Z]     [494/586] Building CXX object lib\usd\ui\CMakeFiles\mayaUsdUI.dir\layerEditor\qtUtils.cpp.obj
[2023-05-11T22:35:05.462Z]     [495/586] Building CXX object lib\usd\ui\CMakeFiles\mayaUsdUI.dir\layerEditor\mayaQtUtils.cpp.obj
[2023-05-11T22:35:05.580Z]     [496/586] Building CXX object plugin\al\plugin\AL_USDMayaTestPlugin\CMakeFiles\AL_USDMayaTestPlugin.dir\AL\usdmaya\nodes\test_ProxyShape.cpp.obj
[2023-05-11T22:35:06.007Z]     [497/586] Building CXX object lib\usd\ui\CMakeFiles\mayaUsdUI.dir\layerEditor\layerTreeView.cpp.obj
[2023-05-11T22:35:06.007Z]     [498/586] Building CXX object lib\usd\ui\CMakeFiles\mayaUsdUI.dir\mayaUsdUI_autogen\AUCU3ACLTF\qrc_ui.cpp.obj
[2023-05-11T22:35:06.124Z]     [499/586] Building CXX object lib\usd\ui\CMakeFiles\mayaUsdUI.dir\mayaUsdUI_autogen\5WMDHDZAMM\qrc_resources.cpp.obj
[2023-05-11T22:35:06.347Z]     [500/586] Building CXX object lib\usd\ui\CMakeFiles\mayaUsdUI.dir\layerEditor\warningDialogs.cpp.obj
[2023-05-11T22:35:06.870Z]     [501/586] Building CXX object lib\usd\ui\CMakeFiles\mayaUsdUI.dir\initStringResources.cpp.obj
[2023-05-11T22:35:06.992Z]     [502/586] Building CXX object lib\usd\ui\CMakeFiles\mayaUsdUI.dir\layerEditor\mayaCommandHook.cpp.obj
[2023-05-11T22:35:07.726Z]     [503/586] Building CXX object lib\usd\ui\CMakeFiles\mayaUsdUI.dir\layerEditor\mayaLayerEditorWindow.cpp.obj
[2023-05-11T22:35:07.726Z]     [504/586] Linking CXX shared library plugin\pxr\maya\lib\usdMaya\_usdMaya.pyd
[2023-05-11T22:35:08.050Z]     [505/586] Building CXX object lib\usd\ui\CMakeFiles\mayaUsdUI.dir\importDialog\USDQtUtil.cpp.obj
[2023-05-11T22:35:08.172Z]     [506/586] Building CXX object lib\usd\ui\CMakeFiles\mayaUsdUI.dir\layerEditor\layerTreeModel.cpp.obj
[2023-05-11T22:35:08.500Z]     [507/586] Linking CXX shared library plugin\pxr\maya\plugin\pxrUsd\pxrUsd.mll
[2023-05-11T22:35:09.028Z]     [508/586] Building CXX object lib\usd\ui\CMakeFiles\mayaUsdUI.dir\layerEditor\sessionState.cpp.obj
[2023-05-11T22:35:09.356Z]     [509/586] Building CXX object lib\usd\ui\CMakeFiles\mayaUsdUI.dir\layerEditor\loadLayersDialog.cpp.obj
[2023-05-11T22:35:10.500Z]     [510/586] Building CXX object lib\usd\ui\CMakeFiles\mayaUsdUI.dir\importDialog\TreeModel.cpp.obj
[2023-05-11T22:35:10.500Z]     [511/586] Building CXX object lib\usd\ui\CMakeFiles\mayaUsdUI.dir\layerEditor\pathChecker.cpp.obj
[2023-05-11T22:35:10.720Z]     [512/586] Building CXX object lib\usd\ui\CMakeFiles\mayaUsdUI.dir\importDialog\ItemDelegate.cpp.obj
[2023-05-11T22:35:11.453Z]     [513/586] Building CXX object lib\usd\ui\CMakeFiles\mayaUsdUI.dir\layerEditor\stageSelectorWidget.cpp.obj
[2023-05-11T22:35:12.003Z]     [514/586] Building CXX object lib\usd\ui\CMakeFiles\mayaUsdUI.dir\layerEditor\mayaSessionState.cpp.obj
[2023-05-11T22:35:12.326Z]     [515/586] Building CXX object lib\usd\ui\CMakeFiles\mayaUsdUI.dir\layerEditor\saveLayersDialog.cpp.obj
[2023-05-11T22:35:12.655Z]     [516/586] Building CXX object lib\usd\ui\CMakeFiles\mayaUsdUI.dir\importDialog\TreeItem.cpp.obj
[2023-05-11T22:35:12.979Z]     [517/586] Building CXX object lib\usd\ui\CMakeFiles\mayaUsdUI.dir\importDialog\TreeModelFactory.cpp.obj
[2023-05-11T22:35:13.302Z]     [518/586] Building CXX object lib\usd\ui\CMakeFiles\mayaUsdUI.dir\importDialog\USDImportDialog.cpp.obj
[2023-05-11T22:35:14.441Z]     [519/586] Building CXX object lib\usd\ui\CMakeFiles\mayaUsdUI.dir\importDialog\USDImportDialogCmd.cpp.obj
[2023-05-11T22:35:15.877Z]     [520/586] Linking CXX shared library lib\usd\ui\mayaUsdUI.dll
[2023-05-11T22:35:15.877Z]     [521/586] Automatic MOC and UIC for target testMayaUsdUI
[2023-05-11T22:35:17.356Z]     [522/586] Building CXX object plugin\al\plugin\AL_USDMayaTestPlugin\CMakeFiles\AL_USDMayaTestPlugin.dir\AL\usdmaya\nodes\test_VariantFallbacks.cpp.obj
[2023-05-11T22:35:17.356Z]     [523/586] Building CXX object lib\usd\ui\importDialogDemo\CMakeFiles\testMayaUsdUI.dir\testMayaUsdUI_autogen\mocs_compilation.cpp.obj
[2023-05-11T22:35:17.356Z]     [524/586] Building CXX object plugin\al\plugin\AL_USDMayaTestPlugin\CMakeFiles\AL_USDMayaTestPlugin.dir\AL\usdmaya\nodes\test_ScopeMatrix.cpp.obj
[2023-05-11T22:35:17.786Z]     [525/586] Building CXX object plugin\al\plugin\AL_USDMayaTestPlugin\CMakeFiles\AL_USDMayaTestPlugin.dir\AL\usdmaya\test_DiffGeom.cpp.obj
[2023-05-11T22:35:18.336Z]     [526/586] Building CXX object plugin\al\plugin\AL_USDMayaTestPlugin\CMakeFiles\AL_USDMayaTestPlugin.dir\AL\usdmaya\nodes\test_TranslatorContext.cpp.obj
[2023-05-11T22:35:19.816Z]     [527/586] Building CXX object plugin\al\plugin\AL_USDMayaTestPlugin\CMakeFiles\AL_USDMayaTestPlugin.dir\test_translators_MeshTranslator.cpp.obj
[2023-05-11T22:35:20.147Z]     [528/586] Building CXX object plugin\al\plugin\AL_USDMayaTestPlugin\CMakeFiles\AL_USDMayaTestPlugin.dir\test_translators_AnimationTranslator.cpp.obj
[2023-05-11T22:35:20.377Z]     [529/586] Building CXX object plugin\al\plugin\AL_USDMayaTestPlugin\CMakeFiles\AL_USDMayaTestPlugin.dir\AL\usdmaya\nodes\test_TransformMatrix.cpp.obj
[2023-05-11T22:35:20.504Z]     [530/586] Building CXX object plugin\al\schemas\AL\usd\schemas\maya\CMakeFiles\_AL_USDMayaSchemas.dir\module.cpp.obj
[2023-05-11T22:35:20.878Z]     [531/586] Building CXX object plugin\al\schemas\AL\usd\schemas\maya\CMakeFiles\AL_USDMayaSchemas.dir\tokens.cpp.obj
[2023-05-11T22:35:21.115Z]     [532/586] Building CXX object plugin\al\plugin\AL_USDMayaTestPlugin\CMakeFiles\AL_USDMayaTestPlugin.dir\test_translators_CameraTranslator.cpp.obj
[2023-05-11T22:35:21.291Z]     [533/586] Building CXX object plugin\al\plugin\AL_USDMayaTestPlugin\CMakeFiles\AL_USDMayaTestPlugin.dir\test_usdmaya.cpp.obj
[2023-05-11T22:35:21.434Z]     [534/586] Building CXX object plugin\al\schemas\AL\usd\schemas\maya\CMakeFiles\AL_USDMayaSchemas.dir\ModuleDeps.cpp.obj
[2023-05-11T22:35:21.802Z]     [535/586] Building CXX object plugin\al\plugin\AL_USDMayaTestPlugin\CMakeFiles\AL_USDMayaTestPlugin.dir\test_translators_PythonBindings.cpp.obj
[2023-05-11T22:35:22.045Z]     [536/586] Building CXX object plugin\al\plugin\AL_USDMayaTestPlugin\CMakeFiles\AL_USDMayaTestPlugin.dir\AL\usdmaya\test_DiffPrimVar.cpp.obj
[2023-05-11T22:35:22.588Z]     [537/586] Building CXX object plugin\al\plugin\AL_USDMayaTestPlugin\CMakeFiles\AL_USDMayaTestPlugin.dir\test_translators_NurbsCurveTranslator.cpp.obj
[2023-05-11T22:35:22.705Z]     [538/586] Building CXX object plugin\al\plugin\AL_USDMayaTestPlugin\CMakeFiles\AL_USDMayaTestPlugin.dir\test_translators_Translator.cpp.obj
[2023-05-11T22:35:22.822Z]     [539/586] Building CXX object plugin\al\schemas\AL\usd\schemas\mayatest\CMakeFiles\_AL_USDMayaSchemasTest.dir\module.cpp.obj
[2023-05-11T22:35:23.040Z]     [540/586] Building CXX object plugin\al\plugin\AL_USDMayaTestPlugin\CMakeFiles\AL_USDMayaTestPlugin.dir\test_translators_DgTranslator.cpp.obj
[2023-05-11T22:35:23.362Z]     [541/586] Building CXX object plugin\al\plugin\AL_USDMayaTestPlugin\CMakeFiles\AL_USDMayaTestPlugin.dir\test_translators_TransformTranslator.cpp.obj
[2023-05-11T22:35:23.483Z]     [542/586] Building CXX object plugin\al\schemas\AL\usd\schemas\mayatest\CMakeFiles\AL_USDMayaSchemasTest.dir\tokens.cpp.obj
[2023-05-11T22:35:23.601Z]     [543/586] Building CXX object plugin\al\schemas\AL\usd\schemas\maya\tests\CMakeFiles\testMayaSchemas.dir\main.cpp.obj
[2023-05-11T22:35:25.048Z]     [544/586] Building CXX object plugin\al\schemas\AL\usd\schemas\mayatest\CMakeFiles\AL_USDMayaSchemasTest.dir\ModuleDeps.cpp.obj
[2023-05-11T22:35:25.174Z]     [545/586] Building CXX object plugin\al\schemas\AL\usd\schemas\maya\CMakeFiles\AL_USDMayaSchemas.dir\FrameRange.cpp.obj
[2023-05-11T22:35:25.297Z]     [546/586] Building CXX object plugin\al\schemas\AL\usd\schemas\maya\CMakeFiles\_AL_USDMayaSchemas.dir\wrapTokens.cpp.obj
[2023-05-11T22:35:26.233Z]     [547/586] Building CXX object plugin\al\schemas\AL\usd\schemas\mayatest\CMakeFiles\_AL_USDMayaSchemasTest.dir\wrapTokens.cpp.obj
[2023-05-11T22:35:26.364Z]     [548/586] Building CXX object plugin\al\translators\CMakeFiles\AL_USDMayaTranslators.dir\CommonTranslatorOptions.cpp.obj
[2023-05-11T22:35:26.490Z]     [549/586] Building CXX object plugin\al\schemas\AL\usd\schemas\maya\CMakeFiles\AL_USDMayaSchemas.dir\ModelAPI.cpp.obj
[2023-05-11T22:35:26.920Z]     [550/586] Building CXX object plugin\al\translators\pxrUsdTranslators\CMakeFiles\AL_USDMayaPxrTranslators.dir\plugin.cpp.obj
[2023-05-11T22:35:27.141Z]     [551/586] Linking CXX shared library plugin\al\schemas\AL\usd\schemas\maya\AL_USDMayaSchemas.dll
[2023-05-11T22:35:27.262Z]     [552/586] Building CXX object lib\usd\ui\importDialogDemo\CMakeFiles\testMayaUsdUI.dir\testMayaUsdUI.cpp.obj
[2023-05-11T22:35:27.595Z]     [553/586] Building CXX object plugin\adsk\plugin\CMakeFiles\mayaUsdPlugin.dir\adskListJobContextsCommand.cpp.obj
[2023-05-11T22:35:28.021Z]     [554/586] Building CXX object plugin\al\plugin\AL_USDMayaTestPlugin\CMakeFiles\AL_USDMayaTestPlugin.dir\test_usdmaya_AttributeType.cpp.obj
[2023-05-11T22:35:28.144Z]     [555/586] Building CXX object plugin\adsk\plugin\CMakeFiles\mayaUsdPlugin.dir\adskListShadingModesCommand.cpp.obj
[2023-05-11T22:35:28.144Z]     [556/586] Linking CXX executable lib\usd\ui\importDialogDemo\testMayaUsdUI.exe
[2023-05-11T22:35:28.798Z]     [557/586] Building CXX object plugin\al\schemas\AL\usd\schemas\mayatest\CMakeFiles\AL_USDMayaSchemasTest.dir\ExamplePolyCubeNode.cpp.obj
[2023-05-11T22:35:29.123Z]     [558/586] Building CXX object plugin\al\schemas\AL\usd\schemas\maya\tests\CMakeFiles\testMayaSchemas.dir\testModelAPI.cpp.obj
[2023-05-11T22:35:29.453Z]     [559/586] Linking CXX shared library plugin\al\schemas\AL\usd\schemas\mayatest\AL_USDMayaSchemasTest.dll
[2023-05-11T22:35:29.577Z]     [560/586] Building CXX object plugin\al\schemas\AL\usd\schemas\maya\tests\CMakeFiles\testMayaSchemas.dir\testMayaSchemas.cpp.obj
[2023-05-11T22:35:29.803Z]     [561/586] Building CXX object plugin\al\schemas\AL\usd\schemas\maya\CMakeFiles\_AL_USDMayaSchemas.dir\wrapFrameRange.cpp.obj
[2023-05-11T22:35:30.138Z]     [562/586] Linking CXX executable plugin\al\schemas\AL\usd\schemas\maya\tests\testMayaSchemas.exe
[2023-05-11T22:35:30.259Z]     [563/586] Building CXX object plugin\al\schemas\AL\usd\schemas\maya\CMakeFiles\_AL_USDMayaSchemas.dir\wrapModelAPI.cpp.obj
[2023-05-11T22:35:30.794Z]     [564/586] Building CXX object plugin\al\schemas\AL\usd\schemas\mayatest\CMakeFiles\_AL_USDMayaSchemasTest.dir\wrapExamplePolyCubeNode.cpp.obj
[2023-05-11T22:35:30.916Z]     [565/586] Building CXX object plugin\al\translators\CMakeFiles\AL_USDMayaTranslators.dir\FrameRange.cpp.obj
[2023-05-11T22:35:30.916Z]     [566/586] Linking CXX shared library plugin\al\schemas\AL\usd\schemas\maya\_AL_USDMayaSchemas.pyd
[2023-05-11T22:35:31.441Z]     [567/586] Linking CXX shared library plugin\al\schemas\AL\usd\schemas\mayatest\_AL_USDMayaSchemasTest.pyd
[2023-05-11T22:35:31.870Z]     [568/586] Linking CXX shared library plugin\al\plugin\AL_USDMayaTestPlugin\AL_USDMayaTestPlugin.mll
[2023-05-11T22:35:31.988Z]     [569/586] Building CXX object plugin\al\translators\CMakeFiles\AL_USDMayaTranslators.dir\MayaReference.cpp.obj
[2023-05-11T22:35:32.108Z]     [570/586] Building CXX object plugin\al\translators\CMakeFiles\AL_USDMayaTranslators.dir\Mesh.cpp.obj
[2023-05-11T22:35:33.646Z]     [571/586] Building CXX object plugin\al\translators\CMakeFiles\AL_USDMayaTranslators.dir\Camera.cpp.obj
[2023-05-11T22:35:34.370Z]     [572/586] Building CXX object plugin\al\translators\CMakeFiles\AL_USDMayaTranslators.dir\NurbsCurve.cpp.obj
[2023-05-11T22:35:34.996Z]     [573/586] Building CXX object plugin\adsk\plugin\CMakeFiles\mayaUsdPlugin.dir\adskImportCommand.cpp.obj
[2023-05-11T22:35:34.996Z]     [574/586] Building CXX object plugin\adsk\plugin\CMakeFiles\mayaUsdPlugin.dir\adskExportCommand.cpp.obj
[2023-05-11T22:35:35.216Z]     [575/586] Building CXX object plugin\al\translators\CMakeFiles\AL_USDMayaTranslators.dir\DirectionalLight.cpp.obj
[2023-05-11T22:35:35.435Z]     [576/586] Building CXX object plugin\al\translators\pxrUsdTranslators\CMakeFiles\AL_USDMayaPxrTranslators.dir\ProxyShapeTranslator.cpp.obj
[2023-05-11T22:35:35.553Z]     [577/586] Building CXX object plugin\adsk\plugin\CMakeFiles\mayaUsdPlugin.dir\ProxyShapeListener.cpp.obj
[2023-05-11T22:35:35.975Z]     [578/586] Linking CXX shared library plugin\al\translators\AL_USDMayaTranslators.dll
[2023-05-11T22:35:36.095Z]     [579/586] Linking CXX shared library plugin\al\translators\pxrUsdTranslators\AL_USDMayaPxrTranslators.mll
[2023-05-11T22:35:36.313Z]     [580/586] Building CXX object plugin\adsk\plugin\CMakeFiles\mayaUsdPlugin.dir\adskStageLoadUnloadCommands.cpp.obj
[2023-05-11T22:35:36.532Z]     [581/586] Building CXX object plugin\adsk\plugin\CMakeFiles\mayaUsdPlugin.dir\importTranslator.cpp.obj
[2023-05-11T22:35:36.649Z]     [582/586] Building CXX object plugin\adsk\plugin\CMakeFiles\mayaUsdPlugin.dir\ProxyShape.cpp.obj
[2023-05-11T22:35:37.676Z]     [583/586] Building CXX object plugin\adsk\plugin\CMakeFiles\mayaUsdPlugin.dir\exportTranslator.cpp.obj
[2023-05-11T22:35:37.897Z]     [584/586] Building CXX object plugin\adsk\plugin\CMakeFiles\mayaUsdPlugin.dir\geomNode.cpp.obj
[2023-05-11T22:35:38.114Z]     [585/586] Building CXX object plugin\adsk\plugin\CMakeFiles\mayaUsdPlugin.dir\plugin.cpp.obj
[2023-05-11T22:35:38.936Z]     [586/586] Linking CXX shared module plugin\adsk\plugin\mayaUsdPlugin.mll
[2023-05-11T22:35:38.936Z]     
[2023-05-11T22:35:38.936Z]         Building with settings:
[2023-05-11T22:35:38.936Z]           Source directory          S:\jenkins\workspace\ECP\ecg-maya-usd\ecg-mayausd-branch-preflight-2019-no-ufe-windows\ecg-maya-usd\maya-usd
[2023-05-11T22:35:38.936Z]           Workspace directory       W:\
[2023-05-11T22:35:38.936Z]           Build directory           W:\build\RelWithDebInfo
[2023-05-11T22:35:38.936Z]           Install directory         W:\install\RelWithDebInfo\MayaUSD
[2023-05-11T22:35:38.936Z]           Variant                   RelWithDebInfo
[2023-05-11T22:35:38.936Z]           Python Debug              Off
[2023-05-11T22:35:38.936Z]           CMake generator           Ninja
[2023-05-11T22:35:38.936Z]           Build arguments           ['-DCMAKE_MAKE_PROGRAM=P:/shared/Artifactory/Windows/ninja/1.9.0/c68f192/ninja.exe', '-DPYTHON_INCLUDE_DIR=P:/shared/Artifactory/Windows/rundev-2019/202003131251/runtime/155eb96/runTime/include/Python2.7', '-DPython_EXECUTABLE=P:/shared/Artifactory/Windows/rundev-2019/202003131251/runtime/155eb96/runTime/bin/mayapy.exe', '-DPYTHON_LIBRARIES=P:/shared/Artifactory/Windows/rundev-2019/202003131251/runtime/155eb96/runTime/lib/python27.lib', '-DCMAKE_WANT_UFE_BUILD=OFF', '-DUSD_LIB_PREFIX=', '-DBUILD_HDMAYA=OFF']
[2023-05-11T22:35:38.936Z]           Stages arguments          ['build']
[2023-05-11T22:35:38.936Z]           CTest arguments           ['-E testUsdReferenceAssemblySelection|testUsdMayaAppDir', '-LE interactive', '--parallel 16']
[2023-05-11T22:35:38.936Z]     Success MayaUSD build and install !!!!
[2023-05-11T22:35:38.936Z]     Elapsed time: 00:03:56
[Pipeline] bat
[2023-05-11T22:35:39.284Z] Deleting alias drive W:
[Pipeline] bat
[2023-05-11T22:35:39.635Z] Deleting alias drive P:
[Pipeline] }
[Pipeline] // withEnv
[Pipeline] }
[Pipeline] // timeout
[Pipeline] }
[Pipeline] // stage
[Pipeline] }
[Pipeline] // timestamps
[Pipeline] timestamps
[Pipeline] {
[Pipeline] stage
[Pipeline] { (Install)
[Pipeline] timeout
[2023-05-11T22:35:39.972Z] Timeout set to expire in 6 hr 0 min
[Pipeline] {
[Pipeline] withEnv
[Pipeline] {
[Pipeline] bat
[2023-05-11T22:35:40.235Z] Creating alias drive P: to S:\jenkins\workspace
[Pipeline] bat
[2023-05-11T22:35:40.591Z] Creating alias drive W: to S:\jenkins\workspace\ECP\ecg-maya-usd\ecg-mayausd-branch-preflight-2019-no-ufe-windows
[Pipeline] bat
[2023-05-11T22:35:41.102Z] "C:\Program Files (x86)\Microsoft Visual Studio\2017\Professional\VC\Auxiliary\Build\vcvarsall.bat" x64
[2023-05-11T22:35:41.204Z] **********************************************************************
[2023-05-11T22:35:41.204Z] ** Visual Studio 2017 Developer Command Prompt v15.9.15
[2023-05-11T22:35:41.204Z] ** Copyright (c) 2017 Microsoft Corporation
[2023-05-11T22:35:41.204Z] **********************************************************************
[2023-05-11T22:35:42.223Z] [vcvarsall.bat] Environment initialized for: 'x64'
[2023-05-11T22:35:42.223Z] python ecg-maya-usd/build.py --stages=install --workspace-dir=W:\ --artifactory-dir=P:\shared\Artifactory --build-dir=W:\build --install-dir=W:\install --signing-dir=W:\signing --package-dir=W:\package --output-dir=W:\output --stash-dir=W:\stash --jenkins-build=920 --git-commit=e5851046dd9c0676f14ddea2cded9d3b59b25958 --git-branch=master --variants=RelWithDebInfo --python=2.7 --ufe=false --pxrusd-version=0.21.05-gold --post-zips=false --maya-cut-config=maya-rundev-2019.yaml --maya-package=rundev-2019 --stage-banner
[2023-05-11T22:35:43.146Z] Using Maya cut from P:\shared\Artifactory\Windows\rundev-2019\202003131251\runtime\155eb96
[2023-05-11T22:35:43.146Z] 
[2023-05-11T22:35:43.146Z] ================================================================================
[2023-05-11T22:35:43.146Z]                             install (RelWithDebInfo)
[2023-05-11T22:35:43.146Z] ================================================================================
[2023-05-11T22:35:43.146Z] Maya Python RelWithDebInfo Info:
[2023-05-11T22:35:43.146Z]   mayapy executable   = P:\shared\Artifactory\Windows\rundev-2019\202003131251\runtime\155eb96\runTime\bin\mayapy.exe
[2023-05-11T22:35:43.146Z]   Include Folder      = P:\shared\Artifactory\Windows\rundev-2019\202003131251\runtime\155eb96\runTime\include\Python2.7
[2023-05-11T22:35:43.146Z]   Library             = P:\shared\Artifactory\Windows\rundev-2019\202003131251\runtime\155eb96\runTime\lib\python27.lib
[2023-05-11T22:35:43.146Z]   site-package Folder = P:\shared\Artifactory\Windows\rundev-2019\202003131251\runtime\155eb96\runTime\Python\Lib\site-packages
[2023-05-11T22:35:43.869Z] In workdir: S:\jenkins\workspace\ECP\ecg-maya-usd\ecg-mayausd-branch-preflight-2019-no-ufe-windows\ecg-maya-usd\maya-usd
[2023-05-11T22:35:43.869Z] Executing: 'P:\\shared\\Artifactory\\Windows\\rundev-2019\\202003131251\\runtime\\155eb96\\runTime\\bin\\mayapy.exe' 'S:\\jenkins\\workspace\\ECP\\ecg-maya-usd\\ecg-mayausd-branch-preflight-2019-no-ufe-windows\\ecg-maya-usd\\maya-usd\\build.py' --generator Ninja --build-relwithdebug --maya-location 'P:\\shared\\Artifactory\\Windows\\rundev-2019\\202003131251\\runtime\\155eb96\\runTime' --devkit-location 'P:\\shared\\Artifactory\\Windows\\rundev-2019\\202003131251\\runtime\\155eb96\\devkitBase' --pxrusd-location 'P:\\shared\\Artifactory\\Windows\\USD\\cfb3d8a' --qt-location 'P:\\shared\\Artifactory\\Windows\\qt\\5.6.1\\1acd0ba' --materialx '--build-args=-DCMAKE_MAKE_PROGRAM=P:/shared/Artifactory/Windows/ninja/1.9.0/c68f192/ninja.exe,-DPYTHON_INCLUDE_DIR=P:/shared/Artifactory/Windows/rundev-2019/202003131251/runtime/155eb96/runTime/include/Python2.7,-DPython_EXECUTABLE=P:/shared/Artifactory/Windows/rundev-2019/202003131251/runtime/155eb96/runTime/bin/mayapy.exe,-DPYTHON_LIBRARIES=P:/shared/Artifactory/Windows/rundev-2019/202003131251/runtime/155eb96/runTime/lib/python27.lib,-DCMAKE_WANT_UFE_BUILD=OFF,-DUSD_LIB_PREFIX=,-DBUILD_HDMAYA=OFF' '--ctest-args=-E testUsdReferenceAssemblySelection|testUsdMayaAppDir,-LE interactive,--parallel 16' --stages=install --redirect-outstream-file=False --install-location 'W:\\install\\RelWithDebInfo\\MayaUSD' 'W:\\'
[2023-05-11T22:35:43.869Z] Modified environment variables:
[2023-05-11T22:35:43.869Z]     PATH=P:\shared\Artifactory\Windows\cmake\3.20.3\afe857a\bin;C:\Python27\lib\site-packages\pywin32_system32;C:\Program Files (x86)\Microsoft Visual Studio\2017\Professional\VC\Tools\MSVC\14.16.27023\bin\HostX64\x64;C:\Program Files (x86)\Microsoft Visual Studio\2017\Professional\Common7\IDE\VC\VCPackages;C:\Program Files (x86)\Microsoft Visual Studio\2017\Professional\Common7\IDE\CommonExtensions\Microsoft\TestWindow;C:\Program Files (x86)\Microsoft Visual Studio\2017\Professional\Common7\IDE\CommonExtensions\Microsoft\TeamFoundation\Team Explorer;C:\Program Files (x86)\Microsoft Visual Studio\2017\Professional\MSBuild\15.0\bin\Roslyn;C:\Program Files (x86)\Microsoft Visual Studio\2017\Professional\Team Tools\Performance Tools\x64;C:\Program Files (x86)\Microsoft Visual Studio\2017\Professional\Team Tools\Performance Tools;C:\Program Files (x86)\Microsoft Visual Studio\Shared\Common\VSPerfCollectionTools\\x64;C:\Program Files (x86)\Microsoft Visual Studio\Shared\Common\VSPerfCollectionTools\;C:\Program Files (x86)\Microsoft SDKs\Windows\v10.0A\bin\NETFX 4.6.1 Tools\x64\;C:\Program Files (x86)\HTML Help Workshop;C:\Program Files (x86)\Windows Kits\10\bin\10.0.18362.0\x64;C:\Program Files (x86)\Windows Kits\10\bin\x64;C:\Program Files (x86)\Microsoft Visual Studio\2017\Professional\\MSBuild\15.0\bin;C:\WINDOWS\Microsoft.NET\Framework64\v4.0.30319;C:\Program Files (x86)\Microsoft Visual Studio\2017\Professional\Common7\IDE\;C:\Program Files (x86)\Microsoft Visual Studio\2017\Professional\Common7\Tools\;C:\Python27\;C:\Python27\Scripts;C:\WINDOWS\system32;C:\WINDOWS;C:\WINDOWS\System32\Wbem;C:\WINDOWS\System32\WindowsPowerShell\v1.0\;C:\WINDOWS\System32\OpenSSH\;C:\ProgramData\chocolatey\bin;C:\Program Files (x86)\WiX Toolset v3.7\bin;C:\Program Files\dotnet\;C:\Program Files (x86)\Windows Kits\10\bin\10.0.18362.0\x64;C:\Program Files\Zulu\zulu-11\bin\;C:\Program Files (x86)\Windows Kits\10\bin\10.0.17763.0\x64;C:\Program Files (x86)\Windows Kits\10\bin\x64;C:\Program Files\Git\cmd;C:\Program Files\Git\usr\bin;C:\Program Files\Git\mingw64\bin;C:\Program Files\Git\bin;C:\Python38\;C:\Python38\Scripts;C:\StoreBoxClientWindows;C:\Program Files\Electric Cloud\ElectricCommander\bin;C:\Program Files\WinRAR;C:\Program Files\7-Zip;C:\Users\Administrator\AppData\Local\Microsoft\WindowsApps;C:\Program Files (x86)\Microsoft Visual Studio\2017\Professional\Common7\IDE\CommonExtensions\Microsoft\CMake\CMake\bin;C:\Program Files (x86)\Microsoft Visual Studio\2017\Professional\Common7\IDE\CommonExtensions\Microsoft\CMake\Ninja
[2023-05-11T22:35:44.285Z]     [1/8] Automatic MOC and UIC for target mayaUsdUI
[2023-05-11T22:35:44.285Z]     [2/5] Automatic MOC and UIC for target testMayaUsdUI
[2023-05-11T22:35:44.285Z]     [2/3] Install the project...
[2023-05-11T22:35:44.285Z]     -- Install configuration: "RelWithDebInfo"
[2023-05-11T22:35:47.227Z]     
[2023-05-11T22:35:47.227Z]         Building with settings:
[2023-05-11T22:35:47.227Z]           Source directory          S:\jenkins\workspace\ECP\ecg-maya-usd\ecg-mayausd-branch-preflight-2019-no-ufe-windows\ecg-maya-usd\maya-usd
[2023-05-11T22:35:47.227Z]           Workspace directory       W:\
[2023-05-11T22:35:47.227Z]           Build directory           W:\build\RelWithDebInfo
[2023-05-11T22:35:47.227Z]           Install directory         W:\install\RelWithDebInfo\MayaUSD
[2023-05-11T22:35:47.227Z]           Variant                   RelWithDebInfo
[2023-05-11T22:35:47.227Z]           Python Debug              Off
[2023-05-11T22:35:47.227Z]           CMake generator           Ninja
[2023-05-11T22:35:47.227Z]           Build arguments           ['-DCMAKE_MAKE_PROGRAM=P:/shared/Artifactory/Windows/ninja/1.9.0/c68f192/ninja.exe', '-DPYTHON_INCLUDE_DIR=P:/shared/Artifactory/Windows/rundev-2019/202003131251/runtime/155eb96/runTime/include/Python2.7', '-DPython_EXECUTABLE=P:/shared/Artifactory/Windows/rundev-2019/202003131251/runtime/155eb96/runTime/bin/mayapy.exe', '-DPYTHON_LIBRARIES=P:/shared/Artifactory/Windows/rundev-2019/202003131251/runtime/155eb96/runTime/lib/python27.lib', '-DCMAKE_WANT_UFE_BUILD=OFF', '-DUSD_LIB_PREFIX=', '-DBUILD_HDMAYA=OFF']
[2023-05-11T22:35:47.227Z]           Stages arguments          ['install']
[2023-05-11T22:35:47.227Z]           CTest arguments           ['-E testUsdReferenceAssemblySelection|testUsdMayaAppDir', '-LE interactive', '--parallel 16']
[2023-05-11T22:35:47.227Z]     Success MayaUSD build and install !!!!
[2023-05-11T22:35:47.227Z]     Elapsed time: 00:00:03
[Pipeline] bat
[2023-05-11T22:35:47.565Z] Deleting alias drive W:
[Pipeline] bat
[2023-05-11T22:35:47.917Z] Deleting alias drive P:
[Pipeline] }
[Pipeline] // withEnv
[Pipeline] }
[Pipeline] // timeout
[Pipeline] }
[Pipeline] // stage
[Pipeline] }
[Pipeline] // timestamps
[Pipeline] timestamps
[Pipeline] {
[Pipeline] stage
[Pipeline] { (Test)
[Pipeline] timeout
[2023-05-11T22:35:48.242Z] Timeout set to expire in 6 hr 0 min
[Pipeline] {
[Pipeline] withEnv
[Pipeline] {
[Pipeline] bat
[2023-05-11T22:35:48.502Z] Creating alias drive P: to S:\jenkins\workspace
[Pipeline] bat
[2023-05-11T22:35:48.857Z] Creating alias drive W: to S:\jenkins\workspace\ECP\ecg-maya-usd\ecg-mayausd-branch-preflight-2019-no-ufe-windows
[Pipeline] bat
[2023-05-11T22:35:49.371Z] "C:\Program Files (x86)\Microsoft Visual Studio\2017\Professional\VC\Auxiliary\Build\vcvarsall.bat" x64
[2023-05-11T22:35:49.474Z] **********************************************************************
[2023-05-11T22:35:49.474Z] ** Visual Studio 2017 Developer Command Prompt v15.9.15
[2023-05-11T22:35:49.474Z] ** Copyright (c) 2017 Microsoft Corporation
[2023-05-11T22:35:49.474Z] **********************************************************************
[2023-05-11T22:35:50.393Z] [vcvarsall.bat] Environment initialized for: 'x64'
[2023-05-11T22:35:50.393Z] python ecg-maya-usd/build.py --stages=test --workspace-dir=W:\ --artifactory-dir=P:\shared\Artifactory --build-dir=W:\build --install-dir=W:\install --signing-dir=W:\signing --package-dir=W:\package --output-dir=W:\output --stash-dir=W:\stash --jenkins-build=920 --git-commit=e5851046dd9c0676f14ddea2cded9d3b59b25958 --git-branch=master --variants=RelWithDebInfo --python=2.7 --ufe=false --pxrusd-version=0.21.05-gold --post-zips=false --test-jobs=0 --failed-test-retry=3 --maya-cut-config=maya-rundev-2019.yaml --maya-package=rundev-2019 --stage-banner --progressive-timeout
[2023-05-11T22:35:51.313Z] Using Maya cut from P:\shared\Artifactory\Windows\rundev-2019\202003131251\runtime\155eb96
[2023-05-11T22:35:51.314Z] 
[2023-05-11T22:35:51.314Z] ================================================================================
[2023-05-11T22:35:51.314Z]                              test (RelWithDebInfo)
[2023-05-11T22:35:51.314Z] ================================================================================
[2023-05-11T22:35:51.314Z] Maya Python RelWithDebInfo Info:
[2023-05-11T22:35:51.314Z]   mayapy executable   = P:\shared\Artifactory\Windows\rundev-2019\202003131251\runtime\155eb96\runTime\bin\mayapy.exe
[2023-05-11T22:35:51.314Z]   Include Folder      = P:\shared\Artifactory\Windows\rundev-2019\202003131251\runtime\155eb96\runTime\include\Python2.7
[2023-05-11T22:35:51.314Z]   Library             = P:\shared\Artifactory\Windows\rundev-2019\202003131251\runtime\155eb96\runTime\lib\python27.lib
[2023-05-11T22:35:51.314Z]   site-package Folder = P:\shared\Artifactory\Windows\rundev-2019\202003131251\runtime\155eb96\runTime\Python\Lib\site-packages
[2023-05-11T22:35:52.035Z] In workdir: S:\jenkins\workspace\ECP\ecg-maya-usd\ecg-mayausd-branch-preflight-2019-no-ufe-windows\ecg-maya-usd\maya-usd
[2023-05-11T22:35:52.035Z] Executing: 'P:\\shared\\Artifactory\\Windows\\rundev-2019\\202003131251\\runtime\\155eb96\\runTime\\bin\\mayapy.exe' 'S:\\jenkins\\workspace\\ECP\\ecg-maya-usd\\ecg-mayausd-branch-preflight-2019-no-ufe-windows\\ecg-maya-usd\\maya-usd\\build.py' --generator Ninja --build-relwithdebug --maya-location 'P:\\shared\\Artifactory\\Windows\\rundev-2019\\202003131251\\runtime\\155eb96\\runTime' --devkit-location 'P:\\shared\\Artifactory\\Windows\\rundev-2019\\202003131251\\runtime\\155eb96\\devkitBase' --pxrusd-location 'P:\\shared\\Artifactory\\Windows\\USD\\cfb3d8a' --qt-location 'P:\\shared\\Artifactory\\Windows\\qt\\5.6.1\\1acd0ba' --materialx '--build-args=-DCMAKE_MAKE_PROGRAM=P:/shared/Artifactory/Windows/ninja/1.9.0/c68f192/ninja.exe,-DPYTHON_INCLUDE_DIR=P:/shared/Artifactory/Windows/rundev-2019/202003131251/runtime/155eb96/runTime/include/Python2.7,-DPython_EXECUTABLE=P:/shared/Artifactory/Windows/rundev-2019/202003131251/runtime/155eb96/runTime/bin/mayapy.exe,-DPYTHON_LIBRARIES=P:/shared/Artifactory/Windows/rundev-2019/202003131251/runtime/155eb96/runTime/lib/python27.lib,-DCMAKE_WANT_UFE_BUILD=OFF,-DUSD_LIB_PREFIX=,-DBUILD_HDMAYA=OFF' '--ctest-args=-E testUsdReferenceAssemblySelection|testUsdMayaAppDir,-LE interactive,--parallel 16' --stages=test --redirect-outstream-file=False --install-location 'W:\\install\\RelWithDebInfo\\MayaUSD' 'W:\\'
[2023-05-11T22:35:52.035Z] Modified environment variables:
[2023-05-11T22:35:52.035Z]     PATH=P:\shared\Artifactory\Windows\cmake\3.20.3\afe857a\bin;C:\Python27\lib\site-packages\pywin32_system32;C:\Program Files (x86)\Microsoft Visual Studio\2017\Professional\VC\Tools\MSVC\14.16.27023\bin\HostX64\x64;C:\Program Files (x86)\Microsoft Visual Studio\2017\Professional\Common7\IDE\VC\VCPackages;C:\Program Files (x86)\Microsoft Visual Studio\2017\Professional\Common7\IDE\CommonExtensions\Microsoft\TestWindow;C:\Program Files (x86)\Microsoft Visual Studio\2017\Professional\Common7\IDE\CommonExtensions\Microsoft\TeamFoundation\Team Explorer;C:\Program Files (x86)\Microsoft Visual Studio\2017\Professional\MSBuild\15.0\bin\Roslyn;C:\Program Files (x86)\Microsoft Visual Studio\2017\Professional\Team Tools\Performance Tools\x64;C:\Program Files (x86)\Microsoft Visual Studio\2017\Professional\Team Tools\Performance Tools;C:\Program Files (x86)\Microsoft Visual Studio\Shared\Common\VSPerfCollectionTools\\x64;C:\Program Files (x86)\Microsoft Visual Studio\Shared\Common\VSPerfCollectionTools\;C:\Program Files (x86)\Microsoft SDKs\Windows\v10.0A\bin\NETFX 4.6.1 Tools\x64\;C:\Program Files (x86)\HTML Help Workshop;C:\Program Files (x86)\Windows Kits\10\bin\10.0.18362.0\x64;C:\Program Files (x86)\Windows Kits\10\bin\x64;C:\Program Files (x86)\Microsoft Visual Studio\2017\Professional\\MSBuild\15.0\bin;C:\WINDOWS\Microsoft.NET\Framework64\v4.0.30319;C:\Program Files (x86)\Microsoft Visual Studio\2017\Professional\Common7\IDE\;C:\Program Files (x86)\Microsoft Visual Studio\2017\Professional\Common7\Tools\;C:\Python27\;C:\Python27\Scripts;C:\WINDOWS\system32;C:\WINDOWS;C:\WINDOWS\System32\Wbem;C:\WINDOWS\System32\WindowsPowerShell\v1.0\;C:\WINDOWS\System32\OpenSSH\;C:\ProgramData\chocolatey\bin;C:\Program Files (x86)\WiX Toolset v3.7\bin;C:\Program Files\dotnet\;C:\Program Files (x86)\Windows Kits\10\bin\10.0.18362.0\x64;C:\Program Files\Zulu\zulu-11\bin\;C:\Program Files (x86)\Windows Kits\10\bin\10.0.17763.0\x64;C:\Program Files (x86)\Windows Kits\10\bin\x64;C:\Program Files\Git\cmd;C:\Program Files\Git\usr\bin;C:\Program Files\Git\mingw64\bin;C:\Program Files\Git\bin;C:\Python38\;C:\Python38\Scripts;C:\StoreBoxClientWindows;C:\Program Files\Electric Cloud\ElectricCommander\bin;C:\Program Files\WinRAR;C:\Program Files\7-Zip;C:\Users\Administrator\AppData\Local\Microsoft\WindowsApps;C:\Program Files (x86)\Microsoft Visual Studio\2017\Professional\Common7\IDE\CommonExtensions\Microsoft\CMake\CMake\bin;C:\Program Files (x86)\Microsoft Visual Studio\2017\Professional\Common7\IDE\CommonExtensions\Microsoft\CMake\Ninja
[2023-05-11T22:35:52.348Z]     Test project W:/build/RelWithDebInfo
[2023-05-11T22:35:53.270Z]             Start   1: testMayaUsdConverter
[2023-05-11T22:35:53.271Z]             Start   2: testMayaUsdCreateStageCommands
[2023-05-11T22:35:53.271Z]             Start   3: testMayaUsdPythonImport
[2023-05-11T22:35:53.271Z]             Start   4: testMayaUsdLayerEditorCommands
[2023-05-11T22:35:53.271Z]             Start   5: testMayaUsdCacheId
[2023-05-11T22:35:53.271Z]             Start   7: _Interactive_Maya
[2023-05-11T22:35:53.271Z]       1/130 Test   #7: _Interactive_Maya ...............................***Not Run (Disabled)   0.00 sec
[2023-05-11T22:35:53.271Z]             Start   8: testMayaUsdPlugVersionCheck
[2023-05-11T22:35:53.271Z]             Start   9: testPxrUsdPreviewSurfaceDraw
[2023-05-11T22:35:53.271Z]             Start  10: testPxrUsdPreviewSurfaceExport
[2023-05-11T22:35:53.408Z]             Start  11: testMayaUsdSchemasPythonImport
[2023-05-11T22:35:53.408Z]             Start  12: testMayaUsdSchemasMayaReference
[2023-05-11T22:35:53.408Z]             Start  13: testDiffCore
[2023-05-11T22:35:53.408Z]             Start  14: testDiffValues
[2023-05-11T22:35:53.408Z]             Start  15: testDiffAttributes
[2023-05-11T22:35:53.526Z]             Start  16: testDiffRelationships
[2023-05-11T22:35:53.526Z]             Start  17: testDiffDictionaries
[2023-05-11T22:35:53.526Z]             Start  18: testDiffLists
[2023-05-11T22:35:53.642Z]       2/130 Test  #13: testDiffCore ....................................   Passed    0.27 sec
[2023-05-11T22:35:53.642Z]             Start  19: testDiffComputeOverall
[2023-05-11T22:35:53.642Z]       3/130 Test  #14: testDiffValues ..................................   Passed    0.27 sec
[2023-05-11T22:35:53.642Z]             Start  20: testDiffPrims
[2023-05-11T22:35:53.642Z]       4/130 Test  #17: testDiffDictionaries ............................   Passed    0.15 sec
[2023-05-11T22:35:53.642Z]             Start  21: testMergePrims
[2023-05-11T22:35:53.762Z]       5/130 Test  #16: testDiffRelationships ...........................   Passed    0.23 sec
[2023-05-11T22:35:53.762Z]             Start  22: testDiffMetadatas
[2023-05-11T22:35:53.762Z]       6/130 Test  #15: testDiffAttributes ..............................   Passed    0.32 sec
[2023-05-11T22:35:53.762Z]             Start  23: testUsdExportAnimation
[2023-05-11T22:35:53.762Z]       7/130 Test  #18: testDiffLists ...................................   Passed    0.20 sec
[2023-05-11T22:35:53.762Z]             Start  24: testUsdExportAsClip
[2023-05-11T22:35:53.762Z]       8/130 Test  #19: testDiffComputeOverall ..........................   Passed    0.18 sec
[2023-05-11T22:35:53.762Z]             Start  25: testUsdExportBindTransform
[2023-05-11T22:35:53.918Z]       9/130 Test  #21: testMergePrims ..................................   Passed    0.19 sec
[2023-05-11T22:35:53.918Z]             Start  26: testUsdExportBlendshapes
[2023-05-11T22:35:53.918Z]      10/130 Test  #20: testDiffPrims ...................................   Passed    0.24 sec
[2023-05-11T22:35:53.918Z]             Start  27: testUsdExportCamera
[2023-05-11T22:35:53.918Z]      11/130 Test  #22: testDiffMetadatas ...............................   Passed    0.21 sec
[2023-05-11T22:35:53.918Z]             Start  28: testUsdExportColorSets
[2023-05-11T22:35:56.500Z]      12/130 Test   #9: testPxrUsdPreviewSurfaceDraw ....................   Passed    3.14 sec
[2023-05-11T22:35:56.500Z]             Start  29: testUsdExportConnected
[2023-05-11T22:35:57.245Z]      13/130 Test   #8: testMayaUsdPlugVersionCheck .....................   Passed    3.88 sec
[2023-05-11T22:35:57.245Z]             Start  30: testUsdExportDisplayColor
[2023-05-11T22:35:57.245Z]      14/130 Test  #12: testMayaUsdSchemasMayaReference .................   Passed    3.87 sec
[2023-05-11T22:35:57.245Z]             Start  31: testUsdExportEulerFilter
[2023-05-11T22:35:57.245Z]      15/130 Test   #1: testMayaUsdConverter ............................   Passed    4.02 sec
[2023-05-11T22:35:57.245Z]             Start  32: testUsdExportFileFormat
[2023-05-11T22:35:57.464Z]      16/130 Test   #3: testMayaUsdPythonImport .........................   Passed    4.16 sec
[2023-05-11T22:35:57.464Z]             Start  33: testUsdExportFilterTypes
[2023-05-11T22:35:57.464Z]      17/130 Test  #11: testMayaUsdSchemasPythonImport ..................   Passed    4.14 sec
[2023-05-11T22:35:57.464Z]             Start  34: testUsdExportFrameOffset
[2023-05-11T22:35:57.900Z]      18/130 Test   #5: testMayaUsdCacheId ..............................   Passed    4.57 sec
[2023-05-11T22:35:57.900Z]             Start  35: testUsdExportGeomSubset
[2023-05-11T22:35:57.900Z]      19/130 Test   #4: testMayaUsdLayerEditorCommands ..................   Passed    4.59 sec
[2023-05-11T22:35:57.900Z]             Start  36: testUsdExportInstances
[2023-05-11T22:35:58.234Z]      20/130 Test  #25: testUsdExportBindTransform ......................   Passed    4.39 sec
[2023-05-11T22:35:58.234Z]             Start  37: testUsdExportLayerAttributes
[2023-05-11T22:35:58.234Z]      21/130 Test  #23: testUsdExportAnimation ..........................   Passed    4.44 sec
[2023-05-11T22:35:58.234Z]             Start  38: testUsdExportLight
[2023-05-11T22:35:58.234Z]      22/130 Test  #10: testPxrUsdPreviewSurfaceExport ..................   Passed    4.90 sec
[2023-05-11T22:35:58.234Z]             Start  39: testUsdExportLocator
[2023-05-11T22:35:58.357Z]      23/130 Test   #2: testMayaUsdCreateStageCommands ..................   Passed    5.08 sec
[2023-05-11T22:35:58.357Z]             Start  40: testUsdExportMayaInstancer
[2023-05-11T22:35:58.886Z]      24/130 Test  #27: testUsdExportCamera .............................   Passed    4.94 sec
[2023-05-11T22:35:58.886Z]             Start  41: testUsdExportMesh
[2023-05-11T22:35:59.008Z]      25/130 Test  #26: testUsdExportBlendshapes ........................   Passed    5.10 sec
[2023-05-11T22:35:59.008Z]             Start  42: testUsdExportNurbsCurve
[2023-05-11T22:35:59.134Z]      26/130 Test  #24: testUsdExportAsClip .............................   Passed    5.35 sec
[2023-05-11T22:35:59.134Z]             Start  43: testUsdExportOpenLayer
[2023-05-11T22:35:59.571Z]      27/130 Test  #28: testUsdExportColorSets ..........................   Passed    5.65 sec
[2023-05-11T22:35:59.571Z]             Start  44: testUsdExportOverImport
[2023-05-11T22:36:00.861Z]      28/130 Test  #29: testUsdExportConnected ..........................   Passed    4.35 sec
[2023-05-11T22:36:00.861Z]             Start  45: testUsdExportUsdPreviewSurface
[2023-05-11T22:36:01.398Z]      29/130 Test  #32: testUsdExportFileFormat .........................   Passed    4.10 sec
[2023-05-11T22:36:01.398Z]             Start  46: testUsdExportParentScope
[2023-05-11T22:36:01.729Z]      30/130 Test  #30: testUsdExportDisplayColor .......................   Passed    4.54 sec
[2023-05-11T22:36:01.729Z]             Start  47: testUsdExportParticles
[2023-05-11T22:36:02.070Z]      31/130 Test  #36: testUsdExportInstances ..........................   Passed    4.21 sec
[2023-05-11T22:36:02.070Z]             Start  48: testUsdExportPref
[2023-05-11T22:36:02.070Z]      32/130 Test  #37: testUsdExportLayerAttributes ....................   Passed    3.91 sec
[2023-05-11T22:36:02.070Z]             Start  49: testUsdExportRenderLayerMode
[2023-05-11T22:36:02.210Z]      33/130 Test  #31: testUsdExportEulerFilter ........................   Passed    4.95 sec
[2023-05-11T22:36:02.210Z]             Start  50: testUsdExportRoots
[2023-05-11T22:36:02.210Z]      34/130 Test  #35: testUsdExportGeomSubset .........................   Passed    4.37 sec
[2023-05-11T22:36:02.210Z]             Start  51: testUsdExportRootsAndParentScope
[2023-05-11T22:36:02.353Z]      35/130 Test  #34: testUsdExportFrameOffset ........................   Passed    4.81 sec
[2023-05-11T22:36:02.353Z]             Start  52: testUsdExportSelection
[2023-05-11T22:36:02.353Z]      36/130 Test  #38: testUsdExportLight ..............................   Passed    4.10 sec
[2023-05-11T22:36:02.353Z]             Start  53: testUsdExportSelectionHierarchy
[2023-05-11T22:36:02.599Z]      37/130 Test  #33: testUsdExportFilterTypes ........................   Passed    5.10 sec
[2023-05-11T22:36:02.599Z]             Start  54: testUsdExportSkeleton
[2023-05-11T22:36:03.042Z]      38/130 Test  #43: testUsdExportOpenLayer ..........................   Passed    3.90 sec
[2023-05-11T22:36:03.042Z]             Start  55: testUsdExportSkin
[2023-05-11T22:36:03.042Z]      39/130 Test  #39: testUsdExportLocator ............................   Passed    4.81 sec
[2023-05-11T22:36:03.042Z]             Start  56: testUsdExportStripNamespaces
[2023-05-11T22:36:03.281Z]      40/130 Test  #40: testUsdExportMayaInstancer ......................   Passed    4.87 sec
[2023-05-11T22:36:03.281Z]             Start  57: testUsdExportStroke
[2023-05-11T22:36:03.499Z]      41/130 Test  #42: testUsdExportNurbsCurve .........................   Passed    4.54 sec
[2023-05-11T22:36:03.499Z]             Start  58: testUsdExportUserTaggedAttributes
[2023-05-11T22:36:03.621Z]      42/130 Test  #44: testUsdExportOverImport .........................   Passed    4.03 sec
[2023-05-11T22:36:03.621Z]             Start  59: testUsdExportVisibilityDefault
[2023-05-11T22:36:03.621Z]      43/130 Test  #41: testUsdExportMesh ...............................   Passed    4.83 sec
[2023-05-11T22:36:03.621Z]             Start  60: testUsdImportAnonymousLayer
[2023-05-11T22:36:05.184Z]      44/130 Test  #45: testUsdExportUsdPreviewSurface ..................   Passed    4.40 sec
[2023-05-11T22:36:05.184Z]             Start  61: testUsdImportCamera
[2023-05-11T22:36:05.938Z]      45/130 Test  #46: testUsdExportParentScope ........................   Passed    4.52 sec
[2023-05-11T22:36:05.938Z]             Start  62: testUsdImportBasisCurves
[2023-05-11T22:36:05.938Z]      46/130 Test  #49: testUsdExportRenderLayerMode ....................   Passed    3.84 sec
[2023-05-11T22:36:05.938Z]             Start  63: testUsdImportBatchNurbsCurves
[2023-05-11T22:36:06.164Z]      47/130 Test  #47: testUsdExportParticles ..........................   Passed    4.42 sec
[2023-05-11T22:36:06.164Z]             Start  64: testUsdImportLinearCurves
[2023-05-11T22:36:06.389Z]      48/130 Test  #51: testUsdExportRootsAndParentScope ................   Passed    4.12 sec
[2023-05-11T22:36:06.389Z]             Start  65: testUsdImportHighDegreeNurbsCurves
[2023-05-11T22:36:06.538Z]      49/130 Test  #48: testUsdExportPref ...............................   Passed    4.41 sec
[2023-05-11T22:36:06.538Z]             Start  66: testUsdImportNurbsCurves
[2023-05-11T22:36:06.784Z]      50/130 Test  #52: testUsdExportSelection ..........................   Passed    4.54 sec
[2023-05-11T22:36:06.784Z]             Start  67: testUsdImportBatchBezierCurves
[2023-05-11T22:36:06.924Z]      51/130 Test  #53: testUsdExportSelectionHierarchy .................   Passed    4.59 sec
[2023-05-11T22:36:06.925Z]             Start  68: testUsdImportColorSets
[2023-05-11T22:36:07.153Z]      52/130 Test  #55: testUsdExportSkin ...............................   Passed    4.10 sec
[2023-05-11T22:36:07.153Z]             Start  69: testUsdImportDisplacement
[2023-05-11T22:36:07.153Z]      53/130 Test  #56: testUsdExportStripNamespaces ....................   Passed    4.15 sec
[2023-05-11T22:36:07.153Z]             Start  70: testUsdImportExportScope
[2023-05-11T22:36:07.581Z]      54/130 Test  #60: testUsdImportAnonymousLayer .....................   Passed    3.88 sec
[2023-05-11T22:36:07.581Z]             Start  71: testUsdImportExportTypelessDefs
[2023-05-11T22:36:07.703Z]      55/130 Test  #57: testUsdExportStroke .............................   Passed    4.49 sec
[2023-05-11T22:36:07.703Z]             Start  72: testUsdImportFrameRange
[2023-05-11T22:36:07.942Z]      56/130 Test  #54: testUsdExportSkeleton ...........................   Passed    5.42 sec
[2023-05-11T22:36:07.942Z]             Start  73: testUsdImportFramerates
[2023-05-11T22:36:07.942Z]      57/130 Test  #59: testUsdExportVisibilityDefault ..................   Passed    4.35 sec
[2023-05-11T22:36:07.942Z]             Start  74: testUsdImportInstances
[2023-05-11T22:36:08.067Z]      58/130 Test  #58: testUsdExportUserTaggedAttributes ...............   Passed    4.51 sec
[2023-05-11T22:36:08.067Z]             Start  75: testUsdImportLight
[2023-05-11T22:36:08.185Z]      59/130 Test  #50: testUsdExportRoots ..............................   Passed    5.99 sec
[2023-05-11T22:36:08.185Z]             Start  76: testUsdImportMayaReference
[2023-05-11T22:36:09.032Z]      60/130 Test  #61: testUsdImportCamera .............................   Passed    3.87 sec
[2023-05-11T22:36:09.032Z]             Start  77: testUsdImportMesh
[2023-05-11T22:36:09.785Z]      61/130 Test  #62: testUsdImportBasisCurves ........................   Passed    3.91 sec
[2023-05-11T22:36:09.785Z]             Start  78: testUsdImportPointCache
[2023-05-11T22:36:10.010Z]      62/130 Test  #64: testUsdImportLinearCurves .......................   Passed    3.87 sec
[2023-05-11T22:36:10.010Z]             Start  79: testUsdImportPreviewSurface
[2023-05-11T22:36:10.151Z]      63/130 Test  #63: testUsdImportBatchNurbsCurves ...................   Passed    4.18 sec
[2023-05-11T22:36:10.151Z]             Start  80: testUsdImportSessionLayer
[2023-05-11T22:36:10.271Z]      64/130 Test  #65: testUsdImportHighDegreeNurbsCurves ..............   Passed    3.89 sec
[2023-05-11T22:36:10.271Z]             Start  81: testUsdImportShadingModeDisplayColor
[2023-05-11T22:36:10.508Z]      65/130 Test  #66: testUsdImportNurbsCurves ........................   Passed    3.97 sec
[2023-05-11T22:36:10.508Z]             Start  82: testUsdImportShadingModePxrRis
[2023-05-11T22:36:10.840Z]      66/130 Test  #67: testUsdImportBatchBezierCurves ..................   Passed    3.95 sec
[2023-05-11T22:36:10.841Z]             Start  83: testUsdImportUVSetMappings
[2023-05-11T22:36:10.841Z]      67/130 Test  #68: testUsdImportColorSets ..........................   Passed    3.96 sec
[2023-05-11T22:36:10.841Z]             Start  84: testUsdImportUSDZTextures
[2023-05-11T22:36:11.164Z]      68/130 Test  #69: testUsdImportDisplacement .......................   Passed    3.98 sec
[2023-05-11T22:36:11.164Z]             Start  85: testUsdExportImportRoundtripPreviewSurface
[2023-05-11T22:36:11.164Z]      69/130 Test  #70: testUsdImportExportScope ........................   Passed    3.97 sec
[2023-05-11T22:36:11.164Z]             Start  86: testUsdImportSkeleton
[2023-05-11T22:36:11.394Z]      70/130 Test  #71: testUsdImportExportTypelessDefs .................   Passed    3.81 sec
[2023-05-11T22:36:11.394Z]             Start  87: testUsdImportXforms
[2023-05-11T22:36:11.723Z]      71/130 Test  #72: testUsdImportFrameRange .........................   Passed    4.04 sec
[2023-05-11T22:36:11.723Z]             Start  88: testUsdImportXformAnim
[2023-05-11T22:36:11.979Z]      72/130 Test  #73: testUsdImportFramerates .........................   Passed    4.03 sec
[2023-05-11T22:36:11.980Z]             Start  89: testUsdImportEulerFilter
[2023-05-11T22:36:11.980Z]      73/130 Test  #74: testUsdImportInstances ..........................   Passed    4.05 sec
[2023-05-11T22:36:11.980Z]             Start  90: testUsdMayaAdaptor
[2023-05-11T22:36:12.126Z]      74/130 Test  #75: testUsdImportLight ..............................   Passed    4.05 sec
[2023-05-11T22:36:12.126Z]             Start  91: testUsdMayaAdaptorGeom
[2023-05-11T22:36:12.652Z]      75/130 Test  #76: testUsdImportMayaReference ......................   Passed    4.46 sec
[2023-05-11T22:36:12.652Z]             Start  92: testUsdMayaAdaptorMetadata
[2023-05-11T22:36:12.982Z]      76/130 Test  #77: testUsdImportMesh ...............................   Passed    3.93 sec
[2023-05-11T22:36:12.982Z]             Start  93: testUsdMayaAdaptorUndoRedo
[2023-05-11T22:36:13.835Z]      77/130 Test  #78: testUsdImportPointCache .........................   Passed    3.95 sec
[2023-05-11T22:36:13.835Z]             Start  94: testUsdExportUVTransforms
[2023-05-11T22:36:14.085Z]      78/130 Test  #79: testUsdImportPreviewSurface .....................   Passed    3.98 sec
[2023-05-11T22:36:14.085Z]             Start  95: testUsdExportUsdzPackage
[2023-05-11T22:36:14.085Z]      79/130 Test  #80: testUsdImportSessionLayer .......................   Passed    3.89 sec
[2023-05-11T22:36:14.085Z]             Start  96: testUsdImportRfMShaders
[2023-05-11T22:36:14.319Z]      80/130 Test  #82: testUsdImportShadingModePxrRis ..................   Passed    3.85 sec
[2023-05-11T22:36:14.319Z]             Start  97: testUsdExportDisplacement
[2023-05-11T22:36:14.649Z]      81/130 Test  #81: testUsdImportShadingModeDisplayColor ............   Passed    4.32 sec
[2023-05-11T22:36:14.649Z]             Start  98: testUsdExportShadingInstanced
[2023-05-11T22:36:14.649Z]      82/130 Test  #83: testUsdImportUVSetMappings ......................   Passed    3.89 sec
[2023-05-11T22:36:14.649Z]             Start  99: testUsdExportShadingModePxrRis
[2023-05-11T22:36:14.786Z]      83/130 Test  #84: testUsdImportUSDZTextures .......................   Passed    3.94 sec
[2023-05-11T22:36:14.786Z]             Start 100: testUsdExportImportUDIM
[2023-05-11T22:36:15.217Z]      84/130 Test  #86: testUsdImportSkeleton ...........................   Passed    4.00 sec
[2023-05-11T22:36:15.217Z]             Start 101: testUsdExportRfMShaders
[2023-05-11T22:36:15.561Z]      85/130 Test  #85: testUsdExportImportRoundtripPreviewSurface ......   Passed    4.47 sec
[2023-05-11T22:36:15.561Z]             Start 102: testUsdExportUVSets
[2023-05-11T22:36:15.782Z]      86/130 Test  #88: testUsdImportXformAnim ..........................   Passed    3.99 sec
[2023-05-11T22:36:15.782Z]             Start 103: testUsdExportUVSetsFloat
[2023-05-11T22:36:16.002Z]      87/130 Test  #90: testUsdMayaAdaptor ..............................   Passed    3.96 sec
[2023-05-11T22:36:16.002Z]             Start 104: testUsdExportUVSetMappings
[2023-05-11T22:36:16.002Z]      88/130 Test  #89: testUsdImportEulerFilter ........................   Passed    4.01 sec
[2023-05-11T22:36:16.002Z]             Start 105: testUsdImportUVSets
[2023-05-11T22:36:16.146Z]      89/130 Test  #91: testUsdMayaAdaptorGeom ..........................   Passed    4.00 sec
[2023-05-11T22:36:16.146Z]             Start 106: testUsdImportUVSetsFloat
[2023-05-11T22:36:16.892Z]      90/130 Test  #92: testUsdMayaAdaptorMetadata ......................   Passed    4.26 sec
[2023-05-11T22:36:16.892Z]             Start 107: testUsdImportChaser
[2023-05-11T22:36:17.109Z]      91/130 Test  #93: testUsdMayaAdaptorUndoRedo ......................   Passed    4.10 sec
[2023-05-11T22:36:17.109Z]             Start 108: testUsdMayaListShadingModesCommand
[2023-05-11T22:36:17.968Z]      92/130 Test  #96: testUsdImportRfMShaders .........................   Passed    3.91 sec
[2023-05-11T22:36:17.968Z]             Start 109: testUsdImportExportSiteSpecificConfig
[2023-05-11T22:36:17.968Z]      93/130 Test  #95: testUsdExportUsdzPackage ........................   Passed    4.00 sec
[2023-05-11T22:36:17.968Z]             Start 110: testUsdExportAssembly
[2023-05-11T22:36:18.096Z]      94/130 Test  #94: testUsdExportUVTransforms .......................   Passed    4.35 sec
[2023-05-11T22:36:18.096Z]             Start 111: testUsdExportAssemblyEdits
[2023-05-11T22:36:18.944Z]      95/130 Test #101: testUsdExportRfMShaders .........................   Passed    3.81 sec
[2023-05-11T22:36:18.944Z]             Start 112: testUsdExportPackage
[2023-05-11T22:36:19.073Z]      96/130 Test  #99: testUsdExportShadingModePxrRis ..................   Passed    4.38 sec
[2023-05-11T22:36:19.073Z]             Start 113: testUsdExportPointInstancer
[2023-05-11T22:36:19.073Z]      97/130 Test  #98: testUsdExportShadingInstanced ...................   Passed    4.50 sec
[2023-05-11T22:36:19.073Z]             Start 114: testUsdImportAsAssemblies
[2023-05-11T22:36:19.213Z]      98/130 Test  #97: testUsdExportDisplacement .......................   Passed    4.82 sec
[2023-05-11T22:36:19.213Z]             Start 115: testUsdImportNestedAssemblyAnimation
[2023-05-11T22:36:19.213Z]      99/130 Test #100: testUsdExportImportUDIM .........................   Passed    4.41 sec
[2023-05-11T22:36:19.213Z]             Start 116: testUsdMayaGetVariantSetSelections
[2023-05-11T22:36:20.063Z]     100/130 Test #102: testUsdExportUVSets .............................   Passed    4.43 sec
[2023-05-11T22:36:20.063Z]             Start 117: testUsdMayaModelKindProcessor
[2023-05-11T22:36:20.180Z]     101/130 Test #103: testUsdExportUVSetsFloat ........................   Passed    4.39 sec
[2023-05-11T22:36:20.180Z]             Start 118: testUsdMayaReferenceAssemblyEdits
[2023-05-11T22:36:20.180Z]     102/130 Test #105: testUsdImportUVSets .............................   Passed    4.14 sec
[2023-05-11T22:36:20.180Z]             Start 119: testUsdReferenceAssemblyChangeRepresentations
[2023-05-11T22:36:20.181Z]     103/130 Test #106: testUsdImportUVSetsFloat ........................   Passed    4.06 sec
[2023-05-11T22:36:20.181Z]             Start 120: testPxrUsdAlembicChaser
[2023-05-11T22:36:20.978Z]     104/130 Test #104: testUsdExportUVSetMappings ......................   Passed    4.99 sec
[2023-05-11T22:36:20.978Z]             Start 121: AL_MayaUtilsTests
[2023-05-11T22:36:21.251Z]     105/130 Test #107: testUsdImportChaser .............................   Passed    4.34 sec
[2023-05-11T22:36:21.251Z]             Start 122: GTest:AL_USDTransactionTests
[2023-05-11T22:36:21.409Z]     106/130 Test #108: testUsdMayaListShadingModesCommand ..............   Passed    4.24 sec
[2023-05-11T22:36:21.409Z]             Start 123: Python:AL_USDTransactionTests
[2023-05-11T22:36:21.564Z]     107/130 Test #122: GTest:AL_USDTransactionTests ....................   Passed    0.26 sec
[2023-05-11T22:36:21.564Z]             Start 124: AL_USDMayaTestPlugin
[2023-05-11T22:36:22.126Z]     108/130 Test #123: Python:AL_USDTransactionTests ...................   Passed    0.71 sec
[2023-05-11T22:36:22.126Z]             Start 125: TestALUSDMayaPython_ProxyShape
[2023-05-11T22:36:22.126Z]     109/130 Test #109: testUsdImportExportSiteSpecificConfig ...........   Passed    4.17 sec
[2023-05-11T22:36:22.126Z]             Start 126: TestALUSDMayaPython_Translators
[2023-05-11T22:36:23.108Z]     110/130 Test #110: testUsdExportAssembly ...........................   Passed    5.13 sec
[2023-05-11T22:36:23.108Z]             Start 127: TestALUSDMayaPython_LayerManager
[2023-05-11T22:36:23.108Z]     111/130 Test #111: testUsdExportAssemblyEdits ......................   Passed    5.03 sec
[2023-05-11T22:36:23.108Z]             Start 128: TestALUSDMayaPython_ImportModule
[2023-05-11T22:36:23.553Z]     112/130 Test #116: testUsdMayaGetVariantSetSelections ..............   Passed    4.33 sec
[2023-05-11T22:36:23.553Z]             Start 129: testMayaSchemas
[2023-05-11T22:36:23.672Z]     113/130 Test #115: testUsdImportNestedAssemblyAnimation ............   Passed    4.47 sec
[2023-05-11T22:36:23.672Z]             Start 130: TestAdditionalTranslators
[2023-05-11T22:36:23.813Z]     114/130 Test #114: testUsdImportAsAssemblies .......................   Passed    4.67 sec
[2023-05-11T22:36:23.813Z]             Start 131: TestPxrUsdTranslators
[2023-05-11T22:36:23.813Z]     115/130 Test #129: testMayaSchemas .................................   Passed    0.25 sec
[2023-05-11T22:36:23.813Z]     116/130 Test #112: testUsdExportPackage ............................   Passed    4.88 sec
[2023-05-11T22:36:24.131Z]     117/130 Test #118: testUsdMayaReferenceAssemblyEdits ...............   Passed    4.03 sec
[2023-05-11T22:36:24.251Z]     118/130 Test #128: TestALUSDMayaPython_ImportModule ................   Passed    1.07 sec
[2023-05-11T22:36:24.573Z]     119/130 Test #121: AL_MayaUtilsTests ...............................   Passed    3.63 sec
[2023-05-11T22:36:24.896Z]     120/130 Test #120: testPxrUsdAlembicChaser .........................   Passed    4.70 sec
[2023-05-11T22:36:24.896Z]     121/130 Test #119: testUsdReferenceAssemblyChangeRepresentations ...   Passed    4.78 sec
[2023-05-11T22:36:25.315Z]     122/130 Test #117: testUsdMayaModelKindProcessor ...................   Passed    5.28 sec
[2023-05-11T22:36:25.838Z]     123/130 Test #125: TestALUSDMayaPython_ProxyShape ..................   Passed    3.82 sec
[2023-05-11T22:36:26.459Z]     124/130 Test #126: TestALUSDMayaPython_Translators .................   Passed    4.34 sec
[2023-05-11T22:36:26.878Z]     125/130 Test #127: TestALUSDMayaPython_LayerManager ................   Passed    3.72 sec
[2023-05-11T22:36:27.299Z]     126/130 Test #131: TestPxrUsdTranslators ...........................   Passed    3.54 sec
[2023-05-11T22:36:29.039Z]     127/130 Test #130: TestAdditionalTranslators .......................***Failed    5.38 sec
[2023-05-11T22:36:29.039Z]     MAYA_DEBUG_NO_SAVE_ON_CRASH is set.
[2023-05-11T22:36:29.039Z]     testDirectionalLight_PluginIsFunctional (testTranslators.TestTranslator) ... ok
[2023-05-11T22:36:29.039Z]     testDirectionalLight_TranslateRoundTrip (testTranslators.TestTranslator) ... ok
[2023-05-11T22:36:29.039Z]     testDirectionalLight_TranslatorExists (testTranslators.TestTranslator) ... ok
[2023-05-11T22:36:29.039Z]     testFrameRange_FallbackIsFunctional (testTranslators.TestTranslator) ... ok
[2023-05-11T22:36:29.039Z]     testFrameRange_NoImpactIfNoFrameRange (testTranslators.TestTranslator) ... ok
[2023-05-11T22:36:29.039Z]     testFrameRange_OnlyCurrentFrame (testTranslators.TestTranslator) ... ok
[2023-05-11T22:36:29.039Z]     testFrameRange_PluginIsFunctional (testTranslators.TestTranslator) ... ok
[2023-05-11T22:36:29.039Z]     testFrameRange_TranslatorExists (testTranslators.TestTranslator) ... ok
[2023-05-11T22:36:29.039Z]     testMayaReference_PluginIsFunctional (testTranslators.TestTranslator) ... File read in  0.39 seconds.
[2023-05-11T22:36:29.039Z]     File read in  0.01 seconds.
[2023-05-11T22:36:29.039Z]     Warning: line 1: The namespace name '/test_cubeWithDefaultNamespace' contains illegal characters.  Truncating to 'test_cubeWithDefaultNamespace'.
[2023-05-11T22:36:29.039Z]     File read in  0.011 seconds.
[2023-05-11T22:36:29.039Z]     ok
[2023-05-11T22:36:29.039Z]     testMayaReference_RefKeepsRefEdits (testTranslators.TestTranslator)
[2023-05-11T22:36:29.039Z]     Tests that, even if the MayaReference is swapped for a pure-usda representation, refedits are preserved ... File read in  0.011 seconds.
[2023-05-11T22:36:29.039Z]     File read in  0.012 seconds.
[2023-05-11T22:36:29.039Z]     ok
[2023-05-11T22:36:29.039Z]     testMayaReference_RefLoading (testTranslators.TestTranslator)
[2023-05-11T22:36:29.039Z]     Test that Maya References are only loaded when they need to be. ... File read in  0.01 seconds.
[2023-05-11T22:36:29.039Z]     File read in  0.01 seconds.
[2023-05-11T22:36:29.039Z]     File read in  0.011 seconds.
[2023-05-11T22:36:29.039Z]     ok
[2023-05-11T22:36:29.039Z]     testMayaReference_SurvivesHierarchyChanges (testTranslators.TestTranslator) ... File read in  0.011 seconds.
[2023-05-11T22:36:29.039Z]     File read in  0.01 seconds.
[2023-05-11T22:36:29.039Z]     ok
[2023-05-11T22:36:29.039Z]     testMayaReference_TranslatorExists (testTranslators.TestTranslator) ... ok
[2023-05-11T22:36:29.039Z]     testMayaReference_TranslatorImport (testTranslators.TestTranslator) ... File read in  0.011 seconds.
[2023-05-11T22:36:29.039Z]     File read in  0.011 seconds.
[2023-05-11T22:36:29.039Z]     Warning: line 1: The namespace name '/test_cubeWithDefaultNamespace' contains illegal characters.  Truncating to 'test_cubeWithDefaultNamespace'.
[2023-05-11T22:36:29.039Z]     File read in  0.011 seconds.
[2023-05-11T22:36:29.039Z]     ok
[2023-05-11T22:36:29.039Z]     testMeshTranslator_multipleTranslations (testTranslators.TestTranslator) ... ok
[2023-05-11T22:36:29.039Z]     testMeshTranslator_variantswitch (testTranslators.TestTranslator) ... ok
[2023-05-11T22:36:29.039Z]     testMesh_PretearDownEditTargetWrite (testTranslators.TestTranslator) ... ok
[2023-05-11T22:36:29.039Z]     testMesh_TranslateOff (testTranslators.TestTranslator) ... ok
[2023-05-11T22:36:29.039Z]     testMesh_TranslateRoundTrip (testTranslators.TestTranslator) ... ok
[2023-05-11T22:36:29.039Z]     testMesh_TranslatorExists (testTranslators.TestTranslator) ... ok
[2023-05-11T22:36:29.039Z]     testMesh_testTranslateOn (testTranslators.TestTranslator) ... ok
[2023-05-11T22:36:29.039Z]     testMultipleColorSetsExportImport (testTranslators.TestTranslator)
[2023-05-11T22:36:29.039Z]     Testing static export/import multiple color sets ... ('tempFile ', 'w:\\build\\relwithdebinfo\\test\\temporary\\testadditionaltranslators\\test_MeshTranslator_vmr_fq.usda')
[2023-05-11T22:36:29.039Z]     ('tempFile ', 'w:\\build\\relwithdebinfo\\test\\temporary\\testadditionaltranslators\\test_MeshTranslator_kbpgsr.usda')
[2023-05-11T22:36:29.039Z]     ('tempFile ', 'w:\\build\\relwithdebinfo\\test\\temporary\\testadditionaltranslators\\test_MeshTranslator_0xw1uv.usda')
[2023-05-11T22:36:29.039Z]     Breakdown for file: w:/build/relwithdebinfo/test/temporary/testadditionaltranslators/tempTestMultiColorSetsExportyop4x5.usda
[2023-05-11T22:36:29.039Z]     
[2023-05-11T22:36:29.039Z]     File read in  0.0097 seconds.
[2023-05-11T22:36:29.039Z]     ok
[2023-05-11T22:36:29.039Z]     testNurbsCurve_PretearDownEditTargetWrite (testTranslators.TestTranslator) ... circle -c 0 0 0 -nr 0 1 0 -sw 360 -r 1 -d 3 -ut 0 -tol 0 -s 8 -ch 1; objectMoveCommand;
[2023-05-11T22:36:29.039Z]     ok
[2023-05-11T22:36:29.039Z]     testNurbsCurve_TranslateOff (testTranslators.TestTranslator) ... circle -c 0 0 0 -nr 0 1 0 -sw 360 -r 1 -d 3 -ut 0 -tol 0 -s 8 -ch 1; objectMoveCommand;
[2023-05-11T22:36:29.039Z]     ok
[2023-05-11T22:36:29.039Z]     testNurbsCurve_TranslateRoundTrip (testTranslators.TestTranslator) ... circle -c 0 0 0 -nr 0 1 0 -sw 360 -r 1 -d 3 -ut 0 -tol 0 -s 8 -ch 1; objectMoveCommand;
[2023-05-11T22:36:29.039Z]     ok
[2023-05-11T22:36:29.039Z]     testNurbsCurve_TranslatorExists (testTranslators.TestTranslator) ... ok
[2023-05-11T22:36:29.039Z]     testNurbsCurve_curve_width_double_export (testTranslators.TestTranslator) ... circle -c 0 0 0 -nr 0 1 0 -sw 360 -r 1 -d 3 -ut 0 -tol 0 -s 8 -ch 1; objectMoveCommand;
[2023-05-11T22:36:29.039Z]     ok
[2023-05-11T22:36:29.039Z]     testNurbsCurve_curve_width_doublearray_export (testTranslators.TestTranslator) ... circle -c 0 0 0 -nr 0 1 0 -sw 360 -r 1 -d 3 -ut 0 -tol 0 -s 8 -ch 1; objectMoveCommand;
[2023-05-11T22:36:29.039Z]     Unhandled typed attribute: nurbsCircleShape1 nurbsCurve
[2023-05-11T22:36:29.039Z]     ok
[2023-05-11T22:36:29.039Z]     testNurbsCurve_curve_width_doublearrayempty_export (testTranslators.TestTranslator) ... circle -c 0 0 0 -nr 0 1 0 -sw 360 -r 1 -d 3 -ut 0 -tol 0 -s 8 -ch 1; objectMoveCommand;
[2023-05-11T22:36:29.039Z]     Unhandled typed attribute: nurbsCircleShape1 nurbsCurve
[2023-05-11T22:36:29.039Z]     ok
[2023-05-11T22:36:29.039Z]     testNurbsCurve_curve_width_float_export (testTranslators.TestTranslator) ... circle -c 0 0 0 -nr 0 1 0 -sw 360 -r 1 -d 3 -ut 0 -tol 0 -s 8 -ch 1; objectMoveCommand;
[2023-05-11T22:36:29.039Z]     ok
[2023-05-11T22:36:29.039Z]     testNurbsCurve_curve_width_floatarray_export (testTranslators.TestTranslator) ... circle -c 0 0 0 -nr 0 1 0 -sw 360 -r 1 -d 3 -ut 0 -tol 0 -s 8 -ch 1; objectMoveCommand;
[2023-05-11T22:36:29.039Z]     Unhandled typed attribute: nurbsCircleShape1 nurbsCurve
[2023-05-11T22:36:29.039Z]     ok
[2023-05-11T22:36:29.039Z]     testNurbsCurve_curve_width_floatarrayempty_export (testTranslators.TestTranslator) ... circle -c 0 0 0 -nr 0 1 0 -sw 360 -r 1 -d 3 -ut 0 -tol 0 -s 8 -ch 1; objectMoveCommand;
[2023-05-11T22:36:29.039Z]     Unhandled typed attribute: nurbsCircleShape1 nurbsCurve
[2023-05-11T22:36:29.039Z]     ok
[2023-05-11T22:36:29.039Z]     testNurbsCurve_curve_width_none_export (testTranslators.TestTranslator) ... circle -c 0 0 0 -nr 0 1 0 -sw 360 -r 1 -d 3 -ut 0 -tol 0 -s 8 -ch 1; objectMoveCommand;
[2023-05-11T22:36:29.039Z]     ok
[2023-05-11T22:36:29.039Z]     testNurbsCurve_testTranslateOn (testTranslators.TestTranslator) ... circle -c 0 0 0 -nr 0 1 0 -sw 360 -r 1 -d 3 -ut 0 -tol 0 -s 8 -ch 1; objectMoveCommand;
[2023-05-11T22:36:29.039Z]     ok
[2023-05-11T22:36:29.039Z]     testTranslatedPrimDeactiveClearIssue (testTranslators.TestTranslator) ... File read in  0.012 seconds.
[2023-05-11T22:36:29.039Z]     ok
[2023-05-11T22:36:29.039Z]     testTranslatedPrimDeactiveCrashIssue (testTranslators.TestTranslator) ... File read in  0.011 seconds.
[2023-05-11T22:36:29.039Z]     ok
[2023-05-11T22:36:29.039Z]     testUSDSpecNurbsCurveExportImport (testTranslators.TestTranslator)
[2023-05-11T22:36:29.039Z]     Testing exporting maya nurbsCurves in USD's curve spec, and importing USD curve spec in Maya ... circle -c 0 0 0 -nr 0 1 0 -sw 360 -r 1 -d 3 -ut 0 -tol 0 -s 8 -ch 1; objectMoveCommand;
[2023-05-11T22:36:29.039Z]     Runtime Error: in WriteToFile at line 340 of S:\jenkins\workspace\ecg-usd-full-windows\ecg-usd-build\usd\pxr\usd\sdf\textFileFormat.cpp -- Failed to rename temporary file 'w:\build\relwithdebinfo\test\temporary\testadditionaltranslators/test_USDNurbsCurveExportImport_kvzmk8.c4rzd2' to 'w:\build\relwithdebinfo\test\temporary\testadditionaltranslators\test_USDNurbsCurveExportImport_kvzmk8.usda': Access is denied.
[2023-05-11T22:36:29.039Z]     
[2023-05-11T22:36:29.039Z]     ERROR
[2023-05-11T22:36:29.039Z]     
[2023-05-11T22:36:29.039Z]     ======================================================================
[2023-05-11T22:36:29.039Z]     ERROR: testUSDSpecNurbsCurveExportImport (testTranslators.TestTranslator)
[2023-05-11T22:36:29.039Z]     Testing exporting maya nurbsCurves in USD's curve spec, and importing USD curve spec in Maya
[2023-05-11T22:36:29.039Z]     ----------------------------------------------------------------------
[2023-05-11T22:36:29.039Z]     Traceback (most recent call last):
[2023-05-11T22:36:29.039Z]       File "S:\jenkins\workspace\ECP\ecg-maya-usd\ecg-mayausd-branch-preflight-2019-no-ufe-windows\ecg-maya-usd\maya-usd\plugin\al\translators\tests\testTranslators.py", line 836, in testUSDSpecNurbsCurveExportImport
[2023-05-11T22:36:29.039Z]         stage = Usd.Stage.Open(tempFile.name)
[2023-05-11T22:36:29.039Z]     ErrorException:
[2023-05-11T22:36:29.039Z]     	Error in 'pxrInternal_v0_21__pxrReserved__::ArFilesystemAsset::Read' at line 83 in file S:\jenkins\workspace\ecg-usd-full-windows\ecg-usd-build\usd\pxr\usd\ar\filesystemAsset.cpp : 'Error occurred reading file: No such file or directory'
[2023-05-11T22:36:29.039Z]     	Error in 'pxrInternal_v0_21__pxrReserved__::SdfTextFileFormat::Read' at line 167 in file S:\jenkins\workspace\ecg-usd-full-windows\ecg-usd-build\usd\pxr\usd\sdf\textFileFormat.cpp : '<w:\build\relwithdebinfo\test\temporary\testadditionaltranslators\test_USDNurbsCurveExportImport_kvzmk8.usda> is not a valid usda layer'
[2023-05-11T22:36:29.039Z]     	Error in 'pxrInternal_v0_21__pxrReserved__::UsdStage::Open' at line 853 in file S:\jenkins\workspace\ecg-usd-full-windows\ecg-usd-build\usd\pxr\usd\usd\stage.cpp : 'Failed to open layer @w:\build\relwithdebinfo\test\temporary\testadditionaltranslators\test_USDNurbsCurveExportImport_kvzmk8.usda@'
[2023-05-11T22:36:29.039Z]     
[2023-05-11T22:36:29.039Z]     ----------------------------------------------------------------------
[2023-05-11T22:36:29.039Z]     Ran 37 tests in 1.417s
[2023-05-11T22:36:29.039Z]     
[2023-05-11T22:36:29.039Z]     FAILED (errors=1)
[2023-05-11T22:36:29.039Z]     Warning: Plug-in, "AL_USDMayaPlugin.mll", is already loaded.  Skipped.
[2023-05-11T22:36:29.039Z]     ........File read in  0.011 seconds.
[2023-05-11T22:36:29.039Z]     File read in  0.012 seconds.
[2023-05-11T22:36:29.039Z]     Warning: line 1: The namespace name '/test_cubeWithDefaultNamespace' contains illegal characters.  Truncating to 'test_cubeWithDefaultNamespace'.
[2023-05-11T22:36:29.039Z]     File read in  0.012 seconds.
[2023-05-11T22:36:29.039Z]     .File read in  0.01 seconds.
[2023-05-11T22:36:29.039Z]     File read in  0.011 seconds.
[2023-05-11T22:36:29.039Z]     .File read in  0.012 seconds.
[2023-05-11T22:36:29.039Z]     File read in  0.011 seconds.
[2023-05-11T22:36:29.039Z]     File read in  0.01 seconds.
[2023-05-11T22:36:29.039Z]     .File read in  0.011 seconds.
[2023-05-11T22:36:29.039Z]     File read in  0.01 seconds.
[2023-05-11T22:36:29.039Z]     ..File read in  0.011 seconds.
[2023-05-11T22:36:29.039Z]     File read in  0.01 seconds.
[2023-05-11T22:36:29.039Z]     Warning: line 1: The namespace name '/test_cubeWithDefaultNamespace' contains illegal characters.  Truncating to 'test_cubeWithDefaultNamespace'.
[2023-05-11T22:36:29.039Z]     File read in  0.0099 seconds.
[2023-05-11T22:36:29.039Z]     ........('tempFile ', 'w:\\build\\relwithdebinfo\\test\\temporary\\testadditionaltranslators\\test_MeshTranslator_t3uuqy.usda')
[2023-05-11T22:36:29.039Z]     ('tempFile ', 'w:\\build\\relwithdebinfo\\test\\temporary\\testadditionaltranslators\\test_MeshTranslator_zk4jf9.usda')
[2023-05-11T22:36:29.039Z]     ('tempFile ', 'w:\\build\\relwithdebinfo\\test\\temporary\\testadditionaltranslators\\test_MeshTranslator_fyllha.usda')
[2023-05-11T22:36:29.039Z]     Breakdown for file: w:/build/relwithdebinfo/test/temporary/testadditionaltranslators/tempTestMultiColorSetsExportfuojaf.usda
[2023-05-11T22:36:29.039Z]     
[2023-05-11T22:36:29.039Z]     File read in  0.011 seconds.
[2023-05-11T22:36:29.039Z]     .circle -c 0 0 0 -nr 0 1 0 -sw 360 -r 1 -d 3 -ut 0 -tol 0 -s 8 -ch 1; objectMoveCommand;
[2023-05-11T22:36:29.039Z]     .circle -c 0 0 0 -nr 0 1 0 -sw 360 -r 1 -d 3 -ut 0 -tol 0 -s 8 -ch 1; objectMoveCommand;
[2023-05-11T22:36:29.039Z]     .circle -c 0 0 0 -nr 0 1 0 -sw 360 -r 1 -d 3 -ut 0 -tol 0 -s 8 -ch 1; objectMoveCommand;
[2023-05-11T22:36:29.039Z]     ..circle -c 0 0 0 -nr 0 1 0 -sw 360 -r 1 -d 3 -ut 0 -tol 0 -s 8 -ch 1; objectMoveCommand;
[2023-05-11T22:36:29.039Z]     .circle -c 0 0 0 -nr 0 1 0 -sw 360 -r 1 -d 3 -ut 0 -tol 0 -s 8 -ch 1; objectMoveCommand;
[2023-05-11T22:36:29.039Z]     Unhandled typed attribute: nurbsCircleShape1 nurbsCurve
[2023-05-11T22:36:29.039Z]     .circle -c 0 0 0 -nr 0 1 0 -sw 360 -r 1 -d 3 -ut 0 -tol 0 -s 8 -ch 1; objectMoveCommand;
[2023-05-11T22:36:29.039Z]     Unhandled typed attribute: nurbsCircleShape1 nurbsCurve
[2023-05-11T22:36:29.039Z]     .circle -c 0 0 0 -nr 0 1 0 -sw 360 -r 1 -d 3 -ut 0 -tol 0 -s 8 -ch 1; objectMoveCommand;
[2023-05-11T22:36:29.039Z]     .circle -c 0 0 0 -nr 0 1 0 -sw 360 -r 1 -d 3 -ut 0 -tol 0 -s 8 -ch 1; objectMoveCommand;
[2023-05-11T22:36:29.039Z]     Unhandled typed attribute: nurbsCircleShape1 nurbsCurve
[2023-05-11T22:36:29.039Z]     .circle -c 0 0 0 -nr 0 1 0 -sw 360 -r 1 -d 3 -ut 0 -tol 0 -s 8 -ch 1; objectMoveCommand;
[2023-05-11T22:36:29.039Z]     Unhandled typed attribute: nurbsCircleShape1 nurbsCurve
[2023-05-11T22:36:29.039Z]     .circle -c 0 0 0 -nr 0 1 0 -sw 360 -r 1 -d 3 -ut 0 -tol 0 -s 8 -ch 1; objectMoveCommand;
[2023-05-11T22:36:29.039Z]     .circle -c 0 0 0 -nr 0 1 0 -sw 360 -r 1 -d 3 -ut 0 -tol 0 -s 8 -ch 1; objectMoveCommand;
[2023-05-11T22:36:29.039Z]     .File read in  0.013 seconds.
[2023-05-11T22:36:29.039Z]     .File read in  0.011 seconds.
[2023-05-11T22:36:29.039Z]     .circle -c 0 0 0 -nr 0 1 0 -sw 360 -r 1 -d 3 -ut 0 -tol 0 -s 8 -ch 1; objectMoveCommand;
[2023-05-11T22:36:29.039Z]     Runtime Error: in WriteToFile at line 340 of S:\jenkins\workspace\ecg-usd-full-windows\ecg-usd-build\usd\pxr\usd\sdf\textFileFormat.cpp -- Failed to rename temporary file 'w:\build\relwithdebinfo\test\temporary\testadditionaltranslators/test_USDNurbsCurveExportImport_jlt5ie.dim4je' to 'w:\build\relwithdebinfo\test\temporary\testadditionaltranslators\test_USDNurbsCurveExportImport_jlt5ie.usda': Access is denied.
[2023-05-11T22:36:29.039Z]     
[2023-05-11T22:36:29.039Z]     E
[2023-05-11T22:36:29.039Z]     ======================================================================
[2023-05-11T22:36:29.039Z]     ERROR: testUSDSpecNurbsCurveExportImport (testTranslators.TestTranslator)
[2023-05-11T22:36:29.039Z]     Testing exporting maya nurbsCurves in USD's curve spec, and importing USD curve spec in Maya
[2023-05-11T22:36:29.039Z]     ----------------------------------------------------------------------
[2023-05-11T22:36:29.039Z]     Traceback (most recent call last):
[2023-05-11T22:36:29.039Z]       File "S:\jenkins\workspace\ECP\ecg-maya-usd\ecg-mayausd-branch-preflight-2019-no-ufe-windows\ecg-maya-usd\maya-usd\plugin\al\translators\tests\testTranslators.py", line 836, in testUSDSpecNurbsCurveExportImport
[2023-05-11T22:36:29.039Z]         stage = Usd.Stage.Open(tempFile.name)
[2023-05-11T22:36:29.039Z]     ErrorException:
[2023-05-11T22:36:29.039Z]     	Error in 'pxrInternal_v0_21__pxrReserved__::ArFilesystemAsset::Read' at line 83 in file S:\jenkins\workspace\ecg-usd-full-windows\ecg-usd-build\usd\pxr\usd\ar\filesystemAsset.cpp : 'Error occurred reading file: No such file or directory'
[2023-05-11T22:36:29.039Z]     	Error in 'pxrInternal_v0_21__pxrReserved__::SdfTextFileFormat::Read' at line 167 in file S:\jenkins\workspace\ecg-usd-full-windows\ecg-usd-build\usd\pxr\usd\sdf\textFileFormat.cpp : '<w:\build\relwithdebinfo\test\temporary\testadditionaltranslators\test_USDNurbsCurveExportImport_jlt5ie.usda> is not a valid usda layer'
[2023-05-11T22:36:29.039Z]     	Error in 'pxrInternal_v0_21__pxrReserved__::UsdStage::Open' at line 853 in file S:\jenkins\workspace\ecg-usd-full-windows\ecg-usd-build\usd\pxr\usd\usd\stage.cpp : 'Failed to open layer @w:\build\relwithdebinfo\test\temporary\testadditionaltranslators\test_USDNurbsCurveExportImport_jlt5ie.usda@'
[2023-05-11T22:36:29.039Z]     
[2023-05-11T22:36:29.039Z]     ----------------------------------------------------------------------
[2023-05-11T22:36:29.039Z]     Ran 37 tests in 0.825s
[2023-05-11T22:36:29.039Z]     
[2023-05-11T22:36:29.039Z]     FAILED (errors=1)
[2023-05-11T22:36:29.039Z]     
[2023-05-11T22:36:41.923Z]     128/130 Test #124: AL_USDMayaTestPlugin ............................   Passed   20.39 sec
[2023-05-11T22:36:48.123Z]     129/130 Test #113: testUsdExportPointInstancer .....................   Passed   29.05 sec
[2023-05-11T22:37:22.775Z]     130/130 Test  #87: testUsdImportXforms .............................   Passed   71.40 sec
[2023-05-11T22:37:22.775Z]     
[2023-05-11T22:37:22.775Z]     99% tests passed, 1 tests failed out of 129
[2023-05-11T22:37:22.775Z]     
[2023-05-11T22:37:22.775Z]     Label Time Summary:
[2023-05-11T22:37:22.775Z]     Debugging            =   0.00 sec*proc (1 test)
[2023-05-11T22:37:22.775Z]     MayaUsd              =  26.29 sec*proc (6 tests)
[2023-05-11T22:37:22.775Z]     translators          = 441.89 sec*proc (87 tests)
[2023-05-11T22:37:22.775Z]     usdPreviewSurface    =   8.04 sec*proc (2 tests)
[2023-05-11T22:37:22.775Z]     
[2023-05-11T22:37:22.775Z]     Total Test time (real) =  90.40 sec
[2023-05-11T22:37:22.775Z]     
[2023-05-11T22:37:22.775Z]     The following tests did not run:
[2023-05-11T22:37:22.775Z]     	  7 - _Interactive_Maya (Disabled)
[2023-05-11T22:37:22.775Z]     
[2023-05-11T22:37:22.775Z]     The following tests FAILED:
[2023-05-11T22:37:22.775Z]     	130 - TestAdditionalTranslators (Failed)
[2023-05-11T22:37:22.775Z]     Errors while running CTest
[2023-05-11T22:37:22.775Z]     
[2023-05-11T22:37:22.775Z]         Building with settings:
[2023-05-11T22:37:22.775Z]           Source directory          S:\jenkins\workspace\ECP\ecg-maya-usd\ecg-mayausd-branch-preflight-2019-no-ufe-windows\ecg-maya-usd\maya-usd
[2023-05-11T22:37:22.775Z]           Workspace directory       W:\
[2023-05-11T22:37:22.775Z]           Build directory           W:\build\RelWithDebInfo
[2023-05-11T22:37:22.775Z]           Install directory         W:\install\RelWithDebInfo\MayaUSD
[2023-05-11T22:37:22.775Z]           Variant                   RelWithDebInfo
[2023-05-11T22:37:22.775Z]           Python Debug              Off
[2023-05-11T22:37:22.775Z]           CMake generator           Ninja
[2023-05-11T22:37:22.775Z]           Build arguments           ['-DCMAKE_MAKE_PROGRAM=P:/shared/Artifactory/Windows/ninja/1.9.0/c68f192/ninja.exe', '-DPYTHON_INCLUDE_DIR=P:/shared/Artifactory/Windows/rundev-2019/202003131251/runtime/155eb96/runTime/include/Python2.7', '-DPython_EXECUTABLE=P:/shared/Artifactory/Windows/rundev-2019/202003131251/runtime/155eb96/runTime/bin/mayapy.exe', '-DPYTHON_LIBRARIES=P:/shared/Artifactory/Windows/rundev-2019/202003131251/runtime/155eb96/runTime/lib/python27.lib', '-DCMAKE_WANT_UFE_BUILD=OFF', '-DUSD_LIB_PREFIX=', '-DBUILD_HDMAYA=OFF']
[2023-05-11T22:37:22.775Z]           Stages arguments          ['test']
[2023-05-11T22:37:22.775Z]           CTest arguments           ['-E testUsdReferenceAssemblySelection|testUsdMayaAppDir', '-LE interactive', '--parallel 16']
[2023-05-11T22:37:22.775Z]     #####################################################################################
[2023-05-11T22:37:22.775Z]     log date: 2023-05-11 15:35
[2023-05-11T22:37:22.775Z]     commit sha: 1c9914822f990a83873c63436e86d5b15dfdb5e3
[2023-05-11T22:37:22.775Z]     commit date: Thu May 11 15:30:07 2023 -0700
[2023-05-11T22:37:22.775Z]     #####################################################################################
[2023-05-11T22:37:22.775Z]     
[2023-05-11T22:37:22.775Z]     cmake --build . --config RelWithDebInfo --target install -- -j16
[2023-05-11T22:37:22.775Z]     #####################################################################################
[2023-05-11T22:37:22.775Z]     log date: 2023-05-11 15:35
[2023-05-11T22:37:22.775Z]     commit sha: 1c9914822f990a83873c63436e86d5b15dfdb5e3
[2023-05-11T22:37:22.775Z]     commit date: Thu May 11 15:30:07 2023 -0700
[2023-05-11T22:37:22.775Z]     #####################################################################################
[2023-05-11T22:37:22.775Z]     
[2023-05-11T22:37:22.775Z]     ctest --output-on-failure --timeout 500 -C RelWithDebInfo -E testUsdReferenceAssemblySelection|testUsdMayaAppDir -LE interactive --parallel 16
[2023-05-11T22:37:22.775Z]     
[2023-05-11T22:37:22.775Z]     Traceback (most recent call last):
[2023-05-11T22:37:22.775Z]       File "S:\jenkins\workspace\ECP\ecg-maya-usd\ecg-mayausd-branch-preflight-2019-no-ufe-windows\ecg-maya-usd\maya-usd\build.py", line 641, in <module>
[2023-05-11T22:37:22.775Z]         RunTests(context, context.ctestArgs)
[2023-05-11T22:37:22.775Z]       File "S:\jenkins\workspace\ECP\ecg-maya-usd\ecg-mayausd-branch-preflight-2019-no-ufe-windows\ecg-maya-usd\maya-usd\build.py", line 416, in RunTests
[2023-05-11T22:37:22.775Z]         RunCTest(context,extraArgs)
[2023-05-11T22:37:22.775Z]       File "S:\jenkins\workspace\ECP\ecg-maya-usd\ecg-mayausd-branch-preflight-2019-no-ufe-windows\ecg-maya-usd\maya-usd\build.py", line 322, in RunCTest
[2023-05-11T22:37:22.775Z]         extraArgs=(" ".join(extraArgs) if extraArgs else "")))
[2023-05-11T22:37:22.775Z]       File "S:\jenkins\workspace\ECP\ecg-maya-usd\ecg-mayausd-branch-preflight-2019-no-ufe-windows\ecg-maya-usd\maya-usd\build.py", line 179, in Run
[2023-05-11T22:37:22.775Z]         .format(cmd=cmd, log=os.path.abspath(context.logFileLocation)))
[2023-05-11T22:37:22.775Z]     RuntimeError: Failed to run 'ctest --output-on-failure --timeout 500 -C RelWithDebInfo -E testUsdReferenceAssemblySelection|testUsdMayaAppDir -LE interactive --parallel 16 '
[2023-05-11T22:37:22.775Z]     See W:\build\RelWithDebInfo\build_log.txt for more details.
[2023-05-11T22:37:22.775Z] build.py: error: Command failed with error code: 1
[Pipeline] bat
[2023-05-11T22:37:23.114Z] Deleting alias drive W:
[Pipeline] bat
[2023-05-11T22:37:23.462Z] Deleting alias drive P:
[Pipeline] }
[Pipeline] // withEnv
[Pipeline] }
[Pipeline] // timeout
[Pipeline] }
[Pipeline] // stage
[Pipeline] }
[Pipeline] // timestamps
[Pipeline] emailextrecipients
Not sending mail to unregistered user ecg.jenkins@autodesk.com because your SCM claimed this was associated with a user ID ecg.jenkins' which your security realm does not recognize; you may need changes in your SCM plugin
Not sending mail to unregistered user ecg.jenkins@autodesk.com because your SCM claimed this was associated with a user ID ecg.jenkins' which your security realm does not recognize; you may need changes in your SCM plugin
[Pipeline] echo
No recipients to send notification.
[Pipeline] }
[Pipeline] // node
[Pipeline] End of Pipeline
ERROR: script returned exit code 1
[Checks API] No suitable checks publisher found.
Finished: FAILURE
