[2023-05-11T22:30:51.442Z] ================================================================================
[2023-05-11T22:30:51.442Z]                              setup (RelWithDebInfo)
[2023-05-11T22:30:51.442Z] ================================================================================
[Pipeline] bat
[2023-05-11T22:30:51.714Z] Deleting alias drive W:
[Pipeline] bat
[2023-05-11T22:30:52.002Z] Deleting alias drive P:
[Pipeline] }
[Pipeline] // withEnv
[Pipeline] }
[Pipeline] // timeout
[Pipeline] }
[Pipeline] // stage
[Pipeline] }
[Pipeline] // timestamps
[Pipeline] timestamps
[Pipeline] {
[Pipeline] stage
[Pipeline] { (Clean)
[Pipeline] timeout
[2023-05-11T22:30:52.067Z] Timeout set to expire in 6 hr 0 min
[Pipeline] {
[Pipeline] withEnv
[Pipeline] {
[Pipeline] bat
[2023-05-11T22:30:52.499Z] Creating alias drive P: to S:\jenkins\workspace
[Pipeline] bat
[2023-05-11T22:30:52.781Z] Creating alias drive W: to S:\jenkins\workspace\ECP\ecg-maya-usd\ecg-mayausd-branch-preflight-2020-windows
[Pipeline] bat
[2023-05-11T22:30:53.324Z] "C:\Program Files (x86)\Microsoft Visual Studio\2017\Professional\VC\Auxiliary\Build\vcvarsall.bat" x64
[2023-05-11T22:30:53.428Z] **********************************************************************
[2023-05-11T22:30:53.428Z] ** Visual Studio 2017 Developer Command Prompt v15.9.15
[2023-05-11T22:30:53.428Z] ** Copyright (c) 2017 Microsoft Corporation
[2023-05-11T22:30:53.428Z] **********************************************************************
[2023-05-11T22:30:54.345Z] [vcvarsall.bat] Environment initialized for: 'x64'
[2023-05-11T22:30:54.345Z] python ecg-maya-usd/build.py --stages=clean --workspace-dir=W:\ --artifactory-dir=P:\shared\Artifactory --build-dir=W:\build --install-dir=W:\install --signing-dir=W:\signing --package-dir=W:\package --output-dir=W:\output --stash-dir=W:\stash --jenkins-build=920 --git-commit=e5851046dd9c0676f14ddea2cded9d3b59b25958 --git-branch=master --variants=RelWithDebInfo --python=2.7 --post-zips=false --maya-cut-config=maya-rundev-2020.yaml --maya-package=rundev-2020 --stage-banner
[2023-05-11T22:30:55.264Z] Using Maya cut from P:\shared\Artifactory\Windows\rundev-2020\202107140359\runtime\5d64bf0
[2023-05-11T22:30:55.264Z] 
[2023-05-11T22:30:55.264Z] ================================================================================
[2023-05-11T22:30:55.264Z]                              clean (RelWithDebInfo)
[2023-05-11T22:30:55.264Z] ================================================================================
[2023-05-11T22:30:55.264Z] Maya Python RelWithDebInfo Info:
[2023-05-11T22:30:55.264Z]   mayapy executable   = P:\shared\Artifactory\Windows\rundev-2020\202107140359\runtime\5d64bf0\runTime\bin\mayapy.exe
[2023-05-11T22:30:55.264Z]   Include Folder      = P:\shared\Artifactory\Windows\rundev-2020\202107140359\runtime\5d64bf0\runTime\include\Python
[2023-05-11T22:30:55.264Z]   Library             = P:\shared\Artifactory\Windows\rundev-2020\202107140359\runtime\5d64bf0\runTime\lib\python27.lib
[2023-05-11T22:30:55.264Z]   site-package Folder = P:\shared\Artifactory\Windows\rundev-2020\202107140359\runtime\5d64bf0\runTime\Python\Lib\site-packages
[2023-05-11T22:30:55.983Z] In workdir: S:\jenkins\workspace\ECP\ecg-maya-usd\ecg-mayausd-branch-preflight-2020-windows\ecg-maya-usd\maya-usd
[2023-05-11T22:30:55.983Z] Executing: 'P:\\shared\\Artifactory\\Windows\\rundev-2020\\202107140359\\runtime\\5d64bf0\\runTime\\bin\\mayapy.exe' 'S:\\jenkins\\workspace\\ECP\\ecg-maya-usd\\ecg-mayausd-branch-preflight-2020-windows\\ecg-maya-usd\\maya-usd\\build.py' --generator Ninja --build-relwithdebug --maya-location 'P:\\shared\\Artifactory\\Windows\\rundev-2020\\202107140359\\runtime\\5d64bf0\\runTime' --devkit-location 'P:\\shared\\Artifactory\\Windows\\rundev-2020\\202107140359\\runtime\\5d64bf0\\devkitBase' --pxrusd-location 'P:\\shared\\Artifactory\\Windows\\USD\\9ab6422' --qt-location 'P:\\shared\\Artifactory\\Windows\\qt\\5.12.5\\4755980' --materialx '--build-args=-DCMAKE_MAKE_PROGRAM=P:/shared/Artifactory/Windows/ninja/1.9.0/c68f192/ninja.exe,-DPYTHON_INCLUDE_DIR=P:/shared/Artifactory/Windows/rundev-2020/202107140359/runtime/5d64bf0/runTime/include/Python,-DPython_EXECUTABLE=P:/shared/Artifactory/Windows/rundev-2020/202107140359/runtime/5d64bf0/runTime/bin/mayapy.exe,-DPYTHON_LIBRARIES=P:/shared/Artifactory/Windows/rundev-2020/202107140359/runtime/5d64bf0/runTime/lib/python27.lib,-DUSD_LIB_PREFIX=,-DBUILD_HDMAYA=OFF' '--ctest-args=-E testUsdReferenceAssemblySelection|testUsdMayaAppDir,-LE interactive,--parallel 16' --stages=clean --redirect-outstream-file=False --install-location 'W:\\install\\RelWithDebInfo\\MayaUSD' 'W:\\'
[2023-05-11T22:30:55.983Z] Modified environment variables:
[2023-05-11T22:30:55.983Z]     PATH=P:\shared\Artifactory\Windows\cmake\3.20.3\afe857a\bin;C:\Python27\lib\site-packages\pywin32_system32;C:\Program Files (x86)\Microsoft Visual Studio\2017\Professional\VC\Tools\MSVC\14.16.27023\bin\HostX64\x64;C:\Program Files (x86)\Microsoft Visual Studio\2017\Professional\Common7\IDE\VC\VCPackages;C:\Program Files (x86)\Microsoft Visual Studio\2017\Professional\Common7\IDE\CommonExtensions\Microsoft\TestWindow;C:\Program Files (x86)\Microsoft Visual Studio\2017\Professional\Common7\IDE\CommonExtensions\Microsoft\TeamFoundation\Team Explorer;C:\Program Files (x86)\Microsoft Visual Studio\2017\Professional\MSBuild\15.0\bin\Roslyn;C:\Program Files (x86)\Microsoft Visual Studio\2017\Professional\Team Tools\Performance Tools\x64;C:\Program Files (x86)\Microsoft Visual Studio\2017\Professional\Team Tools\Performance Tools;C:\Program Files (x86)\Microsoft Visual Studio\Shared\Common\VSPerfCollectionTools\\x64;C:\Program Files (x86)\Microsoft Visual Studio\Shared\Common\VSPerfCollectionTools\;C:\Program Files (x86)\Microsoft SDKs\Windows\v10.0A\bin\NETFX 4.6.1 Tools\x64\;C:\Program Files (x86)\HTML Help Workshop;C:\Program Files (x86)\Windows Kits\10\bin\10.0.18362.0\x64;C:\Program Files (x86)\Windows Kits\10\bin\x64;C:\Program Files (x86)\Microsoft Visual Studio\2017\Professional\\MSBuild\15.0\bin;C:\WINDOWS\Microsoft.NET\Framework64\v4.0.30319;C:\Program Files (x86)\Microsoft Visual Studio\2017\Professional\Common7\IDE\;C:\Program Files (x86)\Microsoft Visual Studio\2017\Professional\Common7\Tools\;C:\Python27\;C:\Python27\Scripts;C:\WINDOWS\system32;C:\WINDOWS;C:\WINDOWS\System32\Wbem;C:\WINDOWS\System32\WindowsPowerShell\v1.0\;C:\WINDOWS\System32\OpenSSH\;C:\ProgramData\chocolatey\bin;C:\Program Files (x86)\WiX Toolset v3.7\bin;C:\Program Files\dotnet\;C:\Program Files (x86)\Windows Kits\10\bin\10.0.18362.0\x64;C:\Program Files\Zulu\zulu-11\bin\;C:\Program Files (x86)\Windows Kits\10\bin\10.0.17763.0\x64;C:\Program Files (x86)\Windows Kits\10\bin\x64;C:\Program Files\Git\cmd;C:\Program Files\Git\usr\bin;C:\Program Files\Git\mingw64\bin;C:\Program Files\Git\bin;C:\Python38\;C:\Python38\Scripts;C:\StoreBoxClientWindows;C:\Program Files\Electric Cloud\ElectricCommander\bin;C:\Program Files\WinRAR;C:\Program Files\7-Zip;C:\Users\Administrator\AppData\Local\Microsoft\WindowsApps;C:\Program Files (x86)\Microsoft Visual Studio\2017\Professional\Common7\IDE\CommonExtensions\Microsoft\CMake\CMake\bin;C:\Program Files (x86)\Microsoft Visual Studio\2017\Professional\Common7\IDE\CommonExtensions\Microsoft\CMake\Ninja
[2023-05-11T22:30:56.187Z]     
[2023-05-11T22:30:56.187Z]         Building with settings:
[2023-05-11T22:30:56.187Z]           Source directory          S:\jenkins\workspace\ECP\ecg-maya-usd\ecg-mayausd-branch-preflight-2020-windows\ecg-maya-usd\maya-usd
[2023-05-11T22:30:56.187Z]           Workspace directory       W:\
[2023-05-11T22:30:56.187Z]           Build directory           W:\build\RelWithDebInfo
[2023-05-11T22:30:56.187Z]           Install directory         W:\install\RelWithDebInfo\MayaUSD
[2023-05-11T22:30:56.187Z]           Variant                   RelWithDebInfo
[2023-05-11T22:30:56.187Z]           Python Debug              Off
[2023-05-11T22:30:56.187Z]           CMake generator           Ninja
[2023-05-11T22:30:56.187Z]           Build arguments           ['-DCMAKE_MAKE_PROGRAM=P:/shared/Artifactory/Windows/ninja/1.9.0/c68f192/ninja.exe', '-DPYTHON_INCLUDE_DIR=P:/shared/Artifactory/Windows/rundev-2020/202107140359/runtime/5d64bf0/runTime/include/Python', '-DPython_EXECUTABLE=P:/shared/Artifactory/Windows/rundev-2020/202107140359/runtime/5d64bf0/runTime/bin/mayapy.exe', '-DPYTHON_LIBRARIES=P:/shared/Artifactory/Windows/rundev-2020/202107140359/runtime/5d64bf0/runTime/lib/python27.lib', '-DUSD_LIB_PREFIX=', '-DBUILD_HDMAYA=OFF']
[2023-05-11T22:30:56.187Z]           Stages arguments          ['clean']
[2023-05-11T22:30:56.187Z]           CTest arguments           ['-E testUsdReferenceAssemblySelection|testUsdMayaAppDir', '-LE interactive', '--parallel 16']
[2023-05-11T22:30:56.187Z]     Success MayaUSD build and install !!!!
[2023-05-11T22:30:56.187Z]     Elapsed time: 00:00:00
[Pipeline] bat
[2023-05-11T22:30:56.465Z] Deleting alias drive W:
[Pipeline] bat
[2023-05-11T22:30:56.750Z] Deleting alias drive P:
[Pipeline] }
[Pipeline] // withEnv
[Pipeline] }
[Pipeline] // timeout
[Pipeline] }
[Pipeline] // stage
[Pipeline] }
[Pipeline] // timestamps
[Pipeline] timestamps
[Pipeline] {
[Pipeline] stage
[Pipeline] { (Configure)
[Pipeline] timeout
[2023-05-11T22:30:56.842Z] Timeout set to expire in 6 hr 0 min
[Pipeline] {
[Pipeline] withEnv
[Pipeline] {
[Pipeline] bat
[2023-05-11T22:30:57.303Z] Creating alias drive P: to S:\jenkins\workspace
[Pipeline] bat
[2023-05-11T22:30:57.782Z] Creating alias drive W: to S:\jenkins\workspace\ECP\ecg-maya-usd\ecg-mayausd-branch-preflight-2020-windows
[Pipeline] bat
[2023-05-11T22:30:58.632Z] "C:\Program Files (x86)\Microsoft Visual Studio\2017\Professional\VC\Auxiliary\Build\vcvarsall.bat" x64
[2023-05-11T22:30:58.734Z] **********************************************************************
[2023-05-11T22:30:58.734Z] ** Visual Studio 2017 Developer Command Prompt v15.9.15
[2023-05-11T22:30:58.734Z] ** Copyright (c) 2017 Microsoft Corporation
[2023-05-11T22:30:58.734Z] **********************************************************************
[2023-05-11T22:30:59.654Z] [vcvarsall.bat] Environment initialized for: 'x64'
[2023-05-11T22:30:59.654Z] python ecg-maya-usd/build.py --stages=configure --workspace-dir=W:\ --artifactory-dir=P:\shared\Artifactory --build-dir=W:\build --install-dir=W:\install --signing-dir=W:\signing --package-dir=W:\package --output-dir=W:\output --stash-dir=W:\stash --jenkins-build=920 --git-commit=e5851046dd9c0676f14ddea2cded9d3b59b25958 --git-branch=master --variants=RelWithDebInfo --python=2.7 --post-zips=false --maya-cut-config=maya-rundev-2020.yaml --maya-package=rundev-2020 --stage-banner
[2023-05-11T22:31:00.578Z] Using Maya cut from P:\shared\Artifactory\Windows\rundev-2020\202107140359\runtime\5d64bf0
[2023-05-11T22:31:00.578Z] 
[2023-05-11T22:31:00.578Z] ================================================================================
[2023-05-11T22:31:00.578Z]                            configure (RelWithDebInfo)
[2023-05-11T22:31:00.578Z] ================================================================================
[2023-05-11T22:31:00.578Z] Maya Python RelWithDebInfo Info:
[2023-05-11T22:31:00.578Z]   mayapy executable   = P:\shared\Artifactory\Windows\rundev-2020\202107140359\runtime\5d64bf0\runTime\bin\mayapy.exe
[2023-05-11T22:31:00.578Z]   Include Folder      = P:\shared\Artifactory\Windows\rundev-2020\202107140359\runtime\5d64bf0\runTime\include\Python
[2023-05-11T22:31:00.578Z]   Library             = P:\shared\Artifactory\Windows\rundev-2020\202107140359\runtime\5d64bf0\runTime\lib\python27.lib
[2023-05-11T22:31:00.578Z]   site-package Folder = P:\shared\Artifactory\Windows\rundev-2020\202107140359\runtime\5d64bf0\runTime\Python\Lib\site-packages
[2023-05-11T22:31:01.298Z] In workdir: S:\jenkins\workspace\ECP\ecg-maya-usd\ecg-mayausd-branch-preflight-2020-windows\ecg-maya-usd\maya-usd
[2023-05-11T22:31:01.298Z] Executing: 'P:\\shared\\Artifactory\\Windows\\rundev-2020\\202107140359\\runtime\\5d64bf0\\runTime\\bin\\mayapy.exe' 'S:\\jenkins\\workspace\\ECP\\ecg-maya-usd\\ecg-mayausd-branch-preflight-2020-windows\\ecg-maya-usd\\maya-usd\\build.py' --generator Ninja --build-relwithdebug --maya-location 'P:\\shared\\Artifactory\\Windows\\rundev-2020\\202107140359\\runtime\\5d64bf0\\runTime' --devkit-location 'P:\\shared\\Artifactory\\Windows\\rundev-2020\\202107140359\\runtime\\5d64bf0\\devkitBase' --pxrusd-location 'P:\\shared\\Artifactory\\Windows\\USD\\9ab6422' --qt-location 'P:\\shared\\Artifactory\\Windows\\qt\\5.12.5\\4755980' --materialx '--build-args=-DCMAKE_MAKE_PROGRAM=P:/shared/Artifactory/Windows/ninja/1.9.0/c68f192/ninja.exe,-DPYTHON_INCLUDE_DIR=P:/shared/Artifactory/Windows/rundev-2020/202107140359/runtime/5d64bf0/runTime/include/Python,-DPython_EXECUTABLE=P:/shared/Artifactory/Windows/rundev-2020/202107140359/runtime/5d64bf0/runTime/bin/mayapy.exe,-DPYTHON_LIBRARIES=P:/shared/Artifactory/Windows/rundev-2020/202107140359/runtime/5d64bf0/runTime/lib/python27.lib,-DUSD_LIB_PREFIX=,-DBUILD_HDMAYA=OFF' '--ctest-args=-E testUsdReferenceAssemblySelection|testUsdMayaAppDir,-LE interactive,--parallel 16' --stages=configure --redirect-outstream-file=False --install-location 'W:\\install\\RelWithDebInfo\\MayaUSD' 'W:\\'
[2023-05-11T22:31:01.298Z] Modified environment variables:
[2023-05-11T22:31:01.298Z]     PATH=P:\shared\Artifactory\Windows\cmake\3.20.3\afe857a\bin;C:\Python27\lib\site-packages\pywin32_system32;C:\Program Files (x86)\Microsoft Visual Studio\2017\Professional\VC\Tools\MSVC\14.16.27023\bin\HostX64\x64;C:\Program Files (x86)\Microsoft Visual Studio\2017\Professional\Common7\IDE\VC\VCPackages;C:\Program Files (x86)\Microsoft Visual Studio\2017\Professional\Common7\IDE\CommonExtensions\Microsoft\TestWindow;C:\Program Files (x86)\Microsoft Visual Studio\2017\Professional\Common7\IDE\CommonExtensions\Microsoft\TeamFoundation\Team Explorer;C:\Program Files (x86)\Microsoft Visual Studio\2017\Professional\MSBuild\15.0\bin\Roslyn;C:\Program Files (x86)\Microsoft Visual Studio\2017\Professional\Team Tools\Performance Tools\x64;C:\Program Files (x86)\Microsoft Visual Studio\2017\Professional\Team Tools\Performance Tools;C:\Program Files (x86)\Microsoft Visual Studio\Shared\Common\VSPerfCollectionTools\\x64;C:\Program Files (x86)\Microsoft Visual Studio\Shared\Common\VSPerfCollectionTools\;C:\Program Files (x86)\Microsoft SDKs\Windows\v10.0A\bin\NETFX 4.6.1 Tools\x64\;C:\Program Files (x86)\HTML Help Workshop;C:\Program Files (x86)\Windows Kits\10\bin\10.0.18362.0\x64;C:\Program Files (x86)\Windows Kits\10\bin\x64;C:\Program Files (x86)\Microsoft Visual Studio\2017\Professional\\MSBuild\15.0\bin;C:\WINDOWS\Microsoft.NET\Framework64\v4.0.30319;C:\Program Files (x86)\Microsoft Visual Studio\2017\Professional\Common7\IDE\;C:\Program Files (x86)\Microsoft Visual Studio\2017\Professional\Common7\Tools\;C:\Python27\;C:\Python27\Scripts;C:\WINDOWS\system32;C:\WINDOWS;C:\WINDOWS\System32\Wbem;C:\WINDOWS\System32\WindowsPowerShell\v1.0\;C:\WINDOWS\System32\OpenSSH\;C:\ProgramData\chocolatey\bin;C:\Program Files (x86)\WiX Toolset v3.7\bin;C:\Program Files\dotnet\;C:\Program Files (x86)\Windows Kits\10\bin\10.0.18362.0\x64;C:\Program Files\Zulu\zulu-11\bin\;C:\Program Files (x86)\Windows Kits\10\bin\10.0.17763.0\x64;C:\Program Files (x86)\Windows Kits\10\bin\x64;C:\Program Files\Git\cmd;C:\Program Files\Git\usr\bin;C:\Program Files\Git\mingw64\bin;C:\Program Files\Git\bin;C:\Python38\;C:\Python38\Scripts;C:\StoreBoxClientWindows;C:\Program Files\Electric Cloud\ElectricCommander\bin;C:\Program Files\WinRAR;C:\Program Files\7-Zip;C:\Users\Administrator\AppData\Local\Microsoft\WindowsApps;C:\Program Files (x86)\Microsoft Visual Studio\2017\Professional\Common7\IDE\CommonExtensions\Microsoft\CMake\CMake\bin;C:\Program Files (x86)\Microsoft Visual Studio\2017\Professional\Common7\IDE\CommonExtensions\Microsoft\CMake\Ninja
[2023-05-11T22:31:02.017Z]     -- The C compiler identification is MSVC 19.16.27032.1
[2023-05-11T22:31:02.229Z]     -- The CXX compiler identification is MSVC 19.16.27032.1
[2023-05-11T22:31:02.229Z]     -- Detecting C compiler ABI info
[2023-05-11T22:31:03.051Z]     -- Detecting C compiler ABI info - done
[2023-05-11T22:31:03.051Z]     -- Check for working C compiler: C:/Program Files (x86)/Microsoft Visual Studio/2017/Professional/VC/Tools/MSVC/14.16.27023/bin/Hostx64/x64/cl.exe - skipped
[2023-05-11T22:31:03.161Z]     -- Detecting C compile features
[2023-05-11T22:31:03.161Z]     -- Detecting C compile features - done
[2023-05-11T22:31:03.161Z]     -- Detecting CXX compiler ABI info
[2023-05-11T22:31:03.681Z]     -- Detecting CXX compiler ABI info - done
[2023-05-11T22:31:03.681Z]     -- Check for working CXX compiler: C:/Program Files (x86)/Microsoft Visual Studio/2017/Professional/VC/Tools/MSVC/14.16.27023/bin/Hostx64/x64/cl.exe - skipped
[2023-05-11T22:31:03.681Z]     -- Detecting CXX compile features
[2023-05-11T22:31:03.681Z]     -- Detecting CXX compile features - done
[2023-05-11T22:31:03.800Z]     -- Using Maya Light API Version 1
[2023-05-11T22:31:03.800Z]     -- Maya array iterator has difference_type trait
[2023-05-11T22:31:03.800Z]     -- Found Maya: P:/shared/Artifactory/Windows/rundev-2020/202107140359/runtime/5d64bf0/runTime/bin/maya.exe (found suitable version "2020", minimum required is "2018")
[2023-05-11T22:31:04.318Z]     -- Found Python: P:/shared/Artifactory/Windows/rundev-2020/202107140359/runtime/5d64bf0/runTime/bin/mayapy.exe (found suitable exact version "2.7.11") found components: Interpreter
[2023-05-11T22:31:04.318Z]     -- Build MayaUSD with Python3 = OFF
[2023-05-11T22:31:04.318Z]     --    PYTHON_INCLUDE_DIRS = P:/shared/Artifactory/Windows/rundev-2020/202107140359/runtime/5d64bf0/runTime/include/Python
[2023-05-11T22:31:04.318Z]     --    PYTHON_LIBRARIES    = P:/shared/Artifactory/Windows/rundev-2020/202107140359/runtime/5d64bf0/runTime/lib/python27.lib
[2023-05-11T22:31:04.318Z]     --    Python_EXECUTABLE   = P:/shared/Artifactory/Windows/rundev-2020/202107140359/runtime/5d64bf0/runTime/bin/mayapy.exe
[2023-05-11T22:31:04.635Z]     -- USD v0.21.11 has security patches.
[2023-05-11T22:31:04.635Z]     -- USD include dir: P:/shared/Artifactory/Windows/USD/9ab6422/include
[2023-05-11T22:31:04.635Z]     -- USD library dir: P:/shared/Artifactory/Windows/USD/9ab6422/lib
[2023-05-11T22:31:04.635Z]     -- USD version: 0.21.11
[2023-05-11T22:31:04.635Z]     -- Autodesk USD version: 0.21.11-ad1
[2023-05-11T22:31:04.635Z]     -- USD Boost::boost version: 107000
[2023-05-11T22:31:04.635Z]     -- Found USD: P:/shared/Artifactory/Windows/USD/9ab6422 (found suitable version "0.21.11", minimum required is "0.20.05")
[2023-05-11T22:31:04.635Z]     Updated PYTHONPATH: P:\shared\Artifactory\Windows\USD\9ab6422\lib\python
[2023-05-11T22:31:04.635Z]     Updated PATH: P:\shared\Artifactory\Windows\rundev-2020\202107140359\runtime\5d64bf0\runTime\bin;P:\shared\Artifactory\Windows\cmake\3.20.3\afe857a\bin;C:\Python27\lib\site-packages\pywin32_system32;C:\Program Files (x86)\Microsoft Visual Studio\2017\Professional\VC\Tools\MSVC\14.16.27023\bin\HostX64\x64;C:\Program Files (x86)\Microsoft Visual Studio\2017\Professional\Common7\IDE\VC\VCPackages;C:\Program Files (x86)\Microsoft Visual Studio\2017\Professional\Common7\IDE\CommonExtensions\Microsoft\TestWindow;C:\Program Files (x86)\Microsoft Visual Studio\2017\Professional\Common7\IDE\CommonExtensions\Microsoft\TeamFoundation\Team Explorer;C:\Program Files (x86)\Microsoft Visual Studio\2017\Professional\MSBuild\15.0\bin\Roslyn;C:\Program Files (x86)\Microsoft Visual Studio\2017\Professional\Team Tools\Performance Tools\x64;C:\Program Files (x86)\Microsoft Visual Studio\2017\Professional\Team Tools\Performance Tools;C:\Program Files (x86)\Microsoft Visual Studio\Shared\Common\VSPerfCollectionTools\\x64;C:\Program Files (x86)\Microsoft Visual Studio\Shared\Common\VSPerfCollectionTools\;C:\Program Files (x86)\Microsoft SDKs\Windows\v10.0A\bin\NETFX 4.6.1 Tools\x64\;C:\Program Files (x86)\HTML Help Workshop;C:\Program Files (x86)\Windows Kits\10\bin\10.0.18362.0\x64;C:\Program Files (x86)\Windows Kits\10\bin\x64;C:\Program Files (x86)\Microsoft Visual Studio\2017\Professional\\MSBuild\15.0\bin;C:\WINDOWS\Microsoft.NET\Framework64\v4.0.30319;C:\Program Files (x86)\Microsoft Visual Studio\2017\Professional\Common7\IDE\;C:\Program Files (x86)\Microsoft Visual Studio\2017\Professional\Common7\Tools\;C:\Python27\;C:\Python27\Scripts;C:\WINDOWS\system32;C:\WINDOWS;C:\WINDOWS\System32\Wbem;C:\WINDOWS\System32\WindowsPowerShell\v1.0\;C:\WINDOWS\System32\OpenSSH\;C:\ProgramData\chocolatey\bin;C:\Program Files (x86)\WiX Toolset v3.7\bin;C:\Program Files\dotnet\;C:\Program Files (x86)\Windows Kits\10\bin\10.0.18362.0\x64;C:\Program Files\Zulu\zulu-11\bin\;C:\Program Files (x86)\Windows Kits\10\bin\10.0.17763.0\x64;C:\Program Files (x86)\Windows Kits\10\bin\x64;C:\Program Files\Git\cmd;C:\Program Files\Git\usr\bin;C:\Program Files\Git\mingw64\bin;C:\Program Files\Git\bin;C:\Python38\;C:\Python38\Scripts;C:\StoreBoxClientWindows;C:\Program Files\Electric Cloud\ElectricCommander\bin;C:\Program Files\WinRAR;C:\Program Files\7-Zip;C:\Users\Administrator\AppData\Local\Microsoft\WindowsApps;C:\Program Files (x86)\Microsoft Visual Studio\2017\Professional\Common7\IDE\CommonExtensions\Microsoft\CMake\CMake\bin;C:\Program Files (x86)\Microsoft Visual Studio\2017\Professional\Common7\IDE\CommonExtensions\Microsoft\CMake\Ninja;P:\shared\Artifactory\Windows\USD\9ab6422\bin;P:\shared\Artifactory\Windows\USD\9ab6422\lib
[2023-05-11T22:31:04.635Z]     -- UFE include dir: P:/shared/Artifactory/Windows/rundev-2020/202107140359/runtime/5d64bf0/devkitBase/devkit/ufe/include
[2023-05-11T22:31:04.635Z]     -- UFE library: P:/shared/Artifactory/Windows/rundev-2020/202107140359/runtime/5d64bf0/devkitBase/devkit/ufe/lib/ufe_1.lib
[2023-05-11T22:31:04.635Z]     -- UFE version: 1.0.0
[2023-05-11T22:31:04.635Z]     -- UFE preview features: ufe
[2023-05-11T22:31:04.635Z]     -- Building with UFE 1.0.0 features enabled.
[2023-05-11T22:31:04.635Z]     CMake Warning at CMakeLists.txt:148 (message):
[2023-05-11T22:31:04.635Z]       Disabling MaterialX VP2 rendering: it is not supported by this version of
[2023-05-11T22:31:04.635Z]       Maya.
[2023-05-11T22:31:04.635Z]     
[2023-05-11T22:31:04.635Z]     
[2023-05-11T22:31:04.635Z]     -- Found MaterialX
[2023-05-11T22:31:04.635Z]     -- Building with Qt features enabled.
[2023-05-11T22:31:04.635Z]     -- **** Building Gulrak From Github Repository.
[2023-05-11T22:31:04.635Z]     -- Populating gulrak
[2023-05-11T22:31:04.855Z]     -- Configuring done
[2023-05-11T22:31:04.855Z]     -- Generating done
[2023-05-11T22:31:04.855Z]     -- Build files have been written to: W:/build/RelWithDebInfo/_deps/gulrak-subbuild
[2023-05-11T22:31:05.074Z]     [1/9] Creating directories for 'gulrak-populate'
[2023-05-11T22:31:05.074Z]     [1/9] Performing download step (git clone) for 'gulrak-populate'
[2023-05-11T22:31:05.192Z]     Cloning into 'gulrak-src'...
[2023-05-11T22:31:06.325Z]     HEAD is now at 4e21ab3 Version bump and updated readme.
[2023-05-11T22:31:06.952Z]     [2/9] Performing update step for 'gulrak-populate'
[2023-05-11T22:31:07.172Z]     [4/9] No patch step for 'gulrak-populate'
[2023-05-11T22:31:07.289Z]     [5/9] No configure step for 'gulrak-populate'
[2023-05-11T22:31:07.289Z]     [6/9] No build step for 'gulrak-populate'
[2023-05-11T22:31:07.289Z]     [7/9] No install step for 'gulrak-populate'
[2023-05-11T22:31:07.408Z]     [8/9] No test step for 'gulrak-populate'
[2023-05-11T22:31:07.408Z]     [9/9] Completed 'gulrak-populate'
[2023-05-11T22:31:08.131Z]     -- ========== Installing GoogleTest... ==========
[2023-05-11T22:31:08.346Z]     -- Configuring done
[2023-05-11T22:31:08.346Z]     -- Generating done
[2023-05-11T22:31:08.346Z]     -- Build files have been written to: W:/build/RelWithDebInfo/googletest-config
[2023-05-11T22:31:08.561Z]     [1/8] Creating directories for 'googletest'
[2023-05-11T22:31:11.311Z]     [2/8] Performing download step (git clone) for 'googletest'
[2023-05-11T22:31:11.311Z]     Cloning into 'googletest-src'...
[2023-05-11T22:31:11.311Z]     HEAD is now at 703bd9ca Googletest export
[2023-05-11T22:31:11.430Z]     [3/8] Performing update step for 'googletest'
[2023-05-11T22:31:11.430Z]     [4/8] No patch step for 'googletest'
[2023-05-11T22:31:13.465Z]     [5/8] Performing configure step for 'googletest'
[2023-05-11T22:31:13.465Z]     Not searching for unused variables given on the command line.
[2023-05-11T22:31:13.465Z]     CMake Deprecation Warning at CMakeLists.txt:4 (cmake_minimum_required):
[2023-05-11T22:31:13.465Z]       Compatibility with CMake < 2.8.12 will be removed from a future version of
[2023-05-11T22:31:13.465Z]       CMake.
[2023-05-11T22:31:13.465Z]     
[2023-05-11T22:31:13.465Z]       Update the VERSION argument <min> value or use a ...<max> suffix to tell
[2023-05-11T22:31:13.465Z]       CMake that the project does not need compatibility with older versions.
[2023-05-11T22:31:13.465Z]     
[2023-05-11T22:31:13.465Z]     
[2023-05-11T22:31:13.465Z]     -- The C compiler identification is MSVC 19.16.27032.1
[2023-05-11T22:31:13.465Z]     -- The CXX compiler identification is MSVC 19.16.27032.1
[2023-05-11T22:31:13.465Z]     -- Detecting C compiler ABI info
[2023-05-11T22:31:13.465Z]     -- Detecting C compiler ABI info - done
[2023-05-11T22:31:13.465Z]     -- Check for working C compiler: C:/Program Files (x86)/Microsoft Visual Studio/2017/Professional/VC/Tools/MSVC/14.16.27023/bin/Hostx64/x64/cl.exe - skipped
[2023-05-11T22:31:13.465Z]     -- Detecting C compile features
[2023-05-11T22:31:13.465Z]     -- Detecting C compile features - done
[2023-05-11T22:31:13.465Z]     -- Detecting CXX compiler ABI info
[2023-05-11T22:31:13.465Z]     -- Detecting CXX compiler ABI info - done
[2023-05-11T22:31:13.465Z]     -- Check for working CXX compiler: C:/Program Files (x86)/Microsoft Visual Studio/2017/Professional/VC/Tools/MSVC/14.16.27023/bin/Hostx64/x64/cl.exe - skipped
[2023-05-11T22:31:13.465Z]     -- Detecting CXX compile features
[2023-05-11T22:31:13.465Z]     -- Detecting CXX compile features - done
[2023-05-11T22:31:13.465Z]     CMake Deprecation Warning at googletest/CMakeLists.txt:56 (cmake_minimum_required):
[2023-05-11T22:31:13.465Z]       Compatibility with CMake < 2.8.12 will be removed from a future version of
[2023-05-11T22:31:13.465Z]       CMake.
[2023-05-11T22:31:13.465Z]     
[2023-05-11T22:31:13.465Z]       Update the VERSION argument <min> value or use a ...<max> suffix to tell
[2023-05-11T22:31:13.465Z]       CMake that the project does not need compatibility with older versions.
[2023-05-11T22:31:13.465Z]     
[2023-05-11T22:31:13.465Z]     
[2023-05-11T22:31:13.465Z]     -- Found PythonInterp: C:/Python27/python.exe
[2023-05-11T22:31:13.465Z]     -- Looking for pthread.h
[2023-05-11T22:31:13.465Z]     -- Looking for pthread.h - not found
[2023-05-11T22:31:13.465Z]     -- Found Threads: TRUE
[2023-05-11T22:31:13.465Z]     -- Configuring done
[2023-05-11T22:31:13.465Z]     -- Generating done
[2023-05-11T22:31:13.465Z]     -- Build files have been written to: W:/build/RelWithDebInfo/googletest-build
[2023-05-11T22:31:18.041Z]     [6/8] Performing build step for 'googletest'
[2023-05-11T22:31:18.041Z]     [1/4] Building CXX object googletest\CMakeFiles\gtest_main.dir\src\gtest_main.cc.obj
[2023-05-11T22:31:18.041Z]     [2/4] Building CXX object googletest\CMakeFiles\gtest.dir\src\gtest-all.cc.obj
[2023-05-11T22:31:18.041Z]     [3/4] Linking CXX shared library bin\gtest.dll
[2023-05-11T22:31:18.041Z]     [4/4] Linking CXX shared library bin\gtest_main.dll
[2023-05-11T22:31:18.361Z]     [7/8] Performing install step for 'googletest'
[2023-05-11T22:31:18.361Z]     [0/1] Install the project...
[2023-05-11T22:31:18.361Z]     -- Install configuration: "RelWithDebInfo"
[2023-05-11T22:31:18.476Z]     [8/8] Completed 'googletest'
[2023-05-11T22:31:18.477Z]     -- ========== ...  GoogleTest installed. ==========
[2023-05-11T22:31:19.504Z]     -- MAYA_HAS_DEFAULT_MATERIAL_API is FALSE
[2023-05-11T22:31:19.504Z]     -- MAYA_NEW_POINT_SNAPPING_SUPPORT is FALSE
[2023-05-11T22:31:19.504Z]     -- MAYA_HAS_CRASH_DETECTION is FALSE
[2023-05-11T22:31:19.504Z]     -- MAYA_CURRENT_UFE_CAMERA_SUPPORT is FALSE
[2023-05-11T22:31:19.504Z]     -- MAYA_MRENDERITEM_UFE_IDENTIFIER_SUPPORT is FALSE
[2023-05-11T22:31:19.504Z]     -- MAYA_UPDATE_UFE_IDENTIFIER_SUPPORT is FALSE
[2023-05-11T22:31:19.504Z]     -- MAYA_HAS_DISPLAY_STYLE_ALL_VIEWPORTS is FALSE
[2023-05-11T22:31:19.504Z]     -- MAYA_ARRAY_ITERATOR_DIFFERENCE_TYPE_SUPPORT is TRUE
[2023-05-11T22:31:19.504Z]     -- MAYA_HAS_GET_MEMBER_PATHS is FALSE
[2023-05-11T22:31:19.504Z]     -- USD_HAS_COLOR4_SDR_SUPPORT is FALSE
[2023-05-11T22:31:19.504Z]     -- MAYA_HAS_DISPLAY_LAYER_API is FALSE
[2023-05-11T22:31:19.504Z]     -- MAYA_HAS_NEW_DISPLAY_LAYER_MESSAGING_API is FALSE
[2023-05-11T22:31:19.504Z]     -- MAYA_HAS_RENDER_ITEM_HIDE_ON_PLAYBACK_API is FALSE
[2023-05-11T22:31:19.504Z]     -- promoting: S:/jenkins/workspace/ECP/ecg-maya-usd/ecg-mayausd-branch-preflight-2020-windows/ecg-maya-usd/maya-usd/lib/mayaUsd/base/mayaUsd.h.src
[2023-05-11T22:31:19.504Z]     -- promoting: S:/jenkins/workspace/ECP/ecg-maya-usd/ecg-mayausd-branch-preflight-2020-windows/ecg-maya-usd/maya-usd/lib/mayaUsd/base/api.h
[2023-05-11T22:31:19.504Z]     -- promoting: S:/jenkins/workspace/ECP/ecg-maya-usd/ecg-mayausd-branch-preflight-2020-windows/ecg-maya-usd/maya-usd/lib/mayaUsd/base/debugCodes.h
[2023-05-11T22:31:19.504Z]     -- promoting: S:/jenkins/workspace/ECP/ecg-maya-usd/ecg-mayausd-branch-preflight-2020-windows/ecg-maya-usd/maya-usd/lib/mayaUsd/base/id.h
[2023-05-11T22:31:19.504Z]     -- promoting: S:/jenkins/workspace/ECP/ecg-maya-usd/ecg-mayausd-branch-preflight-2020-windows/ecg-maya-usd/maya-usd/lib/mayaUsd/base/syncId.h
[2023-05-11T22:31:19.504Z]     -- promoting: S:/jenkins/workspace/ECP/ecg-maya-usd/ecg-mayausd-branch-preflight-2020-windows/ecg-maya-usd/maya-usd/lib/mayaUsd/base/tokens.h
[2023-05-11T22:31:19.504Z]     -- promoting: S:/jenkins/workspace/ECP/ecg-maya-usd/ecg-mayausd-branch-preflight-2020-windows/ecg-maya-usd/maya-usd/lib/mayaUsd/commands/abstractLayerEditorWindow.h
[2023-05-11T22:31:19.504Z]     -- promoting: S:/jenkins/workspace/ECP/ecg-maya-usd/ecg-mayausd-branch-preflight-2020-windows/ecg-maya-usd/maya-usd/lib/mayaUsd/commands/baseExportCommand.h
[2023-05-11T22:31:19.504Z]     -- promoting: S:/jenkins/workspace/ECP/ecg-maya-usd/ecg-mayausd-branch-preflight-2020-windows/ecg-maya-usd/maya-usd/lib/mayaUsd/commands/baseImportCommand.h
[2023-05-11T22:31:19.504Z]     -- promoting: S:/jenkins/workspace/ECP/ecg-maya-usd/ecg-mayausd-branch-preflight-2020-windows/ecg-maya-usd/maya-usd/lib/mayaUsd/commands/baseListJobContextsCommand.h
[2023-05-11T22:31:19.504Z]     -- promoting: S:/jenkins/workspace/ECP/ecg-maya-usd/ecg-mayausd-branch-preflight-2020-windows/ecg-maya-usd/maya-usd/lib/mayaUsd/commands/baseListShadingModesCommand.h
[2023-05-11T22:31:19.504Z]     -- promoting: S:/jenkins/workspace/ECP/ecg-maya-usd/ecg-mayausd-branch-preflight-2020-windows/ecg-maya-usd/maya-usd/lib/mayaUsd/commands/editTargetCommand.h
[2023-05-11T22:31:19.504Z]     -- promoting: S:/jenkins/workspace/ECP/ecg-maya-usd/ecg-mayausd-branch-preflight-2020-windows/ecg-maya-usd/maya-usd/lib/mayaUsd/commands/layerEditorCommand.h
[2023-05-11T22:31:19.504Z]     -- promoting: S:/jenkins/workspace/ECP/ecg-maya-usd/ecg-mayausd-branch-preflight-2020-windows/ecg-maya-usd/maya-usd/lib/mayaUsd/commands/layerEditorWindowCommand.h
[2023-05-11T22:31:19.504Z]     -- promoting: S:/jenkins/workspace/ECP/ecg-maya-usd/ecg-mayausd-branch-preflight-2020-windows/ecg-maya-usd/maya-usd/lib/mayaUsd/fileio/fallbackPrimReader.h
[2023-05-11T22:31:19.504Z]     -- promoting: S:/jenkins/workspace/ECP/ecg-maya-usd/ecg-mayausd-branch-preflight-2020-windows/ecg-maya-usd/maya-usd/lib/mayaUsd/fileio/functorPrimReader.h
[2023-05-11T22:31:19.504Z]     -- promoting: S:/jenkins/workspace/ECP/ecg-maya-usd/ecg-mayausd-branch-preflight-2020-windows/ecg-maya-usd/maya-usd/lib/mayaUsd/fileio/functorPrimWriter.h
[2023-05-11T22:31:19.504Z]     -- promoting: S:/jenkins/workspace/ECP/ecg-maya-usd/ecg-mayausd-branch-preflight-2020-windows/ecg-maya-usd/maya-usd/lib/mayaUsd/fileio/importData.h
[2023-05-11T22:31:19.504Z]     -- promoting: S:/jenkins/workspace/ECP/ecg-maya-usd/ecg-mayausd-branch-preflight-2020-windows/ecg-maya-usd/maya-usd/lib/mayaUsd/fileio/instancedNodeWriter.h
[2023-05-11T22:31:19.504Z]     -- promoting: S:/jenkins/workspace/ECP/ecg-maya-usd/ecg-mayausd-branch-preflight-2020-windows/ecg-maya-usd/maya-usd/lib/mayaUsd/fileio/jobContextRegistry.h
[2023-05-11T22:31:19.504Z]     -- promoting: S:/jenkins/workspace/ECP/ecg-maya-usd/ecg-mayausd-branch-preflight-2020-windows/ecg-maya-usd/maya-usd/lib/mayaUsd/fileio/primReader.h
[2023-05-11T22:31:19.504Z]     -- promoting: S:/jenkins/workspace/ECP/ecg-maya-usd/ecg-mayausd-branch-preflight-2020-windows/ecg-maya-usd/maya-usd/lib/mayaUsd/fileio/primReaderArgs.h
[2023-05-11T22:31:19.504Z]     -- promoting: S:/jenkins/workspace/ECP/ecg-maya-usd/ecg-mayausd-branch-preflight-2020-windows/ecg-maya-usd/maya-usd/lib/mayaUsd/fileio/primReaderContext.h
[2023-05-11T22:31:19.504Z]     -- promoting: S:/jenkins/workspace/ECP/ecg-maya-usd/ecg-mayausd-branch-preflight-2020-windows/ecg-maya-usd/maya-usd/lib/mayaUsd/fileio/primReaderRegistry.h
[2023-05-11T22:31:19.504Z]     -- promoting: S:/jenkins/workspace/ECP/ecg-maya-usd/ecg-mayausd-branch-preflight-2020-windows/ecg-maya-usd/maya-usd/lib/mayaUsd/fileio/primWriter.h
[2023-05-11T22:31:19.504Z]     -- promoting: S:/jenkins/workspace/ECP/ecg-maya-usd/ecg-mayausd-branch-preflight-2020-windows/ecg-maya-usd/maya-usd/lib/mayaUsd/fileio/primWriterArgs.h
[2023-05-11T22:31:19.504Z]     -- promoting: S:/jenkins/workspace/ECP/ecg-maya-usd/ecg-mayausd-branch-preflight-2020-windows/ecg-maya-usd/maya-usd/lib/mayaUsd/fileio/primWriterContext.h
[2023-05-11T22:31:19.504Z]     -- promoting: S:/jenkins/workspace/ECP/ecg-maya-usd/ecg-mayausd-branch-preflight-2020-windows/ecg-maya-usd/maya-usd/lib/mayaUsd/fileio/primWriterRegistry.h
[2023-05-11T22:31:19.504Z]     -- promoting: S:/jenkins/workspace/ECP/ecg-maya-usd/ecg-mayausd-branch-preflight-2020-windows/ecg-maya-usd/maya-usd/lib/mayaUsd/fileio/registryHelper.h
[2023-05-11T22:31:19.504Z]     -- promoting: S:/jenkins/workspace/ECP/ecg-maya-usd/ecg-mayausd-branch-preflight-2020-windows/ecg-maya-usd/maya-usd/lib/mayaUsd/fileio/schemaApiAdaptor.h
[2023-05-11T22:31:19.504Z]     -- promoting: S:/jenkins/workspace/ECP/ecg-maya-usd/ecg-mayausd-branch-preflight-2020-windows/ecg-maya-usd/maya-usd/lib/mayaUsd/fileio/schemaApiAdaptorRegistry.h
[2023-05-11T22:31:19.504Z]     -- promoting: S:/jenkins/workspace/ECP/ecg-maya-usd/ecg-mayausd-branch-preflight-2020-windows/ecg-maya-usd/maya-usd/lib/mayaUsd/fileio/shaderReader.h
[2023-05-11T22:31:19.504Z]     -- promoting: S:/jenkins/workspace/ECP/ecg-maya-usd/ecg-mayausd-branch-preflight-2020-windows/ecg-maya-usd/maya-usd/lib/mayaUsd/fileio/shaderReaderRegistry.h
[2023-05-11T22:31:19.504Z]     -- promoting: S:/jenkins/workspace/ECP/ecg-maya-usd/ecg-mayausd-branch-preflight-2020-windows/ecg-maya-usd/maya-usd/lib/mayaUsd/fileio/shaderWriter.h
[2023-05-11T22:31:19.504Z]     -- promoting: S:/jenkins/workspace/ECP/ecg-maya-usd/ecg-mayausd-branch-preflight-2020-windows/ecg-maya-usd/maya-usd/lib/mayaUsd/fileio/shaderWriterRegistry.h
[2023-05-11T22:31:19.504Z]     -- promoting: S:/jenkins/workspace/ECP/ecg-maya-usd/ecg-mayausd-branch-preflight-2020-windows/ecg-maya-usd/maya-usd/lib/mayaUsd/fileio/transformWriter.h
[2023-05-11T22:31:19.504Z]     -- promoting: S:/jenkins/workspace/ECP/ecg-maya-usd/ecg-mayausd-branch-preflight-2020-windows/ecg-maya-usd/maya-usd/lib/mayaUsd/fileio/writeJobContext.h
[2023-05-11T22:31:19.504Z]     -- promoting: S:/jenkins/workspace/ECP/ecg-maya-usd/ecg-mayausd-branch-preflight-2020-windows/ecg-maya-usd/maya-usd/lib/mayaUsd/fileio/chaser/exportChaser.h
[2023-05-11T22:31:19.504Z]     -- promoting: S:/jenkins/workspace/ECP/ecg-maya-usd/ecg-mayausd-branch-preflight-2020-windows/ecg-maya-usd/maya-usd/lib/mayaUsd/fileio/chaser/exportChaserRegistry.h
[2023-05-11T22:31:19.504Z]     -- promoting: S:/jenkins/workspace/ECP/ecg-maya-usd/ecg-mayausd-branch-preflight-2020-windows/ecg-maya-usd/maya-usd/lib/mayaUsd/fileio/chaser/importChaserRegistry.h
[2023-05-11T22:31:19.504Z]     -- promoting: S:/jenkins/workspace/ECP/ecg-maya-usd/ecg-mayausd-branch-preflight-2020-windows/ecg-maya-usd/maya-usd/lib/mayaUsd/fileio/chaser/importChaser.h
[2023-05-11T22:31:19.504Z]     -- promoting: S:/jenkins/workspace/ECP/ecg-maya-usd/ecg-mayausd-branch-preflight-2020-windows/ecg-maya-usd/maya-usd/lib/mayaUsd/fileio/jobs/jobArgs.h
[2023-05-11T22:31:19.504Z]     -- promoting: S:/jenkins/workspace/ECP/ecg-maya-usd/ecg-mayausd-branch-preflight-2020-windows/ecg-maya-usd/maya-usd/lib/mayaUsd/fileio/jobs/meshDataReadJob.h
[2023-05-11T22:31:19.504Z]     -- promoting: S:/jenkins/workspace/ECP/ecg-maya-usd/ecg-mayausd-branch-preflight-2020-windows/ecg-maya-usd/maya-usd/lib/mayaUsd/fileio/jobs/modelKindProcessor.h
[2023-05-11T22:31:19.504Z]     -- promoting: S:/jenkins/workspace/ECP/ecg-maya-usd/ecg-mayausd-branch-preflight-2020-windows/ecg-maya-usd/maya-usd/lib/mayaUsd/fileio/jobs/readJob.h
[2023-05-11T22:31:19.504Z]     -- promoting: S:/jenkins/workspace/ECP/ecg-maya-usd/ecg-mayausd-branch-preflight-2020-windows/ecg-maya-usd/maya-usd/lib/mayaUsd/fileio/jobs/writeJob.h
[2023-05-11T22:31:19.504Z]     -- promoting: S:/jenkins/workspace/ECP/ecg-maya-usd/ecg-mayausd-branch-preflight-2020-windows/ecg-maya-usd/maya-usd/lib/mayaUsd/fileio/shading/rfmShaderMap.h
[2023-05-11T22:31:19.504Z]     -- promoting: S:/jenkins/workspace/ECP/ecg-maya-usd/ecg-mayausd-branch-preflight-2020-windows/ecg-maya-usd/maya-usd/lib/mayaUsd/fileio/shading/shadingModeExporter.h
[2023-05-11T22:31:19.504Z]     -- promoting: S:/jenkins/workspace/ECP/ecg-maya-usd/ecg-mayausd-branch-preflight-2020-windows/ecg-maya-usd/maya-usd/lib/mayaUsd/fileio/shading/shadingModeExporterContext.h
[2023-05-11T22:31:19.504Z]     -- promoting: S:/jenkins/workspace/ECP/ecg-maya-usd/ecg-mayausd-branch-preflight-2020-windows/ecg-maya-usd/maya-usd/lib/mayaUsd/fileio/shading/shadingModeImporter.h
[2023-05-11T22:31:19.504Z]     -- promoting: S:/jenkins/workspace/ECP/ecg-maya-usd/ecg-mayausd-branch-preflight-2020-windows/ecg-maya-usd/maya-usd/lib/mayaUsd/fileio/shading/shadingModeRegistry.h
[2023-05-11T22:31:19.504Z]     -- promoting: S:/jenkins/workspace/ECP/ecg-maya-usd/ecg-mayausd-branch-preflight-2020-windows/ecg-maya-usd/maya-usd/lib/mayaUsd/fileio/shading/symmetricShaderReader.h
[2023-05-11T22:31:19.504Z]     -- promoting: S:/jenkins/workspace/ECP/ecg-maya-usd/ecg-mayausd-branch-preflight-2020-windows/ecg-maya-usd/maya-usd/lib/mayaUsd/fileio/shading/symmetricShaderWriter.h
[2023-05-11T22:31:19.504Z]     -- promoting: S:/jenkins/workspace/ECP/ecg-maya-usd/ecg-mayausd-branch-preflight-2020-windows/ecg-maya-usd/maya-usd/lib/mayaUsd/fileio/translators/skelBindingsProcessor.h
[2023-05-11T22:31:19.504Z]     -- promoting: S:/jenkins/workspace/ECP/ecg-maya-usd/ecg-mayausd-branch-preflight-2020-windows/ecg-maya-usd/maya-usd/lib/mayaUsd/fileio/translators/translatorCamera.h
[2023-05-11T22:31:19.504Z]     -- promoting: S:/jenkins/workspace/ECP/ecg-maya-usd/ecg-mayausd-branch-preflight-2020-windows/ecg-maya-usd/maya-usd/lib/mayaUsd/fileio/translators/translatorCurves.h
[2023-05-11T22:31:19.504Z]     -- promoting: S:/jenkins/workspace/ECP/ecg-maya-usd/ecg-mayausd-branch-preflight-2020-windows/ecg-maya-usd/maya-usd/lib/mayaUsd/fileio/translators/translatorGprim.h
[2023-05-11T22:31:19.504Z]     -- promoting: S:/jenkins/workspace/ECP/ecg-maya-usd/ecg-mayausd-branch-preflight-2020-windows/ecg-maya-usd/maya-usd/lib/mayaUsd/fileio/translators/translatorLight.h
[2023-05-11T22:31:19.504Z]     -- promoting: S:/jenkins/workspace/ECP/ecg-maya-usd/ecg-mayausd-branch-preflight-2020-windows/ecg-maya-usd/maya-usd/lib/mayaUsd/fileio/translators/translatorMaterial.h
[2023-05-11T22:31:19.504Z]     -- promoting: S:/jenkins/workspace/ECP/ecg-maya-usd/ecg-mayausd-branch-preflight-2020-windows/ecg-maya-usd/maya-usd/lib/mayaUsd/fileio/translators/translatorMayaReference.h
[2023-05-11T22:31:19.504Z]     -- promoting: S:/jenkins/workspace/ECP/ecg-maya-usd/ecg-mayausd-branch-preflight-2020-windows/ecg-maya-usd/maya-usd/lib/mayaUsd/fileio/translators/translatorMesh.h
[2023-05-11T22:31:19.504Z]     -- promoting: S:/jenkins/workspace/ECP/ecg-maya-usd/ecg-mayausd-branch-preflight-2020-windows/ecg-maya-usd/maya-usd/lib/mayaUsd/fileio/translators/translatorNurbsPatch.h
[2023-05-11T22:31:19.504Z]     -- promoting: S:/jenkins/workspace/ECP/ecg-maya-usd/ecg-mayausd-branch-preflight-2020-windows/ecg-maya-usd/maya-usd/lib/mayaUsd/fileio/translators/translatorPrim.h
[2023-05-11T22:31:19.504Z]     -- promoting: S:/jenkins/workspace/ECP/ecg-maya-usd/ecg-mayausd-branch-preflight-2020-windows/ecg-maya-usd/maya-usd/lib/mayaUsd/fileio/translators/translatorRfMLight.h
[2023-05-11T22:31:19.504Z]     -- promoting: S:/jenkins/workspace/ECP/ecg-maya-usd/ecg-mayausd-branch-preflight-2020-windows/ecg-maya-usd/maya-usd/lib/mayaUsd/fileio/translators/translatorSkel.h
[2023-05-11T22:31:19.505Z]     -- promoting: S:/jenkins/workspace/ECP/ecg-maya-usd/ecg-mayausd-branch-preflight-2020-windows/ecg-maya-usd/maya-usd/lib/mayaUsd/fileio/translators/translatorUtil.h
[2023-05-11T22:31:19.505Z]     -- promoting: S:/jenkins/workspace/ECP/ecg-maya-usd/ecg-mayausd-branch-preflight-2020-windows/ecg-maya-usd/maya-usd/lib/mayaUsd/fileio/translators/translatorXformable.h
[2023-05-11T22:31:19.505Z]     -- promoting: S:/jenkins/workspace/ECP/ecg-maya-usd/ecg-mayausd-branch-preflight-2020-windows/ecg-maya-usd/maya-usd/lib/mayaUsd/fileio/utils/adaptor.h
[2023-05-11T22:31:19.505Z]     -- promoting: S:/jenkins/workspace/ECP/ecg-maya-usd/ecg-mayausd-branch-preflight-2020-windows/ecg-maya-usd/maya-usd/lib/mayaUsd/fileio/utils/jointWriteUtils.h
[2023-05-11T22:31:19.505Z]     -- promoting: S:/jenkins/workspace/ECP/ecg-maya-usd/ecg-mayausd-branch-preflight-2020-windows/ecg-maya-usd/maya-usd/lib/mayaUsd/fileio/utils/meshReadUtils.h
[2023-05-11T22:31:19.505Z]     -- promoting: S:/jenkins/workspace/ECP/ecg-maya-usd/ecg-mayausd-branch-preflight-2020-windows/ecg-maya-usd/maya-usd/lib/mayaUsd/fileio/utils/meshWriteUtils.h
[2023-05-11T22:31:19.505Z]     -- promoting: S:/jenkins/workspace/ECP/ecg-maya-usd/ecg-mayausd-branch-preflight-2020-windows/ecg-maya-usd/maya-usd/lib/mayaUsd/fileio/utils/readUtil.h
[2023-05-11T22:31:19.505Z]     -- promoting: S:/jenkins/workspace/ECP/ecg-maya-usd/ecg-mayausd-branch-preflight-2020-windows/ecg-maya-usd/maya-usd/lib/mayaUsd/fileio/utils/roundTripUtil.h
[2023-05-11T22:31:19.505Z]     -- promoting: S:/jenkins/workspace/ECP/ecg-maya-usd/ecg-mayausd-branch-preflight-2020-windows/ecg-maya-usd/maya-usd/lib/mayaUsd/fileio/utils/shadingUtil.h
[2023-05-11T22:31:19.505Z]     -- promoting: S:/jenkins/workspace/ECP/ecg-maya-usd/ecg-mayausd-branch-preflight-2020-windows/ecg-maya-usd/maya-usd/lib/mayaUsd/fileio/utils/userTaggedAttribute.h
[2023-05-11T22:31:19.505Z]     -- promoting: S:/jenkins/workspace/ECP/ecg-maya-usd/ecg-mayausd-branch-preflight-2020-windows/ecg-maya-usd/maya-usd/lib/mayaUsd/fileio/utils/writeUtil.h
[2023-05-11T22:31:19.505Z]     -- promoting: S:/jenkins/workspace/ECP/ecg-maya-usd/ecg-mayausd-branch-preflight-2020-windows/ecg-maya-usd/maya-usd/lib/mayaUsd/fileio/utils/xformStack.h
[2023-05-11T22:31:19.505Z]     -- promoting: S:/jenkins/workspace/ECP/ecg-maya-usd/ecg-mayausd-branch-preflight-2020-windows/ecg-maya-usd/maya-usd/lib/mayaUsd/listeners/notice.h
[2023-05-11T22:31:19.505Z]     -- promoting: S:/jenkins/workspace/ECP/ecg-maya-usd/ecg-mayausd-branch-preflight-2020-windows/ecg-maya-usd/maya-usd/lib/mayaUsd/listeners/proxyShapeNotice.h
[2023-05-11T22:31:19.505Z]     -- promoting: S:/jenkins/workspace/ECP/ecg-maya-usd/ecg-mayausd-branch-preflight-2020-windows/ecg-maya-usd/maya-usd/lib/mayaUsd/listeners/stageNoticeListener.h
[2023-05-11T22:31:19.505Z]     -- promoting: S:/jenkins/workspace/ECP/ecg-maya-usd/ecg-mayausd-branch-preflight-2020-windows/ecg-maya-usd/maya-usd/lib/mayaUsd/nodes/hdImagingShape.h
[2023-05-11T22:31:19.505Z]     -- promoting: S:/jenkins/workspace/ECP/ecg-maya-usd/ecg-mayausd-branch-preflight-2020-windows/ecg-maya-usd/maya-usd/lib/mayaUsd/nodes/pointBasedDeformerNode.h
[2023-05-11T22:31:19.505Z]     -- promoting: S:/jenkins/workspace/ECP/ecg-maya-usd/ecg-mayausd-branch-preflight-2020-windows/ecg-maya-usd/maya-usd/lib/mayaUsd/nodes/proxyAccessor.h
[2023-05-11T22:31:19.505Z]     -- promoting: S:/jenkins/workspace/ECP/ecg-maya-usd/ecg-mayausd-branch-preflight-2020-windows/ecg-maya-usd/maya-usd/lib/mayaUsd/nodes/proxyShapeBase.h
[2023-05-11T22:31:19.505Z]     -- promoting: S:/jenkins/workspace/ECP/ecg-maya-usd/ecg-mayausd-branch-preflight-2020-windows/ecg-maya-usd/maya-usd/lib/mayaUsd/nodes/proxyShapePlugin.h
[2023-05-11T22:31:19.505Z]     -- promoting: S:/jenkins/workspace/ECP/ecg-maya-usd/ecg-mayausd-branch-preflight-2020-windows/ecg-maya-usd/maya-usd/lib/mayaUsd/nodes/proxyStageProvider.h
[2023-05-11T22:31:19.505Z]     -- promoting: S:/jenkins/workspace/ECP/ecg-maya-usd/ecg-mayausd-branch-preflight-2020-windows/ecg-maya-usd/maya-usd/lib/mayaUsd/nodes/proxyShapeStageExtraData.h
[2023-05-11T22:31:19.505Z]     -- promoting: S:/jenkins/workspace/ECP/ecg-maya-usd/ecg-mayausd-branch-preflight-2020-windows/ecg-maya-usd/maya-usd/lib/mayaUsd/nodes/proxyShapeListenerBase.h
[2023-05-11T22:31:19.505Z]     -- promoting: S:/jenkins/workspace/ECP/ecg-maya-usd/ecg-mayausd-branch-preflight-2020-windows/ecg-maya-usd/maya-usd/lib/mayaUsd/nodes/stageData.h
[2023-05-11T22:31:19.505Z]     -- promoting: S:/jenkins/workspace/ECP/ecg-maya-usd/ecg-mayausd-branch-preflight-2020-windows/ecg-maya-usd/maya-usd/lib/mayaUsd/nodes/stageNode.h
[2023-05-11T22:31:19.505Z]     -- promoting: S:/jenkins/workspace/ECP/ecg-maya-usd/ecg-mayausd-branch-preflight-2020-windows/ecg-maya-usd/maya-usd/lib/mayaUsd/nodes/usdPrimProvider.h
[2023-05-11T22:31:19.505Z]     -- promoting: S:/jenkins/workspace/ECP/ecg-maya-usd/ecg-mayausd-branch-preflight-2020-windows/ecg-maya-usd/maya-usd/lib/mayaUsd/nodes/layerManager.h
[2023-05-11T22:31:19.505Z]     -- promoting: S:/jenkins/workspace/ECP/ecg-maya-usd/ecg-mayausd-branch-preflight-2020-windows/ecg-maya-usd/maya-usd/lib/mayaUsd/render/px_vp20/glslProgram.h
[2023-05-11T22:31:19.505Z]     -- promoting: S:/jenkins/workspace/ECP/ecg-maya-usd/ecg-mayausd-branch-preflight-2020-windows/ecg-maya-usd/maya-usd/lib/mayaUsd/render/px_vp20/utils.h
[2023-05-11T22:31:19.505Z]     -- promoting: S:/jenkins/workspace/ECP/ecg-maya-usd/ecg-mayausd-branch-preflight-2020-windows/ecg-maya-usd/maya-usd/lib/mayaUsd/render/px_vp20/utils_legacy.h
[2023-05-11T22:31:19.505Z]     -- promoting: S:/jenkins/workspace/ECP/ecg-maya-usd/ecg-mayausd-branch-preflight-2020-windows/ecg-maya-usd/maya-usd/lib/mayaUsd/render/pxrUsdMayaGL/batchRenderer.h
[2023-05-11T22:31:19.505Z]     -- promoting: S:/jenkins/workspace/ECP/ecg-maya-usd/ecg-mayausd-branch-preflight-2020-windows/ecg-maya-usd/maya-usd/lib/mayaUsd/render/pxrUsdMayaGL/debugCodes.h
[2023-05-11T22:31:19.505Z]     -- promoting: S:/jenkins/workspace/ECP/ecg-maya-usd/ecg-mayausd-branch-preflight-2020-windows/ecg-maya-usd/maya-usd/lib/mayaUsd/render/pxrUsdMayaGL/hdImagingShapeDrawOverride.h
[2023-05-11T22:31:19.505Z]     -- promoting: S:/jenkins/workspace/ECP/ecg-maya-usd/ecg-mayausd-branch-preflight-2020-windows/ecg-maya-usd/maya-usd/lib/mayaUsd/render/pxrUsdMayaGL/hdImagingShapeUI.h
[2023-05-11T22:31:19.505Z]     -- promoting: S:/jenkins/workspace/ECP/ecg-maya-usd/ecg-mayausd-branch-preflight-2020-windows/ecg-maya-usd/maya-usd/lib/mayaUsd/render/pxrUsdMayaGL/instancerImager.h
[2023-05-11T22:31:19.505Z]     -- promoting: S:/jenkins/workspace/ECP/ecg-maya-usd/ecg-mayausd-branch-preflight-2020-windows/ecg-maya-usd/maya-usd/lib/mayaUsd/render/pxrUsdMayaGL/instancerShapeAdapter.h
[2023-05-11T22:31:19.505Z]     -- promoting: S:/jenkins/workspace/ECP/ecg-maya-usd/ecg-mayausd-branch-preflight-2020-windows/ecg-maya-usd/maya-usd/lib/mayaUsd/render/pxrUsdMayaGL/proxyDrawOverride.h
[2023-05-11T22:31:19.505Z]     -- promoting: S:/jenkins/workspace/ECP/ecg-maya-usd/ecg-mayausd-branch-preflight-2020-windows/ecg-maya-usd/maya-usd/lib/mayaUsd/render/pxrUsdMayaGL/proxyShapeUI.h
[2023-05-11T22:31:19.505Z]     -- promoting: S:/jenkins/workspace/ECP/ecg-maya-usd/ecg-mayausd-branch-preflight-2020-windows/ecg-maya-usd/maya-usd/lib/mayaUsd/render/pxrUsdMayaGL/renderParams.h
[2023-05-11T22:31:19.505Z]     -- promoting: S:/jenkins/workspace/ECP/ecg-maya-usd/ecg-mayausd-branch-preflight-2020-windows/ecg-maya-usd/maya-usd/lib/mayaUsd/render/pxrUsdMayaGL/sceneDelegate.h
[2023-05-11T22:31:19.505Z]     -- promoting: S:/jenkins/workspace/ECP/ecg-maya-usd/ecg-mayausd-branch-preflight-2020-windows/ecg-maya-usd/maya-usd/lib/mayaUsd/render/pxrUsdMayaGL/shapeAdapter.h
[2023-05-11T22:31:19.505Z]     -- promoting: S:/jenkins/workspace/ECP/ecg-maya-usd/ecg-mayausd-branch-preflight-2020-windows/ecg-maya-usd/maya-usd/lib/mayaUsd/render/pxrUsdMayaGL/softSelectHelper.h
[2023-05-11T22:31:19.505Z]     -- promoting: S:/jenkins/workspace/ECP/ecg-maya-usd/ecg-mayausd-branch-preflight-2020-windows/ecg-maya-usd/maya-usd/lib/mayaUsd/render/pxrUsdMayaGL/usdProxyShapeAdapter.h
[2023-05-11T22:31:19.505Z]     -- promoting: S:/jenkins/workspace/ECP/ecg-maya-usd/ecg-mayausd-branch-preflight-2020-windows/ecg-maya-usd/maya-usd/lib/mayaUsd/render/pxrUsdMayaGL/userData.h
[2023-05-11T22:31:19.505Z]     -- promoting: S:/jenkins/workspace/ECP/ecg-maya-usd/ecg-mayausd-branch-preflight-2020-windows/ecg-maya-usd/maya-usd/lib/mayaUsd/render/vp2RenderDelegate/proxyRenderDelegate.h
[2023-05-11T22:31:19.505Z]     -- promoting: S:/jenkins/workspace/ECP/ecg-maya-usd/ecg-mayausd-branch-preflight-2020-windows/ecg-maya-usd/maya-usd/lib/mayaUsd/render/vp2ShaderFragments/shaderFragments.h
[2023-05-11T22:31:19.623Z]     -- promoting: S:/jenkins/workspace/ECP/ecg-maya-usd/ecg-mayausd-branch-preflight-2020-windows/ecg-maya-usd/maya-usd/lib/mayaUsd/ufe/Global.h
[2023-05-11T22:31:19.623Z]     -- promoting: S:/jenkins/workspace/ECP/ecg-maya-usd/ecg-mayausd-branch-preflight-2020-windows/ecg-maya-usd/maya-usd/lib/mayaUsd/ufe/ProxyShapeHandler.h
[2023-05-11T22:31:19.623Z]     -- promoting: S:/jenkins/workspace/ECP/ecg-maya-usd/ecg-mayausd-branch-preflight-2020-windows/ecg-maya-usd/maya-usd/lib/mayaUsd/ufe/ProxyShapeHierarchy.h
[2023-05-11T22:31:19.623Z]     -- promoting: S:/jenkins/workspace/ECP/ecg-maya-usd/ecg-mayausd-branch-preflight-2020-windows/ecg-maya-usd/maya-usd/lib/mayaUsd/ufe/ProxyShapeHierarchyHandler.h
[2023-05-11T22:31:19.623Z]     -- promoting: S:/jenkins/workspace/ECP/ecg-maya-usd/ecg-mayausd-branch-preflight-2020-windows/ecg-maya-usd/maya-usd/lib/mayaUsd/ufe/SetVariantSelectionCommand.h
[2023-05-11T22:31:19.623Z]     -- promoting: S:/jenkins/workspace/ECP/ecg-maya-usd/ecg-mayausd-branch-preflight-2020-windows/ecg-maya-usd/maya-usd/lib/mayaUsd/ufe/StagesSubject.h
[2023-05-11T22:31:19.623Z]     -- promoting: S:/jenkins/workspace/ECP/ecg-maya-usd/ecg-mayausd-branch-preflight-2020-windows/ecg-maya-usd/maya-usd/lib/mayaUsd/ufe/UsdHierarchy.h
[2023-05-11T22:31:19.623Z]     -- promoting: S:/jenkins/workspace/ECP/ecg-maya-usd/ecg-mayausd-branch-preflight-2020-windows/ecg-maya-usd/maya-usd/lib/mayaUsd/ufe/UsdHierarchyHandler.h
[2023-05-11T22:31:19.623Z]     -- promoting: S:/jenkins/workspace/ECP/ecg-maya-usd/ecg-mayausd-branch-preflight-2020-windows/ecg-maya-usd/maya-usd/lib/mayaUsd/ufe/UsdPointInstanceModifierBase.h
[2023-05-11T22:31:19.623Z]     -- promoting: S:/jenkins/workspace/ECP/ecg-maya-usd/ecg-mayausd-branch-preflight-2020-windows/ecg-maya-usd/maya-usd/lib/mayaUsd/ufe/UsdPointInstanceOrientationModifier.h
[2023-05-11T22:31:19.623Z]     -- promoting: S:/jenkins/workspace/ECP/ecg-maya-usd/ecg-mayausd-branch-preflight-2020-windows/ecg-maya-usd/maya-usd/lib/mayaUsd/ufe/UsdPointInstancePositionModifier.h
[2023-05-11T22:31:19.623Z]     -- promoting: S:/jenkins/workspace/ECP/ecg-maya-usd/ecg-mayausd-branch-preflight-2020-windows/ecg-maya-usd/maya-usd/lib/mayaUsd/ufe/UsdPointInstanceScaleModifier.h
[2023-05-11T22:31:19.623Z]     -- promoting: S:/jenkins/workspace/ECP/ecg-maya-usd/ecg-mayausd-branch-preflight-2020-windows/ecg-maya-usd/maya-usd/lib/mayaUsd/ufe/UsdRootChildHierarchy.h
[2023-05-11T22:31:19.623Z]     -- promoting: S:/jenkins/workspace/ECP/ecg-maya-usd/ecg-mayausd-branch-preflight-2020-windows/ecg-maya-usd/maya-usd/lib/mayaUsd/ufe/UsdRotatePivotTranslateUndoableCommand.h
[2023-05-11T22:31:19.623Z]     -- promoting: S:/jenkins/workspace/ECP/ecg-maya-usd/ecg-mayausd-branch-preflight-2020-windows/ecg-maya-usd/maya-usd/lib/mayaUsd/ufe/UsdRotateUndoableCommand.h
[2023-05-11T22:31:19.623Z]     -- promoting: S:/jenkins/workspace/ECP/ecg-maya-usd/ecg-mayausd-branch-preflight-2020-windows/ecg-maya-usd/maya-usd/lib/mayaUsd/ufe/UsdScaleUndoableCommand.h
[2023-05-11T22:31:19.623Z]     -- promoting: S:/jenkins/workspace/ECP/ecg-maya-usd/ecg-mayausd-branch-preflight-2020-windows/ecg-maya-usd/maya-usd/lib/mayaUsd/ufe/UsdSceneItem.h
[2023-05-11T22:31:19.623Z]     -- promoting: S:/jenkins/workspace/ECP/ecg-maya-usd/ecg-mayausd-branch-preflight-2020-windows/ecg-maya-usd/maya-usd/lib/mayaUsd/ufe/UsdSceneItemOps.h
[2023-05-11T22:31:19.623Z]     -- promoting: S:/jenkins/workspace/ECP/ecg-maya-usd/ecg-mayausd-branch-preflight-2020-windows/ecg-maya-usd/maya-usd/lib/mayaUsd/ufe/UsdSceneItemOpsHandler.h
[2023-05-11T22:31:19.623Z]     -- promoting: S:/jenkins/workspace/ECP/ecg-maya-usd/ecg-mayausd-branch-preflight-2020-windows/ecg-maya-usd/maya-usd/lib/mayaUsd/ufe/UsdStageMap.h
[2023-05-11T22:31:19.623Z]     -- promoting: S:/jenkins/workspace/ECP/ecg-maya-usd/ecg-mayausd-branch-preflight-2020-windows/ecg-maya-usd/maya-usd/lib/mayaUsd/ufe/UsdTRSUndoableCommandBase.h
[2023-05-11T22:31:19.623Z]     -- promoting: S:/jenkins/workspace/ECP/ecg-maya-usd/ecg-mayausd-branch-preflight-2020-windows/ecg-maya-usd/maya-usd/lib/mayaUsd/ufe/UsdTransform3d.h
[2023-05-11T22:31:19.623Z]     -- promoting: S:/jenkins/workspace/ECP/ecg-maya-usd/ecg-mayausd-branch-preflight-2020-windows/ecg-maya-usd/maya-usd/lib/mayaUsd/ufe/UsdTransform3dReadImpl.h
[2023-05-11T22:31:19.623Z]     -- promoting: S:/jenkins/workspace/ECP/ecg-maya-usd/ecg-mayausd-branch-preflight-2020-windows/ecg-maya-usd/maya-usd/lib/mayaUsd/ufe/UsdTransform3dHandler.h
[2023-05-11T22:31:19.623Z]     -- promoting: S:/jenkins/workspace/ECP/ecg-maya-usd/ecg-mayausd-branch-preflight-2020-windows/ecg-maya-usd/maya-usd/lib/mayaUsd/ufe/UsdTranslateUndoableCommand.h
[2023-05-11T22:31:19.623Z]     -- promoting: S:/jenkins/workspace/ECP/ecg-maya-usd/ecg-mayausd-branch-preflight-2020-windows/ecg-maya-usd/maya-usd/lib/mayaUsd/ufe/UsdUndoDeleteCommand.h
[2023-05-11T22:31:19.623Z]     -- promoting: S:/jenkins/workspace/ECP/ecg-maya-usd/ecg-mayausd-branch-preflight-2020-windows/ecg-maya-usd/maya-usd/lib/mayaUsd/ufe/UsdUndoDuplicateCommand.h
[2023-05-11T22:31:19.623Z]     -- promoting: S:/jenkins/workspace/ECP/ecg-maya-usd/ecg-mayausd-branch-preflight-2020-windows/ecg-maya-usd/maya-usd/lib/mayaUsd/ufe/UsdUndoRenameCommand.h
[2023-05-11T22:31:19.623Z]     -- promoting: S:/jenkins/workspace/ECP/ecg-maya-usd/ecg-mayausd-branch-preflight-2020-windows/ecg-maya-usd/maya-usd/lib/mayaUsd/ufe/Utils.h
[2023-05-11T22:31:19.623Z]     -- promoting: S:/jenkins/workspace/ECP/ecg-maya-usd/ecg-mayausd-branch-preflight-2020-windows/ecg-maya-usd/maya-usd/lib/mayaUsd/ufe/UfeVersionCompat.h
[2023-05-11T22:31:19.623Z]     -- promoting: S:/jenkins/workspace/ECP/ecg-maya-usd/ecg-mayausd-branch-preflight-2020-windows/ecg-maya-usd/maya-usd/lib/mayaUsd/undo/OpUndoItemList.h
[2023-05-11T22:31:19.623Z]     -- promoting: S:/jenkins/workspace/ECP/ecg-maya-usd/ecg-mayausd-branch-preflight-2020-windows/ecg-maya-usd/maya-usd/lib/mayaUsd/undo/OpUndoItemMuting.h
[2023-05-11T22:31:19.623Z]     -- promoting: S:/jenkins/workspace/ECP/ecg-maya-usd/ecg-mayausd-branch-preflight-2020-windows/ecg-maya-usd/maya-usd/lib/mayaUsd/undo/OpUndoItemRecorder.h
[2023-05-11T22:31:19.623Z]     -- promoting: S:/jenkins/workspace/ECP/ecg-maya-usd/ecg-mayausd-branch-preflight-2020-windows/ecg-maya-usd/maya-usd/lib/mayaUsd/undo/OpUndoItems.h
[2023-05-11T22:31:19.623Z]     -- promoting: S:/jenkins/workspace/ECP/ecg-maya-usd/ecg-mayausd-branch-preflight-2020-windows/ecg-maya-usd/maya-usd/lib/mayaUsd/undo/UsdUndoBlock.h
[2023-05-11T22:31:19.623Z]     -- promoting: S:/jenkins/workspace/ECP/ecg-maya-usd/ecg-mayausd-branch-preflight-2020-windows/ecg-maya-usd/maya-usd/lib/mayaUsd/undo/UsdUndoManager.h
[2023-05-11T22:31:19.623Z]     -- promoting: S:/jenkins/workspace/ECP/ecg-maya-usd/ecg-mayausd-branch-preflight-2020-windows/ecg-maya-usd/maya-usd/lib/mayaUsd/undo/UsdUndoStateDelegate.h
[2023-05-11T22:31:19.623Z]     -- promoting: S:/jenkins/workspace/ECP/ecg-maya-usd/ecg-mayausd-branch-preflight-2020-windows/ecg-maya-usd/maya-usd/lib/mayaUsd/undo/UsdUndoableItem.h
[2023-05-11T22:31:19.623Z]     -- promoting: S:/jenkins/workspace/ECP/ecg-maya-usd/ecg-mayausd-branch-preflight-2020-windows/ecg-maya-usd/maya-usd/lib/mayaUsd/utils/blockSceneModificationContext.h
[2023-05-11T22:31:19.623Z]     -- promoting: S:/jenkins/workspace/ECP/ecg-maya-usd/ecg-mayausd-branch-preflight-2020-windows/ecg-maya-usd/maya-usd/lib/mayaUsd/utils/colorSpace.h
[2023-05-11T22:31:19.623Z]     -- promoting: S:/jenkins/workspace/ECP/ecg-maya-usd/ecg-mayausd-branch-preflight-2020-windows/ecg-maya-usd/maya-usd/lib/mayaUsd/utils/customLayerData.h
[2023-05-11T22:31:19.623Z]     -- promoting: S:/jenkins/workspace/ECP/ecg-maya-usd/ecg-mayausd-branch-preflight-2020-windows/ecg-maya-usd/maya-usd/lib/mayaUsd/utils/converter.h
[2023-05-11T22:31:19.623Z]     -- promoting: S:/jenkins/workspace/ECP/ecg-maya-usd/ecg-mayausd-branch-preflight-2020-windows/ecg-maya-usd/maya-usd/lib/mayaUsd/utils/diagnosticDelegate.h
[2023-05-11T22:31:19.623Z]     -- promoting: S:/jenkins/workspace/ECP/ecg-maya-usd/ecg-mayausd-branch-preflight-2020-windows/ecg-maya-usd/maya-usd/lib/mayaUsd/utils/dynamicAttribute.h
[2023-05-11T22:31:19.623Z]     -- promoting: S:/jenkins/workspace/ECP/ecg-maya-usd/ecg-mayausd-branch-preflight-2020-windows/ecg-maya-usd/maya-usd/lib/mayaUsd/utils/editability.h
[2023-05-11T22:31:19.623Z]     -- promoting: S:/jenkins/workspace/ECP/ecg-maya-usd/ecg-mayausd-branch-preflight-2020-windows/ecg-maya-usd/maya-usd/lib/mayaUsd/utils/editRouter.h
[2023-05-11T22:31:19.623Z]     -- promoting: S:/jenkins/workspace/ECP/ecg-maya-usd/ecg-mayausd-branch-preflight-2020-windows/ecg-maya-usd/maya-usd/lib/mayaUsd/utils/editRouterContext.h
[2023-05-11T22:31:19.623Z]     -- promoting: S:/jenkins/workspace/ECP/ecg-maya-usd/ecg-mayausd-branch-preflight-2020-windows/ecg-maya-usd/maya-usd/lib/mayaUsd/utils/hash.h
[2023-05-11T22:31:19.623Z]     -- promoting: S:/jenkins/workspace/ECP/ecg-maya-usd/ecg-mayausd-branch-preflight-2020-windows/ecg-maya-usd/maya-usd/lib/mayaUsd/utils/layerMuting.h
[2023-05-11T22:31:19.623Z]     -- promoting: S:/jenkins/workspace/ECP/ecg-maya-usd/ecg-mayausd-branch-preflight-2020-windows/ecg-maya-usd/maya-usd/lib/mayaUsd/utils/layers.h
[2023-05-11T22:31:19.623Z]     -- promoting: S:/jenkins/workspace/ECP/ecg-maya-usd/ecg-mayausd-branch-preflight-2020-windows/ecg-maya-usd/maya-usd/lib/mayaUsd/utils/loadRules.h
[2023-05-11T22:31:19.623Z]     -- promoting: S:/jenkins/workspace/ECP/ecg-maya-usd/ecg-mayausd-branch-preflight-2020-windows/ecg-maya-usd/maya-usd/lib/mayaUsd/utils/query.h
[2023-05-11T22:31:19.623Z]     -- promoting: S:/jenkins/workspace/ECP/ecg-maya-usd/ecg-mayausd-branch-preflight-2020-windows/ecg-maya-usd/maya-usd/lib/mayaUsd/utils/plugRegistryHelper.h
[2023-05-11T22:31:19.623Z]     -- promoting: S:/jenkins/workspace/ECP/ecg-maya-usd/ecg-mayausd-branch-preflight-2020-windows/ecg-maya-usd/maya-usd/lib/mayaUsd/utils/progressBarScope.h
[2023-05-11T22:31:19.623Z]     -- promoting: S:/jenkins/workspace/ECP/ecg-maya-usd/ecg-mayausd-branch-preflight-2020-windows/ecg-maya-usd/maya-usd/lib/mayaUsd/utils/selectability.h
[2023-05-11T22:31:19.623Z]     -- promoting: S:/jenkins/workspace/ECP/ecg-maya-usd/ecg-mayausd-branch-preflight-2020-windows/ecg-maya-usd/maya-usd/lib/mayaUsd/utils/stageCache.h
[2023-05-11T22:31:19.623Z]     -- promoting: S:/jenkins/workspace/ECP/ecg-maya-usd/ecg-mayausd-branch-preflight-2020-windows/ecg-maya-usd/maya-usd/lib/mayaUsd/utils/targetLayer.h
[2023-05-11T22:31:19.623Z]     -- promoting: S:/jenkins/workspace/ECP/ecg-maya-usd/ecg-mayausd-branch-preflight-2020-windows/ecg-maya-usd/maya-usd/lib/mayaUsd/utils/traverseLayer.h
[2023-05-11T22:31:19.623Z]     -- promoting: S:/jenkins/workspace/ECP/ecg-maya-usd/ecg-mayausd-branch-preflight-2020-windows/ecg-maya-usd/maya-usd/lib/mayaUsd/utils/undoHelperCommand.h
[2023-05-11T22:31:19.623Z]     -- promoting: S:/jenkins/workspace/ECP/ecg-maya-usd/ecg-mayausd-branch-preflight-2020-windows/ecg-maya-usd/maya-usd/lib/mayaUsd/utils/util.h
[2023-05-11T22:31:19.623Z]     -- promoting: S:/jenkins/workspace/ECP/ecg-maya-usd/ecg-mayausd-branch-preflight-2020-windows/ecg-maya-usd/maya-usd/lib/mayaUsd/utils/utilDictionary.h
[2023-05-11T22:31:19.623Z]     -- promoting: S:/jenkins/workspace/ECP/ecg-maya-usd/ecg-mayausd-branch-preflight-2020-windows/ecg-maya-usd/maya-usd/lib/mayaUsd/utils/utilFileSystem.h
[2023-05-11T22:31:19.623Z]     -- promoting: S:/jenkins/workspace/ECP/ecg-maya-usd/ecg-mayausd-branch-preflight-2020-windows/ecg-maya-usd/maya-usd/lib/mayaUsd/utils/utilSerialization.h
[2023-05-11T22:31:19.623Z]     -- promoting: S:/jenkins/workspace/ECP/ecg-maya-usd/ecg-mayausd-branch-preflight-2020-windows/ecg-maya-usd/maya-usd/lib/mayaUsd/utils/variants.h
[2023-05-11T22:31:19.623Z]     -- promoting: S:/jenkins/workspace/ECP/ecg-maya-usd/ecg-mayausd-branch-preflight-2020-windows/ecg-maya-usd/maya-usd/lib/usd/pxrUsdPreviewSurface/usdPreviewSurface.h
[2023-05-11T22:31:19.623Z]     -- promoting: S:/jenkins/workspace/ECP/ecg-maya-usd/ecg-mayausd-branch-preflight-2020-windows/ecg-maya-usd/maya-usd/lib/usd/pxrUsdPreviewSurface/usdPreviewSurfacePlugin.h
[2023-05-11T22:31:19.623Z]     -- promoting: S:/jenkins/workspace/ECP/ecg-maya-usd/ecg-mayausd-branch-preflight-2020-windows/ecg-maya-usd/maya-usd/lib/usd/schemas/api.h
[2023-05-11T22:31:19.623Z]     -- promoting: S:/jenkins/workspace/ECP/ecg-maya-usd/ecg-mayausd-branch-preflight-2020-windows/ecg-maya-usd/maya-usd/lib/usd/schemas/ALMayaReference.h
[2023-05-11T22:31:19.623Z]     -- promoting: S:/jenkins/workspace/ECP/ecg-maya-usd/ecg-mayausd-branch-preflight-2020-windows/ecg-maya-usd/maya-usd/lib/usd/schemas/MayaReference.h
[2023-05-11T22:31:19.623Z]     -- promoting: S:/jenkins/workspace/ECP/ecg-maya-usd/ecg-mayausd-branch-preflight-2020-windows/ecg-maya-usd/maya-usd/lib/usd/schemas/tokens.h
[2023-05-11T22:31:20.146Z]     #################################################################################################
[2023-05-11T22:31:20.146Z]     #  USD_DISABLE_PRIM_DEFINITIONS_FOR_USDGENSCHEMA is overridden to 'true'.  Default is 'false'.  #
[2023-05-11T22:31:20.146Z]     #################################################################################################
[2023-05-11T22:31:20.365Z]     Processing schema classes:
[2023-05-11T22:31:20.365Z]     MayaReference, ALMayaReference
[2023-05-11T22:31:20.365Z]     Loading Templates from p:\shared\Artifactory\Windows\USD\9ab6422\lib\usd\usd\resources\codegenTemplates
[2023-05-11T22:31:20.365Z]     Writing API:
[2023-05-11T22:31:20.365Z]     	    wrote W:\build\RelWithDebInfo\lib\usd\schemas\api.h
[2023-05-11T22:31:20.365Z]     Writing Schema Tokens:
[2023-05-11T22:31:20.365Z]     	    wrote W:\build\RelWithDebInfo\lib\usd\schemas\tokens.h
[2023-05-11T22:31:20.365Z]     	    wrote W:\build\RelWithDebInfo\lib\usd\schemas\tokens.cpp
[2023-05-11T22:31:20.365Z]     	    wrote W:\build\RelWithDebInfo\lib\usd\schemas\wrapTokens.cpp
[2023-05-11T22:31:20.365Z]     Generating Classes:
[2023-05-11T22:31:20.365Z]     	    wrote W:\build\RelWithDebInfo\lib\usd\schemas\MayaReference.h
[2023-05-11T22:31:20.365Z]     	    wrote W:\build\RelWithDebInfo\lib\usd\schemas\MayaReference.cpp
[2023-05-11T22:31:20.365Z]     	    wrote W:\build\RelWithDebInfo\lib\usd\schemas\wrapMayaReference.cpp
[2023-05-11T22:31:20.365Z]     	    wrote W:\build\RelWithDebInfo\lib\usd\schemas\ALMayaReference.h
[2023-05-11T22:31:20.365Z]     	    wrote W:\build\RelWithDebInfo\lib\usd\schemas\ALMayaReference.cpp
[2023-05-11T22:31:20.365Z]     	    wrote W:\build\RelWithDebInfo\lib\usd\schemas\wrapALMayaReference.cpp
[2023-05-11T22:31:20.365Z]     Loading Templates from p:\shared\Artifactory\Windows\USD\9ab6422\lib\usd\usd\resources\codegenTemplates
[2023-05-11T22:31:20.365Z]     	    wrote W:\build\RelWithDebInfo\lib\usd\schemas\plugInfo.json
[2023-05-11T22:31:20.365Z]     Generating Schematics:
[2023-05-11T22:31:20.365Z]     	    wrote W:\build\RelWithDebInfo\lib\usd\schemas\generatedSchema.usda
[2023-05-11T22:31:20.365Z]     -- promoting: S:/jenkins/workspace/ECP/ecg-maya-usd/ecg-mayausd-branch-preflight-2020-windows/ecg-maya-usd/maya-usd/lib/usd/utils/ALHalf.h
[2023-05-11T22:31:20.365Z]     -- promoting: S:/jenkins/workspace/ECP/ecg-maya-usd/ecg-mayausd-branch-preflight-2020-windows/ecg-maya-usd/maya-usd/lib/usd/utils/Api.h
[2023-05-11T22:31:20.365Z]     -- promoting: S:/jenkins/workspace/ECP/ecg-maya-usd/ecg-mayausd-branch-preflight-2020-windows/ecg-maya-usd/maya-usd/lib/usd/utils/DebugCodes.h
[2023-05-11T22:31:20.365Z]     -- promoting: S:/jenkins/workspace/ECP/ecg-maya-usd/ecg-mayausd-branch-preflight-2020-windows/ecg-maya-usd/maya-usd/lib/usd/utils/DiffCore.h
[2023-05-11T22:31:20.365Z]     -- promoting: S:/jenkins/workspace/ECP/ecg-maya-usd/ecg-mayausd-branch-preflight-2020-windows/ecg-maya-usd/maya-usd/lib/usd/utils/DiffPrims.h
[2023-05-11T22:31:20.365Z]     -- promoting: S:/jenkins/workspace/ECP/ecg-maya-usd/ecg-mayausd-branch-preflight-2020-windows/ecg-maya-usd/maya-usd/lib/usd/utils/MergePrims.h
[2023-05-11T22:31:20.365Z]     -- promoting: S:/jenkins/workspace/ECP/ecg-maya-usd/ecg-mayausd-branch-preflight-2020-windows/ecg-maya-usd/maya-usd/lib/usd/utils/MergePrimsOptions.h
[2023-05-11T22:31:20.365Z]     -- promoting: S:/jenkins/workspace/ECP/ecg-maya-usd/ecg-mayausd-branch-preflight-2020-windows/ecg-maya-usd/maya-usd/lib/usd/utils/ForwardDeclares.h
[2023-05-11T22:31:20.365Z]     -- promoting: S:/jenkins/workspace/ECP/ecg-maya-usd/ecg-mayausd-branch-preflight-2020-windows/ecg-maya-usd/maya-usd/lib/usd/utils/SIMD.h
[2023-05-11T22:31:20.365Z]     -- promoting: S:/jenkins/workspace/ECP/ecg-maya-usd/ecg-mayausd-branch-preflight-2020-windows/ecg-maya-usd/maya-usd/lib/usd/utils/util.h
[2023-05-11T22:31:20.365Z]     -- promoting: S:/jenkins/workspace/ECP/ecg-maya-usd/ecg-mayausd-branch-preflight-2020-windows/ecg-maya-usd/maya-usd/lib/usd/ui/layerEditor/batchSaveLayersUIDelegate.h
[2023-05-11T22:31:20.365Z]     -- promoting: S:/jenkins/workspace/ECP/ecg-maya-usd/ecg-mayausd-branch-preflight-2020-windows/ecg-maya-usd/maya-usd/lib/usd/ui/importDialog/IMayaMQtUtil.h
[2023-05-11T22:31:20.365Z]     -- promoting: S:/jenkins/workspace/ECP/ecg-maya-usd/ecg-mayausd-branch-preflight-2020-windows/ecg-maya-usd/maya-usd/lib/usd/ui/importDialog/ItemDelegate.h
[2023-05-11T22:31:20.365Z]     -- promoting: S:/jenkins/workspace/ECP/ecg-maya-usd/ecg-mayausd-branch-preflight-2020-windows/ecg-maya-usd/maya-usd/lib/usd/ui/importDialog/IUSDImportView.h
[2023-05-11T22:31:20.365Z]     -- promoting: S:/jenkins/workspace/ECP/ecg-maya-usd/ecg-mayausd-branch-preflight-2020-windows/ecg-maya-usd/maya-usd/lib/usd/ui/importDialog/TreeItem.h
[2023-05-11T22:31:20.365Z]     -- promoting: S:/jenkins/workspace/ECP/ecg-maya-usd/ecg-mayausd-branch-preflight-2020-windows/ecg-maya-usd/maya-usd/lib/usd/ui/importDialog/TreeModel.h
[2023-05-11T22:31:20.365Z]     -- promoting: S:/jenkins/workspace/ECP/ecg-maya-usd/ecg-mayausd-branch-preflight-2020-windows/ecg-maya-usd/maya-usd/lib/usd/ui/importDialog/TreeModelFactory.h
[2023-05-11T22:31:20.365Z]     -- promoting: S:/jenkins/workspace/ECP/ecg-maya-usd/ecg-mayausd-branch-preflight-2020-windows/ecg-maya-usd/maya-usd/lib/usd/ui/importDialog/USDImportDialog.h
[2023-05-11T22:31:20.365Z]     -- promoting: S:/jenkins/workspace/ECP/ecg-maya-usd/ecg-mayausd-branch-preflight-2020-windows/ecg-maya-usd/maya-usd/lib/usd/ui/importDialog/USDImportDialogCmd.h
[2023-05-11T22:31:20.365Z]     -- promoting: S:/jenkins/workspace/ECP/ecg-maya-usd/ecg-mayausd-branch-preflight-2020-windows/ecg-maya-usd/maya-usd/lib/usd/ui/importDialog/USDQtUtil.h
[2023-05-11T22:31:20.365Z]     -- promoting: S:/jenkins/workspace/ECP/ecg-maya-usd/ecg-mayausd-branch-preflight-2020-windows/ecg-maya-usd/maya-usd/lib/usd/ui/api.h
[2023-05-11T22:31:20.365Z]     -- promoting: S:/jenkins/workspace/ECP/ecg-maya-usd/ecg-mayausd-branch-preflight-2020-windows/ecg-maya-usd/maya-usd/lib/usd/ui/initStringResources.h
[2023-05-11T22:31:20.365Z]     ========== Pixar USD Plugin ==========
[2023-05-11T22:31:20.480Z]     Compiling W:/build/RelWithDebInfo/plugin/pxr/__init__.py ...
[2023-05-11T22:31:20.480Z]     ========== AL USD Plugin ==========
[2023-05-11T22:31:20.480Z]     CMake Deprecation Warning at plugin/al/CMakeLists.txt:7 (cmake_policy):
[2023-05-11T22:31:20.480Z]       The OLD behavior for policy CMP0026 will be removed from a future version
[2023-05-11T22:31:20.480Z]       of CMake.
[2023-05-11T22:31:20.480Z]     
[2023-05-11T22:31:20.480Z]       The cmake-policies(7) manual explains that the OLD behaviors of all
[2023-05-11T22:31:20.480Z]       policies are deprecated and that a policy should be set to OLD only under
[2023-05-11T22:31:20.480Z]       specific short-term circumstances.  Projects should be ported to the NEW
[2023-05-11T22:31:20.480Z]       behavior and not rely on setting a policy to OLD.
[2023-05-11T22:31:20.480Z]     
[2023-05-11T22:31:20.480Z]     
[2023-05-11T22:31:20.480Z]     -- Found Boost 1.70.0 at P:/shared/Artifactory/Windows/USD/9ab6422/lib/cmake/Boost-1.70.0
[2023-05-11T22:31:20.480Z]     --   Requested configuration: QUIET REQUIRED
[2023-05-11T22:31:20.480Z]     -- Found boost_headers 1.70.0 at P:/shared/Artifactory/Windows/USD/9ab6422/lib/cmake/boost_headers-1.70.0
[2023-05-11T22:31:20.480Z]     -- Found Boost: P:/shared/Artifactory/Windows/USD/9ab6422/lib/cmake/Boost-1.70.0/BoostConfig.cmake (found version "1.70.0")
[2023-05-11T22:31:20.480Z]     -- Found Boost 1.70.0 at P:/shared/Artifactory/Windows/USD/9ab6422/lib/cmake/Boost-1.70.0
[2023-05-11T22:31:20.480Z]     --   Requested configuration: QUIET REQUIRED COMPONENTS python
[2023-05-11T22:31:20.480Z]     -- Found boost_python 1.70.0 at P:/shared/Artifactory/Windows/USD/9ab6422/lib/cmake/boost_python-1.70.0
[2023-05-11T22:31:20.480Z]     --   boost_python27-vc141-mt-x64-1_70.lib
[2023-05-11T22:31:20.480Z]     -- Adding boost_python dependencies: headers
[2023-05-11T22:31:20.480Z]     -- Found Boost: P:/shared/Artifactory/Windows/USD/9ab6422/lib/cmake/Boost-1.70.0/BoostConfig.cmake (found version "1.70.0") found components: python
[2023-05-11T22:31:21.102Z]     -- Found GTest: W:/build/RelWithDebInfo/googletest-install/lib/gtest.lib
[2023-05-11T22:31:22.740Z]     -- Building AL_USDMayaSchemas
[2023-05-11T22:31:23.159Z]     #################################################################################################
[2023-05-11T22:31:23.159Z]     #  USD_DISABLE_PRIM_DEFINITIONS_FOR_USDGENSCHEMA is overridden to 'true'.  Default is 'false'.  #
[2023-05-11T22:31:23.159Z]     #################################################################################################
[2023-05-11T22:31:23.395Z]     Processing schema classes:
[2023-05-11T22:31:23.395Z]     ALModelAPI, ALFrameRange
[2023-05-11T22:31:23.395Z]     Loading Templates from p:\shared\Artifactory\Windows\USD\9ab6422\lib\usd\usd\resources\codegenTemplates
[2023-05-11T22:31:23.395Z]     Writing API:
[2023-05-11T22:31:23.395Z]     	    wrote W:\build\RelWithDebInfo\plugin\al\schemas\AL\usd\schemas\maya\api.h
[2023-05-11T22:31:23.395Z]     Writing Schema Tokens:
[2023-05-11T22:31:23.395Z]     	    wrote W:\build\RelWithDebInfo\plugin\al\schemas\AL\usd\schemas\maya\tokens.h
[2023-05-11T22:31:23.395Z]     	    wrote W:\build\RelWithDebInfo\plugin\al\schemas\AL\usd\schemas\maya\tokens.cpp
[2023-05-11T22:31:23.395Z]     	    wrote W:\build\RelWithDebInfo\plugin\al\schemas\AL\usd\schemas\maya\wrapTokens.cpp
[2023-05-11T22:31:23.395Z]     Generating Classes:
[2023-05-11T22:31:23.395Z]     	    wrote W:\build\RelWithDebInfo\plugin\al\schemas\AL\usd\schemas\maya\ModelAPI.h
[2023-05-11T22:31:23.395Z]     	    wrote W:\build\RelWithDebInfo\plugin\al\schemas\AL\usd\schemas\maya\ModelAPI.cpp
[2023-05-11T22:31:23.395Z]     	    wrote W:\build\RelWithDebInfo\plugin\al\schemas\AL\usd\schemas\maya\wrapModelAPI.cpp
[2023-05-11T22:31:23.395Z]     	    wrote W:\build\RelWithDebInfo\plugin\al\schemas\AL\usd\schemas\maya\FrameRange.h
[2023-05-11T22:31:23.395Z]     	    wrote W:\build\RelWithDebInfo\plugin\al\schemas\AL\usd\schemas\maya\FrameRange.cpp
[2023-05-11T22:31:23.395Z]     	    wrote W:\build\RelWithDebInfo\plugin\al\schemas\AL\usd\schemas\maya\wrapFrameRange.cpp
[2023-05-11T22:31:23.395Z]     Loading Templates from p:\shared\Artifactory\Windows\USD\9ab6422\lib\usd\usd\resources\codegenTemplates
[2023-05-11T22:31:23.395Z]     	    wrote W:\build\RelWithDebInfo\plugin\al\schemas\AL\usd\schemas\maya\plugInfo.json
[2023-05-11T22:31:23.395Z]     Generating Schematics:
[2023-05-11T22:31:23.395Z]     	    wrote W:\build\RelWithDebInfo\plugin\al\schemas\AL\usd\schemas\maya\generatedSchema.usda
[2023-05-11T22:31:24.323Z]     #################################################################################################
[2023-05-11T22:31:24.323Z]     #  USD_DISABLE_PRIM_DEFINITIONS_FOR_USDGENSCHEMA is overridden to 'true'.  Default is 'false'.  #
[2023-05-11T22:31:24.323Z]     #################################################################################################
[2023-05-11T22:31:24.549Z]     Processing schema classes:
[2023-05-11T22:31:24.549Z]     ALExamplePolyCubeNode
[2023-05-11T22:31:24.549Z]     Loading Templates from p:\shared\Artifactory\Windows\USD\9ab6422\lib\usd\usd\resources\codegenTemplates
[2023-05-11T22:31:24.549Z]     Writing API:
[2023-05-11T22:31:24.549Z]     	    wrote W:\build\RelWithDebInfo\plugin\al\schemas\AL\usd\schemas\mayatest\api.h
[2023-05-11T22:31:24.549Z]     Writing Schema Tokens:
[2023-05-11T22:31:24.549Z]     	    wrote W:\build\RelWithDebInfo\plugin\al\schemas\AL\usd\schemas\mayatest\tokens.h
[2023-05-11T22:31:24.549Z]     	    wrote W:\build\RelWithDebInfo\plugin\al\schemas\AL\usd\schemas\mayatest\tokens.cpp
[2023-05-11T22:31:24.549Z]     	    wrote W:\build\RelWithDebInfo\plugin\al\schemas\AL\usd\schemas\mayatest\wrapTokens.cpp
[2023-05-11T22:31:24.549Z]     Generating Classes:
[2023-05-11T22:31:24.549Z]     	    wrote W:\build\RelWithDebInfo\plugin\al\schemas\AL\usd\schemas\mayatest\ExamplePolyCubeNode.h
[2023-05-11T22:31:24.549Z]     	    wrote W:\build\RelWithDebInfo\plugin\al\schemas\AL\usd\schemas\mayatest\ExamplePolyCubeNode.cpp
[2023-05-11T22:31:24.549Z]     	    wrote W:\build\RelWithDebInfo\plugin\al\schemas\AL\usd\schemas\mayatest\wrapExamplePolyCubeNode.cpp
[2023-05-11T22:31:24.549Z]     Loading Templates from p:\shared\Artifactory\Windows\USD\9ab6422\lib\usd\usd\resources\codegenTemplates
[2023-05-11T22:31:24.549Z]     	    wrote W:\build\RelWithDebInfo\plugin\al\schemas\AL\usd\schemas\mayatest\plugInfo.json
[2023-05-11T22:31:24.549Z]     Generating Schematics:
[2023-05-11T22:31:24.549Z]     	    wrote W:\build\RelWithDebInfo\plugin\al\schemas\AL\usd\schemas\mayatest\generatedSchema.usda
[2023-05-11T22:31:24.549Z]     -- Building AL_USDMayaTranslators
[2023-05-11T22:31:24.549Z]     ========== ADSK USD Plugin ==========
[2023-05-11T22:31:24.664Z]     -- Configuring done
[2023-05-11T22:31:25.891Z]     -- Generating done
[2023-05-11T22:31:25.891Z]     -- Build files have been written to: W:/build/RelWithDebInfo
[2023-05-11T22:31:25.998Z]     
[2023-05-11T22:31:25.998Z]         Building with settings:
[2023-05-11T22:31:25.998Z]           Source directory          S:\jenkins\workspace\ECP\ecg-maya-usd\ecg-mayausd-branch-preflight-2020-windows\ecg-maya-usd\maya-usd
[2023-05-11T22:31:25.998Z]           Workspace directory       W:\
[2023-05-11T22:31:25.998Z]           Build directory           W:\build\RelWithDebInfo
[2023-05-11T22:31:25.998Z]           Install directory         W:\install\RelWithDebInfo\MayaUSD
[2023-05-11T22:31:25.998Z]           Variant                   RelWithDebInfo
[2023-05-11T22:31:25.998Z]           Python Debug              Off
[2023-05-11T22:31:25.998Z]           CMake generator           Ninja
[2023-05-11T22:31:25.998Z]           Build arguments           ['-DCMAKE_MAKE_PROGRAM=P:/shared/Artifactory/Windows/ninja/1.9.0/c68f192/ninja.exe', '-DPYTHON_INCLUDE_DIR=P:/shared/Artifactory/Windows/rundev-2020/202107140359/runtime/5d64bf0/runTime/include/Python', '-DPython_EXECUTABLE=P:/shared/Artifactory/Windows/rundev-2020/202107140359/runtime/5d64bf0/runTime/bin/mayapy.exe', '-DPYTHON_LIBRARIES=P:/shared/Artifactory/Windows/rundev-2020/202107140359/runtime/5d64bf0/runTime/lib/python27.lib', '-DUSD_LIB_PREFIX=', '-DBUILD_HDMAYA=OFF']
[2023-05-11T22:31:25.998Z]           Stages arguments          ['configure']
[2023-05-11T22:31:25.998Z]           CTest arguments           ['-E testUsdReferenceAssemblySelection|testUsdMayaAppDir', '-LE interactive', '--parallel 16']
[2023-05-11T22:31:25.998Z]     Success MayaUSD build and install !!!!
[2023-05-11T22:31:25.998Z]     Elapsed time: 00:00:24
[Pipeline] bat
[2023-05-11T22:31:26.264Z] Deleting alias drive W:
[Pipeline] bat
[2023-05-11T22:31:26.542Z] Deleting alias drive P:
[Pipeline] }
[Pipeline] // withEnv
[Pipeline] }
[Pipeline] // timeout
[Pipeline] }
[Pipeline] // stage
[Pipeline] }
[Pipeline] // timestamps
[Pipeline] timestamps
[Pipeline] {
[Pipeline] stage
[Pipeline] { (Build)
[Pipeline] timeout
[2023-05-11T22:31:26.625Z] Timeout set to expire in 6 hr 0 min
[Pipeline] {
[Pipeline] withEnv
[Pipeline] {
[Pipeline] bat
[2023-05-11T22:31:27.067Z] Creating alias drive P: to S:\jenkins\workspace
[Pipeline] bat
[2023-05-11T22:31:27.374Z] Creating alias drive W: to S:\jenkins\workspace\ECP\ecg-maya-usd\ecg-mayausd-branch-preflight-2020-windows
[Pipeline] bat
[2023-05-11T22:31:27.798Z] "C:\Program Files (x86)\Microsoft Visual Studio\2017\Professional\VC\Auxiliary\Build\vcvarsall.bat" x64
[2023-05-11T22:31:27.907Z] **********************************************************************
[2023-05-11T22:31:27.907Z] ** Visual Studio 2017 Developer Command Prompt v15.9.15
[2023-05-11T22:31:27.907Z] ** Copyright (c) 2017 Microsoft Corporation
[2023-05-11T22:31:27.907Z] **********************************************************************
[2023-05-11T22:31:28.827Z] [vcvarsall.bat] Environment initialized for: 'x64'
[2023-05-11T22:31:28.827Z] python ecg-maya-usd/build.py --stages=build --workspace-dir=W:\ --artifactory-dir=P:\shared\Artifactory --build-dir=W:\build --install-dir=W:\install --signing-dir=W:\signing --package-dir=W:\package --output-dir=W:\output --stash-dir=W:\stash --jenkins-build=920 --git-commit=e5851046dd9c0676f14ddea2cded9d3b59b25958 --git-branch=master --variants=RelWithDebInfo --python=2.7 --post-zips=false --build-retry=3 --maya-cut-config=maya-rundev-2020.yaml --maya-package=rundev-2020 --stage-banner
[2023-05-11T22:31:29.750Z] Using Maya cut from P:\shared\Artifactory\Windows\rundev-2020\202107140359\runtime\5d64bf0
[2023-05-11T22:31:29.750Z] 
[2023-05-11T22:31:29.750Z] ================================================================================
[2023-05-11T22:31:29.750Z]                              build (RelWithDebInfo)
[2023-05-11T22:31:29.750Z] ================================================================================
[2023-05-11T22:31:29.750Z] Maya Python RelWithDebInfo Info:
[2023-05-11T22:31:29.750Z]   mayapy executable   = P:\shared\Artifactory\Windows\rundev-2020\202107140359\runtime\5d64bf0\runTime\bin\mayapy.exe
[2023-05-11T22:31:29.750Z]   Include Folder      = P:\shared\Artifactory\Windows\rundev-2020\202107140359\runtime\5d64bf0\runTime\include\Python
[2023-05-11T22:31:29.750Z]   Library             = P:\shared\Artifactory\Windows\rundev-2020\202107140359\runtime\5d64bf0\runTime\lib\python27.lib
[2023-05-11T22:31:29.750Z]   site-package Folder = P:\shared\Artifactory\Windows\rundev-2020\202107140359\runtime\5d64bf0\runTime\Python\Lib\site-packages
[2023-05-11T22:31:30.369Z] In workdir: S:\jenkins\workspace\ECP\ecg-maya-usd\ecg-mayausd-branch-preflight-2020-windows\ecg-maya-usd\maya-usd
[2023-05-11T22:31:30.369Z] Executing: 'P:\\shared\\Artifactory\\Windows\\rundev-2020\\202107140359\\runtime\\5d64bf0\\runTime\\bin\\mayapy.exe' 'S:\\jenkins\\workspace\\ECP\\ecg-maya-usd\\ecg-mayausd-branch-preflight-2020-windows\\ecg-maya-usd\\maya-usd\\build.py' --generator Ninja --build-relwithdebug --maya-location 'P:\\shared\\Artifactory\\Windows\\rundev-2020\\202107140359\\runtime\\5d64bf0\\runTime' --devkit-location 'P:\\shared\\Artifactory\\Windows\\rundev-2020\\202107140359\\runtime\\5d64bf0\\devkitBase' --pxrusd-location 'P:\\shared\\Artifactory\\Windows\\USD\\9ab6422' --qt-location 'P:\\shared\\Artifactory\\Windows\\qt\\5.12.5\\4755980' --materialx '--build-args=-DCMAKE_MAKE_PROGRAM=P:/shared/Artifactory/Windows/ninja/1.9.0/c68f192/ninja.exe,-DPYTHON_INCLUDE_DIR=P:/shared/Artifactory/Windows/rundev-2020/202107140359/runtime/5d64bf0/runTime/include/Python,-DPython_EXECUTABLE=P:/shared/Artifactory/Windows/rundev-2020/202107140359/runtime/5d64bf0/runTime/bin/mayapy.exe,-DPYTHON_LIBRARIES=P:/shared/Artifactory/Windows/rundev-2020/202107140359/runtime/5d64bf0/runTime/lib/python27.lib,-DUSD_LIB_PREFIX=,-DBUILD_HDMAYA=OFF' '--ctest-args=-E testUsdReferenceAssemblySelection|testUsdMayaAppDir,-LE interactive,--parallel 16' --stages=build --redirect-outstream-file=False --install-location 'W:\\install\\RelWithDebInfo\\MayaUSD' 'W:\\'
[2023-05-11T22:31:30.369Z] Modified environment variables:
[2023-05-11T22:31:30.369Z]     PATH=P:\shared\Artifactory\Windows\cmake\3.20.3\afe857a\bin;C:\Python27\lib\site-packages\pywin32_system32;C:\Program Files (x86)\Microsoft Visual Studio\2017\Professional\VC\Tools\MSVC\14.16.27023\bin\HostX64\x64;C:\Program Files (x86)\Microsoft Visual Studio\2017\Professional\Common7\IDE\VC\VCPackages;C:\Program Files (x86)\Microsoft Visual Studio\2017\Professional\Common7\IDE\CommonExtensions\Microsoft\TestWindow;C:\Program Files (x86)\Microsoft Visual Studio\2017\Professional\Common7\IDE\CommonExtensions\Microsoft\TeamFoundation\Team Explorer;C:\Program Files (x86)\Microsoft Visual Studio\2017\Professional\MSBuild\15.0\bin\Roslyn;C:\Program Files (x86)\Microsoft Visual Studio\2017\Professional\Team Tools\Performance Tools\x64;C:\Program Files (x86)\Microsoft Visual Studio\2017\Professional\Team Tools\Performance Tools;C:\Program Files (x86)\Microsoft Visual Studio\Shared\Common\VSPerfCollectionTools\\x64;C:\Program Files (x86)\Microsoft Visual Studio\Shared\Common\VSPerfCollectionTools\;C:\Program Files (x86)\Microsoft SDKs\Windows\v10.0A\bin\NETFX 4.6.1 Tools\x64\;C:\Program Files (x86)\HTML Help Workshop;C:\Program Files (x86)\Windows Kits\10\bin\10.0.18362.0\x64;C:\Program Files (x86)\Windows Kits\10\bin\x64;C:\Program Files (x86)\Microsoft Visual Studio\2017\Professional\\MSBuild\15.0\bin;C:\WINDOWS\Microsoft.NET\Framework64\v4.0.30319;C:\Program Files (x86)\Microsoft Visual Studio\2017\Professional\Common7\IDE\;C:\Program Files (x86)\Microsoft Visual Studio\2017\Professional\Common7\Tools\;C:\Python27\;C:\Python27\Scripts;C:\WINDOWS\system32;C:\WINDOWS;C:\WINDOWS\System32\Wbem;C:\WINDOWS\System32\WindowsPowerShell\v1.0\;C:\WINDOWS\System32\OpenSSH\;C:\ProgramData\chocolatey\bin;C:\Program Files (x86)\WiX Toolset v3.7\bin;C:\Program Files\dotnet\;C:\Program Files (x86)\Windows Kits\10\bin\10.0.18362.0\x64;C:\Program Files\Zulu\zulu-11\bin\;C:\Program Files (x86)\Windows Kits\10\bin\10.0.17763.0\x64;C:\Program Files (x86)\Windows Kits\10\bin\x64;C:\Program Files\Git\cmd;C:\Program Files\Git\usr\bin;C:\Program Files\Git\mingw64\bin;C:\Program Files\Git\bin;C:\Python38\;C:\Python38\Scripts;C:\StoreBoxClientWindows;C:\Program Files\Electric Cloud\ElectricCommander\bin;C:\Program Files\WinRAR;C:\Program Files\7-Zip;C:\Users\Administrator\AppData\Local\Microsoft\WindowsApps;C:\Program Files (x86)\Microsoft Visual Studio\2017\Professional\Common7\IDE\CommonExtensions\Microsoft\CMake\CMake\bin;C:\Program Files (x86)\Microsoft Visual Studio\2017\Professional\Common7\IDE\CommonExtensions\Microsoft\CMake\Ninja
[2023-05-11T22:31:31.500Z]     [1/640] Building CXX object test\lib\usd\plugin\CMakeFiles\usdTestMayaPlugin.dir\plugin.cpp.obj
[2023-05-11T22:31:31.500Z]     [2/640] Building CXX object test\lib\usd\plugin\CMakeFiles\usdTestApiWriter.dir\plugin.cpp.obj
[2023-05-11T22:31:31.500Z]     [3/640] Building CXX object test\lib\usd\plugin\CMakeFiles\usdTestInfoImportChaser.dir\plugin.cpp.obj
[2023-05-11T22:31:31.816Z]     [4/640] Building CXX object test\lib\mayaUsd\utils\CMakeFiles\testTargetLayer.dir\main.cpp.obj
[2023-05-11T22:31:31.816Z]     [5/640] Building CXX object test\lib\mayaUsd\utils\CMakeFiles\testLoadRules.dir\main.cpp.obj
[2023-05-11T22:31:31.816Z]     [6/640] Building CXX object test\lib\mayaUsd\utils\CMakeFiles\testSplitString.dir\main.cpp.obj
[2023-05-11T22:31:31.816Z]     [7/640] Building CXX object test\lib\mayaUsd\utils\CMakeFiles\testUtilsFileSystem.dir\main.cpp.obj
[2023-05-11T22:31:32.451Z]     [8/640] Building CXX object test\lib\usd\utils\CMakeFiles\testDiffCore.dir\main.cpp.obj
[2023-05-11T22:31:32.869Z]     [9/640] Building CXX object test\lib\usd\utils\CMakeFiles\testDiffValues.dir\main.cpp.obj
[2023-05-11T22:31:33.185Z]     [10/640] Building CXX object test\lib\usd\utils\CMakeFiles\testDiffCore.dir\test_DiffCore.cpp.obj
[2023-05-11T22:31:35.936Z]     [11/640] Building CXX object test\lib\mayaUsd\utils\CMakeFiles\testUtilsFileSystem.dir\testUtilsFileSystem.cpp.obj
[2023-05-11T22:31:37.602Z]     [12/640] Building CXX object test\lib\mayaUsd\utils\CMakeFiles\testLoadRules.dir\testLoadRules.cpp.obj
[2023-05-11T22:31:37.602Z]     [13/640] Building CXX object test\lib\mayaUsd\utils\CMakeFiles\testTargetLayer.dir\testTargetLayer.cpp.obj
[2023-05-11T22:31:37.716Z]     [14/640] Building CXX object test\lib\usd\plugin\CMakeFiles\usdTestInfoImportChaser.dir\infoImportChaser.cpp.obj
[2023-05-11T22:31:37.840Z]     [15/640] Building CXX object test\lib\usd\plugin\CMakeFiles\usdTestApiWriter.dir\nullApiExporter.cpp.obj
[2023-05-11T22:31:38.172Z]     [16/640] Building CXX object lib\usd\translators\CMakeFiles\mayaUsd_Translators.dir\lightReader.cpp.obj
[2023-05-11T22:31:38.492Z]     [17/640] Building CXX object test\lib\usd\utils\CMakeFiles\testDiffValues.dir\test_DiffValues.cpp.obj
[2023-05-11T22:31:38.492Z]     [18/640] Building CXX object test\lib\usd\plugin\CMakeFiles\usdTestMayaPlugin.dir\mayaShaderTranslation.cpp.obj
[2023-05-11T22:31:38.492Z]     [19/640] Building CXX object test\lib\usd\plugin\CMakeFiles\usdTestUsdPlugin.dir\mayaShaderTranslation.cpp.obj
[2023-05-11T22:31:39.126Z]     [20/640] Building CXX object test\lib\usd\utils\CMakeFiles\testDiffValues.dir\test_DiffValuesMatrices.cpp.obj
[2023-05-11T22:31:39.348Z]     [21/640] Building CXX object test\lib\usd\utils\CMakeFiles\testDiffPrims.dir\main.cpp.obj
[2023-05-11T22:31:39.673Z]     [22/640] Building CXX object test\lib\usd\plugin\CMakeFiles\usdTestApiWriter.dir\bulletAdaptor.cpp.obj
[2023-05-11T22:31:39.673Z]     [23/640] Building CXX object test\lib\usd\utils\CMakeFiles\testDiffValues.dir\test_DiffValuesArrays.cpp.obj
[2023-05-11T22:31:39.673Z]     [24/640] Building CXX object test\lib\usd\utils\CMakeFiles\testDiffLists.dir\main.cpp.obj
[2023-05-11T22:31:40.193Z]     [25/640] Building CXX object test\lib\usd\utils\CMakeFiles\testDiffValues.dir\test_DiffValuesGeneric.cpp.obj
[2023-05-11T22:31:40.410Z]     [26/640] Building CXX object test\lib\usd\utils\CMakeFiles\testDiffAttributes.dir\main.cpp.obj
[2023-05-11T22:31:40.728Z]     [27/640] Building CXX object test\lib\mayaUsd\utils\CMakeFiles\testSplitString.dir\testSplitString.cpp.obj
[2023-05-11T22:31:41.150Z]     [28/640] Building CXX object test\lib\usd\utils\CMakeFiles\testDiffRelationships.dir\main.cpp.obj
[2023-05-11T22:31:41.676Z]     [29/640] Building CXX object test\lib\usd\utils\CMakeFiles\testDiffValues.dir\test_DiffValuesDoubleVecs.cpp.obj
[2023-05-11T22:31:41.676Z]     [30/640] Building CXX object test\lib\usd\utils\CMakeFiles\testDiffDictionaries.dir\main.cpp.obj
[2023-05-11T22:31:42.297Z]     [31/640] Building CXX object test\lib\usd\utils\CMakeFiles\testDiffMetadatas.dir\main.cpp.obj
[2023-05-11T22:31:42.297Z]     [32/640] Building CXX object test\lib\usd\utils\CMakeFiles\testDiffValues.dir\test_DiffValuesFloatVecs.cpp.obj
[2023-05-11T22:31:42.721Z]     [33/640] Building CXX object test\lib\usd\utils\CMakeFiles\testDiffComputeOverall.dir\main.cpp.obj
[2023-05-11T22:31:43.338Z]     [34/640] Building CXX object test\lib\usd\utils\CMakeFiles\testMergePrims.dir\main.cpp.obj
[2023-05-11T22:31:43.961Z]     [35/640] Building CXX object lib\mayaUsd\CMakeFiles\mayaUsd.dir\base\tokens.cpp.obj
[2023-05-11T22:31:44.177Z]     [36/640] Building CXX object lib\mayaUsd\CMakeFiles\mayaUsd.dir\base\debugCodes.cpp.obj
[2023-05-11T22:31:45.115Z]     [37/640] Building CXX object test\lib\usd\utils\CMakeFiles\testDiffValues.dir\test_DiffValuesIntVecs.cpp.obj
[2023-05-11T22:31:45.693Z]     [38/640] Building CXX object test\lib\usd\utils\CMakeFiles\testDiffPrims.dir\test_DiffPrimsChildren.cpp.obj
[2023-05-11T22:31:46.128Z]     [39/640] Building CXX object test\lib\usd\utils\CMakeFiles\testDiffPrims.dir\test_DiffPrimsRelations.cpp.obj
[2023-05-11T22:31:46.128Z]     [40/640] Building CXX object test\lib\usd\utils\CMakeFiles\testDiffPrims.dir\test_DiffPrimsAttributes.cpp.obj
[2023-05-11T22:31:46.816Z]     [41/640] Building CXX object test\lib\usd\utils\CMakeFiles\testDiffPrims.dir\test_DiffPrims.cpp.obj
[2023-05-11T22:31:47.230Z]     [42/640] Building CXX object test\lib\usd\utils\CMakeFiles\testDiffAttributes.dir\test_DiffAttributes.cpp.obj
[2023-05-11T22:31:47.349Z]     [43/640] Building CXX object test\lib\usd\utils\CMakeFiles\testDiffDictionaries.dir\test_DiffDictionaries.cpp.obj
[2023-05-11T22:31:47.349Z]     [44/640] Building CXX object test\lib\usd\utils\CMakeFiles\testDiffRelationships.dir\test_DiffRelationships.cpp.obj
[2023-05-11T22:31:47.349Z]     [45/640] Building CXX object test\lib\usd\utils\CMakeFiles\testDiffLists.dir\test_DiffLists.cpp.obj
[2023-05-11T22:31:47.574Z]     [46/640] Building CXX object test\lib\usd\utils\CMakeFiles\testDiffValues.dir\test_DiffValuesQuaternions.cpp.obj
[2023-05-11T22:31:47.898Z]     [47/640] Building CXX object test\lib\usd\utils\CMakeFiles\testDiffValues.dir\test_DiffValuesHalfVecs.cpp.obj
[2023-05-11T22:31:47.898Z]     [48/640] Building CXX object lib\mayaUsd\CMakeFiles\mayaUsd.dir\commands\layerEditorWindowCommand.cpp.obj
[2023-05-11T22:31:49.533Z]     [49/640] Building CXX object test\lib\usd\utils\CMakeFiles\testDiffMetadatas.dir\test_DiffMetadatas.cpp.obj
[2023-05-11T22:31:49.957Z]     [50/640] Building CXX object test\lib\usd\utils\CMakeFiles\testDiffComputeOverall.dir\test_DiffComputeOverall.cpp.obj
[2023-05-11T22:31:50.893Z]     [51/640] Building CXX object test\lib\usd\utils\CMakeFiles\testMergePrims.dir\test_MergePrims.cpp.obj
[2023-05-11T22:31:51.340Z]     [52/640] Building CXX object lib\mayaUsd\CMakeFiles\mayaUsd.dir\fileio\jobContextRegistry.cpp.obj
[2023-05-11T22:31:51.779Z]     [53/640] Building CXX object lib\mayaUsd\CMakeFiles\mayaUsd.dir\commands\baseImportCommand.cpp.obj
[2023-05-11T22:31:52.405Z]     [54/640] Building CXX object lib\mayaUsd\CMakeFiles\mayaUsd.dir\commands\baseExportCommand.cpp.obj
[2023-05-11T22:31:53.451Z]     [55/640] Building CXX object lib\mayaUsd\CMakeFiles\mayaUsd.dir\commands\baseListJobContextsCommand.cpp.obj
[2023-05-11T22:31:53.874Z]     [56/640] Building CXX object lib\mayaUsd\CMakeFiles\mayaUsd.dir\commands\editTargetCommand.cpp.obj
[2023-05-11T22:31:53.994Z]     [57/640] Building CXX object lib\mayaUsd\CMakeFiles\mayaUsd.dir\fileio\fallbackPrimReader.cpp.obj
[2023-05-11T22:31:54.221Z]     [58/640] Building CXX object lib\mayaUsd\CMakeFiles\mayaUsd.dir\fileio\functorPrimReader.cpp.obj
[2023-05-11T22:31:54.455Z]     [59/640] Building CXX object lib\mayaUsd\CMakeFiles\mayaUsd.dir\fileio\primReader.cpp.obj
[2023-05-11T22:31:54.996Z]     [60/640] Building CXX object lib\mayaUsd\CMakeFiles\mayaUsd.dir\fileio\functorPrimWriter.cpp.obj
[2023-05-11T22:31:55.120Z]     [61/640] Building CXX object lib\mayaUsd\CMakeFiles\mayaUsd.dir\fileio\primWriterContext.cpp.obj
[2023-05-11T22:31:55.348Z]     [62/640] Building CXX object lib\mayaUsd\CMakeFiles\mayaUsd.dir\fileio\importData.cpp.obj
[2023-05-11T22:31:55.686Z]     [63/640] Building CXX object lib\mayaUsd\CMakeFiles\mayaUsd.dir\fileio\instancedNodeWriter.cpp.obj
[2023-05-11T22:31:56.209Z]     [64/640] Building CXX object lib\mayaUsd\CMakeFiles\mayaUsd.dir\commands\baseListShadingModesCommand.cpp.obj
[2023-05-11T22:31:56.841Z]     [65/640] Building CXX object lib\mayaUsd\CMakeFiles\mayaUsd.dir\fileio\primReaderRegistry.cpp.obj
[2023-05-11T22:31:57.481Z]     [66/640] Building CXX object lib\mayaUsd\CMakeFiles\mayaUsd.dir\fileio\primReaderContext.cpp.obj
[2023-05-11T22:31:58.754Z]     [67/640] Building CXX object lib\mayaUsd\CMakeFiles\mayaUsd.dir\fileio\primWriter.cpp.obj
[2023-05-11T22:31:58.874Z]     [68/640] Building CXX object lib\mayaUsd\CMakeFiles\mayaUsd.dir\fileio\registryHelper.cpp.obj
[2023-05-11T22:31:58.874Z]     [69/640] Building CXX object lib\mayaUsd\CMakeFiles\mayaUsd.dir\fileio\chaser\exportChaser.cpp.obj
[2023-05-11T22:31:59.097Z]     [70/640] Building CXX object lib\mayaUsd\CMakeFiles\mayaUsd.dir\fileio\primWriterArgs.cpp.obj
[2023-05-11T22:31:59.220Z]     [71/640] Building CXX object lib\mayaUsd\CMakeFiles\mayaUsd.dir\commands\layerEditorCommand.cpp.obj
[2023-05-11T22:31:59.748Z]     [72/640] Building CXX object lib\mayaUsd\CMakeFiles\mayaUsd.dir\fileio\primReaderArgs.cpp.obj
[2023-05-11T22:32:01.697Z]     [73/640] Building CXX object lib\mayaUsd\CMakeFiles\mayaUsd.dir\fileio\primWriterRegistry.cpp.obj
[2023-05-11T22:32:01.918Z]     [74/640] Building CXX object lib\mayaUsd\CMakeFiles\mayaUsd.dir\fileio\schemaApiAdaptor.cpp.obj
[2023-05-11T22:32:02.584Z]     [75/640] Building CXX object lib\mayaUsd\CMakeFiles\mayaUsd.dir\fileio\shaderWriter.cpp.obj
[2023-05-11T22:32:02.804Z]     [76/640] Building CXX object lib\mayaUsd\CMakeFiles\mayaUsd.dir\fileio\shaderReaderRegistry.cpp.obj
[2023-05-11T22:32:02.804Z]     [77/640] Building CXX object lib\mayaUsd\CMakeFiles\mayaUsd.dir\fileio\schemaApiAdaptorRegistry.cpp.obj
[2023-05-11T22:32:03.044Z]     [78/640] Building CXX object lib\mayaUsd\CMakeFiles\mayaUsd.dir\fileio\shaderReader.cpp.obj
[2023-05-11T22:32:03.269Z]     [79/640] Building CXX object lib\mayaUsd\CMakeFiles\mayaUsd.dir\fileio\chaser\importChaserRegistry.cpp.obj
[2023-05-11T22:32:03.805Z]     [80/640] Building CXX object lib\mayaUsd\CMakeFiles\mayaUsd.dir\fileio\shaderWriterRegistry.cpp.obj
[2023-05-11T22:32:03.806Z]     [81/640] Building CXX object lib\mayaUsd\CMakeFiles\mayaUsd.dir\fileio\chaser\importChaser.cpp.obj
[2023-05-11T22:32:04.128Z]     [82/640] Building CXX object lib\mayaUsd\CMakeFiles\mayaUsd.dir\fileio\transformWriter.cpp.obj
[2023-05-11T22:32:06.081Z]     [83/640] Building CXX object lib\mayaUsd\CMakeFiles\mayaUsd.dir\fileio\chaser\exportChaserRegistry.cpp.obj
[2023-05-11T22:32:07.130Z]     [84/640] Building CXX object lib\mayaUsd\CMakeFiles\mayaUsd.dir\fileio\shading\shadingModeExporter.cpp.obj
[2023-05-11T22:32:07.986Z]     [85/640] Building CXX object lib\mayaUsd\CMakeFiles\mayaUsd.dir\fileio\writeJobContext.cpp.obj
[2023-05-11T22:32:08.971Z]     [86/640] Building CXX object lib\mayaUsd\CMakeFiles\mayaUsd.dir\fileio\shading\shadingModeDisplayColor.cpp.obj
[2023-05-11T22:32:10.120Z]     [87/640] Building CXX object lib\mayaUsd\CMakeFiles\mayaUsd.dir\fileio\jobs\readJob.cpp.obj
[2023-05-11T22:32:10.251Z]     [88/640] Building CXX object lib\mayaUsd\CMakeFiles\mayaUsd.dir\fileio\jobs\jobArgs.cpp.obj
[2023-05-11T22:32:10.608Z]     [89/640] Building CXX object lib\mayaUsd\CMakeFiles\mayaUsd.dir\fileio\jobs\modelKindProcessor.cpp.obj
[2023-05-11T22:32:10.944Z]     [90/640] Building CXX object lib\mayaUsd\CMakeFiles\mayaUsd.dir\fileio\shading\symmetricShaderReader.cpp.obj
[2023-05-11T22:32:11.175Z]     [91/640] Building CXX object lib\mayaUsd\CMakeFiles\mayaUsd.dir\fileio\shading\shadingModeImporter.cpp.obj
[2023-05-11T22:32:11.849Z]     [92/640] Building CXX object lib\mayaUsd\CMakeFiles\mayaUsd.dir\fileio\translators\skelBindingsProcessor.cpp.obj
[2023-05-11T22:32:12.004Z]     [93/640] Building CXX object lib\mayaUsd\CMakeFiles\mayaUsd.dir\fileio\shading\shadingModeRegistry.cpp.obj
[2023-05-11T22:32:12.004Z]     [94/640] Building CXX object lib\mayaUsd\CMakeFiles\mayaUsd.dir\fileio\jobs\meshDataReadJob.cpp.obj
[2023-05-11T22:32:13.107Z]     [95/640] Building CXX object lib\mayaUsd\CMakeFiles\mayaUsd.dir\fileio\jobs\writeJob.cpp.obj
[2023-05-11T22:32:13.435Z]     [96/640] Building CXX object lib\mayaUsd\CMakeFiles\mayaUsd.dir\fileio\shading\shadingModeExporterContext.cpp.obj
[2023-05-11T22:32:13.859Z]     [97/640] Building CXX object lib\mayaUsd\CMakeFiles\mayaUsd.dir\fileio\shading\shadingModeUseRegistry.cpp.obj
[2023-05-11T22:32:14.696Z]     [98/640] Building CXX object lib\mayaUsd\CMakeFiles\mayaUsd.dir\fileio\shading\shadingModePxrRis.cpp.obj
[2023-05-11T22:32:16.753Z]     [99/640] Building CXX object lib\mayaUsd\CMakeFiles\mayaUsd.dir\fileio\translators\translatorGprim.cpp.obj
[2023-05-11T22:32:17.076Z]     [100/640] Building CXX object lib\mayaUsd\CMakeFiles\mayaUsd.dir\fileio\shading\symmetricShaderWriter.cpp.obj
[2023-05-11T22:32:17.907Z]     [101/640] Building CXX object lib\mayaUsd\CMakeFiles\mayaUsd.dir\fileio\translators\translatorLight.cpp.obj
[2023-05-11T22:32:19.276Z]     [102/640] Building CXX object lib\mayaUsd\CMakeFiles\mayaUsd.dir\fileio\translators\translatorPrim.cpp.obj
[2023-05-11T22:32:19.276Z]     [103/640] Building CXX object lib\mayaUsd\CMakeFiles\mayaUsd.dir\fileio\translators\translatorMayaReference.cpp.obj
[2023-05-11T22:32:19.780Z]     [104/640] Building CXX object lib\mayaUsd\CMakeFiles\mayaUsd.dir\fileio\translators\translatorRfMLight.cpp.obj
[2023-05-11T22:32:19.780Z]     [105/640] Building CXX object lib\mayaUsd\CMakeFiles\mayaUsd.dir\fileio\translators\translatorMaterial.cpp.obj
[2023-05-11T22:32:20.475Z]     [106/640] Building CXX object lib\mayaUsd\CMakeFiles\mayaUsd.dir\fileio\translators\translatorRfMLight_deprecated.cpp.obj
[2023-05-11T22:32:20.475Z]     [107/640] Building CXX object lib\mayaUsd\CMakeFiles\mayaUsd.dir\fileio\translators\translatorSkel.cpp.obj
[2023-05-11T22:32:20.599Z]     [108/640] Building CXX object lib\mayaUsd\CMakeFiles\mayaUsd.dir\fileio\translators\translatorCamera.cpp.obj
[2023-05-11T22:32:20.599Z]     [109/640] Building CXX object lib\mayaUsd\CMakeFiles\mayaUsd.dir\fileio\translators\translatorCurves.cpp.obj
[2023-05-11T22:32:21.167Z]     [110/640] Building CXX object lib\mayaUsd\CMakeFiles\mayaUsd.dir\fileio\utils\jointWriteUtils.cpp.obj
[2023-05-11T22:32:21.510Z]     [111/640] Building CXX object lib\mayaUsd\CMakeFiles\mayaUsd.dir\fileio\translators\translatorXformable.cpp.obj
[2023-05-11T22:32:21.510Z]     [112/640] Building CXX object lib\mayaUsd\CMakeFiles\mayaUsd.dir\fileio\translators\translatorMesh.cpp.obj
[2023-05-11T22:32:21.510Z]     [113/640] Building CXX object lib\mayaUsd\CMakeFiles\mayaUsd.dir\fileio\translators\translatorNurbsPatch.cpp.obj
[2023-05-11T22:32:23.250Z]     [114/640] Building CXX object lib\mayaUsd\CMakeFiles\mayaUsd.dir\fileio\translators\translatorXformable_decompose.cpp.obj
[2023-05-11T22:32:23.978Z]     [115/640] Building CXX object lib\mayaUsd\CMakeFiles\mayaUsd.dir\listeners\notice.cpp.obj
[2023-05-11T22:32:26.236Z]     [116/640] Building CXX object lib\mayaUsd\CMakeFiles\mayaUsd.dir\fileio\translators\translatorUtil.cpp.obj
[2023-05-11T22:32:26.904Z]     [117/640] Building CXX object lib\mayaUsd\CMakeFiles\mayaUsd.dir\fileio\utils\adaptor.cpp.obj
[2023-05-11T22:32:27.284Z]     [118/640] Building CXX object lib\mayaUsd\CMakeFiles\mayaUsd.dir\fileio\utils\roundTripUtil.cpp.obj
[2023-05-11T22:32:27.777Z]     [119/640] Building CXX object lib\mayaUsd\CMakeFiles\mayaUsd.dir\listeners\stageNoticeListener.cpp.obj
[2023-05-11T22:32:27.777Z]     [120/640] Building CXX object lib\mayaUsd\CMakeFiles\mayaUsd.dir\listeners\proxyShapeNotice.cpp.obj
[2023-05-11T22:32:27.777Z]     [121/640] Building CXX object lib\mayaUsd\CMakeFiles\mayaUsd.dir\nodes\hdImagingShape.cpp.obj
[2023-05-11T22:32:27.929Z]     [122/640] Building CXX object lib\mayaUsd\CMakeFiles\mayaUsd.dir\fileio\utils\userTaggedAttribute.cpp.obj
[2023-05-11T22:32:28.170Z]     [123/640] Building CXX object lib\mayaUsd\CMakeFiles\mayaUsd.dir\fileio\utils\shadingUtil.cpp.obj
[2023-05-11T22:32:28.514Z]     [124/640] Building CXX object lib\mayaUsd\CMakeFiles\mayaUsd.dir\fileio\utils\xformStack.cpp.obj
[2023-05-11T22:32:28.514Z]     [125/640] Building CXX object lib\mayaUsd\CMakeFiles\mayaUsd.dir\fileio\utils\meshReadUtils.cpp.obj
[2023-05-11T22:32:29.040Z]     [126/640] Building CXX object lib\mayaUsd\CMakeFiles\mayaUsd.dir\fileio\utils\readUtil.cpp.obj
[2023-05-11T22:32:29.159Z]     [127/640] Building CXX object lib\mayaUsd\CMakeFiles\mayaUsd.dir\render\px_vp20\glslProgram.cpp.obj
[2023-05-11T22:32:29.159Z]     [128/640] Building CXX object lib\mayaUsd\CMakeFiles\mayaUsd.dir\fileio\utils\meshWriteUtils.cpp.obj
[2023-05-11T22:32:29.887Z]     [129/640] Building CXX object lib\mayaUsd\CMakeFiles\mayaUsd.dir\render\pxrUsdMayaGL\debugCodes.cpp.obj
[2023-05-11T22:32:31.248Z]     [130/640] Building CXX object lib\mayaUsd\CMakeFiles\mayaUsd.dir\nodes\proxyShapeStageExtraData.cpp.obj
[2023-05-11T22:32:32.491Z]     [131/640] Building CXX object lib\mayaUsd\CMakeFiles\mayaUsd.dir\python\moduleDeps.cpp.obj
[2023-05-11T22:32:32.491Z]     [132/640] Building CXX object lib\mayaUsd\CMakeFiles\mayaUsd.dir\render\px_vp20\utils_legacy.cpp.obj
[2023-05-11T22:32:32.612Z]     [133/640] Building CXX object lib\mayaUsd\CMakeFiles\mayaUsd.dir\nodes\proxyShapeBase.cpp.obj
[2023-05-11T22:32:32.731Z]     [134/640] Building CXX object lib\mayaUsd\CMakeFiles\mayaUsd.dir\fileio\utils\writeUtil.cpp.obj
[2023-05-11T22:32:33.056Z]     [135/640] Building CXX object lib\mayaUsd\CMakeFiles\mayaUsd.dir\nodes\proxyShapeListenerBase.cpp.obj
[2023-05-11T22:32:33.286Z]     [136/640] Building CXX object lib\mayaUsd\CMakeFiles\mayaUsd.dir\render\px_vp20\utils.cpp.obj
[2023-05-11T22:32:35.136Z]     [137/640] Building CXX object lib\mayaUsd\CMakeFiles\mayaUsd.dir\nodes\stageData.cpp.obj
[2023-05-11T22:32:35.253Z]     [138/640] Building CXX object lib\mayaUsd\CMakeFiles\mayaUsd.dir\nodes\usdPrimProvider.cpp.obj
[2023-05-11T22:32:35.677Z]     [139/640] Building CXX object lib\mayaUsd\CMakeFiles\mayaUsd.dir\nodes\pointBasedDeformerNode.cpp.obj
[2023-05-11T22:32:36.204Z]     [140/640] Building CXX object lib\mayaUsd\CMakeFiles\mayaUsd.dir\nodes\stageNode.cpp.obj
[2023-05-11T22:32:37.947Z]     [141/640] Building CXX object lib\mayaUsd\CMakeFiles\mayaUsd.dir\nodes\proxyAccessor.cpp.obj
[2023-05-11T22:32:39.302Z]     [142/640] Building CXX object lib\mayaUsd\CMakeFiles\mayaUsd.dir\nodes\proxyShapePlugin.cpp.obj
[2023-05-11T22:32:39.427Z]     [143/640] Building CXX object lib\mayaUsd\CMakeFiles\mayaUsd.dir\render\pxrUsdMayaGL\hdImagingShapeDrawOverride.cpp.obj
[2023-05-11T22:32:39.427Z]     [144/640] Building CXX object lib\mayaUsd\CMakeFiles\mayaUsd.dir\nodes\layerManager.cpp.obj
[2023-05-11T22:32:39.751Z]     [145/640] Building CXX object lib\mayaUsd\CMakeFiles\mayaUsd.dir\render\pxrUsdMayaGL\batchRenderer.cpp.obj
[2023-05-11T22:32:40.687Z]     [146/640] Building CXX object lib\usd\translators\CMakeFiles\mayaUsd_Translators.dir\lightRfMWriter.cpp.obj
[2023-05-11T22:32:41.619Z]     [147/640] Building CXX object lib\mayaUsd\CMakeFiles\mayaUsd.dir\render\pxrUsdMayaGL\proxyShapeDelegate.cpp.obj
[2023-05-11T22:32:41.951Z]     [148/640] Building CXX object lib\mayaUsd\CMakeFiles\mayaUsd.dir\render\pxrUsdMayaGL\hdImagingShapeUI.cpp.obj
[2023-05-11T22:32:42.585Z]     [149/640] Building CXX object lib\mayaUsd\CMakeFiles\mayaUsd.dir\render\pxrUsdMayaGL\proxyShapeUI.cpp.obj
[2023-05-11T22:32:42.933Z]     [150/640] Building CXX object lib\mayaUsd\CMakeFiles\mayaUsd.dir\render\pxrUsdMayaGL\proxyDrawOverride.cpp.obj
[2023-05-11T22:32:42.933Z]     [151/640] Building CXX object lib\usd\translators\CMakeFiles\mayaUsd_Translators.dir\lightWriter.cpp.obj
[2023-05-11T22:32:43.061Z]     [152/640] Building CXX object lib\usd\translators\CMakeFiles\mayaUsd_Translators.dir\locatorWriter.cpp.obj
[2023-05-11T22:32:43.384Z]     [153/640] Building CXX object lib\mayaUsd\CMakeFiles\mayaUsd.dir\render\pxrUsdMayaGL\instancerImager.cpp.obj
[2023-05-11T22:32:43.530Z]     [154/640] Building CXX object lib\usd\translators\CMakeFiles\mayaUsd_Translators.dir\plugin.cpp.obj
[2023-05-11T22:32:43.663Z]     [155/640] Building CXX object lib\usd\translators\CMakeFiles\mayaUsd_Translators.dir\materialReader.cpp.obj
[2023-05-11T22:32:43.991Z]     [156/640] Building CXX object lib\usd\translators\CMakeFiles\mayaUsd_Translators.dir\lightRfMReader.cpp.obj
[2023-05-11T22:32:44.215Z]     [157/640] Building CXX object lib\mayaUsd\CMakeFiles\mayaUsd.dir\render\pxrUsdMayaGL\instancerShapeAdapter.cpp.obj
[2023-05-11T22:32:45.554Z]     [158/640] Building CXX object lib\usd\translators\CMakeFiles\mayaUsd_Translators.dir\shading\shadingTokens.cpp.obj
[2023-05-11T22:32:46.495Z]     [159/640] Building CXX object lib\usd\translators\CMakeFiles\mayaUsd_Translators.dir\mayaReferenceReader.cpp.obj
[2023-05-11T22:32:46.721Z]     [160/640] Building CXX object lib\usd\translators\CMakeFiles\mayaUsd_Translators.dir\meshReader.cpp.obj
[2023-05-11T22:32:47.459Z]     [161/640] Building CXX object lib\usd\translators\CMakeFiles\mayaUsd_Translators.dir\nurbsCurveWriter.cpp.obj
[2023-05-11T22:32:47.715Z]     [162/640] Building CXX object lib\usd\translators\CMakeFiles\mayaUsd_Translators.dir\meshWriter.cpp.obj
[2023-05-11T22:32:48.760Z]     [163/640] Building CXX object lib\usd\translators\CMakeFiles\mayaUsd_Translators.dir\nurbsCurvesReader.cpp.obj
[2023-05-11T22:32:49.697Z]     [164/640] Building CXX object lib\usd\translators\CMakeFiles\mayaUsd_Translators.dir\meshWriter_BlendShapes.cpp.obj
[2023-05-11T22:32:50.025Z]     [165/640] Building CXX object lib\usd\translators\CMakeFiles\mayaUsd_Translators.dir\skelReader.cpp.obj
[2023-05-11T22:32:50.460Z]     [166/640] Building CXX object lib\usd\translators\CMakeFiles\mayaUsd_Translators.dir\xformReader.cpp.obj
[2023-05-11T22:32:50.698Z]     [167/640] Building CXX object lib\usd\translators\CMakeFiles\mayaUsd_Translators.dir\scopeReader.cpp.obj
[2023-05-11T22:32:50.845Z]     [168/640] Building CXX object lib\usd\translators\CMakeFiles\mayaUsd_Translators.dir\nurbsPatchReader.cpp.obj
[2023-05-11T22:32:51.179Z]     [169/640] Building CXX object lib\usd\translators\CMakeFiles\mayaUsd_Translators.dir\particleWriter.cpp.obj
[2023-05-11T22:32:51.911Z]     [170/640] Building CXX object lib\usd\translators\CMakeFiles\mayaUsd_Translators.dir\strokeWriter.cpp.obj
[2023-05-11T22:32:52.138Z]     [171/640] Building CXX object lib\usd\translators\CMakeFiles\mayaUsd_Translators.dir\shading\usdBlinnReader.cpp.obj
[2023-05-11T22:32:52.139Z]     [172/640] Building CXX object lib\usd\translators\CMakeFiles\mayaUsd_Translators.dir\nurbsSurfaceWriter.cpp.obj
[2023-05-11T22:32:52.774Z]     [173/640] Building CXX object lib\usd\translators\CMakeFiles\mayaUsd_Translators.dir\lightRfMWriter_PxrMeshLight.cpp.obj
[2023-05-11T22:32:53.806Z]     [174/640] Building CXX object lib\usd\translators\CMakeFiles\mayaUsd_Translators.dir\shading\usdDisplacementShaderWriter.cpp.obj
[2023-05-11T22:32:53.925Z]     [175/640] Building CXX object lib\usd\translators\CMakeFiles\mayaUsd_Translators.dir\shading\usdBlinnWriter.cpp.obj
[2023-05-11T22:32:54.658Z]     [176/640] Building CXX object lib\usd\translators\CMakeFiles\mayaUsd_Translators.dir\shading\usdLambertReader.cpp.obj
[2023-05-11T22:32:54.777Z]     [177/640] Building CXX object lib\usd\schemas\CMakeFiles\mayaUsd_Schemas.dir\tokens.cpp.obj
[2023-05-11T22:32:55.610Z]     [178/640] Building CXX object lib\usd\translators\CMakeFiles\mayaUsd_Translators.dir\shading\usdLambertWriter.cpp.obj
[2023-05-11T22:32:56.851Z]     [179/640] Building CXX object lib\usd\translators\CMakeFiles\mayaUsd_Translators.dir\shading\usdReflectWriter.cpp.obj
[2023-05-11T22:32:56.972Z]     [180/640] Building CXX object lib\usd\translators\CMakeFiles\mayaUsd_Translators.dir\shading\usdFileTextureWriter.cpp.obj
[2023-05-11T22:32:57.193Z]     [181/640] Building CXX object lib\usd\schemas\CMakeFiles\_schemas.dir\module.cpp.obj
[2023-05-11T22:32:57.632Z]     [182/640] Building CXX object lib\usd\schemas\CMakeFiles\mayaUsd_Schemas.dir\ModuleDeps.cpp.obj
[2023-05-11T22:32:58.073Z]     [183/640] Building CXX object lib\usd\translators\CMakeFiles\mayaUsd_Translators.dir\shading\usdPhongReader.cpp.obj
[2023-05-11T22:32:58.300Z]     [184/640] Building CXX object lib\usd\translators\CMakeFiles\mayaUsd_Translators.dir\shading\usdMaterialReader.cpp.obj
[2023-05-11T22:32:58.621Z]     [185/640] Building CXX object lib\usd\utils\CMakeFiles\mayaUsdUtils.dir\DiffCore.cpp.obj
[2023-05-11T22:32:58.621Z]     [186/640] Building CXX object lib\usd\utils\CMakeFiles\mayaUsdUtils.dir\DebugCodes.cpp.obj
[2023-05-11T22:32:58.621Z]     [187/640] Building CXX object lib\usd\translators\CMakeFiles\mayaUsd_Translators.dir\shading\usdPhongEWriter.cpp.obj
[2023-05-11T22:32:58.737Z]     [188/640] Building CXX object lib\usd\translators\CMakeFiles\mayaUsd_Translators.dir\shading\usdPhongWriter.cpp.obj
[2023-05-11T22:32:59.165Z]     [189/640] Building CXX object lib\usd\translators\CMakeFiles\mayaUsd_Translators.dir\shading\usdStandardSurfaceWriter.cpp.obj
[2023-05-11T22:32:59.489Z]     [190/640] Building CXX object lib\usd\translators\CMakeFiles\mayaUsd_Translators.dir\shading\usdMaterialWriter.cpp.obj
[2023-05-11T22:32:59.816Z]     [191/640] Building CXX object lib\usd\translators\CMakeFiles\mayaUsd_Translators.dir\shading\usdPrimvarReaderFloat3Reader.cpp.obj
[2023-05-11T22:33:00.170Z]     [192/640] Building CXX object lib\usd\schemas\CMakeFiles\mayaUsd_Schemas.dir\ALMayaReference.cpp.obj
[2023-05-11T22:33:00.624Z]     [193/640] Building CXX object lib\usd\schemas\CMakeFiles\_schemas.dir\wrapTokens.cpp.obj
[2023-05-11T22:33:00.624Z]     [194/640] Building CXX object lib\usd\translators\CMakeFiles\mayaUsd_Translators.dir\shading\usdStandardSurfaceReader.cpp.obj
[2023-05-11T22:33:00.748Z]     [195/640] Copying api.h ...
[2023-05-11T22:33:00.748Z]     [196/640] Copying editUtil.h ...
[2023-05-11T22:33:00.870Z]     [197/640] Copying translatorModelAssembly.h ...
[2023-05-11T22:33:01.004Z]     [198/640] Copying exportCommand.h ...
[2023-05-11T22:33:01.004Z]     [199/640] Building CXX object lib\usd\schemas\CMakeFiles\mayaUsd_Schemas.dir\MayaReference.cpp.obj
[2023-05-11T22:33:01.004Z]     [200/640] Copying instancerShapeAdapterWithSceneAssembly.h ...
[2023-05-11T22:33:01.123Z]     [201/640] Copying importCommand.h ...
[2023-05-11T22:33:01.123Z]     [202/640] Copying importTranslator.h ...
[2023-05-11T22:33:01.244Z]     [203/640] Building CXX object lib\usd\translators\CMakeFiles\mayaUsd_Translators.dir\shading\usdUVTextureReader.cpp.obj
[2023-05-11T22:33:01.244Z]     [204/640] Copying proxyShape.h ...
[2023-05-11T22:33:01.244Z]     [205/640] Copying listShadingModesCommand.h ...
[2023-05-11T22:33:01.370Z]     [206/640] Copying readJobWithSceneAssembly.h ...
[2023-05-11T22:33:01.370Z]     [207/640] Generating AEpxrUsdReferenceAssemblyTemplate.pyc
[2023-05-11T22:33:01.370Z]     [208/640] Copying referenceAssembly.h ...
[2023-05-11T22:33:01.486Z]     [209/640] Generating __init__.pyc
[2023-05-11T22:33:01.486Z]     [210/640] Copying exportTranslator.h ...
[2023-05-11T22:33:01.604Z]     [211/640] Linking CXX shared library lib\usd\schemas\mayaUsd_Schemas.dll
[2023-05-11T22:33:01.604Z]     [212/640] Generating userExportedAttributesUI.pyc
[2023-05-11T22:33:02.540Z]     [213/640] Building CXX object lib\usd\translators\CMakeFiles\mayaUsd_Translators.dir\shading\rfmShaderTranslation.cpp.obj
[2023-05-11T22:33:03.678Z]     [214/640] Building CXX object lib\usd\utils\CMakeFiles\mayaUsdUtils.dir\MergePrimsOptions.cpp.obj
[2023-05-11T22:33:04.199Z]     [215/640] Building CXX object lib\usd\schemas\CMakeFiles\_schemas.dir\wrapMayaReference.cpp.obj
[2023-05-11T22:33:05.155Z]     [216/640] Building CXX object lib\usd\utils\CMakeFiles\mayaUsdUtils.dir\DiffAttributes.cpp.obj
[2023-05-11T22:33:05.301Z]     [217/640] Building CXX object lib\usd\utils\CMakeFiles\mayaUsdUtils.dir\DiffDictionaries.cpp.obj
[2023-05-11T22:33:05.687Z]     [218/640] Building CXX object lib\usd\utils\CMakeFiles\mayaUsdUtils.dir\DiffMetadatas.cpp.obj
[2023-05-11T22:33:06.181Z]     [219/640] Building CXX object lib\usd\utils\CMakeFiles\mayaUsdUtils.dir\util.cpp.obj
[2023-05-11T22:33:06.318Z]     [220/640] Building CXX object lib\usd\schemas\CMakeFiles\_schemas.dir\wrapALMayaReference.cpp.obj
[2023-05-11T22:33:06.318Z]     [221/640] Building CXX object plugin\pxr\maya\lib\usdMaya\CMakeFiles\usdMaya.dir\listShadingModesCommand.cpp.obj
[2023-05-11T22:33:06.565Z]     [222/640] Building CXX object lib\usd\utils\CMakeFiles\mayaUsdUtils.dir\DiffLists.cpp.obj
[2023-05-11T22:33:07.001Z]     [223/640] Building CXX object lib\usd\utils\CMakeFiles\mayaUsdUtils.dir\DiffRelationships.cpp.obj
[2023-05-11T22:33:07.126Z]     [224/640] Linking CXX shared library lib\usd\schemas\_schemas.pyd
[2023-05-11T22:33:07.126Z]     [225/640] Building CXX object lib\usd\utils\CMakeFiles\mayaUsdUtils.dir\DiffValues.cpp.obj
[2023-05-11T22:33:07.248Z]     [226/640] Building CXX object plugin\pxr\maya\lib\usdMaya\CMakeFiles\_usdMaya.dir\module.cpp.obj
[2023-05-11T22:33:07.368Z]     [227/640] Building CXX object lib\usd\utils\CMakeFiles\mayaUsdUtils.dir\DiffPrims.cpp.obj
[2023-05-11T22:33:07.368Z]     [228/640] Copying api.h ...
[2023-05-11T22:33:07.368Z]     [229/640] Copying api.h ...
[2023-05-11T22:33:09.221Z]     [230/640] Building CXX object lib\usd\utils\CMakeFiles\mayaUsdUtils.dir\MergePrims.cpp.obj
[2023-05-11T22:33:09.221Z]     [231/640] Building CXX object plugin\pxr\maya\lib\usdMaya\CMakeFiles\usdMaya.dir\exportCommand.cpp.obj
[2023-05-11T22:33:09.950Z]     [232/640] Building CXX object plugin\pxr\maya\lib\usdMaya\CMakeFiles\usdMaya.dir\readJobWithSceneAssembly.cpp.obj
[2023-05-11T22:33:09.950Z]     [233/640] Linking CXX shared library lib\usd\utils\mayaUsdUtils.dll
[2023-05-11T22:33:10.487Z]     [234/640] Linking CXX executable test\lib\usd\utils\testDiffCore.exe
[2023-05-11T22:33:11.041Z]     [235/640] Building CXX object plugin\al\utils\AL\CMakeFiles\AL_EventSystem.dir\event\EventHandler.cpp.obj
[2023-05-11T22:33:11.171Z]     [236/640] Building CXX object plugin\pxr\maya\lib\usdMaya\CMakeFiles\usdMaya.dir\readJob_ImportWithProxies.cpp.obj
[2023-05-11T22:33:11.394Z]     [237/640] Building CXX object plugin\pxr\maya\lib\usdMaya\CMakeFiles\usdMaya.dir\editUtil.cpp.obj
[2023-05-11T22:33:11.512Z]     [238/640] Linking CXX executable test\lib\usd\utils\testDiffValues.exe
[2023-05-11T22:33:11.631Z]     [239/640] Linking CXX executable test\lib\usd\utils\testDiffPrims.exe
[2023-05-11T22:33:11.751Z]     [240/640] Linking CXX executable test\lib\usd\utils\testDiffLists.exe
[2023-05-11T22:33:11.975Z]     [241/640] Linking CXX executable test\lib\usd\utils\testDiffAttributes.exe
[2023-05-11T22:33:12.112Z]     [242/640] Linking CXX executable test\lib\usd\utils\testDiffRelationships.exe
[2023-05-11T22:33:12.238Z]     [243/640] Linking CXX executable test\lib\usd\utils\testDiffMetadatas.exe
[2023-05-11T22:33:12.238Z]     [244/640] Linking CXX executable test\lib\usd\utils\testDiffDictionaries.exe
[2023-05-11T22:33:12.569Z]     [245/640] Linking CXX executable test\lib\usd\utils\testDiffComputeOverall.exe
[2023-05-11T22:33:12.569Z]     [246/640] Linking CXX executable test\lib\usd\utils\testMergePrims.exe
[2023-05-11T22:33:12.705Z]     [247/640] Linking CXX shared library plugin\al\utils\AL\AL_EventSystem.dll
[2023-05-11T22:33:13.027Z]     [248/640] Building CXX object plugin\pxr\maya\lib\usdMaya\CMakeFiles\usdMaya.dir\importCommand.cpp.obj
[2023-05-11T22:33:13.027Z]     [249/640] Building CXX object plugin\pxr\maya\lib\usdMaya\CMakeFiles\usdMaya.dir\exportTranslator.cpp.obj
[2023-05-11T22:33:13.717Z]     [250/640] Building CXX object plugin\al\mayautils\AL\maya\CMakeFiles\AL_MayaUtils.dir\utils\MenuBuilder.cpp.obj
[2023-05-11T22:33:13.938Z]     [251/640] Building CXX object plugin\al\mayautils\AL\maya\CMakeFiles\AL_MayaUtils.dir\utils\FileTranslatorOptions.cpp.obj
[2023-05-11T22:33:13.938Z]     [252/640] Building CXX object plugin\al\mayatest\AL\maya\test\CMakeFiles\AL_MayaTest.dir\testHarness.cpp.obj
[2023-05-11T22:33:14.076Z]     [253/640] Building CXX object plugin\pxr\maya\lib\usdMaya\CMakeFiles\_usdMaya.dir\wrapAssembly.cpp.obj
[2023-05-11T22:33:14.076Z]     [254/640] Building CXX object plugin\pxr\maya\lib\usdMaya\CMakeFiles\usdMaya.dir\translatorModelAssembly.cpp.obj
[2023-05-11T22:33:14.504Z]     [255/640] Building CXX object plugin\al\mayatest\AL\maya\test\CMakeFiles\AL_MayaTest.dir\testHelpers.cpp.obj
[2023-05-11T22:33:14.630Z]     [256/640] Building CXX object plugin\al\mayautils\AL\maya\CMakeFiles\AL_MayaUtils.dir\event\MayaEventManager.cpp.obj
[2023-05-11T22:33:14.756Z]     [257/640] Building CXX object plugin\al\mayautils\AL\maya\CMakeFiles\AL_MayaUtils.dir\utils\NodeHelper.cpp.obj
[2023-05-11T22:33:14.756Z]     [258/640] Building CXX object plugin\pxr\maya\plugin\pxrUsd\CMakeFiles\pxrUsd.dir\usdTranslator.cpp.obj
[2023-05-11T22:33:14.756Z]     [259/640] Building CXX object plugin\pxr\maya\lib\usdMaya\CMakeFiles\usdMaya.dir\importTranslator.cpp.obj
[2023-05-11T22:33:14.756Z]     [260/640] Building CXX object plugin\al\mayautils\AL\maya\CMakeFiles\AL_MayaUtils.dir\utils\Utils.cpp.obj
[2023-05-11T22:33:15.198Z]     [261/640] Building CXX object plugin\al\mayautils\AL\maya\CMakeFiles\AL_MayaUtils.dir\utils\PluginTranslatorOptions.cpp.obj
[2023-05-11T22:33:15.423Z]     [262/640] Linking CXX shared library plugin\al\mayatest\AL\maya\test\AL_MayaTest.dll
[2023-05-11T22:33:15.655Z]     [263/640] Building CXX object plugin\al\mayautils\AL\maya\CMakeFiles\AL_MayaUtils.dir\utils\CommandGuiHelper.cpp.obj
[2023-05-11T22:33:15.655Z]     [264/640] Building CXX object plugin\al\mayautils\AL\maya\tests\mayaplugintest\CMakeFiles\AL_MayaUtilsTests.dir\plugin.cpp.obj
[2023-05-11T22:33:15.655Z]     [265/640] Building CXX object plugin\pxr\maya\lib\usdMaya\CMakeFiles\usdMaya.dir\instancerShapeAdapterWithSceneAssembly.cpp.obj
[2023-05-11T22:33:15.790Z]     [266/640] Building CXX object plugin\al\mayautils\AL\maya\tests\mayaplugintest\CMakeFiles\AL_MayaUtilsTests.dir\utils\CommandGuiHelperTest.cpp.obj
[2023-05-11T22:33:15.790Z]     [267/640] Building CXX object plugin\al\mayautils\AL\maya\tests\mayaplugintest\CMakeFiles\AL_MayaUtilsTests.dir\utils\NodeHelperUnitTest.cpp.obj
[2023-05-11T22:33:15.918Z]     [268/640] Building CXX object plugin\al\mayautils\AL\maya\tests\mayaplugintest\CMakeFiles\AL_MayaUtilsTests.dir\test_mobjectmap.cpp.obj
[2023-05-11T22:33:16.291Z]     [269/640] Building CXX object plugin\al\mayautils\AL\maya\tests\mayaplugintest\CMakeFiles\AL_MayaUtilsTests.dir\utils\PluginTranslatorOptionsTest.cpp.obj
[2023-05-11T22:33:16.413Z]     [270/640] Building CXX object plugin\pxr\maya\lib\usdMaya\CMakeFiles\_usdMaya.dir\wrapEditUtil.cpp.obj
[2023-05-11T22:33:16.551Z]     [271/640] Building CXX object plugin\al\mayautils\AL\maya\tests\mayaplugintest\CMakeFiles\AL_MayaUtilsTests.dir\test_maya_MenuBuilder.cpp.obj
[2023-05-11T22:33:16.551Z]     [272/640] Linking CXX shared library plugin\al\mayautils\AL\maya\AL_MayaUtils.dll
[2023-05-11T22:33:16.551Z]     [273/640] Building CXX object plugin\al\usdtransaction\AL\usd\transaction\CMakeFiles\_AL_USDTransaction.dir\module.cpp.obj
[2023-05-11T22:33:17.094Z]     [274/640] Building CXX object plugin\pxr\maya\plugin\pxrUsd\CMakeFiles\pxrUsd.dir\alembicChaser.cpp.obj
[2023-05-11T22:33:17.094Z]     [275/640] Building CXX object plugin\al\mayautils\AL\maya\tests\mayaplugintest\CMakeFiles\AL_MayaUtilsTests.dir\test_maya_NodeHelper.cpp.obj
[2023-05-11T22:33:17.822Z]     [276/640] Linking CXX shared library plugin\al\mayautils\AL\maya\tests\mayaplugintest\AL_MayaUtilsTests.mll
[2023-05-11T22:33:19.081Z]     [277/640] Building CXX object plugin\pxr\maya\lib\usdMaya\CMakeFiles\usdMaya.dir\proxyShape.cpp.obj
[2023-05-11T22:33:19.814Z]     [278/640] Building CXX object lib\mayaUsd\CMakeFiles\mayaUsd.dir\ufe\private\UfeNotifGuard.cpp.obj
[2023-05-11T22:33:20.136Z]     [279/640] Building CXX object plugin\pxr\maya\lib\usdMaya\CMakeFiles\usdMaya.dir\referenceAssembly.cpp.obj
[2023-05-11T22:33:20.136Z]     [280/640] Building CXX object plugin\pxr\maya\plugin\pxrUsd\CMakeFiles\pxrUsd.dir\plugin.cpp.obj
[2023-05-11T22:33:21.774Z]     [281/640] Building CXX object plugin\al\usdtransaction\AL\usd\transaction\CMakeFiles\AL_USDTransaction.dir\Transaction.cpp.obj
[2023-05-11T22:33:21.774Z]     [282/640] Building CXX object plugin\al\usdtransaction\AL\usd\transaction\CMakeFiles\AL_USDTransaction.dir\Notice.cpp.obj
[2023-05-11T22:33:22.119Z]     [283/640] Building CXX object plugin\al\usdmayautils\AL\usdmaya\utils\CMakeFiles\AL_USDMayaUtils.dir\AttributeType.cpp.obj
[2023-05-11T22:33:22.335Z]     [284/640] Building CXX object plugin\al\usdtransaction\AL\usd\transaction\CMakeFiles\AL_USDTransaction.dir\TransactionManager.cpp.obj
[2023-05-11T22:33:22.857Z]     [285/640] Linking CXX shared library plugin\al\usdtransaction\AL\usd\transaction\AL_USDTransaction.dll
[2023-05-11T22:33:22.857Z]     [286/640] Building CXX object plugin\al\usdmayautils\AL\usdmaya\utils\CMakeFiles\AL_USDMayaUtils.dir\Utils.cpp.obj
[2023-05-11T22:33:23.179Z]     [287/640] Building CXX object lib\mayaUsd\CMakeFiles\mayaUsd.dir\render\pxrUsdMayaGL\userData.cpp.obj
[2023-05-11T22:33:23.851Z]     [288/640] Building CXX object lib\mayaUsd\CMakeFiles\mayaUsd.dir\render\pxrUsdMayaGL\softSelectHelper.cpp.obj
[2023-05-11T22:33:23.969Z]     [289/640] Building CXX object plugin\al\usdtransaction\AL\usd\transaction\CMakeFiles\_AL_USDTransaction.dir\wrapNotice.cpp.obj
[2023-05-11T22:33:23.969Z]     [290/640] Building CXX object plugin\al\usdmayautils\AL\usdmaya\utils\CMakeFiles\AL_USDMayaUtils.dir\AnimationTranslator.cpp.obj
[2023-05-11T22:33:24.093Z]     [291/640] Building CXX object plugin\al\usdmayautils\AL\usdmaya\utils\CMakeFiles\AL_USDMayaUtils.dir\NurbsCurveUtils.cpp.obj
[2023-05-11T22:33:24.242Z]     [292/640] Building CXX object plugin\al\usdmayautils\AL\usdmaya\utils\CMakeFiles\AL_USDMayaUtils.dir\DiffPrimVar.cpp.obj
[2023-05-11T22:33:24.977Z]     [293/640] Building CXX object plugin\al\usdtransaction\AL\usd\transaction\CMakeFiles\_AL_USDTransaction.dir\wrapTransaction.cpp.obj
[2023-05-11T22:33:25.398Z]     [294/640] Building CXX object plugin\al\usdmayautils\AL\usdmaya\utils\CMakeFiles\AL_USDMayaUtils.dir\MeshUtils.cpp.obj
[2023-05-11T22:33:25.521Z]     [295/640] Building CXX object plugin\al\usdmayautils\AL\usdmaya\utils\CMakeFiles\AL_USDMayaUtils.dir\DgNodeHelper.cpp.obj
[2023-05-11T22:33:25.640Z]     [296/640] Building CXX object lib\mayaUsd\CMakeFiles\mayaUsd.dir\ufe\moduleDeps.cpp.obj
[2023-05-11T22:33:25.960Z]     [297/640] Building CXX object lib\mayaUsd\CMakeFiles\mayaUsd.dir\render\vp2RenderDelegate\debugCodes.cpp.obj
[2023-05-11T22:33:26.178Z]     [298/640] Building CXX object plugin\al\usdtransaction\AL\usd\transaction\CMakeFiles\_AL_USDTransaction.dir\wrapTransactionManager.cpp.obj
[2023-05-11T22:33:26.300Z]     [299/640] Linking CXX shared library plugin\al\usdmayautils\AL\usdmaya\utils\AL_USDMayaUtils.dll
[2023-05-11T22:33:26.420Z]     [300/640] Building CXX object lib\mayaUsd\CMakeFiles\mayaUsd.dir\render\vp2RenderDelegate\bboxGeom.cpp.obj
[2023-05-11T22:33:26.420Z]     [301/640] Building CXX object lib\mayaUsd\CMakeFiles\mayaUsd.dir\render\vp2RenderDelegate\meshViewportCompute.cpp.obj
[2023-05-11T22:33:26.740Z]     [302/640] Linking CXX shared library plugin\al\usdtransaction\AL\usd\transaction\_AL_USDTransaction.pyd
[2023-05-11T22:33:28.896Z]     [303/640] Building CXX object lib\mayaUsd\CMakeFiles\mayaUsd.dir\ufe\UsdUndoDeleteCommand.cpp.obj
[2023-05-11T22:33:30.031Z]     [304/640] Building CXX object lib\mayaUsd\CMakeFiles\mayaUsd.dir\render\vp2RenderDelegate\instancer.cpp.obj
[2023-05-11T22:33:30.153Z]     [305/640] Building CXX object lib\mayaUsd\CMakeFiles\mayaUsd.dir\render\vp2RenderDelegate\draw_item.cpp.obj
[2023-05-11T22:33:30.586Z]     [306/640] Building CXX object lib\mayaUsd\CMakeFiles\mayaUsd.dir\ufe\UsdUndoDuplicateCommand.cpp.obj
[2023-05-11T22:33:30.586Z]     [307/640] Building CXX object lib\mayaUsd\CMakeFiles\mayaUsd.dir\render\vp2RenderDelegate\extComputation.cpp.obj
[2023-05-11T22:33:31.853Z]     [308/640] Building CXX object lib\mayaUsd\CMakeFiles\mayaUsd.dir\render\pxrUsdMayaGL\sceneDelegate.cpp.obj
[2023-05-11T22:33:32.076Z]     [309/640] Building CXX object lib\mayaUsd\CMakeFiles\mayaUsd.dir\render\vp2RenderDelegate\shader.cpp.obj
[2023-05-11T22:33:32.394Z]     [310/640] Building CXX object lib\mayaUsd\CMakeFiles\mayaUsd.dir\ufe\Utils.cpp.obj
[2023-05-11T22:33:33.039Z]     [311/640] Building CXX object lib\mayaUsd\CMakeFiles\mayaUsd.dir\ufe\UsdUndoRenameCommand.cpp.obj
[2023-05-11T22:33:33.162Z]     [312/640] Building CXX object lib\mayaUsd\CMakeFiles\mayaUsd.dir\render\pxrUsdMayaGL\shapeAdapter.cpp.obj
[2023-05-11T22:33:33.277Z]     [313/640] Building CXX object lib\mayaUsd\CMakeFiles\mayaUsd.dir\render\vp2RenderDelegate\tokens.cpp.obj
[2023-05-11T22:33:33.802Z]     [314/640] Building CXX object lib\mayaUsd\CMakeFiles\mayaUsd.dir\render\vp2RenderDelegate\sampler.cpp.obj
[2023-05-11T22:33:34.239Z]     [315/640] Building CXX object lib\mayaUsd\CMakeFiles\mayaUsd.dir\render\vp2ShaderFragments\shaderFragments.cpp.obj
[2023-05-11T22:33:34.861Z]     [316/640] Building CXX object lib\mayaUsd\CMakeFiles\mayaUsd.dir\render\pxrUsdMayaGL\usdProxyShapeAdapter.cpp.obj
[2023-05-11T22:33:35.422Z]     [317/640] Building CXX object lib\mayaUsd\CMakeFiles\mayaUsd.dir\render\vp2RenderDelegate\render_param.cpp.obj
[2023-05-11T22:33:36.679Z]     [318/640] Building CXX object lib\mayaUsd\CMakeFiles\mayaUsd.dir\render\vp2RenderDelegate\mayaPrimCommon.cpp.obj
[2023-05-11T22:33:37.230Z]     [319/640] Building CXX object lib\mayaUsd\CMakeFiles\mayaUsd.dir\render\vp2RenderDelegate\material.cpp.obj
[2023-05-11T22:33:37.881Z]     [320/640] Building CXX object lib\mayaUsd\CMakeFiles\mayaUsd.dir\render\vp2RenderDelegate\basisCurves.cpp.obj
[2023-05-11T22:33:37.881Z]     [321/640] Building CXX object lib\mayaUsd\CMakeFiles\mayaUsd.dir\render\vp2RenderDelegate\proxyRenderDelegate.cpp.obj
[2023-05-11T22:33:39.025Z]     [322/640] Building CXX object lib\mayaUsd\CMakeFiles\mayaUsd.dir\render\vp2RenderDelegate\mesh.cpp.obj
[2023-05-11T22:33:40.064Z]     [323/640] Building CXX object lib\mayaUsd\CMakeFiles\mayaUsd.dir\ufe\ProxyShapeHandler.cpp.obj
[2023-05-11T22:33:40.793Z]     [324/640] Building CXX object lib\mayaUsd\CMakeFiles\mayaUsd.dir\render\vp2RenderDelegate\render_delegate.cpp.obj
[2023-05-11T22:33:41.014Z]     [325/640] Building CXX object lib\mayaUsd\CMakeFiles\mayaUsd.dir\render\vp2RenderDelegate\points.cpp.obj
[2023-05-11T22:33:41.736Z]     [326/640] Building CXX object lib\mayaUsd\CMakeFiles\mayaUsd.dir\ufe\SetVariantSelectionCommand.cpp.obj
[2023-05-11T22:33:42.258Z]     [327/640] Building CXX object lib\mayaUsd\CMakeFiles\mayaUsd.dir\ufe\ProxyShapeHierarchyHandler.cpp.obj
[2023-05-11T22:33:43.694Z]     [328/640] Building CXX object lib\mayaUsd\CMakeFiles\mayaUsd.dir\ufe\StagesSubject.cpp.obj
[2023-05-11T22:33:44.855Z]     [329/640] Building CXX object lib\mayaUsd\CMakeFiles\mayaUsd.dir\ufe\ProxyShapeHierarchy.cpp.obj
[2023-05-11T22:33:45.280Z]     [330/640] Building CXX object lib\mayaUsd\CMakeFiles\mayaUsd.dir\ufe\Global.cpp.obj
[2023-05-11T22:33:45.280Z]     [331/640] Building CXX object lib\mayaUsd\CMakeFiles\mayaUsd.dir\ufe\UsdHierarchyHandler.cpp.obj
[2023-05-11T22:33:46.019Z]     [332/640] Building CXX object lib\mayaUsd\CMakeFiles\mayaUsd.dir\ufe\UsdPointInstanceOrientationModifier.cpp.obj
[2023-05-11T22:33:47.148Z]     [333/640] Building CXX object lib\mayaUsd\CMakeFiles\mayaUsd.dir\ufe\UsdRootChildHierarchy.cpp.obj
[2023-05-11T22:33:47.676Z]     [334/640] Building CXX object lib\mayaUsd\CMakeFiles\mayaUsd.dir\ufe\UsdScaleUndoableCommand.cpp.obj
[2023-05-11T22:33:47.676Z]     [335/640] Building CXX object lib\mayaUsd\CMakeFiles\mayaUsd.dir\ufe\UsdPointInstancePositionModifier.cpp.obj
[2023-05-11T22:33:47.795Z]     [336/640] Building CXX object lib\mayaUsd\CMakeFiles\mayaUsd.dir\ufe\UsdPointInstanceScaleModifier.cpp.obj
[2023-05-11T22:33:47.913Z]     [337/640] Building CXX object lib\mayaUsd\CMakeFiles\mayaUsd.dir\ufe\UsdHierarchy.cpp.obj
[2023-05-11T22:33:48.337Z]     [338/640] Building CXX object lib\mayaUsd\CMakeFiles\mayaUsd.dir\undo\OpUndoItemRecorder.cpp.obj
[2023-05-11T22:33:48.661Z]     [339/640] Building CXX object lib\mayaUsd\CMakeFiles\mayaUsd.dir\ufe\UsdSceneItemOps.cpp.obj
[2023-05-11T22:33:49.403Z]     [340/640] Building CXX object lib\mayaUsd\CMakeFiles\mayaUsd.dir\utils\blockSceneModificationContext.cpp.obj
[2023-05-11T22:33:49.730Z]     [341/640] Building CXX object lib\mayaUsd\CMakeFiles\mayaUsd.dir\ufe\UsdSceneItem.cpp.obj
[2023-05-11T22:33:49.851Z]     [342/640] Building CXX object lib\mayaUsd\CMakeFiles\mayaUsd.dir\ufe\UsdRotatePivotTranslateUndoableCommand.cpp.obj
[2023-05-11T22:33:50.487Z]     [343/640] Building CXX object lib\mayaUsd\CMakeFiles\mayaUsd.dir\ufe\UsdTRSUndoableCommandBase.cpp.obj
[2023-05-11T22:33:50.487Z]     [344/640] Building CXX object lib\mayaUsd\CMakeFiles\mayaUsd.dir\undo\OpUndoItemList.cpp.obj
[2023-05-11T22:33:50.812Z]     [345/640] Building CXX object lib\mayaUsd\CMakeFiles\mayaUsd.dir\undo\UsdUndoableItem.cpp.obj
[2023-05-11T22:33:50.812Z]     [346/640] Building CXX object lib\mayaUsd\CMakeFiles\mayaUsd.dir\ufe\UsdRotateUndoableCommand.cpp.obj
[2023-05-11T22:33:51.236Z]     [347/640] Building CXX object lib\mayaUsd\CMakeFiles\mayaUsd.dir\utils\colorSpace.cpp.obj
[2023-05-11T22:33:51.464Z]     [348/640] Building CXX object lib\mayaUsd\CMakeFiles\mayaUsd.dir\utils\dynamicAttribute.cpp.obj
[2023-05-11T22:33:51.991Z]     [349/640] Building CXX object lib\mayaUsd\CMakeFiles\mayaUsd.dir\ufe\UsdStageMap.cpp.obj
[2023-05-11T22:33:53.222Z]     [350/640] Building CXX object lib\mayaUsd\CMakeFiles\mayaUsd.dir\ufe\UsdTransform3dHandler.cpp.obj
[2023-05-11T22:33:53.950Z]     [351/640] Building CXX object lib\mayaUsd\CMakeFiles\mayaUsd.dir\utils\diagnosticDelegate.cpp.obj
[2023-05-11T22:33:54.275Z]     [352/640] Building CXX object lib\mayaUsd\CMakeFiles\mayaUsd.dir\undo\UsdUndoBlock.cpp.obj
[2023-05-11T22:33:54.275Z]     [353/640] Building CXX object lib\mayaUsd\CMakeFiles\mayaUsd.dir\ufe\UsdSceneItemOpsHandler.cpp.obj
[2023-05-11T22:33:55.030Z]     [354/640] Building CXX object lib\mayaUsd\CMakeFiles\mayaUsd.dir\undo\UsdUndoManager.cpp.obj
[2023-05-11T22:33:55.149Z]     [355/640] Building CXX object lib\mayaUsd\CMakeFiles\mayaUsd.dir\ufe\private\Utils.cpp.obj
[2023-05-11T22:33:55.149Z]     [356/640] Building CXX object lib\mayaUsd\CMakeFiles\mayaUsd.dir\ufe\UsdTransform3dReadImpl.cpp.obj
[2023-05-11T22:33:55.266Z]     [357/640] Building CXX object lib\mayaUsd\CMakeFiles\mayaUsd.dir\ufe\UsdTransform3d.cpp.obj
[2023-05-11T22:33:55.899Z]     [358/640] Building CXX object lib\mayaUsd\CMakeFiles\mayaUsd.dir\utils\customLayerData.cpp.obj
[2023-05-11T22:33:56.241Z]     [359/640] Building CXX object lib\mayaUsd\CMakeFiles\mayaUsd.dir\ufe\UsdTranslateUndoableCommand.cpp.obj
[2023-05-11T22:33:56.790Z]     [360/640] Building CXX object lib\mayaUsd\CMakeFiles\mayaUsd.dir\utils\converter.cpp.obj
[2023-05-11T22:33:57.115Z]     [361/640] Building CXX object lib\mayaUsd\CMakeFiles\mayaUsd.dir\utils\progressBarScope.cpp.obj
[2023-05-11T22:33:57.115Z]     [362/640] Building CXX object lib\mayaUsd\CMakeFiles\mayaUsd.dir\undo\UsdUndoStateDelegate.cpp.obj
[2023-05-11T22:33:58.150Z]     [363/640] Building CXX object lib\mayaUsd\CMakeFiles\mayaUsd.dir\undo\OpUndoItems.cpp.obj
[2023-05-11T22:33:58.580Z]     [364/640] Building CXX object lib\mayaUsd\CMakeFiles\mayaUsd.dir\utils\plugRegistryHelper.cpp.obj
[2023-05-11T22:33:58.580Z]     [365/640] Building CXX object lib\mayaUsd\CMakeFiles\mayaUsd.dir\utils\editability.cpp.obj
[2023-05-11T22:33:59.209Z]     [366/640] Building CXX object lib\mayaUsd\CMakeFiles\mayaUsd.dir\utils\editRouter.cpp.obj
[2023-05-11T22:33:59.633Z]     [367/640] Building CXX object lib\mayaUsd\CMakeFiles\mayaUsd.dir\utils\editRouterContext.cpp.obj
[2023-05-11T22:34:01.190Z]     [368/640] Building CXX object lib\mayaUsd\CMakeFiles\mayaUsd.dir\utils\loadRules.cpp.obj
[2023-05-11T22:34:01.312Z]     [369/640] Building CXX object lib\mayaUsd\CMakeFiles\mayaUsd.dir\utils\layers.cpp.obj
[2023-05-11T22:34:01.640Z]     [370/640] Building CXX object lib\mayaUsd\python\CMakeFiles\_mayaUsd.dir\module.cpp.obj
[2023-05-11T22:34:01.762Z]     [371/640] Building CXX object lib\mayaUsd\CMakeFiles\mayaUsd.dir\utils\loadRulesText.cpp.obj
[2023-05-11T22:34:01.762Z]     [372/640] Building CXX object lib\mayaUsd\CMakeFiles\mayaUsd.dir\utils\layerMuting.cpp.obj
[2023-05-11T22:34:01.886Z]     [373/640] Building CXX object lib\mayaUsd\CMakeFiles\mayaUsd.dir\utils\targetLayer.cpp.obj
[2023-05-11T22:34:02.110Z]     [374/640] Building CXX object lib\mayaUsd\CMakeFiles\mayaUsd.dir\utils\stageCache.cpp.obj
[2023-05-11T22:34:02.110Z]     [375/640] Building CXX object lib\mayaUsd\CMakeFiles\mayaUsd.dir\utils\query.cpp.obj
[2023-05-11T22:34:02.538Z]     [376/640] Building CXX object lib\mayaUsd\CMakeFiles\mayaUsd.dir\utils\loadRulesAttribute.cpp.obj
[2023-05-11T22:34:02.538Z]     [377/640] Building CXX object lib\mayaUsd\CMakeFiles\mayaUsd.dir\utils\traverseLayer.cpp.obj
[2023-05-11T22:34:03.672Z]     [378/640] Building CXX object lib\mayaUsd\CMakeFiles\mayaUsd.dir\utils\selectability.cpp.obj
[2023-05-11T22:34:04.602Z]     [379/640] Building CXX object lib\mayaUsd\python\CMakeFiles\_mayaUsd.dir\wrapColorSpace.cpp.obj
[2023-05-11T22:34:04.825Z]     [380/640] Building CXX object lib\mayaUsd\CMakeFiles\mayaUsd.dir\utils\utilFileSystem.cpp.obj
[2023-05-11T22:34:05.555Z]     [381/640] Building CXX object lib\mayaUsd\python\CMakeFiles\_mayaUsd.dir\wrapBlockSceneModificationContext.cpp.obj
[2023-05-11T22:34:05.802Z]     [382/640] Building CXX object lib\mayaUsd\python\CMakeFiles\_mayaUsd.dir\pythonObjectRegistry.cpp.obj
[2023-05-11T22:34:06.053Z]     [383/640] Building CXX object lib\mayaUsd\CMakeFiles\mayaUsd.dir\utils\utilDictionary.cpp.obj
[2023-05-11T22:34:06.173Z]     [384/640] Building CXX object lib\mayaUsd\CMakeFiles\mayaUsd.dir\utils\variants.cpp.obj
[2023-05-11T22:34:06.292Z]     [385/640] Building CXX object lib\mayaUsd\CMakeFiles\mayaUsd.dir\utils\undoHelperCommand.cpp.obj
[2023-05-11T22:34:06.515Z]     [386/640] Building CXX object lib\mayaUsd\CMakeFiles\mayaUsd.dir\utils\utilSerialization.cpp.obj
[2023-05-11T22:34:07.452Z]     [387/640] Building CXX object lib\mayaUsd\python\CMakeFiles\_mayaUsd.dir\wrapDiagnosticDelegate.cpp.obj
[2023-05-11T22:34:07.570Z]     [388/640] Building CXX object lib\mayaUsd\python\CMakeFiles\_mayaUsd.dir\wrapOpUndoItem.cpp.obj
[2023-05-11T22:34:08.816Z]     [389/640] Building CXX object lib\mayaUsd\python\CMakeFiles\_mayaUsd.dir\wrapSparseValueWriter.cpp.obj
[2023-05-11T22:34:09.046Z]     [390/640] Building CXX object lib\mayaUsd\python\CMakeFiles\_mayaUsd.dir\wrapQuery.cpp.obj
[2023-05-11T22:34:09.285Z]     [391/640] Building CXX object lib\mayaUsd\python\CMakeFiles\_mayaUsd.dir\wrapConverter.cpp.obj
[2023-05-11T22:34:09.710Z]     [392/640] Building CXX object lib\mayaUsd\python\CMakeFiles\_mayaUsd.dir\wrapEditRouter.cpp.obj
[2023-05-11T22:34:10.654Z]     [393/640] Building CXX object lib\mayaUsd\CMakeFiles\mayaUsd.dir\utils\util.cpp.obj
[2023-05-11T22:34:10.654Z]     [394/640] Building CXX object lib\mayaUsd\python\CMakeFiles\_mayaUsd.dir\wrapTokens.cpp.obj
[2023-05-11T22:34:11.185Z]     [395/640] Building CXX object lib\mayaUsd\python\CMakeFiles\_mayaUsd.dir\wrapAdaptor.cpp.obj
[2023-05-11T22:34:12.838Z]     [396/640] Building CXX object lib\mayaUsd\python\CMakeFiles\_mayaUsd.dir\wrapUsdUndoManager.cpp.obj
[2023-05-11T22:34:13.068Z]     [397/640] Building CXX object lib\mayaUsd\python\CMakeFiles\_mayaUsd.dir\wrapReadUtil.cpp.obj
[2023-05-11T22:34:13.188Z]     [398/640] Building CXX object lib\mayaUsd\python\CMakeFiles\_mayaUsd.dir\wrapRoundTripUtil.cpp.obj
[2023-05-11T22:34:14.535Z]     [399/640] Building CXX object lib\mayaUsd\python\CMakeFiles\_mayaUsd.dir\wrapTranslatorUtil.cpp.obj
[2023-05-11T22:34:14.655Z]     [400/640] Building CXX object lib\mayaUsd\python\CMakeFiles\_mayaUsd.dir\wrapStageCache.cpp.obj
[2023-05-11T22:34:14.774Z]     [401/640] Building CXX object lib\mayaUsd\python\CMakeFiles\_mayaUsd.dir\wrapMeshWriteUtils.cpp.obj
[2023-05-11T22:34:14.995Z]     [402/640] Building CXX object lib\mayaUsd\python\CMakeFiles\_mayaUsd.dir\wrapUtil.cpp.obj
[2023-05-11T22:34:14.995Z]     [403/640] Building CXX object lib\mayaUsd\ufe\CMakeFiles\_ufe.dir\module.cpp.obj
[2023-05-11T22:34:15.218Z]     [404/640] Linking CXX shared library lib\mayaUsd\mayaUsd.dll
[2023-05-11T22:34:15.340Z]     [405/640] Building CXX object lib\mayaUsd\python\CMakeFiles\_mayaUsd.dir\wrapWriteUtil.cpp.obj
[2023-05-11T22:34:15.662Z]     [406/640] Building CXX object lib\mayaUsd\python\CMakeFiles\_mayaUsd.dir\wrapOpenMaya.cpp.obj
[2023-05-11T22:34:15.888Z]     [407/640] Linking CXX executable test\lib\mayaUsd\utils\testLoadRules.exe
[2023-05-11T22:34:15.888Z]     [408/640] Linking CXX executable test\lib\mayaUsd\utils\testUtilsFileSystem.exe
[2023-05-11T22:34:16.309Z]     [409/640] Linking CXX executable test\lib\mayaUsd\utils\testTargetLayer.exe
[2023-05-11T22:34:16.646Z]     [410/640] Linking CXX shared library test\lib\usd\plugin\usdTestUsdPlugin.dll
[2023-05-11T22:34:16.646Z]     [411/640] Linking CXX executable test\lib\mayaUsd\utils\testSplitString.exe
[2023-05-11T22:34:17.022Z]     [412/640] Building CXX object lib\mayaUsd\python\CMakeFiles\_mayaUsd.dir\wrapUserTaggedAttribute.cpp.obj
[2023-05-11T22:34:17.356Z]     [413/640] Linking CXX shared library test\lib\usd\plugin\usdTestMayaPlugin.mll
[2023-05-11T22:34:17.746Z]     [414/640] Building CXX object lib\mayaUsd\python\CMakeFiles\_mayaUsd.dir\wrapImportChaser.cpp.obj
[2023-05-11T22:34:17.746Z]     [415/640] Linking CXX shared library test\lib\usd\plugin\usdTestInfoImportChaser.mll
[2023-05-11T22:34:18.217Z]     [416/640] Linking CXX shared library test\lib\usd\plugin\usdTestApiWriter.dll
[2023-05-11T22:34:19.233Z]     [417/640] Linking CXX shared library plugin\pxr\maya\lib\usdMaya\usdMaya.dll
[2023-05-11T22:34:19.574Z]     [418/640] Building CXX object lib\mayaUsd\python\CMakeFiles\_mayaUsd.dir\wrapXformStack.cpp.obj
[2023-05-11T22:34:19.709Z]     [419/640] Building CXX object lib\usd\pxrUsdPreviewSurface\CMakeFiles\basePxrUsdPreviewSurface.dir\cpvColor.cpp.obj
[2023-05-11T22:34:20.349Z]     [420/640] Linking CXX shared library plugin\pxr\maya\lib\usdMaya\_usdMaya.pyd
[2023-05-11T22:34:20.466Z]     [421/640] Linking CXX shared library plugin\pxr\maya\plugin\pxrUsd\pxrUsd.mll
[2023-05-11T22:34:20.466Z]     [422/640] Automatic MOC and UIC for target mayaUsdUI
[2023-05-11T22:34:20.589Z]     [423/640] Automatic RCC for layerEditor/resources.qrc
[2023-05-11T22:34:20.723Z]     [424/640] Automatic RCC for importDialog/images/ui.qrc
[2023-05-11T22:34:20.723Z]     [425/640] Building CXX object lib\mayaUsd\ufe\CMakeFiles\_ufe.dir\wrapGlobal.cpp.obj
[2023-05-11T22:34:21.564Z]     [426/640] Building CXX object lib\usd\pxrUsdPreviewSurface\CMakeFiles\basePxrUsdPreviewSurface.dir\usdPreviewSurfaceShadingNodeOverride.cpp.obj
[2023-05-11T22:34:21.693Z]     [427/640] Building CXX object lib\mayaUsd\python\CMakeFiles\_mayaUsd.dir\wrapPrimReader.cpp.obj
[2023-05-11T22:34:21.819Z]     [428/640] Building CXX object lib\mayaUsd\python\CMakeFiles\_mayaUsd.dir\wrapJobContextRegistry.cpp.obj
[2023-05-11T22:34:22.350Z]     [429/640] Building CXX object lib\mayaUsd\python\CMakeFiles\_mayaUsd.dir\wrapShadingMode.cpp.obj
[2023-05-11T22:34:22.673Z]     [430/640] Building CXX object lib\usd\pxrUsdPreviewSurface\CMakeFiles\basePxrUsdPreviewSurface.dir\usdPreviewSurface.cpp.obj
[2023-05-11T22:34:22.903Z]     [431/640] Building CXX object lib\usd\ui\CMakeFiles\mayaUsdUI.dir\layerEditor\stringResources.cpp.obj
[2023-05-11T22:34:24.107Z]     [432/640] Building CXX object plugin\pxr\maya\plugin\pxrUsdPreviewSurface\CMakeFiles\pxrUsdPreviewSurface.dir\plugin.cpp.obj
[2023-05-11T22:34:24.107Z]     [433/640] Building CXX object lib\mayaUsd\python\CMakeFiles\_mayaUsd.dir\wrapExportChaser.cpp.obj
[2023-05-11T22:34:24.538Z]     [434/640] Building CXX object lib\mayaUsd\python\CMakeFiles\_mayaUsd.dir\wrapPrimWriter.cpp.obj
[2023-05-11T22:34:24.656Z]     [435/640] Building CXX object lib\mayaUsd\python\CMakeFiles\_mayaUsd.dir\wrapSchemaApiAdaptor.cpp.obj
[2023-05-11T22:34:24.656Z]     [436/640] Building CXX object lib\mayaUsd\python\CMakeFiles\_mayaUsd.dir\wrapShadingUtil.cpp.obj
[2023-05-11T22:34:25.895Z]     [437/640] Building CXX object lib\usd\ui\CMakeFiles\mayaUsdUI.dir\layerEditor\warningDialogs.cpp.obj
[2023-05-11T22:34:26.219Z]     [438/640] Building CXX object lib\usd\pxrUsdPreviewSurface\CMakeFiles\basePxrUsdPreviewSurface.dir\usdPreviewSurfacePlugin.cpp.obj
[2023-05-11T22:34:26.439Z]     [439/640] Building CXX object lib\mayaUsd\ufe\CMakeFiles\_ufe.dir\wrapNotice.cpp.obj
[2023-05-11T22:34:26.560Z]     [440/640] Building CXX object lib\usd\ui\CMakeFiles\mayaUsdUI.dir\layerEditor\qtUtils.cpp.obj
[2023-05-11T22:34:27.789Z]     [441/640] Building CXX object lib\usd\ui\CMakeFiles\mayaUsdUI.dir\layerEditor\sessionState.cpp.obj
[2023-05-11T22:34:28.419Z]     [442/640] Building CXX object lib\usd\ui\CMakeFiles\mayaUsdUI.dir\layerEditor\dirtyLayersCountBadge.cpp.obj
[2023-05-11T22:34:28.419Z]     [443/640] Building CXX object lib\usd\ui\CMakeFiles\mayaUsdUI.dir\layerEditor\generatedIconButton.cpp.obj
[2023-05-11T22:34:29.253Z]     [444/640] Building CXX object lib\usd\pxrUsdPreviewSurface\CMakeFiles\basePxrUsdPreviewSurface.dir\usdPreviewSurfaceReader.cpp.obj
[2023-05-11T22:34:30.587Z]     [445/640] Building CXX object lib\mayaUsd\ufe\CMakeFiles\_ufe.dir\wrapUtils.cpp.obj
[2023-05-11T22:34:32.330Z]     [446/640] Building CXX object lib\usd\ui\CMakeFiles\mayaUsdUI.dir\mayaUsdUI_autogen\mocs_compilation.cpp.obj
[2023-05-11T22:34:32.448Z]     [447/640] Building CXX object lib\usd\ui\CMakeFiles\mayaUsdUI.dir\layerEditor\mayaQtUtils.cpp.obj
[2023-05-11T22:34:32.883Z]     [448/640] Building CXX object lib\usd\ui\CMakeFiles\mayaUsdUI.dir\layerEditor\layerEditorWidget.cpp.obj
[2023-05-11T22:34:33.417Z]     [449/640] Building CXX object lib\usd\ui\CMakeFiles\mayaUsdUI.dir\layerEditor\layerTreeItemDelegate.cpp.obj
[2023-05-11T22:34:33.637Z]     [450/640] Building CXX object lib\usd\ui\CMakeFiles\mayaUsdUI.dir\layerEditor\mayaCommandHook.cpp.obj
[2023-05-11T22:34:33.756Z]     [451/640] Building CXX object lib\usd\ui\CMakeFiles\mayaUsdUI.dir\mayaUsdUI_autogen\AUCU3ACLTF\qrc_ui.cpp.obj
[2023-05-11T22:34:34.489Z]     [452/640] Building CXX object lib\usd\ui\CMakeFiles\mayaUsdUI.dir\layerEditor\layerTreeItem.cpp.obj
[2023-05-11T22:34:35.330Z]     [453/640] Building CXX object lib\usd\ui\CMakeFiles\mayaUsdUI.dir\layerEditor\layerTreeModel.cpp.obj
[2023-05-11T22:34:35.330Z]     [454/640] Building CXX object lib\usd\ui\CMakeFiles\mayaUsdUI.dir\importDialog\USDQtUtil.cpp.obj
[2023-05-11T22:34:35.466Z]     [455/640] Building CXX object lib\usd\ui\CMakeFiles\mayaUsdUI.dir\mayaUsdUI_autogen\5WMDHDZAMM\qrc_resources.cpp.obj
[2023-05-11T22:34:35.466Z]     [456/640] Building CXX object lib\usd\ui\CMakeFiles\mayaUsdUI.dir\layerEditor\stageSelectorWidget.cpp.obj
[2023-05-11T22:34:35.466Z]     [457/640] Building CXX object lib\usd\ui\CMakeFiles\mayaUsdUI.dir\initStringResources.cpp.obj
[2023-05-11T22:34:35.592Z]     [458/640] Building CXX object lib\usd\ui\CMakeFiles\mayaUsdUI.dir\layerEditor\loadLayersDialog.cpp.obj
[2023-05-11T22:34:35.921Z]     [459/640] Building CXX object lib\usd\ui\CMakeFiles\mayaUsdUI.dir\layerEditor\layerTreeView.cpp.obj
[2023-05-11T22:34:36.352Z]     [460/640] Building CXX object lib\usd\ui\CMakeFiles\mayaUsdUI.dir\layerEditor\mayaLayerEditorWindow.cpp.obj
[2023-05-11T22:34:36.352Z]     [461/640] Linking CXX shared library lib\mayaUsd\ufe\_ufe.pyd
[2023-05-11T22:34:36.476Z]     [462/640] Building CXX object lib\usd\ui\CMakeFiles\mayaUsdUI.dir\importDialog\ItemDelegate.cpp.obj
[2023-05-11T22:34:37.102Z]     [463/640] Linking CXX shared library lib\mayaUsd\python\_mayaUsd.pyd
[2023-05-11T22:34:37.428Z]     [464/640] Building CXX object lib\usd\ui\CMakeFiles\mayaUsdUI.dir\layerEditor\pathChecker.cpp.obj
[2023-05-11T22:34:37.544Z]     [465/640] Building CXX object lib\usd\ui\CMakeFiles\mayaUsdUI.dir\importDialog\TreeItem.cpp.obj
[2023-05-11T22:34:37.661Z]     [466/640] Building CXX object lib\usd\ui\CMakeFiles\mayaUsdUI.dir\layerEditor\saveLayersDialog.cpp.obj
[2023-05-11T22:34:38.084Z]     [467/640] Building CXX object lib\usd\ui\CMakeFiles\mayaUsdUI.dir\layerEditor\mayaSessionState.cpp.obj
[2023-05-11T22:34:40.025Z]     [468/640] Building CXX object lib\usd\ui\CMakeFiles\mayaUsdUI.dir\importDialog\TreeModel.cpp.obj
[2023-05-11T22:34:41.155Z]     [469/640] Building CXX object lib\usd\ui\CMakeFiles\mayaUsdUI.dir\importDialog\TreeModelFactory.cpp.obj
[2023-05-11T22:34:42.083Z]     [470/640] Building CXX object lib\usd\ui\CMakeFiles\mayaUsdUI.dir\layerEditor\batchSaveLayersUIDelegate.cpp.obj
[2023-05-11T22:34:42.198Z]     [471/640] Building CXX object lib\usd\ui\CMakeFiles\mayaUsdUI.dir\importDialog\USDImportDialog.cpp.obj
[2023-05-11T22:34:42.198Z]     [472/640] Building CXX object plugin\al\usdtransaction\AL\usd\transaction\tests\CMakeFiles\AL_USDTransactionTests.dir\testMain.cpp.obj
[2023-05-11T22:34:42.928Z]     [473/640] Building CXX object plugin\al\lib\AL_USDMaya\CMakeFiles\AL_USDMaya.dir\AL\usdmaya\Metadata.cpp.obj
[2023-05-11T22:34:43.053Z]     [474/640] Building CXX object lib\usd\pxrUsdPreviewSurface\CMakeFiles\basePxrUsdPreviewSurface.dir\usdPreviewSurfaceWriter.cpp.obj
[2023-05-11T22:34:43.193Z]     [475/640] Building CXX object lib\usd\translators\CMakeFiles\mayaUsd_Translators.dir\cameraReader.cpp.obj
[2023-05-11T22:34:43.744Z]     [476/640] Linking CXX shared library lib\usd\pxrUsdPreviewSurface\basePxrUsdPreviewSurface.dll
[2023-05-11T22:34:43.968Z]     [477/640] Building CXX object plugin\al\lib\AL_USDMaya\CMakeFiles\AL_USDMaya.dir\AL\usdmaya\DebugCodes.cpp.obj
[2023-05-11T22:34:44.093Z]     [478/640] Building CXX object lib\usd\ui\CMakeFiles\mayaUsdUI.dir\importDialog\USDImportDialogCmd.cpp.obj
[2023-05-11T22:34:44.315Z]     [479/640] Building CXX object lib\usd\translators\CMakeFiles\mayaUsd_Translators.dir\cameraWriter.cpp.obj
[2023-05-11T22:34:44.534Z]     [480/640] Linking CXX shared library plugin\pxr\maya\plugin\pxrUsdPreviewSurface\pxrUsdPreviewSurface.mll
[2023-05-11T22:34:44.660Z]     [481/640] Building CXX object lib\usd\translators\CMakeFiles\mayaUsd_Translators.dir\instancerWriter.cpp.obj
[2023-05-11T22:34:45.286Z]     [482/640] Building CXX object plugin\al\lib\AL_USDMaya\CMakeFiles\AL_USDMaya.dir\AL\usdmaya\cmds\DebugCommands.cpp.obj
[2023-05-11T22:34:45.515Z]     [483/640] Building CXX object plugin\al\plugin\AL_USDMayaTestPlugin\CMakeFiles\AL_USDMayaTestPlugin.dir\AL\usdmaya\commands\test_ExportCommands.cpp.obj
[2023-05-11T22:34:45.515Z]     [484/640] Building CXX object lib\usd\translators\CMakeFiles\mayaUsd_Translators.dir\jointWriter.cpp.obj
[2023-05-11T22:34:45.840Z]     [485/640] Linking CXX shared library lib\usd\ui\mayaUsdUI.dll
[2023-05-11T22:34:45.840Z]     [486/640] Automatic MOC and UIC for target testMayaUsdUI
[2023-05-11T22:34:46.310Z]     [487/640] Building CXX object plugin\al\plugin\AL_USDMayaTestPlugin\CMakeFiles\AL_USDMayaTestPlugin.dir\AL\usdmaya\commands\test_TranslateCommand.cpp.obj
[2023-05-11T22:34:46.310Z]     [488/640] Building CXX object lib\usd\ui\importDialogDemo\CMakeFiles\testMayaUsdUI.dir\testMayaUsdUI_autogen\mocs_compilation.cpp.obj
[2023-05-11T22:34:46.310Z]     [489/640] Building CXX object plugin\al\lib\AL_USDMaya\CMakeFiles\AL_USDMaya.dir\AL\usdmaya\cmds\EventCommand.cpp.obj
[2023-05-11T22:34:46.310Z]     [490/640] Building CXX object plugin\al\plugin\AL_USDMayaTestPlugin\CMakeFiles\AL_USDMayaTestPlugin.dir\AL\maya\test_MayaEventManager.cpp.obj
[2023-05-11T22:34:46.634Z]     [491/640] Building CXX object plugin\al\plugin\AL_USDMayaTestPlugin\CMakeFiles\AL_USDMayaTestPlugin.dir\AL\usdmaya\commands\test_LayerCommands.cpp.obj
[2023-05-11T22:34:46.956Z]     [492/640] Building CXX object plugin\al\usdtransaction\AL\usd\transaction\tests\CMakeFiles\AL_USDTransactionTests.dir\testTransactionManager.cpp.obj
[2023-05-11T22:34:47.073Z]     [493/640] Linking CXX shared library lib\usd\translators\mayaUsd_Translators.dll
[2023-05-11T22:34:47.303Z]     [494/640] Building CXX object plugin\al\lib\AL_USDMaya\CMakeFiles\AL_USDMaya.dir\AL\usdmaya\cmds\RendererCommands.cpp.obj
[2023-05-11T22:34:47.641Z]     [495/640] Building CXX object plugin\al\lib\AL_USDMaya\CMakeFiles\AL_USDMaya.dir\AL\usdmaya\moduleDeps.cpp.obj
[2023-05-11T22:34:47.641Z]     [496/640] Building CXX object plugin\al\plugin\AL_USDMayaTestPlugin\CMakeFiles\AL_USDMayaTestPlugin.dir\AL\usdmaya\commands\test_LayerManagerCommands.cpp.obj
[2023-05-11T22:34:48.166Z]     [497/640] Building CXX object plugin\al\lib\AL_USDMaya\CMakeFiles\AL_USDMaya.dir\AL\usdmaya\cmds\SyncFileIOGui.cpp.obj
[2023-05-11T22:34:48.288Z]     [498/640] Building CXX object plugin\al\plugin\AL_USDMayaTestPlugin\CMakeFiles\AL_USDMayaTestPlugin.dir\AL\usdmaya\commands\test_ProxyShapeImport.cpp.obj
[2023-05-11T22:34:48.609Z]     [499/640] Building CXX object plugin\al\lib\AL_USDMaya\CMakeFiles\AL_USDMaya.dir\AL\usdmaya\StageCache.cpp.obj
[2023-05-11T22:34:50.677Z]     [500/640] Building CXX object plugin\al\lib\AL_USDMaya\CMakeFiles\AL_USDMaya.dir\AL\usdmaya\Global.cpp.obj
[2023-05-11T22:34:51.099Z]     [501/640] Building CXX object plugin\al\usdtransaction\AL\usd\transaction\tests\CMakeFiles\AL_USDTransactionTests.dir\testTransaction.cpp.obj
[2023-05-11T22:34:51.622Z]     [502/640] Linking CXX executable plugin\al\usdtransaction\AL\usd\transaction\tests\AL_USDTransactionTests.exe
[2023-05-11T22:34:51.741Z]     [503/640] Building CXX object plugin\al\lib\AL_USDMaya\CMakeFiles\AL_USDMaya.dir\AL\usdmaya\TransformOperation.cpp.obj
[2023-05-11T22:34:52.379Z]     [504/640] Building CXX object plugin\al\lib\AL_USDMaya\CMakeFiles\AL_USDMaya.dir\AL\usdmaya\cmds\CreateUsdPrim.cpp.obj
[2023-05-11T22:34:53.123Z]     [505/640] Building CXX object lib\usd\ui\importDialogDemo\CMakeFiles\testMayaUsdUI.dir\testMayaUsdUI.cpp.obj
[2023-05-11T22:34:53.451Z]     [506/640] Building CXX object plugin\al\lib\AL_USDMaya\CMakeFiles\AL_USDMaya.dir\AL\usdmaya\cmds\ListTranslators.cpp.obj
[2023-05-11T22:34:54.114Z]     [507/640] Linking CXX executable lib\usd\ui\importDialogDemo\testMayaUsdUI.exe
[2023-05-11T22:34:54.660Z]     [508/640] Building CXX object plugin\al\lib\AL_USDMaya\CMakeFiles\AL_USDMaya.dir\AL\usdmaya\cmds\LayerCommands.cpp.obj
[2023-05-11T22:34:54.660Z]     [509/640] Building CXX object plugin\al\lib\AL_USDMaya\CMakeFiles\AL_USDMaya.dir\AL\usdmaya\cmds\ProxyShapePostLoadProcess.cpp.obj
[2023-05-11T22:34:54.888Z]     [510/640] Building CXX object plugin\al\lib\AL_USDMaya\CMakeFiles\AL_USDMaya.dir\AL\usdmaya\cmds\UnloadPrim.cpp.obj
[2023-05-11T22:34:54.888Z]     [511/640] Building CXX object plugin\al\lib\AL_USDMaya\CMakeFiles\AL_USDMaya.dir\AL\usdmaya\fileio\ExportTranslator.cpp.obj
[2023-05-11T22:34:55.310Z]     [512/640] Building CXX object plugin\al\lib\AL_USDMaya\CMakeFiles\AL_USDMaya.dir\AL\usdmaya\fileio\TransformIterator.cpp.obj
[2023-05-11T22:34:55.467Z]     [513/640] Building CXX object plugin\al\lib\AL_USDMaya\CMakeFiles\AL_USDMaya.dir\AL\usdmaya\fileio\AnimationTranslator.cpp.obj
[2023-05-11T22:34:55.843Z]     [514/640] Building CXX object plugin\al\lib\AL_USDMaya\CMakeFiles\AL_USDMaya.dir\AL\usdmaya\fileio\NodeFactory.cpp.obj
[2023-05-11T22:34:56.378Z]     [515/640] Building CXX object plugin\al\lib\AL_USDMaya\CMakeFiles\AL_USDMaya.dir\AL\usdmaya\cmds\ProxyShapeCommands.cpp.obj
[2023-05-11T22:34:56.378Z]     [516/640] Building CXX object plugin\al\lib\AL_USDMaya\CMakeFiles\AL_USDMaya.dir\AL\usdmaya\fileio\SchemaPrims.cpp.obj
[2023-05-11T22:34:56.714Z]     [517/640] Building CXX object plugin\al\lib\AL_USDMaya\CMakeFiles\AL_USDMaya.dir\AL\usdmaya\nodes\Layer.cpp.obj
[2023-05-11T22:34:57.141Z]     [518/640] Building CXX object plugin\al\lib\AL_USDMaya\CMakeFiles\AL_USDMaya.dir\AL\usdmaya\fileio\Export.cpp.obj
[2023-05-11T22:34:58.581Z]     [519/640] Building CXX object plugin\al\lib\AL_USDMaya\CMakeFiles\AL_USDMaya.dir\AL\usdmaya\fileio\ImportTranslator.cpp.obj
[2023-05-11T22:34:59.105Z]     [520/640] Building CXX object plugin\al\lib\AL_USDMaya\CMakeFiles\AL_USDMaya.dir\AL\usdmaya\fileio\translators\DagNodeTranslator.cpp.obj
[2023-05-11T22:35:00.146Z]     [521/640] Building CXX object plugin\al\lib\AL_USDMaya\CMakeFiles\AL_USDMaya.dir\AL\usdmaya\fileio\Import.cpp.obj
[2023-05-11T22:35:00.774Z]     [522/640] Building CXX object plugin\al\lib\AL_USDMaya\CMakeFiles\AL_USDMaya.dir\AL\usdmaya\fileio\translators\TranslatorTestPlugin.cpp.obj
[2023-05-11T22:35:02.181Z]     [523/640] Building CXX object plugin\al\lib\AL_USDMaya\CMakeFiles\AL_USDMaya.dir\AL\usdmaya\fileio\translators\DgNodeTranslator.cpp.obj
[2023-05-11T22:35:02.409Z]     [524/640] Building CXX object plugin\al\lib\AL_USDMaya\CMakeFiles\AL_USDMaya.dir\AL\usdmaya\fileio\translators\TranslatorTestType.cpp.obj
[2023-05-11T22:35:02.409Z]     [525/640] Building CXX object plugin\al\lib\AL_USDMaya\CMakeFiles\AL_USDMaya.dir\AL\usdmaya\fileio\translators\TranslatorContext.cpp.obj
[2023-05-11T22:35:02.538Z]     [526/640] Building CXX object plugin\al\lib\AL_USDMaya\CMakeFiles\AL_USDMaya.dir\AL\usdmaya\fileio\translators\ExtraDataPlugin.cpp.obj
[2023-05-11T22:35:02.538Z]     [527/640] Building CXX object plugin\al\lib\AL_USDMaya\CMakeFiles\AL_USDMaya.dir\AL\usdmaya\fileio\translators\TranslatorBase.cpp.obj
[2023-05-11T22:35:02.861Z]     [528/640] Building CXX object plugin\al\lib\AL_USDMaya\CMakeFiles\AL_USDMaya.dir\AL\usdmaya\fileio\translators\TransformTranslator.cpp.obj
[2023-05-11T22:35:02.979Z]     [529/640] Building CXX object plugin\al\lib\AL_USDMaya\CMakeFiles\AL_USDMaya.dir\AL\usdmaya\fileio\translators\TestExtraDataPlugin.cpp.obj
[2023-05-11T22:35:04.616Z]     [530/640] Building CXX object plugin\al\lib\AL_USDMaya\CMakeFiles\AL_USDMaya.dir\AL\usdmaya\nodes\ProxyUsdGeomCamera.cpp.obj
[2023-05-11T22:35:05.475Z]     [531/640] Building CXX object plugin\al\lib\AL_USDMaya\CMakeFiles\AL_USDMaya.dir\AL\usdmaya\nodes\MeshAnimDeformer.cpp.obj
[2023-05-11T22:35:05.703Z]     [532/640] Building CXX object plugin\al\lib\AL_USDMaya\CMakeFiles\AL_USDMaya.dir\AL\usdmaya\nodes\ProxyShapeSelection.cpp.obj
[2023-05-11T22:35:06.028Z]     [533/640] Building CXX object plugin\al\lib\AL_USDMaya\CMakeFiles\_AL_USDMaya.dir\AL\usdmaya\module.cpp.obj
[2023-05-11T22:35:06.453Z]     [534/640] Building CXX object plugin\al\lib\AL_USDMaya\CMakeFiles\AL_USDMaya.dir\AL\usdmaya\nodes\LayerManager.cpp.obj
[2023-05-11T22:35:07.302Z]     [535/640] Building CXX object plugin\al\lib\AL_USDMaya\CMakeFiles\AL_USDMaya.dir\AL\usdmaya\nodes\Engine.cpp.obj
[2023-05-11T22:35:07.421Z]     [536/640] Building CXX object plugin\al\lib\AL_USDMaya\CMakeFiles\AL_USDMaya.dir\AL\usdmaya\nodes\MeshAnimCreator.cpp.obj
[2023-05-11T22:35:08.060Z]     [537/640] Building CXX object plugin\al\lib\AL_USDMaya\CMakeFiles\AL_USDMaya.dir\AL\usdmaya\nodes\BasicTransformationMatrix.cpp.obj
[2023-05-11T22:35:08.687Z]     [538/640] Building CXX object plugin\al\lib\AL_USDMaya\CMakeFiles\AL_USDMaya.dir\AL\usdmaya\nodes\Transform.cpp.obj
[2023-05-11T22:35:09.828Z]     [539/640] Building CXX object plugin\al\lib\AL_USDMaya\CMakeFiles\AL_USDMaya.dir\AL\usdmaya\nodes\Scope.cpp.obj
[2023-05-11T22:35:10.997Z]     [540/640] Building CXX object plugin\al\lib\AL_USDMaya\CMakeFiles\AL_USDMaya.dir\AL\usdmaya\nodes\proxy\PrimFilter.cpp.obj
[2023-05-11T22:35:11.114Z]     [541/640] Building CXX object plugin\al\lib\AL_USDMaya\CMakeFiles\AL_USDMaya.dir\AL\usdmaya\nodes\RendererManager.cpp.obj
[2023-05-11T22:35:11.236Z]     [542/640] Building CXX object plugin\al\lib\AL_USDMaya\CMakeFiles\AL_USDMaya.dir\AL\usdmaya\nodes\TransformationMatrix.cpp.obj
[2023-05-11T22:35:11.455Z]     [543/640] Building CXX object plugin\al\lib\AL_USDMaya\CMakeFiles\AL_USDMaya.dir\AL\usdmaya\nodes\proxy\ProxyShapeMetaData.cpp.obj
[2023-05-11T22:35:11.575Z]     [544/640] Building CXX object plugin\al\lib\AL_USDMaya\CMakeFiles\AL_USDMaya.dir\AL\usdmaya\nodes\ProxyShape.cpp.obj
[2023-05-11T22:35:11.694Z]     [545/640] Building CXX object plugin\al\plugin\AL_USDMayaTestPlugin\CMakeFiles\AL_USDMayaTestPlugin.dir\AL\usdmaya\fileio\export_blendshape.cpp.obj
[2023-05-11T22:35:12.016Z]     [546/640] Building CXX object plugin\al\plugin\AL_USDMayaTestPlugin\CMakeFiles\AL_USDMayaTestPlugin.dir\AL\usdmaya\fileio\export_constraints.cpp.obj
[2023-05-11T22:35:12.444Z]     [547/640] Building CXX object plugin\al\lib\AL_USDMaya\CMakeFiles\_AL_USDMaya.dir\AL\usdmaya\wrapStageCache.cpp.obj
[2023-05-11T22:35:14.085Z]     [548/640] Building CXX object plugin\al\plugin\AL_USDMayaTestPlugin\CMakeFiles\AL_USDMayaTestPlugin.dir\AL\maya\test_EventHandler.cpp.obj
[2023-05-11T22:35:14.305Z]     [549/640] Building CXX object plugin\al\lib\AL_USDMaya\CMakeFiles\AL_USDMaya.dir\AL\usdmaya\nodes\proxy\ProxyShapeVariantFallbacks.cpp.obj
[2023-05-11T22:35:14.636Z]     [550/640] Building CXX object plugin\al\lib\AL_USDMaya\CMakeFiles\_AL_USDMaya.dir\AL\usdmaya\nodes\wrapLayerManager.cpp.obj
[2023-05-11T22:35:15.157Z]     [551/640] Building CXX object plugin\al\plugin\AL_USDMayaTestPlugin\CMakeFiles\AL_USDMayaTestPlugin.dir\AL\usdmaya\fileio\export_misc.cpp.obj
[2023-05-11T22:35:15.989Z]     [552/640] Linking CXX shared library plugin\al\lib\AL_USDMaya\AL_USDMaya.dll
[2023-05-11T22:35:17.126Z]     [553/640] Building CXX object plugin\al\lib\AL_USDMaya\CMakeFiles\_AL_USDMaya.dir\AL\usdmaya\nodes\wrapProxyShape.cpp.obj
[2023-05-11T22:35:17.556Z]     [554/640] Building CXX object plugin\al\lib\AL_USDMaya\CMakeFiles\_AL_USDMaya.dir\AL\usdmaya\fileio\translators\wrapTranslatorContext.cpp.obj
[2023-05-11T22:35:19.518Z]     [555/640] Building CXX object plugin\al\lib\AL_USDMaya\CMakeFiles\_AL_USDMaya.dir\AL\usdmaya\fileio\translators\wrapTranslatorBase.cpp.obj
[2023-05-11T22:35:19.518Z]     [556/640] Building CXX object plugin\al\plugin\AL_USDMayaTestPlugin\CMakeFiles\AL_USDMayaTestPlugin.dir\AL\maya\test_MatrixToSRT.cpp.obj
[2023-05-11T22:35:19.645Z]     [557/640] Building CXX object plugin\al\plugin\AL_USDMayaPlugin\CMakeFiles\AL_USDMayaPlugin.dir\plugin.cpp.obj
[2023-05-11T22:35:20.381Z]     [558/640] Linking CXX shared library plugin\al\lib\AL_USDMaya\_AL_USDMaya.pyd
[2023-05-11T22:35:20.504Z]     [559/640] Linking CXX shared library plugin\al\plugin\AL_USDMayaPlugin\AL_USDMayaPlugin.mll
[2023-05-11T22:35:20.623Z]     [560/640] Building CXX object plugin\al\plugin\AL_USDMayaTestPlugin\CMakeFiles\AL_USDMayaTestPlugin.dir\AL\usdmaya\fileio\export_ik.cpp.obj
[2023-05-11T22:35:20.743Z]     [561/640] Building CXX object plugin\al\plugin\AL_USDMayaTestPlugin\CMakeFiles\AL_USDMayaTestPlugin.dir\AL\usdmaya\fileio\export_nonlinear.cpp.obj
[2023-05-11T22:35:20.743Z]     [562/640] Building CXX object plugin\al\plugin\AL_USDMayaTestPlugin\CMakeFiles\AL_USDMayaTestPlugin.dir\AL\usdmaya\fileio\export_lattice.cpp.obj
[2023-05-11T22:35:21.488Z]     [563/640] Building CXX object plugin\al\plugin\AL_USDMayaTestPlugin\CMakeFiles\AL_USDMayaTestPlugin.dir\AL\usdmaya\fileio\export_multiple_shapes.cpp.obj
[2023-05-11T22:35:21.720Z]     [564/640] Building CXX object plugin\al\plugin\AL_USDMayaTestPlugin\CMakeFiles\AL_USDMayaTestPlugin.dir\AL\usdmaya\fileio\import_instances.cpp.obj
[2023-05-11T22:35:21.959Z]     [565/640] Building CXX object plugin\al\plugin\AL_USDMayaTestPlugin\CMakeFiles\AL_USDMayaTestPlugin.dir\AL\usdmaya\fileio\export_import_instancing.cpp.obj
[2023-05-11T22:35:22.087Z]     [566/640] Building CXX object plugin\al\plugin\AL_USDMayaTestPlugin\CMakeFiles\AL_USDMayaTestPlugin.dir\plugin.cpp.obj
[2023-05-11T22:35:22.087Z]     [567/640] Building CXX object plugin\al\plugin\AL_USDMayaTestPlugin\CMakeFiles\AL_USDMayaTestPlugin.dir\AL\usdmaya\fileio\test_activeInActiveTranslators.cpp.obj
[2023-05-11T22:35:23.833Z]     [568/640] Building CXX object plugin\al\plugin\AL_USDMayaTestPlugin\CMakeFiles\AL_USDMayaTestPlugin.dir\AL\usdmaya\fileio\export_unmerged.cpp.obj
[2023-05-11T22:35:24.770Z]     [569/640] Building CXX object plugin\al\plugin\AL_USDMayaTestPlugin\CMakeFiles\AL_USDMayaTestPlugin.dir\AL\usdmaya\fileio\import_playback_range.cpp.obj
[2023-05-11T22:35:25.704Z]     [570/640] Building CXX object plugin\al\plugin\AL_USDMayaTestPlugin\CMakeFiles\AL_USDMayaTestPlugin.dir\AL\usdmaya\nodes\proxy\test_PrimFilter.cpp.obj
[2023-05-11T22:35:28.166Z]     [571/640] Building CXX object plugin\al\plugin\AL_USDMayaTestPlugin\CMakeFiles\AL_USDMayaTestPlugin.dir\AL\usdmaya\nodes\test_lockPrims.cpp.obj
[2023-05-11T22:35:28.910Z]     [572/640] Building CXX object plugin\al\plugin\AL_USDMayaTestPlugin\CMakeFiles\AL_USDMayaTestPlugin.dir\AL\usdmaya\nodes\test_LayerManager.cpp.obj
[2023-05-11T22:35:28.910Z]     [573/640] Building CXX object plugin\al\plugin\AL_USDMayaTestPlugin\CMakeFiles\AL_USDMayaTestPlugin.dir\AL\usdmaya\nodes\test_ActiveInactive.cpp.obj
[2023-05-11T22:35:30.173Z]     [574/640] Building CXX object plugin\al\plugin\AL_USDMayaTestPlugin\CMakeFiles\AL_USDMayaTestPlugin.dir\test_translators_AnimationTranslator.cpp.obj
[2023-05-11T22:35:30.527Z]     [575/640] Building CXX object plugin\al\plugin\AL_USDMayaTestPlugin\CMakeFiles\AL_USDMayaTestPlugin.dir\AL\usdmaya\test_DiffGeom.cpp.obj
[2023-05-11T22:35:30.527Z]     [576/640] Building CXX object plugin\al\plugin\AL_USDMayaTestPlugin\CMakeFiles\AL_USDMayaTestPlugin.dir\AL\usdmaya\nodes\test_ProxyShapeSelectabilityDB.cpp.obj
[2023-05-11T22:35:30.651Z]     [577/640] Building CXX object plugin\al\plugin\AL_USDMayaTestPlugin\CMakeFiles\AL_USDMayaTestPlugin.dir\AL\usdmaya\nodes\test_TranslatorContext.cpp.obj
[2023-05-11T22:35:31.096Z]     [578/640] Building CXX object plugin\al\plugin\AL_USDMayaTestPlugin\CMakeFiles\AL_USDMayaTestPlugin.dir\AL\usdmaya\nodes\test_ProxyUsdGeomCamera.cpp.obj
[2023-05-11T22:35:31.096Z]     [579/640] Building CXX object plugin\al\plugin\AL_USDMayaTestPlugin\CMakeFiles\AL_USDMayaTestPlugin.dir\AL\usdmaya\nodes\test_Transform.cpp.obj
[2023-05-11T22:35:31.632Z]     [580/640] Building CXX object plugin\al\plugin\AL_USDMayaTestPlugin\CMakeFiles\AL_USDMayaTestPlugin.dir\AL\usdmaya\nodes\test_ExtraDataPlugin.cpp.obj
[2023-05-11T22:35:32.765Z]     [581/640] Building CXX object plugin\al\schemas\AL\usd\schemas\maya\CMakeFiles\AL_USDMayaSchemas.dir\tokens.cpp.obj
[2023-05-11T22:35:32.999Z]     [582/640] Building CXX object plugin\al\plugin\AL_USDMayaTestPlugin\CMakeFiles\AL_USDMayaTestPlugin.dir\AL\usdmaya\nodes\test_ScopeMatrix.cpp.obj
[2023-05-11T22:35:33.423Z]     [583/640] Building CXX object plugin\al\plugin\AL_USDMayaTestPlugin\CMakeFiles\AL_USDMayaTestPlugin.dir\test_translators_CameraTranslator.cpp.obj
[2023-05-11T22:35:33.648Z]     [584/640] Building CXX object plugin\al\plugin\AL_USDMayaTestPlugin\CMakeFiles\AL_USDMayaTestPlugin.dir\AL\usdmaya\nodes\test_ProxyShape.cpp.obj
[2023-05-11T22:35:34.084Z]     [585/640] Building CXX object plugin\al\plugin\AL_USDMayaTestPlugin\CMakeFiles\AL_USDMayaTestPlugin.dir\AL\usdmaya\nodes\test_TransformMatrix.cpp.obj
[2023-05-11T22:35:34.317Z]     [586/640] Building CXX object plugin\al\schemas\AL\usd\schemas\maya\CMakeFiles\_AL_USDMayaSchemas.dir\module.cpp.obj
[2023-05-11T22:35:35.350Z]     [587/640] Building CXX object plugin\al\plugin\AL_USDMayaTestPlugin\CMakeFiles\AL_USDMayaTestPlugin.dir\test_translators_DgTranslator.cpp.obj
[2023-05-11T22:35:35.774Z]     [588/640] Building CXX object plugin\al\schemas\AL\usd\schemas\maya\CMakeFiles\AL_USDMayaSchemas.dir\ModuleDeps.cpp.obj
[2023-05-11T22:35:36.606Z]     [589/640] Building CXX object plugin\al\schemas\AL\usd\schemas\maya\CMakeFiles\_AL_USDMayaSchemas.dir\wrapTokens.cpp.obj
[2023-05-11T22:35:36.829Z]     [590/640] Building CXX object plugin\al\plugin\AL_USDMayaTestPlugin\CMakeFiles\AL_USDMayaTestPlugin.dir\AL\usdmaya\nodes\test_VariantFallbacks.cpp.obj
[2023-05-11T22:35:37.355Z]     [591/640] Building CXX object plugin\al\schemas\AL\usd\schemas\maya\tests\CMakeFiles\testMayaSchemas.dir\main.cpp.obj
[2023-05-11T22:35:38.288Z]     [592/640] Building CXX object plugin\al\schemas\AL\usd\schemas\maya\CMakeFiles\AL_USDMayaSchemas.dir\ModelAPI.cpp.obj
[2023-05-11T22:35:38.717Z]     [593/640] Building CXX object plugin\al\plugin\AL_USDMayaTestPlugin\CMakeFiles\AL_USDMayaTestPlugin.dir\test_translators_Translator.cpp.obj
[2023-05-11T22:35:39.157Z]     [594/640] Building CXX object plugin\al\plugin\AL_USDMayaTestPlugin\CMakeFiles\AL_USDMayaTestPlugin.dir\test_usdmaya.cpp.obj
[2023-05-11T22:35:39.489Z]     [595/640] Building CXX object plugin\al\schemas\AL\usd\schemas\mayatest\CMakeFiles\_AL_USDMayaSchemasTest.dir\module.cpp.obj
[2023-05-11T22:35:39.489Z]     [596/640] Building CXX object plugin\al\schemas\AL\usd\schemas\mayatest\CMakeFiles\AL_USDMayaSchemasTest.dir\tokens.cpp.obj
[2023-05-11T22:35:39.932Z]     [597/640] Building CXX object plugin\al\schemas\AL\usd\schemas\maya\CMakeFiles\AL_USDMayaSchemas.dir\FrameRange.cpp.obj
[2023-05-11T22:35:40.072Z]     [598/640] Building CXX object plugin\al\plugin\AL_USDMayaTestPlugin\CMakeFiles\AL_USDMayaTestPlugin.dir\AL\usdmaya\test_DiffPrimVar.cpp.obj
[2023-05-11T22:35:40.604Z]     [599/640] Building CXX object plugin\al\plugin\AL_USDMayaTestPlugin\CMakeFiles\AL_USDMayaTestPlugin.dir\test_translators_PythonBindings.cpp.obj
[2023-05-11T22:35:40.605Z]     [600/640] Linking CXX shared library plugin\al\schemas\AL\usd\schemas\maya\AL_USDMayaSchemas.dll
[2023-05-11T22:35:41.140Z]     [601/640] Building CXX object plugin\al\plugin\AL_USDMayaTestPlugin\CMakeFiles\AL_USDMayaTestPlugin.dir\test_translators_MeshTranslator.cpp.obj
[2023-05-11T22:35:41.140Z]     [602/640] Building CXX object plugin\al\schemas\AL\usd\schemas\mayatest\CMakeFiles\AL_USDMayaSchemasTest.dir\ModuleDeps.cpp.obj
[2023-05-11T22:35:41.364Z]     [603/640] Building CXX object plugin\al\plugin\AL_USDMayaTestPlugin\CMakeFiles\AL_USDMayaTestPlugin.dir\test_translators_NurbsCurveTranslator.cpp.obj
[2023-05-11T22:35:41.364Z]     [604/640] Building CXX object plugin\al\schemas\AL\usd\schemas\maya\CMakeFiles\_AL_USDMayaSchemas.dir\wrapModelAPI.cpp.obj
[2023-05-11T22:35:41.596Z]     [605/640] Building CXX object plugin\al\plugin\AL_USDMayaTestPlugin\CMakeFiles\AL_USDMayaTestPlugin.dir\test_usdmaya_AttributeType.cpp.obj
[2023-05-11T22:35:42.220Z]     [606/640] Building CXX object plugin\al\translators\pxrUsdTranslators\CMakeFiles\AL_USDMayaPxrTranslators.dir\plugin.cpp.obj
[2023-05-11T22:35:42.644Z]     [607/640] Building CXX object plugin\al\translators\CMakeFiles\AL_USDMayaTranslators.dir\CommonTranslatorOptions.cpp.obj
[2023-05-11T22:35:43.070Z]     [608/640] Building CXX object plugin\adsk\plugin\CMakeFiles\mayaUsdPlugin.dir\adskListJobContextsCommand.cpp.obj
[2023-05-11T22:35:43.298Z]     [609/640] Building CXX object plugin\al\schemas\AL\usd\schemas\mayatest\CMakeFiles\_AL_USDMayaSchemasTest.dir\wrapTokens.cpp.obj
[2023-05-11T22:35:43.449Z]     [610/640] Building CXX object plugin\al\plugin\AL_USDMayaTestPlugin\CMakeFiles\AL_USDMayaTestPlugin.dir\test_translators_TransformTranslator.cpp.obj
[2023-05-11T22:35:43.678Z]     [611/640] Building CXX object plugin\al\schemas\AL\usd\schemas\maya\CMakeFiles\_AL_USDMayaSchemas.dir\wrapFrameRange.cpp.obj
[2023-05-11T22:35:43.797Z]     [612/640] Building CXX object plugin\al\schemas\AL\usd\schemas\maya\tests\CMakeFiles\testMayaSchemas.dir\testMayaSchemas.cpp.obj
[2023-05-11T22:35:44.321Z]     [613/640] Building CXX object plugin\adsk\plugin\CMakeFiles\mayaUsdPlugin.dir\adskListShadingModesCommand.cpp.obj
[2023-05-11T22:35:44.321Z]     [614/640] Linking CXX shared library plugin\al\schemas\AL\usd\schemas\maya\_AL_USDMayaSchemas.pyd
[2023-05-11T22:35:45.257Z]     [615/640] Building CXX object plugin\al\schemas\AL\usd\schemas\maya\tests\CMakeFiles\testMayaSchemas.dir\testModelAPI.cpp.obj
[2023-05-11T22:35:45.784Z]     [616/640] Linking CXX executable plugin\al\schemas\AL\usd\schemas\maya\tests\testMayaSchemas.exe
[2023-05-11T22:35:46.004Z]     [617/640] Building CXX object plugin\al\schemas\AL\usd\schemas\mayatest\CMakeFiles\AL_USDMayaSchemasTest.dir\ExamplePolyCubeNode.cpp.obj
[2023-05-11T22:35:46.536Z]     [618/640] Linking CXX shared library plugin\al\schemas\AL\usd\schemas\mayatest\AL_USDMayaSchemasTest.dll
[2023-05-11T22:35:48.703Z]     [619/640] Building CXX object plugin\al\translators\CMakeFiles\AL_USDMayaTranslators.dir\MayaReference.cpp.obj
[2023-05-11T22:35:48.703Z]     [620/640] Building CXX object plugin\al\translators\CMakeFiles\AL_USDMayaTranslators.dir\FrameRange.cpp.obj
[2023-05-11T22:35:48.821Z]     [621/640] Building CXX object plugin\adsk\plugin\CMakeFiles\mayaUsdPlugin.dir\adskExportCommand.cpp.obj
[2023-05-11T22:35:48.821Z]     [622/640] Building CXX object plugin\al\translators\CMakeFiles\AL_USDMayaTranslators.dir\Mesh.cpp.obj
[2023-05-11T22:35:48.944Z]     [623/640] Building CXX object plugin\al\schemas\AL\usd\schemas\mayatest\CMakeFiles\_AL_USDMayaSchemasTest.dir\wrapExamplePolyCubeNode.cpp.obj
[2023-05-11T22:35:48.944Z]     [624/640] Linking CXX shared library plugin\al\plugin\AL_USDMayaTestPlugin\AL_USDMayaTestPlugin.mll
[2023-05-11T22:35:49.287Z]     [625/640] Building CXX object plugin\al\translators\CMakeFiles\AL_USDMayaTranslators.dir\NurbsCurve.cpp.obj
[2023-05-11T22:35:49.406Z]     [626/640] Building CXX object plugin\al\translators\pxrUsdTranslators\CMakeFiles\AL_USDMayaPxrTranslators.dir\ProxyShapeTranslator.cpp.obj
[2023-05-11T22:35:49.527Z]     [627/640] Linking CXX shared library plugin\al\schemas\AL\usd\schemas\mayatest\_AL_USDMayaSchemasTest.pyd
[2023-05-11T22:35:49.527Z]     [628/640] Building CXX object plugin\al\translators\CMakeFiles\AL_USDMayaTranslators.dir\Camera.cpp.obj
[2023-05-11T22:35:49.948Z]     [629/640] Building CXX object plugin\al\translators\CMakeFiles\AL_USDMayaTranslators.dir\DirectionalLight.cpp.obj
[2023-05-11T22:35:50.168Z]     [630/640] Linking CXX shared library plugin\al\translators\pxrUsdTranslators\AL_USDMayaPxrTranslators.mll
[2023-05-11T22:35:50.168Z]     [631/640] Building CXX object plugin\adsk\plugin\CMakeFiles\mayaUsdPlugin.dir\adskStageLoadUnloadCommands.cpp.obj
[2023-05-11T22:35:50.285Z]     [632/640] Building CXX object plugin\adsk\plugin\CMakeFiles\mayaUsdPlugin.dir\adskImportCommand.cpp.obj
[2023-05-11T22:35:50.702Z]     [633/640] Linking CXX shared library plugin\al\translators\AL_USDMayaTranslators.dll
[2023-05-11T22:35:51.733Z]     [634/640] Building CXX object plugin\adsk\plugin\CMakeFiles\mayaUsdPlugin.dir\geomNode.cpp.obj
[2023-05-11T22:35:51.849Z]     [635/640] Building CXX object plugin\adsk\plugin\CMakeFiles\mayaUsdPlugin.dir\ProxyShape.cpp.obj
[2023-05-11T22:35:52.067Z]     [636/640] Building CXX object plugin\adsk\plugin\CMakeFiles\mayaUsdPlugin.dir\exportTranslator.cpp.obj
[2023-05-11T22:35:53.401Z]     [637/640] Building CXX object plugin\adsk\plugin\CMakeFiles\mayaUsdPlugin.dir\plugin.cpp.obj
[2023-05-11T22:35:54.225Z]     [638/640] Building CXX object plugin\adsk\plugin\CMakeFiles\mayaUsdPlugin.dir\ProxyShapeListener.cpp.obj
[2023-05-11T22:35:55.859Z]     [639/640] Building CXX object plugin\adsk\plugin\CMakeFiles\mayaUsdPlugin.dir\importTranslator.cpp.obj
[2023-05-11T22:35:56.584Z]     [640/640] Linking CXX shared module plugin\adsk\plugin\mayaUsdPlugin.mll
[2023-05-11T22:35:56.584Z]     
[2023-05-11T22:35:56.584Z]         Building with settings:
[2023-05-11T22:35:56.584Z]           Source directory          S:\jenkins\workspace\ECP\ecg-maya-usd\ecg-mayausd-branch-preflight-2020-windows\ecg-maya-usd\maya-usd
[2023-05-11T22:35:56.584Z]           Workspace directory       W:\
[2023-05-11T22:35:56.584Z]           Build directory           W:\build\RelWithDebInfo
[2023-05-11T22:35:56.584Z]           Install directory         W:\install\RelWithDebInfo\MayaUSD
[2023-05-11T22:35:56.584Z]           Variant                   RelWithDebInfo
[2023-05-11T22:35:56.584Z]           Python Debug              Off
[2023-05-11T22:35:56.584Z]           CMake generator           Ninja
[2023-05-11T22:35:56.584Z]           Build arguments           ['-DCMAKE_MAKE_PROGRAM=P:/shared/Artifactory/Windows/ninja/1.9.0/c68f192/ninja.exe', '-DPYTHON_INCLUDE_DIR=P:/shared/Artifactory/Windows/rundev-2020/202107140359/runtime/5d64bf0/runTime/include/Python', '-DPython_EXECUTABLE=P:/shared/Artifactory/Windows/rundev-2020/202107140359/runtime/5d64bf0/runTime/bin/mayapy.exe', '-DPYTHON_LIBRARIES=P:/shared/Artifactory/Windows/rundev-2020/202107140359/runtime/5d64bf0/runTime/lib/python27.lib', '-DUSD_LIB_PREFIX=', '-DBUILD_HDMAYA=OFF']
[2023-05-11T22:35:56.584Z]           Stages arguments          ['build']
[2023-05-11T22:35:56.584Z]           CTest arguments           ['-E testUsdReferenceAssemblySelection|testUsdMayaAppDir', '-LE interactive', '--parallel 16']
[2023-05-11T22:35:56.584Z]     Success MayaUSD build and install !!!!
[2023-05-11T22:35:56.584Z]     Elapsed time: 00:04:26
[Pipeline] bat
[2023-05-11T22:35:56.993Z] Deleting alias drive W:
[Pipeline] bat
[2023-05-11T22:35:57.277Z] Deleting alias drive P:
[Pipeline] }
[Pipeline] // withEnv
[Pipeline] }
[Pipeline] // timeout
[Pipeline] }
[Pipeline] // stage
[Pipeline] }
[Pipeline] // timestamps
[Pipeline] timestamps
[Pipeline] {
[Pipeline] stage
[Pipeline] { (Install)
[Pipeline] timeout
[2023-05-11T22:35:57.420Z] Timeout set to expire in 6 hr 0 min
[Pipeline] {
[Pipeline] withEnv
[Pipeline] {
[Pipeline] bat
[2023-05-11T22:35:57.838Z] Creating alias drive P: to S:\jenkins\workspace
[Pipeline] bat
[2023-05-11T22:35:58.221Z] Creating alias drive W: to S:\jenkins\workspace\ECP\ecg-maya-usd\ecg-mayausd-branch-preflight-2020-windows
[Pipeline] bat
[2023-05-11T22:35:58.641Z] "C:\Program Files (x86)\Microsoft Visual Studio\2017\Professional\VC\Auxiliary\Build\vcvarsall.bat" x64
[2023-05-11T22:35:58.846Z] **********************************************************************
[2023-05-11T22:35:58.846Z] ** Visual Studio 2017 Developer Command Prompt v15.9.15
[2023-05-11T22:35:58.846Z] ** Copyright (c) 2017 Microsoft Corporation
[2023-05-11T22:35:58.846Z] **********************************************************************
[2023-05-11T22:35:59.666Z] [vcvarsall.bat] Environment initialized for: 'x64'
[2023-05-11T22:35:59.666Z] python ecg-maya-usd/build.py --stages=install --workspace-dir=W:\ --artifactory-dir=P:\shared\Artifactory --build-dir=W:\build --install-dir=W:\install --signing-dir=W:\signing --package-dir=W:\package --output-dir=W:\output --stash-dir=W:\stash --jenkins-build=920 --git-commit=e5851046dd9c0676f14ddea2cded9d3b59b25958 --git-branch=master --variants=RelWithDebInfo --python=2.7 --post-zips=false --maya-cut-config=maya-rundev-2020.yaml --maya-package=rundev-2020 --stage-banner
[2023-05-11T22:36:00.485Z] Using Maya cut from P:\shared\Artifactory\Windows\rundev-2020\202107140359\runtime\5d64bf0
[2023-05-11T22:36:00.595Z] 
[2023-05-11T22:36:00.595Z] ================================================================================
[2023-05-11T22:36:00.595Z]                             install (RelWithDebInfo)
[2023-05-11T22:36:00.595Z] ================================================================================
[2023-05-11T22:36:00.595Z] Maya Python RelWithDebInfo Info:
[2023-05-11T22:36:00.595Z]   mayapy executable   = P:\shared\Artifactory\Windows\rundev-2020\202107140359\runtime\5d64bf0\runTime\bin\mayapy.exe
[2023-05-11T22:36:00.595Z]   Include Folder      = P:\shared\Artifactory\Windows\rundev-2020\202107140359\runtime\5d64bf0\runTime\include\Python
[2023-05-11T22:36:00.595Z]   Library             = P:\shared\Artifactory\Windows\rundev-2020\202107140359\runtime\5d64bf0\runTime\lib\python27.lib
[2023-05-11T22:36:00.595Z]   site-package Folder = P:\shared\Artifactory\Windows\rundev-2020\202107140359\runtime\5d64bf0\runTime\Python\Lib\site-packages
[2023-05-11T22:36:01.213Z] In workdir: S:\jenkins\workspace\ECP\ecg-maya-usd\ecg-mayausd-branch-preflight-2020-windows\ecg-maya-usd\maya-usd
[2023-05-11T22:36:01.213Z] Executing: 'P:\\shared\\Artifactory\\Windows\\rundev-2020\\202107140359\\runtime\\5d64bf0\\runTime\\bin\\mayapy.exe' 'S:\\jenkins\\workspace\\ECP\\ecg-maya-usd\\ecg-mayausd-branch-preflight-2020-windows\\ecg-maya-usd\\maya-usd\\build.py' --generator Ninja --build-relwithdebug --maya-location 'P:\\shared\\Artifactory\\Windows\\rundev-2020\\202107140359\\runtime\\5d64bf0\\runTime' --devkit-location 'P:\\shared\\Artifactory\\Windows\\rundev-2020\\202107140359\\runtime\\5d64bf0\\devkitBase' --pxrusd-location 'P:\\shared\\Artifactory\\Windows\\USD\\9ab6422' --qt-location 'P:\\shared\\Artifactory\\Windows\\qt\\5.12.5\\4755980' --materialx '--build-args=-DCMAKE_MAKE_PROGRAM=P:/shared/Artifactory/Windows/ninja/1.9.0/c68f192/ninja.exe,-DPYTHON_INCLUDE_DIR=P:/shared/Artifactory/Windows/rundev-2020/202107140359/runtime/5d64bf0/runTime/include/Python,-DPython_EXECUTABLE=P:/shared/Artifactory/Windows/rundev-2020/202107140359/runtime/5d64bf0/runTime/bin/mayapy.exe,-DPYTHON_LIBRARIES=P:/shared/Artifactory/Windows/rundev-2020/202107140359/runtime/5d64bf0/runTime/lib/python27.lib,-DUSD_LIB_PREFIX=,-DBUILD_HDMAYA=OFF' '--ctest-args=-E testUsdReferenceAssemblySelection|testUsdMayaAppDir,-LE interactive,--parallel 16' --stages=install --redirect-outstream-file=False --install-location 'W:\\install\\RelWithDebInfo\\MayaUSD' 'W:\\'
[2023-05-11T22:36:01.213Z] Modified environment variables:
[2023-05-11T22:36:01.213Z]     PATH=P:\shared\Artifactory\Windows\cmake\3.20.3\afe857a\bin;C:\Python27\lib\site-packages\pywin32_system32;C:\Program Files (x86)\Microsoft Visual Studio\2017\Professional\VC\Tools\MSVC\14.16.27023\bin\HostX64\x64;C:\Program Files (x86)\Microsoft Visual Studio\2017\Professional\Common7\IDE\VC\VCPackages;C:\Program Files (x86)\Microsoft Visual Studio\2017\Professional\Common7\IDE\CommonExtensions\Microsoft\TestWindow;C:\Program Files (x86)\Microsoft Visual Studio\2017\Professional\Common7\IDE\CommonExtensions\Microsoft\TeamFoundation\Team Explorer;C:\Program Files (x86)\Microsoft Visual Studio\2017\Professional\MSBuild\15.0\bin\Roslyn;C:\Program Files (x86)\Microsoft Visual Studio\2017\Professional\Team Tools\Performance Tools\x64;C:\Program Files (x86)\Microsoft Visual Studio\2017\Professional\Team Tools\Performance Tools;C:\Program Files (x86)\Microsoft Visual Studio\Shared\Common\VSPerfCollectionTools\\x64;C:\Program Files (x86)\Microsoft Visual Studio\Shared\Common\VSPerfCollectionTools\;C:\Program Files (x86)\Microsoft SDKs\Windows\v10.0A\bin\NETFX 4.6.1 Tools\x64\;C:\Program Files (x86)\HTML Help Workshop;C:\Program Files (x86)\Windows Kits\10\bin\10.0.18362.0\x64;C:\Program Files (x86)\Windows Kits\10\bin\x64;C:\Program Files (x86)\Microsoft Visual Studio\2017\Professional\\MSBuild\15.0\bin;C:\WINDOWS\Microsoft.NET\Framework64\v4.0.30319;C:\Program Files (x86)\Microsoft Visual Studio\2017\Professional\Common7\IDE\;C:\Program Files (x86)\Microsoft Visual Studio\2017\Professional\Common7\Tools\;C:\Python27\;C:\Python27\Scripts;C:\WINDOWS\system32;C:\WINDOWS;C:\WINDOWS\System32\Wbem;C:\WINDOWS\System32\WindowsPowerShell\v1.0\;C:\WINDOWS\System32\OpenSSH\;C:\ProgramData\chocolatey\bin;C:\Program Files (x86)\WiX Toolset v3.7\bin;C:\Program Files\dotnet\;C:\Program Files (x86)\Windows Kits\10\bin\10.0.18362.0\x64;C:\Program Files\Zulu\zulu-11\bin\;C:\Program Files (x86)\Windows Kits\10\bin\10.0.17763.0\x64;C:\Program Files (x86)\Windows Kits\10\bin\x64;C:\Program Files\Git\cmd;C:\Program Files\Git\usr\bin;C:\Program Files\Git\mingw64\bin;C:\Program Files\Git\bin;C:\Python38\;C:\Python38\Scripts;C:\StoreBoxClientWindows;C:\Program Files\Electric Cloud\ElectricCommander\bin;C:\Program Files\WinRAR;C:\Program Files\7-Zip;C:\Users\Administrator\AppData\Local\Microsoft\WindowsApps;C:\Program Files (x86)\Microsoft Visual Studio\2017\Professional\Common7\IDE\CommonExtensions\Microsoft\CMake\CMake\bin;C:\Program Files (x86)\Microsoft Visual Studio\2017\Professional\Common7\IDE\CommonExtensions\Microsoft\CMake\Ninja
[2023-05-11T22:36:01.628Z]     [1/8] Automatic MOC and UIC for target mayaUsdUI
[2023-05-11T22:36:01.742Z]     [2/5] Automatic MOC and UIC for target testMayaUsdUI
[2023-05-11T22:36:01.742Z]     [2/3] Install the project...
[2023-05-11T22:36:01.742Z]     -- Install configuration: "RelWithDebInfo"
[2023-05-11T22:36:04.679Z]     
[2023-05-11T22:36:04.679Z]         Building with settings:
[2023-05-11T22:36:04.679Z]           Source directory          S:\jenkins\workspace\ECP\ecg-maya-usd\ecg-mayausd-branch-preflight-2020-windows\ecg-maya-usd\maya-usd
[2023-05-11T22:36:04.679Z]           Workspace directory       W:\
[2023-05-11T22:36:04.679Z]           Build directory           W:\build\RelWithDebInfo
[2023-05-11T22:36:04.679Z]           Install directory         W:\install\RelWithDebInfo\MayaUSD
[2023-05-11T22:36:04.679Z]           Variant                   RelWithDebInfo
[2023-05-11T22:36:04.679Z]           Python Debug              Off
[2023-05-11T22:36:04.679Z]           CMake generator           Ninja
[2023-05-11T22:36:04.679Z]           Build arguments           ['-DCMAKE_MAKE_PROGRAM=P:/shared/Artifactory/Windows/ninja/1.9.0/c68f192/ninja.exe', '-DPYTHON_INCLUDE_DIR=P:/shared/Artifactory/Windows/rundev-2020/202107140359/runtime/5d64bf0/runTime/include/Python', '-DPython_EXECUTABLE=P:/shared/Artifactory/Windows/rundev-2020/202107140359/runtime/5d64bf0/runTime/bin/mayapy.exe', '-DPYTHON_LIBRARIES=P:/shared/Artifactory/Windows/rundev-2020/202107140359/runtime/5d64bf0/runTime/lib/python27.lib', '-DUSD_LIB_PREFIX=', '-DBUILD_HDMAYA=OFF']
[2023-05-11T22:36:04.679Z]           Stages arguments          ['install']
[2023-05-11T22:36:04.679Z]           CTest arguments           ['-E testUsdReferenceAssemblySelection|testUsdMayaAppDir', '-LE interactive', '--parallel 16']
[2023-05-11T22:36:04.679Z]     Success MayaUSD build and install !!!!
[2023-05-11T22:36:04.679Z]     Elapsed time: 00:00:03
[Pipeline] bat
[2023-05-11T22:36:04.981Z] Deleting alias drive W:
[Pipeline] bat
[2023-05-11T22:36:05.259Z] Deleting alias drive P:
[Pipeline] }
[Pipeline] // withEnv
[Pipeline] }
[Pipeline] // timeout
[Pipeline] }
[Pipeline] // stage
[Pipeline] }
[Pipeline] // timestamps
[Pipeline] timestamps
[Pipeline] {
[Pipeline] stage
[Pipeline] { (Test)
[Pipeline] timeout
[2023-05-11T22:36:05.318Z] Timeout set to expire in 6 hr 0 min
[Pipeline] {
[Pipeline] withEnv
[Pipeline] {
[Pipeline] bat
[2023-05-11T22:36:05.733Z] Creating alias drive P: to S:\jenkins\workspace
[Pipeline] bat
[2023-05-11T22:36:06.016Z] Creating alias drive W: to S:\jenkins\workspace\ECP\ecg-maya-usd\ecg-mayausd-branch-preflight-2020-windows
[Pipeline] bat
[2023-05-11T22:36:06.538Z] "C:\Program Files (x86)\Microsoft Visual Studio\2017\Professional\VC\Auxiliary\Build\vcvarsall.bat" x64
[2023-05-11T22:36:06.640Z] **********************************************************************
[2023-05-11T22:36:06.640Z] ** Visual Studio 2017 Developer Command Prompt v15.9.15
[2023-05-11T22:36:06.640Z] ** Copyright (c) 2017 Microsoft Corporation
[2023-05-11T22:36:06.640Z] **********************************************************************
[2023-05-11T22:36:07.561Z] [vcvarsall.bat] Environment initialized for: 'x64'
[2023-05-11T22:36:07.561Z] python ecg-maya-usd/build.py --stages=test --workspace-dir=W:\ --artifactory-dir=P:\shared\Artifactory --build-dir=W:\build --install-dir=W:\install --signing-dir=W:\signing --package-dir=W:\package --output-dir=W:\output --stash-dir=W:\stash --jenkins-build=920 --git-commit=e5851046dd9c0676f14ddea2cded9d3b59b25958 --git-branch=master --variants=RelWithDebInfo --python=2.7 --post-zips=false --test-jobs=0 --failed-test-retry=3 --maya-cut-config=maya-rundev-2020.yaml --maya-package=rundev-2020 --stage-banner --progressive-timeout
[2023-05-11T22:36:08.380Z] Using Maya cut from P:\shared\Artifactory\Windows\rundev-2020\202107140359\runtime\5d64bf0
[2023-05-11T22:36:08.380Z] 
[2023-05-11T22:36:08.380Z] ================================================================================
[2023-05-11T22:36:08.380Z]                              test (RelWithDebInfo)
[2023-05-11T22:36:08.380Z] ================================================================================
[2023-05-11T22:36:08.380Z] Maya Python RelWithDebInfo Info:
[2023-05-11T22:36:08.380Z]   mayapy executable   = P:\shared\Artifactory\Windows\rundev-2020\202107140359\runtime\5d64bf0\runTime\bin\mayapy.exe
[2023-05-11T22:36:08.380Z]   Include Folder      = P:\shared\Artifactory\Windows\rundev-2020\202107140359\runtime\5d64bf0\runTime\include\Python
[2023-05-11T22:36:08.380Z]   Library             = P:\shared\Artifactory\Windows\rundev-2020\202107140359\runtime\5d64bf0\runTime\lib\python27.lib
[2023-05-11T22:36:08.380Z]   site-package Folder = P:\shared\Artifactory\Windows\rundev-2020\202107140359\runtime\5d64bf0\runTime\Python\Lib\site-packages
[2023-05-11T22:36:09.103Z] In workdir: S:\jenkins\workspace\ECP\ecg-maya-usd\ecg-mayausd-branch-preflight-2020-windows\ecg-maya-usd\maya-usd
[2023-05-11T22:36:09.103Z] Executing: 'P:\\shared\\Artifactory\\Windows\\rundev-2020\\202107140359\\runtime\\5d64bf0\\runTime\\bin\\mayapy.exe' 'S:\\jenkins\\workspace\\ECP\\ecg-maya-usd\\ecg-mayausd-branch-preflight-2020-windows\\ecg-maya-usd\\maya-usd\\build.py' --generator Ninja --build-relwithdebug --maya-location 'P:\\shared\\Artifactory\\Windows\\rundev-2020\\202107140359\\runtime\\5d64bf0\\runTime' --devkit-location 'P:\\shared\\Artifactory\\Windows\\rundev-2020\\202107140359\\runtime\\5d64bf0\\devkitBase' --pxrusd-location 'P:\\shared\\Artifactory\\Windows\\USD\\9ab6422' --qt-location 'P:\\shared\\Artifactory\\Windows\\qt\\5.12.5\\4755980' --materialx '--build-args=-DCMAKE_MAKE_PROGRAM=P:/shared/Artifactory/Windows/ninja/1.9.0/c68f192/ninja.exe,-DPYTHON_INCLUDE_DIR=P:/shared/Artifactory/Windows/rundev-2020/202107140359/runtime/5d64bf0/runTime/include/Python,-DPython_EXECUTABLE=P:/shared/Artifactory/Windows/rundev-2020/202107140359/runtime/5d64bf0/runTime/bin/mayapy.exe,-DPYTHON_LIBRARIES=P:/shared/Artifactory/Windows/rundev-2020/202107140359/runtime/5d64bf0/runTime/lib/python27.lib,-DUSD_LIB_PREFIX=,-DBUILD_HDMAYA=OFF' '--ctest-args=-E testUsdReferenceAssemblySelection|testUsdMayaAppDir,-LE interactive,--parallel 16' --stages=test --redirect-outstream-file=False --install-location 'W:\\install\\RelWithDebInfo\\MayaUSD' 'W:\\'
[2023-05-11T22:36:09.103Z] Modified environment variables:
[2023-05-11T22:36:09.103Z]     PATH=P:\shared\Artifactory\Windows\cmake\3.20.3\afe857a\bin;C:\Python27\lib\site-packages\pywin32_system32;C:\Program Files (x86)\Microsoft Visual Studio\2017\Professional\VC\Tools\MSVC\14.16.27023\bin\HostX64\x64;C:\Program Files (x86)\Microsoft Visual Studio\2017\Professional\Common7\IDE\VC\VCPackages;C:\Program Files (x86)\Microsoft Visual Studio\2017\Professional\Common7\IDE\CommonExtensions\Microsoft\TestWindow;C:\Program Files (x86)\Microsoft Visual Studio\2017\Professional\Common7\IDE\CommonExtensions\Microsoft\TeamFoundation\Team Explorer;C:\Program Files (x86)\Microsoft Visual Studio\2017\Professional\MSBuild\15.0\bin\Roslyn;C:\Program Files (x86)\Microsoft Visual Studio\2017\Professional\Team Tools\Performance Tools\x64;C:\Program Files (x86)\Microsoft Visual Studio\2017\Professional\Team Tools\Performance Tools;C:\Program Files (x86)\Microsoft Visual Studio\Shared\Common\VSPerfCollectionTools\\x64;C:\Program Files (x86)\Microsoft Visual Studio\Shared\Common\VSPerfCollectionTools\;C:\Program Files (x86)\Microsoft SDKs\Windows\v10.0A\bin\NETFX 4.6.1 Tools\x64\;C:\Program Files (x86)\HTML Help Workshop;C:\Program Files (x86)\Windows Kits\10\bin\10.0.18362.0\x64;C:\Program Files (x86)\Windows Kits\10\bin\x64;C:\Program Files (x86)\Microsoft Visual Studio\2017\Professional\\MSBuild\15.0\bin;C:\WINDOWS\Microsoft.NET\Framework64\v4.0.30319;C:\Program Files (x86)\Microsoft Visual Studio\2017\Professional\Common7\IDE\;C:\Program Files (x86)\Microsoft Visual Studio\2017\Professional\Common7\Tools\;C:\Python27\;C:\Python27\Scripts;C:\WINDOWS\system32;C:\WINDOWS;C:\WINDOWS\System32\Wbem;C:\WINDOWS\System32\WindowsPowerShell\v1.0\;C:\WINDOWS\System32\OpenSSH\;C:\ProgramData\chocolatey\bin;C:\Program Files (x86)\WiX Toolset v3.7\bin;C:\Program Files\dotnet\;C:\Program Files (x86)\Windows Kits\10\bin\10.0.18362.0\x64;C:\Program Files\Zulu\zulu-11\bin\;C:\Program Files (x86)\Windows Kits\10\bin\10.0.17763.0\x64;C:\Program Files (x86)\Windows Kits\10\bin\x64;C:\Program Files\Git\cmd;C:\Program Files\Git\usr\bin;C:\Program Files\Git\mingw64\bin;C:\Program Files\Git\bin;C:\Python38\;C:\Python38\Scripts;C:\StoreBoxClientWindows;C:\Program Files\Electric Cloud\ElectricCommander\bin;C:\Program Files\WinRAR;C:\Program Files\7-Zip;C:\Users\Administrator\AppData\Local\Microsoft\WindowsApps;C:\Program Files (x86)\Microsoft Visual Studio\2017\Professional\Common7\IDE\CommonExtensions\Microsoft\CMake\CMake\bin;C:\Program Files (x86)\Microsoft Visual Studio\2017\Professional\Common7\IDE\CommonExtensions\Microsoft\CMake\Ninja
[2023-05-11T22:36:09.418Z]     Test project W:/build/RelWithDebInfo
[2023-05-11T22:36:10.545Z]             Start   1: testMayaUsdConverter
[2023-05-11T22:36:10.545Z]             Start   2: testMayaUsdCreateStageCommands
[2023-05-11T22:36:10.545Z]             Start   3: testMayaUsdPythonImport
[2023-05-11T22:36:10.545Z]             Start   4: testMayaUsdLayerEditorCommands
[2023-05-11T22:36:10.545Z]             Start   5: testMayaUsdCacheId
[2023-05-11T22:36:10.545Z]             Start   7: _Interactive_Maya
[2023-05-11T22:36:10.545Z]       1/166 Test   #7: _Interactive_Maya ...............................***Not Run (Disabled)   0.00 sec
[2023-05-11T22:36:10.545Z]             Start   8: testMayaUsdPlugVersionCheck
[2023-05-11T22:36:10.545Z]             Start   9: testMatrices
[2023-05-11T22:36:10.545Z]             Start  10: testMayaPickwalk
[2023-05-11T22:36:10.545Z]             Start  11: testPythonWrappers
[2023-05-11T22:36:10.545Z]             Start  12: testSelection
[2023-05-11T22:36:10.545Z]             Start  13: testSelectionByArray
[2023-05-11T22:36:10.545Z]             Start  14: testUfePythonImport
[2023-05-11T22:36:10.681Z]             Start  15: testAttributeBlock
[2023-05-11T22:36:10.681Z]             Start  16: testBlockedLayerEdit
[2023-05-11T22:36:10.681Z]             Start  17: testLegacyDeleteCmd
[2023-05-11T22:36:10.681Z]             Start  18: testPrimReader
[2023-05-11T22:36:14.604Z]       2/166 Test   #8: testMayaUsdPlugVersionCheck .....................   Passed    4.00 sec
[2023-05-11T22:36:14.604Z]             Start  19: testPrimWriter
[2023-05-11T22:36:14.826Z]       3/166 Test  #11: testPythonWrappers ..............................   Passed    4.20 sec
[2023-05-11T22:36:14.826Z]             Start  20: testExportChaser
[2023-05-11T22:36:14.826Z]       4/166 Test  #12: testSelection ...................................   Passed    4.25 sec
[2023-05-11T22:36:14.826Z]             Start  21: testImportChaser
[2023-05-11T22:36:14.953Z]       5/166 Test   #1: testMayaUsdConverter ............................   Passed    4.45 sec
[2023-05-11T22:36:14.953Z]             Start  22: testImportWithNamespace
[2023-05-11T22:36:15.134Z]       6/166 Test   #5: testMayaUsdCacheId ..............................   Passed    4.59 sec
[2023-05-11T22:36:15.134Z]             Start  23: testJobContextRegistry
[2023-05-11T22:36:15.324Z]       7/166 Test  #18: testPrimReader ..................................   Passed    4.68 sec
[2023-05-11T22:36:15.324Z]             Start  24: testDisplayLayerSaveRestore
[2023-05-11T22:36:15.446Z]       8/166 Test   #3: testMayaUsdPythonImport .........................   Passed    4.85 sec
[2023-05-11T22:36:15.446Z]             Start  25: testSchemaApiAdaptor
[2023-05-11T22:36:15.446Z]       9/166 Test  #13: testSelectionByArray ............................   Passed    4.82 sec
[2023-05-11T22:36:15.446Z]             Start  26: testReadWriteUtils
[2023-05-11T22:36:15.446Z]      10/166 Test   #4: testMayaUsdLayerEditorCommands ..................   Passed    4.90 sec
[2023-05-11T22:36:15.446Z]             Start  27: testXformStack
[2023-05-11T22:36:15.446Z]      11/166 Test   #9: testMatrices ....................................   Passed    4.92 sec
[2023-05-11T22:36:15.446Z]             Start  28: testGeomNode
[2023-05-11T22:36:15.578Z]      12/166 Test  #14: testUfePythonImport .............................   Passed    4.95 sec
[2023-05-11T22:36:15.578Z]             Start  29: testLayerManagerSerialization
[2023-05-11T22:36:15.910Z]      13/166 Test  #16: testBlockedLayerEdit ............................   Passed    5.26 sec
[2023-05-11T22:36:15.910Z]             Start  30: testPointBasedDeformerNode
[2023-05-11T22:36:15.910Z]      14/166 Test  #17: testLegacyDeleteCmd .............................   Passed    5.34 sec
[2023-05-11T22:36:15.910Z]             Start  31: testProxyShapeBase
[2023-05-11T22:36:16.024Z]      15/166 Test  #10: testMayaPickwalk ................................   Passed    5.40 sec
[2023-05-11T22:36:16.024Z]             Start  32: testHdImagingShape
[2023-05-11T22:36:16.251Z]      16/166 Test   #2: testMayaUsdCreateStageCommands ..................   Passed    5.67 sec
[2023-05-11T22:36:16.251Z]             Start  51: testUsdUndoManager
[2023-05-11T22:36:16.251Z]      17/166 Test  #15: testAttributeBlock ..............................   Passed    5.70 sec
[2023-05-11T22:36:16.251Z]             Start  52: testBlockSceneModificationContext
[2023-05-11T22:36:18.615Z]      18/166 Test  #21: testImportChaser ................................   Passed    3.72 sec
[2023-05-11T22:36:18.615Z]             Start  53: testDiagnosticDelegate
[2023-05-11T22:36:18.615Z]      19/166 Test  #19: testPrimWriter ..................................   Passed    4.04 sec
[2023-05-11T22:36:18.615Z]             Start  54: testLoadRules
[2023-05-11T22:36:18.832Z]      20/166 Test  #20: testExportChaser ................................   Passed    4.09 sec
[2023-05-11T22:36:18.832Z]             Start  55: testUtilsFileSystem
[2023-05-11T22:36:18.954Z]      21/166 Test  #22: testImportWithNamespace .........................   Passed    3.98 sec
[2023-05-11T22:36:18.955Z]             Start  56: testTargetLayer
[2023-05-11T22:36:19.069Z]      22/166 Test  #23: testJobContextRegistry ..........................   Passed    3.88 sec
[2023-05-11T22:36:19.069Z]             Start  57: testSplitString
[2023-05-11T22:36:19.402Z]      23/166 Test  #24: testDisplayLayerSaveRestore .....................   Passed    4.07 sec
[2023-05-11T22:36:19.402Z]             Start  58: testPxrUsdPreviewSurfaceDraw
[2023-05-11T22:36:19.402Z]      24/166 Test  #26: testReadWriteUtils ..............................   Passed    4.02 sec
[2023-05-11T22:36:19.402Z]             Start  59: testPxrUsdPreviewSurfaceExport
[2023-05-11T22:36:19.516Z]      25/166 Test  #27: testXformStack ..................................   Passed    4.08 sec
[2023-05-11T22:36:19.516Z]             Start  60: testMayaUsdSchemasPythonImport
[2023-05-11T22:36:19.849Z]      26/166 Test  #28: testGeomNode ....................................   Passed    4.36 sec
[2023-05-11T22:36:19.849Z]             Start  61: testMayaUsdSchemasMayaReference
[2023-05-11T22:36:19.849Z]      27/166 Test  #30: testPointBasedDeformerNode ......................   Passed    4.02 sec
[2023-05-11T22:36:19.849Z]             Start  62: testDiffCore
[2023-05-11T22:36:19.971Z]      28/166 Test  #25: testSchemaApiAdaptor ............................   Passed    4.55 sec
[2023-05-11T22:36:19.971Z]             Start  63: testDiffValues
[2023-05-11T22:36:19.971Z]      29/166 Test  #29: testLayerManagerSerialization ...................   Passed    4.41 sec
[2023-05-11T22:36:19.971Z]             Start  64: testDiffAttributes
[2023-05-11T22:36:19.971Z]      30/166 Test  #54: testLoadRules ...................................   Passed    1.41 sec
[2023-05-11T22:36:19.971Z]             Start  65: testDiffRelationships
[2023-05-11T22:36:20.096Z]      31/166 Test  #62: testDiffCore ....................................   Passed    0.14 sec
[2023-05-11T22:36:20.096Z]             Start  66: testDiffDictionaries
[2023-05-11T22:36:20.096Z]      32/166 Test  #63: testDiffValues ..................................   Passed    0.15 sec
[2023-05-11T22:36:20.096Z]             Start  67: testDiffLists
[2023-05-11T22:36:20.096Z]      33/166 Test  #51: testUsdUndoManager ..............................   Passed    3.93 sec
[2023-05-11T22:36:20.096Z]             Start  68: testDiffComputeOverall
[2023-05-11T22:36:20.225Z]      34/166 Test  #64: testDiffAttributes ..............................   Passed    0.19 sec
[2023-05-11T22:36:20.225Z]             Start  69: testDiffPrims
[2023-05-11T22:36:20.225Z]      35/166 Test  #55: testUtilsFileSystem .............................   Passed    1.32 sec
[2023-05-11T22:36:20.225Z]             Start  70: testMergePrims
[2023-05-11T22:36:20.225Z]      36/166 Test  #66: testDiffDictionaries ............................   Passed    0.19 sec
[2023-05-11T22:36:20.225Z]             Start  71: testDiffMetadatas
[2023-05-11T22:36:20.225Z]      37/166 Test  #65: testDiffRelationships ...........................   Passed    0.27 sec
[2023-05-11T22:36:20.225Z]             Start  72: testUsdExportAnimation
[2023-05-11T22:36:20.362Z]      38/166 Test  #56: testTargetLayer .................................   Passed    1.31 sec
[2023-05-11T22:36:20.362Z]             Start  73: testUsdExportAsClip
[2023-05-11T22:36:20.362Z]      39/166 Test  #52: testBlockSceneModificationContext ...............   Passed    3.99 sec
[2023-05-11T22:36:20.362Z]             Start  74: testUsdExportBindTransform
[2023-05-11T22:36:20.362Z]      40/166 Test  #67: testDiffLists ...................................   Passed    0.21 sec
[2023-05-11T22:36:20.362Z]             Start  75: testUsdExportBlendshapes
[2023-05-11T22:36:20.362Z]      41/166 Test  #68: testDiffComputeOverall ..........................   Passed    0.18 sec
[2023-05-11T22:36:20.362Z]             Start  76: testUsdExportCamera
[2023-05-11T22:36:20.362Z]      42/166 Test  #57: testSplitString .................................   Passed    1.30 sec
[2023-05-11T22:36:20.362Z]             Start  77: testUsdExportColorSets
[2023-05-11T22:36:20.362Z]      43/166 Test  #69: testDiffPrims ...................................   Passed    0.21 sec
[2023-05-11T22:36:20.362Z]             Start  78: testUsdExportConnected
[2023-05-11T22:36:20.363Z]      44/166 Test  #32: testHdImagingShape ..............................   Passed    4.42 sec
[2023-05-11T22:36:20.363Z]             Start  79: testUsdExportDisplayColor
[2023-05-11T22:36:20.363Z]      45/166 Test  #70: testMergePrims ..................................   Passed    0.21 sec
[2023-05-11T22:36:20.363Z]             Start  80: testUsdExportEulerFilter
[2023-05-11T22:36:20.489Z]      46/166 Test  #71: testDiffMetadatas ...............................   Passed    0.19 sec
[2023-05-11T22:36:20.489Z]             Start  81: testUsdExportFileFormat
[2023-05-11T22:36:21.021Z]      47/166 Test  #31: testProxyShapeBase ..............................   Passed    5.05 sec
[2023-05-11T22:36:21.021Z]             Start  82: testUsdExportFilterTypes
[2023-05-11T22:36:22.688Z]      48/166 Test  #58: testPxrUsdPreviewSurfaceDraw ....................   Passed    3.27 sec
[2023-05-11T22:36:22.688Z]             Start  83: testUsdExportFrameOffset
[2023-05-11T22:36:23.010Z]      49/166 Test  #53: testDiagnosticDelegate ..........................   Passed    4.45 sec
[2023-05-11T22:36:23.010Z]             Start  84: testUsdExportGeomSubset
[2023-05-11T22:36:23.137Z]      50/166 Test  #60: testMayaUsdSchemasPythonImport ..................   Passed    3.60 sec
[2023-05-11T22:36:23.137Z]             Start  85: testUsdExportInstances
[2023-05-11T22:36:23.459Z]      51/166 Test  #61: testMayaUsdSchemasMayaReference .................   Passed    3.59 sec
[2023-05-11T22:36:23.459Z]             Start  86: testUsdExportLayerAttributes
[2023-05-11T22:36:24.005Z]      52/166 Test  #59: testPxrUsdPreviewSurfaceExport ..................   Passed    4.54 sec
[2023-05-11T22:36:24.005Z]             Start  87: testUsdExportLight
[2023-05-11T22:36:24.225Z]      53/166 Test  #72: testUsdExportAnimation ..........................   Passed    3.97 sec
[2023-05-11T22:36:24.225Z]             Start  88: testUsdExportLocator
[2023-05-11T22:36:24.683Z]      54/166 Test  #75: testUsdExportBlendshapes ........................   Passed    4.40 sec
[2023-05-11T22:36:24.683Z]             Start  89: testUsdExportMayaInstancer
[2023-05-11T22:36:24.683Z]      55/166 Test  #74: testUsdExportBindTransform ......................   Passed    4.43 sec
[2023-05-11T22:36:24.683Z]             Start  90: testUsdExportMesh
[2023-05-11T22:36:24.837Z]      56/166 Test  #73: testUsdExportAsClip .............................   Passed    4.56 sec
[2023-05-11T22:36:24.837Z]             Start  91: testUsdExportNurbsCurve
[2023-05-11T22:36:24.984Z]      57/166 Test  #79: testUsdExportDisplayColor .......................   Passed    4.51 sec
[2023-05-11T22:36:24.984Z]             Start  92: testUsdExportOpenLayer
[2023-05-11T22:36:24.984Z]      58/166 Test  #81: testUsdExportFileFormat .........................   Passed    4.49 sec
[2023-05-11T22:36:24.984Z]             Start  93: testUsdExportOverImport
[2023-05-11T22:36:25.215Z]      59/166 Test  #77: testUsdExportColorSets ..........................   Passed    4.88 sec
[2023-05-11T22:36:25.215Z]             Start  94: testUsdExportUsdPreviewSurface
[2023-05-11T22:36:25.215Z]      60/166 Test  #80: testUsdExportEulerFilter ........................   Passed    4.86 sec
[2023-05-11T22:36:25.215Z]             Start  95: testUsdExportParentScope
[2023-05-11T22:36:25.332Z]      61/166 Test  #78: testUsdExportConnected ..........................   Passed    4.91 sec
[2023-05-11T22:36:25.332Z]             Start  96: testUsdExportParticles
[2023-05-11T22:36:25.332Z]      62/166 Test  #76: testUsdExportCamera .............................   Passed    5.07 sec
[2023-05-11T22:36:25.332Z]             Start  97: testUsdExportPref
[2023-05-11T22:36:25.972Z]      63/166 Test  #82: testUsdExportFilterTypes ........................   Passed    4.92 sec
[2023-05-11T22:36:25.972Z]             Start  98: testUsdExportRenderLayerMode
[2023-05-11T22:36:27.388Z]      64/166 Test  #83: testUsdExportFrameOffset ........................   Passed    4.67 sec
[2023-05-11T22:36:27.388Z]             Start  99: testUsdExportRoots
[2023-05-11T22:36:27.388Z]      65/166 Test  #86: testUsdExportLayerAttributes ....................   Passed    3.93 sec
[2023-05-11T22:36:27.388Z]             Start 100: testUsdExportRootsAndParentScope
[2023-05-11T22:36:27.609Z]      66/166 Test  #84: testUsdExportGeomSubset .........................   Passed    4.56 sec
[2023-05-11T22:36:27.609Z]             Start 101: testUsdExportSelection
[2023-05-11T22:36:27.736Z]      67/166 Test  #85: testUsdExportInstances ..........................   Passed    4.54 sec
[2023-05-11T22:36:27.736Z]             Start 102: testUsdExportSelectionHierarchy
[2023-05-11T22:36:27.957Z]      68/166 Test  #87: testUsdExportLight ..............................   Passed    4.00 sec
[2023-05-11T22:36:27.957Z]             Start 103: testUsdExportSkeleton
[2023-05-11T22:36:28.698Z]      69/166 Test  #88: testUsdExportLocator ............................   Passed    4.48 sec
[2023-05-11T22:36:28.698Z]             Start 104: testUsdExportSkin
[2023-05-11T22:36:28.832Z]      70/166 Test  #93: testUsdExportOverImport .........................   Passed    3.95 sec
[2023-05-11T22:36:28.832Z]             Start 105: testUsdExportStripNamespaces
[2023-05-11T22:36:28.832Z]      71/166 Test  #92: testUsdExportOpenLayer ..........................   Passed    3.97 sec
[2023-05-11T22:36:28.832Z]             Start 106: testUsdExportStroke
[2023-05-11T22:36:29.261Z]      72/166 Test  #91: testUsdExportNurbsCurve .........................   Passed    4.46 sec
[2023-05-11T22:36:29.261Z]             Start 107: testUsdExportUserTaggedAttributes
[2023-05-11T22:36:29.388Z]      73/166 Test  #94: testUsdExportUsdPreviewSurface ..................   Passed    4.18 sec
[2023-05-11T22:36:29.388Z]             Start 108: testUsdExportVisibilityDefault
[2023-05-11T22:36:29.388Z]      74/166 Test  #90: testUsdExportMesh ...............................   Passed    4.70 sec
[2023-05-11T22:36:29.388Z]             Start 109: testUsdImportAnonymousLayer
[2023-05-11T22:36:29.611Z]      75/166 Test  #98: testUsdExportRenderLayerMode ....................   Passed    3.67 sec
[2023-05-11T22:36:29.611Z]             Start 110: testUsdImportCamera
[2023-05-11T22:36:29.732Z]      76/166 Test  #95: testUsdExportParentScope ........................   Passed    4.41 sec
[2023-05-11T22:36:29.732Z]             Start 111: testUsdImportBasisCurves
[2023-05-11T22:36:29.732Z]      77/166 Test  #89: testUsdExportMayaInstancer ......................   Passed    5.01 sec
[2023-05-11T22:36:29.732Z]             Start 112: testUsdImportBatchNurbsCurves
[2023-05-11T22:36:29.732Z]      78/166 Test  #96: testUsdExportParticles ..........................   Passed    4.47 sec
[2023-05-11T22:36:29.732Z]             Start 113: testUsdImportLinearCurves
[2023-05-11T22:36:29.858Z]      79/166 Test  #97: testUsdExportPref ...............................   Passed    4.44 sec
[2023-05-11T22:36:29.858Z]             Start 114: testUsdImportHighDegreeNurbsCurves
[2023-05-11T22:36:31.333Z]      80/166 Test #100: testUsdExportRootsAndParentScope ................   Passed    3.98 sec
[2023-05-11T22:36:31.333Z]             Start 115: testUsdImportNurbsCurves
[2023-05-11T22:36:31.981Z]      81/166 Test #101: testUsdExportSelection ..........................   Passed    4.37 sec
[2023-05-11T22:36:31.981Z]             Start 116: testUsdImportBatchBezierCurves
[2023-05-11T22:36:32.307Z]      82/166 Test #102: testUsdExportSelectionHierarchy .................   Passed    4.61 sec
[2023-05-11T22:36:32.307Z]             Start 117: testUsdImportColorSets
[2023-05-11T22:36:32.625Z]      83/166 Test #104: testUsdExportSkin ...............................   Passed    3.88 sec
[2023-05-11T22:36:32.625Z]             Start 118: testUsdImportDisplacement
[2023-05-11T22:36:32.949Z]      84/166 Test #105: testUsdExportStripNamespaces ....................   Passed    4.03 sec
[2023-05-11T22:36:32.949Z]             Start 119: testUsdImportExportScope
[2023-05-11T22:36:33.176Z]      85/166 Test  #99: testUsdExportRoots ..............................   Passed    5.80 sec
[2023-05-11T22:36:33.176Z]             Start 120: testUsdImportExportTypelessDefs
[2023-05-11T22:36:33.290Z]      86/166 Test #103: testUsdExportSkeleton ...........................   Passed    5.30 sec
[2023-05-11T22:36:33.290Z]             Start 121: testUsdImportFrameRange
[2023-05-11T22:36:33.409Z]      87/166 Test #106: testUsdExportStroke .............................   Passed    4.48 sec
[2023-05-11T22:36:33.409Z]             Start 122: testUsdImportFramerates
[2023-05-11T22:36:33.409Z]      88/166 Test #109: testUsdImportAnonymousLayer .....................   Passed    3.98 sec
[2023-05-11T22:36:33.409Z]             Start 123: testUsdImportInstances
[2023-05-11T22:36:33.528Z]      89/166 Test #110: testUsdImportCamera .............................   Passed    3.94 sec
[2023-05-11T22:36:33.528Z]             Start 124: testUsdImportLight
[2023-05-11T22:36:33.661Z]      90/166 Test #111: testUsdImportBasisCurves ........................   Passed    3.96 sec
[2023-05-11T22:36:33.661Z]             Start 125: testUsdImportMayaReference
[2023-05-11T22:36:33.778Z]      91/166 Test #108: testUsdExportVisibilityDefault ..................   Passed    4.38 sec
[2023-05-11T22:36:33.778Z]             Start 126: testUsdImportMesh
[2023-05-11T22:36:33.778Z]      92/166 Test #112: testUsdImportBatchNurbsCurves ...................   Passed    4.06 sec
[2023-05-11T22:36:33.778Z]             Start 127: testUsdImportPointCache
[2023-05-11T22:36:33.778Z]      93/166 Test #107: testUsdExportUserTaggedAttributes ...............   Passed    4.48 sec
[2023-05-11T22:36:33.778Z]             Start 128: testUsdImportPreviewSurface
[2023-05-11T22:36:33.778Z]      94/166 Test #113: testUsdImportLinearCurves .......................   Passed    4.07 sec
[2023-05-11T22:36:33.778Z]             Start 129: testUsdImportSessionLayer
[2023-05-11T22:36:33.905Z]      95/166 Test #114: testUsdImportHighDegreeNurbsCurves ..............   Passed    4.10 sec
[2023-05-11T22:36:33.905Z]             Start 130: testUsdImportShadingModeDisplayColor
[2023-05-11T22:36:35.372Z]      96/166 Test #115: testUsdImportNurbsCurves ........................   Passed    3.98 sec
[2023-05-11T22:36:35.372Z]             Start 131: testUsdImportShadingModePxrRis
[2023-05-11T22:36:35.803Z]      97/166 Test #116: testUsdImportBatchBezierCurves ..................   Passed    3.89 sec
[2023-05-11T22:36:35.803Z]             Start 132: testUsdImportUVSetMappings
[2023-05-11T22:36:36.239Z]      98/166 Test #117: testUsdImportColorSets ..........................   Passed    3.92 sec
[2023-05-11T22:36:36.239Z]             Start 133: testUsdImportUSDZTextures
[2023-05-11T22:36:36.473Z]      99/166 Test #118: testUsdImportDisplacement .......................   Passed    3.87 sec
[2023-05-11T22:36:36.473Z]             Start 134: testUsdExportImportRoundtripPreviewSurface
[2023-05-11T22:36:36.801Z]     100/166 Test #119: testUsdImportExportScope ........................   Passed    3.85 sec
[2023-05-11T22:36:36.801Z]             Start 135: testUsdImportSkeleton
[2023-05-11T22:36:37.037Z]     101/166 Test #120: testUsdImportExportTypelessDefs .................   Passed    3.87 sec
[2023-05-11T22:36:37.037Z]             Start 136: testUsdImportXforms
[2023-05-11T22:36:37.368Z]     102/166 Test #121: testUsdImportFrameRange .........................   Passed    4.12 sec
[2023-05-11T22:36:37.368Z]             Start 137: testUsdImportXformAnim
[2023-05-11T22:36:37.497Z]     103/166 Test #123: testUsdImportInstances ..........................   Passed    4.05 sec
[2023-05-11T22:36:37.497Z]             Start 138: testUsdImportEulerFilter
[2023-05-11T22:36:37.497Z]     104/166 Test #122: testUsdImportFramerates .........................   Passed    4.11 sec
[2023-05-11T22:36:37.497Z]             Start 139: testUsdMayaAdaptor
[2023-05-11T22:36:37.497Z]     105/166 Test #124: testUsdImportLight ..............................   Passed    3.98 sec
[2023-05-11T22:36:37.497Z]             Start 140: testUsdMayaAdaptorGeom
[2023-05-11T22:36:37.644Z]     106/166 Test #126: testUsdImportMesh ...............................   Passed    3.84 sec
[2023-05-11T22:36:37.644Z]             Start 141: testUsdMayaAdaptorMetadata
[2023-05-11T22:36:37.875Z]     107/166 Test #128: testUsdImportPreviewSurface .....................   Passed    4.10 sec
[2023-05-11T22:36:37.875Z]             Start 142: testUsdMayaAdaptorUndoRedo
[2023-05-11T22:36:37.875Z]     108/166 Test #127: testUsdImportPointCache .........................   Passed    4.12 sec
[2023-05-11T22:36:37.875Z]             Start 143: testUsdExportUVTransforms
[2023-05-11T22:36:38.006Z]     109/166 Test #125: testUsdImportMayaReference ......................   Passed    4.37 sec
[2023-05-11T22:36:38.006Z]             Start 144: testUsdExportUsdzPackage
[2023-05-11T22:36:38.006Z]     110/166 Test #130: testUsdImportShadingModeDisplayColor ............   Passed    4.10 sec
[2023-05-11T22:36:38.006Z]             Start 145: testUsdImportRfMShaders
[2023-05-11T22:36:38.006Z]     111/166 Test #129: testUsdImportSessionLayer .......................   Passed    4.24 sec
[2023-05-11T22:36:38.167Z]             Start 146: testUsdExportDisplacement
[2023-05-11T22:36:39.308Z]     112/166 Test #131: testUsdImportShadingModePxrRis ..................   Passed    3.97 sec
[2023-05-11T22:36:39.308Z]             Start 147: testUsdExportShadingInstanced
[2023-05-11T22:36:39.845Z]     113/166 Test #132: testUsdImportUVSetMappings ......................   Passed    3.98 sec
[2023-05-11T22:36:39.845Z]             Start 148: testUsdExportShadingModePxrRis
[2023-05-11T22:36:40.284Z]     114/166 Test #133: testUsdImportUSDZTextures .......................   Passed    4.02 sec
[2023-05-11T22:36:40.284Z]             Start 149: testUsdExportImportUDIM
[2023-05-11T22:36:40.702Z]     115/166 Test #135: testUsdImportSkeleton ...........................   Passed    3.93 sec
[2023-05-11T22:36:40.702Z]             Start 150: testUsdExportRfMShaders
[2023-05-11T22:36:41.143Z]     116/166 Test #137: testUsdImportXformAnim ..........................   Passed    3.76 sec
[2023-05-11T22:36:41.143Z]             Start 151: testUsdExportUVSets
[2023-05-11T22:36:41.143Z]     117/166 Test #134: testUsdExportImportRoundtripPreviewSurface ......   Passed    4.71 sec
[2023-05-11T22:36:41.143Z]             Start 152: testUsdExportUVSetsFloat
[2023-05-11T22:36:41.472Z]     118/166 Test #138: testUsdImportEulerFilter ........................   Passed    3.98 sec
[2023-05-11T22:36:41.472Z]             Start 153: testUsdExportUVSetMappings
[2023-05-11T22:36:41.472Z]     119/166 Test #139: testUsdMayaAdaptor ..............................   Passed    4.03 sec
[2023-05-11T22:36:41.472Z]             Start 154: testUsdImportUVSets
[2023-05-11T22:36:41.472Z]     120/166 Test #140: testUsdMayaAdaptorGeom ..........................   Passed    3.98 sec
[2023-05-11T22:36:41.472Z]             Start 155: testUsdImportUVSetsFloat
[2023-05-11T22:36:41.799Z]     121/166 Test #142: testUsdMayaAdaptorUndoRedo ......................   Passed    3.92 sec
[2023-05-11T22:36:41.799Z]             Start 156: testUsdImportChaser
[2023-05-11T22:36:41.799Z]     122/166 Test #141: testUsdMayaAdaptorMetadata ......................   Passed    4.24 sec
[2023-05-11T22:36:41.799Z]             Start 157: testUsdExportCustomConverter-Maya
[2023-05-11T22:36:42.059Z]     123/166 Test #145: testUsdImportRfMShaders .........................   Passed    3.97 sec
[2023-05-11T22:36:42.059Z]             Start 158: testUsdExportCustomConverter-USD
[2023-05-11T22:36:42.181Z]     124/166 Test #144: testUsdExportUsdzPackage ........................   Passed    4.13 sec
[2023-05-11T22:36:42.181Z]             Start 159: testUsdImportCustomConverter-Maya
[2023-05-11T22:36:42.405Z]     125/166 Test #143: testUsdExportUVTransforms .......................   Passed    4.54 sec
[2023-05-11T22:36:42.405Z]             Start 160: testUsdImportCustomConverter-USD
[2023-05-11T22:36:43.051Z]     126/166 Test #146: testUsdExportDisplacement .......................   Passed    4.93 sec
[2023-05-11T22:36:43.051Z]             Start 161: testUsdMayaListShadingModesCommand
[2023-05-11T22:36:43.802Z]     127/166 Test #147: testUsdExportShadingInstanced ...................   Passed    4.50 sec
[2023-05-11T22:36:43.802Z]             Start 162: testUsdExportSchemaApi
[2023-05-11T22:36:44.139Z]     128/166 Test #148: testUsdExportShadingModePxrRis ..................   Passed    4.36 sec
[2023-05-11T22:36:44.139Z]             Start 163: testUsdImportExportSiteSpecificConfig
[2023-05-11T22:36:44.669Z]     129/166 Test #149: testUsdExportImportUDIM .........................   Passed    4.47 sec
[2023-05-11T22:36:44.669Z]             Start 164: testUsdExportAssembly
[2023-05-11T22:36:45.215Z]     130/166 Test #150: testUsdExportRfMShaders .........................   Passed    4.47 sec
[2023-05-11T22:36:45.215Z]             Start 165: testUsdExportAssemblyEdits
[2023-05-11T22:36:45.335Z]     131/166 Test #151: testUsdExportUVSets .............................   Passed    4.14 sec
[2023-05-11T22:36:45.335Z]             Start 166: testUsdExportPackage
[2023-05-11T22:36:45.335Z]     132/166 Test #152: testUsdExportUVSetsFloat ........................   Passed    4.17 sec
[2023-05-11T22:36:45.335Z]             Start 167: testUsdExportPointInstancer
[2023-05-11T22:36:45.454Z]     133/166 Test #155: testUsdImportUVSetsFloat ........................   Passed    3.92 sec
[2023-05-11T22:36:45.454Z]             Start 168: testUsdImportAsAssemblies
[2023-05-11T22:36:45.454Z]     134/166 Test #154: testUsdImportUVSets .............................   Passed    3.96 sec
[2023-05-11T22:36:45.454Z]             Start 169: testUsdImportNestedAssemblyAnimation
[2023-05-11T22:36:45.693Z]     135/166 Test #156: testUsdImportChaser .............................   Passed    3.93 sec
[2023-05-11T22:36:45.693Z]             Start 170: testUsdMayaGetVariantSetSelections
[2023-05-11T22:36:45.918Z]     136/166 Test #157: testUsdExportCustomConverter-Maya ...............   Passed    4.11 sec
[2023-05-11T22:36:45.918Z]             Start 171: testUsdMayaModelKindProcessor
[2023-05-11T22:36:46.154Z]     137/166 Test #158: testUsdExportCustomConverter-USD ................   Passed    4.13 sec
[2023-05-11T22:36:46.154Z]             Start 172: testUsdMayaReferenceAssemblyEdits
[2023-05-11T22:36:46.278Z]     138/166 Test #159: testUsdImportCustomConverter-Maya ...............   Passed    4.10 sec
[2023-05-11T22:36:46.278Z]             Start 173: testUsdReferenceAssemblyChangeRepresentations
[2023-05-11T22:36:46.607Z]     139/166 Test #153: testUsdExportUVSetMappings ......................   Passed    5.13 sec
[2023-05-11T22:36:46.607Z]             Start 174: testPxrUsdAlembicChaser
[2023-05-11T22:36:46.607Z]     140/166 Test #160: testUsdImportCustomConverter-USD ................   Passed    4.13 sec
[2023-05-11T22:36:46.607Z]             Start 175: AL_MayaUtilsTests
[2023-05-11T22:36:46.945Z]     141/166 Test #161: testUsdMayaListShadingModesCommand ..............   Passed    3.96 sec
[2023-05-11T22:36:46.945Z]             Start 176: GTest:AL_USDTransactionTests
[2023-05-11T22:36:47.182Z]     142/166 Test #176: GTest:AL_USDTransactionTests ....................   Passed    0.17 sec
[2023-05-11T22:36:47.182Z]             Start 177: Python:AL_USDTransactionTests
[2023-05-11T22:36:47.840Z]     143/166 Test #177: Python:AL_USDTransactionTests ...................   Passed    0.68 sec
[2023-05-11T22:36:47.840Z]             Start 178: AL_USDMayaTestPlugin
[2023-05-11T22:36:48.164Z]     144/166 Test #162: testUsdExportSchemaApi ..........................   Passed    4.36 sec
[2023-05-11T22:36:48.164Z]             Start 179: TestALUSDMayaPython_ProxyShape
[2023-05-11T22:36:48.295Z]     145/166 Test #163: testUsdImportExportSiteSpecificConfig ...........   Passed    4.10 sec
[2023-05-11T22:36:48.295Z]             Start 180: TestALUSDMayaPython_Translators
[2023-05-11T22:36:49.442Z]     146/166 Test #164: testUsdExportAssembly ...........................   Passed    4.73 sec
[2023-05-11T22:36:49.442Z]             Start 181: TestALUSDMayaPython_LayerManager
[2023-05-11T22:36:49.569Z]     147/166 Test #169: testUsdImportNestedAssemblyAnimation ............   Passed    4.07 sec
[2023-05-11T22:36:49.569Z]             Start 182: TestALUSDMayaPython_ImportModule
[2023-05-11T22:36:49.569Z]     148/166 Test #168: testUsdImportAsAssemblies .......................   Passed    4.17 sec
[2023-05-11T22:36:49.569Z]             Start 183: testMayaSchemas
[2023-05-11T22:36:49.793Z]     149/166 Test #165: testUsdExportAssemblyEdits ......................   Passed    4.60 sec
[2023-05-11T22:36:49.793Z]             Start 184: TestAdditionalTranslators
[2023-05-11T22:36:49.793Z]     150/166 Test #170: testUsdMayaGetVariantSetSelections ..............   Passed    4.03 sec
[2023-05-11T22:36:49.793Z]             Start 185: TestPxrUsdTranslators
[2023-05-11T22:36:49.793Z]     151/166 Test #183: testMayaSchemas .................................   Passed    0.20 sec
[2023-05-11T22:36:49.911Z]     152/166 Test #175: AL_MayaUtilsTests ...............................   Passed    3.37 sec
[2023-05-11T22:36:50.028Z]     153/166 Test #166: testUsdExportPackage ............................   Passed    4.76 sec
[2023-05-11T22:36:50.148Z]     154/166 Test #172: testUsdMayaReferenceAssemblyEdits ...............   Passed    4.02 sec
[2023-05-11T22:36:50.671Z]     155/166 Test #173: testUsdReferenceAssemblyChangeRepresentations ...   Passed    4.39 sec
[2023-05-11T22:36:50.884Z]     156/166 Test #171: testUsdMayaModelKindProcessor ...................   Passed    4.94 sec
[2023-05-11T22:36:51.104Z]     157/166 Test #174: testPxrUsdAlembicChaser .........................   Passed    4.54 sec
[2023-05-11T22:36:51.223Z]     158/166 Test #182: TestALUSDMayaPython_ImportModule ................   Passed    1.66 sec
[2023-05-11T22:36:52.051Z]     159/166 Test #179: TestALUSDMayaPython_ProxyShape ..................   Passed    3.88 sec
[2023-05-11T22:36:52.674Z]     160/166 Test #180: TestALUSDMayaPython_Translators .................   Passed    4.44 sec
[2023-05-11T22:36:53.399Z]     161/166 Test #181: TestALUSDMayaPython_LayerManager ................   Passed    3.94 sec
[2023-05-11T22:36:53.629Z]     162/166 Test #185: TestPxrUsdTranslators ...........................   Passed    3.87 sec
[2023-05-11T22:36:55.367Z]     163/166 Test #184: TestAdditionalTranslators .......................***Failed    5.58 sec
[2023-05-11T22:36:55.367Z]     MAYA_DEBUG_NO_SAVE_ON_CRASH is set.
[2023-05-11T22:36:55.367Z]     testDirectionalLight_PluginIsFunctional (testTranslators.TestTranslator) ... ok
[2023-05-11T22:36:55.367Z]     testDirectionalLight_TranslateRoundTrip (testTranslators.TestTranslator) ... ok
[2023-05-11T22:36:55.367Z]     testDirectionalLight_TranslatorExists (testTranslators.TestTranslator) ... ok
[2023-05-11T22:36:55.367Z]     testFrameRange_FallbackIsFunctional (testTranslators.TestTranslator) ... ok
[2023-05-11T22:36:55.367Z]     testFrameRange_NoImpactIfNoFrameRange (testTranslators.TestTranslator) ... ok
[2023-05-11T22:36:55.367Z]     testFrameRange_OnlyCurrentFrame (testTranslators.TestTranslator) ... ok
[2023-05-11T22:36:55.367Z]     testFrameRange_PluginIsFunctional (testTranslators.TestTranslator) ... ok
[2023-05-11T22:36:55.367Z]     testFrameRange_TranslatorExists (testTranslators.TestTranslator) ... ok
[2023-05-11T22:36:55.367Z]     testMayaReference_PluginIsFunctional (testTranslators.TestTranslator) ... File read in  0.4 seconds.
[2023-05-11T22:36:55.367Z]     File read in  0.011 seconds.
[2023-05-11T22:36:55.367Z]     Warning: line 1: The namespace name '/test_cubeWithDefaultNamespace' contains illegal characters.  Truncating to 'test_cubeWithDefaultNamespace'.
[2023-05-11T22:36:55.367Z]     File read in  0.01 seconds.
[2023-05-11T22:36:55.367Z]     ok
[2023-05-11T22:36:55.367Z]     testMayaReference_RefKeepsRefEdits (testTranslators.TestTranslator)
[2023-05-11T22:36:55.367Z]     Tests that, even if the MayaReference is swapped for a pure-usda representation, refedits are preserved ... File read in  0.0099 seconds.
[2023-05-11T22:36:55.367Z]     File read in  0.011 seconds.
[2023-05-11T22:36:55.367Z]     ok
[2023-05-11T22:36:55.367Z]     testMayaReference_RefLoading (testTranslators.TestTranslator)
[2023-05-11T22:36:55.367Z]     Test that Maya References are only loaded when they need to be. ... File read in  0.011 seconds.
[2023-05-11T22:36:55.367Z]     File read in  0.011 seconds.
[2023-05-11T22:36:55.367Z]     File read in  0.011 seconds.
[2023-05-11T22:36:55.367Z]     ok
[2023-05-11T22:36:55.367Z]     testMayaReference_SurvivesHierarchyChanges (testTranslators.TestTranslator) ... File read in  0.012 seconds.
[2023-05-11T22:36:55.367Z]     File read in  0.011 seconds.
[2023-05-11T22:36:55.367Z]     ok
[2023-05-11T22:36:55.367Z]     testMayaReference_TranslatorExists (testTranslators.TestTranslator) ... ok
[2023-05-11T22:36:55.367Z]     testMayaReference_TranslatorImport (testTranslators.TestTranslator) ... File read in  0.01 seconds.
[2023-05-11T22:36:55.367Z]     File read in  0.012 seconds.
[2023-05-11T22:36:55.367Z]     Warning: line 1: The namespace name '/test_cubeWithDefaultNamespace' contains illegal characters.  Truncating to 'test_cubeWithDefaultNamespace'.
[2023-05-11T22:36:55.367Z]     File read in  0.012 seconds.
[2023-05-11T22:36:55.367Z]     ok
[2023-05-11T22:36:55.367Z]     testMeshTranslator_multipleTranslations (testTranslators.TestTranslator) ... ok
[2023-05-11T22:36:55.367Z]     testMeshTranslator_variantswitch (testTranslators.TestTranslator) ... ok
[2023-05-11T22:36:55.367Z]     testMesh_PretearDownEditTargetWrite (testTranslators.TestTranslator) ... ok
[2023-05-11T22:36:55.367Z]     testMesh_TranslateOff (testTranslators.TestTranslator) ... ok
[2023-05-11T22:36:55.367Z]     testMesh_TranslateRoundTrip (testTranslators.TestTranslator) ... ok
[2023-05-11T22:36:55.367Z]     testMesh_TranslatorExists (testTranslators.TestTranslator) ... ok
[2023-05-11T22:36:55.367Z]     testMesh_testTranslateOn (testTranslators.TestTranslator) ... ok
[2023-05-11T22:36:55.367Z]     testMultipleColorSetsExportImport (testTranslators.TestTranslator)
[2023-05-11T22:36:55.367Z]     Testing static export/import multiple color sets ... ('tempFile ', 'w:\\build\\relwithdebinfo\\test\\temporary\\testadditionaltranslators\\test_MeshTranslator_o882zn.usda')
[2023-05-11T22:36:55.367Z]     ('tempFile ', 'w:\\build\\relwithdebinfo\\test\\temporary\\testadditionaltranslators\\test_MeshTranslator_988dre.usda')
[2023-05-11T22:36:55.367Z]     ('tempFile ', 'w:\\build\\relwithdebinfo\\test\\temporary\\testadditionaltranslators\\test_MeshTranslator_mwtalt.usda')
[2023-05-11T22:36:55.367Z]     Breakdown for file: w:/build/relwithdebinfo/test/temporary/testadditionaltranslators/tempTestMultiColorSetsExportu3rght.usda
[2023-05-11T22:36:55.367Z]     
[2023-05-11T22:36:55.367Z]     File read in  0.011 seconds.
[2023-05-11T22:36:55.367Z]     ok
[2023-05-11T22:36:55.367Z]     testNurbsCurve_PretearDownEditTargetWrite (testTranslators.TestTranslator) ... circle -c 0 0 0 -nr 0 1 0 -sw 360 -r 1 -d 3 -ut 0 -tol 0 -s 8 -ch 1; objectMoveCommand;
[2023-05-11T22:36:55.367Z]     ok
[2023-05-11T22:36:55.367Z]     testNurbsCurve_TranslateOff (testTranslators.TestTranslator) ... circle -c 0 0 0 -nr 0 1 0 -sw 360 -r 1 -d 3 -ut 0 -tol 0 -s 8 -ch 1; objectMoveCommand;
[2023-05-11T22:36:55.367Z]     ok
[2023-05-11T22:36:55.367Z]     testNurbsCurve_TranslateRoundTrip (testTranslators.TestTranslator) ... circle -c 0 0 0 -nr 0 1 0 -sw 360 -r 1 -d 3 -ut 0 -tol 0 -s 8 -ch 1; objectMoveCommand;
[2023-05-11T22:36:55.367Z]     ok
[2023-05-11T22:36:55.367Z]     testNurbsCurve_TranslatorExists (testTranslators.TestTranslator) ... ok
[2023-05-11T22:36:55.367Z]     testNurbsCurve_curve_width_double_export (testTranslators.TestTranslator) ... circle -c 0 0 0 -nr 0 1 0 -sw 360 -r 1 -d 3 -ut 0 -tol 0 -s 8 -ch 1; objectMoveCommand;
[2023-05-11T22:36:55.367Z]     ok
[2023-05-11T22:36:55.367Z]     testNurbsCurve_curve_width_doublearray_export (testTranslators.TestTranslator) ... circle -c 0 0 0 -nr 0 1 0 -sw 360 -r 1 -d 3 -ut 0 -tol 0 -s 8 -ch 1; objectMoveCommand;
[2023-05-11T22:36:55.367Z]     Unhandled typed attribute: nurbsCircleShape1 nurbsCurve
[2023-05-11T22:36:55.367Z]     ok
[2023-05-11T22:36:55.367Z]     testNurbsCurve_curve_width_doublearrayempty_export (testTranslators.TestTranslator) ... circle -c 0 0 0 -nr 0 1 0 -sw 360 -r 1 -d 3 -ut 0 -tol 0 -s 8 -ch 1; objectMoveCommand;
[2023-05-11T22:36:55.367Z]     Unhandled typed attribute: nurbsCircleShape1 nurbsCurve
[2023-05-11T22:36:55.367Z]     ok
[2023-05-11T22:36:55.367Z]     testNurbsCurve_curve_width_float_export (testTranslators.TestTranslator) ... circle -c 0 0 0 -nr 0 1 0 -sw 360 -r 1 -d 3 -ut 0 -tol 0 -s 8 -ch 1; objectMoveCommand;
[2023-05-11T22:36:55.367Z]     ok
[2023-05-11T22:36:55.367Z]     testNurbsCurve_curve_width_floatarray_export (testTranslators.TestTranslator) ... circle -c 0 0 0 -nr 0 1 0 -sw 360 -r 1 -d 3 -ut 0 -tol 0 -s 8 -ch 1; objectMoveCommand;
[2023-05-11T22:36:55.367Z]     Unhandled typed attribute: nurbsCircleShape1 nurbsCurve
[2023-05-11T22:36:55.367Z]     ok
[2023-05-11T22:36:55.367Z]     testNurbsCurve_curve_width_floatarrayempty_export (testTranslators.TestTranslator) ... circle -c 0 0 0 -nr 0 1 0 -sw 360 -r 1 -d 3 -ut 0 -tol 0 -s 8 -ch 1; objectMoveCommand;
[2023-05-11T22:36:55.367Z]     Unhandled typed attribute: nurbsCircleShape1 nurbsCurve
[2023-05-11T22:36:55.367Z]     ok
[2023-05-11T22:36:55.367Z]     testNurbsCurve_curve_width_none_export (testTranslators.TestTranslator) ... circle -c 0 0 0 -nr 0 1 0 -sw 360 -r 1 -d 3 -ut 0 -tol 0 -s 8 -ch 1; objectMoveCommand;
[2023-05-11T22:36:55.367Z]     ok
[2023-05-11T22:36:55.367Z]     testNurbsCurve_testTranslateOn (testTranslators.TestTranslator) ... circle -c 0 0 0 -nr 0 1 0 -sw 360 -r 1 -d 3 -ut 0 -tol 0 -s 8 -ch 1; objectMoveCommand;
[2023-05-11T22:36:55.367Z]     ok
[2023-05-11T22:36:55.367Z]     testTranslatedPrimDeactiveClearIssue (testTranslators.TestTranslator) ... File read in  0.011 seconds.
[2023-05-11T22:36:55.367Z]     ok
[2023-05-11T22:36:55.367Z]     testTranslatedPrimDeactiveCrashIssue (testTranslators.TestTranslator) ... File read in  0.011 seconds.
[2023-05-11T22:36:55.367Z]     ok
[2023-05-11T22:36:55.367Z]     testUSDSpecNurbsCurveExportImport (testTranslators.TestTranslator)
[2023-05-11T22:36:55.367Z]     Testing exporting maya nurbsCurves in USD's curve spec, and importing USD curve spec in Maya ... circle -c 0 0 0 -nr 0 1 0 -sw 360 -r 1 -d 3 -ut 0 -tol 0 -s 8 -ch 1; objectMoveCommand;
[2023-05-11T22:36:55.367Z]     Runtime Error: in WriteToFile at line 358 of S:\jenkins\workspace\ECP\ecg-usd-build\ecg-usd-full-windows\ecg-usd-build\usd\pxr\usd\sdf\textFileFormat.cpp -- Failed to rename temporary file 'w:\build\relwithdebinfo\test\temporary\testadditionaltranslators/test_USDNurbsCurveExportImport_nxpvfb.3oxy6k' to 'w:\build\relwithdebinfo\test\temporary\testadditionaltranslators\test_USDNurbsCurveExportImport_nxpvfb.usda': Access is denied.
[2023-05-11T22:36:55.367Z]     
[2023-05-11T22:36:55.367Z]     ERROR
[2023-05-11T22:36:55.367Z]     
[2023-05-11T22:36:55.367Z]     ======================================================================
[2023-05-11T22:36:55.367Z]     ERROR: testUSDSpecNurbsCurveExportImport (testTranslators.TestTranslator)
[2023-05-11T22:36:55.367Z]     Testing exporting maya nurbsCurves in USD's curve spec, and importing USD curve spec in Maya
[2023-05-11T22:36:55.367Z]     ----------------------------------------------------------------------
[2023-05-11T22:36:55.367Z]     Traceback (most recent call last):
[2023-05-11T22:36:55.367Z]       File "S:\jenkins\workspace\ECP\ecg-maya-usd\ecg-mayausd-branch-preflight-2020-windows\ecg-maya-usd\maya-usd\plugin\al\translators\tests\testTranslators.py", line 836, in testUSDSpecNurbsCurveExportImport
[2023-05-11T22:36:55.367Z]         stage = Usd.Stage.Open(tempFile.name)
[2023-05-11T22:36:55.367Z]     ErrorException:
[2023-05-11T22:36:55.367Z]     	Error in 'pxrInternal_v0_21__pxrReserved__::ArFilesystemAsset::Read' at line 95 in file S:\jenkins\workspace\ECP\ecg-usd-build\ecg-usd-full-windows\ecg-usd-build\usd\pxr\usd\ar\filesystemAsset_v1.cpp : 'Error occurred reading file: No such file or directory'
[2023-05-11T22:36:55.367Z]     	Error in 'pxrInternal_v0_21__pxrReserved__::SdfTextFileFormat::_ReadFromAsset' at line 185 in file S:\jenkins\workspace\ECP\ecg-usd-build\ecg-usd-full-windows\ecg-usd-build\usd\pxr\usd\sdf\textFileFormat.cpp : '<w:\build\relwithdebinfo\test\temporary\testadditionaltranslators\test_USDNurbsCurveExportImport_nxpvfb.usda> is not a valid usda layer'
[2023-05-11T22:36:55.367Z]     	Error in 'pxrInternal_v0_21__pxrReserved__::UsdStage::Open' at line 878 in file S:\jenkins\workspace\ECP\ecg-usd-build\ecg-usd-full-windows\ecg-usd-build\usd\pxr\usd\usd\stage.cpp : 'Failed to open layer @w:\build\relwithdebinfo\test\temporary\testadditionaltranslators\test_USDNurbsCurveExportImport_nxpvfb.usda@'
[2023-05-11T22:36:55.367Z]     
[2023-05-11T22:36:55.367Z]     ----------------------------------------------------------------------
[2023-05-11T22:36:55.367Z]     Ran 37 tests in 1.431s
[2023-05-11T22:36:55.367Z]     
[2023-05-11T22:36:55.367Z]     FAILED (errors=1)
[2023-05-11T22:36:55.367Z]     Warning: Plug-in, "AL_USDMayaPlugin.mll", is already loaded.  Skipped.
[2023-05-11T22:36:55.367Z]     ........File read in  0.011 seconds.
[2023-05-11T22:36:55.367Z]     File read in  0.011 seconds.
[2023-05-11T22:36:55.367Z]     Warning: line 1: The namespace name '/test_cubeWithDefaultNamespace' contains illegal characters.  Truncating to 'test_cubeWithDefaultNamespace'.
[2023-05-11T22:36:55.367Z]     File read in  0.011 seconds.
[2023-05-11T22:36:55.367Z]     .File read in  0.0099 seconds.
[2023-05-11T22:36:55.367Z]     File read in  0.0097 seconds.
[2023-05-11T22:36:55.367Z]     .File read in  0.011 seconds.
[2023-05-11T22:36:55.367Z]     File read in  0.01 seconds.
[2023-05-11T22:36:55.367Z]     File read in  0.01 seconds.
[2023-05-11T22:36:55.367Z]     .File read in  0.011 seconds.
[2023-05-11T22:36:55.367Z]     File read in  0.011 seconds.
[2023-05-11T22:36:55.367Z]     ..File read in  0.012 seconds.
[2023-05-11T22:36:55.367Z]     File read in  0.011 seconds.
[2023-05-11T22:36:55.367Z]     Warning: line 1: The namespace name '/test_cubeWithDefaultNamespace' contains illegal characters.  Truncating to 'test_cubeWithDefaultNamespace'.
[2023-05-11T22:36:55.367Z]     File read in  0.011 seconds.
[2023-05-11T22:36:55.367Z]     ........('tempFile ', 'w:\\build\\relwithdebinfo\\test\\temporary\\testadditionaltranslators\\test_MeshTranslator_bruk6u.usda')
[2023-05-11T22:36:55.368Z]     ('tempFile ', 'w:\\build\\relwithdebinfo\\test\\temporary\\testadditionaltranslators\\test_MeshTranslator_3bfj7i.usda')
[2023-05-11T22:36:55.368Z]     ('tempFile ', 'w:\\build\\relwithdebinfo\\test\\temporary\\testadditionaltranslators\\test_MeshTranslator_op71yq.usda')
[2023-05-11T22:36:55.368Z]     Breakdown for file: w:/build/relwithdebinfo/test/temporary/testadditionaltranslators/tempTestMultiColorSetsExport55wwmo.usda
[2023-05-11T22:36:55.368Z]     
[2023-05-11T22:36:55.368Z]     File read in  0.0098 seconds.
[2023-05-11T22:36:55.368Z]     .circle -c 0 0 0 -nr 0 1 0 -sw 360 -r 1 -d 3 -ut 0 -tol 0 -s 8 -ch 1; objectMoveCommand;
[2023-05-11T22:36:55.368Z]     .circle -c 0 0 0 -nr 0 1 0 -sw 360 -r 1 -d 3 -ut 0 -tol 0 -s 8 -ch 1; objectMoveCommand;
[2023-05-11T22:36:55.368Z]     .circle -c 0 0 0 -nr 0 1 0 -sw 360 -r 1 -d 3 -ut 0 -tol 0 -s 8 -ch 1; objectMoveCommand;
[2023-05-11T22:36:55.368Z]     ..circle -c 0 0 0 -nr 0 1 0 -sw 360 -r 1 -d 3 -ut 0 -tol 0 -s 8 -ch 1; objectMoveCommand;
[2023-05-11T22:36:55.368Z]     .circle -c 0 0 0 -nr 0 1 0 -sw 360 -r 1 -d 3 -ut 0 -tol 0 -s 8 -ch 1; objectMoveCommand;
[2023-05-11T22:36:55.368Z]     Unhandled typed attribute: nurbsCircleShape1 nurbsCurve
[2023-05-11T22:36:55.368Z]     .circle -c 0 0 0 -nr 0 1 0 -sw 360 -r 1 -d 3 -ut 0 -tol 0 -s 8 -ch 1; objectMoveCommand;
[2023-05-11T22:36:55.368Z]     Unhandled typed attribute: nurbsCircleShape1 nurbsCurve
[2023-05-11T22:36:55.368Z]     .circle -c 0 0 0 -nr 0 1 0 -sw 360 -r 1 -d 3 -ut 0 -tol 0 -s 8 -ch 1; objectMoveCommand;
[2023-05-11T22:36:55.368Z]     .circle -c 0 0 0 -nr 0 1 0 -sw 360 -r 1 -d 3 -ut 0 -tol 0 -s 8 -ch 1; objectMoveCommand;
[2023-05-11T22:36:55.368Z]     Unhandled typed attribute: nurbsCircleShape1 nurbsCurve
[2023-05-11T22:36:55.368Z]     .circle -c 0 0 0 -nr 0 1 0 -sw 360 -r 1 -d 3 -ut 0 -tol 0 -s 8 -ch 1; objectMoveCommand;
[2023-05-11T22:36:55.368Z]     Unhandled typed attribute: nurbsCircleShape1 nurbsCurve
[2023-05-11T22:36:55.368Z]     .circle -c 0 0 0 -nr 0 1 0 -sw 360 -r 1 -d 3 -ut 0 -tol 0 -s 8 -ch 1; objectMoveCommand;
[2023-05-11T22:36:55.368Z]     .circle -c 0 0 0 -nr 0 1 0 -sw 360 -r 1 -d 3 -ut 0 -tol 0 -s 8 -ch 1; objectMoveCommand;
[2023-05-11T22:36:55.368Z]     .File read in  0.011 seconds.
[2023-05-11T22:36:55.368Z]     .File read in  0.012 seconds.
[2023-05-11T22:36:55.368Z]     .circle -c 0 0 0 -nr 0 1 0 -sw 360 -r 1 -d 3 -ut 0 -tol 0 -s 8 -ch 1; objectMoveCommand;
[2023-05-11T22:36:55.368Z]     Runtime Error: in WriteToFile at line 358 of S:\jenkins\workspace\ECP\ecg-usd-build\ecg-usd-full-windows\ecg-usd-build\usd\pxr\usd\sdf\textFileFormat.cpp -- Failed to rename temporary file 'w:\build\relwithdebinfo\test\temporary\testadditionaltranslators/test_USDNurbsCurveExportImport_brisjn.ktwyb4' to 'w:\build\relwithdebinfo\test\temporary\testadditionaltranslators\test_USDNurbsCurveExportImport_brisjn.usda': Access is denied.
[2023-05-11T22:36:55.368Z]     
[2023-05-11T22:36:55.368Z]     E
[2023-05-11T22:36:55.368Z]     ======================================================================
[2023-05-11T22:36:55.368Z]     ERROR: testUSDSpecNurbsCurveExportImport (testTranslators.TestTranslator)
[2023-05-11T22:36:55.368Z]     Testing exporting maya nurbsCurves in USD's curve spec, and importing USD curve spec in Maya
[2023-05-11T22:36:55.368Z]     ----------------------------------------------------------------------
[2023-05-11T22:36:55.368Z]     Traceback (most recent call last):
[2023-05-11T22:36:55.368Z]       File "S:\jenkins\workspace\ECP\ecg-maya-usd\ecg-mayausd-branch-preflight-2020-windows\ecg-maya-usd\maya-usd\plugin\al\translators\tests\testTranslators.py", line 836, in testUSDSpecNurbsCurveExportImport
[2023-05-11T22:36:55.368Z]         stage = Usd.Stage.Open(tempFile.name)
[2023-05-11T22:36:55.368Z]     ErrorException:
[2023-05-11T22:36:55.368Z]     	Error in 'pxrInternal_v0_21__pxrReserved__::ArFilesystemAsset::Read' at line 95 in file S:\jenkins\workspace\ECP\ecg-usd-build\ecg-usd-full-windows\ecg-usd-build\usd\pxr\usd\ar\filesystemAsset_v1.cpp : 'Error occurred reading file: No such file or directory'
[2023-05-11T22:36:55.368Z]     	Error in 'pxrInternal_v0_21__pxrReserved__::SdfTextFileFormat::_ReadFromAsset' at line 185 in file S:\jenkins\workspace\ECP\ecg-usd-build\ecg-usd-full-windows\ecg-usd-build\usd\pxr\usd\sdf\textFileFormat.cpp : '<w:\build\relwithdebinfo\test\temporary\testadditionaltranslators\test_USDNurbsCurveExportImport_brisjn.usda> is not a valid usda layer'
[2023-05-11T22:36:55.368Z]     	Error in 'pxrInternal_v0_21__pxrReserved__::UsdStage::Open' at line 878 in file S:\jenkins\workspace\ECP\ecg-usd-build\ecg-usd-full-windows\ecg-usd-build\usd\pxr\usd\usd\stage.cpp : 'Failed to open layer @w:\build\relwithdebinfo\test\temporary\testadditionaltranslators\test_USDNurbsCurveExportImport_brisjn.usda@'
[2023-05-11T22:36:55.368Z]     
[2023-05-11T22:36:55.368Z]     ----------------------------------------------------------------------
[2023-05-11T22:36:55.368Z]     Ran 37 tests in 0.798s
[2023-05-11T22:36:55.368Z]     
[2023-05-11T22:36:55.368Z]     FAILED (errors=1)
[2023-05-11T22:36:55.368Z]     
[2023-05-11T22:37:07.342Z]     164/166 Test #178: AL_USDMayaTestPlugin ............................   Passed   19.52 sec
[2023-05-11T22:37:13.636Z]     165/166 Test #167: testUsdExportPointInstancer .....................   Passed   28.27 sec
[2023-05-11T22:37:45.665Z]     166/166 Test #136: testUsdImportXforms .............................   Passed   68.65 sec
[2023-05-11T22:37:45.665Z]     
[2023-05-11T22:37:45.665Z]     99% tests passed, 1 tests failed out of 165
[2023-05-11T22:37:45.665Z]     
[2023-05-11T22:37:45.665Z]     Label Time Summary:
[2023-05-11T22:37:45.665Z]     Debugging            =   0.00 sec*proc (1 test)
[2023-05-11T22:37:45.665Z]     MayaUsd              =  28.45 sec*proc (6 tests)
[2023-05-11T22:37:45.665Z]     fileio               =  33.01 sec*proc (8 tests)
[2023-05-11T22:37:45.665Z]     fileio_utils         =   8.10 sec*proc (2 tests)
[2023-05-11T22:37:45.665Z]     nodes                =  22.27 sec*proc (5 tests)
[2023-05-11T22:37:45.665Z]     translators          = 456.94 sec*proc (92 tests)
[2023-05-11T22:37:45.665Z]     ufe                  =  44.83 sec*proc (9 tests)
[2023-05-11T22:37:45.665Z]     undo                 =   3.93 sec*proc (1 test)
[2023-05-11T22:37:45.665Z]     usdPreviewSurface    =   7.81 sec*proc (2 tests)
[2023-05-11T22:37:45.665Z]     utils                =   8.44 sec*proc (2 tests)
[2023-05-11T22:37:45.665Z]     
[2023-05-11T22:37:45.665Z]     Total Test time (real) =  96.28 sec
[2023-05-11T22:37:45.665Z]     
[2023-05-11T22:37:45.665Z]     The following tests did not run:
[2023-05-11T22:37:45.665Z]     	  7 - _Interactive_Maya (Disabled)
[2023-05-11T22:37:45.665Z]     
[2023-05-11T22:37:45.665Z]     The following tests FAILED:
[2023-05-11T22:37:45.665Z]     	184 - TestAdditionalTranslators (Failed)
[2023-05-11T22:37:45.665Z]     Errors while running CTest
[2023-05-11T22:37:45.665Z]     
[2023-05-11T22:37:45.665Z]         Building with settings:
[2023-05-11T22:37:45.665Z]           Source directory          S:\jenkins\workspace\ECP\ecg-maya-usd\ecg-mayausd-branch-preflight-2020-windows\ecg-maya-usd\maya-usd
[2023-05-11T22:37:45.665Z]           Workspace directory       W:\
[2023-05-11T22:37:45.665Z]           Build directory           W:\build\RelWithDebInfo
[2023-05-11T22:37:45.665Z]           Install directory         W:\install\RelWithDebInfo\MayaUSD
[2023-05-11T22:37:45.665Z]           Variant                   RelWithDebInfo
[2023-05-11T22:37:45.665Z]           Python Debug              Off
[2023-05-11T22:37:45.665Z]           CMake generator           Ninja
[2023-05-11T22:37:45.665Z]           Build arguments           ['-DCMAKE_MAKE_PROGRAM=P:/shared/Artifactory/Windows/ninja/1.9.0/c68f192/ninja.exe', '-DPYTHON_INCLUDE_DIR=P:/shared/Artifactory/Windows/rundev-2020/202107140359/runtime/5d64bf0/runTime/include/Python', '-DPython_EXECUTABLE=P:/shared/Artifactory/Windows/rundev-2020/202107140359/runtime/5d64bf0/runTime/bin/mayapy.exe', '-DPYTHON_LIBRARIES=P:/shared/Artifactory/Windows/rundev-2020/202107140359/runtime/5d64bf0/runTime/lib/python27.lib', '-DUSD_LIB_PREFIX=', '-DBUILD_HDMAYA=OFF']
[2023-05-11T22:37:45.665Z]           Stages arguments          ['test']
[2023-05-11T22:37:45.665Z]           CTest arguments           ['-E testUsdReferenceAssemblySelection|testUsdMayaAppDir', '-LE interactive', '--parallel 16']
[2023-05-11T22:37:45.665Z]     #####################################################################################
[2023-05-11T22:37:45.665Z]     log date: 2023-05-11 15:36
[2023-05-11T22:37:45.665Z]     commit sha: 1c9914822f990a83873c63436e86d5b15dfdb5e3
[2023-05-11T22:37:45.665Z]     commit date: Thu May 11 15:30:07 2023 -0700
[2023-05-11T22:37:45.665Z]     #####################################################################################
[2023-05-11T22:37:45.665Z]     
[2023-05-11T22:37:45.665Z]     cmake --build . --config RelWithDebInfo --target install -- -j16
[2023-05-11T22:37:45.665Z]     #####################################################################################
[2023-05-11T22:37:45.665Z]     log date: 2023-05-11 15:36
[2023-05-11T22:37:45.665Z]     commit sha: 1c9914822f990a83873c63436e86d5b15dfdb5e3
[2023-05-11T22:37:45.665Z]     commit date: Thu May 11 15:30:07 2023 -0700
[2023-05-11T22:37:45.665Z]     #####################################################################################
[2023-05-11T22:37:45.665Z]     
[2023-05-11T22:37:45.665Z]     ctest --output-on-failure --timeout 500 -C RelWithDebInfo -E testUsdReferenceAssemblySelection|testUsdMayaAppDir -LE interactive --parallel 16
[2023-05-11T22:37:45.665Z]     
[2023-05-11T22:37:45.665Z]     Traceback (most recent call last):
[2023-05-11T22:37:45.665Z]       File "S:\jenkins\workspace\ECP\ecg-maya-usd\ecg-mayausd-branch-preflight-2020-windows\ecg-maya-usd\maya-usd\build.py", line 641, in <module>
[2023-05-11T22:37:45.665Z]         RunTests(context, context.ctestArgs)
[2023-05-11T22:37:45.665Z]       File "S:\jenkins\workspace\ECP\ecg-maya-usd\ecg-mayausd-branch-preflight-2020-windows\ecg-maya-usd\maya-usd\build.py", line 416, in RunTests
[2023-05-11T22:37:45.665Z]         RunCTest(context,extraArgs)
[2023-05-11T22:37:45.665Z]       File "S:\jenkins\workspace\ECP\ecg-maya-usd\ecg-mayausd-branch-preflight-2020-windows\ecg-maya-usd\maya-usd\build.py", line 322, in RunCTest
[2023-05-11T22:37:45.665Z]         extraArgs=(" ".join(extraArgs) if extraArgs else "")))
[2023-05-11T22:37:45.665Z]       File "S:\jenkins\workspace\ECP\ecg-maya-usd\ecg-mayausd-branch-preflight-2020-windows\ecg-maya-usd\maya-usd\build.py", line 179, in Run
[2023-05-11T22:37:45.665Z]         .format(cmd=cmd, log=os.path.abspath(context.logFileLocation)))
[2023-05-11T22:37:45.665Z]     RuntimeError: Failed to run 'ctest --output-on-failure --timeout 500 -C RelWithDebInfo -E testUsdReferenceAssemblySelection|testUsdMayaAppDir -LE interactive --parallel 16 '
[2023-05-11T22:37:45.665Z]     See W:\build\RelWithDebInfo\build_log.txt for more details.
[2023-05-11T22:37:45.665Z] build.py: error: Command failed with error code: 1
[Pipeline] bat
[2023-05-11T22:37:45.969Z] Deleting alias drive W:
[Pipeline] bat
[2023-05-11T22:37:46.251Z] Deleting alias drive P:
[Pipeline] }
[Pipeline] // withEnv
[Pipeline] }
[Pipeline] // timeout
[Pipeline] }
[Pipeline] // stage
[Pipeline] }
[Pipeline] // timestamps
[Pipeline] emailextrecipients
Not sending mail to unregistered user ecg.jenkins@autodesk.com because your SCM claimed this was associated with a user ID ecg.jenkins' which your security realm does not recognize; you may need changes in your SCM plugin
Not sending mail to unregistered user ecg.jenkins@autodesk.com because your SCM claimed this was associated with a user ID ecg.jenkins' which your security realm does not recognize; you may need changes in your SCM plugin
[Pipeline] echo
No recipients to send notification.
[Pipeline] }
[Pipeline] // node
[Pipeline] End of Pipeline
ERROR: script returned exit code 1
[Checks API] No suitable checks publisher found.
Finished: FAILURE
