================================================================================
                             setup (RelWithDebInfo)
================================================================================
Deleting subst P:
Deleting subst W:
[Pipeline] }
[Pipeline] // withEnv
[Pipeline] }
[Pipeline] // stage
[Pipeline] }
[Pipeline] // timestamps
[Pipeline] }
[Pipeline] // timeout
[Pipeline] timeout
Timeout set to expire in 6 hr 0 min
[Pipeline] {
[Pipeline] timestamps
[Pipeline] {
[Pipeline] stage
[Pipeline] { (Clean)
[Pipeline] withEnv
[Pipeline] {
[Pipeline] bat
[ecg-mayausd-branch-preflight-2022-python3-windows] Running batch script
Subst W: S:\jenkins\workspace\ecg-mayausd-branch-preflight-2022-python3-windows
Subst P: S:\jenkins\workspace
"C:\Program Files (x86)\Microsoft Visual Studio\2017\Professional\VC\Auxiliary\Build\vcvarsall.bat" x64
**********************************************************************
** Visual Studio 2017 Developer Command Prompt v15.9.15
** Copyright (c) 2017 Microsoft Corporation
**********************************************************************
[vcvarsall.bat] Environment initialized for: 'x64'
python ecg-maya-usd/build.py --stages=clean --workspace-dir=W:\ --artifactory-dir=P:\shared\Artifactory --build-dir=W:\build --install-dir=W:\install --signing-dir=W:\signing --package-dir=W:\package --output-dir=W:\output --stash-dir=W:\stash --jenkins-build=136 --git-commit=6cfa4f1951453bd594539bcc027c2efd45d21e7d --git-branch=master --variants=RelWithDebInfo --python=3 --maya-cut-config=maya-rundev-2022.yaml --stage-banner
Using Maya cut from P:\shared\Artifactory\Windows\rundev-2022\202101272215\runtime\f09b081

================================================================================
                             clean (RelWithDebInfo)
================================================================================
running clean stage....................
Maya Python RelWithDebInfo Info:
  mayapy executable   = P:\shared\Artifactory\Windows\rundev-2022\202101272215\runtime\f09b081\runTime\bin\mayapy.exe
  Include Folder      = P:\shared\Artifactory\Windows\rundev-2022\202101272215\runtime\f09b081\runTime\include\Python37\Python
  Library             = P:\shared\Artifactory\Windows\rundev-2022\202101272215\runtime\f09b081\runTime\lib\python37.lib
  site-package Folder = P:\shared\Artifactory\Windows\rundev-2022\202101272215\runtime\f09b081\runTime\Python37\Lib\site-packages
In workdir: S:\jenkins\workspace\ecg-mayausd-branch-preflight-2022-python3-windows\ecg-maya-usd\maya-usd
Executing: 'P:\\shared\\Artifactory\\Windows\\rundev-2022\\202101272215\\runtime\\f09b081\\runTime\\bin\\mayapy.exe' 'S:\\jenkins\\workspace\\ecg-mayausd-branch-preflight-2022-python3-windows\\ecg-maya-usd\\maya-usd\\build.py' --generator Ninja --build-relwithdebug --maya-location 'P:\\shared\\Artifactory\\Windows\\rundev-2022\\202101272215\\runtime\\f09b081\\runTime' --devkit-location 'P:\\shared\\Artifactory\\Windows\\rundev-2022\\202101272215\\runtime\\f09b081\\devkitBase' --pxrusd-location 'P:\\shared\\Artifactory\\Windows\\USD\\a6d0475' --qt-location 'P:\\shared\\Artifactory\\Windows\\qt\\5.15.2\\28999d0' '--build-args=-DCMAKE_MAKE_PROGRAM=P:/shared/Artifactory/Windows/ninja/1.9.0/c68f192/ninja.exe,-DPYTHON_INCLUDE_DIR=P:/shared/Artifactory/Windows/rundev-2022/202101272215/runtime/f09b081/runTime/include/Python37/Python,-DPython_EXECUTABLE=P:/shared/Artifactory/Windows/rundev-2022/202101272215/runtime/f09b081/runTime/bin/mayapy.exe,-DPYTHON_LIBRARIES=P:/shared/Artifactory/Windows/rundev-2022/202101272215/runtime/f09b081/runTime/lib/python37.lib,-DBUILD_WITH_PYTHON_3=ON,-DMAYAUSD_TO_USD_RELATIVE_PATH=../USD' '--ctest-args=-E testUsdReferenceAssemblySelection|testUsdMayaAppDir|testUsdExportAsClip,-LE interactive,--parallel 16' --stages=clean --redirect-outstream-file=False --install-location 'W:\\install\\RelWithDebInfo\\MayaUSD' 'W:\\'
Modified environment variables:
    PATH=P:\shared\Artifactory\Windows\cmake\3.14.4\c5af748\bin;C:\Python27\lib\site-packages\pywin32_system32;C:\Program Files (x86)\Microsoft Visual Studio\2017\Professional\VC\Tools\MSVC\14.16.27023\bin\HostX64\x64;C:\Program Files (x86)\Microsoft Visual Studio\2017\Professional\Common7\IDE\VC\VCPackages;C:\Program Files (x86)\Microsoft Visual Studio\2017\Professional\Common7\IDE\CommonExtensions\Microsoft\TestWindow;C:\Program Files (x86)\Microsoft Visual Studio\2017\Professional\Common7\IDE\CommonExtensions\Microsoft\TeamFoundation\Team Explorer;C:\Program Files (x86)\Microsoft Visual Studio\2017\Professional\MSBuild\15.0\bin\Roslyn;C:\Program Files (x86)\Microsoft Visual Studio\2017\Professional\Team Tools\Performance Tools\x64;C:\Program Files (x86)\Microsoft Visual Studio\2017\Professional\Team Tools\Performance Tools;C:\Program Files (x86)\Microsoft Visual Studio\Shared\Common\VSPerfCollectionTools\\x64;C:\Program Files (x86)\Microsoft Visual Studio\Shared\Common\VSPerfCollectionTools\;C:\Program Files (x86)\Microsoft SDKs\Windows\v10.0A\bin\NETFX 4.6.1 Tools\x64\;C:\Program Files (x86)\HTML Help Workshop;C:\Program Files (x86)\Windows Kits\10\bin\10.0.17763.0\x64;C:\Program Files (x86)\Windows Kits\10\bin\x64;C:\Program Files (x86)\Microsoft Visual Studio\2017\Professional\\MSBuild\15.0\bin;C:\WINDOWS\Microsoft.NET\Framework64\v4.0.30319;C:\Program Files (x86)\Microsoft Visual Studio\2017\Professional\Common7\IDE\;C:\Program Files (x86)\Microsoft Visual Studio\2017\Professional\Common7\Tools\;C:\Python27\;C:\Python27\Scripts;C:\Program Files (x86)\Common Files\Oracle\Java\javapath;C:\WINDOWS\system32;C:\WINDOWS;C:\WINDOWS\System32\Wbem;C:\WINDOWS\System32\WindowsPowerShell\v1.0\;C:\WINDOWS\System32\OpenSSH\;C:\PathVerify;C:\Program Files (x86)\WiX Toolset v3.7\bin;C:\Program Files (x86)\Windows Kits\10\bin\10.0.17763.0\x64;C:\Program Files (x86)\Windows Kits\10\bin\x64;C:\Program Files\Git\cmd;C:\Program Files\Git\usr\bin;C:\Program Files\Git\mingw64\bin;C:\Program Files\Git\bin;C:\StoreBoxClientWindows;C:\Program Files\Electric Cloud\ElectricCommander\bin;C:\Program Files\WinRAR;C:\Program Files\7-Zip;C:\Users\Administrator\AppData\Local\Microsoft\WindowsApps;C:\Program Files (x86)\Microsoft Visual Studio\2017\Professional\Common7\IDE\CommonExtensions\Microsoft\CMake\CMake\bin;C:\Program Files (x86)\Microsoft Visual Studio\2017\Professional\Common7\IDE\CommonExtensions\Microsoft\CMake\Ninja
    
        Building with settings:
          Source directory          S:\jenkins\workspace\ecg-mayausd-branch-preflight-2022-python3-windows\ecg-maya-usd\maya-usd
          Workspace directory       W:\
          Build directory           W:\build\RelWithDebInfo
          Install directory         W:\install\RelWithDebInfo\MayaUSD
          Variant                   RelWithDebInfo
          Python Debug              Off
          CMake generator           Ninja
          Build arguments           ['-DCMAKE_MAKE_PROGRAM=P:/shared/Artifactory/Windows/ninja/1.9.0/c68f192/ninja.exe', '-DPYTHON_INCLUDE_DIR=P:/shared/Artifactory/Windows/rundev-2022/202101272215/runtime/f09b081/runTime/include/Python37/Python', '-DPython_EXECUTABLE=P:/shared/Artifactory/Windows/rundev-2022/202101272215/runtime/f09b081/runTime/bin/mayapy.exe', '-DPYTHON_LIBRARIES=P:/shared/Artifactory/Windows/rundev-2022/202101272215/runtime/f09b081/runTime/lib/python37.lib', '-DBUILD_WITH_PYTHON_3=ON', '-DMAYAUSD_TO_USD_RELATIVE_PATH=../USD']
          Stages arguments          ['clean']
          CTest arguments           ['-E testUsdReferenceAssemblySelection|testUsdMayaAppDir|testUsdExportAsClip', '-LE interactive', '--parallel 16']
    Success MayaUSD build and install !!!!
    Elapsed time: 00:00:00
Deleting subst P:
Deleting subst W:
[Pipeline] }
[Pipeline] // withEnv
[Pipeline] }
[Pipeline] // stage
[Pipeline] }
[Pipeline] // timestamps
[Pipeline] }
[Pipeline] // timeout
[Pipeline] timeout
Timeout set to expire in 6 hr 0 min
[Pipeline] {
[Pipeline] timestamps
[Pipeline] {
[Pipeline] stage
[Pipeline] { (Configure)
[Pipeline] withEnv
[Pipeline] {
[Pipeline] bat
[ecg-mayausd-branch-preflight-2022-python3-windows] Running batch script
Subst W: S:\jenkins\workspace\ecg-mayausd-branch-preflight-2022-python3-windows
Subst P: S:\jenkins\workspace
"C:\Program Files (x86)\Microsoft Visual Studio\2017\Professional\VC\Auxiliary\Build\vcvarsall.bat" x64
**********************************************************************
** Visual Studio 2017 Developer Command Prompt v15.9.15
** Copyright (c) 2017 Microsoft Corporation
**********************************************************************
[vcvarsall.bat] Environment initialized for: 'x64'
python ecg-maya-usd/build.py --stages=configure --workspace-dir=W:\ --artifactory-dir=P:\shared\Artifactory --build-dir=W:\build --install-dir=W:\install --signing-dir=W:\signing --package-dir=W:\package --output-dir=W:\output --stash-dir=W:\stash --jenkins-build=136 --git-commit=6cfa4f1951453bd594539bcc027c2efd45d21e7d --git-branch=master --variants=RelWithDebInfo --python=3 --maya-cut-config=maya-rundev-2022.yaml --stage-banner
Using Maya cut from P:\shared\Artifactory\Windows\rundev-2022\202101272215\runtime\f09b081

================================================================================
                           configure (RelWithDebInfo)
================================================================================
running configure stage....................
Maya Python RelWithDebInfo Info:
  mayapy executable   = P:\shared\Artifactory\Windows\rundev-2022\202101272215\runtime\f09b081\runTime\bin\mayapy.exe
  Include Folder      = P:\shared\Artifactory\Windows\rundev-2022\202101272215\runtime\f09b081\runTime\include\Python37\Python
  Library             = P:\shared\Artifactory\Windows\rundev-2022\202101272215\runtime\f09b081\runTime\lib\python37.lib
  site-package Folder = P:\shared\Artifactory\Windows\rundev-2022\202101272215\runtime\f09b081\runTime\Python37\Lib\site-packages
In workdir: S:\jenkins\workspace\ecg-mayausd-branch-preflight-2022-python3-windows\ecg-maya-usd\maya-usd
Executing: 'P:\\shared\\Artifactory\\Windows\\rundev-2022\\202101272215\\runtime\\f09b081\\runTime\\bin\\mayapy.exe' 'S:\\jenkins\\workspace\\ecg-mayausd-branch-preflight-2022-python3-windows\\ecg-maya-usd\\maya-usd\\build.py' --generator Ninja --build-relwithdebug --maya-location 'P:\\shared\\Artifactory\\Windows\\rundev-2022\\202101272215\\runtime\\f09b081\\runTime' --devkit-location 'P:\\shared\\Artifactory\\Windows\\rundev-2022\\202101272215\\runtime\\f09b081\\devkitBase' --pxrusd-location 'P:\\shared\\Artifactory\\Windows\\USD\\a6d0475' --qt-location 'P:\\shared\\Artifactory\\Windows\\qt\\5.15.2\\28999d0' '--build-args=-DCMAKE_MAKE_PROGRAM=P:/shared/Artifactory/Windows/ninja/1.9.0/c68f192/ninja.exe,-DPYTHON_INCLUDE_DIR=P:/shared/Artifactory/Windows/rundev-2022/202101272215/runtime/f09b081/runTime/include/Python37/Python,-DPython_EXECUTABLE=P:/shared/Artifactory/Windows/rundev-2022/202101272215/runtime/f09b081/runTime/bin/mayapy.exe,-DPYTHON_LIBRARIES=P:/shared/Artifactory/Windows/rundev-2022/202101272215/runtime/f09b081/runTime/lib/python37.lib,-DBUILD_WITH_PYTHON_3=ON,-DMAYAUSD_TO_USD_RELATIVE_PATH=../USD' '--ctest-args=-E testUsdReferenceAssemblySelection|testUsdMayaAppDir|testUsdExportAsClip,-LE interactive,--parallel 16' --stages=configure --redirect-outstream-file=False --install-location 'W:\\install\\RelWithDebInfo\\MayaUSD' 'W:\\'
Modified environment variables:
    PATH=P:\shared\Artifactory\Windows\cmake\3.14.4\c5af748\bin;C:\Python27\lib\site-packages\pywin32_system32;C:\Program Files (x86)\Microsoft Visual Studio\2017\Professional\VC\Tools\MSVC\14.16.27023\bin\HostX64\x64;C:\Program Files (x86)\Microsoft Visual Studio\2017\Professional\Common7\IDE\VC\VCPackages;C:\Program Files (x86)\Microsoft Visual Studio\2017\Professional\Common7\IDE\CommonExtensions\Microsoft\TestWindow;C:\Program Files (x86)\Microsoft Visual Studio\2017\Professional\Common7\IDE\CommonExtensions\Microsoft\TeamFoundation\Team Explorer;C:\Program Files (x86)\Microsoft Visual Studio\2017\Professional\MSBuild\15.0\bin\Roslyn;C:\Program Files (x86)\Microsoft Visual Studio\2017\Professional\Team Tools\Performance Tools\x64;C:\Program Files (x86)\Microsoft Visual Studio\2017\Professional\Team Tools\Performance Tools;C:\Program Files (x86)\Microsoft Visual Studio\Shared\Common\VSPerfCollectionTools\\x64;C:\Program Files (x86)\Microsoft Visual Studio\Shared\Common\VSPerfCollectionTools\;C:\Program Files (x86)\Microsoft SDKs\Windows\v10.0A\bin\NETFX 4.6.1 Tools\x64\;C:\Program Files (x86)\HTML Help Workshop;C:\Program Files (x86)\Windows Kits\10\bin\10.0.17763.0\x64;C:\Program Files (x86)\Windows Kits\10\bin\x64;C:\Program Files (x86)\Microsoft Visual Studio\2017\Professional\\MSBuild\15.0\bin;C:\WINDOWS\Microsoft.NET\Framework64\v4.0.30319;C:\Program Files (x86)\Microsoft Visual Studio\2017\Professional\Common7\IDE\;C:\Program Files (x86)\Microsoft Visual Studio\2017\Professional\Common7\Tools\;C:\Python27\;C:\Python27\Scripts;C:\Program Files (x86)\Common Files\Oracle\Java\javapath;C:\WINDOWS\system32;C:\WINDOWS;C:\WINDOWS\System32\Wbem;C:\WINDOWS\System32\WindowsPowerShell\v1.0\;C:\WINDOWS\System32\OpenSSH\;C:\PathVerify;C:\Program Files (x86)\WiX Toolset v3.7\bin;C:\Program Files (x86)\Windows Kits\10\bin\10.0.17763.0\x64;C:\Program Files (x86)\Windows Kits\10\bin\x64;C:\Program Files\Git\cmd;C:\Program Files\Git\usr\bin;C:\Program Files\Git\mingw64\bin;C:\Program Files\Git\bin;C:\StoreBoxClientWindows;C:\Program Files\Electric Cloud\ElectricCommander\bin;C:\Program Files\WinRAR;C:\Program Files\7-Zip;C:\Users\Administrator\AppData\Local\Microsoft\WindowsApps;C:\Program Files (x86)\Microsoft Visual Studio\2017\Professional\Common7\IDE\CommonExtensions\Microsoft\CMake\CMake\bin;C:\Program Files (x86)\Microsoft Visual Studio\2017\Professional\Common7\IDE\CommonExtensions\Microsoft\CMake\Ninja
    -- The C compiler identification is MSVC 19.16.27032.1
    -- The CXX compiler identification is MSVC 19.16.27032.1
    -- Check for working C compiler: C:/Program Files (x86)/Microsoft Visual Studio/2017/Professional/VC/Tools/MSVC/14.16.27023/bin/Hostx64/x64/cl.exe
    -- Check for working C compiler: C:/Program Files (x86)/Microsoft Visual Studio/2017/Professional/VC/Tools/MSVC/14.16.27023/bin/Hostx64/x64/cl.exe -- works
    -- Detecting C compiler ABI info
    -- Detecting C compiler ABI info - done
    -- Detecting C compile features
    -- Detecting C compile features - done
    -- Check for working CXX compiler: C:/Program Files (x86)/Microsoft Visual Studio/2017/Professional/VC/Tools/MSVC/14.16.27023/bin/Hostx64/x64/cl.exe
    -- Check for working CXX compiler: C:/Program Files (x86)/Microsoft Visual Studio/2017/Professional/VC/Tools/MSVC/14.16.27023/bin/Hostx64/x64/cl.exe -- works
    -- Detecting CXX compiler ABI info
    -- Detecting CXX compiler ABI info - done
    -- Detecting CXX compile features
    -- Detecting CXX compile features - done
    -- Found Python: P:/shared/Artifactory/Windows/rundev-2022/202101272215/runtime/f09b081/runTime/bin/mayapy.exe (found suitable exact version "3.7.7") found components:  Interpreter
    -- Build MayaUSD with Python3 = ON
    --    PYTHON_INCLUDE_DIRS = P:/shared/Artifactory/Windows/rundev-2022/202101272215/runtime/f09b081/runTime/include/Python37/Python
    --    PYTHON_LIBRARIES    = P:/shared/Artifactory/Windows/rundev-2022/202101272215/runtime/f09b081/runTime/lib/python37.lib
    --    Python_EXECUTABLE   = P:/shared/Artifactory/Windows/rundev-2022/202101272215/runtime/f09b081/runTime/bin/mayapy.exe
    -- Found Maya: P:/shared/Artifactory/Windows/rundev-2022/202101272215/runtime/f09b081/runTime/bin/maya.exe (found suitable version "2022", minimum required is "2018")
    -- USD include dir: P:/shared/Artifactory/Windows/USD/a6d0475/include
    -- USD library dir: P:/shared/Artifactory/Windows/USD/a6d0475/lib
    -- USD version: 0.20.11
    -- Found USD: P:\shared\Artifactory\Windows\USD\a6d0475 (found version "0.20.11")
    Updated PYTHONPATH: P:\shared\Artifactory\Windows\USD\a6d0475\lib\python
    Updated PATH: P:\shared\Artifactory\Windows\rundev-2022\202101272215\runtime\f09b081\runTime\bin;P:\shared\Artifactory\Windows\rundev-2022\202101272215\runtime\f09b081\runTime\bin3;P:\shared\Artifactory\Windows\cmake\3.14.4\c5af748\bin;C:\Python27\lib\site-packages\pywin32_system32;C:\Program Files (x86)\Microsoft Visual Studio\2017\Professional\VC\Tools\MSVC\14.16.27023\bin\HostX64\x64;C:\Program Files (x86)\Microsoft Visual Studio\2017\Professional\Common7\IDE\VC\VCPackages;C:\Program Files (x86)\Microsoft Visual Studio\2017\Professional\Common7\IDE\CommonExtensions\Microsoft\TestWindow;C:\Program Files (x86)\Microsoft Visual Studio\2017\Professional\Common7\IDE\CommonExtensions\Microsoft\TeamFoundation\Team Explorer;C:\Program Files (x86)\Microsoft Visual Studio\2017\Professional\MSBuild\15.0\bin\Roslyn;C:\Program Files (x86)\Microsoft Visual Studio\2017\Professional\Team Tools\Performance Tools\x64;C:\Program Files (x86)\Microsoft Visual Studio\2017\Professional\Team Tools\Performance Tools;C:\Program Files (x86)\Microsoft Visual Studio\Shared\Common\VSPerfCollectionTools\\x64;C:\Program Files (x86)\Microsoft Visual Studio\Shared\Common\VSPerfCollectionTools\;C:\Program Files (x86)\Microsoft SDKs\Windows\v10.0A\bin\NETFX 4.6.1 Tools\x64\;C:\Program Files (x86)\HTML Help Workshop;C:\Program Files (x86)\Windows Kits\10\bin\10.0.17763.0\x64;C:\Program Files (x86)\Windows Kits\10\bin\x64;C:\Program Files (x86)\Microsoft Visual Studio\2017\Professional\\MSBuild\15.0\bin;C:\WINDOWS\Microsoft.NET\Framework64\v4.0.30319;C:\Program Files (x86)\Microsoft Visual Studio\2017\Professional\Common7\IDE\;C:\Program Files (x86)\Microsoft Visual Studio\2017\Professional\Common7\Tools\;C:\Python27\;C:\Python27\Scripts;C:\Program Files (x86)\Common Files\Oracle\Java\javapath;C:\WINDOWS\system32;C:\WINDOWS;C:\WINDOWS\System32\Wbem;C:\WINDOWS\System32\WindowsPowerShell\v1.0\;C:\WINDOWS\System32\OpenSSH\;C:\PathVerify;C:\Program Files (x86)\WiX Toolset v3.7\bin;C:\Program Files (x86)\Windows Kits\10\bin\10.0.17763.0\x64;C:\Program Files (x86)\Windows Kits\10\bin\x64;C:\Program Files\Git\cmd;C:\Program Files\Git\usr\bin;C:\Program Files\Git\mingw64\bin;C:\Program Files\Git\bin;C:\StoreBoxClientWindows;C:\Program Files\Electric Cloud\ElectricCommander\bin;C:\Program Files\WinRAR;C:\Program Files\7-Zip;C:\Users\Administrator\AppData\Local\Microsoft\WindowsApps;C:\Program Files (x86)\Microsoft Visual Studio\2017\Professional\Common7\IDE\CommonExtensions\Microsoft\CMake\CMake\bin;C:\Program Files (x86)\Microsoft Visual Studio\2017\Professional\Common7\IDE\CommonExtensions\Microsoft\CMake\Ninja;P:\shared\Artifactory\Windows\USD\a6d0475\bin;P:\shared\Artifactory\Windows\USD\a6d0475\lib
    -- UFE include dir: P:/shared/Artifactory/Windows/rundev-2022/202101272215/runtime/f09b081/devkitBase/devkit/ufe/include
    -- UFE library: P:/shared/Artifactory/Windows/rundev-2022/202101272215/runtime/f09b081/devkitBase/devkit/ufe/lib/ufe_2.lib
    -- UFE version: 2.0.0
    -- Building with UFE 2.0.0 features enabled.
    -- Building with Qt features enabled.
    -- ========== Installing GoogleTest... ==========
    -- Configuring done
    -- Generating done
    -- Build files have been written to: W:/build/RelWithDebInfo/googletest-config
    [1/8] Creating directories for 'googletest'
    [2/8] Performing download step (git clone) for 'googletest'
    Cloning into 'googletest-src'...
    HEAD is now at 703bd9ca Googletest export
    [3/8] No patch step for 'googletest'
    [4/8] Performing update step for 'googletest'
    [5/8] Performing configure step for 'googletest'
    -- The C compiler identification is MSVC 19.16.27032.1
    -- The CXX compiler identification is MSVC 19.16.27032.1
    -- Check for working C compiler: C:/Program Files (x86)/Microsoft Visual Studio/2017/Professional/VC/Tools/MSVC/14.16.27023/bin/Hostx64/x64/cl.exe
    -- Check for working C compiler: C:/Program Files (x86)/Microsoft Visual Studio/2017/Professional/VC/Tools/MSVC/14.16.27023/bin/Hostx64/x64/cl.exe -- works
    -- Detecting C compiler ABI info
    -- Detecting C compiler ABI info - done
    -- Detecting C compile features
    -- Detecting C compile features - done
    -- Check for working CXX compiler: C:/Program Files (x86)/Microsoft Visual Studio/2017/Professional/VC/Tools/MSVC/14.16.27023/bin/Hostx64/x64/cl.exe
    -- Check for working CXX compiler: C:/Program Files (x86)/Microsoft Visual Studio/2017/Professional/VC/Tools/MSVC/14.16.27023/bin/Hostx64/x64/cl.exe -- works
    -- Detecting CXX compiler ABI info
    -- Detecting CXX compiler ABI info - done
    -- Detecting CXX compile features
    -- Detecting CXX compile features - done
    -- Found PythonInterp: C:/Python27/python.exe
    -- Looking for pthread.h
    -- Looking for pthread.h - not found
    -- Found Threads: TRUE
    -- Configuring done
    -- Generating done
    -- Build files have been written to: W:/build/RelWithDebInfo/googletest-build
    [6/8] Performing build step for 'googletest'
    FAILED: googletest-prefix/src/googletest-stamp/googletest-build
    cmd.exe /C "cd /D W:\build\RelWithDebInfo\googletest-build && S:\jenkins\workspace\shared\Artifactory\Windows\cmake\3.14.4\c5af748\bin\cmake.exe --build . && S:\jenkins\workspace\shared\Artifactory\Windows\cmake\3.14.4\c5af748\bin\cmake.exe -E touch W:/build/RelWithDebInfo/googletest-config/googletest-prefix/src/googletest-stamp/googletest-build"
    [1/11] Building CXX object googletest\CMakeFiles\gtest_main.dir\src\gtest_main.cc.obj
    FAILED: googletest/CMakeFiles/gtest_main.dir/src/gtest_main.cc.obj
    C:\PROGRA~2\MIB055~1\2017\PROFES~1\VC\Tools\MSVC\1416~1.270\bin\Hostx64\x64\cl.exe  /nologo /TP -DGTEST_CREATE_SHARED_LIBRARY=1 -Dgtest_main_EXPORTS -IW:\build\RelWithDebInfo\googletest-src\googletest\include -IW:\build\RelWithDebInfo\googletest-src\googletest /DWIN32 /D_WINDOWS /W4 /GR  /MD /Zi /O2 /Ob1 /DNDEBUG   -GS -W4 -WX -wd4251 -wd4275 -nologo -J -Zi -D_UNICODE -DUNICODE -DWIN32 -D_WIN32 -DSTRICT -DWIN32_LEAN_AND_MEAN -wd4702 -DGTEST_HAS_PTHREAD=0 -EHsc -D_HAS_EXCEPTIONS=1 /showIncludes /Fogoogletest\CMakeFiles\gtest_main.dir\src\gtest_main.cc.obj /Fdbin\gtest_main.pdb /FS -c W:\build\RelWithDebInfo\googletest-src\googletest\src\gtest_main.cc
    W:\build\RelWithDebInfo\googletest-src\googletest\include\gtest/gtest-printers.h(557): fatal error C1088: Cannot flush compiler intermediate file: 'C:\Temp\_CL_ecc2c351ex': No space left on device
    [2/11] Building CXX object googlemock\CMakeFiles\gmock.dir\__\googletest\src\gtest-all.cc.obj
    FAILED: googlemock/CMakeFiles/gmock.dir/__/googletest/src/gtest-all.cc.obj
    C:\PROGRA~2\MIB055~1\2017\PROFES~1\VC\Tools\MSVC\1416~1.270\bin\Hostx64\x64\cl.exe  /nologo /TP -DGTEST_CREATE_SHARED_LIBRARY=1 -Dgmock_EXPORTS -IW:\build\RelWithDebInfo\googletest-src\googlemock\include -IW:\build\RelWithDebInfo\googletest-src\googlemock -IW:\build\RelWithDebInfo\googletest-src\googletest\include -IW:\build\RelWithDebInfo\googletest-src\googletest /DWIN32 /D_WINDOWS /W4 /GR  /MD /Zi /O2 /Ob1 /DNDEBUG   -GS -W4 -WX -wd4251 -wd4275 -nologo -J -Zi -D_UNICODE -DUNICODE -DWIN32 -D_WIN32 -DSTRICT -DWIN32_LEAN_AND_MEAN -wd4702 -DGTEST_HAS_PTHREAD=0 -EHsc -D_HAS_EXCEPTIONS=1 /showIncludes /Fogooglemock\CMakeFiles\gmock.dir\__\googletest\src\gtest-all.cc.obj /Fdbin\gmock.pdb /FS -c W:\build\RelWithDebInfo\googletest-src\googletest\src\gtest-all.cc
    W:\build\RelWithDebInfo\googletest-src\googletest\include\gtest/gtest-printers.h(557): fatal error C1088: Cannot flush compiler intermediate file: 'C:\Temp\_CL_933c2b32ex': No space left on device
    [3/11] Building CXX object googlemock\CMakeFiles\gmock_main.dir\__\googletest\src\gtest-all.cc.obj
    FAILED: googlemock/CMakeFiles/gmock_main.dir/__/googletest/src/gtest-all.cc.obj
    C:\PROGRA~2\MIB055~1\2017\PROFES~1\VC\Tools\MSVC\1416~1.270\bin\Hostx64\x64\cl.exe  /nologo /TP -DGTEST_CREATE_SHARED_LIBRARY=1 -Dgmock_main_EXPORTS -IW:\build\RelWithDebInfo\googletest-src\googlemock\include -IW:\build\RelWithDebInfo\googletest-src\googlemock -IW:\build\RelWithDebInfo\googletest-src\googletest\include -IW:\build\RelWithDebInfo\googletest-src\googletest /DWIN32 /D_WINDOWS /W4 /GR  /MD /Zi /O2 /Ob1 /DNDEBUG   -GS -W4 -WX -wd4251 -wd4275 -nologo -J -Zi -D_UNICODE -DUNICODE -DWIN32 -D_WIN32 -DSTRICT -DWIN32_LEAN_AND_MEAN -wd4702 -DGTEST_HAS_PTHREAD=0 -EHsc -D_HAS_EXCEPTIONS=1 /showIncludes /Fogooglemock\CMakeFiles\gmock_main.dir\__\googletest\src\gtest-all.cc.obj /Fdbin\gmock_main.pdb /FS -c W:\build\RelWithDebInfo\googletest-src\googletest\src\gtest-all.cc
    W:\build\RelWithDebInfo\googletest-src\googletest\include\gtest/gtest-printers.h(557): fatal error C1088: Cannot flush compiler intermediate file: 'C:\Temp\_CL_68ff2a78ex': No space left on device
    [4/11] Building CXX object googlemock\CMakeFiles\gmock_main.dir\src\gmock_main.cc.obj
    FAILED: googlemock/CMakeFiles/gmock_main.dir/src/gmock_main.cc.obj
    C:\PROGRA~2\MIB055~1\2017\PROFES~1\VC\Tools\MSVC\1416~1.270\bin\Hostx64\x64\cl.exe  /nologo /TP -DGTEST_CREATE_SHARED_LIBRARY=1 -Dgmock_main_EXPORTS -IW:\build\RelWithDebInfo\googletest-src\googlemock\include -IW:\build\RelWithDebInfo\googletest-src\googlemock -IW:\build\RelWithDebInfo\googletest-src\googletest\include -IW:\build\RelWithDebInfo\googletest-src\googletest /DWIN32 /D_WINDOWS /W4 /GR  /MD /Zi /O2 /Ob1 /DNDEBUG   -GS -W4 -WX -wd4251 -wd4275 -nologo -J -Zi -D_UNICODE -DUNICODE -DWIN32 -D_WIN32 -DSTRICT -DWIN32_LEAN_AND_MEAN -wd4702 -DGTEST_HAS_PTHREAD=0 -EHsc -D_HAS_EXCEPTIONS=1 /showIncludes /Fogooglemock\CMakeFiles\gmock_main.dir\src\gmock_main.cc.obj /Fdbin\gmock_main.pdb /FS -c W:\build\RelWithDebInfo\googletest-src\googlemock\src\gmock_main.cc
    C:\Program Files (x86)\Microsoft Visual Studio\2017\Professional\VC\Tools\MSVC\14.16.27023\include\xtree(1420): fatal error C1088: Cannot flush compiler intermediate file: 'C:\Temp\_CL_9fd4939dex': No space left on device
    C:\Program Files (x86)\Microsoft Visual Studio\2017\Professional\VC\Tools\MSVC\14.16.27023\include\xtree(1408): note: while compiling class template member function 'void std::_Tree<std::_Tset_traits<_Kty,_Pr,_Alloc,false>>::clear(void) noexcept'
            with
            [
                _Kty=testing::Expectation,
                _Pr=testing::Expectation::Less,
                _Alloc=std::allocator<testing::Expectation>
            ]
    C:\Program Files (x86)\Microsoft Visual Studio\2017\Professional\VC\Tools\MSVC\14.16.27023\include\xtree(1388): note: see reference to function template instantiation 'void std::_Tree<std::_Tset_traits<_Kty,_Pr,_Alloc,false>>::clear(void) noexcept' being compiled
            with
            [
                _Kty=testing::Expectation,
                _Pr=testing::Expectation::Less,
                _Alloc=std::allocator<testing::Expectation>
            ]
    C:\Program Files (x86)\Microsoft Visual Studio\2017\Professional\VC\Tools\MSVC\14.16.27023\include\set(55): note: see reference to class template instantiation 'std::_Tree<std::_Tset_traits<_Kty,_Pr,_Alloc,false>>' being compiled
            with
            [
                _Kty=testing::Expectation,
                _Pr=testing::Expectation::Less,
                _Alloc=std::allocator<testing::Expectation>
            ]
    W:\build\RelWithDebInfo\googletest-src\googlemock\include\gmock/gmock-spec-builders.h(577): note: see reference to class template instantiation 'std::set<testing::Expectation,testing::Expectation::Less,std::allocator<_Kty>>' being compiled
            with
            [
                _Kty=testing::Expectation
            ]
    [5/11] Building CXX object googlemock\CMakeFiles\gmock_main.dir\src\gmock-all.cc.obj
    FAILED: googlemock/CMakeFiles/gmock_main.dir/src/gmock-all.cc.obj
    C:\PROGRA~2\MIB055~1\2017\PROFES~1\VC\Tools\MSVC\1416~1.270\bin\Hostx64\x64\cl.exe  /nologo /TP -DGTEST_CREATE_SHARED_LIBRARY=1 -Dgmock_main_EXPORTS -IW:\build\RelWithDebInfo\googletest-src\googlemock\include -IW:\build\RelWithDebInfo\googletest-src\googlemock -IW:\build\RelWithDebInfo\googletest-src\googletest\include -IW:\build\RelWithDebInfo\googletest-src\googletest /DWIN32 /D_WINDOWS /W4 /GR  /MD /Zi /O2 /Ob1 /DNDEBUG   -GS -W4 -WX -wd4251 -wd4275 -nologo -J -Zi -D_UNICODE -DUNICODE -DWIN32 -D_WIN32 -DSTRICT -DWIN32_LEAN_AND_MEAN -wd4702 -DGTEST_HAS_PTHREAD=0 -EHsc -D_HAS_EXCEPTIONS=1 /showIncludes /Fogooglemock\CMakeFiles\gmock_main.dir\src\gmock-all.cc.obj /Fdbin\gmock_main.pdb /FS -c W:\build\RelWithDebInfo\googletest-src\googlemock\src\gmock-all.cc
    C:\Program Files (x86)\Microsoft Visual Studio\2017\Professional\VC\Tools\MSVC\14.16.27023\include\xtree(1534): fatal error C1088: Cannot flush compiler intermediate file: 'C:\Temp\_CL_93888aa6ex': No space left on device
    C:\Program Files (x86)\Microsoft Visual Studio\2017\Professional\VC\Tools\MSVC\14.16.27023\include\xtree(1532): note: while compiling class template member function 'std::pair<std::_Tree_const_iterator<std::_Tree_val<std::_Tree_simple_types<_Ty>>>,std::_Tree_const_iterator<std::_Tree_val<std::_Tree_simple_types<_Ty>>>> std::_Tree<std::_Tset_traits<_Kty,_Pr,_Alloc,false>>::equal_range(testing::internal::UntypedFunctionMockerBase *const &)'
            with
            [
                _Ty=testing::internal::UntypedFunctionMockerBase *,
                _Kty=testing::internal::UntypedFunctionMockerBase *,
                _Pr=std::less<testing::internal::UntypedFunctionMockerBase *>,
                _Alloc=std::allocator<testing::internal::UntypedFunctionMockerBase *>
            ]
    C:\Program Files (x86)\Microsoft Visual Studio\2017\Professional\VC\Tools\MSVC\14.16.27023\include\xtree(1401): note: see reference to function template instantiation 'std::pair<std::_Tree_const_iterator<std::_Tree_val<std::_Tree_simple_types<_Ty>>>,std::_Tree_const_iterator<std::_Tree_val<std::_Tree_simple_types<_Ty>>>> std::_Tree<std::_Tset_traits<_Kty,_Pr,_Alloc,false>>::equal_range(testing::internal::UntypedFunctionMockerBase *const &)' being compiled
            with
            [
                _Ty=testing::internal::UntypedFunctionMockerBase *,
                _Kty=testing::internal::UntypedFunctionMockerBase *,
                _Pr=std::less<testing::internal::UntypedFunctionMockerBase *>,
                _Alloc=std::allocator<testing::internal::UntypedFunctionMockerBase *>
            ]
    C:\Program Files (x86)\Microsoft Visual Studio\2017\Professional\VC\Tools\MSVC\14.16.27023\include\set(55): note: see reference to class template instantiation 'std::_Tree<std::_Tset_traits<_Kty,_Pr,_Alloc,false>>' being compiled
            with
            [
                _Kty=testing::internal::UntypedFunctionMockerBase *,
                _Pr=std::less<testing::internal::UntypedFunctionMockerBase *>,
                _Alloc=std::allocator<testing::internal::UntypedFunctionMockerBase *>
            ]
    W:\build\RelWithDebInfo\googletest-src\googlemock\src/gmock-spec-builders.cc(579): note: see reference to class template instantiation 'std::set<testing::internal::UntypedFunctionMockerBase *,std::less<_Kty>,std::allocator<_Kty>>' being compiled
            with
            [
                _Kty=testing::internal::UntypedFunctionMockerBase *
            ]
    [6/11] Building CXX object googlemock\CMakeFiles\gmock.dir\src\gmock-all.cc.obj
    FAILED: googlemock/CMakeFiles/gmock.dir/src/gmock-all.cc.obj
    C:\PROGRA~2\MIB055~1\2017\PROFES~1\VC\Tools\MSVC\1416~1.270\bin\Hostx64\x64\cl.exe  /nologo /TP -DGTEST_CREATE_SHARED_LIBRARY=1 -Dgmock_EXPORTS -IW:\build\RelWithDebInfo\googletest-src\googlemock\include -IW:\build\RelWithDebInfo\googletest-src\googlemock -IW:\build\RelWithDebInfo\googletest-src\googletest\include -IW:\build\RelWithDebInfo\googletest-src\googletest /DWIN32 /D_WINDOWS /W4 /GR  /MD /Zi /O2 /Ob1 /DNDEBUG   -GS -W4 -WX -wd4251 -wd4275 -nologo -J -Zi -D_UNICODE -DUNICODE -DWIN32 -D_WIN32 -DSTRICT -DWIN32_LEAN_AND_MEAN -wd4702 -DGTEST_HAS_PTHREAD=0 -EHsc -D_HAS_EXCEPTIONS=1 /showIncludes /Fogooglemock\CMakeFiles\gmock.dir\src\gmock-all.cc.obj /Fdbin\gmock.pdb /FS -c W:\build\RelWithDebInfo\googletest-src\googlemock\src\gmock-all.cc
    W:\build\RelWithDebInfo\googletest-src\googlemock\src\gmock-all.cc(47): fatal error C1088: Cannot flush compiler intermediate file: 'C:\Temp\_CL_ff640a84gl': No space left on device
    [7/11] Building CXX object googletest\CMakeFiles\gtest.dir\src\gtest-all.cc.obj
    FAILED: googletest/CMakeFiles/gtest.dir/src/gtest-all.cc.obj
    C:\PROGRA~2\MIB055~1\2017\PROFES~1\VC\Tools\MSVC\1416~1.270\bin\Hostx64\x64\cl.exe  /nologo /TP -DGTEST_CREATE_SHARED_LIBRARY=1 -Dgtest_EXPORTS -IW:\build\RelWithDebInfo\googletest-src\googletest\include -IW:\build\RelWithDebInfo\googletest-src\googletest /DWIN32 /D_WINDOWS /W4 /GR  /MD /Zi /O2 /Ob1 /DNDEBUG   -GS -W4 -WX -wd4251 -wd4275 -nologo -J -Zi -D_UNICODE -DUNICODE -DWIN32 -D_WIN32 -DSTRICT -DWIN32_LEAN_AND_MEAN -wd4702 -DGTEST_HAS_PTHREAD=0 -EHsc -D_HAS_EXCEPTIONS=1 /showIncludes /Fogoogletest\CMakeFiles\gtest.dir\src\gtest-all.cc.obj /Fdbin\gtest.pdb /FS -c W:\build\RelWithDebInfo\googletest-src\googletest\src\gtest-all.cc
    W:\build\RelWithDebInfo\googletest-src\googletest\src\gtest-all.cc(49): fatal error C1088: Cannot flush compiler intermediate file: 'C:\Temp\_CL_283d1393gl': No space left on device
    ninja: build stopped: subcommand failed.
    ninja: build stopped: subcommand failed.
    CMake Error at cmake/googletest.cmake:45 (message):
      Build step for googletest failed: 1
    Call Stack (most recent call first):
      CMakeLists.txt:161 (fetch_googletest)
    
    
    -- Configuring incomplete, errors occurred!
    See also "W:/build/RelWithDebInfo/CMakeFiles/CMakeOutput.log".
    
        Building with settings:
          Source directory          S:\jenkins\workspace\ecg-mayausd-branch-preflight-2022-python3-windows\ecg-maya-usd\maya-usd
          Workspace directory       W:\
          Build directory           W:\build\RelWithDebInfo
          Install directory         W:\install\RelWithDebInfo\MayaUSD
          Variant                   RelWithDebInfo
          Python Debug              Off
          CMake generator           Ninja
          Build arguments           ['-DCMAKE_MAKE_PROGRAM=P:/shared/Artifactory/Windows/ninja/1.9.0/c68f192/ninja.exe', '-DPYTHON_INCLUDE_DIR=P:/shared/Artifactory/Windows/rundev-2022/202101272215/runtime/f09b081/runTime/include/Python37/Python', '-DPython_EXECUTABLE=P:/shared/Artifactory/Windows/rundev-2022/202101272215/runtime/f09b081/runTime/bin/mayapy.exe', '-DPYTHON_LIBRARIES=P:/shared/Artifactory/Windows/rundev-2022/202101272215/runtime/f09b081/runTime/lib/python37.lib', '-DBUILD_WITH_PYTHON_3=ON', '-DMAYAUSD_TO_USD_RELATIVE_PATH=../USD']
          Stages arguments          ['configure']
          CTest arguments           ['-E testUsdReferenceAssemblySelection|testUsdMayaAppDir|testUsdExportAsClip', '-LE interactive', '--parallel 16']
    #####################################################################################
    log date: 2021-01-31 02:05
    commit sha: 1f0d5ef3b3559591ad21e78c13a1f9e6c6246fa7
    commit date: Fri Jan 29 13:49:37 2021 -0500
    #####################################################################################
    
    cmake -DCMAKE_INSTALL_PREFIX="W:\install\RelWithDebInfo\MayaUSD" -DCMAKE_BUILD_TYPE=RelWithDebInfo -DCMAKE_EXPORT_COMPILE_COMMANDS=ON -G "Ninja" -DMAYA_LOCATION="P:\shared\Artifactory\Windows\rundev-2022\202101272215\runtime\f09b081\runTime" -DPXR_USD_LOCATION="P:\shared\Artifactory\Windows\USD\a6d0475" -DMAYA_DEVKIT_LOCATION="P:\shared\Artifactory\Windows\rundev-2022\202101272215\runtime\f09b081\devkitBase" -DMAYAUSD_DEFINE_BOOST_DEBUG_PYTHON_FLAG=OFF -DQT_LOCATION="P:\shared\Artifactory\Windows\qt\5.15.2\28999d0" -DCMAKE_MAKE_PROGRAM=P:/shared/Artifactory/Windows/ninja/1.9.0/c68f192/ninja.exe -DPYTHON_INCLUDE_DIR=P:/shared/Artifactory/Windows/rundev-2022/202101272215/runtime/f09b081/runTime/include/Python37/Python -DPython_EXECUTABLE=P:/shared/Artifactory/Windows/rundev-2022/202101272215/runtime/f09b081/runTime/bin/mayapy.exe -DPYTHON_LIBRARIES=P:/shared/Artifactory/Windows/rundev-2022/202101272215/runtime/f09b081/runTime/lib/python37.lib -DBUILD_WITH_PYTHON_3=ON -DMAYAUSD_TO_USD_RELATIVE_PATH=../USD "S:\jenkins\workspace\ecg-mayausd-branch-preflight-2022-python3-windows\ecg-maya-usd\maya-usd"
    
    Traceback (most recent call last):
      File "S:\jenkins\workspace\ecg-mayausd-branch-preflight-2022-python3-windows\ecg-maya-usd\maya-usd\build.py", line 602, in <module>
        BuildAndInstall(context, context.buildArgs, context.stagesArgs)
      File "S:\jenkins\workspace\ecg-mayausd-branch-preflight-2022-python3-windows\ecg-maya-usd\maya-usd\build.py", line 371, in BuildAndInstall
        RunCMake(context, extraArgs, stagesArgs)
      File "S:\jenkins\workspace\ecg-mayausd-branch-preflight-2022-python3-windows\ecg-maya-usd\maya-usd\build.py", line 277, in RunCMake
        extraArgs=(" ".join(extraArgs) if extraArgs else "")))
      File "S:\jenkins\workspace\ecg-mayausd-branch-preflight-2022-python3-windows\ecg-maya-usd\maya-usd\build.py", line 165, in Run
        .format(cmd=cmd, log=os.path.abspath(context.logFileLocation)))
    RuntimeError: Failed to run 'cmake -DCMAKE_INSTALL_PREFIX="W:\install\RelWithDebInfo\MayaUSD" -DCMAKE_BUILD_TYPE=RelWithDebInfo -DCMAKE_EXPORT_COMPILE_COMMANDS=ON -G "Ninja" -DMAYA_LOCATION="P:\shared\Artifactory\Windows\rundev-2022\202101272215\runtime\f09b081\runTime" -DPXR_USD_LOCATION="P:\shared\Artifactory\Windows\USD\a6d0475" -DMAYA_DEVKIT_LOCATION="P:\shared\Artifactory\Windows\rundev-2022\202101272215\runtime\f09b081\devkitBase" -DMAYAUSD_DEFINE_BOOST_DEBUG_PYTHON_FLAG=OFF -DQT_LOCATION="P:\shared\Artifactory\Windows\qt\5.15.2\28999d0" -DCMAKE_MAKE_PROGRAM=P:/shared/Artifactory/Windows/ninja/1.9.0/c68f192/ninja.exe -DPYTHON_INCLUDE_DIR=P:/shared/Artifactory/Windows/rundev-2022/202101272215/runtime/f09b081/runTime/include/Python37/Python -DPython_EXECUTABLE=P:/shared/Artifactory/Windows/rundev-2022/202101272215/runtime/f09b081/runTime/bin/mayapy.exe -DPYTHON_LIBRARIES=P:/shared/Artifactory/Windows/rundev-2022/202101272215/runtime/f09b081/runTime/lib/python37.lib -DBUILD_WITH_PYTHON_3=ON -DMAYAUSD_TO_USD_RELATIVE_PATH=../USD "S:\jenkins\workspace\ecg-mayausd-branch-preflight-2022-python3-windows\ecg-maya-usd\maya-usd"'
    See W:\build\RelWithDebInfo\build_log.txt for more details.
build.py: error: Command failed with error code: 1
Deleting subst P:
[Pipeline] }
[Pipeline] // withEnv
[Pipeline] }
[Pipeline] // stage
[Pipeline] }
[Pipeline] // timestamps
[Pipeline] }
[Pipeline] // timeout
[Pipeline] emailextrecipients
[Pipeline] echo
No recipients to send notification.
[Pipeline] }
[Pipeline] // node
[Pipeline] End of Pipeline
ERROR: script returned exit code 1
Finished: FAILURE
