================================================================================
                                 setup (Debug)
================================================================================
Deleting subst P:
Deleting subst W:
[Pipeline] }
[Pipeline] // withEnv
[Pipeline] withEnv
[Pipeline] {
[Pipeline] bat
[ecg-mayausd-branch-preflight-python3-windows] Running batch script
Subst W: S:\jenkins\workspace\ecg-mayausd-branch-preflight-python3-windows
Subst P: S:\jenkins\workspace
"C:\Program Files (x86)\Microsoft Visual Studio\2017\Professional\VC\Auxiliary\Build\vcvarsall.bat" x64
**********************************************************************
** Visual Studio 2017 Developer Command Prompt v15.9.15
** Copyright (c) 2017 Microsoft Corporation
**********************************************************************
[vcvarsall.bat] Environment initialized for: 'x64'
python ecg-maya-usd/build.py --stages=setup --workspace-dir=W:\ --artifactory-dir=P:\shared\Artifactory --build-dir=W:\build --install-dir=W:\install --signing-dir=W:\signing --package-dir=W:\package --output-dir=W:\output --stash-dir=W:\stash --jenkins-build=551 --git-commit=73724abab2382ff599f9e54eb6f74553d00e9f91 --git-branch=master --variants=RelWithDebInfo --python=3 --prune-versions=2 --prune-revisions=2 --maya-cut-config=maya-rundev-master.yaml --stage-banner --prune-artifacts --force-pruning
Using Maya cut from P:\shared\Artifactory\Windows\rundev-master\202101280915\runtime\c1c0faa

================================================================================
                             setup (RelWithDebInfo)
================================================================================
Deleting subst P:
Deleting subst W:
[Pipeline] }
[Pipeline] // withEnv
[Pipeline] }
[Pipeline] // stage
[Pipeline] }
[Pipeline] // timestamps
[Pipeline] }
[Pipeline] // timeout
[Pipeline] timeout
Timeout set to expire in 6 hr 0 min
[Pipeline] {
[Pipeline] timestamps
[Pipeline] {
[Pipeline] stage
[Pipeline] { (Clean)
[Pipeline] withEnv
[Pipeline] {
[Pipeline] bat
[ecg-mayausd-branch-preflight-python3-windows] Running batch script
Subst W: S:\jenkins\workspace\ecg-mayausd-branch-preflight-python3-windows
Subst P: S:\jenkins\workspace
"C:\Program Files (x86)\Microsoft Visual Studio\2017\Professional\VC\Auxiliary\Build\vcvarsall.bat" x64
**********************************************************************
** Visual Studio 2017 Developer Command Prompt v15.9.15
** Copyright (c) 2017 Microsoft Corporation
**********************************************************************
[vcvarsall.bat] Environment initialized for: 'x64'
python ecg-maya-usd/build.py --stages=clean --workspace-dir=W:\ --artifactory-dir=P:\shared\Artifactory --build-dir=W:\build --install-dir=W:\install --signing-dir=W:\signing --package-dir=W:\package --output-dir=W:\output --stash-dir=W:\stash --jenkins-build=551 --git-commit=73724abab2382ff599f9e54eb6f74553d00e9f91 --git-branch=master --variants=Debug --python=3 --maya-cut-config=maya-rundev-master-debug.yaml --stage-banner
Using Maya cut from P:\shared\Artifactory\Windows\rundev-master-debug\202101281515\runtime\90c9482

================================================================================
                                 clean (Debug)
================================================================================
running clean stage....................
Maya Python Debug Info:
  mayapy executable   = P:\shared\Artifactory\Windows\rundev-master-debug\202101281515\runtime\90c9482\runTime\bin\mayapy.exe
  Include Folder      = P:\shared\Artifactory\Windows\rundev-master-debug\202101281515\runtime\90c9482\runTime\include\Python37\Python
  Library             = P:\shared\Artifactory\Windows\rundev-master-debug\202101281515\runtime\90c9482\runTime\lib\python37_d.lib
  site-package Folder = P:\shared\Artifactory\Windows\rundev-master-debug\202101281515\runtime\90c9482\runTime\Python37\Lib\site-packages
In workdir: S:\jenkins\workspace\ecg-mayausd-branch-preflight-python3-windows\ecg-maya-usd\maya-usd
Executing: 'P:\\shared\\Artifactory\\Windows\\rundev-master-debug\\202101281515\\runtime\\90c9482\\runTime\\bin\\mayapy.exe' 'S:\\jenkins\\workspace\\ecg-mayausd-branch-preflight-python3-windows\\ecg-maya-usd\\maya-usd\\build.py' --generator Ninja --build-debug --maya-location 'P:\\shared\\Artifactory\\Windows\\rundev-master-debug\\202101281515\\runtime\\90c9482\\runTime' --devkit-location 'P:\\shared\\Artifactory\\Windows\\rundev-master-debug\\202101281515\\runtime\\90c9482\\devkitBase' --pxrusd-location 'P:\\shared\\Artifactory\\Windows\\USD\\dbfa571' --qt-location 'P:\\shared\\Artifactory\\Windows\\qt\\5.15.2\\28999d0' '--build-args=-DCMAKE_MAKE_PROGRAM=P:/shared/Artifactory/Windows/ninja/1.9.0/c68f192/ninja.exe,-DPYTHON_INCLUDE_DIR=P:/shared/Artifactory/Windows/rundev-master-debug/202101281515/runtime/90c9482/runTime/include/Python37/Python,-DPython_EXECUTABLE=P:/shared/Artifactory/Windows/rundev-master-debug/202101281515/runtime/90c9482/runTime/bin/mayapy.exe,-DPYTHON_LIBRARIES=P:/shared/Artifactory/Windows/rundev-master-debug/202101281515/runtime/90c9482/runTime/lib/python37_d.lib,-DBUILD_WITH_PYTHON_3=ON,-DMAYAUSD_TO_USD_RELATIVE_PATH=../USD' --debug-python '--ctest-args=-E testUsdReferenceAssemblySelection|testUsdMayaAppDir|testUsdExportAsClip,-LE interactive,--parallel 16' --stages=clean --redirect-outstream-file=False --install-location 'W:\\install\\Debug\\MayaUSD' 'W:\\'
Modified environment variables:
    PATH=P:\shared\Artifactory\Windows\cmake\3.14.4\c5af748\bin;C:\Python27\lib\site-packages\pywin32_system32;C:\Program Files (x86)\Microsoft Visual Studio\2017\Professional\VC\Tools\MSVC\14.16.27023\bin\HostX64\x64;C:\Program Files (x86)\Microsoft Visual Studio\2017\Professional\Common7\IDE\VC\VCPackages;C:\Program Files (x86)\Microsoft Visual Studio\2017\Professional\Common7\IDE\CommonExtensions\Microsoft\TestWindow;C:\Program Files (x86)\Microsoft Visual Studio\2017\Professional\Common7\IDE\CommonExtensions\Microsoft\TeamFoundation\Team Explorer;C:\Program Files (x86)\Microsoft Visual Studio\2017\Professional\MSBuild\15.0\bin\Roslyn;C:\Program Files (x86)\Microsoft Visual Studio\2017\Professional\Team Tools\Performance Tools\x64;C:\Program Files (x86)\Microsoft Visual Studio\2017\Professional\Team Tools\Performance Tools;C:\Program Files (x86)\Microsoft Visual Studio\Shared\Common\VSPerfCollectionTools\\x64;C:\Program Files (x86)\Microsoft Visual Studio\Shared\Common\VSPerfCollectionTools\;C:\Program Files (x86)\Microsoft SDKs\Windows\v10.0A\bin\NETFX 4.6.1 Tools\x64\;C:\Program Files (x86)\HTML Help Workshop;C:\Program Files (x86)\Windows Kits\10\bin\10.0.17763.0\x64;C:\Program Files (x86)\Windows Kits\10\bin\x64;C:\Program Files (x86)\Microsoft Visual Studio\2017\Professional\\MSBuild\15.0\bin;C:\WINDOWS\Microsoft.NET\Framework64\v4.0.30319;C:\Program Files (x86)\Microsoft Visual Studio\2017\Professional\Common7\IDE\;C:\Program Files (x86)\Microsoft Visual Studio\2017\Professional\Common7\Tools\;C:\Python27\;C:\Python27\Scripts;C:\Program Files (x86)\Common Files\Oracle\Java\javapath;C:\WINDOWS\system32;C:\WINDOWS;C:\WINDOWS\System32\Wbem;C:\WINDOWS\System32\WindowsPowerShell\v1.0\;C:\WINDOWS\System32\OpenSSH\;C:\PathVerify;C:\Program Files (x86)\WiX Toolset v3.7\bin;C:\Program Files (x86)\Windows Kits\10\bin\10.0.17763.0\x64;C:\Program Files (x86)\Windows Kits\10\bin\x64;C:\StoreBoxClientWindows;C:\Program Files\Electric Cloud\ElectricCommander\bin;C:\Program Files\WinRAR;C:\Program Files\7-Zip;C:\Program Files\Git\cmd;C:\Program Files\Git\usr\bin;C:\Program Files\Git\mingw64\bin;C:\Program Files\Git\bin;C:\Program Files\WinMerge;C:\Users\Administrator\AppData\Local\Microsoft\WindowsApps;C:\Program Files (x86)\Microsoft Visual Studio\2017\Professional\Common7\IDE\CommonExtensions\Microsoft\CMake\CMake\bin;C:\Program Files (x86)\Microsoft Visual Studio\2017\Professional\Common7\IDE\CommonExtensions\Microsoft\CMake\Ninja
    
        Building with settings:
          Source directory          S:\jenkins\workspace\ecg-mayausd-branch-preflight-python3-windows\ecg-maya-usd\maya-usd
          Workspace directory       W:\
          Build directory           W:\build\Debug
          Install directory         W:\install\Debug\MayaUSD
          Variant                   Debug
          Python Debug              On
          CMake generator           Ninja
          Build arguments           ['-DCMAKE_MAKE_PROGRAM=P:/shared/Artifactory/Windows/ninja/1.9.0/c68f192/ninja.exe', '-DPYTHON_INCLUDE_DIR=P:/shared/Artifactory/Windows/rundev-master-debug/202101281515/runtime/90c9482/runTime/include/Python37/Python', '-DPython_EXECUTABLE=P:/shared/Artifactory/Windows/rundev-master-debug/202101281515/runtime/90c9482/runTime/bin/mayapy.exe', '-DPYTHON_LIBRARIES=P:/shared/Artifactory/Windows/rundev-master-debug/202101281515/runtime/90c9482/runTime/lib/python37_d.lib', '-DBUILD_WITH_PYTHON_3=ON', '-DMAYAUSD_TO_USD_RELATIVE_PATH=../USD']
          Stages arguments          ['clean']
          CTest arguments           ['-E testUsdReferenceAssemblySelection|testUsdMayaAppDir|testUsdExportAsClip', '-LE interactive', '--parallel 16']
    Success MayaUSD build and install !!!!
    Elapsed time: 00:00:00
Deleting subst P:
Deleting subst W:
[Pipeline] }
[Pipeline] // withEnv
[Pipeline] withEnv
[Pipeline] {
[Pipeline] bat
[ecg-mayausd-branch-preflight-python3-windows] Running batch script
Subst W: S:\jenkins\workspace\ecg-mayausd-branch-preflight-python3-windows
Subst P: S:\jenkins\workspace
"C:\Program Files (x86)\Microsoft Visual Studio\2017\Professional\VC\Auxiliary\Build\vcvarsall.bat" x64
**********************************************************************
** Visual Studio 2017 Developer Command Prompt v15.9.15
** Copyright (c) 2017 Microsoft Corporation
**********************************************************************
[vcvarsall.bat] Environment initialized for: 'x64'
python ecg-maya-usd/build.py --stages=clean --workspace-dir=W:\ --artifactory-dir=P:\shared\Artifactory --build-dir=W:\build --install-dir=W:\install --signing-dir=W:\signing --package-dir=W:\package --output-dir=W:\output --stash-dir=W:\stash --jenkins-build=551 --git-commit=73724abab2382ff599f9e54eb6f74553d00e9f91 --git-branch=master --variants=RelWithDebInfo --python=3 --maya-cut-config=maya-rundev-master.yaml --stage-banner
Using Maya cut from P:\shared\Artifactory\Windows\rundev-master\202101280915\runtime\c1c0faa

================================================================================
                             clean (RelWithDebInfo)
================================================================================
running clean stage....................
Maya Python RelWithDebInfo Info:
  mayapy executable   = P:\shared\Artifactory\Windows\rundev-master\202101280915\runtime\c1c0faa\runTime\bin\mayapy.exe
  Include Folder      = P:\shared\Artifactory\Windows\rundev-master\202101280915\runtime\c1c0faa\runTime\include\Python37\Python
  Library             = P:\shared\Artifactory\Windows\rundev-master\202101280915\runtime\c1c0faa\runTime\lib\python37.lib
  site-package Folder = P:\shared\Artifactory\Windows\rundev-master\202101280915\runtime\c1c0faa\runTime\Python37\Lib\site-packages
In workdir: S:\jenkins\workspace\ecg-mayausd-branch-preflight-python3-windows\ecg-maya-usd\maya-usd
Executing: 'P:\\shared\\Artifactory\\Windows\\rundev-master\\202101280915\\runtime\\c1c0faa\\runTime\\bin\\mayapy.exe' 'S:\\jenkins\\workspace\\ecg-mayausd-branch-preflight-python3-windows\\ecg-maya-usd\\maya-usd\\build.py' --generator Ninja --build-relwithdebug --maya-location 'P:\\shared\\Artifactory\\Windows\\rundev-master\\202101280915\\runtime\\c1c0faa\\runTime' --devkit-location 'P:\\shared\\Artifactory\\Windows\\rundev-master\\202101280915\\runtime\\c1c0faa\\devkitBase' --pxrusd-location 'P:\\shared\\Artifactory\\Windows\\USD\\a6d0475' --qt-location 'P:\\shared\\Artifactory\\Windows\\qt\\5.15.2\\28999d0' '--build-args=-DCMAKE_MAKE_PROGRAM=P:/shared/Artifactory/Windows/ninja/1.9.0/c68f192/ninja.exe,-DPYTHON_INCLUDE_DIR=P:/shared/Artifactory/Windows/rundev-master/202101280915/runtime/c1c0faa/runTime/include/Python37/Python,-DPython_EXECUTABLE=P:/shared/Artifactory/Windows/rundev-master/202101280915/runtime/c1c0faa/runTime/bin/mayapy.exe,-DPYTHON_LIBRARIES=P:/shared/Artifactory/Windows/rundev-master/202101280915/runtime/c1c0faa/runTime/lib/python37.lib,-DBUILD_WITH_PYTHON_3=ON,-DMAYAUSD_TO_USD_RELATIVE_PATH=../USD' '--ctest-args=-E testUsdReferenceAssemblySelection|testUsdMayaAppDir|testUsdExportAsClip,-LE interactive,--parallel 16' --stages=clean --redirect-outstream-file=False --install-location 'W:\\install\\RelWithDebInfo\\MayaUSD' 'W:\\'
Modified environment variables:
    PATH=P:\shared\Artifactory\Windows\cmake\3.14.4\c5af748\bin;C:\Python27\lib\site-packages\pywin32_system32;C:\Program Files (x86)\Microsoft Visual Studio\2017\Professional\VC\Tools\MSVC\14.16.27023\bin\HostX64\x64;C:\Program Files (x86)\Microsoft Visual Studio\2017\Professional\Common7\IDE\VC\VCPackages;C:\Program Files (x86)\Microsoft Visual Studio\2017\Professional\Common7\IDE\CommonExtensions\Microsoft\TestWindow;C:\Program Files (x86)\Microsoft Visual Studio\2017\Professional\Common7\IDE\CommonExtensions\Microsoft\TeamFoundation\Team Explorer;C:\Program Files (x86)\Microsoft Visual Studio\2017\Professional\MSBuild\15.0\bin\Roslyn;C:\Program Files (x86)\Microsoft Visual Studio\2017\Professional\Team Tools\Performance Tools\x64;C:\Program Files (x86)\Microsoft Visual Studio\2017\Professional\Team Tools\Performance Tools;C:\Program Files (x86)\Microsoft Visual Studio\Shared\Common\VSPerfCollectionTools\\x64;C:\Program Files (x86)\Microsoft Visual Studio\Shared\Common\VSPerfCollectionTools\;C:\Program Files (x86)\Microsoft SDKs\Windows\v10.0A\bin\NETFX 4.6.1 Tools\x64\;C:\Program Files (x86)\HTML Help Workshop;C:\Program Files (x86)\Windows Kits\10\bin\10.0.17763.0\x64;C:\Program Files (x86)\Windows Kits\10\bin\x64;C:\Program Files (x86)\Microsoft Visual Studio\2017\Professional\\MSBuild\15.0\bin;C:\WINDOWS\Microsoft.NET\Framework64\v4.0.30319;C:\Program Files (x86)\Microsoft Visual Studio\2017\Professional\Common7\IDE\;C:\Program Files (x86)\Microsoft Visual Studio\2017\Professional\Common7\Tools\;C:\Python27\;C:\Python27\Scripts;C:\Program Files (x86)\Common Files\Oracle\Java\javapath;C:\WINDOWS\system32;C:\WINDOWS;C:\WINDOWS\System32\Wbem;C:\WINDOWS\System32\WindowsPowerShell\v1.0\;C:\WINDOWS\System32\OpenSSH\;C:\PathVerify;C:\Program Files (x86)\WiX Toolset v3.7\bin;C:\Program Files (x86)\Windows Kits\10\bin\10.0.17763.0\x64;C:\Program Files (x86)\Windows Kits\10\bin\x64;C:\StoreBoxClientWindows;C:\Program Files\Electric Cloud\ElectricCommander\bin;C:\Program Files\WinRAR;C:\Program Files\7-Zip;C:\Program Files\Git\cmd;C:\Program Files\Git\usr\bin;C:\Program Files\Git\mingw64\bin;C:\Program Files\Git\bin;C:\Program Files\WinMerge;C:\Users\Administrator\AppData\Local\Microsoft\WindowsApps;C:\Program Files (x86)\Microsoft Visual Studio\2017\Professional\Common7\IDE\CommonExtensions\Microsoft\CMake\CMake\bin;C:\Program Files (x86)\Microsoft Visual Studio\2017\Professional\Common7\IDE\CommonExtensions\Microsoft\CMake\Ninja
    
        Building with settings:
          Source directory          S:\jenkins\workspace\ecg-mayausd-branch-preflight-python3-windows\ecg-maya-usd\maya-usd
          Workspace directory       W:\
          Build directory           W:\build\RelWithDebInfo
          Install directory         W:\install\RelWithDebInfo\MayaUSD
          Variant                   RelWithDebInfo
          Python Debug              Off
          CMake generator           Ninja
          Build arguments           ['-DCMAKE_MAKE_PROGRAM=P:/shared/Artifactory/Windows/ninja/1.9.0/c68f192/ninja.exe', '-DPYTHON_INCLUDE_DIR=P:/shared/Artifactory/Windows/rundev-master/202101280915/runtime/c1c0faa/runTime/include/Python37/Python', '-DPython_EXECUTABLE=P:/shared/Artifactory/Windows/rundev-master/202101280915/runtime/c1c0faa/runTime/bin/mayapy.exe', '-DPYTHON_LIBRARIES=P:/shared/Artifactory/Windows/rundev-master/202101280915/runtime/c1c0faa/runTime/lib/python37.lib', '-DBUILD_WITH_PYTHON_3=ON', '-DMAYAUSD_TO_USD_RELATIVE_PATH=../USD']
          Stages arguments          ['clean']
          CTest arguments           ['-E testUsdReferenceAssemblySelection|testUsdMayaAppDir|testUsdExportAsClip', '-LE interactive', '--parallel 16']
    Success MayaUSD build and install !!!!
    Elapsed time: 00:00:00
Deleting subst P:
Deleting subst W:
[Pipeline] }
[Pipeline] // withEnv
[Pipeline] }
[Pipeline] // stage
[Pipeline] }
[Pipeline] // timestamps
[Pipeline] }
[Pipeline] // timeout
[Pipeline] timeout
Timeout set to expire in 6 hr 0 min
[Pipeline] {
[Pipeline] timestamps
[Pipeline] {
[Pipeline] stage
[Pipeline] { (Configure)
[Pipeline] withEnv
[Pipeline] {
[Pipeline] bat
[ecg-mayausd-branch-preflight-python3-windows] Running batch script
Subst W: S:\jenkins\workspace\ecg-mayausd-branch-preflight-python3-windows
Subst P: S:\jenkins\workspace
"C:\Program Files (x86)\Microsoft Visual Studio\2017\Professional\VC\Auxiliary\Build\vcvarsall.bat" x64
**********************************************************************
** Visual Studio 2017 Developer Command Prompt v15.9.15
** Copyright (c) 2017 Microsoft Corporation
**********************************************************************
[vcvarsall.bat] Environment initialized for: 'x64'
python ecg-maya-usd/build.py --stages=configure --workspace-dir=W:\ --artifactory-dir=P:\shared\Artifactory --build-dir=W:\build --install-dir=W:\install --signing-dir=W:\signing --package-dir=W:\package --output-dir=W:\output --stash-dir=W:\stash --jenkins-build=551 --git-commit=73724abab2382ff599f9e54eb6f74553d00e9f91 --git-branch=master --variants=Debug --python=3 --maya-cut-config=maya-rundev-master-debug.yaml --stage-banner
Using Maya cut from P:\shared\Artifactory\Windows\rundev-master-debug\202101281515\runtime\90c9482

================================================================================
                               configure (Debug)
================================================================================
running configure stage....................
Maya Python Debug Info:
  mayapy executable   = P:\shared\Artifactory\Windows\rundev-master-debug\202101281515\runtime\90c9482\runTime\bin\mayapy.exe
  Include Folder      = P:\shared\Artifactory\Windows\rundev-master-debug\202101281515\runtime\90c9482\runTime\include\Python37\Python
  Library             = P:\shared\Artifactory\Windows\rundev-master-debug\202101281515\runtime\90c9482\runTime\lib\python37_d.lib
  site-package Folder = P:\shared\Artifactory\Windows\rundev-master-debug\202101281515\runtime\90c9482\runTime\Python37\Lib\site-packages
In workdir: S:\jenkins\workspace\ecg-mayausd-branch-preflight-python3-windows\ecg-maya-usd\maya-usd
Executing: 'P:\\shared\\Artifactory\\Windows\\rundev-master-debug\\202101281515\\runtime\\90c9482\\runTime\\bin\\mayapy.exe' 'S:\\jenkins\\workspace\\ecg-mayausd-branch-preflight-python3-windows\\ecg-maya-usd\\maya-usd\\build.py' --generator Ninja --build-debug --maya-location 'P:\\shared\\Artifactory\\Windows\\rundev-master-debug\\202101281515\\runtime\\90c9482\\runTime' --devkit-location 'P:\\shared\\Artifactory\\Windows\\rundev-master-debug\\202101281515\\runtime\\90c9482\\devkitBase' --pxrusd-location 'P:\\shared\\Artifactory\\Windows\\USD\\dbfa571' --qt-location 'P:\\shared\\Artifactory\\Windows\\qt\\5.15.2\\28999d0' '--build-args=-DCMAKE_MAKE_PROGRAM=P:/shared/Artifactory/Windows/ninja/1.9.0/c68f192/ninja.exe,-DPYTHON_INCLUDE_DIR=P:/shared/Artifactory/Windows/rundev-master-debug/202101281515/runtime/90c9482/runTime/include/Python37/Python,-DPython_EXECUTABLE=P:/shared/Artifactory/Windows/rundev-master-debug/202101281515/runtime/90c9482/runTime/bin/mayapy.exe,-DPYTHON_LIBRARIES=P:/shared/Artifactory/Windows/rundev-master-debug/202101281515/runtime/90c9482/runTime/lib/python37_d.lib,-DBUILD_WITH_PYTHON_3=ON,-DMAYAUSD_TO_USD_RELATIVE_PATH=../USD' --debug-python '--ctest-args=-E testUsdReferenceAssemblySelection|testUsdMayaAppDir|testUsdExportAsClip,-LE interactive,--parallel 16' --stages=configure --redirect-outstream-file=False --install-location 'W:\\install\\Debug\\MayaUSD' 'W:\\'
Modified environment variables:
    PATH=P:\shared\Artifactory\Windows\cmake\3.14.4\c5af748\bin;C:\Python27\lib\site-packages\pywin32_system32;C:\Program Files (x86)\Microsoft Visual Studio\2017\Professional\VC\Tools\MSVC\14.16.27023\bin\HostX64\x64;C:\Program Files (x86)\Microsoft Visual Studio\2017\Professional\Common7\IDE\VC\VCPackages;C:\Program Files (x86)\Microsoft Visual Studio\2017\Professional\Common7\IDE\CommonExtensions\Microsoft\TestWindow;C:\Program Files (x86)\Microsoft Visual Studio\2017\Professional\Common7\IDE\CommonExtensions\Microsoft\TeamFoundation\Team Explorer;C:\Program Files (x86)\Microsoft Visual Studio\2017\Professional\MSBuild\15.0\bin\Roslyn;C:\Program Files (x86)\Microsoft Visual Studio\2017\Professional\Team Tools\Performance Tools\x64;C:\Program Files (x86)\Microsoft Visual Studio\2017\Professional\Team Tools\Performance Tools;C:\Program Files (x86)\Microsoft Visual Studio\Shared\Common\VSPerfCollectionTools\\x64;C:\Program Files (x86)\Microsoft Visual Studio\Shared\Common\VSPerfCollectionTools\;C:\Program Files (x86)\Microsoft SDKs\Windows\v10.0A\bin\NETFX 4.6.1 Tools\x64\;C:\Program Files (x86)\HTML Help Workshop;C:\Program Files (x86)\Windows Kits\10\bin\10.0.17763.0\x64;C:\Program Files (x86)\Windows Kits\10\bin\x64;C:\Program Files (x86)\Microsoft Visual Studio\2017\Professional\\MSBuild\15.0\bin;C:\WINDOWS\Microsoft.NET\Framework64\v4.0.30319;C:\Program Files (x86)\Microsoft Visual Studio\2017\Professional\Common7\IDE\;C:\Program Files (x86)\Microsoft Visual Studio\2017\Professional\Common7\Tools\;C:\Python27\;C:\Python27\Scripts;C:\Program Files (x86)\Common Files\Oracle\Java\javapath;C:\WINDOWS\system32;C:\WINDOWS;C:\WINDOWS\System32\Wbem;C:\WINDOWS\System32\WindowsPowerShell\v1.0\;C:\WINDOWS\System32\OpenSSH\;C:\PathVerify;C:\Program Files (x86)\WiX Toolset v3.7\bin;C:\Program Files (x86)\Windows Kits\10\bin\10.0.17763.0\x64;C:\Program Files (x86)\Windows Kits\10\bin\x64;C:\StoreBoxClientWindows;C:\Program Files\Electric Cloud\ElectricCommander\bin;C:\Program Files\WinRAR;C:\Program Files\7-Zip;C:\Program Files\Git\cmd;C:\Program Files\Git\usr\bin;C:\Program Files\Git\mingw64\bin;C:\Program Files\Git\bin;C:\Program Files\WinMerge;C:\Users\Administrator\AppData\Local\Microsoft\WindowsApps;C:\Program Files (x86)\Microsoft Visual Studio\2017\Professional\Common7\IDE\CommonExtensions\Microsoft\CMake\CMake\bin;C:\Program Files (x86)\Microsoft Visual Studio\2017\Professional\Common7\IDE\CommonExtensions\Microsoft\CMake\Ninja
    -- The C compiler identification is MSVC 19.16.27032.1
    -- The CXX compiler identification is MSVC 19.16.27032.1
    -- Check for working C compiler: C:/Program Files (x86)/Microsoft Visual Studio/2017/Professional/VC/Tools/MSVC/14.16.27023/bin/Hostx64/x64/cl.exe
    -- Check for working C compiler: C:/Program Files (x86)/Microsoft Visual Studio/2017/Professional/VC/Tools/MSVC/14.16.27023/bin/Hostx64/x64/cl.exe -- works
    -- Detecting C compiler ABI info
    -- Detecting C compiler ABI info - done
    -- Detecting C compile features
    -- Detecting C compile features - done
    -- Check for working CXX compiler: C:/Program Files (x86)/Microsoft Visual Studio/2017/Professional/VC/Tools/MSVC/14.16.27023/bin/Hostx64/x64/cl.exe
    -- Check for working CXX compiler: C:/Program Files (x86)/Microsoft Visual Studio/2017/Professional/VC/Tools/MSVC/14.16.27023/bin/Hostx64/x64/cl.exe -- works
    -- Detecting CXX compiler ABI info
    -- Detecting CXX compiler ABI info - done
    -- Detecting CXX compile features
    -- Detecting CXX compile features - done
    -- Found Python: P:/shared/Artifactory/Windows/rundev-master-debug/202101281515/runtime/90c9482/runTime/bin/mayapy.exe (found suitable exact version "3.7.7") found components:  Interpreter
    -- Build MayaUSD with Python3 = ON
    --    PYTHON_INCLUDE_DIRS = P:/shared/Artifactory/Windows/rundev-master-debug/202101281515/runtime/90c9482/runTime/include/Python37/Python
    --    PYTHON_LIBRARIES    = P:/shared/Artifactory/Windows/rundev-master-debug/202101281515/runtime/90c9482/runTime/lib/python37_d.lib
    --    Python_EXECUTABLE   = P:/shared/Artifactory/Windows/rundev-master-debug/202101281515/runtime/90c9482/runTime/bin/mayapy.exe
    -- Found Maya: P:/shared/Artifactory/Windows/rundev-master-debug/202101281515/runtime/90c9482/runTime/bin/maya.exe (found suitable version "2022", minimum required is "2018")
    -- USD include dir: P:/shared/Artifactory/Windows/USD/dbfa571/include
    -- USD library dir: P:/shared/Artifactory/Windows/USD/dbfa571/lib
    -- USD version: 0.20.11
    -- Found USD: P:\shared\Artifactory\Windows\USD\dbfa571 (found version "0.20.11")
    Updated PYTHONPATH: P:\shared\Artifactory\Windows\USD\dbfa571\lib\python
    Updated PATH: P:\shared\Artifactory\Windows\rundev-master-debug\202101281515\runtime\90c9482\runTime\bin;P:\shared\Artifactory\Windows\rundev-master-debug\202101281515\runtime\90c9482\runTime\bin3;P:\shared\Artifactory\Windows\cmake\3.14.4\c5af748\bin;C:\Python27\lib\site-packages\pywin32_system32;C:\Program Files (x86)\Microsoft Visual Studio\2017\Professional\VC\Tools\MSVC\14.16.27023\bin\HostX64\x64;C:\Program Files (x86)\Microsoft Visual Studio\2017\Professional\Common7\IDE\VC\VCPackages;C:\Program Files (x86)\Microsoft Visual Studio\2017\Professional\Common7\IDE\CommonExtensions\Microsoft\TestWindow;C:\Program Files (x86)\Microsoft Visual Studio\2017\Professional\Common7\IDE\CommonExtensions\Microsoft\TeamFoundation\Team Explorer;C:\Program Files (x86)\Microsoft Visual Studio\2017\Professional\MSBuild\15.0\bin\Roslyn;C:\Program Files (x86)\Microsoft Visual Studio\2017\Professional\Team Tools\Performance Tools\x64;C:\Program Files (x86)\Microsoft Visual Studio\2017\Professional\Team Tools\Performance Tools;C:\Program Files (x86)\Microsoft Visual Studio\Shared\Common\VSPerfCollectionTools\\x64;C:\Program Files (x86)\Microsoft Visual Studio\Shared\Common\VSPerfCollectionTools\;C:\Program Files (x86)\Microsoft SDKs\Windows\v10.0A\bin\NETFX 4.6.1 Tools\x64\;C:\Program Files (x86)\HTML Help Workshop;C:\Program Files (x86)\Windows Kits\10\bin\10.0.17763.0\x64;C:\Program Files (x86)\Windows Kits\10\bin\x64;C:\Program Files (x86)\Microsoft Visual Studio\2017\Professional\\MSBuild\15.0\bin;C:\WINDOWS\Microsoft.NET\Framework64\v4.0.30319;C:\Program Files (x86)\Microsoft Visual Studio\2017\Professional\Common7\IDE\;C:\Program Files (x86)\Microsoft Visual Studio\2017\Professional\Common7\Tools\;C:\Python27\;C:\Python27\Scripts;C:\Program Files (x86)\Common Files\Oracle\Java\javapath;C:\WINDOWS\system32;C:\WINDOWS;C:\WINDOWS\System32\Wbem;C:\WINDOWS\System32\WindowsPowerShell\v1.0\;C:\WINDOWS\System32\OpenSSH\;C:\PathVerify;C:\Program Files (x86)\WiX Toolset v3.7\bin;C:\Program Files (x86)\Windows Kits\10\bin\10.0.17763.0\x64;C:\Program Files (x86)\Windows Kits\10\bin\x64;C:\StoreBoxClientWindows;C:\Program Files\Electric Cloud\ElectricCommander\bin;C:\Program Files\WinRAR;C:\Program Files\7-Zip;C:\Program Files\Git\cmd;C:\Program Files\Git\usr\bin;C:\Program Files\Git\mingw64\bin;C:\Program Files\Git\bin;C:\Program Files\WinMerge;C:\Users\Administrator\AppData\Local\Microsoft\WindowsApps;C:\Program Files (x86)\Microsoft Visual Studio\2017\Professional\Common7\IDE\CommonExtensions\Microsoft\CMake\CMake\bin;C:\Program Files (x86)\Microsoft Visual Studio\2017\Professional\Common7\IDE\CommonExtensions\Microsoft\CMake\Ninja;P:\shared\Artifactory\Windows\USD\dbfa571\bin;P:\shared\Artifactory\Windows\USD\dbfa571\lib
    -- UFE include dir: P:/shared/Artifactory/Windows/rundev-master-debug/202101281515/runtime/90c9482/devkitBase/devkit/ufe/include
    -- UFE library: P:/shared/Artifactory/Windows/rundev-master-debug/202101281515/runtime/90c9482/devkitBase/devkit/ufe/lib/ufe_2.lib
    -- UFE version: 2.0.0
    -- Building with UFE 2.0.0 features enabled.
    -- Building with Qt features enabled.
    -- ========== Installing GoogleTest... ==========
    -- Configuring done
    -- Generating done
    -- Build files have been written to: W:/build/Debug/googletest-config
    [1/8] Creating directories for 'googletest'
    [2/8] Performing download step (git clone) for 'googletest'
    Cloning into 'googletest-src'...
    HEAD is now at 703bd9ca Googletest export
    [3/8] No patch step for 'googletest'
    [4/8] Performing update step for 'googletest'
    [5/8] Performing configure step for 'googletest'
    -- The C compiler identification is MSVC 19.16.27032.1
    -- The CXX compiler identification is MSVC 19.16.27032.1
    -- Check for working C compiler: C:/Program Files (x86)/Microsoft Visual Studio/2017/Professional/VC/Tools/MSVC/14.16.27023/bin/Hostx64/x64/cl.exe
    -- Check for working C compiler: C:/Program Files (x86)/Microsoft Visual Studio/2017/Professional/VC/Tools/MSVC/14.16.27023/bin/Hostx64/x64/cl.exe -- works
    -- Detecting C compiler ABI info
    -- Detecting C compiler ABI info - done
    -- Detecting C compile features
    -- Detecting C compile features - done
    -- Check for working CXX compiler: C:/Program Files (x86)/Microsoft Visual Studio/2017/Professional/VC/Tools/MSVC/14.16.27023/bin/Hostx64/x64/cl.exe
    -- Check for working CXX compiler: C:/Program Files (x86)/Microsoft Visual Studio/2017/Professional/VC/Tools/MSVC/14.16.27023/bin/Hostx64/x64/cl.exe -- works
    -- Detecting CXX compiler ABI info
    -- Detecting CXX compiler ABI info - done
    -- Detecting CXX compile features
    -- Detecting CXX compile features - done
    -- Found PythonInterp: C:/Python27/python.exe
    -- Looking for pthread.h
    -- Looking for pthread.h - not found
    -- Found Threads: TRUE
    -- Configuring done
    -- Generating done
    -- Build files have been written to: W:/build/Debug/googletest-build
    [6/8] Performing build step for 'googletest'
    [1/11] Building CXX object googletest\CMakeFiles\gtest_main.dir\src\gtest_main.cc.obj
    [2/11] Building CXX object googlemock\CMakeFiles\gmock_main.dir\src\gmock_main.cc.obj
    [3/11] Building CXX object googlemock\CMakeFiles\gmock.dir\src\gmock-all.cc.obj
    [4/11] Building CXX object googlemock\CMakeFiles\gmock_main.dir\src\gmock-all.cc.obj
    [5/11] Building CXX object googlemock\CMakeFiles\gmock.dir\__\googletest\src\gtest-all.cc.obj
    [6/11] Building CXX object googlemock\CMakeFiles\gmock_main.dir\__\googletest\src\gtest-all.cc.obj
    [7/11] Building CXX object googletest\CMakeFiles\gtest.dir\src\gtest-all.cc.obj
    [8/11] Linking CXX shared library bin\gtestd.dll
       Creating library lib\gtestd.lib and object lib\gtestd.exp
       Creating library lib\gtestd.lib and object lib\gtestd.exp
    [9/11] Linking CXX shared library bin\gmockd.dll
       Creating library lib\gmockd.lib and object lib\gmockd.exp
       Creating library lib\gmockd.lib and object lib\gmockd.exp
    [10/11] Linking CXX shared library bin\gmock_maind.dll
       Creating library lib\gmock_maind.lib and object lib\gmock_maind.exp
       Creating library lib\gmock_maind.lib and object lib\gmock_maind.exp
    [11/11] Linking CXX shared library bin\gtest_maind.dll
       Creating library lib\gtest_maind.lib and object lib\gtest_maind.exp
       Creating library lib\gtest_maind.lib and object lib\gtest_maind.exp
    [7/8] Performing install step for 'googletest'
    [0/1] Install the project...
    -- Install configuration: "Debug"
    -- Installing: W:/build/Debug/googletest-install/include
    -- Installing: W:/build/Debug/googletest-install/include/gmock
    -- Installing: W:/build/Debug/googletest-install/include/gmock/gmock-actions.h
    -- Installing: W:/build/Debug/googletest-install/include/gmock/gmock-cardinalities.h
    -- Installing: W:/build/Debug/googletest-install/include/gmock/gmock-function-mocker.h
    -- Installing: W:/build/Debug/googletest-install/include/gmock/gmock-generated-actions.h
    -- Installing: W:/build/Debug/googletest-install/include/gmock/gmock-generated-actions.h.pump
    -- Installing: W:/build/Debug/googletest-install/include/gmock/gmock-generated-function-mockers.h
    -- Installing: W:/build/Debug/googletest-install/include/gmock/gmock-generated-function-mockers.h.pump
    -- Installing: W:/build/Debug/googletest-install/include/gmock/gmock-generated-matchers.h
    -- Installing: W:/build/Debug/googletest-install/include/gmock/gmock-generated-matchers.h.pump
    -- Installing: W:/build/Debug/googletest-install/include/gmock/gmock-matchers.h
    -- Installing: W:/build/Debug/googletest-install/include/gmock/gmock-more-actions.h
    -- Installing: W:/build/Debug/googletest-install/include/gmock/gmock-more-matchers.h
    -- Installing: W:/build/Debug/googletest-install/include/gmock/gmock-nice-strict.h
    -- Installing: W:/build/Debug/googletest-install/include/gmock/gmock-spec-builders.h
    -- Installing: W:/build/Debug/googletest-install/include/gmock/gmock.h
    -- Installing: W:/build/Debug/googletest-install/include/gmock/internal
    -- Installing: W:/build/Debug/googletest-install/include/gmock/internal/custom
    -- Installing: W:/build/Debug/googletest-install/include/gmock/internal/custom/gmock-generated-actions.h
    -- Installing: W:/build/Debug/googletest-install/include/gmock/internal/custom/gmock-generated-actions.h.pump
    -- Installing: W:/build/Debug/googletest-install/include/gmock/internal/custom/gmock-matchers.h
    -- Installing: W:/build/Debug/googletest-install/include/gmock/internal/custom/gmock-port.h
    -- Installing: W:/build/Debug/googletest-install/include/gmock/internal/custom/README.md
    -- Installing: W:/build/Debug/googletest-install/include/gmock/internal/gmock-internal-utils.h
    -- Installing: W:/build/Debug/googletest-install/include/gmock/internal/gmock-port.h
    -- Installing: W:/build/Debug/googletest-install/include/gmock/internal/gmock-pp.h
    -- Installing: W:/build/Debug/googletest-install/lib/gmockd.lib
    -- Installing: W:/build/Debug/googletest-install/bin/gmockd.dll
    -- Installing: W:/build/Debug/googletest-install/lib/gmock_maind.lib
    -- Installing: W:/build/Debug/googletest-install/bin/gmock_maind.dll
    -- Installing: W:/build/Debug/googletest-install/lib/pkgconfig/gmock.pc
    -- Installing: W:/build/Debug/googletest-install/lib/pkgconfig/gmock_main.pc
    -- Installing: W:/build/Debug/googletest-install/lib/cmake/GTest/GTestTargets.cmake
    -- Installing: W:/build/Debug/googletest-install/lib/cmake/GTest/GTestTargets-debug.cmake
    -- Installing: W:/build/Debug/googletest-install/lib/cmake/GTest/GTestConfigVersion.cmake
    -- Installing: W:/build/Debug/googletest-install/lib/cmake/GTest/GTestConfig.cmake
    -- Up-to-date: W:/build/Debug/googletest-install/include
    -- Installing: W:/build/Debug/googletest-install/include/gtest
    -- Installing: W:/build/Debug/googletest-install/include/gtest/gtest-death-test.h
    -- Installing: W:/build/Debug/googletest-install/include/gtest/gtest-matchers.h
    -- Installing: W:/build/Debug/googletest-install/include/gtest/gtest-message.h
    -- Installing: W:/build/Debug/googletest-install/include/gtest/gtest-param-test.h
    -- Installing: W:/build/Debug/googletest-install/include/gtest/gtest-printers.h
    -- Installing: W:/build/Debug/googletest-install/include/gtest/gtest-spi.h
    -- Installing: W:/build/Debug/googletest-install/include/gtest/gtest-test-part.h
    -- Installing: W:/build/Debug/googletest-install/include/gtest/gtest-typed-test.h
    -- Installing: W:/build/Debug/googletest-install/include/gtest/gtest.h
    -- Installing: W:/build/Debug/googletest-install/include/gtest/gtest_pred_impl.h
    -- Installing: W:/build/Debug/googletest-install/include/gtest/gtest_prod.h
    -- Installing: W:/build/Debug/googletest-install/include/gtest/internal
    -- Installing: W:/build/Debug/googletest-install/include/gtest/internal/custom
    -- Installing: W:/build/Debug/googletest-install/include/gtest/internal/custom/gtest-port.h
    -- Installing: W:/build/Debug/googletest-install/include/gtest/internal/custom/gtest-printers.h
    -- Installing: W:/build/Debug/googletest-install/include/gtest/internal/custom/gtest.h
    -- Installing: W:/build/Debug/googletest-install/include/gtest/internal/custom/README.md
    -- Installing: W:/build/Debug/googletest-install/include/gtest/internal/gtest-death-test-internal.h
    -- Installing: W:/build/Debug/googletest-install/include/gtest/internal/gtest-filepath.h
    -- Installing: W:/build/Debug/googletest-install/include/gtest/internal/gtest-internal.h
    -- Installing: W:/build/Debug/googletest-install/include/gtest/internal/gtest-param-util.h
    -- Installing: W:/build/Debug/googletest-install/include/gtest/internal/gtest-port-arch.h
    -- Installing: W:/build/Debug/googletest-install/include/gtest/internal/gtest-port.h
    -- Installing: W:/build/Debug/googletest-install/include/gtest/internal/gtest-string.h
    -- Installing: W:/build/Debug/googletest-install/include/gtest/internal/gtest-type-util.h
    -- Installing: W:/build/Debug/googletest-install/include/gtest/internal/gtest-type-util.h.pump
    -- Installing: W:/build/Debug/googletest-install/lib/gtestd.lib
    -- Installing: W:/build/Debug/googletest-install/bin/gtestd.dll
    -- Installing: W:/build/Debug/googletest-install/lib/gtest_maind.lib
    -- Installing: W:/build/Debug/googletest-install/bin/gtest_maind.dll
    -- Installing: W:/build/Debug/googletest-install/lib/pkgconfig/gtest.pc
    -- Installing: W:/build/Debug/googletest-install/lib/pkgconfig/gtest_main.pc
    [8/8] Completed 'googletest'
    -- ========== ...  GoogleTest installed. ==========
    -- Found Boost 1.70.0 at P:/shared/Artifactory/Windows/USD/dbfa571/lib/cmake/Boost-1.70.0
    --   Requested configuration: QUIET REQUIRED COMPONENTS filesystem;system
    -- Found boost_headers 1.70.0 at P:/shared/Artifactory/Windows/USD/dbfa571/lib/cmake/boost_headers-1.70.0
    -- Found boost_filesystem 1.70.0 at P:/shared/Artifactory/Windows/USD/dbfa571/lib/cmake/boost_filesystem-1.70.0
    --   boost_filesystem-vc141-mt-gyd-x64-1_70.lib
    -- Adding boost_filesystem dependencies: headers
    -- Found boost_system 1.70.0 at P:/shared/Artifactory/Windows/USD/dbfa571/lib/cmake/boost_system-1.70.0
    --   boost_system-vc141-mt-gyd-x64-1_70.lib
    -- Adding boost_system dependencies: headers
    -- Boost  found.
    -- Found Boost components:
       filesystem;system
    -- promoting: S:/jenkins/workspace/ecg-mayausd-branch-preflight-python3-windows/ecg-maya-usd/maya-usd/lib/mayaUsd/base/mayaUsd.h.src
    -- promoting: S:/jenkins/workspace/ecg-mayausd-branch-preflight-python3-windows/ecg-maya-usd/maya-usd/lib/mayaUsd/base/api.h
    -- promoting: S:/jenkins/workspace/ecg-mayausd-branch-preflight-python3-windows/ecg-maya-usd/maya-usd/lib/mayaUsd/base/debugCodes.h
    -- promoting: S:/jenkins/workspace/ecg-mayausd-branch-preflight-python3-windows/ecg-maya-usd/maya-usd/lib/mayaUsd/base/id.h
    -- promoting: S:/jenkins/workspace/ecg-mayausd-branch-preflight-python3-windows/ecg-maya-usd/maya-usd/lib/mayaUsd/base/syncId.h
    -- promoting: S:/jenkins/workspace/ecg-mayausd-branch-preflight-python3-windows/ecg-maya-usd/maya-usd/lib/mayaUsd/base/tokens.h
    -- promoting: S:/jenkins/workspace/ecg-mayausd-branch-preflight-python3-windows/ecg-maya-usd/maya-usd/lib/mayaUsd/commands/abstractLayerEditorWindow.h
    -- promoting: S:/jenkins/workspace/ecg-mayausd-branch-preflight-python3-windows/ecg-maya-usd/maya-usd/lib/mayaUsd/commands/baseExportCommand.h
    -- promoting: S:/jenkins/workspace/ecg-mayausd-branch-preflight-python3-windows/ecg-maya-usd/maya-usd/lib/mayaUsd/commands/baseImportCommand.h
    -- promoting: S:/jenkins/workspace/ecg-mayausd-branch-preflight-python3-windows/ecg-maya-usd/maya-usd/lib/mayaUsd/commands/baseListShadingModesCommand.h
    -- promoting: S:/jenkins/workspace/ecg-mayausd-branch-preflight-python3-windows/ecg-maya-usd/maya-usd/lib/mayaUsd/commands/editTargetCommand.h
    -- promoting: S:/jenkins/workspace/ecg-mayausd-branch-preflight-python3-windows/ecg-maya-usd/maya-usd/lib/mayaUsd/commands/layerEditorCommand.h
    -- promoting: S:/jenkins/workspace/ecg-mayausd-branch-preflight-python3-windows/ecg-maya-usd/maya-usd/lib/mayaUsd/commands/layerEditorWindowCommand.h
    -- promoting: S:/jenkins/workspace/ecg-mayausd-branch-preflight-python3-windows/ecg-maya-usd/maya-usd/lib/mayaUsd/fileio/fallbackPrimReader.h
    -- promoting: S:/jenkins/workspace/ecg-mayausd-branch-preflight-python3-windows/ecg-maya-usd/maya-usd/lib/mayaUsd/fileio/functorPrimReader.h
    -- promoting: S:/jenkins/workspace/ecg-mayausd-branch-preflight-python3-windows/ecg-maya-usd/maya-usd/lib/mayaUsd/fileio/functorPrimWriter.h
    -- promoting: S:/jenkins/workspace/ecg-mayausd-branch-preflight-python3-windows/ecg-maya-usd/maya-usd/lib/mayaUsd/fileio/importData.h
    -- promoting: S:/jenkins/workspace/ecg-mayausd-branch-preflight-python3-windows/ecg-maya-usd/maya-usd/lib/mayaUsd/fileio/instancedNodeWriter.h
    -- promoting: S:/jenkins/workspace/ecg-mayausd-branch-preflight-python3-windows/ecg-maya-usd/maya-usd/lib/mayaUsd/fileio/primReader.h
    -- promoting: S:/jenkins/workspace/ecg-mayausd-branch-preflight-python3-windows/ecg-maya-usd/maya-usd/lib/mayaUsd/fileio/primReaderArgs.h
    -- promoting: S:/jenkins/workspace/ecg-mayausd-branch-preflight-python3-windows/ecg-maya-usd/maya-usd/lib/mayaUsd/fileio/primReaderContext.h
    -- promoting: S:/jenkins/workspace/ecg-mayausd-branch-preflight-python3-windows/ecg-maya-usd/maya-usd/lib/mayaUsd/fileio/primReaderRegistry.h
    -- promoting: S:/jenkins/workspace/ecg-mayausd-branch-preflight-python3-windows/ecg-maya-usd/maya-usd/lib/mayaUsd/fileio/primUpdater.h
    -- promoting: S:/jenkins/workspace/ecg-mayausd-branch-preflight-python3-windows/ecg-maya-usd/maya-usd/lib/mayaUsd/fileio/primUpdaterContext.h
    -- promoting: S:/jenkins/workspace/ecg-mayausd-branch-preflight-python3-windows/ecg-maya-usd/maya-usd/lib/mayaUsd/fileio/primUpdaterRegistry.h
    -- promoting: S:/jenkins/workspace/ecg-mayausd-branch-preflight-python3-windows/ecg-maya-usd/maya-usd/lib/mayaUsd/fileio/primWriter.h
    -- promoting: S:/jenkins/workspace/ecg-mayausd-branch-preflight-python3-windows/ecg-maya-usd/maya-usd/lib/mayaUsd/fileio/primWriterArgs.h
    -- promoting: S:/jenkins/workspace/ecg-mayausd-branch-preflight-python3-windows/ecg-maya-usd/maya-usd/lib/mayaUsd/fileio/primWriterContext.h
    -- promoting: S:/jenkins/workspace/ecg-mayausd-branch-preflight-python3-windows/ecg-maya-usd/maya-usd/lib/mayaUsd/fileio/primWriterRegistry.h
    -- promoting: S:/jenkins/workspace/ecg-mayausd-branch-preflight-python3-windows/ecg-maya-usd/maya-usd/lib/mayaUsd/fileio/registryHelper.h
    -- promoting: S:/jenkins/workspace/ecg-mayausd-branch-preflight-python3-windows/ecg-maya-usd/maya-usd/lib/mayaUsd/fileio/shaderReader.h
    -- promoting: S:/jenkins/workspace/ecg-mayausd-branch-preflight-python3-windows/ecg-maya-usd/maya-usd/lib/mayaUsd/fileio/shaderReaderRegistry.h
    -- promoting: S:/jenkins/workspace/ecg-mayausd-branch-preflight-python3-windows/ecg-maya-usd/maya-usd/lib/mayaUsd/fileio/shaderWriter.h
    -- promoting: S:/jenkins/workspace/ecg-mayausd-branch-preflight-python3-windows/ecg-maya-usd/maya-usd/lib/mayaUsd/fileio/shaderWriterRegistry.h
    -- promoting: S:/jenkins/workspace/ecg-mayausd-branch-preflight-python3-windows/ecg-maya-usd/maya-usd/lib/mayaUsd/fileio/transformWriter.h
    -- promoting: S:/jenkins/workspace/ecg-mayausd-branch-preflight-python3-windows/ecg-maya-usd/maya-usd/lib/mayaUsd/fileio/writeJobContext.h
    -- promoting: S:/jenkins/workspace/ecg-mayausd-branch-preflight-python3-windows/ecg-maya-usd/maya-usd/lib/mayaUsd/fileio/chaser/chaser.h
    -- promoting: S:/jenkins/workspace/ecg-mayausd-branch-preflight-python3-windows/ecg-maya-usd/maya-usd/lib/mayaUsd/fileio/chaser/chaserRegistry.h
    -- promoting: S:/jenkins/workspace/ecg-mayausd-branch-preflight-python3-windows/ecg-maya-usd/maya-usd/lib/mayaUsd/fileio/jobs/jobArgs.h
    -- promoting: S:/jenkins/workspace/ecg-mayausd-branch-preflight-python3-windows/ecg-maya-usd/maya-usd/lib/mayaUsd/fileio/jobs/modelKindProcessor.h
    -- promoting: S:/jenkins/workspace/ecg-mayausd-branch-preflight-python3-windows/ecg-maya-usd/maya-usd/lib/mayaUsd/fileio/jobs/readJob.h
    -- promoting: S:/jenkins/workspace/ecg-mayausd-branch-preflight-python3-windows/ecg-maya-usd/maya-usd/lib/mayaUsd/fileio/jobs/writeJob.h
    -- promoting: S:/jenkins/workspace/ecg-mayausd-branch-preflight-python3-windows/ecg-maya-usd/maya-usd/lib/mayaUsd/fileio/shading/rfmShaderMap.h
    -- promoting: S:/jenkins/workspace/ecg-mayausd-branch-preflight-python3-windows/ecg-maya-usd/maya-usd/lib/mayaUsd/fileio/shading/shadingModeExporter.h
    -- promoting: S:/jenkins/workspace/ecg-mayausd-branch-preflight-python3-windows/ecg-maya-usd/maya-usd/lib/mayaUsd/fileio/shading/shadingModeExporterContext.h
    -- promoting: S:/jenkins/workspace/ecg-mayausd-branch-preflight-python3-windows/ecg-maya-usd/maya-usd/lib/mayaUsd/fileio/shading/shadingModeImporter.h
    -- promoting: S:/jenkins/workspace/ecg-mayausd-branch-preflight-python3-windows/ecg-maya-usd/maya-usd/lib/mayaUsd/fileio/shading/shadingModeRegistry.h
    -- promoting: S:/jenkins/workspace/ecg-mayausd-branch-preflight-python3-windows/ecg-maya-usd/maya-usd/lib/mayaUsd/fileio/shading/symmetricShaderReader.h
    -- promoting: S:/jenkins/workspace/ecg-mayausd-branch-preflight-python3-windows/ecg-maya-usd/maya-usd/lib/mayaUsd/fileio/shading/symmetricShaderWriter.h
    -- promoting: S:/jenkins/workspace/ecg-mayausd-branch-preflight-python3-windows/ecg-maya-usd/maya-usd/lib/mayaUsd/fileio/translators/skelBindingsProcessor.h
    -- promoting: S:/jenkins/workspace/ecg-mayausd-branch-preflight-python3-windows/ecg-maya-usd/maya-usd/lib/mayaUsd/fileio/translators/translatorCamera.h
    -- promoting: S:/jenkins/workspace/ecg-mayausd-branch-preflight-python3-windows/ecg-maya-usd/maya-usd/lib/mayaUsd/fileio/translators/translatorCurves.h
    -- promoting: S:/jenkins/workspace/ecg-mayausd-branch-preflight-python3-windows/ecg-maya-usd/maya-usd/lib/mayaUsd/fileio/translators/translatorGprim.h
    -- promoting: S:/jenkins/workspace/ecg-mayausd-branch-preflight-python3-windows/ecg-maya-usd/maya-usd/lib/mayaUsd/fileio/translators/translatorMaterial.h
    -- promoting: S:/jenkins/workspace/ecg-mayausd-branch-preflight-python3-windows/ecg-maya-usd/maya-usd/lib/mayaUsd/fileio/translators/translatorMayaReference.h
    -- promoting: S:/jenkins/workspace/ecg-mayausd-branch-preflight-python3-windows/ecg-maya-usd/maya-usd/lib/mayaUsd/fileio/translators/translatorMesh.h
    -- promoting: S:/jenkins/workspace/ecg-mayausd-branch-preflight-python3-windows/ecg-maya-usd/maya-usd/lib/mayaUsd/fileio/translators/translatorNurbsPatch.h
    -- promoting: S:/jenkins/workspace/ecg-mayausd-branch-preflight-python3-windows/ecg-maya-usd/maya-usd/lib/mayaUsd/fileio/translators/translatorPrim.h
    -- promoting: S:/jenkins/workspace/ecg-mayausd-branch-preflight-python3-windows/ecg-maya-usd/maya-usd/lib/mayaUsd/fileio/translators/translatorRfMLight.h
    -- promoting: S:/jenkins/workspace/ecg-mayausd-branch-preflight-python3-windows/ecg-maya-usd/maya-usd/lib/mayaUsd/fileio/translators/translatorSkel.h
    -- promoting: S:/jenkins/workspace/ecg-mayausd-branch-preflight-python3-windows/ecg-maya-usd/maya-usd/lib/mayaUsd/fileio/translators/translatorUtil.h
    -- promoting: S:/jenkins/workspace/ecg-mayausd-branch-preflight-python3-windows/ecg-maya-usd/maya-usd/lib/mayaUsd/fileio/translators/translatorXformable.h
    -- promoting: S:/jenkins/workspace/ecg-mayausd-branch-preflight-python3-windows/ecg-maya-usd/maya-usd/lib/mayaUsd/fileio/utils/adaptor.h
    -- promoting: S:/jenkins/workspace/ecg-mayausd-branch-preflight-python3-windows/ecg-maya-usd/maya-usd/lib/mayaUsd/fileio/utils/jointWriteUtils.h
    -- promoting: S:/jenkins/workspace/ecg-mayausd-branch-preflight-python3-windows/ecg-maya-usd/maya-usd/lib/mayaUsd/fileio/utils/meshReadUtils.h
    -- promoting: S:/jenkins/workspace/ecg-mayausd-branch-preflight-python3-windows/ecg-maya-usd/maya-usd/lib/mayaUsd/fileio/utils/meshWriteUtils.h
    -- promoting: S:/jenkins/workspace/ecg-mayausd-branch-preflight-python3-windows/ecg-maya-usd/maya-usd/lib/mayaUsd/fileio/utils/readUtil.h
    -- promoting: S:/jenkins/workspace/ecg-mayausd-branch-preflight-python3-windows/ecg-maya-usd/maya-usd/lib/mayaUsd/fileio/utils/roundTripUtil.h
    -- promoting: S:/jenkins/workspace/ecg-mayausd-branch-preflight-python3-windows/ecg-maya-usd/maya-usd/lib/mayaUsd/fileio/utils/shadingUtil.h
    -- promoting: S:/jenkins/workspace/ecg-mayausd-branch-preflight-python3-windows/ecg-maya-usd/maya-usd/lib/mayaUsd/fileio/utils/userTaggedAttribute.h
    -- promoting: S:/jenkins/workspace/ecg-mayausd-branch-preflight-python3-windows/ecg-maya-usd/maya-usd/lib/mayaUsd/fileio/utils/writeUtil.h
    -- promoting: S:/jenkins/workspace/ecg-mayausd-branch-preflight-python3-windows/ecg-maya-usd/maya-usd/lib/mayaUsd/fileio/utils/xformStack.h
    -- promoting: S:/jenkins/workspace/ecg-mayausd-branch-preflight-python3-windows/ecg-maya-usd/maya-usd/lib/mayaUsd/listeners/notice.h
    -- promoting: S:/jenkins/workspace/ecg-mayausd-branch-preflight-python3-windows/ecg-maya-usd/maya-usd/lib/mayaUsd/listeners/proxyShapeNotice.h
    -- promoting: S:/jenkins/workspace/ecg-mayausd-branch-preflight-python3-windows/ecg-maya-usd/maya-usd/lib/mayaUsd/listeners/stageNoticeListener.h
    -- promoting: S:/jenkins/workspace/ecg-mayausd-branch-preflight-python3-windows/ecg-maya-usd/maya-usd/lib/mayaUsd/nodes/hdImagingShape.h
    -- promoting: S:/jenkins/workspace/ecg-mayausd-branch-preflight-python3-windows/ecg-maya-usd/maya-usd/lib/mayaUsd/nodes/pointBasedDeformerNode.h
    -- promoting: S:/jenkins/workspace/ecg-mayausd-branch-preflight-python3-windows/ecg-maya-usd/maya-usd/lib/mayaUsd/nodes/proxyAccessor.h
    -- promoting: S:/jenkins/workspace/ecg-mayausd-branch-preflight-python3-windows/ecg-maya-usd/maya-usd/lib/mayaUsd/nodes/proxyShapeBase.h
    -- promoting: S:/jenkins/workspace/ecg-mayausd-branch-preflight-python3-windows/ecg-maya-usd/maya-usd/lib/mayaUsd/nodes/proxyShapePlugin.h
    -- promoting: S:/jenkins/workspace/ecg-mayausd-branch-preflight-python3-windows/ecg-maya-usd/maya-usd/lib/mayaUsd/nodes/proxyStageProvider.h
    -- promoting: S:/jenkins/workspace/ecg-mayausd-branch-preflight-python3-windows/ecg-maya-usd/maya-usd/lib/mayaUsd/nodes/stageData.h
    -- promoting: S:/jenkins/workspace/ecg-mayausd-branch-preflight-python3-windows/ecg-maya-usd/maya-usd/lib/mayaUsd/nodes/stageNode.h
    -- promoting: S:/jenkins/workspace/ecg-mayausd-branch-preflight-python3-windows/ecg-maya-usd/maya-usd/lib/mayaUsd/nodes/usdPrimProvider.h
    -- promoting: S:/jenkins/workspace/ecg-mayausd-branch-preflight-python3-windows/ecg-maya-usd/maya-usd/lib/mayaUsd/render/px_vp20/glslProgram.h
    -- promoting: S:/jenkins/workspace/ecg-mayausd-branch-preflight-python3-windows/ecg-maya-usd/maya-usd/lib/mayaUsd/render/px_vp20/utils.h
    -- promoting: S:/jenkins/workspace/ecg-mayausd-branch-preflight-python3-windows/ecg-maya-usd/maya-usd/lib/mayaUsd/render/px_vp20/utils_legacy.h
    -- promoting: S:/jenkins/workspace/ecg-mayausd-branch-preflight-python3-windows/ecg-maya-usd/maya-usd/lib/mayaUsd/render/pxrUsdMayaGL/batchRenderer.h
    -- promoting: S:/jenkins/workspace/ecg-mayausd-branch-preflight-python3-windows/ecg-maya-usd/maya-usd/lib/mayaUsd/render/pxrUsdMayaGL/debugCodes.h
    -- promoting: S:/jenkins/workspace/ecg-mayausd-branch-preflight-python3-windows/ecg-maya-usd/maya-usd/lib/mayaUsd/render/pxrUsdMayaGL/hdImagingShapeDrawOverride.h
    -- promoting: S:/jenkins/workspace/ecg-mayausd-branch-preflight-python3-windows/ecg-maya-usd/maya-usd/lib/mayaUsd/render/pxrUsdMayaGL/hdImagingShapeUI.h
    -- promoting: S:/jenkins/workspace/ecg-mayausd-branch-preflight-python3-windows/ecg-maya-usd/maya-usd/lib/mayaUsd/render/pxrUsdMayaGL/instancerImager.h
    -- promoting: S:/jenkins/workspace/ecg-mayausd-branch-preflight-python3-windows/ecg-maya-usd/maya-usd/lib/mayaUsd/render/pxrUsdMayaGL/instancerShapeAdapter.h
    -- promoting: S:/jenkins/workspace/ecg-mayausd-branch-preflight-python3-windows/ecg-maya-usd/maya-usd/lib/mayaUsd/render/pxrUsdMayaGL/proxyDrawOverride.h
    -- promoting: S:/jenkins/workspace/ecg-mayausd-branch-preflight-python3-windows/ecg-maya-usd/maya-usd/lib/mayaUsd/render/pxrUsdMayaGL/proxyShapeUI.h
    -- promoting: S:/jenkins/workspace/ecg-mayausd-branch-preflight-python3-windows/ecg-maya-usd/maya-usd/lib/mayaUsd/render/pxrUsdMayaGL/renderParams.h
    -- promoting: S:/jenkins/workspace/ecg-mayausd-branch-preflight-python3-windows/ecg-maya-usd/maya-usd/lib/mayaUsd/render/pxrUsdMayaGL/sceneDelegate.h
    -- promoting: S:/jenkins/workspace/ecg-mayausd-branch-preflight-python3-windows/ecg-maya-usd/maya-usd/lib/mayaUsd/render/pxrUsdMayaGL/shapeAdapter.h
    -- promoting: S:/jenkins/workspace/ecg-mayausd-branch-preflight-python3-windows/ecg-maya-usd/maya-usd/lib/mayaUsd/render/pxrUsdMayaGL/softSelectHelper.h
    -- promoting: S:/jenkins/workspace/ecg-mayausd-branch-preflight-python3-windows/ecg-maya-usd/maya-usd/lib/mayaUsd/render/pxrUsdMayaGL/usdProxyShapeAdapter.h
    -- promoting: S:/jenkins/workspace/ecg-mayausd-branch-preflight-python3-windows/ecg-maya-usd/maya-usd/lib/mayaUsd/render/pxrUsdMayaGL/userData.h
    -- promoting: S:/jenkins/workspace/ecg-mayausd-branch-preflight-python3-windows/ecg-maya-usd/maya-usd/lib/mayaUsd/render/vp2RenderDelegate/proxyRenderDelegate.h
    -- promoting: S:/jenkins/workspace/ecg-mayausd-branch-preflight-python3-windows/ecg-maya-usd/maya-usd/lib/mayaUsd/render/vp2ShaderFragments/shaderFragments.h
    -- promoting: S:/jenkins/workspace/ecg-mayausd-branch-preflight-python3-windows/ecg-maya-usd/maya-usd/lib/mayaUsd/ufe/Global.h
    -- promoting: S:/jenkins/workspace/ecg-mayausd-branch-preflight-python3-windows/ecg-maya-usd/maya-usd/lib/mayaUsd/ufe/ProxyShapeHandler.h
    -- promoting: S:/jenkins/workspace/ecg-mayausd-branch-preflight-python3-windows/ecg-maya-usd/maya-usd/lib/mayaUsd/ufe/ProxyShapeHierarchy.h
    -- promoting: S:/jenkins/workspace/ecg-mayausd-branch-preflight-python3-windows/ecg-maya-usd/maya-usd/lib/mayaUsd/ufe/ProxyShapeHierarchyHandler.h
    -- promoting: S:/jenkins/workspace/ecg-mayausd-branch-preflight-python3-windows/ecg-maya-usd/maya-usd/lib/mayaUsd/ufe/StagesSubject.h
    -- promoting: S:/jenkins/workspace/ecg-mayausd-branch-preflight-python3-windows/ecg-maya-usd/maya-usd/lib/mayaUsd/ufe/UsdHierarchy.h
    -- promoting: S:/jenkins/workspace/ecg-mayausd-branch-preflight-python3-windows/ecg-maya-usd/maya-usd/lib/mayaUsd/ufe/UsdHierarchyHandler.h
    -- promoting: S:/jenkins/workspace/ecg-mayausd-branch-preflight-python3-windows/ecg-maya-usd/maya-usd/lib/mayaUsd/ufe/UsdRootChildHierarchy.h
    -- promoting: S:/jenkins/workspace/ecg-mayausd-branch-preflight-python3-windows/ecg-maya-usd/maya-usd/lib/mayaUsd/ufe/UsdRotatePivotTranslateUndoableCommand.h
    -- promoting: S:/jenkins/workspace/ecg-mayausd-branch-preflight-python3-windows/ecg-maya-usd/maya-usd/lib/mayaUsd/ufe/UsdRotateUndoableCommand.h
    -- promoting: S:/jenkins/workspace/ecg-mayausd-branch-preflight-python3-windows/ecg-maya-usd/maya-usd/lib/mayaUsd/ufe/UsdScaleUndoableCommand.h
    -- promoting: S:/jenkins/workspace/ecg-mayausd-branch-preflight-python3-windows/ecg-maya-usd/maya-usd/lib/mayaUsd/ufe/UsdSceneItem.h
    -- promoting: S:/jenkins/workspace/ecg-mayausd-branch-preflight-python3-windows/ecg-maya-usd/maya-usd/lib/mayaUsd/ufe/UsdSceneItemOps.h
    -- promoting: S:/jenkins/workspace/ecg-mayausd-branch-preflight-python3-windows/ecg-maya-usd/maya-usd/lib/mayaUsd/ufe/UsdSceneItemOpsHandler.h
    -- promoting: S:/jenkins/workspace/ecg-mayausd-branch-preflight-python3-windows/ecg-maya-usd/maya-usd/lib/mayaUsd/ufe/UsdStageMap.h
    -- promoting: S:/jenkins/workspace/ecg-mayausd-branch-preflight-python3-windows/ecg-maya-usd/maya-usd/lib/mayaUsd/ufe/UsdTRSUndoableCommandBase.h
    -- promoting: S:/jenkins/workspace/ecg-mayausd-branch-preflight-python3-windows/ecg-maya-usd/maya-usd/lib/mayaUsd/ufe/UsdTransform3d.h
    -- promoting: S:/jenkins/workspace/ecg-mayausd-branch-preflight-python3-windows/ecg-maya-usd/maya-usd/lib/mayaUsd/ufe/UsdTransform3dHandler.h
    -- promoting: S:/jenkins/workspace/ecg-mayausd-branch-preflight-python3-windows/ecg-maya-usd/maya-usd/lib/mayaUsd/ufe/UsdTranslateUndoableCommand.h
    -- promoting: S:/jenkins/workspace/ecg-mayausd-branch-preflight-python3-windows/ecg-maya-usd/maya-usd/lib/mayaUsd/ufe/UsdUndoDeleteCommand.h
    -- promoting: S:/jenkins/workspace/ecg-mayausd-branch-preflight-python3-windows/ecg-maya-usd/maya-usd/lib/mayaUsd/ufe/UsdUndoDuplicateCommand.h
    -- promoting: S:/jenkins/workspace/ecg-mayausd-branch-preflight-python3-windows/ecg-maya-usd/maya-usd/lib/mayaUsd/ufe/UsdUndoRenameCommand.h
    -- promoting: S:/jenkins/workspace/ecg-mayausd-branch-preflight-python3-windows/ecg-maya-usd/maya-usd/lib/mayaUsd/ufe/Utils.h
    -- promoting: S:/jenkins/workspace/ecg-mayausd-branch-preflight-python3-windows/ecg-maya-usd/maya-usd/lib/mayaUsd/ufe/UfeVersionCompat.h
    -- promoting: S:/jenkins/workspace/ecg-mayausd-branch-preflight-python3-windows/ecg-maya-usd/maya-usd/lib/mayaUsd/ufe/ProxyShapeContextOpsHandler.h
    -- promoting: S:/jenkins/workspace/ecg-mayausd-branch-preflight-python3-windows/ecg-maya-usd/maya-usd/lib/mayaUsd/ufe/RotationUtils.h
    -- promoting: S:/jenkins/workspace/ecg-mayausd-branch-preflight-python3-windows/ecg-maya-usd/maya-usd/lib/mayaUsd/ufe/UsdAttribute.h
    -- promoting: S:/jenkins/workspace/ecg-mayausd-branch-preflight-python3-windows/ecg-maya-usd/maya-usd/lib/mayaUsd/ufe/UsdAttributes.h
    -- promoting: S:/jenkins/workspace/ecg-mayausd-branch-preflight-python3-windows/ecg-maya-usd/maya-usd/lib/mayaUsd/ufe/UsdAttributesHandler.h
    -- promoting: S:/jenkins/workspace/ecg-mayausd-branch-preflight-python3-windows/ecg-maya-usd/maya-usd/lib/mayaUsd/ufe/UsdContextOps.h
    -- promoting: S:/jenkins/workspace/ecg-mayausd-branch-preflight-python3-windows/ecg-maya-usd/maya-usd/lib/mayaUsd/ufe/UsdContextOpsHandler.h
    -- promoting: S:/jenkins/workspace/ecg-mayausd-branch-preflight-python3-windows/ecg-maya-usd/maya-usd/lib/mayaUsd/ufe/UsdObject3d.h
    -- promoting: S:/jenkins/workspace/ecg-mayausd-branch-preflight-python3-windows/ecg-maya-usd/maya-usd/lib/mayaUsd/ufe/UsdObject3dHandler.h
    -- promoting: S:/jenkins/workspace/ecg-mayausd-branch-preflight-python3-windows/ecg-maya-usd/maya-usd/lib/mayaUsd/ufe/UsdTransform3dBase.h
    -- promoting: S:/jenkins/workspace/ecg-mayausd-branch-preflight-python3-windows/ecg-maya-usd/maya-usd/lib/mayaUsd/ufe/UsdTransform3dCommonAPI.h
    -- promoting: S:/jenkins/workspace/ecg-mayausd-branch-preflight-python3-windows/ecg-maya-usd/maya-usd/lib/mayaUsd/ufe/UsdTransform3dFallbackMayaXformStack.h
    -- promoting: S:/jenkins/workspace/ecg-mayausd-branch-preflight-python3-windows/ecg-maya-usd/maya-usd/lib/mayaUsd/ufe/UsdTransform3dMatrixOp.h
    -- promoting: S:/jenkins/workspace/ecg-mayausd-branch-preflight-python3-windows/ecg-maya-usd/maya-usd/lib/mayaUsd/ufe/UsdTransform3dMayaXformStack.h
    -- promoting: S:/jenkins/workspace/ecg-mayausd-branch-preflight-python3-windows/ecg-maya-usd/maya-usd/lib/mayaUsd/ufe/UsdUIInfoHandler.h
    -- promoting: S:/jenkins/workspace/ecg-mayausd-branch-preflight-python3-windows/ecg-maya-usd/maya-usd/lib/mayaUsd/ufe/UsdUndoAddNewPrimCommand.h
    -- promoting: S:/jenkins/workspace/ecg-mayausd-branch-preflight-python3-windows/ecg-maya-usd/maya-usd/lib/mayaUsd/ufe/UsdUndoCreateGroupCommand.h
    -- promoting: S:/jenkins/workspace/ecg-mayausd-branch-preflight-python3-windows/ecg-maya-usd/maya-usd/lib/mayaUsd/ufe/UsdUndoInsertChildCommand.h
    -- promoting: S:/jenkins/workspace/ecg-mayausd-branch-preflight-python3-windows/ecg-maya-usd/maya-usd/lib/mayaUsd/ufe/UsdUndoReorderCommand.h
    -- promoting: S:/jenkins/workspace/ecg-mayausd-branch-preflight-python3-windows/ecg-maya-usd/maya-usd/lib/mayaUsd/ufe/UsdUndoSetKindCommand.h
    -- promoting: S:/jenkins/workspace/ecg-mayausd-branch-preflight-python3-windows/ecg-maya-usd/maya-usd/lib/mayaUsd/ufe/UsdUndoVisibleCommand.h
    -- promoting: S:/jenkins/workspace/ecg-mayausd-branch-preflight-python3-windows/ecg-maya-usd/maya-usd/lib/mayaUsd/ufe/UsdCamera.h
    -- promoting: S:/jenkins/workspace/ecg-mayausd-branch-preflight-python3-windows/ecg-maya-usd/maya-usd/lib/mayaUsd/ufe/UsdCameraHandler.h
    -- promoting: S:/jenkins/workspace/ecg-mayausd-branch-preflight-python3-windows/ecg-maya-usd/maya-usd/lib/mayaUsd/undo/UsdUndoBlock.h
    -- promoting: S:/jenkins/workspace/ecg-mayausd-branch-preflight-python3-windows/ecg-maya-usd/maya-usd/lib/mayaUsd/undo/UsdUndoManager.h
    -- promoting: S:/jenkins/workspace/ecg-mayausd-branch-preflight-python3-windows/ecg-maya-usd/maya-usd/lib/mayaUsd/undo/UsdUndoStateDelegate.h
    -- promoting: S:/jenkins/workspace/ecg-mayausd-branch-preflight-python3-windows/ecg-maya-usd/maya-usd/lib/mayaUsd/undo/UsdUndoableItem.h
    -- promoting: S:/jenkins/workspace/ecg-mayausd-branch-preflight-python3-windows/ecg-maya-usd/maya-usd/lib/mayaUsd/utils/blockSceneModificationContext.h
    -- promoting: S:/jenkins/workspace/ecg-mayausd-branch-preflight-python3-windows/ecg-maya-usd/maya-usd/lib/mayaUsd/utils/colorSpace.h
    -- promoting: S:/jenkins/workspace/ecg-mayausd-branch-preflight-python3-windows/ecg-maya-usd/maya-usd/lib/mayaUsd/utils/converter.h
    -- promoting: S:/jenkins/workspace/ecg-mayausd-branch-preflight-python3-windows/ecg-maya-usd/maya-usd/lib/mayaUsd/utils/diagnosticDelegate.h
    -- promoting: S:/jenkins/workspace/ecg-mayausd-branch-preflight-python3-windows/ecg-maya-usd/maya-usd/lib/mayaUsd/utils/query.h
    -- promoting: S:/jenkins/workspace/ecg-mayausd-branch-preflight-python3-windows/ecg-maya-usd/maya-usd/lib/mayaUsd/utils/plugRegistryHelper.h
    -- promoting: S:/jenkins/workspace/ecg-mayausd-branch-preflight-python3-windows/ecg-maya-usd/maya-usd/lib/mayaUsd/utils/stageCache.h
    -- promoting: S:/jenkins/workspace/ecg-mayausd-branch-preflight-python3-windows/ecg-maya-usd/maya-usd/lib/mayaUsd/utils/undoHelperCommand.h
    -- promoting: S:/jenkins/workspace/ecg-mayausd-branch-preflight-python3-windows/ecg-maya-usd/maya-usd/lib/mayaUsd/utils/util.h
    -- promoting: S:/jenkins/workspace/ecg-mayausd-branch-preflight-python3-windows/ecg-maya-usd/maya-usd/lib/mayaUsd/utils/utilFileSystem.h
    -- promoting: S:/jenkins/workspace/ecg-mayausd-branch-preflight-python3-windows/ecg-maya-usd/maya-usd/lib/usd/hdMaya/api.h
    -- promoting: S:/jenkins/workspace/ecg-mayausd-branch-preflight-python3-windows/ecg-maya-usd/maya-usd/lib/usd/hdMaya/utils.h
    -- promoting: S:/jenkins/workspace/ecg-mayausd-branch-preflight-python3-windows/ecg-maya-usd/maya-usd/lib/usd/hdMaya/debugCodes.h
    -- promoting: S:/jenkins/workspace/ecg-mayausd-branch-preflight-python3-windows/ecg-maya-usd/maya-usd/lib/usd/hdMaya/adapters/adapter.h
    -- promoting: S:/jenkins/workspace/ecg-mayausd-branch-preflight-python3-windows/ecg-maya-usd/maya-usd/lib/usd/hdMaya/adapters/adapterDebugCodes.h
    -- promoting: S:/jenkins/workspace/ecg-mayausd-branch-preflight-python3-windows/ecg-maya-usd/maya-usd/lib/usd/hdMaya/adapters/adapterRegistry.h
    -- promoting: S:/jenkins/workspace/ecg-mayausd-branch-preflight-python3-windows/ecg-maya-usd/maya-usd/lib/usd/hdMaya/adapters/constantShadowMatrix.h
    -- promoting: S:/jenkins/workspace/ecg-mayausd-branch-preflight-python3-windows/ecg-maya-usd/maya-usd/lib/usd/hdMaya/adapters/dagAdapter.h
    -- promoting: S:/jenkins/workspace/ecg-mayausd-branch-preflight-python3-windows/ecg-maya-usd/maya-usd/lib/usd/hdMaya/adapters/lightAdapter.h
    -- promoting: S:/jenkins/workspace/ecg-mayausd-branch-preflight-python3-windows/ecg-maya-usd/maya-usd/lib/usd/hdMaya/adapters/proxyAdapter.h
    -- promoting: S:/jenkins/workspace/ecg-mayausd-branch-preflight-python3-windows/ecg-maya-usd/maya-usd/lib/usd/hdMaya/adapters/materialAdapter.h
    -- promoting: S:/jenkins/workspace/ecg-mayausd-branch-preflight-python3-windows/ecg-maya-usd/maya-usd/lib/usd/hdMaya/adapters/materialNetworkConverter.h
    -- promoting: S:/jenkins/workspace/ecg-mayausd-branch-preflight-python3-windows/ecg-maya-usd/maya-usd/lib/usd/hdMaya/adapters/mayaAttrs.h
    -- promoting: S:/jenkins/workspace/ecg-mayausd-branch-preflight-python3-windows/ecg-maya-usd/maya-usd/lib/usd/hdMaya/adapters/shapeAdapter.h
    -- promoting: S:/jenkins/workspace/ecg-mayausd-branch-preflight-python3-windows/ecg-maya-usd/maya-usd/lib/usd/hdMaya/adapters/tokens.h
    -- promoting: S:/jenkins/workspace/ecg-mayausd-branch-preflight-python3-windows/ecg-maya-usd/maya-usd/lib/usd/hdMaya/delegates/delegate.h
    -- promoting: S:/jenkins/workspace/ecg-mayausd-branch-preflight-python3-windows/ecg-maya-usd/maya-usd/lib/usd/hdMaya/delegates/delegateCtx.h
    -- promoting: S:/jenkins/workspace/ecg-mayausd-branch-preflight-python3-windows/ecg-maya-usd/maya-usd/lib/usd/hdMaya/delegates/delegateDebugCodes.h
    -- promoting: S:/jenkins/workspace/ecg-mayausd-branch-preflight-python3-windows/ecg-maya-usd/maya-usd/lib/usd/hdMaya/delegates/delegateRegistry.h
    -- promoting: S:/jenkins/workspace/ecg-mayausd-branch-preflight-python3-windows/ecg-maya-usd/maya-usd/lib/usd/hdMaya/delegates/params.h
    -- promoting: S:/jenkins/workspace/ecg-mayausd-branch-preflight-python3-windows/ecg-maya-usd/maya-usd/lib/usd/hdMaya/delegates/proxyDelegate.h
    -- promoting: S:/jenkins/workspace/ecg-mayausd-branch-preflight-python3-windows/ecg-maya-usd/maya-usd/lib/usd/hdMaya/delegates/proxyUsdImagingDelegate.h
    -- promoting: S:/jenkins/workspace/ecg-mayausd-branch-preflight-python3-windows/ecg-maya-usd/maya-usd/lib/usd/hdMaya/delegates/sceneDelegate.h
    -- promoting: S:/jenkins/workspace/ecg-mayausd-branch-preflight-python3-windows/ecg-maya-usd/maya-usd/lib/usd/hdMaya/delegates/testDelegate.h
    -- promoting: S:/jenkins/workspace/ecg-mayausd-branch-preflight-python3-windows/ecg-maya-usd/maya-usd/lib/usd/pxrUsdPreviewSurface/usdPreviewSurface.h
    -- promoting: S:/jenkins/workspace/ecg-mayausd-branch-preflight-python3-windows/ecg-maya-usd/maya-usd/lib/usd/pxrUsdPreviewSurface/usdPreviewSurfacePlugin.h
    -- Found Boost 1.70.0 at P:/shared/Artifactory/Windows/USD/dbfa571/lib/cmake/Boost-1.70.0
    --   Requested configuration: QUIET REQUIRED COMPONENTS filesystem;system
    -- Found boost_headers 1.70.0 at P:/shared/Artifactory/Windows/USD/dbfa571/lib/cmake/boost_headers-1.70.0
    -- Found boost_filesystem 1.70.0 at P:/shared/Artifactory/Windows/USD/dbfa571/lib/cmake/boost_filesystem-1.70.0
    --   boost_filesystem-vc141-mt-gyd-x64-1_70.lib
    -- Adding boost_filesystem dependencies: headers
    -- Found boost_system 1.70.0 at P:/shared/Artifactory/Windows/USD/dbfa571/lib/cmake/boost_system-1.70.0
    --   boost_system-vc141-mt-gyd-x64-1_70.lib
    -- Adding boost_system dependencies: headers
    -- Boost  found.
    -- Found Boost components:
       filesystem;system
    -- promoting: S:/jenkins/workspace/ecg-mayausd-branch-preflight-python3-windows/ecg-maya-usd/maya-usd/lib/usd/schemas/api.h
    -- promoting: S:/jenkins/workspace/ecg-mayausd-branch-preflight-python3-windows/ecg-maya-usd/maya-usd/lib/usd/schemas/ALMayaReference.h
    -- promoting: S:/jenkins/workspace/ecg-mayausd-branch-preflight-python3-windows/ecg-maya-usd/maya-usd/lib/usd/schemas/MayaReference.h
    -- promoting: S:/jenkins/workspace/ecg-mayausd-branch-preflight-python3-windows/ecg-maya-usd/maya-usd/lib/usd/schemas/tokens.h
    P:/shared/Artifactory/Windows/USD/dbfa571/bin/usdGenSchema:975: ResourceWarning: unclosed file <_io.TextIOWrapper name='W:\\build\\Debug\\lib\\usd\\schemas\\plugInfo.json' mode='r' encoding='cp1252'>
      infoLines = open(plugInfoFile).readlines()
    ResourceWarning: Enable tracemalloc to get the object allocation traceback
    P:/shared/Artifactory/Windows/USD/dbfa571/bin/usdGenSchema:703: ResourceWarning: unclosed file <_io.TextIOWrapper name='W:\\build\\Debug\\lib\\usd\\schemas\\plugInfo.json' mode='r' encoding='cp1252'>
      existingContent = open(filePath, 'r').read()
    ResourceWarning: Enable tracemalloc to get the object allocation traceback
    Processing schema classes:
    MayaReference, ALMayaReference
    Loading Templates from p:\shared\Artifactory\Windows\USD\dbfa571\lib\usd\usd\resources\codegenTemplates
    Writing API:
    	    wrote W:\build\Debug\lib\usd\schemas\api.h
    Writing Schema Tokens:
    	    wrote W:\build\Debug\lib\usd\schemas\tokens.h
    	    wrote W:\build\Debug\lib\usd\schemas\tokens.cpp
    	    wrote W:\build\Debug\lib\usd\schemas\wrapTokens.cpp
    Generating Classes:
    	    wrote W:\build\Debug\lib\usd\schemas\MayaReference.h
    	    wrote W:\build\Debug\lib\usd\schemas\MayaReference.cpp
    	    wrote W:\build\Debug\lib\usd\schemas\wrapMayaReference.cpp
    	    wrote W:\build\Debug\lib\usd\schemas\ALMayaReference.h
    	    wrote W:\build\Debug\lib\usd\schemas\ALMayaReference.cpp
    	    wrote W:\build\Debug\lib\usd\schemas\wrapALMayaReference.cpp
    	    wrote W:\build\Debug\lib\usd\schemas\plugInfo.json
    Generating Schematics:
    	    wrote W:\build\Debug\lib\usd\schemas\generatedSchema.usda
    -- promoting: S:/jenkins/workspace/ecg-mayausd-branch-preflight-python3-windows/ecg-maya-usd/maya-usd/lib/usd/utils/ALHalf.h
    -- promoting: S:/jenkins/workspace/ecg-mayausd-branch-preflight-python3-windows/ecg-maya-usd/maya-usd/lib/usd/utils/Api.h
    -- promoting: S:/jenkins/workspace/ecg-mayausd-branch-preflight-python3-windows/ecg-maya-usd/maya-usd/lib/usd/utils/DebugCodes.h
    -- promoting: S:/jenkins/workspace/ecg-mayausd-branch-preflight-python3-windows/ecg-maya-usd/maya-usd/lib/usd/utils/DiffCore.h
    -- promoting: S:/jenkins/workspace/ecg-mayausd-branch-preflight-python3-windows/ecg-maya-usd/maya-usd/lib/usd/utils/ForwardDeclares.h
    -- promoting: S:/jenkins/workspace/ecg-mayausd-branch-preflight-python3-windows/ecg-maya-usd/maya-usd/lib/usd/utils/SIMD.h
    -- promoting: S:/jenkins/workspace/ecg-mayausd-branch-preflight-python3-windows/ecg-maya-usd/maya-usd/lib/usd/utils/util.h
    -- promoting: S:/jenkins/workspace/ecg-mayausd-branch-preflight-python3-windows/ecg-maya-usd/maya-usd/lib/usd/ui/importDialog/IMayaMQtUtil.h
    -- promoting: S:/jenkins/workspace/ecg-mayausd-branch-preflight-python3-windows/ecg-maya-usd/maya-usd/lib/usd/ui/importDialog/ItemDelegate.h
    -- promoting: S:/jenkins/workspace/ecg-mayausd-branch-preflight-python3-windows/ecg-maya-usd/maya-usd/lib/usd/ui/importDialog/IUSDImportView.h
    -- promoting: S:/jenkins/workspace/ecg-mayausd-branch-preflight-python3-windows/ecg-maya-usd/maya-usd/lib/usd/ui/importDialog/TreeItem.h
    -- promoting: S:/jenkins/workspace/ecg-mayausd-branch-preflight-python3-windows/ecg-maya-usd/maya-usd/lib/usd/ui/importDialog/TreeModel.h
    -- promoting: S:/jenkins/workspace/ecg-mayausd-branch-preflight-python3-windows/ecg-maya-usd/maya-usd/lib/usd/ui/importDialog/TreeModelFactory.h
    -- promoting: S:/jenkins/workspace/ecg-mayausd-branch-preflight-python3-windows/ecg-maya-usd/maya-usd/lib/usd/ui/importDialog/USDImportDialog.h
    -- promoting: S:/jenkins/workspace/ecg-mayausd-branch-preflight-python3-windows/ecg-maya-usd/maya-usd/lib/usd/ui/importDialog/USDImportDialogCmd.h
    -- promoting: S:/jenkins/workspace/ecg-mayausd-branch-preflight-python3-windows/ecg-maya-usd/maya-usd/lib/usd/ui/importDialog/USDQtUtil.h
    -- promoting: S:/jenkins/workspace/ecg-mayausd-branch-preflight-python3-windows/ecg-maya-usd/maya-usd/lib/usd/ui/api.h
    -- promoting: S:/jenkins/workspace/ecg-mayausd-branch-preflight-python3-windows/ecg-maya-usd/maya-usd/lib/usd/ui/initStringResources.h
    ========== Pixar USD Plugin ==========
    Compiling 'W:/build/Debug/plugin/pxr/__init__.py'...
    ========== AL USD Plugin ==========
    CMake Deprecation Warning at plugin/al/CMakeLists.txt:7 (cmake_policy):
      The OLD behavior for policy CMP0026 will be removed from a future version
      of CMake.
    
      The cmake-policies(7) manual explains that the OLD behaviors of all
      policies are deprecated and that a policy should be set to OLD only under
      specific short-term circumstances.  Projects should be ported to the NEW
      behavior and not rely on setting a policy to OLD.
    
    
    -- Found Boost 1.70.0 at P:/shared/Artifactory/Windows/USD/dbfa571/lib/cmake/Boost-1.70.0
    --   Requested configuration: QUIET REQUIRED
    -- Found boost_headers 1.70.0 at P:/shared/Artifactory/Windows/USD/dbfa571/lib/cmake/boost_headers-1.70.0
    -- Boost  found.
    -- Found Boost 1.70.0 at P:/shared/Artifactory/Windows/USD/dbfa571/lib/cmake/Boost-1.70.0
    --   Requested configuration: QUIET REQUIRED COMPONENTS thread;filesystem;system;chrono;date_time;python
    -- Found boost_thread 1.70.0 at P:/shared/Artifactory/Windows/USD/dbfa571/lib/cmake/boost_thread-1.70.0
    --   boost_thread-vc141-mt-gyd-x64-1_70.lib
    -- Adding boost_thread dependencies: chrono;headers
    -- Found boost_chrono 1.70.0 at P:/shared/Artifactory/Windows/USD/dbfa571/lib/cmake/boost_chrono-1.70.0
    --   boost_chrono-vc141-mt-gyd-x64-1_70.lib
    -- Adding boost_chrono dependencies: headers
    -- Found boost_filesystem 1.70.0 at P:/shared/Artifactory/Windows/USD/dbfa571/lib/cmake/boost_filesystem-1.70.0
    --   boost_filesystem-vc141-mt-gyd-x64-1_70.lib
    -- Adding boost_filesystem dependencies: headers
    -- Found boost_system 1.70.0 at P:/shared/Artifactory/Windows/USD/dbfa571/lib/cmake/boost_system-1.70.0
    --   boost_system-vc141-mt-gyd-x64-1_70.lib
    -- Adding boost_system dependencies: headers
    -- Found boost_date_time 1.70.0 at P:/shared/Artifactory/Windows/USD/dbfa571/lib/cmake/boost_date_time-1.70.0
    --   boost_date_time-vc141-mt-gyd-x64-1_70.lib
    -- Adding boost_date_time dependencies: headers
    -- Found boost_python 1.70.0 at P:/shared/Artifactory/Windows/USD/dbfa571/lib/cmake/boost_python-1.70.0
    --   boost_python37-vc141-mt-gyd-x64-1_70.lib
    -- Adding boost_python dependencies: headers
    -- Boost  found.
    -- Found Boost components:
       thread;filesystem;system;chrono;date_time;python
    -- Found GTest: W:/build/Debug/googletest-install/lib/gtestd.lib
    Compiling 'W:/build/Debug/plugin/al/lib/AL_USDMaya/lib/python/AL/usdmaya/__init__.py'...
    -- Building AL_USDMayaSchemas
    P:/shared/Artifactory/Windows/USD/dbfa571/bin/usdGenSchema:975: ResourceWarning: unclosed file <_io.TextIOWrapper name='W:\\build\\Debug\\plugin\\al\\schemas\\AL\\usd\\schemas\\maya\\plugInfo.json' mode='r' encoding='cp1252'>
      infoLines = open(plugInfoFile).readlines()
    ResourceWarning: Enable tracemalloc to get the object allocation traceback
    P:/shared/Artifactory/Windows/USD/dbfa571/bin/usdGenSchema:703: ResourceWarning: unclosed file <_io.TextIOWrapper name='W:\\build\\Debug\\plugin\\al\\schemas\\AL\\usd\\schemas\\maya\\plugInfo.json' mode='r' encoding='cp1252'>
      existingContent = open(filePath, 'r').read()
    ResourceWarning: Enable tracemalloc to get the object allocation traceback
    Processing schema classes:
    ALModelAPI, ALFrameRange
    Loading Templates from p:\shared\Artifactory\Windows\USD\dbfa571\lib\usd\usd\resources\codegenTemplates
    Writing API:
    	    wrote W:\build\Debug\plugin\al\schemas\AL\usd\schemas\maya\api.h
    Writing Schema Tokens:
    	    wrote W:\build\Debug\plugin\al\schemas\AL\usd\schemas\maya\tokens.h
    	    wrote W:\build\Debug\plugin\al\schemas\AL\usd\schemas\maya\tokens.cpp
    	    wrote W:\build\Debug\plugin\al\schemas\AL\usd\schemas\maya\wrapTokens.cpp
    Generating Classes:
    	    wrote W:\build\Debug\plugin\al\schemas\AL\usd\schemas\maya\ModelAPI.h
    	    wrote W:\build\Debug\plugin\al\schemas\AL\usd\schemas\maya\ModelAPI.cpp
    	    wrote W:\build\Debug\plugin\al\schemas\AL\usd\schemas\maya\wrapModelAPI.cpp
    	    wrote W:\build\Debug\plugin\al\schemas\AL\usd\schemas\maya\FrameRange.h
    	    wrote W:\build\Debug\plugin\al\schemas\AL\usd\schemas\maya\FrameRange.cpp
    	    wrote W:\build\Debug\plugin\al\schemas\AL\usd\schemas\maya\wrapFrameRange.cpp
    	    wrote W:\build\Debug\plugin\al\schemas\AL\usd\schemas\maya\plugInfo.json
    Generating Schematics:
    	    wrote W:\build\Debug\plugin\al\schemas\AL\usd\schemas\maya\generatedSchema.usda
    Compiling 'W:/build/Debug/AL/usd/schemas/maya/__init__.py'...
    Compiling 'W:/build/Debug/AL/__init__.py'...
    Compiling 'W:/build/Debug/AL/usd/__init__.py'...
    Compiling 'W:/build/Debug/AL/usd/schemas/__init__.py'...
    P:/shared/Artifactory/Windows/USD/dbfa571/bin/usdGenSchema:975: ResourceWarning: unclosed file <_io.TextIOWrapper name='W:\\build\\Debug\\plugin\\al\\schemas\\AL\\usd\\schemas\\mayatest\\plugInfo.json' mode='r' encoding='cp1252'>
      infoLines = open(plugInfoFile).readlines()
    ResourceWarning: Enable tracemalloc to get the object allocation traceback
    P:/shared/Artifactory/Windows/USD/dbfa571/bin/usdGenSchema:703: ResourceWarning: unclosed file <_io.TextIOWrapper name='W:\\build\\Debug\\plugin\\al\\schemas\\AL\\usd\\schemas\\mayatest\\plugInfo.json' mode='r' encoding='cp1252'>
      existingContent = open(filePath, 'r').read()
    ResourceWarning: Enable tracemalloc to get the object allocation traceback
    Processing schema classes:
    ALExamplePolyCubeNode
    Loading Templates from p:\shared\Artifactory\Windows\USD\dbfa571\lib\usd\usd\resources\codegenTemplates
    Writing API:
    	    wrote W:\build\Debug\plugin\al\schemas\AL\usd\schemas\mayatest\api.h
    Writing Schema Tokens:
    	    wrote W:\build\Debug\plugin\al\schemas\AL\usd\schemas\mayatest\tokens.h
    	    wrote W:\build\Debug\plugin\al\schemas\AL\usd\schemas\mayatest\tokens.cpp
    	    wrote W:\build\Debug\plugin\al\schemas\AL\usd\schemas\mayatest\wrapTokens.cpp
    Generating Classes:
    	    wrote W:\build\Debug\plugin\al\schemas\AL\usd\schemas\mayatest\ExamplePolyCubeNode.h
    	    wrote W:\build\Debug\plugin\al\schemas\AL\usd\schemas\mayatest\ExamplePolyCubeNode.cpp
    	    wrote W:\build\Debug\plugin\al\schemas\AL\usd\schemas\mayatest\wrapExamplePolyCubeNode.cpp
    	unchanged W:\build\Debug\plugin\al\schemas\AL\usd\schemas\mayatest\plugInfo.json
    Generating Schematics:
    	    wrote W:\build\Debug\plugin\al\schemas\AL\usd\schemas\mayatest\generatedSchema.usda
    Compiling 'W:/build/Debug/AL/usd/schemas/mayatest/__init__.py'...
    Compiling 'W:/build/Debug/AL/__init__.py'...
    Compiling 'W:/build/Debug/AL/usd/__init__.py'...
    Compiling 'W:/build/Debug/AL/usd/schemas/__init__.py'...
    -- Building AL_USDMayaTranslators
    ========== ADSK USD Plugin ==========
    -- Configuring done
    -- Generating done
    -- Build files have been written to: W:/build/Debug
    
        Building with settings:
          Source directory          S:\jenkins\workspace\ecg-mayausd-branch-preflight-python3-windows\ecg-maya-usd\maya-usd
          Workspace directory       W:\
          Build directory           W:\build\Debug
          Install directory         W:\install\Debug\MayaUSD
          Variant                   Debug
          Python Debug              On
          CMake generator           Ninja
          Build arguments           ['-DCMAKE_MAKE_PROGRAM=P:/shared/Artifactory/Windows/ninja/1.9.0/c68f192/ninja.exe', '-DPYTHON_INCLUDE_DIR=P:/shared/Artifactory/Windows/rundev-master-debug/202101281515/runtime/90c9482/runTime/include/Python37/Python', '-DPython_EXECUTABLE=P:/shared/Artifactory/Windows/rundev-master-debug/202101281515/runtime/90c9482/runTime/bin/mayapy.exe', '-DPYTHON_LIBRARIES=P:/shared/Artifactory/Windows/rundev-master-debug/202101281515/runtime/90c9482/runTime/lib/python37_d.lib', '-DBUILD_WITH_PYTHON_3=ON', '-DMAYAUSD_TO_USD_RELATIVE_PATH=../USD']
          Stages arguments          ['configure']
          CTest arguments           ['-E testUsdReferenceAssemblySelection|testUsdMayaAppDir|testUsdExportAsClip', '-LE interactive', '--parallel 16']
    Success MayaUSD build and install !!!!
    Elapsed time: 00:00:58
Deleting subst P:
Deleting subst W:
[Pipeline] }
[Pipeline] // withEnv
[Pipeline] withEnv
[Pipeline] {
[Pipeline] bat
[ecg-mayausd-branch-preflight-python3-windows] Running batch script
Subst W: S:\jenkins\workspace\ecg-mayausd-branch-preflight-python3-windows
Subst P: S:\jenkins\workspace
"C:\Program Files (x86)\Microsoft Visual Studio\2017\Professional\VC\Auxiliary\Build\vcvarsall.bat" x64
**********************************************************************
** Visual Studio 2017 Developer Command Prompt v15.9.15
** Copyright (c) 2017 Microsoft Corporation
**********************************************************************
[vcvarsall.bat] Environment initialized for: 'x64'
python ecg-maya-usd/build.py --stages=configure --workspace-dir=W:\ --artifactory-dir=P:\shared\Artifactory --build-dir=W:\build --install-dir=W:\install --signing-dir=W:\signing --package-dir=W:\package --output-dir=W:\output --stash-dir=W:\stash --jenkins-build=551 --git-commit=73724abab2382ff599f9e54eb6f74553d00e9f91 --git-branch=master --variants=RelWithDebInfo --python=3 --maya-cut-config=maya-rundev-master.yaml --stage-banner
Using Maya cut from P:\shared\Artifactory\Windows\rundev-master\202101280915\runtime\c1c0faa

================================================================================
                           configure (RelWithDebInfo)
================================================================================
running configure stage....................
Maya Python RelWithDebInfo Info:
  mayapy executable   = P:\shared\Artifactory\Windows\rundev-master\202101280915\runtime\c1c0faa\runTime\bin\mayapy.exe
  Include Folder      = P:\shared\Artifactory\Windows\rundev-master\202101280915\runtime\c1c0faa\runTime\include\Python37\Python
  Library             = P:\shared\Artifactory\Windows\rundev-master\202101280915\runtime\c1c0faa\runTime\lib\python37.lib
  site-package Folder = P:\shared\Artifactory\Windows\rundev-master\202101280915\runtime\c1c0faa\runTime\Python37\Lib\site-packages
In workdir: S:\jenkins\workspace\ecg-mayausd-branch-preflight-python3-windows\ecg-maya-usd\maya-usd
Executing: 'P:\\shared\\Artifactory\\Windows\\rundev-master\\202101280915\\runtime\\c1c0faa\\runTime\\bin\\mayapy.exe' 'S:\\jenkins\\workspace\\ecg-mayausd-branch-preflight-python3-windows\\ecg-maya-usd\\maya-usd\\build.py' --generator Ninja --build-relwithdebug --maya-location 'P:\\shared\\Artifactory\\Windows\\rundev-master\\202101280915\\runtime\\c1c0faa\\runTime' --devkit-location 'P:\\shared\\Artifactory\\Windows\\rundev-master\\202101280915\\runtime\\c1c0faa\\devkitBase' --pxrusd-location 'P:\\shared\\Artifactory\\Windows\\USD\\a6d0475' --qt-location 'P:\\shared\\Artifactory\\Windows\\qt\\5.15.2\\28999d0' '--build-args=-DCMAKE_MAKE_PROGRAM=P:/shared/Artifactory/Windows/ninja/1.9.0/c68f192/ninja.exe,-DPYTHON_INCLUDE_DIR=P:/shared/Artifactory/Windows/rundev-master/202101280915/runtime/c1c0faa/runTime/include/Python37/Python,-DPython_EXECUTABLE=P:/shared/Artifactory/Windows/rundev-master/202101280915/runtime/c1c0faa/runTime/bin/mayapy.exe,-DPYTHON_LIBRARIES=P:/shared/Artifactory/Windows/rundev-master/202101280915/runtime/c1c0faa/runTime/lib/python37.lib,-DBUILD_WITH_PYTHON_3=ON,-DMAYAUSD_TO_USD_RELATIVE_PATH=../USD' '--ctest-args=-E testUsdReferenceAssemblySelection|testUsdMayaAppDir|testUsdExportAsClip,-LE interactive,--parallel 16' --stages=configure --redirect-outstream-file=False --install-location 'W:\\install\\RelWithDebInfo\\MayaUSD' 'W:\\'
Modified environment variables:
    PATH=P:\shared\Artifactory\Windows\cmake\3.14.4\c5af748\bin;C:\Python27\lib\site-packages\pywin32_system32;C:\Program Files (x86)\Microsoft Visual Studio\2017\Professional\VC\Tools\MSVC\14.16.27023\bin\HostX64\x64;C:\Program Files (x86)\Microsoft Visual Studio\2017\Professional\Common7\IDE\VC\VCPackages;C:\Program Files (x86)\Microsoft Visual Studio\2017\Professional\Common7\IDE\CommonExtensions\Microsoft\TestWindow;C:\Program Files (x86)\Microsoft Visual Studio\2017\Professional\Common7\IDE\CommonExtensions\Microsoft\TeamFoundation\Team Explorer;C:\Program Files (x86)\Microsoft Visual Studio\2017\Professional\MSBuild\15.0\bin\Roslyn;C:\Program Files (x86)\Microsoft Visual Studio\2017\Professional\Team Tools\Performance Tools\x64;C:\Program Files (x86)\Microsoft Visual Studio\2017\Professional\Team Tools\Performance Tools;C:\Program Files (x86)\Microsoft Visual Studio\Shared\Common\VSPerfCollectionTools\\x64;C:\Program Files (x86)\Microsoft Visual Studio\Shared\Common\VSPerfCollectionTools\;C:\Program Files (x86)\Microsoft SDKs\Windows\v10.0A\bin\NETFX 4.6.1 Tools\x64\;C:\Program Files (x86)\HTML Help Workshop;C:\Program Files (x86)\Windows Kits\10\bin\10.0.17763.0\x64;C:\Program Files (x86)\Windows Kits\10\bin\x64;C:\Program Files (x86)\Microsoft Visual Studio\2017\Professional\\MSBuild\15.0\bin;C:\WINDOWS\Microsoft.NET\Framework64\v4.0.30319;C:\Program Files (x86)\Microsoft Visual Studio\2017\Professional\Common7\IDE\;C:\Program Files (x86)\Microsoft Visual Studio\2017\Professional\Common7\Tools\;C:\Python27\;C:\Python27\Scripts;C:\Program Files (x86)\Common Files\Oracle\Java\javapath;C:\WINDOWS\system32;C:\WINDOWS;C:\WINDOWS\System32\Wbem;C:\WINDOWS\System32\WindowsPowerShell\v1.0\;C:\WINDOWS\System32\OpenSSH\;C:\PathVerify;C:\Program Files (x86)\WiX Toolset v3.7\bin;C:\Program Files (x86)\Windows Kits\10\bin\10.0.17763.0\x64;C:\Program Files (x86)\Windows Kits\10\bin\x64;C:\StoreBoxClientWindows;C:\Program Files\Electric Cloud\ElectricCommander\bin;C:\Program Files\WinRAR;C:\Program Files\7-Zip;C:\Program Files\Git\cmd;C:\Program Files\Git\usr\bin;C:\Program Files\Git\mingw64\bin;C:\Program Files\Git\bin;C:\Program Files\WinMerge;C:\Users\Administrator\AppData\Local\Microsoft\WindowsApps;C:\Program Files (x86)\Microsoft Visual Studio\2017\Professional\Common7\IDE\CommonExtensions\Microsoft\CMake\CMake\bin;C:\Program Files (x86)\Microsoft Visual Studio\2017\Professional\Common7\IDE\CommonExtensions\Microsoft\CMake\Ninja
    -- The C compiler identification is MSVC 19.16.27032.1
    -- The CXX compiler identification is MSVC 19.16.27032.1
    -- Check for working C compiler: C:/Program Files (x86)/Microsoft Visual Studio/2017/Professional/VC/Tools/MSVC/14.16.27023/bin/Hostx64/x64/cl.exe
    -- Check for working C compiler: C:/Program Files (x86)/Microsoft Visual Studio/2017/Professional/VC/Tools/MSVC/14.16.27023/bin/Hostx64/x64/cl.exe -- works
    -- Detecting C compiler ABI info
    -- Detecting C compiler ABI info - done
    -- Detecting C compile features
    -- Detecting C compile features - done
    -- Check for working CXX compiler: C:/Program Files (x86)/Microsoft Visual Studio/2017/Professional/VC/Tools/MSVC/14.16.27023/bin/Hostx64/x64/cl.exe
    -- Check for working CXX compiler: C:/Program Files (x86)/Microsoft Visual Studio/2017/Professional/VC/Tools/MSVC/14.16.27023/bin/Hostx64/x64/cl.exe -- works
    -- Detecting CXX compiler ABI info
    -- Detecting CXX compiler ABI info - done
    -- Detecting CXX compile features
    -- Detecting CXX compile features - done
    -- Found Python: P:/shared/Artifactory/Windows/rundev-master/202101280915/runtime/c1c0faa/runTime/bin/mayapy.exe (found suitable exact version "3.7.7") found components:  Interpreter
    -- Build MayaUSD with Python3 = ON
    --    PYTHON_INCLUDE_DIRS = P:/shared/Artifactory/Windows/rundev-master/202101280915/runtime/c1c0faa/runTime/include/Python37/Python
    --    PYTHON_LIBRARIES    = P:/shared/Artifactory/Windows/rundev-master/202101280915/runtime/c1c0faa/runTime/lib/python37.lib
    --    Python_EXECUTABLE   = P:/shared/Artifactory/Windows/rundev-master/202101280915/runtime/c1c0faa/runTime/bin/mayapy.exe
    -- Found Maya: P:/shared/Artifactory/Windows/rundev-master/202101280915/runtime/c1c0faa/runTime/bin/maya.exe (found suitable version "2022", minimum required is "2018")
    -- USD include dir: P:/shared/Artifactory/Windows/USD/a6d0475/include
    -- USD library dir: P:/shared/Artifactory/Windows/USD/a6d0475/lib
    -- USD version: 0.20.11
    -- Found USD: P:\shared\Artifactory\Windows\USD\a6d0475 (found version "0.20.11")
    Updated PYTHONPATH: P:\shared\Artifactory\Windows\USD\a6d0475\lib\python
    Updated PATH: P:\shared\Artifactory\Windows\rundev-master\202101280915\runtime\c1c0faa\runTime\bin;P:\shared\Artifactory\Windows\rundev-master\202101280915\runtime\c1c0faa\runTime\bin3;P:\shared\Artifactory\Windows\cmake\3.14.4\c5af748\bin;C:\Python27\lib\site-packages\pywin32_system32;C:\Program Files (x86)\Microsoft Visual Studio\2017\Professional\VC\Tools\MSVC\14.16.27023\bin\HostX64\x64;C:\Program Files (x86)\Microsoft Visual Studio\2017\Professional\Common7\IDE\VC\VCPackages;C:\Program Files (x86)\Microsoft Visual Studio\2017\Professional\Common7\IDE\CommonExtensions\Microsoft\TestWindow;C:\Program Files (x86)\Microsoft Visual Studio\2017\Professional\Common7\IDE\CommonExtensions\Microsoft\TeamFoundation\Team Explorer;C:\Program Files (x86)\Microsoft Visual Studio\2017\Professional\MSBuild\15.0\bin\Roslyn;C:\Program Files (x86)\Microsoft Visual Studio\2017\Professional\Team Tools\Performance Tools\x64;C:\Program Files (x86)\Microsoft Visual Studio\2017\Professional\Team Tools\Performance Tools;C:\Program Files (x86)\Microsoft Visual Studio\Shared\Common\VSPerfCollectionTools\\x64;C:\Program Files (x86)\Microsoft Visual Studio\Shared\Common\VSPerfCollectionTools\;C:\Program Files (x86)\Microsoft SDKs\Windows\v10.0A\bin\NETFX 4.6.1 Tools\x64\;C:\Program Files (x86)\HTML Help Workshop;C:\Program Files (x86)\Windows Kits\10\bin\10.0.17763.0\x64;C:\Program Files (x86)\Windows Kits\10\bin\x64;C:\Program Files (x86)\Microsoft Visual Studio\2017\Professional\\MSBuild\15.0\bin;C:\WINDOWS\Microsoft.NET\Framework64\v4.0.30319;C:\Program Files (x86)\Microsoft Visual Studio\2017\Professional\Common7\IDE\;C:\Program Files (x86)\Microsoft Visual Studio\2017\Professional\Common7\Tools\;C:\Python27\;C:\Python27\Scripts;C:\Program Files (x86)\Common Files\Oracle\Java\javapath;C:\WINDOWS\system32;C:\WINDOWS;C:\WINDOWS\System32\Wbem;C:\WINDOWS\System32\WindowsPowerShell\v1.0\;C:\WINDOWS\System32\OpenSSH\;C:\PathVerify;C:\Program Files (x86)\WiX Toolset v3.7\bin;C:\Program Files (x86)\Windows Kits\10\bin\10.0.17763.0\x64;C:\Program Files (x86)\Windows Kits\10\bin\x64;C:\StoreBoxClientWindows;C:\Program Files\Electric Cloud\ElectricCommander\bin;C:\Program Files\WinRAR;C:\Program Files\7-Zip;C:\Program Files\Git\cmd;C:\Program Files\Git\usr\bin;C:\Program Files\Git\mingw64\bin;C:\Program Files\Git\bin;C:\Program Files\WinMerge;C:\Users\Administrator\AppData\Local\Microsoft\WindowsApps;C:\Program Files (x86)\Microsoft Visual Studio\2017\Professional\Common7\IDE\CommonExtensions\Microsoft\CMake\CMake\bin;C:\Program Files (x86)\Microsoft Visual Studio\2017\Professional\Common7\IDE\CommonExtensions\Microsoft\CMake\Ninja;P:\shared\Artifactory\Windows\USD\a6d0475\bin;P:\shared\Artifactory\Windows\USD\a6d0475\lib
    -- UFE include dir: P:/shared/Artifactory/Windows/rundev-master/202101280915/runtime/c1c0faa/devkitBase/devkit/ufe/include
    -- UFE library: P:/shared/Artifactory/Windows/rundev-master/202101280915/runtime/c1c0faa/devkitBase/devkit/ufe/lib/ufe_2.lib
    -- UFE version: 2.0.0
    -- Building with UFE 2.0.0 features enabled.
    -- Building with Qt features enabled.
    -- ========== Installing GoogleTest... ==========
    -- Configuring done
    -- Generating done
    -- Build files have been written to: W:/build/RelWithDebInfo/googletest-config
    [1/8] Creating directories for 'googletest'
    [2/8] Performing download step (git clone) for 'googletest'
    Cloning into 'googletest-src'...
    HEAD is now at 703bd9ca Googletest export
    [3/8] No patch step for 'googletest'
    [4/8] Performing update step for 'googletest'
    [5/8] Performing configure step for 'googletest'
    -- The C compiler identification is MSVC 19.16.27032.1
    -- The CXX compiler identification is MSVC 19.16.27032.1
    -- Check for working C compiler: C:/Program Files (x86)/Microsoft Visual Studio/2017/Professional/VC/Tools/MSVC/14.16.27023/bin/Hostx64/x64/cl.exe
    -- Check for working C compiler: C:/Program Files (x86)/Microsoft Visual Studio/2017/Professional/VC/Tools/MSVC/14.16.27023/bin/Hostx64/x64/cl.exe -- works
    -- Detecting C compiler ABI info
    -- Detecting C compiler ABI info - done
    -- Detecting C compile features
    -- Detecting C compile features - done
    -- Check for working CXX compiler: C:/Program Files (x86)/Microsoft Visual Studio/2017/Professional/VC/Tools/MSVC/14.16.27023/bin/Hostx64/x64/cl.exe
    -- Check for working CXX compiler: C:/Program Files (x86)/Microsoft Visual Studio/2017/Professional/VC/Tools/MSVC/14.16.27023/bin/Hostx64/x64/cl.exe -- works
    -- Detecting CXX compiler ABI info
    -- Detecting CXX compiler ABI info - done
    -- Detecting CXX compile features
    -- Detecting CXX compile features - done
    -- Found PythonInterp: C:/Python27/python.exe
    -- Looking for pthread.h
    -- Looking for pthread.h - not found
    -- Found Threads: TRUE
    -- Configuring done
    -- Generating done
    -- Build files have been written to: W:/build/RelWithDebInfo/googletest-build
    [6/8] Performing build step for 'googletest'
    FAILED: googletest-prefix/src/googletest-stamp/googletest-build
    cmd.exe /C "cd /D W:\build\RelWithDebInfo\googletest-build && S:\jenkins\workspace\shared\Artifactory\Windows\cmake\3.14.4\c5af748\bin\cmake.exe --build . && S:\jenkins\workspace\shared\Artifactory\Windows\cmake\3.14.4\c5af748\bin\cmake.exe -E touch W:/build/RelWithDebInfo/googletest-config/googletest-prefix/src/googletest-stamp/googletest-build"
    [1/11] Building CXX object googletest\CMakeFiles\gtest_main.dir\src\gtest_main.cc.obj
    [2/11] Building CXX object googlemock\CMakeFiles\gmock_main.dir\src\gmock_main.cc.obj
    [3/11] Building CXX object googlemock\CMakeFiles\gmock.dir\__\googletest\src\gtest-all.cc.obj
    FAILED: googlemock/CMakeFiles/gmock.dir/__/googletest/src/gtest-all.cc.obj
    C:\PROGRA~2\MIB055~1\2017\PROFES~1\VC\Tools\MSVC\1416~1.270\bin\Hostx64\x64\cl.exe  /nologo /TP -DGTEST_CREATE_SHARED_LIBRARY=1 -Dgmock_EXPORTS -IW:\build\RelWithDebInfo\googletest-src\googlemock\include -IW:\build\RelWithDebInfo\googletest-src\googlemock -IW:\build\RelWithDebInfo\googletest-src\googletest\include -IW:\build\RelWithDebInfo\googletest-src\googletest /DWIN32 /D_WINDOWS /W4 /GR  /MD /Zi /O2 /Ob1 /DNDEBUG   -GS -W4 -WX -wd4251 -wd4275 -nologo -J -Zi -D_UNICODE -DUNICODE -DWIN32 -D_WIN32 -DSTRICT -DWIN32_LEAN_AND_MEAN -wd4702 -DGTEST_HAS_PTHREAD=0 -EHsc -D_HAS_EXCEPTIONS=1 /showIncludes /Fogooglemock\CMakeFiles\gmock.dir\__\googletest\src\gtest-all.cc.obj /Fdbin\gmock.pdb /FS -c W:\build\RelWithDebInfo\googletest-src\googletest\src\gtest-all.cc
    W:\build\RelWithDebInfo\googletest-src\googletest\src\gtest-all.cc(49): fatal error C1088: Cannot flush compiler intermediate file: 'C:\Temp\_CL_989394b5gl': No space left on device
    [4/11] Building CXX object googlemock\CMakeFiles\gmock.dir\src\gmock-all.cc.obj
    [5/11] Building CXX object googlemock\CMakeFiles\gmock_main.dir\src\gmock-all.cc.obj
    [6/11] Building CXX object googlemock\CMakeFiles\gmock_main.dir\__\googletest\src\gtest-all.cc.obj
    [7/11] Building CXX object googletest\CMakeFiles\gtest.dir\src\gtest-all.cc.obj
    ninja: build stopped: subcommand failed.
    ninja: build stopped: subcommand failed.
    CMake Error at cmake/googletest.cmake:45 (message):
      Build step for googletest failed: 1
    Call Stack (most recent call first):
      CMakeLists.txt:161 (fetch_googletest)
    
    
    -- Configuring incomplete, errors occurred!
    See also "W:/build/RelWithDebInfo/CMakeFiles/CMakeOutput.log".
    
        Building with settings:
          Source directory          S:\jenkins\workspace\ecg-mayausd-branch-preflight-python3-windows\ecg-maya-usd\maya-usd
          Workspace directory       W:\
          Build directory           W:\build\RelWithDebInfo
          Install directory         W:\install\RelWithDebInfo\MayaUSD
          Variant                   RelWithDebInfo
          Python Debug              Off
          CMake generator           Ninja
          Build arguments           ['-DCMAKE_MAKE_PROGRAM=P:/shared/Artifactory/Windows/ninja/1.9.0/c68f192/ninja.exe', '-DPYTHON_INCLUDE_DIR=P:/shared/Artifactory/Windows/rundev-master/202101280915/runtime/c1c0faa/runTime/include/Python37/Python', '-DPython_EXECUTABLE=P:/shared/Artifactory/Windows/rundev-master/202101280915/runtime/c1c0faa/runTime/bin/mayapy.exe', '-DPYTHON_LIBRARIES=P:/shared/Artifactory/Windows/rundev-master/202101280915/runtime/c1c0faa/runTime/lib/python37.lib', '-DBUILD_WITH_PYTHON_3=ON', '-DMAYAUSD_TO_USD_RELATIVE_PATH=../USD']
          Stages arguments          ['configure']
          CTest arguments           ['-E testUsdReferenceAssemblySelection|testUsdMayaAppDir|testUsdExportAsClip', '-LE interactive', '--parallel 16']
    #####################################################################################
    log date: 2021-02-01 01:16
    commit sha: ab11d2ff4ad6c59db224635fda26a933479c3d74
    commit date: Mon Feb 1 01:13:30 2021 -0800
    #####################################################################################
    
    cmake -DCMAKE_INSTALL_PREFIX="W:\install\RelWithDebInfo\MayaUSD" -DCMAKE_BUILD_TYPE=RelWithDebInfo -DCMAKE_EXPORT_COMPILE_COMMANDS=ON -G "Ninja" -DMAYA_LOCATION="P:\shared\Artifactory\Windows\rundev-master\202101280915\runtime\c1c0faa\runTime" -DPXR_USD_LOCATION="P:\shared\Artifactory\Windows\USD\a6d0475" -DMAYA_DEVKIT_LOCATION="P:\shared\Artifactory\Windows\rundev-master\202101280915\runtime\c1c0faa\devkitBase" -DMAYAUSD_DEFINE_BOOST_DEBUG_PYTHON_FLAG=OFF -DQT_LOCATION="P:\shared\Artifactory\Windows\qt\5.15.2\28999d0" -DCMAKE_MAKE_PROGRAM=P:/shared/Artifactory/Windows/ninja/1.9.0/c68f192/ninja.exe -DPYTHON_INCLUDE_DIR=P:/shared/Artifactory/Windows/rundev-master/202101280915/runtime/c1c0faa/runTime/include/Python37/Python -DPython_EXECUTABLE=P:/shared/Artifactory/Windows/rundev-master/202101280915/runtime/c1c0faa/runTime/bin/mayapy.exe -DPYTHON_LIBRARIES=P:/shared/Artifactory/Windows/rundev-master/202101280915/runtime/c1c0faa/runTime/lib/python37.lib -DBUILD_WITH_PYTHON_3=ON -DMAYAUSD_TO_USD_RELATIVE_PATH=../USD "S:\jenkins\workspace\ecg-mayausd-branch-preflight-python3-windows\ecg-maya-usd\maya-usd"
    
    Traceback (most recent call last):
      File "S:\jenkins\workspace\ecg-mayausd-branch-preflight-python3-windows\ecg-maya-usd\maya-usd\build.py", line 602, in <module>
        BuildAndInstall(context, context.buildArgs, context.stagesArgs)
      File "S:\jenkins\workspace\ecg-mayausd-branch-preflight-python3-windows\ecg-maya-usd\maya-usd\build.py", line 371, in BuildAndInstall
        RunCMake(context, extraArgs, stagesArgs)
      File "S:\jenkins\workspace\ecg-mayausd-branch-preflight-python3-windows\ecg-maya-usd\maya-usd\build.py", line 277, in RunCMake
        extraArgs=(" ".join(extraArgs) if extraArgs else "")))
      File "S:\jenkins\workspace\ecg-mayausd-branch-preflight-python3-windows\ecg-maya-usd\maya-usd\build.py", line 165, in Run
        .format(cmd=cmd, log=os.path.abspath(context.logFileLocation)))
    RuntimeError: Failed to run 'cmake -DCMAKE_INSTALL_PREFIX="W:\install\RelWithDebInfo\MayaUSD" -DCMAKE_BUILD_TYPE=RelWithDebInfo -DCMAKE_EXPORT_COMPILE_COMMANDS=ON -G "Ninja" -DMAYA_LOCATION="P:\shared\Artifactory\Windows\rundev-master\202101280915\runtime\c1c0faa\runTime" -DPXR_USD_LOCATION="P:\shared\Artifactory\Windows\USD\a6d0475" -DMAYA_DEVKIT_LOCATION="P:\shared\Artifactory\Windows\rundev-master\202101280915\runtime\c1c0faa\devkitBase" -DMAYAUSD_DEFINE_BOOST_DEBUG_PYTHON_FLAG=OFF -DQT_LOCATION="P:\shared\Artifactory\Windows\qt\5.15.2\28999d0" -DCMAKE_MAKE_PROGRAM=P:/shared/Artifactory/Windows/ninja/1.9.0/c68f192/ninja.exe -DPYTHON_INCLUDE_DIR=P:/shared/Artifactory/Windows/rundev-master/202101280915/runtime/c1c0faa/runTime/include/Python37/Python -DPython_EXECUTABLE=P:/shared/Artifactory/Windows/rundev-master/202101280915/runtime/c1c0faa/runTime/bin/mayapy.exe -DPYTHON_LIBRARIES=P:/shared/Artifactory/Windows/rundev-master/202101280915/runtime/c1c0faa/runTime/lib/python37.lib -DBUILD_WITH_PYTHON_3=ON -DMAYAUSD_TO_USD_RELATIVE_PATH=../USD "S:\jenkins\workspace\ecg-mayausd-branch-preflight-python3-windows\ecg-maya-usd\maya-usd"'
    See W:\build\RelWithDebInfo\build_log.txt for more details.
build.py: error: Command failed with error code: 1
Deleting subst P:
[Pipeline] }
[Pipeline] // withEnv
[Pipeline] }
[Pipeline] // stage
[Pipeline] }
[Pipeline] // timestamps
[Pipeline] }
[Pipeline] // timeout
[Pipeline] emailextrecipients
[Pipeline] echo
No recipients to send notification.
[Pipeline] }
[Pipeline] // node
[Pipeline] End of Pipeline
ERROR: script returned exit code 1
Finished: FAILURE
