================================================================================
                                 setup (Debug)
================================================================================
[Pipeline] }
[Pipeline] // withEnv
[Pipeline] withEnv
[Pipeline] {
[Pipeline] sh
[ecg-mayausd-branch-preflight-python3-osx] Running shell script
+ python ecg-maya-usd/build.py --stages=setup --workspace-dir=/local/S/jenkins/workspace/ecg-mayausd-branch-preflight-python3-osx --artifactory-dir=/local/S/jenkins/workspace/shared/Artifactory --build-dir=/local/S/jenkins/workspace/ecg-mayausd-branch-preflight-python3-osx/build --install-dir=/local/S/jenkins/workspace/ecg-mayausd-branch-preflight-python3-osx/install --signing-dir=/local/S/jenkins/workspace/ecg-mayausd-branch-preflight-python3-osx/signing --package-dir=/local/S/jenkins/workspace/ecg-mayausd-branch-preflight-python3-osx/package --output-dir=/local/S/jenkins/workspace/ecg-mayausd-branch-preflight-python3-osx/output --stash-dir=/local/S/jenkins/workspace/ecg-mayausd-branch-preflight-python3-osx/stash --jenkins-build=647 --git-commit=7e2962ff36a1f7470a02e509fd7b99ef4c7d04c4 --git-branch=master --variants=RelWithDebInfo --python=3 --prune-versions=2 --prune-revisions=2 --maya-cut-config=maya-rundev-master.yaml --stage-banner --prune-artifacts --force-pruning
Using Maya cut from /local/S/jenkins/workspace/shared/Artifactory/OSX/rundev-master/202102192115/runtime/db69f03

================================================================================
                             setup (RelWithDebInfo)
================================================================================
[Pipeline] }
[Pipeline] // withEnv
[Pipeline] }
[Pipeline] // stage
[Pipeline] }
[Pipeline] // timestamps
[Pipeline] }
[Pipeline] // timeout
[Pipeline] timeout
Timeout set to expire in 6 hr 0 min
[Pipeline] {
[Pipeline] timestamps
[Pipeline] {
[Pipeline] stage
[Pipeline] { (Clean)
[Pipeline] withEnv
[Pipeline] {
[Pipeline] sh
[ecg-mayausd-branch-preflight-python3-osx] Running shell script
+ python ecg-maya-usd/build.py --stages=clean --workspace-dir=/local/S/jenkins/workspace/ecg-mayausd-branch-preflight-python3-osx --artifactory-dir=/local/S/jenkins/workspace/shared/Artifactory --build-dir=/local/S/jenkins/workspace/ecg-mayausd-branch-preflight-python3-osx/build --install-dir=/local/S/jenkins/workspace/ecg-mayausd-branch-preflight-python3-osx/install --signing-dir=/local/S/jenkins/workspace/ecg-mayausd-branch-preflight-python3-osx/signing --package-dir=/local/S/jenkins/workspace/ecg-mayausd-branch-preflight-python3-osx/package --output-dir=/local/S/jenkins/workspace/ecg-mayausd-branch-preflight-python3-osx/output --stash-dir=/local/S/jenkins/workspace/ecg-mayausd-branch-preflight-python3-osx/stash --jenkins-build=647 --git-commit=7e2962ff36a1f7470a02e509fd7b99ef4c7d04c4 --git-branch=master --variants=Debug --python=3 --maya-cut-config=maya-rundev-master-debug.yaml --stage-banner
Using Maya cut from /local/S/jenkins/workspace/shared/Artifactory/OSX/rundev-master-debug/202102190915/runtime/f749fbd

================================================================================
                                 clean (Debug)
================================================================================
running clean stage....................
Maya Python Debug Info:
  mayapy executable   = /local/S/jenkins/workspace/shared/Artifactory/OSX/rundev-master-debug/202102190915/runtime/f749fbd/runTime/Maya.app/Contents/bin/mayapy
  Include Folder      = /local/S/jenkins/workspace/shared/Artifactory/OSX/rundev-master-debug/202102190915/runtime/f749fbd/runTime/Maya.app/Contents/Frameworks/Python.framework/Versions/Current/include/python3.7m
  Library             = /local/S/jenkins/workspace/shared/Artifactory/OSX/rundev-master-debug/202102190915/runtime/f749fbd/runTime/Maya.app/Contents/Frameworks/Python.framework/Versions/Current/lib/libpython3.7m.dylib
  site-package Folder = /local/S/jenkins/workspace/shared/Artifactory/OSX/rundev-master-debug/202102190915/runtime/f749fbd/runTime/Maya.app/Contents/Frameworks/Python.framework/Versions/Current/lib/python3.7/site-packages
In workdir: /local/S/jenkins/workspace/ecg-mayausd-branch-preflight-python3-osx/ecg-maya-usd/maya-usd
Executing: /local/S/jenkins/workspace/shared/Artifactory/OSX/rundev-master-debug/202102190915/runtime/f749fbd/runTime/Maya.app/Contents/bin/mayapy /local/S/jenkins/workspace/ecg-mayausd-branch-preflight-python3-osx/ecg-maya-usd/maya-usd/build.py --generator Ninja --build-debug --maya-location /local/S/jenkins/workspace/shared/Artifactory/OSX/rundev-master-debug/202102190915/runtime/f749fbd/runTime --devkit-location /local/S/jenkins/workspace/shared/Artifactory/OSX/rundev-master-debug/202102190915/runtime/f749fbd/devkitBase --pxrusd-location /local/S/jenkins/workspace/shared/Artifactory/OSX/USD/7a53103 --qt-location /local/S/jenkins/workspace/shared/Artifactory/OSX/qt/5.15.2/06692ed --build-args=-DCMAKE_MAKE_PROGRAM=/local/S/jenkins/workspace/shared/Artifactory/OSX/ninja/1.9.0/41005eb/ninja,-DPYTHON_INCLUDE_DIR=/local/S/jenkins/workspace/shared/Artifactory/OSX/rundev-master-debug/202102190915/runtime/f749fbd/runTime/Maya.app/Contents/Frameworks/Python.framework/Versions/Current/include/python3.7m,-DPython_EXECUTABLE=/local/S/jenkins/workspace/shared/Artifactory/OSX/rundev-master-debug/202102190915/runtime/f749fbd/runTime/Maya.app/Contents/bin/mayapy,-DPYTHON_LIBRARIES=/local/S/jenkins/workspace/shared/Artifactory/OSX/rundev-master-debug/202102190915/runtime/f749fbd/runTime/Maya.app/Contents/Frameworks/Python.framework/Versions/Current/lib/libpython3.7m.dylib,-DBUILD_WITH_PYTHON_3=ON,-DMAYAUSD_TO_USD_RELATIVE_PATH=../USD '--ctest-args=-E testUsdReferenceAssemblySelection|testUsdMayaAppDir|testUsdExportAsClip,-LE interactive,--parallel 8' --stages=clean --redirect-outstream-file=False --install-location /local/S/jenkins/workspace/ecg-mayausd-branch-preflight-python3-osx/install/Debug/MayaUSD /local/S/jenkins/workspace/ecg-mayausd-branch-preflight-python3-osx
Modified environment variables:
    PATH=/local/S/jenkins/workspace/shared/Artifactory/OSX/cmake/3.14.4/e159059/bin:/usr/local/bin:/bin:/usr/sbin:/sbin:/usr/bin
    
        Building with settings:
          Source directory          /local/S/jenkins/workspace/ecg-mayausd-branch-preflight-python3-osx/ecg-maya-usd/maya-usd
          Workspace directory       /local/S/jenkins/workspace/ecg-mayausd-branch-preflight-python3-osx
          Build directory           /local/S/jenkins/workspace/ecg-mayausd-branch-preflight-python3-osx/build/Debug
          Install directory         /local/S/jenkins/workspace/ecg-mayausd-branch-preflight-python3-osx/install/Debug/MayaUSD
          Variant                   Debug
          Python Debug              Off
          CMake generator           Ninja
          Build arguments           ['-DCMAKE_MAKE_PROGRAM=/local/S/jenkins/workspace/shared/Artifactory/OSX/ninja/1.9.0/41005eb/ninja', '-DPYTHON_INCLUDE_DIR=/local/S/jenkins/workspace/shared/Artifactory/OSX/rundev-master-debug/202102190915/runtime/f749fbd/runTime/Maya.app/Contents/Frameworks/Python.framework/Versions/Current/include/python3.7m', '-DPython_EXECUTABLE=/local/S/jenkins/workspace/shared/Artifactory/OSX/rundev-master-debug/202102190915/runtime/f749fbd/runTime/Maya.app/Contents/bin/mayapy', '-DPYTHON_LIBRARIES=/local/S/jenkins/workspace/shared/Artifactory/OSX/rundev-master-debug/202102190915/runtime/f749fbd/runTime/Maya.app/Contents/Frameworks/Python.framework/Versions/Current/lib/libpython3.7m.dylib', '-DBUILD_WITH_PYTHON_3=ON', '-DMAYAUSD_TO_USD_RELATIVE_PATH=../USD']
          Stages arguments          ['clean']
          CTest arguments           ['-E testUsdReferenceAssemblySelection|testUsdMayaAppDir|testUsdExportAsClip', '-LE interactive', '--parallel 8']
    Success MayaUSD build and install !!!!
    Elapsed time: 00:00:00
[Pipeline] }
[Pipeline] // withEnv
[Pipeline] withEnv
[Pipeline] {
[Pipeline] sh
[ecg-mayausd-branch-preflight-python3-osx] Running shell script
+ python ecg-maya-usd/build.py --stages=clean --workspace-dir=/local/S/jenkins/workspace/ecg-mayausd-branch-preflight-python3-osx --artifactory-dir=/local/S/jenkins/workspace/shared/Artifactory --build-dir=/local/S/jenkins/workspace/ecg-mayausd-branch-preflight-python3-osx/build --install-dir=/local/S/jenkins/workspace/ecg-mayausd-branch-preflight-python3-osx/install --signing-dir=/local/S/jenkins/workspace/ecg-mayausd-branch-preflight-python3-osx/signing --package-dir=/local/S/jenkins/workspace/ecg-mayausd-branch-preflight-python3-osx/package --output-dir=/local/S/jenkins/workspace/ecg-mayausd-branch-preflight-python3-osx/output --stash-dir=/local/S/jenkins/workspace/ecg-mayausd-branch-preflight-python3-osx/stash --jenkins-build=647 --git-commit=7e2962ff36a1f7470a02e509fd7b99ef4c7d04c4 --git-branch=master --variants=RelWithDebInfo --python=3 --maya-cut-config=maya-rundev-master.yaml --stage-banner
Using Maya cut from /local/S/jenkins/workspace/shared/Artifactory/OSX/rundev-master/202102192115/runtime/db69f03

================================================================================
                             clean (RelWithDebInfo)
================================================================================
running clean stage....................
Maya Python RelWithDebInfo Info:
  mayapy executable   = /local/S/jenkins/workspace/shared/Artifactory/OSX/rundev-master/202102192115/runtime/db69f03/runTime/Maya.app/Contents/bin/mayapy
  Include Folder      = /local/S/jenkins/workspace/shared/Artifactory/OSX/rundev-master/202102192115/runtime/db69f03/runTime/Maya.app/Contents/Frameworks/Python.framework/Versions/Current/include/python3.7m
  Library             = /local/S/jenkins/workspace/shared/Artifactory/OSX/rundev-master/202102192115/runtime/db69f03/runTime/Maya.app/Contents/Frameworks/Python.framework/Versions/Current/lib/libpython3.7m.dylib
  site-package Folder = /local/S/jenkins/workspace/shared/Artifactory/OSX/rundev-master/202102192115/runtime/db69f03/runTime/Maya.app/Contents/Frameworks/Python.framework/Versions/Current/lib/python3.7/site-packages
In workdir: /local/S/jenkins/workspace/ecg-mayausd-branch-preflight-python3-osx/ecg-maya-usd/maya-usd
Executing: /local/S/jenkins/workspace/shared/Artifactory/OSX/rundev-master/202102192115/runtime/db69f03/runTime/Maya.app/Contents/bin/mayapy /local/S/jenkins/workspace/ecg-mayausd-branch-preflight-python3-osx/ecg-maya-usd/maya-usd/build.py --generator Ninja --build-relwithdebug --maya-location /local/S/jenkins/workspace/shared/Artifactory/OSX/rundev-master/202102192115/runtime/db69f03/runTime --devkit-location /local/S/jenkins/workspace/shared/Artifactory/OSX/rundev-master/202102192115/runtime/db69f03/devkitBase --pxrusd-location /local/S/jenkins/workspace/shared/Artifactory/OSX/USD/2323ac2 --qt-location /local/S/jenkins/workspace/shared/Artifactory/OSX/qt/5.15.2/06692ed --build-args=-DCMAKE_MAKE_PROGRAM=/local/S/jenkins/workspace/shared/Artifactory/OSX/ninja/1.9.0/41005eb/ninja,-DPYTHON_INCLUDE_DIR=/local/S/jenkins/workspace/shared/Artifactory/OSX/rundev-master/202102192115/runtime/db69f03/runTime/Maya.app/Contents/Frameworks/Python.framework/Versions/Current/include/python3.7m,-DPython_EXECUTABLE=/local/S/jenkins/workspace/shared/Artifactory/OSX/rundev-master/202102192115/runtime/db69f03/runTime/Maya.app/Contents/bin/mayapy,-DPYTHON_LIBRARIES=/local/S/jenkins/workspace/shared/Artifactory/OSX/rundev-master/202102192115/runtime/db69f03/runTime/Maya.app/Contents/Frameworks/Python.framework/Versions/Current/lib/libpython3.7m.dylib,-DBUILD_WITH_PYTHON_3=ON,-DMAYAUSD_TO_USD_RELATIVE_PATH=../USD '--ctest-args=-E testUsdReferenceAssemblySelection|testUsdMayaAppDir|testUsdExportAsClip,-LE interactive,--parallel 8' --stages=clean --redirect-outstream-file=False --install-location /local/S/jenkins/workspace/ecg-mayausd-branch-preflight-python3-osx/install/RelWithDebInfo/MayaUSD /local/S/jenkins/workspace/ecg-mayausd-branch-preflight-python3-osx
Modified environment variables:
    PATH=/local/S/jenkins/workspace/shared/Artifactory/OSX/cmake/3.14.4/e159059/bin:/usr/local/bin:/bin:/usr/sbin:/sbin:/usr/bin
    
        Building with settings:
          Source directory          /local/S/jenkins/workspace/ecg-mayausd-branch-preflight-python3-osx/ecg-maya-usd/maya-usd
          Workspace directory       /local/S/jenkins/workspace/ecg-mayausd-branch-preflight-python3-osx
          Build directory           /local/S/jenkins/workspace/ecg-mayausd-branch-preflight-python3-osx/build/RelWithDebInfo
          Install directory         /local/S/jenkins/workspace/ecg-mayausd-branch-preflight-python3-osx/install/RelWithDebInfo/MayaUSD
          Variant                   RelWithDebInfo
          Python Debug              Off
          CMake generator           Ninja
          Build arguments           ['-DCMAKE_MAKE_PROGRAM=/local/S/jenkins/workspace/shared/Artifactory/OSX/ninja/1.9.0/41005eb/ninja', '-DPYTHON_INCLUDE_DIR=/local/S/jenkins/workspace/shared/Artifactory/OSX/rundev-master/202102192115/runtime/db69f03/runTime/Maya.app/Contents/Frameworks/Python.framework/Versions/Current/include/python3.7m', '-DPython_EXECUTABLE=/local/S/jenkins/workspace/shared/Artifactory/OSX/rundev-master/202102192115/runtime/db69f03/runTime/Maya.app/Contents/bin/mayapy', '-DPYTHON_LIBRARIES=/local/S/jenkins/workspace/shared/Artifactory/OSX/rundev-master/202102192115/runtime/db69f03/runTime/Maya.app/Contents/Frameworks/Python.framework/Versions/Current/lib/libpython3.7m.dylib', '-DBUILD_WITH_PYTHON_3=ON', '-DMAYAUSD_TO_USD_RELATIVE_PATH=../USD']
          Stages arguments          ['clean']
          CTest arguments           ['-E testUsdReferenceAssemblySelection|testUsdMayaAppDir|testUsdExportAsClip', '-LE interactive', '--parallel 8']
    Success MayaUSD build and install !!!!
    Elapsed time: 00:00:00
[Pipeline] }
[Pipeline] // withEnv
[Pipeline] }
[Pipeline] // stage
[Pipeline] }
[Pipeline] // timestamps
[Pipeline] }
[Pipeline] // timeout
[Pipeline] timeout
Timeout set to expire in 6 hr 0 min
[Pipeline] {
[Pipeline] timestamps
[Pipeline] {
[Pipeline] stage
[Pipeline] { (Configure)
[Pipeline] withEnv
[Pipeline] {
[Pipeline] sh
[ecg-mayausd-branch-preflight-python3-osx] Running shell script
+ python ecg-maya-usd/build.py --stages=configure --workspace-dir=/local/S/jenkins/workspace/ecg-mayausd-branch-preflight-python3-osx --artifactory-dir=/local/S/jenkins/workspace/shared/Artifactory --build-dir=/local/S/jenkins/workspace/ecg-mayausd-branch-preflight-python3-osx/build --install-dir=/local/S/jenkins/workspace/ecg-mayausd-branch-preflight-python3-osx/install --signing-dir=/local/S/jenkins/workspace/ecg-mayausd-branch-preflight-python3-osx/signing --package-dir=/local/S/jenkins/workspace/ecg-mayausd-branch-preflight-python3-osx/package --output-dir=/local/S/jenkins/workspace/ecg-mayausd-branch-preflight-python3-osx/output --stash-dir=/local/S/jenkins/workspace/ecg-mayausd-branch-preflight-python3-osx/stash --jenkins-build=647 --git-commit=7e2962ff36a1f7470a02e509fd7b99ef4c7d04c4 --git-branch=master --variants=Debug --python=3 --maya-cut-config=maya-rundev-master-debug.yaml --stage-banner
Using Maya cut from /local/S/jenkins/workspace/shared/Artifactory/OSX/rundev-master-debug/202102190915/runtime/f749fbd

================================================================================
                               configure (Debug)
================================================================================
running configure stage....................
Maya Python Debug Info:
  mayapy executable   = /local/S/jenkins/workspace/shared/Artifactory/OSX/rundev-master-debug/202102190915/runtime/f749fbd/runTime/Maya.app/Contents/bin/mayapy
  Include Folder      = /local/S/jenkins/workspace/shared/Artifactory/OSX/rundev-master-debug/202102190915/runtime/f749fbd/runTime/Maya.app/Contents/Frameworks/Python.framework/Versions/Current/include/python3.7m
  Library             = /local/S/jenkins/workspace/shared/Artifactory/OSX/rundev-master-debug/202102190915/runtime/f749fbd/runTime/Maya.app/Contents/Frameworks/Python.framework/Versions/Current/lib/libpython3.7m.dylib
  site-package Folder = /local/S/jenkins/workspace/shared/Artifactory/OSX/rundev-master-debug/202102190915/runtime/f749fbd/runTime/Maya.app/Contents/Frameworks/Python.framework/Versions/Current/lib/python3.7/site-packages
In workdir: /local/S/jenkins/workspace/ecg-mayausd-branch-preflight-python3-osx/ecg-maya-usd/maya-usd
Executing: /local/S/jenkins/workspace/shared/Artifactory/OSX/rundev-master-debug/202102190915/runtime/f749fbd/runTime/Maya.app/Contents/bin/mayapy /local/S/jenkins/workspace/ecg-mayausd-branch-preflight-python3-osx/ecg-maya-usd/maya-usd/build.py --generator Ninja --build-debug --maya-location /local/S/jenkins/workspace/shared/Artifactory/OSX/rundev-master-debug/202102190915/runtime/f749fbd/runTime --devkit-location /local/S/jenkins/workspace/shared/Artifactory/OSX/rundev-master-debug/202102190915/runtime/f749fbd/devkitBase --pxrusd-location /local/S/jenkins/workspace/shared/Artifactory/OSX/USD/7a53103 --qt-location /local/S/jenkins/workspace/shared/Artifactory/OSX/qt/5.15.2/06692ed --build-args=-DCMAKE_MAKE_PROGRAM=/local/S/jenkins/workspace/shared/Artifactory/OSX/ninja/1.9.0/41005eb/ninja,-DPYTHON_INCLUDE_DIR=/local/S/jenkins/workspace/shared/Artifactory/OSX/rundev-master-debug/202102190915/runtime/f749fbd/runTime/Maya.app/Contents/Frameworks/Python.framework/Versions/Current/include/python3.7m,-DPython_EXECUTABLE=/local/S/jenkins/workspace/shared/Artifactory/OSX/rundev-master-debug/202102190915/runtime/f749fbd/runTime/Maya.app/Contents/bin/mayapy,-DPYTHON_LIBRARIES=/local/S/jenkins/workspace/shared/Artifactory/OSX/rundev-master-debug/202102190915/runtime/f749fbd/runTime/Maya.app/Contents/Frameworks/Python.framework/Versions/Current/lib/libpython3.7m.dylib,-DBUILD_WITH_PYTHON_3=ON,-DMAYAUSD_TO_USD_RELATIVE_PATH=../USD '--ctest-args=-E testUsdReferenceAssemblySelection|testUsdMayaAppDir|testUsdExportAsClip,-LE interactive,--parallel 8' --stages=configure --redirect-outstream-file=False --install-location /local/S/jenkins/workspace/ecg-mayausd-branch-preflight-python3-osx/install/Debug/MayaUSD /local/S/jenkins/workspace/ecg-mayausd-branch-preflight-python3-osx
Modified environment variables:
    PATH=/local/S/jenkins/workspace/shared/Artifactory/OSX/cmake/3.14.4/e159059/bin:/usr/local/bin:/bin:/usr/sbin:/sbin:/usr/bin
    -- The C compiler identification is AppleClang 10.0.1.10010046
    -- The CXX compiler identification is AppleClang 10.0.1.10010046
    -- Check for working C compiler: /Applications/Xcode.app/Contents/Developer/Toolchains/XcodeDefault.xctoolchain/usr/bin/cc
    -- Check for working C compiler: /Applications/Xcode.app/Contents/Developer/Toolchains/XcodeDefault.xctoolchain/usr/bin/cc -- works
    -- Detecting C compiler ABI info
    -- Detecting C compiler ABI info - done
    -- Detecting C compile features
    -- Detecting C compile features - done
    -- Check for working CXX compiler: /Applications/Xcode.app/Contents/Developer/Toolchains/XcodeDefault.xctoolchain/usr/bin/c++
    -- Check for working CXX compiler: /Applications/Xcode.app/Contents/Developer/Toolchains/XcodeDefault.xctoolchain/usr/bin/c++ -- works
    -- Detecting CXX compiler ABI info
    -- Detecting CXX compiler ABI info - done
    -- Detecting CXX compile features
    -- Detecting CXX compile features - done
    -- Found Python: /local/S/jenkins/workspace/shared/Artifactory/OSX/rundev-master-debug/202102190915/runtime/f749fbd/runTime/Maya.app/Contents/bin/mayapy (found suitable exact version "3.7.7") found components:  Interpreter
    -- Build MayaUSD with Python3 = ON
    --    PYTHON_INCLUDE_DIRS = /local/S/jenkins/workspace/shared/Artifactory/OSX/rundev-master-debug/202102190915/runtime/f749fbd/runTime/Maya.app/Contents/Frameworks/Python.framework/Versions/Current/include/python3.7m
    --    PYTHON_LIBRARIES    = /local/S/jenkins/workspace/shared/Artifactory/OSX/rundev-master-debug/202102190915/runtime/f749fbd/runTime/Maya.app/Contents/Frameworks/Python.framework/Versions/Current/lib/libpython3.7m.dylib
    --    Python_EXECUTABLE   = /local/S/jenkins/workspace/shared/Artifactory/OSX/rundev-master-debug/202102190915/runtime/f749fbd/runTime/Maya.app/Contents/bin/mayapy
    -- Found Maya: /local/S/jenkins/workspace/shared/Artifactory/OSX/rundev-master-debug/202102190915/runtime/f749fbd/runTime/maya.app/Contents/MacOS/Maya (found suitable version "2022", minimum required is "2018")
    -- USD include dir: /local/S/jenkins/workspace/shared/Artifactory/OSX/USD/7a53103/include
    -- USD library dir: /local/S/jenkins/workspace/shared/Artifactory/OSX/USD/7a53103/lib
    -- USD version: 0.21.02
    -- Found USD: /local/S/jenkins/workspace/shared/Artifactory/OSX/USD/7a53103 (found suitable version "0.21.02", minimum required is "0.20.02")
    Updated PYTHONPATH: /local/S/jenkins/workspace/shared/Artifactory/OSX/USD/7a53103/lib/python
    -- UFE include dir: /local/S/jenkins/workspace/shared/Artifactory/OSX/rundev-master-debug/202102190915/runtime/f749fbd/devkitBase/devkit/ufe/include
    -- UFE library: /local/S/jenkins/workspace/shared/Artifactory/OSX/rundev-master-debug/202102190915/runtime/f749fbd/devkitBase/devkit/ufe/lib/libufe_2.dylib
    -- UFE version: 2.0.0
    -- Building with UFE 2.0.0 features enabled.
    -- Building with Qt features enabled.
    -- ========== Installing GoogleTest... ==========
    -- Configuring done
    -- Generating done
    -- Build files have been written to: /local/S/jenkins/workspace/ecg-mayausd-branch-preflight-python3-osx/build/Debug/googletest-config
    [1/8] Creating directories for 'googletest'
    [2/8] Performing download step (git clone) for 'googletest'
    Cloning into 'googletest-src'...
    HEAD is now at 703bd9ca Googletest export
    [3/8] No patch step for 'googletest'
    [4/8] Performing update step for 'googletest'
    [5/8] Performing configure step for 'googletest'
    -- The C compiler identification is AppleClang 10.0.1.10010046
    -- The CXX compiler identification is AppleClang 10.0.1.10010046
    -- Check for working C compiler: /Applications/Xcode.app/Contents/Developer/Toolchains/XcodeDefault.xctoolchain/usr/bin/cc
    -- Check for working C compiler: /Applications/Xcode.app/Contents/Developer/Toolchains/XcodeDefault.xctoolchain/usr/bin/cc -- works
    -- Detecting C compiler ABI info
    -- Detecting C compiler ABI info - done
    -- Detecting C compile features
    -- Detecting C compile features - done
    -- Check for working CXX compiler: /Applications/Xcode.app/Contents/Developer/Toolchains/XcodeDefault.xctoolchain/usr/bin/c++
    -- Check for working CXX compiler: /Applications/Xcode.app/Contents/Developer/Toolchains/XcodeDefault.xctoolchain/usr/bin/c++ -- works
    -- Detecting CXX compiler ABI info
    -- Detecting CXX compiler ABI info - done
    -- Detecting CXX compile features
    -- Detecting CXX compile features - done
    -- Found PythonInterp: /usr/local/bin/python
    -- Looking for pthread.h
    -- Looking for pthread.h - found
    -- Looking for pthread_create
    -- Looking for pthread_create - found
    -- Found Threads: TRUE
    -- Configuring done
    -- Generating done
    -- Build files have been written to: /local/S/jenkins/workspace/ecg-mayausd-branch-preflight-python3-osx/build/Debug/googletest-build
    [6/8] Performing build step for 'googletest'
    [1/8] Building CXX object googletest/CMakeFiles/gtest_main.dir/src/gtest_main.cc.o
    [2/8] Building CXX object googlemock/CMakeFiles/gmock_main.dir/src/gmock_main.cc.o
    [3/8] Building CXX object googlemock/CMakeFiles/gmock.dir/src/gmock-all.cc.o
    [4/8] Building CXX object googletest/CMakeFiles/gtest.dir/src/gtest-all.cc.o
    [5/8] Linking CXX shared library lib/libgtestd.dylib
    [6/8] Linking CXX shared library lib/libgtest_maind.dylib
    [7/8] Linking CXX shared library lib/libgmockd.dylib
    [8/8] Linking CXX shared library lib/libgmock_maind.dylib
    [7/8] Performing install step for 'googletest'
    [0/1] Install the project...
    -- Install configuration: "Debug"
    -- Installing: /local/S/jenkins/workspace/ecg-mayausd-branch-preflight-python3-osx/build/Debug/googletest-install/include
    -- Installing: /local/S/jenkins/workspace/ecg-mayausd-branch-preflight-python3-osx/build/Debug/googletest-install/include/gmock
    -- Installing: /local/S/jenkins/workspace/ecg-mayausd-branch-preflight-python3-osx/build/Debug/googletest-install/include/gmock/gmock-actions.h
    -- Installing: /local/S/jenkins/workspace/ecg-mayausd-branch-preflight-python3-osx/build/Debug/googletest-install/include/gmock/gmock-cardinalities.h
    -- Installing: /local/S/jenkins/workspace/ecg-mayausd-branch-preflight-python3-osx/build/Debug/googletest-install/include/gmock/gmock-function-mocker.h
    -- Installing: /local/S/jenkins/workspace/ecg-mayausd-branch-preflight-python3-osx/build/Debug/googletest-install/include/gmock/gmock-generated-actions.h
    -- Installing: /local/S/jenkins/workspace/ecg-mayausd-branch-preflight-python3-osx/build/Debug/googletest-install/include/gmock/gmock-generated-actions.h.pump
    -- Installing: /local/S/jenkins/workspace/ecg-mayausd-branch-preflight-python3-osx/build/Debug/googletest-install/include/gmock/gmock-generated-function-mockers.h
    -- Installing: /local/S/jenkins/workspace/ecg-mayausd-branch-preflight-python3-osx/build/Debug/googletest-install/include/gmock/gmock-generated-function-mockers.h.pump
    -- Installing: /local/S/jenkins/workspace/ecg-mayausd-branch-preflight-python3-osx/build/Debug/googletest-install/include/gmock/gmock-generated-matchers.h
    -- Installing: /local/S/jenkins/workspace/ecg-mayausd-branch-preflight-python3-osx/build/Debug/googletest-install/include/gmock/gmock-generated-matchers.h.pump
    -- Installing: /local/S/jenkins/workspace/ecg-mayausd-branch-preflight-python3-osx/build/Debug/googletest-install/include/gmock/gmock-matchers.h
    -- Installing: /local/S/jenkins/workspace/ecg-mayausd-branch-preflight-python3-osx/build/Debug/googletest-install/include/gmock/gmock-more-actions.h
    -- Installing: /local/S/jenkins/workspace/ecg-mayausd-branch-preflight-python3-osx/build/Debug/googletest-install/include/gmock/gmock-more-matchers.h
    -- Installing: /local/S/jenkins/workspace/ecg-mayausd-branch-preflight-python3-osx/build/Debug/googletest-install/include/gmock/gmock-nice-strict.h
    -- Installing: /local/S/jenkins/workspace/ecg-mayausd-branch-preflight-python3-osx/build/Debug/googletest-install/include/gmock/gmock-spec-builders.h
    -- Installing: /local/S/jenkins/workspace/ecg-mayausd-branch-preflight-python3-osx/build/Debug/googletest-install/include/gmock/gmock.h
    -- Installing: /local/S/jenkins/workspace/ecg-mayausd-branch-preflight-python3-osx/build/Debug/googletest-install/include/gmock/internal
    -- Installing: /local/S/jenkins/workspace/ecg-mayausd-branch-preflight-python3-osx/build/Debug/googletest-install/include/gmock/internal/custom
    -- Installing: /local/S/jenkins/workspace/ecg-mayausd-branch-preflight-python3-osx/build/Debug/googletest-install/include/gmock/internal/custom/gmock-generated-actions.h
    -- Installing: /local/S/jenkins/workspace/ecg-mayausd-branch-preflight-python3-osx/build/Debug/googletest-install/include/gmock/internal/custom/gmock-generated-actions.h.pump
    -- Installing: /local/S/jenkins/workspace/ecg-mayausd-branch-preflight-python3-osx/build/Debug/googletest-install/include/gmock/internal/custom/gmock-matchers.h
    -- Installing: /local/S/jenkins/workspace/ecg-mayausd-branch-preflight-python3-osx/build/Debug/googletest-install/include/gmock/internal/custom/gmock-port.h
    -- Installing: /local/S/jenkins/workspace/ecg-mayausd-branch-preflight-python3-osx/build/Debug/googletest-install/include/gmock/internal/custom/README.md
    -- Installing: /local/S/jenkins/workspace/ecg-mayausd-branch-preflight-python3-osx/build/Debug/googletest-install/include/gmock/internal/gmock-internal-utils.h
    -- Installing: /local/S/jenkins/workspace/ecg-mayausd-branch-preflight-python3-osx/build/Debug/googletest-install/include/gmock/internal/gmock-port.h
    -- Installing: /local/S/jenkins/workspace/ecg-mayausd-branch-preflight-python3-osx/build/Debug/googletest-install/include/gmock/internal/gmock-pp.h
    -- Installing: /local/S/jenkins/workspace/ecg-mayausd-branch-preflight-python3-osx/build/Debug/googletest-install/lib/libgmockd.dylib
    -- Installing: /local/S/jenkins/workspace/ecg-mayausd-branch-preflight-python3-osx/build/Debug/googletest-install/lib/libgmock_maind.dylib
    -- Installing: /local/S/jenkins/workspace/ecg-mayausd-branch-preflight-python3-osx/build/Debug/googletest-install/lib/pkgconfig/gmock.pc
    -- Installing: /local/S/jenkins/workspace/ecg-mayausd-branch-preflight-python3-osx/build/Debug/googletest-install/lib/pkgconfig/gmock_main.pc
    -- Installing: /local/S/jenkins/workspace/ecg-mayausd-branch-preflight-python3-osx/build/Debug/googletest-install/lib/cmake/GTest/GTestTargets.cmake
    -- Installing: /local/S/jenkins/workspace/ecg-mayausd-branch-preflight-python3-osx/build/Debug/googletest-install/lib/cmake/GTest/GTestTargets-debug.cmake
    -- Installing: /local/S/jenkins/workspace/ecg-mayausd-branch-preflight-python3-osx/build/Debug/googletest-install/lib/cmake/GTest/GTestConfigVersion.cmake
    -- Installing: /local/S/jenkins/workspace/ecg-mayausd-branch-preflight-python3-osx/build/Debug/googletest-install/lib/cmake/GTest/GTestConfig.cmake
    -- Up-to-date: /local/S/jenkins/workspace/ecg-mayausd-branch-preflight-python3-osx/build/Debug/googletest-install/include
    -- Installing: /local/S/jenkins/workspace/ecg-mayausd-branch-preflight-python3-osx/build/Debug/googletest-install/include/gtest
    -- Installing: /local/S/jenkins/workspace/ecg-mayausd-branch-preflight-python3-osx/build/Debug/googletest-install/include/gtest/gtest-death-test.h
    -- Installing: /local/S/jenkins/workspace/ecg-mayausd-branch-preflight-python3-osx/build/Debug/googletest-install/include/gtest/gtest-matchers.h
    -- Installing: /local/S/jenkins/workspace/ecg-mayausd-branch-preflight-python3-osx/build/Debug/googletest-install/include/gtest/gtest-message.h
    -- Installing: /local/S/jenkins/workspace/ecg-mayausd-branch-preflight-python3-osx/build/Debug/googletest-install/include/gtest/gtest-param-test.h
    -- Installing: /local/S/jenkins/workspace/ecg-mayausd-branch-preflight-python3-osx/build/Debug/googletest-install/include/gtest/gtest-printers.h
    -- Installing: /local/S/jenkins/workspace/ecg-mayausd-branch-preflight-python3-osx/build/Debug/googletest-install/include/gtest/gtest-spi.h
    -- Installing: /local/S/jenkins/workspace/ecg-mayausd-branch-preflight-python3-osx/build/Debug/googletest-install/include/gtest/gtest-test-part.h
    -- Installing: /local/S/jenkins/workspace/ecg-mayausd-branch-preflight-python3-osx/build/Debug/googletest-install/include/gtest/gtest-typed-test.h
    -- Installing: /local/S/jenkins/workspace/ecg-mayausd-branch-preflight-python3-osx/build/Debug/googletest-install/include/gtest/gtest.h
    -- Installing: /local/S/jenkins/workspace/ecg-mayausd-branch-preflight-python3-osx/build/Debug/googletest-install/include/gtest/gtest_pred_impl.h
    -- Installing: /local/S/jenkins/workspace/ecg-mayausd-branch-preflight-python3-osx/build/Debug/googletest-install/include/gtest/gtest_prod.h
    -- Installing: /local/S/jenkins/workspace/ecg-mayausd-branch-preflight-python3-osx/build/Debug/googletest-install/include/gtest/internal
    -- Installing: /local/S/jenkins/workspace/ecg-mayausd-branch-preflight-python3-osx/build/Debug/googletest-install/include/gtest/internal/custom
    -- Installing: /local/S/jenkins/workspace/ecg-mayausd-branch-preflight-python3-osx/build/Debug/googletest-install/include/gtest/internal/custom/gtest-port.h
    -- Installing: /local/S/jenkins/workspace/ecg-mayausd-branch-preflight-python3-osx/build/Debug/googletest-install/include/gtest/internal/custom/gtest-printers.h
    -- Installing: /local/S/jenkins/workspace/ecg-mayausd-branch-preflight-python3-osx/build/Debug/googletest-install/include/gtest/internal/custom/gtest.h
    -- Installing: /local/S/jenkins/workspace/ecg-mayausd-branch-preflight-python3-osx/build/Debug/googletest-install/include/gtest/internal/custom/README.md
    -- Installing: /local/S/jenkins/workspace/ecg-mayausd-branch-preflight-python3-osx/build/Debug/googletest-install/include/gtest/internal/gtest-death-test-internal.h
    -- Installing: /local/S/jenkins/workspace/ecg-mayausd-branch-preflight-python3-osx/build/Debug/googletest-install/include/gtest/internal/gtest-filepath.h
    -- Installing: /local/S/jenkins/workspace/ecg-mayausd-branch-preflight-python3-osx/build/Debug/googletest-install/include/gtest/internal/gtest-internal.h
    -- Installing: /local/S/jenkins/workspace/ecg-mayausd-branch-preflight-python3-osx/build/Debug/googletest-install/include/gtest/internal/gtest-param-util.h
    -- Installing: /local/S/jenkins/workspace/ecg-mayausd-branch-preflight-python3-osx/build/Debug/googletest-install/include/gtest/internal/gtest-port-arch.h
    -- Installing: /local/S/jenkins/workspace/ecg-mayausd-branch-preflight-python3-osx/build/Debug/googletest-install/include/gtest/internal/gtest-port.h
    -- Installing: /local/S/jenkins/workspace/ecg-mayausd-branch-preflight-python3-osx/build/Debug/googletest-install/include/gtest/internal/gtest-string.h
    -- Installing: /local/S/jenkins/workspace/ecg-mayausd-branch-preflight-python3-osx/build/Debug/googletest-install/include/gtest/internal/gtest-type-util.h
    -- Installing: /local/S/jenkins/workspace/ecg-mayausd-branch-preflight-python3-osx/build/Debug/googletest-install/include/gtest/internal/gtest-type-util.h.pump
    -- Installing: /local/S/jenkins/workspace/ecg-mayausd-branch-preflight-python3-osx/build/Debug/googletest-install/lib/libgtestd.dylib
    -- Installing: /local/S/jenkins/workspace/ecg-mayausd-branch-preflight-python3-osx/build/Debug/googletest-install/lib/libgtest_maind.dylib
    -- Installing: /local/S/jenkins/workspace/ecg-mayausd-branch-preflight-python3-osx/build/Debug/googletest-install/lib/pkgconfig/gtest.pc
    -- Installing: /local/S/jenkins/workspace/ecg-mayausd-branch-preflight-python3-osx/build/Debug/googletest-install/lib/pkgconfig/gtest_main.pc
    [8/8] Completed 'googletest'
    -- ========== ...  GoogleTest installed. ==========
    -- Found Boost 1.70.0 at /local/S/jenkins/workspace/shared/Artifactory/OSX/USD/7a53103/lib/cmake/Boost-1.70.0
    --   Requested configuration: QUIET REQUIRED COMPONENTS filesystem;system
    -- Found boost_headers 1.70.0 at /local/S/jenkins/workspace/shared/Artifactory/OSX/USD/7a53103/lib/cmake/boost_headers-1.70.0
    -- Found boost_filesystem 1.70.0 at /local/S/jenkins/workspace/shared/Artifactory/OSX/USD/7a53103/lib/cmake/boost_filesystem-1.70.0
    --   libboost_filesystem.dylib
    -- Adding boost_filesystem dependencies: headers
    -- Found boost_system 1.70.0 at /local/S/jenkins/workspace/shared/Artifactory/OSX/USD/7a53103/lib/cmake/boost_system-1.70.0
    --   libboost_system.dylib
    -- Adding boost_system dependencies: headers
    -- Boost  found.
    -- Found Boost components:
       filesystem;system
    -- promoting: /local/S/jenkins/workspace/ecg-mayausd-branch-preflight-python3-osx/ecg-maya-usd/maya-usd/lib/mayaUsd/base/mayaUsd.h.src
    -- promoting: /local/S/jenkins/workspace/ecg-mayausd-branch-preflight-python3-osx/ecg-maya-usd/maya-usd/lib/mayaUsd/base/api.h
    -- promoting: /local/S/jenkins/workspace/ecg-mayausd-branch-preflight-python3-osx/ecg-maya-usd/maya-usd/lib/mayaUsd/base/debugCodes.h
    -- promoting: /local/S/jenkins/workspace/ecg-mayausd-branch-preflight-python3-osx/ecg-maya-usd/maya-usd/lib/mayaUsd/base/id.h
    -- promoting: /local/S/jenkins/workspace/ecg-mayausd-branch-preflight-python3-osx/ecg-maya-usd/maya-usd/lib/mayaUsd/base/syncId.h
    -- promoting: /local/S/jenkins/workspace/ecg-mayausd-branch-preflight-python3-osx/ecg-maya-usd/maya-usd/lib/mayaUsd/base/tokens.h
    -- promoting: /local/S/jenkins/workspace/ecg-mayausd-branch-preflight-python3-osx/ecg-maya-usd/maya-usd/lib/mayaUsd/commands/abstractLayerEditorWindow.h
    -- promoting: /local/S/jenkins/workspace/ecg-mayausd-branch-preflight-python3-osx/ecg-maya-usd/maya-usd/lib/mayaUsd/commands/baseExportCommand.h
    -- promoting: /local/S/jenkins/workspace/ecg-mayausd-branch-preflight-python3-osx/ecg-maya-usd/maya-usd/lib/mayaUsd/commands/baseImportCommand.h
    -- promoting: /local/S/jenkins/workspace/ecg-mayausd-branch-preflight-python3-osx/ecg-maya-usd/maya-usd/lib/mayaUsd/commands/baseListShadingModesCommand.h
    -- promoting: /local/S/jenkins/workspace/ecg-mayausd-branch-preflight-python3-osx/ecg-maya-usd/maya-usd/lib/mayaUsd/commands/editTargetCommand.h
    -- promoting: /local/S/jenkins/workspace/ecg-mayausd-branch-preflight-python3-osx/ecg-maya-usd/maya-usd/lib/mayaUsd/commands/layerEditorCommand.h
    -- promoting: /local/S/jenkins/workspace/ecg-mayausd-branch-preflight-python3-osx/ecg-maya-usd/maya-usd/lib/mayaUsd/commands/layerEditorWindowCommand.h
    -- promoting: /local/S/jenkins/workspace/ecg-mayausd-branch-preflight-python3-osx/ecg-maya-usd/maya-usd/lib/mayaUsd/fileio/fallbackPrimReader.h
    -- promoting: /local/S/jenkins/workspace/ecg-mayausd-branch-preflight-python3-osx/ecg-maya-usd/maya-usd/lib/mayaUsd/fileio/functorPrimReader.h
    -- promoting: /local/S/jenkins/workspace/ecg-mayausd-branch-preflight-python3-osx/ecg-maya-usd/maya-usd/lib/mayaUsd/fileio/functorPrimWriter.h
    -- promoting: /local/S/jenkins/workspace/ecg-mayausd-branch-preflight-python3-osx/ecg-maya-usd/maya-usd/lib/mayaUsd/fileio/importData.h
    -- promoting: /local/S/jenkins/workspace/ecg-mayausd-branch-preflight-python3-osx/ecg-maya-usd/maya-usd/lib/mayaUsd/fileio/instancedNodeWriter.h
    -- promoting: /local/S/jenkins/workspace/ecg-mayausd-branch-preflight-python3-osx/ecg-maya-usd/maya-usd/lib/mayaUsd/fileio/primReader.h
    -- promoting: /local/S/jenkins/workspace/ecg-mayausd-branch-preflight-python3-osx/ecg-maya-usd/maya-usd/lib/mayaUsd/fileio/primReaderArgs.h
    -- promoting: /local/S/jenkins/workspace/ecg-mayausd-branch-preflight-python3-osx/ecg-maya-usd/maya-usd/lib/mayaUsd/fileio/primReaderContext.h
    -- promoting: /local/S/jenkins/workspace/ecg-mayausd-branch-preflight-python3-osx/ecg-maya-usd/maya-usd/lib/mayaUsd/fileio/primReaderRegistry.h
    -- promoting: /local/S/jenkins/workspace/ecg-mayausd-branch-preflight-python3-osx/ecg-maya-usd/maya-usd/lib/mayaUsd/fileio/primUpdater.h
    -- promoting: /local/S/jenkins/workspace/ecg-mayausd-branch-preflight-python3-osx/ecg-maya-usd/maya-usd/lib/mayaUsd/fileio/primUpdaterContext.h
    -- promoting: /local/S/jenkins/workspace/ecg-mayausd-branch-preflight-python3-osx/ecg-maya-usd/maya-usd/lib/mayaUsd/fileio/primUpdaterRegistry.h
    -- promoting: /local/S/jenkins/workspace/ecg-mayausd-branch-preflight-python3-osx/ecg-maya-usd/maya-usd/lib/mayaUsd/fileio/primWriter.h
    -- promoting: /local/S/jenkins/workspace/ecg-mayausd-branch-preflight-python3-osx/ecg-maya-usd/maya-usd/lib/mayaUsd/fileio/primWriterArgs.h
    -- promoting: /local/S/jenkins/workspace/ecg-mayausd-branch-preflight-python3-osx/ecg-maya-usd/maya-usd/lib/mayaUsd/fileio/primWriterContext.h
    -- promoting: /local/S/jenkins/workspace/ecg-mayausd-branch-preflight-python3-osx/ecg-maya-usd/maya-usd/lib/mayaUsd/fileio/primWriterRegistry.h
    -- promoting: /local/S/jenkins/workspace/ecg-mayausd-branch-preflight-python3-osx/ecg-maya-usd/maya-usd/lib/mayaUsd/fileio/registryHelper.h
    -- promoting: /local/S/jenkins/workspace/ecg-mayausd-branch-preflight-python3-osx/ecg-maya-usd/maya-usd/lib/mayaUsd/fileio/shaderReader.h
    -- promoting: /local/S/jenkins/workspace/ecg-mayausd-branch-preflight-python3-osx/ecg-maya-usd/maya-usd/lib/mayaUsd/fileio/shaderReaderRegistry.h
    -- promoting: /local/S/jenkins/workspace/ecg-mayausd-branch-preflight-python3-osx/ecg-maya-usd/maya-usd/lib/mayaUsd/fileio/shaderWriter.h
    -- promoting: /local/S/jenkins/workspace/ecg-mayausd-branch-preflight-python3-osx/ecg-maya-usd/maya-usd/lib/mayaUsd/fileio/shaderWriterRegistry.h
    -- promoting: /local/S/jenkins/workspace/ecg-mayausd-branch-preflight-python3-osx/ecg-maya-usd/maya-usd/lib/mayaUsd/fileio/transformWriter.h
    -- promoting: /local/S/jenkins/workspace/ecg-mayausd-branch-preflight-python3-osx/ecg-maya-usd/maya-usd/lib/mayaUsd/fileio/writeJobContext.h
    -- promoting: /local/S/jenkins/workspace/ecg-mayausd-branch-preflight-python3-osx/ecg-maya-usd/maya-usd/lib/mayaUsd/fileio/chaser/chaser.h
    -- promoting: /local/S/jenkins/workspace/ecg-mayausd-branch-preflight-python3-osx/ecg-maya-usd/maya-usd/lib/mayaUsd/fileio/chaser/chaserRegistry.h
    -- promoting: /local/S/jenkins/workspace/ecg-mayausd-branch-preflight-python3-osx/ecg-maya-usd/maya-usd/lib/mayaUsd/fileio/jobs/jobArgs.h
    -- promoting: /local/S/jenkins/workspace/ecg-mayausd-branch-preflight-python3-osx/ecg-maya-usd/maya-usd/lib/mayaUsd/fileio/jobs/modelKindProcessor.h
    -- promoting: /local/S/jenkins/workspace/ecg-mayausd-branch-preflight-python3-osx/ecg-maya-usd/maya-usd/lib/mayaUsd/fileio/jobs/readJob.h
    -- promoting: /local/S/jenkins/workspace/ecg-mayausd-branch-preflight-python3-osx/ecg-maya-usd/maya-usd/lib/mayaUsd/fileio/jobs/writeJob.h
    -- promoting: /local/S/jenkins/workspace/ecg-mayausd-branch-preflight-python3-osx/ecg-maya-usd/maya-usd/lib/mayaUsd/fileio/shading/rfmShaderMap.h
    -- promoting: /local/S/jenkins/workspace/ecg-mayausd-branch-preflight-python3-osx/ecg-maya-usd/maya-usd/lib/mayaUsd/fileio/shading/shadingModeExporter.h
    -- promoting: /local/S/jenkins/workspace/ecg-mayausd-branch-preflight-python3-osx/ecg-maya-usd/maya-usd/lib/mayaUsd/fileio/shading/shadingModeExporterContext.h
    -- promoting: /local/S/jenkins/workspace/ecg-mayausd-branch-preflight-python3-osx/ecg-maya-usd/maya-usd/lib/mayaUsd/fileio/shading/shadingModeImporter.h
    -- promoting: /local/S/jenkins/workspace/ecg-mayausd-branch-preflight-python3-osx/ecg-maya-usd/maya-usd/lib/mayaUsd/fileio/shading/shadingModeRegistry.h
    -- promoting: /local/S/jenkins/workspace/ecg-mayausd-branch-preflight-python3-osx/ecg-maya-usd/maya-usd/lib/mayaUsd/fileio/shading/symmetricShaderReader.h
    -- promoting: /local/S/jenkins/workspace/ecg-mayausd-branch-preflight-python3-osx/ecg-maya-usd/maya-usd/lib/mayaUsd/fileio/shading/symmetricShaderWriter.h
    -- promoting: /local/S/jenkins/workspace/ecg-mayausd-branch-preflight-python3-osx/ecg-maya-usd/maya-usd/lib/mayaUsd/fileio/translators/skelBindingsProcessor.h
    -- promoting: /local/S/jenkins/workspace/ecg-mayausd-branch-preflight-python3-osx/ecg-maya-usd/maya-usd/lib/mayaUsd/fileio/translators/translatorCamera.h
    -- promoting: /local/S/jenkins/workspace/ecg-mayausd-branch-preflight-python3-osx/ecg-maya-usd/maya-usd/lib/mayaUsd/fileio/translators/translatorCurves.h
    -- promoting: /local/S/jenkins/workspace/ecg-mayausd-branch-preflight-python3-osx/ecg-maya-usd/maya-usd/lib/mayaUsd/fileio/translators/translatorGprim.h
    -- promoting: /local/S/jenkins/workspace/ecg-mayausd-branch-preflight-python3-osx/ecg-maya-usd/maya-usd/lib/mayaUsd/fileio/translators/translatorMaterial.h
    -- promoting: /local/S/jenkins/workspace/ecg-mayausd-branch-preflight-python3-osx/ecg-maya-usd/maya-usd/lib/mayaUsd/fileio/translators/translatorMayaReference.h
    -- promoting: /local/S/jenkins/workspace/ecg-mayausd-branch-preflight-python3-osx/ecg-maya-usd/maya-usd/lib/mayaUsd/fileio/translators/translatorMesh.h
    -- promoting: /local/S/jenkins/workspace/ecg-mayausd-branch-preflight-python3-osx/ecg-maya-usd/maya-usd/lib/mayaUsd/fileio/translators/translatorNurbsPatch.h
    -- promoting: /local/S/jenkins/workspace/ecg-mayausd-branch-preflight-python3-osx/ecg-maya-usd/maya-usd/lib/mayaUsd/fileio/translators/translatorPrim.h
    -- promoting: /local/S/jenkins/workspace/ecg-mayausd-branch-preflight-python3-osx/ecg-maya-usd/maya-usd/lib/mayaUsd/fileio/translators/translatorRfMLight.h
    -- promoting: /local/S/jenkins/workspace/ecg-mayausd-branch-preflight-python3-osx/ecg-maya-usd/maya-usd/lib/mayaUsd/fileio/translators/translatorSkel.h
    -- promoting: /local/S/jenkins/workspace/ecg-mayausd-branch-preflight-python3-osx/ecg-maya-usd/maya-usd/lib/mayaUsd/fileio/translators/translatorUtil.h
    -- promoting: /local/S/jenkins/workspace/ecg-mayausd-branch-preflight-python3-osx/ecg-maya-usd/maya-usd/lib/mayaUsd/fileio/translators/translatorXformable.h
    -- promoting: /local/S/jenkins/workspace/ecg-mayausd-branch-preflight-python3-osx/ecg-maya-usd/maya-usd/lib/mayaUsd/fileio/utils/adaptor.h
    -- promoting: /local/S/jenkins/workspace/ecg-mayausd-branch-preflight-python3-osx/ecg-maya-usd/maya-usd/lib/mayaUsd/fileio/utils/jointWriteUtils.h
    -- promoting: /local/S/jenkins/workspace/ecg-mayausd-branch-preflight-python3-osx/ecg-maya-usd/maya-usd/lib/mayaUsd/fileio/utils/meshReadUtils.h
    -- promoting: /local/S/jenkins/workspace/ecg-mayausd-branch-preflight-python3-osx/ecg-maya-usd/maya-usd/lib/mayaUsd/fileio/utils/meshWriteUtils.h
    -- promoting: /local/S/jenkins/workspace/ecg-mayausd-branch-preflight-python3-osx/ecg-maya-usd/maya-usd/lib/mayaUsd/fileio/utils/readUtil.h
    -- promoting: /local/S/jenkins/workspace/ecg-mayausd-branch-preflight-python3-osx/ecg-maya-usd/maya-usd/lib/mayaUsd/fileio/utils/roundTripUtil.h
    -- promoting: /local/S/jenkins/workspace/ecg-mayausd-branch-preflight-python3-osx/ecg-maya-usd/maya-usd/lib/mayaUsd/fileio/utils/shadingUtil.h
    -- promoting: /local/S/jenkins/workspace/ecg-mayausd-branch-preflight-python3-osx/ecg-maya-usd/maya-usd/lib/mayaUsd/fileio/utils/userTaggedAttribute.h
    -- promoting: /local/S/jenkins/workspace/ecg-mayausd-branch-preflight-python3-osx/ecg-maya-usd/maya-usd/lib/mayaUsd/fileio/utils/writeUtil.h
    -- promoting: /local/S/jenkins/workspace/ecg-mayausd-branch-preflight-python3-osx/ecg-maya-usd/maya-usd/lib/mayaUsd/fileio/utils/xformStack.h
    -- promoting: /local/S/jenkins/workspace/ecg-mayausd-branch-preflight-python3-osx/ecg-maya-usd/maya-usd/lib/mayaUsd/listeners/notice.h
    -- promoting: /local/S/jenkins/workspace/ecg-mayausd-branch-preflight-python3-osx/ecg-maya-usd/maya-usd/lib/mayaUsd/listeners/proxyShapeNotice.h
    -- promoting: /local/S/jenkins/workspace/ecg-mayausd-branch-preflight-python3-osx/ecg-maya-usd/maya-usd/lib/mayaUsd/listeners/stageNoticeListener.h
    -- promoting: /local/S/jenkins/workspace/ecg-mayausd-branch-preflight-python3-osx/ecg-maya-usd/maya-usd/lib/mayaUsd/nodes/hdImagingShape.h
    -- promoting: /local/S/jenkins/workspace/ecg-mayausd-branch-preflight-python3-osx/ecg-maya-usd/maya-usd/lib/mayaUsd/nodes/pointBasedDeformerNode.h
    -- promoting: /local/S/jenkins/workspace/ecg-mayausd-branch-preflight-python3-osx/ecg-maya-usd/maya-usd/lib/mayaUsd/nodes/proxyAccessor.h
    -- promoting: /local/S/jenkins/workspace/ecg-mayausd-branch-preflight-python3-osx/ecg-maya-usd/maya-usd/lib/mayaUsd/nodes/proxyShapeBase.h
    -- promoting: /local/S/jenkins/workspace/ecg-mayausd-branch-preflight-python3-osx/ecg-maya-usd/maya-usd/lib/mayaUsd/nodes/proxyShapePlugin.h
    -- promoting: /local/S/jenkins/workspace/ecg-mayausd-branch-preflight-python3-osx/ecg-maya-usd/maya-usd/lib/mayaUsd/nodes/proxyStageProvider.h
    -- promoting: /local/S/jenkins/workspace/ecg-mayausd-branch-preflight-python3-osx/ecg-maya-usd/maya-usd/lib/mayaUsd/nodes/stageData.h
    -- promoting: /local/S/jenkins/workspace/ecg-mayausd-branch-preflight-python3-osx/ecg-maya-usd/maya-usd/lib/mayaUsd/nodes/stageNode.h
    -- promoting: /local/S/jenkins/workspace/ecg-mayausd-branch-preflight-python3-osx/ecg-maya-usd/maya-usd/lib/mayaUsd/nodes/usdPrimProvider.h
    -- promoting: /local/S/jenkins/workspace/ecg-mayausd-branch-preflight-python3-osx/ecg-maya-usd/maya-usd/lib/mayaUsd/nodes/layerManager.h
    -- promoting: /local/S/jenkins/workspace/ecg-mayausd-branch-preflight-python3-osx/ecg-maya-usd/maya-usd/lib/mayaUsd/render/px_vp20/glslProgram.h
    -- promoting: /local/S/jenkins/workspace/ecg-mayausd-branch-preflight-python3-osx/ecg-maya-usd/maya-usd/lib/mayaUsd/render/px_vp20/utils.h
    -- promoting: /local/S/jenkins/workspace/ecg-mayausd-branch-preflight-python3-osx/ecg-maya-usd/maya-usd/lib/mayaUsd/render/px_vp20/utils_legacy.h
    -- promoting: /local/S/jenkins/workspace/ecg-mayausd-branch-preflight-python3-osx/ecg-maya-usd/maya-usd/lib/mayaUsd/render/pxrUsdMayaGL/batchRenderer.h
    -- promoting: /local/S/jenkins/workspace/ecg-mayausd-branch-preflight-python3-osx/ecg-maya-usd/maya-usd/lib/mayaUsd/render/pxrUsdMayaGL/debugCodes.h
    -- promoting: /local/S/jenkins/workspace/ecg-mayausd-branch-preflight-python3-osx/ecg-maya-usd/maya-usd/lib/mayaUsd/render/pxrUsdMayaGL/hdImagingShapeDrawOverride.h
    -- promoting: /local/S/jenkins/workspace/ecg-mayausd-branch-preflight-python3-osx/ecg-maya-usd/maya-usd/lib/mayaUsd/render/pxrUsdMayaGL/hdImagingShapeUI.h
    -- promoting: /local/S/jenkins/workspace/ecg-mayausd-branch-preflight-python3-osx/ecg-maya-usd/maya-usd/lib/mayaUsd/render/pxrUsdMayaGL/instancerImager.h
    -- promoting: /local/S/jenkins/workspace/ecg-mayausd-branch-preflight-python3-osx/ecg-maya-usd/maya-usd/lib/mayaUsd/render/pxrUsdMayaGL/instancerShapeAdapter.h
    -- promoting: /local/S/jenkins/workspace/ecg-mayausd-branch-preflight-python3-osx/ecg-maya-usd/maya-usd/lib/mayaUsd/render/pxrUsdMayaGL/proxyDrawOverride.h
    -- promoting: /local/S/jenkins/workspace/ecg-mayausd-branch-preflight-python3-osx/ecg-maya-usd/maya-usd/lib/mayaUsd/render/pxrUsdMayaGL/proxyShapeUI.h
    -- promoting: /local/S/jenkins/workspace/ecg-mayausd-branch-preflight-python3-osx/ecg-maya-usd/maya-usd/lib/mayaUsd/render/pxrUsdMayaGL/renderParams.h
    -- promoting: /local/S/jenkins/workspace/ecg-mayausd-branch-preflight-python3-osx/ecg-maya-usd/maya-usd/lib/mayaUsd/render/pxrUsdMayaGL/sceneDelegate.h
    -- promoting: /local/S/jenkins/workspace/ecg-mayausd-branch-preflight-python3-osx/ecg-maya-usd/maya-usd/lib/mayaUsd/render/pxrUsdMayaGL/shapeAdapter.h
    -- promoting: /local/S/jenkins/workspace/ecg-mayausd-branch-preflight-python3-osx/ecg-maya-usd/maya-usd/lib/mayaUsd/render/pxrUsdMayaGL/softSelectHelper.h
    -- promoting: /local/S/jenkins/workspace/ecg-mayausd-branch-preflight-python3-osx/ecg-maya-usd/maya-usd/lib/mayaUsd/render/pxrUsdMayaGL/usdProxyShapeAdapter.h
    -- promoting: /local/S/jenkins/workspace/ecg-mayausd-branch-preflight-python3-osx/ecg-maya-usd/maya-usd/lib/mayaUsd/render/pxrUsdMayaGL/userData.h
    -- promoting: /local/S/jenkins/workspace/ecg-mayausd-branch-preflight-python3-osx/ecg-maya-usd/maya-usd/lib/mayaUsd/render/vp2RenderDelegate/proxyRenderDelegate.h
    -- promoting: /local/S/jenkins/workspace/ecg-mayausd-branch-preflight-python3-osx/ecg-maya-usd/maya-usd/lib/mayaUsd/render/vp2ShaderFragments/shaderFragments.h
    -- promoting: /local/S/jenkins/workspace/ecg-mayausd-branch-preflight-python3-osx/ecg-maya-usd/maya-usd/lib/mayaUsd/ufe/Global.h
    -- promoting: /local/S/jenkins/workspace/ecg-mayausd-branch-preflight-python3-osx/ecg-maya-usd/maya-usd/lib/mayaUsd/ufe/ProxyShapeHandler.h
    -- promoting: /local/S/jenkins/workspace/ecg-mayausd-branch-preflight-python3-osx/ecg-maya-usd/maya-usd/lib/mayaUsd/ufe/ProxyShapeHierarchy.h
    -- promoting: /local/S/jenkins/workspace/ecg-mayausd-branch-preflight-python3-osx/ecg-maya-usd/maya-usd/lib/mayaUsd/ufe/ProxyShapeHierarchyHandler.h
    -- promoting: /local/S/jenkins/workspace/ecg-mayausd-branch-preflight-python3-osx/ecg-maya-usd/maya-usd/lib/mayaUsd/ufe/StagesSubject.h
    -- promoting: /local/S/jenkins/workspace/ecg-mayausd-branch-preflight-python3-osx/ecg-maya-usd/maya-usd/lib/mayaUsd/ufe/UsdHierarchy.h
    -- promoting: /local/S/jenkins/workspace/ecg-mayausd-branch-preflight-python3-osx/ecg-maya-usd/maya-usd/lib/mayaUsd/ufe/UsdHierarchyHandler.h
    -- promoting: /local/S/jenkins/workspace/ecg-mayausd-branch-preflight-python3-osx/ecg-maya-usd/maya-usd/lib/mayaUsd/ufe/UsdRootChildHierarchy.h
    -- promoting: /local/S/jenkins/workspace/ecg-mayausd-branch-preflight-python3-osx/ecg-maya-usd/maya-usd/lib/mayaUsd/ufe/UsdRotatePivotTranslateUndoableCommand.h
    -- promoting: /local/S/jenkins/workspace/ecg-mayausd-branch-preflight-python3-osx/ecg-maya-usd/maya-usd/lib/mayaUsd/ufe/UsdRotateUndoableCommand.h
    -- promoting: /local/S/jenkins/workspace/ecg-mayausd-branch-preflight-python3-osx/ecg-maya-usd/maya-usd/lib/mayaUsd/ufe/UsdScaleUndoableCommand.h
    -- promoting: /local/S/jenkins/workspace/ecg-mayausd-branch-preflight-python3-osx/ecg-maya-usd/maya-usd/lib/mayaUsd/ufe/UsdSceneItem.h
    -- promoting: /local/S/jenkins/workspace/ecg-mayausd-branch-preflight-python3-osx/ecg-maya-usd/maya-usd/lib/mayaUsd/ufe/UsdSceneItemOps.h
    -- promoting: /local/S/jenkins/workspace/ecg-mayausd-branch-preflight-python3-osx/ecg-maya-usd/maya-usd/lib/mayaUsd/ufe/UsdSceneItemOpsHandler.h
    -- promoting: /local/S/jenkins/workspace/ecg-mayausd-branch-preflight-python3-osx/ecg-maya-usd/maya-usd/lib/mayaUsd/ufe/UsdStageMap.h
    -- promoting: /local/S/jenkins/workspace/ecg-mayausd-branch-preflight-python3-osx/ecg-maya-usd/maya-usd/lib/mayaUsd/ufe/UsdTRSUndoableCommandBase.h
    -- promoting: /local/S/jenkins/workspace/ecg-mayausd-branch-preflight-python3-osx/ecg-maya-usd/maya-usd/lib/mayaUsd/ufe/UsdTransform3d.h
    -- promoting: /local/S/jenkins/workspace/ecg-mayausd-branch-preflight-python3-osx/ecg-maya-usd/maya-usd/lib/mayaUsd/ufe/UsdTransform3dHandler.h
    -- promoting: /local/S/jenkins/workspace/ecg-mayausd-branch-preflight-python3-osx/ecg-maya-usd/maya-usd/lib/mayaUsd/ufe/UsdTranslateUndoableCommand.h
    -- promoting: /local/S/jenkins/workspace/ecg-mayausd-branch-preflight-python3-osx/ecg-maya-usd/maya-usd/lib/mayaUsd/ufe/UsdUndoDeleteCommand.h
    -- promoting: /local/S/jenkins/workspace/ecg-mayausd-branch-preflight-python3-osx/ecg-maya-usd/maya-usd/lib/mayaUsd/ufe/UsdUndoDuplicateCommand.h
    -- promoting: /local/S/jenkins/workspace/ecg-mayausd-branch-preflight-python3-osx/ecg-maya-usd/maya-usd/lib/mayaUsd/ufe/UsdUndoRenameCommand.h
    -- promoting: /local/S/jenkins/workspace/ecg-mayausd-branch-preflight-python3-osx/ecg-maya-usd/maya-usd/lib/mayaUsd/ufe/Utils.h
    -- promoting: /local/S/jenkins/workspace/ecg-mayausd-branch-preflight-python3-osx/ecg-maya-usd/maya-usd/lib/mayaUsd/ufe/UfeVersionCompat.h
    -- promoting: /local/S/jenkins/workspace/ecg-mayausd-branch-preflight-python3-osx/ecg-maya-usd/maya-usd/lib/mayaUsd/ufe/ProxyShapeContextOpsHandler.h
    -- promoting: /local/S/jenkins/workspace/ecg-mayausd-branch-preflight-python3-osx/ecg-maya-usd/maya-usd/lib/mayaUsd/ufe/RotationUtils.h
    -- promoting: /local/S/jenkins/workspace/ecg-mayausd-branch-preflight-python3-osx/ecg-maya-usd/maya-usd/lib/mayaUsd/ufe/UsdAttribute.h
    -- promoting: /local/S/jenkins/workspace/ecg-mayausd-branch-preflight-python3-osx/ecg-maya-usd/maya-usd/lib/mayaUsd/ufe/UsdAttributes.h
    -- promoting: /local/S/jenkins/workspace/ecg-mayausd-branch-preflight-python3-osx/ecg-maya-usd/maya-usd/lib/mayaUsd/ufe/UsdAttributesHandler.h
    -- promoting: /local/S/jenkins/workspace/ecg-mayausd-branch-preflight-python3-osx/ecg-maya-usd/maya-usd/lib/mayaUsd/ufe/UsdContextOps.h
    -- promoting: /local/S/jenkins/workspace/ecg-mayausd-branch-preflight-python3-osx/ecg-maya-usd/maya-usd/lib/mayaUsd/ufe/UsdContextOpsHandler.h
    -- promoting: /local/S/jenkins/workspace/ecg-mayausd-branch-preflight-python3-osx/ecg-maya-usd/maya-usd/lib/mayaUsd/ufe/UsdObject3d.h
    -- promoting: /local/S/jenkins/workspace/ecg-mayausd-branch-preflight-python3-osx/ecg-maya-usd/maya-usd/lib/mayaUsd/ufe/UsdObject3dHandler.h
    -- promoting: /local/S/jenkins/workspace/ecg-mayausd-branch-preflight-python3-osx/ecg-maya-usd/maya-usd/lib/mayaUsd/ufe/UsdTransform3dBase.h
    -- promoting: /local/S/jenkins/workspace/ecg-mayausd-branch-preflight-python3-osx/ecg-maya-usd/maya-usd/lib/mayaUsd/ufe/UsdTransform3dCommonAPI.h
    -- promoting: /local/S/jenkins/workspace/ecg-mayausd-branch-preflight-python3-osx/ecg-maya-usd/maya-usd/lib/mayaUsd/ufe/UsdTransform3dFallbackMayaXformStack.h
    -- promoting: /local/S/jenkins/workspace/ecg-mayausd-branch-preflight-python3-osx/ecg-maya-usd/maya-usd/lib/mayaUsd/ufe/UsdTransform3dMatrixOp.h
    -- promoting: /local/S/jenkins/workspace/ecg-mayausd-branch-preflight-python3-osx/ecg-maya-usd/maya-usd/lib/mayaUsd/ufe/UsdTransform3dMayaXformStack.h
    -- promoting: /local/S/jenkins/workspace/ecg-mayausd-branch-preflight-python3-osx/ecg-maya-usd/maya-usd/lib/mayaUsd/ufe/UsdTransform3dSetObjectMatrix.h
    -- promoting: /local/S/jenkins/workspace/ecg-mayausd-branch-preflight-python3-osx/ecg-maya-usd/maya-usd/lib/mayaUsd/ufe/UsdUIInfoHandler.h
    -- promoting: /local/S/jenkins/workspace/ecg-mayausd-branch-preflight-python3-osx/ecg-maya-usd/maya-usd/lib/mayaUsd/ufe/UsdUndoAddNewPrimCommand.h
    -- promoting: /local/S/jenkins/workspace/ecg-mayausd-branch-preflight-python3-osx/ecg-maya-usd/maya-usd/lib/mayaUsd/ufe/UsdUndoCreateGroupCommand.h
    -- promoting: /local/S/jenkins/workspace/ecg-mayausd-branch-preflight-python3-osx/ecg-maya-usd/maya-usd/lib/mayaUsd/ufe/UsdUndoInsertChildCommand.h
    -- promoting: /local/S/jenkins/workspace/ecg-mayausd-branch-preflight-python3-osx/ecg-maya-usd/maya-usd/lib/mayaUsd/ufe/UsdUndoReorderCommand.h
    -- promoting: /local/S/jenkins/workspace/ecg-mayausd-branch-preflight-python3-osx/ecg-maya-usd/maya-usd/lib/mayaUsd/ufe/UsdUndoSetKindCommand.h
    -- promoting: /local/S/jenkins/workspace/ecg-mayausd-branch-preflight-python3-osx/ecg-maya-usd/maya-usd/lib/mayaUsd/ufe/UsdUndoVisibleCommand.h
    -- promoting: /local/S/jenkins/workspace/ecg-mayausd-branch-preflight-python3-osx/ecg-maya-usd/maya-usd/lib/mayaUsd/ufe/XformOpUtils.h
    -- promoting: /local/S/jenkins/workspace/ecg-mayausd-branch-preflight-python3-osx/ecg-maya-usd/maya-usd/lib/mayaUsd/ufe/UsdCamera.h
    -- promoting: /local/S/jenkins/workspace/ecg-mayausd-branch-preflight-python3-osx/ecg-maya-usd/maya-usd/lib/mayaUsd/ufe/UsdCameraHandler.h
    -- promoting: /local/S/jenkins/workspace/ecg-mayausd-branch-preflight-python3-osx/ecg-maya-usd/maya-usd/lib/mayaUsd/undo/UsdUndoBlock.h
    -- promoting: /local/S/jenkins/workspace/ecg-mayausd-branch-preflight-python3-osx/ecg-maya-usd/maya-usd/lib/mayaUsd/undo/UsdUndoManager.h
    -- promoting: /local/S/jenkins/workspace/ecg-mayausd-branch-preflight-python3-osx/ecg-maya-usd/maya-usd/lib/mayaUsd/undo/UsdUndoStateDelegate.h
    -- promoting: /local/S/jenkins/workspace/ecg-mayausd-branch-preflight-python3-osx/ecg-maya-usd/maya-usd/lib/mayaUsd/undo/UsdUndoableItem.h
    -- promoting: /local/S/jenkins/workspace/ecg-mayausd-branch-preflight-python3-osx/ecg-maya-usd/maya-usd/lib/mayaUsd/utils/blockSceneModificationContext.h
    -- promoting: /local/S/jenkins/workspace/ecg-mayausd-branch-preflight-python3-osx/ecg-maya-usd/maya-usd/lib/mayaUsd/utils/colorSpace.h
    -- promoting: /local/S/jenkins/workspace/ecg-mayausd-branch-preflight-python3-osx/ecg-maya-usd/maya-usd/lib/mayaUsd/utils/converter.h
    -- promoting: /local/S/jenkins/workspace/ecg-mayausd-branch-preflight-python3-osx/ecg-maya-usd/maya-usd/lib/mayaUsd/utils/diagnosticDelegate.h
    -- promoting: /local/S/jenkins/workspace/ecg-mayausd-branch-preflight-python3-osx/ecg-maya-usd/maya-usd/lib/mayaUsd/utils/query.h
    -- promoting: /local/S/jenkins/workspace/ecg-mayausd-branch-preflight-python3-osx/ecg-maya-usd/maya-usd/lib/mayaUsd/utils/plugRegistryHelper.h
    -- promoting: /local/S/jenkins/workspace/ecg-mayausd-branch-preflight-python3-osx/ecg-maya-usd/maya-usd/lib/mayaUsd/utils/stageCache.h
    -- promoting: /local/S/jenkins/workspace/ecg-mayausd-branch-preflight-python3-osx/ecg-maya-usd/maya-usd/lib/mayaUsd/utils/undoHelperCommand.h
    -- promoting: /local/S/jenkins/workspace/ecg-mayausd-branch-preflight-python3-osx/ecg-maya-usd/maya-usd/lib/mayaUsd/utils/util.h
    -- promoting: /local/S/jenkins/workspace/ecg-mayausd-branch-preflight-python3-osx/ecg-maya-usd/maya-usd/lib/mayaUsd/utils/utilFileSystem.h
    -- promoting: /local/S/jenkins/workspace/ecg-mayausd-branch-preflight-python3-osx/ecg-maya-usd/maya-usd/lib/mayaUsd/utils/utilSerialization.h
    -- promoting: /local/S/jenkins/workspace/ecg-mayausd-branch-preflight-python3-osx/ecg-maya-usd/maya-usd/lib/usd/hdMaya/api.h
    -- promoting: /local/S/jenkins/workspace/ecg-mayausd-branch-preflight-python3-osx/ecg-maya-usd/maya-usd/lib/usd/hdMaya/utils.h
    -- promoting: /local/S/jenkins/workspace/ecg-mayausd-branch-preflight-python3-osx/ecg-maya-usd/maya-usd/lib/usd/hdMaya/debugCodes.h
    -- promoting: /local/S/jenkins/workspace/ecg-mayausd-branch-preflight-python3-osx/ecg-maya-usd/maya-usd/lib/usd/hdMaya/adapters/adapter.h
    -- promoting: /local/S/jenkins/workspace/ecg-mayausd-branch-preflight-python3-osx/ecg-maya-usd/maya-usd/lib/usd/hdMaya/adapters/adapterDebugCodes.h
    -- promoting: /local/S/jenkins/workspace/ecg-mayausd-branch-preflight-python3-osx/ecg-maya-usd/maya-usd/lib/usd/hdMaya/adapters/adapterRegistry.h
    -- promoting: /local/S/jenkins/workspace/ecg-mayausd-branch-preflight-python3-osx/ecg-maya-usd/maya-usd/lib/usd/hdMaya/adapters/constantShadowMatrix.h
    -- promoting: /local/S/jenkins/workspace/ecg-mayausd-branch-preflight-python3-osx/ecg-maya-usd/maya-usd/lib/usd/hdMaya/adapters/dagAdapter.h
    -- promoting: /local/S/jenkins/workspace/ecg-mayausd-branch-preflight-python3-osx/ecg-maya-usd/maya-usd/lib/usd/hdMaya/adapters/lightAdapter.h
    -- promoting: /local/S/jenkins/workspace/ecg-mayausd-branch-preflight-python3-osx/ecg-maya-usd/maya-usd/lib/usd/hdMaya/adapters/proxyAdapter.h
    -- promoting: /local/S/jenkins/workspace/ecg-mayausd-branch-preflight-python3-osx/ecg-maya-usd/maya-usd/lib/usd/hdMaya/adapters/materialAdapter.h
    -- promoting: /local/S/jenkins/workspace/ecg-mayausd-branch-preflight-python3-osx/ecg-maya-usd/maya-usd/lib/usd/hdMaya/adapters/materialNetworkConverter.h
    -- promoting: /local/S/jenkins/workspace/ecg-mayausd-branch-preflight-python3-osx/ecg-maya-usd/maya-usd/lib/usd/hdMaya/adapters/mayaAttrs.h
    -- promoting: /local/S/jenkins/workspace/ecg-mayausd-branch-preflight-python3-osx/ecg-maya-usd/maya-usd/lib/usd/hdMaya/adapters/shapeAdapter.h
    -- promoting: /local/S/jenkins/workspace/ecg-mayausd-branch-preflight-python3-osx/ecg-maya-usd/maya-usd/lib/usd/hdMaya/adapters/tokens.h
    -- promoting: /local/S/jenkins/workspace/ecg-mayausd-branch-preflight-python3-osx/ecg-maya-usd/maya-usd/lib/usd/hdMaya/delegates/delegate.h
    -- promoting: /local/S/jenkins/workspace/ecg-mayausd-branch-preflight-python3-osx/ecg-maya-usd/maya-usd/lib/usd/hdMaya/delegates/delegateCtx.h
    -- promoting: /local/S/jenkins/workspace/ecg-mayausd-branch-preflight-python3-osx/ecg-maya-usd/maya-usd/lib/usd/hdMaya/delegates/delegateDebugCodes.h
    -- promoting: /local/S/jenkins/workspace/ecg-mayausd-branch-preflight-python3-osx/ecg-maya-usd/maya-usd/lib/usd/hdMaya/delegates/delegateRegistry.h
    -- promoting: /local/S/jenkins/workspace/ecg-mayausd-branch-preflight-python3-osx/ecg-maya-usd/maya-usd/lib/usd/hdMaya/delegates/params.h
    -- promoting: /local/S/jenkins/workspace/ecg-mayausd-branch-preflight-python3-osx/ecg-maya-usd/maya-usd/lib/usd/hdMaya/delegates/proxyDelegate.h
    -- promoting: /local/S/jenkins/workspace/ecg-mayausd-branch-preflight-python3-osx/ecg-maya-usd/maya-usd/lib/usd/hdMaya/delegates/proxyUsdImagingDelegate.h
    -- promoting: /local/S/jenkins/workspace/ecg-mayausd-branch-preflight-python3-osx/ecg-maya-usd/maya-usd/lib/usd/hdMaya/delegates/sceneDelegate.h
    -- promoting: /local/S/jenkins/workspace/ecg-mayausd-branch-preflight-python3-osx/ecg-maya-usd/maya-usd/lib/usd/hdMaya/delegates/testDelegate.h
    -- promoting: /local/S/jenkins/workspace/ecg-mayausd-branch-preflight-python3-osx/ecg-maya-usd/maya-usd/lib/usd/pxrUsdPreviewSurface/usdPreviewSurface.h
    -- promoting: /local/S/jenkins/workspace/ecg-mayausd-branch-preflight-python3-osx/ecg-maya-usd/maya-usd/lib/usd/pxrUsdPreviewSurface/usdPreviewSurfacePlugin.h
    -- Found Boost 1.70.0 at /local/S/jenkins/workspace/shared/Artifactory/OSX/USD/7a53103/lib/cmake/Boost-1.70.0
    --   Requested configuration: QUIET REQUIRED COMPONENTS filesystem;system
    -- Found boost_headers 1.70.0 at /local/S/jenkins/workspace/shared/Artifactory/OSX/USD/7a53103/lib/cmake/boost_headers-1.70.0
    -- Found boost_filesystem 1.70.0 at /local/S/jenkins/workspace/shared/Artifactory/OSX/USD/7a53103/lib/cmake/boost_filesystem-1.70.0
    --   libboost_filesystem.dylib
    -- Adding boost_filesystem dependencies: headers
    -- Found boost_system 1.70.0 at /local/S/jenkins/workspace/shared/Artifactory/OSX/USD/7a53103/lib/cmake/boost_system-1.70.0
    --   libboost_system.dylib
    -- Adding boost_system dependencies: headers
    -- Boost  found.
    -- Found Boost components:
       filesystem;system
    -- promoting: /local/S/jenkins/workspace/ecg-mayausd-branch-preflight-python3-osx/ecg-maya-usd/maya-usd/lib/usd/schemas/api.h
    -- promoting: /local/S/jenkins/workspace/ecg-mayausd-branch-preflight-python3-osx/ecg-maya-usd/maya-usd/lib/usd/schemas/ALMayaReference.h
    -- promoting: /local/S/jenkins/workspace/ecg-mayausd-branch-preflight-python3-osx/ecg-maya-usd/maya-usd/lib/usd/schemas/MayaReference.h
    -- promoting: /local/S/jenkins/workspace/ecg-mayausd-branch-preflight-python3-osx/ecg-maya-usd/maya-usd/lib/usd/schemas/tokens.h
    Processing schema classes:
    MayaReference, ALMayaReference
    Loading Templates from /local/S/jenkins/workspace/shared/Artifactory/OSX/USD/7a53103/lib/usd/usd/resources/codegenTemplates
    Writing API:
    	    wrote /local/S/jenkins/workspace/ecg-mayausd-branch-preflight-python3-osx/build/Debug/lib/usd/schemas/api.h
    Writing Schema Tokens:
    	    wrote /local/S/jenkins/workspace/ecg-mayausd-branch-preflight-python3-osx/build/Debug/lib/usd/schemas/tokens.h
    	    wrote /local/S/jenkins/workspace/ecg-mayausd-branch-preflight-python3-osx/build/Debug/lib/usd/schemas/tokens.cpp
    	    wrote /local/S/jenkins/workspace/ecg-mayausd-branch-preflight-python3-osx/build/Debug/lib/usd/schemas/wrapTokens.cpp
    Generating Classes:
    	    wrote /local/S/jenkins/workspace/ecg-mayausd-branch-preflight-python3-osx/build/Debug/lib/usd/schemas/MayaReference.h
    	    wrote /local/S/jenkins/workspace/ecg-mayausd-branch-preflight-python3-osx/build/Debug/lib/usd/schemas/MayaReference.cpp
    	    wrote /local/S/jenkins/workspace/ecg-mayausd-branch-preflight-python3-osx/build/Debug/lib/usd/schemas/wrapMayaReference.cpp
    	    wrote /local/S/jenkins/workspace/ecg-mayausd-branch-preflight-python3-osx/build/Debug/lib/usd/schemas/ALMayaReference.h
    	    wrote /local/S/jenkins/workspace/ecg-mayausd-branch-preflight-python3-osx/build/Debug/lib/usd/schemas/ALMayaReference.cpp
    	    wrote /local/S/jenkins/workspace/ecg-mayausd-branch-preflight-python3-osx/build/Debug/lib/usd/schemas/wrapALMayaReference.cpp
    Loading Templates from /local/S/jenkins/workspace/shared/Artifactory/OSX/USD/7a53103/lib/usd/usd/resources/codegenTemplates
    	    wrote /local/S/jenkins/workspace/ecg-mayausd-branch-preflight-python3-osx/build/Debug/lib/usd/schemas/plugInfo.json
    Generating Schematics:
    	    wrote /local/S/jenkins/workspace/ecg-mayausd-branch-preflight-python3-osx/build/Debug/lib/usd/schemas/generatedSchema.usda
    -- promoting: /local/S/jenkins/workspace/ecg-mayausd-branch-preflight-python3-osx/ecg-maya-usd/maya-usd/lib/usd/utils/ALHalf.h
    -- promoting: /local/S/jenkins/workspace/ecg-mayausd-branch-preflight-python3-osx/ecg-maya-usd/maya-usd/lib/usd/utils/Api.h
    -- promoting: /local/S/jenkins/workspace/ecg-mayausd-branch-preflight-python3-osx/ecg-maya-usd/maya-usd/lib/usd/utils/DebugCodes.h
    -- promoting: /local/S/jenkins/workspace/ecg-mayausd-branch-preflight-python3-osx/ecg-maya-usd/maya-usd/lib/usd/utils/DiffCore.h
    -- promoting: /local/S/jenkins/workspace/ecg-mayausd-branch-preflight-python3-osx/ecg-maya-usd/maya-usd/lib/usd/utils/ForwardDeclares.h
    -- promoting: /local/S/jenkins/workspace/ecg-mayausd-branch-preflight-python3-osx/ecg-maya-usd/maya-usd/lib/usd/utils/SIMD.h
    -- promoting: /local/S/jenkins/workspace/ecg-mayausd-branch-preflight-python3-osx/ecg-maya-usd/maya-usd/lib/usd/utils/util.h
    -- promoting: /local/S/jenkins/workspace/ecg-mayausd-branch-preflight-python3-osx/ecg-maya-usd/maya-usd/lib/usd/ui/layerEditor/batchSaveLayersUIDelegate.h
    -- promoting: /local/S/jenkins/workspace/ecg-mayausd-branch-preflight-python3-osx/ecg-maya-usd/maya-usd/lib/usd/ui/importDialog/IMayaMQtUtil.h
    -- promoting: /local/S/jenkins/workspace/ecg-mayausd-branch-preflight-python3-osx/ecg-maya-usd/maya-usd/lib/usd/ui/importDialog/ItemDelegate.h
    -- promoting: /local/S/jenkins/workspace/ecg-mayausd-branch-preflight-python3-osx/ecg-maya-usd/maya-usd/lib/usd/ui/importDialog/IUSDImportView.h
    -- promoting: /local/S/jenkins/workspace/ecg-mayausd-branch-preflight-python3-osx/ecg-maya-usd/maya-usd/lib/usd/ui/importDialog/TreeItem.h
    -- promoting: /local/S/jenkins/workspace/ecg-mayausd-branch-preflight-python3-osx/ecg-maya-usd/maya-usd/lib/usd/ui/importDialog/TreeModel.h
    -- promoting: /local/S/jenkins/workspace/ecg-mayausd-branch-preflight-python3-osx/ecg-maya-usd/maya-usd/lib/usd/ui/importDialog/TreeModelFactory.h
    -- promoting: /local/S/jenkins/workspace/ecg-mayausd-branch-preflight-python3-osx/ecg-maya-usd/maya-usd/lib/usd/ui/importDialog/USDImportDialog.h
    -- promoting: /local/S/jenkins/workspace/ecg-mayausd-branch-preflight-python3-osx/ecg-maya-usd/maya-usd/lib/usd/ui/importDialog/USDImportDialogCmd.h
    -- promoting: /local/S/jenkins/workspace/ecg-mayausd-branch-preflight-python3-osx/ecg-maya-usd/maya-usd/lib/usd/ui/importDialog/USDQtUtil.h
    -- promoting: /local/S/jenkins/workspace/ecg-mayausd-branch-preflight-python3-osx/ecg-maya-usd/maya-usd/lib/usd/ui/api.h
    -- promoting: /local/S/jenkins/workspace/ecg-mayausd-branch-preflight-python3-osx/ecg-maya-usd/maya-usd/lib/usd/ui/initStringResources.h
    ========== Pixar USD Plugin ==========
    Compiling '/local/S/jenkins/workspace/ecg-mayausd-branch-preflight-python3-osx/build/Debug/plugin/pxr/__init__.py'...
    ========== AL USD Plugin ==========
    CMake Deprecation Warning at plugin/al/CMakeLists.txt:7 (cmake_policy):
      The OLD behavior for policy CMP0026 will be removed from a future version
      of CMake.
    
      The cmake-policies(7) manual explains that the OLD behaviors of all
      policies are deprecated and that a policy should be set to OLD only under
      specific short-term circumstances.  Projects should be ported to the NEW
      behavior and not rely on setting a policy to OLD.
    
    
    -- Found Boost 1.70.0 at /local/S/jenkins/workspace/shared/Artifactory/OSX/USD/7a53103/lib/cmake/Boost-1.70.0
    --   Requested configuration: QUIET REQUIRED
    -- Found boost_headers 1.70.0 at /local/S/jenkins/workspace/shared/Artifactory/OSX/USD/7a53103/lib/cmake/boost_headers-1.70.0
    -- Boost  found.
    -- Found Boost 1.70.0 at /local/S/jenkins/workspace/shared/Artifactory/OSX/USD/7a53103/lib/cmake/Boost-1.70.0
    --   Requested configuration: QUIET REQUIRED COMPONENTS thread;filesystem;system;python
    -- Found boost_thread 1.70.0 at /local/S/jenkins/workspace/shared/Artifactory/OSX/USD/7a53103/lib/cmake/boost_thread-1.70.0
    --   libboost_thread.dylib
    -- Adding boost_thread dependencies: headers
    -- Found boost_filesystem 1.70.0 at /local/S/jenkins/workspace/shared/Artifactory/OSX/USD/7a53103/lib/cmake/boost_filesystem-1.70.0
    --   libboost_filesystem.dylib
    -- Adding boost_filesystem dependencies: headers
    -- Found boost_system 1.70.0 at /local/S/jenkins/workspace/shared/Artifactory/OSX/USD/7a53103/lib/cmake/boost_system-1.70.0
    --   libboost_system.dylib
    -- Adding boost_system dependencies: headers
    -- Found boost_python 1.70.0 at /local/S/jenkins/workspace/shared/Artifactory/OSX/USD/7a53103/lib/cmake/boost_python-1.70.0
    --   libboost_python37.dylib
    -- Adding boost_python dependencies: headers
    -- Boost  found.
    -- Found Boost components:
       thread;filesystem;system;python
    -- Found GTest: /local/S/jenkins/workspace/ecg-mayausd-branch-preflight-python3-osx/build/Debug/googletest-install/lib/libgtestd.dylib
    Compiling '/local/S/jenkins/workspace/ecg-mayausd-branch-preflight-python3-osx/build/Debug/plugin/al/lib/AL_USDMaya/lib/python/AL/usdmaya/__init__.py'...
    -- Building AL_USDMayaSchemas
    Processing schema classes:
    ALModelAPI, ALFrameRange
    Loading Templates from /local/S/jenkins/workspace/shared/Artifactory/OSX/USD/7a53103/lib/usd/usd/resources/codegenTemplates
    Writing API:
    	    wrote /local/S/jenkins/workspace/ecg-mayausd-branch-preflight-python3-osx/build/Debug/plugin/al/schemas/AL/usd/schemas/maya/api.h
    Writing Schema Tokens:
    	    wrote /local/S/jenkins/workspace/ecg-mayausd-branch-preflight-python3-osx/build/Debug/plugin/al/schemas/AL/usd/schemas/maya/tokens.h
    	    wrote /local/S/jenkins/workspace/ecg-mayausd-branch-preflight-python3-osx/build/Debug/plugin/al/schemas/AL/usd/schemas/maya/tokens.cpp
    	    wrote /local/S/jenkins/workspace/ecg-mayausd-branch-preflight-python3-osx/build/Debug/plugin/al/schemas/AL/usd/schemas/maya/wrapTokens.cpp
    Generating Classes:
    	    wrote /local/S/jenkins/workspace/ecg-mayausd-branch-preflight-python3-osx/build/Debug/plugin/al/schemas/AL/usd/schemas/maya/ModelAPI.h
    	    wrote /local/S/jenkins/workspace/ecg-mayausd-branch-preflight-python3-osx/build/Debug/plugin/al/schemas/AL/usd/schemas/maya/ModelAPI.cpp
    	    wrote /local/S/jenkins/workspace/ecg-mayausd-branch-preflight-python3-osx/build/Debug/plugin/al/schemas/AL/usd/schemas/maya/wrapModelAPI.cpp
    	    wrote /local/S/jenkins/workspace/ecg-mayausd-branch-preflight-python3-osx/build/Debug/plugin/al/schemas/AL/usd/schemas/maya/FrameRange.h
    	    wrote /local/S/jenkins/workspace/ecg-mayausd-branch-preflight-python3-osx/build/Debug/plugin/al/schemas/AL/usd/schemas/maya/FrameRange.cpp
    	    wrote /local/S/jenkins/workspace/ecg-mayausd-branch-preflight-python3-osx/build/Debug/plugin/al/schemas/AL/usd/schemas/maya/wrapFrameRange.cpp
    Loading Templates from /local/S/jenkins/workspace/shared/Artifactory/OSX/USD/7a53103/lib/usd/usd/resources/codegenTemplates
    	    wrote /local/S/jenkins/workspace/ecg-mayausd-branch-preflight-python3-osx/build/Debug/plugin/al/schemas/AL/usd/schemas/maya/plugInfo.json
    Generating Schematics:
    	    wrote /local/S/jenkins/workspace/ecg-mayausd-branch-preflight-python3-osx/build/Debug/plugin/al/schemas/AL/usd/schemas/maya/generatedSchema.usda
    Compiling '/local/S/jenkins/workspace/ecg-mayausd-branch-preflight-python3-osx/build/Debug/AL/usd/schemas/maya/__init__.py'...
    Compiling '/local/S/jenkins/workspace/ecg-mayausd-branch-preflight-python3-osx/build/Debug/AL/__init__.py'...
    Compiling '/local/S/jenkins/workspace/ecg-mayausd-branch-preflight-python3-osx/build/Debug/AL/usd/__init__.py'...
    Compiling '/local/S/jenkins/workspace/ecg-mayausd-branch-preflight-python3-osx/build/Debug/AL/usd/schemas/__init__.py'...
    Processing schema classes:
    ALExamplePolyCubeNode
    Loading Templates from /local/S/jenkins/workspace/shared/Artifactory/OSX/USD/7a53103/lib/usd/usd/resources/codegenTemplates
    Writing API:
    	    wrote /local/S/jenkins/workspace/ecg-mayausd-branch-preflight-python3-osx/build/Debug/plugin/al/schemas/AL/usd/schemas/mayatest/api.h
    Writing Schema Tokens:
    	    wrote /local/S/jenkins/workspace/ecg-mayausd-branch-preflight-python3-osx/build/Debug/plugin/al/schemas/AL/usd/schemas/mayatest/tokens.h
    	    wrote /local/S/jenkins/workspace/ecg-mayausd-branch-preflight-python3-osx/build/Debug/plugin/al/schemas/AL/usd/schemas/mayatest/tokens.cpp
    	    wrote /local/S/jenkins/workspace/ecg-mayausd-branch-preflight-python3-osx/build/Debug/plugin/al/schemas/AL/usd/schemas/mayatest/wrapTokens.cpp
    Generating Classes:
    	    wrote /local/S/jenkins/workspace/ecg-mayausd-branch-preflight-python3-osx/build/Debug/plugin/al/schemas/AL/usd/schemas/mayatest/ExamplePolyCubeNode.h
    	    wrote /local/S/jenkins/workspace/ecg-mayausd-branch-preflight-python3-osx/build/Debug/plugin/al/schemas/AL/usd/schemas/mayatest/ExamplePolyCubeNode.cpp
    	    wrote /local/S/jenkins/workspace/ecg-mayausd-branch-preflight-python3-osx/build/Debug/plugin/al/schemas/AL/usd/schemas/mayatest/wrapExamplePolyCubeNode.cpp
    Loading Templates from /local/S/jenkins/workspace/shared/Artifactory/OSX/USD/7a53103/lib/usd/usd/resources/codegenTemplates
    	    wrote /local/S/jenkins/workspace/ecg-mayausd-branch-preflight-python3-osx/build/Debug/plugin/al/schemas/AL/usd/schemas/mayatest/plugInfo.json
    Generating Schematics:
    	    wrote /local/S/jenkins/workspace/ecg-mayausd-branch-preflight-python3-osx/build/Debug/plugin/al/schemas/AL/usd/schemas/mayatest/generatedSchema.usda
    Compiling '/local/S/jenkins/workspace/ecg-mayausd-branch-preflight-python3-osx/build/Debug/AL/usd/schemas/mayatest/__init__.py'...
    Compiling '/local/S/jenkins/workspace/ecg-mayausd-branch-preflight-python3-osx/build/Debug/AL/__init__.py'...
    Compiling '/local/S/jenkins/workspace/ecg-mayausd-branch-preflight-python3-osx/build/Debug/AL/usd/__init__.py'...
    Compiling '/local/S/jenkins/workspace/ecg-mayausd-branch-preflight-python3-osx/build/Debug/AL/usd/schemas/__init__.py'...
    -- Building AL_USDMayaTranslators
    ========== ADSK USD Plugin ==========
    -- Configuring done
    CMake Warning at test/lib/usd/plugin/CMakeLists.txt:74 (add_library):
      Cannot generate a safe runtime search path for target usdTestUsdPlugin
      because there is a cycle in the constraint graph:
    
        dir 0 is [/local/S/jenkins/workspace/ecg-mayausd-branch-preflight-python3-osx/build/Debug/lib/mayaUsd]
        dir 1 is [/local/S/jenkins/workspace/shared/Artifactory/OSX/USD/7a53103/lib]
          dir 3 must precede it due to runtime library [libtbb_debug.dylib]
        dir 2 is [/local/S/jenkins/workspace/shared/Artifactory/OSX/rundev-master-debug/202102190915/runtime/f749fbd/devkitBase/devkit/ufe/lib]
        dir 3 is [/local/S/jenkins/workspace/shared/Artifactory/OSX/rundev-master-debug/202102190915/runtime/f749fbd/runTime/Maya.app/Contents/MacOS]
          dir 1 must precede it due to runtime library [libosdCPU.dylib]
          dir 2 must precede it due to runtime library [libufe_2.dylib]
        dir 4 is [/local/S/jenkins/workspace/ecg-mayausd-branch-preflight-python3-osx/build/Debug/lib/usd/utils]
    
      Some of these libraries may not be found correctly.
    
    
    CMake Warning at test/lib/usd/plugin/CMakeLists.txt:18 (add_library):
      Cannot generate a safe runtime search path for target usdTestMayaPlugin
      because there is a cycle in the constraint graph:
    
        dir 0 is [/local/S/jenkins/workspace/ecg-mayausd-branch-preflight-python3-osx/build/Debug/lib/mayaUsd]
        dir 1 is [/local/S/jenkins/workspace/shared/Artifactory/OSX/USD/7a53103/lib]
          dir 3 must precede it due to runtime library [libtbb_debug.dylib]
        dir 2 is [/local/S/jenkins/workspace/shared/Artifactory/OSX/rundev-master-debug/202102190915/runtime/f749fbd/devkitBase/devkit/ufe/lib]
        dir 3 is [/local/S/jenkins/workspace/shared/Artifactory/OSX/rundev-master-debug/202102190915/runtime/f749fbd/runTime/Maya.app/Contents/MacOS]
          dir 1 must precede it due to runtime library [libosdCPU.dylib]
          dir 2 must precede it due to runtime library [libufe_2.dylib]
        dir 4 is [/local/S/jenkins/workspace/ecg-mayausd-branch-preflight-python3-osx/build/Debug/lib/usd/utils]
    
      Some of these libraries may not be found correctly.
    
    
    CMake Warning at lib/mayaUsd/CMakeLists.txt:18 (add_library):
      Cannot generate a safe runtime search path for target mayaUsd because there
      is a cycle in the constraint graph:
    
        dir 0 is [/local/S/jenkins/workspace/shared/Artifactory/OSX/USD/7a53103/lib]
          dir 2 must precede it due to runtime library [libtbb_debug.dylib]
        dir 1 is [/local/S/jenkins/workspace/shared/Artifactory/OSX/rundev-master-debug/202102190915/runtime/f749fbd/devkitBase/devkit/ufe/lib]
        dir 2 is [/local/S/jenkins/workspace/shared/Artifactory/OSX/rundev-master-debug/202102190915/runtime/f749fbd/runTime/Maya.app/Contents/MacOS]
          dir 0 must precede it due to runtime library [libosdCPU.dylib]
          dir 1 must precede it due to runtime library [libufe_2.dylib]
        dir 3 is [/local/S/jenkins/workspace/ecg-mayausd-branch-preflight-python3-osx/build/Debug/lib/usd/utils]
    
      Some of these libraries may not be found correctly.
    
    
    CMake Warning at lib/mayaUsd/python/CMakeLists.txt:20 (add_library):
      Cannot generate a safe runtime search path for target _mayaUsd because
      there is a cycle in the constraint graph:
    
        dir 0 is [/local/S/jenkins/workspace/ecg-mayausd-branch-preflight-python3-osx/build/Debug/lib/mayaUsd]
        dir 1 is [/local/S/jenkins/workspace/shared/Artifactory/OSX/USD/7a53103/lib]
          dir 3 must precede it due to runtime library [libtbb_debug.dylib]
        dir 2 is [/local/S/jenkins/workspace/shared/Artifactory/OSX/rundev-master-debug/202102190915/runtime/f749fbd/devkitBase/devkit/ufe/lib]
        dir 3 is [/local/S/jenkins/workspace/shared/Artifactory/OSX/rundev-master-debug/202102190915/runtime/f749fbd/runTime/Maya.app/Contents/MacOS]
          dir 1 must precede it due to runtime library [libosdCPU.dylib]
          dir 2 must precede it due to runtime library [libufe_2.dylib]
        dir 4 is [/local/S/jenkins/workspace/ecg-mayausd-branch-preflight-python3-osx/build/Debug/lib/usd/utils]
    
      Some of these libraries may not be found correctly.
    
    
    CMake Warning at lib/mayaUsd/ufe/CMakeLists.txt:160 (add_library):
      Cannot generate a safe runtime search path for target _ufe because there is
      a cycle in the constraint graph:
    
        dir 0 is [/local/S/jenkins/workspace/ecg-mayausd-branch-preflight-python3-osx/build/Debug/lib/mayaUsd]
        dir 1 is [/local/S/jenkins/workspace/shared/Artifactory/OSX/USD/7a53103/lib]
          dir 3 must precede it due to runtime library [libtbb_debug.dylib]
        dir 2 is [/local/S/jenkins/workspace/shared/Artifactory/OSX/rundev-master-debug/202102190915/runtime/f749fbd/devkitBase/devkit/ufe/lib]
        dir 3 is [/local/S/jenkins/workspace/shared/Artifactory/OSX/rundev-master-debug/202102190915/runtime/f749fbd/runTime/Maya.app/Contents/MacOS]
          dir 1 must precede it due to runtime library [libosdCPU.dylib]
          dir 2 must precede it due to runtime library [libufe_2.dylib]
        dir 4 is [/local/S/jenkins/workspace/ecg-mayausd-branch-preflight-python3-osx/build/Debug/lib/usd/utils]
    
      Some of these libraries may not be found correctly.
    
    
    CMake Warning at lib/mayaUsd/render/mayaToHydra/CMakeLists.txt:3 (add_library):
      Cannot generate a safe runtime search path for target mtoh because there is
      a cycle in the constraint graph:
    
        dir 0 is [/local/S/jenkins/workspace/ecg-mayausd-branch-preflight-python3-osx/build/Debug/lib/usd/hdMaya]
        dir 1 is [/local/S/jenkins/workspace/ecg-mayausd-branch-preflight-python3-osx/build/Debug/lib/mayaUsd]
        dir 2 is [/local/S/jenkins/workspace/shared/Artifactory/OSX/USD/7a53103/lib]
          dir 4 must precede it due to runtime library [libtbb_debug.dylib]
        dir 3 is [/local/S/jenkins/workspace/shared/Artifactory/OSX/rundev-master-debug/202102190915/runtime/f749fbd/devkitBase/devkit/ufe/lib]
        dir 4 is [/local/S/jenkins/workspace/shared/Artifactory/OSX/rundev-master-debug/202102190915/runtime/f749fbd/runTime/Maya.app/Contents/MacOS]
          dir 2 must precede it due to runtime library [libosdCPU.dylib]
          dir 3 must precede it due to runtime library [libufe_2.dylib]
        dir 5 is [/local/S/jenkins/workspace/ecg-mayausd-branch-preflight-python3-osx/build/Debug/lib/usd/utils]
    
      Some of these libraries may not be found correctly.
    
    
    CMake Warning at lib/usd/hdMaya/CMakeLists.txt:3 (add_library):
      Cannot generate a safe runtime search path for target hdMaya because there
      is a cycle in the constraint graph:
    
        dir 0 is [/local/S/jenkins/workspace/ecg-mayausd-branch-preflight-python3-osx/build/Debug/lib/mayaUsd]
        dir 1 is [/local/S/jenkins/workspace/shared/Artifactory/OSX/USD/7a53103/lib]
          dir 3 must precede it due to runtime library [libtbb_debug.dylib]
        dir 2 is [/local/S/jenkins/workspace/shared/Artifactory/OSX/rundev-master-debug/202102190915/runtime/f749fbd/devkitBase/devkit/ufe/lib]
        dir 3 is [/local/S/jenkins/workspace/shared/Artifactory/OSX/rundev-master-debug/202102190915/runtime/f749fbd/runTime/Maya.app/Contents/MacOS]
          dir 1 must precede it due to runtime library [libosdCPU.dylib]
          dir 2 must precede it due to runtime library [libufe_2.dylib]
        dir 4 is [/local/S/jenkins/workspace/ecg-mayausd-branch-preflight-python3-osx/build/Debug/lib/usd/utils]
    
      Some of these libraries may not be found correctly.
    
    
    CMake Warning at lib/usd/pxrUsdPreviewSurface/CMakeLists.txt:26 (add_library):
      Cannot generate a safe runtime search path for target
      basePxrUsdPreviewSurface because there is a cycle in the constraint graph:
    
        dir 0 is [/local/S/jenkins/workspace/shared/Artifactory/OSX/rundev-master-debug/202102190915/runtime/f749fbd/runTime/Maya.app/Contents/MacOS]
          dir 2 must precede it due to runtime library [libosdCPU.dylib]
          dir 3 must precede it due to runtime library [libufe_2.dylib]
        dir 1 is [/local/S/jenkins/workspace/ecg-mayausd-branch-preflight-python3-osx/build/Debug/lib/mayaUsd]
        dir 2 is [/local/S/jenkins/workspace/shared/Artifactory/OSX/USD/7a53103/lib]
          dir 0 must precede it due to runtime library [libtbb_debug.dylib]
        dir 3 is [/local/S/jenkins/workspace/shared/Artifactory/OSX/rundev-master-debug/202102190915/runtime/f749fbd/devkitBase/devkit/ufe/lib]
        dir 4 is [/local/S/jenkins/workspace/ecg-mayausd-branch-preflight-python3-osx/build/Debug/lib/usd/utils]
    
      Some of these libraries may not be found correctly.
    
    
    CMake Warning at lib/usd/translators/CMakeLists.txt:11 (add_library):
      Cannot generate a safe runtime search path for target mayaUsd_Translators
      because there is a cycle in the constraint graph:
    
        dir 0 is [/local/S/jenkins/workspace/shared/Artifactory/OSX/rundev-master-debug/202102190915/runtime/f749fbd/runTime/Maya.app/Contents/MacOS]
          dir 3 must precede it due to runtime library [libosdCPU.dylib]
          dir 5 must precede it due to runtime library [libufe_2.dylib]
        dir 1 is [/local/S/jenkins/workspace/ecg-mayausd-branch-preflight-python3-osx/build/Debug/lib/usd/schemas]
        dir 2 is [/local/S/jenkins/workspace/ecg-mayausd-branch-preflight-python3-osx/build/Debug/lib/usd/pxrUsdPreviewSurface]
        dir 3 is [/local/S/jenkins/workspace/shared/Artifactory/OSX/USD/7a53103/lib]
          dir 0 must precede it due to runtime library [libtbb_debug.dylib]
        dir 4 is [/local/S/jenkins/workspace/ecg-mayausd-branch-preflight-python3-osx/build/Debug/lib/mayaUsd]
        dir 5 is [/local/S/jenkins/workspace/shared/Artifactory/OSX/rundev-master-debug/202102190915/runtime/f749fbd/devkitBase/devkit/ufe/lib]
        dir 6 is [/local/S/jenkins/workspace/ecg-mayausd-branch-preflight-python3-osx/build/Debug/lib/usd/utils]
    
      Some of these libraries may not be found correctly.
    
    
    CMake Warning at lib/usd/ui/CMakeLists.txt:23 (add_library):
      Cannot generate a safe runtime search path for target mayaUsdUI because
      there is a cycle in the constraint graph:
    
        dir 0 is [/local/S/jenkins/workspace/ecg-mayausd-branch-preflight-python3-osx/build/Debug/lib/mayaUsd]
        dir 1 is [/local/S/jenkins/workspace/shared/Artifactory/OSX/qt/5.15.2/06692ed/lib]
        dir 2 is [/local/S/jenkins/workspace/shared/Artifactory/OSX/USD/7a53103/lib]
          dir 4 must precede it due to runtime library [libtbb_debug.dylib]
        dir 3 is [/local/S/jenkins/workspace/shared/Artifactory/OSX/rundev-master-debug/202102190915/runtime/f749fbd/devkitBase/devkit/ufe/lib]
        dir 4 is [/local/S/jenkins/workspace/shared/Artifactory/OSX/rundev-master-debug/202102190915/runtime/f749fbd/runTime/Maya.app/Contents/MacOS]
          dir 1 must precede it due to runtime library [libQt5Widgets_debug.5.15.2.dylib]
          dir 2 must precede it due to runtime library [libosdCPU.dylib]
          dir 3 must precede it due to runtime library [libufe_2.dylib]
        dir 5 is [/local/S/jenkins/workspace/ecg-mayausd-branch-preflight-python3-osx/build/Debug/lib/usd/utils]
    
      Some of these libraries may not be found correctly.
    
    
    CMake Warning at lib/usd/ui/importDialogDemo/CMakeLists.txt:18 (add_executable):
      Cannot generate a safe runtime search path for target testMayaUsdUI because
      there is a cycle in the constraint graph:
    
        dir 0 is [/local/S/jenkins/workspace/ecg-mayausd-branch-preflight-python3-osx/build/Debug/lib/usd/ui]
        dir 1 is [/local/S/jenkins/workspace/shared/Artifactory/OSX/qt/5.15.2/06692ed/lib]
        dir 2 is [/local/S/jenkins/workspace/ecg-mayausd-branch-preflight-python3-osx/build/Debug/lib/mayaUsd]
        dir 3 is [/local/S/jenkins/workspace/shared/Artifactory/OSX/USD/7a53103/lib]
          dir 5 must precede it due to runtime library [libtbb_debug.dylib]
        dir 4 is [/local/S/jenkins/workspace/shared/Artifactory/OSX/rundev-master-debug/202102190915/runtime/f749fbd/devkitBase/devkit/ufe/lib]
        dir 5 is [/local/S/jenkins/workspace/shared/Artifactory/OSX/rundev-master-debug/202102190915/runtime/f749fbd/runTime/Maya.app/Contents/MacOS]
          dir 1 must precede it due to runtime library [libQt5Widgets_debug.5.15.2.dylib]
          dir 3 must precede it due to runtime library [libosdCPU.dylib]
          dir 4 must precede it due to runtime library [libufe_2.dylib]
        dir 6 is [/local/S/jenkins/workspace/ecg-mayausd-branch-preflight-python3-osx/build/Debug/lib/usd/utils]
    
      Some of these libraries may not be found correctly.
    
    
    CMake Warning at plugin/pxr/cmake/macros/Private.cmake:1060 (add_library):
      Cannot generate a safe runtime search path for target usdMaya because there
      is a cycle in the constraint graph:
    
        dir 0 is [/local/S/jenkins/workspace/ecg-mayausd-branch-preflight-python3-osx/build/Debug/lib/mayaUsd]
        dir 1 is [/local/S/jenkins/workspace/shared/Artifactory/OSX/USD/7a53103/lib]
          dir 3 must precede it due to runtime library [libtbb_debug.dylib]
        dir 2 is [/local/S/jenkins/workspace/shared/Artifactory/OSX/rundev-master-debug/202102190915/runtime/f749fbd/devkitBase/devkit/ufe/lib]
        dir 3 is [/local/S/jenkins/workspace/shared/Artifactory/OSX/rundev-master-debug/202102190915/runtime/f749fbd/runTime/Maya.app/Contents/MacOS]
          dir 1 must precede it due to runtime library [libosdCPU.dylib]
          dir 2 must precede it due to runtime library [libufe_2.dylib]
        dir 4 is [/local/S/jenkins/workspace/ecg-mayausd-branch-preflight-python3-osx/build/Debug/lib/usd/utils]
    
      Some of these libraries may not be found correctly.
    Call Stack (most recent call first):
      plugin/pxr/cmake/macros/Public.cmake:131 (_pxr_library)
      plugin/pxr/cmake/macros/Public.cmake:162 (pxr_library)
      plugin/pxr/maya/lib/usdMaya/CMakeLists.txt:3 (pxr_shared_library)
    
    
    CMake Warning at plugin/pxr/cmake/macros/Private.cmake:842 (add_library):
      Cannot generate a safe runtime search path for target _usdMaya because
      there is a cycle in the constraint graph:
    
        dir 0 is [/local/S/jenkins/workspace/ecg-mayausd-branch-preflight-python3-osx/build/Debug/plugin/pxr/maya/lib/usdMaya]
        dir 1 is [/local/S/jenkins/workspace/ecg-mayausd-branch-preflight-python3-osx/build/Debug/lib/mayaUsd]
        dir 2 is [/local/S/jenkins/workspace/shared/Artifactory/OSX/USD/7a53103/lib]
          dir 4 must precede it due to runtime library [libtbb_debug.dylib]
        dir 3 is [/local/S/jenkins/workspace/shared/Artifactory/OSX/rundev-master-debug/202102190915/runtime/f749fbd/devkitBase/devkit/ufe/lib]
        dir 4 is [/local/S/jenkins/workspace/shared/Artifactory/OSX/rundev-master-debug/202102190915/runtime/f749fbd/runTime/Maya.app/Contents/MacOS]
          dir 2 must precede it due to runtime library [libosdCPU.dylib]
          dir 3 must precede it due to runtime library [libufe_2.dylib]
        dir 5 is [/local/S/jenkins/workspace/ecg-mayausd-branch-preflight-python3-osx/build/Debug/lib/usd/utils]
    
      Some of these libraries may not be found correctly.
    Call Stack (most recent call first):
      plugin/pxr/cmake/macros/Public.cmake:148 (_pxr_python_module)
      plugin/pxr/cmake/macros/Public.cmake:162 (pxr_library)
      plugin/pxr/maya/lib/usdMaya/CMakeLists.txt:3 (pxr_shared_library)
    
    
    CMake Warning at plugin/pxr/cmake/macros/Private.cmake:1060 (add_library):
      Cannot generate a safe runtime search path for target pxrUsd because there
      is a cycle in the constraint graph:
    
        dir 0 is [/local/S/jenkins/workspace/ecg-mayausd-branch-preflight-python3-osx/build/Debug/plugin/pxr/maya/lib/usdMaya]
        dir 1 is [/local/S/jenkins/workspace/shared/Artifactory/OSX/rundev-master-debug/202102190915/runtime/f749fbd/devkitBase/devkit/ufe/lib]
        dir 2 is [/local/S/jenkins/workspace/ecg-mayausd-branch-preflight-python3-osx/build/Debug/lib/mayaUsd]
        dir 3 is [/local/S/jenkins/workspace/shared/Artifactory/OSX/USD/7a53103/lib]
          dir 4 must precede it due to runtime library [libtbb_debug.dylib]
        dir 4 is [/local/S/jenkins/workspace/shared/Artifactory/OSX/rundev-master-debug/202102190915/runtime/f749fbd/runTime/Maya.app/Contents/MacOS]
          dir 1 must precede it due to runtime library [libufe_2.dylib]
          dir 3 must precede it due to runtime library [libosdCPU.dylib]
        dir 5 is [/local/S/jenkins/workspace/ecg-mayausd-branch-preflight-python3-osx/build/Debug/lib/usd/utils]
    
      Some of these libraries may not be found correctly.
    Call Stack (most recent call first):
      plugin/pxr/cmake/macros/Public.cmake:131 (_pxr_library)
      plugin/pxr/cmake/macros/Public.cmake:166 (pxr_library)
      plugin/pxr/maya/plugin/pxrUsd/CMakeLists.txt:3 (pxr_plugin)
    
    
    CMake Warning at plugin/pxr/cmake/macros/Private.cmake:1060 (add_library):
      Cannot generate a safe runtime search path for target pxrUsdPreviewSurface
      because there is a cycle in the constraint graph:
    
        dir 0 is [/local/S/jenkins/workspace/ecg-mayausd-branch-preflight-python3-osx/build/Debug/lib/usd/pxrUsdPreviewSurface]
        dir 1 is [/local/S/jenkins/workspace/ecg-mayausd-branch-preflight-python3-osx/build/Debug/lib/mayaUsd]
        dir 2 is [/local/S/jenkins/workspace/shared/Artifactory/OSX/USD/7a53103/lib]
          dir 4 must precede it due to runtime library [libtbb_debug.dylib]
        dir 3 is [/local/S/jenkins/workspace/shared/Artifactory/OSX/rundev-master-debug/202102190915/runtime/f749fbd/devkitBase/devkit/ufe/lib]
        dir 4 is [/local/S/jenkins/workspace/shared/Artifactory/OSX/rundev-master-debug/202102190915/runtime/f749fbd/runTime/Maya.app/Contents/MacOS]
          dir 2 must precede it due to runtime library [libosdCPU.dylib]
          dir 3 must precede it due to runtime library [libufe_2.dylib]
        dir 5 is [/local/S/jenkins/workspace/ecg-mayausd-branch-preflight-python3-osx/build/Debug/lib/usd/utils]
    
      Some of these libraries may not be found correctly.
    Call Stack (most recent call first):
      plugin/pxr/cmake/macros/Public.cmake:131 (_pxr_library)
      plugin/pxr/cmake/macros/Public.cmake:166 (pxr_library)
      plugin/pxr/maya/plugin/pxrUsdPreviewSurface/CMakeLists.txt:3 (pxr_plugin)
    
    
    CMake Warning at plugin/al/mayatest/AL/maya/test/CMakeLists.txt:13 (add_library):
      Cannot generate a safe runtime search path for target AL_MayaTest because
      there is a cycle in the constraint graph:
    
        dir 0 is [/local/S/jenkins/workspace/ecg-mayausd-branch-preflight-python3-osx/build/Debug/googletest-install/lib]
        dir 1 is [/local/S/jenkins/workspace/shared/Artifactory/OSX/rundev-master-debug/202102190915/runtime/f749fbd/runTime/Maya.app/Contents/MacOS]
          dir 2 must precede it due to runtime library [libtbb_debug.dylib]
        dir 2 is [/local/S/jenkins/workspace/shared/Artifactory/OSX/USD/7a53103/lib]
          dir 1 must precede it due to runtime library [libtbb_debug.dylib]
    
      Some of these libraries may not be found correctly.
    
    
    CMake Warning at plugin/al/mayautils/AL/maya/tests/mayaplugintest/CMakeLists.txt:5 (add_library):
      Cannot generate a safe runtime search path for target AL_MayaUtilsTests
      because there is a cycle in the constraint graph:
    
        dir 0 is [/local/S/jenkins/workspace/ecg-mayausd-branch-preflight-python3-osx/build/Debug/googletest-install/lib]
        dir 1 is [/local/S/jenkins/workspace/ecg-mayausd-branch-preflight-python3-osx/build/Debug/plugin/al/mayatest/AL/maya/test]
        dir 2 is [/local/S/jenkins/workspace/ecg-mayausd-branch-preflight-python3-osx/build/Debug/plugin/al/mayautils/AL/maya]
        dir 3 is [/local/S/jenkins/workspace/shared/Artifactory/OSX/rundev-master-debug/202102190915/runtime/f749fbd/runTime/Maya.app/Contents/MacOS]
          dir 6 must precede it due to runtime library [libtbb_debug.dylib]
        dir 4 is [/local/S/jenkins/workspace/ecg-mayausd-branch-preflight-python3-osx/build/Debug/plugin/al/utils/AL]
        dir 5 is [/local/S/jenkins/workspace/ecg-mayausd-branch-preflight-python3-osx/build/Debug/lib/usd/utils]
        dir 6 is [/local/S/jenkins/workspace/shared/Artifactory/OSX/USD/7a53103/lib]
          dir 3 must precede it due to runtime library [libtbb_debug.dylib]
    
      Some of these libraries may not be found correctly.
    
    
    CMake Warning at plugin/al/lib/AL_USDMaya/CMakeLists.txt:246 (add_library):
      Cannot generate a safe runtime search path for target _AL_USDMaya because
      there is a cycle in the constraint graph:
    
        dir 0 is [/local/S/jenkins/workspace/ecg-mayausd-branch-preflight-python3-osx/build/Debug/plugin/al/lib/AL_USDMaya]
        dir 1 is [/local/S/jenkins/workspace/ecg-mayausd-branch-preflight-python3-osx/build/Debug/plugin/al/usdmayautils/AL/usdmaya/utils]
        dir 2 is [/local/S/jenkins/workspace/ecg-mayausd-branch-preflight-python3-osx/build/Debug/plugin/al/mayautils/AL/maya]
        dir 3 is [/local/S/jenkins/workspace/ecg-mayausd-branch-preflight-python3-osx/build/Debug/plugin/al/utils/AL]
        dir 4 is [/local/S/jenkins/workspace/ecg-mayausd-branch-preflight-python3-osx/build/Debug/plugin/al/usdtransaction/AL/usd/transaction]
        dir 5 is [/local/S/jenkins/workspace/shared/Artifactory/OSX/USD/7a53103/lib]
          dir 8 must precede it due to runtime library [libtbb_debug.dylib]
        dir 6 is [/local/S/jenkins/workspace/ecg-mayausd-branch-preflight-python3-osx/build/Debug/lib/mayaUsd]
        dir 7 is [/local/S/jenkins/workspace/ecg-mayausd-branch-preflight-python3-osx/build/Debug/lib/usd/utils]
        dir 8 is [/local/S/jenkins/workspace/shared/Artifactory/OSX/rundev-master-debug/202102190915/runtime/f749fbd/runTime/Maya.app/Contents/MacOS]
          dir 5 must precede it due to runtime library [libosdCPU.dylib]
          dir 9 must precede it due to runtime library [libufe_2.dylib]
        dir 9 is [/local/S/jenkins/workspace/shared/Artifactory/OSX/rundev-master-debug/202102190915/runtime/f749fbd/devkitBase/devkit/ufe/lib]
    
      Some of these libraries may not be found correctly.
    
    
    CMake Warning at plugin/al/lib/AL_USDMaya/CMakeLists.txt:154 (add_library):
      Cannot generate a safe runtime search path for target AL_USDMaya because
      there is a cycle in the constraint graph:
    
        dir 0 is [/local/S/jenkins/workspace/ecg-mayausd-branch-preflight-python3-osx/build/Debug/plugin/al/usdmayautils/AL/usdmaya/utils]
        dir 1 is [/local/S/jenkins/workspace/ecg-mayausd-branch-preflight-python3-osx/build/Debug/plugin/al/mayautils/AL/maya]
        dir 2 is [/local/S/jenkins/workspace/ecg-mayausd-branch-preflight-python3-osx/build/Debug/plugin/al/usdtransaction/AL/usd/transaction]
        dir 3 is [/local/S/jenkins/workspace/shared/Artifactory/OSX/USD/7a53103/lib]
          dir 8 must precede it due to runtime library [libtbb_debug.dylib]
        dir 4 is [/local/S/jenkins/workspace/ecg-mayausd-branch-preflight-python3-osx/build/Debug/lib/mayaUsd]
        dir 5 is [/local/S/jenkins/workspace/shared/Artifactory/OSX/rundev-master-debug/202102190915/runtime/f749fbd/devkitBase/devkit/ufe/lib]
        dir 6 is [/local/S/jenkins/workspace/ecg-mayausd-branch-preflight-python3-osx/build/Debug/plugin/al/utils/AL]
        dir 7 is [/local/S/jenkins/workspace/ecg-mayausd-branch-preflight-python3-osx/build/Debug/lib/usd/utils]
        dir 8 is [/local/S/jenkins/workspace/shared/Artifactory/OSX/rundev-master-debug/202102190915/runtime/f749fbd/runTime/Maya.app/Contents/MacOS]
          dir 3 must precede it due to runtime library [libosdCPU.dylib]
          dir 5 must precede it due to runtime library [libufe_2.dylib]
    
      Some of these libraries may not be found correctly.
    
    
    CMake Warning at plugin/al/plugin/AL_USDMayaPlugin/CMakeLists.txt:3 (add_library):
      Cannot generate a safe runtime search path for target AL_USDMayaPlugin
      because there is a cycle in the constraint graph:
    
        dir 0 is [/local/S/jenkins/workspace/ecg-mayausd-branch-preflight-python3-osx/build/Debug/plugin/al/lib/AL_USDMaya]
        dir 1 is [/local/S/jenkins/workspace/shared/Artifactory/OSX/rundev-master-debug/202102190915/runtime/f749fbd/runTime/Maya.app/Contents/MacOS]
          dir 6 must precede it due to runtime library [libosdCPU.dylib]
          dir 9 must precede it due to runtime library [libufe_2.dylib]
        dir 2 is [/local/S/jenkins/workspace/ecg-mayausd-branch-preflight-python3-osx/build/Debug/plugin/al/usdmayautils/AL/usdmaya/utils]
        dir 3 is [/local/S/jenkins/workspace/ecg-mayausd-branch-preflight-python3-osx/build/Debug/plugin/al/mayautils/AL/maya]
        dir 4 is [/local/S/jenkins/workspace/ecg-mayausd-branch-preflight-python3-osx/build/Debug/plugin/al/utils/AL]
        dir 5 is [/local/S/jenkins/workspace/ecg-mayausd-branch-preflight-python3-osx/build/Debug/plugin/al/usdtransaction/AL/usd/transaction]
        dir 6 is [/local/S/jenkins/workspace/shared/Artifactory/OSX/USD/7a53103/lib]
          dir 1 must precede it due to runtime library [libtbb_debug.dylib]
        dir 7 is [/local/S/jenkins/workspace/ecg-mayausd-branch-preflight-python3-osx/build/Debug/lib/mayaUsd]
        dir 8 is [/local/S/jenkins/workspace/ecg-mayausd-branch-preflight-python3-osx/build/Debug/lib/usd/utils]
        dir 9 is [/local/S/jenkins/workspace/shared/Artifactory/OSX/rundev-master-debug/202102190915/runtime/f749fbd/devkitBase/devkit/ufe/lib]
    
      Some of these libraries may not be found correctly.
    
    
    CMake Warning at plugin/al/plugin/AL_USDMayaTestPlugin/CMakeLists.txt:5 (add_library):
      Cannot generate a safe runtime search path for target AL_USDMayaTestPlugin
      because there is a cycle in the constraint graph:
    
        dir 0 is [/local/S/jenkins/workspace/ecg-mayausd-branch-preflight-python3-osx/build/Debug/plugin/al/lib/AL_USDMaya]
        dir 1 is [/local/S/jenkins/workspace/ecg-mayausd-branch-preflight-python3-osx/build/Debug/plugin/al/mayatest/AL/maya/test]
        dir 2 is [/local/S/jenkins/workspace/ecg-mayausd-branch-preflight-python3-osx/build/Debug/plugin/al/schemas/AL/usd/schemas/maya]
        dir 3 is [/local/S/jenkins/workspace/ecg-mayausd-branch-preflight-python3-osx/build/Debug/plugin/al/schemas/AL/usd/schemas/mayatest]
        dir 4 is [/local/S/jenkins/workspace/ecg-mayausd-branch-preflight-python3-osx/build/Debug/googletest-install/lib]
        dir 5 is [/local/S/jenkins/workspace/ecg-mayausd-branch-preflight-python3-osx/build/Debug/plugin/al/usdmayautils/AL/usdmaya/utils]
        dir 6 is [/local/S/jenkins/workspace/ecg-mayausd-branch-preflight-python3-osx/build/Debug/plugin/al/mayautils/AL/maya]
        dir 7 is [/local/S/jenkins/workspace/ecg-mayausd-branch-preflight-python3-osx/build/Debug/plugin/al/utils/AL]
        dir 8 is [/local/S/jenkins/workspace/ecg-mayausd-branch-preflight-python3-osx/build/Debug/plugin/al/usdtransaction/AL/usd/transaction]
        dir 9 is [/local/S/jenkins/workspace/shared/Artifactory/OSX/USD/7a53103/lib]
          dir 13 must precede it due to runtime library [libtbb_debug.dylib]
        dir 10 is [/local/S/jenkins/workspace/ecg-mayausd-branch-preflight-python3-osx/build/Debug/lib/mayaUsd]
        dir 11 is [/local/S/jenkins/workspace/ecg-mayausd-branch-preflight-python3-osx/build/Debug/lib/usd/utils]
        dir 12 is [/local/S/jenkins/workspace/shared/Artifactory/OSX/rundev-master-debug/202102190915/runtime/f749fbd/devkitBase/devkit/ufe/lib]
        dir 13 is [/local/S/jenkins/workspace/shared/Artifactory/OSX/rundev-master-debug/202102190915/runtime/f749fbd/runTime/Maya.app/Contents/MacOS]
          dir 9 must precede it due to runtime library [libosdCPU.dylib]
          dir 12 must precede it due to runtime library [libufe_2.dylib]
    
      Some of these libraries may not be found correctly.
    
    
    CMake Warning at plugin/al/translators/CMakeLists.txt:16 (add_library):
      Cannot generate a safe runtime search path for target AL_USDMayaTranslators
      because there is a cycle in the constraint graph:
    
        dir 0 is [/local/S/jenkins/workspace/ecg-mayausd-branch-preflight-python3-osx/build/Debug/plugin/al/lib/AL_USDMaya]
        dir 1 is [/local/S/jenkins/workspace/ecg-mayausd-branch-preflight-python3-osx/build/Debug/plugin/al/schemas/AL/usd/schemas/maya]
        dir 2 is [/local/S/jenkins/workspace/ecg-mayausd-branch-preflight-python3-osx/build/Debug/lib/mayaUsd]
        dir 3 is [/local/S/jenkins/workspace/ecg-mayausd-branch-preflight-python3-osx/build/Debug/lib/usd/schemas]
        dir 4 is [/local/S/jenkins/workspace/shared/Artifactory/OSX/USD/7a53103/lib]
          dir 5 must precede it due to runtime library [libtbb_debug.dylib]
        dir 5 is [/local/S/jenkins/workspace/shared/Artifactory/OSX/rundev-master-debug/202102190915/runtime/f749fbd/runTime/Maya.app/Contents/MacOS]
          dir 4 must precede it due to runtime library [libosdCPU.dylib]
          dir 11 must precede it due to runtime library [libufe_2.dylib]
        dir 6 is [/local/S/jenkins/workspace/ecg-mayausd-branch-preflight-python3-osx/build/Debug/plugin/al/usdmayautils/AL/usdmaya/utils]
        dir 7 is [/local/S/jenkins/workspace/ecg-mayausd-branch-preflight-python3-osx/build/Debug/plugin/al/mayautils/AL/maya]
        dir 8 is [/local/S/jenkins/workspace/ecg-mayausd-branch-preflight-python3-osx/build/Debug/plugin/al/utils/AL]
        dir 9 is [/local/S/jenkins/workspace/ecg-mayausd-branch-preflight-python3-osx/build/Debug/lib/usd/utils]
        dir 10 is [/local/S/jenkins/workspace/ecg-mayausd-branch-preflight-python3-osx/build/Debug/plugin/al/usdtransaction/AL/usd/transaction]
        dir 11 is [/local/S/jenkins/workspace/shared/Artifactory/OSX/rundev-master-debug/202102190915/runtime/f749fbd/devkitBase/devkit/ufe/lib]
    
      Some of these libraries may not be found correctly.
    
    
    CMake Warning at plugin/al/translators/pxrUsdTranslators/CMakeLists.txt:27 (add_library):
      Cannot generate a safe runtime search path for target
      AL_USDMayaPxrTranslators because there is a cycle in the constraint graph:
    
        dir 0 is [/local/S/jenkins/workspace/ecg-mayausd-branch-preflight-python3-osx/build/Debug/plugin/al/schemas/AL/usd/schemas/maya]
        dir 1 is [/local/S/jenkins/workspace/ecg-mayausd-branch-preflight-python3-osx/build/Debug/lib/usd/schemas]
        dir 2 is [/local/S/jenkins/workspace/ecg-mayausd-branch-preflight-python3-osx/build/Debug/plugin/al/lib/AL_USDMaya]
        dir 3 is [/local/S/jenkins/workspace/ecg-mayausd-branch-preflight-python3-osx/build/Debug/plugin/pxr/maya/lib/usdMaya]
        dir 4 is [/local/S/jenkins/workspace/ecg-mayausd-branch-preflight-python3-osx/build/Debug/plugin/al/usdmayautils/AL/usdmaya/utils]
        dir 5 is [/local/S/jenkins/workspace/ecg-mayausd-branch-preflight-python3-osx/build/Debug/plugin/al/mayautils/AL/maya]
        dir 6 is [/local/S/jenkins/workspace/ecg-mayausd-branch-preflight-python3-osx/build/Debug/plugin/al/utils/AL]
        dir 7 is [/local/S/jenkins/workspace/ecg-mayausd-branch-preflight-python3-osx/build/Debug/plugin/al/usdtransaction/AL/usd/transaction]
        dir 8 is [/local/S/jenkins/workspace/shared/Artifactory/OSX/USD/7a53103/lib]
          dir 12 must precede it due to runtime library [libtbb_debug.dylib]
        dir 9 is [/local/S/jenkins/workspace/ecg-mayausd-branch-preflight-python3-osx/build/Debug/lib/mayaUsd]
        dir 10 is [/local/S/jenkins/workspace/ecg-mayausd-branch-preflight-python3-osx/build/Debug/lib/usd/utils]
        dir 11 is [/local/S/jenkins/workspace/shared/Artifactory/OSX/rundev-master-debug/202102190915/runtime/f749fbd/devkitBase/devkit/ufe/lib]
        dir 12 is [/local/S/jenkins/workspace/shared/Artifactory/OSX/rundev-master-debug/202102190915/runtime/f749fbd/runTime/Maya.app/Contents/MacOS]
          dir 8 must precede it due to runtime library [libosdCPU.dylib]
          dir 11 must precede it due to runtime library [libufe_2.dylib]
    
      Some of these libraries may not be found correctly.
    
    
    CMake Warning at plugin/adsk/plugin/CMakeLists.txt:18 (add_library):
      Cannot generate a safe runtime search path for target mayaUsdPlugin because
      there is a cycle in the constraint graph:
    
        dir 0 is [/local/S/jenkins/workspace/shared/Artifactory/OSX/rundev-master-debug/202102190915/runtime/f749fbd/devkitBase/devkit/ufe/lib]
        dir 1 is [/local/S/jenkins/workspace/ecg-mayausd-branch-preflight-python3-osx/build/Debug/lib/usd/pxrUsdPreviewSurface]
        dir 2 is [/local/S/jenkins/workspace/ecg-mayausd-branch-preflight-python3-osx/build/Debug/lib/usd/ui]
        dir 3 is [/local/S/jenkins/workspace/ecg-mayausd-branch-preflight-python3-osx/build/Debug/lib/mayaUsd]
        dir 4 is [/local/S/jenkins/workspace/shared/Artifactory/OSX/USD/7a53103/lib]
          dir 5 must precede it due to runtime library [libtbb_debug.dylib]
        dir 5 is [/local/S/jenkins/workspace/shared/Artifactory/OSX/rundev-master-debug/202102190915/runtime/f749fbd/runTime/Maya.app/Contents/MacOS]
          dir 0 must precede it due to runtime library [libufe_2.dylib]
          dir 4 must precede it due to runtime library [libosdCPU.dylib]
        dir 6 is [/local/S/jenkins/workspace/ecg-mayausd-branch-preflight-python3-osx/build/Debug/lib/usd/utils]
    
      Some of these libraries may not be found correctly.
    
    
    -- Generating done
    -- Build files have been written to: /local/S/jenkins/workspace/ecg-mayausd-branch-preflight-python3-osx/build/Debug
    
        Building with settings:
          Source directory          /local/S/jenkins/workspace/ecg-mayausd-branch-preflight-python3-osx/ecg-maya-usd/maya-usd
          Workspace directory       /local/S/jenkins/workspace/ecg-mayausd-branch-preflight-python3-osx
          Build directory           /local/S/jenkins/workspace/ecg-mayausd-branch-preflight-python3-osx/build/Debug
          Install directory         /local/S/jenkins/workspace/ecg-mayausd-branch-preflight-python3-osx/install/Debug/MayaUSD
          Variant                   Debug
          Python Debug              Off
          CMake generator           Ninja
          Build arguments           ['-DCMAKE_MAKE_PROGRAM=/local/S/jenkins/workspace/shared/Artifactory/OSX/ninja/1.9.0/41005eb/ninja', '-DPYTHON_INCLUDE_DIR=/local/S/jenkins/workspace/shared/Artifactory/OSX/rundev-master-debug/202102190915/runtime/f749fbd/runTime/Maya.app/Contents/Frameworks/Python.framework/Versions/Current/include/python3.7m', '-DPython_EXECUTABLE=/local/S/jenkins/workspace/shared/Artifactory/OSX/rundev-master-debug/202102190915/runtime/f749fbd/runTime/Maya.app/Contents/bin/mayapy', '-DPYTHON_LIBRARIES=/local/S/jenkins/workspace/shared/Artifactory/OSX/rundev-master-debug/202102190915/runtime/f749fbd/runTime/Maya.app/Contents/Frameworks/Python.framework/Versions/Current/lib/libpython3.7m.dylib', '-DBUILD_WITH_PYTHON_3=ON', '-DMAYAUSD_TO_USD_RELATIVE_PATH=../USD']
          Stages arguments          ['configure']
          CTest arguments           ['-E testUsdReferenceAssemblySelection|testUsdMayaAppDir|testUsdExportAsClip', '-LE interactive', '--parallel 8']
    Success MayaUSD build and install !!!!
    Elapsed time: 00:00:28
[Pipeline] }
[Pipeline] // withEnv
[Pipeline] withEnv
[Pipeline] {
[Pipeline] sh
[ecg-mayausd-branch-preflight-python3-osx] Running shell script
+ python ecg-maya-usd/build.py --stages=configure --workspace-dir=/local/S/jenkins/workspace/ecg-mayausd-branch-preflight-python3-osx --artifactory-dir=/local/S/jenkins/workspace/shared/Artifactory --build-dir=/local/S/jenkins/workspace/ecg-mayausd-branch-preflight-python3-osx/build --install-dir=/local/S/jenkins/workspace/ecg-mayausd-branch-preflight-python3-osx/install --signing-dir=/local/S/jenkins/workspace/ecg-mayausd-branch-preflight-python3-osx/signing --package-dir=/local/S/jenkins/workspace/ecg-mayausd-branch-preflight-python3-osx/package --output-dir=/local/S/jenkins/workspace/ecg-mayausd-branch-preflight-python3-osx/output --stash-dir=/local/S/jenkins/workspace/ecg-mayausd-branch-preflight-python3-osx/stash --jenkins-build=647 --git-commit=7e2962ff36a1f7470a02e509fd7b99ef4c7d04c4 --git-branch=master --variants=RelWithDebInfo --python=3 --maya-cut-config=maya-rundev-master.yaml --stage-banner
Using Maya cut from /local/S/jenkins/workspace/shared/Artifactory/OSX/rundev-master/202102192115/runtime/db69f03

================================================================================
                           configure (RelWithDebInfo)
================================================================================
running configure stage....................
Maya Python RelWithDebInfo Info:
  mayapy executable   = /local/S/jenkins/workspace/shared/Artifactory/OSX/rundev-master/202102192115/runtime/db69f03/runTime/Maya.app/Contents/bin/mayapy
  Include Folder      = /local/S/jenkins/workspace/shared/Artifactory/OSX/rundev-master/202102192115/runtime/db69f03/runTime/Maya.app/Contents/Frameworks/Python.framework/Versions/Current/include/python3.7m
  Library             = /local/S/jenkins/workspace/shared/Artifactory/OSX/rundev-master/202102192115/runtime/db69f03/runTime/Maya.app/Contents/Frameworks/Python.framework/Versions/Current/lib/libpython3.7m.dylib
  site-package Folder = /local/S/jenkins/workspace/shared/Artifactory/OSX/rundev-master/202102192115/runtime/db69f03/runTime/Maya.app/Contents/Frameworks/Python.framework/Versions/Current/lib/python3.7/site-packages
In workdir: /local/S/jenkins/workspace/ecg-mayausd-branch-preflight-python3-osx/ecg-maya-usd/maya-usd
Executing: /local/S/jenkins/workspace/shared/Artifactory/OSX/rundev-master/202102192115/runtime/db69f03/runTime/Maya.app/Contents/bin/mayapy /local/S/jenkins/workspace/ecg-mayausd-branch-preflight-python3-osx/ecg-maya-usd/maya-usd/build.py --generator Ninja --build-relwithdebug --maya-location /local/S/jenkins/workspace/shared/Artifactory/OSX/rundev-master/202102192115/runtime/db69f03/runTime --devkit-location /local/S/jenkins/workspace/shared/Artifactory/OSX/rundev-master/202102192115/runtime/db69f03/devkitBase --pxrusd-location /local/S/jenkins/workspace/shared/Artifactory/OSX/USD/2323ac2 --qt-location /local/S/jenkins/workspace/shared/Artifactory/OSX/qt/5.15.2/06692ed --build-args=-DCMAKE_MAKE_PROGRAM=/local/S/jenkins/workspace/shared/Artifactory/OSX/ninja/1.9.0/41005eb/ninja,-DPYTHON_INCLUDE_DIR=/local/S/jenkins/workspace/shared/Artifactory/OSX/rundev-master/202102192115/runtime/db69f03/runTime/Maya.app/Contents/Frameworks/Python.framework/Versions/Current/include/python3.7m,-DPython_EXECUTABLE=/local/S/jenkins/workspace/shared/Artifactory/OSX/rundev-master/202102192115/runtime/db69f03/runTime/Maya.app/Contents/bin/mayapy,-DPYTHON_LIBRARIES=/local/S/jenkins/workspace/shared/Artifactory/OSX/rundev-master/202102192115/runtime/db69f03/runTime/Maya.app/Contents/Frameworks/Python.framework/Versions/Current/lib/libpython3.7m.dylib,-DBUILD_WITH_PYTHON_3=ON,-DMAYAUSD_TO_USD_RELATIVE_PATH=../USD '--ctest-args=-E testUsdReferenceAssemblySelection|testUsdMayaAppDir|testUsdExportAsClip,-LE interactive,--parallel 8' --stages=configure --redirect-outstream-file=False --install-location /local/S/jenkins/workspace/ecg-mayausd-branch-preflight-python3-osx/install/RelWithDebInfo/MayaUSD /local/S/jenkins/workspace/ecg-mayausd-branch-preflight-python3-osx
Modified environment variables:
    PATH=/local/S/jenkins/workspace/shared/Artifactory/OSX/cmake/3.14.4/e159059/bin:/usr/local/bin:/bin:/usr/sbin:/sbin:/usr/bin
    -- The C compiler identification is AppleClang 10.0.1.10010046
    -- The CXX compiler identification is AppleClang 10.0.1.10010046
    -- Check for working C compiler: /Applications/Xcode.app/Contents/Developer/Toolchains/XcodeDefault.xctoolchain/usr/bin/cc
    -- Check for working C compiler: /Applications/Xcode.app/Contents/Developer/Toolchains/XcodeDefault.xctoolchain/usr/bin/cc -- works
    -- Detecting C compiler ABI info
    -- Detecting C compiler ABI info - done
    -- Detecting C compile features
    -- Detecting C compile features - done
    -- Check for working CXX compiler: /Applications/Xcode.app/Contents/Developer/Toolchains/XcodeDefault.xctoolchain/usr/bin/c++
    -- Check for working CXX compiler: /Applications/Xcode.app/Contents/Developer/Toolchains/XcodeDefault.xctoolchain/usr/bin/c++ -- works
    -- Detecting CXX compiler ABI info
    -- Detecting CXX compiler ABI info - done
    -- Detecting CXX compile features
    -- Detecting CXX compile features - done
    -- Found Python: /local/S/jenkins/workspace/shared/Artifactory/OSX/rundev-master/202102192115/runtime/db69f03/runTime/Maya.app/Contents/bin/mayapy (found suitable exact version "3.7.7") found components:  Interpreter
    -- Build MayaUSD with Python3 = ON
    --    PYTHON_INCLUDE_DIRS = /local/S/jenkins/workspace/shared/Artifactory/OSX/rundev-master/202102192115/runtime/db69f03/runTime/Maya.app/Contents/Frameworks/Python.framework/Versions/Current/include/python3.7m
    --    PYTHON_LIBRARIES    = /local/S/jenkins/workspace/shared/Artifactory/OSX/rundev-master/202102192115/runtime/db69f03/runTime/Maya.app/Contents/Frameworks/Python.framework/Versions/Current/lib/libpython3.7m.dylib
    --    Python_EXECUTABLE   = /local/S/jenkins/workspace/shared/Artifactory/OSX/rundev-master/202102192115/runtime/db69f03/runTime/Maya.app/Contents/bin/mayapy
    -- Found Maya: /local/S/jenkins/workspace/shared/Artifactory/OSX/rundev-master/202102192115/runtime/db69f03/runTime/maya.app/Contents/MacOS/Maya (found suitable version "2022", minimum required is "2018")
    -- USD include dir: /local/S/jenkins/workspace/shared/Artifactory/OSX/USD/2323ac2/include
    -- USD library dir: /local/S/jenkins/workspace/shared/Artifactory/OSX/USD/2323ac2/lib
    -- USD version: 0.21.02
    -- Found USD: /local/S/jenkins/workspace/shared/Artifactory/OSX/USD/2323ac2 (found suitable version "0.21.02", minimum required is "0.20.02")
    Updated PYTHONPATH: /local/S/jenkins/workspace/shared/Artifactory/OSX/USD/2323ac2/lib/python
    -- UFE include dir: /local/S/jenkins/workspace/shared/Artifactory/OSX/rundev-master/202102192115/runtime/db69f03/devkitBase/devkit/ufe/include
    -- UFE library: /local/S/jenkins/workspace/shared/Artifactory/OSX/rundev-master/202102192115/runtime/db69f03/devkitBase/devkit/ufe/lib/libufe_2.dylib
    -- UFE version: 2.0.0
    -- Building with UFE 2.0.0 features enabled.
    -- Building with Qt features enabled.
    -- ========== Installing GoogleTest... ==========
    -- Configuring done
    -- Generating done
    -- Build files have been written to: /local/S/jenkins/workspace/ecg-mayausd-branch-preflight-python3-osx/build/RelWithDebInfo/googletest-config
    [1/8] Creating directories for 'googletest'
    [2/8] Performing download step (git clone) for 'googletest'
    Cloning into 'googletest-src'...
    HEAD is now at 703bd9ca Googletest export
    [3/8] No patch step for 'googletest'
    [4/8] Performing update step for 'googletest'
    [5/8] Performing configure step for 'googletest'
    -- The C compiler identification is AppleClang 10.0.1.10010046
    -- The CXX compiler identification is AppleClang 10.0.1.10010046
    -- Check for working C compiler: /Applications/Xcode.app/Contents/Developer/Toolchains/XcodeDefault.xctoolchain/usr/bin/cc
    -- Check for working C compiler: /Applications/Xcode.app/Contents/Developer/Toolchains/XcodeDefault.xctoolchain/usr/bin/cc -- works
    -- Detecting C compiler ABI info
    -- Detecting C compiler ABI info - done
    -- Detecting C compile features
    -- Detecting C compile features - done
    -- Check for working CXX compiler: /Applications/Xcode.app/Contents/Developer/Toolchains/XcodeDefault.xctoolchain/usr/bin/c++
    -- Check for working CXX compiler: /Applications/Xcode.app/Contents/Developer/Toolchains/XcodeDefault.xctoolchain/usr/bin/c++ -- works
    -- Detecting CXX compiler ABI info
    -- Detecting CXX compiler ABI info - done
    -- Detecting CXX compile features
    -- Detecting CXX compile features - done
    -- Found PythonInterp: /usr/local/bin/python
    -- Looking for pthread.h
    -- Looking for pthread.h - found
    -- Looking for pthread_create
    -- Looking for pthread_create - found
    -- Found Threads: TRUE
    -- Configuring done
    -- Generating done
    -- Build files have been written to: /local/S/jenkins/workspace/ecg-mayausd-branch-preflight-python3-osx/build/RelWithDebInfo/googletest-build
    [6/8] Performing build step for 'googletest'
    [1/8] Building CXX object googletest/CMakeFiles/gtest_main.dir/src/gtest_main.cc.o
    [2/8] Building CXX object googlemock/CMakeFiles/gmock_main.dir/src/gmock_main.cc.o
    [3/8] Building CXX object googlemock/CMakeFiles/gmock.dir/src/gmock-all.cc.o
    [4/8] Building CXX object googletest/CMakeFiles/gtest.dir/src/gtest-all.cc.o
    [5/8] Linking CXX shared library lib/libgtest.dylib
    [6/8] Linking CXX shared library lib/libgtest_main.dylib
    [7/8] Linking CXX shared library lib/libgmock.dylib
    [8/8] Linking CXX shared library lib/libgmock_main.dylib
    [7/8] Performing install step for 'googletest'
    [0/1] Install the project...
    -- Install configuration: "RelWithDebInfo"
    -- Installing: /local/S/jenkins/workspace/ecg-mayausd-branch-preflight-python3-osx/build/RelWithDebInfo/googletest-install/include
    -- Installing: /local/S/jenkins/workspace/ecg-mayausd-branch-preflight-python3-osx/build/RelWithDebInfo/googletest-install/include/gmock
    -- Installing: /local/S/jenkins/workspace/ecg-mayausd-branch-preflight-python3-osx/build/RelWithDebInfo/googletest-install/include/gmock/gmock-actions.h
    -- Installing: /local/S/jenkins/workspace/ecg-mayausd-branch-preflight-python3-osx/build/RelWithDebInfo/googletest-install/include/gmock/gmock-cardinalities.h
    -- Installing: /local/S/jenkins/workspace/ecg-mayausd-branch-preflight-python3-osx/build/RelWithDebInfo/googletest-install/include/gmock/gmock-function-mocker.h
    -- Installing: /local/S/jenkins/workspace/ecg-mayausd-branch-preflight-python3-osx/build/RelWithDebInfo/googletest-install/include/gmock/gmock-generated-actions.h
    -- Installing: /local/S/jenkins/workspace/ecg-mayausd-branch-preflight-python3-osx/build/RelWithDebInfo/googletest-install/include/gmock/gmock-generated-actions.h.pump
    -- Installing: /local/S/jenkins/workspace/ecg-mayausd-branch-preflight-python3-osx/build/RelWithDebInfo/googletest-install/include/gmock/gmock-generated-function-mockers.h
    -- Installing: /local/S/jenkins/workspace/ecg-mayausd-branch-preflight-python3-osx/build/RelWithDebInfo/googletest-install/include/gmock/gmock-generated-function-mockers.h.pump
    -- Installing: /local/S/jenkins/workspace/ecg-mayausd-branch-preflight-python3-osx/build/RelWithDebInfo/googletest-install/include/gmock/gmock-generated-matchers.h
    -- Installing: /local/S/jenkins/workspace/ecg-mayausd-branch-preflight-python3-osx/build/RelWithDebInfo/googletest-install/include/gmock/gmock-generated-matchers.h.pump
    -- Installing: /local/S/jenkins/workspace/ecg-mayausd-branch-preflight-python3-osx/build/RelWithDebInfo/googletest-install/include/gmock/gmock-matchers.h
    -- Installing: /local/S/jenkins/workspace/ecg-mayausd-branch-preflight-python3-osx/build/RelWithDebInfo/googletest-install/include/gmock/gmock-more-actions.h
    -- Installing: /local/S/jenkins/workspace/ecg-mayausd-branch-preflight-python3-osx/build/RelWithDebInfo/googletest-install/include/gmock/gmock-more-matchers.h
    -- Installing: /local/S/jenkins/workspace/ecg-mayausd-branch-preflight-python3-osx/build/RelWithDebInfo/googletest-install/include/gmock/gmock-nice-strict.h
    -- Installing: /local/S/jenkins/workspace/ecg-mayausd-branch-preflight-python3-osx/build/RelWithDebInfo/googletest-install/include/gmock/gmock-spec-builders.h
    -- Installing: /local/S/jenkins/workspace/ecg-mayausd-branch-preflight-python3-osx/build/RelWithDebInfo/googletest-install/include/gmock/gmock.h
    -- Installing: /local/S/jenkins/workspace/ecg-mayausd-branch-preflight-python3-osx/build/RelWithDebInfo/googletest-install/include/gmock/internal
    -- Installing: /local/S/jenkins/workspace/ecg-mayausd-branch-preflight-python3-osx/build/RelWithDebInfo/googletest-install/include/gmock/internal/custom
    -- Installing: /local/S/jenkins/workspace/ecg-mayausd-branch-preflight-python3-osx/build/RelWithDebInfo/googletest-install/include/gmock/internal/custom/gmock-generated-actions.h
    -- Installing: /local/S/jenkins/workspace/ecg-mayausd-branch-preflight-python3-osx/build/RelWithDebInfo/googletest-install/include/gmock/internal/custom/gmock-generated-actions.h.pump
    -- Installing: /local/S/jenkins/workspace/ecg-mayausd-branch-preflight-python3-osx/build/RelWithDebInfo/googletest-install/include/gmock/internal/custom/gmock-matchers.h
    -- Installing: /local/S/jenkins/workspace/ecg-mayausd-branch-preflight-python3-osx/build/RelWithDebInfo/googletest-install/include/gmock/internal/custom/gmock-port.h
    -- Installing: /local/S/jenkins/workspace/ecg-mayausd-branch-preflight-python3-osx/build/RelWithDebInfo/googletest-install/include/gmock/internal/custom/README.md
    -- Installing: /local/S/jenkins/workspace/ecg-mayausd-branch-preflight-python3-osx/build/RelWithDebInfo/googletest-install/include/gmock/internal/gmock-internal-utils.h
    -- Installing: /local/S/jenkins/workspace/ecg-mayausd-branch-preflight-python3-osx/build/RelWithDebInfo/googletest-install/include/gmock/internal/gmock-port.h
    -- Installing: /local/S/jenkins/workspace/ecg-mayausd-branch-preflight-python3-osx/build/RelWithDebInfo/googletest-install/include/gmock/internal/gmock-pp.h
    -- Installing: /local/S/jenkins/workspace/ecg-mayausd-branch-preflight-python3-osx/build/RelWithDebInfo/googletest-install/lib/libgmock.dylib
    -- Installing: /local/S/jenkins/workspace/ecg-mayausd-branch-preflight-python3-osx/build/RelWithDebInfo/googletest-install/lib/libgmock_main.dylib
    -- Installing: /local/S/jenkins/workspace/ecg-mayausd-branch-preflight-python3-osx/build/RelWithDebInfo/googletest-install/lib/pkgconfig/gmock.pc
    -- Installing: /local/S/jenkins/workspace/ecg-mayausd-branch-preflight-python3-osx/build/RelWithDebInfo/googletest-install/lib/pkgconfig/gmock_main.pc
    -- Installing: /local/S/jenkins/workspace/ecg-mayausd-branch-preflight-python3-osx/build/RelWithDebInfo/googletest-install/lib/cmake/GTest/GTestTargets.cmake
    -- Installing: /local/S/jenkins/workspace/ecg-mayausd-branch-preflight-python3-osx/build/RelWithDebInfo/googletest-install/lib/cmake/GTest/GTestTargets-relwithdebinfo.cmake
    -- Installing: /local/S/jenkins/workspace/ecg-mayausd-branch-preflight-python3-osx/build/RelWithDebInfo/googletest-install/lib/cmake/GTest/GTestConfigVersion.cmake
    -- Installing: /local/S/jenkins/workspace/ecg-mayausd-branch-preflight-python3-osx/build/RelWithDebInfo/googletest-install/lib/cmake/GTest/GTestConfig.cmake
    -- Up-to-date: /local/S/jenkins/workspace/ecg-mayausd-branch-preflight-python3-osx/build/RelWithDebInfo/googletest-install/include
    -- Installing: /local/S/jenkins/workspace/ecg-mayausd-branch-preflight-python3-osx/build/RelWithDebInfo/googletest-install/include/gtest
    -- Installing: /local/S/jenkins/workspace/ecg-mayausd-branch-preflight-python3-osx/build/RelWithDebInfo/googletest-install/include/gtest/gtest-death-test.h
    -- Installing: /local/S/jenkins/workspace/ecg-mayausd-branch-preflight-python3-osx/build/RelWithDebInfo/googletest-install/include/gtest/gtest-matchers.h
    -- Installing: /local/S/jenkins/workspace/ecg-mayausd-branch-preflight-python3-osx/build/RelWithDebInfo/googletest-install/include/gtest/gtest-message.h
    -- Installing: /local/S/jenkins/workspace/ecg-mayausd-branch-preflight-python3-osx/build/RelWithDebInfo/googletest-install/include/gtest/gtest-param-test.h
    -- Installing: /local/S/jenkins/workspace/ecg-mayausd-branch-preflight-python3-osx/build/RelWithDebInfo/googletest-install/include/gtest/gtest-printers.h
    -- Installing: /local/S/jenkins/workspace/ecg-mayausd-branch-preflight-python3-osx/build/RelWithDebInfo/googletest-install/include/gtest/gtest-spi.h
    -- Installing: /local/S/jenkins/workspace/ecg-mayausd-branch-preflight-python3-osx/build/RelWithDebInfo/googletest-install/include/gtest/gtest-test-part.h
    -- Installing: /local/S/jenkins/workspace/ecg-mayausd-branch-preflight-python3-osx/build/RelWithDebInfo/googletest-install/include/gtest/gtest-typed-test.h
    -- Installing: /local/S/jenkins/workspace/ecg-mayausd-branch-preflight-python3-osx/build/RelWithDebInfo/googletest-install/include/gtest/gtest.h
    -- Installing: /local/S/jenkins/workspace/ecg-mayausd-branch-preflight-python3-osx/build/RelWithDebInfo/googletest-install/include/gtest/gtest_pred_impl.h
    -- Installing: /local/S/jenkins/workspace/ecg-mayausd-branch-preflight-python3-osx/build/RelWithDebInfo/googletest-install/include/gtest/gtest_prod.h
    -- Installing: /local/S/jenkins/workspace/ecg-mayausd-branch-preflight-python3-osx/build/RelWithDebInfo/googletest-install/include/gtest/internal
    -- Installing: /local/S/jenkins/workspace/ecg-mayausd-branch-preflight-python3-osx/build/RelWithDebInfo/googletest-install/include/gtest/internal/custom
    -- Installing: /local/S/jenkins/workspace/ecg-mayausd-branch-preflight-python3-osx/build/RelWithDebInfo/googletest-install/include/gtest/internal/custom/gtest-port.h
    -- Installing: /local/S/jenkins/workspace/ecg-mayausd-branch-preflight-python3-osx/build/RelWithDebInfo/googletest-install/include/gtest/internal/custom/gtest-printers.h
    -- Installing: /local/S/jenkins/workspace/ecg-mayausd-branch-preflight-python3-osx/build/RelWithDebInfo/googletest-install/include/gtest/internal/custom/gtest.h
    -- Installing: /local/S/jenkins/workspace/ecg-mayausd-branch-preflight-python3-osx/build/RelWithDebInfo/googletest-install/include/gtest/internal/custom/README.md
    -- Installing: /local/S/jenkins/workspace/ecg-mayausd-branch-preflight-python3-osx/build/RelWithDebInfo/googletest-install/include/gtest/internal/gtest-death-test-internal.h
    -- Installing: /local/S/jenkins/workspace/ecg-mayausd-branch-preflight-python3-osx/build/RelWithDebInfo/googletest-install/include/gtest/internal/gtest-filepath.h
    -- Installing: /local/S/jenkins/workspace/ecg-mayausd-branch-preflight-python3-osx/build/RelWithDebInfo/googletest-install/include/gtest/internal/gtest-internal.h
    -- Installing: /local/S/jenkins/workspace/ecg-mayausd-branch-preflight-python3-osx/build/RelWithDebInfo/googletest-install/include/gtest/internal/gtest-param-util.h
    -- Installing: /local/S/jenkins/workspace/ecg-mayausd-branch-preflight-python3-osx/build/RelWithDebInfo/googletest-install/include/gtest/internal/gtest-port-arch.h
    -- Installing: /local/S/jenkins/workspace/ecg-mayausd-branch-preflight-python3-osx/build/RelWithDebInfo/googletest-install/include/gtest/internal/gtest-port.h
    -- Installing: /local/S/jenkins/workspace/ecg-mayausd-branch-preflight-python3-osx/build/RelWithDebInfo/googletest-install/include/gtest/internal/gtest-string.h
    -- Installing: /local/S/jenkins/workspace/ecg-mayausd-branch-preflight-python3-osx/build/RelWithDebInfo/googletest-install/include/gtest/internal/gtest-type-util.h
    -- Installing: /local/S/jenkins/workspace/ecg-mayausd-branch-preflight-python3-osx/build/RelWithDebInfo/googletest-install/include/gtest/internal/gtest-type-util.h.pump
    -- Installing: /local/S/jenkins/workspace/ecg-mayausd-branch-preflight-python3-osx/build/RelWithDebInfo/googletest-install/lib/libgtest.dylib
    -- Installing: /local/S/jenkins/workspace/ecg-mayausd-branch-preflight-python3-osx/build/RelWithDebInfo/googletest-install/lib/libgtest_main.dylib
    -- Installing: /local/S/jenkins/workspace/ecg-mayausd-branch-preflight-python3-osx/build/RelWithDebInfo/googletest-install/lib/pkgconfig/gtest.pc
    -- Installing: /local/S/jenkins/workspace/ecg-mayausd-branch-preflight-python3-osx/build/RelWithDebInfo/googletest-install/lib/pkgconfig/gtest_main.pc
    [8/8] Completed 'googletest'
    -- ========== ...  GoogleTest installed. ==========
    -- Found Boost 1.70.0 at /local/S/jenkins/workspace/shared/Artifactory/OSX/USD/2323ac2/lib/cmake/Boost-1.70.0
    --   Requested configuration: QUIET REQUIRED COMPONENTS filesystem;system
    -- Found boost_headers 1.70.0 at /local/S/jenkins/workspace/shared/Artifactory/OSX/USD/2323ac2/lib/cmake/boost_headers-1.70.0
    -- Found boost_filesystem 1.70.0 at /local/S/jenkins/workspace/shared/Artifactory/OSX/USD/2323ac2/lib/cmake/boost_filesystem-1.70.0
    --   libboost_filesystem.dylib
    -- Adding boost_filesystem dependencies: headers
    -- Found boost_system 1.70.0 at /local/S/jenkins/workspace/shared/Artifactory/OSX/USD/2323ac2/lib/cmake/boost_system-1.70.0
    --   libboost_system.dylib
    -- Adding boost_system dependencies: headers
    -- Boost  found.
    -- Found Boost components:
       filesystem;system
    -- promoting: /local/S/jenkins/workspace/ecg-mayausd-branch-preflight-python3-osx/ecg-maya-usd/maya-usd/lib/mayaUsd/base/mayaUsd.h.src
    -- promoting: /local/S/jenkins/workspace/ecg-mayausd-branch-preflight-python3-osx/ecg-maya-usd/maya-usd/lib/mayaUsd/base/api.h
    -- promoting: /local/S/jenkins/workspace/ecg-mayausd-branch-preflight-python3-osx/ecg-maya-usd/maya-usd/lib/mayaUsd/base/debugCodes.h
    -- promoting: /local/S/jenkins/workspace/ecg-mayausd-branch-preflight-python3-osx/ecg-maya-usd/maya-usd/lib/mayaUsd/base/id.h
    -- promoting: /local/S/jenkins/workspace/ecg-mayausd-branch-preflight-python3-osx/ecg-maya-usd/maya-usd/lib/mayaUsd/base/syncId.h
    -- promoting: /local/S/jenkins/workspace/ecg-mayausd-branch-preflight-python3-osx/ecg-maya-usd/maya-usd/lib/mayaUsd/base/tokens.h
    -- promoting: /local/S/jenkins/workspace/ecg-mayausd-branch-preflight-python3-osx/ecg-maya-usd/maya-usd/lib/mayaUsd/commands/abstractLayerEditorWindow.h
    -- promoting: /local/S/jenkins/workspace/ecg-mayausd-branch-preflight-python3-osx/ecg-maya-usd/maya-usd/lib/mayaUsd/commands/baseExportCommand.h
    -- promoting: /local/S/jenkins/workspace/ecg-mayausd-branch-preflight-python3-osx/ecg-maya-usd/maya-usd/lib/mayaUsd/commands/baseImportCommand.h
    -- promoting: /local/S/jenkins/workspace/ecg-mayausd-branch-preflight-python3-osx/ecg-maya-usd/maya-usd/lib/mayaUsd/commands/baseListShadingModesCommand.h
    -- promoting: /local/S/jenkins/workspace/ecg-mayausd-branch-preflight-python3-osx/ecg-maya-usd/maya-usd/lib/mayaUsd/commands/editTargetCommand.h
    -- promoting: /local/S/jenkins/workspace/ecg-mayausd-branch-preflight-python3-osx/ecg-maya-usd/maya-usd/lib/mayaUsd/commands/layerEditorCommand.h
    -- promoting: /local/S/jenkins/workspace/ecg-mayausd-branch-preflight-python3-osx/ecg-maya-usd/maya-usd/lib/mayaUsd/commands/layerEditorWindowCommand.h
    -- promoting: /local/S/jenkins/workspace/ecg-mayausd-branch-preflight-python3-osx/ecg-maya-usd/maya-usd/lib/mayaUsd/fileio/fallbackPrimReader.h
    -- promoting: /local/S/jenkins/workspace/ecg-mayausd-branch-preflight-python3-osx/ecg-maya-usd/maya-usd/lib/mayaUsd/fileio/functorPrimReader.h
    -- promoting: /local/S/jenkins/workspace/ecg-mayausd-branch-preflight-python3-osx/ecg-maya-usd/maya-usd/lib/mayaUsd/fileio/functorPrimWriter.h
    -- promoting: /local/S/jenkins/workspace/ecg-mayausd-branch-preflight-python3-osx/ecg-maya-usd/maya-usd/lib/mayaUsd/fileio/importData.h
    -- promoting: /local/S/jenkins/workspace/ecg-mayausd-branch-preflight-python3-osx/ecg-maya-usd/maya-usd/lib/mayaUsd/fileio/instancedNodeWriter.h
    -- promoting: /local/S/jenkins/workspace/ecg-mayausd-branch-preflight-python3-osx/ecg-maya-usd/maya-usd/lib/mayaUsd/fileio/primReader.h
    -- promoting: /local/S/jenkins/workspace/ecg-mayausd-branch-preflight-python3-osx/ecg-maya-usd/maya-usd/lib/mayaUsd/fileio/primReaderArgs.h
    -- promoting: /local/S/jenkins/workspace/ecg-mayausd-branch-preflight-python3-osx/ecg-maya-usd/maya-usd/lib/mayaUsd/fileio/primReaderContext.h
    -- promoting: /local/S/jenkins/workspace/ecg-mayausd-branch-preflight-python3-osx/ecg-maya-usd/maya-usd/lib/mayaUsd/fileio/primReaderRegistry.h
    -- promoting: /local/S/jenkins/workspace/ecg-mayausd-branch-preflight-python3-osx/ecg-maya-usd/maya-usd/lib/mayaUsd/fileio/primUpdater.h
    -- promoting: /local/S/jenkins/workspace/ecg-mayausd-branch-preflight-python3-osx/ecg-maya-usd/maya-usd/lib/mayaUsd/fileio/primUpdaterContext.h
    -- promoting: /local/S/jenkins/workspace/ecg-mayausd-branch-preflight-python3-osx/ecg-maya-usd/maya-usd/lib/mayaUsd/fileio/primUpdaterRegistry.h
    -- promoting: /local/S/jenkins/workspace/ecg-mayausd-branch-preflight-python3-osx/ecg-maya-usd/maya-usd/lib/mayaUsd/fileio/primWriter.h
    -- promoting: /local/S/jenkins/workspace/ecg-mayausd-branch-preflight-python3-osx/ecg-maya-usd/maya-usd/lib/mayaUsd/fileio/primWriterArgs.h
    -- promoting: /local/S/jenkins/workspace/ecg-mayausd-branch-preflight-python3-osx/ecg-maya-usd/maya-usd/lib/mayaUsd/fileio/primWriterContext.h
    -- promoting: /local/S/jenkins/workspace/ecg-mayausd-branch-preflight-python3-osx/ecg-maya-usd/maya-usd/lib/mayaUsd/fileio/primWriterRegistry.h
    -- promoting: /local/S/jenkins/workspace/ecg-mayausd-branch-preflight-python3-osx/ecg-maya-usd/maya-usd/lib/mayaUsd/fileio/registryHelper.h
    -- promoting: /local/S/jenkins/workspace/ecg-mayausd-branch-preflight-python3-osx/ecg-maya-usd/maya-usd/lib/mayaUsd/fileio/shaderReader.h
    -- promoting: /local/S/jenkins/workspace/ecg-mayausd-branch-preflight-python3-osx/ecg-maya-usd/maya-usd/lib/mayaUsd/fileio/shaderReaderRegistry.h
    -- promoting: /local/S/jenkins/workspace/ecg-mayausd-branch-preflight-python3-osx/ecg-maya-usd/maya-usd/lib/mayaUsd/fileio/shaderWriter.h
    -- promoting: /local/S/jenkins/workspace/ecg-mayausd-branch-preflight-python3-osx/ecg-maya-usd/maya-usd/lib/mayaUsd/fileio/shaderWriterRegistry.h
    -- promoting: /local/S/jenkins/workspace/ecg-mayausd-branch-preflight-python3-osx/ecg-maya-usd/maya-usd/lib/mayaUsd/fileio/transformWriter.h
    -- promoting: /local/S/jenkins/workspace/ecg-mayausd-branch-preflight-python3-osx/ecg-maya-usd/maya-usd/lib/mayaUsd/fileio/writeJobContext.h
    -- promoting: /local/S/jenkins/workspace/ecg-mayausd-branch-preflight-python3-osx/ecg-maya-usd/maya-usd/lib/mayaUsd/fileio/chaser/chaser.h
    -- promoting: /local/S/jenkins/workspace/ecg-mayausd-branch-preflight-python3-osx/ecg-maya-usd/maya-usd/lib/mayaUsd/fileio/chaser/chaserRegistry.h
    -- promoting: /local/S/jenkins/workspace/ecg-mayausd-branch-preflight-python3-osx/ecg-maya-usd/maya-usd/lib/mayaUsd/fileio/jobs/jobArgs.h
    -- promoting: /local/S/jenkins/workspace/ecg-mayausd-branch-preflight-python3-osx/ecg-maya-usd/maya-usd/lib/mayaUsd/fileio/jobs/modelKindProcessor.h
    -- promoting: /local/S/jenkins/workspace/ecg-mayausd-branch-preflight-python3-osx/ecg-maya-usd/maya-usd/lib/mayaUsd/fileio/jobs/readJob.h
    -- promoting: /local/S/jenkins/workspace/ecg-mayausd-branch-preflight-python3-osx/ecg-maya-usd/maya-usd/lib/mayaUsd/fileio/jobs/writeJob.h
    -- promoting: /local/S/jenkins/workspace/ecg-mayausd-branch-preflight-python3-osx/ecg-maya-usd/maya-usd/lib/mayaUsd/fileio/shading/rfmShaderMap.h
    -- promoting: /local/S/jenkins/workspace/ecg-mayausd-branch-preflight-python3-osx/ecg-maya-usd/maya-usd/lib/mayaUsd/fileio/shading/shadingModeExporter.h
    -- promoting: /local/S/jenkins/workspace/ecg-mayausd-branch-preflight-python3-osx/ecg-maya-usd/maya-usd/lib/mayaUsd/fileio/shading/shadingModeExporterContext.h
    -- promoting: /local/S/jenkins/workspace/ecg-mayausd-branch-preflight-python3-osx/ecg-maya-usd/maya-usd/lib/mayaUsd/fileio/shading/shadingModeImporter.h
    -- promoting: /local/S/jenkins/workspace/ecg-mayausd-branch-preflight-python3-osx/ecg-maya-usd/maya-usd/lib/mayaUsd/fileio/shading/shadingModeRegistry.h
    -- promoting: /local/S/jenkins/workspace/ecg-mayausd-branch-preflight-python3-osx/ecg-maya-usd/maya-usd/lib/mayaUsd/fileio/shading/symmetricShaderReader.h
    -- promoting: /local/S/jenkins/workspace/ecg-mayausd-branch-preflight-python3-osx/ecg-maya-usd/maya-usd/lib/mayaUsd/fileio/shading/symmetricShaderWriter.h
    -- promoting: /local/S/jenkins/workspace/ecg-mayausd-branch-preflight-python3-osx/ecg-maya-usd/maya-usd/lib/mayaUsd/fileio/translators/skelBindingsProcessor.h
    -- promoting: /local/S/jenkins/workspace/ecg-mayausd-branch-preflight-python3-osx/ecg-maya-usd/maya-usd/lib/mayaUsd/fileio/translators/translatorCamera.h
    -- promoting: /local/S/jenkins/workspace/ecg-mayausd-branch-preflight-python3-osx/ecg-maya-usd/maya-usd/lib/mayaUsd/fileio/translators/translatorCurves.h
    -- promoting: /local/S/jenkins/workspace/ecg-mayausd-branch-preflight-python3-osx/ecg-maya-usd/maya-usd/lib/mayaUsd/fileio/translators/translatorGprim.h
    -- promoting: /local/S/jenkins/workspace/ecg-mayausd-branch-preflight-python3-osx/ecg-maya-usd/maya-usd/lib/mayaUsd/fileio/translators/translatorMaterial.h
    -- promoting: /local/S/jenkins/workspace/ecg-mayausd-branch-preflight-python3-osx/ecg-maya-usd/maya-usd/lib/mayaUsd/fileio/translators/translatorMayaReference.h
    -- promoting: /local/S/jenkins/workspace/ecg-mayausd-branch-preflight-python3-osx/ecg-maya-usd/maya-usd/lib/mayaUsd/fileio/translators/translatorMesh.h
    -- promoting: /local/S/jenkins/workspace/ecg-mayausd-branch-preflight-python3-osx/ecg-maya-usd/maya-usd/lib/mayaUsd/fileio/translators/translatorNurbsPatch.h
    -- promoting: /local/S/jenkins/workspace/ecg-mayausd-branch-preflight-python3-osx/ecg-maya-usd/maya-usd/lib/mayaUsd/fileio/translators/translatorPrim.h
    -- promoting: /local/S/jenkins/workspace/ecg-mayausd-branch-preflight-python3-osx/ecg-maya-usd/maya-usd/lib/mayaUsd/fileio/translators/translatorRfMLight.h
    -- promoting: /local/S/jenkins/workspace/ecg-mayausd-branch-preflight-python3-osx/ecg-maya-usd/maya-usd/lib/mayaUsd/fileio/translators/translatorSkel.h
    -- promoting: /local/S/jenkins/workspace/ecg-mayausd-branch-preflight-python3-osx/ecg-maya-usd/maya-usd/lib/mayaUsd/fileio/translators/translatorUtil.h
    -- promoting: /local/S/jenkins/workspace/ecg-mayausd-branch-preflight-python3-osx/ecg-maya-usd/maya-usd/lib/mayaUsd/fileio/translators/translatorXformable.h
    -- promoting: /local/S/jenkins/workspace/ecg-mayausd-branch-preflight-python3-osx/ecg-maya-usd/maya-usd/lib/mayaUsd/fileio/utils/adaptor.h
    -- promoting: /local/S/jenkins/workspace/ecg-mayausd-branch-preflight-python3-osx/ecg-maya-usd/maya-usd/lib/mayaUsd/fileio/utils/jointWriteUtils.h
    -- promoting: /local/S/jenkins/workspace/ecg-mayausd-branch-preflight-python3-osx/ecg-maya-usd/maya-usd/lib/mayaUsd/fileio/utils/meshReadUtils.h
    -- promoting: /local/S/jenkins/workspace/ecg-mayausd-branch-preflight-python3-osx/ecg-maya-usd/maya-usd/lib/mayaUsd/fileio/utils/meshWriteUtils.h
    -- promoting: /local/S/jenkins/workspace/ecg-mayausd-branch-preflight-python3-osx/ecg-maya-usd/maya-usd/lib/mayaUsd/fileio/utils/readUtil.h
    -- promoting: /local/S/jenkins/workspace/ecg-mayausd-branch-preflight-python3-osx/ecg-maya-usd/maya-usd/lib/mayaUsd/fileio/utils/roundTripUtil.h
    -- promoting: /local/S/jenkins/workspace/ecg-mayausd-branch-preflight-python3-osx/ecg-maya-usd/maya-usd/lib/mayaUsd/fileio/utils/shadingUtil.h
    -- promoting: /local/S/jenkins/workspace/ecg-mayausd-branch-preflight-python3-osx/ecg-maya-usd/maya-usd/lib/mayaUsd/fileio/utils/userTaggedAttribute.h
    -- promoting: /local/S/jenkins/workspace/ecg-mayausd-branch-preflight-python3-osx/ecg-maya-usd/maya-usd/lib/mayaUsd/fileio/utils/writeUtil.h
    -- promoting: /local/S/jenkins/workspace/ecg-mayausd-branch-preflight-python3-osx/ecg-maya-usd/maya-usd/lib/mayaUsd/fileio/utils/xformStack.h
    -- promoting: /local/S/jenkins/workspace/ecg-mayausd-branch-preflight-python3-osx/ecg-maya-usd/maya-usd/lib/mayaUsd/listeners/notice.h
    -- promoting: /local/S/jenkins/workspace/ecg-mayausd-branch-preflight-python3-osx/ecg-maya-usd/maya-usd/lib/mayaUsd/listeners/proxyShapeNotice.h
    -- promoting: /local/S/jenkins/workspace/ecg-mayausd-branch-preflight-python3-osx/ecg-maya-usd/maya-usd/lib/mayaUsd/listeners/stageNoticeListener.h
    -- promoting: /local/S/jenkins/workspace/ecg-mayausd-branch-preflight-python3-osx/ecg-maya-usd/maya-usd/lib/mayaUsd/nodes/hdImagingShape.h
    -- promoting: /local/S/jenkins/workspace/ecg-mayausd-branch-preflight-python3-osx/ecg-maya-usd/maya-usd/lib/mayaUsd/nodes/pointBasedDeformerNode.h
    -- promoting: /local/S/jenkins/workspace/ecg-mayausd-branch-preflight-python3-osx/ecg-maya-usd/maya-usd/lib/mayaUsd/nodes/proxyAccessor.h
    -- promoting: /local/S/jenkins/workspace/ecg-mayausd-branch-preflight-python3-osx/ecg-maya-usd/maya-usd/lib/mayaUsd/nodes/proxyShapeBase.h
    -- promoting: /local/S/jenkins/workspace/ecg-mayausd-branch-preflight-python3-osx/ecg-maya-usd/maya-usd/lib/mayaUsd/nodes/proxyShapePlugin.h
    -- promoting: /local/S/jenkins/workspace/ecg-mayausd-branch-preflight-python3-osx/ecg-maya-usd/maya-usd/lib/mayaUsd/nodes/proxyStageProvider.h
    -- promoting: /local/S/jenkins/workspace/ecg-mayausd-branch-preflight-python3-osx/ecg-maya-usd/maya-usd/lib/mayaUsd/nodes/stageData.h
    -- promoting: /local/S/jenkins/workspace/ecg-mayausd-branch-preflight-python3-osx/ecg-maya-usd/maya-usd/lib/mayaUsd/nodes/stageNode.h
    -- promoting: /local/S/jenkins/workspace/ecg-mayausd-branch-preflight-python3-osx/ecg-maya-usd/maya-usd/lib/mayaUsd/nodes/usdPrimProvider.h
    -- promoting: /local/S/jenkins/workspace/ecg-mayausd-branch-preflight-python3-osx/ecg-maya-usd/maya-usd/lib/mayaUsd/nodes/layerManager.h
    -- promoting: /local/S/jenkins/workspace/ecg-mayausd-branch-preflight-python3-osx/ecg-maya-usd/maya-usd/lib/mayaUsd/render/px_vp20/glslProgram.h
    -- promoting: /local/S/jenkins/workspace/ecg-mayausd-branch-preflight-python3-osx/ecg-maya-usd/maya-usd/lib/mayaUsd/render/px_vp20/utils.h
    -- promoting: /local/S/jenkins/workspace/ecg-mayausd-branch-preflight-python3-osx/ecg-maya-usd/maya-usd/lib/mayaUsd/render/px_vp20/utils_legacy.h
    -- promoting: /local/S/jenkins/workspace/ecg-mayausd-branch-preflight-python3-osx/ecg-maya-usd/maya-usd/lib/mayaUsd/render/pxrUsdMayaGL/batchRenderer.h
    -- promoting: /local/S/jenkins/workspace/ecg-mayausd-branch-preflight-python3-osx/ecg-maya-usd/maya-usd/lib/mayaUsd/render/pxrUsdMayaGL/debugCodes.h
    -- promoting: /local/S/jenkins/workspace/ecg-mayausd-branch-preflight-python3-osx/ecg-maya-usd/maya-usd/lib/mayaUsd/render/pxrUsdMayaGL/hdImagingShapeDrawOverride.h
    -- promoting: /local/S/jenkins/workspace/ecg-mayausd-branch-preflight-python3-osx/ecg-maya-usd/maya-usd/lib/mayaUsd/render/pxrUsdMayaGL/hdImagingShapeUI.h
    -- promoting: /local/S/jenkins/workspace/ecg-mayausd-branch-preflight-python3-osx/ecg-maya-usd/maya-usd/lib/mayaUsd/render/pxrUsdMayaGL/instancerImager.h
    -- promoting: /local/S/jenkins/workspace/ecg-mayausd-branch-preflight-python3-osx/ecg-maya-usd/maya-usd/lib/mayaUsd/render/pxrUsdMayaGL/instancerShapeAdapter.h
    -- promoting: /local/S/jenkins/workspace/ecg-mayausd-branch-preflight-python3-osx/ecg-maya-usd/maya-usd/lib/mayaUsd/render/pxrUsdMayaGL/proxyDrawOverride.h
    -- promoting: /local/S/jenkins/workspace/ecg-mayausd-branch-preflight-python3-osx/ecg-maya-usd/maya-usd/lib/mayaUsd/render/pxrUsdMayaGL/proxyShapeUI.h
    -- promoting: /local/S/jenkins/workspace/ecg-mayausd-branch-preflight-python3-osx/ecg-maya-usd/maya-usd/lib/mayaUsd/render/pxrUsdMayaGL/renderParams.h
    -- promoting: /local/S/jenkins/workspace/ecg-mayausd-branch-preflight-python3-osx/ecg-maya-usd/maya-usd/lib/mayaUsd/render/pxrUsdMayaGL/sceneDelegate.h
    -- promoting: /local/S/jenkins/workspace/ecg-mayausd-branch-preflight-python3-osx/ecg-maya-usd/maya-usd/lib/mayaUsd/render/pxrUsdMayaGL/shapeAdapter.h
    -- promoting: /local/S/jenkins/workspace/ecg-mayausd-branch-preflight-python3-osx/ecg-maya-usd/maya-usd/lib/mayaUsd/render/pxrUsdMayaGL/softSelectHelper.h
    -- promoting: /local/S/jenkins/workspace/ecg-mayausd-branch-preflight-python3-osx/ecg-maya-usd/maya-usd/lib/mayaUsd/render/pxrUsdMayaGL/usdProxyShapeAdapter.h
    -- promoting: /local/S/jenkins/workspace/ecg-mayausd-branch-preflight-python3-osx/ecg-maya-usd/maya-usd/lib/mayaUsd/render/pxrUsdMayaGL/userData.h
    -- promoting: /local/S/jenkins/workspace/ecg-mayausd-branch-preflight-python3-osx/ecg-maya-usd/maya-usd/lib/mayaUsd/render/vp2RenderDelegate/proxyRenderDelegate.h
    -- promoting: /local/S/jenkins/workspace/ecg-mayausd-branch-preflight-python3-osx/ecg-maya-usd/maya-usd/lib/mayaUsd/render/vp2ShaderFragments/shaderFragments.h
    -- promoting: /local/S/jenkins/workspace/ecg-mayausd-branch-preflight-python3-osx/ecg-maya-usd/maya-usd/lib/mayaUsd/ufe/Global.h
    -- promoting: /local/S/jenkins/workspace/ecg-mayausd-branch-preflight-python3-osx/ecg-maya-usd/maya-usd/lib/mayaUsd/ufe/ProxyShapeHandler.h
    -- promoting: /local/S/jenkins/workspace/ecg-mayausd-branch-preflight-python3-osx/ecg-maya-usd/maya-usd/lib/mayaUsd/ufe/ProxyShapeHierarchy.h
    -- promoting: /local/S/jenkins/workspace/ecg-mayausd-branch-preflight-python3-osx/ecg-maya-usd/maya-usd/lib/mayaUsd/ufe/ProxyShapeHierarchyHandler.h
    -- promoting: /local/S/jenkins/workspace/ecg-mayausd-branch-preflight-python3-osx/ecg-maya-usd/maya-usd/lib/mayaUsd/ufe/StagesSubject.h
    -- promoting: /local/S/jenkins/workspace/ecg-mayausd-branch-preflight-python3-osx/ecg-maya-usd/maya-usd/lib/mayaUsd/ufe/UsdHierarchy.h
    -- promoting: /local/S/jenkins/workspace/ecg-mayausd-branch-preflight-python3-osx/ecg-maya-usd/maya-usd/lib/mayaUsd/ufe/UsdHierarchyHandler.h
    -- promoting: /local/S/jenkins/workspace/ecg-mayausd-branch-preflight-python3-osx/ecg-maya-usd/maya-usd/lib/mayaUsd/ufe/UsdRootChildHierarchy.h
    -- promoting: /local/S/jenkins/workspace/ecg-mayausd-branch-preflight-python3-osx/ecg-maya-usd/maya-usd/lib/mayaUsd/ufe/UsdRotatePivotTranslateUndoableCommand.h
    -- promoting: /local/S/jenkins/workspace/ecg-mayausd-branch-preflight-python3-osx/ecg-maya-usd/maya-usd/lib/mayaUsd/ufe/UsdRotateUndoableCommand.h
    -- promoting: /local/S/jenkins/workspace/ecg-mayausd-branch-preflight-python3-osx/ecg-maya-usd/maya-usd/lib/mayaUsd/ufe/UsdScaleUndoableCommand.h
    -- promoting: /local/S/jenkins/workspace/ecg-mayausd-branch-preflight-python3-osx/ecg-maya-usd/maya-usd/lib/mayaUsd/ufe/UsdSceneItem.h
    -- promoting: /local/S/jenkins/workspace/ecg-mayausd-branch-preflight-python3-osx/ecg-maya-usd/maya-usd/lib/mayaUsd/ufe/UsdSceneItemOps.h
    -- promoting: /local/S/jenkins/workspace/ecg-mayausd-branch-preflight-python3-osx/ecg-maya-usd/maya-usd/lib/mayaUsd/ufe/UsdSceneItemOpsHandler.h
    -- promoting: /local/S/jenkins/workspace/ecg-mayausd-branch-preflight-python3-osx/ecg-maya-usd/maya-usd/lib/mayaUsd/ufe/UsdStageMap.h
    -- promoting: /local/S/jenkins/workspace/ecg-mayausd-branch-preflight-python3-osx/ecg-maya-usd/maya-usd/lib/mayaUsd/ufe/UsdTRSUndoableCommandBase.h
    -- promoting: /local/S/jenkins/workspace/ecg-mayausd-branch-preflight-python3-osx/ecg-maya-usd/maya-usd/lib/mayaUsd/ufe/UsdTransform3d.h
    -- promoting: /local/S/jenkins/workspace/ecg-mayausd-branch-preflight-python3-osx/ecg-maya-usd/maya-usd/lib/mayaUsd/ufe/UsdTransform3dHandler.h
    -- promoting: /local/S/jenkins/workspace/ecg-mayausd-branch-preflight-python3-osx/ecg-maya-usd/maya-usd/lib/mayaUsd/ufe/UsdTranslateUndoableCommand.h
    -- promoting: /local/S/jenkins/workspace/ecg-mayausd-branch-preflight-python3-osx/ecg-maya-usd/maya-usd/lib/mayaUsd/ufe/UsdUndoDeleteCommand.h
    -- promoting: /local/S/jenkins/workspace/ecg-mayausd-branch-preflight-python3-osx/ecg-maya-usd/maya-usd/lib/mayaUsd/ufe/UsdUndoDuplicateCommand.h
    -- promoting: /local/S/jenkins/workspace/ecg-mayausd-branch-preflight-python3-osx/ecg-maya-usd/maya-usd/lib/mayaUsd/ufe/UsdUndoRenameCommand.h
    -- promoting: /local/S/jenkins/workspace/ecg-mayausd-branch-preflight-python3-osx/ecg-maya-usd/maya-usd/lib/mayaUsd/ufe/Utils.h
    -- promoting: /local/S/jenkins/workspace/ecg-mayausd-branch-preflight-python3-osx/ecg-maya-usd/maya-usd/lib/mayaUsd/ufe/UfeVersionCompat.h
    -- promoting: /local/S/jenkins/workspace/ecg-mayausd-branch-preflight-python3-osx/ecg-maya-usd/maya-usd/lib/mayaUsd/ufe/ProxyShapeContextOpsHandler.h
    -- promoting: /local/S/jenkins/workspace/ecg-mayausd-branch-preflight-python3-osx/ecg-maya-usd/maya-usd/lib/mayaUsd/ufe/RotationUtils.h
    -- promoting: /local/S/jenkins/workspace/ecg-mayausd-branch-preflight-python3-osx/ecg-maya-usd/maya-usd/lib/mayaUsd/ufe/UsdAttribute.h
    -- promoting: /local/S/jenkins/workspace/ecg-mayausd-branch-preflight-python3-osx/ecg-maya-usd/maya-usd/lib/mayaUsd/ufe/UsdAttributes.h
    -- promoting: /local/S/jenkins/workspace/ecg-mayausd-branch-preflight-python3-osx/ecg-maya-usd/maya-usd/lib/mayaUsd/ufe/UsdAttributesHandler.h
    -- promoting: /local/S/jenkins/workspace/ecg-mayausd-branch-preflight-python3-osx/ecg-maya-usd/maya-usd/lib/mayaUsd/ufe/UsdContextOps.h
    -- promoting: /local/S/jenkins/workspace/ecg-mayausd-branch-preflight-python3-osx/ecg-maya-usd/maya-usd/lib/mayaUsd/ufe/UsdContextOpsHandler.h
    -- promoting: /local/S/jenkins/workspace/ecg-mayausd-branch-preflight-python3-osx/ecg-maya-usd/maya-usd/lib/mayaUsd/ufe/UsdObject3d.h
    -- promoting: /local/S/jenkins/workspace/ecg-mayausd-branch-preflight-python3-osx/ecg-maya-usd/maya-usd/lib/mayaUsd/ufe/UsdObject3dHandler.h
    -- promoting: /local/S/jenkins/workspace/ecg-mayausd-branch-preflight-python3-osx/ecg-maya-usd/maya-usd/lib/mayaUsd/ufe/UsdTransform3dBase.h
    -- promoting: /local/S/jenkins/workspace/ecg-mayausd-branch-preflight-python3-osx/ecg-maya-usd/maya-usd/lib/mayaUsd/ufe/UsdTransform3dCommonAPI.h
    -- promoting: /local/S/jenkins/workspace/ecg-mayausd-branch-preflight-python3-osx/ecg-maya-usd/maya-usd/lib/mayaUsd/ufe/UsdTransform3dFallbackMayaXformStack.h
    -- promoting: /local/S/jenkins/workspace/ecg-mayausd-branch-preflight-python3-osx/ecg-maya-usd/maya-usd/lib/mayaUsd/ufe/UsdTransform3dMatrixOp.h
    -- promoting: /local/S/jenkins/workspace/ecg-mayausd-branch-preflight-python3-osx/ecg-maya-usd/maya-usd/lib/mayaUsd/ufe/UsdTransform3dMayaXformStack.h
    -- promoting: /local/S/jenkins/workspace/ecg-mayausd-branch-preflight-python3-osx/ecg-maya-usd/maya-usd/lib/mayaUsd/ufe/UsdTransform3dSetObjectMatrix.h
    -- promoting: /local/S/jenkins/workspace/ecg-mayausd-branch-preflight-python3-osx/ecg-maya-usd/maya-usd/lib/mayaUsd/ufe/UsdUIInfoHandler.h
    -- promoting: /local/S/jenkins/workspace/ecg-mayausd-branch-preflight-python3-osx/ecg-maya-usd/maya-usd/lib/mayaUsd/ufe/UsdUndoAddNewPrimCommand.h
    -- promoting: /local/S/jenkins/workspace/ecg-mayausd-branch-preflight-python3-osx/ecg-maya-usd/maya-usd/lib/mayaUsd/ufe/UsdUndoCreateGroupCommand.h
    -- promoting: /local/S/jenkins/workspace/ecg-mayausd-branch-preflight-python3-osx/ecg-maya-usd/maya-usd/lib/mayaUsd/ufe/UsdUndoInsertChildCommand.h
    -- promoting: /local/S/jenkins/workspace/ecg-mayausd-branch-preflight-python3-osx/ecg-maya-usd/maya-usd/lib/mayaUsd/ufe/UsdUndoReorderCommand.h
    -- promoting: /local/S/jenkins/workspace/ecg-mayausd-branch-preflight-python3-osx/ecg-maya-usd/maya-usd/lib/mayaUsd/ufe/UsdUndoSetKindCommand.h
    -- promoting: /local/S/jenkins/workspace/ecg-mayausd-branch-preflight-python3-osx/ecg-maya-usd/maya-usd/lib/mayaUsd/ufe/UsdUndoVisibleCommand.h
    -- promoting: /local/S/jenkins/workspace/ecg-mayausd-branch-preflight-python3-osx/ecg-maya-usd/maya-usd/lib/mayaUsd/ufe/XformOpUtils.h
    -- promoting: /local/S/jenkins/workspace/ecg-mayausd-branch-preflight-python3-osx/ecg-maya-usd/maya-usd/lib/mayaUsd/ufe/UsdCamera.h
    -- promoting: /local/S/jenkins/workspace/ecg-mayausd-branch-preflight-python3-osx/ecg-maya-usd/maya-usd/lib/mayaUsd/ufe/UsdCameraHandler.h
    -- promoting: /local/S/jenkins/workspace/ecg-mayausd-branch-preflight-python3-osx/ecg-maya-usd/maya-usd/lib/mayaUsd/undo/UsdUndoBlock.h
    -- promoting: /local/S/jenkins/workspace/ecg-mayausd-branch-preflight-python3-osx/ecg-maya-usd/maya-usd/lib/mayaUsd/undo/UsdUndoManager.h
    -- promoting: /local/S/jenkins/workspace/ecg-mayausd-branch-preflight-python3-osx/ecg-maya-usd/maya-usd/lib/mayaUsd/undo/UsdUndoStateDelegate.h
    -- promoting: /local/S/jenkins/workspace/ecg-mayausd-branch-preflight-python3-osx/ecg-maya-usd/maya-usd/lib/mayaUsd/undo/UsdUndoableItem.h
    -- promoting: /local/S/jenkins/workspace/ecg-mayausd-branch-preflight-python3-osx/ecg-maya-usd/maya-usd/lib/mayaUsd/utils/blockSceneModificationContext.h
    -- promoting: /local/S/jenkins/workspace/ecg-mayausd-branch-preflight-python3-osx/ecg-maya-usd/maya-usd/lib/mayaUsd/utils/colorSpace.h
    -- promoting: /local/S/jenkins/workspace/ecg-mayausd-branch-preflight-python3-osx/ecg-maya-usd/maya-usd/lib/mayaUsd/utils/converter.h
    -- promoting: /local/S/jenkins/workspace/ecg-mayausd-branch-preflight-python3-osx/ecg-maya-usd/maya-usd/lib/mayaUsd/utils/diagnosticDelegate.h
    -- promoting: /local/S/jenkins/workspace/ecg-mayausd-branch-preflight-python3-osx/ecg-maya-usd/maya-usd/lib/mayaUsd/utils/query.h
    -- promoting: /local/S/jenkins/workspace/ecg-mayausd-branch-preflight-python3-osx/ecg-maya-usd/maya-usd/lib/mayaUsd/utils/plugRegistryHelper.h
    -- promoting: /local/S/jenkins/workspace/ecg-mayausd-branch-preflight-python3-osx/ecg-maya-usd/maya-usd/lib/mayaUsd/utils/stageCache.h
    -- promoting: /local/S/jenkins/workspace/ecg-mayausd-branch-preflight-python3-osx/ecg-maya-usd/maya-usd/lib/mayaUsd/utils/undoHelperCommand.h
    -- promoting: /local/S/jenkins/workspace/ecg-mayausd-branch-preflight-python3-osx/ecg-maya-usd/maya-usd/lib/mayaUsd/utils/util.h
    -- promoting: /local/S/jenkins/workspace/ecg-mayausd-branch-preflight-python3-osx/ecg-maya-usd/maya-usd/lib/mayaUsd/utils/utilFileSystem.h
    -- promoting: /local/S/jenkins/workspace/ecg-mayausd-branch-preflight-python3-osx/ecg-maya-usd/maya-usd/lib/mayaUsd/utils/utilSerialization.h
    -- promoting: /local/S/jenkins/workspace/ecg-mayausd-branch-preflight-python3-osx/ecg-maya-usd/maya-usd/lib/usd/hdMaya/api.h
    -- promoting: /local/S/jenkins/workspace/ecg-mayausd-branch-preflight-python3-osx/ecg-maya-usd/maya-usd/lib/usd/hdMaya/utils.h
    -- promoting: /local/S/jenkins/workspace/ecg-mayausd-branch-preflight-python3-osx/ecg-maya-usd/maya-usd/lib/usd/hdMaya/debugCodes.h
    -- promoting: /local/S/jenkins/workspace/ecg-mayausd-branch-preflight-python3-osx/ecg-maya-usd/maya-usd/lib/usd/hdMaya/adapters/adapter.h
    -- promoting: /local/S/jenkins/workspace/ecg-mayausd-branch-preflight-python3-osx/ecg-maya-usd/maya-usd/lib/usd/hdMaya/adapters/adapterDebugCodes.h
    -- promoting: /local/S/jenkins/workspace/ecg-mayausd-branch-preflight-python3-osx/ecg-maya-usd/maya-usd/lib/usd/hdMaya/adapters/adapterRegistry.h
    -- promoting: /local/S/jenkins/workspace/ecg-mayausd-branch-preflight-python3-osx/ecg-maya-usd/maya-usd/lib/usd/hdMaya/adapters/constantShadowMatrix.h
    -- promoting: /local/S/jenkins/workspace/ecg-mayausd-branch-preflight-python3-osx/ecg-maya-usd/maya-usd/lib/usd/hdMaya/adapters/dagAdapter.h
    -- promoting: /local/S/jenkins/workspace/ecg-mayausd-branch-preflight-python3-osx/ecg-maya-usd/maya-usd/lib/usd/hdMaya/adapters/lightAdapter.h
    -- promoting: /local/S/jenkins/workspace/ecg-mayausd-branch-preflight-python3-osx/ecg-maya-usd/maya-usd/lib/usd/hdMaya/adapters/proxyAdapter.h
    -- promoting: /local/S/jenkins/workspace/ecg-mayausd-branch-preflight-python3-osx/ecg-maya-usd/maya-usd/lib/usd/hdMaya/adapters/materialAdapter.h
    -- promoting: /local/S/jenkins/workspace/ecg-mayausd-branch-preflight-python3-osx/ecg-maya-usd/maya-usd/lib/usd/hdMaya/adapters/materialNetworkConverter.h
    -- promoting: /local/S/jenkins/workspace/ecg-mayausd-branch-preflight-python3-osx/ecg-maya-usd/maya-usd/lib/usd/hdMaya/adapters/mayaAttrs.h
    -- promoting: /local/S/jenkins/workspace/ecg-mayausd-branch-preflight-python3-osx/ecg-maya-usd/maya-usd/lib/usd/hdMaya/adapters/shapeAdapter.h
    -- promoting: /local/S/jenkins/workspace/ecg-mayausd-branch-preflight-python3-osx/ecg-maya-usd/maya-usd/lib/usd/hdMaya/adapters/tokens.h
    -- promoting: /local/S/jenkins/workspace/ecg-mayausd-branch-preflight-python3-osx/ecg-maya-usd/maya-usd/lib/usd/hdMaya/delegates/delegate.h
    -- promoting: /local/S/jenkins/workspace/ecg-mayausd-branch-preflight-python3-osx/ecg-maya-usd/maya-usd/lib/usd/hdMaya/delegates/delegateCtx.h
    -- promoting: /local/S/jenkins/workspace/ecg-mayausd-branch-preflight-python3-osx/ecg-maya-usd/maya-usd/lib/usd/hdMaya/delegates/delegateDebugCodes.h
    -- promoting: /local/S/jenkins/workspace/ecg-mayausd-branch-preflight-python3-osx/ecg-maya-usd/maya-usd/lib/usd/hdMaya/delegates/delegateRegistry.h
    -- promoting: /local/S/jenkins/workspace/ecg-mayausd-branch-preflight-python3-osx/ecg-maya-usd/maya-usd/lib/usd/hdMaya/delegates/params.h
    -- promoting: /local/S/jenkins/workspace/ecg-mayausd-branch-preflight-python3-osx/ecg-maya-usd/maya-usd/lib/usd/hdMaya/delegates/proxyDelegate.h
    -- promoting: /local/S/jenkins/workspace/ecg-mayausd-branch-preflight-python3-osx/ecg-maya-usd/maya-usd/lib/usd/hdMaya/delegates/proxyUsdImagingDelegate.h
    -- promoting: /local/S/jenkins/workspace/ecg-mayausd-branch-preflight-python3-osx/ecg-maya-usd/maya-usd/lib/usd/hdMaya/delegates/sceneDelegate.h
    -- promoting: /local/S/jenkins/workspace/ecg-mayausd-branch-preflight-python3-osx/ecg-maya-usd/maya-usd/lib/usd/hdMaya/delegates/testDelegate.h
    -- promoting: /local/S/jenkins/workspace/ecg-mayausd-branch-preflight-python3-osx/ecg-maya-usd/maya-usd/lib/usd/pxrUsdPreviewSurface/usdPreviewSurface.h
    -- promoting: /local/S/jenkins/workspace/ecg-mayausd-branch-preflight-python3-osx/ecg-maya-usd/maya-usd/lib/usd/pxrUsdPreviewSurface/usdPreviewSurfacePlugin.h
    -- Found Boost 1.70.0 at /local/S/jenkins/workspace/shared/Artifactory/OSX/USD/2323ac2/lib/cmake/Boost-1.70.0
    --   Requested configuration: QUIET REQUIRED COMPONENTS filesystem;system
    -- Found boost_headers 1.70.0 at /local/S/jenkins/workspace/shared/Artifactory/OSX/USD/2323ac2/lib/cmake/boost_headers-1.70.0
    -- Found boost_filesystem 1.70.0 at /local/S/jenkins/workspace/shared/Artifactory/OSX/USD/2323ac2/lib/cmake/boost_filesystem-1.70.0
    --   libboost_filesystem.dylib
    -- Adding boost_filesystem dependencies: headers
    -- Found boost_system 1.70.0 at /local/S/jenkins/workspace/shared/Artifactory/OSX/USD/2323ac2/lib/cmake/boost_system-1.70.0
    --   libboost_system.dylib
    -- Adding boost_system dependencies: headers
    -- Boost  found.
    -- Found Boost components:
       filesystem;system
    -- promoting: /local/S/jenkins/workspace/ecg-mayausd-branch-preflight-python3-osx/ecg-maya-usd/maya-usd/lib/usd/schemas/api.h
    -- promoting: /local/S/jenkins/workspace/ecg-mayausd-branch-preflight-python3-osx/ecg-maya-usd/maya-usd/lib/usd/schemas/ALMayaReference.h
    -- promoting: /local/S/jenkins/workspace/ecg-mayausd-branch-preflight-python3-osx/ecg-maya-usd/maya-usd/lib/usd/schemas/MayaReference.h
    -- promoting: /local/S/jenkins/workspace/ecg-mayausd-branch-preflight-python3-osx/ecg-maya-usd/maya-usd/lib/usd/schemas/tokens.h
    Processing schema classes:
    MayaReference, ALMayaReference
    Loading Templates from /local/S/jenkins/workspace/shared/Artifactory/OSX/USD/2323ac2/lib/usd/usd/resources/codegenTemplates
    Writing API:
    	    wrote /local/S/jenkins/workspace/ecg-mayausd-branch-preflight-python3-osx/build/RelWithDebInfo/lib/usd/schemas/api.h
    Writing Schema Tokens:
    	    wrote /local/S/jenkins/workspace/ecg-mayausd-branch-preflight-python3-osx/build/RelWithDebInfo/lib/usd/schemas/tokens.h
    	    wrote /local/S/jenkins/workspace/ecg-mayausd-branch-preflight-python3-osx/build/RelWithDebInfo/lib/usd/schemas/tokens.cpp
    	    wrote /local/S/jenkins/workspace/ecg-mayausd-branch-preflight-python3-osx/build/RelWithDebInfo/lib/usd/schemas/wrapTokens.cpp
    Generating Classes:
    	    wrote /local/S/jenkins/workspace/ecg-mayausd-branch-preflight-python3-osx/build/RelWithDebInfo/lib/usd/schemas/MayaReference.h
    	    wrote /local/S/jenkins/workspace/ecg-mayausd-branch-preflight-python3-osx/build/RelWithDebInfo/lib/usd/schemas/MayaReference.cpp
    	    wrote /local/S/jenkins/workspace/ecg-mayausd-branch-preflight-python3-osx/build/RelWithDebInfo/lib/usd/schemas/wrapMayaReference.cpp
    	    wrote /local/S/jenkins/workspace/ecg-mayausd-branch-preflight-python3-osx/build/RelWithDebInfo/lib/usd/schemas/ALMayaReference.h
    	    wrote /local/S/jenkins/workspace/ecg-mayausd-branch-preflight-python3-osx/build/RelWithDebInfo/lib/usd/schemas/ALMayaReference.cpp
    	    wrote /local/S/jenkins/workspace/ecg-mayausd-branch-preflight-python3-osx/build/RelWithDebInfo/lib/usd/schemas/wrapALMayaReference.cpp
    Loading Templates from /local/S/jenkins/workspace/shared/Artifactory/OSX/USD/2323ac2/lib/usd/usd/resources/codegenTemplates
    	    wrote /local/S/jenkins/workspace/ecg-mayausd-branch-preflight-python3-osx/build/RelWithDebInfo/lib/usd/schemas/plugInfo.json
    Generating Schematics:
    	    wrote /local/S/jenkins/workspace/ecg-mayausd-branch-preflight-python3-osx/build/RelWithDebInfo/lib/usd/schemas/generatedSchema.usda
    -- promoting: /local/S/jenkins/workspace/ecg-mayausd-branch-preflight-python3-osx/ecg-maya-usd/maya-usd/lib/usd/utils/ALHalf.h
    -- promoting: /local/S/jenkins/workspace/ecg-mayausd-branch-preflight-python3-osx/ecg-maya-usd/maya-usd/lib/usd/utils/Api.h
    -- promoting: /local/S/jenkins/workspace/ecg-mayausd-branch-preflight-python3-osx/ecg-maya-usd/maya-usd/lib/usd/utils/DebugCodes.h
    -- promoting: /local/S/jenkins/workspace/ecg-mayausd-branch-preflight-python3-osx/ecg-maya-usd/maya-usd/lib/usd/utils/DiffCore.h
    -- promoting: /local/S/jenkins/workspace/ecg-mayausd-branch-preflight-python3-osx/ecg-maya-usd/maya-usd/lib/usd/utils/ForwardDeclares.h
    -- promoting: /local/S/jenkins/workspace/ecg-mayausd-branch-preflight-python3-osx/ecg-maya-usd/maya-usd/lib/usd/utils/SIMD.h
    -- promoting: /local/S/jenkins/workspace/ecg-mayausd-branch-preflight-python3-osx/ecg-maya-usd/maya-usd/lib/usd/utils/util.h
    -- promoting: /local/S/jenkins/workspace/ecg-mayausd-branch-preflight-python3-osx/ecg-maya-usd/maya-usd/lib/usd/ui/layerEditor/batchSaveLayersUIDelegate.h
    -- promoting: /local/S/jenkins/workspace/ecg-mayausd-branch-preflight-python3-osx/ecg-maya-usd/maya-usd/lib/usd/ui/importDialog/IMayaMQtUtil.h
    -- promoting: /local/S/jenkins/workspace/ecg-mayausd-branch-preflight-python3-osx/ecg-maya-usd/maya-usd/lib/usd/ui/importDialog/ItemDelegate.h
    -- promoting: /local/S/jenkins/workspace/ecg-mayausd-branch-preflight-python3-osx/ecg-maya-usd/maya-usd/lib/usd/ui/importDialog/IUSDImportView.h
    -- promoting: /local/S/jenkins/workspace/ecg-mayausd-branch-preflight-python3-osx/ecg-maya-usd/maya-usd/lib/usd/ui/importDialog/TreeItem.h
    -- promoting: /local/S/jenkins/workspace/ecg-mayausd-branch-preflight-python3-osx/ecg-maya-usd/maya-usd/lib/usd/ui/importDialog/TreeModel.h
    -- promoting: /local/S/jenkins/workspace/ecg-mayausd-branch-preflight-python3-osx/ecg-maya-usd/maya-usd/lib/usd/ui/importDialog/TreeModelFactory.h
    -- promoting: /local/S/jenkins/workspace/ecg-mayausd-branch-preflight-python3-osx/ecg-maya-usd/maya-usd/lib/usd/ui/importDialog/USDImportDialog.h
    -- promoting: /local/S/jenkins/workspace/ecg-mayausd-branch-preflight-python3-osx/ecg-maya-usd/maya-usd/lib/usd/ui/importDialog/USDImportDialogCmd.h
    -- promoting: /local/S/jenkins/workspace/ecg-mayausd-branch-preflight-python3-osx/ecg-maya-usd/maya-usd/lib/usd/ui/importDialog/USDQtUtil.h
    -- promoting: /local/S/jenkins/workspace/ecg-mayausd-branch-preflight-python3-osx/ecg-maya-usd/maya-usd/lib/usd/ui/api.h
    -- promoting: /local/S/jenkins/workspace/ecg-mayausd-branch-preflight-python3-osx/ecg-maya-usd/maya-usd/lib/usd/ui/initStringResources.h
    ========== Pixar USD Plugin ==========
    Compiling '/local/S/jenkins/workspace/ecg-mayausd-branch-preflight-python3-osx/build/RelWithDebInfo/plugin/pxr/__init__.py'...
    ========== AL USD Plugin ==========
    CMake Deprecation Warning at plugin/al/CMakeLists.txt:7 (cmake_policy):
      The OLD behavior for policy CMP0026 will be removed from a future version
      of CMake.
    
      The cmake-policies(7) manual explains that the OLD behaviors of all
      policies are deprecated and that a policy should be set to OLD only under
      specific short-term circumstances.  Projects should be ported to the NEW
      behavior and not rely on setting a policy to OLD.
    
    
    -- Found Boost 1.70.0 at /local/S/jenkins/workspace/shared/Artifactory/OSX/USD/2323ac2/lib/cmake/Boost-1.70.0
    --   Requested configuration: QUIET REQUIRED
    -- Found boost_headers 1.70.0 at /local/S/jenkins/workspace/shared/Artifactory/OSX/USD/2323ac2/lib/cmake/boost_headers-1.70.0
    -- Boost  found.
    -- Found Boost 1.70.0 at /local/S/jenkins/workspace/shared/Artifactory/OSX/USD/2323ac2/lib/cmake/Boost-1.70.0
    --   Requested configuration: QUIET REQUIRED COMPONENTS thread;filesystem;system;python
    -- Found boost_thread 1.70.0 at /local/S/jenkins/workspace/shared/Artifactory/OSX/USD/2323ac2/lib/cmake/boost_thread-1.70.0
    --   libboost_thread.dylib
    -- Adding boost_thread dependencies: headers
    -- Found boost_filesystem 1.70.0 at /local/S/jenkins/workspace/shared/Artifactory/OSX/USD/2323ac2/lib/cmake/boost_filesystem-1.70.0
    --   libboost_filesystem.dylib
    -- Adding boost_filesystem dependencies: headers
    -- Found boost_system 1.70.0 at /local/S/jenkins/workspace/shared/Artifactory/OSX/USD/2323ac2/lib/cmake/boost_system-1.70.0
    --   libboost_system.dylib
    -- Adding boost_system dependencies: headers
    -- Found boost_python 1.70.0 at /local/S/jenkins/workspace/shared/Artifactory/OSX/USD/2323ac2/lib/cmake/boost_python-1.70.0
    --   libboost_python37.dylib
    -- Adding boost_python dependencies: headers
    -- Boost  found.
    -- Found Boost components:
       thread;filesystem;system;python
    -- Found GTest: /local/S/jenkins/workspace/ecg-mayausd-branch-preflight-python3-osx/build/RelWithDebInfo/googletest-install/lib/libgtest.dylib
    Compiling '/local/S/jenkins/workspace/ecg-mayausd-branch-preflight-python3-osx/build/RelWithDebInfo/plugin/al/lib/AL_USDMaya/lib/python/AL/usdmaya/__init__.py'...
    -- Building AL_USDMayaSchemas
    Processing schema classes:
    ALModelAPI, ALFrameRange
    Loading Templates from /local/S/jenkins/workspace/shared/Artifactory/OSX/USD/2323ac2/lib/usd/usd/resources/codegenTemplates
    Writing API:
    	    wrote /local/S/jenkins/workspace/ecg-mayausd-branch-preflight-python3-osx/build/RelWithDebInfo/plugin/al/schemas/AL/usd/schemas/maya/api.h
    Writing Schema Tokens:
    	    wrote /local/S/jenkins/workspace/ecg-mayausd-branch-preflight-python3-osx/build/RelWithDebInfo/plugin/al/schemas/AL/usd/schemas/maya/tokens.h
    	    wrote /local/S/jenkins/workspace/ecg-mayausd-branch-preflight-python3-osx/build/RelWithDebInfo/plugin/al/schemas/AL/usd/schemas/maya/tokens.cpp
    	    wrote /local/S/jenkins/workspace/ecg-mayausd-branch-preflight-python3-osx/build/RelWithDebInfo/plugin/al/schemas/AL/usd/schemas/maya/wrapTokens.cpp
    Generating Classes:
    	    wrote /local/S/jenkins/workspace/ecg-mayausd-branch-preflight-python3-osx/build/RelWithDebInfo/plugin/al/schemas/AL/usd/schemas/maya/ModelAPI.h
    	    wrote /local/S/jenkins/workspace/ecg-mayausd-branch-preflight-python3-osx/build/RelWithDebInfo/plugin/al/schemas/AL/usd/schemas/maya/ModelAPI.cpp
    	    wrote /local/S/jenkins/workspace/ecg-mayausd-branch-preflight-python3-osx/build/RelWithDebInfo/plugin/al/schemas/AL/usd/schemas/maya/wrapModelAPI.cpp
    	    wrote /local/S/jenkins/workspace/ecg-mayausd-branch-preflight-python3-osx/build/RelWithDebInfo/plugin/al/schemas/AL/usd/schemas/maya/FrameRange.h
    	    wrote /local/S/jenkins/workspace/ecg-mayausd-branch-preflight-python3-osx/build/RelWithDebInfo/plugin/al/schemas/AL/usd/schemas/maya/FrameRange.cpp
    	    wrote /local/S/jenkins/workspace/ecg-mayausd-branch-preflight-python3-osx/build/RelWithDebInfo/plugin/al/schemas/AL/usd/schemas/maya/wrapFrameRange.cpp
    Loading Templates from /local/S/jenkins/workspace/shared/Artifactory/OSX/USD/2323ac2/lib/usd/usd/resources/codegenTemplates
    	    wrote /local/S/jenkins/workspace/ecg-mayausd-branch-preflight-python3-osx/build/RelWithDebInfo/plugin/al/schemas/AL/usd/schemas/maya/plugInfo.json
    Generating Schematics:
    	    wrote /local/S/jenkins/workspace/ecg-mayausd-branch-preflight-python3-osx/build/RelWithDebInfo/plugin/al/schemas/AL/usd/schemas/maya/generatedSchema.usda
    Compiling '/local/S/jenkins/workspace/ecg-mayausd-branch-preflight-python3-osx/build/RelWithDebInfo/AL/usd/schemas/maya/__init__.py'...
    Compiling '/local/S/jenkins/workspace/ecg-mayausd-branch-preflight-python3-osx/build/RelWithDebInfo/AL/__init__.py'...
    Compiling '/local/S/jenkins/workspace/ecg-mayausd-branch-preflight-python3-osx/build/RelWithDebInfo/AL/usd/__init__.py'...
    Compiling '/local/S/jenkins/workspace/ecg-mayausd-branch-preflight-python3-osx/build/RelWithDebInfo/AL/usd/schemas/__init__.py'...
    Processing schema classes:
    ALExamplePolyCubeNode
    Loading Templates from /local/S/jenkins/workspace/shared/Artifactory/OSX/USD/2323ac2/lib/usd/usd/resources/codegenTemplates
    Writing API:
    	    wrote /local/S/jenkins/workspace/ecg-mayausd-branch-preflight-python3-osx/build/RelWithDebInfo/plugin/al/schemas/AL/usd/schemas/mayatest/api.h
    Writing Schema Tokens:
    	    wrote /local/S/jenkins/workspace/ecg-mayausd-branch-preflight-python3-osx/build/RelWithDebInfo/plugin/al/schemas/AL/usd/schemas/mayatest/tokens.h
    	    wrote /local/S/jenkins/workspace/ecg-mayausd-branch-preflight-python3-osx/build/RelWithDebInfo/plugin/al/schemas/AL/usd/schemas/mayatest/tokens.cpp
    	    wrote /local/S/jenkins/workspace/ecg-mayausd-branch-preflight-python3-osx/build/RelWithDebInfo/plugin/al/schemas/AL/usd/schemas/mayatest/wrapTokens.cpp
    Generating Classes:
    	    wrote /local/S/jenkins/workspace/ecg-mayausd-branch-preflight-python3-osx/build/RelWithDebInfo/plugin/al/schemas/AL/usd/schemas/mayatest/ExamplePolyCubeNode.h
    	    wrote /local/S/jenkins/workspace/ecg-mayausd-branch-preflight-python3-osx/build/RelWithDebInfo/plugin/al/schemas/AL/usd/schemas/mayatest/ExamplePolyCubeNode.cpp
    	    wrote /local/S/jenkins/workspace/ecg-mayausd-branch-preflight-python3-osx/build/RelWithDebInfo/plugin/al/schemas/AL/usd/schemas/mayatest/wrapExamplePolyCubeNode.cpp
    Loading Templates from /local/S/jenkins/workspace/shared/Artifactory/OSX/USD/2323ac2/lib/usd/usd/resources/codegenTemplates
    	    wrote /local/S/jenkins/workspace/ecg-mayausd-branch-preflight-python3-osx/build/RelWithDebInfo/plugin/al/schemas/AL/usd/schemas/mayatest/plugInfo.json
    Generating Schematics:
    	    wrote /local/S/jenkins/workspace/ecg-mayausd-branch-preflight-python3-osx/build/RelWithDebInfo/plugin/al/schemas/AL/usd/schemas/mayatest/generatedSchema.usda
    Compiling '/local/S/jenkins/workspace/ecg-mayausd-branch-preflight-python3-osx/build/RelWithDebInfo/AL/usd/schemas/mayatest/__init__.py'...
    Compiling '/local/S/jenkins/workspace/ecg-mayausd-branch-preflight-python3-osx/build/RelWithDebInfo/AL/__init__.py'...
    Compiling '/local/S/jenkins/workspace/ecg-mayausd-branch-preflight-python3-osx/build/RelWithDebInfo/AL/usd/__init__.py'...
    Compiling '/local/S/jenkins/workspace/ecg-mayausd-branch-preflight-python3-osx/build/RelWithDebInfo/AL/usd/schemas/__init__.py'...
    -- Building AL_USDMayaTranslators
    ========== ADSK USD Plugin ==========
    -- Configuring done
    CMake Warning at test/lib/usd/plugin/CMakeLists.txt:74 (add_library):
      Cannot generate a safe runtime search path for target usdTestUsdPlugin
      because there is a cycle in the constraint graph:
    
        dir 0 is [/local/S/jenkins/workspace/ecg-mayausd-branch-preflight-python3-osx/build/RelWithDebInfo/lib/mayaUsd]
        dir 1 is [/local/S/jenkins/workspace/shared/Artifactory/OSX/USD/2323ac2/lib]
          dir 3 must precede it due to runtime library [libtbb.dylib]
        dir 2 is [/local/S/jenkins/workspace/shared/Artifactory/OSX/rundev-master/202102192115/runtime/db69f03/devkitBase/devkit/ufe/lib]
        dir 3 is [/local/S/jenkins/workspace/shared/Artifactory/OSX/rundev-master/202102192115/runtime/db69f03/runTime/Maya.app/Contents/MacOS]
          dir 1 must precede it due to runtime library [libosdCPU.dylib]
          dir 2 must precede it due to runtime library [libufe_2.dylib]
        dir 4 is [/local/S/jenkins/workspace/ecg-mayausd-branch-preflight-python3-osx/build/RelWithDebInfo/lib/usd/utils]
    
      Some of these libraries may not be found correctly.
    
    
    CMake Warning at test/lib/usd/plugin/CMakeLists.txt:18 (add_library):
      Cannot generate a safe runtime search path for target usdTestMayaPlugin
      because there is a cycle in the constraint graph:
    
        dir 0 is [/local/S/jenkins/workspace/ecg-mayausd-branch-preflight-python3-osx/build/RelWithDebInfo/lib/mayaUsd]
        dir 1 is [/local/S/jenkins/workspace/shared/Artifactory/OSX/USD/2323ac2/lib]
          dir 3 must precede it due to runtime library [libtbb.dylib]
        dir 2 is [/local/S/jenkins/workspace/shared/Artifactory/OSX/rundev-master/202102192115/runtime/db69f03/devkitBase/devkit/ufe/lib]
        dir 3 is [/local/S/jenkins/workspace/shared/Artifactory/OSX/rundev-master/202102192115/runtime/db69f03/runTime/Maya.app/Contents/MacOS]
          dir 1 must precede it due to runtime library [libosdCPU.dylib]
          dir 2 must precede it due to runtime library [libufe_2.dylib]
        dir 4 is [/local/S/jenkins/workspace/ecg-mayausd-branch-preflight-python3-osx/build/RelWithDebInfo/lib/usd/utils]
    
      Some of these libraries may not be found correctly.
    
    
    CMake Warning at lib/mayaUsd/CMakeLists.txt:18 (add_library):
      Cannot generate a safe runtime search path for target mayaUsd because there
      is a cycle in the constraint graph:
    
        dir 0 is [/local/S/jenkins/workspace/shared/Artifactory/OSX/USD/2323ac2/lib]
          dir 2 must precede it due to runtime library [libtbb.dylib]
        dir 1 is [/local/S/jenkins/workspace/shared/Artifactory/OSX/rundev-master/202102192115/runtime/db69f03/devkitBase/devkit/ufe/lib]
        dir 2 is [/local/S/jenkins/workspace/shared/Artifactory/OSX/rundev-master/202102192115/runtime/db69f03/runTime/Maya.app/Contents/MacOS]
          dir 0 must precede it due to runtime library [libosdCPU.dylib]
          dir 1 must precede it due to runtime library [libufe_2.dylib]
        dir 3 is [/local/S/jenkins/workspace/ecg-mayausd-branch-preflight-python3-osx/build/RelWithDebInfo/lib/usd/utils]
    
      Some of these libraries may not be found correctly.
    
    
    CMake Warning at lib/mayaUsd/python/CMakeLists.txt:20 (add_library):
      Cannot generate a safe runtime search path for target _mayaUsd because
      there is a cycle in the constraint graph:
    
        dir 0 is [/local/S/jenkins/workspace/ecg-mayausd-branch-preflight-python3-osx/build/RelWithDebInfo/lib/mayaUsd]
        dir 1 is [/local/S/jenkins/workspace/shared/Artifactory/OSX/USD/2323ac2/lib]
          dir 3 must precede it due to runtime library [libtbb.dylib]
        dir 2 is [/local/S/jenkins/workspace/shared/Artifactory/OSX/rundev-master/202102192115/runtime/db69f03/devkitBase/devkit/ufe/lib]
        dir 3 is [/local/S/jenkins/workspace/shared/Artifactory/OSX/rundev-master/202102192115/runtime/db69f03/runTime/Maya.app/Contents/MacOS]
          dir 1 must precede it due to runtime library [libosdCPU.dylib]
          dir 2 must precede it due to runtime library [libufe_2.dylib]
        dir 4 is [/local/S/jenkins/workspace/ecg-mayausd-branch-preflight-python3-osx/build/RelWithDebInfo/lib/usd/utils]
    
      Some of these libraries may not be found correctly.
    
    
    CMake Warning at lib/mayaUsd/ufe/CMakeLists.txt:160 (add_library):
      Cannot generate a safe runtime search path for target _ufe because there is
      a cycle in the constraint graph:
    
        dir 0 is [/local/S/jenkins/workspace/ecg-mayausd-branch-preflight-python3-osx/build/RelWithDebInfo/lib/mayaUsd]
        dir 1 is [/local/S/jenkins/workspace/shared/Artifactory/OSX/USD/2323ac2/lib]
          dir 3 must precede it due to runtime library [libtbb.dylib]
        dir 2 is [/local/S/jenkins/workspace/shared/Artifactory/OSX/rundev-master/202102192115/runtime/db69f03/devkitBase/devkit/ufe/lib]
        dir 3 is [/local/S/jenkins/workspace/shared/Artifactory/OSX/rundev-master/202102192115/runtime/db69f03/runTime/Maya.app/Contents/MacOS]
          dir 1 must precede it due to runtime library [libosdCPU.dylib]
          dir 2 must precede it due to runtime library [libufe_2.dylib]
        dir 4 is [/local/S/jenkins/workspace/ecg-mayausd-branch-preflight-python3-osx/build/RelWithDebInfo/lib/usd/utils]
    
      Some of these libraries may not be found correctly.
    
    
    CMake Warning at lib/mayaUsd/render/mayaToHydra/CMakeLists.txt:3 (add_library):
      Cannot generate a safe runtime search path for target mtoh because there is
      a cycle in the constraint graph:
    
        dir 0 is [/local/S/jenkins/workspace/ecg-mayausd-branch-preflight-python3-osx/build/RelWithDebInfo/lib/usd/hdMaya]
        dir 1 is [/local/S/jenkins/workspace/ecg-mayausd-branch-preflight-python3-osx/build/RelWithDebInfo/lib/mayaUsd]
        dir 2 is [/local/S/jenkins/workspace/shared/Artifactory/OSX/USD/2323ac2/lib]
          dir 4 must precede it due to runtime library [libtbb.dylib]
        dir 3 is [/local/S/jenkins/workspace/shared/Artifactory/OSX/rundev-master/202102192115/runtime/db69f03/devkitBase/devkit/ufe/lib]
        dir 4 is [/local/S/jenkins/workspace/shared/Artifactory/OSX/rundev-master/202102192115/runtime/db69f03/runTime/Maya.app/Contents/MacOS]
          dir 2 must precede it due to runtime library [libosdCPU.dylib]
          dir 3 must precede it due to runtime library [libufe_2.dylib]
        dir 5 is [/local/S/jenkins/workspace/ecg-mayausd-branch-preflight-python3-osx/build/RelWithDebInfo/lib/usd/utils]
    
      Some of these libraries may not be found correctly.
    
    
    CMake Warning at lib/usd/hdMaya/CMakeLists.txt:3 (add_library):
      Cannot generate a safe runtime search path for target hdMaya because there
      is a cycle in the constraint graph:
    
        dir 0 is [/local/S/jenkins/workspace/ecg-mayausd-branch-preflight-python3-osx/build/RelWithDebInfo/lib/mayaUsd]
        dir 1 is [/local/S/jenkins/workspace/shared/Artifactory/OSX/USD/2323ac2/lib]
          dir 3 must precede it due to runtime library [libtbb.dylib]
        dir 2 is [/local/S/jenkins/workspace/shared/Artifactory/OSX/rundev-master/202102192115/runtime/db69f03/devkitBase/devkit/ufe/lib]
        dir 3 is [/local/S/jenkins/workspace/shared/Artifactory/OSX/rundev-master/202102192115/runtime/db69f03/runTime/Maya.app/Contents/MacOS]
          dir 1 must precede it due to runtime library [libosdCPU.dylib]
          dir 2 must precede it due to runtime library [libufe_2.dylib]
        dir 4 is [/local/S/jenkins/workspace/ecg-mayausd-branch-preflight-python3-osx/build/RelWithDebInfo/lib/usd/utils]
    
      Some of these libraries may not be found correctly.
    
    
    CMake Warning at lib/usd/pxrUsdPreviewSurface/CMakeLists.txt:26 (add_library):
      Cannot generate a safe runtime search path for target
      basePxrUsdPreviewSurface because there is a cycle in the constraint graph:
    
        dir 0 is [/local/S/jenkins/workspace/shared/Artifactory/OSX/rundev-master/202102192115/runtime/db69f03/runTime/Maya.app/Contents/MacOS]
          dir 2 must precede it due to runtime library [libosdCPU.dylib]
          dir 3 must precede it due to runtime library [libufe_2.dylib]
        dir 1 is [/local/S/jenkins/workspace/ecg-mayausd-branch-preflight-python3-osx/build/RelWithDebInfo/lib/mayaUsd]
        dir 2 is [/local/S/jenkins/workspace/shared/Artifactory/OSX/USD/2323ac2/lib]
          dir 0 must precede it due to runtime library [libtbb.dylib]
        dir 3 is [/local/S/jenkins/workspace/shared/Artifactory/OSX/rundev-master/202102192115/runtime/db69f03/devkitBase/devkit/ufe/lib]
        dir 4 is [/local/S/jenkins/workspace/ecg-mayausd-branch-preflight-python3-osx/build/RelWithDebInfo/lib/usd/utils]
    
      Some of these libraries may not be found correctly.
    
    
    CMake Warning at lib/usd/translators/CMakeLists.txt:11 (add_library):
      Cannot generate a safe runtime search path for target mayaUsd_Translators
      because there is a cycle in the constraint graph:
    
        dir 0 is [/local/S/jenkins/workspace/shared/Artifactory/OSX/rundev-master/202102192115/runtime/db69f03/runTime/Maya.app/Contents/MacOS]
          dir 3 must precede it due to runtime library [libosdCPU.dylib]
          dir 5 must precede it due to runtime library [libufe_2.dylib]
        dir 1 is [/local/S/jenkins/workspace/ecg-mayausd-branch-preflight-python3-osx/build/RelWithDebInfo/lib/usd/schemas]
        dir 2 is [/local/S/jenkins/workspace/ecg-mayausd-branch-preflight-python3-osx/build/RelWithDebInfo/lib/usd/pxrUsdPreviewSurface]
        dir 3 is [/local/S/jenkins/workspace/shared/Artifactory/OSX/USD/2323ac2/lib]
          dir 0 must precede it due to runtime library [libtbb.dylib]
        dir 4 is [/local/S/jenkins/workspace/ecg-mayausd-branch-preflight-python3-osx/build/RelWithDebInfo/lib/mayaUsd]
        dir 5 is [/local/S/jenkins/workspace/shared/Artifactory/OSX/rundev-master/202102192115/runtime/db69f03/devkitBase/devkit/ufe/lib]
        dir 6 is [/local/S/jenkins/workspace/ecg-mayausd-branch-preflight-python3-osx/build/RelWithDebInfo/lib/usd/utils]
    
      Some of these libraries may not be found correctly.
    
    
    CMake Warning at lib/usd/ui/CMakeLists.txt:23 (add_library):
      Cannot generate a safe runtime search path for target mayaUsdUI because
      there is a cycle in the constraint graph:
    
        dir 0 is [/local/S/jenkins/workspace/ecg-mayausd-branch-preflight-python3-osx/build/RelWithDebInfo/lib/mayaUsd]
        dir 1 is [/local/S/jenkins/workspace/shared/Artifactory/OSX/qt/5.15.2/06692ed/lib]
        dir 2 is [/local/S/jenkins/workspace/shared/Artifactory/OSX/USD/2323ac2/lib]
          dir 4 must precede it due to runtime library [libtbb.dylib]
        dir 3 is [/local/S/jenkins/workspace/shared/Artifactory/OSX/rundev-master/202102192115/runtime/db69f03/devkitBase/devkit/ufe/lib]
        dir 4 is [/local/S/jenkins/workspace/shared/Artifactory/OSX/rundev-master/202102192115/runtime/db69f03/runTime/Maya.app/Contents/MacOS]
          dir 1 must precede it due to runtime library [libQt5Widgets.5.15.2.dylib]
          dir 2 must precede it due to runtime library [libosdCPU.dylib]
          dir 3 must precede it due to runtime library [libufe_2.dylib]
        dir 5 is [/local/S/jenkins/workspace/ecg-mayausd-branch-preflight-python3-osx/build/RelWithDebInfo/lib/usd/utils]
    
      Some of these libraries may not be found correctly.
    
    
    CMake Warning at lib/usd/ui/importDialogDemo/CMakeLists.txt:18 (add_executable):
      Cannot generate a safe runtime search path for target testMayaUsdUI because
      there is a cycle in the constraint graph:
    
        dir 0 is [/local/S/jenkins/workspace/ecg-mayausd-branch-preflight-python3-osx/build/RelWithDebInfo/lib/usd/ui]
        dir 1 is [/local/S/jenkins/workspace/shared/Artifactory/OSX/qt/5.15.2/06692ed/lib]
        dir 2 is [/local/S/jenkins/workspace/ecg-mayausd-branch-preflight-python3-osx/build/RelWithDebInfo/lib/mayaUsd]
        dir 3 is [/local/S/jenkins/workspace/shared/Artifactory/OSX/USD/2323ac2/lib]
          dir 5 must precede it due to runtime library [libtbb.dylib]
        dir 4 is [/local/S/jenkins/workspace/shared/Artifactory/OSX/rundev-master/202102192115/runtime/db69f03/devkitBase/devkit/ufe/lib]
        dir 5 is [/local/S/jenkins/workspace/shared/Artifactory/OSX/rundev-master/202102192115/runtime/db69f03/runTime/Maya.app/Contents/MacOS]
          dir 1 must precede it due to runtime library [libQt5Widgets.5.15.2.dylib]
          dir 3 must precede it due to runtime library [libosdCPU.dylib]
          dir 4 must precede it due to runtime library [libufe_2.dylib]
        dir 6 is [/local/S/jenkins/workspace/ecg-mayausd-branch-preflight-python3-osx/build/RelWithDebInfo/lib/usd/utils]
    
      Some of these libraries may not be found correctly.
    
    
    CMake Warning at plugin/pxr/cmake/macros/Private.cmake:1060 (add_library):
      Cannot generate a safe runtime search path for target usdMaya because there
      is a cycle in the constraint graph:
    
        dir 0 is [/local/S/jenkins/workspace/ecg-mayausd-branch-preflight-python3-osx/build/RelWithDebInfo/lib/mayaUsd]
        dir 1 is [/local/S/jenkins/workspace/shared/Artifactory/OSX/USD/2323ac2/lib]
          dir 3 must precede it due to runtime library [libtbb.dylib]
        dir 2 is [/local/S/jenkins/workspace/shared/Artifactory/OSX/rundev-master/202102192115/runtime/db69f03/devkitBase/devkit/ufe/lib]
        dir 3 is [/local/S/jenkins/workspace/shared/Artifactory/OSX/rundev-master/202102192115/runtime/db69f03/runTime/Maya.app/Contents/MacOS]
          dir 1 must precede it due to runtime library [libosdCPU.dylib]
          dir 2 must precede it due to runtime library [libufe_2.dylib]
        dir 4 is [/local/S/jenkins/workspace/ecg-mayausd-branch-preflight-python3-osx/build/RelWithDebInfo/lib/usd/utils]
    
      Some of these libraries may not be found correctly.
    Call Stack (most recent call first):
      plugin/pxr/cmake/macros/Public.cmake:131 (_pxr_library)
      plugin/pxr/cmake/macros/Public.cmake:162 (pxr_library)
      plugin/pxr/maya/lib/usdMaya/CMakeLists.txt:3 (pxr_shared_library)
    
    
    CMake Warning at plugin/pxr/cmake/macros/Private.cmake:842 (add_library):
      Cannot generate a safe runtime search path for target _usdMaya because
      there is a cycle in the constraint graph:
    
        dir 0 is [/local/S/jenkins/workspace/ecg-mayausd-branch-preflight-python3-osx/build/RelWithDebInfo/plugin/pxr/maya/lib/usdMaya]
        dir 1 is [/local/S/jenkins/workspace/ecg-mayausd-branch-preflight-python3-osx/build/RelWithDebInfo/lib/mayaUsd]
        dir 2 is [/local/S/jenkins/workspace/shared/Artifactory/OSX/USD/2323ac2/lib]
          dir 4 must precede it due to runtime library [libtbb.dylib]
        dir 3 is [/local/S/jenkins/workspace/shared/Artifactory/OSX/rundev-master/202102192115/runtime/db69f03/devkitBase/devkit/ufe/lib]
        dir 4 is [/local/S/jenkins/workspace/shared/Artifactory/OSX/rundev-master/202102192115/runtime/db69f03/runTime/Maya.app/Contents/MacOS]
          dir 2 must precede it due to runtime library [libosdCPU.dylib]
          dir 3 must precede it due to runtime library [libufe_2.dylib]
        dir 5 is [/local/S/jenkins/workspace/ecg-mayausd-branch-preflight-python3-osx/build/RelWithDebInfo/lib/usd/utils]
    
      Some of these libraries may not be found correctly.
    Call Stack (most recent call first):
      plugin/pxr/cmake/macros/Public.cmake:148 (_pxr_python_module)
      plugin/pxr/cmake/macros/Public.cmake:162 (pxr_library)
      plugin/pxr/maya/lib/usdMaya/CMakeLists.txt:3 (pxr_shared_library)
    
    
    CMake Warning at plugin/pxr/cmake/macros/Private.cmake:1060 (add_library):
      Cannot generate a safe runtime search path for target pxrUsd because there
      is a cycle in the constraint graph:
    
        dir 0 is [/local/S/jenkins/workspace/ecg-mayausd-branch-preflight-python3-osx/build/RelWithDebInfo/plugin/pxr/maya/lib/usdMaya]
        dir 1 is [/local/S/jenkins/workspace/shared/Artifactory/OSX/rundev-master/202102192115/runtime/db69f03/devkitBase/devkit/ufe/lib]
        dir 2 is [/local/S/jenkins/workspace/ecg-mayausd-branch-preflight-python3-osx/build/RelWithDebInfo/lib/mayaUsd]
        dir 3 is [/local/S/jenkins/workspace/shared/Artifactory/OSX/USD/2323ac2/lib]
          dir 4 must precede it due to runtime library [libtbb.dylib]
        dir 4 is [/local/S/jenkins/workspace/shared/Artifactory/OSX/rundev-master/202102192115/runtime/db69f03/runTime/Maya.app/Contents/MacOS]
          dir 1 must precede it due to runtime library [libufe_2.dylib]
          dir 3 must precede it due to runtime library [libosdCPU.dylib]
        dir 5 is [/local/S/jenkins/workspace/ecg-mayausd-branch-preflight-python3-osx/build/RelWithDebInfo/lib/usd/utils]
    
      Some of these libraries may not be found correctly.
    Call Stack (most recent call first):
      plugin/pxr/cmake/macros/Public.cmake:131 (_pxr_library)
      plugin/pxr/cmake/macros/Public.cmake:166 (pxr_library)
      plugin/pxr/maya/plugin/pxrUsd/CMakeLists.txt:3 (pxr_plugin)
    
    
    CMake Warning at plugin/pxr/cmake/macros/Private.cmake:1060 (add_library):
      Cannot generate a safe runtime search path for target pxrUsdPreviewSurface
      because there is a cycle in the constraint graph:
    
        dir 0 is [/local/S/jenkins/workspace/ecg-mayausd-branch-preflight-python3-osx/build/RelWithDebInfo/lib/usd/pxrUsdPreviewSurface]
        dir 1 is [/local/S/jenkins/workspace/ecg-mayausd-branch-preflight-python3-osx/build/RelWithDebInfo/lib/mayaUsd]
        dir 2 is [/local/S/jenkins/workspace/shared/Artifactory/OSX/USD/2323ac2/lib]
          dir 4 must precede it due to runtime library [libtbb.dylib]
        dir 3 is [/local/S/jenkins/workspace/shared/Artifactory/OSX/rundev-master/202102192115/runtime/db69f03/devkitBase/devkit/ufe/lib]
        dir 4 is [/local/S/jenkins/workspace/shared/Artifactory/OSX/rundev-master/202102192115/runtime/db69f03/runTime/Maya.app/Contents/MacOS]
          dir 2 must precede it due to runtime library [libosdCPU.dylib]
          dir 3 must precede it due to runtime library [libufe_2.dylib]
        dir 5 is [/local/S/jenkins/workspace/ecg-mayausd-branch-preflight-python3-osx/build/RelWithDebInfo/lib/usd/utils]
    
      Some of these libraries may not be found correctly.
    Call Stack (most recent call first):
      plugin/pxr/cmake/macros/Public.cmake:131 (_pxr_library)
      plugin/pxr/cmake/macros/Public.cmake:166 (pxr_library)
      plugin/pxr/maya/plugin/pxrUsdPreviewSurface/CMakeLists.txt:3 (pxr_plugin)
    
    
    CMake Warning at plugin/al/mayatest/AL/maya/test/CMakeLists.txt:13 (add_library):
      Cannot generate a safe runtime search path for target AL_MayaTest because
      there is a cycle in the constraint graph:
    
        dir 0 is [/local/S/jenkins/workspace/ecg-mayausd-branch-preflight-python3-osx/build/RelWithDebInfo/googletest-install/lib]
        dir 1 is [/local/S/jenkins/workspace/shared/Artifactory/OSX/rundev-master/202102192115/runtime/db69f03/runTime/Maya.app/Contents/MacOS]
          dir 2 must precede it due to runtime library [libtbb.dylib]
        dir 2 is [/local/S/jenkins/workspace/shared/Artifactory/OSX/USD/2323ac2/lib]
          dir 1 must precede it due to runtime library [libtbb.dylib]
    
      Some of these libraries may not be found correctly.
    
    
    CMake Warning at plugin/al/mayautils/AL/maya/tests/mayaplugintest/CMakeLists.txt:5 (add_library):
      Cannot generate a safe runtime search path for target AL_MayaUtilsTests
      because there is a cycle in the constraint graph:
    
        dir 0 is [/local/S/jenkins/workspace/ecg-mayausd-branch-preflight-python3-osx/build/RelWithDebInfo/googletest-install/lib]
        dir 1 is [/local/S/jenkins/workspace/ecg-mayausd-branch-preflight-python3-osx/build/RelWithDebInfo/plugin/al/mayatest/AL/maya/test]
        dir 2 is [/local/S/jenkins/workspace/ecg-mayausd-branch-preflight-python3-osx/build/RelWithDebInfo/plugin/al/mayautils/AL/maya]
        dir 3 is [/local/S/jenkins/workspace/shared/Artifactory/OSX/rundev-master/202102192115/runtime/db69f03/runTime/Maya.app/Contents/MacOS]
          dir 6 must precede it due to runtime library [libtbb.dylib]
        dir 4 is [/local/S/jenkins/workspace/ecg-mayausd-branch-preflight-python3-osx/build/RelWithDebInfo/plugin/al/utils/AL]
        dir 5 is [/local/S/jenkins/workspace/ecg-mayausd-branch-preflight-python3-osx/build/RelWithDebInfo/lib/usd/utils]
        dir 6 is [/local/S/jenkins/workspace/shared/Artifactory/OSX/USD/2323ac2/lib]
          dir 3 must precede it due to runtime library [libtbb.dylib]
    
      Some of these libraries may not be found correctly.
    
    
    CMake Warning at plugin/al/lib/AL_USDMaya/CMakeLists.txt:246 (add_library):
      Cannot generate a safe runtime search path for target _AL_USDMaya because
      there is a cycle in the constraint graph:
    
        dir 0 is [/local/S/jenkins/workspace/ecg-mayausd-branch-preflight-python3-osx/build/RelWithDebInfo/plugin/al/lib/AL_USDMaya]
        dir 1 is [/local/S/jenkins/workspace/ecg-mayausd-branch-preflight-python3-osx/build/RelWithDebInfo/plugin/al/usdmayautils/AL/usdmaya/utils]
        dir 2 is [/local/S/jenkins/workspace/ecg-mayausd-branch-preflight-python3-osx/build/RelWithDebInfo/plugin/al/mayautils/AL/maya]
        dir 3 is [/local/S/jenkins/workspace/ecg-mayausd-branch-preflight-python3-osx/build/RelWithDebInfo/plugin/al/utils/AL]
        dir 4 is [/local/S/jenkins/workspace/ecg-mayausd-branch-preflight-python3-osx/build/RelWithDebInfo/plugin/al/usdtransaction/AL/usd/transaction]
        dir 5 is [/local/S/jenkins/workspace/shared/Artifactory/OSX/USD/2323ac2/lib]
          dir 8 must precede it due to runtime library [libtbb.dylib]
        dir 6 is [/local/S/jenkins/workspace/ecg-mayausd-branch-preflight-python3-osx/build/RelWithDebInfo/lib/mayaUsd]
        dir 7 is [/local/S/jenkins/workspace/ecg-mayausd-branch-preflight-python3-osx/build/RelWithDebInfo/lib/usd/utils]
        dir 8 is [/local/S/jenkins/workspace/shared/Artifactory/OSX/rundev-master/202102192115/runtime/db69f03/runTime/Maya.app/Contents/MacOS]
          dir 5 must precede it due to runtime library [libosdCPU.dylib]
          dir 9 must precede it due to runtime library [libufe_2.dylib]
        dir 9 is [/local/S/jenkins/workspace/shared/Artifactory/OSX/rundev-master/202102192115/runtime/db69f03/devkitBase/devkit/ufe/lib]
    
      Some of these libraries may not be found correctly.
    
    
    CMake Warning at plugin/al/lib/AL_USDMaya/CMakeLists.txt:154 (add_library):
      Cannot generate a safe runtime search path for target AL_USDMaya because
      there is a cycle in the constraint graph:
    
        dir 0 is [/local/S/jenkins/workspace/ecg-mayausd-branch-preflight-python3-osx/build/RelWithDebInfo/plugin/al/usdmayautils/AL/usdmaya/utils]
        dir 1 is [/local/S/jenkins/workspace/ecg-mayausd-branch-preflight-python3-osx/build/RelWithDebInfo/plugin/al/mayautils/AL/maya]
        dir 2 is [/local/S/jenkins/workspace/ecg-mayausd-branch-preflight-python3-osx/build/RelWithDebInfo/plugin/al/usdtransaction/AL/usd/transaction]
        dir 3 is [/local/S/jenkins/workspace/shared/Artifactory/OSX/USD/2323ac2/lib]
          dir 8 must precede it due to runtime library [libtbb.dylib]
        dir 4 is [/local/S/jenkins/workspace/ecg-mayausd-branch-preflight-python3-osx/build/RelWithDebInfo/lib/mayaUsd]
        dir 5 is [/local/S/jenkins/workspace/shared/Artifactory/OSX/rundev-master/202102192115/runtime/db69f03/devkitBase/devkit/ufe/lib]
        dir 6 is [/local/S/jenkins/workspace/ecg-mayausd-branch-preflight-python3-osx/build/RelWithDebInfo/plugin/al/utils/AL]
        dir 7 is [/local/S/jenkins/workspace/ecg-mayausd-branch-preflight-python3-osx/build/RelWithDebInfo/lib/usd/utils]
        dir 8 is [/local/S/jenkins/workspace/shared/Artifactory/OSX/rundev-master/202102192115/runtime/db69f03/runTime/Maya.app/Contents/MacOS]
          dir 3 must precede it due to runtime library [libosdCPU.dylib]
          dir 5 must precede it due to runtime library [libufe_2.dylib]
    
      Some of these libraries may not be found correctly.
    
    
    CMake Warning at plugin/al/plugin/AL_USDMayaPlugin/CMakeLists.txt:3 (add_library):
      Cannot generate a safe runtime search path for target AL_USDMayaPlugin
      because there is a cycle in the constraint graph:
    
        dir 0 is [/local/S/jenkins/workspace/ecg-mayausd-branch-preflight-python3-osx/build/RelWithDebInfo/plugin/al/lib/AL_USDMaya]
        dir 1 is [/local/S/jenkins/workspace/shared/Artifactory/OSX/rundev-master/202102192115/runtime/db69f03/runTime/Maya.app/Contents/MacOS]
          dir 6 must precede it due to runtime library [libosdCPU.dylib]
          dir 9 must precede it due to runtime library [libufe_2.dylib]
        dir 2 is [/local/S/jenkins/workspace/ecg-mayausd-branch-preflight-python3-osx/build/RelWithDebInfo/plugin/al/usdmayautils/AL/usdmaya/utils]
        dir 3 is [/local/S/jenkins/workspace/ecg-mayausd-branch-preflight-python3-osx/build/RelWithDebInfo/plugin/al/mayautils/AL/maya]
        dir 4 is [/local/S/jenkins/workspace/ecg-mayausd-branch-preflight-python3-osx/build/RelWithDebInfo/plugin/al/utils/AL]
        dir 5 is [/local/S/jenkins/workspace/ecg-mayausd-branch-preflight-python3-osx/build/RelWithDebInfo/plugin/al/usdtransaction/AL/usd/transaction]
        dir 6 is [/local/S/jenkins/workspace/shared/Artifactory/OSX/USD/2323ac2/lib]
          dir 1 must precede it due to runtime library [libtbb.dylib]
        dir 7 is [/local/S/jenkins/workspace/ecg-mayausd-branch-preflight-python3-osx/build/RelWithDebInfo/lib/mayaUsd]
        dir 8 is [/local/S/jenkins/workspace/ecg-mayausd-branch-preflight-python3-osx/build/RelWithDebInfo/lib/usd/utils]
        dir 9 is [/local/S/jenkins/workspace/shared/Artifactory/OSX/rundev-master/202102192115/runtime/db69f03/devkitBase/devkit/ufe/lib]
    
      Some of these libraries may not be found correctly.
    
    
    CMake Warning at plugin/al/plugin/AL_USDMayaTestPlugin/CMakeLists.txt:5 (add_library):
      Cannot generate a safe runtime search path for target AL_USDMayaTestPlugin
      because there is a cycle in the constraint graph:
    
        dir 0 is [/local/S/jenkins/workspace/ecg-mayausd-branch-preflight-python3-osx/build/RelWithDebInfo/plugin/al/lib/AL_USDMaya]
        dir 1 is [/local/S/jenkins/workspace/ecg-mayausd-branch-preflight-python3-osx/build/RelWithDebInfo/plugin/al/mayatest/AL/maya/test]
        dir 2 is [/local/S/jenkins/workspace/ecg-mayausd-branch-preflight-python3-osx/build/RelWithDebInfo/plugin/al/schemas/AL/usd/schemas/maya]
        dir 3 is [/local/S/jenkins/workspace/ecg-mayausd-branch-preflight-python3-osx/build/RelWithDebInfo/plugin/al/schemas/AL/usd/schemas/mayatest]
        dir 4 is [/local/S/jenkins/workspace/ecg-mayausd-branch-preflight-python3-osx/build/RelWithDebInfo/googletest-install/lib]
        dir 5 is [/local/S/jenkins/workspace/ecg-mayausd-branch-preflight-python3-osx/build/RelWithDebInfo/plugin/al/usdmayautils/AL/usdmaya/utils]
        dir 6 is [/local/S/jenkins/workspace/ecg-mayausd-branch-preflight-python3-osx/build/RelWithDebInfo/plugin/al/mayautils/AL/maya]
        dir 7 is [/local/S/jenkins/workspace/ecg-mayausd-branch-preflight-python3-osx/build/RelWithDebInfo/plugin/al/utils/AL]
        dir 8 is [/local/S/jenkins/workspace/ecg-mayausd-branch-preflight-python3-osx/build/RelWithDebInfo/plugin/al/usdtransaction/AL/usd/transaction]
        dir 9 is [/local/S/jenkins/workspace/shared/Artifactory/OSX/USD/2323ac2/lib]
          dir 13 must precede it due to runtime library [libtbb.dylib]
        dir 10 is [/local/S/jenkins/workspace/ecg-mayausd-branch-preflight-python3-osx/build/RelWithDebInfo/lib/mayaUsd]
        dir 11 is [/local/S/jenkins/workspace/ecg-mayausd-branch-preflight-python3-osx/build/RelWithDebInfo/lib/usd/utils]
        dir 12 is [/local/S/jenkins/workspace/shared/Artifactory/OSX/rundev-master/202102192115/runtime/db69f03/devkitBase/devkit/ufe/lib]
        dir 13 is [/local/S/jenkins/workspace/shared/Artifactory/OSX/rundev-master/202102192115/runtime/db69f03/runTime/Maya.app/Contents/MacOS]
          dir 9 must precede it due to runtime library [libosdCPU.dylib]
          dir 12 must precede it due to runtime library [libufe_2.dylib]
    
      Some of these libraries may not be found correctly.
    
    
    CMake Warning at plugin/al/translators/CMakeLists.txt:16 (add_library):
      Cannot generate a safe runtime search path for target AL_USDMayaTranslators
      because there is a cycle in the constraint graph:
    
        dir 0 is [/local/S/jenkins/workspace/ecg-mayausd-branch-preflight-python3-osx/build/RelWithDebInfo/plugin/al/lib/AL_USDMaya]
        dir 1 is [/local/S/jenkins/workspace/ecg-mayausd-branch-preflight-python3-osx/build/RelWithDebInfo/plugin/al/schemas/AL/usd/schemas/maya]
        dir 2 is [/local/S/jenkins/workspace/ecg-mayausd-branch-preflight-python3-osx/build/RelWithDebInfo/lib/mayaUsd]
        dir 3 is [/local/S/jenkins/workspace/ecg-mayausd-branch-preflight-python3-osx/build/RelWithDebInfo/lib/usd/schemas]
        dir 4 is [/local/S/jenkins/workspace/shared/Artifactory/OSX/USD/2323ac2/lib]
          dir 5 must precede it due to runtime library [libtbb.dylib]
        dir 5 is [/local/S/jenkins/workspace/shared/Artifactory/OSX/rundev-master/202102192115/runtime/db69f03/runTime/Maya.app/Contents/MacOS]
          dir 4 must precede it due to runtime library [libosdCPU.dylib]
          dir 11 must precede it due to runtime library [libufe_2.dylib]
        dir 6 is [/local/S/jenkins/workspace/ecg-mayausd-branch-preflight-python3-osx/build/RelWithDebInfo/plugin/al/usdmayautils/AL/usdmaya/utils]
        dir 7 is [/local/S/jenkins/workspace/ecg-mayausd-branch-preflight-python3-osx/build/RelWithDebInfo/plugin/al/mayautils/AL/maya]
        dir 8 is [/local/S/jenkins/workspace/ecg-mayausd-branch-preflight-python3-osx/build/RelWithDebInfo/plugin/al/utils/AL]
        dir 9 is [/local/S/jenkins/workspace/ecg-mayausd-branch-preflight-python3-osx/build/RelWithDebInfo/lib/usd/utils]
        dir 10 is [/local/S/jenkins/workspace/ecg-mayausd-branch-preflight-python3-osx/build/RelWithDebInfo/plugin/al/usdtransaction/AL/usd/transaction]
        dir 11 is [/local/S/jenkins/workspace/shared/Artifactory/OSX/rundev-master/202102192115/runtime/db69f03/devkitBase/devkit/ufe/lib]
    
      Some of these libraries may not be found correctly.
    
    
    CMake Warning at plugin/al/translators/pxrUsdTranslators/CMakeLists.txt:27 (add_library):
      Cannot generate a safe runtime search path for target
      AL_USDMayaPxrTranslators because there is a cycle in the constraint graph:
    
        dir 0 is [/local/S/jenkins/workspace/ecg-mayausd-branch-preflight-python3-osx/build/RelWithDebInfo/plugin/al/schemas/AL/usd/schemas/maya]
        dir 1 is [/local/S/jenkins/workspace/ecg-mayausd-branch-preflight-python3-osx/build/RelWithDebInfo/lib/usd/schemas]
        dir 2 is [/local/S/jenkins/workspace/ecg-mayausd-branch-preflight-python3-osx/build/RelWithDebInfo/plugin/al/lib/AL_USDMaya]
        dir 3 is [/local/S/jenkins/workspace/ecg-mayausd-branch-preflight-python3-osx/build/RelWithDebInfo/plugin/pxr/maya/lib/usdMaya]
        dir 4 is [/local/S/jenkins/workspace/ecg-mayausd-branch-preflight-python3-osx/build/RelWithDebInfo/plugin/al/usdmayautils/AL/usdmaya/utils]
        dir 5 is [/local/S/jenkins/workspace/ecg-mayausd-branch-preflight-python3-osx/build/RelWithDebInfo/plugin/al/mayautils/AL/maya]
        dir 6 is [/local/S/jenkins/workspace/ecg-mayausd-branch-preflight-python3-osx/build/RelWithDebInfo/plugin/al/utils/AL]
        dir 7 is [/local/S/jenkins/workspace/ecg-mayausd-branch-preflight-python3-osx/build/RelWithDebInfo/plugin/al/usdtransaction/AL/usd/transaction]
        dir 8 is [/local/S/jenkins/workspace/shared/Artifactory/OSX/USD/2323ac2/lib]
          dir 12 must precede it due to runtime library [libtbb.dylib]
        dir 9 is [/local/S/jenkins/workspace/ecg-mayausd-branch-preflight-python3-osx/build/RelWithDebInfo/lib/mayaUsd]
        dir 10 is [/local/S/jenkins/workspace/ecg-mayausd-branch-preflight-python3-osx/build/RelWithDebInfo/lib/usd/utils]
        dir 11 is [/local/S/jenkins/workspace/shared/Artifactory/OSX/rundev-master/202102192115/runtime/db69f03/devkitBase/devkit/ufe/lib]
        dir 12 is [/local/S/jenkins/workspace/shared/Artifactory/OSX/rundev-master/202102192115/runtime/db69f03/runTime/Maya.app/Contents/MacOS]
          dir 8 must precede it due to runtime library [libosdCPU.dylib]
          dir 11 must precede it due to runtime library [libufe_2.dylib]
    
      Some of these libraries may not be found correctly.
    
    
    CMake Warning at plugin/adsk/plugin/CMakeLists.txt:18 (add_library):
      Cannot generate a safe runtime search path for target mayaUsdPlugin because
      there is a cycle in the constraint graph:
    
        dir 0 is [/local/S/jenkins/workspace/shared/Artifactory/OSX/rundev-master/202102192115/runtime/db69f03/devkitBase/devkit/ufe/lib]
        dir 1 is [/local/S/jenkins/workspace/ecg-mayausd-branch-preflight-python3-osx/build/RelWithDebInfo/lib/usd/pxrUsdPreviewSurface]
        dir 2 is [/local/S/jenkins/workspace/ecg-mayausd-branch-preflight-python3-osx/build/RelWithDebInfo/lib/usd/ui]
        dir 3 is [/local/S/jenkins/workspace/ecg-mayausd-branch-preflight-python3-osx/build/RelWithDebInfo/lib/mayaUsd]
        dir 4 is [/local/S/jenkins/workspace/shared/Artifactory/OSX/USD/2323ac2/lib]
          dir 5 must precede it due to runtime library [libtbb.dylib]
        dir 5 is [/local/S/jenkins/workspace/shared/Artifactory/OSX/rundev-master/202102192115/runtime/db69f03/runTime/Maya.app/Contents/MacOS]
          dir 0 must precede it due to runtime library [libufe_2.dylib]
          dir 4 must precede it due to runtime library [libosdCPU.dylib]
        dir 6 is [/local/S/jenkins/workspace/ecg-mayausd-branch-preflight-python3-osx/build/RelWithDebInfo/lib/usd/utils]
    
      Some of these libraries may not be found correctly.
    
    
    -- Generating done
    -- Build files have been written to: /local/S/jenkins/workspace/ecg-mayausd-branch-preflight-python3-osx/build/RelWithDebInfo
    
        Building with settings:
          Source directory          /local/S/jenkins/workspace/ecg-mayausd-branch-preflight-python3-osx/ecg-maya-usd/maya-usd
          Workspace directory       /local/S/jenkins/workspace/ecg-mayausd-branch-preflight-python3-osx
          Build directory           /local/S/jenkins/workspace/ecg-mayausd-branch-preflight-python3-osx/build/RelWithDebInfo
          Install directory         /local/S/jenkins/workspace/ecg-mayausd-branch-preflight-python3-osx/install/RelWithDebInfo/MayaUSD
          Variant                   RelWithDebInfo
          Python Debug              Off
          CMake generator           Ninja
          Build arguments           ['-DCMAKE_MAKE_PROGRAM=/local/S/jenkins/workspace/shared/Artifactory/OSX/ninja/1.9.0/41005eb/ninja', '-DPYTHON_INCLUDE_DIR=/local/S/jenkins/workspace/shared/Artifactory/OSX/rundev-master/202102192115/runtime/db69f03/runTime/Maya.app/Contents/Frameworks/Python.framework/Versions/Current/include/python3.7m', '-DPython_EXECUTABLE=/local/S/jenkins/workspace/shared/Artifactory/OSX/rundev-master/202102192115/runtime/db69f03/runTime/Maya.app/Contents/bin/mayapy', '-DPYTHON_LIBRARIES=/local/S/jenkins/workspace/shared/Artifactory/OSX/rundev-master/202102192115/runtime/db69f03/runTime/Maya.app/Contents/Frameworks/Python.framework/Versions/Current/lib/libpython3.7m.dylib', '-DBUILD_WITH_PYTHON_3=ON', '-DMAYAUSD_TO_USD_RELATIVE_PATH=../USD']
          Stages arguments          ['configure']
          CTest arguments           ['-E testUsdReferenceAssemblySelection|testUsdMayaAppDir|testUsdExportAsClip', '-LE interactive', '--parallel 8']
    Success MayaUSD build and install !!!!
    Elapsed time: 00:00:29
[Pipeline] }
[Pipeline] // withEnv
[Pipeline] }
[Pipeline] // stage
[Pipeline] }
[Pipeline] // timestamps
[Pipeline] }
[Pipeline] // timeout
[Pipeline] timeout
Timeout set to expire in 6 hr 0 min
[Pipeline] {
[Pipeline] timestamps
[Pipeline] {
[Pipeline] stage
[Pipeline] { (Build)
[Pipeline] withEnv
[Pipeline] {
[Pipeline] sh
[ecg-mayausd-branch-preflight-python3-osx] Running shell script
+ python ecg-maya-usd/build.py --stages=build --workspace-dir=/local/S/jenkins/workspace/ecg-mayausd-branch-preflight-python3-osx --artifactory-dir=/local/S/jenkins/workspace/shared/Artifactory --build-dir=/local/S/jenkins/workspace/ecg-mayausd-branch-preflight-python3-osx/build --install-dir=/local/S/jenkins/workspace/ecg-mayausd-branch-preflight-python3-osx/install --signing-dir=/local/S/jenkins/workspace/ecg-mayausd-branch-preflight-python3-osx/signing --package-dir=/local/S/jenkins/workspace/ecg-mayausd-branch-preflight-python3-osx/package --output-dir=/local/S/jenkins/workspace/ecg-mayausd-branch-preflight-python3-osx/output --stash-dir=/local/S/jenkins/workspace/ecg-mayausd-branch-preflight-python3-osx/stash --jenkins-build=647 --git-commit=7e2962ff36a1f7470a02e509fd7b99ef4c7d04c4 --git-branch=master --variants=Debug --python=3 --build-retry=3 --maya-cut-config=maya-rundev-master-debug.yaml --stage-banner
Using Maya cut from /local/S/jenkins/workspace/shared/Artifactory/OSX/rundev-master-debug/202102190915/runtime/f749fbd

================================================================================
                                 build (Debug)
================================================================================
running build stage....................
Maya Python Debug Info:
  mayapy executable   = /local/S/jenkins/workspace/shared/Artifactory/OSX/rundev-master-debug/202102190915/runtime/f749fbd/runTime/Maya.app/Contents/bin/mayapy
  Include Folder      = /local/S/jenkins/workspace/shared/Artifactory/OSX/rundev-master-debug/202102190915/runtime/f749fbd/runTime/Maya.app/Contents/Frameworks/Python.framework/Versions/Current/include/python3.7m
  Library             = /local/S/jenkins/workspace/shared/Artifactory/OSX/rundev-master-debug/202102190915/runtime/f749fbd/runTime/Maya.app/Contents/Frameworks/Python.framework/Versions/Current/lib/libpython3.7m.dylib
  site-package Folder = /local/S/jenkins/workspace/shared/Artifactory/OSX/rundev-master-debug/202102190915/runtime/f749fbd/runTime/Maya.app/Contents/Frameworks/Python.framework/Versions/Current/lib/python3.7/site-packages
In workdir: /local/S/jenkins/workspace/ecg-mayausd-branch-preflight-python3-osx/ecg-maya-usd/maya-usd
Executing: /local/S/jenkins/workspace/shared/Artifactory/OSX/rundev-master-debug/202102190915/runtime/f749fbd/runTime/Maya.app/Contents/bin/mayapy /local/S/jenkins/workspace/ecg-mayausd-branch-preflight-python3-osx/ecg-maya-usd/maya-usd/build.py --generator Ninja --build-debug --maya-location /local/S/jenkins/workspace/shared/Artifactory/OSX/rundev-master-debug/202102190915/runtime/f749fbd/runTime --devkit-location /local/S/jenkins/workspace/shared/Artifactory/OSX/rundev-master-debug/202102190915/runtime/f749fbd/devkitBase --pxrusd-location /local/S/jenkins/workspace/shared/Artifactory/OSX/USD/7a53103 --qt-location /local/S/jenkins/workspace/shared/Artifactory/OSX/qt/5.15.2/06692ed --build-args=-DCMAKE_MAKE_PROGRAM=/local/S/jenkins/workspace/shared/Artifactory/OSX/ninja/1.9.0/41005eb/ninja,-DPYTHON_INCLUDE_DIR=/local/S/jenkins/workspace/shared/Artifactory/OSX/rundev-master-debug/202102190915/runtime/f749fbd/runTime/Maya.app/Contents/Frameworks/Python.framework/Versions/Current/include/python3.7m,-DPython_EXECUTABLE=/local/S/jenkins/workspace/shared/Artifactory/OSX/rundev-master-debug/202102190915/runtime/f749fbd/runTime/Maya.app/Contents/bin/mayapy,-DPYTHON_LIBRARIES=/local/S/jenkins/workspace/shared/Artifactory/OSX/rundev-master-debug/202102190915/runtime/f749fbd/runTime/Maya.app/Contents/Frameworks/Python.framework/Versions/Current/lib/libpython3.7m.dylib,-DBUILD_WITH_PYTHON_3=ON,-DMAYAUSD_TO_USD_RELATIVE_PATH=../USD '--ctest-args=-E testUsdReferenceAssemblySelection|testUsdMayaAppDir|testUsdExportAsClip,-LE interactive,--parallel 8' --stages=build --redirect-outstream-file=False --install-location /local/S/jenkins/workspace/ecg-mayausd-branch-preflight-python3-osx/install/Debug/MayaUSD /local/S/jenkins/workspace/ecg-mayausd-branch-preflight-python3-osx
Modified environment variables:
    PATH=/local/S/jenkins/workspace/shared/Artifactory/OSX/cmake/3.14.4/e159059/bin:/usr/local/bin:/bin:/usr/sbin:/sbin:/usr/bin
    [1/598] Running utility command for MAYAUSD_UNDO_TEST
    [2/598] Running utility command for MAYAUSD_FILEIO_UTILS_TEST
    [3/598] Running utility command for MAYAUSD_UTILS_TEST
    [4/598] Running utility command for MAYAUSD_TEST
    [5/598] Running utility command for MAYAUSD_NODES_TEST
    [6/598] Running utility command for MTOH_TEST
    [7/598] Running utility command for MAYAUSD_SCHEMA_TEST
    [8/598] Running utility command for MAYAUSD_PXR_USD_PREVIEW_SURFACE_TEST
    [9/598] Running utility command for UFE_TEST
    [10/598] Running utility command for VP2_RENDER_DELEGATE_TEST
    [11/598] Building CXX object test/lib/usd/plugin/CMakeFiles/usdTestMayaPlugin.dir/plugin.cpp.o
    [12/598] Running utility command for PYTHON_TEST_UTILS
    [13/598] Building CXX object test/lib/usd/utils/CMakeFiles/DiffCore.dir/main.cpp.o
    [14/598] Building CXX object lib/mayaUsd/CMakeFiles/mayaUsd.dir/base/debugCodes.cpp.o
    [15/598] Running utility command for PYTHON_TEST_SAMPLES
    [16/598] Building CXX object test/lib/usd/utils/CMakeFiles/DiffCore.dir/test_DiffCore.cpp.o
    [17/598] Building CXX object lib/mayaUsd/CMakeFiles/mayaUsd.dir/base/tokens.cpp.o
    [18/598] Running utility command for MAYAUSD_RENDER_PXRUSDMAYAGL_TEST
    [19/598] Running utility command for IMPORT_EXPORT_TEST
    [20/598] Building CXX object lib/mayaUsd/CMakeFiles/mayaUsd.dir/commands/layerEditorWindowCommand.cpp.o
    [21/598] Building CXX object test/lib/usd/plugin/CMakeFiles/usdTestUsdPlugin.dir/mayaShaderTranslation.cpp.o
    [22/598] Building CXX object test/lib/usd/plugin/CMakeFiles/usdTestMayaPlugin.dir/mayaShaderTranslation.cpp.o
    [23/598] Building CXX object lib/mayaUsd/CMakeFiles/mayaUsd.dir/commands/editTargetCommand.cpp.o
    [24/598] Building CXX object lib/mayaUsd/CMakeFiles/mayaUsd.dir/commands/baseImportCommand.cpp.o
    [25/598] Building CXX object lib/mayaUsd/CMakeFiles/mayaUsd.dir/commands/baseListShadingModesCommand.cpp.o
    [26/598] Building CXX object lib/mayaUsd/CMakeFiles/mayaUsd.dir/commands/baseExportCommand.cpp.o
    [27/598] Building CXX object lib/mayaUsd/CMakeFiles/mayaUsd.dir/fileio/fallbackPrimReader.cpp.o
    [28/598] Building CXX object lib/mayaUsd/CMakeFiles/mayaUsd.dir/commands/layerEditorCommand.cpp.o
    [29/598] Building CXX object lib/mayaUsd/CMakeFiles/mayaUsd.dir/fileio/functorPrimReader.cpp.o
    [30/598] Building CXX object lib/mayaUsd/CMakeFiles/mayaUsd.dir/fileio/functorPrimWriter.cpp.o
    [31/598] Building CXX object lib/mayaUsd/CMakeFiles/mayaUsd.dir/fileio/importData.cpp.o
    [32/598] Building CXX object lib/mayaUsd/CMakeFiles/mayaUsd.dir/fileio/instancedNodeWriter.cpp.o
    [33/598] Building CXX object lib/mayaUsd/CMakeFiles/mayaUsd.dir/fileio/primReader.cpp.o
    [34/598] Building CXX object lib/mayaUsd/CMakeFiles/mayaUsd.dir/fileio/primReaderArgs.cpp.o
    [35/598] Building CXX object lib/mayaUsd/CMakeFiles/mayaUsd.dir/fileio/primReaderContext.cpp.o
    [36/598] Building CXX object lib/mayaUsd/CMakeFiles/mayaUsd.dir/fileio/primReaderRegistry.cpp.o
    [37/598] Building CXX object lib/mayaUsd/CMakeFiles/mayaUsd.dir/fileio/primUpdaterContext.cpp.o
    [38/598] Building CXX object lib/mayaUsd/CMakeFiles/mayaUsd.dir/fileio/primUpdater.cpp.o
    [39/598] Building CXX object lib/mayaUsd/CMakeFiles/mayaUsd.dir/fileio/primWriterContext.cpp.o
    [40/598] Building CXX object lib/mayaUsd/CMakeFiles/mayaUsd.dir/fileio/primUpdaterRegistry.cpp.o
    [41/598] Building CXX object lib/mayaUsd/CMakeFiles/mayaUsd.dir/fileio/primWriterArgs.cpp.o
    [42/598] Building CXX object lib/mayaUsd/CMakeFiles/mayaUsd.dir/fileio/primWriter.cpp.o
    [43/598] Building CXX object lib/mayaUsd/CMakeFiles/mayaUsd.dir/fileio/registryHelper.cpp.o
    [44/598] Building CXX object lib/mayaUsd/CMakeFiles/mayaUsd.dir/fileio/chaser/chaser.cpp.o
    [45/598] Building CXX object lib/mayaUsd/CMakeFiles/mayaUsd.dir/fileio/primWriterRegistry.cpp.o
    [46/598] Building CXX object lib/mayaUsd/CMakeFiles/mayaUsd.dir/fileio/shaderReader.cpp.o
    [47/598] Building CXX object lib/mayaUsd/CMakeFiles/mayaUsd.dir/fileio/shaderWriter.cpp.o
    [48/598] Building CXX object lib/mayaUsd/CMakeFiles/mayaUsd.dir/fileio/shaderReaderRegistry.cpp.o
    [49/598] Building CXX object lib/mayaUsd/CMakeFiles/mayaUsd.dir/fileio/shaderWriterRegistry.cpp.o
    [50/598] Building CXX object lib/mayaUsd/CMakeFiles/mayaUsd.dir/fileio/transformWriter.cpp.o
    [51/598] Building CXX object lib/mayaUsd/CMakeFiles/mayaUsd.dir/fileio/chaser/chaserRegistry.cpp.o
    [52/598] Building CXX object lib/mayaUsd/CMakeFiles/mayaUsd.dir/fileio/writeJobContext.cpp.o
    [53/598] Building CXX object lib/mayaUsd/CMakeFiles/mayaUsd.dir/fileio/jobs/modelKindProcessor.cpp.o
    [54/598] Building CXX object lib/mayaUsd/CMakeFiles/mayaUsd.dir/fileio/jobs/jobArgs.cpp.o
    [55/598] Building CXX object lib/mayaUsd/CMakeFiles/mayaUsd.dir/fileio/jobs/readJob.cpp.o
    [56/598] Building CXX object lib/mayaUsd/CMakeFiles/mayaUsd.dir/fileio/shading/shadingModeDisplayColor.cpp.o
    [57/598] Building CXX object lib/mayaUsd/CMakeFiles/mayaUsd.dir/fileio/jobs/writeJob.cpp.o
    [58/598] Building CXX object lib/mayaUsd/CMakeFiles/mayaUsd.dir/fileio/shading/shadingModeExporter.cpp.o
    [59/598] Building CXX object lib/mayaUsd/CMakeFiles/mayaUsd.dir/fileio/shading/shadingModeImporter.cpp.o
    [60/598] Building CXX object lib/mayaUsd/CMakeFiles/mayaUsd.dir/fileio/shading/shadingModeExporterContext.cpp.o
    [61/598] Building CXX object lib/mayaUsd/CMakeFiles/mayaUsd.dir/fileio/shading/shadingModePxrRis.cpp.o
    [62/598] Building CXX object lib/mayaUsd/CMakeFiles/mayaUsd.dir/fileio/shading/shadingModeRegistry.cpp.o
    [63/598] Building CXX object lib/mayaUsd/CMakeFiles/mayaUsd.dir/fileio/shading/shadingModeUseRegistry.cpp.o
    [64/598] Building CXX object lib/mayaUsd/CMakeFiles/mayaUsd.dir/fileio/shading/symmetricShaderReader.cpp.o
    [65/598] Building CXX object lib/mayaUsd/CMakeFiles/mayaUsd.dir/fileio/translators/skelBindingsProcessor.cpp.o
    [66/598] Building CXX object lib/mayaUsd/CMakeFiles/mayaUsd.dir/fileio/shading/symmetricShaderWriter.cpp.o
    [67/598] Building CXX object lib/mayaUsd/CMakeFiles/mayaUsd.dir/fileio/translators/translatorCamera.cpp.o
    [68/598] Building CXX object lib/mayaUsd/CMakeFiles/mayaUsd.dir/fileio/translators/translatorCurves.cpp.o
    [69/598] Building CXX object lib/mayaUsd/CMakeFiles/mayaUsd.dir/fileio/translators/translatorGprim.cpp.o
    [70/598] Building CXX object lib/mayaUsd/CMakeFiles/mayaUsd.dir/fileio/translators/translatorMayaReference.cpp.o
    [71/598] Building CXX object lib/mayaUsd/CMakeFiles/mayaUsd.dir/fileio/translators/translatorMaterial.cpp.o
    [72/598] Building CXX object lib/mayaUsd/CMakeFiles/mayaUsd.dir/fileio/translators/translatorPrim.cpp.o
    [73/598] Building CXX object lib/mayaUsd/CMakeFiles/mayaUsd.dir/fileio/translators/translatorMesh.cpp.o
    [74/598] Building CXX object lib/mayaUsd/CMakeFiles/mayaUsd.dir/fileio/translators/translatorNurbsPatch.cpp.o
    [75/598] Building CXX object lib/mayaUsd/CMakeFiles/mayaUsd.dir/fileio/translators/translatorRfMLight.cpp.o
    [76/598] Building CXX object lib/mayaUsd/CMakeFiles/mayaUsd.dir/fileio/translators/translatorSkel.cpp.o
    [77/598] Building CXX object lib/mayaUsd/CMakeFiles/mayaUsd.dir/fileio/translators/translatorUtil.cpp.o
    [78/598] Building CXX object lib/mayaUsd/CMakeFiles/mayaUsd.dir/fileio/translators/translatorXformable.cpp.o
    [79/598] Building CXX object lib/mayaUsd/CMakeFiles/mayaUsd.dir/fileio/translators/translatorXformable_decompose.cpp.o
    [80/598] Building CXX object lib/mayaUsd/CMakeFiles/mayaUsd.dir/fileio/utils/jointWriteUtils.cpp.o
    [81/598] Building CXX object lib/mayaUsd/CMakeFiles/mayaUsd.dir/fileio/utils/meshReadUtils.cpp.o
    [82/598] Building CXX object lib/mayaUsd/CMakeFiles/mayaUsd.dir/fileio/utils/adaptor.cpp.o
    [83/598] Building CXX object lib/mayaUsd/CMakeFiles/mayaUsd.dir/fileio/utils/readUtil.cpp.o
    [84/598] Building CXX object lib/mayaUsd/CMakeFiles/mayaUsd.dir/fileio/utils/roundTripUtil.cpp.o
    [85/598] Building CXX object lib/mayaUsd/CMakeFiles/mayaUsd.dir/listeners/notice.cpp.o
    [86/598] Building CXX object lib/mayaUsd/CMakeFiles/mayaUsd.dir/fileio/utils/meshWriteUtils.cpp.o
    [87/598] Building CXX object lib/mayaUsd/CMakeFiles/mayaUsd.dir/fileio/utils/shadingUtil.cpp.o
    [88/598] Building CXX object lib/mayaUsd/CMakeFiles/mayaUsd.dir/fileio/utils/userTaggedAttribute.cpp.o
    [89/598] Building CXX object lib/mayaUsd/CMakeFiles/mayaUsd.dir/fileio/utils/xformStack.cpp.o
    [90/598] Building CXX object lib/mayaUsd/CMakeFiles/mayaUsd.dir/listeners/stageNoticeListener.cpp.o
    [91/598] Building CXX object lib/mayaUsd/CMakeFiles/mayaUsd.dir/listeners/proxyShapeNotice.cpp.o
    [92/598] Building CXX object lib/mayaUsd/CMakeFiles/mayaUsd.dir/nodes/hdImagingShape.cpp.o
    [93/598] Building CXX object lib/mayaUsd/CMakeFiles/mayaUsd.dir/fileio/utils/writeUtil.cpp.o
    [94/598] Building CXX object lib/mayaUsd/CMakeFiles/mayaUsd.dir/nodes/pointBasedDeformerNode.cpp.o
    [95/598] Building CXX object lib/mayaUsd/CMakeFiles/mayaUsd.dir/nodes/proxyAccessor.cpp.o
    [96/598] Building CXX object lib/mayaUsd/CMakeFiles/mayaUsd.dir/render/px_vp20/glslProgram.cpp.o
    [97/598] Building CXX object lib/mayaUsd/CMakeFiles/mayaUsd.dir/python/moduleDeps.cpp.o
    [98/598] Building CXX object lib/mayaUsd/CMakeFiles/mayaUsd.dir/nodes/stageData.cpp.o
    [99/598] Building CXX object lib/mayaUsd/CMakeFiles/mayaUsd.dir/nodes/proxyShapeBase.cpp.o
    [100/598] Building CXX object lib/mayaUsd/CMakeFiles/mayaUsd.dir/render/pxrUsdMayaGL/debugCodes.cpp.o
    [101/598] Building CXX object lib/mayaUsd/CMakeFiles/mayaUsd.dir/nodes/stageNode.cpp.o
    [102/598] Building CXX object lib/mayaUsd/CMakeFiles/mayaUsd.dir/nodes/usdPrimProvider.cpp.o
    [103/598] Building CXX object lib/mayaUsd/CMakeFiles/mayaUsd.dir/render/px_vp20/utils_legacy.cpp.o
    [104/598] Building CXX object lib/mayaUsd/CMakeFiles/mayaUsd.dir/render/px_vp20/utils.cpp.o
    [105/598] Building CXX object lib/mayaUsd/CMakeFiles/mayaUsd.dir/nodes/proxyShapePlugin.cpp.o
    [106/598] Building CXX object lib/mayaUsd/CMakeFiles/mayaUsd.dir/nodes/layerManager.cpp.o
    [107/598] Building CXX object lib/mayaUsd/CMakeFiles/mayaUsd.dir/render/pxrUsdMayaGL/batchRenderer.cpp.o
    [108/598] Building CXX object lib/mayaUsd/CMakeFiles/mayaUsd.dir/render/pxrUsdMayaGL/hdImagingShapeDrawOverride.cpp.o
    [109/598] Building CXX object lib/mayaUsd/CMakeFiles/mayaUsd.dir/render/pxrUsdMayaGL/hdImagingShapeUI.cpp.o
    [110/598] Building CXX object lib/mayaUsd/CMakeFiles/mayaUsd.dir/render/pxrUsdMayaGL/proxyShapeDelegate.cpp.o
    [111/598] Building CXX object lib/mayaUsd/CMakeFiles/mayaUsd.dir/render/pxrUsdMayaGL/softSelectHelper.cpp.o
    [112/598] Building CXX object lib/mayaUsd/CMakeFiles/mayaUsd.dir/render/pxrUsdMayaGL/instancerImager.cpp.o
    [113/598] Building CXX object lib/mayaUsd/CMakeFiles/mayaUsd.dir/render/pxrUsdMayaGL/instancerShapeAdapter.cpp.o
    [114/598] Building CXX object lib/mayaUsd/CMakeFiles/mayaUsd.dir/render/pxrUsdMayaGL/proxyDrawOverride.cpp.o
    [115/598] Building CXX object lib/mayaUsd/CMakeFiles/mayaUsd.dir/render/pxrUsdMayaGL/userData.cpp.o
    [116/598] Building CXX object lib/mayaUsd/CMakeFiles/mayaUsd.dir/render/vp2RenderDelegate/debugCodes.cpp.o
    [117/598] Building CXX object lib/mayaUsd/CMakeFiles/mayaUsd.dir/render/vp2RenderDelegate/bboxGeom.cpp.o
    [118/598] Building CXX object lib/mayaUsd/CMakeFiles/mayaUsd.dir/render/pxrUsdMayaGL/proxyShapeUI.cpp.o
    [119/598] Building CXX object lib/mayaUsd/CMakeFiles/mayaUsd.dir/render/pxrUsdMayaGL/sceneDelegate.cpp.o
    [120/598] Building CXX object lib/mayaUsd/CMakeFiles/mayaUsd.dir/render/pxrUsdMayaGL/shapeAdapter.cpp.o
    [121/598] Building CXX object lib/mayaUsd/CMakeFiles/mayaUsd.dir/render/vp2RenderDelegate/draw_item.cpp.o
    [122/598] Building CXX object lib/mayaUsd/CMakeFiles/mayaUsd.dir/render/vp2RenderDelegate/instancer.cpp.o
    [123/598] Building CXX object lib/mayaUsd/CMakeFiles/mayaUsd.dir/render/vp2RenderDelegate/material.cpp.o
    [124/598] Building CXX object lib/mayaUsd/CMakeFiles/mayaUsd.dir/render/vp2RenderDelegate/basisCurves.cpp.o
    [125/598] Building CXX object lib/mayaUsd/CMakeFiles/mayaUsd.dir/render/vp2RenderDelegate/render_param.cpp.o
    [126/598] Building CXX object lib/mayaUsd/CMakeFiles/mayaUsd.dir/render/pxrUsdMayaGL/usdProxyShapeAdapter.cpp.o
    [127/598] Building CXX object lib/mayaUsd/CMakeFiles/mayaUsd.dir/render/vp2RenderDelegate/tokens.cpp.o
    [128/598] Building CXX object lib/mayaUsd/CMakeFiles/mayaUsd.dir/render/vp2RenderDelegate/shader.cpp.o
    [129/598] Building CXX object lib/mayaUsd/CMakeFiles/mayaUsd.dir/render/vp2RenderDelegate/meshViewportCompute.cpp.o
    [130/598] Building CXX object lib/mayaUsd/CMakeFiles/mayaUsd.dir/render/vp2ShaderFragments/shaderFragments.cpp.o
    [131/598] Building CXX object lib/mayaUsd/CMakeFiles/mayaUsd.dir/render/vp2RenderDelegate/sampler.cpp.o
    [132/598] Building CXX object lib/mayaUsd/CMakeFiles/mayaUsd.dir/render/vp2RenderDelegate/mesh.cpp.o
    [133/598] Building CXX object lib/mayaUsd/CMakeFiles/mayaUsd.dir/render/vp2RenderDelegate/render_delegate.cpp.o
    [134/598] Building CXX object lib/mayaUsd/CMakeFiles/mayaUsd.dir/render/vp2RenderDelegate/proxyRenderDelegate.cpp.o
    [135/598] Building CXX object lib/mayaUsd/CMakeFiles/mayaUsd.dir/ufe/ProxyShapeHandler.cpp.o
    [136/598] Building CXX object lib/mayaUsd/CMakeFiles/mayaUsd.dir/ufe/Global.cpp.o
    [137/598] Building CXX object lib/mayaUsd/CMakeFiles/mayaUsd.dir/ufe/ProxyShapeHierarchy.cpp.o
    [138/598] Building CXX object lib/mayaUsd/CMakeFiles/mayaUsd.dir/ufe/ProxyShapeHierarchyHandler.cpp.o
    [139/598] Building CXX object lib/mayaUsd/CMakeFiles/mayaUsd.dir/ufe/UsdHierarchy.cpp.o
    [140/598] Building CXX object lib/mayaUsd/CMakeFiles/mayaUsd.dir/ufe/StagesSubject.cpp.o
    [141/598] Building CXX object lib/mayaUsd/CMakeFiles/mayaUsd.dir/ufe/UsdHierarchyHandler.cpp.o
    [142/598] Building CXX object lib/mayaUsd/CMakeFiles/mayaUsd.dir/ufe/UsdRotatePivotTranslateUndoableCommand.cpp.o
    [143/598] Building CXX object lib/mayaUsd/CMakeFiles/mayaUsd.dir/ufe/UsdRootChildHierarchy.cpp.o
    [144/598] Building CXX object lib/mayaUsd/CMakeFiles/mayaUsd.dir/ufe/UsdRotateUndoableCommand.cpp.o
    [145/598] Building CXX object lib/mayaUsd/CMakeFiles/mayaUsd.dir/ufe/UsdScaleUndoableCommand.cpp.o
    [146/598] Building CXX object lib/mayaUsd/CMakeFiles/mayaUsd.dir/ufe/UsdSceneItem.cpp.o
    [147/598] Building CXX object lib/mayaUsd/CMakeFiles/mayaUsd.dir/ufe/UsdSceneItemOps.cpp.o
    [148/598] Building CXX object lib/mayaUsd/CMakeFiles/mayaUsd.dir/ufe/UsdSceneItemOpsHandler.cpp.o
    [149/598] Building CXX object lib/mayaUsd/CMakeFiles/mayaUsd.dir/ufe/UsdStageMap.cpp.o
    [150/598] Building CXX object lib/mayaUsd/CMakeFiles/mayaUsd.dir/ufe/UsdTRSUndoableCommandBase.cpp.o
    [151/598] Building CXX object lib/mayaUsd/CMakeFiles/mayaUsd.dir/ufe/UsdTransform3d.cpp.o
    [152/598] Building CXX object lib/mayaUsd/CMakeFiles/mayaUsd.dir/ufe/moduleDeps.cpp.o
    [153/598] Building CXX object lib/mayaUsd/CMakeFiles/mayaUsd.dir/ufe/UsdTransform3dHandler.cpp.o
    [154/598] Building CXX object lib/mayaUsd/CMakeFiles/mayaUsd.dir/ufe/UsdTranslateUndoableCommand.cpp.o
    [155/598] Building CXX object lib/mayaUsd/CMakeFiles/mayaUsd.dir/ufe/UsdUndoDeleteCommand.cpp.o
    [156/598] Building CXX object lib/mayaUsd/CMakeFiles/mayaUsd.dir/ufe/RotationUtils.cpp.o
    [157/598] Building CXX object lib/mayaUsd/CMakeFiles/mayaUsd.dir/ufe/UsdUndoDuplicateCommand.cpp.o
    [158/598] Building CXX object lib/mayaUsd/CMakeFiles/mayaUsd.dir/ufe/UsdUndoRenameCommand.cpp.o
    [159/598] Building CXX object lib/mayaUsd/CMakeFiles/mayaUsd.dir/ufe/ProxyShapeContextOpsHandler.cpp.o
    [160/598] Building CXX object lib/mayaUsd/CMakeFiles/mayaUsd.dir/ufe/Utils.cpp.o
    [161/598] Building CXX object lib/mayaUsd/CMakeFiles/mayaUsd.dir/ufe/UsdAttributesHandler.cpp.o
    [162/598] Building CXX object lib/mayaUsd/CMakeFiles/mayaUsd.dir/ufe/UsdAttributes.cpp.o
    [163/598] Building CXX object lib/mayaUsd/CMakeFiles/mayaUsd.dir/ufe/UsdAttribute.cpp.o
    [164/598] Building CXX object lib/mayaUsd/CMakeFiles/mayaUsd.dir/ufe/UsdContextOpsHandler.cpp.o
    [165/598] Building CXX object lib/mayaUsd/CMakeFiles/mayaUsd.dir/ufe/UsdObject3d.cpp.o
    [166/598] Building CXX object lib/mayaUsd/CMakeFiles/mayaUsd.dir/ufe/UsdContextOps.cpp.o
    [167/598] Building CXX object lib/mayaUsd/CMakeFiles/mayaUsd.dir/ufe/UsdObject3dHandler.cpp.o
    [168/598] Building CXX object lib/mayaUsd/CMakeFiles/mayaUsd.dir/ufe/UsdTransform3dBase.cpp.o
    [169/598] Building CXX object lib/mayaUsd/CMakeFiles/mayaUsd.dir/ufe/UsdTransform3dFallbackMayaXformStack.cpp.o
    FAILED: lib/mayaUsd/CMakeFiles/mayaUsd.dir/ufe/UsdTransform3dFallbackMayaXformStack.cpp.o
    /Applications/Xcode.app/Contents/Developer/Toolchains/XcodeDefault.xctoolchain/usr/bin/c++  -DBOOST_ALL_NO_LIB -DBOOST_DEBUG_PYTHON -DBOOST_FILESYSTEM_DYN_LINK -DBOOST_LINKING_PYTHON -DBOOST_SYSTEM_DYN_LINK -DMAYAUSD_CORE_EXPORT -DMAYAUSD_MACROS_EXPORT -DMAYAUSD_VERSION=0.9.0 -DMAYA_PY_VERSION=3 -DMAYA_USD_VERSION=0.21.02 -DMFB_ALT_PACKAGE_NAME=\"mayaUsd\" -DMFB_PACKAGE_MODULE=\"mayaUsd\" -DMFB_PACKAGE_NAME=\"mayaUsd\" -DOSMac_ -DPXR_PLUGINPATH_NAME=PXR_PLUGINPATH_NAME -DPXR_PYTHON_ENABLED=1 -DTBB_SUPPRESS_DEPRECATED_MESSAGES -DTBB_USE_DEBUG -DUFE_PREVIEW_VERSION_NUM=2036 -DWANT_QT_BUILD -DWANT_UFE_BUILD -DmayaUsd_EXPORTS -I/local/S/jenkins/workspace/shared/Artifactory/OSX/rundev-master-debug/202102190915/runtime/f749fbd/runTime/include -I/local/S/jenkins/workspace/shared/Artifactory/OSX/rundev-master-debug/202102190915/runtime/f749fbd/devkitBase/devkit/ufe/include -Iinclude -isystem /local/S/jenkins/workspace/shared/Artifactory/OSX/USD/7a53103/include -isystem /local/S/jenkins/workspace/shared/Artifactory/OSX/rundev-master-debug/202102190915/runtime/f749fbd/runTime/Maya.app/Contents/Frameworks/Python.framework/Versions/Current/include/python3.7m -g -arch x86_64 -isysroot /Applications/Xcode.app/Contents/Developer/Platforms/MacOSX.platform/Developer/SDKs/MacOSX10.14.sdk -fPIC   -Wall -Werror -msse3 -Wno-deprecated -Wno-deprecated-declarations -Wno-unused-local-typedefs -Wrange-loop-analysis -std=c++14 -MD -MT lib/mayaUsd/CMakeFiles/mayaUsd.dir/ufe/UsdTransform3dFallbackMayaXformStack.cpp.o -MF lib/mayaUsd/CMakeFiles/mayaUsd.dir/ufe/UsdTransform3dFallbackMayaXformStack.cpp.o.d -o lib/mayaUsd/CMakeFiles/mayaUsd.dir/ufe/UsdTransform3dFallbackMayaXformStack.cpp.o -c /local/S/jenkins/workspace/ecg-mayausd-branch-preflight-python3-osx/ecg-maya-usd/maya-usd/lib/mayaUsd/ufe/UsdTransform3dFallbackMayaXformStack.cpp
    /local/S/jenkins/workspace/ecg-mayausd-branch-preflight-python3-osx/ecg-maya-usd/maya-usd/lib/mayaUsd/ufe/UsdTransform3dFallbackMayaXformStack.cpp:221:69: error: cannot pass non-trivial object of type 'std::string' (aka 'basic_string<char, char_traits<char>, allocator<char> >') to variadic method; expected type from format string was 'char *' [-Wnon-pod-varargs]
                "Local transformation computation for item %s failed.", item->path().string());
                                                           ~~           ^~~~~~~~~~~~~~~~~~~~~
    /local/S/jenkins/workspace/ecg-mayausd-branch-preflight-python3-osx/ecg-maya-usd/maya-usd/lib/mayaUsd/ufe/UsdTransform3dFallbackMayaXformStack.cpp:221:69: note: did you mean to call the c_str() method?
                "Local transformation computation for item %s failed.", item->path().string());
                                                                        ^
                                                                                             .c_str()
    1 error generated.
    [170/598] Building CXX object lib/mayaUsd/CMakeFiles/mayaUsd.dir/ufe/UsdTransform3dCommonAPI.cpp.o
    [171/598] Building CXX object lib/mayaUsd/CMakeFiles/mayaUsd.dir/ufe/UsdTransform3dMatrixOp.cpp.o
    FAILED: lib/mayaUsd/CMakeFiles/mayaUsd.dir/ufe/UsdTransform3dMatrixOp.cpp.o
    /Applications/Xcode.app/Contents/Developer/Toolchains/XcodeDefault.xctoolchain/usr/bin/c++  -DBOOST_ALL_NO_LIB -DBOOST_DEBUG_PYTHON -DBOOST_FILESYSTEM_DYN_LINK -DBOOST_LINKING_PYTHON -DBOOST_SYSTEM_DYN_LINK -DMAYAUSD_CORE_EXPORT -DMAYAUSD_MACROS_EXPORT -DMAYAUSD_VERSION=0.9.0 -DMAYA_PY_VERSION=3 -DMAYA_USD_VERSION=0.21.02 -DMFB_ALT_PACKAGE_NAME=\"mayaUsd\" -DMFB_PACKAGE_MODULE=\"mayaUsd\" -DMFB_PACKAGE_NAME=\"mayaUsd\" -DOSMac_ -DPXR_PLUGINPATH_NAME=PXR_PLUGINPATH_NAME -DPXR_PYTHON_ENABLED=1 -DTBB_SUPPRESS_DEPRECATED_MESSAGES -DTBB_USE_DEBUG -DUFE_PREVIEW_VERSION_NUM=2036 -DWANT_QT_BUILD -DWANT_UFE_BUILD -DmayaUsd_EXPORTS -I/local/S/jenkins/workspace/shared/Artifactory/OSX/rundev-master-debug/202102190915/runtime/f749fbd/runTime/include -I/local/S/jenkins/workspace/shared/Artifactory/OSX/rundev-master-debug/202102190915/runtime/f749fbd/devkitBase/devkit/ufe/include -Iinclude -isystem /local/S/jenkins/workspace/shared/Artifactory/OSX/USD/7a53103/include -isystem /local/S/jenkins/workspace/shared/Artifactory/OSX/rundev-master-debug/202102190915/runtime/f749fbd/runTime/Maya.app/Contents/Frameworks/Python.framework/Versions/Current/include/python3.7m -g -arch x86_64 -isysroot /Applications/Xcode.app/Contents/Developer/Platforms/MacOSX.platform/Developer/SDKs/MacOSX10.14.sdk -fPIC   -Wall -Werror -msse3 -Wno-deprecated -Wno-deprecated-declarations -Wno-unused-local-typedefs -Wrange-loop-analysis -std=c++14 -MD -MT lib/mayaUsd/CMakeFiles/mayaUsd.dir/ufe/UsdTransform3dMatrixOp.cpp.o -MF lib/mayaUsd/CMakeFiles/mayaUsd.dir/ufe/UsdTransform3dMatrixOp.cpp.o.d -o lib/mayaUsd/CMakeFiles/mayaUsd.dir/ufe/UsdTransform3dMatrixOp.cpp.o -c /local/S/jenkins/workspace/ecg-mayausd-branch-preflight-python3-osx/ecg-maya-usd/maya-usd/lib/mayaUsd/ufe/UsdTransform3dMatrixOp.cpp
    /local/S/jenkins/workspace/ecg-mayausd-branch-preflight-python3-osx/ecg-maya-usd/maya-usd/lib/mayaUsd/ufe/UsdTransform3dMatrixOp.cpp:89:80: error: cannot pass non-trivial object of type 'std::string' (aka 'basic_string<char, char_traits<char>, allocator<char> >') to variadic method; expected type from format string was 'char *' [-Wnon-pod-varargs]
            TF_FATAL_ERROR("Local transformation computation for item %s failed.", path.string());
                                                                      ~~           ^~~~~~~~~~~~~
    /local/S/jenkins/workspace/ecg-mayausd-branch-preflight-python3-osx/ecg-maya-usd/maya-usd/lib/mayaUsd/ufe/UsdTransform3dMatrixOp.cpp:89:80: note: did you mean to call the c_str() method?
            TF_FATAL_ERROR("Local transformation computation for item %s failed.", path.string());
                                                                                   ^
                                                                                                .c_str()
    1 error generated.
    [172/598] Building CXX object lib/mayaUsd/CMakeFiles/mayaUsd.dir/ufe/UsdTransform3dSetObjectMatrix.cpp.o
    [173/598] Building CXX object lib/mayaUsd/CMakeFiles/mayaUsd.dir/ufe/UsdUIInfoHandler.cpp.o
    [174/598] Building CXX object lib/mayaUsd/CMakeFiles/mayaUsd.dir/ufe/UsdTransform3dMayaXformStack.cpp.o
    [175/598] Building CXX object lib/mayaUsd/CMakeFiles/mayaUsd.dir/ufe/UsdUndoAddNewPrimCommand.cpp.o
    [176/598] Building CXX object lib/mayaUsd/CMakeFiles/mayaUsd.dir/ufe/UsdUndoCreateGroupCommand.cpp.o
    ninja: build stopped: subcommand failed.
    
        Building with settings:
          Source directory          /local/S/jenkins/workspace/ecg-mayausd-branch-preflight-python3-osx/ecg-maya-usd/maya-usd
          Workspace directory       /local/S/jenkins/workspace/ecg-mayausd-branch-preflight-python3-osx
          Build directory           /local/S/jenkins/workspace/ecg-mayausd-branch-preflight-python3-osx/build/Debug
          Install directory         /local/S/jenkins/workspace/ecg-mayausd-branch-preflight-python3-osx/install/Debug/MayaUSD
          Variant                   Debug
          Python Debug              Off
          CMake generator           Ninja
          Build arguments           ['-DCMAKE_MAKE_PROGRAM=/local/S/jenkins/workspace/shared/Artifactory/OSX/ninja/1.9.0/41005eb/ninja', '-DPYTHON_INCLUDE_DIR=/local/S/jenkins/workspace/shared/Artifactory/OSX/rundev-master-debug/202102190915/runtime/f749fbd/runTime/Maya.app/Contents/Frameworks/Python.framework/Versions/Current/include/python3.7m', '-DPython_EXECUTABLE=/local/S/jenkins/workspace/shared/Artifactory/OSX/rundev-master-debug/202102190915/runtime/f749fbd/runTime/Maya.app/Contents/bin/mayapy', '-DPYTHON_LIBRARIES=/local/S/jenkins/workspace/shared/Artifactory/OSX/rundev-master-debug/202102190915/runtime/f749fbd/runTime/Maya.app/Contents/Frameworks/Python.framework/Versions/Current/lib/libpython3.7m.dylib', '-DBUILD_WITH_PYTHON_3=ON', '-DMAYAUSD_TO_USD_RELATIVE_PATH=../USD']
          Stages arguments          ['build']
          CTest arguments           ['-E testUsdReferenceAssemblySelection|testUsdMayaAppDir|testUsdExportAsClip', '-LE interactive', '--parallel 8']
    #####################################################################################
    log date: 2021-02-21 20:35
    commit sha: bc6f29cae6bed2cd4627fc649be25472a8e75712
    commit date: Wed Feb 17 16:09:37 2021 -0500
    #####################################################################################
    
    cmake --build . --config Debug  -- -j8
    
    Traceback (most recent call last):
      File "/local/S/jenkins/workspace/ecg-mayausd-branch-preflight-python3-osx/ecg-maya-usd/maya-usd/build.py", line 602, in <module>
        BuildAndInstall(context, context.buildArgs, context.stagesArgs)
      File "/local/S/jenkins/workspace/ecg-mayausd-branch-preflight-python3-osx/ecg-maya-usd/maya-usd/build.py", line 371, in BuildAndInstall
        RunCMake(context, extraArgs, stagesArgs)
      File "/local/S/jenkins/workspace/ecg-mayausd-branch-preflight-python3-osx/ecg-maya-usd/maya-usd/build.py", line 287, in RunCMake
        multiproc=FormatMultiProcs(context.numJobs, generator)))
      File "/local/S/jenkins/workspace/ecg-mayausd-branch-preflight-python3-osx/ecg-maya-usd/maya-usd/build.py", line 165, in Run
        .format(cmd=cmd, log=os.path.abspath(context.logFileLocation)))
    RuntimeError: Failed to run 'cmake --build . --config Debug  -- -j8'
    See /local/S/jenkins/workspace/ecg-mayausd-branch-preflight-python3-osx/build/Debug/build_log.txt for more details.
build.py: error: Command failed with error code: 1
[Pipeline] }
[Pipeline] // withEnv
[Pipeline] }
[Pipeline] // stage
[Pipeline] }
[Pipeline] // timestamps
[Pipeline] }
[Pipeline] // timeout
[Pipeline] emailextrecipients
[Pipeline] echo
No recipients to send notification.
[Pipeline] }
[Pipeline] // node
[Pipeline] End of Pipeline
ERROR: script returned exit code 1
Finished: FAILURE
