================================================================================
                             setup (RelWithDebInfo)
================================================================================
[Pipeline] }
[Pipeline] // withEnv
[Pipeline] }
[Pipeline] // stage
[Pipeline] }
[Pipeline] // timestamps
[Pipeline] }
[Pipeline] // timeout
[Pipeline] timeout
Timeout set to expire in 6 hr 0 min
[Pipeline] {
[Pipeline] timestamps
[Pipeline] {
[Pipeline] stage
[Pipeline] { (Clean)
[Pipeline] withEnv
[Pipeline] {
[Pipeline] sh
[ecg-mayausd-branch-preflight-2020-linux] Running shell script
+ scl enable devtoolset-6 -
python ecg-maya-usd/build.py --stages=clean --workspace-dir=/local/S/jenkins/workspace/ecg-mayausd-branch-preflight-2020-linux --artifactory-dir=/local/S/jenkins/workspace/shared/Artifactory --build-dir=/local/S/jenkins/workspace/ecg-mayausd-branch-preflight-2020-linux/build --install-dir=/local/S/jenkins/workspace/ecg-mayausd-branch-preflight-2020-linux/install --signing-dir=/local/S/jenkins/workspace/ecg-mayausd-branch-preflight-2020-linux/signing --package-dir=/local/S/jenkins/workspace/ecg-mayausd-branch-preflight-2020-linux/package --output-dir=/local/S/jenkins/workspace/ecg-mayausd-branch-preflight-2020-linux/output --stash-dir=/local/S/jenkins/workspace/ecg-mayausd-branch-preflight-2020-linux/stash --jenkins-build=839 --git-commit=e35d9bb7a6dd647375c9bf2b2a9d6d19193563df --git-branch=master --variants=RelWithDebInfo --python=2 --maya-cut-config=maya-rundev-2020.yaml --stage-banner
Using Maya cut from /local/S/jenkins/workspace/shared/Artifactory/Linux/rundev-2020/202004291615/runtime/91f4300

================================================================================
                             clean (RelWithDebInfo)
================================================================================
running clean stage....................
Maya Python RelWithDebInfo Info:
  mayapy executable   = /local/S/jenkins/workspace/shared/Artifactory/Linux/rundev-2020/202004291615/runtime/91f4300/runTime/bin/mayapy
  Include Folder      = /local/S/jenkins/workspace/shared/Artifactory/Linux/rundev-2020/202004291615/runtime/91f4300/runTime/include/Python
  Library             = /local/S/jenkins/workspace/shared/Artifactory/Linux/rundev-2020/202004291615/runtime/91f4300/runTime/lib/libpython2.7.so.1.0
  site-package Folder = /local/S/jenkins/workspace/shared/Artifactory/Linux/rundev-2020/202004291615/runtime/91f4300/runTime/lib/python2.7/site-packages
In workdir: /home/S/jenkins/workspace/ecg-mayausd-branch-preflight-2020-linux/ecg-maya-usd/maya-usd
Executing: /local/S/jenkins/workspace/shared/Artifactory/Linux/rundev-2020/202004291615/runtime/91f4300/runTime/bin/mayapy /home/S/jenkins/workspace/ecg-mayausd-branch-preflight-2020-linux/ecg-maya-usd/maya-usd/build.py --generator Ninja --build-relwithdebug --maya-location /local/S/jenkins/workspace/shared/Artifactory/Linux/rundev-2020/202004291615/runtime/91f4300/runTime --devkit-location /local/S/jenkins/workspace/shared/Artifactory/Linux/rundev-2020/202004291615/runtime/91f4300/devkitBase --pxrusd-location /local/S/jenkins/workspace/shared/Artifactory/Linux/USD/1628f86 --qt-location /local/S/jenkins/workspace/shared/Artifactory/Linux/qt/5.12.5/84f551b --build-args=-DCMAKE_MAKE_PROGRAM=/local/S/jenkins/workspace/shared/Artifactory/Linux/ninja/1.9.0/aca9939/ninja,-DPYTHON_INCLUDE_DIR=/local/S/jenkins/workspace/shared/Artifactory/Linux/rundev-2020/202004291615/runtime/91f4300/runTime/include/Python,-DPython_EXECUTABLE=/local/S/jenkins/workspace/shared/Artifactory/Linux/rundev-2020/202004291615/runtime/91f4300/runTime/bin/mayapy,-DPYTHON_LIBRARIES=/local/S/jenkins/workspace/shared/Artifactory/Linux/rundev-2020/202004291615/runtime/91f4300/runTime/lib/libpython2.7.so.1.0,-DMAYAUSD_TO_USD_RELATIVE_PATH=../USD '--ctest-args=-E testUsdReferenceAssemblySelection|testUsdMayaAppDir|testUsdMayaReadWriteUtils,-LE interactive,--parallel 16' --stages=clean --redirect-outstream-file=False --install-location /local/S/jenkins/workspace/ecg-mayausd-branch-preflight-2020-linux/install/RelWithDebInfo/MayaUSD /local/S/jenkins/workspace/ecg-mayausd-branch-preflight-2020-linux
Modified environment variables:
    PATH=/local/S/jenkins/workspace/shared/Artifactory/Linux/cmake/3.14.4/656573b/bin:/opt/rh/devtoolset-6/root/usr/bin:/home/administrator/perl5/bin:/usr/local/bin:/usr/bin
    LD_LIBRARY_PATH=/opt/rh/devtoolset-6/root/usr/lib64:/opt/rh/devtoolset-6/root/usr/lib64:/opt/rh/devtoolset-6/root/usr/lib
    
        Building with settings:
          Source directory          /home/S/jenkins/workspace/ecg-mayausd-branch-preflight-2020-linux/ecg-maya-usd/maya-usd
          Workspace directory       /local/S/jenkins/workspace/ecg-mayausd-branch-preflight-2020-linux
          Build directory           /local/S/jenkins/workspace/ecg-mayausd-branch-preflight-2020-linux/build/RelWithDebInfo
          Install directory         /local/S/jenkins/workspace/ecg-mayausd-branch-preflight-2020-linux/install/RelWithDebInfo/MayaUSD
          Variant                   RelWithDebInfo
          Python Debug              Off
          CMake generator           Ninja
          Build arguments           ['-DCMAKE_MAKE_PROGRAM=/local/S/jenkins/workspace/shared/Artifactory/Linux/ninja/1.9.0/aca9939/ninja', '-DPYTHON_INCLUDE_DIR=/local/S/jenkins/workspace/shared/Artifactory/Linux/rundev-2020/202004291615/runtime/91f4300/runTime/include/Python', '-DPython_EXECUTABLE=/local/S/jenkins/workspace/shared/Artifactory/Linux/rundev-2020/202004291615/runtime/91f4300/runTime/bin/mayapy', '-DPYTHON_LIBRARIES=/local/S/jenkins/workspace/shared/Artifactory/Linux/rundev-2020/202004291615/runtime/91f4300/runTime/lib/libpython2.7.so.1.0', '-DMAYAUSD_TO_USD_RELATIVE_PATH=../USD']
          Stages arguments          ['clean']
          CTest arguments           ['-E testUsdReferenceAssemblySelection|testUsdMayaAppDir|testUsdMayaReadWriteUtils', '-LE interactive', '--parallel 16']
    Success MayaUSD build and install !!!!
    Elapsed time: 00:00:00
[Pipeline] }
[Pipeline] // withEnv
[Pipeline] }
[Pipeline] // stage
[Pipeline] }
[Pipeline] // timestamps
[Pipeline] }
[Pipeline] // timeout
[Pipeline] timeout
Timeout set to expire in 6 hr 0 min
[Pipeline] {
[Pipeline] timestamps
[Pipeline] {
[Pipeline] stage
[Pipeline] { (Configure)
[Pipeline] withEnv
[Pipeline] {
[Pipeline] sh
[ecg-mayausd-branch-preflight-2020-linux] Running shell script
+ scl enable devtoolset-6 -
python ecg-maya-usd/build.py --stages=configure --workspace-dir=/local/S/jenkins/workspace/ecg-mayausd-branch-preflight-2020-linux --artifactory-dir=/local/S/jenkins/workspace/shared/Artifactory --build-dir=/local/S/jenkins/workspace/ecg-mayausd-branch-preflight-2020-linux/build --install-dir=/local/S/jenkins/workspace/ecg-mayausd-branch-preflight-2020-linux/install --signing-dir=/local/S/jenkins/workspace/ecg-mayausd-branch-preflight-2020-linux/signing --package-dir=/local/S/jenkins/workspace/ecg-mayausd-branch-preflight-2020-linux/package --output-dir=/local/S/jenkins/workspace/ecg-mayausd-branch-preflight-2020-linux/output --stash-dir=/local/S/jenkins/workspace/ecg-mayausd-branch-preflight-2020-linux/stash --jenkins-build=839 --git-commit=e35d9bb7a6dd647375c9bf2b2a9d6d19193563df --git-branch=master --variants=RelWithDebInfo --python=2 --maya-cut-config=maya-rundev-2020.yaml --stage-banner
Using Maya cut from /local/S/jenkins/workspace/shared/Artifactory/Linux/rundev-2020/202004291615/runtime/91f4300

================================================================================
                           configure (RelWithDebInfo)
================================================================================
running configure stage....................
Maya Python RelWithDebInfo Info:
  mayapy executable   = /local/S/jenkins/workspace/shared/Artifactory/Linux/rundev-2020/202004291615/runtime/91f4300/runTime/bin/mayapy
  Include Folder      = /local/S/jenkins/workspace/shared/Artifactory/Linux/rundev-2020/202004291615/runtime/91f4300/runTime/include/Python
  Library             = /local/S/jenkins/workspace/shared/Artifactory/Linux/rundev-2020/202004291615/runtime/91f4300/runTime/lib/libpython2.7.so.1.0
  site-package Folder = /local/S/jenkins/workspace/shared/Artifactory/Linux/rundev-2020/202004291615/runtime/91f4300/runTime/lib/python2.7/site-packages
In workdir: /home/S/jenkins/workspace/ecg-mayausd-branch-preflight-2020-linux/ecg-maya-usd/maya-usd
Executing: /local/S/jenkins/workspace/shared/Artifactory/Linux/rundev-2020/202004291615/runtime/91f4300/runTime/bin/mayapy /home/S/jenkins/workspace/ecg-mayausd-branch-preflight-2020-linux/ecg-maya-usd/maya-usd/build.py --generator Ninja --build-relwithdebug --maya-location /local/S/jenkins/workspace/shared/Artifactory/Linux/rundev-2020/202004291615/runtime/91f4300/runTime --devkit-location /local/S/jenkins/workspace/shared/Artifactory/Linux/rundev-2020/202004291615/runtime/91f4300/devkitBase --pxrusd-location /local/S/jenkins/workspace/shared/Artifactory/Linux/USD/1628f86 --qt-location /local/S/jenkins/workspace/shared/Artifactory/Linux/qt/5.12.5/84f551b --build-args=-DCMAKE_MAKE_PROGRAM=/local/S/jenkins/workspace/shared/Artifactory/Linux/ninja/1.9.0/aca9939/ninja,-DPYTHON_INCLUDE_DIR=/local/S/jenkins/workspace/shared/Artifactory/Linux/rundev-2020/202004291615/runtime/91f4300/runTime/include/Python,-DPython_EXECUTABLE=/local/S/jenkins/workspace/shared/Artifactory/Linux/rundev-2020/202004291615/runtime/91f4300/runTime/bin/mayapy,-DPYTHON_LIBRARIES=/local/S/jenkins/workspace/shared/Artifactory/Linux/rundev-2020/202004291615/runtime/91f4300/runTime/lib/libpython2.7.so.1.0,-DMAYAUSD_TO_USD_RELATIVE_PATH=../USD '--ctest-args=-E testUsdReferenceAssemblySelection|testUsdMayaAppDir|testUsdMayaReadWriteUtils,-LE interactive,--parallel 16' --stages=configure --redirect-outstream-file=False --install-location /local/S/jenkins/workspace/ecg-mayausd-branch-preflight-2020-linux/install/RelWithDebInfo/MayaUSD /local/S/jenkins/workspace/ecg-mayausd-branch-preflight-2020-linux
Modified environment variables:
    PATH=/local/S/jenkins/workspace/shared/Artifactory/Linux/cmake/3.14.4/656573b/bin:/opt/rh/devtoolset-6/root/usr/bin:/home/administrator/perl5/bin:/usr/local/bin:/usr/bin
    LD_LIBRARY_PATH=/opt/rh/devtoolset-6/root/usr/lib64:/opt/rh/devtoolset-6/root/usr/lib64:/opt/rh/devtoolset-6/root/usr/lib
    -- The C compiler identification is GNU 6.3.1
    -- The CXX compiler identification is GNU 6.3.1
    -- Check for working C compiler: /opt/rh/devtoolset-6/root/usr/bin/cc
    -- Check for working C compiler: /opt/rh/devtoolset-6/root/usr/bin/cc -- works
    -- Detecting C compiler ABI info
    -- Detecting C compiler ABI info - done
    -- Detecting C compile features
    -- Detecting C compile features - done
    -- Check for working CXX compiler: /opt/rh/devtoolset-6/root/usr/bin/c++
    -- Check for working CXX compiler: /opt/rh/devtoolset-6/root/usr/bin/c++ -- works
    -- Detecting CXX compiler ABI info
    -- Detecting CXX compiler ABI info - done
    -- Detecting CXX compile features
    -- Detecting CXX compile features - done
    -- Found Python: /local/S/jenkins/workspace/shared/Artifactory/Linux/rundev-2020/202004291615/runtime/91f4300/runTime/bin/mayapy (found suitable exact version "2.7.11") found components:  Interpreter
    -- Build MayaUSD with Python3 = OFF
    --    PYTHON_INCLUDE_DIRS = /local/S/jenkins/workspace/shared/Artifactory/Linux/rundev-2020/202004291615/runtime/91f4300/runTime/include/Python
    --    PYTHON_LIBRARIES    = /local/S/jenkins/workspace/shared/Artifactory/Linux/rundev-2020/202004291615/runtime/91f4300/runTime/lib/libpython2.7.so.1.0
    --    Python_EXECUTABLE   = /local/S/jenkins/workspace/shared/Artifactory/Linux/rundev-2020/202004291615/runtime/91f4300/runTime/bin/mayapy
    -- Found Maya: /local/S/jenkins/workspace/shared/Artifactory/Linux/rundev-2020/202004291615/runtime/91f4300/runTime/bin/maya (found suitable version "2020", minimum required is "2018")
    -- USD include dir: /local/S/jenkins/workspace/shared/Artifactory/Linux/USD/1628f86/include
    -- USD library dir: /local/S/jenkins/workspace/shared/Artifactory/Linux/USD/1628f86/lib
    -- USD version: 0.20.11
    -- Found USD: /local/S/jenkins/workspace/shared/Artifactory/Linux/USD/1628f86 (found suitable version "0.20.11", minimum required is "0.20.02")
    Updated PYTHONPATH: /opt/rh/devtoolset-6/root/usr/lib64/python2.7/site-packages:/opt/rh/devtoolset-6/root/usr/lib/python2.7/site-packages:/local/S/jenkins/workspace/shared/Artifactory/Linux/USD/1628f86/lib/python
    -- UFE include dir: /local/S/jenkins/workspace/shared/Artifactory/Linux/rundev-2020/202004291615/runtime/91f4300/devkitBase/devkit/ufe/include
    -- UFE library: /local/S/jenkins/workspace/shared/Artifactory/Linux/rundev-2020/202004291615/runtime/91f4300/devkitBase/devkit/ufe/lib/libufe_1.so
    -- UFE version: 1.0.0
    -- Building with UFE 1.0.0 features enabled.
    -- Building with Qt features enabled.
    -- Populating gulark
    -- Configuring done
    -- Generating done
    -- Build files have been written to: /home/S/jenkins/workspace/ecg-mayausd-branch-preflight-2020-linux/build/RelWithDebInfo/_deps/gulark-subbuild
    [1/9] Creating directories for 'gulark-populate'
    [1/9] Performing download step (git clone) for 'gulark-populate'
    Cloning into 'gulark-src'...
    HEAD is now at 3d3c02c Version bump and updated readme.
    [2/9] Performing update step for 'gulark-populate'
    [3/9] No patch step for 'gulark-populate'
    [5/9] No configure step for 'gulark-populate'
    [6/9] No build step for 'gulark-populate'
    [7/9] No install step for 'gulark-populate'
    [8/9] No test step for 'gulark-populate'
    [9/9] Completed 'gulark-populate'
    -- ========== Installing GoogleTest... ==========
    -- Configuring done
    -- Generating done
    -- Build files have been written to: /home/S/jenkins/workspace/ecg-mayausd-branch-preflight-2020-linux/build/RelWithDebInfo/googletest-config
    [1/8] Creating directories for 'googletest'
    [2/8] Performing download step (git clone) for 'googletest'
    Cloning into 'googletest-src'...
    HEAD is now at 703bd9ca Googletest export
    [3/8] No patch step for 'googletest'
    [4/8] Performing update step for 'googletest'
    [5/8] Performing configure step for 'googletest'
    -- The C compiler identification is GNU 6.3.1
    -- The CXX compiler identification is GNU 6.3.1
    -- Check for working C compiler: /opt/rh/devtoolset-6/root/usr/bin/cc
    -- Check for working C compiler: /opt/rh/devtoolset-6/root/usr/bin/cc -- works
    -- Detecting C compiler ABI info
    -- Detecting C compiler ABI info - done
    -- Detecting C compile features
    -- Detecting C compile features - done
    -- Check for working CXX compiler: /opt/rh/devtoolset-6/root/usr/bin/c++
    -- Check for working CXX compiler: /opt/rh/devtoolset-6/root/usr/bin/c++ -- works
    -- Detecting CXX compiler ABI info
    -- Detecting CXX compiler ABI info - done
    -- Detecting CXX compile features
    -- Detecting CXX compile features - done
    -- Found PythonInterp: /usr/bin/python (found version "2.7.11")
    -- Looking for pthread.h
    -- Looking for pthread.h - found
    -- Looking for pthread_create
    -- Looking for pthread_create - not found
    -- Looking for pthread_create in pthreads
    -- Looking for pthread_create in pthreads - not found
    -- Looking for pthread_create in pthread
    -- Looking for pthread_create in pthread - found
    -- Found Threads: TRUE
    -- Configuring done
    -- Generating done
    -- Build files have been written to: /home/S/jenkins/workspace/ecg-mayausd-branch-preflight-2020-linux/build/RelWithDebInfo/googletest-build
    [6/8] Performing build step for 'googletest'
    [1/8] Building CXX object googletest/CMakeFiles/gtest_main.dir/src/gtest_main.cc.o
    [2/8] Building CXX object googlemock/CMakeFiles/gmock_main.dir/src/gmock_main.cc.o
    [3/8] Building CXX object googlemock/CMakeFiles/gmock.dir/src/gmock-all.cc.o
    [4/8] Building CXX object googletest/CMakeFiles/gtest.dir/src/gtest-all.cc.o
    [5/8] Linking CXX shared library lib/libgtest.so
    [6/8] Linking CXX shared library lib/libgtest_main.so
    [7/8] Linking CXX shared library lib/libgmock.so
    [8/8] Linking CXX shared library lib/libgmock_main.so
    [7/8] Performing install step for 'googletest'
    [0/1] Install the project...
    -- Install configuration: "RelWithDebInfo"
    -- Installing: /home/S/jenkins/workspace/ecg-mayausd-branch-preflight-2020-linux/build/RelWithDebInfo/googletest-install/include
    -- Installing: /home/S/jenkins/workspace/ecg-mayausd-branch-preflight-2020-linux/build/RelWithDebInfo/googletest-install/include/gmock
    -- Installing: /home/S/jenkins/workspace/ecg-mayausd-branch-preflight-2020-linux/build/RelWithDebInfo/googletest-install/include/gmock/internal
    -- Installing: /home/S/jenkins/workspace/ecg-mayausd-branch-preflight-2020-linux/build/RelWithDebInfo/googletest-install/include/gmock/internal/custom
    -- Installing: /home/S/jenkins/workspace/ecg-mayausd-branch-preflight-2020-linux/build/RelWithDebInfo/googletest-install/include/gmock/internal/custom/README.md
    -- Installing: /home/S/jenkins/workspace/ecg-mayausd-branch-preflight-2020-linux/build/RelWithDebInfo/googletest-install/include/gmock/internal/custom/gmock-generated-actions.h
    -- Installing: /home/S/jenkins/workspace/ecg-mayausd-branch-preflight-2020-linux/build/RelWithDebInfo/googletest-install/include/gmock/internal/custom/gmock-generated-actions.h.pump
    -- Installing: /home/S/jenkins/workspace/ecg-mayausd-branch-preflight-2020-linux/build/RelWithDebInfo/googletest-install/include/gmock/internal/custom/gmock-matchers.h
    -- Installing: /home/S/jenkins/workspace/ecg-mayausd-branch-preflight-2020-linux/build/RelWithDebInfo/googletest-install/include/gmock/internal/custom/gmock-port.h
    -- Installing: /home/S/jenkins/workspace/ecg-mayausd-branch-preflight-2020-linux/build/RelWithDebInfo/googletest-install/include/gmock/internal/gmock-internal-utils.h
    -- Installing: /home/S/jenkins/workspace/ecg-mayausd-branch-preflight-2020-linux/build/RelWithDebInfo/googletest-install/include/gmock/internal/gmock-port.h
    -- Installing: /home/S/jenkins/workspace/ecg-mayausd-branch-preflight-2020-linux/build/RelWithDebInfo/googletest-install/include/gmock/internal/gmock-pp.h
    -- Installing: /home/S/jenkins/workspace/ecg-mayausd-branch-preflight-2020-linux/build/RelWithDebInfo/googletest-install/include/gmock/gmock-actions.h
    -- Installing: /home/S/jenkins/workspace/ecg-mayausd-branch-preflight-2020-linux/build/RelWithDebInfo/googletest-install/include/gmock/gmock-cardinalities.h
    -- Installing: /home/S/jenkins/workspace/ecg-mayausd-branch-preflight-2020-linux/build/RelWithDebInfo/googletest-install/include/gmock/gmock-function-mocker.h
    -- Installing: /home/S/jenkins/workspace/ecg-mayausd-branch-preflight-2020-linux/build/RelWithDebInfo/googletest-install/include/gmock/gmock-generated-actions.h
    -- Installing: /home/S/jenkins/workspace/ecg-mayausd-branch-preflight-2020-linux/build/RelWithDebInfo/googletest-install/include/gmock/gmock-generated-actions.h.pump
    -- Installing: /home/S/jenkins/workspace/ecg-mayausd-branch-preflight-2020-linux/build/RelWithDebInfo/googletest-install/include/gmock/gmock-generated-function-mockers.h
    -- Installing: /home/S/jenkins/workspace/ecg-mayausd-branch-preflight-2020-linux/build/RelWithDebInfo/googletest-install/include/gmock/gmock-generated-function-mockers.h.pump
    -- Installing: /home/S/jenkins/workspace/ecg-mayausd-branch-preflight-2020-linux/build/RelWithDebInfo/googletest-install/include/gmock/gmock-generated-matchers.h
    -- Installing: /home/S/jenkins/workspace/ecg-mayausd-branch-preflight-2020-linux/build/RelWithDebInfo/googletest-install/include/gmock/gmock-generated-matchers.h.pump
    -- Installing: /home/S/jenkins/workspace/ecg-mayausd-branch-preflight-2020-linux/build/RelWithDebInfo/googletest-install/include/gmock/gmock-matchers.h
    -- Installing: /home/S/jenkins/workspace/ecg-mayausd-branch-preflight-2020-linux/build/RelWithDebInfo/googletest-install/include/gmock/gmock-more-actions.h
    -- Installing: /home/S/jenkins/workspace/ecg-mayausd-branch-preflight-2020-linux/build/RelWithDebInfo/googletest-install/include/gmock/gmock-more-matchers.h
    -- Installing: /home/S/jenkins/workspace/ecg-mayausd-branch-preflight-2020-linux/build/RelWithDebInfo/googletest-install/include/gmock/gmock-nice-strict.h
    -- Installing: /home/S/jenkins/workspace/ecg-mayausd-branch-preflight-2020-linux/build/RelWithDebInfo/googletest-install/include/gmock/gmock-spec-builders.h
    -- Installing: /home/S/jenkins/workspace/ecg-mayausd-branch-preflight-2020-linux/build/RelWithDebInfo/googletest-install/include/gmock/gmock.h
    -- Installing: /home/S/jenkins/workspace/ecg-mayausd-branch-preflight-2020-linux/build/RelWithDebInfo/googletest-install/lib64/libgmock.so
    -- Set runtime path of "/home/S/jenkins/workspace/ecg-mayausd-branch-preflight-2020-linux/build/RelWithDebInfo/googletest-install/lib64/libgmock.so" to ""
    -- Installing: /home/S/jenkins/workspace/ecg-mayausd-branch-preflight-2020-linux/build/RelWithDebInfo/googletest-install/lib64/libgmock_main.so
    -- Set runtime path of "/home/S/jenkins/workspace/ecg-mayausd-branch-preflight-2020-linux/build/RelWithDebInfo/googletest-install/lib64/libgmock_main.so" to ""
    -- Installing: /home/S/jenkins/workspace/ecg-mayausd-branch-preflight-2020-linux/build/RelWithDebInfo/googletest-install/lib64/pkgconfig/gmock.pc
    -- Installing: /home/S/jenkins/workspace/ecg-mayausd-branch-preflight-2020-linux/build/RelWithDebInfo/googletest-install/lib64/pkgconfig/gmock_main.pc
    -- Installing: /home/S/jenkins/workspace/ecg-mayausd-branch-preflight-2020-linux/build/RelWithDebInfo/googletest-install/lib64/cmake/GTest/GTestTargets.cmake
    -- Installing: /home/S/jenkins/workspace/ecg-mayausd-branch-preflight-2020-linux/build/RelWithDebInfo/googletest-install/lib64/cmake/GTest/GTestTargets-relwithdebinfo.cmake
    -- Installing: /home/S/jenkins/workspace/ecg-mayausd-branch-preflight-2020-linux/build/RelWithDebInfo/googletest-install/lib64/cmake/GTest/GTestConfigVersion.cmake
    -- Installing: /home/S/jenkins/workspace/ecg-mayausd-branch-preflight-2020-linux/build/RelWithDebInfo/googletest-install/lib64/cmake/GTest/GTestConfig.cmake
    -- Up-to-date: /home/S/jenkins/workspace/ecg-mayausd-branch-preflight-2020-linux/build/RelWithDebInfo/googletest-install/include
    -- Installing: /home/S/jenkins/workspace/ecg-mayausd-branch-preflight-2020-linux/build/RelWithDebInfo/googletest-install/include/gtest
    -- Installing: /home/S/jenkins/workspace/ecg-mayausd-branch-preflight-2020-linux/build/RelWithDebInfo/googletest-install/include/gtest/internal
    -- Installing: /home/S/jenkins/workspace/ecg-mayausd-branch-preflight-2020-linux/build/RelWithDebInfo/googletest-install/include/gtest/internal/custom
    -- Installing: /home/S/jenkins/workspace/ecg-mayausd-branch-preflight-2020-linux/build/RelWithDebInfo/googletest-install/include/gtest/internal/custom/README.md
    -- Installing: /home/S/jenkins/workspace/ecg-mayausd-branch-preflight-2020-linux/build/RelWithDebInfo/googletest-install/include/gtest/internal/custom/gtest-port.h
    -- Installing: /home/S/jenkins/workspace/ecg-mayausd-branch-preflight-2020-linux/build/RelWithDebInfo/googletest-install/include/gtest/internal/custom/gtest-printers.h
    -- Installing: /home/S/jenkins/workspace/ecg-mayausd-branch-preflight-2020-linux/build/RelWithDebInfo/googletest-install/include/gtest/internal/custom/gtest.h
    -- Installing: /home/S/jenkins/workspace/ecg-mayausd-branch-preflight-2020-linux/build/RelWithDebInfo/googletest-install/include/gtest/internal/gtest-death-test-internal.h
    -- Installing: /home/S/jenkins/workspace/ecg-mayausd-branch-preflight-2020-linux/build/RelWithDebInfo/googletest-install/include/gtest/internal/gtest-filepath.h
    -- Installing: /home/S/jenkins/workspace/ecg-mayausd-branch-preflight-2020-linux/build/RelWithDebInfo/googletest-install/include/gtest/internal/gtest-internal.h
    -- Installing: /home/S/jenkins/workspace/ecg-mayausd-branch-preflight-2020-linux/build/RelWithDebInfo/googletest-install/include/gtest/internal/gtest-param-util.h
    -- Installing: /home/S/jenkins/workspace/ecg-mayausd-branch-preflight-2020-linux/build/RelWithDebInfo/googletest-install/include/gtest/internal/gtest-port-arch.h
    -- Installing: /home/S/jenkins/workspace/ecg-mayausd-branch-preflight-2020-linux/build/RelWithDebInfo/googletest-install/include/gtest/internal/gtest-port.h
    -- Installing: /home/S/jenkins/workspace/ecg-mayausd-branch-preflight-2020-linux/build/RelWithDebInfo/googletest-install/include/gtest/internal/gtest-string.h
    -- Installing: /home/S/jenkins/workspace/ecg-mayausd-branch-preflight-2020-linux/build/RelWithDebInfo/googletest-install/include/gtest/internal/gtest-type-util.h
    -- Installing: /home/S/jenkins/workspace/ecg-mayausd-branch-preflight-2020-linux/build/RelWithDebInfo/googletest-install/include/gtest/internal/gtest-type-util.h.pump
    -- Installing: /home/S/jenkins/workspace/ecg-mayausd-branch-preflight-2020-linux/build/RelWithDebInfo/googletest-install/include/gtest/gtest-death-test.h
    -- Installing: /home/S/jenkins/workspace/ecg-mayausd-branch-preflight-2020-linux/build/RelWithDebInfo/googletest-install/include/gtest/gtest-matchers.h
    -- Installing: /home/S/jenkins/workspace/ecg-mayausd-branch-preflight-2020-linux/build/RelWithDebInfo/googletest-install/include/gtest/gtest-message.h
    -- Installing: /home/S/jenkins/workspace/ecg-mayausd-branch-preflight-2020-linux/build/RelWithDebInfo/googletest-install/include/gtest/gtest-param-test.h
    -- Installing: /home/S/jenkins/workspace/ecg-mayausd-branch-preflight-2020-linux/build/RelWithDebInfo/googletest-install/include/gtest/gtest-printers.h
    -- Installing: /home/S/jenkins/workspace/ecg-mayausd-branch-preflight-2020-linux/build/RelWithDebInfo/googletest-install/include/gtest/gtest-spi.h
    -- Installing: /home/S/jenkins/workspace/ecg-mayausd-branch-preflight-2020-linux/build/RelWithDebInfo/googletest-install/include/gtest/gtest-test-part.h
    -- Installing: /home/S/jenkins/workspace/ecg-mayausd-branch-preflight-2020-linux/build/RelWithDebInfo/googletest-install/include/gtest/gtest-typed-test.h
    -- Installing: /home/S/jenkins/workspace/ecg-mayausd-branch-preflight-2020-linux/build/RelWithDebInfo/googletest-install/include/gtest/gtest.h
    -- Installing: /home/S/jenkins/workspace/ecg-mayausd-branch-preflight-2020-linux/build/RelWithDebInfo/googletest-install/include/gtest/gtest_pred_impl.h
    -- Installing: /home/S/jenkins/workspace/ecg-mayausd-branch-preflight-2020-linux/build/RelWithDebInfo/googletest-install/include/gtest/gtest_prod.h
    -- Installing: /home/S/jenkins/workspace/ecg-mayausd-branch-preflight-2020-linux/build/RelWithDebInfo/googletest-install/lib64/libgtest.so
    -- Installing: /home/S/jenkins/workspace/ecg-mayausd-branch-preflight-2020-linux/build/RelWithDebInfo/googletest-install/lib64/libgtest_main.so
    -- Set runtime path of "/home/S/jenkins/workspace/ecg-mayausd-branch-preflight-2020-linux/build/RelWithDebInfo/googletest-install/lib64/libgtest_main.so" to ""
    -- Installing: /home/S/jenkins/workspace/ecg-mayausd-branch-preflight-2020-linux/build/RelWithDebInfo/googletest-install/lib64/pkgconfig/gtest.pc
    -- Installing: /home/S/jenkins/workspace/ecg-mayausd-branch-preflight-2020-linux/build/RelWithDebInfo/googletest-install/lib64/pkgconfig/gtest_main.pc
    [8/8] Completed 'googletest'
    -- ========== ...  GoogleTest installed. ==========
    -- promoting: /home/S/jenkins/workspace/ecg-mayausd-branch-preflight-2020-linux/ecg-maya-usd/maya-usd/lib/mayaUsd/base/mayaUsd.h.src
    -- promoting: /home/S/jenkins/workspace/ecg-mayausd-branch-preflight-2020-linux/ecg-maya-usd/maya-usd/lib/mayaUsd/base/api.h
    -- promoting: /home/S/jenkins/workspace/ecg-mayausd-branch-preflight-2020-linux/ecg-maya-usd/maya-usd/lib/mayaUsd/base/debugCodes.h
    -- promoting: /home/S/jenkins/workspace/ecg-mayausd-branch-preflight-2020-linux/ecg-maya-usd/maya-usd/lib/mayaUsd/base/id.h
    -- promoting: /home/S/jenkins/workspace/ecg-mayausd-branch-preflight-2020-linux/ecg-maya-usd/maya-usd/lib/mayaUsd/base/syncId.h
    -- promoting: /home/S/jenkins/workspace/ecg-mayausd-branch-preflight-2020-linux/ecg-maya-usd/maya-usd/lib/mayaUsd/base/tokens.h
    -- promoting: /home/S/jenkins/workspace/ecg-mayausd-branch-preflight-2020-linux/ecg-maya-usd/maya-usd/lib/mayaUsd/commands/abstractLayerEditorWindow.h
    -- promoting: /home/S/jenkins/workspace/ecg-mayausd-branch-preflight-2020-linux/ecg-maya-usd/maya-usd/lib/mayaUsd/commands/baseExportCommand.h
    -- promoting: /home/S/jenkins/workspace/ecg-mayausd-branch-preflight-2020-linux/ecg-maya-usd/maya-usd/lib/mayaUsd/commands/baseImportCommand.h
    -- promoting: /home/S/jenkins/workspace/ecg-mayausd-branch-preflight-2020-linux/ecg-maya-usd/maya-usd/lib/mayaUsd/commands/baseListShadingModesCommand.h
    -- promoting: /home/S/jenkins/workspace/ecg-mayausd-branch-preflight-2020-linux/ecg-maya-usd/maya-usd/lib/mayaUsd/commands/editTargetCommand.h
    -- promoting: /home/S/jenkins/workspace/ecg-mayausd-branch-preflight-2020-linux/ecg-maya-usd/maya-usd/lib/mayaUsd/commands/layerEditorCommand.h
    -- promoting: /home/S/jenkins/workspace/ecg-mayausd-branch-preflight-2020-linux/ecg-maya-usd/maya-usd/lib/mayaUsd/commands/layerEditorWindowCommand.h
    -- promoting: /home/S/jenkins/workspace/ecg-mayausd-branch-preflight-2020-linux/ecg-maya-usd/maya-usd/lib/mayaUsd/fileio/fallbackPrimReader.h
    -- promoting: /home/S/jenkins/workspace/ecg-mayausd-branch-preflight-2020-linux/ecg-maya-usd/maya-usd/lib/mayaUsd/fileio/functorPrimReader.h
    -- promoting: /home/S/jenkins/workspace/ecg-mayausd-branch-preflight-2020-linux/ecg-maya-usd/maya-usd/lib/mayaUsd/fileio/functorPrimWriter.h
    -- promoting: /home/S/jenkins/workspace/ecg-mayausd-branch-preflight-2020-linux/ecg-maya-usd/maya-usd/lib/mayaUsd/fileio/importData.h
    -- promoting: /home/S/jenkins/workspace/ecg-mayausd-branch-preflight-2020-linux/ecg-maya-usd/maya-usd/lib/mayaUsd/fileio/instancedNodeWriter.h
    -- promoting: /home/S/jenkins/workspace/ecg-mayausd-branch-preflight-2020-linux/ecg-maya-usd/maya-usd/lib/mayaUsd/fileio/primReader.h
    -- promoting: /home/S/jenkins/workspace/ecg-mayausd-branch-preflight-2020-linux/ecg-maya-usd/maya-usd/lib/mayaUsd/fileio/primReaderArgs.h
    -- promoting: /home/S/jenkins/workspace/ecg-mayausd-branch-preflight-2020-linux/ecg-maya-usd/maya-usd/lib/mayaUsd/fileio/primReaderContext.h
    -- promoting: /home/S/jenkins/workspace/ecg-mayausd-branch-preflight-2020-linux/ecg-maya-usd/maya-usd/lib/mayaUsd/fileio/primReaderRegistry.h
    -- promoting: /home/S/jenkins/workspace/ecg-mayausd-branch-preflight-2020-linux/ecg-maya-usd/maya-usd/lib/mayaUsd/fileio/primUpdater.h
    -- promoting: /home/S/jenkins/workspace/ecg-mayausd-branch-preflight-2020-linux/ecg-maya-usd/maya-usd/lib/mayaUsd/fileio/primUpdaterContext.h
    -- promoting: /home/S/jenkins/workspace/ecg-mayausd-branch-preflight-2020-linux/ecg-maya-usd/maya-usd/lib/mayaUsd/fileio/primUpdaterRegistry.h
    -- promoting: /home/S/jenkins/workspace/ecg-mayausd-branch-preflight-2020-linux/ecg-maya-usd/maya-usd/lib/mayaUsd/fileio/primWriter.h
    -- promoting: /home/S/jenkins/workspace/ecg-mayausd-branch-preflight-2020-linux/ecg-maya-usd/maya-usd/lib/mayaUsd/fileio/primWriterArgs.h
    -- promoting: /home/S/jenkins/workspace/ecg-mayausd-branch-preflight-2020-linux/ecg-maya-usd/maya-usd/lib/mayaUsd/fileio/primWriterContext.h
    -- promoting: /home/S/jenkins/workspace/ecg-mayausd-branch-preflight-2020-linux/ecg-maya-usd/maya-usd/lib/mayaUsd/fileio/primWriterRegistry.h
    -- promoting: /home/S/jenkins/workspace/ecg-mayausd-branch-preflight-2020-linux/ecg-maya-usd/maya-usd/lib/mayaUsd/fileio/registryHelper.h
    -- promoting: /home/S/jenkins/workspace/ecg-mayausd-branch-preflight-2020-linux/ecg-maya-usd/maya-usd/lib/mayaUsd/fileio/shaderReader.h
    -- promoting: /home/S/jenkins/workspace/ecg-mayausd-branch-preflight-2020-linux/ecg-maya-usd/maya-usd/lib/mayaUsd/fileio/shaderReaderRegistry.h
    -- promoting: /home/S/jenkins/workspace/ecg-mayausd-branch-preflight-2020-linux/ecg-maya-usd/maya-usd/lib/mayaUsd/fileio/shaderWriter.h
    -- promoting: /home/S/jenkins/workspace/ecg-mayausd-branch-preflight-2020-linux/ecg-maya-usd/maya-usd/lib/mayaUsd/fileio/shaderWriterRegistry.h
    -- promoting: /home/S/jenkins/workspace/ecg-mayausd-branch-preflight-2020-linux/ecg-maya-usd/maya-usd/lib/mayaUsd/fileio/transformWriter.h
    -- promoting: /home/S/jenkins/workspace/ecg-mayausd-branch-preflight-2020-linux/ecg-maya-usd/maya-usd/lib/mayaUsd/fileio/writeJobContext.h
    -- promoting: /home/S/jenkins/workspace/ecg-mayausd-branch-preflight-2020-linux/ecg-maya-usd/maya-usd/lib/mayaUsd/fileio/chaser/exportChaser.h
    -- promoting: /home/S/jenkins/workspace/ecg-mayausd-branch-preflight-2020-linux/ecg-maya-usd/maya-usd/lib/mayaUsd/fileio/chaser/exportChaserRegistry.h
    -- promoting: /home/S/jenkins/workspace/ecg-mayausd-branch-preflight-2020-linux/ecg-maya-usd/maya-usd/lib/mayaUsd/fileio/chaser/importChaserRegistry.h
    -- promoting: /home/S/jenkins/workspace/ecg-mayausd-branch-preflight-2020-linux/ecg-maya-usd/maya-usd/lib/mayaUsd/fileio/chaser/importChaser.h
    -- promoting: /home/S/jenkins/workspace/ecg-mayausd-branch-preflight-2020-linux/ecg-maya-usd/maya-usd/lib/mayaUsd/fileio/jobs/jobArgs.h
    -- promoting: /home/S/jenkins/workspace/ecg-mayausd-branch-preflight-2020-linux/ecg-maya-usd/maya-usd/lib/mayaUsd/fileio/jobs/modelKindProcessor.h
    -- promoting: /home/S/jenkins/workspace/ecg-mayausd-branch-preflight-2020-linux/ecg-maya-usd/maya-usd/lib/mayaUsd/fileio/jobs/readJob.h
    -- promoting: /home/S/jenkins/workspace/ecg-mayausd-branch-preflight-2020-linux/ecg-maya-usd/maya-usd/lib/mayaUsd/fileio/jobs/writeJob.h
    -- promoting: /home/S/jenkins/workspace/ecg-mayausd-branch-preflight-2020-linux/ecg-maya-usd/maya-usd/lib/mayaUsd/fileio/shading/rfmShaderMap.h
    -- promoting: /home/S/jenkins/workspace/ecg-mayausd-branch-preflight-2020-linux/ecg-maya-usd/maya-usd/lib/mayaUsd/fileio/shading/shadingModeExporter.h
    -- promoting: /home/S/jenkins/workspace/ecg-mayausd-branch-preflight-2020-linux/ecg-maya-usd/maya-usd/lib/mayaUsd/fileio/shading/shadingModeExporterContext.h
    -- promoting: /home/S/jenkins/workspace/ecg-mayausd-branch-preflight-2020-linux/ecg-maya-usd/maya-usd/lib/mayaUsd/fileio/shading/shadingModeImporter.h
    -- promoting: /home/S/jenkins/workspace/ecg-mayausd-branch-preflight-2020-linux/ecg-maya-usd/maya-usd/lib/mayaUsd/fileio/shading/shadingModeRegistry.h
    -- promoting: /home/S/jenkins/workspace/ecg-mayausd-branch-preflight-2020-linux/ecg-maya-usd/maya-usd/lib/mayaUsd/fileio/shading/symmetricShaderReader.h
    -- promoting: /home/S/jenkins/workspace/ecg-mayausd-branch-preflight-2020-linux/ecg-maya-usd/maya-usd/lib/mayaUsd/fileio/shading/symmetricShaderWriter.h
    -- promoting: /home/S/jenkins/workspace/ecg-mayausd-branch-preflight-2020-linux/ecg-maya-usd/maya-usd/lib/mayaUsd/fileio/translators/skelBindingsProcessor.h
    -- promoting: /home/S/jenkins/workspace/ecg-mayausd-branch-preflight-2020-linux/ecg-maya-usd/maya-usd/lib/mayaUsd/fileio/translators/translatorCamera.h
    -- promoting: /home/S/jenkins/workspace/ecg-mayausd-branch-preflight-2020-linux/ecg-maya-usd/maya-usd/lib/mayaUsd/fileio/translators/translatorCurves.h
    -- promoting: /home/S/jenkins/workspace/ecg-mayausd-branch-preflight-2020-linux/ecg-maya-usd/maya-usd/lib/mayaUsd/fileio/translators/translatorGprim.h
    -- promoting: /home/S/jenkins/workspace/ecg-mayausd-branch-preflight-2020-linux/ecg-maya-usd/maya-usd/lib/mayaUsd/fileio/translators/translatorMaterial.h
    -- promoting: /home/S/jenkins/workspace/ecg-mayausd-branch-preflight-2020-linux/ecg-maya-usd/maya-usd/lib/mayaUsd/fileio/translators/translatorMayaReference.h
    -- promoting: /home/S/jenkins/workspace/ecg-mayausd-branch-preflight-2020-linux/ecg-maya-usd/maya-usd/lib/mayaUsd/fileio/translators/translatorMesh.h
    -- promoting: /home/S/jenkins/workspace/ecg-mayausd-branch-preflight-2020-linux/ecg-maya-usd/maya-usd/lib/mayaUsd/fileio/translators/translatorNurbsPatch.h
    -- promoting: /home/S/jenkins/workspace/ecg-mayausd-branch-preflight-2020-linux/ecg-maya-usd/maya-usd/lib/mayaUsd/fileio/translators/translatorPrim.h
    -- promoting: /home/S/jenkins/workspace/ecg-mayausd-branch-preflight-2020-linux/ecg-maya-usd/maya-usd/lib/mayaUsd/fileio/translators/translatorRfMLight.h
    -- promoting: /home/S/jenkins/workspace/ecg-mayausd-branch-preflight-2020-linux/ecg-maya-usd/maya-usd/lib/mayaUsd/fileio/translators/translatorSkel.h
    -- promoting: /home/S/jenkins/workspace/ecg-mayausd-branch-preflight-2020-linux/ecg-maya-usd/maya-usd/lib/mayaUsd/fileio/translators/translatorUtil.h
    -- promoting: /home/S/jenkins/workspace/ecg-mayausd-branch-preflight-2020-linux/ecg-maya-usd/maya-usd/lib/mayaUsd/fileio/translators/translatorXformable.h
    -- promoting: /home/S/jenkins/workspace/ecg-mayausd-branch-preflight-2020-linux/ecg-maya-usd/maya-usd/lib/mayaUsd/fileio/utils/adaptor.h
    -- promoting: /home/S/jenkins/workspace/ecg-mayausd-branch-preflight-2020-linux/ecg-maya-usd/maya-usd/lib/mayaUsd/fileio/utils/jointWriteUtils.h
    -- promoting: /home/S/jenkins/workspace/ecg-mayausd-branch-preflight-2020-linux/ecg-maya-usd/maya-usd/lib/mayaUsd/fileio/utils/meshReadUtils.h
    -- promoting: /home/S/jenkins/workspace/ecg-mayausd-branch-preflight-2020-linux/ecg-maya-usd/maya-usd/lib/mayaUsd/fileio/utils/meshWriteUtils.h
    -- promoting: /home/S/jenkins/workspace/ecg-mayausd-branch-preflight-2020-linux/ecg-maya-usd/maya-usd/lib/mayaUsd/fileio/utils/readUtil.h
    -- promoting: /home/S/jenkins/workspace/ecg-mayausd-branch-preflight-2020-linux/ecg-maya-usd/maya-usd/lib/mayaUsd/fileio/utils/roundTripUtil.h
    -- promoting: /home/S/jenkins/workspace/ecg-mayausd-branch-preflight-2020-linux/ecg-maya-usd/maya-usd/lib/mayaUsd/fileio/utils/shadingUtil.h
    -- promoting: /home/S/jenkins/workspace/ecg-mayausd-branch-preflight-2020-linux/ecg-maya-usd/maya-usd/lib/mayaUsd/fileio/utils/userTaggedAttribute.h
    -- promoting: /home/S/jenkins/workspace/ecg-mayausd-branch-preflight-2020-linux/ecg-maya-usd/maya-usd/lib/mayaUsd/fileio/utils/writeUtil.h
    -- promoting: /home/S/jenkins/workspace/ecg-mayausd-branch-preflight-2020-linux/ecg-maya-usd/maya-usd/lib/mayaUsd/fileio/utils/xformStack.h
    -- promoting: /home/S/jenkins/workspace/ecg-mayausd-branch-preflight-2020-linux/ecg-maya-usd/maya-usd/lib/mayaUsd/listeners/notice.h
    -- promoting: /home/S/jenkins/workspace/ecg-mayausd-branch-preflight-2020-linux/ecg-maya-usd/maya-usd/lib/mayaUsd/listeners/proxyShapeNotice.h
    -- promoting: /home/S/jenkins/workspace/ecg-mayausd-branch-preflight-2020-linux/ecg-maya-usd/maya-usd/lib/mayaUsd/listeners/stageNoticeListener.h
    -- promoting: /home/S/jenkins/workspace/ecg-mayausd-branch-preflight-2020-linux/ecg-maya-usd/maya-usd/lib/mayaUsd/nodes/hdImagingShape.h
    -- promoting: /home/S/jenkins/workspace/ecg-mayausd-branch-preflight-2020-linux/ecg-maya-usd/maya-usd/lib/mayaUsd/nodes/pointBasedDeformerNode.h
    -- promoting: /home/S/jenkins/workspace/ecg-mayausd-branch-preflight-2020-linux/ecg-maya-usd/maya-usd/lib/mayaUsd/nodes/proxyAccessor.h
    -- promoting: /home/S/jenkins/workspace/ecg-mayausd-branch-preflight-2020-linux/ecg-maya-usd/maya-usd/lib/mayaUsd/nodes/proxyShapeBase.h
    -- promoting: /home/S/jenkins/workspace/ecg-mayausd-branch-preflight-2020-linux/ecg-maya-usd/maya-usd/lib/mayaUsd/nodes/proxyShapePlugin.h
    -- promoting: /home/S/jenkins/workspace/ecg-mayausd-branch-preflight-2020-linux/ecg-maya-usd/maya-usd/lib/mayaUsd/nodes/proxyStageProvider.h
    -- promoting: /home/S/jenkins/workspace/ecg-mayausd-branch-preflight-2020-linux/ecg-maya-usd/maya-usd/lib/mayaUsd/nodes/stageData.h
    -- promoting: /home/S/jenkins/workspace/ecg-mayausd-branch-preflight-2020-linux/ecg-maya-usd/maya-usd/lib/mayaUsd/nodes/stageNode.h
    -- promoting: /home/S/jenkins/workspace/ecg-mayausd-branch-preflight-2020-linux/ecg-maya-usd/maya-usd/lib/mayaUsd/nodes/usdPrimProvider.h
    -- promoting: /home/S/jenkins/workspace/ecg-mayausd-branch-preflight-2020-linux/ecg-maya-usd/maya-usd/lib/mayaUsd/nodes/layerManager.h
    -- promoting: /home/S/jenkins/workspace/ecg-mayausd-branch-preflight-2020-linux/ecg-maya-usd/maya-usd/lib/mayaUsd/render/px_vp20/glslProgram.h
    -- promoting: /home/S/jenkins/workspace/ecg-mayausd-branch-preflight-2020-linux/ecg-maya-usd/maya-usd/lib/mayaUsd/render/px_vp20/utils.h
    -- promoting: /home/S/jenkins/workspace/ecg-mayausd-branch-preflight-2020-linux/ecg-maya-usd/maya-usd/lib/mayaUsd/render/px_vp20/utils_legacy.h
    -- promoting: /home/S/jenkins/workspace/ecg-mayausd-branch-preflight-2020-linux/ecg-maya-usd/maya-usd/lib/mayaUsd/render/pxrUsdMayaGL/batchRenderer.h
    -- promoting: /home/S/jenkins/workspace/ecg-mayausd-branch-preflight-2020-linux/ecg-maya-usd/maya-usd/lib/mayaUsd/render/pxrUsdMayaGL/debugCodes.h
    -- promoting: /home/S/jenkins/workspace/ecg-mayausd-branch-preflight-2020-linux/ecg-maya-usd/maya-usd/lib/mayaUsd/render/pxrUsdMayaGL/hdImagingShapeDrawOverride.h
    -- promoting: /home/S/jenkins/workspace/ecg-mayausd-branch-preflight-2020-linux/ecg-maya-usd/maya-usd/lib/mayaUsd/render/pxrUsdMayaGL/hdImagingShapeUI.h
    -- promoting: /home/S/jenkins/workspace/ecg-mayausd-branch-preflight-2020-linux/ecg-maya-usd/maya-usd/lib/mayaUsd/render/pxrUsdMayaGL/instancerImager.h
    -- promoting: /home/S/jenkins/workspace/ecg-mayausd-branch-preflight-2020-linux/ecg-maya-usd/maya-usd/lib/mayaUsd/render/pxrUsdMayaGL/instancerShapeAdapter.h
    -- promoting: /home/S/jenkins/workspace/ecg-mayausd-branch-preflight-2020-linux/ecg-maya-usd/maya-usd/lib/mayaUsd/render/pxrUsdMayaGL/proxyDrawOverride.h
    -- promoting: /home/S/jenkins/workspace/ecg-mayausd-branch-preflight-2020-linux/ecg-maya-usd/maya-usd/lib/mayaUsd/render/pxrUsdMayaGL/proxyShapeUI.h
    -- promoting: /home/S/jenkins/workspace/ecg-mayausd-branch-preflight-2020-linux/ecg-maya-usd/maya-usd/lib/mayaUsd/render/pxrUsdMayaGL/renderParams.h
    -- promoting: /home/S/jenkins/workspace/ecg-mayausd-branch-preflight-2020-linux/ecg-maya-usd/maya-usd/lib/mayaUsd/render/pxrUsdMayaGL/sceneDelegate.h
    -- promoting: /home/S/jenkins/workspace/ecg-mayausd-branch-preflight-2020-linux/ecg-maya-usd/maya-usd/lib/mayaUsd/render/pxrUsdMayaGL/shapeAdapter.h
    -- promoting: /home/S/jenkins/workspace/ecg-mayausd-branch-preflight-2020-linux/ecg-maya-usd/maya-usd/lib/mayaUsd/render/pxrUsdMayaGL/softSelectHelper.h
    -- promoting: /home/S/jenkins/workspace/ecg-mayausd-branch-preflight-2020-linux/ecg-maya-usd/maya-usd/lib/mayaUsd/render/pxrUsdMayaGL/usdProxyShapeAdapter.h
    -- promoting: /home/S/jenkins/workspace/ecg-mayausd-branch-preflight-2020-linux/ecg-maya-usd/maya-usd/lib/mayaUsd/render/pxrUsdMayaGL/userData.h
    -- promoting: /home/S/jenkins/workspace/ecg-mayausd-branch-preflight-2020-linux/ecg-maya-usd/maya-usd/lib/mayaUsd/render/vp2RenderDelegate/proxyRenderDelegate.h
    -- promoting: /home/S/jenkins/workspace/ecg-mayausd-branch-preflight-2020-linux/ecg-maya-usd/maya-usd/lib/mayaUsd/render/vp2ShaderFragments/shaderFragments.h
    -- promoting: /home/S/jenkins/workspace/ecg-mayausd-branch-preflight-2020-linux/ecg-maya-usd/maya-usd/lib/mayaUsd/ufe/Global.h
    -- promoting: /home/S/jenkins/workspace/ecg-mayausd-branch-preflight-2020-linux/ecg-maya-usd/maya-usd/lib/mayaUsd/ufe/ProxyShapeHandler.h
    -- promoting: /home/S/jenkins/workspace/ecg-mayausd-branch-preflight-2020-linux/ecg-maya-usd/maya-usd/lib/mayaUsd/ufe/ProxyShapeHierarchy.h
    -- promoting: /home/S/jenkins/workspace/ecg-mayausd-branch-preflight-2020-linux/ecg-maya-usd/maya-usd/lib/mayaUsd/ufe/ProxyShapeHierarchyHandler.h
    -- promoting: /home/S/jenkins/workspace/ecg-mayausd-branch-preflight-2020-linux/ecg-maya-usd/maya-usd/lib/mayaUsd/ufe/StagesSubject.h
    -- promoting: /home/S/jenkins/workspace/ecg-mayausd-branch-preflight-2020-linux/ecg-maya-usd/maya-usd/lib/mayaUsd/ufe/UsdHierarchy.h
    -- promoting: /home/S/jenkins/workspace/ecg-mayausd-branch-preflight-2020-linux/ecg-maya-usd/maya-usd/lib/mayaUsd/ufe/UsdHierarchyHandler.h
    -- promoting: /home/S/jenkins/workspace/ecg-mayausd-branch-preflight-2020-linux/ecg-maya-usd/maya-usd/lib/mayaUsd/ufe/UsdPointInstanceModifierBase.h
    -- promoting: /home/S/jenkins/workspace/ecg-mayausd-branch-preflight-2020-linux/ecg-maya-usd/maya-usd/lib/mayaUsd/ufe/UsdPointInstanceOrientationModifier.h
    -- promoting: /home/S/jenkins/workspace/ecg-mayausd-branch-preflight-2020-linux/ecg-maya-usd/maya-usd/lib/mayaUsd/ufe/UsdPointInstancePositionModifier.h
    -- promoting: /home/S/jenkins/workspace/ecg-mayausd-branch-preflight-2020-linux/ecg-maya-usd/maya-usd/lib/mayaUsd/ufe/UsdPointInstanceScaleModifier.h
    -- promoting: /home/S/jenkins/workspace/ecg-mayausd-branch-preflight-2020-linux/ecg-maya-usd/maya-usd/lib/mayaUsd/ufe/UsdRootChildHierarchy.h
    -- promoting: /home/S/jenkins/workspace/ecg-mayausd-branch-preflight-2020-linux/ecg-maya-usd/maya-usd/lib/mayaUsd/ufe/UsdRotatePivotTranslateUndoableCommand.h
    -- promoting: /home/S/jenkins/workspace/ecg-mayausd-branch-preflight-2020-linux/ecg-maya-usd/maya-usd/lib/mayaUsd/ufe/UsdRotateUndoableCommand.h
    -- promoting: /home/S/jenkins/workspace/ecg-mayausd-branch-preflight-2020-linux/ecg-maya-usd/maya-usd/lib/mayaUsd/ufe/UsdScaleUndoableCommand.h
    -- promoting: /home/S/jenkins/workspace/ecg-mayausd-branch-preflight-2020-linux/ecg-maya-usd/maya-usd/lib/mayaUsd/ufe/UsdSceneItem.h
    -- promoting: /home/S/jenkins/workspace/ecg-mayausd-branch-preflight-2020-linux/ecg-maya-usd/maya-usd/lib/mayaUsd/ufe/UsdSceneItemOps.h
    -- promoting: /home/S/jenkins/workspace/ecg-mayausd-branch-preflight-2020-linux/ecg-maya-usd/maya-usd/lib/mayaUsd/ufe/UsdSceneItemOpsHandler.h
    -- promoting: /home/S/jenkins/workspace/ecg-mayausd-branch-preflight-2020-linux/ecg-maya-usd/maya-usd/lib/mayaUsd/ufe/UsdStageMap.h
    -- promoting: /home/S/jenkins/workspace/ecg-mayausd-branch-preflight-2020-linux/ecg-maya-usd/maya-usd/lib/mayaUsd/ufe/UsdTRSUndoableCommandBase.h
    -- promoting: /home/S/jenkins/workspace/ecg-mayausd-branch-preflight-2020-linux/ecg-maya-usd/maya-usd/lib/mayaUsd/ufe/UsdTransform3d.h
    -- promoting: /home/S/jenkins/workspace/ecg-mayausd-branch-preflight-2020-linux/ecg-maya-usd/maya-usd/lib/mayaUsd/ufe/UsdTransform3dHandler.h
    -- promoting: /home/S/jenkins/workspace/ecg-mayausd-branch-preflight-2020-linux/ecg-maya-usd/maya-usd/lib/mayaUsd/ufe/UsdTranslateUndoableCommand.h
    -- promoting: /home/S/jenkins/workspace/ecg-mayausd-branch-preflight-2020-linux/ecg-maya-usd/maya-usd/lib/mayaUsd/ufe/UsdUndoDeleteCommand.h
    -- promoting: /home/S/jenkins/workspace/ecg-mayausd-branch-preflight-2020-linux/ecg-maya-usd/maya-usd/lib/mayaUsd/ufe/UsdUndoDuplicateCommand.h
    -- promoting: /home/S/jenkins/workspace/ecg-mayausd-branch-preflight-2020-linux/ecg-maya-usd/maya-usd/lib/mayaUsd/ufe/UsdUndoRenameCommand.h
    -- promoting: /home/S/jenkins/workspace/ecg-mayausd-branch-preflight-2020-linux/ecg-maya-usd/maya-usd/lib/mayaUsd/ufe/Utils.h
    -- promoting: /home/S/jenkins/workspace/ecg-mayausd-branch-preflight-2020-linux/ecg-maya-usd/maya-usd/lib/mayaUsd/ufe/UfeVersionCompat.h
    -- promoting: /home/S/jenkins/workspace/ecg-mayausd-branch-preflight-2020-linux/ecg-maya-usd/maya-usd/lib/mayaUsd/undo/UsdUndoBlock.h
    -- promoting: /home/S/jenkins/workspace/ecg-mayausd-branch-preflight-2020-linux/ecg-maya-usd/maya-usd/lib/mayaUsd/undo/UsdUndoManager.h
    -- promoting: /home/S/jenkins/workspace/ecg-mayausd-branch-preflight-2020-linux/ecg-maya-usd/maya-usd/lib/mayaUsd/undo/UsdUndoStateDelegate.h
    -- promoting: /home/S/jenkins/workspace/ecg-mayausd-branch-preflight-2020-linux/ecg-maya-usd/maya-usd/lib/mayaUsd/undo/UsdUndoableItem.h
    -- promoting: /home/S/jenkins/workspace/ecg-mayausd-branch-preflight-2020-linux/ecg-maya-usd/maya-usd/lib/mayaUsd/utils/blockSceneModificationContext.h
    -- promoting: /home/S/jenkins/workspace/ecg-mayausd-branch-preflight-2020-linux/ecg-maya-usd/maya-usd/lib/mayaUsd/utils/colorSpace.h
    -- promoting: /home/S/jenkins/workspace/ecg-mayausd-branch-preflight-2020-linux/ecg-maya-usd/maya-usd/lib/mayaUsd/utils/converter.h
    -- promoting: /home/S/jenkins/workspace/ecg-mayausd-branch-preflight-2020-linux/ecg-maya-usd/maya-usd/lib/mayaUsd/utils/diagnosticDelegate.h
    -- promoting: /home/S/jenkins/workspace/ecg-mayausd-branch-preflight-2020-linux/ecg-maya-usd/maya-usd/lib/mayaUsd/utils/query.h
    -- promoting: /home/S/jenkins/workspace/ecg-mayausd-branch-preflight-2020-linux/ecg-maya-usd/maya-usd/lib/mayaUsd/utils/plugRegistryHelper.h
    -- promoting: /home/S/jenkins/workspace/ecg-mayausd-branch-preflight-2020-linux/ecg-maya-usd/maya-usd/lib/mayaUsd/utils/stageCache.h
    -- promoting: /home/S/jenkins/workspace/ecg-mayausd-branch-preflight-2020-linux/ecg-maya-usd/maya-usd/lib/mayaUsd/utils/undoHelperCommand.h
    -- promoting: /home/S/jenkins/workspace/ecg-mayausd-branch-preflight-2020-linux/ecg-maya-usd/maya-usd/lib/mayaUsd/utils/util.h
    -- promoting: /home/S/jenkins/workspace/ecg-mayausd-branch-preflight-2020-linux/ecg-maya-usd/maya-usd/lib/mayaUsd/utils/utilFileSystem.h
    -- promoting: /home/S/jenkins/workspace/ecg-mayausd-branch-preflight-2020-linux/ecg-maya-usd/maya-usd/lib/mayaUsd/utils/utilSerialization.h
    -- promoting: /home/S/jenkins/workspace/ecg-mayausd-branch-preflight-2020-linux/ecg-maya-usd/maya-usd/lib/mayaUsd/utils/hash.h
    -- promoting: /home/S/jenkins/workspace/ecg-mayausd-branch-preflight-2020-linux/ecg-maya-usd/maya-usd/lib/mayaUsd/render/mayaToHydra/utils.h
    -- promoting: /home/S/jenkins/workspace/ecg-mayausd-branch-preflight-2020-linux/ecg-maya-usd/maya-usd/lib/usd/hdMaya/api.h
    -- promoting: /home/S/jenkins/workspace/ecg-mayausd-branch-preflight-2020-linux/ecg-maya-usd/maya-usd/lib/usd/hdMaya/utils.h
    -- promoting: /home/S/jenkins/workspace/ecg-mayausd-branch-preflight-2020-linux/ecg-maya-usd/maya-usd/lib/usd/hdMaya/debugCodes.h
    -- promoting: /home/S/jenkins/workspace/ecg-mayausd-branch-preflight-2020-linux/ecg-maya-usd/maya-usd/lib/usd/hdMaya/adapters/adapter.h
    -- promoting: /home/S/jenkins/workspace/ecg-mayausd-branch-preflight-2020-linux/ecg-maya-usd/maya-usd/lib/usd/hdMaya/adapters/adapterDebugCodes.h
    -- promoting: /home/S/jenkins/workspace/ecg-mayausd-branch-preflight-2020-linux/ecg-maya-usd/maya-usd/lib/usd/hdMaya/adapters/adapterRegistry.h
    -- promoting: /home/S/jenkins/workspace/ecg-mayausd-branch-preflight-2020-linux/ecg-maya-usd/maya-usd/lib/usd/hdMaya/adapters/constantShadowMatrix.h
    -- promoting: /home/S/jenkins/workspace/ecg-mayausd-branch-preflight-2020-linux/ecg-maya-usd/maya-usd/lib/usd/hdMaya/adapters/dagAdapter.h
    -- promoting: /home/S/jenkins/workspace/ecg-mayausd-branch-preflight-2020-linux/ecg-maya-usd/maya-usd/lib/usd/hdMaya/adapters/lightAdapter.h
    -- promoting: /home/S/jenkins/workspace/ecg-mayausd-branch-preflight-2020-linux/ecg-maya-usd/maya-usd/lib/usd/hdMaya/adapters/proxyAdapter.h
    -- promoting: /home/S/jenkins/workspace/ecg-mayausd-branch-preflight-2020-linux/ecg-maya-usd/maya-usd/lib/usd/hdMaya/adapters/materialAdapter.h
    -- promoting: /home/S/jenkins/workspace/ecg-mayausd-branch-preflight-2020-linux/ecg-maya-usd/maya-usd/lib/usd/hdMaya/adapters/materialNetworkConverter.h
    -- promoting: /home/S/jenkins/workspace/ecg-mayausd-branch-preflight-2020-linux/ecg-maya-usd/maya-usd/lib/usd/hdMaya/adapters/mayaAttrs.h
    -- promoting: /home/S/jenkins/workspace/ecg-mayausd-branch-preflight-2020-linux/ecg-maya-usd/maya-usd/lib/usd/hdMaya/adapters/shapeAdapter.h
    -- promoting: /home/S/jenkins/workspace/ecg-mayausd-branch-preflight-2020-linux/ecg-maya-usd/maya-usd/lib/usd/hdMaya/adapters/tokens.h
    -- promoting: /home/S/jenkins/workspace/ecg-mayausd-branch-preflight-2020-linux/ecg-maya-usd/maya-usd/lib/usd/hdMaya/delegates/delegate.h
    -- promoting: /home/S/jenkins/workspace/ecg-mayausd-branch-preflight-2020-linux/ecg-maya-usd/maya-usd/lib/usd/hdMaya/delegates/delegateCtx.h
    -- promoting: /home/S/jenkins/workspace/ecg-mayausd-branch-preflight-2020-linux/ecg-maya-usd/maya-usd/lib/usd/hdMaya/delegates/delegateDebugCodes.h
    -- promoting: /home/S/jenkins/workspace/ecg-mayausd-branch-preflight-2020-linux/ecg-maya-usd/maya-usd/lib/usd/hdMaya/delegates/delegateRegistry.h
    -- promoting: /home/S/jenkins/workspace/ecg-mayausd-branch-preflight-2020-linux/ecg-maya-usd/maya-usd/lib/usd/hdMaya/delegates/params.h
    -- promoting: /home/S/jenkins/workspace/ecg-mayausd-branch-preflight-2020-linux/ecg-maya-usd/maya-usd/lib/usd/hdMaya/delegates/proxyDelegate.h
    -- promoting: /home/S/jenkins/workspace/ecg-mayausd-branch-preflight-2020-linux/ecg-maya-usd/maya-usd/lib/usd/hdMaya/delegates/proxyUsdImagingDelegate.h
    -- promoting: /home/S/jenkins/workspace/ecg-mayausd-branch-preflight-2020-linux/ecg-maya-usd/maya-usd/lib/usd/hdMaya/delegates/sceneDelegate.h
    -- promoting: /home/S/jenkins/workspace/ecg-mayausd-branch-preflight-2020-linux/ecg-maya-usd/maya-usd/lib/usd/hdMaya/delegates/testDelegate.h
    -- promoting: /home/S/jenkins/workspace/ecg-mayausd-branch-preflight-2020-linux/ecg-maya-usd/maya-usd/lib/usd/pxrUsdPreviewSurface/usdPreviewSurface.h
    -- promoting: /home/S/jenkins/workspace/ecg-mayausd-branch-preflight-2020-linux/ecg-maya-usd/maya-usd/lib/usd/pxrUsdPreviewSurface/usdPreviewSurfacePlugin.h
    -- promoting: /home/S/jenkins/workspace/ecg-mayausd-branch-preflight-2020-linux/ecg-maya-usd/maya-usd/lib/usd/schemas/api.h
    -- promoting: /home/S/jenkins/workspace/ecg-mayausd-branch-preflight-2020-linux/ecg-maya-usd/maya-usd/lib/usd/schemas/ALMayaReference.h
    -- promoting: /home/S/jenkins/workspace/ecg-mayausd-branch-preflight-2020-linux/ecg-maya-usd/maya-usd/lib/usd/schemas/MayaReference.h
    -- promoting: /home/S/jenkins/workspace/ecg-mayausd-branch-preflight-2020-linux/ecg-maya-usd/maya-usd/lib/usd/schemas/tokens.h
    Processing schema classes:
    MayaReference, ALMayaReference
    Loading Templates from /local/S/jenkins/workspace/shared/Artifactory/Linux/USD/1628f86/lib/usd/usd/resources/codegenTemplates
    Writing API:
    	    wrote /home/S/jenkins/workspace/ecg-mayausd-branch-preflight-2020-linux/build/RelWithDebInfo/lib/usd/schemas/api.h
    Writing Schema Tokens:
    	    wrote /home/S/jenkins/workspace/ecg-mayausd-branch-preflight-2020-linux/build/RelWithDebInfo/lib/usd/schemas/tokens.h
    	    wrote /home/S/jenkins/workspace/ecg-mayausd-branch-preflight-2020-linux/build/RelWithDebInfo/lib/usd/schemas/tokens.cpp
    	    wrote /home/S/jenkins/workspace/ecg-mayausd-branch-preflight-2020-linux/build/RelWithDebInfo/lib/usd/schemas/wrapTokens.cpp
    Generating Classes:
    	    wrote /home/S/jenkins/workspace/ecg-mayausd-branch-preflight-2020-linux/build/RelWithDebInfo/lib/usd/schemas/MayaReference.h
    	    wrote /home/S/jenkins/workspace/ecg-mayausd-branch-preflight-2020-linux/build/RelWithDebInfo/lib/usd/schemas/MayaReference.cpp
    	    wrote /home/S/jenkins/workspace/ecg-mayausd-branch-preflight-2020-linux/build/RelWithDebInfo/lib/usd/schemas/wrapMayaReference.cpp
    	    wrote /home/S/jenkins/workspace/ecg-mayausd-branch-preflight-2020-linux/build/RelWithDebInfo/lib/usd/schemas/ALMayaReference.h
    	    wrote /home/S/jenkins/workspace/ecg-mayausd-branch-preflight-2020-linux/build/RelWithDebInfo/lib/usd/schemas/ALMayaReference.cpp
    	    wrote /home/S/jenkins/workspace/ecg-mayausd-branch-preflight-2020-linux/build/RelWithDebInfo/lib/usd/schemas/wrapALMayaReference.cpp
    	    wrote /home/S/jenkins/workspace/ecg-mayausd-branch-preflight-2020-linux/build/RelWithDebInfo/lib/usd/schemas/plugInfo.json
    Generating Schematics:
    	    wrote /home/S/jenkins/workspace/ecg-mayausd-branch-preflight-2020-linux/build/RelWithDebInfo/lib/usd/schemas/generatedSchema.usda
    -- promoting: /home/S/jenkins/workspace/ecg-mayausd-branch-preflight-2020-linux/ecg-maya-usd/maya-usd/lib/usd/utils/ALHalf.h
    -- promoting: /home/S/jenkins/workspace/ecg-mayausd-branch-preflight-2020-linux/ecg-maya-usd/maya-usd/lib/usd/utils/Api.h
    -- promoting: /home/S/jenkins/workspace/ecg-mayausd-branch-preflight-2020-linux/ecg-maya-usd/maya-usd/lib/usd/utils/DebugCodes.h
    -- promoting: /home/S/jenkins/workspace/ecg-mayausd-branch-preflight-2020-linux/ecg-maya-usd/maya-usd/lib/usd/utils/DiffCore.h
    -- promoting: /home/S/jenkins/workspace/ecg-mayausd-branch-preflight-2020-linux/ecg-maya-usd/maya-usd/lib/usd/utils/ForwardDeclares.h
    -- promoting: /home/S/jenkins/workspace/ecg-mayausd-branch-preflight-2020-linux/ecg-maya-usd/maya-usd/lib/usd/utils/SIMD.h
    -- promoting: /home/S/jenkins/workspace/ecg-mayausd-branch-preflight-2020-linux/ecg-maya-usd/maya-usd/lib/usd/utils/util.h
    -- promoting: /home/S/jenkins/workspace/ecg-mayausd-branch-preflight-2020-linux/ecg-maya-usd/maya-usd/lib/usd/ui/layerEditor/batchSaveLayersUIDelegate.h
    -- promoting: /home/S/jenkins/workspace/ecg-mayausd-branch-preflight-2020-linux/ecg-maya-usd/maya-usd/lib/usd/ui/importDialog/IMayaMQtUtil.h
    -- promoting: /home/S/jenkins/workspace/ecg-mayausd-branch-preflight-2020-linux/ecg-maya-usd/maya-usd/lib/usd/ui/importDialog/ItemDelegate.h
    -- promoting: /home/S/jenkins/workspace/ecg-mayausd-branch-preflight-2020-linux/ecg-maya-usd/maya-usd/lib/usd/ui/importDialog/IUSDImportView.h
    -- promoting: /home/S/jenkins/workspace/ecg-mayausd-branch-preflight-2020-linux/ecg-maya-usd/maya-usd/lib/usd/ui/importDialog/TreeItem.h
    -- promoting: /home/S/jenkins/workspace/ecg-mayausd-branch-preflight-2020-linux/ecg-maya-usd/maya-usd/lib/usd/ui/importDialog/TreeModel.h
    -- promoting: /home/S/jenkins/workspace/ecg-mayausd-branch-preflight-2020-linux/ecg-maya-usd/maya-usd/lib/usd/ui/importDialog/TreeModelFactory.h
    -- promoting: /home/S/jenkins/workspace/ecg-mayausd-branch-preflight-2020-linux/ecg-maya-usd/maya-usd/lib/usd/ui/importDialog/USDImportDialog.h
    -- promoting: /home/S/jenkins/workspace/ecg-mayausd-branch-preflight-2020-linux/ecg-maya-usd/maya-usd/lib/usd/ui/importDialog/USDImportDialogCmd.h
    -- promoting: /home/S/jenkins/workspace/ecg-mayausd-branch-preflight-2020-linux/ecg-maya-usd/maya-usd/lib/usd/ui/importDialog/USDQtUtil.h
    -- promoting: /home/S/jenkins/workspace/ecg-mayausd-branch-preflight-2020-linux/ecg-maya-usd/maya-usd/lib/usd/ui/api.h
    -- promoting: /home/S/jenkins/workspace/ecg-mayausd-branch-preflight-2020-linux/ecg-maya-usd/maya-usd/lib/usd/ui/initStringResources.h
    ========== Pixar USD Plugin ==========
    Compiling /home/S/jenkins/workspace/ecg-mayausd-branch-preflight-2020-linux/build/RelWithDebInfo/plugin/pxr/__init__.py ...
    ========== AL USD Plugin ==========
    CMake Deprecation Warning at plugin/al/CMakeLists.txt:7 (cmake_policy):
      The OLD behavior for policy CMP0026 will be removed from a future version
      of CMake.
    
      The cmake-policies(7) manual explains that the OLD behaviors of all
      policies are deprecated and that a policy should be set to OLD only under
      specific short-term circumstances.  Projects should be ported to the NEW
      behavior and not rely on setting a policy to OLD.
    
    
    -- Boost version: 1.61.0
    -- Boost version: 1.61.0
    -- Found the following Boost libraries:
    --   python
    -- Found GTest: /home/S/jenkins/workspace/ecg-mayausd-branch-preflight-2020-linux/build/RelWithDebInfo/googletest-install/lib64/libgtest.so
    Compiling /home/S/jenkins/workspace/ecg-mayausd-branch-preflight-2020-linux/build/RelWithDebInfo/plugin/al/lib/AL_USDMaya/lib/python/AL/usdmaya/__init__.py ...
    -- Building AL_USDMayaSchemas
    Processing schema classes:
    ALModelAPI, ALFrameRange
    Loading Templates from /local/S/jenkins/workspace/shared/Artifactory/Linux/USD/1628f86/lib/usd/usd/resources/codegenTemplates
    Writing API:
    	    wrote /home/S/jenkins/workspace/ecg-mayausd-branch-preflight-2020-linux/build/RelWithDebInfo/plugin/al/schemas/AL/usd/schemas/maya/api.h
    Writing Schema Tokens:
    	    wrote /home/S/jenkins/workspace/ecg-mayausd-branch-preflight-2020-linux/build/RelWithDebInfo/plugin/al/schemas/AL/usd/schemas/maya/tokens.h
    	    wrote /home/S/jenkins/workspace/ecg-mayausd-branch-preflight-2020-linux/build/RelWithDebInfo/plugin/al/schemas/AL/usd/schemas/maya/tokens.cpp
    	    wrote /home/S/jenkins/workspace/ecg-mayausd-branch-preflight-2020-linux/build/RelWithDebInfo/plugin/al/schemas/AL/usd/schemas/maya/wrapTokens.cpp
    Generating Classes:
    	    wrote /home/S/jenkins/workspace/ecg-mayausd-branch-preflight-2020-linux/build/RelWithDebInfo/plugin/al/schemas/AL/usd/schemas/maya/ModelAPI.h
    	    wrote /home/S/jenkins/workspace/ecg-mayausd-branch-preflight-2020-linux/build/RelWithDebInfo/plugin/al/schemas/AL/usd/schemas/maya/ModelAPI.cpp
    	    wrote /home/S/jenkins/workspace/ecg-mayausd-branch-preflight-2020-linux/build/RelWithDebInfo/plugin/al/schemas/AL/usd/schemas/maya/wrapModelAPI.cpp
    	    wrote /home/S/jenkins/workspace/ecg-mayausd-branch-preflight-2020-linux/build/RelWithDebInfo/plugin/al/schemas/AL/usd/schemas/maya/FrameRange.h
    	    wrote /home/S/jenkins/workspace/ecg-mayausd-branch-preflight-2020-linux/build/RelWithDebInfo/plugin/al/schemas/AL/usd/schemas/maya/FrameRange.cpp
    	    wrote /home/S/jenkins/workspace/ecg-mayausd-branch-preflight-2020-linux/build/RelWithDebInfo/plugin/al/schemas/AL/usd/schemas/maya/wrapFrameRange.cpp
    	    wrote /home/S/jenkins/workspace/ecg-mayausd-branch-preflight-2020-linux/build/RelWithDebInfo/plugin/al/schemas/AL/usd/schemas/maya/plugInfo.json
    Generating Schematics:
    	    wrote /home/S/jenkins/workspace/ecg-mayausd-branch-preflight-2020-linux/build/RelWithDebInfo/plugin/al/schemas/AL/usd/schemas/maya/generatedSchema.usda
    Compiling /home/S/jenkins/workspace/ecg-mayausd-branch-preflight-2020-linux/build/RelWithDebInfo/AL/usd/schemas/maya/__init__.py ...
    Compiling /home/S/jenkins/workspace/ecg-mayausd-branch-preflight-2020-linux/build/RelWithDebInfo/AL/__init__.py ...
    Compiling /home/S/jenkins/workspace/ecg-mayausd-branch-preflight-2020-linux/build/RelWithDebInfo/AL/usd/__init__.py ...
    Compiling /home/S/jenkins/workspace/ecg-mayausd-branch-preflight-2020-linux/build/RelWithDebInfo/AL/usd/schemas/__init__.py ...
    Processing schema classes:
    ALExamplePolyCubeNode
    Loading Templates from /local/S/jenkins/workspace/shared/Artifactory/Linux/USD/1628f86/lib/usd/usd/resources/codegenTemplates
    Writing API:
    	    wrote /home/S/jenkins/workspace/ecg-mayausd-branch-preflight-2020-linux/build/RelWithDebInfo/plugin/al/schemas/AL/usd/schemas/mayatest/api.h
    Writing Schema Tokens:
    	    wrote /home/S/jenkins/workspace/ecg-mayausd-branch-preflight-2020-linux/build/RelWithDebInfo/plugin/al/schemas/AL/usd/schemas/mayatest/tokens.h
    	    wrote /home/S/jenkins/workspace/ecg-mayausd-branch-preflight-2020-linux/build/RelWithDebInfo/plugin/al/schemas/AL/usd/schemas/mayatest/tokens.cpp
    	    wrote /home/S/jenkins/workspace/ecg-mayausd-branch-preflight-2020-linux/build/RelWithDebInfo/plugin/al/schemas/AL/usd/schemas/mayatest/wrapTokens.cpp
    Generating Classes:
    	    wrote /home/S/jenkins/workspace/ecg-mayausd-branch-preflight-2020-linux/build/RelWithDebInfo/plugin/al/schemas/AL/usd/schemas/mayatest/ExamplePolyCubeNode.h
    	    wrote /home/S/jenkins/workspace/ecg-mayausd-branch-preflight-2020-linux/build/RelWithDebInfo/plugin/al/schemas/AL/usd/schemas/mayatest/ExamplePolyCubeNode.cpp
    	    wrote /home/S/jenkins/workspace/ecg-mayausd-branch-preflight-2020-linux/build/RelWithDebInfo/plugin/al/schemas/AL/usd/schemas/mayatest/wrapExamplePolyCubeNode.cpp
    	unchanged /home/S/jenkins/workspace/ecg-mayausd-branch-preflight-2020-linux/build/RelWithDebInfo/plugin/al/schemas/AL/usd/schemas/mayatest/plugInfo.json
    Generating Schematics:
    	    wrote /home/S/jenkins/workspace/ecg-mayausd-branch-preflight-2020-linux/build/RelWithDebInfo/plugin/al/schemas/AL/usd/schemas/mayatest/generatedSchema.usda
    Compiling /home/S/jenkins/workspace/ecg-mayausd-branch-preflight-2020-linux/build/RelWithDebInfo/AL/usd/schemas/mayatest/__init__.py ...
    Compiling /home/S/jenkins/workspace/ecg-mayausd-branch-preflight-2020-linux/build/RelWithDebInfo/AL/__init__.py ...
    Compiling /home/S/jenkins/workspace/ecg-mayausd-branch-preflight-2020-linux/build/RelWithDebInfo/AL/usd/__init__.py ...
    Compiling /home/S/jenkins/workspace/ecg-mayausd-branch-preflight-2020-linux/build/RelWithDebInfo/AL/usd/schemas/__init__.py ...
    -- Building AL_USDMayaTranslators
    ========== ADSK USD Plugin ==========
    -- Configuring done
    CMake Warning at test/lib/usd/plugin/CMakeLists.txt:18 (add_library):
      Cannot generate a safe linker search path for target usdTestMayaPlugin
      because there is a cycle in the constraint graph:
    
        dir 0 is [/local/S/jenkins/workspace/shared/Artifactory/Linux/rundev-2020/202004291615/runtime/91f4300/runTime/lib]
          dir 1 must precede it due to link library [libtbb.so]
        dir 1 is [/local/S/jenkins/workspace/shared/Artifactory/Linux/USD/1628f86/lib]
          dir 0 must precede it due to link library [libtbb.so]
    
      Some of these libraries may not be found correctly.
    
    
    CMake Warning at test/lib/usd/plugin/CMakeLists.txt:18 (add_library):
      Cannot generate a safe runtime search path for target usdTestMayaPlugin
      because there is a cycle in the constraint graph:
    
        dir 0 is [/home/S/jenkins/workspace/ecg-mayausd-branch-preflight-2020-linux/build/RelWithDebInfo/lib/mayaUsd]
        dir 1 is [/local/S/jenkins/workspace/shared/Artifactory/Linux/USD/1628f86/lib]
          dir 4 must precede it due to runtime library [libtbb.so]
        dir 2 is [/local/S/jenkins/workspace/shared/Artifactory/Linux/USD/1628f86/lib64]
        dir 3 is [/local/S/jenkins/workspace/shared/Artifactory/Linux/rundev-2020/202004291615/runtime/91f4300/devkitBase/devkit/ufe/lib]
        dir 4 is [/local/S/jenkins/workspace/shared/Artifactory/Linux/rundev-2020/202004291615/runtime/91f4300/runTime/lib]
          dir 1 must precede it due to runtime library [libtbb.so]
          dir 3 must precede it due to runtime library [libufe_1.so]
        dir 5 is [/home/S/jenkins/workspace/ecg-mayausd-branch-preflight-2020-linux/build/RelWithDebInfo/lib/usd/utils]
    
      Some of these libraries may not be found correctly.
    
    
    CMake Warning at test/lib/usd/plugin/CMakeLists.txt:74 (add_library):
      Cannot generate a safe linker search path for target usdTestUsdPlugin
      because there is a cycle in the constraint graph:
    
        dir 0 is [/local/S/jenkins/workspace/shared/Artifactory/Linux/rundev-2020/202004291615/runtime/91f4300/runTime/lib]
          dir 1 must precede it due to link library [libtbb.so]
        dir 1 is [/local/S/jenkins/workspace/shared/Artifactory/Linux/USD/1628f86/lib]
          dir 0 must precede it due to link library [libtbb.so]
    
      Some of these libraries may not be found correctly.
    
    
    CMake Warning at test/lib/usd/plugin/CMakeLists.txt:74 (add_library):
      Cannot generate a safe runtime search path for target usdTestUsdPlugin
      because there is a cycle in the constraint graph:
    
        dir 0 is [/home/S/jenkins/workspace/ecg-mayausd-branch-preflight-2020-linux/build/RelWithDebInfo/lib/mayaUsd]
        dir 1 is [/local/S/jenkins/workspace/shared/Artifactory/Linux/USD/1628f86/lib]
          dir 4 must precede it due to runtime library [libtbb.so]
        dir 2 is [/local/S/jenkins/workspace/shared/Artifactory/Linux/USD/1628f86/lib64]
        dir 3 is [/local/S/jenkins/workspace/shared/Artifactory/Linux/rundev-2020/202004291615/runtime/91f4300/devkitBase/devkit/ufe/lib]
        dir 4 is [/local/S/jenkins/workspace/shared/Artifactory/Linux/rundev-2020/202004291615/runtime/91f4300/runTime/lib]
          dir 1 must precede it due to runtime library [libtbb.so]
          dir 3 must precede it due to runtime library [libufe_1.so]
        dir 5 is [/home/S/jenkins/workspace/ecg-mayausd-branch-preflight-2020-linux/build/RelWithDebInfo/lib/usd/utils]
    
      Some of these libraries may not be found correctly.
    
    
    CMake Warning at test/lib/usd/plugin/CMakeLists.txt:139 (add_library):
      Cannot generate a safe linker search path for target
      usdTestInfoImportChaser because there is a cycle in the constraint graph:
    
        dir 0 is [/local/S/jenkins/workspace/shared/Artifactory/Linux/rundev-2020/202004291615/runtime/91f4300/runTime/lib]
          dir 1 must precede it due to link library [libtbb.so]
        dir 1 is [/local/S/jenkins/workspace/shared/Artifactory/Linux/USD/1628f86/lib]
          dir 0 must precede it due to link library [libtbb.so]
    
      Some of these libraries may not be found correctly.
    
    
    CMake Warning at test/lib/usd/plugin/CMakeLists.txt:139 (add_library):
      Cannot generate a safe runtime search path for target
      usdTestInfoImportChaser because there is a cycle in the constraint graph:
    
        dir 0 is [/home/S/jenkins/workspace/ecg-mayausd-branch-preflight-2020-linux/build/RelWithDebInfo/lib/mayaUsd]
        dir 1 is [/local/S/jenkins/workspace/shared/Artifactory/Linux/USD/1628f86/lib]
          dir 4 must precede it due to runtime library [libtbb.so]
        dir 2 is [/local/S/jenkins/workspace/shared/Artifactory/Linux/USD/1628f86/lib64]
        dir 3 is [/local/S/jenkins/workspace/shared/Artifactory/Linux/rundev-2020/202004291615/runtime/91f4300/devkitBase/devkit/ufe/lib]
        dir 4 is [/local/S/jenkins/workspace/shared/Artifactory/Linux/rundev-2020/202004291615/runtime/91f4300/runTime/lib]
          dir 1 must precede it due to runtime library [libtbb.so]
          dir 3 must precede it due to runtime library [libufe_1.so]
        dir 5 is [/home/S/jenkins/workspace/ecg-mayausd-branch-preflight-2020-linux/build/RelWithDebInfo/lib/usd/utils]
    
      Some of these libraries may not be found correctly.
    
    
    CMake Warning at lib/mayaUsd/CMakeLists.txt:18 (add_library):
      Cannot generate a safe linker search path for target mayaUsd because there
      is a cycle in the constraint graph:
    
        dir 0 is [/local/S/jenkins/workspace/shared/Artifactory/Linux/rundev-2020/202004291615/runtime/91f4300/runTime/lib]
          dir 1 must precede it due to link library [libtbb.so]
        dir 1 is [/local/S/jenkins/workspace/shared/Artifactory/Linux/USD/1628f86/lib]
          dir 0 must precede it due to link library [libtbb.so]
    
      Some of these libraries may not be found correctly.
    
    
    CMake Warning at lib/mayaUsd/CMakeLists.txt:18 (add_library):
      Cannot generate a safe runtime search path for target mayaUsd because there
      is a cycle in the constraint graph:
    
        dir 0 is [/local/S/jenkins/workspace/shared/Artifactory/Linux/USD/1628f86/lib]
          dir 2 must precede it due to runtime library [libtbb.so]
        dir 1 is [/local/S/jenkins/workspace/shared/Artifactory/Linux/rundev-2020/202004291615/runtime/91f4300/devkitBase/devkit/ufe/lib]
        dir 2 is [/local/S/jenkins/workspace/shared/Artifactory/Linux/rundev-2020/202004291615/runtime/91f4300/runTime/lib]
          dir 0 must precede it due to runtime library [libtbb.so]
          dir 1 must precede it due to runtime library [libufe_1.so]
        dir 3 is [/home/S/jenkins/workspace/ecg-mayausd-branch-preflight-2020-linux/build/RelWithDebInfo/lib/usd/utils]
        dir 4 is [/local/S/jenkins/workspace/shared/Artifactory/Linux/USD/1628f86/lib64]
    
      Some of these libraries may not be found correctly.
    
    
    CMake Warning at lib/mayaUsd/python/CMakeLists.txt:20 (add_library):
      Cannot generate a safe linker search path for target _mayaUsd because there
      is a cycle in the constraint graph:
    
        dir 0 is [/local/S/jenkins/workspace/shared/Artifactory/Linux/rundev-2020/202004291615/runtime/91f4300/runTime/lib]
          dir 1 must precede it due to link library [libtbb.so]
        dir 1 is [/local/S/jenkins/workspace/shared/Artifactory/Linux/USD/1628f86/lib]
          dir 0 must precede it due to link library [libtbb.so]
    
      Some of these libraries may not be found correctly.
    
    
    CMake Warning at lib/mayaUsd/python/CMakeLists.txt:20 (add_library):
      Cannot generate a safe runtime search path for target _mayaUsd because
      there is a cycle in the constraint graph:
    
        dir 0 is [/home/S/jenkins/workspace/ecg-mayausd-branch-preflight-2020-linux/build/RelWithDebInfo/lib/mayaUsd]
        dir 1 is [/local/S/jenkins/workspace/shared/Artifactory/Linux/USD/1628f86/lib]
          dir 4 must precede it due to runtime library [libtbb.so]
        dir 2 is [/local/S/jenkins/workspace/shared/Artifactory/Linux/USD/1628f86/lib64]
        dir 3 is [/local/S/jenkins/workspace/shared/Artifactory/Linux/rundev-2020/202004291615/runtime/91f4300/devkitBase/devkit/ufe/lib]
        dir 4 is [/local/S/jenkins/workspace/shared/Artifactory/Linux/rundev-2020/202004291615/runtime/91f4300/runTime/lib]
          dir 1 must precede it due to runtime library [libtbb.so]
          dir 3 must precede it due to runtime library [libufe_1.so]
        dir 5 is [/home/S/jenkins/workspace/ecg-mayausd-branch-preflight-2020-linux/build/RelWithDebInfo/lib/usd/utils]
    
      Some of these libraries may not be found correctly.
    
    
    CMake Warning at lib/mayaUsd/ufe/CMakeLists.txt:161 (add_library):
      Cannot generate a safe linker search path for target _ufe because there is
      a cycle in the constraint graph:
    
        dir 0 is [/local/S/jenkins/workspace/shared/Artifactory/Linux/rundev-2020/202004291615/runtime/91f4300/runTime/lib]
          dir 1 must precede it due to link library [libtbb.so]
        dir 1 is [/local/S/jenkins/workspace/shared/Artifactory/Linux/USD/1628f86/lib]
          dir 0 must precede it due to link library [libtbb.so]
    
      Some of these libraries may not be found correctly.
    
    
    CMake Warning at lib/mayaUsd/ufe/CMakeLists.txt:161 (add_library):
      Cannot generate a safe runtime search path for target _ufe because there is
      a cycle in the constraint graph:
    
        dir 0 is [/home/S/jenkins/workspace/ecg-mayausd-branch-preflight-2020-linux/build/RelWithDebInfo/lib/mayaUsd]
        dir 1 is [/local/S/jenkins/workspace/shared/Artifactory/Linux/USD/1628f86/lib]
          dir 4 must precede it due to runtime library [libtbb.so]
        dir 2 is [/local/S/jenkins/workspace/shared/Artifactory/Linux/USD/1628f86/lib64]
        dir 3 is [/local/S/jenkins/workspace/shared/Artifactory/Linux/rundev-2020/202004291615/runtime/91f4300/devkitBase/devkit/ufe/lib]
        dir 4 is [/local/S/jenkins/workspace/shared/Artifactory/Linux/rundev-2020/202004291615/runtime/91f4300/runTime/lib]
          dir 1 must precede it due to runtime library [libtbb.so]
          dir 3 must precede it due to runtime library [libufe_1.so]
        dir 5 is [/home/S/jenkins/workspace/ecg-mayausd-branch-preflight-2020-linux/build/RelWithDebInfo/lib/usd/utils]
    
      Some of these libraries may not be found correctly.
    
    
    CMake Warning at lib/mayaUsd/render/mayaToHydra/CMakeLists.txt:3 (add_library):
      Cannot generate a safe linker search path for target mtoh because there is
      a cycle in the constraint graph:
    
        dir 0 is [/local/S/jenkins/workspace/shared/Artifactory/Linux/rundev-2020/202004291615/runtime/91f4300/runTime/lib]
          dir 1 must precede it due to link library [libtbb.so]
        dir 1 is [/local/S/jenkins/workspace/shared/Artifactory/Linux/USD/1628f86/lib]
          dir 0 must precede it due to link library [libtbb.so]
    
      Some of these libraries may not be found correctly.
    
    
    CMake Warning at lib/mayaUsd/render/mayaToHydra/CMakeLists.txt:3 (add_library):
      Cannot generate a safe runtime search path for target mtoh because there is
      a cycle in the constraint graph:
    
        dir 0 is [/home/S/jenkins/workspace/ecg-mayausd-branch-preflight-2020-linux/build/RelWithDebInfo/lib/usd/hdMaya]
        dir 1 is [/home/S/jenkins/workspace/ecg-mayausd-branch-preflight-2020-linux/build/RelWithDebInfo/lib/mayaUsd]
        dir 2 is [/local/S/jenkins/workspace/shared/Artifactory/Linux/USD/1628f86/lib]
          dir 5 must precede it due to runtime library [libtbb.so]
        dir 3 is [/local/S/jenkins/workspace/shared/Artifactory/Linux/USD/1628f86/lib64]
        dir 4 is [/local/S/jenkins/workspace/shared/Artifactory/Linux/rundev-2020/202004291615/runtime/91f4300/devkitBase/devkit/ufe/lib]
        dir 5 is [/local/S/jenkins/workspace/shared/Artifactory/Linux/rundev-2020/202004291615/runtime/91f4300/runTime/lib]
          dir 2 must precede it due to runtime library [libtbb.so]
          dir 4 must precede it due to runtime library [libufe_1.so]
        dir 6 is [/home/S/jenkins/workspace/ecg-mayausd-branch-preflight-2020-linux/build/RelWithDebInfo/lib/usd/utils]
    
      Some of these libraries may not be found correctly.
    
    
    CMake Warning at lib/usd/hdMaya/CMakeLists.txt:3 (add_library):
      Cannot generate a safe linker search path for target hdMaya because there
      is a cycle in the constraint graph:
    
        dir 0 is [/local/S/jenkins/workspace/shared/Artifactory/Linux/rundev-2020/202004291615/runtime/91f4300/runTime/lib]
          dir 1 must precede it due to link library [libtbb.so]
        dir 1 is [/local/S/jenkins/workspace/shared/Artifactory/Linux/USD/1628f86/lib]
          dir 0 must precede it due to link library [libtbb.so]
    
      Some of these libraries may not be found correctly.
    
    
    CMake Warning at lib/usd/hdMaya/CMakeLists.txt:3 (add_library):
      Cannot generate a safe runtime search path for target hdMaya because there
      is a cycle in the constraint graph:
    
        dir 0 is [/home/S/jenkins/workspace/ecg-mayausd-branch-preflight-2020-linux/build/RelWithDebInfo/lib/mayaUsd]
        dir 1 is [/local/S/jenkins/workspace/shared/Artifactory/Linux/USD/1628f86/lib]
          dir 4 must precede it due to runtime library [libtbb.so]
        dir 2 is [/local/S/jenkins/workspace/shared/Artifactory/Linux/USD/1628f86/lib64]
        dir 3 is [/local/S/jenkins/workspace/shared/Artifactory/Linux/rundev-2020/202004291615/runtime/91f4300/devkitBase/devkit/ufe/lib]
        dir 4 is [/local/S/jenkins/workspace/shared/Artifactory/Linux/rundev-2020/202004291615/runtime/91f4300/runTime/lib]
          dir 1 must precede it due to runtime library [libtbb.so]
          dir 3 must precede it due to runtime library [libufe_1.so]
        dir 5 is [/home/S/jenkins/workspace/ecg-mayausd-branch-preflight-2020-linux/build/RelWithDebInfo/lib/usd/utils]
    
      Some of these libraries may not be found correctly.
    
    
    CMake Warning at lib/usd/pxrUsdPreviewSurface/CMakeLists.txt:26 (add_library):
      Cannot generate a safe linker search path for target
      basePxrUsdPreviewSurface because there is a cycle in the constraint graph:
    
        dir 0 is [/local/S/jenkins/workspace/shared/Artifactory/Linux/rundev-2020/202004291615/runtime/91f4300/runTime/lib]
          dir 1 must precede it due to link library [libtbb.so]
        dir 1 is [/local/S/jenkins/workspace/shared/Artifactory/Linux/USD/1628f86/lib]
          dir 0 must precede it due to link library [libtbb.so]
    
      Some of these libraries may not be found correctly.
    
    
    CMake Warning at lib/usd/pxrUsdPreviewSurface/CMakeLists.txt:26 (add_library):
      Cannot generate a safe runtime search path for target
      basePxrUsdPreviewSurface because there is a cycle in the constraint graph:
    
        dir 0 is [/local/S/jenkins/workspace/shared/Artifactory/Linux/rundev-2020/202004291615/runtime/91f4300/runTime/lib]
          dir 2 must precede it due to runtime library [libtbb.so]
          dir 4 must precede it due to runtime library [libufe_1.so]
        dir 1 is [/home/S/jenkins/workspace/ecg-mayausd-branch-preflight-2020-linux/build/RelWithDebInfo/lib/mayaUsd]
        dir 2 is [/local/S/jenkins/workspace/shared/Artifactory/Linux/USD/1628f86/lib]
          dir 0 must precede it due to runtime library [libtbb.so]
        dir 3 is [/local/S/jenkins/workspace/shared/Artifactory/Linux/USD/1628f86/lib64]
        dir 4 is [/local/S/jenkins/workspace/shared/Artifactory/Linux/rundev-2020/202004291615/runtime/91f4300/devkitBase/devkit/ufe/lib]
        dir 5 is [/home/S/jenkins/workspace/ecg-mayausd-branch-preflight-2020-linux/build/RelWithDebInfo/lib/usd/utils]
    
      Some of these libraries may not be found correctly.
    
    
    CMake Warning at lib/usd/translators/CMakeLists.txt:11 (add_library):
      Cannot generate a safe linker search path for target mayaUsd_Translators
      because there is a cycle in the constraint graph:
    
        dir 0 is [/local/S/jenkins/workspace/shared/Artifactory/Linux/rundev-2020/202004291615/runtime/91f4300/runTime/lib]
          dir 1 must precede it due to link library [libtbb.so]
        dir 1 is [/local/S/jenkins/workspace/shared/Artifactory/Linux/USD/1628f86/lib]
          dir 0 must precede it due to link library [libtbb.so]
    
      Some of these libraries may not be found correctly.
    
    
    CMake Warning at lib/usd/translators/CMakeLists.txt:11 (add_library):
      Cannot generate a safe runtime search path for target mayaUsd_Translators
      because there is a cycle in the constraint graph:
    
        dir 0 is [/local/S/jenkins/workspace/shared/Artifactory/Linux/rundev-2020/202004291615/runtime/91f4300/runTime/lib]
          dir 4 must precede it due to runtime library [libtbb.so]
          dir 6 must precede it due to runtime library [libufe_1.so]
        dir 1 is [/home/S/jenkins/workspace/ecg-mayausd-branch-preflight-2020-linux/build/RelWithDebInfo/lib/usd/schemas]
        dir 2 is [/home/S/jenkins/workspace/ecg-mayausd-branch-preflight-2020-linux/build/RelWithDebInfo/lib/usd/pxrUsdPreviewSurface]
        dir 3 is [/home/S/jenkins/workspace/ecg-mayausd-branch-preflight-2020-linux/build/RelWithDebInfo/lib/mayaUsd]
        dir 4 is [/local/S/jenkins/workspace/shared/Artifactory/Linux/USD/1628f86/lib]
          dir 0 must precede it due to runtime library [libtbb.so]
        dir 5 is [/local/S/jenkins/workspace/shared/Artifactory/Linux/USD/1628f86/lib64]
        dir 6 is [/local/S/jenkins/workspace/shared/Artifactory/Linux/rundev-2020/202004291615/runtime/91f4300/devkitBase/devkit/ufe/lib]
        dir 7 is [/home/S/jenkins/workspace/ecg-mayausd-branch-preflight-2020-linux/build/RelWithDebInfo/lib/usd/utils]
    
      Some of these libraries may not be found correctly.
    
    
    CMake Warning at lib/usd/ui/CMakeLists.txt:23 (add_library):
      Cannot generate a safe linker search path for target mayaUsdUI because
      there is a cycle in the constraint graph:
    
        dir 0 is [/local/S/jenkins/workspace/shared/Artifactory/Linux/rundev-2020/202004291615/runtime/91f4300/runTime/lib]
          dir 1 must precede it due to link library [libtbb.so]
        dir 1 is [/local/S/jenkins/workspace/shared/Artifactory/Linux/USD/1628f86/lib]
          dir 0 must precede it due to link library [libtbb.so]
    
      Some of these libraries may not be found correctly.
    
    
    CMake Warning at lib/usd/ui/CMakeLists.txt:23 (add_library):
      Cannot generate a safe runtime search path for target mayaUsdUI because
      there is a cycle in the constraint graph:
    
        dir 0 is [/home/S/jenkins/workspace/ecg-mayausd-branch-preflight-2020-linux/build/RelWithDebInfo/lib/mayaUsd]
        dir 1 is [/local/S/jenkins/workspace/shared/Artifactory/Linux/qt/5.12.5/84f551b/lib]
        dir 2 is [/local/S/jenkins/workspace/shared/Artifactory/Linux/USD/1628f86/lib]
          dir 5 must precede it due to runtime library [libtbb.so]
        dir 3 is [/local/S/jenkins/workspace/shared/Artifactory/Linux/USD/1628f86/lib64]
        dir 4 is [/local/S/jenkins/workspace/shared/Artifactory/Linux/rundev-2020/202004291615/runtime/91f4300/devkitBase/devkit/ufe/lib]
        dir 5 is [/local/S/jenkins/workspace/shared/Artifactory/Linux/rundev-2020/202004291615/runtime/91f4300/runTime/lib]
          dir 1 must precede it due to runtime library [libQt5Widgets.so.5]
          dir 2 must precede it due to runtime library [libtbb.so]
          dir 4 must precede it due to runtime library [libufe_1.so]
        dir 6 is [/home/S/jenkins/workspace/ecg-mayausd-branch-preflight-2020-linux/build/RelWithDebInfo/lib/usd/utils]
    
      Some of these libraries may not be found correctly.
    
    
    CMake Warning at lib/usd/ui/importDialogDemo/CMakeLists.txt:18 (add_executable):
      Cannot generate a safe linker search path for target testMayaUsdUI because
      there is a cycle in the constraint graph:
    
        dir 0 is [/local/S/jenkins/workspace/shared/Artifactory/Linux/rundev-2020/202004291615/runtime/91f4300/runTime/lib]
          dir 1 must precede it due to link library [libtbb.so]
        dir 1 is [/local/S/jenkins/workspace/shared/Artifactory/Linux/USD/1628f86/lib]
          dir 0 must precede it due to link library [libtbb.so]
    
      Some of these libraries may not be found correctly.
    
    
    CMake Warning at lib/usd/ui/importDialogDemo/CMakeLists.txt:18 (add_executable):
      Cannot generate a safe runtime search path for target testMayaUsdUI because
      there is a cycle in the constraint graph:
    
        dir 0 is [/home/S/jenkins/workspace/ecg-mayausd-branch-preflight-2020-linux/build/RelWithDebInfo/lib/usd/ui]
        dir 1 is [/local/S/jenkins/workspace/shared/Artifactory/Linux/qt/5.12.5/84f551b/lib]
        dir 2 is [/home/S/jenkins/workspace/ecg-mayausd-branch-preflight-2020-linux/build/RelWithDebInfo/lib/mayaUsd]
        dir 3 is [/local/S/jenkins/workspace/shared/Artifactory/Linux/USD/1628f86/lib]
          dir 6 must precede it due to runtime library [libtbb.so]
        dir 4 is [/local/S/jenkins/workspace/shared/Artifactory/Linux/USD/1628f86/lib64]
        dir 5 is [/local/S/jenkins/workspace/shared/Artifactory/Linux/rundev-2020/202004291615/runtime/91f4300/devkitBase/devkit/ufe/lib]
        dir 6 is [/local/S/jenkins/workspace/shared/Artifactory/Linux/rundev-2020/202004291615/runtime/91f4300/runTime/lib]
          dir 1 must precede it due to runtime library [libQt5Widgets.so.5]
          dir 3 must precede it due to runtime library [libtbb.so]
          dir 5 must precede it due to runtime library [libufe_1.so]
        dir 7 is [/home/S/jenkins/workspace/ecg-mayausd-branch-preflight-2020-linux/build/RelWithDebInfo/lib/usd/utils]
    
      Some of these libraries may not be found correctly.
    
    
    CMake Warning at plugin/pxr/cmake/macros/Private.cmake:1060 (add_library):
      Cannot generate a safe linker search path for target usdMaya because there
      is a cycle in the constraint graph:
    
        dir 0 is [/local/S/jenkins/workspace/shared/Artifactory/Linux/rundev-2020/202004291615/runtime/91f4300/runTime/lib]
          dir 1 must precede it due to link library [libtbb.so]
        dir 1 is [/local/S/jenkins/workspace/shared/Artifactory/Linux/USD/1628f86/lib]
          dir 0 must precede it due to link library [libtbb.so]
    
      Some of these libraries may not be found correctly.
    Call Stack (most recent call first):
      plugin/pxr/cmake/macros/Public.cmake:131 (_pxr_library)
      plugin/pxr/cmake/macros/Public.cmake:162 (pxr_library)
      plugin/pxr/maya/lib/usdMaya/CMakeLists.txt:3 (pxr_shared_library)
    
    
    CMake Warning at plugin/pxr/cmake/macros/Private.cmake:1060 (add_library):
      Cannot generate a safe runtime search path for target usdMaya because there
      is a cycle in the constraint graph:
    
        dir 0 is [/local/S/jenkins/workspace/shared/Artifactory/Linux/rundev-2020/202004291615/runtime/91f4300/runTime/lib]
          dir 2 must precede it due to runtime library [libtbb.so]
          dir 4 must precede it due to runtime library [libufe_1.so]
        dir 1 is [/home/S/jenkins/workspace/ecg-mayausd-branch-preflight-2020-linux/build/RelWithDebInfo/lib/mayaUsd]
        dir 2 is [/local/S/jenkins/workspace/shared/Artifactory/Linux/USD/1628f86/lib]
          dir 0 must precede it due to runtime library [libtbb.so]
        dir 3 is [/local/S/jenkins/workspace/shared/Artifactory/Linux/USD/1628f86/lib64]
        dir 4 is [/local/S/jenkins/workspace/shared/Artifactory/Linux/rundev-2020/202004291615/runtime/91f4300/devkitBase/devkit/ufe/lib]
        dir 5 is [/home/S/jenkins/workspace/ecg-mayausd-branch-preflight-2020-linux/build/RelWithDebInfo/lib/usd/utils]
    
      Some of these libraries may not be found correctly.
    Call Stack (most recent call first):
      plugin/pxr/cmake/macros/Public.cmake:131 (_pxr_library)
      plugin/pxr/cmake/macros/Public.cmake:162 (pxr_library)
      plugin/pxr/maya/lib/usdMaya/CMakeLists.txt:3 (pxr_shared_library)
    
    
    CMake Warning at plugin/pxr/cmake/macros/Private.cmake:842 (add_library):
      Cannot generate a safe linker search path for target _usdMaya because there
      is a cycle in the constraint graph:
    
        dir 0 is [/local/S/jenkins/workspace/shared/Artifactory/Linux/rundev-2020/202004291615/runtime/91f4300/runTime/lib]
          dir 1 must precede it due to link library [libtbb.so]
        dir 1 is [/local/S/jenkins/workspace/shared/Artifactory/Linux/USD/1628f86/lib]
          dir 0 must precede it due to link library [libtbb.so]
    
      Some of these libraries may not be found correctly.
    Call Stack (most recent call first):
      plugin/pxr/cmake/macros/Public.cmake:148 (_pxr_python_module)
      plugin/pxr/cmake/macros/Public.cmake:162 (pxr_library)
      plugin/pxr/maya/lib/usdMaya/CMakeLists.txt:3 (pxr_shared_library)
    
    
    CMake Warning at plugin/pxr/cmake/macros/Private.cmake:842 (add_library):
      Cannot generate a safe runtime search path for target _usdMaya because
      there is a cycle in the constraint graph:
    
        dir 0 is [/home/S/jenkins/workspace/ecg-mayausd-branch-preflight-2020-linux/build/RelWithDebInfo/plugin/pxr/maya/lib/usdMaya]
        dir 1 is [/home/S/jenkins/workspace/ecg-mayausd-branch-preflight-2020-linux/build/RelWithDebInfo/lib/mayaUsd]
        dir 2 is [/local/S/jenkins/workspace/shared/Artifactory/Linux/USD/1628f86/lib]
          dir 5 must precede it due to runtime library [libtbb.so]
        dir 3 is [/local/S/jenkins/workspace/shared/Artifactory/Linux/USD/1628f86/lib64]
        dir 4 is [/local/S/jenkins/workspace/shared/Artifactory/Linux/rundev-2020/202004291615/runtime/91f4300/devkitBase/devkit/ufe/lib]
        dir 5 is [/local/S/jenkins/workspace/shared/Artifactory/Linux/rundev-2020/202004291615/runtime/91f4300/runTime/lib]
          dir 2 must precede it due to runtime library [libtbb.so]
          dir 4 must precede it due to runtime library [libufe_1.so]
        dir 6 is [/home/S/jenkins/workspace/ecg-mayausd-branch-preflight-2020-linux/build/RelWithDebInfo/lib/usd/utils]
    
      Some of these libraries may not be found correctly.
    Call Stack (most recent call first):
      plugin/pxr/cmake/macros/Public.cmake:148 (_pxr_python_module)
      plugin/pxr/cmake/macros/Public.cmake:162 (pxr_library)
      plugin/pxr/maya/lib/usdMaya/CMakeLists.txt:3 (pxr_shared_library)
    
    
    CMake Warning at plugin/pxr/cmake/macros/Private.cmake:1060 (add_library):
      Cannot generate a safe linker search path for target pxrUsd because there
      is a cycle in the constraint graph:
    
        dir 0 is [/local/S/jenkins/workspace/shared/Artifactory/Linux/rundev-2020/202004291615/runtime/91f4300/runTime/lib]
          dir 1 must precede it due to link library [libtbb.so]
        dir 1 is [/local/S/jenkins/workspace/shared/Artifactory/Linux/USD/1628f86/lib]
          dir 0 must precede it due to link library [libtbb.so]
    
      Some of these libraries may not be found correctly.
    Call Stack (most recent call first):
      plugin/pxr/cmake/macros/Public.cmake:131 (_pxr_library)
      plugin/pxr/cmake/macros/Public.cmake:166 (pxr_library)
      plugin/pxr/maya/plugin/pxrUsd/CMakeLists.txt:3 (pxr_plugin)
    
    
    CMake Warning at plugin/pxr/cmake/macros/Private.cmake:1060 (add_library):
      Cannot generate a safe runtime search path for target pxrUsd because there
      is a cycle in the constraint graph:
    
        dir 0 is [/home/S/jenkins/workspace/ecg-mayausd-branch-preflight-2020-linux/build/RelWithDebInfo/plugin/pxr/maya/lib/usdMaya]
        dir 1 is [/local/S/jenkins/workspace/shared/Artifactory/Linux/rundev-2020/202004291615/runtime/91f4300/runTime/lib]
          dir 2 must precede it due to runtime library [libufe_1.so]
          dir 4 must precede it due to runtime library [libtbb.so]
        dir 2 is [/local/S/jenkins/workspace/shared/Artifactory/Linux/rundev-2020/202004291615/runtime/91f4300/devkitBase/devkit/ufe/lib]
        dir 3 is [/home/S/jenkins/workspace/ecg-mayausd-branch-preflight-2020-linux/build/RelWithDebInfo/lib/mayaUsd]
        dir 4 is [/local/S/jenkins/workspace/shared/Artifactory/Linux/USD/1628f86/lib]
          dir 1 must precede it due to runtime library [libtbb.so]
        dir 5 is [/local/S/jenkins/workspace/shared/Artifactory/Linux/USD/1628f86/lib64]
        dir 6 is [/home/S/jenkins/workspace/ecg-mayausd-branch-preflight-2020-linux/build/RelWithDebInfo/lib/usd/utils]
    
      Some of these libraries may not be found correctly.
    Call Stack (most recent call first):
      plugin/pxr/cmake/macros/Public.cmake:131 (_pxr_library)
      plugin/pxr/cmake/macros/Public.cmake:166 (pxr_library)
      plugin/pxr/maya/plugin/pxrUsd/CMakeLists.txt:3 (pxr_plugin)
    
    
    CMake Warning at plugin/pxr/cmake/macros/Private.cmake:1060 (add_library):
      Cannot generate a safe linker search path for target pxrUsdPreviewSurface
      because there is a cycle in the constraint graph:
    
        dir 0 is [/local/S/jenkins/workspace/shared/Artifactory/Linux/rundev-2020/202004291615/runtime/91f4300/runTime/lib]
          dir 1 must precede it due to link library [libtbb.so]
        dir 1 is [/local/S/jenkins/workspace/shared/Artifactory/Linux/USD/1628f86/lib]
          dir 0 must precede it due to link library [libtbb.so]
    
      Some of these libraries may not be found correctly.
    Call Stack (most recent call first):
      plugin/pxr/cmake/macros/Public.cmake:131 (_pxr_library)
      plugin/pxr/cmake/macros/Public.cmake:166 (pxr_library)
      plugin/pxr/maya/plugin/pxrUsdPreviewSurface/CMakeLists.txt:3 (pxr_plugin)
    
    
    CMake Warning at plugin/pxr/cmake/macros/Private.cmake:1060 (add_library):
      Cannot generate a safe runtime search path for target pxrUsdPreviewSurface
      because there is a cycle in the constraint graph:
    
        dir 0 is [/home/S/jenkins/workspace/ecg-mayausd-branch-preflight-2020-linux/build/RelWithDebInfo/lib/usd/pxrUsdPreviewSurface]
        dir 1 is [/home/S/jenkins/workspace/ecg-mayausd-branch-preflight-2020-linux/build/RelWithDebInfo/lib/mayaUsd]
        dir 2 is [/local/S/jenkins/workspace/shared/Artifactory/Linux/rundev-2020/202004291615/runtime/91f4300/runTime/lib]
          dir 3 must precede it due to runtime library [libtbb.so]
          dir 5 must precede it due to runtime library [libufe_1.so]
        dir 3 is [/local/S/jenkins/workspace/shared/Artifactory/Linux/USD/1628f86/lib]
          dir 2 must precede it due to runtime library [libtbb.so]
        dir 4 is [/local/S/jenkins/workspace/shared/Artifactory/Linux/USD/1628f86/lib64]
        dir 5 is [/local/S/jenkins/workspace/shared/Artifactory/Linux/rundev-2020/202004291615/runtime/91f4300/devkitBase/devkit/ufe/lib]
        dir 6 is [/home/S/jenkins/workspace/ecg-mayausd-branch-preflight-2020-linux/build/RelWithDebInfo/lib/usd/utils]
    
      Some of these libraries may not be found correctly.
    Call Stack (most recent call first):
      plugin/pxr/cmake/macros/Public.cmake:131 (_pxr_library)
      plugin/pxr/cmake/macros/Public.cmake:166 (pxr_library)
      plugin/pxr/maya/plugin/pxrUsdPreviewSurface/CMakeLists.txt:3 (pxr_plugin)
    
    
    CMake Warning at plugin/al/mayatest/AL/maya/test/CMakeLists.txt:13 (add_library):
      Cannot generate a safe linker search path for target AL_MayaTest because
      there is a cycle in the constraint graph:
    
        dir 0 is [/local/S/jenkins/workspace/shared/Artifactory/Linux/rundev-2020/202004291615/runtime/91f4300/runTime/lib]
          dir 1 must precede it due to link library [libtbb.so]
        dir 1 is [/local/S/jenkins/workspace/shared/Artifactory/Linux/USD/1628f86/lib]
          dir 0 must precede it due to link library [libtbb.so]
    
      Some of these libraries may not be found correctly.
    
    
    CMake Warning at plugin/al/mayatest/AL/maya/test/CMakeLists.txt:13 (add_library):
      Cannot generate a safe runtime search path for target AL_MayaTest because
      there is a cycle in the constraint graph:
    
        dir 0 is [/home/S/jenkins/workspace/ecg-mayausd-branch-preflight-2020-linux/build/RelWithDebInfo/googletest-install/lib64]
        dir 1 is [/local/S/jenkins/workspace/shared/Artifactory/Linux/rundev-2020/202004291615/runtime/91f4300/runTime/lib]
          dir 2 must precede it due to runtime library [libtbb.so]
        dir 2 is [/local/S/jenkins/workspace/shared/Artifactory/Linux/USD/1628f86/lib]
          dir 1 must precede it due to runtime library [libtbb.so]
    
      Some of these libraries may not be found correctly.
    
    
    CMake Warning at plugin/al/mayautils/AL/maya/tests/mayaplugintest/CMakeLists.txt:5 (add_library):
      Cannot generate a safe linker search path for target AL_MayaUtilsTests
      because there is a cycle in the constraint graph:
    
        dir 0 is [/local/S/jenkins/workspace/shared/Artifactory/Linux/rundev-2020/202004291615/runtime/91f4300/runTime/lib]
          dir 1 must precede it due to link library [libtbb.so]
        dir 1 is [/local/S/jenkins/workspace/shared/Artifactory/Linux/USD/1628f86/lib]
          dir 0 must precede it due to link library [libtbb.so]
    
      Some of these libraries may not be found correctly.
    
    
    CMake Warning at plugin/al/mayautils/AL/maya/tests/mayaplugintest/CMakeLists.txt:5 (add_library):
      Cannot generate a safe runtime search path for target AL_MayaUtilsTests
      because there is a cycle in the constraint graph:
    
        dir 0 is [/home/S/jenkins/workspace/ecg-mayausd-branch-preflight-2020-linux/build/RelWithDebInfo/googletest-install/lib64]
        dir 1 is [/home/S/jenkins/workspace/ecg-mayausd-branch-preflight-2020-linux/build/RelWithDebInfo/plugin/al/mayatest/AL/maya/test]
        dir 2 is [/home/S/jenkins/workspace/ecg-mayausd-branch-preflight-2020-linux/build/RelWithDebInfo/plugin/al/mayautils/AL/maya]
        dir 3 is [/local/S/jenkins/workspace/shared/Artifactory/Linux/rundev-2020/202004291615/runtime/91f4300/runTime/lib]
          dir 6 must precede it due to runtime library [libtbb.so]
        dir 4 is [/home/S/jenkins/workspace/ecg-mayausd-branch-preflight-2020-linux/build/RelWithDebInfo/plugin/al/utils/AL]
        dir 5 is [/home/S/jenkins/workspace/ecg-mayausd-branch-preflight-2020-linux/build/RelWithDebInfo/lib/usd/utils]
        dir 6 is [/local/S/jenkins/workspace/shared/Artifactory/Linux/USD/1628f86/lib]
          dir 3 must precede it due to runtime library [libtbb.so]
    
      Some of these libraries may not be found correctly.
    
    
    CMake Warning at plugin/al/lib/AL_USDMaya/CMakeLists.txt:242 (add_library):
      Cannot generate a safe linker search path for target _AL_USDMaya because
      there is a cycle in the constraint graph:
    
        dir 0 is [/local/S/jenkins/workspace/shared/Artifactory/Linux/USD/1628f86/lib]
          dir 1 must precede it due to link library [libtbb.so]
        dir 1 is [/local/S/jenkins/workspace/shared/Artifactory/Linux/rundev-2020/202004291615/runtime/91f4300/runTime/lib]
          dir 0 must precede it due to link library [libtbb.so]
    
      Some of these libraries may not be found correctly.
    
    
    CMake Warning at plugin/al/lib/AL_USDMaya/CMakeLists.txt:242 (add_library):
      Cannot generate a safe runtime search path for target _AL_USDMaya because
      there is a cycle in the constraint graph:
    
        dir 0 is [/home/S/jenkins/workspace/ecg-mayausd-branch-preflight-2020-linux/build/RelWithDebInfo/plugin/al/lib/AL_USDMaya]
        dir 1 is [/home/S/jenkins/workspace/ecg-mayausd-branch-preflight-2020-linux/build/RelWithDebInfo/plugin/al/usdmayautils/AL/usdmaya/utils]
        dir 2 is [/home/S/jenkins/workspace/ecg-mayausd-branch-preflight-2020-linux/build/RelWithDebInfo/plugin/al/mayautils/AL/maya]
        dir 3 is [/home/S/jenkins/workspace/ecg-mayausd-branch-preflight-2020-linux/build/RelWithDebInfo/plugin/al/utils/AL]
        dir 4 is [/home/S/jenkins/workspace/ecg-mayausd-branch-preflight-2020-linux/build/RelWithDebInfo/plugin/al/usdtransaction/AL/usd/transaction]
        dir 5 is [/home/S/jenkins/workspace/ecg-mayausd-branch-preflight-2020-linux/build/RelWithDebInfo/lib/mayaUsd]
        dir 6 is [/home/S/jenkins/workspace/ecg-mayausd-branch-preflight-2020-linux/build/RelWithDebInfo/lib/usd/utils]
        dir 7 is [/local/S/jenkins/workspace/shared/Artifactory/Linux/USD/1628f86/lib]
          dir 8 must precede it due to runtime library [libtbb.so]
        dir 8 is [/local/S/jenkins/workspace/shared/Artifactory/Linux/rundev-2020/202004291615/runtime/91f4300/runTime/lib]
          dir 7 must precede it due to runtime library [libtbb.so]
          dir 10 must precede it due to runtime library [libufe_1.so]
        dir 9 is [/local/S/jenkins/workspace/shared/Artifactory/Linux/USD/1628f86/lib64]
        dir 10 is [/local/S/jenkins/workspace/shared/Artifactory/Linux/rundev-2020/202004291615/runtime/91f4300/devkitBase/devkit/ufe/lib]
    
      Some of these libraries may not be found correctly.
    
    
    CMake Warning at plugin/al/lib/AL_USDMaya/CMakeLists.txt:154 (add_library):
      Cannot generate a safe linker search path for target AL_USDMaya because
      there is a cycle in the constraint graph:
    
        dir 0 is [/local/S/jenkins/workspace/shared/Artifactory/Linux/USD/1628f86/lib]
          dir 1 must precede it due to link library [libtbb.so]
        dir 1 is [/local/S/jenkins/workspace/shared/Artifactory/Linux/rundev-2020/202004291615/runtime/91f4300/runTime/lib]
          dir 0 must precede it due to link library [libtbb.so]
    
      Some of these libraries may not be found correctly.
    
    
    CMake Warning at plugin/al/lib/AL_USDMaya/CMakeLists.txt:154 (add_library):
      Cannot generate a safe runtime search path for target AL_USDMaya because
      there is a cycle in the constraint graph:
    
        dir 0 is [/home/S/jenkins/workspace/ecg-mayausd-branch-preflight-2020-linux/build/RelWithDebInfo/plugin/al/usdmayautils/AL/usdmaya/utils]
        dir 1 is [/home/S/jenkins/workspace/ecg-mayausd-branch-preflight-2020-linux/build/RelWithDebInfo/plugin/al/mayautils/AL/maya]
        dir 2 is [/home/S/jenkins/workspace/ecg-mayausd-branch-preflight-2020-linux/build/RelWithDebInfo/plugin/al/usdtransaction/AL/usd/transaction]
        dir 3 is [/local/S/jenkins/workspace/shared/Artifactory/Linux/USD/1628f86/lib]
          dir 4 must precede it due to runtime library [libtbb.so]
        dir 4 is [/local/S/jenkins/workspace/shared/Artifactory/Linux/rundev-2020/202004291615/runtime/91f4300/runTime/lib]
          dir 3 must precede it due to runtime library [libtbb.so]
          dir 6 must precede it due to runtime library [libufe_1.so]
        dir 5 is [/home/S/jenkins/workspace/ecg-mayausd-branch-preflight-2020-linux/build/RelWithDebInfo/lib/mayaUsd]
        dir 6 is [/local/S/jenkins/workspace/shared/Artifactory/Linux/rundev-2020/202004291615/runtime/91f4300/devkitBase/devkit/ufe/lib]
        dir 7 is [/home/S/jenkins/workspace/ecg-mayausd-branch-preflight-2020-linux/build/RelWithDebInfo/plugin/al/utils/AL]
        dir 8 is [/home/S/jenkins/workspace/ecg-mayausd-branch-preflight-2020-linux/build/RelWithDebInfo/lib/usd/utils]
        dir 9 is [/local/S/jenkins/workspace/shared/Artifactory/Linux/USD/1628f86/lib64]
    
      Some of these libraries may not be found correctly.
    
    
    CMake Warning at plugin/al/plugin/AL_USDMayaPlugin/CMakeLists.txt:3 (add_library):
      Cannot generate a safe linker search path for target AL_USDMayaPlugin
      because there is a cycle in the constraint graph:
    
        dir 0 is [/local/S/jenkins/workspace/shared/Artifactory/Linux/rundev-2020/202004291615/runtime/91f4300/runTime/lib]
          dir 1 must precede it due to link library [libtbb.so]
        dir 1 is [/local/S/jenkins/workspace/shared/Artifactory/Linux/USD/1628f86/lib]
          dir 0 must precede it due to link library [libtbb.so]
    
      Some of these libraries may not be found correctly.
    
    
    CMake Warning at plugin/al/plugin/AL_USDMayaPlugin/CMakeLists.txt:3 (add_library):
      Cannot generate a safe runtime search path for target AL_USDMayaPlugin
      because there is a cycle in the constraint graph:
    
        dir 0 is [/home/S/jenkins/workspace/ecg-mayausd-branch-preflight-2020-linux/build/RelWithDebInfo/plugin/al/lib/AL_USDMaya]
        dir 1 is [/local/S/jenkins/workspace/shared/Artifactory/Linux/rundev-2020/202004291615/runtime/91f4300/runTime/lib]
          dir 7 must precede it due to runtime library [libtbb.so]
          dir 10 must precede it due to runtime library [libufe_1.so]
        dir 2 is [/home/S/jenkins/workspace/ecg-mayausd-branch-preflight-2020-linux/build/RelWithDebInfo/plugin/al/usdmayautils/AL/usdmaya/utils]
        dir 3 is [/home/S/jenkins/workspace/ecg-mayausd-branch-preflight-2020-linux/build/RelWithDebInfo/plugin/al/mayautils/AL/maya]
        dir 4 is [/home/S/jenkins/workspace/ecg-mayausd-branch-preflight-2020-linux/build/RelWithDebInfo/plugin/al/utils/AL]
        dir 5 is [/home/S/jenkins/workspace/ecg-mayausd-branch-preflight-2020-linux/build/RelWithDebInfo/plugin/al/usdtransaction/AL/usd/transaction]
        dir 6 is [/home/S/jenkins/workspace/ecg-mayausd-branch-preflight-2020-linux/build/RelWithDebInfo/lib/mayaUsd]
        dir 7 is [/local/S/jenkins/workspace/shared/Artifactory/Linux/USD/1628f86/lib]
          dir 1 must precede it due to runtime library [libtbb.so]
        dir 8 is [/home/S/jenkins/workspace/ecg-mayausd-branch-preflight-2020-linux/build/RelWithDebInfo/lib/usd/utils]
        dir 9 is [/local/S/jenkins/workspace/shared/Artifactory/Linux/USD/1628f86/lib64]
        dir 10 is [/local/S/jenkins/workspace/shared/Artifactory/Linux/rundev-2020/202004291615/runtime/91f4300/devkitBase/devkit/ufe/lib]
    
      Some of these libraries may not be found correctly.
    
    
    CMake Warning at plugin/al/plugin/AL_USDMayaTestPlugin/CMakeLists.txt:5 (add_library):
      Cannot generate a safe linker search path for target AL_USDMayaTestPlugin
      because there is a cycle in the constraint graph:
    
        dir 0 is [/local/S/jenkins/workspace/shared/Artifactory/Linux/rundev-2020/202004291615/runtime/91f4300/runTime/lib]
          dir 1 must precede it due to link library [libtbb.so]
        dir 1 is [/local/S/jenkins/workspace/shared/Artifactory/Linux/USD/1628f86/lib]
          dir 0 must precede it due to link library [libtbb.so]
    
      Some of these libraries may not be found correctly.
    
    
    CMake Warning at plugin/al/plugin/AL_USDMayaTestPlugin/CMakeLists.txt:5 (add_library):
      Cannot generate a safe runtime search path for target AL_USDMayaTestPlugin
      because there is a cycle in the constraint graph:
    
        dir 0 is [/home/S/jenkins/workspace/ecg-mayausd-branch-preflight-2020-linux/build/RelWithDebInfo/plugin/al/lib/AL_USDMaya]
        dir 1 is [/home/S/jenkins/workspace/ecg-mayausd-branch-preflight-2020-linux/build/RelWithDebInfo/plugin/al/mayatest/AL/maya/test]
        dir 2 is [/home/S/jenkins/workspace/ecg-mayausd-branch-preflight-2020-linux/build/RelWithDebInfo/plugin/al/schemas/AL/usd/schemas/maya]
        dir 3 is [/home/S/jenkins/workspace/ecg-mayausd-branch-preflight-2020-linux/build/RelWithDebInfo/plugin/al/schemas/AL/usd/schemas/mayatest]
        dir 4 is [/home/S/jenkins/workspace/ecg-mayausd-branch-preflight-2020-linux/build/RelWithDebInfo/googletest-install/lib64]
        dir 5 is [/home/S/jenkins/workspace/ecg-mayausd-branch-preflight-2020-linux/build/RelWithDebInfo/plugin/al/usdmayautils/AL/usdmaya/utils]
        dir 6 is [/home/S/jenkins/workspace/ecg-mayausd-branch-preflight-2020-linux/build/RelWithDebInfo/plugin/al/mayautils/AL/maya]
        dir 7 is [/home/S/jenkins/workspace/ecg-mayausd-branch-preflight-2020-linux/build/RelWithDebInfo/plugin/al/utils/AL]
        dir 8 is [/home/S/jenkins/workspace/ecg-mayausd-branch-preflight-2020-linux/build/RelWithDebInfo/plugin/al/usdtransaction/AL/usd/transaction]
        dir 9 is [/home/S/jenkins/workspace/ecg-mayausd-branch-preflight-2020-linux/build/RelWithDebInfo/lib/mayaUsd]
        dir 10 is [/home/S/jenkins/workspace/ecg-mayausd-branch-preflight-2020-linux/build/RelWithDebInfo/lib/usd/utils]
        dir 11 is [/local/S/jenkins/workspace/shared/Artifactory/Linux/USD/1628f86/lib]
          dir 14 must precede it due to runtime library [libtbb.so]
        dir 12 is [/local/S/jenkins/workspace/shared/Artifactory/Linux/USD/1628f86/lib64]
        dir 13 is [/local/S/jenkins/workspace/shared/Artifactory/Linux/rundev-2020/202004291615/runtime/91f4300/devkitBase/devkit/ufe/lib]
        dir 14 is [/local/S/jenkins/workspace/shared/Artifactory/Linux/rundev-2020/202004291615/runtime/91f4300/runTime/lib]
          dir 11 must precede it due to runtime library [libtbb.so]
          dir 13 must precede it due to runtime library [libufe_1.so]
    
      Some of these libraries may not be found correctly.
    
    
    CMake Warning at plugin/al/translators/CMakeLists.txt:16 (add_library):
      Cannot generate a safe linker search path for target AL_USDMayaTranslators
      because there is a cycle in the constraint graph:
    
        dir 0 is [/local/S/jenkins/workspace/shared/Artifactory/Linux/rundev-2020/202004291615/runtime/91f4300/runTime/lib]
          dir 1 must precede it due to link library [libtbb.so]
        dir 1 is [/local/S/jenkins/workspace/shared/Artifactory/Linux/USD/1628f86/lib]
          dir 0 must precede it due to link library [libtbb.so]
    
      Some of these libraries may not be found correctly.
    
    
    CMake Warning at plugin/al/translators/CMakeLists.txt:16 (add_library):
      Cannot generate a safe runtime search path for target AL_USDMayaTranslators
      because there is a cycle in the constraint graph:
    
        dir 0 is [/home/S/jenkins/workspace/ecg-mayausd-branch-preflight-2020-linux/build/RelWithDebInfo/plugin/al/lib/AL_USDMaya]
        dir 1 is [/home/S/jenkins/workspace/ecg-mayausd-branch-preflight-2020-linux/build/RelWithDebInfo/plugin/al/schemas/AL/usd/schemas/maya]
        dir 2 is [/home/S/jenkins/workspace/ecg-mayausd-branch-preflight-2020-linux/build/RelWithDebInfo/lib/mayaUsd]
        dir 3 is [/home/S/jenkins/workspace/ecg-mayausd-branch-preflight-2020-linux/build/RelWithDebInfo/lib/usd/schemas]
        dir 4 is [/local/S/jenkins/workspace/shared/Artifactory/Linux/USD/1628f86/lib]
          dir 5 must precede it due to runtime library [libtbb.so]
        dir 5 is [/local/S/jenkins/workspace/shared/Artifactory/Linux/rundev-2020/202004291615/runtime/91f4300/runTime/lib]
          dir 4 must precede it due to runtime library [libtbb.so]
          dir 12 must precede it due to runtime library [libufe_1.so]
        dir 6 is [/home/S/jenkins/workspace/ecg-mayausd-branch-preflight-2020-linux/build/RelWithDebInfo/plugin/al/usdmayautils/AL/usdmaya/utils]
        dir 7 is [/home/S/jenkins/workspace/ecg-mayausd-branch-preflight-2020-linux/build/RelWithDebInfo/plugin/al/mayautils/AL/maya]
        dir 8 is [/home/S/jenkins/workspace/ecg-mayausd-branch-preflight-2020-linux/build/RelWithDebInfo/plugin/al/utils/AL]
        dir 9 is [/home/S/jenkins/workspace/ecg-mayausd-branch-preflight-2020-linux/build/RelWithDebInfo/lib/usd/utils]
        dir 10 is [/home/S/jenkins/workspace/ecg-mayausd-branch-preflight-2020-linux/build/RelWithDebInfo/plugin/al/usdtransaction/AL/usd/transaction]
        dir 11 is [/local/S/jenkins/workspace/shared/Artifactory/Linux/USD/1628f86/lib64]
        dir 12 is [/local/S/jenkins/workspace/shared/Artifactory/Linux/rundev-2020/202004291615/runtime/91f4300/devkitBase/devkit/ufe/lib]
    
      Some of these libraries may not be found correctly.
    
    
    CMake Warning at plugin/al/translators/pxrUsdTranslators/CMakeLists.txt:27 (add_library):
      Cannot generate a safe linker search path for target
      AL_USDMayaPxrTranslators because there is a cycle in the constraint graph:
    
        dir 0 is [/local/S/jenkins/workspace/shared/Artifactory/Linux/rundev-2020/202004291615/runtime/91f4300/runTime/lib]
          dir 1 must precede it due to link library [libtbb.so]
        dir 1 is [/local/S/jenkins/workspace/shared/Artifactory/Linux/USD/1628f86/lib]
          dir 0 must precede it due to link library [libtbb.so]
    
      Some of these libraries may not be found correctly.
    
    
    CMake Warning at plugin/al/translators/pxrUsdTranslators/CMakeLists.txt:27 (add_library):
      Cannot generate a safe runtime search path for target
      AL_USDMayaPxrTranslators because there is a cycle in the constraint graph:
    
        dir 0 is [/home/S/jenkins/workspace/ecg-mayausd-branch-preflight-2020-linux/build/RelWithDebInfo/plugin/al/schemas/AL/usd/schemas/maya]
        dir 1 is [/home/S/jenkins/workspace/ecg-mayausd-branch-preflight-2020-linux/build/RelWithDebInfo/lib/usd/schemas]
        dir 2 is [/home/S/jenkins/workspace/ecg-mayausd-branch-preflight-2020-linux/build/RelWithDebInfo/plugin/al/lib/AL_USDMaya]
        dir 3 is [/home/S/jenkins/workspace/ecg-mayausd-branch-preflight-2020-linux/build/RelWithDebInfo/plugin/pxr/maya/lib/usdMaya]
        dir 4 is [/home/S/jenkins/workspace/ecg-mayausd-branch-preflight-2020-linux/build/RelWithDebInfo/plugin/al/usdmayautils/AL/usdmaya/utils]
        dir 5 is [/home/S/jenkins/workspace/ecg-mayausd-branch-preflight-2020-linux/build/RelWithDebInfo/plugin/al/mayautils/AL/maya]
        dir 6 is [/home/S/jenkins/workspace/ecg-mayausd-branch-preflight-2020-linux/build/RelWithDebInfo/plugin/al/utils/AL]
        dir 7 is [/home/S/jenkins/workspace/ecg-mayausd-branch-preflight-2020-linux/build/RelWithDebInfo/plugin/al/usdtransaction/AL/usd/transaction]
        dir 8 is [/home/S/jenkins/workspace/ecg-mayausd-branch-preflight-2020-linux/build/RelWithDebInfo/lib/mayaUsd]
        dir 9 is [/home/S/jenkins/workspace/ecg-mayausd-branch-preflight-2020-linux/build/RelWithDebInfo/lib/usd/utils]
        dir 10 is [/local/S/jenkins/workspace/shared/Artifactory/Linux/USD/1628f86/lib]
          dir 13 must precede it due to runtime library [libtbb.so]
        dir 11 is [/local/S/jenkins/workspace/shared/Artifactory/Linux/rundev-2020/202004291615/runtime/91f4300/devkitBase/devkit/ufe/lib]
        dir 12 is [/local/S/jenkins/workspace/shared/Artifactory/Linux/USD/1628f86/lib64]
        dir 13 is [/local/S/jenkins/workspace/shared/Artifactory/Linux/rundev-2020/202004291615/runtime/91f4300/runTime/lib]
          dir 10 must precede it due to runtime library [libtbb.so]
          dir 11 must precede it due to runtime library [libufe_1.so]
    
      Some of these libraries may not be found correctly.
    
    
    CMake Warning at plugin/adsk/plugin/CMakeLists.txt:18 (add_library):
      Cannot generate a safe linker search path for target mayaUsdPlugin because
      there is a cycle in the constraint graph:
    
        dir 0 is [/local/S/jenkins/workspace/shared/Artifactory/Linux/rundev-2020/202004291615/runtime/91f4300/runTime/lib]
          dir 1 must precede it due to link library [libtbb.so]
        dir 1 is [/local/S/jenkins/workspace/shared/Artifactory/Linux/USD/1628f86/lib]
          dir 0 must precede it due to link library [libtbb.so]
    
      Some of these libraries may not be found correctly.
    
    
    CMake Warning at plugin/adsk/plugin/CMakeLists.txt:18 (add_library):
      Cannot generate a safe runtime search path for target mayaUsdPlugin because
      there is a cycle in the constraint graph:
    
        dir 0 is [/local/S/jenkins/workspace/shared/Artifactory/Linux/rundev-2020/202004291615/runtime/91f4300/devkitBase/devkit/ufe/lib]
        dir 1 is [/home/S/jenkins/workspace/ecg-mayausd-branch-preflight-2020-linux/build/RelWithDebInfo/lib/usd/pxrUsdPreviewSurface]
        dir 2 is [/home/S/jenkins/workspace/ecg-mayausd-branch-preflight-2020-linux/build/RelWithDebInfo/lib/usd/ui]
        dir 3 is [/home/S/jenkins/workspace/ecg-mayausd-branch-preflight-2020-linux/build/RelWithDebInfo/lib/mayaUsd]
        dir 4 is [/local/S/jenkins/workspace/shared/Artifactory/Linux/USD/1628f86/lib]
          dir 6 must precede it due to runtime library [libtbb.so]
        dir 5 is [/local/S/jenkins/workspace/shared/Artifactory/Linux/USD/1628f86/lib64]
        dir 6 is [/local/S/jenkins/workspace/shared/Artifactory/Linux/rundev-2020/202004291615/runtime/91f4300/runTime/lib]
          dir 0 must precede it due to runtime library [libufe_1.so]
          dir 4 must precede it due to runtime library [libtbb.so]
          dir 8 must precede it due to runtime library [libQt5Widgets.so.5]
        dir 7 is [/home/S/jenkins/workspace/ecg-mayausd-branch-preflight-2020-linux/build/RelWithDebInfo/lib/usd/utils]
        dir 8 is [/local/S/jenkins/workspace/shared/Artifactory/Linux/qt/5.12.5/84f551b/lib]
    
      Some of these libraries may not be found correctly.
    
    
    -- Generating done
    -- Build files have been written to: /home/S/jenkins/workspace/ecg-mayausd-branch-preflight-2020-linux/build/RelWithDebInfo
    
        Building with settings:
          Source directory          /home/S/jenkins/workspace/ecg-mayausd-branch-preflight-2020-linux/ecg-maya-usd/maya-usd
          Workspace directory       /local/S/jenkins/workspace/ecg-mayausd-branch-preflight-2020-linux
          Build directory           /local/S/jenkins/workspace/ecg-mayausd-branch-preflight-2020-linux/build/RelWithDebInfo
          Install directory         /local/S/jenkins/workspace/ecg-mayausd-branch-preflight-2020-linux/install/RelWithDebInfo/MayaUSD
          Variant                   RelWithDebInfo
          Python Debug              Off
          CMake generator           Ninja
          Build arguments           ['-DCMAKE_MAKE_PROGRAM=/local/S/jenkins/workspace/shared/Artifactory/Linux/ninja/1.9.0/aca9939/ninja', '-DPYTHON_INCLUDE_DIR=/local/S/jenkins/workspace/shared/Artifactory/Linux/rundev-2020/202004291615/runtime/91f4300/runTime/include/Python', '-DPython_EXECUTABLE=/local/S/jenkins/workspace/shared/Artifactory/Linux/rundev-2020/202004291615/runtime/91f4300/runTime/bin/mayapy', '-DPYTHON_LIBRARIES=/local/S/jenkins/workspace/shared/Artifactory/Linux/rundev-2020/202004291615/runtime/91f4300/runTime/lib/libpython2.7.so.1.0', '-DMAYAUSD_TO_USD_RELATIVE_PATH=../USD']
          Stages arguments          ['configure']
          CTest arguments           ['-E testUsdReferenceAssemblySelection|testUsdMayaAppDir|testUsdMayaReadWriteUtils', '-LE interactive', '--parallel 16']
    Success MayaUSD build and install !!!!
    Elapsed time: 00:00:52
[Pipeline] }
[Pipeline] // withEnv
[Pipeline] }
[Pipeline] // stage
[Pipeline] }
[Pipeline] // timestamps
[Pipeline] }
[Pipeline] // timeout
[Pipeline] timeout
Timeout set to expire in 6 hr 0 min
[Pipeline] {
[Pipeline] timestamps
[Pipeline] {
[Pipeline] stage
[Pipeline] { (Build)
[Pipeline] withEnv
[Pipeline] {
[Pipeline] sh
[ecg-mayausd-branch-preflight-2020-linux] Running shell script
+ scl enable devtoolset-6 -
python ecg-maya-usd/build.py --stages=build --workspace-dir=/local/S/jenkins/workspace/ecg-mayausd-branch-preflight-2020-linux --artifactory-dir=/local/S/jenkins/workspace/shared/Artifactory --build-dir=/local/S/jenkins/workspace/ecg-mayausd-branch-preflight-2020-linux/build --install-dir=/local/S/jenkins/workspace/ecg-mayausd-branch-preflight-2020-linux/install --signing-dir=/local/S/jenkins/workspace/ecg-mayausd-branch-preflight-2020-linux/signing --package-dir=/local/S/jenkins/workspace/ecg-mayausd-branch-preflight-2020-linux/package --output-dir=/local/S/jenkins/workspace/ecg-mayausd-branch-preflight-2020-linux/output --stash-dir=/local/S/jenkins/workspace/ecg-mayausd-branch-preflight-2020-linux/stash --jenkins-build=839 --git-commit=e35d9bb7a6dd647375c9bf2b2a9d6d19193563df --git-branch=master --variants=RelWithDebInfo --python=2 --build-retry=3 --maya-cut-config=maya-rundev-2020.yaml --stage-banner
Using Maya cut from /local/S/jenkins/workspace/shared/Artifactory/Linux/rundev-2020/202004291615/runtime/91f4300

================================================================================
                             build (RelWithDebInfo)
================================================================================
running build stage....................
Maya Python RelWithDebInfo Info:
  mayapy executable   = /local/S/jenkins/workspace/shared/Artifactory/Linux/rundev-2020/202004291615/runtime/91f4300/runTime/bin/mayapy
  Include Folder      = /local/S/jenkins/workspace/shared/Artifactory/Linux/rundev-2020/202004291615/runtime/91f4300/runTime/include/Python
  Library             = /local/S/jenkins/workspace/shared/Artifactory/Linux/rundev-2020/202004291615/runtime/91f4300/runTime/lib/libpython2.7.so.1.0
  site-package Folder = /local/S/jenkins/workspace/shared/Artifactory/Linux/rundev-2020/202004291615/runtime/91f4300/runTime/lib/python2.7/site-packages
In workdir: /home/S/jenkins/workspace/ecg-mayausd-branch-preflight-2020-linux/ecg-maya-usd/maya-usd
Executing: /local/S/jenkins/workspace/shared/Artifactory/Linux/rundev-2020/202004291615/runtime/91f4300/runTime/bin/mayapy /home/S/jenkins/workspace/ecg-mayausd-branch-preflight-2020-linux/ecg-maya-usd/maya-usd/build.py --generator Ninja --build-relwithdebug --maya-location /local/S/jenkins/workspace/shared/Artifactory/Linux/rundev-2020/202004291615/runtime/91f4300/runTime --devkit-location /local/S/jenkins/workspace/shared/Artifactory/Linux/rundev-2020/202004291615/runtime/91f4300/devkitBase --pxrusd-location /local/S/jenkins/workspace/shared/Artifactory/Linux/USD/1628f86 --qt-location /local/S/jenkins/workspace/shared/Artifactory/Linux/qt/5.12.5/84f551b --build-args=-DCMAKE_MAKE_PROGRAM=/local/S/jenkins/workspace/shared/Artifactory/Linux/ninja/1.9.0/aca9939/ninja,-DPYTHON_INCLUDE_DIR=/local/S/jenkins/workspace/shared/Artifactory/Linux/rundev-2020/202004291615/runtime/91f4300/runTime/include/Python,-DPython_EXECUTABLE=/local/S/jenkins/workspace/shared/Artifactory/Linux/rundev-2020/202004291615/runtime/91f4300/runTime/bin/mayapy,-DPYTHON_LIBRARIES=/local/S/jenkins/workspace/shared/Artifactory/Linux/rundev-2020/202004291615/runtime/91f4300/runTime/lib/libpython2.7.so.1.0,-DMAYAUSD_TO_USD_RELATIVE_PATH=../USD '--ctest-args=-E testUsdReferenceAssemblySelection|testUsdMayaAppDir|testUsdMayaReadWriteUtils,-LE interactive,--parallel 16' --stages=build --redirect-outstream-file=False --install-location /local/S/jenkins/workspace/ecg-mayausd-branch-preflight-2020-linux/install/RelWithDebInfo/MayaUSD /local/S/jenkins/workspace/ecg-mayausd-branch-preflight-2020-linux
Modified environment variables:
    PATH=/local/S/jenkins/workspace/shared/Artifactory/Linux/cmake/3.14.4/656573b/bin:/opt/rh/devtoolset-6/root/usr/bin:/home/administrator/perl5/bin:/usr/local/bin:/usr/bin
    LD_LIBRARY_PATH=/opt/rh/devtoolset-6/root/usr/lib64:/opt/rh/devtoolset-6/root/usr/lib64:/opt/rh/devtoolset-6/root/usr/lib
    [1/582] Running utility command for MAYAUSD_UNDO_TEST
    [2/582] Running utility command for MAYAUSD_FILEIO_UTILS_TEST
    [3/582] Running utility command for MAYAUSD_UTILS_TEST
    [4/582] Running utility command for MAYAUSD_SCHEMA_TEST
    [5/582] Running utility command for MAYAUSD_TEST
    [6/582] Running utility command for MAYAUSD_NODES_TEST
    [7/582] Running utility command for MAYAUSD_PXR_USD_PREVIEW_SURFACE_TEST
    [8/582] Running utility command for MTOH_TEST
    [9/582] Running utility command for PYTHON_TEST_UTILS
    [10/582] Running utility command for UFE_TEST
    [11/582] Running utility command for VP2_RENDER_DELEGATE_TEST
    [12/582] Running utility command for PYTHON_TEST_SAMPLES
    [13/582] Building CXX object test/lib/usd/plugin/CMakeFiles/usdTestInfoImportChaser.dir/plugin.cpp.o
    [14/582] Building CXX object test/lib/usd/plugin/CMakeFiles/usdTestMayaPlugin.dir/plugin.cpp.o
    [15/582] Running utility command for MAYAUSD_RENDER_PXRUSDMAYAGL_TEST
    [16/582] Building CXX object lib/mayaUsd/CMakeFiles/mayaUsd.dir/utils/blockSceneModificationContext.cpp.o
    [17/582] Building CXX object lib/mayaUsd/CMakeFiles/mayaUsd.dir/base/tokens.cpp.o
    [18/582] Building CXX object test/lib/usd/utils/CMakeFiles/DiffCore.dir/main.cpp.o
    [19/582] Building CXX object lib/mayaUsd/CMakeFiles/mayaUsd.dir/base/debugCodes.cpp.o
    [20/582] Running utility command for IMPORT_EXPORT_TEST
    [21/582] Building CXX object lib/mayaUsd/CMakeFiles/mayaUsd.dir/commands/layerEditorWindowCommand.cpp.o
    [22/582] Building CXX object test/lib/usd/utils/CMakeFiles/DiffCore.dir/test_DiffCore.cpp.o
    [23/582] Building CXX object lib/mayaUsd/CMakeFiles/mayaUsd.dir/utils/undoHelperCommand.cpp.o
    [24/582] Building CXX object lib/mayaUsd/CMakeFiles/mayaUsd.dir/fileio/importData.cpp.o
    [25/582] Building CXX object lib/mayaUsd/CMakeFiles/mayaUsd.dir/fileio/fallbackPrimReader.cpp.o
    [26/582] Building CXX object lib/mayaUsd/CMakeFiles/mayaUsd.dir/fileio/functorPrimReader.cpp.o
    [27/582] Building CXX object lib/mayaUsd/CMakeFiles/mayaUsd.dir/fileio/primReader.cpp.o
    [28/582] Building CXX object lib/mayaUsd/CMakeFiles/mayaUsd.dir/fileio/primUpdater.cpp.o
    [29/582] Building CXX object lib/mayaUsd/CMakeFiles/mayaUsd.dir/commands/baseImportCommand.cpp.o
    [30/582] Building CXX object test/lib/usd/plugin/CMakeFiles/usdTestInfoImportChaser.dir/infoImportChaser.cpp.o
    [31/582] Building CXX object lib/mayaUsd/CMakeFiles/mayaUsd.dir/commands/baseListShadingModesCommand.cpp.o
    [32/582] Building CXX object lib/mayaUsd/CMakeFiles/mayaUsd.dir/commands/baseExportCommand.cpp.o
    [33/582] Building CXX object lib/mayaUsd/CMakeFiles/mayaUsd.dir/commands/editTargetCommand.cpp.o
    [34/582] Building CXX object test/lib/usd/plugin/CMakeFiles/usdTestMayaPlugin.dir/mayaShaderTranslation.cpp.o
    [35/582] Building CXX object test/lib/usd/plugin/CMakeFiles/usdTestUsdPlugin.dir/mayaShaderTranslation.cpp.o
    [36/582] Building CXX object lib/mayaUsd/CMakeFiles/mayaUsd.dir/fileio/functorPrimWriter.cpp.o
    [37/582] Building CXX object lib/mayaUsd/CMakeFiles/mayaUsd.dir/fileio/instancedNodeWriter.cpp.o
    [38/582] Building CXX object lib/mayaUsd/CMakeFiles/mayaUsd.dir/commands/layerEditorCommand.cpp.o
    [39/582] Building CXX object lib/mayaUsd/CMakeFiles/mayaUsd.dir/fileio/primReaderArgs.cpp.o
    [40/582] Building CXX object lib/mayaUsd/CMakeFiles/mayaUsd.dir/fileio/registryHelper.cpp.o
    [41/582] Building CXX object lib/mayaUsd/CMakeFiles/mayaUsd.dir/fileio/chaser/exportChaser.cpp.o
    [42/582] Building CXX object lib/mayaUsd/CMakeFiles/mayaUsd.dir/fileio/primReaderContext.cpp.o
    [43/582] Building CXX object lib/mayaUsd/CMakeFiles/mayaUsd.dir/fileio/primUpdaterContext.cpp.o
    [44/582] Building CXX object lib/mayaUsd/CMakeFiles/mayaUsd.dir/fileio/primReaderRegistry.cpp.o
    [45/582] Building CXX object lib/mayaUsd/CMakeFiles/mayaUsd.dir/fileio/primWriterContext.cpp.o
    [46/582] Building CXX object lib/mayaUsd/CMakeFiles/mayaUsd.dir/fileio/primWriterArgs.cpp.o
    [47/582] Building CXX object lib/mayaUsd/CMakeFiles/mayaUsd.dir/fileio/shaderReader.cpp.o
    [48/582] Building CXX object lib/mayaUsd/CMakeFiles/mayaUsd.dir/fileio/primUpdaterRegistry.cpp.o
    [49/582] Building CXX object lib/mayaUsd/CMakeFiles/mayaUsd.dir/fileio/shaderReaderRegistry.cpp.o
    [50/582] Building CXX object lib/mayaUsd/CMakeFiles/mayaUsd.dir/fileio/shaderWriter.cpp.o
    [51/582] Building CXX object lib/mayaUsd/CMakeFiles/mayaUsd.dir/fileio/primWriterRegistry.cpp.o
    [52/582] Building CXX object lib/mayaUsd/CMakeFiles/mayaUsd.dir/fileio/primWriter.cpp.o
    [53/582] Building CXX object lib/mayaUsd/CMakeFiles/mayaUsd.dir/fileio/shaderWriterRegistry.cpp.o
    [54/582] Building CXX object lib/mayaUsd/CMakeFiles/mayaUsd.dir/fileio/chaser/exportChaserRegistry.cpp.o
    [55/582] Building CXX object lib/mayaUsd/CMakeFiles/mayaUsd.dir/fileio/chaser/importChaserRegistry.cpp.o
    [56/582] Building CXX object lib/mayaUsd/CMakeFiles/mayaUsd.dir/fileio/chaser/importChaser.cpp.o
    [57/582] Building CXX object lib/mayaUsd/CMakeFiles/mayaUsd.dir/fileio/transformWriter.cpp.o
    [58/582] Building CXX object lib/mayaUsd/CMakeFiles/mayaUsd.dir/fileio/writeJobContext.cpp.o
    [59/582] Building CXX object lib/mayaUsd/CMakeFiles/mayaUsd.dir/fileio/shading/shadingModeImporter.cpp.o
    [60/582] Building CXX object lib/mayaUsd/CMakeFiles/mayaUsd.dir/fileio/jobs/modelKindProcessor.cpp.o
    [61/582] Building CXX object lib/mayaUsd/CMakeFiles/mayaUsd.dir/fileio/translators/skelBindingsProcessor.cpp.o
    [62/582] Building CXX object lib/mayaUsd/CMakeFiles/mayaUsd.dir/fileio/shading/shadingModeExporter.cpp.o
    [63/582] Building CXX object lib/mayaUsd/CMakeFiles/mayaUsd.dir/fileio/shading/shadingModeDisplayColor.cpp.o
    [64/582] Building CXX object lib/mayaUsd/CMakeFiles/mayaUsd.dir/fileio/shading/shadingModeExporterContext.cpp.o
    [65/582] Building CXX object lib/mayaUsd/CMakeFiles/mayaUsd.dir/fileio/jobs/jobArgs.cpp.o
    [66/582] Building CXX object lib/mayaUsd/CMakeFiles/mayaUsd.dir/fileio/shading/symmetricShaderReader.cpp.o
    [67/582] Building CXX object lib/mayaUsd/CMakeFiles/mayaUsd.dir/fileio/jobs/readJob.cpp.o
    [68/582] Building CXX object lib/mayaUsd/CMakeFiles/mayaUsd.dir/fileio/shading/shadingModeRegistry.cpp.o
    [69/582] Building CXX object lib/mayaUsd/CMakeFiles/mayaUsd.dir/fileio/jobs/writeJob.cpp.o
    [70/582] Building CXX object lib/mayaUsd/CMakeFiles/mayaUsd.dir/fileio/translators/translatorMayaReference.cpp.o
    [71/582] Building CXX object lib/mayaUsd/CMakeFiles/mayaUsd.dir/fileio/shading/symmetricShaderWriter.cpp.o
    [72/582] Building CXX object lib/mayaUsd/CMakeFiles/mayaUsd.dir/fileio/shading/shadingModeUseRegistry.cpp.o
    [73/582] Building CXX object lib/mayaUsd/CMakeFiles/mayaUsd.dir/fileio/shading/shadingModePxrRis.cpp.o
    [74/582] Building CXX object lib/mayaUsd/CMakeFiles/mayaUsd.dir/fileio/translators/translatorGprim.cpp.o
    [75/582] Building CXX object lib/mayaUsd/CMakeFiles/mayaUsd.dir/fileio/translators/translatorXformable_decompose.cpp.o
    [76/582] Building CXX object lib/mayaUsd/CMakeFiles/mayaUsd.dir/fileio/translators/translatorCurves.cpp.o
    [77/582] Building CXX object lib/mayaUsd/CMakeFiles/mayaUsd.dir/fileio/translators/translatorCamera.cpp.o
    [78/582] Building CXX object lib/mayaUsd/CMakeFiles/mayaUsd.dir/fileio/translators/translatorPrim.cpp.o
    [79/582] Building CXX object lib/mayaUsd/CMakeFiles/mayaUsd.dir/fileio/translators/translatorUtil.cpp.o
    [80/582] Building CXX object lib/mayaUsd/CMakeFiles/mayaUsd.dir/fileio/translators/translatorMesh.cpp.o
    [81/582] Building CXX object lib/mayaUsd/CMakeFiles/mayaUsd.dir/fileio/translators/translatorNurbsPatch.cpp.o
    [82/582] Building CXX object lib/mayaUsd/CMakeFiles/mayaUsd.dir/fileio/translators/translatorMaterial.cpp.o
    [83/582] Building CXX object lib/mayaUsd/CMakeFiles/mayaUsd.dir/fileio/translators/translatorXformable.cpp.o
    [84/582] Building CXX object lib/mayaUsd/CMakeFiles/mayaUsd.dir/fileio/utils/jointWriteUtils.cpp.o
    [85/582] Building CXX object lib/mayaUsd/CMakeFiles/mayaUsd.dir/fileio/translators/translatorRfMLight.cpp.o
    [86/582] Building CXX object lib/mayaUsd/CMakeFiles/mayaUsd.dir/listeners/notice.cpp.o
    [87/582] Building CXX object lib/mayaUsd/CMakeFiles/mayaUsd.dir/fileio/utils/adaptor.cpp.o
    [88/582] Building CXX object lib/mayaUsd/CMakeFiles/mayaUsd.dir/fileio/translators/translatorSkel.cpp.o
    [89/582] Building CXX object lib/mayaUsd/CMakeFiles/mayaUsd.dir/fileio/utils/shadingUtil.cpp.o
    [90/582] Building CXX object lib/mayaUsd/CMakeFiles/mayaUsd.dir/fileio/utils/meshReadUtils.cpp.o
    [91/582] Building CXX object lib/mayaUsd/CMakeFiles/mayaUsd.dir/fileio/utils/meshWriteUtils.cpp.o
    [92/582] Building CXX object lib/mayaUsd/CMakeFiles/mayaUsd.dir/fileio/utils/readUtil.cpp.o
    [93/582] Building CXX object lib/mayaUsd/CMakeFiles/mayaUsd.dir/fileio/utils/roundTripUtil.cpp.o
    [94/582] Building CXX object lib/mayaUsd/CMakeFiles/mayaUsd.dir/render/px_vp20/utils.cpp.o
    [95/582] Building CXX object lib/mayaUsd/CMakeFiles/mayaUsd.dir/fileio/utils/userTaggedAttribute.cpp.o
    [96/582] Building CXX object lib/mayaUsd/CMakeFiles/mayaUsd.dir/listeners/stageNoticeListener.cpp.o
    [97/582] Building CXX object lib/mayaUsd/CMakeFiles/mayaUsd.dir/render/px_vp20/glslProgram.cpp.o
    [98/582] Building CXX object lib/mayaUsd/CMakeFiles/mayaUsd.dir/listeners/proxyShapeNotice.cpp.o
    [99/582] Building CXX object lib/mayaUsd/CMakeFiles/mayaUsd.dir/render/pxrUsdMayaGL/debugCodes.cpp.o
    [100/582] Building CXX object lib/mayaUsd/CMakeFiles/mayaUsd.dir/fileio/utils/xformStack.cpp.o
    [101/582] Building CXX object lib/mayaUsd/CMakeFiles/mayaUsd.dir/python/moduleDeps.cpp.o
    [102/582] Building CXX object lib/mayaUsd/CMakeFiles/mayaUsd.dir/nodes/hdImagingShape.cpp.o
    [103/582] Building CXX object lib/mayaUsd/CMakeFiles/mayaUsd.dir/nodes/pointBasedDeformerNode.cpp.o
    [104/582] Building CXX object lib/mayaUsd/CMakeFiles/mayaUsd.dir/render/px_vp20/utils_legacy.cpp.o
    [105/582] Building CXX object lib/mayaUsd/CMakeFiles/mayaUsd.dir/nodes/stageData.cpp.o
    [106/582] Building CXX object lib/mayaUsd/CMakeFiles/mayaUsd.dir/nodes/proxyAccessor.cpp.o
    [107/582] Building CXX object lib/mayaUsd/CMakeFiles/mayaUsd.dir/nodes/usdPrimProvider.cpp.o
    [108/582] Building CXX object lib/mayaUsd/CMakeFiles/mayaUsd.dir/fileio/utils/writeUtil.cpp.o
    [109/582] Building CXX object lib/mayaUsd/CMakeFiles/mayaUsd.dir/nodes/stageNode.cpp.o
    [110/582] Building CXX object lib/mayaUsd/CMakeFiles/mayaUsd.dir/render/pxrUsdMayaGL/softSelectHelper.cpp.o
    [111/582] Building CXX object lib/mayaUsd/CMakeFiles/mayaUsd.dir/nodes/proxyShapeBase.cpp.o
    [112/582] Building CXX object lib/mayaUsd/CMakeFiles/mayaUsd.dir/nodes/proxyShapePlugin.cpp.o
    [113/582] Building CXX object lib/mayaUsd/CMakeFiles/mayaUsd.dir/render/pxrUsdMayaGL/userData.cpp.o
    [114/582] Building CXX object lib/mayaUsd/CMakeFiles/mayaUsd.dir/render/vp2RenderDelegate/bboxGeom.cpp.o
    [115/582] Building CXX object lib/mayaUsd/CMakeFiles/mayaUsd.dir/render/vp2RenderDelegate/debugCodes.cpp.o
    [116/582] Building CXX object lib/mayaUsd/CMakeFiles/mayaUsd.dir/nodes/layerManager.cpp.o
    [117/582] Building CXX object lib/mayaUsd/CMakeFiles/mayaUsd.dir/render/pxrUsdMayaGL/hdImagingShapeDrawOverride.cpp.o
    [118/582] Building CXX object lib/mayaUsd/CMakeFiles/mayaUsd.dir/render/pxrUsdMayaGL/proxyShapeDelegate.cpp.o
    [119/582] Building CXX object lib/mayaUsd/CMakeFiles/mayaUsd.dir/render/pxrUsdMayaGL/hdImagingShapeUI.cpp.o
    [120/582] Building CXX object lib/mayaUsd/CMakeFiles/mayaUsd.dir/render/pxrUsdMayaGL/batchRenderer.cpp.o
    [121/582] Building CXX object lib/mayaUsd/CMakeFiles/mayaUsd.dir/render/pxrUsdMayaGL/proxyDrawOverride.cpp.o
    [122/582] Building CXX object lib/mayaUsd/CMakeFiles/mayaUsd.dir/render/vp2RenderDelegate/meshViewportCompute.cpp.o
    [123/582] Building CXX object lib/mayaUsd/CMakeFiles/mayaUsd.dir/render/pxrUsdMayaGL/sceneDelegate.cpp.o
    [124/582] Building CXX object lib/mayaUsd/CMakeFiles/mayaUsd.dir/render/pxrUsdMayaGL/proxyShapeUI.cpp.o
    [125/582] Building CXX object lib/mayaUsd/CMakeFiles/mayaUsd.dir/render/vp2RenderDelegate/draw_item.cpp.o
    [126/582] Building CXX object lib/mayaUsd/CMakeFiles/mayaUsd.dir/render/vp2ShaderFragments/shaderFragments.cpp.o
    [127/582] Building CXX object lib/mayaUsd/CMakeFiles/mayaUsd.dir/render/pxrUsdMayaGL/instancerImager.cpp.o
    [128/582] Building CXX object lib/mayaUsd/CMakeFiles/mayaUsd.dir/render/pxrUsdMayaGL/instancerShapeAdapter.cpp.o
    [129/582] Building CXX object lib/mayaUsd/CMakeFiles/mayaUsd.dir/render/pxrUsdMayaGL/shapeAdapter.cpp.o
    [130/582] Building CXX object lib/mayaUsd/CMakeFiles/mayaUsd.dir/render/pxrUsdMayaGL/usdProxyShapeAdapter.cpp.o
    [131/582] Building CXX object lib/mayaUsd/CMakeFiles/mayaUsd.dir/render/vp2RenderDelegate/tokens.cpp.o
    [132/582] Building CXX object lib/mayaUsd/CMakeFiles/mayaUsd.dir/render/vp2RenderDelegate/shader.cpp.o
    [133/582] Building CXX object lib/mayaUsd/CMakeFiles/mayaUsd.dir/render/vp2RenderDelegate/instancer.cpp.o
    [134/582] Building CXX object lib/mayaUsd/CMakeFiles/mayaUsd.dir/render/vp2RenderDelegate/sampler.cpp.o
    [135/582] Building CXX object lib/mayaUsd/CMakeFiles/mayaUsd.dir/render/vp2RenderDelegate/render_param.cpp.o
    [136/582] Building CXX object lib/mayaUsd/CMakeFiles/mayaUsd.dir/render/vp2RenderDelegate/basisCurves.cpp.o
    [137/582] Building CXX object lib/mayaUsd/CMakeFiles/mayaUsd.dir/render/vp2RenderDelegate/material.cpp.o
    [138/582] Building CXX object lib/mayaUsd/CMakeFiles/mayaUsd.dir/ufe/ProxyShapeHandler.cpp.o
    [139/582] Building CXX object lib/mayaUsd/CMakeFiles/mayaUsd.dir/ufe/UsdPointInstancePositionModifier.cpp.o
    [140/582] Building CXX object lib/mayaUsd/CMakeFiles/mayaUsd.dir/render/vp2RenderDelegate/render_delegate.cpp.o
    [141/582] Building CXX object lib/mayaUsd/CMakeFiles/mayaUsd.dir/ufe/Global.cpp.o
    [142/582] Building CXX object lib/mayaUsd/CMakeFiles/mayaUsd.dir/ufe/UsdPointInstanceScaleModifier.cpp.o
    [143/582] Building CXX object lib/mayaUsd/CMakeFiles/mayaUsd.dir/ufe/UsdPointInstanceOrientationModifier.cpp.o
    [144/582] Building CXX object lib/mayaUsd/CMakeFiles/mayaUsd.dir/render/vp2RenderDelegate/proxyRenderDelegate.cpp.o
    [145/582] Building CXX object lib/mayaUsd/CMakeFiles/mayaUsd.dir/ufe/UsdRotatePivotTranslateUndoableCommand.cpp.o
    [146/582] Building CXX object lib/mayaUsd/CMakeFiles/mayaUsd.dir/ufe/ProxyShapeHierarchyHandler.cpp.o
    [147/582] Building CXX object lib/mayaUsd/CMakeFiles/mayaUsd.dir/ufe/UsdHierarchyHandler.cpp.o
    [148/582] Building CXX object lib/mayaUsd/CMakeFiles/mayaUsd.dir/render/vp2RenderDelegate/mesh.cpp.o
    [149/582] Building CXX object lib/mayaUsd/CMakeFiles/mayaUsd.dir/ufe/ProxyShapeHierarchy.cpp.o
    [150/582] Building CXX object lib/mayaUsd/CMakeFiles/mayaUsd.dir/ufe/UsdHierarchy.cpp.o
    [151/582] Building CXX object lib/mayaUsd/CMakeFiles/mayaUsd.dir/ufe/StagesSubject.cpp.o
    [152/582] Building CXX object lib/mayaUsd/CMakeFiles/mayaUsd.dir/ufe/UsdRootChildHierarchy.cpp.o
    [153/582] Building CXX object lib/mayaUsd/CMakeFiles/mayaUsd.dir/ufe/private/UfeNotifGuard.cpp.o
    [154/582] Building CXX object lib/mayaUsd/CMakeFiles/mayaUsd.dir/ufe/UsdSceneItem.cpp.o
    [155/582] Building CXX object lib/mayaUsd/CMakeFiles/mayaUsd.dir/ufe/moduleDeps.cpp.o
    [156/582] Building CXX object lib/mayaUsd/CMakeFiles/mayaUsd.dir/ufe/UsdStageMap.cpp.o
    [157/582] Building CXX object lib/mayaUsd/CMakeFiles/mayaUsd.dir/ufe/UsdScaleUndoableCommand.cpp.o
    [158/582] Building CXX object lib/mayaUsd/CMakeFiles/mayaUsd.dir/ufe/UsdRotateUndoableCommand.cpp.o
    [159/582] Building CXX object lib/mayaUsd/CMakeFiles/mayaUsd.dir/undo/UsdUndoableItem.cpp.o
    [160/582] Building CXX object lib/mayaUsd/CMakeFiles/mayaUsd.dir/ufe/UsdSceneItemOpsHandler.cpp.o
    [161/582] Building CXX object lib/mayaUsd/CMakeFiles/mayaUsd.dir/ufe/UsdTransform3d.cpp.o
    [162/582] Building CXX object lib/mayaUsd/CMakeFiles/mayaUsd.dir/utils/colorSpace.cpp.o
    [163/582] Building CXX object lib/mayaUsd/CMakeFiles/mayaUsd.dir/ufe/UsdUndoDeleteCommand.cpp.o
    [164/582] Building CXX object lib/mayaUsd/CMakeFiles/mayaUsd.dir/ufe/UsdSceneItemOps.cpp.o
    [165/582] Building CXX object lib/mayaUsd/CMakeFiles/mayaUsd.dir/undo/UsdUndoBlock.cpp.o
    [166/582] Building CXX object lib/mayaUsd/CMakeFiles/mayaUsd.dir/undo/UsdUndoManager.cpp.o
    [167/582] Building CXX object lib/mayaUsd/CMakeFiles/mayaUsd.dir/ufe/private/Utils.cpp.o
    [168/582] Building CXX object lib/mayaUsd/CMakeFiles/mayaUsd.dir/ufe/UsdTranslateUndoableCommand.cpp.o
    [169/582] Building CXX object lib/mayaUsd/CMakeFiles/mayaUsd.dir/ufe/UsdTransform3dHandler.cpp.o
    [170/582] Building CXX object lib/mayaUsd/CMakeFiles/mayaUsd.dir/utils/diagnosticDelegate.cpp.o
    [171/582] Building CXX object lib/mayaUsd/python/CMakeFiles/_mayaUsd.dir/module.cpp.o
    [172/582] Building CXX object lib/mayaUsd/CMakeFiles/mayaUsd.dir/ufe/UsdUndoDuplicateCommand.cpp.o
    [173/582] Building CXX object lib/mayaUsd/CMakeFiles/mayaUsd.dir/ufe/UsdTRSUndoableCommandBase.cpp.o
    [174/582] Building CXX object lib/mayaUsd/CMakeFiles/mayaUsd.dir/utils/plugRegistryHelper.cpp.o
    [175/582] Building CXX object lib/mayaUsd/CMakeFiles/mayaUsd.dir/ufe/UsdUndoRenameCommand.cpp.o
    [176/582] Building CXX object lib/mayaUsd/CMakeFiles/mayaUsd.dir/ufe/Utils.cpp.o
    [177/582] Building CXX object lib/usd/translators/CMakeFiles/mayaUsd_Translators.dir/shading/usdDisplacementShaderWriter.cpp.o
    [178/582] Building CXX object lib/mayaUsd/CMakeFiles/mayaUsd.dir/utils/query.cpp.o
    [179/582] Building CXX object lib/mayaUsd/python/CMakeFiles/_mayaUsd.dir/wrapBlockSceneModificationContext.cpp.o
    [180/582] Building CXX object lib/mayaUsd/CMakeFiles/mayaUsd.dir/undo/UsdUndoStateDelegate.cpp.o
    [181/582] Building CXX object lib/mayaUsd/python/CMakeFiles/_mayaUsd.dir/wrapColorSpace.cpp.o
    [182/582] Building CXX object lib/mayaUsd/CMakeFiles/mayaUsd.dir/utils/stageCache.cpp.o
    [183/582] Building CXX object lib/mayaUsd/CMakeFiles/mayaUsd.dir/utils/converter.cpp.o
    [184/582] Building CXX object lib/mayaUsd/python/CMakeFiles/_mayaUsd.dir/wrapStageCache.cpp.o
    [185/582] Building CXX object lib/mayaUsd/CMakeFiles/mayaUsd.dir/utils/utilSerialization.cpp.o
    [186/582] Building CXX object lib/mayaUsd/ufe/CMakeFiles/_ufe.dir/module.cpp.o
    [187/582] Building CXX object lib/mayaUsd/python/CMakeFiles/_mayaUsd.dir/wrapQuery.cpp.o
    [188/582] Building CXX object lib/mayaUsd/python/CMakeFiles/_mayaUsd.dir/wrapTokens.cpp.o
    [189/582] Building CXX object lib/mayaUsd/python/CMakeFiles/_mayaUsd.dir/wrapDiagnosticDelegate.cpp.o
    [190/582] Building CXX object lib/mayaUsd/CMakeFiles/mayaUsd.dir/utils/utilFileSystem.cpp.o
    [191/582] Building CXX object lib/mayaUsd/render/mayaToHydra/CMakeFiles/mtoh.dir/tokens.cpp.o
    [192/582] Building CXX object lib/mayaUsd/CMakeFiles/mayaUsd.dir/utils/util.cpp.o
    [193/582] Building CXX object lib/mayaUsd/ufe/CMakeFiles/_ufe.dir/wrapGlobal.cpp.o
    [194/582] Building CXX object lib/usd/translators/CMakeFiles/mayaUsd_Translators.dir/shading/usdFileTextureWriter.cpp.o
    [195/582] Building CXX object lib/mayaUsd/python/CMakeFiles/_mayaUsd.dir/wrapConverter.cpp.o
    [196/582] Building CXX object lib/mayaUsd/render/mayaToHydra/CMakeFiles/mtoh.dir/pluginDebugCodes.cpp.o
    [197/582] Building CXX object lib/mayaUsd/python/CMakeFiles/_mayaUsd.dir/wrapAdaptor.cpp.o
    [198/582] Building CXX object lib/mayaUsd/python/CMakeFiles/_mayaUsd.dir/wrapUsdUndoManager.cpp.o
    [199/582] Building CXX object lib/mayaUsd/python/CMakeFiles/_mayaUsd.dir/wrapRoundTripUtil.cpp.o
    [200/582] Building CXX object lib/mayaUsd/python/CMakeFiles/_mayaUsd.dir/wrapWriteUtil.cpp.o
    [201/582] Building CXX object lib/mayaUsd/python/CMakeFiles/_mayaUsd.dir/wrapMeshWriteUtils.cpp.o
    [202/582] Building CXX object lib/usd/hdMaya/CMakeFiles/hdMaya.dir/utils.cpp.o
    [203/582] Building CXX object lib/mayaUsd/python/CMakeFiles/_mayaUsd.dir/wrapReadUtil.cpp.o
    [204/582] Building CXX object lib/usd/hdMaya/CMakeFiles/hdMaya.dir/debugCodes.cpp.o
    [205/582] Building CXX object lib/usd/hdMaya/CMakeFiles/hdMaya.dir/adapters/adapterDebugCodes.cpp.o
    [206/582] Building CXX object lib/mayaUsd/python/CMakeFiles/_mayaUsd.dir/wrapUserTaggedAttribute.cpp.o
    [207/582] Building CXX object lib/mayaUsd/render/mayaToHydra/CMakeFiles/mtoh.dir/utils.cpp.o
    [208/582] Building CXX object lib/mayaUsd/ufe/CMakeFiles/_ufe.dir/wrapNotice.cpp.o
    [209/582] Building CXX object lib/mayaUsd/python/CMakeFiles/_mayaUsd.dir/wrapXformStack.cpp.o
    [210/582] Building CXX object lib/mayaUsd/ufe/CMakeFiles/_ufe.dir/wrapUtils.cpp.o
    FAILED: lib/mayaUsd/ufe/CMakeFiles/_ufe.dir/wrapUtils.cpp.o
    /opt/rh/devtoolset-6/root/usr/bin/c++  -DMFB_ALT_PACKAGE_NAME=ufe -DMFB_PACKAGE_MODULE=\"mayaUsd.ufe\" -DMFB_PACKAGE_NAME=ufe -DPXR_PLUGINPATH_NAME=PXR_PLUGINPATH_NAME -DPXR_PYTHON_ENABLED=1 -DTBB_SUPPRESS_DEPRECATED_MESSAGES -DWANT_UFE_BUILD -D_ufe_EXPORTS -I/local/S/jenkins/workspace/shared/Artifactory/Linux/rundev-2020/202004291615/runtime/91f4300/runTime/include -I/local/S/jenkins/workspace/shared/Artifactory/Linux/rundev-2020/202004291615/runtime/91f4300/devkitBase/devkit/ufe/include -Iinclude -isystem /local/S/jenkins/workspace/shared/Artifactory/Linux/USD/1628f86/include -isystem /local/S/jenkins/workspace/shared/Artifactory/Linux/rundev-2020/202004291615/runtime/91f4300/runTime/include/Python -O2 -g -DNDEBUG -fPIC   -Wall -Werror -msse3 -Wno-deprecated -Wno-deprecated-declarations -Wno-unused-local-typedefs -std=c++14 -MD -MT lib/mayaUsd/ufe/CMakeFiles/_ufe.dir/wrapUtils.cpp.o -MF lib/mayaUsd/ufe/CMakeFiles/_ufe.dir/wrapUtils.cpp.o.d -o lib/mayaUsd/ufe/CMakeFiles/_ufe.dir/wrapUtils.cpp.o -c /home/S/jenkins/workspace/ecg-mayausd-branch-preflight-2020-linux/ecg-maya-usd/maya-usd/lib/mayaUsd/ufe/wrapUtils.cpp
    /home/S/jenkins/workspace/ecg-mayausd-branch-preflight-2020-linux/ecg-maya-usd/maya-usd/lib/mayaUsd/ufe/wrapUtils.cpp: In function bool isAttributeEditAllowed(const pxrInternal_v0_20__pxrReserved__::UsdAttribute&):
    /home/S/jenkins/workspace/ecg-mayausd-branch-preflight-2020-linux/ecg-maya-usd/maya-usd/lib/mayaUsd/ufe/wrapUtils.cpp:199:59: error: taking address of temporary [-fpermissive]
         return ufe::isAttributeEditAllowed(attr, &std::string());
                                                               ^
    [211/582] Building CXX object lib/usd/hdMaya/CMakeFiles/hdMaya.dir/adapters/adapter.cpp.o
    [212/582] Building CXX object lib/mayaUsd/render/mayaToHydra/CMakeFiles/mtoh.dir/plugin.cpp.o
    [213/582] Building CXX object lib/usd/hdMaya/CMakeFiles/hdMaya.dir/adapters/areaLightAdapter.cpp.o
    [214/582] Building CXX object lib/usd/hdMaya/CMakeFiles/hdMaya.dir/adapters/aiSkydomeLightAdapter.cpp.o
    [215/582] Building CXX object lib/usd/hdMaya/CMakeFiles/hdMaya.dir/adapters/dagAdapter.cpp.o
    [216/582] Building CXX object lib/mayaUsd/render/mayaToHydra/CMakeFiles/mtoh.dir/shadingModeExporter.cpp.o
    [217/582] Building CXX object lib/usd/hdMaya/CMakeFiles/hdMaya.dir/adapters/directionalLightAdapter.cpp.o
    [218/582] Building CXX object lib/mayaUsd/render/mayaToHydra/CMakeFiles/mtoh.dir/viewCommand.cpp.o
    [219/582] Building CXX object lib/mayaUsd/render/mayaToHydra/CMakeFiles/mtoh.dir/defaultLightDelegate.cpp.o
    [220/582] Building CXX object lib/usd/hdMaya/CMakeFiles/hdMaya.dir/adapters/adapterRegistry.cpp.o
    [221/582] Building CXX object lib/usd/hdMaya/CMakeFiles/hdMaya.dir/adapters/lightAdapter.cpp.o
    [222/582] Building CXX object lib/mayaUsd/render/mayaToHydra/CMakeFiles/mtoh.dir/renderOverride.cpp.o
    [223/582] Building CXX object lib/mayaUsd/render/mayaToHydra/CMakeFiles/mtoh.dir/renderGlobals.cpp.o
    [224/582] Building CXX object lib/usd/hdMaya/CMakeFiles/hdMaya.dir/adapters/materialAdapter.cpp.o
    [225/582] Building CXX object lib/usd/hdMaya/CMakeFiles/hdMaya.dir/adapters/proxyAdapter.cpp.o
    ninja: build stopped: subcommand failed.
    
        Building with settings:
          Source directory          /home/S/jenkins/workspace/ecg-mayausd-branch-preflight-2020-linux/ecg-maya-usd/maya-usd
          Workspace directory       /local/S/jenkins/workspace/ecg-mayausd-branch-preflight-2020-linux
          Build directory           /local/S/jenkins/workspace/ecg-mayausd-branch-preflight-2020-linux/build/RelWithDebInfo
          Install directory         /local/S/jenkins/workspace/ecg-mayausd-branch-preflight-2020-linux/install/RelWithDebInfo/MayaUSD
          Variant                   RelWithDebInfo
          Python Debug              Off
          CMake generator           Ninja
          Build arguments           ['-DCMAKE_MAKE_PROGRAM=/local/S/jenkins/workspace/shared/Artifactory/Linux/ninja/1.9.0/aca9939/ninja', '-DPYTHON_INCLUDE_DIR=/local/S/jenkins/workspace/shared/Artifactory/Linux/rundev-2020/202004291615/runtime/91f4300/runTime/include/Python', '-DPython_EXECUTABLE=/local/S/jenkins/workspace/shared/Artifactory/Linux/rundev-2020/202004291615/runtime/91f4300/runTime/bin/mayapy', '-DPYTHON_LIBRARIES=/local/S/jenkins/workspace/shared/Artifactory/Linux/rundev-2020/202004291615/runtime/91f4300/runTime/lib/libpython2.7.so.1.0', '-DMAYAUSD_TO_USD_RELATIVE_PATH=../USD']
          Stages arguments          ['build']
          CTest arguments           ['-E testUsdReferenceAssemblySelection|testUsdMayaAppDir|testUsdMayaReadWriteUtils', '-LE interactive', '--parallel 16']
    #####################################################################################
    log date: 2021-03-17 06:20
    commit sha: 734bff65e7396e3a1bab51c84412f5649676a992
    commit date: Wed Mar 17 06:13:55 2021 -0700
    #####################################################################################
    
    cmake --build . --config RelWithDebInfo  -- -j16
    
    Traceback (most recent call last):
      File "/home/S/jenkins/workspace/ecg-mayausd-branch-preflight-2020-linux/ecg-maya-usd/maya-usd/build.py", line 602, in <module>
        BuildAndInstall(context, context.buildArgs, context.stagesArgs)
      File "/home/S/jenkins/workspace/ecg-mayausd-branch-preflight-2020-linux/ecg-maya-usd/maya-usd/build.py", line 371, in BuildAndInstall
        RunCMake(context, extraArgs, stagesArgs)
      File "/home/S/jenkins/workspace/ecg-mayausd-branch-preflight-2020-linux/ecg-maya-usd/maya-usd/build.py", line 287, in RunCMake
        multiproc=FormatMultiProcs(context.numJobs, generator)))
      File "/home/S/jenkins/workspace/ecg-mayausd-branch-preflight-2020-linux/ecg-maya-usd/maya-usd/build.py", line 165, in Run
        .format(cmd=cmd, log=os.path.abspath(context.logFileLocation)))
    RuntimeError: Failed to run 'cmake --build . --config RelWithDebInfo  -- -j16'
    See /local/S/jenkins/workspace/ecg-mayausd-branch-preflight-2020-linux/build/RelWithDebInfo/build_log.txt for more details.
build.py: error: Command failed with error code: 1
[Pipeline] }
[Pipeline] // withEnv
[Pipeline] }
[Pipeline] // stage
[Pipeline] }
[Pipeline] // timestamps
[Pipeline] }
[Pipeline] // timeout
[Pipeline] emailextrecipients
[Pipeline] echo
No recipients to send notification.
[Pipeline] }
[Pipeline] // node
[Pipeline] End of Pipeline
ERROR: script returned exit code 1
Finished: FAILURE
