[2023-11-14T14:09:49.681Z] ================================================================================
[2023-11-14T14:09:49.681Z]                                  setup (Debug)
[2023-11-14T14:09:49.681Z] ================================================================================
[Pipeline] sh
[2023-11-14T14:09:51.488Z] + python ecg-maya-hydra/build.py --stages=setup --workspace-dir=/local/S/jenkins/workspace/ECP/ecg-maya-hydra/ecg-maya-hydra-branch-preflight-python3-osx --artifactory-dir=/local/S/jenkins/workspace/shared/Artifactory --build-dir=/local/S/jenkins/workspace/ECP/ecg-maya-hydra/ecg-maya-hydra-branch-preflight-python3-osx/build --install-dir=/local/S/jenkins/workspace/ECP/ecg-maya-hydra/ecg-maya-hydra-branch-preflight-python3-osx/install --signing-dir=/local/S/jenkins/workspace/ECP/ecg-maya-hydra/ecg-maya-hydra-branch-preflight-python3-osx/signing --package-dir=/local/S/jenkins/workspace/ECP/ecg-maya-hydra/ecg-maya-hydra-branch-preflight-python3-osx/package --output-dir=/local/S/jenkins/workspace/ECP/ecg-maya-hydra/ecg-maya-hydra-branch-preflight-python3-osx/output --stash-dir=/local/S/jenkins/workspace/ECP/ecg-maya-hydra/ecg-maya-hydra-branch-preflight-python3-osx/stash --jenkins-build=392 --git-commit=c5dcac082fb6a3725feabd24d4269a59833d1fd0 --git-branch=master --variants=RelWithDebInfo --interactive-tests=true --post-zips=false --osx-binary-architecture-target=ub2 --osx-deployment-target=11.0 --osx-base-sdk=CurrentActiveSDK --extra-license-file=ecg-maya-hydra/jenkins-o03-cot/melicense.lic --prune-versions=3 --prune-revisions=3 --maya-cut-config=maya-rundev-master.yaml --maya-package=rundev-master --stage-banner --prune-artifacts --force-pruning
[2023-11-14T14:09:51.489Z] Getting rundev-master download URL from Maya SHA-1 hash
[2023-11-14T14:09:51.489Z] Finding Artifactory servers response times
[2023-11-14T14:09:54.797Z] [VERBOSE] Start loading URL (CURL): https://art-bobcat.autodesk.com/artifactory/api/search/checksum?repos=autodesk-3p-generic,adsk-build-tools-generic,team-ecg-generic,team-maya-generic,oss-stg-generic&sha1=e9a5ae1f0dc869d1ce266337cce0bfcafc9f93bd
[2023-11-14T14:09:54.798Z] [DEBUG] Running: /usr/bin/curl -s -X GET --keepalive-time 10 --connect-timeout 60 --speed-limit 10000 --speed-time 120 --max-time 3600 --retry 5 --retry-max-time 2400 -H Connection:close -H Authorization:Basic ZWNnYmlmcm9zdDpvcGUqKjAw https://art-bobcat.autodesk.com/artifactory/api/search/checksum?repos=autodesk-3p-generic,adsk-build-tools-generic,team-ecg-generic,team-maya-generic,oss-stg-generic&sha1=e9a5ae1f0dc869d1ce266337cce0bfcafc9f93bd
[2023-11-14T14:09:54.798Z] [DEBUG] Output:
[2023-11-14T14:09:54.798Z] {
[2023-11-14T14:09:54.798Z]   "results" : [ {
[2023-11-14T14:09:54.798Z]     "uri" : "https://art-bobcat.autodesk.com:443/artifactory/api/storage/team-maya-generic/Maya/master/pmac/2023-11-06-01-40_068e1a5022/202311060140-068e1a5022-RUNDEV.dmg"
[2023-11-14T14:09:54.798Z]   } ]
[2023-11-14T14:09:54.798Z] }
[2023-11-14T14:09:54.798Z] [VERBOSE] End loading URL (CURL): https://art-bobcat.autodesk.com/artifactory/api/search/checksum?repos=autodesk-3p-generic,adsk-build-tools-generic,team-ecg-generic,team-maya-generic,oss-stg-generic&sha1=e9a5ae1f0dc869d1ce266337cce0bfcafc9f93bd
[2023-11-14T14:09:54.798Z] [VERBOSE] Start loading URL (CURL): https://art-bobcat.autodesk.com:443/artifactory/api/storage/team-maya-generic/Maya/master/pmac/2023-11-06-01-40_068e1a5022/202311060140-068e1a5022-RUNDEV.dmg
[2023-11-14T14:09:54.798Z] [DEBUG] Running: /usr/bin/curl -s -X GET --keepalive-time 10 --connect-timeout 60 --speed-limit 10000 --speed-time 120 --max-time 3600 --retry 5 --retry-max-time 2400 -H Connection:close -H Authorization:Basic ZWNnYmlmcm9zdDpvcGUqKjAw https://art-bobcat.autodesk.com:443/artifactory/api/storage/team-maya-generic/Maya/master/pmac/2023-11-06-01-40_068e1a5022/202311060140-068e1a5022-RUNDEV.dmg
[2023-11-14T14:09:54.798Z] [DEBUG] Output:
[2023-11-14T14:09:54.798Z] {
[2023-11-14T14:09:54.798Z]   "repo" : "team-maya-generic",
[2023-11-14T14:09:54.798Z]   "path" : "/Maya/master/pmac/2023-11-06-01-40_068e1a5022/202311060140-068e1a5022-RUNDEV.dmg",
[2023-11-14T14:09:54.798Z]   "created" : "2023-11-06T02:58:12.280-08:00",
[2023-11-14T14:09:54.798Z]   "createdBy" : "svc_p_mescm",
[2023-11-14T14:09:54.798Z]   "lastModified" : "2023-11-06T02:53:16.851-08:00",
[2023-11-14T14:09:54.798Z]   "modifiedBy" : "svc_p_mescm",
[2023-11-14T14:09:54.798Z]   "lastUpdated" : "2023-11-06T02:58:12.281-08:00",
[2023-11-14T14:09:54.798Z]   "downloadUri" : "https://art-bobcat.autodesk.com:443/artifactory/team-maya-generic/Maya/master/pmac/2023-11-06-01-40_068e1a5022/202311060140-068e1a5022-RUNDEV.dmg",
[2023-11-14T14:09:54.798Z]   "mimeType" : "application/octet-stream",
[2023-11-14T14:09:54.798Z]   "size" : "2830276139",
[2023-11-14T14:09:54.798Z]   "checksums" : {
[2023-11-14T14:09:54.798Z]     "sha1" : "e9a5ae1f0dc869d1ce266337cce0bfcafc9f93bd",
[2023-11-14T14:09:54.798Z]     "md5" : "4f6452550f423ef50a9a210d0e260173",
[2023-11-14T14:09:54.798Z]     "sha256" : "c874ff1ba95f9b674422bbe75abe72228217a6a938f93062d0b641b2609332cc"
[2023-11-14T14:09:54.798Z]   },
[2023-11-14T14:09:54.798Z]   "originalChecksums" : {
[2023-11-14T14:09:54.798Z]     "sha1" : "e9a5ae1f0dc869d1ce266337cce0bfcafc9f93bd",
[2023-11-14T14:09:54.798Z]     "md5" : "4f6452550f423ef50a9a210d0e260173",
[2023-11-14T14:09:54.798Z]     "sha256" : "c874ff1ba95f9b674422bbe75abe72228217a6a938f93062d0b641b2609332cc"
[2023-11-14T14:09:54.798Z]   },
[2023-11-14T14:09:54.798Z]   "uri" : "https://art-bobcat.autodesk.com:443/artifactory/api/storage/team-maya-generic/Maya/master/pmac/2023-11-06-01-40_068e1a5022/202311060140-068e1a5022-RUNDEV.dmg"
[2023-11-14T14:09:54.798Z] }
[2023-11-14T14:09:54.798Z] [VERBOSE] End loading URL (CURL): https://art-bobcat.autodesk.com:443/artifactory/api/storage/team-maya-generic/Maya/master/pmac/2023-11-06-01-40_068e1a5022/202311060140-068e1a5022-RUNDEV.dmg
[2023-11-14T14:09:54.798Z] Using Maya cut from /local/S/jenkins/workspace/shared/Artifactory/OSX/rundev-master/202311060140/runtime/e9a5ae1
[2023-11-14T14:09:54.798Z] Using Maya ADSK Signatures from /local/S/jenkins/workspace/shared/Artifactory/OSX/adsk-plugin-signatures-maya/2023/3ae1ae7
[2023-11-14T14:09:54.798Z] Using Maya Security Library from /local/S/jenkins/workspace/shared/Artifactory/OSX/maya-security-library/3.4.0/5e08f3e
[2023-11-14T14:09:54.798Z] 
[2023-11-14T14:09:54.798Z] ================================================================================
[2023-11-14T14:09:54.798Z]                              setup (RelWithDebInfo)
[2023-11-14T14:09:54.798Z] ================================================================================
[Pipeline] }
[Pipeline] // withEnv
[Pipeline] }
[Pipeline] // timeout
[Pipeline] }
[Pipeline] // stage
[Pipeline] }
[Pipeline] // timestamps
[Pipeline] timestamps
[Pipeline] {
[Pipeline] stage
[Pipeline] { (Clean)
[Pipeline] timeout
[2023-11-14T14:09:55.212Z] Timeout set to expire in 6 hr 0 min
[Pipeline] {
[Pipeline] withEnv
[Pipeline] {
[Pipeline] sh
[2023-11-14T14:09:56.813Z] + python ecg-maya-hydra/build.py --stages=clean --workspace-dir=/local/S/jenkins/workspace/ECP/ecg-maya-hydra/ecg-maya-hydra-branch-preflight-python3-osx --artifactory-dir=/local/S/jenkins/workspace/shared/Artifactory --build-dir=/local/S/jenkins/workspace/ECP/ecg-maya-hydra/ecg-maya-hydra-branch-preflight-python3-osx/build --install-dir=/local/S/jenkins/workspace/ECP/ecg-maya-hydra/ecg-maya-hydra-branch-preflight-python3-osx/install --signing-dir=/local/S/jenkins/workspace/ECP/ecg-maya-hydra/ecg-maya-hydra-branch-preflight-python3-osx/signing --package-dir=/local/S/jenkins/workspace/ECP/ecg-maya-hydra/ecg-maya-hydra-branch-preflight-python3-osx/package --output-dir=/local/S/jenkins/workspace/ECP/ecg-maya-hydra/ecg-maya-hydra-branch-preflight-python3-osx/output --stash-dir=/local/S/jenkins/workspace/ECP/ecg-maya-hydra/ecg-maya-hydra-branch-preflight-python3-osx/stash --jenkins-build=392 --git-commit=c5dcac082fb6a3725feabd24d4269a59833d1fd0 --git-branch=master --variants=Debug --interactive-tests=true --post-zips=false --osx-binary-architecture-target=ub2 --osx-deployment-target=11.0 --osx-base-sdk=CurrentActiveSDK --maya-cut-config=maya-rundev-master-debug.yaml --maya-package=rundev-master-debug --stage-banner
[2023-11-14T14:09:56.813Z] Using Maya cut from /local/S/jenkins/workspace/shared/Artifactory/OSX/rundev-master-debug/202310260154/runtime/3fe4f1c
[2023-11-14T14:09:56.813Z] Using Maya ADSK Signatures from /local/S/jenkins/workspace/shared/Artifactory/OSX/adsk-plugin-signatures-maya/2023/3ae1ae7
[2023-11-14T14:09:56.813Z] Using Maya Security Library from /local/S/jenkins/workspace/shared/Artifactory/OSX/maya-security-library/3.4.0/5e08f3e
[2023-11-14T14:09:56.813Z] 
[2023-11-14T14:09:56.813Z] ================================================================================
[2023-11-14T14:09:56.813Z]                                  clean (Debug)
[2023-11-14T14:09:56.813Z] ================================================================================
[2023-11-14T14:09:56.813Z] Maya Python Debug Info:
[2023-11-14T14:09:56.813Z]   mayapy executable   = /local/S/jenkins/workspace/shared/Artifactory/OSX/rundev-master-debug/202310260154/runtime/3fe4f1c/runTime/Maya.app/Contents/bin/mayapy
[2023-11-14T14:09:56.813Z]   Include Folder      = /local/S/jenkins/workspace/shared/Artifactory/OSX/rundev-master-debug/202310260154/runtime/3fe4f1c/runTime/Maya.app/Contents/Frameworks/Python.framework/Versions/Current/include/python3.10
[2023-11-14T14:09:56.813Z]   Library             = /local/S/jenkins/workspace/shared/Artifactory/OSX/rundev-master-debug/202310260154/runtime/3fe4f1c/runTime/Maya.app/Contents/Frameworks/Python.framework/Versions/Current/lib/libpython3.10.dylib
[2023-11-14T14:09:56.813Z]   site-package Folder = /local/S/jenkins/workspace/shared/Artifactory/OSX/rundev-master-debug/202310260154/runtime/3fe4f1c/runTime/Maya.app/Contents/Frameworks/Python.framework/Versions/Current/lib/python3.10/site-packages
[2023-11-14T14:09:57.348Z] In workdir: /Volumes/DATA/local/S/jenkins/workspace/ECP/ecg-maya-hydra/ecg-maya-hydra-branch-preflight-python3-osx/ecg-maya-hydra/maya-hydra
[2023-11-14T14:09:57.348Z] Executing: arch -arch arm64 /local/S/jenkins/workspace/shared/Artifactory/OSX/rundev-master-debug/202310260154/runtime/3fe4f1c/runTime/Maya.app/Contents/bin/mayapy /Volumes/DATA/local/S/jenkins/workspace/ECP/ecg-maya-hydra/ecg-maya-hydra-branch-preflight-python3-osx/ecg-maya-hydra/maya-hydra/build.py --generator Ninja --build-debug --maya-location /local/S/jenkins/workspace/shared/Artifactory/OSX/rundev-master-debug/202310260154/runtime/3fe4f1c/runTime --devkit-location /local/S/jenkins/workspace/shared/Artifactory/OSX/rundev-master-debug/202310260154/runtime/3fe4f1c/devkitBase --pxrusd-location /local/S/jenkins/workspace/shared/Artifactory/OSX/USD/a9d0dd1 --build-args=-DCMAKE_MAKE_PROGRAM=/local/S/jenkins/workspace/shared/Artifactory/OSX/ninja/1.10.2/95d0ca5/ninja,-DPYTHON_INCLUDE_DIR=/local/S/jenkins/workspace/shared/Artifactory/OSX/rundev-master-debug/202310260154/runtime/3fe4f1c/runTime/Maya.app/Contents/Frameworks/Python.framework/Versions/Current/include/python3.10,-DPython_EXECUTABLE=/local/S/jenkins/workspace/shared/Artifactory/OSX/rundev-master-debug/202310260154/runtime/3fe4f1c/runTime/Maya.app/Contents/bin/mayapy,-DPYTHON_LIBRARIES=/local/S/jenkins/workspace/shared/Artifactory/OSX/rundev-master-debug/202310260154/runtime/3fe4f1c/runTime/Maya.app/Contents/Frameworks/Python.framework/Versions/Current/lib/libpython3.10.dylib,-DBUILD_WITH_PYTHON_3=ON,-DBUILD_WITH_PYTHON_3_VERSION=3.10,-DBUILD_UB2=ON,-DCMAKE_WANT_MATERIALX_BUILD=ON,-DCMAKE_PREFIX_PATH=/local/S/jenkins/workspace/shared/Artifactory/OSX/USD/a9d0dd1 '--ctest-args=--parallel 8' --stages=clean --redirect-outstream-file=False --install-location /local/S/jenkins/workspace/ECP/ecg-maya-hydra/ecg-maya-hydra-branch-preflight-python3-osx/install/Debug/MayaHydra /local/S/jenkins/workspace/ECP/ecg-maya-hydra/ecg-maya-hydra-branch-preflight-python3-osx
[2023-11-14T14:09:57.348Z] Modified environment variables:
[2023-11-14T14:09:57.348Z]     PATH=/local/S/jenkins/workspace/shared/Artifactory/OSX/cmake/3.20.3/2594509/bin:/opt/homebrew/bin:/usr/local/bin:/bin:/usr/sbin:/sbin:/usr/bin:/usr/bin:/bin:/usr/sbin:/sbin
[2023-11-14T14:09:57.348Z]     
[2023-11-14T14:09:57.348Z]         Building with settings:
[2023-11-14T14:09:57.348Z]           Source directory          /Volumes/DATA/local/S/jenkins/workspace/ECP/ecg-maya-hydra/ecg-maya-hydra-branch-preflight-python3-osx/ecg-maya-hydra/maya-hydra
[2023-11-14T14:09:57.348Z]           Workspace directory       /local/S/jenkins/workspace/ECP/ecg-maya-hydra/ecg-maya-hydra-branch-preflight-python3-osx
[2023-11-14T14:09:57.348Z]           Build directory           /local/S/jenkins/workspace/ECP/ecg-maya-hydra/ecg-maya-hydra-branch-preflight-python3-osx/build/Debug
[2023-11-14T14:09:57.348Z]           Install directory         /local/S/jenkins/workspace/ECP/ecg-maya-hydra/ecg-maya-hydra-branch-preflight-python3-osx/install/Debug/MayaHydra
[2023-11-14T14:09:57.348Z]           Variant                   Debug
[2023-11-14T14:09:57.348Z]           Python Debug              Off
[2023-11-14T14:09:57.348Z]           CMake generator           Ninja
[2023-11-14T14:09:57.348Z]           Build arguments           ['-DCMAKE_MAKE_PROGRAM=/local/S/jenkins/workspace/shared/Artifactory/OSX/ninja/1.10.2/95d0ca5/ninja', '-DPYTHON_INCLUDE_DIR=/local/S/jenkins/workspace/shared/Artifactory/OSX/rundev-master-debug/202310260154/runtime/3fe4f1c/runTime/Maya.app/Contents/Frameworks/Python.framework/Versions/Current/include/python3.10', '-DPython_EXECUTABLE=/local/S/jenkins/workspace/shared/Artifactory/OSX/rundev-master-debug/202310260154/runtime/3fe4f1c/runTime/Maya.app/Contents/bin/mayapy', '-DPYTHON_LIBRARIES=/local/S/jenkins/workspace/shared/Artifactory/OSX/rundev-master-debug/202310260154/runtime/3fe4f1c/runTime/Maya.app/Contents/Frameworks/Python.framework/Versions/Current/lib/libpython3.10.dylib', '-DBUILD_WITH_PYTHON_3=ON', '-DBUILD_WITH_PYTHON_3_VERSION=3.10', '-DBUILD_UB2=ON', '-DCMAKE_WANT_MATERIALX_BUILD=ON', '-DCMAKE_PREFIX_PATH=/local/S/jenkins/workspace/shared/Artifactory/OSX/USD/a9d0dd1']
[2023-11-14T14:09:57.348Z]           Stages arguments          ['clean']
[2023-11-14T14:09:57.348Z]           CTest arguments           ['--parallel 8']
[2023-11-14T14:09:57.348Z]     Success MayaHydra build and install !!!!
[2023-11-14T14:09:57.348Z]     Elapsed time: 00:00:00
[Pipeline] sh
[2023-11-14T14:09:59.124Z] + python ecg-maya-hydra/build.py --stages=clean --workspace-dir=/local/S/jenkins/workspace/ECP/ecg-maya-hydra/ecg-maya-hydra-branch-preflight-python3-osx --artifactory-dir=/local/S/jenkins/workspace/shared/Artifactory --build-dir=/local/S/jenkins/workspace/ECP/ecg-maya-hydra/ecg-maya-hydra-branch-preflight-python3-osx/build --install-dir=/local/S/jenkins/workspace/ECP/ecg-maya-hydra/ecg-maya-hydra-branch-preflight-python3-osx/install --signing-dir=/local/S/jenkins/workspace/ECP/ecg-maya-hydra/ecg-maya-hydra-branch-preflight-python3-osx/signing --package-dir=/local/S/jenkins/workspace/ECP/ecg-maya-hydra/ecg-maya-hydra-branch-preflight-python3-osx/package --output-dir=/local/S/jenkins/workspace/ECP/ecg-maya-hydra/ecg-maya-hydra-branch-preflight-python3-osx/output --stash-dir=/local/S/jenkins/workspace/ECP/ecg-maya-hydra/ecg-maya-hydra-branch-preflight-python3-osx/stash --jenkins-build=392 --git-commit=c5dcac082fb6a3725feabd24d4269a59833d1fd0 --git-branch=master --variants=RelWithDebInfo --interactive-tests=true --post-zips=false --osx-binary-architecture-target=ub2 --osx-deployment-target=11.0 --osx-base-sdk=CurrentActiveSDK --maya-cut-config=maya-rundev-master.yaml --maya-package=rundev-master --stage-banner
[2023-11-14T14:09:59.124Z] Using Maya cut from /local/S/jenkins/workspace/shared/Artifactory/OSX/rundev-master/202311060140/runtime/e9a5ae1
[2023-11-14T14:09:59.124Z] Using Maya ADSK Signatures from /local/S/jenkins/workspace/shared/Artifactory/OSX/adsk-plugin-signatures-maya/2023/3ae1ae7
[2023-11-14T14:09:59.124Z] Using Maya Security Library from /local/S/jenkins/workspace/shared/Artifactory/OSX/maya-security-library/3.4.0/5e08f3e
[2023-11-14T14:09:59.124Z] 
[2023-11-14T14:09:59.124Z] ================================================================================
[2023-11-14T14:09:59.124Z]                              clean (RelWithDebInfo)
[2023-11-14T14:09:59.124Z] ================================================================================
[2023-11-14T14:09:59.124Z] Maya Python RelWithDebInfo Info:
[2023-11-14T14:09:59.124Z]   mayapy executable   = /local/S/jenkins/workspace/shared/Artifactory/OSX/rundev-master/202311060140/runtime/e9a5ae1/runTime/Maya.app/Contents/bin/mayapy
[2023-11-14T14:09:59.124Z]   Include Folder      = /local/S/jenkins/workspace/shared/Artifactory/OSX/rundev-master/202311060140/runtime/e9a5ae1/runTime/Maya.app/Contents/Frameworks/Python.framework/Versions/Current/include/python3.10
[2023-11-14T14:09:59.124Z]   Library             = /local/S/jenkins/workspace/shared/Artifactory/OSX/rundev-master/202311060140/runtime/e9a5ae1/runTime/Maya.app/Contents/Frameworks/Python.framework/Versions/Current/lib/libpython3.10.dylib
[2023-11-14T14:09:59.124Z]   site-package Folder = /local/S/jenkins/workspace/shared/Artifactory/OSX/rundev-master/202311060140/runtime/e9a5ae1/runTime/Maya.app/Contents/Frameworks/Python.framework/Versions/Current/lib/python3.10/site-packages
[2023-11-14T14:09:59.661Z] In workdir: /Volumes/DATA/local/S/jenkins/workspace/ECP/ecg-maya-hydra/ecg-maya-hydra-branch-preflight-python3-osx/ecg-maya-hydra/maya-hydra
[2023-11-14T14:09:59.661Z] Executing: arch -arch arm64 /local/S/jenkins/workspace/shared/Artifactory/OSX/rundev-master/202311060140/runtime/e9a5ae1/runTime/Maya.app/Contents/bin/mayapy /Volumes/DATA/local/S/jenkins/workspace/ECP/ecg-maya-hydra/ecg-maya-hydra-branch-preflight-python3-osx/ecg-maya-hydra/maya-hydra/build.py --generator Ninja --build-relwithdebug --maya-location /local/S/jenkins/workspace/shared/Artifactory/OSX/rundev-master/202311060140/runtime/e9a5ae1/runTime --devkit-location /local/S/jenkins/workspace/shared/Artifactory/OSX/rundev-master/202311060140/runtime/e9a5ae1/devkitBase --pxrusd-location /local/S/jenkins/workspace/shared/Artifactory/OSX/USD/b595ab2 --build-args=-DCMAKE_MAKE_PROGRAM=/local/S/jenkins/workspace/shared/Artifactory/OSX/ninja/1.10.2/95d0ca5/ninja,-DPYTHON_INCLUDE_DIR=/local/S/jenkins/workspace/shared/Artifactory/OSX/rundev-master/202311060140/runtime/e9a5ae1/runTime/Maya.app/Contents/Frameworks/Python.framework/Versions/Current/include/python3.10,-DPython_EXECUTABLE=/local/S/jenkins/workspace/shared/Artifactory/OSX/rundev-master/202311060140/runtime/e9a5ae1/runTime/Maya.app/Contents/bin/mayapy,-DPYTHON_LIBRARIES=/local/S/jenkins/workspace/shared/Artifactory/OSX/rundev-master/202311060140/runtime/e9a5ae1/runTime/Maya.app/Contents/Frameworks/Python.framework/Versions/Current/lib/libpython3.10.dylib,-DBUILD_WITH_PYTHON_3=ON,-DBUILD_WITH_PYTHON_3_VERSION=3.10,-DBUILD_UB2=ON,-DCMAKE_WANT_MATERIALX_BUILD=ON,-DCMAKE_PREFIX_PATH=/local/S/jenkins/workspace/shared/Artifactory/OSX/USD/b595ab2 '--ctest-args=--parallel 8' --stages=clean --redirect-outstream-file=False --install-location /local/S/jenkins/workspace/ECP/ecg-maya-hydra/ecg-maya-hydra-branch-preflight-python3-osx/install/RelWithDebInfo/MayaHydra /local/S/jenkins/workspace/ECP/ecg-maya-hydra/ecg-maya-hydra-branch-preflight-python3-osx
[2023-11-14T14:09:59.661Z] Modified environment variables:
[2023-11-14T14:09:59.661Z]     PATH=/local/S/jenkins/workspace/shared/Artifactory/OSX/cmake/3.20.3/2594509/bin:/opt/homebrew/bin:/usr/local/bin:/bin:/usr/sbin:/sbin:/usr/bin:/usr/bin:/bin:/usr/sbin:/sbin
[2023-11-14T14:09:59.661Z]     
[2023-11-14T14:09:59.661Z]         Building with settings:
[2023-11-14T14:09:59.661Z]           Source directory          /Volumes/DATA/local/S/jenkins/workspace/ECP/ecg-maya-hydra/ecg-maya-hydra-branch-preflight-python3-osx/ecg-maya-hydra/maya-hydra
[2023-11-14T14:09:59.661Z]           Workspace directory       /local/S/jenkins/workspace/ECP/ecg-maya-hydra/ecg-maya-hydra-branch-preflight-python3-osx
[2023-11-14T14:09:59.661Z]           Build directory           /local/S/jenkins/workspace/ECP/ecg-maya-hydra/ecg-maya-hydra-branch-preflight-python3-osx/build/RelWithDebInfo
[2023-11-14T14:09:59.661Z]           Install directory         /local/S/jenkins/workspace/ECP/ecg-maya-hydra/ecg-maya-hydra-branch-preflight-python3-osx/install/RelWithDebInfo/MayaHydra
[2023-11-14T14:09:59.661Z]           Variant                   RelWithDebInfo
[2023-11-14T14:09:59.661Z]           Python Debug              Off
[2023-11-14T14:09:59.661Z]           CMake generator           Ninja
[2023-11-14T14:09:59.661Z]           Build arguments           ['-DCMAKE_MAKE_PROGRAM=/local/S/jenkins/workspace/shared/Artifactory/OSX/ninja/1.10.2/95d0ca5/ninja', '-DPYTHON_INCLUDE_DIR=/local/S/jenkins/workspace/shared/Artifactory/OSX/rundev-master/202311060140/runtime/e9a5ae1/runTime/Maya.app/Contents/Frameworks/Python.framework/Versions/Current/include/python3.10', '-DPython_EXECUTABLE=/local/S/jenkins/workspace/shared/Artifactory/OSX/rundev-master/202311060140/runtime/e9a5ae1/runTime/Maya.app/Contents/bin/mayapy', '-DPYTHON_LIBRARIES=/local/S/jenkins/workspace/shared/Artifactory/OSX/rundev-master/202311060140/runtime/e9a5ae1/runTime/Maya.app/Contents/Frameworks/Python.framework/Versions/Current/lib/libpython3.10.dylib', '-DBUILD_WITH_PYTHON_3=ON', '-DBUILD_WITH_PYTHON_3_VERSION=3.10', '-DBUILD_UB2=ON', '-DCMAKE_WANT_MATERIALX_BUILD=ON', '-DCMAKE_PREFIX_PATH=/local/S/jenkins/workspace/shared/Artifactory/OSX/USD/b595ab2']
[2023-11-14T14:09:59.661Z]           Stages arguments          ['clean']
[2023-11-14T14:09:59.661Z]           CTest arguments           ['--parallel 8']
[2023-11-14T14:09:59.661Z]     Success MayaHydra build and install !!!!
[2023-11-14T14:09:59.661Z]     Elapsed time: 00:00:00
[Pipeline] }
[Pipeline] // withEnv
[Pipeline] }
[Pipeline] // timeout
[Pipeline] }
[Pipeline] // stage
[Pipeline] }
[Pipeline] // timestamps
[Pipeline] timestamps
[Pipeline] {
[Pipeline] stage
[Pipeline] { (Configure)
[Pipeline] timeout
[2023-11-14T14:10:00.207Z] Timeout set to expire in 6 hr 0 min
[Pipeline] {
[Pipeline] withEnv
[Pipeline] {
[Pipeline] sh
[2023-11-14T14:10:01.772Z] + python ecg-maya-hydra/build.py --stages=configure --workspace-dir=/local/S/jenkins/workspace/ECP/ecg-maya-hydra/ecg-maya-hydra-branch-preflight-python3-osx --artifactory-dir=/local/S/jenkins/workspace/shared/Artifactory --build-dir=/local/S/jenkins/workspace/ECP/ecg-maya-hydra/ecg-maya-hydra-branch-preflight-python3-osx/build --install-dir=/local/S/jenkins/workspace/ECP/ecg-maya-hydra/ecg-maya-hydra-branch-preflight-python3-osx/install --signing-dir=/local/S/jenkins/workspace/ECP/ecg-maya-hydra/ecg-maya-hydra-branch-preflight-python3-osx/signing --package-dir=/local/S/jenkins/workspace/ECP/ecg-maya-hydra/ecg-maya-hydra-branch-preflight-python3-osx/package --output-dir=/local/S/jenkins/workspace/ECP/ecg-maya-hydra/ecg-maya-hydra-branch-preflight-python3-osx/output --stash-dir=/local/S/jenkins/workspace/ECP/ecg-maya-hydra/ecg-maya-hydra-branch-preflight-python3-osx/stash --jenkins-build=392 --git-commit=c5dcac082fb6a3725feabd24d4269a59833d1fd0 --git-branch=master --variants=Debug --interactive-tests=true --post-zips=false --osx-binary-architecture-target=ub2 --osx-deployment-target=11.0 --osx-base-sdk=CurrentActiveSDK --maya-cut-config=maya-rundev-master-debug.yaml --maya-package=rundev-master-debug --stage-banner
[2023-11-14T14:10:01.772Z] Using Maya cut from /local/S/jenkins/workspace/shared/Artifactory/OSX/rundev-master-debug/202310260154/runtime/3fe4f1c
[2023-11-14T14:10:01.772Z] Using Maya ADSK Signatures from /local/S/jenkins/workspace/shared/Artifactory/OSX/adsk-plugin-signatures-maya/2023/3ae1ae7
[2023-11-14T14:10:01.772Z] Using Maya Security Library from /local/S/jenkins/workspace/shared/Artifactory/OSX/maya-security-library/3.4.0/5e08f3e
[2023-11-14T14:10:01.772Z] 
[2023-11-14T14:10:01.772Z] ================================================================================
[2023-11-14T14:10:01.772Z]                                configure (Debug)
[2023-11-14T14:10:01.772Z] ================================================================================
[2023-11-14T14:10:01.772Z] Maya Python Debug Info:
[2023-11-14T14:10:01.772Z]   mayapy executable   = /local/S/jenkins/workspace/shared/Artifactory/OSX/rundev-master-debug/202310260154/runtime/3fe4f1c/runTime/Maya.app/Contents/bin/mayapy
[2023-11-14T14:10:01.772Z]   Include Folder      = /local/S/jenkins/workspace/shared/Artifactory/OSX/rundev-master-debug/202310260154/runtime/3fe4f1c/runTime/Maya.app/Contents/Frameworks/Python.framework/Versions/Current/include/python3.10
[2023-11-14T14:10:01.772Z]   Library             = /local/S/jenkins/workspace/shared/Artifactory/OSX/rundev-master-debug/202310260154/runtime/3fe4f1c/runTime/Maya.app/Contents/Frameworks/Python.framework/Versions/Current/lib/libpython3.10.dylib
[2023-11-14T14:10:01.772Z]   site-package Folder = /local/S/jenkins/workspace/shared/Artifactory/OSX/rundev-master-debug/202310260154/runtime/3fe4f1c/runTime/Maya.app/Contents/Frameworks/Python.framework/Versions/Current/lib/python3.10/site-packages
[2023-11-14T14:10:01.772Z] In workdir: /Volumes/DATA/local/S/jenkins/workspace/ECP/ecg-maya-hydra/ecg-maya-hydra-branch-preflight-python3-osx/ecg-maya-hydra/maya-hydra
[2023-11-14T14:10:01.772Z] Executing: arch -arch arm64 /local/S/jenkins/workspace/shared/Artifactory/OSX/rundev-master-debug/202310260154/runtime/3fe4f1c/runTime/Maya.app/Contents/bin/mayapy /Volumes/DATA/local/S/jenkins/workspace/ECP/ecg-maya-hydra/ecg-maya-hydra-branch-preflight-python3-osx/ecg-maya-hydra/maya-hydra/build.py --generator Ninja --build-debug --maya-location /local/S/jenkins/workspace/shared/Artifactory/OSX/rundev-master-debug/202310260154/runtime/3fe4f1c/runTime --devkit-location /local/S/jenkins/workspace/shared/Artifactory/OSX/rundev-master-debug/202310260154/runtime/3fe4f1c/devkitBase --pxrusd-location /local/S/jenkins/workspace/shared/Artifactory/OSX/USD/a9d0dd1 --build-args=-DCMAKE_MAKE_PROGRAM=/local/S/jenkins/workspace/shared/Artifactory/OSX/ninja/1.10.2/95d0ca5/ninja,-DPYTHON_INCLUDE_DIR=/local/S/jenkins/workspace/shared/Artifactory/OSX/rundev-master-debug/202310260154/runtime/3fe4f1c/runTime/Maya.app/Contents/Frameworks/Python.framework/Versions/Current/include/python3.10,-DPython_EXECUTABLE=/local/S/jenkins/workspace/shared/Artifactory/OSX/rundev-master-debug/202310260154/runtime/3fe4f1c/runTime/Maya.app/Contents/bin/mayapy,-DPYTHON_LIBRARIES=/local/S/jenkins/workspace/shared/Artifactory/OSX/rundev-master-debug/202310260154/runtime/3fe4f1c/runTime/Maya.app/Contents/Frameworks/Python.framework/Versions/Current/lib/libpython3.10.dylib,-DBUILD_WITH_PYTHON_3=ON,-DBUILD_WITH_PYTHON_3_VERSION=3.10,-DBUILD_UB2=ON,-DCMAKE_WANT_MATERIALX_BUILD=ON,-DCMAKE_PREFIX_PATH=/local/S/jenkins/workspace/shared/Artifactory/OSX/USD/a9d0dd1 '--ctest-args=--parallel 8' --stages=configure --redirect-outstream-file=False --install-location /local/S/jenkins/workspace/ECP/ecg-maya-hydra/ecg-maya-hydra-branch-preflight-python3-osx/install/Debug/MayaHydra /local/S/jenkins/workspace/ECP/ecg-maya-hydra/ecg-maya-hydra-branch-preflight-python3-osx
[2023-11-14T14:10:01.772Z] Modified environment variables:
[2023-11-14T14:10:01.772Z]     PATH=/local/S/jenkins/workspace/shared/Artifactory/OSX/cmake/3.20.3/2594509/bin:/opt/homebrew/bin:/usr/local/bin:/bin:/usr/sbin:/sbin:/usr/bin:/usr/bin:/bin:/usr/sbin:/sbin
[2023-11-14T14:10:15.069Z]     -- The C compiler identification is AppleClang 13.1.6.13160021
[2023-11-14T14:10:15.069Z]     -- The CXX compiler identification is AppleClang 13.1.6.13160021
[2023-11-14T14:10:15.069Z]     -- Detecting C compiler ABI info
[2023-11-14T14:10:15.069Z]     -- Detecting C compiler ABI info - done
[2023-11-14T14:10:15.069Z]     -- Check for working C compiler: /Applications/Xcode.app/Contents/Developer/Toolchains/XcodeDefault.xctoolchain/usr/bin/cc - skipped
[2023-11-14T14:10:15.069Z]     -- Detecting C compile features
[2023-11-14T14:10:15.069Z]     -- Detecting C compile features - done
[2023-11-14T14:10:15.069Z]     -- Detecting CXX compiler ABI info
[2023-11-14T14:10:15.069Z]     -- Detecting CXX compiler ABI info - done
[2023-11-14T14:10:15.069Z]     -- Check for working CXX compiler: /Applications/Xcode.app/Contents/Developer/Toolchains/XcodeDefault.xctoolchain/usr/bin/c++ - skipped
[2023-11-14T14:10:15.069Z]     -- Detecting CXX compile features
[2023-11-14T14:10:15.069Z]     -- Detecting CXX compile features - done
[2023-11-14T14:10:15.069Z]     -- Building with Universal Binary 2
[2023-11-14T14:10:15.069Z]     -- Using Maya Light API Version 3
[2023-11-14T14:10:15.069Z]     -- Maya has setDefaultMaterialHandling API
[2023-11-14T14:10:15.069Z]     -- Maya has new point snapping API
[2023-11-14T14:10:15.069Z]     -- Maya has isInCrashHandler API
[2023-11-14T14:10:15.069Z]     -- Maya has getDisplayStyleOfAllViewports API
[2023-11-14T14:10:15.069Z]     -- Maya array iterator has difference_type trait
[2023-11-14T14:10:15.069Z]     -- MFnSet has getMemberPaths function
[2023-11-14T14:10:15.069Z]     -- MFnDisplayLayer exists
[2023-11-14T14:10:15.069Z]     -- MDisplayLayerMessage has MDisplayLayerMemberChangedFunction
[2023-11-14T14:10:15.069Z]     -- MRenderItem has HideOnPlayback API
[2023-11-14T14:10:15.069Z]     -- MacOSX: Maya was built with Universal Binary 2 (x86_64/arm64)
[2023-11-14T14:10:15.069Z]     -- Found Maya: /local/S/jenkins/workspace/shared/Artifactory/OSX/rundev-master-debug/202310260154/runtime/3fe4f1c/runTime/maya.app/Contents/MacOS/Maya (found suitable version "2025", minimum required is "2024")
[2023-11-14T14:10:15.069Z]     -- Found Python: /local/S/jenkins/workspace/shared/Artifactory/OSX/rundev-master-debug/202310260154/runtime/3fe4f1c/runTime/Maya.app/Contents/bin/mayapy (found suitable exact version "3.10.8") found components: Interpreter
[2023-11-14T14:10:15.069Z]     -- Build mayaHydra with Python3 = ON
[2023-11-14T14:10:15.069Z]     --    PYTHON_INCLUDE_DIRS = /local/S/jenkins/workspace/shared/Artifactory/OSX/rundev-master-debug/202310260154/runtime/3fe4f1c/runTime/Maya.app/Contents/Frameworks/Python.framework/Versions/Current/include/python3.10
[2023-11-14T14:10:15.069Z]     --    PYTHON_LIBRARIES    = /local/S/jenkins/workspace/shared/Artifactory/OSX/rundev-master-debug/202310260154/runtime/3fe4f1c/runTime/Maya.app/Contents/Frameworks/Python.framework/Versions/Current/lib/libpython3.10.dylib
[2023-11-14T14:10:15.069Z]     --    Python_EXECUTABLE   = /local/S/jenkins/workspace/shared/Artifactory/OSX/rundev-master-debug/202310260154/runtime/3fe4f1c/runTime/Maya.app/Contents/bin/mayapy
[2023-11-14T14:10:15.069Z]     -- Found Python3: /local/S/jenkins/workspace/shared/Artifactory/OSX/rundev-master-debug/202310260154/runtime/3fe4f1c/runTime/Maya.app/Contents/Frameworks/Python.framework/Versions/Current/include/python3.10 (found suitable exact version "3.10.8") found components: Development Development.Module Development.Embed
[2023-11-14T14:10:15.069Z]     -- USD has new Sdr.PropertyTypes.Color4
[2023-11-14T14:10:15.069Z]     -- USD has MaterialX metadata support
[2023-11-14T14:10:15.069Z]     -- USD include dir: /local/S/jenkins/workspace/shared/Artifactory/OSX/USD/a9d0dd1/include
[2023-11-14T14:10:15.069Z]     -- USD library dir: /local/S/jenkins/workspace/shared/Artifactory/OSX/USD/a9d0dd1/lib
[2023-11-14T14:10:15.069Z]     -- USD version: 0.23.8
[2023-11-14T14:10:15.069Z]     -- Found USD: /local/S/jenkins/workspace/shared/Artifactory/OSX/USD/a9d0dd1 (found suitable version "0.23.8", minimum required is "0.22.11")
[2023-11-14T14:10:15.069Z]     Updated PYTHONPATH: /local/S/jenkins/workspace/shared/Artifactory/OSX/USD/a9d0dd1/lib/python
[2023-11-14T14:10:15.069Z]     -- Found UFE: /local/S/jenkins/workspace/shared/Artifactory/OSX/rundev-master-debug/202310260154/runtime/3fe4f1c/devkitBase/devkit/ufe/include (found version "0.5.11")
[2023-11-14T14:10:15.069Z]     -- UFE include dir: /local/S/jenkins/workspace/shared/Artifactory/OSX/rundev-master-debug/202310260154/runtime/3fe4f1c/devkitBase/devkit/ufe/include
[2023-11-14T14:10:15.069Z]     -- UFE library: /local/S/jenkins/workspace/shared/Artifactory/OSX/rundev-master-debug/202310260154/runtime/3fe4f1c/devkitBase/devkit/ufe/lib/libufe_0.dylib
[2023-11-14T14:10:15.069Z]     -- UFE version: 0.5.11
[2023-11-14T14:10:15.069Z]     -- Maya has UFE lights API
[2023-11-14T14:10:15.069Z]     -- Maya has UFE scene segment API
[2023-11-14T14:10:15.069Z]     -- Maya has UFE TrieNode childrenComponents accessor
[2023-11-14T14:10:15.069Z]     -- Building with UFE 0.5.11.
[2023-11-14T14:10:15.069Z]     -- Found MaterialX
[2023-11-14T14:10:15.604Z]     -- Performing Test HAVE_STDATOMIC
[2023-11-14T14:10:15.604Z]     -- Performing Test HAVE_STDATOMIC - Success
[2023-11-14T14:10:15.604Z]     -- Found OpenGL: /Applications/Xcode.app/Contents/Developer/Platforms/MacOSX.platform/Developer/SDKs/MacOSX12.3.sdk/System/Library/Frameworks/OpenGL.framework
[2023-11-14T14:10:15.604Z]     -- Check if linker can resolve circular dependencies - TRUE
[2023-11-14T14:10:15.604Z]     -- Found Qt 6.5.2 in Maya devkit. Hydra Scene Browser will be built.
[2023-11-14T14:10:15.604Z]     -- **** Building Gulrak From Github Repository.
[2023-11-14T14:10:15.604Z]     -- Populating gulrak
[2023-11-14T14:10:15.604Z]     -- Configuring done
[2023-11-14T14:10:15.604Z]     -- Generating done
[2023-11-14T14:10:15.604Z]     -- Build files have been written to: /Volumes/DATA/local/S/jenkins/workspace/ECP/ecg-maya-hydra/ecg-maya-hydra-branch-preflight-python3-osx/build/Debug/_deps/gulrak-subbuild
[2023-11-14T14:10:16.139Z]     [1/9] Creating directories for 'gulrak-populate'
[2023-11-14T14:10:16.139Z]     [1/9] Performing download step (git clone) for 'gulrak-populate'
[2023-11-14T14:10:16.139Z]     Cloning into 'gulrak-src'...
[2023-11-14T14:10:16.139Z]     HEAD is now at 4e21ab3 Version bump and updated readme.
[2023-11-14T14:10:16.139Z]     [2/9] Performing update step for 'gulrak-populate'
[2023-11-14T14:10:16.139Z]     [4/9] No patch step for 'gulrak-populate'
[2023-11-14T14:10:16.139Z]     [5/9] No configure step for 'gulrak-populate'
[2023-11-14T14:10:16.139Z]     [6/9] No build step for 'gulrak-populate'
[2023-11-14T14:10:16.139Z]     [7/9] No install step for 'gulrak-populate'
[2023-11-14T14:10:16.139Z]     [8/9] No test step for 'gulrak-populate'
[2023-11-14T14:10:16.139Z]     [9/9] Completed 'gulrak-populate'
[2023-11-14T14:10:16.678Z]     -- ========== Installing GoogleTest... ==========
[2023-11-14T14:10:16.678Z]     -- Configuring done
[2023-11-14T14:10:16.678Z]     -- Generating done
[2023-11-14T14:10:16.678Z]     -- Build files have been written to: /Volumes/DATA/local/S/jenkins/workspace/ECP/ecg-maya-hydra/ecg-maya-hydra-branch-preflight-python3-osx/build/Debug/googletest-config
[2023-11-14T14:10:16.678Z]     [1/8] Creating directories for 'googletest'
[2023-11-14T14:10:17.213Z]     [2/8] Performing download step (git clone) for 'googletest'
[2023-11-14T14:10:17.213Z]     Cloning into 'googletest-src'...
[2023-11-14T14:10:17.213Z]     HEAD is now at 703bd9ca Googletest export
[2023-11-14T14:10:17.213Z]     [3/8] Performing update step for 'googletest'
[2023-11-14T14:10:17.213Z]     [4/8] No patch step for 'googletest'
[2023-11-14T14:10:18.342Z]     [5/8] Performing configure step for 'googletest'
[2023-11-14T14:10:18.342Z]     Not searching for unused variables given on the command line.
[2023-11-14T14:10:18.342Z]     CMake Deprecation Warning at CMakeLists.txt:4 (cmake_minimum_required):
[2023-11-14T14:10:18.342Z]       Compatibility with CMake < 2.8.12 will be removed from a future version of
[2023-11-14T14:10:18.342Z]       CMake.
[2023-11-14T14:10:18.342Z]     
[2023-11-14T14:10:18.342Z]       Update the VERSION argument <min> value or use a ...<max> suffix to tell
[2023-11-14T14:10:18.342Z]       CMake that the project does not need compatibility with older versions.
[2023-11-14T14:10:18.342Z]     
[2023-11-14T14:10:18.342Z]     
[2023-11-14T14:10:18.342Z]     -- The C compiler identification is AppleClang 13.1.6.13160021
[2023-11-14T14:10:18.342Z]     -- The CXX compiler identification is AppleClang 13.1.6.13160021
[2023-11-14T14:10:18.342Z]     -- Detecting C compiler ABI info
[2023-11-14T14:10:18.342Z]     -- Detecting C compiler ABI info - done
[2023-11-14T14:10:18.342Z]     -- Check for working C compiler: /Applications/Xcode.app/Contents/Developer/Toolchains/XcodeDefault.xctoolchain/usr/bin/cc - skipped
[2023-11-14T14:10:18.342Z]     -- Detecting C compile features
[2023-11-14T14:10:18.342Z]     -- Detecting C compile features - done
[2023-11-14T14:10:18.342Z]     -- Detecting CXX compiler ABI info
[2023-11-14T14:10:18.342Z]     -- Detecting CXX compiler ABI info - done
[2023-11-14T14:10:18.342Z]     -- Check for working CXX compiler: /Applications/Xcode.app/Contents/Developer/Toolchains/XcodeDefault.xctoolchain/usr/bin/c++ - skipped
[2023-11-14T14:10:18.342Z]     -- Detecting CXX compile features
[2023-11-14T14:10:18.342Z]     -- Detecting CXX compile features - done
[2023-11-14T14:10:18.342Z]     CMake Deprecation Warning at googletest/CMakeLists.txt:56 (cmake_minimum_required):
[2023-11-14T14:10:18.342Z]       Compatibility with CMake < 2.8.12 will be removed from a future version of
[2023-11-14T14:10:18.342Z]       CMake.
[2023-11-14T14:10:18.342Z]     
[2023-11-14T14:10:18.342Z]       Update the VERSION argument <min> value or use a ...<max> suffix to tell
[2023-11-14T14:10:18.342Z]       CMake that the project does not need compatibility with older versions.
[2023-11-14T14:10:18.342Z]     
[2023-11-14T14:10:18.342Z]     
[2023-11-14T14:10:18.342Z]     -- Found PythonInterp: /usr/local/bin/python (found version "3.10.6")
[2023-11-14T14:10:18.342Z]     -- Looking for pthread.h
[2023-11-14T14:10:18.342Z]     -- Looking for pthread.h - found
[2023-11-14T14:10:18.342Z]     -- Performing Test CMAKE_HAVE_LIBC_PTHREAD
[2023-11-14T14:10:18.342Z]     -- Performing Test CMAKE_HAVE_LIBC_PTHREAD - Success
[2023-11-14T14:10:18.342Z]     -- Found Threads: TRUE
[2023-11-14T14:10:18.342Z]     -- Configuring done
[2023-11-14T14:10:18.342Z]     -- Generating done
[2023-11-14T14:10:18.342Z]     -- Build files have been written to: /Volumes/DATA/local/S/jenkins/workspace/ECP/ecg-maya-hydra/ecg-maya-hydra-branch-preflight-python3-osx/build/Debug/googletest-build
[2023-11-14T14:10:20.833Z]     [6/8] Performing build step for 'googletest'
[2023-11-14T14:10:20.833Z]     [1/4] Building CXX object googletest/CMakeFiles/gtest_main.dir/src/gtest_main.cc.o
[2023-11-14T14:10:20.833Z]     [2/4] Building CXX object googletest/CMakeFiles/gtest.dir/src/gtest-all.cc.o
[2023-11-14T14:10:20.833Z]     [3/4] Linking CXX shared library lib/libgtestd.dylib
[2023-11-14T14:10:20.833Z]     [4/4] Linking CXX shared library lib/libgtest_maind.dylib
[2023-11-14T14:10:20.833Z]     [7/8] Performing install step for 'googletest'
[2023-11-14T14:10:20.833Z]     [0/1] Install the project...
[2023-11-14T14:10:20.833Z]     -- Install configuration: "Debug"
[2023-11-14T14:10:20.833Z]     [8/8] Completed 'googletest'
[2023-11-14T14:10:20.833Z]     -- ========== ...  GoogleTest installed. ==========
[2023-11-14T14:10:20.833Z]     -- Found GTest: /Volumes/DATA/local/S/jenkins/workspace/ECP/ecg-maya-hydra/ecg-maya-hydra-branch-preflight-python3-osx/build/Debug/googletest-install/lib/libgtestd.dylib
[2023-11-14T14:10:20.833Z]     -- promoting: /Volumes/DATA/local/S/jenkins/workspace/ECP/ecg-maya-hydra/ecg-maya-hydra-branch-preflight-python3-osx/ecg-maya-hydra/maya-hydra/lib/mayaHydra/mayaPlugin/pluginUtils.h
[2023-11-14T14:10:20.833Z]     -- promoting: /Volumes/DATA/local/S/jenkins/workspace/ECP/ecg-maya-hydra/ecg-maya-hydra-branch-preflight-python3-osx/ecg-maya-hydra/maya-hydra/lib/mayaHydra/hydraExtensions/api.h
[2023-11-14T14:10:20.833Z]     -- promoting: /Volumes/DATA/local/S/jenkins/workspace/ECP/ecg-maya-hydra/ecg-maya-hydra-branch-preflight-python3-osx/ecg-maya-hydra/maya-hydra/lib/mayaHydra/hydraExtensions/debugCodes.h
[2023-11-14T14:10:20.833Z]     -- promoting: /Volumes/DATA/local/S/jenkins/workspace/ECP/ecg-maya-hydra/ecg-maya-hydra-branch-preflight-python3-osx/ecg-maya-hydra/maya-hydra/lib/mayaHydra/hydraExtensions/hydraUtils.h
[2023-11-14T14:10:20.833Z]     -- promoting: /Volumes/DATA/local/S/jenkins/workspace/ECP/ecg-maya-hydra/ecg-maya-hydra-branch-preflight-python3-osx/ecg-maya-hydra/maya-hydra/lib/mayaHydra/hydraExtensions/mayaHydraLibInterface.h
[2023-11-14T14:10:20.833Z]     -- promoting: /Volumes/DATA/local/S/jenkins/workspace/ECP/ecg-maya-hydra/ecg-maya-hydra-branch-preflight-python3-osx/ecg-maya-hydra/maya-hydra/lib/mayaHydra/hydraExtensions/mayaHydraLibInterfaceImp.h
[2023-11-14T14:10:20.833Z]     -- promoting: /Volumes/DATA/local/S/jenkins/workspace/ECP/ecg-maya-hydra/ecg-maya-hydra-branch-preflight-python3-osx/ecg-maya-hydra/maya-hydra/lib/mayaHydra/hydraExtensions/mayaUtils.h
[2023-11-14T14:10:20.833Z]     -- promoting: /Volumes/DATA/local/S/jenkins/workspace/ECP/ecg-maya-hydra/ecg-maya-hydra-branch-preflight-python3-osx/ecg-maya-hydra/maya-hydra/lib/mayaHydra/hydraExtensions/mixedUtils.h
[2023-11-14T14:10:20.833Z]     -- promoting: /Volumes/DATA/local/S/jenkins/workspace/ECP/ecg-maya-hydra/ecg-maya-hydra-branch-preflight-python3-osx/ecg-maya-hydra/maya-hydra/lib/mayaHydra/hydraExtensions/mayaHydraSceneProducer.h
[2023-11-14T14:10:20.833Z]     -- promoting: /Volumes/DATA/local/S/jenkins/workspace/ECP/ecg-maya-hydra/ecg-maya-hydra-branch-preflight-python3-osx/ecg-maya-hydra/maya-hydra/lib/mayaHydra/hydraExtensions/adapters/adapter.h
[2023-11-14T14:10:20.833Z]     -- promoting: /Volumes/DATA/local/S/jenkins/workspace/ECP/ecg-maya-hydra/ecg-maya-hydra-branch-preflight-python3-osx/ecg-maya-hydra/maya-hydra/lib/mayaHydra/hydraExtensions/adapters/adapterDebugCodes.h
[2023-11-14T14:10:20.833Z]     -- promoting: /Volumes/DATA/local/S/jenkins/workspace/ECP/ecg-maya-hydra/ecg-maya-hydra-branch-preflight-python3-osx/ecg-maya-hydra/maya-hydra/lib/mayaHydra/hydraExtensions/adapters/adapterRegistry.h
[2023-11-14T14:10:20.833Z]     -- promoting: /Volumes/DATA/local/S/jenkins/workspace/ECP/ecg-maya-hydra/ecg-maya-hydra-branch-preflight-python3-osx/ecg-maya-hydra/maya-hydra/lib/mayaHydra/hydraExtensions/adapters/cameraAdapter.h
[2023-11-14T14:10:20.833Z]     -- promoting: /Volumes/DATA/local/S/jenkins/workspace/ECP/ecg-maya-hydra/ecg-maya-hydra-branch-preflight-python3-osx/ecg-maya-hydra/maya-hydra/lib/mayaHydra/hydraExtensions/adapters/constantShadowMatrix.h
[2023-11-14T14:10:20.834Z]     -- promoting: /Volumes/DATA/local/S/jenkins/workspace/ECP/ecg-maya-hydra/ecg-maya-hydra-branch-preflight-python3-osx/ecg-maya-hydra/maya-hydra/lib/mayaHydra/hydraExtensions/adapters/dagAdapter.h
[2023-11-14T14:10:20.834Z]     -- promoting: /Volumes/DATA/local/S/jenkins/workspace/ECP/ecg-maya-hydra/ecg-maya-hydra-branch-preflight-python3-osx/ecg-maya-hydra/maya-hydra/lib/mayaHydra/hydraExtensions/adapters/renderItemAdapter.h
[2023-11-14T14:10:20.834Z]     -- promoting: /Volumes/DATA/local/S/jenkins/workspace/ECP/ecg-maya-hydra/ecg-maya-hydra-branch-preflight-python3-osx/ecg-maya-hydra/maya-hydra/lib/mayaHydra/hydraExtensions/adapters/lightAdapter.h
[2023-11-14T14:10:20.834Z]     -- promoting: /Volumes/DATA/local/S/jenkins/workspace/ECP/ecg-maya-hydra/ecg-maya-hydra-branch-preflight-python3-osx/ecg-maya-hydra/maya-hydra/lib/mayaHydra/hydraExtensions/adapters/materialAdapter.h
[2023-11-14T14:10:20.834Z]     -- promoting: /Volumes/DATA/local/S/jenkins/workspace/ECP/ecg-maya-hydra/ecg-maya-hydra-branch-preflight-python3-osx/ecg-maya-hydra/maya-hydra/lib/mayaHydra/hydraExtensions/adapters/materialNetworkConverter.h
[2023-11-14T14:10:20.834Z]     -- promoting: /Volumes/DATA/local/S/jenkins/workspace/ECP/ecg-maya-hydra/ecg-maya-hydra-branch-preflight-python3-osx/ecg-maya-hydra/maya-hydra/lib/mayaHydra/hydraExtensions/adapters/mayaAttrs.h
[2023-11-14T14:10:20.834Z]     -- promoting: /Volumes/DATA/local/S/jenkins/workspace/ECP/ecg-maya-hydra/ecg-maya-hydra-branch-preflight-python3-osx/ecg-maya-hydra/maya-hydra/lib/mayaHydra/hydraExtensions/adapters/shapeAdapter.h
[2023-11-14T14:10:20.834Z]     -- promoting: /Volumes/DATA/local/S/jenkins/workspace/ECP/ecg-maya-hydra/ecg-maya-hydra-branch-preflight-python3-osx/ecg-maya-hydra/maya-hydra/lib/mayaHydra/hydraExtensions/adapters/tokens.h
[2023-11-14T14:10:20.834Z]     -- promoting: /Volumes/DATA/local/S/jenkins/workspace/ECP/ecg-maya-hydra/ecg-maya-hydra-branch-preflight-python3-osx/ecg-maya-hydra/maya-hydra/lib/mayaHydra/hydraExtensions/delegates/delegate.h
[2023-11-14T14:10:20.834Z]     -- promoting: /Volumes/DATA/local/S/jenkins/workspace/ECP/ecg-maya-hydra/ecg-maya-hydra-branch-preflight-python3-osx/ecg-maya-hydra/maya-hydra/lib/mayaHydra/hydraExtensions/delegates/delegateCtx.h
[2023-11-14T14:10:20.834Z]     -- promoting: /Volumes/DATA/local/S/jenkins/workspace/ECP/ecg-maya-hydra/ecg-maya-hydra-branch-preflight-python3-osx/ecg-maya-hydra/maya-hydra/lib/mayaHydra/hydraExtensions/delegates/delegateDebugCodes.h
[2023-11-14T14:10:20.834Z]     -- promoting: /Volumes/DATA/local/S/jenkins/workspace/ECP/ecg-maya-hydra/ecg-maya-hydra-branch-preflight-python3-osx/ecg-maya-hydra/maya-hydra/lib/mayaHydra/hydraExtensions/delegates/delegateRegistry.h
[2023-11-14T14:10:20.834Z]     -- promoting: /Volumes/DATA/local/S/jenkins/workspace/ECP/ecg-maya-hydra/ecg-maya-hydra-branch-preflight-python3-osx/ecg-maya-hydra/maya-hydra/lib/mayaHydra/hydraExtensions/delegates/params.h
[2023-11-14T14:10:20.834Z]     -- promoting: /Volumes/DATA/local/S/jenkins/workspace/ECP/ecg-maya-hydra/ecg-maya-hydra-branch-preflight-python3-osx/ecg-maya-hydra/maya-hydra/lib/mayaHydra/hydraExtensions/delegates/sceneDelegate.h
[2023-11-14T14:10:20.834Z]     -- promoting: /Volumes/DATA/local/S/jenkins/workspace/ECP/ecg-maya-hydra/ecg-maya-hydra-branch-preflight-python3-osx/ecg-maya-hydra/maya-hydra/lib/mayaHydra/hydraExtensions/delegates/defaultLightDelegate.h
[2023-11-14T14:10:20.834Z]     -- promoting: /Volumes/DATA/local/S/jenkins/workspace/ECP/ecg-maya-hydra/ecg-maya-hydra-branch-preflight-python3-osx/ecg-maya-hydra/maya-hydra/lib/mayaHydra/hydraExtensions/delegates/testDelegate.h
[2023-11-14T14:10:20.834Z]     -- promoting: /Volumes/DATA/local/S/jenkins/workspace/ECP/ecg-maya-hydra/ecg-maya-hydra-branch-preflight-python3-osx/ecg-maya-hydra/maya-hydra/lib/mayaHydra/hydraExtensions/sceneIndex/registration.h
[2023-11-14T14:10:20.834Z]     -- promoting: /Volumes/DATA/local/S/jenkins/workspace/ECP/ecg-maya-hydra/ecg-maya-hydra-branch-preflight-python3-osx/ecg-maya-hydra/maya-hydra/lib/mayaHydra/hydraExtensions/sceneIndex/mayaHydraSceneIndex.h
[2023-11-14T14:10:20.834Z]     -- promoting: /Volumes/DATA/local/S/jenkins/workspace/ECP/ecg-maya-hydra/ecg-maya-hydra-branch-preflight-python3-osx/ecg-maya-hydra/maya-hydra/lib/mayaHydra/hydraExtensions/sceneIndex/mayaHydraDataSource.h
[2023-11-14T14:10:20.834Z]     -- promoting: /Volumes/DATA/local/S/jenkins/workspace/ECP/ecg-maya-hydra/ecg-maya-hydra-branch-preflight-python3-osx/ecg-maya-hydra/maya-hydra/lib/mayaHydra/hydraExtensions/sceneIndex/mayaHydraPrimvarDataSource.h
[2023-11-14T14:10:20.834Z]     -- promoting: /Volumes/DATA/local/S/jenkins/workspace/ECP/ecg-maya-hydra/ecg-maya-hydra-branch-preflight-python3-osx/ecg-maya-hydra/maya-hydra/lib/mayaHydra/hydraExtensions/sceneIndex/mayaHydraDisplayStyleDataSource.h
[2023-11-14T14:10:20.834Z]     -- promoting: /Volumes/DATA/local/S/jenkins/workspace/ECP/ecg-maya-hydra/ecg-maya-hydra-branch-preflight-python3-osx/ecg-maya-hydra/maya-hydra/lib/mayaHydra/hydraExtensions/sceneIndex/mayaHydraCameraDataSource.h
[2023-11-14T14:10:20.834Z]     -- promoting: /Volumes/DATA/local/S/jenkins/workspace/ECP/ecg-maya-hydra/ecg-maya-hydra-branch-preflight-python3-osx/ecg-maya-hydra/maya-hydra/lib/mayaHydra/hydraExtensions/sceneIndex/mayaHydraLightDataSource.h
[2023-11-14T14:10:20.834Z]     -- promoting: /Volumes/DATA/local/S/jenkins/workspace/ECP/ecg-maya-hydra/ecg-maya-hydra-branch-preflight-python3-osx/ecg-maya-hydra/maya-hydra/lib/mayaHydra/hydraExtensions/sceneIndex/mayaHydraDefaultLightDataSource.h
[2023-11-14T14:10:20.834Z]     -- promoting: /Volumes/DATA/local/S/jenkins/workspace/ECP/ecg-maya-hydra/ecg-maya-hydra-branch-preflight-python3-osx/ecg-maya-hydra/maya-hydra/lib/mayaHydra/ufeExtensions/api.h
[2023-11-14T14:10:20.834Z]     -- promoting: /Volumes/DATA/local/S/jenkins/workspace/ECP/ecg-maya-hydra/ecg-maya-hydra-branch-preflight-python3-osx/ecg-maya-hydra/maya-hydra/lib/mayaHydra/ufeExtensions/Global.h
[2023-11-14T14:10:20.834Z]     -- promoting: /Volumes/DATA/local/S/jenkins/workspace/ECP/ecg-maya-hydra/ecg-maya-hydra-branch-preflight-python3-osx/ecg-maya-hydra/maya-hydra/lib/flowViewport/api.h
[2023-11-14T14:10:20.834Z]     -- promoting: /Volumes/DATA/local/S/jenkins/workspace/ECP/ecg-maya-hydra/ecg-maya-hydra-branch-preflight-python3-osx/ecg-maya-hydra/maya-hydra/lib/flowViewport/debugCodes.h
[2023-11-14T14:10:20.834Z]     -- promoting: /Volumes/DATA/local/S/jenkins/workspace/ECP/ecg-maya-hydra/ecg-maya-hydra-branch-preflight-python3-osx/ecg-maya-hydra/maya-hydra/lib/flowViewport/global.h
[2023-11-14T14:10:20.834Z]     -- promoting: /Volumes/DATA/local/S/jenkins/workspace/ECP/ecg-maya-hydra/ecg-maya-hydra-branch-preflight-python3-osx/ecg-maya-hydra/maya-hydra/lib/flowViewport/tokens.h
[2023-11-14T14:10:20.834Z]     -- promoting: /Volumes/DATA/local/S/jenkins/workspace/ECP/ecg-maya-hydra/ecg-maya-hydra-branch-preflight-python3-osx/ecg-maya-hydra/maya-hydra/lib/flowViewport/colorPreferences/fvpColorChanged.h
[2023-11-14T14:10:20.834Z]     -- promoting: /Volumes/DATA/local/S/jenkins/workspace/ECP/ecg-maya-hydra/ecg-maya-hydra-branch-preflight-python3-osx/ecg-maya-hydra/maya-hydra/lib/flowViewport/colorPreferences/fvpColorPreferences.h
[2023-11-14T14:10:20.834Z]     -- promoting: /Volumes/DATA/local/S/jenkins/workspace/ECP/ecg-maya-hydra/ecg-maya-hydra-branch-preflight-python3-osx/ecg-maya-hydra/maya-hydra/lib/flowViewport/colorPreferences/fvpColorPreferencesTokens.h
[2023-11-14T14:10:20.834Z]     -- promoting: /Volumes/DATA/local/S/jenkins/workspace/ECP/ecg-maya-hydra/ecg-maya-hydra-branch-preflight-python3-osx/ecg-maya-hydra/maya-hydra/lib/flowViewport/colorPreferences/fvpColorPreferencesTranslator.h
[2023-11-14T14:10:20.834Z]     -- promoting: /Volumes/DATA/local/S/jenkins/workspace/ECP/ecg-maya-hydra/ecg-maya-hydra-branch-preflight-python3-osx/ecg-maya-hydra/maya-hydra/lib/flowViewport/sceneIndex/fvpMergingSceneIndex.h
[2023-11-14T14:10:20.834Z]     -- promoting: /Volumes/DATA/local/S/jenkins/workspace/ECP/ecg-maya-hydra/ecg-maya-hydra-branch-preflight-python3-osx/ecg-maya-hydra/maya-hydra/lib/flowViewport/sceneIndex/fvpPassThroughSelectionInterfaceSceneIndex.h
[2023-11-14T14:10:20.834Z]     -- promoting: /Volumes/DATA/local/S/jenkins/workspace/ECP/ecg-maya-hydra/ecg-maya-hydra-branch-preflight-python3-osx/ecg-maya-hydra/maya-hydra/lib/flowViewport/sceneIndex/fvpPathInterface.h
[2023-11-14T14:10:20.834Z]     -- promoting: /Volumes/DATA/local/S/jenkins/workspace/ECP/ecg-maya-hydra/ecg-maya-hydra-branch-preflight-python3-osx/ecg-maya-hydra/maya-hydra/lib/flowViewport/sceneIndex/fvpPathInterfaceSceneIndex.h
[2023-11-14T14:10:20.834Z]     -- promoting: /Volumes/DATA/local/S/jenkins/workspace/ECP/ecg-maya-hydra/ecg-maya-hydra-branch-preflight-python3-osx/ecg-maya-hydra/maya-hydra/lib/flowViewport/sceneIndex/fvpRenderIndexProxy.h
[2023-11-14T14:10:20.834Z]     -- promoting: /Volumes/DATA/local/S/jenkins/workspace/ECP/ecg-maya-hydra/ecg-maya-hydra-branch-preflight-python3-osx/ecg-maya-hydra/maya-hydra/lib/flowViewport/sceneIndex/fvpSelectionInterface.h
[2023-11-14T14:10:20.834Z]     -- promoting: /Volumes/DATA/local/S/jenkins/workspace/ECP/ecg-maya-hydra/ecg-maya-hydra-branch-preflight-python3-osx/ecg-maya-hydra/maya-hydra/lib/flowViewport/sceneIndex/fvpSelectionSceneIndex.h
[2023-11-14T14:10:20.834Z]     -- promoting: /Volumes/DATA/local/S/jenkins/workspace/ECP/ecg-maya-hydra/ecg-maya-hydra-branch-preflight-python3-osx/ecg-maya-hydra/maya-hydra/lib/flowViewport/sceneIndex/fvpWireframeSelectionHighlightSceneIndex.h
[2023-11-14T14:10:20.834Z]     -- promoting: /Volumes/DATA/local/S/jenkins/workspace/ECP/ecg-maya-hydra/ecg-maya-hydra-branch-preflight-python3-osx/ecg-maya-hydra/maya-hydra/lib/flowViewport/API/fvpSelectionClient.h
[2023-11-14T14:10:20.834Z]     -- promoting: /Volumes/DATA/local/S/jenkins/workspace/ECP/ecg-maya-hydra/ecg-maya-hydra-branch-preflight-python3-osx/ecg-maya-hydra/maya-hydra/lib/flowViewport/API/fvpFlowSelectionInterface.h
[2023-11-14T14:10:20.834Z]     -- promoting: /Volumes/DATA/local/S/jenkins/workspace/ECP/ecg-maya-hydra/ecg-maya-hydra-branch-preflight-python3-osx/ecg-maya-hydra/maya-hydra/lib/flowViewport/API/fvpVersionInterface.h
[2023-11-14T14:10:20.834Z]     -- promoting: /Volumes/DATA/local/S/jenkins/workspace/ECP/ecg-maya-hydra/ecg-maya-hydra-branch-preflight-python3-osx/ecg-maya-hydra/maya-hydra/lib/flowViewport/API/fvpInformationInterface.h
[2023-11-14T14:10:20.834Z]     -- promoting: /Volumes/DATA/local/S/jenkins/workspace/ECP/ecg-maya-hydra/ecg-maya-hydra-branch-preflight-python3-osx/ecg-maya-hydra/maya-hydra/lib/flowViewport/API/fvpInformationClient.h
[2023-11-14T14:10:20.834Z]     -- promoting: /Volumes/DATA/local/S/jenkins/workspace/ECP/ecg-maya-hydra/ecg-maya-hydra-branch-preflight-python3-osx/ecg-maya-hydra/maya-hydra/lib/flowViewport/API/interfacesImp/fvpSelectionInterfaceImp.h
[2023-11-14T14:10:20.834Z]     -- promoting: /Volumes/DATA/local/S/jenkins/workspace/ECP/ecg-maya-hydra/ecg-maya-hydra-branch-preflight-python3-osx/ecg-maya-hydra/maya-hydra/lib/flowViewport/API/interfacesImp/fvpVersionInterfaceImp.h
[2023-11-14T14:10:20.834Z]     -- promoting: /Volumes/DATA/local/S/jenkins/workspace/ECP/ecg-maya-hydra/ecg-maya-hydra-branch-preflight-python3-osx/ecg-maya-hydra/maya-hydra/lib/flowViewport/API/interfacesImp/fvpInformationInterfaceImp.h
[2023-11-14T14:10:20.834Z]     -- promoting: /Volumes/DATA/local/S/jenkins/workspace/ECP/ecg-maya-hydra/ecg-maya-hydra-branch-preflight-python3-osx/ecg-maya-hydra/maya-hydra/lib/flowViewport/API/samples/fvpSelectionClientExample.h
[2023-11-14T14:10:20.834Z]     -- promoting: /Volumes/DATA/local/S/jenkins/workspace/ECP/ecg-maya-hydra/ecg-maya-hydra-branch-preflight-python3-osx/ecg-maya-hydra/maya-hydra/lib/flowViewport/API/samples/fvpInformationClientExample.h
[2023-11-14T14:10:20.834Z]     -- promoting: /Volumes/DATA/local/S/jenkins/workspace/ECP/ecg-maya-hydra/ecg-maya-hydra-branch-preflight-python3-osx/ecg-maya-hydra/maya-hydra/lib/flowViewport/API/perViewportSceneIndicesData/fvpViewportInformationAndSceneIndicesPerViewportData.h
[2023-11-14T14:10:20.834Z]     -- promoting: /Volumes/DATA/local/S/jenkins/workspace/ECP/ecg-maya-hydra/ecg-maya-hydra-branch-preflight-python3-osx/ecg-maya-hydra/maya-hydra/lib/flowViewport/API/perViewportSceneIndicesData/fvpViewportInformationAndSceneIndicesPerViewportDataManager.h
[2023-11-14T14:10:20.834Z]     -- promoting: /Volumes/DATA/local/S/jenkins/workspace/ECP/ecg-maya-hydra/ecg-maya-hydra-branch-preflight-python3-osx/ecg-maya-hydra/maya-hydra/lib/flowViewport/selection/fvpSelectionTracker.h
[2023-11-14T14:10:20.834Z]     -- promoting: /Volumes/DATA/local/S/jenkins/workspace/ECP/ecg-maya-hydra/ecg-maya-hydra-branch-preflight-python3-osx/ecg-maya-hydra/maya-hydra/lib/flowViewport/selection/fvpSelectionTask.h
[2023-11-14T14:10:21.971Z]     -- Configuring done
[2023-11-14T14:10:21.971Z]     -- Generating done
[2023-11-14T14:10:21.971Z]     -- Build files have been written to: /Volumes/DATA/local/S/jenkins/workspace/ECP/ecg-maya-hydra/ecg-maya-hydra-branch-preflight-python3-osx/build/Debug
[2023-11-14T14:10:21.971Z]     
[2023-11-14T14:10:21.971Z]         Building with settings:
[2023-11-14T14:10:21.971Z]           Source directory          /Volumes/DATA/local/S/jenkins/workspace/ECP/ecg-maya-hydra/ecg-maya-hydra-branch-preflight-python3-osx/ecg-maya-hydra/maya-hydra
[2023-11-14T14:10:21.971Z]           Workspace directory       /local/S/jenkins/workspace/ECP/ecg-maya-hydra/ecg-maya-hydra-branch-preflight-python3-osx
[2023-11-14T14:10:21.971Z]           Build directory           /local/S/jenkins/workspace/ECP/ecg-maya-hydra/ecg-maya-hydra-branch-preflight-python3-osx/build/Debug
[2023-11-14T14:10:21.971Z]           Install directory         /local/S/jenkins/workspace/ECP/ecg-maya-hydra/ecg-maya-hydra-branch-preflight-python3-osx/install/Debug/MayaHydra
[2023-11-14T14:10:21.971Z]           Variant                   Debug
[2023-11-14T14:10:21.971Z]           Python Debug              Off
[2023-11-14T14:10:21.971Z]           CMake generator           Ninja
[2023-11-14T14:10:21.971Z]           Build arguments           ['-DCMAKE_MAKE_PROGRAM=/local/S/jenkins/workspace/shared/Artifactory/OSX/ninja/1.10.2/95d0ca5/ninja', '-DPYTHON_INCLUDE_DIR=/local/S/jenkins/workspace/shared/Artifactory/OSX/rundev-master-debug/202310260154/runtime/3fe4f1c/runTime/Maya.app/Contents/Frameworks/Python.framework/Versions/Current/include/python3.10', '-DPython_EXECUTABLE=/local/S/jenkins/workspace/shared/Artifactory/OSX/rundev-master-debug/202310260154/runtime/3fe4f1c/runTime/Maya.app/Contents/bin/mayapy', '-DPYTHON_LIBRARIES=/local/S/jenkins/workspace/shared/Artifactory/OSX/rundev-master-debug/202310260154/runtime/3fe4f1c/runTime/Maya.app/Contents/Frameworks/Python.framework/Versions/Current/lib/libpython3.10.dylib', '-DBUILD_WITH_PYTHON_3=ON', '-DBUILD_WITH_PYTHON_3_VERSION=3.10', '-DBUILD_UB2=ON', '-DCMAKE_WANT_MATERIALX_BUILD=ON', '-DCMAKE_PREFIX_PATH=/local/S/jenkins/workspace/shared/Artifactory/OSX/USD/a9d0dd1']
[2023-11-14T14:10:21.971Z]           Stages arguments          ['configure']
[2023-11-14T14:10:21.971Z]           CTest arguments           ['--parallel 8']
[2023-11-14T14:10:21.971Z]     STATUS: Could not find Maya Qt6.
[2023-11-14T14:10:21.971Z]     STATUS:   Extracting '/local/S/jenkins/workspace/shared/Artifactory/OSX/rundev-master-debug/202310260154/runtime/3fe4f1c/devkitBase/Qt.tgz' to '/local/S/jenkins/workspace/shared/Artifactory/OSX/rundev-master-debug/202310260154/runtime/3fe4f1c/devkitBase'
[2023-11-14T14:10:21.971Z]     Success MayaHydra build and install !!!!
[2023-11-14T14:10:21.971Z]     Elapsed time: 00:00:09
[Pipeline] sh
[2023-11-14T14:10:23.953Z] + python ecg-maya-hydra/build.py --stages=configure --workspace-dir=/local/S/jenkins/workspace/ECP/ecg-maya-hydra/ecg-maya-hydra-branch-preflight-python3-osx --artifactory-dir=/local/S/jenkins/workspace/shared/Artifactory --build-dir=/local/S/jenkins/workspace/ECP/ecg-maya-hydra/ecg-maya-hydra-branch-preflight-python3-osx/build --install-dir=/local/S/jenkins/workspace/ECP/ecg-maya-hydra/ecg-maya-hydra-branch-preflight-python3-osx/install --signing-dir=/local/S/jenkins/workspace/ECP/ecg-maya-hydra/ecg-maya-hydra-branch-preflight-python3-osx/signing --package-dir=/local/S/jenkins/workspace/ECP/ecg-maya-hydra/ecg-maya-hydra-branch-preflight-python3-osx/package --output-dir=/local/S/jenkins/workspace/ECP/ecg-maya-hydra/ecg-maya-hydra-branch-preflight-python3-osx/output --stash-dir=/local/S/jenkins/workspace/ECP/ecg-maya-hydra/ecg-maya-hydra-branch-preflight-python3-osx/stash --jenkins-build=392 --git-commit=c5dcac082fb6a3725feabd24d4269a59833d1fd0 --git-branch=master --variants=RelWithDebInfo --interactive-tests=true --post-zips=false --osx-binary-architecture-target=ub2 --osx-deployment-target=11.0 --osx-base-sdk=CurrentActiveSDK --maya-cut-config=maya-rundev-master.yaml --maya-package=rundev-master --stage-banner
[2023-11-14T14:10:23.953Z] Using Maya cut from /local/S/jenkins/workspace/shared/Artifactory/OSX/rundev-master/202311060140/runtime/e9a5ae1
[2023-11-14T14:10:23.953Z] Using Maya ADSK Signatures from /local/S/jenkins/workspace/shared/Artifactory/OSX/adsk-plugin-signatures-maya/2023/3ae1ae7
[2023-11-14T14:10:23.953Z] Using Maya Security Library from /local/S/jenkins/workspace/shared/Artifactory/OSX/maya-security-library/3.4.0/5e08f3e
[2023-11-14T14:10:23.953Z] 
[2023-11-14T14:10:23.953Z] ================================================================================
[2023-11-14T14:10:23.953Z]                            configure (RelWithDebInfo)
[2023-11-14T14:10:23.953Z] ================================================================================
[2023-11-14T14:10:23.953Z] Maya Python RelWithDebInfo Info:
[2023-11-14T14:10:23.953Z]   mayapy executable   = /local/S/jenkins/workspace/shared/Artifactory/OSX/rundev-master/202311060140/runtime/e9a5ae1/runTime/Maya.app/Contents/bin/mayapy
[2023-11-14T14:10:23.953Z]   Include Folder      = /local/S/jenkins/workspace/shared/Artifactory/OSX/rundev-master/202311060140/runtime/e9a5ae1/runTime/Maya.app/Contents/Frameworks/Python.framework/Versions/Current/include/python3.10
[2023-11-14T14:10:23.953Z]   Library             = /local/S/jenkins/workspace/shared/Artifactory/OSX/rundev-master/202311060140/runtime/e9a5ae1/runTime/Maya.app/Contents/Frameworks/Python.framework/Versions/Current/lib/libpython3.10.dylib
[2023-11-14T14:10:23.953Z]   site-package Folder = /local/S/jenkins/workspace/shared/Artifactory/OSX/rundev-master/202311060140/runtime/e9a5ae1/runTime/Maya.app/Contents/Frameworks/Python.framework/Versions/Current/lib/python3.10/site-packages
[2023-11-14T14:10:23.953Z] In workdir: /Volumes/DATA/local/S/jenkins/workspace/ECP/ecg-maya-hydra/ecg-maya-hydra-branch-preflight-python3-osx/ecg-maya-hydra/maya-hydra
[2023-11-14T14:10:23.953Z] Executing: arch -arch arm64 /local/S/jenkins/workspace/shared/Artifactory/OSX/rundev-master/202311060140/runtime/e9a5ae1/runTime/Maya.app/Contents/bin/mayapy /Volumes/DATA/local/S/jenkins/workspace/ECP/ecg-maya-hydra/ecg-maya-hydra-branch-preflight-python3-osx/ecg-maya-hydra/maya-hydra/build.py --generator Ninja --build-relwithdebug --maya-location /local/S/jenkins/workspace/shared/Artifactory/OSX/rundev-master/202311060140/runtime/e9a5ae1/runTime --devkit-location /local/S/jenkins/workspace/shared/Artifactory/OSX/rundev-master/202311060140/runtime/e9a5ae1/devkitBase --pxrusd-location /local/S/jenkins/workspace/shared/Artifactory/OSX/USD/b595ab2 --build-args=-DCMAKE_MAKE_PROGRAM=/local/S/jenkins/workspace/shared/Artifactory/OSX/ninja/1.10.2/95d0ca5/ninja,-DPYTHON_INCLUDE_DIR=/local/S/jenkins/workspace/shared/Artifactory/OSX/rundev-master/202311060140/runtime/e9a5ae1/runTime/Maya.app/Contents/Frameworks/Python.framework/Versions/Current/include/python3.10,-DPython_EXECUTABLE=/local/S/jenkins/workspace/shared/Artifactory/OSX/rundev-master/202311060140/runtime/e9a5ae1/runTime/Maya.app/Contents/bin/mayapy,-DPYTHON_LIBRARIES=/local/S/jenkins/workspace/shared/Artifactory/OSX/rundev-master/202311060140/runtime/e9a5ae1/runTime/Maya.app/Contents/Frameworks/Python.framework/Versions/Current/lib/libpython3.10.dylib,-DBUILD_WITH_PYTHON_3=ON,-DBUILD_WITH_PYTHON_3_VERSION=3.10,-DBUILD_UB2=ON,-DCMAKE_WANT_MATERIALX_BUILD=ON,-DCMAKE_PREFIX_PATH=/local/S/jenkins/workspace/shared/Artifactory/OSX/USD/b595ab2 '--ctest-args=--parallel 8' --stages=configure --redirect-outstream-file=False --install-location /local/S/jenkins/workspace/ECP/ecg-maya-hydra/ecg-maya-hydra-branch-preflight-python3-osx/install/RelWithDebInfo/MayaHydra /local/S/jenkins/workspace/ECP/ecg-maya-hydra/ecg-maya-hydra-branch-preflight-python3-osx
[2023-11-14T14:10:23.953Z] Modified environment variables:
[2023-11-14T14:10:23.953Z]     PATH=/local/S/jenkins/workspace/shared/Artifactory/OSX/cmake/3.20.3/2594509/bin:/opt/homebrew/bin:/usr/local/bin:/bin:/usr/sbin:/sbin:/usr/bin:/usr/bin:/bin:/usr/sbin:/sbin
[2023-11-14T14:10:35.120Z]     -- The C compiler identification is AppleClang 13.1.6.13160021
[2023-11-14T14:10:35.120Z]     -- The CXX compiler identification is AppleClang 13.1.6.13160021
[2023-11-14T14:10:35.120Z]     -- Detecting C compiler ABI info
[2023-11-14T14:10:35.120Z]     -- Detecting C compiler ABI info - done
[2023-11-14T14:10:35.120Z]     -- Check for working C compiler: /Applications/Xcode.app/Contents/Developer/Toolchains/XcodeDefault.xctoolchain/usr/bin/cc - skipped
[2023-11-14T14:10:35.120Z]     -- Detecting C compile features
[2023-11-14T14:10:35.120Z]     -- Detecting C compile features - done
[2023-11-14T14:10:35.120Z]     -- Detecting CXX compiler ABI info
[2023-11-14T14:10:35.655Z]     -- Detecting CXX compiler ABI info - done
[2023-11-14T14:10:35.655Z]     -- Check for working CXX compiler: /Applications/Xcode.app/Contents/Developer/Toolchains/XcodeDefault.xctoolchain/usr/bin/c++ - skipped
[2023-11-14T14:10:35.655Z]     -- Detecting CXX compile features
[2023-11-14T14:10:35.655Z]     -- Detecting CXX compile features - done
[2023-11-14T14:10:35.655Z]     -- Building with Universal Binary 2
[2023-11-14T14:10:36.191Z]     -- Using Maya Light API Version 3
[2023-11-14T14:10:36.191Z]     -- Maya has setDefaultMaterialHandling API
[2023-11-14T14:10:36.191Z]     -- Maya has new point snapping API
[2023-11-14T14:10:36.191Z]     -- Maya has isInCrashHandler API
[2023-11-14T14:10:36.191Z]     -- Maya has getDisplayStyleOfAllViewports API
[2023-11-14T14:10:36.191Z]     -- Maya array iterator has difference_type trait
[2023-11-14T14:10:36.191Z]     -- MFnSet has getMemberPaths function
[2023-11-14T14:10:36.191Z]     -- MFnDisplayLayer exists
[2023-11-14T14:10:36.191Z]     -- MDisplayLayerMessage has MDisplayLayerMemberChangedFunction
[2023-11-14T14:10:36.191Z]     -- MRenderItem has HideOnPlayback API
[2023-11-14T14:10:36.191Z]     -- MacOSX: Maya was built with Universal Binary 2 (x86_64/arm64)
[2023-11-14T14:10:36.191Z]     -- Found Maya: /local/S/jenkins/workspace/shared/Artifactory/OSX/rundev-master/202311060140/runtime/e9a5ae1/runTime/maya.app/Contents/MacOS/Maya (found suitable version "2025", minimum required is "2024")
[2023-11-14T14:10:36.191Z]     -- Found Python: /local/S/jenkins/workspace/shared/Artifactory/OSX/rundev-master/202311060140/runtime/e9a5ae1/runTime/Maya.app/Contents/bin/mayapy (found suitable exact version "3.10.8") found components: Interpreter
[2023-11-14T14:10:36.191Z]     -- Build mayaHydra with Python3 = ON
[2023-11-14T14:10:36.191Z]     --    PYTHON_INCLUDE_DIRS = /local/S/jenkins/workspace/shared/Artifactory/OSX/rundev-master/202311060140/runtime/e9a5ae1/runTime/Maya.app/Contents/Frameworks/Python.framework/Versions/Current/include/python3.10
[2023-11-14T14:10:36.191Z]     --    PYTHON_LIBRARIES    = /local/S/jenkins/workspace/shared/Artifactory/OSX/rundev-master/202311060140/runtime/e9a5ae1/runTime/Maya.app/Contents/Frameworks/Python.framework/Versions/Current/lib/libpython3.10.dylib
[2023-11-14T14:10:36.191Z]     --    Python_EXECUTABLE   = /local/S/jenkins/workspace/shared/Artifactory/OSX/rundev-master/202311060140/runtime/e9a5ae1/runTime/Maya.app/Contents/bin/mayapy
[2023-11-14T14:10:36.191Z]     -- Found Python3: /local/S/jenkins/workspace/shared/Artifactory/OSX/rundev-master/202311060140/runtime/e9a5ae1/runTime/Maya.app/Contents/Frameworks/Python.framework/Versions/Current/include/python3.10 (found suitable exact version "3.10.8") found components: Development Development.Module Development.Embed
[2023-11-14T14:10:36.191Z]     -- USD has new Sdr.PropertyTypes.Color4
[2023-11-14T14:10:36.726Z]     -- USD has MaterialX metadata support
[2023-11-14T14:10:36.726Z]     -- USD include dir: /local/S/jenkins/workspace/shared/Artifactory/OSX/USD/b595ab2/include
[2023-11-14T14:10:36.726Z]     -- USD library dir: /local/S/jenkins/workspace/shared/Artifactory/OSX/USD/b595ab2/lib
[2023-11-14T14:10:36.726Z]     -- USD version: 0.23.8
[2023-11-14T14:10:36.726Z]     -- Found USD: /local/S/jenkins/workspace/shared/Artifactory/OSX/USD/b595ab2 (found suitable version "0.23.8", minimum required is "0.22.11")
[2023-11-14T14:10:36.726Z]     Updated PYTHONPATH: /local/S/jenkins/workspace/shared/Artifactory/OSX/USD/b595ab2/lib/python
[2023-11-14T14:10:36.726Z]     -- Found UFE: /local/S/jenkins/workspace/shared/Artifactory/OSX/rundev-master/202311060140/runtime/e9a5ae1/devkitBase/devkit/ufe/include (found version "0.5.11")
[2023-11-14T14:10:36.726Z]     -- UFE include dir: /local/S/jenkins/workspace/shared/Artifactory/OSX/rundev-master/202311060140/runtime/e9a5ae1/devkitBase/devkit/ufe/include
[2023-11-14T14:10:36.726Z]     -- UFE library: /local/S/jenkins/workspace/shared/Artifactory/OSX/rundev-master/202311060140/runtime/e9a5ae1/devkitBase/devkit/ufe/lib/libufe_0.dylib
[2023-11-14T14:10:36.726Z]     -- UFE version: 0.5.11
[2023-11-14T14:10:36.726Z]     -- Maya has UFE lights API
[2023-11-14T14:10:36.726Z]     -- Maya has UFE scene segment API
[2023-11-14T14:10:36.726Z]     -- Maya has UFE TrieNode childrenComponents accessor
[2023-11-14T14:10:36.726Z]     -- Building with UFE 0.5.11.
[2023-11-14T14:10:36.726Z]     -- Found MaterialX
[2023-11-14T14:10:36.726Z]     -- Performing Test HAVE_STDATOMIC
[2023-11-14T14:10:36.726Z]     -- Performing Test HAVE_STDATOMIC - Success
[2023-11-14T14:10:36.726Z]     -- Found OpenGL: /Applications/Xcode.app/Contents/Developer/Platforms/MacOSX.platform/Developer/SDKs/MacOSX12.3.sdk/System/Library/Frameworks/OpenGL.framework
[2023-11-14T14:10:37.263Z]     -- Check if linker can resolve circular dependencies - TRUE
[2023-11-14T14:10:37.263Z]     -- Found Qt 6.5.2 in Maya devkit. Hydra Scene Browser will be built.
[2023-11-14T14:10:37.263Z]     -- **** Building Gulrak From Github Repository.
[2023-11-14T14:10:37.263Z]     -- Populating gulrak
[2023-11-14T14:10:37.263Z]     -- Configuring done
[2023-11-14T14:10:37.263Z]     -- Generating done
[2023-11-14T14:10:37.263Z]     -- Build files have been written to: /Volumes/DATA/local/S/jenkins/workspace/ECP/ecg-maya-hydra/ecg-maya-hydra-branch-preflight-python3-osx/build/RelWithDebInfo/_deps/gulrak-subbuild
[2023-11-14T14:10:37.263Z]     [1/9] Creating directories for 'gulrak-populate'
[2023-11-14T14:10:37.263Z]     [1/9] Performing download step (git clone) for 'gulrak-populate'
[2023-11-14T14:10:37.263Z]     Cloning into 'gulrak-src'...
[2023-11-14T14:10:37.263Z]     HEAD is now at 4e21ab3 Version bump and updated readme.
[2023-11-14T14:10:37.799Z]     [2/9] Performing update step for 'gulrak-populate'
[2023-11-14T14:10:37.799Z]     [4/9] No patch step for 'gulrak-populate'
[2023-11-14T14:10:37.799Z]     [5/9] No configure step for 'gulrak-populate'
[2023-11-14T14:10:37.799Z]     [6/9] No build step for 'gulrak-populate'
[2023-11-14T14:10:37.799Z]     [7/9] No install step for 'gulrak-populate'
[2023-11-14T14:10:37.799Z]     [8/9] No test step for 'gulrak-populate'
[2023-11-14T14:10:37.799Z]     [9/9] Completed 'gulrak-populate'
[2023-11-14T14:10:37.799Z]     -- ========== Installing GoogleTest... ==========
[2023-11-14T14:10:37.799Z]     -- Configuring done
[2023-11-14T14:10:37.799Z]     -- Generating done
[2023-11-14T14:10:37.799Z]     -- Build files have been written to: /Volumes/DATA/local/S/jenkins/workspace/ECP/ecg-maya-hydra/ecg-maya-hydra-branch-preflight-python3-osx/build/RelWithDebInfo/googletest-config
[2023-11-14T14:10:37.799Z]     [1/8] Creating directories for 'googletest'
[2023-11-14T14:10:38.920Z]     [2/8] Performing download step (git clone) for 'googletest'
[2023-11-14T14:10:38.920Z]     Cloning into 'googletest-src'...
[2023-11-14T14:10:38.920Z]     HEAD is now at 703bd9ca Googletest export
[2023-11-14T14:10:38.920Z]     [3/8] Performing update step for 'googletest'
[2023-11-14T14:10:38.920Z]     [4/8] No patch step for 'googletest'
[2023-11-14T14:10:39.457Z]     [5/8] Performing configure step for 'googletest'
[2023-11-14T14:10:39.457Z]     Not searching for unused variables given on the command line.
[2023-11-14T14:10:39.457Z]     CMake Deprecation Warning at CMakeLists.txt:4 (cmake_minimum_required):
[2023-11-14T14:10:39.457Z]       Compatibility with CMake < 2.8.12 will be removed from a future version of
[2023-11-14T14:10:39.457Z]       CMake.
[2023-11-14T14:10:39.457Z]     
[2023-11-14T14:10:39.457Z]       Update the VERSION argument <min> value or use a ...<max> suffix to tell
[2023-11-14T14:10:39.457Z]       CMake that the project does not need compatibility with older versions.
[2023-11-14T14:10:39.457Z]     
[2023-11-14T14:10:39.457Z]     
[2023-11-14T14:10:39.457Z]     -- The C compiler identification is AppleClang 13.1.6.13160021
[2023-11-14T14:10:39.457Z]     -- The CXX compiler identification is AppleClang 13.1.6.13160021
[2023-11-14T14:10:39.457Z]     -- Detecting C compiler ABI info
[2023-11-14T14:10:39.457Z]     -- Detecting C compiler ABI info - done
[2023-11-14T14:10:39.457Z]     -- Check for working C compiler: /Applications/Xcode.app/Contents/Developer/Toolchains/XcodeDefault.xctoolchain/usr/bin/cc - skipped
[2023-11-14T14:10:39.457Z]     -- Detecting C compile features
[2023-11-14T14:10:39.457Z]     -- Detecting C compile features - done
[2023-11-14T14:10:39.457Z]     -- Detecting CXX compiler ABI info
[2023-11-14T14:10:39.457Z]     -- Detecting CXX compiler ABI info - done
[2023-11-14T14:10:39.457Z]     -- Check for working CXX compiler: /Applications/Xcode.app/Contents/Developer/Toolchains/XcodeDefault.xctoolchain/usr/bin/c++ - skipped
[2023-11-14T14:10:39.457Z]     -- Detecting CXX compile features
[2023-11-14T14:10:39.457Z]     -- Detecting CXX compile features - done
[2023-11-14T14:10:39.457Z]     CMake Deprecation Warning at googletest/CMakeLists.txt:56 (cmake_minimum_required):
[2023-11-14T14:10:39.457Z]       Compatibility with CMake < 2.8.12 will be removed from a future version of
[2023-11-14T14:10:39.457Z]       CMake.
[2023-11-14T14:10:39.457Z]     
[2023-11-14T14:10:39.457Z]       Update the VERSION argument <min> value or use a ...<max> suffix to tell
[2023-11-14T14:10:39.457Z]       CMake that the project does not need compatibility with older versions.
[2023-11-14T14:10:39.457Z]     
[2023-11-14T14:10:39.457Z]     
[2023-11-14T14:10:39.457Z]     -- Found PythonInterp: /usr/local/bin/python (found version "3.10.6")
[2023-11-14T14:10:39.457Z]     -- Looking for pthread.h
[2023-11-14T14:10:39.457Z]     -- Looking for pthread.h - found
[2023-11-14T14:10:39.457Z]     -- Performing Test CMAKE_HAVE_LIBC_PTHREAD
[2023-11-14T14:10:39.457Z]     -- Performing Test CMAKE_HAVE_LIBC_PTHREAD - Success
[2023-11-14T14:10:39.457Z]     -- Found Threads: TRUE
[2023-11-14T14:10:39.457Z]     -- Configuring done
[2023-11-14T14:10:39.457Z]     -- Generating done
[2023-11-14T14:10:39.457Z]     -- Build files have been written to: /Volumes/DATA/local/S/jenkins/workspace/ECP/ecg-maya-hydra/ecg-maya-hydra-branch-preflight-python3-osx/build/RelWithDebInfo/googletest-build
[2023-11-14T14:10:47.368Z]     [6/8] Performing build step for 'googletest'
[2023-11-14T14:10:47.368Z]     [1/4] Building CXX object googletest/CMakeFiles/gtest_main.dir/src/gtest_main.cc.o
[2023-11-14T14:10:47.368Z]     [2/4] Building CXX object googletest/CMakeFiles/gtest.dir/src/gtest-all.cc.o
[2023-11-14T14:10:47.368Z]     [3/4] Linking CXX shared library lib/libgtest.dylib
[2023-11-14T14:10:47.368Z]     [4/4] Linking CXX shared library lib/libgtest_main.dylib
[2023-11-14T14:10:47.368Z]     [7/8] Performing install step for 'googletest'
[2023-11-14T14:10:47.368Z]     [0/1] Install the project...
[2023-11-14T14:10:47.368Z]     -- Install configuration: "RelWithDebInfo"
[2023-11-14T14:10:47.368Z]     [8/8] Completed 'googletest'
[2023-11-14T14:10:47.368Z]     -- ========== ...  GoogleTest installed. ==========
[2023-11-14T14:10:47.368Z]     -- Found GTest: /Volumes/DATA/local/S/jenkins/workspace/ECP/ecg-maya-hydra/ecg-maya-hydra-branch-preflight-python3-osx/build/RelWithDebInfo/googletest-install/lib/libgtest.dylib
[2023-11-14T14:10:47.368Z]     -- promoting: /Volumes/DATA/local/S/jenkins/workspace/ECP/ecg-maya-hydra/ecg-maya-hydra-branch-preflight-python3-osx/ecg-maya-hydra/maya-hydra/lib/mayaHydra/mayaPlugin/pluginUtils.h
[2023-11-14T14:10:47.368Z]     -- promoting: /Volumes/DATA/local/S/jenkins/workspace/ECP/ecg-maya-hydra/ecg-maya-hydra-branch-preflight-python3-osx/ecg-maya-hydra/maya-hydra/lib/mayaHydra/hydraExtensions/api.h
[2023-11-14T14:10:47.368Z]     -- promoting: /Volumes/DATA/local/S/jenkins/workspace/ECP/ecg-maya-hydra/ecg-maya-hydra-branch-preflight-python3-osx/ecg-maya-hydra/maya-hydra/lib/mayaHydra/hydraExtensions/debugCodes.h
[2023-11-14T14:10:47.368Z]     -- promoting: /Volumes/DATA/local/S/jenkins/workspace/ECP/ecg-maya-hydra/ecg-maya-hydra-branch-preflight-python3-osx/ecg-maya-hydra/maya-hydra/lib/mayaHydra/hydraExtensions/hydraUtils.h
[2023-11-14T14:10:47.368Z]     -- promoting: /Volumes/DATA/local/S/jenkins/workspace/ECP/ecg-maya-hydra/ecg-maya-hydra-branch-preflight-python3-osx/ecg-maya-hydra/maya-hydra/lib/mayaHydra/hydraExtensions/mayaHydraLibInterface.h
[2023-11-14T14:10:47.368Z]     -- promoting: /Volumes/DATA/local/S/jenkins/workspace/ECP/ecg-maya-hydra/ecg-maya-hydra-branch-preflight-python3-osx/ecg-maya-hydra/maya-hydra/lib/mayaHydra/hydraExtensions/mayaHydraLibInterfaceImp.h
[2023-11-14T14:10:47.368Z]     -- promoting: /Volumes/DATA/local/S/jenkins/workspace/ECP/ecg-maya-hydra/ecg-maya-hydra-branch-preflight-python3-osx/ecg-maya-hydra/maya-hydra/lib/mayaHydra/hydraExtensions/mayaUtils.h
[2023-11-14T14:10:47.368Z]     -- promoting: /Volumes/DATA/local/S/jenkins/workspace/ECP/ecg-maya-hydra/ecg-maya-hydra-branch-preflight-python3-osx/ecg-maya-hydra/maya-hydra/lib/mayaHydra/hydraExtensions/mixedUtils.h
[2023-11-14T14:10:47.368Z]     -- promoting: /Volumes/DATA/local/S/jenkins/workspace/ECP/ecg-maya-hydra/ecg-maya-hydra-branch-preflight-python3-osx/ecg-maya-hydra/maya-hydra/lib/mayaHydra/hydraExtensions/mayaHydraSceneProducer.h
[2023-11-14T14:10:47.368Z]     -- promoting: /Volumes/DATA/local/S/jenkins/workspace/ECP/ecg-maya-hydra/ecg-maya-hydra-branch-preflight-python3-osx/ecg-maya-hydra/maya-hydra/lib/mayaHydra/hydraExtensions/adapters/adapter.h
[2023-11-14T14:10:47.368Z]     -- promoting: /Volumes/DATA/local/S/jenkins/workspace/ECP/ecg-maya-hydra/ecg-maya-hydra-branch-preflight-python3-osx/ecg-maya-hydra/maya-hydra/lib/mayaHydra/hydraExtensions/adapters/adapterDebugCodes.h
[2023-11-14T14:10:47.368Z]     -- promoting: /Volumes/DATA/local/S/jenkins/workspace/ECP/ecg-maya-hydra/ecg-maya-hydra-branch-preflight-python3-osx/ecg-maya-hydra/maya-hydra/lib/mayaHydra/hydraExtensions/adapters/adapterRegistry.h
[2023-11-14T14:10:47.368Z]     -- promoting: /Volumes/DATA/local/S/jenkins/workspace/ECP/ecg-maya-hydra/ecg-maya-hydra-branch-preflight-python3-osx/ecg-maya-hydra/maya-hydra/lib/mayaHydra/hydraExtensions/adapters/cameraAdapter.h
[2023-11-14T14:10:47.368Z]     -- promoting: /Volumes/DATA/local/S/jenkins/workspace/ECP/ecg-maya-hydra/ecg-maya-hydra-branch-preflight-python3-osx/ecg-maya-hydra/maya-hydra/lib/mayaHydra/hydraExtensions/adapters/constantShadowMatrix.h
[2023-11-14T14:10:47.368Z]     -- promoting: /Volumes/DATA/local/S/jenkins/workspace/ECP/ecg-maya-hydra/ecg-maya-hydra-branch-preflight-python3-osx/ecg-maya-hydra/maya-hydra/lib/mayaHydra/hydraExtensions/adapters/dagAdapter.h
[2023-11-14T14:10:47.368Z]     -- promoting: /Volumes/DATA/local/S/jenkins/workspace/ECP/ecg-maya-hydra/ecg-maya-hydra-branch-preflight-python3-osx/ecg-maya-hydra/maya-hydra/lib/mayaHydra/hydraExtensions/adapters/renderItemAdapter.h
[2023-11-14T14:10:47.368Z]     -- promoting: /Volumes/DATA/local/S/jenkins/workspace/ECP/ecg-maya-hydra/ecg-maya-hydra-branch-preflight-python3-osx/ecg-maya-hydra/maya-hydra/lib/mayaHydra/hydraExtensions/adapters/lightAdapter.h
[2023-11-14T14:10:47.368Z]     -- promoting: /Volumes/DATA/local/S/jenkins/workspace/ECP/ecg-maya-hydra/ecg-maya-hydra-branch-preflight-python3-osx/ecg-maya-hydra/maya-hydra/lib/mayaHydra/hydraExtensions/adapters/materialAdapter.h
[2023-11-14T14:10:47.368Z]     -- promoting: /Volumes/DATA/local/S/jenkins/workspace/ECP/ecg-maya-hydra/ecg-maya-hydra-branch-preflight-python3-osx/ecg-maya-hydra/maya-hydra/lib/mayaHydra/hydraExtensions/adapters/materialNetworkConverter.h
[2023-11-14T14:10:47.368Z]     -- promoting: /Volumes/DATA/local/S/jenkins/workspace/ECP/ecg-maya-hydra/ecg-maya-hydra-branch-preflight-python3-osx/ecg-maya-hydra/maya-hydra/lib/mayaHydra/hydraExtensions/adapters/mayaAttrs.h
[2023-11-14T14:10:47.368Z]     -- promoting: /Volumes/DATA/local/S/jenkins/workspace/ECP/ecg-maya-hydra/ecg-maya-hydra-branch-preflight-python3-osx/ecg-maya-hydra/maya-hydra/lib/mayaHydra/hydraExtensions/adapters/shapeAdapter.h
[2023-11-14T14:10:47.368Z]     -- promoting: /Volumes/DATA/local/S/jenkins/workspace/ECP/ecg-maya-hydra/ecg-maya-hydra-branch-preflight-python3-osx/ecg-maya-hydra/maya-hydra/lib/mayaHydra/hydraExtensions/adapters/tokens.h
[2023-11-14T14:10:47.368Z]     -- promoting: /Volumes/DATA/local/S/jenkins/workspace/ECP/ecg-maya-hydra/ecg-maya-hydra-branch-preflight-python3-osx/ecg-maya-hydra/maya-hydra/lib/mayaHydra/hydraExtensions/delegates/delegate.h
[2023-11-14T14:10:47.368Z]     -- promoting: /Volumes/DATA/local/S/jenkins/workspace/ECP/ecg-maya-hydra/ecg-maya-hydra-branch-preflight-python3-osx/ecg-maya-hydra/maya-hydra/lib/mayaHydra/hydraExtensions/delegates/delegateCtx.h
[2023-11-14T14:10:47.368Z]     -- promoting: /Volumes/DATA/local/S/jenkins/workspace/ECP/ecg-maya-hydra/ecg-maya-hydra-branch-preflight-python3-osx/ecg-maya-hydra/maya-hydra/lib/mayaHydra/hydraExtensions/delegates/delegateDebugCodes.h
[2023-11-14T14:10:47.368Z]     -- promoting: /Volumes/DATA/local/S/jenkins/workspace/ECP/ecg-maya-hydra/ecg-maya-hydra-branch-preflight-python3-osx/ecg-maya-hydra/maya-hydra/lib/mayaHydra/hydraExtensions/delegates/delegateRegistry.h
[2023-11-14T14:10:47.368Z]     -- promoting: /Volumes/DATA/local/S/jenkins/workspace/ECP/ecg-maya-hydra/ecg-maya-hydra-branch-preflight-python3-osx/ecg-maya-hydra/maya-hydra/lib/mayaHydra/hydraExtensions/delegates/params.h
[2023-11-14T14:10:47.368Z]     -- promoting: /Volumes/DATA/local/S/jenkins/workspace/ECP/ecg-maya-hydra/ecg-maya-hydra-branch-preflight-python3-osx/ecg-maya-hydra/maya-hydra/lib/mayaHydra/hydraExtensions/delegates/sceneDelegate.h
[2023-11-14T14:10:47.368Z]     -- promoting: /Volumes/DATA/local/S/jenkins/workspace/ECP/ecg-maya-hydra/ecg-maya-hydra-branch-preflight-python3-osx/ecg-maya-hydra/maya-hydra/lib/mayaHydra/hydraExtensions/delegates/defaultLightDelegate.h
[2023-11-14T14:10:47.368Z]     -- promoting: /Volumes/DATA/local/S/jenkins/workspace/ECP/ecg-maya-hydra/ecg-maya-hydra-branch-preflight-python3-osx/ecg-maya-hydra/maya-hydra/lib/mayaHydra/hydraExtensions/delegates/testDelegate.h
[2023-11-14T14:10:47.368Z]     -- promoting: /Volumes/DATA/local/S/jenkins/workspace/ECP/ecg-maya-hydra/ecg-maya-hydra-branch-preflight-python3-osx/ecg-maya-hydra/maya-hydra/lib/mayaHydra/hydraExtensions/sceneIndex/registration.h
[2023-11-14T14:10:47.368Z]     -- promoting: /Volumes/DATA/local/S/jenkins/workspace/ECP/ecg-maya-hydra/ecg-maya-hydra-branch-preflight-python3-osx/ecg-maya-hydra/maya-hydra/lib/mayaHydra/hydraExtensions/sceneIndex/mayaHydraSceneIndex.h
[2023-11-14T14:10:47.368Z]     -- promoting: /Volumes/DATA/local/S/jenkins/workspace/ECP/ecg-maya-hydra/ecg-maya-hydra-branch-preflight-python3-osx/ecg-maya-hydra/maya-hydra/lib/mayaHydra/hydraExtensions/sceneIndex/mayaHydraDataSource.h
[2023-11-14T14:10:47.368Z]     -- promoting: /Volumes/DATA/local/S/jenkins/workspace/ECP/ecg-maya-hydra/ecg-maya-hydra-branch-preflight-python3-osx/ecg-maya-hydra/maya-hydra/lib/mayaHydra/hydraExtensions/sceneIndex/mayaHydraPrimvarDataSource.h
[2023-11-14T14:10:47.368Z]     -- promoting: /Volumes/DATA/local/S/jenkins/workspace/ECP/ecg-maya-hydra/ecg-maya-hydra-branch-preflight-python3-osx/ecg-maya-hydra/maya-hydra/lib/mayaHydra/hydraExtensions/sceneIndex/mayaHydraDisplayStyleDataSource.h
[2023-11-14T14:10:47.368Z]     -- promoting: /Volumes/DATA/local/S/jenkins/workspace/ECP/ecg-maya-hydra/ecg-maya-hydra-branch-preflight-python3-osx/ecg-maya-hydra/maya-hydra/lib/mayaHydra/hydraExtensions/sceneIndex/mayaHydraCameraDataSource.h
[2023-11-14T14:10:47.368Z]     -- promoting: /Volumes/DATA/local/S/jenkins/workspace/ECP/ecg-maya-hydra/ecg-maya-hydra-branch-preflight-python3-osx/ecg-maya-hydra/maya-hydra/lib/mayaHydra/hydraExtensions/sceneIndex/mayaHydraLightDataSource.h
[2023-11-14T14:10:47.368Z]     -- promoting: /Volumes/DATA/local/S/jenkins/workspace/ECP/ecg-maya-hydra/ecg-maya-hydra-branch-preflight-python3-osx/ecg-maya-hydra/maya-hydra/lib/mayaHydra/hydraExtensions/sceneIndex/mayaHydraDefaultLightDataSource.h
[2023-11-14T14:10:47.368Z]     -- promoting: /Volumes/DATA/local/S/jenkins/workspace/ECP/ecg-maya-hydra/ecg-maya-hydra-branch-preflight-python3-osx/ecg-maya-hydra/maya-hydra/lib/mayaHydra/ufeExtensions/api.h
[2023-11-14T14:10:47.368Z]     -- promoting: /Volumes/DATA/local/S/jenkins/workspace/ECP/ecg-maya-hydra/ecg-maya-hydra-branch-preflight-python3-osx/ecg-maya-hydra/maya-hydra/lib/mayaHydra/ufeExtensions/Global.h
[2023-11-14T14:10:47.368Z]     -- promoting: /Volumes/DATA/local/S/jenkins/workspace/ECP/ecg-maya-hydra/ecg-maya-hydra-branch-preflight-python3-osx/ecg-maya-hydra/maya-hydra/lib/flowViewport/api.h
[2023-11-14T14:10:47.368Z]     -- promoting: /Volumes/DATA/local/S/jenkins/workspace/ECP/ecg-maya-hydra/ecg-maya-hydra-branch-preflight-python3-osx/ecg-maya-hydra/maya-hydra/lib/flowViewport/debugCodes.h
[2023-11-14T14:10:47.368Z]     -- promoting: /Volumes/DATA/local/S/jenkins/workspace/ECP/ecg-maya-hydra/ecg-maya-hydra-branch-preflight-python3-osx/ecg-maya-hydra/maya-hydra/lib/flowViewport/global.h
[2023-11-14T14:10:47.368Z]     -- promoting: /Volumes/DATA/local/S/jenkins/workspace/ECP/ecg-maya-hydra/ecg-maya-hydra-branch-preflight-python3-osx/ecg-maya-hydra/maya-hydra/lib/flowViewport/tokens.h
[2023-11-14T14:10:47.368Z]     -- promoting: /Volumes/DATA/local/S/jenkins/workspace/ECP/ecg-maya-hydra/ecg-maya-hydra-branch-preflight-python3-osx/ecg-maya-hydra/maya-hydra/lib/flowViewport/colorPreferences/fvpColorChanged.h
[2023-11-14T14:10:47.368Z]     -- promoting: /Volumes/DATA/local/S/jenkins/workspace/ECP/ecg-maya-hydra/ecg-maya-hydra-branch-preflight-python3-osx/ecg-maya-hydra/maya-hydra/lib/flowViewport/colorPreferences/fvpColorPreferences.h
[2023-11-14T14:10:47.368Z]     -- promoting: /Volumes/DATA/local/S/jenkins/workspace/ECP/ecg-maya-hydra/ecg-maya-hydra-branch-preflight-python3-osx/ecg-maya-hydra/maya-hydra/lib/flowViewport/colorPreferences/fvpColorPreferencesTokens.h
[2023-11-14T14:10:47.368Z]     -- promoting: /Volumes/DATA/local/S/jenkins/workspace/ECP/ecg-maya-hydra/ecg-maya-hydra-branch-preflight-python3-osx/ecg-maya-hydra/maya-hydra/lib/flowViewport/colorPreferences/fvpColorPreferencesTranslator.h
[2023-11-14T14:10:47.368Z]     -- promoting: /Volumes/DATA/local/S/jenkins/workspace/ECP/ecg-maya-hydra/ecg-maya-hydra-branch-preflight-python3-osx/ecg-maya-hydra/maya-hydra/lib/flowViewport/sceneIndex/fvpMergingSceneIndex.h
[2023-11-14T14:10:47.368Z]     -- promoting: /Volumes/DATA/local/S/jenkins/workspace/ECP/ecg-maya-hydra/ecg-maya-hydra-branch-preflight-python3-osx/ecg-maya-hydra/maya-hydra/lib/flowViewport/sceneIndex/fvpPassThroughSelectionInterfaceSceneIndex.h
[2023-11-14T14:10:47.368Z]     -- promoting: /Volumes/DATA/local/S/jenkins/workspace/ECP/ecg-maya-hydra/ecg-maya-hydra-branch-preflight-python3-osx/ecg-maya-hydra/maya-hydra/lib/flowViewport/sceneIndex/fvpPathInterface.h
[2023-11-14T14:10:47.368Z]     -- promoting: /Volumes/DATA/local/S/jenkins/workspace/ECP/ecg-maya-hydra/ecg-maya-hydra-branch-preflight-python3-osx/ecg-maya-hydra/maya-hydra/lib/flowViewport/sceneIndex/fvpPathInterfaceSceneIndex.h
[2023-11-14T14:10:47.368Z]     -- promoting: /Volumes/DATA/local/S/jenkins/workspace/ECP/ecg-maya-hydra/ecg-maya-hydra-branch-preflight-python3-osx/ecg-maya-hydra/maya-hydra/lib/flowViewport/sceneIndex/fvpRenderIndexProxy.h
[2023-11-14T14:10:47.368Z]     -- promoting: /Volumes/DATA/local/S/jenkins/workspace/ECP/ecg-maya-hydra/ecg-maya-hydra-branch-preflight-python3-osx/ecg-maya-hydra/maya-hydra/lib/flowViewport/sceneIndex/fvpSelectionInterface.h
[2023-11-14T14:10:47.368Z]     -- promoting: /Volumes/DATA/local/S/jenkins/workspace/ECP/ecg-maya-hydra/ecg-maya-hydra-branch-preflight-python3-osx/ecg-maya-hydra/maya-hydra/lib/flowViewport/sceneIndex/fvpSelectionSceneIndex.h
[2023-11-14T14:10:47.368Z]     -- promoting: /Volumes/DATA/local/S/jenkins/workspace/ECP/ecg-maya-hydra/ecg-maya-hydra-branch-preflight-python3-osx/ecg-maya-hydra/maya-hydra/lib/flowViewport/sceneIndex/fvpWireframeSelectionHighlightSceneIndex.h
[2023-11-14T14:10:47.368Z]     -- promoting: /Volumes/DATA/local/S/jenkins/workspace/ECP/ecg-maya-hydra/ecg-maya-hydra-branch-preflight-python3-osx/ecg-maya-hydra/maya-hydra/lib/flowViewport/API/fvpSelectionClient.h
[2023-11-14T14:10:47.368Z]     -- promoting: /Volumes/DATA/local/S/jenkins/workspace/ECP/ecg-maya-hydra/ecg-maya-hydra-branch-preflight-python3-osx/ecg-maya-hydra/maya-hydra/lib/flowViewport/API/fvpFlowSelectionInterface.h
[2023-11-14T14:10:47.369Z]     -- promoting: /Volumes/DATA/local/S/jenkins/workspace/ECP/ecg-maya-hydra/ecg-maya-hydra-branch-preflight-python3-osx/ecg-maya-hydra/maya-hydra/lib/flowViewport/API/fvpVersionInterface.h
[2023-11-14T14:10:47.369Z]     -- promoting: /Volumes/DATA/local/S/jenkins/workspace/ECP/ecg-maya-hydra/ecg-maya-hydra-branch-preflight-python3-osx/ecg-maya-hydra/maya-hydra/lib/flowViewport/API/fvpInformationInterface.h
[2023-11-14T14:10:47.369Z]     -- promoting: /Volumes/DATA/local/S/jenkins/workspace/ECP/ecg-maya-hydra/ecg-maya-hydra-branch-preflight-python3-osx/ecg-maya-hydra/maya-hydra/lib/flowViewport/API/fvpInformationClient.h
[2023-11-14T14:10:47.369Z]     -- promoting: /Volumes/DATA/local/S/jenkins/workspace/ECP/ecg-maya-hydra/ecg-maya-hydra-branch-preflight-python3-osx/ecg-maya-hydra/maya-hydra/lib/flowViewport/API/interfacesImp/fvpSelectionInterfaceImp.h
[2023-11-14T14:10:47.369Z]     -- promoting: /Volumes/DATA/local/S/jenkins/workspace/ECP/ecg-maya-hydra/ecg-maya-hydra-branch-preflight-python3-osx/ecg-maya-hydra/maya-hydra/lib/flowViewport/API/interfacesImp/fvpVersionInterfaceImp.h
[2023-11-14T14:10:47.369Z]     -- promoting: /Volumes/DATA/local/S/jenkins/workspace/ECP/ecg-maya-hydra/ecg-maya-hydra-branch-preflight-python3-osx/ecg-maya-hydra/maya-hydra/lib/flowViewport/API/interfacesImp/fvpInformationInterfaceImp.h
[2023-11-14T14:10:47.369Z]     -- promoting: /Volumes/DATA/local/S/jenkins/workspace/ECP/ecg-maya-hydra/ecg-maya-hydra-branch-preflight-python3-osx/ecg-maya-hydra/maya-hydra/lib/flowViewport/API/samples/fvpSelectionClientExample.h
[2023-11-14T14:10:47.369Z]     -- promoting: /Volumes/DATA/local/S/jenkins/workspace/ECP/ecg-maya-hydra/ecg-maya-hydra-branch-preflight-python3-osx/ecg-maya-hydra/maya-hydra/lib/flowViewport/API/samples/fvpInformationClientExample.h
[2023-11-14T14:10:47.369Z]     -- promoting: /Volumes/DATA/local/S/jenkins/workspace/ECP/ecg-maya-hydra/ecg-maya-hydra-branch-preflight-python3-osx/ecg-maya-hydra/maya-hydra/lib/flowViewport/API/perViewportSceneIndicesData/fvpViewportInformationAndSceneIndicesPerViewportData.h
[2023-11-14T14:10:47.369Z]     -- promoting: /Volumes/DATA/local/S/jenkins/workspace/ECP/ecg-maya-hydra/ecg-maya-hydra-branch-preflight-python3-osx/ecg-maya-hydra/maya-hydra/lib/flowViewport/API/perViewportSceneIndicesData/fvpViewportInformationAndSceneIndicesPerViewportDataManager.h
[2023-11-14T14:10:47.369Z]     -- promoting: /Volumes/DATA/local/S/jenkins/workspace/ECP/ecg-maya-hydra/ecg-maya-hydra-branch-preflight-python3-osx/ecg-maya-hydra/maya-hydra/lib/flowViewport/selection/fvpSelectionTracker.h
[2023-11-14T14:10:47.369Z]     -- promoting: /Volumes/DATA/local/S/jenkins/workspace/ECP/ecg-maya-hydra/ecg-maya-hydra-branch-preflight-python3-osx/ecg-maya-hydra/maya-hydra/lib/flowViewport/selection/fvpSelectionTask.h
[2023-11-14T14:10:47.908Z]     -- Configuring done
[2023-11-14T14:10:47.908Z]     -- Generating done
[2023-11-14T14:10:47.908Z]     -- Build files have been written to: /Volumes/DATA/local/S/jenkins/workspace/ECP/ecg-maya-hydra/ecg-maya-hydra-branch-preflight-python3-osx/build/RelWithDebInfo
[2023-11-14T14:10:47.908Z]     
[2023-11-14T14:10:47.908Z]         Building with settings:
[2023-11-14T14:10:47.908Z]           Source directory          /Volumes/DATA/local/S/jenkins/workspace/ECP/ecg-maya-hydra/ecg-maya-hydra-branch-preflight-python3-osx/ecg-maya-hydra/maya-hydra
[2023-11-14T14:10:47.908Z]           Workspace directory       /local/S/jenkins/workspace/ECP/ecg-maya-hydra/ecg-maya-hydra-branch-preflight-python3-osx
[2023-11-14T14:10:47.908Z]           Build directory           /local/S/jenkins/workspace/ECP/ecg-maya-hydra/ecg-maya-hydra-branch-preflight-python3-osx/build/RelWithDebInfo
[2023-11-14T14:10:47.908Z]           Install directory         /local/S/jenkins/workspace/ECP/ecg-maya-hydra/ecg-maya-hydra-branch-preflight-python3-osx/install/RelWithDebInfo/MayaHydra
[2023-11-14T14:10:47.908Z]           Variant                   RelWithDebInfo
[2023-11-14T14:10:47.908Z]           Python Debug              Off
[2023-11-14T14:10:47.908Z]           CMake generator           Ninja
[2023-11-14T14:10:47.908Z]           Build arguments           ['-DCMAKE_MAKE_PROGRAM=/local/S/jenkins/workspace/shared/Artifactory/OSX/ninja/1.10.2/95d0ca5/ninja', '-DPYTHON_INCLUDE_DIR=/local/S/jenkins/workspace/shared/Artifactory/OSX/rundev-master/202311060140/runtime/e9a5ae1/runTime/Maya.app/Contents/Frameworks/Python.framework/Versions/Current/include/python3.10', '-DPython_EXECUTABLE=/local/S/jenkins/workspace/shared/Artifactory/OSX/rundev-master/202311060140/runtime/e9a5ae1/runTime/Maya.app/Contents/bin/mayapy', '-DPYTHON_LIBRARIES=/local/S/jenkins/workspace/shared/Artifactory/OSX/rundev-master/202311060140/runtime/e9a5ae1/runTime/Maya.app/Contents/Frameworks/Python.framework/Versions/Current/lib/libpython3.10.dylib', '-DBUILD_WITH_PYTHON_3=ON', '-DBUILD_WITH_PYTHON_3_VERSION=3.10', '-DBUILD_UB2=ON', '-DCMAKE_WANT_MATERIALX_BUILD=ON', '-DCMAKE_PREFIX_PATH=/local/S/jenkins/workspace/shared/Artifactory/OSX/USD/b595ab2']
[2023-11-14T14:10:47.908Z]           Stages arguments          ['configure']
[2023-11-14T14:10:47.908Z]           CTest arguments           ['--parallel 8']
[2023-11-14T14:10:47.908Z]     STATUS: Could not find Maya Qt6.
[2023-11-14T14:10:47.908Z]     STATUS:   Extracting '/local/S/jenkins/workspace/shared/Artifactory/OSX/rundev-master/202311060140/runtime/e9a5ae1/devkitBase/Qt.tgz' to '/local/S/jenkins/workspace/shared/Artifactory/OSX/rundev-master/202311060140/runtime/e9a5ae1/devkitBase'
[2023-11-14T14:10:47.908Z]     Success MayaHydra build and install !!!!
[2023-11-14T14:10:47.908Z]     Elapsed time: 00:00:12
[Pipeline] }
[Pipeline] // withEnv
[Pipeline] }
[Pipeline] // timeout
[Pipeline] }
[Pipeline] // stage
[Pipeline] }
[Pipeline] // timestamps
[Pipeline] timestamps
[Pipeline] {
[Pipeline] stage
[Pipeline] { (Build)
[Pipeline] timeout
[2023-11-14T14:10:48.355Z] Timeout set to expire in 6 hr 0 min
[Pipeline] {
[Pipeline] withEnv
[Pipeline] {
[Pipeline] sh
[2023-11-14T14:10:50.221Z] + python ecg-maya-hydra/build.py --stages=build --workspace-dir=/local/S/jenkins/workspace/ECP/ecg-maya-hydra/ecg-maya-hydra-branch-preflight-python3-osx --artifactory-dir=/local/S/jenkins/workspace/shared/Artifactory --build-dir=/local/S/jenkins/workspace/ECP/ecg-maya-hydra/ecg-maya-hydra-branch-preflight-python3-osx/build --install-dir=/local/S/jenkins/workspace/ECP/ecg-maya-hydra/ecg-maya-hydra-branch-preflight-python3-osx/install --signing-dir=/local/S/jenkins/workspace/ECP/ecg-maya-hydra/ecg-maya-hydra-branch-preflight-python3-osx/signing --package-dir=/local/S/jenkins/workspace/ECP/ecg-maya-hydra/ecg-maya-hydra-branch-preflight-python3-osx/package --output-dir=/local/S/jenkins/workspace/ECP/ecg-maya-hydra/ecg-maya-hydra-branch-preflight-python3-osx/output --stash-dir=/local/S/jenkins/workspace/ECP/ecg-maya-hydra/ecg-maya-hydra-branch-preflight-python3-osx/stash --jenkins-build=392 --git-commit=c5dcac082fb6a3725feabd24d4269a59833d1fd0 --git-branch=master --variants=Debug --interactive-tests=true --post-zips=false --osx-binary-architecture-target=ub2 --osx-deployment-target=11.0 --osx-base-sdk=CurrentActiveSDK --build-retry=3 --maya-cut-config=maya-rundev-master-debug.yaml --maya-package=rundev-master-debug --stage-banner
[2023-11-14T14:10:50.221Z] Using Maya cut from /local/S/jenkins/workspace/shared/Artifactory/OSX/rundev-master-debug/202310260154/runtime/3fe4f1c
[2023-11-14T14:10:50.221Z] Using Maya ADSK Signatures from /local/S/jenkins/workspace/shared/Artifactory/OSX/adsk-plugin-signatures-maya/2023/3ae1ae7
[2023-11-14T14:10:50.221Z] Using Maya Security Library from /local/S/jenkins/workspace/shared/Artifactory/OSX/maya-security-library/3.4.0/5e08f3e
[2023-11-14T14:10:50.221Z] 
[2023-11-14T14:10:50.221Z] ================================================================================
[2023-11-14T14:10:50.221Z]                                  build (Debug)
[2023-11-14T14:10:50.221Z] ================================================================================
[2023-11-14T14:10:50.221Z] Maya Python Debug Info:
[2023-11-14T14:10:50.221Z]   mayapy executable   = /local/S/jenkins/workspace/shared/Artifactory/OSX/rundev-master-debug/202310260154/runtime/3fe4f1c/runTime/Maya.app/Contents/bin/mayapy
[2023-11-14T14:10:50.221Z]   Include Folder      = /local/S/jenkins/workspace/shared/Artifactory/OSX/rundev-master-debug/202310260154/runtime/3fe4f1c/runTime/Maya.app/Contents/Frameworks/Python.framework/Versions/Current/include/python3.10
[2023-11-14T14:10:50.221Z]   Library             = /local/S/jenkins/workspace/shared/Artifactory/OSX/rundev-master-debug/202310260154/runtime/3fe4f1c/runTime/Maya.app/Contents/Frameworks/Python.framework/Versions/Current/lib/libpython3.10.dylib
[2023-11-14T14:10:50.221Z]   site-package Folder = /local/S/jenkins/workspace/shared/Artifactory/OSX/rundev-master-debug/202310260154/runtime/3fe4f1c/runTime/Maya.app/Contents/Frameworks/Python.framework/Versions/Current/lib/python3.10/site-packages
[2023-11-14T14:10:50.221Z] In workdir: /Volumes/DATA/local/S/jenkins/workspace/ECP/ecg-maya-hydra/ecg-maya-hydra-branch-preflight-python3-osx/ecg-maya-hydra/maya-hydra
[2023-11-14T14:10:50.221Z] Executing: arch -arch arm64 /local/S/jenkins/workspace/shared/Artifactory/OSX/rundev-master-debug/202310260154/runtime/3fe4f1c/runTime/Maya.app/Contents/bin/mayapy /Volumes/DATA/local/S/jenkins/workspace/ECP/ecg-maya-hydra/ecg-maya-hydra-branch-preflight-python3-osx/ecg-maya-hydra/maya-hydra/build.py --generator Ninja --build-debug --maya-location /local/S/jenkins/workspace/shared/Artifactory/OSX/rundev-master-debug/202310260154/runtime/3fe4f1c/runTime --devkit-location /local/S/jenkins/workspace/shared/Artifactory/OSX/rundev-master-debug/202310260154/runtime/3fe4f1c/devkitBase --pxrusd-location /local/S/jenkins/workspace/shared/Artifactory/OSX/USD/a9d0dd1 --build-args=-DCMAKE_MAKE_PROGRAM=/local/S/jenkins/workspace/shared/Artifactory/OSX/ninja/1.10.2/95d0ca5/ninja,-DPYTHON_INCLUDE_DIR=/local/S/jenkins/workspace/shared/Artifactory/OSX/rundev-master-debug/202310260154/runtime/3fe4f1c/runTime/Maya.app/Contents/Frameworks/Python.framework/Versions/Current/include/python3.10,-DPython_EXECUTABLE=/local/S/jenkins/workspace/shared/Artifactory/OSX/rundev-master-debug/202310260154/runtime/3fe4f1c/runTime/Maya.app/Contents/bin/mayapy,-DPYTHON_LIBRARIES=/local/S/jenkins/workspace/shared/Artifactory/OSX/rundev-master-debug/202310260154/runtime/3fe4f1c/runTime/Maya.app/Contents/Frameworks/Python.framework/Versions/Current/lib/libpython3.10.dylib,-DBUILD_WITH_PYTHON_3=ON,-DBUILD_WITH_PYTHON_3_VERSION=3.10,-DBUILD_UB2=ON,-DCMAKE_WANT_MATERIALX_BUILD=ON,-DCMAKE_PREFIX_PATH=/local/S/jenkins/workspace/shared/Artifactory/OSX/USD/a9d0dd1 '--ctest-args=--parallel 8' --stages=build --redirect-outstream-file=False --install-location /local/S/jenkins/workspace/ECP/ecg-maya-hydra/ecg-maya-hydra-branch-preflight-python3-osx/install/Debug/MayaHydra /local/S/jenkins/workspace/ECP/ecg-maya-hydra/ecg-maya-hydra-branch-preflight-python3-osx
[2023-11-14T14:10:50.221Z] Modified environment variables:
[2023-11-14T14:10:50.221Z]     PATH=/local/S/jenkins/workspace/shared/Artifactory/OSX/cmake/3.20.3/2594509/bin:/opt/homebrew/bin:/usr/local/bin:/bin:/usr/sbin:/sbin:/usr/bin:/usr/bin:/bin:/usr/sbin:/sbin
[2023-11-14T14:10:51.427Z]     [1/105] Building CXX object lib/flowViewport/CMakeFiles/flowViewport.dir/debugCodes.cpp.o
[2023-11-14T14:10:51.427Z]     [2/105] Building CXX object lib/flowViewport/CMakeFiles/flowViewport.dir/sceneIndex/fvpPathInterface.cpp.o
[2023-11-14T14:10:51.427Z]     [3/105] Building CXX object lib/flowViewport/CMakeFiles/flowViewport.dir/tokens.cpp.o
[2023-11-14T14:10:51.427Z]     [4/105] Building CXX object lib/flowViewport/CMakeFiles/flowViewport.dir/colorPreferences/fvpColorPreferencesTokens.cpp.o
[2023-11-14T14:10:51.995Z]     [5/105] Building CXX object lib/flowViewport/CMakeFiles/flowViewport.dir/colorPreferences/fvpColorChanged.cpp.o
[2023-11-14T14:10:51.995Z]     [6/105] Building CXX object lib/flowViewport/CMakeFiles/flowViewport.dir/sceneIndex/fvpSelectionInterface.cpp.o
[2023-11-14T14:10:51.995Z]     [7/105] Building CXX object lib/flowViewport/CMakeFiles/flowViewport.dir/global.cpp.o
[2023-11-14T14:10:51.995Z]     [8/105] Building CXX object lib/flowViewport/CMakeFiles/flowViewport.dir/colorPreferences/fvpColorPreferences.cpp.o
[2023-11-14T14:10:51.995Z]     [9/105] Building CXX object lib/flowViewport/CMakeFiles/flowViewport.dir/API/interfacesImp/fvpVersionInterfaceImp.cpp.o
[2023-11-14T14:10:52.644Z]     [10/105] Building CXX object lib/mayaHydra/ufeExtensions/CMakeFiles/ufeExtensions.dir/Global.cpp.o
[2023-11-14T14:10:52.644Z]     [11/105] Linking CXX shared library lib/mayaHydra/ufeExtensions/libufeExtensions.dylib
[2023-11-14T14:10:53.206Z]     [12/105] Building CXX object lib/flowViewport/CMakeFiles/flowViewport.dir/API/interfacesImp/fvpSelectionInterfaceImp.cpp.o
[2023-11-14T14:10:53.767Z]     [13/105] Building CXX object lib/flowViewport/CMakeFiles/flowViewport.dir/API/samples/fvpSelectionClientExample.cpp.o
[2023-11-14T14:10:54.329Z]     [14/105] Building CXX object lib/flowViewport/CMakeFiles/flowViewport.dir/sceneIndex/fvpMergingSceneIndex.cpp.o
[2023-11-14T14:10:54.903Z]     [15/105] Building CXX object lib/flowViewport/CMakeFiles/flowViewport.dir/sceneIndex/fvpPathInterfaceSceneIndex.cpp.o
[2023-11-14T14:10:55.459Z]     [16/105] Building CXX object lib/flowViewport/CMakeFiles/flowViewport.dir/sceneIndex/fvpPassThroughSelectionInterfaceSceneIndex.cpp.o
[2023-11-14T14:10:56.610Z]     [17/105] Building CXX object lib/flowViewport/CMakeFiles/flowViewport.dir/sceneIndex/fvpSelectionSceneIndex.cpp.o
[2023-11-14T14:10:56.610Z]     [18/105] Building CXX object lib/flowViewport/CMakeFiles/flowViewport.dir/sceneIndex/fvpRenderIndexProxy.cpp.o
[2023-11-14T14:10:57.167Z]     [19/105] Building CXX object lib/flowViewport/CMakeFiles/flowViewport.dir/sceneIndex/fvpWireframeSelectionHighlightSceneIndex.cpp.o
[2023-11-14T14:10:57.167Z]     [20/105] Building CXX object lib/flowViewport/CMakeFiles/flowViewport.dir/API/interfacesImp/fvpInformationInterfaceImp.cpp.o
[2023-11-14T14:10:57.705Z]     [21/105] Building CXX object lib/flowViewport/CMakeFiles/flowViewport.dir/API/samples/fvpInformationClientExample.cpp.o
[2023-11-14T14:10:58.245Z]     [22/105] Building CXX object lib/flowViewport/CMakeFiles/flowViewport.dir/API/perViewportSceneIndicesData/fvpViewportInformationAndSceneIndicesPerViewportData.cpp.o
[2023-11-14T14:10:59.373Z]     [23/105] Building CXX object test/lib/mayaUsd/render/mayaToHydra/cpp/CMakeFiles/mayaHydraCppTests.dir/mayaHydraCppTestsCmd.cpp.o
[2023-11-14T14:11:00.502Z]     [24/105] Building CXX object test/lib/mayaUsd/render/mayaToHydra/cpp/CMakeFiles/mayaHydraCppTests.dir/testCppFramework.cpp.o
[2023-11-14T14:11:01.051Z]     [25/105] Automatic MOC for target adskHydraSceneBrowser
[2023-11-14T14:11:01.608Z]     [26/105] Building CXX object test/lib/mayaUsd/render/mayaToHydra/cpp/CMakeFiles/mayaHydraCppTests.dir/testColorPreferences.cpp.o
[2023-11-14T14:11:01.608Z]     [27/105] Building CXX object lib/flowViewport/CMakeFiles/flowViewport.dir/API/perViewportSceneIndicesData/fvpViewportInformationAndSceneIndicesPerViewportDataManager.cpp.o
[2023-11-14T14:11:02.193Z]     [28/105] Building CXX object lib/flowViewport/CMakeFiles/flowViewport.dir/selection/fvpSelectionTracker.cpp.o
[2023-11-14T14:11:02.753Z]     [29/105] Building CXX object test/lib/mayaUsd/render/mayaToHydra/cpp/CMakeFiles/mayaHydraCppTests.dir/testUtils.cpp.o
[2023-11-14T14:11:03.306Z]     [30/105] Building CXX object lib/flowViewport/CMakeFiles/flowViewport.dir/selection/fvpSelectionTask.cpp.o
[2023-11-14T14:11:03.882Z]     [31/105] Linking CXX shared library lib/flowViewport/libflowViewport.dylib
[2023-11-14T14:11:05.076Z]     [32/105] Building CXX object test/lib/mayaUsd/render/mayaToHydra/cpp/CMakeFiles/mayaHydraCppTests.dir/testMayaSceneFlattening.cpp.o
[2023-11-14T14:11:05.648Z]     [33/105] Building CXX object test/lib/mayaUsd/render/mayaToHydra/cpp/CMakeFiles/mayaHydraCppTests.dir/testMayaUsdUfeItems.cpp.o
[2023-11-14T14:11:06.815Z]     [34/105] Building CXX object lib/adskHydraSceneBrowser/lib/CMakeFiles/adskHydraSceneBrowser.dir/src/patch/sceneIndexObserverLoggingTreeView.cpp.o
[2023-11-14T14:11:07.374Z]     [35/105] Building CXX object lib/adskHydraSceneBrowser/lib/CMakeFiles/adskHydraSceneBrowser.dir/adskHydraSceneBrowser_autogen/mocs_compilation.cpp.o
[2023-11-14T14:11:07.954Z]     [36/105] Building CXX object lib/adskHydraSceneBrowser/lib/CMakeFiles/adskHydraSceneBrowser.dir/src/patch/dataSourceValueTreeView.cpp.o
[2023-11-14T14:11:07.954Z]     [37/105] Building CXX object lib/adskHydraSceneBrowser/lib/CMakeFiles/adskHydraSceneBrowser.dir/src/patch/registeredSceneIndexChooser.cpp.o
[2023-11-14T14:11:07.954Z]     [38/105] Building CXX object lib/adskHydraSceneBrowser/lib/CMakeFiles/adskHydraSceneBrowser.dir/src/patch/dataSourceTreeWidget.cpp.o
[2023-11-14T14:11:09.136Z]     [39/105] Building CXX object lib/adskHydraSceneBrowser/lib/CMakeFiles/adskHydraSceneBrowser.dir/src/patch/sceneIndexObserverLoggingWidget.cpp.o
[2023-11-14T14:11:11.011Z]     [40/105] Building CXX object lib/adskHydraSceneBrowser/lib/CMakeFiles/adskHydraSceneBrowser.dir/src/patch/sceneIndexDebuggerWidget.cpp.o
[2023-11-14T14:11:11.592Z]     [41/105] Building CXX object lib/adskHydraSceneBrowser/lib/CMakeFiles/adskHydraSceneBrowser.dir/src/patch/sceneIndexTreeWidget.cpp.o
[2023-11-14T14:11:11.592Z]     [42/105] Building CXX object plugin/mayaHydraSceneBrowserTest/CMakeFiles/mayaHydraSceneBrowserTest.dir/mayaHydraSceneBrowserTestCmd.cpp.o
[2023-11-14T14:11:12.142Z]     [43/105] Linking CXX shared library lib/adskHydraSceneBrowser/lib/libadskHydraSceneBrowser.dylib
[2023-11-14T14:11:13.326Z]     [44/105] Building CXX object lib/mayaHydra/mayaPlugin/CMakeFiles/mayaHydra.dir/colorNotFoundException.cpp.o
[2023-11-14T14:11:13.326Z]     [45/105] Building CXX object plugin/mayaHydraSceneBrowser/CMakeFiles/mayaHydraSceneBrowser.dir/mayaHydraSceneBrowser.cpp.o
[2023-11-14T14:11:13.326Z]     [46/105] Building CXX object lib/adskHydraSceneBrowser/test/CMakeFiles/adskHydraSceneBrowserTesting.dir/adskHydraSceneBrowserTesting.cpp.o
[2023-11-14T14:11:14.524Z]     [47/105] Building CXX object lib/mayaHydra/mayaPlugin/CMakeFiles/mayaHydra.dir/pluginDebugCodes.cpp.o
[2023-11-14T14:11:14.524Z]     [48/105] Building CXX object lib/adskHydraSceneBrowser/test/CMakeFiles/adskHydraSceneBrowserTesting.dir/adskHydraSceneBrowserTestFixture.cpp.o
[2023-11-14T14:11:14.524Z]     [49/105] Building CXX object test/lib/mayaUsd/render/mayaToHydra/cpp/CMakeFiles/mayaHydraCppTests.dir/testWireframeSelectionHighlightSceneIndex.cpp.o
[2023-11-14T14:11:15.093Z]     [50/105] Linking CXX shared library lib/adskHydraSceneBrowser/test/libadskHydraSceneBrowserTesting.dylib
[2023-11-14T14:11:15.093Z]     [51/105] Building CXX object lib/mayaHydra/mayaPlugin/CMakeFiles/mayaHydra.dir/mayaColorPreferencesTranslator.cpp.o
[2023-11-14T14:11:15.665Z]     [52/105] Building CXX object test/lib/mayaUsd/render/mayaToHydra/cpp/CMakeFiles/mayaHydraCppTests.dir/testSelectionSceneIndex.cpp.o
[2023-11-14T14:11:16.239Z]     [53/105] Building CXX object lib/mayaHydra/mayaPlugin/CMakeFiles/mayaHydra.dir/tokens.cpp.o
[2023-11-14T14:11:16.239Z]     [54/105] Building CXX object test/lib/mayaUsd/render/mayaToHydra/cpp/CMakeFiles/mayaHydraCppTests.dir/testMergingSceneIndex.cpp.o
[2023-11-14T14:11:16.239Z]     [55/105] Building CXX object test/lib/mayaUsd/render/mayaToHydra/cpp/CMakeFiles/mayaHydraCppTests.dir/testFlowViewportAPIViewportInformation.cpp.o
[2023-11-14T14:11:16.806Z]     [56/105] Building CXX object lib/mayaHydra/hydraExtensions/CMakeFiles/mayaHydraLib.dir/debugCodes.cpp.o
[2023-11-14T14:11:18.001Z]     [57/105] Building CXX object lib/mayaHydra/hydraExtensions/CMakeFiles/mayaHydraLib.dir/mayaUtils.cpp.o
[2023-11-14T14:11:19.860Z]     [58/105] Building CXX object lib/mayaHydra/hydraExtensions/CMakeFiles/mayaHydraLib.dir/mayaHydraLibInterfaceImp.cpp.o
[2023-11-14T14:11:20.521Z]     [59/105] Building CXX object lib/mayaHydra/hydraExtensions/CMakeFiles/mayaHydraLib.dir/hydraUtils.cpp.o
[2023-11-14T14:11:21.086Z]     [60/105] Building CXX object lib/mayaHydra/mayaPlugin/CMakeFiles/mayaHydra.dir/pluginUtils.cpp.o
[2023-11-14T14:11:21.086Z]     [61/105] Building CXX object lib/mayaHydra/mayaPlugin/CMakeFiles/mayaHydra.dir/plugin.cpp.o
[2023-11-14T14:11:21.640Z]     [62/105] Building CXX object lib/mayaHydra/hydraExtensions/CMakeFiles/mayaHydraLib.dir/adapters/adapterDebugCodes.cpp.o
[2023-11-14T14:11:21.640Z]     [63/105] Building CXX object lib/mayaHydra/hydraExtensions/CMakeFiles/mayaHydraLib.dir/mixedUtils.cpp.o
[2023-11-14T14:11:23.473Z]     [64/105] Building CXX object lib/mayaHydra/mayaPlugin/CMakeFiles/mayaHydra.dir/viewCommand.cpp.o
[2023-11-14T14:11:23.474Z]     /Volumes/DATA/local/S/jenkins/workspace/ECP/ecg-maya-hydra/ecg-maya-hydra-branch-preflight-python3-osx/ecg-maya-hydra/maya-hydra/lib/mayaHydra/mayaPlugin/viewCommand.cpp:33:9: warning: MAYAHYDRA_CUT_ID is not defined [-W#pragma-messages]
[2023-11-14T14:11:23.474Z]     #pragma message("MAYAHYDRA_CUT_ID is not defined")
[2023-11-14T14:11:23.474Z]             ^
[2023-11-14T14:11:23.474Z]     1 warning generated.
[2023-11-14T14:11:23.474Z]     /Volumes/DATA/local/S/jenkins/workspace/ECP/ecg-maya-hydra/ecg-maya-hydra-branch-preflight-python3-osx/ecg-maya-hydra/maya-hydra/lib/mayaHydra/mayaPlugin/viewCommand.cpp:33:9: warning: MAYAHYDRA_CUT_ID is not defined [-W#pragma-messages]
[2023-11-14T14:11:23.474Z]     #pragma message("MAYAHYDRA_CUT_ID is not defined")
[2023-11-14T14:11:23.474Z]             ^
[2023-11-14T14:11:23.474Z]     1 warning generated.
[2023-11-14T14:11:25.302Z]     [65/105] Building CXX object lib/mayaHydra/mayaPlugin/CMakeFiles/mayaHydra.dir/renderOverride.cpp.o
[2023-11-14T14:11:25.869Z]     [66/105] Building CXX object lib/mayaHydra/mayaPlugin/CMakeFiles/mayaHydra.dir/renderGlobals.cpp.o
[2023-11-14T14:11:27.700Z]     [67/105] Building CXX object lib/mayaHydra/hydraExtensions/CMakeFiles/mayaHydraLib.dir/adapters/adapter.cpp.o
[2023-11-14T14:11:28.880Z]     [68/105] Building CXX object lib/mayaHydra/hydraExtensions/CMakeFiles/mayaHydraLib.dir/adapters/adapterRegistry.cpp.o
[2023-11-14T14:11:29.443Z]     [69/105] Building CXX object lib/mayaHydra/hydraExtensions/CMakeFiles/mayaHydraLib.dir/adapters/areaLightAdapter.cpp.o
[2023-11-14T14:11:30.015Z]     [70/105] Building CXX object lib/mayaHydra/hydraExtensions/CMakeFiles/mayaHydraLib.dir/adapters/aiSkydomeLightAdapter.cpp.o
[2023-11-14T14:11:31.185Z]     [71/105] Building CXX object lib/mayaHydra/hydraExtensions/CMakeFiles/mayaHydraLib.dir/adapters/cameraAdapter.cpp.o
[2023-11-14T14:11:31.185Z]     [72/105] Building CXX object lib/mayaHydra/hydraExtensions/CMakeFiles/mayaHydraLib.dir/mayaHydraSceneProducer.cpp.o
[2023-11-14T14:11:31.185Z]     [73/105] Building CXX object lib/mayaHydra/hydraExtensions/CMakeFiles/mayaHydraLib.dir/adapters/mayaAttrs.cpp.o
[2023-11-14T14:11:33.042Z]     [74/105] Building CXX object lib/mayaHydra/hydraExtensions/CMakeFiles/mayaHydraLib.dir/adapters/dagAdapter.cpp.o
[2023-11-14T14:11:34.215Z]     [75/105] Building CXX object lib/mayaHydra/hydraExtensions/CMakeFiles/mayaHydraLib.dir/adapters/renderItemAdapter.cpp.o
[2023-11-14T14:11:36.072Z]     [76/105] Building CXX object lib/mayaHydra/hydraExtensions/CMakeFiles/mayaHydraLib.dir/adapters/lightAdapter.cpp.o
[2023-11-14T14:11:36.620Z]     [77/105] Building CXX object lib/mayaHydra/hydraExtensions/CMakeFiles/mayaHydraLib.dir/adapters/directionalLightAdapter.cpp.o
[2023-11-14T14:11:37.182Z]     [78/105] Building CXX object lib/mayaHydra/hydraExtensions/CMakeFiles/mayaHydraLib.dir/adapters/materialAdapter.cpp.o
[2023-11-14T14:11:37.739Z]     [79/105] Building CXX object lib/mayaHydra/hydraExtensions/CMakeFiles/mayaHydraLib.dir/adapters/tokens.cpp.o
[2023-11-14T14:11:38.906Z]     [80/105] Building CXX object lib/mayaHydra/hydraExtensions/CMakeFiles/mayaHydraLib.dir/adapters/nurbsCurveAdapter.cpp.o
[2023-11-14T14:11:38.906Z]     [81/105] Building CXX object lib/mayaHydra/hydraExtensions/CMakeFiles/mayaHydraLib.dir/adapters/meshAdapter.cpp.o
[2023-11-14T14:11:40.074Z]     [82/105] Building CXX object lib/mayaHydra/hydraExtensions/CMakeFiles/mayaHydraLib.dir/delegates/delegateDebugCodes.cpp.o
[2023-11-14T14:11:40.074Z]     [83/105] Building CXX object lib/mayaHydra/hydraExtensions/CMakeFiles/mayaHydraLib.dir/adapters/materialNetworkConverter.cpp.o
[2023-11-14T14:11:40.639Z]     [84/105] Building CXX object lib/mayaHydra/hydraExtensions/CMakeFiles/mayaHydraLib.dir/adapters/pointLightAdapter.cpp.o
[2023-11-14T14:11:41.207Z]     [85/105] Building CXX object lib/mayaHydra/hydraExtensions/CMakeFiles/mayaHydraLib.dir/adapters/shapeAdapter.cpp.o
[2023-11-14T14:11:43.797Z]     [86/105] Building CXX object lib/mayaHydra/hydraExtensions/CMakeFiles/mayaHydraLib.dir/adapters/spotLightAdapter.cpp.o
[2023-11-14T14:11:43.797Z]     [87/105] Building CXX object lib/mayaHydra/hydraExtensions/CMakeFiles/mayaHydraLib.dir/delegates/delegate.cpp.o
[2023-11-14T14:11:44.990Z]     [88/105] Building CXX object lib/mayaHydra/hydraExtensions/CMakeFiles/mayaHydraLib.dir/delegates/delegateCtx.cpp.o
[2023-11-14T14:11:46.150Z]     [89/105] Building CXX object lib/mayaHydra/hydraExtensions/CMakeFiles/mayaHydraLib.dir/delegates/delegateRegistry.cpp.o
[2023-11-14T14:11:46.721Z]     [90/105] Building CXX object lib/mayaHydra/hydraExtensions/CMakeFiles/mayaHydraLib.dir/sceneIndex/registration.cpp.o
[2023-11-14T14:11:50.165Z]     [91/105] Building CXX object lib/mayaHydra/hydraExtensions/CMakeFiles/mayaHydraLib.dir/delegates/sceneDelegate.cpp.o
[2023-11-14T14:11:51.342Z]     [92/105] Building CXX object lib/mayaHydra/hydraExtensions/CMakeFiles/mayaHydraLib.dir/delegates/defaultLightDelegate.cpp.o
[2023-11-14T14:11:51.342Z]     [93/105] Building CXX object lib/mayaHydra/hydraExtensions/CMakeFiles/mayaHydraLib.dir/sceneIndex/mayaHydraPrimvarDataSource.cpp.o
[2023-11-14T14:11:51.878Z]     [94/105] Building CXX object lib/mayaHydra/hydraExtensions/CMakeFiles/mayaHydraLib.dir/delegates/testDelegate.cpp.o
[2023-11-14T14:11:53.001Z]     [95/105] Building CXX object lib/mayaHydra/hydraExtensions/CMakeFiles/mayaHydraLib.dir/sceneIndex/mayaHydraDataSource.cpp.o
[2023-11-14T14:11:53.537Z]     [96/105] Building CXX object lib/mayaHydra/hydraExtensions/CMakeFiles/mayaHydraLib.dir/sceneIndex/mayaHydraDisplayStyleDataSource.cpp.o
[2023-11-14T14:11:53.537Z]     [97/105] Building CXX object lib/mayaHydra/hydraExtensions/CMakeFiles/mayaHydraLib.dir/sceneIndex/mayaHydraSceneIndex.cpp.o
[2023-11-14T14:11:53.537Z]     [98/105] Building CXX object lib/mayaHydra/hydraExtensions/CMakeFiles/mayaHydraLib.dir/sceneIndex/mayaHydraCameraDataSource.cpp.o
[2023-11-14T14:11:55.302Z]     [99/105] Building CXX object lib/mayaHydra/hydraExtensions/CMakeFiles/mayaHydraLib.dir/sceneIndex/mayaHydraLightDataSource.cpp.o
[2023-11-14T14:11:57.072Z]     [100/105] Building CXX object lib/mayaHydra/hydraExtensions/CMakeFiles/mayaHydraLib.dir/sceneIndex/mayaHydraDefaultLightDataSource.cpp.o
[2023-11-14T14:11:57.608Z]     [101/105] Linking CXX shared library lib/mayaHydra/hydraExtensions/libmayaHydraLib.dylib
[2023-11-14T14:11:58.145Z]     [102/105] Linking CXX shared library plugin/mayaHydraSceneBrowserTest/mayaHydraSceneBrowserTest.bundle
[2023-11-14T14:11:58.145Z]     [103/105] Linking CXX shared library plugin/mayaHydraSceneBrowser/mayaHydraSceneBrowser.bundle
[2023-11-14T14:11:58.145Z]     [104/105] Linking CXX shared library test/lib/mayaUsd/render/mayaToHydra/cpp/mayaHydraCppTests.bundle
[2023-11-14T14:11:58.145Z]     [105/105] Linking CXX shared library lib/mayaHydra/mayaPlugin/mayaHydra.bundle
[2023-11-14T14:11:58.145Z]     
[2023-11-14T14:11:58.145Z]         Building with settings:
[2023-11-14T14:11:58.145Z]           Source directory          /Volumes/DATA/local/S/jenkins/workspace/ECP/ecg-maya-hydra/ecg-maya-hydra-branch-preflight-python3-osx/ecg-maya-hydra/maya-hydra
[2023-11-14T14:11:58.145Z]           Workspace directory       /local/S/jenkins/workspace/ECP/ecg-maya-hydra/ecg-maya-hydra-branch-preflight-python3-osx
[2023-11-14T14:11:58.145Z]           Build directory           /local/S/jenkins/workspace/ECP/ecg-maya-hydra/ecg-maya-hydra-branch-preflight-python3-osx/build/Debug
[2023-11-14T14:11:58.145Z]           Install directory         /local/S/jenkins/workspace/ECP/ecg-maya-hydra/ecg-maya-hydra-branch-preflight-python3-osx/install/Debug/MayaHydra
[2023-11-14T14:11:58.145Z]           Variant                   Debug
[2023-11-14T14:11:58.145Z]           Python Debug              Off
[2023-11-14T14:11:58.145Z]           CMake generator           Ninja
[2023-11-14T14:11:58.145Z]           Build arguments           ['-DCMAKE_MAKE_PROGRAM=/local/S/jenkins/workspace/shared/Artifactory/OSX/ninja/1.10.2/95d0ca5/ninja', '-DPYTHON_INCLUDE_DIR=/local/S/jenkins/workspace/shared/Artifactory/OSX/rundev-master-debug/202310260154/runtime/3fe4f1c/runTime/Maya.app/Contents/Frameworks/Python.framework/Versions/Current/include/python3.10', '-DPython_EXECUTABLE=/local/S/jenkins/workspace/shared/Artifactory/OSX/rundev-master-debug/202310260154/runtime/3fe4f1c/runTime/Maya.app/Contents/bin/mayapy', '-DPYTHON_LIBRARIES=/local/S/jenkins/workspace/shared/Artifactory/OSX/rundev-master-debug/202310260154/runtime/3fe4f1c/runTime/Maya.app/Contents/Frameworks/Python.framework/Versions/Current/lib/libpython3.10.dylib', '-DBUILD_WITH_PYTHON_3=ON', '-DBUILD_WITH_PYTHON_3_VERSION=3.10', '-DBUILD_UB2=ON', '-DCMAKE_WANT_MATERIALX_BUILD=ON', '-DCMAKE_PREFIX_PATH=/local/S/jenkins/workspace/shared/Artifactory/OSX/USD/a9d0dd1']
[2023-11-14T14:11:58.145Z]           Stages arguments          ['build']
[2023-11-14T14:11:58.145Z]           CTest arguments           ['--parallel 8']
[2023-11-14T14:11:58.145Z]     Success MayaHydra build and install !!!!
[2023-11-14T14:11:58.145Z]     Elapsed time: 00:01:07
[Pipeline] sh
[2023-11-14T14:12:00.115Z] + python ecg-maya-hydra/build.py --stages=build --workspace-dir=/local/S/jenkins/workspace/ECP/ecg-maya-hydra/ecg-maya-hydra-branch-preflight-python3-osx --artifactory-dir=/local/S/jenkins/workspace/shared/Artifactory --build-dir=/local/S/jenkins/workspace/ECP/ecg-maya-hydra/ecg-maya-hydra-branch-preflight-python3-osx/build --install-dir=/local/S/jenkins/workspace/ECP/ecg-maya-hydra/ecg-maya-hydra-branch-preflight-python3-osx/install --signing-dir=/local/S/jenkins/workspace/ECP/ecg-maya-hydra/ecg-maya-hydra-branch-preflight-python3-osx/signing --package-dir=/local/S/jenkins/workspace/ECP/ecg-maya-hydra/ecg-maya-hydra-branch-preflight-python3-osx/package --output-dir=/local/S/jenkins/workspace/ECP/ecg-maya-hydra/ecg-maya-hydra-branch-preflight-python3-osx/output --stash-dir=/local/S/jenkins/workspace/ECP/ecg-maya-hydra/ecg-maya-hydra-branch-preflight-python3-osx/stash --jenkins-build=392 --git-commit=c5dcac082fb6a3725feabd24d4269a59833d1fd0 --git-branch=master --variants=RelWithDebInfo --interactive-tests=true --post-zips=false --osx-binary-architecture-target=ub2 --osx-deployment-target=11.0 --osx-base-sdk=CurrentActiveSDK --build-retry=3 --maya-cut-config=maya-rundev-master.yaml --maya-package=rundev-master --stage-banner
[2023-11-14T14:12:00.115Z] Using Maya cut from /local/S/jenkins/workspace/shared/Artifactory/OSX/rundev-master/202311060140/runtime/e9a5ae1
[2023-11-14T14:12:00.115Z] Using Maya ADSK Signatures from /local/S/jenkins/workspace/shared/Artifactory/OSX/adsk-plugin-signatures-maya/2023/3ae1ae7
[2023-11-14T14:12:00.115Z] Using Maya Security Library from /local/S/jenkins/workspace/shared/Artifactory/OSX/maya-security-library/3.4.0/5e08f3e
[2023-11-14T14:12:00.115Z] 
[2023-11-14T14:12:00.115Z] ================================================================================
[2023-11-14T14:12:00.115Z]                              build (RelWithDebInfo)
[2023-11-14T14:12:00.115Z] ================================================================================
[2023-11-14T14:12:00.115Z] Maya Python RelWithDebInfo Info:
[2023-11-14T14:12:00.115Z]   mayapy executable   = /local/S/jenkins/workspace/shared/Artifactory/OSX/rundev-master/202311060140/runtime/e9a5ae1/runTime/Maya.app/Contents/bin/mayapy
[2023-11-14T14:12:00.115Z]   Include Folder      = /local/S/jenkins/workspace/shared/Artifactory/OSX/rundev-master/202311060140/runtime/e9a5ae1/runTime/Maya.app/Contents/Frameworks/Python.framework/Versions/Current/include/python3.10
[2023-11-14T14:12:00.115Z]   Library             = /local/S/jenkins/workspace/shared/Artifactory/OSX/rundev-master/202311060140/runtime/e9a5ae1/runTime/Maya.app/Contents/Frameworks/Python.framework/Versions/Current/lib/libpython3.10.dylib
[2023-11-14T14:12:00.115Z]   site-package Folder = /local/S/jenkins/workspace/shared/Artifactory/OSX/rundev-master/202311060140/runtime/e9a5ae1/runTime/Maya.app/Contents/Frameworks/Python.framework/Versions/Current/lib/python3.10/site-packages
[2023-11-14T14:12:00.115Z] In workdir: /Volumes/DATA/local/S/jenkins/workspace/ECP/ecg-maya-hydra/ecg-maya-hydra-branch-preflight-python3-osx/ecg-maya-hydra/maya-hydra
[2023-11-14T14:12:00.115Z] Executing: arch -arch arm64 /local/S/jenkins/workspace/shared/Artifactory/OSX/rundev-master/202311060140/runtime/e9a5ae1/runTime/Maya.app/Contents/bin/mayapy /Volumes/DATA/local/S/jenkins/workspace/ECP/ecg-maya-hydra/ecg-maya-hydra-branch-preflight-python3-osx/ecg-maya-hydra/maya-hydra/build.py --generator Ninja --build-relwithdebug --maya-location /local/S/jenkins/workspace/shared/Artifactory/OSX/rundev-master/202311060140/runtime/e9a5ae1/runTime --devkit-location /local/S/jenkins/workspace/shared/Artifactory/OSX/rundev-master/202311060140/runtime/e9a5ae1/devkitBase --pxrusd-location /local/S/jenkins/workspace/shared/Artifactory/OSX/USD/b595ab2 --build-args=-DCMAKE_MAKE_PROGRAM=/local/S/jenkins/workspace/shared/Artifactory/OSX/ninja/1.10.2/95d0ca5/ninja,-DPYTHON_INCLUDE_DIR=/local/S/jenkins/workspace/shared/Artifactory/OSX/rundev-master/202311060140/runtime/e9a5ae1/runTime/Maya.app/Contents/Frameworks/Python.framework/Versions/Current/include/python3.10,-DPython_EXECUTABLE=/local/S/jenkins/workspace/shared/Artifactory/OSX/rundev-master/202311060140/runtime/e9a5ae1/runTime/Maya.app/Contents/bin/mayapy,-DPYTHON_LIBRARIES=/local/S/jenkins/workspace/shared/Artifactory/OSX/rundev-master/202311060140/runtime/e9a5ae1/runTime/Maya.app/Contents/Frameworks/Python.framework/Versions/Current/lib/libpython3.10.dylib,-DBUILD_WITH_PYTHON_3=ON,-DBUILD_WITH_PYTHON_3_VERSION=3.10,-DBUILD_UB2=ON,-DCMAKE_WANT_MATERIALX_BUILD=ON,-DCMAKE_PREFIX_PATH=/local/S/jenkins/workspace/shared/Artifactory/OSX/USD/b595ab2 '--ctest-args=--parallel 8' --stages=build --redirect-outstream-file=False --install-location /local/S/jenkins/workspace/ECP/ecg-maya-hydra/ecg-maya-hydra-branch-preflight-python3-osx/install/RelWithDebInfo/MayaHydra /local/S/jenkins/workspace/ECP/ecg-maya-hydra/ecg-maya-hydra-branch-preflight-python3-osx
[2023-11-14T14:12:00.115Z] Modified environment variables:
[2023-11-14T14:12:00.115Z]     PATH=/local/S/jenkins/workspace/shared/Artifactory/OSX/cmake/3.20.3/2594509/bin:/opt/homebrew/bin:/usr/local/bin:/bin:/usr/sbin:/sbin:/usr/bin:/usr/bin:/bin:/usr/sbin:/sbin
[2023-11-14T14:12:01.968Z]     [1/105] Building CXX object test/lib/mayaUsd/render/mayaToHydra/cpp/CMakeFiles/mayaHydraCppTests.dir/mayaHydraCppTestsCmd.cpp.o
[2023-11-14T14:12:01.968Z]     [2/105] Building CXX object test/lib/mayaUsd/render/mayaToHydra/cpp/CMakeFiles/mayaHydraCppTests.dir/testCppFramework.cpp.o
[2023-11-14T14:12:03.802Z]     [3/105] Building CXX object test/lib/mayaUsd/render/mayaToHydra/cpp/CMakeFiles/mayaHydraCppTests.dir/testColorPreferences.cpp.o
[2023-11-14T14:12:04.969Z]     [4/105] Building CXX object lib/mayaHydra/mayaPlugin/CMakeFiles/mayaHydra.dir/colorNotFoundException.cpp.o
[2023-11-14T14:12:05.535Z]     [5/105] Building CXX object test/lib/mayaUsd/render/mayaToHydra/cpp/CMakeFiles/mayaHydraCppTests.dir/testUtils.cpp.o
[2023-11-14T14:12:06.154Z]     [6/105] Building CXX object test/lib/mayaUsd/render/mayaToHydra/cpp/CMakeFiles/mayaHydraCppTests.dir/testMayaUsdUfeItems.cpp.o
[2023-11-14T14:12:06.730Z]     [7/105] Building CXX object test/lib/mayaUsd/render/mayaToHydra/cpp/CMakeFiles/mayaHydraCppTests.dir/testMayaSceneFlattening.cpp.o
[2023-11-14T14:12:07.296Z]     [8/105] Building CXX object test/lib/mayaUsd/render/mayaToHydra/cpp/CMakeFiles/mayaHydraCppTests.dir/testFlowViewportAPIViewportInformation.cpp.o
[2023-11-14T14:12:07.296Z]     [9/105] Building CXX object lib/mayaHydra/mayaPlugin/CMakeFiles/mayaHydra.dir/pluginDebugCodes.cpp.o
[2023-11-14T14:12:07.296Z]     [10/105] Building CXX object lib/mayaHydra/mayaPlugin/CMakeFiles/mayaHydra.dir/mayaColorPreferencesTranslator.cpp.o
[2023-11-14T14:12:08.474Z]     [11/105] Building CXX object test/lib/mayaUsd/render/mayaToHydra/cpp/CMakeFiles/mayaHydraCppTests.dir/testWireframeSelectionHighlightSceneIndex.cpp.o
[2023-11-14T14:12:08.474Z]     [12/105] Building CXX object lib/mayaHydra/mayaPlugin/CMakeFiles/mayaHydra.dir/tokens.cpp.o
[2023-11-14T14:12:09.040Z]     [13/105] Building CXX object test/lib/mayaUsd/render/mayaToHydra/cpp/CMakeFiles/mayaHydraCppTests.dir/testSelectionSceneIndex.cpp.o
[2023-11-14T14:12:09.604Z]     [14/105] Building CXX object lib/mayaHydra/hydraExtensions/CMakeFiles/mayaHydraLib.dir/debugCodes.cpp.o
[2023-11-14T14:12:09.604Z]     [15/105] Building CXX object test/lib/mayaUsd/render/mayaToHydra/cpp/CMakeFiles/mayaHydraCppTests.dir/testMergingSceneIndex.cpp.o
[2023-11-14T14:12:10.757Z]     [16/105] Building CXX object lib/mayaHydra/hydraExtensions/CMakeFiles/mayaHydraLib.dir/mayaUtils.cpp.o
[2023-11-14T14:12:13.389Z]     [17/105] Building CXX object lib/mayaHydra/hydraExtensions/CMakeFiles/mayaHydraLib.dir/mayaHydraLibInterfaceImp.cpp.o
[2023-11-14T14:12:13.389Z]     [18/105] Building CXX object lib/mayaHydra/mayaPlugin/CMakeFiles/mayaHydra.dir/pluginUtils.cpp.o
[2023-11-14T14:12:13.389Z]     [19/105] Building CXX object lib/mayaHydra/mayaPlugin/CMakeFiles/mayaHydra.dir/plugin.cpp.o
[2023-11-14T14:12:14.572Z]     [20/105] Building CXX object lib/mayaHydra/hydraExtensions/CMakeFiles/mayaHydraLib.dir/adapters/adapterDebugCodes.cpp.o
[2023-11-14T14:12:14.572Z]     [21/105] Building CXX object lib/mayaHydra/hydraExtensions/CMakeFiles/mayaHydraLib.dir/hydraUtils.cpp.o
[2023-11-14T14:12:15.139Z]     [22/105] Building CXX object lib/mayaHydra/hydraExtensions/CMakeFiles/mayaHydraLib.dir/mixedUtils.cpp.o
[2023-11-14T14:12:16.311Z]     [23/105] Building CXX object lib/mayaHydra/mayaPlugin/CMakeFiles/mayaHydra.dir/viewCommand.cpp.o
[2023-11-14T14:12:16.311Z]     /Volumes/DATA/local/S/jenkins/workspace/ECP/ecg-maya-hydra/ecg-maya-hydra-branch-preflight-python3-osx/ecg-maya-hydra/maya-hydra/lib/mayaHydra/mayaPlugin/viewCommand.cpp:33:9: warning: MAYAHYDRA_CUT_ID is not defined [-W#pragma-messages]
[2023-11-14T14:12:16.311Z]     #pragma message("MAYAHYDRA_CUT_ID is not defined")
[2023-11-14T14:12:16.311Z]             ^
[2023-11-14T14:12:16.311Z]     1 warning generated.
[2023-11-14T14:12:16.311Z]     /Volumes/DATA/local/S/jenkins/workspace/ECP/ecg-maya-hydra/ecg-maya-hydra-branch-preflight-python3-osx/ecg-maya-hydra/maya-hydra/lib/mayaHydra/mayaPlugin/viewCommand.cpp:33:9: warning: MAYAHYDRA_CUT_ID is not defined [-W#pragma-messages]
[2023-11-14T14:12:16.311Z]     #pragma message("MAYAHYDRA_CUT_ID is not defined")
[2023-11-14T14:12:16.311Z]             ^
[2023-11-14T14:12:16.311Z]     1 warning generated.
[2023-11-14T14:12:20.637Z]     [24/105] Building CXX object lib/mayaHydra/mayaPlugin/CMakeFiles/mayaHydra.dir/renderOverride.cpp.o
[2023-11-14T14:12:20.637Z]     [25/105] Building CXX object lib/mayaHydra/hydraExtensions/CMakeFiles/mayaHydraLib.dir/adapters/adapter.cpp.o
[2023-11-14T14:12:21.808Z]     [26/105] Building CXX object lib/mayaHydra/mayaPlugin/CMakeFiles/mayaHydra.dir/renderGlobals.cpp.o
[2023-11-14T14:12:22.974Z]     [27/105] Building CXX object lib/mayaHydra/hydraExtensions/CMakeFiles/mayaHydraLib.dir/adapters/areaLightAdapter.cpp.o
[2023-11-14T14:12:22.974Z]     [28/105] Building CXX object lib/mayaHydra/hydraExtensions/CMakeFiles/mayaHydraLib.dir/adapters/adapterRegistry.cpp.o
[2023-11-14T14:12:23.552Z]     [29/105] Building CXX object lib/mayaHydra/hydraExtensions/CMakeFiles/mayaHydraLib.dir/adapters/aiSkydomeLightAdapter.cpp.o
[2023-11-14T14:12:24.110Z]     [30/105] Building CXX object lib/mayaHydra/hydraExtensions/CMakeFiles/mayaHydraLib.dir/adapters/cameraAdapter.cpp.o
[2023-11-14T14:12:25.300Z]     [31/105] Building CXX object lib/mayaHydra/hydraExtensions/CMakeFiles/mayaHydraLib.dir/adapters/mayaAttrs.cpp.o
[2023-11-14T14:12:25.300Z]     [32/105] Building CXX object lib/mayaHydra/hydraExtensions/CMakeFiles/mayaHydraLib.dir/mayaHydraSceneProducer.cpp.o
[2023-11-14T14:12:28.742Z]     [33/105] Building CXX object lib/mayaHydra/hydraExtensions/CMakeFiles/mayaHydraLib.dir/adapters/dagAdapter.cpp.o
[2023-11-14T14:12:30.582Z]     [34/105] Building CXX object lib/mayaHydra/hydraExtensions/CMakeFiles/mayaHydraLib.dir/adapters/lightAdapter.cpp.o
[2023-11-14T14:12:31.143Z]     [35/105] Building CXX object lib/mayaHydra/hydraExtensions/CMakeFiles/mayaHydraLib.dir/adapters/directionalLightAdapter.cpp.o
[2023-11-14T14:12:31.143Z]     [36/105] Building CXX object lib/mayaHydra/hydraExtensions/CMakeFiles/mayaHydraLib.dir/adapters/renderItemAdapter.cpp.o
[2023-11-14T14:12:32.321Z]     [37/105] Building CXX object lib/mayaHydra/hydraExtensions/CMakeFiles/mayaHydraLib.dir/adapters/tokens.cpp.o
[2023-11-14T14:12:33.155Z]     [38/105] Building CXX object lib/mayaHydra/hydraExtensions/CMakeFiles/mayaHydraLib.dir/adapters/materialAdapter.cpp.o
[2023-11-14T14:12:35.089Z]     [39/105] Building CXX object lib/mayaHydra/hydraExtensions/CMakeFiles/mayaHydraLib.dir/adapters/nurbsCurveAdapter.cpp.o
[2023-11-14T14:12:35.089Z]     [40/105] Building CXX object lib/mayaHydra/hydraExtensions/CMakeFiles/mayaHydraLib.dir/adapters/meshAdapter.cpp.o
[2023-11-14T14:12:35.667Z]     [41/105] Building CXX object lib/mayaHydra/hydraExtensions/CMakeFiles/mayaHydraLib.dir/delegates/delegateDebugCodes.cpp.o
[2023-11-14T14:12:36.827Z]     [42/105] Building CXX object lib/mayaHydra/hydraExtensions/CMakeFiles/mayaHydraLib.dir/adapters/pointLightAdapter.cpp.o
[2023-11-14T14:12:37.386Z]     [43/105] Building CXX object lib/mayaHydra/hydraExtensions/CMakeFiles/mayaHydraLib.dir/adapters/shapeAdapter.cpp.o
[2023-11-14T14:12:37.946Z]     [44/105] Building CXX object lib/mayaHydra/hydraExtensions/CMakeFiles/mayaHydraLib.dir/adapters/materialNetworkConverter.cpp.o
[2023-11-14T14:12:39.120Z]     [45/105] Building CXX object lib/mayaHydra/hydraExtensions/CMakeFiles/mayaHydraLib.dir/delegates/delegate.cpp.o
[2023-11-14T14:12:39.685Z]     [46/105] Building CXX object lib/mayaHydra/hydraExtensions/CMakeFiles/mayaHydraLib.dir/adapters/spotLightAdapter.cpp.o
[2023-11-14T14:12:40.249Z]     [47/105] Building CXX object lib/mayaHydra/hydraExtensions/CMakeFiles/mayaHydraLib.dir/delegates/delegateCtx.cpp.o
[2023-11-14T14:12:42.841Z]     [48/105] Building CXX object lib/mayaHydra/hydraExtensions/CMakeFiles/mayaHydraLib.dir/delegates/delegateRegistry.cpp.o
[2023-11-14T14:12:45.482Z]     [49/105] Building CXX object lib/mayaHydra/hydraExtensions/CMakeFiles/mayaHydraLib.dir/sceneIndex/registration.cpp.o
[2023-11-14T14:12:48.079Z]     [50/105] Building CXX object lib/mayaHydra/hydraExtensions/CMakeFiles/mayaHydraLib.dir/sceneIndex/mayaHydraPrimvarDataSource.cpp.o
[2023-11-14T14:12:48.749Z]     [51/105] Building CXX object lib/mayaHydra/hydraExtensions/CMakeFiles/mayaHydraLib.dir/delegates/defaultLightDelegate.cpp.o
[2023-11-14T14:12:49.318Z]     [52/105] Building CXX object lib/mayaHydra/hydraExtensions/CMakeFiles/mayaHydraLib.dir/delegates/testDelegate.cpp.o
[2023-11-14T14:12:51.213Z]     [53/105] Building CXX object lib/mayaHydra/ufeExtensions/CMakeFiles/ufeExtensions.dir/Global.cpp.o
[2023-11-14T14:12:51.213Z]     [54/105] Building CXX object lib/mayaHydra/hydraExtensions/CMakeFiles/mayaHydraLib.dir/sceneIndex/mayaHydraDisplayStyleDataSource.cpp.o
[2023-11-14T14:12:51.213Z]     [55/105] Building CXX object lib/mayaHydra/hydraExtensions/CMakeFiles/mayaHydraLib.dir/delegates/sceneDelegate.cpp.o
[2023-11-14T14:12:51.213Z]     [56/105] Linking CXX shared library lib/mayaHydra/ufeExtensions/libufeExtensions.dylib
[2023-11-14T14:12:51.772Z]     [57/105] Building CXX object lib/mayaHydra/hydraExtensions/CMakeFiles/mayaHydraLib.dir/sceneIndex/mayaHydraDataSource.cpp.o
[2023-11-14T14:12:52.328Z]     [58/105] Building CXX object lib/flowViewport/CMakeFiles/flowViewport.dir/debugCodes.cpp.o
[2023-11-14T14:12:52.328Z]     [59/105] Building CXX object lib/flowViewport/CMakeFiles/flowViewport.dir/tokens.cpp.o
[2023-11-14T14:12:52.328Z]     [60/105] Building CXX object lib/flowViewport/CMakeFiles/flowViewport.dir/global.cpp.o
[2023-11-14T14:12:53.499Z]     [61/105] Building CXX object lib/flowViewport/CMakeFiles/flowViewport.dir/colorPreferences/fvpColorChanged.cpp.o
[2023-11-14T14:12:53.499Z]     [62/105] Building CXX object lib/flowViewport/CMakeFiles/flowViewport.dir/sceneIndex/fvpPathInterface.cpp.o
[2023-11-14T14:12:53.499Z]     [63/105] Building CXX object lib/flowViewport/CMakeFiles/flowViewport.dir/colorPreferences/fvpColorPreferences.cpp.o
[2023-11-14T14:12:53.499Z]     [64/105] Building CXX object lib/flowViewport/CMakeFiles/flowViewport.dir/colorPreferences/fvpColorPreferencesTokens.cpp.o
[2023-11-14T14:12:54.061Z]     [65/105] Building CXX object lib/mayaHydra/hydraExtensions/CMakeFiles/mayaHydraLib.dir/sceneIndex/mayaHydraCameraDataSource.cpp.o
[2023-11-14T14:12:54.061Z]     [66/105] Building CXX object lib/flowViewport/CMakeFiles/flowViewport.dir/sceneIndex/fvpSelectionInterface.cpp.o
[2023-11-14T14:12:54.628Z]     [67/105] Building CXX object lib/mayaHydra/hydraExtensions/CMakeFiles/mayaHydraLib.dir/sceneIndex/mayaHydraLightDataSource.cpp.o
[2023-11-14T14:12:55.184Z]     [68/105] Building CXX object lib/mayaHydra/hydraExtensions/CMakeFiles/mayaHydraLib.dir/sceneIndex/mayaHydraSceneIndex.cpp.o
[2023-11-14T14:12:55.184Z]     [69/105] Building CXX object lib/flowViewport/CMakeFiles/flowViewport.dir/API/interfacesImp/fvpVersionInterfaceImp.cpp.o
[2023-11-14T14:12:56.359Z]     [70/105] Building CXX object lib/flowViewport/CMakeFiles/flowViewport.dir/sceneIndex/fvpMergingSceneIndex.cpp.o
[2023-11-14T14:12:56.359Z]     [71/105] Building CXX object lib/flowViewport/CMakeFiles/flowViewport.dir/API/interfacesImp/fvpSelectionInterfaceImp.cpp.o
[2023-11-14T14:12:56.933Z]     [72/105] Building CXX object lib/flowViewport/CMakeFiles/flowViewport.dir/sceneIndex/fvpPathInterfaceSceneIndex.cpp.o
[2023-11-14T14:12:56.933Z]     [73/105] Building CXX object lib/flowViewport/CMakeFiles/flowViewport.dir/sceneIndex/fvpPassThroughSelectionInterfaceSceneIndex.cpp.o
[2023-11-14T14:12:57.518Z]     [74/105] Building CXX object lib/flowViewport/CMakeFiles/flowViewport.dir/API/samples/fvpSelectionClientExample.cpp.o
[2023-11-14T14:12:57.518Z]     [75/105] Building CXX object lib/mayaHydra/hydraExtensions/CMakeFiles/mayaHydraLib.dir/sceneIndex/mayaHydraDefaultLightDataSource.cpp.o
[2023-11-14T14:12:59.341Z]     [76/105] Building CXX object lib/flowViewport/CMakeFiles/flowViewport.dir/sceneIndex/fvpRenderIndexProxy.cpp.o
[2023-11-14T14:12:59.341Z]     [77/105] Building CXX object lib/flowViewport/CMakeFiles/flowViewport.dir/sceneIndex/fvpSelectionSceneIndex.cpp.o
[2023-11-14T14:13:01.113Z]     [78/105] Building CXX object lib/flowViewport/CMakeFiles/flowViewport.dir/API/samples/fvpInformationClientExample.cpp.o
[2023-11-14T14:13:01.114Z]     [79/105] Building CXX object lib/flowViewport/CMakeFiles/flowViewport.dir/API/interfacesImp/fvpInformationInterfaceImp.cpp.o
[2023-11-14T14:13:01.114Z]     [80/105] Building CXX object lib/flowViewport/CMakeFiles/flowViewport.dir/API/perViewportSceneIndicesData/fvpViewportInformationAndSceneIndicesPerViewportData.cpp.o
[2023-11-14T14:13:01.650Z]     [81/105] Building CXX object lib/flowViewport/CMakeFiles/flowViewport.dir/sceneIndex/fvpWireframeSelectionHighlightSceneIndex.cpp.o
[2023-11-14T14:13:02.810Z]     [82/105] Automatic MOC for target adskHydraSceneBrowser
[2023-11-14T14:13:04.010Z]     [83/105] Building CXX object lib/flowViewport/CMakeFiles/flowViewport.dir/API/perViewportSceneIndicesData/fvpViewportInformationAndSceneIndicesPerViewportDataManager.cpp.o
[2023-11-14T14:13:04.010Z]     [84/105] Building CXX object lib/flowViewport/CMakeFiles/flowViewport.dir/selection/fvpSelectionTracker.cpp.o
[2023-11-14T14:13:05.875Z]     [85/105] Building CXX object lib/flowViewport/CMakeFiles/flowViewport.dir/selection/fvpSelectionTask.cpp.o
[2023-11-14T14:13:05.875Z]     [86/105] Linking CXX shared library lib/flowViewport/libflowViewport.dylib
[2023-11-14T14:13:06.432Z]     [87/105] Linking CXX shared library lib/mayaHydra/hydraExtensions/libmayaHydraLib.dylib
[2023-11-14T14:13:06.993Z]     [88/105] Linking CXX shared library test/lib/mayaUsd/render/mayaToHydra/cpp/mayaHydraCppTests.bundle
[2023-11-14T14:13:06.993Z]     [89/105] Linking CXX shared library lib/mayaHydra/mayaPlugin/mayaHydra.bundle
[2023-11-14T14:13:08.176Z]     [90/105] Building CXX object lib/adskHydraSceneBrowser/lib/CMakeFiles/adskHydraSceneBrowser.dir/src/patch/registeredSceneIndexChooser.cpp.o
[2023-11-14T14:13:09.341Z]     [91/105] Building CXX object lib/adskHydraSceneBrowser/lib/CMakeFiles/adskHydraSceneBrowser.dir/src/patch/sceneIndexObserverLoggingWidget.cpp.o
[2023-11-14T14:13:09.341Z]     [92/105] Building CXX object lib/adskHydraSceneBrowser/lib/CMakeFiles/adskHydraSceneBrowser.dir/adskHydraSceneBrowser_autogen/mocs_compilation.cpp.o
[2023-11-14T14:13:09.341Z]     [93/105] Building CXX object lib/adskHydraSceneBrowser/lib/CMakeFiles/adskHydraSceneBrowser.dir/src/patch/sceneIndexObserverLoggingTreeView.cpp.o
[2023-11-14T14:13:09.341Z]     [94/105] Building CXX object lib/adskHydraSceneBrowser/lib/CMakeFiles/adskHydraSceneBrowser.dir/src/patch/dataSourceValueTreeView.cpp.o
[2023-11-14T14:13:10.466Z]     [95/105] Building CXX object lib/adskHydraSceneBrowser/lib/CMakeFiles/adskHydraSceneBrowser.dir/src/patch/sceneIndexDebuggerWidget.cpp.o
[2023-11-14T14:13:11.004Z]     [96/105] Building CXX object lib/adskHydraSceneBrowser/lib/CMakeFiles/adskHydraSceneBrowser.dir/src/patch/dataSourceTreeWidget.cpp.o
[2023-11-14T14:13:12.781Z]     [97/105] Building CXX object plugin/mayaHydraSceneBrowserTest/CMakeFiles/mayaHydraSceneBrowserTest.dir/mayaHydraSceneBrowserTestCmd.cpp.o
[2023-11-14T14:13:13.316Z]     [98/105] Building CXX object lib/adskHydraSceneBrowser/lib/CMakeFiles/adskHydraSceneBrowser.dir/src/patch/sceneIndexTreeWidget.cpp.o
[2023-11-14T14:13:13.316Z]     [99/105] Linking CXX shared library lib/adskHydraSceneBrowser/lib/libadskHydraSceneBrowser.dylib
[2023-11-14T14:13:13.852Z]     [100/105] Building CXX object plugin/mayaHydraSceneBrowser/CMakeFiles/mayaHydraSceneBrowser.dir/mayaHydraSceneBrowser.cpp.o
[2023-11-14T14:13:13.852Z]     [101/105] Linking CXX shared library plugin/mayaHydraSceneBrowser/mayaHydraSceneBrowser.bundle
[2023-11-14T14:13:13.852Z]     [102/105] Building CXX object lib/adskHydraSceneBrowser/test/CMakeFiles/adskHydraSceneBrowserTesting.dir/adskHydraSceneBrowserTesting.cpp.o
[2023-11-14T14:13:17.243Z]     [103/105] Building CXX object lib/adskHydraSceneBrowser/test/CMakeFiles/adskHydraSceneBrowserTesting.dir/adskHydraSceneBrowserTestFixture.cpp.o
[2023-11-14T14:13:17.788Z]     [104/105] Linking CXX shared library lib/adskHydraSceneBrowser/test/libadskHydraSceneBrowserTesting.dylib
[2023-11-14T14:13:17.788Z]     [105/105] Linking CXX shared library plugin/mayaHydraSceneBrowserTest/mayaHydraSceneBrowserTest.bundle
[2023-11-14T14:13:17.788Z]     
[2023-11-14T14:13:17.788Z]         Building with settings:
[2023-11-14T14:13:17.788Z]           Source directory          /Volumes/DATA/local/S/jenkins/workspace/ECP/ecg-maya-hydra/ecg-maya-hydra-branch-preflight-python3-osx/ecg-maya-hydra/maya-hydra
[2023-11-14T14:13:17.788Z]           Workspace directory       /local/S/jenkins/workspace/ECP/ecg-maya-hydra/ecg-maya-hydra-branch-preflight-python3-osx
[2023-11-14T14:13:17.788Z]           Build directory           /local/S/jenkins/workspace/ECP/ecg-maya-hydra/ecg-maya-hydra-branch-preflight-python3-osx/build/RelWithDebInfo
[2023-11-14T14:13:17.788Z]           Install directory         /local/S/jenkins/workspace/ECP/ecg-maya-hydra/ecg-maya-hydra-branch-preflight-python3-osx/install/RelWithDebInfo/MayaHydra
[2023-11-14T14:13:17.788Z]           Variant                   RelWithDebInfo
[2023-11-14T14:13:17.788Z]           Python Debug              Off
[2023-11-14T14:13:17.788Z]           CMake generator           Ninja
[2023-11-14T14:13:17.788Z]           Build arguments           ['-DCMAKE_MAKE_PROGRAM=/local/S/jenkins/workspace/shared/Artifactory/OSX/ninja/1.10.2/95d0ca5/ninja', '-DPYTHON_INCLUDE_DIR=/local/S/jenkins/workspace/shared/Artifactory/OSX/rundev-master/202311060140/runtime/e9a5ae1/runTime/Maya.app/Contents/Frameworks/Python.framework/Versions/Current/include/python3.10', '-DPython_EXECUTABLE=/local/S/jenkins/workspace/shared/Artifactory/OSX/rundev-master/202311060140/runtime/e9a5ae1/runTime/Maya.app/Contents/bin/mayapy', '-DPYTHON_LIBRARIES=/local/S/jenkins/workspace/shared/Artifactory/OSX/rundev-master/202311060140/runtime/e9a5ae1/runTime/Maya.app/Contents/Frameworks/Python.framework/Versions/Current/lib/libpython3.10.dylib', '-DBUILD_WITH_PYTHON_3=ON', '-DBUILD_WITH_PYTHON_3_VERSION=3.10', '-DBUILD_UB2=ON', '-DCMAKE_WANT_MATERIALX_BUILD=ON', '-DCMAKE_PREFIX_PATH=/local/S/jenkins/workspace/shared/Artifactory/OSX/USD/b595ab2']
[2023-11-14T14:13:17.788Z]           Stages arguments          ['build']
[2023-11-14T14:13:17.788Z]           CTest arguments           ['--parallel 8']
[2023-11-14T14:13:17.789Z]     Success MayaHydra build and install !!!!
[2023-11-14T14:13:17.789Z]     Elapsed time: 00:01:17
[Pipeline] }
[Pipeline] // withEnv
[Pipeline] }
[Pipeline] // timeout
[Pipeline] }
[Pipeline] // stage
[Pipeline] }
[Pipeline] // timestamps
[Pipeline] timestamps
[Pipeline] {
[Pipeline] stage
[Pipeline] { (Install)
[Pipeline] timeout
[2023-11-14T14:13:18.180Z] Timeout set to expire in 6 hr 0 min
[Pipeline] {
[Pipeline] withEnv
[Pipeline] {
[Pipeline] sh
[2023-11-14T14:13:19.836Z] + python ecg-maya-hydra/build.py --stages=install --workspace-dir=/local/S/jenkins/workspace/ECP/ecg-maya-hydra/ecg-maya-hydra-branch-preflight-python3-osx --artifactory-dir=/local/S/jenkins/workspace/shared/Artifactory --build-dir=/local/S/jenkins/workspace/ECP/ecg-maya-hydra/ecg-maya-hydra-branch-preflight-python3-osx/build --install-dir=/local/S/jenkins/workspace/ECP/ecg-maya-hydra/ecg-maya-hydra-branch-preflight-python3-osx/install --signing-dir=/local/S/jenkins/workspace/ECP/ecg-maya-hydra/ecg-maya-hydra-branch-preflight-python3-osx/signing --package-dir=/local/S/jenkins/workspace/ECP/ecg-maya-hydra/ecg-maya-hydra-branch-preflight-python3-osx/package --output-dir=/local/S/jenkins/workspace/ECP/ecg-maya-hydra/ecg-maya-hydra-branch-preflight-python3-osx/output --stash-dir=/local/S/jenkins/workspace/ECP/ecg-maya-hydra/ecg-maya-hydra-branch-preflight-python3-osx/stash --jenkins-build=392 --git-commit=c5dcac082fb6a3725feabd24d4269a59833d1fd0 --git-branch=master --variants=Debug --interactive-tests=true --post-zips=false --osx-binary-architecture-target=ub2 --osx-deployment-target=11.0 --osx-base-sdk=CurrentActiveSDK --maya-cut-config=maya-rundev-master-debug.yaml --maya-package=rundev-master-debug --stage-banner
[2023-11-14T14:13:19.837Z] Using Maya cut from /local/S/jenkins/workspace/shared/Artifactory/OSX/rundev-master-debug/202310260154/runtime/3fe4f1c
[2023-11-14T14:13:19.837Z] Using Maya ADSK Signatures from /local/S/jenkins/workspace/shared/Artifactory/OSX/adsk-plugin-signatures-maya/2023/3ae1ae7
[2023-11-14T14:13:19.837Z] Using Maya Security Library from /local/S/jenkins/workspace/shared/Artifactory/OSX/maya-security-library/3.4.0/5e08f3e
[2023-11-14T14:13:19.837Z] 
[2023-11-14T14:13:19.837Z] ================================================================================
[2023-11-14T14:13:19.837Z]                                 install (Debug)
[2023-11-14T14:13:19.837Z] ================================================================================
[2023-11-14T14:13:19.837Z] Maya Python Debug Info:
[2023-11-14T14:13:19.837Z]   mayapy executable   = /local/S/jenkins/workspace/shared/Artifactory/OSX/rundev-master-debug/202310260154/runtime/3fe4f1c/runTime/Maya.app/Contents/bin/mayapy
[2023-11-14T14:13:19.837Z]   Include Folder      = /local/S/jenkins/workspace/shared/Artifactory/OSX/rundev-master-debug/202310260154/runtime/3fe4f1c/runTime/Maya.app/Contents/Frameworks/Python.framework/Versions/Current/include/python3.10
[2023-11-14T14:13:19.837Z]   Library             = /local/S/jenkins/workspace/shared/Artifactory/OSX/rundev-master-debug/202310260154/runtime/3fe4f1c/runTime/Maya.app/Contents/Frameworks/Python.framework/Versions/Current/lib/libpython3.10.dylib
[2023-11-14T14:13:19.837Z]   site-package Folder = /local/S/jenkins/workspace/shared/Artifactory/OSX/rundev-master-debug/202310260154/runtime/3fe4f1c/runTime/Maya.app/Contents/Frameworks/Python.framework/Versions/Current/lib/python3.10/site-packages
[2023-11-14T14:13:19.837Z] In workdir: /Volumes/DATA/local/S/jenkins/workspace/ECP/ecg-maya-hydra/ecg-maya-hydra-branch-preflight-python3-osx/ecg-maya-hydra/maya-hydra
[2023-11-14T14:13:19.837Z] Executing: arch -arch arm64 /local/S/jenkins/workspace/shared/Artifactory/OSX/rundev-master-debug/202310260154/runtime/3fe4f1c/runTime/Maya.app/Contents/bin/mayapy /Volumes/DATA/local/S/jenkins/workspace/ECP/ecg-maya-hydra/ecg-maya-hydra-branch-preflight-python3-osx/ecg-maya-hydra/maya-hydra/build.py --generator Ninja --build-debug --maya-location /local/S/jenkins/workspace/shared/Artifactory/OSX/rundev-master-debug/202310260154/runtime/3fe4f1c/runTime --devkit-location /local/S/jenkins/workspace/shared/Artifactory/OSX/rundev-master-debug/202310260154/runtime/3fe4f1c/devkitBase --pxrusd-location /local/S/jenkins/workspace/shared/Artifactory/OSX/USD/a9d0dd1 --build-args=-DCMAKE_MAKE_PROGRAM=/local/S/jenkins/workspace/shared/Artifactory/OSX/ninja/1.10.2/95d0ca5/ninja,-DPYTHON_INCLUDE_DIR=/local/S/jenkins/workspace/shared/Artifactory/OSX/rundev-master-debug/202310260154/runtime/3fe4f1c/runTime/Maya.app/Contents/Frameworks/Python.framework/Versions/Current/include/python3.10,-DPython_EXECUTABLE=/local/S/jenkins/workspace/shared/Artifactory/OSX/rundev-master-debug/202310260154/runtime/3fe4f1c/runTime/Maya.app/Contents/bin/mayapy,-DPYTHON_LIBRARIES=/local/S/jenkins/workspace/shared/Artifactory/OSX/rundev-master-debug/202310260154/runtime/3fe4f1c/runTime/Maya.app/Contents/Frameworks/Python.framework/Versions/Current/lib/libpython3.10.dylib,-DBUILD_WITH_PYTHON_3=ON,-DBUILD_WITH_PYTHON_3_VERSION=3.10,-DBUILD_UB2=ON,-DCMAKE_WANT_MATERIALX_BUILD=ON,-DCMAKE_PREFIX_PATH=/local/S/jenkins/workspace/shared/Artifactory/OSX/USD/a9d0dd1 '--ctest-args=--parallel 8' --stages=install --redirect-outstream-file=False --install-location /local/S/jenkins/workspace/ECP/ecg-maya-hydra/ecg-maya-hydra-branch-preflight-python3-osx/install/Debug/MayaHydra /local/S/jenkins/workspace/ECP/ecg-maya-hydra/ecg-maya-hydra-branch-preflight-python3-osx
[2023-11-14T14:13:19.837Z] Modified environment variables:
[2023-11-14T14:13:19.837Z]     PATH=/local/S/jenkins/workspace/shared/Artifactory/OSX/cmake/3.20.3/2594509/bin:/opt/homebrew/bin:/usr/local/bin:/bin:/usr/sbin:/sbin:/usr/bin:/usr/bin:/bin:/usr/sbin:/sbin
[2023-11-14T14:13:20.372Z]     [0/1] Install the project...
[2023-11-14T14:13:20.372Z]     -- Install configuration: "Debug"
[2023-11-14T14:13:20.909Z]     
[2023-11-14T14:13:20.909Z]         Building with settings:
[2023-11-14T14:13:20.909Z]           Source directory          /Volumes/DATA/local/S/jenkins/workspace/ECP/ecg-maya-hydra/ecg-maya-hydra-branch-preflight-python3-osx/ecg-maya-hydra/maya-hydra
[2023-11-14T14:13:20.909Z]           Workspace directory       /local/S/jenkins/workspace/ECP/ecg-maya-hydra/ecg-maya-hydra-branch-preflight-python3-osx
[2023-11-14T14:13:20.909Z]           Build directory           /local/S/jenkins/workspace/ECP/ecg-maya-hydra/ecg-maya-hydra-branch-preflight-python3-osx/build/Debug
[2023-11-14T14:13:20.909Z]           Install directory         /local/S/jenkins/workspace/ECP/ecg-maya-hydra/ecg-maya-hydra-branch-preflight-python3-osx/install/Debug/MayaHydra
[2023-11-14T14:13:20.909Z]           Variant                   Debug
[2023-11-14T14:13:20.909Z]           Python Debug              Off
[2023-11-14T14:13:20.909Z]           CMake generator           Ninja
[2023-11-14T14:13:20.909Z]           Build arguments           ['-DCMAKE_MAKE_PROGRAM=/local/S/jenkins/workspace/shared/Artifactory/OSX/ninja/1.10.2/95d0ca5/ninja', '-DPYTHON_INCLUDE_DIR=/local/S/jenkins/workspace/shared/Artifactory/OSX/rundev-master-debug/202310260154/runtime/3fe4f1c/runTime/Maya.app/Contents/Frameworks/Python.framework/Versions/Current/include/python3.10', '-DPython_EXECUTABLE=/local/S/jenkins/workspace/shared/Artifactory/OSX/rundev-master-debug/202310260154/runtime/3fe4f1c/runTime/Maya.app/Contents/bin/mayapy', '-DPYTHON_LIBRARIES=/local/S/jenkins/workspace/shared/Artifactory/OSX/rundev-master-debug/202310260154/runtime/3fe4f1c/runTime/Maya.app/Contents/Frameworks/Python.framework/Versions/Current/lib/libpython3.10.dylib', '-DBUILD_WITH_PYTHON_3=ON', '-DBUILD_WITH_PYTHON_3_VERSION=3.10', '-DBUILD_UB2=ON', '-DCMAKE_WANT_MATERIALX_BUILD=ON', '-DCMAKE_PREFIX_PATH=/local/S/jenkins/workspace/shared/Artifactory/OSX/USD/a9d0dd1']
[2023-11-14T14:13:20.909Z]           Stages arguments          ['install']
[2023-11-14T14:13:20.909Z]           CTest arguments           ['--parallel 8']
[2023-11-14T14:13:20.909Z]     Success MayaHydra build and install !!!!
[2023-11-14T14:13:20.909Z]     Elapsed time: 00:00:00
[Pipeline] sh
[2023-11-14T14:13:22.698Z] + python ecg-maya-hydra/build.py --stages=install --workspace-dir=/local/S/jenkins/workspace/ECP/ecg-maya-hydra/ecg-maya-hydra-branch-preflight-python3-osx --artifactory-dir=/local/S/jenkins/workspace/shared/Artifactory --build-dir=/local/S/jenkins/workspace/ECP/ecg-maya-hydra/ecg-maya-hydra-branch-preflight-python3-osx/build --install-dir=/local/S/jenkins/workspace/ECP/ecg-maya-hydra/ecg-maya-hydra-branch-preflight-python3-osx/install --signing-dir=/local/S/jenkins/workspace/ECP/ecg-maya-hydra/ecg-maya-hydra-branch-preflight-python3-osx/signing --package-dir=/local/S/jenkins/workspace/ECP/ecg-maya-hydra/ecg-maya-hydra-branch-preflight-python3-osx/package --output-dir=/local/S/jenkins/workspace/ECP/ecg-maya-hydra/ecg-maya-hydra-branch-preflight-python3-osx/output --stash-dir=/local/S/jenkins/workspace/ECP/ecg-maya-hydra/ecg-maya-hydra-branch-preflight-python3-osx/stash --jenkins-build=392 --git-commit=c5dcac082fb6a3725feabd24d4269a59833d1fd0 --git-branch=master --variants=RelWithDebInfo --interactive-tests=true --post-zips=false --osx-binary-architecture-target=ub2 --osx-deployment-target=11.0 --osx-base-sdk=CurrentActiveSDK --maya-cut-config=maya-rundev-master.yaml --maya-package=rundev-master --stage-banner
[2023-11-14T14:13:22.698Z] Using Maya cut from /local/S/jenkins/workspace/shared/Artifactory/OSX/rundev-master/202311060140/runtime/e9a5ae1
[2023-11-14T14:13:22.698Z] Using Maya ADSK Signatures from /local/S/jenkins/workspace/shared/Artifactory/OSX/adsk-plugin-signatures-maya/2023/3ae1ae7
[2023-11-14T14:13:22.698Z] Using Maya Security Library from /local/S/jenkins/workspace/shared/Artifactory/OSX/maya-security-library/3.4.0/5e08f3e
[2023-11-14T14:13:22.698Z] 
[2023-11-14T14:13:22.698Z] ================================================================================
[2023-11-14T14:13:22.698Z]                             install (RelWithDebInfo)
[2023-11-14T14:13:22.698Z] ================================================================================
[2023-11-14T14:13:22.698Z] Maya Python RelWithDebInfo Info:
[2023-11-14T14:13:22.698Z]   mayapy executable   = /local/S/jenkins/workspace/shared/Artifactory/OSX/rundev-master/202311060140/runtime/e9a5ae1/runTime/Maya.app/Contents/bin/mayapy
[2023-11-14T14:13:22.698Z]   Include Folder      = /local/S/jenkins/workspace/shared/Artifactory/OSX/rundev-master/202311060140/runtime/e9a5ae1/runTime/Maya.app/Contents/Frameworks/Python.framework/Versions/Current/include/python3.10
[2023-11-14T14:13:22.698Z]   Library             = /local/S/jenkins/workspace/shared/Artifactory/OSX/rundev-master/202311060140/runtime/e9a5ae1/runTime/Maya.app/Contents/Frameworks/Python.framework/Versions/Current/lib/libpython3.10.dylib
[2023-11-14T14:13:22.698Z]   site-package Folder = /local/S/jenkins/workspace/shared/Artifactory/OSX/rundev-master/202311060140/runtime/e9a5ae1/runTime/Maya.app/Contents/Frameworks/Python.framework/Versions/Current/lib/python3.10/site-packages
[2023-11-14T14:13:22.698Z] In workdir: /Volumes/DATA/local/S/jenkins/workspace/ECP/ecg-maya-hydra/ecg-maya-hydra-branch-preflight-python3-osx/ecg-maya-hydra/maya-hydra
[2023-11-14T14:13:22.698Z] Executing: arch -arch arm64 /local/S/jenkins/workspace/shared/Artifactory/OSX/rundev-master/202311060140/runtime/e9a5ae1/runTime/Maya.app/Contents/bin/mayapy /Volumes/DATA/local/S/jenkins/workspace/ECP/ecg-maya-hydra/ecg-maya-hydra-branch-preflight-python3-osx/ecg-maya-hydra/maya-hydra/build.py --generator Ninja --build-relwithdebug --maya-location /local/S/jenkins/workspace/shared/Artifactory/OSX/rundev-master/202311060140/runtime/e9a5ae1/runTime --devkit-location /local/S/jenkins/workspace/shared/Artifactory/OSX/rundev-master/202311060140/runtime/e9a5ae1/devkitBase --pxrusd-location /local/S/jenkins/workspace/shared/Artifactory/OSX/USD/b595ab2 --build-args=-DCMAKE_MAKE_PROGRAM=/local/S/jenkins/workspace/shared/Artifactory/OSX/ninja/1.10.2/95d0ca5/ninja,-DPYTHON_INCLUDE_DIR=/local/S/jenkins/workspace/shared/Artifactory/OSX/rundev-master/202311060140/runtime/e9a5ae1/runTime/Maya.app/Contents/Frameworks/Python.framework/Versions/Current/include/python3.10,-DPython_EXECUTABLE=/local/S/jenkins/workspace/shared/Artifactory/OSX/rundev-master/202311060140/runtime/e9a5ae1/runTime/Maya.app/Contents/bin/mayapy,-DPYTHON_LIBRARIES=/local/S/jenkins/workspace/shared/Artifactory/OSX/rundev-master/202311060140/runtime/e9a5ae1/runTime/Maya.app/Contents/Frameworks/Python.framework/Versions/Current/lib/libpython3.10.dylib,-DBUILD_WITH_PYTHON_3=ON,-DBUILD_WITH_PYTHON_3_VERSION=3.10,-DBUILD_UB2=ON,-DCMAKE_WANT_MATERIALX_BUILD=ON,-DCMAKE_PREFIX_PATH=/local/S/jenkins/workspace/shared/Artifactory/OSX/USD/b595ab2 '--ctest-args=--parallel 8' --stages=install --redirect-outstream-file=False --install-location /local/S/jenkins/workspace/ECP/ecg-maya-hydra/ecg-maya-hydra-branch-preflight-python3-osx/install/RelWithDebInfo/MayaHydra /local/S/jenkins/workspace/ECP/ecg-maya-hydra/ecg-maya-hydra-branch-preflight-python3-osx
[2023-11-14T14:13:22.698Z] Modified environment variables:
[2023-11-14T14:13:22.698Z]     PATH=/local/S/jenkins/workspace/shared/Artifactory/OSX/cmake/3.20.3/2594509/bin:/opt/homebrew/bin:/usr/local/bin:/bin:/usr/sbin:/sbin:/usr/bin:/usr/bin:/bin:/usr/sbin:/sbin
[2023-11-14T14:13:23.234Z]     [0/1] Install the project...
[2023-11-14T14:13:23.234Z]     -- Install configuration: "RelWithDebInfo"
[2023-11-14T14:13:23.234Z]     
[2023-11-14T14:13:23.234Z]         Building with settings:
[2023-11-14T14:13:23.234Z]           Source directory          /Volumes/DATA/local/S/jenkins/workspace/ECP/ecg-maya-hydra/ecg-maya-hydra-branch-preflight-python3-osx/ecg-maya-hydra/maya-hydra
[2023-11-14T14:13:23.234Z]           Workspace directory       /local/S/jenkins/workspace/ECP/ecg-maya-hydra/ecg-maya-hydra-branch-preflight-python3-osx
[2023-11-14T14:13:23.234Z]           Build directory           /local/S/jenkins/workspace/ECP/ecg-maya-hydra/ecg-maya-hydra-branch-preflight-python3-osx/build/RelWithDebInfo
[2023-11-14T14:13:23.234Z]           Install directory         /local/S/jenkins/workspace/ECP/ecg-maya-hydra/ecg-maya-hydra-branch-preflight-python3-osx/install/RelWithDebInfo/MayaHydra
[2023-11-14T14:13:23.234Z]           Variant                   RelWithDebInfo
[2023-11-14T14:13:23.234Z]           Python Debug              Off
[2023-11-14T14:13:23.234Z]           CMake generator           Ninja
[2023-11-14T14:13:23.234Z]           Build arguments           ['-DCMAKE_MAKE_PROGRAM=/local/S/jenkins/workspace/shared/Artifactory/OSX/ninja/1.10.2/95d0ca5/ninja', '-DPYTHON_INCLUDE_DIR=/local/S/jenkins/workspace/shared/Artifactory/OSX/rundev-master/202311060140/runtime/e9a5ae1/runTime/Maya.app/Contents/Frameworks/Python.framework/Versions/Current/include/python3.10', '-DPython_EXECUTABLE=/local/S/jenkins/workspace/shared/Artifactory/OSX/rundev-master/202311060140/runtime/e9a5ae1/runTime/Maya.app/Contents/bin/mayapy', '-DPYTHON_LIBRARIES=/local/S/jenkins/workspace/shared/Artifactory/OSX/rundev-master/202311060140/runtime/e9a5ae1/runTime/Maya.app/Contents/Frameworks/Python.framework/Versions/Current/lib/libpython3.10.dylib', '-DBUILD_WITH_PYTHON_3=ON', '-DBUILD_WITH_PYTHON_3_VERSION=3.10', '-DBUILD_UB2=ON', '-DCMAKE_WANT_MATERIALX_BUILD=ON', '-DCMAKE_PREFIX_PATH=/local/S/jenkins/workspace/shared/Artifactory/OSX/USD/b595ab2']
[2023-11-14T14:13:23.234Z]           Stages arguments          ['install']
[2023-11-14T14:13:23.234Z]           CTest arguments           ['--parallel 8']
[2023-11-14T14:13:23.234Z]     Success MayaHydra build and install !!!!
[2023-11-14T14:13:23.235Z]     Elapsed time: 00:00:00
[Pipeline] }
[Pipeline] // withEnv
[Pipeline] }
[Pipeline] // timeout
[Pipeline] }
[Pipeline] // stage
[Pipeline] }
[Pipeline] // timestamps
[Pipeline] timestamps
[Pipeline] {
[Pipeline] stage
[Pipeline] { (Test)
[Pipeline] timeout
[2023-11-14T14:13:23.608Z] Timeout set to expire in 6 hr 0 min
[Pipeline] {
[Pipeline] withEnv
[Pipeline] {
[Pipeline] sh
[2023-11-14T14:13:25.232Z] + python ecg-maya-hydra/build.py --stages=test --workspace-dir=/local/S/jenkins/workspace/ECP/ecg-maya-hydra/ecg-maya-hydra-branch-preflight-python3-osx --artifactory-dir=/local/S/jenkins/workspace/shared/Artifactory --build-dir=/local/S/jenkins/workspace/ECP/ecg-maya-hydra/ecg-maya-hydra-branch-preflight-python3-osx/build --install-dir=/local/S/jenkins/workspace/ECP/ecg-maya-hydra/ecg-maya-hydra-branch-preflight-python3-osx/install --signing-dir=/local/S/jenkins/workspace/ECP/ecg-maya-hydra/ecg-maya-hydra-branch-preflight-python3-osx/signing --package-dir=/local/S/jenkins/workspace/ECP/ecg-maya-hydra/ecg-maya-hydra-branch-preflight-python3-osx/package --output-dir=/local/S/jenkins/workspace/ECP/ecg-maya-hydra/ecg-maya-hydra-branch-preflight-python3-osx/output --stash-dir=/local/S/jenkins/workspace/ECP/ecg-maya-hydra/ecg-maya-hydra-branch-preflight-python3-osx/stash --jenkins-build=392 --git-commit=c5dcac082fb6a3725feabd24d4269a59833d1fd0 --git-branch=master --variants=RelWithDebInfo --interactive-tests=true --post-zips=false --osx-binary-architecture-target=ub2 --osx-deployment-target=11.0 --osx-base-sdk=CurrentActiveSDK --test-jobs=0 --failed-test-retry=3 --maya-cut-config=maya-rundev-master.yaml --maya-package=rundev-master --stage-banner --progressive-timeout
[2023-11-14T14:13:25.232Z] Using Maya cut from /local/S/jenkins/workspace/shared/Artifactory/OSX/rundev-master/202311060140/runtime/e9a5ae1
[2023-11-14T14:13:25.232Z] Using Maya ADSK Signatures from /local/S/jenkins/workspace/shared/Artifactory/OSX/adsk-plugin-signatures-maya/2023/3ae1ae7
[2023-11-14T14:13:25.232Z] Using Maya Security Library from /local/S/jenkins/workspace/shared/Artifactory/OSX/maya-security-library/3.4.0/5e08f3e
[2023-11-14T14:13:25.232Z] 
[2023-11-14T14:13:25.232Z] ================================================================================
[2023-11-14T14:13:25.232Z]                              test (RelWithDebInfo)
[2023-11-14T14:13:25.232Z] ================================================================================
[2023-11-14T14:13:25.232Z] Maya Python RelWithDebInfo Info:
[2023-11-14T14:13:25.232Z]   mayapy executable   = /local/S/jenkins/workspace/shared/Artifactory/OSX/rundev-master/202311060140/runtime/e9a5ae1/runTime/Maya.app/Contents/bin/mayapy
[2023-11-14T14:13:25.232Z]   Include Folder      = /local/S/jenkins/workspace/shared/Artifactory/OSX/rundev-master/202311060140/runtime/e9a5ae1/runTime/Maya.app/Contents/Frameworks/Python.framework/Versions/Current/include/python3.10
[2023-11-14T14:13:25.232Z]   Library             = /local/S/jenkins/workspace/shared/Artifactory/OSX/rundev-master/202311060140/runtime/e9a5ae1/runTime/Maya.app/Contents/Frameworks/Python.framework/Versions/Current/lib/libpython3.10.dylib
[2023-11-14T14:13:25.232Z]   site-package Folder = /local/S/jenkins/workspace/shared/Artifactory/OSX/rundev-master/202311060140/runtime/e9a5ae1/runTime/Maya.app/Contents/Frameworks/Python.framework/Versions/Current/lib/python3.10/site-packages
[2023-11-14T14:13:25.232Z] In workdir: /Volumes/DATA/local/S/jenkins/workspace/ECP/ecg-maya-hydra/ecg-maya-hydra-branch-preflight-python3-osx/ecg-maya-hydra/maya-hydra
[2023-11-14T14:13:25.232Z] Executing: arch -arch arm64 /local/S/jenkins/workspace/shared/Artifactory/OSX/rundev-master/202311060140/runtime/e9a5ae1/runTime/Maya.app/Contents/bin/mayapy /Volumes/DATA/local/S/jenkins/workspace/ECP/ecg-maya-hydra/ecg-maya-hydra-branch-preflight-python3-osx/ecg-maya-hydra/maya-hydra/build.py --generator Ninja --build-relwithdebug --maya-location /local/S/jenkins/workspace/shared/Artifactory/OSX/rundev-master/202311060140/runtime/e9a5ae1/runTime --devkit-location /local/S/jenkins/workspace/shared/Artifactory/OSX/rundev-master/202311060140/runtime/e9a5ae1/devkitBase --pxrusd-location /local/S/jenkins/workspace/shared/Artifactory/OSX/USD/b595ab2 --build-args=-DCMAKE_MAKE_PROGRAM=/local/S/jenkins/workspace/shared/Artifactory/OSX/ninja/1.10.2/95d0ca5/ninja,-DPYTHON_INCLUDE_DIR=/local/S/jenkins/workspace/shared/Artifactory/OSX/rundev-master/202311060140/runtime/e9a5ae1/runTime/Maya.app/Contents/Frameworks/Python.framework/Versions/Current/include/python3.10,-DPython_EXECUTABLE=/local/S/jenkins/workspace/shared/Artifactory/OSX/rundev-master/202311060140/runtime/e9a5ae1/runTime/Maya.app/Contents/bin/mayapy,-DPYTHON_LIBRARIES=/local/S/jenkins/workspace/shared/Artifactory/OSX/rundev-master/202311060140/runtime/e9a5ae1/runTime/Maya.app/Contents/Frameworks/Python.framework/Versions/Current/lib/libpython3.10.dylib,-DBUILD_WITH_PYTHON_3=ON,-DBUILD_WITH_PYTHON_3_VERSION=3.10,-DBUILD_UB2=ON,-DCMAKE_WANT_MATERIALX_BUILD=ON,-DCMAKE_PREFIX_PATH=/local/S/jenkins/workspace/shared/Artifactory/OSX/USD/b595ab2 '--ctest-args=--parallel 8' --stages=test --redirect-outstream-file=False --install-location /local/S/jenkins/workspace/ECP/ecg-maya-hydra/ecg-maya-hydra-branch-preflight-python3-osx/install/RelWithDebInfo/MayaHydra /local/S/jenkins/workspace/ECP/ecg-maya-hydra/ecg-maya-hydra-branch-preflight-python3-osx
[2023-11-14T14:13:25.232Z] Modified environment variables:
[2023-11-14T14:13:25.232Z]     PATH=/local/S/jenkins/workspace/shared/Artifactory/OSX/cmake/3.20.3/2594509/bin:/opt/homebrew/bin:/usr/local/bin:/bin:/usr/sbin:/sbin:/usr/bin:/usr/bin:/bin:/usr/sbin:/sbin
[2023-11-14T14:13:25.789Z]     Test project /Volumes/DATA/local/S/jenkins/workspace/ECP/ecg-maya-hydra/ecg-maya-hydra-branch-preflight-python3-osx/build/RelWithDebInfo
[2023-11-14T14:13:25.789Z]           Start  1: _Interactive_Maya
[2023-11-14T14:13:25.789Z]      1/19 Test  #1: _Interactive_Maya ...........................***Not Run (Disabled)   0.00 sec
[2023-11-14T14:13:25.789Z]           Start  2: testImageDiffing
[2023-11-14T14:13:25.789Z]           Start  3: testMtohCommand
[2023-11-14T14:13:25.789Z]           Start  4: testMeshes
[2023-11-14T14:13:25.789Z]           Start  5: testNamespaces
[2023-11-14T14:13:25.789Z]           Start  6: testVisibility
[2023-11-14T14:13:25.789Z]           Start  7: testRendererSwitching
[2023-11-14T14:13:25.789Z]           Start  8: testSceneBrowser
[2023-11-14T14:13:25.789Z]           Start  9: testStageAddPrim
[2023-11-14T14:13:35.214Z]      2/19 Test  #3: testMtohCommand .............................***Failed    8.54 sec
[2023-11-14T14:13:35.214Z]     MAYA_DEBUG_NO_SAVE_ON_CRASH is set.
[2023-11-14T14:13:35.214Z]     Warning: Legacy synColor unsupported on this platform.
[2023-11-14T14:13:35.214Z]     Setting of MAYA_COLOR_MANAGEMENT_SYNCOLOR ignored
[2023-11-14T14:13:35.214Z]     Initialized VP2.0 renderer {
[2023-11-14T14:13:35.214Z]       Version : 2016.11.62.12. Feature Level 5.
[2023-11-14T14:13:35.214Z]       Adapter : Apple M1
[2023-11-14T14:13:35.214Z]       Vendor ID: 0. Device ID :
[2023-11-14T14:13:35.214Z]       Driver : 4.1 Metal - 76.3.
[2023-11-14T14:13:35.214Z]       API : OpenGL V.4.1.
[2023-11-14T14:13:35.214Z]       Max texture size : 16384 * 16384.
[2023-11-14T14:13:35.214Z]       Max texture coords : 32
[2023-11-14T14:13:35.214Z]       Shader versions supported (Vertex: 5, Geometry: 5, Pixel 5).
[2023-11-14T14:13:35.214Z]       Shader compiler profile : (Best card profile)
[2023-11-14T14:13:35.214Z]       Active stereo support available : 0
[2023-11-14T14:13:35.214Z]       GPU Memory Limit : 10922 MB.
[2023-11-14T14:13:35.214Z]       CPU Memory Limit : 15564.8 MB.
[2023-11-14T14:13:35.214Z]       MultiDraw consolidation : enabled
[2023-11-14T14:13:35.214Z]     }
[2023-11-14T14:13:35.214Z]     OpenCL evaluator is attempting to initialize OpenCL.
[2023-11-14T14:13:35.214Z]     Detected 1 OpenCL Platforms:
[2023-11-14T14:13:35.214Z]      0: Apple. Apple. OpenCL 1.2 (Apr 19 2022 18:44:44).
[2023-11-14T14:13:35.214Z]      Supported extensions: cl_APPLE_SetMemObjectDestructor cl_APPLE_ContextLoggingFunctions cl_APPLE_clut cl_APPLE_query_kernel_names cl_APPLE_gl_sharing cl_khr_gl_event
[2023-11-14T14:13:35.214Z]      Selected matching OpenCL Platform: Apple Apple OpenCL 1.2 (Apr 19 2022 18:44:44).
[2023-11-14T14:13:35.214Z]     OpenCL evaluator choosing OpenCL platform Apple.
[2023-11-14T14:13:35.214Z]     Choosing OpenCL Device Apple M1.  Device Type: GPU  Device is available.
[2023-11-14T14:13:35.214Z]     
[2023-11-14T14:13:35.214Z]     Coding Error: in Define at line 153 of /Volumes/DATA/local/S/jenkins/workspace/ECP/ecg-usd-build/ecg-usd-full-python3.10-osx/ecg-usd-build/usd/pxr/base/tf/envSetting.cpp -- Multiple definitions of TfEnvSetting variable detected.  This is usually due to software misconfiguration.  Contact the build team for assistance.  (duplicate 'MAYA_HYDRA_USE_MESH_ADAPTER')
[2023-11-14T14:13:35.214Z]     ...Stack trace:
[2023-11-14T14:13:35.214Z]     1Writing crash report in /var/folders/7t/fwf8c2995k9bxk02w9135fw00000gq/T/untitled[Recovered-administrator.2023-11-14-06.13].crash
[2023-11-14T14:13:35.214Z]     
[2023-11-14T14:13:35.214Z]           Start 10: testNewSceneWithStage
[2023-11-14T14:13:35.214Z]      3/19 Test  #7: testRendererSwitching .......................***Failed    8.58 sec
[2023-11-14T14:13:35.214Z]     MAYA_DEBUG_NO_SAVE_ON_CRASH is set.
[2023-11-14T14:13:35.214Z]     Warning: Legacy synColor unsupported on this platform.
[2023-11-14T14:13:35.214Z]     Setting of MAYA_COLOR_MANAGEMENT_SYNCOLOR ignored
[2023-11-14T14:13:35.214Z]     Initialized VP2.0 renderer {
[2023-11-14T14:13:35.214Z]       Version : 2016.11.62.12. Feature Level 5.
[2023-11-14T14:13:35.214Z]       Adapter : Apple M1
[2023-11-14T14:13:35.214Z]       Vendor ID: 0. Device ID :
[2023-11-14T14:13:35.214Z]       Driver : 4.1 Metal - 76.3.
[2023-11-14T14:13:35.214Z]       API : OpenGL V.4.1.
[2023-11-14T14:13:35.214Z]       Max texture size : 16384 * 16384.
[2023-11-14T14:13:35.214Z]       Max texture coords : 32
[2023-11-14T14:13:35.214Z]       Shader versions supported (Vertex: 5, Geometry: 5, Pixel 5).
[2023-11-14T14:13:35.214Z]       Shader compiler profile : (Best card profile)
[2023-11-14T14:13:35.214Z]       Active stereo support available : 0
[2023-11-14T14:13:35.214Z]       GPU Memory Limit : 10922 MB.
[2023-11-14T14:13:35.214Z]       CPU Memory Limit : 15564.8 MB.
[2023-11-14T14:13:35.214Z]       MultiDraw consolidation : enabled
[2023-11-14T14:13:35.214Z]     }
[2023-11-14T14:13:35.214Z]     OpenCL evaluator is attempting to initialize OpenCL.
[2023-11-14T14:13:35.214Z]     Detected 1 OpenCL Platforms:
[2023-11-14T14:13:35.214Z]      0: Apple. Apple. OpenCL 1.2 (Apr 19 2022 18:44:44).
[2023-11-14T14:13:35.214Z]      Supported extensions: cl_APPLE_SetMemObjectDestructor cl_APPLE_ContextLoggingFunctions cl_APPLE_clut cl_APPLE_query_kernel_names cl_APPLE_gl_sharing cl_khr_gl_event
[2023-11-14T14:13:35.214Z]      Selected matching OpenCL Platform: Apple Apple OpenCL 1.2 (Apr 19 2022 18:44:44).
[2023-11-14T14:13:35.214Z]     OpenCL evaluator choosing OpenCL platform Apple.
[2023-11-14T14:13:35.214Z]     Choosing OpenCL Device Apple M1.  Device Type: GPU  Device is available.
[2023-11-14T14:13:35.214Z]     
[2023-11-14T14:13:35.214Z]     Coding Error: in Define at line 153 of /Volumes/DATA/local/S/jenkins/workspace/ECP/ecg-usd-build/ecg-usd-full-python3.10-osx/ecg-usd-build/usd/pxr/base/tf/envSetting.cpp -- Multiple definitions of TfEnvSetting variable detected.  This is usually due to software misconfiguration.  Contact the build team for assistance.  (duplicate 'MAYA_HYDRA_USE_MESH_ADAPTER')
[2023-11-14T14:13:35.214Z]     Stack trace:
[2023-11-14T14:13:35.214Z]     1Writing crash report in /var/folders/7t/fwf8c2995k9bxk02w9135fw00000gq/T/untitled[Recovered-administrator.2023-11-14-06.13].crash
[2023-11-14T14:13:35.214Z]     
[2023-11-14T14:13:35.214Z]           Start 11: testColorPreferences
[2023-11-14T14:13:35.214Z]      4/19 Test  #9: testStageAddPrim ............................   Passed    8.61 sec
[2023-11-14T14:13:35.214Z]           Start 12: testCppFramework
[2023-11-14T14:13:35.214Z]      5/19 Test  #8: testSceneBrowser ............................   Passed    8.63 sec
[2023-11-14T14:13:35.214Z]           Start 13: testMayaSceneFlattening
[2023-11-14T14:13:35.214Z]      6/19 Test  #2: testImageDiffing ............................***Failed    8.73 sec
[2023-11-14T14:13:35.214Z]     MAYA_DEBUG_NO_SAVE_ON_CRASH is set.
[2023-11-14T14:13:35.214Z]     Warning: Legacy synColor unsupported on this platform.
[2023-11-14T14:13:35.214Z]     Setting of MAYA_COLOR_MANAGEMENT_SYNCOLOR ignored
[2023-11-14T14:13:35.214Z]     Initialized VP2.0 renderer {
[2023-11-14T14:13:35.214Z]       Version : 2016.11.62.12. Feature Level 5.
[2023-11-14T14:13:35.214Z]       Adapter : Apple M1
[2023-11-14T14:13:35.214Z]       Vendor ID: 0. Device ID :
[2023-11-14T14:13:35.214Z]       Driver : 4.1 Metal - 76.3.
[2023-11-14T14:13:35.214Z]       API : OpenGL V.4.1.
[2023-11-14T14:13:35.214Z]       Max texture size : 16384 * 16384.
[2023-11-14T14:13:35.214Z]       Max texture coords : 32
[2023-11-14T14:13:35.214Z]       Shader versions supported (Vertex: 5, Geometry: 5, Pixel 5).
[2023-11-14T14:13:35.214Z]       Shader compiler profile : (Best card profile)
[2023-11-14T14:13:35.214Z]       Active stereo support available : 0
[2023-11-14T14:13:35.214Z]       GPU Memory Limit : 10922 MB.
[2023-11-14T14:13:35.214Z]       CPU Memory Limit : 15564.8 MB.
[2023-11-14T14:13:35.214Z]       MultiDraw consolidation : enabled
[2023-11-14T14:13:35.214Z]     }
[2023-11-14T14:13:35.214Z]     OpenCL evaluator is attempting to initialize OpenCL.
[2023-11-14T14:13:35.214Z]     Detected 1 OpenCL Platforms:
[2023-11-14T14:13:35.214Z]      0: Apple. Apple. OpenCL 1.2 (Apr 19 2022 18:44:44).
[2023-11-14T14:13:35.214Z]      Supported extensions: cl_APPLE_SetMemObjectDestructor cl_APPLE_ContextLoggingFunctions cl_APPLE_clut cl_APPLE_query_kernel_names cl_APPLE_gl_sharing cl_khr_gl_event
[2023-11-14T14:13:35.214Z]      Selected matching OpenCL Platform: Apple Apple OpenCL 1.2 (Apr 19 2022 18:44:44).
[2023-11-14T14:13:35.214Z]     OpenCL evaluator choosing OpenCL platform Apple.
[2023-11-14T14:13:35.214Z]     Choosing OpenCL Device Apple M1.  Device Type: GPU  Device is available.
[2023-11-14T14:13:35.214Z]     
[2023-11-14T14:13:35.214Z]     Coding Error: in Define at line 153 of /Volumes/DATA/local/S/jenkins/workspace/ECP/ecg-usd-build/ecg-usd-full-python3.10-osx/ecg-usd-build/usd/pxr/base/tf/envSetting.cpp -- Multiple definitions of TfEnvSetting variable detected.  This is usually due to software misconfiguration.  Contact the build team for assistance.  (duplicate 'MAYA_HYDRA_USE_MESH_ADAPTER')
[2023-11-14T14:13:35.214Z]     
[2023-11-14T14:13:35.214Z]     image diffing with ['/local/S/jenkins/workspace/shared/Artifactory/OSX/USD/b595ab2/bin/idiff', '-fail', '0', '-failpercent', '5', '/Volumes/DATA/local/S/jenkins/workspace/ECP/ecg-maya-hydra/ecg-maya-hydra-branch-preflight-python3-osx/ecg-maya-hydra/maya-hydra/test/lib/mayaUsd/render/mayaToHydra/ImageDiffingTest/colored_stripes.png', '/Volumes/DATA/local/S/jenkins/workspace/ECP/ecg-maya-hydra/ecg-maya-hydra-branch-preflight-python3-osx/ecg-maya-hydra/maya-hydra/test/lib/mayaUsd/render/mayaToHydra/ImageDiffingTest/colored_stripes_one_pixel_off.png']
[2023-11-14T14:13:35.214Z]     image diffing with ['/local/S/jenkins/workspace/shared/Artifactory/OSX/USD/b595ab2/bin/idiff', '-fail', '0', '-failpercent', '5', '/Volumes/DATA/local/S/jenkins/workspace/ECP/ecg-maya-hydra/ecg-maya-hydra-branch-preflight-python3-osx/ecg-maya-hydra/maya-hydra/test/lib/mayaUsd/render/mayaToHydra/ImageDiffingTest/colored_stripes.png', '/Volumes/DATA/local/S/jenkins/workspace/ECP/ecg-maya-hydra/ecg-maya-hydra-branch-preflight-python3-osx/ecg-maya-hydra/maya-hydra/test/lib/mayaUsd/render/mayaToHydra/ImageDiffingTest/colored_stripes_slight_noise.png']
[2023-11-14T14:13:35.214Z]     image diffing with ['/local/S/jenkins/workspace/shared/Artifactory/OSX/USD/b595ab2/bin/idiff', '-fail', '0.1', '-failpercent', '0', '/Volumes/DATA/local/S/jenkins/workspace/ECP/ecg-maya-hydra/ecg-maya-hydra-branch-preflight-python3-osx/ecg-maya-hydra/maya-hydra/test/lib/mayaUsd/render/mayaToHydra/ImageDiffingTest/colored_stripes.png', '/Volumes/DATA/local/S/jenkins/workspace/ECP/ecg-maya-hydra/ecg-maya-hydra-branch-preflight-python3-osx/ecg-maya-hydra/maya-hydra/test/lib/mayaUsd/render/mayaToHydra/ImageDiffingTest/colored_stripes_slight_noise.png']
[2023-11-14T14:13:35.214Z]     image diffing with ['/local/S/jenkins/workspace/shared/Artifactory/OSX/USD/b595ab2/bin/idiff', '-fail', '0.1', '-failpercent', '0', '/Volumes/DATA/local/S/jenkins/workspace/ECP/ecg-maya-hydra/ecg-maya-hydra-branch-preflight-python3-osx/ecg-maya-hydra/maya-hydra/test/lib/mayaUsd/render/mayaToHydra/ImageDiffingTest/colored_stripes.png', '/Volumes/DATA/local/S/jenkins/workspace/ECP/ecg-maya-hydra/ecg-maya-hydra-branch-preflight-python3-osx/ecg-maya-hydra/maya-hydra/test/lib/mayaUsd/render/mayaToHydra/ImageDiffingTest/colored_stripes_one_pixel_off.png'].
[2023-11-14T14:13:35.214Z]     image diffing with ['/local/S/jenkins/workspace/shared/Artifactory/OSX/USD/b595ab2/bin/idiff', '/Volumes/DATA/local/S/jenkins/workspace/ECP/ecg-maya-hydra/ecg-maya-hydra-branch-preflight-python3-osx/ecg-maya-hydra/maya-hydra/test/lib/mayaUsd/render/mayaToHydra/ImageDiffingTest/colored_stripes.png', '/Volumes/DATA/local/S/jenkins/workspace/ECP/ecg-maya-hydra/ecg-maya-hydra-branch-preflight-python3-osx/ecg-maya-hydra/maya-hydra/test/lib/mayaUsd/render/mayaToHydra/ImageDiffingTest/colored_stripes.png']
[2023-11-14T14:13:35.214Z]     image diffing with ['/local/S/jenkins/workspace/shared/Artifactory/OSX/USD/b595ab2/bin/idiff', '/Volumes/DATA/local/S/jenkins/workspace/ECP/ecg-maya-hydra/ecg-maya-hydra-branch-preflight-python3-osx/ecg-maya-hydra/maya-hydra/test/lib/mayaUsd/render/mayaToHydra/ImageDiffingTest/colored_stripes.png', '/Volumes/DATA/local/S/jenkins/workspace/ECP/ecg-maya-hydra/ecg-maya-hydra-branch-preflight-python3-osx/ecg-maya-hydra/maya-hydra/test/lib/mayaUsd/render/mayaToHydra/ImageDiffingTest/colored_stripes_one_pixel_off.png']
[2023-11-14T14:13:35.214Z]     image diffing with ['/local/S/jenkins/workspace/shared/Artifactory/OSX/USD/b595ab2/bin/idiff', '/Volumes/DATA/local/S/jenkins/workspace/ECP/ecg-maya-hydra/ecg-maya-hydra-branch-preflight-python3-osx/ecg-maya-hydra/maya-hydra/test/lib/mayaUsd/render/mayaToHydra/ImageDiffingTest/colored_stripes.png', '/Volumes/DATA/local/S/jenkins/workspace/ECP/ecg-maya-hydra/ecg-maya-hydra-branch-preflight-python3-osx/ecg-maya-hydra/maya-hydra/test/lib/mayaUsd/render/mayaToHydra/ImageDiffingTest/colored_stripes_slight_noise.png'].Stack trace:
[2023-11-14T14:13:35.215Z]     1Writing crash report in /var/folders/7t/fwf8c2995k9bxk02w9135fw00000gq/T/untitled[Recovered-administrator.2023-11-14-06.13].crash
[2023-11-14T14:13:35.215Z]     
[2023-11-14T14:13:35.215Z]           Start 14: testMayaUsdUfeItems
[2023-11-14T14:13:35.215Z]      7/19 Test  #5: testNamespaces ..............................***Failed    8.77 sec
[2023-11-14T14:13:35.215Z]     MAYA_DEBUG_NO_SAVE_ON_CRASH is set.
[2023-11-14T14:13:35.215Z]     Warning: Legacy synColor unsupported on this platform.
[2023-11-14T14:13:35.215Z]     Setting of MAYA_COLOR_MANAGEMENT_SYNCOLOR ignored
[2023-11-14T14:13:35.215Z]     Initialized VP2.0 renderer {
[2023-11-14T14:13:35.215Z]       Version : 2016.11.62.12. Feature Level 5.
[2023-11-14T14:13:35.215Z]       Adapter : Apple M1
[2023-11-14T14:13:35.215Z]       Vendor ID: 0. Device ID :
[2023-11-14T14:13:35.215Z]       Driver : 4.1 Metal - 76.3.
[2023-11-14T14:13:35.215Z]       API : OpenGL V.4.1.
[2023-11-14T14:13:35.215Z]       Max texture size : 16384 * 16384.
[2023-11-14T14:13:35.215Z]       Max texture coords : 32
[2023-11-14T14:13:35.215Z]       Shader versions supported (Vertex: 5, Geometry: 5, Pixel 5).
[2023-11-14T14:13:35.215Z]       Shader compiler profile : (Best card profile)
[2023-11-14T14:13:35.215Z]       Active stereo support available : 0
[2023-11-14T14:13:35.215Z]       GPU Memory Limit : 10922 MB.
[2023-11-14T14:13:35.215Z]       CPU Memory Limit : 15564.8 MB.
[2023-11-14T14:13:35.215Z]       MultiDraw consolidation : enabled
[2023-11-14T14:13:35.215Z]     }
[2023-11-14T14:13:35.215Z]     OpenCL evaluator is attempting to initialize OpenCL.
[2023-11-14T14:13:35.215Z]     Detected 1 OpenCL Platforms:
[2023-11-14T14:13:35.215Z]      0: Apple. Apple. OpenCL 1.2 (Apr 19 2022 18:44:44).
[2023-11-14T14:13:35.215Z]      Supported extensions: cl_APPLE_SetMemObjectDestructor cl_APPLE_ContextLoggingFunctions cl_APPLE_clut cl_APPLE_query_kernel_names cl_APPLE_gl_sharing cl_khr_gl_event
[2023-11-14T14:13:35.215Z]      Selected matching OpenCL Platform: Apple Apple OpenCL 1.2 (Apr 19 2022 18:44:44).
[2023-11-14T14:13:35.215Z]     OpenCL evaluator choosing OpenCL platform Apple.
[2023-11-14T14:13:35.215Z]     Choosing OpenCL Device Apple M1.  Device Type: GPU  Device is available.
[2023-11-14T14:13:35.215Z]     
[2023-11-14T14:13:35.215Z]     Coding Error: in Define at line 153 of /Volumes/DATA/local/S/jenkins/workspace/ECP/ecg-usd-build/ecg-usd-full-python3.10-osx/ecg-usd-build/usd/pxr/base/tf/envSetting.cpp -- Multiple definitions of TfEnvSetting variable detected.  This is usually due to software misconfiguration.  Contact the build team for assistance.  (duplicate 'MAYA_HYDRA_USE_MESH_ADAPTER')
[2023-11-14T14:13:35.215Z]     .
[2023-11-14T14:13:35.215Z]     ----------------------------------------------------------------------
[2023-11-14T14:13:35.215Z]     Ran 1 test in 3.179s
[2023-11-14T14:13:35.215Z]     
[2023-11-14T14:13:35.215Z]     OK
[2023-11-14T14:13:35.215Z]     Stack trace:
[2023-11-14T14:13:35.215Z]     1Writing crash report in /var/folders/7t/fwf8c2995k9bxk02w9135fw00000gq/T/untitled[Recovered-administrator.2023-11-14-06.13].crash
[2023-11-14T14:13:35.215Z]     
[2023-11-14T14:13:35.215Z]           Start 15: testMergingSceneIndex
[2023-11-14T14:13:35.215Z]      8/19 Test  #4: testMeshes ..................................***Failed    8.81 sec
[2023-11-14T14:13:35.215Z]     MAYA_DEBUG_NO_SAVE_ON_CRASH is set.
[2023-11-14T14:13:35.215Z]     Warning: Legacy synColor unsupported on this platform.
[2023-11-14T14:13:35.215Z]     Setting of MAYA_COLOR_MANAGEMENT_SYNCOLOR ignored
[2023-11-14T14:13:35.215Z]     Initialized VP2.0 renderer {
[2023-11-14T14:13:35.215Z]       Version : 2016.11.62.12. Feature Level 5.
[2023-11-14T14:13:35.215Z]       Adapter : Apple M1
[2023-11-14T14:13:35.215Z]       Vendor ID: 0. Device ID :
[2023-11-14T14:13:35.215Z]       Driver : 4.1 Metal - 76.3.
[2023-11-14T14:13:35.215Z]       API : OpenGL V.4.1.
[2023-11-14T14:13:35.215Z]       Max texture size : 16384 * 16384.
[2023-11-14T14:13:35.215Z]       Max texture coords : 32
[2023-11-14T14:13:35.215Z]       Shader versions supported (Vertex: 5, Geometry: 5, Pixel 5).
[2023-11-14T14:13:35.215Z]       Shader compiler profile : (Best card profile)
[2023-11-14T14:13:35.215Z]       Active stereo support available : 0
[2023-11-14T14:13:35.215Z]       GPU Memory Limit : 10922 MB.
[2023-11-14T14:13:35.215Z]       CPU Memory Limit : 15564.8 MB.
[2023-11-14T14:13:35.215Z]       MultiDraw consolidation : enabled
[2023-11-14T14:13:35.215Z]     }
[2023-11-14T14:13:35.215Z]     OpenCL evaluator is attempting to initialize OpenCL.
[2023-11-14T14:13:35.215Z]     Detected 1 OpenCL Platforms:
[2023-11-14T14:13:35.215Z]      0: Apple. Apple. OpenCL 1.2 (Apr 19 2022 18:44:44).
[2023-11-14T14:13:35.215Z]      Supported extensions: cl_APPLE_SetMemObjectDestructor cl_APPLE_ContextLoggingFunctions cl_APPLE_clut cl_APPLE_query_kernel_names cl_APPLE_gl_sharing cl_khr_gl_event
[2023-11-14T14:13:35.215Z]      Selected matching OpenCL Platform: Apple Apple OpenCL 1.2 (Apr 19 2022 18:44:44).
[2023-11-14T14:13:35.215Z]     OpenCL evaluator choosing OpenCL platform Apple.
[2023-11-14T14:13:35.215Z]     Choosing OpenCL Device Apple M1.  Device Type: GPU  Device is available.
[2023-11-14T14:13:35.215Z]     
[2023-11-14T14:13:35.215Z]     Coding Error: in Define at line 153 of /Volumes/DATA/local/S/jenkins/workspace/ECP/ecg-usd-build/ecg-usd-full-python3.10-osx/ecg-usd-build/usd/pxr/base/tf/envSetting.cpp -- Multiple definitions of TfEnvSetting variable detected.  This is usually due to software misconfiguration.  Contact the build team for assistance.  (duplicate 'MAYA_HYDRA_USE_MESH_ADAPTER')
[2023-11-14T14:13:35.215Z]     .Warning: in SdfPath at line 145 of /Volumes/DATA/local/S/jenkins/workspace/ECP/ecg-usd-build/ecg-usd-full-python3.10-osx/ecg-usd-build/usd/pxr/usd/sdf/path.cpp -- Ill-formed SdfPath <>: :1:0(0): parse error matching pxrInternal_v0_23__pxrReserved__::(anonymous namespace)::Path
[2023-11-14T14:13:35.215Z]     Coding Error: in AppendPath at line 699 of /Volumes/DATA/local/S/jenkins/workspace/ECP/ecg-usd-build/ecg-usd-full-python3.10-osx/ecg-usd-build/usd/pxr/usd/sdf/path.cpp -- Cannot append invalid path to </MayaHydraViewportRenderer/_MayaHydra_HdStormRendererPlugin_0x12436d200/_Index_MayaHydraSceneIndex_0x60000ba88f80/rprims>
[2023-11-14T14:13:35.215Z]     Warning: in SceneIndexPath at line 313 of /Volumes/DATA/local/S/jenkins/workspace/ECP/ecg-maya-hydra/ecg-maya-hydra-branch-preflight-python3-osx/ecg-maya-hydra/maya-hydra/lib/flowViewport/sceneIndex/fvpSelectionSceneIndex.cpp -- SelectionSceneIndex::SceneIndexPath() returned an empty path, Hydra selection will be incorrect
[2023-11-14T14:13:35.215Z]     Stack trace:
[2023-11-14T14:13:35.215Z]     1Writing crash report in /var/folders/7t/fwf8c2995k9bxk02w9135fw00000gq/T/untitled[Recovered-administrator.2023-11-14-06.13].crash
[2023-11-14T14:13:35.215Z]     
[2023-11-14T14:13:35.215Z]           Start 16: testSelectionSceneIndex
[2023-11-14T14:13:35.215Z]      9/19 Test  #6: testVisibility ..............................***Failed    8.88 sec
[2023-11-14T14:13:35.215Z]     MAYA_DEBUG_NO_SAVE_ON_CRASH is set.
[2023-11-14T14:13:35.215Z]     Warning: Legacy synColor unsupported on this platform.
[2023-11-14T14:13:35.215Z]     Setting of MAYA_COLOR_MANAGEMENT_SYNCOLOR ignored
[2023-11-14T14:13:35.215Z]     Initialized VP2.0 renderer {
[2023-11-14T14:13:35.215Z]       Version : 2016.11.62.12. Feature Level 5.
[2023-11-14T14:13:35.215Z]       Adapter : Apple M1
[2023-11-14T14:13:35.215Z]       Vendor ID: 0. Device ID :
[2023-11-14T14:13:35.215Z]       Driver : 4.1 Metal - 76.3.
[2023-11-14T14:13:35.215Z]       API : OpenGL V.4.1.
[2023-11-14T14:13:35.215Z]       Max texture size : 16384 * 16384.
[2023-11-14T14:13:35.215Z]       Max texture coords : 32
[2023-11-14T14:13:35.215Z]       Shader versions supported (Vertex: 5, Geometry: 5, Pixel 5).
[2023-11-14T14:13:35.215Z]       Shader compiler profile : (Best card profile)
[2023-11-14T14:13:35.215Z]       Active stereo support available : 0
[2023-11-14T14:13:35.215Z]       GPU Memory Limit : 10922 MB.
[2023-11-14T14:13:35.215Z]       CPU Memory Limit : 15564.8 MB.
[2023-11-14T14:13:35.215Z]       MultiDraw consolidation : enabled
[2023-11-14T14:13:35.215Z]     }
[2023-11-14T14:13:35.215Z]     OpenCL evaluator is attempting to initialize OpenCL.
[2023-11-14T14:13:35.215Z]     Detected 1 OpenCL Platforms:
[2023-11-14T14:13:35.215Z]      0: Apple. Apple. OpenCL 1.2 (Apr 19 2022 18:44:44).
[2023-11-14T14:13:35.215Z]      Supported extensions: cl_APPLE_SetMemObjectDestructor cl_APPLE_ContextLoggingFunctions cl_APPLE_clut cl_APPLE_query_kernel_names cl_APPLE_gl_sharing cl_khr_gl_event
[2023-11-14T14:13:35.215Z]      Selected matching OpenCL Platform: Apple Apple OpenCL 1.2 (Apr 19 2022 18:44:44).
[2023-11-14T14:13:35.215Z]     OpenCL evaluator choosing OpenCL platform Apple.
[2023-11-14T14:13:35.215Z]     Choosing OpenCL Device Apple M1.  Device Type: GPU  Device is available.
[2023-11-14T14:13:35.215Z]     
[2023-11-14T14:13:35.215Z]     Coding Error: in Define at line 153 of /Volumes/DATA/local/S/jenkins/workspace/ECP/ecg-usd-build/ecg-usd-full-python3.10-osx/ecg-usd-build/usd/pxr/base/tf/envSetting.cpp -- Multiple definitions of TfEnvSetting variable detected.  This is usually due to software misconfiguration.  Contact the build team for assistance.  (duplicate 'MAYA_HYDRA_USE_MESH_ADAPTER')
[2023-11-14T14:13:35.215Z]     .Stack trace:
[2023-11-14T14:13:35.215Z]     1Writing crash report in /var/folders/7t/fwf8c2995k9bxk02w9135fw00000gq/T/untitled[Recovered-administrator.2023-11-14-06.13].crash
[2023-11-14T14:13:35.215Z]     
[2023-11-14T14:13:35.215Z]           Start 17: testWireframeSelectionHighlightSceneIndex
[2023-11-14T14:13:41.710Z]     10/19 Test #10: testNewSceneWithStage .......................   Passed    7.10 sec
[2023-11-14T14:13:41.710Z]           Start 18: testFlowViewportAPIViewportInformation
[2023-11-14T14:13:41.710Z]     11/19 Test #13: testMayaSceneFlattening .....................***Failed    7.13 sec
[2023-11-14T14:13:41.710Z]     MAYA_DEBUG_NO_SAVE_ON_CRASH is set.
[2023-11-14T14:13:41.710Z]     Warning: Legacy synColor unsupported on this platform.
[2023-11-14T14:13:41.710Z]     Setting of MAYA_COLOR_MANAGEMENT_SYNCOLOR ignored
[2023-11-14T14:13:41.710Z]     Initialized VP2.0 renderer {
[2023-11-14T14:13:41.710Z]       Version : 2016.11.62.12. Feature Level 5.
[2023-11-14T14:13:41.710Z]       Adapter : Apple M1
[2023-11-14T14:13:41.710Z]       Vendor ID: 0. Device ID :
[2023-11-14T14:13:41.710Z]       Driver : 4.1 Metal - 76.3.
[2023-11-14T14:13:41.710Z]       API : OpenGL V.4.1.
[2023-11-14T14:13:41.710Z]       Max texture size : 16384 * 16384.
[2023-11-14T14:13:41.710Z]       Max texture coords : 32
[2023-11-14T14:13:41.710Z]       Shader versions supported (Vertex: 5, Geometry: 5, Pixel 5).
[2023-11-14T14:13:41.710Z]       Shader compiler profile : (Best card profile)
[2023-11-14T14:13:41.710Z]       Active stereo support available : 0
[2023-11-14T14:13:41.710Z]       GPU Memory Limit : 10922 MB.
[2023-11-14T14:13:41.710Z]       CPU Memory Limit : 15564.8 MB.
[2023-11-14T14:13:41.710Z]       MultiDraw consolidation : enabled
[2023-11-14T14:13:41.710Z]     }
[2023-11-14T14:13:41.710Z]     OpenCL evaluator is attempting to initialize OpenCL.
[2023-11-14T14:13:41.710Z]     Detected 1 OpenCL Platforms:
[2023-11-14T14:13:41.710Z]      0: Apple. Apple. OpenCL 1.2 (Apr 19 2022 18:44:44).
[2023-11-14T14:13:41.710Z]      Supported extensions: cl_APPLE_SetMemObjectDestructor cl_APPLE_ContextLoggingFunctions cl_APPLE_clut cl_APPLE_query_kernel_names cl_APPLE_gl_sharing cl_khr_gl_event
[2023-11-14T14:13:41.710Z]      Selected matching OpenCL Platform: Apple Apple OpenCL 1.2 (Apr 19 2022 18:44:44).
[2023-11-14T14:13:41.710Z]     OpenCL evaluator choosing OpenCL platform Apple.
[2023-11-14T14:13:41.710Z]     Choosing OpenCL Device Apple M1.  Device Type: GPU  Device is available.
[2023-11-14T14:13:41.710Z]     
[2023-11-14T14:13:41.710Z]     Coding Error: in Define at line 153 of /Volumes/DATA/local/S/jenkins/workspace/ECP/ecg-usd-build/ecg-usd-full-python3.10-osx/ecg-usd-build/usd/pxr/base/tf/envSetting.cpp -- Multiple definitions of TfEnvSetting variable detected.  This is usually due to software misconfiguration.  Contact the build team for assistance.  (duplicate 'MAYA_HYDRA_USE_MESH_ADAPTER')
[2023-11-14T14:13:41.710Z]     Checksum for file '/local/S/jenkins/workspace/shared/Artifactory/OSX/rundev-master/202311060140/runtime/e9a5ae1/runTime/plug-ins/MASH/scripts/userSetup.py' has not been found. It will be saved.
[2023-11-14T14:13:41.710Z]     Note: Google Test filter = MayaSceneFlattening.childHasFlattenedTransform
[2023-11-14T14:13:41.710Z]     [==========] Running 1 test from 1 test suite.
[2023-11-14T14:13:41.710Z]     [----------] Global test environment set-up.
[2023-11-14T14:13:41.710Z]     [----------] 1 test from MayaSceneFlattening
[2023-11-14T14:13:41.710Z]     [ RUN      ] MayaSceneFlattening.childHasFlattenedTransform
[2023-11-14T14:13:41.710Z]     [       OK ] MayaSceneFlattening.childHasFlattenedTransform (0 ms)
[2023-11-14T14:13:41.710Z]     [----------] 1 test from MayaSceneFlattening (0 ms total)
[2023-11-14T14:13:41.710Z]     
[2023-11-14T14:13:41.710Z]     [----------] Global test environment tear-down
[2023-11-14T14:13:41.710Z]     [==========] 1 test from 1 test suite ran. (0 ms total)
[2023-11-14T14:13:41.710Z]     [  PASSED  ] 1 test.
[2023-11-14T14:13:41.710Z]     Stack trace:
[2023-11-14T14:13:41.710Z]     1Writing crash report in /var/folders/7t/fwf8c2995k9bxk02w9135fw00000gq/T/untitled[Recovered-administrator.2023-11-14-06.13].crash
[2023-11-14T14:13:41.710Z]     
[2023-11-14T14:13:41.710Z]           Start 19: testMeshes_meshAdapter
[2023-11-14T14:13:41.710Z]     12/19 Test #15: testMergingSceneIndex .......................***Failed    7.00 sec
[2023-11-14T14:13:41.711Z]     MAYA_DEBUG_NO_SAVE_ON_CRASH is set.
[2023-11-14T14:13:41.711Z]     Warning: Legacy synColor unsupported on this platform.
[2023-11-14T14:13:41.711Z]     Setting of MAYA_COLOR_MANAGEMENT_SYNCOLOR ignored
[2023-11-14T14:13:41.711Z]     Initialized VP2.0 renderer {
[2023-11-14T14:13:41.711Z]       Version : 2016.11.62.12. Feature Level 5.
[2023-11-14T14:13:41.711Z]       Adapter : Apple M1
[2023-11-14T14:13:41.711Z]       Vendor ID: 0. Device ID :
[2023-11-14T14:13:41.711Z]       Driver : 4.1 Metal - 76.3.
[2023-11-14T14:13:41.711Z]       API : OpenGL V.4.1.
[2023-11-14T14:13:41.711Z]       Max texture size : 16384 * 16384.
[2023-11-14T14:13:41.711Z]       Max texture coords : 32
[2023-11-14T14:13:41.711Z]       Shader versions supported (Vertex: 5, Geometry: 5, Pixel 5).
[2023-11-14T14:13:41.711Z]       Shader compiler profile : (Best card profile)
[2023-11-14T14:13:41.711Z]       Active stereo support available : 0
[2023-11-14T14:13:41.711Z]       GPU Memory Limit : 10922 MB.
[2023-11-14T14:13:41.711Z]       CPU Memory Limit : 15564.8 MB.
[2023-11-14T14:13:41.711Z]       MultiDraw consolidation : enabled
[2023-11-14T14:13:41.711Z]     }
[2023-11-14T14:13:41.711Z]     OpenCL evaluator is attempting to initialize OpenCL.
[2023-11-14T14:13:41.711Z]     Detected 1 OpenCL Platforms:
[2023-11-14T14:13:41.711Z]      0: Apple. Apple. OpenCL 1.2 (Apr 19 2022 18:44:44).
[2023-11-14T14:13:41.711Z]      Supported extensions: cl_APPLE_SetMemObjectDestructor cl_APPLE_ContextLoggingFunctions cl_APPLE_clut cl_APPLE_query_kernel_names cl_APPLE_gl_sharing cl_khr_gl_event
[2023-11-14T14:13:41.711Z]      Selected matching OpenCL Platform: Apple Apple OpenCL 1.2 (Apr 19 2022 18:44:44).
[2023-11-14T14:13:41.711Z]     OpenCL evaluator choosing OpenCL platform Apple.
[2023-11-14T14:13:41.711Z]     Choosing OpenCL Device Apple M1.  Device Type: GPU  Device is available.
[2023-11-14T14:13:41.711Z]     
[2023-11-14T14:13:41.711Z]     Coding Error: in Define at line 153 of /Volumes/DATA/local/S/jenkins/workspace/ECP/ecg-usd-build/ecg-usd-full-python3.10-osx/ecg-usd-build/usd/pxr/base/tf/envSetting.cpp -- Multiple definitions of TfEnvSetting variable detected.  This is usually due to software misconfiguration.  Contact the build team for assistance.  (duplicate 'MAYA_HYDRA_USE_MESH_ADAPTER')
[2023-11-14T14:13:41.711Z]     Checksum for file '/local/S/jenkins/workspace/shared/Artifactory/OSX/rundev-master/202311060140/runtime/e9a5ae1/runTime/plug-ins/MASH/scripts/userSetup.py' has not been found. It will be saved.
[2023-11-14T14:13:41.711Z]     Note: Google Test filter = FlowViewport.mergingSceneIndex
[2023-11-14T14:13:41.711Z]     [==========] Running 1 test from 1 test suite.
[2023-11-14T14:13:41.711Z]     [----------] Global test environment set-up.
[2023-11-14T14:13:41.711Z]     [----------] 1 test from FlowViewport
[2023-11-14T14:13:41.711Z]     [ RUN      ] FlowViewport.mergingSceneIndex
[2023-11-14T14:13:41.711Z]     [       OK ] FlowViewport.mergingSceneIndex (0 ms)
[2023-11-14T14:13:41.711Z]     [----------] 1 test from FlowViewport (0 ms total)
[2023-11-14T14:13:41.711Z]     
[2023-11-14T14:13:41.711Z]     [----------] Global test environment tear-down
[2023-11-14T14:13:41.711Z]     [==========] 1 test from 1 test suite ran. (0 ms total)
[2023-11-14T14:13:41.711Z]     [  PASSED  ] 1 test.
[2023-11-14T14:13:41.711Z]     Note: Google Test filter = FlowViewport.mergingSceneIndexAddRemove
[2023-11-14T14:13:41.711Z]     [==========] Running 1 test from 1 test suite.
[2023-11-14T14:13:41.711Z]     [----------] Global test environment set-up.
[2023-11-14T14:13:41.711Z]     [----------] 1 test from FlowViewport
[2023-11-14T14:13:41.711Z]     [ RUN      ] FlowViewport.mergingSceneIndexAddRemove
[2023-11-14T14:13:41.711Z]     [       OK ] FlowViewport.mergingSceneIndexAddRemove (0 ms)
[2023-11-14T14:13:41.711Z]     [----------] 1 test from FlowViewport (0 ms total)
[2023-11-14T14:13:41.711Z]     
[2023-11-14T14:13:41.711Z]     [----------] Global test environment tear-down
[2023-11-14T14:13:41.711Z]     [==========] 1 test from 1 test suite ran. (0 ms total)
[2023-11-14T14:13:41.711Z]     [  PASSED  ] 1 test.
[2023-11-14T14:13:41.711Z]     Stack trace:
[2023-11-14T14:13:41.711Z]     1Writing crash report in /var/folders/7t/fwf8c2995k9bxk02w9135fw00000gq/T/untitled[Recovered-administrator.2023-11-14-06.13].crash
[2023-11-14T14:13:41.711Z]     
[2023-11-14T14:13:41.711Z]     13/19 Test #12: testCppFramework ............................***Failed    7.15 sec
[2023-11-14T14:13:41.711Z]     MAYA_DEBUG_NO_SAVE_ON_CRASH is set.
[2023-11-14T14:13:41.711Z]     Warning: Legacy synColor unsupported on this platform.
[2023-11-14T14:13:41.711Z]     Setting of MAYA_COLOR_MANAGEMENT_SYNCOLOR ignored
[2023-11-14T14:13:41.711Z]     Initialized VP2.0 renderer {
[2023-11-14T14:13:41.711Z]       Version : 2016.11.62.12. Feature Level 5.
[2023-11-14T14:13:41.711Z]       Adapter : Apple M1
[2023-11-14T14:13:41.711Z]       Vendor ID: 0. Device ID :
[2023-11-14T14:13:41.711Z]       Driver : 4.1 Metal - 76.3.
[2023-11-14T14:13:41.711Z]       API : OpenGL V.4.1.
[2023-11-14T14:13:41.711Z]       Max texture size : 16384 * 16384.
[2023-11-14T14:13:41.711Z]       Max texture coords : 32
[2023-11-14T14:13:41.711Z]       Shader versions supported (Vertex: 5, Geometry: 5, Pixel 5).
[2023-11-14T14:13:41.711Z]       Shader compiler profile : (Best card profile)
[2023-11-14T14:13:41.711Z]       Active stereo support available : 0
[2023-11-14T14:13:41.711Z]       GPU Memory Limit : 10922 MB.
[2023-11-14T14:13:41.711Z]       CPU Memory Limit : 15564.8 MB.
[2023-11-14T14:13:41.711Z]       MultiDraw consolidation : enabled
[2023-11-14T14:13:41.711Z]     }
[2023-11-14T14:13:41.711Z]     OpenCL evaluator is attempting to initialize OpenCL.
[2023-11-14T14:13:41.711Z]     Detected 1 OpenCL Platforms:
[2023-11-14T14:13:41.711Z]      0: Apple. Apple. OpenCL 1.2 (Apr 19 2022 18:44:44).
[2023-11-14T14:13:41.711Z]      Supported extensions: cl_APPLE_SetMemObjectDestructor cl_APPLE_ContextLoggingFunctions cl_APPLE_clut cl_APPLE_query_kernel_names cl_APPLE_gl_sharing cl_khr_gl_event
[2023-11-14T14:13:41.711Z]      Selected matching OpenCL Platform: Apple Apple OpenCL 1.2 (Apr 19 2022 18:44:44).
[2023-11-14T14:13:41.711Z]     OpenCL evaluator choosing OpenCL platform Apple.
[2023-11-14T14:13:41.711Z]     Choosing OpenCL Device Apple M1.  Device Type: GPU  Device is available.
[2023-11-14T14:13:41.711Z]     
[2023-11-14T14:13:41.711Z]     Coding Error: in Define at line 153 of /Volumes/DATA/local/S/jenkins/workspace/ECP/ecg-usd-build/ecg-usd-full-python3.10-osx/ecg-usd-build/usd/pxr/base/tf/envSetting.cpp -- Multiple definitions of TfEnvSetting variable detected.  This is usually due to software misconfiguration.  Contact the build team for assistance.  (duplicate 'MAYA_HYDRA_USE_MESH_ADAPTER')
[2023-11-14T14:13:41.711Z]     Checksum for file '/local/S/jenkins/workspace/shared/Artifactory/OSX/rundev-master/202311060140/runtime/e9a5ae1/runTime/plug-ins/MASH/scripts/userSetup.py' has not been found. It will be saved.
[2023-11-14T14:13:41.711Z]     Note: Google Test filter = CppFramework.fail
[2023-11-14T14:13:41.711Z]     [==========] Running 1 test from 1 test suite.
[2023-11-14T14:13:41.711Z]     [----------] Global test environment set-up.
[2023-11-14T14:13:41.711Z]     [----------] 1 test from CppFramework
[2023-11-14T14:13:41.711Z]     [ RUN      ] CppFramework.fail
[2023-11-14T14:13:41.711Z]     /Volumes/DATA/local/S/jenkins/workspace/ECP/ecg-maya-hydra/ecg-maya-hydra-branch-preflight-python3-osx/ecg-maya-hydra/maya-hydra/test/lib/mayaUsd/render/mayaToHydra/cpp/testCppFramework.cpp:24: Failure
[2023-11-14T14:13:41.711Z]     Expected equality of these values:
[2023-11-14T14:13:41.711Z]       0
[2023-11-14T14:13:41.711Z]       1
[2023-11-14T14:13:41.711Z]     [  FAILED  ] CppFramework.fail (0 ms)
[2023-11-14T14:13:41.711Z]     [----------] 1 test from CppFramework (0 ms total)
[2023-11-14T14:13:41.711Z]     
[2023-11-14T14:13:41.711Z]     [----------] Global test environment tear-down
[2023-11-14T14:13:41.711Z]     [==========] 1 test from 1 test suite ran. (0 ms total)
[2023-11-14T14:13:41.711Z]     [  PASSED  ] 0 tests.
[2023-11-14T14:13:41.711Z]     [  FAILED  ] 1 test, listed below:
[2023-11-14T14:13:41.711Z]     [  FAILED  ] CppFramework.fail
[2023-11-14T14:13:41.711Z]     
[2023-11-14T14:13:41.711Z]      1 FAILED TEST
[2023-11-14T14:13:41.711Z]     Stack trace:
[2023-11-14T14:13:41.711Z]     1Writing crash report in /var/folders/7t/fwf8c2995k9bxk02w9135fw00000gq/T/untitled[Recovered-administrator.2023-11-14-06.13].crash
[2023-11-14T14:13:41.711Z]     
[2023-11-14T14:13:41.711Z]     14/19 Test #11: testColorPreferences ........................***Failed    7.19 sec
[2023-11-14T14:13:41.711Z]     MAYA_DEBUG_NO_SAVE_ON_CRASH is set.
[2023-11-14T14:13:41.711Z]     Warning: Legacy synColor unsupported on this platform.
[2023-11-14T14:13:41.711Z]     Setting of MAYA_COLOR_MANAGEMENT_SYNCOLOR ignored
[2023-11-14T14:13:41.711Z]     Initialized VP2.0 renderer {
[2023-11-14T14:13:41.711Z]       Version : 2016.11.62.12. Feature Level 5.
[2023-11-14T14:13:41.711Z]       Adapter : Apple M1
[2023-11-14T14:13:41.711Z]       Vendor ID: 0. Device ID :
[2023-11-14T14:13:41.711Z]       Driver : 4.1 Metal - 76.3.
[2023-11-14T14:13:41.711Z]       API : OpenGL V.4.1.
[2023-11-14T14:13:41.711Z]       Max texture size : 16384 * 16384.
[2023-11-14T14:13:41.711Z]       Max texture coords : 32
[2023-11-14T14:13:41.711Z]       Shader versions supported (Vertex: 5, Geometry: 5, Pixel 5).
[2023-11-14T14:13:41.711Z]       Shader compiler profile : (Best card profile)
[2023-11-14T14:13:41.711Z]       Active stereo support available : 0
[2023-11-14T14:13:41.711Z]       GPU Memory Limit : 10922 MB.
[2023-11-14T14:13:41.711Z]       CPU Memory Limit : 15564.8 MB.
[2023-11-14T14:13:41.711Z]       MultiDraw consolidation : enabled
[2023-11-14T14:13:41.711Z]     }
[2023-11-14T14:13:41.711Z]     OpenCL evaluator is attempting to initialize OpenCL.
[2023-11-14T14:13:41.711Z]     Detected 1 OpenCL Platforms:
[2023-11-14T14:13:41.711Z]      0: Apple. Apple. OpenCL 1.2 (Apr 19 2022 18:44:44).
[2023-11-14T14:13:41.711Z]      Supported extensions: cl_APPLE_SetMemObjectDestructor cl_APPLE_ContextLoggingFunctions cl_APPLE_clut cl_APPLE_query_kernel_names cl_APPLE_gl_sharing cl_khr_gl_event
[2023-11-14T14:13:41.711Z]      Selected matching OpenCL Platform: Apple Apple OpenCL 1.2 (Apr 19 2022 18:44:44).
[2023-11-14T14:13:41.711Z]     OpenCL evaluator choosing OpenCL platform Apple.
[2023-11-14T14:13:41.711Z]     Choosing OpenCL Device Apple M1.  Device Type: GPU  Device is available.
[2023-11-14T14:13:41.711Z]     
[2023-11-14T14:13:41.711Z]     Coding Error: in Define at line 153 of /Volumes/DATA/local/S/jenkins/workspace/ECP/ecg-usd-build/ecg-usd-full-python3.10-osx/ecg-usd-build/usd/pxr/base/tf/envSetting.cpp -- Multiple definitions of TfEnvSetting variable detected.  This is usually due to software misconfiguration.  Contact the build team for assistance.  (duplicate 'MAYA_HYDRA_USE_MESH_ADAPTER')
[2023-11-14T14:13:41.711Z]     Checksum for file '/local/S/jenkins/workspace/shared/Artifactory/OSX/rundev-master/202311060140/runtime/e9a5ae1/runTime/plug-ins/MASH/scripts/userSetup.py' has not been found. It will be saved.
[2023-11-14T14:13:41.711Z]     Note: Google Test filter = ColorPreferences.indexedColorNotification
[2023-11-14T14:13:41.711Z]     [==========] Running 1 test from 1 test suite.
[2023-11-14T14:13:41.711Z]     [----------] Global test environment set-up.
[2023-11-14T14:13:41.711Z]     [----------] 1 test from ColorPreferences
[2023-11-14T14:13:41.711Z]     [ RUN      ] ColorPreferences.indexedColorNotification
[2023-11-14T14:13:41.711Z]     [       OK ] ColorPreferences.indexedColorNotification (0 ms)
[2023-11-14T14:13:41.711Z]     [----------] 1 test from ColorPreferences (0 ms total)
[2023-11-14T14:13:41.711Z]     
[2023-11-14T14:13:41.711Z]     [----------] Global test environment tear-down
[2023-11-14T14:13:41.711Z]     [==========] 1 test from 1 test suite ran. (0 ms total)
[2023-11-14T14:13:41.711Z]     [  PASSED  ] 1 test.
[2023-11-14T14:13:41.711Z]     Stack trace:
[2023-11-14T14:13:41.711Z]     1Writing crash report in /var/folders/7t/fwf8c2995k9bxk02w9135fw00000gq/T/untitled[Recovered-administrator.2023-11-14-06.13].crash
[2023-11-14T14:13:41.711Z]     
[2023-11-14T14:13:41.711Z]     15/19 Test #14: testMayaUsdUfeItems .........................   Passed    7.09 sec
[2023-11-14T14:13:41.711Z]     16/19 Test #16: testSelectionSceneIndex .....................***Failed    7.03 sec
[2023-11-14T14:13:41.711Z]     MAYA_DEBUG_NO_SAVE_ON_CRASH is set.
[2023-11-14T14:13:41.711Z]     Warning: Legacy synColor unsupported on this platform.
[2023-11-14T14:13:41.711Z]     Setting of MAYA_COLOR_MANAGEMENT_SYNCOLOR ignored
[2023-11-14T14:13:41.711Z]     Initialized VP2.0 renderer {
[2023-11-14T14:13:41.711Z]       Version : 2016.11.62.12. Feature Level 5.
[2023-11-14T14:13:41.711Z]       Adapter : Apple M1
[2023-11-14T14:13:41.711Z]       Vendor ID: 0. Device ID :
[2023-11-14T14:13:41.711Z]       Driver : 4.1 Metal - 76.3.
[2023-11-14T14:13:41.711Z]       API : OpenGL V.4.1.
[2023-11-14T14:13:41.711Z]       Max texture size : 16384 * 16384.
[2023-11-14T14:13:41.711Z]       Max texture coords : 32
[2023-11-14T14:13:41.711Z]       Shader versions supported (Vertex: 5, Geometry: 5, Pixel 5).
[2023-11-14T14:13:41.711Z]       Shader compiler profile : (Best card profile)
[2023-11-14T14:13:41.711Z]       Active stereo support available : 0
[2023-11-14T14:13:41.711Z]       GPU Memory Limit : 10922 MB.
[2023-11-14T14:13:41.711Z]       CPU Memory Limit : 15564.8 MB.
[2023-11-14T14:13:41.711Z]       MultiDraw consolidation : enabled
[2023-11-14T14:13:41.711Z]     }
[2023-11-14T14:13:41.711Z]     OpenCL evaluator is attempting to initialize OpenCL.
[2023-11-14T14:13:41.711Z]     Detected 1 OpenCL Platforms:
[2023-11-14T14:13:41.711Z]      0: Apple. Apple. OpenCL 1.2 (Apr 19 2022 18:44:44).
[2023-11-14T14:13:41.711Z]      Supported extensions: cl_APPLE_SetMemObjectDestructor cl_APPLE_ContextLoggingFunctions cl_APPLE_clut cl_APPLE_query_kernel_names cl_APPLE_gl_sharing cl_khr_gl_event
[2023-11-14T14:13:41.711Z]      Selected matching OpenCL Platform: Apple Apple OpenCL 1.2 (Apr 19 2022 18:44:44).
[2023-11-14T14:13:41.711Z]     OpenCL evaluator choosing OpenCL platform Apple.
[2023-11-14T14:13:41.711Z]     Choosing OpenCL Device Apple M1.  Device Type: GPU  Device is available.
[2023-11-14T14:13:41.711Z]     
[2023-11-14T14:13:41.711Z]     Coding Error: in Define at line 153 of /Volumes/DATA/local/S/jenkins/workspace/ECP/ecg-usd-build/ecg-usd-full-python3.10-osx/ecg-usd-build/usd/pxr/base/tf/envSetting.cpp -- Multiple definitions of TfEnvSetting variable detected.  This is usually due to software misconfiguration.  Contact the build team for assistance.  (duplicate 'MAYA_HYDRA_USE_MESH_ADAPTER')
[2023-11-14T14:13:41.711Z]     Checksum for file '/local/S/jenkins/workspace/shared/Artifactory/OSX/rundev-master/202311060140/runtime/e9a5ae1/runTime/plug-ins/MASH/scripts/userSetup.py' has not been found. It will be saved.
[2023-11-14T14:13:41.711Z]     Note: Google Test filter = FlowViewport.selectionSceneIndex
[2023-11-14T14:13:41.711Z]     [==========] Running 1 test from 1 test suite.
[2023-11-14T14:13:41.711Z]     [----------] Global test environment set-up.
[2023-11-14T14:13:41.711Z]     [----------] 1 test from FlowViewport
[2023-11-14T14:13:41.711Z]     [ RUN      ] FlowViewport.selectionSceneIndex
[2023-11-14T14:13:41.711Z]     [       OK ] FlowViewport.selectionSceneIndex (0 ms)
[2023-11-14T14:13:41.711Z]     [----------] 1 test from FlowViewport (0 ms total)
[2023-11-14T14:13:41.711Z]     
[2023-11-14T14:13:41.711Z]     [----------] Global test environment tear-down
[2023-11-14T14:13:41.711Z]     [==========] 1 test from 1 test suite ran. (0 ms total)
[2023-11-14T14:13:41.711Z]     [  PASSED  ] 1 test.
[2023-11-14T14:13:41.711Z]     Note: Google Test filter = FlowViewport.selectionSceneIndexDirty
[2023-11-14T14:13:41.711Z]     [==========] Running 1 test from 1 test suite.
[2023-11-14T14:13:41.711Z]     [----------] Global test environment set-up.
[2023-11-14T14:13:41.711Z]     [----------] 1 test from FlowViewport
[2023-11-14T14:13:41.711Z]     [ RUN      ] FlowViewport.selectionSceneIndexDirty
[2023-11-14T14:13:41.711Z]     [       OK ] FlowViewport.selectionSceneIndexDirty (28 ms)
[2023-11-14T14:13:41.711Z]     [----------] 1 test from FlowViewport (28 ms total)
[2023-11-14T14:13:41.711Z]     
[2023-11-14T14:13:41.711Z]     [----------] Global test environment tear-down
[2023-11-14T14:13:41.711Z]     [==========] 1 test from 1 test suite ran. (28 ms total)
[2023-11-14T14:13:41.711Z]     [  PASSED  ] 1 test.
[2023-11-14T14:13:41.711Z]     Stack trace:
[2023-11-14T14:13:41.711Z]     1Writing crash report in /var/folders/7t/fwf8c2995k9bxk02w9135fw00000gq/T/untitled[Recovered-administrator.2023-11-14-06.13].crash
[2023-11-14T14:13:41.711Z]     
[2023-11-14T14:13:41.711Z]     17/19 Test #17: testWireframeSelectionHighlightSceneIndex ...   Passed    6.96 sec
[2023-11-14T14:13:45.909Z]     18/19 Test #18: testFlowViewportAPIViewportInformation ......***Failed    4.53 sec
[2023-11-14T14:13:45.909Z]     MAYA_DEBUG_NO_SAVE_ON_CRASH is set.
[2023-11-14T14:13:45.909Z]     Warning: Legacy synColor unsupported on this platform.
[2023-11-14T14:13:45.909Z]     Setting of MAYA_COLOR_MANAGEMENT_SYNCOLOR ignored
[2023-11-14T14:13:45.909Z]     Initialized VP2.0 renderer {
[2023-11-14T14:13:45.909Z]       Version : 2016.11.62.12. Feature Level 5.
[2023-11-14T14:13:45.909Z]       Adapter : Apple M1
[2023-11-14T14:13:45.909Z]       Vendor ID: 0. Device ID :
[2023-11-14T14:13:45.909Z]       Driver : 4.1 Metal - 76.3.
[2023-11-14T14:13:45.909Z]       API : OpenGL V.4.1.
[2023-11-14T14:13:45.909Z]       Max texture size : 16384 * 16384.
[2023-11-14T14:13:45.909Z]       Max texture coords : 32
[2023-11-14T14:13:45.909Z]       Shader versions supported (Vertex: 5, Geometry: 5, Pixel 5).
[2023-11-14T14:13:45.909Z]       Shader compiler profile : (Best card profile)
[2023-11-14T14:13:45.909Z]       Active stereo support available : 0
[2023-11-14T14:13:45.909Z]       GPU Memory Limit : 10922 MB.
[2023-11-14T14:13:45.909Z]       CPU Memory Limit : 15564.8 MB.
[2023-11-14T14:13:45.909Z]       MultiDraw consolidation : enabled
[2023-11-14T14:13:45.909Z]     }
[2023-11-14T14:13:45.909Z]     OpenCL evaluator is attempting to initialize OpenCL.
[2023-11-14T14:13:45.909Z]     Detected 1 OpenCL Platforms:
[2023-11-14T14:13:45.909Z]      0: Apple. Apple. OpenCL 1.2 (Apr 19 2022 18:44:44).
[2023-11-14T14:13:45.909Z]      Supported extensions: cl_APPLE_SetMemObjectDestructor cl_APPLE_ContextLoggingFunctions cl_APPLE_clut cl_APPLE_query_kernel_names cl_APPLE_gl_sharing cl_khr_gl_event
[2023-11-14T14:13:45.909Z]      Selected matching OpenCL Platform: Apple Apple OpenCL 1.2 (Apr 19 2022 18:44:44).
[2023-11-14T14:13:45.909Z]     OpenCL evaluator choosing OpenCL platform Apple.
[2023-11-14T14:13:45.909Z]     Choosing OpenCL Device Apple M1.  Device Type: GPU  Device is available.
[2023-11-14T14:13:45.909Z]     
[2023-11-14T14:13:45.909Z]     Coding Error: in Define at line 153 of /Volumes/DATA/local/S/jenkins/workspace/ECP/ecg-usd-build/ecg-usd-full-python3.10-osx/ecg-usd-build/usd/pxr/base/tf/envSetting.cpp -- Multiple definitions of TfEnvSetting variable detected.  This is usually due to software misconfiguration.  Contact the build team for assistance.  (duplicate 'MAYA_HYDRA_USE_MESH_ADAPTER')
[2023-11-14T14:13:45.909Z]     Checksum for file '/local/S/jenkins/workspace/shared/Artifactory/OSX/rundev-master/202311060140/runtime/e9a5ae1/runTime/plug-ins/MASH/scripts/userSetup.py' has not been found. It will be saved.
[2023-11-14T14:13:45.909Z]     Note: Google Test filter = FlowViewportAPI.viewportInformationWithHydra
[2023-11-14T14:13:45.909Z]     [==========] Running 1 test from 1 test suite.
[2023-11-14T14:13:45.909Z]     [----------] Global test environment set-up.
[2023-11-14T14:13:45.909Z]     [----------] 1 test from FlowViewportAPI
[2023-11-14T14:13:45.909Z]     [ RUN      ] FlowViewportAPI.viewportInformationWithHydra
[2023-11-14T14:13:45.909Z]     [       OK ] FlowViewportAPI.viewportInformationWithHydra (0 ms)
[2023-11-14T14:13:45.909Z]     [----------] 1 test from FlowViewportAPI (0 ms total)
[2023-11-14T14:13:45.909Z]     
[2023-11-14T14:13:45.909Z]     [----------] Global test environment tear-down
[2023-11-14T14:13:45.909Z]     [==========] 1 test from 1 test suite ran. (0 ms total)
[2023-11-14T14:13:45.909Z]     [  PASSED  ] 1 test.
[2023-11-14T14:13:45.909Z]     Stack trace:
[2023-11-14T14:13:45.909Z]     1Writing crash report in /var/folders/7t/fwf8c2995k9bxk02w9135fw00000gq/T/untitled[Recovered-administrator.2023-11-14-06.13].crash
[2023-11-14T14:13:45.909Z]     
[2023-11-14T14:13:45.909Z]     19/19 Test #19: testMeshes_meshAdapter ......................***Failed    4.51 sec
[2023-11-14T14:13:45.909Z]     MAYA_DEBUG_NO_SAVE_ON_CRASH is set.
[2023-11-14T14:13:45.909Z]     Warning: Legacy synColor unsupported on this platform.
[2023-11-14T14:13:45.909Z]     Setting of MAYA_COLOR_MANAGEMENT_SYNCOLOR ignored
[2023-11-14T14:13:45.909Z]     Initialized VP2.0 renderer {
[2023-11-14T14:13:45.909Z]       Version : 2016.11.62.12. Feature Level 5.
[2023-11-14T14:13:45.909Z]       Adapter : Apple M1
[2023-11-14T14:13:45.909Z]       Vendor ID: 0. Device ID :
[2023-11-14T14:13:45.909Z]       Driver : 4.1 Metal - 76.3.
[2023-11-14T14:13:45.909Z]       API : OpenGL V.4.1.
[2023-11-14T14:13:45.909Z]       Max texture size : 16384 * 16384.
[2023-11-14T14:13:45.909Z]       Max texture coords : 32
[2023-11-14T14:13:45.909Z]       Shader versions supported (Vertex: 5, Geometry: 5, Pixel 5).
[2023-11-14T14:13:45.909Z]       Shader compiler profile : (Best card profile)
[2023-11-14T14:13:45.909Z]       Active stereo support available : 0
[2023-11-14T14:13:45.909Z]       GPU Memory Limit : 10922 MB.
[2023-11-14T14:13:45.909Z]       CPU Memory Limit : 15564.8 MB.
[2023-11-14T14:13:45.909Z]       MultiDraw consolidation : enabled
[2023-11-14T14:13:45.909Z]     }
[2023-11-14T14:13:45.909Z]     OpenCL evaluator is attempting to initialize OpenCL.
[2023-11-14T14:13:45.909Z]     Detected 1 OpenCL Platforms:
[2023-11-14T14:13:45.909Z]      0: Apple. Apple. OpenCL 1.2 (Apr 19 2022 18:44:44).
[2023-11-14T14:13:45.909Z]      Supported extensions: cl_APPLE_SetMemObjectDestructor cl_APPLE_ContextLoggingFunctions cl_APPLE_clut cl_APPLE_query_kernel_names cl_APPLE_gl_sharing cl_khr_gl_event
[2023-11-14T14:13:45.909Z]      Selected matching OpenCL Platform: Apple Apple OpenCL 1.2 (Apr 19 2022 18:44:44).
[2023-11-14T14:13:45.909Z]     OpenCL evaluator choosing OpenCL platform Apple.
[2023-11-14T14:13:45.909Z]     Choosing OpenCL Device Apple M1.  Device Type: GPU  Device is available.
[2023-11-14T14:13:45.909Z]     
[2023-11-14T14:13:45.909Z]     ###############################################################################
[2023-11-14T14:13:45.909Z]     #  MAYA_HYDRA_USE_MESH_ADAPTER is overridden to 'true'.  Default is 'false'.  #
[2023-11-14T14:13:45.909Z]     ###############################################################################
[2023-11-14T14:13:45.909Z]     Coding Error: in Define at line 153 of /Volumes/DATA/local/S/jenkins/workspace/ECP/ecg-usd-build/ecg-usd-full-python3.10-osx/ecg-usd-build/usd/pxr/base/tf/envSetting.cpp -- Multiple definitions of TfEnvSetting variable detected.  This is usually due to software misconfiguration.  Contact the build team for assistance.  (duplicate 'MAYA_HYDRA_USE_MESH_ADAPTER')
[2023-11-14T14:13:45.909Z]     .Warning: in SdfPath at line 145 of /Volumes/DATA/local/S/jenkins/workspace/ECP/ecg-usd-build/ecg-usd-full-python3.10-osx/ecg-usd-build/usd/pxr/usd/sdf/path.cpp -- Ill-formed SdfPath <>: :1:0(0): parse error matching pxrInternal_v0_23__pxrReserved__::(anonymous namespace)::Path
[2023-11-14T14:13:45.909Z]     Coding Error: in AppendPath at line 699 of /Volumes/DATA/local/S/jenkins/workspace/ECP/ecg-usd-build/ecg-usd-full-python3.10-osx/ecg-usd-build/usd/pxr/usd/sdf/path.cpp -- Cannot append invalid path to </MayaHydraViewportRenderer/_MayaHydra_HdStormRendererPlugin_0x14d38a400/_Index_MayaHydraSceneIndex_0x60000bfad400/rprims>
[2023-11-14T14:13:45.909Z]     Warning: in SceneIndexPath at line 313 of /Volumes/DATA/local/S/jenkins/workspace/ECP/ecg-maya-hydra/ecg-maya-hydra-branch-preflight-python3-osx/ecg-maya-hydra/maya-hydra/lib/flowViewport/sceneIndex/fvpSelectionSceneIndex.cpp -- SelectionSceneIndex::SceneIndexPath() returned an empty path, Hydra selection will be incorrect
[2023-11-14T14:13:45.909Z]     Stack trace:
[2023-11-14T14:13:45.909Z]     1Writing crash report in /var/folders/7t/fwf8c2995k9bxk02w9135fw00000gq/T/untitled[Recovered-administrator.2023-11-14-06.13].crash
[2023-11-14T14:13:45.909Z]     
[2023-11-14T14:13:45.909Z]     
[2023-11-14T14:13:45.909Z]     28% tests passed, 13 tests failed out of 18
[2023-11-14T14:13:45.909Z]     
[2023-11-14T14:13:45.909Z]     Label Time Summary:
[2023-11-14T14:13:45.909Z]     Debugging      =   0.00 sec*proc (1 test)
[2023-11-14T14:13:45.909Z]     interactive    = 135.22 sec*proc (18 tests)
[2023-11-14T14:13:45.909Z]     mayaHydra      = 135.22 sec*proc (18 tests)
[2023-11-14T14:13:45.909Z]     
[2023-11-14T14:13:45.909Z]     Total Test time (real) =  20.27 sec
[2023-11-14T14:13:45.909Z]     
[2023-11-14T14:13:45.909Z]     The following tests did not run:
[2023-11-14T14:13:45.909Z]     	  1 - _Interactive_Maya (Disabled)
[2023-11-14T14:13:45.909Z]     
[2023-11-14T14:13:45.909Z]     The following tests FAILED:
[2023-11-14T14:13:45.909Z]     	  2 - testImageDiffing (Failed)
[2023-11-14T14:13:45.909Z]     	  3 - testMtohCommand (Failed)
[2023-11-14T14:13:45.909Z]     	  4 - testMeshes (Failed)
[2023-11-14T14:13:45.909Z]     	  5 - testNamespaces (Failed)
[2023-11-14T14:13:45.909Z]     	  6 - testVisibility (Failed)
[2023-11-14T14:13:45.909Z]     	  7 - testRendererSwitching (Failed)
[2023-11-14T14:13:45.909Z]     	 11 - testColorPreferences (Failed)
[2023-11-14T14:13:45.909Z]     	 12 - testCppFramework (Failed)
[2023-11-14T14:13:45.909Z]     	 13 - testMayaSceneFlattening (Failed)
[2023-11-14T14:13:45.909Z]     	 15 - testMergingSceneIndex (Failed)
[2023-11-14T14:13:45.909Z]     	 16 - testSelectionSceneIndex (Failed)
[2023-11-14T14:13:45.909Z]     	 18 - testFlowViewportAPIViewportInformation (Failed)
[2023-11-14T14:13:45.909Z]     	 19 - testMeshes_meshAdapter (Failed)
[2023-11-14T14:13:45.909Z]     Errors while running CTest
[2023-11-14T14:13:45.909Z]     
[2023-11-14T14:13:45.909Z]         Building with settings:
[2023-11-14T14:13:45.909Z]           Source directory          /Volumes/DATA/local/S/jenkins/workspace/ECP/ecg-maya-hydra/ecg-maya-hydra-branch-preflight-python3-osx/ecg-maya-hydra/maya-hydra
[2023-11-14T14:13:45.909Z]           Workspace directory       /local/S/jenkins/workspace/ECP/ecg-maya-hydra/ecg-maya-hydra-branch-preflight-python3-osx
[2023-11-14T14:13:45.909Z]           Build directory           /local/S/jenkins/workspace/ECP/ecg-maya-hydra/ecg-maya-hydra-branch-preflight-python3-osx/build/RelWithDebInfo
[2023-11-14T14:13:45.909Z]           Install directory         /local/S/jenkins/workspace/ECP/ecg-maya-hydra/ecg-maya-hydra-branch-preflight-python3-osx/install/RelWithDebInfo/MayaHydra
[2023-11-14T14:13:45.909Z]           Variant                   RelWithDebInfo
[2023-11-14T14:13:45.909Z]           Python Debug              Off
[2023-11-14T14:13:45.909Z]           CMake generator           Ninja
[2023-11-14T14:13:45.909Z]           Build arguments           ['-DCMAKE_MAKE_PROGRAM=/local/S/jenkins/workspace/shared/Artifactory/OSX/ninja/1.10.2/95d0ca5/ninja', '-DPYTHON_INCLUDE_DIR=/local/S/jenkins/workspace/shared/Artifactory/OSX/rundev-master/202311060140/runtime/e9a5ae1/runTime/Maya.app/Contents/Frameworks/Python.framework/Versions/Current/include/python3.10', '-DPython_EXECUTABLE=/local/S/jenkins/workspace/shared/Artifactory/OSX/rundev-master/202311060140/runtime/e9a5ae1/runTime/Maya.app/Contents/bin/mayapy', '-DPYTHON_LIBRARIES=/local/S/jenkins/workspace/shared/Artifactory/OSX/rundev-master/202311060140/runtime/e9a5ae1/runTime/Maya.app/Contents/Frameworks/Python.framework/Versions/Current/lib/libpython3.10.dylib', '-DBUILD_WITH_PYTHON_3=ON', '-DBUILD_WITH_PYTHON_3_VERSION=3.10', '-DBUILD_UB2=ON', '-DCMAKE_WANT_MATERIALX_BUILD=ON', '-DCMAKE_PREFIX_PATH=/local/S/jenkins/workspace/shared/Artifactory/OSX/USD/b595ab2']
[2023-11-14T14:13:45.909Z]           Stages arguments          ['test']
[2023-11-14T14:13:45.909Z]           CTest arguments           ['--parallel 8']
[2023-11-14T14:13:45.909Z]     #####################################################################################
[2023-11-14T14:13:45.909Z]     log date: 2023-11-14 06:13
[2023-11-14T14:13:45.909Z]     commit sha: 65edd7dd5fc66ddbea5f002deddc318ff9f1345d
[2023-11-14T14:13:45.909Z]     commit date: Tue Nov 14 06:08:44 2023 -0800
[2023-11-14T14:13:45.909Z]     #####################################################################################
[2023-11-14T14:13:45.909Z]     
[2023-11-14T14:13:45.909Z]     cmake --build . --config RelWithDebInfo --target install -- -j8
[2023-11-14T14:13:45.909Z]     #####################################################################################
[2023-11-14T14:13:45.909Z]     log date: 2023-11-14 06:13
[2023-11-14T14:13:45.909Z]     commit sha: 65edd7dd5fc66ddbea5f002deddc318ff9f1345d
[2023-11-14T14:13:45.909Z]     commit date: Tue Nov 14 06:08:44 2023 -0800
[2023-11-14T14:13:45.909Z]     #####################################################################################
[2023-11-14T14:13:45.909Z]     
[2023-11-14T14:13:45.909Z]     ctest --output-on-failure --timeout 500 -C RelWithDebInfo --parallel 8
[2023-11-14T14:13:45.909Z]     
[2023-11-14T14:13:45.909Z]     Traceback (most recent call last):
[2023-11-14T14:13:45.909Z]       File "/Volumes/DATA/local/S/jenkins/workspace/ECP/ecg-maya-hydra/ecg-maya-hydra-branch-preflight-python3-osx/ecg-maya-hydra/maya-hydra/build.py", line 750, in <module>
[2023-11-14T14:13:45.909Z]         RunTests(context, context.ctestArgs)
[2023-11-14T14:13:45.909Z]       File "/Volumes/DATA/local/S/jenkins/workspace/ECP/ecg-maya-hydra/ecg-maya-hydra-branch-preflight-python3-osx/ecg-maya-hydra/maya-hydra/build.py", line 521, in RunTests
[2023-11-14T14:13:45.909Z]         RunCTest(context,extraArgs)
[2023-11-14T14:13:45.909Z]       File "/Volumes/DATA/local/S/jenkins/workspace/ECP/ecg-maya-hydra/ecg-maya-hydra-branch-preflight-python3-osx/ecg-maya-hydra/maya-hydra/build.py", line 334, in RunCTest
[2023-11-14T14:13:45.909Z]         Run(context,
[2023-11-14T14:13:45.909Z]       File "/Volumes/DATA/local/S/jenkins/workspace/ECP/ecg-maya-hydra/ecg-maya-hydra-branch-preflight-python3-osx/ecg-maya-hydra/maya-hydra/build.py", line 197, in Run
[2023-11-14T14:13:45.909Z]         raise RuntimeError("Failed to run '{cmd}'\nSee {log} for more details."
[2023-11-14T14:13:45.909Z]     RuntimeError: Failed to run 'ctest --output-on-failure --timeout 500 -C RelWithDebInfo --parallel 8 '
[2023-11-14T14:13:45.909Z]     See /local/S/jenkins/workspace/ECP/ecg-maya-hydra/ecg-maya-hydra-branch-preflight-python3-osx/build/RelWithDebInfo/build_log.txt for more details.
[2023-11-14T14:13:45.909Z] build.py: error: Command failed with error code: 1
[Pipeline] }
[Pipeline] // withEnv
[Pipeline] }
[Pipeline] // timeout
[Pipeline] }
[Pipeline] // stage
[Pipeline] }
[Pipeline] // timestamps
[Pipeline] emailextrecipients
Not sending mail to unregistered user ecg.jenkins@autodesk.com because your SCM claimed this was associated with a user ID ecg.jenkins' which your security realm does not recognize; you may need changes in your SCM plugin
Not sending mail to unregistered user ecg.jenkins@autodesk.com because your SCM claimed this was associated with a user ID ecg.jenkins' which your security realm does not recognize; you may need changes in your SCM plugin
[Pipeline] echo
No recipients to send notification.
[Pipeline] }
[Pipeline] // node
[Pipeline] End of Pipeline
ERROR: script returned exit code 1
[Checks API] No suitable checks publisher found.
Finished: FAILURE
