[2023-11-15T19:09:48.638Z] ================================================================================
[2023-11-15T19:09:48.638Z]                                  setup (Debug)
[2023-11-15T19:09:48.638Z] ================================================================================
[2023-11-15T19:09:48.638Z] Installing license file 'melicense.lic'.
[Pipeline] bat
[2023-11-15T19:09:49.241Z] Deleting alias drive W:
[Pipeline] bat
[2023-11-15T19:09:49.838Z] Deleting alias drive P:
[Pipeline] bat
[2023-11-15T19:09:50.460Z] Creating alias drive P: to S:\jenkins\workspace
[Pipeline] bat
[2023-11-15T19:09:51.070Z] Creating alias drive W: to S:\Jenkins\workspace\ECP\ecg-maya-hydra\ecg-maya-hydra-branch-preflight-python3-windows
[Pipeline] bat
[2023-11-15T19:09:51.818Z] "C:\Program Files\Microsoft Visual Studio\2022\Professional\VC\Auxiliary\Build\vcvarsall.bat" x64
[2023-11-15T19:09:52.156Z] **********************************************************************
[2023-11-15T19:09:52.156Z] ** Visual Studio 2022 Developer Command Prompt v17.3.2
[2023-11-15T19:09:52.156Z] ** Copyright (c) 2022 Microsoft Corporation
[2023-11-15T19:09:52.156Z] **********************************************************************
[2023-11-15T19:09:53.329Z] [vcvarsall.bat] Environment initialized for: 'x64'
[2023-11-15T19:09:53.329Z] python ecg-maya-hydra/build.py --stages=setup --workspace-dir=W:\ --artifactory-dir=P:\shared\Artifactory --build-dir=W:\build --install-dir=W:\install --signing-dir=W:\signing --package-dir=W:\package --output-dir=W:\output --stash-dir=W:\stash --jenkins-build=397 --git-commit=c1f8802e0362298f58a427db7119f38a8842cd69 --git-branch=master --variants=RelWithDebInfo --interactive-tests=true --post-zips=false --osx-binary-architecture-target=ub2 --osx-deployment-target=11.0 --osx-base-sdk=CurrentActiveSDK --extra-license-file=ecg-maya-hydra/jenkins-o03-cot/melicense.lic --prune-versions=3 --prune-revisions=3 --maya-cut-config=maya-rundev-master.yaml --maya-package=rundev-master --stage-banner --prune-artifacts --force-pruning
[2023-11-15T19:09:54.503Z] Getting rundev-master download URL from Maya SHA-1 hash
[2023-11-15T19:09:54.503Z] Finding Artifactory servers response times
[2023-11-15T19:09:57.016Z] [VERBOSE] Start loading URL (CURL): https://art-bobcat.autodesk.com/artifactory/api/system/ping
[2023-11-15T19:09:57.016Z] [DEBUG] Running: C:\WINDOWS\system32\curl.exe -s -X GET --keepalive-time 10 --connect-timeout 60 --speed-limit 10000 --speed-time 120 --max-time 1800 --retry 5 --retry-max-time 2400 -H Connection:close https://art-bobcat.autodesk.com/artifactory/api/system/ping
[2023-11-15T19:09:57.016Z] [DEBUG] Output:
[2023-11-15T19:09:57.016Z] OK
[2023-11-15T19:09:57.016Z] [VERBOSE] End loading URL (CURL): https://art-bobcat.autodesk.com/artifactory/api/system/ping
[2023-11-15T19:09:57.016Z] [VERBOSE] Start loading URL (CURL): https://art-marmotte.autodesk.com/artifactory/api/system/ping
[2023-11-15T19:09:57.016Z] [DEBUG] Running: C:\WINDOWS\system32\curl.exe -s -X GET --keepalive-time 10 --connect-timeout 60 --speed-limit 10000 --speed-time 120 --max-time 1800 --retry 5 --retry-max-time 2400 -H Connection:close https://art-marmotte.autodesk.com/artifactory/api/system/ping
[2023-11-15T19:09:57.016Z] [DEBUG] Output:
[2023-11-15T19:09:57.016Z] OK
[2023-11-15T19:09:57.016Z] [VERBOSE] End loading URL (CURL): https://art-marmotte.autodesk.com/artifactory/api/system/ping
[2023-11-15T19:09:57.016Z] [VERBOSE] Start loading URL (CURL): https://art-bear.autodesk.com/artifactory/api/system/ping
[2023-11-15T19:09:57.016Z] [DEBUG] Running: C:\WINDOWS\system32\curl.exe -s -X GET --keepalive-time 10 --connect-timeout 60 --speed-limit 10000 --speed-time 120 --max-time 1800 --retry 5 --retry-max-time 2400 -H Connection:close https://art-bear.autodesk.com/artifactory/api/system/ping
[2023-11-15T19:09:57.016Z] [DEBUG] Output:
[2023-11-15T19:09:57.016Z] OK
[2023-11-15T19:09:57.016Z] [VERBOSE] End loading URL (CURL): https://art-bear.autodesk.com/artifactory/api/system/ping
[2023-11-15T19:09:57.354Z] [VERBOSE] Start loading URL (CURL): https://art-bobcat.autodesk.com/artifactory/api/search/checksum?repos=autodesk-3p-generic,adsk-build-tools-generic,team-ecg-generic,team-maya-generic,oss-stg-generic&sha1=1cbda2fc236e88e5c132daa7c59dc6ac3046350c
[2023-11-15T19:09:57.354Z] [DEBUG] Running: C:\WINDOWS\system32\curl.exe -s -X GET --keepalive-time 10 --connect-timeout 60 --speed-limit 10000 --speed-time 120 --max-time 1800 --retry 5 --retry-max-time 2400 -H Connection:close -H Authorization:Basic ZWNnYmlmcm9zdDpvcGUqKjAw https://art-bobcat.autodesk.com/artifactory/api/search/checksum?repos=autodesk-3p-generic,adsk-build-tools-generic,team-ecg-generic,team-maya-generic,oss-stg-generic&sha1=1cbda2fc236e88e5c132daa7c59dc6ac3046350c
[2023-11-15T19:09:57.354Z] [DEBUG] Output:
[2023-11-15T19:09:57.354Z] {
[2023-11-15T19:09:57.354Z]   "results" : [ {
[2023-11-15T19:09:57.354Z]     "uri" : "https://art-bobcat.autodesk.com:443/artifactory/api/storage/team-maya-generic/Maya/master/px64/2023-11-06-01-40_068e1a5022/202311060140-068e1a5022-RUNDEV.zip"
[2023-11-15T19:09:57.354Z]   } ]
[2023-11-15T19:09:57.354Z] }
[2023-11-15T19:09:57.354Z] [VERBOSE] End loading URL (CURL): https://art-bobcat.autodesk.com/artifactory/api/search/checksum?repos=autodesk-3p-generic,adsk-build-tools-generic,team-ecg-generic,team-maya-generic,oss-stg-generic&sha1=1cbda2fc236e88e5c132daa7c59dc6ac3046350c
[2023-11-15T19:09:57.354Z] [VERBOSE] Start loading URL (CURL): https://art-bobcat.autodesk.com:443/artifactory/api/storage/team-maya-generic/Maya/master/px64/2023-11-06-01-40_068e1a5022/202311060140-068e1a5022-RUNDEV.zip
[2023-11-15T19:09:57.354Z] [DEBUG] Running: C:\WINDOWS\system32\curl.exe -s -X GET --keepalive-time 10 --connect-timeout 60 --speed-limit 10000 --speed-time 120 --max-time 1800 --retry 5 --retry-max-time 2400 -H Connection:close -H Authorization:Basic ZWNnYmlmcm9zdDpvcGUqKjAw https://art-bobcat.autodesk.com:443/artifactory/api/storage/team-maya-generic/Maya/master/px64/2023-11-06-01-40_068e1a5022/202311060140-068e1a5022-RUNDEV.zip
[2023-11-15T19:09:57.354Z] [DEBUG] Output:
[2023-11-15T19:09:57.354Z] {
[2023-11-15T19:09:57.354Z]   "repo" : "team-maya-generic",
[2023-11-15T19:09:57.354Z]   "path" : "/Maya/master/px64/2023-11-06-01-40_068e1a5022/202311060140-068e1a5022-RUNDEV.zip",
[2023-11-15T19:09:57.354Z]   "created" : "2023-11-06T03:57:20.399-08:00",
[2023-11-15T19:09:57.354Z]   "createdBy" : "svc_p_mescm",
[2023-11-15T19:09:57.354Z]   "lastModified" : "2023-11-06T03:51:15.132-08:00",
[2023-11-15T19:09:57.354Z]   "modifiedBy" : "svc_p_mescm",
[2023-11-15T19:09:57.354Z]   "lastUpdated" : "2023-11-06T03:57:20.400-08:00",
[2023-11-15T19:09:57.354Z]   "downloadUri" : "https://art-bobcat.autodesk.com:443/artifactory/team-maya-generic/Maya/master/px64/2023-11-06-01-40_068e1a5022/202311060140-068e1a5022-RUNDEV.zip",
[2023-11-15T19:09:57.354Z]   "mimeType" : "application/zip",
[2023-11-15T19:09:57.354Z]   "size" : "2587351375",
[2023-11-15T19:09:57.354Z]   "checksums" : {
[2023-11-15T19:09:57.354Z]     "sha1" : "1cbda2fc236e88e5c132daa7c59dc6ac3046350c",
[2023-11-15T19:09:57.354Z]     "md5" : "ee839e72ff4822c38c086e8cc45884de",
[2023-11-15T19:09:57.354Z]     "sha256" : "554e1734b6ab61a8a047de80c11f3ce0606416e84895edd6f4c347f02f8ecec8"
[2023-11-15T19:09:57.354Z]   },
[2023-11-15T19:09:57.354Z]   "originalChecksums" : {
[2023-11-15T19:09:57.354Z]     "sha1" : "1cbda2fc236e88e5c132daa7c59dc6ac3046350c",
[2023-11-15T19:09:57.354Z]     "md5" : "ee839e72ff4822c38c086e8cc45884de",
[2023-11-15T19:09:57.354Z]     "sha256" : "554e1734b6ab61a8a047de80c11f3ce0606416e84895edd6f4c347f02f8ecec8"
[2023-11-15T19:09:57.354Z]   },
[2023-11-15T19:09:57.354Z]   "uri" : "https://art-bobcat.autodesk.com:443/artifactory/api/storage/team-maya-generic/Maya/master/px64/2023-11-06-01-40_068e1a5022/202311060140-068e1a5022-RUNDEV.zip"
[2023-11-15T19:09:57.354Z] }
[2023-11-15T19:09:57.354Z] [VERBOSE] End loading URL (CURL): https://art-bobcat.autodesk.com:443/artifactory/api/storage/team-maya-generic/Maya/master/px64/2023-11-06-01-40_068e1a5022/202311060140-068e1a5022-RUNDEV.zip
[2023-11-15T19:09:57.354Z] Using Maya cut from P:\shared\Artifactory\Windows\rundev-master\202311060140\runtime\1cbda2f
[2023-11-15T19:09:57.354Z] Using Maya ADSK Signatures from P:\shared\Artifactory\Windows\adsk-plugin-signatures-maya\2023\3ae1ae7
[2023-11-15T19:09:57.354Z] Using Maya Security Library from P:\shared\Artifactory\Windows\maya-security-library\3.4.0\284407f
[2023-11-15T19:09:57.354Z] Pruning artifacts in P:\shared\Artifactory\Windows
[2023-11-15T19:09:57.354Z] The following artifact versions will be pruned:
[2023-11-15T19:09:57.354Z] 	rundev-master-debug\202310260154
[2023-11-15T19:09:57.354Z] Removing directory: P:\shared\Artifactory\Windows\rundev-master-debug\202310260154
[2023-11-15T19:10:13.379Z] [VERBOSE] Start loading URL (CURL): https://art-bobcat.autodesk.com:443/artifactory/api/storage/team-maya-generic/Maya/master/px64/2023-11-06-01-40_068e1a5022/202311060140-068e1a5022-RUNDEV.zip.multipart
[2023-11-15T19:10:13.379Z] [DEBUG] Running: C:\WINDOWS\system32\curl.exe -s -X GET --keepalive-time 10 --connect-timeout 60 --speed-limit 10000 --speed-time 120 --max-time 1800 --retry 5 --retry-max-time 2400 -H Connection:close -H Authorization:Basic ZWNnYmlmcm9zdDpvcGUqKjAw https://art-bobcat.autodesk.com:443/artifactory/api/storage/team-maya-generic/Maya/master/px64/2023-11-06-01-40_068e1a5022/202311060140-068e1a5022-RUNDEV.zip.multipart
[2023-11-15T19:10:13.379Z] [DEBUG] Output:
[2023-11-15T19:10:13.379Z] {
[2023-11-15T19:10:13.379Z]   "errors" : [ {
[2023-11-15T19:10:13.379Z]     "status" : 404,
[2023-11-15T19:10:13.379Z]     "message" : "Unable to find item"
[2023-11-15T19:10:13.379Z]   } ]
[2023-11-15T19:10:13.379Z] }
[2023-11-15T19:10:13.379Z] [VERBOSE] End loading URL (CURL): https://art-bobcat.autodesk.com:443/artifactory/api/storage/team-maya-generic/Maya/master/px64/2023-11-06-01-40_068e1a5022/202311060140-068e1a5022-RUNDEV.zip.multipart
[2023-11-15T19:10:13.379Z] Downloading https://art-bobcat.autodesk.com:443/artifactory/team-maya-generic/Maya/master/px64/2023-11-06-01-40_068e1a5022/202311060140-068e1a5022-RUNDEV.zip to P:\shared\Artifactory\Windows\tmp\tmpam_vzz
[2023-11-15T19:10:13.379Z] [VERBOSE] Start downloading file (CURL): https://art-bobcat.autodesk.com:443/artifactory/team-maya-generic/Maya/master/px64/2023-11-06-01-40_068e1a5022/202311060140-068e1a5022-RUNDEV.zip
[2023-11-15T19:10:13.379Z] [DEBUG] Running: C:\WINDOWS\system32\curl.exe -sI -X GET --keepalive-time 10 --connect-timeout 60 --speed-limit 10000 --speed-time 120 --max-time 1800 --retry 5 --retry-max-time 2400 -H Connection:close -H Authorization:Basic ZWNnYmlmcm9zdDpvcGUqKjAw https://art-bobcat.autodesk.com:443/artifactory/team-maya-generic/Maya/master/px64/2023-11-06-01-40_068e1a5022/202311060140-068e1a5022-RUNDEV.zip
[2023-11-15T19:10:13.379Z] [DEBUG] Header:
[2023-11-15T19:10:13.379Z] HTTP/1.1 200 
[2023-11-15T19:10:13.379Z] Date: Wed, 15 Nov 2023 19:10:13 GMT
[2023-11-15T19:10:13.379Z] Content-Type: application/zip
[2023-11-15T19:10:13.379Z] Content-Length: 2587351375
[2023-11-15T19:10:13.379Z] Connection: close
[2023-11-15T19:10:13.379Z] X-JFrog-Version: Artifactory/7.55.9 75509900
[2023-11-15T19:10:13.379Z] X-Artifactory-Id: 3ae3a5ee55e349ae80f0a4421f74725717e50dd3
[2023-11-15T19:10:13.379Z] X-Artifactory-Node-Id: ussclpdrsync010
[2023-11-15T19:10:13.379Z] Last-Modified: Mon, 06 Nov 2023 11:51:15 GMT
[2023-11-15T19:10:13.379Z] ETag: 1cbda2fc236e88e5c132daa7c59dc6ac3046350c
[2023-11-15T19:10:13.379Z] X-Checksum-Sha1: 1cbda2fc236e88e5c132daa7c59dc6ac3046350c
[2023-11-15T19:10:13.379Z] X-Checksum-Sha256: 554e1734b6ab61a8a047de80c11f3ce0606416e84895edd6f4c347f02f8ecec8
[2023-11-15T19:10:13.379Z] X-Checksum-Md5: ee839e72ff4822c38c086e8cc45884de
[2023-11-15T19:10:13.379Z] Accept-Ranges: bytes
[2023-11-15T19:10:13.379Z] X-Artifactory-Filename: 202311060140-068e1a5022-RUNDEV.zip
[2023-11-15T19:10:13.379Z] Content-Disposition: attachment; filename="202311060140-068e1a5022-RUNDEV.zip"; filename*=UTF-8''"202311060140-068e1a5022-RUNDEV.zip"
[2023-11-15T19:10:13.379Z] Access-Control-Allow-Methods: GET, PUT, POST, OPTIONS, HEAD
[2023-11-15T19:10:13.379Z] Access-Control-Allow-Headers: Authorization, Origin, X-Requested-With, Content-Type, Accept
[2023-11-15T19:10:13.379Z] Access-Control-Allow-Credentials: true
[2023-11-15T19:10:13.379Z] Set-Cookie: AlteonSC=1465459466.47873.0000; path=/; Httponly; Secure
[2023-11-15T19:10:13.379Z] [DEBUG] Running: C:\WINDOWS\system32\curl.exe --progress-bar -X GET --keepalive-time 10 --connect-timeout 60 --speed-limit 10000 --speed-time 120 --max-time 1800 --retry 5 --retry-max-time 2400 -H Connection:close -H Authorization:Basic ZWNnYmlmcm9zdDpvcGUqKjAw https://art-bobcat.autodesk.com:443/artifactory/team-maya-generic/Maya/master/px64/2023-11-06-01-40_068e1a5022/202311060140-068e1a5022-RUNDEV.zip -o P:\shared\Artifactory\Windows\tmp\tmpam_vzz\202311060140-068e1a5022-RUNDEV.zip
[2023-11-15T19:10:13.379Z]       0% complete.
[2023-11-15T19:10:13.379Z]       1% complete.
[2023-11-15T19:10:13.728Z]       2% complete.
[2023-11-15T19:10:14.086Z]       3% complete.
[2023-11-15T19:10:14.086Z]       4% complete.
[2023-11-15T19:10:14.434Z]       5% complete.
[2023-11-15T19:10:14.434Z]       6% complete.
[2023-11-15T19:10:14.773Z]       7% complete.
[2023-11-15T19:10:14.773Z]       8% complete.
[2023-11-15T19:10:15.510Z]       9% complete.
[2023-11-15T19:10:17.265Z]      10% complete.
[2023-11-15T19:10:18.468Z]      11% complete.
[2023-11-15T19:10:18.468Z]      12% complete.
[2023-11-15T19:10:18.807Z]      13% complete.
[2023-11-15T19:10:18.807Z]      14% complete.
[2023-11-15T19:10:19.145Z]      15% complete.
[2023-11-15T19:10:19.145Z]      16% complete.
[2023-11-15T19:10:19.484Z]      17% complete.
[2023-11-15T19:10:19.823Z]      18% complete.
[2023-11-15T19:10:19.823Z]      19% complete.
[2023-11-15T19:10:20.164Z]      20% complete.
[2023-11-15T19:10:20.164Z]      21% complete.
[2023-11-15T19:10:20.541Z]      22% complete.
[2023-11-15T19:10:20.880Z]      23% complete.
[2023-11-15T19:10:20.880Z]      24% complete.
[2023-11-15T19:10:21.219Z]      25% complete.
[2023-11-15T19:10:21.219Z]      26% complete.
[2023-11-15T19:10:21.557Z]      27% complete.
[2023-11-15T19:10:21.557Z]      28% complete.
[2023-11-15T19:10:21.896Z]      29% complete.
[2023-11-15T19:10:21.896Z]      30% complete.
[2023-11-15T19:10:22.234Z]      31% complete.
[2023-11-15T19:10:22.573Z]      32% complete.
[2023-11-15T19:10:22.573Z]      33% complete.
[2023-11-15T19:10:22.911Z]      34% complete.
[2023-11-15T19:10:22.911Z]      35% complete.
[2023-11-15T19:10:23.306Z]      36% complete.
[2023-11-15T19:10:23.306Z]      37% complete.
[2023-11-15T19:10:23.645Z]      38% complete.
[2023-11-15T19:10:23.645Z]      39% complete.
[2023-11-15T19:10:23.984Z]      40% complete.
[2023-11-15T19:10:24.323Z]      41% complete.
[2023-11-15T19:10:24.323Z]      42% complete.
[2023-11-15T19:10:24.662Z]      43% complete.
[2023-11-15T19:10:24.662Z]      44% complete.
[2023-11-15T19:10:25.058Z]      45% complete.
[2023-11-15T19:10:25.058Z]      46% complete.
[2023-11-15T19:10:25.523Z]      47% complete.
[2023-11-15T19:10:25.523Z]      48% complete.
[2023-11-15T19:10:25.956Z]      49% complete.
[2023-11-15T19:10:25.956Z]      50% complete.
[2023-11-15T19:10:26.295Z]      51% complete.
[2023-11-15T19:10:26.295Z]      52% complete.
[2023-11-15T19:10:26.633Z]      53% complete.
[2023-11-15T19:10:26.633Z]      54% complete.
[2023-11-15T19:10:26.972Z]      55% complete.
[2023-11-15T19:10:27.315Z]      56% complete.
[2023-11-15T19:10:27.315Z]      57% complete.
[2023-11-15T19:10:27.654Z]      58% complete.
[2023-11-15T19:10:27.654Z]      59% complete.
[2023-11-15T19:10:27.992Z]      60% complete.
[2023-11-15T19:10:27.992Z]      61% complete.
[2023-11-15T19:10:28.335Z]      62% complete.
[2023-11-15T19:10:28.335Z]      63% complete.
[2023-11-15T19:10:28.673Z]      64% complete.
[2023-11-15T19:10:28.673Z]      65% complete.
[2023-11-15T19:10:29.013Z]      66% complete.
[2023-11-15T19:10:29.013Z]      67% complete.
[2023-11-15T19:10:29.353Z]      68% complete.
[2023-11-15T19:10:29.692Z]      69% complete.
[2023-11-15T19:10:29.692Z]      70% complete.
[2023-11-15T19:10:30.031Z]      71% complete.
[2023-11-15T19:10:30.031Z]      72% complete.
[2023-11-15T19:10:30.370Z]      73% complete.
[2023-11-15T19:10:30.708Z]      74% complete.
[2023-11-15T19:10:30.708Z]      75% complete.
[2023-11-15T19:10:31.047Z]      76% complete.
[2023-11-15T19:10:31.047Z]      77% complete.
[2023-11-15T19:10:31.385Z]      78% complete.
[2023-11-15T19:10:31.385Z]      79% complete.
[2023-11-15T19:10:31.728Z]      80% complete.
[2023-11-15T19:10:31.728Z]      81% complete.
[2023-11-15T19:10:32.077Z]      82% complete.
[2023-11-15T19:10:32.077Z]      83% complete.
[2023-11-15T19:10:32.417Z]      84% complete.
[2023-11-15T19:10:32.417Z]      85% complete.
[2023-11-15T19:10:32.758Z]      86% complete.
[2023-11-15T19:10:33.099Z]      87% complete.
[2023-11-15T19:10:33.099Z]      88% complete.
[2023-11-15T19:10:33.437Z]      89% complete.
[2023-11-15T19:10:33.776Z]      90% complete.
[2023-11-15T19:10:33.776Z]      91% complete.
[2023-11-15T19:10:34.114Z]      92% complete.
[2023-11-15T19:10:34.114Z]      93% complete.
[2023-11-15T19:10:34.452Z]      94% complete.
[2023-11-15T19:10:34.452Z]      95% complete.
[2023-11-15T19:10:34.790Z]      96% complete.
[2023-11-15T19:10:34.790Z]      97% complete.
[2023-11-15T19:10:35.128Z]      98% complete.
[2023-11-15T19:10:35.128Z]      99% complete.
[2023-11-15T19:10:35.470Z]     100% complete.
[2023-11-15T19:10:35.470Z] [VERBOSE] End downloading file (CURL): https://art-bobcat.autodesk.com:443/artifactory/team-maya-generic/Maya/master/px64/2023-11-06-01-40_068e1a5022/202311060140-068e1a5022-RUNDEV.zip
[2023-11-15T19:10:35.470Z] Extracting 202311060140-068e1a5022-RUNDEV.zip to P:\shared\Artifactory\Windows\tmp\tmpwoic1c
[2023-11-15T19:10:35.814Z] 
[2023-11-15T19:10:35.814Z] 7-Zip 19.00 (x64) : Copyright (c) 1999-2018 Igor Pavlov : 2019-02-21
[2023-11-15T19:10:35.814Z] 
[2023-11-15T19:10:35.814Z] Scanning the drive for archives:
[2023-11-15T19:10:35.814Z] 1 file, 2587351375 bytes (2468 MiB)
[2023-11-15T19:10:35.814Z] 
[2023-11-15T19:10:35.814Z] Extracting archive: P:\shared\Artifactory\Windows\tmp\tmpam_vzz\202311060140-068e1a5022-RUNDEV.zip
[2023-11-15T19:12:29.568Z] --
[2023-11-15T19:12:29.568Z] Path = P:\shared\Artifactory\Windows\tmp\tmpam_vzz\202311060140-068e1a5022-RUNDEV.zip
[2023-11-15T19:12:29.568Z] Type = zip
[2023-11-15T19:12:29.568Z] Physical Size = 2587351375
[2023-11-15T19:12:29.568Z] 
[2023-11-15T19:12:29.568Z] Everything is Ok
[2023-11-15T19:12:29.568Z] 
[2023-11-15T19:12:29.568Z] Folders: 1869
[2023-11-15T19:12:29.568Z] Files: 26095
[2023-11-15T19:12:29.568Z] Size:       5223138688
[2023-11-15T19:12:29.568Z] Compressed: 2587351375
[2023-11-15T19:12:29.568Z] Installing on P:\shared\Artifactory\Windows\rundev-master\202311060140\runtime\1cbda2f
[2023-11-15T19:12:29.568Z] 
[2023-11-15T19:12:29.568Z] ================================================================================
[2023-11-15T19:12:29.568Z]                              setup (RelWithDebInfo)
[2023-11-15T19:12:29.568Z] ================================================================================
[2023-11-15T19:12:29.568Z] Installing license file 'melicense.lic'.
[Pipeline] bat
[2023-11-15T19:12:30.169Z] Deleting alias drive W:
[Pipeline] bat
[2023-11-15T19:12:30.776Z] Deleting alias drive P:
[Pipeline] }
[Pipeline] // withEnv
[Pipeline] }
[Pipeline] // timeout
[Pipeline] }
[Pipeline] // stage
[Pipeline] }
[Pipeline] // timestamps
[Pipeline] timestamps
[Pipeline] {
[Pipeline] stage
[Pipeline] { (Clean)
[Pipeline] timeout
[2023-11-15T19:12:30.970Z] Timeout set to expire in 6 hr 0 min
[Pipeline] {
[Pipeline] withEnv
[Pipeline] {
[Pipeline] bat
[2023-11-15T19:12:31.556Z] Creating alias drive P: to S:\jenkins\workspace
[Pipeline] bat
[2023-11-15T19:12:32.164Z] Creating alias drive W: to S:\Jenkins\workspace\ECP\ecg-maya-hydra\ecg-maya-hydra-branch-preflight-python3-windows
[Pipeline] bat
[2023-11-15T19:12:32.922Z] "C:\Program Files\Microsoft Visual Studio\2022\Professional\VC\Auxiliary\Build\vcvarsall.bat" x64
[2023-11-15T19:12:32.922Z] **********************************************************************
[2023-11-15T19:12:32.922Z] ** Visual Studio 2022 Developer Command Prompt v17.3.2
[2023-11-15T19:12:32.922Z] ** Copyright (c) 2022 Microsoft Corporation
[2023-11-15T19:12:32.922Z] **********************************************************************
[2023-11-15T19:12:34.615Z] [vcvarsall.bat] Environment initialized for: 'x64'
[2023-11-15T19:12:34.615Z] python ecg-maya-hydra/build.py --stages=clean --workspace-dir=W:\ --artifactory-dir=P:\shared\Artifactory --build-dir=W:\build --install-dir=W:\install --signing-dir=W:\signing --package-dir=W:\package --output-dir=W:\output --stash-dir=W:\stash --jenkins-build=397 --git-commit=c1f8802e0362298f58a427db7119f38a8842cd69 --git-branch=master --variants=Debug --interactive-tests=true --post-zips=false --osx-binary-architecture-target=ub2 --osx-deployment-target=11.0 --osx-base-sdk=CurrentActiveSDK --maya-cut-config=maya-rundev-master-debug.yaml --maya-package=rundev-master-debug --stage-banner
[2023-11-15T19:12:35.340Z] Getting rundev-master-debug download URL from Maya SHA-1 hash
[2023-11-15T19:12:35.340Z] Finding Artifactory servers response times
[2023-11-15T19:12:38.362Z] [VERBOSE] Start loading URL (CURL): https://art-bobcat.autodesk.com/artifactory/api/system/ping
[2023-11-15T19:12:38.362Z] [DEBUG] Running: C:\WINDOWS\system32\curl.exe -s -X GET --keepalive-time 10 --connect-timeout 60 --speed-limit 10000 --speed-time 120 --max-time 1800 --retry 5 --retry-max-time 2400 -H Connection:close https://art-bobcat.autodesk.com/artifactory/api/system/ping
[2023-11-15T19:12:38.362Z] [DEBUG] Output:
[2023-11-15T19:12:38.362Z] OK
[2023-11-15T19:12:38.362Z] [VERBOSE] End loading URL (CURL): https://art-bobcat.autodesk.com/artifactory/api/system/ping
[2023-11-15T19:12:38.362Z] [VERBOSE] Start loading URL (CURL): https://art-marmotte.autodesk.com/artifactory/api/system/ping
[2023-11-15T19:12:38.362Z] [DEBUG] Running: C:\WINDOWS\system32\curl.exe -s -X GET --keepalive-time 10 --connect-timeout 60 --speed-limit 10000 --speed-time 120 --max-time 1800 --retry 5 --retry-max-time 2400 -H Connection:close https://art-marmotte.autodesk.com/artifactory/api/system/ping
[2023-11-15T19:12:38.362Z] [DEBUG] Output:
[2023-11-15T19:12:38.362Z] OK
[2023-11-15T19:12:38.362Z] [VERBOSE] End loading URL (CURL): https://art-marmotte.autodesk.com/artifactory/api/system/ping
[2023-11-15T19:12:38.362Z] [VERBOSE] Start loading URL (CURL): https://art-bear.autodesk.com/artifactory/api/system/ping
[2023-11-15T19:12:38.362Z] [DEBUG] Running: C:\WINDOWS\system32\curl.exe -s -X GET --keepalive-time 10 --connect-timeout 60 --speed-limit 10000 --speed-time 120 --max-time 1800 --retry 5 --retry-max-time 2400 -H Connection:close https://art-bear.autodesk.com/artifactory/api/system/ping
[2023-11-15T19:12:38.362Z] [DEBUG] Output:
[2023-11-15T19:12:38.362Z] OK
[2023-11-15T19:12:38.362Z] [VERBOSE] End loading URL (CURL): https://art-bear.autodesk.com/artifactory/api/system/ping
[2023-11-15T19:12:38.362Z] [VERBOSE] Start loading URL (CURL): https://art-bobcat.autodesk.com/artifactory/api/search/checksum?repos=autodesk-3p-generic,adsk-build-tools-generic,team-ecg-generic,team-maya-generic,oss-stg-generic&sha1=2caf91a0c45ef4e8d4f4770742ce9381b3373424
[2023-11-15T19:12:38.362Z] [DEBUG] Running: C:\WINDOWS\system32\curl.exe -s -X GET --keepalive-time 10 --connect-timeout 60 --speed-limit 10000 --speed-time 120 --max-time 1800 --retry 5 --retry-max-time 2400 -H Connection:close -H Authorization:Basic ZWNnYmlmcm9zdDpvcGUqKjAw https://art-bobcat.autodesk.com/artifactory/api/search/checksum?repos=autodesk-3p-generic,adsk-build-tools-generic,team-ecg-generic,team-maya-generic,oss-stg-generic&sha1=2caf91a0c45ef4e8d4f4770742ce9381b3373424
[2023-11-15T19:12:38.362Z] [DEBUG] Output:
[2023-11-15T19:12:38.362Z] {
[2023-11-15T19:12:38.362Z]   "results" : [ {
[2023-11-15T19:12:38.362Z]     "uri" : "https://art-bobcat.autodesk.com:443/artifactory/api/storage/team-maya-generic/Maya/master-debug/px64/202310260154-3f8c4361a8-RUNDEV.zip"
[2023-11-15T19:12:38.362Z]   } ]
[2023-11-15T19:12:38.362Z] }
[2023-11-15T19:12:38.362Z] [VERBOSE] End loading URL (CURL): https://art-bobcat.autodesk.com/artifactory/api/search/checksum?repos=autodesk-3p-generic,adsk-build-tools-generic,team-ecg-generic,team-maya-generic,oss-stg-generic&sha1=2caf91a0c45ef4e8d4f4770742ce9381b3373424
[2023-11-15T19:12:38.362Z] [VERBOSE] Start loading URL (CURL): https://art-bobcat.autodesk.com:443/artifactory/api/storage/team-maya-generic/Maya/master-debug/px64/202310260154-3f8c4361a8-RUNDEV.zip
[2023-11-15T19:12:38.362Z] [DEBUG] Running: C:\WINDOWS\system32\curl.exe -s -X GET --keepalive-time 10 --connect-timeout 60 --speed-limit 10000 --speed-time 120 --max-time 1800 --retry 5 --retry-max-time 2400 -H Connection:close -H Authorization:Basic ZWNnYmlmcm9zdDpvcGUqKjAw https://art-bobcat.autodesk.com:443/artifactory/api/storage/team-maya-generic/Maya/master-debug/px64/202310260154-3f8c4361a8-RUNDEV.zip
[2023-11-15T19:12:38.362Z] [DEBUG] Output:
[2023-11-15T19:12:38.362Z] {
[2023-11-15T19:12:38.362Z]   "repo" : "team-maya-generic",
[2023-11-15T19:12:38.362Z]   "path" : "/Maya/master-debug/px64/202310260154-3f8c4361a8-RUNDEV.zip",
[2023-11-15T19:12:38.362Z]   "created" : "2023-11-13T07:41:06.897-08:00",
[2023-11-15T19:12:38.362Z]   "createdBy" : "donnels",
[2023-11-15T19:12:38.362Z]   "lastModified" : "2023-11-13T07:35:24.478-08:00",
[2023-11-15T19:12:38.362Z]   "modifiedBy" : "donnels",
[2023-11-15T19:12:38.362Z]   "lastUpdated" : "2023-11-13T07:41:06.898-08:00",
[2023-11-15T19:12:38.362Z]   "downloadUri" : "https://art-bobcat.autodesk.com:443/artifactory/team-maya-generic/Maya/master-debug/px64/202310260154-3f8c4361a8-RUNDEV.zip",
[2023-11-15T19:12:38.362Z]   "mimeType" : "application/zip",
[2023-11-15T19:12:38.362Z]   "size" : "2916247705",
[2023-11-15T19:12:38.362Z]   "checksums" : {
[2023-11-15T19:12:38.362Z]     "sha1" : "2caf91a0c45ef4e8d4f4770742ce9381b3373424",
[2023-11-15T19:12:38.362Z]     "md5" : "55dd3cfd53b86c66b12a048223f8a57f",
[2023-11-15T19:12:38.362Z]     "sha256" : "4a16d09b5474c9e3635960ba151c77d9665c09e32400a4966c61066b1a4ae0e8"
[2023-11-15T19:12:38.362Z]   },
[2023-11-15T19:12:38.362Z]   "originalChecksums" : {
[2023-11-15T19:12:38.362Z]     "sha1" : "2caf91a0c45ef4e8d4f4770742ce9381b3373424",
[2023-11-15T19:12:38.362Z]     "md5" : "55dd3cfd53b86c66b12a048223f8a57f",
[2023-11-15T19:12:38.362Z]     "sha256" : "4a16d09b5474c9e3635960ba151c77d9665c09e32400a4966c61066b1a4ae0e8"
[2023-11-15T19:12:38.362Z]   },
[2023-11-15T19:12:38.362Z]   "uri" : "https://art-bobcat.autodesk.com:443/artifactory/api/storage/team-maya-generic/Maya/master-debug/px64/202310260154-3f8c4361a8-RUNDEV.zip"
[2023-11-15T19:12:38.362Z] }
[2023-11-15T19:12:38.362Z] [VERBOSE] End loading URL (CURL): https://art-bobcat.autodesk.com:443/artifactory/api/storage/team-maya-generic/Maya/master-debug/px64/202310260154-3f8c4361a8-RUNDEV.zip
[2023-11-15T19:12:38.362Z] Using Maya cut from P:\shared\Artifactory\Windows\rundev-master-debug\202310260154\runtime\2caf91a
[2023-11-15T19:12:38.362Z] Using Maya ADSK Signatures from P:\shared\Artifactory\Windows\adsk-plugin-signatures-maya\2023\3ae1ae7
[2023-11-15T19:12:38.362Z] Using Maya Security Library from P:\shared\Artifactory\Windows\maya-security-library\3.4.0\284407f
[2023-11-15T19:12:38.362Z] [VERBOSE] Start loading URL (CURL): https://art-bobcat.autodesk.com:443/artifactory/api/storage/team-maya-generic/Maya/master-debug/px64/202310260154-3f8c4361a8-RUNDEV.zip.multipart
[2023-11-15T19:12:38.362Z] [DEBUG] Running: C:\WINDOWS\system32\curl.exe -s -X GET --keepalive-time 10 --connect-timeout 60 --speed-limit 10000 --speed-time 120 --max-time 1800 --retry 5 --retry-max-time 2400 -H Connection:close -H Authorization:Basic ZWNnYmlmcm9zdDpvcGUqKjAw https://art-bobcat.autodesk.com:443/artifactory/api/storage/team-maya-generic/Maya/master-debug/px64/202310260154-3f8c4361a8-RUNDEV.zip.multipart
[2023-11-15T19:12:38.362Z] [DEBUG] Output:
[2023-11-15T19:12:38.362Z] {
[2023-11-15T19:12:38.362Z]   "errors" : [ {
[2023-11-15T19:12:38.362Z]     "status" : 404,
[2023-11-15T19:12:38.362Z]     "message" : "Unable to find item"
[2023-11-15T19:12:38.362Z]   } ]
[2023-11-15T19:12:38.362Z] }
[2023-11-15T19:12:38.362Z] [VERBOSE] End loading URL (CURL): https://art-bobcat.autodesk.com:443/artifactory/api/storage/team-maya-generic/Maya/master-debug/px64/202310260154-3f8c4361a8-RUNDEV.zip.multipart
[2023-11-15T19:12:38.362Z] Downloading https://art-bobcat.autodesk.com:443/artifactory/team-maya-generic/Maya/master-debug/px64/202310260154-3f8c4361a8-RUNDEV.zip to P:\shared\Artifactory\Windows\tmp\tmph8lauw
[2023-11-15T19:12:38.362Z] [VERBOSE] Start downloading file (CURL): https://art-bobcat.autodesk.com:443/artifactory/team-maya-generic/Maya/master-debug/px64/202310260154-3f8c4361a8-RUNDEV.zip
[2023-11-15T19:12:38.362Z] [DEBUG] Running: C:\WINDOWS\system32\curl.exe -sI -X GET --keepalive-time 10 --connect-timeout 60 --speed-limit 10000 --speed-time 120 --max-time 1800 --retry 5 --retry-max-time 2400 -H Connection:close -H Authorization:Basic ZWNnYmlmcm9zdDpvcGUqKjAw https://art-bobcat.autodesk.com:443/artifactory/team-maya-generic/Maya/master-debug/px64/202310260154-3f8c4361a8-RUNDEV.zip
[2023-11-15T19:12:38.362Z] [DEBUG] Header:
[2023-11-15T19:12:38.362Z] HTTP/1.1 200 
[2023-11-15T19:12:38.362Z] Date: Wed, 15 Nov 2023 19:12:38 GMT
[2023-11-15T19:12:38.362Z] Content-Type: application/zip
[2023-11-15T19:12:38.362Z] Content-Length: 2916247705
[2023-11-15T19:12:38.362Z] Connection: close
[2023-11-15T19:12:38.362Z] X-JFrog-Version: Artifactory/7.55.9 75509900
[2023-11-15T19:12:38.362Z] X-Artifactory-Id: 9d5e945a60dfa38036f2e3a877b79869ad7b80b8
[2023-11-15T19:12:38.362Z] X-Artifactory-Node-Id: ussclpdrsync009
[2023-11-15T19:12:38.362Z] Last-Modified: Mon, 13 Nov 2023 15:35:24 GMT
[2023-11-15T19:12:38.362Z] ETag: 2caf91a0c45ef4e8d4f4770742ce9381b3373424
[2023-11-15T19:12:38.362Z] X-Checksum-Sha1: 2caf91a0c45ef4e8d4f4770742ce9381b3373424
[2023-11-15T19:12:38.362Z] X-Checksum-Sha256: 4a16d09b5474c9e3635960ba151c77d9665c09e32400a4966c61066b1a4ae0e8
[2023-11-15T19:12:38.362Z] X-Checksum-Md5: 55dd3cfd53b86c66b12a048223f8a57f
[2023-11-15T19:12:38.362Z] Accept-Ranges: bytes
[2023-11-15T19:12:38.362Z] X-Artifactory-Filename: 202310260154-3f8c4361a8-RUNDEV.zip
[2023-11-15T19:12:38.362Z] Content-Disposition: attachment; filename="202310260154-3f8c4361a8-RUNDEV.zip"; filename*=UTF-8''"202310260154-3f8c4361a8-RUNDEV.zip"
[2023-11-15T19:12:38.362Z] Access-Control-Allow-Methods: GET, PUT, POST, OPTIONS, HEAD
[2023-11-15T19:12:38.362Z] Access-Control-Allow-Headers: Authorization, Origin, X-Requested-With, Content-Type, Accept
[2023-11-15T19:12:38.362Z] Access-Control-Allow-Credentials: true
[2023-11-15T19:12:38.362Z] Set-Cookie: AlteonSC=2237145866.47873.0000; path=/; Httponly; Secure
[2023-11-15T19:12:38.362Z] [DEBUG] Running: C:\WINDOWS\system32\curl.exe --progress-bar -X GET --keepalive-time 10 --connect-timeout 60 --speed-limit 10000 --speed-time 120 --max-time 1800 --retry 5 --retry-max-time 2400 -H Connection:close -H Authorization:Basic ZWNnYmlmcm9zdDpvcGUqKjAw https://art-bobcat.autodesk.com:443/artifactory/team-maya-generic/Maya/master-debug/px64/202310260154-3f8c4361a8-RUNDEV.zip -o P:\shared\Artifactory\Windows\tmp\tmph8lauw\202310260154-3f8c4361a8-RUNDEV.zip
[2023-11-15T19:12:38.362Z]       0% complete.
[2023-11-15T19:12:38.700Z]       1% complete.
[2023-11-15T19:12:39.038Z]       2% complete.
[2023-11-15T19:12:39.376Z]       3% complete.
[2023-11-15T19:12:39.376Z]       4% complete.
[2023-11-15T19:12:39.715Z]       5% complete.
[2023-11-15T19:12:39.715Z]       6% complete.
[2023-11-15T19:12:40.889Z]       7% complete.
[2023-11-15T19:12:41.227Z]       8% complete.
[2023-11-15T19:12:41.227Z]       9% complete.
[2023-11-15T19:12:41.565Z]      10% complete.
[2023-11-15T19:12:41.904Z]      11% complete.
[2023-11-15T19:12:41.904Z]      12% complete.
[2023-11-15T19:12:42.243Z]      13% complete.
[2023-11-15T19:12:42.581Z]      14% complete.
[2023-11-15T19:12:42.581Z]      15% complete.
[2023-11-15T19:12:42.919Z]      16% complete.
[2023-11-15T19:12:43.260Z]      17% complete.
[2023-11-15T19:12:43.260Z]      18% complete.
[2023-11-15T19:12:43.599Z]      19% complete.
[2023-11-15T19:12:43.599Z]      20% complete.
[2023-11-15T19:12:43.937Z]      21% complete.
[2023-11-15T19:12:44.276Z]      22% complete.
[2023-11-15T19:12:44.276Z]      23% complete.
[2023-11-15T19:12:44.614Z]      24% complete.
[2023-11-15T19:12:44.952Z]      25% complete.
[2023-11-15T19:12:44.952Z]      26% complete.
[2023-11-15T19:12:45.291Z]      27% complete.
[2023-11-15T19:12:45.291Z]      28% complete.
[2023-11-15T19:12:45.629Z]      29% complete.
[2023-11-15T19:12:45.967Z]      30% complete.
[2023-11-15T19:12:45.967Z]      31% complete.
[2023-11-15T19:12:46.305Z]      32% complete.
[2023-11-15T19:12:46.305Z]      33% complete.
[2023-11-15T19:12:46.644Z]      34% complete.
[2023-11-15T19:12:46.982Z]      35% complete.
[2023-11-15T19:12:46.982Z]      36% complete.
[2023-11-15T19:12:47.320Z]      37% complete.
[2023-11-15T19:12:47.320Z]      38% complete.
[2023-11-15T19:12:47.659Z]      39% complete.
[2023-11-15T19:12:48.834Z]      40% complete.
[2023-11-15T19:12:49.172Z]      41% complete.
[2023-11-15T19:12:49.172Z]      42% complete.
[2023-11-15T19:12:49.510Z]      43% complete.
[2023-11-15T19:12:49.849Z]      44% complete.
[2023-11-15T19:12:49.849Z]      45% complete.
[2023-11-15T19:12:50.189Z]      46% complete.
[2023-11-15T19:12:50.529Z]      47% complete.
[2023-11-15T19:12:50.529Z]      48% complete.
[2023-11-15T19:12:50.867Z]      49% complete.
[2023-11-15T19:12:51.207Z]      50% complete.
[2023-11-15T19:12:51.207Z]      51% complete.
[2023-11-15T19:12:51.546Z]      52% complete.
[2023-11-15T19:12:51.546Z]      53% complete.
[2023-11-15T19:12:51.885Z]      54% complete.
[2023-11-15T19:12:51.885Z]      55% complete.
[2023-11-15T19:12:52.224Z]      56% complete.
[2023-11-15T19:12:52.563Z]      57% complete.
[2023-11-15T19:12:52.901Z]      58% complete.
[2023-11-15T19:12:52.901Z]      59% complete.
[2023-11-15T19:12:53.239Z]      60% complete.
[2023-11-15T19:12:53.577Z]      61% complete.
[2023-11-15T19:12:53.577Z]      62% complete.
[2023-11-15T19:12:53.916Z]      63% complete.
[2023-11-15T19:12:54.255Z]      64% complete.
[2023-11-15T19:12:54.255Z]      65% complete.
[2023-11-15T19:12:54.594Z]      66% complete.
[2023-11-15T19:12:54.933Z]      67% complete.
[2023-11-15T19:12:54.933Z]      68% complete.
[2023-11-15T19:12:55.271Z]      69% complete.
[2023-11-15T19:12:55.271Z]      70% complete.
[2023-11-15T19:12:55.611Z]      71% complete.
[2023-11-15T19:12:55.952Z]      72% complete.
[2023-11-15T19:12:55.952Z]      73% complete.
[2023-11-15T19:12:56.290Z]      74% complete.
[2023-11-15T19:12:56.628Z]      75% complete.
[2023-11-15T19:12:56.628Z]      76% complete.
[2023-11-15T19:12:56.966Z]      77% complete.
[2023-11-15T19:12:57.305Z]      78% complete.
[2023-11-15T19:12:57.305Z]      79% complete.
[2023-11-15T19:12:57.643Z]      80% complete.
[2023-11-15T19:12:57.982Z]      81% complete.
[2023-11-15T19:12:57.982Z]      82% complete.
[2023-11-15T19:12:58.320Z]      83% complete.
[2023-11-15T19:12:58.320Z]      84% complete.
[2023-11-15T19:12:58.659Z]      85% complete.
[2023-11-15T19:12:58.997Z]      86% complete.
[2023-11-15T19:12:59.335Z]      87% complete.
[2023-11-15T19:12:59.335Z]      88% complete.
[2023-11-15T19:12:59.674Z]      89% complete.
[2023-11-15T19:12:59.674Z]      90% complete.
[2023-11-15T19:13:00.012Z]      91% complete.
[2023-11-15T19:13:00.351Z]      92% complete.
[2023-11-15T19:13:00.351Z]      93% complete.
[2023-11-15T19:13:00.689Z]      94% complete.
[2023-11-15T19:13:01.028Z]      95% complete.
[2023-11-15T19:13:01.367Z]      96% complete.
[2023-11-15T19:13:01.367Z]      97% complete.
[2023-11-15T19:13:01.729Z]      98% complete.
[2023-11-15T19:13:01.729Z]      99% complete.
[2023-11-15T19:13:02.075Z]     100% complete.
[2023-11-15T19:13:02.075Z] [VERBOSE] End downloading file (CURL): https://art-bobcat.autodesk.com:443/artifactory/team-maya-generic/Maya/master-debug/px64/202310260154-3f8c4361a8-RUNDEV.zip
[2023-11-15T19:13:02.075Z] Extracting 202310260154-3f8c4361a8-RUNDEV.zip to P:\shared\Artifactory\Windows\tmp\tmpooq4lu
[2023-11-15T19:13:02.075Z] 
[2023-11-15T19:13:02.075Z] 7-Zip 19.00 (x64) : Copyright (c) 1999-2018 Igor Pavlov : 2019-02-21
[2023-11-15T19:13:02.075Z] 
[2023-11-15T19:13:02.075Z] Scanning the drive for archives:
[2023-11-15T19:13:02.075Z] 1 file, 2916247705 bytes (2782 MiB)
[2023-11-15T19:13:02.075Z] 
[2023-11-15T19:13:02.075Z] Extracting archive: P:\shared\Artifactory\Windows\tmp\tmph8lauw\202310260154-3f8c4361a8-RUNDEV.zip
[2023-11-15T19:15:10.618Z] --
[2023-11-15T19:15:10.618Z] Path = P:\shared\Artifactory\Windows\tmp\tmph8lauw\202310260154-3f8c4361a8-RUNDEV.zip
[2023-11-15T19:15:10.618Z] Type = zip
[2023-11-15T19:15:10.618Z] Physical Size = 2916247705
[2023-11-15T19:15:10.618Z] 
[2023-11-15T19:15:10.618Z] Everything is Ok
[2023-11-15T19:15:10.618Z] 
[2023-11-15T19:15:10.618Z] Folders: 1868
[2023-11-15T19:15:10.618Z] Files: 26442
[2023-11-15T19:15:10.618Z] Size:       7281762924
[2023-11-15T19:15:10.618Z] Compressed: 2916247705
[2023-11-15T19:15:10.618Z] Installing on P:\shared\Artifactory\Windows\rundev-master-debug\202310260154\runtime\2caf91a
[2023-11-15T19:15:10.618Z] 
[2023-11-15T19:15:10.618Z] ================================================================================
[2023-11-15T19:15:10.618Z]                                  clean (Debug)
[2023-11-15T19:15:10.618Z] ================================================================================
[2023-11-15T19:15:10.618Z] Maya Python Debug Info:
[2023-11-15T19:15:10.618Z]   mayapy executable   = P:\shared\Artifactory\Windows\rundev-master-debug\202310260154\runtime\2caf91a\runTime\bin\mayapy.exe
[2023-11-15T19:15:10.618Z]   Include Folder      = P:\shared\Artifactory\Windows\rundev-master-debug\202310260154\runtime\2caf91a\runTime\include\Python310\Python
[2023-11-15T19:15:10.618Z]   Library             = P:\shared\Artifactory\Windows\rundev-master-debug\202310260154\runtime\2caf91a\runTime\lib\python310_d.lib
[2023-11-15T19:15:10.618Z]   site-package Folder = P:\shared\Artifactory\Windows\rundev-master-debug\202310260154\runtime\2caf91a\runTime\Python\Lib\site-packages
[2023-11-15T19:15:21.500Z] Adding Python package requirements: ['P:\\shared\\Artifactory\\Windows\\rundev-master-debug\\202310260154\\runtime\\2caf91a\\runTime\\bin\\mayapy.exe', '-m', 'pip', 'install', '-t', 'P:\\shared\\Artifactory\\Windows\\rundev-master-debug\\202310260154\\runtime\\2caf91a\\runTime\\Python\\Lib\\site-packages', '-r', 'python_requirements.txt']
[2023-11-15T19:15:44.635Z] 
[2023-11-15T19:15:44.635Z]             WARNING: The 'psutil' python package isn't installed. Thus, Peptide
[2023-11-15T19:15:44.635Z]             won't be able to determine the amount of RAM available. It will assume
[2023-11-15T19:15:44.635Z]             that your machine has only 16GB available, and will limit the number
[2023-11-15T19:15:44.635Z]             the number of link jobs being performed in parallel. This can
[2023-11-15T19:15:44.635Z]             negatively affect your build times.
[2023-11-15T19:15:44.635Z] 
[2023-11-15T19:15:44.635Z]             Please 'pip(3) install psutil' to resolve this.
[2023-11-15T19:15:44.635Z]             
[2023-11-15T19:15:44.635Z] In workdir: S:\Jenkins\workspace\ECP\ecg-maya-hydra\ecg-maya-hydra-branch-preflight-python3-windows\ecg-maya-hydra\maya-hydra
[2023-11-15T19:15:44.635Z] Executing: 'P:\\shared\\Artifactory\\Windows\\rundev-master-debug\\202310260154\\runtime\\2caf91a\\runTime\\bin\\mayapy.exe' 'S:\\Jenkins\\workspace\\ECP\\ecg-maya-hydra\\ecg-maya-hydra-branch-preflight-python3-windows\\ecg-maya-hydra\\maya-hydra\\build.py' --generator Ninja --build-debug --maya-location 'P:\\shared\\Artifactory\\Windows\\rundev-master-debug\\202310260154\\runtime\\2caf91a\\runTime' --devkit-location 'P:\\shared\\Artifactory\\Windows\\rundev-master-debug\\202310260154\\runtime\\2caf91a\\devkitBase' --pxrusd-location 'P:\\shared\\Artifactory\\Windows\\USD\\972e371' '--build-args=-DCMAKE_MAKE_PROGRAM=P:/shared/Artifactory/Windows/ninja/1.10.2/ccacdf8/ninja.exe,-DPYTHON_INCLUDE_DIR=P:/shared/Artifactory/Windows/rundev-master-debug/202310260154/runtime/2caf91a/runTime/include/Python310/Python,-DPython_EXECUTABLE=P:/shared/Artifactory/Windows/rundev-master-debug/202310260154/runtime/2caf91a/runTime/bin/mayapy.exe,-DPYTHON_LIBRARIES=P:/shared/Artifactory/Windows/rundev-master-debug/202310260154/runtime/2caf91a/runTime/lib/python310_d.lib,-DBUILD_WITH_PYTHON_3=ON,-DBUILD_WITH_PYTHON_3_VERSION=3.10,-DCMAKE_WANT_MATERIALX_BUILD=ON,-DCMAKE_PREFIX_PATH=P:\\shared\\Artifactory\\Windows\\USD\\972e371,-DMAYAHYDRA_BUILD_NUMBER=397,-DMAYAHYDRA_GIT_COMMIT=c1f8802e0362298f58a427db7119f38a8842cd69,-DMAYAHYDRA_GIT_BRANCH=master' --debug-python '--ctest-args=--parallel 16' --stages=clean --redirect-outstream-file=False --install-location 'W:\\install\\Debug\\MayaHydra' 'W:\\'
[2023-11-15T19:15:44.635Z] Modified environment variables:
[2023-11-15T19:15:44.636Z]     PATH=P:\shared\Artifactory\Windows\cmake\3.20.3\afe857a\bin;C:\Python27\lib\site-packages\pywin32_system32;C:\Program Files\Microsoft Visual Studio\2022\Professional\VC\Tools\MSVC\14.33.31629\bin\HostX64\x64;C:\Program Files\Microsoft Visual Studio\2022\Professional\Common7\IDE\VC\VCPackages;C:\Program Files\Microsoft Visual Studio\2022\Professional\Common7\IDE\CommonExtensions\Microsoft\TestWindow;C:\Program Files\Microsoft Visual Studio\2022\Professional\Common7\IDE\CommonExtensions\Microsoft\TeamFoundation\Team Explorer;C:\Program Files\Microsoft Visual Studio\2022\Professional\MSBuild\Current\bin\Roslyn;C:\Program Files\Microsoft Visual Studio\2022\Professional\Team Tools\Performance Tools\x64;C:\Program Files\Microsoft Visual Studio\2022\Professional\Team Tools\Performance Tools;C:\Program Files (x86)\Microsoft Visual Studio\Shared\Common\VSPerfCollectionTools\vs2019\\x64;C:\Program Files (x86)\Microsoft Visual Studio\Shared\Common\VSPerfCollectionTools\vs2019\;C:\Program Files (x86)\Microsoft SDKs\Windows\v10.0A\bin\NETFX 4.8 Tools\x64\;C:\Program Files (x86)\HTML Help Workshop;C:\Program Files\Microsoft Visual Studio\2022\Professional\Common7\IDE\CommonExtensions\Microsoft\FSharp\Tools;C:\Program Files (x86)\Windows Kits\10\bin\10.0.19041.0\\x64;C:\Program Files (x86)\Windows Kits\10\bin\\x64;C:\Program Files\Microsoft Visual Studio\2022\Professional\\MSBuild\Current\Bin\amd64;C:\WINDOWS\Microsoft.NET\Framework64\v4.0.30319;C:\Program Files\Microsoft Visual Studio\2022\Professional\Common7\IDE\;C:\Program Files\Microsoft Visual Studio\2022\Professional\Common7\Tools\;C:\Python27\;C:\Python27\Scripts;C:\WINDOWS\system32;C:\WINDOWS;C:\WINDOWS\System32\Wbem;C:\WINDOWS\System32\WindowsPowerShell\v1.0\;C:\WINDOWS\System32\OpenSSH\;C:\ProgramData\chocolatey\bin;C:\Program Files (x86)\WiX Toolset v3.7\bin;C:\Program Files\dotnet\;C:\Program Files\Zulu\zulu-11\bin\;C:\Program Files (x86)\Windows Kits\10\bin\10.0.19041.0\x64;C:\Program Files (x86)\Windows Kits\10\bin\10.0.18362.0\x64;C:\Program Files (x86)\Windows Kits\10\bin\10.0.17763.0\x64;C:\Program Files (x86)\Windows Kits\10\bin\x64;C:\Strawberry\c\bin;C:\Strawberry\perl\site\bin;C:\Strawberry\perl\bin;C:\Program Files\Git\cmd;C:\Program Files\Git\usr\bin;C:\Program Files\Git\mingw64\bin;C:\Program Files\Git\bin;C:\Python38\;C:\Python38\Scripts;C:\StoreBoxClientWindows;C:\Program Files\Electric Cloud\ElectricCommander\bin;C:\Program Files\WinRAR;C:\Program Files\7-Zip;C:\Users\Administrator\AppData\Local\Microsoft\WindowsApps;C:\Users\Administrator\.dotnet\tools;C:\Program Files\Microsoft Visual Studio\2022\Professional\Common7\IDE\CommonExtensions\Microsoft\CMake\CMake\bin;C:\Program Files\Microsoft Visual Studio\2022\Professional\Common7\IDE\CommonExtensions\Microsoft\CMake\Ninja;C:\Program Files\Microsoft Visual Studio\2022\Professional\Common7\IDE\VC\Linux\bin\ConnectionManagerExe
[2023-11-15T19:15:45.353Z]     
[2023-11-15T19:15:45.353Z]         Building with settings:
[2023-11-15T19:15:45.353Z]           Source directory          S:\Jenkins\workspace\ECP\ecg-maya-hydra\ecg-maya-hydra-branch-preflight-python3-windows\ecg-maya-hydra\maya-hydra
[2023-11-15T19:15:45.353Z]           Workspace directory       W:\
[2023-11-15T19:15:45.353Z]           Build directory           W:\build\Debug
[2023-11-15T19:15:45.353Z]           Install directory         W:\install\Debug\MayaHydra
[2023-11-15T19:15:45.353Z]           Variant                   Debug
[2023-11-15T19:15:45.353Z]           Python Debug              On
[2023-11-15T19:15:45.353Z]           CMake generator           Ninja
[2023-11-15T19:15:45.353Z]           Build arguments           ['-DCMAKE_MAKE_PROGRAM=P:/shared/Artifactory/Windows/ninja/1.10.2/ccacdf8/ninja.exe', '-DPYTHON_INCLUDE_DIR=P:/shared/Artifactory/Windows/rundev-master-debug/202310260154/runtime/2caf91a/runTime/include/Python310/Python', '-DPython_EXECUTABLE=P:/shared/Artifactory/Windows/rundev-master-debug/202310260154/runtime/2caf91a/runTime/bin/mayapy.exe', '-DPYTHON_LIBRARIES=P:/shared/Artifactory/Windows/rundev-master-debug/202310260154/runtime/2caf91a/runTime/lib/python310_d.lib', '-DBUILD_WITH_PYTHON_3=ON', '-DBUILD_WITH_PYTHON_3_VERSION=3.10', '-DCMAKE_WANT_MATERIALX_BUILD=ON', '-DCMAKE_PREFIX_PATH=P:\\shared\\Artifactory\\Windows\\USD\\972e371', '-DMAYAHYDRA_BUILD_NUMBER=397', '-DMAYAHYDRA_GIT_COMMIT=c1f8802e0362298f58a427db7119f38a8842cd69', '-DMAYAHYDRA_GIT_BRANCH=master']
[2023-11-15T19:15:45.353Z]           Stages arguments          ['clean']
[2023-11-15T19:15:45.353Z]           CTest arguments           ['--parallel 16']
[2023-11-15T19:15:45.353Z]     Success MayaHydra build and install !!!!
[2023-11-15T19:15:45.353Z]     Elapsed time: 00:00:00
[Pipeline] bat
[2023-11-15T19:15:45.943Z] Deleting alias drive W:
[Pipeline] bat
[2023-11-15T19:15:46.534Z] Deleting alias drive P:
[Pipeline] bat
[2023-11-15T19:15:47.139Z] Creating alias drive P: to S:\jenkins\workspace
[Pipeline] bat
[2023-11-15T19:15:47.731Z] Creating alias drive W: to S:\Jenkins\workspace\ECP\ecg-maya-hydra\ecg-maya-hydra-branch-preflight-python3-windows
[Pipeline] bat
[2023-11-15T19:15:48.455Z] "C:\Program Files\Microsoft Visual Studio\2022\Professional\VC\Auxiliary\Build\vcvarsall.bat" x64
[2023-11-15T19:15:48.789Z] **********************************************************************
[2023-11-15T19:15:48.789Z] ** Visual Studio 2022 Developer Command Prompt v17.3.2
[2023-11-15T19:15:48.789Z] ** Copyright (c) 2022 Microsoft Corporation
[2023-11-15T19:15:48.789Z] **********************************************************************
[2023-11-15T19:15:49.951Z] [vcvarsall.bat] Environment initialized for: 'x64'
[2023-11-15T19:15:49.951Z] python ecg-maya-hydra/build.py --stages=clean --workspace-dir=W:\ --artifactory-dir=P:\shared\Artifactory --build-dir=W:\build --install-dir=W:\install --signing-dir=W:\signing --package-dir=W:\package --output-dir=W:\output --stash-dir=W:\stash --jenkins-build=397 --git-commit=c1f8802e0362298f58a427db7119f38a8842cd69 --git-branch=master --variants=RelWithDebInfo --interactive-tests=true --post-zips=false --osx-binary-architecture-target=ub2 --osx-deployment-target=11.0 --osx-base-sdk=CurrentActiveSDK --maya-cut-config=maya-rundev-master.yaml --maya-package=rundev-master --stage-banner
[2023-11-15T19:15:51.113Z] Using Maya cut from P:\shared\Artifactory\Windows\rundev-master\202311060140\runtime\1cbda2f
[2023-11-15T19:15:51.113Z] Using Maya ADSK Signatures from P:\shared\Artifactory\Windows\adsk-plugin-signatures-maya\2023\3ae1ae7
[2023-11-15T19:15:51.113Z] Using Maya Security Library from P:\shared\Artifactory\Windows\maya-security-library\3.4.0\284407f
[2023-11-15T19:15:51.113Z] 
[2023-11-15T19:15:51.113Z] ================================================================================
[2023-11-15T19:15:51.113Z]                              clean (RelWithDebInfo)
[2023-11-15T19:15:51.113Z] ================================================================================
[2023-11-15T19:15:51.113Z] Maya Python RelWithDebInfo Info:
[2023-11-15T19:15:51.113Z]   mayapy executable   = P:\shared\Artifactory\Windows\rundev-master\202311060140\runtime\1cbda2f\runTime\bin\mayapy.exe
[2023-11-15T19:15:51.113Z]   Include Folder      = P:\shared\Artifactory\Windows\rundev-master\202311060140\runtime\1cbda2f\runTime\include\Python310\Python
[2023-11-15T19:15:51.113Z]   Library             = P:\shared\Artifactory\Windows\rundev-master\202311060140\runtime\1cbda2f\runTime\lib\python310.lib
[2023-11-15T19:15:51.113Z]   site-package Folder = P:\shared\Artifactory\Windows\rundev-master\202311060140\runtime\1cbda2f\runTime\Python\Lib\site-packages
[2023-11-15T19:15:54.928Z] Adding Python package requirements: ['P:\\shared\\Artifactory\\Windows\\rundev-master\\202311060140\\runtime\\1cbda2f\\runTime\\bin\\mayapy.exe', '-m', 'pip', 'install', '-t', 'P:\\shared\\Artifactory\\Windows\\rundev-master\\202311060140\\runtime\\1cbda2f\\runTime\\Python\\Lib\\site-packages', '-r', 'python_requirements.txt']
[2023-11-15T19:16:08.130Z] In workdir: S:\Jenkins\workspace\ECP\ecg-maya-hydra\ecg-maya-hydra-branch-preflight-python3-windows\ecg-maya-hydra\maya-hydra
[2023-11-15T19:16:08.130Z] Executing: 'P:\\shared\\Artifactory\\Windows\\rundev-master\\202311060140\\runtime\\1cbda2f\\runTime\\bin\\mayapy.exe' 'S:\\Jenkins\\workspace\\ECP\\ecg-maya-hydra\\ecg-maya-hydra-branch-preflight-python3-windows\\ecg-maya-hydra\\maya-hydra\\build.py' --generator Ninja --build-relwithdebug --maya-location 'P:\\shared\\Artifactory\\Windows\\rundev-master\\202311060140\\runtime\\1cbda2f\\runTime' --devkit-location 'P:\\shared\\Artifactory\\Windows\\rundev-master\\202311060140\\runtime\\1cbda2f\\devkitBase' --pxrusd-location 'P:\\shared\\Artifactory\\Windows\\USD\\ce619c6' '--build-args=-DCMAKE_MAKE_PROGRAM=P:/shared/Artifactory/Windows/ninja/1.10.2/ccacdf8/ninja.exe,-DPYTHON_INCLUDE_DIR=P:/shared/Artifactory/Windows/rundev-master/202311060140/runtime/1cbda2f/runTime/include/Python310/Python,-DPython_EXECUTABLE=P:/shared/Artifactory/Windows/rundev-master/202311060140/runtime/1cbda2f/runTime/bin/mayapy.exe,-DPYTHON_LIBRARIES=P:/shared/Artifactory/Windows/rundev-master/202311060140/runtime/1cbda2f/runTime/lib/python310.lib,-DBUILD_WITH_PYTHON_3=ON,-DBUILD_WITH_PYTHON_3_VERSION=3.10,-DCMAKE_WANT_MATERIALX_BUILD=ON,-DCMAKE_PREFIX_PATH=P:\\shared\\Artifactory\\Windows\\USD\\ce619c6,-DMAYAHYDRA_BUILD_NUMBER=397,-DMAYAHYDRA_GIT_COMMIT=c1f8802e0362298f58a427db7119f38a8842cd69,-DMAYAHYDRA_GIT_BRANCH=master' '--ctest-args=--parallel 16' --stages=clean --redirect-outstream-file=False --install-location 'W:\\install\\RelWithDebInfo\\MayaHydra' 'W:\\'
[2023-11-15T19:16:08.130Z] Modified environment variables:
[2023-11-15T19:16:08.130Z]     PATH=P:\shared\Artifactory\Windows\cmake\3.20.3\afe857a\bin;C:\Python27\lib\site-packages\pywin32_system32;C:\Program Files\Microsoft Visual Studio\2022\Professional\VC\Tools\MSVC\14.33.31629\bin\HostX64\x64;C:\Program Files\Microsoft Visual Studio\2022\Professional\Common7\IDE\VC\VCPackages;C:\Program Files\Microsoft Visual Studio\2022\Professional\Common7\IDE\CommonExtensions\Microsoft\TestWindow;C:\Program Files\Microsoft Visual Studio\2022\Professional\Common7\IDE\CommonExtensions\Microsoft\TeamFoundation\Team Explorer;C:\Program Files\Microsoft Visual Studio\2022\Professional\MSBuild\Current\bin\Roslyn;C:\Program Files\Microsoft Visual Studio\2022\Professional\Team Tools\Performance Tools\x64;C:\Program Files\Microsoft Visual Studio\2022\Professional\Team Tools\Performance Tools;C:\Program Files (x86)\Microsoft Visual Studio\Shared\Common\VSPerfCollectionTools\vs2019\\x64;C:\Program Files (x86)\Microsoft Visual Studio\Shared\Common\VSPerfCollectionTools\vs2019\;C:\Program Files (x86)\Microsoft SDKs\Windows\v10.0A\bin\NETFX 4.8 Tools\x64\;C:\Program Files (x86)\HTML Help Workshop;C:\Program Files\Microsoft Visual Studio\2022\Professional\Common7\IDE\CommonExtensions\Microsoft\FSharp\Tools;C:\Program Files (x86)\Windows Kits\10\bin\10.0.19041.0\\x64;C:\Program Files (x86)\Windows Kits\10\bin\\x64;C:\Program Files\Microsoft Visual Studio\2022\Professional\\MSBuild\Current\Bin\amd64;C:\WINDOWS\Microsoft.NET\Framework64\v4.0.30319;C:\Program Files\Microsoft Visual Studio\2022\Professional\Common7\IDE\;C:\Program Files\Microsoft Visual Studio\2022\Professional\Common7\Tools\;C:\Python27\;C:\Python27\Scripts;C:\WINDOWS\system32;C:\WINDOWS;C:\WINDOWS\System32\Wbem;C:\WINDOWS\System32\WindowsPowerShell\v1.0\;C:\WINDOWS\System32\OpenSSH\;C:\ProgramData\chocolatey\bin;C:\Program Files (x86)\WiX Toolset v3.7\bin;C:\Program Files\dotnet\;C:\Program Files\Zulu\zulu-11\bin\;C:\Program Files (x86)\Windows Kits\10\bin\10.0.19041.0\x64;C:\Program Files (x86)\Windows Kits\10\bin\10.0.18362.0\x64;C:\Program Files (x86)\Windows Kits\10\bin\10.0.17763.0\x64;C:\Program Files (x86)\Windows Kits\10\bin\x64;C:\Strawberry\c\bin;C:\Strawberry\perl\site\bin;C:\Strawberry\perl\bin;C:\Program Files\Git\cmd;C:\Program Files\Git\usr\bin;C:\Program Files\Git\mingw64\bin;C:\Program Files\Git\bin;C:\Python38\;C:\Python38\Scripts;C:\StoreBoxClientWindows;C:\Program Files\Electric Cloud\ElectricCommander\bin;C:\Program Files\WinRAR;C:\Program Files\7-Zip;C:\Users\Administrator\AppData\Local\Microsoft\WindowsApps;C:\Users\Administrator\.dotnet\tools;C:\Program Files\Microsoft Visual Studio\2022\Professional\Common7\IDE\CommonExtensions\Microsoft\CMake\CMake\bin;C:\Program Files\Microsoft Visual Studio\2022\Professional\Common7\IDE\CommonExtensions\Microsoft\CMake\Ninja;C:\Program Files\Microsoft Visual Studio\2022\Professional\Common7\IDE\VC\Linux\bin\ConnectionManagerExe
[2023-11-15T19:16:08.467Z]     
[2023-11-15T19:16:08.467Z]         Building with settings:
[2023-11-15T19:16:08.467Z]           Source directory          S:\Jenkins\workspace\ECP\ecg-maya-hydra\ecg-maya-hydra-branch-preflight-python3-windows\ecg-maya-hydra\maya-hydra
[2023-11-15T19:16:08.467Z]           Workspace directory       W:\
[2023-11-15T19:16:08.467Z]           Build directory           W:\build\RelWithDebInfo
[2023-11-15T19:16:08.467Z]           Install directory         W:\install\RelWithDebInfo\MayaHydra
[2023-11-15T19:16:08.467Z]           Variant                   RelWithDebInfo
[2023-11-15T19:16:08.467Z]           Python Debug              Off
[2023-11-15T19:16:08.467Z]           CMake generator           Ninja
[2023-11-15T19:16:08.468Z]           Build arguments           ['-DCMAKE_MAKE_PROGRAM=P:/shared/Artifactory/Windows/ninja/1.10.2/ccacdf8/ninja.exe', '-DPYTHON_INCLUDE_DIR=P:/shared/Artifactory/Windows/rundev-master/202311060140/runtime/1cbda2f/runTime/include/Python310/Python', '-DPython_EXECUTABLE=P:/shared/Artifactory/Windows/rundev-master/202311060140/runtime/1cbda2f/runTime/bin/mayapy.exe', '-DPYTHON_LIBRARIES=P:/shared/Artifactory/Windows/rundev-master/202311060140/runtime/1cbda2f/runTime/lib/python310.lib', '-DBUILD_WITH_PYTHON_3=ON', '-DBUILD_WITH_PYTHON_3_VERSION=3.10', '-DCMAKE_WANT_MATERIALX_BUILD=ON', '-DCMAKE_PREFIX_PATH=P:\\shared\\Artifactory\\Windows\\USD\\ce619c6', '-DMAYAHYDRA_BUILD_NUMBER=397', '-DMAYAHYDRA_GIT_COMMIT=c1f8802e0362298f58a427db7119f38a8842cd69', '-DMAYAHYDRA_GIT_BRANCH=master']
[2023-11-15T19:16:08.468Z]           Stages arguments          ['clean']
[2023-11-15T19:16:08.468Z]           CTest arguments           ['--parallel 16']
[2023-11-15T19:16:08.468Z]     Success MayaHydra build and install !!!!
[2023-11-15T19:16:08.468Z]     Elapsed time: 00:00:00
[Pipeline] bat
[2023-11-15T19:16:09.064Z] Deleting alias drive W:
[Pipeline] bat
[2023-11-15T19:16:09.665Z] Deleting alias drive P:
[Pipeline] }
[Pipeline] // withEnv
[Pipeline] }
[Pipeline] // timeout
[Pipeline] }
[Pipeline] // stage
[Pipeline] }
[Pipeline] // timestamps
[Pipeline] timestamps
[Pipeline] {
[Pipeline] stage
[Pipeline] { (Configure)
[Pipeline] timeout
[2023-11-15T19:16:09.871Z] Timeout set to expire in 6 hr 0 min
[Pipeline] {
[Pipeline] withEnv
[Pipeline] {
[Pipeline] bat
[2023-11-15T19:16:10.447Z] Creating alias drive P: to S:\jenkins\workspace
[Pipeline] bat
[2023-11-15T19:16:11.481Z] Creating alias drive W: to S:\Jenkins\workspace\ECP\ecg-maya-hydra\ecg-maya-hydra-branch-preflight-python3-windows
[Pipeline] bat
[2023-11-15T19:16:12.308Z] "C:\Program Files\Microsoft Visual Studio\2022\Professional\VC\Auxiliary\Build\vcvarsall.bat" x64
[2023-11-15T19:16:12.308Z] **********************************************************************
[2023-11-15T19:16:12.308Z] ** Visual Studio 2022 Developer Command Prompt v17.3.2
[2023-11-15T19:16:12.308Z] ** Copyright (c) 2022 Microsoft Corporation
[2023-11-15T19:16:12.308Z] **********************************************************************
[2023-11-15T19:16:13.993Z] [vcvarsall.bat] Environment initialized for: 'x64'
[2023-11-15T19:16:13.993Z] python ecg-maya-hydra/build.py --stages=configure --workspace-dir=W:\ --artifactory-dir=P:\shared\Artifactory --build-dir=W:\build --install-dir=W:\install --signing-dir=W:\signing --package-dir=W:\package --output-dir=W:\output --stash-dir=W:\stash --jenkins-build=397 --git-commit=c1f8802e0362298f58a427db7119f38a8842cd69 --git-branch=master --variants=Debug --interactive-tests=true --post-zips=false --osx-binary-architecture-target=ub2 --osx-deployment-target=11.0 --osx-base-sdk=CurrentActiveSDK --maya-cut-config=maya-rundev-master-debug.yaml --maya-package=rundev-master-debug --stage-banner
[2023-11-15T19:16:14.804Z] Using Maya cut from P:\shared\Artifactory\Windows\rundev-master-debug\202310260154\runtime\2caf91a
[2023-11-15T19:16:14.804Z] Using Maya ADSK Signatures from P:\shared\Artifactory\Windows\adsk-plugin-signatures-maya\2023\3ae1ae7
[2023-11-15T19:16:14.804Z] Using Maya Security Library from P:\shared\Artifactory\Windows\maya-security-library\3.4.0\284407f
[2023-11-15T19:16:14.804Z] 
[2023-11-15T19:16:14.804Z] ================================================================================
[2023-11-15T19:16:14.804Z]                                configure (Debug)
[2023-11-15T19:16:14.804Z] ================================================================================
[2023-11-15T19:16:14.804Z] Maya Python Debug Info:
[2023-11-15T19:16:14.804Z]   mayapy executable   = P:\shared\Artifactory\Windows\rundev-master-debug\202310260154\runtime\2caf91a\runTime\bin\mayapy.exe
[2023-11-15T19:16:14.804Z]   Include Folder      = P:\shared\Artifactory\Windows\rundev-master-debug\202310260154\runtime\2caf91a\runTime\include\Python310\Python
[2023-11-15T19:16:14.804Z]   Library             = P:\shared\Artifactory\Windows\rundev-master-debug\202310260154\runtime\2caf91a\runTime\lib\python310_d.lib
[2023-11-15T19:16:14.804Z]   site-package Folder = P:\shared\Artifactory\Windows\rundev-master-debug\202310260154\runtime\2caf91a\runTime\Python\Lib\site-packages
[2023-11-15T19:16:17.214Z] 
[2023-11-15T19:16:17.214Z]             WARNING: The 'psutil' python package isn't installed. Thus, Peptide
[2023-11-15T19:16:17.214Z]             won't be able to determine the amount of RAM available. It will assume
[2023-11-15T19:16:17.214Z]             that your machine has only 16GB available, and will limit the number
[2023-11-15T19:16:17.214Z]             the number of link jobs being performed in parallel. This can
[2023-11-15T19:16:17.214Z]             negatively affect your build times.
[2023-11-15T19:16:17.214Z] 
[2023-11-15T19:16:17.214Z]             Please 'pip(3) install psutil' to resolve this.
[2023-11-15T19:16:17.214Z]             
[2023-11-15T19:16:17.214Z] In workdir: S:\Jenkins\workspace\ECP\ecg-maya-hydra\ecg-maya-hydra-branch-preflight-python3-windows\ecg-maya-hydra\maya-hydra
[2023-11-15T19:16:17.214Z] Executing: 'P:\\shared\\Artifactory\\Windows\\rundev-master-debug\\202310260154\\runtime\\2caf91a\\runTime\\bin\\mayapy.exe' 'S:\\Jenkins\\workspace\\ECP\\ecg-maya-hydra\\ecg-maya-hydra-branch-preflight-python3-windows\\ecg-maya-hydra\\maya-hydra\\build.py' --generator Ninja --build-debug --maya-location 'P:\\shared\\Artifactory\\Windows\\rundev-master-debug\\202310260154\\runtime\\2caf91a\\runTime' --devkit-location 'P:\\shared\\Artifactory\\Windows\\rundev-master-debug\\202310260154\\runtime\\2caf91a\\devkitBase' --pxrusd-location 'P:\\shared\\Artifactory\\Windows\\USD\\972e371' '--build-args=-DCMAKE_MAKE_PROGRAM=P:/shared/Artifactory/Windows/ninja/1.10.2/ccacdf8/ninja.exe,-DPYTHON_INCLUDE_DIR=P:/shared/Artifactory/Windows/rundev-master-debug/202310260154/runtime/2caf91a/runTime/include/Python310/Python,-DPython_EXECUTABLE=P:/shared/Artifactory/Windows/rundev-master-debug/202310260154/runtime/2caf91a/runTime/bin/mayapy.exe,-DPYTHON_LIBRARIES=P:/shared/Artifactory/Windows/rundev-master-debug/202310260154/runtime/2caf91a/runTime/lib/python310_d.lib,-DBUILD_WITH_PYTHON_3=ON,-DBUILD_WITH_PYTHON_3_VERSION=3.10,-DCMAKE_WANT_MATERIALX_BUILD=ON,-DCMAKE_PREFIX_PATH=P:\\shared\\Artifactory\\Windows\\USD\\972e371,-DMAYAHYDRA_BUILD_NUMBER=397,-DMAYAHYDRA_GIT_COMMIT=c1f8802e0362298f58a427db7119f38a8842cd69,-DMAYAHYDRA_GIT_BRANCH=master' --debug-python '--ctest-args=--parallel 16' --stages=configure --redirect-outstream-file=False --install-location 'W:\\install\\Debug\\MayaHydra' 'W:\\'
[2023-11-15T19:16:17.214Z] Modified environment variables:
[2023-11-15T19:16:17.214Z]     PATH=P:\shared\Artifactory\Windows\cmake\3.20.3\afe857a\bin;C:\Python27\lib\site-packages\pywin32_system32;C:\Program Files\Microsoft Visual Studio\2022\Professional\VC\Tools\MSVC\14.33.31629\bin\HostX64\x64;C:\Program Files\Microsoft Visual Studio\2022\Professional\Common7\IDE\VC\VCPackages;C:\Program Files\Microsoft Visual Studio\2022\Professional\Common7\IDE\CommonExtensions\Microsoft\TestWindow;C:\Program Files\Microsoft Visual Studio\2022\Professional\Common7\IDE\CommonExtensions\Microsoft\TeamFoundation\Team Explorer;C:\Program Files\Microsoft Visual Studio\2022\Professional\MSBuild\Current\bin\Roslyn;C:\Program Files\Microsoft Visual Studio\2022\Professional\Team Tools\Performance Tools\x64;C:\Program Files\Microsoft Visual Studio\2022\Professional\Team Tools\Performance Tools;C:\Program Files (x86)\Microsoft Visual Studio\Shared\Common\VSPerfCollectionTools\vs2019\\x64;C:\Program Files (x86)\Microsoft Visual Studio\Shared\Common\VSPerfCollectionTools\vs2019\;C:\Program Files (x86)\Microsoft SDKs\Windows\v10.0A\bin\NETFX 4.8 Tools\x64\;C:\Program Files (x86)\HTML Help Workshop;C:\Program Files\Microsoft Visual Studio\2022\Professional\Common7\IDE\CommonExtensions\Microsoft\FSharp\Tools;C:\Program Files (x86)\Windows Kits\10\bin\10.0.19041.0\\x64;C:\Program Files (x86)\Windows Kits\10\bin\\x64;C:\Program Files\Microsoft Visual Studio\2022\Professional\\MSBuild\Current\Bin\amd64;C:\WINDOWS\Microsoft.NET\Framework64\v4.0.30319;C:\Program Files\Microsoft Visual Studio\2022\Professional\Common7\IDE\;C:\Program Files\Microsoft Visual Studio\2022\Professional\Common7\Tools\;C:\Python27\;C:\Python27\Scripts;C:\WINDOWS\system32;C:\WINDOWS;C:\WINDOWS\System32\Wbem;C:\WINDOWS\System32\WindowsPowerShell\v1.0\;C:\WINDOWS\System32\OpenSSH\;C:\ProgramData\chocolatey\bin;C:\Program Files (x86)\WiX Toolset v3.7\bin;C:\Program Files\dotnet\;C:\Program Files\Zulu\zulu-11\bin\;C:\Program Files (x86)\Windows Kits\10\bin\10.0.19041.0\x64;C:\Program Files (x86)\Windows Kits\10\bin\10.0.18362.0\x64;C:\Program Files (x86)\Windows Kits\10\bin\10.0.17763.0\x64;C:\Program Files (x86)\Windows Kits\10\bin\x64;C:\Strawberry\c\bin;C:\Strawberry\perl\site\bin;C:\Strawberry\perl\bin;C:\Program Files\Git\cmd;C:\Program Files\Git\usr\bin;C:\Program Files\Git\mingw64\bin;C:\Program Files\Git\bin;C:\Python38\;C:\Python38\Scripts;C:\StoreBoxClientWindows;C:\Program Files\Electric Cloud\ElectricCommander\bin;C:\Program Files\WinRAR;C:\Program Files\7-Zip;C:\Users\Administrator\AppData\Local\Microsoft\WindowsApps;C:\Users\Administrator\.dotnet\tools;C:\Program Files\Microsoft Visual Studio\2022\Professional\Common7\IDE\CommonExtensions\Microsoft\CMake\CMake\bin;C:\Program Files\Microsoft Visual Studio\2022\Professional\Common7\IDE\CommonExtensions\Microsoft\CMake\Ninja;C:\Program Files\Microsoft Visual Studio\2022\Professional\Common7\IDE\VC\Linux\bin\ConnectionManagerExe
[2023-11-15T19:17:26.586Z]     -- The C compiler identification is MSVC 19.33.31629.0
[2023-11-15T19:17:26.586Z]     -- The CXX compiler identification is MSVC 19.33.31629.0
[2023-11-15T19:17:26.586Z]     -- Detecting C compiler ABI info
[2023-11-15T19:17:26.586Z]     -- Detecting C compiler ABI info - done
[2023-11-15T19:17:26.586Z]     -- Check for working C compiler: C:/Program Files/Microsoft Visual Studio/2022/Professional/VC/Tools/MSVC/14.33.31629/bin/Hostx64/x64/cl.exe - skipped
[2023-11-15T19:17:26.586Z]     -- Detecting C compile features
[2023-11-15T19:17:26.586Z]     -- Detecting C compile features - done
[2023-11-15T19:17:26.586Z]     -- Detecting CXX compiler ABI info
[2023-11-15T19:17:26.586Z]     -- Detecting CXX compiler ABI info - done
[2023-11-15T19:17:26.586Z]     -- Check for working CXX compiler: C:/Program Files/Microsoft Visual Studio/2022/Professional/VC/Tools/MSVC/14.33.31629/bin/Hostx64/x64/cl.exe - skipped
[2023-11-15T19:17:26.586Z]     -- Detecting CXX compile features
[2023-11-15T19:17:26.586Z]     -- Detecting CXX compile features - done
[2023-11-15T19:17:26.586Z]     -- Using Maya Light API Version 3
[2023-11-15T19:17:26.586Z]     -- Maya has setDefaultMaterialHandling API
[2023-11-15T19:17:26.586Z]     -- Maya has new point snapping API
[2023-11-15T19:17:26.586Z]     -- Maya has isInCrashHandler API
[2023-11-15T19:17:26.586Z]     -- Maya has getDisplayStyleOfAllViewports API
[2023-11-15T19:17:26.586Z]     -- Maya array iterator has difference_type trait
[2023-11-15T19:17:26.586Z]     -- MFnSet has getMemberPaths function
[2023-11-15T19:17:26.586Z]     -- MFnDisplayLayer exists
[2023-11-15T19:17:26.586Z]     -- MDisplayLayerMessage has MDisplayLayerMemberChangedFunction
[2023-11-15T19:17:26.586Z]     -- MRenderItem has HideOnPlayback API
[2023-11-15T19:17:26.586Z]     -- Found Maya: P:/shared/Artifactory/Windows/rundev-master-debug/202310260154/runtime/2caf91a/runTime/bin/maya.exe (found suitable version "2025", minimum required is "2024")
[2023-11-15T19:17:26.586Z]     -- Found Python: P:/shared/Artifactory/Windows/rundev-master-debug/202310260154/runtime/2caf91a/runTime/bin/mayapy.exe (found suitable exact version "3.10.8") found components: Interpreter
[2023-11-15T19:17:26.586Z]     -- Build mayaHydra with Python3 = 3.10
[2023-11-15T19:17:26.586Z]     --    PYTHON_INCLUDE_DIRS = P:/shared/Artifactory/Windows/rundev-master-debug/202310260154/runtime/2caf91a/runTime/include/Python310/Python
[2023-11-15T19:17:26.586Z]     --    PYTHON_LIBRARIES    = P:/shared/Artifactory/Windows/rundev-master-debug/202310260154/runtime/2caf91a/runTime/lib/python310_d.lib
[2023-11-15T19:17:26.586Z]     --    Python_EXECUTABLE   = P:/shared/Artifactory/Windows/rundev-master-debug/202310260154/runtime/2caf91a/runTime/bin/mayapy.exe
[2023-11-15T19:17:26.586Z]     -- Found Python3: optimized;P:\shared\Artifactory\Windows\rundev-master-debug\202310260154\runtime\2caf91a\runTime/lib/python310_d.lib;debug;P:/shared/Artifactory/Windows/rundev-master-debug/202310260154/runtime/2caf91a/runTime/lib/python310_d.lib (found suitable exact version "3.10.8") found components: Development Development.Module Development.Embed
[2023-11-15T19:17:26.586Z]     -- USD has new Sdr.PropertyTypes.Color4
[2023-11-15T19:17:26.586Z]     -- USD has MaterialX metadata support
[2023-11-15T19:17:26.586Z]     -- USD include dir: P:/shared/Artifactory/Windows/USD/972e371/include
[2023-11-15T19:17:26.586Z]     -- USD library dir: P:/shared/Artifactory/Windows/USD/972e371/lib
[2023-11-15T19:17:26.586Z]     -- USD version: 0.23.8
[2023-11-15T19:17:26.586Z]     -- USD Boost::boost version: 107800
[2023-11-15T19:17:26.586Z]     -- Found USD: P:/shared/Artifactory/Windows/USD/972e371 (found suitable version "0.23.8", minimum required is "0.22.11")
[2023-11-15T19:17:26.586Z]     Updated PYTHONPATH: P:\shared\Artifactory\Windows\USD\972e371\lib\python
[2023-11-15T19:17:26.586Z]     Updated PATH: P:\shared\Artifactory\Windows\cmake\3.20.3\afe857a\bin;C:\Python27\lib\site-packages\pywin32_system32;C:\Program Files\Microsoft Visual Studio\2022\Professional\VC\Tools\MSVC\14.33.31629\bin\HostX64\x64;C:\Program Files\Microsoft Visual Studio\2022\Professional\Common7\IDE\VC\VCPackages;C:\Program Files\Microsoft Visual Studio\2022\Professional\Common7\IDE\CommonExtensions\Microsoft\TestWindow;C:\Program Files\Microsoft Visual Studio\2022\Professional\Common7\IDE\CommonExtensions\Microsoft\TeamFoundation\Team Explorer;C:\Program Files\Microsoft Visual Studio\2022\Professional\MSBuild\Current\bin\Roslyn;C:\Program Files\Microsoft Visual Studio\2022\Professional\Team Tools\Performance Tools\x64;C:\Program Files\Microsoft Visual Studio\2022\Professional\Team Tools\Performance Tools;C:\Program Files (x86)\Microsoft Visual Studio\Shared\Common\VSPerfCollectionTools\vs2019\\x64;C:\Program Files (x86)\Microsoft Visual Studio\Shared\Common\VSPerfCollectionTools\vs2019\;C:\Program Files (x86)\Microsoft SDKs\Windows\v10.0A\bin\NETFX 4.8 Tools\x64\;C:\Program Files (x86)\HTML Help Workshop;C:\Program Files\Microsoft Visual Studio\2022\Professional\Common7\IDE\CommonExtensions\Microsoft\FSharp\Tools;C:\Program Files (x86)\Windows Kits\10\bin\10.0.19041.0\\x64;C:\Program Files (x86)\Windows Kits\10\bin\\x64;C:\Program Files\Microsoft Visual Studio\2022\Professional\\MSBuild\Current\Bin\amd64;C:\WINDOWS\Microsoft.NET\Framework64\v4.0.30319;C:\Program Files\Microsoft Visual Studio\2022\Professional\Common7\IDE\;C:\Program Files\Microsoft Visual Studio\2022\Professional\Common7\Tools\;C:\Python27\;C:\Python27\Scripts;C:\WINDOWS\system32;C:\WINDOWS;C:\WINDOWS\System32\Wbem;C:\WINDOWS\System32\WindowsPowerShell\v1.0\;C:\WINDOWS\System32\OpenSSH\;C:\ProgramData\chocolatey\bin;C:\Program Files (x86)\WiX Toolset v3.7\bin;C:\Program Files\dotnet\;C:\Program Files\Zulu\zulu-11\bin\;C:\Program Files (x86)\Windows Kits\10\bin\10.0.19041.0\x64;C:\Program Files (x86)\Windows Kits\10\bin\10.0.18362.0\x64;C:\Program Files (x86)\Windows Kits\10\bin\10.0.17763.0\x64;C:\Program Files (x86)\Windows Kits\10\bin\x64;C:\Strawberry\c\bin;C:\Strawberry\perl\site\bin;C:\Strawberry\perl\bin;C:\Program Files\Git\cmd;C:\Program Files\Git\usr\bin;C:\Program Files\Git\mingw64\bin;C:\Program Files\Git\bin;C:\Python38\;C:\Python38\Scripts;C:\StoreBoxClientWindows;C:\Program Files\Electric Cloud\ElectricCommander\bin;C:\Program Files\WinRAR;C:\Program Files\7-Zip;C:\Users\Administrator\AppData\Local\Microsoft\WindowsApps;C:\Users\Administrator\.dotnet\tools;C:\Program Files\Microsoft Visual Studio\2022\Professional\Common7\IDE\CommonExtensions\Microsoft\CMake\CMake\bin;C:\Program Files\Microsoft Visual Studio\2022\Professional\Common7\IDE\CommonExtensions\Microsoft\CMake\Ninja;C:\Program Files\Microsoft Visual Studio\2022\Professional\Common7\IDE\VC\Linux\bin\ConnectionManagerExe;P:\shared\Artifactory\Windows\USD\972e371\bin;P:\shared\Artifactory\Windows\USD\972e371\lib
[2023-11-15T19:17:26.586Z]     -- Found UFE: P:/shared/Artifactory/Windows/rundev-master-debug/202310260154/runtime/2caf91a/devkitBase/devkit/ufe/include (found version "0.5.11")
[2023-11-15T19:17:26.586Z]     -- UFE include dir: P:/shared/Artifactory/Windows/rundev-master-debug/202310260154/runtime/2caf91a/devkitBase/devkit/ufe/include
[2023-11-15T19:17:26.586Z]     -- UFE library: P:/shared/Artifactory/Windows/rundev-master-debug/202310260154/runtime/2caf91a/devkitBase/devkit/ufe/lib/ufe_0.lib
[2023-11-15T19:17:26.586Z]     -- UFE version: 0.5.11
[2023-11-15T19:17:26.586Z]     -- Maya has UFE lights API
[2023-11-15T19:17:26.586Z]     -- Maya has UFE scene segment API
[2023-11-15T19:17:26.586Z]     -- Maya has UFE TrieNode childrenComponents accessor
[2023-11-15T19:17:26.586Z]     -- Building with UFE 0.5.11.
[2023-11-15T19:17:26.586Z]     -- Found MaterialX
[2023-11-15T19:17:26.586Z]     -- Performing Test HAVE_STDATOMIC
[2023-11-15T19:17:26.586Z]     -- Performing Test HAVE_STDATOMIC - Success
[2023-11-15T19:17:26.586Z]     -- Found OpenGL: opengl32
[2023-11-15T19:17:26.586Z]     -- Check if linker can resolve circular dependencies - TRUE
[2023-11-15T19:17:26.586Z]     -- Found Qt 6.5.2 in Maya devkit. Hydra Scene Browser will be built.
[2023-11-15T19:17:26.586Z]     -- **** Building Gulrak From Github Repository.
[2023-11-15T19:17:26.586Z]     -- Populating gulrak
[2023-11-15T19:17:26.586Z]     -- Configuring done
[2023-11-15T19:17:26.586Z]     -- Generating done
[2023-11-15T19:17:26.586Z]     -- Build files have been written to: W:/build/Debug/_deps/gulrak-subbuild
[2023-11-15T19:17:27.336Z]     [1/9] Creating directories for 'gulrak-populate'
[2023-11-15T19:17:27.336Z]     [1/9] Performing download step (git clone) for 'gulrak-populate'
[2023-11-15T19:17:27.336Z]     Cloning into 'gulrak-src'...
[2023-11-15T19:17:29.021Z]     HEAD is now at 4e21ab3 Version bump and updated readme.
[2023-11-15T19:17:30.700Z]     [2/9] Performing update step for 'gulrak-populate'
[2023-11-15T19:17:31.042Z]     [4/9] No patch step for 'gulrak-populate'
[2023-11-15T19:17:31.042Z]     [5/9] No configure step for 'gulrak-populate'
[2023-11-15T19:17:31.042Z]     [6/9] No build step for 'gulrak-populate'
[2023-11-15T19:17:31.381Z]     [7/9] No install step for 'gulrak-populate'
[2023-11-15T19:17:31.381Z]     [8/9] No test step for 'gulrak-populate'
[2023-11-15T19:17:31.716Z]     [9/9] Completed 'gulrak-populate'
[2023-11-15T19:17:32.434Z]     -- ========== Installing GoogleTest... ==========
[2023-11-15T19:17:32.768Z]     -- Configuring done
[2023-11-15T19:17:32.768Z]     -- Generating done
[2023-11-15T19:17:32.768Z]     -- Build files have been written to: W:/build/Debug/googletest-config
[2023-11-15T19:17:33.103Z]     [1/8] Creating directories for 'googletest'
[2023-11-15T19:18:01.029Z]     [2/8] Performing download step (git clone) for 'googletest'
[2023-11-15T19:18:01.029Z]     Cloning into 'googletest-src'...
[2023-11-15T19:18:01.029Z]     HEAD is now at 703bd9ca Googletest export
[2023-11-15T19:18:01.029Z]     [3/8] Performing update step for 'googletest'
[2023-11-15T19:18:01.029Z]     [4/8] No patch step for 'googletest'
[2023-11-15T19:18:02.706Z]     [5/8] Performing configure step for 'googletest'
[2023-11-15T19:18:02.706Z]     Not searching for unused variables given on the command line.
[2023-11-15T19:18:02.706Z]     CMake Deprecation Warning at CMakeLists.txt:4 (cmake_minimum_required):
[2023-11-15T19:18:02.706Z]       Compatibility with CMake < 2.8.12 will be removed from a future version of
[2023-11-15T19:18:02.706Z]       CMake.
[2023-11-15T19:18:02.706Z]     
[2023-11-15T19:18:02.706Z]       Update the VERSION argument <min> value or use a ...<max> suffix to tell
[2023-11-15T19:18:02.706Z]       CMake that the project does not need compatibility with older versions.
[2023-11-15T19:18:02.706Z]     
[2023-11-15T19:18:02.706Z]     
[2023-11-15T19:18:02.706Z]     -- The C compiler identification is MSVC 19.33.31629.0
[2023-11-15T19:18:02.706Z]     -- The CXX compiler identification is MSVC 19.33.31629.0
[2023-11-15T19:18:02.706Z]     -- Detecting C compiler ABI info
[2023-11-15T19:18:02.706Z]     -- Detecting C compiler ABI info - done
[2023-11-15T19:18:02.706Z]     -- Check for working C compiler: C:/Program Files/Microsoft Visual Studio/2022/Professional/VC/Tools/MSVC/14.33.31629/bin/Hostx64/x64/cl.exe - skipped
[2023-11-15T19:18:02.706Z]     -- Detecting C compile features
[2023-11-15T19:18:02.706Z]     -- Detecting C compile features - done
[2023-11-15T19:18:02.706Z]     -- Detecting CXX compiler ABI info
[2023-11-15T19:18:02.706Z]     -- Detecting CXX compiler ABI info - done
[2023-11-15T19:18:02.706Z]     -- Check for working CXX compiler: C:/Program Files/Microsoft Visual Studio/2022/Professional/VC/Tools/MSVC/14.33.31629/bin/Hostx64/x64/cl.exe - skipped
[2023-11-15T19:18:02.706Z]     -- Detecting CXX compile features
[2023-11-15T19:18:02.706Z]     -- Detecting CXX compile features - done
[2023-11-15T19:18:02.706Z]     CMake Deprecation Warning at googletest/CMakeLists.txt:56 (cmake_minimum_required):
[2023-11-15T19:18:02.706Z]       Compatibility with CMake < 2.8.12 will be removed from a future version of
[2023-11-15T19:18:02.706Z]       CMake.
[2023-11-15T19:18:02.706Z]     
[2023-11-15T19:18:02.706Z]       Update the VERSION argument <min> value or use a ...<max> suffix to tell
[2023-11-15T19:18:02.706Z]       CMake that the project does not need compatibility with older versions.
[2023-11-15T19:18:02.706Z]     
[2023-11-15T19:18:02.706Z]     
[2023-11-15T19:18:02.706Z]     -- Found PythonInterp: C:/Python27/python.exe (found version "2.7.18")
[2023-11-15T19:18:02.706Z]     -- Looking for pthread.h
[2023-11-15T19:18:02.706Z]     -- Looking for pthread.h - not found
[2023-11-15T19:18:02.706Z]     -- Found Threads: TRUE
[2023-11-15T19:18:02.706Z]     -- Configuring done
[2023-11-15T19:18:02.706Z]     -- Generating done
[2023-11-15T19:18:02.706Z]     -- Build files have been written to: W:/build/Debug/googletest-build
[2023-11-15T19:18:06.519Z]     [6/8] Performing build step for 'googletest'
[2023-11-15T19:18:06.519Z]     [1/4] Building CXX object googletest\CMakeFiles\gtest_main.dir\src\gtest_main.cc.obj
[2023-11-15T19:18:06.519Z]     [2/4] Building CXX object googletest\CMakeFiles\gtest.dir\src\gtest-all.cc.obj
[2023-11-15T19:18:06.519Z]     [3/4] Linking CXX shared library bin\gtestd.dll
[2023-11-15T19:18:06.519Z]     [4/4] Linking CXX shared library bin\gtest_maind.dll
[2023-11-15T19:18:06.519Z]     [7/8] Performing install step for 'googletest'
[2023-11-15T19:18:06.519Z]     [0/1] Install the project...
[2023-11-15T19:18:06.519Z]     -- Install configuration: "Debug"
[2023-11-15T19:18:06.519Z]     [8/8] Completed 'googletest'
[2023-11-15T19:18:06.519Z]     -- ========== ...  GoogleTest installed. ==========
[2023-11-15T19:18:08.199Z]     -- Found GTest: W:/build/Debug/googletest-install/lib/gtestd.lib
[2023-11-15T19:18:08.199Z]     -- promoting: S:/Jenkins/workspace/ECP/ecg-maya-hydra/ecg-maya-hydra-branch-preflight-python3-windows/ecg-maya-hydra/maya-hydra/lib/mayaHydra/mayaPlugin/pluginUtils.h
[2023-11-15T19:18:08.199Z]     -- promoting: S:/Jenkins/workspace/ECP/ecg-maya-hydra/ecg-maya-hydra-branch-preflight-python3-windows/ecg-maya-hydra/maya-hydra/lib/mayaHydra/hydraExtensions/api.h
[2023-11-15T19:18:08.199Z]     -- promoting: S:/Jenkins/workspace/ECP/ecg-maya-hydra/ecg-maya-hydra-branch-preflight-python3-windows/ecg-maya-hydra/maya-hydra/lib/mayaHydra/hydraExtensions/debugCodes.h
[2023-11-15T19:18:08.199Z]     -- promoting: S:/Jenkins/workspace/ECP/ecg-maya-hydra/ecg-maya-hydra-branch-preflight-python3-windows/ecg-maya-hydra/maya-hydra/lib/mayaHydra/hydraExtensions/hydraUtils.h
[2023-11-15T19:18:08.199Z]     -- promoting: S:/Jenkins/workspace/ECP/ecg-maya-hydra/ecg-maya-hydra-branch-preflight-python3-windows/ecg-maya-hydra/maya-hydra/lib/mayaHydra/hydraExtensions/interface.h
[2023-11-15T19:18:08.199Z]     -- promoting: S:/Jenkins/workspace/ECP/ecg-maya-hydra/ecg-maya-hydra-branch-preflight-python3-windows/ecg-maya-hydra/maya-hydra/lib/mayaHydra/hydraExtensions/interfaceImp.h
[2023-11-15T19:18:08.199Z]     -- promoting: S:/Jenkins/workspace/ECP/ecg-maya-hydra/ecg-maya-hydra-branch-preflight-python3-windows/ecg-maya-hydra/maya-hydra/lib/mayaHydra/hydraExtensions/mayaUtils.h
[2023-11-15T19:18:08.199Z]     -- promoting: S:/Jenkins/workspace/ECP/ecg-maya-hydra/ecg-maya-hydra-branch-preflight-python3-windows/ecg-maya-hydra/maya-hydra/lib/mayaHydra/hydraExtensions/mixedUtils.h
[2023-11-15T19:18:08.199Z]     -- promoting: S:/Jenkins/workspace/ECP/ecg-maya-hydra/ecg-maya-hydra-branch-preflight-python3-windows/ecg-maya-hydra/maya-hydra/lib/mayaHydra/hydraExtensions/mayaHydraSceneProducer.h
[2023-11-15T19:18:08.199Z]     -- promoting: S:/Jenkins/workspace/ECP/ecg-maya-hydra/ecg-maya-hydra-branch-preflight-python3-windows/ecg-maya-hydra/maya-hydra/lib/mayaHydra/hydraExtensions/adapters/adapter.h
[2023-11-15T19:18:08.199Z]     -- promoting: S:/Jenkins/workspace/ECP/ecg-maya-hydra/ecg-maya-hydra-branch-preflight-python3-windows/ecg-maya-hydra/maya-hydra/lib/mayaHydra/hydraExtensions/adapters/adapterDebugCodes.h
[2023-11-15T19:18:08.199Z]     -- promoting: S:/Jenkins/workspace/ECP/ecg-maya-hydra/ecg-maya-hydra-branch-preflight-python3-windows/ecg-maya-hydra/maya-hydra/lib/mayaHydra/hydraExtensions/adapters/adapterRegistry.h
[2023-11-15T19:18:08.199Z]     -- promoting: S:/Jenkins/workspace/ECP/ecg-maya-hydra/ecg-maya-hydra-branch-preflight-python3-windows/ecg-maya-hydra/maya-hydra/lib/mayaHydra/hydraExtensions/adapters/cameraAdapter.h
[2023-11-15T19:18:08.199Z]     -- promoting: S:/Jenkins/workspace/ECP/ecg-maya-hydra/ecg-maya-hydra-branch-preflight-python3-windows/ecg-maya-hydra/maya-hydra/lib/mayaHydra/hydraExtensions/adapters/constantShadowMatrix.h
[2023-11-15T19:18:08.199Z]     -- promoting: S:/Jenkins/workspace/ECP/ecg-maya-hydra/ecg-maya-hydra-branch-preflight-python3-windows/ecg-maya-hydra/maya-hydra/lib/mayaHydra/hydraExtensions/adapters/dagAdapter.h
[2023-11-15T19:18:08.199Z]     -- promoting: S:/Jenkins/workspace/ECP/ecg-maya-hydra/ecg-maya-hydra-branch-preflight-python3-windows/ecg-maya-hydra/maya-hydra/lib/mayaHydra/hydraExtensions/adapters/renderItemAdapter.h
[2023-11-15T19:18:08.199Z]     -- promoting: S:/Jenkins/workspace/ECP/ecg-maya-hydra/ecg-maya-hydra-branch-preflight-python3-windows/ecg-maya-hydra/maya-hydra/lib/mayaHydra/hydraExtensions/adapters/lightAdapter.h
[2023-11-15T19:18:08.199Z]     -- promoting: S:/Jenkins/workspace/ECP/ecg-maya-hydra/ecg-maya-hydra-branch-preflight-python3-windows/ecg-maya-hydra/maya-hydra/lib/mayaHydra/hydraExtensions/adapters/materialAdapter.h
[2023-11-15T19:18:08.199Z]     -- promoting: S:/Jenkins/workspace/ECP/ecg-maya-hydra/ecg-maya-hydra-branch-preflight-python3-windows/ecg-maya-hydra/maya-hydra/lib/mayaHydra/hydraExtensions/adapters/materialNetworkConverter.h
[2023-11-15T19:18:08.199Z]     -- promoting: S:/Jenkins/workspace/ECP/ecg-maya-hydra/ecg-maya-hydra-branch-preflight-python3-windows/ecg-maya-hydra/maya-hydra/lib/mayaHydra/hydraExtensions/adapters/mayaAttrs.h
[2023-11-15T19:18:08.199Z]     -- promoting: S:/Jenkins/workspace/ECP/ecg-maya-hydra/ecg-maya-hydra-branch-preflight-python3-windows/ecg-maya-hydra/maya-hydra/lib/mayaHydra/hydraExtensions/adapters/shapeAdapter.h
[2023-11-15T19:18:08.199Z]     -- promoting: S:/Jenkins/workspace/ECP/ecg-maya-hydra/ecg-maya-hydra-branch-preflight-python3-windows/ecg-maya-hydra/maya-hydra/lib/mayaHydra/hydraExtensions/adapters/tokens.h
[2023-11-15T19:18:08.199Z]     -- promoting: S:/Jenkins/workspace/ECP/ecg-maya-hydra/ecg-maya-hydra-branch-preflight-python3-windows/ecg-maya-hydra/maya-hydra/lib/mayaHydra/hydraExtensions/delegates/delegate.h
[2023-11-15T19:18:08.199Z]     -- promoting: S:/Jenkins/workspace/ECP/ecg-maya-hydra/ecg-maya-hydra-branch-preflight-python3-windows/ecg-maya-hydra/maya-hydra/lib/mayaHydra/hydraExtensions/delegates/delegateCtx.h
[2023-11-15T19:18:08.199Z]     -- promoting: S:/Jenkins/workspace/ECP/ecg-maya-hydra/ecg-maya-hydra-branch-preflight-python3-windows/ecg-maya-hydra/maya-hydra/lib/mayaHydra/hydraExtensions/delegates/delegateDebugCodes.h
[2023-11-15T19:18:08.199Z]     -- promoting: S:/Jenkins/workspace/ECP/ecg-maya-hydra/ecg-maya-hydra-branch-preflight-python3-windows/ecg-maya-hydra/maya-hydra/lib/mayaHydra/hydraExtensions/delegates/delegateRegistry.h
[2023-11-15T19:18:08.199Z]     -- promoting: S:/Jenkins/workspace/ECP/ecg-maya-hydra/ecg-maya-hydra-branch-preflight-python3-windows/ecg-maya-hydra/maya-hydra/lib/mayaHydra/hydraExtensions/delegates/params.h
[2023-11-15T19:18:08.199Z]     -- promoting: S:/Jenkins/workspace/ECP/ecg-maya-hydra/ecg-maya-hydra-branch-preflight-python3-windows/ecg-maya-hydra/maya-hydra/lib/mayaHydra/hydraExtensions/delegates/sceneDelegate.h
[2023-11-15T19:18:08.199Z]     -- promoting: S:/Jenkins/workspace/ECP/ecg-maya-hydra/ecg-maya-hydra-branch-preflight-python3-windows/ecg-maya-hydra/maya-hydra/lib/mayaHydra/hydraExtensions/delegates/defaultLightDelegate.h
[2023-11-15T19:18:08.199Z]     -- promoting: S:/Jenkins/workspace/ECP/ecg-maya-hydra/ecg-maya-hydra-branch-preflight-python3-windows/ecg-maya-hydra/maya-hydra/lib/mayaHydra/hydraExtensions/delegates/testDelegate.h
[2023-11-15T19:18:08.199Z]     -- promoting: S:/Jenkins/workspace/ECP/ecg-maya-hydra/ecg-maya-hydra-branch-preflight-python3-windows/ecg-maya-hydra/maya-hydra/lib/mayaHydra/hydraExtensions/sceneIndex/registration.h
[2023-11-15T19:18:08.199Z]     -- promoting: S:/Jenkins/workspace/ECP/ecg-maya-hydra/ecg-maya-hydra-branch-preflight-python3-windows/ecg-maya-hydra/maya-hydra/lib/mayaHydra/hydraExtensions/sceneIndex/mayaHydraSceneIndex.h
[2023-11-15T19:18:08.199Z]     -- promoting: S:/Jenkins/workspace/ECP/ecg-maya-hydra/ecg-maya-hydra-branch-preflight-python3-windows/ecg-maya-hydra/maya-hydra/lib/mayaHydra/hydraExtensions/sceneIndex/mayaHydraDataSource.h
[2023-11-15T19:18:08.199Z]     -- promoting: S:/Jenkins/workspace/ECP/ecg-maya-hydra/ecg-maya-hydra-branch-preflight-python3-windows/ecg-maya-hydra/maya-hydra/lib/mayaHydra/hydraExtensions/sceneIndex/mayaHydraPrimvarDataSource.h
[2023-11-15T19:18:08.199Z]     -- promoting: S:/Jenkins/workspace/ECP/ecg-maya-hydra/ecg-maya-hydra-branch-preflight-python3-windows/ecg-maya-hydra/maya-hydra/lib/mayaHydra/hydraExtensions/sceneIndex/mayaHydraDisplayStyleDataSource.h
[2023-11-15T19:18:08.199Z]     -- promoting: S:/Jenkins/workspace/ECP/ecg-maya-hydra/ecg-maya-hydra-branch-preflight-python3-windows/ecg-maya-hydra/maya-hydra/lib/mayaHydra/hydraExtensions/sceneIndex/mayaHydraCameraDataSource.h
[2023-11-15T19:18:08.199Z]     -- promoting: S:/Jenkins/workspace/ECP/ecg-maya-hydra/ecg-maya-hydra-branch-preflight-python3-windows/ecg-maya-hydra/maya-hydra/lib/mayaHydra/hydraExtensions/sceneIndex/mayaHydraLightDataSource.h
[2023-11-15T19:18:08.199Z]     -- promoting: S:/Jenkins/workspace/ECP/ecg-maya-hydra/ecg-maya-hydra-branch-preflight-python3-windows/ecg-maya-hydra/maya-hydra/lib/mayaHydra/hydraExtensions/sceneIndex/mayaHydraDefaultLightDataSource.h
[2023-11-15T19:18:08.199Z]     -- promoting: S:/Jenkins/workspace/ECP/ecg-maya-hydra/ecg-maya-hydra-branch-preflight-python3-windows/ecg-maya-hydra/maya-hydra/lib/mayaHydra/ufeExtensions/api.h
[2023-11-15T19:18:08.199Z]     -- promoting: S:/Jenkins/workspace/ECP/ecg-maya-hydra/ecg-maya-hydra-branch-preflight-python3-windows/ecg-maya-hydra/maya-hydra/lib/mayaHydra/ufeExtensions/Global.h
[2023-11-15T19:18:08.199Z]     -- promoting: S:/Jenkins/workspace/ECP/ecg-maya-hydra/ecg-maya-hydra-branch-preflight-python3-windows/ecg-maya-hydra/maya-hydra/lib/flowViewport/api.h
[2023-11-15T19:18:08.199Z]     -- promoting: S:/Jenkins/workspace/ECP/ecg-maya-hydra/ecg-maya-hydra-branch-preflight-python3-windows/ecg-maya-hydra/maya-hydra/lib/flowViewport/debugCodes.h
[2023-11-15T19:18:08.199Z]     -- promoting: S:/Jenkins/workspace/ECP/ecg-maya-hydra/ecg-maya-hydra-branch-preflight-python3-windows/ecg-maya-hydra/maya-hydra/lib/flowViewport/global.h
[2023-11-15T19:18:08.200Z]     -- promoting: S:/Jenkins/workspace/ECP/ecg-maya-hydra/ecg-maya-hydra-branch-preflight-python3-windows/ecg-maya-hydra/maya-hydra/lib/flowViewport/tokens.h
[2023-11-15T19:18:08.200Z]     -- promoting: S:/Jenkins/workspace/ECP/ecg-maya-hydra/ecg-maya-hydra-branch-preflight-python3-windows/ecg-maya-hydra/maya-hydra/lib/flowViewport/colorPreferences/fvpColorChanged.h
[2023-11-15T19:18:08.200Z]     -- promoting: S:/Jenkins/workspace/ECP/ecg-maya-hydra/ecg-maya-hydra-branch-preflight-python3-windows/ecg-maya-hydra/maya-hydra/lib/flowViewport/colorPreferences/fvpColorPreferences.h
[2023-11-15T19:18:08.200Z]     -- promoting: S:/Jenkins/workspace/ECP/ecg-maya-hydra/ecg-maya-hydra-branch-preflight-python3-windows/ecg-maya-hydra/maya-hydra/lib/flowViewport/colorPreferences/fvpColorPreferencesTokens.h
[2023-11-15T19:18:08.200Z]     -- promoting: S:/Jenkins/workspace/ECP/ecg-maya-hydra/ecg-maya-hydra-branch-preflight-python3-windows/ecg-maya-hydra/maya-hydra/lib/flowViewport/colorPreferences/fvpColorPreferencesTranslator.h
[2023-11-15T19:18:08.200Z]     -- promoting: S:/Jenkins/workspace/ECP/ecg-maya-hydra/ecg-maya-hydra-branch-preflight-python3-windows/ecg-maya-hydra/maya-hydra/lib/flowViewport/sceneIndex/fvpMergingSceneIndex.h
[2023-11-15T19:18:08.200Z]     -- promoting: S:/Jenkins/workspace/ECP/ecg-maya-hydra/ecg-maya-hydra-branch-preflight-python3-windows/ecg-maya-hydra/maya-hydra/lib/flowViewport/sceneIndex/fvpPathInterface.h
[2023-11-15T19:18:08.200Z]     -- promoting: S:/Jenkins/workspace/ECP/ecg-maya-hydra/ecg-maya-hydra-branch-preflight-python3-windows/ecg-maya-hydra/maya-hydra/lib/flowViewport/sceneIndex/fvpPathInterfaceSceneIndex.h
[2023-11-15T19:18:08.200Z]     -- promoting: S:/Jenkins/workspace/ECP/ecg-maya-hydra/ecg-maya-hydra-branch-preflight-python3-windows/ecg-maya-hydra/maya-hydra/lib/flowViewport/sceneIndex/fvpRenderIndexProxy.h
[2023-11-15T19:18:08.200Z]     -- promoting: S:/Jenkins/workspace/ECP/ecg-maya-hydra/ecg-maya-hydra-branch-preflight-python3-windows/ecg-maya-hydra/maya-hydra/lib/flowViewport/sceneIndex/fvpSelectionSceneIndex.h
[2023-11-15T19:18:08.200Z]     -- promoting: S:/Jenkins/workspace/ECP/ecg-maya-hydra/ecg-maya-hydra-branch-preflight-python3-windows/ecg-maya-hydra/maya-hydra/lib/flowViewport/sceneIndex/fvpWireframeSelectionHighlightSceneIndex.h
[2023-11-15T19:18:08.200Z]     -- promoting: S:/Jenkins/workspace/ECP/ecg-maya-hydra/ecg-maya-hydra-branch-preflight-python3-windows/ecg-maya-hydra/maya-hydra/lib/flowViewport/API/fvpSelectionClient.h
[2023-11-15T19:18:08.200Z]     -- promoting: S:/Jenkins/workspace/ECP/ecg-maya-hydra/ecg-maya-hydra-branch-preflight-python3-windows/ecg-maya-hydra/maya-hydra/lib/flowViewport/API/fvpFlowSelectionInterface.h
[2023-11-15T19:18:08.200Z]     -- promoting: S:/Jenkins/workspace/ECP/ecg-maya-hydra/ecg-maya-hydra-branch-preflight-python3-windows/ecg-maya-hydra/maya-hydra/lib/flowViewport/API/fvpVersionInterface.h
[2023-11-15T19:18:08.200Z]     -- promoting: S:/Jenkins/workspace/ECP/ecg-maya-hydra/ecg-maya-hydra-branch-preflight-python3-windows/ecg-maya-hydra/maya-hydra/lib/flowViewport/API/interfacesImp/fvpSelectionInterfaceImp.h
[2023-11-15T19:18:08.200Z]     -- promoting: S:/Jenkins/workspace/ECP/ecg-maya-hydra/ecg-maya-hydra-branch-preflight-python3-windows/ecg-maya-hydra/maya-hydra/lib/flowViewport/API/interfacesImp/fvpVersionInterfaceImp.h
[2023-11-15T19:18:08.200Z]     -- promoting: S:/Jenkins/workspace/ECP/ecg-maya-hydra/ecg-maya-hydra-branch-preflight-python3-windows/ecg-maya-hydra/maya-hydra/lib/flowViewport/API/samples/fvpSelectionClientExample.h
[2023-11-15T19:18:08.200Z]     -- promoting: S:/Jenkins/workspace/ECP/ecg-maya-hydra/ecg-maya-hydra-branch-preflight-python3-windows/ecg-maya-hydra/maya-hydra/lib/flowViewport/selection/fvpSelection.h
[2023-11-15T19:18:08.200Z]     -- promoting: S:/Jenkins/workspace/ECP/ecg-maya-hydra/ecg-maya-hydra-branch-preflight-python3-windows/ecg-maya-hydra/maya-hydra/lib/flowViewport/selection/fvpSelectionFwd.h
[2023-11-15T19:18:08.200Z]     -- promoting: S:/Jenkins/workspace/ECP/ecg-maya-hydra/ecg-maya-hydra-branch-preflight-python3-windows/ecg-maya-hydra/maya-hydra/lib/flowViewport/selection/fvpSelectionTask.h
[2023-11-15T19:18:08.200Z]     -- promoting: S:/Jenkins/workspace/ECP/ecg-maya-hydra/ecg-maya-hydra-branch-preflight-python3-windows/ecg-maya-hydra/maya-hydra/lib/flowViewport/selection/fvpSelectionTracker.h
[2023-11-15T19:20:46.791Z]     -- Configuring done
[2023-11-15T19:20:46.791Z]     -- Generating done
[2023-11-15T19:20:46.791Z]     CMake Warning:
[2023-11-15T19:20:46.791Z]       Manually-specified variables were not used by the project:
[2023-11-15T19:20:46.791Z]     
[2023-11-15T19:20:46.791Z]         BUILD_WITH_PYTHON_3
[2023-11-15T19:20:46.791Z]         MAYAHYDRA_BUILD_NUMBER
[2023-11-15T19:20:46.791Z]         MAYAHYDRA_GIT_BRANCH
[2023-11-15T19:20:46.791Z]         MAYAHYDRA_GIT_COMMIT
[2023-11-15T19:20:46.791Z]     
[2023-11-15T19:20:46.791Z]     
[2023-11-15T19:20:46.791Z]     -- Build files have been written to: W:/build/Debug
[2023-11-15T19:20:46.791Z]     
[2023-11-15T19:20:46.791Z]         Building with settings:
[2023-11-15T19:20:46.791Z]           Source directory          S:\Jenkins\workspace\ECP\ecg-maya-hydra\ecg-maya-hydra-branch-preflight-python3-windows\ecg-maya-hydra\maya-hydra
[2023-11-15T19:20:46.791Z]           Workspace directory       W:\
[2023-11-15T19:20:46.791Z]           Build directory           W:\build\Debug
[2023-11-15T19:20:46.791Z]           Install directory         W:\install\Debug\MayaHydra
[2023-11-15T19:20:46.791Z]           Variant                   Debug
[2023-11-15T19:20:46.791Z]           Python Debug              On
[2023-11-15T19:20:46.791Z]           CMake generator           Ninja
[2023-11-15T19:20:46.791Z]           Build arguments           ['-DCMAKE_MAKE_PROGRAM=P:/shared/Artifactory/Windows/ninja/1.10.2/ccacdf8/ninja.exe', '-DPYTHON_INCLUDE_DIR=P:/shared/Artifactory/Windows/rundev-master-debug/202310260154/runtime/2caf91a/runTime/include/Python310/Python', '-DPython_EXECUTABLE=P:/shared/Artifactory/Windows/rundev-master-debug/202310260154/runtime/2caf91a/runTime/bin/mayapy.exe', '-DPYTHON_LIBRARIES=P:/shared/Artifactory/Windows/rundev-master-debug/202310260154/runtime/2caf91a/runTime/lib/python310_d.lib', '-DBUILD_WITH_PYTHON_3=ON', '-DBUILD_WITH_PYTHON_3_VERSION=3.10', '-DCMAKE_WANT_MATERIALX_BUILD=ON', '-DCMAKE_PREFIX_PATH=P:\\shared\\Artifactory\\Windows\\USD\\972e371', '-DMAYAHYDRA_BUILD_NUMBER=397', '-DMAYAHYDRA_GIT_COMMIT=c1f8802e0362298f58a427db7119f38a8842cd69', '-DMAYAHYDRA_GIT_BRANCH=master']
[2023-11-15T19:20:46.791Z]           Stages arguments          ['configure']
[2023-11-15T19:20:46.791Z]           CTest arguments           ['--parallel 16']
[2023-11-15T19:20:46.791Z]     STATUS: Could not find Maya Qt6.
[2023-11-15T19:20:46.791Z]     STATUS:   Extracting 'P:\shared\Artifactory\Windows\rundev-master-debug\202310260154\runtime\2caf91a\devkitBase\Qt.zip' to 'P:\shared\Artifactory\Windows\rundev-master-debug\202310260154\runtime\2caf91a\devkitBase'
[2023-11-15T19:20:46.791Z]     Success MayaHydra build and install !!!!
[2023-11-15T19:20:46.791Z]     Elapsed time: 00:03:22
[Pipeline] bat
[2023-11-15T19:20:47.378Z] Deleting alias drive W:
[Pipeline] bat
[2023-11-15T19:20:47.975Z] Deleting alias drive P:
[Pipeline] bat
[2023-11-15T19:20:48.580Z] Creating alias drive P: to S:\jenkins\workspace
[Pipeline] bat
[2023-11-15T19:20:49.176Z] Creating alias drive W: to S:\Jenkins\workspace\ECP\ecg-maya-hydra\ecg-maya-hydra-branch-preflight-python3-windows
[Pipeline] bat
[2023-11-15T19:20:49.892Z] "C:\Program Files\Microsoft Visual Studio\2022\Professional\VC\Auxiliary\Build\vcvarsall.bat" x64
[2023-11-15T19:20:50.226Z] **********************************************************************
[2023-11-15T19:20:50.226Z] ** Visual Studio 2022 Developer Command Prompt v17.3.2
[2023-11-15T19:20:50.226Z] ** Copyright (c) 2022 Microsoft Corporation
[2023-11-15T19:20:50.226Z] **********************************************************************
[2023-11-15T19:20:51.387Z] [vcvarsall.bat] Environment initialized for: 'x64'
[2023-11-15T19:20:51.387Z] python ecg-maya-hydra/build.py --stages=configure --workspace-dir=W:\ --artifactory-dir=P:\shared\Artifactory --build-dir=W:\build --install-dir=W:\install --signing-dir=W:\signing --package-dir=W:\package --output-dir=W:\output --stash-dir=W:\stash --jenkins-build=397 --git-commit=c1f8802e0362298f58a427db7119f38a8842cd69 --git-branch=master --variants=RelWithDebInfo --interactive-tests=true --post-zips=false --osx-binary-architecture-target=ub2 --osx-deployment-target=11.0 --osx-base-sdk=CurrentActiveSDK --maya-cut-config=maya-rundev-master.yaml --maya-package=rundev-master --stage-banner
[2023-11-15T19:20:52.548Z] Using Maya cut from P:\shared\Artifactory\Windows\rundev-master\202311060140\runtime\1cbda2f
[2023-11-15T19:20:52.548Z] Using Maya ADSK Signatures from P:\shared\Artifactory\Windows\adsk-plugin-signatures-maya\2023\3ae1ae7
[2023-11-15T19:20:52.548Z] Using Maya Security Library from P:\shared\Artifactory\Windows\maya-security-library\3.4.0\284407f
[2023-11-15T19:20:52.548Z] 
[2023-11-15T19:20:52.548Z] ================================================================================
[2023-11-15T19:20:52.548Z]                            configure (RelWithDebInfo)
[2023-11-15T19:20:52.548Z] ================================================================================
[2023-11-15T19:20:52.548Z] Maya Python RelWithDebInfo Info:
[2023-11-15T19:20:52.548Z]   mayapy executable   = P:\shared\Artifactory\Windows\rundev-master\202311060140\runtime\1cbda2f\runTime\bin\mayapy.exe
[2023-11-15T19:20:52.548Z]   Include Folder      = P:\shared\Artifactory\Windows\rundev-master\202311060140\runtime\1cbda2f\runTime\include\Python310\Python
[2023-11-15T19:20:52.548Z]   Library             = P:\shared\Artifactory\Windows\rundev-master\202311060140\runtime\1cbda2f\runTime\lib\python310.lib
[2023-11-15T19:20:52.548Z]   site-package Folder = P:\shared\Artifactory\Windows\rundev-master\202311060140\runtime\1cbda2f\runTime\Python\Lib\site-packages
[2023-11-15T19:20:53.709Z] In workdir: S:\Jenkins\workspace\ECP\ecg-maya-hydra\ecg-maya-hydra-branch-preflight-python3-windows\ecg-maya-hydra\maya-hydra
[2023-11-15T19:20:53.709Z] Executing: 'P:\\shared\\Artifactory\\Windows\\rundev-master\\202311060140\\runtime\\1cbda2f\\runTime\\bin\\mayapy.exe' 'S:\\Jenkins\\workspace\\ECP\\ecg-maya-hydra\\ecg-maya-hydra-branch-preflight-python3-windows\\ecg-maya-hydra\\maya-hydra\\build.py' --generator Ninja --build-relwithdebug --maya-location 'P:\\shared\\Artifactory\\Windows\\rundev-master\\202311060140\\runtime\\1cbda2f\\runTime' --devkit-location 'P:\\shared\\Artifactory\\Windows\\rundev-master\\202311060140\\runtime\\1cbda2f\\devkitBase' --pxrusd-location 'P:\\shared\\Artifactory\\Windows\\USD\\ce619c6' '--build-args=-DCMAKE_MAKE_PROGRAM=P:/shared/Artifactory/Windows/ninja/1.10.2/ccacdf8/ninja.exe,-DPYTHON_INCLUDE_DIR=P:/shared/Artifactory/Windows/rundev-master/202311060140/runtime/1cbda2f/runTime/include/Python310/Python,-DPython_EXECUTABLE=P:/shared/Artifactory/Windows/rundev-master/202311060140/runtime/1cbda2f/runTime/bin/mayapy.exe,-DPYTHON_LIBRARIES=P:/shared/Artifactory/Windows/rundev-master/202311060140/runtime/1cbda2f/runTime/lib/python310.lib,-DBUILD_WITH_PYTHON_3=ON,-DBUILD_WITH_PYTHON_3_VERSION=3.10,-DCMAKE_WANT_MATERIALX_BUILD=ON,-DCMAKE_PREFIX_PATH=P:\\shared\\Artifactory\\Windows\\USD\\ce619c6,-DMAYAHYDRA_BUILD_NUMBER=397,-DMAYAHYDRA_GIT_COMMIT=c1f8802e0362298f58a427db7119f38a8842cd69,-DMAYAHYDRA_GIT_BRANCH=master' '--ctest-args=--parallel 16' --stages=configure --redirect-outstream-file=False --install-location 'W:\\install\\RelWithDebInfo\\MayaHydra' 'W:\\'
[2023-11-15T19:20:53.709Z] Modified environment variables:
[2023-11-15T19:20:53.709Z]     PATH=P:\shared\Artifactory\Windows\cmake\3.20.3\afe857a\bin;C:\Python27\lib\site-packages\pywin32_system32;C:\Program Files\Microsoft Visual Studio\2022\Professional\VC\Tools\MSVC\14.33.31629\bin\HostX64\x64;C:\Program Files\Microsoft Visual Studio\2022\Professional\Common7\IDE\VC\VCPackages;C:\Program Files\Microsoft Visual Studio\2022\Professional\Common7\IDE\CommonExtensions\Microsoft\TestWindow;C:\Program Files\Microsoft Visual Studio\2022\Professional\Common7\IDE\CommonExtensions\Microsoft\TeamFoundation\Team Explorer;C:\Program Files\Microsoft Visual Studio\2022\Professional\MSBuild\Current\bin\Roslyn;C:\Program Files\Microsoft Visual Studio\2022\Professional\Team Tools\Performance Tools\x64;C:\Program Files\Microsoft Visual Studio\2022\Professional\Team Tools\Performance Tools;C:\Program Files (x86)\Microsoft Visual Studio\Shared\Common\VSPerfCollectionTools\vs2019\\x64;C:\Program Files (x86)\Microsoft Visual Studio\Shared\Common\VSPerfCollectionTools\vs2019\;C:\Program Files (x86)\Microsoft SDKs\Windows\v10.0A\bin\NETFX 4.8 Tools\x64\;C:\Program Files (x86)\HTML Help Workshop;C:\Program Files\Microsoft Visual Studio\2022\Professional\Common7\IDE\CommonExtensions\Microsoft\FSharp\Tools;C:\Program Files (x86)\Windows Kits\10\bin\10.0.19041.0\\x64;C:\Program Files (x86)\Windows Kits\10\bin\\x64;C:\Program Files\Microsoft Visual Studio\2022\Professional\\MSBuild\Current\Bin\amd64;C:\WINDOWS\Microsoft.NET\Framework64\v4.0.30319;C:\Program Files\Microsoft Visual Studio\2022\Professional\Common7\IDE\;C:\Program Files\Microsoft Visual Studio\2022\Professional\Common7\Tools\;C:\Python27\;C:\Python27\Scripts;C:\WINDOWS\system32;C:\WINDOWS;C:\WINDOWS\System32\Wbem;C:\WINDOWS\System32\WindowsPowerShell\v1.0\;C:\WINDOWS\System32\OpenSSH\;C:\ProgramData\chocolatey\bin;C:\Program Files (x86)\WiX Toolset v3.7\bin;C:\Program Files\dotnet\;C:\Program Files\Zulu\zulu-11\bin\;C:\Program Files (x86)\Windows Kits\10\bin\10.0.19041.0\x64;C:\Program Files (x86)\Windows Kits\10\bin\10.0.18362.0\x64;C:\Program Files (x86)\Windows Kits\10\bin\10.0.17763.0\x64;C:\Program Files (x86)\Windows Kits\10\bin\x64;C:\Strawberry\c\bin;C:\Strawberry\perl\site\bin;C:\Strawberry\perl\bin;C:\Program Files\Git\cmd;C:\Program Files\Git\usr\bin;C:\Program Files\Git\mingw64\bin;C:\Program Files\Git\bin;C:\Python38\;C:\Python38\Scripts;C:\StoreBoxClientWindows;C:\Program Files\Electric Cloud\ElectricCommander\bin;C:\Program Files\WinRAR;C:\Program Files\7-Zip;C:\Users\Administrator\AppData\Local\Microsoft\WindowsApps;C:\Users\Administrator\.dotnet\tools;C:\Program Files\Microsoft Visual Studio\2022\Professional\Common7\IDE\CommonExtensions\Microsoft\CMake\CMake\bin;C:\Program Files\Microsoft Visual Studio\2022\Professional\Common7\IDE\CommonExtensions\Microsoft\CMake\Ninja;C:\Program Files\Microsoft Visual Studio\2022\Professional\Common7\IDE\VC\Linux\bin\ConnectionManagerExe
[2023-11-15T19:21:41.927Z]     -- The C compiler identification is MSVC 19.33.31629.0
[2023-11-15T19:21:41.927Z]     -- The CXX compiler identification is MSVC 19.33.31629.0
[2023-11-15T19:21:41.927Z]     -- Detecting C compiler ABI info
[2023-11-15T19:21:41.927Z]     -- Detecting C compiler ABI info - done
[2023-11-15T19:21:41.927Z]     -- Check for working C compiler: C:/Program Files/Microsoft Visual Studio/2022/Professional/VC/Tools/MSVC/14.33.31629/bin/Hostx64/x64/cl.exe - skipped
[2023-11-15T19:21:41.927Z]     -- Detecting C compile features
[2023-11-15T19:21:41.927Z]     -- Detecting C compile features - done
[2023-11-15T19:21:41.927Z]     -- Detecting CXX compiler ABI info
[2023-11-15T19:21:41.927Z]     -- Detecting CXX compiler ABI info - done
[2023-11-15T19:21:41.927Z]     -- Check for working CXX compiler: C:/Program Files/Microsoft Visual Studio/2022/Professional/VC/Tools/MSVC/14.33.31629/bin/Hostx64/x64/cl.exe - skipped
[2023-11-15T19:21:41.927Z]     -- Detecting CXX compile features
[2023-11-15T19:21:41.927Z]     -- Detecting CXX compile features - done
[2023-11-15T19:21:41.927Z]     -- Using Maya Light API Version 3
[2023-11-15T19:21:41.927Z]     -- Maya has setDefaultMaterialHandling API
[2023-11-15T19:21:41.927Z]     -- Maya has new point snapping API
[2023-11-15T19:21:41.927Z]     -- Maya has isInCrashHandler API
[2023-11-15T19:21:41.927Z]     -- Maya has getDisplayStyleOfAllViewports API
[2023-11-15T19:21:41.927Z]     -- Maya array iterator has difference_type trait
[2023-11-15T19:21:41.927Z]     -- MFnSet has getMemberPaths function
[2023-11-15T19:21:41.927Z]     -- MFnDisplayLayer exists
[2023-11-15T19:21:41.927Z]     -- MDisplayLayerMessage has MDisplayLayerMemberChangedFunction
[2023-11-15T19:21:41.927Z]     -- MRenderItem has HideOnPlayback API
[2023-11-15T19:21:41.927Z]     -- Found Maya: P:/shared/Artifactory/Windows/rundev-master/202311060140/runtime/1cbda2f/runTime/bin/maya.exe (found suitable version "2025", minimum required is "2024")
[2023-11-15T19:21:41.927Z]     -- Found Python: P:/shared/Artifactory/Windows/rundev-master/202311060140/runtime/1cbda2f/runTime/bin/mayapy.exe (found suitable exact version "3.10.8") found components: Interpreter
[2023-11-15T19:21:41.927Z]     -- Build mayaHydra with Python3 = 3.10
[2023-11-15T19:21:41.927Z]     --    PYTHON_INCLUDE_DIRS = P:/shared/Artifactory/Windows/rundev-master/202311060140/runtime/1cbda2f/runTime/include/Python310/Python
[2023-11-15T19:21:41.927Z]     --    PYTHON_LIBRARIES    = P:/shared/Artifactory/Windows/rundev-master/202311060140/runtime/1cbda2f/runTime/lib/python310.lib
[2023-11-15T19:21:41.927Z]     --    Python_EXECUTABLE   = P:/shared/Artifactory/Windows/rundev-master/202311060140/runtime/1cbda2f/runTime/bin/mayapy.exe
[2023-11-15T19:21:41.927Z]     -- Found Python3: P:\shared\Artifactory\Windows\rundev-master\202311060140\runtime\1cbda2f\runTime/lib/python310.lib (found suitable exact version "3.10.8") found components: Development Development.Module Development.Embed
[2023-11-15T19:21:41.927Z]     -- USD has new Sdr.PropertyTypes.Color4
[2023-11-15T19:21:41.927Z]     -- USD has MaterialX metadata support
[2023-11-15T19:21:41.927Z]     -- USD include dir: P:/shared/Artifactory/Windows/USD/ce619c6/include
[2023-11-15T19:21:41.927Z]     -- USD library dir: P:/shared/Artifactory/Windows/USD/ce619c6/lib
[2023-11-15T19:21:41.927Z]     -- USD version: 0.23.8
[2023-11-15T19:21:41.927Z]     -- USD Boost::boost version: 107800
[2023-11-15T19:21:41.927Z]     -- Found USD: P:/shared/Artifactory/Windows/USD/ce619c6 (found suitable version "0.23.8", minimum required is "0.22.11")
[2023-11-15T19:21:41.927Z]     Updated PYTHONPATH: P:\shared\Artifactory\Windows\USD\ce619c6\lib\python
[2023-11-15T19:21:41.927Z]     Updated PATH: P:\shared\Artifactory\Windows\cmake\3.20.3\afe857a\bin;C:\Python27\lib\site-packages\pywin32_system32;C:\Program Files\Microsoft Visual Studio\2022\Professional\VC\Tools\MSVC\14.33.31629\bin\HostX64\x64;C:\Program Files\Microsoft Visual Studio\2022\Professional\Common7\IDE\VC\VCPackages;C:\Program Files\Microsoft Visual Studio\2022\Professional\Common7\IDE\CommonExtensions\Microsoft\TestWindow;C:\Program Files\Microsoft Visual Studio\2022\Professional\Common7\IDE\CommonExtensions\Microsoft\TeamFoundation\Team Explorer;C:\Program Files\Microsoft Visual Studio\2022\Professional\MSBuild\Current\bin\Roslyn;C:\Program Files\Microsoft Visual Studio\2022\Professional\Team Tools\Performance Tools\x64;C:\Program Files\Microsoft Visual Studio\2022\Professional\Team Tools\Performance Tools;C:\Program Files (x86)\Microsoft Visual Studio\Shared\Common\VSPerfCollectionTools\vs2019\\x64;C:\Program Files (x86)\Microsoft Visual Studio\Shared\Common\VSPerfCollectionTools\vs2019\;C:\Program Files (x86)\Microsoft SDKs\Windows\v10.0A\bin\NETFX 4.8 Tools\x64\;C:\Program Files (x86)\HTML Help Workshop;C:\Program Files\Microsoft Visual Studio\2022\Professional\Common7\IDE\CommonExtensions\Microsoft\FSharp\Tools;C:\Program Files (x86)\Windows Kits\10\bin\10.0.19041.0\\x64;C:\Program Files (x86)\Windows Kits\10\bin\\x64;C:\Program Files\Microsoft Visual Studio\2022\Professional\\MSBuild\Current\Bin\amd64;C:\WINDOWS\Microsoft.NET\Framework64\v4.0.30319;C:\Program Files\Microsoft Visual Studio\2022\Professional\Common7\IDE\;C:\Program Files\Microsoft Visual Studio\2022\Professional\Common7\Tools\;C:\Python27\;C:\Python27\Scripts;C:\WINDOWS\system32;C:\WINDOWS;C:\WINDOWS\System32\Wbem;C:\WINDOWS\System32\WindowsPowerShell\v1.0\;C:\WINDOWS\System32\OpenSSH\;C:\ProgramData\chocolatey\bin;C:\Program Files (x86)\WiX Toolset v3.7\bin;C:\Program Files\dotnet\;C:\Program Files\Zulu\zulu-11\bin\;C:\Program Files (x86)\Windows Kits\10\bin\10.0.19041.0\x64;C:\Program Files (x86)\Windows Kits\10\bin\10.0.18362.0\x64;C:\Program Files (x86)\Windows Kits\10\bin\10.0.17763.0\x64;C:\Program Files (x86)\Windows Kits\10\bin\x64;C:\Strawberry\c\bin;C:\Strawberry\perl\site\bin;C:\Strawberry\perl\bin;C:\Program Files\Git\cmd;C:\Program Files\Git\usr\bin;C:\Program Files\Git\mingw64\bin;C:\Program Files\Git\bin;C:\Python38\;C:\Python38\Scripts;C:\StoreBoxClientWindows;C:\Program Files\Electric Cloud\ElectricCommander\bin;C:\Program Files\WinRAR;C:\Program Files\7-Zip;C:\Users\Administrator\AppData\Local\Microsoft\WindowsApps;C:\Users\Administrator\.dotnet\tools;C:\Program Files\Microsoft Visual Studio\2022\Professional\Common7\IDE\CommonExtensions\Microsoft\CMake\CMake\bin;C:\Program Files\Microsoft Visual Studio\2022\Professional\Common7\IDE\CommonExtensions\Microsoft\CMake\Ninja;C:\Program Files\Microsoft Visual Studio\2022\Professional\Common7\IDE\VC\Linux\bin\ConnectionManagerExe;P:\shared\Artifactory\Windows\USD\ce619c6\bin;P:\shared\Artifactory\Windows\USD\ce619c6\lib
[2023-11-15T19:21:41.927Z]     -- Found UFE: P:/shared/Artifactory/Windows/rundev-master/202311060140/runtime/1cbda2f/devkitBase/devkit/ufe/include (found version "0.5.11")
[2023-11-15T19:21:41.927Z]     -- UFE include dir: P:/shared/Artifactory/Windows/rundev-master/202311060140/runtime/1cbda2f/devkitBase/devkit/ufe/include
[2023-11-15T19:21:41.927Z]     -- UFE library: P:/shared/Artifactory/Windows/rundev-master/202311060140/runtime/1cbda2f/devkitBase/devkit/ufe/lib/ufe_0.lib
[2023-11-15T19:21:41.927Z]     -- UFE version: 0.5.11
[2023-11-15T19:21:41.927Z]     -- Maya has UFE lights API
[2023-11-15T19:21:41.927Z]     -- Maya has UFE scene segment API
[2023-11-15T19:21:41.927Z]     -- Maya has UFE TrieNode childrenComponents accessor
[2023-11-15T19:21:41.927Z]     -- Building with UFE 0.5.11.
[2023-11-15T19:21:41.927Z]     -- Found MaterialX
[2023-11-15T19:21:41.927Z]     -- Performing Test HAVE_STDATOMIC
[2023-11-15T19:21:41.927Z]     -- Performing Test HAVE_STDATOMIC - Success
[2023-11-15T19:21:41.927Z]     -- Found OpenGL: opengl32
[2023-11-15T19:21:41.927Z]     -- Check if linker can resolve circular dependencies - TRUE
[2023-11-15T19:21:41.927Z]     -- Found Qt 6.5.2 in Maya devkit. Hydra Scene Browser will be built.
[2023-11-15T19:21:41.927Z]     -- **** Building Gulrak From Github Repository.
[2023-11-15T19:21:41.927Z]     -- Populating gulrak
[2023-11-15T19:21:41.927Z]     -- Configuring done
[2023-11-15T19:21:41.927Z]     -- Generating done
[2023-11-15T19:21:41.927Z]     -- Build files have been written to: W:/build/RelWithDebInfo/_deps/gulrak-subbuild
[2023-11-15T19:21:41.927Z]     [1/9] Creating directories for 'gulrak-populate'
[2023-11-15T19:21:41.927Z]     [1/9] Performing download step (git clone) for 'gulrak-populate'
[2023-11-15T19:21:41.927Z]     Cloning into 'gulrak-src'...
[2023-11-15T19:21:43.088Z]     HEAD is now at 4e21ab3 Version bump and updated readme.
[2023-11-15T19:21:44.763Z]     [2/9] Performing update step for 'gulrak-populate'
[2023-11-15T19:21:45.097Z]     [4/9] No patch step for 'gulrak-populate'
[2023-11-15T19:21:45.097Z]     [5/9] No configure step for 'gulrak-populate'
[2023-11-15T19:21:45.431Z]     [6/9] No build step for 'gulrak-populate'
[2023-11-15T19:21:45.431Z]     [7/9] No install step for 'gulrak-populate'
[2023-11-15T19:21:45.765Z]     [8/9] No test step for 'gulrak-populate'
[2023-11-15T19:21:45.765Z]     [9/9] Completed 'gulrak-populate'
[2023-11-15T19:21:46.482Z]     -- ========== Installing GoogleTest... ==========
[2023-11-15T19:21:46.816Z]     -- Configuring done
[2023-11-15T19:21:46.816Z]     -- Generating done
[2023-11-15T19:21:46.816Z]     -- Build files have been written to: W:/build/RelWithDebInfo/googletest-config
[2023-11-15T19:21:47.534Z]     [1/8] Creating directories for 'googletest'
[2023-11-15T19:22:20.997Z]     [2/8] Performing download step (git clone) for 'googletest'
[2023-11-15T19:22:20.997Z]     Cloning into 'googletest-src'...
[2023-11-15T19:22:20.997Z]     HEAD is now at 703bd9ca Googletest export
[2023-11-15T19:22:20.997Z]     [3/8] Performing update step for 'googletest'
[2023-11-15T19:22:20.997Z]     [4/8] No patch step for 'googletest'
[2023-11-15T19:22:20.997Z]     [5/8] Performing configure step for 'googletest'
[2023-11-15T19:22:20.997Z]     Not searching for unused variables given on the command line.
[2023-11-15T19:22:20.997Z]     CMake Deprecation Warning at CMakeLists.txt:4 (cmake_minimum_required):
[2023-11-15T19:22:20.997Z]       Compatibility with CMake < 2.8.12 will be removed from a future version of
[2023-11-15T19:22:20.997Z]       CMake.
[2023-11-15T19:22:20.997Z]     
[2023-11-15T19:22:20.997Z]       Update the VERSION argument <min> value or use a ...<max> suffix to tell
[2023-11-15T19:22:20.997Z]       CMake that the project does not need compatibility with older versions.
[2023-11-15T19:22:20.997Z]     
[2023-11-15T19:22:20.997Z]     
[2023-11-15T19:22:20.997Z]     -- The C compiler identification is MSVC 19.33.31629.0
[2023-11-15T19:22:20.997Z]     -- The CXX compiler identification is MSVC 19.33.31629.0
[2023-11-15T19:22:20.997Z]     -- Detecting C compiler ABI info
[2023-11-15T19:22:20.997Z]     -- Detecting C compiler ABI info - done
[2023-11-15T19:22:20.997Z]     -- Check for working C compiler: C:/Program Files/Microsoft Visual Studio/2022/Professional/VC/Tools/MSVC/14.33.31629/bin/Hostx64/x64/cl.exe - skipped
[2023-11-15T19:22:20.997Z]     -- Detecting C compile features
[2023-11-15T19:22:20.997Z]     -- Detecting C compile features - done
[2023-11-15T19:22:20.997Z]     -- Detecting CXX compiler ABI info
[2023-11-15T19:22:20.997Z]     -- Detecting CXX compiler ABI info - done
[2023-11-15T19:22:20.997Z]     -- Check for working CXX compiler: C:/Program Files/Microsoft Visual Studio/2022/Professional/VC/Tools/MSVC/14.33.31629/bin/Hostx64/x64/cl.exe - skipped
[2023-11-15T19:22:20.997Z]     -- Detecting CXX compile features
[2023-11-15T19:22:20.997Z]     -- Detecting CXX compile features - done
[2023-11-15T19:22:20.997Z]     CMake Deprecation Warning at googletest/CMakeLists.txt:56 (cmake_minimum_required):
[2023-11-15T19:22:20.997Z]       Compatibility with CMake < 2.8.12 will be removed from a future version of
[2023-11-15T19:22:20.997Z]       CMake.
[2023-11-15T19:22:20.997Z]     
[2023-11-15T19:22:20.997Z]       Update the VERSION argument <min> value or use a ...<max> suffix to tell
[2023-11-15T19:22:20.997Z]       CMake that the project does not need compatibility with older versions.
[2023-11-15T19:22:20.997Z]     
[2023-11-15T19:22:20.997Z]     
[2023-11-15T19:22:20.997Z]     -- Found PythonInterp: C:/Python27/python.exe (found version "2.7.18")
[2023-11-15T19:22:20.997Z]     -- Looking for pthread.h
[2023-11-15T19:22:20.997Z]     -- Looking for pthread.h - not found
[2023-11-15T19:22:20.997Z]     -- Found Threads: TRUE
[2023-11-15T19:22:20.997Z]     -- Configuring done
[2023-11-15T19:22:20.997Z]     -- Generating done
[2023-11-15T19:22:20.997Z]     -- Build files have been written to: W:/build/RelWithDebInfo/googletest-build
[2023-11-15T19:22:24.821Z]     [6/8] Performing build step for 'googletest'
[2023-11-15T19:22:24.821Z]     [1/4] Building CXX object googletest\CMakeFiles\gtest_main.dir\src\gtest_main.cc.obj
[2023-11-15T19:22:24.821Z]     [2/4] Building CXX object googletest\CMakeFiles\gtest.dir\src\gtest-all.cc.obj
[2023-11-15T19:22:24.821Z]     [3/4] Linking CXX shared library bin\gtest.dll
[2023-11-15T19:22:24.821Z]     [4/4] Linking CXX shared library bin\gtest_main.dll
[2023-11-15T19:22:24.821Z]     [7/8] Performing install step for 'googletest'
[2023-11-15T19:22:24.821Z]     [0/1] Install the project...
[2023-11-15T19:22:24.821Z]     -- Install configuration: "RelWithDebInfo"
[2023-11-15T19:22:24.821Z]     [8/8] Completed 'googletest'
[2023-11-15T19:22:24.821Z]     -- ========== ...  GoogleTest installed. ==========
[2023-11-15T19:22:25.984Z]     -- Found GTest: W:/build/RelWithDebInfo/googletest-install/lib/gtest.lib
[2023-11-15T19:22:25.984Z]     -- promoting: S:/Jenkins/workspace/ECP/ecg-maya-hydra/ecg-maya-hydra-branch-preflight-python3-windows/ecg-maya-hydra/maya-hydra/lib/mayaHydra/mayaPlugin/pluginUtils.h
[2023-11-15T19:22:25.984Z]     -- promoting: S:/Jenkins/workspace/ECP/ecg-maya-hydra/ecg-maya-hydra-branch-preflight-python3-windows/ecg-maya-hydra/maya-hydra/lib/mayaHydra/hydraExtensions/api.h
[2023-11-15T19:22:25.984Z]     -- promoting: S:/Jenkins/workspace/ECP/ecg-maya-hydra/ecg-maya-hydra-branch-preflight-python3-windows/ecg-maya-hydra/maya-hydra/lib/mayaHydra/hydraExtensions/debugCodes.h
[2023-11-15T19:22:25.984Z]     -- promoting: S:/Jenkins/workspace/ECP/ecg-maya-hydra/ecg-maya-hydra-branch-preflight-python3-windows/ecg-maya-hydra/maya-hydra/lib/mayaHydra/hydraExtensions/hydraUtils.h
[2023-11-15T19:22:25.984Z]     -- promoting: S:/Jenkins/workspace/ECP/ecg-maya-hydra/ecg-maya-hydra-branch-preflight-python3-windows/ecg-maya-hydra/maya-hydra/lib/mayaHydra/hydraExtensions/interface.h
[2023-11-15T19:22:25.984Z]     -- promoting: S:/Jenkins/workspace/ECP/ecg-maya-hydra/ecg-maya-hydra-branch-preflight-python3-windows/ecg-maya-hydra/maya-hydra/lib/mayaHydra/hydraExtensions/interfaceImp.h
[2023-11-15T19:22:25.984Z]     -- promoting: S:/Jenkins/workspace/ECP/ecg-maya-hydra/ecg-maya-hydra-branch-preflight-python3-windows/ecg-maya-hydra/maya-hydra/lib/mayaHydra/hydraExtensions/mayaUtils.h
[2023-11-15T19:22:25.984Z]     -- promoting: S:/Jenkins/workspace/ECP/ecg-maya-hydra/ecg-maya-hydra-branch-preflight-python3-windows/ecg-maya-hydra/maya-hydra/lib/mayaHydra/hydraExtensions/mixedUtils.h
[2023-11-15T19:22:25.984Z]     -- promoting: S:/Jenkins/workspace/ECP/ecg-maya-hydra/ecg-maya-hydra-branch-preflight-python3-windows/ecg-maya-hydra/maya-hydra/lib/mayaHydra/hydraExtensions/mayaHydraSceneProducer.h
[2023-11-15T19:22:25.984Z]     -- promoting: S:/Jenkins/workspace/ECP/ecg-maya-hydra/ecg-maya-hydra-branch-preflight-python3-windows/ecg-maya-hydra/maya-hydra/lib/mayaHydra/hydraExtensions/adapters/adapter.h
[2023-11-15T19:22:25.984Z]     -- promoting: S:/Jenkins/workspace/ECP/ecg-maya-hydra/ecg-maya-hydra-branch-preflight-python3-windows/ecg-maya-hydra/maya-hydra/lib/mayaHydra/hydraExtensions/adapters/adapterDebugCodes.h
[2023-11-15T19:22:25.984Z]     -- promoting: S:/Jenkins/workspace/ECP/ecg-maya-hydra/ecg-maya-hydra-branch-preflight-python3-windows/ecg-maya-hydra/maya-hydra/lib/mayaHydra/hydraExtensions/adapters/adapterRegistry.h
[2023-11-15T19:22:25.984Z]     -- promoting: S:/Jenkins/workspace/ECP/ecg-maya-hydra/ecg-maya-hydra-branch-preflight-python3-windows/ecg-maya-hydra/maya-hydra/lib/mayaHydra/hydraExtensions/adapters/cameraAdapter.h
[2023-11-15T19:22:25.984Z]     -- promoting: S:/Jenkins/workspace/ECP/ecg-maya-hydra/ecg-maya-hydra-branch-preflight-python3-windows/ecg-maya-hydra/maya-hydra/lib/mayaHydra/hydraExtensions/adapters/constantShadowMatrix.h
[2023-11-15T19:22:25.984Z]     -- promoting: S:/Jenkins/workspace/ECP/ecg-maya-hydra/ecg-maya-hydra-branch-preflight-python3-windows/ecg-maya-hydra/maya-hydra/lib/mayaHydra/hydraExtensions/adapters/dagAdapter.h
[2023-11-15T19:22:25.984Z]     -- promoting: S:/Jenkins/workspace/ECP/ecg-maya-hydra/ecg-maya-hydra-branch-preflight-python3-windows/ecg-maya-hydra/maya-hydra/lib/mayaHydra/hydraExtensions/adapters/renderItemAdapter.h
[2023-11-15T19:22:25.984Z]     -- promoting: S:/Jenkins/workspace/ECP/ecg-maya-hydra/ecg-maya-hydra-branch-preflight-python3-windows/ecg-maya-hydra/maya-hydra/lib/mayaHydra/hydraExtensions/adapters/lightAdapter.h
[2023-11-15T19:22:25.984Z]     -- promoting: S:/Jenkins/workspace/ECP/ecg-maya-hydra/ecg-maya-hydra-branch-preflight-python3-windows/ecg-maya-hydra/maya-hydra/lib/mayaHydra/hydraExtensions/adapters/materialAdapter.h
[2023-11-15T19:22:25.984Z]     -- promoting: S:/Jenkins/workspace/ECP/ecg-maya-hydra/ecg-maya-hydra-branch-preflight-python3-windows/ecg-maya-hydra/maya-hydra/lib/mayaHydra/hydraExtensions/adapters/materialNetworkConverter.h
[2023-11-15T19:22:25.984Z]     -- promoting: S:/Jenkins/workspace/ECP/ecg-maya-hydra/ecg-maya-hydra-branch-preflight-python3-windows/ecg-maya-hydra/maya-hydra/lib/mayaHydra/hydraExtensions/adapters/mayaAttrs.h
[2023-11-15T19:22:25.984Z]     -- promoting: S:/Jenkins/workspace/ECP/ecg-maya-hydra/ecg-maya-hydra-branch-preflight-python3-windows/ecg-maya-hydra/maya-hydra/lib/mayaHydra/hydraExtensions/adapters/shapeAdapter.h
[2023-11-15T19:22:25.984Z]     -- promoting: S:/Jenkins/workspace/ECP/ecg-maya-hydra/ecg-maya-hydra-branch-preflight-python3-windows/ecg-maya-hydra/maya-hydra/lib/mayaHydra/hydraExtensions/adapters/tokens.h
[2023-11-15T19:22:25.984Z]     -- promoting: S:/Jenkins/workspace/ECP/ecg-maya-hydra/ecg-maya-hydra-branch-preflight-python3-windows/ecg-maya-hydra/maya-hydra/lib/mayaHydra/hydraExtensions/delegates/delegate.h
[2023-11-15T19:22:25.984Z]     -- promoting: S:/Jenkins/workspace/ECP/ecg-maya-hydra/ecg-maya-hydra-branch-preflight-python3-windows/ecg-maya-hydra/maya-hydra/lib/mayaHydra/hydraExtensions/delegates/delegateCtx.h
[2023-11-15T19:22:25.984Z]     -- promoting: S:/Jenkins/workspace/ECP/ecg-maya-hydra/ecg-maya-hydra-branch-preflight-python3-windows/ecg-maya-hydra/maya-hydra/lib/mayaHydra/hydraExtensions/delegates/delegateDebugCodes.h
[2023-11-15T19:22:25.984Z]     -- promoting: S:/Jenkins/workspace/ECP/ecg-maya-hydra/ecg-maya-hydra-branch-preflight-python3-windows/ecg-maya-hydra/maya-hydra/lib/mayaHydra/hydraExtensions/delegates/delegateRegistry.h
[2023-11-15T19:22:25.984Z]     -- promoting: S:/Jenkins/workspace/ECP/ecg-maya-hydra/ecg-maya-hydra-branch-preflight-python3-windows/ecg-maya-hydra/maya-hydra/lib/mayaHydra/hydraExtensions/delegates/params.h
[2023-11-15T19:22:25.984Z]     -- promoting: S:/Jenkins/workspace/ECP/ecg-maya-hydra/ecg-maya-hydra-branch-preflight-python3-windows/ecg-maya-hydra/maya-hydra/lib/mayaHydra/hydraExtensions/delegates/sceneDelegate.h
[2023-11-15T19:22:25.984Z]     -- promoting: S:/Jenkins/workspace/ECP/ecg-maya-hydra/ecg-maya-hydra-branch-preflight-python3-windows/ecg-maya-hydra/maya-hydra/lib/mayaHydra/hydraExtensions/delegates/defaultLightDelegate.h
[2023-11-15T19:22:25.984Z]     -- promoting: S:/Jenkins/workspace/ECP/ecg-maya-hydra/ecg-maya-hydra-branch-preflight-python3-windows/ecg-maya-hydra/maya-hydra/lib/mayaHydra/hydraExtensions/delegates/testDelegate.h
[2023-11-15T19:22:25.984Z]     -- promoting: S:/Jenkins/workspace/ECP/ecg-maya-hydra/ecg-maya-hydra-branch-preflight-python3-windows/ecg-maya-hydra/maya-hydra/lib/mayaHydra/hydraExtensions/sceneIndex/registration.h
[2023-11-15T19:22:25.984Z]     -- promoting: S:/Jenkins/workspace/ECP/ecg-maya-hydra/ecg-maya-hydra-branch-preflight-python3-windows/ecg-maya-hydra/maya-hydra/lib/mayaHydra/hydraExtensions/sceneIndex/mayaHydraSceneIndex.h
[2023-11-15T19:22:25.984Z]     -- promoting: S:/Jenkins/workspace/ECP/ecg-maya-hydra/ecg-maya-hydra-branch-preflight-python3-windows/ecg-maya-hydra/maya-hydra/lib/mayaHydra/hydraExtensions/sceneIndex/mayaHydraDataSource.h
[2023-11-15T19:22:25.984Z]     -- promoting: S:/Jenkins/workspace/ECP/ecg-maya-hydra/ecg-maya-hydra-branch-preflight-python3-windows/ecg-maya-hydra/maya-hydra/lib/mayaHydra/hydraExtensions/sceneIndex/mayaHydraPrimvarDataSource.h
[2023-11-15T19:22:25.984Z]     -- promoting: S:/Jenkins/workspace/ECP/ecg-maya-hydra/ecg-maya-hydra-branch-preflight-python3-windows/ecg-maya-hydra/maya-hydra/lib/mayaHydra/hydraExtensions/sceneIndex/mayaHydraDisplayStyleDataSource.h
[2023-11-15T19:22:25.984Z]     -- promoting: S:/Jenkins/workspace/ECP/ecg-maya-hydra/ecg-maya-hydra-branch-preflight-python3-windows/ecg-maya-hydra/maya-hydra/lib/mayaHydra/hydraExtensions/sceneIndex/mayaHydraCameraDataSource.h
[2023-11-15T19:22:25.984Z]     -- promoting: S:/Jenkins/workspace/ECP/ecg-maya-hydra/ecg-maya-hydra-branch-preflight-python3-windows/ecg-maya-hydra/maya-hydra/lib/mayaHydra/hydraExtensions/sceneIndex/mayaHydraLightDataSource.h
[2023-11-15T19:22:25.984Z]     -- promoting: S:/Jenkins/workspace/ECP/ecg-maya-hydra/ecg-maya-hydra-branch-preflight-python3-windows/ecg-maya-hydra/maya-hydra/lib/mayaHydra/hydraExtensions/sceneIndex/mayaHydraDefaultLightDataSource.h
[2023-11-15T19:22:25.984Z]     -- promoting: S:/Jenkins/workspace/ECP/ecg-maya-hydra/ecg-maya-hydra-branch-preflight-python3-windows/ecg-maya-hydra/maya-hydra/lib/mayaHydra/ufeExtensions/api.h
[2023-11-15T19:22:25.984Z]     -- promoting: S:/Jenkins/workspace/ECP/ecg-maya-hydra/ecg-maya-hydra-branch-preflight-python3-windows/ecg-maya-hydra/maya-hydra/lib/mayaHydra/ufeExtensions/Global.h
[2023-11-15T19:22:25.984Z]     -- promoting: S:/Jenkins/workspace/ECP/ecg-maya-hydra/ecg-maya-hydra-branch-preflight-python3-windows/ecg-maya-hydra/maya-hydra/lib/flowViewport/api.h
[2023-11-15T19:22:25.984Z]     -- promoting: S:/Jenkins/workspace/ECP/ecg-maya-hydra/ecg-maya-hydra-branch-preflight-python3-windows/ecg-maya-hydra/maya-hydra/lib/flowViewport/debugCodes.h
[2023-11-15T19:22:25.984Z]     -- promoting: S:/Jenkins/workspace/ECP/ecg-maya-hydra/ecg-maya-hydra-branch-preflight-python3-windows/ecg-maya-hydra/maya-hydra/lib/flowViewport/global.h
[2023-11-15T19:22:25.984Z]     -- promoting: S:/Jenkins/workspace/ECP/ecg-maya-hydra/ecg-maya-hydra-branch-preflight-python3-windows/ecg-maya-hydra/maya-hydra/lib/flowViewport/tokens.h
[2023-11-15T19:22:25.984Z]     -- promoting: S:/Jenkins/workspace/ECP/ecg-maya-hydra/ecg-maya-hydra-branch-preflight-python3-windows/ecg-maya-hydra/maya-hydra/lib/flowViewport/colorPreferences/fvpColorChanged.h
[2023-11-15T19:22:25.984Z]     -- promoting: S:/Jenkins/workspace/ECP/ecg-maya-hydra/ecg-maya-hydra-branch-preflight-python3-windows/ecg-maya-hydra/maya-hydra/lib/flowViewport/colorPreferences/fvpColorPreferences.h
[2023-11-15T19:22:25.984Z]     -- promoting: S:/Jenkins/workspace/ECP/ecg-maya-hydra/ecg-maya-hydra-branch-preflight-python3-windows/ecg-maya-hydra/maya-hydra/lib/flowViewport/colorPreferences/fvpColorPreferencesTokens.h
[2023-11-15T19:22:25.984Z]     -- promoting: S:/Jenkins/workspace/ECP/ecg-maya-hydra/ecg-maya-hydra-branch-preflight-python3-windows/ecg-maya-hydra/maya-hydra/lib/flowViewport/colorPreferences/fvpColorPreferencesTranslator.h
[2023-11-15T19:22:25.984Z]     -- promoting: S:/Jenkins/workspace/ECP/ecg-maya-hydra/ecg-maya-hydra-branch-preflight-python3-windows/ecg-maya-hydra/maya-hydra/lib/flowViewport/sceneIndex/fvpMergingSceneIndex.h
[2023-11-15T19:22:25.984Z]     -- promoting: S:/Jenkins/workspace/ECP/ecg-maya-hydra/ecg-maya-hydra-branch-preflight-python3-windows/ecg-maya-hydra/maya-hydra/lib/flowViewport/sceneIndex/fvpPathInterface.h
[2023-11-15T19:22:25.984Z]     -- promoting: S:/Jenkins/workspace/ECP/ecg-maya-hydra/ecg-maya-hydra-branch-preflight-python3-windows/ecg-maya-hydra/maya-hydra/lib/flowViewport/sceneIndex/fvpPathInterfaceSceneIndex.h
[2023-11-15T19:22:25.984Z]     -- promoting: S:/Jenkins/workspace/ECP/ecg-maya-hydra/ecg-maya-hydra-branch-preflight-python3-windows/ecg-maya-hydra/maya-hydra/lib/flowViewport/sceneIndex/fvpRenderIndexProxy.h
[2023-11-15T19:22:25.984Z]     -- promoting: S:/Jenkins/workspace/ECP/ecg-maya-hydra/ecg-maya-hydra-branch-preflight-python3-windows/ecg-maya-hydra/maya-hydra/lib/flowViewport/sceneIndex/fvpSelectionSceneIndex.h
[2023-11-15T19:22:25.984Z]     -- promoting: S:/Jenkins/workspace/ECP/ecg-maya-hydra/ecg-maya-hydra-branch-preflight-python3-windows/ecg-maya-hydra/maya-hydra/lib/flowViewport/sceneIndex/fvpWireframeSelectionHighlightSceneIndex.h
[2023-11-15T19:22:25.984Z]     -- promoting: S:/Jenkins/workspace/ECP/ecg-maya-hydra/ecg-maya-hydra-branch-preflight-python3-windows/ecg-maya-hydra/maya-hydra/lib/flowViewport/API/fvpSelectionClient.h
[2023-11-15T19:22:25.984Z]     -- promoting: S:/Jenkins/workspace/ECP/ecg-maya-hydra/ecg-maya-hydra-branch-preflight-python3-windows/ecg-maya-hydra/maya-hydra/lib/flowViewport/API/fvpFlowSelectionInterface.h
[2023-11-15T19:22:25.984Z]     -- promoting: S:/Jenkins/workspace/ECP/ecg-maya-hydra/ecg-maya-hydra-branch-preflight-python3-windows/ecg-maya-hydra/maya-hydra/lib/flowViewport/API/fvpVersionInterface.h
[2023-11-15T19:22:25.984Z]     -- promoting: S:/Jenkins/workspace/ECP/ecg-maya-hydra/ecg-maya-hydra-branch-preflight-python3-windows/ecg-maya-hydra/maya-hydra/lib/flowViewport/API/interfacesImp/fvpSelectionInterfaceImp.h
[2023-11-15T19:22:25.984Z]     -- promoting: S:/Jenkins/workspace/ECP/ecg-maya-hydra/ecg-maya-hydra-branch-preflight-python3-windows/ecg-maya-hydra/maya-hydra/lib/flowViewport/API/interfacesImp/fvpVersionInterfaceImp.h
[2023-11-15T19:22:25.984Z]     -- promoting: S:/Jenkins/workspace/ECP/ecg-maya-hydra/ecg-maya-hydra-branch-preflight-python3-windows/ecg-maya-hydra/maya-hydra/lib/flowViewport/API/samples/fvpSelectionClientExample.h
[2023-11-15T19:22:25.984Z]     -- promoting: S:/Jenkins/workspace/ECP/ecg-maya-hydra/ecg-maya-hydra-branch-preflight-python3-windows/ecg-maya-hydra/maya-hydra/lib/flowViewport/selection/fvpSelection.h
[2023-11-15T19:22:25.984Z]     -- promoting: S:/Jenkins/workspace/ECP/ecg-maya-hydra/ecg-maya-hydra-branch-preflight-python3-windows/ecg-maya-hydra/maya-hydra/lib/flowViewport/selection/fvpSelectionFwd.h
[2023-11-15T19:22:25.985Z]     -- promoting: S:/Jenkins/workspace/ECP/ecg-maya-hydra/ecg-maya-hydra-branch-preflight-python3-windows/ecg-maya-hydra/maya-hydra/lib/flowViewport/selection/fvpSelectionTask.h
[2023-11-15T19:22:25.985Z]     -- promoting: S:/Jenkins/workspace/ECP/ecg-maya-hydra/ecg-maya-hydra-branch-preflight-python3-windows/ecg-maya-hydra/maya-hydra/lib/flowViewport/selection/fvpSelectionTracker.h
[2023-11-15T19:23:06.135Z]     -- Configuring done
[2023-11-15T19:23:06.135Z]     -- Generating done
[2023-11-15T19:23:06.135Z]     CMake Warning:
[2023-11-15T19:23:06.135Z]       Manually-specified variables were not used by the project:
[2023-11-15T19:23:06.135Z]     
[2023-11-15T19:23:06.135Z]         BUILD_WITH_PYTHON_3
[2023-11-15T19:23:06.135Z]         MAYAHYDRA_BUILD_NUMBER
[2023-11-15T19:23:06.135Z]         MAYAHYDRA_GIT_BRANCH
[2023-11-15T19:23:06.135Z]         MAYAHYDRA_GIT_COMMIT
[2023-11-15T19:23:06.135Z]     
[2023-11-15T19:23:06.135Z]     
[2023-11-15T19:23:06.135Z]     -- Build files have been written to: W:/build/RelWithDebInfo
[2023-11-15T19:23:06.135Z]     
[2023-11-15T19:23:06.135Z]         Building with settings:
[2023-11-15T19:23:06.135Z]           Source directory          S:\Jenkins\workspace\ECP\ecg-maya-hydra\ecg-maya-hydra-branch-preflight-python3-windows\ecg-maya-hydra\maya-hydra
[2023-11-15T19:23:06.135Z]           Workspace directory       W:\
[2023-11-15T19:23:06.135Z]           Build directory           W:\build\RelWithDebInfo
[2023-11-15T19:23:06.135Z]           Install directory         W:\install\RelWithDebInfo\MayaHydra
[2023-11-15T19:23:06.135Z]           Variant                   RelWithDebInfo
[2023-11-15T19:23:06.135Z]           Python Debug              Off
[2023-11-15T19:23:06.135Z]           CMake generator           Ninja
[2023-11-15T19:23:06.135Z]           Build arguments           ['-DCMAKE_MAKE_PROGRAM=P:/shared/Artifactory/Windows/ninja/1.10.2/ccacdf8/ninja.exe', '-DPYTHON_INCLUDE_DIR=P:/shared/Artifactory/Windows/rundev-master/202311060140/runtime/1cbda2f/runTime/include/Python310/Python', '-DPython_EXECUTABLE=P:/shared/Artifactory/Windows/rundev-master/202311060140/runtime/1cbda2f/runTime/bin/mayapy.exe', '-DPYTHON_LIBRARIES=P:/shared/Artifactory/Windows/rundev-master/202311060140/runtime/1cbda2f/runTime/lib/python310.lib', '-DBUILD_WITH_PYTHON_3=ON', '-DBUILD_WITH_PYTHON_3_VERSION=3.10', '-DCMAKE_WANT_MATERIALX_BUILD=ON', '-DCMAKE_PREFIX_PATH=P:\\shared\\Artifactory\\Windows\\USD\\ce619c6', '-DMAYAHYDRA_BUILD_NUMBER=397', '-DMAYAHYDRA_GIT_COMMIT=c1f8802e0362298f58a427db7119f38a8842cd69', '-DMAYAHYDRA_GIT_BRANCH=master']
[2023-11-15T19:23:06.135Z]           Stages arguments          ['configure']
[2023-11-15T19:23:06.135Z]           CTest arguments           ['--parallel 16']
[2023-11-15T19:23:06.135Z]     STATUS: Could not find Maya Qt6.
[2023-11-15T19:23:06.135Z]     STATUS:   Extracting 'P:\shared\Artifactory\Windows\rundev-master\202311060140\runtime\1cbda2f\devkitBase\Qt.zip' to 'P:\shared\Artifactory\Windows\rundev-master\202311060140\runtime\1cbda2f\devkitBase'
[2023-11-15T19:23:06.135Z]     Success MayaHydra build and install !!!!
[2023-11-15T19:23:06.135Z]     Elapsed time: 00:01:32
[Pipeline] bat
[2023-11-15T19:23:06.725Z] Deleting alias drive W:
[Pipeline] bat
[2023-11-15T19:23:07.386Z] Deleting alias drive P:
[Pipeline] }
[Pipeline] // withEnv
[Pipeline] }
[Pipeline] // timeout
[Pipeline] }
[Pipeline] // stage
[Pipeline] }
[Pipeline] // timestamps
[Pipeline] timestamps
[Pipeline] {
[Pipeline] stage
[Pipeline] { (Build)
[Pipeline] timeout
[2023-11-15T19:23:07.581Z] Timeout set to expire in 6 hr 0 min
[Pipeline] {
[Pipeline] withEnv
[Pipeline] {
[Pipeline] bat
[2023-11-15T19:23:08.153Z] Creating alias drive P: to S:\jenkins\workspace
[Pipeline] bat
[2023-11-15T19:23:08.749Z] Creating alias drive W: to S:\Jenkins\workspace\ECP\ecg-maya-hydra\ecg-maya-hydra-branch-preflight-python3-windows
[Pipeline] bat
[2023-11-15T19:23:09.469Z] "C:\Program Files\Microsoft Visual Studio\2022\Professional\VC\Auxiliary\Build\vcvarsall.bat" x64
[2023-11-15T19:23:09.803Z] **********************************************************************
[2023-11-15T19:23:09.803Z] ** Visual Studio 2022 Developer Command Prompt v17.3.2
[2023-11-15T19:23:09.803Z] ** Copyright (c) 2022 Microsoft Corporation
[2023-11-15T19:23:09.803Z] **********************************************************************
[2023-11-15T19:23:11.481Z] [vcvarsall.bat] Environment initialized for: 'x64'
[2023-11-15T19:23:11.481Z] python ecg-maya-hydra/build.py --stages=build --workspace-dir=W:\ --artifactory-dir=P:\shared\Artifactory --build-dir=W:\build --install-dir=W:\install --signing-dir=W:\signing --package-dir=W:\package --output-dir=W:\output --stash-dir=W:\stash --jenkins-build=397 --git-commit=c1f8802e0362298f58a427db7119f38a8842cd69 --git-branch=master --variants=Debug --interactive-tests=true --post-zips=false --osx-binary-architecture-target=ub2 --osx-deployment-target=11.0 --osx-base-sdk=CurrentActiveSDK --build-retry=3 --maya-cut-config=maya-rundev-master-debug.yaml --maya-package=rundev-master-debug --stage-banner
[2023-11-15T19:23:12.199Z] Using Maya cut from P:\shared\Artifactory\Windows\rundev-master-debug\202310260154\runtime\2caf91a
[2023-11-15T19:23:12.199Z] Using Maya ADSK Signatures from P:\shared\Artifactory\Windows\adsk-plugin-signatures-maya\2023\3ae1ae7
[2023-11-15T19:23:12.199Z] Using Maya Security Library from P:\shared\Artifactory\Windows\maya-security-library\3.4.0\284407f
[2023-11-15T19:23:12.199Z] 
[2023-11-15T19:23:12.199Z] ================================================================================
[2023-11-15T19:23:12.199Z]                                  build (Debug)
[2023-11-15T19:23:12.199Z] ================================================================================
[2023-11-15T19:23:12.199Z] Maya Python Debug Info:
[2023-11-15T19:23:12.199Z]   mayapy executable   = P:\shared\Artifactory\Windows\rundev-master-debug\202310260154\runtime\2caf91a\runTime\bin\mayapy.exe
[2023-11-15T19:23:12.199Z]   Include Folder      = P:\shared\Artifactory\Windows\rundev-master-debug\202310260154\runtime\2caf91a\runTime\include\Python310\Python
[2023-11-15T19:23:12.199Z]   Library             = P:\shared\Artifactory\Windows\rundev-master-debug\202310260154\runtime\2caf91a\runTime\lib\python310_d.lib
[2023-11-15T19:23:12.199Z]   site-package Folder = P:\shared\Artifactory\Windows\rundev-master-debug\202310260154\runtime\2caf91a\runTime\Python\Lib\site-packages
[2023-11-15T19:23:14.479Z] 
[2023-11-15T19:23:14.479Z]             WARNING: The 'psutil' python package isn't installed. Thus, Peptide
[2023-11-15T19:23:14.479Z]             won't be able to determine the amount of RAM available. It will assume
[2023-11-15T19:23:14.479Z]             that your machine has only 16GB available, and will limit the number
[2023-11-15T19:23:14.479Z]             the number of link jobs being performed in parallel. This can
[2023-11-15T19:23:14.479Z]             negatively affect your build times.
[2023-11-15T19:23:14.479Z] 
[2023-11-15T19:23:14.479Z]             Please 'pip(3) install psutil' to resolve this.
[2023-11-15T19:23:14.479Z]             
[2023-11-15T19:23:14.479Z] In workdir: S:\Jenkins\workspace\ECP\ecg-maya-hydra\ecg-maya-hydra-branch-preflight-python3-windows\ecg-maya-hydra\maya-hydra
[2023-11-15T19:23:14.479Z] Executing: 'P:\\shared\\Artifactory\\Windows\\rundev-master-debug\\202310260154\\runtime\\2caf91a\\runTime\\bin\\mayapy.exe' 'S:\\Jenkins\\workspace\\ECP\\ecg-maya-hydra\\ecg-maya-hydra-branch-preflight-python3-windows\\ecg-maya-hydra\\maya-hydra\\build.py' --generator Ninja --build-debug --maya-location 'P:\\shared\\Artifactory\\Windows\\rundev-master-debug\\202310260154\\runtime\\2caf91a\\runTime' --devkit-location 'P:\\shared\\Artifactory\\Windows\\rundev-master-debug\\202310260154\\runtime\\2caf91a\\devkitBase' --pxrusd-location 'P:\\shared\\Artifactory\\Windows\\USD\\972e371' '--build-args=-DCMAKE_MAKE_PROGRAM=P:/shared/Artifactory/Windows/ninja/1.10.2/ccacdf8/ninja.exe,-DPYTHON_INCLUDE_DIR=P:/shared/Artifactory/Windows/rundev-master-debug/202310260154/runtime/2caf91a/runTime/include/Python310/Python,-DPython_EXECUTABLE=P:/shared/Artifactory/Windows/rundev-master-debug/202310260154/runtime/2caf91a/runTime/bin/mayapy.exe,-DPYTHON_LIBRARIES=P:/shared/Artifactory/Windows/rundev-master-debug/202310260154/runtime/2caf91a/runTime/lib/python310_d.lib,-DBUILD_WITH_PYTHON_3=ON,-DBUILD_WITH_PYTHON_3_VERSION=3.10,-DCMAKE_WANT_MATERIALX_BUILD=ON,-DCMAKE_PREFIX_PATH=P:\\shared\\Artifactory\\Windows\\USD\\972e371,-DMAYAHYDRA_BUILD_NUMBER=397,-DMAYAHYDRA_GIT_COMMIT=c1f8802e0362298f58a427db7119f38a8842cd69,-DMAYAHYDRA_GIT_BRANCH=master' --debug-python '--ctest-args=--parallel 16' --stages=build --redirect-outstream-file=False --install-location 'W:\\install\\Debug\\MayaHydra' 'W:\\'
[2023-11-15T19:23:14.479Z] Modified environment variables:
[2023-11-15T19:23:14.479Z]     PATH=P:\shared\Artifactory\Windows\cmake\3.20.3\afe857a\bin;C:\Python27\lib\site-packages\pywin32_system32;C:\Program Files\Microsoft Visual Studio\2022\Professional\VC\Tools\MSVC\14.33.31629\bin\HostX64\x64;C:\Program Files\Microsoft Visual Studio\2022\Professional\Common7\IDE\VC\VCPackages;C:\Program Files\Microsoft Visual Studio\2022\Professional\Common7\IDE\CommonExtensions\Microsoft\TestWindow;C:\Program Files\Microsoft Visual Studio\2022\Professional\Common7\IDE\CommonExtensions\Microsoft\TeamFoundation\Team Explorer;C:\Program Files\Microsoft Visual Studio\2022\Professional\MSBuild\Current\bin\Roslyn;C:\Program Files\Microsoft Visual Studio\2022\Professional\Team Tools\Performance Tools\x64;C:\Program Files\Microsoft Visual Studio\2022\Professional\Team Tools\Performance Tools;C:\Program Files (x86)\Microsoft Visual Studio\Shared\Common\VSPerfCollectionTools\vs2019\\x64;C:\Program Files (x86)\Microsoft Visual Studio\Shared\Common\VSPerfCollectionTools\vs2019\;C:\Program Files (x86)\Microsoft SDKs\Windows\v10.0A\bin\NETFX 4.8 Tools\x64\;C:\Program Files (x86)\HTML Help Workshop;C:\Program Files\Microsoft Visual Studio\2022\Professional\Common7\IDE\CommonExtensions\Microsoft\FSharp\Tools;C:\Program Files (x86)\Windows Kits\10\bin\10.0.19041.0\\x64;C:\Program Files (x86)\Windows Kits\10\bin\\x64;C:\Program Files\Microsoft Visual Studio\2022\Professional\\MSBuild\Current\Bin\amd64;C:\WINDOWS\Microsoft.NET\Framework64\v4.0.30319;C:\Program Files\Microsoft Visual Studio\2022\Professional\Common7\IDE\;C:\Program Files\Microsoft Visual Studio\2022\Professional\Common7\Tools\;C:\Python27\;C:\Python27\Scripts;C:\WINDOWS\system32;C:\WINDOWS;C:\WINDOWS\System32\Wbem;C:\WINDOWS\System32\WindowsPowerShell\v1.0\;C:\WINDOWS\System32\OpenSSH\;C:\ProgramData\chocolatey\bin;C:\Program Files (x86)\WiX Toolset v3.7\bin;C:\Program Files\dotnet\;C:\Program Files\Zulu\zulu-11\bin\;C:\Program Files (x86)\Windows Kits\10\bin\10.0.19041.0\x64;C:\Program Files (x86)\Windows Kits\10\bin\10.0.18362.0\x64;C:\Program Files (x86)\Windows Kits\10\bin\10.0.17763.0\x64;C:\Program Files (x86)\Windows Kits\10\bin\x64;C:\Strawberry\c\bin;C:\Strawberry\perl\site\bin;C:\Strawberry\perl\bin;C:\Program Files\Git\cmd;C:\Program Files\Git\usr\bin;C:\Program Files\Git\mingw64\bin;C:\Program Files\Git\bin;C:\Python38\;C:\Python38\Scripts;C:\StoreBoxClientWindows;C:\Program Files\Electric Cloud\ElectricCommander\bin;C:\Program Files\WinRAR;C:\Program Files\7-Zip;C:\Users\Administrator\AppData\Local\Microsoft\WindowsApps;C:\Users\Administrator\.dotnet\tools;C:\Program Files\Microsoft Visual Studio\2022\Professional\Common7\IDE\CommonExtensions\Microsoft\CMake\CMake\bin;C:\Program Files\Microsoft Visual Studio\2022\Professional\Common7\IDE\CommonExtensions\Microsoft\CMake\Ninja;C:\Program Files\Microsoft Visual Studio\2022\Professional\Common7\IDE\VC\Linux\bin\ConnectionManagerExe
[2023-11-15T19:23:16.758Z]     [1/100] Building CXX object lib\flowViewport\CMakeFiles\flowViewport.dir\sceneIndex\fvpPathInterface.cpp.obj
[2023-11-15T19:23:16.758Z]     [2/100] Building CXX object lib\flowViewport\CMakeFiles\flowViewport.dir\API\interfacesImp\fvpVersionInterfaceImp.cpp.obj
[2023-11-15T19:23:17.091Z]     [3/100] Building CXX object lib\flowViewport\CMakeFiles\flowViewport.dir\debugCodes.cpp.obj
[2023-11-15T19:23:17.091Z]     [4/100] Building CXX object lib\flowViewport\CMakeFiles\flowViewport.dir\tokens.cpp.obj
[2023-11-15T19:23:17.091Z]     [5/100] Building CXX object lib\flowViewport\CMakeFiles\flowViewport.dir\colorPreferences\fvpColorPreferencesTokens.cpp.obj
[2023-11-15T19:23:17.426Z]     [6/100] Building CXX object lib\flowViewport\CMakeFiles\flowViewport.dir\selection\fvpSelectionFwd.cpp.obj
[2023-11-15T19:23:17.426Z]     [7/100] Building CXX object lib\flowViewport\CMakeFiles\flowViewport.dir\colorPreferences\fvpColorPreferences.cpp.obj
[2023-11-15T19:23:17.426Z]     [8/100] Building CXX object lib\flowViewport\CMakeFiles\flowViewport.dir\colorPreferences\fvpColorChanged.cpp.obj
[2023-11-15T19:23:17.426Z]     [9/100] Building CXX object lib\flowViewport\CMakeFiles\flowViewport.dir\global.cpp.obj
[2023-11-15T19:23:17.763Z]     [10/100] Building CXX object lib\flowViewport\CMakeFiles\flowViewport.dir\API\samples\fvpSelectionClientExample.cpp.obj
[2023-11-15T19:23:18.097Z]     [11/100] Building CXX object lib\flowViewport\CMakeFiles\flowViewport.dir\API\interfacesImp\fvpSelectionInterfaceImp.cpp.obj
[2023-11-15T19:23:18.430Z]     [12/100] Building CXX object lib\mayaHydra\ufeExtensions\CMakeFiles\ufeExtensions.dir\Global.cpp.obj
[2023-11-15T19:23:18.764Z]     [13/100] Building CXX object test\lib\mayaUsd\render\mayaToHydra\cpp\CMakeFiles\mayaHydraCppTests.dir\testCppFramework.cpp.obj
[2023-11-15T19:23:19.098Z]     [14/100] Building CXX object test\lib\mayaUsd\render\mayaToHydra\cpp\CMakeFiles\mayaHydraCppTests.dir\mayaHydraCppTestsCmd.cpp.obj
[2023-11-15T19:23:19.098Z]     [15/100] Linking CXX shared library lib\mayaHydra\ufeExtensions\ufeExtensions.dll
[2023-11-15T19:23:19.433Z]     [16/100] Building CXX object test\lib\mayaUsd\render\mayaToHydra\cpp\CMakeFiles\mayaHydraCppTests.dir\testColorPreferences.cpp.obj
[2023-11-15T19:23:20.159Z]     [17/100] Building CXX object lib\mayaHydra\mayaPlugin\CMakeFiles\mayaHydra.dir\colorNotFoundException.cpp.obj
[2023-11-15T19:23:21.835Z]     [18/100] Building CXX object lib\flowViewport\CMakeFiles\flowViewport.dir\sceneIndex\fvpMergingSceneIndex.cpp.obj
[2023-11-15T19:23:22.169Z]     [19/100] Building CXX object lib\flowViewport\CMakeFiles\flowViewport.dir\sceneIndex\fvpPathInterfaceSceneIndex.cpp.obj
[2023-11-15T19:23:22.169Z]     [20/100] Building CXX object lib\flowViewport\CMakeFiles\flowViewport.dir\sceneIndex\fvpRenderIndexProxy.cpp.obj
[2023-11-15T19:23:22.169Z]     [21/100] Building CXX object lib\flowViewport\CMakeFiles\flowViewport.dir\sceneIndex\fvpSelectionSceneIndex.cpp.obj
[2023-11-15T19:23:23.331Z]     [22/100] Building CXX object lib\flowViewport\CMakeFiles\flowViewport.dir\selection\fvpSelection.cpp.obj
[2023-11-15T19:23:23.331Z]     [23/100] Building CXX object lib\mayaHydra\mayaPlugin\CMakeFiles\mayaHydra.dir\pluginDebugCodes.cpp.obj
[2023-11-15T19:23:23.665Z]     [24/100] Building CXX object lib\flowViewport\CMakeFiles\flowViewport.dir\sceneIndex\fvpWireframeSelectionHighlightSceneIndex.cpp.obj
[2023-11-15T19:23:23.999Z]     [25/100] Building CXX object test\lib\mayaUsd\render\mayaToHydra\cpp\CMakeFiles\mayaHydraCppTests.dir\testUtils.cpp.obj
[2023-11-15T19:23:23.999Z]     [26/100] Building CXX object lib\mayaHydra\mayaPlugin\CMakeFiles\mayaHydra.dir\tokens.cpp.obj
[2023-11-15T19:23:24.333Z]     [27/100] Building CXX object lib\mayaHydra\mayaPlugin\CMakeFiles\mayaHydra.dir\mayaColorPreferencesTranslator.cpp.obj
[2023-11-15T19:23:24.333Z]     [28/100] Building CXX object test\lib\mayaUsd\render\mayaToHydra\cpp\CMakeFiles\mayaHydraCppTests.dir\testMayaUsdUfeItems.cpp.obj
[2023-11-15T19:23:24.333Z]     [29/100] Building CXX object lib\mayaHydra\hydraExtensions\CMakeFiles\mayaHydraLib.dir\mayaUtils.cpp.obj
[2023-11-15T19:23:24.333Z]     [30/100] Building CXX object lib\flowViewport\CMakeFiles\flowViewport.dir\selection\fvpSelectionTracker.cpp.obj
[2023-11-15T19:23:25.052Z]     [31/100] Building CXX object lib\flowViewport\CMakeFiles\flowViewport.dir\selection\fvpSelectionTask.cpp.obj
[2023-11-15T19:23:25.052Z]     [32/100] Building CXX object test\lib\mayaUsd\render\mayaToHydra\cpp\CMakeFiles\mayaHydraCppTests.dir\testSelectionSceneIndex.cpp.obj
[2023-11-15T19:23:25.387Z]     [33/100] Building CXX object test\lib\mayaUsd\render\mayaToHydra\cpp\CMakeFiles\mayaHydraCppTests.dir\testMayaSceneFlattening.cpp.obj
[2023-11-15T19:23:25.387Z]     [34/100] Building CXX object lib\mayaHydra\hydraExtensions\CMakeFiles\mayaHydraLib.dir\debugCodes.cpp.obj
[2023-11-15T19:23:25.721Z]     [35/100] Linking CXX shared library lib\flowViewport\flowViewport.dll
[2023-11-15T19:23:26.054Z]     [36/100] Building CXX object test\lib\mayaUsd\render\mayaToHydra\cpp\CMakeFiles\mayaHydraCppTests.dir\testWireframeSelectionHighlightSceneIndex.cpp.obj
[2023-11-15T19:23:26.388Z]     [37/100] Building CXX object lib\mayaHydra\hydraExtensions\CMakeFiles\mayaHydraLib.dir\adapters\adapterDebugCodes.cpp.obj
[2023-11-15T19:23:29.373Z]     [38/100] Building CXX object lib\mayaHydra\mayaPlugin\CMakeFiles\mayaHydra.dir\pluginUtils.cpp.obj
[2023-11-15T19:23:29.707Z]     [39/100] Building CXX object lib\mayaHydra\hydraExtensions\CMakeFiles\mayaHydraLib.dir\interfaceImp.cpp.obj
[2023-11-15T19:23:30.042Z]     [40/100] Building CXX object test\lib\mayaUsd\render\mayaToHydra\cpp\CMakeFiles\mayaHydraCppTests.dir\testMergingSceneIndex.cpp.obj
[2023-11-15T19:23:30.376Z]     [41/100] Building CXX object lib\mayaHydra\hydraExtensions\CMakeFiles\mayaHydraLib.dir\mixedUtils.cpp.obj
[2023-11-15T19:23:31.093Z]     [42/100] Building CXX object lib\mayaHydra\hydraExtensions\CMakeFiles\mayaHydraLib.dir\hydraUtils.cpp.obj
[2023-11-15T19:23:31.811Z]     [43/100] Building CXX object lib\mayaHydra\mayaPlugin\CMakeFiles\mayaHydra.dir\renderGlobals.cpp.obj
[2023-11-15T19:23:32.528Z]     [44/100] Building CXX object lib\mayaHydra\hydraExtensions\CMakeFiles\mayaHydraLib.dir\adapters\mayaAttrs.cpp.obj
[2023-11-15T19:23:32.528Z]     [45/100] Building CXX object lib\mayaHydra\mayaPlugin\CMakeFiles\mayaHydra.dir\renderOverride.cpp.obj
[2023-11-15T19:23:33.246Z]     [46/100] Building CXX object lib\mayaHydra\mayaPlugin\CMakeFiles\mayaHydra.dir\plugin.cpp.obj
[2023-11-15T19:23:34.407Z]     [47/100] Building CXX object lib\mayaHydra\mayaPlugin\CMakeFiles\mayaHydra.dir\viewCommand.cpp.obj
[2023-11-15T19:23:34.407Z]     MAYAHYDRA_CUT_ID is not defined
[2023-11-15T19:23:35.568Z]     [48/100] Building CXX object lib\mayaHydra\hydraExtensions\CMakeFiles\mayaHydraLib.dir\adapters\adapter.cpp.obj
[2023-11-15T19:23:35.902Z]     [49/100] Building CXX object lib\mayaHydra\hydraExtensions\CMakeFiles\mayaHydraLib.dir\adapters\adapterRegistry.cpp.obj
[2023-11-15T19:23:36.235Z]     [50/100] Building CXX object lib\mayaHydra\hydraExtensions\CMakeFiles\mayaHydraLib.dir\adapters\cameraAdapter.cpp.obj
[2023-11-15T19:23:36.965Z]     [51/100] Building CXX object lib\mayaHydra\hydraExtensions\CMakeFiles\mayaHydraLib.dir\delegates\delegateDebugCodes.cpp.obj
[2023-11-15T19:23:37.299Z]     [52/100] Building CXX object lib\mayaHydra\hydraExtensions\CMakeFiles\mayaHydraLib.dir\adapters\lightAdapter.cpp.obj
[2023-11-15T19:23:37.633Z]     [53/100] Building CXX object lib\mayaHydra\hydraExtensions\CMakeFiles\mayaHydraLib.dir\adapters\areaLightAdapter.cpp.obj
[2023-11-15T19:23:38.794Z]     [54/100] Building CXX object lib\mayaHydra\hydraExtensions\CMakeFiles\mayaHydraLib.dir\adapters\aiSkydomeLightAdapter.cpp.obj
[2023-11-15T19:23:38.794Z]     [55/100] Building CXX object lib\mayaHydra\hydraExtensions\CMakeFiles\mayaHydraLib.dir\adapters\tokens.cpp.obj
[2023-11-15T19:23:41.073Z]     [56/100] Building CXX object lib\mayaHydra\hydraExtensions\CMakeFiles\mayaHydraLib.dir\adapters\materialAdapter.cpp.obj
[2023-11-15T19:23:41.073Z]     [57/100] Building CXX object lib\mayaHydra\hydraExtensions\CMakeFiles\mayaHydraLib.dir\mayaHydraSceneProducer.cpp.obj
[2023-11-15T19:23:41.799Z]     [58/100] Building CXX object lib\mayaHydra\hydraExtensions\CMakeFiles\mayaHydraLib.dir\adapters\directionalLightAdapter.cpp.obj
[2023-11-15T19:23:42.133Z]     [59/100] Building CXX object lib\mayaHydra\hydraExtensions\CMakeFiles\mayaHydraLib.dir\adapters\renderItemAdapter.cpp.obj
[2023-11-15T19:23:42.466Z]     [60/100] Building CXX object lib\mayaHydra\hydraExtensions\CMakeFiles\mayaHydraLib.dir\adapters\dagAdapter.cpp.obj
[2023-11-15T19:23:42.800Z]     [61/100] Building CXX object lib\mayaHydra\hydraExtensions\CMakeFiles\mayaHydraLib.dir\adapters\shapeAdapter.cpp.obj
[2023-11-15T19:23:43.134Z]     [62/100] Building CXX object lib\mayaHydra\hydraExtensions\CMakeFiles\mayaHydraLib.dir\adapters\materialNetworkConverter.cpp.obj
[2023-11-15T19:23:43.852Z]     [63/100] Building CXX object lib\mayaHydra\hydraExtensions\CMakeFiles\mayaHydraLib.dir\adapters\pointLightAdapter.cpp.obj
[2023-11-15T19:23:45.531Z]     [64/100] Building CXX object lib\mayaHydra\hydraExtensions\CMakeFiles\mayaHydraLib.dir\adapters\spotLightAdapter.cpp.obj
[2023-11-15T19:23:46.248Z]     [65/100] Building CXX object lib\mayaHydra\hydraExtensions\CMakeFiles\mayaHydraLib.dir\delegates\delegateRegistry.cpp.obj
[2023-11-15T19:23:46.582Z]     [66/100] Building CXX object lib\mayaHydra\hydraExtensions\CMakeFiles\mayaHydraLib.dir\adapters\nurbsCurveAdapter.cpp.obj
[2023-11-15T19:23:47.300Z]     [67/100] Building CXX object lib\mayaHydra\hydraExtensions\CMakeFiles\mayaHydraLib.dir\delegates\delegate.cpp.obj
[2023-11-15T19:23:48.461Z]     [68/100] Building CXX object lib\mayaHydra\hydraExtensions\CMakeFiles\mayaHydraLib.dir\adapters\meshAdapter.cpp.obj
[2023-11-15T19:23:48.795Z]     [69/100] Building CXX object lib\mayaHydra\hydraExtensions\CMakeFiles\mayaHydraLib.dir\delegates\delegateCtx.cpp.obj
[2023-11-15T19:23:50.472Z]     [70/100] Building CXX object lib\mayaHydra\hydraExtensions\CMakeFiles\mayaHydraLib.dir\delegates\sceneDelegate.cpp.obj
[2023-11-15T19:23:50.473Z]     [71/100] Building CXX object lib\mayaHydra\hydraExtensions\CMakeFiles\mayaHydraLib.dir\sceneIndex\mayaHydraLightDataSource.cpp.obj
[2023-11-15T19:23:51.190Z]     [72/100] Building CXX object lib\mayaHydra\hydraExtensions\CMakeFiles\mayaHydraLib.dir\sceneIndex\registration.cpp.obj
[2023-11-15T19:23:51.524Z]     [73/100] Automatic MOC for target adskHydraSceneBrowser
[2023-11-15T19:23:53.202Z]     [74/100] Building CXX object lib\mayaHydra\hydraExtensions\CMakeFiles\mayaHydraLib.dir\sceneIndex\mayaHydraPrimvarDataSource.cpp.obj
[2023-11-15T19:23:53.202Z]     [75/100] Building CXX object lib\mayaHydra\hydraExtensions\CMakeFiles\mayaHydraLib.dir\sceneIndex\mayaHydraDefaultLightDataSource.cpp.obj
[2023-11-15T19:23:53.921Z]     [76/100] Building CXX object lib\mayaHydra\hydraExtensions\CMakeFiles\mayaHydraLib.dir\sceneIndex\mayaHydraSceneIndex.cpp.obj
[2023-11-15T19:23:55.083Z]     [77/100] Building CXX object lib\adskHydraSceneBrowser\lib\CMakeFiles\adskHydraSceneBrowser.dir\src\patch\dataSourceTreeWidget.cpp.obj
[2023-11-15T19:23:55.083Z]     FAILED: lib/adskHydraSceneBrowser/lib/CMakeFiles/adskHydraSceneBrowser.dir/src/patch/dataSourceTreeWidget.cpp.obj
[2023-11-15T19:23:55.083Z]     C:\PROGRA~1\MICROS~4\2022\PROFES~1\VC\Tools\MSVC\1433~1.316\bin\Hostx64\x64\cl.exe  /nologo /TP -DBOOST_ALL_DYN_LINK -DBOOST_CONFIG_SUPPRESS_OUTDATED_MESSAGE -DBOOST_DEBUG_PYTHON -DBOOST_LINKING_PYTHON -DHAVE_SNPRINTF -DHDUI_EXPORT -DNOMINMAX -DQT_GUI_LIB -DQT_NO_KEYWORDS -DQT_WIDGETS_LIB -DTBB_SUPPRESS_DEPRECATED_MESSAGES -DTBB_USE_DEBUG -DUNICODE -DWIN32 -DWIN64 -D_CRT_SECURE_NO_WARNINGS -D_ENABLE_EXTENDED_ALIGNED_STORAGE -D_SCL_SECURE_NO_WARNINGS -D_UNICODE -D_WIN64 -DadskHydraSceneBrowser_EXPORTS -Ilib\adskHydraSceneBrowser\lib\adskHydraSceneBrowser_autogen\include -IS:\Jenkins\workspace\ECP\ecg-maya-hydra\ecg-maya-hydra-branch-preflight-python3-windows\ecg-maya-hydra\maya-hydra\lib\adskHydraSceneBrowser\lib -Ilib\adskHydraSceneBrowser\lib\src\patch -IP:\shared\Artifactory\Windows\USD\972e371\include -IP:\shared\Artifactory\Windows\USD\972e371\include\boost-1_78 -IP:\shared\Artifactory\Windows\rundev-master-debug\202310260154\runtime\2caf91a\runTime\include\Python310\Python -IP:\shared\Artifactory\Windows\rundev-master-debug\202310260154\runtime\2caf91a\devkitBase\Qt\include\QtCore -IP:\shared\Artifactory\Windows\rundev-master-debug\202310260154\runtime\2caf91a\devkitBase\Qt\include -IP:\shared\Artifactory\Windows\rundev-master-debug\202310260154\runtime\2caf91a\devkitBase\Qt\mkspecs\win32-msvc -IP:\shared\Artifactory\Windows\rundev-master-debug\202310260154\runtime\2caf91a\devkitBase\Qt\include\QtWidgets -IP:\shared\Artifactory\Windows\rundev-master-debug\202310260154\runtime\2caf91a\devkitBase\Qt\include\QtGui /DWIN32 /D_WINDOWS /GR /EHsc /Zi /Ob0 /Od /RTC1 -MDd /W3 /WX /permissive- /Zi /Zc:rvalueCast /Zc:inline- /MP /EHsc /w35038 /wd4244 /wd4267 /wd4273 /wd4305 /wd4506 /wd4996 /wd4180 /wd4251 /we4101 /we4189 -Zc:__cplusplus -permissive- -utf-8 -std:c++17 /showIncludes /Folib\adskHydraSceneBrowser\lib\CMakeFiles\adskHydraSceneBrowser.dir\src\patch\dataSourceTreeWidget.cpp.obj /Fdlib\adskHydraSceneBrowser\lib\CMakeFiles\adskHydraSceneBrowser.dir\ /FS -c lib\adskHydraSceneBrowser\lib\src\patch\dataSourceTreeWidget.cpp
[2023-11-15T19:23:55.083Z]     lib\adskHydraSceneBrowser\lib\src\patch\dataSourceTreeWidget.cpp(45): error C2504: 'QTreeWidgetItem': base class undefined
[2023-11-15T19:23:55.083Z]     lib\adskHydraSceneBrowser\lib\src\patch\dataSourceTreeWidget.cpp(47): error C4430: missing type specifier - int assumed. Note: C++ does not support default-int
[2023-11-15T19:23:55.083Z]     lib\adskHydraSceneBrowser\lib\src\patch\dataSourceTreeWidget.cpp(48): error C2143: syntax error: missing ',' before '&'
[2023-11-15T19:23:55.083Z]     lib\adskHydraSceneBrowser\lib\src\patch\dataSourceTreeWidget.cpp(97): error C4430: missing type specifier - int assumed. Note: C++ does not support default-int
[2023-11-15T19:23:55.083Z]     lib\adskHydraSceneBrowser\lib\src\patch\dataSourceTreeWidget.cpp(97): error C2143: syntax error: missing ',' before '&'
[2023-11-15T19:23:55.083Z]     lib\adskHydraSceneBrowser\lib\src\patch\dataSourceTreeWidget.cpp(183): error C3646: 'GetDataSource': unknown override specifier
[2023-11-15T19:23:55.083Z]     lib\adskHydraSceneBrowser\lib\src\patch\dataSourceTreeWidget.cpp(183): error C2059: syntax error: '('
[2023-11-15T19:23:55.083Z]     lib\adskHydraSceneBrowser\lib\src\patch\dataSourceTreeWidget.cpp(183): error C2334: unexpected token(s) preceding '{'; skipping apparent function body
[2023-11-15T19:23:55.083Z]     lib\adskHydraSceneBrowser\lib\src\patch\dataSourceTreeWidget.cpp(187): error C3646: 'GetLocator': unknown override specifier
[2023-11-15T19:23:55.083Z]     lib\adskHydraSceneBrowser\lib\src\patch\dataSourceTreeWidget.cpp(187): error C2059: syntax error: '('
[2023-11-15T19:23:55.083Z]     lib\adskHydraSceneBrowser\lib\src\patch\dataSourceTreeWidget.cpp(187): error C2334: unexpected token(s) preceding '{'; skipping apparent function body
[2023-11-15T19:23:55.083Z]     lib\adskHydraSceneBrowser\lib\src\patch\dataSourceTreeWidget.cpp(192): error C3646: '_locator': unknown override specifier
[2023-11-15T19:23:55.083Z]     lib\adskHydraSceneBrowser\lib\src\patch\dataSourceTreeWidget.cpp(192): error C4430: missing type specifier - int assumed. Note: C++ does not support default-int
[2023-11-15T19:23:55.083Z]     lib\adskHydraSceneBrowser\lib\src\patch\dataSourceTreeWidget.cpp(193): error C3646: '_dataSource': unknown override specifier
[2023-11-15T19:23:55.083Z]     lib\adskHydraSceneBrowser\lib\src\patch\dataSourceTreeWidget.cpp(193): error C4430: missing type specifier - int assumed. Note: C++ does not support default-int
[2023-11-15T19:23:55.083Z]     lib\adskHydraSceneBrowser\lib\src\patch\dataSourceTreeWidget.cpp(198): error C2065: 'HdDataSourceLocator': undeclared identifier
[2023-11-15T19:23:55.083Z]     lib\adskHydraSceneBrowser\lib\src\patch\dataSourceTreeWidget.cpp(198): error C2065: 'TfHash': undeclared identifier
[2023-11-15T19:23:55.083Z]     lib\adskHydraSceneBrowser\lib\src\patch\dataSourceTreeWidget.cpp(198): error C2923: 'std::unordered_set': 'HdDataSourceLocator' is not a valid template type argument for parameter '_Kty'
[2023-11-15T19:23:55.083Z]     lib\adskHydraSceneBrowser\lib\src\patch\dataSourceTreeWidget.cpp(198): note: see declaration of 'HdDataSourceLocator'
[2023-11-15T19:23:55.083Z]     lib\adskHydraSceneBrowser\lib\src\patch\dataSourceTreeWidget.cpp(198): error C2923: 'std::unordered_set': 'TfHash' is not a valid template type argument for parameter '_Hasher'
[2023-11-15T19:23:55.083Z]     lib\adskHydraSceneBrowser\lib\src\patch\dataSourceTreeWidget.cpp(198): note: see declaration of 'TfHash'
[2023-11-15T19:23:55.083Z]     lib\adskHydraSceneBrowser\lib\src\patch\dataSourceTreeWidget.cpp(198): error C2976: 'std::unordered_set': too few template arguments
[2023-11-15T19:23:55.083Z]     C:\Program Files\Microsoft Visual Studio\2022\Professional\VC\Tools\MSVC\14.33.31629\include\unordered_set(63): note: see declaration of 'std::unordered_set'
[2023-11-15T19:23:55.083Z]     lib\adskHydraSceneBrowser\lib\src\patch\dataSourceTreeWidget.cpp(200): error C2955: 'std::unordered_set': use of class template requires template argument list
[2023-11-15T19:23:55.083Z]     C:\Program Files\Microsoft Visual Studio\2022\Professional\VC\Tools\MSVC\14.33.31629\include\unordered_set(63): note: see declaration of 'std::unordered_set'
[2023-11-15T19:23:55.083Z]     lib\adskHydraSceneBrowser\lib\src\patch\dataSourceTreeWidget.cpp(51): error C2065: 'parentItem': undeclared identifier
[2023-11-15T19:23:55.083Z]     lib\adskHydraSceneBrowser\lib\src\patch\dataSourceTreeWidget.cpp(52): error C2065: 'locator': undeclared identifier
[2023-11-15T19:23:55.083Z]     lib\adskHydraSceneBrowser\lib\src\patch\dataSourceTreeWidget.cpp(53): error C2065: 'dataSource': undeclared identifier
[2023-11-15T19:23:55.083Z]     lib\adskHydraSceneBrowser\lib\src\patch\dataSourceTreeWidget.cpp(51): error C2614: 'pxrInternal_v0_23__pxrReserved__::`anonymous-namespace'::Hdui_DataSourceTreeWidgetItem': illegal member initialization: 'QTreeWidgetItem' is not a base or member
[2023-11-15T19:23:55.083Z]     lib\adskHydraSceneBrowser\lib\src\patch\dataSourceTreeWidget.cpp(52): error C2614: 'pxrInternal_v0_23__pxrReserved__::`anonymous-namespace'::Hdui_DataSourceTreeWidgetItem': illegal member initialization: '_locator' is not a base or member
[2023-11-15T19:23:55.083Z]     lib\adskHydraSceneBrowser\lib\src\patch\dataSourceTreeWidget.cpp(53): error C2614: 'pxrInternal_v0_23__pxrReserved__::`anonymous-namespace'::Hdui_DataSourceTreeWidgetItem': illegal member initialization: '_dataSource' is not a base or member
[2023-11-15T19:23:55.083Z]     lib\adskHydraSceneBrowser\lib\src\patch\dataSourceTreeWidget.cpp(56): error C2065: 'locator': undeclared identifier
[2023-11-15T19:23:55.083Z]     lib\adskHydraSceneBrowser\lib\src\patch\dataSourceTreeWidget.cpp(57): error C2065: 'locator': undeclared identifier
[2023-11-15T19:23:55.083Z]     lib\adskHydraSceneBrowser\lib\src\patch\dataSourceTreeWidget.cpp(57): error C3861: 'setText': identifier not found
[2023-11-15T19:23:55.083Z]     lib\adskHydraSceneBrowser\lib\src\patch\dataSourceTreeWidget.cpp(60): error C2653: 'HdContainerDataSource': is not a class or namespace name
[2023-11-15T19:23:55.083Z]     lib\adskHydraSceneBrowser\lib\src\patch\dataSourceTreeWidget.cpp(60): error C2065: 'dataSource': undeclared identifier
[2023-11-15T19:23:55.083Z]     lib\adskHydraSceneBrowser\lib\src\patch\dataSourceTreeWidget.cpp(60): error C3861: 'Cast': identifier not found
[2023-11-15T19:23:55.083Z]     lib\adskHydraSceneBrowser\lib\src\patch\dataSourceTreeWidget.cpp(61): error C2653: 'HdVectorDataSource': is not a class or namespace name
[2023-11-15T19:23:55.083Z]     lib\adskHydraSceneBrowser\lib\src\patch\dataSourceTreeWidget.cpp(61): error C2065: 'dataSource': undeclared identifier
[2023-11-15T19:23:55.083Z]     lib\adskHydraSceneBrowser\lib\src\patch\dataSourceTreeWidget.cpp(61): error C3861: 'Cast': identifier not found
[2023-11-15T19:23:55.083Z]     lib\adskHydraSceneBrowser\lib\src\patch\dataSourceTreeWidget.cpp(62): error C2653: 'QTreeWidgetItem': is not a class or namespace name
[2023-11-15T19:23:55.083Z]     lib\adskHydraSceneBrowser\lib\src\patch\dataSourceTreeWidget.cpp(62): error C2065: 'ShowIndicator': undeclared identifier
[2023-11-15T19:23:55.083Z]     lib\adskHydraSceneBrowser\lib\src\patch\dataSourceTreeWidget.cpp(62): error C3861: 'setChildIndicatorPolicy': identifier not found
[2023-11-15T19:23:55.083Z]     lib\adskHydraSceneBrowser\lib\src\patch\dataSourceTreeWidget.cpp(64): error C2653: 'QTreeWidgetItem': is not a class or namespace name
[2023-11-15T19:23:55.083Z]     lib\adskHydraSceneBrowser\lib\src\patch\dataSourceTreeWidget.cpp(64): error C2065: 'DontShowIndicator': undeclared identifier
[2023-11-15T19:23:55.083Z]     lib\adskHydraSceneBrowser\lib\src\patch\dataSourceTreeWidget.cpp(64): error C3861: 'setChildIndicatorPolicy': identifier not found
[2023-11-15T19:23:55.083Z]     lib\adskHydraSceneBrowser\lib\src\patch\dataSourceTreeWidget.cpp(74): error C2039: 'setExpanded': is not a member of 'pxrInternal_v0_23__pxrReserved__::`anonymous-namespace'::Hdui_DataSourceTreeWidgetItem'
[2023-11-15T19:23:55.083Z]     lib\adskHydraSceneBrowser\lib\src\patch\dataSourceTreeWidget.cpp(44): note: see declaration of 'pxrInternal_v0_23__pxrReserved__::`anonymous-namespace'::Hdui_DataSourceTreeWidgetItem'
[2023-11-15T19:23:55.083Z]     lib\adskHydraSceneBrowser\lib\src\patch\dataSourceTreeWidget.cpp(100): error C2065: 'HdContainerDataSourceHandle': undeclared identifier
[2023-11-15T19:23:55.083Z]     lib\adskHydraSceneBrowser\lib\src\patch\dataSourceTreeWidget.cpp(100): error C2146: syntax error: missing ')' before identifier 'containerDataSource'
[2023-11-15T19:23:55.083Z]     lib\adskHydraSceneBrowser\lib\src\patch\dataSourceTreeWidget.cpp(100): error C2065: 'containerDataSource': undeclared identifier
[2023-11-15T19:23:55.083Z]     lib\adskHydraSceneBrowser\lib\src\patch\dataSourceTreeWidget.cpp(101): error C2653: 'HdContainerDataSource': is not a class or namespace name
[2023-11-15T19:23:55.083Z]     lib\adskHydraSceneBrowser\lib\src\patch\dataSourceTreeWidget.cpp(101): error C2065: 'dataSource': undeclared identifier
[2023-11-15T19:23:55.083Z]     lib\adskHydraSceneBrowser\lib\src\patch\dataSourceTreeWidget.cpp(101): error C3861: 'Cast': identifier not found
[2023-11-15T19:23:55.083Z]     lib\adskHydraSceneBrowser\lib\src\patch\dataSourceTreeWidget.cpp(101): error C2059: syntax error: ')'
[2023-11-15T19:23:55.083Z]     lib\adskHydraSceneBrowser\lib\src\patch\dataSourceTreeWidget.cpp(105): error C2059: syntax error: 'if'
[2023-11-15T19:23:55.083Z]     lib\adskHydraSceneBrowser\lib\src\patch\dataSourceTreeWidget.cpp(105): error C2653: 'HdContainerDataSource': is not a class or namespace name
[2023-11-15T19:23:55.083Z]     lib\adskHydraSceneBrowser\lib\src\patch\dataSourceTreeWidget.cpp(105): error C2143: syntax error: missing ';' before '{'
[2023-11-15T19:23:55.083Z]     lib\adskHydraSceneBrowser\lib\src\patch\dataSourceTreeWidget.cpp(106): error C2065: '_dataSource': undeclared identifier
[2023-11-15T19:23:55.083Z]     lib\adskHydraSceneBrowser\lib\src\patch\dataSourceTreeWidget.cpp(106): error C2065: 'dataSource': undeclared identifier
[2023-11-15T19:23:55.083Z]     lib\adskHydraSceneBrowser\lib\src\patch\dataSourceTreeWidget.cpp(111): error C2065: 'TfToken': undeclared identifier
[2023-11-15T19:23:55.083Z]     lib\adskHydraSceneBrowser\lib\src\patch\dataSourceTreeWidget.cpp(111): error C2065: 'TfHash': undeclared identifier
[2023-11-15T19:23:55.083Z]     lib\adskHydraSceneBrowser\lib\src\patch\dataSourceTreeWidget.cpp(111): error C2923: 'pxrInternal_v0_23__pxrReserved__::TfDenseHashSet': 'TfToken' is not a valid template type argument for parameter 'Element'
[2023-11-15T19:23:55.083Z]     lib\adskHydraSceneBrowser\lib\src\patch\dataSourceTreeWidget.cpp(111): note: see declaration of 'TfToken'
[2023-11-15T19:23:55.083Z]     lib\adskHydraSceneBrowser\lib\src\patch\dataSourceTreeWidget.cpp(111): error C2923: 'pxrInternal_v0_23__pxrReserved__::TfDenseHashSet': 'TfHash' is not a valid template type argument for parameter 'HashFn'
[2023-11-15T19:23:55.083Z]     lib\adskHydraSceneBrowser\lib\src\patch\dataSourceTreeWidget.cpp(111): note: see declaration of 'TfHash'
[2023-11-15T19:23:55.083Z]     lib\adskHydraSceneBrowser\lib\src\patch\dataSourceTreeWidget.cpp(111): error C2976: 'pxrInternal_v0_23__pxrReserved__::TfDenseHashSet': too few template arguments
[2023-11-15T19:23:55.083Z]     P:\shared\Artifactory\Windows\USD\972e371\include\pxr/base/tf/denseHashSet.h(57): note: see declaration of 'pxrInternal_v0_23__pxrReserved__::TfDenseHashSet'
[2023-11-15T19:23:55.083Z]     lib\adskHydraSceneBrowser\lib\src\patch\dataSourceTreeWidget.cpp(111): error C2641: cannot deduce template arguments for 'pxrInternal_v0_23__pxrReserved__::TfDenseHashSet'
[2023-11-15T19:23:55.083Z]     lib\adskHydraSceneBrowser\lib\src\patch\dataSourceTreeWidget.cpp(111): error C2783: 'pxrInternal_v0_23__pxrReserved__::TfDenseHashSet<Element,HashFn,EqualElement,Threshold> pxrInternal_v0_23__pxrReserved__::TfDenseHashSet(const HashFn &,const EqualElement &)': could not deduce template argument for 'Element'
[2023-11-15T19:23:55.083Z]     P:\shared\Artifactory\Windows\USD\972e371\include\pxr/base/tf/denseHashSet.h(97): note: see declaration of 'pxrInternal_v0_23__pxrReserved__::TfDenseHashSet'
[2023-11-15T19:23:55.083Z]     lib\adskHydraSceneBrowser\lib\src\patch\dataSourceTreeWidget.cpp(111): error C2783: 'pxrInternal_v0_23__pxrReserved__::TfDenseHashSet<Element,HashFn,EqualElement,Threshold> pxrInternal_v0_23__pxrReserved__::TfDenseHashSet(const HashFn &,const EqualElement &)': could not deduce template argument for 'HashFn'
[2023-11-15T19:23:55.083Z]     P:\shared\Artifactory\Windows\USD\972e371\include\pxr/base/tf/denseHashSet.h(97): note: see declaration of 'pxrInternal_v0_23__pxrReserved__::TfDenseHashSet'
[2023-11-15T19:23:55.083Z]     lib\adskHydraSceneBrowser\lib\src\patch\dataSourceTreeWidget.cpp(111): error C2780: 'pxrInternal_v0_23__pxrReserved__::TfDenseHashSet<Element,HashFn,EqualElement,Threshold> pxrInternal_v0_23__pxrReserved__::TfDenseHashSet(pxrInternal_v0_23__pxrReserved__::TfDenseHashSet<Element,HashFn,EqualElement,Threshold>)': expects 1 arguments - 0 provided
[2023-11-15T19:23:55.083Z]     P:\shared\Artifactory\Windows\USD\972e371\include\pxr/base/tf/denseHashSet.h(57): note: see declaration of 'pxrInternal_v0_23__pxrReserved__::TfDenseHashSet'
[2023-11-15T19:23:55.083Z]     lib\adskHydraSceneBrowser\lib\src\patch\dataSourceTreeWidget.cpp(112): error C2065: 'TfSmallVector': undeclared identifier
[2023-11-15T19:23:55.083Z]     lib\adskHydraSceneBrowser\lib\src\patch\dataSourceTreeWidget.cpp(112): error C2065: 'QTreeWidgetItem': undeclared identifier
[2023-11-15T19:23:55.083Z]     lib\adskHydraSceneBrowser\lib\src\patch\dataSourceTreeWidget.cpp(112): error C2059: syntax error: ','
[2023-11-15T19:23:55.083Z]     lib\adskHydraSceneBrowser\lib\src\patch\dataSourceTreeWidget.cpp(114): error C3861: 'childCount': identifier not found
[2023-11-15T19:23:55.083Z]     lib\adskHydraSceneBrowser\lib\src\patch\dataSourceTreeWidget.cpp(117): error C3861: 'child': identifier not found
[2023-11-15T19:23:55.083Z]     lib\adskHydraSceneBrowser\lib\src\patch\dataSourceTreeWidget.cpp(118): error C4430: missing type specifier - int assumed. Note: C++ does not support default-int
[2023-11-15T19:23:55.083Z]     lib\adskHydraSceneBrowser\lib\src\patch\dataSourceTreeWidget.cpp(118): error C2146: syntax error: missing ';' before identifier 'childName'
[2023-11-15T19:23:55.083Z]     lib\adskHydraSceneBrowser\lib\src\patch\dataSourceTreeWidget.cpp(118): error C2065: 'childName': undeclared identifier
[2023-11-15T19:23:55.083Z]     lib\adskHydraSceneBrowser\lib\src\patch\dataSourceTreeWidget.cpp(119): error C2039: 'GetLocator': is not a member of 'pxrInternal_v0_23__pxrReserved__::`anonymous-namespace'::Hdui_DataSourceTreeWidgetItem'
[2023-11-15T19:23:55.083Z]     lib\adskHydraSceneBrowser\lib\src\patch\dataSourceTreeWidget.cpp(44): note: see declaration of 'pxrInternal_v0_23__pxrReserved__::`anonymous-namespace'::Hdui_DataSourceTreeWidgetItem'
[2023-11-15T19:23:55.083Z]     lib\adskHydraSceneBrowser\lib\src\patch\dataSourceTreeWidget.cpp(121): error C2146: syntax error: missing ';' before identifier 'childDs'
[2023-11-15T19:23:55.083Z]     lib\adskHydraSceneBrowser\lib\src\patch\dataSourceTreeWidget.cpp(121): error C2065: 'childDs': undeclared identifier
[2023-11-15T19:23:55.083Z]     lib\adskHydraSceneBrowser\lib\src\patch\dataSourceTreeWidget.cpp(122): error C2065: 'containerDataSource': undeclared identifier
[2023-11-15T19:23:55.083Z]     lib\adskHydraSceneBrowser\lib\src\patch\dataSourceTreeWidget.cpp(122): error C2065: 'childName': undeclared identifier
[2023-11-15T19:23:55.083Z]     lib\adskHydraSceneBrowser\lib\src\patch\dataSourceTreeWidget.cpp(124): error C2065: 'childName': undeclared identifier
[2023-11-15T19:23:55.083Z]     lib\adskHydraSceneBrowser\lib\src\patch\dataSourceTreeWidget.cpp(126): error C2065: 'childDs': undeclared identifier
[2023-11-15T19:23:55.083Z]     lib\adskHydraSceneBrowser\lib\src\patch\dataSourceTreeWidget.cpp(127): error C2065: 'childDs': undeclared identifier
[2023-11-15T19:23:55.083Z]     lib\adskHydraSceneBrowser\lib\src\patch\dataSourceTreeWidget.cpp(129): error C2065: 'itemsToRemove': undeclared identifier
[2023-11-15T19:23:55.083Z]     lib\adskHydraSceneBrowser\lib\src\patch\dataSourceTreeWidget.cpp(136): error C2065: 'containerDataSource': undeclared identifier
[2023-11-15T19:23:55.084Z]     lib\adskHydraSceneBrowser\lib\src\patch\dataSourceTreeWidget.cpp(135): error C4430: missing type specifier - int assumed. Note: C++ does not support default-int
[2023-11-15T19:23:55.084Z]     lib\adskHydraSceneBrowser\lib\src\patch\dataSourceTreeWidget.cpp(135): error C2143: syntax error: missing ',' before '&'
[2023-11-15T19:23:55.084Z]     lib\adskHydraSceneBrowser\lib\src\patch\dataSourceTreeWidget.cpp(135): error C2530: 'childName': references must be initialized
[2023-11-15T19:23:55.084Z]     lib\adskHydraSceneBrowser\lib\src\patch\dataSourceTreeWidget.cpp(135): error C2143: syntax error: missing ';' before ':'
[2023-11-15T19:23:55.084Z]     lib\adskHydraSceneBrowser\lib\src\patch\dataSourceTreeWidget.cpp(136): error C2143: syntax error: missing ';' before ')'
[2023-11-15T19:23:55.084Z]     lib\adskHydraSceneBrowser\lib\src\patch\dataSourceTreeWidget.cpp(137): error C2662: 'vector<Element,std::allocator<_Ty>>::const_iterator pxrInternal_v0_23__pxrReserved__::TfDenseHashSet<Element,HashFn,EqualElement,Threshold>::find(const Element &) const': cannot convert 'this' pointer from 'pxrInternal_v0_23__pxrReserved__::TfDenseHashSet' to 'const pxrInternal_v0_23__pxrReserved__::TfDenseHashSet<Element,HashFn,EqualElement,Threshold> &'
[2023-11-15T19:23:55.084Z]     lib\adskHydraSceneBrowser\lib\src\patch\dataSourceTreeWidget.cpp(137): note: Reason: cannot convert from 'pxrInternal_v0_23__pxrReserved__::TfDenseHashSet' to 'const pxrInternal_v0_23__pxrReserved__::TfDenseHashSet<Element,HashFn,EqualElement,Threshold>'
[2023-11-15T19:23:55.084Z]     lib\adskHydraSceneBrowser\lib\src\patch\dataSourceTreeWidget.cpp(137): note: Conversion requires a second user-defined-conversion operator or constructor
[2023-11-15T19:23:55.084Z]     P:\shared\Artifactory\Windows\USD\972e371\include\pxr/base/tf/denseHashSet.h(215): note: see declaration of 'pxrInternal_v0_23__pxrReserved__::TfDenseHashSet<Element,HashFn,EqualElement,Threshold>::find'
[2023-11-15T19:23:55.084Z]     lib\adskHydraSceneBrowser\lib\src\patch\dataSourceTreeWidget.cpp(137): error C2662: 'vector<Element,std::allocator<_Ty>>::const_iterator pxrInternal_v0_23__pxrReserved__::TfDenseHashSet<Element,HashFn,EqualElement,Threshold>::end(void) const': cannot convert 'this' pointer from 'pxrInternal_v0_23__pxrReserved__::TfDenseHashSet' to 'const pxrInternal_v0_23__pxrReserved__::TfDenseHashSet<Element,HashFn,EqualElement,Threshold> &'
[2023-11-15T19:23:55.084Z]     lib\adskHydraSceneBrowser\lib\src\patch\dataSourceTreeWidget.cpp(137): note: Reason: cannot convert from 'pxrInternal_v0_23__pxrReserved__::TfDenseHashSet' to 'const pxrInternal_v0_23__pxrReserved__::TfDenseHashSet<Element,HashFn,EqualElement,Threshold>'
[2023-11-15T19:23:55.084Z]     lib\adskHydraSceneBrowser\lib\src\patch\dataSourceTreeWidget.cpp(137): note: Conversion requires a second user-defined-conversion operator or constructor
[2023-11-15T19:23:55.084Z]     P:\shared\Artifactory\Windows\USD\972e371\include\pxr/base/tf/denseHashSet.h(209): note: see declaration of 'pxrInternal_v0_23__pxrReserved__::TfDenseHashSet<Element,HashFn,EqualElement,Threshold>::end'
[2023-11-15T19:23:55.084Z]     lib\adskHydraSceneBrowser\lib\src\patch\dataSourceTreeWidget.cpp(139): error C2146: syntax error: missing ')' before identifier 'childDs'
[2023-11-15T19:23:55.084Z]     lib\adskHydraSceneBrowser\lib\src\patch\dataSourceTreeWidget.cpp(139): error C2065: 'childDs': undeclared identifier
[2023-11-15T19:23:55.084Z]     lib\adskHydraSceneBrowser\lib\src\patch\dataSourceTreeWidget.cpp(140): error C2065: 'containerDataSource': undeclared identifier
[2023-11-15T19:23:55.084Z]     lib\adskHydraSceneBrowser\lib\src\patch\dataSourceTreeWidget.cpp(140): error C2059: syntax error: ')'
[2023-11-15T19:23:55.084Z]     lib\adskHydraSceneBrowser\lib\src\patch\dataSourceTreeWidget.cpp(142): error C2065: '_locator': undeclared identifier
[2023-11-15T19:23:55.084Z]     lib\adskHydraSceneBrowser\lib\src\patch\dataSourceTreeWidget.cpp(142): error C2065: 'childDs': undeclared identifier
[2023-11-15T19:23:55.084Z]     lib\adskHydraSceneBrowser\lib\src\patch\dataSourceTreeWidget.cpp(142): error C2059: syntax error: ';'
[2023-11-15T19:23:55.084Z]     lib\adskHydraSceneBrowser\lib\src\patch\dataSourceTreeWidget.cpp(147): error C2065: 'QTreeWidgetItem': undeclared identifier
[2023-11-15T19:23:55.084Z]     lib\adskHydraSceneBrowser\lib\src\patch\dataSourceTreeWidget.cpp(147): error C2065: 'item': undeclared identifier
[2023-11-15T19:23:55.084Z]     lib\adskHydraSceneBrowser\lib\src\patch\dataSourceTreeWidget.cpp(147): error C2143: syntax error: missing ';' before ':'
[2023-11-15T19:23:55.084Z]     lib\adskHydraSceneBrowser\lib\src\patch\dataSourceTreeWidget.cpp(147): error C2065: 'itemsToRemove': undeclared identifier
[2023-11-15T19:23:55.084Z]     lib\adskHydraSceneBrowser\lib\src\patch\dataSourceTreeWidget.cpp(147): error C2143: syntax error: missing ';' before ')'
[2023-11-15T19:23:55.084Z]     lib\adskHydraSceneBrowser\lib\src\patch\dataSourceTreeWidget.cpp(148): error C2065: 'item': undeclared identifier
[2023-11-15T19:23:55.084Z]     lib\adskHydraSceneBrowser\lib\src\patch\dataSourceTreeWidget.cpp(148): error C2541: 'delete': cannot delete objects that are not pointers
[2023-11-15T19:23:55.084Z]     lib\adskHydraSceneBrowser\lib\src\patch\dataSourceTreeWidget.cpp(151): error C2059: syntax error: 'else'
[2023-11-15T19:23:55.084Z]     lib\adskHydraSceneBrowser\lib\src\patch\dataSourceTreeWidget.cpp(152): error C2653: 'HdVectorDataSource': is not a class or namespace name
[2023-11-15T19:23:55.084Z]     lib\adskHydraSceneBrowser\lib\src\patch\dataSourceTreeWidget.cpp(152): error C2143: syntax error: missing ';' before '{'
[2023-11-15T19:23:55.084Z]     lib\adskHydraSceneBrowser\lib\src\patch\dataSourceTreeWidget.cpp(152): error C2447: '{': missing function header (old-style formal list?)
[2023-11-15T19:23:55.084Z]     lib\adskHydraSceneBrowser\lib\src\patch\dataSourceTreeWidget.cpp(152): fatal error C1003: error count exceeds 100; stopping compilation
[2023-11-15T19:23:55.084Z]     [78/100] Building CXX object lib\mayaHydra\hydraExtensions\CMakeFiles\mayaHydraLib.dir\sceneIndex\mayaHydraDisplayStyleDataSource.cpp.obj
[2023-11-15T19:23:55.802Z]     [79/100] Building CXX object lib\mayaHydra\hydraExtensions\CMakeFiles\mayaHydraLib.dir\delegates\defaultLightDelegate.cpp.obj
[2023-11-15T19:23:56.963Z]     [80/100] Building CXX object lib\mayaHydra\hydraExtensions\CMakeFiles\mayaHydraLib.dir\sceneIndex\mayaHydraDataSource.cpp.obj
[2023-11-15T19:23:56.963Z]     [81/100] Building CXX object lib\mayaHydra\hydraExtensions\CMakeFiles\mayaHydraLib.dir\delegates\testDelegate.cpp.obj
[2023-11-15T19:23:56.963Z]     [82/100] Building CXX object lib\mayaHydra\hydraExtensions\CMakeFiles\mayaHydraLib.dir\sceneIndex\mayaHydraCameraDataSource.cpp.obj
[2023-11-15T19:23:58.128Z]     [83/100] Building CXX object lib\adskHydraSceneBrowser\lib\CMakeFiles\adskHydraSceneBrowser.dir\src\patch\dataSourceValueTreeView.cpp.obj
[2023-11-15T19:23:58.128Z]     FAILED: lib/adskHydraSceneBrowser/lib/CMakeFiles/adskHydraSceneBrowser.dir/src/patch/dataSourceValueTreeView.cpp.obj
[2023-11-15T19:23:58.128Z]     C:\PROGRA~1\MICROS~4\2022\PROFES~1\VC\Tools\MSVC\1433~1.316\bin\Hostx64\x64\cl.exe  /nologo /TP -DBOOST_ALL_DYN_LINK -DBOOST_CONFIG_SUPPRESS_OUTDATED_MESSAGE -DBOOST_DEBUG_PYTHON -DBOOST_LINKING_PYTHON -DHAVE_SNPRINTF -DHDUI_EXPORT -DNOMINMAX -DQT_GUI_LIB -DQT_NO_KEYWORDS -DQT_WIDGETS_LIB -DTBB_SUPPRESS_DEPRECATED_MESSAGES -DTBB_USE_DEBUG -DUNICODE -DWIN32 -DWIN64 -D_CRT_SECURE_NO_WARNINGS -D_ENABLE_EXTENDED_ALIGNED_STORAGE -D_SCL_SECURE_NO_WARNINGS -D_UNICODE -D_WIN64 -DadskHydraSceneBrowser_EXPORTS -Ilib\adskHydraSceneBrowser\lib\adskHydraSceneBrowser_autogen\include -IS:\Jenkins\workspace\ECP\ecg-maya-hydra\ecg-maya-hydra-branch-preflight-python3-windows\ecg-maya-hydra\maya-hydra\lib\adskHydraSceneBrowser\lib -Ilib\adskHydraSceneBrowser\lib\src\patch -IP:\shared\Artifactory\Windows\USD\972e371\include -IP:\shared\Artifactory\Windows\USD\972e371\include\boost-1_78 -IP:\shared\Artifactory\Windows\rundev-master-debug\202310260154\runtime\2caf91a\runTime\include\Python310\Python -IP:\shared\Artifactory\Windows\rundev-master-debug\202310260154\runtime\2caf91a\devkitBase\Qt\include\QtCore -IP:\shared\Artifactory\Windows\rundev-master-debug\202310260154\runtime\2caf91a\devkitBase\Qt\include -IP:\shared\Artifactory\Windows\rundev-master-debug\202310260154\runtime\2caf91a\devkitBase\Qt\mkspecs\win32-msvc -IP:\shared\Artifactory\Windows\rundev-master-debug\202310260154\runtime\2caf91a\devkitBase\Qt\include\QtWidgets -IP:\shared\Artifactory\Windows\rundev-master-debug\202310260154\runtime\2caf91a\devkitBase\Qt\include\QtGui /DWIN32 /D_WINDOWS /GR /EHsc /Zi /Ob0 /Od /RTC1 -MDd /W3 /WX /permissive- /Zi /Zc:rvalueCast /Zc:inline- /MP /EHsc /w35038 /wd4244 /wd4267 /wd4273 /wd4305 /wd4506 /wd4996 /wd4180 /wd4251 /we4101 /we4189 -Zc:__cplusplus -permissive- -utf-8 -std:c++17 /showIncludes /Folib\adskHydraSceneBrowser\lib\CMakeFiles\adskHydraSceneBrowser.dir\src\patch\dataSourceValueTreeView.cpp.obj /Fdlib\adskHydraSceneBrowser\lib\CMakeFiles\adskHydraSceneBrowser.dir\ /FS -c lib\adskHydraSceneBrowser\lib\src\patch\dataSourceValueTreeView.cpp
[2023-11-15T19:23:58.128Z]     lib\adskHydraSceneBrowser\lib\src\patch\dataSourceValueTreeView.cpp(250): error C2653: 'HduiDataSourceValueTreeView': is not a class or namespace name
[2023-11-15T19:23:58.128Z]     lib\adskHydraSceneBrowser\lib\src\patch\dataSourceValueTreeView.cpp(251): error C4430: missing type specifier - int assumed. Note: C++ does not support default-int
[2023-11-15T19:23:58.128Z]     lib\adskHydraSceneBrowser\lib\src\patch\dataSourceValueTreeView.cpp(252): error C2550: 'pxrInternal_v0_23__pxrReserved__::HduiDataSourceValueTreeView': constructor initializer lists are only allowed on constructor definitions
[2023-11-15T19:23:58.128Z]     lib\adskHydraSceneBrowser\lib\src\patch\dataSourceValueTreeView.cpp(253): error C3861: 'setUniformRowHeights': identifier not found
[2023-11-15T19:23:58.128Z]     lib\adskHydraSceneBrowser\lib\src\patch\dataSourceValueTreeView.cpp(254): error C3861: 'setItemsExpandable': identifier not found
[2023-11-15T19:23:58.128Z]     lib\adskHydraSceneBrowser\lib\src\patch\dataSourceValueTreeView.cpp(255): warning C4508: 'pxrInternal_v0_23__pxrReserved__::HduiDataSourceValueTreeView': function should return a value; 'void' return type assumed
[2023-11-15T19:23:58.128Z]     lib\adskHydraSceneBrowser\lib\src\patch\dataSourceValueTreeView.cpp(258): error C2653: 'HduiDataSourceValueTreeView': is not a class or namespace name
[2023-11-15T19:23:58.128Z]     lib\adskHydraSceneBrowser\lib\src\patch\dataSourceValueTreeView.cpp(261): error C3861: 'model': identifier not found
[2023-11-15T19:23:58.128Z]     lib\adskHydraSceneBrowser\lib\src\patch\dataSourceValueTreeView.cpp(263): error C2065: '_dataSource': undeclared identifier
[2023-11-15T19:23:58.128Z]     lib\adskHydraSceneBrowser\lib\src\patch\dataSourceValueTreeView.cpp(264): error C2065: '_dataSource': undeclared identifier
[2023-11-15T19:23:58.128Z]     lib\adskHydraSceneBrowser\lib\src\patch\dataSourceValueTreeView.cpp(265): error C2065: '_dataSource': undeclared identifier
[2023-11-15T19:23:58.128Z]     lib\adskHydraSceneBrowser\lib\src\patch\dataSourceValueTreeView.cpp(265): error C2355: 'this': can only be referenced inside non-static member functions or non-static data member initializers
[2023-11-15T19:23:58.128Z]     lib\adskHydraSceneBrowser\lib\src\patch\dataSourceValueTreeView.cpp(265): error C3861: 'setModel': identifier not found
[2023-11-15T19:23:58.128Z]     lib\adskHydraSceneBrowser\lib\src\patch\dataSourceValueTreeView.cpp(267): error C3861: 'header': identifier not found
[2023-11-15T19:23:58.128Z]     lib\adskHydraSceneBrowser\lib\src\patch\dataSourceValueTreeView.cpp(268): error C3861: 'header': identifier not found
[2023-11-15T19:23:58.128Z]     lib\adskHydraSceneBrowser\lib\src\patch\dataSourceValueTreeView.cpp(269): error C3861: 'header': identifier not found
[2023-11-15T19:23:58.128Z]     lib\adskHydraSceneBrowser\lib\src\patch\dataSourceValueTreeView.cpp(270): error C3861: 'header': identifier not found
[2023-11-15T19:23:58.128Z]     lib\adskHydraSceneBrowser\lib\src\patch\dataSourceValueTreeView.cpp(270): error C3861: 'fontMetrics': identifier not found
[2023-11-15T19:23:58.128Z]     lib\adskHydraSceneBrowser\lib\src\patch\dataSourceValueTreeView.cpp(271): error C3861: 'header': identifier not found
[2023-11-15T19:23:58.128Z]     lib\adskHydraSceneBrowser\lib\src\patch\dataSourceValueTreeView.cpp(273): error C3861: 'header': identifier not found
[2023-11-15T19:23:58.128Z]     lib\adskHydraSceneBrowser\lib\src\patch\dataSourceValueTreeView.cpp(276): error C3861: 'setModel': identifier not found
[2023-11-15T19:23:58.128Z]     lib\adskHydraSceneBrowser\lib\src\patch\dataSourceValueTreeView.cpp(283): error C2653: 'HduiDataSourceValueTreeView': is not a class or namespace name
[2023-11-15T19:23:58.128Z]     lib\adskHydraSceneBrowser\lib\src\patch\dataSourceValueTreeView.cpp(285): error C2065: '_dataSource': undeclared identifier
[2023-11-15T19:23:58.128Z]     [84/100] Building CXX object lib\adskHydraSceneBrowser\lib\CMakeFiles\adskHydraSceneBrowser.dir\src\patch\sceneIndexDebuggerWidget.cpp.obj
[2023-11-15T19:23:58.128Z]     FAILED: lib/adskHydraSceneBrowser/lib/CMakeFiles/adskHydraSceneBrowser.dir/src/patch/sceneIndexDebuggerWidget.cpp.obj
[2023-11-15T19:23:58.128Z]     C:\PROGRA~1\MICROS~4\2022\PROFES~1\VC\Tools\MSVC\1433~1.316\bin\Hostx64\x64\cl.exe  /nologo /TP -DBOOST_ALL_DYN_LINK -DBOOST_CONFIG_SUPPRESS_OUTDATED_MESSAGE -DBOOST_DEBUG_PYTHON -DBOOST_LINKING_PYTHON -DHAVE_SNPRINTF -DHDUI_EXPORT -DNOMINMAX -DQT_GUI_LIB -DQT_NO_KEYWORDS -DQT_WIDGETS_LIB -DTBB_SUPPRESS_DEPRECATED_MESSAGES -DTBB_USE_DEBUG -DUNICODE -DWIN32 -DWIN64 -D_CRT_SECURE_NO_WARNINGS -D_ENABLE_EXTENDED_ALIGNED_STORAGE -D_SCL_SECURE_NO_WARNINGS -D_UNICODE -D_WIN64 -DadskHydraSceneBrowser_EXPORTS -Ilib\adskHydraSceneBrowser\lib\adskHydraSceneBrowser_autogen\include -IS:\Jenkins\workspace\ECP\ecg-maya-hydra\ecg-maya-hydra-branch-preflight-python3-windows\ecg-maya-hydra\maya-hydra\lib\adskHydraSceneBrowser\lib -Ilib\adskHydraSceneBrowser\lib\src\patch -IP:\shared\Artifactory\Windows\USD\972e371\include -IP:\shared\Artifactory\Windows\USD\972e371\include\boost-1_78 -IP:\shared\Artifactory\Windows\rundev-master-debug\202310260154\runtime\2caf91a\runTime\include\Python310\Python -IP:\shared\Artifactory\Windows\rundev-master-debug\202310260154\runtime\2caf91a\devkitBase\Qt\include\QtCore -IP:\shared\Artifactory\Windows\rundev-master-debug\202310260154\runtime\2caf91a\devkitBase\Qt\include -IP:\shared\Artifactory\Windows\rundev-master-debug\202310260154\runtime\2caf91a\devkitBase\Qt\mkspecs\win32-msvc -IP:\shared\Artifactory\Windows\rundev-master-debug\202310260154\runtime\2caf91a\devkitBase\Qt\include\QtWidgets -IP:\shared\Artifactory\Windows\rundev-master-debug\202310260154\runtime\2caf91a\devkitBase\Qt\include\QtGui /DWIN32 /D_WINDOWS /GR /EHsc /Zi /Ob0 /Od /RTC1 -MDd /W3 /WX /permissive- /Zi /Zc:rvalueCast /Zc:inline- /MP /EHsc /w35038 /wd4244 /wd4267 /wd4273 /wd4305 /wd4506 /wd4996 /wd4180 /wd4251 /we4101 /we4189 -Zc:__cplusplus -permissive- -utf-8 -std:c++17 /showIncludes /Folib\adskHydraSceneBrowser\lib\CMakeFiles\adskHydraSceneBrowser.dir\src\patch\sceneIndexDebuggerWidget.cpp.obj /Fdlib\adskHydraSceneBrowser\lib\CMakeFiles\adskHydraSceneBrowser.dir\ /FS -c lib\adskHydraSceneBrowser\lib\src\patch\sceneIndexDebuggerWidget.cpp
[2023-11-15T19:23:58.128Z]     lib\adskHydraSceneBrowser\lib\src\patch\sceneIndexDebuggerWidget.cpp(79): error C2027: use of undefined type 'pxrInternal_v0_23__pxrReserved__::HduiDataSourceTreeWidget'
[2023-11-15T19:23:58.128Z]     W:\build\Debug\lib\adskHydraSceneBrowser\lib\src\patch\sceneIndexDebuggerWidget.h(38): note: see declaration of 'pxrInternal_v0_23__pxrReserved__::HduiDataSourceTreeWidget'
[2023-11-15T19:23:58.128Z]     lib\adskHydraSceneBrowser\lib\src\patch\sceneIndexDebuggerWidget.cpp(80): error C2664: 'void QSplitter::addWidget(QWidget *)': cannot convert argument 1 from 'pxrInternal_v0_23__pxrReserved__::HduiDataSourceTreeWidget *' to 'QWidget *'
[2023-11-15T19:23:58.128Z]     lib\adskHydraSceneBrowser\lib\src\patch\sceneIndexDebuggerWidget.cpp(80): note: Types pointed to are unrelated; conversion requires reinterpret_cast, C-style cast or parenthesized function-style cast
[2023-11-15T19:23:58.128Z]     P:\shared\Artifactory\Windows\rundev-master-debug\202310260154\runtime\2caf91a\devkitBase\Qt\include\QtWidgets\qsplitter.h(34): note: see declaration of 'QSplitter::addWidget'
[2023-11-15T19:23:58.128Z]     lib\adskHydraSceneBrowser\lib\src\patch\sceneIndexDebuggerWidget.cpp(82): error C2027: use of undefined type 'pxrInternal_v0_23__pxrReserved__::HduiDataSourceValueTreeView'
[2023-11-15T19:23:58.129Z]     W:\build\Debug\lib\adskHydraSceneBrowser\lib\src\patch\sceneIndexDebuggerWidget.h(39): note: see declaration of 'pxrInternal_v0_23__pxrReserved__::HduiDataSourceValueTreeView'
[2023-11-15T19:23:58.129Z]     lib\adskHydraSceneBrowser\lib\src\patch\sceneIndexDebuggerWidget.cpp(83): error C2664: 'void QSplitter::addWidget(QWidget *)': cannot convert argument 1 from 'pxrInternal_v0_23__pxrReserved__::HduiDataSourceValueTreeView *' to 'QWidget *'
[2023-11-15T19:23:58.129Z]     lib\adskHydraSceneBrowser\lib\src\patch\sceneIndexDebuggerWidget.cpp(83): note: Types pointed to are unrelated; conversion requires reinterpret_cast, C-style cast or parenthesized function-style cast
[2023-11-15T19:23:58.129Z]     P:\shared\Artifactory\Windows\rundev-master-debug\202310260154\runtime\2caf91a\devkitBase\Qt\include\QtWidgets\qsplitter.h(34): note: see declaration of 'QSplitter::addWidget'
[2023-11-15T19:23:58.129Z]     lib\adskHydraSceneBrowser\lib\src\patch\sceneIndexDebuggerWidget.cpp(90): error C2027: use of undefined type 'pxrInternal_v0_23__pxrReserved__::HduiDataSourceValueTreeView'
[2023-11-15T19:23:58.129Z]     W:\build\Debug\lib\adskHydraSceneBrowser\lib\src\patch\sceneIndexDebuggerWidget.h(39): note: see declaration of 'pxrInternal_v0_23__pxrReserved__::HduiDataSourceValueTreeView'
[2023-11-15T19:23:58.129Z]     lib\adskHydraSceneBrowser\lib\src\patch\sceneIndexDebuggerWidget.cpp(90): error C2027: use of undefined type 'pxrInternal_v0_23__pxrReserved__::HduiDataSourceTreeWidget'
[2023-11-15T19:23:58.129Z]     W:\build\Debug\lib\adskHydraSceneBrowser\lib\src\patch\sceneIndexDebuggerWidget.h(38): note: see declaration of 'pxrInternal_v0_23__pxrReserved__::HduiDataSourceTreeWidget'
[2023-11-15T19:23:58.129Z]     lib\adskHydraSceneBrowser\lib\src\patch\sceneIndexDebuggerWidget.cpp(93): error C2027: use of undefined type 'pxrInternal_v0_23__pxrReserved__::HduiDataSourceTreeWidget'
[2023-11-15T19:23:58.129Z]     W:\build\Debug\lib\adskHydraSceneBrowser\lib\src\patch\sceneIndexDebuggerWidget.h(38): note: see declaration of 'pxrInternal_v0_23__pxrReserved__::HduiDataSourceTreeWidget'
[2023-11-15T19:23:58.129Z]     lib\adskHydraSceneBrowser\lib\src\patch\sceneIndexDebuggerWidget.cpp(93): error C2065: 'DataSourceSelected': undeclared identifier
[2023-11-15T19:23:58.129Z]     lib\adskHydraSceneBrowser\lib\src\patch\sceneIndexDebuggerWidget.cpp(97): error C2027: use of undefined type 'pxrInternal_v0_23__pxrReserved__::HduiDataSourceValueTreeView'
[2023-11-15T19:23:58.129Z]     W:\build\Debug\lib\adskHydraSceneBrowser\lib\src\patch\sceneIndexDebuggerWidget.h(39): note: see declaration of 'pxrInternal_v0_23__pxrReserved__::HduiDataSourceValueTreeView'
[2023-11-15T19:23:58.129Z]     lib\adskHydraSceneBrowser\lib\src\patch\sceneIndexDebuggerWidget.cpp(104): error C2027: use of undefined type 'pxrInternal_v0_23__pxrReserved__::HduiDataSourceTreeWidget'
[2023-11-15T19:23:58.129Z]     W:\build\Debug\lib\adskHydraSceneBrowser\lib\src\patch\sceneIndexDebuggerWidget.h(38): note: see declaration of 'pxrInternal_v0_23__pxrReserved__::HduiDataSourceTreeWidget'
[2023-11-15T19:23:58.129Z]     lib\adskHydraSceneBrowser\lib\src\patch\sceneIndexDebuggerWidget.cpp(159): error C2027: use of undefined type 'pxrInternal_v0_23__pxrReserved__::HduiDataSourceTreeWidget'
[2023-11-15T19:23:58.129Z]     W:\build\Debug\lib\adskHydraSceneBrowser\lib\src\patch\sceneIndexDebuggerWidget.h(38): note: see declaration of 'pxrInternal_v0_23__pxrReserved__::HduiDataSourceTreeWidget'
[2023-11-15T19:23:58.129Z]     lib\adskHydraSceneBrowser\lib\src\patch\sceneIndexDebuggerWidget.cpp(160): error C2027: use of undefined type 'pxrInternal_v0_23__pxrReserved__::HduiDataSourceValueTreeView'
[2023-11-15T19:23:58.129Z]     W:\build\Debug\lib\adskHydraSceneBrowser\lib\src\patch\sceneIndexDebuggerWidget.h(39): note: see declaration of 'pxrInternal_v0_23__pxrReserved__::HduiDataSourceValueTreeView'
[2023-11-15T19:23:59.290Z]     [85/100] Building CXX object lib\adskHydraSceneBrowser\lib\CMakeFiles\adskHydraSceneBrowser.dir\src\patch\registeredSceneIndexChooser.cpp.obj
[2023-11-15T19:23:59.290Z]     [86/100] Building CXX object plugin\mayaHydraSceneBrowser\CMakeFiles\mayaHydraSceneBrowser.dir\mayaHydraSceneBrowser.cpp.obj
[2023-11-15T19:23:59.625Z]     [87/100] Building CXX object lib\adskHydraSceneBrowser\lib\CMakeFiles\adskHydraSceneBrowser.dir\src\patch\sceneIndexTreeWidget.cpp.obj
[2023-11-15T19:23:59.959Z]     [88/100] Building CXX object lib\adskHydraSceneBrowser\lib\CMakeFiles\adskHydraSceneBrowser.dir\src\patch\sceneIndexObserverLoggingTreeView.cpp.obj
[2023-11-15T19:24:00.294Z]     [89/100] Building CXX object lib\adskHydraSceneBrowser\lib\CMakeFiles\adskHydraSceneBrowser.dir\adskHydraSceneBrowser_autogen\mocs_compilation.cpp.obj
[2023-11-15T19:24:00.629Z]     [90/100] Building CXX object lib\adskHydraSceneBrowser\lib\CMakeFiles\adskHydraSceneBrowser.dir\src\patch\sceneIndexObserverLoggingWidget.cpp.obj
[2023-11-15T19:24:00.964Z]     [91/100] Building CXX object lib\adskHydraSceneBrowser\test\CMakeFiles\adskHydraSceneBrowserTesting.dir\adskHydraSceneBrowserTestFixture.cpp.obj
[2023-11-15T19:24:00.964Z]     FAILED: lib/adskHydraSceneBrowser/test/CMakeFiles/adskHydraSceneBrowserTesting.dir/adskHydraSceneBrowserTestFixture.cpp.obj
[2023-11-15T19:24:00.964Z]     C:\PROGRA~1\MICROS~4\2022\PROFES~1\VC\Tools\MSVC\1433~1.316\bin\Hostx64\x64\cl.exe  /nologo /TP -DBOOST_ALL_DYN_LINK -DBOOST_CONFIG_SUPPRESS_OUTDATED_MESSAGE -DBOOST_DEBUG_PYTHON -DBOOST_LINKING_PYTHON -DGTEST_LINKED_AS_SHARED_LIBRARY -DHAVE_SNPRINTF -DHDUITEST_EXPORT -DNOMINMAX -DQT_GUI_LIB -DQT_NO_KEYWORDS -DQT_WIDGETS_LIB -DTBB_SUPPRESS_DEPRECATED_MESSAGES -DTBB_USE_DEBUG -DUNICODE -DWIN32 -DWIN64 -D_CRT_SECURE_NO_WARNINGS -D_ENABLE_EXTENDED_ALIGNED_STORAGE -D_SCL_SECURE_NO_WARNINGS -D_UNICODE -D_WIN64 -DadskHydraSceneBrowserTesting_EXPORTS -IS:\Jenkins\workspace\ECP\ecg-maya-hydra\ecg-maya-hydra-branch-preflight-python3-windows\ecg-maya-hydra\maya-hydra\lib\adskHydraSceneBrowser\test -Igoogletest-install\include -IS:\Jenkins\workspace\ECP\ecg-maya-hydra\ecg-maya-hydra-branch-preflight-python3-windows\ecg-maya-hydra\maya-hydra\lib\adskHydraSceneBrowser\lib -Ilib\adskHydraSceneBrowser\lib\src\patch -IP:\shared\Artifactory\Windows\USD\972e371\include -IP:\shared\Artifactory\Windows\USD\972e371\include\boost-1_78 -IP:\shared\Artifactory\Windows\rundev-master-debug\202310260154\runtime\2caf91a\runTime\include\Python310\Python -IP:\shared\Artifactory\Windows\rundev-master-debug\202310260154\runtime\2caf91a\devkitBase\Qt\include\QtCore -IP:\shared\Artifactory\Windows\rundev-master-debug\202310260154\runtime\2caf91a\devkitBase\Qt\include -IP:\shared\Artifactory\Windows\rundev-master-debug\202310260154\runtime\2caf91a\devkitBase\Qt\mkspecs\win32-msvc -IP:\shared\Artifactory\Windows\rundev-master-debug\202310260154\runtime\2caf91a\devkitBase\Qt\include\QtWidgets -IP:\shared\Artifactory\Windows\rundev-master-debug\202310260154\runtime\2caf91a\devkitBase\Qt\include\QtGui /DWIN32 /D_WINDOWS /GR /EHsc /Zi /Ob0 /Od /RTC1 -MDd /W3 /WX /permissive- /Zi /Zc:rvalueCast /Zc:inline- /MP /EHsc /w35038 /wd4244 /wd4267 /wd4273 /wd4305 /wd4506 /wd4996 /wd4180 /wd4251 /we4101 /we4189 -Zc:__cplusplus -permissive- -utf-8 -std:c++17 /showIncludes /Folib\adskHydraSceneBrowser\test\CMakeFiles\adskHydraSceneBrowserTesting.dir\adskHydraSceneBrowserTestFixture.cpp.obj /Fdlib\adskHydraSceneBrowser\test\CMakeFiles\adskHydraSceneBrowserTesting.dir\ /FS -c S:\Jenkins\workspace\ECP\ecg-maya-hydra\ecg-maya-hydra-branch-preflight-python3-windows\ecg-maya-hydra\maya-hydra\lib\adskHydraSceneBrowser\test\adskHydraSceneBrowserTestFixture.cpp
[2023-11-15T19:24:00.964Z]     S:\Jenkins\workspace\ECP\ecg-maya-hydra\ecg-maya-hydra-branch-preflight-python3-windows\ecg-maya-hydra\maya-hydra\lib\adskHydraSceneBrowser\test\adskHydraSceneBrowserTestFixture.cpp(155): error C2664: 'QTreeWidgetItemIterator GetIteratorForTree(QTreeWidget *)': cannot convert argument 1 from 'pxrInternal_v0_23__pxrReserved__::HduiDataSourceTreeWidget *' to 'QTreeWidget *'
[2023-11-15T19:24:00.964Z]     S:\Jenkins\workspace\ECP\ecg-maya-hydra\ecg-maya-hydra-branch-preflight-python3-windows\ecg-maya-hydra\maya-hydra\lib\adskHydraSceneBrowser\test\adskHydraSceneBrowserTestFixture.cpp(155): note: Types pointed to are unrelated; conversion requires reinterpret_cast, C-style cast or parenthesized function-style cast
[2023-11-15T19:24:00.964Z]     S:\Jenkins\workspace\ECP\ecg-maya-hydra\ecg-maya-hydra-branch-preflight-python3-windows\ecg-maya-hydra\maya-hydra\lib\adskHydraSceneBrowser\test\adskHydraSceneBrowserTestFixture.cpp(52): note: see declaration of 'GetIteratorForTree'
[2023-11-15T19:24:00.964Z]     S:\Jenkins\workspace\ECP\ecg-maya-hydra\ecg-maya-hydra-branch-preflight-python3-windows\ecg-maya-hydra\maya-hydra\lib\adskHydraSceneBrowser\test\adskHydraSceneBrowserTestFixture.cpp(155): error C2512: 'QTreeWidgetItemIterator': no appropriate default constructor available
[2023-11-15T19:24:00.964Z]     P:\shared\Artifactory\Windows\rundev-master-debug\202310260154\runtime\2caf91a\devkitBase\Qt\include\QtWidgets/qtreewidgetitemiterator.h(19): note: see declaration of 'QTreeWidgetItemIterator'
[2023-11-15T19:24:00.964Z]     S:\Jenkins\workspace\ECP\ecg-maya-hydra\ecg-maya-hydra-branch-preflight-python3-windows\ecg-maya-hydra\maya-hydra\lib\adskHydraSceneBrowser\test\adskHydraSceneBrowserTestFixture.cpp(171): error C2027: use of undefined type 'pxrInternal_v0_23__pxrReserved__::HduiDataSourceTreeWidget'
[2023-11-15T19:24:00.964Z]     W:\build\Debug\lib\adskHydraSceneBrowser\lib\src\patch\sceneIndexDebuggerWidget.h(38): note: see declaration of 'pxrInternal_v0_23__pxrReserved__::HduiDataSourceTreeWidget'
[2023-11-15T19:24:00.964Z]     S:\Jenkins\workspace\ECP\ecg-maya-hydra\ecg-maya-hydra-branch-preflight-python3-windows\ecg-maya-hydra\maya-hydra\lib\adskHydraSceneBrowser\test\adskHydraSceneBrowserTestFixture.cpp(212): error C2027: use of undefined type 'pxrInternal_v0_23__pxrReserved__::HduiDataSourceValueTreeView'
[2023-11-15T19:24:00.964Z]     W:\build\Debug\lib\adskHydraSceneBrowser\lib\src\patch\sceneIndexDebuggerWidget.h(39): note: see declaration of 'pxrInternal_v0_23__pxrReserved__::HduiDataSourceValueTreeView'
[2023-11-15T19:24:00.964Z]     S:\Jenkins\workspace\ECP\ecg-maya-hydra\ecg-maya-hydra-branch-preflight-python3-windows\ecg-maya-hydra\maya-hydra\lib\adskHydraSceneBrowser\test\adskHydraSceneBrowserTestFixture.cpp(251): error C2027: use of undefined type 'pxrInternal_v0_23__pxrReserved__::HduiDataSourceValueTreeView'
[2023-11-15T19:24:00.964Z]     W:\build\Debug\lib\adskHydraSceneBrowser\lib\src\patch\sceneIndexDebuggerWidget.h(39): note: see declaration of 'pxrInternal_v0_23__pxrReserved__::HduiDataSourceValueTreeView'
[2023-11-15T19:24:00.964Z]     S:\Jenkins\workspace\ECP\ecg-maya-hydra\ecg-maya-hydra-branch-preflight-python3-windows\ecg-maya-hydra\maya-hydra\lib\adskHydraSceneBrowser\test\adskHydraSceneBrowserTestFixture.cpp(306): error C2027: use of undefined type 'pxrInternal_v0_23__pxrReserved__::HduiDataSourceValueTreeView'
[2023-11-15T19:24:00.964Z]     W:\build\Debug\lib\adskHydraSceneBrowser\lib\src\patch\sceneIndexDebuggerWidget.h(39): note: see declaration of 'pxrInternal_v0_23__pxrReserved__::HduiDataSourceValueTreeView'
[2023-11-15T19:24:00.964Z]     S:\Jenkins\workspace\ECP\ecg-maya-hydra\ecg-maya-hydra-branch-preflight-python3-windows\ecg-maya-hydra\maya-hydra\lib\adskHydraSceneBrowser\test\adskHydraSceneBrowserTestFixture.h(68): note: This diagnostic occurred in the compiler generated function 'void AdskHydraSceneBrowserTestFixture::CompareArrayContents(const pxrInternal_v0_23__pxrReserved__::VtArray<ELEM> &)'
[2023-11-15T19:24:01.299Z]     [92/100] Building CXX object lib\adskHydraSceneBrowser\test\CMakeFiles\adskHydraSceneBrowserTesting.dir\adskHydraSceneBrowserTesting.cpp.obj
[2023-11-15T19:24:01.299Z]     ninja: build stopped: subcommand failed.
[2023-11-15T19:24:01.299Z]     
[2023-11-15T19:24:01.299Z]         Building with settings:
[2023-11-15T19:24:01.299Z]           Source directory          S:\Jenkins\workspace\ECP\ecg-maya-hydra\ecg-maya-hydra-branch-preflight-python3-windows\ecg-maya-hydra\maya-hydra
[2023-11-15T19:24:01.299Z]           Workspace directory       W:\
[2023-11-15T19:24:01.299Z]           Build directory           W:\build\Debug
[2023-11-15T19:24:01.299Z]           Install directory         W:\install\Debug\MayaHydra
[2023-11-15T19:24:01.299Z]           Variant                   Debug
[2023-11-15T19:24:01.299Z]           Python Debug              On
[2023-11-15T19:24:01.299Z]           CMake generator           Ninja
[2023-11-15T19:24:01.299Z]           Build arguments           ['-DCMAKE_MAKE_PROGRAM=P:/shared/Artifactory/Windows/ninja/1.10.2/ccacdf8/ninja.exe', '-DPYTHON_INCLUDE_DIR=P:/shared/Artifactory/Windows/rundev-master-debug/202310260154/runtime/2caf91a/runTime/include/Python310/Python', '-DPython_EXECUTABLE=P:/shared/Artifactory/Windows/rundev-master-debug/202310260154/runtime/2caf91a/runTime/bin/mayapy.exe', '-DPYTHON_LIBRARIES=P:/shared/Artifactory/Windows/rundev-master-debug/202310260154/runtime/2caf91a/runTime/lib/python310_d.lib', '-DBUILD_WITH_PYTHON_3=ON', '-DBUILD_WITH_PYTHON_3_VERSION=3.10', '-DCMAKE_WANT_MATERIALX_BUILD=ON', '-DCMAKE_PREFIX_PATH=P:\\shared\\Artifactory\\Windows\\USD\\972e371', '-DMAYAHYDRA_BUILD_NUMBER=397', '-DMAYAHYDRA_GIT_COMMIT=c1f8802e0362298f58a427db7119f38a8842cd69', '-DMAYAHYDRA_GIT_BRANCH=master']
[2023-11-15T19:24:01.299Z]           Stages arguments          ['build']
[2023-11-15T19:24:01.299Z]           CTest arguments           ['--parallel 16']
[2023-11-15T19:24:01.299Z]     #####################################################################################
[2023-11-15T19:24:01.299Z]     log date: 2023-11-15 11:23
[2023-11-15T19:24:01.299Z]     commit sha: aa6ed466d62093d1e3d857bb36a5a5b9a6896f40
[2023-11-15T19:24:01.299Z]     commit date: Wed Nov 15 13:52:47 2023 -0500
[2023-11-15T19:24:01.299Z]     #####################################################################################
[2023-11-15T19:24:01.299Z]     
[2023-11-15T19:24:01.299Z]     cmake --build . --config Debug  -- -j16
[2023-11-15T19:24:01.299Z]     
[2023-11-15T19:24:01.299Z]     Traceback (most recent call last):
[2023-11-15T19:24:01.299Z]       File "S:\Jenkins\workspace\ECP\ecg-maya-hydra\ecg-maya-hydra-branch-preflight-python3-windows\ecg-maya-hydra\maya-hydra\build.py", line 745, in <module>
[2023-11-15T19:24:01.299Z]         BuildAndInstall(context, context.buildArgs, context.stagesArgs)
[2023-11-15T19:24:01.299Z]       File "S:\Jenkins\workspace\ECP\ecg-maya-hydra\ecg-maya-hydra-branch-preflight-python3-windows\ecg-maya-hydra\maya-hydra\build.py", line 502, in BuildAndInstall
[2023-11-15T19:24:01.299Z]         RunCMake(context, extraArgs, stagesArgs)
[2023-11-15T19:24:01.299Z]       File "S:\Jenkins\workspace\ECP\ecg-maya-hydra\ecg-maya-hydra-branch-preflight-python3-windows\ecg-maya-hydra\maya-hydra\build.py", line 324, in RunCMake
[2023-11-15T19:24:01.299Z]         Run(context, "cmake --build . --config {variant} {installArg} -- {multiproc}"
[2023-11-15T19:24:01.299Z]       File "S:\Jenkins\workspace\ECP\ecg-maya-hydra\ecg-maya-hydra-branch-preflight-python3-windows\ecg-maya-hydra\maya-hydra\build.py", line 197, in Run
[2023-11-15T19:24:01.299Z]         raise RuntimeError("Failed to run '{cmd}'\nSee {log} for more details."
[2023-11-15T19:24:01.299Z]     RuntimeError: Failed to run 'cmake --build . --config Debug  -- -j16'
[2023-11-15T19:24:01.299Z]     See W:\build\Debug\build_log.txt for more details.
[2023-11-15T19:24:01.633Z] build.py: error: Command failed with error code: 1
[Pipeline] bat
[2023-11-15T19:24:02.256Z] Deleting alias drive W:
[Pipeline] bat
[2023-11-15T19:24:02.860Z] Deleting alias drive P:
[Pipeline] }
[Pipeline] // withEnv
[Pipeline] }
[Pipeline] // timeout
[Pipeline] }
[Pipeline] // stage
[Pipeline] }
[Pipeline] // timestamps
[Pipeline] emailextrecipients
Not sending mail to user ecg.jenkins@autodesk.com with no permission to view ECP  ecg-maya-hydra  Maya Hydra [Python 3, Interactive] - Branch - Preflight (Windows) #397Not sending mail to user ecg.jenkins@autodesk.com with no permission to view ECP  ecg-maya-hydra  Maya Hydra [Python 3, Interactive] - Branch - Preflight (Windows) #397[Pipeline] echo
No recipients to send notification.
[Pipeline] }
[Pipeline] // node
[Pipeline] End of Pipeline
ERROR: script returned exit code 1
[Checks API] No suitable checks publisher found.
Finished: FAILURE
