[2023-12-08T15:29:32.528Z] ================================================================================
[2023-12-08T15:29:32.528Z]                              setup (RelWithDebInfo)
[2023-12-08T15:29:32.528Z] ================================================================================
[Pipeline] }
[Pipeline] // withEnv
[Pipeline] }
[Pipeline] // timeout
[Pipeline] }
[Pipeline] // stage
[Pipeline] }
[Pipeline] // timestamps
[Pipeline] timestamps
[Pipeline] {
[Pipeline] stage
[Pipeline] { (Clean)
[Pipeline] timeout
[2023-12-08T15:29:32.827Z] Timeout set to expire in 6 hr 0 min
[Pipeline] {
[Pipeline] withEnv
[Pipeline] {
[Pipeline] sh
[2023-12-08T15:29:33.943Z] + scl enable devtoolset-6 -
[2023-12-08T15:29:33.943Z] python ecg-maya-usd/build.py --stages=clean --workspace-dir=/local/S/jenkins/workspace/ECP/ecg-maya-usd/ecg-mayausd-branch-preflight-2022-linux --artifactory-dir=/local/S/jenkins/workspace/shared/Artifactory --build-dir=/local/S/jenkins/workspace/ECP/ecg-maya-usd/ecg-mayausd-branch-preflight-2022-linux/build --install-dir=/local/S/jenkins/workspace/ECP/ecg-maya-usd/ecg-mayausd-branch-preflight-2022-linux/install --signing-dir=/local/S/jenkins/workspace/ECP/ecg-maya-usd/ecg-mayausd-branch-preflight-2022-linux/signing --package-dir=/local/S/jenkins/workspace/ECP/ecg-maya-usd/ecg-mayausd-branch-preflight-2022-linux/package --output-dir=/local/S/jenkins/workspace/ECP/ecg-maya-usd/ecg-mayausd-branch-preflight-2022-linux/output --stash-dir=/local/S/jenkins/workspace/ECP/ecg-maya-usd/ecg-mayausd-branch-preflight-2022-linux/stash --jenkins-build=1479 --git-commit=7c338191c9964a987a5054d1f1e50dd232c2476c --git-branch=master --variants=RelWithDebInfo --python=2.7 --post-zips=false --maya-cut-config=maya-rundev-2022.yaml --maya-package=rundev-2022 --stage-banner
[2023-12-08T15:29:34.300Z] Using Maya cut from /local/S/jenkins/workspace/shared/Artifactory/Linux/rundev-2022/202312061106/runtime/44521b8
[2023-12-08T15:29:34.300Z] 
[2023-12-08T15:29:34.300Z] ================================================================================
[2023-12-08T15:29:34.300Z]                              clean (RelWithDebInfo)
[2023-12-08T15:29:34.300Z] ================================================================================
[2023-12-08T15:29:34.300Z] Maya Python RelWithDebInfo Info:
[2023-12-08T15:29:34.300Z]   mayapy executable   = /local/S/jenkins/workspace/shared/Artifactory/Linux/rundev-2022/202312061106/runtime/44521b8/runTime/bin/mayapy2
[2023-12-08T15:29:34.300Z]   Include Folder      = /local/S/jenkins/workspace/shared/Artifactory/Linux/rundev-2022/202312061106/runtime/44521b8/runTime/include/Python27/Python
[2023-12-08T15:29:34.300Z]   Library             = /local/S/jenkins/workspace/shared/Artifactory/Linux/rundev-2022/202312061106/runtime/44521b8/runTime/lib/libpython2.7.so.1.0
[2023-12-08T15:29:34.300Z]   site-package Folder = /local/S/jenkins/workspace/shared/Artifactory/Linux/rundev-2022/202312061106/runtime/44521b8/runTime/lib/python2.7/site-packages
[2023-12-08T15:29:34.657Z] In workdir: /home/S/jenkins/workspace/ECP/ecg-maya-usd/ecg-mayausd-branch-preflight-2022-linux/ecg-maya-usd/maya-usd
[2023-12-08T15:29:34.657Z] Executing: /local/S/jenkins/workspace/shared/Artifactory/Linux/rundev-2022/202312061106/runtime/44521b8/runTime/bin/mayapy2 /home/S/jenkins/workspace/ECP/ecg-maya-usd/ecg-mayausd-branch-preflight-2022-linux/ecg-maya-usd/maya-usd/build.py --generator Ninja --build-relwithdebug --maya-location /local/S/jenkins/workspace/shared/Artifactory/Linux/rundev-2022/202312061106/runtime/44521b8/runTime --devkit-location /local/S/jenkins/workspace/shared/Artifactory/Linux/rundev-2022/202312061106/runtime/44521b8/devkitBase --pxrusd-location /local/S/jenkins/workspace/shared/Artifactory/Linux/USD/594b459 --materialx --build-args=-DCMAKE_MAKE_PROGRAM=/local/S/jenkins/workspace/shared/Artifactory/Linux/ninja/1.10.2/9ab399b/ninja,-DPYTHON_INCLUDE_DIR=/local/S/jenkins/workspace/shared/Artifactory/Linux/rundev-2022/202312061106/runtime/44521b8/runTime/include/Python27/Python,-DPython_EXECUTABLE=/local/S/jenkins/workspace/shared/Artifactory/Linux/rundev-2022/202312061106/runtime/44521b8/runTime/bin/mayapy2,-DPYTHON_LIBRARIES=/local/S/jenkins/workspace/shared/Artifactory/Linux/rundev-2022/202312061106/runtime/44521b8/runTime/lib/libpython2.7.so.1.0,-DUSD_LIB_PREFIX=lib,-DBUILD_HDMAYA=OFF '--ctest-args=-E testUsdReferenceAssemblySelection|testUsdMayaAppDir,-LE interactive,--parallel 16' --stages=clean --redirect-outstream-file=False --install-location /local/S/jenkins/workspace/ECP/ecg-maya-usd/ecg-mayausd-branch-preflight-2022-linux/install/RelWithDebInfo/MayaUSD /local/S/jenkins/workspace/ECP/ecg-maya-usd/ecg-mayausd-branch-preflight-2022-linux
[2023-12-08T15:29:34.657Z] Modified environment variables:
[2023-12-08T15:29:34.657Z]     PATH=/local/S/jenkins/workspace/shared/Artifactory/Linux/cmake/3.20.3/ab685d7/bin:/opt/rh/devtoolset-6/root/usr/bin:/usr/local/bin:/usr/bin
[2023-12-08T15:29:34.657Z]     LD_LIBRARY_PATH=/opt/rh/devtoolset-6/root/usr/lib64:/opt/rh/devtoolset-6/root/usr/lib64:/opt/rh/devtoolset-6/root/usr/lib
[2023-12-08T15:29:34.657Z]     
[2023-12-08T15:29:34.657Z]         Building with settings:
[2023-12-08T15:29:34.657Z]           Source directory          /home/S/jenkins/workspace/ECP/ecg-maya-usd/ecg-mayausd-branch-preflight-2022-linux/ecg-maya-usd/maya-usd
[2023-12-08T15:29:34.657Z]           Workspace directory       /local/S/jenkins/workspace/ECP/ecg-maya-usd/ecg-mayausd-branch-preflight-2022-linux
[2023-12-08T15:29:34.657Z]           Build directory           /local/S/jenkins/workspace/ECP/ecg-maya-usd/ecg-mayausd-branch-preflight-2022-linux/build/RelWithDebInfo
[2023-12-08T15:29:34.657Z]           Install directory         /local/S/jenkins/workspace/ECP/ecg-maya-usd/ecg-mayausd-branch-preflight-2022-linux/install/RelWithDebInfo/MayaUSD
[2023-12-08T15:29:34.657Z]           Variant                   RelWithDebInfo
[2023-12-08T15:29:34.657Z]           Python Debug              Off
[2023-12-08T15:29:34.657Z]           CMake generator           Ninja
[2023-12-08T15:29:34.657Z]           Build arguments           ['-DCMAKE_MAKE_PROGRAM=/local/S/jenkins/workspace/shared/Artifactory/Linux/ninja/1.10.2/9ab399b/ninja', '-DPYTHON_INCLUDE_DIR=/local/S/jenkins/workspace/shared/Artifactory/Linux/rundev-2022/202312061106/runtime/44521b8/runTime/include/Python27/Python', '-DPython_EXECUTABLE=/local/S/jenkins/workspace/shared/Artifactory/Linux/rundev-2022/202312061106/runtime/44521b8/runTime/bin/mayapy2', '-DPYTHON_LIBRARIES=/local/S/jenkins/workspace/shared/Artifactory/Linux/rundev-2022/202312061106/runtime/44521b8/runTime/lib/libpython2.7.so.1.0', '-DUSD_LIB_PREFIX=lib', '-DBUILD_HDMAYA=OFF']
[2023-12-08T15:29:34.657Z]           Stages arguments          ['clean']
[2023-12-08T15:29:34.657Z]           CTest arguments           ['-E testUsdReferenceAssemblySelection|testUsdMayaAppDir', '-LE interactive', '--parallel 16']
[2023-12-08T15:29:34.657Z]     Success MayaUSD build and install !!!!
[2023-12-08T15:29:34.657Z]     Elapsed time: 00:00:00
[Pipeline] }
[Pipeline] // withEnv
[Pipeline] }
[Pipeline] // timeout
[Pipeline] }
[Pipeline] // stage
[Pipeline] }
[Pipeline] // timestamps
[Pipeline] timestamps
[Pipeline] {
[Pipeline] stage
[Pipeline] { (Configure)
[Pipeline] timeout
[2023-12-08T15:29:34.896Z] Timeout set to expire in 6 hr 0 min
[Pipeline] {
[Pipeline] withEnv
[Pipeline] {
[Pipeline] sh
[2023-12-08T15:29:35.709Z] + scl enable devtoolset-6 -
[2023-12-08T15:29:35.709Z] python ecg-maya-usd/build.py --stages=configure --workspace-dir=/local/S/jenkins/workspace/ECP/ecg-maya-usd/ecg-mayausd-branch-preflight-2022-linux --artifactory-dir=/local/S/jenkins/workspace/shared/Artifactory --build-dir=/local/S/jenkins/workspace/ECP/ecg-maya-usd/ecg-mayausd-branch-preflight-2022-linux/build --install-dir=/local/S/jenkins/workspace/ECP/ecg-maya-usd/ecg-mayausd-branch-preflight-2022-linux/install --signing-dir=/local/S/jenkins/workspace/ECP/ecg-maya-usd/ecg-mayausd-branch-preflight-2022-linux/signing --package-dir=/local/S/jenkins/workspace/ECP/ecg-maya-usd/ecg-mayausd-branch-preflight-2022-linux/package --output-dir=/local/S/jenkins/workspace/ECP/ecg-maya-usd/ecg-mayausd-branch-preflight-2022-linux/output --stash-dir=/local/S/jenkins/workspace/ECP/ecg-maya-usd/ecg-mayausd-branch-preflight-2022-linux/stash --jenkins-build=1479 --git-commit=7c338191c9964a987a5054d1f1e50dd232c2476c --git-branch=master --variants=RelWithDebInfo --python=2.7 --post-zips=false --maya-cut-config=maya-rundev-2022.yaml --maya-package=rundev-2022 --stage-banner
[2023-12-08T15:29:36.566Z] Using Maya cut from /local/S/jenkins/workspace/shared/Artifactory/Linux/rundev-2022/202312061106/runtime/44521b8
[2023-12-08T15:29:36.566Z] 
[2023-12-08T15:29:36.566Z] ================================================================================
[2023-12-08T15:29:36.566Z]                            configure (RelWithDebInfo)
[2023-12-08T15:29:36.566Z] ================================================================================
[2023-12-08T15:29:36.566Z] Maya Python RelWithDebInfo Info:
[2023-12-08T15:29:36.566Z]   mayapy executable   = /local/S/jenkins/workspace/shared/Artifactory/Linux/rundev-2022/202312061106/runtime/44521b8/runTime/bin/mayapy2
[2023-12-08T15:29:36.566Z]   Include Folder      = /local/S/jenkins/workspace/shared/Artifactory/Linux/rundev-2022/202312061106/runtime/44521b8/runTime/include/Python27/Python
[2023-12-08T15:29:36.566Z]   Library             = /local/S/jenkins/workspace/shared/Artifactory/Linux/rundev-2022/202312061106/runtime/44521b8/runTime/lib/libpython2.7.so.1.0
[2023-12-08T15:29:36.566Z]   site-package Folder = /local/S/jenkins/workspace/shared/Artifactory/Linux/rundev-2022/202312061106/runtime/44521b8/runTime/lib/python2.7/site-packages
[2023-12-08T15:29:36.566Z] In workdir: /home/S/jenkins/workspace/ECP/ecg-maya-usd/ecg-mayausd-branch-preflight-2022-linux/ecg-maya-usd/maya-usd
[2023-12-08T15:29:36.566Z] Executing: /local/S/jenkins/workspace/shared/Artifactory/Linux/rundev-2022/202312061106/runtime/44521b8/runTime/bin/mayapy2 /home/S/jenkins/workspace/ECP/ecg-maya-usd/ecg-mayausd-branch-preflight-2022-linux/ecg-maya-usd/maya-usd/build.py --generator Ninja --build-relwithdebug --maya-location /local/S/jenkins/workspace/shared/Artifactory/Linux/rundev-2022/202312061106/runtime/44521b8/runTime --devkit-location /local/S/jenkins/workspace/shared/Artifactory/Linux/rundev-2022/202312061106/runtime/44521b8/devkitBase --pxrusd-location /local/S/jenkins/workspace/shared/Artifactory/Linux/USD/594b459 --materialx --build-args=-DCMAKE_MAKE_PROGRAM=/local/S/jenkins/workspace/shared/Artifactory/Linux/ninja/1.10.2/9ab399b/ninja,-DPYTHON_INCLUDE_DIR=/local/S/jenkins/workspace/shared/Artifactory/Linux/rundev-2022/202312061106/runtime/44521b8/runTime/include/Python27/Python,-DPython_EXECUTABLE=/local/S/jenkins/workspace/shared/Artifactory/Linux/rundev-2022/202312061106/runtime/44521b8/runTime/bin/mayapy2,-DPYTHON_LIBRARIES=/local/S/jenkins/workspace/shared/Artifactory/Linux/rundev-2022/202312061106/runtime/44521b8/runTime/lib/libpython2.7.so.1.0,-DUSD_LIB_PREFIX=lib,-DBUILD_HDMAYA=OFF '--ctest-args=-E testUsdReferenceAssemblySelection|testUsdMayaAppDir,-LE interactive,--parallel 16' --stages=configure --redirect-outstream-file=False --install-location /local/S/jenkins/workspace/ECP/ecg-maya-usd/ecg-mayausd-branch-preflight-2022-linux/install/RelWithDebInfo/MayaUSD /local/S/jenkins/workspace/ECP/ecg-maya-usd/ecg-mayausd-branch-preflight-2022-linux
[2023-12-08T15:29:36.566Z] Modified environment variables:
[2023-12-08T15:29:36.566Z]     PATH=/local/S/jenkins/workspace/shared/Artifactory/Linux/cmake/3.20.3/ab685d7/bin:/opt/rh/devtoolset-6/root/usr/bin:/usr/local/bin:/usr/bin
[2023-12-08T15:29:36.566Z]     LD_LIBRARY_PATH=/opt/rh/devtoolset-6/root/usr/lib64:/opt/rh/devtoolset-6/root/usr/lib64:/opt/rh/devtoolset-6/root/usr/lib
[2023-12-08T15:29:36.932Z]     -- The C compiler identification is GNU 6.3.1
[2023-12-08T15:29:36.932Z]     -- The CXX compiler identification is GNU 6.3.1
[2023-12-08T15:29:36.932Z]     -- Detecting C compiler ABI info
[2023-12-08T15:29:36.932Z]     -- Detecting C compiler ABI info - done
[2023-12-08T15:29:36.932Z]     -- Check for working C compiler: /opt/rh/devtoolset-6/root/usr/bin/cc - skipped
[2023-12-08T15:29:36.932Z]     -- Detecting C compile features
[2023-12-08T15:29:36.932Z]     -- Detecting C compile features - done
[2023-12-08T15:29:36.932Z]     -- Detecting CXX compiler ABI info
[2023-12-08T15:29:37.300Z]     -- Detecting CXX compiler ABI info - done
[2023-12-08T15:29:37.300Z]     -- Check for working CXX compiler: /opt/rh/devtoolset-6/root/usr/bin/c++ - skipped
[2023-12-08T15:29:37.300Z]     -- Detecting CXX compile features
[2023-12-08T15:29:37.300Z]     -- Detecting CXX compile features - done
[2023-12-08T15:29:38.068Z]     -- Using Maya Light API Version 2
[2023-12-08T15:29:38.068Z]     -- Maya has setDefaultMaterialHandling API
[2023-12-08T15:29:38.068Z]     -- Maya has new point snapping API
[2023-12-08T15:29:38.068Z]     -- Maya has setUfeIdentifiers API
[2023-12-08T15:29:38.068Z]     -- Maya has updateUfeIdentifiers API
[2023-12-08T15:29:38.068Z]     -- Maya has getDisplayStyleOfAllViewports API
[2023-12-08T15:29:38.068Z]     -- Maya array iterator has difference_type trait
[2023-12-08T15:29:38.068Z]     -- Found Maya: /local/S/jenkins/workspace/shared/Artifactory/Linux/rundev-2022/202312061106/runtime/44521b8/runTime/bin/maya (found suitable version "2022", minimum required is "2022")
[2023-12-08T15:29:38.068Z]     -- Found Python: /local/S/jenkins/workspace/shared/Artifactory/Linux/rundev-2022/202312061106/runtime/44521b8/runTime/bin/mayapy2 (found suitable exact version "2.7.11") found components: Interpreter
[2023-12-08T15:29:38.068Z]     -- Build MayaUSD with Python3 = OFF
[2023-12-08T15:29:38.068Z]     --    PYTHON_INCLUDE_DIRS = /local/S/jenkins/workspace/shared/Artifactory/Linux/rundev-2022/202312061106/runtime/44521b8/runTime/include/Python27/Python
[2023-12-08T15:29:38.068Z]     --    PYTHON_LIBRARIES    = /local/S/jenkins/workspace/shared/Artifactory/Linux/rundev-2022/202312061106/runtime/44521b8/runTime/lib/libpython2.7.so.1.0
[2023-12-08T15:29:38.068Z]     --    Python_EXECUTABLE   = /local/S/jenkins/workspace/shared/Artifactory/Linux/rundev-2022/202312061106/runtime/44521b8/runTime/bin/mayapy2
[2023-12-08T15:29:38.068Z]     -- USD v0.21.11 has security patches.
[2023-12-08T15:29:38.068Z]     -- Found USD: /local/S/jenkins/workspace/shared/Artifactory/Linux/USD/594b459 (found suitable version "0.21.11", minimum required is "0.21.11")
[2023-12-08T15:29:38.068Z]     --    USD include dir: /local/S/jenkins/workspace/shared/Artifactory/Linux/USD/594b459/include
[2023-12-08T15:29:38.068Z]     --    USD library dir: /local/S/jenkins/workspace/shared/Artifactory/Linux/USD/594b459/lib
[2023-12-08T15:29:38.068Z]     --    usdGenSchema: /local/S/jenkins/workspace/shared/Artifactory/Linux/USD/594b459/bin/usdGenSchema
[2023-12-08T15:29:38.068Z]     --    USD version: 0.21.11
[2023-12-08T15:29:38.068Z]     --    Autodesk USD version: 0.21.11-ad1
[2023-12-08T15:29:38.068Z]     Updated PYTHONPATH: /opt/rh/devtoolset-6/root/usr/lib64/python2.7/site-packages:/opt/rh/devtoolset-6/root/usr/lib/python2.7/site-packages:/local/S/jenkins/workspace/shared/Artifactory/Linux/USD/594b459/lib/python
[2023-12-08T15:29:38.069Z]     -- Found UFE: /local/S/jenkins/workspace/shared/Artifactory/Linux/rundev-2022/202312061106/runtime/44521b8/devkitBase/devkit/ufe/include (found suitable version "2.1.1", minimum required is "0.2.0")
[2023-12-08T15:29:38.069Z]     -- Build MayaUsd with UFE version 2.1.1
[2023-12-08T15:29:38.069Z]     --    UFE include dir: /local/S/jenkins/workspace/shared/Artifactory/Linux/rundev-2022/202312061106/runtime/44521b8/devkitBase/devkit/ufe/include
[2023-12-08T15:29:38.069Z]     --    UFE library: /local/S/jenkins/workspace/shared/Artifactory/Linux/rundev-2022/202312061106/runtime/44521b8/devkitBase/devkit/ufe/lib/libufe_2.so
[2023-12-08T15:29:38.069Z]     --    UFE preview features: ufe
[2023-12-08T15:29:38.426Z]     -- Found MaterialX
[2023-12-08T15:29:38.426Z]     -- Using Maya Qt version 5.15.2
[2023-12-08T15:29:38.426Z]     
[2023-12-08T15:29:38.426Z]     --   Qt include path  : /local/S/jenkins/workspace/shared/Artifactory/Linux/rundev-2022/202312061106/runtime/44521b8/devkitBase/include/qt_5.15.2-include
[2023-12-08T15:29:38.426Z]     --   moc executable   : /local/S/jenkins/workspace/shared/Artifactory/Linux/rundev-2022/202312061106/runtime/44521b8/devkitBase/devkit/bin/moc
[2023-12-08T15:29:38.426Z]     --   uic executable   : /local/S/jenkins/workspace/shared/Artifactory/Linux/rundev-2022/202312061106/runtime/44521b8/devkitBase/devkit/bin/uic
[2023-12-08T15:29:38.426Z]     --   rcc executable   : /local/S/jenkins/workspace/shared/Artifactory/Linux/rundev-2022/202312061106/runtime/44521b8/devkitBase/devkit/bin/rcc
[2023-12-08T15:29:38.426Z]     --   Qt Core library: /local/S/jenkins/workspace/shared/Artifactory/Linux/rundev-2022/202312061106/runtime/44521b8/runTime/lib/libQt5Core.so
[2023-12-08T15:29:38.426Z]     --   Qt Gui library: /local/S/jenkins/workspace/shared/Artifactory/Linux/rundev-2022/202312061106/runtime/44521b8/runTime/lib/libQt5Gui.so
[2023-12-08T15:29:38.426Z]     --   Qt Widgets library: /local/S/jenkins/workspace/shared/Artifactory/Linux/rundev-2022/202312061106/runtime/44521b8/runTime/lib/libQt5Widgets.so
[2023-12-08T15:29:38.426Z]     -- Found Qt5 in Maya devkit, building with Qt 5.15.2
[2023-12-08T15:29:38.426Z]      features enabled.
[2023-12-08T15:29:38.426Z]     -- **** Building Gulrak From Github Repository.
[2023-12-08T15:29:38.426Z]     -- Populating gulrak
[2023-12-08T15:29:38.426Z]     -- Configuring done
[2023-12-08T15:29:38.426Z]     -- Generating done
[2023-12-08T15:29:38.426Z]     -- Build files have been written to: /home/S/jenkins/workspace/ECP/ecg-maya-usd/ecg-mayausd-branch-preflight-2022-linux/build/RelWithDebInfo/_deps/gulrak-subbuild
[2023-12-08T15:29:38.426Z]     [1/9] Creating directories for 'gulrak-populate'
[2023-12-08T15:29:38.426Z]     [1/9] Performing download step (git clone) for 'gulrak-populate'
[2023-12-08T15:29:38.426Z]     Cloning into 'gulrak-src'...
[2023-12-08T15:29:39.201Z]     HEAD is now at 4e21ab3 Version bump and updated readme.
[2023-12-08T15:29:39.559Z]     [2/9] Performing update step for 'gulrak-populate'
[2023-12-08T15:29:39.559Z]     [4/9] No patch step for 'gulrak-populate'
[2023-12-08T15:29:39.559Z]     [5/9] No configure step for 'gulrak-populate'
[2023-12-08T15:29:39.559Z]     [6/9] No build step for 'gulrak-populate'
[2023-12-08T15:29:39.559Z]     [7/9] No install step for 'gulrak-populate'
[2023-12-08T15:29:39.559Z]     [8/9] No test step for 'gulrak-populate'
[2023-12-08T15:29:39.559Z]     [9/9] Completed 'gulrak-populate'
[2023-12-08T15:29:39.559Z]     -- ========== Installing GoogleTest... ==========
[2023-12-08T15:29:39.559Z]     -- Configuring done
[2023-12-08T15:29:39.559Z]     -- Generating done
[2023-12-08T15:29:39.559Z]     -- Build files have been written to: /home/S/jenkins/workspace/ECP/ecg-maya-usd/ecg-mayausd-branch-preflight-2022-linux/build/RelWithDebInfo/googletest-config
[2023-12-08T15:29:39.559Z]     [1/8] Creating directories for 'googletest'
[2023-12-08T15:29:42.693Z]     [2/8] Performing download step (git clone) for 'googletest'
[2023-12-08T15:29:42.693Z]     Cloning into 'googletest-src'...
[2023-12-08T15:29:42.693Z]     HEAD is now at 703bd9ca Googletest export
[2023-12-08T15:29:42.693Z]     [3/8] Performing update step for 'googletest'
[2023-12-08T15:29:42.693Z]     [4/8] No patch step for 'googletest'
[2023-12-08T15:29:43.459Z]     [5/8] Performing configure step for 'googletest'
[2023-12-08T15:29:43.459Z]     Not searching for unused variables given on the command line.
[2023-12-08T15:29:43.459Z]     CMake Deprecation Warning at CMakeLists.txt:4 (cmake_minimum_required):
[2023-12-08T15:29:43.459Z]       Compatibility with CMake < 2.8.12 will be removed from a future version of
[2023-12-08T15:29:43.459Z]       CMake.
[2023-12-08T15:29:43.459Z]     
[2023-12-08T15:29:43.459Z]       Update the VERSION argument <min> value or use a ...<max> suffix to tell
[2023-12-08T15:29:43.459Z]       CMake that the project does not need compatibility with older versions.
[2023-12-08T15:29:43.459Z]     
[2023-12-08T15:29:43.459Z]     
[2023-12-08T15:29:43.459Z]     -- The C compiler identification is GNU 6.3.1
[2023-12-08T15:29:43.459Z]     -- The CXX compiler identification is GNU 6.3.1
[2023-12-08T15:29:43.459Z]     -- Detecting C compiler ABI info
[2023-12-08T15:29:43.459Z]     -- Detecting C compiler ABI info - done
[2023-12-08T15:29:43.459Z]     -- Check for working C compiler: /opt/rh/devtoolset-6/root/usr/bin/cc - skipped
[2023-12-08T15:29:43.459Z]     -- Detecting C compile features
[2023-12-08T15:29:43.459Z]     -- Detecting C compile features - done
[2023-12-08T15:29:43.460Z]     -- Detecting CXX compiler ABI info
[2023-12-08T15:29:43.460Z]     -- Detecting CXX compiler ABI info - done
[2023-12-08T15:29:43.460Z]     -- Check for working CXX compiler: /opt/rh/devtoolset-6/root/usr/bin/c++ - skipped
[2023-12-08T15:29:43.460Z]     -- Detecting CXX compile features
[2023-12-08T15:29:43.460Z]     -- Detecting CXX compile features - done
[2023-12-08T15:29:43.460Z]     CMake Deprecation Warning at googletest/CMakeLists.txt:56 (cmake_minimum_required):
[2023-12-08T15:29:43.460Z]       Compatibility with CMake < 2.8.12 will be removed from a future version of
[2023-12-08T15:29:43.460Z]       CMake.
[2023-12-08T15:29:43.460Z]     
[2023-12-08T15:29:43.460Z]       Update the VERSION argument <min> value or use a ...<max> suffix to tell
[2023-12-08T15:29:43.460Z]       CMake that the project does not need compatibility with older versions.
[2023-12-08T15:29:43.460Z]     
[2023-12-08T15:29:43.460Z]     
[2023-12-08T15:29:43.460Z]     -- Found PythonInterp: /usr/bin/python (found version "2.7.11")
[2023-12-08T15:29:43.460Z]     -- Looking for pthread.h
[2023-12-08T15:29:43.460Z]     -- Looking for pthread.h - found
[2023-12-08T15:29:43.460Z]     -- Performing Test CMAKE_HAVE_LIBC_PTHREAD
[2023-12-08T15:29:43.460Z]     -- Performing Test CMAKE_HAVE_LIBC_PTHREAD - Failed
[2023-12-08T15:29:43.460Z]     -- Looking for pthread_create in pthreads
[2023-12-08T15:29:43.460Z]     -- Looking for pthread_create in pthreads - not found
[2023-12-08T15:29:43.460Z]     -- Looking for pthread_create in pthread
[2023-12-08T15:29:43.460Z]     -- Looking for pthread_create in pthread - found
[2023-12-08T15:29:43.460Z]     -- Found Threads: TRUE
[2023-12-08T15:29:43.460Z]     -- Configuring done
[2023-12-08T15:29:43.460Z]     -- Generating done
[2023-12-08T15:29:43.460Z]     -- Build files have been written to: /home/S/jenkins/workspace/ECP/ecg-maya-usd/ecg-mayausd-branch-preflight-2022-linux/build/RelWithDebInfo/googletest-build
[2023-12-08T15:29:51.024Z]     [6/8] Performing build step for 'googletest'
[2023-12-08T15:29:51.024Z]     [1/4] Building CXX object googletest/CMakeFiles/gtest_main.dir/src/gtest_main.cc.o
[2023-12-08T15:29:51.024Z]     [2/4] Building CXX object googletest/CMakeFiles/gtest.dir/src/gtest-all.cc.o
[2023-12-08T15:29:51.024Z]     [3/4] Linking CXX shared library lib/libgtest.so
[2023-12-08T15:29:51.024Z]     [4/4] Linking CXX shared library lib/libgtest_main.so
[2023-12-08T15:29:51.024Z]     [7/8] Performing install step for 'googletest'
[2023-12-08T15:29:51.024Z]     [0/1] Install the project...
[2023-12-08T15:29:51.024Z]     -- Install configuration: "RelWithDebInfo"
[2023-12-08T15:29:51.024Z]     -- Set runtime path of "/home/S/jenkins/workspace/ECP/ecg-maya-usd/ecg-mayausd-branch-preflight-2022-linux/build/RelWithDebInfo/googletest-install/lib64/libgtest_main.so" to ""
[2023-12-08T15:29:51.024Z]     [8/8] Completed 'googletest'
[2023-12-08T15:29:51.024Z]     -- ========== ...  GoogleTest installed. ==========
[2023-12-08T15:29:51.380Z]     -- USD_HAS_COLOR4_SDR_SUPPORT is FALSE
[2023-12-08T15:29:51.380Z]     -- MAYA_HAS_DISPLAY_LAYER_API is FALSE
[2023-12-08T15:29:51.380Z]     -- promoting: /home/S/jenkins/workspace/ECP/ecg-maya-usd/ecg-mayausd-branch-preflight-2022-linux/ecg-maya-usd/maya-usd/lib/usdUfe/base/usdUfe.h.src
[2023-12-08T15:29:51.380Z]     -- promoting: /home/S/jenkins/workspace/ECP/ecg-maya-usd/ecg-mayausd-branch-preflight-2022-linux/ecg-maya-usd/maya-usd/lib/usdUfe/base/api.h
[2023-12-08T15:29:51.380Z]     -- promoting: /home/S/jenkins/workspace/ECP/ecg-maya-usd/ecg-mayausd-branch-preflight-2022-linux/ecg-maya-usd/maya-usd/lib/usdUfe/base/debugCodes.h
[2023-12-08T15:29:51.380Z]     -- promoting: /home/S/jenkins/workspace/ECP/ecg-maya-usd/ecg-mayausd-branch-preflight-2022-linux/ecg-maya-usd/maya-usd/lib/usdUfe/base/tokens.h
[2023-12-08T15:29:51.380Z]     CMake Error at lib/usdUfe/ufe/CMakeLists.txt:48 (if):
[2023-12-08T15:29:51.380Z]       if given arguments:
[2023-12-08T15:29:51.380Z]     
[2023-12-08T15:29:51.380Z]         "GREATER_EQUAL" "5015"
[2023-12-08T15:29:51.380Z]     
[2023-12-08T15:29:51.380Z]       Unknown arguments specified
[2023-12-08T15:29:51.381Z]     
[2023-12-08T15:29:51.381Z]     
[2023-12-08T15:29:51.381Z]     -- Configuring incomplete, errors occurred!
[2023-12-08T15:29:51.381Z]     See also "/home/S/jenkins/workspace/ECP/ecg-maya-usd/ecg-mayausd-branch-preflight-2022-linux/build/RelWithDebInfo/CMakeFiles/CMakeOutput.log".
[2023-12-08T15:29:51.381Z]     See also "/home/S/jenkins/workspace/ECP/ecg-maya-usd/ecg-mayausd-branch-preflight-2022-linux/build/RelWithDebInfo/CMakeFiles/CMakeError.log".
[2023-12-08T15:29:51.381Z]     
[2023-12-08T15:29:51.381Z]         Building with settings:
[2023-12-08T15:29:51.381Z]           Source directory          /home/S/jenkins/workspace/ECP/ecg-maya-usd/ecg-mayausd-branch-preflight-2022-linux/ecg-maya-usd/maya-usd
[2023-12-08T15:29:51.381Z]           Workspace directory       /local/S/jenkins/workspace/ECP/ecg-maya-usd/ecg-mayausd-branch-preflight-2022-linux
[2023-12-08T15:29:51.381Z]           Build directory           /local/S/jenkins/workspace/ECP/ecg-maya-usd/ecg-mayausd-branch-preflight-2022-linux/build/RelWithDebInfo
[2023-12-08T15:29:51.381Z]           Install directory         /local/S/jenkins/workspace/ECP/ecg-maya-usd/ecg-mayausd-branch-preflight-2022-linux/install/RelWithDebInfo/MayaUSD
[2023-12-08T15:29:51.381Z]           Variant                   RelWithDebInfo
[2023-12-08T15:29:51.381Z]           Python Debug              Off
[2023-12-08T15:29:51.381Z]           CMake generator           Ninja
[2023-12-08T15:29:51.381Z]           Build arguments           ['-DCMAKE_MAKE_PROGRAM=/local/S/jenkins/workspace/shared/Artifactory/Linux/ninja/1.10.2/9ab399b/ninja', '-DPYTHON_INCLUDE_DIR=/local/S/jenkins/workspace/shared/Artifactory/Linux/rundev-2022/202312061106/runtime/44521b8/runTime/include/Python27/Python', '-DPython_EXECUTABLE=/local/S/jenkins/workspace/shared/Artifactory/Linux/rundev-2022/202312061106/runtime/44521b8/runTime/bin/mayapy2', '-DPYTHON_LIBRARIES=/local/S/jenkins/workspace/shared/Artifactory/Linux/rundev-2022/202312061106/runtime/44521b8/runTime/lib/libpython2.7.so.1.0', '-DUSD_LIB_PREFIX=lib', '-DBUILD_HDMAYA=OFF']
[2023-12-08T15:29:51.381Z]           Stages arguments          ['configure']
[2023-12-08T15:29:51.381Z]           CTest arguments           ['-E testUsdReferenceAssemblySelection|testUsdMayaAppDir', '-LE interactive', '--parallel 16']
[2023-12-08T15:29:51.381Z]     STATUS: Found Maya Qt headers in: /local/S/jenkins/workspace/shared/Artifactory/Linux/rundev-2022/202312061106/runtime/44521b8/devkitBase
[2023-12-08T15:29:51.381Z]     #####################################################################################
[2023-12-08T15:29:51.381Z]     log date: 2023-12-08 07:29
[2023-12-08T15:29:51.381Z]     commit sha: eb1cc0f1fb2f6323e7be1c11958a638c5d3609ee
[2023-12-08T15:29:51.381Z]     commit date: Fri Dec 8 09:54:36 2023 -0500
[2023-12-08T15:29:51.381Z]     #####################################################################################
[2023-12-08T15:29:51.381Z]     
[2023-12-08T15:29:51.381Z]     cmake -DCMAKE_INSTALL_PREFIX="/local/S/jenkins/workspace/ECP/ecg-maya-usd/ecg-mayausd-branch-preflight-2022-linux/install/RelWithDebInfo/MayaUSD" -DCMAKE_BUILD_TYPE=RelWithDebInfo -DCMAKE_EXPORT_COMPILE_COMMANDS=ON -G "Ninja" -DMAYA_LOCATION="/local/S/jenkins/workspace/shared/Artifactory/Linux/rundev-2022/202312061106/runtime/44521b8/runTime" -DPXR_USD_LOCATION="/local/S/jenkins/workspace/shared/Artifactory/Linux/USD/594b459" -DMAYA_DEVKIT_LOCATION="/local/S/jenkins/workspace/shared/Artifactory/Linux/rundev-2022/202312061106/runtime/44521b8/devkitBase" -DCMAKE_WANT_MATERIALX_BUILD=ON -DCMAKE_PREFIX_PATH="/local/S/jenkins/workspace/shared/Artifactory/Linux/USD/594b459" -DMAYAUSD_DEFINE_BOOST_DEBUG_PYTHON_FLAG=OFF -DCMAKE_MAKE_PROGRAM=/local/S/jenkins/workspace/shared/Artifactory/Linux/ninja/1.10.2/9ab399b/ninja -DPYTHON_INCLUDE_DIR=/local/S/jenkins/workspace/shared/Artifactory/Linux/rundev-2022/202312061106/runtime/44521b8/runTime/include/Python27/Python -DPython_EXECUTABLE=/local/S/jenkins/workspace/shared/Artifactory/Linux/rundev-2022/202312061106/runtime/44521b8/runTime/bin/mayapy2 -DPYTHON_LIBRARIES=/local/S/jenkins/workspace/shared/Artifactory/Linux/rundev-2022/202312061106/runtime/44521b8/runTime/lib/libpython2.7.so.1.0 -DUSD_LIB_PREFIX=lib -DBUILD_HDMAYA=OFF "/home/S/jenkins/workspace/ECP/ecg-maya-usd/ecg-mayausd-branch-preflight-2022-linux/ecg-maya-usd/maya-usd"
[2023-12-08T15:29:51.381Z]     
[2023-12-08T15:29:51.381Z]     Traceback (most recent call last):
[2023-12-08T15:29:51.381Z]       File "/home/S/jenkins/workspace/ECP/ecg-maya-usd/ecg-mayausd-branch-preflight-2022-linux/ecg-maya-usd/maya-usd/build.py", line 779, in <module>
[2023-12-08T15:29:51.381Z]         BuildAndInstall(context, context.buildArgs, context.stagesArgs)
[2023-12-08T15:29:51.381Z]       File "/home/S/jenkins/workspace/ECP/ecg-maya-usd/ecg-mayausd-branch-preflight-2022-linux/ecg-maya-usd/maya-usd/build.py", line 536, in BuildAndInstall
[2023-12-08T15:29:51.381Z]         RunCMake(context, extraArgs, stagesArgs)
[2023-12-08T15:29:51.381Z]       File "/home/S/jenkins/workspace/ECP/ecg-maya-usd/ecg-mayausd-branch-preflight-2022-linux/ecg-maya-usd/maya-usd/build.py", line 301, in RunCMake
[2023-12-08T15:29:51.381Z]         extraArgs=(" ".join(extraArgs) if extraArgs else "")))
[2023-12-08T15:29:51.381Z]       File "/home/S/jenkins/workspace/ECP/ecg-maya-usd/ecg-mayausd-branch-preflight-2022-linux/ecg-maya-usd/maya-usd/build.py", line 182, in Run
[2023-12-08T15:29:51.381Z]         .format(cmd=cmd, log=os.path.abspath(context.logFileLocation)))
[2023-12-08T15:29:51.381Z]     RuntimeError: Failed to run 'cmake -DCMAKE_INSTALL_PREFIX="/local/S/jenkins/workspace/ECP/ecg-maya-usd/ecg-mayausd-branch-preflight-2022-linux/install/RelWithDebInfo/MayaUSD" -DCMAKE_BUILD_TYPE=RelWithDebInfo -DCMAKE_EXPORT_COMPILE_COMMANDS=ON -G "Ninja" -DMAYA_LOCATION="/local/S/jenkins/workspace/shared/Artifactory/Linux/rundev-2022/202312061106/runtime/44521b8/runTime" -DPXR_USD_LOCATION="/local/S/jenkins/workspace/shared/Artifactory/Linux/USD/594b459" -DMAYA_DEVKIT_LOCATION="/local/S/jenkins/workspace/shared/Artifactory/Linux/rundev-2022/202312061106/runtime/44521b8/devkitBase" -DCMAKE_WANT_MATERIALX_BUILD=ON -DCMAKE_PREFIX_PATH="/local/S/jenkins/workspace/shared/Artifactory/Linux/USD/594b459" -DMAYAUSD_DEFINE_BOOST_DEBUG_PYTHON_FLAG=OFF -DCMAKE_MAKE_PROGRAM=/local/S/jenkins/workspace/shared/Artifactory/Linux/ninja/1.10.2/9ab399b/ninja -DPYTHON_INCLUDE_DIR=/local/S/jenkins/workspace/shared/Artifactory/Linux/rundev-2022/202312061106/runtime/44521b8/runTime/include/Python27/Python -DPython_EXECUTABLE=/local/S/jenkins/workspace/shared/Artifactory/Linux/rundev-2022/202312061106/runtime/44521b8/runTime/bin/mayapy2 -DPYTHON_LIBRARIES=/local/S/jenkins/workspace/shared/Artifactory/Linux/rundev-2022/202312061106/runtime/44521b8/runTime/lib/libpython2.7.so.1.0 -DUSD_LIB_PREFIX=lib -DBUILD_HDMAYA=OFF "/home/S/jenkins/workspace/ECP/ecg-maya-usd/ecg-mayausd-branch-preflight-2022-linux/ecg-maya-usd/maya-usd"'
[2023-12-08T15:29:51.381Z]     See /local/S/jenkins/workspace/ECP/ecg-maya-usd/ecg-mayausd-branch-preflight-2022-linux/build/RelWithDebInfo/build_log.txt for more details.
[2023-12-08T15:29:51.381Z] build.py: error: Command failed with error code: 1
[Pipeline] }
[Pipeline] // withEnv
[Pipeline] }
[Pipeline] // timeout
[Pipeline] }
[Pipeline] // stage
[Pipeline] }
[Pipeline] // timestamps
[Pipeline] emailextrecipients
Not sending mail to user ecg.jenkins@autodesk.com with no permission to view ECP » ecg-maya-usd » MayaUsd [Python 2] - Branch - Maya 2022 - Preflight (Linux) #1479Not sending mail to user ecg.jenkins@autodesk.com with no permission to view ECP » ecg-maya-usd » MayaUsd [Python 2] - Branch - Maya 2022 - Preflight (Linux) #1479[Pipeline] echo
No recipients to send notification.
[Pipeline] }
[Pipeline] // node
[Pipeline] End of Pipeline
ERROR: script returned exit code 1
[Checks API] No suitable checks publisher found.
Finished: FAILURE
