[2023-12-08T15:29:33.711Z] ================================================================================
[2023-12-08T15:29:33.711Z]                              setup (RelWithDebInfo)
[2023-12-08T15:29:33.711Z] ================================================================================
[Pipeline] }
[Pipeline] // withEnv
[Pipeline] }
[Pipeline] // timeout
[Pipeline] }
[Pipeline] // stage
[Pipeline] }
[Pipeline] // timestamps
[Pipeline] timestamps
[Pipeline] {
[Pipeline] stage
[Pipeline] { (Clean)
[Pipeline] timeout
[2023-12-08T15:29:33.954Z] Timeout set to expire in 6 hr 0 min
[Pipeline] {
[Pipeline] withEnv
[Pipeline] {
[Pipeline] sh
[2023-12-08T15:29:34.811Z] + scl enable devtoolset-6 -
[2023-12-08T15:29:34.812Z] python ecg-maya-usd/build.py --stages=clean --workspace-dir=/local/S/jenkins/workspace/ECP/ecg-maya-usd/ecg-mayausd-branch-preflight-2023-python3-linux --artifactory-dir=/local/S/jenkins/workspace/shared/Artifactory --build-dir=/local/S/jenkins/workspace/ECP/ecg-maya-usd/ecg-mayausd-branch-preflight-2023-python3-linux/build --install-dir=/local/S/jenkins/workspace/ECP/ecg-maya-usd/ecg-mayausd-branch-preflight-2023-python3-linux/install --signing-dir=/local/S/jenkins/workspace/ECP/ecg-maya-usd/ecg-mayausd-branch-preflight-2023-python3-linux/signing --package-dir=/local/S/jenkins/workspace/ECP/ecg-maya-usd/ecg-mayausd-branch-preflight-2023-python3-linux/package --output-dir=/local/S/jenkins/workspace/ECP/ecg-maya-usd/ecg-mayausd-branch-preflight-2023-python3-linux/output --stash-dir=/local/S/jenkins/workspace/ECP/ecg-maya-usd/ecg-mayausd-branch-preflight-2023-python3-linux/stash --jenkins-build=1479 --git-commit=7c338191c9964a987a5054d1f1e50dd232c2476c --git-branch=master --variants=RelWithDebInfo --python=3.9 --post-zips=false --maya-cut-config=maya-rundev-2023.yaml --maya-package=rundev-2023 --stage-banner
[2023-12-08T15:29:35.178Z] Using Maya cut from /local/S/jenkins/workspace/shared/Artifactory/Linux/rundev-2023/202211021031/runtime/0cd6c11
[2023-12-08T15:29:35.178Z] 
[2023-12-08T15:29:35.178Z] ================================================================================
[2023-12-08T15:29:35.178Z]                              clean (RelWithDebInfo)
[2023-12-08T15:29:35.178Z] ================================================================================
[2023-12-08T15:29:35.178Z] Maya Python RelWithDebInfo Info:
[2023-12-08T15:29:35.178Z]   mayapy executable   = /local/S/jenkins/workspace/shared/Artifactory/Linux/rundev-2023/202211021031/runtime/0cd6c11/runTime/bin/mayapy
[2023-12-08T15:29:35.178Z]   Include Folder      = /local/S/jenkins/workspace/shared/Artifactory/Linux/rundev-2023/202211021031/runtime/0cd6c11/runTime/include/Python39/Python
[2023-12-08T15:29:35.178Z]   Library             = /local/S/jenkins/workspace/shared/Artifactory/Linux/rundev-2023/202211021031/runtime/0cd6c11/runTime/lib/libpython3.9.so.1.0
[2023-12-08T15:29:35.178Z]   site-package Folder = /local/S/jenkins/workspace/shared/Artifactory/Linux/rundev-2023/202211021031/runtime/0cd6c11/runTime/lib/python3.9/site-packages
[2023-12-08T15:29:35.545Z] In workdir: /home/S/jenkins/workspace/ECP/ecg-maya-usd/ecg-mayausd-branch-preflight-2023-python3-linux/ecg-maya-usd/maya-usd
[2023-12-08T15:29:35.545Z] Executing: /local/S/jenkins/workspace/shared/Artifactory/Linux/rundev-2023/202211021031/runtime/0cd6c11/runTime/bin/mayapy /home/S/jenkins/workspace/ECP/ecg-maya-usd/ecg-mayausd-branch-preflight-2023-python3-linux/ecg-maya-usd/maya-usd/build.py --generator Ninja --build-relwithdebug --maya-location /local/S/jenkins/workspace/shared/Artifactory/Linux/rundev-2023/202211021031/runtime/0cd6c11/runTime --devkit-location /local/S/jenkins/workspace/shared/Artifactory/Linux/rundev-2023/202211021031/runtime/0cd6c11/devkitBase --pxrusd-location /local/S/jenkins/workspace/shared/Artifactory/Linux/USD/cb5482e --materialx --build-args=-DCMAKE_MAKE_PROGRAM=/local/S/jenkins/workspace/shared/Artifactory/Linux/ninja/1.10.2/9ab399b/ninja,-DPYTHON_INCLUDE_DIR=/local/S/jenkins/workspace/shared/Artifactory/Linux/rundev-2023/202211021031/runtime/0cd6c11/runTime/include/Python39/Python,-DPython_EXECUTABLE=/local/S/jenkins/workspace/shared/Artifactory/Linux/rundev-2023/202211021031/runtime/0cd6c11/runTime/bin/mayapy,-DPYTHON_LIBRARIES=/local/S/jenkins/workspace/shared/Artifactory/Linux/rundev-2023/202211021031/runtime/0cd6c11/runTime/lib/libpython3.9.so.1.0,-DBUILD_WITH_PYTHON_3=ON,-DBUILD_WITH_PYTHON_3_VERSION=3.9,-DUSD_LIB_PREFIX=lib,-DBUILD_HDMAYA=OFF '--ctest-args=-E testUsdReferenceAssemblySelection|testUsdMayaAppDir,-LE interactive,--parallel 16' --stages=clean --redirect-outstream-file=False --install-location /local/S/jenkins/workspace/ECP/ecg-maya-usd/ecg-mayausd-branch-preflight-2023-python3-linux/install/RelWithDebInfo/MayaUSD /local/S/jenkins/workspace/ECP/ecg-maya-usd/ecg-mayausd-branch-preflight-2023-python3-linux
[2023-12-08T15:29:35.545Z] Modified environment variables:
[2023-12-08T15:29:35.545Z]     PATH=/local/S/jenkins/workspace/shared/Artifactory/Linux/cmake/3.20.3/ab685d7/bin:/opt/rh/devtoolset-6/root/usr/bin:/usr/local/bin:/usr/bin
[2023-12-08T15:29:35.545Z]     LD_LIBRARY_PATH=/opt/rh/devtoolset-6/root/usr/lib64:/opt/rh/devtoolset-6/root/usr/lib64:/opt/rh/devtoolset-6/root/usr/lib
[2023-12-08T15:29:35.545Z]     
[2023-12-08T15:29:35.545Z]         Building with settings:
[2023-12-08T15:29:35.545Z]           Source directory          /home/S/jenkins/workspace/ECP/ecg-maya-usd/ecg-mayausd-branch-preflight-2023-python3-linux/ecg-maya-usd/maya-usd
[2023-12-08T15:29:35.545Z]           Workspace directory       /local/S/jenkins/workspace/ECP/ecg-maya-usd/ecg-mayausd-branch-preflight-2023-python3-linux
[2023-12-08T15:29:35.545Z]           Build directory           /local/S/jenkins/workspace/ECP/ecg-maya-usd/ecg-mayausd-branch-preflight-2023-python3-linux/build/RelWithDebInfo
[2023-12-08T15:29:35.545Z]           Install directory         /local/S/jenkins/workspace/ECP/ecg-maya-usd/ecg-mayausd-branch-preflight-2023-python3-linux/install/RelWithDebInfo/MayaUSD
[2023-12-08T15:29:35.545Z]           Variant                   RelWithDebInfo
[2023-12-08T15:29:35.545Z]           Python Debug              Off
[2023-12-08T15:29:35.545Z]           CMake generator           Ninja
[2023-12-08T15:29:35.545Z]           Build arguments           ['-DCMAKE_MAKE_PROGRAM=/local/S/jenkins/workspace/shared/Artifactory/Linux/ninja/1.10.2/9ab399b/ninja', '-DPYTHON_INCLUDE_DIR=/local/S/jenkins/workspace/shared/Artifactory/Linux/rundev-2023/202211021031/runtime/0cd6c11/runTime/include/Python39/Python', '-DPython_EXECUTABLE=/local/S/jenkins/workspace/shared/Artifactory/Linux/rundev-2023/202211021031/runtime/0cd6c11/runTime/bin/mayapy', '-DPYTHON_LIBRARIES=/local/S/jenkins/workspace/shared/Artifactory/Linux/rundev-2023/202211021031/runtime/0cd6c11/runTime/lib/libpython3.9.so.1.0', '-DBUILD_WITH_PYTHON_3=ON', '-DBUILD_WITH_PYTHON_3_VERSION=3.9', '-DUSD_LIB_PREFIX=lib', '-DBUILD_HDMAYA=OFF']
[2023-12-08T15:29:35.545Z]           Stages arguments          ['clean']
[2023-12-08T15:29:35.545Z]           CTest arguments           ['-E testUsdReferenceAssemblySelection|testUsdMayaAppDir', '-LE interactive', '--parallel 16']
[2023-12-08T15:29:35.545Z]     Success MayaUSD build and install !!!!
[2023-12-08T15:29:35.545Z]     Elapsed time: 00:00:00
[Pipeline] }
[Pipeline] // withEnv
[Pipeline] }
[Pipeline] // timeout
[Pipeline] }
[Pipeline] // stage
[Pipeline] }
[Pipeline] // timestamps
[Pipeline] timestamps
[Pipeline] {
[Pipeline] stage
[Pipeline] { (Configure)
[Pipeline] timeout
[2023-12-08T15:29:35.778Z] Timeout set to expire in 6 hr 0 min
[Pipeline] {
[Pipeline] withEnv
[Pipeline] {
[Pipeline] sh
[2023-12-08T15:29:36.751Z] + scl enable devtoolset-6 -
[2023-12-08T15:29:36.751Z] python ecg-maya-usd/build.py --stages=configure --workspace-dir=/local/S/jenkins/workspace/ECP/ecg-maya-usd/ecg-mayausd-branch-preflight-2023-python3-linux --artifactory-dir=/local/S/jenkins/workspace/shared/Artifactory --build-dir=/local/S/jenkins/workspace/ECP/ecg-maya-usd/ecg-mayausd-branch-preflight-2023-python3-linux/build --install-dir=/local/S/jenkins/workspace/ECP/ecg-maya-usd/ecg-mayausd-branch-preflight-2023-python3-linux/install --signing-dir=/local/S/jenkins/workspace/ECP/ecg-maya-usd/ecg-mayausd-branch-preflight-2023-python3-linux/signing --package-dir=/local/S/jenkins/workspace/ECP/ecg-maya-usd/ecg-mayausd-branch-preflight-2023-python3-linux/package --output-dir=/local/S/jenkins/workspace/ECP/ecg-maya-usd/ecg-mayausd-branch-preflight-2023-python3-linux/output --stash-dir=/local/S/jenkins/workspace/ECP/ecg-maya-usd/ecg-mayausd-branch-preflight-2023-python3-linux/stash --jenkins-build=1479 --git-commit=7c338191c9964a987a5054d1f1e50dd232c2476c --git-branch=master --variants=RelWithDebInfo --python=3.9 --post-zips=false --maya-cut-config=maya-rundev-2023.yaml --maya-package=rundev-2023 --stage-banner
[2023-12-08T15:29:37.146Z] Using Maya cut from /local/S/jenkins/workspace/shared/Artifactory/Linux/rundev-2023/202211021031/runtime/0cd6c11
[2023-12-08T15:29:37.146Z] 
[2023-12-08T15:29:37.146Z] ================================================================================
[2023-12-08T15:29:37.146Z]                            configure (RelWithDebInfo)
[2023-12-08T15:29:37.146Z] ================================================================================
[2023-12-08T15:29:37.146Z] Maya Python RelWithDebInfo Info:
[2023-12-08T15:29:37.146Z]   mayapy executable   = /local/S/jenkins/workspace/shared/Artifactory/Linux/rundev-2023/202211021031/runtime/0cd6c11/runTime/bin/mayapy
[2023-12-08T15:29:37.146Z]   Include Folder      = /local/S/jenkins/workspace/shared/Artifactory/Linux/rundev-2023/202211021031/runtime/0cd6c11/runTime/include/Python39/Python
[2023-12-08T15:29:37.146Z]   Library             = /local/S/jenkins/workspace/shared/Artifactory/Linux/rundev-2023/202211021031/runtime/0cd6c11/runTime/lib/libpython3.9.so.1.0
[2023-12-08T15:29:37.146Z]   site-package Folder = /local/S/jenkins/workspace/shared/Artifactory/Linux/rundev-2023/202211021031/runtime/0cd6c11/runTime/lib/python3.9/site-packages
[2023-12-08T15:29:37.519Z] In workdir: /home/S/jenkins/workspace/ECP/ecg-maya-usd/ecg-mayausd-branch-preflight-2023-python3-linux/ecg-maya-usd/maya-usd
[2023-12-08T15:29:37.519Z] Executing: /local/S/jenkins/workspace/shared/Artifactory/Linux/rundev-2023/202211021031/runtime/0cd6c11/runTime/bin/mayapy /home/S/jenkins/workspace/ECP/ecg-maya-usd/ecg-mayausd-branch-preflight-2023-python3-linux/ecg-maya-usd/maya-usd/build.py --generator Ninja --build-relwithdebug --maya-location /local/S/jenkins/workspace/shared/Artifactory/Linux/rundev-2023/202211021031/runtime/0cd6c11/runTime --devkit-location /local/S/jenkins/workspace/shared/Artifactory/Linux/rundev-2023/202211021031/runtime/0cd6c11/devkitBase --pxrusd-location /local/S/jenkins/workspace/shared/Artifactory/Linux/USD/cb5482e --materialx --build-args=-DCMAKE_MAKE_PROGRAM=/local/S/jenkins/workspace/shared/Artifactory/Linux/ninja/1.10.2/9ab399b/ninja,-DPYTHON_INCLUDE_DIR=/local/S/jenkins/workspace/shared/Artifactory/Linux/rundev-2023/202211021031/runtime/0cd6c11/runTime/include/Python39/Python,-DPython_EXECUTABLE=/local/S/jenkins/workspace/shared/Artifactory/Linux/rundev-2023/202211021031/runtime/0cd6c11/runTime/bin/mayapy,-DPYTHON_LIBRARIES=/local/S/jenkins/workspace/shared/Artifactory/Linux/rundev-2023/202211021031/runtime/0cd6c11/runTime/lib/libpython3.9.so.1.0,-DBUILD_WITH_PYTHON_3=ON,-DBUILD_WITH_PYTHON_3_VERSION=3.9,-DUSD_LIB_PREFIX=lib,-DBUILD_HDMAYA=OFF '--ctest-args=-E testUsdReferenceAssemblySelection|testUsdMayaAppDir,-LE interactive,--parallel 16' --stages=configure --redirect-outstream-file=False --install-location /local/S/jenkins/workspace/ECP/ecg-maya-usd/ecg-mayausd-branch-preflight-2023-python3-linux/install/RelWithDebInfo/MayaUSD /local/S/jenkins/workspace/ECP/ecg-maya-usd/ecg-mayausd-branch-preflight-2023-python3-linux
[2023-12-08T15:29:37.519Z] Modified environment variables:
[2023-12-08T15:29:37.519Z]     PATH=/local/S/jenkins/workspace/shared/Artifactory/Linux/cmake/3.20.3/ab685d7/bin:/opt/rh/devtoolset-6/root/usr/bin:/usr/local/bin:/usr/bin
[2023-12-08T15:29:37.519Z]     LD_LIBRARY_PATH=/opt/rh/devtoolset-6/root/usr/lib64:/opt/rh/devtoolset-6/root/usr/lib64:/opt/rh/devtoolset-6/root/usr/lib
[2023-12-08T15:29:37.519Z]     -- The C compiler identification is GNU 6.3.1
[2023-12-08T15:29:37.519Z]     -- The CXX compiler identification is GNU 6.3.1
[2023-12-08T15:29:37.519Z]     -- Detecting C compiler ABI info
[2023-12-08T15:29:37.519Z]     -- Detecting C compiler ABI info - done
[2023-12-08T15:29:37.519Z]     -- Check for working C compiler: /opt/rh/devtoolset-6/root/usr/bin/cc - skipped
[2023-12-08T15:29:37.519Z]     -- Detecting C compile features
[2023-12-08T15:29:37.519Z]     -- Detecting C compile features - done
[2023-12-08T15:29:37.519Z]     -- Detecting CXX compiler ABI info
[2023-12-08T15:29:37.519Z]     -- Detecting CXX compiler ABI info - done
[2023-12-08T15:29:37.886Z]     -- Check for working CXX compiler: /opt/rh/devtoolset-6/root/usr/bin/c++ - skipped
[2023-12-08T15:29:37.886Z]     -- Detecting CXX compile features
[2023-12-08T15:29:37.886Z]     -- Detecting CXX compile features - done
[2023-12-08T15:29:38.253Z]     -- Using Maya Light API Version 3
[2023-12-08T15:29:38.253Z]     -- Maya has setDefaultMaterialHandling API
[2023-12-08T15:29:38.253Z]     -- Maya has new point snapping API
[2023-12-08T15:29:38.253Z]     -- Maya has getCurrentUfeCameraPath
[2023-12-08T15:29:38.253Z]     -- Maya has isInCrashHandler API
[2023-12-08T15:29:38.253Z]     -- Maya has setUfeIdentifiers API
[2023-12-08T15:29:38.253Z]     -- Maya has updateUfeIdentifiers API
[2023-12-08T15:29:38.253Z]     -- Maya has getDisplayStyleOfAllViewports API
[2023-12-08T15:29:38.253Z]     -- Maya array iterator has difference_type trait
[2023-12-08T15:29:38.253Z]     -- MFnSet has getMemberPaths function
[2023-12-08T15:29:38.253Z]     -- MFnDisplayLayer exists
[2023-12-08T15:29:38.253Z]     -- MDisplayLayerMessage has MDisplayLayerMemberChangedFunction
[2023-12-08T15:29:38.253Z]     -- MRenderItem has HideOnPlayback API
[2023-12-08T15:29:38.253Z]     -- Maya has UFE gizmo drawing
[2023-12-08T15:29:38.253Z]     -- Found Maya: /local/S/jenkins/workspace/shared/Artifactory/Linux/rundev-2023/202211021031/runtime/0cd6c11/runTime/bin/maya (found suitable version "2023", minimum required is "2022")
[2023-12-08T15:29:38.621Z]     -- Found Python: /local/S/jenkins/workspace/shared/Artifactory/Linux/rundev-2023/202211021031/runtime/0cd6c11/runTime/bin/mayapy (found suitable exact version "3.9.7") found components: Interpreter
[2023-12-08T15:29:38.621Z]     -- Build MayaUSD with Python3 = ON
[2023-12-08T15:29:38.621Z]     --    PYTHON_INCLUDE_DIRS = /local/S/jenkins/workspace/shared/Artifactory/Linux/rundev-2023/202211021031/runtime/0cd6c11/runTime/include/Python39/Python
[2023-12-08T15:29:38.621Z]     --    PYTHON_LIBRARIES    = /local/S/jenkins/workspace/shared/Artifactory/Linux/rundev-2023/202211021031/runtime/0cd6c11/runTime/lib/libpython3.9.so.1.0
[2023-12-08T15:29:38.621Z]     --    Python_EXECUTABLE   = /local/S/jenkins/workspace/shared/Artifactory/Linux/rundev-2023/202211021031/runtime/0cd6c11/runTime/bin/mayapy
[2023-12-08T15:29:38.621Z]     -- USD v0.21.11 has security patches.
[2023-12-08T15:29:38.621Z]     -- Found USD: /local/S/jenkins/workspace/shared/Artifactory/Linux/USD/cb5482e (found suitable version "0.21.11", minimum required is "0.21.11")
[2023-12-08T15:29:38.621Z]     --    USD include dir: /local/S/jenkins/workspace/shared/Artifactory/Linux/USD/cb5482e/include
[2023-12-08T15:29:38.621Z]     --    USD library dir: /local/S/jenkins/workspace/shared/Artifactory/Linux/USD/cb5482e/lib
[2023-12-08T15:29:38.621Z]     --    usdGenSchema: /local/S/jenkins/workspace/shared/Artifactory/Linux/USD/cb5482e/bin/usdGenSchema
[2023-12-08T15:29:38.621Z]     --    USD version: 0.21.11
[2023-12-08T15:29:38.621Z]     --    Autodesk USD version: 0.21.11-ad1
[2023-12-08T15:29:38.621Z]     Updated PYTHONPATH: /opt/rh/devtoolset-6/root/usr/lib64/python2.7/site-packages:/opt/rh/devtoolset-6/root/usr/lib/python2.7/site-packages:/local/S/jenkins/workspace/shared/Artifactory/Linux/USD/cb5482e/lib/python
[2023-12-08T15:29:38.621Z]     -- Found UFE: /local/S/jenkins/workspace/shared/Artifactory/Linux/rundev-2023/202211021031/runtime/0cd6c11/devkitBase/devkit/ufe/include (found suitable version "3.3.0", minimum required is "0.2.0")
[2023-12-08T15:29:38.621Z]     -- Maya has UFE lights API
[2023-12-08T15:29:38.621Z]     -- Maya has UFE scene segment API
[2023-12-08T15:29:38.621Z]     -- Maya has UFE TrieNode childrenComponents accessor
[2023-12-08T15:29:38.621Z]     -- Build MayaUsd with UFE version 3.3.0
[2023-12-08T15:29:38.621Z]     --    UFE include dir: /local/S/jenkins/workspace/shared/Artifactory/Linux/rundev-2023/202211021031/runtime/0cd6c11/devkitBase/devkit/ufe/include
[2023-12-08T15:29:38.621Z]     --    UFE library: /local/S/jenkins/workspace/shared/Artifactory/Linux/rundev-2023/202211021031/runtime/0cd6c11/devkitBase/devkit/ufe/lib/libufe_3.so
[2023-12-08T15:29:38.621Z]     --    UFE preview features: ufe
[2023-12-08T15:29:38.621Z]     -- Found MaterialX
[2023-12-08T15:29:38.621Z]     -- Using Maya Qt version 5.15.2
[2023-12-08T15:29:38.621Z]     
[2023-12-08T15:29:38.621Z]     --   Qt include path  : /local/S/jenkins/workspace/shared/Artifactory/Linux/rundev-2023/202211021031/runtime/0cd6c11/devkitBase/include/qt_5.15.2-include
[2023-12-08T15:29:38.621Z]     --   moc executable   : /local/S/jenkins/workspace/shared/Artifactory/Linux/rundev-2023/202211021031/runtime/0cd6c11/devkitBase/devkit/bin/moc
[2023-12-08T15:29:38.621Z]     --   uic executable   : /local/S/jenkins/workspace/shared/Artifactory/Linux/rundev-2023/202211021031/runtime/0cd6c11/devkitBase/devkit/bin/uic
[2023-12-08T15:29:38.621Z]     --   rcc executable   : /local/S/jenkins/workspace/shared/Artifactory/Linux/rundev-2023/202211021031/runtime/0cd6c11/devkitBase/devkit/bin/rcc
[2023-12-08T15:29:38.621Z]     --   Qt Core library: /local/S/jenkins/workspace/shared/Artifactory/Linux/rundev-2023/202211021031/runtime/0cd6c11/runTime/lib/libQt5Core.so
[2023-12-08T15:29:38.621Z]     --   Qt Gui library: /local/S/jenkins/workspace/shared/Artifactory/Linux/rundev-2023/202211021031/runtime/0cd6c11/runTime/lib/libQt5Gui.so
[2023-12-08T15:29:38.621Z]     --   Qt Widgets library: /local/S/jenkins/workspace/shared/Artifactory/Linux/rundev-2023/202211021031/runtime/0cd6c11/runTime/lib/libQt5Widgets.so
[2023-12-08T15:29:38.621Z]     -- Found Qt5 in Maya devkit, building with Qt 5.15.2
[2023-12-08T15:29:38.621Z]      features enabled.
[2023-12-08T15:29:38.621Z]     -- **** Building Gulrak From Github Repository.
[2023-12-08T15:29:38.621Z]     -- Populating gulrak
[2023-12-08T15:29:38.621Z]     -- Configuring done
[2023-12-08T15:29:38.621Z]     -- Generating done
[2023-12-08T15:29:38.621Z]     -- Build files have been written to: /home/S/jenkins/workspace/ECP/ecg-maya-usd/ecg-mayausd-branch-preflight-2023-python3-linux/build/RelWithDebInfo/_deps/gulrak-subbuild
[2023-12-08T15:29:38.621Z]     [1/9] Creating directories for 'gulrak-populate'
[2023-12-08T15:29:38.621Z]     [1/9] Performing download step (git clone) for 'gulrak-populate'
[2023-12-08T15:29:38.621Z]     Cloning into 'gulrak-src'...
[2023-12-08T15:29:39.897Z]     HEAD is now at 4e21ab3 Version bump and updated readme.
[2023-12-08T15:29:39.897Z]     [2/9] Performing update step for 'gulrak-populate'
[2023-12-08T15:29:39.897Z]     [4/9] No patch step for 'gulrak-populate'
[2023-12-08T15:29:39.897Z]     [5/9] No configure step for 'gulrak-populate'
[2023-12-08T15:29:39.897Z]     [6/9] No build step for 'gulrak-populate'
[2023-12-08T15:29:39.897Z]     [7/9] No install step for 'gulrak-populate'
[2023-12-08T15:29:39.897Z]     [8/9] No test step for 'gulrak-populate'
[2023-12-08T15:29:39.897Z]     [9/9] Completed 'gulrak-populate'
[2023-12-08T15:29:39.897Z]     -- ========== Installing GoogleTest... ==========
[2023-12-08T15:29:39.897Z]     -- Configuring done
[2023-12-08T15:29:39.897Z]     -- Generating done
[2023-12-08T15:29:39.897Z]     -- Build files have been written to: /home/S/jenkins/workspace/ECP/ecg-maya-usd/ecg-mayausd-branch-preflight-2023-python3-linux/build/RelWithDebInfo/googletest-config
[2023-12-08T15:29:39.897Z]     [1/8] Creating directories for 'googletest'
[2023-12-08T15:29:41.712Z]     [2/8] Performing download step (git clone) for 'googletest'
[2023-12-08T15:29:41.712Z]     Cloning into 'googletest-src'...
[2023-12-08T15:29:41.712Z]     HEAD is now at 703bd9ca Googletest export
[2023-12-08T15:29:41.712Z]     [3/8] Performing update step for 'googletest'
[2023-12-08T15:29:41.712Z]     [4/8] No patch step for 'googletest'
[2023-12-08T15:29:42.082Z]     [5/8] Performing configure step for 'googletest'
[2023-12-08T15:29:42.082Z]     Not searching for unused variables given on the command line.
[2023-12-08T15:29:42.082Z]     CMake Deprecation Warning at CMakeLists.txt:4 (cmake_minimum_required):
[2023-12-08T15:29:42.082Z]       Compatibility with CMake < 2.8.12 will be removed from a future version of
[2023-12-08T15:29:42.082Z]       CMake.
[2023-12-08T15:29:42.082Z]     
[2023-12-08T15:29:42.082Z]       Update the VERSION argument <min> value or use a ...<max> suffix to tell
[2023-12-08T15:29:42.082Z]       CMake that the project does not need compatibility with older versions.
[2023-12-08T15:29:42.082Z]     
[2023-12-08T15:29:42.082Z]     
[2023-12-08T15:29:42.082Z]     -- The C compiler identification is GNU 6.3.1
[2023-12-08T15:29:42.082Z]     -- The CXX compiler identification is GNU 6.3.1
[2023-12-08T15:29:42.082Z]     -- Detecting C compiler ABI info
[2023-12-08T15:29:42.082Z]     -- Detecting C compiler ABI info - done
[2023-12-08T15:29:42.082Z]     -- Check for working C compiler: /opt/rh/devtoolset-6/root/usr/bin/cc - skipped
[2023-12-08T15:29:42.082Z]     -- Detecting C compile features
[2023-12-08T15:29:42.082Z]     -- Detecting C compile features - done
[2023-12-08T15:29:42.082Z]     -- Detecting CXX compiler ABI info
[2023-12-08T15:29:42.082Z]     -- Detecting CXX compiler ABI info - done
[2023-12-08T15:29:42.082Z]     -- Check for working CXX compiler: /opt/rh/devtoolset-6/root/usr/bin/c++ - skipped
[2023-12-08T15:29:42.082Z]     -- Detecting CXX compile features
[2023-12-08T15:29:42.082Z]     -- Detecting CXX compile features - done
[2023-12-08T15:29:42.082Z]     CMake Deprecation Warning at googletest/CMakeLists.txt:56 (cmake_minimum_required):
[2023-12-08T15:29:42.082Z]       Compatibility with CMake < 2.8.12 will be removed from a future version of
[2023-12-08T15:29:42.082Z]       CMake.
[2023-12-08T15:29:42.082Z]     
[2023-12-08T15:29:42.082Z]       Update the VERSION argument <min> value or use a ...<max> suffix to tell
[2023-12-08T15:29:42.082Z]       CMake that the project does not need compatibility with older versions.
[2023-12-08T15:29:42.082Z]     
[2023-12-08T15:29:42.082Z]     
[2023-12-08T15:29:42.082Z]     -- Found PythonInterp: /usr/bin/python (found version "2.7.5")
[2023-12-08T15:29:42.082Z]     -- Looking for pthread.h
[2023-12-08T15:29:42.082Z]     -- Looking for pthread.h - found
[2023-12-08T15:29:42.082Z]     -- Performing Test CMAKE_HAVE_LIBC_PTHREAD
[2023-12-08T15:29:42.082Z]     -- Performing Test CMAKE_HAVE_LIBC_PTHREAD - Failed
[2023-12-08T15:29:42.082Z]     -- Looking for pthread_create in pthreads
[2023-12-08T15:29:42.082Z]     -- Looking for pthread_create in pthreads - not found
[2023-12-08T15:29:42.082Z]     -- Looking for pthread_create in pthread
[2023-12-08T15:29:42.082Z]     -- Looking for pthread_create in pthread - found
[2023-12-08T15:29:42.082Z]     -- Found Threads: TRUE
[2023-12-08T15:29:42.082Z]     -- Configuring done
[2023-12-08T15:29:42.082Z]     -- Generating done
[2023-12-08T15:29:42.082Z]     -- Build files have been written to: /home/S/jenkins/workspace/ECP/ecg-maya-usd/ecg-mayausd-branch-preflight-2023-python3-linux/build/RelWithDebInfo/googletest-build
[2023-12-08T15:29:49.990Z]     [6/8] Performing build step for 'googletest'
[2023-12-08T15:29:49.990Z]     [1/4] Building CXX object googletest/CMakeFiles/gtest_main.dir/src/gtest_main.cc.o
[2023-12-08T15:29:49.990Z]     [2/4] Building CXX object googletest/CMakeFiles/gtest.dir/src/gtest-all.cc.o
[2023-12-08T15:29:49.990Z]     [3/4] Linking CXX shared library lib/libgtest.so
[2023-12-08T15:29:49.990Z]     [4/4] Linking CXX shared library lib/libgtest_main.so
[2023-12-08T15:29:49.990Z]     [7/8] Performing install step for 'googletest'
[2023-12-08T15:29:49.990Z]     [0/1] Install the project...
[2023-12-08T15:29:49.990Z]     -- Install configuration: "RelWithDebInfo"
[2023-12-08T15:29:49.990Z]     -- Set runtime path of "/home/S/jenkins/workspace/ECP/ecg-maya-usd/ecg-mayausd-branch-preflight-2023-python3-linux/build/RelWithDebInfo/googletest-install/lib64/libgtest_main.so" to ""
[2023-12-08T15:29:49.990Z]     [8/8] Completed 'googletest'
[2023-12-08T15:29:49.990Z]     -- ========== ...  GoogleTest installed. ==========
[2023-12-08T15:29:49.990Z]     #################################################################################################
[2023-12-08T15:29:49.990Z]     #  USD_DISABLE_PRIM_DEFINITIONS_FOR_USDGENSCHEMA is overridden to 'true'.  Default is 'false'.  #
[2023-12-08T15:29:49.990Z]     #################################################################################################
[2023-12-08T15:29:49.990Z]     Processing schema classes:
[2023-12-08T15:29:49.990Z]     CustomRig
[2023-12-08T15:29:49.990Z]     Loading Templates from /local/S/jenkins/workspace/shared/Artifactory/Linux/USD/cb5482e/lib/usd/usd/resources/codegenTemplates
[2023-12-08T15:29:49.990Z]     	unchanged /home/S/jenkins/workspace/ECP/ecg-maya-usd/ecg-mayausd-branch-preflight-2023-python3-linux/ecg-maya-usd/maya-usd/test/lib/mayaUsd/fileio/UsdCustomRigSchema/plugInfo.json
[2023-12-08T15:29:49.990Z]     Generating Schematics:
[2023-12-08T15:29:49.990Z]     	unchanged /home/S/jenkins/workspace/ECP/ecg-maya-usd/ecg-mayausd-branch-preflight-2023-python3-linux/ecg-maya-usd/maya-usd/test/lib/mayaUsd/fileio/UsdCustomRigSchema/generatedSchema.usda
[2023-12-08T15:29:49.990Z]     -- USD_HAS_COLOR4_SDR_SUPPORT is FALSE
[2023-12-08T15:29:49.990Z]     -- MAYA_HAS_DISPLAY_LAYER_API is TRUE
[2023-12-08T15:29:49.990Z]     -- promoting: /home/S/jenkins/workspace/ECP/ecg-maya-usd/ecg-mayausd-branch-preflight-2023-python3-linux/ecg-maya-usd/maya-usd/lib/usdUfe/base/usdUfe.h.src
[2023-12-08T15:29:49.990Z]     -- promoting: /home/S/jenkins/workspace/ECP/ecg-maya-usd/ecg-mayausd-branch-preflight-2023-python3-linux/ecg-maya-usd/maya-usd/lib/usdUfe/base/api.h
[2023-12-08T15:29:49.990Z]     -- promoting: /home/S/jenkins/workspace/ECP/ecg-maya-usd/ecg-mayausd-branch-preflight-2023-python3-linux/ecg-maya-usd/maya-usd/lib/usdUfe/base/debugCodes.h
[2023-12-08T15:29:49.990Z]     -- promoting: /home/S/jenkins/workspace/ECP/ecg-maya-usd/ecg-mayausd-branch-preflight-2023-python3-linux/ecg-maya-usd/maya-usd/lib/usdUfe/base/tokens.h
[2023-12-08T15:29:49.990Z]     CMake Error at lib/usdUfe/ufe/CMakeLists.txt:48 (if):
[2023-12-08T15:29:49.990Z]       if given arguments:
[2023-12-08T15:29:49.990Z]     
[2023-12-08T15:29:49.990Z]         "GREATER_EQUAL" "5015"
[2023-12-08T15:29:49.990Z]     
[2023-12-08T15:29:49.990Z]       Unknown arguments specified
[2023-12-08T15:29:49.990Z]     
[2023-12-08T15:29:49.990Z]     
[2023-12-08T15:29:49.990Z]     -- Configuring incomplete, errors occurred!
[2023-12-08T15:29:49.990Z]     See also "/home/S/jenkins/workspace/ECP/ecg-maya-usd/ecg-mayausd-branch-preflight-2023-python3-linux/build/RelWithDebInfo/CMakeFiles/CMakeOutput.log".
[2023-12-08T15:29:49.990Z]     See also "/home/S/jenkins/workspace/ECP/ecg-maya-usd/ecg-mayausd-branch-preflight-2023-python3-linux/build/RelWithDebInfo/CMakeFiles/CMakeError.log".
[2023-12-08T15:29:49.990Z]     
[2023-12-08T15:29:49.990Z]         Building with settings:
[2023-12-08T15:29:49.991Z]           Source directory          /home/S/jenkins/workspace/ECP/ecg-maya-usd/ecg-mayausd-branch-preflight-2023-python3-linux/ecg-maya-usd/maya-usd
[2023-12-08T15:29:49.991Z]           Workspace directory       /local/S/jenkins/workspace/ECP/ecg-maya-usd/ecg-mayausd-branch-preflight-2023-python3-linux
[2023-12-08T15:29:49.991Z]           Build directory           /local/S/jenkins/workspace/ECP/ecg-maya-usd/ecg-mayausd-branch-preflight-2023-python3-linux/build/RelWithDebInfo
[2023-12-08T15:29:49.991Z]           Install directory         /local/S/jenkins/workspace/ECP/ecg-maya-usd/ecg-mayausd-branch-preflight-2023-python3-linux/install/RelWithDebInfo/MayaUSD
[2023-12-08T15:29:49.991Z]           Variant                   RelWithDebInfo
[2023-12-08T15:29:49.991Z]           Python Debug              Off
[2023-12-08T15:29:49.991Z]           CMake generator           Ninja
[2023-12-08T15:29:49.991Z]           Build arguments           ['-DCMAKE_MAKE_PROGRAM=/local/S/jenkins/workspace/shared/Artifactory/Linux/ninja/1.10.2/9ab399b/ninja', '-DPYTHON_INCLUDE_DIR=/local/S/jenkins/workspace/shared/Artifactory/Linux/rundev-2023/202211021031/runtime/0cd6c11/runTime/include/Python39/Python', '-DPython_EXECUTABLE=/local/S/jenkins/workspace/shared/Artifactory/Linux/rundev-2023/202211021031/runtime/0cd6c11/runTime/bin/mayapy', '-DPYTHON_LIBRARIES=/local/S/jenkins/workspace/shared/Artifactory/Linux/rundev-2023/202211021031/runtime/0cd6c11/runTime/lib/libpython3.9.so.1.0', '-DBUILD_WITH_PYTHON_3=ON', '-DBUILD_WITH_PYTHON_3_VERSION=3.9', '-DUSD_LIB_PREFIX=lib', '-DBUILD_HDMAYA=OFF']
[2023-12-08T15:29:49.991Z]           Stages arguments          ['configure']
[2023-12-08T15:29:49.991Z]           CTest arguments           ['-E testUsdReferenceAssemblySelection|testUsdMayaAppDir', '-LE interactive', '--parallel 16']
[2023-12-08T15:29:49.991Z]     STATUS: Found Maya Qt headers in: /local/S/jenkins/workspace/shared/Artifactory/Linux/rundev-2023/202211021031/runtime/0cd6c11/devkitBase
[2023-12-08T15:29:49.991Z]     #####################################################################################
[2023-12-08T15:29:49.991Z]     log date: 2023-12-08 07:29
[2023-12-08T15:29:49.991Z]     commit sha: eb1cc0f1fb2f6323e7be1c11958a638c5d3609ee
[2023-12-08T15:29:49.991Z]     commit date: Fri Dec 8 09:54:36 2023 -0500
[2023-12-08T15:29:49.991Z]     #####################################################################################
[2023-12-08T15:29:49.991Z]     
[2023-12-08T15:29:49.991Z]     cmake -DCMAKE_INSTALL_PREFIX="/local/S/jenkins/workspace/ECP/ecg-maya-usd/ecg-mayausd-branch-preflight-2023-python3-linux/install/RelWithDebInfo/MayaUSD" -DCMAKE_BUILD_TYPE=RelWithDebInfo -DCMAKE_EXPORT_COMPILE_COMMANDS=ON -G "Ninja" -DMAYA_LOCATION="/local/S/jenkins/workspace/shared/Artifactory/Linux/rundev-2023/202211021031/runtime/0cd6c11/runTime" -DPXR_USD_LOCATION="/local/S/jenkins/workspace/shared/Artifactory/Linux/USD/cb5482e" -DMAYA_DEVKIT_LOCATION="/local/S/jenkins/workspace/shared/Artifactory/Linux/rundev-2023/202211021031/runtime/0cd6c11/devkitBase" -DCMAKE_WANT_MATERIALX_BUILD=ON -DCMAKE_PREFIX_PATH="/local/S/jenkins/workspace/shared/Artifactory/Linux/USD/cb5482e" -DMAYAUSD_DEFINE_BOOST_DEBUG_PYTHON_FLAG=OFF -DCMAKE_MAKE_PROGRAM=/local/S/jenkins/workspace/shared/Artifactory/Linux/ninja/1.10.2/9ab399b/ninja -DPYTHON_INCLUDE_DIR=/local/S/jenkins/workspace/shared/Artifactory/Linux/rundev-2023/202211021031/runtime/0cd6c11/runTime/include/Python39/Python -DPython_EXECUTABLE=/local/S/jenkins/workspace/shared/Artifactory/Linux/rundev-2023/202211021031/runtime/0cd6c11/runTime/bin/mayapy -DPYTHON_LIBRARIES=/local/S/jenkins/workspace/shared/Artifactory/Linux/rundev-2023/202211021031/runtime/0cd6c11/runTime/lib/libpython3.9.so.1.0 -DBUILD_WITH_PYTHON_3=ON -DBUILD_WITH_PYTHON_3_VERSION=3.9 -DUSD_LIB_PREFIX=lib -DBUILD_HDMAYA=OFF "/home/S/jenkins/workspace/ECP/ecg-maya-usd/ecg-mayausd-branch-preflight-2023-python3-linux/ecg-maya-usd/maya-usd"
[2023-12-08T15:29:49.991Z]     
[2023-12-08T15:29:49.991Z]     Traceback (most recent call last):
[2023-12-08T15:29:49.991Z]       File "/home/S/jenkins/workspace/ECP/ecg-maya-usd/ecg-mayausd-branch-preflight-2023-python3-linux/ecg-maya-usd/maya-usd/build.py", line 779, in <module>
[2023-12-08T15:29:49.991Z]         BuildAndInstall(context, context.buildArgs, context.stagesArgs)
[2023-12-08T15:29:49.991Z]       File "/home/S/jenkins/workspace/ECP/ecg-maya-usd/ecg-mayausd-branch-preflight-2023-python3-linux/ecg-maya-usd/maya-usd/build.py", line 536, in BuildAndInstall
[2023-12-08T15:29:49.991Z]         RunCMake(context, extraArgs, stagesArgs)
[2023-12-08T15:29:49.991Z]       File "/home/S/jenkins/workspace/ECP/ecg-maya-usd/ecg-mayausd-branch-preflight-2023-python3-linux/ecg-maya-usd/maya-usd/build.py", line 289, in RunCMake
[2023-12-08T15:29:49.991Z]         Run(context,
[2023-12-08T15:29:49.991Z]       File "/home/S/jenkins/workspace/ECP/ecg-maya-usd/ecg-mayausd-branch-preflight-2023-python3-linux/ecg-maya-usd/maya-usd/build.py", line 181, in Run
[2023-12-08T15:29:49.991Z]         raise RuntimeError("Failed to run '{cmd}'\nSee {log} for more details."
[2023-12-08T15:29:49.991Z]     RuntimeError: Failed to run 'cmake -DCMAKE_INSTALL_PREFIX="/local/S/jenkins/workspace/ECP/ecg-maya-usd/ecg-mayausd-branch-preflight-2023-python3-linux/install/RelWithDebInfo/MayaUSD" -DCMAKE_BUILD_TYPE=RelWithDebInfo -DCMAKE_EXPORT_COMPILE_COMMANDS=ON -G "Ninja" -DMAYA_LOCATION="/local/S/jenkins/workspace/shared/Artifactory/Linux/rundev-2023/202211021031/runtime/0cd6c11/runTime" -DPXR_USD_LOCATION="/local/S/jenkins/workspace/shared/Artifactory/Linux/USD/cb5482e" -DMAYA_DEVKIT_LOCATION="/local/S/jenkins/workspace/shared/Artifactory/Linux/rundev-2023/202211021031/runtime/0cd6c11/devkitBase" -DCMAKE_WANT_MATERIALX_BUILD=ON -DCMAKE_PREFIX_PATH="/local/S/jenkins/workspace/shared/Artifactory/Linux/USD/cb5482e" -DMAYAUSD_DEFINE_BOOST_DEBUG_PYTHON_FLAG=OFF -DCMAKE_MAKE_PROGRAM=/local/S/jenkins/workspace/shared/Artifactory/Linux/ninja/1.10.2/9ab399b/ninja -DPYTHON_INCLUDE_DIR=/local/S/jenkins/workspace/shared/Artifactory/Linux/rundev-2023/202211021031/runtime/0cd6c11/runTime/include/Python39/Python -DPython_EXECUTABLE=/local/S/jenkins/workspace/shared/Artifactory/Linux/rundev-2023/202211021031/runtime/0cd6c11/runTime/bin/mayapy -DPYTHON_LIBRARIES=/local/S/jenkins/workspace/shared/Artifactory/Linux/rundev-2023/202211021031/runtime/0cd6c11/runTime/lib/libpython3.9.so.1.0 -DBUILD_WITH_PYTHON_3=ON -DBUILD_WITH_PYTHON_3_VERSION=3.9 -DUSD_LIB_PREFIX=lib -DBUILD_HDMAYA=OFF "/home/S/jenkins/workspace/ECP/ecg-maya-usd/ecg-mayausd-branch-preflight-2023-python3-linux/ecg-maya-usd/maya-usd"'
[2023-12-08T15:29:49.991Z]     See /local/S/jenkins/workspace/ECP/ecg-maya-usd/ecg-mayausd-branch-preflight-2023-python3-linux/build/RelWithDebInfo/build_log.txt for more details.
[2023-12-08T15:29:49.991Z] build.py: error: Command failed with error code: 1
[Pipeline] }
[Pipeline] // withEnv
[Pipeline] }
[Pipeline] // timeout
[Pipeline] }
[Pipeline] // stage
[Pipeline] }
[Pipeline] // timestamps
[Pipeline] emailextrecipients
Not sending mail to user ecg.jenkins@autodesk.com with no permission to view ECP » ecg-maya-usd » MayaUsd [Python 3] - Branch - Maya 2023 - Preflight (Linux) #1479Not sending mail to user ecg.jenkins@autodesk.com with no permission to view ECP » ecg-maya-usd » MayaUsd [Python 3] - Branch - Maya 2023 - Preflight (Linux) #1479[Pipeline] echo
No recipients to send notification.
[Pipeline] }
[Pipeline] // node
[Pipeline] End of Pipeline
ERROR: script returned exit code 1
[Checks API] No suitable checks publisher found.
Finished: FAILURE
