[2023-12-08T15:29:42.907Z] ================================================================================
[2023-12-08T15:29:42.907Z]                              setup (RelWithDebInfo)
[2023-12-08T15:29:42.907Z] ================================================================================
[Pipeline] bat
[2023-12-08T15:29:43.527Z] Deleting alias drive W:
[Pipeline] bat
[2023-12-08T15:29:44.147Z] Deleting alias drive P:
[Pipeline] }
[Pipeline] // withEnv
[Pipeline] }
[Pipeline] // timeout
[Pipeline] }
[Pipeline] // stage
[Pipeline] }
[Pipeline] // timestamps
[Pipeline] timestamps
[Pipeline] {
[Pipeline] stage
[Pipeline] { (Clean)
[Pipeline] timeout
[2023-12-08T15:29:44.362Z] Timeout set to expire in 6 hr 0 min
[Pipeline] {
[Pipeline] withEnv
[Pipeline] {
[Pipeline] bat
[2023-12-08T15:29:44.971Z] Creating alias drive P: to S:\jenkins\workspace
[Pipeline] bat
[2023-12-08T15:29:45.575Z] Creating alias drive W: to S:\jenkins\workspace\ECP\ecg-maya-usd\ecg-mayausd-branch-preflight-2023-python3-windows
[Pipeline] bat
[2023-12-08T15:29:46.504Z] "C:\Program Files (x86)\Microsoft Visual Studio\2017\Professional\VC\Auxiliary\Build\vcvarsall.bat" x64
[2023-12-08T15:29:46.504Z] **********************************************************************
[2023-12-08T15:29:46.504Z] ** Visual Studio 2017 Developer Command Prompt v15.9.15
[2023-12-08T15:29:46.504Z] ** Copyright (c) 2017 Microsoft Corporation
[2023-12-08T15:29:46.504Z] **********************************************************************
[2023-12-08T15:29:48.787Z] [vcvarsall.bat] Environment initialized for: 'x64'
[2023-12-08T15:29:48.787Z] python ecg-maya-usd/build.py --stages=clean --workspace-dir=W:\ --artifactory-dir=P:\shared\Artifactory --build-dir=W:\build --install-dir=W:\install --signing-dir=W:\signing --package-dir=W:\package --output-dir=W:\output --stash-dir=W:\stash --jenkins-build=1479 --git-commit=7c338191c9964a987a5054d1f1e50dd232c2476c --git-branch=master --variants=RelWithDebInfo --python=3.9 --post-zips=false --maya-cut-config=maya-rundev-2023.yaml --maya-package=rundev-2023 --stage-banner
[2023-12-08T15:29:49.955Z] Using Maya cut from P:\shared\Artifactory\Windows\rundev-2023\202211021031\runtime\d2d8ef5
[2023-12-08T15:29:49.955Z] Using Maya ADSK Signatures from P:\shared\Artifactory\Windows\adsk-plugin-signatures-maya\2023\3ae1ae7
[2023-12-08T15:29:49.955Z] Using Maya Security Library from P:\shared\Artifactory\Windows\maya-security-library\3.1.0\084709f
[2023-12-08T15:29:49.955Z] 
[2023-12-08T15:29:49.955Z] ================================================================================
[2023-12-08T15:29:49.955Z]                              clean (RelWithDebInfo)
[2023-12-08T15:29:49.955Z] ================================================================================
[2023-12-08T15:29:49.955Z] Maya Python RelWithDebInfo Info:
[2023-12-08T15:29:49.955Z]   mayapy executable   = P:\shared\Artifactory\Windows\rundev-2023\202211021031\runtime\d2d8ef5\runTime\bin\mayapy.exe
[2023-12-08T15:29:49.955Z]   Include Folder      = P:\shared\Artifactory\Windows\rundev-2023\202211021031\runtime\d2d8ef5\runTime\include\Python39\Python
[2023-12-08T15:29:49.955Z]   Library             = P:\shared\Artifactory\Windows\rundev-2023\202211021031\runtime\d2d8ef5\runTime\lib\python39.lib
[2023-12-08T15:29:49.955Z]   site-package Folder = P:\shared\Artifactory\Windows\rundev-2023\202211021031\runtime\d2d8ef5\runTime\Python\Lib\site-packages
[2023-12-08T15:29:50.675Z] In workdir: S:\jenkins\workspace\ECP\ecg-maya-usd\ecg-mayausd-branch-preflight-2023-python3-windows\ecg-maya-usd\maya-usd
[2023-12-08T15:29:50.675Z] Executing: 'P:\\shared\\Artifactory\\Windows\\rundev-2023\\202211021031\\runtime\\d2d8ef5\\runTime\\bin\\mayapy.exe' 'S:\\jenkins\\workspace\\ECP\\ecg-maya-usd\\ecg-mayausd-branch-preflight-2023-python3-windows\\ecg-maya-usd\\maya-usd\\build.py' --generator Ninja --build-relwithdebug --maya-location 'P:\\shared\\Artifactory\\Windows\\rundev-2023\\202211021031\\runtime\\d2d8ef5\\runTime' --devkit-location 'P:\\shared\\Artifactory\\Windows\\rundev-2023\\202211021031\\runtime\\d2d8ef5\\devkitBase' --pxrusd-location 'P:\\shared\\Artifactory\\Windows\\USD\\4a3f824' --materialx '--build-args=-DCMAKE_MAKE_PROGRAM=P:/shared/Artifactory/Windows/ninja/1.10.2/ccacdf8/ninja.exe,-DPYTHON_INCLUDE_DIR=P:/shared/Artifactory/Windows/rundev-2023/202211021031/runtime/d2d8ef5/runTime/include/Python39/Python,-DPython_EXECUTABLE=P:/shared/Artifactory/Windows/rundev-2023/202211021031/runtime/d2d8ef5/runTime/bin/mayapy.exe,-DPYTHON_LIBRARIES=P:/shared/Artifactory/Windows/rundev-2023/202211021031/runtime/d2d8ef5/runTime/lib/python39.lib,-DBUILD_WITH_PYTHON_3=ON,-DBUILD_WITH_PYTHON_3_VERSION=3.9,-DUSD_LIB_PREFIX=,-DBUILD_HDMAYA=OFF' '--ctest-args=-E testUsdReferenceAssemblySelection|testUsdMayaAppDir,-LE interactive,--parallel 16' --stages=clean --redirect-outstream-file=False --install-location 'W:\\install\\RelWithDebInfo\\MayaUSD' 'W:\\'
[2023-12-08T15:29:50.675Z] Modified environment variables:
[2023-12-08T15:29:50.676Z]     PATH=P:\shared\Artifactory\Windows\cmake\3.20.3\afe857a\bin;C:\Python27\lib\site-packages\pywin32_system32;C:\Program Files (x86)\Microsoft Visual Studio\2017\Professional\VC\Tools\MSVC\14.16.27023\bin\HostX64\x64;C:\Program Files (x86)\Microsoft Visual Studio\2017\Professional\Common7\IDE\VC\VCPackages;C:\Program Files (x86)\Microsoft Visual Studio\2017\Professional\Common7\IDE\CommonExtensions\Microsoft\TestWindow;C:\Program Files (x86)\Microsoft Visual Studio\2017\Professional\Common7\IDE\CommonExtensions\Microsoft\TeamFoundation\Team Explorer;C:\Program Files (x86)\Microsoft Visual Studio\2017\Professional\MSBuild\15.0\bin\Roslyn;C:\Program Files (x86)\Microsoft Visual Studio\2017\Professional\Team Tools\Performance Tools\x64;C:\Program Files (x86)\Microsoft Visual Studio\2017\Professional\Team Tools\Performance Tools;C:\Program Files (x86)\Microsoft Visual Studio\Shared\Common\VSPerfCollectionTools\\x64;C:\Program Files (x86)\Microsoft Visual Studio\Shared\Common\VSPerfCollectionTools\;C:\Program Files (x86)\Microsoft SDKs\Windows\v10.0A\bin\NETFX 4.6.1 Tools\x64\;C:\Program Files (x86)\HTML Help Workshop;C:\Program Files (x86)\Windows Kits\10\bin\10.0.19041.0\x64;C:\Program Files (x86)\Windows Kits\10\bin\x64;C:\Program Files (x86)\Microsoft Visual Studio\2017\Professional\\MSBuild\15.0\bin;C:\WINDOWS\Microsoft.NET\Framework64\v4.0.30319;C:\Program Files (x86)\Microsoft Visual Studio\2017\Professional\Common7\IDE\;C:\Program Files (x86)\Microsoft Visual Studio\2017\Professional\Common7\Tools\;C:\Python27\;C:\Python27\Scripts;C:\WINDOWS\system32;C:\WINDOWS;C:\WINDOWS\System32\Wbem;C:\WINDOWS\System32\WindowsPowerShell\v1.0\;C:\WINDOWS\System32\OpenSSH\;C:\ProgramData\chocolatey\bin;C:\Program Files (x86)\WiX Toolset v3.7\bin;C:\Program Files\dotnet\;C:\Program Files (x86)\Windows Kits\10\bin\10.0.18362.0\x64;C:\Program Files\Zulu\zulu-11\bin\;C:\Program Files (x86)\Windows Kits\10\bin\10.0.17763.0\x64;C:\Program Files (x86)\Windows Kits\10\bin\x64;C:\Program Files\Git\cmd;C:\Program Files\Git\usr\bin;C:\Program Files\Git\mingw64\bin;C:\Program Files\Git\bin;C:\Python38\;C:\Python38\Scripts;C:\StoreBoxClientWindows;C:\Program Files\Electric Cloud\ElectricCommander\bin;C:\Program Files\WinRAR;C:\Program Files\7-Zip;C:\Program Files (x86)\Windows Kits\10\bin\10.0.19041.0\x64;C:\Users\Administrator\AppData\Local\Microsoft\WindowsApps;C:\Users\Administrator\.dotnet\tools;C:\Program Files (x86)\Microsoft Visual Studio\2017\Professional\Common7\IDE\CommonExtensions\Microsoft\CMake\CMake\bin;C:\Program Files (x86)\Microsoft Visual Studio\2017\Professional\Common7\IDE\CommonExtensions\Microsoft\CMake\Ninja
[2023-12-08T15:29:50.676Z]     
[2023-12-08T15:29:50.676Z]         Building with settings:
[2023-12-08T15:29:50.676Z]           Source directory          S:\jenkins\workspace\ECP\ecg-maya-usd\ecg-mayausd-branch-preflight-2023-python3-windows\ecg-maya-usd\maya-usd
[2023-12-08T15:29:50.676Z]           Workspace directory       W:\
[2023-12-08T15:29:50.676Z]           Build directory           W:\build\RelWithDebInfo
[2023-12-08T15:29:50.676Z]           Install directory         W:\install\RelWithDebInfo\MayaUSD
[2023-12-08T15:29:50.676Z]           Variant                   RelWithDebInfo
[2023-12-08T15:29:50.676Z]           Python Debug              Off
[2023-12-08T15:29:50.676Z]           CMake generator           Ninja
[2023-12-08T15:29:50.676Z]           Build arguments           ['-DCMAKE_MAKE_PROGRAM=P:/shared/Artifactory/Windows/ninja/1.10.2/ccacdf8/ninja.exe', '-DPYTHON_INCLUDE_DIR=P:/shared/Artifactory/Windows/rundev-2023/202211021031/runtime/d2d8ef5/runTime/include/Python39/Python', '-DPython_EXECUTABLE=P:/shared/Artifactory/Windows/rundev-2023/202211021031/runtime/d2d8ef5/runTime/bin/mayapy.exe', '-DPYTHON_LIBRARIES=P:/shared/Artifactory/Windows/rundev-2023/202211021031/runtime/d2d8ef5/runTime/lib/python39.lib', '-DBUILD_WITH_PYTHON_3=ON', '-DBUILD_WITH_PYTHON_3_VERSION=3.9', '-DUSD_LIB_PREFIX=', '-DBUILD_HDMAYA=OFF']
[2023-12-08T15:29:50.676Z]           Stages arguments          ['clean']
[2023-12-08T15:29:50.676Z]           CTest arguments           ['-E testUsdReferenceAssemblySelection|testUsdMayaAppDir', '-LE interactive', '--parallel 16']
[2023-12-08T15:29:50.676Z]     Success MayaUSD build and install !!!!
[2023-12-08T15:29:50.676Z]     Elapsed time: 00:00:00
[Pipeline] bat
[2023-12-08T15:29:51.271Z] Deleting alias drive W:
[Pipeline] bat
[2023-12-08T15:29:51.859Z] Deleting alias drive P:
[Pipeline] }
[Pipeline] // withEnv
[Pipeline] }
[Pipeline] // timeout
[Pipeline] }
[Pipeline] // stage
[Pipeline] }
[Pipeline] // timestamps
[Pipeline] timestamps
[Pipeline] {
[Pipeline] stage
[Pipeline] { (Configure)
[Pipeline] timeout
[2023-12-08T15:29:52.051Z] Timeout set to expire in 6 hr 0 min
[Pipeline] {
[Pipeline] withEnv
[Pipeline] {
[Pipeline] bat
[2023-12-08T15:29:52.632Z] Creating alias drive P: to S:\jenkins\workspace
[Pipeline] bat
[2023-12-08T15:29:53.535Z] Creating alias drive W: to S:\jenkins\workspace\ECP\ecg-maya-usd\ecg-mayausd-branch-preflight-2023-python3-windows
[Pipeline] bat
[2023-12-08T15:29:54.601Z] "C:\Program Files (x86)\Microsoft Visual Studio\2017\Professional\VC\Auxiliary\Build\vcvarsall.bat" x64
[2023-12-08T15:29:54.601Z] **********************************************************************
[2023-12-08T15:29:54.601Z] ** Visual Studio 2017 Developer Command Prompt v15.9.15
[2023-12-08T15:29:54.601Z] ** Copyright (c) 2017 Microsoft Corporation
[2023-12-08T15:29:54.601Z] **********************************************************************
[2023-12-08T15:29:56.891Z] [vcvarsall.bat] Environment initialized for: 'x64'
[2023-12-08T15:29:56.891Z] python ecg-maya-usd/build.py --stages=configure --workspace-dir=W:\ --artifactory-dir=P:\shared\Artifactory --build-dir=W:\build --install-dir=W:\install --signing-dir=W:\signing --package-dir=W:\package --output-dir=W:\output --stash-dir=W:\stash --jenkins-build=1479 --git-commit=7c338191c9964a987a5054d1f1e50dd232c2476c --git-branch=master --variants=RelWithDebInfo --python=3.9 --post-zips=false --maya-cut-config=maya-rundev-2023.yaml --maya-package=rundev-2023 --stage-banner
[2023-12-08T15:29:58.054Z] Using Maya cut from P:\shared\Artifactory\Windows\rundev-2023\202211021031\runtime\d2d8ef5
[2023-12-08T15:29:58.054Z] Using Maya ADSK Signatures from P:\shared\Artifactory\Windows\adsk-plugin-signatures-maya\2023\3ae1ae7
[2023-12-08T15:29:58.054Z] Using Maya Security Library from P:\shared\Artifactory\Windows\maya-security-library\3.1.0\084709f
[2023-12-08T15:29:58.054Z] 
[2023-12-08T15:29:58.054Z] ================================================================================
[2023-12-08T15:29:58.054Z]                            configure (RelWithDebInfo)
[2023-12-08T15:29:58.054Z] ================================================================================
[2023-12-08T15:29:58.054Z] Maya Python RelWithDebInfo Info:
[2023-12-08T15:29:58.054Z]   mayapy executable   = P:\shared\Artifactory\Windows\rundev-2023\202211021031\runtime\d2d8ef5\runTime\bin\mayapy.exe
[2023-12-08T15:29:58.054Z]   Include Folder      = P:\shared\Artifactory\Windows\rundev-2023\202211021031\runtime\d2d8ef5\runTime\include\Python39\Python
[2023-12-08T15:29:58.054Z]   Library             = P:\shared\Artifactory\Windows\rundev-2023\202211021031\runtime\d2d8ef5\runTime\lib\python39.lib
[2023-12-08T15:29:58.054Z]   site-package Folder = P:\shared\Artifactory\Windows\rundev-2023\202211021031\runtime\d2d8ef5\runTime\Python\Lib\site-packages
[2023-12-08T15:29:58.775Z] In workdir: S:\jenkins\workspace\ECP\ecg-maya-usd\ecg-mayausd-branch-preflight-2023-python3-windows\ecg-maya-usd\maya-usd
[2023-12-08T15:29:58.775Z] Executing: 'P:\\shared\\Artifactory\\Windows\\rundev-2023\\202211021031\\runtime\\d2d8ef5\\runTime\\bin\\mayapy.exe' 'S:\\jenkins\\workspace\\ECP\\ecg-maya-usd\\ecg-mayausd-branch-preflight-2023-python3-windows\\ecg-maya-usd\\maya-usd\\build.py' --generator Ninja --build-relwithdebug --maya-location 'P:\\shared\\Artifactory\\Windows\\rundev-2023\\202211021031\\runtime\\d2d8ef5\\runTime' --devkit-location 'P:\\shared\\Artifactory\\Windows\\rundev-2023\\202211021031\\runtime\\d2d8ef5\\devkitBase' --pxrusd-location 'P:\\shared\\Artifactory\\Windows\\USD\\4a3f824' --materialx '--build-args=-DCMAKE_MAKE_PROGRAM=P:/shared/Artifactory/Windows/ninja/1.10.2/ccacdf8/ninja.exe,-DPYTHON_INCLUDE_DIR=P:/shared/Artifactory/Windows/rundev-2023/202211021031/runtime/d2d8ef5/runTime/include/Python39/Python,-DPython_EXECUTABLE=P:/shared/Artifactory/Windows/rundev-2023/202211021031/runtime/d2d8ef5/runTime/bin/mayapy.exe,-DPYTHON_LIBRARIES=P:/shared/Artifactory/Windows/rundev-2023/202211021031/runtime/d2d8ef5/runTime/lib/python39.lib,-DBUILD_WITH_PYTHON_3=ON,-DBUILD_WITH_PYTHON_3_VERSION=3.9,-DUSD_LIB_PREFIX=,-DBUILD_HDMAYA=OFF' '--ctest-args=-E testUsdReferenceAssemblySelection|testUsdMayaAppDir,-LE interactive,--parallel 16' --stages=configure --redirect-outstream-file=False --install-location 'W:\\install\\RelWithDebInfo\\MayaUSD' 'W:\\'
[2023-12-08T15:29:58.775Z] Modified environment variables:
[2023-12-08T15:29:58.775Z]     PATH=P:\shared\Artifactory\Windows\cmake\3.20.3\afe857a\bin;C:\Python27\lib\site-packages\pywin32_system32;C:\Program Files (x86)\Microsoft Visual Studio\2017\Professional\VC\Tools\MSVC\14.16.27023\bin\HostX64\x64;C:\Program Files (x86)\Microsoft Visual Studio\2017\Professional\Common7\IDE\VC\VCPackages;C:\Program Files (x86)\Microsoft Visual Studio\2017\Professional\Common7\IDE\CommonExtensions\Microsoft\TestWindow;C:\Program Files (x86)\Microsoft Visual Studio\2017\Professional\Common7\IDE\CommonExtensions\Microsoft\TeamFoundation\Team Explorer;C:\Program Files (x86)\Microsoft Visual Studio\2017\Professional\MSBuild\15.0\bin\Roslyn;C:\Program Files (x86)\Microsoft Visual Studio\2017\Professional\Team Tools\Performance Tools\x64;C:\Program Files (x86)\Microsoft Visual Studio\2017\Professional\Team Tools\Performance Tools;C:\Program Files (x86)\Microsoft Visual Studio\Shared\Common\VSPerfCollectionTools\\x64;C:\Program Files (x86)\Microsoft Visual Studio\Shared\Common\VSPerfCollectionTools\;C:\Program Files (x86)\Microsoft SDKs\Windows\v10.0A\bin\NETFX 4.6.1 Tools\x64\;C:\Program Files (x86)\HTML Help Workshop;C:\Program Files (x86)\Windows Kits\10\bin\10.0.19041.0\x64;C:\Program Files (x86)\Windows Kits\10\bin\x64;C:\Program Files (x86)\Microsoft Visual Studio\2017\Professional\\MSBuild\15.0\bin;C:\WINDOWS\Microsoft.NET\Framework64\v4.0.30319;C:\Program Files (x86)\Microsoft Visual Studio\2017\Professional\Common7\IDE\;C:\Program Files (x86)\Microsoft Visual Studio\2017\Professional\Common7\Tools\;C:\Python27\;C:\Python27\Scripts;C:\WINDOWS\system32;C:\WINDOWS;C:\WINDOWS\System32\Wbem;C:\WINDOWS\System32\WindowsPowerShell\v1.0\;C:\WINDOWS\System32\OpenSSH\;C:\ProgramData\chocolatey\bin;C:\Program Files (x86)\WiX Toolset v3.7\bin;C:\Program Files\dotnet\;C:\Program Files (x86)\Windows Kits\10\bin\10.0.18362.0\x64;C:\Program Files\Zulu\zulu-11\bin\;C:\Program Files (x86)\Windows Kits\10\bin\10.0.17763.0\x64;C:\Program Files (x86)\Windows Kits\10\bin\x64;C:\Program Files\Git\cmd;C:\Program Files\Git\usr\bin;C:\Program Files\Git\mingw64\bin;C:\Program Files\Git\bin;C:\Python38\;C:\Python38\Scripts;C:\StoreBoxClientWindows;C:\Program Files\Electric Cloud\ElectricCommander\bin;C:\Program Files\WinRAR;C:\Program Files\7-Zip;C:\Program Files (x86)\Windows Kits\10\bin\10.0.19041.0\x64;C:\Users\Administrator\AppData\Local\Microsoft\WindowsApps;C:\Users\Administrator\.dotnet\tools;C:\Program Files (x86)\Microsoft Visual Studio\2017\Professional\Common7\IDE\CommonExtensions\Microsoft\CMake\CMake\bin;C:\Program Files (x86)\Microsoft Visual Studio\2017\Professional\Common7\IDE\CommonExtensions\Microsoft\CMake\Ninja
[2023-12-08T15:29:59.939Z]     -- The C compiler identification is MSVC 19.16.27032.1
[2023-12-08T15:30:00.275Z]     -- The CXX compiler identification is MSVC 19.16.27032.1
[2023-12-08T15:30:00.275Z]     -- Detecting C compiler ABI info
[2023-12-08T15:30:01.439Z]     -- Detecting C compiler ABI info - done
[2023-12-08T15:30:01.439Z]     -- Check for working C compiler: C:/Program Files (x86)/Microsoft Visual Studio/2017/Professional/VC/Tools/MSVC/14.16.27023/bin/Hostx64/x64/cl.exe - skipped
[2023-12-08T15:30:01.439Z]     -- Detecting C compile features
[2023-12-08T15:30:01.439Z]     -- Detecting C compile features - done
[2023-12-08T15:30:01.439Z]     -- Detecting CXX compiler ABI info
[2023-12-08T15:30:02.602Z]     -- Detecting CXX compiler ABI info - done
[2023-12-08T15:30:02.602Z]     -- Check for working CXX compiler: C:/Program Files (x86)/Microsoft Visual Studio/2017/Professional/VC/Tools/MSVC/14.16.27023/bin/Hostx64/x64/cl.exe - skipped
[2023-12-08T15:30:02.602Z]     -- Detecting CXX compile features
[2023-12-08T15:30:02.602Z]     -- Detecting CXX compile features - done
[2023-12-08T15:30:02.937Z]     -- Using Maya Light API Version 3
[2023-12-08T15:30:02.937Z]     -- Maya has setDefaultMaterialHandling API
[2023-12-08T15:30:02.937Z]     -- Maya has new point snapping API
[2023-12-08T15:30:02.937Z]     -- Maya has getCurrentUfeCameraPath
[2023-12-08T15:30:02.937Z]     -- Maya has isInCrashHandler API
[2023-12-08T15:30:02.937Z]     -- Maya has setUfeIdentifiers API
[2023-12-08T15:30:02.937Z]     -- Maya has updateUfeIdentifiers API
[2023-12-08T15:30:02.937Z]     -- Maya has getDisplayStyleOfAllViewports API
[2023-12-08T15:30:02.937Z]     -- Maya array iterator has difference_type trait
[2023-12-08T15:30:02.937Z]     -- MFnSet has getMemberPaths function
[2023-12-08T15:30:02.937Z]     -- MFnDisplayLayer exists
[2023-12-08T15:30:02.937Z]     -- MDisplayLayerMessage has MDisplayLayerMemberChangedFunction
[2023-12-08T15:30:02.937Z]     -- MRenderItem has HideOnPlayback API
[2023-12-08T15:30:02.937Z]     -- Maya has UFE gizmo drawing
[2023-12-08T15:30:02.937Z]     -- Found Maya: P:/shared/Artifactory/Windows/rundev-2023/202211021031/runtime/d2d8ef5/runTime/bin/maya.exe (found suitable version "2023", minimum required is "2022")
[2023-12-08T15:30:03.656Z]     -- Found Python: P:/shared/Artifactory/Windows/rundev-2023/202211021031/runtime/d2d8ef5/runTime/bin/mayapy.exe (found suitable exact version "3.9.7") found components: Interpreter
[2023-12-08T15:30:03.656Z]     -- Build MayaUSD with Python3 = ON
[2023-12-08T15:30:03.656Z]     --    PYTHON_INCLUDE_DIRS = P:/shared/Artifactory/Windows/rundev-2023/202211021031/runtime/d2d8ef5/runTime/include/Python39/Python
[2023-12-08T15:30:03.656Z]     --    PYTHON_LIBRARIES    = P:/shared/Artifactory/Windows/rundev-2023/202211021031/runtime/d2d8ef5/runTime/lib/python39.lib
[2023-12-08T15:30:03.656Z]     --    Python_EXECUTABLE   = P:/shared/Artifactory/Windows/rundev-2023/202211021031/runtime/d2d8ef5/runTime/bin/mayapy.exe
[2023-12-08T15:30:03.656Z]     -- USD v0.21.11 has security patches.
[2023-12-08T15:30:03.656Z]     -- Found USD: P:/shared/Artifactory/Windows/USD/4a3f824 (found suitable version "0.21.11", minimum required is "0.21.11")
[2023-12-08T15:30:03.656Z]     --    USD include dir: P:/shared/Artifactory/Windows/USD/4a3f824/include
[2023-12-08T15:30:03.656Z]     --    USD library dir: P:/shared/Artifactory/Windows/USD/4a3f824/lib
[2023-12-08T15:30:03.656Z]     --    usdGenSchema: P:/shared/Artifactory/Windows/USD/4a3f824/bin/usdGenSchema
[2023-12-08T15:30:03.656Z]     --    USD version: 0.21.11
[2023-12-08T15:30:03.656Z]     --    Autodesk USD version: 0.21.11-ad1
[2023-12-08T15:30:03.656Z]     --    USD Boost::boost version: 107000
[2023-12-08T15:30:03.656Z]     Updated PYTHONPATH: P:\shared\Artifactory\Windows\USD\4a3f824\lib\python
[2023-12-08T15:30:03.657Z]     Updated PATH: P:\shared\Artifactory\Windows\cmake\3.20.3\afe857a\bin;C:\Python27\lib\site-packages\pywin32_system32;C:\Program Files (x86)\Microsoft Visual Studio\2017\Professional\VC\Tools\MSVC\14.16.27023\bin\HostX64\x64;C:\Program Files (x86)\Microsoft Visual Studio\2017\Professional\Common7\IDE\VC\VCPackages;C:\Program Files (x86)\Microsoft Visual Studio\2017\Professional\Common7\IDE\CommonExtensions\Microsoft\TestWindow;C:\Program Files (x86)\Microsoft Visual Studio\2017\Professional\Common7\IDE\CommonExtensions\Microsoft\TeamFoundation\Team Explorer;C:\Program Files (x86)\Microsoft Visual Studio\2017\Professional\MSBuild\15.0\bin\Roslyn;C:\Program Files (x86)\Microsoft Visual Studio\2017\Professional\Team Tools\Performance Tools\x64;C:\Program Files (x86)\Microsoft Visual Studio\2017\Professional\Team Tools\Performance Tools;C:\Program Files (x86)\Microsoft Visual Studio\Shared\Common\VSPerfCollectionTools\\x64;C:\Program Files (x86)\Microsoft Visual Studio\Shared\Common\VSPerfCollectionTools\;C:\Program Files (x86)\Microsoft SDKs\Windows\v10.0A\bin\NETFX 4.6.1 Tools\x64\;C:\Program Files (x86)\HTML Help Workshop;C:\Program Files (x86)\Windows Kits\10\bin\10.0.19041.0\x64;C:\Program Files (x86)\Windows Kits\10\bin\x64;C:\Program Files (x86)\Microsoft Visual Studio\2017\Professional\\MSBuild\15.0\bin;C:\WINDOWS\Microsoft.NET\Framework64\v4.0.30319;C:\Program Files (x86)\Microsoft Visual Studio\2017\Professional\Common7\IDE\;C:\Program Files (x86)\Microsoft Visual Studio\2017\Professional\Common7\Tools\;C:\Python27\;C:\Python27\Scripts;C:\WINDOWS\system32;C:\WINDOWS;C:\WINDOWS\System32\Wbem;C:\WINDOWS\System32\WindowsPowerShell\v1.0\;C:\WINDOWS\System32\OpenSSH\;C:\ProgramData\chocolatey\bin;C:\Program Files (x86)\WiX Toolset v3.7\bin;C:\Program Files\dotnet\;C:\Program Files (x86)\Windows Kits\10\bin\10.0.18362.0\x64;C:\Program Files\Zulu\zulu-11\bin\;C:\Program Files (x86)\Windows Kits\10\bin\10.0.17763.0\x64;C:\Program Files (x86)\Windows Kits\10\bin\x64;C:\Program Files\Git\cmd;C:\Program Files\Git\usr\bin;C:\Program Files\Git\mingw64\bin;C:\Program Files\Git\bin;C:\Python38\;C:\Python38\Scripts;C:\StoreBoxClientWindows;C:\Program Files\Electric Cloud\ElectricCommander\bin;C:\Program Files\WinRAR;C:\Program Files\7-Zip;C:\Program Files (x86)\Windows Kits\10\bin\10.0.19041.0\x64;C:\Users\Administrator\AppData\Local\Microsoft\WindowsApps;C:\Users\Administrator\.dotnet\tools;C:\Program Files (x86)\Microsoft Visual Studio\2017\Professional\Common7\IDE\CommonExtensions\Microsoft\CMake\CMake\bin;C:\Program Files (x86)\Microsoft Visual Studio\2017\Professional\Common7\IDE\CommonExtensions\Microsoft\CMake\Ninja;P:\shared\Artifactory\Windows\USD\4a3f824\bin;P:\shared\Artifactory\Windows\USD\4a3f824\lib
[2023-12-08T15:30:03.657Z]     -- Found UFE: P:/shared/Artifactory/Windows/rundev-2023/202211021031/runtime/d2d8ef5/devkitBase/devkit/ufe/include (found suitable version "3.3.0", minimum required is "0.2.0")
[2023-12-08T15:30:03.657Z]     -- Maya has UFE lights API
[2023-12-08T15:30:03.657Z]     -- Maya has UFE scene segment API
[2023-12-08T15:30:03.657Z]     -- Maya has UFE TrieNode childrenComponents accessor
[2023-12-08T15:30:03.657Z]     -- Build MayaUsd with UFE version 3.3.0
[2023-12-08T15:30:03.657Z]     --    UFE include dir: P:/shared/Artifactory/Windows/rundev-2023/202211021031/runtime/d2d8ef5/devkitBase/devkit/ufe/include
[2023-12-08T15:30:03.657Z]     --    UFE library: P:/shared/Artifactory/Windows/rundev-2023/202211021031/runtime/d2d8ef5/devkitBase/devkit/ufe/lib/ufe_3.lib
[2023-12-08T15:30:03.657Z]     --    UFE preview features: ufe
[2023-12-08T15:30:03.657Z]     -- Found MaterialX
[2023-12-08T15:30:03.993Z]     -- Using Maya Qt version 5.15.2
[2023-12-08T15:30:03.993Z]     
[2023-12-08T15:30:03.993Z]     --   Qt include path  : P:/shared/Artifactory/Windows/rundev-2023/202211021031/runtime/d2d8ef5/devkitBase/include/qt_5.15.2_vc14-include
[2023-12-08T15:30:03.993Z]     --   moc executable   : P:/shared/Artifactory/Windows/rundev-2023/202211021031/runtime/d2d8ef5/devkitBase/devkit/bin/moc.exe
[2023-12-08T15:30:03.993Z]     --   uic executable   : P:/shared/Artifactory/Windows/rundev-2023/202211021031/runtime/d2d8ef5/devkitBase/devkit/bin/uic.exe
[2023-12-08T15:30:03.993Z]     --   rcc executable   : P:/shared/Artifactory/Windows/rundev-2023/202211021031/runtime/d2d8ef5/devkitBase/devkit/bin/rcc.exe
[2023-12-08T15:30:03.993Z]     --   Qt Core library: P:/shared/Artifactory/Windows/rundev-2023/202211021031/runtime/d2d8ef5/runTime/lib/Qt5Core.lib
[2023-12-08T15:30:03.993Z]     --   Qt Gui library: P:/shared/Artifactory/Windows/rundev-2023/202211021031/runtime/d2d8ef5/runTime/lib/Qt5Gui.lib
[2023-12-08T15:30:03.993Z]     --   Qt Widgets library: P:/shared/Artifactory/Windows/rundev-2023/202211021031/runtime/d2d8ef5/runTime/lib/Qt5Widgets.lib
[2023-12-08T15:30:03.993Z]     -- Found Qt5 in Maya devkit, building with Qt 5.15.2
[2023-12-08T15:30:03.993Z]      features enabled.
[2023-12-08T15:30:03.993Z]     -- **** Building Gulrak From Github Repository.
[2023-12-08T15:30:03.993Z]     -- Populating gulrak
[2023-12-08T15:30:04.328Z]     -- Configuring done
[2023-12-08T15:30:04.328Z]     -- Generating done
[2023-12-08T15:30:04.663Z]     -- Build files have been written to: W:/build/RelWithDebInfo/_deps/gulrak-subbuild
[2023-12-08T15:30:04.998Z]     [1/9] Creating directories for 'gulrak-populate'
[2023-12-08T15:30:04.998Z]     [1/9] Performing download step (git clone) for 'gulrak-populate'
[2023-12-08T15:30:05.333Z]     Cloning into 'gulrak-src'...
[2023-12-08T15:30:06.824Z]     HEAD is now at 4e21ab3 Version bump and updated readme.
[2023-12-08T15:30:09.114Z]     [2/9] Performing update step for 'gulrak-populate'
[2023-12-08T15:30:09.114Z]     [4/9] No patch step for 'gulrak-populate'
[2023-12-08T15:30:09.449Z]     [5/9] No configure step for 'gulrak-populate'
[2023-12-08T15:30:09.449Z]     [6/9] No build step for 'gulrak-populate'
[2023-12-08T15:30:09.784Z]     [7/9] No install step for 'gulrak-populate'
[2023-12-08T15:30:09.784Z]     [8/9] No test step for 'gulrak-populate'
[2023-12-08T15:30:10.120Z]     [9/9] Completed 'gulrak-populate'
[2023-12-08T15:30:10.839Z]     -- ========== Installing GoogleTest... ==========
[2023-12-08T15:30:11.174Z]     -- Configuring done
[2023-12-08T15:30:11.174Z]     -- Generating done
[2023-12-08T15:30:11.508Z]     -- Build files have been written to: W:/build/RelWithDebInfo/googletest-config
[2023-12-08T15:30:11.843Z]     [1/8] Creating directories for 'googletest'
[2023-12-08T15:30:19.171Z]     [2/8] Performing download step (git clone) for 'googletest'
[2023-12-08T15:30:19.171Z]     Cloning into 'googletest-src'...
[2023-12-08T15:30:19.171Z]     HEAD is now at 703bd9ca Googletest export
[2023-12-08T15:30:19.171Z]     [3/8] Performing update step for 'googletest'
[2023-12-08T15:30:19.171Z]     [4/8] No patch step for 'googletest'
[2023-12-08T15:30:22.989Z]     [5/8] Performing configure step for 'googletest'
[2023-12-08T15:30:22.989Z]     Not searching for unused variables given on the command line.
[2023-12-08T15:30:22.989Z]     CMake Deprecation Warning at CMakeLists.txt:4 (cmake_minimum_required):
[2023-12-08T15:30:22.989Z]       Compatibility with CMake < 2.8.12 will be removed from a future version of
[2023-12-08T15:30:22.989Z]       CMake.
[2023-12-08T15:30:22.989Z]     
[2023-12-08T15:30:22.989Z]       Update the VERSION argument <min> value or use a ...<max> suffix to tell
[2023-12-08T15:30:22.989Z]       CMake that the project does not need compatibility with older versions.
[2023-12-08T15:30:22.989Z]     
[2023-12-08T15:30:22.989Z]     
[2023-12-08T15:30:22.989Z]     -- The C compiler identification is MSVC 19.16.27032.1
[2023-12-08T15:30:22.989Z]     -- The CXX compiler identification is MSVC 19.16.27032.1
[2023-12-08T15:30:22.989Z]     -- Detecting C compiler ABI info
[2023-12-08T15:30:22.989Z]     -- Detecting C compiler ABI info - done
[2023-12-08T15:30:22.989Z]     -- Check for working C compiler: C:/Program Files (x86)/Microsoft Visual Studio/2017/Professional/VC/Tools/MSVC/14.16.27023/bin/Hostx64/x64/cl.exe - skipped
[2023-12-08T15:30:22.989Z]     -- Detecting C compile features
[2023-12-08T15:30:22.989Z]     -- Detecting C compile features - done
[2023-12-08T15:30:22.989Z]     -- Detecting CXX compiler ABI info
[2023-12-08T15:30:22.989Z]     -- Detecting CXX compiler ABI info - done
[2023-12-08T15:30:22.989Z]     -- Check for working CXX compiler: C:/Program Files (x86)/Microsoft Visual Studio/2017/Professional/VC/Tools/MSVC/14.16.27023/bin/Hostx64/x64/cl.exe - skipped
[2023-12-08T15:30:22.989Z]     -- Detecting CXX compile features
[2023-12-08T15:30:22.989Z]     -- Detecting CXX compile features - done
[2023-12-08T15:30:22.989Z]     CMake Deprecation Warning at googletest/CMakeLists.txt:56 (cmake_minimum_required):
[2023-12-08T15:30:22.989Z]       Compatibility with CMake < 2.8.12 will be removed from a future version of
[2023-12-08T15:30:22.989Z]       CMake.
[2023-12-08T15:30:22.989Z]     
[2023-12-08T15:30:22.989Z]       Update the VERSION argument <min> value or use a ...<max> suffix to tell
[2023-12-08T15:30:22.989Z]       CMake that the project does not need compatibility with older versions.
[2023-12-08T15:30:22.989Z]     
[2023-12-08T15:30:22.989Z]     
[2023-12-08T15:30:22.989Z]     -- Found PythonInterp: C:/Python27/python.exe (found version "2.7.18")
[2023-12-08T15:30:22.989Z]     -- Looking for pthread.h
[2023-12-08T15:30:22.989Z]     -- Looking for pthread.h - not found
[2023-12-08T15:30:22.989Z]     -- Found Threads: TRUE
[2023-12-08T15:30:22.989Z]     -- Configuring done
[2023-12-08T15:30:22.989Z]     -- Generating done
[2023-12-08T15:30:22.989Z]     -- Build files have been written to: W:/build/RelWithDebInfo/googletest-build
[2023-12-08T15:30:28.942Z]     [6/8] Performing build step for 'googletest'
[2023-12-08T15:30:28.942Z]     [1/4] Building CXX object googletest\CMakeFiles\gtest_main.dir\src\gtest_main.cc.obj
[2023-12-08T15:30:28.942Z]     [2/4] Building CXX object googletest\CMakeFiles\gtest.dir\src\gtest-all.cc.obj
[2023-12-08T15:30:28.942Z]     [3/4] Linking CXX shared library bin\gtest.dll
[2023-12-08T15:30:28.942Z]     [4/4] Linking CXX shared library bin\gtest_main.dll
[2023-12-08T15:30:28.942Z]     [7/8] Performing install step for 'googletest'
[2023-12-08T15:30:28.942Z]     [0/1] Install the project...
[2023-12-08T15:30:28.942Z]     -- Install configuration: "RelWithDebInfo"
[2023-12-08T15:30:28.942Z]     [8/8] Completed 'googletest'
[2023-12-08T15:30:29.277Z]     -- ========== ...  GoogleTest installed. ==========
[2023-12-08T15:30:30.959Z]     #################################################################################################
[2023-12-08T15:30:30.959Z]     #  USD_DISABLE_PRIM_DEFINITIONS_FOR_USDGENSCHEMA is overridden to 'true'.  Default is 'false'.  #
[2023-12-08T15:30:30.959Z]     #################################################################################################
[2023-12-08T15:30:30.959Z]     Processing schema classes:
[2023-12-08T15:30:30.959Z]     CustomRig
[2023-12-08T15:30:30.959Z]     Loading Templates from p:\shared\Artifactory\Windows\USD\4a3f824\lib\usd\usd\resources\codegenTemplates
[2023-12-08T15:30:30.959Z]     	unchanged S:\jenkins\workspace\ECP\ecg-maya-usd\ecg-mayausd-branch-preflight-2023-python3-windows\ecg-maya-usd\maya-usd\test\lib\mayaUsd\fileio\UsdCustomRigSchema\plugInfo.json
[2023-12-08T15:30:30.959Z]     Generating Schematics:
[2023-12-08T15:30:30.959Z]     	unchanged S:\jenkins\workspace\ECP\ecg-maya-usd\ecg-mayausd-branch-preflight-2023-python3-windows\ecg-maya-usd\maya-usd\test\lib\mayaUsd\fileio\UsdCustomRigSchema\generatedSchema.usda
[2023-12-08T15:30:31.680Z]     -- USD_HAS_COLOR4_SDR_SUPPORT is FALSE
[2023-12-08T15:30:31.680Z]     -- MAYA_HAS_DISPLAY_LAYER_API is TRUE
[2023-12-08T15:30:31.680Z]     -- promoting: S:/jenkins/workspace/ECP/ecg-maya-usd/ecg-mayausd-branch-preflight-2023-python3-windows/ecg-maya-usd/maya-usd/lib/usdUfe/base/usdUfe.h.src
[2023-12-08T15:30:31.680Z]     -- promoting: S:/jenkins/workspace/ECP/ecg-maya-usd/ecg-mayausd-branch-preflight-2023-python3-windows/ecg-maya-usd/maya-usd/lib/usdUfe/base/api.h
[2023-12-08T15:30:31.680Z]     -- promoting: S:/jenkins/workspace/ECP/ecg-maya-usd/ecg-mayausd-branch-preflight-2023-python3-windows/ecg-maya-usd/maya-usd/lib/usdUfe/base/debugCodes.h
[2023-12-08T15:30:31.680Z]     -- promoting: S:/jenkins/workspace/ECP/ecg-maya-usd/ecg-mayausd-branch-preflight-2023-python3-windows/ecg-maya-usd/maya-usd/lib/usdUfe/base/tokens.h
[2023-12-08T15:30:31.680Z]     CMake Error at lib/usdUfe/ufe/CMakeLists.txt:48 (if):
[2023-12-08T15:30:31.680Z]       if given arguments:
[2023-12-08T15:30:31.680Z]     
[2023-12-08T15:30:31.680Z]         "GREATER_EQUAL" "5015"
[2023-12-08T15:30:31.680Z]     
[2023-12-08T15:30:31.680Z]       Unknown arguments specified
[2023-12-08T15:30:31.680Z]     
[2023-12-08T15:30:31.680Z]     
[2023-12-08T15:30:31.680Z]     -- Configuring incomplete, errors occurred!
[2023-12-08T15:30:31.680Z]     See also "W:/build/RelWithDebInfo/CMakeFiles/CMakeOutput.log".
[2023-12-08T15:30:31.680Z]     See also "W:/build/RelWithDebInfo/CMakeFiles/CMakeError.log".
[2023-12-08T15:30:31.680Z]     
[2023-12-08T15:30:31.680Z]         Building with settings:
[2023-12-08T15:30:31.680Z]           Source directory          S:\jenkins\workspace\ECP\ecg-maya-usd\ecg-mayausd-branch-preflight-2023-python3-windows\ecg-maya-usd\maya-usd
[2023-12-08T15:30:31.680Z]           Workspace directory       W:\
[2023-12-08T15:30:31.680Z]           Build directory           W:\build\RelWithDebInfo
[2023-12-08T15:30:31.680Z]           Install directory         W:\install\RelWithDebInfo\MayaUSD
[2023-12-08T15:30:31.680Z]           Variant                   RelWithDebInfo
[2023-12-08T15:30:31.680Z]           Python Debug              Off
[2023-12-08T15:30:31.680Z]           CMake generator           Ninja
[2023-12-08T15:30:31.680Z]           Build arguments           ['-DCMAKE_MAKE_PROGRAM=P:/shared/Artifactory/Windows/ninja/1.10.2/ccacdf8/ninja.exe', '-DPYTHON_INCLUDE_DIR=P:/shared/Artifactory/Windows/rundev-2023/202211021031/runtime/d2d8ef5/runTime/include/Python39/Python', '-DPython_EXECUTABLE=P:/shared/Artifactory/Windows/rundev-2023/202211021031/runtime/d2d8ef5/runTime/bin/mayapy.exe', '-DPYTHON_LIBRARIES=P:/shared/Artifactory/Windows/rundev-2023/202211021031/runtime/d2d8ef5/runTime/lib/python39.lib', '-DBUILD_WITH_PYTHON_3=ON', '-DBUILD_WITH_PYTHON_3_VERSION=3.9', '-DUSD_LIB_PREFIX=', '-DBUILD_HDMAYA=OFF']
[2023-12-08T15:30:31.680Z]           Stages arguments          ['configure']
[2023-12-08T15:30:31.680Z]           CTest arguments           ['-E testUsdReferenceAssemblySelection|testUsdMayaAppDir', '-LE interactive', '--parallel 16']
[2023-12-08T15:30:31.680Z]     STATUS: Found Maya Qt headers in: P:\shared\Artifactory\Windows\rundev-2023\202211021031\runtime\d2d8ef5\devkitBase
[2023-12-08T15:30:31.680Z]     #####################################################################################
[2023-12-08T15:30:31.680Z]     log date: 2023-12-08 07:29
[2023-12-08T15:30:31.680Z]     commit sha: eb1cc0f1fb2f6323e7be1c11958a638c5d3609ee
[2023-12-08T15:30:31.680Z]     commit date: Fri Dec 8 09:54:36 2023 -0500
[2023-12-08T15:30:31.680Z]     #####################################################################################
[2023-12-08T15:30:31.680Z]     
[2023-12-08T15:30:31.680Z]     cmake -DCMAKE_INSTALL_PREFIX="W:\install\RelWithDebInfo\MayaUSD" -DCMAKE_BUILD_TYPE=RelWithDebInfo -DCMAKE_EXPORT_COMPILE_COMMANDS=ON -G "Ninja" -DMAYA_LOCATION="P:\shared\Artifactory\Windows\rundev-2023\202211021031\runtime\d2d8ef5\runTime" -DPXR_USD_LOCATION="P:\shared\Artifactory\Windows\USD\4a3f824" -DMAYA_DEVKIT_LOCATION="P:\shared\Artifactory\Windows\rundev-2023\202211021031\runtime\d2d8ef5\devkitBase" -DCMAKE_WANT_MATERIALX_BUILD=ON -DCMAKE_PREFIX_PATH="P:\shared\Artifactory\Windows\USD\4a3f824" -DMAYAUSD_DEFINE_BOOST_DEBUG_PYTHON_FLAG=OFF -DCMAKE_MAKE_PROGRAM=P:/shared/Artifactory/Windows/ninja/1.10.2/ccacdf8/ninja.exe -DPYTHON_INCLUDE_DIR=P:/shared/Artifactory/Windows/rundev-2023/202211021031/runtime/d2d8ef5/runTime/include/Python39/Python -DPython_EXECUTABLE=P:/shared/Artifactory/Windows/rundev-2023/202211021031/runtime/d2d8ef5/runTime/bin/mayapy.exe -DPYTHON_LIBRARIES=P:/shared/Artifactory/Windows/rundev-2023/202211021031/runtime/d2d8ef5/runTime/lib/python39.lib -DBUILD_WITH_PYTHON_3=ON -DBUILD_WITH_PYTHON_3_VERSION=3.9 -DUSD_LIB_PREFIX= -DBUILD_HDMAYA=OFF "S:\jenkins\workspace\ECP\ecg-maya-usd\ecg-mayausd-branch-preflight-2023-python3-windows\ecg-maya-usd\maya-usd"
[2023-12-08T15:30:31.680Z]     
[2023-12-08T15:30:31.680Z]     Traceback (most recent call last):
[2023-12-08T15:30:31.680Z]       File "S:\jenkins\workspace\ECP\ecg-maya-usd\ecg-mayausd-branch-preflight-2023-python3-windows\ecg-maya-usd\maya-usd\build.py", line 779, in <module>
[2023-12-08T15:30:31.680Z]         BuildAndInstall(context, context.buildArgs, context.stagesArgs)
[2023-12-08T15:30:31.680Z]       File "S:\jenkins\workspace\ECP\ecg-maya-usd\ecg-mayausd-branch-preflight-2023-python3-windows\ecg-maya-usd\maya-usd\build.py", line 536, in BuildAndInstall
[2023-12-08T15:30:31.680Z]         RunCMake(context, extraArgs, stagesArgs)
[2023-12-08T15:30:31.680Z]       File "S:\jenkins\workspace\ECP\ecg-maya-usd\ecg-mayausd-branch-preflight-2023-python3-windows\ecg-maya-usd\maya-usd\build.py", line 289, in RunCMake
[2023-12-08T15:30:31.680Z]         Run(context,
[2023-12-08T15:30:31.680Z]       File "S:\jenkins\workspace\ECP\ecg-maya-usd\ecg-mayausd-branch-preflight-2023-python3-windows\ecg-maya-usd\maya-usd\build.py", line 181, in Run
[2023-12-08T15:30:31.680Z]         raise RuntimeError("Failed to run '{cmd}'\nSee {log} for more details."
[2023-12-08T15:30:31.680Z]     RuntimeError: Failed to run 'cmake -DCMAKE_INSTALL_PREFIX="W:\install\RelWithDebInfo\MayaUSD" -DCMAKE_BUILD_TYPE=RelWithDebInfo -DCMAKE_EXPORT_COMPILE_COMMANDS=ON -G "Ninja" -DMAYA_LOCATION="P:\shared\Artifactory\Windows\rundev-2023\202211021031\runtime\d2d8ef5\runTime" -DPXR_USD_LOCATION="P:\shared\Artifactory\Windows\USD\4a3f824" -DMAYA_DEVKIT_LOCATION="P:\shared\Artifactory\Windows\rundev-2023\202211021031\runtime\d2d8ef5\devkitBase" -DCMAKE_WANT_MATERIALX_BUILD=ON -DCMAKE_PREFIX_PATH="P:\shared\Artifactory\Windows\USD\4a3f824" -DMAYAUSD_DEFINE_BOOST_DEBUG_PYTHON_FLAG=OFF -DCMAKE_MAKE_PROGRAM=P:/shared/Artifactory/Windows/ninja/1.10.2/ccacdf8/ninja.exe -DPYTHON_INCLUDE_DIR=P:/shared/Artifactory/Windows/rundev-2023/202211021031/runtime/d2d8ef5/runTime/include/Python39/Python -DPython_EXECUTABLE=P:/shared/Artifactory/Windows/rundev-2023/202211021031/runtime/d2d8ef5/runTime/bin/mayapy.exe -DPYTHON_LIBRARIES=P:/shared/Artifactory/Windows/rundev-2023/202211021031/runtime/d2d8ef5/runTime/lib/python39.lib -DBUILD_WITH_PYTHON_3=ON -DBUILD_WITH_PYTHON_3_VERSION=3.9 -DUSD_LIB_PREFIX= -DBUILD_HDMAYA=OFF "S:\jenkins\workspace\ECP\ecg-maya-usd\ecg-mayausd-branch-preflight-2023-python3-windows\ecg-maya-usd\maya-usd"'
[2023-12-08T15:30:31.680Z]     See W:\build\RelWithDebInfo\build_log.txt for more details.
[2023-12-08T15:30:31.680Z] build.py: error: Command failed with error code: 1
[Pipeline] bat
[2023-12-08T15:30:32.348Z] Deleting alias drive W:
[Pipeline] bat
[2023-12-08T15:30:33.014Z] Deleting alias drive P:
[Pipeline] }
[Pipeline] // withEnv
[Pipeline] }
[Pipeline] // timeout
[Pipeline] }
[Pipeline] // stage
[Pipeline] }
[Pipeline] // timestamps
[Pipeline] emailextrecipients
Not sending mail to user ecg.jenkins@autodesk.com with no permission to view ECP » ecg-maya-usd » MayaUsd [Python 3] - Branch - Maya 2023 - Preflight (Windows) #1479Not sending mail to user ecg.jenkins@autodesk.com with no permission to view ECP » ecg-maya-usd » MayaUsd [Python 3] - Branch - Maya 2023 - Preflight (Windows) #1479[Pipeline] echo
No recipients to send notification.
[Pipeline] }
[Pipeline] // node
[Pipeline] End of Pipeline
ERROR: script returned exit code 1
[Checks API] No suitable checks publisher found.
Finished: FAILURE
