[2023-12-08T15:29:49.036Z] ================================================================================
[2023-12-08T15:29:49.036Z]                              setup (RelWithDebInfo)
[2023-12-08T15:29:49.036Z] ================================================================================
[Pipeline] bat
[2023-12-08T15:29:49.636Z] Deleting alias drive W:
[Pipeline] bat
[2023-12-08T15:29:50.237Z] Deleting alias drive P:
[Pipeline] }
[Pipeline] // withEnv
[Pipeline] }
[Pipeline] // timeout
[Pipeline] }
[Pipeline] // stage
[Pipeline] }
[Pipeline] // timestamps
[Pipeline] timestamps
[Pipeline] {
[Pipeline] stage
[Pipeline] { (Clean)
[Pipeline] timeout
[2023-12-08T15:29:50.444Z] Timeout set to expire in 6 hr 0 min
[Pipeline] {
[Pipeline] withEnv
[Pipeline] {
[Pipeline] bat
[2023-12-08T15:29:51.038Z] Creating alias drive P: to S:\jenkins\workspace
[Pipeline] bat
[2023-12-08T15:29:51.644Z] Creating alias drive W: to S:\jenkins\workspace\ECP\ecg-maya-usd\ecg-mayausd-branch-preflight-2022-python3-windows
[Pipeline] bat
[2023-12-08T15:29:52.433Z] "C:\Program Files (x86)\Microsoft Visual Studio\2017\Professional\VC\Auxiliary\Build\vcvarsall.bat" x64
[2023-12-08T15:29:52.434Z] **********************************************************************
[2023-12-08T15:29:52.434Z] ** Visual Studio 2017 Developer Command Prompt v15.9.15
[2023-12-08T15:29:52.434Z] ** Copyright (c) 2017 Microsoft Corporation
[2023-12-08T15:29:52.434Z] **********************************************************************
[2023-12-08T15:29:54.743Z] [vcvarsall.bat] Environment initialized for: 'x64'
[2023-12-08T15:29:54.743Z] python ecg-maya-usd/build.py --stages=clean --workspace-dir=W:\ --artifactory-dir=P:\shared\Artifactory --build-dir=W:\build --install-dir=W:\install --signing-dir=W:\signing --package-dir=W:\package --output-dir=W:\output --stash-dir=W:\stash --jenkins-build=1479 --git-commit=7c338191c9964a987a5054d1f1e50dd232c2476c --git-branch=master --variants=RelWithDebInfo --python=3.7 --post-zips=false --maya-cut-config=maya-rundev-2022.yaml --maya-package=rundev-2022 --stage-banner
[2023-12-08T15:29:55.470Z] Using Maya cut from P:\shared\Artifactory\Windows\rundev-2022\202312061106\runtime\d4cc9de
[2023-12-08T15:29:55.470Z] Using Maya ADSK Signatures from P:\shared\Artifactory\Windows\adsk-plugin-signatures-maya\2023\3ae1ae7
[2023-12-08T15:29:55.470Z] Using Maya Security Library from P:\shared\Artifactory\Windows\maya-security-library\3.1.0\084709f
[2023-12-08T15:29:55.808Z] 
[2023-12-08T15:29:55.808Z] ================================================================================
[2023-12-08T15:29:55.808Z]                              clean (RelWithDebInfo)
[2023-12-08T15:29:55.808Z] ================================================================================
[2023-12-08T15:29:55.808Z] Maya Python RelWithDebInfo Info:
[2023-12-08T15:29:55.808Z]   mayapy executable   = P:\shared\Artifactory\Windows\rundev-2022\202312061106\runtime\d4cc9de\runTime\bin\mayapy.exe
[2023-12-08T15:29:55.808Z]   Include Folder      = P:\shared\Artifactory\Windows\rundev-2022\202312061106\runtime\d4cc9de\runTime\include\Python37\Python
[2023-12-08T15:29:55.808Z]   Library             = P:\shared\Artifactory\Windows\rundev-2022\202312061106\runtime\d4cc9de\runTime\lib\python37.lib
[2023-12-08T15:29:55.808Z]   site-package Folder = P:\shared\Artifactory\Windows\rundev-2022\202312061106\runtime\d4cc9de\runTime\Python37\Lib\site-packages
[2023-12-08T15:29:56.983Z] In workdir: S:\jenkins\workspace\ECP\ecg-maya-usd\ecg-mayausd-branch-preflight-2022-python3-windows\ecg-maya-usd\maya-usd
[2023-12-08T15:29:56.984Z] Executing: 'P:\\shared\\Artifactory\\Windows\\rundev-2022\\202312061106\\runtime\\d4cc9de\\runTime\\bin\\mayapy.exe' 'S:\\jenkins\\workspace\\ECP\\ecg-maya-usd\\ecg-mayausd-branch-preflight-2022-python3-windows\\ecg-maya-usd\\maya-usd\\build.py' --generator Ninja --build-relwithdebug --maya-location 'P:\\shared\\Artifactory\\Windows\\rundev-2022\\202312061106\\runtime\\d4cc9de\\runTime' --devkit-location 'P:\\shared\\Artifactory\\Windows\\rundev-2022\\202312061106\\runtime\\d4cc9de\\devkitBase' --pxrusd-location 'P:\\shared\\Artifactory\\Windows\\USD\\84f2fc3' --materialx '--build-args=-DCMAKE_MAKE_PROGRAM=P:/shared/Artifactory/Windows/ninja/1.10.2/ccacdf8/ninja.exe,-DPYTHON_INCLUDE_DIR=P:/shared/Artifactory/Windows/rundev-2022/202312061106/runtime/d4cc9de/runTime/include/Python37/Python,-DPython_EXECUTABLE=P:/shared/Artifactory/Windows/rundev-2022/202312061106/runtime/d4cc9de/runTime/bin/mayapy.exe,-DPYTHON_LIBRARIES=P:/shared/Artifactory/Windows/rundev-2022/202312061106/runtime/d4cc9de/runTime/lib/python37.lib,-DBUILD_WITH_PYTHON_3=ON,-DUSD_LIB_PREFIX=,-DBUILD_HDMAYA=OFF' '--ctest-args=-E testUsdReferenceAssemblySelection|testUsdMayaAppDir|testProxyShapeDrawUsdChangeProcessing,-LE interactive,--parallel 16' --stages=clean --redirect-outstream-file=False --install-location 'W:\\install\\RelWithDebInfo\\MayaUSD' 'W:\\'
[2023-12-08T15:29:56.984Z] Modified environment variables:
[2023-12-08T15:29:56.984Z]     PATH=P:\shared\Artifactory\Windows\cmake\3.20.3\afe857a\bin;C:\Python27\lib\site-packages\pywin32_system32;C:\Program Files (x86)\Microsoft Visual Studio\2017\Professional\VC\Tools\MSVC\14.16.27023\bin\HostX64\x64;C:\Program Files (x86)\Microsoft Visual Studio\2017\Professional\Common7\IDE\VC\VCPackages;C:\Program Files (x86)\Microsoft Visual Studio\2017\Professional\Common7\IDE\CommonExtensions\Microsoft\TestWindow;C:\Program Files (x86)\Microsoft Visual Studio\2017\Professional\Common7\IDE\CommonExtensions\Microsoft\TeamFoundation\Team Explorer;C:\Program Files (x86)\Microsoft Visual Studio\2017\Professional\MSBuild\15.0\bin\Roslyn;C:\Program Files (x86)\Microsoft Visual Studio\2017\Professional\Team Tools\Performance Tools\x64;C:\Program Files (x86)\Microsoft Visual Studio\2017\Professional\Team Tools\Performance Tools;C:\Program Files (x86)\Microsoft Visual Studio\Shared\Common\VSPerfCollectionTools\\x64;C:\Program Files (x86)\Microsoft Visual Studio\Shared\Common\VSPerfCollectionTools\;C:\Program Files (x86)\Microsoft SDKs\Windows\v10.0A\bin\NETFX 4.6.1 Tools\x64\;C:\Program Files (x86)\HTML Help Workshop;C:\Program Files (x86)\Windows Kits\10\bin\10.0.19041.0\x64;C:\Program Files (x86)\Windows Kits\10\bin\x64;C:\Program Files (x86)\Microsoft Visual Studio\2017\Professional\\MSBuild\15.0\bin;C:\WINDOWS\Microsoft.NET\Framework64\v4.0.30319;C:\Program Files (x86)\Microsoft Visual Studio\2017\Professional\Common7\IDE\;C:\Program Files (x86)\Microsoft Visual Studio\2017\Professional\Common7\Tools\;C:\Python27\;C:\Python27\Scripts;C:\WINDOWS\system32;C:\WINDOWS;C:\WINDOWS\System32\Wbem;C:\WINDOWS\System32\WindowsPowerShell\v1.0\;C:\WINDOWS\System32\OpenSSH\;C:\ProgramData\chocolatey\bin;C:\Program Files (x86)\WiX Toolset v3.7\bin;C:\Program Files\dotnet\;C:\Program Files (x86)\Windows Kits\10\bin\10.0.18362.0\x64;C:\Program Files\Zulu\zulu-11\bin\;C:\Program Files (x86)\Windows Kits\10\bin\10.0.17763.0\x64;C:\Program Files (x86)\Windows Kits\10\bin\x64;C:\Program Files\Git\cmd;C:\Program Files\Git\usr\bin;C:\Program Files\Git\mingw64\bin;C:\Program Files\Git\bin;C:\Python38\;C:\Python38\Scripts;C:\StoreBoxClientWindows;C:\Program Files\Electric Cloud\ElectricCommander\bin;C:\Program Files\WinRAR;C:\Program Files\7-Zip;C:\Program Files (x86)\Windows Kits\10\bin\10.0.19041.0\x64;C:\Users\Administrator\AppData\Local\Microsoft\WindowsApps;C:\Users\Administrator\.dotnet\tools;C:\Program Files (x86)\Microsoft Visual Studio\2017\Professional\Common7\IDE\CommonExtensions\Microsoft\CMake\CMake\bin;C:\Program Files (x86)\Microsoft Visual Studio\2017\Professional\Common7\IDE\CommonExtensions\Microsoft\CMake\Ninja
[2023-12-08T15:29:56.984Z]     
[2023-12-08T15:29:56.984Z]         Building with settings:
[2023-12-08T15:29:56.984Z]           Source directory          S:\jenkins\workspace\ECP\ecg-maya-usd\ecg-mayausd-branch-preflight-2022-python3-windows\ecg-maya-usd\maya-usd
[2023-12-08T15:29:56.984Z]           Workspace directory       W:\
[2023-12-08T15:29:56.984Z]           Build directory           W:\build\RelWithDebInfo
[2023-12-08T15:29:56.984Z]           Install directory         W:\install\RelWithDebInfo\MayaUSD
[2023-12-08T15:29:56.984Z]           Variant                   RelWithDebInfo
[2023-12-08T15:29:56.984Z]           Python Debug              Off
[2023-12-08T15:29:56.984Z]           CMake generator           Ninja
[2023-12-08T15:29:56.984Z]           Build arguments           ['-DCMAKE_MAKE_PROGRAM=P:/shared/Artifactory/Windows/ninja/1.10.2/ccacdf8/ninja.exe', '-DPYTHON_INCLUDE_DIR=P:/shared/Artifactory/Windows/rundev-2022/202312061106/runtime/d4cc9de/runTime/include/Python37/Python', '-DPython_EXECUTABLE=P:/shared/Artifactory/Windows/rundev-2022/202312061106/runtime/d4cc9de/runTime/bin/mayapy.exe', '-DPYTHON_LIBRARIES=P:/shared/Artifactory/Windows/rundev-2022/202312061106/runtime/d4cc9de/runTime/lib/python37.lib', '-DBUILD_WITH_PYTHON_3=ON', '-DUSD_LIB_PREFIX=', '-DBUILD_HDMAYA=OFF']
[2023-12-08T15:29:56.984Z]           Stages arguments          ['clean']
[2023-12-08T15:29:56.984Z]           CTest arguments           ['-E testUsdReferenceAssemblySelection|testUsdMayaAppDir|testProxyShapeDrawUsdChangeProcessing', '-LE interactive', '--parallel 16']
[2023-12-08T15:29:56.984Z]     Success MayaUSD build and install !!!!
[2023-12-08T15:29:56.984Z]     Elapsed time: 00:00:00
[Pipeline] bat
[2023-12-08T15:29:57.587Z] Deleting alias drive W:
[Pipeline] bat
[2023-12-08T15:29:58.188Z] Deleting alias drive P:
[Pipeline] }
[Pipeline] // withEnv
[Pipeline] }
[Pipeline] // timeout
[Pipeline] }
[Pipeline] // stage
[Pipeline] }
[Pipeline] // timestamps
[Pipeline] timestamps
[Pipeline] {
[Pipeline] stage
[Pipeline] { (Configure)
[Pipeline] timeout
[2023-12-08T15:29:58.384Z] Timeout set to expire in 6 hr 0 min
[Pipeline] {
[Pipeline] withEnv
[Pipeline] {
[Pipeline] bat
[2023-12-08T15:29:58.976Z] Creating alias drive P: to S:\jenkins\workspace
[Pipeline] bat
[2023-12-08T15:29:59.585Z] Creating alias drive W: to S:\jenkins\workspace\ECP\ecg-maya-usd\ecg-mayausd-branch-preflight-2022-python3-windows
[Pipeline] bat
[2023-12-08T15:30:00.337Z] "C:\Program Files (x86)\Microsoft Visual Studio\2017\Professional\VC\Auxiliary\Build\vcvarsall.bat" x64
[2023-12-08T15:30:00.337Z] **********************************************************************
[2023-12-08T15:30:00.337Z] ** Visual Studio 2017 Developer Command Prompt v15.9.15
[2023-12-08T15:30:00.337Z] ** Copyright (c) 2017 Microsoft Corporation
[2023-12-08T15:30:00.337Z] **********************************************************************
[2023-12-08T15:30:02.639Z] [vcvarsall.bat] Environment initialized for: 'x64'
[2023-12-08T15:30:02.639Z] python ecg-maya-usd/build.py --stages=configure --workspace-dir=W:\ --artifactory-dir=P:\shared\Artifactory --build-dir=W:\build --install-dir=W:\install --signing-dir=W:\signing --package-dir=W:\package --output-dir=W:\output --stash-dir=W:\stash --jenkins-build=1479 --git-commit=7c338191c9964a987a5054d1f1e50dd232c2476c --git-branch=master --variants=RelWithDebInfo --python=3.7 --post-zips=false --maya-cut-config=maya-rundev-2022.yaml --maya-package=rundev-2022 --stage-banner
[2023-12-08T15:30:03.371Z] Using Maya cut from P:\shared\Artifactory\Windows\rundev-2022\202312061106\runtime\d4cc9de
[2023-12-08T15:30:03.371Z] Using Maya ADSK Signatures from P:\shared\Artifactory\Windows\adsk-plugin-signatures-maya\2023\3ae1ae7
[2023-12-08T15:30:03.371Z] Using Maya Security Library from P:\shared\Artifactory\Windows\maya-security-library\3.1.0\084709f
[2023-12-08T15:30:03.371Z] 
[2023-12-08T15:30:03.371Z] ================================================================================
[2023-12-08T15:30:03.371Z]                            configure (RelWithDebInfo)
[2023-12-08T15:30:03.371Z] ================================================================================
[2023-12-08T15:30:03.371Z] Maya Python RelWithDebInfo Info:
[2023-12-08T15:30:03.371Z]   mayapy executable   = P:\shared\Artifactory\Windows\rundev-2022\202312061106\runtime\d4cc9de\runTime\bin\mayapy.exe
[2023-12-08T15:30:03.371Z]   Include Folder      = P:\shared\Artifactory\Windows\rundev-2022\202312061106\runtime\d4cc9de\runTime\include\Python37\Python
[2023-12-08T15:30:03.371Z]   Library             = P:\shared\Artifactory\Windows\rundev-2022\202312061106\runtime\d4cc9de\runTime\lib\python37.lib
[2023-12-08T15:30:03.371Z]   site-package Folder = P:\shared\Artifactory\Windows\rundev-2022\202312061106\runtime\d4cc9de\runTime\Python37\Lib\site-packages
[2023-12-08T15:30:03.710Z] In workdir: S:\jenkins\workspace\ECP\ecg-maya-usd\ecg-mayausd-branch-preflight-2022-python3-windows\ecg-maya-usd\maya-usd
[2023-12-08T15:30:03.710Z] Executing: 'P:\\shared\\Artifactory\\Windows\\rundev-2022\\202312061106\\runtime\\d4cc9de\\runTime\\bin\\mayapy.exe' 'S:\\jenkins\\workspace\\ECP\\ecg-maya-usd\\ecg-mayausd-branch-preflight-2022-python3-windows\\ecg-maya-usd\\maya-usd\\build.py' --generator Ninja --build-relwithdebug --maya-location 'P:\\shared\\Artifactory\\Windows\\rundev-2022\\202312061106\\runtime\\d4cc9de\\runTime' --devkit-location 'P:\\shared\\Artifactory\\Windows\\rundev-2022\\202312061106\\runtime\\d4cc9de\\devkitBase' --pxrusd-location 'P:\\shared\\Artifactory\\Windows\\USD\\84f2fc3' --materialx '--build-args=-DCMAKE_MAKE_PROGRAM=P:/shared/Artifactory/Windows/ninja/1.10.2/ccacdf8/ninja.exe,-DPYTHON_INCLUDE_DIR=P:/shared/Artifactory/Windows/rundev-2022/202312061106/runtime/d4cc9de/runTime/include/Python37/Python,-DPython_EXECUTABLE=P:/shared/Artifactory/Windows/rundev-2022/202312061106/runtime/d4cc9de/runTime/bin/mayapy.exe,-DPYTHON_LIBRARIES=P:/shared/Artifactory/Windows/rundev-2022/202312061106/runtime/d4cc9de/runTime/lib/python37.lib,-DBUILD_WITH_PYTHON_3=ON,-DUSD_LIB_PREFIX=,-DBUILD_HDMAYA=OFF' '--ctest-args=-E testUsdReferenceAssemblySelection|testUsdMayaAppDir|testProxyShapeDrawUsdChangeProcessing,-LE interactive,--parallel 16' --stages=configure --redirect-outstream-file=False --install-location 'W:\\install\\RelWithDebInfo\\MayaUSD' 'W:\\'
[2023-12-08T15:30:03.710Z] Modified environment variables:
[2023-12-08T15:30:03.710Z]     PATH=P:\shared\Artifactory\Windows\cmake\3.20.3\afe857a\bin;C:\Python27\lib\site-packages\pywin32_system32;C:\Program Files (x86)\Microsoft Visual Studio\2017\Professional\VC\Tools\MSVC\14.16.27023\bin\HostX64\x64;C:\Program Files (x86)\Microsoft Visual Studio\2017\Professional\Common7\IDE\VC\VCPackages;C:\Program Files (x86)\Microsoft Visual Studio\2017\Professional\Common7\IDE\CommonExtensions\Microsoft\TestWindow;C:\Program Files (x86)\Microsoft Visual Studio\2017\Professional\Common7\IDE\CommonExtensions\Microsoft\TeamFoundation\Team Explorer;C:\Program Files (x86)\Microsoft Visual Studio\2017\Professional\MSBuild\15.0\bin\Roslyn;C:\Program Files (x86)\Microsoft Visual Studio\2017\Professional\Team Tools\Performance Tools\x64;C:\Program Files (x86)\Microsoft Visual Studio\2017\Professional\Team Tools\Performance Tools;C:\Program Files (x86)\Microsoft Visual Studio\Shared\Common\VSPerfCollectionTools\\x64;C:\Program Files (x86)\Microsoft Visual Studio\Shared\Common\VSPerfCollectionTools\;C:\Program Files (x86)\Microsoft SDKs\Windows\v10.0A\bin\NETFX 4.6.1 Tools\x64\;C:\Program Files (x86)\HTML Help Workshop;C:\Program Files (x86)\Windows Kits\10\bin\10.0.19041.0\x64;C:\Program Files (x86)\Windows Kits\10\bin\x64;C:\Program Files (x86)\Microsoft Visual Studio\2017\Professional\\MSBuild\15.0\bin;C:\WINDOWS\Microsoft.NET\Framework64\v4.0.30319;C:\Program Files (x86)\Microsoft Visual Studio\2017\Professional\Common7\IDE\;C:\Program Files (x86)\Microsoft Visual Studio\2017\Professional\Common7\Tools\;C:\Python27\;C:\Python27\Scripts;C:\WINDOWS\system32;C:\WINDOWS;C:\WINDOWS\System32\Wbem;C:\WINDOWS\System32\WindowsPowerShell\v1.0\;C:\WINDOWS\System32\OpenSSH\;C:\ProgramData\chocolatey\bin;C:\Program Files (x86)\WiX Toolset v3.7\bin;C:\Program Files\dotnet\;C:\Program Files (x86)\Windows Kits\10\bin\10.0.18362.0\x64;C:\Program Files\Zulu\zulu-11\bin\;C:\Program Files (x86)\Windows Kits\10\bin\10.0.17763.0\x64;C:\Program Files (x86)\Windows Kits\10\bin\x64;C:\Program Files\Git\cmd;C:\Program Files\Git\usr\bin;C:\Program Files\Git\mingw64\bin;C:\Program Files\Git\bin;C:\Python38\;C:\Python38\Scripts;C:\StoreBoxClientWindows;C:\Program Files\Electric Cloud\ElectricCommander\bin;C:\Program Files\WinRAR;C:\Program Files\7-Zip;C:\Program Files (x86)\Windows Kits\10\bin\10.0.19041.0\x64;C:\Users\Administrator\AppData\Local\Microsoft\WindowsApps;C:\Users\Administrator\.dotnet\tools;C:\Program Files (x86)\Microsoft Visual Studio\2017\Professional\Common7\IDE\CommonExtensions\Microsoft\CMake\CMake\bin;C:\Program Files (x86)\Microsoft Visual Studio\2017\Professional\Common7\IDE\CommonExtensions\Microsoft\CMake\Ninja
[2023-12-08T15:30:05.408Z]     -- The C compiler identification is MSVC 19.16.27032.1
[2023-12-08T15:30:06.270Z]     -- The CXX compiler identification is MSVC 19.16.27032.1
[2023-12-08T15:30:06.270Z]     -- Detecting C compiler ABI info
[2023-12-08T15:30:07.697Z]     -- Detecting C compiler ABI info - done
[2023-12-08T15:30:07.697Z]     -- Check for working C compiler: C:/Program Files (x86)/Microsoft Visual Studio/2017/Professional/VC/Tools/MSVC/14.16.27023/bin/Hostx64/x64/cl.exe - skipped
[2023-12-08T15:30:07.697Z]     -- Detecting C compile features
[2023-12-08T15:30:07.697Z]     -- Detecting C compile features - done
[2023-12-08T15:30:07.697Z]     -- Detecting CXX compiler ABI info
[2023-12-08T15:30:08.423Z]     -- Detecting CXX compiler ABI info - done
[2023-12-08T15:30:08.423Z]     -- Check for working CXX compiler: C:/Program Files (x86)/Microsoft Visual Studio/2017/Professional/VC/Tools/MSVC/14.16.27023/bin/Hostx64/x64/cl.exe - skipped
[2023-12-08T15:30:08.423Z]     -- Detecting CXX compile features
[2023-12-08T15:30:08.424Z]     -- Detecting CXX compile features - done
[2023-12-08T15:30:09.155Z]     -- Using Maya Light API Version 2
[2023-12-08T15:30:09.155Z]     -- Maya has setDefaultMaterialHandling API
[2023-12-08T15:30:09.155Z]     -- Maya has new point snapping API
[2023-12-08T15:30:09.155Z]     -- Maya has setUfeIdentifiers API
[2023-12-08T15:30:09.155Z]     -- Maya has updateUfeIdentifiers API
[2023-12-08T15:30:09.155Z]     -- Maya has getDisplayStyleOfAllViewports API
[2023-12-08T15:30:09.155Z]     -- Maya array iterator has difference_type trait
[2023-12-08T15:30:09.155Z]     -- Found Maya: P:/shared/Artifactory/Windows/rundev-2022/202312061106/runtime/d4cc9de/runTime/bin/maya.exe (found suitable version "2022", minimum required is "2022")
[2023-12-08T15:30:09.493Z]     -- Found Python: P:/shared/Artifactory/Windows/rundev-2022/202312061106/runtime/d4cc9de/runTime/bin/mayapy.exe (found suitable exact version "3.7.7") found components: Interpreter
[2023-12-08T15:30:09.493Z]     -- Build MayaUSD with Python3 = ON
[2023-12-08T15:30:09.493Z]     --    PYTHON_INCLUDE_DIRS = P:/shared/Artifactory/Windows/rundev-2022/202312061106/runtime/d4cc9de/runTime/include/Python37/Python
[2023-12-08T15:30:09.493Z]     --    PYTHON_LIBRARIES    = P:/shared/Artifactory/Windows/rundev-2022/202312061106/runtime/d4cc9de/runTime/lib/python37.lib
[2023-12-08T15:30:09.493Z]     --    Python_EXECUTABLE   = P:/shared/Artifactory/Windows/rundev-2022/202312061106/runtime/d4cc9de/runTime/bin/mayapy.exe
[2023-12-08T15:30:09.831Z]     -- USD v0.21.11 has security patches.
[2023-12-08T15:30:09.831Z]     -- Found USD: P:/shared/Artifactory/Windows/USD/84f2fc3 (found suitable version "0.21.11", minimum required is "0.21.11")
[2023-12-08T15:30:09.831Z]     --    USD include dir: P:/shared/Artifactory/Windows/USD/84f2fc3/include
[2023-12-08T15:30:09.831Z]     --    USD library dir: P:/shared/Artifactory/Windows/USD/84f2fc3/lib
[2023-12-08T15:30:09.831Z]     --    usdGenSchema: P:/shared/Artifactory/Windows/USD/84f2fc3/bin/usdGenSchema
[2023-12-08T15:30:09.831Z]     --    USD version: 0.21.11
[2023-12-08T15:30:09.831Z]     --    Autodesk USD version: 0.21.11-ad1
[2023-12-08T15:30:09.831Z]     --    USD Boost::boost version: 107000
[2023-12-08T15:30:09.831Z]     Updated PYTHONPATH: P:\shared\Artifactory\Windows\USD\84f2fc3\lib\python
[2023-12-08T15:30:09.832Z]     Updated PATH: P:\shared\Artifactory\Windows\rundev-2022\202312061106\runtime\d4cc9de\runTime\bin;P:\shared\Artifactory\Windows\rundev-2022\202312061106\runtime\d4cc9de\runTime\bin3;P:\shared\Artifactory\Windows\cmake\3.20.3\afe857a\bin;C:\Python27\lib\site-packages\pywin32_system32;C:\Program Files (x86)\Microsoft Visual Studio\2017\Professional\VC\Tools\MSVC\14.16.27023\bin\HostX64\x64;C:\Program Files (x86)\Microsoft Visual Studio\2017\Professional\Common7\IDE\VC\VCPackages;C:\Program Files (x86)\Microsoft Visual Studio\2017\Professional\Common7\IDE\CommonExtensions\Microsoft\TestWindow;C:\Program Files (x86)\Microsoft Visual Studio\2017\Professional\Common7\IDE\CommonExtensions\Microsoft\TeamFoundation\Team Explorer;C:\Program Files (x86)\Microsoft Visual Studio\2017\Professional\MSBuild\15.0\bin\Roslyn;C:\Program Files (x86)\Microsoft Visual Studio\2017\Professional\Team Tools\Performance Tools\x64;C:\Program Files (x86)\Microsoft Visual Studio\2017\Professional\Team Tools\Performance Tools;C:\Program Files (x86)\Microsoft Visual Studio\Shared\Common\VSPerfCollectionTools\\x64;C:\Program Files (x86)\Microsoft Visual Studio\Shared\Common\VSPerfCollectionTools\;C:\Program Files (x86)\Microsoft SDKs\Windows\v10.0A\bin\NETFX 4.6.1 Tools\x64\;C:\Program Files (x86)\HTML Help Workshop;C:\Program Files (x86)\Windows Kits\10\bin\10.0.19041.0\x64;C:\Program Files (x86)\Windows Kits\10\bin\x64;C:\Program Files (x86)\Microsoft Visual Studio\2017\Professional\\MSBuild\15.0\bin;C:\WINDOWS\Microsoft.NET\Framework64\v4.0.30319;C:\Program Files (x86)\Microsoft Visual Studio\2017\Professional\Common7\IDE\;C:\Program Files (x86)\Microsoft Visual Studio\2017\Professional\Common7\Tools\;C:\Python27\;C:\Python27\Scripts;C:\WINDOWS\system32;C:\WINDOWS;C:\WINDOWS\System32\Wbem;C:\WINDOWS\System32\WindowsPowerShell\v1.0\;C:\WINDOWS\System32\OpenSSH\;C:\ProgramData\chocolatey\bin;C:\Program Files (x86)\WiX Toolset v3.7\bin;C:\Program Files\dotnet\;C:\Program Files (x86)\Windows Kits\10\bin\10.0.18362.0\x64;C:\Program Files\Zulu\zulu-11\bin\;C:\Program Files (x86)\Windows Kits\10\bin\10.0.17763.0\x64;C:\Program Files (x86)\Windows Kits\10\bin\x64;C:\Program Files\Git\cmd;C:\Program Files\Git\usr\bin;C:\Program Files\Git\mingw64\bin;C:\Program Files\Git\bin;C:\Python38\;C:\Python38\Scripts;C:\StoreBoxClientWindows;C:\Program Files\Electric Cloud\ElectricCommander\bin;C:\Program Files\WinRAR;C:\Program Files\7-Zip;C:\Program Files (x86)\Windows Kits\10\bin\10.0.19041.0\x64;C:\Users\Administrator\AppData\Local\Microsoft\WindowsApps;C:\Users\Administrator\.dotnet\tools;C:\Program Files (x86)\Microsoft Visual Studio\2017\Professional\Common7\IDE\CommonExtensions\Microsoft\CMake\CMake\bin;C:\Program Files (x86)\Microsoft Visual Studio\2017\Professional\Common7\IDE\CommonExtensions\Microsoft\CMake\Ninja;P:\shared\Artifactory\Windows\USD\84f2fc3\bin;P:\shared\Artifactory\Windows\USD\84f2fc3\lib
[2023-12-08T15:30:09.832Z]     -- Found UFE: P:/shared/Artifactory/Windows/rundev-2022/202312061106/runtime/d4cc9de/devkitBase/devkit/ufe/include (found suitable version "2.1.1", minimum required is "0.2.0")
[2023-12-08T15:30:09.832Z]     -- Build MayaUsd with UFE version 2.1.1
[2023-12-08T15:30:09.832Z]     --    UFE include dir: P:/shared/Artifactory/Windows/rundev-2022/202312061106/runtime/d4cc9de/devkitBase/devkit/ufe/include
[2023-12-08T15:30:09.832Z]     --    UFE library: P:/shared/Artifactory/Windows/rundev-2022/202312061106/runtime/d4cc9de/devkitBase/devkit/ufe/lib/ufe_2.lib
[2023-12-08T15:30:09.832Z]     --    UFE preview features: ufe
[2023-12-08T15:30:09.832Z]     -- Found MaterialX
[2023-12-08T15:30:10.171Z]     -- Using Maya Qt version 5.15.2
[2023-12-08T15:30:10.171Z]     
[2023-12-08T15:30:10.171Z]     --   Qt include path  : P:/shared/Artifactory/Windows/rundev-2022/202312061106/runtime/d4cc9de/devkitBase/include/qt_5.15.2_vc14-include
[2023-12-08T15:30:10.171Z]     --   moc executable   : P:/shared/Artifactory/Windows/rundev-2022/202312061106/runtime/d4cc9de/devkitBase/devkit/bin/moc.exe
[2023-12-08T15:30:10.171Z]     --   uic executable   : P:/shared/Artifactory/Windows/rundev-2022/202312061106/runtime/d4cc9de/devkitBase/devkit/bin/uic.exe
[2023-12-08T15:30:10.171Z]     --   rcc executable   : P:/shared/Artifactory/Windows/rundev-2022/202312061106/runtime/d4cc9de/devkitBase/devkit/bin/rcc.exe
[2023-12-08T15:30:10.171Z]     --   Qt Core library: P:/shared/Artifactory/Windows/rundev-2022/202312061106/runtime/d4cc9de/runTime/lib/Qt5Core.lib
[2023-12-08T15:30:10.171Z]     --   Qt Gui library: P:/shared/Artifactory/Windows/rundev-2022/202312061106/runtime/d4cc9de/runTime/lib/Qt5Gui.lib
[2023-12-08T15:30:10.171Z]     --   Qt Widgets library: P:/shared/Artifactory/Windows/rundev-2022/202312061106/runtime/d4cc9de/runTime/lib/Qt5Widgets.lib
[2023-12-08T15:30:10.171Z]     -- Found Qt5 in Maya devkit, building with Qt 5.15.2
[2023-12-08T15:30:10.171Z]      features enabled.
[2023-12-08T15:30:10.171Z]     -- **** Building Gulrak From Github Repository.
[2023-12-08T15:30:10.171Z]     -- Populating gulrak
[2023-12-08T15:30:10.511Z]     -- Configuring done
[2023-12-08T15:30:10.511Z]     -- Generating done
[2023-12-08T15:30:10.849Z]     -- Build files have been written to: W:/build/RelWithDebInfo/_deps/gulrak-subbuild
[2023-12-08T15:30:11.188Z]     [1/9] Creating directories for 'gulrak-populate'
[2023-12-08T15:30:11.188Z]     [1/9] Performing download step (git clone) for 'gulrak-populate'
[2023-12-08T15:30:11.528Z]     Cloning into 'gulrak-src'...
[2023-12-08T15:30:12.702Z]     HEAD is now at 4e21ab3 Version bump and updated readme.
[2023-12-08T15:30:15.008Z]     [2/9] Performing update step for 'gulrak-populate'
[2023-12-08T15:30:15.008Z]     [4/9] No patch step for 'gulrak-populate'
[2023-12-08T15:30:15.008Z]     [5/9] No configure step for 'gulrak-populate'
[2023-12-08T15:30:15.347Z]     [6/9] No build step for 'gulrak-populate'
[2023-12-08T15:30:15.347Z]     [7/9] No install step for 'gulrak-populate'
[2023-12-08T15:30:15.347Z]     [8/9] No test step for 'gulrak-populate'
[2023-12-08T15:30:15.685Z]     [9/9] Completed 'gulrak-populate'
[2023-12-08T15:30:16.412Z]     -- ========== Installing GoogleTest... ==========
[2023-12-08T15:30:16.753Z]     -- Configuring done
[2023-12-08T15:30:16.753Z]     -- Generating done
[2023-12-08T15:30:16.753Z]     -- Build files have been written to: W:/build/RelWithDebInfo/googletest-config
[2023-12-08T15:30:17.092Z]     [1/8] Creating directories for 'googletest'
[2023-12-08T15:30:24.454Z]     [2/8] Performing download step (git clone) for 'googletest'
[2023-12-08T15:30:24.454Z]     Cloning into 'googletest-src'...
[2023-12-08T15:30:24.454Z]     HEAD is now at 703bd9ca Googletest export
[2023-12-08T15:30:24.454Z]     [3/8] Performing update step for 'googletest'
[2023-12-08T15:30:24.454Z]     [4/8] No patch step for 'googletest'
[2023-12-08T15:30:26.839Z]     [5/8] Performing configure step for 'googletest'
[2023-12-08T15:30:26.839Z]     Not searching for unused variables given on the command line.
[2023-12-08T15:30:26.839Z]     CMake Deprecation Warning at CMakeLists.txt:4 (cmake_minimum_required):
[2023-12-08T15:30:26.839Z]       Compatibility with CMake < 2.8.12 will be removed from a future version of
[2023-12-08T15:30:26.839Z]       CMake.
[2023-12-08T15:30:26.839Z]     
[2023-12-08T15:30:26.839Z]       Update the VERSION argument <min> value or use a ...<max> suffix to tell
[2023-12-08T15:30:26.839Z]       CMake that the project does not need compatibility with older versions.
[2023-12-08T15:30:26.839Z]     
[2023-12-08T15:30:26.839Z]     
[2023-12-08T15:30:26.839Z]     -- The C compiler identification is MSVC 19.16.27032.1
[2023-12-08T15:30:26.839Z]     -- The CXX compiler identification is MSVC 19.16.27032.1
[2023-12-08T15:30:26.839Z]     -- Detecting C compiler ABI info
[2023-12-08T15:30:26.839Z]     -- Detecting C compiler ABI info - done
[2023-12-08T15:30:26.839Z]     -- Check for working C compiler: C:/Program Files (x86)/Microsoft Visual Studio/2017/Professional/VC/Tools/MSVC/14.16.27023/bin/Hostx64/x64/cl.exe - skipped
[2023-12-08T15:30:26.839Z]     -- Detecting C compile features
[2023-12-08T15:30:26.839Z]     -- Detecting C compile features - done
[2023-12-08T15:30:26.839Z]     -- Detecting CXX compiler ABI info
[2023-12-08T15:30:26.839Z]     -- Detecting CXX compiler ABI info - done
[2023-12-08T15:30:26.839Z]     -- Check for working CXX compiler: C:/Program Files (x86)/Microsoft Visual Studio/2017/Professional/VC/Tools/MSVC/14.16.27023/bin/Hostx64/x64/cl.exe - skipped
[2023-12-08T15:30:26.839Z]     -- Detecting CXX compile features
[2023-12-08T15:30:26.839Z]     -- Detecting CXX compile features - done
[2023-12-08T15:30:26.839Z]     CMake Deprecation Warning at googletest/CMakeLists.txt:56 (cmake_minimum_required):
[2023-12-08T15:30:26.839Z]       Compatibility with CMake < 2.8.12 will be removed from a future version of
[2023-12-08T15:30:26.839Z]       CMake.
[2023-12-08T15:30:26.839Z]     
[2023-12-08T15:30:26.839Z]       Update the VERSION argument <min> value or use a ...<max> suffix to tell
[2023-12-08T15:30:26.839Z]       CMake that the project does not need compatibility with older versions.
[2023-12-08T15:30:26.839Z]     
[2023-12-08T15:30:26.839Z]     
[2023-12-08T15:30:26.839Z]     -- Found PythonInterp: C:/Python27/python.exe
[2023-12-08T15:30:26.839Z]     -- Looking for pthread.h
[2023-12-08T15:30:26.839Z]     -- Looking for pthread.h - not found
[2023-12-08T15:30:26.839Z]     -- Found Threads: TRUE
[2023-12-08T15:30:26.839Z]     -- Configuring done
[2023-12-08T15:30:26.839Z]     -- Generating done
[2023-12-08T15:30:26.839Z]     -- Build files have been written to: W:/build/RelWithDebInfo/googletest-build
[2023-12-08T15:30:32.828Z]     [6/8] Performing build step for 'googletest'
[2023-12-08T15:30:32.828Z]     [1/4] Building CXX object googletest\CMakeFiles\gtest_main.dir\src\gtest_main.cc.obj
[2023-12-08T15:30:32.828Z]     [2/4] Building CXX object googletest\CMakeFiles\gtest.dir\src\gtest-all.cc.obj
[2023-12-08T15:30:32.828Z]     [3/4] Linking CXX shared library bin\gtest.dll
[2023-12-08T15:30:32.828Z]     [4/4] Linking CXX shared library bin\gtest_main.dll
[2023-12-08T15:30:32.828Z]     [7/8] Performing install step for 'googletest'
[2023-12-08T15:30:32.828Z]     [0/1] Install the project...
[2023-12-08T15:30:32.828Z]     -- Install configuration: "RelWithDebInfo"
[2023-12-08T15:30:32.828Z]     [8/8] Completed 'googletest'
[2023-12-08T15:30:32.828Z]     -- ========== ...  GoogleTest installed. ==========
[2023-12-08T15:30:34.525Z]     -- USD_HAS_COLOR4_SDR_SUPPORT is FALSE
[2023-12-08T15:30:34.525Z]     -- MAYA_HAS_DISPLAY_LAYER_API is FALSE
[2023-12-08T15:30:34.525Z]     -- promoting: S:/jenkins/workspace/ECP/ecg-maya-usd/ecg-mayausd-branch-preflight-2022-python3-windows/ecg-maya-usd/maya-usd/lib/usdUfe/base/usdUfe.h.src
[2023-12-08T15:30:34.525Z]     -- promoting: S:/jenkins/workspace/ECP/ecg-maya-usd/ecg-mayausd-branch-preflight-2022-python3-windows/ecg-maya-usd/maya-usd/lib/usdUfe/base/api.h
[2023-12-08T15:30:34.525Z]     -- promoting: S:/jenkins/workspace/ECP/ecg-maya-usd/ecg-mayausd-branch-preflight-2022-python3-windows/ecg-maya-usd/maya-usd/lib/usdUfe/base/debugCodes.h
[2023-12-08T15:30:34.525Z]     -- promoting: S:/jenkins/workspace/ECP/ecg-maya-usd/ecg-mayausd-branch-preflight-2022-python3-windows/ecg-maya-usd/maya-usd/lib/usdUfe/base/tokens.h
[2023-12-08T15:30:34.525Z]     CMake Error at lib/usdUfe/ufe/CMakeLists.txt:48 (if):
[2023-12-08T15:30:34.525Z]       if given arguments:
[2023-12-08T15:30:34.525Z]     
[2023-12-08T15:30:34.525Z]         "GREATER_EQUAL" "5015"
[2023-12-08T15:30:34.525Z]     
[2023-12-08T15:30:34.525Z]       Unknown arguments specified
[2023-12-08T15:30:34.525Z]     
[2023-12-08T15:30:34.525Z]     
[2023-12-08T15:30:34.525Z]     -- Configuring incomplete, errors occurred!
[2023-12-08T15:30:34.525Z]     See also "W:/build/RelWithDebInfo/CMakeFiles/CMakeOutput.log".
[2023-12-08T15:30:34.525Z]     See also "W:/build/RelWithDebInfo/CMakeFiles/CMakeError.log".
[2023-12-08T15:30:34.525Z]     
[2023-12-08T15:30:34.525Z]         Building with settings:
[2023-12-08T15:30:34.525Z]           Source directory          S:\jenkins\workspace\ECP\ecg-maya-usd\ecg-mayausd-branch-preflight-2022-python3-windows\ecg-maya-usd\maya-usd
[2023-12-08T15:30:34.525Z]           Workspace directory       W:\
[2023-12-08T15:30:34.525Z]           Build directory           W:\build\RelWithDebInfo
[2023-12-08T15:30:34.525Z]           Install directory         W:\install\RelWithDebInfo\MayaUSD
[2023-12-08T15:30:34.525Z]           Variant                   RelWithDebInfo
[2023-12-08T15:30:34.525Z]           Python Debug              Off
[2023-12-08T15:30:34.525Z]           CMake generator           Ninja
[2023-12-08T15:30:34.525Z]           Build arguments           ['-DCMAKE_MAKE_PROGRAM=P:/shared/Artifactory/Windows/ninja/1.10.2/ccacdf8/ninja.exe', '-DPYTHON_INCLUDE_DIR=P:/shared/Artifactory/Windows/rundev-2022/202312061106/runtime/d4cc9de/runTime/include/Python37/Python', '-DPython_EXECUTABLE=P:/shared/Artifactory/Windows/rundev-2022/202312061106/runtime/d4cc9de/runTime/bin/mayapy.exe', '-DPYTHON_LIBRARIES=P:/shared/Artifactory/Windows/rundev-2022/202312061106/runtime/d4cc9de/runTime/lib/python37.lib', '-DBUILD_WITH_PYTHON_3=ON', '-DUSD_LIB_PREFIX=', '-DBUILD_HDMAYA=OFF']
[2023-12-08T15:30:34.525Z]           Stages arguments          ['configure']
[2023-12-08T15:30:34.526Z]           CTest arguments           ['-E testUsdReferenceAssemblySelection|testUsdMayaAppDir|testProxyShapeDrawUsdChangeProcessing', '-LE interactive', '--parallel 16']
[2023-12-08T15:30:34.526Z]     STATUS: Found Maya Qt headers in: P:\shared\Artifactory\Windows\rundev-2022\202312061106\runtime\d4cc9de\devkitBase
[2023-12-08T15:30:34.526Z]     #####################################################################################
[2023-12-08T15:30:34.526Z]     log date: 2023-12-08 07:30
[2023-12-08T15:30:34.526Z]     commit sha: eb1cc0f1fb2f6323e7be1c11958a638c5d3609ee
[2023-12-08T15:30:34.526Z]     commit date: Fri Dec 8 09:54:36 2023 -0500
[2023-12-08T15:30:34.526Z]     #####################################################################################
[2023-12-08T15:30:34.526Z]     
[2023-12-08T15:30:34.526Z]     cmake -DCMAKE_INSTALL_PREFIX="W:\install\RelWithDebInfo\MayaUSD" -DCMAKE_BUILD_TYPE=RelWithDebInfo -DCMAKE_EXPORT_COMPILE_COMMANDS=ON -G "Ninja" -DMAYA_LOCATION="P:\shared\Artifactory\Windows\rundev-2022\202312061106\runtime\d4cc9de\runTime" -DPXR_USD_LOCATION="P:\shared\Artifactory\Windows\USD\84f2fc3" -DMAYA_DEVKIT_LOCATION="P:\shared\Artifactory\Windows\rundev-2022\202312061106\runtime\d4cc9de\devkitBase" -DCMAKE_WANT_MATERIALX_BUILD=ON -DCMAKE_PREFIX_PATH="P:\shared\Artifactory\Windows\USD\84f2fc3" -DMAYAUSD_DEFINE_BOOST_DEBUG_PYTHON_FLAG=OFF -DCMAKE_MAKE_PROGRAM=P:/shared/Artifactory/Windows/ninja/1.10.2/ccacdf8/ninja.exe -DPYTHON_INCLUDE_DIR=P:/shared/Artifactory/Windows/rundev-2022/202312061106/runtime/d4cc9de/runTime/include/Python37/Python -DPython_EXECUTABLE=P:/shared/Artifactory/Windows/rundev-2022/202312061106/runtime/d4cc9de/runTime/bin/mayapy.exe -DPYTHON_LIBRARIES=P:/shared/Artifactory/Windows/rundev-2022/202312061106/runtime/d4cc9de/runTime/lib/python37.lib -DBUILD_WITH_PYTHON_3=ON -DUSD_LIB_PREFIX= -DBUILD_HDMAYA=OFF "S:\jenkins\workspace\ECP\ecg-maya-usd\ecg-mayausd-branch-preflight-2022-python3-windows\ecg-maya-usd\maya-usd"
[2023-12-08T15:30:34.526Z]     
[2023-12-08T15:30:34.526Z]     Traceback (most recent call last):
[2023-12-08T15:30:34.526Z]       File "S:\jenkins\workspace\ECP\ecg-maya-usd\ecg-mayausd-branch-preflight-2022-python3-windows\ecg-maya-usd\maya-usd\build.py", line 779, in <module>
[2023-12-08T15:30:34.526Z]         BuildAndInstall(context, context.buildArgs, context.stagesArgs)
[2023-12-08T15:30:34.526Z]       File "S:\jenkins\workspace\ECP\ecg-maya-usd\ecg-mayausd-branch-preflight-2022-python3-windows\ecg-maya-usd\maya-usd\build.py", line 536, in BuildAndInstall
[2023-12-08T15:30:34.526Z]         RunCMake(context, extraArgs, stagesArgs)
[2023-12-08T15:30:34.526Z]       File "S:\jenkins\workspace\ECP\ecg-maya-usd\ecg-mayausd-branch-preflight-2022-python3-windows\ecg-maya-usd\maya-usd\build.py", line 301, in RunCMake
[2023-12-08T15:30:34.526Z]         extraArgs=(" ".join(extraArgs) if extraArgs else "")))
[2023-12-08T15:30:34.526Z]       File "S:\jenkins\workspace\ECP\ecg-maya-usd\ecg-mayausd-branch-preflight-2022-python3-windows\ecg-maya-usd\maya-usd\build.py", line 182, in Run
[2023-12-08T15:30:34.526Z]         .format(cmd=cmd, log=os.path.abspath(context.logFileLocation)))
[2023-12-08T15:30:34.526Z]     RuntimeError: Failed to run 'cmake -DCMAKE_INSTALL_PREFIX="W:\install\RelWithDebInfo\MayaUSD" -DCMAKE_BUILD_TYPE=RelWithDebInfo -DCMAKE_EXPORT_COMPILE_COMMANDS=ON -G "Ninja" -DMAYA_LOCATION="P:\shared\Artifactory\Windows\rundev-2022\202312061106\runtime\d4cc9de\runTime" -DPXR_USD_LOCATION="P:\shared\Artifactory\Windows\USD\84f2fc3" -DMAYA_DEVKIT_LOCATION="P:\shared\Artifactory\Windows\rundev-2022\202312061106\runtime\d4cc9de\devkitBase" -DCMAKE_WANT_MATERIALX_BUILD=ON -DCMAKE_PREFIX_PATH="P:\shared\Artifactory\Windows\USD\84f2fc3" -DMAYAUSD_DEFINE_BOOST_DEBUG_PYTHON_FLAG=OFF -DCMAKE_MAKE_PROGRAM=P:/shared/Artifactory/Windows/ninja/1.10.2/ccacdf8/ninja.exe -DPYTHON_INCLUDE_DIR=P:/shared/Artifactory/Windows/rundev-2022/202312061106/runtime/d4cc9de/runTime/include/Python37/Python -DPython_EXECUTABLE=P:/shared/Artifactory/Windows/rundev-2022/202312061106/runtime/d4cc9de/runTime/bin/mayapy.exe -DPYTHON_LIBRARIES=P:/shared/Artifactory/Windows/rundev-2022/202312061106/runtime/d4cc9de/runTime/lib/python37.lib -DBUILD_WITH_PYTHON_3=ON -DUSD_LIB_PREFIX= -DBUILD_HDMAYA=OFF "S:\jenkins\workspace\ECP\ecg-maya-usd\ecg-mayausd-branch-preflight-2022-python3-windows\ecg-maya-usd\maya-usd"'
[2023-12-08T15:30:34.526Z]     See W:\build\RelWithDebInfo\build_log.txt for more details.
[2023-12-08T15:30:34.526Z] build.py: error: Command failed with error code: 1
[Pipeline] bat
[2023-12-08T15:30:35.129Z] Deleting alias drive W:
[Pipeline] bat
[2023-12-08T15:30:35.731Z] Deleting alias drive P:
[Pipeline] }
[Pipeline] // withEnv
[Pipeline] }
[Pipeline] // timeout
[Pipeline] }
[Pipeline] // stage
[Pipeline] }
[Pipeline] // timestamps
[Pipeline] emailextrecipients
Not sending mail to user ecg.jenkins@autodesk.com with no permission to view ECP » ecg-maya-usd » MayaUsd [Python 3] - Branch - Maya 2022 - Preflight (Windows) #1479Not sending mail to user ecg.jenkins@autodesk.com with no permission to view ECP » ecg-maya-usd » MayaUsd [Python 3] - Branch - Maya 2022 - Preflight (Windows) #1479[Pipeline] echo
No recipients to send notification.
[Pipeline] }
[Pipeline] // node
[Pipeline] End of Pipeline
ERROR: script returned exit code 1
[Checks API] No suitable checks publisher found.
Finished: FAILURE
