[2023-12-08T15:29:41.517Z] ================================================================================
[2023-12-08T15:29:41.517Z]                              setup (RelWithDebInfo)
[2023-12-08T15:29:41.517Z] ================================================================================
[Pipeline] }
[Pipeline] // withEnv
[Pipeline] }
[Pipeline] // timeout
[Pipeline] }
[Pipeline] // stage
[Pipeline] }
[Pipeline] // timestamps
[Pipeline] timestamps
[Pipeline] {
[Pipeline] stage
[Pipeline] { (Clean)
[Pipeline] timeout
[2023-12-08T15:29:41.905Z] Timeout set to expire in 6 hr 0 min
[Pipeline] {
[Pipeline] withEnv
[Pipeline] {
[Pipeline] sh
[2023-12-08T15:29:43.130Z] + python ecg-maya-usd/build.py --stages=clean --workspace-dir=/local/S/jenkins/workspace/ECP/ecg-maya-usd/ecg-mayausd-branch-preflight-2023-python3-osx --artifactory-dir=/local/S/jenkins/workspace/shared/Artifactory --build-dir=/local/S/jenkins/workspace/ECP/ecg-maya-usd/ecg-mayausd-branch-preflight-2023-python3-osx/build --install-dir=/local/S/jenkins/workspace/ECP/ecg-maya-usd/ecg-mayausd-branch-preflight-2023-python3-osx/install --signing-dir=/local/S/jenkins/workspace/ECP/ecg-maya-usd/ecg-mayausd-branch-preflight-2023-python3-osx/signing --package-dir=/local/S/jenkins/workspace/ECP/ecg-maya-usd/ecg-mayausd-branch-preflight-2023-python3-osx/package --output-dir=/local/S/jenkins/workspace/ECP/ecg-maya-usd/ecg-mayausd-branch-preflight-2023-python3-osx/output --stash-dir=/local/S/jenkins/workspace/ECP/ecg-maya-usd/ecg-mayausd-branch-preflight-2023-python3-osx/stash --jenkins-build=1479 --git-commit=7c338191c9964a987a5054d1f1e50dd232c2476c --git-branch=master --variants=RelWithDebInfo --python=3.9 --post-zips=false --maya-cut-config=maya-rundev-2023.yaml --maya-package=rundev-2023 --stage-banner
[2023-12-08T15:29:43.678Z] Using Maya cut from /local/S/jenkins/workspace/shared/Artifactory/OSX/rundev-2023/202211021031/runtime/6a1249c
[2023-12-08T15:29:43.678Z] Using Maya ADSK Signatures from /local/S/jenkins/workspace/shared/Artifactory/OSX/adsk-plugin-signatures-maya/2023/3ae1ae7
[2023-12-08T15:29:43.678Z] Using Maya Security Library from /local/S/jenkins/workspace/shared/Artifactory/OSX/maya-security-library/3.1.0/5f2130f
[2023-12-08T15:29:43.678Z] 
[2023-12-08T15:29:43.678Z] ================================================================================
[2023-12-08T15:29:43.678Z]                              clean (RelWithDebInfo)
[2023-12-08T15:29:43.678Z] ================================================================================
[2023-12-08T15:29:43.678Z] Maya Python RelWithDebInfo Info:
[2023-12-08T15:29:43.678Z]   mayapy executable   = /local/S/jenkins/workspace/shared/Artifactory/OSX/rundev-2023/202211021031/runtime/6a1249c/runTime/Maya.app/Contents/bin/mayapy
[2023-12-08T15:29:43.678Z]   Include Folder      = /local/S/jenkins/workspace/shared/Artifactory/OSX/rundev-2023/202211021031/runtime/6a1249c/runTime/Maya.app/Contents/Frameworks/Python.framework/Versions/Current/include/python3.9
[2023-12-08T15:29:43.678Z]   Library             = /local/S/jenkins/workspace/shared/Artifactory/OSX/rundev-2023/202211021031/runtime/6a1249c/runTime/Maya.app/Contents/Frameworks/Python.framework/Versions/Current/lib/libpython3.9.dylib
[2023-12-08T15:29:43.678Z]   site-package Folder = /local/S/jenkins/workspace/shared/Artifactory/OSX/rundev-2023/202211021031/runtime/6a1249c/runTime/Maya.app/Contents/Frameworks/Python.framework/Versions/Current/lib/python3.9/site-packages
[2023-12-08T15:29:43.678Z] In workdir: /local/S/jenkins/workspace/ECP/ecg-maya-usd/ecg-mayausd-branch-preflight-2023-python3-osx/ecg-maya-usd/maya-usd
[2023-12-08T15:29:43.678Z] Executing: /local/S/jenkins/workspace/shared/Artifactory/OSX/rundev-2023/202211021031/runtime/6a1249c/runTime/Maya.app/Contents/bin/mayapy /local/S/jenkins/workspace/ECP/ecg-maya-usd/ecg-mayausd-branch-preflight-2023-python3-osx/ecg-maya-usd/maya-usd/build.py --generator Ninja --build-relwithdebug --maya-location /local/S/jenkins/workspace/shared/Artifactory/OSX/rundev-2023/202211021031/runtime/6a1249c/runTime --devkit-location /local/S/jenkins/workspace/shared/Artifactory/OSX/rundev-2023/202211021031/runtime/6a1249c/devkitBase --pxrusd-location /local/S/jenkins/workspace/shared/Artifactory/OSX/USD/89d1898 --materialx --build-args=-DCMAKE_MAKE_PROGRAM=/local/S/jenkins/workspace/shared/Artifactory/OSX/ninja/1.10.2/95d0ca5/ninja,-DPYTHON_INCLUDE_DIR=/local/S/jenkins/workspace/shared/Artifactory/OSX/rundev-2023/202211021031/runtime/6a1249c/runTime/Maya.app/Contents/Frameworks/Python.framework/Versions/Current/include/python3.9,-DPython_EXECUTABLE=/local/S/jenkins/workspace/shared/Artifactory/OSX/rundev-2023/202211021031/runtime/6a1249c/runTime/Maya.app/Contents/bin/mayapy,-DPYTHON_LIBRARIES=/local/S/jenkins/workspace/shared/Artifactory/OSX/rundev-2023/202211021031/runtime/6a1249c/runTime/Maya.app/Contents/Frameworks/Python.framework/Versions/Current/lib/libpython3.9.dylib,-DBUILD_WITH_PYTHON_3=ON,-DBUILD_WITH_PYTHON_3_VERSION=3.9,-DUSD_LIB_PREFIX=lib,-DBUILD_HDMAYA=OFF '--ctest-args=-E testUsdReferenceAssemblySelection|testUsdMayaAppDir,-LE interactive,--parallel 4' --stages=clean --redirect-outstream-file=False --install-location /local/S/jenkins/workspace/ECP/ecg-maya-usd/ecg-mayausd-branch-preflight-2023-python3-osx/install/RelWithDebInfo/MayaUSD /local/S/jenkins/workspace/ECP/ecg-maya-usd/ecg-mayausd-branch-preflight-2023-python3-osx
[2023-12-08T15:29:43.678Z] Modified environment variables:
[2023-12-08T15:29:43.678Z]     PATH=/local/S/jenkins/workspace/shared/Artifactory/OSX/cmake/3.20.3/2594509/bin:/usr/local/bin:/bin:/usr/sbin:/sbin:/usr/bin
[2023-12-08T15:29:43.899Z]     
[2023-12-08T15:29:43.899Z]         Building with settings:
[2023-12-08T15:29:43.899Z]           Source directory          /local/S/jenkins/workspace/ECP/ecg-maya-usd/ecg-mayausd-branch-preflight-2023-python3-osx/ecg-maya-usd/maya-usd
[2023-12-08T15:29:43.899Z]           Workspace directory       /local/S/jenkins/workspace/ECP/ecg-maya-usd/ecg-mayausd-branch-preflight-2023-python3-osx
[2023-12-08T15:29:43.899Z]           Build directory           /local/S/jenkins/workspace/ECP/ecg-maya-usd/ecg-mayausd-branch-preflight-2023-python3-osx/build/RelWithDebInfo
[2023-12-08T15:29:43.899Z]           Install directory         /local/S/jenkins/workspace/ECP/ecg-maya-usd/ecg-mayausd-branch-preflight-2023-python3-osx/install/RelWithDebInfo/MayaUSD
[2023-12-08T15:29:43.899Z]           Variant                   RelWithDebInfo
[2023-12-08T15:29:43.899Z]           Python Debug              Off
[2023-12-08T15:29:43.899Z]           CMake generator           Ninja
[2023-12-08T15:29:43.899Z]           Build arguments           ['-DCMAKE_MAKE_PROGRAM=/local/S/jenkins/workspace/shared/Artifactory/OSX/ninja/1.10.2/95d0ca5/ninja', '-DPYTHON_INCLUDE_DIR=/local/S/jenkins/workspace/shared/Artifactory/OSX/rundev-2023/202211021031/runtime/6a1249c/runTime/Maya.app/Contents/Frameworks/Python.framework/Versions/Current/include/python3.9', '-DPython_EXECUTABLE=/local/S/jenkins/workspace/shared/Artifactory/OSX/rundev-2023/202211021031/runtime/6a1249c/runTime/Maya.app/Contents/bin/mayapy', '-DPYTHON_LIBRARIES=/local/S/jenkins/workspace/shared/Artifactory/OSX/rundev-2023/202211021031/runtime/6a1249c/runTime/Maya.app/Contents/Frameworks/Python.framework/Versions/Current/lib/libpython3.9.dylib', '-DBUILD_WITH_PYTHON_3=ON', '-DBUILD_WITH_PYTHON_3_VERSION=3.9', '-DUSD_LIB_PREFIX=lib', '-DBUILD_HDMAYA=OFF']
[2023-12-08T15:29:43.899Z]           Stages arguments          ['clean']
[2023-12-08T15:29:43.899Z]           CTest arguments           ['-E testUsdReferenceAssemblySelection|testUsdMayaAppDir', '-LE interactive', '--parallel 4']
[2023-12-08T15:29:43.899Z]     Success MayaUSD build and install !!!!
[2023-12-08T15:29:43.899Z]     Elapsed time: 00:00:00
[Pipeline] }
[Pipeline] // withEnv
[Pipeline] }
[Pipeline] // timeout
[Pipeline] }
[Pipeline] // stage
[Pipeline] }
[Pipeline] // timestamps
[Pipeline] timestamps
[Pipeline] {
[Pipeline] stage
[Pipeline] { (Configure)
[Pipeline] timeout
[2023-12-08T15:29:44.034Z] Timeout set to expire in 6 hr 0 min
[Pipeline] {
[Pipeline] withEnv
[Pipeline] {
[Pipeline] sh
[2023-12-08T15:29:45.234Z] + python ecg-maya-usd/build.py --stages=configure --workspace-dir=/local/S/jenkins/workspace/ECP/ecg-maya-usd/ecg-mayausd-branch-preflight-2023-python3-osx --artifactory-dir=/local/S/jenkins/workspace/shared/Artifactory --build-dir=/local/S/jenkins/workspace/ECP/ecg-maya-usd/ecg-mayausd-branch-preflight-2023-python3-osx/build --install-dir=/local/S/jenkins/workspace/ECP/ecg-maya-usd/ecg-mayausd-branch-preflight-2023-python3-osx/install --signing-dir=/local/S/jenkins/workspace/ECP/ecg-maya-usd/ecg-mayausd-branch-preflight-2023-python3-osx/signing --package-dir=/local/S/jenkins/workspace/ECP/ecg-maya-usd/ecg-mayausd-branch-preflight-2023-python3-osx/package --output-dir=/local/S/jenkins/workspace/ECP/ecg-maya-usd/ecg-mayausd-branch-preflight-2023-python3-osx/output --stash-dir=/local/S/jenkins/workspace/ECP/ecg-maya-usd/ecg-mayausd-branch-preflight-2023-python3-osx/stash --jenkins-build=1479 --git-commit=7c338191c9964a987a5054d1f1e50dd232c2476c --git-branch=master --variants=RelWithDebInfo --python=3.9 --post-zips=false --maya-cut-config=maya-rundev-2023.yaml --maya-package=rundev-2023 --stage-banner
[2023-12-08T15:29:45.779Z] Using Maya cut from /local/S/jenkins/workspace/shared/Artifactory/OSX/rundev-2023/202211021031/runtime/6a1249c
[2023-12-08T15:29:45.779Z] Using Maya ADSK Signatures from /local/S/jenkins/workspace/shared/Artifactory/OSX/adsk-plugin-signatures-maya/2023/3ae1ae7
[2023-12-08T15:29:45.779Z] Using Maya Security Library from /local/S/jenkins/workspace/shared/Artifactory/OSX/maya-security-library/3.1.0/5f2130f
[2023-12-08T15:29:45.779Z] 
[2023-12-08T15:29:45.779Z] ================================================================================
[2023-12-08T15:29:45.779Z]                            configure (RelWithDebInfo)
[2023-12-08T15:29:45.779Z] ================================================================================
[2023-12-08T15:29:45.779Z] Maya Python RelWithDebInfo Info:
[2023-12-08T15:29:45.779Z]   mayapy executable   = /local/S/jenkins/workspace/shared/Artifactory/OSX/rundev-2023/202211021031/runtime/6a1249c/runTime/Maya.app/Contents/bin/mayapy
[2023-12-08T15:29:45.779Z]   Include Folder      = /local/S/jenkins/workspace/shared/Artifactory/OSX/rundev-2023/202211021031/runtime/6a1249c/runTime/Maya.app/Contents/Frameworks/Python.framework/Versions/Current/include/python3.9
[2023-12-08T15:29:45.779Z]   Library             = /local/S/jenkins/workspace/shared/Artifactory/OSX/rundev-2023/202211021031/runtime/6a1249c/runTime/Maya.app/Contents/Frameworks/Python.framework/Versions/Current/lib/libpython3.9.dylib
[2023-12-08T15:29:45.779Z]   site-package Folder = /local/S/jenkins/workspace/shared/Artifactory/OSX/rundev-2023/202211021031/runtime/6a1249c/runTime/Maya.app/Contents/Frameworks/Python.framework/Versions/Current/lib/python3.9/site-packages
[2023-12-08T15:29:45.779Z] In workdir: /local/S/jenkins/workspace/ECP/ecg-maya-usd/ecg-mayausd-branch-preflight-2023-python3-osx/ecg-maya-usd/maya-usd
[2023-12-08T15:29:45.779Z] Executing: /local/S/jenkins/workspace/shared/Artifactory/OSX/rundev-2023/202211021031/runtime/6a1249c/runTime/Maya.app/Contents/bin/mayapy /local/S/jenkins/workspace/ECP/ecg-maya-usd/ecg-mayausd-branch-preflight-2023-python3-osx/ecg-maya-usd/maya-usd/build.py --generator Ninja --build-relwithdebug --maya-location /local/S/jenkins/workspace/shared/Artifactory/OSX/rundev-2023/202211021031/runtime/6a1249c/runTime --devkit-location /local/S/jenkins/workspace/shared/Artifactory/OSX/rundev-2023/202211021031/runtime/6a1249c/devkitBase --pxrusd-location /local/S/jenkins/workspace/shared/Artifactory/OSX/USD/89d1898 --materialx --build-args=-DCMAKE_MAKE_PROGRAM=/local/S/jenkins/workspace/shared/Artifactory/OSX/ninja/1.10.2/95d0ca5/ninja,-DPYTHON_INCLUDE_DIR=/local/S/jenkins/workspace/shared/Artifactory/OSX/rundev-2023/202211021031/runtime/6a1249c/runTime/Maya.app/Contents/Frameworks/Python.framework/Versions/Current/include/python3.9,-DPython_EXECUTABLE=/local/S/jenkins/workspace/shared/Artifactory/OSX/rundev-2023/202211021031/runtime/6a1249c/runTime/Maya.app/Contents/bin/mayapy,-DPYTHON_LIBRARIES=/local/S/jenkins/workspace/shared/Artifactory/OSX/rundev-2023/202211021031/runtime/6a1249c/runTime/Maya.app/Contents/Frameworks/Python.framework/Versions/Current/lib/libpython3.9.dylib,-DBUILD_WITH_PYTHON_3=ON,-DBUILD_WITH_PYTHON_3_VERSION=3.9,-DUSD_LIB_PREFIX=lib,-DBUILD_HDMAYA=OFF '--ctest-args=-E testUsdReferenceAssemblySelection|testUsdMayaAppDir,-LE interactive,--parallel 4' --stages=configure --redirect-outstream-file=False --install-location /local/S/jenkins/workspace/ECP/ecg-maya-usd/ecg-mayausd-branch-preflight-2023-python3-osx/install/RelWithDebInfo/MayaUSD /local/S/jenkins/workspace/ECP/ecg-maya-usd/ecg-mayausd-branch-preflight-2023-python3-osx
[2023-12-08T15:29:45.779Z] Modified environment variables:
[2023-12-08T15:29:45.779Z]     PATH=/local/S/jenkins/workspace/shared/Artifactory/OSX/cmake/3.20.3/2594509/bin:/usr/local/bin:/bin:/usr/sbin:/sbin:/usr/bin
[2023-12-08T15:29:46.495Z]     -- The C compiler identification is AppleClang 10.0.1.10010046
[2023-12-08T15:29:46.495Z]     -- The CXX compiler identification is AppleClang 10.0.1.10010046
[2023-12-08T15:29:46.495Z]     -- Detecting C compiler ABI info
[2023-12-08T15:29:46.495Z]     -- Detecting C compiler ABI info - done
[2023-12-08T15:29:46.495Z]     -- Check for working C compiler: /Applications/Xcode.app/Contents/Developer/Toolchains/XcodeDefault.xctoolchain/usr/bin/cc - skipped
[2023-12-08T15:29:46.495Z]     -- Detecting C compile features
[2023-12-08T15:29:46.495Z]     -- Detecting C compile features - done
[2023-12-08T15:29:46.495Z]     -- Detecting CXX compiler ABI info
[2023-12-08T15:29:46.495Z]     -- Detecting CXX compiler ABI info - done
[2023-12-08T15:29:46.495Z]     -- Check for working CXX compiler: /Applications/Xcode.app/Contents/Developer/Toolchains/XcodeDefault.xctoolchain/usr/bin/c++ - skipped
[2023-12-08T15:29:46.495Z]     -- Detecting CXX compile features
[2023-12-08T15:29:46.495Z]     -- Detecting CXX compile features - done
[2023-12-08T15:29:47.632Z]     -- Using Maya Light API Version 3
[2023-12-08T15:29:47.632Z]     -- Maya has setDefaultMaterialHandling API
[2023-12-08T15:29:47.632Z]     -- Maya has new point snapping API
[2023-12-08T15:29:47.632Z]     -- Maya has getCurrentUfeCameraPath
[2023-12-08T15:29:47.632Z]     -- Maya has isInCrashHandler API
[2023-12-08T15:29:47.632Z]     -- Maya has setUfeIdentifiers API
[2023-12-08T15:29:47.632Z]     -- Maya has updateUfeIdentifiers API
[2023-12-08T15:29:47.632Z]     -- Maya has getDisplayStyleOfAllViewports API
[2023-12-08T15:29:47.632Z]     -- Maya array iterator has difference_type trait
[2023-12-08T15:29:47.632Z]     -- MFnSet has getMemberPaths function
[2023-12-08T15:29:47.632Z]     -- MFnDisplayLayer exists
[2023-12-08T15:29:47.632Z]     -- MDisplayLayerMessage has MDisplayLayerMemberChangedFunction
[2023-12-08T15:29:47.632Z]     -- MRenderItem has HideOnPlayback API
[2023-12-08T15:29:47.632Z]     -- Maya has UFE gizmo drawing
[2023-12-08T15:29:47.632Z]     -- Found Maya: /local/S/jenkins/workspace/shared/Artifactory/OSX/rundev-2023/202211021031/runtime/6a1249c/runTime/maya.app/Contents/MacOS/Maya (found suitable version "2023", minimum required is "2022")
[2023-12-08T15:29:47.632Z]     -- Found Python: /local/S/jenkins/workspace/shared/Artifactory/OSX/rundev-2023/202211021031/runtime/6a1249c/runTime/Maya.app/Contents/bin/mayapy (found suitable exact version "3.9.7") found components: Interpreter
[2023-12-08T15:29:47.632Z]     -- Build MayaUSD with Python3 = ON
[2023-12-08T15:29:47.632Z]     --    PYTHON_INCLUDE_DIRS = /local/S/jenkins/workspace/shared/Artifactory/OSX/rundev-2023/202211021031/runtime/6a1249c/runTime/Maya.app/Contents/Frameworks/Python.framework/Versions/Current/include/python3.9
[2023-12-08T15:29:47.632Z]     --    PYTHON_LIBRARIES    = /local/S/jenkins/workspace/shared/Artifactory/OSX/rundev-2023/202211021031/runtime/6a1249c/runTime/Maya.app/Contents/Frameworks/Python.framework/Versions/Current/lib/libpython3.9.dylib
[2023-12-08T15:29:47.632Z]     --    Python_EXECUTABLE   = /local/S/jenkins/workspace/shared/Artifactory/OSX/rundev-2023/202211021031/runtime/6a1249c/runTime/Maya.app/Contents/bin/mayapy
[2023-12-08T15:29:48.180Z]     -- USD v0.21.11 has security patches.
[2023-12-08T15:29:48.180Z]     -- Found USD: /local/S/jenkins/workspace/shared/Artifactory/OSX/USD/89d1898 (found suitable version "0.21.11", minimum required is "0.21.11")
[2023-12-08T15:29:48.180Z]     --    USD include dir: /local/S/jenkins/workspace/shared/Artifactory/OSX/USD/89d1898/include
[2023-12-08T15:29:48.180Z]     --    USD library dir: /local/S/jenkins/workspace/shared/Artifactory/OSX/USD/89d1898/lib
[2023-12-08T15:29:48.180Z]     --    usdGenSchema: /local/S/jenkins/workspace/shared/Artifactory/OSX/USD/89d1898/bin/usdGenSchema
[2023-12-08T15:29:48.180Z]     --    USD version: 0.21.11
[2023-12-08T15:29:48.180Z]     --    Autodesk USD version: 0.21.11-ad1
[2023-12-08T15:29:48.180Z]     Updated PYTHONPATH: /local/S/jenkins/workspace/shared/Artifactory/OSX/USD/89d1898/lib/python
[2023-12-08T15:29:48.180Z]     -- Found UFE: /local/S/jenkins/workspace/shared/Artifactory/OSX/rundev-2023/202211021031/runtime/6a1249c/devkitBase/devkit/ufe/include (found suitable version "3.3.0", minimum required is "0.2.0")
[2023-12-08T15:29:48.180Z]     -- Maya has UFE lights API
[2023-12-08T15:29:48.180Z]     -- Maya has UFE scene segment API
[2023-12-08T15:29:48.180Z]     -- Maya has UFE TrieNode childrenComponents accessor
[2023-12-08T15:29:48.180Z]     -- Build MayaUsd with UFE version 3.3.0
[2023-12-08T15:29:48.180Z]     --    UFE include dir: /local/S/jenkins/workspace/shared/Artifactory/OSX/rundev-2023/202211021031/runtime/6a1249c/devkitBase/devkit/ufe/include
[2023-12-08T15:29:48.180Z]     --    UFE library: /local/S/jenkins/workspace/shared/Artifactory/OSX/rundev-2023/202211021031/runtime/6a1249c/devkitBase/devkit/ufe/lib/libufe_3.dylib
[2023-12-08T15:29:48.180Z]     --    UFE preview features: ufe
[2023-12-08T15:29:48.180Z]     -- Found MaterialX
[2023-12-08T15:29:48.180Z]     -- Using Maya Qt version 5.15.2
[2023-12-08T15:29:48.180Z]     
[2023-12-08T15:29:48.180Z]     --   Qt include path  : /local/S/jenkins/workspace/shared/Artifactory/OSX/rundev-2023/202211021031/runtime/6a1249c/devkitBase/include/qt_5.15.2-include
[2023-12-08T15:29:48.180Z]     --   moc executable   : /local/S/jenkins/workspace/shared/Artifactory/OSX/rundev-2023/202211021031/runtime/6a1249c/devkitBase/devkit/bin/moc
[2023-12-08T15:29:48.180Z]     --   uic executable   : /local/S/jenkins/workspace/shared/Artifactory/OSX/rundev-2023/202211021031/runtime/6a1249c/devkitBase/devkit/bin/uic
[2023-12-08T15:29:48.180Z]     --   rcc executable   : /local/S/jenkins/workspace/shared/Artifactory/OSX/rundev-2023/202211021031/runtime/6a1249c/devkitBase/devkit/bin/rcc
[2023-12-08T15:29:48.180Z]     --   Qt Core library: /local/S/jenkins/workspace/shared/Artifactory/OSX/rundev-2023/202211021031/runtime/6a1249c/runTime/Maya.app/Contents/MacOS/libQt5Core.dylib
[2023-12-08T15:29:48.180Z]     --   Qt Gui library: /local/S/jenkins/workspace/shared/Artifactory/OSX/rundev-2023/202211021031/runtime/6a1249c/runTime/Maya.app/Contents/MacOS/libQt5Gui.dylib
[2023-12-08T15:29:48.180Z]     --   Qt Widgets library: /local/S/jenkins/workspace/shared/Artifactory/OSX/rundev-2023/202211021031/runtime/6a1249c/runTime/Maya.app/Contents/MacOS/libQt5Widgets.dylib
[2023-12-08T15:29:48.180Z]     -- Found Qt5 in Maya devkit, building with Qt 5.15.2
[2023-12-08T15:29:48.180Z]      features enabled.
[2023-12-08T15:29:48.180Z]     -- **** Building Gulrak From Github Repository.
[2023-12-08T15:29:48.180Z]     -- Populating gulrak
[2023-12-08T15:29:48.180Z]     -- Configuring done
[2023-12-08T15:29:48.180Z]     -- Generating done
[2023-12-08T15:29:48.180Z]     -- Build files have been written to: /local/S/jenkins/workspace/ECP/ecg-maya-usd/ecg-mayausd-branch-preflight-2023-python3-osx/build/RelWithDebInfo/_deps/gulrak-subbuild
[2023-12-08T15:29:48.724Z]     [1/9] Creating directories for 'gulrak-populate'
[2023-12-08T15:29:48.724Z]     [1/9] Performing download step (git clone) for 'gulrak-populate'
[2023-12-08T15:29:48.724Z]     Cloning into 'gulrak-src'...
[2023-12-08T15:29:48.724Z]     HEAD is now at 4e21ab3 Version bump and updated readme.
[2023-12-08T15:29:49.268Z]     [2/9] Performing update step for 'gulrak-populate'
[2023-12-08T15:29:49.268Z]     [4/9] No patch step for 'gulrak-populate'
[2023-12-08T15:29:49.268Z]     [5/9] No configure step for 'gulrak-populate'
[2023-12-08T15:29:49.268Z]     [6/9] No build step for 'gulrak-populate'
[2023-12-08T15:29:49.268Z]     [7/9] No install step for 'gulrak-populate'
[2023-12-08T15:29:49.268Z]     [8/9] No test step for 'gulrak-populate'
[2023-12-08T15:29:49.268Z]     [9/9] Completed 'gulrak-populate'
[2023-12-08T15:29:49.268Z]     -- ========== Installing GoogleTest... ==========
[2023-12-08T15:29:49.268Z]     -- Configuring done
[2023-12-08T15:29:49.268Z]     -- Generating done
[2023-12-08T15:29:49.268Z]     -- Build files have been written to: /local/S/jenkins/workspace/ECP/ecg-maya-usd/ecg-mayausd-branch-preflight-2023-python3-osx/build/RelWithDebInfo/googletest-config
[2023-12-08T15:29:49.815Z]     [1/8] Creating directories for 'googletest'
[2023-12-08T15:29:51.621Z]     [2/8] Performing download step (git clone) for 'googletest'
[2023-12-08T15:29:51.621Z]     Cloning into 'googletest-src'...
[2023-12-08T15:29:51.621Z]     HEAD is now at 703bd9ca Googletest export
[2023-12-08T15:29:51.621Z]     [3/8] Performing update step for 'googletest'
[2023-12-08T15:29:51.621Z]     [4/8] No patch step for 'googletest'
[2023-12-08T15:29:52.769Z]     [5/8] Performing configure step for 'googletest'
[2023-12-08T15:29:52.769Z]     Not searching for unused variables given on the command line.
[2023-12-08T15:29:52.769Z]     CMake Deprecation Warning at CMakeLists.txt:4 (cmake_minimum_required):
[2023-12-08T15:29:52.769Z]       Compatibility with CMake < 2.8.12 will be removed from a future version of
[2023-12-08T15:29:52.769Z]       CMake.
[2023-12-08T15:29:52.769Z]     
[2023-12-08T15:29:52.769Z]       Update the VERSION argument <min> value or use a ...<max> suffix to tell
[2023-12-08T15:29:52.769Z]       CMake that the project does not need compatibility with older versions.
[2023-12-08T15:29:52.769Z]     
[2023-12-08T15:29:52.769Z]     
[2023-12-08T15:29:52.769Z]     -- The C compiler identification is AppleClang 10.0.1.10010046
[2023-12-08T15:29:52.769Z]     -- The CXX compiler identification is AppleClang 10.0.1.10010046
[2023-12-08T15:29:52.769Z]     -- Detecting C compiler ABI info
[2023-12-08T15:29:52.769Z]     -- Detecting C compiler ABI info - done
[2023-12-08T15:29:52.769Z]     -- Check for working C compiler: /Applications/Xcode.app/Contents/Developer/Toolchains/XcodeDefault.xctoolchain/usr/bin/cc - skipped
[2023-12-08T15:29:52.769Z]     -- Detecting C compile features
[2023-12-08T15:29:52.769Z]     -- Detecting C compile features - done
[2023-12-08T15:29:52.769Z]     -- Detecting CXX compiler ABI info
[2023-12-08T15:29:52.769Z]     -- Detecting CXX compiler ABI info - done
[2023-12-08T15:29:52.769Z]     -- Check for working CXX compiler: /Applications/Xcode.app/Contents/Developer/Toolchains/XcodeDefault.xctoolchain/usr/bin/c++ - skipped
[2023-12-08T15:29:52.769Z]     -- Detecting CXX compile features
[2023-12-08T15:29:52.769Z]     -- Detecting CXX compile features - done
[2023-12-08T15:29:52.769Z]     CMake Deprecation Warning at googletest/CMakeLists.txt:56 (cmake_minimum_required):
[2023-12-08T15:29:52.769Z]       Compatibility with CMake < 2.8.12 will be removed from a future version of
[2023-12-08T15:29:52.769Z]       CMake.
[2023-12-08T15:29:52.769Z]     
[2023-12-08T15:29:52.769Z]       Update the VERSION argument <min> value or use a ...<max> suffix to tell
[2023-12-08T15:29:52.769Z]       CMake that the project does not need compatibility with older versions.
[2023-12-08T15:29:52.769Z]     
[2023-12-08T15:29:52.769Z]     
[2023-12-08T15:29:52.769Z]     -- Found PythonInterp: /usr/local/bin/python (found version "2.7.15")
[2023-12-08T15:29:52.769Z]     -- Looking for pthread.h
[2023-12-08T15:29:52.769Z]     -- Looking for pthread.h - found
[2023-12-08T15:29:52.769Z]     -- Performing Test CMAKE_HAVE_LIBC_PTHREAD
[2023-12-08T15:29:52.769Z]     -- Performing Test CMAKE_HAVE_LIBC_PTHREAD - Success
[2023-12-08T15:29:52.769Z]     -- Found Threads: TRUE
[2023-12-08T15:29:52.769Z]     -- Configuring done
[2023-12-08T15:29:52.769Z]     -- Generating done
[2023-12-08T15:29:52.769Z]     -- Build files have been written to: /local/S/jenkins/workspace/ECP/ecg-maya-usd/ecg-mayausd-branch-preflight-2023-python3-osx/build/RelWithDebInfo/googletest-build
[2023-12-08T15:29:59.240Z]     [6/8] Performing build step for 'googletest'
[2023-12-08T15:29:59.240Z]     [1/4] Building CXX object googletest/CMakeFiles/gtest_main.dir/src/gtest_main.cc.o
[2023-12-08T15:29:59.240Z]     [2/4] Building CXX object googletest/CMakeFiles/gtest.dir/src/gtest-all.cc.o
[2023-12-08T15:29:59.240Z]     [3/4] Linking CXX shared library lib/libgtest.dylib
[2023-12-08T15:29:59.240Z]     [4/4] Linking CXX shared library lib/libgtest_main.dylib
[2023-12-08T15:29:59.240Z]     [7/8] Performing install step for 'googletest'
[2023-12-08T15:29:59.240Z]     [0/1] Install the project...
[2023-12-08T15:29:59.240Z]     -- Install configuration: "RelWithDebInfo"
[2023-12-08T15:29:59.240Z]     [8/8] Completed 'googletest'
[2023-12-08T15:29:59.240Z]     -- ========== ...  GoogleTest installed. ==========
[2023-12-08T15:29:59.784Z]     #################################################################################################
[2023-12-08T15:29:59.784Z]     #  USD_DISABLE_PRIM_DEFINITIONS_FOR_USDGENSCHEMA is overridden to 'true'.  Default is 'false'.  #
[2023-12-08T15:29:59.784Z]     #################################################################################################
[2023-12-08T15:29:59.784Z]     Processing schema classes:
[2023-12-08T15:29:59.784Z]     CustomRig
[2023-12-08T15:29:59.784Z]     Loading Templates from /local/S/jenkins/workspace/shared/Artifactory/OSX/USD/89d1898/lib/usd/usd/resources/codegenTemplates
[2023-12-08T15:29:59.784Z]     	unchanged /local/S/jenkins/workspace/ECP/ecg-maya-usd/ecg-mayausd-branch-preflight-2023-python3-osx/ecg-maya-usd/maya-usd/test/lib/mayaUsd/fileio/UsdCustomRigSchema/plugInfo.json
[2023-12-08T15:29:59.784Z]     Generating Schematics:
[2023-12-08T15:29:59.784Z]     	unchanged /local/S/jenkins/workspace/ECP/ecg-maya-usd/ecg-mayausd-branch-preflight-2023-python3-osx/ecg-maya-usd/maya-usd/test/lib/mayaUsd/fileio/UsdCustomRigSchema/generatedSchema.usda
[2023-12-08T15:29:59.784Z]     -- USD_HAS_COLOR4_SDR_SUPPORT is FALSE
[2023-12-08T15:29:59.784Z]     -- MAYA_HAS_DISPLAY_LAYER_API is TRUE
[2023-12-08T15:29:59.784Z]     -- promoting: /local/S/jenkins/workspace/ECP/ecg-maya-usd/ecg-mayausd-branch-preflight-2023-python3-osx/ecg-maya-usd/maya-usd/lib/usdUfe/base/usdUfe.h.src
[2023-12-08T15:29:59.784Z]     -- promoting: /local/S/jenkins/workspace/ECP/ecg-maya-usd/ecg-mayausd-branch-preflight-2023-python3-osx/ecg-maya-usd/maya-usd/lib/usdUfe/base/api.h
[2023-12-08T15:29:59.784Z]     -- promoting: /local/S/jenkins/workspace/ECP/ecg-maya-usd/ecg-mayausd-branch-preflight-2023-python3-osx/ecg-maya-usd/maya-usd/lib/usdUfe/base/debugCodes.h
[2023-12-08T15:29:59.784Z]     -- promoting: /local/S/jenkins/workspace/ECP/ecg-maya-usd/ecg-mayausd-branch-preflight-2023-python3-osx/ecg-maya-usd/maya-usd/lib/usdUfe/base/tokens.h
[2023-12-08T15:29:59.784Z]     CMake Error at lib/usdUfe/ufe/CMakeLists.txt:48 (if):
[2023-12-08T15:29:59.784Z]       if given arguments:
[2023-12-08T15:29:59.784Z]     
[2023-12-08T15:29:59.784Z]         "GREATER_EQUAL" "5015"
[2023-12-08T15:29:59.784Z]     
[2023-12-08T15:29:59.784Z]       Unknown arguments specified
[2023-12-08T15:29:59.785Z]     
[2023-12-08T15:29:59.785Z]     
[2023-12-08T15:29:59.785Z]     -- Configuring incomplete, errors occurred!
[2023-12-08T15:29:59.785Z]     See also "/local/S/jenkins/workspace/ECP/ecg-maya-usd/ecg-mayausd-branch-preflight-2023-python3-osx/build/RelWithDebInfo/CMakeFiles/CMakeOutput.log".
[2023-12-08T15:29:59.785Z]     
[2023-12-08T15:29:59.785Z]         Building with settings:
[2023-12-08T15:29:59.785Z]           Source directory          /local/S/jenkins/workspace/ECP/ecg-maya-usd/ecg-mayausd-branch-preflight-2023-python3-osx/ecg-maya-usd/maya-usd
[2023-12-08T15:29:59.785Z]           Workspace directory       /local/S/jenkins/workspace/ECP/ecg-maya-usd/ecg-mayausd-branch-preflight-2023-python3-osx
[2023-12-08T15:29:59.785Z]           Build directory           /local/S/jenkins/workspace/ECP/ecg-maya-usd/ecg-mayausd-branch-preflight-2023-python3-osx/build/RelWithDebInfo
[2023-12-08T15:29:59.785Z]           Install directory         /local/S/jenkins/workspace/ECP/ecg-maya-usd/ecg-mayausd-branch-preflight-2023-python3-osx/install/RelWithDebInfo/MayaUSD
[2023-12-08T15:29:59.785Z]           Variant                   RelWithDebInfo
[2023-12-08T15:29:59.785Z]           Python Debug              Off
[2023-12-08T15:29:59.785Z]           CMake generator           Ninja
[2023-12-08T15:29:59.785Z]           Build arguments           ['-DCMAKE_MAKE_PROGRAM=/local/S/jenkins/workspace/shared/Artifactory/OSX/ninja/1.10.2/95d0ca5/ninja', '-DPYTHON_INCLUDE_DIR=/local/S/jenkins/workspace/shared/Artifactory/OSX/rundev-2023/202211021031/runtime/6a1249c/runTime/Maya.app/Contents/Frameworks/Python.framework/Versions/Current/include/python3.9', '-DPython_EXECUTABLE=/local/S/jenkins/workspace/shared/Artifactory/OSX/rundev-2023/202211021031/runtime/6a1249c/runTime/Maya.app/Contents/bin/mayapy', '-DPYTHON_LIBRARIES=/local/S/jenkins/workspace/shared/Artifactory/OSX/rundev-2023/202211021031/runtime/6a1249c/runTime/Maya.app/Contents/Frameworks/Python.framework/Versions/Current/lib/libpython3.9.dylib', '-DBUILD_WITH_PYTHON_3=ON', '-DBUILD_WITH_PYTHON_3_VERSION=3.9', '-DUSD_LIB_PREFIX=lib', '-DBUILD_HDMAYA=OFF']
[2023-12-08T15:29:59.785Z]           Stages arguments          ['configure']
[2023-12-08T15:29:59.785Z]           CTest arguments           ['-E testUsdReferenceAssemblySelection|testUsdMayaAppDir', '-LE interactive', '--parallel 4']
[2023-12-08T15:29:59.785Z]     STATUS: Found Maya Qt headers in: /local/S/jenkins/workspace/shared/Artifactory/OSX/rundev-2023/202211021031/runtime/6a1249c/devkitBase
[2023-12-08T15:29:59.785Z]     #####################################################################################
[2023-12-08T15:29:59.785Z]     log date: 2023-12-08 07:29
[2023-12-08T15:29:59.785Z]     commit sha: eb1cc0f1fb2f6323e7be1c11958a638c5d3609ee
[2023-12-08T15:29:59.785Z]     commit date: Fri Dec 8 09:54:36 2023 -0500
[2023-12-08T15:29:59.785Z]     #####################################################################################
[2023-12-08T15:29:59.785Z]     
[2023-12-08T15:29:59.785Z]     cmake -DCMAKE_INSTALL_PREFIX="/local/S/jenkins/workspace/ECP/ecg-maya-usd/ecg-mayausd-branch-preflight-2023-python3-osx/install/RelWithDebInfo/MayaUSD" -DCMAKE_BUILD_TYPE=RelWithDebInfo -DCMAKE_EXPORT_COMPILE_COMMANDS=ON -G "Ninja" -DMAYA_LOCATION="/local/S/jenkins/workspace/shared/Artifactory/OSX/rundev-2023/202211021031/runtime/6a1249c/runTime" -DPXR_USD_LOCATION="/local/S/jenkins/workspace/shared/Artifactory/OSX/USD/89d1898" -DMAYA_DEVKIT_LOCATION="/local/S/jenkins/workspace/shared/Artifactory/OSX/rundev-2023/202211021031/runtime/6a1249c/devkitBase" -DCMAKE_WANT_MATERIALX_BUILD=ON -DCMAKE_PREFIX_PATH="/local/S/jenkins/workspace/shared/Artifactory/OSX/USD/89d1898" -DMAYAUSD_DEFINE_BOOST_DEBUG_PYTHON_FLAG=OFF -DCMAKE_MAKE_PROGRAM=/local/S/jenkins/workspace/shared/Artifactory/OSX/ninja/1.10.2/95d0ca5/ninja -DPYTHON_INCLUDE_DIR=/local/S/jenkins/workspace/shared/Artifactory/OSX/rundev-2023/202211021031/runtime/6a1249c/runTime/Maya.app/Contents/Frameworks/Python.framework/Versions/Current/include/python3.9 -DPython_EXECUTABLE=/local/S/jenkins/workspace/shared/Artifactory/OSX/rundev-2023/202211021031/runtime/6a1249c/runTime/Maya.app/Contents/bin/mayapy -DPYTHON_LIBRARIES=/local/S/jenkins/workspace/shared/Artifactory/OSX/rundev-2023/202211021031/runtime/6a1249c/runTime/Maya.app/Contents/Frameworks/Python.framework/Versions/Current/lib/libpython3.9.dylib -DBUILD_WITH_PYTHON_3=ON -DBUILD_WITH_PYTHON_3_VERSION=3.9 -DUSD_LIB_PREFIX=lib -DBUILD_HDMAYA=OFF "/local/S/jenkins/workspace/ECP/ecg-maya-usd/ecg-mayausd-branch-preflight-2023-python3-osx/ecg-maya-usd/maya-usd"
[2023-12-08T15:29:59.785Z]     
[2023-12-08T15:29:59.785Z]     Traceback (most recent call last):
[2023-12-08T15:29:59.785Z]       File "/local/S/jenkins/workspace/ECP/ecg-maya-usd/ecg-mayausd-branch-preflight-2023-python3-osx/ecg-maya-usd/maya-usd/build.py", line 779, in <module>
[2023-12-08T15:29:59.785Z]         BuildAndInstall(context, context.buildArgs, context.stagesArgs)
[2023-12-08T15:29:59.785Z]       File "/local/S/jenkins/workspace/ECP/ecg-maya-usd/ecg-mayausd-branch-preflight-2023-python3-osx/ecg-maya-usd/maya-usd/build.py", line 536, in BuildAndInstall
[2023-12-08T15:29:59.785Z]         RunCMake(context, extraArgs, stagesArgs)
[2023-12-08T15:29:59.785Z]       File "/local/S/jenkins/workspace/ECP/ecg-maya-usd/ecg-mayausd-branch-preflight-2023-python3-osx/ecg-maya-usd/maya-usd/build.py", line 289, in RunCMake
[2023-12-08T15:29:59.785Z]         Run(context,
[2023-12-08T15:29:59.785Z]       File "/local/S/jenkins/workspace/ECP/ecg-maya-usd/ecg-mayausd-branch-preflight-2023-python3-osx/ecg-maya-usd/maya-usd/build.py", line 181, in Run
[2023-12-08T15:29:59.785Z]         raise RuntimeError("Failed to run '{cmd}'\nSee {log} for more details."
[2023-12-08T15:29:59.785Z]     RuntimeError: Failed to run 'cmake -DCMAKE_INSTALL_PREFIX="/local/S/jenkins/workspace/ECP/ecg-maya-usd/ecg-mayausd-branch-preflight-2023-python3-osx/install/RelWithDebInfo/MayaUSD" -DCMAKE_BUILD_TYPE=RelWithDebInfo -DCMAKE_EXPORT_COMPILE_COMMANDS=ON -G "Ninja" -DMAYA_LOCATION="/local/S/jenkins/workspace/shared/Artifactory/OSX/rundev-2023/202211021031/runtime/6a1249c/runTime" -DPXR_USD_LOCATION="/local/S/jenkins/workspace/shared/Artifactory/OSX/USD/89d1898" -DMAYA_DEVKIT_LOCATION="/local/S/jenkins/workspace/shared/Artifactory/OSX/rundev-2023/202211021031/runtime/6a1249c/devkitBase" -DCMAKE_WANT_MATERIALX_BUILD=ON -DCMAKE_PREFIX_PATH="/local/S/jenkins/workspace/shared/Artifactory/OSX/USD/89d1898" -DMAYAUSD_DEFINE_BOOST_DEBUG_PYTHON_FLAG=OFF -DCMAKE_MAKE_PROGRAM=/local/S/jenkins/workspace/shared/Artifactory/OSX/ninja/1.10.2/95d0ca5/ninja -DPYTHON_INCLUDE_DIR=/local/S/jenkins/workspace/shared/Artifactory/OSX/rundev-2023/202211021031/runtime/6a1249c/runTime/Maya.app/Contents/Frameworks/Python.framework/Versions/Current/include/python3.9 -DPython_EXECUTABLE=/local/S/jenkins/workspace/shared/Artifactory/OSX/rundev-2023/202211021031/runtime/6a1249c/runTime/Maya.app/Contents/bin/mayapy -DPYTHON_LIBRARIES=/local/S/jenkins/workspace/shared/Artifactory/OSX/rundev-2023/202211021031/runtime/6a1249c/runTime/Maya.app/Contents/Frameworks/Python.framework/Versions/Current/lib/libpython3.9.dylib -DBUILD_WITH_PYTHON_3=ON -DBUILD_WITH_PYTHON_3_VERSION=3.9 -DUSD_LIB_PREFIX=lib -DBUILD_HDMAYA=OFF "/local/S/jenkins/workspace/ECP/ecg-maya-usd/ecg-mayausd-branch-preflight-2023-python3-osx/ecg-maya-usd/maya-usd"'
[2023-12-08T15:29:59.785Z]     See /local/S/jenkins/workspace/ECP/ecg-maya-usd/ecg-mayausd-branch-preflight-2023-python3-osx/build/RelWithDebInfo/build_log.txt for more details.
[2023-12-08T15:29:59.785Z] build.py: error: Command failed with error code: 1
[Pipeline] }
[Pipeline] // withEnv
[Pipeline] }
[Pipeline] // timeout
[Pipeline] }
[Pipeline] // stage
[Pipeline] }
[Pipeline] // timestamps
[Pipeline] emailextrecipients
Not sending mail to user ecg.jenkins@autodesk.com with no permission to view ECP » ecg-maya-usd » MayaUsd [Python 3] - Branch - Maya 2023 - Preflight (OSX) #1479Not sending mail to user ecg.jenkins@autodesk.com with no permission to view ECP » ecg-maya-usd » MayaUsd [Python 3] - Branch - Maya 2023 - Preflight (OSX) #1479[Pipeline] echo
No recipients to send notification.
[Pipeline] }
[Pipeline] // node
[Pipeline] End of Pipeline
ERROR: script returned exit code 1
[Checks API] No suitable checks publisher found.
Finished: FAILURE
