[2024-01-19T13:29:15.828Z] ================================================================================
[2024-01-19T13:29:15.828Z]                                  setup (Debug)
[2024-01-19T13:29:15.828Z] ================================================================================
[Pipeline] bat
[2024-01-19T13:29:16.417Z] Deleting alias drive W:
[Pipeline] bat
[2024-01-19T13:29:17.002Z] Deleting alias drive P:
[Pipeline] bat
[2024-01-19T13:29:17.609Z] Creating alias drive P: to S:\jenkins\workspace
[Pipeline] bat
[2024-01-19T13:29:18.199Z] Creating alias drive W: to S:\Jenkins\workspace\ECP\ecg-maya-hydra\ecg-maya-hydra-branch-preflight-python3-windows
[Pipeline] bat
[2024-01-19T13:29:18.944Z] "C:\Program Files\Microsoft Visual Studio\2022\Professional\VC\Auxiliary\Build\vcvarsall.bat" x64
[2024-01-19T13:29:19.275Z] **********************************************************************
[2024-01-19T13:29:19.275Z] ** Visual Studio 2022 Developer Command Prompt v17.3.2
[2024-01-19T13:29:19.275Z] ** Copyright (c) 2022 Microsoft Corporation
[2024-01-19T13:29:19.275Z] **********************************************************************
[2024-01-19T13:29:20.426Z] [vcvarsall.bat] Environment initialized for: 'x64'
[2024-01-19T13:29:20.426Z] python ecg-maya-hydra/build.py --stages=setup --workspace-dir=W:\ --artifactory-dir=P:\shared\Artifactory --build-dir=W:\build --install-dir=W:\install --signing-dir=W:\signing --package-dir=W:\package --output-dir=W:\output --stash-dir=W:\stash --jenkins-build=467 --git-commit=b68fde7671223455c11e3af06432e26844954abe --git-branch=master --variants=RelWithDebInfo --interactive-tests=true --post-zips=false --extra-license-file=ecg-maya-hydra/jenkins-o03-cot/melicense.lic --prune-versions=3 --prune-revisions=3 --maya-cut-config=maya-rundev-master.yaml --maya-package=rundev-master --stage-banner --prune-artifacts --force-pruning
[2024-01-19T13:29:21.579Z] ('config_file', 'S:\\Jenkins\\workspace\\ECP\\ecg-maya-hydra\\ecg-maya-hydra-branch-preflight-python3-windows\\ecg-maya-hydra\\maya-rundev-master.yaml')
[2024-01-19T13:29:21.579Z] Getting rundev-master download URL from Maya SHA-1 hash
[2024-01-19T13:29:21.579Z] Finding Artifactory servers response times
[2024-01-19T13:29:24.544Z] [VERBOSE] Start loading URL (CURL): https://art-bobcat.autodesk.com/artifactory/api/system/ping
[2024-01-19T13:29:24.544Z] [DEBUG] Running: C:\WINDOWS\system32\curl.exe -s -X GET --keepalive-time 10 --connect-timeout 60 --speed-limit 10000 --speed-time 120 --max-time 1800 --retry 5 --retry-max-time 2400 -H Connection:close https://art-bobcat.autodesk.com/artifactory/api/system/ping
[2024-01-19T13:29:24.544Z] [DEBUG] Output:
[2024-01-19T13:29:24.544Z] OK
[2024-01-19T13:29:24.544Z] [VERBOSE] End loading URL (CURL): https://art-bobcat.autodesk.com/artifactory/api/system/ping
[2024-01-19T13:29:24.544Z] [VERBOSE] Start loading URL (CURL): https://art-marmotte.autodesk.com/artifactory/api/system/ping
[2024-01-19T13:29:24.544Z] [DEBUG] Running: C:\WINDOWS\system32\curl.exe -s -X GET --keepalive-time 10 --connect-timeout 60 --speed-limit 10000 --speed-time 120 --max-time 1800 --retry 5 --retry-max-time 2400 -H Connection:close https://art-marmotte.autodesk.com/artifactory/api/system/ping
[2024-01-19T13:29:24.544Z] [DEBUG] Output:
[2024-01-19T13:29:24.544Z] OK
[2024-01-19T13:29:24.544Z] [VERBOSE] End loading URL (CURL): https://art-marmotte.autodesk.com/artifactory/api/system/ping
[2024-01-19T13:29:24.544Z] [VERBOSE] Start loading URL (CURL): https://art-bear.autodesk.com/artifactory/api/system/ping
[2024-01-19T13:29:24.544Z] [DEBUG] Running: C:\WINDOWS\system32\curl.exe -s -X GET --keepalive-time 10 --connect-timeout 60 --speed-limit 10000 --speed-time 120 --max-time 1800 --retry 5 --retry-max-time 2400 -H Connection:close https://art-bear.autodesk.com/artifactory/api/system/ping
[2024-01-19T13:29:24.544Z] [DEBUG] Output:
[2024-01-19T13:29:24.544Z] OK
[2024-01-19T13:29:24.544Z] [VERBOSE] End loading URL (CURL): https://art-bear.autodesk.com/artifactory/api/system/ping
[2024-01-19T13:29:24.544Z] [VERBOSE] Start loading URL (CURL): https://art-bobcat.autodesk.com/artifactory/api/search/checksum?repos=team-maya-generic,oss-stg-generic,team-mayausd-post-generic,autodesk-3p-generic,adsk-build-tools-generic,team-ecg-generic&sha1=1e56e20603dcacdd7312fb7b024d091c614117c6
[2024-01-19T13:29:24.544Z] [DEBUG] Running: C:\WINDOWS\system32\curl.exe -s -X GET --keepalive-time 10 --connect-timeout 60 --speed-limit 10000 --speed-time 120 --max-time 1800 --retry 5 --retry-max-time 2400 -H Connection:close -H Authorization:Basic ZWNnYmlmcm9zdDpvcGUqKjAw https://art-bobcat.autodesk.com/artifactory/api/search/checksum?repos=team-maya-generic,oss-stg-generic,team-mayausd-post-generic,autodesk-3p-generic,adsk-build-tools-generic,team-ecg-generic&sha1=1e56e20603dcacdd7312fb7b024d091c614117c6
[2024-01-19T13:29:24.544Z] [DEBUG] Output:
[2024-01-19T13:29:24.544Z] {
[2024-01-19T13:29:24.544Z]   "results" : [ {
[2024-01-19T13:29:24.544Z]     "uri" : "https://art-bobcat.autodesk.com:443/artifactory/api/storage/team-maya-generic/Maya/master/px64/2024-01-18-15-44_7da398cf77/202401181544-7da398cf77-RUNDEV.zip"
[2024-01-19T13:29:24.544Z]   } ]
[2024-01-19T13:29:24.544Z] }
[2024-01-19T13:29:24.544Z] [VERBOSE] End loading URL (CURL): https://art-bobcat.autodesk.com/artifactory/api/search/checksum?repos=team-maya-generic,oss-stg-generic,team-mayausd-post-generic,autodesk-3p-generic,adsk-build-tools-generic,team-ecg-generic&sha1=1e56e20603dcacdd7312fb7b024d091c614117c6
[2024-01-19T13:29:24.544Z] [VERBOSE] Start loading URL (CURL): https://art-bobcat.autodesk.com:443/artifactory/api/storage/team-maya-generic/Maya/master/px64/2024-01-18-15-44_7da398cf77/202401181544-7da398cf77-RUNDEV.zip
[2024-01-19T13:29:24.544Z] [DEBUG] Running: C:\WINDOWS\system32\curl.exe -s -X GET --keepalive-time 10 --connect-timeout 60 --speed-limit 10000 --speed-time 120 --max-time 1800 --retry 5 --retry-max-time 2400 -H Connection:close -H Authorization:Basic ZWNnYmlmcm9zdDpvcGUqKjAw https://art-bobcat.autodesk.com:443/artifactory/api/storage/team-maya-generic/Maya/master/px64/2024-01-18-15-44_7da398cf77/202401181544-7da398cf77-RUNDEV.zip
[2024-01-19T13:29:24.544Z] [DEBUG] Output:
[2024-01-19T13:29:24.544Z] {
[2024-01-19T13:29:24.544Z]   "repo" : "team-maya-generic",
[2024-01-19T13:29:24.544Z]   "path" : "/Maya/master/px64/2024-01-18-15-44_7da398cf77/202401181544-7da398cf77-RUNDEV.zip",
[2024-01-19T13:29:24.544Z]   "created" : "2024-01-18T17:50:59.320-08:00",
[2024-01-19T13:29:24.545Z]   "createdBy" : "svc_aad_p_mescm",
[2024-01-19T13:29:24.545Z]   "lastModified" : "2024-01-18T17:43:20.157-08:00",
[2024-01-19T13:29:24.545Z]   "modifiedBy" : "svc_aad_p_mescm",
[2024-01-19T13:29:24.545Z]   "lastUpdated" : "2024-01-18T17:50:59.321-08:00",
[2024-01-19T13:29:24.545Z]   "downloadUri" : "https://art-bobcat.autodesk.com:443/artifactory/team-maya-generic/Maya/master/px64/2024-01-18-15-44_7da398cf77/202401181544-7da398cf77-RUNDEV.zip",
[2024-01-19T13:29:24.545Z]   "mimeType" : "application/zip",
[2024-01-19T13:29:24.545Z]   "size" : "2548406300",
[2024-01-19T13:29:24.545Z]   "checksums" : {
[2024-01-19T13:29:24.545Z]     "sha1" : "1e56e20603dcacdd7312fb7b024d091c614117c6",
[2024-01-19T13:29:24.545Z]     "md5" : "bc4dbc58818a67d8d8418181fbad8e9e",
[2024-01-19T13:29:24.545Z]     "sha256" : "e2ab2abf78f7eed44c3ea2db87fa3544aef57d246486490eaa6710f5ee1adc3b"
[2024-01-19T13:29:24.545Z]   },
[2024-01-19T13:29:24.545Z]   "originalChecksums" : {
[2024-01-19T13:29:24.545Z]     "sha1" : "1e56e20603dcacdd7312fb7b024d091c614117c6",
[2024-01-19T13:29:24.545Z]     "md5" : "bc4dbc58818a67d8d8418181fbad8e9e",
[2024-01-19T13:29:24.545Z]     "sha256" : "e2ab2abf78f7eed44c3ea2db87fa3544aef57d246486490eaa6710f5ee1adc3b"
[2024-01-19T13:29:24.545Z]   },
[2024-01-19T13:29:24.545Z]   "uri" : "https://art-bobcat.autodesk.com:443/artifactory/api/storage/team-maya-generic/Maya/master/px64/2024-01-18-15-44_7da398cf77/202401181544-7da398cf77-RUNDEV.zip"
[2024-01-19T13:29:24.545Z] }
[2024-01-19T13:29:24.545Z] [VERBOSE] End loading URL (CURL): https://art-bobcat.autodesk.com:443/artifactory/api/storage/team-maya-generic/Maya/master/px64/2024-01-18-15-44_7da398cf77/202401181544-7da398cf77-RUNDEV.zip
[2024-01-19T13:29:24.545Z] Using Maya cut from P:\shared\Artifactory\Windows\rundev-master\202401181544\runtime\1e56e20\runTime
[2024-01-19T13:29:24.545Z] Using Maya ADSK Signatures from P:\shared\Artifactory\Windows\adsk-plugin-signatures-maya\2023\3ae1ae7
[2024-01-19T13:29:24.545Z] Using Maya Security Library from P:\shared\Artifactory\Windows\maya-security-library\3.4.0\284407f
[2024-01-19T13:29:24.545Z] 
[2024-01-19T13:29:24.545Z] ================================================================================
[2024-01-19T13:29:24.545Z]                              setup (RelWithDebInfo)
[2024-01-19T13:29:24.545Z] ================================================================================
[Pipeline] bat
[2024-01-19T13:29:25.130Z] Deleting alias drive W:
[Pipeline] bat
[2024-01-19T13:29:25.706Z] Deleting alias drive P:
[Pipeline] }
[Pipeline] // withEnv
[Pipeline] }
[Pipeline] // timeout
[Pipeline] }
[Pipeline] // stage
[Pipeline] }
[Pipeline] // timestamps
[Pipeline] timestamps
[Pipeline] {
[Pipeline] stage
[Pipeline] { (Clean)
[Pipeline] timeout
[2024-01-19T13:29:25.937Z] Timeout set to expire in 6 hr 0 min
[Pipeline] {
[Pipeline] withEnv
[Pipeline] {
[Pipeline] bat
[2024-01-19T13:29:26.507Z] Creating alias drive P: to S:\jenkins\workspace
[Pipeline] bat
[2024-01-19T13:29:27.099Z] Creating alias drive W: to S:\Jenkins\workspace\ECP\ecg-maya-hydra\ecg-maya-hydra-branch-preflight-python3-windows
[Pipeline] bat
[2024-01-19T13:29:27.819Z] "C:\Program Files\Microsoft Visual Studio\2022\Professional\VC\Auxiliary\Build\vcvarsall.bat" x64
[2024-01-19T13:29:28.151Z] **********************************************************************
[2024-01-19T13:29:28.151Z] ** Visual Studio 2022 Developer Command Prompt v17.3.2
[2024-01-19T13:29:28.151Z] ** Copyright (c) 2022 Microsoft Corporation
[2024-01-19T13:29:28.151Z] **********************************************************************
[2024-01-19T13:29:29.303Z] [vcvarsall.bat] Environment initialized for: 'x64'
[2024-01-19T13:29:29.303Z] python ecg-maya-hydra/build.py --stages=clean --workspace-dir=W:\ --artifactory-dir=P:\shared\Artifactory --build-dir=W:\build --install-dir=W:\install --signing-dir=W:\signing --package-dir=W:\package --output-dir=W:\output --stash-dir=W:\stash --jenkins-build=467 --git-commit=b68fde7671223455c11e3af06432e26844954abe --git-branch=master --variants=Debug --interactive-tests=true --post-zips=false --maya-cut-config=maya-rundev-master-debug.yaml --maya-package=rundev-master-debug --stage-banner
[2024-01-19T13:29:30.454Z] ('config_file', 'S:\\Jenkins\\workspace\\ECP\\ecg-maya-hydra\\ecg-maya-hydra-branch-preflight-python3-windows\\ecg-maya-hydra\\maya-rundev-master-debug.yaml')
[2024-01-19T13:29:30.454Z] Using Maya cut from P:\shared\Artifactory\Windows\rundev-master-debug\202401181544\runtime\e81c133\runTime
[2024-01-19T13:29:30.454Z] Using Maya ADSK Signatures from P:\shared\Artifactory\Windows\adsk-plugin-signatures-maya\2023\3ae1ae7
[2024-01-19T13:29:30.454Z] Using Maya Security Library from P:\shared\Artifactory\Windows\maya-security-library\3.4.0\284407f
[2024-01-19T13:29:30.454Z] 
[2024-01-19T13:29:30.454Z] ================================================================================
[2024-01-19T13:29:30.454Z]                                  clean (Debug)
[2024-01-19T13:29:30.454Z] ================================================================================
[2024-01-19T13:29:30.454Z] Maya Python Debug Info:
[2024-01-19T13:29:30.454Z]   mayapy executable   = P:\shared\Artifactory\Windows\rundev-master-debug\202401181544\runtime\e81c133\runTime\bin\mayapy.exe
[2024-01-19T13:29:30.454Z]   Include Folder      = P:\shared\Artifactory\Windows\rundev-master-debug\202401181544\runtime\e81c133\runTime\include\Python311\Python
[2024-01-19T13:29:30.454Z]   Library             = P:\shared\Artifactory\Windows\rundev-master-debug\202401181544\runtime\e81c133\runTime\lib\python311_d.lib
[2024-01-19T13:29:30.454Z]   site-package Folder = P:\shared\Artifactory\Windows\rundev-master-debug\202401181544\runtime\e81c133\runTime\Python\Lib\site-packages
[2024-01-19T13:29:33.420Z] 
[2024-01-19T13:29:33.420Z]             WARNING: The 'psutil' python package isn't installed. Thus, Peptide
[2024-01-19T13:29:33.420Z]             won't be able to determine the amount of RAM available. It will assume
[2024-01-19T13:29:33.420Z]             that your machine has only 16GB available, and will limit the number
[2024-01-19T13:29:33.420Z]             the number of link jobs being performed in parallel. This can
[2024-01-19T13:29:33.420Z]             negatively affect your build times.
[2024-01-19T13:29:33.420Z] 
[2024-01-19T13:29:33.420Z]             Please 'pip(3) install psutil' to resolve this.
[2024-01-19T13:29:33.420Z]             
[2024-01-19T13:29:33.420Z] In workdir: S:\Jenkins\workspace\ECP\ecg-maya-hydra\ecg-maya-hydra-branch-preflight-python3-windows\ecg-maya-hydra\maya-hydra
[2024-01-19T13:29:33.420Z] Executing: 'P:\\shared\\Artifactory\\Windows\\rundev-master-debug\\202401181544\\runtime\\e81c133\\runTime\\bin\\mayapy.exe' 'S:\\Jenkins\\workspace\\ECP\\ecg-maya-hydra\\ecg-maya-hydra-branch-preflight-python3-windows\\ecg-maya-hydra\\maya-hydra\\build.py' --generator Ninja --build-debug --maya-location 'P:\\shared\\Artifactory\\Windows\\rundev-master-debug\\202401181544\\runtime\\e81c133\\runTime' --devkit-location 'P:\\shared\\Artifactory\\Windows\\rundev-master-debug\\202401181544\\runtime\\e81c133\\devkitBase' --pxrusd-location 'P:\\shared\\Artifactory\\Windows\\USD\\7259920' '--build-args=-DCMAKE_MAKE_PROGRAM=P:/shared/Artifactory/Windows/ninja/1.10.2/ccacdf8/ninja.exe,-DPYTHON_INCLUDE_DIR=P:/shared/Artifactory/Windows/rundev-master-debug/202401181544/runtime/e81c133/runTime/include/Python311/Python,-DPython_EXECUTABLE=P:/shared/Artifactory/Windows/rundev-master-debug/202401181544/runtime/e81c133/runTime/bin/mayapy.exe,-DPYTHON_LIBRARIES=P:/shared/Artifactory/Windows/rundev-master-debug/202401181544/runtime/e81c133/runTime/lib/python311_d.lib,-DBUILD_WITH_PYTHON_3_VERSION=3.11,-DCMAKE_WANT_MATERIALX_BUILD=ON,-DCMAKE_PREFIX_PATH=P:\\shared\\Artifactory\\Windows\\USD\\7259920,-DMAYAHYDRA_BUILD_NUMBER=467,-DMAYAHYDRA_GIT_COMMIT=b68fde7671223455c11e3af06432e26844954abe,-DMAYAHYDRA_GIT_BRANCH=master,-DMAYAUSD_LOCATION=P:\\shared\\Artifactory\\Windows\\mayausd-cotd-debug\\202401170904\\runtime\\0b66605\\mayausd' --debug-python '--ctest-args=--parallel 16' --stages=clean --redirect-outstream-file=False --install-location 'W:\\install\\Debug\\MayaHydra' 'W:\\'
[2024-01-19T13:29:33.420Z] Modified environment variables:
[2024-01-19T13:29:33.421Z]     PATH=P:\shared\Artifactory\Windows\cmake\3.20.3\afe857a\bin;C:\Python27\lib\site-packages\pywin32_system32;C:\Program Files\Microsoft Visual Studio\2022\Professional\VC\Tools\MSVC\14.33.31629\bin\HostX64\x64;C:\Program Files\Microsoft Visual Studio\2022\Professional\Common7\IDE\VC\VCPackages;C:\Program Files\Microsoft Visual Studio\2022\Professional\Common7\IDE\CommonExtensions\Microsoft\TestWindow;C:\Program Files\Microsoft Visual Studio\2022\Professional\Common7\IDE\CommonExtensions\Microsoft\TeamFoundation\Team Explorer;C:\Program Files\Microsoft Visual Studio\2022\Professional\MSBuild\Current\bin\Roslyn;C:\Program Files\Microsoft Visual Studio\2022\Professional\Team Tools\Performance Tools\x64;C:\Program Files\Microsoft Visual Studio\2022\Professional\Team Tools\Performance Tools;C:\Program Files (x86)\Microsoft Visual Studio\Shared\Common\VSPerfCollectionTools\vs2019\\x64;C:\Program Files (x86)\Microsoft Visual Studio\Shared\Common\VSPerfCollectionTools\vs2019\;C:\Program Files (x86)\Microsoft SDKs\Windows\v10.0A\bin\NETFX 4.8 Tools\x64\;C:\Program Files (x86)\HTML Help Workshop;C:\Program Files\Microsoft Visual Studio\2022\Professional\Common7\IDE\CommonExtensions\Microsoft\FSharp\Tools;C:\Program Files (x86)\Windows Kits\10\bin\10.0.19041.0\\x64;C:\Program Files (x86)\Windows Kits\10\bin\\x64;C:\Program Files\Microsoft Visual Studio\2022\Professional\\MSBuild\Current\Bin\amd64;C:\WINDOWS\Microsoft.NET\Framework64\v4.0.30319;C:\Program Files\Microsoft Visual Studio\2022\Professional\Common7\IDE\;C:\Program Files\Microsoft Visual Studio\2022\Professional\Common7\Tools\;C:\Python27\;C:\Python27\Scripts;C:\WINDOWS\system32;C:\WINDOWS;C:\WINDOWS\System32\Wbem;C:\WINDOWS\System32\WindowsPowerShell\v1.0\;C:\WINDOWS\System32\OpenSSH\;C:\ProgramData\chocolatey\bin;C:\Program Files (x86)\WiX Toolset v3.7\bin;C:\Program Files\dotnet\;C:\Program Files\Zulu\zulu-11\bin\;C:\Program Files (x86)\Windows Kits\10\bin\10.0.19041.0\x64;C:\Program Files (x86)\Windows Kits\10\bin\10.0.18362.0\x64;C:\Program Files (x86)\Windows Kits\10\bin\10.0.17763.0\x64;C:\Program Files (x86)\Windows Kits\10\bin\x64;C:\Strawberry\c\bin;C:\Strawberry\perl\site\bin;C:\Strawberry\perl\bin;C:\Program Files\Git\cmd;C:\Program Files\Git\usr\bin;C:\Program Files\Git\mingw64\bin;C:\Program Files\Git\bin;C:\Python38\;C:\Python38\Scripts;C:\StoreBoxClientWindows;C:\Program Files\Electric Cloud\ElectricCommander\bin;C:\Program Files\WinRAR;C:\Program Files\7-Zip;C:\Users\Administrator\AppData\Local\Microsoft\WindowsApps;C:\Users\Administrator\.dotnet\tools;C:\Program Files\Microsoft Visual Studio\2022\Professional\Common7\IDE\CommonExtensions\Microsoft\CMake\CMake\bin;C:\Program Files\Microsoft Visual Studio\2022\Professional\Common7\IDE\CommonExtensions\Microsoft\CMake\Ninja;C:\Program Files\Microsoft Visual Studio\2022\Professional\Common7\IDE\VC\Linux\bin\ConnectionManagerExe
[2024-01-19T13:29:34.573Z]     
[2024-01-19T13:29:34.573Z]         Building with settings:
[2024-01-19T13:29:34.573Z]           Source directory          S:\Jenkins\workspace\ECP\ecg-maya-hydra\ecg-maya-hydra-branch-preflight-python3-windows\ecg-maya-hydra\maya-hydra
[2024-01-19T13:29:34.573Z]           Workspace directory       W:\
[2024-01-19T13:29:34.573Z]           Build directory           W:\build\Debug
[2024-01-19T13:29:34.573Z]           Install directory         W:\install\Debug\MayaHydra
[2024-01-19T13:29:34.573Z]           Variant                   Debug
[2024-01-19T13:29:34.573Z]           Python Debug              On
[2024-01-19T13:29:34.573Z]           CMake generator           Ninja
[2024-01-19T13:29:34.573Z]           Build arguments           ['-DCMAKE_MAKE_PROGRAM=P:/shared/Artifactory/Windows/ninja/1.10.2/ccacdf8/ninja.exe', '-DPYTHON_INCLUDE_DIR=P:/shared/Artifactory/Windows/rundev-master-debug/202401181544/runtime/e81c133/runTime/include/Python311/Python', '-DPython_EXECUTABLE=P:/shared/Artifactory/Windows/rundev-master-debug/202401181544/runtime/e81c133/runTime/bin/mayapy.exe', '-DPYTHON_LIBRARIES=P:/shared/Artifactory/Windows/rundev-master-debug/202401181544/runtime/e81c133/runTime/lib/python311_d.lib', '-DBUILD_WITH_PYTHON_3_VERSION=3.11', '-DCMAKE_WANT_MATERIALX_BUILD=ON', '-DCMAKE_PREFIX_PATH=P:\\shared\\Artifactory\\Windows\\USD\\7259920', '-DMAYAHYDRA_BUILD_NUMBER=467', '-DMAYAHYDRA_GIT_COMMIT=b68fde7671223455c11e3af06432e26844954abe', '-DMAYAHYDRA_GIT_BRANCH=master', '-DMAYAUSD_LOCATION=P:\\shared\\Artifactory\\Windows\\mayausd-cotd-debug\\202401170904\\runtime\\0b66605\\mayausd']
[2024-01-19T13:29:34.573Z]           Stages arguments          ['clean']
[2024-01-19T13:29:34.573Z]           CTest arguments           ['--parallel 16']
[2024-01-19T13:29:34.573Z]     Success MayaHydra build and install !!!!
[2024-01-19T13:29:34.573Z]     Elapsed time: 00:00:00
[Pipeline] bat
[2024-01-19T13:29:35.497Z] Deleting alias drive W:
[Pipeline] bat
[2024-01-19T13:29:36.074Z] Deleting alias drive P:
[Pipeline] bat
[2024-01-19T13:29:36.673Z] Creating alias drive P: to S:\jenkins\workspace
[Pipeline] bat
[2024-01-19T13:29:37.262Z] Creating alias drive W: to S:\Jenkins\workspace\ECP\ecg-maya-hydra\ecg-maya-hydra-branch-preflight-python3-windows
[Pipeline] bat
[2024-01-19T13:29:37.986Z] "C:\Program Files\Microsoft Visual Studio\2022\Professional\VC\Auxiliary\Build\vcvarsall.bat" x64
[2024-01-19T13:29:38.318Z] **********************************************************************
[2024-01-19T13:29:38.318Z] ** Visual Studio 2022 Developer Command Prompt v17.3.2
[2024-01-19T13:29:38.318Z] ** Copyright (c) 2022 Microsoft Corporation
[2024-01-19T13:29:38.318Z] **********************************************************************
[2024-01-19T13:29:39.472Z] [vcvarsall.bat] Environment initialized for: 'x64'
[2024-01-19T13:29:39.472Z] python ecg-maya-hydra/build.py --stages=clean --workspace-dir=W:\ --artifactory-dir=P:\shared\Artifactory --build-dir=W:\build --install-dir=W:\install --signing-dir=W:\signing --package-dir=W:\package --output-dir=W:\output --stash-dir=W:\stash --jenkins-build=467 --git-commit=b68fde7671223455c11e3af06432e26844954abe --git-branch=master --variants=RelWithDebInfo --interactive-tests=true --post-zips=false --maya-cut-config=maya-rundev-master.yaml --maya-package=rundev-master --stage-banner
[2024-01-19T13:29:40.628Z] ('config_file', 'S:\\Jenkins\\workspace\\ECP\\ecg-maya-hydra\\ecg-maya-hydra-branch-preflight-python3-windows\\ecg-maya-hydra\\maya-rundev-master.yaml')
[2024-01-19T13:29:40.628Z] Using Maya cut from P:\shared\Artifactory\Windows\rundev-master\202401181544\runtime\1e56e20\runTime
[2024-01-19T13:29:40.628Z] Using Maya ADSK Signatures from P:\shared\Artifactory\Windows\adsk-plugin-signatures-maya\2023\3ae1ae7
[2024-01-19T13:29:40.628Z] Using Maya Security Library from P:\shared\Artifactory\Windows\maya-security-library\3.4.0\284407f
[2024-01-19T13:29:40.628Z] 
[2024-01-19T13:29:40.628Z] ================================================================================
[2024-01-19T13:29:40.628Z]                              clean (RelWithDebInfo)
[2024-01-19T13:29:40.628Z] ================================================================================
[2024-01-19T13:29:40.628Z] Maya Python RelWithDebInfo Info:
[2024-01-19T13:29:40.628Z]   mayapy executable   = P:\shared\Artifactory\Windows\rundev-master\202401181544\runtime\1e56e20\runTime\bin\mayapy.exe
[2024-01-19T13:29:40.628Z]   Include Folder      = P:\shared\Artifactory\Windows\rundev-master\202401181544\runtime\1e56e20\runTime\include\Python311\Python
[2024-01-19T13:29:40.628Z]   Library             = P:\shared\Artifactory\Windows\rundev-master\202401181544\runtime\1e56e20\runTime\lib\python311.lib
[2024-01-19T13:29:40.628Z]   site-package Folder = P:\shared\Artifactory\Windows\rundev-master\202401181544\runtime\1e56e20\runTime\Python\Lib\site-packages
[2024-01-19T13:29:41.781Z] In workdir: S:\Jenkins\workspace\ECP\ecg-maya-hydra\ecg-maya-hydra-branch-preflight-python3-windows\ecg-maya-hydra\maya-hydra
[2024-01-19T13:29:41.781Z] Executing: 'P:\\shared\\Artifactory\\Windows\\rundev-master\\202401181544\\runtime\\1e56e20\\runTime\\bin\\mayapy.exe' 'S:\\Jenkins\\workspace\\ECP\\ecg-maya-hydra\\ecg-maya-hydra-branch-preflight-python3-windows\\ecg-maya-hydra\\maya-hydra\\build.py' --generator Ninja --build-relwithdebug --maya-location 'P:\\shared\\Artifactory\\Windows\\rundev-master\\202401181544\\runtime\\1e56e20\\runTime' --devkit-location 'P:\\shared\\Artifactory\\Windows\\rundev-master\\202401181544\\runtime\\1e56e20\\devkitBase' --pxrusd-location 'P:\\shared\\Artifactory\\Windows\\USD\\0fd301b' '--build-args=-DCMAKE_MAKE_PROGRAM=P:/shared/Artifactory/Windows/ninja/1.10.2/ccacdf8/ninja.exe,-DPYTHON_INCLUDE_DIR=P:/shared/Artifactory/Windows/rundev-master/202401181544/runtime/1e56e20/runTime/include/Python311/Python,-DPython_EXECUTABLE=P:/shared/Artifactory/Windows/rundev-master/202401181544/runtime/1e56e20/runTime/bin/mayapy.exe,-DPYTHON_LIBRARIES=P:/shared/Artifactory/Windows/rundev-master/202401181544/runtime/1e56e20/runTime/lib/python311.lib,-DBUILD_WITH_PYTHON_3_VERSION=3.11,-DCMAKE_WANT_MATERIALX_BUILD=ON,-DCMAKE_PREFIX_PATH=P:\\shared\\Artifactory\\Windows\\USD\\0fd301b,-DMAYAHYDRA_BUILD_NUMBER=467,-DMAYAHYDRA_GIT_COMMIT=b68fde7671223455c11e3af06432e26844954abe,-DMAYAHYDRA_GIT_BRANCH=master,-DMAYAUSD_LOCATION=P:\\shared\\Artifactory\\Windows\\mayausd-cotd\\202401170904\\runtime\\4663c63\\mayausd' '--ctest-args=--parallel 16' --stages=clean --redirect-outstream-file=False --install-location 'W:\\install\\RelWithDebInfo\\MayaHydra' 'W:\\'
[2024-01-19T13:29:41.781Z] Modified environment variables:
[2024-01-19T13:29:41.781Z]     PATH=P:\shared\Artifactory\Windows\cmake\3.20.3\afe857a\bin;C:\Python27\lib\site-packages\pywin32_system32;C:\Program Files\Microsoft Visual Studio\2022\Professional\VC\Tools\MSVC\14.33.31629\bin\HostX64\x64;C:\Program Files\Microsoft Visual Studio\2022\Professional\Common7\IDE\VC\VCPackages;C:\Program Files\Microsoft Visual Studio\2022\Professional\Common7\IDE\CommonExtensions\Microsoft\TestWindow;C:\Program Files\Microsoft Visual Studio\2022\Professional\Common7\IDE\CommonExtensions\Microsoft\TeamFoundation\Team Explorer;C:\Program Files\Microsoft Visual Studio\2022\Professional\MSBuild\Current\bin\Roslyn;C:\Program Files\Microsoft Visual Studio\2022\Professional\Team Tools\Performance Tools\x64;C:\Program Files\Microsoft Visual Studio\2022\Professional\Team Tools\Performance Tools;C:\Program Files (x86)\Microsoft Visual Studio\Shared\Common\VSPerfCollectionTools\vs2019\\x64;C:\Program Files (x86)\Microsoft Visual Studio\Shared\Common\VSPerfCollectionTools\vs2019\;C:\Program Files (x86)\Microsoft SDKs\Windows\v10.0A\bin\NETFX 4.8 Tools\x64\;C:\Program Files (x86)\HTML Help Workshop;C:\Program Files\Microsoft Visual Studio\2022\Professional\Common7\IDE\CommonExtensions\Microsoft\FSharp\Tools;C:\Program Files (x86)\Windows Kits\10\bin\10.0.19041.0\\x64;C:\Program Files (x86)\Windows Kits\10\bin\\x64;C:\Program Files\Microsoft Visual Studio\2022\Professional\\MSBuild\Current\Bin\amd64;C:\WINDOWS\Microsoft.NET\Framework64\v4.0.30319;C:\Program Files\Microsoft Visual Studio\2022\Professional\Common7\IDE\;C:\Program Files\Microsoft Visual Studio\2022\Professional\Common7\Tools\;C:\Python27\;C:\Python27\Scripts;C:\WINDOWS\system32;C:\WINDOWS;C:\WINDOWS\System32\Wbem;C:\WINDOWS\System32\WindowsPowerShell\v1.0\;C:\WINDOWS\System32\OpenSSH\;C:\ProgramData\chocolatey\bin;C:\Program Files (x86)\WiX Toolset v3.7\bin;C:\Program Files\dotnet\;C:\Program Files\Zulu\zulu-11\bin\;C:\Program Files (x86)\Windows Kits\10\bin\10.0.19041.0\x64;C:\Program Files (x86)\Windows Kits\10\bin\10.0.18362.0\x64;C:\Program Files (x86)\Windows Kits\10\bin\10.0.17763.0\x64;C:\Program Files (x86)\Windows Kits\10\bin\x64;C:\Strawberry\c\bin;C:\Strawberry\perl\site\bin;C:\Strawberry\perl\bin;C:\Program Files\Git\cmd;C:\Program Files\Git\usr\bin;C:\Program Files\Git\mingw64\bin;C:\Program Files\Git\bin;C:\Python38\;C:\Python38\Scripts;C:\StoreBoxClientWindows;C:\Program Files\Electric Cloud\ElectricCommander\bin;C:\Program Files\WinRAR;C:\Program Files\7-Zip;C:\Users\Administrator\AppData\Local\Microsoft\WindowsApps;C:\Users\Administrator\.dotnet\tools;C:\Program Files\Microsoft Visual Studio\2022\Professional\Common7\IDE\CommonExtensions\Microsoft\CMake\CMake\bin;C:\Program Files\Microsoft Visual Studio\2022\Professional\Common7\IDE\CommonExtensions\Microsoft\CMake\Ninja;C:\Program Files\Microsoft Visual Studio\2022\Professional\Common7\IDE\VC\Linux\bin\ConnectionManagerExe
[2024-01-19T13:29:42.495Z]     
[2024-01-19T13:29:42.495Z]         Building with settings:
[2024-01-19T13:29:42.495Z]           Source directory          S:\Jenkins\workspace\ECP\ecg-maya-hydra\ecg-maya-hydra-branch-preflight-python3-windows\ecg-maya-hydra\maya-hydra
[2024-01-19T13:29:42.495Z]           Workspace directory       W:\
[2024-01-19T13:29:42.495Z]           Build directory           W:\build\RelWithDebInfo
[2024-01-19T13:29:42.495Z]           Install directory         W:\install\RelWithDebInfo\MayaHydra
[2024-01-19T13:29:42.495Z]           Variant                   RelWithDebInfo
[2024-01-19T13:29:42.495Z]           Python Debug              Off
[2024-01-19T13:29:42.495Z]           CMake generator           Ninja
[2024-01-19T13:29:42.495Z]           Build arguments           ['-DCMAKE_MAKE_PROGRAM=P:/shared/Artifactory/Windows/ninja/1.10.2/ccacdf8/ninja.exe', '-DPYTHON_INCLUDE_DIR=P:/shared/Artifactory/Windows/rundev-master/202401181544/runtime/1e56e20/runTime/include/Python311/Python', '-DPython_EXECUTABLE=P:/shared/Artifactory/Windows/rundev-master/202401181544/runtime/1e56e20/runTime/bin/mayapy.exe', '-DPYTHON_LIBRARIES=P:/shared/Artifactory/Windows/rundev-master/202401181544/runtime/1e56e20/runTime/lib/python311.lib', '-DBUILD_WITH_PYTHON_3_VERSION=3.11', '-DCMAKE_WANT_MATERIALX_BUILD=ON', '-DCMAKE_PREFIX_PATH=P:\\shared\\Artifactory\\Windows\\USD\\0fd301b', '-DMAYAHYDRA_BUILD_NUMBER=467', '-DMAYAHYDRA_GIT_COMMIT=b68fde7671223455c11e3af06432e26844954abe', '-DMAYAHYDRA_GIT_BRANCH=master', '-DMAYAUSD_LOCATION=P:\\shared\\Artifactory\\Windows\\mayausd-cotd\\202401170904\\runtime\\4663c63\\mayausd']
[2024-01-19T13:29:42.495Z]           Stages arguments          ['clean']
[2024-01-19T13:29:42.495Z]           CTest arguments           ['--parallel 16']
[2024-01-19T13:29:42.495Z]     Success MayaHydra build and install !!!!
[2024-01-19T13:29:42.495Z]     Elapsed time: 00:00:00
[Pipeline] bat
[2024-01-19T13:29:43.072Z] Deleting alias drive W:
[Pipeline] bat
[2024-01-19T13:29:43.649Z] Deleting alias drive P:
[Pipeline] }
[Pipeline] // withEnv
[Pipeline] }
[Pipeline] // timeout
[Pipeline] }
[Pipeline] // stage
[Pipeline] }
[Pipeline] // timestamps
[Pipeline] timestamps
[Pipeline] {
[Pipeline] stage
[Pipeline] { (Configure)
[Pipeline] timeout
[2024-01-19T13:29:43.852Z] Timeout set to expire in 6 hr 0 min
[Pipeline] {
[Pipeline] withEnv
[Pipeline] {
[Pipeline] bat
[2024-01-19T13:29:44.414Z] Creating alias drive P: to S:\jenkins\workspace
[Pipeline] bat
[2024-01-19T13:29:45.008Z] Creating alias drive W: to S:\Jenkins\workspace\ECP\ecg-maya-hydra\ecg-maya-hydra-branch-preflight-python3-windows
[Pipeline] bat
[2024-01-19T13:29:45.718Z] "C:\Program Files\Microsoft Visual Studio\2022\Professional\VC\Auxiliary\Build\vcvarsall.bat" x64
[2024-01-19T13:29:46.049Z] **********************************************************************
[2024-01-19T13:29:46.049Z] ** Visual Studio 2022 Developer Command Prompt v17.3.2
[2024-01-19T13:29:46.049Z] ** Copyright (c) 2022 Microsoft Corporation
[2024-01-19T13:29:46.049Z] **********************************************************************
[2024-01-19T13:29:47.201Z] [vcvarsall.bat] Environment initialized for: 'x64'
[2024-01-19T13:29:47.201Z] python ecg-maya-hydra/build.py --stages=configure --workspace-dir=W:\ --artifactory-dir=P:\shared\Artifactory --build-dir=W:\build --install-dir=W:\install --signing-dir=W:\signing --package-dir=W:\package --output-dir=W:\output --stash-dir=W:\stash --jenkins-build=467 --git-commit=b68fde7671223455c11e3af06432e26844954abe --git-branch=master --variants=Debug --interactive-tests=true --post-zips=false --maya-cut-config=maya-rundev-master-debug.yaml --maya-package=rundev-master-debug --stage-banner
[2024-01-19T13:29:48.355Z] ('config_file', 'S:\\Jenkins\\workspace\\ECP\\ecg-maya-hydra\\ecg-maya-hydra-branch-preflight-python3-windows\\ecg-maya-hydra\\maya-rundev-master-debug.yaml')
[2024-01-19T13:29:48.355Z] Using Maya cut from P:\shared\Artifactory\Windows\rundev-master-debug\202401181544\runtime\e81c133\runTime
[2024-01-19T13:29:48.355Z] Using Maya ADSK Signatures from P:\shared\Artifactory\Windows\adsk-plugin-signatures-maya\2023\3ae1ae7
[2024-01-19T13:29:48.355Z] Using Maya Security Library from P:\shared\Artifactory\Windows\maya-security-library\3.4.0\284407f
[2024-01-19T13:29:48.355Z] 
[2024-01-19T13:29:48.355Z] ================================================================================
[2024-01-19T13:29:48.355Z]                                configure (Debug)
[2024-01-19T13:29:48.355Z] ================================================================================
[2024-01-19T13:29:48.355Z] Maya Python Debug Info:
[2024-01-19T13:29:48.355Z]   mayapy executable   = P:\shared\Artifactory\Windows\rundev-master-debug\202401181544\runtime\e81c133\runTime\bin\mayapy.exe
[2024-01-19T13:29:48.355Z]   Include Folder      = P:\shared\Artifactory\Windows\rundev-master-debug\202401181544\runtime\e81c133\runTime\include\Python311\Python
[2024-01-19T13:29:48.355Z]   Library             = P:\shared\Artifactory\Windows\rundev-master-debug\202401181544\runtime\e81c133\runTime\lib\python311_d.lib
[2024-01-19T13:29:48.355Z]   site-package Folder = P:\shared\Artifactory\Windows\rundev-master-debug\202401181544\runtime\e81c133\runTime\Python\Lib\site-packages
[2024-01-19T13:29:51.319Z] 
[2024-01-19T13:29:51.319Z]             WARNING: The 'psutil' python package isn't installed. Thus, Peptide
[2024-01-19T13:29:51.319Z]             won't be able to determine the amount of RAM available. It will assume
[2024-01-19T13:29:51.319Z]             that your machine has only 16GB available, and will limit the number
[2024-01-19T13:29:51.319Z]             the number of link jobs being performed in parallel. This can
[2024-01-19T13:29:51.319Z]             negatively affect your build times.
[2024-01-19T13:29:51.319Z] 
[2024-01-19T13:29:51.319Z]             Please 'pip(3) install psutil' to resolve this.
[2024-01-19T13:29:51.319Z]             
[2024-01-19T13:29:51.319Z] In workdir: S:\Jenkins\workspace\ECP\ecg-maya-hydra\ecg-maya-hydra-branch-preflight-python3-windows\ecg-maya-hydra\maya-hydra
[2024-01-19T13:29:51.319Z] Executing: 'P:\\shared\\Artifactory\\Windows\\rundev-master-debug\\202401181544\\runtime\\e81c133\\runTime\\bin\\mayapy.exe' 'S:\\Jenkins\\workspace\\ECP\\ecg-maya-hydra\\ecg-maya-hydra-branch-preflight-python3-windows\\ecg-maya-hydra\\maya-hydra\\build.py' --generator Ninja --build-debug --maya-location 'P:\\shared\\Artifactory\\Windows\\rundev-master-debug\\202401181544\\runtime\\e81c133\\runTime' --devkit-location 'P:\\shared\\Artifactory\\Windows\\rundev-master-debug\\202401181544\\runtime\\e81c133\\devkitBase' --pxrusd-location 'P:\\shared\\Artifactory\\Windows\\USD\\7259920' '--build-args=-DCMAKE_MAKE_PROGRAM=P:/shared/Artifactory/Windows/ninja/1.10.2/ccacdf8/ninja.exe,-DPYTHON_INCLUDE_DIR=P:/shared/Artifactory/Windows/rundev-master-debug/202401181544/runtime/e81c133/runTime/include/Python311/Python,-DPython_EXECUTABLE=P:/shared/Artifactory/Windows/rundev-master-debug/202401181544/runtime/e81c133/runTime/bin/mayapy.exe,-DPYTHON_LIBRARIES=P:/shared/Artifactory/Windows/rundev-master-debug/202401181544/runtime/e81c133/runTime/lib/python311_d.lib,-DBUILD_WITH_PYTHON_3_VERSION=3.11,-DCMAKE_WANT_MATERIALX_BUILD=ON,-DCMAKE_PREFIX_PATH=P:\\shared\\Artifactory\\Windows\\USD\\7259920,-DMAYAHYDRA_BUILD_NUMBER=467,-DMAYAHYDRA_GIT_COMMIT=b68fde7671223455c11e3af06432e26844954abe,-DMAYAHYDRA_GIT_BRANCH=master,-DMAYAUSD_LOCATION=P:\\shared\\Artifactory\\Windows\\mayausd-cotd-debug\\202401170904\\runtime\\0b66605\\mayausd' --debug-python '--ctest-args=--parallel 16' --stages=configure --redirect-outstream-file=False --install-location 'W:\\install\\Debug\\MayaHydra' 'W:\\'
[2024-01-19T13:29:51.319Z] Modified environment variables:
[2024-01-19T13:29:51.319Z]     PATH=P:\shared\Artifactory\Windows\cmake\3.20.3\afe857a\bin;C:\Python27\lib\site-packages\pywin32_system32;C:\Program Files\Microsoft Visual Studio\2022\Professional\VC\Tools\MSVC\14.33.31629\bin\HostX64\x64;C:\Program Files\Microsoft Visual Studio\2022\Professional\Common7\IDE\VC\VCPackages;C:\Program Files\Microsoft Visual Studio\2022\Professional\Common7\IDE\CommonExtensions\Microsoft\TestWindow;C:\Program Files\Microsoft Visual Studio\2022\Professional\Common7\IDE\CommonExtensions\Microsoft\TeamFoundation\Team Explorer;C:\Program Files\Microsoft Visual Studio\2022\Professional\MSBuild\Current\bin\Roslyn;C:\Program Files\Microsoft Visual Studio\2022\Professional\Team Tools\Performance Tools\x64;C:\Program Files\Microsoft Visual Studio\2022\Professional\Team Tools\Performance Tools;C:\Program Files (x86)\Microsoft Visual Studio\Shared\Common\VSPerfCollectionTools\vs2019\\x64;C:\Program Files (x86)\Microsoft Visual Studio\Shared\Common\VSPerfCollectionTools\vs2019\;C:\Program Files (x86)\Microsoft SDKs\Windows\v10.0A\bin\NETFX 4.8 Tools\x64\;C:\Program Files (x86)\HTML Help Workshop;C:\Program Files\Microsoft Visual Studio\2022\Professional\Common7\IDE\CommonExtensions\Microsoft\FSharp\Tools;C:\Program Files (x86)\Windows Kits\10\bin\10.0.19041.0\\x64;C:\Program Files (x86)\Windows Kits\10\bin\\x64;C:\Program Files\Microsoft Visual Studio\2022\Professional\\MSBuild\Current\Bin\amd64;C:\WINDOWS\Microsoft.NET\Framework64\v4.0.30319;C:\Program Files\Microsoft Visual Studio\2022\Professional\Common7\IDE\;C:\Program Files\Microsoft Visual Studio\2022\Professional\Common7\Tools\;C:\Python27\;C:\Python27\Scripts;C:\WINDOWS\system32;C:\WINDOWS;C:\WINDOWS\System32\Wbem;C:\WINDOWS\System32\WindowsPowerShell\v1.0\;C:\WINDOWS\System32\OpenSSH\;C:\ProgramData\chocolatey\bin;C:\Program Files (x86)\WiX Toolset v3.7\bin;C:\Program Files\dotnet\;C:\Program Files\Zulu\zulu-11\bin\;C:\Program Files (x86)\Windows Kits\10\bin\10.0.19041.0\x64;C:\Program Files (x86)\Windows Kits\10\bin\10.0.18362.0\x64;C:\Program Files (x86)\Windows Kits\10\bin\10.0.17763.0\x64;C:\Program Files (x86)\Windows Kits\10\bin\x64;C:\Strawberry\c\bin;C:\Strawberry\perl\site\bin;C:\Strawberry\perl\bin;C:\Program Files\Git\cmd;C:\Program Files\Git\usr\bin;C:\Program Files\Git\mingw64\bin;C:\Program Files\Git\bin;C:\Python38\;C:\Python38\Scripts;C:\StoreBoxClientWindows;C:\Program Files\Electric Cloud\ElectricCommander\bin;C:\Program Files\WinRAR;C:\Program Files\7-Zip;C:\Users\Administrator\AppData\Local\Microsoft\WindowsApps;C:\Users\Administrator\.dotnet\tools;C:\Program Files\Microsoft Visual Studio\2022\Professional\Common7\IDE\CommonExtensions\Microsoft\CMake\CMake\bin;C:\Program Files\Microsoft Visual Studio\2022\Professional\Common7\IDE\CommonExtensions\Microsoft\CMake\Ninja;C:\Program Files\Microsoft Visual Studio\2022\Professional\Common7\IDE\VC\Linux\bin\ConnectionManagerExe
[2024-01-19T13:29:53.581Z]     -- The C compiler identification is MSVC 19.33.31629.0
[2024-01-19T13:29:54.295Z]     -- The CXX compiler identification is MSVC 19.33.31629.0
[2024-01-19T13:29:54.295Z]     -- Detecting C compiler ABI info
[2024-01-19T13:29:55.446Z]     -- Detecting C compiler ABI info - done
[2024-01-19T13:29:55.446Z]     -- Check for working C compiler: C:/Program Files/Microsoft Visual Studio/2022/Professional/VC/Tools/MSVC/14.33.31629/bin/Hostx64/x64/cl.exe - skipped
[2024-01-19T13:29:55.446Z]     -- Detecting C compile features
[2024-01-19T13:29:55.446Z]     -- Detecting C compile features - done
[2024-01-19T13:29:55.446Z]     -- Detecting CXX compiler ABI info
[2024-01-19T13:29:56.157Z]     -- Detecting CXX compiler ABI info - done
[2024-01-19T13:29:56.157Z]     -- Check for working CXX compiler: C:/Program Files/Microsoft Visual Studio/2022/Professional/VC/Tools/MSVC/14.33.31629/bin/Hostx64/x64/cl.exe - skipped
[2024-01-19T13:29:56.157Z]     -- Detecting CXX compile features
[2024-01-19T13:29:56.157Z]     -- Detecting CXX compile features - done
[2024-01-19T13:29:57.420Z]     -- Using Maya Light API Version 3
[2024-01-19T13:29:57.420Z]     -- Maya has setDefaultMaterialHandling API
[2024-01-19T13:29:57.420Z]     -- Maya has new point snapping API
[2024-01-19T13:29:57.420Z]     -- Maya has isInCrashHandler API
[2024-01-19T13:29:57.420Z]     -- Maya has getDisplayStyleOfAllViewports API
[2024-01-19T13:29:57.420Z]     -- Maya array iterator has difference_type trait
[2024-01-19T13:29:57.420Z]     -- MFnSet has getMemberPaths function
[2024-01-19T13:29:57.420Z]     -- MFnDisplayLayer exists
[2024-01-19T13:29:57.420Z]     -- MDisplayLayerMessage has MDisplayLayerMemberChangedFunction
[2024-01-19T13:29:57.420Z]     -- MRenderItem has HideOnPlayback API
[2024-01-19T13:29:57.420Z]     -- Found Maya: P:/shared/Artifactory/Windows/rundev-master-debug/202401181544/runtime/e81c133/runTime/bin/maya.exe (found suitable version "2025", minimum required is "2024")
[2024-01-19T13:30:01.211Z]     -- Found Python: P:/shared/Artifactory/Windows/rundev-master-debug/202401181544/runtime/e81c133/runTime/bin/mayapy.exe (found suitable exact version "3.11.4") found components: Interpreter
[2024-01-19T13:30:01.211Z]     -- Build mayaHydra with Python3 = 3.11
[2024-01-19T13:30:01.211Z]     --    PYTHON_INCLUDE_DIRS = P:/shared/Artifactory/Windows/rundev-master-debug/202401181544/runtime/e81c133/runTime/include/Python311/Python
[2024-01-19T13:30:01.211Z]     --    PYTHON_LIBRARIES    = P:/shared/Artifactory/Windows/rundev-master-debug/202401181544/runtime/e81c133/runTime/lib/python311_d.lib
[2024-01-19T13:30:01.211Z]     --    Python_EXECUTABLE   = P:/shared/Artifactory/Windows/rundev-master-debug/202401181544/runtime/e81c133/runTime/bin/mayapy.exe
[2024-01-19T13:30:01.211Z]     -- Found Python3: optimized;P:\shared\Artifactory\Windows\rundev-master-debug\202401181544\runtime\e81c133\runTime/lib/python311_d.lib;debug;P:/shared/Artifactory/Windows/rundev-master-debug/202401181544/runtime/e81c133/runTime/lib/python311_d.lib (found suitable exact version "3.11.4") found components: Development Development.Module Development.Embed
[2024-01-19T13:30:01.211Z]     -- USD has new Sdr.PropertyTypes.Color4
[2024-01-19T13:30:01.211Z]     -- USD has MaterialX metadata support
[2024-01-19T13:30:01.211Z]     -- USD include dir: P:/shared/Artifactory/Windows/USD/7259920/include
[2024-01-19T13:30:01.211Z]     -- USD library dir: P:/shared/Artifactory/Windows/USD/7259920/lib
[2024-01-19T13:30:01.211Z]     -- USD version: 0.23.11
[2024-01-19T13:30:01.211Z]     -- USD Boost::boost version: 108100
[2024-01-19T13:30:01.211Z]     -- Found USD: P:/shared/Artifactory/Windows/USD/7259920 (found suitable version "0.23.11", minimum required is "0.22.11")
[2024-01-19T13:30:01.211Z]     Updated PYTHONPATH: P:\shared\Artifactory\Windows\USD\7259920\lib\python
[2024-01-19T13:30:01.211Z]     Updated PATH: P:\shared\Artifactory\Windows\cmake\3.20.3\afe857a\bin;C:\Python27\lib\site-packages\pywin32_system32;C:\Program Files\Microsoft Visual Studio\2022\Professional\VC\Tools\MSVC\14.33.31629\bin\HostX64\x64;C:\Program Files\Microsoft Visual Studio\2022\Professional\Common7\IDE\VC\VCPackages;C:\Program Files\Microsoft Visual Studio\2022\Professional\Common7\IDE\CommonExtensions\Microsoft\TestWindow;C:\Program Files\Microsoft Visual Studio\2022\Professional\Common7\IDE\CommonExtensions\Microsoft\TeamFoundation\Team Explorer;C:\Program Files\Microsoft Visual Studio\2022\Professional\MSBuild\Current\bin\Roslyn;C:\Program Files\Microsoft Visual Studio\2022\Professional\Team Tools\Performance Tools\x64;C:\Program Files\Microsoft Visual Studio\2022\Professional\Team Tools\Performance Tools;C:\Program Files (x86)\Microsoft Visual Studio\Shared\Common\VSPerfCollectionTools\vs2019\\x64;C:\Program Files (x86)\Microsoft Visual Studio\Shared\Common\VSPerfCollectionTools\vs2019\;C:\Program Files (x86)\Microsoft SDKs\Windows\v10.0A\bin\NETFX 4.8 Tools\x64\;C:\Program Files (x86)\HTML Help Workshop;C:\Program Files\Microsoft Visual Studio\2022\Professional\Common7\IDE\CommonExtensions\Microsoft\FSharp\Tools;C:\Program Files (x86)\Windows Kits\10\bin\10.0.19041.0\\x64;C:\Program Files (x86)\Windows Kits\10\bin\\x64;C:\Program Files\Microsoft Visual Studio\2022\Professional\\MSBuild\Current\Bin\amd64;C:\WINDOWS\Microsoft.NET\Framework64\v4.0.30319;C:\Program Files\Microsoft Visual Studio\2022\Professional\Common7\IDE\;C:\Program Files\Microsoft Visual Studio\2022\Professional\Common7\Tools\;C:\Python27\;C:\Python27\Scripts;C:\WINDOWS\system32;C:\WINDOWS;C:\WINDOWS\System32\Wbem;C:\WINDOWS\System32\WindowsPowerShell\v1.0\;C:\WINDOWS\System32\OpenSSH\;C:\ProgramData\chocolatey\bin;C:\Program Files (x86)\WiX Toolset v3.7\bin;C:\Program Files\dotnet\;C:\Program Files\Zulu\zulu-11\bin\;C:\Program Files (x86)\Windows Kits\10\bin\10.0.19041.0\x64;C:\Program Files (x86)\Windows Kits\10\bin\10.0.18362.0\x64;C:\Program Files (x86)\Windows Kits\10\bin\10.0.17763.0\x64;C:\Program Files (x86)\Windows Kits\10\bin\x64;C:\Strawberry\c\bin;C:\Strawberry\perl\site\bin;C:\Strawberry\perl\bin;C:\Program Files\Git\cmd;C:\Program Files\Git\usr\bin;C:\Program Files\Git\mingw64\bin;C:\Program Files\Git\bin;C:\Python38\;C:\Python38\Scripts;C:\StoreBoxClientWindows;C:\Program Files\Electric Cloud\ElectricCommander\bin;C:\Program Files\WinRAR;C:\Program Files\7-Zip;C:\Users\Administrator\AppData\Local\Microsoft\WindowsApps;C:\Users\Administrator\.dotnet\tools;C:\Program Files\Microsoft Visual Studio\2022\Professional\Common7\IDE\CommonExtensions\Microsoft\CMake\CMake\bin;C:\Program Files\Microsoft Visual Studio\2022\Professional\Common7\IDE\CommonExtensions\Microsoft\CMake\Ninja;C:\Program Files\Microsoft Visual Studio\2022\Professional\Common7\IDE\VC\Linux\bin\ConnectionManagerExe;P:\shared\Artifactory\Windows\USD\7259920\bin;P:\shared\Artifactory\Windows\USD\7259920\lib
[2024-01-19T13:30:01.211Z]     -- Found UFE: P:/shared/Artifactory/Windows/rundev-master-debug/202401181544/runtime/e81c133/devkitBase/devkit/ufe/include (found version "5.0.0")
[2024-01-19T13:30:01.211Z]     -- UFE include dir: P:/shared/Artifactory/Windows/rundev-master-debug/202401181544/runtime/e81c133/devkitBase/devkit/ufe/include
[2024-01-19T13:30:01.211Z]     -- UFE library: P:/shared/Artifactory/Windows/rundev-master-debug/202401181544/runtime/e81c133/devkitBase/devkit/ufe/lib/ufe_5.lib
[2024-01-19T13:30:01.211Z]     -- UFE version: 5.0.0
[2024-01-19T13:30:01.211Z]     -- Maya has UFE lights API
[2024-01-19T13:30:01.211Z]     -- Maya has UFE scene segment API
[2024-01-19T13:30:01.211Z]     -- Maya has UFE TrieNode childrenComponents accessor
[2024-01-19T13:30:01.211Z]     -- Building with UFE 5.0.0.
[2024-01-19T13:30:01.211Z]     -- Could NOT find MAYAUSD (missing: MAYAUSD_INCLUDE_DIR MAYAUSD_LIBRARY_DIR)
[2024-01-19T13:30:01.211Z]     CMake Error at cmake/modules/FindMAYAUSD.cmake:86 (message):
[2024-01-19T13:30:01.211Z]       Could not find MayaUsd library and include directories in the folder
[2024-01-19T13:30:01.211Z]       provided :
[2024-01-19T13:30:01.211Z]       P:sharedArtifactoryWindowsmayausd-cotd-debug202401170904runtime0b66605mayausd
[2024-01-19T13:30:01.211Z]     Call Stack (most recent call first):
[2024-01-19T13:30:01.211Z]       CMakeLists.txt:134 (find_package)
[2024-01-19T13:30:01.211Z]     
[2024-01-19T13:30:01.211Z]     
[2024-01-19T13:30:01.211Z]     -- Configuring incomplete, errors occurred!
[2024-01-19T13:30:01.211Z]     See also "W:/build/Debug/CMakeFiles/CMakeOutput.log".
[2024-01-19T13:30:01.211Z]     
[2024-01-19T13:30:01.211Z]         Building with settings:
[2024-01-19T13:30:01.211Z]           Source directory          S:\Jenkins\workspace\ECP\ecg-maya-hydra\ecg-maya-hydra-branch-preflight-python3-windows\ecg-maya-hydra\maya-hydra
[2024-01-19T13:30:01.211Z]           Workspace directory       W:\
[2024-01-19T13:30:01.211Z]           Build directory           W:\build\Debug
[2024-01-19T13:30:01.211Z]           Install directory         W:\install\Debug\MayaHydra
[2024-01-19T13:30:01.211Z]           Variant                   Debug
[2024-01-19T13:30:01.211Z]           Python Debug              On
[2024-01-19T13:30:01.211Z]           CMake generator           Ninja
[2024-01-19T13:30:01.211Z]           Build arguments           ['-DCMAKE_MAKE_PROGRAM=P:/shared/Artifactory/Windows/ninja/1.10.2/ccacdf8/ninja.exe', '-DPYTHON_INCLUDE_DIR=P:/shared/Artifactory/Windows/rundev-master-debug/202401181544/runtime/e81c133/runTime/include/Python311/Python', '-DPython_EXECUTABLE=P:/shared/Artifactory/Windows/rundev-master-debug/202401181544/runtime/e81c133/runTime/bin/mayapy.exe', '-DPYTHON_LIBRARIES=P:/shared/Artifactory/Windows/rundev-master-debug/202401181544/runtime/e81c133/runTime/lib/python311_d.lib', '-DBUILD_WITH_PYTHON_3_VERSION=3.11', '-DCMAKE_WANT_MATERIALX_BUILD=ON', '-DCMAKE_PREFIX_PATH=P:\\shared\\Artifactory\\Windows\\USD\\7259920', '-DMAYAHYDRA_BUILD_NUMBER=467', '-DMAYAHYDRA_GIT_COMMIT=b68fde7671223455c11e3af06432e26844954abe', '-DMAYAHYDRA_GIT_BRANCH=master', '-DMAYAUSD_LOCATION=P:\\shared\\Artifactory\\Windows\\mayausd-cotd-debug\\202401170904\\runtime\\0b66605\\mayausd']
[2024-01-19T13:30:01.211Z]           Stages arguments          ['configure']
[2024-01-19T13:30:01.211Z]           CTest arguments           ['--parallel 16']
[2024-01-19T13:30:01.211Z]     STATUS: Found Maya Qt headers in: P:\shared\Artifactory\Windows\rundev-master-debug\202401181544\runtime\e81c133\devkitBase
[2024-01-19T13:30:01.211Z]     #####################################################################################
[2024-01-19T13:30:01.211Z]     log date: 2024-01-19 05:29
[2024-01-19T13:30:01.211Z]     commit sha: a7e28ffd59ee075e8c5a7d5b93ff88f5006d3de0
[2024-01-19T13:30:01.211Z]     commit date: Fri Jan 19 05:28:08 2024 -0800
[2024-01-19T13:30:01.211Z]     #####################################################################################
[2024-01-19T13:30:01.211Z]     
[2024-01-19T13:30:01.211Z]     cmake -DCMAKE_INSTALL_PREFIX="W:\install\Debug\MayaHydra" -DCMAKE_BUILD_TYPE=Debug -DCMAKE_EXPORT_COMPILE_COMMANDS=ON -G "Ninja" -DMAYA_LOCATION="P:\shared\Artifactory\Windows\rundev-master-debug\202401181544\runtime\e81c133\runTime" -DPXR_USD_LOCATION="P:\shared\Artifactory\Windows\USD\7259920" -DMAYA_DEVKIT_LOCATION="P:\shared\Artifactory\Windows\rundev-master-debug\202401181544\runtime\e81c133\devkitBase" -DCMAKE_MAKE_PROGRAM=P:/shared/Artifactory/Windows/ninja/1.10.2/ccacdf8/ninja.exe -DPYTHON_INCLUDE_DIR=P:/shared/Artifactory/Windows/rundev-master-debug/202401181544/runtime/e81c133/runTime/include/Python311/Python -DPython_EXECUTABLE=P:/shared/Artifactory/Windows/rundev-master-debug/202401181544/runtime/e81c133/runTime/bin/mayapy.exe -DPYTHON_LIBRARIES=P:/shared/Artifactory/Windows/rundev-master-debug/202401181544/runtime/e81c133/runTime/lib/python311_d.lib -DBUILD_WITH_PYTHON_3_VERSION=3.11 -DCMAKE_WANT_MATERIALX_BUILD=ON -DCMAKE_PREFIX_PATH=P:\shared\Artifactory\Windows\USD\7259920 -DMAYAHYDRA_BUILD_NUMBER=467 -DMAYAHYDRA_GIT_COMMIT=b68fde7671223455c11e3af06432e26844954abe -DMAYAHYDRA_GIT_BRANCH=master -DMAYAUSD_LOCATION=P:\shared\Artifactory\Windows\mayausd-cotd-debug\202401170904\runtime\0b66605\mayausd "S:\Jenkins\workspace\ECP\ecg-maya-hydra\ecg-maya-hydra-branch-preflight-python3-windows\ecg-maya-hydra\maya-hydra"
[2024-01-19T13:30:01.211Z]     
[2024-01-19T13:30:01.211Z]     Traceback (most recent call last):
[2024-01-19T13:30:01.211Z]       File "S:\Jenkins\workspace\ECP\ecg-maya-hydra\ecg-maya-hydra-branch-preflight-python3-windows\ecg-maya-hydra\maya-hydra\build.py", line 745, in <module>
[2024-01-19T13:30:01.211Z]         BuildAndInstall(context, context.buildArgs, context.stagesArgs)
[2024-01-19T13:30:01.211Z]       File "S:\Jenkins\workspace\ECP\ecg-maya-hydra\ecg-maya-hydra-branch-preflight-python3-windows\ecg-maya-hydra\maya-hydra\build.py", line 502, in BuildAndInstall
[2024-01-19T13:30:01.211Z]         RunCMake(context, extraArgs, stagesArgs)
[2024-01-19T13:30:01.211Z]       File "S:\Jenkins\workspace\ECP\ecg-maya-hydra\ecg-maya-hydra-branch-preflight-python3-windows\ecg-maya-hydra\maya-hydra\build.py", line 305, in RunCMake
[2024-01-19T13:30:01.211Z]         Run(context,
[2024-01-19T13:30:01.211Z]       File "S:\Jenkins\workspace\ECP\ecg-maya-hydra\ecg-maya-hydra-branch-preflight-python3-windows\ecg-maya-hydra\maya-hydra\build.py", line 197, in Run
[2024-01-19T13:30:01.211Z]         raise RuntimeError("Failed to run '{cmd}'\nSee {log} for more details."
[2024-01-19T13:30:01.211Z]     RuntimeError: Failed to run 'cmake -DCMAKE_INSTALL_PREFIX="W:\install\Debug\MayaHydra" -DCMAKE_BUILD_TYPE=Debug -DCMAKE_EXPORT_COMPILE_COMMANDS=ON -G "Ninja" -DMAYA_LOCATION="P:\shared\Artifactory\Windows\rundev-master-debug\202401181544\runtime\e81c133\runTime" -DPXR_USD_LOCATION="P:\shared\Artifactory\Windows\USD\7259920" -DMAYA_DEVKIT_LOCATION="P:\shared\Artifactory\Windows\rundev-master-debug\202401181544\runtime\e81c133\devkitBase" -DCMAKE_MAKE_PROGRAM=P:/shared/Artifactory/Windows/ninja/1.10.2/ccacdf8/ninja.exe -DPYTHON_INCLUDE_DIR=P:/shared/Artifactory/Windows/rundev-master-debug/202401181544/runtime/e81c133/runTime/include/Python311/Python -DPython_EXECUTABLE=P:/shared/Artifactory/Windows/rundev-master-debug/202401181544/runtime/e81c133/runTime/bin/mayapy.exe -DPYTHON_LIBRARIES=P:/shared/Artifactory/Windows/rundev-master-debug/202401181544/runtime/e81c133/runTime/lib/python311_d.lib -DBUILD_WITH_PYTHON_3_VERSION=3.11 -DCMAKE_WANT_MATERIALX_BUILD=ON -DCMAKE_PREFIX_PATH=P:\shared\Artifactory\Windows\USD\7259920 -DMAYAHYDRA_BUILD_NUMBER=467 -DMAYAHYDRA_GIT_COMMIT=b68fde7671223455c11e3af06432e26844954abe -DMAYAHYDRA_GIT_BRANCH=master -DMAYAUSD_LOCATION=P:\shared\Artifactory\Windows\mayausd-cotd-debug\202401170904\runtime\0b66605\mayausd "S:\Jenkins\workspace\ECP\ecg-maya-hydra\ecg-maya-hydra-branch-preflight-python3-windows\ecg-maya-hydra\maya-hydra"'
[2024-01-19T13:30:01.211Z]     See W:\build\Debug\build_log.txt for more details.
[2024-01-19T13:30:01.211Z] build.py: error: Command failed with error code: 1
[Pipeline] bat
[2024-01-19T13:30:01.785Z] Deleting alias drive W:
[Pipeline] bat
[2024-01-19T13:30:02.357Z] Deleting alias drive P:
[Pipeline] }
[Pipeline] // withEnv
[Pipeline] }
[Pipeline] // timeout
[Pipeline] }
[Pipeline] // stage
[Pipeline] }
[Pipeline] // timestamps
[Pipeline] emailextrecipients
Not sending mail to user ecg.jenkins@autodesk.com with no permission to view ECP  ecg-maya-hydra  Maya Hydra [Python 3, Interactive] - Branch - Preflight (Windows) #467Not sending mail to user ecg.jenkins@autodesk.com with no permission to view ECP  ecg-maya-hydra  Maya Hydra [Python 3, Interactive] - Branch - Preflight (Windows) #467[Pipeline] echo
No recipients to send notification.
[Pipeline] }
[Pipeline] // node
[Pipeline] End of Pipeline
ERROR: script returned exit code 1
[Checks API] No suitable checks publisher found.
Finished: FAILURE
