[2024-01-22T15:24:11.392Z] ================================================================================
[2024-01-22T15:24:11.392Z]                                  setup (Debug)
[2024-01-22T15:24:11.392Z] ================================================================================
[2024-01-22T15:24:11.392Z] Installing license file 'melicense.lic'.
[Pipeline] bat
[2024-01-22T15:24:12.464Z] Deleting alias drive W:
[Pipeline] bat
[2024-01-22T15:24:13.064Z] Deleting alias drive P:
[Pipeline] bat
[2024-01-22T15:24:13.669Z] Creating alias drive P: to S:\jenkins\workspace
[Pipeline] bat
[2024-01-22T15:24:14.251Z] Creating alias drive W: to S:\jenkins\workspace\ECP\ecg-maya-hydra\ecg-maya-hydra-branch-preflight-python3-windows
[Pipeline] bat
[2024-01-22T15:24:14.991Z] "C:\Program Files\Microsoft Visual Studio\2022\Professional\VC\Auxiliary\Build\vcvarsall.bat" x64
[2024-01-22T15:24:15.326Z] **********************************************************************
[2024-01-22T15:24:15.326Z] ** Visual Studio 2022 Developer Command Prompt v17.3.2
[2024-01-22T15:24:15.326Z] ** Copyright (c) 2022 Microsoft Corporation
[2024-01-22T15:24:15.326Z] **********************************************************************
[2024-01-22T15:24:16.731Z] [vcvarsall.bat] Environment initialized for: 'x64'
[2024-01-22T15:24:16.731Z] python ecg-maya-hydra/build.py --stages=setup --workspace-dir=W:\ --artifactory-dir=P:\shared\Artifactory --build-dir=W:\build --install-dir=W:\install --signing-dir=W:\signing --package-dir=W:\package --output-dir=W:\output --stash-dir=W:\stash --jenkins-build=472 --git-commit=8d8f87274605c211c52d8b9a8317a98ac9b44a68 --git-branch=master --variants=RelWithDebInfo --interactive-tests=true --post-zips=false --extra-license-file=ecg-maya-hydra/jenkins-o03-cot/melicense.lic --prune-versions=3 --prune-revisions=3 --maya-cut-config=maya-rundev-master.yaml --maya-package=rundev-master --stage-banner --prune-artifacts --force-pruning
[2024-01-22T15:24:17.883Z] ('config_file', 'S:\\jenkins\\workspace\\ECP\\ecg-maya-hydra\\ecg-maya-hydra-branch-preflight-python3-windows\\ecg-maya-hydra\\maya-rundev-master.yaml')
[2024-01-22T15:24:17.883Z] Getting rundev-master download URL from Maya SHA-1 hash
[2024-01-22T15:24:17.883Z] Finding Artifactory servers response times
[2024-01-22T15:24:20.200Z] [VERBOSE] Start loading URL (CURL): https://art-bobcat.autodesk.com/artifactory/api/system/ping
[2024-01-22T15:24:20.200Z] [DEBUG] Running: C:\WINDOWS\system32\curl.exe -s -X GET --keepalive-time 10 --connect-timeout 60 --speed-limit 10000 --speed-time 120 --max-time 1800 --retry 5 --retry-max-time 2400 -H Connection:close https://art-bobcat.autodesk.com/artifactory/api/system/ping
[2024-01-22T15:24:20.200Z] [DEBUG] Output:
[2024-01-22T15:24:20.200Z] OK
[2024-01-22T15:24:20.200Z] [VERBOSE] End loading URL (CURL): https://art-bobcat.autodesk.com/artifactory/api/system/ping
[2024-01-22T15:24:20.200Z] [VERBOSE] Start loading URL (CURL): https://art-marmotte.autodesk.com/artifactory/api/system/ping
[2024-01-22T15:24:20.200Z] [DEBUG] Running: C:\WINDOWS\system32\curl.exe -s -X GET --keepalive-time 10 --connect-timeout 60 --speed-limit 10000 --speed-time 120 --max-time 1800 --retry 5 --retry-max-time 2400 -H Connection:close https://art-marmotte.autodesk.com/artifactory/api/system/ping
[2024-01-22T15:24:20.200Z] [DEBUG] Output:
[2024-01-22T15:24:20.200Z] OK
[2024-01-22T15:24:20.200Z] [VERBOSE] End loading URL (CURL): https://art-marmotte.autodesk.com/artifactory/api/system/ping
[2024-01-22T15:24:20.540Z] [VERBOSE] Start loading URL (CURL): https://art-bear.autodesk.com/artifactory/api/system/ping
[2024-01-22T15:24:20.540Z] [DEBUG] Running: C:\WINDOWS\system32\curl.exe -s -X GET --keepalive-time 10 --connect-timeout 60 --speed-limit 10000 --speed-time 120 --max-time 1800 --retry 5 --retry-max-time 2400 -H Connection:close https://art-bear.autodesk.com/artifactory/api/system/ping
[2024-01-22T15:24:20.540Z] [DEBUG] Output:
[2024-01-22T15:24:20.540Z] OK
[2024-01-22T15:24:20.540Z] [VERBOSE] End loading URL (CURL): https://art-bear.autodesk.com/artifactory/api/system/ping
[2024-01-22T15:24:20.540Z] [VERBOSE] Start loading URL (CURL): https://art-bobcat.autodesk.com/artifactory/api/search/checksum?repos=team-maya-generic,oss-stg-generic,team-mayausd-post-generic,autodesk-3p-generic,adsk-build-tools-generic,team-ecg-generic&sha1=0350487757c9991e0162180725c199a07350931a
[2024-01-22T15:24:20.540Z] [DEBUG] Running: C:\WINDOWS\system32\curl.exe -s -X GET --keepalive-time 10 --connect-timeout 60 --speed-limit 10000 --speed-time 120 --max-time 1800 --retry 5 --retry-max-time 2400 -H Connection:close -H Authorization:Basic ZWNnYmlmcm9zdDpvcGUqKjAw https://art-bobcat.autodesk.com/artifactory/api/search/checksum?repos=team-maya-generic,oss-stg-generic,team-mayausd-post-generic,autodesk-3p-generic,adsk-build-tools-generic,team-ecg-generic&sha1=0350487757c9991e0162180725c199a07350931a
[2024-01-22T15:24:20.540Z] [DEBUG] Output:
[2024-01-22T15:24:20.540Z] {
[2024-01-22T15:24:20.540Z]   "results" : [ {
[2024-01-22T15:24:20.540Z]     "uri" : "https://art-bobcat.autodesk.com:443/artifactory/api/storage/team-maya-generic/Maya/master/px64/2024-01-21-11-43_391eddf161/202401211143-391eddf161-RUNDEV.zip"
[2024-01-22T15:24:20.540Z]   } ]
[2024-01-22T15:24:20.540Z] }
[2024-01-22T15:24:20.540Z] [VERBOSE] End loading URL (CURL): https://art-bobcat.autodesk.com/artifactory/api/search/checksum?repos=team-maya-generic,oss-stg-generic,team-mayausd-post-generic,autodesk-3p-generic,adsk-build-tools-generic,team-ecg-generic&sha1=0350487757c9991e0162180725c199a07350931a
[2024-01-22T15:24:20.540Z] [VERBOSE] Start loading URL (CURL): https://art-bobcat.autodesk.com:443/artifactory/api/storage/team-maya-generic/Maya/master/px64/2024-01-21-11-43_391eddf161/202401211143-391eddf161-RUNDEV.zip
[2024-01-22T15:24:20.540Z] [DEBUG] Running: C:\WINDOWS\system32\curl.exe -s -X GET --keepalive-time 10 --connect-timeout 60 --speed-limit 10000 --speed-time 120 --max-time 1800 --retry 5 --retry-max-time 2400 -H Connection:close -H Authorization:Basic ZWNnYmlmcm9zdDpvcGUqKjAw https://art-bobcat.autodesk.com:443/artifactory/api/storage/team-maya-generic/Maya/master/px64/2024-01-21-11-43_391eddf161/202401211143-391eddf161-RUNDEV.zip
[2024-01-22T15:24:20.540Z] [DEBUG] Output:
[2024-01-22T15:24:20.540Z] {
[2024-01-22T15:24:20.540Z]   "repo" : "team-maya-generic",
[2024-01-22T15:24:20.540Z]   "path" : "/Maya/master/px64/2024-01-21-11-43_391eddf161/202401211143-391eddf161-RUNDEV.zip",
[2024-01-22T15:24:20.540Z]   "created" : "2024-01-21T13:59:17.209-08:00",
[2024-01-22T15:24:20.540Z]   "createdBy" : "svc_aad_p_mescm",
[2024-01-22T15:24:20.540Z]   "lastModified" : "2024-01-21T13:54:44.107-08:00",
[2024-01-22T15:24:20.540Z]   "modifiedBy" : "svc_aad_p_mescm",
[2024-01-22T15:24:20.540Z]   "lastUpdated" : "2024-01-21T13:59:17.210-08:00",
[2024-01-22T15:24:20.540Z]   "downloadUri" : "https://art-bobcat.autodesk.com:443/artifactory/team-maya-generic/Maya/master/px64/2024-01-21-11-43_391eddf161/202401211143-391eddf161-RUNDEV.zip",
[2024-01-22T15:24:20.540Z]   "mimeType" : "application/zip",
[2024-01-22T15:24:20.540Z]   "size" : "2548498988",
[2024-01-22T15:24:20.540Z]   "checksums" : {
[2024-01-22T15:24:20.540Z]     "sha1" : "0350487757c9991e0162180725c199a07350931a",
[2024-01-22T15:24:20.540Z]     "md5" : "c707b3b8d5c293739f3d7b783ce8a41f",
[2024-01-22T15:24:20.540Z]     "sha256" : "1b9e796b69139d9405708c3478ecbe12cbb6d7fa3cb4169d4cd17ba5a10a10e4"
[2024-01-22T15:24:20.540Z]   },
[2024-01-22T15:24:20.540Z]   "originalChecksums" : {
[2024-01-22T15:24:20.540Z]     "sha1" : "0350487757c9991e0162180725c199a07350931a",
[2024-01-22T15:24:20.540Z]     "md5" : "c707b3b8d5c293739f3d7b783ce8a41f",
[2024-01-22T15:24:20.540Z]     "sha256" : "1b9e796b69139d9405708c3478ecbe12cbb6d7fa3cb4169d4cd17ba5a10a10e4"
[2024-01-22T15:24:20.540Z]   },
[2024-01-22T15:24:20.540Z]   "uri" : "https://art-bobcat.autodesk.com:443/artifactory/api/storage/team-maya-generic/Maya/master/px64/2024-01-21-11-43_391eddf161/202401211143-391eddf161-RUNDEV.zip"
[2024-01-22T15:24:20.540Z] }
[2024-01-22T15:24:20.540Z] [VERBOSE] End loading URL (CURL): https://art-bobcat.autodesk.com:443/artifactory/api/storage/team-maya-generic/Maya/master/px64/2024-01-21-11-43_391eddf161/202401211143-391eddf161-RUNDEV.zip
[2024-01-22T15:24:20.540Z] Using Maya cut from P:\shared\Artifactory\Windows\rundev-master\202401211143\runtime\0350487\runTime
[2024-01-22T15:24:20.540Z] Using Maya ADSK Signatures from P:\shared\Artifactory\Windows\adsk-plugin-signatures-maya\2023\3ae1ae7
[2024-01-22T15:24:20.540Z] Using Maya Security Library from P:\shared\Artifactory\Windows\maya-security-library\3.4.0\284407f
[2024-01-22T15:24:20.540Z] 
[2024-01-22T15:24:20.540Z] ================================================================================
[2024-01-22T15:24:20.540Z]                              setup (RelWithDebInfo)
[2024-01-22T15:24:20.540Z] ================================================================================
[2024-01-22T15:24:20.540Z] Installing license file 'melicense.lic'.
[Pipeline] bat
[2024-01-22T15:24:21.214Z] Deleting alias drive W:
[Pipeline] bat
[2024-01-22T15:24:21.827Z] Deleting alias drive P:
[Pipeline] }
[Pipeline] // withEnv
[Pipeline] }
[Pipeline] // timeout
[Pipeline] }
[Pipeline] // stage
[Pipeline] }
[Pipeline] // timestamps
[Pipeline] timestamps
[Pipeline] {
[Pipeline] stage
[Pipeline] { (Clean)
[Pipeline] timeout
[2024-01-22T15:24:22.053Z] Timeout set to expire in 6 hr 0 min
[Pipeline] {
[Pipeline] withEnv
[Pipeline] {
[Pipeline] bat
[2024-01-22T15:24:22.622Z] Creating alias drive P: to S:\jenkins\workspace
[Pipeline] bat
[2024-01-22T15:24:23.212Z] Creating alias drive W: to S:\jenkins\workspace\ECP\ecg-maya-hydra\ecg-maya-hydra-branch-preflight-python3-windows
[Pipeline] bat
[2024-01-22T15:24:23.964Z] "C:\Program Files\Microsoft Visual Studio\2022\Professional\VC\Auxiliary\Build\vcvarsall.bat" x64
[2024-01-22T15:24:24.295Z] **********************************************************************
[2024-01-22T15:24:24.295Z] ** Visual Studio 2022 Developer Command Prompt v17.3.2
[2024-01-22T15:24:24.295Z] ** Copyright (c) 2022 Microsoft Corporation
[2024-01-22T15:24:24.295Z] **********************************************************************
[2024-01-22T15:24:25.574Z] [vcvarsall.bat] Environment initialized for: 'x64'
[2024-01-22T15:24:25.574Z] python ecg-maya-hydra/build.py --stages=clean --workspace-dir=W:\ --artifactory-dir=P:\shared\Artifactory --build-dir=W:\build --install-dir=W:\install --signing-dir=W:\signing --package-dir=W:\package --output-dir=W:\output --stash-dir=W:\stash --jenkins-build=472 --git-commit=8d8f87274605c211c52d8b9a8317a98ac9b44a68 --git-branch=master --variants=Debug --interactive-tests=true --post-zips=false --maya-cut-config=maya-rundev-master-debug.yaml --maya-package=rundev-master-debug --stage-banner
[2024-01-22T15:24:26.741Z] ('config_file', 'S:\\jenkins\\workspace\\ECP\\ecg-maya-hydra\\ecg-maya-hydra-branch-preflight-python3-windows\\ecg-maya-hydra\\maya-rundev-master-debug.yaml')
[2024-01-22T15:24:26.741Z] Using Maya cut from P:\shared\Artifactory\Windows\rundev-master-debug\202401211143\runtime\5f16f5a\runTime
[2024-01-22T15:24:26.741Z] Using Maya ADSK Signatures from P:\shared\Artifactory\Windows\adsk-plugin-signatures-maya\2023\3ae1ae7
[2024-01-22T15:24:26.741Z] Using Maya Security Library from P:\shared\Artifactory\Windows\maya-security-library\3.4.0\284407f
[2024-01-22T15:24:26.741Z] 
[2024-01-22T15:24:26.741Z] ================================================================================
[2024-01-22T15:24:26.741Z]                                  clean (Debug)
[2024-01-22T15:24:26.741Z] ================================================================================
[2024-01-22T15:24:26.741Z] Maya Python Debug Info:
[2024-01-22T15:24:26.741Z]   mayapy executable   = P:\shared\Artifactory\Windows\rundev-master-debug\202401211143\runtime\5f16f5a\runTime\bin\mayapy.exe
[2024-01-22T15:24:26.741Z]   Include Folder      = P:\shared\Artifactory\Windows\rundev-master-debug\202401211143\runtime\5f16f5a\runTime\include\Python311\Python
[2024-01-22T15:24:26.741Z]   Library             = P:\shared\Artifactory\Windows\rundev-master-debug\202401211143\runtime\5f16f5a\runTime\lib\python311_d.lib
[2024-01-22T15:24:26.741Z]   site-package Folder = P:\shared\Artifactory\Windows\rundev-master-debug\202401211143\runtime\5f16f5a\runTime\Python\Lib\site-packages
[2024-01-22T15:24:29.701Z] 
[2024-01-22T15:24:29.701Z]             WARNING: The 'psutil' python package isn't installed. Thus, Peptide
[2024-01-22T15:24:29.701Z]             won't be able to determine the amount of RAM available. It will assume
[2024-01-22T15:24:29.701Z]             that your machine has only 16GB available, and will limit the number
[2024-01-22T15:24:29.701Z]             the number of link jobs being performed in parallel. This can
[2024-01-22T15:24:29.701Z]             negatively affect your build times.
[2024-01-22T15:24:29.701Z] 
[2024-01-22T15:24:29.701Z]             Please 'pip(3) install psutil' to resolve this.
[2024-01-22T15:24:29.701Z]             
[2024-01-22T15:24:29.701Z] In workdir: S:\jenkins\workspace\ECP\ecg-maya-hydra\ecg-maya-hydra-branch-preflight-python3-windows\ecg-maya-hydra\maya-hydra
[2024-01-22T15:24:29.701Z] Executing: 'P:\\shared\\Artifactory\\Windows\\rundev-master-debug\\202401211143\\runtime\\5f16f5a\\runTime\\bin\\mayapy.exe' 'S:\\jenkins\\workspace\\ECP\\ecg-maya-hydra\\ecg-maya-hydra-branch-preflight-python3-windows\\ecg-maya-hydra\\maya-hydra\\build.py' --generator Ninja --build-debug --maya-location 'P:\\shared\\Artifactory\\Windows\\rundev-master-debug\\202401211143\\runtime\\5f16f5a\\runTime' --devkit-location 'P:\\shared\\Artifactory\\Windows\\rundev-master-debug\\202401211143\\runtime\\5f16f5a\\devkitBase' --pxrusd-location 'P:\\shared\\Artifactory\\Windows\\USD\\7259920' '--build-args=-DCMAKE_MAKE_PROGRAM=P:/shared/Artifactory/Windows/ninja/1.10.2/ccacdf8/ninja.exe,-DPYTHON_INCLUDE_DIR=P:/shared/Artifactory/Windows/rundev-master-debug/202401211143/runtime/5f16f5a/runTime/include/Python311/Python,-DPython_EXECUTABLE=P:/shared/Artifactory/Windows/rundev-master-debug/202401211143/runtime/5f16f5a/runTime/bin/mayapy.exe,-DPYTHON_LIBRARIES=P:/shared/Artifactory/Windows/rundev-master-debug/202401211143/runtime/5f16f5a/runTime/lib/python311_d.lib,-DBUILD_WITH_PYTHON_3_VERSION=3.11,-DCMAKE_WANT_MATERIALX_BUILD=ON,-DCMAKE_PREFIX_PATH=P:\\shared\\Artifactory\\Windows\\USD\\7259920,-DMAYAHYDRA_BUILD_NUMBER=472,-DMAYAHYDRA_GIT_COMMIT=8d8f87274605c211c52d8b9a8317a98ac9b44a68,-DMAYAHYDRA_GIT_BRANCH=master,-DMAYAUSD_LOCATION=P:\\shared\\Artifactory\\Windows\\mayausd-cotd-debug\\202401170904\\runtime\\0b66605\\mayausd' --debug-python '--ctest-args=--parallel 16' --stages=clean --redirect-outstream-file=False --install-location 'W:\\install\\Debug\\MayaHydra' 'W:\\'
[2024-01-22T15:24:29.701Z] Modified environment variables:
[2024-01-22T15:24:29.701Z]     PATH=P:\shared\Artifactory\Windows\cmake\3.20.3\afe857a\bin;C:\Python27\lib\site-packages\pywin32_system32;C:\Program Files\Microsoft Visual Studio\2022\Professional\VC\Tools\MSVC\14.33.31629\bin\HostX64\x64;C:\Program Files\Microsoft Visual Studio\2022\Professional\Common7\IDE\VC\VCPackages;C:\Program Files\Microsoft Visual Studio\2022\Professional\Common7\IDE\CommonExtensions\Microsoft\TestWindow;C:\Program Files\Microsoft Visual Studio\2022\Professional\Common7\IDE\CommonExtensions\Microsoft\TeamFoundation\Team Explorer;C:\Program Files\Microsoft Visual Studio\2022\Professional\MSBuild\Current\bin\Roslyn;C:\Program Files\Microsoft Visual Studio\2022\Professional\Team Tools\Performance Tools\x64;C:\Program Files\Microsoft Visual Studio\2022\Professional\Team Tools\Performance Tools;C:\Program Files (x86)\Microsoft Visual Studio\Shared\Common\VSPerfCollectionTools\vs2019\\x64;C:\Program Files (x86)\Microsoft Visual Studio\Shared\Common\VSPerfCollectionTools\vs2019\;C:\Program Files (x86)\Microsoft SDKs\Windows\v10.0A\bin\NETFX 4.8 Tools\x64\;C:\Program Files (x86)\HTML Help Workshop;C:\Program Files\Microsoft Visual Studio\2022\Professional\Common7\IDE\CommonExtensions\Microsoft\FSharp\Tools;C:\Program Files (x86)\Windows Kits\10\bin\10.0.19041.0\\x64;C:\Program Files (x86)\Windows Kits\10\bin\\x64;C:\Program Files\Microsoft Visual Studio\2022\Professional\\MSBuild\Current\Bin\amd64;C:\WINDOWS\Microsoft.NET\Framework64\v4.0.30319;C:\Program Files\Microsoft Visual Studio\2022\Professional\Common7\IDE\;C:\Program Files\Microsoft Visual Studio\2022\Professional\Common7\Tools\;C:\Python27\;C:\Python27\Scripts;C:\WINDOWS\system32;C:\WINDOWS;C:\WINDOWS\System32\Wbem;C:\WINDOWS\System32\WindowsPowerShell\v1.0\;C:\WINDOWS\System32\OpenSSH\;C:\ProgramData\chocolatey\bin;C:\Program Files (x86)\WiX Toolset v3.7\bin;C:\Program Files\dotnet\;C:\Program Files (x86)\Windows Kits\10\bin\10.0.18362.0\x64;C:\Program Files\Zulu\zulu-11\bin\;C:\Program Files (x86)\Windows Kits\10\bin\10.0.17763.0\x64;C:\Program Files (x86)\Windows Kits\10\bin\x64;C:\Program Files\Git\cmd;C:\Program Files\Git\usr\bin;C:\Program Files\Git\mingw64\bin;C:\Program Files\Git\bin;C:\Python38\;C:\Python38\Scripts;C:\StoreBoxClientWindows;C:\Program Files\Electric Cloud\ElectricCommander\bin;C:\Program Files\WinRAR;C:\Program Files\7-Zip;C:\Program Files (x86)\Windows Kits\10\bin\10.0.19041.0\x64;C:\Users\Administrator\AppData\Local\Microsoft\WindowsApps;C:\Users\Administrator\.dotnet\tools;C:\Program Files\Microsoft Visual Studio\2022\Professional\Common7\IDE\CommonExtensions\Microsoft\CMake\CMake\bin;C:\Program Files\Microsoft Visual Studio\2022\Professional\Common7\IDE\CommonExtensions\Microsoft\CMake\Ninja;C:\Program Files\Microsoft Visual Studio\2022\Professional\Common7\IDE\VC\Linux\bin\ConnectionManagerExe
[2024-01-22T15:24:30.473Z]     
[2024-01-22T15:24:30.473Z]         Building with settings:
[2024-01-22T15:24:30.473Z]           Source directory          S:\jenkins\workspace\ECP\ecg-maya-hydra\ecg-maya-hydra-branch-preflight-python3-windows\ecg-maya-hydra\maya-hydra
[2024-01-22T15:24:30.473Z]           Workspace directory       W:\
[2024-01-22T15:24:30.473Z]           Build directory           W:\build\Debug
[2024-01-22T15:24:30.473Z]           Install directory         W:\install\Debug\MayaHydra
[2024-01-22T15:24:30.473Z]           Variant                   Debug
[2024-01-22T15:24:30.473Z]           Python Debug              On
[2024-01-22T15:24:30.473Z]           CMake generator           Ninja
[2024-01-22T15:24:30.473Z]           Build arguments           ['-DCMAKE_MAKE_PROGRAM=P:/shared/Artifactory/Windows/ninja/1.10.2/ccacdf8/ninja.exe', '-DPYTHON_INCLUDE_DIR=P:/shared/Artifactory/Windows/rundev-master-debug/202401211143/runtime/5f16f5a/runTime/include/Python311/Python', '-DPython_EXECUTABLE=P:/shared/Artifactory/Windows/rundev-master-debug/202401211143/runtime/5f16f5a/runTime/bin/mayapy.exe', '-DPYTHON_LIBRARIES=P:/shared/Artifactory/Windows/rundev-master-debug/202401211143/runtime/5f16f5a/runTime/lib/python311_d.lib', '-DBUILD_WITH_PYTHON_3_VERSION=3.11', '-DCMAKE_WANT_MATERIALX_BUILD=ON', '-DCMAKE_PREFIX_PATH=P:\\shared\\Artifactory\\Windows\\USD\\7259920', '-DMAYAHYDRA_BUILD_NUMBER=472', '-DMAYAHYDRA_GIT_COMMIT=8d8f87274605c211c52d8b9a8317a98ac9b44a68', '-DMAYAHYDRA_GIT_BRANCH=master', '-DMAYAUSD_LOCATION=P:\\shared\\Artifactory\\Windows\\mayausd-cotd-debug\\202401170904\\runtime\\0b66605\\mayausd']
[2024-01-22T15:24:30.473Z]           Stages arguments          ['clean']
[2024-01-22T15:24:30.473Z]           CTest arguments           ['--parallel 16']
[2024-01-22T15:24:30.473Z]     Success MayaHydra build and install !!!!
[2024-01-22T15:24:30.473Z]     Elapsed time: 00:00:00
[Pipeline] bat
[2024-01-22T15:24:31.383Z] Deleting alias drive W:
[Pipeline] bat
[2024-01-22T15:24:31.962Z] Deleting alias drive P:
[Pipeline] bat
[2024-01-22T15:24:32.942Z] Creating alias drive P: to S:\jenkins\workspace
[Pipeline] bat
[2024-01-22T15:24:33.620Z] Creating alias drive W: to S:\jenkins\workspace\ECP\ecg-maya-hydra\ecg-maya-hydra-branch-preflight-python3-windows
[Pipeline] bat
[2024-01-22T15:24:34.332Z] "C:\Program Files\Microsoft Visual Studio\2022\Professional\VC\Auxiliary\Build\vcvarsall.bat" x64
[2024-01-22T15:24:34.662Z] **********************************************************************
[2024-01-22T15:24:34.662Z] ** Visual Studio 2022 Developer Command Prompt v17.3.2
[2024-01-22T15:24:34.662Z] ** Copyright (c) 2022 Microsoft Corporation
[2024-01-22T15:24:34.662Z] **********************************************************************
[2024-01-22T15:24:35.813Z] [vcvarsall.bat] Environment initialized for: 'x64'
[2024-01-22T15:24:35.813Z] python ecg-maya-hydra/build.py --stages=clean --workspace-dir=W:\ --artifactory-dir=P:\shared\Artifactory --build-dir=W:\build --install-dir=W:\install --signing-dir=W:\signing --package-dir=W:\package --output-dir=W:\output --stash-dir=W:\stash --jenkins-build=472 --git-commit=8d8f87274605c211c52d8b9a8317a98ac9b44a68 --git-branch=master --variants=RelWithDebInfo --interactive-tests=true --post-zips=false --maya-cut-config=maya-rundev-master.yaml --maya-package=rundev-master --stage-banner
[2024-01-22T15:24:36.965Z] ('config_file', 'S:\\jenkins\\workspace\\ECP\\ecg-maya-hydra\\ecg-maya-hydra-branch-preflight-python3-windows\\ecg-maya-hydra\\maya-rundev-master.yaml')
[2024-01-22T15:24:36.965Z] Using Maya cut from P:\shared\Artifactory\Windows\rundev-master\202401211143\runtime\0350487\runTime
[2024-01-22T15:24:36.965Z] Using Maya ADSK Signatures from P:\shared\Artifactory\Windows\adsk-plugin-signatures-maya\2023\3ae1ae7
[2024-01-22T15:24:36.965Z] Using Maya Security Library from P:\shared\Artifactory\Windows\maya-security-library\3.4.0\284407f
[2024-01-22T15:24:36.965Z] 
[2024-01-22T15:24:36.965Z] ================================================================================
[2024-01-22T15:24:36.965Z]                              clean (RelWithDebInfo)
[2024-01-22T15:24:36.965Z] ================================================================================
[2024-01-22T15:24:36.965Z] Maya Python RelWithDebInfo Info:
[2024-01-22T15:24:36.965Z]   mayapy executable   = P:\shared\Artifactory\Windows\rundev-master\202401211143\runtime\0350487\runTime\bin\mayapy.exe
[2024-01-22T15:24:36.965Z]   Include Folder      = P:\shared\Artifactory\Windows\rundev-master\202401211143\runtime\0350487\runTime\include\Python311\Python
[2024-01-22T15:24:36.965Z]   Library             = P:\shared\Artifactory\Windows\rundev-master\202401211143\runtime\0350487\runTime\lib\python311.lib
[2024-01-22T15:24:36.965Z]   site-package Folder = P:\shared\Artifactory\Windows\rundev-master\202401211143\runtime\0350487\runTime\Python\Lib\site-packages
[2024-01-22T15:24:38.122Z] In workdir: S:\jenkins\workspace\ECP\ecg-maya-hydra\ecg-maya-hydra-branch-preflight-python3-windows\ecg-maya-hydra\maya-hydra
[2024-01-22T15:24:38.122Z] Executing: 'P:\\shared\\Artifactory\\Windows\\rundev-master\\202401211143\\runtime\\0350487\\runTime\\bin\\mayapy.exe' 'S:\\jenkins\\workspace\\ECP\\ecg-maya-hydra\\ecg-maya-hydra-branch-preflight-python3-windows\\ecg-maya-hydra\\maya-hydra\\build.py' --generator Ninja --build-relwithdebug --maya-location 'P:\\shared\\Artifactory\\Windows\\rundev-master\\202401211143\\runtime\\0350487\\runTime' --devkit-location 'P:\\shared\\Artifactory\\Windows\\rundev-master\\202401211143\\runtime\\0350487\\devkitBase' --pxrusd-location 'P:\\shared\\Artifactory\\Windows\\USD\\0fd301b' '--build-args=-DCMAKE_MAKE_PROGRAM=P:/shared/Artifactory/Windows/ninja/1.10.2/ccacdf8/ninja.exe,-DPYTHON_INCLUDE_DIR=P:/shared/Artifactory/Windows/rundev-master/202401211143/runtime/0350487/runTime/include/Python311/Python,-DPython_EXECUTABLE=P:/shared/Artifactory/Windows/rundev-master/202401211143/runtime/0350487/runTime/bin/mayapy.exe,-DPYTHON_LIBRARIES=P:/shared/Artifactory/Windows/rundev-master/202401211143/runtime/0350487/runTime/lib/python311.lib,-DBUILD_WITH_PYTHON_3_VERSION=3.11,-DCMAKE_WANT_MATERIALX_BUILD=ON,-DCMAKE_PREFIX_PATH=P:\\shared\\Artifactory\\Windows\\USD\\0fd301b,-DMAYAHYDRA_BUILD_NUMBER=472,-DMAYAHYDRA_GIT_COMMIT=8d8f87274605c211c52d8b9a8317a98ac9b44a68,-DMAYAHYDRA_GIT_BRANCH=master,-DMAYAUSD_LOCATION=P:\\shared\\Artifactory\\Windows\\mayausd-cotd\\202401170904\\runtime\\4663c63\\mayausd' '--ctest-args=--parallel 16' --stages=clean --redirect-outstream-file=False --install-location 'W:\\install\\RelWithDebInfo\\MayaHydra' 'W:\\'
[2024-01-22T15:24:38.122Z] Modified environment variables:
[2024-01-22T15:24:38.122Z]     PATH=P:\shared\Artifactory\Windows\cmake\3.20.3\afe857a\bin;C:\Python27\lib\site-packages\pywin32_system32;C:\Program Files\Microsoft Visual Studio\2022\Professional\VC\Tools\MSVC\14.33.31629\bin\HostX64\x64;C:\Program Files\Microsoft Visual Studio\2022\Professional\Common7\IDE\VC\VCPackages;C:\Program Files\Microsoft Visual Studio\2022\Professional\Common7\IDE\CommonExtensions\Microsoft\TestWindow;C:\Program Files\Microsoft Visual Studio\2022\Professional\Common7\IDE\CommonExtensions\Microsoft\TeamFoundation\Team Explorer;C:\Program Files\Microsoft Visual Studio\2022\Professional\MSBuild\Current\bin\Roslyn;C:\Program Files\Microsoft Visual Studio\2022\Professional\Team Tools\Performance Tools\x64;C:\Program Files\Microsoft Visual Studio\2022\Professional\Team Tools\Performance Tools;C:\Program Files (x86)\Microsoft Visual Studio\Shared\Common\VSPerfCollectionTools\vs2019\\x64;C:\Program Files (x86)\Microsoft Visual Studio\Shared\Common\VSPerfCollectionTools\vs2019\;C:\Program Files (x86)\Microsoft SDKs\Windows\v10.0A\bin\NETFX 4.8 Tools\x64\;C:\Program Files (x86)\HTML Help Workshop;C:\Program Files\Microsoft Visual Studio\2022\Professional\Common7\IDE\CommonExtensions\Microsoft\FSharp\Tools;C:\Program Files (x86)\Windows Kits\10\bin\10.0.19041.0\\x64;C:\Program Files (x86)\Windows Kits\10\bin\\x64;C:\Program Files\Microsoft Visual Studio\2022\Professional\\MSBuild\Current\Bin\amd64;C:\WINDOWS\Microsoft.NET\Framework64\v4.0.30319;C:\Program Files\Microsoft Visual Studio\2022\Professional\Common7\IDE\;C:\Program Files\Microsoft Visual Studio\2022\Professional\Common7\Tools\;C:\Python27\;C:\Python27\Scripts;C:\WINDOWS\system32;C:\WINDOWS;C:\WINDOWS\System32\Wbem;C:\WINDOWS\System32\WindowsPowerShell\v1.0\;C:\WINDOWS\System32\OpenSSH\;C:\ProgramData\chocolatey\bin;C:\Program Files (x86)\WiX Toolset v3.7\bin;C:\Program Files\dotnet\;C:\Program Files (x86)\Windows Kits\10\bin\10.0.18362.0\x64;C:\Program Files\Zulu\zulu-11\bin\;C:\Program Files (x86)\Windows Kits\10\bin\10.0.17763.0\x64;C:\Program Files (x86)\Windows Kits\10\bin\x64;C:\Program Files\Git\cmd;C:\Program Files\Git\usr\bin;C:\Program Files\Git\mingw64\bin;C:\Program Files\Git\bin;C:\Python38\;C:\Python38\Scripts;C:\StoreBoxClientWindows;C:\Program Files\Electric Cloud\ElectricCommander\bin;C:\Program Files\WinRAR;C:\Program Files\7-Zip;C:\Program Files (x86)\Windows Kits\10\bin\10.0.19041.0\x64;C:\Users\Administrator\AppData\Local\Microsoft\WindowsApps;C:\Users\Administrator\.dotnet\tools;C:\Program Files\Microsoft Visual Studio\2022\Professional\Common7\IDE\CommonExtensions\Microsoft\CMake\CMake\bin;C:\Program Files\Microsoft Visual Studio\2022\Professional\Common7\IDE\CommonExtensions\Microsoft\CMake\Ninja;C:\Program Files\Microsoft Visual Studio\2022\Professional\Common7\IDE\VC\Linux\bin\ConnectionManagerExe
[2024-01-22T15:24:38.452Z]     
[2024-01-22T15:24:38.452Z]         Building with settings:
[2024-01-22T15:24:38.452Z]           Source directory          S:\jenkins\workspace\ECP\ecg-maya-hydra\ecg-maya-hydra-branch-preflight-python3-windows\ecg-maya-hydra\maya-hydra
[2024-01-22T15:24:38.452Z]           Workspace directory       W:\
[2024-01-22T15:24:38.452Z]           Build directory           W:\build\RelWithDebInfo
[2024-01-22T15:24:38.452Z]           Install directory         W:\install\RelWithDebInfo\MayaHydra
[2024-01-22T15:24:38.452Z]           Variant                   RelWithDebInfo
[2024-01-22T15:24:38.452Z]           Python Debug              Off
[2024-01-22T15:24:38.452Z]           CMake generator           Ninja
[2024-01-22T15:24:38.453Z]           Build arguments           ['-DCMAKE_MAKE_PROGRAM=P:/shared/Artifactory/Windows/ninja/1.10.2/ccacdf8/ninja.exe', '-DPYTHON_INCLUDE_DIR=P:/shared/Artifactory/Windows/rundev-master/202401211143/runtime/0350487/runTime/include/Python311/Python', '-DPython_EXECUTABLE=P:/shared/Artifactory/Windows/rundev-master/202401211143/runtime/0350487/runTime/bin/mayapy.exe', '-DPYTHON_LIBRARIES=P:/shared/Artifactory/Windows/rundev-master/202401211143/runtime/0350487/runTime/lib/python311.lib', '-DBUILD_WITH_PYTHON_3_VERSION=3.11', '-DCMAKE_WANT_MATERIALX_BUILD=ON', '-DCMAKE_PREFIX_PATH=P:\\shared\\Artifactory\\Windows\\USD\\0fd301b', '-DMAYAHYDRA_BUILD_NUMBER=472', '-DMAYAHYDRA_GIT_COMMIT=8d8f87274605c211c52d8b9a8317a98ac9b44a68', '-DMAYAHYDRA_GIT_BRANCH=master', '-DMAYAUSD_LOCATION=P:\\shared\\Artifactory\\Windows\\mayausd-cotd\\202401170904\\runtime\\4663c63\\mayausd']
[2024-01-22T15:24:38.453Z]           Stages arguments          ['clean']
[2024-01-22T15:24:38.453Z]           CTest arguments           ['--parallel 16']
[2024-01-22T15:24:38.453Z]     Success MayaHydra build and install !!!!
[2024-01-22T15:24:38.453Z]     Elapsed time: 00:00:00
[Pipeline] bat
[2024-01-22T15:24:39.081Z] Deleting alias drive W:
[Pipeline] bat
[2024-01-22T15:24:39.663Z] Deleting alias drive P:
[Pipeline] }
[Pipeline] // withEnv
[Pipeline] }
[Pipeline] // timeout
[Pipeline] }
[Pipeline] // stage
[Pipeline] }
[Pipeline] // timestamps
[Pipeline] timestamps
[Pipeline] {
[Pipeline] stage
[Pipeline] { (Configure)
[Pipeline] timeout
[2024-01-22T15:24:39.875Z] Timeout set to expire in 6 hr 0 min
[Pipeline] {
[Pipeline] withEnv
[Pipeline] {
[Pipeline] bat
[2024-01-22T15:24:40.513Z] Creating alias drive P: to S:\jenkins\workspace
[Pipeline] bat
[2024-01-22T15:24:41.089Z] Creating alias drive W: to S:\jenkins\workspace\ECP\ecg-maya-hydra\ecg-maya-hydra-branch-preflight-python3-windows
[Pipeline] bat
[2024-01-22T15:24:42.192Z] "C:\Program Files\Microsoft Visual Studio\2022\Professional\VC\Auxiliary\Build\vcvarsall.bat" x64
[2024-01-22T15:24:42.524Z] **********************************************************************
[2024-01-22T15:24:42.524Z] ** Visual Studio 2022 Developer Command Prompt v17.3.2
[2024-01-22T15:24:42.524Z] ** Copyright (c) 2022 Microsoft Corporation
[2024-01-22T15:24:42.524Z] **********************************************************************
[2024-01-22T15:24:43.754Z] [vcvarsall.bat] Environment initialized for: 'x64'
[2024-01-22T15:24:43.754Z] python ecg-maya-hydra/build.py --stages=configure --workspace-dir=W:\ --artifactory-dir=P:\shared\Artifactory --build-dir=W:\build --install-dir=W:\install --signing-dir=W:\signing --package-dir=W:\package --output-dir=W:\output --stash-dir=W:\stash --jenkins-build=472 --git-commit=8d8f87274605c211c52d8b9a8317a98ac9b44a68 --git-branch=master --variants=Debug --interactive-tests=true --post-zips=false --maya-cut-config=maya-rundev-master-debug.yaml --maya-package=rundev-master-debug --stage-banner
[2024-01-22T15:24:44.958Z] ('config_file', 'S:\\jenkins\\workspace\\ECP\\ecg-maya-hydra\\ecg-maya-hydra-branch-preflight-python3-windows\\ecg-maya-hydra\\maya-rundev-master-debug.yaml')
[2024-01-22T15:24:44.958Z] Using Maya cut from P:\shared\Artifactory\Windows\rundev-master-debug\202401211143\runtime\5f16f5a\runTime
[2024-01-22T15:24:44.958Z] Using Maya ADSK Signatures from P:\shared\Artifactory\Windows\adsk-plugin-signatures-maya\2023\3ae1ae7
[2024-01-22T15:24:44.958Z] Using Maya Security Library from P:\shared\Artifactory\Windows\maya-security-library\3.4.0\284407f
[2024-01-22T15:24:44.958Z] 
[2024-01-22T15:24:44.958Z] ================================================================================
[2024-01-22T15:24:44.958Z]                                configure (Debug)
[2024-01-22T15:24:44.958Z] ================================================================================
[2024-01-22T15:24:44.958Z] Maya Python Debug Info:
[2024-01-22T15:24:44.958Z]   mayapy executable   = P:\shared\Artifactory\Windows\rundev-master-debug\202401211143\runtime\5f16f5a\runTime\bin\mayapy.exe
[2024-01-22T15:24:44.958Z]   Include Folder      = P:\shared\Artifactory\Windows\rundev-master-debug\202401211143\runtime\5f16f5a\runTime\include\Python311\Python
[2024-01-22T15:24:44.958Z]   Library             = P:\shared\Artifactory\Windows\rundev-master-debug\202401211143\runtime\5f16f5a\runTime\lib\python311_d.lib
[2024-01-22T15:24:44.958Z]   site-package Folder = P:\shared\Artifactory\Windows\rundev-master-debug\202401211143\runtime\5f16f5a\runTime\Python\Lib\site-packages
[2024-01-22T15:24:47.939Z] 
[2024-01-22T15:24:47.939Z]             WARNING: The 'psutil' python package isn't installed. Thus, Peptide
[2024-01-22T15:24:47.939Z]             won't be able to determine the amount of RAM available. It will assume
[2024-01-22T15:24:47.939Z]             that your machine has only 16GB available, and will limit the number
[2024-01-22T15:24:47.939Z]             the number of link jobs being performed in parallel. This can
[2024-01-22T15:24:47.939Z]             negatively affect your build times.
[2024-01-22T15:24:47.939Z] 
[2024-01-22T15:24:47.940Z]             Please 'pip(3) install psutil' to resolve this.
[2024-01-22T15:24:47.940Z]             
[2024-01-22T15:24:47.940Z] In workdir: S:\jenkins\workspace\ECP\ecg-maya-hydra\ecg-maya-hydra-branch-preflight-python3-windows\ecg-maya-hydra\maya-hydra
[2024-01-22T15:24:47.940Z] Executing: 'P:\\shared\\Artifactory\\Windows\\rundev-master-debug\\202401211143\\runtime\\5f16f5a\\runTime\\bin\\mayapy.exe' 'S:\\jenkins\\workspace\\ECP\\ecg-maya-hydra\\ecg-maya-hydra-branch-preflight-python3-windows\\ecg-maya-hydra\\maya-hydra\\build.py' --generator Ninja --build-debug --maya-location 'P:\\shared\\Artifactory\\Windows\\rundev-master-debug\\202401211143\\runtime\\5f16f5a\\runTime' --devkit-location 'P:\\shared\\Artifactory\\Windows\\rundev-master-debug\\202401211143\\runtime\\5f16f5a\\devkitBase' --pxrusd-location 'P:\\shared\\Artifactory\\Windows\\USD\\7259920' '--build-args=-DCMAKE_MAKE_PROGRAM=P:/shared/Artifactory/Windows/ninja/1.10.2/ccacdf8/ninja.exe,-DPYTHON_INCLUDE_DIR=P:/shared/Artifactory/Windows/rundev-master-debug/202401211143/runtime/5f16f5a/runTime/include/Python311/Python,-DPython_EXECUTABLE=P:/shared/Artifactory/Windows/rundev-master-debug/202401211143/runtime/5f16f5a/runTime/bin/mayapy.exe,-DPYTHON_LIBRARIES=P:/shared/Artifactory/Windows/rundev-master-debug/202401211143/runtime/5f16f5a/runTime/lib/python311_d.lib,-DBUILD_WITH_PYTHON_3_VERSION=3.11,-DCMAKE_WANT_MATERIALX_BUILD=ON,-DCMAKE_PREFIX_PATH=P:\\shared\\Artifactory\\Windows\\USD\\7259920,-DMAYAHYDRA_BUILD_NUMBER=472,-DMAYAHYDRA_GIT_COMMIT=8d8f87274605c211c52d8b9a8317a98ac9b44a68,-DMAYAHYDRA_GIT_BRANCH=master,-DMAYAUSD_LOCATION=P:\\shared\\Artifactory\\Windows\\mayausd-cotd-debug\\202401170904\\runtime\\0b66605\\mayausd' --debug-python '--ctest-args=--parallel 16' --stages=configure --redirect-outstream-file=False --install-location 'W:\\install\\Debug\\MayaHydra' 'W:\\'
[2024-01-22T15:24:47.940Z] Modified environment variables:
[2024-01-22T15:24:47.940Z]     PATH=P:\shared\Artifactory\Windows\cmake\3.20.3\afe857a\bin;C:\Python27\lib\site-packages\pywin32_system32;C:\Program Files\Microsoft Visual Studio\2022\Professional\VC\Tools\MSVC\14.33.31629\bin\HostX64\x64;C:\Program Files\Microsoft Visual Studio\2022\Professional\Common7\IDE\VC\VCPackages;C:\Program Files\Microsoft Visual Studio\2022\Professional\Common7\IDE\CommonExtensions\Microsoft\TestWindow;C:\Program Files\Microsoft Visual Studio\2022\Professional\Common7\IDE\CommonExtensions\Microsoft\TeamFoundation\Team Explorer;C:\Program Files\Microsoft Visual Studio\2022\Professional\MSBuild\Current\bin\Roslyn;C:\Program Files\Microsoft Visual Studio\2022\Professional\Team Tools\Performance Tools\x64;C:\Program Files\Microsoft Visual Studio\2022\Professional\Team Tools\Performance Tools;C:\Program Files (x86)\Microsoft Visual Studio\Shared\Common\VSPerfCollectionTools\vs2019\\x64;C:\Program Files (x86)\Microsoft Visual Studio\Shared\Common\VSPerfCollectionTools\vs2019\;C:\Program Files (x86)\Microsoft SDKs\Windows\v10.0A\bin\NETFX 4.8 Tools\x64\;C:\Program Files (x86)\HTML Help Workshop;C:\Program Files\Microsoft Visual Studio\2022\Professional\Common7\IDE\CommonExtensions\Microsoft\FSharp\Tools;C:\Program Files (x86)\Windows Kits\10\bin\10.0.19041.0\\x64;C:\Program Files (x86)\Windows Kits\10\bin\\x64;C:\Program Files\Microsoft Visual Studio\2022\Professional\\MSBuild\Current\Bin\amd64;C:\WINDOWS\Microsoft.NET\Framework64\v4.0.30319;C:\Program Files\Microsoft Visual Studio\2022\Professional\Common7\IDE\;C:\Program Files\Microsoft Visual Studio\2022\Professional\Common7\Tools\;C:\Python27\;C:\Python27\Scripts;C:\WINDOWS\system32;C:\WINDOWS;C:\WINDOWS\System32\Wbem;C:\WINDOWS\System32\WindowsPowerShell\v1.0\;C:\WINDOWS\System32\OpenSSH\;C:\ProgramData\chocolatey\bin;C:\Program Files (x86)\WiX Toolset v3.7\bin;C:\Program Files\dotnet\;C:\Program Files (x86)\Windows Kits\10\bin\10.0.18362.0\x64;C:\Program Files\Zulu\zulu-11\bin\;C:\Program Files (x86)\Windows Kits\10\bin\10.0.17763.0\x64;C:\Program Files (x86)\Windows Kits\10\bin\x64;C:\Program Files\Git\cmd;C:\Program Files\Git\usr\bin;C:\Program Files\Git\mingw64\bin;C:\Program Files\Git\bin;C:\Python38\;C:\Python38\Scripts;C:\StoreBoxClientWindows;C:\Program Files\Electric Cloud\ElectricCommander\bin;C:\Program Files\WinRAR;C:\Program Files\7-Zip;C:\Program Files (x86)\Windows Kits\10\bin\10.0.19041.0\x64;C:\Users\Administrator\AppData\Local\Microsoft\WindowsApps;C:\Users\Administrator\.dotnet\tools;C:\Program Files\Microsoft Visual Studio\2022\Professional\Common7\IDE\CommonExtensions\Microsoft\CMake\CMake\bin;C:\Program Files\Microsoft Visual Studio\2022\Professional\Common7\IDE\CommonExtensions\Microsoft\CMake\Ninja;C:\Program Files\Microsoft Visual Studio\2022\Professional\Common7\IDE\VC\Linux\bin\ConnectionManagerExe
[2024-01-22T15:24:50.239Z]     -- The C compiler identification is MSVC 19.33.31629.0
[2024-01-22T15:24:50.571Z]     -- The CXX compiler identification is MSVC 19.33.31629.0
[2024-01-22T15:24:50.571Z]     -- Detecting C compiler ABI info
[2024-01-22T15:24:51.722Z]     -- Detecting C compiler ABI info - done
[2024-01-22T15:24:51.722Z]     -- Check for working C compiler: C:/Program Files/Microsoft Visual Studio/2022/Professional/VC/Tools/MSVC/14.33.31629/bin/Hostx64/x64/cl.exe - skipped
[2024-01-22T15:24:51.722Z]     -- Detecting C compile features
[2024-01-22T15:24:51.722Z]     -- Detecting C compile features - done
[2024-01-22T15:24:51.722Z]     -- Detecting CXX compiler ABI info
[2024-01-22T15:24:52.459Z]     -- Detecting CXX compiler ABI info - done
[2024-01-22T15:24:52.459Z]     -- Check for working CXX compiler: C:/Program Files/Microsoft Visual Studio/2022/Professional/VC/Tools/MSVC/14.33.31629/bin/Hostx64/x64/cl.exe - skipped
[2024-01-22T15:24:52.459Z]     -- Detecting CXX compile features
[2024-01-22T15:24:52.459Z]     -- Detecting CXX compile features - done
[2024-01-22T15:24:53.690Z]     -- Using Maya Light API Version 3
[2024-01-22T15:24:53.690Z]     -- Maya has setDefaultMaterialHandling API
[2024-01-22T15:24:53.690Z]     -- Maya has new point snapping API
[2024-01-22T15:24:53.690Z]     -- Maya has isInCrashHandler API
[2024-01-22T15:24:53.690Z]     -- Maya has getDisplayStyleOfAllViewports API
[2024-01-22T15:24:53.690Z]     -- Maya array iterator has difference_type trait
[2024-01-22T15:24:53.690Z]     -- MFnSet has getMemberPaths function
[2024-01-22T15:24:53.690Z]     -- MFnDisplayLayer exists
[2024-01-22T15:24:53.690Z]     -- MDisplayLayerMessage has MDisplayLayerMemberChangedFunction
[2024-01-22T15:24:53.690Z]     -- MRenderItem has HideOnPlayback API
[2024-01-22T15:24:53.690Z]     -- Found Maya: P:/shared/Artifactory/Windows/rundev-master-debug/202401211143/runtime/5f16f5a/runTime/bin/maya.exe (found suitable version "2025", minimum required is "2024")
[2024-01-22T15:24:57.521Z]     -- Found Python: P:/shared/Artifactory/Windows/rundev-master-debug/202401211143/runtime/5f16f5a/runTime/bin/mayapy.exe (found suitable exact version "3.11.4") found components: Interpreter
[2024-01-22T15:24:57.521Z]     -- Build mayaHydra with Python3 = 3.11
[2024-01-22T15:24:57.521Z]     --    PYTHON_INCLUDE_DIRS = P:/shared/Artifactory/Windows/rundev-master-debug/202401211143/runtime/5f16f5a/runTime/include/Python311/Python
[2024-01-22T15:24:57.521Z]     --    PYTHON_LIBRARIES    = P:/shared/Artifactory/Windows/rundev-master-debug/202401211143/runtime/5f16f5a/runTime/lib/python311_d.lib
[2024-01-22T15:24:57.521Z]     --    Python_EXECUTABLE   = P:/shared/Artifactory/Windows/rundev-master-debug/202401211143/runtime/5f16f5a/runTime/bin/mayapy.exe
[2024-01-22T15:24:57.521Z]     -- Found Python3: optimized;P:\shared\Artifactory\Windows\rundev-master-debug\202401211143\runtime\5f16f5a\runTime/lib/python311_d.lib;debug;P:/shared/Artifactory/Windows/rundev-master-debug/202401211143/runtime/5f16f5a/runTime/lib/python311_d.lib (found suitable exact version "3.11.4") found components: Development Development.Module Development.Embed
[2024-01-22T15:24:57.521Z]     -- USD has new Sdr.PropertyTypes.Color4
[2024-01-22T15:24:57.521Z]     -- USD has MaterialX metadata support
[2024-01-22T15:24:57.521Z]     -- USD include dir: P:/shared/Artifactory/Windows/USD/7259920/include
[2024-01-22T15:24:57.521Z]     -- USD library dir: P:/shared/Artifactory/Windows/USD/7259920/lib
[2024-01-22T15:24:57.521Z]     -- USD version: 0.23.11
[2024-01-22T15:24:57.521Z]     -- USD Boost::boost version: 108100
[2024-01-22T15:24:57.521Z]     -- Found USD: P:/shared/Artifactory/Windows/USD/7259920 (found suitable version "0.23.11", minimum required is "0.22.11")
[2024-01-22T15:24:57.521Z]     Updated PYTHONPATH: P:\shared\Artifactory\Windows\USD\7259920\lib\python
[2024-01-22T15:24:57.522Z]     Updated PATH: P:\shared\Artifactory\Windows\cmake\3.20.3\afe857a\bin;C:\Python27\lib\site-packages\pywin32_system32;C:\Program Files\Microsoft Visual Studio\2022\Professional\VC\Tools\MSVC\14.33.31629\bin\HostX64\x64;C:\Program Files\Microsoft Visual Studio\2022\Professional\Common7\IDE\VC\VCPackages;C:\Program Files\Microsoft Visual Studio\2022\Professional\Common7\IDE\CommonExtensions\Microsoft\TestWindow;C:\Program Files\Microsoft Visual Studio\2022\Professional\Common7\IDE\CommonExtensions\Microsoft\TeamFoundation\Team Explorer;C:\Program Files\Microsoft Visual Studio\2022\Professional\MSBuild\Current\bin\Roslyn;C:\Program Files\Microsoft Visual Studio\2022\Professional\Team Tools\Performance Tools\x64;C:\Program Files\Microsoft Visual Studio\2022\Professional\Team Tools\Performance Tools;C:\Program Files (x86)\Microsoft Visual Studio\Shared\Common\VSPerfCollectionTools\vs2019\\x64;C:\Program Files (x86)\Microsoft Visual Studio\Shared\Common\VSPerfCollectionTools\vs2019\;C:\Program Files (x86)\Microsoft SDKs\Windows\v10.0A\bin\NETFX 4.8 Tools\x64\;C:\Program Files (x86)\HTML Help Workshop;C:\Program Files\Microsoft Visual Studio\2022\Professional\Common7\IDE\CommonExtensions\Microsoft\FSharp\Tools;C:\Program Files (x86)\Windows Kits\10\bin\10.0.19041.0\\x64;C:\Program Files (x86)\Windows Kits\10\bin\\x64;C:\Program Files\Microsoft Visual Studio\2022\Professional\\MSBuild\Current\Bin\amd64;C:\WINDOWS\Microsoft.NET\Framework64\v4.0.30319;C:\Program Files\Microsoft Visual Studio\2022\Professional\Common7\IDE\;C:\Program Files\Microsoft Visual Studio\2022\Professional\Common7\Tools\;C:\Python27\;C:\Python27\Scripts;C:\WINDOWS\system32;C:\WINDOWS;C:\WINDOWS\System32\Wbem;C:\WINDOWS\System32\WindowsPowerShell\v1.0\;C:\WINDOWS\System32\OpenSSH\;C:\ProgramData\chocolatey\bin;C:\Program Files (x86)\WiX Toolset v3.7\bin;C:\Program Files\dotnet\;C:\Program Files (x86)\Windows Kits\10\bin\10.0.18362.0\x64;C:\Program Files\Zulu\zulu-11\bin\;C:\Program Files (x86)\Windows Kits\10\bin\10.0.17763.0\x64;C:\Program Files (x86)\Windows Kits\10\bin\x64;C:\Program Files\Git\cmd;C:\Program Files\Git\usr\bin;C:\Program Files\Git\mingw64\bin;C:\Program Files\Git\bin;C:\Python38\;C:\Python38\Scripts;C:\StoreBoxClientWindows;C:\Program Files\Electric Cloud\ElectricCommander\bin;C:\Program Files\WinRAR;C:\Program Files\7-Zip;C:\Program Files (x86)\Windows Kits\10\bin\10.0.19041.0\x64;C:\Users\Administrator\AppData\Local\Microsoft\WindowsApps;C:\Users\Administrator\.dotnet\tools;C:\Program Files\Microsoft Visual Studio\2022\Professional\Common7\IDE\CommonExtensions\Microsoft\CMake\CMake\bin;C:\Program Files\Microsoft Visual Studio\2022\Professional\Common7\IDE\CommonExtensions\Microsoft\CMake\Ninja;C:\Program Files\Microsoft Visual Studio\2022\Professional\Common7\IDE\VC\Linux\bin\ConnectionManagerExe;P:\shared\Artifactory\Windows\USD\7259920\bin;P:\shared\Artifactory\Windows\USD\7259920\lib
[2024-01-22T15:24:57.522Z]     -- Found UFE: P:/shared/Artifactory/Windows/rundev-master-debug/202401211143/runtime/5f16f5a/devkitBase/devkit/ufe/include (found version "5.0.0")
[2024-01-22T15:24:57.522Z]     -- UFE include dir: P:/shared/Artifactory/Windows/rundev-master-debug/202401211143/runtime/5f16f5a/devkitBase/devkit/ufe/include
[2024-01-22T15:24:57.522Z]     -- UFE library: P:/shared/Artifactory/Windows/rundev-master-debug/202401211143/runtime/5f16f5a/devkitBase/devkit/ufe/lib/ufe_5.lib
[2024-01-22T15:24:57.522Z]     -- UFE version: 5.0.0
[2024-01-22T15:24:57.522Z]     -- Maya has UFE lights API
[2024-01-22T15:24:57.522Z]     -- Maya has UFE scene segment API
[2024-01-22T15:24:57.522Z]     -- Maya has UFE TrieNode childrenComponents accessor
[2024-01-22T15:24:57.522Z]     -- Building with UFE 5.0.0.
[2024-01-22T15:24:57.522Z]     CMake Warning (dev) at S:/jenkins/workspace/shared/Artifactory/Windows/cmake/3.20.3/afe857a/share/cmake-3.20/Modules/FindPackageHandleStandardArgs.cmake:438 (message):
[2024-01-22T15:24:57.522Z]       The package name passed to `find_package_handle_standard_args` (MAYAUSD)
[2024-01-22T15:24:57.522Z]       does not match the name of the calling package (MayaUsd).  This can lead to
[2024-01-22T15:24:57.522Z]       problems in calling code that expects `find_package` result variables
[2024-01-22T15:24:57.522Z]       (e.g., `_FOUND`) to follow a certain pattern.
[2024-01-22T15:24:57.522Z]     Call Stack (most recent call first):
[2024-01-22T15:24:57.522Z]       cmake/modules/FindMayaUsd.cmake:62 (find_package_handle_standard_args)
[2024-01-22T15:24:57.522Z]       CMakeLists.txt:134 (find_package)
[2024-01-22T15:24:57.522Z]     This warning is for project developers.  Use -Wno-dev to suppress it.
[2024-01-22T15:24:57.522Z]     
[2024-01-22T15:24:57.522Z]     -- Could NOT find MAYAUSD (missing: MAYAUSD_INCLUDE_DIR MAYAUSD_LIBRARY_DIR)
[2024-01-22T15:24:57.522Z]     CMake Error at cmake/modules/FindMayaUsd.cmake:86 (message):
[2024-01-22T15:24:57.522Z]       Could not find MayaUsd library and include directories in the folder
[2024-01-22T15:24:57.522Z]       provided :
[2024-01-22T15:24:57.522Z]       P:sharedArtifactoryWindowsmayausd-cotd-debug202401170904runtime0b66605mayausd
[2024-01-22T15:24:57.522Z]     Call Stack (most recent call first):
[2024-01-22T15:24:57.522Z]       CMakeLists.txt:134 (find_package)
[2024-01-22T15:24:57.522Z]     
[2024-01-22T15:24:57.522Z]     
[2024-01-22T15:24:57.522Z]     -- Configuring incomplete, errors occurred!
[2024-01-22T15:24:57.522Z]     See also "W:/build/Debug/CMakeFiles/CMakeOutput.log".
[2024-01-22T15:24:57.522Z]     
[2024-01-22T15:24:57.522Z]         Building with settings:
[2024-01-22T15:24:57.522Z]           Source directory          S:\jenkins\workspace\ECP\ecg-maya-hydra\ecg-maya-hydra-branch-preflight-python3-windows\ecg-maya-hydra\maya-hydra
[2024-01-22T15:24:57.522Z]           Workspace directory       W:\
[2024-01-22T15:24:57.522Z]           Build directory           W:\build\Debug
[2024-01-22T15:24:57.522Z]           Install directory         W:\install\Debug\MayaHydra
[2024-01-22T15:24:57.522Z]           Variant                   Debug
[2024-01-22T15:24:57.522Z]           Python Debug              On
[2024-01-22T15:24:57.522Z]           CMake generator           Ninja
[2024-01-22T15:24:57.522Z]           Build arguments           ['-DCMAKE_MAKE_PROGRAM=P:/shared/Artifactory/Windows/ninja/1.10.2/ccacdf8/ninja.exe', '-DPYTHON_INCLUDE_DIR=P:/shared/Artifactory/Windows/rundev-master-debug/202401211143/runtime/5f16f5a/runTime/include/Python311/Python', '-DPython_EXECUTABLE=P:/shared/Artifactory/Windows/rundev-master-debug/202401211143/runtime/5f16f5a/runTime/bin/mayapy.exe', '-DPYTHON_LIBRARIES=P:/shared/Artifactory/Windows/rundev-master-debug/202401211143/runtime/5f16f5a/runTime/lib/python311_d.lib', '-DBUILD_WITH_PYTHON_3_VERSION=3.11', '-DCMAKE_WANT_MATERIALX_BUILD=ON', '-DCMAKE_PREFIX_PATH=P:\\shared\\Artifactory\\Windows\\USD\\7259920', '-DMAYAHYDRA_BUILD_NUMBER=472', '-DMAYAHYDRA_GIT_COMMIT=8d8f87274605c211c52d8b9a8317a98ac9b44a68', '-DMAYAHYDRA_GIT_BRANCH=master', '-DMAYAUSD_LOCATION=P:\\shared\\Artifactory\\Windows\\mayausd-cotd-debug\\202401170904\\runtime\\0b66605\\mayausd']
[2024-01-22T15:24:57.522Z]           Stages arguments          ['configure']
[2024-01-22T15:24:57.522Z]           CTest arguments           ['--parallel 16']
[2024-01-22T15:24:57.522Z]     STATUS: Found Maya Qt headers in: P:\shared\Artifactory\Windows\rundev-master-debug\202401211143\runtime\5f16f5a\devkitBase
[2024-01-22T15:24:57.522Z]     #####################################################################################
[2024-01-22T15:24:57.522Z]     log date: 2024-01-22 07:24
[2024-01-22T15:24:57.522Z]     commit sha: e5f9a6c9a02ec7a9a65f29a3c07db58373f4c190
[2024-01-22T15:24:57.522Z]     commit date: Mon Jan 22 07:23:04 2024 -0800
[2024-01-22T15:24:57.522Z]     #####################################################################################
[2024-01-22T15:24:57.522Z]     
[2024-01-22T15:24:57.522Z]     cmake -DCMAKE_INSTALL_PREFIX="W:\install\Debug\MayaHydra" -DCMAKE_BUILD_TYPE=Debug -DCMAKE_EXPORT_COMPILE_COMMANDS=ON -G "Ninja" -DMAYA_LOCATION="P:\shared\Artifactory\Windows\rundev-master-debug\202401211143\runtime\5f16f5a\runTime" -DPXR_USD_LOCATION="P:\shared\Artifactory\Windows\USD\7259920" -DMAYA_DEVKIT_LOCATION="P:\shared\Artifactory\Windows\rundev-master-debug\202401211143\runtime\5f16f5a\devkitBase" -DCMAKE_MAKE_PROGRAM=P:/shared/Artifactory/Windows/ninja/1.10.2/ccacdf8/ninja.exe -DPYTHON_INCLUDE_DIR=P:/shared/Artifactory/Windows/rundev-master-debug/202401211143/runtime/5f16f5a/runTime/include/Python311/Python -DPython_EXECUTABLE=P:/shared/Artifactory/Windows/rundev-master-debug/202401211143/runtime/5f16f5a/runTime/bin/mayapy.exe -DPYTHON_LIBRARIES=P:/shared/Artifactory/Windows/rundev-master-debug/202401211143/runtime/5f16f5a/runTime/lib/python311_d.lib -DBUILD_WITH_PYTHON_3_VERSION=3.11 -DCMAKE_WANT_MATERIALX_BUILD=ON -DCMAKE_PREFIX_PATH=P:\shared\Artifactory\Windows\USD\7259920 -DMAYAHYDRA_BUILD_NUMBER=472 -DMAYAHYDRA_GIT_COMMIT=8d8f87274605c211c52d8b9a8317a98ac9b44a68 -DMAYAHYDRA_GIT_BRANCH=master -DMAYAUSD_LOCATION=P:\shared\Artifactory\Windows\mayausd-cotd-debug\202401170904\runtime\0b66605\mayausd "S:\jenkins\workspace\ECP\ecg-maya-hydra\ecg-maya-hydra-branch-preflight-python3-windows\ecg-maya-hydra\maya-hydra"
[2024-01-22T15:24:57.522Z]     
[2024-01-22T15:24:57.522Z]     Traceback (most recent call last):
[2024-01-22T15:24:57.522Z]       File "S:\jenkins\workspace\ECP\ecg-maya-hydra\ecg-maya-hydra-branch-preflight-python3-windows\ecg-maya-hydra\maya-hydra\build.py", line 745, in <module>
[2024-01-22T15:24:57.522Z]         BuildAndInstall(context, context.buildArgs, context.stagesArgs)
[2024-01-22T15:24:57.522Z]       File "S:\jenkins\workspace\ECP\ecg-maya-hydra\ecg-maya-hydra-branch-preflight-python3-windows\ecg-maya-hydra\maya-hydra\build.py", line 502, in BuildAndInstall
[2024-01-22T15:24:57.522Z]         RunCMake(context, extraArgs, stagesArgs)
[2024-01-22T15:24:57.522Z]       File "S:\jenkins\workspace\ECP\ecg-maya-hydra\ecg-maya-hydra-branch-preflight-python3-windows\ecg-maya-hydra\maya-hydra\build.py", line 305, in RunCMake
[2024-01-22T15:24:57.522Z]         Run(context,
[2024-01-22T15:24:57.522Z]       File "S:\jenkins\workspace\ECP\ecg-maya-hydra\ecg-maya-hydra-branch-preflight-python3-windows\ecg-maya-hydra\maya-hydra\build.py", line 197, in Run
[2024-01-22T15:24:57.522Z]         raise RuntimeError("Failed to run '{cmd}'\nSee {log} for more details."
[2024-01-22T15:24:57.522Z]     RuntimeError: Failed to run 'cmake -DCMAKE_INSTALL_PREFIX="W:\install\Debug\MayaHydra" -DCMAKE_BUILD_TYPE=Debug -DCMAKE_EXPORT_COMPILE_COMMANDS=ON -G "Ninja" -DMAYA_LOCATION="P:\shared\Artifactory\Windows\rundev-master-debug\202401211143\runtime\5f16f5a\runTime" -DPXR_USD_LOCATION="P:\shared\Artifactory\Windows\USD\7259920" -DMAYA_DEVKIT_LOCATION="P:\shared\Artifactory\Windows\rundev-master-debug\202401211143\runtime\5f16f5a\devkitBase" -DCMAKE_MAKE_PROGRAM=P:/shared/Artifactory/Windows/ninja/1.10.2/ccacdf8/ninja.exe -DPYTHON_INCLUDE_DIR=P:/shared/Artifactory/Windows/rundev-master-debug/202401211143/runtime/5f16f5a/runTime/include/Python311/Python -DPython_EXECUTABLE=P:/shared/Artifactory/Windows/rundev-master-debug/202401211143/runtime/5f16f5a/runTime/bin/mayapy.exe -DPYTHON_LIBRARIES=P:/shared/Artifactory/Windows/rundev-master-debug/202401211143/runtime/5f16f5a/runTime/lib/python311_d.lib -DBUILD_WITH_PYTHON_3_VERSION=3.11 -DCMAKE_WANT_MATERIALX_BUILD=ON -DCMAKE_PREFIX_PATH=P:\shared\Artifactory\Windows\USD\7259920 -DMAYAHYDRA_BUILD_NUMBER=472 -DMAYAHYDRA_GIT_COMMIT=8d8f87274605c211c52d8b9a8317a98ac9b44a68 -DMAYAHYDRA_GIT_BRANCH=master -DMAYAUSD_LOCATION=P:\shared\Artifactory\Windows\mayausd-cotd-debug\202401170904\runtime\0b66605\mayausd "S:\jenkins\workspace\ECP\ecg-maya-hydra\ecg-maya-hydra-branch-preflight-python3-windows\ecg-maya-hydra\maya-hydra"'
[2024-01-22T15:24:57.522Z]     See W:\build\Debug\build_log.txt for more details.
[2024-01-22T15:24:57.522Z] build.py: error: Command failed with error code: 1
[Pipeline] bat
[2024-01-22T15:24:58.110Z] Deleting alias drive W:
[Pipeline] bat
[2024-01-22T15:24:58.695Z] Deleting alias drive P:
[Pipeline] }
[Pipeline] // withEnv
[Pipeline] }
[Pipeline] // timeout
[Pipeline] }
[Pipeline] // stage
[Pipeline] }
[Pipeline] // timestamps
[Pipeline] emailextrecipients
Not sending mail to user ecg.jenkins@autodesk.com with no permission to view ECP  ecg-maya-hydra  Maya Hydra [Python 3, Interactive] - Branch - Preflight (Windows) #472Not sending mail to user ecg.jenkins@autodesk.com with no permission to view ECP  ecg-maya-hydra  Maya Hydra [Python 3, Interactive] - Branch - Preflight (Windows) #472[Pipeline] echo
No recipients to send notification.
[Pipeline] }
[Pipeline] // node
[Pipeline] End of Pipeline
ERROR: script returned exit code 1
[Checks API] No suitable checks publisher found.
Finished: FAILURE
