[2024-01-23T09:54:56.286Z] ================================================================================
[2024-01-23T09:54:56.286Z]                                  setup (Debug)
[2024-01-23T09:54:56.286Z] ================================================================================
[2024-01-23T09:54:56.286Z] Installing license file 'melicense.lic'.
[Pipeline] sh
[2024-01-23T09:54:57.660Z] + python ecg-maya-hydra/build.py --stages=setup --workspace-dir=/local/S/jenkins/workspace/ECP/ecg-maya-hydra/ecg-maya-hydra-branch-preflight-python3-osx --artifactory-dir=/local/S/jenkins/workspace/shared/Artifactory --build-dir=/local/S/jenkins/workspace/ECP/ecg-maya-hydra/ecg-maya-hydra-branch-preflight-python3-osx/build --install-dir=/local/S/jenkins/workspace/ECP/ecg-maya-hydra/ecg-maya-hydra-branch-preflight-python3-osx/install --signing-dir=/local/S/jenkins/workspace/ECP/ecg-maya-hydra/ecg-maya-hydra-branch-preflight-python3-osx/signing --package-dir=/local/S/jenkins/workspace/ECP/ecg-maya-hydra/ecg-maya-hydra-branch-preflight-python3-osx/package --output-dir=/local/S/jenkins/workspace/ECP/ecg-maya-hydra/ecg-maya-hydra-branch-preflight-python3-osx/output --stash-dir=/local/S/jenkins/workspace/ECP/ecg-maya-hydra/ecg-maya-hydra-branch-preflight-python3-osx/stash --jenkins-build=476 --git-commit=bb945e33a41c286ec55a359993b6d5fd20092865 --git-branch=master --variants=RelWithDebInfo --interactive-tests=false --post-zips=false --osx-binary-architecture-target=ub2 --osx-deployment-target=11.0 --osx-base-sdk=CurrentActiveSDK --extra-license-file=ecg-maya-hydra/jenkins-o03-cot/melicense.lic --prune-versions=3 --prune-revisions=3 --maya-cut-config=maya-rundev-master.yaml --maya-package=rundev-master --stage-banner --prune-artifacts --force-pruning
[2024-01-23T09:54:57.660Z] config_file /Volumes/DATA/local/S/jenkins/workspace/ECP/ecg-maya-hydra/ecg-maya-hydra-branch-preflight-python3-osx/ecg-maya-hydra/maya-rundev-master.yaml
[2024-01-23T09:54:57.660Z] Getting rundev-master download URL from Maya SHA-1 hash
[2024-01-23T09:54:57.660Z] Finding Artifactory servers response times
[2024-01-23T09:55:00.910Z] [VERBOSE] Start loading URL (CURL): https://art-bobcat.autodesk.com/artifactory/api/search/checksum?repos=team-maya-generic,oss-stg-generic,team-mayausd-post-generic,autodesk-3p-generic,adsk-build-tools-generic,team-ecg-generic&sha1=e40f03b4aa24d973facc3ea43dd9a7760fd8c4a2
[2024-01-23T09:55:00.910Z] [DEBUG] Running: /usr/bin/curl -s -X GET --keepalive-time 10 --connect-timeout 60 --speed-limit 10000 --speed-time 120 --max-time 3600 --retry 5 --retry-max-time 2400 -H Connection:close -H Authorization:Basic ZWNnYmlmcm9zdDpvcGUqKjAw https://art-bobcat.autodesk.com/artifactory/api/search/checksum?repos=team-maya-generic,oss-stg-generic,team-mayausd-post-generic,autodesk-3p-generic,adsk-build-tools-generic,team-ecg-generic&sha1=e40f03b4aa24d973facc3ea43dd9a7760fd8c4a2
[2024-01-23T09:55:00.910Z] [DEBUG] Output:
[2024-01-23T09:55:00.910Z] {
[2024-01-23T09:55:00.910Z]   "results" : [ {
[2024-01-23T09:55:00.910Z]     "uri" : "https://art-bobcat.autodesk.com:443/artifactory/api/storage/team-maya-generic/Maya/master/pmac/2024-01-22-13-11_3d12c67020/202401221311-3d12c67020-RUNDEV.dmg"
[2024-01-23T09:55:00.910Z]   } ]
[2024-01-23T09:55:00.910Z] }
[2024-01-23T09:55:00.910Z] [VERBOSE] End loading URL (CURL): https://art-bobcat.autodesk.com/artifactory/api/search/checksum?repos=team-maya-generic,oss-stg-generic,team-mayausd-post-generic,autodesk-3p-generic,adsk-build-tools-generic,team-ecg-generic&sha1=e40f03b4aa24d973facc3ea43dd9a7760fd8c4a2
[2024-01-23T09:55:00.910Z] [VERBOSE] Start loading URL (CURL): https://art-bobcat.autodesk.com:443/artifactory/api/storage/team-maya-generic/Maya/master/pmac/2024-01-22-13-11_3d12c67020/202401221311-3d12c67020-RUNDEV.dmg
[2024-01-23T09:55:00.910Z] [DEBUG] Running: /usr/bin/curl -s -X GET --keepalive-time 10 --connect-timeout 60 --speed-limit 10000 --speed-time 120 --max-time 3600 --retry 5 --retry-max-time 2400 -H Connection:close -H Authorization:Basic ZWNnYmlmcm9zdDpvcGUqKjAw https://art-bobcat.autodesk.com:443/artifactory/api/storage/team-maya-generic/Maya/master/pmac/2024-01-22-13-11_3d12c67020/202401221311-3d12c67020-RUNDEV.dmg
[2024-01-23T09:55:00.910Z] [DEBUG] Output:
[2024-01-23T09:55:00.910Z] {
[2024-01-23T09:55:00.910Z]   "repo" : "team-maya-generic",
[2024-01-23T09:55:00.910Z]   "path" : "/Maya/master/pmac/2024-01-22-13-11_3d12c67020/202401221311-3d12c67020-RUNDEV.dmg",
[2024-01-23T09:55:00.910Z]   "created" : "2024-01-22T14:46:31.153-08:00",
[2024-01-23T09:55:00.910Z]   "createdBy" : "svc_aad_p_mescm",
[2024-01-23T09:55:00.910Z]   "lastModified" : "2024-01-22T14:36:18.899-08:00",
[2024-01-23T09:55:00.910Z]   "modifiedBy" : "svc_aad_p_mescm",
[2024-01-23T09:55:00.910Z]   "lastUpdated" : "2024-01-22T14:46:31.153-08:00",
[2024-01-23T09:55:00.910Z]   "downloadUri" : "https://art-bobcat.autodesk.com:443/artifactory/team-maya-generic/Maya/master/pmac/2024-01-22-13-11_3d12c67020/202401221311-3d12c67020-RUNDEV.dmg",
[2024-01-23T09:55:00.910Z]   "mimeType" : "application/octet-stream",
[2024-01-23T09:55:00.910Z]   "size" : "2884028946",
[2024-01-23T09:55:00.910Z]   "checksums" : {
[2024-01-23T09:55:00.910Z]     "sha1" : "e40f03b4aa24d973facc3ea43dd9a7760fd8c4a2",
[2024-01-23T09:55:00.910Z]     "md5" : "c48a561fdd6ebc04019b115893d50beb",
[2024-01-23T09:55:00.910Z]     "sha256" : "996b65663ff8ed0ba27d8579b7768f3b82bb7cc93259572a34685b17ea0fbafd"
[2024-01-23T09:55:00.910Z]   },
[2024-01-23T09:55:00.910Z]   "originalChecksums" : {
[2024-01-23T09:55:00.910Z]     "sha1" : "e40f03b4aa24d973facc3ea43dd9a7760fd8c4a2",
[2024-01-23T09:55:00.910Z]     "md5" : "c48a561fdd6ebc04019b115893d50beb",
[2024-01-23T09:55:00.911Z]     "sha256" : "996b65663ff8ed0ba27d8579b7768f3b82bb7cc93259572a34685b17ea0fbafd"
[2024-01-23T09:55:00.911Z]   },
[2024-01-23T09:55:00.911Z]   "uri" : "https://art-bobcat.autodesk.com:443/artifactory/api/storage/team-maya-generic/Maya/master/pmac/2024-01-22-13-11_3d12c67020/202401221311-3d12c67020-RUNDEV.dmg"
[2024-01-23T09:55:00.911Z] }
[2024-01-23T09:55:00.911Z] [VERBOSE] End loading URL (CURL): https://art-bobcat.autodesk.com:443/artifactory/api/storage/team-maya-generic/Maya/master/pmac/2024-01-22-13-11_3d12c67020/202401221311-3d12c67020-RUNDEV.dmg
[2024-01-23T09:55:00.911Z] Using Maya cut from /local/S/jenkins/workspace/shared/Artifactory/OSX/rundev-master/202401221311/runtime/e40f03b/runTime
[2024-01-23T09:55:00.911Z] Using Maya ADSK Signatures from /local/S/jenkins/workspace/shared/Artifactory/OSX/adsk-plugin-signatures-maya/2023/3ae1ae7
[2024-01-23T09:55:00.911Z] Using Maya Security Library from /local/S/jenkins/workspace/shared/Artifactory/OSX/maya-security-library/3.4.0/5e08f3e
[2024-01-23T09:55:01.439Z] [VERBOSE] Start loading URL (CURL): https://art-bobcat.autodesk.com:443/artifactory/api/storage/team-maya-generic/Maya/master/pmac/2024-01-22-13-11_3d12c67020/202401221311-3d12c67020-RUNDEV.dmg.multipart
[2024-01-23T09:55:01.439Z] [DEBUG] Running: /usr/bin/curl -s -X GET --keepalive-time 10 --connect-timeout 60 --speed-limit 10000 --speed-time 120 --max-time 3600 --retry 5 --retry-max-time 2400 -H Connection:close -H Authorization:Basic ZWNnYmlmcm9zdDpvcGUqKjAw https://art-bobcat.autodesk.com:443/artifactory/api/storage/team-maya-generic/Maya/master/pmac/2024-01-22-13-11_3d12c67020/202401221311-3d12c67020-RUNDEV.dmg.multipart
[2024-01-23T09:55:01.439Z] [DEBUG] Output:
[2024-01-23T09:55:01.439Z] {
[2024-01-23T09:55:01.439Z]   "errors" : [ {
[2024-01-23T09:55:01.439Z]     "status" : 404,
[2024-01-23T09:55:01.439Z]     "message" : "Unable to find item"
[2024-01-23T09:55:01.439Z]   } ]
[2024-01-23T09:55:01.439Z] }
[2024-01-23T09:55:01.439Z] [VERBOSE] End loading URL (CURL): https://art-bobcat.autodesk.com:443/artifactory/api/storage/team-maya-generic/Maya/master/pmac/2024-01-22-13-11_3d12c67020/202401221311-3d12c67020-RUNDEV.dmg.multipart
[2024-01-23T09:55:01.439Z] Downloading https://art-bobcat.autodesk.com:443/artifactory/team-maya-generic/Maya/master/pmac/2024-01-22-13-11_3d12c67020/202401221311-3d12c67020-RUNDEV.dmg to /local/S/jenkins/workspace/shared/Artifactory/OSX/tmp/tmpl9hv2me1
[2024-01-23T09:55:01.439Z] [VERBOSE] Start downloading file (CURL): https://art-bobcat.autodesk.com:443/artifactory/team-maya-generic/Maya/master/pmac/2024-01-22-13-11_3d12c67020/202401221311-3d12c67020-RUNDEV.dmg
[2024-01-23T09:55:01.439Z] [DEBUG] Running: /usr/bin/curl -sI -X GET --keepalive-time 10 --connect-timeout 60 --speed-limit 10000 --speed-time 120 --max-time 3600 --retry 5 --retry-max-time 2400 -H Connection:close -H Authorization:Basic ZWNnYmlmcm9zdDpvcGUqKjAw https://art-bobcat.autodesk.com:443/artifactory/team-maya-generic/Maya/master/pmac/2024-01-22-13-11_3d12c67020/202401221311-3d12c67020-RUNDEV.dmg
[2024-01-23T09:55:01.439Z] [DEBUG] Header:
[2024-01-23T09:55:01.439Z] HTTP/1.1 200 
[2024-01-23T09:55:01.439Z] Date: Tue, 23 Jan 2024 09:55:01 GMT
[2024-01-23T09:55:01.439Z] Content-Type: application/octet-stream
[2024-01-23T09:55:01.439Z] Content-Length: 2884028946
[2024-01-23T09:55:01.439Z] Connection: close
[2024-01-23T09:55:01.439Z] X-JFrog-Version: Artifactory/7.55.9 75509900
[2024-01-23T09:55:01.439Z] X-Artifactory-Id: 9d5e945a60dfa38036f2e3a877b79869ad7b80b8
[2024-01-23T09:55:01.439Z] X-Artifactory-Node-Id: ussclpdrsync009
[2024-01-23T09:55:01.439Z] Last-Modified: Mon, 22 Jan 2024 22:36:18 GMT
[2024-01-23T09:55:01.439Z] ETag: e40f03b4aa24d973facc3ea43dd9a7760fd8c4a2
[2024-01-23T09:55:01.439Z] X-Checksum-Sha1: e40f03b4aa24d973facc3ea43dd9a7760fd8c4a2
[2024-01-23T09:55:01.439Z] X-Checksum-Sha256: 996b65663ff8ed0ba27d8579b7768f3b82bb7cc93259572a34685b17ea0fbafd
[2024-01-23T09:55:01.439Z] X-Checksum-Md5: c48a561fdd6ebc04019b115893d50beb
[2024-01-23T09:55:01.439Z] Accept-Ranges: bytes
[2024-01-23T09:55:01.439Z] X-Artifactory-Filename: 202401221311-3d12c67020-RUNDEV.dmg
[2024-01-23T09:55:01.439Z] Content-Disposition: attachment; filename="202401221311-3d12c67020-RUNDEV.dmg"; filename*=UTF-8''"202401221311-3d12c67020-RUNDEV.dmg"
[2024-01-23T09:55:01.439Z] Access-Control-Allow-Methods: GET, PUT, POST, OPTIONS, HEAD
[2024-01-23T09:55:01.439Z] Access-Control-Allow-Headers: Authorization, Origin, X-Requested-With, Content-Type, Accept
[2024-01-23T09:55:01.439Z] Access-Control-Allow-Credentials: true
[2024-01-23T09:55:01.439Z] Set-Cookie: AlteonSC=2237145866.47873.0000; path=/; Httponly; Secure
[2024-01-23T09:55:01.439Z] [DEBUG] Running: /usr/bin/curl --progress-bar -X GET --keepalive-time 10 --connect-timeout 60 --speed-limit 10000 --speed-time 120 --max-time 3600 --retry 5 --retry-max-time 2400 -H Connection:close -H Authorization:Basic ZWNnYmlmcm9zdDpvcGUqKjAw https://art-bobcat.autodesk.com:443/artifactory/team-maya-generic/Maya/master/pmac/2024-01-22-13-11_3d12c67020/202401221311-3d12c67020-RUNDEV.dmg -o /local/S/jenkins/workspace/shared/Artifactory/OSX/tmp/tmpl9hv2me1/202401221311-3d12c67020-RUNDEV.dmg
[2024-01-23T09:55:01.439Z]       0% complete.
[2024-01-23T09:55:05.591Z]       1% complete.
[2024-01-23T09:55:07.337Z]       2% complete.
[2024-01-23T09:55:11.489Z]       3% complete.
[2024-01-23T09:55:12.598Z]       4% complete.
[2024-01-23T09:55:15.053Z]       5% complete.
[2024-01-23T09:55:16.849Z]       6% complete.
[2024-01-23T09:55:19.301Z]       7% complete.
[2024-01-23T09:55:21.046Z]       8% complete.
[2024-01-23T09:55:22.171Z]       9% complete.
[2024-01-23T09:55:23.279Z]      10% complete.
[2024-01-23T09:55:25.024Z]      11% complete.
[2024-01-23T09:55:26.766Z]      12% complete.
[2024-01-23T09:55:27.874Z]      13% complete.
[2024-01-23T09:55:30.335Z]      14% complete.
[2024-01-23T09:55:31.441Z]      15% complete.
[2024-01-23T09:55:33.188Z]      16% complete.
[2024-01-23T09:55:34.298Z]      17% complete.
[2024-01-23T09:55:36.042Z]      18% complete.
[2024-01-23T09:55:37.152Z]      19% complete.
[2024-01-23T09:55:41.300Z]      20% complete.
[2024-01-23T09:55:43.755Z]      21% complete.
[2024-01-23T09:55:44.863Z]      22% complete.
[2024-01-23T09:55:45.968Z]      23% complete.
[2024-01-23T09:55:47.711Z]      24% complete.
[2024-01-23T09:55:49.458Z]      25% complete.
[2024-01-23T09:55:49.986Z]      26% complete.
[2024-01-23T09:55:51.732Z]      27% complete.
[2024-01-23T09:55:52.845Z]      28% complete.
[2024-01-23T09:55:53.952Z]      29% complete.
[2024-01-23T09:55:55.695Z]      30% complete.
[2024-01-23T09:55:56.225Z]      31% complete.
[2024-01-23T09:55:57.375Z]      32% complete.
[2024-01-23T09:55:58.489Z]      33% complete.
[2024-01-23T09:55:59.596Z]      34% complete.
[2024-01-23T09:56:00.705Z]      35% complete.
[2024-01-23T09:56:01.813Z]      36% complete.
[2024-01-23T09:56:03.559Z]      37% complete.
[2024-01-23T09:56:05.303Z]      38% complete.
[2024-01-23T09:56:06.410Z]      39% complete.
[2024-01-23T09:56:07.518Z]      40% complete.
[2024-01-23T09:56:08.625Z]      41% complete.
[2024-01-23T09:56:09.733Z]      42% complete.
[2024-01-23T09:56:10.839Z]      43% complete.
[2024-01-23T09:56:11.948Z]      44% complete.
[2024-01-23T09:56:14.403Z]      45% complete.
[2024-01-23T09:56:14.931Z]      46% complete.
[2024-01-23T09:56:16.037Z]      47% complete.
[2024-01-23T09:56:18.493Z]      48% complete.
[2024-01-23T09:56:20.237Z]      49% complete.
[2024-01-23T09:56:22.036Z]      50% complete.
[2024-01-23T09:56:23.145Z]      51% complete.
[2024-01-23T09:56:24.256Z]      52% complete.
[2024-01-23T09:56:26.001Z]      53% complete.
[2024-01-23T09:56:28.451Z]      54% complete.
[2024-01-23T09:56:29.560Z]      55% complete.
[2024-01-23T09:56:30.088Z]      56% complete.
[2024-01-23T09:56:32.543Z]      57% complete.
[2024-01-23T09:56:33.649Z]      58% complete.
[2024-01-23T09:56:37.798Z]      59% complete.
[2024-01-23T09:56:38.326Z]      60% complete.
[2024-01-23T09:56:40.071Z]      61% complete.
[2024-01-23T09:56:40.598Z]      62% complete.
[2024-01-23T09:56:43.847Z]      63% complete.
[2024-01-23T09:56:44.954Z]      64% complete.
[2024-01-23T09:56:46.061Z]      65% complete.
[2024-01-23T09:56:47.217Z]      66% complete.
[2024-01-23T09:56:48.329Z]      67% complete.
[2024-01-23T09:56:49.435Z]      68% complete.
[2024-01-23T09:56:49.963Z]      69% complete.
[2024-01-23T09:56:51.071Z]      70% complete.
[2024-01-23T09:56:53.536Z]      71% complete.
[2024-01-23T09:56:54.644Z]      72% complete.
[2024-01-23T09:56:56.398Z]      73% complete.
[2024-01-23T09:56:58.852Z]      74% complete.
[2024-01-23T09:56:59.959Z]      75% complete.
[2024-01-23T09:57:01.073Z]      76% complete.
[2024-01-23T09:57:02.181Z]      77% complete.
[2024-01-23T09:57:03.291Z]      78% complete.
[2024-01-23T09:57:03.820Z]      79% complete.
[2024-01-23T09:57:05.581Z]      80% complete.
[2024-01-23T09:57:06.689Z]      81% complete.
[2024-01-23T09:57:09.143Z]      82% complete.
[2024-01-23T09:57:11.599Z]      83% complete.
[2024-01-23T09:57:12.127Z]      84% complete.
[2024-01-23T09:57:13.233Z]      85% complete.
[2024-01-23T09:57:14.340Z]      86% complete.
[2024-01-23T09:57:16.794Z]      87% complete.
[2024-01-23T09:57:17.901Z]      88% complete.
[2024-01-23T09:57:19.011Z]      89% complete.
[2024-01-23T09:57:20.118Z]      90% complete.
[2024-01-23T09:57:21.225Z]      91% complete.
[2024-01-23T09:57:22.335Z]      92% complete.
[2024-01-23T09:57:23.442Z]      93% complete.
[2024-01-23T09:57:24.548Z]      94% complete.
[2024-01-23T09:57:25.080Z]      95% complete.
[2024-01-23T09:57:26.188Z]      96% complete.
[2024-01-23T09:57:27.296Z]      97% complete.
[2024-01-23T09:57:27.824Z]      98% complete.
[2024-01-23T09:57:28.929Z]      99% complete.
[2024-01-23T09:57:29.456Z]     100% complete.
[2024-01-23T09:57:29.456Z] [VERBOSE] End downloading file (CURL): https://art-bobcat.autodesk.com:443/artifactory/team-maya-generic/Maya/master/pmac/2024-01-22-13-11_3d12c67020/202401221311-3d12c67020-RUNDEV.dmg
[2024-01-23T09:57:29.456Z] Extracting 202401221311-3d12c67020-RUNDEV.dmg to /local/S/jenkins/workspace/shared/Artifactory/OSX/tmp/tmplx3r5phm
[2024-01-23T09:57:48.086Z] <?xml version="1.0" encoding="UTF-8"?>
[2024-01-23T09:57:48.086Z] <!DOCTYPE plist PUBLIC "-//Apple//DTD PLIST 1.0//EN" "http://www.apple.com/DTDs/PropertyList-1.0.dtd">
[2024-01-23T09:57:48.086Z] <plist version="1.0">
[2024-01-23T09:57:48.086Z] <dict>
[2024-01-23T09:57:48.086Z] 	<key>system-entities</key>
[2024-01-23T09:57:48.086Z] 	<array>
[2024-01-23T09:57:48.086Z] 		<dict>
[2024-01-23T09:57:48.086Z] 			<key>content-hint</key>
[2024-01-23T09:57:48.086Z] 			<string>Apple_HFS</string>
[2024-01-23T09:57:48.086Z] 			<key>dev-entry</key>
[2024-01-23T09:57:48.086Z] 			<string>/dev/disk4s2</string>
[2024-01-23T09:57:48.086Z] 			<key>mount-point</key>
[2024-01-23T09:57:48.086Z] 			<string>/Volumes/zip</string>
[2024-01-23T09:57:48.086Z] 			<key>potentially-mountable</key>
[2024-01-23T09:57:48.086Z] 			<true/>
[2024-01-23T09:57:48.086Z] 			<key>unmapped-content-hint</key>
[2024-01-23T09:57:48.086Z] 			<string>48465300-0000-11AA-AA11-00306543ECAC</string>
[2024-01-23T09:57:48.086Z] 			<key>volume-kind</key>
[2024-01-23T09:57:48.086Z] 			<string>hfs</string>
[2024-01-23T09:57:48.086Z] 		</dict>
[2024-01-23T09:57:48.086Z] 		<dict>
[2024-01-23T09:57:48.086Z] 			<key>content-hint</key>
[2024-01-23T09:57:48.086Z] 			<string>EFI</string>
[2024-01-23T09:57:48.086Z] 			<key>dev-entry</key>
[2024-01-23T09:57:48.086Z] 			<string>/dev/disk4s1</string>
[2024-01-23T09:57:48.086Z] 			<key>potentially-mountable</key>
[2024-01-23T09:57:48.086Z] 			<true/>
[2024-01-23T09:57:48.086Z] 			<key>unmapped-content-hint</key>
[2024-01-23T09:57:48.086Z] 			<string>C12A7328-F81F-11D2-BA4B-00A0C93EC93B</string>
[2024-01-23T09:57:48.086Z] 			<key>volume-kind</key>
[2024-01-23T09:57:48.086Z] 			<string>msdos</string>
[2024-01-23T09:57:48.086Z] 		</dict>
[2024-01-23T09:57:48.086Z] 		<dict>
[2024-01-23T09:57:48.086Z] 			<key>content-hint</key>
[2024-01-23T09:57:48.086Z] 			<string>GUID_partition_scheme</string>
[2024-01-23T09:57:48.086Z] 			<key>dev-entry</key>
[2024-01-23T09:57:48.086Z] 			<string>/dev/disk4</string>
[2024-01-23T09:57:48.086Z] 			<key>potentially-mountable</key>
[2024-01-23T09:57:48.086Z] 			<false/>
[2024-01-23T09:57:48.086Z] 			<key>unmapped-content-hint</key>
[2024-01-23T09:57:48.086Z] 			<string>GUID_partition_scheme</string>
[2024-01-23T09:57:48.086Z] 		</dict>
[2024-01-23T09:57:48.086Z] 	</array>
[2024-01-23T09:57:48.086Z] </dict>
[2024-01-23T09:57:48.086Z] </plist>
[2024-01-23T09:58:31.854Z] "disk4" ejected.
[2024-01-23T09:58:31.854Z] Installing on /local/S/jenkins/workspace/shared/Artifactory/OSX/rundev-master/202401221311/runtime/e40f03b
[2024-01-23T09:58:31.854Z] 
[2024-01-23T09:58:31.854Z] ================================================================================
[2024-01-23T09:58:31.854Z]                              setup (RelWithDebInfo)
[2024-01-23T09:58:31.854Z] ================================================================================
[2024-01-23T09:58:31.854Z] Installing license file 'melicense.lic'.
[Pipeline] }
[Pipeline] // withEnv
[Pipeline] }
[Pipeline] // timeout
[Pipeline] }
[Pipeline] // stage
[Pipeline] }
[Pipeline] // timestamps
[Pipeline] timestamps
[Pipeline] {
[Pipeline] stage
[Pipeline] { (Clean)
[Pipeline] timeout
[2024-01-23T09:58:32.560Z] Timeout set to expire in 6 hr 0 min
[Pipeline] {
[Pipeline] withEnv
[Pipeline] {
[Pipeline] sh
[2024-01-23T09:58:33.745Z] + python ecg-maya-hydra/build.py --stages=clean --workspace-dir=/local/S/jenkins/workspace/ECP/ecg-maya-hydra/ecg-maya-hydra-branch-preflight-python3-osx --artifactory-dir=/local/S/jenkins/workspace/shared/Artifactory --build-dir=/local/S/jenkins/workspace/ECP/ecg-maya-hydra/ecg-maya-hydra-branch-preflight-python3-osx/build --install-dir=/local/S/jenkins/workspace/ECP/ecg-maya-hydra/ecg-maya-hydra-branch-preflight-python3-osx/install --signing-dir=/local/S/jenkins/workspace/ECP/ecg-maya-hydra/ecg-maya-hydra-branch-preflight-python3-osx/signing --package-dir=/local/S/jenkins/workspace/ECP/ecg-maya-hydra/ecg-maya-hydra-branch-preflight-python3-osx/package --output-dir=/local/S/jenkins/workspace/ECP/ecg-maya-hydra/ecg-maya-hydra-branch-preflight-python3-osx/output --stash-dir=/local/S/jenkins/workspace/ECP/ecg-maya-hydra/ecg-maya-hydra-branch-preflight-python3-osx/stash --jenkins-build=476 --git-commit=bb945e33a41c286ec55a359993b6d5fd20092865 --git-branch=master --variants=Debug --interactive-tests=false --post-zips=false --osx-binary-architecture-target=ub2 --osx-deployment-target=11.0 --osx-base-sdk=CurrentActiveSDK --maya-cut-config=maya-rundev-master-debug.yaml --maya-package=rundev-master-debug --stage-banner
[2024-01-23T09:58:33.745Z] config_file /Volumes/DATA/local/S/jenkins/workspace/ECP/ecg-maya-hydra/ecg-maya-hydra-branch-preflight-python3-osx/ecg-maya-hydra/maya-rundev-master-debug.yaml
[2024-01-23T09:58:33.745Z] Using Maya cut from /local/S/jenkins/workspace/shared/Artifactory/OSX/rundev-master-debug/202401221311/runtime/cb87f7c/runTime
[2024-01-23T09:58:33.745Z] Using Maya ADSK Signatures from /local/S/jenkins/workspace/shared/Artifactory/OSX/adsk-plugin-signatures-maya/2023/3ae1ae7
[2024-01-23T09:58:33.745Z] Using Maya Security Library from /local/S/jenkins/workspace/shared/Artifactory/OSX/maya-security-library/3.4.0/5e08f3e
[2024-01-23T09:58:33.745Z] 
[2024-01-23T09:58:33.745Z] ================================================================================
[2024-01-23T09:58:33.745Z]                                  clean (Debug)
[2024-01-23T09:58:33.745Z] ================================================================================
[2024-01-23T09:58:33.745Z] Maya Python Debug Info:
[2024-01-23T09:58:33.745Z]   mayapy executable   = /local/S/jenkins/workspace/shared/Artifactory/OSX/rundev-master-debug/202401221311/runtime/cb87f7c/runTime/Maya.app/Contents/bin/mayapy
[2024-01-23T09:58:33.745Z]   Include Folder      = /local/S/jenkins/workspace/shared/Artifactory/OSX/rundev-master-debug/202401221311/runtime/cb87f7c/runTime/Maya.app/Contents/Frameworks/Python.framework/Versions/Current/include/python3.11
[2024-01-23T09:58:33.745Z]   Library             = /local/S/jenkins/workspace/shared/Artifactory/OSX/rundev-master-debug/202401221311/runtime/cb87f7c/runTime/Maya.app/Contents/Frameworks/Python.framework/Versions/Current/lib/libpython3.11.dylib
[2024-01-23T09:58:33.745Z]   site-package Folder = /local/S/jenkins/workspace/shared/Artifactory/OSX/rundev-master-debug/202401221311/runtime/cb87f7c/runTime/Maya.app/Contents/Frameworks/Python.framework/Versions/Current/lib/python3.11/site-packages
[2024-01-23T09:58:55.918Z] Adding Python package requirements: ['/local/S/jenkins/workspace/shared/Artifactory/OSX/rundev-master-debug/202401221311/runtime/cb87f7c/runTime/Maya.app/Contents/bin/mayapy', '-m', 'pip', 'install', '-t', '/local/S/jenkins/workspace/shared/Artifactory/OSX/rundev-master-debug/202401221311/runtime/cb87f7c/runTime/Maya.app/Contents/Frameworks/Python.framework/Versions/Current/lib/python3.11/site-packages', '-r', 'python_requirements.txt']
[2024-01-23T09:58:55.918Z] In workdir: /Volumes/DATA/local/S/jenkins/workspace/ECP/ecg-maya-hydra/ecg-maya-hydra-branch-preflight-python3-osx/ecg-maya-hydra/maya-hydra
[2024-01-23T09:58:55.918Z] Executing: arch -arch arm64 /local/S/jenkins/workspace/shared/Artifactory/OSX/rundev-master-debug/202401221311/runtime/cb87f7c/runTime/Maya.app/Contents/bin/mayapy /Volumes/DATA/local/S/jenkins/workspace/ECP/ecg-maya-hydra/ecg-maya-hydra-branch-preflight-python3-osx/ecg-maya-hydra/maya-hydra/build.py --generator Ninja --build-debug --maya-location /local/S/jenkins/workspace/shared/Artifactory/OSX/rundev-master-debug/202401221311/runtime/cb87f7c/runTime --devkit-location /local/S/jenkins/workspace/shared/Artifactory/OSX/rundev-master-debug/202401221311/runtime/cb87f7c/devkitBase --pxrusd-location /local/S/jenkins/workspace/shared/Artifactory/OSX/USD/ca7f6ed --build-args=-DCMAKE_MAKE_PROGRAM=/local/S/jenkins/workspace/shared/Artifactory/OSX/ninja/1.10.2/95d0ca5/ninja,-DPYTHON_INCLUDE_DIR=/local/S/jenkins/workspace/shared/Artifactory/OSX/rundev-master-debug/202401221311/runtime/cb87f7c/runTime/Maya.app/Contents/Frameworks/Python.framework/Versions/Current/include/python3.11,-DPython_EXECUTABLE=/local/S/jenkins/workspace/shared/Artifactory/OSX/rundev-master-debug/202401221311/runtime/cb87f7c/runTime/Maya.app/Contents/bin/mayapy,-DPYTHON_LIBRARIES=/local/S/jenkins/workspace/shared/Artifactory/OSX/rundev-master-debug/202401221311/runtime/cb87f7c/runTime/Maya.app/Contents/Frameworks/Python.framework/Versions/Current/lib/libpython3.11.dylib,-DBUILD_WITH_PYTHON_3_VERSION=3.11,-DBUILD_UB2=ON,-DCMAKE_WANT_MATERIALX_BUILD=ON,-DCMAKE_PREFIX_PATH=/local/S/jenkins/workspace/shared/Artifactory/OSX/USD/ca7f6ed,-DMAYAHYDRA_BUILD_NUMBER=476,-DMAYAHYDRA_GIT_COMMIT=bb945e33a41c286ec55a359993b6d5fd20092865,-DMAYAHYDRA_GIT_BRANCH=master,-DMAYAUSD_LOCATION=/local/S/jenkins/workspace/shared/Artifactory/OSX/mayausd-cotd-debug/202401170904/runtime/d26f121/mayausd/MayaUSD '--ctest-args=-LE interactive,--parallel 8' --stages=clean --redirect-outstream-file=False --install-location /local/S/jenkins/workspace/ECP/ecg-maya-hydra/ecg-maya-hydra-branch-preflight-python3-osx/install/Debug/MayaHydra /local/S/jenkins/workspace/ECP/ecg-maya-hydra/ecg-maya-hydra-branch-preflight-python3-osx
[2024-01-23T09:58:55.918Z] Modified environment variables:
[2024-01-23T09:58:55.918Z]     PATH=/local/S/jenkins/workspace/shared/Artifactory/OSX/cmake/3.20.3/2594509/bin:/opt/homebrew/bin:/usr/local/bin:/bin:/usr/sbin:/sbin:/usr/bin:/usr/bin:/bin:/usr/sbin:/sbin
[2024-01-23T09:58:56.445Z]     
[2024-01-23T09:58:56.445Z]         Building with settings:
[2024-01-23T09:58:56.445Z]           Source directory          /Volumes/DATA/local/S/jenkins/workspace/ECP/ecg-maya-hydra/ecg-maya-hydra-branch-preflight-python3-osx/ecg-maya-hydra/maya-hydra
[2024-01-23T09:58:56.445Z]           Workspace directory       /local/S/jenkins/workspace/ECP/ecg-maya-hydra/ecg-maya-hydra-branch-preflight-python3-osx
[2024-01-23T09:58:56.445Z]           Build directory           /local/S/jenkins/workspace/ECP/ecg-maya-hydra/ecg-maya-hydra-branch-preflight-python3-osx/build/Debug
[2024-01-23T09:58:56.445Z]           Install directory         /local/S/jenkins/workspace/ECP/ecg-maya-hydra/ecg-maya-hydra-branch-preflight-python3-osx/install/Debug/MayaHydra
[2024-01-23T09:58:56.445Z]           Variant                   Debug
[2024-01-23T09:58:56.445Z]           Python Debug              Off
[2024-01-23T09:58:56.445Z]           CMake generator           Ninja
[2024-01-23T09:58:56.445Z]           Build arguments           ['-DCMAKE_MAKE_PROGRAM=/local/S/jenkins/workspace/shared/Artifactory/OSX/ninja/1.10.2/95d0ca5/ninja', '-DPYTHON_INCLUDE_DIR=/local/S/jenkins/workspace/shared/Artifactory/OSX/rundev-master-debug/202401221311/runtime/cb87f7c/runTime/Maya.app/Contents/Frameworks/Python.framework/Versions/Current/include/python3.11', '-DPython_EXECUTABLE=/local/S/jenkins/workspace/shared/Artifactory/OSX/rundev-master-debug/202401221311/runtime/cb87f7c/runTime/Maya.app/Contents/bin/mayapy', '-DPYTHON_LIBRARIES=/local/S/jenkins/workspace/shared/Artifactory/OSX/rundev-master-debug/202401221311/runtime/cb87f7c/runTime/Maya.app/Contents/Frameworks/Python.framework/Versions/Current/lib/libpython3.11.dylib', '-DBUILD_WITH_PYTHON_3_VERSION=3.11', '-DBUILD_UB2=ON', '-DCMAKE_WANT_MATERIALX_BUILD=ON', '-DCMAKE_PREFIX_PATH=/local/S/jenkins/workspace/shared/Artifactory/OSX/USD/ca7f6ed', '-DMAYAHYDRA_BUILD_NUMBER=476', '-DMAYAHYDRA_GIT_COMMIT=bb945e33a41c286ec55a359993b6d5fd20092865', '-DMAYAHYDRA_GIT_BRANCH=master', '-DMAYAUSD_LOCATION=/local/S/jenkins/workspace/shared/Artifactory/OSX/mayausd-cotd-debug/202401170904/runtime/d26f121/mayausd/MayaUSD']
[2024-01-23T09:58:56.445Z]           Stages arguments          ['clean']
[2024-01-23T09:58:56.445Z]           CTest arguments           ['-LE interactive', '--parallel 8']
[2024-01-23T09:58:56.445Z]     Success MayaHydra build and install !!!!
[2024-01-23T09:58:56.445Z]     Elapsed time: 00:00:00
[Pipeline] sh
[2024-01-23T09:58:57.986Z] + python ecg-maya-hydra/build.py --stages=clean --workspace-dir=/local/S/jenkins/workspace/ECP/ecg-maya-hydra/ecg-maya-hydra-branch-preflight-python3-osx --artifactory-dir=/local/S/jenkins/workspace/shared/Artifactory --build-dir=/local/S/jenkins/workspace/ECP/ecg-maya-hydra/ecg-maya-hydra-branch-preflight-python3-osx/build --install-dir=/local/S/jenkins/workspace/ECP/ecg-maya-hydra/ecg-maya-hydra-branch-preflight-python3-osx/install --signing-dir=/local/S/jenkins/workspace/ECP/ecg-maya-hydra/ecg-maya-hydra-branch-preflight-python3-osx/signing --package-dir=/local/S/jenkins/workspace/ECP/ecg-maya-hydra/ecg-maya-hydra-branch-preflight-python3-osx/package --output-dir=/local/S/jenkins/workspace/ECP/ecg-maya-hydra/ecg-maya-hydra-branch-preflight-python3-osx/output --stash-dir=/local/S/jenkins/workspace/ECP/ecg-maya-hydra/ecg-maya-hydra-branch-preflight-python3-osx/stash --jenkins-build=476 --git-commit=bb945e33a41c286ec55a359993b6d5fd20092865 --git-branch=master --variants=RelWithDebInfo --interactive-tests=false --post-zips=false --osx-binary-architecture-target=ub2 --osx-deployment-target=11.0 --osx-base-sdk=CurrentActiveSDK --maya-cut-config=maya-rundev-master.yaml --maya-package=rundev-master --stage-banner
[2024-01-23T09:58:57.986Z] config_file /Volumes/DATA/local/S/jenkins/workspace/ECP/ecg-maya-hydra/ecg-maya-hydra-branch-preflight-python3-osx/ecg-maya-hydra/maya-rundev-master.yaml
[2024-01-23T09:58:57.986Z] Using Maya cut from /local/S/jenkins/workspace/shared/Artifactory/OSX/rundev-master/202401221311/runtime/e40f03b/runTime
[2024-01-23T09:58:57.986Z] Using Maya ADSK Signatures from /local/S/jenkins/workspace/shared/Artifactory/OSX/adsk-plugin-signatures-maya/2023/3ae1ae7
[2024-01-23T09:58:57.986Z] Using Maya Security Library from /local/S/jenkins/workspace/shared/Artifactory/OSX/maya-security-library/3.4.0/5e08f3e
[2024-01-23T09:58:57.986Z] 
[2024-01-23T09:58:57.986Z] ================================================================================
[2024-01-23T09:58:57.986Z]                              clean (RelWithDebInfo)
[2024-01-23T09:58:57.986Z] ================================================================================
[2024-01-23T09:58:57.986Z] Maya Python RelWithDebInfo Info:
[2024-01-23T09:58:57.986Z]   mayapy executable   = /local/S/jenkins/workspace/shared/Artifactory/OSX/rundev-master/202401221311/runtime/e40f03b/runTime/Maya.app/Contents/bin/mayapy
[2024-01-23T09:58:57.986Z]   Include Folder      = /local/S/jenkins/workspace/shared/Artifactory/OSX/rundev-master/202401221311/runtime/e40f03b/runTime/Maya.app/Contents/Frameworks/Python.framework/Versions/Current/include/python3.11
[2024-01-23T09:58:57.986Z]   Library             = /local/S/jenkins/workspace/shared/Artifactory/OSX/rundev-master/202401221311/runtime/e40f03b/runTime/Maya.app/Contents/Frameworks/Python.framework/Versions/Current/lib/libpython3.11.dylib
[2024-01-23T09:58:57.986Z]   site-package Folder = /local/S/jenkins/workspace/shared/Artifactory/OSX/rundev-master/202401221311/runtime/e40f03b/runTime/Maya.app/Contents/Frameworks/Python.framework/Versions/Current/lib/python3.11/site-packages
[2024-01-23T09:59:13.810Z] Adding Python package requirements: ['/local/S/jenkins/workspace/shared/Artifactory/OSX/rundev-master/202401221311/runtime/e40f03b/runTime/Maya.app/Contents/bin/mayapy', '-m', 'pip', 'install', '-t', '/local/S/jenkins/workspace/shared/Artifactory/OSX/rundev-master/202401221311/runtime/e40f03b/runTime/Maya.app/Contents/Frameworks/Python.framework/Versions/Current/lib/python3.11/site-packages', '-r', 'python_requirements.txt']
[2024-01-23T09:59:13.810Z] In workdir: /Volumes/DATA/local/S/jenkins/workspace/ECP/ecg-maya-hydra/ecg-maya-hydra-branch-preflight-python3-osx/ecg-maya-hydra/maya-hydra
[2024-01-23T09:59:13.810Z] Executing: arch -arch arm64 /local/S/jenkins/workspace/shared/Artifactory/OSX/rundev-master/202401221311/runtime/e40f03b/runTime/Maya.app/Contents/bin/mayapy /Volumes/DATA/local/S/jenkins/workspace/ECP/ecg-maya-hydra/ecg-maya-hydra-branch-preflight-python3-osx/ecg-maya-hydra/maya-hydra/build.py --generator Ninja --build-relwithdebug --maya-location /local/S/jenkins/workspace/shared/Artifactory/OSX/rundev-master/202401221311/runtime/e40f03b/runTime --devkit-location /local/S/jenkins/workspace/shared/Artifactory/OSX/rundev-master/202401221311/runtime/e40f03b/devkitBase --pxrusd-location /local/S/jenkins/workspace/shared/Artifactory/OSX/USD/8270819 --build-args=-DCMAKE_MAKE_PROGRAM=/local/S/jenkins/workspace/shared/Artifactory/OSX/ninja/1.10.2/95d0ca5/ninja,-DPYTHON_INCLUDE_DIR=/local/S/jenkins/workspace/shared/Artifactory/OSX/rundev-master/202401221311/runtime/e40f03b/runTime/Maya.app/Contents/Frameworks/Python.framework/Versions/Current/include/python3.11,-DPython_EXECUTABLE=/local/S/jenkins/workspace/shared/Artifactory/OSX/rundev-master/202401221311/runtime/e40f03b/runTime/Maya.app/Contents/bin/mayapy,-DPYTHON_LIBRARIES=/local/S/jenkins/workspace/shared/Artifactory/OSX/rundev-master/202401221311/runtime/e40f03b/runTime/Maya.app/Contents/Frameworks/Python.framework/Versions/Current/lib/libpython3.11.dylib,-DBUILD_WITH_PYTHON_3_VERSION=3.11,-DBUILD_UB2=ON,-DCMAKE_WANT_MATERIALX_BUILD=ON,-DCMAKE_PREFIX_PATH=/local/S/jenkins/workspace/shared/Artifactory/OSX/USD/8270819,-DMAYAHYDRA_BUILD_NUMBER=476,-DMAYAHYDRA_GIT_COMMIT=bb945e33a41c286ec55a359993b6d5fd20092865,-DMAYAHYDRA_GIT_BRANCH=master,-DMAYAUSD_LOCATION=/local/S/jenkins/workspace/shared/Artifactory/OSX/mayausd-cotd/202401170904/runtime/5c19b81/mayausd/MayaUSD '--ctest-args=-LE interactive,--parallel 8' --stages=clean --redirect-outstream-file=False --install-location /local/S/jenkins/workspace/ECP/ecg-maya-hydra/ecg-maya-hydra-branch-preflight-python3-osx/install/RelWithDebInfo/MayaHydra /local/S/jenkins/workspace/ECP/ecg-maya-hydra/ecg-maya-hydra-branch-preflight-python3-osx
[2024-01-23T09:59:13.810Z] Modified environment variables:
[2024-01-23T09:59:13.810Z]     PATH=/local/S/jenkins/workspace/shared/Artifactory/OSX/cmake/3.20.3/2594509/bin:/opt/homebrew/bin:/usr/local/bin:/bin:/usr/sbin:/sbin:/usr/bin:/usr/bin:/bin:/usr/sbin:/sbin
[2024-01-23T09:59:13.810Z]     
[2024-01-23T09:59:13.810Z]         Building with settings:
[2024-01-23T09:59:13.810Z]           Source directory          /Volumes/DATA/local/S/jenkins/workspace/ECP/ecg-maya-hydra/ecg-maya-hydra-branch-preflight-python3-osx/ecg-maya-hydra/maya-hydra
[2024-01-23T09:59:13.810Z]           Workspace directory       /local/S/jenkins/workspace/ECP/ecg-maya-hydra/ecg-maya-hydra-branch-preflight-python3-osx
[2024-01-23T09:59:13.810Z]           Build directory           /local/S/jenkins/workspace/ECP/ecg-maya-hydra/ecg-maya-hydra-branch-preflight-python3-osx/build/RelWithDebInfo
[2024-01-23T09:59:13.810Z]           Install directory         /local/S/jenkins/workspace/ECP/ecg-maya-hydra/ecg-maya-hydra-branch-preflight-python3-osx/install/RelWithDebInfo/MayaHydra
[2024-01-23T09:59:13.810Z]           Variant                   RelWithDebInfo
[2024-01-23T09:59:13.810Z]           Python Debug              Off
[2024-01-23T09:59:13.810Z]           CMake generator           Ninja
[2024-01-23T09:59:13.810Z]           Build arguments           ['-DCMAKE_MAKE_PROGRAM=/local/S/jenkins/workspace/shared/Artifactory/OSX/ninja/1.10.2/95d0ca5/ninja', '-DPYTHON_INCLUDE_DIR=/local/S/jenkins/workspace/shared/Artifactory/OSX/rundev-master/202401221311/runtime/e40f03b/runTime/Maya.app/Contents/Frameworks/Python.framework/Versions/Current/include/python3.11', '-DPython_EXECUTABLE=/local/S/jenkins/workspace/shared/Artifactory/OSX/rundev-master/202401221311/runtime/e40f03b/runTime/Maya.app/Contents/bin/mayapy', '-DPYTHON_LIBRARIES=/local/S/jenkins/workspace/shared/Artifactory/OSX/rundev-master/202401221311/runtime/e40f03b/runTime/Maya.app/Contents/Frameworks/Python.framework/Versions/Current/lib/libpython3.11.dylib', '-DBUILD_WITH_PYTHON_3_VERSION=3.11', '-DBUILD_UB2=ON', '-DCMAKE_WANT_MATERIALX_BUILD=ON', '-DCMAKE_PREFIX_PATH=/local/S/jenkins/workspace/shared/Artifactory/OSX/USD/8270819', '-DMAYAHYDRA_BUILD_NUMBER=476', '-DMAYAHYDRA_GIT_COMMIT=bb945e33a41c286ec55a359993b6d5fd20092865', '-DMAYAHYDRA_GIT_BRANCH=master', '-DMAYAUSD_LOCATION=/local/S/jenkins/workspace/shared/Artifactory/OSX/mayausd-cotd/202401170904/runtime/5c19b81/mayausd/MayaUSD']
[2024-01-23T09:59:13.810Z]           Stages arguments          ['clean']
[2024-01-23T09:59:13.810Z]           CTest arguments           ['-LE interactive', '--parallel 8']
[2024-01-23T09:59:13.810Z]     Success MayaHydra build and install !!!!
[2024-01-23T09:59:13.810Z]     Elapsed time: 00:00:00
[Pipeline] }
[Pipeline] // withEnv
[Pipeline] }
[Pipeline] // timeout
[Pipeline] }
[Pipeline] // stage
[Pipeline] }
[Pipeline] // timestamps
[Pipeline] timestamps
[Pipeline] {
[Pipeline] stage
[Pipeline] { (Configure)
[Pipeline] timeout
[2024-01-23T09:59:14.177Z] Timeout set to expire in 6 hr 0 min
[Pipeline] {
[Pipeline] withEnv
[Pipeline] {
[Pipeline] sh
[2024-01-23T09:59:15.292Z] + python ecg-maya-hydra/build.py --stages=configure --workspace-dir=/local/S/jenkins/workspace/ECP/ecg-maya-hydra/ecg-maya-hydra-branch-preflight-python3-osx --artifactory-dir=/local/S/jenkins/workspace/shared/Artifactory --build-dir=/local/S/jenkins/workspace/ECP/ecg-maya-hydra/ecg-maya-hydra-branch-preflight-python3-osx/build --install-dir=/local/S/jenkins/workspace/ECP/ecg-maya-hydra/ecg-maya-hydra-branch-preflight-python3-osx/install --signing-dir=/local/S/jenkins/workspace/ECP/ecg-maya-hydra/ecg-maya-hydra-branch-preflight-python3-osx/signing --package-dir=/local/S/jenkins/workspace/ECP/ecg-maya-hydra/ecg-maya-hydra-branch-preflight-python3-osx/package --output-dir=/local/S/jenkins/workspace/ECP/ecg-maya-hydra/ecg-maya-hydra-branch-preflight-python3-osx/output --stash-dir=/local/S/jenkins/workspace/ECP/ecg-maya-hydra/ecg-maya-hydra-branch-preflight-python3-osx/stash --jenkins-build=476 --git-commit=bb945e33a41c286ec55a359993b6d5fd20092865 --git-branch=master --variants=Debug --interactive-tests=false --post-zips=false --osx-binary-architecture-target=ub2 --osx-deployment-target=11.0 --osx-base-sdk=CurrentActiveSDK --maya-cut-config=maya-rundev-master-debug.yaml --maya-package=rundev-master-debug --stage-banner
[2024-01-23T09:59:15.292Z] config_file /Volumes/DATA/local/S/jenkins/workspace/ECP/ecg-maya-hydra/ecg-maya-hydra-branch-preflight-python3-osx/ecg-maya-hydra/maya-rundev-master-debug.yaml
[2024-01-23T09:59:15.292Z] Using Maya cut from /local/S/jenkins/workspace/shared/Artifactory/OSX/rundev-master-debug/202401221311/runtime/cb87f7c/runTime
[2024-01-23T09:59:15.292Z] Using Maya ADSK Signatures from /local/S/jenkins/workspace/shared/Artifactory/OSX/adsk-plugin-signatures-maya/2023/3ae1ae7
[2024-01-23T09:59:15.292Z] Using Maya Security Library from /local/S/jenkins/workspace/shared/Artifactory/OSX/maya-security-library/3.4.0/5e08f3e
[2024-01-23T09:59:15.292Z] 
[2024-01-23T09:59:15.292Z] ================================================================================
[2024-01-23T09:59:15.292Z]                                configure (Debug)
[2024-01-23T09:59:15.292Z] ================================================================================
[2024-01-23T09:59:15.292Z] Maya Python Debug Info:
[2024-01-23T09:59:15.292Z]   mayapy executable   = /local/S/jenkins/workspace/shared/Artifactory/OSX/rundev-master-debug/202401221311/runtime/cb87f7c/runTime/Maya.app/Contents/bin/mayapy
[2024-01-23T09:59:15.292Z]   Include Folder      = /local/S/jenkins/workspace/shared/Artifactory/OSX/rundev-master-debug/202401221311/runtime/cb87f7c/runTime/Maya.app/Contents/Frameworks/Python.framework/Versions/Current/include/python3.11
[2024-01-23T09:59:15.292Z]   Library             = /local/S/jenkins/workspace/shared/Artifactory/OSX/rundev-master-debug/202401221311/runtime/cb87f7c/runTime/Maya.app/Contents/Frameworks/Python.framework/Versions/Current/lib/libpython3.11.dylib
[2024-01-23T09:59:15.292Z]   site-package Folder = /local/S/jenkins/workspace/shared/Artifactory/OSX/rundev-master-debug/202401221311/runtime/cb87f7c/runTime/Maya.app/Contents/Frameworks/Python.framework/Versions/Current/lib/python3.11/site-packages
[2024-01-23T09:59:15.817Z] In workdir: /Volumes/DATA/local/S/jenkins/workspace/ECP/ecg-maya-hydra/ecg-maya-hydra-branch-preflight-python3-osx/ecg-maya-hydra/maya-hydra
[2024-01-23T09:59:15.817Z] Executing: arch -arch arm64 /local/S/jenkins/workspace/shared/Artifactory/OSX/rundev-master-debug/202401221311/runtime/cb87f7c/runTime/Maya.app/Contents/bin/mayapy /Volumes/DATA/local/S/jenkins/workspace/ECP/ecg-maya-hydra/ecg-maya-hydra-branch-preflight-python3-osx/ecg-maya-hydra/maya-hydra/build.py --generator Ninja --build-debug --maya-location /local/S/jenkins/workspace/shared/Artifactory/OSX/rundev-master-debug/202401221311/runtime/cb87f7c/runTime --devkit-location /local/S/jenkins/workspace/shared/Artifactory/OSX/rundev-master-debug/202401221311/runtime/cb87f7c/devkitBase --pxrusd-location /local/S/jenkins/workspace/shared/Artifactory/OSX/USD/ca7f6ed --build-args=-DCMAKE_MAKE_PROGRAM=/local/S/jenkins/workspace/shared/Artifactory/OSX/ninja/1.10.2/95d0ca5/ninja,-DPYTHON_INCLUDE_DIR=/local/S/jenkins/workspace/shared/Artifactory/OSX/rundev-master-debug/202401221311/runtime/cb87f7c/runTime/Maya.app/Contents/Frameworks/Python.framework/Versions/Current/include/python3.11,-DPython_EXECUTABLE=/local/S/jenkins/workspace/shared/Artifactory/OSX/rundev-master-debug/202401221311/runtime/cb87f7c/runTime/Maya.app/Contents/bin/mayapy,-DPYTHON_LIBRARIES=/local/S/jenkins/workspace/shared/Artifactory/OSX/rundev-master-debug/202401221311/runtime/cb87f7c/runTime/Maya.app/Contents/Frameworks/Python.framework/Versions/Current/lib/libpython3.11.dylib,-DBUILD_WITH_PYTHON_3_VERSION=3.11,-DBUILD_UB2=ON,-DCMAKE_WANT_MATERIALX_BUILD=ON,-DCMAKE_PREFIX_PATH=/local/S/jenkins/workspace/shared/Artifactory/OSX/USD/ca7f6ed,-DMAYAHYDRA_BUILD_NUMBER=476,-DMAYAHYDRA_GIT_COMMIT=bb945e33a41c286ec55a359993b6d5fd20092865,-DMAYAHYDRA_GIT_BRANCH=master,-DMAYAUSD_LOCATION=/local/S/jenkins/workspace/shared/Artifactory/OSX/mayausd-cotd-debug/202401170904/runtime/d26f121/mayausd/MayaUSD '--ctest-args=-LE interactive,--parallel 8' --stages=configure --redirect-outstream-file=False --install-location /local/S/jenkins/workspace/ECP/ecg-maya-hydra/ecg-maya-hydra-branch-preflight-python3-osx/install/Debug/MayaHydra /local/S/jenkins/workspace/ECP/ecg-maya-hydra/ecg-maya-hydra-branch-preflight-python3-osx
[2024-01-23T09:59:15.817Z] Modified environment variables:
[2024-01-23T09:59:15.817Z]     PATH=/local/S/jenkins/workspace/shared/Artifactory/OSX/cmake/3.20.3/2594509/bin:/opt/homebrew/bin:/usr/local/bin:/bin:/usr/sbin:/sbin:/usr/bin:/usr/bin:/bin:/usr/sbin:/sbin
[2024-01-23T09:59:26.860Z]     -- The C compiler identification is AppleClang 13.1.6.13160021
[2024-01-23T09:59:26.860Z]     -- The CXX compiler identification is AppleClang 13.1.6.13160021
[2024-01-23T09:59:26.860Z]     -- Detecting C compiler ABI info
[2024-01-23T09:59:26.860Z]     -- Detecting C compiler ABI info - done
[2024-01-23T09:59:26.860Z]     -- Check for working C compiler: /Applications/Xcode.app/Contents/Developer/Toolchains/XcodeDefault.xctoolchain/usr/bin/cc - skipped
[2024-01-23T09:59:26.860Z]     -- Detecting C compile features
[2024-01-23T09:59:26.860Z]     -- Detecting C compile features - done
[2024-01-23T09:59:26.860Z]     -- Detecting CXX compiler ABI info
[2024-01-23T09:59:26.860Z]     -- Detecting CXX compiler ABI info - done
[2024-01-23T09:59:26.860Z]     -- Check for working CXX compiler: /Applications/Xcode.app/Contents/Developer/Toolchains/XcodeDefault.xctoolchain/usr/bin/c++ - skipped
[2024-01-23T09:59:26.860Z]     -- Detecting CXX compile features
[2024-01-23T09:59:26.860Z]     -- Detecting CXX compile features - done
[2024-01-23T09:59:26.860Z]     -- Building with Universal Binary 2
[2024-01-23T09:59:27.959Z]     -- Using Maya Light API Version 3
[2024-01-23T09:59:27.959Z]     -- Maya has setDefaultMaterialHandling API
[2024-01-23T09:59:27.959Z]     -- Maya has new point snapping API
[2024-01-23T09:59:27.959Z]     -- Maya has isInCrashHandler API
[2024-01-23T09:59:27.959Z]     -- Maya has getDisplayStyleOfAllViewports API
[2024-01-23T09:59:27.959Z]     -- Maya array iterator has difference_type trait
[2024-01-23T09:59:27.959Z]     -- MFnSet has getMemberPaths function
[2024-01-23T09:59:27.959Z]     -- MFnDisplayLayer exists
[2024-01-23T09:59:27.959Z]     -- MDisplayLayerMessage has MDisplayLayerMemberChangedFunction
[2024-01-23T09:59:27.959Z]     -- MRenderItem has HideOnPlayback API
[2024-01-23T09:59:27.959Z]     -- MacOSX: Maya was built with Universal Binary 2 (x86_64/arm64)
[2024-01-23T09:59:27.959Z]     -- Found Maya: /local/S/jenkins/workspace/shared/Artifactory/OSX/rundev-master-debug/202401221311/runtime/cb87f7c/runTime/maya.app/Contents/MacOS/Maya (found suitable version "2025", minimum required is "2024")
[2024-01-23T09:59:27.959Z]     -- Found Python: /local/S/jenkins/workspace/shared/Artifactory/OSX/rundev-master-debug/202401221311/runtime/cb87f7c/runTime/Maya.app/Contents/bin/mayapy (found suitable exact version "3.11.4") found components: Interpreter
[2024-01-23T09:59:27.959Z]     -- Build mayaHydra with Python3 = 3.11
[2024-01-23T09:59:27.959Z]     --    PYTHON_INCLUDE_DIRS = /local/S/jenkins/workspace/shared/Artifactory/OSX/rundev-master-debug/202401221311/runtime/cb87f7c/runTime/Maya.app/Contents/Frameworks/Python.framework/Versions/Current/include/python3.11
[2024-01-23T09:59:27.959Z]     --    PYTHON_LIBRARIES    = /local/S/jenkins/workspace/shared/Artifactory/OSX/rundev-master-debug/202401221311/runtime/cb87f7c/runTime/Maya.app/Contents/Frameworks/Python.framework/Versions/Current/lib/libpython3.11.dylib
[2024-01-23T09:59:27.959Z]     --    Python_EXECUTABLE   = /local/S/jenkins/workspace/shared/Artifactory/OSX/rundev-master-debug/202401221311/runtime/cb87f7c/runTime/Maya.app/Contents/bin/mayapy
[2024-01-23T09:59:28.484Z]     -- Found Python3: /local/S/jenkins/workspace/shared/Artifactory/OSX/rundev-master-debug/202401221311/runtime/cb87f7c/runTime/Maya.app/Contents/Frameworks/Python.framework/Versions/Current/include/python3.11 (found suitable exact version "3.11.4") found components: Development Development.Module Development.Embed
[2024-01-23T09:59:28.484Z]     -- USD has new Sdr.PropertyTypes.Color4
[2024-01-23T09:59:28.484Z]     -- USD has MaterialX metadata support
[2024-01-23T09:59:28.484Z]     -- USD include dir: /local/S/jenkins/workspace/shared/Artifactory/OSX/USD/ca7f6ed/include
[2024-01-23T09:59:28.484Z]     -- USD library dir: /local/S/jenkins/workspace/shared/Artifactory/OSX/USD/ca7f6ed/lib
[2024-01-23T09:59:28.484Z]     -- USD version: 0.23.11
[2024-01-23T09:59:28.484Z]     -- Found USD: /local/S/jenkins/workspace/shared/Artifactory/OSX/USD/ca7f6ed (found suitable version "0.23.11", minimum required is "0.22.11")
[2024-01-23T09:59:28.484Z]     Updated PYTHONPATH: /local/S/jenkins/workspace/shared/Artifactory/OSX/USD/ca7f6ed/lib/python
[2024-01-23T09:59:28.484Z]     -- Found UFE: /local/S/jenkins/workspace/shared/Artifactory/OSX/rundev-master-debug/202401221311/runtime/cb87f7c/devkitBase/devkit/ufe/include (found version "5.0.0")
[2024-01-23T09:59:28.484Z]     -- UFE include dir: /local/S/jenkins/workspace/shared/Artifactory/OSX/rundev-master-debug/202401221311/runtime/cb87f7c/devkitBase/devkit/ufe/include
[2024-01-23T09:59:28.484Z]     -- UFE library: /local/S/jenkins/workspace/shared/Artifactory/OSX/rundev-master-debug/202401221311/runtime/cb87f7c/devkitBase/devkit/ufe/lib/libufe_5.dylib
[2024-01-23T09:59:28.484Z]     -- UFE version: 5.0.0
[2024-01-23T09:59:28.484Z]     -- Maya has UFE lights API
[2024-01-23T09:59:28.484Z]     -- Maya has UFE scene segment API
[2024-01-23T09:59:28.484Z]     -- Maya has UFE TrieNode childrenComponents accessor
[2024-01-23T09:59:28.484Z]     -- Building with UFE 5.0.0.
[2024-01-23T09:59:28.484Z]     CMake Warning (dev) at /Volumes/DATA/local/S/jenkins/workspace/shared/Artifactory/OSX/cmake/3.20.3/2594509/share/cmake-3.20/Modules/FindPackageHandleStandardArgs.cmake:438 (message):
[2024-01-23T09:59:28.484Z]       The package name passed to `find_package_handle_standard_args` (MAYAUSD)
[2024-01-23T09:59:28.484Z]       does not match the name of the calling package (MayaUsd).  This can lead to
[2024-01-23T09:59:28.484Z]       problems in calling code that expects `find_package` result variables
[2024-01-23T09:59:28.484Z]       (e.g., `_FOUND`) to follow a certain pattern.
[2024-01-23T09:59:28.484Z]     Call Stack (most recent call first):
[2024-01-23T09:59:28.484Z]       cmake/modules/FindMayaUsd.cmake:62 (find_package_handle_standard_args)
[2024-01-23T09:59:28.484Z]       CMakeLists.txt:134 (find_package)
[2024-01-23T09:59:28.484Z]     This warning is for project developers.  Use -Wno-dev to suppress it.
[2024-01-23T09:59:28.484Z]     
[2024-01-23T09:59:28.484Z]     -- Could NOT find MAYAUSD (missing: MAYAUSD_LIBRARY_DIR)
[2024-01-23T09:59:28.484Z]     CMake Error at cmake/modules/FindMayaUsd.cmake:86 (message):
[2024-01-23T09:59:28.484Z]       Could not find MayaUsd library and include directories in the folder
[2024-01-23T09:59:28.484Z]       provided :
[2024-01-23T09:59:28.484Z]       /local/S/jenkins/workspace/shared/Artifactory/OSX/mayausd-cotd-debug/202401170904/runtime/d26f121/mayausd/MayaUSD
[2024-01-23T09:59:28.484Z]     Call Stack (most recent call first):
[2024-01-23T09:59:28.484Z]       CMakeLists.txt:134 (find_package)
[2024-01-23T09:59:28.484Z]     
[2024-01-23T09:59:28.484Z]     
[2024-01-23T09:59:28.484Z]     -- Configuring incomplete, errors occurred!
[2024-01-23T09:59:28.484Z]     See also "/Volumes/DATA/local/S/jenkins/workspace/ECP/ecg-maya-hydra/ecg-maya-hydra-branch-preflight-python3-osx/build/Debug/CMakeFiles/CMakeOutput.log".
[2024-01-23T09:59:28.484Z]     See also "/Volumes/DATA/local/S/jenkins/workspace/ECP/ecg-maya-hydra/ecg-maya-hydra-branch-preflight-python3-osx/build/Debug/CMakeFiles/CMakeError.log".
[2024-01-23T09:59:28.484Z]     
[2024-01-23T09:59:28.484Z]         Building with settings:
[2024-01-23T09:59:28.484Z]           Source directory          /Volumes/DATA/local/S/jenkins/workspace/ECP/ecg-maya-hydra/ecg-maya-hydra-branch-preflight-python3-osx/ecg-maya-hydra/maya-hydra
[2024-01-23T09:59:28.484Z]           Workspace directory       /local/S/jenkins/workspace/ECP/ecg-maya-hydra/ecg-maya-hydra-branch-preflight-python3-osx
[2024-01-23T09:59:28.484Z]           Build directory           /local/S/jenkins/workspace/ECP/ecg-maya-hydra/ecg-maya-hydra-branch-preflight-python3-osx/build/Debug
[2024-01-23T09:59:28.484Z]           Install directory         /local/S/jenkins/workspace/ECP/ecg-maya-hydra/ecg-maya-hydra-branch-preflight-python3-osx/install/Debug/MayaHydra
[2024-01-23T09:59:28.484Z]           Variant                   Debug
[2024-01-23T09:59:28.484Z]           Python Debug              Off
[2024-01-23T09:59:28.484Z]           CMake generator           Ninja
[2024-01-23T09:59:28.484Z]           Build arguments           ['-DCMAKE_MAKE_PROGRAM=/local/S/jenkins/workspace/shared/Artifactory/OSX/ninja/1.10.2/95d0ca5/ninja', '-DPYTHON_INCLUDE_DIR=/local/S/jenkins/workspace/shared/Artifactory/OSX/rundev-master-debug/202401221311/runtime/cb87f7c/runTime/Maya.app/Contents/Frameworks/Python.framework/Versions/Current/include/python3.11', '-DPython_EXECUTABLE=/local/S/jenkins/workspace/shared/Artifactory/OSX/rundev-master-debug/202401221311/runtime/cb87f7c/runTime/Maya.app/Contents/bin/mayapy', '-DPYTHON_LIBRARIES=/local/S/jenkins/workspace/shared/Artifactory/OSX/rundev-master-debug/202401221311/runtime/cb87f7c/runTime/Maya.app/Contents/Frameworks/Python.framework/Versions/Current/lib/libpython3.11.dylib', '-DBUILD_WITH_PYTHON_3_VERSION=3.11', '-DBUILD_UB2=ON', '-DCMAKE_WANT_MATERIALX_BUILD=ON', '-DCMAKE_PREFIX_PATH=/local/S/jenkins/workspace/shared/Artifactory/OSX/USD/ca7f6ed', '-DMAYAHYDRA_BUILD_NUMBER=476', '-DMAYAHYDRA_GIT_COMMIT=bb945e33a41c286ec55a359993b6d5fd20092865', '-DMAYAHYDRA_GIT_BRANCH=master', '-DMAYAUSD_LOCATION=/local/S/jenkins/workspace/shared/Artifactory/OSX/mayausd-cotd-debug/202401170904/runtime/d26f121/mayausd/MayaUSD']
[2024-01-23T09:59:28.484Z]           Stages arguments          ['configure']
[2024-01-23T09:59:28.484Z]           CTest arguments           ['-LE interactive', '--parallel 8']
[2024-01-23T09:59:28.484Z]     STATUS: Could not find Maya Qt6.
[2024-01-23T09:59:28.484Z]     STATUS:   Extracting '/local/S/jenkins/workspace/shared/Artifactory/OSX/rundev-master-debug/202401221311/runtime/cb87f7c/devkitBase/Qt.tgz' to '/local/S/jenkins/workspace/shared/Artifactory/OSX/rundev-master-debug/202401221311/runtime/cb87f7c/devkitBase'
[2024-01-23T09:59:28.484Z]     #####################################################################################
[2024-01-23T09:59:28.484Z]     log date: 2024-01-23 01:59
[2024-01-23T09:59:28.484Z]     commit sha: b13e2e19cdaf5000ed2fa0a731f5ca9d8f3527d7
[2024-01-23T09:59:28.484Z]     commit date: Tue Jan 23 01:48:51 2024 -0800
[2024-01-23T09:59:28.484Z]     #####################################################################################
[2024-01-23T09:59:28.484Z]     
[2024-01-23T09:59:28.485Z]     cmake -DCMAKE_INSTALL_PREFIX="/local/S/jenkins/workspace/ECP/ecg-maya-hydra/ecg-maya-hydra-branch-preflight-python3-osx/install/Debug/MayaHydra" -DCMAKE_BUILD_TYPE=Debug -DCMAKE_EXPORT_COMPILE_COMMANDS=ON -G "Ninja" -DMAYA_LOCATION="/local/S/jenkins/workspace/shared/Artifactory/OSX/rundev-master-debug/202401221311/runtime/cb87f7c/runTime" -DPXR_USD_LOCATION="/local/S/jenkins/workspace/shared/Artifactory/OSX/USD/ca7f6ed" -DMAYA_DEVKIT_LOCATION="/local/S/jenkins/workspace/shared/Artifactory/OSX/rundev-master-debug/202401221311/runtime/cb87f7c/devkitBase" -DCMAKE_MAKE_PROGRAM=/local/S/jenkins/workspace/shared/Artifactory/OSX/ninja/1.10.2/95d0ca5/ninja -DPYTHON_INCLUDE_DIR=/local/S/jenkins/workspace/shared/Artifactory/OSX/rundev-master-debug/202401221311/runtime/cb87f7c/runTime/Maya.app/Contents/Frameworks/Python.framework/Versions/Current/include/python3.11 -DPython_EXECUTABLE=/local/S/jenkins/workspace/shared/Artifactory/OSX/rundev-master-debug/202401221311/runtime/cb87f7c/runTime/Maya.app/Contents/bin/mayapy -DPYTHON_LIBRARIES=/local/S/jenkins/workspace/shared/Artifactory/OSX/rundev-master-debug/202401221311/runtime/cb87f7c/runTime/Maya.app/Contents/Frameworks/Python.framework/Versions/Current/lib/libpython3.11.dylib -DBUILD_WITH_PYTHON_3_VERSION=3.11 -DBUILD_UB2=ON -DCMAKE_WANT_MATERIALX_BUILD=ON -DCMAKE_PREFIX_PATH=/local/S/jenkins/workspace/shared/Artifactory/OSX/USD/ca7f6ed -DMAYAHYDRA_BUILD_NUMBER=476 -DMAYAHYDRA_GIT_COMMIT=bb945e33a41c286ec55a359993b6d5fd20092865 -DMAYAHYDRA_GIT_BRANCH=master -DMAYAUSD_LOCATION=/local/S/jenkins/workspace/shared/Artifactory/OSX/mayausd-cotd-debug/202401170904/runtime/d26f121/mayausd/MayaUSD "/Volumes/DATA/local/S/jenkins/workspace/ECP/ecg-maya-hydra/ecg-maya-hydra-branch-preflight-python3-osx/ecg-maya-hydra/maya-hydra"
[2024-01-23T09:59:28.485Z]     
[2024-01-23T09:59:28.485Z]     Traceback (most recent call last):
[2024-01-23T09:59:28.485Z]       File "/Volumes/DATA/local/S/jenkins/workspace/ECP/ecg-maya-hydra/ecg-maya-hydra-branch-preflight-python3-osx/ecg-maya-hydra/maya-hydra/build.py", line 745, in <module>
[2024-01-23T09:59:28.485Z]         BuildAndInstall(context, context.buildArgs, context.stagesArgs)
[2024-01-23T09:59:28.485Z]       File "/Volumes/DATA/local/S/jenkins/workspace/ECP/ecg-maya-hydra/ecg-maya-hydra-branch-preflight-python3-osx/ecg-maya-hydra/maya-hydra/build.py", line 502, in BuildAndInstall
[2024-01-23T09:59:28.485Z]         RunCMake(context, extraArgs, stagesArgs)
[2024-01-23T09:59:28.485Z]       File "/Volumes/DATA/local/S/jenkins/workspace/ECP/ecg-maya-hydra/ecg-maya-hydra-branch-preflight-python3-osx/ecg-maya-hydra/maya-hydra/build.py", line 305, in RunCMake
[2024-01-23T09:59:28.485Z]         Run(context,
[2024-01-23T09:59:28.485Z]       File "/Volumes/DATA/local/S/jenkins/workspace/ECP/ecg-maya-hydra/ecg-maya-hydra-branch-preflight-python3-osx/ecg-maya-hydra/maya-hydra/build.py", line 197, in Run
[2024-01-23T09:59:28.485Z]         raise RuntimeError("Failed to run '{cmd}'\nSee {log} for more details."
[2024-01-23T09:59:28.485Z]     RuntimeError: Failed to run 'cmake -DCMAKE_INSTALL_PREFIX="/local/S/jenkins/workspace/ECP/ecg-maya-hydra/ecg-maya-hydra-branch-preflight-python3-osx/install/Debug/MayaHydra" -DCMAKE_BUILD_TYPE=Debug -DCMAKE_EXPORT_COMPILE_COMMANDS=ON -G "Ninja" -DMAYA_LOCATION="/local/S/jenkins/workspace/shared/Artifactory/OSX/rundev-master-debug/202401221311/runtime/cb87f7c/runTime" -DPXR_USD_LOCATION="/local/S/jenkins/workspace/shared/Artifactory/OSX/USD/ca7f6ed" -DMAYA_DEVKIT_LOCATION="/local/S/jenkins/workspace/shared/Artifactory/OSX/rundev-master-debug/202401221311/runtime/cb87f7c/devkitBase" -DCMAKE_MAKE_PROGRAM=/local/S/jenkins/workspace/shared/Artifactory/OSX/ninja/1.10.2/95d0ca5/ninja -DPYTHON_INCLUDE_DIR=/local/S/jenkins/workspace/shared/Artifactory/OSX/rundev-master-debug/202401221311/runtime/cb87f7c/runTime/Maya.app/Contents/Frameworks/Python.framework/Versions/Current/include/python3.11 -DPython_EXECUTABLE=/local/S/jenkins/workspace/shared/Artifactory/OSX/rundev-master-debug/202401221311/runtime/cb87f7c/runTime/Maya.app/Contents/bin/mayapy -DPYTHON_LIBRARIES=/local/S/jenkins/workspace/shared/Artifactory/OSX/rundev-master-debug/202401221311/runtime/cb87f7c/runTime/Maya.app/Contents/Frameworks/Python.framework/Versions/Current/lib/libpython3.11.dylib -DBUILD_WITH_PYTHON_3_VERSION=3.11 -DBUILD_UB2=ON -DCMAKE_WANT_MATERIALX_BUILD=ON -DCMAKE_PREFIX_PATH=/local/S/jenkins/workspace/shared/Artifactory/OSX/USD/ca7f6ed -DMAYAHYDRA_BUILD_NUMBER=476 -DMAYAHYDRA_GIT_COMMIT=bb945e33a41c286ec55a359993b6d5fd20092865 -DMAYAHYDRA_GIT_BRANCH=master -DMAYAUSD_LOCATION=/local/S/jenkins/workspace/shared/Artifactory/OSX/mayausd-cotd-debug/202401170904/runtime/d26f121/mayausd/MayaUSD "/Volumes/DATA/local/S/jenkins/workspace/ECP/ecg-maya-hydra/ecg-maya-hydra-branch-preflight-python3-osx/ecg-maya-hydra/maya-hydra"'
[2024-01-23T09:59:28.485Z]     See /local/S/jenkins/workspace/ECP/ecg-maya-hydra/ecg-maya-hydra-branch-preflight-python3-osx/build/Debug/build_log.txt for more details.
[2024-01-23T09:59:28.485Z] build.py: error: Command failed with error code: 1
[Pipeline] }
[Pipeline] // withEnv
[Pipeline] }
[Pipeline] // timeout
[Pipeline] }
[Pipeline] // stage
[Pipeline] }
[Pipeline] // timestamps
[Pipeline] emailextrecipients
Not sending mail to user notifications@git.autodesk.com with no permission to view ECP  ecg-maya-hydra  Maya Hydra [Python 3, Interactive] - Branch - Preflight (OSX) [M1/UB2] #476Not sending mail to user ecg.jenkins@autodesk.com with no permission to view ECP  ecg-maya-hydra  Maya Hydra [Python 3, Interactive] - Branch - Preflight (OSX) [M1/UB2] #476Not sending mail to user ecg.jenkins@autodesk.com with no permission to view ECP  ecg-maya-hydra  Maya Hydra [Python 3, Interactive] - Branch - Preflight (OSX) [M1/UB2] #476[Pipeline] isUnix
[Pipeline] echo
Sending notification via SendGrid.
Sending email to philippe.de.blois@autodesk.com
[Pipeline] withCredentials
Masking supported pattern matches of $TOKEN
[Pipeline] {
[Pipeline] isUnix
[Pipeline] sh
[Pipeline] }
[Pipeline] // withCredentials
[Pipeline] }
[Pipeline] // node
[Pipeline] End of Pipeline
ERROR: script returned exit code 1
[Checks API] No suitable checks publisher found.
Finished: FAILURE
