================================================================================
                                 setup (Debug)
================================================================================
[Pipeline] }
[Pipeline] // withEnv
[Pipeline] withEnv
[Pipeline] {
[Pipeline] sh
[ecg-mayausd-branch-preflight-python3-linux] Running shell script
+ scl enable devtoolset-6 -
python ecg-maya-usd/build.py --stages=setup --workspace-dir=/local/S/jenkins/workspace/ecg-mayausd-branch-preflight-python3-linux --artifactory-dir=/local/S/jenkins/workspace/shared/Artifactory --build-dir=/local/S/jenkins/workspace/ecg-mayausd-branch-preflight-python3-linux/build --install-dir=/local/S/jenkins/workspace/ecg-mayausd-branch-preflight-python3-linux/install --signing-dir=/local/S/jenkins/workspace/ecg-mayausd-branch-preflight-python3-linux/signing --package-dir=/local/S/jenkins/workspace/ecg-mayausd-branch-preflight-python3-linux/package --output-dir=/local/S/jenkins/workspace/ecg-mayausd-branch-preflight-python3-linux/output --stash-dir=/local/S/jenkins/workspace/ecg-mayausd-branch-preflight-python3-linux/stash --jenkins-build=814 --git-commit=3a1e7ccac08d92e8cb00897286658ebaae76e032 --git-branch=master --variants=RelWithDebInfo --python=3 --post-zips=false --prune-versions=2 --prune-revisions=2 --maya-cut-config=maya-rundev-master.yaml --stage-banner --prune-artifacts --force-pruning
Using Maya cut from /local/S/jenkins/workspace/shared/Artifactory/Linux/rundev-master/202104191515/runtime/54dc71a

================================================================================
                             setup (RelWithDebInfo)
================================================================================
[Pipeline] }
[Pipeline] // withEnv
[Pipeline] }
[Pipeline] // stage
[Pipeline] }
[Pipeline] // timestamps
[Pipeline] }
[Pipeline] // timeout
[Pipeline] timeout
Timeout set to expire in 6 hr 0 min
[Pipeline] {
[Pipeline] timestamps
[Pipeline] {
[Pipeline] stage
[Pipeline] { (Clean)
[Pipeline] withEnv
[Pipeline] {
[Pipeline] sh
[ecg-mayausd-branch-preflight-python3-linux] Running shell script
+ scl enable devtoolset-6 -
python ecg-maya-usd/build.py --stages=clean --workspace-dir=/local/S/jenkins/workspace/ecg-mayausd-branch-preflight-python3-linux --artifactory-dir=/local/S/jenkins/workspace/shared/Artifactory --build-dir=/local/S/jenkins/workspace/ecg-mayausd-branch-preflight-python3-linux/build --install-dir=/local/S/jenkins/workspace/ecg-mayausd-branch-preflight-python3-linux/install --signing-dir=/local/S/jenkins/workspace/ecg-mayausd-branch-preflight-python3-linux/signing --package-dir=/local/S/jenkins/workspace/ecg-mayausd-branch-preflight-python3-linux/package --output-dir=/local/S/jenkins/workspace/ecg-mayausd-branch-preflight-python3-linux/output --stash-dir=/local/S/jenkins/workspace/ecg-mayausd-branch-preflight-python3-linux/stash --jenkins-build=814 --git-commit=3a1e7ccac08d92e8cb00897286658ebaae76e032 --git-branch=master --variants=Debug --python=3 --post-zips=false --maya-cut-config=maya-rundev-master-debug.yaml --stage-banner
Using Maya cut from /local/S/jenkins/workspace/shared/Artifactory/Linux/rundev-master-debug/202104191515/runtime/a8ef634

================================================================================
                                 clean (Debug)
================================================================================
Maya Python Debug Info:
  mayapy executable   = /local/S/jenkins/workspace/shared/Artifactory/Linux/rundev-master-debug/202104191515/runtime/a8ef634/runTime/bin/mayapy
  Include Folder      = /local/S/jenkins/workspace/shared/Artifactory/Linux/rundev-master-debug/202104191515/runtime/a8ef634/runTime/include/Python37/Python
  Library             = /local/S/jenkins/workspace/shared/Artifactory/Linux/rundev-master-debug/202104191515/runtime/a8ef634/runTime/lib/libpython3.7dm.so.1.0
  site-package Folder = /local/S/jenkins/workspace/shared/Artifactory/Linux/rundev-master-debug/202104191515/runtime/a8ef634/runTime/lib/python3.7/site-packages
In workdir: /home/S/jenkins/workspace/ecg-mayausd-branch-preflight-python3-linux/ecg-maya-usd/maya-usd
Executing: /local/S/jenkins/workspace/shared/Artifactory/Linux/rundev-master-debug/202104191515/runtime/a8ef634/runTime/bin/mayapy /home/S/jenkins/workspace/ecg-mayausd-branch-preflight-python3-linux/ecg-maya-usd/maya-usd/build.py --generator Ninja --build-debug --maya-location /local/S/jenkins/workspace/shared/Artifactory/Linux/rundev-master-debug/202104191515/runtime/a8ef634/runTime --devkit-location /local/S/jenkins/workspace/shared/Artifactory/Linux/rundev-master-debug/202104191515/runtime/a8ef634/devkitBase --pxrusd-location /local/S/jenkins/workspace/shared/Artifactory/Linux/USD/6f46411 --qt-location /local/S/jenkins/workspace/shared/Artifactory/Linux/qt/5.15.2/a12930a --build-args=-DCMAKE_MAKE_PROGRAM=/local/S/jenkins/workspace/shared/Artifactory/Linux/ninja/1.9.0/aca9939/ninja,-DPYTHON_INCLUDE_DIR=/local/S/jenkins/workspace/shared/Artifactory/Linux/rundev-master-debug/202104191515/runtime/a8ef634/runTime/include/Python37/Python,-DPython_EXECUTABLE=/local/S/jenkins/workspace/shared/Artifactory/Linux/rundev-master-debug/202104191515/runtime/a8ef634/runTime/bin/mayapy,-DPYTHON_LIBRARIES=/local/S/jenkins/workspace/shared/Artifactory/Linux/rundev-master-debug/202104191515/runtime/a8ef634/runTime/lib/libpython3.7dm.so.1.0,-DBUILD_WITH_PYTHON_3=ON --debug-python '--ctest-args=-E testUsdReferenceAssemblySelection|testUsdMayaAppDir|testUsdMayaReadWriteUtils,-LE interactive,--parallel 16' --stages=clean --redirect-outstream-file=False --install-location /local/S/jenkins/workspace/ecg-mayausd-branch-preflight-python3-linux/install/Debug/MayaUSD /local/S/jenkins/workspace/ecg-mayausd-branch-preflight-python3-linux
Modified environment variables:
    PATH=/local/S/jenkins/workspace/shared/Artifactory/Linux/cmake/3.14.4/656573b/bin:/opt/rh/devtoolset-6/root/usr/bin:/home/administrator/perl5/bin:/usr/local/bin:/usr/bin
    LD_LIBRARY_PATH=/opt/rh/devtoolset-6/root/usr/lib64:/opt/rh/devtoolset-6/root/usr/lib64:/opt/rh/devtoolset-6/root/usr/lib
    
        Building with settings:
          Source directory          /home/S/jenkins/workspace/ecg-mayausd-branch-preflight-python3-linux/ecg-maya-usd/maya-usd
          Workspace directory       /local/S/jenkins/workspace/ecg-mayausd-branch-preflight-python3-linux
          Build directory           /local/S/jenkins/workspace/ecg-mayausd-branch-preflight-python3-linux/build/Debug
          Install directory         /local/S/jenkins/workspace/ecg-mayausd-branch-preflight-python3-linux/install/Debug/MayaUSD
          Variant                   Debug
          Python Debug              On
          CMake generator           Ninja
          Build arguments           ['-DCMAKE_MAKE_PROGRAM=/local/S/jenkins/workspace/shared/Artifactory/Linux/ninja/1.9.0/aca9939/ninja', '-DPYTHON_INCLUDE_DIR=/local/S/jenkins/workspace/shared/Artifactory/Linux/rundev-master-debug/202104191515/runtime/a8ef634/runTime/include/Python37/Python', '-DPython_EXECUTABLE=/local/S/jenkins/workspace/shared/Artifactory/Linux/rundev-master-debug/202104191515/runtime/a8ef634/runTime/bin/mayapy', '-DPYTHON_LIBRARIES=/local/S/jenkins/workspace/shared/Artifactory/Linux/rundev-master-debug/202104191515/runtime/a8ef634/runTime/lib/libpython3.7dm.so.1.0', '-DBUILD_WITH_PYTHON_3=ON']
          Stages arguments          ['clean']
          CTest arguments           ['-E testUsdReferenceAssemblySelection|testUsdMayaAppDir|testUsdMayaReadWriteUtils', '-LE interactive', '--parallel 16']
    Success MayaUSD build and install !!!!
    Elapsed time: 00:00:00
[Pipeline] }
[Pipeline] // withEnv
[Pipeline] withEnv
[Pipeline] {
[Pipeline] sh
[ecg-mayausd-branch-preflight-python3-linux] Running shell script
+ scl enable devtoolset-6 -
python ecg-maya-usd/build.py --stages=clean --workspace-dir=/local/S/jenkins/workspace/ecg-mayausd-branch-preflight-python3-linux --artifactory-dir=/local/S/jenkins/workspace/shared/Artifactory --build-dir=/local/S/jenkins/workspace/ecg-mayausd-branch-preflight-python3-linux/build --install-dir=/local/S/jenkins/workspace/ecg-mayausd-branch-preflight-python3-linux/install --signing-dir=/local/S/jenkins/workspace/ecg-mayausd-branch-preflight-python3-linux/signing --package-dir=/local/S/jenkins/workspace/ecg-mayausd-branch-preflight-python3-linux/package --output-dir=/local/S/jenkins/workspace/ecg-mayausd-branch-preflight-python3-linux/output --stash-dir=/local/S/jenkins/workspace/ecg-mayausd-branch-preflight-python3-linux/stash --jenkins-build=814 --git-commit=3a1e7ccac08d92e8cb00897286658ebaae76e032 --git-branch=master --variants=RelWithDebInfo --python=3 --post-zips=false --maya-cut-config=maya-rundev-master.yaml --stage-banner
Using Maya cut from /local/S/jenkins/workspace/shared/Artifactory/Linux/rundev-master/202104191515/runtime/54dc71a

================================================================================
                             clean (RelWithDebInfo)
================================================================================
Maya Python RelWithDebInfo Info:
  mayapy executable   = /local/S/jenkins/workspace/shared/Artifactory/Linux/rundev-master/202104191515/runtime/54dc71a/runTime/bin/mayapy
  Include Folder      = /local/S/jenkins/workspace/shared/Artifactory/Linux/rundev-master/202104191515/runtime/54dc71a/runTime/include/Python37/Python
  Library             = /local/S/jenkins/workspace/shared/Artifactory/Linux/rundev-master/202104191515/runtime/54dc71a/runTime/lib/libpython3.7m.so.1.0
  site-package Folder = /local/S/jenkins/workspace/shared/Artifactory/Linux/rundev-master/202104191515/runtime/54dc71a/runTime/lib/python3.7/site-packages
In workdir: /home/S/jenkins/workspace/ecg-mayausd-branch-preflight-python3-linux/ecg-maya-usd/maya-usd
Executing: /local/S/jenkins/workspace/shared/Artifactory/Linux/rundev-master/202104191515/runtime/54dc71a/runTime/bin/mayapy /home/S/jenkins/workspace/ecg-mayausd-branch-preflight-python3-linux/ecg-maya-usd/maya-usd/build.py --generator Ninja --build-relwithdebug --maya-location /local/S/jenkins/workspace/shared/Artifactory/Linux/rundev-master/202104191515/runtime/54dc71a/runTime --devkit-location /local/S/jenkins/workspace/shared/Artifactory/Linux/rundev-master/202104191515/runtime/54dc71a/devkitBase --pxrusd-location /local/S/jenkins/workspace/shared/Artifactory/Linux/USD/c7d67a6 --qt-location /local/S/jenkins/workspace/shared/Artifactory/Linux/qt/5.15.2/a12930a --build-args=-DCMAKE_MAKE_PROGRAM=/local/S/jenkins/workspace/shared/Artifactory/Linux/ninja/1.9.0/aca9939/ninja,-DPYTHON_INCLUDE_DIR=/local/S/jenkins/workspace/shared/Artifactory/Linux/rundev-master/202104191515/runtime/54dc71a/runTime/include/Python37/Python,-DPython_EXECUTABLE=/local/S/jenkins/workspace/shared/Artifactory/Linux/rundev-master/202104191515/runtime/54dc71a/runTime/bin/mayapy,-DPYTHON_LIBRARIES=/local/S/jenkins/workspace/shared/Artifactory/Linux/rundev-master/202104191515/runtime/54dc71a/runTime/lib/libpython3.7m.so.1.0,-DBUILD_WITH_PYTHON_3=ON '--ctest-args=-E testUsdReferenceAssemblySelection|testUsdMayaAppDir|testUsdMayaReadWriteUtils,-LE interactive,--parallel 16' --stages=clean --redirect-outstream-file=False --install-location /local/S/jenkins/workspace/ecg-mayausd-branch-preflight-python3-linux/install/RelWithDebInfo/MayaUSD /local/S/jenkins/workspace/ecg-mayausd-branch-preflight-python3-linux
Modified environment variables:
    PATH=/local/S/jenkins/workspace/shared/Artifactory/Linux/cmake/3.14.4/656573b/bin:/opt/rh/devtoolset-6/root/usr/bin:/home/administrator/perl5/bin:/usr/local/bin:/usr/bin
    LD_LIBRARY_PATH=/opt/rh/devtoolset-6/root/usr/lib64:/opt/rh/devtoolset-6/root/usr/lib64:/opt/rh/devtoolset-6/root/usr/lib
    
        Building with settings:
          Source directory          /home/S/jenkins/workspace/ecg-mayausd-branch-preflight-python3-linux/ecg-maya-usd/maya-usd
          Workspace directory       /local/S/jenkins/workspace/ecg-mayausd-branch-preflight-python3-linux
          Build directory           /local/S/jenkins/workspace/ecg-mayausd-branch-preflight-python3-linux/build/RelWithDebInfo
          Install directory         /local/S/jenkins/workspace/ecg-mayausd-branch-preflight-python3-linux/install/RelWithDebInfo/MayaUSD
          Variant                   RelWithDebInfo
          Python Debug              Off
          CMake generator           Ninja
          Build arguments           ['-DCMAKE_MAKE_PROGRAM=/local/S/jenkins/workspace/shared/Artifactory/Linux/ninja/1.9.0/aca9939/ninja', '-DPYTHON_INCLUDE_DIR=/local/S/jenkins/workspace/shared/Artifactory/Linux/rundev-master/202104191515/runtime/54dc71a/runTime/include/Python37/Python', '-DPython_EXECUTABLE=/local/S/jenkins/workspace/shared/Artifactory/Linux/rundev-master/202104191515/runtime/54dc71a/runTime/bin/mayapy', '-DPYTHON_LIBRARIES=/local/S/jenkins/workspace/shared/Artifactory/Linux/rundev-master/202104191515/runtime/54dc71a/runTime/lib/libpython3.7m.so.1.0', '-DBUILD_WITH_PYTHON_3=ON']
          Stages arguments          ['clean']
          CTest arguments           ['-E testUsdReferenceAssemblySelection|testUsdMayaAppDir|testUsdMayaReadWriteUtils', '-LE interactive', '--parallel 16']
    Success MayaUSD build and install !!!!
    Elapsed time: 00:00:00
[Pipeline] }
[Pipeline] // withEnv
[Pipeline] }
[Pipeline] // stage
[Pipeline] }
[Pipeline] // timestamps
[Pipeline] }
[Pipeline] // timeout
[Pipeline] timeout
Timeout set to expire in 6 hr 0 min
[Pipeline] {
[Pipeline] timestamps
[Pipeline] {
[Pipeline] stage
[Pipeline] { (Configure)
[Pipeline] withEnv
[Pipeline] {
[Pipeline] sh
[ecg-mayausd-branch-preflight-python3-linux] Running shell script
+ scl enable devtoolset-6 -
python ecg-maya-usd/build.py --stages=configure --workspace-dir=/local/S/jenkins/workspace/ecg-mayausd-branch-preflight-python3-linux --artifactory-dir=/local/S/jenkins/workspace/shared/Artifactory --build-dir=/local/S/jenkins/workspace/ecg-mayausd-branch-preflight-python3-linux/build --install-dir=/local/S/jenkins/workspace/ecg-mayausd-branch-preflight-python3-linux/install --signing-dir=/local/S/jenkins/workspace/ecg-mayausd-branch-preflight-python3-linux/signing --package-dir=/local/S/jenkins/workspace/ecg-mayausd-branch-preflight-python3-linux/package --output-dir=/local/S/jenkins/workspace/ecg-mayausd-branch-preflight-python3-linux/output --stash-dir=/local/S/jenkins/workspace/ecg-mayausd-branch-preflight-python3-linux/stash --jenkins-build=814 --git-commit=3a1e7ccac08d92e8cb00897286658ebaae76e032 --git-branch=master --variants=Debug --python=3 --post-zips=false --maya-cut-config=maya-rundev-master-debug.yaml --stage-banner
Using Maya cut from /local/S/jenkins/workspace/shared/Artifactory/Linux/rundev-master-debug/202104191515/runtime/a8ef634

================================================================================
                               configure (Debug)
================================================================================
Maya Python Debug Info:
  mayapy executable   = /local/S/jenkins/workspace/shared/Artifactory/Linux/rundev-master-debug/202104191515/runtime/a8ef634/runTime/bin/mayapy
  Include Folder      = /local/S/jenkins/workspace/shared/Artifactory/Linux/rundev-master-debug/202104191515/runtime/a8ef634/runTime/include/Python37/Python
  Library             = /local/S/jenkins/workspace/shared/Artifactory/Linux/rundev-master-debug/202104191515/runtime/a8ef634/runTime/lib/libpython3.7dm.so.1.0
  site-package Folder = /local/S/jenkins/workspace/shared/Artifactory/Linux/rundev-master-debug/202104191515/runtime/a8ef634/runTime/lib/python3.7/site-packages
In workdir: /home/S/jenkins/workspace/ecg-mayausd-branch-preflight-python3-linux/ecg-maya-usd/maya-usd
Executing: /local/S/jenkins/workspace/shared/Artifactory/Linux/rundev-master-debug/202104191515/runtime/a8ef634/runTime/bin/mayapy /home/S/jenkins/workspace/ecg-mayausd-branch-preflight-python3-linux/ecg-maya-usd/maya-usd/build.py --generator Ninja --build-debug --maya-location /local/S/jenkins/workspace/shared/Artifactory/Linux/rundev-master-debug/202104191515/runtime/a8ef634/runTime --devkit-location /local/S/jenkins/workspace/shared/Artifactory/Linux/rundev-master-debug/202104191515/runtime/a8ef634/devkitBase --pxrusd-location /local/S/jenkins/workspace/shared/Artifactory/Linux/USD/6f46411 --qt-location /local/S/jenkins/workspace/shared/Artifactory/Linux/qt/5.15.2/a12930a --build-args=-DCMAKE_MAKE_PROGRAM=/local/S/jenkins/workspace/shared/Artifactory/Linux/ninja/1.9.0/aca9939/ninja,-DPYTHON_INCLUDE_DIR=/local/S/jenkins/workspace/shared/Artifactory/Linux/rundev-master-debug/202104191515/runtime/a8ef634/runTime/include/Python37/Python,-DPython_EXECUTABLE=/local/S/jenkins/workspace/shared/Artifactory/Linux/rundev-master-debug/202104191515/runtime/a8ef634/runTime/bin/mayapy,-DPYTHON_LIBRARIES=/local/S/jenkins/workspace/shared/Artifactory/Linux/rundev-master-debug/202104191515/runtime/a8ef634/runTime/lib/libpython3.7dm.so.1.0,-DBUILD_WITH_PYTHON_3=ON --debug-python '--ctest-args=-E testUsdReferenceAssemblySelection|testUsdMayaAppDir|testUsdMayaReadWriteUtils,-LE interactive,--parallel 16' --stages=configure --redirect-outstream-file=False --install-location /local/S/jenkins/workspace/ecg-mayausd-branch-preflight-python3-linux/install/Debug/MayaUSD /local/S/jenkins/workspace/ecg-mayausd-branch-preflight-python3-linux
Modified environment variables:
    PATH=/local/S/jenkins/workspace/shared/Artifactory/Linux/cmake/3.14.4/656573b/bin:/opt/rh/devtoolset-6/root/usr/bin:/home/administrator/perl5/bin:/usr/local/bin:/usr/bin
    LD_LIBRARY_PATH=/opt/rh/devtoolset-6/root/usr/lib64:/opt/rh/devtoolset-6/root/usr/lib64:/opt/rh/devtoolset-6/root/usr/lib
    -- The C compiler identification is GNU 6.3.1
    -- The CXX compiler identification is GNU 6.3.1
    -- Check for working C compiler: /opt/rh/devtoolset-6/root/usr/bin/cc
    -- Check for working C compiler: /opt/rh/devtoolset-6/root/usr/bin/cc -- works
    -- Detecting C compiler ABI info
    -- Detecting C compiler ABI info - done
    -- Detecting C compile features
    -- Detecting C compile features - done
    -- Check for working CXX compiler: /opt/rh/devtoolset-6/root/usr/bin/c++
    -- Check for working CXX compiler: /opt/rh/devtoolset-6/root/usr/bin/c++ -- works
    -- Detecting CXX compiler ABI info
    -- Detecting CXX compiler ABI info - done
    -- Detecting CXX compile features
    -- Detecting CXX compile features - done
    -- Found Python: /local/S/jenkins/workspace/shared/Artifactory/Linux/rundev-master-debug/202104191515/runtime/a8ef634/runTime/bin/mayapy (found suitable exact version "3.7.7") found components:  Interpreter
    -- Build MayaUSD with Python3 = ON
    --    PYTHON_INCLUDE_DIRS = /local/S/jenkins/workspace/shared/Artifactory/Linux/rundev-master-debug/202104191515/runtime/a8ef634/runTime/include/Python37/Python
    --    PYTHON_LIBRARIES    = /local/S/jenkins/workspace/shared/Artifactory/Linux/rundev-master-debug/202104191515/runtime/a8ef634/runTime/lib/libpython3.7dm.so.1.0
    --    Python_EXECUTABLE   = /local/S/jenkins/workspace/shared/Artifactory/Linux/rundev-master-debug/202104191515/runtime/a8ef634/runTime/bin/mayapy
    -- Found Maya: /local/S/jenkins/workspace/shared/Artifactory/Linux/rundev-master-debug/202104191515/runtime/a8ef634/runTime/bin/maya (found suitable version "2023", minimum required is "2018")
    -- USD include dir: /local/S/jenkins/workspace/shared/Artifactory/Linux/USD/6f46411/include
    -- USD library dir: /local/S/jenkins/workspace/shared/Artifactory/Linux/USD/6f46411/lib
    -- USD version: 0.21.02
    -- Found USD: /local/S/jenkins/workspace/shared/Artifactory/Linux/USD/6f46411 (found suitable version "0.21.02", minimum required is "0.20.02")
    Updated PYTHONPATH: /opt/rh/devtoolset-6/root/usr/lib64/python2.7/site-packages:/opt/rh/devtoolset-6/root/usr/lib/python2.7/site-packages:/local/S/jenkins/workspace/shared/Artifactory/Linux/USD/6f46411/lib/python
    -- UFE include dir: /local/S/jenkins/workspace/shared/Artifactory/Linux/rundev-master-debug/202104191515/runtime/a8ef634/devkitBase/devkit/ufe/include
    -- UFE library: /local/S/jenkins/workspace/shared/Artifactory/Linux/rundev-master-debug/202104191515/runtime/a8ef634/devkitBase/devkit/ufe/lib/libufe_2.so
    -- UFE version: 2.0.0
    -- Building with UFE 2.0.0 features enabled.
    -- Building with Qt features enabled.
    -- **** Building Gulark From Github Repository.
    -- Populating gulark
    -- Configuring done
    -- Generating done
    -- Build files have been written to: /home/S/jenkins/workspace/ecg-mayausd-branch-preflight-python3-linux/build/Debug/_deps/gulark-subbuild
    [1/9] Creating directories for 'gulark-populate'
    [1/9] Performing download step (git clone) for 'gulark-populate'
    Cloning into 'gulark-src'...
    HEAD is now at 3d3c02c Version bump and updated readme.
    [2/9] Performing update step for 'gulark-populate'
    [3/9] No patch step for 'gulark-populate'
    [5/9] No configure step for 'gulark-populate'
    [6/9] No build step for 'gulark-populate'
    [7/9] No install step for 'gulark-populate'
    [8/9] No test step for 'gulark-populate'
    [9/9] Completed 'gulark-populate'
    -- ========== Installing GoogleTest... ==========
    -- Configuring done
    -- Generating done
    -- Build files have been written to: /home/S/jenkins/workspace/ecg-mayausd-branch-preflight-python3-linux/build/Debug/googletest-config
    [1/8] Creating directories for 'googletest'
    [2/8] Performing download step (git clone) for 'googletest'
    Cloning into 'googletest-src'...
    HEAD is now at 703bd9ca Googletest export
    [3/8] No patch step for 'googletest'
    [4/8] Performing update step for 'googletest'
    [5/8] Performing configure step for 'googletest'
    -- The C compiler identification is GNU 6.3.1
    -- The CXX compiler identification is GNU 6.3.1
    -- Check for working C compiler: /opt/rh/devtoolset-6/root/usr/bin/cc
    -- Check for working C compiler: /opt/rh/devtoolset-6/root/usr/bin/cc -- works
    -- Detecting C compiler ABI info
    -- Detecting C compiler ABI info - done
    -- Detecting C compile features
    -- Detecting C compile features - done
    -- Check for working CXX compiler: /opt/rh/devtoolset-6/root/usr/bin/c++
    -- Check for working CXX compiler: /opt/rh/devtoolset-6/root/usr/bin/c++ -- works
    -- Detecting CXX compiler ABI info
    -- Detecting CXX compiler ABI info - done
    -- Detecting CXX compile features
    -- Detecting CXX compile features - done
    -- Found PythonInterp: /usr/bin/python
    -- Looking for pthread.h
    -- Looking for pthread.h - found
    -- Looking for pthread_create
    -- Looking for pthread_create - not found
    -- Looking for pthread_create in pthreads
    -- Looking for pthread_create in pthreads - not found
    -- Looking for pthread_create in pthread
    -- Looking for pthread_create in pthread - found
    -- Found Threads: TRUE
    -- Configuring done
    -- Generating done
    -- Build files have been written to: /home/S/jenkins/workspace/ecg-mayausd-branch-preflight-python3-linux/build/Debug/googletest-build
    [6/8] Performing build step for 'googletest'
    [1/8] Building CXX object googletest/CMakeFiles/gtest_main.dir/src/gtest_main.cc.o
    [2/8] Building CXX object googlemock/CMakeFiles/gmock_main.dir/src/gmock_main.cc.o
    [3/8] Building CXX object googlemock/CMakeFiles/gmock.dir/src/gmock-all.cc.o
    [4/8] Building CXX object googletest/CMakeFiles/gtest.dir/src/gtest-all.cc.o
    [5/8] Linking CXX shared library lib/libgtestd.so
    [6/8] Linking CXX shared library lib/libgtest_maind.so
    [7/8] Linking CXX shared library lib/libgmockd.so
    [8/8] Linking CXX shared library lib/libgmock_maind.so
    [7/8] Performing install step for 'googletest'
    [0/1] Install the project...
    -- Install configuration: "Debug"
    -- Installing: /home/S/jenkins/workspace/ecg-mayausd-branch-preflight-python3-linux/build/Debug/googletest-install/include
    -- Installing: /home/S/jenkins/workspace/ecg-mayausd-branch-preflight-python3-linux/build/Debug/googletest-install/include/gmock
    -- Installing: /home/S/jenkins/workspace/ecg-mayausd-branch-preflight-python3-linux/build/Debug/googletest-install/include/gmock/internal
    -- Installing: /home/S/jenkins/workspace/ecg-mayausd-branch-preflight-python3-linux/build/Debug/googletest-install/include/gmock/internal/custom
    -- Installing: /home/S/jenkins/workspace/ecg-mayausd-branch-preflight-python3-linux/build/Debug/googletest-install/include/gmock/internal/custom/README.md
    -- Installing: /home/S/jenkins/workspace/ecg-mayausd-branch-preflight-python3-linux/build/Debug/googletest-install/include/gmock/internal/custom/gmock-generated-actions.h
    -- Installing: /home/S/jenkins/workspace/ecg-mayausd-branch-preflight-python3-linux/build/Debug/googletest-install/include/gmock/internal/custom/gmock-generated-actions.h.pump
    -- Installing: /home/S/jenkins/workspace/ecg-mayausd-branch-preflight-python3-linux/build/Debug/googletest-install/include/gmock/internal/custom/gmock-matchers.h
    -- Installing: /home/S/jenkins/workspace/ecg-mayausd-branch-preflight-python3-linux/build/Debug/googletest-install/include/gmock/internal/custom/gmock-port.h
    -- Installing: /home/S/jenkins/workspace/ecg-mayausd-branch-preflight-python3-linux/build/Debug/googletest-install/include/gmock/internal/gmock-internal-utils.h
    -- Installing: /home/S/jenkins/workspace/ecg-mayausd-branch-preflight-python3-linux/build/Debug/googletest-install/include/gmock/internal/gmock-port.h
    -- Installing: /home/S/jenkins/workspace/ecg-mayausd-branch-preflight-python3-linux/build/Debug/googletest-install/include/gmock/internal/gmock-pp.h
    -- Installing: /home/S/jenkins/workspace/ecg-mayausd-branch-preflight-python3-linux/build/Debug/googletest-install/include/gmock/gmock-actions.h
    -- Installing: /home/S/jenkins/workspace/ecg-mayausd-branch-preflight-python3-linux/build/Debug/googletest-install/include/gmock/gmock-cardinalities.h
    -- Installing: /home/S/jenkins/workspace/ecg-mayausd-branch-preflight-python3-linux/build/Debug/googletest-install/include/gmock/gmock-function-mocker.h
    -- Installing: /home/S/jenkins/workspace/ecg-mayausd-branch-preflight-python3-linux/build/Debug/googletest-install/include/gmock/gmock-generated-actions.h
    -- Installing: /home/S/jenkins/workspace/ecg-mayausd-branch-preflight-python3-linux/build/Debug/googletest-install/include/gmock/gmock-generated-actions.h.pump
    -- Installing: /home/S/jenkins/workspace/ecg-mayausd-branch-preflight-python3-linux/build/Debug/googletest-install/include/gmock/gmock-generated-function-mockers.h
    -- Installing: /home/S/jenkins/workspace/ecg-mayausd-branch-preflight-python3-linux/build/Debug/googletest-install/include/gmock/gmock-generated-function-mockers.h.pump
    -- Installing: /home/S/jenkins/workspace/ecg-mayausd-branch-preflight-python3-linux/build/Debug/googletest-install/include/gmock/gmock-generated-matchers.h
    -- Installing: /home/S/jenkins/workspace/ecg-mayausd-branch-preflight-python3-linux/build/Debug/googletest-install/include/gmock/gmock-generated-matchers.h.pump
    -- Installing: /home/S/jenkins/workspace/ecg-mayausd-branch-preflight-python3-linux/build/Debug/googletest-install/include/gmock/gmock-matchers.h
    -- Installing: /home/S/jenkins/workspace/ecg-mayausd-branch-preflight-python3-linux/build/Debug/googletest-install/include/gmock/gmock-more-actions.h
    -- Installing: /home/S/jenkins/workspace/ecg-mayausd-branch-preflight-python3-linux/build/Debug/googletest-install/include/gmock/gmock-more-matchers.h
    -- Installing: /home/S/jenkins/workspace/ecg-mayausd-branch-preflight-python3-linux/build/Debug/googletest-install/include/gmock/gmock-nice-strict.h
    -- Installing: /home/S/jenkins/workspace/ecg-mayausd-branch-preflight-python3-linux/build/Debug/googletest-install/include/gmock/gmock-spec-builders.h
    -- Installing: /home/S/jenkins/workspace/ecg-mayausd-branch-preflight-python3-linux/build/Debug/googletest-install/include/gmock/gmock.h
    -- Installing: /home/S/jenkins/workspace/ecg-mayausd-branch-preflight-python3-linux/build/Debug/googletest-install/lib64/libgmockd.so
    -- Set runtime path of "/home/S/jenkins/workspace/ecg-mayausd-branch-preflight-python3-linux/build/Debug/googletest-install/lib64/libgmockd.so" to ""
    -- Installing: /home/S/jenkins/workspace/ecg-mayausd-branch-preflight-python3-linux/build/Debug/googletest-install/lib64/libgmock_maind.so
    -- Set runtime path of "/home/S/jenkins/workspace/ecg-mayausd-branch-preflight-python3-linux/build/Debug/googletest-install/lib64/libgmock_maind.so" to ""
    -- Installing: /home/S/jenkins/workspace/ecg-mayausd-branch-preflight-python3-linux/build/Debug/googletest-install/lib64/pkgconfig/gmock.pc
    -- Installing: /home/S/jenkins/workspace/ecg-mayausd-branch-preflight-python3-linux/build/Debug/googletest-install/lib64/pkgconfig/gmock_main.pc
    -- Installing: /home/S/jenkins/workspace/ecg-mayausd-branch-preflight-python3-linux/build/Debug/googletest-install/lib64/cmake/GTest/GTestTargets.cmake
    -- Installing: /home/S/jenkins/workspace/ecg-mayausd-branch-preflight-python3-linux/build/Debug/googletest-install/lib64/cmake/GTest/GTestTargets-debug.cmake
    -- Installing: /home/S/jenkins/workspace/ecg-mayausd-branch-preflight-python3-linux/build/Debug/googletest-install/lib64/cmake/GTest/GTestConfigVersion.cmake
    -- Installing: /home/S/jenkins/workspace/ecg-mayausd-branch-preflight-python3-linux/build/Debug/googletest-install/lib64/cmake/GTest/GTestConfig.cmake
    -- Up-to-date: /home/S/jenkins/workspace/ecg-mayausd-branch-preflight-python3-linux/build/Debug/googletest-install/include
    -- Installing: /home/S/jenkins/workspace/ecg-mayausd-branch-preflight-python3-linux/build/Debug/googletest-install/include/gtest
    -- Installing: /home/S/jenkins/workspace/ecg-mayausd-branch-preflight-python3-linux/build/Debug/googletest-install/include/gtest/internal
    -- Installing: /home/S/jenkins/workspace/ecg-mayausd-branch-preflight-python3-linux/build/Debug/googletest-install/include/gtest/internal/custom
    -- Installing: /home/S/jenkins/workspace/ecg-mayausd-branch-preflight-python3-linux/build/Debug/googletest-install/include/gtest/internal/custom/README.md
    -- Installing: /home/S/jenkins/workspace/ecg-mayausd-branch-preflight-python3-linux/build/Debug/googletest-install/include/gtest/internal/custom/gtest-port.h
    -- Installing: /home/S/jenkins/workspace/ecg-mayausd-branch-preflight-python3-linux/build/Debug/googletest-install/include/gtest/internal/custom/gtest-printers.h
    -- Installing: /home/S/jenkins/workspace/ecg-mayausd-branch-preflight-python3-linux/build/Debug/googletest-install/include/gtest/internal/custom/gtest.h
    -- Installing: /home/S/jenkins/workspace/ecg-mayausd-branch-preflight-python3-linux/build/Debug/googletest-install/include/gtest/internal/gtest-death-test-internal.h
    -- Installing: /home/S/jenkins/workspace/ecg-mayausd-branch-preflight-python3-linux/build/Debug/googletest-install/include/gtest/internal/gtest-filepath.h
    -- Installing: /home/S/jenkins/workspace/ecg-mayausd-branch-preflight-python3-linux/build/Debug/googletest-install/include/gtest/internal/gtest-internal.h
    -- Installing: /home/S/jenkins/workspace/ecg-mayausd-branch-preflight-python3-linux/build/Debug/googletest-install/include/gtest/internal/gtest-param-util.h
    -- Installing: /home/S/jenkins/workspace/ecg-mayausd-branch-preflight-python3-linux/build/Debug/googletest-install/include/gtest/internal/gtest-port-arch.h
    -- Installing: /home/S/jenkins/workspace/ecg-mayausd-branch-preflight-python3-linux/build/Debug/googletest-install/include/gtest/internal/gtest-port.h
    -- Installing: /home/S/jenkins/workspace/ecg-mayausd-branch-preflight-python3-linux/build/Debug/googletest-install/include/gtest/internal/gtest-string.h
    -- Installing: /home/S/jenkins/workspace/ecg-mayausd-branch-preflight-python3-linux/build/Debug/googletest-install/include/gtest/internal/gtest-type-util.h
    -- Installing: /home/S/jenkins/workspace/ecg-mayausd-branch-preflight-python3-linux/build/Debug/googletest-install/include/gtest/internal/gtest-type-util.h.pump
    -- Installing: /home/S/jenkins/workspace/ecg-mayausd-branch-preflight-python3-linux/build/Debug/googletest-install/include/gtest/gtest-death-test.h
    -- Installing: /home/S/jenkins/workspace/ecg-mayausd-branch-preflight-python3-linux/build/Debug/googletest-install/include/gtest/gtest-matchers.h
    -- Installing: /home/S/jenkins/workspace/ecg-mayausd-branch-preflight-python3-linux/build/Debug/googletest-install/include/gtest/gtest-message.h
    -- Installing: /home/S/jenkins/workspace/ecg-mayausd-branch-preflight-python3-linux/build/Debug/googletest-install/include/gtest/gtest-param-test.h
    -- Installing: /home/S/jenkins/workspace/ecg-mayausd-branch-preflight-python3-linux/build/Debug/googletest-install/include/gtest/gtest-printers.h
    -- Installing: /home/S/jenkins/workspace/ecg-mayausd-branch-preflight-python3-linux/build/Debug/googletest-install/include/gtest/gtest-spi.h
    -- Installing: /home/S/jenkins/workspace/ecg-mayausd-branch-preflight-python3-linux/build/Debug/googletest-install/include/gtest/gtest-test-part.h
    -- Installing: /home/S/jenkins/workspace/ecg-mayausd-branch-preflight-python3-linux/build/Debug/googletest-install/include/gtest/gtest-typed-test.h
    -- Installing: /home/S/jenkins/workspace/ecg-mayausd-branch-preflight-python3-linux/build/Debug/googletest-install/include/gtest/gtest.h
    -- Installing: /home/S/jenkins/workspace/ecg-mayausd-branch-preflight-python3-linux/build/Debug/googletest-install/include/gtest/gtest_pred_impl.h
    -- Installing: /home/S/jenkins/workspace/ecg-mayausd-branch-preflight-python3-linux/build/Debug/googletest-install/include/gtest/gtest_prod.h
    -- Installing: /home/S/jenkins/workspace/ecg-mayausd-branch-preflight-python3-linux/build/Debug/googletest-install/lib64/libgtestd.so
    -- Installing: /home/S/jenkins/workspace/ecg-mayausd-branch-preflight-python3-linux/build/Debug/googletest-install/lib64/libgtest_maind.so
    -- Set runtime path of "/home/S/jenkins/workspace/ecg-mayausd-branch-preflight-python3-linux/build/Debug/googletest-install/lib64/libgtest_maind.so" to ""
    -- Installing: /home/S/jenkins/workspace/ecg-mayausd-branch-preflight-python3-linux/build/Debug/googletest-install/lib64/pkgconfig/gtest.pc
    -- Installing: /home/S/jenkins/workspace/ecg-mayausd-branch-preflight-python3-linux/build/Debug/googletest-install/lib64/pkgconfig/gtest_main.pc
    [8/8] Completed 'googletest'
    -- ========== ...  GoogleTest installed. ==========
    CMake Error at test/lib/mayaUsd/render/vp2RenderDelegate/CMakeLists.txt:26:
      Parse error.  Expected "(", got identifier with text "disable".
    
    
    -- Configuring incomplete, errors occurred!
    See also "/home/S/jenkins/workspace/ecg-mayausd-branch-preflight-python3-linux/build/Debug/CMakeFiles/CMakeOutput.log".
    See also "/home/S/jenkins/workspace/ecg-mayausd-branch-preflight-python3-linux/build/Debug/CMakeFiles/CMakeError.log".
    
        Building with settings:
          Source directory          /home/S/jenkins/workspace/ecg-mayausd-branch-preflight-python3-linux/ecg-maya-usd/maya-usd
          Workspace directory       /local/S/jenkins/workspace/ecg-mayausd-branch-preflight-python3-linux
          Build directory           /local/S/jenkins/workspace/ecg-mayausd-branch-preflight-python3-linux/build/Debug
          Install directory         /local/S/jenkins/workspace/ecg-mayausd-branch-preflight-python3-linux/install/Debug/MayaUSD
          Variant                   Debug
          Python Debug              On
          CMake generator           Ninja
          Build arguments           ['-DCMAKE_MAKE_PROGRAM=/local/S/jenkins/workspace/shared/Artifactory/Linux/ninja/1.9.0/aca9939/ninja', '-DPYTHON_INCLUDE_DIR=/local/S/jenkins/workspace/shared/Artifactory/Linux/rundev-master-debug/202104191515/runtime/a8ef634/runTime/include/Python37/Python', '-DPython_EXECUTABLE=/local/S/jenkins/workspace/shared/Artifactory/Linux/rundev-master-debug/202104191515/runtime/a8ef634/runTime/bin/mayapy', '-DPYTHON_LIBRARIES=/local/S/jenkins/workspace/shared/Artifactory/Linux/rundev-master-debug/202104191515/runtime/a8ef634/runTime/lib/libpython3.7dm.so.1.0', '-DBUILD_WITH_PYTHON_3=ON']
          Stages arguments          ['configure']
          CTest arguments           ['-E testUsdReferenceAssemblySelection|testUsdMayaAppDir|testUsdMayaReadWriteUtils', '-LE interactive', '--parallel 16']
    #####################################################################################
    log date: 2021-04-21 08:17
    commit sha: 028aeef7dfe50b884a4eea6b8117709aa2f5e8f2
    commit date: Wed Apr 21 08:15:15 2021 -0700
    #####################################################################################
    
    cmake -DCMAKE_INSTALL_PREFIX="/local/S/jenkins/workspace/ecg-mayausd-branch-preflight-python3-linux/install/Debug/MayaUSD" -DCMAKE_BUILD_TYPE=Debug -DCMAKE_EXPORT_COMPILE_COMMANDS=ON -G "Ninja" -DMAYA_LOCATION="/local/S/jenkins/workspace/shared/Artifactory/Linux/rundev-master-debug/202104191515/runtime/a8ef634/runTime" -DPXR_USD_LOCATION="/local/S/jenkins/workspace/shared/Artifactory/Linux/USD/6f46411" -DMAYA_DEVKIT_LOCATION="/local/S/jenkins/workspace/shared/Artifactory/Linux/rundev-master-debug/202104191515/runtime/a8ef634/devkitBase" -DMAYAUSD_DEFINE_BOOST_DEBUG_PYTHON_FLAG=ON -DQT_LOCATION="/local/S/jenkins/workspace/shared/Artifactory/Linux/qt/5.15.2/a12930a" -DCMAKE_MAKE_PROGRAM=/local/S/jenkins/workspace/shared/Artifactory/Linux/ninja/1.9.0/aca9939/ninja -DPYTHON_INCLUDE_DIR=/local/S/jenkins/workspace/shared/Artifactory/Linux/rundev-master-debug/202104191515/runtime/a8ef634/runTime/include/Python37/Python -DPython_EXECUTABLE=/local/S/jenkins/workspace/shared/Artifactory/Linux/rundev-master-debug/202104191515/runtime/a8ef634/runTime/bin/mayapy -DPYTHON_LIBRARIES=/local/S/jenkins/workspace/shared/Artifactory/Linux/rundev-master-debug/202104191515/runtime/a8ef634/runTime/lib/libpython3.7dm.so.1.0 -DBUILD_WITH_PYTHON_3=ON "/home/S/jenkins/workspace/ecg-mayausd-branch-preflight-python3-linux/ecg-maya-usd/maya-usd"
    
    Traceback (most recent call last):
      File "/home/S/jenkins/workspace/ecg-mayausd-branch-preflight-python3-linux/ecg-maya-usd/maya-usd/build.py", line 602, in <module>
        BuildAndInstall(context, context.buildArgs, context.stagesArgs)
      File "/home/S/jenkins/workspace/ecg-mayausd-branch-preflight-python3-linux/ecg-maya-usd/maya-usd/build.py", line 371, in BuildAndInstall
        RunCMake(context, extraArgs, stagesArgs)
      File "/home/S/jenkins/workspace/ecg-mayausd-branch-preflight-python3-linux/ecg-maya-usd/maya-usd/build.py", line 277, in RunCMake
        extraArgs=(" ".join(extraArgs) if extraArgs else "")))
      File "/home/S/jenkins/workspace/ecg-mayausd-branch-preflight-python3-linux/ecg-maya-usd/maya-usd/build.py", line 165, in Run
        .format(cmd=cmd, log=os.path.abspath(context.logFileLocation)))
    RuntimeError: Failed to run 'cmake -DCMAKE_INSTALL_PREFIX="/local/S/jenkins/workspace/ecg-mayausd-branch-preflight-python3-linux/install/Debug/MayaUSD" -DCMAKE_BUILD_TYPE=Debug -DCMAKE_EXPORT_COMPILE_COMMANDS=ON -G "Ninja" -DMAYA_LOCATION="/local/S/jenkins/workspace/shared/Artifactory/Linux/rundev-master-debug/202104191515/runtime/a8ef634/runTime" -DPXR_USD_LOCATION="/local/S/jenkins/workspace/shared/Artifactory/Linux/USD/6f46411" -DMAYA_DEVKIT_LOCATION="/local/S/jenkins/workspace/shared/Artifactory/Linux/rundev-master-debug/202104191515/runtime/a8ef634/devkitBase" -DMAYAUSD_DEFINE_BOOST_DEBUG_PYTHON_FLAG=ON -DQT_LOCATION="/local/S/jenkins/workspace/shared/Artifactory/Linux/qt/5.15.2/a12930a" -DCMAKE_MAKE_PROGRAM=/local/S/jenkins/workspace/shared/Artifactory/Linux/ninja/1.9.0/aca9939/ninja -DPYTHON_INCLUDE_DIR=/local/S/jenkins/workspace/shared/Artifactory/Linux/rundev-master-debug/202104191515/runtime/a8ef634/runTime/include/Python37/Python -DPython_EXECUTABLE=/local/S/jenkins/workspace/shared/Artifactory/Linux/rundev-master-debug/202104191515/runtime/a8ef634/runTime/bin/mayapy -DPYTHON_LIBRARIES=/local/S/jenkins/workspace/shared/Artifactory/Linux/rundev-master-debug/202104191515/runtime/a8ef634/runTime/lib/libpython3.7dm.so.1.0 -DBUILD_WITH_PYTHON_3=ON "/home/S/jenkins/workspace/ecg-mayausd-branch-preflight-python3-linux/ecg-maya-usd/maya-usd"'
    See /local/S/jenkins/workspace/ecg-mayausd-branch-preflight-python3-linux/build/Debug/build_log.txt for more details.
build.py: error: Command failed with error code: 1
[Pipeline] }
[Pipeline] // withEnv
[Pipeline] }
[Pipeline] // stage
[Pipeline] }
[Pipeline] // timestamps
[Pipeline] }
[Pipeline] // timeout
[Pipeline] emailextrecipients
[Pipeline] echo
No recipients to send notification.
[Pipeline] }
[Pipeline] // node
[Pipeline] End of Pipeline
ERROR: script returned exit code 1
Finished: FAILURE
