================================================================================
                             setup (RelWithDebInfo)
================================================================================
Deleting subst P:
Deleting subst W:
[Pipeline] }
[Pipeline] // withEnv
[Pipeline] }
[Pipeline] // stage
[Pipeline] }
[Pipeline] // timestamps
[Pipeline] }
[Pipeline] // timeout
[Pipeline] timeout
Timeout set to expire in 6 hr 0 min
[Pipeline] {
[Pipeline] timestamps
[Pipeline] {
[Pipeline] stage
[Pipeline] { (Clean)
[Pipeline] withEnv
[Pipeline] {
[Pipeline] bat
[ecg-mayausd-branch-preflight-2019-no-ufe-windows] Running batch script
Subst W: S:\jenkins\workspace\ecg-mayausd-branch-preflight-2019-no-ufe-windows
Subst P: S:\jenkins\workspace
"C:\Program Files (x86)\Microsoft Visual Studio\2017\Professional\VC\Auxiliary\Build\vcvarsall.bat" x64
**********************************************************************
** Visual Studio 2017 Developer Command Prompt v15.9.15
** Copyright (c) 2017 Microsoft Corporation
**********************************************************************
[vcvarsall.bat] Environment initialized for: 'x64'
python ecg-maya-usd/build.py --stages=clean --workspace-dir=W:\ --artifactory-dir=P:\shared\Artifactory --build-dir=W:\build --install-dir=W:\install --signing-dir=W:\signing --package-dir=W:\package --output-dir=W:\output --stash-dir=W:\stash --jenkins-build=106 --git-commit=c2c5a900d27aab8aae0cb13fa5d90d6fac52ee9c --git-branch=master --variants=RelWithDebInfo --python=2 --ufe=false --post-zips=false --maya-cut-config=maya-rundev-2019.yaml --stage-banner
Using Maya cut from P:\shared\Artifactory\Windows\rundev-2019\202003131251\runtime\155eb96

================================================================================
                             clean (RelWithDebInfo)
================================================================================
Maya Python RelWithDebInfo Info:
  mayapy executable   = P:\shared\Artifactory\Windows\rundev-2019\202003131251\runtime\155eb96\runTime\bin\mayapy.exe
  Include Folder      = P:\shared\Artifactory\Windows\rundev-2019\202003131251\runtime\155eb96\runTime\include\Python2.7
  Library             = P:\shared\Artifactory\Windows\rundev-2019\202003131251\runtime\155eb96\runTime\lib\python27.lib
  site-package Folder = P:\shared\Artifactory\Windows\rundev-2019\202003131251\runtime\155eb96\runTime\Python\Lib\site-packages
In workdir: S:\jenkins\workspace\ecg-mayausd-branch-preflight-2019-no-ufe-windows\ecg-maya-usd\maya-usd
Executing: 'P:\\shared\\Artifactory\\Windows\\rundev-2019\\202003131251\\runtime\\155eb96\\runTime\\bin\\mayapy.exe' 'S:\\jenkins\\workspace\\ecg-mayausd-branch-preflight-2019-no-ufe-windows\\ecg-maya-usd\\maya-usd\\build.py' --generator Ninja --build-relwithdebug --maya-location 'P:\\shared\\Artifactory\\Windows\\rundev-2019\\202003131251\\runtime\\155eb96\\runTime' --devkit-location 'P:\\shared\\Artifactory\\Windows\\rundev-2019\\202003131251\\runtime\\155eb96\\devkitBase' --pxrusd-location 'P:\\shared\\Artifactory\\Windows\\USD\\dc77f81' --qt-location 'P:\\shared\\Artifactory\\Windows\\qt\\5.6.1\\1acd0ba' '--build-args=-DCMAKE_MAKE_PROGRAM=P:/shared/Artifactory/Windows/ninja/1.9.0/c68f192/ninja.exe,-DPYTHON_INCLUDE_DIR=P:/shared/Artifactory/Windows/rundev-2019/202003131251/runtime/155eb96/runTime/include/Python2.7,-DPython_EXECUTABLE=P:/shared/Artifactory/Windows/rundev-2019/202003131251/runtime/155eb96/runTime/bin/mayapy.exe,-DPYTHON_LIBRARIES=P:/shared/Artifactory/Windows/rundev-2019/202003131251/runtime/155eb96/runTime/lib/python27.lib,-DCMAKE_WANT_UFE_BUILD=OFF' '--ctest-args=-E testUsdReferenceAssemblySelection|testUsdMayaAppDir|testUsdExportAsClip,-LE interactive,--parallel 16' --stages=clean --redirect-outstream-file=False --install-location 'W:\\install\\RelWithDebInfo\\MayaUSD' 'W:\\'
Modified environment variables:
    PATH=P:\shared\Artifactory\Windows\cmake\3.14.4\c5af748\bin;C:\Python27\lib\site-packages\pywin32_system32;C:\Program Files (x86)\Microsoft Visual Studio\2017\Professional\VC\Tools\MSVC\14.16.27023\bin\HostX64\x64;C:\Program Files (x86)\Microsoft Visual Studio\2017\Professional\Common7\IDE\VC\VCPackages;C:\Program Files (x86)\Microsoft Visual Studio\2017\Professional\Common7\IDE\CommonExtensions\Microsoft\TestWindow;C:\Program Files (x86)\Microsoft Visual Studio\2017\Professional\Common7\IDE\CommonExtensions\Microsoft\TeamFoundation\Team Explorer;C:\Program Files (x86)\Microsoft Visual Studio\2017\Professional\MSBuild\15.0\bin\Roslyn;C:\Program Files (x86)\Microsoft Visual Studio\2017\Professional\Team Tools\Performance Tools\x64;C:\Program Files (x86)\Microsoft Visual Studio\2017\Professional\Team Tools\Performance Tools;C:\Program Files (x86)\Microsoft Visual Studio\Shared\Common\VSPerfCollectionTools\\x64;C:\Program Files (x86)\Microsoft Visual Studio\Shared\Common\VSPerfCollectionTools\;C:\Program Files (x86)\Microsoft SDKs\Windows\v10.0A\bin\NETFX 4.6.1 Tools\x64\;C:\Program Files (x86)\HTML Help Workshop;C:\Program Files (x86)\Windows Kits\10\bin\10.0.17763.0\x64;C:\Program Files (x86)\Windows Kits\10\bin\x64;C:\Program Files (x86)\Microsoft Visual Studio\2017\Professional\\MSBuild\15.0\bin;C:\WINDOWS\Microsoft.NET\Framework64\v4.0.30319;C:\Program Files (x86)\Microsoft Visual Studio\2017\Professional\Common7\IDE\;C:\Program Files (x86)\Microsoft Visual Studio\2017\Professional\Common7\Tools\;C:\Program Files (x86)\Common Files\Oracle\Java\javapath;C:\WINDOWS\system32;C:\WINDOWS;C:\WINDOWS\System32\Wbem;C:\WINDOWS\System32\WindowsPowerShell\v1.0\;C:\WINDOWS\System32\OpenSSH\;C:\PathVerify;C:\Program Files (x86)\WiX Toolset v3.7\bin;C:\Program Files (x86)\Windows Kits\10\bin\10.0.17763.0\x64;C:\Program Files (x86)\Windows Kits\10\bin\x64;C:\Python27\;C:\Python27\Scripts;C:\Program Files\Git\cmd;C:\Program Files\Git\usr\bin;C:\Program Files\Git\mingw64\bin;C:\Program Files\Git\bin;C:\StoreBoxClientWindows;C:\Program Files\Electric Cloud\ElectricCommander\bin;C:\Program Files\WinRAR;C:\Program Files\7-Zip;C:\ProgramData\chocolatey\bin;C:\Users\Administrator\AppData\Local\Microsoft\WindowsApps;C:\Program Files (x86)\Microsoft Visual Studio\2017\Professional\Common7\IDE\CommonExtensions\Microsoft\CMake\CMake\bin;C:\Program Files (x86)\Microsoft Visual Studio\2017\Professional\Common7\IDE\CommonExtensions\Microsoft\CMake\Ninja
    
        Building with settings:
          Source directory          S:\jenkins\workspace\ecg-mayausd-branch-preflight-2019-no-ufe-windows\ecg-maya-usd\maya-usd
          Workspace directory       W:\
          Build directory           W:\build\RelWithDebInfo
          Install directory         W:\install\RelWithDebInfo\MayaUSD
          Variant                   RelWithDebInfo
          Python Debug              Off
          CMake generator           Ninja
          Build arguments           ['-DCMAKE_MAKE_PROGRAM=P:/shared/Artifactory/Windows/ninja/1.9.0/c68f192/ninja.exe', '-DPYTHON_INCLUDE_DIR=P:/shared/Artifactory/Windows/rundev-2019/202003131251/runtime/155eb96/runTime/include/Python2.7', '-DPython_EXECUTABLE=P:/shared/Artifactory/Windows/rundev-2019/202003131251/runtime/155eb96/runTime/bin/mayapy.exe', '-DPYTHON_LIBRARIES=P:/shared/Artifactory/Windows/rundev-2019/202003131251/runtime/155eb96/runTime/lib/python27.lib', '-DCMAKE_WANT_UFE_BUILD=OFF']
          Stages arguments          ['clean']
          CTest arguments           ['-E testUsdReferenceAssemblySelection|testUsdMayaAppDir|testUsdExportAsClip', '-LE interactive', '--parallel 16']
    Traceback (most recent call last):
      File "S:\jenkins\workspace\ecg-mayausd-branch-preflight-2019-no-ufe-windows\ecg-maya-usd\maya-usd\build.py", line 602, in <module>
        BuildAndInstall(context, context.buildArgs, context.stagesArgs)
      File "S:\jenkins\workspace\ecg-mayausd-branch-preflight-2019-no-ufe-windows\ecg-maya-usd\maya-usd\build.py", line 371, in BuildAndInstall
        RunCMake(context, extraArgs, stagesArgs)
      File "S:\jenkins\workspace\ecg-mayausd-branch-preflight-2019-no-ufe-windows\ecg-maya-usd\maya-usd\build.py", line 234, in RunCMake
        shutil.rmtree(buildDir, onerror=onerror)
      File "P:\shared\Artifactory\Windows\rundev-2019\202003131251\runtime\155eb96\runTime\bin\python27.zip\shutil.py", line 247, in rmtree
      File "P:\shared\Artifactory\Windows\rundev-2019\202003131251\runtime\155eb96\runTime\bin\python27.zip\shutil.py", line 247, in rmtree
      File "P:\shared\Artifactory\Windows\rundev-2019\202003131251\runtime\155eb96\runTime\bin\python27.zip\shutil.py", line 247, in rmtree
      File "P:\shared\Artifactory\Windows\rundev-2019\202003131251\runtime\155eb96\runTime\bin\python27.zip\shutil.py", line 247, in rmtree
      File "P:\shared\Artifactory\Windows\rundev-2019\202003131251\runtime\155eb96\runTime\bin\python27.zip\shutil.py", line 256, in rmtree
      File "P:\shared\Artifactory\Windows\rundev-2019\202003131251\runtime\155eb96\runTime\bin\python27.zip\shutil.py", line 254, in rmtree
    WindowsError: [Error 32] The process cannot access the file because it is being used by another process: 'W:\\build\\RelWithDebInfo\\test\\lib\\usd\\translators'
build.py: error: Command failed with error code: 1
Deleting subst P:
[Pipeline] }
[Pipeline] // withEnv
[Pipeline] }
[Pipeline] // stage
[Pipeline] }
[Pipeline] // timestamps
[Pipeline] }
[Pipeline] // timeout
[Pipeline] emailextrecipients
[Pipeline] echo
No recipients to send notification.
[Pipeline] }
[Pipeline] // node
[Pipeline] End of Pipeline
ERROR: script returned exit code 1
Finished: FAILURE
